<?xml version="1.0" encoding="UTF-8"?>
<robot generator="Robot 7.0.1 (Python 3.12.4 on linux)" generated="2024-07-27T18:20:05.110956" rpa="false" schemaversion="5">
<suite id="s1" name="Tests" source="/home/runner/work/ApiRandomUser/ApiRandomUser/RamdonUser/tests">
<suite id="s1-s1" name="Random-User-Test" source="/home/runner/work/ApiRandomUser/ApiRandomUser/RamdonUser/tests/random-user-test.robot">
<test id="s1-s1-t1" name="Conectar" line="13">
<kw name="Conectar API" owner="random-user-service">
<kw name="Create Session" owner="RequestsLibrary">
<msg time="2024-07-27T18:20:05.508949" level="INFO">Creating Session using : alias=consultarAPI, url=https://randomuser.me/, headers={},                     cookies={}, auth=None, timeout=None, proxies=None, verify=False,                     debug=0 </msg>
<arg>consultarAPI</arg>
<arg>${URL}</arg>
<doc>Create Session: create a HTTP session to a server</doc>
<status status="PASS" start="2024-07-27T18:20:05.508746" elapsed="0.000380"/>
</kw>
<status status="PASS" start="2024-07-27T18:20:05.507725" elapsed="0.001759"/>
</kw>
<status status="PASS" start="2024-07-27T18:20:05.507128" elapsed="0.002551"/>
</test>
<test id="s1-s1-t2" name="Validar retorno 200 e JSON Válido" line="16">
<kw name="Teste de Requisicao Basica" owner="random-user-service">
<kw name="GET On Session" owner="RequestsLibrary">
<msg time="2024-07-27T18:20:05.694644" level="INFO">GET Request : url=https://randomuser.me/api 
 path_url=/api 
 headers={'User-Agent': 'python-requests/2.32.3', 'Accept-Encoding': 'gzip, deflate', 'Accept': '*/*', 'Connection': 'keep-alive'} 
 body=None 
 </msg>
<msg time="2024-07-27T18:20:05.694800" level="INFO">GET Response : url=https://randomuser.me/api 
 status=200, reason=OK 
 headers={'Date': 'Sat, 27 Jul 2024 18:20:05 GMT', 'Content-Type': 'application/json; charset=utf-8', 'Transfer-Encoding': 'chunked', 'Connection': 'keep-alive', 'X-Powered-By': 'Express', 'Access-Control-Allow-Origin': '*', 'Cache-Control': 'no-cache', 'ETag': 'W/"48c-bDRpALykeEQVys6eWhUSkxvlSB0"', 'Vary': 'Accept-Encoding', 'Content-Encoding': 'gzip', 'CF-Cache-Status': 'DYNAMIC', 'Report-To': '{"endpoints":[{"url":"https:\\/\\/a.nel.cloudflare.com\\/report\\/v4?s=SGydH8ZnrOEZXcnOfaOGDoFWCnAquZHBnEahMieYoA8XdpHZ4PK8wlV7IUD%2B2jsDnE3KzS5oJ7TJkWogDloVR0X3OknXWOMMAm2JFPFMyp4Mhp8CFeEPz0LDVA30vko3"}],"group":"cf-nel","max_age":604800}', 'NEL': '{"success_fraction":0,"report_to":"cf-nel","max_age":604800}', 'Server': 'cloudflare', 'CF-RAY': '8a9ea4375fb70778-IAD', 'alt-svc': 'h3=":443"; ma=86400'} 
 body={"results":[{"gender":"female","name":{"title":"Madame","first":"Irene","last":"Blanc"},"location":{"street":{"number":1614,"name":"Rue Dubois"},"city":"Fétigny","state":"Uri","country":"Switzerland","postcode":4388,"coordinates":{"latitude":"-56.5384","longitude":"5.6112"},"timezone":{"offset":"+2:00","description":"Kaliningrad, South Africa"}},"email":"irene.blanc@example.com","login":{"uuid":"61382d4d-143e-42c9-b7a3-b5db4d65b0af","username":"bluepeacock412","password":"pheonix","salt":"qn3jVJoE","md5":"35062b435149932b36d1d98ffd14ebce","sha1":"a7b84f74199782279a6370a522dbb781a60526c8","sha256":"5223b19ff0c1248c646c6c19510a1e692cd3a8f6e75e531f0721502f1891020d"},"dob":{"date":"1994-01-28T22:04:12.378Z","age":30},"registered":{"date":"2017-04-29T07:41:42.067Z","age":7},"phone":"076 706 96 49","cell":"078 720 48 98","id":{"name":"AVS","value":"756.9544.9749.68"},"picture":{"large":"https://randomuser.me/api/portraits/women/27.jpg","medium":"https://randomuser.me/api/portraits/med/women/27.jpg","thumbnail":"https://randomuser.me/api/portraits/thumb/women/27.jpg"},"nat":"CH"}],"info":{"seed":"98f7203846157dc1","results":1,"page":1,"version":"1.4"}} 
 </msg>
<msg time="2024-07-27T18:20:05.694908" level="INFO">/opt/hostedtoolcache/Python/3.12.4/x64/lib/python3.12/site-packages/urllib3/connectionpool.py:1099: InsecureRequestWarning: Unverified HTTPS request is being made to host 'randomuser.me'. Adding certificate verification is strongly advised. See: https://urllib3.readthedocs.io/en/latest/advanced-usage.html#tls-warnings
  warnings.warn(</msg>
<msg time="2024-07-27T18:20:05.695067" level="INFO">${response} = &lt;Response [200]&gt;</msg>
<var>${response}</var>
<arg>consultarAPI</arg>
<arg>/api</arg>
<doc>Sends a GET request on a previously created HTTP Session.</doc>
<status status="PASS" start="2024-07-27T18:20:05.512355" elapsed="0.182758"/>
</kw>
<kw name="Should Be Equal As Numbers" owner="BuiltIn">
<msg time="2024-07-27T18:20:05.696164" level="INFO">Argument types are:
&lt;class 'int'&gt;
&lt;class 'str'&gt;</msg>
<arg>${response.status_code}</arg>
<arg>200</arg>
<doc>Fails if objects are unequal after converting them to real numbers.</doc>
<status status="PASS" start="2024-07-27T18:20:05.695648" elapsed="0.000584"/>
</kw>
<kw name="Log" owner="BuiltIn">
<msg time="2024-07-27T18:20:05.696955" level="INFO">200</msg>
<arg>${response.status_code}</arg>
<doc>Logs the given message with the given level.</doc>
<status status="PASS" start="2024-07-27T18:20:05.696589" elapsed="0.000408"/>
</kw>
<kw name="Set Variable" owner="BuiltIn">
<msg time="2024-07-27T18:20:05.697765" level="INFO">${json_data} = {'results': [{'gender': 'female', 'name': {'title': 'Madame', 'first': 'Irene', 'last': 'Blanc'}, 'location': {'street': {'number': 1614, 'name': 'Rue Dubois'}, 'city': 'Fétigny', 'state': 'Uri', 'cou...</msg>
<var>${json_data}</var>
<arg>${response.json()}</arg>
<doc>Returns the given values which can then be assigned to a variables.</doc>
<status status="PASS" start="2024-07-27T18:20:05.697310" elapsed="0.000484"/>
</kw>
<kw name="Dictionary Should Contain Key" owner="Collections">
<arg>${json_data}</arg>
<arg>results</arg>
<doc>Fails if ``key`` is not found from ``dictionary``.</doc>
<status status="PASS" start="2024-07-27T18:20:05.698106" elapsed="0.000331"/>
</kw>
<status status="PASS" start="2024-07-27T18:20:05.512110" elapsed="0.186485"/>
</kw>
<doc>Testa se a API responde corretamente e retorna um objeto JSON válido.</doc>
<tag>testeRequisicaoBasica</tag>
<status status="PASS" start="2024-07-27T18:20:05.511576" elapsed="0.187193"/>
</test>
<test id="s1-s1-t3" name="Validar estrutura de resposta" line="22">
<kw name="Teste de Estrutura de Resposta" owner="random-user-service">
<kw name="GET On Session" owner="RequestsLibrary">
<msg time="2024-07-27T18:20:05.794262" level="INFO">GET Request : url=https://randomuser.me/api 
 path_url=/api 
 headers={'User-Agent': 'python-requests/2.32.3', 'Accept-Encoding': 'gzip, deflate', 'Accept': '*/*', 'Connection': 'keep-alive'} 
 body=None 
 </msg>
<msg time="2024-07-27T18:20:05.794352" level="INFO">GET Response : url=https://randomuser.me/api 
 status=200, reason=OK 
 headers={'Date': 'Sat, 27 Jul 2024 18:20:05 GMT', 'Content-Type': 'application/json; charset=utf-8', 'Transfer-Encoding': 'chunked', 'Connection': 'keep-alive', 'X-Powered-By': 'Express', 'Access-Control-Allow-Origin': '*', 'Cache-Control': 'no-cache', 'ETag': 'W/"492-WXlE0HUp0FOM9L6ZL3IB/NAqpPo"', 'Vary': 'Accept-Encoding', 'Content-Encoding': 'gzip', 'CF-Cache-Status': 'DYNAMIC', 'Report-To': '{"endpoints":[{"url":"https:\\/\\/a.nel.cloudflare.com\\/report\\/v4?s=KpAuEh6VUdHXuEnwhfU32hTlyUobll02QzAOulT21K5bYQ%2FTk9pA65pgFWiESD9dr3vILvcWC7xF6ybko3Y8Gr4zvsoOWXXnsyg0yBrWAnfHURUsGdSLQcUcvgAHvkQp"}],"group":"cf-nel","max_age":604800}', 'NEL': '{"success_fraction":0,"report_to":"cf-nel","max_age":604800}', 'Server': 'cloudflare', 'CF-RAY': '8a9ea437a8020778-IAD', 'alt-svc': 'h3=":443"; ma=86400'} 
 body={"results":[{"gender":"female","name":{"title":"Ms","first":"Rebeca","last":"Costa"},"location":{"street":{"number":6696,"name":"Avenida D. Pedro Ii"},"city":"Indaiatuba","state":"Rio Grande do Norte","country":"Brazil","postcode":73604,"coordinates":{"latitude":"-73.3119","longitude":"128.1870"},"timezone":{"offset":"-10:00","description":"Hawaii"}},"email":"rebeca.costa@example.com","login":{"uuid":"c3c1a06b-bcc1-4b0f-bbe1-65651229689e","username":"biggorilla413","password":"triangle","salt":"YYgSa7CQ","md5":"3107f41009c549e500582a73bb039544","sha1":"d27962845830eb5fd8cd15c08d2f371ca0966a6f","sha256":"fa13b55d040342a610e3df740d81af2fbe6c3afb4fc6146129dbb7b40c05b31e"},"dob":{"date":"1968-09-16T10:58:07.318Z","age":55},"registered":{"date":"2009-09-22T03:32:29.538Z","age":14},"phone":"(11) 5455-8381","cell":"(47) 1465-7783","id":{"name":"CPF","value":"834.774.756-68"},"picture":{"large":"https://randomuser.me/api/portraits/women/10.jpg","medium":"https://randomuser.me/api/portraits/med/women/10.jpg","thumbnail":"https://randomuser.me/api/portraits/thumb/women/10.jpg"},"nat":"BR"}],"info":{"seed":"864370a95f89df25","results":1,"page":1,"version":"1.4"}} 
 </msg>
<msg time="2024-07-27T18:20:05.794484" level="INFO">/opt/hostedtoolcache/Python/3.12.4/x64/lib/python3.12/site-packages/urllib3/connectionpool.py:1099: InsecureRequestWarning: Unverified HTTPS request is being made to host 'randomuser.me'. Adding certificate verification is strongly advised. See: https://urllib3.readthedocs.io/en/latest/advanced-usage.html#tls-warnings
  warnings.warn(</msg>
<msg time="2024-07-27T18:20:05.794596" level="INFO">${response} = &lt;Response [200]&gt;</msg>
<var>${response}</var>
<arg>consultarAPI</arg>
<arg>/api</arg>
<doc>Sends a GET request on a previously created HTTP Session.</doc>
<status status="PASS" start="2024-07-27T18:20:05.701776" elapsed="0.092847"/>
</kw>
<kw name="Set Variable" owner="BuiltIn">
<msg time="2024-07-27T18:20:05.795510" level="INFO">${json_data} = {'results': [{'gender': 'female', 'name': {'title': 'Ms', 'first': 'Rebeca', 'last': 'Costa'}, 'location': {'street': {'number': 6696, 'name': 'Avenida D. Pedro Ii'}, 'city': 'Indaiatuba', 'state': 'R...</msg>
<var>${json_data}</var>
<arg>${response.json()}</arg>
<doc>Returns the given values which can then be assigned to a variables.</doc>
<status status="PASS" start="2024-07-27T18:20:05.795041" elapsed="0.000498"/>
</kw>
<kw name="Log" owner="BuiltIn">
<msg time="2024-07-27T18:20:05.796004" level="INFO">{'results': [{'gender': 'female', 'name': {'title': 'Ms', 'first': 'Rebeca', 'last': 'Costa'}, 'location': {'street': {'number': 6696, 'name': 'Avenida D. Pedro Ii'}, 'city': 'Indaiatuba', 'state': 'Rio Grande do Norte', 'country': 'Brazil', 'postcode': 73604, 'coordinates': {'latitude': '-73.3119', 'longitude': '128.1870'}, 'timezone': {'offset': '-10:00', 'description': 'Hawaii'}}, 'email': 'rebeca.costa@example.com', 'login': {'uuid': 'c3c1a06b-bcc1-4b0f-bbe1-65651229689e', 'username': 'biggorilla413', 'password': 'triangle', 'salt': 'YYgSa7CQ', 'md5': '3107f41009c549e500582a73bb039544', 'sha1': 'd27962845830eb5fd8cd15c08d2f371ca0966a6f', 'sha256': 'fa13b55d040342a610e3df740d81af2fbe6c3afb4fc6146129dbb7b40c05b31e'}, 'dob': {'date': '1968-09-16T10:58:07.318Z', 'age': 55}, 'registered': {'date': '2009-09-22T03:32:29.538Z', 'age': 14}, 'phone': '(11) 5455-8381', 'cell': '(47) 1465-7783', 'id': {'name': 'CPF', 'value': '834.774.756-68'}, 'picture': {'large': 'https://randomuser.me/api/portraits/women/10.jpg', 'medium': 'https://randomuser.me/api/portraits/med/women/10.jpg', 'thumbnail': 'https://randomuser.me/api/portraits/thumb/women/10.jpg'}, 'nat': 'BR'}], 'info': {'seed': '864370a95f89df25', 'results': 1, 'page': 1, 'version': '1.4'}}</msg>
<arg>${json_data}</arg>
<doc>Logs the given message with the given level.</doc>
<status status="PASS" start="2024-07-27T18:20:05.795842" elapsed="0.000210"/>
</kw>
<kw name="Dictionary Should Contain Key" owner="Collections">
<arg>${json_data}</arg>
<arg>results</arg>
<doc>Fails if ``key`` is not found from ``dictionary``.</doc>
<status status="PASS" start="2024-07-27T18:20:05.796346" elapsed="0.000165"/>
</kw>
<kw name="Should Not Be Empty" owner="BuiltIn">
<msg time="2024-07-27T18:20:05.796821" level="INFO">Length is 2.</msg>
<arg>${json_data}</arg>
<doc>Verifies that the given item is not empty.</doc>
<status status="PASS" start="2024-07-27T18:20:05.796695" elapsed="0.000165"/>
</kw>
<kw name="Create List" owner="BuiltIn">
<msg time="2024-07-27T18:20:05.797292" level="INFO">${expected_keys} = ['gender', 'name', 'location', 'email', 'login']</msg>
<var>${expected_keys}</var>
<arg>gender</arg>
<arg>name</arg>
<arg>location</arg>
<arg>email</arg>
<arg>login</arg>
<doc>Returns a list containing given items.</doc>
<status status="PASS" start="2024-07-27T18:20:05.797143" elapsed="0.000173"/>
</kw>
<for flavor="IN">
<iter>
<kw name="Dictionary Should Contain Key" owner="Collections">
<arg>${json_data['results'][0]}</arg>
<arg>${key}</arg>
<doc>Fails if ``key`` is not found from ``dictionary``.</doc>
<status status="PASS" start="2024-07-27T18:20:05.797886" elapsed="0.000410"/>
</kw>
<kw name="Log" owner="BuiltIn">
<msg time="2024-07-27T18:20:05.798849" level="INFO">{'gender': 'female', 'name': {'title': 'Ms', 'first': 'Rebeca', 'last': 'Costa'}, 'location': {'street': {'number': 6696, 'name': 'Avenida D. Pedro Ii'}, 'city': 'Indaiatuba', 'state': 'Rio Grande do Norte', 'country': 'Brazil', 'postcode': 73604, 'coordinates': {'latitude': '-73.3119', 'longitude': '128.1870'}, 'timezone': {'offset': '-10:00', 'description': 'Hawaii'}}, 'email': 'rebeca.costa@example.com', 'login': {'uuid': 'c3c1a06b-bcc1-4b0f-bbe1-65651229689e', 'username': 'biggorilla413', 'password': 'triangle', 'salt': 'YYgSa7CQ', 'md5': '3107f41009c549e500582a73bb039544', 'sha1': 'd27962845830eb5fd8cd15c08d2f371ca0966a6f', 'sha256': 'fa13b55d040342a610e3df740d81af2fbe6c3afb4fc6146129dbb7b40c05b31e'}, 'dob': {'date': '1968-09-16T10:58:07.318Z', 'age': 55}, 'registered': {'date': '2009-09-22T03:32:29.538Z', 'age': 14}, 'phone': '(11) 5455-8381', 'cell': '(47) 1465-7783', 'id': {'name': 'CPF', 'value': '834.774.756-68'}, 'picture': {'large': 'https://randomuser.me/api/portraits/women/10.jpg', 'medium': 'https://randomuser.me/api/portraits/med/women/10.jpg', 'thumbnail': 'https://randomuser.me/api/portraits/thumb/women/10.jpg'}, 'nat': 'BR'}</msg>
<arg>${json_data['results'][0]}</arg>
<doc>Logs the given message with the given level.</doc>
<status status="PASS" start="2024-07-27T18:20:05.798489" elapsed="0.000447"/>
</kw>
<kw name="Log" owner="BuiltIn">
<msg time="2024-07-27T18:20:05.799383" level="INFO">gender</msg>
<arg>${key}</arg>
<doc>Logs the given message with the given level.</doc>
<status status="PASS" start="2024-07-27T18:20:05.799255" elapsed="0.000167"/>
</kw>
<var name="${key}">gender</var>
<status status="PASS" start="2024-07-27T18:20:05.797761" elapsed="0.001880"/>
</iter>
<iter>
<kw name="Dictionary Should Contain Key" owner="Collections">
<arg>${json_data['results'][0]}</arg>
<arg>${key}</arg>
<doc>Fails if ``key`` is not found from ``dictionary``.</doc>
<status status="PASS" start="2024-07-27T18:20:05.799938" elapsed="0.000390"/>
</kw>
<kw name="Log" owner="BuiltIn">
<msg time="2024-07-27T18:20:05.800870" level="INFO">{'gender': 'female', 'name': {'title': 'Ms', 'first': 'Rebeca', 'last': 'Costa'}, 'location': {'street': {'number': 6696, 'name': 'Avenida D. Pedro Ii'}, 'city': 'Indaiatuba', 'state': 'Rio Grande do Norte', 'country': 'Brazil', 'postcode': 73604, 'coordinates': {'latitude': '-73.3119', 'longitude': '128.1870'}, 'timezone': {'offset': '-10:00', 'description': 'Hawaii'}}, 'email': 'rebeca.costa@example.com', 'login': {'uuid': 'c3c1a06b-bcc1-4b0f-bbe1-65651229689e', 'username': 'biggorilla413', 'password': 'triangle', 'salt': 'YYgSa7CQ', 'md5': '3107f41009c549e500582a73bb039544', 'sha1': 'd27962845830eb5fd8cd15c08d2f371ca0966a6f', 'sha256': 'fa13b55d040342a610e3df740d81af2fbe6c3afb4fc6146129dbb7b40c05b31e'}, 'dob': {'date': '1968-09-16T10:58:07.318Z', 'age': 55}, 'registered': {'date': '2009-09-22T03:32:29.538Z', 'age': 14}, 'phone': '(11) 5455-8381', 'cell': '(47) 1465-7783', 'id': {'name': 'CPF', 'value': '834.774.756-68'}, 'picture': {'large': 'https://randomuser.me/api/portraits/women/10.jpg', 'medium': 'https://randomuser.me/api/portraits/med/women/10.jpg', 'thumbnail': 'https://randomuser.me/api/portraits/thumb/women/10.jpg'}, 'nat': 'BR'}</msg>
<arg>${json_data['results'][0]}</arg>
<doc>Logs the given message with the given level.</doc>
<status status="PASS" start="2024-07-27T18:20:05.800511" elapsed="0.000439"/>
</kw>
<kw name="Log" owner="BuiltIn">
<msg time="2024-07-27T18:20:05.801372" level="INFO">name</msg>
<arg>${key}</arg>
<doc>Logs the given message with the given level.</doc>
<status status="PASS" start="2024-07-27T18:20:05.801244" elapsed="0.000171"/>
</kw>
<var name="${key}">name</var>
<status status="PASS" start="2024-07-27T18:20:05.799827" elapsed="0.001806"/>
</iter>
<iter>
<kw name="Dictionary Should Contain Key" owner="Collections">
<arg>${json_data['results'][0]}</arg>
<arg>${key}</arg>
<doc>Fails if ``key`` is not found from ``dictionary``.</doc>
<status status="PASS" start="2024-07-27T18:20:05.801926" elapsed="0.000383"/>
</kw>
<kw name="Log" owner="BuiltIn">
<msg time="2024-07-27T18:20:05.802853" level="INFO">{'gender': 'female', 'name': {'title': 'Ms', 'first': 'Rebeca', 'last': 'Costa'}, 'location': {'street': {'number': 6696, 'name': 'Avenida D. Pedro Ii'}, 'city': 'Indaiatuba', 'state': 'Rio Grande do Norte', 'country': 'Brazil', 'postcode': 73604, 'coordinates': {'latitude': '-73.3119', 'longitude': '128.1870'}, 'timezone': {'offset': '-10:00', 'description': 'Hawaii'}}, 'email': 'rebeca.costa@example.com', 'login': {'uuid': 'c3c1a06b-bcc1-4b0f-bbe1-65651229689e', 'username': 'biggorilla413', 'password': 'triangle', 'salt': 'YYgSa7CQ', 'md5': '3107f41009c549e500582a73bb039544', 'sha1': 'd27962845830eb5fd8cd15c08d2f371ca0966a6f', 'sha256': 'fa13b55d040342a610e3df740d81af2fbe6c3afb4fc6146129dbb7b40c05b31e'}, 'dob': {'date': '1968-09-16T10:58:07.318Z', 'age': 55}, 'registered': {'date': '2009-09-22T03:32:29.538Z', 'age': 14}, 'phone': '(11) 5455-8381', 'cell': '(47) 1465-7783', 'id': {'name': 'CPF', 'value': '834.774.756-68'}, 'picture': {'large': 'https://randomuser.me/api/portraits/women/10.jpg', 'medium': 'https://randomuser.me/api/portraits/med/women/10.jpg', 'thumbnail': 'https://randomuser.me/api/portraits/thumb/women/10.jpg'}, 'nat': 'BR'}</msg>
<arg>${json_data['results'][0]}</arg>
<doc>Logs the given message with the given level.</doc>
<status status="PASS" start="2024-07-27T18:20:05.802506" elapsed="0.000417"/>
</kw>
<kw name="Log" owner="BuiltIn">
<msg time="2024-07-27T18:20:05.803359" level="INFO">location</msg>
<arg>${key}</arg>
<doc>Logs the given message with the given level.</doc>
<status status="PASS" start="2024-07-27T18:20:05.803231" elapsed="0.000165"/>
</kw>
<var name="${key}">location</var>
<status status="PASS" start="2024-07-27T18:20:05.801819" elapsed="0.001792"/>
</iter>
<iter>
<kw name="Dictionary Should Contain Key" owner="Collections">
<arg>${json_data['results'][0]}</arg>
<arg>${key}</arg>
<doc>Fails if ``key`` is not found from ``dictionary``.</doc>
<status status="PASS" start="2024-07-27T18:20:05.803888" elapsed="0.000389"/>
</kw>
<kw name="Log" owner="BuiltIn">
<msg time="2024-07-27T18:20:05.804924" level="INFO">{'gender': 'female', 'name': {'title': 'Ms', 'first': 'Rebeca', 'last': 'Costa'}, 'location': {'street': {'number': 6696, 'name': 'Avenida D. Pedro Ii'}, 'city': 'Indaiatuba', 'state': 'Rio Grande do Norte', 'country': 'Brazil', 'postcode': 73604, 'coordinates': {'latitude': '-73.3119', 'longitude': '128.1870'}, 'timezone': {'offset': '-10:00', 'description': 'Hawaii'}}, 'email': 'rebeca.costa@example.com', 'login': {'uuid': 'c3c1a06b-bcc1-4b0f-bbe1-65651229689e', 'username': 'biggorilla413', 'password': 'triangle', 'salt': 'YYgSa7CQ', 'md5': '3107f41009c549e500582a73bb039544', 'sha1': 'd27962845830eb5fd8cd15c08d2f371ca0966a6f', 'sha256': 'fa13b55d040342a610e3df740d81af2fbe6c3afb4fc6146129dbb7b40c05b31e'}, 'dob': {'date': '1968-09-16T10:58:07.318Z', 'age': 55}, 'registered': {'date': '2009-09-22T03:32:29.538Z', 'age': 14}, 'phone': '(11) 5455-8381', 'cell': '(47) 1465-7783', 'id': {'name': 'CPF', 'value': '834.774.756-68'}, 'picture': {'large': 'https://randomuser.me/api/portraits/women/10.jpg', 'medium': 'https://randomuser.me/api/portraits/med/women/10.jpg', 'thumbnail': 'https://randomuser.me/api/portraits/thumb/women/10.jpg'}, 'nat': 'BR'}</msg>
<arg>${json_data['results'][0]}</arg>
<doc>Logs the given message with the given level.</doc>
<status status="PASS" start="2024-07-27T18:20:05.804571" elapsed="0.000403"/>
</kw>
<kw name="Log" owner="BuiltIn">
<msg time="2024-07-27T18:20:05.805394" level="INFO">email</msg>
<arg>${key}</arg>
<doc>Logs the given message with the given level.</doc>
<status status="PASS" start="2024-07-27T18:20:05.805266" elapsed="0.000167"/>
</kw>
<var name="${key}">email</var>
<status status="PASS" start="2024-07-27T18:20:05.803784" elapsed="0.001866"/>
</iter>
<iter>
<kw name="Dictionary Should Contain Key" owner="Collections">
<arg>${json_data['results'][0]}</arg>
<arg>${key}</arg>
<doc>Fails if ``key`` is not found from ``dictionary``.</doc>
<status status="PASS" start="2024-07-27T18:20:05.805930" elapsed="0.000376"/>
</kw>
<kw name="Log" owner="BuiltIn">
<msg time="2024-07-27T18:20:05.806838" level="INFO">{'gender': 'female', 'name': {'title': 'Ms', 'first': 'Rebeca', 'last': 'Costa'}, 'location': {'street': {'number': 6696, 'name': 'Avenida D. Pedro Ii'}, 'city': 'Indaiatuba', 'state': 'Rio Grande do Norte', 'country': 'Brazil', 'postcode': 73604, 'coordinates': {'latitude': '-73.3119', 'longitude': '128.1870'}, 'timezone': {'offset': '-10:00', 'description': 'Hawaii'}}, 'email': 'rebeca.costa@example.com', 'login': {'uuid': 'c3c1a06b-bcc1-4b0f-bbe1-65651229689e', 'username': 'biggorilla413', 'password': 'triangle', 'salt': 'YYgSa7CQ', 'md5': '3107f41009c549e500582a73bb039544', 'sha1': 'd27962845830eb5fd8cd15c08d2f371ca0966a6f', 'sha256': 'fa13b55d040342a610e3df740d81af2fbe6c3afb4fc6146129dbb7b40c05b31e'}, 'dob': {'date': '1968-09-16T10:58:07.318Z', 'age': 55}, 'registered': {'date': '2009-09-22T03:32:29.538Z', 'age': 14}, 'phone': '(11) 5455-8381', 'cell': '(47) 1465-7783', 'id': {'name': 'CPF', 'value': '834.774.756-68'}, 'picture': {'large': 'https://randomuser.me/api/portraits/women/10.jpg', 'medium': 'https://randomuser.me/api/portraits/med/women/10.jpg', 'thumbnail': 'https://randomuser.me/api/portraits/thumb/women/10.jpg'}, 'nat': 'BR'}</msg>
<arg>${json_data['results'][0]}</arg>
<doc>Logs the given message with the given level.</doc>
<status status="PASS" start="2024-07-27T18:20:05.806485" elapsed="0.000435"/>
</kw>
<kw name="Log" owner="BuiltIn">
<msg time="2024-07-27T18:20:05.807353" level="INFO">login</msg>
<arg>${key}</arg>
<doc>Logs the given message with the given level.</doc>
<status status="PASS" start="2024-07-27T18:20:05.807226" elapsed="0.000164"/>
</kw>
<var name="${key}">login</var>
<status status="PASS" start="2024-07-27T18:20:05.805822" elapsed="0.001781"/>
</iter>
<var>${key}</var>
<value>@{expected_keys}</value>
<status status="PASS" start="2024-07-27T18:20:05.797577" elapsed="0.010146"/>
</for>
<kw name="Create List" owner="BuiltIn">
<msg time="2024-07-27T18:20:05.808044" level="INFO">${expected_keysTwo} = ['username', 'password']</msg>
<var>${expected_keysTwo}</var>
<arg>username</arg>
<arg>password</arg>
<doc>Returns a list containing given items.</doc>
<status status="PASS" start="2024-07-27T18:20:05.807911" elapsed="0.000184"/>
</kw>
<for flavor="IN">
<iter>
<kw name="Dictionary Should Contain Key" owner="Collections">
<arg>${json_data['results'][0]['login']}</arg>
<arg>${keyTwo}</arg>
<doc>Fails if ``key`` is not found from ``dictionary``.</doc>
<status status="PASS" start="2024-07-27T18:20:05.808591" elapsed="0.000386"/>
</kw>
<kw name="Dictionary Should Contain Key" owner="Collections">
<arg>${json_data['results'][0]['login']}</arg>
<arg>${keyTwo}</arg>
<doc>Fails if ``key`` is not found from ``dictionary``.</doc>
<status status="PASS" start="2024-07-27T18:20:05.809158" elapsed="0.000374"/>
</kw>
<kw name="Log" owner="BuiltIn">
<msg time="2024-07-27T18:20:05.809830" level="INFO">username</msg>
<arg>${keyTwo}</arg>
<doc>Logs the given message with the given level.</doc>
<status status="PASS" start="2024-07-27T18:20:05.809709" elapsed="0.000158"/>
</kw>
<var name="${keyTwo}">username</var>
<status status="PASS" start="2024-07-27T18:20:05.808483" elapsed="0.001602"/>
</iter>
<iter>
<kw name="Dictionary Should Contain Key" owner="Collections">
<arg>${json_data['results'][0]['login']}</arg>
<arg>${keyTwo}</arg>
<doc>Fails if ``key`` is not found from ``dictionary``.</doc>
<status status="PASS" start="2024-07-27T18:20:05.810371" elapsed="0.000388"/>
</kw>
<kw name="Dictionary Should Contain Key" owner="Collections">
<arg>${json_data['results'][0]['login']}</arg>
<arg>${keyTwo}</arg>
<doc>Fails if ``key`` is not found from ``dictionary``.</doc>
<status status="PASS" start="2024-07-27T18:20:05.810963" elapsed="0.000369"/>
</kw>
<kw name="Log" owner="BuiltIn">
<msg time="2024-07-27T18:20:05.811638" level="INFO">password</msg>
<arg>${keyTwo}</arg>
<doc>Logs the given message with the given level.</doc>
<status status="PASS" start="2024-07-27T18:20:05.811511" elapsed="0.000164"/>
</kw>
<var name="${keyTwo}">password</var>
<status status="PASS" start="2024-07-27T18:20:05.810256" elapsed="0.001637"/>
</iter>
<var>${keyTwo}</var>
<value>@{expected_keysTwo}</value>
<status status="PASS" start="2024-07-27T18:20:05.808334" elapsed="0.003679"/>
</for>
<status status="PASS" start="2024-07-27T18:20:05.701423" elapsed="0.110735"/>
</kw>
<doc>Testa a estrutura da resposta da API.</doc>
<tag>testeEstruturaResposta</tag>
<status status="PASS" start="2024-07-27T18:20:05.700642" elapsed="0.111672"/>
</test>
<test id="s1-s1-t4" name="Validar tipos de dados" line="28">
<kw name="Teste de Tipos de Dados" owner="random-user-service">
<kw name="GET On Session" owner="RequestsLibrary">
<msg time="2024-07-27T18:20:05.884091" level="INFO">GET Request : url=https://randomuser.me/api 
 path_url=/api 
 headers={'User-Agent': 'python-requests/2.32.3', 'Accept-Encoding': 'gzip, deflate', 'Accept': '*/*', 'Connection': 'keep-alive'} 
 body=None 
 </msg>
<msg time="2024-07-27T18:20:05.884167" level="INFO">GET Response : url=https://randomuser.me/api 
 status=200, reason=OK 
 headers={'Date': 'Sat, 27 Jul 2024 18:20:05 GMT', 'Content-Type': 'application/json; charset=utf-8', 'Transfer-Encoding': 'chunked', 'Connection': 'keep-alive', 'X-Powered-By': 'Express', 'Access-Control-Allow-Origin': '*', 'Cache-Control': 'no-cache', 'ETag': 'W/"48b-BbFvPKewxW/xNBZ34OB0NRMmjFk"', 'Vary': 'Accept-Encoding', 'Content-Encoding': 'gzip', 'CF-Cache-Status': 'DYNAMIC', 'Report-To': '{"endpoints":[{"url":"https:\\/\\/a.nel.cloudflare.com\\/report\\/v4?s=pDKPQQP2ahoXp901RZSCiLdHtHF33BLA7Urc6O2j%2FFOk1%2BvXgeH76DiNmCmo%2FuXcgMgcCNojzGgCn9Fj8vojVkHmQC9YdZLz1IZ%2FowyrkBFRXtIm%2B5xR68fEUpcz0OqP"}],"group":"cf-nel","max_age":604800}', 'NEL': '{"success_fraction":0,"report_to":"cf-nel","max_age":604800}', 'Server': 'cloudflare', 'CF-RAY': '8a9ea438589b0778-IAD', 'alt-svc': 'h3=":443"; ma=86400'} 
 body={"results":[{"gender":"male","name":{"title":"Mr","first":"Bruce","last":"Silveira"},"location":{"street":{"number":1769,"name":"Rua Treze "},"city":"Santa Rita","state":"Ceará","country":"Brazil","postcode":60507,"coordinates":{"latitude":"-75.8228","longitude":"-114.1124"},"timezone":{"offset":"-3:00","description":"Brazil, Buenos Aires, Georgetown"}},"email":"bruce.silveira@example.com","login":{"uuid":"3e52dc38-b90d-4064-81e2-90fb54b99217","username":"tinydog654","password":"alexa","salt":"RJcZaypa","md5":"de5071607db7fef176055389f5fcfe69","sha1":"f029b41d8060011e2870f6aac2f88c6b7786fa0c","sha256":"2868ce91edd4f9122331c9f480e6a722e203690647d25927b046775311d238f8"},"dob":{"date":"1945-05-23T13:38:31.826Z","age":79},"registered":{"date":"2022-03-07T18:11:20.704Z","age":2},"phone":"(32) 7651-0424","cell":"(40) 8579-9140","id":{"name":"CPF","value":"316.857.703-08"},"picture":{"large":"https://randomuser.me/api/portraits/men/70.jpg","medium":"https://randomuser.me/api/portraits/med/men/70.jpg","thumbnail":"https://randomuser.me/api/portraits/thumb/men/70.jpg"},"nat":"BR"}],"info":{"seed":"5bf591cf8a73e851","results":1,"page":1,"version":"1.4"}} 
 </msg>
<msg time="2024-07-27T18:20:05.884239" level="INFO">/opt/hostedtoolcache/Python/3.12.4/x64/lib/python3.12/site-packages/urllib3/connectionpool.py:1099: InsecureRequestWarning: Unverified HTTPS request is being made to host 'randomuser.me'. Adding certificate verification is strongly advised. See: https://urllib3.readthedocs.io/en/latest/advanced-usage.html#tls-warnings
  warnings.warn(</msg>
<msg time="2024-07-27T18:20:05.884341" level="INFO">${response} = &lt;Response [200]&gt;</msg>
<var>${response}</var>
<arg>consultarAPI</arg>
<arg>/api</arg>
<doc>Sends a GET request on a previously created HTTP Session.</doc>
<status status="PASS" start="2024-07-27T18:20:05.814692" elapsed="0.069685"/>
</kw>
<kw name="Set Variable" owner="BuiltIn">
<msg time="2024-07-27T18:20:05.885271" level="INFO">${json_data} = {'results': [{'gender': 'male', 'name': {'title': 'Mr', 'first': 'Bruce', 'last': 'Silveira'}, 'location': {'street': {'number': 1769, 'name': 'Rua Treze '}, 'city': 'Santa Rita', 'state': 'Ceará', 'c...</msg>
<var>${json_data}</var>
<arg>${response.json()}</arg>
<doc>Returns the given values which can then be assigned to a variables.</doc>
<status status="PASS" start="2024-07-27T18:20:05.884816" elapsed="0.000483"/>
</kw>
<kw name="Log" owner="BuiltIn">
<msg time="2024-07-27T18:20:05.885757" level="INFO">{'results': [{'gender': 'male', 'name': {'title': 'Mr', 'first': 'Bruce', 'last': 'Silveira'}, 'location': {'street': {'number': 1769, 'name': 'Rua Treze '}, 'city': 'Santa Rita', 'state': 'Ceará', 'country': 'Brazil', 'postcode': 60507, 'coordinates': {'latitude': '-75.8228', 'longitude': '-114.1124'}, 'timezone': {'offset': '-3:00', 'description': 'Brazil, Buenos Aires, Georgetown'}}, 'email': 'bruce.silveira@example.com', 'login': {'uuid': '3e52dc38-b90d-4064-81e2-90fb54b99217', 'username': 'tinydog654', 'password': 'alexa', 'salt': 'RJcZaypa', 'md5': 'de5071607db7fef176055389f5fcfe69', 'sha1': 'f029b41d8060011e2870f6aac2f88c6b7786fa0c', 'sha256': '2868ce91edd4f9122331c9f480e6a722e203690647d25927b046775311d238f8'}, 'dob': {'date': '1945-05-23T13:38:31.826Z', 'age': 79}, 'registered': {'date': '2022-03-07T18:11:20.704Z', 'age': 2}, 'phone': '(32) 7651-0424', 'cell': '(40) 8579-9140', 'id': {'name': 'CPF', 'value': '316.857.703-08'}, 'picture': {'large': 'https://randomuser.me/api/portraits/men/70.jpg', 'medium': 'https://randomuser.me/api/portraits/med/men/70.jpg', 'thumbnail': 'https://randomuser.me/api/portraits/thumb/men/70.jpg'}, 'nat': 'BR'}], 'info': {'seed': '5bf591cf8a73e851', 'results': 1, 'page': 1, 'version': '1.4'}}</msg>
<arg>${json_data}</arg>
<doc>Logs the given message with the given level.</doc>
<status status="PASS" start="2024-07-27T18:20:05.885602" elapsed="0.000204"/>
</kw>
<kw name="Should Be String" owner="String">
<arg>${json_data['results'][0]['gender']}</arg>
<doc>Fails if the given ``item`` is not a string.</doc>
<status status="PASS" start="2024-07-27T18:20:05.886097" elapsed="0.000364"/>
</kw>
<kw name="Should Match Regexp" owner="BuiltIn">
<arg>${json_data['results'][0]['email']}</arg>
<arg>^[a-zA-Z0-9._%+-]+@[a-zA-Z0-9.-]+\.[a-zA-Z]{2,}$</arg>
<doc>Fails if ``string`` does not match ``pattern`` as a regular expression.</doc>
<status status="PASS" start="2024-07-27T18:20:05.886647" elapsed="0.000567"/>
</kw>
<kw name="Should Match Regexp" owner="BuiltIn">
<arg>${json_data['results'][0]['dob']['date']}</arg>
<arg>\\d{4}-\\d{2}-\\d{2}T\\d{2}:\\d{2}:\\d{2}\\.\\d{3}Z</arg>
<doc>Fails if ``string`` does not match ``pattern`` as a regular expression.</doc>
<status status="PASS" start="2024-07-27T18:20:05.887441" elapsed="0.000595"/>
</kw>
<kw name="Should Match Regexp" owner="BuiltIn">
<arg>${json_data['results'][0]['registered']['date']}</arg>
<arg>\\d{4}-\\d{2}-\\d{2}T\\d{2}:\\d{2}:\\d{2}\\.\\d{3}Z</arg>
<doc>Fails if ``string`` does not match ``pattern`` as a regular expression.</doc>
<status status="PASS" start="2024-07-27T18:20:05.888230" elapsed="0.000373"/>
</kw>
<kw name="Should Match Regexp" owner="BuiltIn">
<arg>${json_data['results'][0]['picture']['large']}</arg>
<arg>^https?://.*\.(?:png|jpe?g|gif|bmp)$</arg>
<doc>Fails if ``string`` does not match ``pattern`` as a regular expression.</doc>
<status status="PASS" start="2024-07-27T18:20:05.888787" elapsed="0.000464"/>
</kw>
<kw name="Should Match Regexp" owner="BuiltIn">
<arg>${json_data['results'][0]['picture']['medium']}</arg>
<arg>^https?://.*\.(?:png|jpe?g|gif|bmp)$</arg>
<doc>Fails if ``string`` does not match ``pattern`` as a regular expression.</doc>
<status status="PASS" start="2024-07-27T18:20:05.889437" elapsed="0.000352"/>
</kw>
<kw name="Should Match Regexp" owner="BuiltIn">
<arg>${json_data['results'][0]['picture']['thumbnail']}</arg>
<arg>^https?://.*\.(?:png|jpe?g|gif|bmp)$</arg>
<doc>Fails if ``string`` does not match ``pattern`` as a regular expression.</doc>
<status status="PASS" start="2024-07-27T18:20:05.889973" elapsed="0.000349"/>
</kw>
<kw name="Log" owner="BuiltIn">
<msg time="2024-07-27T18:20:05.890837" level="INFO">{'large': 'https://randomuser.me/api/portraits/men/70.jpg', 'medium': 'https://randomuser.me/api/portraits/med/men/70.jpg', 'thumbnail': 'https://randomuser.me/api/portraits/thumb/men/70.jpg'}</msg>
<arg>${json_data['results'][0]['picture']}</arg>
<doc>Logs the given message with the given level.</doc>
<status status="PASS" start="2024-07-27T18:20:05.890503" elapsed="0.000395"/>
</kw>
<status status="PASS" start="2024-07-27T18:20:05.814473" elapsed="0.076692"/>
</kw>
<kw name="Teste de Tipos de Dados - Postcode" owner="random-user-service">
<kw name="GET On Session" owner="RequestsLibrary">
<msg time="2024-07-27T18:20:05.992030" level="INFO">GET Request : url=https://randomuser.me/api 
 path_url=/api 
 headers={'User-Agent': 'python-requests/2.32.3', 'Accept-Encoding': 'gzip, deflate', 'Accept': '*/*', 'Connection': 'keep-alive'} 
 body=None 
 </msg>
<msg time="2024-07-27T18:20:05.992106" level="INFO">GET Response : url=https://randomuser.me/api 
 status=200, reason=OK 
 headers={'Date': 'Sat, 27 Jul 2024 18:20:05 GMT', 'Content-Type': 'application/json; charset=utf-8', 'Transfer-Encoding': 'chunked', 'Connection': 'keep-alive', 'X-Powered-By': 'Express', 'Access-Control-Allow-Origin': '*', 'Cache-Control': 'no-cache', 'ETag': 'W/"489-1dtWP/f9CCJD9GLVxv1t00DcVtA"', 'Vary': 'Accept-Encoding', 'Content-Encoding': 'gzip', 'CF-Cache-Status': 'DYNAMIC', 'Report-To': '{"endpoints":[{"url":"https:\\/\\/a.nel.cloudflare.com\\/report\\/v4?s=fuopiCX%2BnorvSFY0qW91AA7SowpPqcmLsFLHub2njE3e8N8pK1ekLPDXKzobNENaEAVaV8cTeEORuLeJXlQUO8sL5YQH72jHftj6F3m%2BO5vabo8rvyhSQ1NuajQkvQfh"}],"group":"cf-nel","max_age":604800}', 'NEL': '{"success_fraction":0,"report_to":"cf-nel","max_age":604800}', 'Server': 'cloudflare', 'CF-RAY': '8a9ea438d9140778-IAD', 'alt-svc': 'h3=":443"; ma=86400'} 
 body={"results":[{"gender":"male","name":{"title":"Mr","first":"Marco Antonio","last":"Zavala"},"location":{"street":{"number":5109,"name":"Privada Sur Arellano"},"city":"Amatepec","state":"Morelos","country":"Mexico","postcode":43818,"coordinates":{"latitude":"24.0253","longitude":"-63.9387"},"timezone":{"offset":"+3:30","description":"Tehran"}},"email":"marcoantonio.zavala@example.com","login":{"uuid":"af98d086-fac7-4cdd-a36b-5a78420c2a5e","username":"happypanda413","password":"chloe1","salt":"9PUEWY1O","md5":"1e6f338626a729b5fdc5e153ab320403","sha1":"5192f76beebb78a0844bdffad9eb7dca1c601493","sha256":"48ea5d0de76fb9b155c66d2df4fb89b97e7810f500fd85b292622cea9e3e42b1"},"dob":{"date":"1981-11-26T06:06:59.188Z","age":42},"registered":{"date":"2011-01-30T02:01:22.407Z","age":13},"phone":"(621) 071 6393","cell":"(658) 312 1800","id":{"name":"NSS","value":"83 64 67 6454 7"},"picture":{"large":"https://randomuser.me/api/portraits/men/52.jpg","medium":"https://randomuser.me/api/portraits/med/men/52.jpg","thumbnail":"https://randomuser.me/api/portraits/thumb/men/52.jpg"},"nat":"MX"}],"info":{"seed":"a2d0783e89916c59","results":1,"page":1,"version":"1.4"}} 
 </msg>
<msg time="2024-07-27T18:20:05.992173" level="INFO">/opt/hostedtoolcache/Python/3.12.4/x64/lib/python3.12/site-packages/urllib3/connectionpool.py:1099: InsecureRequestWarning: Unverified HTTPS request is being made to host 'randomuser.me'. Adding certificate verification is strongly advised. See: https://urllib3.readthedocs.io/en/latest/advanced-usage.html#tls-warnings
  warnings.warn(</msg>
<msg time="2024-07-27T18:20:05.992275" level="INFO">${response} = &lt;Response [200]&gt;</msg>
<var>${response}</var>
<arg>consultarAPI</arg>
<arg>/api</arg>
<doc>Sends a GET request on a previously created HTTP Session.</doc>
<status status="PASS" start="2024-07-27T18:20:05.891598" elapsed="0.100721"/>
</kw>
<kw name="Set Variable" owner="BuiltIn">
<msg time="2024-07-27T18:20:05.993204" level="INFO">${json_data} = {'results': [{'gender': 'male', 'name': {'title': 'Mr', 'first': 'Marco Antonio', 'last': 'Zavala'}, 'location': {'street': {'number': 5109, 'name': 'Privada Sur Arellano'}, 'city': 'Amatepec', 'state...</msg>
<var>${json_data}</var>
<arg>${response.json()}</arg>
<doc>Returns the given values which can then be assigned to a variables.</doc>
<status status="PASS" start="2024-07-27T18:20:05.992736" elapsed="0.000496"/>
</kw>
<kw name="Log" owner="BuiltIn">
<msg time="2024-07-27T18:20:05.993690" level="INFO">{'results': [{'gender': 'male', 'name': {'title': 'Mr', 'first': 'Marco Antonio', 'last': 'Zavala'}, 'location': {'street': {'number': 5109, 'name': 'Privada Sur Arellano'}, 'city': 'Amatepec', 'state': 'Morelos', 'country': 'Mexico', 'postcode': 43818, 'coordinates': {'latitude': '24.0253', 'longitude': '-63.9387'}, 'timezone': {'offset': '+3:30', 'description': 'Tehran'}}, 'email': 'marcoantonio.zavala@example.com', 'login': {'uuid': 'af98d086-fac7-4cdd-a36b-5a78420c2a5e', 'username': 'happypanda413', 'password': 'chloe1', 'salt': '9PUEWY1O', 'md5': '1e6f338626a729b5fdc5e153ab320403', 'sha1': '5192f76beebb78a0844bdffad9eb7dca1c601493', 'sha256': '48ea5d0de76fb9b155c66d2df4fb89b97e7810f500fd85b292622cea9e3e42b1'}, 'dob': {'date': '1981-11-26T06:06:59.188Z', 'age': 42}, 'registered': {'date': '2011-01-30T02:01:22.407Z', 'age': 13}, 'phone': '(621) 071 6393', 'cell': '(658) 312 1800', 'id': {'name': 'NSS', 'value': '83 64 67 6454 7'}, 'picture': {'large': 'https://randomuser.me/api/portraits/men/52.jpg', 'medium': 'https://randomuser.me/api/portraits/med/men/52.jpg', 'thumbnail': 'https://randomuser.me/api/portraits/thumb/men/52.jpg'}, 'nat': 'MX'}], 'info': {'seed': 'a2d0783e89916c59', 'results': 1, 'page': 1, 'version': '1.4'}}</msg>
<arg>${json_data}</arg>
<doc>Logs the given message with the given level.</doc>
<status status="PASS" start="2024-07-27T18:20:05.993534" elapsed="0.000202"/>
</kw>
<kw name="Should Be Equal As Numbers" owner="BuiltIn">
<arg>${json_data['results'][0]['location']['postcode']}</arg>
<arg>${json_data['results'][0]['location']['postcode']}</arg>
<doc>Fails if objects are unequal after converting them to real numbers.</doc>
<status status="PASS" start="2024-07-27T18:20:05.994027" elapsed="0.000615"/>
</kw>
<kw name="Log" owner="BuiltIn">
<msg time="2024-07-27T18:20:05.995218" level="INFO">43818</msg>
<arg>${json_data['results'][0]['location']['postcode']}</arg>
<doc>Logs the given message with the given level.</doc>
<status status="PASS" start="2024-07-27T18:20:05.994833" elapsed="0.000425"/>
</kw>
<status status="PASS" start="2024-07-27T18:20:05.891373" elapsed="0.104164"/>
</kw>
<doc>Testa se os tipos de dados na resposta da API estão corretos.</doc>
<tag>testeTiposDados</tag>
<status status="PASS" start="2024-07-27T18:20:05.814027" elapsed="0.181672"/>
</test>
<test id="s1-s1-t5" name="Validar conteudo" line="35">
<kw name="Teste de Tipos de Conteudo" owner="random-user-service">
<kw name="GET On Session" owner="RequestsLibrary">
<msg time="2024-07-27T18:20:06.090089" level="INFO">GET Request : url=https://randomuser.me/api 
 path_url=/api 
 headers={'User-Agent': 'python-requests/2.32.3', 'Accept-Encoding': 'gzip, deflate', 'Accept': '*/*', 'Connection': 'keep-alive'} 
 body=None 
 </msg>
<msg time="2024-07-27T18:20:06.090161" level="INFO">GET Response : url=https://randomuser.me/api 
 status=200, reason=OK 
 headers={'Date': 'Sat, 27 Jul 2024 18:20:06 GMT', 'Content-Type': 'application/json; charset=utf-8', 'Transfer-Encoding': 'chunked', 'Connection': 'keep-alive', 'X-Powered-By': 'Express', 'Access-Control-Allow-Origin': '*', 'Cache-Control': 'no-cache', 'ETag': 'W/"492-sxkz6PNG71dqCD9jYi/2jmLiEGQ"', 'Vary': 'Accept-Encoding', 'Content-Encoding': 'gzip', 'CF-Cache-Status': 'DYNAMIC', 'Report-To': '{"endpoints":[{"url":"https:\\/\\/a.nel.cloudflare.com\\/report\\/v4?s=nwlRGdtS56bA6Kd%2BQWsSjqsakaPBGNLZ9NNsKW0FlrxSs4%2FGuhRnHYVHmkKYEy9urv0L1f%2FIhWthSkDc3KnB3ni7enO7CJqtlnu8x%2BsdaJhJb14Xk5dSnbfhQI9Yo801"}],"group":"cf-nel","max_age":604800}', 'NEL': '{"success_fraction":0,"report_to":"cf-nel","max_age":604800}', 'Server': 'cloudflare', 'CF-RAY': '8a9ea43989af0778-IAD', 'alt-svc': 'h3=":443"; ma=86400'} 
 body={"results":[{"gender":"male","name":{"title":"Mr","first":"Jimmy","last":"Bradley"},"location":{"street":{"number":3734,"name":"Parker Rd"},"city":"Knoxville","state":"Massachusetts","country":"United States","postcode":31608,"coordinates":{"latitude":"89.0364","longitude":"-28.6455"},"timezone":{"offset":"+8:00","description":"Beijing, Perth, Singapore, Hong Kong"}},"email":"jimmy.bradley@example.com","login":{"uuid":"81d59763-5b75-4ca6-99a5-9df03df51df9","username":"redfrog635","password":"max123","salt":"uRDwXNzJ","md5":"7e0433b54cae2de574a88b111cb56da4","sha1":"f8eb55c047211d32a24bcd38eb68242c58de6ec9","sha256":"772836656296b67e614d9d07b3072b9582bfdaf525b1ee915dc6860162fa599c"},"dob":{"date":"1991-09-05T05:25:18.064Z","age":32},"registered":{"date":"2021-11-12T21:21:33.538Z","age":2},"phone":"(389) 408-9629","cell":"(580) 342-7953","id":{"name":"SSN","value":"001-53-9303"},"picture":{"large":"https://randomuser.me/api/portraits/men/1.jpg","medium":"https://randomuser.me/api/portraits/med/men/1.jpg","thumbnail":"https://randomuser.me/api/portraits/thumb/men/1.jpg"},"nat":"US"}],"info":{"seed":"70849a7be3e4748f","results":1,"page":1,"version":"1.4"}} 
 </msg>
<msg time="2024-07-27T18:20:06.090222" level="INFO">/opt/hostedtoolcache/Python/3.12.4/x64/lib/python3.12/site-packages/urllib3/connectionpool.py:1099: InsecureRequestWarning: Unverified HTTPS request is being made to host 'randomuser.me'. Adding certificate verification is strongly advised. See: https://urllib3.readthedocs.io/en/latest/advanced-usage.html#tls-warnings
  warnings.warn(</msg>
<msg time="2024-07-27T18:20:06.090311" level="INFO">${response} = &lt;Response [200]&gt;</msg>
<var>${response}</var>
<arg>consultarAPI</arg>
<arg>/api</arg>
<doc>Sends a GET request on a previously created HTTP Session.</doc>
<status status="PASS" start="2024-07-27T18:20:05.998401" elapsed="0.091934"/>
</kw>
<kw name="Set Variable" owner="BuiltIn">
<msg time="2024-07-27T18:20:06.091246" level="INFO">${json_data} = {'results': [{'gender': 'male', 'name': {'title': 'Mr', 'first': 'Jimmy', 'last': 'Bradley'}, 'location': {'street': {'number': 3734, 'name': 'Parker Rd'}, 'city': 'Knoxville', 'state': 'Massachusetts...</msg>
<var>${json_data}</var>
<arg>${response.json()}</arg>
<doc>Returns the given values which can then be assigned to a variables.</doc>
<status status="PASS" start="2024-07-27T18:20:06.090745" elapsed="0.000529"/>
</kw>
<kw name="Set Variable" owner="BuiltIn">
<msg time="2024-07-27T18:20:06.091961" level="INFO">${name_title} = Mr</msg>
<var>${name_title}</var>
<arg>${json_data["results"][0]["name"]["title"]}</arg>
<doc>Returns the given values which can then be assigned to a variables.</doc>
<status status="PASS" start="2024-07-27T18:20:06.091580" elapsed="0.000407"/>
</kw>
<kw name="Create List" owner="BuiltIn">
<msg time="2024-07-27T18:20:06.092432" level="INFO">${allowed_titles} = ['Mr', 'Ms', 'Miss', 'Mrs', 'Madame', 'Monsieur']</msg>
<var>${allowed_titles}</var>
<arg>Mr</arg>
<arg>Ms</arg>
<arg>Miss</arg>
<arg>Mrs</arg>
<arg>Madame</arg>
<arg>Monsieur</arg>
<doc>Returns a list containing given items.</doc>
<status status="PASS" start="2024-07-27T18:20:06.092284" elapsed="0.000173"/>
</kw>
<kw name="List Should Contain Value" owner="Collections">
<arg>${allowed_titles}</arg>
<arg>${name_title}</arg>
<doc>Fails if the ``value`` is not found from ``list``.</doc>
<status status="PASS" start="2024-07-27T18:20:06.092770" elapsed="0.000191"/>
</kw>
<kw name="Set Variable" owner="BuiltIn">
<msg time="2024-07-27T18:20:06.093509" level="INFO">${name_country} = US</msg>
<var>${name_country}</var>
<arg>${json_data["results"][0]["nat"]}</arg>
<doc>Returns the given values which can then be assigned to a variables.</doc>
<status status="PASS" start="2024-07-27T18:20:06.093141" elapsed="0.000393"/>
</kw>
<kw name="Create List" owner="BuiltIn">
<msg time="2024-07-27T18:20:06.094414" level="INFO">${list_country} = ['AD', 'AE', 'AF', 'AG', 'AI', 'AL', 'AM', 'AO', 'AQ', 'AR', 'AS', 'AT', 'AU', 'AW', 'AX', 'AZ', 'BA', 'BB', 'BD', 'BE', 'BF', 'BG', 'BH', 'BI', 'BJ', 'BL', 'BM', 'BN', 'BO', 'BQ', 'BR', 'BS', 'BT', '...</msg>
<var>${list_country}</var>
<arg>AD</arg>
<arg>AE</arg>
<arg>AF</arg>
<arg>AG</arg>
<arg>AI</arg>
<arg>AL</arg>
<arg>AM</arg>
<arg>AO</arg>
<arg>AQ</arg>
<arg>AR</arg>
<arg>AS</arg>
<arg>AT</arg>
<arg>AU</arg>
<arg>AW</arg>
<arg>AX</arg>
<arg>AZ</arg>
<arg>BA</arg>
<arg>BB</arg>
<arg>BD</arg>
<arg>BE</arg>
<arg>BF</arg>
<arg>BG</arg>
<arg>BH</arg>
<arg>BI</arg>
<arg>BJ</arg>
<arg>BL</arg>
<arg>BM</arg>
<arg>BN</arg>
<arg>BO</arg>
<arg>BQ</arg>
<arg>BR</arg>
<arg>BS</arg>
<arg>BT</arg>
<arg>BV</arg>
<arg>BW</arg>
<arg>BY</arg>
<arg>BZ</arg>
<arg>CA</arg>
<arg>CC</arg>
<arg>CD</arg>
<arg>CF</arg>
<arg>CG</arg>
<arg>CH</arg>
<arg>CI</arg>
<arg>CK</arg>
<arg>CL</arg>
<arg>CM</arg>
<arg>CN</arg>
<arg>CO</arg>
<arg>CR</arg>
<arg>CU</arg>
<arg>CV</arg>
<arg>CW</arg>
<arg>CX</arg>
<arg>CY</arg>
<arg>CZ</arg>
<arg>DE</arg>
<arg>DJ</arg>
<arg>DK</arg>
<arg>DM</arg>
<arg>DO</arg>
<arg>DZ</arg>
<arg>EC</arg>
<arg>EE</arg>
<arg>EG</arg>
<arg>EH</arg>
<arg>ER</arg>
<arg>ES</arg>
<arg>ET</arg>
<arg>FI</arg>
<arg>FJ</arg>
<arg>FK</arg>
<arg>FM</arg>
<arg>FO</arg>
<arg>FR</arg>
<arg>GA</arg>
<arg>GB</arg>
<arg>GD</arg>
<arg>GE</arg>
<arg>GF</arg>
<arg>GG</arg>
<arg>GH</arg>
<arg>GI</arg>
<arg>GL</arg>
<arg>GM</arg>
<arg>GN</arg>
<arg>GP</arg>
<arg>GQ</arg>
<arg>GR</arg>
<arg>GS</arg>
<arg>GT</arg>
<arg>GU</arg>
<arg>GW</arg>
<arg>GY</arg>
<arg>HK</arg>
<arg>HM</arg>
<arg>HN</arg>
<arg>HR</arg>
<arg>HT</arg>
<arg>HU</arg>
<arg>ID</arg>
<arg>IE</arg>
<arg>IL</arg>
<arg>IM</arg>
<arg>IN</arg>
<arg>IO</arg>
<arg>IQ</arg>
<arg>IR</arg>
<arg>IS</arg>
<arg>IT</arg>
<arg>JE</arg>
<arg>JM</arg>
<arg>JO</arg>
<arg>JP</arg>
<arg>KE</arg>
<arg>KG</arg>
<arg>KH</arg>
<arg>KI</arg>
<arg>KM</arg>
<arg>KN</arg>
<arg>KP</arg>
<arg>KR</arg>
<arg>KW</arg>
<arg>KY</arg>
<arg>KZ</arg>
<arg>LA</arg>
<arg>LB</arg>
<arg>LC</arg>
<arg>LI</arg>
<arg>LK</arg>
<arg>LR</arg>
<arg>LS</arg>
<arg>LT</arg>
<arg>LU</arg>
<arg>LV</arg>
<arg>LY</arg>
<arg>MA</arg>
<arg>MC</arg>
<arg>MD</arg>
<arg>ME</arg>
<arg>MF</arg>
<arg>MG</arg>
<arg>MH</arg>
<arg>MK</arg>
<arg>ML</arg>
<arg>MM</arg>
<arg>MN</arg>
<arg>MO</arg>
<arg>MP</arg>
<arg>MQ</arg>
<arg>MR</arg>
<arg>MS</arg>
<arg>MT</arg>
<arg>MU</arg>
<arg>MV</arg>
<arg>MW</arg>
<arg>MX</arg>
<arg>MY</arg>
<arg>MZ</arg>
<arg>NA</arg>
<arg>NC</arg>
<arg>NE</arg>
<arg>NF</arg>
<arg>NG</arg>
<arg>NI</arg>
<arg>NL</arg>
<arg>NO</arg>
<arg>NP</arg>
<arg>NR</arg>
<arg>NU</arg>
<arg>NZ</arg>
<arg>OM</arg>
<arg>PA</arg>
<arg>PE</arg>
<arg>PF</arg>
<arg>PG</arg>
<arg>PH</arg>
<arg>PK</arg>
<arg>PL</arg>
<arg>PM</arg>
<arg>PN</arg>
<arg>PR</arg>
<arg>PS</arg>
<arg>PT</arg>
<arg>PW</arg>
<arg>PY</arg>
<arg>QA</arg>
<arg>RE</arg>
<arg>RO</arg>
<arg>RS</arg>
<arg>RU</arg>
<arg>RW</arg>
<arg>SA</arg>
<arg>SB</arg>
<arg>SC</arg>
<arg>SD</arg>
<arg>SE</arg>
<arg>SG</arg>
<arg>SH</arg>
<arg>SI</arg>
<arg>SJ</arg>
<arg>SK</arg>
<arg>SL</arg>
<arg>SM</arg>
<arg>SN</arg>
<arg>SO</arg>
<arg>SR</arg>
<arg>SS</arg>
<arg>ST</arg>
<arg>SV</arg>
<arg>SX</arg>
<arg>SY</arg>
<arg>SZ</arg>
<arg>TC</arg>
<arg>TD</arg>
<arg>TF</arg>
<arg>TG</arg>
<arg>TH</arg>
<arg>TJ</arg>
<arg>TK</arg>
<arg>TL</arg>
<arg>TM</arg>
<arg>TN</arg>
<arg>TO</arg>
<arg>TR</arg>
<arg>TT</arg>
<arg>TV</arg>
<arg>TW</arg>
<arg>TZ</arg>
<arg>UA</arg>
<arg>UG</arg>
<arg>UM</arg>
<arg>US</arg>
<arg>UY</arg>
<arg>UZ</arg>
<arg>VA</arg>
<arg>VC</arg>
<arg>VE</arg>
<arg>VG</arg>
<arg>VI</arg>
<arg>VN</arg>
<arg>VU</arg>
<arg>WF</arg>
<arg>WS</arg>
<arg>XK</arg>
<arg>YE</arg>
<arg>YT</arg>
<arg>ZA</arg>
<arg>ZM</arg>
<arg>ZW</arg>
<doc>Returns a list containing given items.</doc>
<status status="PASS" start="2024-07-27T18:20:06.093826" elapsed="0.000614"/>
</kw>
<kw name="List Should Contain Value" owner="Collections">
<arg>${list_country}</arg>
<arg>${name_country}</arg>
<doc>Fails if the ``value`` is not found from ``list``.</doc>
<status status="PASS" start="2024-07-27T18:20:06.095449" elapsed="0.000212"/>
</kw>
<kw name="Run Keyword If" owner="BuiltIn">
<kw name="Should Be True" owner="BuiltIn">
<arg>${True}</arg>
<doc>Fails if the given condition is not true.</doc>
<status status="PASS" start="2024-07-27T18:20:06.096615" elapsed="0.000164"/>
</kw>
<arg>${json_data["results"][0]["location"]["coordinates"]["latitude"]} &gt;= -90 and ${json_data["results"][0]["location"]["coordinates"]["latitude"]} &lt;= 90</arg>
<arg>Should Be True</arg>
<arg>${True}</arg>
<doc>Runs the given keyword with the given arguments, if ``condition`` is true.</doc>
<status status="PASS" start="2024-07-27T18:20:06.095868" elapsed="0.001073"/>
</kw>
<kw name="Run Keyword If" owner="BuiltIn">
<kw name="Should Be True" owner="BuiltIn">
<arg>${True}</arg>
<doc>Fails if the given condition is not true.</doc>
<status status="PASS" start="2024-07-27T18:20:06.097856" elapsed="0.000138"/>
</kw>
<arg>${json_data["results"][0]["location"]["coordinates"]["longitude"]} &gt;= -180 and ${json_data["results"][0]["location"]["coordinates"]["longitude"]} &lt;= 180</arg>
<arg>Should Be True</arg>
<arg>${True}</arg>
<doc>Runs the given keyword with the given arguments, if ``condition`` is true.</doc>
<status status="PASS" start="2024-07-27T18:20:06.097138" elapsed="0.000979"/>
</kw>
<status status="PASS" start="2024-07-27T18:20:05.998031" elapsed="0.100216"/>
</kw>
<doc>Testa o conteúdo específico dos campos retornados pela API.</doc>
<tag>testeConteudo</tag>
<status status="PASS" start="2024-07-27T18:20:05.997422" elapsed="0.100970"/>
</test>
<status status="PASS" start="2024-07-27T18:20:05.171020" elapsed="0.929285"/>
</suite>
<status status="PASS" start="2024-07-27T18:20:05.155738" elapsed="0.949584"/>
</suite>
<statistics>
<total>
<stat pass="5" fail="0" skip="0">All Tests</stat>
</total>
<tag>
<stat pass="1" fail="0" skip="0">testeConteudo</stat>
<stat pass="1" fail="0" skip="0">testeEstruturaResposta</stat>
<stat pass="1" fail="0" skip="0">testeRequisicaoBasica</stat>
<stat pass="1" fail="0" skip="0">testeTiposDados</stat>
</tag>
<suite>
<stat pass="5" fail="0" skip="0" id="s1" name="Tests">Tests</stat>
<stat pass="5" fail="0" skip="0" id="s1-s1" name="Random-User-Test">Tests.Random-User-Test</stat>
</suite>
</statistics>
<errors>
</errors>
</robot>
