<?xml version="1.0" encoding="UTF-8"?>
<robot generator="Robot 7.0.1 (Python 3.12.4 on linux)" generated="2024-07-05T15:16:36.347386" rpa="false" schemaversion="5">
<suite id="s1" name="Tests" source="/home/runner/work/ApiRandomUser/ApiRandomUser/RamdonUser/tests">
<suite id="s1-s1" name="Random-User-Test" source="/home/runner/work/ApiRandomUser/ApiRandomUser/RamdonUser/tests/random-user-test.robot">
<test id="s1-s1-t1" name="Conectar" line="13">
<kw name="Conectar API" owner="random-user-service">
<kw name="Create Session" owner="RequestsLibrary">
<msg time="2024-07-05T15:16:36.792580" level="INFO">Creating Session using : alias=consultarAPI, url=https://randomuser.me/, headers={},                     cookies={}, auth=None, timeout=None, proxies=None, verify=False,                     debug=0 </msg>
<arg>consultarAPI</arg>
<arg>${URL}</arg>
<doc>Create Session: create a HTTP session to a server</doc>
<status status="PASS" start="2024-07-05T15:16:36.792372" elapsed="0.000391"/>
</kw>
<status status="PASS" start="2024-07-05T15:16:36.791357" elapsed="0.001763"/>
</kw>
<status status="PASS" start="2024-07-05T15:16:36.790706" elapsed="0.002605"/>
</test>
<test id="s1-s1-t2" name="Validar retorno 200 e JSON Válido" line="16">
<kw name="Teste de Requisicao Basica" owner="random-user-service">
<kw name="GET On Session" owner="RequestsLibrary">
<msg time="2024-07-05T15:16:37.024411" level="INFO">GET Request : url=https://randomuser.me/api 
 path_url=/api 
 headers={'User-Agent': 'python-requests/2.32.3', 'Accept-Encoding': 'gzip, deflate', 'Accept': '*/*', 'Connection': 'keep-alive'} 
 body=None 
 </msg>
<msg time="2024-07-05T15:16:37.024570" level="INFO">GET Response : url=https://randomuser.me/api 
 status=200, reason=OK 
 headers={'Date': 'Fri, 05 Jul 2024 15:16:37 GMT', 'Content-Type': 'application/json; charset=utf-8', 'Transfer-Encoding': 'chunked', 'Connection': 'keep-alive', 'X-Powered-By': 'Express', 'Access-Control-Allow-Origin': '*', 'Cache-Control': 'no-cache', 'ETag': 'W/"47a-AzzgSE49s38ghf2JH3FcvEKfxNk"', 'Vary': 'Accept-Encoding', 'Content-Encoding': 'gzip', 'CF-Cache-Status': 'DYNAMIC', 'Report-To': '{"endpoints":[{"url":"https:\\/\\/a.nel.cloudflare.com\\/report\\/v4?s=FoGrNXFNg81aGxeOPzHf6Z0QNRCri5l484omtep9vvhJF0HA7VdJ5gE5o%2BUsNboGiyBSVYOcSGjN3J9mVGFz2PDEwvuredN%2FiSxG6c8h00jGrB5qjyQOdsUG53dbiQLd"}],"group":"cf-nel","max_age":604800}', 'NEL': '{"success_fraction":0,"report_to":"cf-nel","max_age":604800}', 'Server': 'cloudflare', 'CF-RAY': '89e851332c73081b-IAD', 'alt-svc': 'h3=":443"; ma=86400'} 
 body={"results":[{"gender":"male","name":{"title":"Mr","first":"Max","last":"Hansen"},"location":{"street":{"number":1869,"name":"Dane St"},"city":"Cairns","state":"Western Australia","country":"Australia","postcode":6668,"coordinates":{"latitude":"-83.8501","longitude":"-164.1737"},"timezone":{"offset":"-12:00","description":"Eniwetok, Kwajalein"}},"email":"max.hansen@example.com","login":{"uuid":"b50224f5-5011-4450-9c40-168776d0a1d0","username":"brownbird202","password":"sausages","salt":"vchhruc1","md5":"f49bb936e7a88f1bd3818bd8c60f9fa1","sha1":"6dd4a377095386055fe51d8077c4523f5226958a","sha256":"526993e46b02c890fcd192af5b461e1ad69bf5ec5142c4add2cb8a69d598c574"},"dob":{"date":"1967-07-17T18:43:35.826Z","age":56},"registered":{"date":"2013-01-06T18:03:07.192Z","age":11},"phone":"04-3806-1809","cell":"0457-379-372","id":{"name":"TFN","value":"154785463"},"picture":{"large":"https://randomuser.me/api/portraits/men/46.jpg","medium":"https://randomuser.me/api/portraits/med/men/46.jpg","thumbnail":"https://randomuser.me/api/portraits/thumb/men/46.jpg"},"nat":"AU"}],"info":{"seed":"f4f4bde4e04cc781","results":1,"page":1,"version":"1.4"}} 
 </msg>
<msg time="2024-07-05T15:16:37.024670" level="INFO">/opt/hostedtoolcache/Python/3.12.4/x64/lib/python3.12/site-packages/urllib3/connectionpool.py:1099: InsecureRequestWarning: Unverified HTTPS request is being made to host 'randomuser.me'. Adding certificate verification is strongly advised. See: https://urllib3.readthedocs.io/en/latest/advanced-usage.html#tls-warnings
  warnings.warn(</msg>
<msg time="2024-07-05T15:16:37.024833" level="INFO">${response} = &lt;Response [200]&gt;</msg>
<var>${response}</var>
<arg>consultarAPI</arg>
<arg>/api</arg>
<doc>Sends a GET request on a previously created HTTP Session.</doc>
<status status="PASS" start="2024-07-05T15:16:36.796033" elapsed="0.228846"/>
</kw>
<kw name="Should Be Equal As Numbers" owner="BuiltIn">
<msg time="2024-07-05T15:16:37.026035" level="INFO">Argument types are:
&lt;class 'int'&gt;
&lt;class 'str'&gt;</msg>
<arg>${response.status_code}</arg>
<arg>200</arg>
<doc>Fails if objects are unequal after converting them to real numbers.</doc>
<status status="PASS" start="2024-07-05T15:16:37.025522" elapsed="0.000579"/>
</kw>
<kw name="Log" owner="BuiltIn">
<msg time="2024-07-05T15:16:37.026774" level="INFO">200</msg>
<arg>${response.status_code}</arg>
<doc>Logs the given message with the given level.</doc>
<status status="PASS" start="2024-07-05T15:16:37.026422" elapsed="0.000394"/>
</kw>
<kw name="Set Variable" owner="BuiltIn">
<msg time="2024-07-05T15:16:37.027562" level="INFO">${json_data} = {'results': [{'gender': 'male', 'name': {'title': 'Mr', 'first': 'Max', 'last': 'Hansen'}, 'location': {'street': {'number': 1869, 'name': 'Dane St'}, 'city': 'Cairns', 'state': 'Western Australia', '...</msg>
<var>${json_data}</var>
<arg>${response.json()}</arg>
<doc>Returns the given values which can then be assigned to a variables.</doc>
<status status="PASS" start="2024-07-05T15:16:37.027128" elapsed="0.000463"/>
</kw>
<kw name="Dictionary Should Contain Key" owner="Collections">
<arg>${json_data}</arg>
<arg>results</arg>
<doc>Fails if ``key`` is not found from ``dictionary``.</doc>
<status status="PASS" start="2024-07-05T15:16:37.027933" elapsed="0.000173"/>
</kw>
<status status="PASS" start="2024-07-05T15:16:36.795746" elapsed="0.232511"/>
</kw>
<doc>Testa se a API responde corretamente e retorna um objeto JSON válido.</doc>
<tag>testeRequisicaoBasica</tag>
<status status="PASS" start="2024-07-05T15:16:36.795204" elapsed="0.233231"/>
</test>
<test id="s1-s1-t3" name="Validar estrutura de resposta" line="22">
<kw name="Teste de Estrutura de Resposta" owner="random-user-service">
<kw name="GET On Session" owner="RequestsLibrary">
<msg time="2024-07-05T15:16:37.127670" level="INFO">GET Request : url=https://randomuser.me/api 
 path_url=/api 
 headers={'User-Agent': 'python-requests/2.32.3', 'Accept-Encoding': 'gzip, deflate', 'Accept': '*/*', 'Connection': 'keep-alive'} 
 body=None 
 </msg>
<msg time="2024-07-05T15:16:37.127798" level="INFO">GET Response : url=https://randomuser.me/api 
 status=200, reason=OK 
 headers={'Date': 'Fri, 05 Jul 2024 15:16:37 GMT', 'Content-Type': 'application/json; charset=utf-8', 'Transfer-Encoding': 'chunked', 'Connection': 'keep-alive', 'X-Powered-By': 'Express', 'Access-Control-Allow-Origin': '*', 'Cache-Control': 'no-cache', 'ETag': 'W/"4a8-r88flGzhokwMsLjbGLbjVjt9FWY"', 'Vary': 'Accept-Encoding', 'Content-Encoding': 'gzip', 'CF-Cache-Status': 'DYNAMIC', 'Report-To': '{"endpoints":[{"url":"https:\\/\\/a.nel.cloudflare.com\\/report\\/v4?s=BheN9kDLkWuIusuvZ%2B4me%2BlHEBtdze4SVjL3ttvOXSWKAGldgJEvIe2C%2FDc2BSFsN9GHZDPyGEQdTOI6ceZTQRA%2BZAqWNn9HAmei6Le0ezpf2gMUqOVsoU46yl%2B513sr"}],"group":"cf-nel","max_age":604800}', 'NEL': '{"success_fraction":0,"report_to":"cf-nel","max_age":604800}', 'Server': 'cloudflare', 'CF-RAY': '89e851337cc9081b-IAD', 'alt-svc': 'h3=":443"; ma=86400'} 
 body={"results":[{"gender":"female","name":{"title":"Mrs","first":"Vanice","last":"de Souza"},"location":{"street":{"number":5667,"name":"Rua Mato Grosso "},"city":"Mogi das Cruzes","state":"Rio Grande do Norte","country":"Brazil","postcode":55116,"coordinates":{"latitude":"-76.2037","longitude":"1.9817"},"timezone":{"offset":"+2:00","description":"Kaliningrad, South Africa"}},"email":"vanice.desouza@example.com","login":{"uuid":"e598968b-8cf4-4b60-9284-a08716fcffe9","username":"crazymouse154","password":"lawson","salt":"X8sRyc2k","md5":"6836cfab4a000d75cc8ed43159c2e3ae","sha1":"69d4a3e154a7c9a2e76c80f691b2c59bdf8fb134","sha256":"a91cfb25a61e753594179b42dd7c1c6747df671ae0e0079d7d9b0775f311371f"},"dob":{"date":"1974-09-18T11:55:57.932Z","age":49},"registered":{"date":"2011-07-17T08:42:54.275Z","age":12},"phone":"(49) 7998-5494","cell":"(49) 3229-2176","id":{"name":"CPF","value":"030.002.145-61"},"picture":{"large":"https://randomuser.me/api/portraits/women/11.jpg","medium":"https://randomuser.me/api/portraits/med/women/11.jpg","thumbnail":"https://randomuser.me/api/portraits/thumb/women/11.jpg"},"nat":"BR"}],"info":{"seed":"e478bf16a62bc84d","results":1,"page":1,"version":"1.4"}} 
 </msg>
<msg time="2024-07-05T15:16:37.127944" level="INFO">/opt/hostedtoolcache/Python/3.12.4/x64/lib/python3.12/site-packages/urllib3/connectionpool.py:1099: InsecureRequestWarning: Unverified HTTPS request is being made to host 'randomuser.me'. Adding certificate verification is strongly advised. See: https://urllib3.readthedocs.io/en/latest/advanced-usage.html#tls-warnings
  warnings.warn(</msg>
<msg time="2024-07-05T15:16:37.128070" level="INFO">${response} = &lt;Response [200]&gt;</msg>
<var>${response}</var>
<arg>consultarAPI</arg>
<arg>/api</arg>
<doc>Sends a GET request on a previously created HTTP Session.</doc>
<status status="PASS" start="2024-07-05T15:16:37.031524" elapsed="0.096589"/>
</kw>
<kw name="Set Variable" owner="BuiltIn">
<msg time="2024-07-05T15:16:37.129301" level="INFO">${json_data} = {'results': [{'gender': 'female', 'name': {'title': 'Mrs', 'first': 'Vanice', 'last': 'de Souza'}, 'location': {'street': {'number': 5667, 'name': 'Rua Mato Grosso '}, 'city': 'Mogi das Cruzes', 'stat...</msg>
<var>${json_data}</var>
<arg>${response.json()}</arg>
<doc>Returns the given values which can then be assigned to a variables.</doc>
<status status="PASS" start="2024-07-05T15:16:37.128682" elapsed="0.000648"/>
</kw>
<kw name="Log" owner="BuiltIn">
<msg time="2024-07-05T15:16:37.129811" level="INFO">{'results': [{'gender': 'female', 'name': {'title': 'Mrs', 'first': 'Vanice', 'last': 'de Souza'}, 'location': {'street': {'number': 5667, 'name': 'Rua Mato Grosso '}, 'city': 'Mogi das Cruzes', 'state': 'Rio Grande do Norte', 'country': 'Brazil', 'postcode': 55116, 'coordinates': {'latitude': '-76.2037', 'longitude': '1.9817'}, 'timezone': {'offset': '+2:00', 'description': 'Kaliningrad, South Africa'}}, 'email': 'vanice.desouza@example.com', 'login': {'uuid': 'e598968b-8cf4-4b60-9284-a08716fcffe9', 'username': 'crazymouse154', 'password': 'lawson', 'salt': 'X8sRyc2k', 'md5': '6836cfab4a000d75cc8ed43159c2e3ae', 'sha1': '69d4a3e154a7c9a2e76c80f691b2c59bdf8fb134', 'sha256': 'a91cfb25a61e753594179b42dd7c1c6747df671ae0e0079d7d9b0775f311371f'}, 'dob': {'date': '1974-09-18T11:55:57.932Z', 'age': 49}, 'registered': {'date': '2011-07-17T08:42:54.275Z', 'age': 12}, 'phone': '(49) 7998-5494', 'cell': '(49) 3229-2176', 'id': {'name': 'CPF', 'value': '030.002.145-61'}, 'picture': {'large': 'https://randomuser.me/api/portraits/women/11.jpg', 'medium': 'https://randomuser.me/api/portraits/med/women/11.jpg', 'thumbnail': 'https://randomuser.me/api/portraits/thumb/women/11.jpg'}, 'nat': 'BR'}], 'info': {'seed': 'e478bf16a62bc84d', 'results': 1, 'page': 1, 'version': '1.4'}}</msg>
<arg>${json_data}</arg>
<doc>Logs the given message with the given level.</doc>
<status status="PASS" start="2024-07-05T15:16:37.129650" elapsed="0.000212"/>
</kw>
<kw name="Dictionary Should Contain Key" owner="Collections">
<arg>${json_data}</arg>
<arg>results</arg>
<doc>Fails if ``key`` is not found from ``dictionary``.</doc>
<status status="PASS" start="2024-07-05T15:16:37.130160" elapsed="0.000166"/>
</kw>
<kw name="Should Not Be Empty" owner="BuiltIn">
<msg time="2024-07-05T15:16:37.130647" level="INFO">Length is 2.</msg>
<arg>${json_data}</arg>
<doc>Verifies that the given item is not empty.</doc>
<status status="PASS" start="2024-07-05T15:16:37.130515" elapsed="0.000172"/>
</kw>
<kw name="Create List" owner="BuiltIn">
<msg time="2024-07-05T15:16:37.131300" level="INFO">${expected_keys} = ['gender', 'name', 'location', 'email', 'login']</msg>
<var>${expected_keys}</var>
<arg>gender</arg>
<arg>name</arg>
<arg>location</arg>
<arg>email</arg>
<arg>login</arg>
<doc>Returns a list containing given items.</doc>
<status status="PASS" start="2024-07-05T15:16:37.130992" elapsed="0.000334"/>
</kw>
<for flavor="IN">
<iter>
<kw name="Dictionary Should Contain Key" owner="Collections">
<arg>${json_data['results'][0]}</arg>
<arg>${key}</arg>
<doc>Fails if ``key`` is not found from ``dictionary``.</doc>
<status status="PASS" start="2024-07-05T15:16:37.131975" elapsed="0.000408"/>
</kw>
<kw name="Log" owner="BuiltIn">
<msg time="2024-07-05T15:16:37.132945" level="INFO">{'gender': 'female', 'name': {'title': 'Mrs', 'first': 'Vanice', 'last': 'de Souza'}, 'location': {'street': {'number': 5667, 'name': 'Rua Mato Grosso '}, 'city': 'Mogi das Cruzes', 'state': 'Rio Grande do Norte', 'country': 'Brazil', 'postcode': 55116, 'coordinates': {'latitude': '-76.2037', 'longitude': '1.9817'}, 'timezone': {'offset': '+2:00', 'description': 'Kaliningrad, South Africa'}}, 'email': 'vanice.desouza@example.com', 'login': {'uuid': 'e598968b-8cf4-4b60-9284-a08716fcffe9', 'username': 'crazymouse154', 'password': 'lawson', 'salt': 'X8sRyc2k', 'md5': '6836cfab4a000d75cc8ed43159c2e3ae', 'sha1': '69d4a3e154a7c9a2e76c80f691b2c59bdf8fb134', 'sha256': 'a91cfb25a61e753594179b42dd7c1c6747df671ae0e0079d7d9b0775f311371f'}, 'dob': {'date': '1974-09-18T11:55:57.932Z', 'age': 49}, 'registered': {'date': '2011-07-17T08:42:54.275Z', 'age': 12}, 'phone': '(49) 7998-5494', 'cell': '(49) 3229-2176', 'id': {'name': 'CPF', 'value': '030.002.145-61'}, 'picture': {'large': 'https://randomuser.me/api/portraits/women/11.jpg', 'medium': 'https://randomuser.me/api/portraits/med/women/11.jpg', 'thumbnail': 'https://randomuser.me/api/portraits/thumb/women/11.jpg'}, 'nat': 'BR'}</msg>
<arg>${json_data['results'][0]}</arg>
<doc>Logs the given message with the given level.</doc>
<status status="PASS" start="2024-07-05T15:16:37.132581" elapsed="0.000416"/>
</kw>
<kw name="Log" owner="BuiltIn">
<msg time="2024-07-05T15:16:37.133434" level="INFO">gender</msg>
<arg>${key}</arg>
<doc>Logs the given message with the given level.</doc>
<status status="PASS" start="2024-07-05T15:16:37.133303" elapsed="0.000171"/>
</kw>
<var name="${key}">gender</var>
<status status="PASS" start="2024-07-05T15:16:37.131833" elapsed="0.001860"/>
</iter>
<iter>
<kw name="Dictionary Should Contain Key" owner="Collections">
<arg>${json_data['results'][0]}</arg>
<arg>${key}</arg>
<doc>Fails if ``key`` is not found from ``dictionary``.</doc>
<status status="PASS" start="2024-07-05T15:16:37.134000" elapsed="0.000393"/>
</kw>
<kw name="Log" owner="BuiltIn">
<msg time="2024-07-05T15:16:37.134972" level="INFO">{'gender': 'female', 'name': {'title': 'Mrs', 'first': 'Vanice', 'last': 'de Souza'}, 'location': {'street': {'number': 5667, 'name': 'Rua Mato Grosso '}, 'city': 'Mogi das Cruzes', 'state': 'Rio Grande do Norte', 'country': 'Brazil', 'postcode': 55116, 'coordinates': {'latitude': '-76.2037', 'longitude': '1.9817'}, 'timezone': {'offset': '+2:00', 'description': 'Kaliningrad, South Africa'}}, 'email': 'vanice.desouza@example.com', 'login': {'uuid': 'e598968b-8cf4-4b60-9284-a08716fcffe9', 'username': 'crazymouse154', 'password': 'lawson', 'salt': 'X8sRyc2k', 'md5': '6836cfab4a000d75cc8ed43159c2e3ae', 'sha1': '69d4a3e154a7c9a2e76c80f691b2c59bdf8fb134', 'sha256': 'a91cfb25a61e753594179b42dd7c1c6747df671ae0e0079d7d9b0775f311371f'}, 'dob': {'date': '1974-09-18T11:55:57.932Z', 'age': 49}, 'registered': {'date': '2011-07-17T08:42:54.275Z', 'age': 12}, 'phone': '(49) 7998-5494', 'cell': '(49) 3229-2176', 'id': {'name': 'CPF', 'value': '030.002.145-61'}, 'picture': {'large': 'https://randomuser.me/api/portraits/women/11.jpg', 'medium': 'https://randomuser.me/api/portraits/med/women/11.jpg', 'thumbnail': 'https://randomuser.me/api/portraits/thumb/women/11.jpg'}, 'nat': 'BR'}</msg>
<arg>${json_data['results'][0]}</arg>
<doc>Logs the given message with the given level.</doc>
<status status="PASS" start="2024-07-05T15:16:37.134614" elapsed="0.000408"/>
</kw>
<kw name="Log" owner="BuiltIn">
<msg time="2024-07-05T15:16:37.135452" level="INFO">name</msg>
<arg>${key}</arg>
<doc>Logs the given message with the given level.</doc>
<status status="PASS" start="2024-07-05T15:16:37.135324" elapsed="0.000166"/>
</kw>
<var name="${key}">name</var>
<status status="PASS" start="2024-07-05T15:16:37.133881" elapsed="0.001831"/>
</iter>
<iter>
<kw name="Dictionary Should Contain Key" owner="Collections">
<arg>${json_data['results'][0]}</arg>
<arg>${key}</arg>
<doc>Fails if ``key`` is not found from ``dictionary``.</doc>
<status status="PASS" start="2024-07-05T15:16:37.136038" elapsed="0.000380"/>
</kw>
<kw name="Log" owner="BuiltIn">
<msg time="2024-07-05T15:16:37.136959" level="INFO">{'gender': 'female', 'name': {'title': 'Mrs', 'first': 'Vanice', 'last': 'de Souza'}, 'location': {'street': {'number': 5667, 'name': 'Rua Mato Grosso '}, 'city': 'Mogi das Cruzes', 'state': 'Rio Grande do Norte', 'country': 'Brazil', 'postcode': 55116, 'coordinates': {'latitude': '-76.2037', 'longitude': '1.9817'}, 'timezone': {'offset': '+2:00', 'description': 'Kaliningrad, South Africa'}}, 'email': 'vanice.desouza@example.com', 'login': {'uuid': 'e598968b-8cf4-4b60-9284-a08716fcffe9', 'username': 'crazymouse154', 'password': 'lawson', 'salt': 'X8sRyc2k', 'md5': '6836cfab4a000d75cc8ed43159c2e3ae', 'sha1': '69d4a3e154a7c9a2e76c80f691b2c59bdf8fb134', 'sha256': 'a91cfb25a61e753594179b42dd7c1c6747df671ae0e0079d7d9b0775f311371f'}, 'dob': {'date': '1974-09-18T11:55:57.932Z', 'age': 49}, 'registered': {'date': '2011-07-17T08:42:54.275Z', 'age': 12}, 'phone': '(49) 7998-5494', 'cell': '(49) 3229-2176', 'id': {'name': 'CPF', 'value': '030.002.145-61'}, 'picture': {'large': 'https://randomuser.me/api/portraits/women/11.jpg', 'medium': 'https://randomuser.me/api/portraits/med/women/11.jpg', 'thumbnail': 'https://randomuser.me/api/portraits/thumb/women/11.jpg'}, 'nat': 'BR'}</msg>
<arg>${json_data['results'][0]}</arg>
<doc>Logs the given message with the given level.</doc>
<status status="PASS" start="2024-07-05T15:16:37.136610" elapsed="0.000400"/>
</kw>
<kw name="Log" owner="BuiltIn">
<msg time="2024-07-05T15:16:37.137440" level="INFO">location</msg>
<arg>${key}</arg>
<doc>Logs the given message with the given level.</doc>
<status status="PASS" start="2024-07-05T15:16:37.137312" elapsed="0.000167"/>
</kw>
<var name="${key}">location</var>
<status status="PASS" start="2024-07-05T15:16:37.135926" elapsed="0.001771"/>
</iter>
<iter>
<kw name="Dictionary Should Contain Key" owner="Collections">
<arg>${json_data['results'][0]}</arg>
<arg>${key}</arg>
<doc>Fails if ``key`` is not found from ``dictionary``.</doc>
<status status="PASS" start="2024-07-05T15:16:37.137978" elapsed="0.000390"/>
</kw>
<kw name="Log" owner="BuiltIn">
<msg time="2024-07-05T15:16:37.138910" level="INFO">{'gender': 'female', 'name': {'title': 'Mrs', 'first': 'Vanice', 'last': 'de Souza'}, 'location': {'street': {'number': 5667, 'name': 'Rua Mato Grosso '}, 'city': 'Mogi das Cruzes', 'state': 'Rio Grande do Norte', 'country': 'Brazil', 'postcode': 55116, 'coordinates': {'latitude': '-76.2037', 'longitude': '1.9817'}, 'timezone': {'offset': '+2:00', 'description': 'Kaliningrad, South Africa'}}, 'email': 'vanice.desouza@example.com', 'login': {'uuid': 'e598968b-8cf4-4b60-9284-a08716fcffe9', 'username': 'crazymouse154', 'password': 'lawson', 'salt': 'X8sRyc2k', 'md5': '6836cfab4a000d75cc8ed43159c2e3ae', 'sha1': '69d4a3e154a7c9a2e76c80f691b2c59bdf8fb134', 'sha256': 'a91cfb25a61e753594179b42dd7c1c6747df671ae0e0079d7d9b0775f311371f'}, 'dob': {'date': '1974-09-18T11:55:57.932Z', 'age': 49}, 'registered': {'date': '2011-07-17T08:42:54.275Z', 'age': 12}, 'phone': '(49) 7998-5494', 'cell': '(49) 3229-2176', 'id': {'name': 'CPF', 'value': '030.002.145-61'}, 'picture': {'large': 'https://randomuser.me/api/portraits/women/11.jpg', 'medium': 'https://randomuser.me/api/portraits/med/women/11.jpg', 'thumbnail': 'https://randomuser.me/api/portraits/thumb/women/11.jpg'}, 'nat': 'BR'}</msg>
<arg>${json_data['results'][0]}</arg>
<doc>Logs the given message with the given level.</doc>
<status status="PASS" start="2024-07-05T15:16:37.138551" elapsed="0.000408"/>
</kw>
<kw name="Log" owner="BuiltIn">
<msg time="2024-07-05T15:16:37.139386" level="INFO">email</msg>
<arg>${key}</arg>
<doc>Logs the given message with the given level.</doc>
<status status="PASS" start="2024-07-05T15:16:37.139260" elapsed="0.000164"/>
</kw>
<var name="${key}">email</var>
<status status="PASS" start="2024-07-05T15:16:37.137869" elapsed="0.001774"/>
</iter>
<iter>
<kw name="Dictionary Should Contain Key" owner="Collections">
<arg>${json_data['results'][0]}</arg>
<arg>${key}</arg>
<doc>Fails if ``key`` is not found from ``dictionary``.</doc>
<status status="PASS" start="2024-07-05T15:16:37.139982" elapsed="0.000389"/>
</kw>
<kw name="Log" owner="BuiltIn">
<msg time="2024-07-05T15:16:37.140897" level="INFO">{'gender': 'female', 'name': {'title': 'Mrs', 'first': 'Vanice', 'last': 'de Souza'}, 'location': {'street': {'number': 5667, 'name': 'Rua Mato Grosso '}, 'city': 'Mogi das Cruzes', 'state': 'Rio Grande do Norte', 'country': 'Brazil', 'postcode': 55116, 'coordinates': {'latitude': '-76.2037', 'longitude': '1.9817'}, 'timezone': {'offset': '+2:00', 'description': 'Kaliningrad, South Africa'}}, 'email': 'vanice.desouza@example.com', 'login': {'uuid': 'e598968b-8cf4-4b60-9284-a08716fcffe9', 'username': 'crazymouse154', 'password': 'lawson', 'salt': 'X8sRyc2k', 'md5': '6836cfab4a000d75cc8ed43159c2e3ae', 'sha1': '69d4a3e154a7c9a2e76c80f691b2c59bdf8fb134', 'sha256': 'a91cfb25a61e753594179b42dd7c1c6747df671ae0e0079d7d9b0775f311371f'}, 'dob': {'date': '1974-09-18T11:55:57.932Z', 'age': 49}, 'registered': {'date': '2011-07-17T08:42:54.275Z', 'age': 12}, 'phone': '(49) 7998-5494', 'cell': '(49) 3229-2176', 'id': {'name': 'CPF', 'value': '030.002.145-61'}, 'picture': {'large': 'https://randomuser.me/api/portraits/women/11.jpg', 'medium': 'https://randomuser.me/api/portraits/med/women/11.jpg', 'thumbnail': 'https://randomuser.me/api/portraits/thumb/women/11.jpg'}, 'nat': 'BR'}</msg>
<arg>${json_data['results'][0]}</arg>
<doc>Logs the given message with the given level.</doc>
<status status="PASS" start="2024-07-05T15:16:37.140553" elapsed="0.000395"/>
</kw>
<kw name="Log" owner="BuiltIn">
<msg time="2024-07-05T15:16:37.141370" level="INFO">login</msg>
<arg>${key}</arg>
<doc>Logs the given message with the given level.</doc>
<status status="PASS" start="2024-07-05T15:16:37.141244" elapsed="0.000163"/>
</kw>
<var name="${key}">login</var>
<status status="PASS" start="2024-07-05T15:16:37.139850" elapsed="0.001773"/>
</iter>
<var>${key}</var>
<value>@{expected_keys}</value>
<status status="PASS" start="2024-07-05T15:16:37.131599" elapsed="0.010171"/>
</for>
<kw name="Create List" owner="BuiltIn">
<msg time="2024-07-05T15:16:37.142116" level="INFO">${expected_keysTwo} = ['username', 'password']</msg>
<var>${expected_keysTwo}</var>
<arg>username</arg>
<arg>password</arg>
<doc>Returns a list containing given items.</doc>
<status status="PASS" start="2024-07-05T15:16:37.141973" elapsed="0.000168"/>
</kw>
<for flavor="IN">
<iter>
<kw name="Dictionary Should Contain Key" owner="Collections">
<arg>${json_data['results'][0]['login']}</arg>
<arg>${keyTwo}</arg>
<doc>Fails if ``key`` is not found from ``dictionary``.</doc>
<status status="PASS" start="2024-07-05T15:16:37.142655" elapsed="0.000388"/>
</kw>
<kw name="Dictionary Should Contain Key" owner="Collections">
<arg>${json_data['results'][0]['login']}</arg>
<arg>${keyTwo}</arg>
<doc>Fails if ``key`` is not found from ``dictionary``.</doc>
<status status="PASS" start="2024-07-05T15:16:37.143222" elapsed="0.000376"/>
</kw>
<kw name="Log" owner="BuiltIn">
<msg time="2024-07-05T15:16:37.143939" level="INFO">username</msg>
<arg>${keyTwo}</arg>
<doc>Logs the given message with the given level.</doc>
<status status="PASS" start="2024-07-05T15:16:37.143812" elapsed="0.000166"/>
</kw>
<var name="${keyTwo}">username</var>
<status status="PASS" start="2024-07-05T15:16:37.142546" elapsed="0.001655"/>
</iter>
<iter>
<kw name="Dictionary Should Contain Key" owner="Collections">
<arg>${json_data['results'][0]['login']}</arg>
<arg>${keyTwo}</arg>
<doc>Fails if ``key`` is not found from ``dictionary``.</doc>
<status status="PASS" start="2024-07-05T15:16:37.144482" elapsed="0.000382"/>
</kw>
<kw name="Dictionary Should Contain Key" owner="Collections">
<arg>${json_data['results'][0]['login']}</arg>
<arg>${keyTwo}</arg>
<doc>Fails if ``key`` is not found from ``dictionary``.</doc>
<status status="PASS" start="2024-07-05T15:16:37.145043" elapsed="0.000368"/>
</kw>
<kw name="Log" owner="BuiltIn">
<msg time="2024-07-05T15:16:37.145706" level="INFO">password</msg>
<arg>${keyTwo}</arg>
<doc>Logs the given message with the given level.</doc>
<status status="PASS" start="2024-07-05T15:16:37.145588" elapsed="0.000161"/>
</kw>
<var name="${keyTwo}">password</var>
<status status="PASS" start="2024-07-05T15:16:37.144373" elapsed="0.001690"/>
</iter>
<var>${keyTwo}</var>
<value>@{expected_keysTwo}</value>
<status status="PASS" start="2024-07-05T15:16:37.142395" elapsed="0.003791"/>
</for>
<status status="PASS" start="2024-07-05T15:16:37.031290" elapsed="0.115035"/>
</kw>
<doc>Testa a estrutura da resposta da API.</doc>
<tag>testeEstruturaResposta</tag>
<status status="PASS" start="2024-07-05T15:16:37.030687" elapsed="0.115790"/>
</test>
<test id="s1-s1-t4" name="Validar tipos de dados" line="28">
<kw name="Teste de Tipos de Dados" owner="random-user-service">
<kw name="GET On Session" owner="RequestsLibrary">
<msg time="2024-07-05T15:16:37.229777" level="INFO">GET Request : url=https://randomuser.me/api 
 path_url=/api 
 headers={'User-Agent': 'python-requests/2.32.3', 'Accept-Encoding': 'gzip, deflate', 'Accept': '*/*', 'Connection': 'keep-alive'} 
 body=None 
 </msg>
<msg time="2024-07-05T15:16:37.229859" level="INFO">GET Response : url=https://randomuser.me/api 
 status=200, reason=OK 
 headers={'Date': 'Fri, 05 Jul 2024 15:16:37 GMT', 'Content-Type': 'application/json; charset=utf-8', 'Transfer-Encoding': 'chunked', 'Connection': 'keep-alive', 'X-Powered-By': 'Express', 'Access-Control-Allow-Origin': '*', 'Cache-Control': 'no-cache', 'ETag': 'W/"470-WcvsYPpMVeK1XRFF/A9E6VHoLSw"', 'Vary': 'Accept-Encoding', 'Content-Encoding': 'gzip', 'CF-Cache-Status': 'DYNAMIC', 'Report-To': '{"endpoints":[{"url":"https:\\/\\/a.nel.cloudflare.com\\/report\\/v4?s=lf26cNkBIhBc0AShjT6ZJDgtohE1WWqCkcCr4oVmu%2BCJdVT0uLOk6bQoVZjQj5FPZMybVAaw3rErnHnR%2FGa7yMTEttcTPgBCfFjLY6n%2BO6TBuvlqY5bD%2BzH3lPalHBa1"}],"group":"cf-nel","max_age":604800}', 'NEL': '{"success_fraction":0,"report_to":"cf-nel","max_age":604800}', 'Server': 'cloudflare', 'CF-RAY': '89e851343d9e081b-IAD', 'alt-svc': 'h3=":443"; ma=86400'} 
 body={"results":[{"gender":"male","name":{"title":"Mr","first":"Ali","last":"Dizdar"},"location":{"street":{"number":3836,"name":"Doktorlar Cd"},"city":"Edirne","state":"Muğla","country":"Turkey","postcode":78599,"coordinates":{"latitude":"69.4217","longitude":"-27.3976"},"timezone":{"offset":"-1:00","description":"Azores, Cape Verde Islands"}},"email":"ali.dizdar@example.com","login":{"uuid":"0466249c-7bf4-495d-a5ff-d41d93e802fe","username":"whitezebra840","password":"edward1","salt":"BS7qJwZi","md5":"6de27c0dc384a706058da470e4efc240","sha1":"ded1a0608ad46e958a4f99ec2e69184b23359b0a","sha256":"68bb5a03b84681f1c8bfb3c2e28176603dac43f7f27a20be4ae28a4fd9230771"},"dob":{"date":"1961-08-25T16:50:36.483Z","age":62},"registered":{"date":"2004-03-11T17:20:25.929Z","age":20},"phone":"(529)-501-9944","cell":"(699)-417-3915","id":{"name":"","value":null},"picture":{"large":"https://randomuser.me/api/portraits/men/81.jpg","medium":"https://randomuser.me/api/portraits/med/men/81.jpg","thumbnail":"https://randomuser.me/api/portraits/thumb/men/81.jpg"},"nat":"TR"}],"info":{"seed":"4f22237f6bc85418","results":1,"page":1,"version":"1.4"}} 
 </msg>
<msg time="2024-07-05T15:16:37.229940" level="INFO">/opt/hostedtoolcache/Python/3.12.4/x64/lib/python3.12/site-packages/urllib3/connectionpool.py:1099: InsecureRequestWarning: Unverified HTTPS request is being made to host 'randomuser.me'. Adding certificate verification is strongly advised. See: https://urllib3.readthedocs.io/en/latest/advanced-usage.html#tls-warnings
  warnings.warn(</msg>
<msg time="2024-07-05T15:16:37.230050" level="INFO">${response} = &lt;Response [200]&gt;</msg>
<var>${response}</var>
<arg>consultarAPI</arg>
<arg>/api</arg>
<doc>Sends a GET request on a previously created HTTP Session.</doc>
<status status="PASS" start="2024-07-05T15:16:37.149048" elapsed="0.081053"/>
</kw>
<kw name="Set Variable" owner="BuiltIn">
<msg time="2024-07-05T15:16:37.231339" level="INFO">${json_data} = {'results': [{'gender': 'male', 'name': {'title': 'Mr', 'first': 'Ali', 'last': 'Dizdar'}, 'location': {'street': {'number': 3836, 'name': 'Doktorlar Cd'}, 'city': 'Edirne', 'state': 'Muğla', 'country...</msg>
<var>${json_data}</var>
<arg>${response.json()}</arg>
<doc>Returns the given values which can then be assigned to a variables.</doc>
<status status="PASS" start="2024-07-05T15:16:37.230648" elapsed="0.000722"/>
</kw>
<kw name="Log" owner="BuiltIn">
<msg time="2024-07-05T15:16:37.231893" level="INFO">{'results': [{'gender': 'male', 'name': {'title': 'Mr', 'first': 'Ali', 'last': 'Dizdar'}, 'location': {'street': {'number': 3836, 'name': 'Doktorlar Cd'}, 'city': 'Edirne', 'state': 'Muğla', 'country': 'Turkey', 'postcode': 78599, 'coordinates': {'latitude': '69.4217', 'longitude': '-27.3976'}, 'timezone': {'offset': '-1:00', 'description': 'Azores, Cape Verde Islands'}}, 'email': 'ali.dizdar@example.com', 'login': {'uuid': '0466249c-7bf4-495d-a5ff-d41d93e802fe', 'username': 'whitezebra840', 'password': 'edward1', 'salt': 'BS7qJwZi', 'md5': '6de27c0dc384a706058da470e4efc240', 'sha1': 'ded1a0608ad46e958a4f99ec2e69184b23359b0a', 'sha256': '68bb5a03b84681f1c8bfb3c2e28176603dac43f7f27a20be4ae28a4fd9230771'}, 'dob': {'date': '1961-08-25T16:50:36.483Z', 'age': 62}, 'registered': {'date': '2004-03-11T17:20:25.929Z', 'age': 20}, 'phone': '(529)-501-9944', 'cell': '(699)-417-3915', 'id': {'name': '', 'value': None}, 'picture': {'large': 'https://randomuser.me/api/portraits/men/81.jpg', 'medium': 'https://randomuser.me/api/portraits/med/men/81.jpg', 'thumbnail': 'https://randomuser.me/api/portraits/thumb/men/81.jpg'}, 'nat': 'TR'}], 'info': {'seed': '4f22237f6bc85418', 'results': 1, 'page': 1, 'version': '1.4'}}</msg>
<arg>${json_data}</arg>
<doc>Logs the given message with the given level.</doc>
<status status="PASS" start="2024-07-05T15:16:37.231686" elapsed="0.000260"/>
</kw>
<kw name="Should Be String" owner="String">
<arg>${json_data['results'][0]['gender']}</arg>
<doc>Fails if the given ``item`` is not a string.</doc>
<status status="PASS" start="2024-07-05T15:16:37.232243" elapsed="0.000360"/>
</kw>
<kw name="Should Match Regexp" owner="BuiltIn">
<arg>${json_data['results'][0]['email']}</arg>
<arg>^[a-zA-Z0-9._%+-]+@[a-zA-Z0-9.-]+\.[a-zA-Z]{2,}$</arg>
<doc>Fails if ``string`` does not match ``pattern`` as a regular expression.</doc>
<status status="PASS" start="2024-07-05T15:16:37.232825" elapsed="0.000520"/>
</kw>
<kw name="Should Match Regexp" owner="BuiltIn">
<arg>${json_data['results'][0]['dob']['date']}</arg>
<arg>\\d{4}-\\d{2}-\\d{2}T\\d{2}:\\d{2}:\\d{2}\\.\\d{3}Z</arg>
<doc>Fails if ``string`` does not match ``pattern`` as a regular expression.</doc>
<status status="PASS" start="2024-07-05T15:16:37.233539" elapsed="0.000518"/>
</kw>
<kw name="Should Match Regexp" owner="BuiltIn">
<arg>${json_data['results'][0]['registered']['date']}</arg>
<arg>\\d{4}-\\d{2}-\\d{2}T\\d{2}:\\d{2}:\\d{2}\\.\\d{3}Z</arg>
<doc>Fails if ``string`` does not match ``pattern`` as a regular expression.</doc>
<status status="PASS" start="2024-07-05T15:16:37.234249" elapsed="0.000375"/>
</kw>
<kw name="Should Match Regexp" owner="BuiltIn">
<arg>${json_data['results'][0]['picture']['large']}</arg>
<arg>^https?://.*\.(?:png|jpe?g|gif|bmp)$</arg>
<doc>Fails if ``string`` does not match ``pattern`` as a regular expression.</doc>
<status status="PASS" start="2024-07-05T15:16:37.234831" elapsed="0.000701"/>
</kw>
<kw name="Should Match Regexp" owner="BuiltIn">
<arg>${json_data['results'][0]['picture']['medium']}</arg>
<arg>^https?://.*\.(?:png|jpe?g|gif|bmp)$</arg>
<doc>Fails if ``string`` does not match ``pattern`` as a regular expression.</doc>
<status status="PASS" start="2024-07-05T15:16:37.235804" elapsed="0.000483"/>
</kw>
<kw name="Should Match Regexp" owner="BuiltIn">
<arg>${json_data['results'][0]['picture']['thumbnail']}</arg>
<arg>^https?://.*\.(?:png|jpe?g|gif|bmp)$</arg>
<doc>Fails if ``string`` does not match ``pattern`` as a regular expression.</doc>
<status status="PASS" start="2024-07-05T15:16:37.236532" elapsed="0.000493"/>
</kw>
<kw name="Log" owner="BuiltIn">
<msg time="2024-07-05T15:16:37.237721" level="INFO">{'large': 'https://randomuser.me/api/portraits/men/81.jpg', 'medium': 'https://randomuser.me/api/portraits/med/men/81.jpg', 'thumbnail': 'https://randomuser.me/api/portraits/thumb/men/81.jpg'}</msg>
<arg>${json_data['results'][0]['picture']}</arg>
<doc>Logs the given message with the given level.</doc>
<status status="PASS" start="2024-07-05T15:16:37.237266" elapsed="0.000509"/>
</kw>
<status status="PASS" start="2024-07-05T15:16:37.148823" elapsed="0.089264"/>
</kw>
<kw name="Teste de Tipos de Dados - Postcode" owner="random-user-service">
<kw name="GET On Session" owner="RequestsLibrary">
<msg time="2024-07-05T15:16:37.324485" level="INFO">GET Request : url=https://randomuser.me/api 
 path_url=/api 
 headers={'User-Agent': 'python-requests/2.32.3', 'Accept-Encoding': 'gzip, deflate', 'Accept': '*/*', 'Connection': 'keep-alive'} 
 body=None 
 </msg>
<msg time="2024-07-05T15:16:37.324549" level="INFO">GET Response : url=https://randomuser.me/api 
 status=200, reason=OK 
 headers={'Date': 'Fri, 05 Jul 2024 15:16:37 GMT', 'Content-Type': 'application/json; charset=utf-8', 'Transfer-Encoding': 'chunked', 'Connection': 'keep-alive', 'X-Powered-By': 'Express', 'Access-Control-Allow-Origin': '*', 'Cache-Control': 'no-cache', 'ETag': 'W/"4ab-upHCJqv3WGZ4El9uWKioqQ2pkF4"', 'Vary': 'Accept-Encoding', 'Content-Encoding': 'gzip', 'CF-Cache-Status': 'DYNAMIC', 'Report-To': '{"endpoints":[{"url":"https:\\/\\/a.nel.cloudflare.com\\/report\\/v4?s=FD429cfO0%2BXxTnF3fiPqWG75DLTp3ZJ%2BH%2FVWQsIjQ%2BWrExasRd0XhCiW85K%2FimOgURQts84uYZUiYVJpXJMtNTYBvA8k6%2BZOJYoL9%2Bh9gEshbwl%2FZJx2lkE%2F3qAptuKd"}],"group":"cf-nel","max_age":604800}', 'NEL': '{"success_fraction":0,"report_to":"cf-nel","max_age":604800}', 'Server': 'cloudflare', 'CF-RAY': '89e85134ce4a081b-IAD', 'alt-svc': 'h3=":443"; ma=86400'} 
 body={"results":[{"gender":"female","name":{"title":"Mrs","first":"Iida","last":"Wirtanen"},"location":{"street":{"number":3043,"name":"Reijolankatu"},"city":"Lappeenranta","state":"Northern Savonia","country":"Finland","postcode":95154,"coordinates":{"latitude":"-28.1741","longitude":"179.8291"},"timezone":{"offset":"-5:00","description":"Eastern Time (US &amp; Canada), Bogota, Lima"}},"email":"iida.wirtanen@example.com","login":{"uuid":"5f544b67-ff80-4d38-866c-84b44f4c6f2c","username":"smalllion350","password":"gadget","salt":"0Gb2nIaA","md5":"d22edfbc20c6b24d946e8f5831a687f0","sha1":"f0d4c408b23b763b46e922b93589c21f92c23b49","sha256":"d4efca5f460c3d24c95b72061431f06d50f867ec5d0554eb9d505ea427ebc6c5"},"dob":{"date":"1985-02-09T14:23:06.204Z","age":39},"registered":{"date":"2008-04-09T11:38:29.505Z","age":16},"phone":"09-274-918","cell":"046-926-57-36","id":{"name":"HETU","value":"NaNNA414undefined"},"picture":{"large":"https://randomuser.me/api/portraits/women/28.jpg","medium":"https://randomuser.me/api/portraits/med/women/28.jpg","thumbnail":"https://randomuser.me/api/portraits/thumb/women/28.jpg"},"nat":"FI"}],"info":{"seed":"5516f2f1d2d403c7","results":1,"page":1,"version":"1.4"}} 
 </msg>
<msg time="2024-07-05T15:16:37.324609" level="INFO">/opt/hostedtoolcache/Python/3.12.4/x64/lib/python3.12/site-packages/urllib3/connectionpool.py:1099: InsecureRequestWarning: Unverified HTTPS request is being made to host 'randomuser.me'. Adding certificate verification is strongly advised. See: https://urllib3.readthedocs.io/en/latest/advanced-usage.html#tls-warnings
  warnings.warn(</msg>
<msg time="2024-07-05T15:16:37.324694" level="INFO">${response} = &lt;Response [200]&gt;</msg>
<var>${response}</var>
<arg>consultarAPI</arg>
<arg>/api</arg>
<doc>Sends a GET request on a previously created HTTP Session.</doc>
<status status="PASS" start="2024-07-05T15:16:37.238531" elapsed="0.086188"/>
</kw>
<kw name="Set Variable" owner="BuiltIn">
<msg time="2024-07-05T15:16:37.325533" level="INFO">${json_data} = {'results': [{'gender': 'female', 'name': {'title': 'Mrs', 'first': 'Iida', 'last': 'Wirtanen'}, 'location': {'street': {'number': 3043, 'name': 'Reijolankatu'}, 'city': 'Lappeenranta', 'state': 'Nort...</msg>
<var>${json_data}</var>
<arg>${response.json()}</arg>
<doc>Returns the given values which can then be assigned to a variables.</doc>
<status status="PASS" start="2024-07-05T15:16:37.325103" elapsed="0.000469"/>
</kw>
<kw name="Log" owner="BuiltIn">
<msg time="2024-07-05T15:16:37.326028" level="INFO">{'results': [{'gender': 'female', 'name': {'title': 'Mrs', 'first': 'Iida', 'last': 'Wirtanen'}, 'location': {'street': {'number': 3043, 'name': 'Reijolankatu'}, 'city': 'Lappeenranta', 'state': 'Northern Savonia', 'country': 'Finland', 'postcode': 95154, 'coordinates': {'latitude': '-28.1741', 'longitude': '179.8291'}, 'timezone': {'offset': '-5:00', 'description': 'Eastern Time (US &amp; Canada), Bogota, Lima'}}, 'email': 'iida.wirtanen@example.com', 'login': {'uuid': '5f544b67-ff80-4d38-866c-84b44f4c6f2c', 'username': 'smalllion350', 'password': 'gadget', 'salt': '0Gb2nIaA', 'md5': 'd22edfbc20c6b24d946e8f5831a687f0', 'sha1': 'f0d4c408b23b763b46e922b93589c21f92c23b49', 'sha256': 'd4efca5f460c3d24c95b72061431f06d50f867ec5d0554eb9d505ea427ebc6c5'}, 'dob': {'date': '1985-02-09T14:23:06.204Z', 'age': 39}, 'registered': {'date': '2008-04-09T11:38:29.505Z', 'age': 16}, 'phone': '09-274-918', 'cell': '046-926-57-36', 'id': {'name': 'HETU', 'value': 'NaNNA414undefined'}, 'picture': {'large': 'https://randomuser.me/api/portraits/women/28.jpg', 'medium': 'https://randomuser.me/api/portraits/med/women/28.jpg', 'thumbnail': 'https://randomuser.me/api/portraits/thumb/women/28.jpg'}, 'nat': 'FI'}], 'info': {'seed': '5516f2f1d2d403c7', 'results': 1, 'page': 1, 'version': '1.4'}}</msg>
<arg>${json_data}</arg>
<doc>Logs the given message with the given level.</doc>
<status status="PASS" start="2024-07-05T15:16:37.325875" elapsed="0.000202"/>
</kw>
<kw name="Should Be Equal As Numbers" owner="BuiltIn">
<arg>${json_data['results'][0]['location']['postcode']}</arg>
<arg>${json_data['results'][0]['location']['postcode']}</arg>
<doc>Fails if objects are unequal after converting them to real numbers.</doc>
<status status="PASS" start="2024-07-05T15:16:37.326369" elapsed="0.000624"/>
</kw>
<kw name="Log" owner="BuiltIn">
<msg time="2024-07-05T15:16:37.327691" level="INFO">95154</msg>
<arg>${json_data['results'][0]['location']['postcode']}</arg>
<doc>Logs the given message with the given level.</doc>
<status status="PASS" start="2024-07-05T15:16:37.327221" elapsed="0.000512"/>
</kw>
<status status="PASS" start="2024-07-05T15:16:37.238308" elapsed="0.089736"/>
</kw>
<doc>Testa se os tipos de dados na resposta da API estão corretos.</doc>
<tag>testeTiposDados</tag>
<status status="PASS" start="2024-07-05T15:16:37.148269" elapsed="0.179937"/>
</test>
<test id="s1-s1-t5" name="Validar conteudo" line="35">
<kw name="Teste de Tipos de Conteudo" owner="random-user-service">
<kw name="GET On Session" owner="RequestsLibrary">
<msg time="2024-07-05T15:16:37.424596" level="INFO">GET Request : url=https://randomuser.me/api 
 path_url=/api 
 headers={'User-Agent': 'python-requests/2.32.3', 'Accept-Encoding': 'gzip, deflate', 'Accept': '*/*', 'Connection': 'keep-alive'} 
 body=None 
 </msg>
<msg time="2024-07-05T15:16:37.424702" level="INFO">GET Response : url=https://randomuser.me/api 
 status=200, reason=OK 
 headers={'Date': 'Fri, 05 Jul 2024 15:16:37 GMT', 'Content-Type': 'application/json; charset=utf-8', 'Transfer-Encoding': 'chunked', 'Connection': 'keep-alive', 'X-Powered-By': 'Express', 'Access-Control-Allow-Origin': '*', 'Cache-Control': 'no-cache', 'ETag': 'W/"489-NmkcgbmaA86wnkC7jkTFQ/1HSKs"', 'Vary': 'Accept-Encoding', 'Content-Encoding': 'gzip', 'CF-Cache-Status': 'DYNAMIC', 'Report-To': '{"endpoints":[{"url":"https:\\/\\/a.nel.cloudflare.com\\/report\\/v4?s=dF1Hdg0TXZgjiKkKEC2iJxTEunDCVgv5ds96ypQnJmsPWmNsD53CGE691ulHoYYV20q%2Fuk%2FJTmjanoy53c6bvuazU6zBPPRoAJa1TiVpNdwi%2FedTmHhWwfXLWMbq92lN"}],"group":"cf-nel","max_age":604800}', 'NEL': '{"success_fraction":0,"report_to":"cf-nel","max_age":604800}', 'Server': 'cloudflare', 'CF-RAY': '89e851355efb081b-IAD', 'alt-svc': 'h3=":443"; ma=86400'} 
 body={"results":[{"gender":"female","name":{"title":"Miss","first":"Caroline","last":"Thomsen"},"location":{"street":{"number":6337,"name":"Sandbjergvej"},"city":"Stenderup","state":"Sjælland","country":"Denmark","postcode":84368,"coordinates":{"latitude":"-41.7938","longitude":"35.3495"},"timezone":{"offset":"+7:00","description":"Bangkok, Hanoi, Jakarta"}},"email":"caroline.thomsen@example.com","login":{"uuid":"2f1cabcd-dadb-4a11-9a85-5cc8bd0b674c","username":"goldenfrog790","password":"lawson","salt":"Q1TOghKO","md5":"b0a809e6cb021fe6e8410162201a1f32","sha1":"810345afae40ed8320d3def558d5ada564dfc811","sha256":"032834f9e6912c8caf03e0cf788c6237069e0497da830dd88fbb4baa176137a9"},"dob":{"date":"1987-04-11T05:34:47.015Z","age":37},"registered":{"date":"2013-03-13T05:26:59.989Z","age":11},"phone":"80744378","cell":"51086471","id":{"name":"CPR","value":"110487-4159"},"picture":{"large":"https://randomuser.me/api/portraits/women/68.jpg","medium":"https://randomuser.me/api/portraits/med/women/68.jpg","thumbnail":"https://randomuser.me/api/portraits/thumb/women/68.jpg"},"nat":"DK"}],"info":{"seed":"5525dd2d83772ba1","results":1,"page":1,"version":"1.4"}} 
 </msg>
<msg time="2024-07-05T15:16:37.424781" level="INFO">/opt/hostedtoolcache/Python/3.12.4/x64/lib/python3.12/site-packages/urllib3/connectionpool.py:1099: InsecureRequestWarning: Unverified HTTPS request is being made to host 'randomuser.me'. Adding certificate verification is strongly advised. See: https://urllib3.readthedocs.io/en/latest/advanced-usage.html#tls-warnings
  warnings.warn(</msg>
<msg time="2024-07-05T15:16:37.424902" level="INFO">${response} = &lt;Response [200]&gt;</msg>
<var>${response}</var>
<arg>consultarAPI</arg>
<arg>/api</arg>
<doc>Sends a GET request on a previously created HTTP Session.</doc>
<status status="PASS" start="2024-07-05T15:16:37.331083" elapsed="0.093845"/>
</kw>
<kw name="Set Variable" owner="BuiltIn">
<msg time="2024-07-05T15:16:37.426028" level="INFO">${json_data} = {'results': [{'gender': 'female', 'name': {'title': 'Miss', 'first': 'Caroline', 'last': 'Thomsen'}, 'location': {'street': {'number': 6337, 'name': 'Sandbjergvej'}, 'city': 'Stenderup', 'state': 'Sjæ...</msg>
<var>${json_data}</var>
<arg>${response.json()}</arg>
<doc>Returns the given values which can then be assigned to a variables.</doc>
<status status="PASS" start="2024-07-05T15:16:37.425503" elapsed="0.000555"/>
</kw>
<kw name="Set Variable" owner="BuiltIn">
<msg time="2024-07-05T15:16:37.426747" level="INFO">${name_title} = Miss</msg>
<var>${name_title}</var>
<arg>${json_data["results"][0]["name"]["title"]}</arg>
<doc>Returns the given values which can then be assigned to a variables.</doc>
<status status="PASS" start="2024-07-05T15:16:37.426363" elapsed="0.000410"/>
</kw>
<kw name="Create List" owner="BuiltIn">
<msg time="2024-07-05T15:16:37.427213" level="INFO">${allowed_titles} = ['Mr', 'Ms', 'Miss', 'Mrs', 'Madame', 'Monsieur']</msg>
<var>${allowed_titles}</var>
<arg>Mr</arg>
<arg>Ms</arg>
<arg>Miss</arg>
<arg>Mrs</arg>
<arg>Madame</arg>
<arg>Monsieur</arg>
<doc>Returns a list containing given items.</doc>
<status status="PASS" start="2024-07-05T15:16:37.427068" elapsed="0.000169"/>
</kw>
<kw name="List Should Contain Value" owner="Collections">
<arg>${allowed_titles}</arg>
<arg>${name_title}</arg>
<doc>Fails if the ``value`` is not found from ``list``.</doc>
<status status="PASS" start="2024-07-05T15:16:37.427536" elapsed="0.000175"/>
</kw>
<kw name="Set Variable" owner="BuiltIn">
<msg time="2024-07-05T15:16:37.428307" level="INFO">${name_country} = DK</msg>
<var>${name_country}</var>
<arg>${json_data["results"][0]["nat"]}</arg>
<doc>Returns the given values which can then be assigned to a variables.</doc>
<status status="PASS" start="2024-07-05T15:16:37.427943" elapsed="0.000389"/>
</kw>
<kw name="Create List" owner="BuiltIn">
<msg time="2024-07-05T15:16:37.429210" level="INFO">${list_country} = ['AD', 'AE', 'AF', 'AG', 'AI', 'AL', 'AM', 'AO', 'AQ', 'AR', 'AS', 'AT', 'AU', 'AW', 'AX', 'AZ', 'BA', 'BB', 'BD', 'BE', 'BF', 'BG', 'BH', 'BI', 'BJ', 'BL', 'BM', 'BN', 'BO', 'BQ', 'BR', 'BS', 'BT', '...</msg>
<var>${list_country}</var>
<arg>AD</arg>
<arg>AE</arg>
<arg>AF</arg>
<arg>AG</arg>
<arg>AI</arg>
<arg>AL</arg>
<arg>AM</arg>
<arg>AO</arg>
<arg>AQ</arg>
<arg>AR</arg>
<arg>AS</arg>
<arg>AT</arg>
<arg>AU</arg>
<arg>AW</arg>
<arg>AX</arg>
<arg>AZ</arg>
<arg>BA</arg>
<arg>BB</arg>
<arg>BD</arg>
<arg>BE</arg>
<arg>BF</arg>
<arg>BG</arg>
<arg>BH</arg>
<arg>BI</arg>
<arg>BJ</arg>
<arg>BL</arg>
<arg>BM</arg>
<arg>BN</arg>
<arg>BO</arg>
<arg>BQ</arg>
<arg>BR</arg>
<arg>BS</arg>
<arg>BT</arg>
<arg>BV</arg>
<arg>BW</arg>
<arg>BY</arg>
<arg>BZ</arg>
<arg>CA</arg>
<arg>CC</arg>
<arg>CD</arg>
<arg>CF</arg>
<arg>CG</arg>
<arg>CH</arg>
<arg>CI</arg>
<arg>CK</arg>
<arg>CL</arg>
<arg>CM</arg>
<arg>CN</arg>
<arg>CO</arg>
<arg>CR</arg>
<arg>CU</arg>
<arg>CV</arg>
<arg>CW</arg>
<arg>CX</arg>
<arg>CY</arg>
<arg>CZ</arg>
<arg>DE</arg>
<arg>DJ</arg>
<arg>DK</arg>
<arg>DM</arg>
<arg>DO</arg>
<arg>DZ</arg>
<arg>EC</arg>
<arg>EE</arg>
<arg>EG</arg>
<arg>EH</arg>
<arg>ER</arg>
<arg>ES</arg>
<arg>ET</arg>
<arg>FI</arg>
<arg>FJ</arg>
<arg>FK</arg>
<arg>FM</arg>
<arg>FO</arg>
<arg>FR</arg>
<arg>GA</arg>
<arg>GB</arg>
<arg>GD</arg>
<arg>GE</arg>
<arg>GF</arg>
<arg>GG</arg>
<arg>GH</arg>
<arg>GI</arg>
<arg>GL</arg>
<arg>GM</arg>
<arg>GN</arg>
<arg>GP</arg>
<arg>GQ</arg>
<arg>GR</arg>
<arg>GS</arg>
<arg>GT</arg>
<arg>GU</arg>
<arg>GW</arg>
<arg>GY</arg>
<arg>HK</arg>
<arg>HM</arg>
<arg>HN</arg>
<arg>HR</arg>
<arg>HT</arg>
<arg>HU</arg>
<arg>ID</arg>
<arg>IE</arg>
<arg>IL</arg>
<arg>IM</arg>
<arg>IN</arg>
<arg>IO</arg>
<arg>IQ</arg>
<arg>IR</arg>
<arg>IS</arg>
<arg>IT</arg>
<arg>JE</arg>
<arg>JM</arg>
<arg>JO</arg>
<arg>JP</arg>
<arg>KE</arg>
<arg>KG</arg>
<arg>KH</arg>
<arg>KI</arg>
<arg>KM</arg>
<arg>KN</arg>
<arg>KP</arg>
<arg>KR</arg>
<arg>KW</arg>
<arg>KY</arg>
<arg>KZ</arg>
<arg>LA</arg>
<arg>LB</arg>
<arg>LC</arg>
<arg>LI</arg>
<arg>LK</arg>
<arg>LR</arg>
<arg>LS</arg>
<arg>LT</arg>
<arg>LU</arg>
<arg>LV</arg>
<arg>LY</arg>
<arg>MA</arg>
<arg>MC</arg>
<arg>MD</arg>
<arg>ME</arg>
<arg>MF</arg>
<arg>MG</arg>
<arg>MH</arg>
<arg>MK</arg>
<arg>ML</arg>
<arg>MM</arg>
<arg>MN</arg>
<arg>MO</arg>
<arg>MP</arg>
<arg>MQ</arg>
<arg>MR</arg>
<arg>MS</arg>
<arg>MT</arg>
<arg>MU</arg>
<arg>MV</arg>
<arg>MW</arg>
<arg>MX</arg>
<arg>MY</arg>
<arg>MZ</arg>
<arg>NA</arg>
<arg>NC</arg>
<arg>NE</arg>
<arg>NF</arg>
<arg>NG</arg>
<arg>NI</arg>
<arg>NL</arg>
<arg>NO</arg>
<arg>NP</arg>
<arg>NR</arg>
<arg>NU</arg>
<arg>NZ</arg>
<arg>OM</arg>
<arg>PA</arg>
<arg>PE</arg>
<arg>PF</arg>
<arg>PG</arg>
<arg>PH</arg>
<arg>PK</arg>
<arg>PL</arg>
<arg>PM</arg>
<arg>PN</arg>
<arg>PR</arg>
<arg>PS</arg>
<arg>PT</arg>
<arg>PW</arg>
<arg>PY</arg>
<arg>QA</arg>
<arg>RE</arg>
<arg>RO</arg>
<arg>RS</arg>
<arg>RU</arg>
<arg>RW</arg>
<arg>SA</arg>
<arg>SB</arg>
<arg>SC</arg>
<arg>SD</arg>
<arg>SE</arg>
<arg>SG</arg>
<arg>SH</arg>
<arg>SI</arg>
<arg>SJ</arg>
<arg>SK</arg>
<arg>SL</arg>
<arg>SM</arg>
<arg>SN</arg>
<arg>SO</arg>
<arg>SR</arg>
<arg>SS</arg>
<arg>ST</arg>
<arg>SV</arg>
<arg>SX</arg>
<arg>SY</arg>
<arg>SZ</arg>
<arg>TC</arg>
<arg>TD</arg>
<arg>TF</arg>
<arg>TG</arg>
<arg>TH</arg>
<arg>TJ</arg>
<arg>TK</arg>
<arg>TL</arg>
<arg>TM</arg>
<arg>TN</arg>
<arg>TO</arg>
<arg>TR</arg>
<arg>TT</arg>
<arg>TV</arg>
<arg>TW</arg>
<arg>TZ</arg>
<arg>UA</arg>
<arg>UG</arg>
<arg>UM</arg>
<arg>US</arg>
<arg>UY</arg>
<arg>UZ</arg>
<arg>VA</arg>
<arg>VC</arg>
<arg>VE</arg>
<arg>VG</arg>
<arg>VI</arg>
<arg>VN</arg>
<arg>VU</arg>
<arg>WF</arg>
<arg>WS</arg>
<arg>XK</arg>
<arg>YE</arg>
<arg>YT</arg>
<arg>ZA</arg>
<arg>ZM</arg>
<arg>ZW</arg>
<doc>Returns a list containing given items.</doc>
<status status="PASS" start="2024-07-05T15:16:37.428622" elapsed="0.000614"/>
</kw>
<kw name="List Should Contain Value" owner="Collections">
<arg>${list_country}</arg>
<arg>${name_country}</arg>
<doc>Fails if the ``value`` is not found from ``list``.</doc>
<status status="PASS" start="2024-07-05T15:16:37.430038" elapsed="0.000200"/>
</kw>
<kw name="Run Keyword If" owner="BuiltIn">
<kw name="Should Be True" owner="BuiltIn">
<arg>${True}</arg>
<doc>Fails if the given condition is not true.</doc>
<status status="PASS" start="2024-07-05T15:16:37.431179" elapsed="0.000145"/>
</kw>
<arg>${json_data["results"][0]["location"]["coordinates"]["latitude"]} &gt;= -90 and ${json_data["results"][0]["location"]["coordinates"]["latitude"]} &lt;= 90</arg>
<arg>Should Be True</arg>
<arg>${True}</arg>
<doc>Runs the given keyword with the given arguments, if ``condition`` is true.</doc>
<status status="PASS" start="2024-07-05T15:16:37.430433" elapsed="0.001018"/>
</kw>
<kw name="Run Keyword If" owner="BuiltIn">
<kw name="Should Be True" owner="BuiltIn">
<arg>${True}</arg>
<doc>Fails if the given condition is not true.</doc>
<status status="PASS" start="2024-07-05T15:16:37.432352" elapsed="0.000243"/>
</kw>
<arg>${json_data["results"][0]["location"]["coordinates"]["longitude"]} &gt;= -180 and ${json_data["results"][0]["location"]["coordinates"]["longitude"]} &lt;= 180</arg>
<arg>Should Be True</arg>
<arg>${True}</arg>
<doc>Runs the given keyword with the given arguments, if ``condition`` is true.</doc>
<status status="PASS" start="2024-07-05T15:16:37.431633" elapsed="0.001089"/>
</kw>
<status status="PASS" start="2024-07-05T15:16:37.330723" elapsed="0.102152"/>
</kw>
<doc>Testa o conteúdo específico dos campos retornados pela API.</doc>
<tag>testeConteudo</tag>
<status status="PASS" start="2024-07-05T15:16:37.330065" elapsed="0.102974"/>
</test>
<status status="PASS" start="2024-07-05T15:16:36.405518" elapsed="1.029450"/>
</suite>
<status status="PASS" start="2024-07-05T15:16:36.391262" elapsed="1.048744"/>
</suite>
<statistics>
<total>
<stat pass="5" fail="0" skip="0">All Tests</stat>
</total>
<tag>
<stat pass="1" fail="0" skip="0">testeConteudo</stat>
<stat pass="1" fail="0" skip="0">testeEstruturaResposta</stat>
<stat pass="1" fail="0" skip="0">testeRequisicaoBasica</stat>
<stat pass="1" fail="0" skip="0">testeTiposDados</stat>
</tag>
<suite>
<stat pass="5" fail="0" skip="0" id="s1" name="Tests">Tests</stat>
<stat pass="5" fail="0" skip="0" id="s1-s1" name="Random-User-Test">Tests.Random-User-Test</stat>
</suite>
</statistics>
<errors>
</errors>
</robot>
