<?xml version="1.0" encoding="UTF-8"?>
<robot generator="Robot 7.0.1 (Python 3.12.3 on linux)" generated="2024-06-17T12:28:53.455477" rpa="false" schemaversion="5">
<suite id="s1" name="Tests" source="/home/runner/work/ApiRandomUser/ApiRandomUser/RamdonUser/tests">
<suite id="s1-s1" name="Random-User-Test" source="/home/runner/work/ApiRandomUser/ApiRandomUser/RamdonUser/tests/random-user-test.robot">
<test id="s1-s1-t1" name="Conectar" line="13">
<kw name="Conectar API" owner="random-user-service">
<kw name="Create Session" owner="RequestsLibrary">
<msg time="2024-06-17T12:28:53.865737" level="INFO">Creating Session using : alias=consultarAPI, url=https://randomuser.me/, headers={},                     cookies={}, auth=None, timeout=None, proxies=None, verify=False,                     debug=0 </msg>
<arg>consultarAPI</arg>
<arg>${URL}</arg>
<doc>Create Session: create a HTTP session to a server</doc>
<status status="PASS" start="2024-06-17T12:28:53.865510" elapsed="0.000398"/>
</kw>
<status status="PASS" start="2024-06-17T12:28:53.864507" elapsed="0.001758"/>
</kw>
<status status="PASS" start="2024-06-17T12:28:53.863909" elapsed="0.002550"/>
</test>
<test id="s1-s1-t2" name="Validar retorno 200 e JSON Válido" line="16">
<kw name="Teste de Requisicao Basica" owner="random-user-service">
<kw name="GET On Session" owner="RequestsLibrary">
<msg time="2024-06-17T12:28:54.005396" level="INFO">GET Request : url=https://randomuser.me/api 
 path_url=/api 
 headers={'User-Agent': 'python-requests/2.32.3', 'Accept-Encoding': 'gzip, deflate', 'Accept': '*/*', 'Connection': 'keep-alive'} 
 body=None 
 </msg>
<msg time="2024-06-17T12:28:54.005545" level="INFO">GET Response : url=https://randomuser.me/api 
 status=200, reason=OK 
 headers={'Date': 'Mon, 17 Jun 2024 12:28:54 GMT', 'Content-Type': 'application/json; charset=utf-8', 'Transfer-Encoding': 'chunked', 'Connection': 'keep-alive', 'X-Powered-By': 'Express', 'Access-Control-Allow-Origin': '*', 'Cache-Control': 'no-cache', 'ETag': 'W/"47a-V3sGSVXzJvifKrYAYNE8yBpvMDs"', 'Vary': 'Accept-Encoding', 'Content-Encoding': 'gzip', 'CF-Cache-Status': 'DYNAMIC', 'Report-To': '{"endpoints":[{"url":"https:\\/\\/a.nel.cloudflare.com\\/report\\/v4?s=Fqw1Gp2tAvNbFPdCt5DL8nfxO433c7%2B%2BoDVscJH1yvdQ6kSdSGSj1GGljRzfa4j6nJjeVuEq5qxMUng%2FGyC9SBN9gT5G1v4LzDndEH%2Bt9cQDqDNEvpKLtBUxWUesPL%2B4"}],"group":"cf-nel","max_age":604800}', 'NEL': '{"success_fraction":0,"report_to":"cf-nel","max_age":604800}', 'Server': 'cloudflare', 'CF-RAY': '89530ac4dc746894-SJC', 'alt-svc': 'h3=":443"; ma=86400'} 
 body={"results":[{"gender":"female","name":{"title":"Mrs","first":"Nanna","last":"Larsen"},"location":{"street":{"number":6455,"name":"Nyvangsvej"},"city":"Århus C.","state":"Sjælland","country":"Denmark","postcode":89857,"coordinates":{"latitude":"-39.6462","longitude":"178.7315"},"timezone":{"offset":"-11:00","description":"Midway Island, Samoa"}},"email":"nanna.larsen@example.com","login":{"uuid":"b670a9fa-e060-4c29-bc7a-0d4f62877653","username":"redbear869","password":"joseph1","salt":"dzbViJEU","md5":"d0f2eb2a421ff2e37abf079899e9ecea","sha1":"092743db28df2b0f6b6245a3b9783e9e290e6ea2","sha256":"233374630305bacf43d2d316a945aef8eb5f48d6a7292c3210b940dc16e5bb15"},"dob":{"date":"1959-01-23T23:24:04.175Z","age":65},"registered":{"date":"2022-02-19T22:41:47.462Z","age":2},"phone":"15444320","cell":"29666764","id":{"name":"CPR","value":"230159-1029"},"picture":{"large":"https://randomuser.me/api/portraits/women/41.jpg","medium":"https://randomuser.me/api/portraits/med/women/41.jpg","thumbnail":"https://randomuser.me/api/portraits/thumb/women/41.jpg"},"nat":"DK"}],"info":{"seed":"c6e89e17597caa0d","results":1,"page":1,"version":"1.4"}} 
 </msg>
<msg time="2024-06-17T12:28:54.005657" level="INFO">/opt/hostedtoolcache/Python/3.12.3/x64/lib/python3.12/site-packages/urllib3/connectionpool.py:1103: InsecureRequestWarning: Unverified HTTPS request is being made to host 'randomuser.me'. Adding certificate verification is strongly advised. See: https://urllib3.readthedocs.io/en/latest/advanced-usage.html#tls-warnings
  warnings.warn(</msg>
<msg time="2024-06-17T12:28:54.005791" level="INFO">${response} = &lt;Response [200]&gt;</msg>
<var>${response}</var>
<arg>consultarAPI</arg>
<arg>/api</arg>
<doc>Sends a GET request on a previously created HTTP Session.</doc>
<status status="PASS" start="2024-06-17T12:28:53.869110" elapsed="0.136723"/>
</kw>
<kw name="Should Be Equal As Numbers" owner="BuiltIn">
<msg time="2024-06-17T12:28:54.006881" level="INFO">Argument types are:
&lt;class 'int'&gt;
&lt;class 'str'&gt;</msg>
<arg>${response.status_code}</arg>
<arg>200</arg>
<doc>Fails if objects are unequal after converting them to real numbers.</doc>
<status status="PASS" start="2024-06-17T12:28:54.006400" elapsed="0.000552"/>
</kw>
<kw name="Log" owner="BuiltIn">
<msg time="2024-06-17T12:28:54.007631" level="INFO">200</msg>
<arg>${response.status_code}</arg>
<doc>Logs the given message with the given level.</doc>
<status status="PASS" start="2024-06-17T12:28:54.007289" elapsed="0.000389"/>
</kw>
<kw name="Set Variable" owner="BuiltIn">
<msg time="2024-06-17T12:28:54.008412" level="INFO">${json_data} = {'results': [{'gender': 'female', 'name': {'title': 'Mrs', 'first': 'Nanna', 'last': 'Larsen'}, 'location': {'street': {'number': 6455, 'name': 'Nyvangsvej'}, 'city': 'Århus C.', 'state': 'Sjælland', ...</msg>
<var>${json_data}</var>
<arg>${response.json()}</arg>
<doc>Returns the given values which can then be assigned to a variables.</doc>
<status status="PASS" start="2024-06-17T12:28:54.007977" elapsed="0.000463"/>
</kw>
<kw name="Dictionary Should Contain Key" owner="Collections">
<arg>${json_data}</arg>
<arg>results</arg>
<doc>Fails if ``key`` is not found from ``dictionary``.</doc>
<status status="PASS" start="2024-06-17T12:28:54.008735" elapsed="0.000170"/>
</kw>
<status status="PASS" start="2024-06-17T12:28:53.868871" elapsed="0.140182"/>
</kw>
<doc>Testa se a API responde corretamente e retorna um objeto JSON válido.</doc>
<tag>testeRequisicaoBasica</tag>
<status status="PASS" start="2024-06-17T12:28:53.868319" elapsed="0.140910"/>
</test>
<test id="s1-s1-t3" name="Validar estrutura de resposta" line="22">
<kw name="Teste de Estrutura de Resposta" owner="random-user-service">
<kw name="GET On Session" owner="RequestsLibrary">
<msg time="2024-06-17T12:28:54.100345" level="INFO">GET Request : url=https://randomuser.me/api 
 path_url=/api 
 headers={'User-Agent': 'python-requests/2.32.3', 'Accept-Encoding': 'gzip, deflate', 'Accept': '*/*', 'Connection': 'keep-alive'} 
 body=None 
 </msg>
<msg time="2024-06-17T12:28:54.100436" level="INFO">GET Response : url=https://randomuser.me/api 
 status=200, reason=OK 
 headers={'Date': 'Mon, 17 Jun 2024 12:28:54 GMT', 'Content-Type': 'application/json; charset=utf-8', 'Transfer-Encoding': 'chunked', 'Connection': 'keep-alive', 'X-Powered-By': 'Express', 'Access-Control-Allow-Origin': '*', 'Cache-Control': 'no-cache', 'ETag': 'W/"4ae-GMWPT57Ue79zCgdP0ys6Y7yphx8"', 'Vary': 'Accept-Encoding', 'Content-Encoding': 'gzip', 'CF-Cache-Status': 'DYNAMIC', 'Report-To': '{"endpoints":[{"url":"https:\\/\\/a.nel.cloudflare.com\\/report\\/v4?s=P6EZafiVgNHtGoCDplvGZWX3BrwpyZRR1AZjzJYyRJl8%2FYTmwVGLaoCchSzGWa3Z28aJAKdgmSMmw0AnRbVwpbHdsb5uc9OBQWSaHYQYcc3kr4XuNt%2BaPikHP%2FuGGzYx"}],"group":"cf-nel","max_age":604800}', 'NEL': '{"success_fraction":0,"report_to":"cf-nel","max_age":604800}', 'Server': 'cloudflare', 'CF-RAY': '89530ac59ccd6894-SJC', 'alt-svc': 'h3=":443"; ma=86400'} 
 body={"results":[{"gender":"female","name":{"title":"Mademoiselle","first":"Natasa","last":"Louis"},"location":{"street":{"number":7380,"name":"Avenue Vauban"},"city":"Schwadernau","state":"Glarus","country":"Switzerland","postcode":7270,"coordinates":{"latitude":"-59.1557","longitude":"146.0409"},"timezone":{"offset":"+10:00","description":"Eastern Australia, Guam, Vladivostok"}},"email":"natasa.louis@example.com","login":{"uuid":"c98fb1c5-34a9-4741-a4ff-8110c1b4fff0","username":"yellowleopard184","password":"veritas","salt":"tMJCqf6r","md5":"f8fecc587540bd32282ea7a56d908da1","sha1":"1652cd336ff9d52c4d5ab691be5718a260719916","sha256":"6e1d253088a413651f860a19323f466435fa76e63f0dea839102b810eb29bd39"},"dob":{"date":"1948-12-09T20:26:41.429Z","age":75},"registered":{"date":"2002-05-12T21:25:40.691Z","age":22},"phone":"076 999 04 15","cell":"075 818 42 94","id":{"name":"AVS","value":"756.6027.3282.10"},"picture":{"large":"https://randomuser.me/api/portraits/women/73.jpg","medium":"https://randomuser.me/api/portraits/med/women/73.jpg","thumbnail":"https://randomuser.me/api/portraits/thumb/women/73.jpg"},"nat":"CH"}],"info":{"seed":"02d049e840048062","results":1,"page":1,"version":"1.4"}} 
 </msg>
<msg time="2024-06-17T12:28:54.100580" level="INFO">/opt/hostedtoolcache/Python/3.12.3/x64/lib/python3.12/site-packages/urllib3/connectionpool.py:1103: InsecureRequestWarning: Unverified HTTPS request is being made to host 'randomuser.me'. Adding certificate verification is strongly advised. See: https://urllib3.readthedocs.io/en/latest/advanced-usage.html#tls-warnings
  warnings.warn(</msg>
<msg time="2024-06-17T12:28:54.100721" level="INFO">${response} = &lt;Response [200]&gt;</msg>
<var>${response}</var>
<arg>consultarAPI</arg>
<arg>/api</arg>
<doc>Sends a GET request on a previously created HTTP Session.</doc>
<status status="PASS" start="2024-06-17T12:28:54.012039" elapsed="0.088736"/>
</kw>
<kw name="Set Variable" owner="BuiltIn">
<msg time="2024-06-17T12:28:54.101912" level="INFO">${json_data} = {'results': [{'gender': 'female', 'name': {'title': 'Mademoiselle', 'first': 'Natasa', 'last': 'Louis'}, 'location': {'street': {'number': 7380, 'name': 'Avenue Vauban'}, 'city': 'Schwadernau', 'state...</msg>
<var>${json_data}</var>
<arg>${response.json()}</arg>
<doc>Returns the given values which can then be assigned to a variables.</doc>
<status status="PASS" start="2024-06-17T12:28:54.101290" elapsed="0.000651"/>
</kw>
<kw name="Log" owner="BuiltIn">
<msg time="2024-06-17T12:28:54.102412" level="INFO">{'results': [{'gender': 'female', 'name': {'title': 'Mademoiselle', 'first': 'Natasa', 'last': 'Louis'}, 'location': {'street': {'number': 7380, 'name': 'Avenue Vauban'}, 'city': 'Schwadernau', 'state': 'Glarus', 'country': 'Switzerland', 'postcode': 7270, 'coordinates': {'latitude': '-59.1557', 'longitude': '146.0409'}, 'timezone': {'offset': '+10:00', 'description': 'Eastern Australia, Guam, Vladivostok'}}, 'email': 'natasa.louis@example.com', 'login': {'uuid': 'c98fb1c5-34a9-4741-a4ff-8110c1b4fff0', 'username': 'yellowleopard184', 'password': 'veritas', 'salt': 'tMJCqf6r', 'md5': 'f8fecc587540bd32282ea7a56d908da1', 'sha1': '1652cd336ff9d52c4d5ab691be5718a260719916', 'sha256': '6e1d253088a413651f860a19323f466435fa76e63f0dea839102b810eb29bd39'}, 'dob': {'date': '1948-12-09T20:26:41.429Z', 'age': 75}, 'registered': {'date': '2002-05-12T21:25:40.691Z', 'age': 22}, 'phone': '076 999 04 15', 'cell': '075 818 42 94', 'id': {'name': 'AVS', 'value': '756.6027.3282.10'}, 'picture': {'large': 'https://randomuser.me/api/portraits/women/73.jpg', 'medium': 'https://randomuser.me/api/portraits/med/women/73.jpg', 'thumbnail': 'https://randomuser.me/api/portraits/thumb/women/73.jpg'}, 'nat': 'CH'}], 'info': {'seed': '02d049e840048062', 'results': 1, 'page': 1, 'version': '1.4'}}</msg>
<arg>${json_data}</arg>
<doc>Logs the given message with the given level.</doc>
<status status="PASS" start="2024-06-17T12:28:54.102251" elapsed="0.000207"/>
</kw>
<kw name="Dictionary Should Contain Key" owner="Collections">
<arg>${json_data}</arg>
<arg>results</arg>
<doc>Fails if ``key`` is not found from ``dictionary``.</doc>
<status status="PASS" start="2024-06-17T12:28:54.102745" elapsed="0.000159"/>
</kw>
<kw name="Should Not Be Empty" owner="BuiltIn">
<msg time="2024-06-17T12:28:54.103212" level="INFO">Length is 2.</msg>
<arg>${json_data}</arg>
<doc>Verifies that the given item is not empty.</doc>
<status status="PASS" start="2024-06-17T12:28:54.103088" elapsed="0.000161"/>
</kw>
<kw name="Create List" owner="BuiltIn">
<msg time="2024-06-17T12:28:54.103753" level="INFO">${expected_keys} = ['gender', 'name', 'location', 'email', 'login']</msg>
<var>${expected_keys}</var>
<arg>gender</arg>
<arg>name</arg>
<arg>location</arg>
<arg>email</arg>
<arg>login</arg>
<doc>Returns a list containing given items.</doc>
<status status="PASS" start="2024-06-17T12:28:54.103573" elapsed="0.000216"/>
</kw>
<for flavor="IN">
<iter>
<kw name="Dictionary Should Contain Key" owner="Collections">
<arg>${json_data['results'][0]}</arg>
<arg>${key}</arg>
<doc>Fails if ``key`` is not found from ``dictionary``.</doc>
<status status="PASS" start="2024-06-17T12:28:54.104453" elapsed="0.000420"/>
</kw>
<kw name="Log" owner="BuiltIn">
<msg time="2024-06-17T12:28:54.105442" level="INFO">{'gender': 'female', 'name': {'title': 'Mademoiselle', 'first': 'Natasa', 'last': 'Louis'}, 'location': {'street': {'number': 7380, 'name': 'Avenue Vauban'}, 'city': 'Schwadernau', 'state': 'Glarus', 'country': 'Switzerland', 'postcode': 7270, 'coordinates': {'latitude': '-59.1557', 'longitude': '146.0409'}, 'timezone': {'offset': '+10:00', 'description': 'Eastern Australia, Guam, Vladivostok'}}, 'email': 'natasa.louis@example.com', 'login': {'uuid': 'c98fb1c5-34a9-4741-a4ff-8110c1b4fff0', 'username': 'yellowleopard184', 'password': 'veritas', 'salt': 'tMJCqf6r', 'md5': 'f8fecc587540bd32282ea7a56d908da1', 'sha1': '1652cd336ff9d52c4d5ab691be5718a260719916', 'sha256': '6e1d253088a413651f860a19323f466435fa76e63f0dea839102b810eb29bd39'}, 'dob': {'date': '1948-12-09T20:26:41.429Z', 'age': 75}, 'registered': {'date': '2002-05-12T21:25:40.691Z', 'age': 22}, 'phone': '076 999 04 15', 'cell': '075 818 42 94', 'id': {'name': 'AVS', 'value': '756.6027.3282.10'}, 'picture': {'large': 'https://randomuser.me/api/portraits/women/73.jpg', 'medium': 'https://randomuser.me/api/portraits/med/women/73.jpg', 'thumbnail': 'https://randomuser.me/api/portraits/thumb/women/73.jpg'}, 'nat': 'CH'}</msg>
<arg>${json_data['results'][0]}</arg>
<doc>Logs the given message with the given level.</doc>
<status status="PASS" start="2024-06-17T12:28:54.105066" elapsed="0.000426"/>
</kw>
<kw name="Log" owner="BuiltIn">
<msg time="2024-06-17T12:28:54.105956" level="INFO">gender</msg>
<arg>${key}</arg>
<doc>Logs the given message with the given level.</doc>
<status status="PASS" start="2024-06-17T12:28:54.105823" elapsed="0.000171"/>
</kw>
<var name="${key}">gender</var>
<status status="PASS" start="2024-06-17T12:28:54.104325" elapsed="0.001895"/>
</iter>
<iter>
<kw name="Dictionary Should Contain Key" owner="Collections">
<arg>${json_data['results'][0]}</arg>
<arg>${key}</arg>
<doc>Fails if ``key`` is not found from ``dictionary``.</doc>
<status status="PASS" start="2024-06-17T12:28:54.106517" elapsed="0.000383"/>
</kw>
<kw name="Log" owner="BuiltIn">
<msg time="2024-06-17T12:28:54.107469" level="INFO">{'gender': 'female', 'name': {'title': 'Mademoiselle', 'first': 'Natasa', 'last': 'Louis'}, 'location': {'street': {'number': 7380, 'name': 'Avenue Vauban'}, 'city': 'Schwadernau', 'state': 'Glarus', 'country': 'Switzerland', 'postcode': 7270, 'coordinates': {'latitude': '-59.1557', 'longitude': '146.0409'}, 'timezone': {'offset': '+10:00', 'description': 'Eastern Australia, Guam, Vladivostok'}}, 'email': 'natasa.louis@example.com', 'login': {'uuid': 'c98fb1c5-34a9-4741-a4ff-8110c1b4fff0', 'username': 'yellowleopard184', 'password': 'veritas', 'salt': 'tMJCqf6r', 'md5': 'f8fecc587540bd32282ea7a56d908da1', 'sha1': '1652cd336ff9d52c4d5ab691be5718a260719916', 'sha256': '6e1d253088a413651f860a19323f466435fa76e63f0dea839102b810eb29bd39'}, 'dob': {'date': '1948-12-09T20:26:41.429Z', 'age': 75}, 'registered': {'date': '2002-05-12T21:25:40.691Z', 'age': 22}, 'phone': '076 999 04 15', 'cell': '075 818 42 94', 'id': {'name': 'AVS', 'value': '756.6027.3282.10'}, 'picture': {'large': 'https://randomuser.me/api/portraits/women/73.jpg', 'medium': 'https://randomuser.me/api/portraits/med/women/73.jpg', 'thumbnail': 'https://randomuser.me/api/portraits/thumb/women/73.jpg'}, 'nat': 'CH'}</msg>
<arg>${json_data['results'][0]}</arg>
<doc>Logs the given message with the given level.</doc>
<status status="PASS" start="2024-06-17T12:28:54.107119" elapsed="0.000399"/>
</kw>
<kw name="Log" owner="BuiltIn">
<msg time="2024-06-17T12:28:54.107948" level="INFO">name</msg>
<arg>${key}</arg>
<doc>Logs the given message with the given level.</doc>
<status status="PASS" start="2024-06-17T12:28:54.107814" elapsed="0.000171"/>
</kw>
<var name="${key}">name</var>
<status status="PASS" start="2024-06-17T12:28:54.106406" elapsed="0.001794"/>
</iter>
<iter>
<kw name="Dictionary Should Contain Key" owner="Collections">
<arg>${json_data['results'][0]}</arg>
<arg>${key}</arg>
<doc>Fails if ``key`` is not found from ``dictionary``.</doc>
<status status="PASS" start="2024-06-17T12:28:54.108484" elapsed="0.000379"/>
</kw>
<kw name="Log" owner="BuiltIn">
<msg time="2024-06-17T12:28:54.109395" level="INFO">{'gender': 'female', 'name': {'title': 'Mademoiselle', 'first': 'Natasa', 'last': 'Louis'}, 'location': {'street': {'number': 7380, 'name': 'Avenue Vauban'}, 'city': 'Schwadernau', 'state': 'Glarus', 'country': 'Switzerland', 'postcode': 7270, 'coordinates': {'latitude': '-59.1557', 'longitude': '146.0409'}, 'timezone': {'offset': '+10:00', 'description': 'Eastern Australia, Guam, Vladivostok'}}, 'email': 'natasa.louis@example.com', 'login': {'uuid': 'c98fb1c5-34a9-4741-a4ff-8110c1b4fff0', 'username': 'yellowleopard184', 'password': 'veritas', 'salt': 'tMJCqf6r', 'md5': 'f8fecc587540bd32282ea7a56d908da1', 'sha1': '1652cd336ff9d52c4d5ab691be5718a260719916', 'sha256': '6e1d253088a413651f860a19323f466435fa76e63f0dea839102b810eb29bd39'}, 'dob': {'date': '1948-12-09T20:26:41.429Z', 'age': 75}, 'registered': {'date': '2002-05-12T21:25:40.691Z', 'age': 22}, 'phone': '076 999 04 15', 'cell': '075 818 42 94', 'id': {'name': 'AVS', 'value': '756.6027.3282.10'}, 'picture': {'large': 'https://randomuser.me/api/portraits/women/73.jpg', 'medium': 'https://randomuser.me/api/portraits/med/women/73.jpg', 'thumbnail': 'https://randomuser.me/api/portraits/thumb/women/73.jpg'}, 'nat': 'CH'}</msg>
<arg>${json_data['results'][0]}</arg>
<doc>Logs the given message with the given level.</doc>
<status status="PASS" start="2024-06-17T12:28:54.109049" elapsed="0.000394"/>
</kw>
<kw name="Log" owner="BuiltIn">
<msg time="2024-06-17T12:28:54.109901" level="INFO">location</msg>
<arg>${key}</arg>
<doc>Logs the given message with the given level.</doc>
<status status="PASS" start="2024-06-17T12:28:54.109770" elapsed="0.000169"/>
</kw>
<var name="${key}">location</var>
<status status="PASS" start="2024-06-17T12:28:54.108378" elapsed="0.001784"/>
</iter>
<iter>
<kw name="Dictionary Should Contain Key" owner="Collections">
<arg>${json_data['results'][0]}</arg>
<arg>${key}</arg>
<doc>Fails if ``key`` is not found from ``dictionary``.</doc>
<status status="PASS" start="2024-06-17T12:28:54.110439" elapsed="0.000377"/>
</kw>
<kw name="Log" owner="BuiltIn">
<msg time="2024-06-17T12:28:54.111353" level="INFO">{'gender': 'female', 'name': {'title': 'Mademoiselle', 'first': 'Natasa', 'last': 'Louis'}, 'location': {'street': {'number': 7380, 'name': 'Avenue Vauban'}, 'city': 'Schwadernau', 'state': 'Glarus', 'country': 'Switzerland', 'postcode': 7270, 'coordinates': {'latitude': '-59.1557', 'longitude': '146.0409'}, 'timezone': {'offset': '+10:00', 'description': 'Eastern Australia, Guam, Vladivostok'}}, 'email': 'natasa.louis@example.com', 'login': {'uuid': 'c98fb1c5-34a9-4741-a4ff-8110c1b4fff0', 'username': 'yellowleopard184', 'password': 'veritas', 'salt': 'tMJCqf6r', 'md5': 'f8fecc587540bd32282ea7a56d908da1', 'sha1': '1652cd336ff9d52c4d5ab691be5718a260719916', 'sha256': '6e1d253088a413651f860a19323f466435fa76e63f0dea839102b810eb29bd39'}, 'dob': {'date': '1948-12-09T20:26:41.429Z', 'age': 75}, 'registered': {'date': '2002-05-12T21:25:40.691Z', 'age': 22}, 'phone': '076 999 04 15', 'cell': '075 818 42 94', 'id': {'name': 'AVS', 'value': '756.6027.3282.10'}, 'picture': {'large': 'https://randomuser.me/api/portraits/women/73.jpg', 'medium': 'https://randomuser.me/api/portraits/med/women/73.jpg', 'thumbnail': 'https://randomuser.me/api/portraits/thumb/women/73.jpg'}, 'nat': 'CH'}</msg>
<arg>${json_data['results'][0]}</arg>
<doc>Logs the given message with the given level.</doc>
<status status="PASS" start="2024-06-17T12:28:54.110996" elapsed="0.000404"/>
</kw>
<kw name="Log" owner="BuiltIn">
<msg time="2024-06-17T12:28:54.111821" level="INFO">email</msg>
<arg>${key}</arg>
<doc>Logs the given message with the given level.</doc>
<status status="PASS" start="2024-06-17T12:28:54.111694" elapsed="0.000164"/>
</kw>
<var name="${key}">email</var>
<status status="PASS" start="2024-06-17T12:28:54.110333" elapsed="0.001740"/>
</iter>
<iter>
<kw name="Dictionary Should Contain Key" owner="Collections">
<arg>${json_data['results'][0]}</arg>
<arg>${key}</arg>
<doc>Fails if ``key`` is not found from ``dictionary``.</doc>
<status status="PASS" start="2024-06-17T12:28:54.112351" elapsed="0.000373"/>
</kw>
<kw name="Log" owner="BuiltIn">
<msg time="2024-06-17T12:28:54.113265" level="INFO">{'gender': 'female', 'name': {'title': 'Mademoiselle', 'first': 'Natasa', 'last': 'Louis'}, 'location': {'street': {'number': 7380, 'name': 'Avenue Vauban'}, 'city': 'Schwadernau', 'state': 'Glarus', 'country': 'Switzerland', 'postcode': 7270, 'coordinates': {'latitude': '-59.1557', 'longitude': '146.0409'}, 'timezone': {'offset': '+10:00', 'description': 'Eastern Australia, Guam, Vladivostok'}}, 'email': 'natasa.louis@example.com', 'login': {'uuid': 'c98fb1c5-34a9-4741-a4ff-8110c1b4fff0', 'username': 'yellowleopard184', 'password': 'veritas', 'salt': 'tMJCqf6r', 'md5': 'f8fecc587540bd32282ea7a56d908da1', 'sha1': '1652cd336ff9d52c4d5ab691be5718a260719916', 'sha256': '6e1d253088a413651f860a19323f466435fa76e63f0dea839102b810eb29bd39'}, 'dob': {'date': '1948-12-09T20:26:41.429Z', 'age': 75}, 'registered': {'date': '2002-05-12T21:25:40.691Z', 'age': 22}, 'phone': '076 999 04 15', 'cell': '075 818 42 94', 'id': {'name': 'AVS', 'value': '756.6027.3282.10'}, 'picture': {'large': 'https://randomuser.me/api/portraits/women/73.jpg', 'medium': 'https://randomuser.me/api/portraits/med/women/73.jpg', 'thumbnail': 'https://randomuser.me/api/portraits/thumb/women/73.jpg'}, 'nat': 'CH'}</msg>
<arg>${json_data['results'][0]}</arg>
<doc>Logs the given message with the given level.</doc>
<status status="PASS" start="2024-06-17T12:28:54.112912" elapsed="0.000401"/>
</kw>
<kw name="Log" owner="BuiltIn">
<msg time="2024-06-17T12:28:54.113876" level="INFO">login</msg>
<arg>${key}</arg>
<doc>Logs the given message with the given level.</doc>
<status status="PASS" start="2024-06-17T12:28:54.113635" elapsed="0.000280"/>
</kw>
<var name="${key}">login</var>
<status status="PASS" start="2024-06-17T12:28:54.112244" elapsed="0.001891"/>
</iter>
<var>${key}</var>
<value>@{expected_keys}</value>
<status status="PASS" start="2024-06-17T12:28:54.104127" elapsed="0.010155"/>
</for>
<kw name="Create List" owner="BuiltIn">
<msg time="2024-06-17T12:28:54.114614" level="INFO">${expected_keysTwo} = ['username', 'password']</msg>
<var>${expected_keysTwo}</var>
<arg>username</arg>
<arg>password</arg>
<doc>Returns a list containing given items.</doc>
<status status="PASS" start="2024-06-17T12:28:54.114479" elapsed="0.000158"/>
</kw>
<for flavor="IN">
<iter>
<kw name="Dictionary Should Contain Key" owner="Collections">
<arg>${json_data['results'][0]['login']}</arg>
<arg>${keyTwo}</arg>
<doc>Fails if ``key`` is not found from ``dictionary``.</doc>
<status status="PASS" start="2024-06-17T12:28:54.115169" elapsed="0.000383"/>
</kw>
<kw name="Dictionary Should Contain Key" owner="Collections">
<arg>${json_data['results'][0]['login']}</arg>
<arg>${keyTwo}</arg>
<doc>Fails if ``key`` is not found from ``dictionary``.</doc>
<status status="PASS" start="2024-06-17T12:28:54.115732" elapsed="0.000407"/>
</kw>
<kw name="Log" owner="BuiltIn">
<msg time="2024-06-17T12:28:54.116438" level="INFO">username</msg>
<arg>${keyTwo}</arg>
<doc>Logs the given message with the given level.</doc>
<status status="PASS" start="2024-06-17T12:28:54.116317" elapsed="0.000158"/>
</kw>
<var name="${keyTwo}">username</var>
<status status="PASS" start="2024-06-17T12:28:54.115063" elapsed="0.001632"/>
</iter>
<iter>
<kw name="Dictionary Should Contain Key" owner="Collections">
<arg>${json_data['results'][0]['login']}</arg>
<arg>${keyTwo}</arg>
<doc>Fails if ``key`` is not found from ``dictionary``.</doc>
<status status="PASS" start="2024-06-17T12:28:54.116975" elapsed="0.000373"/>
</kw>
<kw name="Dictionary Should Contain Key" owner="Collections">
<arg>${json_data['results'][0]['login']}</arg>
<arg>${keyTwo}</arg>
<doc>Fails if ``key`` is not found from ``dictionary``.</doc>
<status status="PASS" start="2024-06-17T12:28:54.117526" elapsed="0.000406"/>
</kw>
<kw name="Log" owner="BuiltIn">
<msg time="2024-06-17T12:28:54.118233" level="INFO">password</msg>
<arg>${keyTwo}</arg>
<doc>Logs the given message with the given level.</doc>
<status status="PASS" start="2024-06-17T12:28:54.118111" elapsed="0.000158"/>
</kw>
<var name="${keyTwo}">password</var>
<status status="PASS" start="2024-06-17T12:28:54.116871" elapsed="0.001618"/>
</iter>
<var>${keyTwo}</var>
<value>@{expected_keysTwo}</value>
<status status="PASS" start="2024-06-17T12:28:54.114914" elapsed="0.003692"/>
</for>
<status status="PASS" start="2024-06-17T12:28:54.011808" elapsed="0.106934"/>
</kw>
<doc>Testa a estrutura da resposta da API.</doc>
<tag>testeEstruturaResposta</tag>
<status status="PASS" start="2024-06-17T12:28:54.011074" elapsed="0.107823"/>
</test>
<test id="s1-s1-t4" name="Validar tipos de dados" line="28">
<kw name="Teste de Tipos de Dados" owner="random-user-service">
<kw name="GET On Session" owner="RequestsLibrary">
<msg time="2024-06-17T12:28:54.415678" level="INFO">GET Request : url=https://randomuser.me/api 
 path_url=/api 
 headers={'User-Agent': 'python-requests/2.32.3', 'Accept-Encoding': 'gzip, deflate', 'Accept': '*/*', 'Connection': 'keep-alive'} 
 body=None 
 </msg>
<msg time="2024-06-17T12:28:54.415785" level="INFO">GET Response : url=https://randomuser.me/api 
 status=200, reason=OK 
 headers={'Date': 'Mon, 17 Jun 2024 12:28:54 GMT', 'Content-Type': 'application/json; charset=utf-8', 'Transfer-Encoding': 'chunked', 'Connection': 'keep-alive', 'X-Powered-By': 'Express', 'Access-Control-Allow-Origin': '*', 'Cache-Control': 'no-cache', 'ETag': 'W/"49d-lk7QfH5b4KLENAHDevuuxS8gbUc"', 'Vary': 'Accept-Encoding', 'Content-Encoding': 'gzip', 'CF-Cache-Status': 'DYNAMIC', 'Report-To': '{"endpoints":[{"url":"https:\\/\\/a.nel.cloudflare.com\\/report\\/v4?s=TlP6Ae%2BvDWNGbmOMfqEBAGsQO3EQQ0zHXBfNJLT6gyWdIiu2mVKQBZZ8EcWIJgk3p6HQlixycXz375cOsK1ft%2BwCE4asR9A3ug8VtDl4AIRvHD57N6Fh%2BbDydzjEThcp"}],"group":"cf-nel","max_age":604800}', 'NEL': '{"success_fraction":0,"report_to":"cf-nel","max_age":604800}', 'Server': 'cloudflare', 'CF-RAY': '89530ac64d216894-SJC', 'alt-svc': 'h3=":443"; ma=86400'} 
 body={"results":[{"gender":"male","name":{"title":"Mr","first":"Jesus","last":"Mills"},"location":{"street":{"number":4146,"name":"W 6th St"},"city":"Wagga Wagga","state":"Australian Capital Territory","country":"Australia","postcode":7870,"coordinates":{"latitude":"-88.2800","longitude":"-166.4481"},"timezone":{"offset":"-6:00","description":"Central Time (US &amp; Canada), Mexico City"}},"email":"jesus.mills@example.com","login":{"uuid":"8936de1c-a55c-44fc-8867-06a1b07102c1","username":"greenladybug130","password":"lumina","salt":"PvtXq8VH","md5":"1a813ce0f09c76e58af6848a38d2c19e","sha1":"a2f0f2d6bb3d3c7da43aa0144c45b80174cf7d99","sha256":"f8bc2624785e39e1e0288886c03e3f5e9886cfa86cb1a5034d243cef6287b044"},"dob":{"date":"1968-03-06T00:56:22.078Z","age":56},"registered":{"date":"2016-01-13T07:00:22.117Z","age":8},"phone":"07-0410-1705","cell":"0497-607-871","id":{"name":"TFN","value":"786893276"},"picture":{"large":"https://randomuser.me/api/portraits/men/6.jpg","medium":"https://randomuser.me/api/portraits/med/men/6.jpg","thumbnail":"https://randomuser.me/api/portraits/thumb/men/6.jpg"},"nat":"AU"}],"info":{"seed":"1694a369f072c273","results":1,"page":1,"version":"1.4"}} 
 </msg>
<msg time="2024-06-17T12:28:54.415866" level="INFO">/opt/hostedtoolcache/Python/3.12.3/x64/lib/python3.12/site-packages/urllib3/connectionpool.py:1103: InsecureRequestWarning: Unverified HTTPS request is being made to host 'randomuser.me'. Adding certificate verification is strongly advised. See: https://urllib3.readthedocs.io/en/latest/advanced-usage.html#tls-warnings
  warnings.warn(</msg>
<msg time="2024-06-17T12:28:54.416024" level="INFO">${response} = &lt;Response [200]&gt;</msg>
<var>${response}</var>
<arg>consultarAPI</arg>
<arg>/api</arg>
<doc>Sends a GET request on a previously created HTTP Session.</doc>
<status status="PASS" start="2024-06-17T12:28:54.121296" elapsed="0.294779"/>
</kw>
<kw name="Set Variable" owner="BuiltIn">
<msg time="2024-06-17T12:28:54.417162" level="INFO">${json_data} = {'results': [{'gender': 'male', 'name': {'title': 'Mr', 'first': 'Jesus', 'last': 'Mills'}, 'location': {'street': {'number': 4146, 'name': 'W 6th St'}, 'city': 'Wagga Wagga', 'state': 'Australian Cap...</msg>
<var>${json_data}</var>
<arg>${response.json()}</arg>
<doc>Returns the given values which can then be assigned to a variables.</doc>
<status status="PASS" start="2024-06-17T12:28:54.416653" elapsed="0.000538"/>
</kw>
<kw name="Log" owner="BuiltIn">
<msg time="2024-06-17T12:28:54.417692" level="INFO">{'results': [{'gender': 'male', 'name': {'title': 'Mr', 'first': 'Jesus', 'last': 'Mills'}, 'location': {'street': {'number': 4146, 'name': 'W 6th St'}, 'city': 'Wagga Wagga', 'state': 'Australian Capital Territory', 'country': 'Australia', 'postcode': 7870, 'coordinates': {'latitude': '-88.2800', 'longitude': '-166.4481'}, 'timezone': {'offset': '-6:00', 'description': 'Central Time (US &amp; Canada), Mexico City'}}, 'email': 'jesus.mills@example.com', 'login': {'uuid': '8936de1c-a55c-44fc-8867-06a1b07102c1', 'username': 'greenladybug130', 'password': 'lumina', 'salt': 'PvtXq8VH', 'md5': '1a813ce0f09c76e58af6848a38d2c19e', 'sha1': 'a2f0f2d6bb3d3c7da43aa0144c45b80174cf7d99', 'sha256': 'f8bc2624785e39e1e0288886c03e3f5e9886cfa86cb1a5034d243cef6287b044'}, 'dob': {'date': '1968-03-06T00:56:22.078Z', 'age': 56}, 'registered': {'date': '2016-01-13T07:00:22.117Z', 'age': 8}, 'phone': '07-0410-1705', 'cell': '0497-607-871', 'id': {'name': 'TFN', 'value': '786893276'}, 'picture': {'large': 'https://randomuser.me/api/portraits/men/6.jpg', 'medium': 'https://randomuser.me/api/portraits/med/men/6.jpg', 'thumbnail': 'https://randomuser.me/api/portraits/thumb/men/6.jpg'}, 'nat': 'AU'}], 'info': {'seed': '1694a369f072c273', 'results': 1, 'page': 1, 'version': '1.4'}}</msg>
<arg>${json_data}</arg>
<doc>Logs the given message with the given level.</doc>
<status status="PASS" start="2024-06-17T12:28:54.417497" elapsed="0.000249"/>
</kw>
<kw name="Should Be String" owner="String">
<arg>${json_data['results'][0]['gender']}</arg>
<doc>Fails if the given ``item`` is not a string.</doc>
<status status="PASS" start="2024-06-17T12:28:54.418081" elapsed="0.000364"/>
</kw>
<kw name="Should Match Regexp" owner="BuiltIn">
<arg>${json_data['results'][0]['email']}</arg>
<arg>^[a-zA-Z0-9._%+-]+@[a-zA-Z0-9.-]+\.[a-zA-Z]{2,}$</arg>
<doc>Fails if ``string`` does not match ``pattern`` as a regular expression.</doc>
<status status="PASS" start="2024-06-17T12:28:54.418634" elapsed="0.000513"/>
</kw>
<kw name="Should Match Regexp" owner="BuiltIn">
<arg>${json_data['results'][0]['dob']['date']}</arg>
<arg>\\d{4}-\\d{2}-\\d{2}T\\d{2}:\\d{2}:\\d{2}\\.\\d{3}Z</arg>
<doc>Fails if ``string`` does not match ``pattern`` as a regular expression.</doc>
<status status="PASS" start="2024-06-17T12:28:54.419339" elapsed="0.000488"/>
</kw>
<kw name="Should Match Regexp" owner="BuiltIn">
<arg>${json_data['results'][0]['registered']['date']}</arg>
<arg>\\d{4}-\\d{2}-\\d{2}T\\d{2}:\\d{2}:\\d{2}\\.\\d{3}Z</arg>
<doc>Fails if ``string`` does not match ``pattern`` as a regular expression.</doc>
<status status="PASS" start="2024-06-17T12:28:54.420015" elapsed="0.000368"/>
</kw>
<kw name="Should Match Regexp" owner="BuiltIn">
<arg>${json_data['results'][0]['picture']['large']}</arg>
<arg>^https?://.*\.(?:png|jpe?g|gif|bmp)$</arg>
<doc>Fails if ``string`` does not match ``pattern`` as a regular expression.</doc>
<status status="PASS" start="2024-06-17T12:28:54.420565" elapsed="0.000461"/>
</kw>
<kw name="Should Match Regexp" owner="BuiltIn">
<arg>${json_data['results'][0]['picture']['medium']}</arg>
<arg>^https?://.*\.(?:png|jpe?g|gif|bmp)$</arg>
<doc>Fails if ``string`` does not match ``pattern`` as a regular expression.</doc>
<status status="PASS" start="2024-06-17T12:28:54.421213" elapsed="0.000357"/>
</kw>
<kw name="Should Match Regexp" owner="BuiltIn">
<arg>${json_data['results'][0]['picture']['thumbnail']}</arg>
<arg>^https?://.*\.(?:png|jpe?g|gif|bmp)$</arg>
<doc>Fails if ``string`` does not match ``pattern`` as a regular expression.</doc>
<status status="PASS" start="2024-06-17T12:28:54.421802" elapsed="0.000358"/>
</kw>
<kw name="Log" owner="BuiltIn">
<msg time="2024-06-17T12:28:54.422668" level="INFO">{'large': 'https://randomuser.me/api/portraits/men/6.jpg', 'medium': 'https://randomuser.me/api/portraits/med/men/6.jpg', 'thumbnail': 'https://randomuser.me/api/portraits/thumb/men/6.jpg'}</msg>
<arg>${json_data['results'][0]['picture']}</arg>
<doc>Logs the given message with the given level.</doc>
<status status="PASS" start="2024-06-17T12:28:54.422339" elapsed="0.000372"/>
</kw>
<status status="PASS" start="2024-06-17T12:28:54.121064" elapsed="0.301901"/>
</kw>
<kw name="Teste de Tipos de Dados - Postcode" owner="random-user-service">
<kw name="GET On Session" owner="RequestsLibrary">
<msg time="2024-06-17T12:28:54.505871" level="INFO">GET Request : url=https://randomuser.me/api 
 path_url=/api 
 headers={'User-Agent': 'python-requests/2.32.3', 'Accept-Encoding': 'gzip, deflate', 'Accept': '*/*', 'Connection': 'keep-alive'} 
 body=None 
 </msg>
<msg time="2024-06-17T12:28:54.505963" level="INFO">GET Response : url=https://randomuser.me/api 
 status=200, reason=OK 
 headers={'Date': 'Mon, 17 Jun 2024 12:28:54 GMT', 'Content-Type': 'application/json; charset=utf-8', 'Transfer-Encoding': 'chunked', 'Connection': 'keep-alive', 'X-Powered-By': 'Express', 'Access-Control-Allow-Origin': '*', 'Cache-Control': 'no-cache', 'ETag': 'W/"485-Yx8qM41TdZVy0+LZtY2eNr06lg4"', 'Vary': 'Accept-Encoding', 'Content-Encoding': 'gzip', 'CF-Cache-Status': 'DYNAMIC', 'Report-To': '{"endpoints":[{"url":"https:\\/\\/a.nel.cloudflare.com\\/report\\/v4?s=W1YENK2ROgbMClnzGfeJwud6f3lCXYg8KyK00gJcYkiQea9uh%2BR1amgWehGp3QjJ2X2q9BRuAGBr86I7oz8rXUdWlyr8fMI%2F0K70T5%2Fv2N5yAO3E3OttSxcjIqX8GmNV"}],"group":"cf-nel","max_age":604800}', 'NEL': '{"success_fraction":0,"report_to":"cf-nel","max_age":604800}', 'Server': 'cloudflare', 'CF-RAY': '89530ac82e196894-SJC', 'alt-svc': 'h3=":443"; ma=86400'} 
 body={"results":[{"gender":"female","name":{"title":"Mademoiselle","first":"Giada","last":"Berger"},"location":{"street":{"number":74,"name":"Avenue Debourg"},"city":"Zielebach","state":"Jura","country":"Switzerland","postcode":6615,"coordinates":{"latitude":"-60.0459","longitude":"54.4222"},"timezone":{"offset":"+3:30","description":"Tehran"}},"email":"giada.berger@example.com","login":{"uuid":"502900f6-cc09-4bdd-b56b-60f157947f13","username":"sadgoose146","password":"hillbill","salt":"UaKT217u","md5":"350266f9332ca674618c77d8a8161bf1","sha1":"6a337f6a690ba0884f55b12e11cd62365d45fb8e","sha256":"b4b2a2039ee5d531aa02aa5740e6d4169149d5e4f4f95fa02749253f45f5f5f7"},"dob":{"date":"2000-03-06T14:09:09.545Z","age":24},"registered":{"date":"2003-11-13T01:20:23.013Z","age":20},"phone":"076 491 21 33","cell":"079 386 49 99","id":{"name":"AVS","value":"756.8788.0439.14"},"picture":{"large":"https://randomuser.me/api/portraits/women/31.jpg","medium":"https://randomuser.me/api/portraits/med/women/31.jpg","thumbnail":"https://randomuser.me/api/portraits/thumb/women/31.jpg"},"nat":"CH"}],"info":{"seed":"46648f87dcb7c071","results":1,"page":1,"version":"1.4"}} 
 </msg>
<msg time="2024-06-17T12:28:54.506055" level="INFO">/opt/hostedtoolcache/Python/3.12.3/x64/lib/python3.12/site-packages/urllib3/connectionpool.py:1103: InsecureRequestWarning: Unverified HTTPS request is being made to host 'randomuser.me'. Adding certificate verification is strongly advised. See: https://urllib3.readthedocs.io/en/latest/advanced-usage.html#tls-warnings
  warnings.warn(</msg>
<msg time="2024-06-17T12:28:54.506202" level="INFO">${response} = &lt;Response [200]&gt;</msg>
<var>${response}</var>
<arg>consultarAPI</arg>
<arg>/api</arg>
<doc>Sends a GET request on a previously created HTTP Session.</doc>
<status status="PASS" start="2024-06-17T12:28:54.423435" elapsed="0.082823"/>
</kw>
<kw name="Set Variable" owner="BuiltIn">
<msg time="2024-06-17T12:28:54.507142" level="INFO">${json_data} = {'results': [{'gender': 'female', 'name': {'title': 'Mademoiselle', 'first': 'Giada', 'last': 'Berger'}, 'location': {'street': {'number': 74, 'name': 'Avenue Debourg'}, 'city': 'Zielebach', 'state': ...</msg>
<var>${json_data}</var>
<arg>${response.json()}</arg>
<doc>Returns the given values which can then be assigned to a variables.</doc>
<status status="PASS" start="2024-06-17T12:28:54.506695" elapsed="0.000475"/>
</kw>
<kw name="Log" owner="BuiltIn">
<msg time="2024-06-17T12:28:54.507634" level="INFO">{'results': [{'gender': 'female', 'name': {'title': 'Mademoiselle', 'first': 'Giada', 'last': 'Berger'}, 'location': {'street': {'number': 74, 'name': 'Avenue Debourg'}, 'city': 'Zielebach', 'state': 'Jura', 'country': 'Switzerland', 'postcode': 6615, 'coordinates': {'latitude': '-60.0459', 'longitude': '54.4222'}, 'timezone': {'offset': '+3:30', 'description': 'Tehran'}}, 'email': 'giada.berger@example.com', 'login': {'uuid': '502900f6-cc09-4bdd-b56b-60f157947f13', 'username': 'sadgoose146', 'password': 'hillbill', 'salt': 'UaKT217u', 'md5': '350266f9332ca674618c77d8a8161bf1', 'sha1': '6a337f6a690ba0884f55b12e11cd62365d45fb8e', 'sha256': 'b4b2a2039ee5d531aa02aa5740e6d4169149d5e4f4f95fa02749253f45f5f5f7'}, 'dob': {'date': '2000-03-06T14:09:09.545Z', 'age': 24}, 'registered': {'date': '2003-11-13T01:20:23.013Z', 'age': 20}, 'phone': '076 491 21 33', 'cell': '079 386 49 99', 'id': {'name': 'AVS', 'value': '756.8788.0439.14'}, 'picture': {'large': 'https://randomuser.me/api/portraits/women/31.jpg', 'medium': 'https://randomuser.me/api/portraits/med/women/31.jpg', 'thumbnail': 'https://randomuser.me/api/portraits/thumb/women/31.jpg'}, 'nat': 'CH'}], 'info': {'seed': '46648f87dcb7c071', 'results': 1, 'page': 1, 'version': '1.4'}}</msg>
<arg>${json_data}</arg>
<doc>Logs the given message with the given level.</doc>
<status status="PASS" start="2024-06-17T12:28:54.507477" elapsed="0.000203"/>
</kw>
<kw name="Should Be Equal As Numbers" owner="BuiltIn">
<arg>${json_data['results'][0]['location']['postcode']}</arg>
<arg>${json_data['results'][0]['location']['postcode']}</arg>
<doc>Fails if objects are unequal after converting them to real numbers.</doc>
<status status="PASS" start="2024-06-17T12:28:54.507970" elapsed="0.000613"/>
</kw>
<kw name="Log" owner="BuiltIn">
<msg time="2024-06-17T12:28:54.509141" level="INFO">6615</msg>
<arg>${json_data['results'][0]['location']['postcode']}</arg>
<doc>Logs the given message with the given level.</doc>
<status status="PASS" start="2024-06-17T12:28:54.508805" elapsed="0.000376"/>
</kw>
<status status="PASS" start="2024-06-17T12:28:54.423200" elapsed="0.086232"/>
</kw>
<doc>Testa se os tipos de dados na resposta da API estão corretos.</doc>
<tag>testeTiposDados</tag>
<status status="PASS" start="2024-06-17T12:28:54.120625" elapsed="0.388972"/>
</test>
<test id="s1-s1-t5" name="Validar conteudo" line="35">
<kw name="Teste de Tipos de Conteudo" owner="random-user-service">
<kw name="GET On Session" owner="RequestsLibrary">
<msg time="2024-06-17T12:28:54.791267" level="INFO">GET Request : url=https://randomuser.me/api 
 path_url=/api 
 headers={'User-Agent': 'python-requests/2.32.3', 'Accept-Encoding': 'gzip, deflate', 'Accept': '*/*', 'Connection': 'keep-alive'} 
 body=None 
 </msg>
<msg time="2024-06-17T12:28:54.791361" level="INFO">GET Response : url=https://randomuser.me/api 
 status=200, reason=OK 
 headers={'Date': 'Mon, 17 Jun 2024 12:28:54 GMT', 'Content-Type': 'application/json; charset=utf-8', 'Transfer-Encoding': 'chunked', 'Connection': 'keep-alive', 'X-Powered-By': 'Express', 'Access-Control-Allow-Origin': '*', 'Cache-Control': 'no-cache', 'ETag': 'W/"48a-oHOBXX5qHXBV4iwykGwMCp3abrE"', 'Vary': 'Accept-Encoding', 'Content-Encoding': 'gzip', 'CF-Cache-Status': 'DYNAMIC', 'Report-To': '{"endpoints":[{"url":"https:\\/\\/a.nel.cloudflare.com\\/report\\/v4?s=pYbNiRXpXwjHcUgIkZ0M3Yz8gisfn7UrwoljbimgOGFAUfedFu1FzG%2B%2FP7hjkzGvPWiJ1a7mKp1R08YjL1UKZG5vZ8NPJkdds%2F1eQCfi%2B%2F%2FGcfOxqdjv41jawvI8eVXD"}],"group":"cf-nel","max_age":604800}', 'NEL': '{"success_fraction":0,"report_to":"cf-nel","max_age":604800}', 'Server': 'cloudflare', 'CF-RAY': '89530ac8be596894-SJC', 'alt-svc': 'h3=":443"; ma=86400'} 
 body={"results":[{"gender":"female","name":{"title":"Ms","first":"Lillian","last":"Ellis"},"location":{"street":{"number":4693,"name":"Boghall Road"},"city":"Sligo","state":"Wicklow","country":"Ireland","postcode":32551,"coordinates":{"latitude":"-3.5514","longitude":"92.6657"},"timezone":{"offset":"+5:30","description":"Bombay, Calcutta, Madras, New Delhi"}},"email":"lillian.ellis@example.com","login":{"uuid":"a3cb70df-4f52-48cb-92d2-a1b288a45246","username":"blackmouse178","password":"start","salt":"0viGUStl","md5":"c5a546fa58b117565d60eae2d50bdce1","sha1":"a675eb43a7e79141614957386ac9a5bbe19a9d75","sha256":"831c9674267ad741837aa446487613c0dff8e1872d08c746e3e4eef911fb52a3"},"dob":{"date":"1984-04-26T08:48:26.235Z","age":40},"registered":{"date":"2005-06-06T22:38:34.520Z","age":19},"phone":"041-623-1248","cell":"081-870-3165","id":{"name":"PPS","value":"2218807T"},"picture":{"large":"https://randomuser.me/api/portraits/women/52.jpg","medium":"https://randomuser.me/api/portraits/med/women/52.jpg","thumbnail":"https://randomuser.me/api/portraits/thumb/women/52.jpg"},"nat":"IE"}],"info":{"seed":"2419c62803d5aec2","results":1,"page":1,"version":"1.4"}} 
 </msg>
<msg time="2024-06-17T12:28:54.791433" level="INFO">/opt/hostedtoolcache/Python/3.12.3/x64/lib/python3.12/site-packages/urllib3/connectionpool.py:1103: InsecureRequestWarning: Unverified HTTPS request is being made to host 'randomuser.me'. Adding certificate verification is strongly advised. See: https://urllib3.readthedocs.io/en/latest/advanced-usage.html#tls-warnings
  warnings.warn(</msg>
<msg time="2024-06-17T12:28:54.791574" level="INFO">${response} = &lt;Response [200]&gt;</msg>
<var>${response}</var>
<arg>consultarAPI</arg>
<arg>/api</arg>
<doc>Sends a GET request on a previously created HTTP Session.</doc>
<status status="PASS" start="2024-06-17T12:28:54.512034" elapsed="0.279594"/>
</kw>
<kw name="Set Variable" owner="BuiltIn">
<msg time="2024-06-17T12:28:54.792603" level="INFO">${json_data} = {'results': [{'gender': 'female', 'name': {'title': 'Ms', 'first': 'Lillian', 'last': 'Ellis'}, 'location': {'street': {'number': 4693, 'name': 'Boghall Road'}, 'city': 'Sligo', 'state': 'Wicklow', 'c...</msg>
<var>${json_data}</var>
<arg>${response.json()}</arg>
<doc>Returns the given values which can then be assigned to a variables.</doc>
<status status="PASS" start="2024-06-17T12:28:54.792121" elapsed="0.000511"/>
</kw>
<kw name="Set Variable" owner="BuiltIn">
<msg time="2024-06-17T12:28:54.793311" level="INFO">${name_title} = Ms</msg>
<var>${name_title}</var>
<arg>${json_data["results"][0]["name"]["title"]}</arg>
<doc>Returns the given values which can then be assigned to a variables.</doc>
<status status="PASS" start="2024-06-17T12:28:54.792933" elapsed="0.000403"/>
</kw>
<kw name="Create List" owner="BuiltIn">
<msg time="2024-06-17T12:28:54.793826" level="INFO">${allowed_titles} = ['Mr', 'Ms', 'Miss', 'Mrs', 'Madame', 'Monsieur']</msg>
<var>${allowed_titles}</var>
<arg>Mr</arg>
<arg>Ms</arg>
<arg>Miss</arg>
<arg>Mrs</arg>
<arg>Madame</arg>
<arg>Monsieur</arg>
<doc>Returns a list containing given items.</doc>
<status status="PASS" start="2024-06-17T12:28:54.793666" elapsed="0.000184"/>
</kw>
<kw name="List Should Contain Value" owner="Collections">
<arg>${allowed_titles}</arg>
<arg>${name_title}</arg>
<doc>Fails if the ``value`` is not found from ``list``.</doc>
<status status="PASS" start="2024-06-17T12:28:54.794153" elapsed="0.000178"/>
</kw>
<kw name="Set Variable" owner="BuiltIn">
<msg time="2024-06-17T12:28:54.794887" level="INFO">${name_country} = IE</msg>
<var>${name_country}</var>
<arg>${json_data["results"][0]["nat"]}</arg>
<doc>Returns the given values which can then be assigned to a variables.</doc>
<status status="PASS" start="2024-06-17T12:28:54.794519" elapsed="0.000393"/>
</kw>
<kw name="Create List" owner="BuiltIn">
<msg time="2024-06-17T12:28:54.795814" level="INFO">${list_country} = ['AD', 'AE', 'AF', 'AG', 'AI', 'AL', 'AM', 'AO', 'AQ', 'AR', 'AS', 'AT', 'AU', 'AW', 'AX', 'AZ', 'BA', 'BB', 'BD', 'BE', 'BF', 'BG', 'BH', 'BI', 'BJ', 'BL', 'BM', 'BN', 'BO', 'BQ', 'BR', 'BS', 'BT', '...</msg>
<var>${list_country}</var>
<arg>AD</arg>
<arg>AE</arg>
<arg>AF</arg>
<arg>AG</arg>
<arg>AI</arg>
<arg>AL</arg>
<arg>AM</arg>
<arg>AO</arg>
<arg>AQ</arg>
<arg>AR</arg>
<arg>AS</arg>
<arg>AT</arg>
<arg>AU</arg>
<arg>AW</arg>
<arg>AX</arg>
<arg>AZ</arg>
<arg>BA</arg>
<arg>BB</arg>
<arg>BD</arg>
<arg>BE</arg>
<arg>BF</arg>
<arg>BG</arg>
<arg>BH</arg>
<arg>BI</arg>
<arg>BJ</arg>
<arg>BL</arg>
<arg>BM</arg>
<arg>BN</arg>
<arg>BO</arg>
<arg>BQ</arg>
<arg>BR</arg>
<arg>BS</arg>
<arg>BT</arg>
<arg>BV</arg>
<arg>BW</arg>
<arg>BY</arg>
<arg>BZ</arg>
<arg>CA</arg>
<arg>CC</arg>
<arg>CD</arg>
<arg>CF</arg>
<arg>CG</arg>
<arg>CH</arg>
<arg>CI</arg>
<arg>CK</arg>
<arg>CL</arg>
<arg>CM</arg>
<arg>CN</arg>
<arg>CO</arg>
<arg>CR</arg>
<arg>CU</arg>
<arg>CV</arg>
<arg>CW</arg>
<arg>CX</arg>
<arg>CY</arg>
<arg>CZ</arg>
<arg>DE</arg>
<arg>DJ</arg>
<arg>DK</arg>
<arg>DM</arg>
<arg>DO</arg>
<arg>DZ</arg>
<arg>EC</arg>
<arg>EE</arg>
<arg>EG</arg>
<arg>EH</arg>
<arg>ER</arg>
<arg>ES</arg>
<arg>ET</arg>
<arg>FI</arg>
<arg>FJ</arg>
<arg>FK</arg>
<arg>FM</arg>
<arg>FO</arg>
<arg>FR</arg>
<arg>GA</arg>
<arg>GB</arg>
<arg>GD</arg>
<arg>GE</arg>
<arg>GF</arg>
<arg>GG</arg>
<arg>GH</arg>
<arg>GI</arg>
<arg>GL</arg>
<arg>GM</arg>
<arg>GN</arg>
<arg>GP</arg>
<arg>GQ</arg>
<arg>GR</arg>
<arg>GS</arg>
<arg>GT</arg>
<arg>GU</arg>
<arg>GW</arg>
<arg>GY</arg>
<arg>HK</arg>
<arg>HM</arg>
<arg>HN</arg>
<arg>HR</arg>
<arg>HT</arg>
<arg>HU</arg>
<arg>ID</arg>
<arg>IE</arg>
<arg>IL</arg>
<arg>IM</arg>
<arg>IN</arg>
<arg>IO</arg>
<arg>IQ</arg>
<arg>IR</arg>
<arg>IS</arg>
<arg>IT</arg>
<arg>JE</arg>
<arg>JM</arg>
<arg>JO</arg>
<arg>JP</arg>
<arg>KE</arg>
<arg>KG</arg>
<arg>KH</arg>
<arg>KI</arg>
<arg>KM</arg>
<arg>KN</arg>
<arg>KP</arg>
<arg>KR</arg>
<arg>KW</arg>
<arg>KY</arg>
<arg>KZ</arg>
<arg>LA</arg>
<arg>LB</arg>
<arg>LC</arg>
<arg>LI</arg>
<arg>LK</arg>
<arg>LR</arg>
<arg>LS</arg>
<arg>LT</arg>
<arg>LU</arg>
<arg>LV</arg>
<arg>LY</arg>
<arg>MA</arg>
<arg>MC</arg>
<arg>MD</arg>
<arg>ME</arg>
<arg>MF</arg>
<arg>MG</arg>
<arg>MH</arg>
<arg>MK</arg>
<arg>ML</arg>
<arg>MM</arg>
<arg>MN</arg>
<arg>MO</arg>
<arg>MP</arg>
<arg>MQ</arg>
<arg>MR</arg>
<arg>MS</arg>
<arg>MT</arg>
<arg>MU</arg>
<arg>MV</arg>
<arg>MW</arg>
<arg>MX</arg>
<arg>MY</arg>
<arg>MZ</arg>
<arg>NA</arg>
<arg>NC</arg>
<arg>NE</arg>
<arg>NF</arg>
<arg>NG</arg>
<arg>NI</arg>
<arg>NL</arg>
<arg>NO</arg>
<arg>NP</arg>
<arg>NR</arg>
<arg>NU</arg>
<arg>NZ</arg>
<arg>OM</arg>
<arg>PA</arg>
<arg>PE</arg>
<arg>PF</arg>
<arg>PG</arg>
<arg>PH</arg>
<arg>PK</arg>
<arg>PL</arg>
<arg>PM</arg>
<arg>PN</arg>
<arg>PR</arg>
<arg>PS</arg>
<arg>PT</arg>
<arg>PW</arg>
<arg>PY</arg>
<arg>QA</arg>
<arg>RE</arg>
<arg>RO</arg>
<arg>RS</arg>
<arg>RU</arg>
<arg>RW</arg>
<arg>SA</arg>
<arg>SB</arg>
<arg>SC</arg>
<arg>SD</arg>
<arg>SE</arg>
<arg>SG</arg>
<arg>SH</arg>
<arg>SI</arg>
<arg>SJ</arg>
<arg>SK</arg>
<arg>SL</arg>
<arg>SM</arg>
<arg>SN</arg>
<arg>SO</arg>
<arg>SR</arg>
<arg>SS</arg>
<arg>ST</arg>
<arg>SV</arg>
<arg>SX</arg>
<arg>SY</arg>
<arg>SZ</arg>
<arg>TC</arg>
<arg>TD</arg>
<arg>TF</arg>
<arg>TG</arg>
<arg>TH</arg>
<arg>TJ</arg>
<arg>TK</arg>
<arg>TL</arg>
<arg>TM</arg>
<arg>TN</arg>
<arg>TO</arg>
<arg>TR</arg>
<arg>TT</arg>
<arg>TV</arg>
<arg>TW</arg>
<arg>TZ</arg>
<arg>UA</arg>
<arg>UG</arg>
<arg>UM</arg>
<arg>US</arg>
<arg>UY</arg>
<arg>UZ</arg>
<arg>VA</arg>
<arg>VC</arg>
<arg>VE</arg>
<arg>VG</arg>
<arg>VI</arg>
<arg>VN</arg>
<arg>VU</arg>
<arg>WF</arg>
<arg>WS</arg>
<arg>XK</arg>
<arg>YE</arg>
<arg>YT</arg>
<arg>ZA</arg>
<arg>ZM</arg>
<arg>ZW</arg>
<doc>Returns a list containing given items.</doc>
<status status="PASS" start="2024-06-17T12:28:54.795203" elapsed="0.000638"/>
</kw>
<kw name="List Should Contain Value" owner="Collections">
<arg>${list_country}</arg>
<arg>${name_country}</arg>
<doc>Fails if the ``value`` is not found from ``list``.</doc>
<status status="PASS" start="2024-06-17T12:28:54.796642" elapsed="0.000203"/>
</kw>
<kw name="Run Keyword If" owner="BuiltIn">
<kw name="Should Be True" owner="BuiltIn">
<arg>${True}</arg>
<doc>Fails if the given condition is not true.</doc>
<status status="PASS" start="2024-06-17T12:28:54.797926" elapsed="0.000142"/>
</kw>
<arg>${json_data["results"][0]["location"]["coordinates"]["latitude"]} &gt;= -90 and ${json_data["results"][0]["location"]["coordinates"]["latitude"]} &lt;= 90</arg>
<arg>Should Be True</arg>
<arg>${True}</arg>
<doc>Runs the given keyword with the given arguments, if ``condition`` is true.</doc>
<status status="PASS" start="2024-06-17T12:28:54.797047" elapsed="0.001148"/>
</kw>
<kw name="Run Keyword If" owner="BuiltIn">
<kw name="Should Be True" owner="BuiltIn">
<arg>${True}</arg>
<doc>Fails if the given condition is not true.</doc>
<status status="PASS" start="2024-06-17T12:28:54.799057" elapsed="0.000138"/>
</kw>
<arg>${json_data["results"][0]["location"]["coordinates"]["longitude"]} &gt;= -180 and ${json_data["results"][0]["location"]["coordinates"]["longitude"]} &lt;= 180</arg>
<arg>Should Be True</arg>
<arg>${True}</arg>
<doc>Runs the given keyword with the given arguments, if ``condition`` is true.</doc>
<status status="PASS" start="2024-06-17T12:28:54.798377" elapsed="0.000940"/>
</kw>
<status status="PASS" start="2024-06-17T12:28:54.511815" elapsed="0.287631"/>
</kw>
<doc>Testa o conteúdo específico dos campos retornados pela API.</doc>
<tag>testeConteudo</tag>
<status status="PASS" start="2024-06-17T12:28:54.511376" elapsed="0.288226"/>
</test>
<status status="PASS" start="2024-06-17T12:28:53.512044" elapsed="1.289480"/>
</suite>
<status status="PASS" start="2024-06-17T12:28:53.498809" elapsed="1.307719"/>
</suite>
<statistics>
<total>
<stat pass="5" fail="0" skip="0">All Tests</stat>
</total>
<tag>
<stat pass="1" fail="0" skip="0">testeConteudo</stat>
<stat pass="1" fail="0" skip="0">testeEstruturaResposta</stat>
<stat pass="1" fail="0" skip="0">testeRequisicaoBasica</stat>
<stat pass="1" fail="0" skip="0">testeTiposDados</stat>
</tag>
<suite>
<stat pass="5" fail="0" skip="0" id="s1" name="Tests">Tests</stat>
<stat pass="5" fail="0" skip="0" id="s1-s1" name="Random-User-Test">Tests.Random-User-Test</stat>
</suite>
</statistics>
<errors>
</errors>
</robot>
