<?xml version="1.0" encoding="UTF-8"?>
<robot generator="Robot 7.0 (Python 3.12.3 on linux)" generated="2024-05-18T10:13:38.811019" rpa="false" schemaversion="5">
<suite id="s1" name="Tests" source="/home/runner/work/DesafioQAItauRogerioJordao/DesafioQAItauRogerioJordao/RamdonUser/tests">
<suite id="s1-s1" name="Random-User-Test" source="/home/runner/work/DesafioQAItauRogerioJordao/DesafioQAItauRogerioJordao/RamdonUser/tests/random-user-test.robot">
<test id="s1-s1-t1" name="Conectar" line="13">
<kw name="Conectar API" owner="random-user-service">
<kw name="Create Session" owner="RequestsLibrary">
<msg time="2024-05-18T10:13:39.232231" level="INFO">Creating Session using : alias=consultarAPI, url=https://randomuser.me/, headers={},                     cookies={}, auth=None, timeout=None, proxies=None, verify=False,                     debug=0 </msg>
<arg>consultarAPI</arg>
<arg>${URL}</arg>
<doc>Create Session: create a HTTP session to a server</doc>
<status status="PASS" start="2024-05-18T10:13:39.231982" elapsed="0.000475"/>
</kw>
<status status="PASS" start="2024-05-18T10:13:39.230836" elapsed="0.002043"/>
</kw>
<status status="PASS" start="2024-05-18T10:13:39.230074" elapsed="0.003028"/>
</test>
<test id="s1-s1-t2" name="Validar retorno 200 e JSON Válido" line="16">
<kw name="Teste de Requisicao Basica" owner="random-user-service">
<kw name="GET On Session" owner="RequestsLibrary">
<msg time="2024-05-18T10:13:39.282561" level="INFO">GET Request : url=https://randomuser.me/api 
 path_url=/api 
 headers={'User-Agent': 'python-requests/2.31.0', 'Accept-Encoding': 'gzip, deflate', 'Accept': '*/*', 'Connection': 'keep-alive'} 
 body=None 
 </msg>
<msg time="2024-05-18T10:13:39.282718" level="INFO">GET Response : url=https://randomuser.me/api 
 status=200, reason=OK 
 headers={'Date': 'Sat, 18 May 2024 10:13:39 GMT', 'Content-Type': 'application/json; charset=utf-8', 'Transfer-Encoding': 'chunked', 'Connection': 'keep-alive', 'X-Powered-By': 'Express', 'Access-Control-Allow-Origin': '*', 'Cache-Control': 'no-cache', 'ETag': 'W/"49e-W3DOIkqGXcXnxLRDSSo/L6nG5ps"', 'Vary': 'Accept-Encoding', 'Content-Encoding': 'gzip', 'CF-Cache-Status': 'DYNAMIC', 'Report-To': '{"endpoints":[{"url":"https:\\/\\/a.nel.cloudflare.com\\/report\\/v4?s=p2r7E49tchkP%2FQxSVGM4EON%2FE8i6zaaDrtnHDLu0xS3V4d4Bm1XyQApNHaLeN%2B86xpoqVNiHTXijU16Juh6Q0rVhaSsHoAjcKWXLZWGV1%2FeLOWxNfjyVZZNPv4weYoS2"}],"group":"cf-nel","max_age":604800}', 'NEL': '{"success_fraction":0,"report_to":"cf-nel","max_age":604800}', 'Server': 'cloudflare', 'CF-RAY': '885b13685924392c-IAD', 'alt-svc': 'h3=":443"; ma=86400'} 
 body={"results":[{"gender":"female","name":{"title":"Ms","first":"Iiris","last":"Hautala"},"location":{"street":{"number":5738,"name":"Pyynikintie"},"city":"Kinnula","state":"Kymenlaakso","country":"Finland","postcode":67497,"coordinates":{"latitude":"-27.8251","longitude":"47.3235"},"timezone":{"offset":"-4:00","description":"Atlantic Time (Canada), Caracas, La Paz"}},"email":"iiris.hautala@example.com","login":{"uuid":"52c49a53-ad24-4ca0-a597-b81c736c7b31","username":"heavypeacock550","password":"maple","salt":"3itWNd6v","md5":"6f9ea0b6e6e6450ae280baeb9e5143e5","sha1":"d363a67d1ebbd79acae45f4a20fb6690fe88d86d","sha256":"fada4a5f5e9a0d5d87c18870f7f9248d445c9da06e8a334d244e17d8d4b4514a"},"dob":{"date":"1950-10-28T22:56:09.069Z","age":73},"registered":{"date":"2018-02-11T12:14:55.887Z","age":6},"phone":"03-484-710","cell":"043-939-00-47","id":{"name":"HETU","value":"NaNNA738undefined"},"picture":{"large":"https://randomuser.me/api/portraits/women/46.jpg","medium":"https://randomuser.me/api/portraits/med/women/46.jpg","thumbnail":"https://randomuser.me/api/portraits/thumb/women/46.jpg"},"nat":"FI"}],"info":{"seed":"5a0460a7d367cfb6","results":1,"page":1,"version":"1.4"}} 
 </msg>
<msg time="2024-05-18T10:13:39.282803" level="INFO">/opt/hostedtoolcache/Python/3.12.3/x64/lib/python3.12/site-packages/urllib3/connectionpool.py:1103: InsecureRequestWarning: Unverified HTTPS request is being made to host 'randomuser.me'. Adding certificate verification is strongly advised. See: https://urllib3.readthedocs.io/en/latest/advanced-usage.html#tls-warnings
  warnings.warn(</msg>
<msg time="2024-05-18T10:13:39.282974" level="INFO">${response} = &lt;Response [200]&gt;</msg>
<var>${response}</var>
<arg>consultarAPI</arg>
<arg>/api</arg>
<doc>Sends a GET request on a previously created HTTP Session.</doc>
<status status="PASS" start="2024-05-18T10:13:39.236192" elapsed="0.046827"/>
</kw>
<kw name="Should Be Equal As Numbers" owner="BuiltIn">
<msg time="2024-05-18T10:13:39.284180" level="INFO">Argument types are:
&lt;class 'int'&gt;
&lt;class 'str'&gt;</msg>
<arg>${response.status_code}</arg>
<arg>200</arg>
<doc>Fails if objects are unequal after converting them to real numbers.</doc>
<status status="PASS" start="2024-05-18T10:13:39.283699" elapsed="0.000554"/>
</kw>
<kw name="Log" owner="BuiltIn">
<msg time="2024-05-18T10:13:39.284995" level="INFO">200</msg>
<arg>${response.status_code}</arg>
<doc>Logs the given message with the given level.</doc>
<status status="PASS" start="2024-05-18T10:13:39.284630" elapsed="0.000409"/>
</kw>
<kw name="Set Variable" owner="BuiltIn">
<msg time="2024-05-18T10:13:39.285820" level="INFO">${json_data} = {'results': [{'gender': 'female', 'name': {'title': 'Ms', 'first': 'Iiris', 'last': 'Hautala'}, 'location': {'street': {'number': 5738, 'name': 'Pyynikintie'}, 'city': 'Kinnula', 'state': 'Kymenlaakso...</msg>
<var>${json_data}</var>
<arg>${response.json()}</arg>
<doc>Returns the given values which can then be assigned to a variables.</doc>
<status status="PASS" start="2024-05-18T10:13:39.285362" elapsed="0.000489"/>
</kw>
<kw name="Dictionary Should Contain Key" owner="Collections">
<msg time="2024-05-18T10:13:39.286342" level="INFO">False</msg>
<arg>${json_data}</arg>
<arg>results</arg>
<doc>Fails if ``key`` is not found from ``dictionary``.</doc>
<status status="PASS" start="2024-05-18T10:13:39.286163" elapsed="0.000219"/>
</kw>
<status status="PASS" start="2024-05-18T10:13:39.235900" elapsed="0.050745"/>
</kw>
<doc>Testa se a API responde corretamente e retorna um objeto JSON válido.</doc>
<tag>testeRequisicaoBasica</tag>
<status status="PASS" start="2024-05-18T10:13:39.235205" elapsed="0.051634"/>
</test>
<test id="s1-s1-t3" name="Validar estrutura de resposta" line="22">
<kw name="Teste de Estrutura de Resposta" owner="random-user-service">
<kw name="GET On Session" owner="RequestsLibrary">
<msg time="2024-05-18T10:13:39.399873" level="INFO">GET Request : url=https://randomuser.me/api 
 path_url=/api 
 headers={'User-Agent': 'python-requests/2.31.0', 'Accept-Encoding': 'gzip, deflate', 'Accept': '*/*', 'Connection': 'keep-alive'} 
 body=None 
 </msg>
<msg time="2024-05-18T10:13:39.399978" level="INFO">GET Response : url=https://randomuser.me/api 
 status=200, reason=OK 
 headers={'Date': 'Sat, 18 May 2024 10:13:39 GMT', 'Content-Type': 'application/json; charset=utf-8', 'Transfer-Encoding': 'chunked', 'Connection': 'keep-alive', 'X-Powered-By': 'Express', 'Access-Control-Allow-Origin': '*', 'Cache-Control': 'no-cache', 'ETag': 'W/"489-pNFdZIXEXeVAAz8SjPJcELCwVpM"', 'Vary': 'Accept-Encoding', 'Content-Encoding': 'gzip', 'CF-Cache-Status': 'DYNAMIC', 'Report-To': '{"endpoints":[{"url":"https:\\/\\/a.nel.cloudflare.com\\/report\\/v4?s=dI7k1s%2FwdvixUr0PRF3LzoO0lhRuddkhX2yCasAQ2kUmLHQroQg36jUOApis0nOgcZpnkjgWvEtohI5iHW4g8yfpcNQwgdlfDICOGXN8iX63gU6q4Kpw2lYWhdToLrbM"}],"group":"cf-nel","max_age":604800}', 'NEL': '{"success_fraction":0,"report_to":"cf-nel","max_age":604800}', 'Server': 'cloudflare', 'CF-RAY': '885b13689956392c-IAD', 'alt-svc': 'h3=":443"; ma=86400'} 
 body={"results":[{"gender":"female","name":{"title":"Ms","first":"Evdokija","last":"Ivanić"},"location":{"street":{"number":9244,"name":"TihomilЈa Nikolića "},"city":"Svilajnac","state":"West Bačka","country":"Serbia","postcode":57989,"coordinates":{"latitude":"59.6520","longitude":"104.2342"},"timezone":{"offset":"+5:45","description":"Kathmandu"}},"email":"evdokija.ivanic@example.com","login":{"uuid":"43aceddf-823c-484b-8864-53a5a2e3bca1","username":"crazyfrog278","password":"hillbill","salt":"hnXHqRsF","md5":"8d8ae35564d3e7f206f3192797572e8d","sha1":"dc11b6076e4cc917f0fb41d1ffc2bfa0d6ab1115","sha256":"6eb8f042b02f1f2e18f105bfc932390c87a81558c5553333c5e3a92d15238acf"},"dob":{"date":"1981-08-02T03:40:58.115Z","age":42},"registered":{"date":"2009-01-10T17:44:58.928Z","age":15},"phone":"019-1686-038","cell":"067-8081-936","id":{"name":"SID","value":"730269106"},"picture":{"large":"https://randomuser.me/api/portraits/women/62.jpg","medium":"https://randomuser.me/api/portraits/med/women/62.jpg","thumbnail":"https://randomuser.me/api/portraits/thumb/women/62.jpg"},"nat":"RS"}],"info":{"seed":"7ef0761fa25fa2c4","results":1,"page":1,"version":"1.4"}} 
 </msg>
<msg time="2024-05-18T10:13:39.400117" level="INFO">/opt/hostedtoolcache/Python/3.12.3/x64/lib/python3.12/site-packages/urllib3/connectionpool.py:1103: InsecureRequestWarning: Unverified HTTPS request is being made to host 'randomuser.me'. Adding certificate verification is strongly advised. See: https://urllib3.readthedocs.io/en/latest/advanced-usage.html#tls-warnings
  warnings.warn(</msg>
<msg time="2024-05-18T10:13:39.400269" level="INFO">${response} = &lt;Response [200]&gt;</msg>
<var>${response}</var>
<arg>consultarAPI</arg>
<arg>/api</arg>
<doc>Sends a GET request on a previously created HTTP Session.</doc>
<status status="PASS" start="2024-05-18T10:13:39.289666" elapsed="0.110672"/>
</kw>
<kw name="Set Variable" owner="BuiltIn">
<msg time="2024-05-18T10:13:39.401427" level="INFO">${json_data} = {'results': [{'gender': 'female', 'name': {'title': 'Ms', 'first': 'Evdokija', 'last': 'Ivanić'}, 'location': {'street': {'number': 9244, 'name': 'TihomilЈa Nikolića '}, 'city': 'Svilajnac', 'state': ...</msg>
<var>${json_data}</var>
<arg>${response.json()}</arg>
<doc>Returns the given values which can then be assigned to a variables.</doc>
<status status="PASS" start="2024-05-18T10:13:39.400884" elapsed="0.000574"/>
</kw>
<kw name="Log" owner="BuiltIn">
<msg time="2024-05-18T10:13:39.401954" level="INFO">{'results': [{'gender': 'female', 'name': {'title': 'Ms', 'first': 'Evdokija', 'last': 'Ivanić'}, 'location': {'street': {'number': 9244, 'name': 'TihomilЈa Nikolića '}, 'city': 'Svilajnac', 'state': 'West Bačka', 'country': 'Serbia', 'postcode': 57989, 'coordinates': {'latitude': '59.6520', 'longitude': '104.2342'}, 'timezone': {'offset': '+5:45', 'description': 'Kathmandu'}}, 'email': 'evdokija.ivanic@example.com', 'login': {'uuid': '43aceddf-823c-484b-8864-53a5a2e3bca1', 'username': 'crazyfrog278', 'password': 'hillbill', 'salt': 'hnXHqRsF', 'md5': '8d8ae35564d3e7f206f3192797572e8d', 'sha1': 'dc11b6076e4cc917f0fb41d1ffc2bfa0d6ab1115', 'sha256': '6eb8f042b02f1f2e18f105bfc932390c87a81558c5553333c5e3a92d15238acf'}, 'dob': {'date': '1981-08-02T03:40:58.115Z', 'age': 42}, 'registered': {'date': '2009-01-10T17:44:58.928Z', 'age': 15}, 'phone': '019-1686-038', 'cell': '067-8081-936', 'id': {'name': 'SID', 'value': '730269106'}, 'picture': {'large': 'https://randomuser.me/api/portraits/women/62.jpg', 'medium': 'https://randomuser.me/api/portraits/med/women/62.jpg', 'thumbnail': 'https://randomuser.me/api/portraits/thumb/women/62.jpg'}, 'nat': 'RS'}], 'info': {'seed': '7ef0761fa25fa2c4', 'results': 1, 'page': 1, 'version': '1.4'}}</msg>
<arg>${json_data}</arg>
<doc>Logs the given message with the given level.</doc>
<status status="PASS" start="2024-05-18T10:13:39.401784" elapsed="0.000222"/>
</kw>
<kw name="Dictionary Should Contain Key" owner="Collections">
<msg time="2024-05-18T10:13:39.402478" level="INFO">False</msg>
<arg>${json_data}</arg>
<arg>results</arg>
<doc>Fails if ``key`` is not found from ``dictionary``.</doc>
<status status="PASS" start="2024-05-18T10:13:39.402313" elapsed="0.000204"/>
</kw>
<kw name="Should Not Be Empty" owner="BuiltIn">
<msg time="2024-05-18T10:13:39.402948" level="INFO">Length is 2.</msg>
<arg>${json_data}</arg>
<doc>Verifies that the given item is not empty.</doc>
<status status="PASS" start="2024-05-18T10:13:39.402814" elapsed="0.000173"/>
</kw>
<kw name="Create List" owner="BuiltIn">
<msg time="2024-05-18T10:13:39.403638" level="INFO">${expected_keys} = ['gender', 'name', 'location', 'email', 'login']</msg>
<var>${expected_keys}</var>
<arg>gender</arg>
<arg>name</arg>
<arg>location</arg>
<arg>email</arg>
<arg>login</arg>
<doc>Returns a list containing given items.</doc>
<status status="PASS" start="2024-05-18T10:13:39.403285" elapsed="0.000380"/>
</kw>
<for flavor="IN">
<iter>
<kw name="Dictionary Should Contain Key" owner="Collections">
<msg time="2024-05-18T10:13:39.404684" level="INFO">False</msg>
<arg>${json_data['results'][0]}</arg>
<arg>${key}</arg>
<doc>Fails if ``key`` is not found from ``dictionary``.</doc>
<status status="PASS" start="2024-05-18T10:13:39.404270" elapsed="0.000452"/>
</kw>
<kw name="Log" owner="BuiltIn">
<msg time="2024-05-18T10:13:39.405402" level="INFO">{'gender': 'female', 'name': {'title': 'Ms', 'first': 'Evdokija', 'last': 'Ivanić'}, 'location': {'street': {'number': 9244, 'name': 'TihomilЈa Nikolića '}, 'city': 'Svilajnac', 'state': 'West Bačka', 'country': 'Serbia', 'postcode': 57989, 'coordinates': {'latitude': '59.6520', 'longitude': '104.2342'}, 'timezone': {'offset': '+5:45', 'description': 'Kathmandu'}}, 'email': 'evdokija.ivanic@example.com', 'login': {'uuid': '43aceddf-823c-484b-8864-53a5a2e3bca1', 'username': 'crazyfrog278', 'password': 'hillbill', 'salt': 'hnXHqRsF', 'md5': '8d8ae35564d3e7f206f3192797572e8d', 'sha1': 'dc11b6076e4cc917f0fb41d1ffc2bfa0d6ab1115', 'sha256': '6eb8f042b02f1f2e18f105bfc932390c87a81558c5553333c5e3a92d15238acf'}, 'dob': {'date': '1981-08-02T03:40:58.115Z', 'age': 42}, 'registered': {'date': '2009-01-10T17:44:58.928Z', 'age': 15}, 'phone': '019-1686-038', 'cell': '067-8081-936', 'id': {'name': 'SID', 'value': '730269106'}, 'picture': {'large': 'https://randomuser.me/api/portraits/women/62.jpg', 'medium': 'https://randomuser.me/api/portraits/med/women/62.jpg', 'thumbnail': 'https://randomuser.me/api/portraits/thumb/women/62.jpg'}, 'nat': 'RS'}</msg>
<arg>${json_data['results'][0]}</arg>
<doc>Logs the given message with the given level.</doc>
<status status="PASS" start="2024-05-18T10:13:39.405024" elapsed="0.000430"/>
</kw>
<kw name="Log" owner="BuiltIn">
<msg time="2024-05-18T10:13:39.405890" level="INFO">gender</msg>
<arg>${key}</arg>
<doc>Logs the given message with the given level.</doc>
<status status="PASS" start="2024-05-18T10:13:39.405761" elapsed="0.000168"/>
</kw>
<var name="${key}">gender</var>
<status status="PASS" start="2024-05-18T10:13:39.404141" elapsed="0.002005"/>
</iter>
<iter>
<kw name="Dictionary Should Contain Key" owner="Collections">
<msg time="2024-05-18T10:13:39.406884" level="INFO">False</msg>
<arg>${json_data['results'][0]}</arg>
<arg>${key}</arg>
<doc>Fails if ``key`` is not found from ``dictionary``.</doc>
<status status="PASS" start="2024-05-18T10:13:39.406472" elapsed="0.000450"/>
</kw>
<kw name="Log" owner="BuiltIn">
<msg time="2024-05-18T10:13:39.407660" level="INFO">{'gender': 'female', 'name': {'title': 'Ms', 'first': 'Evdokija', 'last': 'Ivanić'}, 'location': {'street': {'number': 9244, 'name': 'TihomilЈa Nikolića '}, 'city': 'Svilajnac', 'state': 'West Bačka', 'country': 'Serbia', 'postcode': 57989, 'coordinates': {'latitude': '59.6520', 'longitude': '104.2342'}, 'timezone': {'offset': '+5:45', 'description': 'Kathmandu'}}, 'email': 'evdokija.ivanic@example.com', 'login': {'uuid': '43aceddf-823c-484b-8864-53a5a2e3bca1', 'username': 'crazyfrog278', 'password': 'hillbill', 'salt': 'hnXHqRsF', 'md5': '8d8ae35564d3e7f206f3192797572e8d', 'sha1': 'dc11b6076e4cc917f0fb41d1ffc2bfa0d6ab1115', 'sha256': '6eb8f042b02f1f2e18f105bfc932390c87a81558c5553333c5e3a92d15238acf'}, 'dob': {'date': '1981-08-02T03:40:58.115Z', 'age': 42}, 'registered': {'date': '2009-01-10T17:44:58.928Z', 'age': 15}, 'phone': '019-1686-038', 'cell': '067-8081-936', 'id': {'name': 'SID', 'value': '730269106'}, 'picture': {'large': 'https://randomuser.me/api/portraits/women/62.jpg', 'medium': 'https://randomuser.me/api/portraits/med/women/62.jpg', 'thumbnail': 'https://randomuser.me/api/portraits/thumb/women/62.jpg'}, 'nat': 'RS'}</msg>
<arg>${json_data['results'][0]}</arg>
<doc>Logs the given message with the given level.</doc>
<status status="PASS" start="2024-05-18T10:13:39.407265" elapsed="0.000449"/>
</kw>
<kw name="Log" owner="BuiltIn">
<msg time="2024-05-18T10:13:39.408149" level="INFO">name</msg>
<arg>${key}</arg>
<doc>Logs the given message with the given level.</doc>
<status status="PASS" start="2024-05-18T10:13:39.408020" elapsed="0.000167"/>
</kw>
<var name="${key}">name</var>
<status status="PASS" start="2024-05-18T10:13:39.406344" elapsed="0.002061"/>
</iter>
<iter>
<kw name="Dictionary Should Contain Key" owner="Collections">
<msg time="2024-05-18T10:13:39.409091" level="INFO">False</msg>
<arg>${json_data['results'][0]}</arg>
<arg>${key}</arg>
<doc>Fails if ``key`` is not found from ``dictionary``.</doc>
<status status="PASS" start="2024-05-18T10:13:39.408703" elapsed="0.000426"/>
</kw>
<kw name="Log" owner="BuiltIn">
<msg time="2024-05-18T10:13:39.409853" level="INFO">{'gender': 'female', 'name': {'title': 'Ms', 'first': 'Evdokija', 'last': 'Ivanić'}, 'location': {'street': {'number': 9244, 'name': 'TihomilЈa Nikolića '}, 'city': 'Svilajnac', 'state': 'West Bačka', 'country': 'Serbia', 'postcode': 57989, 'coordinates': {'latitude': '59.6520', 'longitude': '104.2342'}, 'timezone': {'offset': '+5:45', 'description': 'Kathmandu'}}, 'email': 'evdokija.ivanic@example.com', 'login': {'uuid': '43aceddf-823c-484b-8864-53a5a2e3bca1', 'username': 'crazyfrog278', 'password': 'hillbill', 'salt': 'hnXHqRsF', 'md5': '8d8ae35564d3e7f206f3192797572e8d', 'sha1': 'dc11b6076e4cc917f0fb41d1ffc2bfa0d6ab1115', 'sha256': '6eb8f042b02f1f2e18f105bfc932390c87a81558c5553333c5e3a92d15238acf'}, 'dob': {'date': '1981-08-02T03:40:58.115Z', 'age': 42}, 'registered': {'date': '2009-01-10T17:44:58.928Z', 'age': 15}, 'phone': '019-1686-038', 'cell': '067-8081-936', 'id': {'name': 'SID', 'value': '730269106'}, 'picture': {'large': 'https://randomuser.me/api/portraits/women/62.jpg', 'medium': 'https://randomuser.me/api/portraits/med/women/62.jpg', 'thumbnail': 'https://randomuser.me/api/portraits/thumb/women/62.jpg'}, 'nat': 'RS'}</msg>
<arg>${json_data['results'][0]}</arg>
<doc>Logs the given message with the given level.</doc>
<status status="PASS" start="2024-05-18T10:13:39.409434" elapsed="0.000511"/>
</kw>
<kw name="Log" owner="BuiltIn">
<msg time="2024-05-18T10:13:39.410593" level="INFO">location</msg>
<arg>${key}</arg>
<doc>Logs the given message with the given level.</doc>
<status status="PASS" start="2024-05-18T10:13:39.410403" elapsed="0.000255"/>
</kw>
<var name="${key}">location</var>
<status status="PASS" start="2024-05-18T10:13:39.408590" elapsed="0.002396"/>
</iter>
<iter>
<kw name="Dictionary Should Contain Key" owner="Collections">
<msg time="2024-05-18T10:13:39.411753" level="INFO">False</msg>
<arg>${json_data['results'][0]}</arg>
<arg>${key}</arg>
<doc>Fails if ``key`` is not found from ``dictionary``.</doc>
<status status="PASS" start="2024-05-18T10:13:39.411327" elapsed="0.000466"/>
</kw>
<kw name="Log" owner="BuiltIn">
<msg time="2024-05-18T10:13:39.412470" level="INFO">{'gender': 'female', 'name': {'title': 'Ms', 'first': 'Evdokija', 'last': 'Ivanić'}, 'location': {'street': {'number': 9244, 'name': 'TihomilЈa Nikolića '}, 'city': 'Svilajnac', 'state': 'West Bačka', 'country': 'Serbia', 'postcode': 57989, 'coordinates': {'latitude': '59.6520', 'longitude': '104.2342'}, 'timezone': {'offset': '+5:45', 'description': 'Kathmandu'}}, 'email': 'evdokija.ivanic@example.com', 'login': {'uuid': '43aceddf-823c-484b-8864-53a5a2e3bca1', 'username': 'crazyfrog278', 'password': 'hillbill', 'salt': 'hnXHqRsF', 'md5': '8d8ae35564d3e7f206f3192797572e8d', 'sha1': 'dc11b6076e4cc917f0fb41d1ffc2bfa0d6ab1115', 'sha256': '6eb8f042b02f1f2e18f105bfc932390c87a81558c5553333c5e3a92d15238acf'}, 'dob': {'date': '1981-08-02T03:40:58.115Z', 'age': 42}, 'registered': {'date': '2009-01-10T17:44:58.928Z', 'age': 15}, 'phone': '019-1686-038', 'cell': '067-8081-936', 'id': {'name': 'SID', 'value': '730269106'}, 'picture': {'large': 'https://randomuser.me/api/portraits/women/62.jpg', 'medium': 'https://randomuser.me/api/portraits/med/women/62.jpg', 'thumbnail': 'https://randomuser.me/api/portraits/thumb/women/62.jpg'}, 'nat': 'RS'}</msg>
<arg>${json_data['results'][0]}</arg>
<doc>Logs the given message with the given level.</doc>
<status status="PASS" start="2024-05-18T10:13:39.412102" elapsed="0.000422"/>
</kw>
<kw name="Log" owner="BuiltIn">
<msg time="2024-05-18T10:13:39.412951" level="INFO">email</msg>
<arg>${key}</arg>
<doc>Logs the given message with the given level.</doc>
<status status="PASS" start="2024-05-18T10:13:39.412823" elapsed="0.000167"/>
</kw>
<var name="${key}">email</var>
<status status="PASS" start="2024-05-18T10:13:39.411209" elapsed="0.002012"/>
</iter>
<iter>
<kw name="Dictionary Should Contain Key" owner="Collections">
<msg time="2024-05-18T10:13:39.413902" level="INFO">False</msg>
<arg>${json_data['results'][0]}</arg>
<arg>${key}</arg>
<doc>Fails if ``key`` is not found from ``dictionary``.</doc>
<status status="PASS" start="2024-05-18T10:13:39.413510" elapsed="0.000431"/>
</kw>
<kw name="Log" owner="BuiltIn">
<msg time="2024-05-18T10:13:39.414626" level="INFO">{'gender': 'female', 'name': {'title': 'Ms', 'first': 'Evdokija', 'last': 'Ivanić'}, 'location': {'street': {'number': 9244, 'name': 'TihomilЈa Nikolića '}, 'city': 'Svilajnac', 'state': 'West Bačka', 'country': 'Serbia', 'postcode': 57989, 'coordinates': {'latitude': '59.6520', 'longitude': '104.2342'}, 'timezone': {'offset': '+5:45', 'description': 'Kathmandu'}}, 'email': 'evdokija.ivanic@example.com', 'login': {'uuid': '43aceddf-823c-484b-8864-53a5a2e3bca1', 'username': 'crazyfrog278', 'password': 'hillbill', 'salt': 'hnXHqRsF', 'md5': '8d8ae35564d3e7f206f3192797572e8d', 'sha1': 'dc11b6076e4cc917f0fb41d1ffc2bfa0d6ab1115', 'sha256': '6eb8f042b02f1f2e18f105bfc932390c87a81558c5553333c5e3a92d15238acf'}, 'dob': {'date': '1981-08-02T03:40:58.115Z', 'age': 42}, 'registered': {'date': '2009-01-10T17:44:58.928Z', 'age': 15}, 'phone': '019-1686-038', 'cell': '067-8081-936', 'id': {'name': 'SID', 'value': '730269106'}, 'picture': {'large': 'https://randomuser.me/api/portraits/women/62.jpg', 'medium': 'https://randomuser.me/api/portraits/med/women/62.jpg', 'thumbnail': 'https://randomuser.me/api/portraits/thumb/women/62.jpg'}, 'nat': 'RS'}</msg>
<arg>${json_data['results'][0]}</arg>
<doc>Logs the given message with the given level.</doc>
<status status="PASS" start="2024-05-18T10:13:39.414256" elapsed="0.000421"/>
</kw>
<kw name="Log" owner="BuiltIn">
<msg time="2024-05-18T10:13:39.415108" level="INFO">login</msg>
<arg>${key}</arg>
<doc>Logs the given message with the given level.</doc>
<status status="PASS" start="2024-05-18T10:13:39.414982" elapsed="0.000163"/>
</kw>
<var name="${key}">login</var>
<status status="PASS" start="2024-05-18T10:13:39.413397" elapsed="0.001996"/>
</iter>
<var>${key}</var>
<value>@{expected_keys}</value>
<status status="PASS" start="2024-05-18T10:13:39.403939" elapsed="0.011583"/>
</for>
<kw name="Create List" owner="BuiltIn">
<msg time="2024-05-18T10:13:39.415921" level="INFO">${expected_keysTwo} = ['username', 'password']</msg>
<var>${expected_keysTwo}</var>
<arg>username</arg>
<arg>password</arg>
<doc>Returns a list containing given items.</doc>
<status status="PASS" start="2024-05-18T10:13:39.415778" elapsed="0.000166"/>
</kw>
<for flavor="IN">
<iter>
<kw name="Dictionary Should Contain Key" owner="Collections">
<msg time="2024-05-18T10:13:39.416856" level="INFO">False</msg>
<arg>${json_data['results'][0]['login']}</arg>
<arg>${keyTwo}</arg>
<doc>Fails if ``key`` is not found from ``dictionary``.</doc>
<status status="PASS" start="2024-05-18T10:13:39.416463" elapsed="0.000431"/>
</kw>
<kw name="Dictionary Should Contain Key" owner="Collections">
<msg time="2024-05-18T10:13:39.417557" level="INFO">False</msg>
<arg>${json_data['results'][0]['login']}</arg>
<arg>${keyTwo}</arg>
<doc>Fails if ``key`` is not found from ``dictionary``.</doc>
<status status="PASS" start="2024-05-18T10:13:39.417186" elapsed="0.000408"/>
</kw>
<kw name="Log" owner="BuiltIn">
<msg time="2024-05-18T10:13:39.418010" level="INFO">username</msg>
<arg>${keyTwo}</arg>
<doc>Logs the given message with the given level.</doc>
<status status="PASS" start="2024-05-18T10:13:39.417885" elapsed="0.000167"/>
</kw>
<var name="${keyTwo}">username</var>
<status status="PASS" start="2024-05-18T10:13:39.416352" elapsed="0.001913"/>
</iter>
<iter>
<kw name="Dictionary Should Contain Key" owner="Collections">
<msg time="2024-05-18T10:13:39.418925" level="INFO">False</msg>
<arg>${json_data['results'][0]['login']}</arg>
<arg>${keyTwo}</arg>
<doc>Fails if ``key`` is not found from ``dictionary``.</doc>
<status status="PASS" start="2024-05-18T10:13:39.418547" elapsed="0.000415"/>
</kw>
<kw name="Dictionary Should Contain Key" owner="Collections">
<msg time="2024-05-18T10:13:39.419787" level="INFO">False</msg>
<arg>${json_data['results'][0]['login']}</arg>
<arg>${keyTwo}</arg>
<doc>Fails if ``key`` is not found from ``dictionary``.</doc>
<status status="PASS" start="2024-05-18T10:13:39.419253" elapsed="0.000575"/>
</kw>
<kw name="Log" owner="BuiltIn">
<msg time="2024-05-18T10:13:39.420260" level="INFO">password</msg>
<arg>${keyTwo}</arg>
<doc>Logs the given message with the given level.</doc>
<status status="PASS" start="2024-05-18T10:13:39.420131" elapsed="0.000168"/>
</kw>
<var name="${keyTwo}">password</var>
<status status="PASS" start="2024-05-18T10:13:39.418437" elapsed="0.002080"/>
</iter>
<var>${keyTwo}</var>
<value>@{expected_keysTwo}</value>
<status status="PASS" start="2024-05-18T10:13:39.416190" elapsed="0.004448"/>
</for>
<status status="PASS" start="2024-05-18T10:13:39.289400" elapsed="0.131386"/>
</kw>
<doc>Testa a estrutura da resposta da API.</doc>
<tag>testeEstruturaResposta</tag>
<status status="PASS" start="2024-05-18T10:13:39.288836" elapsed="0.132115"/>
</test>
<test id="s1-s1-t4" name="Validar tipos de dados" line="28">
<kw name="Teste de Tipos de Dados" owner="random-user-service">
<kw name="GET On Session" owner="RequestsLibrary">
<msg time="2024-05-18T10:13:39.481728" level="INFO">GET Request : url=https://randomuser.me/api 
 path_url=/api 
 headers={'User-Agent': 'python-requests/2.31.0', 'Accept-Encoding': 'gzip, deflate', 'Accept': '*/*', 'Connection': 'keep-alive'} 
 body=None 
 </msg>
<msg time="2024-05-18T10:13:39.481829" level="INFO">GET Response : url=https://randomuser.me/api 
 status=200, reason=OK 
 headers={'Date': 'Sat, 18 May 2024 10:13:39 GMT', 'Content-Type': 'application/json; charset=utf-8', 'Transfer-Encoding': 'chunked', 'Connection': 'keep-alive', 'X-Powered-By': 'Express', 'Access-Control-Allow-Origin': '*', 'Cache-Control': 'no-cache', 'ETag': 'W/"498-1z/6WKUf8oly7Rh+BlMeJmrBN24"', 'Vary': 'Accept-Encoding', 'Content-Encoding': 'gzip', 'CF-Cache-Status': 'DYNAMIC', 'Report-To': '{"endpoints":[{"url":"https:\\/\\/a.nel.cloudflare.com\\/report\\/v4?s=YA%2BHZYVP%2BbA%2BaiMkkwAQeQiMH2dgUD1%2Fv0FJy9duQo3WegK%2FaM%2FdE7ZQo4DM%2FEMRVlXt65vTWV%2BU1vVUonMMZ%2Bz3tukzui35Pg801QT1JfdOoZHVc8wJM23cikoMz5df"}],"group":"cf-nel","max_age":604800}', 'NEL': '{"success_fraction":0,"report_to":"cf-nel","max_age":604800}', 'Server': 'cloudflare', 'CF-RAY': '885b13696a2c392c-IAD', 'alt-svc': 'h3=":443"; ma=86400'} 
 body={"results":[{"gender":"female","name":{"title":"Mrs","first":"Shahistha","last":"Pai"},"location":{"street":{"number":6298,"name":"Shivajinagar"},"city":"Ambala","state":"Uttarakhand","country":"India","postcode":82788,"coordinates":{"latitude":"7.1999","longitude":"120.4266"},"timezone":{"offset":"-5:00","description":"Eastern Time (US &amp; Canada), Bogota, Lima"}},"email":"shahistha.pai@example.com","login":{"uuid":"ba74ae0f-c3c3-455c-836a-552d2df8ee6c","username":"purplegoose419","password":"hhhhhhhh","salt":"nVouuWIn","md5":"3313e336cf190ab556e4eecfd724ff0d","sha1":"2bcace4909cb10503d7be7d7ee5a475582b3a357","sha256":"0536c297c016c568d577c69a03b58f8e8bf8c8dbdfb759adae3d0f5ab98ba391"},"dob":{"date":"1953-05-14T01:59:53.408Z","age":71},"registered":{"date":"2018-09-28T11:42:39.402Z","age":5},"phone":"9959847272","cell":"7113137300","id":{"name":"UIDAI","value":"758784258422"},"picture":{"large":"https://randomuser.me/api/portraits/women/17.jpg","medium":"https://randomuser.me/api/portraits/med/women/17.jpg","thumbnail":"https://randomuser.me/api/portraits/thumb/women/17.jpg"},"nat":"IN"}],"info":{"seed":"bff65958f8a2c06e","results":1,"page":1,"version":"1.4"}} 
 </msg>
<msg time="2024-05-18T10:13:39.481902" level="INFO">/opt/hostedtoolcache/Python/3.12.3/x64/lib/python3.12/site-packages/urllib3/connectionpool.py:1103: InsecureRequestWarning: Unverified HTTPS request is being made to host 'randomuser.me'. Adding certificate verification is strongly advised. See: https://urllib3.readthedocs.io/en/latest/advanced-usage.html#tls-warnings
  warnings.warn(</msg>
<msg time="2024-05-18T10:13:39.482046" level="INFO">${response} = &lt;Response [200]&gt;</msg>
<var>${response}</var>
<arg>consultarAPI</arg>
<arg>/api</arg>
<doc>Sends a GET request on a previously created HTTP Session.</doc>
<status status="PASS" start="2024-05-18T10:13:39.423510" elapsed="0.058579"/>
</kw>
<kw name="Set Variable" owner="BuiltIn">
<msg time="2024-05-18T10:13:39.483161" level="INFO">${json_data} = {'results': [{'gender': 'female', 'name': {'title': 'Mrs', 'first': 'Shahistha', 'last': 'Pai'}, 'location': {'street': {'number': 6298, 'name': 'Shivajinagar'}, 'city': 'Ambala', 'state': 'Uttarakhan...</msg>
<var>${json_data}</var>
<arg>${response.json()}</arg>
<doc>Returns the given values which can then be assigned to a variables.</doc>
<status status="PASS" start="2024-05-18T10:13:39.482633" elapsed="0.000559"/>
</kw>
<kw name="Log" owner="BuiltIn">
<msg time="2024-05-18T10:13:39.483716" level="INFO">{'results': [{'gender': 'female', 'name': {'title': 'Mrs', 'first': 'Shahistha', 'last': 'Pai'}, 'location': {'street': {'number': 6298, 'name': 'Shivajinagar'}, 'city': 'Ambala', 'state': 'Uttarakhand', 'country': 'India', 'postcode': 82788, 'coordinates': {'latitude': '7.1999', 'longitude': '120.4266'}, 'timezone': {'offset': '-5:00', 'description': 'Eastern Time (US &amp; Canada), Bogota, Lima'}}, 'email': 'shahistha.pai@example.com', 'login': {'uuid': 'ba74ae0f-c3c3-455c-836a-552d2df8ee6c', 'username': 'purplegoose419', 'password': 'hhhhhhhh', 'salt': 'nVouuWIn', 'md5': '3313e336cf190ab556e4eecfd724ff0d', 'sha1': '2bcace4909cb10503d7be7d7ee5a475582b3a357', 'sha256': '0536c297c016c568d577c69a03b58f8e8bf8c8dbdfb759adae3d0f5ab98ba391'}, 'dob': {'date': '1953-05-14T01:59:53.408Z', 'age': 71}, 'registered': {'date': '2018-09-28T11:42:39.402Z', 'age': 5}, 'phone': '9959847272', 'cell': '7113137300', 'id': {'name': 'UIDAI', 'value': '758784258422'}, 'picture': {'large': 'https://randomuser.me/api/portraits/women/17.jpg', 'medium': 'https://randomuser.me/api/portraits/med/women/17.jpg', 'thumbnail': 'https://randomuser.me/api/portraits/thumb/women/17.jpg'}, 'nat': 'IN'}], 'info': {'seed': 'bff65958f8a2c06e', 'results': 1, 'page': 1, 'version': '1.4'}}</msg>
<arg>${json_data}</arg>
<doc>Logs the given message with the given level.</doc>
<status status="PASS" start="2024-05-18T10:13:39.483515" elapsed="0.000288"/>
</kw>
<kw name="Should Be String" owner="String">
<arg>${json_data['results'][0]['gender']}</arg>
<doc>Fails if the given ``item`` is not a string.</doc>
<status status="PASS" start="2024-05-18T10:13:39.484114" elapsed="0.000408"/>
</kw>
<kw name="Should Match Regexp" owner="BuiltIn">
<arg>${json_data['results'][0]['email']}</arg>
<arg>^[a-zA-Z0-9._%+-]+@[a-zA-Z0-9.-]+\.[a-zA-Z]{2,}$</arg>
<doc>Fails if ``string`` does not match ``pattern`` as a regular expression.</doc>
<status status="PASS" start="2024-05-18T10:13:39.484721" elapsed="0.000524"/>
</kw>
<kw name="Should Match Regexp" owner="BuiltIn">
<arg>${json_data['results'][0]['dob']['date']}</arg>
<arg>\\d{4}-\\d{2}-\\d{2}T\\d{2}:\\d{2}:\\d{2}\\.\\d{3}Z</arg>
<doc>Fails if ``string`` does not match ``pattern`` as a regular expression.</doc>
<status status="PASS" start="2024-05-18T10:13:39.485447" elapsed="0.000497"/>
</kw>
<kw name="Should Match Regexp" owner="BuiltIn">
<arg>${json_data['results'][0]['registered']['date']}</arg>
<arg>\\d{4}-\\d{2}-\\d{2}T\\d{2}:\\d{2}:\\d{2}\\.\\d{3}Z</arg>
<doc>Fails if ``string`` does not match ``pattern`` as a regular expression.</doc>
<status status="PASS" start="2024-05-18T10:13:39.486136" elapsed="0.000363"/>
</kw>
<kw name="Should Match Regexp" owner="BuiltIn">
<arg>${json_data['results'][0]['picture']['large']}</arg>
<arg>^https?://.*\.(?:png|jpe?g|gif|bmp)$</arg>
<doc>Fails if ``string`` does not match ``pattern`` as a regular expression.</doc>
<status status="PASS" start="2024-05-18T10:13:39.486689" elapsed="0.000460"/>
</kw>
<kw name="Should Match Regexp" owner="BuiltIn">
<arg>${json_data['results'][0]['picture']['medium']}</arg>
<arg>^https?://.*\.(?:png|jpe?g|gif|bmp)$</arg>
<doc>Fails if ``string`` does not match ``pattern`` as a regular expression.</doc>
<status status="PASS" start="2024-05-18T10:13:39.487339" elapsed="0.000385"/>
</kw>
<kw name="Should Match Regexp" owner="BuiltIn">
<arg>${json_data['results'][0]['picture']['thumbnail']}</arg>
<arg>^https?://.*\.(?:png|jpe?g|gif|bmp)$</arg>
<doc>Fails if ``string`` does not match ``pattern`` as a regular expression.</doc>
<status status="PASS" start="2024-05-18T10:13:39.487920" elapsed="0.000359"/>
</kw>
<kw name="Log" owner="BuiltIn">
<msg time="2024-05-18T10:13:39.488787" level="INFO">{'large': 'https://randomuser.me/api/portraits/women/17.jpg', 'medium': 'https://randomuser.me/api/portraits/med/women/17.jpg', 'thumbnail': 'https://randomuser.me/api/portraits/thumb/women/17.jpg'}</msg>
<arg>${json_data['results'][0]['picture']}</arg>
<doc>Logs the given message with the given level.</doc>
<status status="PASS" start="2024-05-18T10:13:39.488464" elapsed="0.000366"/>
</kw>
<status status="PASS" start="2024-05-18T10:13:39.423268" elapsed="0.065843"/>
</kw>
<kw name="Teste de Tipos de Dados - Postcode" owner="random-user-service">
<kw name="GET On Session" owner="RequestsLibrary">
<msg time="2024-05-18T10:13:39.614919" level="INFO">GET Request : url=https://randomuser.me/api 
 path_url=/api 
 headers={'User-Agent': 'python-requests/2.31.0', 'Accept-Encoding': 'gzip, deflate', 'Accept': '*/*', 'Connection': 'keep-alive'} 
 body=None 
 </msg>
<msg time="2024-05-18T10:13:39.615025" level="INFO">GET Response : url=https://randomuser.me/api 
 status=200, reason=OK 
 headers={'Date': 'Sat, 18 May 2024 10:13:39 GMT', 'Content-Type': 'application/json; charset=utf-8', 'Transfer-Encoding': 'chunked', 'Connection': 'keep-alive', 'X-Powered-By': 'Express', 'Access-Control-Allow-Origin': '*', 'Cache-Control': 'no-cache', 'ETag': 'W/"483-Fp8qbZe3/hJZpYaGtzBkq/BPjqU"', 'Vary': 'Accept-Encoding', 'Content-Encoding': 'gzip', 'CF-Cache-Status': 'DYNAMIC', 'Report-To': '{"endpoints":[{"url":"https:\\/\\/a.nel.cloudflare.com\\/report\\/v4?s=r%2BvNsjovxm7y6hIUNMKiqbEv6vL4cTdYsdv55UQttrHr6y8zTfY%2FZTsiT6bPS6tFl6jKUx4lJJGEvMl%2F90ZJRgTnuiUIvwpwD5mwrpQhQy%2FvRvYz3MJDlh3rjybhZtgl"}],"group":"cf-nel","max_age":604800}', 'NEL': '{"success_fraction":0,"report_to":"cf-nel","max_age":604800}', 'Server': 'cloudflare', 'CF-RAY': '885b1369ca71392c-IAD', 'alt-svc': 'h3=":443"; ma=86400'} 
 body={"results":[{"gender":"male","name":{"title":"Mr","first":"Arron","last":"Byrd"},"location":{"street":{"number":8457,"name":"Park Avenue"},"city":"Ashbourne","state":"Dublin City","country":"Ireland","postcode":69664,"coordinates":{"latitude":"0.6568","longitude":"-65.5854"},"timezone":{"offset":"-7:00","description":"Mountain Time (US &amp; Canada)"}},"email":"arron.byrd@example.com","login":{"uuid":"012d903a-09d3-4fa4-9616-3a75c03eb410","username":"beautifulgorilla293","password":"goodbye","salt":"aJZl0OtL","md5":"b053ef6c3c37a2c8e5ac001084a9166c","sha1":"5d4a272550177257bcb85509a7de10fe03890556","sha256":"787fa64c8c04b8024e6185d9513d79b027304beafd9f869720f5973f61eab8d6"},"dob":{"date":"1980-03-20T05:23:05.904Z","age":44},"registered":{"date":"2011-06-12T23:04:41.018Z","age":12},"phone":"061-028-6210","cell":"081-026-5205","id":{"name":"PPS","value":"5558499T"},"picture":{"large":"https://randomuser.me/api/portraits/men/35.jpg","medium":"https://randomuser.me/api/portraits/med/men/35.jpg","thumbnail":"https://randomuser.me/api/portraits/thumb/men/35.jpg"},"nat":"IE"}],"info":{"seed":"04947fc98dc062e7","results":1,"page":1,"version":"1.4"}} 
 </msg>
<msg time="2024-05-18T10:13:39.615103" level="INFO">/opt/hostedtoolcache/Python/3.12.3/x64/lib/python3.12/site-packages/urllib3/connectionpool.py:1103: InsecureRequestWarning: Unverified HTTPS request is being made to host 'randomuser.me'. Adding certificate verification is strongly advised. See: https://urllib3.readthedocs.io/en/latest/advanced-usage.html#tls-warnings
  warnings.warn(</msg>
<msg time="2024-05-18T10:13:39.615261" level="INFO">${response} = &lt;Response [200]&gt;</msg>
<var>${response}</var>
<arg>consultarAPI</arg>
<arg>/api</arg>
<doc>Sends a GET request on a previously created HTTP Session.</doc>
<status status="PASS" start="2024-05-18T10:13:39.489590" elapsed="0.125723"/>
</kw>
<kw name="Set Variable" owner="BuiltIn">
<msg time="2024-05-18T10:13:39.616463" level="INFO">${json_data} = {'results': [{'gender': 'male', 'name': {'title': 'Mr', 'first': 'Arron', 'last': 'Byrd'}, 'location': {'street': {'number': 8457, 'name': 'Park Avenue'}, 'city': 'Ashbourne', 'state': 'Dublin City', ...</msg>
<var>${json_data}</var>
<arg>${response.json()}</arg>
<doc>Returns the given values which can then be assigned to a variables.</doc>
<status status="PASS" start="2024-05-18T10:13:39.615904" elapsed="0.000589"/>
</kw>
<kw name="Log" owner="BuiltIn">
<msg time="2024-05-18T10:13:39.616983" level="INFO">{'results': [{'gender': 'male', 'name': {'title': 'Mr', 'first': 'Arron', 'last': 'Byrd'}, 'location': {'street': {'number': 8457, 'name': 'Park Avenue'}, 'city': 'Ashbourne', 'state': 'Dublin City', 'country': 'Ireland', 'postcode': 69664, 'coordinates': {'latitude': '0.6568', 'longitude': '-65.5854'}, 'timezone': {'offset': '-7:00', 'description': 'Mountain Time (US &amp; Canada)'}}, 'email': 'arron.byrd@example.com', 'login': {'uuid': '012d903a-09d3-4fa4-9616-3a75c03eb410', 'username': 'beautifulgorilla293', 'password': 'goodbye', 'salt': 'aJZl0OtL', 'md5': 'b053ef6c3c37a2c8e5ac001084a9166c', 'sha1': '5d4a272550177257bcb85509a7de10fe03890556', 'sha256': '787fa64c8c04b8024e6185d9513d79b027304beafd9f869720f5973f61eab8d6'}, 'dob': {'date': '1980-03-20T05:23:05.904Z', 'age': 44}, 'registered': {'date': '2011-06-12T23:04:41.018Z', 'age': 12}, 'phone': '061-028-6210', 'cell': '081-026-5205', 'id': {'name': 'PPS', 'value': '5558499T'}, 'picture': {'large': 'https://randomuser.me/api/portraits/men/35.jpg', 'medium': 'https://randomuser.me/api/portraits/med/men/35.jpg', 'thumbnail': 'https://randomuser.me/api/portraits/thumb/men/35.jpg'}, 'nat': 'IE'}], 'info': {'seed': '04947fc98dc062e7', 'results': 1, 'page': 1, 'version': '1.4'}}</msg>
<arg>${json_data}</arg>
<doc>Logs the given message with the given level.</doc>
<status status="PASS" start="2024-05-18T10:13:39.616824" elapsed="0.000244"/>
</kw>
<kw name="Should Be Equal As Numbers" owner="BuiltIn">
<arg>${json_data['results'][0]['location']['postcode']}</arg>
<arg>${json_data['results'][0]['location']['postcode']}</arg>
<doc>Fails if objects are unequal after converting them to real numbers.</doc>
<status status="PASS" start="2024-05-18T10:13:39.617381" elapsed="0.000842"/>
</kw>
<kw name="Log" owner="BuiltIn">
<msg time="2024-05-18T10:13:39.618764" level="INFO">69664</msg>
<arg>${json_data['results'][0]['location']['postcode']}</arg>
<doc>Logs the given message with the given level.</doc>
<status status="PASS" start="2024-05-18T10:13:39.618425" elapsed="0.000381"/>
</kw>
<status status="PASS" start="2024-05-18T10:13:39.489349" elapsed="0.129722"/>
</kw>
<doc>Testa se os tipos de dados na resposta da API estão corretos.</doc>
<tag>testeTiposDados</tag>
<status status="PASS" start="2024-05-18T10:13:39.422756" elapsed="0.196487"/>
</test>
<test id="s1-s1-t5" name="Validar conteudo" line="35">
<kw name="Teste de Tipos de Conteudo" owner="random-user-service">
<kw name="GET On Session" owner="RequestsLibrary">
<msg time="2024-05-18T10:13:39.692437" level="INFO">GET Request : url=https://randomuser.me/api 
 path_url=/api 
 headers={'User-Agent': 'python-requests/2.31.0', 'Accept-Encoding': 'gzip, deflate', 'Accept': '*/*', 'Connection': 'keep-alive'} 
 body=None 
 </msg>
<msg time="2024-05-18T10:13:39.692540" level="INFO">GET Response : url=https://randomuser.me/api 
 status=200, reason=OK 
 headers={'Date': 'Sat, 18 May 2024 10:13:39 GMT', 'Content-Type': 'application/json; charset=utf-8', 'Transfer-Encoding': 'chunked', 'Connection': 'keep-alive', 'X-Powered-By': 'Express', 'Access-Control-Allow-Origin': '*', 'Cache-Control': 'no-cache', 'ETag': 'W/"49f-psY5t2KIwI5yBtF+K66INZrljfo"', 'Vary': 'Accept-Encoding', 'Content-Encoding': 'gzip', 'CF-Cache-Status': 'DYNAMIC', 'Report-To': '{"endpoints":[{"url":"https:\\/\\/a.nel.cloudflare.com\\/report\\/v4?s=0P%2FSLnsZioGKAH8cquYJCzIKS5R6ShoVKB3MpNQI6kdGlnM53qctBHscmbJz33%2FVeJdqA7bX5anBpU0PK8GzWEbepR6YQ2SW4fJvOJkhaQnELO95v41uSsymQnBEnEzJ"}],"group":"cf-nel","max_age":604800}', 'NEL': '{"success_fraction":0,"report_to":"cf-nel","max_age":604800}', 'Server': 'cloudflare', 'CF-RAY': '885b136aab30392c-IAD', 'alt-svc': 'h3=":443"; ma=86400'} 
 body={"results":[{"gender":"female","name":{"title":"Ms","first":"Coline","last":"Leroy"},"location":{"street":{"number":7037,"name":"Rue D'Abbeville"},"city":"Tours","state":"Finistère","country":"France","postcode":55320,"coordinates":{"latitude":"-18.3987","longitude":"77.8947"},"timezone":{"offset":"+1:00","description":"Brussels, Copenhagen, Madrid, Paris"}},"email":"coline.leroy@example.com","login":{"uuid":"39a7b7e4-8f06-4a68-802d-427298308035","username":"ticklishfish256","password":"br0d3r","salt":"0bzOyHac","md5":"4e467a6f365959654d5eeabef0c30d36","sha1":"9a98247d721c68777a84ecbaecb9e58dd50042ad","sha256":"fe9c8e549ab8629e142d8fa40900a9edc73ba49d677b43df0e2ff1c2afa511b0"},"dob":{"date":"1970-08-16T20:32:52.340Z","age":53},"registered":{"date":"2005-04-24T03:49:11.792Z","age":19},"phone":"03-10-50-23-96","cell":"06-74-95-26-32","id":{"name":"INSEE","value":"2700725891341 70"},"picture":{"large":"https://randomuser.me/api/portraits/women/57.jpg","medium":"https://randomuser.me/api/portraits/med/women/57.jpg","thumbnail":"https://randomuser.me/api/portraits/thumb/women/57.jpg"},"nat":"FR"}],"info":{"seed":"8a40b9290f0a612b","results":1,"page":1,"version":"1.4"}} 
 </msg>
<msg time="2024-05-18T10:13:39.692617" level="INFO">/opt/hostedtoolcache/Python/3.12.3/x64/lib/python3.12/site-packages/urllib3/connectionpool.py:1103: InsecureRequestWarning: Unverified HTTPS request is being made to host 'randomuser.me'. Adding certificate verification is strongly advised. See: https://urllib3.readthedocs.io/en/latest/advanced-usage.html#tls-warnings
  warnings.warn(</msg>
<msg time="2024-05-18T10:13:39.692763" level="INFO">${response} = &lt;Response [200]&gt;</msg>
<var>${response}</var>
<arg>consultarAPI</arg>
<arg>/api</arg>
<doc>Sends a GET request on a previously created HTTP Session.</doc>
<status status="PASS" start="2024-05-18T10:13:39.622213" elapsed="0.070595"/>
</kw>
<kw name="Set Variable" owner="BuiltIn">
<msg time="2024-05-18T10:13:39.693892" level="INFO">${json_data} = {'results': [{'gender': 'female', 'name': {'title': 'Ms', 'first': 'Coline', 'last': 'Leroy'}, 'location': {'street': {'number': 7037, 'name': "Rue D'Abbeville"}, 'city': 'Tours', 'state': 'Finistère'...</msg>
<var>${json_data}</var>
<arg>${response.json()}</arg>
<doc>Returns the given values which can then be assigned to a variables.</doc>
<status status="PASS" start="2024-05-18T10:13:39.693363" elapsed="0.000559"/>
</kw>
<kw name="Set Variable" owner="BuiltIn">
<msg time="2024-05-18T10:13:39.694663" level="INFO">${name_title} = Ms</msg>
<var>${name_title}</var>
<arg>${json_data["results"][0]["name"]["title"]}</arg>
<doc>Returns the given values which can then be assigned to a variables.</doc>
<status status="PASS" start="2024-05-18T10:13:39.694254" elapsed="0.000436"/>
</kw>
<kw name="Create List" owner="BuiltIn">
<msg time="2024-05-18T10:13:39.695152" level="INFO">${allowed_titles} = ['Mr', 'Ms', 'Miss', 'Mrs', 'Madame', 'Monsieur']</msg>
<var>${allowed_titles}</var>
<arg>Mr</arg>
<arg>Ms</arg>
<arg>Miss</arg>
<arg>Mrs</arg>
<arg>Madame</arg>
<arg>Monsieur</arg>
<doc>Returns a list containing given items.</doc>
<status status="PASS" start="2024-05-18T10:13:39.695000" elapsed="0.000177"/>
</kw>
<kw name="List Should Contain Value" owner="Collections">
<msg time="2024-05-18T10:13:39.695696" level="INFO">False</msg>
<arg>${allowed_titles}</arg>
<arg>${name_title}</arg>
<doc>Fails if the ``value`` is not found from ``list``.</doc>
<status status="PASS" start="2024-05-18T10:13:39.695482" elapsed="0.000254"/>
</kw>
<kw name="Set Variable" owner="BuiltIn">
<msg time="2024-05-18T10:13:39.696437" level="INFO">${name_country} = FR</msg>
<var>${name_country}</var>
<arg>${json_data["results"][0]["nat"]}</arg>
<doc>Returns the given values which can then be assigned to a variables.</doc>
<status status="PASS" start="2024-05-18T10:13:39.696043" elapsed="0.000426"/>
</kw>
<kw name="Create List" owner="BuiltIn">
<msg time="2024-05-18T10:13:39.697383" level="INFO">${list_country} = ['AD', 'AE', 'AF', 'AG', 'AI', 'AL', 'AM', 'AO', 'AQ', 'AR', 'AS', 'AT', 'AU', 'AW', 'AX', 'AZ', 'BA', 'BB', 'BD', 'BE', 'BF', 'BG', 'BH', 'BI', 'BJ', 'BL', 'BM', 'BN', 'BO', 'BQ', 'BR', 'BS', 'BT', '...</msg>
<var>${list_country}</var>
<arg>AD</arg>
<arg>AE</arg>
<arg>AF</arg>
<arg>AG</arg>
<arg>AI</arg>
<arg>AL</arg>
<arg>AM</arg>
<arg>AO</arg>
<arg>AQ</arg>
<arg>AR</arg>
<arg>AS</arg>
<arg>AT</arg>
<arg>AU</arg>
<arg>AW</arg>
<arg>AX</arg>
<arg>AZ</arg>
<arg>BA</arg>
<arg>BB</arg>
<arg>BD</arg>
<arg>BE</arg>
<arg>BF</arg>
<arg>BG</arg>
<arg>BH</arg>
<arg>BI</arg>
<arg>BJ</arg>
<arg>BL</arg>
<arg>BM</arg>
<arg>BN</arg>
<arg>BO</arg>
<arg>BQ</arg>
<arg>BR</arg>
<arg>BS</arg>
<arg>BT</arg>
<arg>BV</arg>
<arg>BW</arg>
<arg>BY</arg>
<arg>BZ</arg>
<arg>CA</arg>
<arg>CC</arg>
<arg>CD</arg>
<arg>CF</arg>
<arg>CG</arg>
<arg>CH</arg>
<arg>CI</arg>
<arg>CK</arg>
<arg>CL</arg>
<arg>CM</arg>
<arg>CN</arg>
<arg>CO</arg>
<arg>CR</arg>
<arg>CU</arg>
<arg>CV</arg>
<arg>CW</arg>
<arg>CX</arg>
<arg>CY</arg>
<arg>CZ</arg>
<arg>DE</arg>
<arg>DJ</arg>
<arg>DK</arg>
<arg>DM</arg>
<arg>DO</arg>
<arg>DZ</arg>
<arg>EC</arg>
<arg>EE</arg>
<arg>EG</arg>
<arg>EH</arg>
<arg>ER</arg>
<arg>ES</arg>
<arg>ET</arg>
<arg>FI</arg>
<arg>FJ</arg>
<arg>FK</arg>
<arg>FM</arg>
<arg>FO</arg>
<arg>FR</arg>
<arg>GA</arg>
<arg>GB</arg>
<arg>GD</arg>
<arg>GE</arg>
<arg>GF</arg>
<arg>GG</arg>
<arg>GH</arg>
<arg>GI</arg>
<arg>GL</arg>
<arg>GM</arg>
<arg>GN</arg>
<arg>GP</arg>
<arg>GQ</arg>
<arg>GR</arg>
<arg>GS</arg>
<arg>GT</arg>
<arg>GU</arg>
<arg>GW</arg>
<arg>GY</arg>
<arg>HK</arg>
<arg>HM</arg>
<arg>HN</arg>
<arg>HR</arg>
<arg>HT</arg>
<arg>HU</arg>
<arg>ID</arg>
<arg>IE</arg>
<arg>IL</arg>
<arg>IM</arg>
<arg>IN</arg>
<arg>IO</arg>
<arg>IQ</arg>
<arg>IR</arg>
<arg>IS</arg>
<arg>IT</arg>
<arg>JE</arg>
<arg>JM</arg>
<arg>JO</arg>
<arg>JP</arg>
<arg>KE</arg>
<arg>KG</arg>
<arg>KH</arg>
<arg>KI</arg>
<arg>KM</arg>
<arg>KN</arg>
<arg>KP</arg>
<arg>KR</arg>
<arg>KW</arg>
<arg>KY</arg>
<arg>KZ</arg>
<arg>LA</arg>
<arg>LB</arg>
<arg>LC</arg>
<arg>LI</arg>
<arg>LK</arg>
<arg>LR</arg>
<arg>LS</arg>
<arg>LT</arg>
<arg>LU</arg>
<arg>LV</arg>
<arg>LY</arg>
<arg>MA</arg>
<arg>MC</arg>
<arg>MD</arg>
<arg>ME</arg>
<arg>MF</arg>
<arg>MG</arg>
<arg>MH</arg>
<arg>MK</arg>
<arg>ML</arg>
<arg>MM</arg>
<arg>MN</arg>
<arg>MO</arg>
<arg>MP</arg>
<arg>MQ</arg>
<arg>MR</arg>
<arg>MS</arg>
<arg>MT</arg>
<arg>MU</arg>
<arg>MV</arg>
<arg>MW</arg>
<arg>MX</arg>
<arg>MY</arg>
<arg>MZ</arg>
<arg>NA</arg>
<arg>NC</arg>
<arg>NE</arg>
<arg>NF</arg>
<arg>NG</arg>
<arg>NI</arg>
<arg>NL</arg>
<arg>NO</arg>
<arg>NP</arg>
<arg>NR</arg>
<arg>NU</arg>
<arg>NZ</arg>
<arg>OM</arg>
<arg>PA</arg>
<arg>PE</arg>
<arg>PF</arg>
<arg>PG</arg>
<arg>PH</arg>
<arg>PK</arg>
<arg>PL</arg>
<arg>PM</arg>
<arg>PN</arg>
<arg>PR</arg>
<arg>PS</arg>
<arg>PT</arg>
<arg>PW</arg>
<arg>PY</arg>
<arg>QA</arg>
<arg>RE</arg>
<arg>RO</arg>
<arg>RS</arg>
<arg>RU</arg>
<arg>RW</arg>
<arg>SA</arg>
<arg>SB</arg>
<arg>SC</arg>
<arg>SD</arg>
<arg>SE</arg>
<arg>SG</arg>
<arg>SH</arg>
<arg>SI</arg>
<arg>SJ</arg>
<arg>SK</arg>
<arg>SL</arg>
<arg>SM</arg>
<arg>SN</arg>
<arg>SO</arg>
<arg>SR</arg>
<arg>SS</arg>
<arg>ST</arg>
<arg>SV</arg>
<arg>SX</arg>
<arg>SY</arg>
<arg>SZ</arg>
<arg>TC</arg>
<arg>TD</arg>
<arg>TF</arg>
<arg>TG</arg>
<arg>TH</arg>
<arg>TJ</arg>
<arg>TK</arg>
<arg>TL</arg>
<arg>TM</arg>
<arg>TN</arg>
<arg>TO</arg>
<arg>TR</arg>
<arg>TT</arg>
<arg>TV</arg>
<arg>TW</arg>
<arg>TZ</arg>
<arg>UA</arg>
<arg>UG</arg>
<arg>UM</arg>
<arg>US</arg>
<arg>UY</arg>
<arg>UZ</arg>
<arg>VA</arg>
<arg>VC</arg>
<arg>VE</arg>
<arg>VG</arg>
<arg>VI</arg>
<arg>VN</arg>
<arg>VU</arg>
<arg>WF</arg>
<arg>WS</arg>
<arg>XK</arg>
<arg>YE</arg>
<arg>YT</arg>
<arg>ZA</arg>
<arg>ZM</arg>
<arg>ZW</arg>
<doc>Returns a list containing given items.</doc>
<status status="PASS" start="2024-05-18T10:13:39.696780" elapsed="0.000629"/>
</kw>
<kw name="List Should Contain Value" owner="Collections">
<msg time="2024-05-18T10:13:39.698408" level="INFO">False</msg>
<arg>${list_country}</arg>
<arg>${name_country}</arg>
<doc>Fails if the ``value`` is not found from ``list``.</doc>
<status status="PASS" start="2024-05-18T10:13:39.698199" elapsed="0.000246"/>
</kw>
<kw name="Run Keyword If" owner="BuiltIn">
<kw name="Should Be True" owner="BuiltIn">
<arg>${True}</arg>
<doc>Fails if the given condition is not true.</doc>
<status status="PASS" start="2024-05-18T10:13:39.699564" elapsed="0.000149"/>
</kw>
<arg>${json_data["results"][0]["location"]["coordinates"]["latitude"]} &gt;= -90 and ${json_data["results"][0]["location"]["coordinates"]["latitude"]} &lt;= 90</arg>
<arg>Should Be True</arg>
<arg>${True}</arg>
<doc>Runs the given keyword with the given arguments, if ``condition`` is true.</doc>
<status status="PASS" start="2024-05-18T10:13:39.698763" elapsed="0.001078"/>
</kw>
<kw name="Run Keyword If" owner="BuiltIn">
<kw name="Should Be True" owner="BuiltIn">
<arg>${True}</arg>
<doc>Fails if the given condition is not true.</doc>
<status status="PASS" start="2024-05-18T10:13:39.700733" elapsed="0.000283"/>
</kw>
<arg>${json_data["results"][0]["location"]["coordinates"]["longitude"]} &gt;= -180 and ${json_data["results"][0]["location"]["coordinates"]["longitude"]} &lt;= 180</arg>
<arg>Should Be True</arg>
<arg>${True}</arg>
<doc>Runs the given keyword with the given arguments, if ``condition`` is true.</doc>
<status status="PASS" start="2024-05-18T10:13:39.700029" elapsed="0.001115"/>
</kw>
<status status="PASS" start="2024-05-18T10:13:39.621812" elapsed="0.079469"/>
</kw>
<doc>Testa o conteúdo específico dos campos retornados pela API.</doc>
<tag>testeConteudo</tag>
<status status="PASS" start="2024-05-18T10:13:39.621099" elapsed="0.080339"/>
</test>
<status status="PASS" start="2024-05-18T10:13:38.877254" elapsed="0.826153"/>
</suite>
<status status="PASS" start="2024-05-18T10:13:38.861912" elapsed="0.846863"/>
</suite>
<statistics>
<total>
<stat pass="5" fail="0" skip="0">All Tests</stat>
</total>
<tag>
<stat pass="1" fail="0" skip="0">testeConteudo</stat>
<stat pass="1" fail="0" skip="0">testeEstruturaResposta</stat>
<stat pass="1" fail="0" skip="0">testeRequisicaoBasica</stat>
<stat pass="1" fail="0" skip="0">testeTiposDados</stat>
</tag>
<suite>
<stat pass="5" fail="0" skip="0" id="s1" name="Tests">Tests</stat>
<stat pass="5" fail="0" skip="0" id="s1-s1" name="Random-User-Test">Tests.Random-User-Test</stat>
</suite>
</statistics>
<errors>
</errors>
</robot>
