<?xml version="1.0" encoding="UTF-8"?>
<robot generator="Robot 7.0.1 (Python 3.12.4 on linux)" generated="2024-06-23T09:16:12.042551" rpa="false" schemaversion="5">
<suite id="s1" name="Tests" source="/home/runner/work/ApiRandomUser/ApiRandomUser/RamdonUser/tests">
<suite id="s1-s1" name="Random-User-Test" source="/home/runner/work/ApiRandomUser/ApiRandomUser/RamdonUser/tests/random-user-test.robot">
<test id="s1-s1-t1" name="Conectar" line="13">
<kw name="Conectar API" owner="random-user-service">
<kw name="Create Session" owner="RequestsLibrary">
<msg time="2024-06-23T09:16:12.434618" level="INFO">Creating Session using : alias=consultarAPI, url=https://randomuser.me/, headers={},                     cookies={}, auth=None, timeout=None, proxies=None, verify=False,                     debug=0 </msg>
<arg>consultarAPI</arg>
<arg>${URL}</arg>
<doc>Create Session: create a HTTP session to a server</doc>
<status status="PASS" start="2024-06-23T09:16:12.434325" elapsed="0.000552"/>
</kw>
<status status="PASS" start="2024-06-23T09:16:12.433254" elapsed="0.002164"/>
</kw>
<status status="PASS" start="2024-06-23T09:16:12.432707" elapsed="0.003042"/>
</test>
<test id="s1-s1-t2" name="Validar retorno 200 e JSON Válido" line="16">
<kw name="Teste de Requisicao Basica" owner="random-user-service">
<kw name="GET On Session" owner="RequestsLibrary">
<msg time="2024-06-23T09:16:13.254555" level="INFO">GET Request : url=https://randomuser.me/api 
 path_url=/api 
 headers={'User-Agent': 'python-requests/2.32.3', 'Accept-Encoding': 'gzip, deflate', 'Accept': '*/*', 'Connection': 'keep-alive'} 
 body=None 
 </msg>
<msg time="2024-06-23T09:16:13.254715" level="INFO">GET Response : url=https://randomuser.me/api 
 status=200, reason=OK 
 headers={'Date': 'Sun, 23 Jun 2024 09:16:13 GMT', 'Content-Type': 'application/json; charset=utf-8', 'Transfer-Encoding': 'chunked', 'Connection': 'keep-alive', 'X-Powered-By': 'Express', 'Access-Control-Allow-Origin': '*', 'Cache-Control': 'no-cache', 'ETag': 'W/"47e-bQgfgb3m/4I6y3XcuzYXSM4oaM0"', 'Vary': 'Accept-Encoding', 'Content-Encoding': 'gzip', 'CF-Cache-Status': 'DYNAMIC', 'Report-To': '{"endpoints":[{"url":"https:\\/\\/a.nel.cloudflare.com\\/report\\/v4?s=xRfsjsoSDMAWNaa5PiW7Q%2BZ6XkAPFNNTCWRc8q3ggSqtRz4wknMgpgq105rQn%2B1YNv0b6%2Bziqm8ura2JAWoGkdu6cEc%2BbqFFHOaB%2BsbpNLu90RInSp4j1VVuFQtrkaHr"}],"group":"cf-nel","max_age":604800}', 'NEL': '{"success_fraction":0,"report_to":"cf-nel","max_age":604800}', 'Server': 'cloudflare', 'CF-RAY': '898360c31b5f2f67-LAX', 'alt-svc': 'h3=":443"; ma=86400'} 
 body={"results":[{"gender":"male","name":{"title":"Mr","first":"Harry","last":"Neal"},"location":{"street":{"number":2683,"name":"Shady Ln Dr"},"city":"Dubbo","state":"Western Australia","country":"Australia","postcode":1439,"coordinates":{"latitude":"-81.8975","longitude":"-85.6323"},"timezone":{"offset":"+2:00","description":"Kaliningrad, South Africa"}},"email":"harry.neal@example.com","login":{"uuid":"6a84b5f4-12e4-4ca8-a6f3-b3e43862cfff","username":"yellowdog731","password":"google","salt":"fj6sUPHk","md5":"158c097741cc1427f772d83ec25c9460","sha1":"05c3c4f727072a74053fd09a949aaade0b4da106","sha256":"b4b40d7be01da58da358fdffc60e89299e4ece01282fb38e30a9870598396df0"},"dob":{"date":"1955-05-14T07:19:17.435Z","age":69},"registered":{"date":"2020-11-12T12:38:48.012Z","age":3},"phone":"02-5417-9993","cell":"0400-441-906","id":{"name":"TFN","value":"136409372"},"picture":{"large":"https://randomuser.me/api/portraits/men/27.jpg","medium":"https://randomuser.me/api/portraits/med/men/27.jpg","thumbnail":"https://randomuser.me/api/portraits/thumb/men/27.jpg"},"nat":"AU"}],"info":{"seed":"1067f56a0e4ed92a","results":1,"page":1,"version":"1.4"}} 
 </msg>
<msg time="2024-06-23T09:16:13.254796" level="INFO">/opt/hostedtoolcache/Python/3.12.4/x64/lib/python3.12/site-packages/urllib3/connectionpool.py:1099: InsecureRequestWarning: Unverified HTTPS request is being made to host 'randomuser.me'. Adding certificate verification is strongly advised. See: https://urllib3.readthedocs.io/en/latest/advanced-usage.html#tls-warnings
  warnings.warn(</msg>
<msg time="2024-06-23T09:16:13.254932" level="INFO">${response} = &lt;Response [200]&gt;</msg>
<var>${response}</var>
<arg>consultarAPI</arg>
<arg>/api</arg>
<doc>Sends a GET request on a previously created HTTP Session.</doc>
<status status="PASS" start="2024-06-23T09:16:12.439915" elapsed="0.815060"/>
</kw>
<kw name="Should Be Equal As Numbers" owner="BuiltIn">
<msg time="2024-06-23T09:16:13.255996" level="INFO">Argument types are:
&lt;class 'int'&gt;
&lt;class 'str'&gt;</msg>
<arg>${response.status_code}</arg>
<arg>200</arg>
<doc>Fails if objects are unequal after converting them to real numbers.</doc>
<status status="PASS" start="2024-06-23T09:16:13.255527" elapsed="0.000538"/>
</kw>
<kw name="Log" owner="BuiltIn">
<msg time="2024-06-23T09:16:13.256726" level="INFO">200</msg>
<arg>${response.status_code}</arg>
<doc>Logs the given message with the given level.</doc>
<status status="PASS" start="2024-06-23T09:16:13.256384" elapsed="0.000383"/>
</kw>
<kw name="Set Variable" owner="BuiltIn">
<msg time="2024-06-23T09:16:13.257504" level="INFO">${json_data} = {'results': [{'gender': 'male', 'name': {'title': 'Mr', 'first': 'Harry', 'last': 'Neal'}, 'location': {'street': {'number': 2683, 'name': 'Shady Ln Dr'}, 'city': 'Dubbo', 'state': 'Western Australia'...</msg>
<var>${json_data}</var>
<arg>${response.json()}</arg>
<doc>Returns the given values which can then be assigned to a variables.</doc>
<status status="PASS" start="2024-06-23T09:16:13.257072" elapsed="0.000460"/>
</kw>
<kw name="Dictionary Should Contain Key" owner="Collections">
<arg>${json_data}</arg>
<arg>results</arg>
<doc>Fails if ``key`` is not found from ``dictionary``.</doc>
<status status="PASS" start="2024-06-23T09:16:13.257854" elapsed="0.000182"/>
</kw>
<status status="PASS" start="2024-06-23T09:16:12.439568" elapsed="0.818617"/>
</kw>
<doc>Testa se a API responde corretamente e retorna um objeto JSON válido.</doc>
<tag>testeRequisicaoBasica</tag>
<status status="PASS" start="2024-06-23T09:16:12.438866" elapsed="0.819526"/>
</test>
<test id="s1-s1-t3" name="Validar estrutura de resposta" line="22">
<kw name="Teste de Estrutura de Resposta" owner="random-user-service">
<kw name="GET On Session" owner="RequestsLibrary">
<msg time="2024-06-23T09:16:13.473806" level="INFO">GET Request : url=https://randomuser.me/api 
 path_url=/api 
 headers={'User-Agent': 'python-requests/2.32.3', 'Accept-Encoding': 'gzip, deflate', 'Accept': '*/*', 'Connection': 'keep-alive'} 
 body=None 
 </msg>
<msg time="2024-06-23T09:16:13.473913" level="INFO">GET Response : url=https://randomuser.me/api 
 status=200, reason=OK 
 headers={'Date': 'Sun, 23 Jun 2024 09:16:13 GMT', 'Content-Type': 'application/json; charset=utf-8', 'Transfer-Encoding': 'chunked', 'Connection': 'keep-alive', 'X-Powered-By': 'Express', 'Access-Control-Allow-Origin': '*', 'Cache-Control': 'no-cache', 'ETag': 'W/"4b1-Ww35HmhLkFUed1hv8vpT0kDVHD4"', 'Vary': 'Accept-Encoding', 'Content-Encoding': 'gzip', 'CF-Cache-Status': 'DYNAMIC', 'Report-To': '{"endpoints":[{"url":"https:\\/\\/a.nel.cloudflare.com\\/report\\/v4?s=Z%2Fop%2BTiO07DTrBVK%2FpILAQt3%2F8Nrsls4TowQzuAUCvkJgv3TVnUNzaEfGQcwch6wrPnkHPeILUYuVXc7zNyRJNQTiVLXdqV6vM6CF5qwLV%2FU48XRaQ9skaR2CEyrHMTV"}],"group":"cf-nel","max_age":604800}', 'NEL': '{"success_fraction":0,"report_to":"cf-nel","max_age":604800}', 'Server': 'cloudflare', 'CF-RAY': '898360c6ef102f67-LAX', 'alt-svc': 'h3=":443"; ma=86400'} 
 body={"results":[{"gender":"male","name":{"title":"Mr","first":"Elmer","last":"Stone"},"location":{"street":{"number":9297,"name":"St. John’S Road"},"city":"Chichester","state":"Highlands and Islands","country":"United Kingdom","postcode":"QL4 7LZ","coordinates":{"latitude":"-7.8904","longitude":"-87.0611"},"timezone":{"offset":"-5:00","description":"Eastern Time (US &amp; Canada), Bogota, Lima"}},"email":"elmer.stone@example.com","login":{"uuid":"4e4ec383-c67a-4dcf-b70f-f244b00fbb64","username":"beautifulzebra949","password":"juice","salt":"VxBNZW7m","md5":"92342660df4a10d828bf243417032614","sha1":"237c12552f325eccfb36fc18dd2acdee3711d7a9","sha256":"a0ac5a612365c230080525e1c2523d32da6a1c70c259f4f893f9e32ef1d93480"},"dob":{"date":"1951-11-30T12:57:33.712Z","age":72},"registered":{"date":"2008-02-10T15:09:12.034Z","age":16},"phone":"017687 98383","cell":"07972 820853","id":{"name":"NINO","value":"RW 71 63 65 E"},"picture":{"large":"https://randomuser.me/api/portraits/men/27.jpg","medium":"https://randomuser.me/api/portraits/med/men/27.jpg","thumbnail":"https://randomuser.me/api/portraits/thumb/men/27.jpg"},"nat":"GB"}],"info":{"seed":"6700e8ba7821d7c0","results":1,"page":1,"version":"1.4"}} 
 </msg>
<msg time="2024-06-23T09:16:13.474052" level="INFO">/opt/hostedtoolcache/Python/3.12.4/x64/lib/python3.12/site-packages/urllib3/connectionpool.py:1099: InsecureRequestWarning: Unverified HTTPS request is being made to host 'randomuser.me'. Adding certificate verification is strongly advised. See: https://urllib3.readthedocs.io/en/latest/advanced-usage.html#tls-warnings
  warnings.warn(</msg>
<msg time="2024-06-23T09:16:13.474176" level="INFO">${response} = &lt;Response [200]&gt;</msg>
<var>${response}</var>
<arg>consultarAPI</arg>
<arg>/api</arg>
<doc>Sends a GET request on a previously created HTTP Session.</doc>
<status status="PASS" start="2024-06-23T09:16:13.260922" elapsed="0.213285"/>
</kw>
<kw name="Set Variable" owner="BuiltIn">
<msg time="2024-06-23T09:16:13.475275" level="INFO">${json_data} = {'results': [{'gender': 'male', 'name': {'title': 'Mr', 'first': 'Elmer', 'last': 'Stone'}, 'location': {'street': {'number': 9297, 'name': 'St. John’S Road'}, 'city': 'Chichester', 'state': 'Highland...</msg>
<var>${json_data}</var>
<arg>${response.json()}</arg>
<doc>Returns the given values which can then be assigned to a variables.</doc>
<status status="PASS" start="2024-06-23T09:16:13.474742" elapsed="0.000563"/>
</kw>
<kw name="Log" owner="BuiltIn">
<msg time="2024-06-23T09:16:13.475783" level="INFO">{'results': [{'gender': 'male', 'name': {'title': 'Mr', 'first': 'Elmer', 'last': 'Stone'}, 'location': {'street': {'number': 9297, 'name': 'St. John’S Road'}, 'city': 'Chichester', 'state': 'Highlands and Islands', 'country': 'United Kingdom', 'postcode': 'QL4 7LZ', 'coordinates': {'latitude': '-7.8904', 'longitude': '-87.0611'}, 'timezone': {'offset': '-5:00', 'description': 'Eastern Time (US &amp; Canada), Bogota, Lima'}}, 'email': 'elmer.stone@example.com', 'login': {'uuid': '4e4ec383-c67a-4dcf-b70f-f244b00fbb64', 'username': 'beautifulzebra949', 'password': 'juice', 'salt': 'VxBNZW7m', 'md5': '92342660df4a10d828bf243417032614', 'sha1': '237c12552f325eccfb36fc18dd2acdee3711d7a9', 'sha256': 'a0ac5a612365c230080525e1c2523d32da6a1c70c259f4f893f9e32ef1d93480'}, 'dob': {'date': '1951-11-30T12:57:33.712Z', 'age': 72}, 'registered': {'date': '2008-02-10T15:09:12.034Z', 'age': 16}, 'phone': '017687 98383', 'cell': '07972 820853', 'id': {'name': 'NINO', 'value': 'RW 71 63 65 E'}, 'picture': {'large': 'https://randomuser.me/api/portraits/men/27.jpg', 'medium': 'https://randomuser.me/api/portraits/med/men/27.jpg', 'thumbnail': 'https://randomuser.me/api/portraits/thumb/men/27.jpg'}, 'nat': 'GB'}], 'info': {'seed': '6700e8ba7821d7c0', 'results': 1, 'page': 1, 'version': '1.4'}}</msg>
<arg>${json_data}</arg>
<doc>Logs the given message with the given level.</doc>
<status status="PASS" start="2024-06-23T09:16:13.475614" elapsed="0.000221"/>
</kw>
<kw name="Dictionary Should Contain Key" owner="Collections">
<arg>${json_data}</arg>
<arg>results</arg>
<doc>Fails if ``key`` is not found from ``dictionary``.</doc>
<status status="PASS" start="2024-06-23T09:16:13.476129" elapsed="0.000157"/>
</kw>
<kw name="Should Not Be Empty" owner="BuiltIn">
<msg time="2024-06-23T09:16:13.476587" level="INFO">Length is 2.</msg>
<arg>${json_data}</arg>
<doc>Verifies that the given item is not empty.</doc>
<status status="PASS" start="2024-06-23T09:16:13.476466" elapsed="0.000158"/>
</kw>
<kw name="Create List" owner="BuiltIn">
<msg time="2024-06-23T09:16:13.477225" level="INFO">${expected_keys} = ['gender', 'name', 'location', 'email', 'login']</msg>
<var>${expected_keys}</var>
<arg>gender</arg>
<arg>name</arg>
<arg>location</arg>
<arg>email</arg>
<arg>login</arg>
<doc>Returns a list containing given items.</doc>
<status status="PASS" start="2024-06-23T09:16:13.476920" elapsed="0.000330"/>
</kw>
<for flavor="IN">
<iter>
<kw name="Dictionary Should Contain Key" owner="Collections">
<arg>${json_data['results'][0]}</arg>
<arg>${key}</arg>
<doc>Fails if ``key`` is not found from ``dictionary``.</doc>
<status status="PASS" start="2024-06-23T09:16:13.477878" elapsed="0.000409"/>
</kw>
<kw name="Log" owner="BuiltIn">
<msg time="2024-06-23T09:16:13.478832" level="INFO">{'gender': 'male', 'name': {'title': 'Mr', 'first': 'Elmer', 'last': 'Stone'}, 'location': {'street': {'number': 9297, 'name': 'St. John’S Road'}, 'city': 'Chichester', 'state': 'Highlands and Islands', 'country': 'United Kingdom', 'postcode': 'QL4 7LZ', 'coordinates': {'latitude': '-7.8904', 'longitude': '-87.0611'}, 'timezone': {'offset': '-5:00', 'description': 'Eastern Time (US &amp; Canada), Bogota, Lima'}}, 'email': 'elmer.stone@example.com', 'login': {'uuid': '4e4ec383-c67a-4dcf-b70f-f244b00fbb64', 'username': 'beautifulzebra949', 'password': 'juice', 'salt': 'VxBNZW7m', 'md5': '92342660df4a10d828bf243417032614', 'sha1': '237c12552f325eccfb36fc18dd2acdee3711d7a9', 'sha256': 'a0ac5a612365c230080525e1c2523d32da6a1c70c259f4f893f9e32ef1d93480'}, 'dob': {'date': '1951-11-30T12:57:33.712Z', 'age': 72}, 'registered': {'date': '2008-02-10T15:09:12.034Z', 'age': 16}, 'phone': '017687 98383', 'cell': '07972 820853', 'id': {'name': 'NINO', 'value': 'RW 71 63 65 E'}, 'picture': {'large': 'https://randomuser.me/api/portraits/men/27.jpg', 'medium': 'https://randomuser.me/api/portraits/med/men/27.jpg', 'thumbnail': 'https://randomuser.me/api/portraits/thumb/men/27.jpg'}, 'nat': 'GB'}</msg>
<arg>${json_data['results'][0]}</arg>
<doc>Logs the given message with the given level.</doc>
<status status="PASS" start="2024-06-23T09:16:13.478476" elapsed="0.000410"/>
</kw>
<kw name="Log" owner="BuiltIn">
<msg time="2024-06-23T09:16:13.479315" level="INFO">gender</msg>
<arg>${key}</arg>
<doc>Logs the given message with the given level.</doc>
<status status="PASS" start="2024-06-23T09:16:13.479187" elapsed="0.000165"/>
</kw>
<var name="${key}">gender</var>
<status status="PASS" start="2024-06-23T09:16:13.477718" elapsed="0.001848"/>
</iter>
<iter>
<kw name="Dictionary Should Contain Key" owner="Collections">
<arg>${json_data['results'][0]}</arg>
<arg>${key}</arg>
<doc>Fails if ``key`` is not found from ``dictionary``.</doc>
<status status="PASS" start="2024-06-23T09:16:13.479853" elapsed="0.000384"/>
</kw>
<kw name="Log" owner="BuiltIn">
<msg time="2024-06-23T09:16:13.480824" level="INFO">{'gender': 'male', 'name': {'title': 'Mr', 'first': 'Elmer', 'last': 'Stone'}, 'location': {'street': {'number': 9297, 'name': 'St. John’S Road'}, 'city': 'Chichester', 'state': 'Highlands and Islands', 'country': 'United Kingdom', 'postcode': 'QL4 7LZ', 'coordinates': {'latitude': '-7.8904', 'longitude': '-87.0611'}, 'timezone': {'offset': '-5:00', 'description': 'Eastern Time (US &amp; Canada), Bogota, Lima'}}, 'email': 'elmer.stone@example.com', 'login': {'uuid': '4e4ec383-c67a-4dcf-b70f-f244b00fbb64', 'username': 'beautifulzebra949', 'password': 'juice', 'salt': 'VxBNZW7m', 'md5': '92342660df4a10d828bf243417032614', 'sha1': '237c12552f325eccfb36fc18dd2acdee3711d7a9', 'sha256': 'a0ac5a612365c230080525e1c2523d32da6a1c70c259f4f893f9e32ef1d93480'}, 'dob': {'date': '1951-11-30T12:57:33.712Z', 'age': 72}, 'registered': {'date': '2008-02-10T15:09:12.034Z', 'age': 16}, 'phone': '017687 98383', 'cell': '07972 820853', 'id': {'name': 'NINO', 'value': 'RW 71 63 65 E'}, 'picture': {'large': 'https://randomuser.me/api/portraits/men/27.jpg', 'medium': 'https://randomuser.me/api/portraits/med/men/27.jpg', 'thumbnail': 'https://randomuser.me/api/portraits/thumb/men/27.jpg'}, 'nat': 'GB'}</msg>
<arg>${json_data['results'][0]}</arg>
<doc>Logs the given message with the given level.</doc>
<status status="PASS" start="2024-06-23T09:16:13.480449" elapsed="0.000426"/>
</kw>
<kw name="Log" owner="BuiltIn">
<msg time="2024-06-23T09:16:13.481298" level="INFO">name</msg>
<arg>${key}</arg>
<doc>Logs the given message with the given level.</doc>
<status status="PASS" start="2024-06-23T09:16:13.481172" elapsed="0.000162"/>
</kw>
<var name="${key}">name</var>
<status status="PASS" start="2024-06-23T09:16:13.479744" elapsed="0.001805"/>
</iter>
<iter>
<kw name="Dictionary Should Contain Key" owner="Collections">
<arg>${json_data['results'][0]}</arg>
<arg>${key}</arg>
<doc>Fails if ``key`` is not found from ``dictionary``.</doc>
<status status="PASS" start="2024-06-23T09:16:13.481854" elapsed="0.000382"/>
</kw>
<kw name="Log" owner="BuiltIn">
<msg time="2024-06-23T09:16:13.482825" level="INFO">{'gender': 'male', 'name': {'title': 'Mr', 'first': 'Elmer', 'last': 'Stone'}, 'location': {'street': {'number': 9297, 'name': 'St. John’S Road'}, 'city': 'Chichester', 'state': 'Highlands and Islands', 'country': 'United Kingdom', 'postcode': 'QL4 7LZ', 'coordinates': {'latitude': '-7.8904', 'longitude': '-87.0611'}, 'timezone': {'offset': '-5:00', 'description': 'Eastern Time (US &amp; Canada), Bogota, Lima'}}, 'email': 'elmer.stone@example.com', 'login': {'uuid': '4e4ec383-c67a-4dcf-b70f-f244b00fbb64', 'username': 'beautifulzebra949', 'password': 'juice', 'salt': 'VxBNZW7m', 'md5': '92342660df4a10d828bf243417032614', 'sha1': '237c12552f325eccfb36fc18dd2acdee3711d7a9', 'sha256': 'a0ac5a612365c230080525e1c2523d32da6a1c70c259f4f893f9e32ef1d93480'}, 'dob': {'date': '1951-11-30T12:57:33.712Z', 'age': 72}, 'registered': {'date': '2008-02-10T15:09:12.034Z', 'age': 16}, 'phone': '017687 98383', 'cell': '07972 820853', 'id': {'name': 'NINO', 'value': 'RW 71 63 65 E'}, 'picture': {'large': 'https://randomuser.me/api/portraits/men/27.jpg', 'medium': 'https://randomuser.me/api/portraits/med/men/27.jpg', 'thumbnail': 'https://randomuser.me/api/portraits/thumb/men/27.jpg'}, 'nat': 'GB'}</msg>
<arg>${json_data['results'][0]}</arg>
<doc>Logs the given message with the given level.</doc>
<status status="PASS" start="2024-06-23T09:16:13.482416" elapsed="0.000473"/>
</kw>
<kw name="Log" owner="BuiltIn">
<msg time="2024-06-23T09:16:13.483310" level="INFO">location</msg>
<arg>${key}</arg>
<doc>Logs the given message with the given level.</doc>
<status status="PASS" start="2024-06-23T09:16:13.483183" elapsed="0.000169"/>
</kw>
<var name="${key}">location</var>
<status status="PASS" start="2024-06-23T09:16:13.481723" elapsed="0.001842"/>
</iter>
<iter>
<kw name="Dictionary Should Contain Key" owner="Collections">
<arg>${json_data['results'][0]}</arg>
<arg>${key}</arg>
<doc>Fails if ``key`` is not found from ``dictionary``.</doc>
<status status="PASS" start="2024-06-23T09:16:13.483837" elapsed="0.000372"/>
</kw>
<kw name="Log" owner="BuiltIn">
<msg time="2024-06-23T09:16:13.484750" level="INFO">{'gender': 'male', 'name': {'title': 'Mr', 'first': 'Elmer', 'last': 'Stone'}, 'location': {'street': {'number': 9297, 'name': 'St. John’S Road'}, 'city': 'Chichester', 'state': 'Highlands and Islands', 'country': 'United Kingdom', 'postcode': 'QL4 7LZ', 'coordinates': {'latitude': '-7.8904', 'longitude': '-87.0611'}, 'timezone': {'offset': '-5:00', 'description': 'Eastern Time (US &amp; Canada), Bogota, Lima'}}, 'email': 'elmer.stone@example.com', 'login': {'uuid': '4e4ec383-c67a-4dcf-b70f-f244b00fbb64', 'username': 'beautifulzebra949', 'password': 'juice', 'salt': 'VxBNZW7m', 'md5': '92342660df4a10d828bf243417032614', 'sha1': '237c12552f325eccfb36fc18dd2acdee3711d7a9', 'sha256': 'a0ac5a612365c230080525e1c2523d32da6a1c70c259f4f893f9e32ef1d93480'}, 'dob': {'date': '1951-11-30T12:57:33.712Z', 'age': 72}, 'registered': {'date': '2008-02-10T15:09:12.034Z', 'age': 16}, 'phone': '017687 98383', 'cell': '07972 820853', 'id': {'name': 'NINO', 'value': 'RW 71 63 65 E'}, 'picture': {'large': 'https://randomuser.me/api/portraits/men/27.jpg', 'medium': 'https://randomuser.me/api/portraits/med/men/27.jpg', 'thumbnail': 'https://randomuser.me/api/portraits/thumb/men/27.jpg'}, 'nat': 'GB'}</msg>
<arg>${json_data['results'][0]}</arg>
<doc>Logs the given message with the given level.</doc>
<status status="PASS" start="2024-06-23T09:16:13.484394" elapsed="0.000414"/>
</kw>
<kw name="Log" owner="BuiltIn">
<msg time="2024-06-23T09:16:13.485228" level="INFO">email</msg>
<arg>${key}</arg>
<doc>Logs the given message with the given level.</doc>
<status status="PASS" start="2024-06-23T09:16:13.485101" elapsed="0.000163"/>
</kw>
<var name="${key}">email</var>
<status status="PASS" start="2024-06-23T09:16:13.483732" elapsed="0.001748"/>
</iter>
<iter>
<kw name="Dictionary Should Contain Key" owner="Collections">
<arg>${json_data['results'][0]}</arg>
<arg>${key}</arg>
<doc>Fails if ``key`` is not found from ``dictionary``.</doc>
<status status="PASS" start="2024-06-23T09:16:13.485793" elapsed="0.000401"/>
</kw>
<kw name="Log" owner="BuiltIn">
<msg time="2024-06-23T09:16:13.486721" level="INFO">{'gender': 'male', 'name': {'title': 'Mr', 'first': 'Elmer', 'last': 'Stone'}, 'location': {'street': {'number': 9297, 'name': 'St. John’S Road'}, 'city': 'Chichester', 'state': 'Highlands and Islands', 'country': 'United Kingdom', 'postcode': 'QL4 7LZ', 'coordinates': {'latitude': '-7.8904', 'longitude': '-87.0611'}, 'timezone': {'offset': '-5:00', 'description': 'Eastern Time (US &amp; Canada), Bogota, Lima'}}, 'email': 'elmer.stone@example.com', 'login': {'uuid': '4e4ec383-c67a-4dcf-b70f-f244b00fbb64', 'username': 'beautifulzebra949', 'password': 'juice', 'salt': 'VxBNZW7m', 'md5': '92342660df4a10d828bf243417032614', 'sha1': '237c12552f325eccfb36fc18dd2acdee3711d7a9', 'sha256': 'a0ac5a612365c230080525e1c2523d32da6a1c70c259f4f893f9e32ef1d93480'}, 'dob': {'date': '1951-11-30T12:57:33.712Z', 'age': 72}, 'registered': {'date': '2008-02-10T15:09:12.034Z', 'age': 16}, 'phone': '017687 98383', 'cell': '07972 820853', 'id': {'name': 'NINO', 'value': 'RW 71 63 65 E'}, 'picture': {'large': 'https://randomuser.me/api/portraits/men/27.jpg', 'medium': 'https://randomuser.me/api/portraits/med/men/27.jpg', 'thumbnail': 'https://randomuser.me/api/portraits/thumb/men/27.jpg'}, 'nat': 'GB'}</msg>
<arg>${json_data['results'][0]}</arg>
<doc>Logs the given message with the given level.</doc>
<status status="PASS" start="2024-06-23T09:16:13.486374" elapsed="0.000400"/>
</kw>
<kw name="Log" owner="BuiltIn">
<msg time="2024-06-23T09:16:13.487194" level="INFO">login</msg>
<arg>${key}</arg>
<doc>Logs the given message with the given level.</doc>
<status status="PASS" start="2024-06-23T09:16:13.487069" elapsed="0.000161"/>
</kw>
<var name="${key}">login</var>
<status status="PASS" start="2024-06-23T09:16:13.485667" elapsed="0.001774"/>
</iter>
<var>${key}</var>
<value>@{expected_keys}</value>
<status status="PASS" start="2024-06-23T09:16:13.477521" elapsed="0.010062"/>
</for>
<kw name="Create List" owner="BuiltIn">
<msg time="2024-06-23T09:16:13.487930" level="INFO">${expected_keysTwo} = ['username', 'password']</msg>
<var>${expected_keysTwo}</var>
<arg>username</arg>
<arg>password</arg>
<doc>Returns a list containing given items.</doc>
<status status="PASS" start="2024-06-23T09:16:13.487778" elapsed="0.000176"/>
</kw>
<for flavor="IN">
<iter>
<kw name="Dictionary Should Contain Key" owner="Collections">
<arg>${json_data['results'][0]['login']}</arg>
<arg>${keyTwo}</arg>
<doc>Fails if ``key`` is not found from ``dictionary``.</doc>
<status status="PASS" start="2024-06-23T09:16:13.488454" elapsed="0.000379"/>
</kw>
<kw name="Dictionary Should Contain Key" owner="Collections">
<arg>${json_data['results'][0]['login']}</arg>
<arg>${keyTwo}</arg>
<doc>Fails if ``key`` is not found from ``dictionary``.</doc>
<status status="PASS" start="2024-06-23T09:16:13.489013" elapsed="0.000363"/>
</kw>
<kw name="Log" owner="BuiltIn">
<msg time="2024-06-23T09:16:13.489665" level="INFO">username</msg>
<arg>${keyTwo}</arg>
<doc>Logs the given message with the given level.</doc>
<status status="PASS" start="2024-06-23T09:16:13.489548" elapsed="0.000153"/>
</kw>
<var name="${keyTwo}">username</var>
<status status="PASS" start="2024-06-23T09:16:13.488337" elapsed="0.001620"/>
</iter>
<iter>
<kw name="Dictionary Should Contain Key" owner="Collections">
<arg>${json_data['results'][0]['login']}</arg>
<arg>${keyTwo}</arg>
<doc>Fails if ``key`` is not found from ``dictionary``.</doc>
<status status="PASS" start="2024-06-23T09:16:13.490228" elapsed="0.000395"/>
</kw>
<kw name="Dictionary Should Contain Key" owner="Collections">
<arg>${json_data['results'][0]['login']}</arg>
<arg>${keyTwo}</arg>
<doc>Fails if ``key`` is not found from ``dictionary``.</doc>
<status status="PASS" start="2024-06-23T09:16:13.490806" elapsed="0.000374"/>
</kw>
<kw name="Log" owner="BuiltIn">
<msg time="2024-06-23T09:16:13.491469" level="INFO">password</msg>
<arg>${keyTwo}</arg>
<doc>Logs the given message with the given level.</doc>
<status status="PASS" start="2024-06-23T09:16:13.491353" elapsed="0.000153"/>
</kw>
<var name="${keyTwo}">password</var>
<status status="PASS" start="2024-06-23T09:16:13.490125" elapsed="0.001687"/>
</iter>
<var>${keyTwo}</var>
<value>@{expected_keysTwo}</value>
<status status="PASS" start="2024-06-23T09:16:13.488187" elapsed="0.003745"/>
</for>
<status status="PASS" start="2024-06-23T09:16:13.260684" elapsed="0.231389"/>
</kw>
<doc>Testa a estrutura da resposta da API.</doc>
<tag>testeEstruturaResposta</tag>
<status status="PASS" start="2024-06-23T09:16:13.260171" elapsed="0.232058"/>
</test>
<test id="s1-s1-t4" name="Validar tipos de dados" line="28">
<kw name="Teste de Tipos de Dados" owner="random-user-service">
<kw name="GET On Session" owner="RequestsLibrary">
<msg time="2024-06-23T09:16:13.598612" level="INFO">GET Request : url=https://randomuser.me/api 
 path_url=/api 
 headers={'User-Agent': 'python-requests/2.32.3', 'Accept-Encoding': 'gzip, deflate', 'Accept': '*/*', 'Connection': 'keep-alive'} 
 body=None 
 </msg>
<msg time="2024-06-23T09:16:13.598717" level="INFO">GET Response : url=https://randomuser.me/api 
 status=200, reason=OK 
 headers={'Date': 'Sun, 23 Jun 2024 09:16:13 GMT', 'Content-Type': 'application/json; charset=utf-8', 'Transfer-Encoding': 'chunked', 'Connection': 'keep-alive', 'X-Powered-By': 'Express', 'Access-Control-Allow-Origin': '*', 'Cache-Control': 'no-cache', 'ETag': 'W/"489-+GnUQnKwHpYi5dRShqxFWsxSIjA"', 'Vary': 'Accept-Encoding', 'Content-Encoding': 'gzip', 'CF-Cache-Status': 'DYNAMIC', 'Report-To': '{"endpoints":[{"url":"https:\\/\\/a.nel.cloudflare.com\\/report\\/v4?s=GTM6WXhWiqKkMPGdpIxdGveVm6jS6tpzU2b8AdAGrqQZHuKRVbRKxx0wpwPEWphb5dVaCbCzZx4IypAw2zVdl3999zgv7jE32s6KLF5fv%2B%2BEcVHcZ2sNtH8d70Xe4z4r"}],"group":"cf-nel","max_age":604800}', 'NEL': '{"success_fraction":0,"report_to":"cf-nel","max_age":604800}', 'Server': 'cloudflare', 'CF-RAY': '898360c858762f67-LAX', 'alt-svc': 'h3=":443"; ma=86400'} 
 body={"results":[{"gender":"male","name":{"title":"Mr","first":"Tarosik","last":"Ryabec"},"location":{"street":{"number":5101,"name":"Ploshcha Petra Krivonosa"},"city":"Verhivceve","state":"Zhitomirska","country":"Ukraine","postcode":75492,"coordinates":{"latitude":"74.9335","longitude":"-158.6020"},"timezone":{"offset":"-11:00","description":"Midway Island, Samoa"}},"email":"tarosik.ryabec@example.com","login":{"uuid":"db08723b-ee60-4cd6-a431-985191c7a8fd","username":"brownbird609","password":"dollars","salt":"66xbYZzl","md5":"329bb77e809635b8ab9847955f23a6d5","sha1":"d2b973ae326ec1fff24b60c160f2aef71eb0cd93","sha256":"c8a0f8276cb2cf8927061702bb81d4ae29858665965973e1f0a23f04177b6bb7"},"dob":{"date":"1976-02-11T20:41:12.388Z","age":48},"registered":{"date":"2008-08-28T17:09:10.845Z","age":15},"phone":"(097) D74-6598","cell":"(097) R19-2594","id":{"name":"","value":null},"picture":{"large":"https://randomuser.me/api/portraits/men/11.jpg","medium":"https://randomuser.me/api/portraits/med/men/11.jpg","thumbnail":"https://randomuser.me/api/portraits/thumb/men/11.jpg"},"nat":"UA"}],"info":{"seed":"5b01491a50079c63","results":1,"page":1,"version":"1.4"}} 
 </msg>
<msg time="2024-06-23T09:16:13.598787" level="INFO">/opt/hostedtoolcache/Python/3.12.4/x64/lib/python3.12/site-packages/urllib3/connectionpool.py:1099: InsecureRequestWarning: Unverified HTTPS request is being made to host 'randomuser.me'. Adding certificate verification is strongly advised. See: https://urllib3.readthedocs.io/en/latest/advanced-usage.html#tls-warnings
  warnings.warn(</msg>
<msg time="2024-06-23T09:16:13.598895" level="INFO">${response} = &lt;Response [200]&gt;</msg>
<var>${response}</var>
<arg>consultarAPI</arg>
<arg>/api</arg>
<doc>Sends a GET request on a previously created HTTP Session.</doc>
<status status="PASS" start="2024-06-23T09:16:13.494740" elapsed="0.104196"/>
</kw>
<kw name="Set Variable" owner="BuiltIn">
<msg time="2024-06-23T09:16:13.599909" level="INFO">${json_data} = {'results': [{'gender': 'male', 'name': {'title': 'Mr', 'first': 'Tarosik', 'last': 'Ryabec'}, 'location': {'street': {'number': 5101, 'name': 'Ploshcha Petra Krivonosa'}, 'city': 'Verhivceve', 'state...</msg>
<var>${json_data}</var>
<arg>${response.json()}</arg>
<doc>Returns the given values which can then be assigned to a variables.</doc>
<status status="PASS" start="2024-06-23T09:16:13.599405" elapsed="0.000532"/>
</kw>
<kw name="Log" owner="BuiltIn">
<msg time="2024-06-23T09:16:13.600387" level="INFO">{'results': [{'gender': 'male', 'name': {'title': 'Mr', 'first': 'Tarosik', 'last': 'Ryabec'}, 'location': {'street': {'number': 5101, 'name': 'Ploshcha Petra Krivonosa'}, 'city': 'Verhivceve', 'state': 'Zhitomirska', 'country': 'Ukraine', 'postcode': 75492, 'coordinates': {'latitude': '74.9335', 'longitude': '-158.6020'}, 'timezone': {'offset': '-11:00', 'description': 'Midway Island, Samoa'}}, 'email': 'tarosik.ryabec@example.com', 'login': {'uuid': 'db08723b-ee60-4cd6-a431-985191c7a8fd', 'username': 'brownbird609', 'password': 'dollars', 'salt': '66xbYZzl', 'md5': '329bb77e809635b8ab9847955f23a6d5', 'sha1': 'd2b973ae326ec1fff24b60c160f2aef71eb0cd93', 'sha256': 'c8a0f8276cb2cf8927061702bb81d4ae29858665965973e1f0a23f04177b6bb7'}, 'dob': {'date': '1976-02-11T20:41:12.388Z', 'age': 48}, 'registered': {'date': '2008-08-28T17:09:10.845Z', 'age': 15}, 'phone': '(097) D74-6598', 'cell': '(097) R19-2594', 'id': {'name': '', 'value': None}, 'picture': {'large': 'https://randomuser.me/api/portraits/men/11.jpg', 'medium': 'https://randomuser.me/api/portraits/med/men/11.jpg', 'thumbnail': 'https://randomuser.me/api/portraits/thumb/men/11.jpg'}, 'nat': 'UA'}], 'info': {'seed': '5b01491a50079c63', 'results': 1, 'page': 1, 'version': '1.4'}}</msg>
<arg>${json_data}</arg>
<doc>Logs the given message with the given level.</doc>
<status status="PASS" start="2024-06-23T09:16:13.600235" elapsed="0.000200"/>
</kw>
<kw name="Should Be String" owner="String">
<arg>${json_data['results'][0]['gender']}</arg>
<doc>Fails if the given ``item`` is not a string.</doc>
<status status="PASS" start="2024-06-23T09:16:13.600720" elapsed="0.000400"/>
</kw>
<kw name="Should Match Regexp" owner="BuiltIn">
<arg>${json_data['results'][0]['email']}</arg>
<arg>^[a-zA-Z0-9._%+-]+@[a-zA-Z0-9.-]+\.[a-zA-Z]{2,}$</arg>
<doc>Fails if ``string`` does not match ``pattern`` as a regular expression.</doc>
<status status="PASS" start="2024-06-23T09:16:13.601305" elapsed="0.000581"/>
</kw>
<kw name="Should Match Regexp" owner="BuiltIn">
<arg>${json_data['results'][0]['dob']['date']}</arg>
<arg>\\d{4}-\\d{2}-\\d{2}T\\d{2}:\\d{2}:\\d{2}\\.\\d{3}Z</arg>
<doc>Fails if ``string`` does not match ``pattern`` as a regular expression.</doc>
<status status="PASS" start="2024-06-23T09:16:13.602081" elapsed="0.000484"/>
</kw>
<kw name="Should Match Regexp" owner="BuiltIn">
<arg>${json_data['results'][0]['registered']['date']}</arg>
<arg>\\d{4}-\\d{2}-\\d{2}T\\d{2}:\\d{2}:\\d{2}\\.\\d{3}Z</arg>
<doc>Fails if ``string`` does not match ``pattern`` as a regular expression.</doc>
<status status="PASS" start="2024-06-23T09:16:13.602754" elapsed="0.000360"/>
</kw>
<kw name="Should Match Regexp" owner="BuiltIn">
<arg>${json_data['results'][0]['picture']['large']}</arg>
<arg>^https?://.*\.(?:png|jpe?g|gif|bmp)$</arg>
<doc>Fails if ``string`` does not match ``pattern`` as a regular expression.</doc>
<status status="PASS" start="2024-06-23T09:16:13.603295" elapsed="0.000455"/>
</kw>
<kw name="Should Match Regexp" owner="BuiltIn">
<arg>${json_data['results'][0]['picture']['medium']}</arg>
<arg>^https?://.*\.(?:png|jpe?g|gif|bmp)$</arg>
<doc>Fails if ``string`` does not match ``pattern`` as a regular expression.</doc>
<status status="PASS" start="2024-06-23T09:16:13.603932" elapsed="0.000351"/>
</kw>
<kw name="Should Match Regexp" owner="BuiltIn">
<arg>${json_data['results'][0]['picture']['thumbnail']}</arg>
<arg>^https?://.*\.(?:png|jpe?g|gif|bmp)$</arg>
<doc>Fails if ``string`` does not match ``pattern`` as a regular expression.</doc>
<status status="PASS" start="2024-06-23T09:16:13.604463" elapsed="0.000342"/>
</kw>
<kw name="Log" owner="BuiltIn">
<msg time="2024-06-23T09:16:13.605300" level="INFO">{'large': 'https://randomuser.me/api/portraits/men/11.jpg', 'medium': 'https://randomuser.me/api/portraits/med/men/11.jpg', 'thumbnail': 'https://randomuser.me/api/portraits/thumb/men/11.jpg'}</msg>
<arg>${json_data['results'][0]['picture']}</arg>
<doc>Logs the given message with the given level.</doc>
<status status="PASS" start="2024-06-23T09:16:13.604982" elapsed="0.000361"/>
</kw>
<status status="PASS" start="2024-06-23T09:16:13.494511" elapsed="0.111097"/>
</kw>
<kw name="Teste de Tipos de Dados - Postcode" owner="random-user-service">
<kw name="GET On Session" owner="RequestsLibrary">
<msg time="2024-06-23T09:16:13.701036" level="INFO">GET Request : url=https://randomuser.me/api 
 path_url=/api 
 headers={'User-Agent': 'python-requests/2.32.3', 'Accept-Encoding': 'gzip, deflate', 'Accept': '*/*', 'Connection': 'keep-alive'} 
 body=None 
 </msg>
<msg time="2024-06-23T09:16:13.701105" level="INFO">GET Response : url=https://randomuser.me/api 
 status=200, reason=OK 
 headers={'Date': 'Sun, 23 Jun 2024 09:16:13 GMT', 'Content-Type': 'application/json; charset=utf-8', 'Transfer-Encoding': 'chunked', 'Connection': 'keep-alive', 'X-Powered-By': 'Express', 'Access-Control-Allow-Origin': '*', 'Cache-Control': 'no-cache', 'ETag': 'W/"47f-IyHno7r70UCmOKWuevORbOmM0nM"', 'Vary': 'Accept-Encoding', 'Content-Encoding': 'gzip', 'CF-Cache-Status': 'DYNAMIC', 'Report-To': '{"endpoints":[{"url":"https:\\/\\/a.nel.cloudflare.com\\/report\\/v4?s=dq79%2FUBrQZY7KuIWDvnQXdhG%2B%2BUgZ3L5%2Ful1cBzMadeBRWXjR4YmYNkX0vVzHxY7yN5eRl6RiQLvpmjqZVUiytYEY1ThISHrqd7zee46RJlOfHFfqjjnJL4R1hWpXa5y"}],"group":"cf-nel","max_age":604800}', 'NEL': '{"success_fraction":0,"report_to":"cf-nel","max_age":604800}', 'Server': 'cloudflare', 'CF-RAY': '898360c9091d2f67-LAX', 'alt-svc': 'h3=":443"; ma=86400'} 
 body={"results":[{"gender":"female","name":{"title":"Ms","first":"Emma","last":"Rasmussen"},"location":{"street":{"number":5183,"name":"Svendborgvej"},"city":"Stenderup","state":"Hovedstaden","country":"Denmark","postcode":56848,"coordinates":{"latitude":"-46.7660","longitude":"77.2368"},"timezone":{"offset":"+9:30","description":"Adelaide, Darwin"}},"email":"emma.rasmussen@example.com","login":{"uuid":"4ede8cc3-8780-4f01-b4ff-fcbb42aea504","username":"yellowzebra794","password":"vibrate","salt":"DIc8ahDq","md5":"57ec9af588a9ddcf389da34a495f2849","sha1":"b538f7fadf40a871d3e74ca13fdae479e9866f35","sha256":"12c19fe1b79652030f7f29fb6344ad4817acf8aa5d4021cff2ae3066b3cb2eb5"},"dob":{"date":"1987-01-19T04:45:51.375Z","age":37},"registered":{"date":"2017-02-25T06:26:54.237Z","age":7},"phone":"16963036","cell":"98208905","id":{"name":"CPR","value":"180187-2725"},"picture":{"large":"https://randomuser.me/api/portraits/women/27.jpg","medium":"https://randomuser.me/api/portraits/med/women/27.jpg","thumbnail":"https://randomuser.me/api/portraits/thumb/women/27.jpg"},"nat":"DK"}],"info":{"seed":"f5e8089efd6d8b9e","results":1,"page":1,"version":"1.4"}} 
 </msg>
<msg time="2024-06-23T09:16:13.701162" level="INFO">/opt/hostedtoolcache/Python/3.12.4/x64/lib/python3.12/site-packages/urllib3/connectionpool.py:1099: InsecureRequestWarning: Unverified HTTPS request is being made to host 'randomuser.me'. Adding certificate verification is strongly advised. See: https://urllib3.readthedocs.io/en/latest/advanced-usage.html#tls-warnings
  warnings.warn(</msg>
<msg time="2024-06-23T09:16:13.701258" level="INFO">${response} = &lt;Response [200]&gt;</msg>
<var>${response}</var>
<arg>consultarAPI</arg>
<arg>/api</arg>
<doc>Sends a GET request on a previously created HTTP Session.</doc>
<status status="PASS" start="2024-06-23T09:16:13.606088" elapsed="0.095195"/>
</kw>
<kw name="Set Variable" owner="BuiltIn">
<msg time="2024-06-23T09:16:13.702205" level="INFO">${json_data} = {'results': [{'gender': 'female', 'name': {'title': 'Ms', 'first': 'Emma', 'last': 'Rasmussen'}, 'location': {'street': {'number': 5183, 'name': 'Svendborgvej'}, 'city': 'Stenderup', 'state': 'Hovedst...</msg>
<var>${json_data}</var>
<arg>${response.json()}</arg>
<doc>Returns the given values which can then be assigned to a variables.</doc>
<status status="PASS" start="2024-06-23T09:16:13.701689" elapsed="0.000552"/>
</kw>
<kw name="Log" owner="BuiltIn">
<msg time="2024-06-23T09:16:13.702691" level="INFO">{'results': [{'gender': 'female', 'name': {'title': 'Ms', 'first': 'Emma', 'last': 'Rasmussen'}, 'location': {'street': {'number': 5183, 'name': 'Svendborgvej'}, 'city': 'Stenderup', 'state': 'Hovedstaden', 'country': 'Denmark', 'postcode': 56848, 'coordinates': {'latitude': '-46.7660', 'longitude': '77.2368'}, 'timezone': {'offset': '+9:30', 'description': 'Adelaide, Darwin'}}, 'email': 'emma.rasmussen@example.com', 'login': {'uuid': '4ede8cc3-8780-4f01-b4ff-fcbb42aea504', 'username': 'yellowzebra794', 'password': 'vibrate', 'salt': 'DIc8ahDq', 'md5': '57ec9af588a9ddcf389da34a495f2849', 'sha1': 'b538f7fadf40a871d3e74ca13fdae479e9866f35', 'sha256': '12c19fe1b79652030f7f29fb6344ad4817acf8aa5d4021cff2ae3066b3cb2eb5'}, 'dob': {'date': '1987-01-19T04:45:51.375Z', 'age': 37}, 'registered': {'date': '2017-02-25T06:26:54.237Z', 'age': 7}, 'phone': '16963036', 'cell': '98208905', 'id': {'name': 'CPR', 'value': '180187-2725'}, 'picture': {'large': 'https://randomuser.me/api/portraits/women/27.jpg', 'medium': 'https://randomuser.me/api/portraits/med/women/27.jpg', 'thumbnail': 'https://randomuser.me/api/portraits/thumb/women/27.jpg'}, 'nat': 'DK'}], 'info': {'seed': 'f5e8089efd6d8b9e', 'results': 1, 'page': 1, 'version': '1.4'}}</msg>
<arg>${json_data}</arg>
<doc>Logs the given message with the given level.</doc>
<status status="PASS" start="2024-06-23T09:16:13.702540" elapsed="0.000197"/>
</kw>
<kw name="Should Be Equal As Numbers" owner="BuiltIn">
<arg>${json_data['results'][0]['location']['postcode']}</arg>
<arg>${json_data['results'][0]['location']['postcode']}</arg>
<doc>Fails if objects are unequal after converting them to real numbers.</doc>
<status status="PASS" start="2024-06-23T09:16:13.703038" elapsed="0.000615"/>
</kw>
<kw name="Log" owner="BuiltIn">
<msg time="2024-06-23T09:16:13.704343" level="INFO">56848</msg>
<arg>${json_data['results'][0]['location']['postcode']}</arg>
<doc>Logs the given message with the given level.</doc>
<status status="PASS" start="2024-06-23T09:16:13.703870" elapsed="0.000513"/>
</kw>
<status status="PASS" start="2024-06-23T09:16:13.605863" elapsed="0.098771"/>
</kw>
<doc>Testa se os tipos de dados na resposta da API estão corretos.</doc>
<tag>testeTiposDados</tag>
<status status="PASS" start="2024-06-23T09:16:13.494040" elapsed="0.210754"/>
</test>
<test id="s1-s1-t5" name="Validar conteudo" line="35">
<kw name="Teste de Tipos de Conteudo" owner="random-user-service">
<kw name="GET On Session" owner="RequestsLibrary">
<msg time="2024-06-23T09:16:13.807858" level="INFO">GET Request : url=https://randomuser.me/api 
 path_url=/api 
 headers={'User-Agent': 'python-requests/2.32.3', 'Accept-Encoding': 'gzip, deflate', 'Accept': '*/*', 'Connection': 'keep-alive'} 
 body=None 
 </msg>
<msg time="2024-06-23T09:16:13.807942" level="INFO">GET Response : url=https://randomuser.me/api 
 status=200, reason=OK 
 headers={'Date': 'Sun, 23 Jun 2024 09:16:13 GMT', 'Content-Type': 'application/json; charset=utf-8', 'Transfer-Encoding': 'chunked', 'Connection': 'keep-alive', 'X-Powered-By': 'Express', 'Access-Control-Allow-Origin': '*', 'Cache-Control': 'no-cache', 'ETag': 'W/"482-gPBG5Zp8NjVdj0WmGxfp6vGjO/E"', 'Vary': 'Accept-Encoding', 'Content-Encoding': 'gzip', 'CF-Cache-Status': 'DYNAMIC', 'Report-To': '{"endpoints":[{"url":"https:\\/\\/a.nel.cloudflare.com\\/report\\/v4?s=MaaVze4SzpMIdJCB%2B6aLMYG7XIFwcwdfhBBQc0Gt300y0zFfxuSlWlrtvYecUuTGg4sG2%2BFJ3QTmZvqDQGfvP2RxWScoMtfm9smuvevQNqI3HMbO5Yv00xPjDIwl2lY4"}],"group":"cf-nel","max_age":604800}', 'NEL': '{"success_fraction":0,"report_to":"cf-nel","max_age":604800}', 'Server': 'cloudflare', 'CF-RAY': '898360c9b9a72f67-LAX', 'alt-svc': 'h3=":443"; ma=86400'} 
 body={"results":[{"gender":"female","name":{"title":"Ms","first":"Florence","last":"Turner"},"location":{"street":{"number":8017,"name":"Church Lane"},"city":"Carrick-on-Suir","state":"Longford","country":"Ireland","postcode":78381,"coordinates":{"latitude":"0.9805","longitude":"96.1660"},"timezone":{"offset":"-3:30","description":"Newfoundland"}},"email":"florence.turner@example.com","login":{"uuid":"6ed5c029-cdd3-4cf5-b9f4-c90b48f3eca3","username":"crazyrabbit645","password":"volcano","salt":"1YoW7wEL","md5":"37a449b23c614538b4bc1e61d3a5e414","sha1":"07a6243ab43ebc75b48d3182e481ea580171b755","sha256":"375f8bc51a532c2b8861556b8fed5e88a2d910b68864b0f3e41aa5f5cd053ac1"},"dob":{"date":"1947-09-24T21:04:51.954Z","age":76},"registered":{"date":"2017-04-06T18:19:20.863Z","age":7},"phone":"041-928-7621","cell":"081-313-8899","id":{"name":"PPS","value":"7377950T"},"picture":{"large":"https://randomuser.me/api/portraits/women/28.jpg","medium":"https://randomuser.me/api/portraits/med/women/28.jpg","thumbnail":"https://randomuser.me/api/portraits/thumb/women/28.jpg"},"nat":"IE"}],"info":{"seed":"c0cf5490e6e32a90","results":1,"page":1,"version":"1.4"}} 
 </msg>
<msg time="2024-06-23T09:16:13.808013" level="INFO">/opt/hostedtoolcache/Python/3.12.4/x64/lib/python3.12/site-packages/urllib3/connectionpool.py:1099: InsecureRequestWarning: Unverified HTTPS request is being made to host 'randomuser.me'. Adding certificate verification is strongly advised. See: https://urllib3.readthedocs.io/en/latest/advanced-usage.html#tls-warnings
  warnings.warn(</msg>
<msg time="2024-06-23T09:16:13.808126" level="INFO">${response} = &lt;Response [200]&gt;</msg>
<var>${response}</var>
<arg>consultarAPI</arg>
<arg>/api</arg>
<doc>Sends a GET request on a previously created HTTP Session.</doc>
<status status="PASS" start="2024-06-23T09:16:13.707167" elapsed="0.100989"/>
</kw>
<kw name="Set Variable" owner="BuiltIn">
<msg time="2024-06-23T09:16:13.808946" level="INFO">${json_data} = {'results': [{'gender': 'female', 'name': {'title': 'Ms', 'first': 'Florence', 'last': 'Turner'}, 'location': {'street': {'number': 8017, 'name': 'Church Lane'}, 'city': 'Carrick-on-Suir', 'state': 'L...</msg>
<var>${json_data}</var>
<arg>${response.json()}</arg>
<doc>Returns the given values which can then be assigned to a variables.</doc>
<status status="PASS" start="2024-06-23T09:16:13.808521" elapsed="0.000452"/>
</kw>
<kw name="Set Variable" owner="BuiltIn">
<msg time="2024-06-23T09:16:13.809648" level="INFO">${name_title} = Ms</msg>
<var>${name_title}</var>
<arg>${json_data["results"][0]["name"]["title"]}</arg>
<doc>Returns the given values which can then be assigned to a variables.</doc>
<status status="PASS" start="2024-06-23T09:16:13.809277" elapsed="0.000396"/>
</kw>
<kw name="Create List" owner="BuiltIn">
<msg time="2024-06-23T09:16:13.810181" level="INFO">${allowed_titles} = ['Mr', 'Ms', 'Miss', 'Mrs', 'Madame', 'Monsieur']</msg>
<var>${allowed_titles}</var>
<arg>Mr</arg>
<arg>Ms</arg>
<arg>Miss</arg>
<arg>Mrs</arg>
<arg>Madame</arg>
<arg>Monsieur</arg>
<doc>Returns a list containing given items.</doc>
<status status="PASS" start="2024-06-23T09:16:13.810028" elapsed="0.000177"/>
</kw>
<kw name="List Should Contain Value" owner="Collections">
<arg>${allowed_titles}</arg>
<arg>${name_title}</arg>
<doc>Fails if the ``value`` is not found from ``list``.</doc>
<status status="PASS" start="2024-06-23T09:16:13.810508" elapsed="0.000173"/>
</kw>
<kw name="Set Variable" owner="BuiltIn">
<msg time="2024-06-23T09:16:13.811231" level="INFO">${name_country} = IE</msg>
<var>${name_country}</var>
<arg>${json_data["results"][0]["nat"]}</arg>
<doc>Returns the given values which can then be assigned to a variables.</doc>
<status status="PASS" start="2024-06-23T09:16:13.810860" elapsed="0.000395"/>
</kw>
<kw name="Create List" owner="BuiltIn">
<msg time="2024-06-23T09:16:13.812146" level="INFO">${list_country} = ['AD', 'AE', 'AF', 'AG', 'AI', 'AL', 'AM', 'AO', 'AQ', 'AR', 'AS', 'AT', 'AU', 'AW', 'AX', 'AZ', 'BA', 'BB', 'BD', 'BE', 'BF', 'BG', 'BH', 'BI', 'BJ', 'BL', 'BM', 'BN', 'BO', 'BQ', 'BR', 'BS', 'BT', '...</msg>
<var>${list_country}</var>
<arg>AD</arg>
<arg>AE</arg>
<arg>AF</arg>
<arg>AG</arg>
<arg>AI</arg>
<arg>AL</arg>
<arg>AM</arg>
<arg>AO</arg>
<arg>AQ</arg>
<arg>AR</arg>
<arg>AS</arg>
<arg>AT</arg>
<arg>AU</arg>
<arg>AW</arg>
<arg>AX</arg>
<arg>AZ</arg>
<arg>BA</arg>
<arg>BB</arg>
<arg>BD</arg>
<arg>BE</arg>
<arg>BF</arg>
<arg>BG</arg>
<arg>BH</arg>
<arg>BI</arg>
<arg>BJ</arg>
<arg>BL</arg>
<arg>BM</arg>
<arg>BN</arg>
<arg>BO</arg>
<arg>BQ</arg>
<arg>BR</arg>
<arg>BS</arg>
<arg>BT</arg>
<arg>BV</arg>
<arg>BW</arg>
<arg>BY</arg>
<arg>BZ</arg>
<arg>CA</arg>
<arg>CC</arg>
<arg>CD</arg>
<arg>CF</arg>
<arg>CG</arg>
<arg>CH</arg>
<arg>CI</arg>
<arg>CK</arg>
<arg>CL</arg>
<arg>CM</arg>
<arg>CN</arg>
<arg>CO</arg>
<arg>CR</arg>
<arg>CU</arg>
<arg>CV</arg>
<arg>CW</arg>
<arg>CX</arg>
<arg>CY</arg>
<arg>CZ</arg>
<arg>DE</arg>
<arg>DJ</arg>
<arg>DK</arg>
<arg>DM</arg>
<arg>DO</arg>
<arg>DZ</arg>
<arg>EC</arg>
<arg>EE</arg>
<arg>EG</arg>
<arg>EH</arg>
<arg>ER</arg>
<arg>ES</arg>
<arg>ET</arg>
<arg>FI</arg>
<arg>FJ</arg>
<arg>FK</arg>
<arg>FM</arg>
<arg>FO</arg>
<arg>FR</arg>
<arg>GA</arg>
<arg>GB</arg>
<arg>GD</arg>
<arg>GE</arg>
<arg>GF</arg>
<arg>GG</arg>
<arg>GH</arg>
<arg>GI</arg>
<arg>GL</arg>
<arg>GM</arg>
<arg>GN</arg>
<arg>GP</arg>
<arg>GQ</arg>
<arg>GR</arg>
<arg>GS</arg>
<arg>GT</arg>
<arg>GU</arg>
<arg>GW</arg>
<arg>GY</arg>
<arg>HK</arg>
<arg>HM</arg>
<arg>HN</arg>
<arg>HR</arg>
<arg>HT</arg>
<arg>HU</arg>
<arg>ID</arg>
<arg>IE</arg>
<arg>IL</arg>
<arg>IM</arg>
<arg>IN</arg>
<arg>IO</arg>
<arg>IQ</arg>
<arg>IR</arg>
<arg>IS</arg>
<arg>IT</arg>
<arg>JE</arg>
<arg>JM</arg>
<arg>JO</arg>
<arg>JP</arg>
<arg>KE</arg>
<arg>KG</arg>
<arg>KH</arg>
<arg>KI</arg>
<arg>KM</arg>
<arg>KN</arg>
<arg>KP</arg>
<arg>KR</arg>
<arg>KW</arg>
<arg>KY</arg>
<arg>KZ</arg>
<arg>LA</arg>
<arg>LB</arg>
<arg>LC</arg>
<arg>LI</arg>
<arg>LK</arg>
<arg>LR</arg>
<arg>LS</arg>
<arg>LT</arg>
<arg>LU</arg>
<arg>LV</arg>
<arg>LY</arg>
<arg>MA</arg>
<arg>MC</arg>
<arg>MD</arg>
<arg>ME</arg>
<arg>MF</arg>
<arg>MG</arg>
<arg>MH</arg>
<arg>MK</arg>
<arg>ML</arg>
<arg>MM</arg>
<arg>MN</arg>
<arg>MO</arg>
<arg>MP</arg>
<arg>MQ</arg>
<arg>MR</arg>
<arg>MS</arg>
<arg>MT</arg>
<arg>MU</arg>
<arg>MV</arg>
<arg>MW</arg>
<arg>MX</arg>
<arg>MY</arg>
<arg>MZ</arg>
<arg>NA</arg>
<arg>NC</arg>
<arg>NE</arg>
<arg>NF</arg>
<arg>NG</arg>
<arg>NI</arg>
<arg>NL</arg>
<arg>NO</arg>
<arg>NP</arg>
<arg>NR</arg>
<arg>NU</arg>
<arg>NZ</arg>
<arg>OM</arg>
<arg>PA</arg>
<arg>PE</arg>
<arg>PF</arg>
<arg>PG</arg>
<arg>PH</arg>
<arg>PK</arg>
<arg>PL</arg>
<arg>PM</arg>
<arg>PN</arg>
<arg>PR</arg>
<arg>PS</arg>
<arg>PT</arg>
<arg>PW</arg>
<arg>PY</arg>
<arg>QA</arg>
<arg>RE</arg>
<arg>RO</arg>
<arg>RS</arg>
<arg>RU</arg>
<arg>RW</arg>
<arg>SA</arg>
<arg>SB</arg>
<arg>SC</arg>
<arg>SD</arg>
<arg>SE</arg>
<arg>SG</arg>
<arg>SH</arg>
<arg>SI</arg>
<arg>SJ</arg>
<arg>SK</arg>
<arg>SL</arg>
<arg>SM</arg>
<arg>SN</arg>
<arg>SO</arg>
<arg>SR</arg>
<arg>SS</arg>
<arg>ST</arg>
<arg>SV</arg>
<arg>SX</arg>
<arg>SY</arg>
<arg>SZ</arg>
<arg>TC</arg>
<arg>TD</arg>
<arg>TF</arg>
<arg>TG</arg>
<arg>TH</arg>
<arg>TJ</arg>
<arg>TK</arg>
<arg>TL</arg>
<arg>TM</arg>
<arg>TN</arg>
<arg>TO</arg>
<arg>TR</arg>
<arg>TT</arg>
<arg>TV</arg>
<arg>TW</arg>
<arg>TZ</arg>
<arg>UA</arg>
<arg>UG</arg>
<arg>UM</arg>
<arg>US</arg>
<arg>UY</arg>
<arg>UZ</arg>
<arg>VA</arg>
<arg>VC</arg>
<arg>VE</arg>
<arg>VG</arg>
<arg>VI</arg>
<arg>VN</arg>
<arg>VU</arg>
<arg>WF</arg>
<arg>WS</arg>
<arg>XK</arg>
<arg>YE</arg>
<arg>YT</arg>
<arg>ZA</arg>
<arg>ZM</arg>
<arg>ZW</arg>
<doc>Returns a list containing given items.</doc>
<status status="PASS" start="2024-06-23T09:16:13.811542" elapsed="0.000633"/>
</kw>
<kw name="List Should Contain Value" owner="Collections">
<arg>${list_country}</arg>
<arg>${name_country}</arg>
<doc>Fails if the ``value`` is not found from ``list``.</doc>
<status status="PASS" start="2024-06-23T09:16:13.812968" elapsed="0.000205"/>
</kw>
<kw name="Run Keyword If" owner="BuiltIn">
<kw name="Should Be True" owner="BuiltIn">
<arg>${True}</arg>
<doc>Fails if the given condition is not true.</doc>
<status status="PASS" start="2024-06-23T09:16:13.814127" elapsed="0.000139"/>
</kw>
<arg>${json_data["results"][0]["location"]["coordinates"]["latitude"]} &gt;= -90 and ${json_data["results"][0]["location"]["coordinates"]["latitude"]} &lt;= 90</arg>
<arg>Should Be True</arg>
<arg>${True}</arg>
<doc>Runs the given keyword with the given arguments, if ``condition`` is true.</doc>
<status status="PASS" start="2024-06-23T09:16:13.813371" elapsed="0.001020"/>
</kw>
<kw name="Run Keyword If" owner="BuiltIn">
<kw name="Should Be True" owner="BuiltIn">
<arg>${True}</arg>
<doc>Fails if the given condition is not true.</doc>
<status status="PASS" start="2024-06-23T09:16:13.815256" elapsed="0.000229"/>
</kw>
<arg>${json_data["results"][0]["location"]["coordinates"]["longitude"]} &gt;= -180 and ${json_data["results"][0]["location"]["coordinates"]["longitude"]} &lt;= 180</arg>
<arg>Should Be True</arg>
<arg>${True}</arg>
<doc>Runs the given keyword with the given arguments, if ``condition`` is true.</doc>
<status status="PASS" start="2024-06-23T09:16:13.814569" elapsed="0.001044"/>
</kw>
<status status="PASS" start="2024-06-23T09:16:13.706951" elapsed="0.108791"/>
</kw>
<doc>Testa o conteúdo específico dos campos retornados pela API.</doc>
<tag>testeConteudo</tag>
<status status="PASS" start="2024-06-23T09:16:13.706525" elapsed="0.109357"/>
</test>
<status status="PASS" start="2024-06-23T09:16:12.100971" elapsed="1.716847"/>
</suite>
<status status="PASS" start="2024-06-23T09:16:12.086614" elapsed="1.736262"/>
</suite>
<statistics>
<total>
<stat pass="5" fail="0" skip="0">All Tests</stat>
</total>
<tag>
<stat pass="1" fail="0" skip="0">testeConteudo</stat>
<stat pass="1" fail="0" skip="0">testeEstruturaResposta</stat>
<stat pass="1" fail="0" skip="0">testeRequisicaoBasica</stat>
<stat pass="1" fail="0" skip="0">testeTiposDados</stat>
</tag>
<suite>
<stat pass="5" fail="0" skip="0" id="s1" name="Tests">Tests</stat>
<stat pass="5" fail="0" skip="0" id="s1-s1" name="Random-User-Test">Tests.Random-User-Test</stat>
</suite>
</statistics>
<errors>
</errors>
</robot>
