<?xml version="1.0" encoding="UTF-8"?>
<robot generator="Robot 7.0 (Python 3.12.3 on linux)" generated="2024-04-25T20:13:48.972670" rpa="false" schemaversion="5">
<suite id="s1" name="Tests" source="/home/runner/work/DesafioQAItauRogerioJordao/DesafioQAItauRogerioJordao/RamdonUser/tests">
<suite id="s1-s1" name="Random-User-Test" source="/home/runner/work/DesafioQAItauRogerioJordao/DesafioQAItauRogerioJordao/RamdonUser/tests/random-user-test.robot">
<test id="s1-s1-t1" name="Conectar" line="13">
<kw name="Conectar API" owner="random-user-service">
<kw name="Create Session" owner="RequestsLibrary">
<msg time="2024-04-25T20:13:49.324933" level="INFO">Creating Session using : alias=consultarAPI, url=https://randomuser.me/, headers={},                     cookies={}, auth=None, timeout=None, proxies=None, verify=False,                     debug=0 </msg>
<arg>consultarAPI</arg>
<arg>${URL}</arg>
<doc>Create Session: create a HTTP session to a server</doc>
<status status="PASS" start="2024-04-25T20:13:49.324742" elapsed="0.000355"/>
</kw>
<status status="PASS" start="2024-04-25T20:13:49.323835" elapsed="0.001604"/>
</kw>
<status status="PASS" start="2024-04-25T20:13:49.323238" elapsed="0.002391"/>
</test>
<test id="s1-s1-t2" name="Validar retorno 200 e JSON Válido" line="16">
<kw name="Teste de Requisicao Basica" owner="random-user-service">
<kw name="GET On Session" owner="RequestsLibrary">
<msg time="2024-04-25T20:13:49.407539" level="INFO">GET Request : url=https://randomuser.me/api 
 path_url=/api 
 headers={'User-Agent': 'python-requests/2.31.0', 'Accept-Encoding': 'gzip, deflate', 'Accept': '*/*', 'Connection': 'keep-alive'} 
 body=None 
 </msg>
<msg time="2024-04-25T20:13:49.407657" level="INFO">GET Response : url=https://randomuser.me/api 
 status=200, reason=OK 
 headers={'Date': 'Thu, 25 Apr 2024 20:13:49 GMT', 'Content-Type': 'application/json; charset=utf-8', 'Transfer-Encoding': 'chunked', 'Connection': 'keep-alive', 'X-Powered-By': 'Express', 'Access-Control-Allow-Origin': '*', 'Cache-Control': 'no-cache', 'ETag': 'W/"47f-YoA3iA/XZs2FY6EVYnDpaRDLiTc"', 'Vary': 'Accept-Encoding', 'Content-Encoding': 'gzip', 'CF-Cache-Status': 'DYNAMIC', 'Report-To': '{"endpoints":[{"url":"https:\\/\\/a.nel.cloudflare.com\\/report\\/v4?s=WwnCUggOfBtSO3TNyXsu0Trhq%2B6MqxWbWz9FW%2BUUapW0Ii%2FQtGH%2BGxEvFpzlBdLPAPrm1ezKlzXLON%2Bgu2watWiaxdzuLofFcEBnmi7IBCc5zuAHPaHSUqnkVo4xgfjO"}],"group":"cf-nel","max_age":604800}', 'NEL': '{"success_fraction":0,"report_to":"cf-nel","max_age":604800}', 'Server': 'cloudflare', 'CF-RAY': '87a0feef9e2c5734-IAD', 'alt-svc': 'h3=":443"; ma=86400'} 
 body={"results":[{"gender":"male","name":{"title":"Mr","first":"Julio","last":"Santiago"},"location":{"street":{"number":2922,"name":"Viaducto Cardenas"},"city":"Tlayacapan","state":"Michoacan","country":"Mexico","postcode":64215,"coordinates":{"latitude":"22.1508","longitude":"-127.4746"},"timezone":{"offset":"-10:00","description":"Hawaii"}},"email":"julio.santiago@example.com","login":{"uuid":"9d14fe79-f366-4579-904b-a1bed7bc3054","username":"goldenpanda667","password":"4444","salt":"7nyztDJw","md5":"255ec81effc927ea3a45b6da4b692d24","sha1":"77e30b5081682063393c838b85bf892f4efbb96b","sha256":"884a53788e1354d950f67883f071f8ad900bf10549eda8e0f780d0d4af669d6f"},"dob":{"date":"1951-09-06T14:38:26.359Z","age":72},"registered":{"date":"2016-12-16T17:11:20.649Z","age":7},"phone":"(684) 781 0333","cell":"(681) 248 9583","id":{"name":"NSS","value":"38 90 62 5780 7"},"picture":{"large":"https://randomuser.me/api/portraits/men/92.jpg","medium":"https://randomuser.me/api/portraits/med/men/92.jpg","thumbnail":"https://randomuser.me/api/portraits/thumb/men/92.jpg"},"nat":"MX"}],"info":{"seed":"88d8463710014e63","results":1,"page":1,"version":"1.4"}} 
 </msg>
<msg time="2024-04-25T20:13:49.407737" level="INFO">/opt/hostedtoolcache/Python/3.12.3/x64/lib/python3.12/site-packages/urllib3/connectionpool.py:1103: InsecureRequestWarning: Unverified HTTPS request is being made to host 'randomuser.me'. Adding certificate verification is strongly advised. See: https://urllib3.readthedocs.io/en/latest/advanced-usage.html#tls-warnings
  warnings.warn(</msg>
<msg time="2024-04-25T20:13:49.407867" level="INFO">${response} = &lt;Response [200]&gt;</msg>
<var>${response}</var>
<arg>consultarAPI</arg>
<arg>/api</arg>
<doc>Sends a GET request on a previously created HTTP Session.</doc>
<status status="PASS" start="2024-04-25T20:13:49.328328" elapsed="0.079589"/>
</kw>
<kw name="Should Be Equal As Numbers" owner="BuiltIn">
<msg time="2024-04-25T20:13:49.408759" level="INFO">Argument types are:
&lt;class 'int'&gt;
&lt;class 'str'&gt;</msg>
<arg>${response.status_code}</arg>
<arg>200</arg>
<doc>Fails if objects are unequal after converting them to real numbers.</doc>
<status status="PASS" start="2024-04-25T20:13:49.408355" elapsed="0.000468"/>
</kw>
<kw name="Log" owner="BuiltIn">
<msg time="2024-04-25T20:13:49.409519" level="INFO">200</msg>
<arg>${response.status_code}</arg>
<doc>Logs the given message with the given level.</doc>
<status status="PASS" start="2024-04-25T20:13:49.409167" elapsed="0.000396"/>
</kw>
<kw name="Set Variable" owner="BuiltIn">
<msg time="2024-04-25T20:13:49.410303" level="INFO">${json_data} = {'results': [{'gender': 'male', 'name': {'title': 'Mr', 'first': 'Julio', 'last': 'Santiago'}, 'location': {'street': {'number': 2922, 'name': 'Viaducto Cardenas'}, 'city': 'Tlayacapan', 'state': 'Mic...</msg>
<var>${json_data}</var>
<arg>${response.json()}</arg>
<doc>Returns the given values which can then be assigned to a variables.</doc>
<status status="PASS" start="2024-04-25T20:13:49.409867" elapsed="0.000464"/>
</kw>
<kw name="Dictionary Should Contain Key" owner="Collections">
<msg time="2024-04-25T20:13:49.410861" level="INFO">False</msg>
<arg>${json_data}</arg>
<arg>results</arg>
<doc>Fails if ``key`` is not found from ``dictionary``.</doc>
<status status="PASS" start="2024-04-25T20:13:49.410693" elapsed="0.000209"/>
</kw>
<status status="PASS" start="2024-04-25T20:13:49.328088" elapsed="0.083067"/>
</kw>
<doc>Testa se a API responde corretamente e retorna um objeto JSON válido.</doc>
<tag>testeRequisicaoBasica</tag>
<status status="PASS" start="2024-04-25T20:13:49.327545" elapsed="0.083779"/>
</test>
<test id="s1-s1-t3" name="Validar estrutura de resposta" line="22">
<kw name="Teste de Estrutura de Resposta" owner="random-user-service">
<kw name="GET On Session" owner="RequestsLibrary">
<msg time="2024-04-25T20:13:49.503787" level="INFO">GET Request : url=https://randomuser.me/api 
 path_url=/api 
 headers={'User-Agent': 'python-requests/2.31.0', 'Accept-Encoding': 'gzip, deflate', 'Accept': '*/*', 'Connection': 'keep-alive'} 
 body=None 
 </msg>
<msg time="2024-04-25T20:13:49.503867" level="INFO">GET Response : url=https://randomuser.me/api 
 status=200, reason=OK 
 headers={'Date': 'Thu, 25 Apr 2024 20:13:49 GMT', 'Content-Type': 'application/json; charset=utf-8', 'Transfer-Encoding': 'chunked', 'Connection': 'keep-alive', 'X-Powered-By': 'Express', 'Access-Control-Allow-Origin': '*', 'Cache-Control': 'no-cache', 'ETag': 'W/"498-sshz6weQ9C/Nlgfm+xDr2hhIwGo"', 'Vary': 'Accept-Encoding', 'Content-Encoding': 'gzip', 'CF-Cache-Status': 'DYNAMIC', 'Report-To': '{"endpoints":[{"url":"https:\\/\\/a.nel.cloudflare.com\\/report\\/v4?s=1Jqbc1GE%2FC%2BpqSDZbsaeISZInWooM%2FTI0y9EMexRI7NNyvwJ2UUoPspcZr2kUb8d1hwI8SPRui%2BoddeCtsNotp%2BDbLMXpUz9LFXXpi1dqGrgyZUEMsE0oHReSBO28Saz"}],"group":"cf-nel","max_age":604800}', 'NEL': '{"success_fraction":0,"report_to":"cf-nel","max_age":604800}', 'Server': 'cloudflare', 'CF-RAY': '87a0feefde8f5734-IAD', 'alt-svc': 'h3=":443"; ma=86400'} 
 body={"results":[{"gender":"male","name":{"title":"Mr","first":"Rui","last":"Vermaning"},"location":{"street":{"number":2197,"name":"Frank Doucettestraat"},"city":"Ferwoude","state":"Limburg","country":"Netherlands","postcode":"6598 CY","coordinates":{"latitude":"30.7890","longitude":"-95.1565"},"timezone":{"offset":"+8:00","description":"Beijing, Perth, Singapore, Hong Kong"}},"email":"rui.vermaning@example.com","login":{"uuid":"ced3837a-b552-4d83-ac0b-96d994ca95b6","username":"angrypanda612","password":"robin","salt":"Rxvk1Fo3","md5":"7ebd9e27d906b66ef6460fdedbe8370d","sha1":"b51b514e043243da8f891c6cfeab3c02eab78477","sha256":"f2ff157b2ed1566856482e8f2ff94d4ea46cdfc94131043e64f297662f5db8cb"},"dob":{"date":"1967-08-07T20:18:06.797Z","age":56},"registered":{"date":"2018-10-01T11:47:59.744Z","age":5},"phone":"(062) 7663741","cell":"(06) 58390471","id":{"name":"BSN","value":"49165472"},"picture":{"large":"https://randomuser.me/api/portraits/men/61.jpg","medium":"https://randomuser.me/api/portraits/med/men/61.jpg","thumbnail":"https://randomuser.me/api/portraits/thumb/men/61.jpg"},"nat":"NL"}],"info":{"seed":"c1006e894da82299","results":1,"page":1,"version":"1.4"}} 
 </msg>
<msg time="2024-04-25T20:13:49.503977" level="INFO">/opt/hostedtoolcache/Python/3.12.3/x64/lib/python3.12/site-packages/urllib3/connectionpool.py:1103: InsecureRequestWarning: Unverified HTTPS request is being made to host 'randomuser.me'. Adding certificate verification is strongly advised. See: https://urllib3.readthedocs.io/en/latest/advanced-usage.html#tls-warnings
  warnings.warn(</msg>
<msg time="2024-04-25T20:13:49.504089" level="INFO">${response} = &lt;Response [200]&gt;</msg>
<var>${response}</var>
<arg>consultarAPI</arg>
<arg>/api</arg>
<doc>Sends a GET request on a previously created HTTP Session.</doc>
<status status="PASS" start="2024-04-25T20:13:49.414196" elapsed="0.089937"/>
</kw>
<kw name="Set Variable" owner="BuiltIn">
<msg time="2024-04-25T20:13:49.505098" level="INFO">${json_data} = {'results': [{'gender': 'male', 'name': {'title': 'Mr', 'first': 'Rui', 'last': 'Vermaning'}, 'location': {'street': {'number': 2197, 'name': 'Frank Doucettestraat'}, 'city': 'Ferwoude', 'state': 'Lim...</msg>
<var>${json_data}</var>
<arg>${response.json()}</arg>
<doc>Returns the given values which can then be assigned to a variables.</doc>
<status status="PASS" start="2024-04-25T20:13:49.504627" elapsed="0.000501"/>
</kw>
<kw name="Log" owner="BuiltIn">
<msg time="2024-04-25T20:13:49.505596" level="INFO">{'results': [{'gender': 'male', 'name': {'title': 'Mr', 'first': 'Rui', 'last': 'Vermaning'}, 'location': {'street': {'number': 2197, 'name': 'Frank Doucettestraat'}, 'city': 'Ferwoude', 'state': 'Limburg', 'country': 'Netherlands', 'postcode': '6598 CY', 'coordinates': {'latitude': '30.7890', 'longitude': '-95.1565'}, 'timezone': {'offset': '+8:00', 'description': 'Beijing, Perth, Singapore, Hong Kong'}}, 'email': 'rui.vermaning@example.com', 'login': {'uuid': 'ced3837a-b552-4d83-ac0b-96d994ca95b6', 'username': 'angrypanda612', 'password': 'robin', 'salt': 'Rxvk1Fo3', 'md5': '7ebd9e27d906b66ef6460fdedbe8370d', 'sha1': 'b51b514e043243da8f891c6cfeab3c02eab78477', 'sha256': 'f2ff157b2ed1566856482e8f2ff94d4ea46cdfc94131043e64f297662f5db8cb'}, 'dob': {'date': '1967-08-07T20:18:06.797Z', 'age': 56}, 'registered': {'date': '2018-10-01T11:47:59.744Z', 'age': 5}, 'phone': '(062) 7663741', 'cell': '(06) 58390471', 'id': {'name': 'BSN', 'value': '49165472'}, 'picture': {'large': 'https://randomuser.me/api/portraits/men/61.jpg', 'medium': 'https://randomuser.me/api/portraits/med/men/61.jpg', 'thumbnail': 'https://randomuser.me/api/portraits/thumb/men/61.jpg'}, 'nat': 'NL'}], 'info': {'seed': 'c1006e894da82299', 'results': 1, 'page': 1, 'version': '1.4'}}</msg>
<arg>${json_data}</arg>
<doc>Logs the given message with the given level.</doc>
<status status="PASS" start="2024-04-25T20:13:49.505437" elapsed="0.000207"/>
</kw>
<kw name="Dictionary Should Contain Key" owner="Collections">
<msg time="2024-04-25T20:13:49.506098" level="INFO">False</msg>
<arg>${json_data}</arg>
<arg>results</arg>
<doc>Fails if ``key`` is not found from ``dictionary``.</doc>
<status status="PASS" start="2024-04-25T20:13:49.505941" elapsed="0.000195"/>
</kw>
<kw name="Should Not Be Empty" owner="BuiltIn">
<msg time="2024-04-25T20:13:49.506620" level="INFO">Length is 2.</msg>
<arg>${json_data}</arg>
<doc>Verifies that the given item is not empty.</doc>
<status status="PASS" start="2024-04-25T20:13:49.506481" elapsed="0.000300"/>
</kw>
<kw name="Create List" owner="BuiltIn">
<msg time="2024-04-25T20:13:49.507236" level="INFO">${expected_keys} = ['gender', 'name', 'location', 'email', 'login']</msg>
<var>${expected_keys}</var>
<arg>gender</arg>
<arg>name</arg>
<arg>location</arg>
<arg>email</arg>
<arg>login</arg>
<doc>Returns a list containing given items.</doc>
<status status="PASS" start="2024-04-25T20:13:49.507082" elapsed="0.000179"/>
</kw>
<for flavor="IN">
<iter>
<kw name="Dictionary Should Contain Key" owner="Collections">
<msg time="2024-04-25T20:13:49.508225" level="INFO">False</msg>
<arg>${json_data['results'][0]}</arg>
<arg>${key}</arg>
<doc>Fails if ``key`` is not found from ``dictionary``.</doc>
<status status="PASS" start="2024-04-25T20:13:49.507819" elapsed="0.000445"/>
</kw>
<kw name="Log" owner="BuiltIn">
<msg time="2024-04-25T20:13:49.508938" level="INFO">{'gender': 'male', 'name': {'title': 'Mr', 'first': 'Rui', 'last': 'Vermaning'}, 'location': {'street': {'number': 2197, 'name': 'Frank Doucettestraat'}, 'city': 'Ferwoude', 'state': 'Limburg', 'country': 'Netherlands', 'postcode': '6598 CY', 'coordinates': {'latitude': '30.7890', 'longitude': '-95.1565'}, 'timezone': {'offset': '+8:00', 'description': 'Beijing, Perth, Singapore, Hong Kong'}}, 'email': 'rui.vermaning@example.com', 'login': {'uuid': 'ced3837a-b552-4d83-ac0b-96d994ca95b6', 'username': 'angrypanda612', 'password': 'robin', 'salt': 'Rxvk1Fo3', 'md5': '7ebd9e27d906b66ef6460fdedbe8370d', 'sha1': 'b51b514e043243da8f891c6cfeab3c02eab78477', 'sha256': 'f2ff157b2ed1566856482e8f2ff94d4ea46cdfc94131043e64f297662f5db8cb'}, 'dob': {'date': '1967-08-07T20:18:06.797Z', 'age': 56}, 'registered': {'date': '2018-10-01T11:47:59.744Z', 'age': 5}, 'phone': '(062) 7663741', 'cell': '(06) 58390471', 'id': {'name': 'BSN', 'value': '49165472'}, 'picture': {'large': 'https://randomuser.me/api/portraits/men/61.jpg', 'medium': 'https://randomuser.me/api/portraits/med/men/61.jpg', 'thumbnail': 'https://randomuser.me/api/portraits/thumb/men/61.jpg'}, 'nat': 'NL'}</msg>
<arg>${json_data['results'][0]}</arg>
<doc>Logs the given message with the given level.</doc>
<status status="PASS" start="2024-04-25T20:13:49.508571" elapsed="0.000416"/>
</kw>
<kw name="Log" owner="BuiltIn">
<msg time="2024-04-25T20:13:49.509414" level="INFO">gender</msg>
<arg>${key}</arg>
<doc>Logs the given message with the given level.</doc>
<status status="PASS" start="2024-04-25T20:13:49.509286" elapsed="0.000166"/>
</kw>
<var name="${key}">gender</var>
<status status="PASS" start="2024-04-25T20:13:49.507696" elapsed="0.001970"/>
</iter>
<iter>
<kw name="Dictionary Should Contain Key" owner="Collections">
<msg time="2024-04-25T20:13:49.510375" level="INFO">False</msg>
<arg>${json_data['results'][0]}</arg>
<arg>${key}</arg>
<doc>Fails if ``key`` is not found from ``dictionary``.</doc>
<status status="PASS" start="2024-04-25T20:13:49.509965" elapsed="0.000454"/>
</kw>
<kw name="Log" owner="BuiltIn">
<msg time="2024-04-25T20:13:49.511128" level="INFO">{'gender': 'male', 'name': {'title': 'Mr', 'first': 'Rui', 'last': 'Vermaning'}, 'location': {'street': {'number': 2197, 'name': 'Frank Doucettestraat'}, 'city': 'Ferwoude', 'state': 'Limburg', 'country': 'Netherlands', 'postcode': '6598 CY', 'coordinates': {'latitude': '30.7890', 'longitude': '-95.1565'}, 'timezone': {'offset': '+8:00', 'description': 'Beijing, Perth, Singapore, Hong Kong'}}, 'email': 'rui.vermaning@example.com', 'login': {'uuid': 'ced3837a-b552-4d83-ac0b-96d994ca95b6', 'username': 'angrypanda612', 'password': 'robin', 'salt': 'Rxvk1Fo3', 'md5': '7ebd9e27d906b66ef6460fdedbe8370d', 'sha1': 'b51b514e043243da8f891c6cfeab3c02eab78477', 'sha256': 'f2ff157b2ed1566856482e8f2ff94d4ea46cdfc94131043e64f297662f5db8cb'}, 'dob': {'date': '1967-08-07T20:18:06.797Z', 'age': 56}, 'registered': {'date': '2018-10-01T11:47:59.744Z', 'age': 5}, 'phone': '(062) 7663741', 'cell': '(06) 58390471', 'id': {'name': 'BSN', 'value': '49165472'}, 'picture': {'large': 'https://randomuser.me/api/portraits/men/61.jpg', 'medium': 'https://randomuser.me/api/portraits/med/men/61.jpg', 'thumbnail': 'https://randomuser.me/api/portraits/thumb/men/61.jpg'}, 'nat': 'NL'}</msg>
<arg>${json_data['results'][0]}</arg>
<doc>Logs the given message with the given level.</doc>
<status status="PASS" start="2024-04-25T20:13:49.510755" elapsed="0.000421"/>
</kw>
<kw name="Log" owner="BuiltIn">
<msg time="2024-04-25T20:13:49.511603" level="INFO">name</msg>
<arg>${key}</arg>
<doc>Logs the given message with the given level.</doc>
<status status="PASS" start="2024-04-25T20:13:49.511475" elapsed="0.000166"/>
</kw>
<var name="${key}">name</var>
<status status="PASS" start="2024-04-25T20:13:49.509851" elapsed="0.002004"/>
</iter>
<iter>
<kw name="Dictionary Should Contain Key" owner="Collections">
<msg time="2024-04-25T20:13:49.512538" level="INFO">False</msg>
<arg>${json_data['results'][0]}</arg>
<arg>${key}</arg>
<doc>Fails if ``key`` is not found from ``dictionary``.</doc>
<status status="PASS" start="2024-04-25T20:13:49.512147" elapsed="0.000428"/>
</kw>
<kw name="Log" owner="BuiltIn">
<msg time="2024-04-25T20:13:49.513245" level="INFO">{'gender': 'male', 'name': {'title': 'Mr', 'first': 'Rui', 'last': 'Vermaning'}, 'location': {'street': {'number': 2197, 'name': 'Frank Doucettestraat'}, 'city': 'Ferwoude', 'state': 'Limburg', 'country': 'Netherlands', 'postcode': '6598 CY', 'coordinates': {'latitude': '30.7890', 'longitude': '-95.1565'}, 'timezone': {'offset': '+8:00', 'description': 'Beijing, Perth, Singapore, Hong Kong'}}, 'email': 'rui.vermaning@example.com', 'login': {'uuid': 'ced3837a-b552-4d83-ac0b-96d994ca95b6', 'username': 'angrypanda612', 'password': 'robin', 'salt': 'Rxvk1Fo3', 'md5': '7ebd9e27d906b66ef6460fdedbe8370d', 'sha1': 'b51b514e043243da8f891c6cfeab3c02eab78477', 'sha256': 'f2ff157b2ed1566856482e8f2ff94d4ea46cdfc94131043e64f297662f5db8cb'}, 'dob': {'date': '1967-08-07T20:18:06.797Z', 'age': 56}, 'registered': {'date': '2018-10-01T11:47:59.744Z', 'age': 5}, 'phone': '(062) 7663741', 'cell': '(06) 58390471', 'id': {'name': 'BSN', 'value': '49165472'}, 'picture': {'large': 'https://randomuser.me/api/portraits/men/61.jpg', 'medium': 'https://randomuser.me/api/portraits/med/men/61.jpg', 'thumbnail': 'https://randomuser.me/api/portraits/thumb/men/61.jpg'}, 'nat': 'NL'}</msg>
<arg>${json_data['results'][0]}</arg>
<doc>Logs the given message with the given level.</doc>
<status status="PASS" start="2024-04-25T20:13:49.512876" elapsed="0.000417"/>
</kw>
<kw name="Log" owner="BuiltIn">
<msg time="2024-04-25T20:13:49.513712" level="INFO">location</msg>
<arg>${key}</arg>
<doc>Logs the given message with the given level.</doc>
<status status="PASS" start="2024-04-25T20:13:49.513586" elapsed="0.000164"/>
</kw>
<var name="${key}">location</var>
<status status="PASS" start="2024-04-25T20:13:49.512035" elapsed="0.001928"/>
</iter>
<iter>
<kw name="Dictionary Should Contain Key" owner="Collections">
<msg time="2024-04-25T20:13:49.514692" level="INFO">False</msg>
<arg>${json_data['results'][0]}</arg>
<arg>${key}</arg>
<doc>Fails if ``key`` is not found from ``dictionary``.</doc>
<status status="PASS" start="2024-04-25T20:13:49.514245" elapsed="0.000486"/>
</kw>
<kw name="Log" owner="BuiltIn">
<msg time="2024-04-25T20:13:49.515409" level="INFO">{'gender': 'male', 'name': {'title': 'Mr', 'first': 'Rui', 'last': 'Vermaning'}, 'location': {'street': {'number': 2197, 'name': 'Frank Doucettestraat'}, 'city': 'Ferwoude', 'state': 'Limburg', 'country': 'Netherlands', 'postcode': '6598 CY', 'coordinates': {'latitude': '30.7890', 'longitude': '-95.1565'}, 'timezone': {'offset': '+8:00', 'description': 'Beijing, Perth, Singapore, Hong Kong'}}, 'email': 'rui.vermaning@example.com', 'login': {'uuid': 'ced3837a-b552-4d83-ac0b-96d994ca95b6', 'username': 'angrypanda612', 'password': 'robin', 'salt': 'Rxvk1Fo3', 'md5': '7ebd9e27d906b66ef6460fdedbe8370d', 'sha1': 'b51b514e043243da8f891c6cfeab3c02eab78477', 'sha256': 'f2ff157b2ed1566856482e8f2ff94d4ea46cdfc94131043e64f297662f5db8cb'}, 'dob': {'date': '1967-08-07T20:18:06.797Z', 'age': 56}, 'registered': {'date': '2018-10-01T11:47:59.744Z', 'age': 5}, 'phone': '(062) 7663741', 'cell': '(06) 58390471', 'id': {'name': 'BSN', 'value': '49165472'}, 'picture': {'large': 'https://randomuser.me/api/portraits/men/61.jpg', 'medium': 'https://randomuser.me/api/portraits/med/men/61.jpg', 'thumbnail': 'https://randomuser.me/api/portraits/thumb/men/61.jpg'}, 'nat': 'NL'}</msg>
<arg>${json_data['results'][0]}</arg>
<doc>Logs the given message with the given level.</doc>
<status status="PASS" start="2024-04-25T20:13:49.515047" elapsed="0.000412"/>
</kw>
<kw name="Log" owner="BuiltIn">
<msg time="2024-04-25T20:13:49.515879" level="INFO">email</msg>
<arg>${key}</arg>
<doc>Logs the given message with the given level.</doc>
<status status="PASS" start="2024-04-25T20:13:49.515752" elapsed="0.000165"/>
</kw>
<var name="${key}">email</var>
<status status="PASS" start="2024-04-25T20:13:49.514135" elapsed="0.001993"/>
</iter>
<iter>
<kw name="Dictionary Should Contain Key" owner="Collections">
<msg time="2024-04-25T20:13:49.516787" level="INFO">False</msg>
<arg>${json_data['results'][0]}</arg>
<arg>${key}</arg>
<doc>Fails if ``key`` is not found from ``dictionary``.</doc>
<status status="PASS" start="2024-04-25T20:13:49.516410" elapsed="0.000415"/>
</kw>
<kw name="Log" owner="BuiltIn">
<msg time="2024-04-25T20:13:49.517490" level="INFO">{'gender': 'male', 'name': {'title': 'Mr', 'first': 'Rui', 'last': 'Vermaning'}, 'location': {'street': {'number': 2197, 'name': 'Frank Doucettestraat'}, 'city': 'Ferwoude', 'state': 'Limburg', 'country': 'Netherlands', 'postcode': '6598 CY', 'coordinates': {'latitude': '30.7890', 'longitude': '-95.1565'}, 'timezone': {'offset': '+8:00', 'description': 'Beijing, Perth, Singapore, Hong Kong'}}, 'email': 'rui.vermaning@example.com', 'login': {'uuid': 'ced3837a-b552-4d83-ac0b-96d994ca95b6', 'username': 'angrypanda612', 'password': 'robin', 'salt': 'Rxvk1Fo3', 'md5': '7ebd9e27d906b66ef6460fdedbe8370d', 'sha1': 'b51b514e043243da8f891c6cfeab3c02eab78477', 'sha256': 'f2ff157b2ed1566856482e8f2ff94d4ea46cdfc94131043e64f297662f5db8cb'}, 'dob': {'date': '1967-08-07T20:18:06.797Z', 'age': 56}, 'registered': {'date': '2018-10-01T11:47:59.744Z', 'age': 5}, 'phone': '(062) 7663741', 'cell': '(06) 58390471', 'id': {'name': 'BSN', 'value': '49165472'}, 'picture': {'large': 'https://randomuser.me/api/portraits/men/61.jpg', 'medium': 'https://randomuser.me/api/portraits/med/men/61.jpg', 'thumbnail': 'https://randomuser.me/api/portraits/thumb/men/61.jpg'}, 'nat': 'NL'}</msg>
<arg>${json_data['results'][0]}</arg>
<doc>Logs the given message with the given level.</doc>
<status status="PASS" start="2024-04-25T20:13:49.517119" elapsed="0.000421"/>
</kw>
<kw name="Log" owner="BuiltIn">
<msg time="2024-04-25T20:13:49.517964" level="INFO">login</msg>
<arg>${key}</arg>
<doc>Logs the given message with the given level.</doc>
<status status="PASS" start="2024-04-25T20:13:49.517837" elapsed="0.000166"/>
</kw>
<var name="${key}">login</var>
<status status="PASS" start="2024-04-25T20:13:49.516300" elapsed="0.001941"/>
</iter>
<var>${key}</var>
<value>@{expected_keys}</value>
<status status="PASS" start="2024-04-25T20:13:49.507516" elapsed="0.010872"/>
</for>
<kw name="Create List" owner="BuiltIn">
<msg time="2024-04-25T20:13:49.518725" level="INFO">${expected_keysTwo} = ['username', 'password']</msg>
<var>${expected_keysTwo}</var>
<arg>username</arg>
<arg>password</arg>
<doc>Returns a list containing given items.</doc>
<status status="PASS" start="2024-04-25T20:13:49.518588" elapsed="0.000161"/>
</kw>
<for flavor="IN">
<iter>
<kw name="Dictionary Should Contain Key" owner="Collections">
<msg time="2024-04-25T20:13:49.519641" level="INFO">False</msg>
<arg>${json_data['results'][0]['login']}</arg>
<arg>${keyTwo}</arg>
<doc>Fails if ``key`` is not found from ``dictionary``.</doc>
<status status="PASS" start="2024-04-25T20:13:49.519246" elapsed="0.000433"/>
</kw>
<kw name="Dictionary Should Contain Key" owner="Collections">
<msg time="2024-04-25T20:13:49.520359" level="INFO">False</msg>
<arg>${json_data['results'][0]['login']}</arg>
<arg>${keyTwo}</arg>
<doc>Fails if ``key`` is not found from ``dictionary``.</doc>
<status status="PASS" start="2024-04-25T20:13:49.519975" elapsed="0.000421"/>
</kw>
<kw name="Log" owner="BuiltIn">
<msg time="2024-04-25T20:13:49.520811" level="INFO">username</msg>
<arg>${keyTwo}</arg>
<doc>Logs the given message with the given level.</doc>
<status status="PASS" start="2024-04-25T20:13:49.520686" elapsed="0.000168"/>
</kw>
<var name="${keyTwo}">username</var>
<status status="PASS" start="2024-04-25T20:13:49.519137" elapsed="0.001931"/>
</iter>
<iter>
<kw name="Dictionary Should Contain Key" owner="Collections">
<msg time="2024-04-25T20:13:49.521812" level="INFO">False</msg>
<arg>${json_data['results'][0]['login']}</arg>
<arg>${keyTwo}</arg>
<doc>Fails if ``key`` is not found from ``dictionary``.</doc>
<status status="PASS" start="2024-04-25T20:13:49.521349" elapsed="0.000510"/>
</kw>
<kw name="Dictionary Should Contain Key" owner="Collections">
<msg time="2024-04-25T20:13:49.522589" level="INFO">False</msg>
<arg>${json_data['results'][0]['login']}</arg>
<arg>${keyTwo}</arg>
<doc>Fails if ``key`` is not found from ``dictionary``.</doc>
<status status="PASS" start="2024-04-25T20:13:49.522157" elapsed="0.000470"/>
</kw>
<kw name="Log" owner="BuiltIn">
<msg time="2024-04-25T20:13:49.523073" level="INFO">password</msg>
<arg>${keyTwo}</arg>
<doc>Logs the given message with the given level.</doc>
<status status="PASS" start="2024-04-25T20:13:49.522936" elapsed="0.000176"/>
</kw>
<var name="${keyTwo}">password</var>
<status status="PASS" start="2024-04-25T20:13:49.521240" elapsed="0.002087"/>
</iter>
<var>${keyTwo}</var>
<value>@{expected_keysTwo}</value>
<status status="PASS" start="2024-04-25T20:13:49.518986" elapsed="0.004462"/>
</for>
<status status="PASS" start="2024-04-25T20:13:49.413850" elapsed="0.109732"/>
</kw>
<doc>Testa a estrutura da resposta da API.</doc>
<tag>testeEstruturaResposta</tag>
<status status="PASS" start="2024-04-25T20:13:49.413125" elapsed="0.110603"/>
</test>
<test id="s1-s1-t4" name="Validar tipos de dados" line="28">
<kw name="Teste de Tipos de Dados" owner="random-user-service">
<kw name="GET On Session" owner="RequestsLibrary">
<msg time="2024-04-25T20:13:49.606415" level="INFO">GET Request : url=https://randomuser.me/api 
 path_url=/api 
 headers={'User-Agent': 'python-requests/2.31.0', 'Accept-Encoding': 'gzip, deflate', 'Accept': '*/*', 'Connection': 'keep-alive'} 
 body=None 
 </msg>
<msg time="2024-04-25T20:13:49.606500" level="INFO">GET Response : url=https://randomuser.me/api 
 status=200, reason=OK 
 headers={'Date': 'Thu, 25 Apr 2024 20:13:49 GMT', 'Content-Type': 'application/json; charset=utf-8', 'Transfer-Encoding': 'chunked', 'Connection': 'keep-alive', 'X-Powered-By': 'Express', 'Access-Control-Allow-Origin': '*', 'Cache-Control': 'no-cache', 'ETag': 'W/"490-wE8OhZVq3STw397NFHAgBtRbSbQ"', 'Vary': 'Accept-Encoding', 'Content-Encoding': 'gzip', 'CF-Cache-Status': 'DYNAMIC', 'Report-To': '{"endpoints":[{"url":"https:\\/\\/a.nel.cloudflare.com\\/report\\/v4?s=7Q2sS1XQRtZbTmiJoB1UP%2BFe4cyrMYfGFUfrUr4MsRs34i%2F4n3FFVB8ZodZjz4r%2BGUxJW2FHBYGLgVHrYuZmT5MErsRjIxzpAFa5ALrg7ljIFYgIFQJ4jc%2BRV3b90uNw"}],"group":"cf-nel","max_age":604800}', 'NEL': '{"success_fraction":0,"report_to":"cf-nel","max_age":604800}', 'Server': 'cloudflare', 'CF-RAY': '87a0fef08f615734-IAD', 'alt-svc': 'h3=":443"; ma=86400'} 
 body={"results":[{"gender":"female","name":{"title":"Mrs","first":"Amanda","last":"Van Hunnik"},"location":{"street":{"number":352,"name":"Kruibok"},"city":"Eemsmond","state":"Flevoland","country":"Netherlands","postcode":"3058 FG","coordinates":{"latitude":"35.8926","longitude":"151.6398"},"timezone":{"offset":"+2:00","description":"Kaliningrad, South Africa"}},"email":"amanda.vanhunnik@example.com","login":{"uuid":"0d680f32-5052-4f5c-8196-265e60eac3f1","username":"happycat479","password":"menace","salt":"awi8tXUe","md5":"095ee878b3569497c375fee85248a4b2","sha1":"b8fabc6117ececeb2408d79437f43bc9aa8f72fe","sha256":"b7489c008713b7e18e71cacfda4121dc417f7f473ba5ba147add0eef90c5ff2f"},"dob":{"date":"1962-10-16T02:55:15.412Z","age":61},"registered":{"date":"2020-12-14T00:54:50.972Z","age":3},"phone":"(0001) 715660","cell":"(06) 42385932","id":{"name":"BSN","value":"43207181"},"picture":{"large":"https://randomuser.me/api/portraits/women/40.jpg","medium":"https://randomuser.me/api/portraits/med/women/40.jpg","thumbnail":"https://randomuser.me/api/portraits/thumb/women/40.jpg"},"nat":"NL"}],"info":{"seed":"a2aee8dad1023f13","results":1,"page":1,"version":"1.4"}} 
 </msg>
<msg time="2024-04-25T20:13:49.606573" level="INFO">/opt/hostedtoolcache/Python/3.12.3/x64/lib/python3.12/site-packages/urllib3/connectionpool.py:1103: InsecureRequestWarning: Unverified HTTPS request is being made to host 'randomuser.me'. Adding certificate verification is strongly advised. See: https://urllib3.readthedocs.io/en/latest/advanced-usage.html#tls-warnings
  warnings.warn(</msg>
<msg time="2024-04-25T20:13:49.606674" level="INFO">${response} = &lt;Response [200]&gt;</msg>
<var>${response}</var>
<arg>consultarAPI</arg>
<arg>/api</arg>
<doc>Sends a GET request on a previously created HTTP Session.</doc>
<status status="PASS" start="2024-04-25T20:13:49.526210" elapsed="0.080506"/>
</kw>
<kw name="Set Variable" owner="BuiltIn">
<msg time="2024-04-25T20:13:49.607716" level="INFO">${json_data} = {'results': [{'gender': 'female', 'name': {'title': 'Mrs', 'first': 'Amanda', 'last': 'Van Hunnik'}, 'location': {'street': {'number': 352, 'name': 'Kruibok'}, 'city': 'Eemsmond', 'state': 'Flevoland'...</msg>
<var>${json_data}</var>
<arg>${response.json()}</arg>
<doc>Returns the given values which can then be assigned to a variables.</doc>
<status status="PASS" start="2024-04-25T20:13:49.607160" elapsed="0.000584"/>
</kw>
<kw name="Log" owner="BuiltIn">
<msg time="2024-04-25T20:13:49.608200" level="INFO">{'results': [{'gender': 'female', 'name': {'title': 'Mrs', 'first': 'Amanda', 'last': 'Van Hunnik'}, 'location': {'street': {'number': 352, 'name': 'Kruibok'}, 'city': 'Eemsmond', 'state': 'Flevoland', 'country': 'Netherlands', 'postcode': '3058 FG', 'coordinates': {'latitude': '35.8926', 'longitude': '151.6398'}, 'timezone': {'offset': '+2:00', 'description': 'Kaliningrad, South Africa'}}, 'email': 'amanda.vanhunnik@example.com', 'login': {'uuid': '0d680f32-5052-4f5c-8196-265e60eac3f1', 'username': 'happycat479', 'password': 'menace', 'salt': 'awi8tXUe', 'md5': '095ee878b3569497c375fee85248a4b2', 'sha1': 'b8fabc6117ececeb2408d79437f43bc9aa8f72fe', 'sha256': 'b7489c008713b7e18e71cacfda4121dc417f7f473ba5ba147add0eef90c5ff2f'}, 'dob': {'date': '1962-10-16T02:55:15.412Z', 'age': 61}, 'registered': {'date': '2020-12-14T00:54:50.972Z', 'age': 3}, 'phone': '(0001) 715660', 'cell': '(06) 42385932', 'id': {'name': 'BSN', 'value': '43207181'}, 'picture': {'large': 'https://randomuser.me/api/portraits/women/40.jpg', 'medium': 'https://randomuser.me/api/portraits/med/women/40.jpg', 'thumbnail': 'https://randomuser.me/api/portraits/thumb/women/40.jpg'}, 'nat': 'NL'}], 'info': {'seed': 'a2aee8dad1023f13', 'results': 1, 'page': 1, 'version': '1.4'}}</msg>
<arg>${json_data}</arg>
<doc>Logs the given message with the given level.</doc>
<status status="PASS" start="2024-04-25T20:13:49.608048" elapsed="0.000230"/>
</kw>
<kw name="Should Be String" owner="String">
<arg>${json_data['results'][0]['gender']}</arg>
<doc>Fails if the given ``item`` is not a string.</doc>
<status status="PASS" start="2024-04-25T20:13:49.608577" elapsed="0.000371"/>
</kw>
<kw name="Should Match Regexp" owner="BuiltIn">
<arg>${json_data['results'][0]['email']}</arg>
<arg>^[a-zA-Z0-9._%+-]+@[a-zA-Z0-9.-]+\.[a-zA-Z]{2,}$</arg>
<doc>Fails if ``string`` does not match ``pattern`` as a regular expression.</doc>
<status status="PASS" start="2024-04-25T20:13:49.609139" elapsed="0.000485"/>
</kw>
<kw name="Should Match Regexp" owner="BuiltIn">
<arg>${json_data['results'][0]['dob']['date']}</arg>
<arg>\\d{4}-\\d{2}-\\d{2}T\\d{2}:\\d{2}:\\d{2}\\.\\d{3}Z</arg>
<doc>Fails if ``string`` does not match ``pattern`` as a regular expression.</doc>
<status status="PASS" start="2024-04-25T20:13:49.609816" elapsed="0.000484"/>
</kw>
<kw name="Should Match Regexp" owner="BuiltIn">
<arg>${json_data['results'][0]['registered']['date']}</arg>
<arg>\\d{4}-\\d{2}-\\d{2}T\\d{2}:\\d{2}:\\d{2}\\.\\d{3}Z</arg>
<doc>Fails if ``string`` does not match ``pattern`` as a regular expression.</doc>
<status status="PASS" start="2024-04-25T20:13:49.610553" elapsed="0.000381"/>
</kw>
<kw name="Should Match Regexp" owner="BuiltIn">
<arg>${json_data['results'][0]['picture']['large']}</arg>
<arg>^https?://.*\.(?:png|jpe?g|gif|bmp)$</arg>
<doc>Fails if ``string`` does not match ``pattern`` as a regular expression.</doc>
<status status="PASS" start="2024-04-25T20:13:49.611121" elapsed="0.000464"/>
</kw>
<kw name="Should Match Regexp" owner="BuiltIn">
<arg>${json_data['results'][0]['picture']['medium']}</arg>
<arg>^https?://.*\.(?:png|jpe?g|gif|bmp)$</arg>
<doc>Fails if ``string`` does not match ``pattern`` as a regular expression.</doc>
<status status="PASS" start="2024-04-25T20:13:49.611773" elapsed="0.000364"/>
</kw>
<kw name="Should Match Regexp" owner="BuiltIn">
<arg>${json_data['results'][0]['picture']['thumbnail']}</arg>
<arg>^https?://.*\.(?:png|jpe?g|gif|bmp)$</arg>
<doc>Fails if ``string`` does not match ``pattern`` as a regular expression.</doc>
<status status="PASS" start="2024-04-25T20:13:49.612327" elapsed="0.000349"/>
</kw>
<kw name="Log" owner="BuiltIn">
<msg time="2024-04-25T20:13:49.613177" level="INFO">{'large': 'https://randomuser.me/api/portraits/women/40.jpg', 'medium': 'https://randomuser.me/api/portraits/med/women/40.jpg', 'thumbnail': 'https://randomuser.me/api/portraits/thumb/women/40.jpg'}</msg>
<arg>${json_data['results'][0]['picture']}</arg>
<doc>Logs the given message with the given level.</doc>
<status status="PASS" start="2024-04-25T20:13:49.612856" elapsed="0.000363"/>
</kw>
<status status="PASS" start="2024-04-25T20:13:49.525980" elapsed="0.087489"/>
</kw>
<kw name="Teste de Tipos de Dados - Postcode" owner="random-user-service">
<kw name="GET On Session" owner="RequestsLibrary">
<msg time="2024-04-25T20:13:49.709144" level="INFO">GET Request : url=https://randomuser.me/api 
 path_url=/api 
 headers={'User-Agent': 'python-requests/2.31.0', 'Accept-Encoding': 'gzip, deflate', 'Accept': '*/*', 'Connection': 'keep-alive'} 
 body=None 
 </msg>
<msg time="2024-04-25T20:13:49.709231" level="INFO">GET Response : url=https://randomuser.me/api 
 status=200, reason=OK 
 headers={'Date': 'Thu, 25 Apr 2024 20:13:49 GMT', 'Content-Type': 'application/json; charset=utf-8', 'Transfer-Encoding': 'chunked', 'Connection': 'keep-alive', 'X-Powered-By': 'Express', 'Access-Control-Allow-Origin': '*', 'Cache-Control': 'no-cache', 'ETag': 'W/"498-r9AC9Lzp8AoX6x3NiOySKZsfwmA"', 'Vary': 'Accept-Encoding', 'Content-Encoding': 'gzip', 'CF-Cache-Status': 'DYNAMIC', 'Report-To': '{"endpoints":[{"url":"https:\\/\\/a.nel.cloudflare.com\\/report\\/v4?s=BwdEiqqdSlmt05ho%2F29wjV8QNk9CJFQAG46XyPz6aggWhgrK7Eks52OQJ0yaDhlU9DfBTD%2FTEMmrCycxFZzugwf%2Bc92cfSlhGAPu8Huut8hJ9YnkoAIOd4sB7WR%2BcnqA"}],"group":"cf-nel","max_age":604800}', 'NEL': '{"success_fraction":0,"report_to":"cf-nel","max_age":604800}', 'Server': 'cloudflare', 'CF-RAY': '87a0fef11ffb5734-IAD', 'alt-svc': 'h3=":443"; ma=86400'} 
 body={"results":[{"gender":"female","name":{"title":"Mrs","first":"Evelyn","last":"Edwards"},"location":{"street":{"number":2529,"name":"Clyde Street"},"city":"Whanganui","state":"Southland","country":"New Zealand","postcode":93609,"coordinates":{"latitude":"50.6972","longitude":"139.7927"},"timezone":{"offset":"-6:00","description":"Central Time (US &amp; Canada), Mexico City"}},"email":"evelyn.edwards@example.com","login":{"uuid":"427342ea-e6b7-492c-98f2-6662f60b1d34","username":"blackgorilla451","password":"xxxx","salt":"yUEKiWvI","md5":"0a60703959b6b6da90805ae648816b1d","sha1":"f4eab38d35f4024bec25773c43099191175e5498","sha256":"56ab7bb785560e5809edfd9c2008ea2da555334042d259338c5c713244e48959"},"dob":{"date":"1966-11-13T15:46:51.549Z","age":57},"registered":{"date":"2004-12-14T10:37:33.144Z","age":19},"phone":"(407)-082-2866","cell":"(784)-274-4190","id":{"name":"","value":null},"picture":{"large":"https://randomuser.me/api/portraits/women/93.jpg","medium":"https://randomuser.me/api/portraits/med/women/93.jpg","thumbnail":"https://randomuser.me/api/portraits/thumb/women/93.jpg"},"nat":"NZ"}],"info":{"seed":"cbc95cb80f824e14","results":1,"page":1,"version":"1.4"}} 
 </msg>
<msg time="2024-04-25T20:13:49.709307" level="INFO">/opt/hostedtoolcache/Python/3.12.3/x64/lib/python3.12/site-packages/urllib3/connectionpool.py:1103: InsecureRequestWarning: Unverified HTTPS request is being made to host 'randomuser.me'. Adding certificate verification is strongly advised. See: https://urllib3.readthedocs.io/en/latest/advanced-usage.html#tls-warnings
  warnings.warn(</msg>
<msg time="2024-04-25T20:13:49.709420" level="INFO">${response} = &lt;Response [200]&gt;</msg>
<var>${response}</var>
<arg>consultarAPI</arg>
<arg>/api</arg>
<doc>Sends a GET request on a previously created HTTP Session.</doc>
<status status="PASS" start="2024-04-25T20:13:49.613902" elapsed="0.095560"/>
</kw>
<kw name="Set Variable" owner="BuiltIn">
<msg time="2024-04-25T20:13:49.710415" level="INFO">${json_data} = {'results': [{'gender': 'female', 'name': {'title': 'Mrs', 'first': 'Evelyn', 'last': 'Edwards'}, 'location': {'street': {'number': 2529, 'name': 'Clyde Street'}, 'city': 'Whanganui', 'state': 'Southl...</msg>
<var>${json_data}</var>
<arg>${response.json()}</arg>
<doc>Returns the given values which can then be assigned to a variables.</doc>
<status status="PASS" start="2024-04-25T20:13:49.709932" elapsed="0.000517"/>
</kw>
<kw name="Log" owner="BuiltIn">
<msg time="2024-04-25T20:13:49.710917" level="INFO">{'results': [{'gender': 'female', 'name': {'title': 'Mrs', 'first': 'Evelyn', 'last': 'Edwards'}, 'location': {'street': {'number': 2529, 'name': 'Clyde Street'}, 'city': 'Whanganui', 'state': 'Southland', 'country': 'New Zealand', 'postcode': 93609, 'coordinates': {'latitude': '50.6972', 'longitude': '139.7927'}, 'timezone': {'offset': '-6:00', 'description': 'Central Time (US &amp; Canada), Mexico City'}}, 'email': 'evelyn.edwards@example.com', 'login': {'uuid': '427342ea-e6b7-492c-98f2-6662f60b1d34', 'username': 'blackgorilla451', 'password': 'xxxx', 'salt': 'yUEKiWvI', 'md5': '0a60703959b6b6da90805ae648816b1d', 'sha1': 'f4eab38d35f4024bec25773c43099191175e5498', 'sha256': '56ab7bb785560e5809edfd9c2008ea2da555334042d259338c5c713244e48959'}, 'dob': {'date': '1966-11-13T15:46:51.549Z', 'age': 57}, 'registered': {'date': '2004-12-14T10:37:33.144Z', 'age': 19}, 'phone': '(407)-082-2866', 'cell': '(784)-274-4190', 'id': {'name': '', 'value': None}, 'picture': {'large': 'https://randomuser.me/api/portraits/women/93.jpg', 'medium': 'https://randomuser.me/api/portraits/med/women/93.jpg', 'thumbnail': 'https://randomuser.me/api/portraits/thumb/women/93.jpg'}, 'nat': 'NZ'}], 'info': {'seed': 'cbc95cb80f824e14', 'results': 1, 'page': 1, 'version': '1.4'}}</msg>
<arg>${json_data}</arg>
<doc>Logs the given message with the given level.</doc>
<status status="PASS" start="2024-04-25T20:13:49.710763" elapsed="0.000232"/>
</kw>
<kw name="Should Be Equal As Numbers" owner="BuiltIn">
<arg>${json_data['results'][0]['location']['postcode']}</arg>
<arg>${json_data['results'][0]['location']['postcode']}</arg>
<doc>Fails if objects are unequal after converting them to real numbers.</doc>
<status status="PASS" start="2024-04-25T20:13:49.711431" elapsed="0.000616"/>
</kw>
<kw name="Log" owner="BuiltIn">
<msg time="2024-04-25T20:13:49.712574" level="INFO">93609</msg>
<arg>${json_data['results'][0]['location']['postcode']}</arg>
<doc>Logs the given message with the given level.</doc>
<status status="PASS" start="2024-04-25T20:13:49.712240" elapsed="0.000374"/>
</kw>
<status status="PASS" start="2024-04-25T20:13:49.613680" elapsed="0.099183"/>
</kw>
<doc>Testa se os tipos de dados na resposta da API estão corretos.</doc>
<tag>testeTiposDados</tag>
<status status="PASS" start="2024-04-25T20:13:49.525462" elapsed="0.187559"/>
</test>
<test id="s1-s1-t5" name="Validar conteudo" line="35">
<kw name="Teste de Tipos de Conteudo" owner="random-user-service">
<kw name="GET On Session" owner="RequestsLibrary">
<msg time="2024-04-25T20:13:49.818416" level="INFO">GET Request : url=https://randomuser.me/api 
 path_url=/api 
 headers={'User-Agent': 'python-requests/2.31.0', 'Accept-Encoding': 'gzip, deflate', 'Accept': '*/*', 'Connection': 'keep-alive'} 
 body=None 
 </msg>
<msg time="2024-04-25T20:13:49.818505" level="INFO">GET Response : url=https://randomuser.me/api 
 status=200, reason=OK 
 headers={'Date': 'Thu, 25 Apr 2024 20:13:49 GMT', 'Content-Type': 'application/json; charset=utf-8', 'Transfer-Encoding': 'chunked', 'Connection': 'keep-alive', 'X-Powered-By': 'Express', 'Access-Control-Allow-Origin': '*', 'Cache-Control': 'no-cache', 'ETag': 'W/"480-XT44Ze5o999KmT7td/EKRcup6Fo"', 'Vary': 'Accept-Encoding', 'Content-Encoding': 'gzip', 'CF-Cache-Status': 'DYNAMIC', 'Report-To': '{"endpoints":[{"url":"https:\\/\\/a.nel.cloudflare.com\\/report\\/v4?s=aAhiNmAyJ2eVdl%2BipzLFyxwjy1AA9Y3babf5qFShPGJeNzCo7mO23diYiZNZNCKEjzkR5mKk9j76t5YW24oXXTFlskAHD%2Fe%2BCtuvMDn4YqBP38lo0tQZNtw6V3sxeAea"}],"group":"cf-nel","max_age":604800}', 'NEL': '{"success_fraction":0,"report_to":"cf-nel","max_age":604800}', 'Server': 'cloudflare', 'CF-RAY': '87a0fef1b8c15734-IAD', 'alt-svc': 'h3=":443"; ma=86400'} 
 body={"results":[{"gender":"male","name":{"title":"Mr","first":"Dibach","last":"Krivolap"},"location":{"street":{"number":5285,"name":"Mostova"},"city":"Apostolove","state":"Hmelnicka","country":"Ukraine","postcode":32627,"coordinates":{"latitude":"73.8932","longitude":"-171.7659"},"timezone":{"offset":"-7:00","description":"Mountain Time (US &amp; Canada)"}},"email":"dibach.krivolap@example.com","login":{"uuid":"573890e4-75fa-481b-ab59-e014e5cc413e","username":"greenmeercat940","password":"racers","salt":"Eu7NFeR5","md5":"ccb5f9e5bdb1267fcfb57ef68bd2ed57","sha1":"48677c278dd4a32a3d32b928cb62186773a704aa","sha256":"5ec5378e04f046d4be362b29e7b01b16c4e00a69b15db3377d119427bfeea2b2"},"dob":{"date":"1946-10-06T19:08:27.182Z","age":77},"registered":{"date":"2004-09-02T04:08:46.440Z","age":19},"phone":"(099) I77-2028","cell":"(097) M05-4124","id":{"name":"","value":null},"picture":{"large":"https://randomuser.me/api/portraits/men/28.jpg","medium":"https://randomuser.me/api/portraits/med/men/28.jpg","thumbnail":"https://randomuser.me/api/portraits/thumb/men/28.jpg"},"nat":"UA"}],"info":{"seed":"8564f0d5a8cb87b3","results":1,"page":1,"version":"1.4"}} 
 </msg>
<msg time="2024-04-25T20:13:49.818574" level="INFO">/opt/hostedtoolcache/Python/3.12.3/x64/lib/python3.12/site-packages/urllib3/connectionpool.py:1103: InsecureRequestWarning: Unverified HTTPS request is being made to host 'randomuser.me'. Adding certificate verification is strongly advised. See: https://urllib3.readthedocs.io/en/latest/advanced-usage.html#tls-warnings
  warnings.warn(</msg>
<msg time="2024-04-25T20:13:49.818675" level="INFO">${response} = &lt;Response [200]&gt;</msg>
<var>${response}</var>
<arg>consultarAPI</arg>
<arg>/api</arg>
<doc>Sends a GET request on a previously created HTTP Session.</doc>
<status status="PASS" start="2024-04-25T20:13:49.715514" elapsed="0.103201"/>
</kw>
<kw name="Set Variable" owner="BuiltIn">
<msg time="2024-04-25T20:13:49.819603" level="INFO">${json_data} = {'results': [{'gender': 'male', 'name': {'title': 'Mr', 'first': 'Dibach', 'last': 'Krivolap'}, 'location': {'street': {'number': 5285, 'name': 'Mostova'}, 'city': 'Apostolove', 'state': 'Hmelnicka', ...</msg>
<var>${json_data}</var>
<arg>${response.json()}</arg>
<doc>Returns the given values which can then be assigned to a variables.</doc>
<status status="PASS" start="2024-04-25T20:13:49.819161" elapsed="0.000469"/>
</kw>
<kw name="Set Variable" owner="BuiltIn">
<msg time="2024-04-25T20:13:49.820316" level="INFO">${name_title} = Mr</msg>
<var>${name_title}</var>
<arg>${json_data["results"][0]["name"]["title"]}</arg>
<doc>Returns the given values which can then be assigned to a variables.</doc>
<status status="PASS" start="2024-04-25T20:13:49.819932" elapsed="0.000409"/>
</kw>
<kw name="Create List" owner="BuiltIn">
<msg time="2024-04-25T20:13:49.820789" level="INFO">${allowed_titles} = ['Mr', 'Ms', 'Miss', 'Mrs', 'Madame', 'Monsieur']</msg>
<var>${allowed_titles}</var>
<arg>Mr</arg>
<arg>Ms</arg>
<arg>Miss</arg>
<arg>Mrs</arg>
<arg>Madame</arg>
<arg>Monsieur</arg>
<doc>Returns a list containing given items.</doc>
<status status="PASS" start="2024-04-25T20:13:49.820641" elapsed="0.000172"/>
</kw>
<kw name="List Should Contain Value" owner="Collections">
<msg time="2024-04-25T20:13:49.821278" level="INFO">False</msg>
<arg>${allowed_titles}</arg>
<arg>${name_title}</arg>
<doc>Fails if the ``value`` is not found from ``list``.</doc>
<status status="PASS" start="2024-04-25T20:13:49.821112" elapsed="0.000202"/>
</kw>
<kw name="Set Variable" owner="BuiltIn">
<msg time="2024-04-25T20:13:49.821981" level="INFO">${name_country} = UA</msg>
<var>${name_country}</var>
<arg>${json_data["results"][0]["nat"]}</arg>
<doc>Returns the given values which can then be assigned to a variables.</doc>
<status status="PASS" start="2024-04-25T20:13:49.821600" elapsed="0.000407"/>
</kw>
<kw name="Create List" owner="BuiltIn">
<msg time="2024-04-25T20:13:49.822926" level="INFO">${list_country} = ['AD', 'AE', 'AF', 'AG', 'AI', 'AL', 'AM', 'AO', 'AQ', 'AR', 'AS', 'AT', 'AU', 'AW', 'AX', 'AZ', 'BA', 'BB', 'BD', 'BE', 'BF', 'BG', 'BH', 'BI', 'BJ', 'BL', 'BM', 'BN', 'BO', 'BQ', 'BR', 'BS', 'BT', '...</msg>
<var>${list_country}</var>
<arg>AD</arg>
<arg>AE</arg>
<arg>AF</arg>
<arg>AG</arg>
<arg>AI</arg>
<arg>AL</arg>
<arg>AM</arg>
<arg>AO</arg>
<arg>AQ</arg>
<arg>AR</arg>
<arg>AS</arg>
<arg>AT</arg>
<arg>AU</arg>
<arg>AW</arg>
<arg>AX</arg>
<arg>AZ</arg>
<arg>BA</arg>
<arg>BB</arg>
<arg>BD</arg>
<arg>BE</arg>
<arg>BF</arg>
<arg>BG</arg>
<arg>BH</arg>
<arg>BI</arg>
<arg>BJ</arg>
<arg>BL</arg>
<arg>BM</arg>
<arg>BN</arg>
<arg>BO</arg>
<arg>BQ</arg>
<arg>BR</arg>
<arg>BS</arg>
<arg>BT</arg>
<arg>BV</arg>
<arg>BW</arg>
<arg>BY</arg>
<arg>BZ</arg>
<arg>CA</arg>
<arg>CC</arg>
<arg>CD</arg>
<arg>CF</arg>
<arg>CG</arg>
<arg>CH</arg>
<arg>CI</arg>
<arg>CK</arg>
<arg>CL</arg>
<arg>CM</arg>
<arg>CN</arg>
<arg>CO</arg>
<arg>CR</arg>
<arg>CU</arg>
<arg>CV</arg>
<arg>CW</arg>
<arg>CX</arg>
<arg>CY</arg>
<arg>CZ</arg>
<arg>DE</arg>
<arg>DJ</arg>
<arg>DK</arg>
<arg>DM</arg>
<arg>DO</arg>
<arg>DZ</arg>
<arg>EC</arg>
<arg>EE</arg>
<arg>EG</arg>
<arg>EH</arg>
<arg>ER</arg>
<arg>ES</arg>
<arg>ET</arg>
<arg>FI</arg>
<arg>FJ</arg>
<arg>FK</arg>
<arg>FM</arg>
<arg>FO</arg>
<arg>FR</arg>
<arg>GA</arg>
<arg>GB</arg>
<arg>GD</arg>
<arg>GE</arg>
<arg>GF</arg>
<arg>GG</arg>
<arg>GH</arg>
<arg>GI</arg>
<arg>GL</arg>
<arg>GM</arg>
<arg>GN</arg>
<arg>GP</arg>
<arg>GQ</arg>
<arg>GR</arg>
<arg>GS</arg>
<arg>GT</arg>
<arg>GU</arg>
<arg>GW</arg>
<arg>GY</arg>
<arg>HK</arg>
<arg>HM</arg>
<arg>HN</arg>
<arg>HR</arg>
<arg>HT</arg>
<arg>HU</arg>
<arg>ID</arg>
<arg>IE</arg>
<arg>IL</arg>
<arg>IM</arg>
<arg>IN</arg>
<arg>IO</arg>
<arg>IQ</arg>
<arg>IR</arg>
<arg>IS</arg>
<arg>IT</arg>
<arg>JE</arg>
<arg>JM</arg>
<arg>JO</arg>
<arg>JP</arg>
<arg>KE</arg>
<arg>KG</arg>
<arg>KH</arg>
<arg>KI</arg>
<arg>KM</arg>
<arg>KN</arg>
<arg>KP</arg>
<arg>KR</arg>
<arg>KW</arg>
<arg>KY</arg>
<arg>KZ</arg>
<arg>LA</arg>
<arg>LB</arg>
<arg>LC</arg>
<arg>LI</arg>
<arg>LK</arg>
<arg>LR</arg>
<arg>LS</arg>
<arg>LT</arg>
<arg>LU</arg>
<arg>LV</arg>
<arg>LY</arg>
<arg>MA</arg>
<arg>MC</arg>
<arg>MD</arg>
<arg>ME</arg>
<arg>MF</arg>
<arg>MG</arg>
<arg>MH</arg>
<arg>MK</arg>
<arg>ML</arg>
<arg>MM</arg>
<arg>MN</arg>
<arg>MO</arg>
<arg>MP</arg>
<arg>MQ</arg>
<arg>MR</arg>
<arg>MS</arg>
<arg>MT</arg>
<arg>MU</arg>
<arg>MV</arg>
<arg>MW</arg>
<arg>MX</arg>
<arg>MY</arg>
<arg>MZ</arg>
<arg>NA</arg>
<arg>NC</arg>
<arg>NE</arg>
<arg>NF</arg>
<arg>NG</arg>
<arg>NI</arg>
<arg>NL</arg>
<arg>NO</arg>
<arg>NP</arg>
<arg>NR</arg>
<arg>NU</arg>
<arg>NZ</arg>
<arg>OM</arg>
<arg>PA</arg>
<arg>PE</arg>
<arg>PF</arg>
<arg>PG</arg>
<arg>PH</arg>
<arg>PK</arg>
<arg>PL</arg>
<arg>PM</arg>
<arg>PN</arg>
<arg>PR</arg>
<arg>PS</arg>
<arg>PT</arg>
<arg>PW</arg>
<arg>PY</arg>
<arg>QA</arg>
<arg>RE</arg>
<arg>RO</arg>
<arg>RS</arg>
<arg>RU</arg>
<arg>RW</arg>
<arg>SA</arg>
<arg>SB</arg>
<arg>SC</arg>
<arg>SD</arg>
<arg>SE</arg>
<arg>SG</arg>
<arg>SH</arg>
<arg>SI</arg>
<arg>SJ</arg>
<arg>SK</arg>
<arg>SL</arg>
<arg>SM</arg>
<arg>SN</arg>
<arg>SO</arg>
<arg>SR</arg>
<arg>SS</arg>
<arg>ST</arg>
<arg>SV</arg>
<arg>SX</arg>
<arg>SY</arg>
<arg>SZ</arg>
<arg>TC</arg>
<arg>TD</arg>
<arg>TF</arg>
<arg>TG</arg>
<arg>TH</arg>
<arg>TJ</arg>
<arg>TK</arg>
<arg>TL</arg>
<arg>TM</arg>
<arg>TN</arg>
<arg>TO</arg>
<arg>TR</arg>
<arg>TT</arg>
<arg>TV</arg>
<arg>TW</arg>
<arg>TZ</arg>
<arg>UA</arg>
<arg>UG</arg>
<arg>UM</arg>
<arg>US</arg>
<arg>UY</arg>
<arg>UZ</arg>
<arg>VA</arg>
<arg>VC</arg>
<arg>VE</arg>
<arg>VG</arg>
<arg>VI</arg>
<arg>VN</arg>
<arg>VU</arg>
<arg>WF</arg>
<arg>WS</arg>
<arg>XK</arg>
<arg>YE</arg>
<arg>YT</arg>
<arg>ZA</arg>
<arg>ZM</arg>
<arg>ZW</arg>
<doc>Returns a list containing given items.</doc>
<status status="PASS" start="2024-04-25T20:13:49.822307" elapsed="0.000646"/>
</kw>
<kw name="List Should Contain Value" owner="Collections">
<msg time="2024-04-25T20:13:49.823944" level="INFO">False</msg>
<arg>${list_country}</arg>
<arg>${name_country}</arg>
<doc>Fails if the ``value`` is not found from ``list``.</doc>
<status status="PASS" start="2024-04-25T20:13:49.823743" elapsed="0.000238"/>
</kw>
<kw name="Run Keyword If" owner="BuiltIn">
<kw name="Should Be True" owner="BuiltIn">
<arg>${True}</arg>
<doc>Fails if the given condition is not true.</doc>
<status status="PASS" start="2024-04-25T20:13:49.825041" elapsed="0.000243"/>
</kw>
<arg>${json_data["results"][0]["location"]["coordinates"]["latitude"]} &gt;= -90 and ${json_data["results"][0]["location"]["coordinates"]["latitude"]} &lt;= 90</arg>
<arg>Should Be True</arg>
<arg>${True}</arg>
<doc>Runs the given keyword with the given arguments, if ``condition`` is true.</doc>
<status status="PASS" start="2024-04-25T20:13:49.824288" elapsed="0.001130"/>
</kw>
<kw name="Run Keyword If" owner="BuiltIn">
<kw name="Should Be True" owner="BuiltIn">
<arg>${True}</arg>
<doc>Fails if the given condition is not true.</doc>
<status status="PASS" start="2024-04-25T20:13:49.826324" elapsed="0.000166"/>
</kw>
<arg>${json_data["results"][0]["location"]["coordinates"]["longitude"]} &gt;= -180 and ${json_data["results"][0]["location"]["coordinates"]["longitude"]} &lt;= 180</arg>
<arg>Should Be True</arg>
<arg>${True}</arg>
<doc>Runs the given keyword with the given arguments, if ``condition`` is true.</doc>
<status status="PASS" start="2024-04-25T20:13:49.825605" elapsed="0.001011"/>
</kw>
<status status="PASS" start="2024-04-25T20:13:49.715284" elapsed="0.111461"/>
</kw>
<doc>Testa o conteúdo específico dos campos retornados pela API.</doc>
<tag>testeConteudo</tag>
<status status="PASS" start="2024-04-25T20:13:49.714788" elapsed="0.112101"/>
</test>
<status status="PASS" start="2024-04-25T20:13:49.030218" elapsed="0.798604"/>
</suite>
<status status="PASS" start="2024-04-25T20:13:49.016775" elapsed="0.817189"/>
</suite>
<statistics>
<total>
<stat pass="5" fail="0" skip="0">All Tests</stat>
</total>
<tag>
<stat pass="1" fail="0" skip="0">testeConteudo</stat>
<stat pass="1" fail="0" skip="0">testeEstruturaResposta</stat>
<stat pass="1" fail="0" skip="0">testeRequisicaoBasica</stat>
<stat pass="1" fail="0" skip="0">testeTiposDados</stat>
</tag>
<suite>
<stat pass="5" fail="0" skip="0" id="s1" name="Tests">Tests</stat>
<stat pass="5" fail="0" skip="0" id="s1-s1" name="Random-User-Test">Tests.Random-User-Test</stat>
</suite>
</statistics>
<errors>
</errors>
</robot>
