<?xml version="1.0" encoding="UTF-8"?>
<robot generator="Robot 7.0 (Python 3.12.2 on linux)" generated="2024-03-20T16:38:58.531813" rpa="false" schemaversion="5">
<suite id="s1" name="Tests" source="/home/runner/work/DesafioQA---Itau---Rogerio-Jordao/DesafioQA---Itau---Rogerio-Jordao/DesafioQA - Itau - Rogerio Jordao/tests">
<suite id="s1-s1" name="Random-User-Test" source="/home/runner/work/DesafioQA---Itau---Rogerio-Jordao/DesafioQA---Itau---Rogerio-Jordao/DesafioQA - Itau - Rogerio Jordao/tests/random-user-test.robot">
<test id="s1-s1-t1" name="Conectar" line="24">
<kw name="Conectar API">
<kw name="Create Session" owner="RequestsLibrary">
<msg time="2024-03-20T16:38:58.882461" level="INFO">Creating Session using : alias=consultarAPI, url=https://randomuser.me/, headers={},                     cookies={}, auth=None, timeout=None, proxies=None, verify=False,                     debug=0 </msg>
<arg>consultarAPI</arg>
<arg>${URL}</arg>
<doc>Create Session: create a HTTP session to a server</doc>
<status status="PASS" start="2024-03-20T16:38:58.882253" elapsed="0.000392"/>
</kw>
<status status="PASS" start="2024-03-20T16:38:58.881321" elapsed="0.001707"/>
</kw>
<status status="PASS" start="2024-03-20T16:38:58.880800" elapsed="0.002455"/>
</test>
<test id="s1-s1-t2" name="Validar retorno 200 e JSON Válido" line="27">
<kw name="Teste de Requisicao Basica">
<kw name="GET On Session" owner="RequestsLibrary">
<msg time="2024-03-20T16:38:59.203296" level="INFO">GET Request : url=https://randomuser.me/api 
 path_url=/api 
 headers={'User-Agent': 'python-requests/2.31.0', 'Accept-Encoding': 'gzip, deflate', 'Accept': '*/*', 'Connection': 'keep-alive'} 
 body=None 
 </msg>
<msg time="2024-03-20T16:38:59.203472" level="INFO">GET Response : url=https://randomuser.me/api 
 status=200, reason=OK 
 headers={'Date': 'Wed, 20 Mar 2024 16:38:59 GMT', 'Content-Type': 'application/json; charset=utf-8', 'Transfer-Encoding': 'chunked', 'Connection': 'keep-alive', 'X-Powered-By': 'Express', 'Access-Control-Allow-Origin': '*', 'Cache-Control': 'no-cache', 'ETag': 'W/"4a4-Tj1/7q37GKZ9waCQ77O7ilGgHmE"', 'Vary': 'Accept-Encoding', 'Content-Encoding': 'gzip', 'CF-Cache-Status': 'DYNAMIC', 'Report-To': '{"endpoints":[{"url":"https:\\/\\/a.nel.cloudflare.com\\/report\\/v4?s=UBZk%2Fewnt6QUNMgBNJ8zL6RQymSZVo%2BlnJ7gNQad5g%2F0OROF8g%2BEF98AfpIEv%2FPKo2XMB3%2B4IYkLYgULq5bdHx9DNNYWB%2F6FeJi23%2FHSA%2BFOa7a1oSoOwSFLvYH4s4gF"}],"group":"cf-nel","max_age":604800}', 'NEL': '{"success_fraction":0,"report_to":"cf-nel","max_age":604800}', 'Server': 'cloudflare', 'CF-RAY': '867722bbaeab620b-ORD', 'alt-svc': 'h3=":443"; ma=86400'} 
 body={"results":[{"gender":"male","name":{"title":"Monsieur","first":"Benjamin","last":"Jean"},"location":{"street":{"number":2258,"name":"Rue Duquesne"},"city":"Obergerlafingen","state":"Bern","country":"Switzerland","postcode":3986,"coordinates":{"latitude":"-63.7169","longitude":"-159.3147"},"timezone":{"offset":"+1:00","description":"Brussels, Copenhagen, Madrid, Paris"}},"email":"benjamin.jean@example.com","login":{"uuid":"1773ea31-dd66-482b-9b00-50b351dadcd1","username":"beautifulbear410","password":"playoffs","salt":"12xzFlTx","md5":"dad7a8a3dbe6daca06164fc8ea3de08f","sha1":"f993a666990b6c27b789e4c6f217b5e1c28979e2","sha256":"561aaf6534ae8e3d073ac2c7c7e34045e18c5caa0f55cfa5841fc60908f0e8f9"},"dob":{"date":"1946-12-14T23:45:59.286Z","age":77},"registered":{"date":"2016-06-16T14:07:21.825Z","age":7},"phone":"075 868 88 08","cell":"077 642 22 63","id":{"name":"AVS","value":"756.6396.6617.56"},"picture":{"large":"https://randomuser.me/api/portraits/men/23.jpg","medium":"https://randomuser.me/api/portraits/med/men/23.jpg","thumbnail":"https://randomuser.me/api/portraits/thumb/men/23.jpg"},"nat":"CH"}],"info":{"seed":"712e91d216577ef1","results":1,"page":1,"version":"1.4"}} 
 </msg>
<msg time="2024-03-20T16:38:59.203807" level="INFO">/opt/hostedtoolcache/Python/3.12.2/x64/lib/python3.12/site-packages/urllib3/connectionpool.py:1103: InsecureRequestWarning: Unverified HTTPS request is being made to host 'randomuser.me'. Adding certificate verification is strongly advised. See: https://urllib3.readthedocs.io/en/latest/advanced-usage.html#tls-warnings
  warnings.warn(</msg>
<msg time="2024-03-20T16:38:59.203957" level="INFO">${response} = &lt;Response [200]&gt;</msg>
<var>${response}</var>
<arg>consultarAPI</arg>
<arg>/api</arg>
<doc>Sends a GET request on a previously created HTTP Session.</doc>
<status status="PASS" start="2024-03-20T16:38:58.885872" elapsed="0.318127"/>
</kw>
<kw name="Should Be Equal As Numbers" owner="BuiltIn">
<msg time="2024-03-20T16:38:59.205118" level="INFO">Argument types are:
&lt;class 'int'&gt;
&lt;class 'str'&gt;</msg>
<arg>${response.status_code}</arg>
<arg>200</arg>
<doc>Fails if objects are unequal after converting them to real numbers.</doc>
<status status="PASS" start="2024-03-20T16:38:59.204624" elapsed="0.000570"/>
</kw>
<kw name="Log" owner="BuiltIn">
<msg time="2024-03-20T16:38:59.205908" level="INFO">200</msg>
<arg>${response.status_code}</arg>
<doc>Logs the given message with the given level.</doc>
<status status="PASS" start="2024-03-20T16:38:59.205536" elapsed="0.000418"/>
</kw>
<kw name="Set Variable" owner="BuiltIn">
<msg time="2024-03-20T16:38:59.206724" level="INFO">${json_data} = {'results': [{'gender': 'male', 'name': {'title': 'Monsieur', 'first': 'Benjamin', 'last': 'Jean'}, 'location': {'street': {'number': 2258, 'name': 'Rue Duquesne'}, 'city': 'Obergerlafingen', 'state':...</msg>
<var>${json_data}</var>
<arg>${response.json()}</arg>
<doc>Returns the given values which can then be assigned to a variables.</doc>
<status status="PASS" start="2024-03-20T16:38:59.206267" elapsed="0.000486"/>
</kw>
<kw name="Dictionary Should Contain Key" owner="Collections">
<msg time="2024-03-20T16:38:59.207305" level="INFO">False</msg>
<arg>${json_data}</arg>
<arg>results</arg>
<doc>Fails if ``key`` is not found from ``dictionary``.</doc>
<status status="PASS" start="2024-03-20T16:38:59.207085" elapsed="0.000261"/>
</kw>
<status status="PASS" start="2024-03-20T16:38:58.885619" elapsed="0.321992"/>
</kw>
<doc>Testa se a API responde corretamente e retorna um objeto JSON válido.</doc>
<tag>testeRequisicaoBasica</tag>
<status status="PASS" start="2024-03-20T16:38:58.885164" elapsed="0.322638"/>
</test>
<test id="s1-s1-t3" name="Validar estrutura de resposta" line="33">
<kw name="Teste de Estrutura de Resposta">
<kw name="GET On Session" owner="RequestsLibrary">
<msg time="2024-03-20T16:38:59.308958" level="INFO">GET Request : url=https://randomuser.me/api 
 path_url=/api 
 headers={'User-Agent': 'python-requests/2.31.0', 'Accept-Encoding': 'gzip, deflate', 'Accept': '*/*', 'Connection': 'keep-alive'} 
 body=None 
 </msg>
<msg time="2024-03-20T16:38:59.309029" level="INFO">GET Response : url=https://randomuser.me/api 
 status=200, reason=OK 
 headers={'Date': 'Wed, 20 Mar 2024 16:38:59 GMT', 'Content-Type': 'application/json; charset=utf-8', 'Transfer-Encoding': 'chunked', 'Connection': 'keep-alive', 'X-Powered-By': 'Express', 'Access-Control-Allow-Origin': '*', 'Cache-Control': 'no-cache', 'ETag': 'W/"491-4N/H0sDQN2SrMQxH1QNjwjrOKoY"', 'Vary': 'Accept-Encoding', 'Content-Encoding': 'gzip', 'CF-Cache-Status': 'DYNAMIC', 'Report-To': '{"endpoints":[{"url":"https:\\/\\/a.nel.cloudflare.com\\/report\\/v4?s=DlytdQpZMAlNiJDMbfYYXd1TCbD4t8y4suEJQ0jUUrQWKfxssehtqFbLdV7Fg4KZqwD02yEdvCdIpZVX3g6U9XhF6m8qv0nlrR%2BXoZLv7ucNk2ekaHBPvK88lxYDTu7%2F"}],"group":"cf-nel","max_age":604800}', 'NEL': '{"success_fraction":0,"report_to":"cf-nel","max_age":604800}', 'Server': 'cloudflare', 'CF-RAY': '867722bc0f21620b-ORD', 'alt-svc': 'h3=":443"; ma=86400'} 
 body={"results":[{"gender":"female","name":{"title":"Ms","first":"Oona","last":"Halla"},"location":{"street":{"number":5948,"name":"Bulevardi"},"city":"Ylitornio","state":"Uusimaa","country":"Finland","postcode":81468,"coordinates":{"latitude":"-25.4564","longitude":"15.5485"},"timezone":{"offset":"+10:00","description":"Eastern Australia, Guam, Vladivostok"}},"email":"oona.halla@example.com","login":{"uuid":"b1df91ff-cfa9-4b0c-afc8-573b946344e0","username":"orangefrog534","password":"rugger","salt":"8PKTaWQ8","md5":"7831e065d0fa651bb5fc3f85a8d8c6ec","sha1":"c794b62690c0288432ed76a60f56ab5fdc0044e6","sha256":"efb58978fd3b8b3efff6259ac92962d5b302e0ed9f9635c99eb38bf3cb95ecc3"},"dob":{"date":"1957-03-03T22:05:50.825Z","age":67},"registered":{"date":"2017-01-31T18:20:07.719Z","age":7},"phone":"04-312-390","cell":"048-342-35-50","id":{"name":"HETU","value":"NaNNA396undefined"},"picture":{"large":"https://randomuser.me/api/portraits/women/57.jpg","medium":"https://randomuser.me/api/portraits/med/women/57.jpg","thumbnail":"https://randomuser.me/api/portraits/thumb/women/57.jpg"},"nat":"FI"}],"info":{"seed":"98b6230ff246a108","results":1,"page":1,"version":"1.4"}} 
 </msg>
<msg time="2024-03-20T16:38:59.309125" level="INFO">/opt/hostedtoolcache/Python/3.12.2/x64/lib/python3.12/site-packages/urllib3/connectionpool.py:1103: InsecureRequestWarning: Unverified HTTPS request is being made to host 'randomuser.me'. Adding certificate verification is strongly advised. See: https://urllib3.readthedocs.io/en/latest/advanced-usage.html#tls-warnings
  warnings.warn(</msg>
<msg time="2024-03-20T16:38:59.309240" level="INFO">${response} = &lt;Response [200]&gt;</msg>
<var>${response}</var>
<arg>consultarAPI</arg>
<arg>/api</arg>
<doc>Sends a GET request on a previously created HTTP Session.</doc>
<status status="PASS" start="2024-03-20T16:38:59.210528" elapsed="0.098755"/>
</kw>
<kw name="Set Variable" owner="BuiltIn">
<msg time="2024-03-20T16:38:59.310197" level="INFO">${json_data} = {'results': [{'gender': 'female', 'name': {'title': 'Ms', 'first': 'Oona', 'last': 'Halla'}, 'location': {'street': {'number': 5948, 'name': 'Bulevardi'}, 'city': 'Ylitornio', 'state': 'Uusimaa', 'cou...</msg>
<var>${json_data}</var>
<arg>${response.json()}</arg>
<doc>Returns the given values which can then be assigned to a variables.</doc>
<status status="PASS" start="2024-03-20T16:38:59.309725" elapsed="0.000500"/>
</kw>
<kw name="Log" owner="BuiltIn">
<msg time="2024-03-20T16:38:59.310684" level="INFO">{'results': [{'gender': 'female', 'name': {'title': 'Ms', 'first': 'Oona', 'last': 'Halla'}, 'location': {'street': {'number': 5948, 'name': 'Bulevardi'}, 'city': 'Ylitornio', 'state': 'Uusimaa', 'country': 'Finland', 'postcode': 81468, 'coordinates': {'latitude': '-25.4564', 'longitude': '15.5485'}, 'timezone': {'offset': '+10:00', 'description': 'Eastern Australia, Guam, Vladivostok'}}, 'email': 'oona.halla@example.com', 'login': {'uuid': 'b1df91ff-cfa9-4b0c-afc8-573b946344e0', 'username': 'orangefrog534', 'password': 'rugger', 'salt': '8PKTaWQ8', 'md5': '7831e065d0fa651bb5fc3f85a8d8c6ec', 'sha1': 'c794b62690c0288432ed76a60f56ab5fdc0044e6', 'sha256': 'efb58978fd3b8b3efff6259ac92962d5b302e0ed9f9635c99eb38bf3cb95ecc3'}, 'dob': {'date': '1957-03-03T22:05:50.825Z', 'age': 67}, 'registered': {'date': '2017-01-31T18:20:07.719Z', 'age': 7}, 'phone': '04-312-390', 'cell': '048-342-35-50', 'id': {'name': 'HETU', 'value': 'NaNNA396undefined'}, 'picture': {'large': 'https://randomuser.me/api/portraits/women/57.jpg', 'medium': 'https://randomuser.me/api/portraits/med/women/57.jpg', 'thumbnail': 'https://randomuser.me/api/portraits/thumb/women/57.jpg'}, 'nat': 'FI'}], 'info': {'seed': '98b6230ff246a108', 'results': 1, 'page': 1, 'version': '1.4'}}</msg>
<arg>${json_data}</arg>
<doc>Logs the given message with the given level.</doc>
<status status="PASS" start="2024-03-20T16:38:59.310530" elapsed="0.000202"/>
</kw>
<kw name="Dictionary Should Contain Key" owner="Collections">
<msg time="2024-03-20T16:38:59.311215" level="INFO">False</msg>
<arg>${json_data}</arg>
<arg>results</arg>
<doc>Fails if ``key`` is not found from ``dictionary``.</doc>
<status status="PASS" start="2024-03-20T16:38:59.311025" elapsed="0.000229"/>
</kw>
<kw name="Should Not Be Empty" owner="BuiltIn">
<msg time="2024-03-20T16:38:59.311676" level="INFO">Length is 2.</msg>
<arg>${json_data}</arg>
<doc>Verifies that the given item is not empty.</doc>
<status status="PASS" start="2024-03-20T16:38:59.311544" elapsed="0.000170"/>
</kw>
<kw name="Create List" owner="BuiltIn">
<msg time="2024-03-20T16:38:59.312147" level="INFO">${expected_keys} = ['gender', 'name', 'location', 'email', 'login']</msg>
<var>${expected_keys}</var>
<arg>gender</arg>
<arg>name</arg>
<arg>location</arg>
<arg>email</arg>
<arg>login</arg>
<doc>Returns a list containing given items.</doc>
<status status="PASS" start="2024-03-20T16:38:59.311993" elapsed="0.000178"/>
</kw>
<for flavor="IN">
<iter>
<kw name="Dictionary Should Contain Key" owner="Collections">
<msg time="2024-03-20T16:38:59.313145" level="INFO">False</msg>
<arg>${json_data['results'][0]}</arg>
<arg>${key}</arg>
<doc>Fails if ``key`` is not found from ``dictionary``.</doc>
<status status="PASS" start="2024-03-20T16:38:59.312748" elapsed="0.000436"/>
</kw>
<kw name="Log" owner="BuiltIn">
<msg time="2024-03-20T16:38:59.313849" level="INFO">{'gender': 'female', 'name': {'title': 'Ms', 'first': 'Oona', 'last': 'Halla'}, 'location': {'street': {'number': 5948, 'name': 'Bulevardi'}, 'city': 'Ylitornio', 'state': 'Uusimaa', 'country': 'Finland', 'postcode': 81468, 'coordinates': {'latitude': '-25.4564', 'longitude': '15.5485'}, 'timezone': {'offset': '+10:00', 'description': 'Eastern Australia, Guam, Vladivostok'}}, 'email': 'oona.halla@example.com', 'login': {'uuid': 'b1df91ff-cfa9-4b0c-afc8-573b946344e0', 'username': 'orangefrog534', 'password': 'rugger', 'salt': '8PKTaWQ8', 'md5': '7831e065d0fa651bb5fc3f85a8d8c6ec', 'sha1': 'c794b62690c0288432ed76a60f56ab5fdc0044e6', 'sha256': 'efb58978fd3b8b3efff6259ac92962d5b302e0ed9f9635c99eb38bf3cb95ecc3'}, 'dob': {'date': '1957-03-03T22:05:50.825Z', 'age': 67}, 'registered': {'date': '2017-01-31T18:20:07.719Z', 'age': 7}, 'phone': '04-312-390', 'cell': '048-342-35-50', 'id': {'name': 'HETU', 'value': 'NaNNA396undefined'}, 'picture': {'large': 'https://randomuser.me/api/portraits/women/57.jpg', 'medium': 'https://randomuser.me/api/portraits/med/women/57.jpg', 'thumbnail': 'https://randomuser.me/api/portraits/thumb/women/57.jpg'}, 'nat': 'FI'}</msg>
<arg>${json_data['results'][0]}</arg>
<doc>Logs the given message with the given level.</doc>
<status status="PASS" start="2024-03-20T16:38:59.313477" elapsed="0.000420"/>
</kw>
<kw name="Log" owner="BuiltIn">
<msg time="2024-03-20T16:38:59.314321" level="INFO">gender</msg>
<arg>${key}</arg>
<doc>Logs the given message with the given level.</doc>
<status status="PASS" start="2024-03-20T16:38:59.314193" elapsed="0.000166"/>
</kw>
<var name="${key}">gender</var>
<status status="PASS" start="2024-03-20T16:38:59.312631" elapsed="0.001943"/>
</iter>
<iter>
<kw name="Dictionary Should Contain Key" owner="Collections">
<msg time="2024-03-20T16:38:59.315278" level="INFO">False</msg>
<arg>${json_data['results'][0]}</arg>
<arg>${key}</arg>
<doc>Fails if ``key`` is not found from ``dictionary``.</doc>
<status status="PASS" start="2024-03-20T16:38:59.314874" elapsed="0.000442"/>
</kw>
<kw name="Log" owner="BuiltIn">
<msg time="2024-03-20T16:38:59.315991" level="INFO">{'gender': 'female', 'name': {'title': 'Ms', 'first': 'Oona', 'last': 'Halla'}, 'location': {'street': {'number': 5948, 'name': 'Bulevardi'}, 'city': 'Ylitornio', 'state': 'Uusimaa', 'country': 'Finland', 'postcode': 81468, 'coordinates': {'latitude': '-25.4564', 'longitude': '15.5485'}, 'timezone': {'offset': '+10:00', 'description': 'Eastern Australia, Guam, Vladivostok'}}, 'email': 'oona.halla@example.com', 'login': {'uuid': 'b1df91ff-cfa9-4b0c-afc8-573b946344e0', 'username': 'orangefrog534', 'password': 'rugger', 'salt': '8PKTaWQ8', 'md5': '7831e065d0fa651bb5fc3f85a8d8c6ec', 'sha1': 'c794b62690c0288432ed76a60f56ab5fdc0044e6', 'sha256': 'efb58978fd3b8b3efff6259ac92962d5b302e0ed9f9635c99eb38bf3cb95ecc3'}, 'dob': {'date': '1957-03-03T22:05:50.825Z', 'age': 67}, 'registered': {'date': '2017-01-31T18:20:07.719Z', 'age': 7}, 'phone': '04-312-390', 'cell': '048-342-35-50', 'id': {'name': 'HETU', 'value': 'NaNNA396undefined'}, 'picture': {'large': 'https://randomuser.me/api/portraits/women/57.jpg', 'medium': 'https://randomuser.me/api/portraits/med/women/57.jpg', 'thumbnail': 'https://randomuser.me/api/portraits/thumb/women/57.jpg'}, 'nat': 'FI'}</msg>
<arg>${json_data['results'][0]}</arg>
<doc>Logs the given message with the given level.</doc>
<status status="PASS" start="2024-03-20T16:38:59.315630" elapsed="0.000408"/>
</kw>
<kw name="Log" owner="BuiltIn">
<msg time="2024-03-20T16:38:59.316452" level="INFO">name</msg>
<arg>${key}</arg>
<doc>Logs the given message with the given level.</doc>
<status status="PASS" start="2024-03-20T16:38:59.316325" elapsed="0.000164"/>
</kw>
<var name="${key}">name</var>
<status status="PASS" start="2024-03-20T16:38:59.314759" elapsed="0.001943"/>
</iter>
<iter>
<kw name="Dictionary Should Contain Key" owner="Collections">
<msg time="2024-03-20T16:38:59.317371" level="INFO">False</msg>
<arg>${json_data['results'][0]}</arg>
<arg>${key}</arg>
<doc>Fails if ``key`` is not found from ``dictionary``.</doc>
<status status="PASS" start="2024-03-20T16:38:59.316988" elapsed="0.000534"/>
</kw>
<kw name="Log" owner="BuiltIn">
<msg time="2024-03-20T16:38:59.318186" level="INFO">{'gender': 'female', 'name': {'title': 'Ms', 'first': 'Oona', 'last': 'Halla'}, 'location': {'street': {'number': 5948, 'name': 'Bulevardi'}, 'city': 'Ylitornio', 'state': 'Uusimaa', 'country': 'Finland', 'postcode': 81468, 'coordinates': {'latitude': '-25.4564', 'longitude': '15.5485'}, 'timezone': {'offset': '+10:00', 'description': 'Eastern Australia, Guam, Vladivostok'}}, 'email': 'oona.halla@example.com', 'login': {'uuid': 'b1df91ff-cfa9-4b0c-afc8-573b946344e0', 'username': 'orangefrog534', 'password': 'rugger', 'salt': '8PKTaWQ8', 'md5': '7831e065d0fa651bb5fc3f85a8d8c6ec', 'sha1': 'c794b62690c0288432ed76a60f56ab5fdc0044e6', 'sha256': 'efb58978fd3b8b3efff6259ac92962d5b302e0ed9f9635c99eb38bf3cb95ecc3'}, 'dob': {'date': '1957-03-03T22:05:50.825Z', 'age': 67}, 'registered': {'date': '2017-01-31T18:20:07.719Z', 'age': 7}, 'phone': '04-312-390', 'cell': '048-342-35-50', 'id': {'name': 'HETU', 'value': 'NaNNA396undefined'}, 'picture': {'large': 'https://randomuser.me/api/portraits/women/57.jpg', 'medium': 'https://randomuser.me/api/portraits/med/women/57.jpg', 'thumbnail': 'https://randomuser.me/api/portraits/thumb/women/57.jpg'}, 'nat': 'FI'}</msg>
<arg>${json_data['results'][0]}</arg>
<doc>Logs the given message with the given level.</doc>
<status status="PASS" start="2024-03-20T16:38:59.317816" elapsed="0.000418"/>
</kw>
<kw name="Log" owner="BuiltIn">
<msg time="2024-03-20T16:38:59.318653" level="INFO">location</msg>
<arg>${key}</arg>
<doc>Logs the given message with the given level.</doc>
<status status="PASS" start="2024-03-20T16:38:59.318525" elapsed="0.000166"/>
</kw>
<var name="${key}">location</var>
<status status="PASS" start="2024-03-20T16:38:59.316879" elapsed="0.002031"/>
</iter>
<iter>
<kw name="Dictionary Should Contain Key" owner="Collections">
<msg time="2024-03-20T16:38:59.319606" level="INFO">False</msg>
<arg>${json_data['results'][0]}</arg>
<arg>${key}</arg>
<doc>Fails if ``key`` is not found from ``dictionary``.</doc>
<status status="PASS" start="2024-03-20T16:38:59.319225" elapsed="0.000418"/>
</kw>
<kw name="Log" owner="BuiltIn">
<msg time="2024-03-20T16:38:59.320302" level="INFO">{'gender': 'female', 'name': {'title': 'Ms', 'first': 'Oona', 'last': 'Halla'}, 'location': {'street': {'number': 5948, 'name': 'Bulevardi'}, 'city': 'Ylitornio', 'state': 'Uusimaa', 'country': 'Finland', 'postcode': 81468, 'coordinates': {'latitude': '-25.4564', 'longitude': '15.5485'}, 'timezone': {'offset': '+10:00', 'description': 'Eastern Australia, Guam, Vladivostok'}}, 'email': 'oona.halla@example.com', 'login': {'uuid': 'b1df91ff-cfa9-4b0c-afc8-573b946344e0', 'username': 'orangefrog534', 'password': 'rugger', 'salt': '8PKTaWQ8', 'md5': '7831e065d0fa651bb5fc3f85a8d8c6ec', 'sha1': 'c794b62690c0288432ed76a60f56ab5fdc0044e6', 'sha256': 'efb58978fd3b8b3efff6259ac92962d5b302e0ed9f9635c99eb38bf3cb95ecc3'}, 'dob': {'date': '1957-03-03T22:05:50.825Z', 'age': 67}, 'registered': {'date': '2017-01-31T18:20:07.719Z', 'age': 7}, 'phone': '04-312-390', 'cell': '048-342-35-50', 'id': {'name': 'HETU', 'value': 'NaNNA396undefined'}, 'picture': {'large': 'https://randomuser.me/api/portraits/women/57.jpg', 'medium': 'https://randomuser.me/api/portraits/med/women/57.jpg', 'thumbnail': 'https://randomuser.me/api/portraits/thumb/women/57.jpg'}, 'nat': 'FI'}</msg>
<arg>${json_data['results'][0]}</arg>
<doc>Logs the given message with the given level.</doc>
<status status="PASS" start="2024-03-20T16:38:59.319936" elapsed="0.000414"/>
</kw>
<kw name="Log" owner="BuiltIn">
<msg time="2024-03-20T16:38:59.320767" level="INFO">email</msg>
<arg>${key}</arg>
<doc>Logs the given message with the given level.</doc>
<status status="PASS" start="2024-03-20T16:38:59.320637" elapsed="0.000169"/>
</kw>
<var name="${key}">email</var>
<status status="PASS" start="2024-03-20T16:38:59.319085" elapsed="0.001938"/>
</iter>
<iter>
<kw name="Dictionary Should Contain Key" owner="Collections">
<msg time="2024-03-20T16:38:59.321690" level="INFO">False</msg>
<arg>${json_data['results'][0]}</arg>
<arg>${key}</arg>
<doc>Fails if ``key`` is not found from ``dictionary``.</doc>
<status status="PASS" start="2024-03-20T16:38:59.321303" elapsed="0.000425"/>
</kw>
<kw name="Log" owner="BuiltIn">
<msg time="2024-03-20T16:38:59.322388" level="INFO">{'gender': 'female', 'name': {'title': 'Ms', 'first': 'Oona', 'last': 'Halla'}, 'location': {'street': {'number': 5948, 'name': 'Bulevardi'}, 'city': 'Ylitornio', 'state': 'Uusimaa', 'country': 'Finland', 'postcode': 81468, 'coordinates': {'latitude': '-25.4564', 'longitude': '15.5485'}, 'timezone': {'offset': '+10:00', 'description': 'Eastern Australia, Guam, Vladivostok'}}, 'email': 'oona.halla@example.com', 'login': {'uuid': 'b1df91ff-cfa9-4b0c-afc8-573b946344e0', 'username': 'orangefrog534', 'password': 'rugger', 'salt': '8PKTaWQ8', 'md5': '7831e065d0fa651bb5fc3f85a8d8c6ec', 'sha1': 'c794b62690c0288432ed76a60f56ab5fdc0044e6', 'sha256': 'efb58978fd3b8b3efff6259ac92962d5b302e0ed9f9635c99eb38bf3cb95ecc3'}, 'dob': {'date': '1957-03-03T22:05:50.825Z', 'age': 67}, 'registered': {'date': '2017-01-31T18:20:07.719Z', 'age': 7}, 'phone': '04-312-390', 'cell': '048-342-35-50', 'id': {'name': 'HETU', 'value': 'NaNNA396undefined'}, 'picture': {'large': 'https://randomuser.me/api/portraits/women/57.jpg', 'medium': 'https://randomuser.me/api/portraits/med/women/57.jpg', 'thumbnail': 'https://randomuser.me/api/portraits/thumb/women/57.jpg'}, 'nat': 'FI'}</msg>
<arg>${json_data['results'][0]}</arg>
<doc>Logs the given message with the given level.</doc>
<status status="PASS" start="2024-03-20T16:38:59.322021" elapsed="0.000414"/>
</kw>
<kw name="Log" owner="BuiltIn">
<msg time="2024-03-20T16:38:59.322854" level="INFO">login</msg>
<arg>${key}</arg>
<doc>Logs the given message with the given level.</doc>
<status status="PASS" start="2024-03-20T16:38:59.322727" elapsed="0.000166"/>
</kw>
<var name="${key}">login</var>
<status status="PASS" start="2024-03-20T16:38:59.321200" elapsed="0.001954"/>
</iter>
<var>${key}</var>
<value>@{expected_keys}</value>
<status status="PASS" start="2024-03-20T16:38:59.312434" elapsed="0.010851"/>
</for>
<kw name="Create List" owner="BuiltIn">
<msg time="2024-03-20T16:38:59.323609" level="INFO">${expected_keysTwo} = ['username', 'password']</msg>
<var>${expected_keysTwo}</var>
<arg>username</arg>
<arg>password</arg>
<doc>Returns a list containing given items.</doc>
<status status="PASS" start="2024-03-20T16:38:59.323472" elapsed="0.000160"/>
</kw>
<for flavor="IN">
<iter>
<kw name="Dictionary Should Contain Key" owner="Collections">
<msg time="2024-03-20T16:38:59.324512" level="INFO">False</msg>
<arg>${json_data['results'][0]['login']}</arg>
<arg>${keyTwo}</arg>
<doc>Fails if ``key`` is not found from ``dictionary``.</doc>
<status status="PASS" start="2024-03-20T16:38:59.324125" elapsed="0.000425"/>
</kw>
<kw name="Dictionary Should Contain Key" owner="Collections">
<msg time="2024-03-20T16:38:59.325222" level="INFO">False</msg>
<arg>${json_data['results'][0]['login']}</arg>
<arg>${keyTwo}</arg>
<doc>Fails if ``key`` is not found from ``dictionary``.</doc>
<status status="PASS" start="2024-03-20T16:38:59.324840" elapsed="0.000421"/>
</kw>
<kw name="Log" owner="BuiltIn">
<msg time="2024-03-20T16:38:59.325675" level="INFO">username</msg>
<arg>${keyTwo}</arg>
<doc>Logs the given message with the given level.</doc>
<status status="PASS" start="2024-03-20T16:38:59.325548" elapsed="0.000164"/>
</kw>
<var name="${keyTwo}">username</var>
<status status="PASS" start="2024-03-20T16:38:59.324023" elapsed="0.001920"/>
</iter>
<iter>
<kw name="Dictionary Should Contain Key" owner="Collections">
<msg time="2024-03-20T16:38:59.326607" level="INFO">False</msg>
<arg>${json_data['results'][0]['login']}</arg>
<arg>${keyTwo}</arg>
<doc>Fails if ``key`` is not found from ``dictionary``.</doc>
<status status="PASS" start="2024-03-20T16:38:59.326220" elapsed="0.000426"/>
</kw>
<kw name="Dictionary Should Contain Key" owner="Collections">
<msg time="2024-03-20T16:38:59.327353" level="INFO">False</msg>
<arg>${json_data['results'][0]['login']}</arg>
<arg>${keyTwo}</arg>
<doc>Fails if ``key`` is not found from ``dictionary``.</doc>
<status status="PASS" start="2024-03-20T16:38:59.326936" elapsed="0.000455"/>
</kw>
<kw name="Log" owner="BuiltIn">
<msg time="2024-03-20T16:38:59.327800" level="INFO">password</msg>
<arg>${keyTwo}</arg>
<doc>Logs the given message with the given level.</doc>
<status status="PASS" start="2024-03-20T16:38:59.327674" elapsed="0.000163"/>
</kw>
<var name="${keyTwo}">password</var>
<status status="PASS" start="2024-03-20T16:38:59.326117" elapsed="0.001935"/>
</iter>
<var>${keyTwo}</var>
<value>@{expected_keysTwo}</value>
<status status="PASS" start="2024-03-20T16:38:59.323870" elapsed="0.004311"/>
</for>
<status status="PASS" start="2024-03-20T16:38:59.210296" elapsed="0.118025"/>
</kw>
<doc>Testa a estrutura da resposta da API.</doc>
<tag>testeEstruturaResposta</tag>
<status status="PASS" start="2024-03-20T16:38:59.209686" elapsed="0.118795"/>
</test>
<test id="s1-s1-t4" name="Validar tipos de dados" line="39">
<kw name="Teste de Tipos de Dados">
<kw name="GET On Session" owner="RequestsLibrary">
<msg time="2024-03-20T16:38:59.405448" level="INFO">GET Request : url=https://randomuser.me/api 
 path_url=/api 
 headers={'User-Agent': 'python-requests/2.31.0', 'Accept-Encoding': 'gzip, deflate', 'Accept': '*/*', 'Connection': 'keep-alive'} 
 body=None 
 </msg>
<msg time="2024-03-20T16:38:59.405531" level="INFO">GET Response : url=https://randomuser.me/api 
 status=200, reason=OK 
 headers={'Date': 'Wed, 20 Mar 2024 16:38:59 GMT', 'Content-Type': 'application/json; charset=utf-8', 'Transfer-Encoding': 'chunked', 'Connection': 'keep-alive', 'X-Powered-By': 'Express', 'Access-Control-Allow-Origin': '*', 'Cache-Control': 'no-cache', 'ETag': 'W/"495-kcQYm5ysAc9AKMiDjbUbhyOTs6A"', 'Vary': 'Accept-Encoding', 'Content-Encoding': 'gzip', 'CF-Cache-Status': 'DYNAMIC', 'Report-To': '{"endpoints":[{"url":"https:\\/\\/a.nel.cloudflare.com\\/report\\/v4?s=U5ZKZ1EYBDpwSwmE6nuoluMD4xb3cnFwiYx230uDLs5XNIzjOifA4bVT%2BwcNjCJOPpiIn%2BgcebpuHkmgELgV8rS4Su1rdMxCPOodPvFIOTqRbqGZVluNEFJkx8twhOWM"}],"group":"cf-nel","max_age":604800}', 'NEL': '{"success_fraction":0,"report_to":"cf-nel","max_age":604800}', 'Server': 'cloudflare', 'CF-RAY': '867722bcc82a620b-ORD', 'alt-svc': 'h3=":443"; ma=86400'} 
 body={"results":[{"gender":"male","name":{"title":"Mr","first":"Zaido","last":"Porto"},"location":{"street":{"number":1046,"name":"Rua São Luiz "},"city":"Camaçari","state":"Tocantins","country":"Brazil","postcode":88552,"coordinates":{"latitude":"-74.6501","longitude":"-151.7753"},"timezone":{"offset":"+11:00","description":"Magadan, Solomon Islands, New Caledonia"}},"email":"zaido.porto@example.com","login":{"uuid":"fcf1c2fd-f172-4826-af05-fdfa17df4ac3","username":"angrygoose945","password":"xing","salt":"9gBjHjxh","md5":"3e3152a94f1a95f0442824356e7c2163","sha1":"a341fef83c377df2136d8d825869fa432a558387","sha256":"841bdc43de3c1a1573a9f6aa61afa010ef678d76e1a14e6986d00bf664f435cc"},"dob":{"date":"1992-02-29T06:28:14.399Z","age":32},"registered":{"date":"2021-07-13T07:49:02.787Z","age":2},"phone":"(04) 8926-7225","cell":"(24) 0434-5778","id":{"name":"CPF","value":"085.790.184-48"},"picture":{"large":"https://randomuser.me/api/portraits/men/68.jpg","medium":"https://randomuser.me/api/portraits/med/men/68.jpg","thumbnail":"https://randomuser.me/api/portraits/thumb/men/68.jpg"},"nat":"BR"}],"info":{"seed":"7e51b7b1690e2ce1","results":1,"page":1,"version":"1.4"}} 
 </msg>
<msg time="2024-03-20T16:38:59.405601" level="INFO">/opt/hostedtoolcache/Python/3.12.2/x64/lib/python3.12/site-packages/urllib3/connectionpool.py:1103: InsecureRequestWarning: Unverified HTTPS request is being made to host 'randomuser.me'. Adding certificate verification is strongly advised. See: https://urllib3.readthedocs.io/en/latest/advanced-usage.html#tls-warnings
  warnings.warn(</msg>
<msg time="2024-03-20T16:38:59.405732" level="INFO">${response} = &lt;Response [200]&gt;</msg>
<var>${response}</var>
<arg>consultarAPI</arg>
<arg>/api</arg>
<doc>Sends a GET request on a previously created HTTP Session.</doc>
<status status="PASS" start="2024-03-20T16:38:59.331029" elapsed="0.074756"/>
</kw>
<kw name="Set Variable" owner="BuiltIn">
<msg time="2024-03-20T16:38:59.406703" level="INFO">${json_data} = {'results': [{'gender': 'male', 'name': {'title': 'Mr', 'first': 'Zaido', 'last': 'Porto'}, 'location': {'street': {'number': 1046, 'name': 'Rua São Luiz '}, 'city': 'Camaçari', 'state': 'Tocantins', ...</msg>
<var>${json_data}</var>
<arg>${response.json()}</arg>
<doc>Returns the given values which can then be assigned to a variables.</doc>
<status status="PASS" start="2024-03-20T16:38:59.406212" elapsed="0.000521"/>
</kw>
<kw name="Log" owner="BuiltIn">
<msg time="2024-03-20T16:38:59.407243" level="INFO">{'results': [{'gender': 'male', 'name': {'title': 'Mr', 'first': 'Zaido', 'last': 'Porto'}, 'location': {'street': {'number': 1046, 'name': 'Rua São Luiz '}, 'city': 'Camaçari', 'state': 'Tocantins', 'country': 'Brazil', 'postcode': 88552, 'coordinates': {'latitude': '-74.6501', 'longitude': '-151.7753'}, 'timezone': {'offset': '+11:00', 'description': 'Magadan, Solomon Islands, New Caledonia'}}, 'email': 'zaido.porto@example.com', 'login': {'uuid': 'fcf1c2fd-f172-4826-af05-fdfa17df4ac3', 'username': 'angrygoose945', 'password': 'xing', 'salt': '9gBjHjxh', 'md5': '3e3152a94f1a95f0442824356e7c2163', 'sha1': 'a341fef83c377df2136d8d825869fa432a558387', 'sha256': '841bdc43de3c1a1573a9f6aa61afa010ef678d76e1a14e6986d00bf664f435cc'}, 'dob': {'date': '1992-02-29T06:28:14.399Z', 'age': 32}, 'registered': {'date': '2021-07-13T07:49:02.787Z', 'age': 2}, 'phone': '(04) 8926-7225', 'cell': '(24) 0434-5778', 'id': {'name': 'CPF', 'value': '085.790.184-48'}, 'picture': {'large': 'https://randomuser.me/api/portraits/men/68.jpg', 'medium': 'https://randomuser.me/api/portraits/med/men/68.jpg', 'thumbnail': 'https://randomuser.me/api/portraits/thumb/men/68.jpg'}, 'nat': 'BR'}], 'info': {'seed': '7e51b7b1690e2ce1', 'results': 1, 'page': 1, 'version': '1.4'}}</msg>
<arg>${json_data}</arg>
<doc>Logs the given message with the given level.</doc>
<status status="PASS" start="2024-03-20T16:38:59.407044" elapsed="0.000284"/>
</kw>
<kw name="Should Be String" owner="String">
<arg>${json_data['results'][0]['gender']}</arg>
<doc>Fails if the given ``item`` is not a string.</doc>
<status status="PASS" start="2024-03-20T16:38:59.407631" elapsed="0.000373"/>
</kw>
<kw name="Should Match Regexp" owner="BuiltIn">
<arg>${json_data['results'][0]['email']}</arg>
<arg>^[a-zA-Z0-9._%+-]+@[a-zA-Z0-9.-]+\.[a-zA-Z]{2,}$</arg>
<doc>Fails if ``string`` does not match ``pattern`` as a regular expression.</doc>
<status status="PASS" start="2024-03-20T16:38:59.408196" elapsed="0.000656"/>
</kw>
<kw name="Should Match Regexp" owner="BuiltIn">
<arg>${json_data['results'][0]['dob']['date']}</arg>
<arg>\\d{4}-\\d{2}-\\d{2}T\\d{2}:\\d{2}:\\d{2}\\.\\d{3}Z</arg>
<doc>Fails if ``string`` does not match ``pattern`` as a regular expression.</doc>
<status status="PASS" start="2024-03-20T16:38:59.409051" elapsed="0.000496"/>
</kw>
<kw name="Should Match Regexp" owner="BuiltIn">
<arg>${json_data['results'][0]['registered']['date']}</arg>
<arg>\\d{4}-\\d{2}-\\d{2}T\\d{2}:\\d{2}:\\d{2}\\.\\d{3}Z</arg>
<doc>Fails if ``string`` does not match ``pattern`` as a regular expression.</doc>
<status status="PASS" start="2024-03-20T16:38:59.409738" elapsed="0.000379"/>
</kw>
<kw name="Should Match Regexp" owner="BuiltIn">
<arg>${json_data['results'][0]['picture']['large']}</arg>
<arg>^https?://.*\.(?:png|jpe?g|gif|bmp)$</arg>
<doc>Fails if ``string`` does not match ``pattern`` as a regular expression.</doc>
<status status="PASS" start="2024-03-20T16:38:59.410300" elapsed="0.000467"/>
</kw>
<kw name="Should Match Regexp" owner="BuiltIn">
<arg>${json_data['results'][0]['picture']['medium']}</arg>
<arg>^https?://.*\.(?:png|jpe?g|gif|bmp)$</arg>
<doc>Fails if ``string`` does not match ``pattern`` as a regular expression.</doc>
<status status="PASS" start="2024-03-20T16:38:59.410953" elapsed="0.000397"/>
</kw>
<kw name="Should Match Regexp" owner="BuiltIn">
<arg>${json_data['results'][0]['picture']['thumbnail']}</arg>
<arg>^https?://.*\.(?:png|jpe?g|gif|bmp)$</arg>
<doc>Fails if ``string`` does not match ``pattern`` as a regular expression.</doc>
<status status="PASS" start="2024-03-20T16:38:59.411531" elapsed="0.000361"/>
</kw>
<kw name="Log" owner="BuiltIn">
<msg time="2024-03-20T16:38:59.412397" level="INFO">{'large': 'https://randomuser.me/api/portraits/men/68.jpg', 'medium': 'https://randomuser.me/api/portraits/med/men/68.jpg', 'thumbnail': 'https://randomuser.me/api/portraits/thumb/men/68.jpg'}</msg>
<arg>${json_data['results'][0]['picture']}</arg>
<doc>Logs the given message with the given level.</doc>
<status status="PASS" start="2024-03-20T16:38:59.412067" elapsed="0.000374"/>
</kw>
<status status="PASS" start="2024-03-20T16:38:59.330806" elapsed="0.081894"/>
</kw>
<kw name="Teste de Tipos de Dados - Postcode">
<kw name="GET On Session" owner="RequestsLibrary">
<msg time="2024-03-20T16:38:59.505459" level="INFO">GET Request : url=https://randomuser.me/api 
 path_url=/api 
 headers={'User-Agent': 'python-requests/2.31.0', 'Accept-Encoding': 'gzip, deflate', 'Accept': '*/*', 'Connection': 'keep-alive'} 
 body=None 
 </msg>
<msg time="2024-03-20T16:38:59.505535" level="INFO">GET Response : url=https://randomuser.me/api 
 status=200, reason=OK 
 headers={'Date': 'Wed, 20 Mar 2024 16:38:59 GMT', 'Content-Type': 'application/json; charset=utf-8', 'Transfer-Encoding': 'chunked', 'Connection': 'keep-alive', 'X-Powered-By': 'Express', 'Access-Control-Allow-Origin': '*', 'Cache-Control': 'no-cache', 'ETag': 'W/"488-JQqfhr6S7yqsrzd5scuyFE0yvSc"', 'Vary': 'Accept-Encoding', 'Content-Encoding': 'gzip', 'CF-Cache-Status': 'DYNAMIC', 'Report-To': '{"endpoints":[{"url":"https:\\/\\/a.nel.cloudflare.com\\/report\\/v4?s=WqvxTpgQAq6KbVRK1MEvf%2FLDjbNN4OZmPq9CWFLMviRt2SgGj1II1klO8NgcWY3yTZh5GTCzCb7ui6XEkMP0UylNjli4bFAtXTTi0EKlEc4m%2Bw7K3uabqkHSTHpodK2L"}],"group":"cf-nel","max_age":604800}', 'NEL': '{"success_fraction":0,"report_to":"cf-nel","max_age":604800}', 'Server': 'cloudflare', 'CF-RAY': '867722bd5910620b-ORD', 'alt-svc': 'h3=":443"; ma=86400'} 
 body={"results":[{"gender":"female","name":{"title":"Ms","first":"Nikhitha","last":"Sullad"},"location":{"street":{"number":8236,"name":"Kazimar St"},"city":"Singrauli","state":"Bihar","country":"India","postcode":37966,"coordinates":{"latitude":"9.2356","longitude":"41.9434"},"timezone":{"offset":"-3:00","description":"Brazil, Buenos Aires, Georgetown"}},"email":"nikhitha.sullad@example.com","login":{"uuid":"7ef5d6d1-4e12-4675-af5a-e4bf325aee55","username":"redswan364","password":"edward1","salt":"5eixCuk8","md5":"9564cd23a69eb485a2a92cdb1e6574ed","sha1":"fddf3354e29f7499684a0acfb7521f189c0ba0c6","sha256":"1132555c9fd2e978576232f8ad9f2350a899dfe00c1b89b27e46c7889a0358be"},"dob":{"date":"1986-10-22T22:00:53.124Z","age":37},"registered":{"date":"2021-03-31T03:44:42.421Z","age":2},"phone":"7369833497","cell":"8355554127","id":{"name":"UIDAI","value":"828391877293"},"picture":{"large":"https://randomuser.me/api/portraits/women/21.jpg","medium":"https://randomuser.me/api/portraits/med/women/21.jpg","thumbnail":"https://randomuser.me/api/portraits/thumb/women/21.jpg"},"nat":"IN"}],"info":{"seed":"e28fcb2f7db184df","results":1,"page":1,"version":"1.4"}} 
 </msg>
<msg time="2024-03-20T16:38:59.505599" level="INFO">/opt/hostedtoolcache/Python/3.12.2/x64/lib/python3.12/site-packages/urllib3/connectionpool.py:1103: InsecureRequestWarning: Unverified HTTPS request is being made to host 'randomuser.me'. Adding certificate verification is strongly advised. See: https://urllib3.readthedocs.io/en/latest/advanced-usage.html#tls-warnings
  warnings.warn(</msg>
<msg time="2024-03-20T16:38:59.505724" level="INFO">${response} = &lt;Response [200]&gt;</msg>
<var>${response}</var>
<arg>consultarAPI</arg>
<arg>/api</arg>
<doc>Sends a GET request on a previously created HTTP Session.</doc>
<status status="PASS" start="2024-03-20T16:38:59.413132" elapsed="0.092643"/>
</kw>
<kw name="Set Variable" owner="BuiltIn">
<msg time="2024-03-20T16:38:59.506672" level="INFO">${json_data} = {'results': [{'gender': 'female', 'name': {'title': 'Ms', 'first': 'Nikhitha', 'last': 'Sullad'}, 'location': {'street': {'number': 8236, 'name': 'Kazimar St'}, 'city': 'Singrauli', 'state': 'Bihar', ...</msg>
<var>${json_data}</var>
<arg>${response.json()}</arg>
<doc>Returns the given values which can then be assigned to a variables.</doc>
<status status="PASS" start="2024-03-20T16:38:59.506205" elapsed="0.000495"/>
</kw>
<kw name="Log" owner="BuiltIn">
<msg time="2024-03-20T16:38:59.507190" level="INFO">{'results': [{'gender': 'female', 'name': {'title': 'Ms', 'first': 'Nikhitha', 'last': 'Sullad'}, 'location': {'street': {'number': 8236, 'name': 'Kazimar St'}, 'city': 'Singrauli', 'state': 'Bihar', 'country': 'India', 'postcode': 37966, 'coordinates': {'latitude': '9.2356', 'longitude': '41.9434'}, 'timezone': {'offset': '-3:00', 'description': 'Brazil, Buenos Aires, Georgetown'}}, 'email': 'nikhitha.sullad@example.com', 'login': {'uuid': '7ef5d6d1-4e12-4675-af5a-e4bf325aee55', 'username': 'redswan364', 'password': 'edward1', 'salt': '5eixCuk8', 'md5': '9564cd23a69eb485a2a92cdb1e6574ed', 'sha1': 'fddf3354e29f7499684a0acfb7521f189c0ba0c6', 'sha256': '1132555c9fd2e978576232f8ad9f2350a899dfe00c1b89b27e46c7889a0358be'}, 'dob': {'date': '1986-10-22T22:00:53.124Z', 'age': 37}, 'registered': {'date': '2021-03-31T03:44:42.421Z', 'age': 2}, 'phone': '7369833497', 'cell': '8355554127', 'id': {'name': 'UIDAI', 'value': '828391877293'}, 'picture': {'large': 'https://randomuser.me/api/portraits/women/21.jpg', 'medium': 'https://randomuser.me/api/portraits/med/women/21.jpg', 'thumbnail': 'https://randomuser.me/api/portraits/thumb/women/21.jpg'}, 'nat': 'IN'}], 'info': {'seed': 'e28fcb2f7db184df', 'results': 1, 'page': 1, 'version': '1.4'}}</msg>
<arg>${json_data}</arg>
<doc>Logs the given message with the given level.</doc>
<status status="PASS" start="2024-03-20T16:38:59.507000" elapsed="0.000275"/>
</kw>
<kw name="Should Be Equal As Numbers" owner="BuiltIn">
<arg>${json_data['results'][0]['location']['postcode']}</arg>
<arg>${json_data['results'][0]['location']['postcode']}</arg>
<doc>Fails if objects are unequal after converting them to real numbers.</doc>
<status status="PASS" start="2024-03-20T16:38:59.507585" elapsed="0.000631"/>
</kw>
<kw name="Log" owner="BuiltIn">
<msg time="2024-03-20T16:38:59.508754" level="INFO">37966</msg>
<arg>${json_data['results'][0]['location']['postcode']}</arg>
<doc>Logs the given message with the given level.</doc>
<status status="PASS" start="2024-03-20T16:38:59.508411" elapsed="0.000384"/>
</kw>
<status status="PASS" start="2024-03-20T16:38:59.412914" elapsed="0.096135"/>
</kw>
<doc>Testa se os tipos de dados na resposta da API estão corretos.</doc>
<tag>testeTiposDados</tag>
<status status="PASS" start="2024-03-20T16:38:59.330254" elapsed="0.178965"/>
</test>
<test id="s1-s1-t5" name="Validar conteudo" line="46">
<kw name="Teste de Tipos de Conteudo">
<kw name="GET On Session" owner="RequestsLibrary">
<msg time="2024-03-20T16:38:59.610602" level="INFO">GET Request : url=https://randomuser.me/api 
 path_url=/api 
 headers={'User-Agent': 'python-requests/2.31.0', 'Accept-Encoding': 'gzip, deflate', 'Accept': '*/*', 'Connection': 'keep-alive'} 
 body=None 
 </msg>
<msg time="2024-03-20T16:38:59.610669" level="INFO">GET Response : url=https://randomuser.me/api 
 status=200, reason=OK 
 headers={'Date': 'Wed, 20 Mar 2024 16:38:59 GMT', 'Content-Type': 'application/json; charset=utf-8', 'Transfer-Encoding': 'chunked', 'Connection': 'keep-alive', 'X-Powered-By': 'Express', 'Access-Control-Allow-Origin': '*', 'Cache-Control': 'no-cache', 'ETag': 'W/"493-MWyBB8UDw9CIHvI/mbDfIsoSX08"', 'Vary': 'Accept-Encoding', 'Content-Encoding': 'gzip', 'CF-Cache-Status': 'DYNAMIC', 'Report-To': '{"endpoints":[{"url":"https:\\/\\/a.nel.cloudflare.com\\/report\\/v4?s=L2OF1NnSj0welW3Ph7buYxisoztZF77UD%2BKBcYhOroIaxXK3CsSDM0wmcNwmmCvQC0oac9qOS83n%2Fomi4rg0uP6wzrdkvmo2eiWzHH8bC6NJeFrnXuA%2FfqvCYOmElm2H"}],"group":"cf-nel","max_age":604800}', 'NEL': '{"success_fraction":0,"report_to":"cf-nel","max_age":604800}', 'Server': 'cloudflare', 'CF-RAY': '867722bdea0b620b-ORD', 'alt-svc': 'h3=":443"; ma=86400'} 
 body={"results":[{"gender":"male","name":{"title":"Mr","first":"Hudson","last":"French"},"location":{"street":{"number":3124,"name":"Charles St"},"city":"Chesterville","state":"Ontario","country":"Canada","postcode":"B7L 1D7","coordinates":{"latitude":"-66.9890","longitude":"-27.1299"},"timezone":{"offset":"+1:00","description":"Brussels, Copenhagen, Madrid, Paris"}},"email":"hudson.french@example.com","login":{"uuid":"647442ac-e4bf-4a20-bd24-91cd788de1c9","username":"blackelephant645","password":"skywalker","salt":"4sR9Oia0","md5":"f0e39fadfe9477b87b463e138c886cc3","sha1":"f0caf4ba80449bc151dd90c994273946bf1706c0","sha256":"64ff22d288099166ca71191ab9a8a99f54a6690ab862f2f15000e565654f1aa8"},"dob":{"date":"1951-07-30T05:08:07.189Z","age":72},"registered":{"date":"2018-07-10T00:59:24.390Z","age":5},"phone":"L55 W81-7650","cell":"T79 C64-7917","id":{"name":"SIN","value":"865258404"},"picture":{"large":"https://randomuser.me/api/portraits/men/81.jpg","medium":"https://randomuser.me/api/portraits/med/men/81.jpg","thumbnail":"https://randomuser.me/api/portraits/thumb/men/81.jpg"},"nat":"CA"}],"info":{"seed":"b5535a84c4d4879c","results":1,"page":1,"version":"1.4"}} 
 </msg>
<msg time="2024-03-20T16:38:59.610723" level="INFO">/opt/hostedtoolcache/Python/3.12.2/x64/lib/python3.12/site-packages/urllib3/connectionpool.py:1103: InsecureRequestWarning: Unverified HTTPS request is being made to host 'randomuser.me'. Adding certificate verification is strongly advised. See: https://urllib3.readthedocs.io/en/latest/advanced-usage.html#tls-warnings
  warnings.warn(</msg>
<msg time="2024-03-20T16:38:59.610829" level="INFO">${response} = &lt;Response [200]&gt;</msg>
<var>${response}</var>
<arg>consultarAPI</arg>
<arg>/api</arg>
<doc>Sends a GET request on a previously created HTTP Session.</doc>
<status status="PASS" start="2024-03-20T16:38:59.512005" elapsed="0.098867"/>
</kw>
<kw name="Set Variable" owner="BuiltIn">
<msg time="2024-03-20T16:38:59.611731" level="INFO">${json_data} = {'results': [{'gender': 'male', 'name': {'title': 'Mr', 'first': 'Hudson', 'last': 'French'}, 'location': {'street': {'number': 3124, 'name': 'Charles St'}, 'city': 'Chesterville', 'state': 'Ontario',...</msg>
<var>${json_data}</var>
<arg>${response.json()}</arg>
<doc>Returns the given values which can then be assigned to a variables.</doc>
<status status="PASS" start="2024-03-20T16:38:59.611270" elapsed="0.000488"/>
</kw>
<kw name="Set Variable" owner="BuiltIn">
<msg time="2024-03-20T16:38:59.612438" level="INFO">${name_title} = Mr</msg>
<var>${name_title}</var>
<arg>${json_data["results"][0]["name"]["title"]}</arg>
<doc>Returns the given values which can then be assigned to a variables.</doc>
<status status="PASS" start="2024-03-20T16:38:59.612053" elapsed="0.000410"/>
</kw>
<kw name="Create List" owner="BuiltIn">
<msg time="2024-03-20T16:38:59.612899" level="INFO">${allowed_titles} = ['Mr', 'Ms', 'Miss', 'Mrs', 'Madame', 'Monsieur']</msg>
<var>${allowed_titles}</var>
<arg>Mr</arg>
<arg>Ms</arg>
<arg>Miss</arg>
<arg>Mrs</arg>
<arg>Madame</arg>
<arg>Monsieur</arg>
<doc>Returns a list containing given items.</doc>
<status status="PASS" start="2024-03-20T16:38:59.612749" elapsed="0.000174"/>
</kw>
<kw name="List Should Contain Value" owner="Collections">
<msg time="2024-03-20T16:38:59.613394" level="INFO">False</msg>
<arg>${allowed_titles}</arg>
<arg>${name_title}</arg>
<doc>Fails if the ``value`` is not found from ``list``.</doc>
<status status="PASS" start="2024-03-20T16:38:59.613223" elapsed="0.000209"/>
</kw>
<kw name="Set Variable" owner="BuiltIn">
<msg time="2024-03-20T16:38:59.614097" level="INFO">${name_country} = CA</msg>
<var>${name_country}</var>
<arg>${json_data["results"][0]["nat"]}</arg>
<doc>Returns the given values which can then be assigned to a variables.</doc>
<status status="PASS" start="2024-03-20T16:38:59.613720" elapsed="0.000403"/>
</kw>
<kw name="Create List" owner="BuiltIn">
<msg time="2024-03-20T16:38:59.615030" level="INFO">${list_country} = ['AD', 'AE', 'AF', 'AG', 'AI', 'AL', 'AM', 'AO', 'AQ', 'AR', 'AS', 'AT', 'AU', 'AW', 'AX', 'AZ', 'BA', 'BB', 'BD', 'BE', 'BF', 'BG', 'BH', 'BI', 'BJ', 'BL', 'BM', 'BN', 'BO', 'BQ', 'BR', 'BS', 'BT', '...</msg>
<var>${list_country}</var>
<arg>AD</arg>
<arg>AE</arg>
<arg>AF</arg>
<arg>AG</arg>
<arg>AI</arg>
<arg>AL</arg>
<arg>AM</arg>
<arg>AO</arg>
<arg>AQ</arg>
<arg>AR</arg>
<arg>AS</arg>
<arg>AT</arg>
<arg>AU</arg>
<arg>AW</arg>
<arg>AX</arg>
<arg>AZ</arg>
<arg>BA</arg>
<arg>BB</arg>
<arg>BD</arg>
<arg>BE</arg>
<arg>BF</arg>
<arg>BG</arg>
<arg>BH</arg>
<arg>BI</arg>
<arg>BJ</arg>
<arg>BL</arg>
<arg>BM</arg>
<arg>BN</arg>
<arg>BO</arg>
<arg>BQ</arg>
<arg>BR</arg>
<arg>BS</arg>
<arg>BT</arg>
<arg>BV</arg>
<arg>BW</arg>
<arg>BY</arg>
<arg>BZ</arg>
<arg>CA</arg>
<arg>CC</arg>
<arg>CD</arg>
<arg>CF</arg>
<arg>CG</arg>
<arg>CH</arg>
<arg>CI</arg>
<arg>CK</arg>
<arg>CL</arg>
<arg>CM</arg>
<arg>CN</arg>
<arg>CO</arg>
<arg>CR</arg>
<arg>CU</arg>
<arg>CV</arg>
<arg>CW</arg>
<arg>CX</arg>
<arg>CY</arg>
<arg>CZ</arg>
<arg>DE</arg>
<arg>DJ</arg>
<arg>DK</arg>
<arg>DM</arg>
<arg>DO</arg>
<arg>DZ</arg>
<arg>EC</arg>
<arg>EE</arg>
<arg>EG</arg>
<arg>EH</arg>
<arg>ER</arg>
<arg>ES</arg>
<arg>ET</arg>
<arg>FI</arg>
<arg>FJ</arg>
<arg>FK</arg>
<arg>FM</arg>
<arg>FO</arg>
<arg>FR</arg>
<arg>GA</arg>
<arg>GB</arg>
<arg>GD</arg>
<arg>GE</arg>
<arg>GF</arg>
<arg>GG</arg>
<arg>GH</arg>
<arg>GI</arg>
<arg>GL</arg>
<arg>GM</arg>
<arg>GN</arg>
<arg>GP</arg>
<arg>GQ</arg>
<arg>GR</arg>
<arg>GS</arg>
<arg>GT</arg>
<arg>GU</arg>
<arg>GW</arg>
<arg>GY</arg>
<arg>HK</arg>
<arg>HM</arg>
<arg>HN</arg>
<arg>HR</arg>
<arg>HT</arg>
<arg>HU</arg>
<arg>ID</arg>
<arg>IE</arg>
<arg>IL</arg>
<arg>IM</arg>
<arg>IN</arg>
<arg>IO</arg>
<arg>IQ</arg>
<arg>IR</arg>
<arg>IS</arg>
<arg>IT</arg>
<arg>JE</arg>
<arg>JM</arg>
<arg>JO</arg>
<arg>JP</arg>
<arg>KE</arg>
<arg>KG</arg>
<arg>KH</arg>
<arg>KI</arg>
<arg>KM</arg>
<arg>KN</arg>
<arg>KP</arg>
<arg>KR</arg>
<arg>KW</arg>
<arg>KY</arg>
<arg>KZ</arg>
<arg>LA</arg>
<arg>LB</arg>
<arg>LC</arg>
<arg>LI</arg>
<arg>LK</arg>
<arg>LR</arg>
<arg>LS</arg>
<arg>LT</arg>
<arg>LU</arg>
<arg>LV</arg>
<arg>LY</arg>
<arg>MA</arg>
<arg>MC</arg>
<arg>MD</arg>
<arg>ME</arg>
<arg>MF</arg>
<arg>MG</arg>
<arg>MH</arg>
<arg>MK</arg>
<arg>ML</arg>
<arg>MM</arg>
<arg>MN</arg>
<arg>MO</arg>
<arg>MP</arg>
<arg>MQ</arg>
<arg>MR</arg>
<arg>MS</arg>
<arg>MT</arg>
<arg>MU</arg>
<arg>MV</arg>
<arg>MW</arg>
<arg>MX</arg>
<arg>MY</arg>
<arg>MZ</arg>
<arg>NA</arg>
<arg>NC</arg>
<arg>NE</arg>
<arg>NF</arg>
<arg>NG</arg>
<arg>NI</arg>
<arg>NL</arg>
<arg>NO</arg>
<arg>NP</arg>
<arg>NR</arg>
<arg>NU</arg>
<arg>NZ</arg>
<arg>OM</arg>
<arg>PA</arg>
<arg>PE</arg>
<arg>PF</arg>
<arg>PG</arg>
<arg>PH</arg>
<arg>PK</arg>
<arg>PL</arg>
<arg>PM</arg>
<arg>PN</arg>
<arg>PR</arg>
<arg>PS</arg>
<arg>PT</arg>
<arg>PW</arg>
<arg>PY</arg>
<arg>QA</arg>
<arg>RE</arg>
<arg>RO</arg>
<arg>RS</arg>
<arg>RU</arg>
<arg>RW</arg>
<arg>SA</arg>
<arg>SB</arg>
<arg>SC</arg>
<arg>SD</arg>
<arg>SE</arg>
<arg>SG</arg>
<arg>SH</arg>
<arg>SI</arg>
<arg>SJ</arg>
<arg>SK</arg>
<arg>SL</arg>
<arg>SM</arg>
<arg>SN</arg>
<arg>SO</arg>
<arg>SR</arg>
<arg>SS</arg>
<arg>ST</arg>
<arg>SV</arg>
<arg>SX</arg>
<arg>SY</arg>
<arg>SZ</arg>
<arg>TC</arg>
<arg>TD</arg>
<arg>TF</arg>
<arg>TG</arg>
<arg>TH</arg>
<arg>TJ</arg>
<arg>TK</arg>
<arg>TL</arg>
<arg>TM</arg>
<arg>TN</arg>
<arg>TO</arg>
<arg>TR</arg>
<arg>TT</arg>
<arg>TV</arg>
<arg>TW</arg>
<arg>TZ</arg>
<arg>UA</arg>
<arg>UG</arg>
<arg>UM</arg>
<arg>US</arg>
<arg>UY</arg>
<arg>UZ</arg>
<arg>VA</arg>
<arg>VC</arg>
<arg>VE</arg>
<arg>VG</arg>
<arg>VI</arg>
<arg>VN</arg>
<arg>VU</arg>
<arg>WF</arg>
<arg>WS</arg>
<arg>XK</arg>
<arg>YE</arg>
<arg>YT</arg>
<arg>ZA</arg>
<arg>ZM</arg>
<arg>ZW</arg>
<doc>Returns a list containing given items.</doc>
<status status="PASS" start="2024-03-20T16:38:59.614419" elapsed="0.000637"/>
</kw>
<kw name="List Should Contain Value" owner="Collections">
<msg time="2024-03-20T16:38:59.616257" level="INFO">False</msg>
<arg>${list_country}</arg>
<arg>${name_country}</arg>
<doc>Fails if the ``value`` is not found from ``list``.</doc>
<status status="PASS" start="2024-03-20T16:38:59.616052" elapsed="0.000243"/>
</kw>
<kw name="Run Keyword If" owner="BuiltIn">
<kw name="Should Be True" owner="BuiltIn">
<arg>${True}</arg>
<doc>Fails if the given condition is not true.</doc>
<status status="PASS" start="2024-03-20T16:38:59.617360" elapsed="0.000147"/>
</kw>
<arg>${json_data["results"][0]["location"]["coordinates"]["latitude"]} &gt;= -90 and ${json_data["results"][0]["location"]["coordinates"]["latitude"]} &lt;= 90</arg>
<arg>Should Be True</arg>
<arg>${True}</arg>
<doc>Runs the given keyword with the given arguments, if ``condition`` is true.</doc>
<status status="PASS" start="2024-03-20T16:38:59.616609" elapsed="0.001026"/>
</kw>
<kw name="Run Keyword If" owner="BuiltIn">
<kw name="Should Be True" owner="BuiltIn">
<arg>${True}</arg>
<doc>Fails if the given condition is not true.</doc>
<status status="PASS" start="2024-03-20T16:38:59.618520" elapsed="0.000138"/>
</kw>
<arg>${json_data["results"][0]["location"]["coordinates"]["longitude"]} &gt;= -180 and ${json_data["results"][0]["location"]["coordinates"]["longitude"]} &lt;= 180</arg>
<arg>Should Be True</arg>
<arg>${True}</arg>
<doc>Runs the given keyword with the given arguments, if ``condition`` is true.</doc>
<status status="PASS" start="2024-03-20T16:38:59.617815" elapsed="0.000969"/>
</kw>
<status status="PASS" start="2024-03-20T16:38:59.511783" elapsed="0.107131"/>
</kw>
<doc>Testa o conteúdo específico dos campos retornados pela API.</doc>
<tag>testeConteudo</tag>
<status status="PASS" start="2024-03-20T16:38:59.511273" elapsed="0.107792"/>
</test>
<status status="PASS" start="2024-03-20T16:38:58.585337" elapsed="1.035693"/>
</suite>
<status status="PASS" start="2024-03-20T16:38:58.571445" elapsed="1.054931"/>
</suite>
<statistics>
<total>
<stat pass="5" fail="0" skip="0">All Tests</stat>
</total>
<tag>
<stat pass="1" fail="0" skip="0">testeConteudo</stat>
<stat pass="1" fail="0" skip="0">testeEstruturaResposta</stat>
<stat pass="1" fail="0" skip="0">testeRequisicaoBasica</stat>
<stat pass="1" fail="0" skip="0">testeTiposDados</stat>
</tag>
<suite>
<stat pass="5" fail="0" skip="0" id="s1" name="Tests">Tests</stat>
<stat pass="5" fail="0" skip="0" id="s1-s1" name="Random-User-Test">Tests.Random-User-Test</stat>
</suite>
</statistics>
<errors>
</errors>
</robot>
