<?xml version="1.0" encoding="UTF-8"?>
<robot generator="Robot 7.0.1 (Python 3.12.4 on linux)" generated="2024-07-19T14:15:39.184745" rpa="false" schemaversion="5">
<suite id="s1" name="Tests" source="/home/runner/work/ApiRandomUser/ApiRandomUser/RamdonUser/tests">
<suite id="s1-s1" name="Random-User-Test" source="/home/runner/work/ApiRandomUser/ApiRandomUser/RamdonUser/tests/random-user-test.robot">
<test id="s1-s1-t1" name="Conectar" line="13">
<kw name="Conectar API" owner="random-user-service">
<kw name="Create Session" owner="RequestsLibrary">
<msg time="2024-07-19T14:15:39.683419" level="INFO">Creating Session using : alias=consultarAPI, url=https://randomuser.me/, headers={},                     cookies={}, auth=None, timeout=None, proxies=None, verify=False,                     debug=0 </msg>
<arg>consultarAPI</arg>
<arg>${URL}</arg>
<doc>Create Session: create a HTTP session to a server</doc>
<status status="PASS" start="2024-07-19T14:15:39.683214" elapsed="0.000410"/>
</kw>
<status status="PASS" start="2024-07-19T14:15:39.682122" elapsed="0.001880"/>
</kw>
<status status="PASS" start="2024-07-19T14:15:39.681502" elapsed="0.002692"/>
</test>
<test id="s1-s1-t2" name="Validar retorno 200 e JSON Válido" line="16">
<kw name="Teste de Requisicao Basica" owner="random-user-service">
<kw name="GET On Session" owner="RequestsLibrary">
<msg time="2024-07-19T14:15:39.948227" level="INFO">GET Request : url=https://randomuser.me/api 
 path_url=/api 
 headers={'User-Agent': 'python-requests/2.32.3', 'Accept-Encoding': 'gzip, deflate', 'Accept': '*/*', 'Connection': 'keep-alive'} 
 body=None 
 </msg>
<msg time="2024-07-19T14:15:39.948483" level="INFO">GET Response : url=https://randomuser.me/api 
 status=200, reason=OK 
 headers={'Date': 'Fri, 19 Jul 2024 14:15:39 GMT', 'Content-Type': 'application/json; charset=utf-8', 'Transfer-Encoding': 'chunked', 'Connection': 'keep-alive', 'X-Powered-By': 'Express', 'Access-Control-Allow-Origin': '*', 'Cache-Control': 'no-cache', 'ETag': 'W/"49c-oh8BN1h3jjk33UUqPy/DeTh22L0"', 'Vary': 'Accept-Encoding', 'Content-Encoding': 'gzip', 'CF-Cache-Status': 'DYNAMIC', 'Report-To': '{"endpoints":[{"url":"https:\\/\\/a.nel.cloudflare.com\\/report\\/v4?s=b2%2BKgoFSPGcuODMgmoqwfte2GtRZMRSqwxJDvigNnmtIo2eo8VhsKw9sixQtO0hWUoOGf02eGAMVa4GTVXF%2FGSlP5RF%2BF5egmJow8Rb22Ho6u8Bvv2aLjUDQqbOWdmE5"}],"group":"cf-nel","max_age":604800}', 'NEL': '{"success_fraction":0,"report_to":"cf-nel","max_age":604800}', 'Server': 'cloudflare', 'CF-RAY': '8a5b532a3f436170-ORD', 'alt-svc': 'h3=":443"; ma=86400'} 
 body={"results":[{"gender":"female","name":{"title":"Madame","first":"Jane","last":"Moulin"},"location":{"street":{"number":806,"name":"Rue des Ecrivains"},"city":"Haldenstein","state":"Graubünden","country":"Switzerland","postcode":9099,"coordinates":{"latitude":"-60.6944","longitude":"121.8176"},"timezone":{"offset":"+6:00","description":"Almaty, Dhaka, Colombo"}},"email":"jane.moulin@example.com","login":{"uuid":"7b5c1b56-c1a7-4f26-a8ac-339e08e7e456","username":"silverelephant272","password":"pearson","salt":"gOE7hylH","md5":"7fb836a88c00e7cd945943c95bbcde24","sha1":"f64fea62c1cc31b36bbaf10bab0118e7b0722d38","sha256":"0ccb059eec42f4f00fd6cfb9c8767e8597d794411cf46dcfeec0b1534e63da24"},"dob":{"date":"1977-09-22T18:25:37.964Z","age":46},"registered":{"date":"2019-12-17T23:44:38.474Z","age":4},"phone":"077 923 47 73","cell":"078 719 81 59","id":{"name":"AVS","value":"756.1228.4395.69"},"picture":{"large":"https://randomuser.me/api/portraits/women/4.jpg","medium":"https://randomuser.me/api/portraits/med/women/4.jpg","thumbnail":"https://randomuser.me/api/portraits/thumb/women/4.jpg"},"nat":"CH"}],"info":{"seed":"b7aa6df88841be2a","results":1,"page":1,"version":"1.4"}} 
 </msg>
<msg time="2024-07-19T14:15:39.948630" level="INFO">/opt/hostedtoolcache/Python/3.12.4/x64/lib/python3.12/site-packages/urllib3/connectionpool.py:1099: InsecureRequestWarning: Unverified HTTPS request is being made to host 'randomuser.me'. Adding certificate verification is strongly advised. See: https://urllib3.readthedocs.io/en/latest/advanced-usage.html#tls-warnings
  warnings.warn(</msg>
<msg time="2024-07-19T14:15:39.948857" level="INFO">${response} = &lt;Response [200]&gt;</msg>
<var>${response}</var>
<arg>consultarAPI</arg>
<arg>/api</arg>
<doc>Sends a GET request on a previously created HTTP Session.</doc>
<status status="PASS" start="2024-07-19T14:15:39.686781" elapsed="0.262129"/>
</kw>
<kw name="Should Be Equal As Numbers" owner="BuiltIn">
<msg time="2024-07-19T14:15:39.950497" level="INFO">Argument types are:
&lt;class 'int'&gt;
&lt;class 'str'&gt;</msg>
<arg>${response.status_code}</arg>
<arg>200</arg>
<doc>Fails if objects are unequal after converting them to real numbers.</doc>
<status status="PASS" start="2024-07-19T14:15:39.949757" elapsed="0.000851"/>
</kw>
<kw name="Log" owner="BuiltIn">
<msg time="2024-07-19T14:15:39.951691" level="INFO">200</msg>
<arg>${response.status_code}</arg>
<doc>Logs the given message with the given level.</doc>
<status status="PASS" start="2024-07-19T14:15:39.951136" elapsed="0.000623"/>
</kw>
<kw name="Set Variable" owner="BuiltIn">
<msg time="2024-07-19T14:15:39.952936" level="INFO">${json_data} = {'results': [{'gender': 'female', 'name': {'title': 'Madame', 'first': 'Jane', 'last': 'Moulin'}, 'location': {'street': {'number': 806, 'name': 'Rue des Ecrivains'}, 'city': 'Haldenstein', 'state': '...</msg>
<var>${json_data}</var>
<arg>${response.json()}</arg>
<doc>Returns the given values which can then be assigned to a variables.</doc>
<status status="PASS" start="2024-07-19T14:15:39.952244" elapsed="0.000735"/>
</kw>
<kw name="Dictionary Should Contain Key" owner="Collections">
<arg>${json_data}</arg>
<arg>results</arg>
<doc>Fails if ``key`` is not found from ``dictionary``.</doc>
<status status="PASS" start="2024-07-19T14:15:39.953418" elapsed="0.000498"/>
</kw>
<status status="PASS" start="2024-07-19T14:15:39.686536" elapsed="0.267610"/>
</kw>
<doc>Testa se a API responde corretamente e retorna um objeto JSON válido.</doc>
<tag>testeRequisicaoBasica</tag>
<status status="PASS" start="2024-07-19T14:15:39.686065" elapsed="0.268352"/>
</test>
<test id="s1-s1-t3" name="Validar estrutura de resposta" line="22">
<kw name="Teste de Estrutura de Resposta" owner="random-user-service">
<kw name="GET On Session" owner="RequestsLibrary">
<msg time="2024-07-19T14:15:40.060960" level="INFO">GET Request : url=https://randomuser.me/api 
 path_url=/api 
 headers={'User-Agent': 'python-requests/2.32.3', 'Accept-Encoding': 'gzip, deflate', 'Accept': '*/*', 'Connection': 'keep-alive'} 
 body=None 
 </msg>
<msg time="2024-07-19T14:15:40.061069" level="INFO">GET Response : url=https://randomuser.me/api 
 status=200, reason=OK 
 headers={'Date': 'Fri, 19 Jul 2024 14:15:40 GMT', 'Content-Type': 'application/json; charset=utf-8', 'Transfer-Encoding': 'chunked', 'Connection': 'keep-alive', 'X-Powered-By': 'Express', 'Access-Control-Allow-Origin': '*', 'Cache-Control': 'no-cache', 'ETag': 'W/"486-9oz4IbnyD4nNtmGqJDlgIg6V/ZM"', 'Vary': 'Accept-Encoding', 'Content-Encoding': 'gzip', 'CF-Cache-Status': 'DYNAMIC', 'Report-To': '{"endpoints":[{"url":"https:\\/\\/a.nel.cloudflare.com\\/report\\/v4?s=%2FdtP6D1xEXVtiGya%2FPfQPA%2BzA3iwhs5ZojV7v%2BDQ68p%2FyOJtaHGBN%2BIcmvroN46iqnRrY3zH61sqPXP2HFhJZ6B7bS2T2ORp6cQbSVaE4%2BA2ckyw7dE%2BS4Y6DynXCme7"}],"group":"cf-nel","max_age":604800}', 'NEL': '{"success_fraction":0,"report_to":"cf-nel","max_age":604800}', 'Server': 'cloudflare', 'CF-RAY': '8a5b532acfde6170-ORD', 'alt-svc': 'h3=":443"; ma=86400'} 
 body={"results":[{"gender":"male","name":{"title":"Mr","first":"Logan","last":"Ryan"},"location":{"street":{"number":1040,"name":"Mcgowen St"},"city":"Adelaide","state":"Tasmania","country":"Australia","postcode":6570,"coordinates":{"latitude":"-88.9529","longitude":"-135.4044"},"timezone":{"offset":"+8:00","description":"Beijing, Perth, Singapore, Hong Kong"}},"email":"logan.ryan@example.com","login":{"uuid":"acd180ba-862c-4646-a5bb-a5380b925e2f","username":"silverpanda699","password":"friend","salt":"FzkVzszO","md5":"9dc28a158c9d89a23ec4d02a6c43d89c","sha1":"cc6104820aacbe20b30d0f6e53f384e51d379a7d","sha256":"f660a601c2c427ed06a55e1cb4190ef15bfdda14b0ad7ce3cc26240925a2e582"},"dob":{"date":"1962-07-27T01:00:19.664Z","age":61},"registered":{"date":"2006-06-27T20:27:57.246Z","age":18},"phone":"00-6513-9198","cell":"0483-942-505","id":{"name":"TFN","value":"112864777"},"picture":{"large":"https://randomuser.me/api/portraits/men/55.jpg","medium":"https://randomuser.me/api/portraits/med/men/55.jpg","thumbnail":"https://randomuser.me/api/portraits/thumb/men/55.jpg"},"nat":"AU"}],"info":{"seed":"68c6e4fd9617065a","results":1,"page":1,"version":"1.4"}} 
 </msg>
<msg time="2024-07-19T14:15:40.061223" level="INFO">/opt/hostedtoolcache/Python/3.12.4/x64/lib/python3.12/site-packages/urllib3/connectionpool.py:1099: InsecureRequestWarning: Unverified HTTPS request is being made to host 'randomuser.me'. Adding certificate verification is strongly advised. See: https://urllib3.readthedocs.io/en/latest/advanced-usage.html#tls-warnings
  warnings.warn(</msg>
<msg time="2024-07-19T14:15:40.061360" level="INFO">${response} = &lt;Response [200]&gt;</msg>
<var>${response}</var>
<arg>consultarAPI</arg>
<arg>/api</arg>
<doc>Sends a GET request on a previously created HTTP Session.</doc>
<status status="PASS" start="2024-07-19T14:15:39.958859" elapsed="0.102533"/>
</kw>
<kw name="Set Variable" owner="BuiltIn">
<msg time="2024-07-19T14:15:40.062544" level="INFO">${json_data} = {'results': [{'gender': 'male', 'name': {'title': 'Mr', 'first': 'Logan', 'last': 'Ryan'}, 'location': {'street': {'number': 1040, 'name': 'Mcgowen St'}, 'city': 'Adelaide', 'state': 'Tasmania', 'coun...</msg>
<var>${json_data}</var>
<arg>${response.json()}</arg>
<doc>Returns the given values which can then be assigned to a variables.</doc>
<status status="PASS" start="2024-07-19T14:15:40.061994" elapsed="0.000582"/>
</kw>
<kw name="Log" owner="BuiltIn">
<msg time="2024-07-19T14:15:40.063069" level="INFO">{'results': [{'gender': 'male', 'name': {'title': 'Mr', 'first': 'Logan', 'last': 'Ryan'}, 'location': {'street': {'number': 1040, 'name': 'Mcgowen St'}, 'city': 'Adelaide', 'state': 'Tasmania', 'country': 'Australia', 'postcode': 6570, 'coordinates': {'latitude': '-88.9529', 'longitude': '-135.4044'}, 'timezone': {'offset': '+8:00', 'description': 'Beijing, Perth, Singapore, Hong Kong'}}, 'email': 'logan.ryan@example.com', 'login': {'uuid': 'acd180ba-862c-4646-a5bb-a5380b925e2f', 'username': 'silverpanda699', 'password': 'friend', 'salt': 'FzkVzszO', 'md5': '9dc28a158c9d89a23ec4d02a6c43d89c', 'sha1': 'cc6104820aacbe20b30d0f6e53f384e51d379a7d', 'sha256': 'f660a601c2c427ed06a55e1cb4190ef15bfdda14b0ad7ce3cc26240925a2e582'}, 'dob': {'date': '1962-07-27T01:00:19.664Z', 'age': 61}, 'registered': {'date': '2006-06-27T20:27:57.246Z', 'age': 18}, 'phone': '00-6513-9198', 'cell': '0483-942-505', 'id': {'name': 'TFN', 'value': '112864777'}, 'picture': {'large': 'https://randomuser.me/api/portraits/men/55.jpg', 'medium': 'https://randomuser.me/api/portraits/med/men/55.jpg', 'thumbnail': 'https://randomuser.me/api/portraits/thumb/men/55.jpg'}, 'nat': 'AU'}], 'info': {'seed': '68c6e4fd9617065a', 'results': 1, 'page': 1, 'version': '1.4'}}</msg>
<arg>${json_data}</arg>
<doc>Logs the given message with the given level.</doc>
<status status="PASS" start="2024-07-19T14:15:40.062898" elapsed="0.000224"/>
</kw>
<kw name="Dictionary Should Contain Key" owner="Collections">
<arg>${json_data}</arg>
<arg>results</arg>
<doc>Fails if ``key`` is not found from ``dictionary``.</doc>
<status status="PASS" start="2024-07-19T14:15:40.063425" elapsed="0.000166"/>
</kw>
<kw name="Should Not Be Empty" owner="BuiltIn">
<msg time="2024-07-19T14:15:40.063917" level="INFO">Length is 2.</msg>
<arg>${json_data}</arg>
<doc>Verifies that the given item is not empty.</doc>
<status status="PASS" start="2024-07-19T14:15:40.063784" elapsed="0.000172"/>
</kw>
<kw name="Create List" owner="BuiltIn">
<msg time="2024-07-19T14:15:40.064414" level="INFO">${expected_keys} = ['gender', 'name', 'location', 'email', 'login']</msg>
<var>${expected_keys}</var>
<arg>gender</arg>
<arg>name</arg>
<arg>location</arg>
<arg>email</arg>
<arg>login</arg>
<doc>Returns a list containing given items.</doc>
<status status="PASS" start="2024-07-19T14:15:40.064255" elapsed="0.000184"/>
</kw>
<for flavor="IN">
<iter>
<kw name="Dictionary Should Contain Key" owner="Collections">
<arg>${json_data['results'][0]}</arg>
<arg>${key}</arg>
<doc>Fails if ``key`` is not found from ``dictionary``.</doc>
<status status="PASS" start="2024-07-19T14:15:40.065055" elapsed="0.000433"/>
</kw>
<kw name="Log" owner="BuiltIn">
<msg time="2024-07-19T14:15:40.066082" level="INFO">{'gender': 'male', 'name': {'title': 'Mr', 'first': 'Logan', 'last': 'Ryan'}, 'location': {'street': {'number': 1040, 'name': 'Mcgowen St'}, 'city': 'Adelaide', 'state': 'Tasmania', 'country': 'Australia', 'postcode': 6570, 'coordinates': {'latitude': '-88.9529', 'longitude': '-135.4044'}, 'timezone': {'offset': '+8:00', 'description': 'Beijing, Perth, Singapore, Hong Kong'}}, 'email': 'logan.ryan@example.com', 'login': {'uuid': 'acd180ba-862c-4646-a5bb-a5380b925e2f', 'username': 'silverpanda699', 'password': 'friend', 'salt': 'FzkVzszO', 'md5': '9dc28a158c9d89a23ec4d02a6c43d89c', 'sha1': 'cc6104820aacbe20b30d0f6e53f384e51d379a7d', 'sha256': 'f660a601c2c427ed06a55e1cb4190ef15bfdda14b0ad7ce3cc26240925a2e582'}, 'dob': {'date': '1962-07-27T01:00:19.664Z', 'age': 61}, 'registered': {'date': '2006-06-27T20:27:57.246Z', 'age': 18}, 'phone': '00-6513-9198', 'cell': '0483-942-505', 'id': {'name': 'TFN', 'value': '112864777'}, 'picture': {'large': 'https://randomuser.me/api/portraits/men/55.jpg', 'medium': 'https://randomuser.me/api/portraits/med/men/55.jpg', 'thumbnail': 'https://randomuser.me/api/portraits/thumb/men/55.jpg'}, 'nat': 'AU'}</msg>
<arg>${json_data['results'][0]}</arg>
<doc>Logs the given message with the given level.</doc>
<status status="PASS" start="2024-07-19T14:15:40.065683" elapsed="0.000449"/>
</kw>
<kw name="Log" owner="BuiltIn">
<msg time="2024-07-19T14:15:40.066575" level="INFO">gender</msg>
<arg>${key}</arg>
<doc>Logs the given message with the given level.</doc>
<status status="PASS" start="2024-07-19T14:15:40.066445" elapsed="0.000169"/>
</kw>
<var name="${key}">gender</var>
<status status="PASS" start="2024-07-19T14:15:40.064923" elapsed="0.001909"/>
</iter>
<iter>
<kw name="Dictionary Should Contain Key" owner="Collections">
<arg>${json_data['results'][0]}</arg>
<arg>${key}</arg>
<doc>Fails if ``key`` is not found from ``dictionary``.</doc>
<status status="PASS" start="2024-07-19T14:15:40.067135" elapsed="0.000397"/>
</kw>
<kw name="Log" owner="BuiltIn">
<msg time="2024-07-19T14:15:40.068093" level="INFO">{'gender': 'male', 'name': {'title': 'Mr', 'first': 'Logan', 'last': 'Ryan'}, 'location': {'street': {'number': 1040, 'name': 'Mcgowen St'}, 'city': 'Adelaide', 'state': 'Tasmania', 'country': 'Australia', 'postcode': 6570, 'coordinates': {'latitude': '-88.9529', 'longitude': '-135.4044'}, 'timezone': {'offset': '+8:00', 'description': 'Beijing, Perth, Singapore, Hong Kong'}}, 'email': 'logan.ryan@example.com', 'login': {'uuid': 'acd180ba-862c-4646-a5bb-a5380b925e2f', 'username': 'silverpanda699', 'password': 'friend', 'salt': 'FzkVzszO', 'md5': '9dc28a158c9d89a23ec4d02a6c43d89c', 'sha1': 'cc6104820aacbe20b30d0f6e53f384e51d379a7d', 'sha256': 'f660a601c2c427ed06a55e1cb4190ef15bfdda14b0ad7ce3cc26240925a2e582'}, 'dob': {'date': '1962-07-27T01:00:19.664Z', 'age': 61}, 'registered': {'date': '2006-06-27T20:27:57.246Z', 'age': 18}, 'phone': '00-6513-9198', 'cell': '0483-942-505', 'id': {'name': 'TFN', 'value': '112864777'}, 'picture': {'large': 'https://randomuser.me/api/portraits/men/55.jpg', 'medium': 'https://randomuser.me/api/portraits/med/men/55.jpg', 'thumbnail': 'https://randomuser.me/api/portraits/thumb/men/55.jpg'}, 'nat': 'AU'}</msg>
<arg>${json_data['results'][0]}</arg>
<doc>Logs the given message with the given level.</doc>
<status status="PASS" start="2024-07-19T14:15:40.067717" elapsed="0.000462"/>
</kw>
<kw name="Log" owner="BuiltIn">
<msg time="2024-07-19T14:15:40.068615" level="INFO">name</msg>
<arg>${key}</arg>
<doc>Logs the given message with the given level.</doc>
<status status="PASS" start="2024-07-19T14:15:40.068484" elapsed="0.000171"/>
</kw>
<var name="${key}">name</var>
<status status="PASS" start="2024-07-19T14:15:40.067021" elapsed="0.001853"/>
</iter>
<iter>
<kw name="Dictionary Should Contain Key" owner="Collections">
<arg>${json_data['results'][0]}</arg>
<arg>${key}</arg>
<doc>Fails if ``key`` is not found from ``dictionary``.</doc>
<status status="PASS" start="2024-07-19T14:15:40.069165" elapsed="0.000385"/>
</kw>
<kw name="Log" owner="BuiltIn">
<msg time="2024-07-19T14:15:40.070127" level="INFO">{'gender': 'male', 'name': {'title': 'Mr', 'first': 'Logan', 'last': 'Ryan'}, 'location': {'street': {'number': 1040, 'name': 'Mcgowen St'}, 'city': 'Adelaide', 'state': 'Tasmania', 'country': 'Australia', 'postcode': 6570, 'coordinates': {'latitude': '-88.9529', 'longitude': '-135.4044'}, 'timezone': {'offset': '+8:00', 'description': 'Beijing, Perth, Singapore, Hong Kong'}}, 'email': 'logan.ryan@example.com', 'login': {'uuid': 'acd180ba-862c-4646-a5bb-a5380b925e2f', 'username': 'silverpanda699', 'password': 'friend', 'salt': 'FzkVzszO', 'md5': '9dc28a158c9d89a23ec4d02a6c43d89c', 'sha1': 'cc6104820aacbe20b30d0f6e53f384e51d379a7d', 'sha256': 'f660a601c2c427ed06a55e1cb4190ef15bfdda14b0ad7ce3cc26240925a2e582'}, 'dob': {'date': '1962-07-27T01:00:19.664Z', 'age': 61}, 'registered': {'date': '2006-06-27T20:27:57.246Z', 'age': 18}, 'phone': '00-6513-9198', 'cell': '0483-942-505', 'id': {'name': 'TFN', 'value': '112864777'}, 'picture': {'large': 'https://randomuser.me/api/portraits/men/55.jpg', 'medium': 'https://randomuser.me/api/portraits/med/men/55.jpg', 'thumbnail': 'https://randomuser.me/api/portraits/thumb/men/55.jpg'}, 'nat': 'AU'}</msg>
<arg>${json_data['results'][0]}</arg>
<doc>Logs the given message with the given level.</doc>
<status status="PASS" start="2024-07-19T14:15:40.069743" elapsed="0.000436"/>
</kw>
<kw name="Log" owner="BuiltIn">
<msg time="2024-07-19T14:15:40.070607" level="INFO">location</msg>
<arg>${key}</arg>
<doc>Logs the given message with the given level.</doc>
<status status="PASS" start="2024-07-19T14:15:40.070478" elapsed="0.000168"/>
</kw>
<var name="${key}">location</var>
<status status="PASS" start="2024-07-19T14:15:40.069055" elapsed="0.001806"/>
</iter>
<iter>
<kw name="Dictionary Should Contain Key" owner="Collections">
<arg>${json_data['results'][0]}</arg>
<arg>${key}</arg>
<doc>Fails if ``key`` is not found from ``dictionary``.</doc>
<status status="PASS" start="2024-07-19T14:15:40.071142" elapsed="0.000379"/>
</kw>
<kw name="Log" owner="BuiltIn">
<msg time="2024-07-19T14:15:40.072210" level="INFO">{'gender': 'male', 'name': {'title': 'Mr', 'first': 'Logan', 'last': 'Ryan'}, 'location': {'street': {'number': 1040, 'name': 'Mcgowen St'}, 'city': 'Adelaide', 'state': 'Tasmania', 'country': 'Australia', 'postcode': 6570, 'coordinates': {'latitude': '-88.9529', 'longitude': '-135.4044'}, 'timezone': {'offset': '+8:00', 'description': 'Beijing, Perth, Singapore, Hong Kong'}}, 'email': 'logan.ryan@example.com', 'login': {'uuid': 'acd180ba-862c-4646-a5bb-a5380b925e2f', 'username': 'silverpanda699', 'password': 'friend', 'salt': 'FzkVzszO', 'md5': '9dc28a158c9d89a23ec4d02a6c43d89c', 'sha1': 'cc6104820aacbe20b30d0f6e53f384e51d379a7d', 'sha256': 'f660a601c2c427ed06a55e1cb4190ef15bfdda14b0ad7ce3cc26240925a2e582'}, 'dob': {'date': '1962-07-27T01:00:19.664Z', 'age': 61}, 'registered': {'date': '2006-06-27T20:27:57.246Z', 'age': 18}, 'phone': '00-6513-9198', 'cell': '0483-942-505', 'id': {'name': 'TFN', 'value': '112864777'}, 'picture': {'large': 'https://randomuser.me/api/portraits/men/55.jpg', 'medium': 'https://randomuser.me/api/portraits/med/men/55.jpg', 'thumbnail': 'https://randomuser.me/api/portraits/thumb/men/55.jpg'}, 'nat': 'AU'}</msg>
<arg>${json_data['results'][0]}</arg>
<doc>Logs the given message with the given level.</doc>
<status status="PASS" start="2024-07-19T14:15:40.071847" elapsed="0.000413"/>
</kw>
<kw name="Log" owner="BuiltIn">
<msg time="2024-07-19T14:15:40.072687" level="INFO">email</msg>
<arg>${key}</arg>
<doc>Logs the given message with the given level.</doc>
<status status="PASS" start="2024-07-19T14:15:40.072557" elapsed="0.000169"/>
</kw>
<var name="${key}">email</var>
<status status="PASS" start="2024-07-19T14:15:40.071034" elapsed="0.001906"/>
</iter>
<iter>
<kw name="Dictionary Should Contain Key" owner="Collections">
<arg>${json_data['results'][0]}</arg>
<arg>${key}</arg>
<doc>Fails if ``key`` is not found from ``dictionary``.</doc>
<status status="PASS" start="2024-07-19T14:15:40.073222" elapsed="0.000376"/>
</kw>
<kw name="Log" owner="BuiltIn">
<msg time="2024-07-19T14:15:40.074151" level="INFO">{'gender': 'male', 'name': {'title': 'Mr', 'first': 'Logan', 'last': 'Ryan'}, 'location': {'street': {'number': 1040, 'name': 'Mcgowen St'}, 'city': 'Adelaide', 'state': 'Tasmania', 'country': 'Australia', 'postcode': 6570, 'coordinates': {'latitude': '-88.9529', 'longitude': '-135.4044'}, 'timezone': {'offset': '+8:00', 'description': 'Beijing, Perth, Singapore, Hong Kong'}}, 'email': 'logan.ryan@example.com', 'login': {'uuid': 'acd180ba-862c-4646-a5bb-a5380b925e2f', 'username': 'silverpanda699', 'password': 'friend', 'salt': 'FzkVzszO', 'md5': '9dc28a158c9d89a23ec4d02a6c43d89c', 'sha1': 'cc6104820aacbe20b30d0f6e53f384e51d379a7d', 'sha256': 'f660a601c2c427ed06a55e1cb4190ef15bfdda14b0ad7ce3cc26240925a2e582'}, 'dob': {'date': '1962-07-27T01:00:19.664Z', 'age': 61}, 'registered': {'date': '2006-06-27T20:27:57.246Z', 'age': 18}, 'phone': '00-6513-9198', 'cell': '0483-942-505', 'id': {'name': 'TFN', 'value': '112864777'}, 'picture': {'large': 'https://randomuser.me/api/portraits/men/55.jpg', 'medium': 'https://randomuser.me/api/portraits/med/men/55.jpg', 'thumbnail': 'https://randomuser.me/api/portraits/thumb/men/55.jpg'}, 'nat': 'AU'}</msg>
<arg>${json_data['results'][0]}</arg>
<doc>Logs the given message with the given level.</doc>
<status status="PASS" start="2024-07-19T14:15:40.073780" elapsed="0.000421"/>
</kw>
<kw name="Log" owner="BuiltIn">
<msg time="2024-07-19T14:15:40.074625" level="INFO">login</msg>
<arg>${key}</arg>
<doc>Logs the given message with the given level.</doc>
<status status="PASS" start="2024-07-19T14:15:40.074497" elapsed="0.000165"/>
</kw>
<var name="${key}">login</var>
<status status="PASS" start="2024-07-19T14:15:40.073115" elapsed="0.001763"/>
</iter>
<var>${key}</var>
<value>@{expected_keys}</value>
<status status="PASS" start="2024-07-19T14:15:40.064718" elapsed="0.010283"/>
</for>
<kw name="Create List" owner="BuiltIn">
<msg time="2024-07-19T14:15:40.075333" level="INFO">${expected_keysTwo} = ['username', 'password']</msg>
<var>${expected_keysTwo}</var>
<arg>username</arg>
<arg>password</arg>
<doc>Returns a list containing given items.</doc>
<status status="PASS" start="2024-07-19T14:15:40.075196" elapsed="0.000162"/>
</kw>
<for flavor="IN">
<iter>
<kw name="Dictionary Should Contain Key" owner="Collections">
<arg>${json_data['results'][0]['login']}</arg>
<arg>${keyTwo}</arg>
<doc>Fails if ``key`` is not found from ``dictionary``.</doc>
<status status="PASS" start="2024-07-19T14:15:40.075903" elapsed="0.000388"/>
</kw>
<kw name="Dictionary Should Contain Key" owner="Collections">
<arg>${json_data['results'][0]['login']}</arg>
<arg>${keyTwo}</arg>
<doc>Fails if ``key`` is not found from ``dictionary``.</doc>
<status status="PASS" start="2024-07-19T14:15:40.076473" elapsed="0.000369"/>
</kw>
<kw name="Log" owner="BuiltIn">
<msg time="2024-07-19T14:15:40.077141" level="INFO">username</msg>
<arg>${keyTwo}</arg>
<doc>Logs the given message with the given level.</doc>
<status status="PASS" start="2024-07-19T14:15:40.077022" elapsed="0.000157"/>
</kw>
<var name="${keyTwo}">username</var>
<status status="PASS" start="2024-07-19T14:15:40.075796" elapsed="0.001601"/>
</iter>
<iter>
<kw name="Dictionary Should Contain Key" owner="Collections">
<arg>${json_data['results'][0]['login']}</arg>
<arg>${keyTwo}</arg>
<doc>Fails if ``key`` is not found from ``dictionary``.</doc>
<status status="PASS" start="2024-07-19T14:15:40.077683" elapsed="0.000437"/>
</kw>
<kw name="Dictionary Should Contain Key" owner="Collections">
<arg>${json_data['results'][0]['login']}</arg>
<arg>${keyTwo}</arg>
<doc>Fails if ``key`` is not found from ``dictionary``.</doc>
<status status="PASS" start="2024-07-19T14:15:40.078312" elapsed="0.000368"/>
</kw>
<kw name="Log" owner="BuiltIn">
<msg time="2024-07-19T14:15:40.078990" level="INFO">password</msg>
<arg>${keyTwo}</arg>
<doc>Logs the given message with the given level.</doc>
<status status="PASS" start="2024-07-19T14:15:40.078860" elapsed="0.000169"/>
</kw>
<var name="${keyTwo}">password</var>
<status status="PASS" start="2024-07-19T14:15:40.077571" elapsed="0.001695"/>
</iter>
<var>${keyTwo}</var>
<value>@{expected_keysTwo}</value>
<status status="PASS" start="2024-07-19T14:15:40.075637" elapsed="0.003753"/>
</for>
<status status="PASS" start="2024-07-19T14:15:39.958484" elapsed="0.121058"/>
</kw>
<doc>Testa a estrutura da resposta da API.</doc>
<tag>testeEstruturaResposta</tag>
<status status="PASS" start="2024-07-19T14:15:39.957643" elapsed="0.122063"/>
</test>
<test id="s1-s1-t4" name="Validar tipos de dados" line="28">
<kw name="Teste de Tipos de Dados" owner="random-user-service">
<kw name="GET On Session" owner="RequestsLibrary">
<msg time="2024-07-19T14:15:40.238076" level="INFO">GET Request : url=https://randomuser.me/api 
 path_url=/api 
 headers={'User-Agent': 'python-requests/2.32.3', 'Accept-Encoding': 'gzip, deflate', 'Accept': '*/*', 'Connection': 'keep-alive'} 
 body=None 
 </msg>
<msg time="2024-07-19T14:15:40.238184" level="INFO">GET Response : url=https://randomuser.me/api 
 status=200, reason=OK 
 headers={'Date': 'Fri, 19 Jul 2024 14:15:40 GMT', 'Content-Type': 'application/json; charset=utf-8', 'Transfer-Encoding': 'chunked', 'Connection': 'keep-alive', 'X-Powered-By': 'Express', 'Access-Control-Allow-Origin': '*', 'Cache-Control': 'no-cache', 'ETag': 'W/"48c-loE+42T7Im49pPVv7tyFxcFxUYI"', 'Vary': 'Accept-Encoding', 'Content-Encoding': 'gzip', 'CF-Cache-Status': 'DYNAMIC', 'Report-To': '{"endpoints":[{"url":"https:\\/\\/a.nel.cloudflare.com\\/report\\/v4?s=D0%2BUNVvotKoiEV4fbhWTBWi9a98ua3oXzu9vLn7W6byBwE57CKc3xRAS96RMgOaPIaAq8TkSOYzKPai3GuH1aqO0PQgqyy94ZBAn5T9xkEjAoJe2bEHnH5mU20UhE%2BwJ"}],"group":"cf-nel","max_age":604800}', 'NEL': '{"success_fraction":0,"report_to":"cf-nel","max_age":604800}', 'Server': 'cloudflare', 'CF-RAY': '8a5b532b88c86170-ORD', 'alt-svc': 'h3=":443"; ma=86400'} 
 body={"results":[{"gender":"male","name":{"title":"Mr","first":"Andrés","last":"Gallego"},"location":{"street":{"number":2219,"name":"Calle del Arenal"},"city":"Valladolid","state":"Castilla la Mancha","country":"Spain","postcode":63329,"coordinates":{"latitude":"-36.2957","longitude":"-4.8037"},"timezone":{"offset":"-12:00","description":"Eniwetok, Kwajalein"}},"email":"andres.gallego@example.com","login":{"uuid":"1403cf49-2052-4c42-80cc-c64660990636","username":"silverrabbit824","password":"878787","salt":"ibukXskr","md5":"f205b1c05f65e424a013a2fb074614a3","sha1":"cbd037bcf674351f51d8b4742f61f99b88c5c928","sha256":"d749fb74042651e0c3353959d1a0bf84eef16b47116f75532a442d8e1b537765"},"dob":{"date":"1967-05-05T07:31:47.750Z","age":57},"registered":{"date":"2008-03-17T18:13:24.412Z","age":16},"phone":"930-550-423","cell":"627-895-010","id":{"name":"DNI","value":"89746740-G"},"picture":{"large":"https://randomuser.me/api/portraits/men/42.jpg","medium":"https://randomuser.me/api/portraits/med/men/42.jpg","thumbnail":"https://randomuser.me/api/portraits/thumb/men/42.jpg"},"nat":"ES"}],"info":{"seed":"782d5b6199f21148","results":1,"page":1,"version":"1.4"}} 
 </msg>
<msg time="2024-07-19T14:15:40.238267" level="INFO">/opt/hostedtoolcache/Python/3.12.4/x64/lib/python3.12/site-packages/urllib3/connectionpool.py:1099: InsecureRequestWarning: Unverified HTTPS request is being made to host 'randomuser.me'. Adding certificate verification is strongly advised. See: https://urllib3.readthedocs.io/en/latest/advanced-usage.html#tls-warnings
  warnings.warn(</msg>
<msg time="2024-07-19T14:15:40.238395" level="INFO">${response} = &lt;Response [200]&gt;</msg>
<var>${response}</var>
<arg>consultarAPI</arg>
<arg>/api</arg>
<doc>Sends a GET request on a previously created HTTP Session.</doc>
<status status="PASS" start="2024-07-19T14:15:40.082252" elapsed="0.156169"/>
</kw>
<kw name="Set Variable" owner="BuiltIn">
<msg time="2024-07-19T14:15:40.239584" level="INFO">${json_data} = {'results': [{'gender': 'male', 'name': {'title': 'Mr', 'first': 'Andrés', 'last': 'Gallego'}, 'location': {'street': {'number': 2219, 'name': 'Calle del Arenal'}, 'city': 'Valladolid', 'state': 'Cast...</msg>
<var>${json_data}</var>
<arg>${response.json()}</arg>
<doc>Returns the given values which can then be assigned to a variables.</doc>
<status status="PASS" start="2024-07-19T14:15:40.239030" elapsed="0.000583"/>
</kw>
<kw name="Log" owner="BuiltIn">
<msg time="2024-07-19T14:15:40.240080" level="INFO">{'results': [{'gender': 'male', 'name': {'title': 'Mr', 'first': 'Andrés', 'last': 'Gallego'}, 'location': {'street': {'number': 2219, 'name': 'Calle del Arenal'}, 'city': 'Valladolid', 'state': 'Castilla la Mancha', 'country': 'Spain', 'postcode': 63329, 'coordinates': {'latitude': '-36.2957', 'longitude': '-4.8037'}, 'timezone': {'offset': '-12:00', 'description': 'Eniwetok, Kwajalein'}}, 'email': 'andres.gallego@example.com', 'login': {'uuid': '1403cf49-2052-4c42-80cc-c64660990636', 'username': 'silverrabbit824', 'password': '878787', 'salt': 'ibukXskr', 'md5': 'f205b1c05f65e424a013a2fb074614a3', 'sha1': 'cbd037bcf674351f51d8b4742f61f99b88c5c928', 'sha256': 'd749fb74042651e0c3353959d1a0bf84eef16b47116f75532a442d8e1b537765'}, 'dob': {'date': '1967-05-05T07:31:47.750Z', 'age': 57}, 'registered': {'date': '2008-03-17T18:13:24.412Z', 'age': 16}, 'phone': '930-550-423', 'cell': '627-895-010', 'id': {'name': 'DNI', 'value': '89746740-G'}, 'picture': {'large': 'https://randomuser.me/api/portraits/men/42.jpg', 'medium': 'https://randomuser.me/api/portraits/med/men/42.jpg', 'thumbnail': 'https://randomuser.me/api/portraits/thumb/men/42.jpg'}, 'nat': 'ES'}], 'info': {'seed': '782d5b6199f21148', 'results': 1, 'page': 1, 'version': '1.4'}}</msg>
<arg>${json_data}</arg>
<doc>Logs the given message with the given level.</doc>
<status status="PASS" start="2024-07-19T14:15:40.239922" elapsed="0.000206"/>
</kw>
<kw name="Should Be String" owner="String">
<arg>${json_data['results'][0]['gender']}</arg>
<doc>Fails if the given ``item`` is not a string.</doc>
<status status="PASS" start="2024-07-19T14:15:40.240414" elapsed="0.000369"/>
</kw>
<kw name="Should Match Regexp" owner="BuiltIn">
<arg>${json_data['results'][0]['email']}</arg>
<arg>^[a-zA-Z0-9._%+-]+@[a-zA-Z0-9.-]+\.[a-zA-Z]{2,}$</arg>
<doc>Fails if ``string`` does not match ``pattern`` as a regular expression.</doc>
<status status="PASS" start="2024-07-19T14:15:40.240971" elapsed="0.000519"/>
</kw>
<kw name="Should Match Regexp" owner="BuiltIn">
<arg>${json_data['results'][0]['dob']['date']}</arg>
<arg>\\d{4}-\\d{2}-\\d{2}T\\d{2}:\\d{2}:\\d{2}\\.\\d{3}Z</arg>
<doc>Fails if ``string`` does not match ``pattern`` as a regular expression.</doc>
<status status="PASS" start="2024-07-19T14:15:40.241725" elapsed="0.000687"/>
</kw>
<kw name="Should Match Regexp" owner="BuiltIn">
<arg>${json_data['results'][0]['registered']['date']}</arg>
<arg>\\d{4}-\\d{2}-\\d{2}T\\d{2}:\\d{2}:\\d{2}\\.\\d{3}Z</arg>
<doc>Fails if ``string`` does not match ``pattern`` as a regular expression.</doc>
<status status="PASS" start="2024-07-19T14:15:40.242607" elapsed="0.000369"/>
</kw>
<kw name="Should Match Regexp" owner="BuiltIn">
<arg>${json_data['results'][0]['picture']['large']}</arg>
<arg>^https?://.*\.(?:png|jpe?g|gif|bmp)$</arg>
<doc>Fails if ``string`` does not match ``pattern`` as a regular expression.</doc>
<status status="PASS" start="2024-07-19T14:15:40.243160" elapsed="0.000455"/>
</kw>
<kw name="Should Match Regexp" owner="BuiltIn">
<arg>${json_data['results'][0]['picture']['medium']}</arg>
<arg>^https?://.*\.(?:png|jpe?g|gif|bmp)$</arg>
<doc>Fails if ``string`` does not match ``pattern`` as a regular expression.</doc>
<status status="PASS" start="2024-07-19T14:15:40.243802" elapsed="0.000351"/>
</kw>
<kw name="Should Match Regexp" owner="BuiltIn">
<arg>${json_data['results'][0]['picture']['thumbnail']}</arg>
<arg>^https?://.*\.(?:png|jpe?g|gif|bmp)$</arg>
<doc>Fails if ``string`` does not match ``pattern`` as a regular expression.</doc>
<status status="PASS" start="2024-07-19T14:15:40.244339" elapsed="0.000345"/>
</kw>
<kw name="Log" owner="BuiltIn">
<msg time="2024-07-19T14:15:40.245184" level="INFO">{'large': 'https://randomuser.me/api/portraits/men/42.jpg', 'medium': 'https://randomuser.me/api/portraits/med/men/42.jpg', 'thumbnail': 'https://randomuser.me/api/portraits/thumb/men/42.jpg'}</msg>
<arg>${json_data['results'][0]['picture']}</arg>
<doc>Logs the given message with the given level.</doc>
<status status="PASS" start="2024-07-19T14:15:40.244862" elapsed="0.000363"/>
</kw>
<status status="PASS" start="2024-07-19T14:15:40.082008" elapsed="0.163483"/>
</kw>
<kw name="Teste de Tipos de Dados - Postcode" owner="random-user-service">
<kw name="GET On Session" owner="RequestsLibrary">
<msg time="2024-07-19T14:15:40.321746" level="INFO">GET Request : url=https://randomuser.me/api 
 path_url=/api 
 headers={'User-Agent': 'python-requests/2.32.3', 'Accept-Encoding': 'gzip, deflate', 'Accept': '*/*', 'Connection': 'keep-alive'} 
 body=None 
 </msg>
<msg time="2024-07-19T14:15:40.321904" level="INFO">GET Response : url=https://randomuser.me/api 
 status=200, reason=OK 
 headers={'Date': 'Fri, 19 Jul 2024 14:15:40 GMT', 'Content-Type': 'application/json; charset=utf-8', 'Transfer-Encoding': 'chunked', 'Connection': 'keep-alive', 'X-Powered-By': 'Express', 'Access-Control-Allow-Origin': '*', 'Cache-Control': 'no-cache', 'ETag': 'W/"47b-1S1QHPLrI1Ove8nGF96OVTzVojI"', 'Vary': 'Accept-Encoding', 'Content-Encoding': 'gzip', 'CF-Cache-Status': 'DYNAMIC', 'Report-To': '{"endpoints":[{"url":"https:\\/\\/a.nel.cloudflare.com\\/report\\/v4?s=o7rHukO3aS7JvPK6lX8aTJZeNO7ViwEXQ92CJZL%2BZCay%2B50Gc7pkMj2T2wmRzfg%2FyOEPUvg4zMVQrPcxE8uswySOGh1GeraIwmA8Wl%2BT1P9lcDxVlTYydz%2BPbqqdYVaC"}],"group":"cf-nel","max_age":604800}', 'NEL': '{"success_fraction":0,"report_to":"cf-nel","max_age":604800}', 'Server': 'cloudflare', 'CF-RAY': '8a5b532c8a006170-ORD', 'alt-svc': 'h3=":443"; ma=86400'} 
 body={"results":[{"gender":"female","name":{"title":"Mrs","first":"Alisa","last":"Juntunen"},"location":{"street":{"number":8509,"name":"Esplanadi"},"city":"Kangasala","state":"Åland","country":"Finland","postcode":80723,"coordinates":{"latitude":"-23.7175","longitude":"54.6641"},"timezone":{"offset":"-9:00","description":"Alaska"}},"email":"alisa.juntunen@example.com","login":{"uuid":"0391d13f-c3b1-44c8-b527-cc4bf589f427","username":"heavyrabbit775","password":"bertie","salt":"oQgsXF9v","md5":"5e3f476ae21e011e9668351f9db89739","sha1":"43033361cb6ddb7045977642642332d3eb81fc59","sha256":"cc75a136a71937200b79043f9d0f04c38eb70f7c324f4c1fc32a77e58c64d301"},"dob":{"date":"1961-07-04T19:48:31.126Z","age":63},"registered":{"date":"2017-02-27T20:23:46.579Z","age":7},"phone":"04-559-214","cell":"043-537-41-33","id":{"name":"HETU","value":"NaNNA010undefined"},"picture":{"large":"https://randomuser.me/api/portraits/women/95.jpg","medium":"https://randomuser.me/api/portraits/med/women/95.jpg","thumbnail":"https://randomuser.me/api/portraits/thumb/women/95.jpg"},"nat":"FI"}],"info":{"seed":"35578e1a554e67cb","results":1,"page":1,"version":"1.4"}} 
 </msg>
<msg time="2024-07-19T14:15:40.321996" level="INFO">/opt/hostedtoolcache/Python/3.12.4/x64/lib/python3.12/site-packages/urllib3/connectionpool.py:1099: InsecureRequestWarning: Unverified HTTPS request is being made to host 'randomuser.me'. Adding certificate verification is strongly advised. See: https://urllib3.readthedocs.io/en/latest/advanced-usage.html#tls-warnings
  warnings.warn(</msg>
<msg time="2024-07-19T14:15:40.322138" level="INFO">${response} = &lt;Response [200]&gt;</msg>
<var>${response}</var>
<arg>consultarAPI</arg>
<arg>/api</arg>
<doc>Sends a GET request on a previously created HTTP Session.</doc>
<status status="PASS" start="2024-07-19T14:15:40.245989" elapsed="0.076182"/>
</kw>
<kw name="Set Variable" owner="BuiltIn">
<msg time="2024-07-19T14:15:40.323307" level="INFO">${json_data} = {'results': [{'gender': 'female', 'name': {'title': 'Mrs', 'first': 'Alisa', 'last': 'Juntunen'}, 'location': {'street': {'number': 8509, 'name': 'Esplanadi'}, 'city': 'Kangasala', 'state': 'Åland', '...</msg>
<var>${json_data}</var>
<arg>${response.json()}</arg>
<doc>Returns the given values which can then be assigned to a variables.</doc>
<status status="PASS" start="2024-07-19T14:15:40.322750" elapsed="0.000587"/>
</kw>
<kw name="Log" owner="BuiltIn">
<msg time="2024-07-19T14:15:40.323818" level="INFO">{'results': [{'gender': 'female', 'name': {'title': 'Mrs', 'first': 'Alisa', 'last': 'Juntunen'}, 'location': {'street': {'number': 8509, 'name': 'Esplanadi'}, 'city': 'Kangasala', 'state': 'Åland', 'country': 'Finland', 'postcode': 80723, 'coordinates': {'latitude': '-23.7175', 'longitude': '54.6641'}, 'timezone': {'offset': '-9:00', 'description': 'Alaska'}}, 'email': 'alisa.juntunen@example.com', 'login': {'uuid': '0391d13f-c3b1-44c8-b527-cc4bf589f427', 'username': 'heavyrabbit775', 'password': 'bertie', 'salt': 'oQgsXF9v', 'md5': '5e3f476ae21e011e9668351f9db89739', 'sha1': '43033361cb6ddb7045977642642332d3eb81fc59', 'sha256': 'cc75a136a71937200b79043f9d0f04c38eb70f7c324f4c1fc32a77e58c64d301'}, 'dob': {'date': '1961-07-04T19:48:31.126Z', 'age': 63}, 'registered': {'date': '2017-02-27T20:23:46.579Z', 'age': 7}, 'phone': '04-559-214', 'cell': '043-537-41-33', 'id': {'name': 'HETU', 'value': 'NaNNA010undefined'}, 'picture': {'large': 'https://randomuser.me/api/portraits/women/95.jpg', 'medium': 'https://randomuser.me/api/portraits/med/women/95.jpg', 'thumbnail': 'https://randomuser.me/api/portraits/thumb/women/95.jpg'}, 'nat': 'FI'}], 'info': {'seed': '35578e1a554e67cb', 'results': 1, 'page': 1, 'version': '1.4'}}</msg>
<arg>${json_data}</arg>
<doc>Logs the given message with the given level.</doc>
<status status="PASS" start="2024-07-19T14:15:40.323657" elapsed="0.000211"/>
</kw>
<kw name="Should Be Equal As Numbers" owner="BuiltIn">
<arg>${json_data['results'][0]['location']['postcode']}</arg>
<arg>${json_data['results'][0]['location']['postcode']}</arg>
<doc>Fails if objects are unequal after converting them to real numbers.</doc>
<status status="PASS" start="2024-07-19T14:15:40.324161" elapsed="0.000641"/>
</kw>
<kw name="Log" owner="BuiltIn">
<msg time="2024-07-19T14:15:40.325333" level="INFO">80723</msg>
<arg>${json_data['results'][0]['location']['postcode']}</arg>
<doc>Logs the given message with the given level.</doc>
<status status="PASS" start="2024-07-19T14:15:40.324998" elapsed="0.000376"/>
</kw>
<status status="PASS" start="2024-07-19T14:15:40.245723" elapsed="0.079938"/>
</kw>
<doc>Testa se os tipos de dados na resposta da API estão corretos.</doc>
<tag>testeTiposDados</tag>
<status status="PASS" start="2024-07-19T14:15:40.081478" elapsed="0.244355"/>
</test>
<test id="s1-s1-t5" name="Validar conteudo" line="35">
<kw name="Teste de Tipos de Conteudo" owner="random-user-service">
<kw name="GET On Session" owner="RequestsLibrary">
<msg time="2024-07-19T14:15:40.400908" level="INFO">GET Request : url=https://randomuser.me/api 
 path_url=/api 
 headers={'User-Agent': 'python-requests/2.32.3', 'Accept-Encoding': 'gzip, deflate', 'Accept': '*/*', 'Connection': 'keep-alive'} 
 body=None 
 </msg>
<msg time="2024-07-19T14:15:40.401027" level="INFO">GET Response : url=https://randomuser.me/api 
 status=200, reason=OK 
 headers={'Date': 'Fri, 19 Jul 2024 14:15:40 GMT', 'Content-Type': 'application/json; charset=utf-8', 'Transfer-Encoding': 'chunked', 'Connection': 'keep-alive', 'X-Powered-By': 'Express', 'Access-Control-Allow-Origin': '*', 'Cache-Control': 'no-cache', 'ETag': 'W/"482-cj/5q0QnXJciKjNqoXEgSF+xA/w"', 'Vary': 'Accept-Encoding', 'Content-Encoding': 'gzip', 'CF-Cache-Status': 'DYNAMIC', 'Report-To': '{"endpoints":[{"url":"https:\\/\\/a.nel.cloudflare.com\\/report\\/v4?s=rJVuKBKMx0gD40eEY1KUGXSeLA%2FqPcS2bgssL8Ob2uRZ9gArsM2v6tG0X4bbPm7BY4rusWSwQLzYGcTpbsIE3zrBxVEAlD%2FrKujMbe%2FwYpG2Ud%2BMeVXnkd4XMLitKiI9"}],"group":"cf-nel","max_age":604800}', 'NEL': '{"success_fraction":0,"report_to":"cf-nel","max_age":604800}', 'Server': 'cloudflare', 'CF-RAY': '8a5b532d1a9a6170-ORD', 'alt-svc': 'h3=":443"; ma=86400'} 
 body={"results":[{"gender":"male","name":{"title":"Mr","first":"محمدطاها","last":"حیدری"},"location":{"street":{"number":3793,"name":"جلال آل احمد"},"city":"اردبیل","state":"البرز","country":"Iran","postcode":45304,"coordinates":{"latitude":"17.4828","longitude":"-21.8798"},"timezone":{"offset":"-2:00","description":"Mid-Atlantic"}},"email":"mhmdth.hydry@example.com","login":{"uuid":"c2662126-2b94-4080-a7a5-3e3e2c8a2c5b","username":"purplefrog299","password":"jerry","salt":"kSKsdHc6","md5":"74d120184f909c4407c358f909a5d1d9","sha1":"49a89a9517df069f87a39e96253396dfd66dbba9","sha256":"9e806bb2c1f3445bca0d609a9e91f3dd8bd605eabc76d30dc6ac8567a7cbd14d"},"dob":{"date":"1994-09-11T10:22:59.917Z","age":29},"registered":{"date":"2006-03-15T17:48:17.269Z","age":18},"phone":"017-56173624","cell":"0922-808-6231","id":{"name":"","value":null},"picture":{"large":"https://randomuser.me/api/portraits/men/92.jpg","medium":"https://randomuser.me/api/portraits/med/men/92.jpg","thumbnail":"https://randomuser.me/api/portraits/thumb/men/92.jpg"},"nat":"IR"}],"info":{"seed":"b5a244c0ea12a06a","results":1,"page":1,"version":"1.4"}} 
 </msg>
<msg time="2024-07-19T14:15:40.401119" level="INFO">/opt/hostedtoolcache/Python/3.12.4/x64/lib/python3.12/site-packages/urllib3/connectionpool.py:1099: InsecureRequestWarning: Unverified HTTPS request is being made to host 'randomuser.me'. Adding certificate verification is strongly advised. See: https://urllib3.readthedocs.io/en/latest/advanced-usage.html#tls-warnings
  warnings.warn(</msg>
<msg time="2024-07-19T14:15:40.401272" level="INFO">${response} = &lt;Response [200]&gt;</msg>
<var>${response}</var>
<arg>consultarAPI</arg>
<arg>/api</arg>
<doc>Sends a GET request on a previously created HTTP Session.</doc>
<status status="PASS" start="2024-07-19T14:15:40.328368" elapsed="0.072937"/>
</kw>
<kw name="Set Variable" owner="BuiltIn">
<msg time="2024-07-19T14:15:40.402478" level="INFO">${json_data} = {'results': [{'gender': 'male', 'name': {'title': 'Mr', 'first': 'محمدطاها', 'last': 'حیدری'}, 'location': {'street': {'number': 3793, 'name': 'جلال آل احمد'}, 'city': 'اردبیل', 'state': 'البرز', 'cou...</msg>
<var>${json_data}</var>
<arg>${response.json()}</arg>
<doc>Returns the given values which can then be assigned to a variables.</doc>
<status status="PASS" start="2024-07-19T14:15:40.401919" elapsed="0.000589"/>
</kw>
<kw name="Set Variable" owner="BuiltIn">
<msg time="2024-07-19T14:15:40.403207" level="INFO">${name_title} = Mr</msg>
<var>${name_title}</var>
<arg>${json_data["results"][0]["name"]["title"]}</arg>
<doc>Returns the given values which can then be assigned to a variables.</doc>
<status status="PASS" start="2024-07-19T14:15:40.402820" elapsed="0.000411"/>
</kw>
<kw name="Create List" owner="BuiltIn">
<msg time="2024-07-19T14:15:40.403680" level="INFO">${allowed_titles} = ['Mr', 'Ms', 'Miss', 'Mrs', 'Madame', 'Monsieur']</msg>
<var>${allowed_titles}</var>
<arg>Mr</arg>
<arg>Ms</arg>
<arg>Miss</arg>
<arg>Mrs</arg>
<arg>Madame</arg>
<arg>Monsieur</arg>
<doc>Returns a list containing given items.</doc>
<status status="PASS" start="2024-07-19T14:15:40.403533" elapsed="0.000172"/>
</kw>
<kw name="List Should Contain Value" owner="Collections">
<arg>${allowed_titles}</arg>
<arg>${name_title}</arg>
<doc>Fails if the ``value`` is not found from ``list``.</doc>
<status status="PASS" start="2024-07-19T14:15:40.404007" elapsed="0.000176"/>
</kw>
<kw name="Set Variable" owner="BuiltIn">
<msg time="2024-07-19T14:15:40.404735" level="INFO">${name_country} = IR</msg>
<var>${name_country}</var>
<arg>${json_data["results"][0]["nat"]}</arg>
<doc>Returns the given values which can then be assigned to a variables.</doc>
<status status="PASS" start="2024-07-19T14:15:40.404365" elapsed="0.000395"/>
</kw>
<kw name="Create List" owner="BuiltIn">
<msg time="2024-07-19T14:15:40.405630" level="INFO">${list_country} = ['AD', 'AE', 'AF', 'AG', 'AI', 'AL', 'AM', 'AO', 'AQ', 'AR', 'AS', 'AT', 'AU', 'AW', 'AX', 'AZ', 'BA', 'BB', 'BD', 'BE', 'BF', 'BG', 'BH', 'BI', 'BJ', 'BL', 'BM', 'BN', 'BO', 'BQ', 'BR', 'BS', 'BT', '...</msg>
<var>${list_country}</var>
<arg>AD</arg>
<arg>AE</arg>
<arg>AF</arg>
<arg>AG</arg>
<arg>AI</arg>
<arg>AL</arg>
<arg>AM</arg>
<arg>AO</arg>
<arg>AQ</arg>
<arg>AR</arg>
<arg>AS</arg>
<arg>AT</arg>
<arg>AU</arg>
<arg>AW</arg>
<arg>AX</arg>
<arg>AZ</arg>
<arg>BA</arg>
<arg>BB</arg>
<arg>BD</arg>
<arg>BE</arg>
<arg>BF</arg>
<arg>BG</arg>
<arg>BH</arg>
<arg>BI</arg>
<arg>BJ</arg>
<arg>BL</arg>
<arg>BM</arg>
<arg>BN</arg>
<arg>BO</arg>
<arg>BQ</arg>
<arg>BR</arg>
<arg>BS</arg>
<arg>BT</arg>
<arg>BV</arg>
<arg>BW</arg>
<arg>BY</arg>
<arg>BZ</arg>
<arg>CA</arg>
<arg>CC</arg>
<arg>CD</arg>
<arg>CF</arg>
<arg>CG</arg>
<arg>CH</arg>
<arg>CI</arg>
<arg>CK</arg>
<arg>CL</arg>
<arg>CM</arg>
<arg>CN</arg>
<arg>CO</arg>
<arg>CR</arg>
<arg>CU</arg>
<arg>CV</arg>
<arg>CW</arg>
<arg>CX</arg>
<arg>CY</arg>
<arg>CZ</arg>
<arg>DE</arg>
<arg>DJ</arg>
<arg>DK</arg>
<arg>DM</arg>
<arg>DO</arg>
<arg>DZ</arg>
<arg>EC</arg>
<arg>EE</arg>
<arg>EG</arg>
<arg>EH</arg>
<arg>ER</arg>
<arg>ES</arg>
<arg>ET</arg>
<arg>FI</arg>
<arg>FJ</arg>
<arg>FK</arg>
<arg>FM</arg>
<arg>FO</arg>
<arg>FR</arg>
<arg>GA</arg>
<arg>GB</arg>
<arg>GD</arg>
<arg>GE</arg>
<arg>GF</arg>
<arg>GG</arg>
<arg>GH</arg>
<arg>GI</arg>
<arg>GL</arg>
<arg>GM</arg>
<arg>GN</arg>
<arg>GP</arg>
<arg>GQ</arg>
<arg>GR</arg>
<arg>GS</arg>
<arg>GT</arg>
<arg>GU</arg>
<arg>GW</arg>
<arg>GY</arg>
<arg>HK</arg>
<arg>HM</arg>
<arg>HN</arg>
<arg>HR</arg>
<arg>HT</arg>
<arg>HU</arg>
<arg>ID</arg>
<arg>IE</arg>
<arg>IL</arg>
<arg>IM</arg>
<arg>IN</arg>
<arg>IO</arg>
<arg>IQ</arg>
<arg>IR</arg>
<arg>IS</arg>
<arg>IT</arg>
<arg>JE</arg>
<arg>JM</arg>
<arg>JO</arg>
<arg>JP</arg>
<arg>KE</arg>
<arg>KG</arg>
<arg>KH</arg>
<arg>KI</arg>
<arg>KM</arg>
<arg>KN</arg>
<arg>KP</arg>
<arg>KR</arg>
<arg>KW</arg>
<arg>KY</arg>
<arg>KZ</arg>
<arg>LA</arg>
<arg>LB</arg>
<arg>LC</arg>
<arg>LI</arg>
<arg>LK</arg>
<arg>LR</arg>
<arg>LS</arg>
<arg>LT</arg>
<arg>LU</arg>
<arg>LV</arg>
<arg>LY</arg>
<arg>MA</arg>
<arg>MC</arg>
<arg>MD</arg>
<arg>ME</arg>
<arg>MF</arg>
<arg>MG</arg>
<arg>MH</arg>
<arg>MK</arg>
<arg>ML</arg>
<arg>MM</arg>
<arg>MN</arg>
<arg>MO</arg>
<arg>MP</arg>
<arg>MQ</arg>
<arg>MR</arg>
<arg>MS</arg>
<arg>MT</arg>
<arg>MU</arg>
<arg>MV</arg>
<arg>MW</arg>
<arg>MX</arg>
<arg>MY</arg>
<arg>MZ</arg>
<arg>NA</arg>
<arg>NC</arg>
<arg>NE</arg>
<arg>NF</arg>
<arg>NG</arg>
<arg>NI</arg>
<arg>NL</arg>
<arg>NO</arg>
<arg>NP</arg>
<arg>NR</arg>
<arg>NU</arg>
<arg>NZ</arg>
<arg>OM</arg>
<arg>PA</arg>
<arg>PE</arg>
<arg>PF</arg>
<arg>PG</arg>
<arg>PH</arg>
<arg>PK</arg>
<arg>PL</arg>
<arg>PM</arg>
<arg>PN</arg>
<arg>PR</arg>
<arg>PS</arg>
<arg>PT</arg>
<arg>PW</arg>
<arg>PY</arg>
<arg>QA</arg>
<arg>RE</arg>
<arg>RO</arg>
<arg>RS</arg>
<arg>RU</arg>
<arg>RW</arg>
<arg>SA</arg>
<arg>SB</arg>
<arg>SC</arg>
<arg>SD</arg>
<arg>SE</arg>
<arg>SG</arg>
<arg>SH</arg>
<arg>SI</arg>
<arg>SJ</arg>
<arg>SK</arg>
<arg>SL</arg>
<arg>SM</arg>
<arg>SN</arg>
<arg>SO</arg>
<arg>SR</arg>
<arg>SS</arg>
<arg>ST</arg>
<arg>SV</arg>
<arg>SX</arg>
<arg>SY</arg>
<arg>SZ</arg>
<arg>TC</arg>
<arg>TD</arg>
<arg>TF</arg>
<arg>TG</arg>
<arg>TH</arg>
<arg>TJ</arg>
<arg>TK</arg>
<arg>TL</arg>
<arg>TM</arg>
<arg>TN</arg>
<arg>TO</arg>
<arg>TR</arg>
<arg>TT</arg>
<arg>TV</arg>
<arg>TW</arg>
<arg>TZ</arg>
<arg>UA</arg>
<arg>UG</arg>
<arg>UM</arg>
<arg>US</arg>
<arg>UY</arg>
<arg>UZ</arg>
<arg>VA</arg>
<arg>VC</arg>
<arg>VE</arg>
<arg>VG</arg>
<arg>VI</arg>
<arg>VN</arg>
<arg>VU</arg>
<arg>WF</arg>
<arg>WS</arg>
<arg>XK</arg>
<arg>YE</arg>
<arg>YT</arg>
<arg>ZA</arg>
<arg>ZM</arg>
<arg>ZW</arg>
<doc>Returns a list containing given items.</doc>
<status status="PASS" start="2024-07-19T14:15:40.405047" elapsed="0.000609"/>
</kw>
<kw name="List Should Contain Value" owner="Collections">
<arg>${list_country}</arg>
<arg>${name_country}</arg>
<doc>Fails if the ``value`` is not found from ``list``.</doc>
<status status="PASS" start="2024-07-19T14:15:40.406671" elapsed="0.000210"/>
</kw>
<kw name="Run Keyword If" owner="BuiltIn">
<kw name="Should Be True" owner="BuiltIn">
<arg>${True}</arg>
<doc>Fails if the given condition is not true.</doc>
<status status="PASS" start="2024-07-19T14:15:40.407832" elapsed="0.000144"/>
</kw>
<arg>${json_data["results"][0]["location"]["coordinates"]["latitude"]} &gt;= -90 and ${json_data["results"][0]["location"]["coordinates"]["latitude"]} &lt;= 90</arg>
<arg>Should Be True</arg>
<arg>${True}</arg>
<doc>Runs the given keyword with the given arguments, if ``condition`` is true.</doc>
<status status="PASS" start="2024-07-19T14:15:40.407084" elapsed="0.001018"/>
</kw>
<kw name="Run Keyword If" owner="BuiltIn">
<kw name="Should Be True" owner="BuiltIn">
<arg>${True}</arg>
<doc>Fails if the given condition is not true.</doc>
<status status="PASS" start="2024-07-19T14:15:40.408978" elapsed="0.000137"/>
</kw>
<arg>${json_data["results"][0]["location"]["coordinates"]["longitude"]} &gt;= -180 and ${json_data["results"][0]["location"]["coordinates"]["longitude"]} &lt;= 180</arg>
<arg>Should Be True</arg>
<arg>${True}</arg>
<doc>Runs the given keyword with the given arguments, if ``condition`` is true.</doc>
<status status="PASS" start="2024-07-19T14:15:40.408283" elapsed="0.000954"/>
</kw>
<status status="PASS" start="2024-07-19T14:15:40.328135" elapsed="0.081236"/>
</kw>
<doc>Testa o conteúdo específico dos campos retornados pela API.</doc>
<tag>testeConteudo</tag>
<status status="PASS" start="2024-07-19T14:15:40.327656" elapsed="0.081865"/>
</test>
<status status="PASS" start="2024-07-19T14:15:39.299702" elapsed="1.111827"/>
</suite>
<status status="PASS" start="2024-07-19T14:15:39.273079" elapsed="1.143443"/>
</suite>
<statistics>
<total>
<stat pass="5" fail="0" skip="0">All Tests</stat>
</total>
<tag>
<stat pass="1" fail="0" skip="0">testeConteudo</stat>
<stat pass="1" fail="0" skip="0">testeEstruturaResposta</stat>
<stat pass="1" fail="0" skip="0">testeRequisicaoBasica</stat>
<stat pass="1" fail="0" skip="0">testeTiposDados</stat>
</tag>
<suite>
<stat pass="5" fail="0" skip="0" id="s1" name="Tests">Tests</stat>
<stat pass="5" fail="0" skip="0" id="s1-s1" name="Random-User-Test">Tests.Random-User-Test</stat>
</suite>
</statistics>
<errors>
</errors>
</robot>
