<?xml version="1.0" encoding="UTF-8"?>
<robot generator="Robot 7.0 (Python 3.12.2 on linux)" generated="2024-03-30T15:14:06.665898" rpa="false" schemaversion="5">
<suite id="s1" name="Tests" source="/home/runner/work/DesafioQAItauRogerioJordao/DesafioQAItauRogerioJordao/RamdonUser/tests">
<suite id="s1-s1" name="Random-User-Test" source="/home/runner/work/DesafioQAItauRogerioJordao/DesafioQAItauRogerioJordao/RamdonUser/tests/random-user-test.robot">
<test id="s1-s1-t1" name="Conectar" line="13">
<kw name="Conectar API" owner="random-user-service">
<kw name="Create Session" owner="RequestsLibrary">
<msg time="2024-03-30T15:14:07.130623" level="INFO">Creating Session using : alias=consultarAPI, url=https://randomuser.me/, headers={},                     cookies={}, auth=None, timeout=None, proxies=None, verify=False,                     debug=0 </msg>
<arg>consultarAPI</arg>
<arg>${URL}</arg>
<doc>Create Session: create a HTTP session to a server</doc>
<status status="PASS" start="2024-03-30T15:14:07.130345" elapsed="0.000559"/>
</kw>
<status status="PASS" start="2024-03-30T15:14:07.129260" elapsed="0.002057"/>
</kw>
<status status="PASS" start="2024-03-30T15:14:07.128694" elapsed="0.002892"/>
</test>
<test id="s1-s1-t2" name="Validar retorno 200 e JSON Válido" line="16">
<kw name="Teste de Requisicao Basica" owner="random-user-service">
<kw name="GET On Session" owner="RequestsLibrary">
<msg time="2024-03-30T15:14:07.281829" level="INFO">GET Request : url=https://randomuser.me/api 
 path_url=/api 
 headers={'User-Agent': 'python-requests/2.31.0', 'Accept-Encoding': 'gzip, deflate', 'Accept': '*/*', 'Connection': 'keep-alive'} 
 body=None 
 </msg>
<msg time="2024-03-30T15:14:07.282005" level="INFO">GET Response : url=https://randomuser.me/api 
 status=200, reason=OK 
 headers={'Date': 'Sat, 30 Mar 2024 15:14:07 GMT', 'Content-Type': 'application/json; charset=utf-8', 'Transfer-Encoding': 'chunked', 'Connection': 'keep-alive', 'X-Powered-By': 'Express', 'Access-Control-Allow-Origin': '*', 'Cache-Control': 'no-cache', 'ETag': 'W/"49d-Za2zY/83G+4Xtj4vY3YK7dPDLq8"', 'Vary': 'Accept-Encoding', 'Content-Encoding': 'gzip', 'CF-Cache-Status': 'DYNAMIC', 'Report-To': '{"endpoints":[{"url":"https:\\/\\/a.nel.cloudflare.com\\/report\\/v4?s=76xoTb3QXjUgaunq0NszoRA1qF60YKGO6RvoDMRxD2lx91NbEwuT1HxyrzqARitySZGh19yVFZ2YoSFaekt1ejM0Tzue66BmoSMKBTzzSDTpsi1aV%2F0RiohELuW8vp42"}],"group":"cf-nel","max_age":604800}', 'NEL': '{"success_fraction":0,"report_to":"cf-nel","max_age":604800}', 'Server': 'cloudflare', 'CF-RAY': '86c90c2acb13638d-ORD', 'alt-svc': 'h3=":443"; ma=86400'} 
 body={"results":[{"gender":"female","name":{"title":"Mrs","first":"Isabella","last":"Thomsen"},"location":{"street":{"number":7818,"name":"Tjørnevej"},"city":"Kvistgaard","state":"Syddanmark","country":"Denmark","postcode":93457,"coordinates":{"latitude":"-40.2471","longitude":"143.5074"},"timezone":{"offset":"+11:00","description":"Magadan, Solomon Islands, New Caledonia"}},"email":"isabella.thomsen@example.com","login":{"uuid":"6f6fcd6f-e420-4a53-9a5f-a6daa70dfc66","username":"yellowostrich488","password":"finally","salt":"phaOwm3O","md5":"28293da90fb73ea5965ce8c74eb770bb","sha1":"fb5e1ec12ff15b21c4290ead9cb11f549c58a7e3","sha256":"15a2bfd3be76fb227033120aa2bac84c97fdf7bc6427b731f0f36c24c4084343"},"dob":{"date":"1992-04-21T00:15:04.824Z","age":31},"registered":{"date":"2014-12-26T22:37:34.648Z","age":9},"phone":"40897447","cell":"00186937","id":{"name":"CPR","value":"200492-9479"},"picture":{"large":"https://randomuser.me/api/portraits/women/65.jpg","medium":"https://randomuser.me/api/portraits/med/women/65.jpg","thumbnail":"https://randomuser.me/api/portraits/thumb/women/65.jpg"},"nat":"DK"}],"info":{"seed":"b044bcf57dd59a62","results":1,"page":1,"version":"1.4"}} 
 </msg>
<msg time="2024-03-30T15:14:07.282126" level="INFO">/opt/hostedtoolcache/Python/3.12.2/x64/lib/python3.12/site-packages/urllib3/connectionpool.py:1103: InsecureRequestWarning: Unverified HTTPS request is being made to host 'randomuser.me'. Adding certificate verification is strongly advised. See: https://urllib3.readthedocs.io/en/latest/advanced-usage.html#tls-warnings
  warnings.warn(</msg>
<msg time="2024-03-30T15:14:07.282275" level="INFO">${response} = &lt;Response [200]&gt;</msg>
<var>${response}</var>
<arg>consultarAPI</arg>
<arg>/api</arg>
<doc>Sends a GET request on a previously created HTTP Session.</doc>
<status status="PASS" start="2024-03-30T15:14:07.134321" elapsed="0.147995"/>
</kw>
<kw name="Should Be Equal As Numbers" owner="BuiltIn">
<msg time="2024-03-30T15:14:07.283367" level="INFO">Argument types are:
&lt;class 'int'&gt;
&lt;class 'str'&gt;</msg>
<arg>${response.status_code}</arg>
<arg>200</arg>
<doc>Fails if objects are unequal after converting them to real numbers.</doc>
<status status="PASS" start="2024-03-30T15:14:07.282884" elapsed="0.000554"/>
</kw>
<kw name="Log" owner="BuiltIn">
<msg time="2024-03-30T15:14:07.284210" level="INFO">200</msg>
<arg>${response.status_code}</arg>
<doc>Logs the given message with the given level.</doc>
<status status="PASS" start="2024-03-30T15:14:07.283799" elapsed="0.000467"/>
</kw>
<kw name="Set Variable" owner="BuiltIn">
<msg time="2024-03-30T15:14:07.285085" level="INFO">${json_data} = {'results': [{'gender': 'female', 'name': {'title': 'Mrs', 'first': 'Isabella', 'last': 'Thomsen'}, 'location': {'street': {'number': 7818, 'name': 'Tjørnevej'}, 'city': 'Kvistgaard', 'state': 'Syddan...</msg>
<var>${json_data}</var>
<arg>${response.json()}</arg>
<doc>Returns the given values which can then be assigned to a variables.</doc>
<status status="PASS" start="2024-03-30T15:14:07.284614" elapsed="0.000500"/>
</kw>
<kw name="Dictionary Should Contain Key" owner="Collections">
<msg time="2024-03-30T15:14:07.285601" level="INFO">False</msg>
<arg>${json_data}</arg>
<arg>results</arg>
<doc>Fails if ``key`` is not found from ``dictionary``.</doc>
<status status="PASS" start="2024-03-30T15:14:07.285427" elapsed="0.000214"/>
</kw>
<status status="PASS" start="2024-03-30T15:14:07.134059" elapsed="0.151848"/>
</kw>
<doc>Testa se a API responde corretamente e retorna um objeto JSON válido.</doc>
<tag>testeRequisicaoBasica</tag>
<status status="PASS" start="2024-03-30T15:14:07.133507" elapsed="0.152595"/>
</test>
<test id="s1-s1-t3" name="Validar estrutura de resposta" line="22">
<kw name="Teste de Estrutura de Resposta" owner="random-user-service">
<kw name="GET On Session" owner="RequestsLibrary">
<msg time="2024-03-30T15:14:07.346593" level="INFO">GET Request : url=https://randomuser.me/api 
 path_url=/api 
 headers={'User-Agent': 'python-requests/2.31.0', 'Accept-Encoding': 'gzip, deflate', 'Accept': '*/*', 'Connection': 'keep-alive'} 
 body=None 
 </msg>
<msg time="2024-03-30T15:14:07.346714" level="INFO">GET Response : url=https://randomuser.me/api 
 status=200, reason=OK 
 headers={'Date': 'Sat, 30 Mar 2024 15:14:07 GMT', 'Content-Type': 'application/json; charset=utf-8', 'Transfer-Encoding': 'chunked', 'Connection': 'keep-alive', 'X-Powered-By': 'Express', 'Access-Control-Allow-Origin': '*', 'Cache-Control': 'no-cache', 'ETag': 'W/"487-LGKZ9+Rxjx/P0lc/goOg4RxP5kA"', 'Vary': 'Accept-Encoding', 'Content-Encoding': 'gzip', 'CF-Cache-Status': 'DYNAMIC', 'Report-To': '{"endpoints":[{"url":"https:\\/\\/a.nel.cloudflare.com\\/report\\/v4?s=LtrmnXQSZyoQ57rmfRHKCsuPi8G2Xkgry1xGJM1EejXe%2FeybAJ7Kj%2FK6fdtvOc%2BAHXmSjbyITF6bw7DE2z3GZuJRV72ymoRJVRrtD22dF9e0szdbfsgNQxqCwRw9UNaG"}],"group":"cf-nel","max_age":604800}', 'NEL': '{"success_fraction":0,"report_to":"cf-nel","max_age":604800}', 'Server': 'cloudflare', 'CF-RAY': '86c90c2b8bb6638d-ORD', 'alt-svc': 'h3=":443"; ma=86400'} 
 body={"results":[{"gender":"male","name":{"title":"Mr","first":"Jeffery","last":"Meyer"},"location":{"street":{"number":3549,"name":"Bridge Road"},"city":"Southampton","state":"Devon","country":"United Kingdom","postcode":"P4T 1ND","coordinates":{"latitude":"-7.5832","longitude":"-20.8030"},"timezone":{"offset":"+7:00","description":"Bangkok, Hanoi, Jakarta"}},"email":"jeffery.meyer@example.com","login":{"uuid":"79c51c4c-569e-4669-9f8e-3eb015266a0a","username":"orangewolf290","password":"zxc123","salt":"uzL6xzL2","md5":"100e4c7b8bc7ca2bfce8540440526b68","sha1":"6f1b776e96702d663c95aed6f9a40d72b9206370","sha256":"c344a9a113333efcf60b4d4be7a165b3d6d9af7e39bbc85bbcf38f321fb54fc3"},"dob":{"date":"1997-07-21T11:23:59.991Z","age":26},"registered":{"date":"2016-05-23T03:06:22.307Z","age":7},"phone":"016977 9334","cell":"07313 383245","id":{"name":"NINO","value":"GH 74 20 33 A"},"picture":{"large":"https://randomuser.me/api/portraits/men/0.jpg","medium":"https://randomuser.me/api/portraits/med/men/0.jpg","thumbnail":"https://randomuser.me/api/portraits/thumb/men/0.jpg"},"nat":"GB"}],"info":{"seed":"c7742e1359c39bf0","results":1,"page":1,"version":"1.4"}} 
 </msg>
<msg time="2024-03-30T15:14:07.346877" level="INFO">/opt/hostedtoolcache/Python/3.12.2/x64/lib/python3.12/site-packages/urllib3/connectionpool.py:1103: InsecureRequestWarning: Unverified HTTPS request is being made to host 'randomuser.me'. Adding certificate verification is strongly advised. See: https://urllib3.readthedocs.io/en/latest/advanced-usage.html#tls-warnings
  warnings.warn(</msg>
<msg time="2024-03-30T15:14:07.347020" level="INFO">${response} = &lt;Response [200]&gt;</msg>
<var>${response}</var>
<arg>consultarAPI</arg>
<arg>/api</arg>
<doc>Sends a GET request on a previously created HTTP Session.</doc>
<status status="PASS" start="2024-03-30T15:14:07.288916" elapsed="0.058145"/>
</kw>
<kw name="Set Variable" owner="BuiltIn">
<msg time="2024-03-30T15:14:07.348114" level="INFO">${json_data} = {'results': [{'gender': 'male', 'name': {'title': 'Mr', 'first': 'Jeffery', 'last': 'Meyer'}, 'location': {'street': {'number': 3549, 'name': 'Bridge Road'}, 'city': 'Southampton', 'state': 'Devon', '...</msg>
<var>${json_data}</var>
<arg>${response.json()}</arg>
<doc>Returns the given values which can then be assigned to a variables.</doc>
<status status="PASS" start="2024-03-30T15:14:07.347574" elapsed="0.000569"/>
</kw>
<kw name="Log" owner="BuiltIn">
<msg time="2024-03-30T15:14:07.348706" level="INFO">{'results': [{'gender': 'male', 'name': {'title': 'Mr', 'first': 'Jeffery', 'last': 'Meyer'}, 'location': {'street': {'number': 3549, 'name': 'Bridge Road'}, 'city': 'Southampton', 'state': 'Devon', 'country': 'United Kingdom', 'postcode': 'P4T 1ND', 'coordinates': {'latitude': '-7.5832', 'longitude': '-20.8030'}, 'timezone': {'offset': '+7:00', 'description': 'Bangkok, Hanoi, Jakarta'}}, 'email': 'jeffery.meyer@example.com', 'login': {'uuid': '79c51c4c-569e-4669-9f8e-3eb015266a0a', 'username': 'orangewolf290', 'password': 'zxc123', 'salt': 'uzL6xzL2', 'md5': '100e4c7b8bc7ca2bfce8540440526b68', 'sha1': '6f1b776e96702d663c95aed6f9a40d72b9206370', 'sha256': 'c344a9a113333efcf60b4d4be7a165b3d6d9af7e39bbc85bbcf38f321fb54fc3'}, 'dob': {'date': '1997-07-21T11:23:59.991Z', 'age': 26}, 'registered': {'date': '2016-05-23T03:06:22.307Z', 'age': 7}, 'phone': '016977 9334', 'cell': '07313 383245', 'id': {'name': 'NINO', 'value': 'GH 74 20 33 A'}, 'picture': {'large': 'https://randomuser.me/api/portraits/men/0.jpg', 'medium': 'https://randomuser.me/api/portraits/med/men/0.jpg', 'thumbnail': 'https://randomuser.me/api/portraits/thumb/men/0.jpg'}, 'nat': 'GB'}], 'info': {'seed': 'c7742e1359c39bf0', 'results': 1, 'page': 1, 'version': '1.4'}}</msg>
<arg>${json_data}</arg>
<doc>Logs the given message with the given level.</doc>
<status status="PASS" start="2024-03-30T15:14:07.348533" elapsed="0.000223"/>
</kw>
<kw name="Dictionary Should Contain Key" owner="Collections">
<msg time="2024-03-30T15:14:07.349231" level="INFO">False</msg>
<arg>${json_data}</arg>
<arg>results</arg>
<doc>Fails if ``key`` is not found from ``dictionary``.</doc>
<status status="PASS" start="2024-03-30T15:14:07.349067" elapsed="0.000203"/>
</kw>
<kw name="Should Not Be Empty" owner="BuiltIn">
<msg time="2024-03-30T15:14:07.349703" level="INFO">Length is 2.</msg>
<arg>${json_data}</arg>
<doc>Verifies that the given item is not empty.</doc>
<status status="PASS" start="2024-03-30T15:14:07.349567" elapsed="0.000176"/>
</kw>
<kw name="Create List" owner="BuiltIn">
<msg time="2024-03-30T15:14:07.350194" level="INFO">${expected_keys} = ['gender', 'name', 'location', 'email', 'login']</msg>
<var>${expected_keys}</var>
<arg>gender</arg>
<arg>name</arg>
<arg>location</arg>
<arg>email</arg>
<arg>login</arg>
<doc>Returns a list containing given items.</doc>
<status status="PASS" start="2024-03-30T15:14:07.350036" elapsed="0.000182"/>
</kw>
<for flavor="IN">
<iter>
<kw name="Dictionary Should Contain Key" owner="Collections">
<msg time="2024-03-30T15:14:07.351241" level="INFO">False</msg>
<arg>${json_data['results'][0]}</arg>
<arg>${key}</arg>
<doc>Fails if ``key`` is not found from ``dictionary``.</doc>
<status status="PASS" start="2024-03-30T15:14:07.350818" elapsed="0.000464"/>
</kw>
<kw name="Log" owner="BuiltIn">
<msg time="2024-03-30T15:14:07.351980" level="INFO">{'gender': 'male', 'name': {'title': 'Mr', 'first': 'Jeffery', 'last': 'Meyer'}, 'location': {'street': {'number': 3549, 'name': 'Bridge Road'}, 'city': 'Southampton', 'state': 'Devon', 'country': 'United Kingdom', 'postcode': 'P4T 1ND', 'coordinates': {'latitude': '-7.5832', 'longitude': '-20.8030'}, 'timezone': {'offset': '+7:00', 'description': 'Bangkok, Hanoi, Jakarta'}}, 'email': 'jeffery.meyer@example.com', 'login': {'uuid': '79c51c4c-569e-4669-9f8e-3eb015266a0a', 'username': 'orangewolf290', 'password': 'zxc123', 'salt': 'uzL6xzL2', 'md5': '100e4c7b8bc7ca2bfce8540440526b68', 'sha1': '6f1b776e96702d663c95aed6f9a40d72b9206370', 'sha256': 'c344a9a113333efcf60b4d4be7a165b3d6d9af7e39bbc85bbcf38f321fb54fc3'}, 'dob': {'date': '1997-07-21T11:23:59.991Z', 'age': 26}, 'registered': {'date': '2016-05-23T03:06:22.307Z', 'age': 7}, 'phone': '016977 9334', 'cell': '07313 383245', 'id': {'name': 'NINO', 'value': 'GH 74 20 33 A'}, 'picture': {'large': 'https://randomuser.me/api/portraits/men/0.jpg', 'medium': 'https://randomuser.me/api/portraits/med/men/0.jpg', 'thumbnail': 'https://randomuser.me/api/portraits/thumb/men/0.jpg'}, 'nat': 'GB'}</msg>
<arg>${json_data['results'][0]}</arg>
<doc>Logs the given message with the given level.</doc>
<status status="PASS" start="2024-03-30T15:14:07.351597" elapsed="0.000437"/>
</kw>
<kw name="Log" owner="BuiltIn">
<msg time="2024-03-30T15:14:07.352502" level="INFO">gender</msg>
<arg>${key}</arg>
<doc>Logs the given message with the given level.</doc>
<status status="PASS" start="2024-03-30T15:14:07.352366" elapsed="0.000176"/>
</kw>
<var name="${key}">gender</var>
<status status="PASS" start="2024-03-30T15:14:07.350690" elapsed="0.002078"/>
</iter>
<iter>
<kw name="Dictionary Should Contain Key" owner="Collections">
<msg time="2024-03-30T15:14:07.353468" level="INFO">False</msg>
<arg>${json_data['results'][0]}</arg>
<arg>${key}</arg>
<doc>Fails if ``key`` is not found from ``dictionary``.</doc>
<status status="PASS" start="2024-03-30T15:14:07.353082" elapsed="0.000425"/>
</kw>
<kw name="Log" owner="BuiltIn">
<msg time="2024-03-30T15:14:07.354210" level="INFO">{'gender': 'male', 'name': {'title': 'Mr', 'first': 'Jeffery', 'last': 'Meyer'}, 'location': {'street': {'number': 3549, 'name': 'Bridge Road'}, 'city': 'Southampton', 'state': 'Devon', 'country': 'United Kingdom', 'postcode': 'P4T 1ND', 'coordinates': {'latitude': '-7.5832', 'longitude': '-20.8030'}, 'timezone': {'offset': '+7:00', 'description': 'Bangkok, Hanoi, Jakarta'}}, 'email': 'jeffery.meyer@example.com', 'login': {'uuid': '79c51c4c-569e-4669-9f8e-3eb015266a0a', 'username': 'orangewolf290', 'password': 'zxc123', 'salt': 'uzL6xzL2', 'md5': '100e4c7b8bc7ca2bfce8540440526b68', 'sha1': '6f1b776e96702d663c95aed6f9a40d72b9206370', 'sha256': 'c344a9a113333efcf60b4d4be7a165b3d6d9af7e39bbc85bbcf38f321fb54fc3'}, 'dob': {'date': '1997-07-21T11:23:59.991Z', 'age': 26}, 'registered': {'date': '2016-05-23T03:06:22.307Z', 'age': 7}, 'phone': '016977 9334', 'cell': '07313 383245', 'id': {'name': 'NINO', 'value': 'GH 74 20 33 A'}, 'picture': {'large': 'https://randomuser.me/api/portraits/men/0.jpg', 'medium': 'https://randomuser.me/api/portraits/med/men/0.jpg', 'thumbnail': 'https://randomuser.me/api/portraits/thumb/men/0.jpg'}, 'nat': 'GB'}</msg>
<arg>${json_data['results'][0]}</arg>
<doc>Logs the given message with the given level.</doc>
<status status="PASS" start="2024-03-30T15:14:07.353842" elapsed="0.000416"/>
</kw>
<kw name="Log" owner="BuiltIn">
<msg time="2024-03-30T15:14:07.354688" level="INFO">name</msg>
<arg>${key}</arg>
<doc>Logs the given message with the given level.</doc>
<status status="PASS" start="2024-03-30T15:14:07.354559" elapsed="0.000178"/>
</kw>
<var name="${key}">name</var>
<status status="PASS" start="2024-03-30T15:14:07.352966" elapsed="0.001990"/>
</iter>
<iter>
<kw name="Dictionary Should Contain Key" owner="Collections">
<msg time="2024-03-30T15:14:07.355637" level="INFO">False</msg>
<arg>${json_data['results'][0]}</arg>
<arg>${key}</arg>
<doc>Fails if ``key`` is not found from ``dictionary``.</doc>
<status status="PASS" start="2024-03-30T15:14:07.355253" elapsed="0.000423"/>
</kw>
<kw name="Log" owner="BuiltIn">
<msg time="2024-03-30T15:14:07.356366" level="INFO">{'gender': 'male', 'name': {'title': 'Mr', 'first': 'Jeffery', 'last': 'Meyer'}, 'location': {'street': {'number': 3549, 'name': 'Bridge Road'}, 'city': 'Southampton', 'state': 'Devon', 'country': 'United Kingdom', 'postcode': 'P4T 1ND', 'coordinates': {'latitude': '-7.5832', 'longitude': '-20.8030'}, 'timezone': {'offset': '+7:00', 'description': 'Bangkok, Hanoi, Jakarta'}}, 'email': 'jeffery.meyer@example.com', 'login': {'uuid': '79c51c4c-569e-4669-9f8e-3eb015266a0a', 'username': 'orangewolf290', 'password': 'zxc123', 'salt': 'uzL6xzL2', 'md5': '100e4c7b8bc7ca2bfce8540440526b68', 'sha1': '6f1b776e96702d663c95aed6f9a40d72b9206370', 'sha256': 'c344a9a113333efcf60b4d4be7a165b3d6d9af7e39bbc85bbcf38f321fb54fc3'}, 'dob': {'date': '1997-07-21T11:23:59.991Z', 'age': 26}, 'registered': {'date': '2016-05-23T03:06:22.307Z', 'age': 7}, 'phone': '016977 9334', 'cell': '07313 383245', 'id': {'name': 'NINO', 'value': 'GH 74 20 33 A'}, 'picture': {'large': 'https://randomuser.me/api/portraits/men/0.jpg', 'medium': 'https://randomuser.me/api/portraits/med/men/0.jpg', 'thumbnail': 'https://randomuser.me/api/portraits/thumb/men/0.jpg'}, 'nat': 'GB'}</msg>
<arg>${json_data['results'][0]}</arg>
<doc>Logs the given message with the given level.</doc>
<status status="PASS" start="2024-03-30T15:14:07.355978" elapsed="0.000441"/>
</kw>
<kw name="Log" owner="BuiltIn">
<msg time="2024-03-30T15:14:07.356844" level="INFO">location</msg>
<arg>${key}</arg>
<doc>Logs the given message with the given level.</doc>
<status status="PASS" start="2024-03-30T15:14:07.356715" elapsed="0.000169"/>
</kw>
<var name="${key}">location</var>
<status status="PASS" start="2024-03-30T15:14:07.355141" elapsed="0.001963"/>
</iter>
<iter>
<kw name="Dictionary Should Contain Key" owner="Collections">
<msg time="2024-03-30T15:14:07.357772" level="INFO">False</msg>
<arg>${json_data['results'][0]}</arg>
<arg>${key}</arg>
<doc>Fails if ``key`` is not found from ``dictionary``.</doc>
<status status="PASS" start="2024-03-30T15:14:07.357391" elapsed="0.000419"/>
</kw>
<kw name="Log" owner="BuiltIn">
<msg time="2024-03-30T15:14:07.358485" level="INFO">{'gender': 'male', 'name': {'title': 'Mr', 'first': 'Jeffery', 'last': 'Meyer'}, 'location': {'street': {'number': 3549, 'name': 'Bridge Road'}, 'city': 'Southampton', 'state': 'Devon', 'country': 'United Kingdom', 'postcode': 'P4T 1ND', 'coordinates': {'latitude': '-7.5832', 'longitude': '-20.8030'}, 'timezone': {'offset': '+7:00', 'description': 'Bangkok, Hanoi, Jakarta'}}, 'email': 'jeffery.meyer@example.com', 'login': {'uuid': '79c51c4c-569e-4669-9f8e-3eb015266a0a', 'username': 'orangewolf290', 'password': 'zxc123', 'salt': 'uzL6xzL2', 'md5': '100e4c7b8bc7ca2bfce8540440526b68', 'sha1': '6f1b776e96702d663c95aed6f9a40d72b9206370', 'sha256': 'c344a9a113333efcf60b4d4be7a165b3d6d9af7e39bbc85bbcf38f321fb54fc3'}, 'dob': {'date': '1997-07-21T11:23:59.991Z', 'age': 26}, 'registered': {'date': '2016-05-23T03:06:22.307Z', 'age': 7}, 'phone': '016977 9334', 'cell': '07313 383245', 'id': {'name': 'NINO', 'value': 'GH 74 20 33 A'}, 'picture': {'large': 'https://randomuser.me/api/portraits/men/0.jpg', 'medium': 'https://randomuser.me/api/portraits/med/men/0.jpg', 'thumbnail': 'https://randomuser.me/api/portraits/thumb/men/0.jpg'}, 'nat': 'GB'}</msg>
<arg>${json_data['results'][0]}</arg>
<doc>Logs the given message with the given level.</doc>
<status status="PASS" start="2024-03-30T15:14:07.358109" elapsed="0.000424"/>
</kw>
<kw name="Log" owner="BuiltIn">
<msg time="2024-03-30T15:14:07.358950" level="INFO">email</msg>
<arg>${key}</arg>
<doc>Logs the given message with the given level.</doc>
<status status="PASS" start="2024-03-30T15:14:07.358824" elapsed="0.000164"/>
</kw>
<var name="${key}">email</var>
<status status="PASS" start="2024-03-30T15:14:07.357281" elapsed="0.001925"/>
</iter>
<iter>
<kw name="Dictionary Should Contain Key" owner="Collections">
<msg time="2024-03-30T15:14:07.359886" level="INFO">False</msg>
<arg>${json_data['results'][0]}</arg>
<arg>${key}</arg>
<doc>Fails if ``key`` is not found from ``dictionary``.</doc>
<status status="PASS" start="2024-03-30T15:14:07.359495" elapsed="0.000430"/>
</kw>
<kw name="Log" owner="BuiltIn">
<msg time="2024-03-30T15:14:07.360607" level="INFO">{'gender': 'male', 'name': {'title': 'Mr', 'first': 'Jeffery', 'last': 'Meyer'}, 'location': {'street': {'number': 3549, 'name': 'Bridge Road'}, 'city': 'Southampton', 'state': 'Devon', 'country': 'United Kingdom', 'postcode': 'P4T 1ND', 'coordinates': {'latitude': '-7.5832', 'longitude': '-20.8030'}, 'timezone': {'offset': '+7:00', 'description': 'Bangkok, Hanoi, Jakarta'}}, 'email': 'jeffery.meyer@example.com', 'login': {'uuid': '79c51c4c-569e-4669-9f8e-3eb015266a0a', 'username': 'orangewolf290', 'password': 'zxc123', 'salt': 'uzL6xzL2', 'md5': '100e4c7b8bc7ca2bfce8540440526b68', 'sha1': '6f1b776e96702d663c95aed6f9a40d72b9206370', 'sha256': 'c344a9a113333efcf60b4d4be7a165b3d6d9af7e39bbc85bbcf38f321fb54fc3'}, 'dob': {'date': '1997-07-21T11:23:59.991Z', 'age': 26}, 'registered': {'date': '2016-05-23T03:06:22.307Z', 'age': 7}, 'phone': '016977 9334', 'cell': '07313 383245', 'id': {'name': 'NINO', 'value': 'GH 74 20 33 A'}, 'picture': {'large': 'https://randomuser.me/api/portraits/men/0.jpg', 'medium': 'https://randomuser.me/api/portraits/med/men/0.jpg', 'thumbnail': 'https://randomuser.me/api/portraits/thumb/men/0.jpg'}, 'nat': 'GB'}</msg>
<arg>${json_data['results'][0]}</arg>
<doc>Logs the given message with the given level.</doc>
<status status="PASS" start="2024-03-30T15:14:07.360245" elapsed="0.000409"/>
</kw>
<kw name="Log" owner="BuiltIn">
<msg time="2024-03-30T15:14:07.361075" level="INFO">login</msg>
<arg>${key}</arg>
<doc>Logs the given message with the given level.</doc>
<status status="PASS" start="2024-03-30T15:14:07.360946" elapsed="0.000281"/>
</kw>
<var name="${key}">login</var>
<status status="PASS" start="2024-03-30T15:14:07.359383" elapsed="0.002108"/>
</iter>
<var>${key}</var>
<value>@{expected_keys}</value>
<status status="PASS" start="2024-03-30T15:14:07.350490" elapsed="0.011132"/>
</for>
<kw name="Create List" owner="BuiltIn">
<msg time="2024-03-30T15:14:07.361964" level="INFO">${expected_keysTwo} = ['username', 'password']</msg>
<var>${expected_keysTwo}</var>
<arg>username</arg>
<arg>password</arg>
<doc>Returns a list containing given items.</doc>
<status status="PASS" start="2024-03-30T15:14:07.361823" elapsed="0.000165"/>
</kw>
<for flavor="IN">
<iter>
<kw name="Dictionary Should Contain Key" owner="Collections">
<msg time="2024-03-30T15:14:07.362885" level="INFO">False</msg>
<arg>${json_data['results'][0]['login']}</arg>
<arg>${keyTwo}</arg>
<doc>Fails if ``key`` is not found from ``dictionary``.</doc>
<status status="PASS" start="2024-03-30T15:14:07.362497" elapsed="0.000426"/>
</kw>
<kw name="Dictionary Should Contain Key" owner="Collections">
<msg time="2024-03-30T15:14:07.363606" level="INFO">False</msg>
<arg>${json_data['results'][0]['login']}</arg>
<arg>${keyTwo}</arg>
<doc>Fails if ``key`` is not found from ``dictionary``.</doc>
<status status="PASS" start="2024-03-30T15:14:07.363225" elapsed="0.000421"/>
</kw>
<kw name="Log" owner="BuiltIn">
<msg time="2024-03-30T15:14:07.364076" level="INFO">username</msg>
<arg>${keyTwo}</arg>
<doc>Logs the given message with the given level.</doc>
<status status="PASS" start="2024-03-30T15:14:07.363942" elapsed="0.000172"/>
</kw>
<var name="${keyTwo}">username</var>
<status status="PASS" start="2024-03-30T15:14:07.362386" elapsed="0.001974"/>
</iter>
<iter>
<kw name="Dictionary Should Contain Key" owner="Collections">
<msg time="2024-03-30T15:14:07.365026" level="INFO">False</msg>
<arg>${json_data['results'][0]['login']}</arg>
<arg>${keyTwo}</arg>
<doc>Fails if ``key`` is not found from ``dictionary``.</doc>
<status status="PASS" start="2024-03-30T15:14:07.364644" elapsed="0.000420"/>
</kw>
<kw name="Dictionary Should Contain Key" owner="Collections">
<msg time="2024-03-30T15:14:07.365793" level="INFO">False</msg>
<arg>${json_data['results'][0]['login']}</arg>
<arg>${keyTwo}</arg>
<doc>Fails if ``key`` is not found from ``dictionary``.</doc>
<status status="PASS" start="2024-03-30T15:14:07.365391" elapsed="0.000440"/>
</kw>
<kw name="Log" owner="BuiltIn">
<msg time="2024-03-30T15:14:07.366254" level="INFO">password</msg>
<arg>${keyTwo}</arg>
<doc>Logs the given message with the given level.</doc>
<status status="PASS" start="2024-03-30T15:14:07.366127" elapsed="0.000165"/>
</kw>
<var name="${keyTwo}">password</var>
<status status="PASS" start="2024-03-30T15:14:07.364534" elapsed="0.001975"/>
</iter>
<var>${keyTwo}</var>
<value>@{expected_keysTwo}</value>
<status status="PASS" start="2024-03-30T15:14:07.362228" elapsed="0.004404"/>
</for>
<status status="PASS" start="2024-03-30T15:14:07.288675" elapsed="0.078105"/>
</kw>
<doc>Testa a estrutura da resposta da API.</doc>
<tag>testeEstruturaResposta</tag>
<status status="PASS" start="2024-03-30T15:14:07.287982" elapsed="0.078969"/>
</test>
<test id="s1-s1-t4" name="Validar tipos de dados" line="28">
<kw name="Teste de Tipos de Dados" owner="random-user-service">
<kw name="GET On Session" owner="RequestsLibrary">
<msg time="2024-03-30T15:14:07.439081" level="INFO">GET Request : url=https://randomuser.me/api 
 path_url=/api 
 headers={'User-Agent': 'python-requests/2.31.0', 'Accept-Encoding': 'gzip, deflate', 'Accept': '*/*', 'Connection': 'keep-alive'} 
 body=None 
 </msg>
<msg time="2024-03-30T15:14:07.439183" level="INFO">GET Response : url=https://randomuser.me/api 
 status=200, reason=OK 
 headers={'Date': 'Sat, 30 Mar 2024 15:14:07 GMT', 'Content-Type': 'application/json; charset=utf-8', 'Transfer-Encoding': 'chunked', 'Connection': 'keep-alive', 'X-Powered-By': 'Express', 'Access-Control-Allow-Origin': '*', 'Cache-Control': 'no-cache', 'ETag': 'W/"48e-RyTHsjStiodxZU0CRX6IZ3RkCuU"', 'Vary': 'Accept-Encoding', 'Content-Encoding': 'gzip', 'CF-Cache-Status': 'DYNAMIC', 'Report-To': '{"endpoints":[{"url":"https:\\/\\/a.nel.cloudflare.com\\/report\\/v4?s=H8bA%2F8umGzYzOFqzFiXGdvXew3LyKeLPo8OV%2BY3v1uEHPQngVQbFfuF1wT1o8Y%2F3r%2FdYUG8BPaX8uWBVEH42fzwLLIITP2plhudJEk1NIkc2PjTLBTsFsX5o8AqNfJeT"}],"group":"cf-nel","max_age":604800}', 'NEL': '{"success_fraction":0,"report_to":"cf-nel","max_age":604800}', 'Server': 'cloudflare', 'CF-RAY': '86c90c2c0c26638d-ORD', 'alt-svc': 'h3=":443"; ma=86400'} 
 body={"results":[{"gender":"female","name":{"title":"Mrs","first":"Louise","last":"Coleman"},"location":{"street":{"number":2259,"name":"Tara Street"},"city":"Dublin","state":"Wicklow","country":"Ireland","postcode":63600,"coordinates":{"latitude":"3.1235","longitude":"134.5006"},"timezone":{"offset":"+5:30","description":"Bombay, Calcutta, Madras, New Delhi"}},"email":"louise.coleman@example.com","login":{"uuid":"a25b3d5f-93a2-4eea-8da5-85a729f6398e","username":"goldenlion423","password":"nympho","salt":"pPi64PH3","md5":"a608f9de85963c9bad942032a3c31adf","sha1":"758fc35dab882d93e060e4ce977a04c482354118","sha256":"aee9ce1a02202e338761ac66e7bf9cb92daa74b73372558f435d0c1e34b282f9"},"dob":{"date":"1980-09-27T00:14:16.326Z","age":43},"registered":{"date":"2011-04-14T05:22:45.338Z","age":12},"phone":"051-932-5594","cell":"081-439-6893","id":{"name":"PPS","value":"7738297T"},"picture":{"large":"https://randomuser.me/api/portraits/women/15.jpg","medium":"https://randomuser.me/api/portraits/med/women/15.jpg","thumbnail":"https://randomuser.me/api/portraits/thumb/women/15.jpg"},"nat":"IE"}],"info":{"seed":"7350514fa505fc4c","results":1,"page":1,"version":"1.4"}} 
 </msg>
<msg time="2024-03-30T15:14:07.439255" level="INFO">/opt/hostedtoolcache/Python/3.12.2/x64/lib/python3.12/site-packages/urllib3/connectionpool.py:1103: InsecureRequestWarning: Unverified HTTPS request is being made to host 'randomuser.me'. Adding certificate verification is strongly advised. See: https://urllib3.readthedocs.io/en/latest/advanced-usage.html#tls-warnings
  warnings.warn(</msg>
<msg time="2024-03-30T15:14:07.439376" level="INFO">${response} = &lt;Response [200]&gt;</msg>
<var>${response}</var>
<arg>consultarAPI</arg>
<arg>/api</arg>
<doc>Sends a GET request on a previously created HTTP Session.</doc>
<status status="PASS" start="2024-03-30T15:14:07.369517" elapsed="0.069896"/>
</kw>
<kw name="Set Variable" owner="BuiltIn">
<msg time="2024-03-30T15:14:07.440517" level="INFO">${json_data} = {'results': [{'gender': 'female', 'name': {'title': 'Mrs', 'first': 'Louise', 'last': 'Coleman'}, 'location': {'street': {'number': 2259, 'name': 'Tara Street'}, 'city': 'Dublin', 'state': 'Wicklow', ...</msg>
<var>${json_data}</var>
<arg>${response.json()}</arg>
<doc>Returns the given values which can then be assigned to a variables.</doc>
<status status="PASS" start="2024-03-30T15:14:07.439958" elapsed="0.000589"/>
</kw>
<kw name="Log" owner="BuiltIn">
<msg time="2024-03-30T15:14:07.441073" level="INFO">{'results': [{'gender': 'female', 'name': {'title': 'Mrs', 'first': 'Louise', 'last': 'Coleman'}, 'location': {'street': {'number': 2259, 'name': 'Tara Street'}, 'city': 'Dublin', 'state': 'Wicklow', 'country': 'Ireland', 'postcode': 63600, 'coordinates': {'latitude': '3.1235', 'longitude': '134.5006'}, 'timezone': {'offset': '+5:30', 'description': 'Bombay, Calcutta, Madras, New Delhi'}}, 'email': 'louise.coleman@example.com', 'login': {'uuid': 'a25b3d5f-93a2-4eea-8da5-85a729f6398e', 'username': 'goldenlion423', 'password': 'nympho', 'salt': 'pPi64PH3', 'md5': 'a608f9de85963c9bad942032a3c31adf', 'sha1': '758fc35dab882d93e060e4ce977a04c482354118', 'sha256': 'aee9ce1a02202e338761ac66e7bf9cb92daa74b73372558f435d0c1e34b282f9'}, 'dob': {'date': '1980-09-27T00:14:16.326Z', 'age': 43}, 'registered': {'date': '2011-04-14T05:22:45.338Z', 'age': 12}, 'phone': '051-932-5594', 'cell': '081-439-6893', 'id': {'name': 'PPS', 'value': '7738297T'}, 'picture': {'large': 'https://randomuser.me/api/portraits/women/15.jpg', 'medium': 'https://randomuser.me/api/portraits/med/women/15.jpg', 'thumbnail': 'https://randomuser.me/api/portraits/thumb/women/15.jpg'}, 'nat': 'IE'}], 'info': {'seed': '7350514fa505fc4c', 'results': 1, 'page': 1, 'version': '1.4'}}</msg>
<arg>${json_data}</arg>
<doc>Logs the given message with the given level.</doc>
<status status="PASS" start="2024-03-30T15:14:07.440905" elapsed="0.000256"/>
</kw>
<kw name="Should Be String" owner="String">
<arg>${json_data['results'][0]['gender']}</arg>
<doc>Fails if the given ``item`` is not a string.</doc>
<status status="PASS" start="2024-03-30T15:14:07.441478" elapsed="0.000386"/>
</kw>
<kw name="Should Match Regexp" owner="BuiltIn">
<arg>${json_data['results'][0]['email']}</arg>
<arg>^[a-zA-Z0-9._%+-]+@[a-zA-Z0-9.-]+\.[a-zA-Z]{2,}$</arg>
<doc>Fails if ``string`` does not match ``pattern`` as a regular expression.</doc>
<status status="PASS" start="2024-03-30T15:14:07.442066" elapsed="0.000533"/>
</kw>
<kw name="Should Match Regexp" owner="BuiltIn">
<arg>${json_data['results'][0]['dob']['date']}</arg>
<arg>\\d{4}-\\d{2}-\\d{2}T\\d{2}:\\d{2}:\\d{2}\\.\\d{3}Z</arg>
<doc>Fails if ``string`` does not match ``pattern`` as a regular expression.</doc>
<status status="PASS" start="2024-03-30T15:14:07.442799" elapsed="0.000493"/>
</kw>
<kw name="Should Match Regexp" owner="BuiltIn">
<arg>${json_data['results'][0]['registered']['date']}</arg>
<arg>\\d{4}-\\d{2}-\\d{2}T\\d{2}:\\d{2}:\\d{2}\\.\\d{3}Z</arg>
<doc>Fails if ``string`` does not match ``pattern`` as a regular expression.</doc>
<status status="PASS" start="2024-03-30T15:14:07.443488" elapsed="0.000369"/>
</kw>
<kw name="Should Match Regexp" owner="BuiltIn">
<arg>${json_data['results'][0]['picture']['large']}</arg>
<arg>^https?://.*\.(?:png|jpe?g|gif|bmp)$</arg>
<doc>Fails if ``string`` does not match ``pattern`` as a regular expression.</doc>
<status status="PASS" start="2024-03-30T15:14:07.444048" elapsed="0.000493"/>
</kw>
<kw name="Should Match Regexp" owner="BuiltIn">
<arg>${json_data['results'][0]['picture']['medium']}</arg>
<arg>^https?://.*\.(?:png|jpe?g|gif|bmp)$</arg>
<doc>Fails if ``string`` does not match ``pattern`` as a regular expression.</doc>
<status status="PASS" start="2024-03-30T15:14:07.444734" elapsed="0.000364"/>
</kw>
<kw name="Should Match Regexp" owner="BuiltIn">
<arg>${json_data['results'][0]['picture']['thumbnail']}</arg>
<arg>^https?://.*\.(?:png|jpe?g|gif|bmp)$</arg>
<doc>Fails if ``string`` does not match ``pattern`` as a regular expression.</doc>
<status status="PASS" start="2024-03-30T15:14:07.445283" elapsed="0.000353"/>
</kw>
<kw name="Log" owner="BuiltIn">
<msg time="2024-03-30T15:14:07.446155" level="INFO">{'large': 'https://randomuser.me/api/portraits/women/15.jpg', 'medium': 'https://randomuser.me/api/portraits/med/women/15.jpg', 'thumbnail': 'https://randomuser.me/api/portraits/thumb/women/15.jpg'}</msg>
<arg>${json_data['results'][0]['picture']}</arg>
<doc>Logs the given message with the given level.</doc>
<status status="PASS" start="2024-03-30T15:14:07.445824" elapsed="0.000381"/>
</kw>
<status status="PASS" start="2024-03-30T15:14:07.369279" elapsed="0.077193"/>
</kw>
<kw name="Teste de Tipos de Dados - Postcode" owner="random-user-service">
<kw name="GET On Session" owner="RequestsLibrary">
<msg time="2024-03-30T15:14:07.558770" level="INFO">GET Request : url=https://randomuser.me/api 
 path_url=/api 
 headers={'User-Agent': 'python-requests/2.31.0', 'Accept-Encoding': 'gzip, deflate', 'Accept': '*/*', 'Connection': 'keep-alive'} 
 body=None 
 </msg>
<msg time="2024-03-30T15:14:07.558884" level="INFO">GET Response : url=https://randomuser.me/api 
 status=200, reason=OK 
 headers={'Date': 'Sat, 30 Mar 2024 15:14:07 GMT', 'Content-Type': 'application/json; charset=utf-8', 'Transfer-Encoding': 'chunked', 'Connection': 'keep-alive', 'X-Powered-By': 'Express', 'Access-Control-Allow-Origin': '*', 'Cache-Control': 'no-cache', 'ETag': 'W/"497-441ReFtdjli7wTKXbId2TnvUgoU"', 'Vary': 'Accept-Encoding', 'Content-Encoding': 'gzip', 'CF-Cache-Status': 'DYNAMIC', 'Report-To': '{"endpoints":[{"url":"https:\\/\\/a.nel.cloudflare.com\\/report\\/v4?s=jirMA1Xl2BkeN3uXCtcyi2x5DzirK254NqEO%2BHLsd6qwxbaM%2Fqoalqg8v895wmtWOzzj1d8lD%2BMC6pouj6tL2y6p2vOyciikcNXzuJZCQRRkR7a6fsDHNXNWKD36vzdY"}],"group":"cf-nel","max_age":604800}', 'NEL': '{"success_fraction":0,"report_to":"cf-nel","max_age":604800}', 'Server': 'cloudflare', 'CF-RAY': '86c90c2c8cb3638d-ORD', 'alt-svc': 'h3=":443"; ma=86400'} 
 body={"results":[{"gender":"male","name":{"title":"Mr","first":"Jared","last":"Hunter"},"location":{"street":{"number":6949,"name":"Dane St"},"city":"Mildura","state":"South Australia","country":"Australia","postcode":6109,"coordinates":{"latitude":"-84.7314","longitude":"-24.0603"},"timezone":{"offset":"0:00","description":"Western Europe Time, London, Lisbon, Casablanca"}},"email":"jared.hunter@example.com","login":{"uuid":"776b2994-a56f-47cb-b5c3-a8a6f30e10fb","username":"smallelephant711","password":"frisco","salt":"NvA9CXRp","md5":"485a72f671a4865251bfc79fe2da874a","sha1":"2b69b59563c2727ea318ed02cc296ac5d0821c9d","sha256":"ddc3eb55231f28ce40b2852c8b1f51786b94df71dd3435e57acad5248f5342fa"},"dob":{"date":"1975-05-07T16:57:23.972Z","age":48},"registered":{"date":"2014-11-13T19:51:29.582Z","age":9},"phone":"09-2091-0977","cell":"0488-169-328","id":{"name":"TFN","value":"831829248"},"picture":{"large":"https://randomuser.me/api/portraits/men/41.jpg","medium":"https://randomuser.me/api/portraits/med/men/41.jpg","thumbnail":"https://randomuser.me/api/portraits/thumb/men/41.jpg"},"nat":"AU"}],"info":{"seed":"0624dc689104e702","results":1,"page":1,"version":"1.4"}} 
 </msg>
<msg time="2024-03-30T15:14:07.559005" level="INFO">/opt/hostedtoolcache/Python/3.12.2/x64/lib/python3.12/site-packages/urllib3/connectionpool.py:1103: InsecureRequestWarning: Unverified HTTPS request is being made to host 'randomuser.me'. Adding certificate verification is strongly advised. See: https://urllib3.readthedocs.io/en/latest/advanced-usage.html#tls-warnings
  warnings.warn(</msg>
<msg time="2024-03-30T15:14:07.559167" level="INFO">${response} = &lt;Response [200]&gt;</msg>
<var>${response}</var>
<arg>consultarAPI</arg>
<arg>/api</arg>
<doc>Sends a GET request on a previously created HTTP Session.</doc>
<status status="PASS" start="2024-03-30T15:14:07.447100" elapsed="0.112113"/>
</kw>
<kw name="Set Variable" owner="BuiltIn">
<msg time="2024-03-30T15:14:07.560608" level="INFO">${json_data} = {'results': [{'gender': 'male', 'name': {'title': 'Mr', 'first': 'Jared', 'last': 'Hunter'}, 'location': {'street': {'number': 6949, 'name': 'Dane St'}, 'city': 'Mildura', 'state': 'South Australia', ...</msg>
<var>${json_data}</var>
<arg>${response.json()}</arg>
<doc>Returns the given values which can then be assigned to a variables.</doc>
<status status="PASS" start="2024-03-30T15:14:07.559822" elapsed="0.000830"/>
</kw>
<kw name="Log" owner="BuiltIn">
<msg time="2024-03-30T15:14:07.561320" level="INFO">{'results': [{'gender': 'male', 'name': {'title': 'Mr', 'first': 'Jared', 'last': 'Hunter'}, 'location': {'street': {'number': 6949, 'name': 'Dane St'}, 'city': 'Mildura', 'state': 'South Australia', 'country': 'Australia', 'postcode': 6109, 'coordinates': {'latitude': '-84.7314', 'longitude': '-24.0603'}, 'timezone': {'offset': '0:00', 'description': 'Western Europe Time, London, Lisbon, Casablanca'}}, 'email': 'jared.hunter@example.com', 'login': {'uuid': '776b2994-a56f-47cb-b5c3-a8a6f30e10fb', 'username': 'smallelephant711', 'password': 'frisco', 'salt': 'NvA9CXRp', 'md5': '485a72f671a4865251bfc79fe2da874a', 'sha1': '2b69b59563c2727ea318ed02cc296ac5d0821c9d', 'sha256': 'ddc3eb55231f28ce40b2852c8b1f51786b94df71dd3435e57acad5248f5342fa'}, 'dob': {'date': '1975-05-07T16:57:23.972Z', 'age': 48}, 'registered': {'date': '2014-11-13T19:51:29.582Z', 'age': 9}, 'phone': '09-2091-0977', 'cell': '0488-169-328', 'id': {'name': 'TFN', 'value': '831829248'}, 'picture': {'large': 'https://randomuser.me/api/portraits/men/41.jpg', 'medium': 'https://randomuser.me/api/portraits/med/men/41.jpg', 'thumbnail': 'https://randomuser.me/api/portraits/thumb/men/41.jpg'}, 'nat': 'AU'}], 'info': {'seed': '0624dc689104e702', 'results': 1, 'page': 1, 'version': '1.4'}}</msg>
<arg>${json_data}</arg>
<doc>Logs the given message with the given level.</doc>
<status status="PASS" start="2024-03-30T15:14:07.561098" elapsed="0.000338"/>
</kw>
<kw name="Should Be Equal As Numbers" owner="BuiltIn">
<arg>${json_data['results'][0]['location']['postcode']}</arg>
<arg>${json_data['results'][0]['location']['postcode']}</arg>
<doc>Fails if objects are unequal after converting them to real numbers.</doc>
<status status="PASS" start="2024-03-30T15:14:07.561876" elapsed="0.000993"/>
</kw>
<kw name="Log" owner="BuiltIn">
<msg time="2024-03-30T15:14:07.563437" level="INFO">6109</msg>
<arg>${json_data['results'][0]['location']['postcode']}</arg>
<doc>Logs the given message with the given level.</doc>
<status status="PASS" start="2024-03-30T15:14:07.563082" elapsed="0.000398"/>
</kw>
<status status="PASS" start="2024-03-30T15:14:07.446708" elapsed="0.117040"/>
</kw>
<doc>Testa se os tipos de dados na resposta da API estão corretos.</doc>
<tag>testeTiposDados</tag>
<status status="PASS" start="2024-03-30T15:14:07.368794" elapsed="0.195131"/>
</test>
<test id="s1-s1-t5" name="Validar conteudo" line="35">
<kw name="Teste de Tipos de Conteudo" owner="random-user-service">
<kw name="GET On Session" owner="RequestsLibrary">
<msg time="2024-03-30T15:14:07.668615" level="INFO">GET Request : url=https://randomuser.me/api 
 path_url=/api 
 headers={'User-Agent': 'python-requests/2.31.0', 'Accept-Encoding': 'gzip, deflate', 'Accept': '*/*', 'Connection': 'keep-alive'} 
 body=None 
 </msg>
<msg time="2024-03-30T15:14:07.668686" level="INFO">GET Response : url=https://randomuser.me/api 
 status=200, reason=OK 
 headers={'Date': 'Sat, 30 Mar 2024 15:14:07 GMT', 'Content-Type': 'application/json; charset=utf-8', 'Transfer-Encoding': 'chunked', 'Connection': 'keep-alive', 'X-Powered-By': 'Express', 'Access-Control-Allow-Origin': '*', 'Cache-Control': 'no-cache', 'ETag': 'W/"485-pjDMf/STLXvYnLeycGJA2zKwJQ0"', 'Vary': 'Accept-Encoding', 'Content-Encoding': 'gzip', 'CF-Cache-Status': 'DYNAMIC', 'Report-To': '{"endpoints":[{"url":"https:\\/\\/a.nel.cloudflare.com\\/report\\/v4?s=qvuyYqM8Wsdt%2Bo2Xq%2Ft9u1T1GIhTVJYWvUBbGYHkcJSKXoLbUYrcont%2FyfFummFwBj2P0wuYLYXkR5%2FSQGHDcHCmmHEZ1JNnP0MEqBHnhaTexamccn1mKqBaEV7vL80j"}],"group":"cf-nel","max_age":604800}', 'NEL': '{"success_fraction":0,"report_to":"cf-nel","max_age":604800}', 'Server': 'cloudflare', 'CF-RAY': '86c90c2d4d65638d-ORD', 'alt-svc': 'h3=":443"; ma=86400'} 
 body={"results":[{"gender":"male","name":{"title":"Mr","first":"Vincent","last":"Lo"},"location":{"street":{"number":3831,"name":"Vimy St"},"city":"Waterloo","state":"New Brunswick","country":"Canada","postcode":"B7I 7B7","coordinates":{"latitude":"-67.0539","longitude":"-17.9868"},"timezone":{"offset":"+1:00","description":"Brussels, Copenhagen, Madrid, Paris"}},"email":"vincent.lo@example.com","login":{"uuid":"e876ef4a-c178-4148-bdda-dd1568ffa8bf","username":"tinymouse857","password":"stuff","salt":"XfDGgrHp","md5":"a19789542eda9bf54b651e7dfd1165b8","sha1":"e527caf8b0537cff587b0c4efb5f7c41044192ee","sha256":"a511e120ebfd8d15a81cb9414e42be382c5274d903ca24c04356235a185ad495"},"dob":{"date":"1990-10-10T18:24:52.781Z","age":33},"registered":{"date":"2003-09-27T05:11:34.287Z","age":20},"phone":"K59 Z65-7962","cell":"M00 W63-8306","id":{"name":"SIN","value":"868693300"},"picture":{"large":"https://randomuser.me/api/portraits/men/32.jpg","medium":"https://randomuser.me/api/portraits/med/men/32.jpg","thumbnail":"https://randomuser.me/api/portraits/thumb/men/32.jpg"},"nat":"CA"}],"info":{"seed":"f75e278d5953be73","results":1,"page":1,"version":"1.4"}} 
 </msg>
<msg time="2024-03-30T15:14:07.668745" level="INFO">/opt/hostedtoolcache/Python/3.12.2/x64/lib/python3.12/site-packages/urllib3/connectionpool.py:1103: InsecureRequestWarning: Unverified HTTPS request is being made to host 'randomuser.me'. Adding certificate verification is strongly advised. See: https://urllib3.readthedocs.io/en/latest/advanced-usage.html#tls-warnings
  warnings.warn(</msg>
<msg time="2024-03-30T15:14:07.668841" level="INFO">${response} = &lt;Response [200]&gt;</msg>
<var>${response}</var>
<arg>consultarAPI</arg>
<arg>/api</arg>
<doc>Sends a GET request on a previously created HTTP Session.</doc>
<status status="PASS" start="2024-03-30T15:14:07.566954" elapsed="0.101929"/>
</kw>
<kw name="Set Variable" owner="BuiltIn">
<msg time="2024-03-30T15:14:07.669974" level="INFO">${json_data} = {'results': [{'gender': 'male', 'name': {'title': 'Mr', 'first': 'Vincent', 'last': 'Lo'}, 'location': {'street': {'number': 3831, 'name': 'Vimy St'}, 'city': 'Waterloo', 'state': 'New Brunswick', 'co...</msg>
<var>${json_data}</var>
<arg>${response.json()}</arg>
<doc>Returns the given values which can then be assigned to a variables.</doc>
<status status="PASS" start="2024-03-30T15:14:07.669399" elapsed="0.000606"/>
</kw>
<kw name="Set Variable" owner="BuiltIn">
<msg time="2024-03-30T15:14:07.670708" level="INFO">${name_title} = Mr</msg>
<var>${name_title}</var>
<arg>${json_data["results"][0]["name"]["title"]}</arg>
<doc>Returns the given values which can then be assigned to a variables.</doc>
<status status="PASS" start="2024-03-30T15:14:07.670317" elapsed="0.000417"/>
</kw>
<kw name="Create List" owner="BuiltIn">
<msg time="2024-03-30T15:14:07.671202" level="INFO">${allowed_titles} = ['Mr', 'Ms', 'Miss', 'Mrs', 'Madame', 'Monsieur']</msg>
<var>${allowed_titles}</var>
<arg>Mr</arg>
<arg>Ms</arg>
<arg>Miss</arg>
<arg>Mrs</arg>
<arg>Madame</arg>
<arg>Monsieur</arg>
<doc>Returns a list containing given items.</doc>
<status status="PASS" start="2024-03-30T15:14:07.671048" elapsed="0.000179"/>
</kw>
<kw name="List Should Contain Value" owner="Collections">
<msg time="2024-03-30T15:14:07.671715" level="INFO">False</msg>
<arg>${allowed_titles}</arg>
<arg>${name_title}</arg>
<doc>Fails if the ``value`` is not found from ``list``.</doc>
<status status="PASS" start="2024-03-30T15:14:07.671536" elapsed="0.000218"/>
</kw>
<kw name="Set Variable" owner="BuiltIn">
<msg time="2024-03-30T15:14:07.672481" level="INFO">${name_country} = CA</msg>
<var>${name_country}</var>
<arg>${json_data["results"][0]["nat"]}</arg>
<doc>Returns the given values which can then be assigned to a variables.</doc>
<status status="PASS" start="2024-03-30T15:14:07.672050" elapsed="0.000457"/>
</kw>
<kw name="Create List" owner="BuiltIn">
<msg time="2024-03-30T15:14:07.673429" level="INFO">${list_country} = ['AD', 'AE', 'AF', 'AG', 'AI', 'AL', 'AM', 'AO', 'AQ', 'AR', 'AS', 'AT', 'AU', 'AW', 'AX', 'AZ', 'BA', 'BB', 'BD', 'BE', 'BF', 'BG', 'BH', 'BI', 'BJ', 'BL', 'BM', 'BN', 'BO', 'BQ', 'BR', 'BS', 'BT', '...</msg>
<var>${list_country}</var>
<arg>AD</arg>
<arg>AE</arg>
<arg>AF</arg>
<arg>AG</arg>
<arg>AI</arg>
<arg>AL</arg>
<arg>AM</arg>
<arg>AO</arg>
<arg>AQ</arg>
<arg>AR</arg>
<arg>AS</arg>
<arg>AT</arg>
<arg>AU</arg>
<arg>AW</arg>
<arg>AX</arg>
<arg>AZ</arg>
<arg>BA</arg>
<arg>BB</arg>
<arg>BD</arg>
<arg>BE</arg>
<arg>BF</arg>
<arg>BG</arg>
<arg>BH</arg>
<arg>BI</arg>
<arg>BJ</arg>
<arg>BL</arg>
<arg>BM</arg>
<arg>BN</arg>
<arg>BO</arg>
<arg>BQ</arg>
<arg>BR</arg>
<arg>BS</arg>
<arg>BT</arg>
<arg>BV</arg>
<arg>BW</arg>
<arg>BY</arg>
<arg>BZ</arg>
<arg>CA</arg>
<arg>CC</arg>
<arg>CD</arg>
<arg>CF</arg>
<arg>CG</arg>
<arg>CH</arg>
<arg>CI</arg>
<arg>CK</arg>
<arg>CL</arg>
<arg>CM</arg>
<arg>CN</arg>
<arg>CO</arg>
<arg>CR</arg>
<arg>CU</arg>
<arg>CV</arg>
<arg>CW</arg>
<arg>CX</arg>
<arg>CY</arg>
<arg>CZ</arg>
<arg>DE</arg>
<arg>DJ</arg>
<arg>DK</arg>
<arg>DM</arg>
<arg>DO</arg>
<arg>DZ</arg>
<arg>EC</arg>
<arg>EE</arg>
<arg>EG</arg>
<arg>EH</arg>
<arg>ER</arg>
<arg>ES</arg>
<arg>ET</arg>
<arg>FI</arg>
<arg>FJ</arg>
<arg>FK</arg>
<arg>FM</arg>
<arg>FO</arg>
<arg>FR</arg>
<arg>GA</arg>
<arg>GB</arg>
<arg>GD</arg>
<arg>GE</arg>
<arg>GF</arg>
<arg>GG</arg>
<arg>GH</arg>
<arg>GI</arg>
<arg>GL</arg>
<arg>GM</arg>
<arg>GN</arg>
<arg>GP</arg>
<arg>GQ</arg>
<arg>GR</arg>
<arg>GS</arg>
<arg>GT</arg>
<arg>GU</arg>
<arg>GW</arg>
<arg>GY</arg>
<arg>HK</arg>
<arg>HM</arg>
<arg>HN</arg>
<arg>HR</arg>
<arg>HT</arg>
<arg>HU</arg>
<arg>ID</arg>
<arg>IE</arg>
<arg>IL</arg>
<arg>IM</arg>
<arg>IN</arg>
<arg>IO</arg>
<arg>IQ</arg>
<arg>IR</arg>
<arg>IS</arg>
<arg>IT</arg>
<arg>JE</arg>
<arg>JM</arg>
<arg>JO</arg>
<arg>JP</arg>
<arg>KE</arg>
<arg>KG</arg>
<arg>KH</arg>
<arg>KI</arg>
<arg>KM</arg>
<arg>KN</arg>
<arg>KP</arg>
<arg>KR</arg>
<arg>KW</arg>
<arg>KY</arg>
<arg>KZ</arg>
<arg>LA</arg>
<arg>LB</arg>
<arg>LC</arg>
<arg>LI</arg>
<arg>LK</arg>
<arg>LR</arg>
<arg>LS</arg>
<arg>LT</arg>
<arg>LU</arg>
<arg>LV</arg>
<arg>LY</arg>
<arg>MA</arg>
<arg>MC</arg>
<arg>MD</arg>
<arg>ME</arg>
<arg>MF</arg>
<arg>MG</arg>
<arg>MH</arg>
<arg>MK</arg>
<arg>ML</arg>
<arg>MM</arg>
<arg>MN</arg>
<arg>MO</arg>
<arg>MP</arg>
<arg>MQ</arg>
<arg>MR</arg>
<arg>MS</arg>
<arg>MT</arg>
<arg>MU</arg>
<arg>MV</arg>
<arg>MW</arg>
<arg>MX</arg>
<arg>MY</arg>
<arg>MZ</arg>
<arg>NA</arg>
<arg>NC</arg>
<arg>NE</arg>
<arg>NF</arg>
<arg>NG</arg>
<arg>NI</arg>
<arg>NL</arg>
<arg>NO</arg>
<arg>NP</arg>
<arg>NR</arg>
<arg>NU</arg>
<arg>NZ</arg>
<arg>OM</arg>
<arg>PA</arg>
<arg>PE</arg>
<arg>PF</arg>
<arg>PG</arg>
<arg>PH</arg>
<arg>PK</arg>
<arg>PL</arg>
<arg>PM</arg>
<arg>PN</arg>
<arg>PR</arg>
<arg>PS</arg>
<arg>PT</arg>
<arg>PW</arg>
<arg>PY</arg>
<arg>QA</arg>
<arg>RE</arg>
<arg>RO</arg>
<arg>RS</arg>
<arg>RU</arg>
<arg>RW</arg>
<arg>SA</arg>
<arg>SB</arg>
<arg>SC</arg>
<arg>SD</arg>
<arg>SE</arg>
<arg>SG</arg>
<arg>SH</arg>
<arg>SI</arg>
<arg>SJ</arg>
<arg>SK</arg>
<arg>SL</arg>
<arg>SM</arg>
<arg>SN</arg>
<arg>SO</arg>
<arg>SR</arg>
<arg>SS</arg>
<arg>ST</arg>
<arg>SV</arg>
<arg>SX</arg>
<arg>SY</arg>
<arg>SZ</arg>
<arg>TC</arg>
<arg>TD</arg>
<arg>TF</arg>
<arg>TG</arg>
<arg>TH</arg>
<arg>TJ</arg>
<arg>TK</arg>
<arg>TL</arg>
<arg>TM</arg>
<arg>TN</arg>
<arg>TO</arg>
<arg>TR</arg>
<arg>TT</arg>
<arg>TV</arg>
<arg>TW</arg>
<arg>TZ</arg>
<arg>UA</arg>
<arg>UG</arg>
<arg>UM</arg>
<arg>US</arg>
<arg>UY</arg>
<arg>UZ</arg>
<arg>VA</arg>
<arg>VC</arg>
<arg>VE</arg>
<arg>VG</arg>
<arg>VI</arg>
<arg>VN</arg>
<arg>VU</arg>
<arg>WF</arg>
<arg>WS</arg>
<arg>XK</arg>
<arg>YE</arg>
<arg>YT</arg>
<arg>ZA</arg>
<arg>ZM</arg>
<arg>ZW</arg>
<doc>Returns a list containing given items.</doc>
<status status="PASS" start="2024-03-30T15:14:07.672826" elapsed="0.000629"/>
</kw>
<kw name="List Should Contain Value" owner="Collections">
<msg time="2024-03-30T15:14:07.674565" level="INFO">False</msg>
<arg>${list_country}</arg>
<arg>${name_country}</arg>
<doc>Fails if the ``value`` is not found from ``list``.</doc>
<status status="PASS" start="2024-03-30T15:14:07.674358" elapsed="0.000245"/>
</kw>
<kw name="Run Keyword If" owner="BuiltIn">
<kw name="Should Be True" owner="BuiltIn">
<arg>${True}</arg>
<doc>Fails if the given condition is not true.</doc>
<status status="PASS" start="2024-03-30T15:14:07.675694" elapsed="0.000146"/>
</kw>
<arg>${json_data["results"][0]["location"]["coordinates"]["latitude"]} &gt;= -90 and ${json_data["results"][0]["location"]["coordinates"]["latitude"]} &lt;= 90</arg>
<arg>Should Be True</arg>
<arg>${True}</arg>
<doc>Runs the given keyword with the given arguments, if ``condition`` is true.</doc>
<status status="PASS" start="2024-03-30T15:14:07.674918" elapsed="0.001052"/>
</kw>
<kw name="Run Keyword If" owner="BuiltIn">
<kw name="Should Be True" owner="BuiltIn">
<arg>${True}</arg>
<doc>Fails if the given condition is not true.</doc>
<status status="PASS" start="2024-03-30T15:14:07.676906" elapsed="0.000140"/>
</kw>
<arg>${json_data["results"][0]["location"]["coordinates"]["longitude"]} &gt;= -180 and ${json_data["results"][0]["location"]["coordinates"]["longitude"]} &lt;= 180</arg>
<arg>Should Be True</arg>
<arg>${True}</arg>
<doc>Runs the given keyword with the given arguments, if ``condition`` is true.</doc>
<status status="PASS" start="2024-03-30T15:14:07.676158" elapsed="0.001015"/>
</kw>
<status status="PASS" start="2024-03-30T15:14:07.566565" elapsed="0.110740"/>
</kw>
<doc>Testa o conteúdo específico dos campos retornados pela API.</doc>
<tag>testeConteudo</tag>
<status status="PASS" start="2024-03-30T15:14:07.565833" elapsed="0.111623"/>
</test>
<status status="PASS" start="2024-03-30T15:14:06.727835" elapsed="0.951612"/>
</suite>
<status status="PASS" start="2024-03-30T15:14:06.711257" elapsed="0.973620"/>
</suite>
<statistics>
<total>
<stat pass="5" fail="0" skip="0">All Tests</stat>
</total>
<tag>
<stat pass="1" fail="0" skip="0">testeConteudo</stat>
<stat pass="1" fail="0" skip="0">testeEstruturaResposta</stat>
<stat pass="1" fail="0" skip="0">testeRequisicaoBasica</stat>
<stat pass="1" fail="0" skip="0">testeTiposDados</stat>
</tag>
<suite>
<stat pass="5" fail="0" skip="0" id="s1" name="Tests">Tests</stat>
<stat pass="5" fail="0" skip="0" id="s1-s1" name="Random-User-Test">Tests.Random-User-Test</stat>
</suite>
</statistics>
<errors>
</errors>
</robot>
