<?xml version="1.0" encoding="UTF-8"?>
<robot generator="Robot 7.0 (Python 3.12.2 on linux)" generated="2024-03-28T01:52:36.665164" rpa="false" schemaversion="5">
<suite id="s1" name="Tests" source="/home/runner/work/DesafioQAItauRogerioJordao/DesafioQAItauRogerioJordao/RamdonUser/tests">
<suite id="s1-s1" name="Random-User-Test" source="/home/runner/work/DesafioQAItauRogerioJordao/DesafioQAItauRogerioJordao/RamdonUser/tests/random-user-test.robot">
<test id="s1-s1-t1" name="Conectar" line="13">
<kw name="Conectar API" owner="random-user-service">
<kw name="Create Session" owner="RequestsLibrary">
<msg time="2024-03-28T01:52:37.025700" level="INFO">Creating Session using : alias=consultarAPI, url=https://randomuser.me/, headers={},                     cookies={}, auth=None, timeout=None, proxies=None, verify=False,                     debug=0 </msg>
<arg>consultarAPI</arg>
<arg>${URL}</arg>
<doc>Create Session: create a HTTP session to a server</doc>
<status status="PASS" start="2024-03-28T01:52:37.025491" elapsed="0.000384"/>
</kw>
<status status="PASS" start="2024-03-28T01:52:37.024451" elapsed="0.001790"/>
</kw>
<status status="PASS" start="2024-03-28T01:52:37.023849" elapsed="0.002602"/>
</test>
<test id="s1-s1-t2" name="Validar retorno 200 e JSON Válido" line="16">
<kw name="Teste de Requisicao Basica" owner="random-user-service">
<kw name="GET On Session" owner="RequestsLibrary">
<msg time="2024-03-28T01:52:37.100525" level="INFO">GET Request : url=https://randomuser.me/api 
 path_url=/api 
 headers={'User-Agent': 'python-requests/2.31.0', 'Accept-Encoding': 'gzip, deflate', 'Accept': '*/*', 'Connection': 'keep-alive'} 
 body=None 
 </msg>
<msg time="2024-03-28T01:52:37.100656" level="INFO">GET Response : url=https://randomuser.me/api 
 status=200, reason=OK 
 headers={'Date': 'Thu, 28 Mar 2024 01:52:37 GMT', 'Content-Type': 'application/json; charset=utf-8', 'Transfer-Encoding': 'chunked', 'Connection': 'keep-alive', 'X-Powered-By': 'Express', 'Access-Control-Allow-Origin': '*', 'Cache-Control': 'no-cache', 'ETag': 'W/"46a-o/yalRzY1HJT8BYr8WWTKkkknX0"', 'Vary': 'Accept-Encoding', 'Content-Encoding': 'gzip', 'CF-Cache-Status': 'DYNAMIC', 'Report-To': '{"endpoints":[{"url":"https:\\/\\/a.nel.cloudflare.com\\/report\\/v4?s=prhtasJFo7%2BzDIshIukNU5QPTvPW2Sko6Eb8u%2FTbhvpi9lyrR2PKHBe0CEh6oHuQBK0Kdg6ueyZYLrhjXKbHxAhovj13QWGydpJI514HYgXMbZHW%2FjIUgoxbBSY%2FWqhB"}],"group":"cf-nel","max_age":604800}', 'NEL': '{"success_fraction":0,"report_to":"cf-nel","max_age":604800}', 'Server': 'cloudflare', 'CF-RAY': '86b3fb57aad82018-IAD', 'alt-svc': 'h3=":443"; ma=86400'} 
 body={"results":[{"gender":"male","name":{"title":"Mr","first":"Bob","last":"Horton"},"location":{"street":{"number":274,"name":"Grafton Street"},"city":"Naas","state":"Waterford","country":"Ireland","postcode":16482,"coordinates":{"latitude":"2.6694","longitude":"-71.6668"},"timezone":{"offset":"+9:30","description":"Adelaide, Darwin"}},"email":"bob.horton@example.com","login":{"uuid":"16e03ae1-ed0b-4029-85bd-9c5f4c8013e8","username":"sadsnake612","password":"emilio","salt":"41aSdkMH","md5":"f6b7508f9dc34670b45a063738608645","sha1":"08d4963cdcef22096324849b47e2a20d5e00447a","sha256":"1921f38075ec2fd5da0b4c4923e5d8f3521d39d28b8c0e3f7a28aa7915b9a0ff"},"dob":{"date":"1987-12-03T23:01:45.561Z","age":36},"registered":{"date":"2009-05-11T23:56:59.343Z","age":14},"phone":"021-750-1185","cell":"081-193-2343","id":{"name":"PPS","value":"3834309T"},"picture":{"large":"https://randomuser.me/api/portraits/men/98.jpg","medium":"https://randomuser.me/api/portraits/med/men/98.jpg","thumbnail":"https://randomuser.me/api/portraits/thumb/men/98.jpg"},"nat":"IE"}],"info":{"seed":"76705c05f9510b79","results":1,"page":1,"version":"1.4"}} 
 </msg>
<msg time="2024-03-28T01:52:37.100754" level="INFO">/opt/hostedtoolcache/Python/3.12.2/x64/lib/python3.12/site-packages/urllib3/connectionpool.py:1103: InsecureRequestWarning: Unverified HTTPS request is being made to host 'randomuser.me'. Adding certificate verification is strongly advised. See: https://urllib3.readthedocs.io/en/latest/advanced-usage.html#tls-warnings
  warnings.warn(</msg>
<msg time="2024-03-28T01:52:37.100885" level="INFO">${response} = &lt;Response [200]&gt;</msg>
<var>${response}</var>
<arg>consultarAPI</arg>
<arg>/api</arg>
<doc>Sends a GET request on a previously created HTTP Session.</doc>
<status status="PASS" start="2024-03-28T01:52:37.029175" elapsed="0.071752"/>
</kw>
<kw name="Should Be Equal As Numbers" owner="BuiltIn">
<msg time="2024-03-28T01:52:37.101994" level="INFO">Argument types are:
&lt;class 'int'&gt;
&lt;class 'str'&gt;</msg>
<arg>${response.status_code}</arg>
<arg>200</arg>
<doc>Fails if objects are unequal after converting them to real numbers.</doc>
<status status="PASS" start="2024-03-28T01:52:37.101493" elapsed="0.000568"/>
</kw>
<kw name="Log" owner="BuiltIn">
<msg time="2024-03-28T01:52:37.102768" level="INFO">200</msg>
<arg>${response.status_code}</arg>
<doc>Logs the given message with the given level.</doc>
<status status="PASS" start="2024-03-28T01:52:37.102402" elapsed="0.000410"/>
</kw>
<kw name="Set Variable" owner="BuiltIn">
<msg time="2024-03-28T01:52:37.103663" level="INFO">${json_data} = {'results': [{'gender': 'male', 'name': {'title': 'Mr', 'first': 'Bob', 'last': 'Horton'}, 'location': {'street': {'number': 274, 'name': 'Grafton Street'}, 'city': 'Naas', 'state': 'Waterford', 'coun...</msg>
<var>${json_data}</var>
<arg>${response.json()}</arg>
<doc>Returns the given values which can then be assigned to a variables.</doc>
<status status="PASS" start="2024-03-28T01:52:37.103162" elapsed="0.000531"/>
</kw>
<kw name="Dictionary Should Contain Key" owner="Collections">
<msg time="2024-03-28T01:52:37.104178" level="INFO">False</msg>
<arg>${json_data}</arg>
<arg>results</arg>
<doc>Fails if ``key`` is not found from ``dictionary``.</doc>
<status status="PASS" start="2024-03-28T01:52:37.104005" elapsed="0.000213"/>
</kw>
<status status="PASS" start="2024-03-28T01:52:37.028914" elapsed="0.075568"/>
</kw>
<doc>Testa se a API responde corretamente e retorna um objeto JSON válido.</doc>
<tag>testeRequisicaoBasica</tag>
<status status="PASS" start="2024-03-28T01:52:37.028385" elapsed="0.076286"/>
</test>
<test id="s1-s1-t3" name="Validar estrutura de resposta" line="22">
<kw name="Teste de Estrutura de Resposta" owner="random-user-service">
<kw name="GET On Session" owner="RequestsLibrary">
<msg time="2024-03-28T01:52:37.207638" level="INFO">GET Request : url=https://randomuser.me/api 
 path_url=/api 
 headers={'User-Agent': 'python-requests/2.31.0', 'Accept-Encoding': 'gzip, deflate', 'Accept': '*/*', 'Connection': 'keep-alive'} 
 body=None 
 </msg>
<msg time="2024-03-28T01:52:37.207732" level="INFO">GET Response : url=https://randomuser.me/api 
 status=200, reason=OK 
 headers={'Date': 'Thu, 28 Mar 2024 01:52:37 GMT', 'Content-Type': 'application/json; charset=utf-8', 'Transfer-Encoding': 'chunked', 'Connection': 'keep-alive', 'X-Powered-By': 'Express', 'Access-Control-Allow-Origin': '*', 'Cache-Control': 'no-cache', 'ETag': 'W/"49b-1pt6mcJfIZTdTDxYOe1dXluO+6o"', 'Vary': 'Accept-Encoding', 'Content-Encoding': 'gzip', 'CF-Cache-Status': 'DYNAMIC', 'Report-To': '{"endpoints":[{"url":"https:\\/\\/a.nel.cloudflare.com\\/report\\/v4?s=EHJuDuzQbyQOcXOSE3e9VhAE79g%2B3ghTE5fCLqjboyHRSD4T1uBHUnni6JdbWeRCRAqAA8avPu9NIPzXvP2wDrudjE%2BIxXOY9zObMO6VtIymVlFapr2Wwle0hRcStsHJ"}],"group":"cf-nel","max_age":604800}', 'NEL': '{"success_fraction":0,"report_to":"cf-nel","max_age":604800}', 'Server': 'cloudflare', 'CF-RAY': '86b3fb57fb2d2018-IAD', 'alt-svc': 'h3=":443"; ma=86400'} 
 body={"results":[{"gender":"male","name":{"title":"Mr","first":"Rico","last":"Schramm"},"location":{"street":{"number":9338,"name":"Mühlenstraße"},"city":"Lugau","state":"Rheinland-Pfalz","country":"Germany","postcode":42275,"coordinates":{"latitude":"-49.1158","longitude":"-112.7823"},"timezone":{"offset":"-6:00","description":"Central Time (US &amp; Canada), Mexico City"}},"email":"rico.schramm@example.com","login":{"uuid":"cc3eb8a5-f0b3-47c3-a17a-041af2cbb965","username":"lazyostrich109","password":"annika","salt":"7bRoEXmx","md5":"17698add4582a91a724b3a5157b47bf1","sha1":"c88edb24e8417dd3520ea4906cc7b6a4f8997b02","sha256":"6d73118d0708037e7c1a47fabd14eb8df0300ecd2df790d51167b1991dbcbe06"},"dob":{"date":"1960-06-18T01:06:40.048Z","age":63},"registered":{"date":"2004-07-01T14:32:00.202Z","age":19},"phone":"0917-7753377","cell":"0175-9365457","id":{"name":"SVNR","value":"54 170660 S 152"},"picture":{"large":"https://randomuser.me/api/portraits/men/63.jpg","medium":"https://randomuser.me/api/portraits/med/men/63.jpg","thumbnail":"https://randomuser.me/api/portraits/thumb/men/63.jpg"},"nat":"DE"}],"info":{"seed":"b9df70c8646f68f8","results":1,"page":1,"version":"1.4"}} 
 </msg>
<msg time="2024-03-28T01:52:37.207868" level="INFO">/opt/hostedtoolcache/Python/3.12.2/x64/lib/python3.12/site-packages/urllib3/connectionpool.py:1103: InsecureRequestWarning: Unverified HTTPS request is being made to host 'randomuser.me'. Adding certificate verification is strongly advised. See: https://urllib3.readthedocs.io/en/latest/advanced-usage.html#tls-warnings
  warnings.warn(</msg>
<msg time="2024-03-28T01:52:37.207989" level="INFO">${response} = &lt;Response [200]&gt;</msg>
<var>${response}</var>
<arg>consultarAPI</arg>
<arg>/api</arg>
<doc>Sends a GET request on a previously created HTTP Session.</doc>
<status status="PASS" start="2024-03-28T01:52:37.107572" elapsed="0.100456"/>
</kw>
<kw name="Set Variable" owner="BuiltIn">
<msg time="2024-03-28T01:52:37.209099" level="INFO">${json_data} = {'results': [{'gender': 'male', 'name': {'title': 'Mr', 'first': 'Rico', 'last': 'Schramm'}, 'location': {'street': {'number': 9338, 'name': 'Mühlenstraße'}, 'city': 'Lugau', 'state': 'Rheinland-Pfalz...</msg>
<var>${json_data}</var>
<arg>${response.json()}</arg>
<doc>Returns the given values which can then be assigned to a variables.</doc>
<status status="PASS" start="2024-03-28T01:52:37.208543" elapsed="0.000587"/>
</kw>
<kw name="Log" owner="BuiltIn">
<msg time="2024-03-28T01:52:37.209628" level="INFO">{'results': [{'gender': 'male', 'name': {'title': 'Mr', 'first': 'Rico', 'last': 'Schramm'}, 'location': {'street': {'number': 9338, 'name': 'Mühlenstraße'}, 'city': 'Lugau', 'state': 'Rheinland-Pfalz', 'country': 'Germany', 'postcode': 42275, 'coordinates': {'latitude': '-49.1158', 'longitude': '-112.7823'}, 'timezone': {'offset': '-6:00', 'description': 'Central Time (US &amp; Canada), Mexico City'}}, 'email': 'rico.schramm@example.com', 'login': {'uuid': 'cc3eb8a5-f0b3-47c3-a17a-041af2cbb965', 'username': 'lazyostrich109', 'password': 'annika', 'salt': '7bRoEXmx', 'md5': '17698add4582a91a724b3a5157b47bf1', 'sha1': 'c88edb24e8417dd3520ea4906cc7b6a4f8997b02', 'sha256': '6d73118d0708037e7c1a47fabd14eb8df0300ecd2df790d51167b1991dbcbe06'}, 'dob': {'date': '1960-06-18T01:06:40.048Z', 'age': 63}, 'registered': {'date': '2004-07-01T14:32:00.202Z', 'age': 19}, 'phone': '0917-7753377', 'cell': '0175-9365457', 'id': {'name': 'SVNR', 'value': '54 170660 S 152'}, 'picture': {'large': 'https://randomuser.me/api/portraits/men/63.jpg', 'medium': 'https://randomuser.me/api/portraits/med/men/63.jpg', 'thumbnail': 'https://randomuser.me/api/portraits/thumb/men/63.jpg'}, 'nat': 'DE'}], 'info': {'seed': 'b9df70c8646f68f8', 'results': 1, 'page': 1, 'version': '1.4'}}</msg>
<arg>${json_data}</arg>
<doc>Logs the given message with the given level.</doc>
<status status="PASS" start="2024-03-28T01:52:37.209456" elapsed="0.000225"/>
</kw>
<kw name="Dictionary Should Contain Key" owner="Collections">
<msg time="2024-03-28T01:52:37.210151" level="INFO">False</msg>
<arg>${json_data}</arg>
<arg>results</arg>
<doc>Fails if ``key`` is not found from ``dictionary``.</doc>
<status status="PASS" start="2024-03-28T01:52:37.209989" elapsed="0.000199"/>
</kw>
<kw name="Should Not Be Empty" owner="BuiltIn">
<msg time="2024-03-28T01:52:37.210619" level="INFO">Length is 2.</msg>
<arg>${json_data}</arg>
<doc>Verifies that the given item is not empty.</doc>
<status status="PASS" start="2024-03-28T01:52:37.210483" elapsed="0.000175"/>
</kw>
<kw name="Create List" owner="BuiltIn">
<msg time="2024-03-28T01:52:37.211107" level="INFO">${expected_keys} = ['gender', 'name', 'location', 'email', 'login']</msg>
<var>${expected_keys}</var>
<arg>gender</arg>
<arg>name</arg>
<arg>location</arg>
<arg>email</arg>
<arg>login</arg>
<doc>Returns a list containing given items.</doc>
<status status="PASS" start="2024-03-28T01:52:37.210952" elapsed="0.000179"/>
</kw>
<for flavor="IN">
<iter>
<kw name="Dictionary Should Contain Key" owner="Collections">
<msg time="2024-03-28T01:52:37.212171" level="INFO">False</msg>
<arg>${json_data['results'][0]}</arg>
<arg>${key}</arg>
<doc>Fails if ``key`` is not found from ``dictionary``.</doc>
<status status="PASS" start="2024-03-28T01:52:37.211753" elapsed="0.000458"/>
</kw>
<kw name="Log" owner="BuiltIn">
<msg time="2024-03-28T01:52:37.212918" level="INFO">{'gender': 'male', 'name': {'title': 'Mr', 'first': 'Rico', 'last': 'Schramm'}, 'location': {'street': {'number': 9338, 'name': 'Mühlenstraße'}, 'city': 'Lugau', 'state': 'Rheinland-Pfalz', 'country': 'Germany', 'postcode': 42275, 'coordinates': {'latitude': '-49.1158', 'longitude': '-112.7823'}, 'timezone': {'offset': '-6:00', 'description': 'Central Time (US &amp; Canada), Mexico City'}}, 'email': 'rico.schramm@example.com', 'login': {'uuid': 'cc3eb8a5-f0b3-47c3-a17a-041af2cbb965', 'username': 'lazyostrich109', 'password': 'annika', 'salt': '7bRoEXmx', 'md5': '17698add4582a91a724b3a5157b47bf1', 'sha1': 'c88edb24e8417dd3520ea4906cc7b6a4f8997b02', 'sha256': '6d73118d0708037e7c1a47fabd14eb8df0300ecd2df790d51167b1991dbcbe06'}, 'dob': {'date': '1960-06-18T01:06:40.048Z', 'age': 63}, 'registered': {'date': '2004-07-01T14:32:00.202Z', 'age': 19}, 'phone': '0917-7753377', 'cell': '0175-9365457', 'id': {'name': 'SVNR', 'value': '54 170660 S 152'}, 'picture': {'large': 'https://randomuser.me/api/portraits/men/63.jpg', 'medium': 'https://randomuser.me/api/portraits/med/men/63.jpg', 'thumbnail': 'https://randomuser.me/api/portraits/thumb/men/63.jpg'}, 'nat': 'DE'}</msg>
<arg>${json_data['results'][0]}</arg>
<doc>Logs the given message with the given level.</doc>
<status status="PASS" start="2024-03-28T01:52:37.212530" elapsed="0.000456"/>
</kw>
<kw name="Log" owner="BuiltIn">
<msg time="2024-03-28T01:52:37.213443" level="INFO">gender</msg>
<arg>${key}</arg>
<doc>Logs the given message with the given level.</doc>
<status status="PASS" start="2024-03-28T01:52:37.213292" elapsed="0.000192"/>
</kw>
<var name="${key}">gender</var>
<status status="PASS" start="2024-03-28T01:52:37.211622" elapsed="0.002086"/>
</iter>
<iter>
<kw name="Dictionary Should Contain Key" owner="Collections">
<msg time="2024-03-28T01:52:37.214421" level="INFO">False</msg>
<arg>${json_data['results'][0]}</arg>
<arg>${key}</arg>
<doc>Fails if ``key`` is not found from ``dictionary``.</doc>
<status status="PASS" start="2024-03-28T01:52:37.214040" elapsed="0.000419"/>
</kw>
<kw name="Log" owner="BuiltIn">
<msg time="2024-03-28T01:52:37.215160" level="INFO">{'gender': 'male', 'name': {'title': 'Mr', 'first': 'Rico', 'last': 'Schramm'}, 'location': {'street': {'number': 9338, 'name': 'Mühlenstraße'}, 'city': 'Lugau', 'state': 'Rheinland-Pfalz', 'country': 'Germany', 'postcode': 42275, 'coordinates': {'latitude': '-49.1158', 'longitude': '-112.7823'}, 'timezone': {'offset': '-6:00', 'description': 'Central Time (US &amp; Canada), Mexico City'}}, 'email': 'rico.schramm@example.com', 'login': {'uuid': 'cc3eb8a5-f0b3-47c3-a17a-041af2cbb965', 'username': 'lazyostrich109', 'password': 'annika', 'salt': '7bRoEXmx', 'md5': '17698add4582a91a724b3a5157b47bf1', 'sha1': 'c88edb24e8417dd3520ea4906cc7b6a4f8997b02', 'sha256': '6d73118d0708037e7c1a47fabd14eb8df0300ecd2df790d51167b1991dbcbe06'}, 'dob': {'date': '1960-06-18T01:06:40.048Z', 'age': 63}, 'registered': {'date': '2004-07-01T14:32:00.202Z', 'age': 19}, 'phone': '0917-7753377', 'cell': '0175-9365457', 'id': {'name': 'SVNR', 'value': '54 170660 S 152'}, 'picture': {'large': 'https://randomuser.me/api/portraits/men/63.jpg', 'medium': 'https://randomuser.me/api/portraits/med/men/63.jpg', 'thumbnail': 'https://randomuser.me/api/portraits/thumb/men/63.jpg'}, 'nat': 'DE'}</msg>
<arg>${json_data['results'][0]}</arg>
<doc>Logs the given message with the given level.</doc>
<status status="PASS" start="2024-03-28T01:52:37.214790" elapsed="0.000422"/>
</kw>
<kw name="Log" owner="BuiltIn">
<msg time="2024-03-28T01:52:37.215684" level="INFO">name</msg>
<arg>${key}</arg>
<doc>Logs the given message with the given level.</doc>
<status status="PASS" start="2024-03-28T01:52:37.215549" elapsed="0.000174"/>
</kw>
<var name="${key}">name</var>
<status status="PASS" start="2024-03-28T01:52:37.213920" elapsed="0.002025"/>
</iter>
<iter>
<kw name="Dictionary Should Contain Key" owner="Collections">
<msg time="2024-03-28T01:52:37.216628" level="INFO">False</msg>
<arg>${json_data['results'][0]}</arg>
<arg>${key}</arg>
<doc>Fails if ``key`` is not found from ``dictionary``.</doc>
<status status="PASS" start="2024-03-28T01:52:37.216244" elapsed="0.000422"/>
</kw>
<kw name="Log" owner="BuiltIn">
<msg time="2024-03-28T01:52:37.217340" level="INFO">{'gender': 'male', 'name': {'title': 'Mr', 'first': 'Rico', 'last': 'Schramm'}, 'location': {'street': {'number': 9338, 'name': 'Mühlenstraße'}, 'city': 'Lugau', 'state': 'Rheinland-Pfalz', 'country': 'Germany', 'postcode': 42275, 'coordinates': {'latitude': '-49.1158', 'longitude': '-112.7823'}, 'timezone': {'offset': '-6:00', 'description': 'Central Time (US &amp; Canada), Mexico City'}}, 'email': 'rico.schramm@example.com', 'login': {'uuid': 'cc3eb8a5-f0b3-47c3-a17a-041af2cbb965', 'username': 'lazyostrich109', 'password': 'annika', 'salt': '7bRoEXmx', 'md5': '17698add4582a91a724b3a5157b47bf1', 'sha1': 'c88edb24e8417dd3520ea4906cc7b6a4f8997b02', 'sha256': '6d73118d0708037e7c1a47fabd14eb8df0300ecd2df790d51167b1991dbcbe06'}, 'dob': {'date': '1960-06-18T01:06:40.048Z', 'age': 63}, 'registered': {'date': '2004-07-01T14:32:00.202Z', 'age': 19}, 'phone': '0917-7753377', 'cell': '0175-9365457', 'id': {'name': 'SVNR', 'value': '54 170660 S 152'}, 'picture': {'large': 'https://randomuser.me/api/portraits/men/63.jpg', 'medium': 'https://randomuser.me/api/portraits/med/men/63.jpg', 'thumbnail': 'https://randomuser.me/api/portraits/thumb/men/63.jpg'}, 'nat': 'DE'}</msg>
<arg>${json_data['results'][0]}</arg>
<doc>Logs the given message with the given level.</doc>
<status status="PASS" start="2024-03-28T01:52:37.216968" elapsed="0.000428"/>
</kw>
<kw name="Log" owner="BuiltIn">
<msg time="2024-03-28T01:52:37.217820" level="INFO">location</msg>
<arg>${key}</arg>
<doc>Logs the given message with the given level.</doc>
<status status="PASS" start="2024-03-28T01:52:37.217693" elapsed="0.000165"/>
</kw>
<var name="${key}">location</var>
<status status="PASS" start="2024-03-28T01:52:37.216130" elapsed="0.001941"/>
</iter>
<iter>
<kw name="Dictionary Should Contain Key" owner="Collections">
<msg time="2024-03-28T01:52:37.218732" level="INFO">False</msg>
<arg>${json_data['results'][0]}</arg>
<arg>${key}</arg>
<doc>Fails if ``key`` is not found from ``dictionary``.</doc>
<status status="PASS" start="2024-03-28T01:52:37.218353" elapsed="0.000417"/>
</kw>
<kw name="Log" owner="BuiltIn">
<msg time="2024-03-28T01:52:37.219430" level="INFO">{'gender': 'male', 'name': {'title': 'Mr', 'first': 'Rico', 'last': 'Schramm'}, 'location': {'street': {'number': 9338, 'name': 'Mühlenstraße'}, 'city': 'Lugau', 'state': 'Rheinland-Pfalz', 'country': 'Germany', 'postcode': 42275, 'coordinates': {'latitude': '-49.1158', 'longitude': '-112.7823'}, 'timezone': {'offset': '-6:00', 'description': 'Central Time (US &amp; Canada), Mexico City'}}, 'email': 'rico.schramm@example.com', 'login': {'uuid': 'cc3eb8a5-f0b3-47c3-a17a-041af2cbb965', 'username': 'lazyostrich109', 'password': 'annika', 'salt': '7bRoEXmx', 'md5': '17698add4582a91a724b3a5157b47bf1', 'sha1': 'c88edb24e8417dd3520ea4906cc7b6a4f8997b02', 'sha256': '6d73118d0708037e7c1a47fabd14eb8df0300ecd2df790d51167b1991dbcbe06'}, 'dob': {'date': '1960-06-18T01:06:40.048Z', 'age': 63}, 'registered': {'date': '2004-07-01T14:32:00.202Z', 'age': 19}, 'phone': '0917-7753377', 'cell': '0175-9365457', 'id': {'name': 'SVNR', 'value': '54 170660 S 152'}, 'picture': {'large': 'https://randomuser.me/api/portraits/men/63.jpg', 'medium': 'https://randomuser.me/api/portraits/med/men/63.jpg', 'thumbnail': 'https://randomuser.me/api/portraits/thumb/men/63.jpg'}, 'nat': 'DE'}</msg>
<arg>${json_data['results'][0]}</arg>
<doc>Logs the given message with the given level.</doc>
<status status="PASS" start="2024-03-28T01:52:37.219068" elapsed="0.000450"/>
</kw>
<kw name="Log" owner="BuiltIn">
<msg time="2024-03-28T01:52:37.219953" level="INFO">email</msg>
<arg>${key}</arg>
<doc>Logs the given message with the given level.</doc>
<status status="PASS" start="2024-03-28T01:52:37.219825" elapsed="0.000166"/>
</kw>
<var name="${key}">email</var>
<status status="PASS" start="2024-03-28T01:52:37.218243" elapsed="0.001967"/>
</iter>
<iter>
<kw name="Dictionary Should Contain Key" owner="Collections">
<msg time="2024-03-28T01:52:37.220883" level="INFO">False</msg>
<arg>${json_data['results'][0]}</arg>
<arg>${key}</arg>
<doc>Fails if ``key`` is not found from ``dictionary``.</doc>
<status status="PASS" start="2024-03-28T01:52:37.220500" elapsed="0.000420"/>
</kw>
<kw name="Log" owner="BuiltIn">
<msg time="2024-03-28T01:52:37.221582" level="INFO">{'gender': 'male', 'name': {'title': 'Mr', 'first': 'Rico', 'last': 'Schramm'}, 'location': {'street': {'number': 9338, 'name': 'Mühlenstraße'}, 'city': 'Lugau', 'state': 'Rheinland-Pfalz', 'country': 'Germany', 'postcode': 42275, 'coordinates': {'latitude': '-49.1158', 'longitude': '-112.7823'}, 'timezone': {'offset': '-6:00', 'description': 'Central Time (US &amp; Canada), Mexico City'}}, 'email': 'rico.schramm@example.com', 'login': {'uuid': 'cc3eb8a5-f0b3-47c3-a17a-041af2cbb965', 'username': 'lazyostrich109', 'password': 'annika', 'salt': '7bRoEXmx', 'md5': '17698add4582a91a724b3a5157b47bf1', 'sha1': 'c88edb24e8417dd3520ea4906cc7b6a4f8997b02', 'sha256': '6d73118d0708037e7c1a47fabd14eb8df0300ecd2df790d51167b1991dbcbe06'}, 'dob': {'date': '1960-06-18T01:06:40.048Z', 'age': 63}, 'registered': {'date': '2004-07-01T14:32:00.202Z', 'age': 19}, 'phone': '0917-7753377', 'cell': '0175-9365457', 'id': {'name': 'SVNR', 'value': '54 170660 S 152'}, 'picture': {'large': 'https://randomuser.me/api/portraits/men/63.jpg', 'medium': 'https://randomuser.me/api/portraits/med/men/63.jpg', 'thumbnail': 'https://randomuser.me/api/portraits/thumb/men/63.jpg'}, 'nat': 'DE'}</msg>
<arg>${json_data['results'][0]}</arg>
<doc>Logs the given message with the given level.</doc>
<status status="PASS" start="2024-03-28T01:52:37.221215" elapsed="0.000418"/>
</kw>
<kw name="Log" owner="BuiltIn">
<msg time="2024-03-28T01:52:37.222063" level="INFO">login</msg>
<arg>${key}</arg>
<doc>Logs the given message with the given level.</doc>
<status status="PASS" start="2024-03-28T01:52:37.221933" elapsed="0.000275"/>
</kw>
<var name="${key}">login</var>
<status status="PASS" start="2024-03-28T01:52:37.220384" elapsed="0.002078"/>
</iter>
<var>${key}</var>
<value>@{expected_keys}</value>
<status status="PASS" start="2024-03-28T01:52:37.211393" elapsed="0.011194"/>
</for>
<kw name="Create List" owner="BuiltIn">
<msg time="2024-03-28T01:52:37.222924" level="INFO">${expected_keysTwo} = ['username', 'password']</msg>
<var>${expected_keysTwo}</var>
<arg>username</arg>
<arg>password</arg>
<doc>Returns a list containing given items.</doc>
<status status="PASS" start="2024-03-28T01:52:37.222785" elapsed="0.000162"/>
</kw>
<for flavor="IN">
<iter>
<kw name="Dictionary Should Contain Key" owner="Collections">
<msg time="2024-03-28T01:52:37.223878" level="INFO">False</msg>
<arg>${json_data['results'][0]['login']}</arg>
<arg>${keyTwo}</arg>
<doc>Fails if ``key`` is not found from ``dictionary``.</doc>
<status status="PASS" start="2024-03-28T01:52:37.223450" elapsed="0.000465"/>
</kw>
<kw name="Dictionary Should Contain Key" owner="Collections">
<msg time="2024-03-28T01:52:37.224624" level="INFO">False</msg>
<arg>${json_data['results'][0]['login']}</arg>
<arg>${keyTwo}</arg>
<doc>Fails if ``key`` is not found from ``dictionary``.</doc>
<status status="PASS" start="2024-03-28T01:52:37.224232" elapsed="0.000429"/>
</kw>
<kw name="Log" owner="BuiltIn">
<msg time="2024-03-28T01:52:37.225109" level="INFO">username</msg>
<arg>${keyTwo}</arg>
<doc>Logs the given message with the given level.</doc>
<status status="PASS" start="2024-03-28T01:52:37.224974" elapsed="0.000173"/>
</kw>
<var name="${keyTwo}">username</var>
<status status="PASS" start="2024-03-28T01:52:37.223339" elapsed="0.002024"/>
</iter>
<iter>
<kw name="Dictionary Should Contain Key" owner="Collections">
<msg time="2024-03-28T01:52:37.226023" level="INFO">False</msg>
<arg>${json_data['results'][0]['login']}</arg>
<arg>${keyTwo}</arg>
<doc>Fails if ``key`` is not found from ``dictionary``.</doc>
<status status="PASS" start="2024-03-28T01:52:37.225645" elapsed="0.000415"/>
</kw>
<kw name="Dictionary Should Contain Key" owner="Collections">
<msg time="2024-03-28T01:52:37.226738" level="INFO">False</msg>
<arg>${json_data['results'][0]['login']}</arg>
<arg>${keyTwo}</arg>
<doc>Fails if ``key`` is not found from ``dictionary``.</doc>
<status status="PASS" start="2024-03-28T01:52:37.226356" elapsed="0.000418"/>
</kw>
<kw name="Log" owner="BuiltIn">
<msg time="2024-03-28T01:52:37.227193" level="INFO">password</msg>
<arg>${keyTwo}</arg>
<doc>Logs the given message with the given level.</doc>
<status status="PASS" start="2024-03-28T01:52:37.227065" elapsed="0.000166"/>
</kw>
<var name="${keyTwo}">password</var>
<status status="PASS" start="2024-03-28T01:52:37.225535" elapsed="0.001914"/>
</iter>
<var>${keyTwo}</var>
<value>@{expected_keysTwo}</value>
<status status="PASS" start="2024-03-28T01:52:37.223184" elapsed="0.004428"/>
</for>
<status status="PASS" start="2024-03-28T01:52:37.107296" elapsed="0.120470"/>
</kw>
<doc>Testa a estrutura da resposta da API.</doc>
<tag>testeEstruturaResposta</tag>
<status status="PASS" start="2024-03-28T01:52:37.106513" elapsed="0.121413"/>
</test>
<test id="s1-s1-t4" name="Validar tipos de dados" line="28">
<kw name="Teste de Tipos de Dados" owner="random-user-service">
<kw name="GET On Session" owner="RequestsLibrary">
<msg time="2024-03-28T01:52:37.307073" level="INFO">GET Request : url=https://randomuser.me/api 
 path_url=/api 
 headers={'User-Agent': 'python-requests/2.31.0', 'Accept-Encoding': 'gzip, deflate', 'Accept': '*/*', 'Connection': 'keep-alive'} 
 body=None 
 </msg>
<msg time="2024-03-28T01:52:37.307135" level="INFO">GET Response : url=https://randomuser.me/api 
 status=200, reason=OK 
 headers={'Date': 'Thu, 28 Mar 2024 01:52:37 GMT', 'Content-Type': 'application/json; charset=utf-8', 'Transfer-Encoding': 'chunked', 'Connection': 'keep-alive', 'X-Powered-By': 'Express', 'Access-Control-Allow-Origin': '*', 'Cache-Control': 'no-cache', 'ETag': 'W/"497-8KYfrvnpypCJQcD9zcSHVN1LekI"', 'Vary': 'Accept-Encoding', 'Content-Encoding': 'gzip', 'CF-Cache-Status': 'DYNAMIC', 'Report-To': '{"endpoints":[{"url":"https:\\/\\/a.nel.cloudflare.com\\/report\\/v4?s=4n64641NzX1UWjeKlRly2NX4A4h2f6mlZQ3VAp%2FeHzyEUjx4oOW%2FEMsFPmP%2B8r1p3GdNdYOXCK4OeRJJ8MqSXGkbSm%2B0Yi507fkooirVHfDIlAoAvy1jzWWQQ8RLmC61"}],"group":"cf-nel","max_age":604800}', 'NEL': '{"success_fraction":0,"report_to":"cf-nel","max_age":604800}', 'Server': 'cloudflare', 'CF-RAY': '86b3fb58bc282018-IAD', 'alt-svc': 'h3=":443"; ma=86400'} 
 body={"results":[{"gender":"male","name":{"title":"Mr","first":"Duane","last":"Banks"},"location":{"street":{"number":8090,"name":"Park Road"},"city":"Stirling","state":"South Yorkshire","country":"United Kingdom","postcode":"YI4 5FY","coordinates":{"latitude":"-4.5320","longitude":"-107.7463"},"timezone":{"offset":"+4:00","description":"Abu Dhabi, Muscat, Baku, Tbilisi"}},"email":"duane.banks@example.com","login":{"uuid":"409c9dc2-0501-4597-9776-6a471ab4ab04","username":"lazygoose444","password":"jarrett","salt":"cvbhvJBx","md5":"6f5b5f4e1f89b6a969c7a0f74600a55d","sha1":"ad0c237b3d3311f7a00bb8db03212f9caf05ae9e","sha256":"4627c47bc85f7cd757ab09da6f3f32af8e627c868a5d85b1bcddd71ae643e5cf"},"dob":{"date":"1981-08-07T03:37:24.600Z","age":42},"registered":{"date":"2008-01-13T07:24:46.409Z","age":16},"phone":"017684 08343","cell":"07969 180482","id":{"name":"NINO","value":"JX 54 83 73 Q"},"picture":{"large":"https://randomuser.me/api/portraits/men/48.jpg","medium":"https://randomuser.me/api/portraits/med/men/48.jpg","thumbnail":"https://randomuser.me/api/portraits/thumb/men/48.jpg"},"nat":"GB"}],"info":{"seed":"80dd03a69954ea14","results":1,"page":1,"version":"1.4"}} 
 </msg>
<msg time="2024-03-28T01:52:37.307187" level="INFO">/opt/hostedtoolcache/Python/3.12.2/x64/lib/python3.12/site-packages/urllib3/connectionpool.py:1103: InsecureRequestWarning: Unverified HTTPS request is being made to host 'randomuser.me'. Adding certificate verification is strongly advised. See: https://urllib3.readthedocs.io/en/latest/advanced-usage.html#tls-warnings
  warnings.warn(</msg>
<msg time="2024-03-28T01:52:37.307277" level="INFO">${response} = &lt;Response [200]&gt;</msg>
<var>${response}</var>
<arg>consultarAPI</arg>
<arg>/api</arg>
<doc>Sends a GET request on a previously created HTTP Session.</doc>
<status status="PASS" start="2024-03-28T01:52:37.230493" elapsed="0.076825"/>
</kw>
<kw name="Set Variable" owner="BuiltIn">
<msg time="2024-03-28T01:52:37.308346" level="INFO">${json_data} = {'results': [{'gender': 'male', 'name': {'title': 'Mr', 'first': 'Duane', 'last': 'Banks'}, 'location': {'street': {'number': 8090, 'name': 'Park Road'}, 'city': 'Stirling', 'state': 'South Yorkshire'...</msg>
<var>${json_data}</var>
<arg>${response.json()}</arg>
<doc>Returns the given values which can then be assigned to a variables.</doc>
<status status="PASS" start="2024-03-28T01:52:37.307797" elapsed="0.000577"/>
</kw>
<kw name="Log" owner="BuiltIn">
<msg time="2024-03-28T01:52:37.308837" level="INFO">{'results': [{'gender': 'male', 'name': {'title': 'Mr', 'first': 'Duane', 'last': 'Banks'}, 'location': {'street': {'number': 8090, 'name': 'Park Road'}, 'city': 'Stirling', 'state': 'South Yorkshire', 'country': 'United Kingdom', 'postcode': 'YI4 5FY', 'coordinates': {'latitude': '-4.5320', 'longitude': '-107.7463'}, 'timezone': {'offset': '+4:00', 'description': 'Abu Dhabi, Muscat, Baku, Tbilisi'}}, 'email': 'duane.banks@example.com', 'login': {'uuid': '409c9dc2-0501-4597-9776-6a471ab4ab04', 'username': 'lazygoose444', 'password': 'jarrett', 'salt': 'cvbhvJBx', 'md5': '6f5b5f4e1f89b6a969c7a0f74600a55d', 'sha1': 'ad0c237b3d3311f7a00bb8db03212f9caf05ae9e', 'sha256': '4627c47bc85f7cd757ab09da6f3f32af8e627c868a5d85b1bcddd71ae643e5cf'}, 'dob': {'date': '1981-08-07T03:37:24.600Z', 'age': 42}, 'registered': {'date': '2008-01-13T07:24:46.409Z', 'age': 16}, 'phone': '017684 08343', 'cell': '07969 180482', 'id': {'name': 'NINO', 'value': 'JX 54 83 73 Q'}, 'picture': {'large': 'https://randomuser.me/api/portraits/men/48.jpg', 'medium': 'https://randomuser.me/api/portraits/med/men/48.jpg', 'thumbnail': 'https://randomuser.me/api/portraits/thumb/men/48.jpg'}, 'nat': 'GB'}], 'info': {'seed': '80dd03a69954ea14', 'results': 1, 'page': 1, 'version': '1.4'}}</msg>
<arg>${json_data}</arg>
<doc>Logs the given message with the given level.</doc>
<status status="PASS" start="2024-03-28T01:52:37.308684" elapsed="0.000232"/>
</kw>
<kw name="Should Be String" owner="String">
<arg>${json_data['results'][0]['gender']}</arg>
<doc>Fails if the given ``item`` is not a string.</doc>
<status status="PASS" start="2024-03-28T01:52:37.309226" elapsed="0.000363"/>
</kw>
<kw name="Should Match Regexp" owner="BuiltIn">
<arg>${json_data['results'][0]['email']}</arg>
<arg>^[a-zA-Z0-9._%+-]+@[a-zA-Z0-9.-]+\.[a-zA-Z]{2,}$</arg>
<doc>Fails if ``string`` does not match ``pattern`` as a regular expression.</doc>
<status status="PASS" start="2024-03-28T01:52:37.309785" elapsed="0.000525"/>
</kw>
<kw name="Should Match Regexp" owner="BuiltIn">
<arg>${json_data['results'][0]['dob']['date']}</arg>
<arg>\\d{4}-\\d{2}-\\d{2}T\\d{2}:\\d{2}:\\d{2}\\.\\d{3}Z</arg>
<doc>Fails if ``string`` does not match ``pattern`` as a regular expression.</doc>
<status status="PASS" start="2024-03-28T01:52:37.310518" elapsed="0.000508"/>
</kw>
<kw name="Should Match Regexp" owner="BuiltIn">
<arg>${json_data['results'][0]['registered']['date']}</arg>
<arg>\\d{4}-\\d{2}-\\d{2}T\\d{2}:\\d{2}:\\d{2}\\.\\d{3}Z</arg>
<doc>Fails if ``string`` does not match ``pattern`` as a regular expression.</doc>
<status status="PASS" start="2024-03-28T01:52:37.311218" elapsed="0.000420"/>
</kw>
<kw name="Should Match Regexp" owner="BuiltIn">
<arg>${json_data['results'][0]['picture']['large']}</arg>
<arg>^https?://.*\.(?:png|jpe?g|gif|bmp)$</arg>
<doc>Fails if ``string`` does not match ``pattern`` as a regular expression.</doc>
<status status="PASS" start="2024-03-28T01:52:37.311829" elapsed="0.000463"/>
</kw>
<kw name="Should Match Regexp" owner="BuiltIn">
<arg>${json_data['results'][0]['picture']['medium']}</arg>
<arg>^https?://.*\.(?:png|jpe?g|gif|bmp)$</arg>
<doc>Fails if ``string`` does not match ``pattern`` as a regular expression.</doc>
<status status="PASS" start="2024-03-28T01:52:37.312485" elapsed="0.000359"/>
</kw>
<kw name="Should Match Regexp" owner="BuiltIn">
<arg>${json_data['results'][0]['picture']['thumbnail']}</arg>
<arg>^https?://.*\.(?:png|jpe?g|gif|bmp)$</arg>
<doc>Fails if ``string`` does not match ``pattern`` as a regular expression.</doc>
<status status="PASS" start="2024-03-28T01:52:37.313033" elapsed="0.000348"/>
</kw>
<kw name="Log" owner="BuiltIn">
<msg time="2024-03-28T01:52:37.313890" level="INFO">{'large': 'https://randomuser.me/api/portraits/men/48.jpg', 'medium': 'https://randomuser.me/api/portraits/med/men/48.jpg', 'thumbnail': 'https://randomuser.me/api/portraits/thumb/men/48.jpg'}</msg>
<arg>${json_data['results'][0]['picture']}</arg>
<doc>Logs the given message with the given level.</doc>
<status status="PASS" start="2024-03-28T01:52:37.313562" elapsed="0.000373"/>
</kw>
<status status="PASS" start="2024-03-28T01:52:37.230261" elapsed="0.083931"/>
</kw>
<kw name="Teste de Tipos de Dados - Postcode" owner="random-user-service">
<kw name="GET On Session" owner="RequestsLibrary">
<msg time="2024-03-28T01:52:37.408210" level="INFO">GET Request : url=https://randomuser.me/api 
 path_url=/api 
 headers={'User-Agent': 'python-requests/2.31.0', 'Accept-Encoding': 'gzip, deflate', 'Accept': '*/*', 'Connection': 'keep-alive'} 
 body=None 
 </msg>
<msg time="2024-03-28T01:52:37.408275" level="INFO">GET Response : url=https://randomuser.me/api 
 status=200, reason=OK 
 headers={'Date': 'Thu, 28 Mar 2024 01:52:37 GMT', 'Content-Type': 'application/json; charset=utf-8', 'Transfer-Encoding': 'chunked', 'Connection': 'keep-alive', 'X-Powered-By': 'Express', 'Access-Control-Allow-Origin': '*', 'Cache-Control': 'no-cache', 'ETag': 'W/"470-5NMl/0lry4g2aJGaFdOoTKIrZC4"', 'Vary': 'Accept-Encoding', 'Content-Encoding': 'gzip', 'CF-Cache-Status': 'DYNAMIC', 'Report-To': '{"endpoints":[{"url":"https:\\/\\/a.nel.cloudflare.com\\/report\\/v4?s=o8LoP%2BEA8vPV%2Ba2dPNV9qTnth2l%2FueuhN%2BKihQctJynobyEmr9%2FbIESWr5QostTqAkpHjHiurl6Q3m3ZYtlF%2BQuhT6A8I3z05GxlwIhjeQkklxq2m7N4%2FNj%2BWsZdWenS"}],"group":"cf-nel","max_age":604800}', 'NEL': '{"success_fraction":0,"report_to":"cf-nel","max_age":604800}', 'Server': 'cloudflare', 'CF-RAY': '86b3fb593cf02018-IAD', 'alt-svc': 'h3=":443"; ma=86400'} 
 body={"results":[{"gender":"male","name":{"title":"Mr","first":"Nikolai","last":"Kaasa"},"location":{"street":{"number":7739,"name":"Trosterudstien"},"city":"Røstlandet","state":"Aust-Agder","country":"Norway","postcode":"0154","coordinates":{"latitude":"44.8281","longitude":"-172.0580"},"timezone":{"offset":"-2:00","description":"Mid-Atlantic"}},"email":"nikolai.kaasa@example.com","login":{"uuid":"b76cea1d-3797-40e4-be6d-61d33dcf70c2","username":"happyswan459","password":"union","salt":"oEKCa3rp","md5":"941ae42f744f2af99a405f28afa4cd46","sha1":"988327c34db47fe56a60bfc2eca8cae9227fe733","sha256":"cefc913865ac6507064fefeadbd35ba443ba0ea37b1026d633747b561995b687"},"dob":{"date":"1951-06-26T08:44:56.058Z","age":72},"registered":{"date":"2018-12-02T00:41:38.473Z","age":5},"phone":"38794071","cell":"46176582","id":{"name":"FN","value":"26065100745"},"picture":{"large":"https://randomuser.me/api/portraits/men/21.jpg","medium":"https://randomuser.me/api/portraits/med/men/21.jpg","thumbnail":"https://randomuser.me/api/portraits/thumb/men/21.jpg"},"nat":"NO"}],"info":{"seed":"96f6238439aced9c","results":1,"page":1,"version":"1.4"}} 
 </msg>
<msg time="2024-03-28T01:52:37.408340" level="INFO">/opt/hostedtoolcache/Python/3.12.2/x64/lib/python3.12/site-packages/urllib3/connectionpool.py:1103: InsecureRequestWarning: Unverified HTTPS request is being made to host 'randomuser.me'. Adding certificate verification is strongly advised. See: https://urllib3.readthedocs.io/en/latest/advanced-usage.html#tls-warnings
  warnings.warn(</msg>
<msg time="2024-03-28T01:52:37.408428" level="INFO">${response} = &lt;Response [200]&gt;</msg>
<var>${response}</var>
<arg>consultarAPI</arg>
<arg>/api</arg>
<doc>Sends a GET request on a previously created HTTP Session.</doc>
<status status="PASS" start="2024-03-28T01:52:37.314756" elapsed="0.093714"/>
</kw>
<kw name="Set Variable" owner="BuiltIn">
<msg time="2024-03-28T01:52:37.409477" level="INFO">${json_data} = {'results': [{'gender': 'male', 'name': {'title': 'Mr', 'first': 'Nikolai', 'last': 'Kaasa'}, 'location': {'street': {'number': 7739, 'name': 'Trosterudstien'}, 'city': 'Røstlandet', 'state': 'Aust-Ag...</msg>
<var>${json_data}</var>
<arg>${response.json()}</arg>
<doc>Returns the given values which can then be assigned to a variables.</doc>
<status status="PASS" start="2024-03-28T01:52:37.408929" elapsed="0.000577"/>
</kw>
<kw name="Log" owner="BuiltIn">
<msg time="2024-03-28T01:52:37.409969" level="INFO">{'results': [{'gender': 'male', 'name': {'title': 'Mr', 'first': 'Nikolai', 'last': 'Kaasa'}, 'location': {'street': {'number': 7739, 'name': 'Trosterudstien'}, 'city': 'Røstlandet', 'state': 'Aust-Agder', 'country': 'Norway', 'postcode': '0154', 'coordinates': {'latitude': '44.8281', 'longitude': '-172.0580'}, 'timezone': {'offset': '-2:00', 'description': 'Mid-Atlantic'}}, 'email': 'nikolai.kaasa@example.com', 'login': {'uuid': 'b76cea1d-3797-40e4-be6d-61d33dcf70c2', 'username': 'happyswan459', 'password': 'union', 'salt': 'oEKCa3rp', 'md5': '941ae42f744f2af99a405f28afa4cd46', 'sha1': '988327c34db47fe56a60bfc2eca8cae9227fe733', 'sha256': 'cefc913865ac6507064fefeadbd35ba443ba0ea37b1026d633747b561995b687'}, 'dob': {'date': '1951-06-26T08:44:56.058Z', 'age': 72}, 'registered': {'date': '2018-12-02T00:41:38.473Z', 'age': 5}, 'phone': '38794071', 'cell': '46176582', 'id': {'name': 'FN', 'value': '26065100745'}, 'picture': {'large': 'https://randomuser.me/api/portraits/men/21.jpg', 'medium': 'https://randomuser.me/api/portraits/med/men/21.jpg', 'thumbnail': 'https://randomuser.me/api/portraits/thumb/men/21.jpg'}, 'nat': 'NO'}], 'info': {'seed': '96f6238439aced9c', 'results': 1, 'page': 1, 'version': '1.4'}}</msg>
<arg>${json_data}</arg>
<doc>Logs the given message with the given level.</doc>
<status status="PASS" start="2024-03-28T01:52:37.409813" elapsed="0.000235"/>
</kw>
<kw name="Should Be Equal As Numbers" owner="BuiltIn">
<arg>${json_data['results'][0]['location']['postcode']}</arg>
<arg>${json_data['results'][0]['location']['postcode']}</arg>
<doc>Fails if objects are unequal after converting them to real numbers.</doc>
<status status="PASS" start="2024-03-28T01:52:37.410353" elapsed="0.000622"/>
</kw>
<kw name="Log" owner="BuiltIn">
<msg time="2024-03-28T01:52:37.411586" level="INFO">0154</msg>
<arg>${json_data['results'][0]['location']['postcode']}</arg>
<doc>Logs the given message with the given level.</doc>
<status status="PASS" start="2024-03-28T01:52:37.411177" elapsed="0.000452"/>
</kw>
<status status="PASS" start="2024-03-28T01:52:37.314412" elapsed="0.097477"/>
</kw>
<doc>Testa se os tipos de dados na resposta da API estão corretos.</doc>
<tag>testeTiposDados</tag>
<status status="PASS" start="2024-03-28T01:52:37.229713" elapsed="0.182344"/>
</test>
<test id="s1-s1-t5" name="Validar conteudo" line="35">
<kw name="Teste de Tipos de Conteudo" owner="random-user-service">
<kw name="GET On Session" owner="RequestsLibrary">
<msg time="2024-03-28T01:52:37.508341" level="INFO">GET Request : url=https://randomuser.me/api 
 path_url=/api 
 headers={'User-Agent': 'python-requests/2.31.0', 'Accept-Encoding': 'gzip, deflate', 'Accept': '*/*', 'Connection': 'keep-alive'} 
 body=None 
 </msg>
<msg time="2024-03-28T01:52:37.508414" level="INFO">GET Response : url=https://randomuser.me/api 
 status=200, reason=OK 
 headers={'Date': 'Thu, 28 Mar 2024 01:52:37 GMT', 'Content-Type': 'application/json; charset=utf-8', 'Transfer-Encoding': 'chunked', 'Connection': 'keep-alive', 'X-Powered-By': 'Express', 'Access-Control-Allow-Origin': '*', 'Cache-Control': 'no-cache', 'ETag': 'W/"484-BeFtnE0h7G9pnIQUFwJJf/DF6Ng"', 'Vary': 'Accept-Encoding', 'Content-Encoding': 'gzip', 'CF-Cache-Status': 'DYNAMIC', 'Report-To': '{"endpoints":[{"url":"https:\\/\\/a.nel.cloudflare.com\\/report\\/v4?s=rg103yvS8w%2BrQpASrD4J9icS6154C4ymAqZDWLYYRHjFkqzSaWzzI2FfQ23mqlDFWF5Pi4Ui45Yyc5M%2BSsv54grZjDFaXx9DP62iRzN4KI7sTjqcdT0gI1tYKvFe3HrO"}],"group":"cf-nel","max_age":604800}', 'NEL': '{"success_fraction":0,"report_to":"cf-nel","max_age":604800}', 'Server': 'cloudflare', 'CF-RAY': '86b3fb59dd932018-IAD', 'alt-svc': 'h3=":443"; ma=86400'} 
 body={"results":[{"gender":"female","name":{"title":"Ms","first":"Ella","last":"Jimenez"},"location":{"street":{"number":9034,"name":"Albert Road"},"city":"Sheffield","state":"Suffolk","country":"United Kingdom","postcode":"DB2Q 6ZT","coordinates":{"latitude":"-7.6463","longitude":"143.9478"},"timezone":{"offset":"-9:00","description":"Alaska"}},"email":"ella.jimenez@example.com","login":{"uuid":"57e1e0cd-a331-4191-817f-78c2f9319f16","username":"yellowkoala585","password":"impreza","salt":"onfeKfGf","md5":"d0917bc1417eb97544ea12f192f5a44b","sha1":"dd4f9092c1fa3d896be1365821e061dd8261a412","sha256":"d9a7a6c456870b081bbb459d9f6f644069b27f7e714bd13f0628c76c1c8f00a8"},"dob":{"date":"1987-08-20T19:36:35.144Z","age":36},"registered":{"date":"2004-10-14T16:33:00.881Z","age":19},"phone":"017684 01782","cell":"07637 561434","id":{"name":"NINO","value":"KA 18 75 13 U"},"picture":{"large":"https://randomuser.me/api/portraits/women/93.jpg","medium":"https://randomuser.me/api/portraits/med/women/93.jpg","thumbnail":"https://randomuser.me/api/portraits/thumb/women/93.jpg"},"nat":"GB"}],"info":{"seed":"aad490d57a5c18c5","results":1,"page":1,"version":"1.4"}} 
 </msg>
<msg time="2024-03-28T01:52:37.508469" level="INFO">/opt/hostedtoolcache/Python/3.12.2/x64/lib/python3.12/site-packages/urllib3/connectionpool.py:1103: InsecureRequestWarning: Unverified HTTPS request is being made to host 'randomuser.me'. Adding certificate verification is strongly advised. See: https://urllib3.readthedocs.io/en/latest/advanced-usage.html#tls-warnings
  warnings.warn(</msg>
<msg time="2024-03-28T01:52:37.508565" level="INFO">${response} = &lt;Response [200]&gt;</msg>
<var>${response}</var>
<arg>consultarAPI</arg>
<arg>/api</arg>
<doc>Sends a GET request on a previously created HTTP Session.</doc>
<status status="PASS" start="2024-03-28T01:52:37.414584" elapsed="0.094017"/>
</kw>
<kw name="Set Variable" owner="BuiltIn">
<msg time="2024-03-28T01:52:37.509479" level="INFO">${json_data} = {'results': [{'gender': 'female', 'name': {'title': 'Ms', 'first': 'Ella', 'last': 'Jimenez'}, 'location': {'street': {'number': 9034, 'name': 'Albert Road'}, 'city': 'Sheffield', 'state': 'Suffolk', ...</msg>
<var>${json_data}</var>
<arg>${response.json()}</arg>
<doc>Returns the given values which can then be assigned to a variables.</doc>
<status status="PASS" start="2024-03-28T01:52:37.509014" elapsed="0.000493"/>
</kw>
<kw name="Set Variable" owner="BuiltIn">
<msg time="2024-03-28T01:52:37.510186" level="INFO">${name_title} = Ms</msg>
<var>${name_title}</var>
<arg>${json_data["results"][0]["name"]["title"]}</arg>
<doc>Returns the given values which can then be assigned to a variables.</doc>
<status status="PASS" start="2024-03-28T01:52:37.509812" elapsed="0.000399"/>
</kw>
<kw name="Create List" owner="BuiltIn">
<msg time="2024-03-28T01:52:37.510676" level="INFO">${allowed_titles} = ['Mr', 'Ms', 'Miss', 'Mrs', 'Madame', 'Monsieur']</msg>
<var>${allowed_titles}</var>
<arg>Mr</arg>
<arg>Ms</arg>
<arg>Miss</arg>
<arg>Mrs</arg>
<arg>Madame</arg>
<arg>Monsieur</arg>
<doc>Returns a list containing given items.</doc>
<status status="PASS" start="2024-03-28T01:52:37.510508" elapsed="0.000192"/>
</kw>
<kw name="List Should Contain Value" owner="Collections">
<msg time="2024-03-28T01:52:37.511180" level="INFO">False</msg>
<arg>${allowed_titles}</arg>
<arg>${name_title}</arg>
<doc>Fails if the ``value`` is not found from ``list``.</doc>
<status status="PASS" start="2024-03-28T01:52:37.511003" elapsed="0.000214"/>
</kw>
<kw name="Set Variable" owner="BuiltIn">
<msg time="2024-03-28T01:52:37.511945" level="INFO">${name_country} = GB</msg>
<var>${name_country}</var>
<arg>${json_data["results"][0]["nat"]}</arg>
<doc>Returns the given values which can then be assigned to a variables.</doc>
<status status="PASS" start="2024-03-28T01:52:37.511558" elapsed="0.000412"/>
</kw>
<kw name="Create List" owner="BuiltIn">
<msg time="2024-03-28T01:52:37.512901" level="INFO">${list_country} = ['AD', 'AE', 'AF', 'AG', 'AI', 'AL', 'AM', 'AO', 'AQ', 'AR', 'AS', 'AT', 'AU', 'AW', 'AX', 'AZ', 'BA', 'BB', 'BD', 'BE', 'BF', 'BG', 'BH', 'BI', 'BJ', 'BL', 'BM', 'BN', 'BO', 'BQ', 'BR', 'BS', 'BT', '...</msg>
<var>${list_country}</var>
<arg>AD</arg>
<arg>AE</arg>
<arg>AF</arg>
<arg>AG</arg>
<arg>AI</arg>
<arg>AL</arg>
<arg>AM</arg>
<arg>AO</arg>
<arg>AQ</arg>
<arg>AR</arg>
<arg>AS</arg>
<arg>AT</arg>
<arg>AU</arg>
<arg>AW</arg>
<arg>AX</arg>
<arg>AZ</arg>
<arg>BA</arg>
<arg>BB</arg>
<arg>BD</arg>
<arg>BE</arg>
<arg>BF</arg>
<arg>BG</arg>
<arg>BH</arg>
<arg>BI</arg>
<arg>BJ</arg>
<arg>BL</arg>
<arg>BM</arg>
<arg>BN</arg>
<arg>BO</arg>
<arg>BQ</arg>
<arg>BR</arg>
<arg>BS</arg>
<arg>BT</arg>
<arg>BV</arg>
<arg>BW</arg>
<arg>BY</arg>
<arg>BZ</arg>
<arg>CA</arg>
<arg>CC</arg>
<arg>CD</arg>
<arg>CF</arg>
<arg>CG</arg>
<arg>CH</arg>
<arg>CI</arg>
<arg>CK</arg>
<arg>CL</arg>
<arg>CM</arg>
<arg>CN</arg>
<arg>CO</arg>
<arg>CR</arg>
<arg>CU</arg>
<arg>CV</arg>
<arg>CW</arg>
<arg>CX</arg>
<arg>CY</arg>
<arg>CZ</arg>
<arg>DE</arg>
<arg>DJ</arg>
<arg>DK</arg>
<arg>DM</arg>
<arg>DO</arg>
<arg>DZ</arg>
<arg>EC</arg>
<arg>EE</arg>
<arg>EG</arg>
<arg>EH</arg>
<arg>ER</arg>
<arg>ES</arg>
<arg>ET</arg>
<arg>FI</arg>
<arg>FJ</arg>
<arg>FK</arg>
<arg>FM</arg>
<arg>FO</arg>
<arg>FR</arg>
<arg>GA</arg>
<arg>GB</arg>
<arg>GD</arg>
<arg>GE</arg>
<arg>GF</arg>
<arg>GG</arg>
<arg>GH</arg>
<arg>GI</arg>
<arg>GL</arg>
<arg>GM</arg>
<arg>GN</arg>
<arg>GP</arg>
<arg>GQ</arg>
<arg>GR</arg>
<arg>GS</arg>
<arg>GT</arg>
<arg>GU</arg>
<arg>GW</arg>
<arg>GY</arg>
<arg>HK</arg>
<arg>HM</arg>
<arg>HN</arg>
<arg>HR</arg>
<arg>HT</arg>
<arg>HU</arg>
<arg>ID</arg>
<arg>IE</arg>
<arg>IL</arg>
<arg>IM</arg>
<arg>IN</arg>
<arg>IO</arg>
<arg>IQ</arg>
<arg>IR</arg>
<arg>IS</arg>
<arg>IT</arg>
<arg>JE</arg>
<arg>JM</arg>
<arg>JO</arg>
<arg>JP</arg>
<arg>KE</arg>
<arg>KG</arg>
<arg>KH</arg>
<arg>KI</arg>
<arg>KM</arg>
<arg>KN</arg>
<arg>KP</arg>
<arg>KR</arg>
<arg>KW</arg>
<arg>KY</arg>
<arg>KZ</arg>
<arg>LA</arg>
<arg>LB</arg>
<arg>LC</arg>
<arg>LI</arg>
<arg>LK</arg>
<arg>LR</arg>
<arg>LS</arg>
<arg>LT</arg>
<arg>LU</arg>
<arg>LV</arg>
<arg>LY</arg>
<arg>MA</arg>
<arg>MC</arg>
<arg>MD</arg>
<arg>ME</arg>
<arg>MF</arg>
<arg>MG</arg>
<arg>MH</arg>
<arg>MK</arg>
<arg>ML</arg>
<arg>MM</arg>
<arg>MN</arg>
<arg>MO</arg>
<arg>MP</arg>
<arg>MQ</arg>
<arg>MR</arg>
<arg>MS</arg>
<arg>MT</arg>
<arg>MU</arg>
<arg>MV</arg>
<arg>MW</arg>
<arg>MX</arg>
<arg>MY</arg>
<arg>MZ</arg>
<arg>NA</arg>
<arg>NC</arg>
<arg>NE</arg>
<arg>NF</arg>
<arg>NG</arg>
<arg>NI</arg>
<arg>NL</arg>
<arg>NO</arg>
<arg>NP</arg>
<arg>NR</arg>
<arg>NU</arg>
<arg>NZ</arg>
<arg>OM</arg>
<arg>PA</arg>
<arg>PE</arg>
<arg>PF</arg>
<arg>PG</arg>
<arg>PH</arg>
<arg>PK</arg>
<arg>PL</arg>
<arg>PM</arg>
<arg>PN</arg>
<arg>PR</arg>
<arg>PS</arg>
<arg>PT</arg>
<arg>PW</arg>
<arg>PY</arg>
<arg>QA</arg>
<arg>RE</arg>
<arg>RO</arg>
<arg>RS</arg>
<arg>RU</arg>
<arg>RW</arg>
<arg>SA</arg>
<arg>SB</arg>
<arg>SC</arg>
<arg>SD</arg>
<arg>SE</arg>
<arg>SG</arg>
<arg>SH</arg>
<arg>SI</arg>
<arg>SJ</arg>
<arg>SK</arg>
<arg>SL</arg>
<arg>SM</arg>
<arg>SN</arg>
<arg>SO</arg>
<arg>SR</arg>
<arg>SS</arg>
<arg>ST</arg>
<arg>SV</arg>
<arg>SX</arg>
<arg>SY</arg>
<arg>SZ</arg>
<arg>TC</arg>
<arg>TD</arg>
<arg>TF</arg>
<arg>TG</arg>
<arg>TH</arg>
<arg>TJ</arg>
<arg>TK</arg>
<arg>TL</arg>
<arg>TM</arg>
<arg>TN</arg>
<arg>TO</arg>
<arg>TR</arg>
<arg>TT</arg>
<arg>TV</arg>
<arg>TW</arg>
<arg>TZ</arg>
<arg>UA</arg>
<arg>UG</arg>
<arg>UM</arg>
<arg>US</arg>
<arg>UY</arg>
<arg>UZ</arg>
<arg>VA</arg>
<arg>VC</arg>
<arg>VE</arg>
<arg>VG</arg>
<arg>VI</arg>
<arg>VN</arg>
<arg>VU</arg>
<arg>WF</arg>
<arg>WS</arg>
<arg>XK</arg>
<arg>YE</arg>
<arg>YT</arg>
<arg>ZA</arg>
<arg>ZM</arg>
<arg>ZW</arg>
<doc>Returns a list containing given items.</doc>
<status status="PASS" start="2024-03-28T01:52:37.512297" elapsed="0.000629"/>
</kw>
<kw name="List Should Contain Value" owner="Collections">
<msg time="2024-03-28T01:52:37.514035" level="INFO">False</msg>
<arg>${list_country}</arg>
<arg>${name_country}</arg>
<doc>Fails if the ``value`` is not found from ``list``.</doc>
<status status="PASS" start="2024-03-28T01:52:37.513834" elapsed="0.000238"/>
</kw>
<kw name="Run Keyword If" owner="BuiltIn">
<kw name="Should Be True" owner="BuiltIn">
<arg>${True}</arg>
<doc>Fails if the given condition is not true.</doc>
<status status="PASS" start="2024-03-28T01:52:37.515171" elapsed="0.000148"/>
</kw>
<arg>${json_data["results"][0]["location"]["coordinates"]["latitude"]} &gt;= -90 and ${json_data["results"][0]["location"]["coordinates"]["latitude"]} &lt;= 90</arg>
<arg>Should Be True</arg>
<arg>${True}</arg>
<doc>Runs the given keyword with the given arguments, if ``condition`` is true.</doc>
<status status="PASS" start="2024-03-28T01:52:37.514384" elapsed="0.001064"/>
</kw>
<kw name="Run Keyword If" owner="BuiltIn">
<kw name="Should Be True" owner="BuiltIn">
<arg>${True}</arg>
<doc>Fails if the given condition is not true.</doc>
<status status="PASS" start="2024-03-28T01:52:37.516402" elapsed="0.000142"/>
</kw>
<arg>${json_data["results"][0]["location"]["coordinates"]["longitude"]} &gt;= -180 and ${json_data["results"][0]["location"]["coordinates"]["longitude"]} &lt;= 180</arg>
<arg>Should Be True</arg>
<arg>${True}</arg>
<doc>Runs the given keyword with the given arguments, if ``condition`` is true.</doc>
<status status="PASS" start="2024-03-28T01:52:37.515684" elapsed="0.000984"/>
</kw>
<status status="PASS" start="2024-03-28T01:52:37.414355" elapsed="0.102443"/>
</kw>
<doc>Testa o conteúdo específico dos campos retornados pela API.</doc>
<tag>testeConteudo</tag>
<status status="PASS" start="2024-03-28T01:52:37.413801" elapsed="0.103147"/>
</test>
<status status="PASS" start="2024-03-28T01:52:36.719537" elapsed="0.799303"/>
</suite>
<status status="PASS" start="2024-03-28T01:52:36.705743" elapsed="0.818490"/>
</suite>
<statistics>
<total>
<stat pass="5" fail="0" skip="0">All Tests</stat>
</total>
<tag>
<stat pass="1" fail="0" skip="0">testeConteudo</stat>
<stat pass="1" fail="0" skip="0">testeEstruturaResposta</stat>
<stat pass="1" fail="0" skip="0">testeRequisicaoBasica</stat>
<stat pass="1" fail="0" skip="0">testeTiposDados</stat>
</tag>
<suite>
<stat pass="5" fail="0" skip="0" id="s1" name="Tests">Tests</stat>
<stat pass="5" fail="0" skip="0" id="s1-s1" name="Random-User-Test">Tests.Random-User-Test</stat>
</suite>
</statistics>
<errors>
</errors>
</robot>
