<?xml version="1.0" encoding="UTF-8"?>
<robot generator="Robot 7.0 (Python 3.12.2 on linux)" generated="2024-04-01T05:14:05.657577" rpa="false" schemaversion="5">
<suite id="s1" name="Tests" source="/home/runner/work/DesafioQAItauRogerioJordao/DesafioQAItauRogerioJordao/RamdonUser/tests">
<suite id="s1-s1" name="Random-User-Test" source="/home/runner/work/DesafioQAItauRogerioJordao/DesafioQAItauRogerioJordao/RamdonUser/tests/random-user-test.robot">
<test id="s1-s1-t1" name="Conectar" line="13">
<kw name="Conectar API" owner="random-user-service">
<kw name="Create Session" owner="RequestsLibrary">
<msg time="2024-04-01T05:14:06.031283" level="INFO">Creating Session using : alias=consultarAPI, url=https://randomuser.me/, headers={},                     cookies={}, auth=None, timeout=None, proxies=None, verify=False,                     debug=0 </msg>
<arg>consultarAPI</arg>
<arg>${URL}</arg>
<doc>Create Session: create a HTTP session to a server</doc>
<status status="PASS" start="2024-04-01T05:14:06.031071" elapsed="0.000409"/>
</kw>
<status status="PASS" start="2024-04-01T05:14:06.029949" elapsed="0.001911"/>
</kw>
<status status="PASS" start="2024-04-01T05:14:06.029381" elapsed="0.002681"/>
</test>
<test id="s1-s1-t2" name="Validar retorno 200 e JSON Válido" line="16">
<kw name="Teste de Requisicao Basica" owner="random-user-service">
<kw name="GET On Session" owner="RequestsLibrary">
<msg time="2024-04-01T05:14:06.104171" level="INFO">GET Request : url=https://randomuser.me/api 
 path_url=/api 
 headers={'User-Agent': 'python-requests/2.31.0', 'Accept-Encoding': 'gzip, deflate', 'Accept': '*/*', 'Connection': 'keep-alive'} 
 body=None 
 </msg>
<msg time="2024-04-01T05:14:06.104322" level="INFO">GET Response : url=https://randomuser.me/api 
 status=200, reason=OK 
 headers={'Date': 'Mon, 01 Apr 2024 05:14:06 GMT', 'Content-Type': 'application/json; charset=utf-8', 'Transfer-Encoding': 'chunked', 'Connection': 'keep-alive', 'X-Powered-By': 'Express', 'Access-Control-Allow-Origin': '*', 'Cache-Control': 'no-cache', 'ETag': 'W/"47d-omvDw26MSIz23+KgTOZAYVHvonE"', 'Vary': 'Accept-Encoding', 'Content-Encoding': 'gzip', 'CF-Cache-Status': 'DYNAMIC', 'Report-To': '{"endpoints":[{"url":"https:\\/\\/a.nel.cloudflare.com\\/report\\/v4?s=f2ohwrfFoxaz2q6eA63%2FIlHkyytiQpUE0DAIvdj%2F1guXvvfN3FsCpd8NkGxXK%2Fgh5kGrljVy7f7gEOEEyvJyamb0rMrGKqJJrhtlVRF0emIDl%2FUP1SGd2ciNOJ1g6Jen"}],"group":"cf-nel","max_age":604800}', 'NEL': '{"success_fraction":0,"report_to":"cf-nel","max_age":604800}', 'Server': 'cloudflare', 'CF-RAY': '86d617fbff9f59fe-IAD', 'alt-svc': 'h3=":443"; ma=86400'} 
 body={"results":[{"gender":"female","name":{"title":"Miss","first":"Sanne","last":"Alfheim"},"location":{"street":{"number":4551,"name":"Utfartsveien"},"city":"Slevik","state":"Bergen","country":"Norway","postcode":"1270","coordinates":{"latitude":"40.9271","longitude":"156.0608"},"timezone":{"offset":"+7:00","description":"Bangkok, Hanoi, Jakarta"}},"email":"sanne.alfheim@example.com","login":{"uuid":"d00d7eb1-edac-4961-9f53-58142df92ef1","username":"browngoose553","password":"froggie","salt":"ZMVKAeu0","md5":"9a30405109ece461827d48cb17f80206","sha1":"5e39eea2d032c38c37c929f1937c23900d990e8b","sha256":"d1405c5aa4e20b652fe4e036363fcb053b77e1d9f42de2c6b3c39c7c4962106f"},"dob":{"date":"1950-04-08T08:08:47.552Z","age":73},"registered":{"date":"2007-08-09T05:02:06.776Z","age":16},"phone":"79518902","cell":"41546134","id":{"name":"FN","value":"08045024637"},"picture":{"large":"https://randomuser.me/api/portraits/women/14.jpg","medium":"https://randomuser.me/api/portraits/med/women/14.jpg","thumbnail":"https://randomuser.me/api/portraits/thumb/women/14.jpg"},"nat":"NO"}],"info":{"seed":"08732a02dfe28ae0","results":1,"page":1,"version":"1.4"}} 
 </msg>
<msg time="2024-04-01T05:14:06.104439" level="INFO">/opt/hostedtoolcache/Python/3.12.2/x64/lib/python3.12/site-packages/urllib3/connectionpool.py:1103: InsecureRequestWarning: Unverified HTTPS request is being made to host 'randomuser.me'. Adding certificate verification is strongly advised. See: https://urllib3.readthedocs.io/en/latest/advanced-usage.html#tls-warnings
  warnings.warn(</msg>
<msg time="2024-04-01T05:14:06.104593" level="INFO">${response} = &lt;Response [200]&gt;</msg>
<var>${response}</var>
<arg>consultarAPI</arg>
<arg>/api</arg>
<doc>Sends a GET request on a previously created HTTP Session.</doc>
<status status="PASS" start="2024-04-01T05:14:06.034633" elapsed="0.070006"/>
</kw>
<kw name="Should Be Equal As Numbers" owner="BuiltIn">
<msg time="2024-04-01T05:14:06.105885" level="INFO">Argument types are:
&lt;class 'int'&gt;
&lt;class 'str'&gt;</msg>
<arg>${response.status_code}</arg>
<arg>200</arg>
<doc>Fails if objects are unequal after converting them to real numbers.</doc>
<status status="PASS" start="2024-04-01T05:14:06.105359" elapsed="0.000594"/>
</kw>
<kw name="Log" owner="BuiltIn">
<msg time="2024-04-01T05:14:06.106636" level="INFO">200</msg>
<arg>${response.status_code}</arg>
<doc>Logs the given message with the given level.</doc>
<status status="PASS" start="2024-04-01T05:14:06.106277" elapsed="0.000443"/>
</kw>
<kw name="Set Variable" owner="BuiltIn">
<msg time="2024-04-01T05:14:06.107528" level="INFO">${json_data} = {'results': [{'gender': 'female', 'name': {'title': 'Miss', 'first': 'Sanne', 'last': 'Alfheim'}, 'location': {'street': {'number': 4551, 'name': 'Utfartsveien'}, 'city': 'Slevik', 'state': 'Bergen', ...</msg>
<var>${json_data}</var>
<arg>${response.json()}</arg>
<doc>Returns the given values which can then be assigned to a variables.</doc>
<status status="PASS" start="2024-04-01T05:14:06.107076" elapsed="0.000481"/>
</kw>
<kw name="Dictionary Should Contain Key" owner="Collections">
<msg time="2024-04-01T05:14:06.108036" level="INFO">False</msg>
<arg>${json_data}</arg>
<arg>results</arg>
<doc>Fails if ``key`` is not found from ``dictionary``.</doc>
<status status="PASS" start="2024-04-01T05:14:06.107864" elapsed="0.000212"/>
</kw>
<status status="PASS" start="2024-04-01T05:14:06.034383" elapsed="0.073963"/>
</kw>
<doc>Testa se a API responde corretamente e retorna um objeto JSON válido.</doc>
<tag>testeRequisicaoBasica</tag>
<status status="PASS" start="2024-04-01T05:14:06.033918" elapsed="0.074622"/>
</test>
<test id="s1-s1-t3" name="Validar estrutura de resposta" line="22">
<kw name="Teste de Estrutura de Resposta" owner="random-user-service">
<kw name="GET On Session" owner="RequestsLibrary">
<msg time="2024-04-01T05:14:06.208907" level="INFO">GET Request : url=https://randomuser.me/api 
 path_url=/api 
 headers={'User-Agent': 'python-requests/2.31.0', 'Accept-Encoding': 'gzip, deflate', 'Accept': '*/*', 'Connection': 'keep-alive'} 
 body=None 
 </msg>
<msg time="2024-04-01T05:14:06.209016" level="INFO">GET Response : url=https://randomuser.me/api 
 status=200, reason=OK 
 headers={'Date': 'Mon, 01 Apr 2024 05:14:06 GMT', 'Content-Type': 'application/json; charset=utf-8', 'Transfer-Encoding': 'chunked', 'Connection': 'keep-alive', 'X-Powered-By': 'Express', 'Access-Control-Allow-Origin': '*', 'Cache-Control': 'no-cache', 'ETag': 'W/"487-7osUEqIErK3Bbj6KRmln9llHy7k"', 'Vary': 'Accept-Encoding', 'Content-Encoding': 'gzip', 'CF-Cache-Status': 'DYNAMIC', 'Report-To': '{"endpoints":[{"url":"https:\\/\\/a.nel.cloudflare.com\\/report\\/v4?s=D9rzkKTsW2b8XtJ8cJLP1mnroAPBRwyQO0IZmpFmGhlBFudq0QUFX22%2BccSBf7KRRCVbZagNBe%2B%2F6BhllYGn2VCtwPYP6jwEtT4spsa%2Faha0x5BaXysqFSXtyvoGSGWQ"}],"group":"cf-nel","max_age":604800}', 'NEL': '{"success_fraction":0,"report_to":"cf-nel","max_age":604800}', 'Server': 'cloudflare', 'CF-RAY': '86d617fc3fc159fe-IAD', 'alt-svc': 'h3=":443"; ma=86400'} 
 body={"results":[{"gender":"male","name":{"title":"Mr","first":"Morgan","last":"Pierre"},"location":{"street":{"number":265,"name":"Rue de Cuire"},"city":"Strasbourg","state":"Yonne","country":"France","postcode":86526,"coordinates":{"latitude":"-17.5950","longitude":"-90.0024"},"timezone":{"offset":"+2:00","description":"Kaliningrad, South Africa"}},"email":"morgan.pierre@example.com","login":{"uuid":"bd807efd-e770-47c6-9770-0fda64e98675","username":"lazybear135","password":"impact","salt":"3DDbDVAK","md5":"edfa97589e4ec417f2e805a0d9e4bdeb","sha1":"833f460844c2c5dffa94ba187d2eb793fddb34f1","sha256":"8182f6ba51be05280b445b03f4ff9206247e40e5fb090926637aa6232890b0ff"},"dob":{"date":"1998-09-11T14:47:48.029Z","age":25},"registered":{"date":"2018-09-05T00:47:37.820Z","age":5},"phone":"03-29-65-44-31","cell":"06-78-73-77-85","id":{"name":"INSEE","value":"1980858724689 13"},"picture":{"large":"https://randomuser.me/api/portraits/men/62.jpg","medium":"https://randomuser.me/api/portraits/med/men/62.jpg","thumbnail":"https://randomuser.me/api/portraits/thumb/men/62.jpg"},"nat":"FR"}],"info":{"seed":"ff28cd53d2c93ed5","results":1,"page":1,"version":"1.4"}} 
 </msg>
<msg time="2024-04-01T05:14:06.209180" level="INFO">/opt/hostedtoolcache/Python/3.12.2/x64/lib/python3.12/site-packages/urllib3/connectionpool.py:1103: InsecureRequestWarning: Unverified HTTPS request is being made to host 'randomuser.me'. Adding certificate verification is strongly advised. See: https://urllib3.readthedocs.io/en/latest/advanced-usage.html#tls-warnings
  warnings.warn(</msg>
<msg time="2024-04-01T05:14:06.209329" level="INFO">${response} = &lt;Response [200]&gt;</msg>
<var>${response}</var>
<arg>consultarAPI</arg>
<arg>/api</arg>
<doc>Sends a GET request on a previously created HTTP Session.</doc>
<status status="PASS" start="2024-04-01T05:14:06.111776" elapsed="0.097594"/>
</kw>
<kw name="Set Variable" owner="BuiltIn">
<msg time="2024-04-01T05:14:06.210727" level="INFO">${json_data} = {'results': [{'gender': 'male', 'name': {'title': 'Mr', 'first': 'Morgan', 'last': 'Pierre'}, 'location': {'street': {'number': 265, 'name': 'Rue de Cuire'}, 'city': 'Strasbourg', 'state': 'Yonne', 'c...</msg>
<var>${json_data}</var>
<arg>${response.json()}</arg>
<doc>Returns the given values which can then be assigned to a variables.</doc>
<status status="PASS" start="2024-04-01T05:14:06.210071" elapsed="0.000689"/>
</kw>
<kw name="Log" owner="BuiltIn">
<msg time="2024-04-01T05:14:06.211252" level="INFO">{'results': [{'gender': 'male', 'name': {'title': 'Mr', 'first': 'Morgan', 'last': 'Pierre'}, 'location': {'street': {'number': 265, 'name': 'Rue de Cuire'}, 'city': 'Strasbourg', 'state': 'Yonne', 'country': 'France', 'postcode': 86526, 'coordinates': {'latitude': '-17.5950', 'longitude': '-90.0024'}, 'timezone': {'offset': '+2:00', 'description': 'Kaliningrad, South Africa'}}, 'email': 'morgan.pierre@example.com', 'login': {'uuid': 'bd807efd-e770-47c6-9770-0fda64e98675', 'username': 'lazybear135', 'password': 'impact', 'salt': '3DDbDVAK', 'md5': 'edfa97589e4ec417f2e805a0d9e4bdeb', 'sha1': '833f460844c2c5dffa94ba187d2eb793fddb34f1', 'sha256': '8182f6ba51be05280b445b03f4ff9206247e40e5fb090926637aa6232890b0ff'}, 'dob': {'date': '1998-09-11T14:47:48.029Z', 'age': 25}, 'registered': {'date': '2018-09-05T00:47:37.820Z', 'age': 5}, 'phone': '03-29-65-44-31', 'cell': '06-78-73-77-85', 'id': {'name': 'INSEE', 'value': '1980858724689 13'}, 'picture': {'large': 'https://randomuser.me/api/portraits/men/62.jpg', 'medium': 'https://randomuser.me/api/portraits/med/men/62.jpg', 'thumbnail': 'https://randomuser.me/api/portraits/thumb/men/62.jpg'}, 'nat': 'FR'}], 'info': {'seed': 'ff28cd53d2c93ed5', 'results': 1, 'page': 1, 'version': '1.4'}}</msg>
<arg>${json_data}</arg>
<doc>Logs the given message with the given level.</doc>
<status status="PASS" start="2024-04-01T05:14:06.211086" elapsed="0.000215"/>
</kw>
<kw name="Dictionary Should Contain Key" owner="Collections">
<msg time="2024-04-01T05:14:06.211769" level="INFO">False</msg>
<arg>${json_data}</arg>
<arg>results</arg>
<doc>Fails if ``key`` is not found from ``dictionary``.</doc>
<status status="PASS" start="2024-04-01T05:14:06.211607" elapsed="0.000201"/>
</kw>
<kw name="Should Not Be Empty" owner="BuiltIn">
<msg time="2024-04-01T05:14:06.212242" level="INFO">Length is 2.</msg>
<arg>${json_data}</arg>
<doc>Verifies that the given item is not empty.</doc>
<status status="PASS" start="2024-04-01T05:14:06.212107" elapsed="0.000174"/>
</kw>
<kw name="Create List" owner="BuiltIn">
<msg time="2024-04-01T05:14:06.212724" level="INFO">${expected_keys} = ['gender', 'name', 'location', 'email', 'login']</msg>
<var>${expected_keys}</var>
<arg>gender</arg>
<arg>name</arg>
<arg>location</arg>
<arg>email</arg>
<arg>login</arg>
<doc>Returns a list containing given items.</doc>
<status status="PASS" start="2024-04-01T05:14:06.212574" elapsed="0.000174"/>
</kw>
<for flavor="IN">
<iter>
<kw name="Dictionary Should Contain Key" owner="Collections">
<msg time="2024-04-01T05:14:06.213759" level="INFO">False</msg>
<arg>${json_data['results'][0]}</arg>
<arg>${key}</arg>
<doc>Fails if ``key`` is not found from ``dictionary``.</doc>
<status status="PASS" start="2024-04-01T05:14:06.213348" elapsed="0.000451"/>
</kw>
<kw name="Log" owner="BuiltIn">
<msg time="2024-04-01T05:14:06.214478" level="INFO">{'gender': 'male', 'name': {'title': 'Mr', 'first': 'Morgan', 'last': 'Pierre'}, 'location': {'street': {'number': 265, 'name': 'Rue de Cuire'}, 'city': 'Strasbourg', 'state': 'Yonne', 'country': 'France', 'postcode': 86526, 'coordinates': {'latitude': '-17.5950', 'longitude': '-90.0024'}, 'timezone': {'offset': '+2:00', 'description': 'Kaliningrad, South Africa'}}, 'email': 'morgan.pierre@example.com', 'login': {'uuid': 'bd807efd-e770-47c6-9770-0fda64e98675', 'username': 'lazybear135', 'password': 'impact', 'salt': '3DDbDVAK', 'md5': 'edfa97589e4ec417f2e805a0d9e4bdeb', 'sha1': '833f460844c2c5dffa94ba187d2eb793fddb34f1', 'sha256': '8182f6ba51be05280b445b03f4ff9206247e40e5fb090926637aa6232890b0ff'}, 'dob': {'date': '1998-09-11T14:47:48.029Z', 'age': 25}, 'registered': {'date': '2018-09-05T00:47:37.820Z', 'age': 5}, 'phone': '03-29-65-44-31', 'cell': '06-78-73-77-85', 'id': {'name': 'INSEE', 'value': '1980858724689 13'}, 'picture': {'large': 'https://randomuser.me/api/portraits/men/62.jpg', 'medium': 'https://randomuser.me/api/portraits/med/men/62.jpg', 'thumbnail': 'https://randomuser.me/api/portraits/thumb/men/62.jpg'}, 'nat': 'FR'}</msg>
<arg>${json_data['results'][0]}</arg>
<doc>Logs the given message with the given level.</doc>
<status status="PASS" start="2024-04-01T05:14:06.214111" elapsed="0.000422"/>
</kw>
<kw name="Log" owner="BuiltIn">
<msg time="2024-04-01T05:14:06.215002" level="INFO">gender</msg>
<arg>${key}</arg>
<doc>Logs the given message with the given level.</doc>
<status status="PASS" start="2024-04-01T05:14:06.214868" elapsed="0.000173"/>
</kw>
<var name="${key}">gender</var>
<status status="PASS" start="2024-04-01T05:14:06.213220" elapsed="0.002046"/>
</iter>
<iter>
<kw name="Dictionary Should Contain Key" owner="Collections">
<msg time="2024-04-01T05:14:06.215955" level="INFO">False</msg>
<arg>${json_data['results'][0]}</arg>
<arg>${key}</arg>
<doc>Fails if ``key`` is not found from ``dictionary``.</doc>
<status status="PASS" start="2024-04-01T05:14:06.215575" elapsed="0.000419"/>
</kw>
<kw name="Log" owner="BuiltIn">
<msg time="2024-04-01T05:14:06.216692" level="INFO">{'gender': 'male', 'name': {'title': 'Mr', 'first': 'Morgan', 'last': 'Pierre'}, 'location': {'street': {'number': 265, 'name': 'Rue de Cuire'}, 'city': 'Strasbourg', 'state': 'Yonne', 'country': 'France', 'postcode': 86526, 'coordinates': {'latitude': '-17.5950', 'longitude': '-90.0024'}, 'timezone': {'offset': '+2:00', 'description': 'Kaliningrad, South Africa'}}, 'email': 'morgan.pierre@example.com', 'login': {'uuid': 'bd807efd-e770-47c6-9770-0fda64e98675', 'username': 'lazybear135', 'password': 'impact', 'salt': '3DDbDVAK', 'md5': 'edfa97589e4ec417f2e805a0d9e4bdeb', 'sha1': '833f460844c2c5dffa94ba187d2eb793fddb34f1', 'sha256': '8182f6ba51be05280b445b03f4ff9206247e40e5fb090926637aa6232890b0ff'}, 'dob': {'date': '1998-09-11T14:47:48.029Z', 'age': 25}, 'registered': {'date': '2018-09-05T00:47:37.820Z', 'age': 5}, 'phone': '03-29-65-44-31', 'cell': '06-78-73-77-85', 'id': {'name': 'INSEE', 'value': '1980858724689 13'}, 'picture': {'large': 'https://randomuser.me/api/portraits/men/62.jpg', 'medium': 'https://randomuser.me/api/portraits/med/men/62.jpg', 'thumbnail': 'https://randomuser.me/api/portraits/thumb/men/62.jpg'}, 'nat': 'FR'}</msg>
<arg>${json_data['results'][0]}</arg>
<doc>Logs the given message with the given level.</doc>
<status status="PASS" start="2024-04-01T05:14:06.216329" elapsed="0.000412"/>
</kw>
<kw name="Log" owner="BuiltIn">
<msg time="2024-04-01T05:14:06.217177" level="INFO">name</msg>
<arg>${key}</arg>
<doc>Logs the given message with the given level.</doc>
<status status="PASS" start="2024-04-01T05:14:06.217046" elapsed="0.000169"/>
</kw>
<var name="${key}">name</var>
<status status="PASS" start="2024-04-01T05:14:06.215459" elapsed="0.001975"/>
</iter>
<iter>
<kw name="Dictionary Should Contain Key" owner="Collections">
<msg time="2024-04-01T05:14:06.218110" level="INFO">False</msg>
<arg>${json_data['results'][0]}</arg>
<arg>${key}</arg>
<doc>Fails if ``key`` is not found from ``dictionary``.</doc>
<status status="PASS" start="2024-04-01T05:14:06.217727" elapsed="0.000422"/>
</kw>
<kw name="Log" owner="BuiltIn">
<msg time="2024-04-01T05:14:06.218849" level="INFO">{'gender': 'male', 'name': {'title': 'Mr', 'first': 'Morgan', 'last': 'Pierre'}, 'location': {'street': {'number': 265, 'name': 'Rue de Cuire'}, 'city': 'Strasbourg', 'state': 'Yonne', 'country': 'France', 'postcode': 86526, 'coordinates': {'latitude': '-17.5950', 'longitude': '-90.0024'}, 'timezone': {'offset': '+2:00', 'description': 'Kaliningrad, South Africa'}}, 'email': 'morgan.pierre@example.com', 'login': {'uuid': 'bd807efd-e770-47c6-9770-0fda64e98675', 'username': 'lazybear135', 'password': 'impact', 'salt': '3DDbDVAK', 'md5': 'edfa97589e4ec417f2e805a0d9e4bdeb', 'sha1': '833f460844c2c5dffa94ba187d2eb793fddb34f1', 'sha256': '8182f6ba51be05280b445b03f4ff9206247e40e5fb090926637aa6232890b0ff'}, 'dob': {'date': '1998-09-11T14:47:48.029Z', 'age': 25}, 'registered': {'date': '2018-09-05T00:47:37.820Z', 'age': 5}, 'phone': '03-29-65-44-31', 'cell': '06-78-73-77-85', 'id': {'name': 'INSEE', 'value': '1980858724689 13'}, 'picture': {'large': 'https://randomuser.me/api/portraits/men/62.jpg', 'medium': 'https://randomuser.me/api/portraits/med/men/62.jpg', 'thumbnail': 'https://randomuser.me/api/portraits/thumb/men/62.jpg'}, 'nat': 'FR'}</msg>
<arg>${json_data['results'][0]}</arg>
<doc>Logs the given message with the given level.</doc>
<status status="PASS" start="2024-04-01T05:14:06.218450" elapsed="0.000452"/>
</kw>
<kw name="Log" owner="BuiltIn">
<msg time="2024-04-01T05:14:06.219330" level="INFO">location</msg>
<arg>${key}</arg>
<doc>Logs the given message with the given level.</doc>
<status status="PASS" start="2024-04-01T05:14:06.219202" elapsed="0.000167"/>
</kw>
<var name="${key}">location</var>
<status status="PASS" start="2024-04-01T05:14:06.217613" elapsed="0.001973"/>
</iter>
<iter>
<kw name="Dictionary Should Contain Key" owner="Collections">
<msg time="2024-04-01T05:14:06.220257" level="INFO">False</msg>
<arg>${json_data['results'][0]}</arg>
<arg>${key}</arg>
<doc>Fails if ``key`` is not found from ``dictionary``.</doc>
<status status="PASS" start="2024-04-01T05:14:06.219872" elapsed="0.000424"/>
</kw>
<kw name="Log" owner="BuiltIn">
<msg time="2024-04-01T05:14:06.220974" level="INFO">{'gender': 'male', 'name': {'title': 'Mr', 'first': 'Morgan', 'last': 'Pierre'}, 'location': {'street': {'number': 265, 'name': 'Rue de Cuire'}, 'city': 'Strasbourg', 'state': 'Yonne', 'country': 'France', 'postcode': 86526, 'coordinates': {'latitude': '-17.5950', 'longitude': '-90.0024'}, 'timezone': {'offset': '+2:00', 'description': 'Kaliningrad, South Africa'}}, 'email': 'morgan.pierre@example.com', 'login': {'uuid': 'bd807efd-e770-47c6-9770-0fda64e98675', 'username': 'lazybear135', 'password': 'impact', 'salt': '3DDbDVAK', 'md5': 'edfa97589e4ec417f2e805a0d9e4bdeb', 'sha1': '833f460844c2c5dffa94ba187d2eb793fddb34f1', 'sha256': '8182f6ba51be05280b445b03f4ff9206247e40e5fb090926637aa6232890b0ff'}, 'dob': {'date': '1998-09-11T14:47:48.029Z', 'age': 25}, 'registered': {'date': '2018-09-05T00:47:37.820Z', 'age': 5}, 'phone': '03-29-65-44-31', 'cell': '06-78-73-77-85', 'id': {'name': 'INSEE', 'value': '1980858724689 13'}, 'picture': {'large': 'https://randomuser.me/api/portraits/men/62.jpg', 'medium': 'https://randomuser.me/api/portraits/med/men/62.jpg', 'thumbnail': 'https://randomuser.me/api/portraits/thumb/men/62.jpg'}, 'nat': 'FR'}</msg>
<arg>${json_data['results'][0]}</arg>
<doc>Logs the given message with the given level.</doc>
<status status="PASS" start="2024-04-01T05:14:06.220597" elapsed="0.000425"/>
</kw>
<kw name="Log" owner="BuiltIn">
<msg time="2024-04-01T05:14:06.221448" level="INFO">email</msg>
<arg>${key}</arg>
<doc>Logs the given message with the given level.</doc>
<status status="PASS" start="2024-04-01T05:14:06.221321" elapsed="0.000166"/>
</kw>
<var name="${key}">email</var>
<status status="PASS" start="2024-04-01T05:14:06.219761" elapsed="0.001943"/>
</iter>
<iter>
<kw name="Dictionary Should Contain Key" owner="Collections">
<msg time="2024-04-01T05:14:06.222379" level="INFO">False</msg>
<arg>${json_data['results'][0]}</arg>
<arg>${key}</arg>
<doc>Fails if ``key`` is not found from ``dictionary``.</doc>
<status status="PASS" start="2024-04-01T05:14:06.221992" elapsed="0.000425"/>
</kw>
<kw name="Log" owner="BuiltIn">
<msg time="2024-04-01T05:14:06.223115" level="INFO">{'gender': 'male', 'name': {'title': 'Mr', 'first': 'Morgan', 'last': 'Pierre'}, 'location': {'street': {'number': 265, 'name': 'Rue de Cuire'}, 'city': 'Strasbourg', 'state': 'Yonne', 'country': 'France', 'postcode': 86526, 'coordinates': {'latitude': '-17.5950', 'longitude': '-90.0024'}, 'timezone': {'offset': '+2:00', 'description': 'Kaliningrad, South Africa'}}, 'email': 'morgan.pierre@example.com', 'login': {'uuid': 'bd807efd-e770-47c6-9770-0fda64e98675', 'username': 'lazybear135', 'password': 'impact', 'salt': '3DDbDVAK', 'md5': 'edfa97589e4ec417f2e805a0d9e4bdeb', 'sha1': '833f460844c2c5dffa94ba187d2eb793fddb34f1', 'sha256': '8182f6ba51be05280b445b03f4ff9206247e40e5fb090926637aa6232890b0ff'}, 'dob': {'date': '1998-09-11T14:47:48.029Z', 'age': 25}, 'registered': {'date': '2018-09-05T00:47:37.820Z', 'age': 5}, 'phone': '03-29-65-44-31', 'cell': '06-78-73-77-85', 'id': {'name': 'INSEE', 'value': '1980858724689 13'}, 'picture': {'large': 'https://randomuser.me/api/portraits/men/62.jpg', 'medium': 'https://randomuser.me/api/portraits/med/men/62.jpg', 'thumbnail': 'https://randomuser.me/api/portraits/thumb/men/62.jpg'}, 'nat': 'FR'}</msg>
<arg>${json_data['results'][0]}</arg>
<doc>Logs the given message with the given level.</doc>
<status status="PASS" start="2024-04-01T05:14:06.222750" elapsed="0.000414"/>
</kw>
<kw name="Log" owner="BuiltIn">
<msg time="2024-04-01T05:14:06.223592" level="INFO">login</msg>
<arg>${key}</arg>
<doc>Logs the given message with the given level.</doc>
<status status="PASS" start="2024-04-01T05:14:06.223463" elapsed="0.000282"/>
</kw>
<var name="${key}">login</var>
<status status="PASS" start="2024-04-01T05:14:06.221880" elapsed="0.002126"/>
</iter>
<var>${key}</var>
<value>@{expected_keys}</value>
<status status="PASS" start="2024-04-01T05:14:06.213009" elapsed="0.011131"/>
</for>
<kw name="Create List" owner="BuiltIn">
<msg time="2024-04-01T05:14:06.224483" level="INFO">${expected_keysTwo} = ['username', 'password']</msg>
<var>${expected_keysTwo}</var>
<arg>username</arg>
<arg>password</arg>
<doc>Returns a list containing given items.</doc>
<status status="PASS" start="2024-04-01T05:14:06.224344" elapsed="0.000165"/>
</kw>
<for flavor="IN">
<iter>
<kw name="Dictionary Should Contain Key" owner="Collections">
<msg time="2024-04-01T05:14:06.225396" level="INFO">False</msg>
<arg>${json_data['results'][0]['login']}</arg>
<arg>${keyTwo}</arg>
<doc>Fails if ``key`` is not found from ``dictionary``.</doc>
<status status="PASS" start="2024-04-01T05:14:06.225017" elapsed="0.000417"/>
</kw>
<kw name="Dictionary Should Contain Key" owner="Collections">
<msg time="2024-04-01T05:14:06.226111" level="INFO">False</msg>
<arg>${json_data['results'][0]['login']}</arg>
<arg>${keyTwo}</arg>
<doc>Fails if ``key`` is not found from ``dictionary``.</doc>
<status status="PASS" start="2024-04-01T05:14:06.225731" elapsed="0.000419"/>
</kw>
<kw name="Log" owner="BuiltIn">
<msg time="2024-04-01T05:14:06.226577" level="INFO">username</msg>
<arg>${keyTwo}</arg>
<doc>Logs the given message with the given level.</doc>
<status status="PASS" start="2024-04-01T05:14:06.226448" elapsed="0.000167"/>
</kw>
<var name="${keyTwo}">username</var>
<status status="PASS" start="2024-04-01T05:14:06.224907" elapsed="0.001972"/>
</iter>
<iter>
<kw name="Dictionary Should Contain Key" owner="Collections">
<msg time="2024-04-01T05:14:06.227564" level="INFO">False</msg>
<arg>${json_data['results'][0]['login']}</arg>
<arg>${keyTwo}</arg>
<doc>Fails if ``key`` is not found from ``dictionary``.</doc>
<status status="PASS" start="2024-04-01T05:14:06.227176" elapsed="0.000427"/>
</kw>
<kw name="Dictionary Should Contain Key" owner="Collections">
<msg time="2024-04-01T05:14:06.228284" level="INFO">False</msg>
<arg>${json_data['results'][0]['login']}</arg>
<arg>${keyTwo}</arg>
<doc>Fails if ``key`` is not found from ``dictionary``.</doc>
<status status="PASS" start="2024-04-01T05:14:06.227901" elapsed="0.000422"/>
</kw>
<kw name="Log" owner="BuiltIn">
<msg time="2024-04-01T05:14:06.228746" level="INFO">password</msg>
<arg>${keyTwo}</arg>
<doc>Logs the given message with the given level.</doc>
<status status="PASS" start="2024-04-01T05:14:06.228617" elapsed="0.000167"/>
</kw>
<var name="${keyTwo}">password</var>
<status status="PASS" start="2024-04-01T05:14:06.227064" elapsed="0.001940"/>
</iter>
<var>${keyTwo}</var>
<value>@{expected_keysTwo}</value>
<status status="PASS" start="2024-04-01T05:14:06.224752" elapsed="0.004374"/>
</for>
<status status="PASS" start="2024-04-01T05:14:06.111440" elapsed="0.117832"/>
</kw>
<doc>Testa a estrutura da resposta da API.</doc>
<tag>testeEstruturaResposta</tag>
<status status="PASS" start="2024-04-01T05:14:06.110412" elapsed="0.119033"/>
</test>
<test id="s1-s1-t4" name="Validar tipos de dados" line="28">
<kw name="Teste de Tipos de Dados" owner="random-user-service">
<kw name="GET On Session" owner="RequestsLibrary">
<msg time="2024-04-01T05:14:06.309034" level="INFO">GET Request : url=https://randomuser.me/api 
 path_url=/api 
 headers={'User-Agent': 'python-requests/2.31.0', 'Accept-Encoding': 'gzip, deflate', 'Accept': '*/*', 'Connection': 'keep-alive'} 
 body=None 
 </msg>
<msg time="2024-04-01T05:14:06.309136" level="INFO">GET Response : url=https://randomuser.me/api 
 status=200, reason=OK 
 headers={'Date': 'Mon, 01 Apr 2024 05:14:06 GMT', 'Content-Type': 'application/json; charset=utf-8', 'Transfer-Encoding': 'chunked', 'Connection': 'keep-alive', 'X-Powered-By': 'Express', 'Access-Control-Allow-Origin': '*', 'Cache-Control': 'no-cache', 'ETag': 'W/"495-3+PbmTlfOIAW61oSpdvYVlLmkJ0"', 'Vary': 'Accept-Encoding', 'Content-Encoding': 'gzip', 'CF-Cache-Status': 'DYNAMIC', 'Report-To': '{"endpoints":[{"url":"https:\\/\\/a.nel.cloudflare.com\\/report\\/v4?s=m2HQq8pFOd6Nybrc7WcrDh8wmHWVN%2FX9e5oVZh%2BU4JtflqLI%2BvL6XGmdKqtd4Jous%2FArux1vWJk4nL4IVCn23GQhZKFusps7nOKkdSzu2xuGCG88swX4297gHfo%2FH%2FpZ"}],"group":"cf-nel","max_age":604800}', 'NEL': '{"success_fraction":0,"report_to":"cf-nel","max_age":604800}', 'Server': 'cloudflare', 'CF-RAY': '86d617fcf81659fe-IAD', 'alt-svc': 'h3=":443"; ma=86400'} 
 body={"results":[{"gender":"male","name":{"title":"Mr","first":"Milovan","last":"Ivanović"},"location":{"street":{"number":1674,"name":"Starog Kapetana"},"city":"Crna Trava","state":"North Banat","country":"Serbia","postcode":55691,"coordinates":{"latitude":"57.0667","longitude":"-121.2687"},"timezone":{"offset":"+8:00","description":"Beijing, Perth, Singapore, Hong Kong"}},"email":"milovan.ivanovic@example.com","login":{"uuid":"83d2c368-f1b5-42af-87af-8fa1c98a7800","username":"redwolf587","password":"indigo","salt":"0eTwkN9G","md5":"9a10e222fc50d879f0e6a495163a0f54","sha1":"b7da96b9f4f116e428005a1e16ca44d86c88673d","sha256":"3ad503f26f81c8e3f9e1b764bbbbb9ba97df0ecc2b7ed58affe8cba0631951b7"},"dob":{"date":"2000-03-18T17:43:37.369Z","age":24},"registered":{"date":"2015-09-27T09:11:50.540Z","age":8},"phone":"035-5645-003","cell":"060-3653-271","id":{"name":"SID","value":"281590885"},"picture":{"large":"https://randomuser.me/api/portraits/men/10.jpg","medium":"https://randomuser.me/api/portraits/med/men/10.jpg","thumbnail":"https://randomuser.me/api/portraits/thumb/men/10.jpg"},"nat":"RS"}],"info":{"seed":"84e3bb214f3d5960","results":1,"page":1,"version":"1.4"}} 
 </msg>
<msg time="2024-04-01T05:14:06.309211" level="INFO">/opt/hostedtoolcache/Python/3.12.2/x64/lib/python3.12/site-packages/urllib3/connectionpool.py:1103: InsecureRequestWarning: Unverified HTTPS request is being made to host 'randomuser.me'. Adding certificate verification is strongly advised. See: https://urllib3.readthedocs.io/en/latest/advanced-usage.html#tls-warnings
  warnings.warn(</msg>
<msg time="2024-04-01T05:14:06.309335" level="INFO">${response} = &lt;Response [200]&gt;</msg>
<var>${response}</var>
<arg>consultarAPI</arg>
<arg>/api</arg>
<doc>Sends a GET request on a previously created HTTP Session.</doc>
<status status="PASS" start="2024-04-01T05:14:06.232078" elapsed="0.077297"/>
</kw>
<kw name="Set Variable" owner="BuiltIn">
<msg time="2024-04-01T05:14:06.310708" level="INFO">${json_data} = {'results': [{'gender': 'male', 'name': {'title': 'Mr', 'first': 'Milovan', 'last': 'Ivanović'}, 'location': {'street': {'number': 1674, 'name': 'Starog Kapetana'}, 'city': 'Crna Trava', 'state': 'Nor...</msg>
<var>${json_data}</var>
<arg>${response.json()}</arg>
<doc>Returns the given values which can then be assigned to a variables.</doc>
<status status="PASS" start="2024-04-01T05:14:06.310063" elapsed="0.000682"/>
</kw>
<kw name="Log" owner="BuiltIn">
<msg time="2024-04-01T05:14:06.311248" level="INFO">{'results': [{'gender': 'male', 'name': {'title': 'Mr', 'first': 'Milovan', 'last': 'Ivanović'}, 'location': {'street': {'number': 1674, 'name': 'Starog Kapetana'}, 'city': 'Crna Trava', 'state': 'North Banat', 'country': 'Serbia', 'postcode': 55691, 'coordinates': {'latitude': '57.0667', 'longitude': '-121.2687'}, 'timezone': {'offset': '+8:00', 'description': 'Beijing, Perth, Singapore, Hong Kong'}}, 'email': 'milovan.ivanovic@example.com', 'login': {'uuid': '83d2c368-f1b5-42af-87af-8fa1c98a7800', 'username': 'redwolf587', 'password': 'indigo', 'salt': '0eTwkN9G', 'md5': '9a10e222fc50d879f0e6a495163a0f54', 'sha1': 'b7da96b9f4f116e428005a1e16ca44d86c88673d', 'sha256': '3ad503f26f81c8e3f9e1b764bbbbb9ba97df0ecc2b7ed58affe8cba0631951b7'}, 'dob': {'date': '2000-03-18T17:43:37.369Z', 'age': 24}, 'registered': {'date': '2015-09-27T09:11:50.540Z', 'age': 8}, 'phone': '035-5645-003', 'cell': '060-3653-271', 'id': {'name': 'SID', 'value': '281590885'}, 'picture': {'large': 'https://randomuser.me/api/portraits/men/10.jpg', 'medium': 'https://randomuser.me/api/portraits/med/men/10.jpg', 'thumbnail': 'https://randomuser.me/api/portraits/thumb/men/10.jpg'}, 'nat': 'RS'}], 'info': {'seed': '84e3bb214f3d5960', 'results': 1, 'page': 1, 'version': '1.4'}}</msg>
<arg>${json_data}</arg>
<doc>Logs the given message with the given level.</doc>
<status status="PASS" start="2024-04-01T05:14:06.311084" elapsed="0.000257"/>
</kw>
<kw name="Should Be String" owner="String">
<arg>${json_data['results'][0]['gender']}</arg>
<doc>Fails if the given ``item`` is not a string.</doc>
<status status="PASS" start="2024-04-01T05:14:06.311654" elapsed="0.000369"/>
</kw>
<kw name="Should Match Regexp" owner="BuiltIn">
<arg>${json_data['results'][0]['email']}</arg>
<arg>^[a-zA-Z0-9._%+-]+@[a-zA-Z0-9.-]+\.[a-zA-Z]{2,}$</arg>
<doc>Fails if ``string`` does not match ``pattern`` as a regular expression.</doc>
<status status="PASS" start="2024-04-01T05:14:06.312221" elapsed="0.000534"/>
</kw>
<kw name="Should Match Regexp" owner="BuiltIn">
<arg>${json_data['results'][0]['dob']['date']}</arg>
<arg>\\d{4}-\\d{2}-\\d{2}T\\d{2}:\\d{2}:\\d{2}\\.\\d{3}Z</arg>
<doc>Fails if ``string`` does not match ``pattern`` as a regular expression.</doc>
<status status="PASS" start="2024-04-01T05:14:06.312955" elapsed="0.000481"/>
</kw>
<kw name="Should Match Regexp" owner="BuiltIn">
<arg>${json_data['results'][0]['registered']['date']}</arg>
<arg>\\d{4}-\\d{2}-\\d{2}T\\d{2}:\\d{2}:\\d{2}\\.\\d{3}Z</arg>
<doc>Fails if ``string`` does not match ``pattern`` as a regular expression.</doc>
<status status="PASS" start="2024-04-01T05:14:06.313629" elapsed="0.000378"/>
</kw>
<kw name="Should Match Regexp" owner="BuiltIn">
<arg>${json_data['results'][0]['picture']['large']}</arg>
<arg>^https?://.*\.(?:png|jpe?g|gif|bmp)$</arg>
<doc>Fails if ``string`` does not match ``pattern`` as a regular expression.</doc>
<status status="PASS" start="2024-04-01T05:14:06.314192" elapsed="0.000483"/>
</kw>
<kw name="Should Match Regexp" owner="BuiltIn">
<arg>${json_data['results'][0]['picture']['medium']}</arg>
<arg>^https?://.*\.(?:png|jpe?g|gif|bmp)$</arg>
<doc>Fails if ``string`` does not match ``pattern`` as a regular expression.</doc>
<status status="PASS" start="2024-04-01T05:14:06.314876" elapsed="0.000364"/>
</kw>
<kw name="Should Match Regexp" owner="BuiltIn">
<arg>${json_data['results'][0]['picture']['thumbnail']}</arg>
<arg>^https?://.*\.(?:png|jpe?g|gif|bmp)$</arg>
<doc>Fails if ``string`` does not match ``pattern`` as a regular expression.</doc>
<status status="PASS" start="2024-04-01T05:14:06.315435" elapsed="0.000353"/>
</kw>
<kw name="Log" owner="BuiltIn">
<msg time="2024-04-01T05:14:06.316303" level="INFO">{'large': 'https://randomuser.me/api/portraits/men/10.jpg', 'medium': 'https://randomuser.me/api/portraits/med/men/10.jpg', 'thumbnail': 'https://randomuser.me/api/portraits/thumb/men/10.jpg'}</msg>
<arg>${json_data['results'][0]['picture']}</arg>
<doc>Logs the given message with the given level.</doc>
<status status="PASS" start="2024-04-01T05:14:06.315973" elapsed="0.000378"/>
</kw>
<status status="PASS" start="2024-04-01T05:14:06.231845" elapsed="0.084771"/>
</kw>
<kw name="Teste de Tipos de Dados - Postcode" owner="random-user-service">
<kw name="GET On Session" owner="RequestsLibrary">
<msg time="2024-04-01T05:14:06.406345" level="INFO">GET Request : url=https://randomuser.me/api 
 path_url=/api 
 headers={'User-Agent': 'python-requests/2.31.0', 'Accept-Encoding': 'gzip, deflate', 'Accept': '*/*', 'Connection': 'keep-alive'} 
 body=None 
 </msg>
<msg time="2024-04-01T05:14:06.406446" level="INFO">GET Response : url=https://randomuser.me/api 
 status=200, reason=OK 
 headers={'Date': 'Mon, 01 Apr 2024 05:14:06 GMT', 'Content-Type': 'application/json; charset=utf-8', 'Transfer-Encoding': 'chunked', 'Connection': 'keep-alive', 'X-Powered-By': 'Express', 'Access-Control-Allow-Origin': '*', 'Cache-Control': 'no-cache', 'ETag': 'W/"48b-Z6MuzKl3+Nd56A+hjO+fXV5G8RA"', 'Vary': 'Accept-Encoding', 'Content-Encoding': 'gzip', 'CF-Cache-Status': 'DYNAMIC', 'Report-To': '{"endpoints":[{"url":"https:\\/\\/a.nel.cloudflare.com\\/report\\/v4?s=K%2FXCSL96lutSzXdDVNcFwjALwWeGmYU82yCzOxJmTYv%2FOuOKHbrnSIXCu0YJpCHL8evPNPiCn9JNMe7M5JnEEneP6GAOGBCsDbts9NRnBPv1qJW1ZBIrnykkJ0G8pXfE"}],"group":"cf-nel","max_age":604800}', 'NEL': '{"success_fraction":0,"report_to":"cf-nel","max_age":604800}', 'Server': 'cloudflare', 'CF-RAY': '86d617fd886059fe-IAD', 'alt-svc': 'h3=":443"; ma=86400'} 
 body={"results":[{"gender":"male","name":{"title":"Mr","first":"شایان","last":"کریمی"},"location":{"street":{"number":4513,"name":"میدان ولیعصر (عج)"},"city":"قدس","state":"خراسان جنوبی","country":"Iran","postcode":28537,"coordinates":{"latitude":"16.2497","longitude":"-153.6521"},"timezone":{"offset":"-3:30","description":"Newfoundland"}},"email":"shyn.khrymy@example.com","login":{"uuid":"8e57ca43-8a24-4dd3-b334-e31df3e89940","username":"brownfish942","password":"climax","salt":"IOjsYYmD","md5":"1f2c06ea0e7f84f28db9b54870ace26a","sha1":"f883bfb740708c0a8459028131126373618d60ef","sha256":"f37e9809bc42f800e096a86625209a037bbcb57a7aa596102c772b5b6687bb41"},"dob":{"date":"1956-02-20T20:23:27.104Z","age":68},"registered":{"date":"2004-07-12T01:30:40.727Z","age":19},"phone":"092-95652092","cell":"0909-125-9906","id":{"name":"","value":null},"picture":{"large":"https://randomuser.me/api/portraits/men/87.jpg","medium":"https://randomuser.me/api/portraits/med/men/87.jpg","thumbnail":"https://randomuser.me/api/portraits/thumb/men/87.jpg"},"nat":"IR"}],"info":{"seed":"3bb4b9116d9918d6","results":1,"page":1,"version":"1.4"}} 
 </msg>
<msg time="2024-04-01T05:14:06.406540" level="INFO">/opt/hostedtoolcache/Python/3.12.2/x64/lib/python3.12/site-packages/urllib3/connectionpool.py:1103: InsecureRequestWarning: Unverified HTTPS request is being made to host 'randomuser.me'. Adding certificate verification is strongly advised. See: https://urllib3.readthedocs.io/en/latest/advanced-usage.html#tls-warnings
  warnings.warn(</msg>
<msg time="2024-04-01T05:14:06.406690" level="INFO">${response} = &lt;Response [200]&gt;</msg>
<var>${response}</var>
<arg>consultarAPI</arg>
<arg>/api</arg>
<doc>Sends a GET request on a previously created HTTP Session.</doc>
<status status="PASS" start="2024-04-01T05:14:06.317258" elapsed="0.089475"/>
</kw>
<kw name="Set Variable" owner="BuiltIn">
<msg time="2024-04-01T05:14:06.408015" level="INFO">${json_data} = {'results': [{'gender': 'male', 'name': {'title': 'Mr', 'first': 'شایان', 'last': 'کریمی'}, 'location': {'street': {'number': 4513, 'name': 'میدان ولیعصر (عج)'}, 'city': 'قدس', 'state': 'خراسان جنوبی'...</msg>
<var>${json_data}</var>
<arg>${response.json()}</arg>
<doc>Returns the given values which can then be assigned to a variables.</doc>
<status status="PASS" start="2024-04-01T05:14:06.407416" elapsed="0.000630"/>
</kw>
<kw name="Log" owner="BuiltIn">
<msg time="2024-04-01T05:14:06.408531" level="INFO">{'results': [{'gender': 'male', 'name': {'title': 'Mr', 'first': 'شایان', 'last': 'کریمی'}, 'location': {'street': {'number': 4513, 'name': 'میدان ولیعصر (عج)'}, 'city': 'قدس', 'state': 'خراسان جنوبی', 'country': 'Iran', 'postcode': 28537, 'coordinates': {'latitude': '16.2497', 'longitude': '-153.6521'}, 'timezone': {'offset': '-3:30', 'description': 'Newfoundland'}}, 'email': 'shyn.khrymy@example.com', 'login': {'uuid': '8e57ca43-8a24-4dd3-b334-e31df3e89940', 'username': 'brownfish942', 'password': 'climax', 'salt': 'IOjsYYmD', 'md5': '1f2c06ea0e7f84f28db9b54870ace26a', 'sha1': 'f883bfb740708c0a8459028131126373618d60ef', 'sha256': 'f37e9809bc42f800e096a86625209a037bbcb57a7aa596102c772b5b6687bb41'}, 'dob': {'date': '1956-02-20T20:23:27.104Z', 'age': 68}, 'registered': {'date': '2004-07-12T01:30:40.727Z', 'age': 19}, 'phone': '092-95652092', 'cell': '0909-125-9906', 'id': {'name': '', 'value': None}, 'picture': {'large': 'https://randomuser.me/api/portraits/men/87.jpg', 'medium': 'https://randomuser.me/api/portraits/med/men/87.jpg', 'thumbnail': 'https://randomuser.me/api/portraits/thumb/men/87.jpg'}, 'nat': 'IR'}], 'info': {'seed': '3bb4b9116d9918d6', 'results': 1, 'page': 1, 'version': '1.4'}}</msg>
<arg>${json_data}</arg>
<doc>Logs the given message with the given level.</doc>
<status status="PASS" start="2024-04-01T05:14:06.408368" elapsed="0.000249"/>
</kw>
<kw name="Should Be Equal As Numbers" owner="BuiltIn">
<arg>${json_data['results'][0]['location']['postcode']}</arg>
<arg>${json_data['results'][0]['location']['postcode']}</arg>
<doc>Fails if objects are unequal after converting them to real numbers.</doc>
<status status="PASS" start="2024-04-01T05:14:06.408928" elapsed="0.000641"/>
</kw>
<kw name="Log" owner="BuiltIn">
<msg time="2024-04-01T05:14:06.410102" level="INFO">28537</msg>
<arg>${json_data['results'][0]['location']['postcode']}</arg>
<doc>Logs the given message with the given level.</doc>
<status status="PASS" start="2024-04-01T05:14:06.409764" elapsed="0.000380"/>
</kw>
<status status="PASS" start="2024-04-01T05:14:06.316857" elapsed="0.093551"/>
</kw>
<doc>Testa se os tipos de dados na resposta da API estão corretos.</doc>
<tag>testeTiposDados</tag>
<status status="PASS" start="2024-04-01T05:14:06.231280" elapsed="0.179303"/>
</test>
<test id="s1-s1-t5" name="Validar conteudo" line="35">
<kw name="Teste de Tipos de Conteudo" owner="random-user-service">
<kw name="GET On Session" owner="RequestsLibrary">
<msg time="2024-04-01T05:14:06.506929" level="INFO">GET Request : url=https://randomuser.me/api 
 path_url=/api 
 headers={'User-Agent': 'python-requests/2.31.0', 'Accept-Encoding': 'gzip, deflate', 'Accept': '*/*', 'Connection': 'keep-alive'} 
 body=None 
 </msg>
<msg time="2024-04-01T05:14:06.507016" level="INFO">GET Response : url=https://randomuser.me/api 
 status=200, reason=OK 
 headers={'Date': 'Mon, 01 Apr 2024 05:14:06 GMT', 'Content-Type': 'application/json; charset=utf-8', 'Transfer-Encoding': 'chunked', 'Connection': 'keep-alive', 'X-Powered-By': 'Express', 'Access-Control-Allow-Origin': '*', 'Cache-Control': 'no-cache', 'ETag': 'W/"47d-+UbvpfbGLhBTUzthj+ZOQrPuly0"', 'Vary': 'Accept-Encoding', 'Content-Encoding': 'gzip', 'CF-Cache-Status': 'DYNAMIC', 'Report-To': '{"endpoints":[{"url":"https:\\/\\/a.nel.cloudflare.com\\/report\\/v4?s=X5FLOGP4cpJB765klcKk2HE5GGt4tL9vAK%2BHQSEIyHAVxG%2B1CEgOGakzXObsjevxRV76vZKDW5dD0AFCmGq24jT%2FvkoxW6VsNamfmOhsI3QqK4BLhgTWFhuU3fp35z3j"}],"group":"cf-nel","max_age":604800}', 'NEL': '{"success_fraction":0,"report_to":"cf-nel","max_age":604800}', 'Server': 'cloudflare', 'CF-RAY': '86d617fe18b259fe-IAD', 'alt-svc': 'h3=":443"; ma=86400'} 
 body={"results":[{"gender":"male","name":{"title":"Mr","first":"Jonathan","last":"Ramos"},"location":{"street":{"number":5730,"name":"Victoria Street"},"city":"Aberdeen","state":"Cornwall","country":"United Kingdom","postcode":"J4 3SN","coordinates":{"latitude":"-7.9781","longitude":"-21.9765"},"timezone":{"offset":"-10:00","description":"Hawaii"}},"email":"jonathan.ramos@example.com","login":{"uuid":"8b19f024-a7f1-42de-9b70-978cfdd73dec","username":"lazybird635","password":"play","salt":"OB7el36w","md5":"685d451253a171daae892b4ebf75fc9a","sha1":"ef97b9480a441ffec5c3e9a7672792431bb4edd5","sha256":"faafc10e2ba91b6a9c6f5a850dcad4e27caa164623fe865b1689dcf4510c08f8"},"dob":{"date":"1969-11-11T05:48:51.007Z","age":54},"registered":{"date":"2013-05-05T17:39:54.130Z","age":10},"phone":"015395 40350","cell":"07129 471957","id":{"name":"NINO","value":"GG 87 25 67 Z"},"picture":{"large":"https://randomuser.me/api/portraits/men/78.jpg","medium":"https://randomuser.me/api/portraits/med/men/78.jpg","thumbnail":"https://randomuser.me/api/portraits/thumb/men/78.jpg"},"nat":"GB"}],"info":{"seed":"4c052c9f8468c048","results":1,"page":1,"version":"1.4"}} 
 </msg>
<msg time="2024-04-01T05:14:06.507090" level="INFO">/opt/hostedtoolcache/Python/3.12.2/x64/lib/python3.12/site-packages/urllib3/connectionpool.py:1103: InsecureRequestWarning: Unverified HTTPS request is being made to host 'randomuser.me'. Adding certificate verification is strongly advised. See: https://urllib3.readthedocs.io/en/latest/advanced-usage.html#tls-warnings
  warnings.warn(</msg>
<msg time="2024-04-01T05:14:06.507211" level="INFO">${response} = &lt;Response [200]&gt;</msg>
<var>${response}</var>
<arg>consultarAPI</arg>
<arg>/api</arg>
<doc>Sends a GET request on a previously created HTTP Session.</doc>
<status status="PASS" start="2024-04-01T05:14:06.413203" elapsed="0.094054"/>
</kw>
<kw name="Set Variable" owner="BuiltIn">
<msg time="2024-04-01T05:14:06.508501" level="INFO">${json_data} = {'results': [{'gender': 'male', 'name': {'title': 'Mr', 'first': 'Jonathan', 'last': 'Ramos'}, 'location': {'street': {'number': 5730, 'name': 'Victoria Street'}, 'city': 'Aberdeen', 'state': 'Cornwal...</msg>
<var>${json_data}</var>
<arg>${response.json()}</arg>
<doc>Returns the given values which can then be assigned to a variables.</doc>
<status status="PASS" start="2024-04-01T05:14:06.507835" elapsed="0.000694"/>
</kw>
<kw name="Set Variable" owner="BuiltIn">
<msg time="2024-04-01T05:14:06.509229" level="INFO">${name_title} = Mr</msg>
<var>${name_title}</var>
<arg>${json_data["results"][0]["name"]["title"]}</arg>
<doc>Returns the given values which can then be assigned to a variables.</doc>
<status status="PASS" start="2024-04-01T05:14:06.508840" elapsed="0.000415"/>
</kw>
<kw name="Create List" owner="BuiltIn">
<msg time="2024-04-01T05:14:06.509710" level="INFO">${allowed_titles} = ['Mr', 'Ms', 'Miss', 'Mrs', 'Madame', 'Monsieur']</msg>
<var>${allowed_titles}</var>
<arg>Mr</arg>
<arg>Ms</arg>
<arg>Miss</arg>
<arg>Mrs</arg>
<arg>Madame</arg>
<arg>Monsieur</arg>
<doc>Returns a list containing given items.</doc>
<status status="PASS" start="2024-04-01T05:14:06.509558" elapsed="0.000176"/>
</kw>
<kw name="List Should Contain Value" owner="Collections">
<msg time="2024-04-01T05:14:06.510222" level="INFO">False</msg>
<arg>${allowed_titles}</arg>
<arg>${name_title}</arg>
<doc>Fails if the ``value`` is not found from ``list``.</doc>
<status status="PASS" start="2024-04-01T05:14:06.510041" elapsed="0.000219"/>
</kw>
<kw name="Set Variable" owner="BuiltIn">
<msg time="2024-04-01T05:14:06.510969" level="INFO">${name_country} = GB</msg>
<var>${name_country}</var>
<arg>${json_data["results"][0]["nat"]}</arg>
<doc>Returns the given values which can then be assigned to a variables.</doc>
<status status="PASS" start="2024-04-01T05:14:06.510554" elapsed="0.000441"/>
</kw>
<kw name="Create List" owner="BuiltIn">
<msg time="2024-04-01T05:14:06.511905" level="INFO">${list_country} = ['AD', 'AE', 'AF', 'AG', 'AI', 'AL', 'AM', 'AO', 'AQ', 'AR', 'AS', 'AT', 'AU', 'AW', 'AX', 'AZ', 'BA', 'BB', 'BD', 'BE', 'BF', 'BG', 'BH', 'BI', 'BJ', 'BL', 'BM', 'BN', 'BO', 'BQ', 'BR', 'BS', 'BT', '...</msg>
<var>${list_country}</var>
<arg>AD</arg>
<arg>AE</arg>
<arg>AF</arg>
<arg>AG</arg>
<arg>AI</arg>
<arg>AL</arg>
<arg>AM</arg>
<arg>AO</arg>
<arg>AQ</arg>
<arg>AR</arg>
<arg>AS</arg>
<arg>AT</arg>
<arg>AU</arg>
<arg>AW</arg>
<arg>AX</arg>
<arg>AZ</arg>
<arg>BA</arg>
<arg>BB</arg>
<arg>BD</arg>
<arg>BE</arg>
<arg>BF</arg>
<arg>BG</arg>
<arg>BH</arg>
<arg>BI</arg>
<arg>BJ</arg>
<arg>BL</arg>
<arg>BM</arg>
<arg>BN</arg>
<arg>BO</arg>
<arg>BQ</arg>
<arg>BR</arg>
<arg>BS</arg>
<arg>BT</arg>
<arg>BV</arg>
<arg>BW</arg>
<arg>BY</arg>
<arg>BZ</arg>
<arg>CA</arg>
<arg>CC</arg>
<arg>CD</arg>
<arg>CF</arg>
<arg>CG</arg>
<arg>CH</arg>
<arg>CI</arg>
<arg>CK</arg>
<arg>CL</arg>
<arg>CM</arg>
<arg>CN</arg>
<arg>CO</arg>
<arg>CR</arg>
<arg>CU</arg>
<arg>CV</arg>
<arg>CW</arg>
<arg>CX</arg>
<arg>CY</arg>
<arg>CZ</arg>
<arg>DE</arg>
<arg>DJ</arg>
<arg>DK</arg>
<arg>DM</arg>
<arg>DO</arg>
<arg>DZ</arg>
<arg>EC</arg>
<arg>EE</arg>
<arg>EG</arg>
<arg>EH</arg>
<arg>ER</arg>
<arg>ES</arg>
<arg>ET</arg>
<arg>FI</arg>
<arg>FJ</arg>
<arg>FK</arg>
<arg>FM</arg>
<arg>FO</arg>
<arg>FR</arg>
<arg>GA</arg>
<arg>GB</arg>
<arg>GD</arg>
<arg>GE</arg>
<arg>GF</arg>
<arg>GG</arg>
<arg>GH</arg>
<arg>GI</arg>
<arg>GL</arg>
<arg>GM</arg>
<arg>GN</arg>
<arg>GP</arg>
<arg>GQ</arg>
<arg>GR</arg>
<arg>GS</arg>
<arg>GT</arg>
<arg>GU</arg>
<arg>GW</arg>
<arg>GY</arg>
<arg>HK</arg>
<arg>HM</arg>
<arg>HN</arg>
<arg>HR</arg>
<arg>HT</arg>
<arg>HU</arg>
<arg>ID</arg>
<arg>IE</arg>
<arg>IL</arg>
<arg>IM</arg>
<arg>IN</arg>
<arg>IO</arg>
<arg>IQ</arg>
<arg>IR</arg>
<arg>IS</arg>
<arg>IT</arg>
<arg>JE</arg>
<arg>JM</arg>
<arg>JO</arg>
<arg>JP</arg>
<arg>KE</arg>
<arg>KG</arg>
<arg>KH</arg>
<arg>KI</arg>
<arg>KM</arg>
<arg>KN</arg>
<arg>KP</arg>
<arg>KR</arg>
<arg>KW</arg>
<arg>KY</arg>
<arg>KZ</arg>
<arg>LA</arg>
<arg>LB</arg>
<arg>LC</arg>
<arg>LI</arg>
<arg>LK</arg>
<arg>LR</arg>
<arg>LS</arg>
<arg>LT</arg>
<arg>LU</arg>
<arg>LV</arg>
<arg>LY</arg>
<arg>MA</arg>
<arg>MC</arg>
<arg>MD</arg>
<arg>ME</arg>
<arg>MF</arg>
<arg>MG</arg>
<arg>MH</arg>
<arg>MK</arg>
<arg>ML</arg>
<arg>MM</arg>
<arg>MN</arg>
<arg>MO</arg>
<arg>MP</arg>
<arg>MQ</arg>
<arg>MR</arg>
<arg>MS</arg>
<arg>MT</arg>
<arg>MU</arg>
<arg>MV</arg>
<arg>MW</arg>
<arg>MX</arg>
<arg>MY</arg>
<arg>MZ</arg>
<arg>NA</arg>
<arg>NC</arg>
<arg>NE</arg>
<arg>NF</arg>
<arg>NG</arg>
<arg>NI</arg>
<arg>NL</arg>
<arg>NO</arg>
<arg>NP</arg>
<arg>NR</arg>
<arg>NU</arg>
<arg>NZ</arg>
<arg>OM</arg>
<arg>PA</arg>
<arg>PE</arg>
<arg>PF</arg>
<arg>PG</arg>
<arg>PH</arg>
<arg>PK</arg>
<arg>PL</arg>
<arg>PM</arg>
<arg>PN</arg>
<arg>PR</arg>
<arg>PS</arg>
<arg>PT</arg>
<arg>PW</arg>
<arg>PY</arg>
<arg>QA</arg>
<arg>RE</arg>
<arg>RO</arg>
<arg>RS</arg>
<arg>RU</arg>
<arg>RW</arg>
<arg>SA</arg>
<arg>SB</arg>
<arg>SC</arg>
<arg>SD</arg>
<arg>SE</arg>
<arg>SG</arg>
<arg>SH</arg>
<arg>SI</arg>
<arg>SJ</arg>
<arg>SK</arg>
<arg>SL</arg>
<arg>SM</arg>
<arg>SN</arg>
<arg>SO</arg>
<arg>SR</arg>
<arg>SS</arg>
<arg>ST</arg>
<arg>SV</arg>
<arg>SX</arg>
<arg>SY</arg>
<arg>SZ</arg>
<arg>TC</arg>
<arg>TD</arg>
<arg>TF</arg>
<arg>TG</arg>
<arg>TH</arg>
<arg>TJ</arg>
<arg>TK</arg>
<arg>TL</arg>
<arg>TM</arg>
<arg>TN</arg>
<arg>TO</arg>
<arg>TR</arg>
<arg>TT</arg>
<arg>TV</arg>
<arg>TW</arg>
<arg>TZ</arg>
<arg>UA</arg>
<arg>UG</arg>
<arg>UM</arg>
<arg>US</arg>
<arg>UY</arg>
<arg>UZ</arg>
<arg>VA</arg>
<arg>VC</arg>
<arg>VE</arg>
<arg>VG</arg>
<arg>VI</arg>
<arg>VN</arg>
<arg>VU</arg>
<arg>WF</arg>
<arg>WS</arg>
<arg>XK</arg>
<arg>YE</arg>
<arg>YT</arg>
<arg>ZA</arg>
<arg>ZM</arg>
<arg>ZW</arg>
<doc>Returns a list containing given items.</doc>
<status status="PASS" start="2024-04-01T05:14:06.511303" elapsed="0.000627"/>
</kw>
<kw name="List Should Contain Value" owner="Collections">
<msg time="2024-04-01T05:14:06.513047" level="INFO">False</msg>
<arg>${list_country}</arg>
<arg>${name_country}</arg>
<doc>Fails if the ``value`` is not found from ``list``.</doc>
<status status="PASS" start="2024-04-01T05:14:06.512841" elapsed="0.000244"/>
</kw>
<kw name="Run Keyword If" owner="BuiltIn">
<kw name="Should Be True" owner="BuiltIn">
<arg>${True}</arg>
<doc>Fails if the given condition is not true.</doc>
<status status="PASS" start="2024-04-01T05:14:06.514161" elapsed="0.000152"/>
</kw>
<arg>${json_data["results"][0]["location"]["coordinates"]["latitude"]} &gt;= -90 and ${json_data["results"][0]["location"]["coordinates"]["latitude"]} &lt;= 90</arg>
<arg>Should Be True</arg>
<arg>${True}</arg>
<doc>Runs the given keyword with the given arguments, if ``condition`` is true.</doc>
<status status="PASS" start="2024-04-01T05:14:06.513399" elapsed="0.001043"/>
</kw>
<kw name="Run Keyword If" owner="BuiltIn">
<kw name="Should Be True" owner="BuiltIn">
<arg>${True}</arg>
<doc>Fails if the given condition is not true.</doc>
<status status="PASS" start="2024-04-01T05:14:06.515377" elapsed="0.000140"/>
</kw>
<arg>${json_data["results"][0]["location"]["coordinates"]["longitude"]} &gt;= -180 and ${json_data["results"][0]["location"]["coordinates"]["longitude"]} &lt;= 180</arg>
<arg>Should Be True</arg>
<arg>${True}</arg>
<doc>Runs the given keyword with the given arguments, if ``condition`` is true.</doc>
<status status="PASS" start="2024-04-01T05:14:06.514632" elapsed="0.001013"/>
</kw>
<status status="PASS" start="2024-04-01T05:14:06.412970" elapsed="0.102809"/>
</kw>
<doc>Testa o conteúdo específico dos campos retornados pela API.</doc>
<tag>testeConteudo</tag>
<status status="PASS" start="2024-04-01T05:14:06.412413" elapsed="0.103521"/>
</test>
<status status="PASS" start="2024-04-01T05:14:05.711940" elapsed="0.805973"/>
</suite>
<status status="PASS" start="2024-04-01T05:14:05.697784" elapsed="0.825598"/>
</suite>
<statistics>
<total>
<stat pass="5" fail="0" skip="0">All Tests</stat>
</total>
<tag>
<stat pass="1" fail="0" skip="0">testeConteudo</stat>
<stat pass="1" fail="0" skip="0">testeEstruturaResposta</stat>
<stat pass="1" fail="0" skip="0">testeRequisicaoBasica</stat>
<stat pass="1" fail="0" skip="0">testeTiposDados</stat>
</tag>
<suite>
<stat pass="5" fail="0" skip="0" id="s1" name="Tests">Tests</stat>
<stat pass="5" fail="0" skip="0" id="s1-s1" name="Random-User-Test">Tests.Random-User-Test</stat>
</suite>
</statistics>
<errors>
</errors>
</robot>
