<?xml version="1.0" encoding="UTF-8"?>
<robot generator="Robot 7.0 (Python 3.12.2 on linux)" generated="2024-04-08T21:12:22.987343" rpa="false" schemaversion="5">
<suite id="s1" name="Tests" source="/home/runner/work/DesafioQAItauRogerioJordao/DesafioQAItauRogerioJordao/RamdonUser/tests">
<suite id="s1-s1" name="Random-User-Test" source="/home/runner/work/DesafioQAItauRogerioJordao/DesafioQAItauRogerioJordao/RamdonUser/tests/random-user-test.robot">
<test id="s1-s1-t1" name="Conectar" line="13">
<kw name="Conectar API" owner="random-user-service">
<kw name="Create Session" owner="RequestsLibrary">
<msg time="2024-04-08T21:12:23.345136" level="INFO">Creating Session using : alias=consultarAPI, url=https://randomuser.me/, headers={},                     cookies={}, auth=None, timeout=None, proxies=None, verify=False,                     debug=0 </msg>
<arg>consultarAPI</arg>
<arg>${URL}</arg>
<doc>Create Session: create a HTTP session to a server</doc>
<status status="PASS" start="2024-04-08T21:12:23.344941" elapsed="0.000351"/>
</kw>
<status status="PASS" start="2024-04-08T21:12:23.343981" elapsed="0.001650"/>
</kw>
<status status="PASS" start="2024-04-08T21:12:23.343403" elapsed="0.002465"/>
</test>
<test id="s1-s1-t2" name="Validar retorno 200 e JSON Válido" line="16">
<kw name="Teste de Requisicao Basica" owner="random-user-service">
<kw name="GET On Session" owner="RequestsLibrary">
<msg time="2024-04-08T21:12:23.501354" level="INFO">GET Request : url=https://randomuser.me/api 
 path_url=/api 
 headers={'User-Agent': 'python-requests/2.31.0', 'Accept-Encoding': 'gzip, deflate', 'Accept': '*/*', 'Connection': 'keep-alive'} 
 body=None 
 </msg>
<msg time="2024-04-08T21:12:23.501489" level="INFO">GET Response : url=https://randomuser.me/api 
 status=200, reason=OK 
 headers={'Date': 'Mon, 08 Apr 2024 21:12:23 GMT', 'Content-Type': 'application/json; charset=utf-8', 'Transfer-Encoding': 'chunked', 'Connection': 'keep-alive', 'X-Powered-By': 'Express', 'Access-Control-Allow-Origin': '*', 'Cache-Control': 'no-cache', 'ETag': 'W/"468-ZAa+AjedYweIBmOdKVALe0/fAuU"', 'Vary': 'Accept-Encoding', 'Content-Encoding': 'gzip', 'CF-Cache-Status': 'DYNAMIC', 'Report-To': '{"endpoints":[{"url":"https:\\/\\/a.nel.cloudflare.com\\/report\\/v4?s=wnKa%2FknA13uLvOVvmKpUc8ldzzHXCSJiPLz%2FuIH9IW%2B6jHefs2HwFWk01N8QHQaMOf%2F6ze9rXcYF7ijcgBcQgX96tqlW2qaxjqioWK9cYEEB9K12ISMwSJAXtxAeU7hT"}],"group":"cf-nel","max_age":604800}', 'NEL': '{"success_fraction":0,"report_to":"cf-nel","max_age":604800}', 'Server': 'cloudflare', 'CF-RAY': '8715415a48df5220-LAX', 'alt-svc': 'h3=":443"; ma=86400'} 
 body={"results":[{"gender":"female","name":{"title":"Mrs","first":"Özsu","last":"Ekşioğlu"},"location":{"street":{"number":5058,"name":"Mevlana Cd"},"city":"Mardin","state":"Manisa","country":"Turkey","postcode":32307,"coordinates":{"latitude":"70.2421","longitude":"169.2799"},"timezone":{"offset":"+3:30","description":"Tehran"}},"email":"ozsu.eksioglu@example.com","login":{"uuid":"d5898e98-3f05-4e87-b666-24bc3283cf61","username":"greendog362","password":"heyhey","salt":"9bv6HBTB","md5":"a60806e21f20e7db3461dbc2c6b8e2e2","sha1":"5e37d12d7491cc25d6d98fc5ae462df284764c2e","sha256":"d75bf9a3ded765118856d23d6da5e06e33425350c214aa46f45d8562e1a0a222"},"dob":{"date":"1986-01-04T18:29:27.508Z","age":38},"registered":{"date":"2018-03-01T02:09:13.676Z","age":6},"phone":"(151)-893-0691","cell":"(794)-690-5798","id":{"name":"","value":null},"picture":{"large":"https://randomuser.me/api/portraits/women/20.jpg","medium":"https://randomuser.me/api/portraits/med/women/20.jpg","thumbnail":"https://randomuser.me/api/portraits/thumb/women/20.jpg"},"nat":"TR"}],"info":{"seed":"060c8bd9ba4560fb","results":1,"page":1,"version":"1.4"}} 
 </msg>
<msg time="2024-04-08T21:12:23.501582" level="INFO">/opt/hostedtoolcache/Python/3.12.2/x64/lib/python3.12/site-packages/urllib3/connectionpool.py:1103: InsecureRequestWarning: Unverified HTTPS request is being made to host 'randomuser.me'. Adding certificate verification is strongly advised. See: https://urllib3.readthedocs.io/en/latest/advanced-usage.html#tls-warnings
  warnings.warn(</msg>
<msg time="2024-04-08T21:12:23.501729" level="INFO">${response} = &lt;Response [200]&gt;</msg>
<var>${response}</var>
<arg>consultarAPI</arg>
<arg>/api</arg>
<doc>Sends a GET request on a previously created HTTP Session.</doc>
<status status="PASS" start="2024-04-08T21:12:23.348455" elapsed="0.153350"/>
</kw>
<kw name="Should Be Equal As Numbers" owner="BuiltIn">
<msg time="2024-04-08T21:12:23.502601" level="INFO">Argument types are:
&lt;class 'int'&gt;
&lt;class 'str'&gt;</msg>
<arg>${response.status_code}</arg>
<arg>200</arg>
<doc>Fails if objects are unequal after converting them to real numbers.</doc>
<status status="PASS" start="2024-04-08T21:12:23.502204" elapsed="0.000459"/>
</kw>
<kw name="Log" owner="BuiltIn">
<msg time="2024-04-08T21:12:23.503329" level="INFO">200</msg>
<arg>${response.status_code}</arg>
<doc>Logs the given message with the given level.</doc>
<status status="PASS" start="2024-04-08T21:12:23.502982" elapsed="0.000390"/>
</kw>
<kw name="Set Variable" owner="BuiltIn">
<msg time="2024-04-08T21:12:23.504154" level="INFO">${json_data} = {'results': [{'gender': 'female', 'name': {'title': 'Mrs', 'first': 'Özsu', 'last': 'Ekşioğlu'}, 'location': {'street': {'number': 5058, 'name': 'Mevlana Cd'}, 'city': 'Mardin', 'state': 'Manisa', 'co...</msg>
<var>${json_data}</var>
<arg>${response.json()}</arg>
<doc>Returns the given values which can then be assigned to a variables.</doc>
<status status="PASS" start="2024-04-08T21:12:23.503711" elapsed="0.000473"/>
</kw>
<kw name="Dictionary Should Contain Key" owner="Collections">
<msg time="2024-04-08T21:12:23.504645" level="INFO">False</msg>
<arg>${json_data}</arg>
<arg>results</arg>
<doc>Fails if ``key`` is not found from ``dictionary``.</doc>
<status status="PASS" start="2024-04-08T21:12:23.504482" elapsed="0.000202"/>
</kw>
<status status="PASS" start="2024-04-08T21:12:23.348209" elapsed="0.156723"/>
</kw>
<doc>Testa se a API responde corretamente e retorna um objeto JSON válido.</doc>
<tag>testeRequisicaoBasica</tag>
<status status="PASS" start="2024-04-08T21:12:23.347692" elapsed="0.157413"/>
</test>
<test id="s1-s1-t3" name="Validar estrutura de resposta" line="22">
<kw name="Teste de Estrutura de Resposta" owner="random-user-service">
<kw name="GET On Session" owner="RequestsLibrary">
<msg time="2024-04-08T21:12:23.809195" level="INFO">GET Request : url=https://randomuser.me/api 
 path_url=/api 
 headers={'User-Agent': 'python-requests/2.31.0', 'Accept-Encoding': 'gzip, deflate', 'Accept': '*/*', 'Connection': 'keep-alive'} 
 body=None 
 </msg>
<msg time="2024-04-08T21:12:23.809282" level="INFO">GET Response : url=https://randomuser.me/api 
 status=200, reason=OK 
 headers={'Date': 'Mon, 08 Apr 2024 21:12:23 GMT', 'Content-Type': 'application/json; charset=utf-8', 'Transfer-Encoding': 'chunked', 'Connection': 'keep-alive', 'X-Powered-By': 'Express', 'Access-Control-Allow-Origin': '*', 'Cache-Control': 'no-cache', 'ETag': 'W/"47c-flQ5thtCOXm7liD07VnXTNsfnN4"', 'Vary': 'Accept-Encoding', 'Content-Encoding': 'gzip', 'CF-Cache-Status': 'DYNAMIC', 'Report-To': '{"endpoints":[{"url":"https:\\/\\/a.nel.cloudflare.com\\/report\\/v4?s=Lbp5KGXJOMWWocvskoWjd9rnJ6BbYCSoDlArLk7hf5EYhxkJrSoatBwPuj2trAT%2FahVmKpkO0GR5Y%2Bf22bNX3QeyrmxIl8%2Bo2OapK%2BKjwksNJRzdTbh%2Bicqb%2F0P755D9"}],"group":"cf-nel","max_age":604800}', 'NEL': '{"success_fraction":0,"report_to":"cf-nel","max_age":604800}', 'Server': 'cloudflare', 'CF-RAY': '8715415af96d5220-LAX', 'alt-svc': 'h3=":443"; ma=86400'} 
 body={"results":[{"gender":"male","name":{"title":"Mr","first":"Dave","last":"Bates"},"location":{"street":{"number":1650,"name":"Manor Road"},"city":"Newry","state":"Tayside","country":"United Kingdom","postcode":"U34 3XN","coordinates":{"latitude":"-6.4319","longitude":"-125.5678"},"timezone":{"offset":"-12:00","description":"Eniwetok, Kwajalein"}},"email":"dave.bates@example.com","login":{"uuid":"300269e2-829b-4654-aeb5-a16dd4e7bd78","username":"redgoose702","password":"tribe","salt":"IjKTxvr6","md5":"7fff0a0300d069e34f51274edaa8541b","sha1":"d64eea8aa1496fb1c1e8ace65dcda9f6221a138a","sha256":"06284fab4b8a5239b0a3592ff8bcbc8671b26579145ed95a1c60221ae742271e"},"dob":{"date":"1948-06-21T07:47:52.945Z","age":75},"registered":{"date":"2010-06-12T21:50:54.610Z","age":13},"phone":"015242 51927","cell":"07084 841101","id":{"name":"NINO","value":"KA 14 03 64 J"},"picture":{"large":"https://randomuser.me/api/portraits/men/86.jpg","medium":"https://randomuser.me/api/portraits/med/men/86.jpg","thumbnail":"https://randomuser.me/api/portraits/thumb/men/86.jpg"},"nat":"GB"}],"info":{"seed":"11727feb600bda37","results":1,"page":1,"version":"1.4"}} 
 </msg>
<msg time="2024-04-08T21:12:23.809406" level="INFO">/opt/hostedtoolcache/Python/3.12.2/x64/lib/python3.12/site-packages/urllib3/connectionpool.py:1103: InsecureRequestWarning: Unverified HTTPS request is being made to host 'randomuser.me'. Adding certificate verification is strongly advised. See: https://urllib3.readthedocs.io/en/latest/advanced-usage.html#tls-warnings
  warnings.warn(</msg>
<msg time="2024-04-08T21:12:23.809501" level="INFO">${response} = &lt;Response [200]&gt;</msg>
<var>${response}</var>
<arg>consultarAPI</arg>
<arg>/api</arg>
<doc>Sends a GET request on a previously created HTTP Session.</doc>
<status status="PASS" start="2024-04-08T21:12:23.507760" elapsed="0.301780"/>
</kw>
<kw name="Set Variable" owner="BuiltIn">
<msg time="2024-04-08T21:12:23.810368" level="INFO">${json_data} = {'results': [{'gender': 'male', 'name': {'title': 'Mr', 'first': 'Dave', 'last': 'Bates'}, 'location': {'street': {'number': 1650, 'name': 'Manor Road'}, 'city': 'Newry', 'state': 'Tayside', 'country'...</msg>
<var>${json_data}</var>
<arg>${response.json()}</arg>
<doc>Returns the given values which can then be assigned to a variables.</doc>
<status status="PASS" start="2024-04-08T21:12:23.809934" elapsed="0.000463"/>
</kw>
<kw name="Log" owner="BuiltIn">
<msg time="2024-04-08T21:12:23.810865" level="INFO">{'results': [{'gender': 'male', 'name': {'title': 'Mr', 'first': 'Dave', 'last': 'Bates'}, 'location': {'street': {'number': 1650, 'name': 'Manor Road'}, 'city': 'Newry', 'state': 'Tayside', 'country': 'United Kingdom', 'postcode': 'U34 3XN', 'coordinates': {'latitude': '-6.4319', 'longitude': '-125.5678'}, 'timezone': {'offset': '-12:00', 'description': 'Eniwetok, Kwajalein'}}, 'email': 'dave.bates@example.com', 'login': {'uuid': '300269e2-829b-4654-aeb5-a16dd4e7bd78', 'username': 'redgoose702', 'password': 'tribe', 'salt': 'IjKTxvr6', 'md5': '7fff0a0300d069e34f51274edaa8541b', 'sha1': 'd64eea8aa1496fb1c1e8ace65dcda9f6221a138a', 'sha256': '06284fab4b8a5239b0a3592ff8bcbc8671b26579145ed95a1c60221ae742271e'}, 'dob': {'date': '1948-06-21T07:47:52.945Z', 'age': 75}, 'registered': {'date': '2010-06-12T21:50:54.610Z', 'age': 13}, 'phone': '015242 51927', 'cell': '07084 841101', 'id': {'name': 'NINO', 'value': 'KA 14 03 64 J'}, 'picture': {'large': 'https://randomuser.me/api/portraits/men/86.jpg', 'medium': 'https://randomuser.me/api/portraits/med/men/86.jpg', 'thumbnail': 'https://randomuser.me/api/portraits/thumb/men/86.jpg'}, 'nat': 'GB'}], 'info': {'seed': '11727feb600bda37', 'results': 1, 'page': 1, 'version': '1.4'}}</msg>
<arg>${json_data}</arg>
<doc>Logs the given message with the given level.</doc>
<status status="PASS" start="2024-04-08T21:12:23.810708" elapsed="0.000204"/>
</kw>
<kw name="Dictionary Should Contain Key" owner="Collections">
<msg time="2024-04-08T21:12:23.811355" level="INFO">False</msg>
<arg>${json_data}</arg>
<arg>results</arg>
<doc>Fails if ``key`` is not found from ``dictionary``.</doc>
<status status="PASS" start="2024-04-08T21:12:23.811205" elapsed="0.000187"/>
</kw>
<kw name="Should Not Be Empty" owner="BuiltIn">
<msg time="2024-04-08T21:12:23.811817" level="INFO">Length is 2.</msg>
<arg>${json_data}</arg>
<doc>Verifies that the given item is not empty.</doc>
<status status="PASS" start="2024-04-08T21:12:23.811684" elapsed="0.000171"/>
</kw>
<kw name="Create List" owner="BuiltIn">
<msg time="2024-04-08T21:12:23.812291" level="INFO">${expected_keys} = ['gender', 'name', 'location', 'email', 'login']</msg>
<var>${expected_keys}</var>
<arg>gender</arg>
<arg>name</arg>
<arg>location</arg>
<arg>email</arg>
<arg>login</arg>
<doc>Returns a list containing given items.</doc>
<status status="PASS" start="2024-04-08T21:12:23.812142" elapsed="0.000173"/>
</kw>
<for flavor="IN">
<iter>
<kw name="Dictionary Should Contain Key" owner="Collections">
<msg time="2024-04-08T21:12:23.813275" level="INFO">False</msg>
<arg>${json_data['results'][0]}</arg>
<arg>${key}</arg>
<doc>Fails if ``key`` is not found from ``dictionary``.</doc>
<status status="PASS" start="2024-04-08T21:12:23.812870" elapsed="0.000444"/>
</kw>
<kw name="Log" owner="BuiltIn">
<msg time="2024-04-08T21:12:23.814034" level="INFO">{'gender': 'male', 'name': {'title': 'Mr', 'first': 'Dave', 'last': 'Bates'}, 'location': {'street': {'number': 1650, 'name': 'Manor Road'}, 'city': 'Newry', 'state': 'Tayside', 'country': 'United Kingdom', 'postcode': 'U34 3XN', 'coordinates': {'latitude': '-6.4319', 'longitude': '-125.5678'}, 'timezone': {'offset': '-12:00', 'description': 'Eniwetok, Kwajalein'}}, 'email': 'dave.bates@example.com', 'login': {'uuid': '300269e2-829b-4654-aeb5-a16dd4e7bd78', 'username': 'redgoose702', 'password': 'tribe', 'salt': 'IjKTxvr6', 'md5': '7fff0a0300d069e34f51274edaa8541b', 'sha1': 'd64eea8aa1496fb1c1e8ace65dcda9f6221a138a', 'sha256': '06284fab4b8a5239b0a3592ff8bcbc8671b26579145ed95a1c60221ae742271e'}, 'dob': {'date': '1948-06-21T07:47:52.945Z', 'age': 75}, 'registered': {'date': '2010-06-12T21:50:54.610Z', 'age': 13}, 'phone': '015242 51927', 'cell': '07084 841101', 'id': {'name': 'NINO', 'value': 'KA 14 03 64 J'}, 'picture': {'large': 'https://randomuser.me/api/portraits/men/86.jpg', 'medium': 'https://randomuser.me/api/portraits/med/men/86.jpg', 'thumbnail': 'https://randomuser.me/api/portraits/thumb/men/86.jpg'}, 'nat': 'GB'}</msg>
<arg>${json_data['results'][0]}</arg>
<doc>Logs the given message with the given level.</doc>
<status status="PASS" start="2024-04-08T21:12:23.813620" elapsed="0.000469"/>
</kw>
<kw name="Log" owner="BuiltIn">
<msg time="2024-04-08T21:12:23.814528" level="INFO">gender</msg>
<arg>${key}</arg>
<doc>Logs the given message with the given level.</doc>
<status status="PASS" start="2024-04-08T21:12:23.814396" elapsed="0.000171"/>
</kw>
<var name="${key}">gender</var>
<status status="PASS" start="2024-04-08T21:12:23.812746" elapsed="0.002044"/>
</iter>
<iter>
<kw name="Dictionary Should Contain Key" owner="Collections">
<msg time="2024-04-08T21:12:23.815480" level="INFO">False</msg>
<arg>${json_data['results'][0]}</arg>
<arg>${key}</arg>
<doc>Fails if ``key`` is not found from ``dictionary``.</doc>
<status status="PASS" start="2024-04-08T21:12:23.815092" elapsed="0.000426"/>
</kw>
<kw name="Log" owner="BuiltIn">
<msg time="2024-04-08T21:12:23.816202" level="INFO">{'gender': 'male', 'name': {'title': 'Mr', 'first': 'Dave', 'last': 'Bates'}, 'location': {'street': {'number': 1650, 'name': 'Manor Road'}, 'city': 'Newry', 'state': 'Tayside', 'country': 'United Kingdom', 'postcode': 'U34 3XN', 'coordinates': {'latitude': '-6.4319', 'longitude': '-125.5678'}, 'timezone': {'offset': '-12:00', 'description': 'Eniwetok, Kwajalein'}}, 'email': 'dave.bates@example.com', 'login': {'uuid': '300269e2-829b-4654-aeb5-a16dd4e7bd78', 'username': 'redgoose702', 'password': 'tribe', 'salt': 'IjKTxvr6', 'md5': '7fff0a0300d069e34f51274edaa8541b', 'sha1': 'd64eea8aa1496fb1c1e8ace65dcda9f6221a138a', 'sha256': '06284fab4b8a5239b0a3592ff8bcbc8671b26579145ed95a1c60221ae742271e'}, 'dob': {'date': '1948-06-21T07:47:52.945Z', 'age': 75}, 'registered': {'date': '2010-06-12T21:50:54.610Z', 'age': 13}, 'phone': '015242 51927', 'cell': '07084 841101', 'id': {'name': 'NINO', 'value': 'KA 14 03 64 J'}, 'picture': {'large': 'https://randomuser.me/api/portraits/men/86.jpg', 'medium': 'https://randomuser.me/api/portraits/med/men/86.jpg', 'thumbnail': 'https://randomuser.me/api/portraits/thumb/men/86.jpg'}, 'nat': 'GB'}</msg>
<arg>${json_data['results'][0]}</arg>
<doc>Logs the given message with the given level.</doc>
<status status="PASS" start="2024-04-08T21:12:23.815839" elapsed="0.000411"/>
</kw>
<kw name="Log" owner="BuiltIn">
<msg time="2024-04-08T21:12:23.816657" level="INFO">name</msg>
<arg>${key}</arg>
<doc>Logs the given message with the given level.</doc>
<status status="PASS" start="2024-04-08T21:12:23.816538" elapsed="0.000154"/>
</kw>
<var name="${key}">name</var>
<status status="PASS" start="2024-04-08T21:12:23.814977" elapsed="0.001914"/>
</iter>
<iter>
<kw name="Dictionary Should Contain Key" owner="Collections">
<msg time="2024-04-08T21:12:23.817506" level="INFO">False</msg>
<arg>${json_data['results'][0]}</arg>
<arg>${key}</arg>
<doc>Fails if ``key`` is not found from ``dictionary``.</doc>
<status status="PASS" start="2024-04-08T21:12:23.817156" elapsed="0.000385"/>
</kw>
<kw name="Log" owner="BuiltIn">
<msg time="2024-04-08T21:12:23.818200" level="INFO">{'gender': 'male', 'name': {'title': 'Mr', 'first': 'Dave', 'last': 'Bates'}, 'location': {'street': {'number': 1650, 'name': 'Manor Road'}, 'city': 'Newry', 'state': 'Tayside', 'country': 'United Kingdom', 'postcode': 'U34 3XN', 'coordinates': {'latitude': '-6.4319', 'longitude': '-125.5678'}, 'timezone': {'offset': '-12:00', 'description': 'Eniwetok, Kwajalein'}}, 'email': 'dave.bates@example.com', 'login': {'uuid': '300269e2-829b-4654-aeb5-a16dd4e7bd78', 'username': 'redgoose702', 'password': 'tribe', 'salt': 'IjKTxvr6', 'md5': '7fff0a0300d069e34f51274edaa8541b', 'sha1': 'd64eea8aa1496fb1c1e8ace65dcda9f6221a138a', 'sha256': '06284fab4b8a5239b0a3592ff8bcbc8671b26579145ed95a1c60221ae742271e'}, 'dob': {'date': '1948-06-21T07:47:52.945Z', 'age': 75}, 'registered': {'date': '2010-06-12T21:50:54.610Z', 'age': 13}, 'phone': '015242 51927', 'cell': '07084 841101', 'id': {'name': 'NINO', 'value': 'KA 14 03 64 J'}, 'picture': {'large': 'https://randomuser.me/api/portraits/men/86.jpg', 'medium': 'https://randomuser.me/api/portraits/med/men/86.jpg', 'thumbnail': 'https://randomuser.me/api/portraits/thumb/men/86.jpg'}, 'nat': 'GB'}</msg>
<arg>${json_data['results'][0]}</arg>
<doc>Logs the given message with the given level.</doc>
<status status="PASS" start="2024-04-08T21:12:23.817836" elapsed="0.000416"/>
</kw>
<kw name="Log" owner="BuiltIn">
<msg time="2024-04-08T21:12:23.818675" level="INFO">location</msg>
<arg>${key}</arg>
<doc>Logs the given message with the given level.</doc>
<status status="PASS" start="2024-04-08T21:12:23.818548" elapsed="0.000165"/>
</kw>
<var name="${key}">location</var>
<status status="PASS" start="2024-04-08T21:12:23.817053" elapsed="0.001875"/>
</iter>
<iter>
<kw name="Dictionary Should Contain Key" owner="Collections">
<msg time="2024-04-08T21:12:23.819570" level="INFO">False</msg>
<arg>${json_data['results'][0]}</arg>
<arg>${key}</arg>
<doc>Fails if ``key`` is not found from ``dictionary``.</doc>
<status status="PASS" start="2024-04-08T21:12:23.819209" elapsed="0.000395"/>
</kw>
<kw name="Log" owner="BuiltIn">
<msg time="2024-04-08T21:12:23.820215" level="INFO">{'gender': 'male', 'name': {'title': 'Mr', 'first': 'Dave', 'last': 'Bates'}, 'location': {'street': {'number': 1650, 'name': 'Manor Road'}, 'city': 'Newry', 'state': 'Tayside', 'country': 'United Kingdom', 'postcode': 'U34 3XN', 'coordinates': {'latitude': '-6.4319', 'longitude': '-125.5678'}, 'timezone': {'offset': '-12:00', 'description': 'Eniwetok, Kwajalein'}}, 'email': 'dave.bates@example.com', 'login': {'uuid': '300269e2-829b-4654-aeb5-a16dd4e7bd78', 'username': 'redgoose702', 'password': 'tribe', 'salt': 'IjKTxvr6', 'md5': '7fff0a0300d069e34f51274edaa8541b', 'sha1': 'd64eea8aa1496fb1c1e8ace65dcda9f6221a138a', 'sha256': '06284fab4b8a5239b0a3592ff8bcbc8671b26579145ed95a1c60221ae742271e'}, 'dob': {'date': '1948-06-21T07:47:52.945Z', 'age': 75}, 'registered': {'date': '2010-06-12T21:50:54.610Z', 'age': 13}, 'phone': '015242 51927', 'cell': '07084 841101', 'id': {'name': 'NINO', 'value': 'KA 14 03 64 J'}, 'picture': {'large': 'https://randomuser.me/api/portraits/men/86.jpg', 'medium': 'https://randomuser.me/api/portraits/med/men/86.jpg', 'thumbnail': 'https://randomuser.me/api/portraits/thumb/men/86.jpg'}, 'nat': 'GB'}</msg>
<arg>${json_data['results'][0]}</arg>
<doc>Logs the given message with the given level.</doc>
<status status="PASS" start="2024-04-08T21:12:23.819882" elapsed="0.000379"/>
</kw>
<kw name="Log" owner="BuiltIn">
<msg time="2024-04-08T21:12:23.820689" level="INFO">email</msg>
<arg>${key}</arg>
<doc>Logs the given message with the given level.</doc>
<status status="PASS" start="2024-04-08T21:12:23.820559" elapsed="0.000167"/>
</kw>
<var name="${key}">email</var>
<status status="PASS" start="2024-04-08T21:12:23.819099" elapsed="0.001841"/>
</iter>
<iter>
<kw name="Dictionary Should Contain Key" owner="Collections">
<msg time="2024-04-08T21:12:23.821602" level="INFO">False</msg>
<arg>${json_data['results'][0]}</arg>
<arg>${key}</arg>
<doc>Fails if ``key`` is not found from ``dictionary``.</doc>
<status status="PASS" start="2024-04-08T21:12:23.821223" elapsed="0.000416"/>
</kw>
<kw name="Log" owner="BuiltIn">
<msg time="2024-04-08T21:12:23.822328" level="INFO">{'gender': 'male', 'name': {'title': 'Mr', 'first': 'Dave', 'last': 'Bates'}, 'location': {'street': {'number': 1650, 'name': 'Manor Road'}, 'city': 'Newry', 'state': 'Tayside', 'country': 'United Kingdom', 'postcode': 'U34 3XN', 'coordinates': {'latitude': '-6.4319', 'longitude': '-125.5678'}, 'timezone': {'offset': '-12:00', 'description': 'Eniwetok, Kwajalein'}}, 'email': 'dave.bates@example.com', 'login': {'uuid': '300269e2-829b-4654-aeb5-a16dd4e7bd78', 'username': 'redgoose702', 'password': 'tribe', 'salt': 'IjKTxvr6', 'md5': '7fff0a0300d069e34f51274edaa8541b', 'sha1': 'd64eea8aa1496fb1c1e8ace65dcda9f6221a138a', 'sha256': '06284fab4b8a5239b0a3592ff8bcbc8671b26579145ed95a1c60221ae742271e'}, 'dob': {'date': '1948-06-21T07:47:52.945Z', 'age': 75}, 'registered': {'date': '2010-06-12T21:50:54.610Z', 'age': 13}, 'phone': '015242 51927', 'cell': '07084 841101', 'id': {'name': 'NINO', 'value': 'KA 14 03 64 J'}, 'picture': {'large': 'https://randomuser.me/api/portraits/men/86.jpg', 'medium': 'https://randomuser.me/api/portraits/med/men/86.jpg', 'thumbnail': 'https://randomuser.me/api/portraits/thumb/men/86.jpg'}, 'nat': 'GB'}</msg>
<arg>${json_data['results'][0]}</arg>
<doc>Logs the given message with the given level.</doc>
<status status="PASS" start="2024-04-08T21:12:23.821969" elapsed="0.000406"/>
</kw>
<kw name="Log" owner="BuiltIn">
<msg time="2024-04-08T21:12:23.822766" level="INFO">login</msg>
<arg>${key}</arg>
<doc>Logs the given message with the given level.</doc>
<status status="PASS" start="2024-04-08T21:12:23.822649" elapsed="0.000157"/>
</kw>
<var name="${key}">login</var>
<status status="PASS" start="2024-04-08T21:12:23.821112" elapsed="0.001899"/>
</iter>
<var>${key}</var>
<value>@{expected_keys}</value>
<status status="PASS" start="2024-04-08T21:12:23.812566" elapsed="0.010581"/>
</for>
<kw name="Create List" owner="BuiltIn">
<msg time="2024-04-08T21:12:23.823480" level="INFO">${expected_keysTwo} = ['username', 'password']</msg>
<var>${expected_keysTwo}</var>
<arg>username</arg>
<arg>password</arg>
<doc>Returns a list containing given items.</doc>
<status status="PASS" start="2024-04-08T21:12:23.823342" elapsed="0.000161"/>
</kw>
<for flavor="IN">
<iter>
<kw name="Dictionary Should Contain Key" owner="Collections">
<msg time="2024-04-08T21:12:23.824505" level="INFO">False</msg>
<arg>${json_data['results'][0]['login']}</arg>
<arg>${keyTwo}</arg>
<doc>Fails if ``key`` is not found from ``dictionary``.</doc>
<status status="PASS" start="2024-04-08T21:12:23.824108" elapsed="0.000435"/>
</kw>
<kw name="Dictionary Should Contain Key" owner="Collections">
<msg time="2024-04-08T21:12:23.825222" level="INFO">False</msg>
<arg>${json_data['results'][0]['login']}</arg>
<arg>${keyTwo}</arg>
<doc>Fails if ``key`` is not found from ``dictionary``.</doc>
<status status="PASS" start="2024-04-08T21:12:23.824844" elapsed="0.000415"/>
</kw>
<kw name="Log" owner="BuiltIn">
<msg time="2024-04-08T21:12:23.825680" level="INFO">username</msg>
<arg>${keyTwo}</arg>
<doc>Logs the given message with the given level.</doc>
<status status="PASS" start="2024-04-08T21:12:23.825553" elapsed="0.000164"/>
</kw>
<var name="${keyTwo}">username</var>
<status status="PASS" start="2024-04-08T21:12:23.823993" elapsed="0.001966"/>
</iter>
<iter>
<kw name="Dictionary Should Contain Key" owner="Collections">
<msg time="2024-04-08T21:12:23.826616" level="INFO">False</msg>
<arg>${json_data['results'][0]['login']}</arg>
<arg>${keyTwo}</arg>
<doc>Fails if ``key`` is not found from ``dictionary``.</doc>
<status status="PASS" start="2024-04-08T21:12:23.826243" elapsed="0.000411"/>
</kw>
<kw name="Dictionary Should Contain Key" owner="Collections">
<msg time="2024-04-08T21:12:23.827330" level="INFO">False</msg>
<arg>${json_data['results'][0]['login']}</arg>
<arg>${keyTwo}</arg>
<doc>Fails if ``key`` is not found from ``dictionary``.</doc>
<status status="PASS" start="2024-04-08T21:12:23.826947" elapsed="0.000420"/>
</kw>
<kw name="Log" owner="BuiltIn">
<msg time="2024-04-08T21:12:23.827784" level="INFO">password</msg>
<arg>${keyTwo}</arg>
<doc>Logs the given message with the given level.</doc>
<status status="PASS" start="2024-04-08T21:12:23.827658" elapsed="0.000164"/>
</kw>
<var name="${keyTwo}">password</var>
<status status="PASS" start="2024-04-08T21:12:23.826131" elapsed="0.001907"/>
</iter>
<var>${keyTwo}</var>
<value>@{expected_keysTwo}</value>
<status status="PASS" start="2024-04-08T21:12:23.823742" elapsed="0.004417"/>
</for>
<status status="PASS" start="2024-04-08T21:12:23.507530" elapsed="0.320766"/>
</kw>
<doc>Testa a estrutura da resposta da API.</doc>
<tag>testeEstruturaResposta</tag>
<status status="PASS" start="2024-04-08T21:12:23.506936" elapsed="0.321513"/>
</test>
<test id="s1-s1-t4" name="Validar tipos de dados" line="28">
<kw name="Teste de Tipos de Dados" owner="random-user-service">
<kw name="GET On Session" owner="RequestsLibrary">
<msg time="2024-04-08T21:12:23.928310" level="INFO">GET Request : url=https://randomuser.me/api 
 path_url=/api 
 headers={'User-Agent': 'python-requests/2.31.0', 'Accept-Encoding': 'gzip, deflate', 'Accept': '*/*', 'Connection': 'keep-alive'} 
 body=None 
 </msg>
<msg time="2024-04-08T21:12:23.928394" level="INFO">GET Response : url=https://randomuser.me/api 
 status=200, reason=OK 
 headers={'Date': 'Mon, 08 Apr 2024 21:12:23 GMT', 'Content-Type': 'application/json; charset=utf-8', 'Transfer-Encoding': 'chunked', 'Connection': 'keep-alive', 'X-Powered-By': 'Express', 'Access-Control-Allow-Origin': '*', 'Cache-Control': 'no-cache', 'ETag': 'W/"49a-x1B11sQ0VCNhQtuxI9+zAzYjEZY"', 'Vary': 'Accept-Encoding', 'Content-Encoding': 'gzip', 'CF-Cache-Status': 'DYNAMIC', 'Report-To': '{"endpoints":[{"url":"https:\\/\\/a.nel.cloudflare.com\\/report\\/v4?s=Jv4XTzIz351IN9lPBxx3ZQE5NQxgergrxc6bIaFqSO0Io1smOFvzOypcEj0wDnpLZjclg6JoSK0rYr%2BPRy7i%2FgWNJiyMeIwobA7UJzJD9z7BlfvKROIG681sJctdETQ6"}],"group":"cf-nel","max_age":604800}', 'NEL': '{"success_fraction":0,"report_to":"cf-nel","max_age":604800}', 'Server': 'cloudflare', 'CF-RAY': '8715415cfb845220-LAX', 'alt-svc': 'h3=":443"; ma=86400'} 
 body={"results":[{"gender":"female","name":{"title":"Mademoiselle","first":"Priska","last":"Gonzalez"},"location":{"street":{"number":1158,"name":"Avenue Goerges Clémenceau"},"city":"Vallon","state":"Zürich","country":"Switzerland","postcode":3490,"coordinates":{"latitude":"-55.8944","longitude":"59.7407"},"timezone":{"offset":"+4:30","description":"Kabul"}},"email":"priska.gonzalez@example.com","login":{"uuid":"c65a11ef-88c4-4fb1-8e17-acd8c74326a5","username":"heavyostrich799","password":"alicia","salt":"HYq7RfW6","md5":"a7d0351905ee2385a550ba96e6e2b339","sha1":"13c511ef97f999fc04000aef73f2ec525fa730b3","sha256":"d307035eeda94a6083091568c7dc293c6c86ae8676c1380be9f0d127083038d6"},"dob":{"date":"1993-05-22T23:57:45.368Z","age":30},"registered":{"date":"2013-07-03T19:22:35.249Z","age":10},"phone":"076 146 32 39","cell":"077 966 08 23","id":{"name":"AVS","value":"756.7538.1308.18"},"picture":{"large":"https://randomuser.me/api/portraits/women/74.jpg","medium":"https://randomuser.me/api/portraits/med/women/74.jpg","thumbnail":"https://randomuser.me/api/portraits/thumb/women/74.jpg"},"nat":"CH"}],"info":{"seed":"378c83eed4aeb64f","results":1,"page":1,"version":"1.4"}} 
 </msg>
<msg time="2024-04-08T21:12:23.928471" level="INFO">/opt/hostedtoolcache/Python/3.12.2/x64/lib/python3.12/site-packages/urllib3/connectionpool.py:1103: InsecureRequestWarning: Unverified HTTPS request is being made to host 'randomuser.me'. Adding certificate verification is strongly advised. See: https://urllib3.readthedocs.io/en/latest/advanced-usage.html#tls-warnings
  warnings.warn(</msg>
<msg time="2024-04-08T21:12:23.928585" level="INFO">${response} = &lt;Response [200]&gt;</msg>
<var>${response}</var>
<arg>consultarAPI</arg>
<arg>/api</arg>
<doc>Sends a GET request on a previously created HTTP Session.</doc>
<status status="PASS" start="2024-04-08T21:12:23.830833" elapsed="0.097786"/>
</kw>
<kw name="Set Variable" owner="BuiltIn">
<msg time="2024-04-08T21:12:23.929453" level="INFO">${json_data} = {'results': [{'gender': 'female', 'name': {'title': 'Mademoiselle', 'first': 'Priska', 'last': 'Gonzalez'}, 'location': {'street': {'number': 1158, 'name': 'Avenue Goerges Clémenceau'}, 'city': 'Vallo...</msg>
<var>${json_data}</var>
<arg>${response.json()}</arg>
<doc>Returns the given values which can then be assigned to a variables.</doc>
<status status="PASS" start="2024-04-08T21:12:23.928997" elapsed="0.000485"/>
</kw>
<kw name="Log" owner="BuiltIn">
<msg time="2024-04-08T21:12:23.930002" level="INFO">{'results': [{'gender': 'female', 'name': {'title': 'Mademoiselle', 'first': 'Priska', 'last': 'Gonzalez'}, 'location': {'street': {'number': 1158, 'name': 'Avenue Goerges Clémenceau'}, 'city': 'Vallon', 'state': 'Zürich', 'country': 'Switzerland', 'postcode': 3490, 'coordinates': {'latitude': '-55.8944', 'longitude': '59.7407'}, 'timezone': {'offset': '+4:30', 'description': 'Kabul'}}, 'email': 'priska.gonzalez@example.com', 'login': {'uuid': 'c65a11ef-88c4-4fb1-8e17-acd8c74326a5', 'username': 'heavyostrich799', 'password': 'alicia', 'salt': 'HYq7RfW6', 'md5': 'a7d0351905ee2385a550ba96e6e2b339', 'sha1': '13c511ef97f999fc04000aef73f2ec525fa730b3', 'sha256': 'd307035eeda94a6083091568c7dc293c6c86ae8676c1380be9f0d127083038d6'}, 'dob': {'date': '1993-05-22T23:57:45.368Z', 'age': 30}, 'registered': {'date': '2013-07-03T19:22:35.249Z', 'age': 10}, 'phone': '076 146 32 39', 'cell': '077 966 08 23', 'id': {'name': 'AVS', 'value': '756.7538.1308.18'}, 'picture': {'large': 'https://randomuser.me/api/portraits/women/74.jpg', 'medium': 'https://randomuser.me/api/portraits/med/women/74.jpg', 'thumbnail': 'https://randomuser.me/api/portraits/thumb/women/74.jpg'}, 'nat': 'CH'}], 'info': {'seed': '378c83eed4aeb64f', 'results': 1, 'page': 1, 'version': '1.4'}}</msg>
<arg>${json_data}</arg>
<doc>Logs the given message with the given level.</doc>
<status status="PASS" start="2024-04-08T21:12:23.929840" elapsed="0.000243"/>
</kw>
<kw name="Should Be String" owner="String">
<arg>${json_data['results'][0]['gender']}</arg>
<doc>Fails if the given ``item`` is not a string.</doc>
<status status="PASS" start="2024-04-08T21:12:23.930382" elapsed="0.000365"/>
</kw>
<kw name="Should Match Regexp" owner="BuiltIn">
<arg>${json_data['results'][0]['email']}</arg>
<arg>^[a-zA-Z0-9._%+-]+@[a-zA-Z0-9.-]+\.[a-zA-Z]{2,}$</arg>
<doc>Fails if ``string`` does not match ``pattern`` as a regular expression.</doc>
<status status="PASS" start="2024-04-08T21:12:23.930938" elapsed="0.000495"/>
</kw>
<kw name="Should Match Regexp" owner="BuiltIn">
<arg>${json_data['results'][0]['dob']['date']}</arg>
<arg>\\d{4}-\\d{2}-\\d{2}T\\d{2}:\\d{2}:\\d{2}\\.\\d{3}Z</arg>
<doc>Fails if ``string`` does not match ``pattern`` as a regular expression.</doc>
<status status="PASS" start="2024-04-08T21:12:23.931628" elapsed="0.000484"/>
</kw>
<kw name="Should Match Regexp" owner="BuiltIn">
<arg>${json_data['results'][0]['registered']['date']}</arg>
<arg>\\d{4}-\\d{2}-\\d{2}T\\d{2}:\\d{2}:\\d{2}\\.\\d{3}Z</arg>
<doc>Fails if ``string`` does not match ``pattern`` as a regular expression.</doc>
<status status="PASS" start="2024-04-08T21:12:23.932308" elapsed="0.000369"/>
</kw>
<kw name="Should Match Regexp" owner="BuiltIn">
<arg>${json_data['results'][0]['picture']['large']}</arg>
<arg>^https?://.*\.(?:png|jpe?g|gif|bmp)$</arg>
<doc>Fails if ``string`` does not match ``pattern`` as a regular expression.</doc>
<status status="PASS" start="2024-04-08T21:12:23.932863" elapsed="0.000458"/>
</kw>
<kw name="Should Match Regexp" owner="BuiltIn">
<arg>${json_data['results'][0]['picture']['medium']}</arg>
<arg>^https?://.*\.(?:png|jpe?g|gif|bmp)$</arg>
<doc>Fails if ``string`` does not match ``pattern`` as a regular expression.</doc>
<status status="PASS" start="2024-04-08T21:12:23.933509" elapsed="0.000382"/>
</kw>
<kw name="Should Match Regexp" owner="BuiltIn">
<arg>${json_data['results'][0]['picture']['thumbnail']}</arg>
<arg>^https?://.*\.(?:png|jpe?g|gif|bmp)$</arg>
<doc>Fails if ``string`` does not match ``pattern`` as a regular expression.</doc>
<status status="PASS" start="2024-04-08T21:12:23.934075" elapsed="0.000345"/>
</kw>
<kw name="Log" owner="BuiltIn">
<msg time="2024-04-08T21:12:23.934949" level="INFO">{'large': 'https://randomuser.me/api/portraits/women/74.jpg', 'medium': 'https://randomuser.me/api/portraits/med/women/74.jpg', 'thumbnail': 'https://randomuser.me/api/portraits/thumb/women/74.jpg'}</msg>
<arg>${json_data['results'][0]['picture']}</arg>
<doc>Logs the given message with the given level.</doc>
<status status="PASS" start="2024-04-08T21:12:23.934601" elapsed="0.000390"/>
</kw>
<status status="PASS" start="2024-04-08T21:12:23.830613" elapsed="0.104639"/>
</kw>
<kw name="Teste de Tipos de Dados - Postcode" owner="random-user-service">
<kw name="GET On Session" owner="RequestsLibrary">
<msg time="2024-04-08T21:12:24.037402" level="INFO">GET Request : url=https://randomuser.me/api 
 path_url=/api 
 headers={'User-Agent': 'python-requests/2.31.0', 'Accept-Encoding': 'gzip, deflate', 'Accept': '*/*', 'Connection': 'keep-alive'} 
 body=None 
 </msg>
<msg time="2024-04-08T21:12:24.037486" level="INFO">GET Response : url=https://randomuser.me/api 
 status=200, reason=OK 
 headers={'Date': 'Mon, 08 Apr 2024 21:12:24 GMT', 'Content-Type': 'application/json; charset=utf-8', 'Transfer-Encoding': 'chunked', 'Connection': 'keep-alive', 'X-Powered-By': 'Express', 'Access-Control-Allow-Origin': '*', 'Cache-Control': 'no-cache', 'ETag': 'W/"469-rk5HqOPuoObd0iO2Q1qKD1IzT4A"', 'Vary': 'Accept-Encoding', 'Content-Encoding': 'gzip', 'CF-Cache-Status': 'DYNAMIC', 'Report-To': '{"endpoints":[{"url":"https:\\/\\/a.nel.cloudflare.com\\/report\\/v4?s=BtXdSffsODLW%2BKUX3jcGx5uIZfuKSWYPjSmg9ufA8yoC%2FYSxJtZ6%2BVaT6WvxE%2BnuJ0orHESkhYK55%2BohvbiVDPXTBNRPiN9HlOJfwxH2d6ILWNHwyBdJPXcbLAFErRbP"}],"group":"cf-nel","max_age":604800}', 'NEL': '{"success_fraction":0,"report_to":"cf-nel","max_age":604800}', 'Server': 'cloudflare', 'CF-RAY': '8715415dac095220-LAX', 'alt-svc': 'h3=":443"; ma=86400'} 
 body={"results":[{"gender":"female","name":{"title":"Ms","first":"Asmee","last":"Rao"},"location":{"street":{"number":5006,"name":"Old Jail Rd"},"city":"Nashik","state":"Karnataka","country":"India","postcode":31777,"coordinates":{"latitude":"9.7366","longitude":"136.0034"},"timezone":{"offset":"-3:30","description":"Newfoundland"}},"email":"asmee.rao@example.com","login":{"uuid":"2cc589a7-3f9d-415b-b4e4-0d4b000d2619","username":"brownbear863","password":"uranus","salt":"8KYhuT8q","md5":"6925d58a407e4ea3605cd8942096e66b","sha1":"43d98669f9085c1ff34f822751132b8dffeed6a5","sha256":"b824123aebceb57bd4b1ffe9e1d6b0f9db6ee3ff1c1db6460f26888ccd686489"},"dob":{"date":"1960-05-31T09:14:10.933Z","age":63},"registered":{"date":"2016-08-13T17:15:52.456Z","age":7},"phone":"7081305778","cell":"7298116581","id":{"name":"UIDAI","value":"013598857843"},"picture":{"large":"https://randomuser.me/api/portraits/women/4.jpg","medium":"https://randomuser.me/api/portraits/med/women/4.jpg","thumbnail":"https://randomuser.me/api/portraits/thumb/women/4.jpg"},"nat":"IN"}],"info":{"seed":"6e738176f50f3966","results":1,"page":1,"version":"1.4"}} 
 </msg>
<msg time="2024-04-08T21:12:24.037574" level="INFO">/opt/hostedtoolcache/Python/3.12.2/x64/lib/python3.12/site-packages/urllib3/connectionpool.py:1103: InsecureRequestWarning: Unverified HTTPS request is being made to host 'randomuser.me'. Adding certificate verification is strongly advised. See: https://urllib3.readthedocs.io/en/latest/advanced-usage.html#tls-warnings
  warnings.warn(</msg>
<msg time="2024-04-08T21:12:24.037691" level="INFO">${response} = &lt;Response [200]&gt;</msg>
<var>${response}</var>
<arg>consultarAPI</arg>
<arg>/api</arg>
<doc>Sends a GET request on a previously created HTTP Session.</doc>
<status status="PASS" start="2024-04-08T21:12:23.935687" elapsed="0.102046"/>
</kw>
<kw name="Set Variable" owner="BuiltIn">
<msg time="2024-04-08T21:12:24.038600" level="INFO">${json_data} = {'results': [{'gender': 'female', 'name': {'title': 'Ms', 'first': 'Asmee', 'last': 'Rao'}, 'location': {'street': {'number': 5006, 'name': 'Old Jail Rd'}, 'city': 'Nashik', 'state': 'Karnataka', 'cou...</msg>
<var>${json_data}</var>
<arg>${response.json()}</arg>
<doc>Returns the given values which can then be assigned to a variables.</doc>
<status status="PASS" start="2024-04-08T21:12:24.038170" elapsed="0.000457"/>
</kw>
<kw name="Log" owner="BuiltIn">
<msg time="2024-04-08T21:12:24.039078" level="INFO">{'results': [{'gender': 'female', 'name': {'title': 'Ms', 'first': 'Asmee', 'last': 'Rao'}, 'location': {'street': {'number': 5006, 'name': 'Old Jail Rd'}, 'city': 'Nashik', 'state': 'Karnataka', 'country': 'India', 'postcode': 31777, 'coordinates': {'latitude': '9.7366', 'longitude': '136.0034'}, 'timezone': {'offset': '-3:30', 'description': 'Newfoundland'}}, 'email': 'asmee.rao@example.com', 'login': {'uuid': '2cc589a7-3f9d-415b-b4e4-0d4b000d2619', 'username': 'brownbear863', 'password': 'uranus', 'salt': '8KYhuT8q', 'md5': '6925d58a407e4ea3605cd8942096e66b', 'sha1': '43d98669f9085c1ff34f822751132b8dffeed6a5', 'sha256': 'b824123aebceb57bd4b1ffe9e1d6b0f9db6ee3ff1c1db6460f26888ccd686489'}, 'dob': {'date': '1960-05-31T09:14:10.933Z', 'age': 63}, 'registered': {'date': '2016-08-13T17:15:52.456Z', 'age': 7}, 'phone': '7081305778', 'cell': '7298116581', 'id': {'name': 'UIDAI', 'value': '013598857843'}, 'picture': {'large': 'https://randomuser.me/api/portraits/women/4.jpg', 'medium': 'https://randomuser.me/api/portraits/med/women/4.jpg', 'thumbnail': 'https://randomuser.me/api/portraits/thumb/women/4.jpg'}, 'nat': 'IN'}], 'info': {'seed': '6e738176f50f3966', 'results': 1, 'page': 1, 'version': '1.4'}}</msg>
<arg>${json_data}</arg>
<doc>Logs the given message with the given level.</doc>
<status status="PASS" start="2024-04-08T21:12:24.038927" elapsed="0.000227"/>
</kw>
<kw name="Should Be Equal As Numbers" owner="BuiltIn">
<arg>${json_data['results'][0]['location']['postcode']}</arg>
<arg>${json_data['results'][0]['location']['postcode']}</arg>
<doc>Fails if objects are unequal after converting them to real numbers.</doc>
<status status="PASS" start="2024-04-08T21:12:24.039453" elapsed="0.000613"/>
</kw>
<kw name="Log" owner="BuiltIn">
<msg time="2024-04-08T21:12:24.040588" level="INFO">31777</msg>
<arg>${json_data['results'][0]['location']['postcode']}</arg>
<doc>Logs the given message with the given level.</doc>
<status status="PASS" start="2024-04-08T21:12:24.040257" elapsed="0.000371"/>
</kw>
<status status="PASS" start="2024-04-08T21:12:23.935460" elapsed="0.105419"/>
</kw>
<doc>Testa se os tipos de dados na resposta da API estão corretos.</doc>
<tag>testeTiposDados</tag>
<status status="PASS" start="2024-04-08T21:12:23.830197" elapsed="0.210840"/>
</test>
<test id="s1-s1-t5" name="Validar conteudo" line="35">
<kw name="Teste de Tipos de Conteudo" owner="random-user-service">
<kw name="GET On Session" owner="RequestsLibrary">
<msg time="2024-04-08T21:12:24.136017" level="INFO">GET Request : url=https://randomuser.me/api 
 path_url=/api 
 headers={'User-Agent': 'python-requests/2.31.0', 'Accept-Encoding': 'gzip, deflate', 'Accept': '*/*', 'Connection': 'keep-alive'} 
 body=None 
 </msg>
<msg time="2024-04-08T21:12:24.136081" level="INFO">GET Response : url=https://randomuser.me/api 
 status=200, reason=OK 
 headers={'Date': 'Mon, 08 Apr 2024 21:12:24 GMT', 'Content-Type': 'application/json; charset=utf-8', 'Transfer-Encoding': 'chunked', 'Connection': 'keep-alive', 'X-Powered-By': 'Express', 'Access-Control-Allow-Origin': '*', 'Cache-Control': 'no-cache', 'ETag': 'W/"47e-MUOufyFGjbQgTHYSUOlyT5pT1vA"', 'Vary': 'Accept-Encoding', 'Content-Encoding': 'gzip', 'CF-Cache-Status': 'DYNAMIC', 'Report-To': '{"endpoints":[{"url":"https:\\/\\/a.nel.cloudflare.com\\/report\\/v4?s=CyVHQ3mKod%2FD2WOuqgpSm%2BaIL5YY1Y7muV0SOn7OJtPdgtoOiaRW1AUu4xM%2BBoo82zJfoT8RTZyYIRRxhQqTG3GjQqNKf15TKIBFWWKXPIqBSW6r2QLPcE%2FX9vhKgN0R"}],"group":"cf-nel","max_age":604800}', 'NEL': '{"success_fraction":0,"report_to":"cf-nel","max_age":604800}', 'Server': 'cloudflare', 'CF-RAY': '8715415e4ca05220-LAX', 'alt-svc': 'h3=":443"; ma=86400'} 
 body={"results":[{"gender":"male","name":{"title":"Mr","first":"Borislav","last":"Anđelković"},"location":{"street":{"number":6550,"name":"Pavla Nikolića"},"city":"Priština","state":"North Bačka","country":"Serbia","postcode":18516,"coordinates":{"latitude":"60.5915","longitude":"-175.8451"},"timezone":{"offset":"+4:30","description":"Kabul"}},"email":"borislav.andelkovic@example.com","login":{"uuid":"10aaaa71-a3e9-4559-b656-00e5476b7188","username":"greengoose136","password":"geng","salt":"Nn3MxvLR","md5":"b685223518b199f6871258ad959e1eab","sha1":"2748c4affbf872088ef732211f7c34066adea72d","sha256":"00765437c071466201eed92a9f88aab356acbb7cfbb42b08bc126674d81d9851"},"dob":{"date":"1946-03-22T08:55:51.307Z","age":78},"registered":{"date":"2020-11-20T01:47:35.363Z","age":3},"phone":"014-4741-550","cell":"067-7466-582","id":{"name":"SID","value":"494734590"},"picture":{"large":"https://randomuser.me/api/portraits/men/33.jpg","medium":"https://randomuser.me/api/portraits/med/men/33.jpg","thumbnail":"https://randomuser.me/api/portraits/thumb/men/33.jpg"},"nat":"RS"}],"info":{"seed":"fb7419a26a6639fb","results":1,"page":1,"version":"1.4"}} 
 </msg>
<msg time="2024-04-08T21:12:24.136139" level="INFO">/opt/hostedtoolcache/Python/3.12.2/x64/lib/python3.12/site-packages/urllib3/connectionpool.py:1103: InsecureRequestWarning: Unverified HTTPS request is being made to host 'randomuser.me'. Adding certificate verification is strongly advised. See: https://urllib3.readthedocs.io/en/latest/advanced-usage.html#tls-warnings
  warnings.warn(</msg>
<msg time="2024-04-08T21:12:24.136223" level="INFO">${response} = &lt;Response [200]&gt;</msg>
<var>${response}</var>
<arg>consultarAPI</arg>
<arg>/api</arg>
<doc>Sends a GET request on a previously created HTTP Session.</doc>
<status status="PASS" start="2024-04-08T21:12:24.043441" elapsed="0.092810"/>
</kw>
<kw name="Set Variable" owner="BuiltIn">
<msg time="2024-04-08T21:12:24.137094" level="INFO">${json_data} = {'results': [{'gender': 'male', 'name': {'title': 'Mr', 'first': 'Borislav', 'last': 'Anđelković'}, 'location': {'street': {'number': 6550, 'name': 'Pavla Nikolića'}, 'city': 'Priština', 'state': 'Nor...</msg>
<var>${json_data}</var>
<arg>${response.json()}</arg>
<doc>Returns the given values which can then be assigned to a variables.</doc>
<status status="PASS" start="2024-04-08T21:12:24.136638" elapsed="0.000487"/>
</kw>
<kw name="Set Variable" owner="BuiltIn">
<msg time="2024-04-08T21:12:24.137856" level="INFO">${name_title} = Mr</msg>
<var>${name_title}</var>
<arg>${json_data["results"][0]["name"]["title"]}</arg>
<doc>Returns the given values which can then be assigned to a variables.</doc>
<status status="PASS" start="2024-04-08T21:12:24.137430" elapsed="0.000453"/>
</kw>
<kw name="Create List" owner="BuiltIn">
<msg time="2024-04-08T21:12:24.138332" level="INFO">${allowed_titles} = ['Mr', 'Ms', 'Miss', 'Mrs', 'Madame', 'Monsieur']</msg>
<var>${allowed_titles}</var>
<arg>Mr</arg>
<arg>Ms</arg>
<arg>Miss</arg>
<arg>Mrs</arg>
<arg>Madame</arg>
<arg>Monsieur</arg>
<doc>Returns a list containing given items.</doc>
<status status="PASS" start="2024-04-08T21:12:24.138182" elapsed="0.000175"/>
</kw>
<kw name="List Should Contain Value" owner="Collections">
<msg time="2024-04-08T21:12:24.138828" level="INFO">False</msg>
<arg>${allowed_titles}</arg>
<arg>${name_title}</arg>
<doc>Fails if the ``value`` is not found from ``list``.</doc>
<status status="PASS" start="2024-04-08T21:12:24.138661" elapsed="0.000204"/>
</kw>
<kw name="Set Variable" owner="BuiltIn">
<msg time="2024-04-08T21:12:24.139536" level="INFO">${name_country} = RS</msg>
<var>${name_country}</var>
<arg>${json_data["results"][0]["nat"]}</arg>
<doc>Returns the given values which can then be assigned to a variables.</doc>
<status status="PASS" start="2024-04-08T21:12:24.139159" elapsed="0.000402"/>
</kw>
<kw name="Create List" owner="BuiltIn">
<msg time="2024-04-08T21:12:24.140432" level="INFO">${list_country} = ['AD', 'AE', 'AF', 'AG', 'AI', 'AL', 'AM', 'AO', 'AQ', 'AR', 'AS', 'AT', 'AU', 'AW', 'AX', 'AZ', 'BA', 'BB', 'BD', 'BE', 'BF', 'BG', 'BH', 'BI', 'BJ', 'BL', 'BM', 'BN', 'BO', 'BQ', 'BR', 'BS', 'BT', '...</msg>
<var>${list_country}</var>
<arg>AD</arg>
<arg>AE</arg>
<arg>AF</arg>
<arg>AG</arg>
<arg>AI</arg>
<arg>AL</arg>
<arg>AM</arg>
<arg>AO</arg>
<arg>AQ</arg>
<arg>AR</arg>
<arg>AS</arg>
<arg>AT</arg>
<arg>AU</arg>
<arg>AW</arg>
<arg>AX</arg>
<arg>AZ</arg>
<arg>BA</arg>
<arg>BB</arg>
<arg>BD</arg>
<arg>BE</arg>
<arg>BF</arg>
<arg>BG</arg>
<arg>BH</arg>
<arg>BI</arg>
<arg>BJ</arg>
<arg>BL</arg>
<arg>BM</arg>
<arg>BN</arg>
<arg>BO</arg>
<arg>BQ</arg>
<arg>BR</arg>
<arg>BS</arg>
<arg>BT</arg>
<arg>BV</arg>
<arg>BW</arg>
<arg>BY</arg>
<arg>BZ</arg>
<arg>CA</arg>
<arg>CC</arg>
<arg>CD</arg>
<arg>CF</arg>
<arg>CG</arg>
<arg>CH</arg>
<arg>CI</arg>
<arg>CK</arg>
<arg>CL</arg>
<arg>CM</arg>
<arg>CN</arg>
<arg>CO</arg>
<arg>CR</arg>
<arg>CU</arg>
<arg>CV</arg>
<arg>CW</arg>
<arg>CX</arg>
<arg>CY</arg>
<arg>CZ</arg>
<arg>DE</arg>
<arg>DJ</arg>
<arg>DK</arg>
<arg>DM</arg>
<arg>DO</arg>
<arg>DZ</arg>
<arg>EC</arg>
<arg>EE</arg>
<arg>EG</arg>
<arg>EH</arg>
<arg>ER</arg>
<arg>ES</arg>
<arg>ET</arg>
<arg>FI</arg>
<arg>FJ</arg>
<arg>FK</arg>
<arg>FM</arg>
<arg>FO</arg>
<arg>FR</arg>
<arg>GA</arg>
<arg>GB</arg>
<arg>GD</arg>
<arg>GE</arg>
<arg>GF</arg>
<arg>GG</arg>
<arg>GH</arg>
<arg>GI</arg>
<arg>GL</arg>
<arg>GM</arg>
<arg>GN</arg>
<arg>GP</arg>
<arg>GQ</arg>
<arg>GR</arg>
<arg>GS</arg>
<arg>GT</arg>
<arg>GU</arg>
<arg>GW</arg>
<arg>GY</arg>
<arg>HK</arg>
<arg>HM</arg>
<arg>HN</arg>
<arg>HR</arg>
<arg>HT</arg>
<arg>HU</arg>
<arg>ID</arg>
<arg>IE</arg>
<arg>IL</arg>
<arg>IM</arg>
<arg>IN</arg>
<arg>IO</arg>
<arg>IQ</arg>
<arg>IR</arg>
<arg>IS</arg>
<arg>IT</arg>
<arg>JE</arg>
<arg>JM</arg>
<arg>JO</arg>
<arg>JP</arg>
<arg>KE</arg>
<arg>KG</arg>
<arg>KH</arg>
<arg>KI</arg>
<arg>KM</arg>
<arg>KN</arg>
<arg>KP</arg>
<arg>KR</arg>
<arg>KW</arg>
<arg>KY</arg>
<arg>KZ</arg>
<arg>LA</arg>
<arg>LB</arg>
<arg>LC</arg>
<arg>LI</arg>
<arg>LK</arg>
<arg>LR</arg>
<arg>LS</arg>
<arg>LT</arg>
<arg>LU</arg>
<arg>LV</arg>
<arg>LY</arg>
<arg>MA</arg>
<arg>MC</arg>
<arg>MD</arg>
<arg>ME</arg>
<arg>MF</arg>
<arg>MG</arg>
<arg>MH</arg>
<arg>MK</arg>
<arg>ML</arg>
<arg>MM</arg>
<arg>MN</arg>
<arg>MO</arg>
<arg>MP</arg>
<arg>MQ</arg>
<arg>MR</arg>
<arg>MS</arg>
<arg>MT</arg>
<arg>MU</arg>
<arg>MV</arg>
<arg>MW</arg>
<arg>MX</arg>
<arg>MY</arg>
<arg>MZ</arg>
<arg>NA</arg>
<arg>NC</arg>
<arg>NE</arg>
<arg>NF</arg>
<arg>NG</arg>
<arg>NI</arg>
<arg>NL</arg>
<arg>NO</arg>
<arg>NP</arg>
<arg>NR</arg>
<arg>NU</arg>
<arg>NZ</arg>
<arg>OM</arg>
<arg>PA</arg>
<arg>PE</arg>
<arg>PF</arg>
<arg>PG</arg>
<arg>PH</arg>
<arg>PK</arg>
<arg>PL</arg>
<arg>PM</arg>
<arg>PN</arg>
<arg>PR</arg>
<arg>PS</arg>
<arg>PT</arg>
<arg>PW</arg>
<arg>PY</arg>
<arg>QA</arg>
<arg>RE</arg>
<arg>RO</arg>
<arg>RS</arg>
<arg>RU</arg>
<arg>RW</arg>
<arg>SA</arg>
<arg>SB</arg>
<arg>SC</arg>
<arg>SD</arg>
<arg>SE</arg>
<arg>SG</arg>
<arg>SH</arg>
<arg>SI</arg>
<arg>SJ</arg>
<arg>SK</arg>
<arg>SL</arg>
<arg>SM</arg>
<arg>SN</arg>
<arg>SO</arg>
<arg>SR</arg>
<arg>SS</arg>
<arg>ST</arg>
<arg>SV</arg>
<arg>SX</arg>
<arg>SY</arg>
<arg>SZ</arg>
<arg>TC</arg>
<arg>TD</arg>
<arg>TF</arg>
<arg>TG</arg>
<arg>TH</arg>
<arg>TJ</arg>
<arg>TK</arg>
<arg>TL</arg>
<arg>TM</arg>
<arg>TN</arg>
<arg>TO</arg>
<arg>TR</arg>
<arg>TT</arg>
<arg>TV</arg>
<arg>TW</arg>
<arg>TZ</arg>
<arg>UA</arg>
<arg>UG</arg>
<arg>UM</arg>
<arg>US</arg>
<arg>UY</arg>
<arg>UZ</arg>
<arg>VA</arg>
<arg>VC</arg>
<arg>VE</arg>
<arg>VG</arg>
<arg>VI</arg>
<arg>VN</arg>
<arg>VU</arg>
<arg>WF</arg>
<arg>WS</arg>
<arg>XK</arg>
<arg>YE</arg>
<arg>YT</arg>
<arg>ZA</arg>
<arg>ZM</arg>
<arg>ZW</arg>
<doc>Returns a list containing given items.</doc>
<status status="PASS" start="2024-04-08T21:12:24.139866" elapsed="0.000589"/>
</kw>
<kw name="List Should Contain Value" owner="Collections">
<msg time="2024-04-08T21:12:24.141388" level="INFO">False</msg>
<arg>${list_country}</arg>
<arg>${name_country}</arg>
<doc>Fails if the ``value`` is not found from ``list``.</doc>
<status status="PASS" start="2024-04-08T21:12:24.141191" elapsed="0.000235"/>
</kw>
<kw name="Run Keyword If" owner="BuiltIn">
<kw name="Should Be True" owner="BuiltIn">
<arg>${True}</arg>
<doc>Fails if the given condition is not true.</doc>
<status status="PASS" start="2024-04-08T21:12:24.142598" elapsed="0.000148"/>
</kw>
<arg>${json_data["results"][0]["location"]["coordinates"]["latitude"]} &gt;= -90 and ${json_data["results"][0]["location"]["coordinates"]["latitude"]} &lt;= 90</arg>
<arg>Should Be True</arg>
<arg>${True}</arg>
<doc>Runs the given keyword with the given arguments, if ``condition`` is true.</doc>
<status status="PASS" start="2024-04-08T21:12:24.141734" elapsed="0.001142"/>
</kw>
<kw name="Run Keyword If" owner="BuiltIn">
<kw name="Should Be True" owner="BuiltIn">
<arg>${True}</arg>
<doc>Fails if the given condition is not true.</doc>
<status status="PASS" start="2024-04-08T21:12:24.143732" elapsed="0.000129"/>
</kw>
<arg>${json_data["results"][0]["location"]["coordinates"]["longitude"]} &gt;= -180 and ${json_data["results"][0]["location"]["coordinates"]["longitude"]} &lt;= 180</arg>
<arg>Should Be True</arg>
<arg>${True}</arg>
<doc>Runs the given keyword with the given arguments, if ``condition`` is true.</doc>
<status status="PASS" start="2024-04-08T21:12:24.143060" elapsed="0.000917"/>
</kw>
<status status="PASS" start="2024-04-08T21:12:24.043217" elapsed="0.100876"/>
</kw>
<doc>Testa o conteúdo específico dos campos retornados pela API.</doc>
<tag>testeConteudo</tag>
<status status="PASS" start="2024-04-08T21:12:24.042809" elapsed="0.101425"/>
</test>
<status status="PASS" start="2024-04-08T21:12:23.039311" elapsed="1.106791"/>
</suite>
<status status="PASS" start="2024-04-08T21:12:23.025773" elapsed="1.125495"/>
</suite>
<statistics>
<total>
<stat pass="5" fail="0" skip="0">All Tests</stat>
</total>
<tag>
<stat pass="1" fail="0" skip="0">testeConteudo</stat>
<stat pass="1" fail="0" skip="0">testeEstruturaResposta</stat>
<stat pass="1" fail="0" skip="0">testeRequisicaoBasica</stat>
<stat pass="1" fail="0" skip="0">testeTiposDados</stat>
</tag>
<suite>
<stat pass="5" fail="0" skip="0" id="s1" name="Tests">Tests</stat>
<stat pass="5" fail="0" skip="0" id="s1-s1" name="Random-User-Test">Tests.Random-User-Test</stat>
</suite>
</statistics>
<errors>
</errors>
</robot>
