<?xml version="1.0" encoding="UTF-8"?>
<robot generator="Robot 7.0.1 (Python 3.12.4 on linux)" generated="2024-07-01T05:15:23.571855" rpa="false" schemaversion="5">
<suite id="s1" name="Tests" source="/home/runner/work/ApiRandomUser/ApiRandomUser/RamdonUser/tests">
<suite id="s1-s1" name="Random-User-Test" source="/home/runner/work/ApiRandomUser/ApiRandomUser/RamdonUser/tests/random-user-test.robot">
<test id="s1-s1-t1" name="Conectar" line="13">
<kw name="Conectar API" owner="random-user-service">
<kw name="Create Session" owner="RequestsLibrary">
<msg time="2024-07-01T05:15:23.987787" level="INFO">Creating Session using : alias=consultarAPI, url=https://randomuser.me/, headers={},                     cookies={}, auth=None, timeout=None, proxies=None, verify=False,                     debug=0 </msg>
<arg>consultarAPI</arg>
<arg>${URL}</arg>
<doc>Create Session: create a HTTP session to a server</doc>
<status status="PASS" start="2024-07-01T05:15:23.987582" elapsed="0.000398"/>
</kw>
<status status="PASS" start="2024-07-01T05:15:23.986600" elapsed="0.001747"/>
</kw>
<status status="PASS" start="2024-07-01T05:15:23.986028" elapsed="0.002513"/>
</test>
<test id="s1-s1-t2" name="Validar retorno 200 e JSON Válido" line="16">
<kw name="Teste de Requisicao Basica" owner="random-user-service">
<kw name="GET On Session" owner="RequestsLibrary">
<msg time="2024-07-01T05:15:24.242876" level="INFO">GET Request : url=https://randomuser.me/api 
 path_url=/api 
 headers={'User-Agent': 'python-requests/2.32.3', 'Accept-Encoding': 'gzip, deflate', 'Accept': '*/*', 'Connection': 'keep-alive'} 
 body=None 
 </msg>
<msg time="2024-07-01T05:15:24.243055" level="INFO">GET Response : url=https://randomuser.me/api 
 status=200, reason=OK 
 headers={'Date': 'Mon, 01 Jul 2024 05:15:24 GMT', 'Content-Type': 'application/json; charset=utf-8', 'Transfer-Encoding': 'chunked', 'Connection': 'keep-alive', 'X-Powered-By': 'Express', 'Access-Control-Allow-Origin': '*', 'Cache-Control': 'no-cache', 'ETag': 'W/"476-ytgyrPZ1ZU1fEuRlGWoVvWkaz9M"', 'Vary': 'Accept-Encoding', 'Content-Encoding': 'gzip', 'CF-Cache-Status': 'DYNAMIC', 'Report-To': '{"endpoints":[{"url":"https:\\/\\/a.nel.cloudflare.com\\/report\\/v4?s=hPsC7W0h%2BUYh70Ye2wKdBJEcQma8ZT4zePxeR8yExzWo0gRew%2BaJWN7MrZhmEqI3CMwP%2FqaC%2FZiMjoHdPDiH3JI6YbhjNnmH5ZhMWJgbXTSJVh8dzCbebjSzkV1PcgAp"}],"group":"cf-nel","max_age":604800}', 'NEL': '{"success_fraction":0,"report_to":"cf-nel","max_age":604800}', 'Server': 'cloudflare', 'CF-RAY': '89c3eb03fe26d019-SJC', 'alt-svc': 'h3=":443"; ma=86400'} 
 body={"results":[{"gender":"male","name":{"title":"Mr","first":"Kuzma","last":"Dubas"},"location":{"street":{"number":709,"name":"Korolenka"},"city":"Snyatin","state":"Zhitomirska","country":"Ukraine","postcode":50638,"coordinates":{"latitude":"78.1925","longitude":"-64.5376"},"timezone":{"offset":"+6:00","description":"Almaty, Dhaka, Colombo"}},"email":"kuzma.dubas@example.com","login":{"uuid":"74c13d37-35a7-4e6c-8071-1494c606da50","username":"heavybutterfly203","password":"87654321","salt":"nvNC6yYr","md5":"48d26a788f4e663f95927ee726d02abf","sha1":"4d3bf05740cd40b22a5818fdbd52d10f6fbc59da","sha256":"9b7b87a2b06a0e416e7fa295d9ac37e00e1680e87542a4c30d7b95b303752379"},"dob":{"date":"1961-09-01T07:56:35.817Z","age":62},"registered":{"date":"2014-03-05T13:58:54.250Z","age":10},"phone":"(098) L04-8630","cell":"(066) V77-6575","id":{"name":"","value":null},"picture":{"large":"https://randomuser.me/api/portraits/men/30.jpg","medium":"https://randomuser.me/api/portraits/med/men/30.jpg","thumbnail":"https://randomuser.me/api/portraits/thumb/men/30.jpg"},"nat":"UA"}],"info":{"seed":"aae8544e5c673caf","results":1,"page":1,"version":"1.4"}} 
 </msg>
<msg time="2024-07-01T05:15:24.243162" level="INFO">/opt/hostedtoolcache/Python/3.12.4/x64/lib/python3.12/site-packages/urllib3/connectionpool.py:1099: InsecureRequestWarning: Unverified HTTPS request is being made to host 'randomuser.me'. Adding certificate verification is strongly advised. See: https://urllib3.readthedocs.io/en/latest/advanced-usage.html#tls-warnings
  warnings.warn(</msg>
<msg time="2024-07-01T05:15:24.243336" level="INFO">${response} = &lt;Response [200]&gt;</msg>
<var>${response}</var>
<arg>consultarAPI</arg>
<arg>/api</arg>
<doc>Sends a GET request on a previously created HTTP Session.</doc>
<status status="PASS" start="2024-07-01T05:15:23.991111" elapsed="0.252273"/>
</kw>
<kw name="Should Be Equal As Numbers" owner="BuiltIn">
<msg time="2024-07-01T05:15:24.244891" level="INFO">Argument types are:
&lt;class 'int'&gt;
&lt;class 'str'&gt;</msg>
<arg>${response.status_code}</arg>
<arg>200</arg>
<doc>Fails if objects are unequal after converting them to real numbers.</doc>
<status status="PASS" start="2024-07-01T05:15:24.244129" elapsed="0.000865"/>
</kw>
<kw name="Log" owner="BuiltIn">
<msg time="2024-07-01T05:15:24.245845" level="INFO">200</msg>
<arg>${response.status_code}</arg>
<doc>Logs the given message with the given level.</doc>
<status status="PASS" start="2024-07-01T05:15:24.245459" elapsed="0.000431"/>
</kw>
<kw name="Set Variable" owner="BuiltIn">
<msg time="2024-07-01T05:15:24.246658" level="INFO">${json_data} = {'results': [{'gender': 'male', 'name': {'title': 'Mr', 'first': 'Kuzma', 'last': 'Dubas'}, 'location': {'street': {'number': 709, 'name': 'Korolenka'}, 'city': 'Snyatin', 'state': 'Zhitomirska', 'cou...</msg>
<var>${json_data}</var>
<arg>${response.json()}</arg>
<doc>Returns the given values which can then be assigned to a variables.</doc>
<status status="PASS" start="2024-07-01T05:15:24.246205" elapsed="0.000482"/>
</kw>
<kw name="Dictionary Should Contain Key" owner="Collections">
<arg>${json_data}</arg>
<arg>results</arg>
<doc>Fails if ``key`` is not found from ``dictionary``.</doc>
<status status="PASS" start="2024-07-01T05:15:24.246988" elapsed="0.000170"/>
</kw>
<status status="PASS" start="2024-07-01T05:15:23.990867" elapsed="0.256445"/>
</kw>
<doc>Testa se a API responde corretamente e retorna um objeto JSON válido.</doc>
<tag>testeRequisicaoBasica</tag>
<status status="PASS" start="2024-07-01T05:15:23.990405" elapsed="0.257089"/>
</test>
<test id="s1-s1-t3" name="Validar estrutura de resposta" line="22">
<kw name="Teste de Estrutura de Resposta" owner="random-user-service">
<kw name="GET On Session" owner="RequestsLibrary">
<msg time="2024-07-01T05:15:24.341252" level="INFO">GET Request : url=https://randomuser.me/api 
 path_url=/api 
 headers={'User-Agent': 'python-requests/2.32.3', 'Accept-Encoding': 'gzip, deflate', 'Accept': '*/*', 'Connection': 'keep-alive'} 
 body=None 
 </msg>
<msg time="2024-07-01T05:15:24.341370" level="INFO">GET Response : url=https://randomuser.me/api 
 status=200, reason=OK 
 headers={'Date': 'Mon, 01 Jul 2024 05:15:24 GMT', 'Content-Type': 'application/json; charset=utf-8', 'Transfer-Encoding': 'chunked', 'Connection': 'keep-alive', 'X-Powered-By': 'Express', 'Access-Control-Allow-Origin': '*', 'Cache-Control': 'no-cache', 'ETag': 'W/"485-6yA++sV6aEfnk4Yc1atDeDQMxsI"', 'Vary': 'Accept-Encoding', 'Content-Encoding': 'gzip', 'CF-Cache-Status': 'DYNAMIC', 'Report-To': '{"endpoints":[{"url":"https:\\/\\/a.nel.cloudflare.com\\/report\\/v4?s=KaxhLElabYo4ERuU4VPpMWsoXUb0bxJkwEUf82awrw0tZB99uE4QH4IpnQ4%2BgnxhatNMSd1%2F2pWVnjXO0f0PSHuYejM9Q3XnPWWVgy6uF5XXC%2BISgt03sjt%2BkB%2B%2FxBVW"}],"group":"cf-nel","max_age":604800}', 'NEL': '{"success_fraction":0,"report_to":"cf-nel","max_age":604800}', 'Server': 'cloudflare', 'CF-RAY': '89c3eb049e9ed019-SJC', 'alt-svc': 'h3=":443"; ma=86400'} 
 body={"results":[{"gender":"female","name":{"title":"Miss","first":"Rostislava","last":"Kononchuk"},"location":{"street":{"number":2739,"name":"Soborna ploshcha"},"city":"Uman","state":"Mikolayivska","country":"Ukraine","postcode":77164,"coordinates":{"latitude":"77.6344","longitude":"87.9626"},"timezone":{"offset":"+5:45","description":"Kathmandu"}},"email":"rostislava.kononchuk@example.com","login":{"uuid":"b61b4ce9-bb88-49d8-a5c3-b743f48ce3ec","username":"brownpanda511","password":"sanders","salt":"UFGM1INw","md5":"16d4309f4b96a4ca7b7ae88c34742f31","sha1":"ceba0c4546c17eb1e11a6d60b56ae81854463d21","sha256":"929536e71dfc9dd492bb96765ee533a7750087b025573d1225679d80cb9c2347"},"dob":{"date":"1960-11-03T01:03:27.942Z","age":63},"registered":{"date":"2006-09-22T18:04:18.997Z","age":17},"phone":"(067) O78-1882","cell":"(067) Y10-5950","id":{"name":"","value":null},"picture":{"large":"https://randomuser.me/api/portraits/women/95.jpg","medium":"https://randomuser.me/api/portraits/med/women/95.jpg","thumbnail":"https://randomuser.me/api/portraits/thumb/women/95.jpg"},"nat":"UA"}],"info":{"seed":"395c56863c245ef8","results":1,"page":1,"version":"1.4"}} 
 </msg>
<msg time="2024-07-01T05:15:24.341511" level="INFO">/opt/hostedtoolcache/Python/3.12.4/x64/lib/python3.12/site-packages/urllib3/connectionpool.py:1099: InsecureRequestWarning: Unverified HTTPS request is being made to host 'randomuser.me'. Adding certificate verification is strongly advised. See: https://urllib3.readthedocs.io/en/latest/advanced-usage.html#tls-warnings
  warnings.warn(</msg>
<msg time="2024-07-01T05:15:24.341664" level="INFO">${response} = &lt;Response [200]&gt;</msg>
<var>${response}</var>
<arg>consultarAPI</arg>
<arg>/api</arg>
<doc>Sends a GET request on a previously created HTTP Session.</doc>
<status status="PASS" start="2024-07-01T05:15:24.250189" elapsed="0.091524"/>
</kw>
<kw name="Set Variable" owner="BuiltIn">
<msg time="2024-07-01T05:15:24.342777" level="INFO">${json_data} = {'results': [{'gender': 'female', 'name': {'title': 'Miss', 'first': 'Rostislava', 'last': 'Kononchuk'}, 'location': {'street': {'number': 2739, 'name': 'Soborna ploshcha'}, 'city': 'Uman', 'state': '...</msg>
<var>${json_data}</var>
<arg>${response.json()}</arg>
<doc>Returns the given values which can then be assigned to a variables.</doc>
<status status="PASS" start="2024-07-01T05:15:24.342230" elapsed="0.000574"/>
</kw>
<kw name="Log" owner="BuiltIn">
<msg time="2024-07-01T05:15:24.343283" level="INFO">{'results': [{'gender': 'female', 'name': {'title': 'Miss', 'first': 'Rostislava', 'last': 'Kononchuk'}, 'location': {'street': {'number': 2739, 'name': 'Soborna ploshcha'}, 'city': 'Uman', 'state': 'Mikolayivska', 'country': 'Ukraine', 'postcode': 77164, 'coordinates': {'latitude': '77.6344', 'longitude': '87.9626'}, 'timezone': {'offset': '+5:45', 'description': 'Kathmandu'}}, 'email': 'rostislava.kononchuk@example.com', 'login': {'uuid': 'b61b4ce9-bb88-49d8-a5c3-b743f48ce3ec', 'username': 'brownpanda511', 'password': 'sanders', 'salt': 'UFGM1INw', 'md5': '16d4309f4b96a4ca7b7ae88c34742f31', 'sha1': 'ceba0c4546c17eb1e11a6d60b56ae81854463d21', 'sha256': '929536e71dfc9dd492bb96765ee533a7750087b025573d1225679d80cb9c2347'}, 'dob': {'date': '1960-11-03T01:03:27.942Z', 'age': 63}, 'registered': {'date': '2006-09-22T18:04:18.997Z', 'age': 17}, 'phone': '(067) O78-1882', 'cell': '(067) Y10-5950', 'id': {'name': '', 'value': None}, 'picture': {'large': 'https://randomuser.me/api/portraits/women/95.jpg', 'medium': 'https://randomuser.me/api/portraits/med/women/95.jpg', 'thumbnail': 'https://randomuser.me/api/portraits/thumb/women/95.jpg'}, 'nat': 'UA'}], 'info': {'seed': '395c56863c245ef8', 'results': 1, 'page': 1, 'version': '1.4'}}</msg>
<arg>${json_data}</arg>
<doc>Logs the given message with the given level.</doc>
<status status="PASS" start="2024-07-01T05:15:24.343122" elapsed="0.000210"/>
</kw>
<kw name="Dictionary Should Contain Key" owner="Collections">
<arg>${json_data}</arg>
<arg>results</arg>
<doc>Fails if ``key`` is not found from ``dictionary``.</doc>
<status status="PASS" start="2024-07-01T05:15:24.343627" elapsed="0.000159"/>
</kw>
<kw name="Should Not Be Empty" owner="BuiltIn">
<msg time="2024-07-01T05:15:24.344107" level="INFO">Length is 2.</msg>
<arg>${json_data}</arg>
<doc>Verifies that the given item is not empty.</doc>
<status status="PASS" start="2024-07-01T05:15:24.343973" elapsed="0.000173"/>
</kw>
<kw name="Create List" owner="BuiltIn">
<msg time="2024-07-01T05:15:24.344755" level="INFO">${expected_keys} = ['gender', 'name', 'location', 'email', 'login']</msg>
<var>${expected_keys}</var>
<arg>gender</arg>
<arg>name</arg>
<arg>location</arg>
<arg>email</arg>
<arg>login</arg>
<doc>Returns a list containing given items.</doc>
<status status="PASS" start="2024-07-01T05:15:24.344441" elapsed="0.000338"/>
</kw>
<for flavor="IN">
<iter>
<kw name="Dictionary Should Contain Key" owner="Collections">
<arg>${json_data['results'][0]}</arg>
<arg>${key}</arg>
<doc>Fails if ``key`` is not found from ``dictionary``.</doc>
<status status="PASS" start="2024-07-01T05:15:24.345415" elapsed="0.000412"/>
</kw>
<kw name="Log" owner="BuiltIn">
<msg time="2024-07-01T05:15:24.346378" level="INFO">{'gender': 'female', 'name': {'title': 'Miss', 'first': 'Rostislava', 'last': 'Kononchuk'}, 'location': {'street': {'number': 2739, 'name': 'Soborna ploshcha'}, 'city': 'Uman', 'state': 'Mikolayivska', 'country': 'Ukraine', 'postcode': 77164, 'coordinates': {'latitude': '77.6344', 'longitude': '87.9626'}, 'timezone': {'offset': '+5:45', 'description': 'Kathmandu'}}, 'email': 'rostislava.kononchuk@example.com', 'login': {'uuid': 'b61b4ce9-bb88-49d8-a5c3-b743f48ce3ec', 'username': 'brownpanda511', 'password': 'sanders', 'salt': 'UFGM1INw', 'md5': '16d4309f4b96a4ca7b7ae88c34742f31', 'sha1': 'ceba0c4546c17eb1e11a6d60b56ae81854463d21', 'sha256': '929536e71dfc9dd492bb96765ee533a7750087b025573d1225679d80cb9c2347'}, 'dob': {'date': '1960-11-03T01:03:27.942Z', 'age': 63}, 'registered': {'date': '2006-09-22T18:04:18.997Z', 'age': 17}, 'phone': '(067) O78-1882', 'cell': '(067) Y10-5950', 'id': {'name': '', 'value': None}, 'picture': {'large': 'https://randomuser.me/api/portraits/women/95.jpg', 'medium': 'https://randomuser.me/api/portraits/med/women/95.jpg', 'thumbnail': 'https://randomuser.me/api/portraits/thumb/women/95.jpg'}, 'nat': 'UA'}</msg>
<arg>${json_data['results'][0]}</arg>
<doc>Logs the given message with the given level.</doc>
<status status="PASS" start="2024-07-01T05:15:24.346015" elapsed="0.000412"/>
</kw>
<kw name="Log" owner="BuiltIn">
<msg time="2024-07-01T05:15:24.346858" level="INFO">gender</msg>
<arg>${key}</arg>
<doc>Logs the given message with the given level.</doc>
<status status="PASS" start="2024-07-01T05:15:24.346728" elapsed="0.000169"/>
</kw>
<var name="${key}">gender</var>
<status status="PASS" start="2024-07-01T05:15:24.345288" elapsed="0.001829"/>
</iter>
<iter>
<kw name="Dictionary Should Contain Key" owner="Collections">
<arg>${json_data['results'][0]}</arg>
<arg>${key}</arg>
<doc>Fails if ``key`` is not found from ``dictionary``.</doc>
<status status="PASS" start="2024-07-01T05:15:24.347418" elapsed="0.000388"/>
</kw>
<kw name="Log" owner="BuiltIn">
<msg time="2024-07-01T05:15:24.348336" level="INFO">{'gender': 'female', 'name': {'title': 'Miss', 'first': 'Rostislava', 'last': 'Kononchuk'}, 'location': {'street': {'number': 2739, 'name': 'Soborna ploshcha'}, 'city': 'Uman', 'state': 'Mikolayivska', 'country': 'Ukraine', 'postcode': 77164, 'coordinates': {'latitude': '77.6344', 'longitude': '87.9626'}, 'timezone': {'offset': '+5:45', 'description': 'Kathmandu'}}, 'email': 'rostislava.kononchuk@example.com', 'login': {'uuid': 'b61b4ce9-bb88-49d8-a5c3-b743f48ce3ec', 'username': 'brownpanda511', 'password': 'sanders', 'salt': 'UFGM1INw', 'md5': '16d4309f4b96a4ca7b7ae88c34742f31', 'sha1': 'ceba0c4546c17eb1e11a6d60b56ae81854463d21', 'sha256': '929536e71dfc9dd492bb96765ee533a7750087b025573d1225679d80cb9c2347'}, 'dob': {'date': '1960-11-03T01:03:27.942Z', 'age': 63}, 'registered': {'date': '2006-09-22T18:04:18.997Z', 'age': 17}, 'phone': '(067) O78-1882', 'cell': '(067) Y10-5950', 'id': {'name': '', 'value': None}, 'picture': {'large': 'https://randomuser.me/api/portraits/women/95.jpg', 'medium': 'https://randomuser.me/api/portraits/med/women/95.jpg', 'thumbnail': 'https://randomuser.me/api/portraits/thumb/women/95.jpg'}, 'nat': 'UA'}</msg>
<arg>${json_data['results'][0]}</arg>
<doc>Logs the given message with the given level.</doc>
<status status="PASS" start="2024-07-01T05:15:24.347987" elapsed="0.000430"/>
</kw>
<kw name="Log" owner="BuiltIn">
<msg time="2024-07-01T05:15:24.348867" level="INFO">name</msg>
<arg>${key}</arg>
<doc>Logs the given message with the given level.</doc>
<status status="PASS" start="2024-07-01T05:15:24.348715" elapsed="0.000190"/>
</kw>
<var name="${key}">name</var>
<status status="PASS" start="2024-07-01T05:15:24.347307" elapsed="0.001818"/>
</iter>
<iter>
<kw name="Dictionary Should Contain Key" owner="Collections">
<arg>${json_data['results'][0]}</arg>
<arg>${key}</arg>
<doc>Fails if ``key`` is not found from ``dictionary``.</doc>
<status status="PASS" start="2024-07-01T05:15:24.349410" elapsed="0.000382"/>
</kw>
<kw name="Log" owner="BuiltIn">
<msg time="2024-07-01T05:15:24.350321" level="INFO">{'gender': 'female', 'name': {'title': 'Miss', 'first': 'Rostislava', 'last': 'Kononchuk'}, 'location': {'street': {'number': 2739, 'name': 'Soborna ploshcha'}, 'city': 'Uman', 'state': 'Mikolayivska', 'country': 'Ukraine', 'postcode': 77164, 'coordinates': {'latitude': '77.6344', 'longitude': '87.9626'}, 'timezone': {'offset': '+5:45', 'description': 'Kathmandu'}}, 'email': 'rostislava.kononchuk@example.com', 'login': {'uuid': 'b61b4ce9-bb88-49d8-a5c3-b743f48ce3ec', 'username': 'brownpanda511', 'password': 'sanders', 'salt': 'UFGM1INw', 'md5': '16d4309f4b96a4ca7b7ae88c34742f31', 'sha1': 'ceba0c4546c17eb1e11a6d60b56ae81854463d21', 'sha256': '929536e71dfc9dd492bb96765ee533a7750087b025573d1225679d80cb9c2347'}, 'dob': {'date': '1960-11-03T01:03:27.942Z', 'age': 63}, 'registered': {'date': '2006-09-22T18:04:18.997Z', 'age': 17}, 'phone': '(067) O78-1882', 'cell': '(067) Y10-5950', 'id': {'name': '', 'value': None}, 'picture': {'large': 'https://randomuser.me/api/portraits/women/95.jpg', 'medium': 'https://randomuser.me/api/portraits/med/women/95.jpg', 'thumbnail': 'https://randomuser.me/api/portraits/thumb/women/95.jpg'}, 'nat': 'UA'}</msg>
<arg>${json_data['results'][0]}</arg>
<doc>Logs the given message with the given level.</doc>
<status status="PASS" start="2024-07-01T05:15:24.349975" elapsed="0.000394"/>
</kw>
<kw name="Log" owner="BuiltIn">
<msg time="2024-07-01T05:15:24.350794" level="INFO">location</msg>
<arg>${key}</arg>
<doc>Logs the given message with the given level.</doc>
<status status="PASS" start="2024-07-01T05:15:24.350668" elapsed="0.000163"/>
</kw>
<var name="${key}">location</var>
<status status="PASS" start="2024-07-01T05:15:24.349302" elapsed="0.001747"/>
</iter>
<iter>
<kw name="Dictionary Should Contain Key" owner="Collections">
<arg>${json_data['results'][0]}</arg>
<arg>${key}</arg>
<doc>Fails if ``key`` is not found from ``dictionary``.</doc>
<status status="PASS" start="2024-07-01T05:15:24.351323" elapsed="0.000389"/>
</kw>
<kw name="Log" owner="BuiltIn">
<msg time="2024-07-01T05:15:24.352248" level="INFO">{'gender': 'female', 'name': {'title': 'Miss', 'first': 'Rostislava', 'last': 'Kononchuk'}, 'location': {'street': {'number': 2739, 'name': 'Soborna ploshcha'}, 'city': 'Uman', 'state': 'Mikolayivska', 'country': 'Ukraine', 'postcode': 77164, 'coordinates': {'latitude': '77.6344', 'longitude': '87.9626'}, 'timezone': {'offset': '+5:45', 'description': 'Kathmandu'}}, 'email': 'rostislava.kononchuk@example.com', 'login': {'uuid': 'b61b4ce9-bb88-49d8-a5c3-b743f48ce3ec', 'username': 'brownpanda511', 'password': 'sanders', 'salt': 'UFGM1INw', 'md5': '16d4309f4b96a4ca7b7ae88c34742f31', 'sha1': 'ceba0c4546c17eb1e11a6d60b56ae81854463d21', 'sha256': '929536e71dfc9dd492bb96765ee533a7750087b025573d1225679d80cb9c2347'}, 'dob': {'date': '1960-11-03T01:03:27.942Z', 'age': 63}, 'registered': {'date': '2006-09-22T18:04:18.997Z', 'age': 17}, 'phone': '(067) O78-1882', 'cell': '(067) Y10-5950', 'id': {'name': '', 'value': None}, 'picture': {'large': 'https://randomuser.me/api/portraits/women/95.jpg', 'medium': 'https://randomuser.me/api/portraits/med/women/95.jpg', 'thumbnail': 'https://randomuser.me/api/portraits/thumb/women/95.jpg'}, 'nat': 'UA'}</msg>
<arg>${json_data['results'][0]}</arg>
<doc>Logs the given message with the given level.</doc>
<status status="PASS" start="2024-07-01T05:15:24.351894" elapsed="0.000414"/>
</kw>
<kw name="Log" owner="BuiltIn">
<msg time="2024-07-01T05:15:24.352732" level="INFO">email</msg>
<arg>${key}</arg>
<doc>Logs the given message with the given level.</doc>
<status status="PASS" start="2024-07-01T05:15:24.352606" elapsed="0.000164"/>
</kw>
<var name="${key}">email</var>
<status status="PASS" start="2024-07-01T05:15:24.351218" elapsed="0.001802"/>
</iter>
<iter>
<kw name="Dictionary Should Contain Key" owner="Collections">
<arg>${json_data['results'][0]}</arg>
<arg>${key}</arg>
<doc>Fails if ``key`` is not found from ``dictionary``.</doc>
<status status="PASS" start="2024-07-01T05:15:24.353307" elapsed="0.000385"/>
</kw>
<kw name="Log" owner="BuiltIn">
<msg time="2024-07-01T05:15:24.354227" level="INFO">{'gender': 'female', 'name': {'title': 'Miss', 'first': 'Rostislava', 'last': 'Kononchuk'}, 'location': {'street': {'number': 2739, 'name': 'Soborna ploshcha'}, 'city': 'Uman', 'state': 'Mikolayivska', 'country': 'Ukraine', 'postcode': 77164, 'coordinates': {'latitude': '77.6344', 'longitude': '87.9626'}, 'timezone': {'offset': '+5:45', 'description': 'Kathmandu'}}, 'email': 'rostislava.kononchuk@example.com', 'login': {'uuid': 'b61b4ce9-bb88-49d8-a5c3-b743f48ce3ec', 'username': 'brownpanda511', 'password': 'sanders', 'salt': 'UFGM1INw', 'md5': '16d4309f4b96a4ca7b7ae88c34742f31', 'sha1': 'ceba0c4546c17eb1e11a6d60b56ae81854463d21', 'sha256': '929536e71dfc9dd492bb96765ee533a7750087b025573d1225679d80cb9c2347'}, 'dob': {'date': '1960-11-03T01:03:27.942Z', 'age': 63}, 'registered': {'date': '2006-09-22T18:04:18.997Z', 'age': 17}, 'phone': '(067) O78-1882', 'cell': '(067) Y10-5950', 'id': {'name': '', 'value': None}, 'picture': {'large': 'https://randomuser.me/api/portraits/women/95.jpg', 'medium': 'https://randomuser.me/api/portraits/med/women/95.jpg', 'thumbnail': 'https://randomuser.me/api/portraits/thumb/women/95.jpg'}, 'nat': 'UA'}</msg>
<arg>${json_data['results'][0]}</arg>
<doc>Logs the given message with the given level.</doc>
<status status="PASS" start="2024-07-01T05:15:24.353873" elapsed="0.000403"/>
</kw>
<kw name="Log" owner="BuiltIn">
<msg time="2024-07-01T05:15:24.354700" level="INFO">login</msg>
<arg>${key}</arg>
<doc>Logs the given message with the given level.</doc>
<status status="PASS" start="2024-07-01T05:15:24.354571" elapsed="0.000167"/>
</kw>
<var name="${key}">login</var>
<status status="PASS" start="2024-07-01T05:15:24.353191" elapsed="0.001768"/>
</iter>
<var>${key}</var>
<value>@{expected_keys}</value>
<status status="PASS" start="2024-07-01T05:15:24.345088" elapsed="0.009998"/>
</for>
<kw name="Create List" owner="BuiltIn">
<msg time="2024-07-01T05:15:24.355440" level="INFO">${expected_keysTwo} = ['username', 'password']</msg>
<var>${expected_keysTwo}</var>
<arg>username</arg>
<arg>password</arg>
<doc>Returns a list containing given items.</doc>
<status status="PASS" start="2024-07-01T05:15:24.355289" elapsed="0.000183"/>
</kw>
<for flavor="IN">
<iter>
<kw name="Dictionary Should Contain Key" owner="Collections">
<arg>${json_data['results'][0]['login']}</arg>
<arg>${keyTwo}</arg>
<doc>Fails if ``key`` is not found from ``dictionary``.</doc>
<status status="PASS" start="2024-07-01T05:15:24.356020" elapsed="0.000384"/>
</kw>
<kw name="Dictionary Should Contain Key" owner="Collections">
<arg>${json_data['results'][0]['login']}</arg>
<arg>${keyTwo}</arg>
<doc>Fails if ``key`` is not found from ``dictionary``.</doc>
<status status="PASS" start="2024-07-01T05:15:24.356585" elapsed="0.000412"/>
</kw>
<kw name="Log" owner="BuiltIn">
<msg time="2024-07-01T05:15:24.357302" level="INFO">username</msg>
<arg>${keyTwo}</arg>
<doc>Logs the given message with the given level.</doc>
<status status="PASS" start="2024-07-01T05:15:24.357180" elapsed="0.000159"/>
</kw>
<var name="${keyTwo}">username</var>
<status status="PASS" start="2024-07-01T05:15:24.355912" elapsed="0.001652"/>
</iter>
<iter>
<kw name="Dictionary Should Contain Key" owner="Collections">
<arg>${json_data['results'][0]['login']}</arg>
<arg>${keyTwo}</arg>
<doc>Fails if ``key`` is not found from ``dictionary``.</doc>
<status status="PASS" start="2024-07-01T05:15:24.357841" elapsed="0.000381"/>
</kw>
<kw name="Dictionary Should Contain Key" owner="Collections">
<arg>${json_data['results'][0]['login']}</arg>
<arg>${keyTwo}</arg>
<doc>Fails if ``key`` is not found from ``dictionary``.</doc>
<status status="PASS" start="2024-07-01T05:15:24.358398" elapsed="0.000363"/>
</kw>
<kw name="Log" owner="BuiltIn">
<msg time="2024-07-01T05:15:24.359052" level="INFO">password</msg>
<arg>${keyTwo}</arg>
<doc>Logs the given message with the given level.</doc>
<status status="PASS" start="2024-07-01T05:15:24.358936" elapsed="0.000158"/>
</kw>
<var name="${keyTwo}">password</var>
<status status="PASS" start="2024-07-01T05:15:24.357736" elapsed="0.001684"/>
</iter>
<var>${keyTwo}</var>
<value>@{expected_keysTwo}</value>
<status status="PASS" start="2024-07-01T05:15:24.355749" elapsed="0.003792"/>
</for>
<status status="PASS" start="2024-07-01T05:15:24.249949" elapsed="0.109735"/>
</kw>
<doc>Testa a estrutura da resposta da API.</doc>
<tag>testeEstruturaResposta</tag>
<status status="PASS" start="2024-07-01T05:15:24.249423" elapsed="0.110465"/>
</test>
<test id="s1-s1-t4" name="Validar tipos de dados" line="28">
<kw name="Teste de Tipos de Dados" owner="random-user-service">
<kw name="GET On Session" owner="RequestsLibrary">
<msg time="2024-07-01T05:15:24.450750" level="INFO">GET Request : url=https://randomuser.me/api 
 path_url=/api 
 headers={'User-Agent': 'python-requests/2.32.3', 'Accept-Encoding': 'gzip, deflate', 'Accept': '*/*', 'Connection': 'keep-alive'} 
 body=None 
 </msg>
<msg time="2024-07-01T05:15:24.450853" level="INFO">GET Response : url=https://randomuser.me/api 
 status=200, reason=OK 
 headers={'Date': 'Mon, 01 Jul 2024 05:15:24 GMT', 'Content-Type': 'application/json; charset=utf-8', 'Transfer-Encoding': 'chunked', 'Connection': 'keep-alive', 'X-Powered-By': 'Express', 'Access-Control-Allow-Origin': '*', 'Cache-Control': 'no-cache', 'ETag': 'W/"4ad-9O+2+RrNJl++9ELoiiGSo6xn7Fk"', 'Vary': 'Accept-Encoding', 'Content-Encoding': 'gzip', 'CF-Cache-Status': 'DYNAMIC', 'Report-To': '{"endpoints":[{"url":"https:\\/\\/a.nel.cloudflare.com\\/report\\/v4?s=K0aBB6MbksrvEGsRYyMm%2FdAl9YlzIvKsufo5H7kATLW2620d9wRFYAexjcxwtl1LWvdO4195Acx4YLD2rP84nPyAXM1zF1qZxW4lr%2B9cv52iqXTzTvwUbpKWyOPkf3xO"}],"group":"cf-nel","max_age":604800}', 'NEL': '{"success_fraction":0,"report_to":"cf-nel","max_age":604800}', 'Server': 'cloudflare', 'CF-RAY': '89c3eb054f3fd019-SJC', 'alt-svc': 'h3=":443"; ma=86400'} 
 body={"results":[{"gender":"male","name":{"title":"Monsieur","first":"Jean-Jacques","last":"Martinez"},"location":{"street":{"number":7007,"name":"Avenue Jean-Jaurès"},"city":"Neckertal","state":"Jura","country":"Switzerland","postcode":4854,"coordinates":{"latitude":"-63.2995","longitude":"-103.4782"},"timezone":{"offset":"+1:00","description":"Brussels, Copenhagen, Madrid, Paris"}},"email":"jean-jacques.martinez@example.com","login":{"uuid":"7a7b196c-1a9d-4f04-b8af-6e0e6e0354a4","username":"redzebra469","password":"live","salt":"gPL17cr8","md5":"136d1dc2e62b90b232bd79a877e19415","sha1":"407493df9873eabb1259ce86754a484ff86491be","sha256":"ba9b3eeef96ba01e2d05359a767ac0df6744c95157c796e22de7069ea21d134c"},"dob":{"date":"1996-12-04T17:37:11.017Z","age":27},"registered":{"date":"2002-09-03T09:48:55.995Z","age":21},"phone":"079 013 26 27","cell":"076 026 03 39","id":{"name":"AVS","value":"756.0320.3513.61"},"picture":{"large":"https://randomuser.me/api/portraits/men/89.jpg","medium":"https://randomuser.me/api/portraits/med/men/89.jpg","thumbnail":"https://randomuser.me/api/portraits/thumb/men/89.jpg"},"nat":"CH"}],"info":{"seed":"4ede2c13342913bb","results":1,"page":1,"version":"1.4"}} 
 </msg>
<msg time="2024-07-01T05:15:24.450934" level="INFO">/opt/hostedtoolcache/Python/3.12.4/x64/lib/python3.12/site-packages/urllib3/connectionpool.py:1099: InsecureRequestWarning: Unverified HTTPS request is being made to host 'randomuser.me'. Adding certificate verification is strongly advised. See: https://urllib3.readthedocs.io/en/latest/advanced-usage.html#tls-warnings
  warnings.warn(</msg>
<msg time="2024-07-01T05:15:24.451077" level="INFO">${response} = &lt;Response [200]&gt;</msg>
<var>${response}</var>
<arg>consultarAPI</arg>
<arg>/api</arg>
<doc>Sends a GET request on a previously created HTTP Session.</doc>
<status status="PASS" start="2024-07-01T05:15:24.363410" elapsed="0.087708"/>
</kw>
<kw name="Set Variable" owner="BuiltIn">
<msg time="2024-07-01T05:15:24.452207" level="INFO">${json_data} = {'results': [{'gender': 'male', 'name': {'title': 'Monsieur', 'first': 'Jean-Jacques', 'last': 'Martinez'}, 'location': {'street': {'number': 7007, 'name': 'Avenue Jean-Jaurès'}, 'city': 'Neckertal', ...</msg>
<var>${json_data}</var>
<arg>${response.json()}</arg>
<doc>Returns the given values which can then be assigned to a variables.</doc>
<status status="PASS" start="2024-07-01T05:15:24.451672" elapsed="0.000565"/>
</kw>
<kw name="Log" owner="BuiltIn">
<msg time="2024-07-01T05:15:24.452715" level="INFO">{'results': [{'gender': 'male', 'name': {'title': 'Monsieur', 'first': 'Jean-Jacques', 'last': 'Martinez'}, 'location': {'street': {'number': 7007, 'name': 'Avenue Jean-Jaurès'}, 'city': 'Neckertal', 'state': 'Jura', 'country': 'Switzerland', 'postcode': 4854, 'coordinates': {'latitude': '-63.2995', 'longitude': '-103.4782'}, 'timezone': {'offset': '+1:00', 'description': 'Brussels, Copenhagen, Madrid, Paris'}}, 'email': 'jean-jacques.martinez@example.com', 'login': {'uuid': '7a7b196c-1a9d-4f04-b8af-6e0e6e0354a4', 'username': 'redzebra469', 'password': 'live', 'salt': 'gPL17cr8', 'md5': '136d1dc2e62b90b232bd79a877e19415', 'sha1': '407493df9873eabb1259ce86754a484ff86491be', 'sha256': 'ba9b3eeef96ba01e2d05359a767ac0df6744c95157c796e22de7069ea21d134c'}, 'dob': {'date': '1996-12-04T17:37:11.017Z', 'age': 27}, 'registered': {'date': '2002-09-03T09:48:55.995Z', 'age': 21}, 'phone': '079 013 26 27', 'cell': '076 026 03 39', 'id': {'name': 'AVS', 'value': '756.0320.3513.61'}, 'picture': {'large': 'https://randomuser.me/api/portraits/men/89.jpg', 'medium': 'https://randomuser.me/api/portraits/med/men/89.jpg', 'thumbnail': 'https://randomuser.me/api/portraits/thumb/men/89.jpg'}, 'nat': 'CH'}], 'info': {'seed': '4ede2c13342913bb', 'results': 1, 'page': 1, 'version': '1.4'}}</msg>
<arg>${json_data}</arg>
<doc>Logs the given message with the given level.</doc>
<status status="PASS" start="2024-07-01T05:15:24.452552" elapsed="0.000213"/>
</kw>
<kw name="Should Be String" owner="String">
<arg>${json_data['results'][0]['gender']}</arg>
<doc>Fails if the given ``item`` is not a string.</doc>
<status status="PASS" start="2024-07-01T05:15:24.453106" elapsed="0.000369"/>
</kw>
<kw name="Should Match Regexp" owner="BuiltIn">
<arg>${json_data['results'][0]['email']}</arg>
<arg>^[a-zA-Z0-9._%+-]+@[a-zA-Z0-9.-]+\.[a-zA-Z]{2,}$</arg>
<doc>Fails if ``string`` does not match ``pattern`` as a regular expression.</doc>
<status status="PASS" start="2024-07-01T05:15:24.453663" elapsed="0.000514"/>
</kw>
<kw name="Should Match Regexp" owner="BuiltIn">
<arg>${json_data['results'][0]['dob']['date']}</arg>
<arg>\\d{4}-\\d{2}-\\d{2}T\\d{2}:\\d{2}:\\d{2}\\.\\d{3}Z</arg>
<doc>Fails if ``string`` does not match ``pattern`` as a regular expression.</doc>
<status status="PASS" start="2024-07-01T05:15:24.454414" elapsed="0.000495"/>
</kw>
<kw name="Should Match Regexp" owner="BuiltIn">
<arg>${json_data['results'][0]['registered']['date']}</arg>
<arg>\\d{4}-\\d{2}-\\d{2}T\\d{2}:\\d{2}:\\d{2}\\.\\d{3}Z</arg>
<doc>Fails if ``string`` does not match ``pattern`` as a regular expression.</doc>
<status status="PASS" start="2024-07-01T05:15:24.455109" elapsed="0.000382"/>
</kw>
<kw name="Should Match Regexp" owner="BuiltIn">
<arg>${json_data['results'][0]['picture']['large']}</arg>
<arg>^https?://.*\.(?:png|jpe?g|gif|bmp)$</arg>
<doc>Fails if ``string`` does not match ``pattern`` as a regular expression.</doc>
<status status="PASS" start="2024-07-01T05:15:24.455674" elapsed="0.000453"/>
</kw>
<kw name="Should Match Regexp" owner="BuiltIn">
<arg>${json_data['results'][0]['picture']['medium']}</arg>
<arg>^https?://.*\.(?:png|jpe?g|gif|bmp)$</arg>
<doc>Fails if ``string`` does not match ``pattern`` as a regular expression.</doc>
<status status="PASS" start="2024-07-01T05:15:24.456311" elapsed="0.000350"/>
</kw>
<kw name="Should Match Regexp" owner="BuiltIn">
<arg>${json_data['results'][0]['picture']['thumbnail']}</arg>
<arg>^https?://.*\.(?:png|jpe?g|gif|bmp)$</arg>
<doc>Fails if ``string`` does not match ``pattern`` as a regular expression.</doc>
<status status="PASS" start="2024-07-01T05:15:24.456868" elapsed="0.000364"/>
</kw>
<kw name="Log" owner="BuiltIn">
<msg time="2024-07-01T05:15:24.457748" level="INFO">{'large': 'https://randomuser.me/api/portraits/men/89.jpg', 'medium': 'https://randomuser.me/api/portraits/med/men/89.jpg', 'thumbnail': 'https://randomuser.me/api/portraits/thumb/men/89.jpg'}</msg>
<arg>${json_data['results'][0]['picture']}</arg>
<doc>Logs the given message with the given level.</doc>
<status status="PASS" start="2024-07-01T05:15:24.457416" elapsed="0.000375"/>
</kw>
<status status="PASS" start="2024-07-01T05:15:24.363169" elapsed="0.094899"/>
</kw>
<kw name="Teste de Tipos de Dados - Postcode" owner="random-user-service">
<kw name="GET On Session" owner="RequestsLibrary">
<msg time="2024-07-01T05:15:24.550300" level="INFO">GET Request : url=https://randomuser.me/api 
 path_url=/api 
 headers={'User-Agent': 'python-requests/2.32.3', 'Accept-Encoding': 'gzip, deflate', 'Accept': '*/*', 'Connection': 'keep-alive'} 
 body=None 
 </msg>
<msg time="2024-07-01T05:15:24.550418" level="INFO">GET Response : url=https://randomuser.me/api 
 status=200, reason=OK 
 headers={'Date': 'Mon, 01 Jul 2024 05:15:24 GMT', 'Content-Type': 'application/json; charset=utf-8', 'Transfer-Encoding': 'chunked', 'Connection': 'keep-alive', 'X-Powered-By': 'Express', 'Access-Control-Allow-Origin': '*', 'Cache-Control': 'no-cache', 'ETag': 'W/"485-Ciw7cSjAubFzYN8nmh8ZvRtoiDM"', 'Vary': 'Accept-Encoding', 'Content-Encoding': 'gzip', 'CF-Cache-Status': 'DYNAMIC', 'Report-To': '{"endpoints":[{"url":"https:\\/\\/a.nel.cloudflare.com\\/report\\/v4?s=%2FdtSaVgiBAg6%2F54e45J6aqWQ4NKuWrm9cqqsn9%2F7W3An6u3x66%2Fc3f7nzbIpE5Gtqmoo7dFWYlu%2FfE4nk4%2FGM4iOm8B8hC3BtZw3zKWE2cfRw58VZTND2ijUzEK%2F24Lm"}],"group":"cf-nel","max_age":604800}', 'NEL': '{"success_fraction":0,"report_to":"cf-nel","max_age":604800}', 'Server': 'cloudflare', 'CF-RAY': '89c3eb05efacd019-SJC', 'alt-svc': 'h3=":443"; ma=86400'} 
 body={"results":[{"gender":"male","name":{"title":"Mr","first":"Téo","last":"Aubert"},"location":{"street":{"number":6712,"name":"Place de la Mairie"},"city":"Angers","state":"Ardèche","country":"France","postcode":79299,"coordinates":{"latitude":"-12.8936","longitude":"-28.5970"},"timezone":{"offset":"-11:00","description":"Midway Island, Samoa"}},"email":"teo.aubert@example.com","login":{"uuid":"f00a400c-1aaf-4819-9f83-d17ab44cbbaf","username":"lazyduck853","password":"zouzou","salt":"hNM9FhMd","md5":"1485bdb569c9614a513fc1446a7e3ec2","sha1":"40636ed5acb895c50b320c6d2b8e5cd64876f4f9","sha256":"f5dbe7a98f5318563f9820ef6a2e355a4c4dfb6e28e9775be11c41e51ac7cdc2"},"dob":{"date":"1949-11-07T16:14:55.810Z","age":74},"registered":{"date":"2011-09-26T02:39:23.432Z","age":12},"phone":"04-32-76-66-91","cell":"06-47-76-60-95","id":{"name":"INSEE","value":"1491050707940 11"},"picture":{"large":"https://randomuser.me/api/portraits/men/65.jpg","medium":"https://randomuser.me/api/portraits/med/men/65.jpg","thumbnail":"https://randomuser.me/api/portraits/thumb/men/65.jpg"},"nat":"FR"}],"info":{"seed":"5ba8a83ac413d800","results":1,"page":1,"version":"1.4"}} 
 </msg>
<msg time="2024-07-01T05:15:24.550512" level="INFO">/opt/hostedtoolcache/Python/3.12.4/x64/lib/python3.12/site-packages/urllib3/connectionpool.py:1099: InsecureRequestWarning: Unverified HTTPS request is being made to host 'randomuser.me'. Adding certificate verification is strongly advised. See: https://urllib3.readthedocs.io/en/latest/advanced-usage.html#tls-warnings
  warnings.warn(</msg>
<msg time="2024-07-01T05:15:24.550650" level="INFO">${response} = &lt;Response [200]&gt;</msg>
<var>${response}</var>
<arg>consultarAPI</arg>
<arg>/api</arg>
<doc>Sends a GET request on a previously created HTTP Session.</doc>
<status status="PASS" start="2024-07-01T05:15:24.458525" elapsed="0.092157"/>
</kw>
<kw name="Set Variable" owner="BuiltIn">
<msg time="2024-07-01T05:15:24.551802" level="INFO">${json_data} = {'results': [{'gender': 'male', 'name': {'title': 'Mr', 'first': 'Téo', 'last': 'Aubert'}, 'location': {'street': {'number': 6712, 'name': 'Place de la Mairie'}, 'city': 'Angers', 'state': 'Ardèche', ...</msg>
<var>${json_data}</var>
<arg>${response.json()}</arg>
<doc>Returns the given values which can then be assigned to a variables.</doc>
<status status="PASS" start="2024-07-01T05:15:24.551245" elapsed="0.000586"/>
</kw>
<kw name="Log" owner="BuiltIn">
<msg time="2024-07-01T05:15:24.552303" level="INFO">{'results': [{'gender': 'male', 'name': {'title': 'Mr', 'first': 'Téo', 'last': 'Aubert'}, 'location': {'street': {'number': 6712, 'name': 'Place de la Mairie'}, 'city': 'Angers', 'state': 'Ardèche', 'country': 'France', 'postcode': 79299, 'coordinates': {'latitude': '-12.8936', 'longitude': '-28.5970'}, 'timezone': {'offset': '-11:00', 'description': 'Midway Island, Samoa'}}, 'email': 'teo.aubert@example.com', 'login': {'uuid': 'f00a400c-1aaf-4819-9f83-d17ab44cbbaf', 'username': 'lazyduck853', 'password': 'zouzou', 'salt': 'hNM9FhMd', 'md5': '1485bdb569c9614a513fc1446a7e3ec2', 'sha1': '40636ed5acb895c50b320c6d2b8e5cd64876f4f9', 'sha256': 'f5dbe7a98f5318563f9820ef6a2e355a4c4dfb6e28e9775be11c41e51ac7cdc2'}, 'dob': {'date': '1949-11-07T16:14:55.810Z', 'age': 74}, 'registered': {'date': '2011-09-26T02:39:23.432Z', 'age': 12}, 'phone': '04-32-76-66-91', 'cell': '06-47-76-60-95', 'id': {'name': 'INSEE', 'value': '1491050707940 11'}, 'picture': {'large': 'https://randomuser.me/api/portraits/men/65.jpg', 'medium': 'https://randomuser.me/api/portraits/med/men/65.jpg', 'thumbnail': 'https://randomuser.me/api/portraits/thumb/men/65.jpg'}, 'nat': 'FR'}], 'info': {'seed': '5ba8a83ac413d800', 'results': 1, 'page': 1, 'version': '1.4'}}</msg>
<arg>${json_data}</arg>
<doc>Logs the given message with the given level.</doc>
<status status="PASS" start="2024-07-01T05:15:24.552146" elapsed="0.000208"/>
</kw>
<kw name="Should Be Equal As Numbers" owner="BuiltIn">
<arg>${json_data['results'][0]['location']['postcode']}</arg>
<arg>${json_data['results'][0]['location']['postcode']}</arg>
<doc>Fails if objects are unequal after converting them to real numbers.</doc>
<status status="PASS" start="2024-07-01T05:15:24.552643" elapsed="0.000672"/>
</kw>
<kw name="Log" owner="BuiltIn">
<msg time="2024-07-01T05:15:24.554015" level="INFO">79299</msg>
<arg>${json_data['results'][0]['location']['postcode']}</arg>
<doc>Logs the given message with the given level.</doc>
<status status="PASS" start="2024-07-01T05:15:24.553507" elapsed="0.000548"/>
</kw>
<status status="PASS" start="2024-07-01T05:15:24.458295" elapsed="0.096049"/>
</kw>
<doc>Testa se os tipos de dados na resposta da API estão corretos.</doc>
<tag>testeTiposDados</tag>
<status status="PASS" start="2024-07-01T05:15:24.362639" elapsed="0.191876"/>
</test>
<test id="s1-s1-t5" name="Validar conteudo" line="35">
<kw name="Teste de Tipos de Conteudo" owner="random-user-service">
<kw name="GET On Session" owner="RequestsLibrary">
<msg time="2024-07-01T05:15:24.656919" level="INFO">GET Request : url=https://randomuser.me/api 
 path_url=/api 
 headers={'User-Agent': 'python-requests/2.32.3', 'Accept-Encoding': 'gzip, deflate', 'Accept': '*/*', 'Connection': 'keep-alive'} 
 body=None 
 </msg>
<msg time="2024-07-01T05:15:24.657026" level="INFO">GET Response : url=https://randomuser.me/api 
 status=200, reason=OK 
 headers={'Date': 'Mon, 01 Jul 2024 05:15:24 GMT', 'Content-Type': 'application/json; charset=utf-8', 'Transfer-Encoding': 'chunked', 'Connection': 'keep-alive', 'X-Powered-By': 'Express', 'Access-Control-Allow-Origin': '*', 'Cache-Control': 'no-cache', 'ETag': 'W/"48f-dpY7GD+dXkdqXbgjAEtgVfr/yrw"', 'Vary': 'Accept-Encoding', 'Content-Encoding': 'gzip', 'CF-Cache-Status': 'DYNAMIC', 'Report-To': '{"endpoints":[{"url":"https:\\/\\/a.nel.cloudflare.com\\/report\\/v4?s=9vYOfHY22mNtOIJTfUZDMiJK5D99eeakNol%2BsHLkPcHgMCMo8VOECV4%2Bnsd%2B0%2FPVtpR%2FfGj%2BVyaXRRBsTAJPFAx2ZPGCji4hTIGgrMAhdOW24wohPVuGYPhGxpJGfZ6J"}],"group":"cf-nel","max_age":604800}', 'NEL': '{"success_fraction":0,"report_to":"cf-nel","max_age":604800}', 'Server': 'cloudflare', 'CF-RAY': '89c3eb06783cd019-SJC', 'alt-svc': 'h3=":443"; ma=86400'} 
 body={"results":[{"gender":"female","name":{"title":"Mrs","first":"Neura","last":"de Souza"},"location":{"street":{"number":4548,"name":"Travessa dos Açorianos"},"city":"Araras","state":"São Paulo","country":"Brazil","postcode":73091,"coordinates":{"latitude":"-80.6980","longitude":"130.7577"},"timezone":{"offset":"-3:30","description":"Newfoundland"}},"email":"neura.desouza@example.com","login":{"uuid":"b5857f0f-b633-4de0-aeff-aab70d351bd7","username":"yellowostrich699","password":"zheng","salt":"zln35dO4","md5":"768edf6c0c9d0d6afdf12c80eae2be17","sha1":"7b11311f3441439fa0267d81e67647460f4795ac","sha256":"491a3c9568b82106ac907c828c4bddc34c7e9a850674bf252f5ede72b3d4a36b"},"dob":{"date":"1983-12-01T20:24:54.357Z","age":40},"registered":{"date":"2011-11-20T01:40:11.029Z","age":12},"phone":"(82) 3178-4387","cell":"(35) 9228-4472","id":{"name":"CPF","value":"642.533.586-95"},"picture":{"large":"https://randomuser.me/api/portraits/women/3.jpg","medium":"https://randomuser.me/api/portraits/med/women/3.jpg","thumbnail":"https://randomuser.me/api/portraits/thumb/women/3.jpg"},"nat":"BR"}],"info":{"seed":"2e2782251c3e599c","results":1,"page":1,"version":"1.4"}} 
 </msg>
<msg time="2024-07-01T05:15:24.657107" level="INFO">/opt/hostedtoolcache/Python/3.12.4/x64/lib/python3.12/site-packages/urllib3/connectionpool.py:1099: InsecureRequestWarning: Unverified HTTPS request is being made to host 'randomuser.me'. Adding certificate verification is strongly advised. See: https://urllib3.readthedocs.io/en/latest/advanced-usage.html#tls-warnings
  warnings.warn(</msg>
<msg time="2024-07-01T05:15:24.657227" level="INFO">${response} = &lt;Response [200]&gt;</msg>
<var>${response}</var>
<arg>consultarAPI</arg>
<arg>/api</arg>
<doc>Sends a GET request on a previously created HTTP Session.</doc>
<status status="PASS" start="2024-07-01T05:15:24.556981" elapsed="0.100286"/>
</kw>
<kw name="Set Variable" owner="BuiltIn">
<msg time="2024-07-01T05:15:24.658336" level="INFO">${json_data} = {'results': [{'gender': 'female', 'name': {'title': 'Mrs', 'first': 'Neura', 'last': 'de Souza'}, 'location': {'street': {'number': 4548, 'name': 'Travessa dos Açorianos'}, 'city': 'Araras', 'state': ...</msg>
<var>${json_data}</var>
<arg>${response.json()}</arg>
<doc>Returns the given values which can then be assigned to a variables.</doc>
<status status="PASS" start="2024-07-01T05:15:24.657808" elapsed="0.000557"/>
</kw>
<kw name="Set Variable" owner="BuiltIn">
<msg time="2024-07-01T05:15:24.659050" level="INFO">${name_title} = Mrs</msg>
<var>${name_title}</var>
<arg>${json_data["results"][0]["name"]["title"]}</arg>
<doc>Returns the given values which can then be assigned to a variables.</doc>
<status status="PASS" start="2024-07-01T05:15:24.658666" elapsed="0.000409"/>
</kw>
<kw name="Create List" owner="BuiltIn">
<msg time="2024-07-01T05:15:24.659508" level="INFO">${allowed_titles} = ['Mr', 'Ms', 'Miss', 'Mrs', 'Madame', 'Monsieur']</msg>
<var>${allowed_titles}</var>
<arg>Mr</arg>
<arg>Ms</arg>
<arg>Miss</arg>
<arg>Mrs</arg>
<arg>Madame</arg>
<arg>Monsieur</arg>
<doc>Returns a list containing given items.</doc>
<status status="PASS" start="2024-07-01T05:15:24.659364" elapsed="0.000167"/>
</kw>
<kw name="List Should Contain Value" owner="Collections">
<arg>${allowed_titles}</arg>
<arg>${name_title}</arg>
<doc>Fails if the ``value`` is not found from ``list``.</doc>
<status status="PASS" start="2024-07-01T05:15:24.659825" elapsed="0.000180"/>
</kw>
<kw name="Set Variable" owner="BuiltIn">
<msg time="2024-07-01T05:15:24.660542" level="INFO">${name_country} = BR</msg>
<var>${name_country}</var>
<arg>${json_data["results"][0]["nat"]}</arg>
<doc>Returns the given values which can then be assigned to a variables.</doc>
<status status="PASS" start="2024-07-01T05:15:24.660180" elapsed="0.000386"/>
</kw>
<kw name="Create List" owner="BuiltIn">
<msg time="2024-07-01T05:15:24.661491" level="INFO">${list_country} = ['AD', 'AE', 'AF', 'AG', 'AI', 'AL', 'AM', 'AO', 'AQ', 'AR', 'AS', 'AT', 'AU', 'AW', 'AX', 'AZ', 'BA', 'BB', 'BD', 'BE', 'BF', 'BG', 'BH', 'BI', 'BJ', 'BL', 'BM', 'BN', 'BO', 'BQ', 'BR', 'BS', 'BT', '...</msg>
<var>${list_country}</var>
<arg>AD</arg>
<arg>AE</arg>
<arg>AF</arg>
<arg>AG</arg>
<arg>AI</arg>
<arg>AL</arg>
<arg>AM</arg>
<arg>AO</arg>
<arg>AQ</arg>
<arg>AR</arg>
<arg>AS</arg>
<arg>AT</arg>
<arg>AU</arg>
<arg>AW</arg>
<arg>AX</arg>
<arg>AZ</arg>
<arg>BA</arg>
<arg>BB</arg>
<arg>BD</arg>
<arg>BE</arg>
<arg>BF</arg>
<arg>BG</arg>
<arg>BH</arg>
<arg>BI</arg>
<arg>BJ</arg>
<arg>BL</arg>
<arg>BM</arg>
<arg>BN</arg>
<arg>BO</arg>
<arg>BQ</arg>
<arg>BR</arg>
<arg>BS</arg>
<arg>BT</arg>
<arg>BV</arg>
<arg>BW</arg>
<arg>BY</arg>
<arg>BZ</arg>
<arg>CA</arg>
<arg>CC</arg>
<arg>CD</arg>
<arg>CF</arg>
<arg>CG</arg>
<arg>CH</arg>
<arg>CI</arg>
<arg>CK</arg>
<arg>CL</arg>
<arg>CM</arg>
<arg>CN</arg>
<arg>CO</arg>
<arg>CR</arg>
<arg>CU</arg>
<arg>CV</arg>
<arg>CW</arg>
<arg>CX</arg>
<arg>CY</arg>
<arg>CZ</arg>
<arg>DE</arg>
<arg>DJ</arg>
<arg>DK</arg>
<arg>DM</arg>
<arg>DO</arg>
<arg>DZ</arg>
<arg>EC</arg>
<arg>EE</arg>
<arg>EG</arg>
<arg>EH</arg>
<arg>ER</arg>
<arg>ES</arg>
<arg>ET</arg>
<arg>FI</arg>
<arg>FJ</arg>
<arg>FK</arg>
<arg>FM</arg>
<arg>FO</arg>
<arg>FR</arg>
<arg>GA</arg>
<arg>GB</arg>
<arg>GD</arg>
<arg>GE</arg>
<arg>GF</arg>
<arg>GG</arg>
<arg>GH</arg>
<arg>GI</arg>
<arg>GL</arg>
<arg>GM</arg>
<arg>GN</arg>
<arg>GP</arg>
<arg>GQ</arg>
<arg>GR</arg>
<arg>GS</arg>
<arg>GT</arg>
<arg>GU</arg>
<arg>GW</arg>
<arg>GY</arg>
<arg>HK</arg>
<arg>HM</arg>
<arg>HN</arg>
<arg>HR</arg>
<arg>HT</arg>
<arg>HU</arg>
<arg>ID</arg>
<arg>IE</arg>
<arg>IL</arg>
<arg>IM</arg>
<arg>IN</arg>
<arg>IO</arg>
<arg>IQ</arg>
<arg>IR</arg>
<arg>IS</arg>
<arg>IT</arg>
<arg>JE</arg>
<arg>JM</arg>
<arg>JO</arg>
<arg>JP</arg>
<arg>KE</arg>
<arg>KG</arg>
<arg>KH</arg>
<arg>KI</arg>
<arg>KM</arg>
<arg>KN</arg>
<arg>KP</arg>
<arg>KR</arg>
<arg>KW</arg>
<arg>KY</arg>
<arg>KZ</arg>
<arg>LA</arg>
<arg>LB</arg>
<arg>LC</arg>
<arg>LI</arg>
<arg>LK</arg>
<arg>LR</arg>
<arg>LS</arg>
<arg>LT</arg>
<arg>LU</arg>
<arg>LV</arg>
<arg>LY</arg>
<arg>MA</arg>
<arg>MC</arg>
<arg>MD</arg>
<arg>ME</arg>
<arg>MF</arg>
<arg>MG</arg>
<arg>MH</arg>
<arg>MK</arg>
<arg>ML</arg>
<arg>MM</arg>
<arg>MN</arg>
<arg>MO</arg>
<arg>MP</arg>
<arg>MQ</arg>
<arg>MR</arg>
<arg>MS</arg>
<arg>MT</arg>
<arg>MU</arg>
<arg>MV</arg>
<arg>MW</arg>
<arg>MX</arg>
<arg>MY</arg>
<arg>MZ</arg>
<arg>NA</arg>
<arg>NC</arg>
<arg>NE</arg>
<arg>NF</arg>
<arg>NG</arg>
<arg>NI</arg>
<arg>NL</arg>
<arg>NO</arg>
<arg>NP</arg>
<arg>NR</arg>
<arg>NU</arg>
<arg>NZ</arg>
<arg>OM</arg>
<arg>PA</arg>
<arg>PE</arg>
<arg>PF</arg>
<arg>PG</arg>
<arg>PH</arg>
<arg>PK</arg>
<arg>PL</arg>
<arg>PM</arg>
<arg>PN</arg>
<arg>PR</arg>
<arg>PS</arg>
<arg>PT</arg>
<arg>PW</arg>
<arg>PY</arg>
<arg>QA</arg>
<arg>RE</arg>
<arg>RO</arg>
<arg>RS</arg>
<arg>RU</arg>
<arg>RW</arg>
<arg>SA</arg>
<arg>SB</arg>
<arg>SC</arg>
<arg>SD</arg>
<arg>SE</arg>
<arg>SG</arg>
<arg>SH</arg>
<arg>SI</arg>
<arg>SJ</arg>
<arg>SK</arg>
<arg>SL</arg>
<arg>SM</arg>
<arg>SN</arg>
<arg>SO</arg>
<arg>SR</arg>
<arg>SS</arg>
<arg>ST</arg>
<arg>SV</arg>
<arg>SX</arg>
<arg>SY</arg>
<arg>SZ</arg>
<arg>TC</arg>
<arg>TD</arg>
<arg>TF</arg>
<arg>TG</arg>
<arg>TH</arg>
<arg>TJ</arg>
<arg>TK</arg>
<arg>TL</arg>
<arg>TM</arg>
<arg>TN</arg>
<arg>TO</arg>
<arg>TR</arg>
<arg>TT</arg>
<arg>TV</arg>
<arg>TW</arg>
<arg>TZ</arg>
<arg>UA</arg>
<arg>UG</arg>
<arg>UM</arg>
<arg>US</arg>
<arg>UY</arg>
<arg>UZ</arg>
<arg>VA</arg>
<arg>VC</arg>
<arg>VE</arg>
<arg>VG</arg>
<arg>VI</arg>
<arg>VN</arg>
<arg>VU</arg>
<arg>WF</arg>
<arg>WS</arg>
<arg>XK</arg>
<arg>YE</arg>
<arg>YT</arg>
<arg>ZA</arg>
<arg>ZM</arg>
<arg>ZW</arg>
<doc>Returns a list containing given items.</doc>
<status status="PASS" start="2024-07-01T05:15:24.660887" elapsed="0.000628"/>
</kw>
<kw name="List Should Contain Value" owner="Collections">
<arg>${list_country}</arg>
<arg>${name_country}</arg>
<doc>Fails if the ``value`` is not found from ``list``.</doc>
<status status="PASS" start="2024-07-01T05:15:24.662313" elapsed="0.000199"/>
</kw>
<kw name="Run Keyword If" owner="BuiltIn">
<kw name="Should Be True" owner="BuiltIn">
<arg>${True}</arg>
<doc>Fails if the given condition is not true.</doc>
<status status="PASS" start="2024-07-01T05:15:24.663440" elapsed="0.000141"/>
</kw>
<arg>${json_data["results"][0]["location"]["coordinates"]["latitude"]} &gt;= -90 and ${json_data["results"][0]["location"]["coordinates"]["latitude"]} &lt;= 90</arg>
<arg>Should Be True</arg>
<arg>${True}</arg>
<doc>Runs the given keyword with the given arguments, if ``condition`` is true.</doc>
<status status="PASS" start="2024-07-01T05:15:24.662702" elapsed="0.001002"/>
</kw>
<kw name="Run Keyword If" owner="BuiltIn">
<kw name="Should Be True" owner="BuiltIn">
<arg>${True}</arg>
<doc>Fails if the given condition is not true.</doc>
<status status="PASS" start="2024-07-01T05:15:24.664562" elapsed="0.000262"/>
</kw>
<arg>${json_data["results"][0]["location"]["coordinates"]["longitude"]} &gt;= -180 and ${json_data["results"][0]["location"]["coordinates"]["longitude"]} &lt;= 180</arg>
<arg>Should Be True</arg>
<arg>${True}</arg>
<doc>Runs the given keyword with the given arguments, if ``condition`` is true.</doc>
<status status="PASS" start="2024-07-01T05:15:24.663879" elapsed="0.001075"/>
</kw>
<status status="PASS" start="2024-07-01T05:15:24.556734" elapsed="0.108351"/>
</kw>
<doc>Testa o conteúdo específico dos campos retornados pela API.</doc>
<tag>testeConteudo</tag>
<status status="PASS" start="2024-07-01T05:15:24.556268" elapsed="0.108968"/>
</test>
<status status="PASS" start="2024-07-01T05:15:23.631755" elapsed="1.035451"/>
</suite>
<status status="PASS" start="2024-07-01T05:15:23.617274" elapsed="1.055040"/>
</suite>
<statistics>
<total>
<stat pass="5" fail="0" skip="0">All Tests</stat>
</total>
<tag>
<stat pass="1" fail="0" skip="0">testeConteudo</stat>
<stat pass="1" fail="0" skip="0">testeEstruturaResposta</stat>
<stat pass="1" fail="0" skip="0">testeRequisicaoBasica</stat>
<stat pass="1" fail="0" skip="0">testeTiposDados</stat>
</tag>
<suite>
<stat pass="5" fail="0" skip="0" id="s1" name="Tests">Tests</stat>
<stat pass="5" fail="0" skip="0" id="s1-s1" name="Random-User-Test">Tests.Random-User-Test</stat>
</suite>
</statistics>
<errors>
</errors>
</robot>
