<?xml version="1.0" encoding="UTF-8"?>
<robot generator="Robot 7.0 (Python 3.12.3 on linux)" generated="2024-05-18T08:16:25.377106" rpa="false" schemaversion="5">
<suite id="s1" name="Tests" source="/home/runner/work/DesafioQAItauRogerioJordao/DesafioQAItauRogerioJordao/RamdonUser/tests">
<suite id="s1-s1" name="Random-User-Test" source="/home/runner/work/DesafioQAItauRogerioJordao/DesafioQAItauRogerioJordao/RamdonUser/tests/random-user-test.robot">
<test id="s1-s1-t1" name="Conectar" line="13">
<kw name="Conectar API" owner="random-user-service">
<kw name="Create Session" owner="RequestsLibrary">
<msg time="2024-05-18T08:16:25.731714" level="INFO">Creating Session using : alias=consultarAPI, url=https://randomuser.me/, headers={},                     cookies={}, auth=None, timeout=None, proxies=None, verify=False,                     debug=0 </msg>
<arg>consultarAPI</arg>
<arg>${URL}</arg>
<doc>Create Session: create a HTTP session to a server</doc>
<status status="PASS" start="2024-05-18T08:16:25.731513" elapsed="0.000371"/>
</kw>
<status status="PASS" start="2024-05-18T08:16:25.730551" elapsed="0.001675"/>
</kw>
<status status="PASS" start="2024-05-18T08:16:25.729976" elapsed="0.002444"/>
</test>
<test id="s1-s1-t2" name="Validar retorno 200 e JSON Válido" line="16">
<kw name="Teste de Requisicao Basica" owner="random-user-service">
<kw name="GET On Session" owner="RequestsLibrary">
<msg time="2024-05-18T08:16:25.843458" level="INFO">GET Request : url=https://randomuser.me/api 
 path_url=/api 
 headers={'User-Agent': 'python-requests/2.31.0', 'Accept-Encoding': 'gzip, deflate', 'Accept': '*/*', 'Connection': 'keep-alive'} 
 body=None 
 </msg>
<msg time="2024-05-18T08:16:25.843618" level="INFO">GET Response : url=https://randomuser.me/api 
 status=200, reason=OK 
 headers={'Date': 'Sat, 18 May 2024 08:16:25 GMT', 'Content-Type': 'application/json; charset=utf-8', 'Transfer-Encoding': 'chunked', 'Connection': 'keep-alive', 'X-Powered-By': 'Express', 'Access-Control-Allow-Origin': '*', 'Cache-Control': 'no-cache', 'ETag': 'W/"47f-C584HzeJRvZQL9y+oQKIHp6aSyQ"', 'Vary': 'Accept-Encoding', 'Content-Encoding': 'gzip', 'CF-Cache-Status': 'DYNAMIC', 'Report-To': '{"endpoints":[{"url":"https:\\/\\/a.nel.cloudflare.com\\/report\\/v4?s=0tujmhoZ0aBt37Rlt1gJ8Z0gRwPSnQh3WlZBWJiQuCECgHEs4JVi3Rvfpk9ETNpqKTmhKkWFXkiG4idt7krTu1gvvOy7WaneGGnST1DQwvP3g1llYEhCQwQHY3OLIoBr"}],"group":"cf-nel","max_age":604800}', 'NEL': '{"success_fraction":0,"report_to":"cf-nel","max_age":604800}', 'Server': 'cloudflare', 'CF-RAY': '885a67b10a946162-ORD', 'alt-svc': 'h3=":443"; ma=86400'} 
 body={"results":[{"gender":"male","name":{"title":"Mr","first":"David","last":"Moore"},"location":{"street":{"number":5909,"name":"Worcester Street"},"city":"Timaru","state":"Gisborne","country":"New Zealand","postcode":98347,"coordinates":{"latitude":"48.8807","longitude":"-107.1148"},"timezone":{"offset":"+5:30","description":"Bombay, Calcutta, Madras, New Delhi"}},"email":"david.moore@example.com","login":{"uuid":"48b9fd3f-e087-498b-a0a5-ee0171166653","username":"redgoose910","password":"1018","salt":"6cFBKFTj","md5":"2d77d2828edbe84d625e82dea26aaff1","sha1":"cb02b7c30af68efcd879ebac5e5ee8b007fc9944","sha256":"d3db68182aa0474bc4f7120dee7a7b62950fe89a59b9c4a590f01f0490da0154"},"dob":{"date":"1995-05-07T18:32:36.194Z","age":29},"registered":{"date":"2002-05-07T22:28:37.896Z","age":22},"phone":"(401)-434-3281","cell":"(970)-416-2851","id":{"name":"","value":null},"picture":{"large":"https://randomuser.me/api/portraits/men/8.jpg","medium":"https://randomuser.me/api/portraits/med/men/8.jpg","thumbnail":"https://randomuser.me/api/portraits/thumb/men/8.jpg"},"nat":"NZ"}],"info":{"seed":"04defcceabf3799e","results":1,"page":1,"version":"1.4"}} 
 </msg>
<msg time="2024-05-18T08:16:25.843709" level="INFO">/opt/hostedtoolcache/Python/3.12.3/x64/lib/python3.12/site-packages/urllib3/connectionpool.py:1103: InsecureRequestWarning: Unverified HTTPS request is being made to host 'randomuser.me'. Adding certificate verification is strongly advised. See: https://urllib3.readthedocs.io/en/latest/advanced-usage.html#tls-warnings
  warnings.warn(</msg>
<msg time="2024-05-18T08:16:25.843847" level="INFO">${response} = &lt;Response [200]&gt;</msg>
<var>${response}</var>
<arg>consultarAPI</arg>
<arg>/api</arg>
<doc>Sends a GET request on a previously created HTTP Session.</doc>
<status status="PASS" start="2024-05-18T08:16:25.735063" elapsed="0.108828"/>
</kw>
<kw name="Should Be Equal As Numbers" owner="BuiltIn">
<msg time="2024-05-18T08:16:25.844743" level="INFO">Argument types are:
&lt;class 'int'&gt;
&lt;class 'str'&gt;</msg>
<arg>${response.status_code}</arg>
<arg>200</arg>
<doc>Fails if objects are unequal after converting them to real numbers.</doc>
<status status="PASS" start="2024-05-18T08:16:25.844347" elapsed="0.000459"/>
</kw>
<kw name="Log" owner="BuiltIn">
<msg time="2024-05-18T08:16:25.845508" level="INFO">200</msg>
<arg>${response.status_code}</arg>
<doc>Logs the given message with the given level.</doc>
<status status="PASS" start="2024-05-18T08:16:25.845149" elapsed="0.000401"/>
</kw>
<kw name="Set Variable" owner="BuiltIn">
<msg time="2024-05-18T08:16:25.846280" level="INFO">${json_data} = {'results': [{'gender': 'male', 'name': {'title': 'Mr', 'first': 'David', 'last': 'Moore'}, 'location': {'street': {'number': 5909, 'name': 'Worcester Street'}, 'city': 'Timaru', 'state': 'Gisborne', ...</msg>
<var>${json_data}</var>
<arg>${response.json()}</arg>
<doc>Returns the given values which can then be assigned to a variables.</doc>
<status status="PASS" start="2024-05-18T08:16:25.845857" elapsed="0.000451"/>
</kw>
<kw name="Dictionary Should Contain Key" owner="Collections">
<msg time="2024-05-18T08:16:25.846772" level="INFO">False</msg>
<arg>${json_data}</arg>
<arg>results</arg>
<doc>Fails if ``key`` is not found from ``dictionary``.</doc>
<status status="PASS" start="2024-05-18T08:16:25.846606" elapsed="0.000205"/>
</kw>
<status status="PASS" start="2024-05-18T08:16:25.734789" elapsed="0.112303"/>
</kw>
<doc>Testa se a API responde corretamente e retorna um objeto JSON válido.</doc>
<tag>testeRequisicaoBasica</tag>
<status status="PASS" start="2024-05-18T08:16:25.734272" elapsed="0.112998"/>
</test>
<test id="s1-s1-t3" name="Validar estrutura de resposta" line="22">
<kw name="Teste de Estrutura de Resposta" owner="random-user-service">
<kw name="GET On Session" owner="RequestsLibrary">
<msg time="2024-05-18T08:16:25.910791" level="INFO">GET Request : url=https://randomuser.me/api 
 path_url=/api 
 headers={'User-Agent': 'python-requests/2.31.0', 'Accept-Encoding': 'gzip, deflate', 'Accept': '*/*', 'Connection': 'keep-alive'} 
 body=None 
 </msg>
<msg time="2024-05-18T08:16:25.910866" level="INFO">GET Response : url=https://randomuser.me/api 
 status=200, reason=OK 
 headers={'Date': 'Sat, 18 May 2024 08:16:25 GMT', 'Content-Type': 'application/json; charset=utf-8', 'Transfer-Encoding': 'chunked', 'Connection': 'keep-alive', 'X-Powered-By': 'Express', 'Access-Control-Allow-Origin': '*', 'Cache-Control': 'no-cache', 'ETag': 'W/"497-iUsSazqkGJAaxXF/bmG1syFKIxc"', 'Vary': 'Accept-Encoding', 'Content-Encoding': 'gzip', 'CF-Cache-Status': 'DYNAMIC', 'Report-To': '{"endpoints":[{"url":"https:\\/\\/a.nel.cloudflare.com\\/report\\/v4?s=cjGmP9fZHcLoWHlXXh6RTRyxb3NARjqIAYO21TCw0iP6ibrQEV6c7RcK7dU%2BjggQhqluyNQG6vTswxraFW5vDUWEmRsmO0wGhHhIJIBdjbF%2F1Z9qAVMJESnZBnJAP1Ud"}],"group":"cf-nel","max_age":604800}', 'NEL': '{"success_fraction":0,"report_to":"cf-nel","max_age":604800}', 'Server': 'cloudflare', 'CF-RAY': '885a67b19ae26162-ORD', 'alt-svc': 'h3=":443"; ma=86400'} 
 body={"results":[{"gender":"female","name":{"title":"Miss","first":"Eva","last":"Oquendo"},"location":{"street":{"number":7533,"name":"Viaducto Quintana Roo"},"city":"Tanlajas","state":"Jalisco","country":"Mexico","postcode":54465,"coordinates":{"latitude":"26.1076","longitude":"57.6628"},"timezone":{"offset":"-1:00","description":"Azores, Cape Verde Islands"}},"email":"eva.oquendo@example.com","login":{"uuid":"6a36cfd7-7057-40ba-ac24-9d1d858abbc4","username":"brownmeercat875","password":"biguns","salt":"cxCaRQlW","md5":"3fa6bdefabcfeaa476557fec07b27be5","sha1":"99c4792dc7cc618a21a386b8bdaa8fdce9fa7348","sha256":"06b87c0f445711eb9487c0a70b2559385c67dcbca363385408278b66e16817dc"},"dob":{"date":"1950-02-20T23:52:34.486Z","age":74},"registered":{"date":"2019-05-19T00:20:35.686Z","age":4},"phone":"(635) 667 8217","cell":"(681) 914 6644","id":{"name":"NSS","value":"83 35 19 3684 1"},"picture":{"large":"https://randomuser.me/api/portraits/women/48.jpg","medium":"https://randomuser.me/api/portraits/med/women/48.jpg","thumbnail":"https://randomuser.me/api/portraits/thumb/women/48.jpg"},"nat":"MX"}],"info":{"seed":"bb1ab1df7206aec3","results":1,"page":1,"version":"1.4"}} 
 </msg>
<msg time="2024-05-18T08:16:25.910960" level="INFO">/opt/hostedtoolcache/Python/3.12.3/x64/lib/python3.12/site-packages/urllib3/connectionpool.py:1103: InsecureRequestWarning: Unverified HTTPS request is being made to host 'randomuser.me'. Adding certificate verification is strongly advised. See: https://urllib3.readthedocs.io/en/latest/advanced-usage.html#tls-warnings
  warnings.warn(</msg>
<msg time="2024-05-18T08:16:25.911103" level="INFO">${response} = &lt;Response [200]&gt;</msg>
<var>${response}</var>
<arg>consultarAPI</arg>
<arg>/api</arg>
<doc>Sends a GET request on a previously created HTTP Session.</doc>
<status status="PASS" start="2024-05-18T08:16:25.849852" elapsed="0.061295"/>
</kw>
<kw name="Set Variable" owner="BuiltIn">
<msg time="2024-05-18T08:16:25.911951" level="INFO">${json_data} = {'results': [{'gender': 'female', 'name': {'title': 'Miss', 'first': 'Eva', 'last': 'Oquendo'}, 'location': {'street': {'number': 7533, 'name': 'Viaducto Quintana Roo'}, 'city': 'Tanlajas', 'state': '...</msg>
<var>${json_data}</var>
<arg>${response.json()}</arg>
<doc>Returns the given values which can then be assigned to a variables.</doc>
<status status="PASS" start="2024-05-18T08:16:25.911495" elapsed="0.000487"/>
</kw>
<kw name="Log" owner="BuiltIn">
<msg time="2024-05-18T08:16:25.912532" level="INFO">{'results': [{'gender': 'female', 'name': {'title': 'Miss', 'first': 'Eva', 'last': 'Oquendo'}, 'location': {'street': {'number': 7533, 'name': 'Viaducto Quintana Roo'}, 'city': 'Tanlajas', 'state': 'Jalisco', 'country': 'Mexico', 'postcode': 54465, 'coordinates': {'latitude': '26.1076', 'longitude': '57.6628'}, 'timezone': {'offset': '-1:00', 'description': 'Azores, Cape Verde Islands'}}, 'email': 'eva.oquendo@example.com', 'login': {'uuid': '6a36cfd7-7057-40ba-ac24-9d1d858abbc4', 'username': 'brownmeercat875', 'password': 'biguns', 'salt': 'cxCaRQlW', 'md5': '3fa6bdefabcfeaa476557fec07b27be5', 'sha1': '99c4792dc7cc618a21a386b8bdaa8fdce9fa7348', 'sha256': '06b87c0f445711eb9487c0a70b2559385c67dcbca363385408278b66e16817dc'}, 'dob': {'date': '1950-02-20T23:52:34.486Z', 'age': 74}, 'registered': {'date': '2019-05-19T00:20:35.686Z', 'age': 4}, 'phone': '(635) 667 8217', 'cell': '(681) 914 6644', 'id': {'name': 'NSS', 'value': '83 35 19 3684 1'}, 'picture': {'large': 'https://randomuser.me/api/portraits/women/48.jpg', 'medium': 'https://randomuser.me/api/portraits/med/women/48.jpg', 'thumbnail': 'https://randomuser.me/api/portraits/thumb/women/48.jpg'}, 'nat': 'MX'}], 'info': {'seed': 'bb1ab1df7206aec3', 'results': 1, 'page': 1, 'version': '1.4'}}</msg>
<arg>${json_data}</arg>
<doc>Logs the given message with the given level.</doc>
<status status="PASS" start="2024-05-18T08:16:25.912327" elapsed="0.000258"/>
</kw>
<kw name="Dictionary Should Contain Key" owner="Collections">
<msg time="2024-05-18T08:16:25.913053" level="INFO">False</msg>
<arg>${json_data}</arg>
<arg>results</arg>
<doc>Fails if ``key`` is not found from ``dictionary``.</doc>
<status status="PASS" start="2024-05-18T08:16:25.912897" elapsed="0.000194"/>
</kw>
<kw name="Should Not Be Empty" owner="BuiltIn">
<msg time="2024-05-18T08:16:25.913527" level="INFO">Length is 2.</msg>
<arg>${json_data}</arg>
<doc>Verifies that the given item is not empty.</doc>
<status status="PASS" start="2024-05-18T08:16:25.913384" elapsed="0.000305"/>
</kw>
<kw name="Create List" owner="BuiltIn">
<msg time="2024-05-18T08:16:25.914141" level="INFO">${expected_keys} = ['gender', 'name', 'location', 'email', 'login']</msg>
<var>${expected_keys}</var>
<arg>gender</arg>
<arg>name</arg>
<arg>location</arg>
<arg>email</arg>
<arg>login</arg>
<doc>Returns a list containing given items.</doc>
<status status="PASS" start="2024-05-18T08:16:25.913986" elapsed="0.000179"/>
</kw>
<for flavor="IN">
<iter>
<kw name="Dictionary Should Contain Key" owner="Collections">
<msg time="2024-05-18T08:16:25.915167" level="INFO">False</msg>
<arg>${json_data['results'][0]}</arg>
<arg>${key}</arg>
<doc>Fails if ``key`` is not found from ``dictionary``.</doc>
<status status="PASS" start="2024-05-18T08:16:25.914719" elapsed="0.000487"/>
</kw>
<kw name="Log" owner="BuiltIn">
<msg time="2024-05-18T08:16:25.915881" level="INFO">{'gender': 'female', 'name': {'title': 'Miss', 'first': 'Eva', 'last': 'Oquendo'}, 'location': {'street': {'number': 7533, 'name': 'Viaducto Quintana Roo'}, 'city': 'Tanlajas', 'state': 'Jalisco', 'country': 'Mexico', 'postcode': 54465, 'coordinates': {'latitude': '26.1076', 'longitude': '57.6628'}, 'timezone': {'offset': '-1:00', 'description': 'Azores, Cape Verde Islands'}}, 'email': 'eva.oquendo@example.com', 'login': {'uuid': '6a36cfd7-7057-40ba-ac24-9d1d858abbc4', 'username': 'brownmeercat875', 'password': 'biguns', 'salt': 'cxCaRQlW', 'md5': '3fa6bdefabcfeaa476557fec07b27be5', 'sha1': '99c4792dc7cc618a21a386b8bdaa8fdce9fa7348', 'sha256': '06b87c0f445711eb9487c0a70b2559385c67dcbca363385408278b66e16817dc'}, 'dob': {'date': '1950-02-20T23:52:34.486Z', 'age': 74}, 'registered': {'date': '2019-05-19T00:20:35.686Z', 'age': 4}, 'phone': '(635) 667 8217', 'cell': '(681) 914 6644', 'id': {'name': 'NSS', 'value': '83 35 19 3684 1'}, 'picture': {'large': 'https://randomuser.me/api/portraits/women/48.jpg', 'medium': 'https://randomuser.me/api/portraits/med/women/48.jpg', 'thumbnail': 'https://randomuser.me/api/portraits/thumb/women/48.jpg'}, 'nat': 'MX'}</msg>
<arg>${json_data['results'][0]}</arg>
<doc>Logs the given message with the given level.</doc>
<status status="PASS" start="2024-05-18T08:16:25.915509" elapsed="0.000420"/>
</kw>
<kw name="Log" owner="BuiltIn">
<msg time="2024-05-18T08:16:25.916357" level="INFO">gender</msg>
<arg>${key}</arg>
<doc>Logs the given message with the given level.</doc>
<status status="PASS" start="2024-05-18T08:16:25.916228" elapsed="0.000166"/>
</kw>
<var name="${key}">gender</var>
<status status="PASS" start="2024-05-18T08:16:25.914595" elapsed="0.002013"/>
</iter>
<iter>
<kw name="Dictionary Should Contain Key" owner="Collections">
<msg time="2024-05-18T08:16:25.917295" level="INFO">False</msg>
<arg>${json_data['results'][0]}</arg>
<arg>${key}</arg>
<doc>Fails if ``key`` is not found from ``dictionary``.</doc>
<status status="PASS" start="2024-05-18T08:16:25.916914" elapsed="0.000418"/>
</kw>
<kw name="Log" owner="BuiltIn">
<msg time="2024-05-18T08:16:25.918027" level="INFO">{'gender': 'female', 'name': {'title': 'Miss', 'first': 'Eva', 'last': 'Oquendo'}, 'location': {'street': {'number': 7533, 'name': 'Viaducto Quintana Roo'}, 'city': 'Tanlajas', 'state': 'Jalisco', 'country': 'Mexico', 'postcode': 54465, 'coordinates': {'latitude': '26.1076', 'longitude': '57.6628'}, 'timezone': {'offset': '-1:00', 'description': 'Azores, Cape Verde Islands'}}, 'email': 'eva.oquendo@example.com', 'login': {'uuid': '6a36cfd7-7057-40ba-ac24-9d1d858abbc4', 'username': 'brownmeercat875', 'password': 'biguns', 'salt': 'cxCaRQlW', 'md5': '3fa6bdefabcfeaa476557fec07b27be5', 'sha1': '99c4792dc7cc618a21a386b8bdaa8fdce9fa7348', 'sha256': '06b87c0f445711eb9487c0a70b2559385c67dcbca363385408278b66e16817dc'}, 'dob': {'date': '1950-02-20T23:52:34.486Z', 'age': 74}, 'registered': {'date': '2019-05-19T00:20:35.686Z', 'age': 4}, 'phone': '(635) 667 8217', 'cell': '(681) 914 6644', 'id': {'name': 'NSS', 'value': '83 35 19 3684 1'}, 'picture': {'large': 'https://randomuser.me/api/portraits/women/48.jpg', 'medium': 'https://randomuser.me/api/portraits/med/women/48.jpg', 'thumbnail': 'https://randomuser.me/api/portraits/thumb/women/48.jpg'}, 'nat': 'MX'}</msg>
<arg>${json_data['results'][0]}</arg>
<doc>Logs the given message with the given level.</doc>
<status status="PASS" start="2024-05-18T08:16:25.917654" elapsed="0.000423"/>
</kw>
<kw name="Log" owner="BuiltIn">
<msg time="2024-05-18T08:16:25.918498" level="INFO">name</msg>
<arg>${key}</arg>
<doc>Logs the given message with the given level.</doc>
<status status="PASS" start="2024-05-18T08:16:25.918372" elapsed="0.000164"/>
</kw>
<var name="${key}">name</var>
<status status="PASS" start="2024-05-18T08:16:25.916796" elapsed="0.001955"/>
</iter>
<iter>
<kw name="Dictionary Should Contain Key" owner="Collections">
<msg time="2024-05-18T08:16:25.919459" level="INFO">False</msg>
<arg>${json_data['results'][0]}</arg>
<arg>${key}</arg>
<doc>Fails if ``key`` is not found from ``dictionary``.</doc>
<status status="PASS" start="2024-05-18T08:16:25.919071" elapsed="0.000425"/>
</kw>
<kw name="Log" owner="BuiltIn">
<msg time="2024-05-18T08:16:25.920154" level="INFO">{'gender': 'female', 'name': {'title': 'Miss', 'first': 'Eva', 'last': 'Oquendo'}, 'location': {'street': {'number': 7533, 'name': 'Viaducto Quintana Roo'}, 'city': 'Tanlajas', 'state': 'Jalisco', 'country': 'Mexico', 'postcode': 54465, 'coordinates': {'latitude': '26.1076', 'longitude': '57.6628'}, 'timezone': {'offset': '-1:00', 'description': 'Azores, Cape Verde Islands'}}, 'email': 'eva.oquendo@example.com', 'login': {'uuid': '6a36cfd7-7057-40ba-ac24-9d1d858abbc4', 'username': 'brownmeercat875', 'password': 'biguns', 'salt': 'cxCaRQlW', 'md5': '3fa6bdefabcfeaa476557fec07b27be5', 'sha1': '99c4792dc7cc618a21a386b8bdaa8fdce9fa7348', 'sha256': '06b87c0f445711eb9487c0a70b2559385c67dcbca363385408278b66e16817dc'}, 'dob': {'date': '1950-02-20T23:52:34.486Z', 'age': 74}, 'registered': {'date': '2019-05-19T00:20:35.686Z', 'age': 4}, 'phone': '(635) 667 8217', 'cell': '(681) 914 6644', 'id': {'name': 'NSS', 'value': '83 35 19 3684 1'}, 'picture': {'large': 'https://randomuser.me/api/portraits/women/48.jpg', 'medium': 'https://randomuser.me/api/portraits/med/women/48.jpg', 'thumbnail': 'https://randomuser.me/api/portraits/thumb/women/48.jpg'}, 'nat': 'MX'}</msg>
<arg>${json_data['results'][0]}</arg>
<doc>Logs the given message with the given level.</doc>
<status status="PASS" start="2024-05-18T08:16:25.919794" elapsed="0.000407"/>
</kw>
<kw name="Log" owner="BuiltIn">
<msg time="2024-05-18T08:16:25.920620" level="INFO">location</msg>
<arg>${key}</arg>
<doc>Logs the given message with the given level.</doc>
<status status="PASS" start="2024-05-18T08:16:25.920496" elapsed="0.000162"/>
</kw>
<var name="${key}">location</var>
<status status="PASS" start="2024-05-18T08:16:25.918932" elapsed="0.001939"/>
</iter>
<iter>
<kw name="Dictionary Should Contain Key" owner="Collections">
<msg time="2024-05-18T08:16:25.921535" level="INFO">False</msg>
<arg>${json_data['results'][0]}</arg>
<arg>${key}</arg>
<doc>Fails if ``key`` is not found from ``dictionary``.</doc>
<status status="PASS" start="2024-05-18T08:16:25.921154" elapsed="0.000417"/>
</kw>
<kw name="Log" owner="BuiltIn">
<msg time="2024-05-18T08:16:25.922231" level="INFO">{'gender': 'female', 'name': {'title': 'Miss', 'first': 'Eva', 'last': 'Oquendo'}, 'location': {'street': {'number': 7533, 'name': 'Viaducto Quintana Roo'}, 'city': 'Tanlajas', 'state': 'Jalisco', 'country': 'Mexico', 'postcode': 54465, 'coordinates': {'latitude': '26.1076', 'longitude': '57.6628'}, 'timezone': {'offset': '-1:00', 'description': 'Azores, Cape Verde Islands'}}, 'email': 'eva.oquendo@example.com', 'login': {'uuid': '6a36cfd7-7057-40ba-ac24-9d1d858abbc4', 'username': 'brownmeercat875', 'password': 'biguns', 'salt': 'cxCaRQlW', 'md5': '3fa6bdefabcfeaa476557fec07b27be5', 'sha1': '99c4792dc7cc618a21a386b8bdaa8fdce9fa7348', 'sha256': '06b87c0f445711eb9487c0a70b2559385c67dcbca363385408278b66e16817dc'}, 'dob': {'date': '1950-02-20T23:52:34.486Z', 'age': 74}, 'registered': {'date': '2019-05-19T00:20:35.686Z', 'age': 4}, 'phone': '(635) 667 8217', 'cell': '(681) 914 6644', 'id': {'name': 'NSS', 'value': '83 35 19 3684 1'}, 'picture': {'large': 'https://randomuser.me/api/portraits/women/48.jpg', 'medium': 'https://randomuser.me/api/portraits/med/women/48.jpg', 'thumbnail': 'https://randomuser.me/api/portraits/thumb/women/48.jpg'}, 'nat': 'MX'}</msg>
<arg>${json_data['results'][0]}</arg>
<doc>Logs the given message with the given level.</doc>
<status status="PASS" start="2024-05-18T08:16:25.921871" elapsed="0.000409"/>
</kw>
<kw name="Log" owner="BuiltIn">
<msg time="2024-05-18T08:16:25.922700" level="INFO">email</msg>
<arg>${key}</arg>
<doc>Logs the given message with the given level.</doc>
<status status="PASS" start="2024-05-18T08:16:25.922575" elapsed="0.000162"/>
</kw>
<var name="${key}">email</var>
<status status="PASS" start="2024-05-18T08:16:25.921044" elapsed="0.001906"/>
</iter>
<iter>
<kw name="Dictionary Should Contain Key" owner="Collections">
<msg time="2024-05-18T08:16:25.923656" level="INFO">False</msg>
<arg>${json_data['results'][0]}</arg>
<arg>${key}</arg>
<doc>Fails if ``key`` is not found from ``dictionary``.</doc>
<status status="PASS" start="2024-05-18T08:16:25.923265" elapsed="0.000430"/>
</kw>
<kw name="Log" owner="BuiltIn">
<msg time="2024-05-18T08:16:25.924357" level="INFO">{'gender': 'female', 'name': {'title': 'Miss', 'first': 'Eva', 'last': 'Oquendo'}, 'location': {'street': {'number': 7533, 'name': 'Viaducto Quintana Roo'}, 'city': 'Tanlajas', 'state': 'Jalisco', 'country': 'Mexico', 'postcode': 54465, 'coordinates': {'latitude': '26.1076', 'longitude': '57.6628'}, 'timezone': {'offset': '-1:00', 'description': 'Azores, Cape Verde Islands'}}, 'email': 'eva.oquendo@example.com', 'login': {'uuid': '6a36cfd7-7057-40ba-ac24-9d1d858abbc4', 'username': 'brownmeercat875', 'password': 'biguns', 'salt': 'cxCaRQlW', 'md5': '3fa6bdefabcfeaa476557fec07b27be5', 'sha1': '99c4792dc7cc618a21a386b8bdaa8fdce9fa7348', 'sha256': '06b87c0f445711eb9487c0a70b2559385c67dcbca363385408278b66e16817dc'}, 'dob': {'date': '1950-02-20T23:52:34.486Z', 'age': 74}, 'registered': {'date': '2019-05-19T00:20:35.686Z', 'age': 4}, 'phone': '(635) 667 8217', 'cell': '(681) 914 6644', 'id': {'name': 'NSS', 'value': '83 35 19 3684 1'}, 'picture': {'large': 'https://randomuser.me/api/portraits/women/48.jpg', 'medium': 'https://randomuser.me/api/portraits/med/women/48.jpg', 'thumbnail': 'https://randomuser.me/api/portraits/thumb/women/48.jpg'}, 'nat': 'MX'}</msg>
<arg>${json_data['results'][0]}</arg>
<doc>Logs the given message with the given level.</doc>
<status status="PASS" start="2024-05-18T08:16:25.923991" elapsed="0.000413"/>
</kw>
<kw name="Log" owner="BuiltIn">
<msg time="2024-05-18T08:16:25.924826" level="INFO">login</msg>
<arg>${key}</arg>
<doc>Logs the given message with the given level.</doc>
<status status="PASS" start="2024-05-18T08:16:25.924701" elapsed="0.000163"/>
</kw>
<var name="${key}">login</var>
<status status="PASS" start="2024-05-18T08:16:25.923153" elapsed="0.001952"/>
</iter>
<var>${key}</var>
<value>@{expected_keys}</value>
<status status="PASS" start="2024-05-18T08:16:25.914416" elapsed="0.010815"/>
</for>
<kw name="Create List" owner="BuiltIn">
<msg time="2024-05-18T08:16:25.925558" level="INFO">${expected_keysTwo} = ['username', 'password']</msg>
<var>${expected_keysTwo}</var>
<arg>username</arg>
<arg>password</arg>
<doc>Returns a list containing given items.</doc>
<status status="PASS" start="2024-05-18T08:16:25.925423" elapsed="0.000159"/>
</kw>
<for flavor="IN">
<iter>
<kw name="Dictionary Should Contain Key" owner="Collections">
<msg time="2024-05-18T08:16:25.926458" level="INFO">False</msg>
<arg>${json_data['results'][0]['login']}</arg>
<arg>${keyTwo}</arg>
<doc>Fails if ``key`` is not found from ``dictionary``.</doc>
<status status="PASS" start="2024-05-18T08:16:25.926076" elapsed="0.000419"/>
</kw>
<kw name="Dictionary Should Contain Key" owner="Collections">
<msg time="2024-05-18T08:16:25.927196" level="INFO">False</msg>
<arg>${json_data['results'][0]['login']}</arg>
<arg>${keyTwo}</arg>
<doc>Fails if ``key`` is not found from ``dictionary``.</doc>
<status status="PASS" start="2024-05-18T08:16:25.926790" elapsed="0.000442"/>
</kw>
<kw name="Log" owner="BuiltIn">
<msg time="2024-05-18T08:16:25.927650" level="INFO">username</msg>
<arg>${keyTwo}</arg>
<doc>Logs the given message with the given level.</doc>
<status status="PASS" start="2024-05-18T08:16:25.927525" elapsed="0.000166"/>
</kw>
<var name="${keyTwo}">username</var>
<status status="PASS" start="2024-05-18T08:16:25.925967" elapsed="0.001937"/>
</iter>
<iter>
<kw name="Dictionary Should Contain Key" owner="Collections">
<msg time="2024-05-18T08:16:25.928666" level="INFO">False</msg>
<arg>${json_data['results'][0]['login']}</arg>
<arg>${keyTwo}</arg>
<doc>Fails if ``key`` is not found from ``dictionary``.</doc>
<status status="PASS" start="2024-05-18T08:16:25.928206" elapsed="0.000499"/>
</kw>
<kw name="Dictionary Should Contain Key" owner="Collections">
<msg time="2024-05-18T08:16:25.929374" level="INFO">False</msg>
<arg>${json_data['results'][0]['login']}</arg>
<arg>${keyTwo}</arg>
<doc>Fails if ``key`` is not found from ``dictionary``.</doc>
<status status="PASS" start="2024-05-18T08:16:25.929000" elapsed="0.000410"/>
</kw>
<kw name="Log" owner="BuiltIn">
<msg time="2024-05-18T08:16:25.929828" level="INFO">password</msg>
<arg>${keyTwo}</arg>
<doc>Logs the given message with the given level.</doc>
<status status="PASS" start="2024-05-18T08:16:25.929704" elapsed="0.000160"/>
</kw>
<var name="${keyTwo}">password</var>
<status status="PASS" start="2024-05-18T08:16:25.928095" elapsed="0.001980"/>
</iter>
<var>${keyTwo}</var>
<value>@{expected_keysTwo}</value>
<status status="PASS" start="2024-05-18T08:16:25.925817" elapsed="0.004377"/>
</for>
<status status="PASS" start="2024-05-18T08:16:25.849625" elapsed="0.080704"/>
</kw>
<doc>Testa a estrutura da resposta da API.</doc>
<tag>testeEstruturaResposta</tag>
<status status="PASS" start="2024-05-18T08:16:25.849054" elapsed="0.081420"/>
</test>
<test id="s1-s1-t4" name="Validar tipos de dados" line="28">
<kw name="Teste de Tipos de Dados" owner="random-user-service">
<kw name="GET On Session" owner="RequestsLibrary">
<msg time="2024-05-18T08:16:26.019201" level="INFO">GET Request : url=https://randomuser.me/api 
 path_url=/api 
 headers={'User-Agent': 'python-requests/2.31.0', 'Accept-Encoding': 'gzip, deflate', 'Accept': '*/*', 'Connection': 'keep-alive'} 
 body=None 
 </msg>
<msg time="2024-05-18T08:16:26.019283" level="INFO">GET Response : url=https://randomuser.me/api 
 status=200, reason=OK 
 headers={'Date': 'Sat, 18 May 2024 08:16:26 GMT', 'Content-Type': 'application/json; charset=utf-8', 'Transfer-Encoding': 'chunked', 'Connection': 'keep-alive', 'X-Powered-By': 'Express', 'Access-Control-Allow-Origin': '*', 'Cache-Control': 'no-cache', 'ETag': 'W/"484-bQaMt3QnoWneYM5+TP56YybTkMk"', 'Vary': 'Accept-Encoding', 'Content-Encoding': 'gzip', 'CF-Cache-Status': 'DYNAMIC', 'Report-To': '{"endpoints":[{"url":"https:\\/\\/a.nel.cloudflare.com\\/report\\/v4?s=Bfc4i089lFDI0JVVROTg3cQO7rUs6fJXeF2RxvLSz63DYEkmndbtWpEvSRe2r1%2BDxVecyEPZ0%2Fu9CRkkqo8qhHNS%2F6SboKkt54hn%2Fa2fq0KUI%2FPPr7PMCCVL0mJF5qnN"}],"group":"cf-nel","max_age":604800}', 'NEL': '{"success_fraction":0,"report_to":"cf-nel","max_age":604800}', 'Server': 'cloudflare', 'CF-RAY': '885a67b21b356162-ORD', 'alt-svc': 'h3=":443"; ma=86400'} 
 body={"results":[{"gender":"male","name":{"title":"Mr","first":"Arron","last":"Porter"},"location":{"street":{"number":5080,"name":"The Crescent"},"city":"Ennis","state":"Meath","country":"Ireland","postcode":30119,"coordinates":{"latitude":"-3.4805","longitude":"-51.4030"},"timezone":{"offset":"+10:00","description":"Eastern Australia, Guam, Vladivostok"}},"email":"arron.porter@example.com","login":{"uuid":"0be8d6a3-d5bd-4065-a79d-52573630c3af","username":"organicsnake388","password":"hooter","salt":"1vRZaxwl","md5":"5b15cfbb11b184e7c69acf941d479e77","sha1":"5e27c4e70e277c81b8e12ea216e73b2995234f8d","sha256":"156c124bb4782c002f9070c055275fe08622e669570bdb28dba54a13b1c23ba4"},"dob":{"date":"1953-12-14T15:08:59.424Z","age":70},"registered":{"date":"2009-03-19T04:22:49.016Z","age":15},"phone":"021-420-7169","cell":"081-193-8322","id":{"name":"PPS","value":"1000456T"},"picture":{"large":"https://randomuser.me/api/portraits/men/48.jpg","medium":"https://randomuser.me/api/portraits/med/men/48.jpg","thumbnail":"https://randomuser.me/api/portraits/thumb/men/48.jpg"},"nat":"IE"}],"info":{"seed":"3eb5faf155a3b9ce","results":1,"page":1,"version":"1.4"}} 
 </msg>
<msg time="2024-05-18T08:16:26.019353" level="INFO">/opt/hostedtoolcache/Python/3.12.3/x64/lib/python3.12/site-packages/urllib3/connectionpool.py:1103: InsecureRequestWarning: Unverified HTTPS request is being made to host 'randomuser.me'. Adding certificate verification is strongly advised. See: https://urllib3.readthedocs.io/en/latest/advanced-usage.html#tls-warnings
  warnings.warn(</msg>
<msg time="2024-05-18T08:16:26.019493" level="INFO">${response} = &lt;Response [200]&gt;</msg>
<var>${response}</var>
<arg>consultarAPI</arg>
<arg>/api</arg>
<doc>Sends a GET request on a previously created HTTP Session.</doc>
<status status="PASS" start="2024-05-18T08:16:25.932836" elapsed="0.086720"/>
</kw>
<kw name="Set Variable" owner="BuiltIn">
<msg time="2024-05-18T08:16:26.020473" level="INFO">${json_data} = {'results': [{'gender': 'male', 'name': {'title': 'Mr', 'first': 'Arron', 'last': 'Porter'}, 'location': {'street': {'number': 5080, 'name': 'The Crescent'}, 'city': 'Ennis', 'state': 'Meath', 'countr...</msg>
<var>${json_data}</var>
<arg>${response.json()}</arg>
<doc>Returns the given values which can then be assigned to a variables.</doc>
<status status="PASS" start="2024-05-18T08:16:26.020023" elapsed="0.000477"/>
</kw>
<kw name="Log" owner="BuiltIn">
<msg time="2024-05-18T08:16:26.020948" level="INFO">{'results': [{'gender': 'male', 'name': {'title': 'Mr', 'first': 'Arron', 'last': 'Porter'}, 'location': {'street': {'number': 5080, 'name': 'The Crescent'}, 'city': 'Ennis', 'state': 'Meath', 'country': 'Ireland', 'postcode': 30119, 'coordinates': {'latitude': '-3.4805', 'longitude': '-51.4030'}, 'timezone': {'offset': '+10:00', 'description': 'Eastern Australia, Guam, Vladivostok'}}, 'email': 'arron.porter@example.com', 'login': {'uuid': '0be8d6a3-d5bd-4065-a79d-52573630c3af', 'username': 'organicsnake388', 'password': 'hooter', 'salt': '1vRZaxwl', 'md5': '5b15cfbb11b184e7c69acf941d479e77', 'sha1': '5e27c4e70e277c81b8e12ea216e73b2995234f8d', 'sha256': '156c124bb4782c002f9070c055275fe08622e669570bdb28dba54a13b1c23ba4'}, 'dob': {'date': '1953-12-14T15:08:59.424Z', 'age': 70}, 'registered': {'date': '2009-03-19T04:22:49.016Z', 'age': 15}, 'phone': '021-420-7169', 'cell': '081-193-8322', 'id': {'name': 'PPS', 'value': '1000456T'}, 'picture': {'large': 'https://randomuser.me/api/portraits/men/48.jpg', 'medium': 'https://randomuser.me/api/portraits/med/men/48.jpg', 'thumbnail': 'https://randomuser.me/api/portraits/thumb/men/48.jpg'}, 'nat': 'IE'}], 'info': {'seed': '3eb5faf155a3b9ce', 'results': 1, 'page': 1, 'version': '1.4'}}</msg>
<arg>${json_data}</arg>
<doc>Logs the given message with the given level.</doc>
<status status="PASS" start="2024-05-18T08:16:26.020800" elapsed="0.000225"/>
</kw>
<kw name="Should Be String" owner="String">
<arg>${json_data['results'][0]['gender']}</arg>
<doc>Fails if the given ``item`` is not a string.</doc>
<status status="PASS" start="2024-05-18T08:16:26.021319" elapsed="0.000353"/>
</kw>
<kw name="Should Match Regexp" owner="BuiltIn">
<arg>${json_data['results'][0]['email']}</arg>
<arg>^[a-zA-Z0-9._%+-]+@[a-zA-Z0-9.-]+\.[a-zA-Z]{2,}$</arg>
<doc>Fails if ``string`` does not match ``pattern`` as a regular expression.</doc>
<status status="PASS" start="2024-05-18T08:16:26.021863" elapsed="0.000496"/>
</kw>
<kw name="Should Match Regexp" owner="BuiltIn">
<arg>${json_data['results'][0]['dob']['date']}</arg>
<arg>\\d{4}-\\d{2}-\\d{2}T\\d{2}:\\d{2}:\\d{2}\\.\\d{3}Z</arg>
<doc>Fails if ``string`` does not match ``pattern`` as a regular expression.</doc>
<status status="PASS" start="2024-05-18T08:16:26.022554" elapsed="0.000509"/>
</kw>
<kw name="Should Match Regexp" owner="BuiltIn">
<arg>${json_data['results'][0]['registered']['date']}</arg>
<arg>\\d{4}-\\d{2}-\\d{2}T\\d{2}:\\d{2}:\\d{2}\\.\\d{3}Z</arg>
<doc>Fails if ``string`` does not match ``pattern`` as a regular expression.</doc>
<status status="PASS" start="2024-05-18T08:16:26.023267" elapsed="0.000373"/>
</kw>
<kw name="Should Match Regexp" owner="BuiltIn">
<arg>${json_data['results'][0]['picture']['large']}</arg>
<arg>^https?://.*\.(?:png|jpe?g|gif|bmp)$</arg>
<doc>Fails if ``string`` does not match ``pattern`` as a regular expression.</doc>
<status status="PASS" start="2024-05-18T08:16:26.023835" elapsed="0.000454"/>
</kw>
<kw name="Should Match Regexp" owner="BuiltIn">
<arg>${json_data['results'][0]['picture']['medium']}</arg>
<arg>^https?://.*\.(?:png|jpe?g|gif|bmp)$</arg>
<doc>Fails if ``string`` does not match ``pattern`` as a regular expression.</doc>
<status status="PASS" start="2024-05-18T08:16:26.024475" elapsed="0.000354"/>
</kw>
<kw name="Should Match Regexp" owner="BuiltIn">
<arg>${json_data['results'][0]['picture']['thumbnail']}</arg>
<arg>^https?://.*\.(?:png|jpe?g|gif|bmp)$</arg>
<doc>Fails if ``string`` does not match ``pattern`` as a regular expression.</doc>
<status status="PASS" start="2024-05-18T08:16:26.025022" elapsed="0.000354"/>
</kw>
<kw name="Log" owner="BuiltIn">
<msg time="2024-05-18T08:16:26.025880" level="INFO">{'large': 'https://randomuser.me/api/portraits/men/48.jpg', 'medium': 'https://randomuser.me/api/portraits/med/men/48.jpg', 'thumbnail': 'https://randomuser.me/api/portraits/thumb/men/48.jpg'}</msg>
<arg>${json_data['results'][0]['picture']}</arg>
<doc>Logs the given message with the given level.</doc>
<status status="PASS" start="2024-05-18T08:16:26.025559" elapsed="0.000363"/>
</kw>
<status status="PASS" start="2024-05-18T08:16:25.932619" elapsed="0.093551"/>
</kw>
<kw name="Teste de Tipos de Dados - Postcode" owner="random-user-service">
<kw name="GET On Session" owner="RequestsLibrary">
<msg time="2024-05-18T08:16:26.126356" level="INFO">GET Request : url=https://randomuser.me/api 
 path_url=/api 
 headers={'User-Agent': 'python-requests/2.31.0', 'Accept-Encoding': 'gzip, deflate', 'Accept': '*/*', 'Connection': 'keep-alive'} 
 body=None 
 </msg>
<msg time="2024-05-18T08:16:26.126443" level="INFO">GET Response : url=https://randomuser.me/api 
 status=200, reason=OK 
 headers={'Date': 'Sat, 18 May 2024 08:16:26 GMT', 'Content-Type': 'application/json; charset=utf-8', 'Transfer-Encoding': 'chunked', 'Connection': 'keep-alive', 'X-Powered-By': 'Express', 'Access-Control-Allow-Origin': '*', 'Cache-Control': 'no-cache', 'ETag': 'W/"480-ZsPfNSaZfmhnOS2n01uv85hu3Wo"', 'Vary': 'Accept-Encoding', 'Content-Encoding': 'gzip', 'CF-Cache-Status': 'DYNAMIC', 'Report-To': '{"endpoints":[{"url":"https:\\/\\/a.nel.cloudflare.com\\/report\\/v4?s=OPMCv1IUc9n1IuZvwrS51nzu7TvVbImhdv56Hj8gDpLk%2FWgPsEgszQ0y5ecI00bDEkzz8eIJtdeMudTG4jqO05tKoQkYg2VKpsxUxQe%2FEcskt3ur2doaGeJuc%2FdkLyVB"}],"group":"cf-nel","max_age":604800}', 'NEL': '{"success_fraction":0,"report_to":"cf-nel","max_age":604800}', 'Server': 'cloudflare', 'CF-RAY': '885a67b2ab936162-ORD', 'alt-svc': 'h3=":443"; ma=86400'} 
 body={"results":[{"gender":"female","name":{"title":"Ms","first":"Adelen","last":"Føreland"},"location":{"street":{"number":948,"name":"Østhellinga"},"city":"Torvikbukt","state":"Hordaland","country":"Norway","postcode":"2068","coordinates":{"latitude":"41.6039","longitude":"72.0713"},"timezone":{"offset":"-12:00","description":"Eniwetok, Kwajalein"}},"email":"adelen.foreland@example.com","login":{"uuid":"03b01fd5-25b5-4fda-988f-758364c551a7","username":"yellowkoala403","password":"kick","salt":"wRv7ZOuI","md5":"e492225df1617c8a7bf17f24c91e18f4","sha1":"b52ca9d1a3becfdfded16b511afcdfa941658b91","sha256":"d4be7398ecfdd1d69da2d6e619bcdd4b85313eb607545eb52e6f4c3787d4b3bc"},"dob":{"date":"1976-05-18T01:03:55.233Z","age":48},"registered":{"date":"2006-05-29T01:37:25.393Z","age":17},"phone":"37331648","cell":"91587620","id":{"name":"FN","value":"18057646868"},"picture":{"large":"https://randomuser.me/api/portraits/women/37.jpg","medium":"https://randomuser.me/api/portraits/med/women/37.jpg","thumbnail":"https://randomuser.me/api/portraits/thumb/women/37.jpg"},"nat":"NO"}],"info":{"seed":"306f179dcf97b24b","results":1,"page":1,"version":"1.4"}} 
 </msg>
<msg time="2024-05-18T08:16:26.126505" level="INFO">/opt/hostedtoolcache/Python/3.12.3/x64/lib/python3.12/site-packages/urllib3/connectionpool.py:1103: InsecureRequestWarning: Unverified HTTPS request is being made to host 'randomuser.me'. Adding certificate verification is strongly advised. See: https://urllib3.readthedocs.io/en/latest/advanced-usage.html#tls-warnings
  warnings.warn(</msg>
<msg time="2024-05-18T08:16:26.126610" level="INFO">${response} = &lt;Response [200]&gt;</msg>
<var>${response}</var>
<arg>consultarAPI</arg>
<arg>/api</arg>
<doc>Sends a GET request on a previously created HTTP Session.</doc>
<status status="PASS" start="2024-05-18T08:16:26.026589" elapsed="0.100060"/>
</kw>
<kw name="Set Variable" owner="BuiltIn">
<msg time="2024-05-18T08:16:26.127515" level="INFO">${json_data} = {'results': [{'gender': 'female', 'name': {'title': 'Ms', 'first': 'Adelen', 'last': 'Føreland'}, 'location': {'street': {'number': 948, 'name': 'Østhellinga'}, 'city': 'Torvikbukt', 'state': 'Hordala...</msg>
<var>${json_data}</var>
<arg>${response.json()}</arg>
<doc>Returns the given values which can then be assigned to a variables.</doc>
<status status="PASS" start="2024-05-18T08:16:26.127050" elapsed="0.000495"/>
</kw>
<kw name="Log" owner="BuiltIn">
<msg time="2024-05-18T08:16:26.128027" level="INFO">{'results': [{'gender': 'female', 'name': {'title': 'Ms', 'first': 'Adelen', 'last': 'Føreland'}, 'location': {'street': {'number': 948, 'name': 'Østhellinga'}, 'city': 'Torvikbukt', 'state': 'Hordaland', 'country': 'Norway', 'postcode': '2068', 'coordinates': {'latitude': '41.6039', 'longitude': '72.0713'}, 'timezone': {'offset': '-12:00', 'description': 'Eniwetok, Kwajalein'}}, 'email': 'adelen.foreland@example.com', 'login': {'uuid': '03b01fd5-25b5-4fda-988f-758364c551a7', 'username': 'yellowkoala403', 'password': 'kick', 'salt': 'wRv7ZOuI', 'md5': 'e492225df1617c8a7bf17f24c91e18f4', 'sha1': 'b52ca9d1a3becfdfded16b511afcdfa941658b91', 'sha256': 'd4be7398ecfdd1d69da2d6e619bcdd4b85313eb607545eb52e6f4c3787d4b3bc'}, 'dob': {'date': '1976-05-18T01:03:55.233Z', 'age': 48}, 'registered': {'date': '2006-05-29T01:37:25.393Z', 'age': 17}, 'phone': '37331648', 'cell': '91587620', 'id': {'name': 'FN', 'value': '18057646868'}, 'picture': {'large': 'https://randomuser.me/api/portraits/women/37.jpg', 'medium': 'https://randomuser.me/api/portraits/med/women/37.jpg', 'thumbnail': 'https://randomuser.me/api/portraits/thumb/women/37.jpg'}, 'nat': 'NO'}], 'info': {'seed': '306f179dcf97b24b', 'results': 1, 'page': 1, 'version': '1.4'}}</msg>
<arg>${json_data}</arg>
<doc>Logs the given message with the given level.</doc>
<status status="PASS" start="2024-05-18T08:16:26.127867" elapsed="0.000238"/>
</kw>
<kw name="Should Be Equal As Numbers" owner="BuiltIn">
<arg>${json_data['results'][0]['location']['postcode']}</arg>
<arg>${json_data['results'][0]['location']['postcode']}</arg>
<doc>Fails if objects are unequal after converting them to real numbers.</doc>
<status status="PASS" start="2024-05-18T08:16:26.128540" elapsed="0.000621"/>
</kw>
<kw name="Log" owner="BuiltIn">
<msg time="2024-05-18T08:16:26.129700" level="INFO">2068</msg>
<arg>${json_data['results'][0]['location']['postcode']}</arg>
<doc>Logs the given message with the given level.</doc>
<status status="PASS" start="2024-05-18T08:16:26.129360" elapsed="0.000381"/>
</kw>
<status status="PASS" start="2024-05-18T08:16:26.026376" elapsed="0.103617"/>
</kw>
<doc>Testa se os tipos de dados na resposta da API estão corretos.</doc>
<tag>testeTiposDados</tag>
<status status="PASS" start="2024-05-18T08:16:25.932202" elapsed="0.197948"/>
</test>
<test id="s1-s1-t5" name="Validar conteudo" line="35">
<kw name="Teste de Tipos de Conteudo" owner="random-user-service">
<kw name="GET On Session" owner="RequestsLibrary">
<msg time="2024-05-18T08:16:26.209011" level="INFO">GET Request : url=https://randomuser.me/api 
 path_url=/api 
 headers={'User-Agent': 'python-requests/2.31.0', 'Accept-Encoding': 'gzip, deflate', 'Accept': '*/*', 'Connection': 'keep-alive'} 
 body=None 
 </msg>
<msg time="2024-05-18T08:16:26.209095" level="INFO">GET Response : url=https://randomuser.me/api 
 status=200, reason=OK 
 headers={'Date': 'Sat, 18 May 2024 08:16:26 GMT', 'Content-Type': 'application/json; charset=utf-8', 'Transfer-Encoding': 'chunked', 'Connection': 'keep-alive', 'X-Powered-By': 'Express', 'Access-Control-Allow-Origin': '*', 'Cache-Control': 'no-cache', 'ETag': 'W/"477-VTC5u0RNtRNGDrNOL9zQ1fdGL8I"', 'Vary': 'Accept-Encoding', 'Content-Encoding': 'gzip', 'CF-Cache-Status': 'DYNAMIC', 'Report-To': '{"endpoints":[{"url":"https:\\/\\/a.nel.cloudflare.com\\/report\\/v4?s=6mTzDO6LDG1phRhBVVPSfZhNIHzNzmoJ2t7R3VK4BhykKnUASHrH5bw%2BrK7eQchIT1jLXSsXoZlytnFPQ6GfjMH%2Fou0PUEGliWW3ZFO6QYBJLp%2FtarRbjKZbp6nN9UMP"}],"group":"cf-nel","max_age":604800}', 'NEL': '{"success_fraction":0,"report_to":"cf-nel","max_age":604800}', 'Server': 'cloudflare', 'CF-RAY': '885a67b35bf76162-ORD', 'alt-svc': 'h3=":443"; ma=86400'} 
 body={"results":[{"gender":"male","name":{"title":"Mr","first":"Thom","last":"Sieben"},"location":{"street":{"number":7296,"name":"Eringalaan"},"city":"Ameland","state":"Zuid-Holland","country":"Netherlands","postcode":"5556 QK","coordinates":{"latitude":"36.6093","longitude":"-82.1358"},"timezone":{"offset":"+5:45","description":"Kathmandu"}},"email":"thom.sieben@example.com","login":{"uuid":"eacb80f5-1efd-4f94-8e86-8c952697541c","username":"orangegoose606","password":"torpedo","salt":"f3717LqW","md5":"35cfe0bbdca9d29e88b051cd1862b2f5","sha1":"243b6bbe053ac486b49179951da4cafbbd04b886","sha256":"0ca23e4861619abc4e030aabd7bcee247c42a4139c07d3ab395851532d08a958"},"dob":{"date":"1989-10-31T07:47:44.519Z","age":34},"registered":{"date":"2013-08-21T22:14:27.053Z","age":10},"phone":"(013) 6432170","cell":"(06) 81551692","id":{"name":"BSN","value":"82236591"},"picture":{"large":"https://randomuser.me/api/portraits/men/36.jpg","medium":"https://randomuser.me/api/portraits/med/men/36.jpg","thumbnail":"https://randomuser.me/api/portraits/thumb/men/36.jpg"},"nat":"NL"}],"info":{"seed":"5ffcaac86838b07a","results":1,"page":1,"version":"1.4"}} 
 </msg>
<msg time="2024-05-18T08:16:26.209167" level="INFO">/opt/hostedtoolcache/Python/3.12.3/x64/lib/python3.12/site-packages/urllib3/connectionpool.py:1103: InsecureRequestWarning: Unverified HTTPS request is being made to host 'randomuser.me'. Adding certificate verification is strongly advised. See: https://urllib3.readthedocs.io/en/latest/advanced-usage.html#tls-warnings
  warnings.warn(</msg>
<msg time="2024-05-18T08:16:26.209305" level="INFO">${response} = &lt;Response [200]&gt;</msg>
<var>${response}</var>
<arg>consultarAPI</arg>
<arg>/api</arg>
<doc>Sends a GET request on a previously created HTTP Session.</doc>
<status status="PASS" start="2024-05-18T08:16:26.132542" elapsed="0.076819"/>
</kw>
<kw name="Set Variable" owner="BuiltIn">
<msg time="2024-05-18T08:16:26.210171" level="INFO">${json_data} = {'results': [{'gender': 'male', 'name': {'title': 'Mr', 'first': 'Thom', 'last': 'Sieben'}, 'location': {'street': {'number': 7296, 'name': 'Eringalaan'}, 'city': 'Ameland', 'state': 'Zuid-Holland', '...</msg>
<var>${json_data}</var>
<arg>${response.json()}</arg>
<doc>Returns the given values which can then be assigned to a variables.</doc>
<status status="PASS" start="2024-05-18T08:16:26.209741" elapsed="0.000459"/>
</kw>
<kw name="Set Variable" owner="BuiltIn">
<msg time="2024-05-18T08:16:26.210879" level="INFO">${name_title} = Mr</msg>
<var>${name_title}</var>
<arg>${json_data["results"][0]["name"]["title"]}</arg>
<doc>Returns the given values which can then be assigned to a variables.</doc>
<status status="PASS" start="2024-05-18T08:16:26.210499" elapsed="0.000405"/>
</kw>
<kw name="Create List" owner="BuiltIn">
<msg time="2024-05-18T08:16:26.211395" level="INFO">${allowed_titles} = ['Mr', 'Ms', 'Miss', 'Mrs', 'Madame', 'Monsieur']</msg>
<var>${allowed_titles}</var>
<arg>Mr</arg>
<arg>Ms</arg>
<arg>Miss</arg>
<arg>Mrs</arg>
<arg>Madame</arg>
<arg>Monsieur</arg>
<doc>Returns a list containing given items.</doc>
<status status="PASS" start="2024-05-18T08:16:26.211245" elapsed="0.000175"/>
</kw>
<kw name="List Should Contain Value" owner="Collections">
<msg time="2024-05-18T08:16:26.211887" level="INFO">False</msg>
<arg>${allowed_titles}</arg>
<arg>${name_title}</arg>
<doc>Fails if the ``value`` is not found from ``list``.</doc>
<status status="PASS" start="2024-05-18T08:16:26.211718" elapsed="0.000206"/>
</kw>
<kw name="Set Variable" owner="BuiltIn">
<msg time="2024-05-18T08:16:26.212607" level="INFO">${name_country} = NL</msg>
<var>${name_country}</var>
<arg>${json_data["results"][0]["nat"]}</arg>
<doc>Returns the given values which can then be assigned to a variables.</doc>
<status status="PASS" start="2024-05-18T08:16:26.212226" elapsed="0.000406"/>
</kw>
<kw name="Create List" owner="BuiltIn">
<msg time="2024-05-18T08:16:26.213540" level="INFO">${list_country} = ['AD', 'AE', 'AF', 'AG', 'AI', 'AL', 'AM', 'AO', 'AQ', 'AR', 'AS', 'AT', 'AU', 'AW', 'AX', 'AZ', 'BA', 'BB', 'BD', 'BE', 'BF', 'BG', 'BH', 'BI', 'BJ', 'BL', 'BM', 'BN', 'BO', 'BQ', 'BR', 'BS', 'BT', '...</msg>
<var>${list_country}</var>
<arg>AD</arg>
<arg>AE</arg>
<arg>AF</arg>
<arg>AG</arg>
<arg>AI</arg>
<arg>AL</arg>
<arg>AM</arg>
<arg>AO</arg>
<arg>AQ</arg>
<arg>AR</arg>
<arg>AS</arg>
<arg>AT</arg>
<arg>AU</arg>
<arg>AW</arg>
<arg>AX</arg>
<arg>AZ</arg>
<arg>BA</arg>
<arg>BB</arg>
<arg>BD</arg>
<arg>BE</arg>
<arg>BF</arg>
<arg>BG</arg>
<arg>BH</arg>
<arg>BI</arg>
<arg>BJ</arg>
<arg>BL</arg>
<arg>BM</arg>
<arg>BN</arg>
<arg>BO</arg>
<arg>BQ</arg>
<arg>BR</arg>
<arg>BS</arg>
<arg>BT</arg>
<arg>BV</arg>
<arg>BW</arg>
<arg>BY</arg>
<arg>BZ</arg>
<arg>CA</arg>
<arg>CC</arg>
<arg>CD</arg>
<arg>CF</arg>
<arg>CG</arg>
<arg>CH</arg>
<arg>CI</arg>
<arg>CK</arg>
<arg>CL</arg>
<arg>CM</arg>
<arg>CN</arg>
<arg>CO</arg>
<arg>CR</arg>
<arg>CU</arg>
<arg>CV</arg>
<arg>CW</arg>
<arg>CX</arg>
<arg>CY</arg>
<arg>CZ</arg>
<arg>DE</arg>
<arg>DJ</arg>
<arg>DK</arg>
<arg>DM</arg>
<arg>DO</arg>
<arg>DZ</arg>
<arg>EC</arg>
<arg>EE</arg>
<arg>EG</arg>
<arg>EH</arg>
<arg>ER</arg>
<arg>ES</arg>
<arg>ET</arg>
<arg>FI</arg>
<arg>FJ</arg>
<arg>FK</arg>
<arg>FM</arg>
<arg>FO</arg>
<arg>FR</arg>
<arg>GA</arg>
<arg>GB</arg>
<arg>GD</arg>
<arg>GE</arg>
<arg>GF</arg>
<arg>GG</arg>
<arg>GH</arg>
<arg>GI</arg>
<arg>GL</arg>
<arg>GM</arg>
<arg>GN</arg>
<arg>GP</arg>
<arg>GQ</arg>
<arg>GR</arg>
<arg>GS</arg>
<arg>GT</arg>
<arg>GU</arg>
<arg>GW</arg>
<arg>GY</arg>
<arg>HK</arg>
<arg>HM</arg>
<arg>HN</arg>
<arg>HR</arg>
<arg>HT</arg>
<arg>HU</arg>
<arg>ID</arg>
<arg>IE</arg>
<arg>IL</arg>
<arg>IM</arg>
<arg>IN</arg>
<arg>IO</arg>
<arg>IQ</arg>
<arg>IR</arg>
<arg>IS</arg>
<arg>IT</arg>
<arg>JE</arg>
<arg>JM</arg>
<arg>JO</arg>
<arg>JP</arg>
<arg>KE</arg>
<arg>KG</arg>
<arg>KH</arg>
<arg>KI</arg>
<arg>KM</arg>
<arg>KN</arg>
<arg>KP</arg>
<arg>KR</arg>
<arg>KW</arg>
<arg>KY</arg>
<arg>KZ</arg>
<arg>LA</arg>
<arg>LB</arg>
<arg>LC</arg>
<arg>LI</arg>
<arg>LK</arg>
<arg>LR</arg>
<arg>LS</arg>
<arg>LT</arg>
<arg>LU</arg>
<arg>LV</arg>
<arg>LY</arg>
<arg>MA</arg>
<arg>MC</arg>
<arg>MD</arg>
<arg>ME</arg>
<arg>MF</arg>
<arg>MG</arg>
<arg>MH</arg>
<arg>MK</arg>
<arg>ML</arg>
<arg>MM</arg>
<arg>MN</arg>
<arg>MO</arg>
<arg>MP</arg>
<arg>MQ</arg>
<arg>MR</arg>
<arg>MS</arg>
<arg>MT</arg>
<arg>MU</arg>
<arg>MV</arg>
<arg>MW</arg>
<arg>MX</arg>
<arg>MY</arg>
<arg>MZ</arg>
<arg>NA</arg>
<arg>NC</arg>
<arg>NE</arg>
<arg>NF</arg>
<arg>NG</arg>
<arg>NI</arg>
<arg>NL</arg>
<arg>NO</arg>
<arg>NP</arg>
<arg>NR</arg>
<arg>NU</arg>
<arg>NZ</arg>
<arg>OM</arg>
<arg>PA</arg>
<arg>PE</arg>
<arg>PF</arg>
<arg>PG</arg>
<arg>PH</arg>
<arg>PK</arg>
<arg>PL</arg>
<arg>PM</arg>
<arg>PN</arg>
<arg>PR</arg>
<arg>PS</arg>
<arg>PT</arg>
<arg>PW</arg>
<arg>PY</arg>
<arg>QA</arg>
<arg>RE</arg>
<arg>RO</arg>
<arg>RS</arg>
<arg>RU</arg>
<arg>RW</arg>
<arg>SA</arg>
<arg>SB</arg>
<arg>SC</arg>
<arg>SD</arg>
<arg>SE</arg>
<arg>SG</arg>
<arg>SH</arg>
<arg>SI</arg>
<arg>SJ</arg>
<arg>SK</arg>
<arg>SL</arg>
<arg>SM</arg>
<arg>SN</arg>
<arg>SO</arg>
<arg>SR</arg>
<arg>SS</arg>
<arg>ST</arg>
<arg>SV</arg>
<arg>SX</arg>
<arg>SY</arg>
<arg>SZ</arg>
<arg>TC</arg>
<arg>TD</arg>
<arg>TF</arg>
<arg>TG</arg>
<arg>TH</arg>
<arg>TJ</arg>
<arg>TK</arg>
<arg>TL</arg>
<arg>TM</arg>
<arg>TN</arg>
<arg>TO</arg>
<arg>TR</arg>
<arg>TT</arg>
<arg>TV</arg>
<arg>TW</arg>
<arg>TZ</arg>
<arg>UA</arg>
<arg>UG</arg>
<arg>UM</arg>
<arg>US</arg>
<arg>UY</arg>
<arg>UZ</arg>
<arg>VA</arg>
<arg>VC</arg>
<arg>VE</arg>
<arg>VG</arg>
<arg>VI</arg>
<arg>VN</arg>
<arg>VU</arg>
<arg>WF</arg>
<arg>WS</arg>
<arg>XK</arg>
<arg>YE</arg>
<arg>YT</arg>
<arg>ZA</arg>
<arg>ZM</arg>
<arg>ZW</arg>
<doc>Returns a list containing given items.</doc>
<status status="PASS" start="2024-05-18T08:16:26.212938" elapsed="0.000629"/>
</kw>
<kw name="List Should Contain Value" owner="Collections">
<msg time="2024-05-18T08:16:26.214551" level="INFO">False</msg>
<arg>${list_country}</arg>
<arg>${name_country}</arg>
<doc>Fails if the ``value`` is not found from ``list``.</doc>
<status status="PASS" start="2024-05-18T08:16:26.214348" elapsed="0.000240"/>
</kw>
<kw name="Run Keyword If" owner="BuiltIn">
<kw name="Should Be True" owner="BuiltIn">
<arg>${True}</arg>
<doc>Fails if the given condition is not true.</doc>
<status status="PASS" start="2024-05-18T08:16:26.215663" elapsed="0.000244"/>
</kw>
<arg>${json_data["results"][0]["location"]["coordinates"]["latitude"]} &gt;= -90 and ${json_data["results"][0]["location"]["coordinates"]["latitude"]} &lt;= 90</arg>
<arg>Should Be True</arg>
<arg>${True}</arg>
<doc>Runs the given keyword with the given arguments, if ``condition`` is true.</doc>
<status status="PASS" start="2024-05-18T08:16:26.214897" elapsed="0.001145"/>
</kw>
<kw name="Run Keyword If" owner="BuiltIn">
<kw name="Should Be True" owner="BuiltIn">
<arg>${True}</arg>
<doc>Fails if the given condition is not true.</doc>
<status status="PASS" start="2024-05-18T08:16:26.216944" elapsed="0.000156"/>
</kw>
<arg>${json_data["results"][0]["location"]["coordinates"]["longitude"]} &gt;= -180 and ${json_data["results"][0]["location"]["coordinates"]["longitude"]} &lt;= 180</arg>
<arg>Should Be True</arg>
<arg>${True}</arg>
<doc>Runs the given keyword with the given arguments, if ``condition`` is true.</doc>
<status status="PASS" start="2024-05-18T08:16:26.216242" elapsed="0.001008"/>
</kw>
<status status="PASS" start="2024-05-18T08:16:26.132323" elapsed="0.085071"/>
</kw>
<doc>Testa o conteúdo específico dos campos retornados pela API.</doc>
<tag>testeConteudo</tag>
<status status="PASS" start="2024-05-18T08:16:26.131901" elapsed="0.085636"/>
</test>
<status status="PASS" start="2024-05-18T08:16:25.433376" elapsed="0.786067"/>
</suite>
<status status="PASS" start="2024-05-18T08:16:25.420058" elapsed="0.804439"/>
</suite>
<statistics>
<total>
<stat pass="5" fail="0" skip="0">All Tests</stat>
</total>
<tag>
<stat pass="1" fail="0" skip="0">testeConteudo</stat>
<stat pass="1" fail="0" skip="0">testeEstruturaResposta</stat>
<stat pass="1" fail="0" skip="0">testeRequisicaoBasica</stat>
<stat pass="1" fail="0" skip="0">testeTiposDados</stat>
</tag>
<suite>
<stat pass="5" fail="0" skip="0" id="s1" name="Tests">Tests</stat>
<stat pass="5" fail="0" skip="0" id="s1-s1" name="Random-User-Test">Tests.Random-User-Test</stat>
</suite>
</statistics>
<errors>
</errors>
</robot>
