<?xml version="1.0" encoding="UTF-8"?>
<robot generator="Robot 7.0 (Python 3.12.3 on linux)" generated="2024-05-31T14:13:26.870557" rpa="false" schemaversion="5">
<suite id="s1" name="Tests" source="/home/runner/work/ApiRandomUser/ApiRandomUser/RamdonUser/tests">
<suite id="s1-s1" name="Random-User-Test" source="/home/runner/work/ApiRandomUser/ApiRandomUser/RamdonUser/tests/random-user-test.robot">
<test id="s1-s1-t1" name="Conectar" line="13">
<kw name="Conectar API" owner="random-user-service">
<kw name="Create Session" owner="RequestsLibrary">
<msg time="2024-05-31T14:13:27.309311" level="INFO">Creating Session using : alias=consultarAPI, url=https://randomuser.me/, headers={},                     cookies={}, auth=None, timeout=None, proxies=None, verify=False,                     debug=0 </msg>
<arg>consultarAPI</arg>
<arg>${URL}</arg>
<doc>Create Session: create a HTTP session to a server</doc>
<status status="PASS" start="2024-05-31T14:13:27.309099" elapsed="0.000401"/>
</kw>
<status status="PASS" start="2024-05-31T14:13:27.308008" elapsed="0.001865"/>
</kw>
<status status="PASS" start="2024-05-31T14:13:27.307420" elapsed="0.002648"/>
</test>
<test id="s1-s1-t2" name="Validar retorno 200 e JSON Válido" line="16">
<kw name="Teste de Requisicao Basica" owner="random-user-service">
<kw name="GET On Session" owner="RequestsLibrary">
<msg time="2024-05-31T14:13:27.422961" level="INFO">GET Request : url=https://randomuser.me/api 
 path_url=/api 
 headers={'User-Agent': 'python-requests/2.32.3', 'Accept-Encoding': 'gzip, deflate', 'Accept': '*/*', 'Connection': 'keep-alive'} 
 body=None 
 </msg>
<msg time="2024-05-31T14:13:27.423120" level="INFO">GET Response : url=https://randomuser.me/api 
 status=200, reason=OK 
 headers={'Date': 'Fri, 31 May 2024 14:13:27 GMT', 'Content-Type': 'application/json; charset=utf-8', 'Transfer-Encoding': 'chunked', 'Connection': 'keep-alive', 'X-Powered-By': 'Express', 'Access-Control-Allow-Origin': '*', 'Cache-Control': 'no-cache', 'ETag': 'W/"493-wcQ/Eaxmpd2Y106BrJ9TfQOqzyQ"', 'Vary': 'Accept-Encoding', 'Content-Encoding': 'gzip', 'CF-Cache-Status': 'DYNAMIC', 'Report-To': '{"endpoints":[{"url":"https:\\/\\/a.nel.cloudflare.com\\/report\\/v4?s=VO%2Bf8L%2Fm%2BimECWldikwftbN3K59sIliVMO8%2B90iLljn050k9OUXsmF1x%2FM7284HlzQ89WQXweLRNQLZfw8nYRCFMCXNfdhG9spugrd%2BkOO1OkzpWOSJdxSSZaEnoGOBo"}],"group":"cf-nel","max_age":604800}', 'NEL': '{"success_fraction":0,"report_to":"cf-nel","max_age":604800}', 'Server': 'cloudflare', 'CF-RAY': '88c7908dfca8e1cb-ORD', 'alt-svc': 'h3=":443"; ma=86400'} 
 body={"results":[{"gender":"male","name":{"title":"Mr","first":"Jake","last":"Patel"},"location":{"street":{"number":8794,"name":"Queen Elizabeth Ii Drive"},"city":"Gisborne","state":"Taranaki","country":"New Zealand","postcode":76069,"coordinates":{"latitude":"53.0839","longitude":"-126.6959"},"timezone":{"offset":"+11:00","description":"Magadan, Solomon Islands, New Caledonia"}},"email":"jake.patel@example.com","login":{"uuid":"89feb3bb-2749-47a9-a5fb-d66403969b43","username":"yellowpanda872","password":"field","salt":"lDrLBOJy","md5":"6cb0dff3cd52ef67dce0e9bf11c30f22","sha1":"1c1fa1b1c13d4c89b350137b08cf55441847b014","sha256":"04885b64042c4f1713cae418948d570e9035ba268437037701b5dc6897afa31d"},"dob":{"date":"1966-10-06T09:23:37.728Z","age":57},"registered":{"date":"2010-02-17T03:16:05.012Z","age":14},"phone":"(015)-467-2160","cell":"(945)-524-7805","id":{"name":"","value":null},"picture":{"large":"https://randomuser.me/api/portraits/men/26.jpg","medium":"https://randomuser.me/api/portraits/med/men/26.jpg","thumbnail":"https://randomuser.me/api/portraits/thumb/men/26.jpg"},"nat":"NZ"}],"info":{"seed":"02ed1fabf878e303","results":1,"page":1,"version":"1.4"}} 
 </msg>
<msg time="2024-05-31T14:13:27.423203" level="INFO">/opt/hostedtoolcache/Python/3.12.3/x64/lib/python3.12/site-packages/urllib3/connectionpool.py:1103: InsecureRequestWarning: Unverified HTTPS request is being made to host 'randomuser.me'. Adding certificate verification is strongly advised. See: https://urllib3.readthedocs.io/en/latest/advanced-usage.html#tls-warnings
  warnings.warn(</msg>
<msg time="2024-05-31T14:13:27.423360" level="INFO">${response} = &lt;Response [200]&gt;</msg>
<var>${response}</var>
<arg>consultarAPI</arg>
<arg>/api</arg>
<doc>Sends a GET request on a previously created HTTP Session.</doc>
<status status="PASS" start="2024-05-31T14:13:27.312657" elapsed="0.110744"/>
</kw>
<kw name="Should Be Equal As Numbers" owner="BuiltIn">
<msg time="2024-05-31T14:13:27.424562" level="INFO">Argument types are:
&lt;class 'int'&gt;
&lt;class 'str'&gt;</msg>
<arg>${response.status_code}</arg>
<arg>200</arg>
<doc>Fails if objects are unequal after converting them to real numbers.</doc>
<status status="PASS" start="2024-05-31T14:13:27.424064" elapsed="0.000566"/>
</kw>
<kw name="Log" owner="BuiltIn">
<msg time="2024-05-31T14:13:27.425382" level="INFO">200</msg>
<arg>${response.status_code}</arg>
<doc>Logs the given message with the given level.</doc>
<status status="PASS" start="2024-05-31T14:13:27.425025" elapsed="0.000405"/>
</kw>
<kw name="Set Variable" owner="BuiltIn">
<msg time="2024-05-31T14:13:27.426188" level="INFO">${json_data} = {'results': [{'gender': 'male', 'name': {'title': 'Mr', 'first': 'Jake', 'last': 'Patel'}, 'location': {'street': {'number': 8794, 'name': 'Queen Elizabeth Ii Drive'}, 'city': 'Gisborne', 'state': 'Ta...</msg>
<var>${json_data}</var>
<arg>${response.json()}</arg>
<doc>Returns the given values which can then be assigned to a variables.</doc>
<status status="PASS" start="2024-05-31T14:13:27.425744" elapsed="0.000474"/>
</kw>
<kw name="Dictionary Should Contain Key" owner="Collections">
<msg time="2024-05-31T14:13:27.426695" level="INFO">False</msg>
<arg>${json_data}</arg>
<arg>results</arg>
<doc>Fails if ``key`` is not found from ``dictionary``.</doc>
<status status="PASS" start="2024-05-31T14:13:27.426525" elapsed="0.000372"/>
</kw>
<status status="PASS" start="2024-05-31T14:13:27.312414" elapsed="0.114757"/>
</kw>
<doc>Testa se a API responde corretamente e retorna um objeto JSON válido.</doc>
<tag>testeRequisicaoBasica</tag>
<status status="PASS" start="2024-05-31T14:13:27.311931" elapsed="0.115427"/>
</test>
<test id="s1-s1-t3" name="Validar estrutura de resposta" line="22">
<kw name="Teste de Estrutura de Resposta" owner="random-user-service">
<kw name="GET On Session" owner="RequestsLibrary">
<msg time="2024-05-31T14:13:27.590077" level="INFO">GET Request : url=https://randomuser.me/api 
 path_url=/api 
 headers={'User-Agent': 'python-requests/2.32.3', 'Accept-Encoding': 'gzip, deflate', 'Accept': '*/*', 'Connection': 'keep-alive'} 
 body=None 
 </msg>
<msg time="2024-05-31T14:13:27.590198" level="INFO">GET Response : url=https://randomuser.me/api 
 status=200, reason=OK 
 headers={'Date': 'Fri, 31 May 2024 14:13:27 GMT', 'Content-Type': 'application/json; charset=utf-8', 'Transfer-Encoding': 'chunked', 'Connection': 'keep-alive', 'X-Powered-By': 'Express', 'Access-Control-Allow-Origin': '*', 'Cache-Control': 'no-cache', 'ETag': 'W/"4a5-m60TMDCdWkE+E300/Mig2NdQoKE"', 'Vary': 'Accept-Encoding', 'Content-Encoding': 'gzip', 'CF-Cache-Status': 'DYNAMIC', 'Report-To': '{"endpoints":[{"url":"https:\\/\\/a.nel.cloudflare.com\\/report\\/v4?s=Dx3A4RZqpVu7nv%2BlS4sTwypFw5MEoDaRIbAHU1ZhBwGhJGb%2Fk8mhI9Qe8nP8AAYf%2BCLgivLSDoZ3PhbhlHmQCLghbh8QSHPIxwmD0zhyyjohbowvCg1Z7LD1tL9KZMf%2F"}],"group":"cf-nel","max_age":604800}', 'NEL': '{"success_fraction":0,"report_to":"cf-nel","max_age":604800}', 'Server': 'cloudflare', 'CF-RAY': '88c7908e7d33e1cb-ORD', 'alt-svc': 'h3=":443"; ma=86400'} 
 body={"results":[{"gender":"male","name":{"title":"Mr","first":"Grimaldo","last":"Hernádez"},"location":{"street":{"number":1634,"name":"Prolongación Albania"},"city":"Capilla de Milpillas","state":"Chiapas","country":"Mexico","postcode":29383,"coordinates":{"latitude":"27.0417","longitude":"-32.0693"},"timezone":{"offset":"-11:00","description":"Midway Island, Samoa"}},"email":"grimaldo.hernadez@example.com","login":{"uuid":"6612d123-1119-4cab-96cc-57464c7cb00f","username":"silverrabbit433","password":"goldwing","salt":"hegMWPQu","md5":"d401ae7f491627f0731bf9eedb79a2cc","sha1":"e008343cc25593e3db6c59b17a97c8aa35afedbc","sha256":"35d76c96c976ea7bc7dbee72518341d7694e3eb9cc27655aa826ed4118b784ce"},"dob":{"date":"1970-12-04T14:44:47.530Z","age":53},"registered":{"date":"2007-09-25T22:44:38.434Z","age":16},"phone":"(627) 487 0092","cell":"(614) 469 0887","id":{"name":"NSS","value":"67 11 23 9730 5"},"picture":{"large":"https://randomuser.me/api/portraits/men/41.jpg","medium":"https://randomuser.me/api/portraits/med/men/41.jpg","thumbnail":"https://randomuser.me/api/portraits/thumb/men/41.jpg"},"nat":"MX"}],"info":{"seed":"aa0758ecadfcc1dc","results":1,"page":1,"version":"1.4"}} 
 </msg>
<msg time="2024-05-31T14:13:27.590348" level="INFO">/opt/hostedtoolcache/Python/3.12.3/x64/lib/python3.12/site-packages/urllib3/connectionpool.py:1103: InsecureRequestWarning: Unverified HTTPS request is being made to host 'randomuser.me'. Adding certificate verification is strongly advised. See: https://urllib3.readthedocs.io/en/latest/advanced-usage.html#tls-warnings
  warnings.warn(</msg>
<msg time="2024-05-31T14:13:27.590486" level="INFO">${response} = &lt;Response [200]&gt;</msg>
<var>${response}</var>
<arg>consultarAPI</arg>
<arg>/api</arg>
<doc>Sends a GET request on a previously created HTTP Session.</doc>
<status status="PASS" start="2024-05-31T14:13:27.430151" elapsed="0.160375"/>
</kw>
<kw name="Set Variable" owner="BuiltIn">
<msg time="2024-05-31T14:13:27.591821" level="INFO">${json_data} = {'results': [{'gender': 'male', 'name': {'title': 'Mr', 'first': 'Grimaldo', 'last': 'Hernádez'}, 'location': {'street': {'number': 1634, 'name': 'Prolongación Albania'}, 'city': 'Capilla de Milpillas...</msg>
<var>${json_data}</var>
<arg>${response.json()}</arg>
<doc>Returns the given values which can then be assigned to a variables.</doc>
<status status="PASS" start="2024-05-31T14:13:27.591215" elapsed="0.000637"/>
</kw>
<kw name="Log" owner="BuiltIn">
<msg time="2024-05-31T14:13:27.592356" level="INFO">{'results': [{'gender': 'male', 'name': {'title': 'Mr', 'first': 'Grimaldo', 'last': 'Hernádez'}, 'location': {'street': {'number': 1634, 'name': 'Prolongación Albania'}, 'city': 'Capilla de Milpillas', 'state': 'Chiapas', 'country': 'Mexico', 'postcode': 29383, 'coordinates': {'latitude': '27.0417', 'longitude': '-32.0693'}, 'timezone': {'offset': '-11:00', 'description': 'Midway Island, Samoa'}}, 'email': 'grimaldo.hernadez@example.com', 'login': {'uuid': '6612d123-1119-4cab-96cc-57464c7cb00f', 'username': 'silverrabbit433', 'password': 'goldwing', 'salt': 'hegMWPQu', 'md5': 'd401ae7f491627f0731bf9eedb79a2cc', 'sha1': 'e008343cc25593e3db6c59b17a97c8aa35afedbc', 'sha256': '35d76c96c976ea7bc7dbee72518341d7694e3eb9cc27655aa826ed4118b784ce'}, 'dob': {'date': '1970-12-04T14:44:47.530Z', 'age': 53}, 'registered': {'date': '2007-09-25T22:44:38.434Z', 'age': 16}, 'phone': '(627) 487 0092', 'cell': '(614) 469 0887', 'id': {'name': 'NSS', 'value': '67 11 23 9730 5'}, 'picture': {'large': 'https://randomuser.me/api/portraits/men/41.jpg', 'medium': 'https://randomuser.me/api/portraits/med/men/41.jpg', 'thumbnail': 'https://randomuser.me/api/portraits/thumb/men/41.jpg'}, 'nat': 'MX'}], 'info': {'seed': 'aa0758ecadfcc1dc', 'results': 1, 'page': 1, 'version': '1.4'}}</msg>
<arg>${json_data}</arg>
<doc>Logs the given message with the given level.</doc>
<status status="PASS" start="2024-05-31T14:13:27.592183" elapsed="0.000226"/>
</kw>
<kw name="Dictionary Should Contain Key" owner="Collections">
<msg time="2024-05-31T14:13:27.592875" level="INFO">False</msg>
<arg>${json_data}</arg>
<arg>results</arg>
<doc>Fails if ``key`` is not found from ``dictionary``.</doc>
<status status="PASS" start="2024-05-31T14:13:27.592713" elapsed="0.000240"/>
</kw>
<kw name="Should Not Be Empty" owner="BuiltIn">
<msg time="2024-05-31T14:13:27.593400" level="INFO">Length is 2.</msg>
<arg>${json_data}</arg>
<doc>Verifies that the given item is not empty.</doc>
<status status="PASS" start="2024-05-31T14:13:27.593268" elapsed="0.000172"/>
</kw>
<kw name="Create List" owner="BuiltIn">
<msg time="2024-05-31T14:13:27.593882" level="INFO">${expected_keys} = ['gender', 'name', 'location', 'email', 'login']</msg>
<var>${expected_keys}</var>
<arg>gender</arg>
<arg>name</arg>
<arg>location</arg>
<arg>email</arg>
<arg>login</arg>
<doc>Returns a list containing given items.</doc>
<status status="PASS" start="2024-05-31T14:13:27.593732" elapsed="0.000174"/>
</kw>
<for flavor="IN">
<iter>
<kw name="Dictionary Should Contain Key" owner="Collections">
<msg time="2024-05-31T14:13:27.594916" level="INFO">False</msg>
<arg>${json_data['results'][0]}</arg>
<arg>${key}</arg>
<doc>Fails if ``key`` is not found from ``dictionary``.</doc>
<status status="PASS" start="2024-05-31T14:13:27.594510" elapsed="0.000450"/>
</kw>
<kw name="Log" owner="BuiltIn">
<msg time="2024-05-31T14:13:27.595638" level="INFO">{'gender': 'male', 'name': {'title': 'Mr', 'first': 'Grimaldo', 'last': 'Hernádez'}, 'location': {'street': {'number': 1634, 'name': 'Prolongación Albania'}, 'city': 'Capilla de Milpillas', 'state': 'Chiapas', 'country': 'Mexico', 'postcode': 29383, 'coordinates': {'latitude': '27.0417', 'longitude': '-32.0693'}, 'timezone': {'offset': '-11:00', 'description': 'Midway Island, Samoa'}}, 'email': 'grimaldo.hernadez@example.com', 'login': {'uuid': '6612d123-1119-4cab-96cc-57464c7cb00f', 'username': 'silverrabbit433', 'password': 'goldwing', 'salt': 'hegMWPQu', 'md5': 'd401ae7f491627f0731bf9eedb79a2cc', 'sha1': 'e008343cc25593e3db6c59b17a97c8aa35afedbc', 'sha256': '35d76c96c976ea7bc7dbee72518341d7694e3eb9cc27655aa826ed4118b784ce'}, 'dob': {'date': '1970-12-04T14:44:47.530Z', 'age': 53}, 'registered': {'date': '2007-09-25T22:44:38.434Z', 'age': 16}, 'phone': '(627) 487 0092', 'cell': '(614) 469 0887', 'id': {'name': 'NSS', 'value': '67 11 23 9730 5'}, 'picture': {'large': 'https://randomuser.me/api/portraits/men/41.jpg', 'medium': 'https://randomuser.me/api/portraits/med/men/41.jpg', 'thumbnail': 'https://randomuser.me/api/portraits/thumb/men/41.jpg'}, 'nat': 'MX'}</msg>
<arg>${json_data['results'][0]}</arg>
<doc>Logs the given message with the given level.</doc>
<status status="PASS" start="2024-05-31T14:13:27.595261" elapsed="0.000428"/>
</kw>
<kw name="Log" owner="BuiltIn">
<msg time="2024-05-31T14:13:27.596127" level="INFO">gender</msg>
<arg>${key}</arg>
<doc>Logs the given message with the given level.</doc>
<status status="PASS" start="2024-05-31T14:13:27.595995" elapsed="0.000170"/>
</kw>
<var name="${key}">gender</var>
<status status="PASS" start="2024-05-31T14:13:27.594383" elapsed="0.001998"/>
</iter>
<iter>
<kw name="Dictionary Should Contain Key" owner="Collections">
<msg time="2024-05-31T14:13:27.597092" level="INFO">False</msg>
<arg>${json_data['results'][0]}</arg>
<arg>${key}</arg>
<doc>Fails if ``key`` is not found from ``dictionary``.</doc>
<status status="PASS" start="2024-05-31T14:13:27.596684" elapsed="0.000446"/>
</kw>
<kw name="Log" owner="BuiltIn">
<msg time="2024-05-31T14:13:27.597824" level="INFO">{'gender': 'male', 'name': {'title': 'Mr', 'first': 'Grimaldo', 'last': 'Hernádez'}, 'location': {'street': {'number': 1634, 'name': 'Prolongación Albania'}, 'city': 'Capilla de Milpillas', 'state': 'Chiapas', 'country': 'Mexico', 'postcode': 29383, 'coordinates': {'latitude': '27.0417', 'longitude': '-32.0693'}, 'timezone': {'offset': '-11:00', 'description': 'Midway Island, Samoa'}}, 'email': 'grimaldo.hernadez@example.com', 'login': {'uuid': '6612d123-1119-4cab-96cc-57464c7cb00f', 'username': 'silverrabbit433', 'password': 'goldwing', 'salt': 'hegMWPQu', 'md5': 'd401ae7f491627f0731bf9eedb79a2cc', 'sha1': 'e008343cc25593e3db6c59b17a97c8aa35afedbc', 'sha256': '35d76c96c976ea7bc7dbee72518341d7694e3eb9cc27655aa826ed4118b784ce'}, 'dob': {'date': '1970-12-04T14:44:47.530Z', 'age': 53}, 'registered': {'date': '2007-09-25T22:44:38.434Z', 'age': 16}, 'phone': '(627) 487 0092', 'cell': '(614) 469 0887', 'id': {'name': 'NSS', 'value': '67 11 23 9730 5'}, 'picture': {'large': 'https://randomuser.me/api/portraits/men/41.jpg', 'medium': 'https://randomuser.me/api/portraits/med/men/41.jpg', 'thumbnail': 'https://randomuser.me/api/portraits/thumb/men/41.jpg'}, 'nat': 'MX'}</msg>
<arg>${json_data['results'][0]}</arg>
<doc>Logs the given message with the given level.</doc>
<status status="PASS" start="2024-05-31T14:13:27.597454" elapsed="0.000421"/>
</kw>
<kw name="Log" owner="BuiltIn">
<msg time="2024-05-31T14:13:27.598305" level="INFO">name</msg>
<arg>${key}</arg>
<doc>Logs the given message with the given level.</doc>
<status status="PASS" start="2024-05-31T14:13:27.598176" elapsed="0.000167"/>
</kw>
<var name="${key}">name</var>
<status status="PASS" start="2024-05-31T14:13:27.596567" elapsed="0.002003"/>
</iter>
<iter>
<kw name="Dictionary Should Contain Key" owner="Collections">
<msg time="2024-05-31T14:13:27.599245" level="INFO">False</msg>
<arg>${json_data['results'][0]}</arg>
<arg>${key}</arg>
<doc>Fails if ``key`` is not found from ``dictionary``.</doc>
<status status="PASS" start="2024-05-31T14:13:27.598866" elapsed="0.000416"/>
</kw>
<kw name="Log" owner="BuiltIn">
<msg time="2024-05-31T14:13:27.599973" level="INFO">{'gender': 'male', 'name': {'title': 'Mr', 'first': 'Grimaldo', 'last': 'Hernádez'}, 'location': {'street': {'number': 1634, 'name': 'Prolongación Albania'}, 'city': 'Capilla de Milpillas', 'state': 'Chiapas', 'country': 'Mexico', 'postcode': 29383, 'coordinates': {'latitude': '27.0417', 'longitude': '-32.0693'}, 'timezone': {'offset': '-11:00', 'description': 'Midway Island, Samoa'}}, 'email': 'grimaldo.hernadez@example.com', 'login': {'uuid': '6612d123-1119-4cab-96cc-57464c7cb00f', 'username': 'silverrabbit433', 'password': 'goldwing', 'salt': 'hegMWPQu', 'md5': 'd401ae7f491627f0731bf9eedb79a2cc', 'sha1': 'e008343cc25593e3db6c59b17a97c8aa35afedbc', 'sha256': '35d76c96c976ea7bc7dbee72518341d7694e3eb9cc27655aa826ed4118b784ce'}, 'dob': {'date': '1970-12-04T14:44:47.530Z', 'age': 53}, 'registered': {'date': '2007-09-25T22:44:38.434Z', 'age': 16}, 'phone': '(627) 487 0092', 'cell': '(614) 469 0887', 'id': {'name': 'NSS', 'value': '67 11 23 9730 5'}, 'picture': {'large': 'https://randomuser.me/api/portraits/men/41.jpg', 'medium': 'https://randomuser.me/api/portraits/med/men/41.jpg', 'thumbnail': 'https://randomuser.me/api/portraits/thumb/men/41.jpg'}, 'nat': 'MX'}</msg>
<arg>${json_data['results'][0]}</arg>
<doc>Logs the given message with the given level.</doc>
<status status="PASS" start="2024-05-31T14:13:27.599608" elapsed="0.000426"/>
</kw>
<kw name="Log" owner="BuiltIn">
<msg time="2024-05-31T14:13:27.600484" level="INFO">location</msg>
<arg>${key}</arg>
<doc>Logs the given message with the given level.</doc>
<status status="PASS" start="2024-05-31T14:13:27.600351" elapsed="0.000171"/>
</kw>
<var name="${key}">location</var>
<status status="PASS" start="2024-05-31T14:13:27.598752" elapsed="0.001985"/>
</iter>
<iter>
<kw name="Dictionary Should Contain Key" owner="Collections">
<msg time="2024-05-31T14:13:27.601570" level="INFO">False</msg>
<arg>${json_data['results'][0]}</arg>
<arg>${key}</arg>
<doc>Fails if ``key`` is not found from ``dictionary``.</doc>
<status status="PASS" start="2024-05-31T14:13:27.601064" elapsed="0.000543"/>
</kw>
<kw name="Log" owner="BuiltIn">
<msg time="2024-05-31T14:13:27.602272" level="INFO">{'gender': 'male', 'name': {'title': 'Mr', 'first': 'Grimaldo', 'last': 'Hernádez'}, 'location': {'street': {'number': 1634, 'name': 'Prolongación Albania'}, 'city': 'Capilla de Milpillas', 'state': 'Chiapas', 'country': 'Mexico', 'postcode': 29383, 'coordinates': {'latitude': '27.0417', 'longitude': '-32.0693'}, 'timezone': {'offset': '-11:00', 'description': 'Midway Island, Samoa'}}, 'email': 'grimaldo.hernadez@example.com', 'login': {'uuid': '6612d123-1119-4cab-96cc-57464c7cb00f', 'username': 'silverrabbit433', 'password': 'goldwing', 'salt': 'hegMWPQu', 'md5': 'd401ae7f491627f0731bf9eedb79a2cc', 'sha1': 'e008343cc25593e3db6c59b17a97c8aa35afedbc', 'sha256': '35d76c96c976ea7bc7dbee72518341d7694e3eb9cc27655aa826ed4118b784ce'}, 'dob': {'date': '1970-12-04T14:44:47.530Z', 'age': 53}, 'registered': {'date': '2007-09-25T22:44:38.434Z', 'age': 16}, 'phone': '(627) 487 0092', 'cell': '(614) 469 0887', 'id': {'name': 'NSS', 'value': '67 11 23 9730 5'}, 'picture': {'large': 'https://randomuser.me/api/portraits/men/41.jpg', 'medium': 'https://randomuser.me/api/portraits/med/men/41.jpg', 'thumbnail': 'https://randomuser.me/api/portraits/thumb/men/41.jpg'}, 'nat': 'MX'}</msg>
<arg>${json_data['results'][0]}</arg>
<doc>Logs the given message with the given level.</doc>
<status status="PASS" start="2024-05-31T14:13:27.601910" elapsed="0.000411"/>
</kw>
<kw name="Log" owner="BuiltIn">
<msg time="2024-05-31T14:13:27.602812" level="INFO">email</msg>
<arg>${key}</arg>
<doc>Logs the given message with the given level.</doc>
<status status="PASS" start="2024-05-31T14:13:27.602681" elapsed="0.000170"/>
</kw>
<var name="${key}">email</var>
<status status="PASS" start="2024-05-31T14:13:27.600937" elapsed="0.002146"/>
</iter>
<iter>
<kw name="Dictionary Should Contain Key" owner="Collections">
<msg time="2024-05-31T14:13:27.603758" level="INFO">False</msg>
<arg>${json_data['results'][0]}</arg>
<arg>${key}</arg>
<doc>Fails if ``key`` is not found from ``dictionary``.</doc>
<status status="PASS" start="2024-05-31T14:13:27.603373" elapsed="0.000422"/>
</kw>
<kw name="Log" owner="BuiltIn">
<msg time="2024-05-31T14:13:27.604447" level="INFO">{'gender': 'male', 'name': {'title': 'Mr', 'first': 'Grimaldo', 'last': 'Hernádez'}, 'location': {'street': {'number': 1634, 'name': 'Prolongación Albania'}, 'city': 'Capilla de Milpillas', 'state': 'Chiapas', 'country': 'Mexico', 'postcode': 29383, 'coordinates': {'latitude': '27.0417', 'longitude': '-32.0693'}, 'timezone': {'offset': '-11:00', 'description': 'Midway Island, Samoa'}}, 'email': 'grimaldo.hernadez@example.com', 'login': {'uuid': '6612d123-1119-4cab-96cc-57464c7cb00f', 'username': 'silverrabbit433', 'password': 'goldwing', 'salt': 'hegMWPQu', 'md5': 'd401ae7f491627f0731bf9eedb79a2cc', 'sha1': 'e008343cc25593e3db6c59b17a97c8aa35afedbc', 'sha256': '35d76c96c976ea7bc7dbee72518341d7694e3eb9cc27655aa826ed4118b784ce'}, 'dob': {'date': '1970-12-04T14:44:47.530Z', 'age': 53}, 'registered': {'date': '2007-09-25T22:44:38.434Z', 'age': 16}, 'phone': '(627) 487 0092', 'cell': '(614) 469 0887', 'id': {'name': 'NSS', 'value': '67 11 23 9730 5'}, 'picture': {'large': 'https://randomuser.me/api/portraits/men/41.jpg', 'medium': 'https://randomuser.me/api/portraits/med/men/41.jpg', 'thumbnail': 'https://randomuser.me/api/portraits/thumb/men/41.jpg'}, 'nat': 'MX'}</msg>
<arg>${json_data['results'][0]}</arg>
<doc>Logs the given message with the given level.</doc>
<status status="PASS" start="2024-05-31T14:13:27.604090" elapsed="0.000414"/>
</kw>
<kw name="Log" owner="BuiltIn">
<msg time="2024-05-31T14:13:27.604958" level="INFO">login</msg>
<arg>${key}</arg>
<doc>Logs the given message with the given level.</doc>
<status status="PASS" start="2024-05-31T14:13:27.604799" elapsed="0.000242"/>
</kw>
<var name="${key}">login</var>
<status status="PASS" start="2024-05-31T14:13:27.603260" elapsed="0.002011"/>
</iter>
<var>${key}</var>
<value>@{expected_keys}</value>
<status status="PASS" start="2024-05-31T14:13:27.594177" elapsed="0.011241"/>
</for>
<kw name="Create List" owner="BuiltIn">
<msg time="2024-05-31T14:13:27.605840" level="INFO">${expected_keysTwo} = ['username', 'password']</msg>
<var>${expected_keysTwo}</var>
<arg>username</arg>
<arg>password</arg>
<doc>Returns a list containing given items.</doc>
<status status="PASS" start="2024-05-31T14:13:27.605666" elapsed="0.000209"/>
</kw>
<for flavor="IN">
<iter>
<kw name="Dictionary Should Contain Key" owner="Collections">
<msg time="2024-05-31T14:13:27.606833" level="INFO">False</msg>
<arg>${json_data['results'][0]['login']}</arg>
<arg>${keyTwo}</arg>
<doc>Fails if ``key`` is not found from ``dictionary``.</doc>
<status status="PASS" start="2024-05-31T14:13:27.606447" elapsed="0.000423"/>
</kw>
<kw name="Dictionary Should Contain Key" owner="Collections">
<msg time="2024-05-31T14:13:27.607557" level="INFO">False</msg>
<arg>${json_data['results'][0]['login']}</arg>
<arg>${keyTwo}</arg>
<doc>Fails if ``key`` is not found from ``dictionary``.</doc>
<status status="PASS" start="2024-05-31T14:13:27.607166" elapsed="0.000429"/>
</kw>
<kw name="Log" owner="BuiltIn">
<msg time="2024-05-31T14:13:27.608024" level="INFO">username</msg>
<arg>${keyTwo}</arg>
<doc>Logs the given message with the given level.</doc>
<status status="PASS" start="2024-05-31T14:13:27.607896" elapsed="0.000166"/>
</kw>
<var name="${keyTwo}">username</var>
<status status="PASS" start="2024-05-31T14:13:27.606335" elapsed="0.001943"/>
</iter>
<iter>
<kw name="Dictionary Should Contain Key" owner="Collections">
<msg time="2024-05-31T14:13:27.608955" level="INFO">False</msg>
<arg>${json_data['results'][0]['login']}</arg>
<arg>${keyTwo}</arg>
<doc>Fails if ``key`` is not found from ``dictionary``.</doc>
<status status="PASS" start="2024-05-31T14:13:27.608560" elapsed="0.000433"/>
</kw>
<kw name="Dictionary Should Contain Key" owner="Collections">
<msg time="2024-05-31T14:13:27.609673" level="INFO">False</msg>
<arg>${json_data['results'][0]['login']}</arg>
<arg>${keyTwo}</arg>
<doc>Fails if ``key`` is not found from ``dictionary``.</doc>
<status status="PASS" start="2024-05-31T14:13:27.609296" elapsed="0.000414"/>
</kw>
<kw name="Log" owner="BuiltIn">
<msg time="2024-05-31T14:13:27.610128" level="INFO">password</msg>
<arg>${keyTwo}</arg>
<doc>Logs the given message with the given level.</doc>
<status status="PASS" start="2024-05-31T14:13:27.610000" elapsed="0.000165"/>
</kw>
<var name="${keyTwo}">password</var>
<status status="PASS" start="2024-05-31T14:13:27.608450" elapsed="0.001932"/>
</iter>
<var>${keyTwo}</var>
<value>@{expected_keysTwo}</value>
<status status="PASS" start="2024-05-31T14:13:27.606175" elapsed="0.004330"/>
</for>
<status status="PASS" start="2024-05-31T14:13:27.429893" elapsed="0.180755"/>
</kw>
<doc>Testa a estrutura da resposta da API.</doc>
<tag>testeEstruturaResposta</tag>
<status status="PASS" start="2024-05-31T14:13:27.429255" elapsed="0.181551"/>
</test>
<test id="s1-s1-t4" name="Validar tipos de dados" line="28">
<kw name="Teste de Tipos de Dados" owner="random-user-service">
<kw name="GET On Session" owner="RequestsLibrary">
<msg time="2024-05-31T14:13:27.691880" level="INFO">GET Request : url=https://randomuser.me/api 
 path_url=/api 
 headers={'User-Agent': 'python-requests/2.32.3', 'Accept-Encoding': 'gzip, deflate', 'Accept': '*/*', 'Connection': 'keep-alive'} 
 body=None 
 </msg>
<msg time="2024-05-31T14:13:27.691983" level="INFO">GET Response : url=https://randomuser.me/api 
 status=200, reason=OK 
 headers={'Date': 'Fri, 31 May 2024 14:13:27 GMT', 'Content-Type': 'application/json; charset=utf-8', 'Transfer-Encoding': 'chunked', 'Connection': 'keep-alive', 'X-Powered-By': 'Express', 'Access-Control-Allow-Origin': '*', 'Cache-Control': 'no-cache', 'ETag': 'W/"49f-9BoxsXCxiJ1bFveYHjT+lKwceZ8"', 'Vary': 'Accept-Encoding', 'Content-Encoding': 'gzip', 'CF-Cache-Status': 'DYNAMIC', 'Report-To': '{"endpoints":[{"url":"https:\\/\\/a.nel.cloudflare.com\\/report\\/v4?s=%2FclLS7DrAHYwejAoxnSQ8OSldfcIlr%2FLePu62eIefxqgQXjrLXzcOFUICRapcHFI68JzZ2l32nIV86N0QqoU6V2pyztnNsTZQzHOcbLo%2BJGc8vxtUaCrLVkuo63hHcIu"}],"group":"cf-nel","max_age":604800}', 'NEL': '{"success_fraction":0,"report_to":"cf-nel","max_age":604800}', 'Server': 'cloudflare', 'CF-RAY': '88c7908f9df8e1cb-ORD', 'alt-svc': 'h3=":443"; ma=86400'} 
 body={"results":[{"gender":"female","name":{"title":"Miss","first":"Sara","last":"Kauppila"},"location":{"street":{"number":7193,"name":"Aleksanterinkatu"},"city":"Kesälahti","state":"Northern Ostrobothnia","country":"Finland","postcode":10510,"coordinates":{"latitude":"-22.1138","longitude":"80.8874"},"timezone":{"offset":"+7:00","description":"Bangkok, Hanoi, Jakarta"}},"email":"sara.kauppila@example.com","login":{"uuid":"d42db046-0667-4b87-ae5b-52321e72b12d","username":"sadfrog213","password":"excess","salt":"AAEUHDk5","md5":"11fe79c45cdeb59e62917185d2e25b86","sha1":"a6ad9e189f045a886b09348ced299e02ee0fb904","sha256":"30496b8f7a2b338fdc27efa41bbc37c974e03a0f91704e8af547042a73eb1cd9"},"dob":{"date":"1957-02-13T01:15:18.716Z","age":67},"registered":{"date":"2005-09-05T16:09:34.035Z","age":18},"phone":"09-417-018","cell":"046-996-29-56","id":{"name":"HETU","value":"NaNNA588undefined"},"picture":{"large":"https://randomuser.me/api/portraits/women/11.jpg","medium":"https://randomuser.me/api/portraits/med/women/11.jpg","thumbnail":"https://randomuser.me/api/portraits/thumb/women/11.jpg"},"nat":"FI"}],"info":{"seed":"b858ecc2a5cf852c","results":1,"page":1,"version":"1.4"}} 
 </msg>
<msg time="2024-05-31T14:13:27.692060" level="INFO">/opt/hostedtoolcache/Python/3.12.3/x64/lib/python3.12/site-packages/urllib3/connectionpool.py:1103: InsecureRequestWarning: Unverified HTTPS request is being made to host 'randomuser.me'. Adding certificate verification is strongly advised. See: https://urllib3.readthedocs.io/en/latest/advanced-usage.html#tls-warnings
  warnings.warn(</msg>
<msg time="2024-05-31T14:13:27.692200" level="INFO">${response} = &lt;Response [200]&gt;</msg>
<var>${response}</var>
<arg>consultarAPI</arg>
<arg>/api</arg>
<doc>Sends a GET request on a previously created HTTP Session.</doc>
<status status="PASS" start="2024-05-31T14:13:27.613409" elapsed="0.078837"/>
</kw>
<kw name="Set Variable" owner="BuiltIn">
<msg time="2024-05-31T14:13:27.693556" level="INFO">${json_data} = {'results': [{'gender': 'female', 'name': {'title': 'Miss', 'first': 'Sara', 'last': 'Kauppila'}, 'location': {'street': {'number': 7193, 'name': 'Aleksanterinkatu'}, 'city': 'Kesälahti', 'state': 'No...</msg>
<var>${json_data}</var>
<arg>${response.json()}</arg>
<doc>Returns the given values which can then be assigned to a variables.</doc>
<status status="PASS" start="2024-05-31T14:13:27.692975" elapsed="0.000611"/>
</kw>
<kw name="Log" owner="BuiltIn">
<msg time="2024-05-31T14:13:27.694066" level="INFO">{'results': [{'gender': 'female', 'name': {'title': 'Miss', 'first': 'Sara', 'last': 'Kauppila'}, 'location': {'street': {'number': 7193, 'name': 'Aleksanterinkatu'}, 'city': 'Kesälahti', 'state': 'Northern Ostrobothnia', 'country': 'Finland', 'postcode': 10510, 'coordinates': {'latitude': '-22.1138', 'longitude': '80.8874'}, 'timezone': {'offset': '+7:00', 'description': 'Bangkok, Hanoi, Jakarta'}}, 'email': 'sara.kauppila@example.com', 'login': {'uuid': 'd42db046-0667-4b87-ae5b-52321e72b12d', 'username': 'sadfrog213', 'password': 'excess', 'salt': 'AAEUHDk5', 'md5': '11fe79c45cdeb59e62917185d2e25b86', 'sha1': 'a6ad9e189f045a886b09348ced299e02ee0fb904', 'sha256': '30496b8f7a2b338fdc27efa41bbc37c974e03a0f91704e8af547042a73eb1cd9'}, 'dob': {'date': '1957-02-13T01:15:18.716Z', 'age': 67}, 'registered': {'date': '2005-09-05T16:09:34.035Z', 'age': 18}, 'phone': '09-417-018', 'cell': '046-996-29-56', 'id': {'name': 'HETU', 'value': 'NaNNA588undefined'}, 'picture': {'large': 'https://randomuser.me/api/portraits/women/11.jpg', 'medium': 'https://randomuser.me/api/portraits/med/women/11.jpg', 'thumbnail': 'https://randomuser.me/api/portraits/thumb/women/11.jpg'}, 'nat': 'FI'}], 'info': {'seed': 'b858ecc2a5cf852c', 'results': 1, 'page': 1, 'version': '1.4'}}</msg>
<arg>${json_data}</arg>
<doc>Logs the given message with the given level.</doc>
<status status="PASS" start="2024-05-31T14:13:27.693906" elapsed="0.000259"/>
</kw>
<kw name="Should Be String" owner="String">
<arg>${json_data['results'][0]['gender']}</arg>
<doc>Fails if the given ``item`` is not a string.</doc>
<status status="PASS" start="2024-05-31T14:13:27.694472" elapsed="0.000369"/>
</kw>
<kw name="Should Match Regexp" owner="BuiltIn">
<arg>${json_data['results'][0]['email']}</arg>
<arg>^[a-zA-Z0-9._%+-]+@[a-zA-Z0-9.-]+\.[a-zA-Z]{2,}$</arg>
<doc>Fails if ``string`` does not match ``pattern`` as a regular expression.</doc>
<status status="PASS" start="2024-05-31T14:13:27.695033" elapsed="0.000669"/>
</kw>
<kw name="Should Match Regexp" owner="BuiltIn">
<arg>${json_data['results'][0]['dob']['date']}</arg>
<arg>\\d{4}-\\d{2}-\\d{2}T\\d{2}:\\d{2}:\\d{2}\\.\\d{3}Z</arg>
<doc>Fails if ``string`` does not match ``pattern`` as a regular expression.</doc>
<status status="PASS" start="2024-05-31T14:13:27.695898" elapsed="0.000484"/>
</kw>
<kw name="Should Match Regexp" owner="BuiltIn">
<arg>${json_data['results'][0]['registered']['date']}</arg>
<arg>\\d{4}-\\d{2}-\\d{2}T\\d{2}:\\d{2}:\\d{2}\\.\\d{3}Z</arg>
<doc>Fails if ``string`` does not match ``pattern`` as a regular expression.</doc>
<status status="PASS" start="2024-05-31T14:13:27.696575" elapsed="0.000395"/>
</kw>
<kw name="Should Match Regexp" owner="BuiltIn">
<arg>${json_data['results'][0]['picture']['large']}</arg>
<arg>^https?://.*\.(?:png|jpe?g|gif|bmp)$</arg>
<doc>Fails if ``string`` does not match ``pattern`` as a regular expression.</doc>
<status status="PASS" start="2024-05-31T14:13:27.697172" elapsed="0.000463"/>
</kw>
<kw name="Should Match Regexp" owner="BuiltIn">
<arg>${json_data['results'][0]['picture']['medium']}</arg>
<arg>^https?://.*\.(?:png|jpe?g|gif|bmp)$</arg>
<doc>Fails if ``string`` does not match ``pattern`` as a regular expression.</doc>
<status status="PASS" start="2024-05-31T14:13:27.697824" elapsed="0.000369"/>
</kw>
<kw name="Should Match Regexp" owner="BuiltIn">
<arg>${json_data['results'][0]['picture']['thumbnail']}</arg>
<arg>^https?://.*\.(?:png|jpe?g|gif|bmp)$</arg>
<doc>Fails if ``string`` does not match ``pattern`` as a regular expression.</doc>
<status status="PASS" start="2024-05-31T14:13:27.698381" elapsed="0.000347"/>
</kw>
<kw name="Log" owner="BuiltIn">
<msg time="2024-05-31T14:13:27.699237" level="INFO">{'large': 'https://randomuser.me/api/portraits/women/11.jpg', 'medium': 'https://randomuser.me/api/portraits/med/women/11.jpg', 'thumbnail': 'https://randomuser.me/api/portraits/thumb/women/11.jpg'}</msg>
<arg>${json_data['results'][0]['picture']}</arg>
<doc>Logs the given message with the given level.</doc>
<status status="PASS" start="2024-05-31T14:13:27.698910" elapsed="0.000371"/>
</kw>
<status status="PASS" start="2024-05-31T14:13:27.613170" elapsed="0.086369"/>
</kw>
<kw name="Teste de Tipos de Dados - Postcode" owner="random-user-service">
<kw name="GET On Session" owner="RequestsLibrary">
<msg time="2024-05-31T14:13:27.794405" level="INFO">GET Request : url=https://randomuser.me/api 
 path_url=/api 
 headers={'User-Agent': 'python-requests/2.32.3', 'Accept-Encoding': 'gzip, deflate', 'Accept': '*/*', 'Connection': 'keep-alive'} 
 body=None 
 </msg>
<msg time="2024-05-31T14:13:27.794522" level="INFO">GET Response : url=https://randomuser.me/api 
 status=200, reason=OK 
 headers={'Date': 'Fri, 31 May 2024 14:13:27 GMT', 'Content-Type': 'application/json; charset=utf-8', 'Transfer-Encoding': 'chunked', 'Connection': 'keep-alive', 'X-Powered-By': 'Express', 'Access-Control-Allow-Origin': '*', 'Cache-Control': 'no-cache', 'ETag': 'W/"4a2-M03kDcqvRWv2XfsETTDoCqy3/CE"', 'Vary': 'Accept-Encoding', 'Content-Encoding': 'gzip', 'CF-Cache-Status': 'DYNAMIC', 'Report-To': '{"endpoints":[{"url":"https:\\/\\/a.nel.cloudflare.com\\/report\\/v4?s=WEjPmREtZPjFig7OOmr%2BZcavOK2lnT5eq5xCwMkawItlv5qQRYeldTLFlYfBcxgan1nlmpoAOVAYV3JOpylOfuv0KwybKaBIvH6nigcltiN5P38CYr0xyd5mqzltHcrF"}],"group":"cf-nel","max_age":604800}', 'NEL': '{"success_fraction":0,"report_to":"cf-nel","max_age":604800}', 'Server': 'cloudflare', 'CF-RAY': '88c790902e5de1cb-ORD', 'alt-svc': 'h3=":443"; ma=86400'} 
 body={"results":[{"gender":"female","name":{"title":"Mrs","first":"Stefanie","last":"Strack"},"location":{"street":{"number":9775,"name":"Wiesenstraße"},"city":"Mainbernheim","state":"Bayern","country":"Germany","postcode":13699,"coordinates":{"latitude":"-50.8459","longitude":"126.9972"},"timezone":{"offset":"+5:30","description":"Bombay, Calcutta, Madras, New Delhi"}},"email":"stefanie.strack@example.com","login":{"uuid":"edabff81-0faf-4965-8a69-771202ec470b","username":"organickoala537","password":"heineken","salt":"0Q8JzuXN","md5":"0121390f1a463a9fb8825ddddef29801","sha1":"d4426229e5653bffd5e4163ad7b25b7f44856d43","sha256":"e8783bad44d63bd90de5c74d84be721e15a174c0bb04c317ac4ca3e4e6d69544"},"dob":{"date":"1949-01-11T05:56:14.812Z","age":75},"registered":{"date":"2005-02-12T09:28:28.913Z","age":19},"phone":"0197-2407274","cell":"0174-9669215","id":{"name":"SVNR","value":"72 100149 S 702"},"picture":{"large":"https://randomuser.me/api/portraits/women/2.jpg","medium":"https://randomuser.me/api/portraits/med/women/2.jpg","thumbnail":"https://randomuser.me/api/portraits/thumb/women/2.jpg"},"nat":"DE"}],"info":{"seed":"568245610def2bdc","results":1,"page":1,"version":"1.4"}} 
 </msg>
<msg time="2024-05-31T14:13:27.794606" level="INFO">/opt/hostedtoolcache/Python/3.12.3/x64/lib/python3.12/site-packages/urllib3/connectionpool.py:1103: InsecureRequestWarning: Unverified HTTPS request is being made to host 'randomuser.me'. Adding certificate verification is strongly advised. See: https://urllib3.readthedocs.io/en/latest/advanced-usage.html#tls-warnings
  warnings.warn(</msg>
<msg time="2024-05-31T14:13:27.794747" level="INFO">${response} = &lt;Response [200]&gt;</msg>
<var>${response}</var>
<arg>consultarAPI</arg>
<arg>/api</arg>
<doc>Sends a GET request on a previously created HTTP Session.</doc>
<status status="PASS" start="2024-05-31T14:13:27.699996" elapsed="0.094778"/>
</kw>
<kw name="Set Variable" owner="BuiltIn">
<msg time="2024-05-31T14:13:27.795877" level="INFO">${json_data} = {'results': [{'gender': 'female', 'name': {'title': 'Mrs', 'first': 'Stefanie', 'last': 'Strack'}, 'location': {'street': {'number': 9775, 'name': 'Wiesenstraße'}, 'city': 'Mainbernheim', 'state': 'Ba...</msg>
<var>${json_data}</var>
<arg>${response.json()}</arg>
<doc>Returns the given values which can then be assigned to a variables.</doc>
<status status="PASS" start="2024-05-31T14:13:27.795340" elapsed="0.000567"/>
</kw>
<kw name="Log" owner="BuiltIn">
<msg time="2024-05-31T14:13:27.796396" level="INFO">{'results': [{'gender': 'female', 'name': {'title': 'Mrs', 'first': 'Stefanie', 'last': 'Strack'}, 'location': {'street': {'number': 9775, 'name': 'Wiesenstraße'}, 'city': 'Mainbernheim', 'state': 'Bayern', 'country': 'Germany', 'postcode': 13699, 'coordinates': {'latitude': '-50.8459', 'longitude': '126.9972'}, 'timezone': {'offset': '+5:30', 'description': 'Bombay, Calcutta, Madras, New Delhi'}}, 'email': 'stefanie.strack@example.com', 'login': {'uuid': 'edabff81-0faf-4965-8a69-771202ec470b', 'username': 'organickoala537', 'password': 'heineken', 'salt': '0Q8JzuXN', 'md5': '0121390f1a463a9fb8825ddddef29801', 'sha1': 'd4426229e5653bffd5e4163ad7b25b7f44856d43', 'sha256': 'e8783bad44d63bd90de5c74d84be721e15a174c0bb04c317ac4ca3e4e6d69544'}, 'dob': {'date': '1949-01-11T05:56:14.812Z', 'age': 75}, 'registered': {'date': '2005-02-12T09:28:28.913Z', 'age': 19}, 'phone': '0197-2407274', 'cell': '0174-9669215', 'id': {'name': 'SVNR', 'value': '72 100149 S 702'}, 'picture': {'large': 'https://randomuser.me/api/portraits/women/2.jpg', 'medium': 'https://randomuser.me/api/portraits/med/women/2.jpg', 'thumbnail': 'https://randomuser.me/api/portraits/thumb/women/2.jpg'}, 'nat': 'DE'}], 'info': {'seed': '568245610def2bdc', 'results': 1, 'page': 1, 'version': '1.4'}}</msg>
<arg>${json_data}</arg>
<doc>Logs the given message with the given level.</doc>
<status status="PASS" start="2024-05-31T14:13:27.796227" elapsed="0.000266"/>
</kw>
<kw name="Should Be Equal As Numbers" owner="BuiltIn">
<arg>${json_data['results'][0]['location']['postcode']}</arg>
<arg>${json_data['results'][0]['location']['postcode']}</arg>
<doc>Fails if objects are unequal after converting them to real numbers.</doc>
<status status="PASS" start="2024-05-31T14:13:27.796811" elapsed="0.000674"/>
</kw>
<kw name="Log" owner="BuiltIn">
<msg time="2024-05-31T14:13:27.798034" level="INFO">13699</msg>
<arg>${json_data['results'][0]['location']['postcode']}</arg>
<doc>Logs the given message with the given level.</doc>
<status status="PASS" start="2024-05-31T14:13:27.797686" elapsed="0.000391"/>
</kw>
<status status="PASS" start="2024-05-31T14:13:27.699767" elapsed="0.098572"/>
</kw>
<doc>Testa se os tipos de dados na resposta da API estão corretos.</doc>
<tag>testeTiposDados</tag>
<status status="PASS" start="2024-05-31T14:13:27.612561" elapsed="0.185955"/>
</test>
<test id="s1-s1-t5" name="Validar conteudo" line="35">
<kw name="Teste de Tipos de Conteudo" owner="random-user-service">
<kw name="GET On Session" owner="RequestsLibrary">
<msg time="2024-05-31T14:13:28.310941" level="INFO">GET Request : url=https://randomuser.me/api 
 path_url=/api 
 headers={'User-Agent': 'python-requests/2.32.3', 'Accept-Encoding': 'gzip, deflate', 'Accept': '*/*', 'Connection': 'keep-alive'} 
 body=None 
 </msg>
<msg time="2024-05-31T14:13:28.311039" level="INFO">GET Response : url=https://randomuser.me/api 
 status=200, reason=OK 
 headers={'Date': 'Fri, 31 May 2024 14:13:28 GMT', 'Content-Type': 'application/json; charset=utf-8', 'Transfer-Encoding': 'chunked', 'Connection': 'keep-alive', 'X-Powered-By': 'Express', 'Access-Control-Allow-Origin': '*', 'Cache-Control': 'no-cache', 'ETag': 'W/"484-oRRilXcSRpe7zHEv+GffTWD+SP8"', 'Vary': 'Accept-Encoding', 'Content-Encoding': 'gzip', 'CF-Cache-Status': 'DYNAMIC', 'Report-To': '{"endpoints":[{"url":"https:\\/\\/a.nel.cloudflare.com\\/report\\/v4?s=Yc35T5N%2FeCDcRMgY%2Fct29butZoaw0i4gm4zOrLvhRcFPZgGgLKBSxbBBjsCoi%2FC77SPxjO%2BDlQMfIb1HpIeeG8qQyf0ZpMWiH8xNVLsVu4%2BZw8iGA7V0oiOC%2F4853gHD"}],"group":"cf-nel","max_age":604800}', 'NEL': '{"success_fraction":0,"report_to":"cf-nel","max_age":604800}', 'Server': 'cloudflare', 'CF-RAY': '88c79090ceece1cb-ORD', 'alt-svc': 'h3=":443"; ma=86400'} 
 body={"results":[{"gender":"female","name":{"title":"Miss","first":"Ellen","last":"Bjørseth"},"location":{"street":{"number":8127,"name":"Gullkroken"},"city":"Vangsåsen","state":"Buskerud","country":"Norway","postcode":"7353","coordinates":{"latitude":"42.4402","longitude":"110.9647"},"timezone":{"offset":"-1:00","description":"Azores, Cape Verde Islands"}},"email":"ellen.bjorseth@example.com","login":{"uuid":"4146d4e2-4651-4db8-891a-7e16215b52c2","username":"redkoala923","password":"baller","salt":"yvh1TIqL","md5":"4ec337f4f4c514d8a0ee7dc3f6a39e4a","sha1":"2d72bf1d3f4cb7e9894d220521da2555f9174baa","sha256":"d339e2eb3066530235347ddf7024fcd9f32287a39620fe1ab8a31d1ed723ee0c"},"dob":{"date":"1948-08-10T06:27:07.995Z","age":75},"registered":{"date":"2010-01-02T07:27:14.407Z","age":14},"phone":"23731716","cell":"40230581","id":{"name":"FN","value":"10084803885"},"picture":{"large":"https://randomuser.me/api/portraits/women/15.jpg","medium":"https://randomuser.me/api/portraits/med/women/15.jpg","thumbnail":"https://randomuser.me/api/portraits/thumb/women/15.jpg"},"nat":"NO"}],"info":{"seed":"73fc37e513cbbeb5","results":1,"page":1,"version":"1.4"}} 
 </msg>
<msg time="2024-05-31T14:13:28.311107" level="INFO">/opt/hostedtoolcache/Python/3.12.3/x64/lib/python3.12/site-packages/urllib3/connectionpool.py:1103: InsecureRequestWarning: Unverified HTTPS request is being made to host 'randomuser.me'. Adding certificate verification is strongly advised. See: https://urllib3.readthedocs.io/en/latest/advanced-usage.html#tls-warnings
  warnings.warn(</msg>
<msg time="2024-05-31T14:13:28.311228" level="INFO">${response} = &lt;Response [200]&gt;</msg>
<var>${response}</var>
<arg>consultarAPI</arg>
<arg>/api</arg>
<doc>Sends a GET request on a previously created HTTP Session.</doc>
<status status="PASS" start="2024-05-31T14:13:27.801142" elapsed="0.510124"/>
</kw>
<kw name="Set Variable" owner="BuiltIn">
<msg time="2024-05-31T14:13:28.312467" level="INFO">${json_data} = {'results': [{'gender': 'female', 'name': {'title': 'Miss', 'first': 'Ellen', 'last': 'Bjørseth'}, 'location': {'street': {'number': 8127, 'name': 'Gullkroken'}, 'city': 'Vangsåsen', 'state': 'Buskeru...</msg>
<var>${json_data}</var>
<arg>${response.json()}</arg>
<doc>Returns the given values which can then be assigned to a variables.</doc>
<status status="PASS" start="2024-05-31T14:13:28.311892" elapsed="0.000604"/>
</kw>
<kw name="Set Variable" owner="BuiltIn">
<msg time="2024-05-31T14:13:28.313234" level="INFO">${name_title} = Miss</msg>
<var>${name_title}</var>
<arg>${json_data["results"][0]["name"]["title"]}</arg>
<doc>Returns the given values which can then be assigned to a variables.</doc>
<status status="PASS" start="2024-05-31T14:13:28.312805" elapsed="0.000454"/>
</kw>
<kw name="Create List" owner="BuiltIn">
<msg time="2024-05-31T14:13:28.313715" level="INFO">${allowed_titles} = ['Mr', 'Ms', 'Miss', 'Mrs', 'Madame', 'Monsieur']</msg>
<var>${allowed_titles}</var>
<arg>Mr</arg>
<arg>Ms</arg>
<arg>Miss</arg>
<arg>Mrs</arg>
<arg>Madame</arg>
<arg>Monsieur</arg>
<doc>Returns a list containing given items.</doc>
<status status="PASS" start="2024-05-31T14:13:28.313565" elapsed="0.000175"/>
</kw>
<kw name="List Should Contain Value" owner="Collections">
<msg time="2024-05-31T14:13:28.314230" level="INFO">False</msg>
<arg>${allowed_titles}</arg>
<arg>${name_title}</arg>
<doc>Fails if the ``value`` is not found from ``list``.</doc>
<status status="PASS" start="2024-05-31T14:13:28.314050" elapsed="0.000216"/>
</kw>
<kw name="Set Variable" owner="BuiltIn">
<msg time="2024-05-31T14:13:28.315118" level="INFO">${name_country} = NO</msg>
<var>${name_country}</var>
<arg>${json_data["results"][0]["nat"]}</arg>
<doc>Returns the given values which can then be assigned to a variables.</doc>
<status status="PASS" start="2024-05-31T14:13:28.314559" elapsed="0.000585"/>
</kw>
<kw name="Create List" owner="BuiltIn">
<msg time="2024-05-31T14:13:28.316053" level="INFO">${list_country} = ['AD', 'AE', 'AF', 'AG', 'AI', 'AL', 'AM', 'AO', 'AQ', 'AR', 'AS', 'AT', 'AU', 'AW', 'AX', 'AZ', 'BA', 'BB', 'BD', 'BE', 'BF', 'BG', 'BH', 'BI', 'BJ', 'BL', 'BM', 'BN', 'BO', 'BQ', 'BR', 'BS', 'BT', '...</msg>
<var>${list_country}</var>
<arg>AD</arg>
<arg>AE</arg>
<arg>AF</arg>
<arg>AG</arg>
<arg>AI</arg>
<arg>AL</arg>
<arg>AM</arg>
<arg>AO</arg>
<arg>AQ</arg>
<arg>AR</arg>
<arg>AS</arg>
<arg>AT</arg>
<arg>AU</arg>
<arg>AW</arg>
<arg>AX</arg>
<arg>AZ</arg>
<arg>BA</arg>
<arg>BB</arg>
<arg>BD</arg>
<arg>BE</arg>
<arg>BF</arg>
<arg>BG</arg>
<arg>BH</arg>
<arg>BI</arg>
<arg>BJ</arg>
<arg>BL</arg>
<arg>BM</arg>
<arg>BN</arg>
<arg>BO</arg>
<arg>BQ</arg>
<arg>BR</arg>
<arg>BS</arg>
<arg>BT</arg>
<arg>BV</arg>
<arg>BW</arg>
<arg>BY</arg>
<arg>BZ</arg>
<arg>CA</arg>
<arg>CC</arg>
<arg>CD</arg>
<arg>CF</arg>
<arg>CG</arg>
<arg>CH</arg>
<arg>CI</arg>
<arg>CK</arg>
<arg>CL</arg>
<arg>CM</arg>
<arg>CN</arg>
<arg>CO</arg>
<arg>CR</arg>
<arg>CU</arg>
<arg>CV</arg>
<arg>CW</arg>
<arg>CX</arg>
<arg>CY</arg>
<arg>CZ</arg>
<arg>DE</arg>
<arg>DJ</arg>
<arg>DK</arg>
<arg>DM</arg>
<arg>DO</arg>
<arg>DZ</arg>
<arg>EC</arg>
<arg>EE</arg>
<arg>EG</arg>
<arg>EH</arg>
<arg>ER</arg>
<arg>ES</arg>
<arg>ET</arg>
<arg>FI</arg>
<arg>FJ</arg>
<arg>FK</arg>
<arg>FM</arg>
<arg>FO</arg>
<arg>FR</arg>
<arg>GA</arg>
<arg>GB</arg>
<arg>GD</arg>
<arg>GE</arg>
<arg>GF</arg>
<arg>GG</arg>
<arg>GH</arg>
<arg>GI</arg>
<arg>GL</arg>
<arg>GM</arg>
<arg>GN</arg>
<arg>GP</arg>
<arg>GQ</arg>
<arg>GR</arg>
<arg>GS</arg>
<arg>GT</arg>
<arg>GU</arg>
<arg>GW</arg>
<arg>GY</arg>
<arg>HK</arg>
<arg>HM</arg>
<arg>HN</arg>
<arg>HR</arg>
<arg>HT</arg>
<arg>HU</arg>
<arg>ID</arg>
<arg>IE</arg>
<arg>IL</arg>
<arg>IM</arg>
<arg>IN</arg>
<arg>IO</arg>
<arg>IQ</arg>
<arg>IR</arg>
<arg>IS</arg>
<arg>IT</arg>
<arg>JE</arg>
<arg>JM</arg>
<arg>JO</arg>
<arg>JP</arg>
<arg>KE</arg>
<arg>KG</arg>
<arg>KH</arg>
<arg>KI</arg>
<arg>KM</arg>
<arg>KN</arg>
<arg>KP</arg>
<arg>KR</arg>
<arg>KW</arg>
<arg>KY</arg>
<arg>KZ</arg>
<arg>LA</arg>
<arg>LB</arg>
<arg>LC</arg>
<arg>LI</arg>
<arg>LK</arg>
<arg>LR</arg>
<arg>LS</arg>
<arg>LT</arg>
<arg>LU</arg>
<arg>LV</arg>
<arg>LY</arg>
<arg>MA</arg>
<arg>MC</arg>
<arg>MD</arg>
<arg>ME</arg>
<arg>MF</arg>
<arg>MG</arg>
<arg>MH</arg>
<arg>MK</arg>
<arg>ML</arg>
<arg>MM</arg>
<arg>MN</arg>
<arg>MO</arg>
<arg>MP</arg>
<arg>MQ</arg>
<arg>MR</arg>
<arg>MS</arg>
<arg>MT</arg>
<arg>MU</arg>
<arg>MV</arg>
<arg>MW</arg>
<arg>MX</arg>
<arg>MY</arg>
<arg>MZ</arg>
<arg>NA</arg>
<arg>NC</arg>
<arg>NE</arg>
<arg>NF</arg>
<arg>NG</arg>
<arg>NI</arg>
<arg>NL</arg>
<arg>NO</arg>
<arg>NP</arg>
<arg>NR</arg>
<arg>NU</arg>
<arg>NZ</arg>
<arg>OM</arg>
<arg>PA</arg>
<arg>PE</arg>
<arg>PF</arg>
<arg>PG</arg>
<arg>PH</arg>
<arg>PK</arg>
<arg>PL</arg>
<arg>PM</arg>
<arg>PN</arg>
<arg>PR</arg>
<arg>PS</arg>
<arg>PT</arg>
<arg>PW</arg>
<arg>PY</arg>
<arg>QA</arg>
<arg>RE</arg>
<arg>RO</arg>
<arg>RS</arg>
<arg>RU</arg>
<arg>RW</arg>
<arg>SA</arg>
<arg>SB</arg>
<arg>SC</arg>
<arg>SD</arg>
<arg>SE</arg>
<arg>SG</arg>
<arg>SH</arg>
<arg>SI</arg>
<arg>SJ</arg>
<arg>SK</arg>
<arg>SL</arg>
<arg>SM</arg>
<arg>SN</arg>
<arg>SO</arg>
<arg>SR</arg>
<arg>SS</arg>
<arg>ST</arg>
<arg>SV</arg>
<arg>SX</arg>
<arg>SY</arg>
<arg>SZ</arg>
<arg>TC</arg>
<arg>TD</arg>
<arg>TF</arg>
<arg>TG</arg>
<arg>TH</arg>
<arg>TJ</arg>
<arg>TK</arg>
<arg>TL</arg>
<arg>TM</arg>
<arg>TN</arg>
<arg>TO</arg>
<arg>TR</arg>
<arg>TT</arg>
<arg>TV</arg>
<arg>TW</arg>
<arg>TZ</arg>
<arg>UA</arg>
<arg>UG</arg>
<arg>UM</arg>
<arg>US</arg>
<arg>UY</arg>
<arg>UZ</arg>
<arg>VA</arg>
<arg>VC</arg>
<arg>VE</arg>
<arg>VG</arg>
<arg>VI</arg>
<arg>VN</arg>
<arg>VU</arg>
<arg>WF</arg>
<arg>WS</arg>
<arg>XK</arg>
<arg>YE</arg>
<arg>YT</arg>
<arg>ZA</arg>
<arg>ZM</arg>
<arg>ZW</arg>
<doc>Returns a list containing given items.</doc>
<status status="PASS" start="2024-05-31T14:13:28.315454" elapsed="0.000623"/>
</kw>
<kw name="List Should Contain Value" owner="Collections">
<msg time="2024-05-31T14:13:28.317100" level="INFO">False</msg>
<arg>${list_country}</arg>
<arg>${name_country}</arg>
<doc>Fails if the ``value`` is not found from ``list``.</doc>
<status status="PASS" start="2024-05-31T14:13:28.316870" elapsed="0.000267"/>
</kw>
<kw name="Run Keyword If" owner="BuiltIn">
<kw name="Should Be True" owner="BuiltIn">
<arg>${True}</arg>
<doc>Fails if the given condition is not true.</doc>
<status status="PASS" start="2024-05-31T14:13:28.318233" elapsed="0.000146"/>
</kw>
<arg>${json_data["results"][0]["location"]["coordinates"]["latitude"]} &gt;= -90 and ${json_data["results"][0]["location"]["coordinates"]["latitude"]} &lt;= 90</arg>
<arg>Should Be True</arg>
<arg>${True}</arg>
<doc>Runs the given keyword with the given arguments, if ``condition`` is true.</doc>
<status status="PASS" start="2024-05-31T14:13:28.317457" elapsed="0.001049"/>
</kw>
<kw name="Run Keyword If" owner="BuiltIn">
<kw name="Should Be True" owner="BuiltIn">
<arg>${True}</arg>
<doc>Fails if the given condition is not true.</doc>
<status status="PASS" start="2024-05-31T14:13:28.319399" elapsed="0.000139"/>
</kw>
<arg>${json_data["results"][0]["location"]["coordinates"]["longitude"]} &gt;= -180 and ${json_data["results"][0]["location"]["coordinates"]["longitude"]} &lt;= 180</arg>
<arg>Should Be True</arg>
<arg>${True}</arg>
<doc>Runs the given keyword with the given arguments, if ``condition`` is true.</doc>
<status status="PASS" start="2024-05-31T14:13:28.318693" elapsed="0.000968"/>
</kw>
<status status="PASS" start="2024-05-31T14:13:27.800878" elapsed="0.518917"/>
</kw>
<doc>Testa o conteúdo específico dos campos retornados pela API.</doc>
<tag>testeConteudo</tag>
<status status="PASS" start="2024-05-31T14:13:27.800302" elapsed="0.519649"/>
</test>
<status status="PASS" start="2024-05-31T14:13:26.937959" elapsed="1.384022"/>
</suite>
<status status="PASS" start="2024-05-31T14:13:26.924011" elapsed="1.403253"/>
</suite>
<statistics>
<total>
<stat pass="5" fail="0" skip="0">All Tests</stat>
</total>
<tag>
<stat pass="1" fail="0" skip="0">testeConteudo</stat>
<stat pass="1" fail="0" skip="0">testeEstruturaResposta</stat>
<stat pass="1" fail="0" skip="0">testeRequisicaoBasica</stat>
<stat pass="1" fail="0" skip="0">testeTiposDados</stat>
</tag>
<suite>
<stat pass="5" fail="0" skip="0" id="s1" name="Tests">Tests</stat>
<stat pass="5" fail="0" skip="0" id="s1-s1" name="Random-User-Test">Tests.Random-User-Test</stat>
</suite>
</statistics>
<errors>
</errors>
</robot>
