<?xml version="1.0" encoding="UTF-8"?>
<robot generator="Robot 7.0.1 (Python 3.12.4 on linux)" generated="2024-06-22T15:15:02.078608" rpa="false" schemaversion="5">
<suite id="s1" name="Tests" source="/home/runner/work/ApiRandomUser/ApiRandomUser/RamdonUser/tests">
<suite id="s1-s1" name="Random-User-Test" source="/home/runner/work/ApiRandomUser/ApiRandomUser/RamdonUser/tests/random-user-test.robot">
<test id="s1-s1-t1" name="Conectar" line="13">
<kw name="Conectar API" owner="random-user-service">
<kw name="Create Session" owner="RequestsLibrary">
<msg time="2024-06-22T15:15:02.496791" level="INFO">Creating Session using : alias=consultarAPI, url=https://randomuser.me/, headers={},                     cookies={}, auth=None, timeout=None, proxies=None, verify=False,                     debug=0 </msg>
<arg>consultarAPI</arg>
<arg>${URL}</arg>
<doc>Create Session: create a HTTP session to a server</doc>
<status status="PASS" start="2024-06-22T15:15:02.496570" elapsed="0.000434"/>
</kw>
<status status="PASS" start="2024-06-22T15:15:02.495529" elapsed="0.001893"/>
</kw>
<status status="PASS" start="2024-06-22T15:15:02.494897" elapsed="0.002725"/>
</test>
<test id="s1-s1-t2" name="Validar retorno 200 e JSON Válido" line="16">
<kw name="Teste de Requisicao Basica" owner="random-user-service">
<kw name="GET On Session" owner="RequestsLibrary">
<msg time="2024-06-22T15:15:02.882851" level="INFO">GET Request : url=https://randomuser.me/api 
 path_url=/api 
 headers={'User-Agent': 'python-requests/2.32.3', 'Accept-Encoding': 'gzip, deflate', 'Accept': '*/*', 'Connection': 'keep-alive'} 
 body=None 
 </msg>
<msg time="2024-06-22T15:15:02.883003" level="INFO">GET Response : url=https://randomuser.me/api 
 status=200, reason=OK 
 headers={'Date': 'Sat, 22 Jun 2024 15:15:02 GMT', 'Content-Type': 'application/json; charset=utf-8', 'Transfer-Encoding': 'chunked', 'Connection': 'keep-alive', 'X-Powered-By': 'Express', 'Access-Control-Allow-Origin': '*', 'Cache-Control': 'no-cache', 'ETag': 'W/"4a5-ETuVHjaWdAzA1bKyqFm6nL31Hx0"', 'Vary': 'Accept-Encoding', 'Content-Encoding': 'gzip', 'CF-Cache-Status': 'DYNAMIC', 'Report-To': '{"endpoints":[{"url":"https:\\/\\/a.nel.cloudflare.com\\/report\\/v4?s=yD4OEgW2INCawCL1wr%2FvUJzuOYR%2BA9SyS6bwjaHlrAinRM%2BAf%2BHJqU0bLoauSnQWHdtANYDkKv6ZlDS5RR9AO%2BcjGorcYN2nEqzGx9l2VXvilebvoFtZe1w0RUNMULT1"}],"group":"cf-nel","max_age":604800}', 'NEL': '{"success_fraction":0,"report_to":"cf-nel","max_age":604800}', 'Server': 'cloudflare', 'CF-RAY': '897d31058b342081-IAD', 'alt-svc': 'h3=":443"; ma=86400'} 
 body={"results":[{"gender":"male","name":{"title":"Monsieur","first":"Willy","last":"Chevalier"},"location":{"street":{"number":3145,"name":"Place de la Mairie"},"city":"Niedergesteln","state":"Schaffhausen","country":"Switzerland","postcode":7555,"coordinates":{"latitude":"-62.2854","longitude":"-129.0494"},"timezone":{"offset":"-1:00","description":"Azores, Cape Verde Islands"}},"email":"willy.chevalier@example.com","login":{"uuid":"f265499e-dd25-4532-a56e-738eb56678a0","username":"happyswan526","password":"extra","salt":"22juwpjz","md5":"feadda563bf40ae4b6e9919a121c5d3c","sha1":"001bc6419a65345a03cb30a46a402f20205fee22","sha256":"f4c9e615bdd6f3c0298359a13eaf6cf93bbfa938f3ed75a7991367388a579727"},"dob":{"date":"1955-12-31T08:30:06.327Z","age":68},"registered":{"date":"2012-10-15T13:20:49.747Z","age":11},"phone":"076 344 56 08","cell":"077 263 71 86","id":{"name":"AVS","value":"756.6173.4861.77"},"picture":{"large":"https://randomuser.me/api/portraits/men/89.jpg","medium":"https://randomuser.me/api/portraits/med/men/89.jpg","thumbnail":"https://randomuser.me/api/portraits/thumb/men/89.jpg"},"nat":"CH"}],"info":{"seed":"95ccd5f9169c8429","results":1,"page":1,"version":"1.4"}} 
 </msg>
<msg time="2024-06-22T15:15:02.883085" level="INFO">/opt/hostedtoolcache/Python/3.12.4/x64/lib/python3.12/site-packages/urllib3/connectionpool.py:1099: InsecureRequestWarning: Unverified HTTPS request is being made to host 'randomuser.me'. Adding certificate verification is strongly advised. See: https://urllib3.readthedocs.io/en/latest/advanced-usage.html#tls-warnings
  warnings.warn(</msg>
<msg time="2024-06-22T15:15:02.883219" level="INFO">${response} = &lt;Response [200]&gt;</msg>
<var>${response}</var>
<arg>consultarAPI</arg>
<arg>/api</arg>
<doc>Sends a GET request on a previously created HTTP Session.</doc>
<status status="PASS" start="2024-06-22T15:15:02.500489" elapsed="0.382763"/>
</kw>
<kw name="Should Be Equal As Numbers" owner="BuiltIn">
<msg time="2024-06-22T15:15:02.884334" level="INFO">Argument types are:
&lt;class 'int'&gt;
&lt;class 'str'&gt;</msg>
<arg>${response.status_code}</arg>
<arg>200</arg>
<doc>Fails if objects are unequal after converting them to real numbers.</doc>
<status status="PASS" start="2024-06-22T15:15:02.883868" elapsed="0.000534"/>
</kw>
<kw name="Log" owner="BuiltIn">
<msg time="2024-06-22T15:15:02.885073" level="INFO">200</msg>
<arg>${response.status_code}</arg>
<doc>Logs the given message with the given level.</doc>
<status status="PASS" start="2024-06-22T15:15:02.884726" elapsed="0.000389"/>
</kw>
<kw name="Set Variable" owner="BuiltIn">
<msg time="2024-06-22T15:15:02.885851" level="INFO">${json_data} = {'results': [{'gender': 'male', 'name': {'title': 'Monsieur', 'first': 'Willy', 'last': 'Chevalier'}, 'location': {'street': {'number': 3145, 'name': 'Place de la Mairie'}, 'city': 'Niedergesteln', 's...</msg>
<var>${json_data}</var>
<arg>${response.json()}</arg>
<doc>Returns the given values which can then be assigned to a variables.</doc>
<status status="PASS" start="2024-06-22T15:15:02.885416" elapsed="0.000463"/>
</kw>
<kw name="Dictionary Should Contain Key" owner="Collections">
<arg>${json_data}</arg>
<arg>results</arg>
<doc>Fails if ``key`` is not found from ``dictionary``.</doc>
<status status="PASS" start="2024-06-22T15:15:02.886223" elapsed="0.000169"/>
</kw>
<status status="PASS" start="2024-06-22T15:15:02.500190" elapsed="0.386353"/>
</kw>
<doc>Testa se a API responde corretamente e retorna um objeto JSON válido.</doc>
<tag>testeRequisicaoBasica</tag>
<status status="PASS" start="2024-06-22T15:15:02.499611" elapsed="0.387106"/>
</test>
<test id="s1-s1-t3" name="Validar estrutura de resposta" line="22">
<kw name="Teste de Estrutura de Resposta" owner="random-user-service">
<kw name="GET On Session" owner="RequestsLibrary">
<msg time="2024-06-22T15:15:03.016276" level="INFO">GET Request : url=https://randomuser.me/api 
 path_url=/api 
 headers={'User-Agent': 'python-requests/2.32.3', 'Accept-Encoding': 'gzip, deflate', 'Accept': '*/*', 'Connection': 'keep-alive'} 
 body=None 
 </msg>
<msg time="2024-06-22T15:15:03.016406" level="INFO">GET Response : url=https://randomuser.me/api 
 status=200, reason=OK 
 headers={'Date': 'Sat, 22 Jun 2024 15:15:03 GMT', 'Content-Type': 'application/json; charset=utf-8', 'Transfer-Encoding': 'chunked', 'Connection': 'keep-alive', 'X-Powered-By': 'Express', 'Access-Control-Allow-Origin': '*', 'Cache-Control': 'no-cache', 'ETag': 'W/"49c-HPtIDUtAiOh2EcwhQxnwuhLXV2E"', 'Vary': 'Accept-Encoding', 'Content-Encoding': 'gzip', 'CF-Cache-Status': 'DYNAMIC', 'Report-To': '{"endpoints":[{"url":"https:\\/\\/a.nel.cloudflare.com\\/report\\/v4?s=eq9ITF1%2BsbNUabWi6f%2BQ0%2BbMgqL%2B5TMrPQn8P0FLl93m47%2ByKDhYlfWpHR7Hr2vV6rw6ZTRbcZTSQVr3nGE%2Fr3d54lejapLuKAggXQaOFzg9YCfadyqyafkN%2BcIOEPvp"}],"group":"cf-nel","max_age":604800}', 'NEL': '{"success_fraction":0,"report_to":"cf-nel","max_age":604800}', 'Server': 'cloudflare', 'CF-RAY': '897d31071cc82081-IAD', 'alt-svc': 'h3=":443"; ma=86400'} 
 body={"results":[{"gender":"male","name":{"title":"Mr","first":"Stephen","last":"Crawford"},"location":{"street":{"number":4281,"name":"Northaven Rd"},"city":"Bathurst","state":"Tasmania","country":"Australia","postcode":276,"coordinates":{"latitude":"-81.8558","longitude":"-13.4917"},"timezone":{"offset":"0:00","description":"Western Europe Time, London, Lisbon, Casablanca"}},"email":"stephen.crawford@example.com","login":{"uuid":"e27681b3-826f-4596-8a07-91609f0511cf","username":"angryladybug616","password":"mustang1","salt":"Iix0wKzG","md5":"08a580f5c580c620ec254f4e5d1a1004","sha1":"2d1aaa42d9f18e1f3b4177462eda1dcdfbf2c453","sha256":"a01d09a528a4b97b5ec845f1fc749844d29bd39aafdb2942c6d4ec6f8992aae3"},"dob":{"date":"1948-06-18T23:22:37.828Z","age":76},"registered":{"date":"2009-10-19T03:27:32.280Z","age":14},"phone":"05-9030-1891","cell":"0477-088-793","id":{"name":"TFN","value":"818820076"},"picture":{"large":"https://randomuser.me/api/portraits/men/3.jpg","medium":"https://randomuser.me/api/portraits/med/men/3.jpg","thumbnail":"https://randomuser.me/api/portraits/thumb/men/3.jpg"},"nat":"AU"}],"info":{"seed":"fc5638a9b2d47818","results":1,"page":1,"version":"1.4"}} 
 </msg>
<msg time="2024-06-22T15:15:03.016543" level="INFO">/opt/hostedtoolcache/Python/3.12.4/x64/lib/python3.12/site-packages/urllib3/connectionpool.py:1099: InsecureRequestWarning: Unverified HTTPS request is being made to host 'randomuser.me'. Adding certificate verification is strongly advised. See: https://urllib3.readthedocs.io/en/latest/advanced-usage.html#tls-warnings
  warnings.warn(</msg>
<msg time="2024-06-22T15:15:03.016665" level="INFO">${response} = &lt;Response [200]&gt;</msg>
<var>${response}</var>
<arg>consultarAPI</arg>
<arg>/api</arg>
<doc>Sends a GET request on a previously created HTTP Session.</doc>
<status status="PASS" start="2024-06-22T15:15:02.889650" elapsed="0.127042"/>
</kw>
<kw name="Set Variable" owner="BuiltIn">
<msg time="2024-06-22T15:15:03.017757" level="INFO">${json_data} = {'results': [{'gender': 'male', 'name': {'title': 'Mr', 'first': 'Stephen', 'last': 'Crawford'}, 'location': {'street': {'number': 4281, 'name': 'Northaven Rd'}, 'city': 'Bathurst', 'state': 'Tasmania...</msg>
<var>${json_data}</var>
<arg>${response.json()}</arg>
<doc>Returns the given values which can then be assigned to a variables.</doc>
<status status="PASS" start="2024-06-22T15:15:03.017217" elapsed="0.000570"/>
</kw>
<kw name="Log" owner="BuiltIn">
<msg time="2024-06-22T15:15:03.018296" level="INFO">{'results': [{'gender': 'male', 'name': {'title': 'Mr', 'first': 'Stephen', 'last': 'Crawford'}, 'location': {'street': {'number': 4281, 'name': 'Northaven Rd'}, 'city': 'Bathurst', 'state': 'Tasmania', 'country': 'Australia', 'postcode': 276, 'coordinates': {'latitude': '-81.8558', 'longitude': '-13.4917'}, 'timezone': {'offset': '0:00', 'description': 'Western Europe Time, London, Lisbon, Casablanca'}}, 'email': 'stephen.crawford@example.com', 'login': {'uuid': 'e27681b3-826f-4596-8a07-91609f0511cf', 'username': 'angryladybug616', 'password': 'mustang1', 'salt': 'Iix0wKzG', 'md5': '08a580f5c580c620ec254f4e5d1a1004', 'sha1': '2d1aaa42d9f18e1f3b4177462eda1dcdfbf2c453', 'sha256': 'a01d09a528a4b97b5ec845f1fc749844d29bd39aafdb2942c6d4ec6f8992aae3'}, 'dob': {'date': '1948-06-18T23:22:37.828Z', 'age': 76}, 'registered': {'date': '2009-10-19T03:27:32.280Z', 'age': 14}, 'phone': '05-9030-1891', 'cell': '0477-088-793', 'id': {'name': 'TFN', 'value': '818820076'}, 'picture': {'large': 'https://randomuser.me/api/portraits/men/3.jpg', 'medium': 'https://randomuser.me/api/portraits/med/men/3.jpg', 'thumbnail': 'https://randomuser.me/api/portraits/thumb/men/3.jpg'}, 'nat': 'AU'}], 'info': {'seed': 'fc5638a9b2d47818', 'results': 1, 'page': 1, 'version': '1.4'}}</msg>
<arg>${json_data}</arg>
<doc>Logs the given message with the given level.</doc>
<status status="PASS" start="2024-06-22T15:15:03.018129" elapsed="0.000216"/>
</kw>
<kw name="Dictionary Should Contain Key" owner="Collections">
<arg>${json_data}</arg>
<arg>results</arg>
<doc>Fails if ``key`` is not found from ``dictionary``.</doc>
<status status="PASS" start="2024-06-22T15:15:03.018636" elapsed="0.000158"/>
</kw>
<kw name="Should Not Be Empty" owner="BuiltIn">
<msg time="2024-06-22T15:15:03.019098" level="INFO">Length is 2.</msg>
<arg>${json_data}</arg>
<doc>Verifies that the given item is not empty.</doc>
<status status="PASS" start="2024-06-22T15:15:03.018973" elapsed="0.000164"/>
</kw>
<kw name="Create List" owner="BuiltIn">
<msg time="2024-06-22T15:15:03.019726" level="INFO">${expected_keys} = ['gender', 'name', 'location', 'email', 'login']</msg>
<var>${expected_keys}</var>
<arg>gender</arg>
<arg>name</arg>
<arg>location</arg>
<arg>email</arg>
<arg>login</arg>
<doc>Returns a list containing given items.</doc>
<status status="PASS" start="2024-06-22T15:15:03.019425" elapsed="0.000325"/>
</kw>
<for flavor="IN">
<iter>
<kw name="Dictionary Should Contain Key" owner="Collections">
<arg>${json_data['results'][0]}</arg>
<arg>${key}</arg>
<doc>Fails if ``key`` is not found from ``dictionary``.</doc>
<status status="PASS" start="2024-06-22T15:15:03.020323" elapsed="0.000407"/>
</kw>
<kw name="Log" owner="BuiltIn">
<msg time="2024-06-22T15:15:03.021270" level="INFO">{'gender': 'male', 'name': {'title': 'Mr', 'first': 'Stephen', 'last': 'Crawford'}, 'location': {'street': {'number': 4281, 'name': 'Northaven Rd'}, 'city': 'Bathurst', 'state': 'Tasmania', 'country': 'Australia', 'postcode': 276, 'coordinates': {'latitude': '-81.8558', 'longitude': '-13.4917'}, 'timezone': {'offset': '0:00', 'description': 'Western Europe Time, London, Lisbon, Casablanca'}}, 'email': 'stephen.crawford@example.com', 'login': {'uuid': 'e27681b3-826f-4596-8a07-91609f0511cf', 'username': 'angryladybug616', 'password': 'mustang1', 'salt': 'Iix0wKzG', 'md5': '08a580f5c580c620ec254f4e5d1a1004', 'sha1': '2d1aaa42d9f18e1f3b4177462eda1dcdfbf2c453', 'sha256': 'a01d09a528a4b97b5ec845f1fc749844d29bd39aafdb2942c6d4ec6f8992aae3'}, 'dob': {'date': '1948-06-18T23:22:37.828Z', 'age': 76}, 'registered': {'date': '2009-10-19T03:27:32.280Z', 'age': 14}, 'phone': '05-9030-1891', 'cell': '0477-088-793', 'id': {'name': 'TFN', 'value': '818820076'}, 'picture': {'large': 'https://randomuser.me/api/portraits/men/3.jpg', 'medium': 'https://randomuser.me/api/portraits/med/men/3.jpg', 'thumbnail': 'https://randomuser.me/api/portraits/thumb/men/3.jpg'}, 'nat': 'AU'}</msg>
<arg>${json_data['results'][0]}</arg>
<doc>Logs the given message with the given level.</doc>
<status status="PASS" start="2024-06-22T15:15:03.020918" elapsed="0.000410"/>
</kw>
<kw name="Log" owner="BuiltIn">
<msg time="2024-06-22T15:15:03.021757" level="INFO">gender</msg>
<arg>${key}</arg>
<doc>Logs the given message with the given level.</doc>
<status status="PASS" start="2024-06-22T15:15:03.021631" elapsed="0.000164"/>
</kw>
<var name="${key}">gender</var>
<status status="PASS" start="2024-06-22T15:15:03.020199" elapsed="0.001826"/>
</iter>
<iter>
<kw name="Dictionary Should Contain Key" owner="Collections">
<arg>${json_data['results'][0]}</arg>
<arg>${key}</arg>
<doc>Fails if ``key`` is not found from ``dictionary``.</doc>
<status status="PASS" start="2024-06-22T15:15:03.022317" elapsed="0.000385"/>
</kw>
<kw name="Log" owner="BuiltIn">
<msg time="2024-06-22T15:15:03.023272" level="INFO">{'gender': 'male', 'name': {'title': 'Mr', 'first': 'Stephen', 'last': 'Crawford'}, 'location': {'street': {'number': 4281, 'name': 'Northaven Rd'}, 'city': 'Bathurst', 'state': 'Tasmania', 'country': 'Australia', 'postcode': 276, 'coordinates': {'latitude': '-81.8558', 'longitude': '-13.4917'}, 'timezone': {'offset': '0:00', 'description': 'Western Europe Time, London, Lisbon, Casablanca'}}, 'email': 'stephen.crawford@example.com', 'login': {'uuid': 'e27681b3-826f-4596-8a07-91609f0511cf', 'username': 'angryladybug616', 'password': 'mustang1', 'salt': 'Iix0wKzG', 'md5': '08a580f5c580c620ec254f4e5d1a1004', 'sha1': '2d1aaa42d9f18e1f3b4177462eda1dcdfbf2c453', 'sha256': 'a01d09a528a4b97b5ec845f1fc749844d29bd39aafdb2942c6d4ec6f8992aae3'}, 'dob': {'date': '1948-06-18T23:22:37.828Z', 'age': 76}, 'registered': {'date': '2009-10-19T03:27:32.280Z', 'age': 14}, 'phone': '05-9030-1891', 'cell': '0477-088-793', 'id': {'name': 'TFN', 'value': '818820076'}, 'picture': {'large': 'https://randomuser.me/api/portraits/men/3.jpg', 'medium': 'https://randomuser.me/api/portraits/med/men/3.jpg', 'thumbnail': 'https://randomuser.me/api/portraits/thumb/men/3.jpg'}, 'nat': 'AU'}</msg>
<arg>${json_data['results'][0]}</arg>
<doc>Logs the given message with the given level.</doc>
<status status="PASS" start="2024-06-22T15:15:03.022885" elapsed="0.000434"/>
</kw>
<kw name="Log" owner="BuiltIn">
<msg time="2024-06-22T15:15:03.023745" level="INFO">name</msg>
<arg>${key}</arg>
<doc>Logs the given message with the given level.</doc>
<status status="PASS" start="2024-06-22T15:15:03.023617" elapsed="0.000165"/>
</kw>
<var name="${key}">name</var>
<status status="PASS" start="2024-06-22T15:15:03.022207" elapsed="0.001787"/>
</iter>
<iter>
<kw name="Dictionary Should Contain Key" owner="Collections">
<arg>${json_data['results'][0]}</arg>
<arg>${key}</arg>
<doc>Fails if ``key`` is not found from ``dictionary``.</doc>
<status status="PASS" start="2024-06-22T15:15:03.024275" elapsed="0.000380"/>
</kw>
<kw name="Log" owner="BuiltIn">
<msg time="2024-06-22T15:15:03.025192" level="INFO">{'gender': 'male', 'name': {'title': 'Mr', 'first': 'Stephen', 'last': 'Crawford'}, 'location': {'street': {'number': 4281, 'name': 'Northaven Rd'}, 'city': 'Bathurst', 'state': 'Tasmania', 'country': 'Australia', 'postcode': 276, 'coordinates': {'latitude': '-81.8558', 'longitude': '-13.4917'}, 'timezone': {'offset': '0:00', 'description': 'Western Europe Time, London, Lisbon, Casablanca'}}, 'email': 'stephen.crawford@example.com', 'login': {'uuid': 'e27681b3-826f-4596-8a07-91609f0511cf', 'username': 'angryladybug616', 'password': 'mustang1', 'salt': 'Iix0wKzG', 'md5': '08a580f5c580c620ec254f4e5d1a1004', 'sha1': '2d1aaa42d9f18e1f3b4177462eda1dcdfbf2c453', 'sha256': 'a01d09a528a4b97b5ec845f1fc749844d29bd39aafdb2942c6d4ec6f8992aae3'}, 'dob': {'date': '1948-06-18T23:22:37.828Z', 'age': 76}, 'registered': {'date': '2009-10-19T03:27:32.280Z', 'age': 14}, 'phone': '05-9030-1891', 'cell': '0477-088-793', 'id': {'name': 'TFN', 'value': '818820076'}, 'picture': {'large': 'https://randomuser.me/api/portraits/men/3.jpg', 'medium': 'https://randomuser.me/api/portraits/med/men/3.jpg', 'thumbnail': 'https://randomuser.me/api/portraits/thumb/men/3.jpg'}, 'nat': 'AU'}</msg>
<arg>${json_data['results'][0]}</arg>
<doc>Logs the given message with the given level.</doc>
<status status="PASS" start="2024-06-22T15:15:03.024835" elapsed="0.000407"/>
</kw>
<kw name="Log" owner="BuiltIn">
<msg time="2024-06-22T15:15:03.025659" level="INFO">location</msg>
<arg>${key}</arg>
<doc>Logs the given message with the given level.</doc>
<status status="PASS" start="2024-06-22T15:15:03.025534" elapsed="0.000162"/>
</kw>
<var name="${key}">location</var>
<status status="PASS" start="2024-06-22T15:15:03.024169" elapsed="0.001739"/>
</iter>
<iter>
<kw name="Dictionary Should Contain Key" owner="Collections">
<arg>${json_data['results'][0]}</arg>
<arg>${key}</arg>
<doc>Fails if ``key`` is not found from ``dictionary``.</doc>
<status status="PASS" start="2024-06-22T15:15:03.026213" elapsed="0.000376"/>
</kw>
<kw name="Log" owner="BuiltIn">
<msg time="2024-06-22T15:15:03.027121" level="INFO">{'gender': 'male', 'name': {'title': 'Mr', 'first': 'Stephen', 'last': 'Crawford'}, 'location': {'street': {'number': 4281, 'name': 'Northaven Rd'}, 'city': 'Bathurst', 'state': 'Tasmania', 'country': 'Australia', 'postcode': 276, 'coordinates': {'latitude': '-81.8558', 'longitude': '-13.4917'}, 'timezone': {'offset': '0:00', 'description': 'Western Europe Time, London, Lisbon, Casablanca'}}, 'email': 'stephen.crawford@example.com', 'login': {'uuid': 'e27681b3-826f-4596-8a07-91609f0511cf', 'username': 'angryladybug616', 'password': 'mustang1', 'salt': 'Iix0wKzG', 'md5': '08a580f5c580c620ec254f4e5d1a1004', 'sha1': '2d1aaa42d9f18e1f3b4177462eda1dcdfbf2c453', 'sha256': 'a01d09a528a4b97b5ec845f1fc749844d29bd39aafdb2942c6d4ec6f8992aae3'}, 'dob': {'date': '1948-06-18T23:22:37.828Z', 'age': 76}, 'registered': {'date': '2009-10-19T03:27:32.280Z', 'age': 14}, 'phone': '05-9030-1891', 'cell': '0477-088-793', 'id': {'name': 'TFN', 'value': '818820076'}, 'picture': {'large': 'https://randomuser.me/api/portraits/men/3.jpg', 'medium': 'https://randomuser.me/api/portraits/med/men/3.jpg', 'thumbnail': 'https://randomuser.me/api/portraits/thumb/men/3.jpg'}, 'nat': 'AU'}</msg>
<arg>${json_data['results'][0]}</arg>
<doc>Logs the given message with the given level.</doc>
<status status="PASS" start="2024-06-22T15:15:03.026774" elapsed="0.000403"/>
</kw>
<kw name="Log" owner="BuiltIn">
<msg time="2024-06-22T15:15:03.027589" level="INFO">email</msg>
<arg>${key}</arg>
<doc>Logs the given message with the given level.</doc>
<status status="PASS" start="2024-06-22T15:15:03.027466" elapsed="0.000161"/>
</kw>
<var name="${key}">email</var>
<status status="PASS" start="2024-06-22T15:15:03.026106" elapsed="0.001731"/>
</iter>
<iter>
<kw name="Dictionary Should Contain Key" owner="Collections">
<arg>${json_data['results'][0]}</arg>
<arg>${key}</arg>
<doc>Fails if ``key`` is not found from ``dictionary``.</doc>
<status status="PASS" start="2024-06-22T15:15:03.028111" elapsed="0.000387"/>
</kw>
<kw name="Log" owner="BuiltIn">
<msg time="2024-06-22T15:15:03.029022" level="INFO">{'gender': 'male', 'name': {'title': 'Mr', 'first': 'Stephen', 'last': 'Crawford'}, 'location': {'street': {'number': 4281, 'name': 'Northaven Rd'}, 'city': 'Bathurst', 'state': 'Tasmania', 'country': 'Australia', 'postcode': 276, 'coordinates': {'latitude': '-81.8558', 'longitude': '-13.4917'}, 'timezone': {'offset': '0:00', 'description': 'Western Europe Time, London, Lisbon, Casablanca'}}, 'email': 'stephen.crawford@example.com', 'login': {'uuid': 'e27681b3-826f-4596-8a07-91609f0511cf', 'username': 'angryladybug616', 'password': 'mustang1', 'salt': 'Iix0wKzG', 'md5': '08a580f5c580c620ec254f4e5d1a1004', 'sha1': '2d1aaa42d9f18e1f3b4177462eda1dcdfbf2c453', 'sha256': 'a01d09a528a4b97b5ec845f1fc749844d29bd39aafdb2942c6d4ec6f8992aae3'}, 'dob': {'date': '1948-06-18T23:22:37.828Z', 'age': 76}, 'registered': {'date': '2009-10-19T03:27:32.280Z', 'age': 14}, 'phone': '05-9030-1891', 'cell': '0477-088-793', 'id': {'name': 'TFN', 'value': '818820076'}, 'picture': {'large': 'https://randomuser.me/api/portraits/men/3.jpg', 'medium': 'https://randomuser.me/api/portraits/med/men/3.jpg', 'thumbnail': 'https://randomuser.me/api/portraits/thumb/men/3.jpg'}, 'nat': 'AU'}</msg>
<arg>${json_data['results'][0]}</arg>
<doc>Logs the given message with the given level.</doc>
<status status="PASS" start="2024-06-22T15:15:03.028679" elapsed="0.000391"/>
</kw>
<kw name="Log" owner="BuiltIn">
<msg time="2024-06-22T15:15:03.029483" level="INFO">login</msg>
<arg>${key}</arg>
<doc>Logs the given message with the given level.</doc>
<status status="PASS" start="2024-06-22T15:15:03.029360" elapsed="0.000160"/>
</kw>
<var name="${key}">login</var>
<status status="PASS" start="2024-06-22T15:15:03.028004" elapsed="0.001727"/>
</iter>
<var>${key}</var>
<value>@{expected_keys}</value>
<status status="PASS" start="2024-06-22T15:15:03.020008" elapsed="0.009841"/>
</for>
<kw name="Create List" owner="BuiltIn">
<msg time="2024-06-22T15:15:03.030225" level="INFO">${expected_keysTwo} = ['username', 'password']</msg>
<var>${expected_keysTwo}</var>
<arg>username</arg>
<arg>password</arg>
<doc>Returns a list containing given items.</doc>
<status status="PASS" start="2024-06-22T15:15:03.030086" elapsed="0.000163"/>
</kw>
<for flavor="IN">
<iter>
<kw name="Dictionary Should Contain Key" owner="Collections">
<arg>${json_data['results'][0]['login']}</arg>
<arg>${keyTwo}</arg>
<doc>Fails if ``key`` is not found from ``dictionary``.</doc>
<status status="PASS" start="2024-06-22T15:15:03.030751" elapsed="0.000378"/>
</kw>
<kw name="Dictionary Should Contain Key" owner="Collections">
<arg>${json_data['results'][0]['login']}</arg>
<arg>${keyTwo}</arg>
<doc>Fails if ``key`` is not found from ``dictionary``.</doc>
<status status="PASS" start="2024-06-22T15:15:03.031316" elapsed="0.000376"/>
</kw>
<kw name="Log" owner="BuiltIn">
<msg time="2024-06-22T15:15:03.031987" level="INFO">username</msg>
<arg>${keyTwo}</arg>
<doc>Logs the given message with the given level.</doc>
<status status="PASS" start="2024-06-22T15:15:03.031869" elapsed="0.000155"/>
</kw>
<var name="${keyTwo}">username</var>
<status status="PASS" start="2024-06-22T15:15:03.030644" elapsed="0.001602"/>
</iter>
<iter>
<kw name="Dictionary Should Contain Key" owner="Collections">
<arg>${json_data['results'][0]['login']}</arg>
<arg>${keyTwo}</arg>
<doc>Fails if ``key`` is not found from ``dictionary``.</doc>
<status status="PASS" start="2024-06-22T15:15:03.032523" elapsed="0.000377"/>
</kw>
<kw name="Dictionary Should Contain Key" owner="Collections">
<arg>${json_data['results'][0]['login']}</arg>
<arg>${keyTwo}</arg>
<doc>Fails if ``key`` is not found from ``dictionary``.</doc>
<status status="PASS" start="2024-06-22T15:15:03.033084" elapsed="0.000375"/>
</kw>
<kw name="Log" owner="BuiltIn">
<msg time="2024-06-22T15:15:03.033751" level="INFO">password</msg>
<arg>${keyTwo}</arg>
<doc>Logs the given message with the given level.</doc>
<status status="PASS" start="2024-06-22T15:15:03.033634" elapsed="0.000153"/>
</kw>
<var name="${keyTwo}">password</var>
<status status="PASS" start="2024-06-22T15:15:03.032414" elapsed="0.001704"/>
</iter>
<var>${keyTwo}</var>
<value>@{expected_keysTwo}</value>
<status status="PASS" start="2024-06-22T15:15:03.030485" elapsed="0.003754"/>
</for>
<status status="PASS" start="2024-06-22T15:15:02.889305" elapsed="0.145075"/>
</kw>
<doc>Testa a estrutura da resposta da API.</doc>
<tag>testeEstruturaResposta</tag>
<status status="PASS" start="2024-06-22T15:15:02.888546" elapsed="0.145991"/>
</test>
<test id="s1-s1-t4" name="Validar tipos de dados" line="28">
<kw name="Teste de Tipos de Dados" owner="random-user-service">
<kw name="GET On Session" owner="RequestsLibrary">
<msg time="2024-06-22T15:15:03.098302" level="INFO">GET Request : url=https://randomuser.me/api 
 path_url=/api 
 headers={'User-Agent': 'python-requests/2.32.3', 'Accept-Encoding': 'gzip, deflate', 'Accept': '*/*', 'Connection': 'keep-alive'} 
 body=None 
 </msg>
<msg time="2024-06-22T15:15:03.098395" level="INFO">GET Response : url=https://randomuser.me/api 
 status=200, reason=OK 
 headers={'Date': 'Sat, 22 Jun 2024 15:15:03 GMT', 'Content-Type': 'application/json; charset=utf-8', 'Transfer-Encoding': 'chunked', 'Connection': 'keep-alive', 'X-Powered-By': 'Express', 'Access-Control-Allow-Origin': '*', 'Cache-Control': 'no-cache', 'ETag': 'W/"473-M0TMoV6hOeFCI1/nlVGbn6q8AcM"', 'Vary': 'Accept-Encoding', 'Content-Encoding': 'gzip', 'CF-Cache-Status': 'DYNAMIC', 'Report-To': '{"endpoints":[{"url":"https:\\/\\/a.nel.cloudflare.com\\/report\\/v4?s=kyEHxg7mapMeOPyDwcV7BaiEHUCOGhVwMmb%2FxRwZGYzDCYVJOTEmiGsuE2FiwA2sUfBBfaDNiC9sQ7lC5Rq5jUjCqteC4ZqjbD2tSG%2FrIm3QFbwuviItghr9Ox30QHJ6"}],"group":"cf-nel","max_age":604800}', 'NEL': '{"success_fraction":0,"report_to":"cf-nel","max_age":604800}', 'Server': 'cloudflare', 'CF-RAY': '897d31080dbf2081-IAD', 'alt-svc': 'h3=":443"; ma=86400'} 
 body={"results":[{"gender":"female","name":{"title":"Ms","first":"Raquel","last":"Cano"},"location":{"street":{"number":8492,"name":"Avenida de Andalucía"},"city":"Toledo","state":"Aragón","country":"Spain","postcode":94241,"coordinates":{"latitude":"-36.5438","longitude":"120.4880"},"timezone":{"offset":"-9:00","description":"Alaska"}},"email":"raquel.cano@example.com","login":{"uuid":"c1b1d0d1-ed8c-43eb-a3b7-954ff6860700","username":"lazymeercat382","password":"ranch","salt":"YIUm3ROp","md5":"b7f1bcdbe79dde1814f1c8cd2d957bbc","sha1":"bb84c93ad1128be96bd38d063ab01c54c44e484e","sha256":"2cb99053e3eb91ba371877b07f9a71ff544f30394995d1e533edc24f7c2147ac"},"dob":{"date":"1961-01-27T00:15:12.555Z","age":63},"registered":{"date":"2021-06-17T11:27:59.346Z","age":3},"phone":"945-304-001","cell":"690-675-686","id":{"name":"DNI","value":"83486336-J"},"picture":{"large":"https://randomuser.me/api/portraits/women/94.jpg","medium":"https://randomuser.me/api/portraits/med/women/94.jpg","thumbnail":"https://randomuser.me/api/portraits/thumb/women/94.jpg"},"nat":"ES"}],"info":{"seed":"b3e1cc4152cc1246","results":1,"page":1,"version":"1.4"}} 
 </msg>
<msg time="2024-06-22T15:15:03.098465" level="INFO">/opt/hostedtoolcache/Python/3.12.4/x64/lib/python3.12/site-packages/urllib3/connectionpool.py:1099: InsecureRequestWarning: Unverified HTTPS request is being made to host 'randomuser.me'. Adding certificate verification is strongly advised. See: https://urllib3.readthedocs.io/en/latest/advanced-usage.html#tls-warnings
  warnings.warn(</msg>
<msg time="2024-06-22T15:15:03.098582" level="INFO">${response} = &lt;Response [200]&gt;</msg>
<var>${response}</var>
<arg>consultarAPI</arg>
<arg>/api</arg>
<doc>Sends a GET request on a previously created HTTP Session.</doc>
<status status="PASS" start="2024-06-22T15:15:03.036948" elapsed="0.061660"/>
</kw>
<kw name="Set Variable" owner="BuiltIn">
<msg time="2024-06-22T15:15:03.099685" level="INFO">${json_data} = {'results': [{'gender': 'female', 'name': {'title': 'Ms', 'first': 'Raquel', 'last': 'Cano'}, 'location': {'street': {'number': 8492, 'name': 'Avenida de Andalucía'}, 'city': 'Toledo', 'state': 'Aragó...</msg>
<var>${json_data}</var>
<arg>${response.json()}</arg>
<doc>Returns the given values which can then be assigned to a variables.</doc>
<status status="PASS" start="2024-06-22T15:15:03.099166" elapsed="0.000549"/>
</kw>
<kw name="Log" owner="BuiltIn">
<msg time="2024-06-22T15:15:03.100177" level="INFO">{'results': [{'gender': 'female', 'name': {'title': 'Ms', 'first': 'Raquel', 'last': 'Cano'}, 'location': {'street': {'number': 8492, 'name': 'Avenida de Andalucía'}, 'city': 'Toledo', 'state': 'Aragón', 'country': 'Spain', 'postcode': 94241, 'coordinates': {'latitude': '-36.5438', 'longitude': '120.4880'}, 'timezone': {'offset': '-9:00', 'description': 'Alaska'}}, 'email': 'raquel.cano@example.com', 'login': {'uuid': 'c1b1d0d1-ed8c-43eb-a3b7-954ff6860700', 'username': 'lazymeercat382', 'password': 'ranch', 'salt': 'YIUm3ROp', 'md5': 'b7f1bcdbe79dde1814f1c8cd2d957bbc', 'sha1': 'bb84c93ad1128be96bd38d063ab01c54c44e484e', 'sha256': '2cb99053e3eb91ba371877b07f9a71ff544f30394995d1e533edc24f7c2147ac'}, 'dob': {'date': '1961-01-27T00:15:12.555Z', 'age': 63}, 'registered': {'date': '2021-06-17T11:27:59.346Z', 'age': 3}, 'phone': '945-304-001', 'cell': '690-675-686', 'id': {'name': 'DNI', 'value': '83486336-J'}, 'picture': {'large': 'https://randomuser.me/api/portraits/women/94.jpg', 'medium': 'https://randomuser.me/api/portraits/med/women/94.jpg', 'thumbnail': 'https://randomuser.me/api/portraits/thumb/women/94.jpg'}, 'nat': 'ES'}], 'info': {'seed': 'b3e1cc4152cc1246', 'results': 1, 'page': 1, 'version': '1.4'}}</msg>
<arg>${json_data}</arg>
<doc>Logs the given message with the given level.</doc>
<status status="PASS" start="2024-06-22T15:15:03.100021" elapsed="0.000213"/>
</kw>
<kw name="Should Be String" owner="String">
<arg>${json_data['results'][0]['gender']}</arg>
<doc>Fails if the given ``item`` is not a string.</doc>
<status status="PASS" start="2024-06-22T15:15:03.100523" elapsed="0.000370"/>
</kw>
<kw name="Should Match Regexp" owner="BuiltIn">
<arg>${json_data['results'][0]['email']}</arg>
<arg>^[a-zA-Z0-9._%+-]+@[a-zA-Z0-9.-]+\.[a-zA-Z]{2,}$</arg>
<doc>Fails if ``string`` does not match ``pattern`` as a regular expression.</doc>
<status status="PASS" start="2024-06-22T15:15:03.101082" elapsed="0.000516"/>
</kw>
<kw name="Should Match Regexp" owner="BuiltIn">
<arg>${json_data['results'][0]['dob']['date']}</arg>
<arg>\\d{4}-\\d{2}-\\d{2}T\\d{2}:\\d{2}:\\d{2}\\.\\d{3}Z</arg>
<doc>Fails if ``string`` does not match ``pattern`` as a regular expression.</doc>
<status status="PASS" start="2024-06-22T15:15:03.101827" elapsed="0.000530"/>
</kw>
<kw name="Should Match Regexp" owner="BuiltIn">
<arg>${json_data['results'][0]['registered']['date']}</arg>
<arg>\\d{4}-\\d{2}-\\d{2}T\\d{2}:\\d{2}:\\d{2}\\.\\d{3}Z</arg>
<doc>Fails if ``string`` does not match ``pattern`` as a regular expression.</doc>
<status status="PASS" start="2024-06-22T15:15:03.102599" elapsed="0.000403"/>
</kw>
<kw name="Should Match Regexp" owner="BuiltIn">
<arg>${json_data['results'][0]['picture']['large']}</arg>
<arg>^https?://.*\.(?:png|jpe?g|gif|bmp)$</arg>
<doc>Fails if ``string`` does not match ``pattern`` as a regular expression.</doc>
<status status="PASS" start="2024-06-22T15:15:03.103191" elapsed="0.000461"/>
</kw>
<kw name="Should Match Regexp" owner="BuiltIn">
<arg>${json_data['results'][0]['picture']['medium']}</arg>
<arg>^https?://.*\.(?:png|jpe?g|gif|bmp)$</arg>
<doc>Fails if ``string`` does not match ``pattern`` as a regular expression.</doc>
<status status="PASS" start="2024-06-22T15:15:03.103840" elapsed="0.000354"/>
</kw>
<kw name="Should Match Regexp" owner="BuiltIn">
<arg>${json_data['results'][0]['picture']['thumbnail']}</arg>
<arg>^https?://.*\.(?:png|jpe?g|gif|bmp)$</arg>
<doc>Fails if ``string`` does not match ``pattern`` as a regular expression.</doc>
<status status="PASS" start="2024-06-22T15:15:03.104377" elapsed="0.000352"/>
</kw>
<kw name="Log" owner="BuiltIn">
<msg time="2024-06-22T15:15:03.105228" level="INFO">{'large': 'https://randomuser.me/api/portraits/women/94.jpg', 'medium': 'https://randomuser.me/api/portraits/med/women/94.jpg', 'thumbnail': 'https://randomuser.me/api/portraits/thumb/women/94.jpg'}</msg>
<arg>${json_data['results'][0]['picture']}</arg>
<doc>Logs the given message with the given level.</doc>
<status status="PASS" start="2024-06-22T15:15:03.104907" elapsed="0.000366"/>
</kw>
<status status="PASS" start="2024-06-22T15:15:03.036726" elapsed="0.068809"/>
</kw>
<kw name="Teste de Tipos de Dados - Postcode" owner="random-user-service">
<kw name="GET On Session" owner="RequestsLibrary">
<msg time="2024-06-22T15:15:03.180893" level="INFO">GET Request : url=https://randomuser.me/api 
 path_url=/api 
 headers={'User-Agent': 'python-requests/2.32.3', 'Accept-Encoding': 'gzip, deflate', 'Accept': '*/*', 'Connection': 'keep-alive'} 
 body=None 
 </msg>
<msg time="2024-06-22T15:15:03.180990" level="INFO">GET Response : url=https://randomuser.me/api 
 status=200, reason=OK 
 headers={'Date': 'Sat, 22 Jun 2024 15:15:03 GMT', 'Content-Type': 'application/json; charset=utf-8', 'Transfer-Encoding': 'chunked', 'Connection': 'keep-alive', 'X-Powered-By': 'Express', 'Access-Control-Allow-Origin': '*', 'Cache-Control': 'no-cache', 'ETag': 'W/"492-qytHEVsXAcJjcHB6fIb0VRDZnfo"', 'Vary': 'Accept-Encoding', 'Content-Encoding': 'gzip', 'CF-Cache-Status': 'DYNAMIC', 'Report-To': '{"endpoints":[{"url":"https:\\/\\/a.nel.cloudflare.com\\/report\\/v4?s=8FLeZdde4f8hKYOQhM2HWroafWiryN%2FANuA8%2FUsEqAD9C7USeLxkbXz42OKBGmmwNKbtUK6sd4Jjh4tlHcDXiVgrl2cPwGhoO0oJs5bYCKdw64luVFgeg8yxG1QA9fM9"}],"group":"cf-nel","max_age":604800}', 'NEL': '{"success_fraction":0,"report_to":"cf-nel","max_age":604800}', 'Server': 'cloudflare', 'CF-RAY': '897d31086e282081-IAD', 'alt-svc': 'h3=":443"; ma=86400'} 
 body={"results":[{"gender":"male","name":{"title":"Mr","first":"Jan","last":"Habel"},"location":{"street":{"number":664,"name":"Finkenweg"},"city":"Suhl","state":"Mecklenburg-Vorpommern","country":"Germany","postcode":86033,"coordinates":{"latitude":"-52.5097","longitude":"-53.4899"},"timezone":{"offset":"+5:30","description":"Bombay, Calcutta, Madras, New Delhi"}},"email":"jan.habel@example.com","login":{"uuid":"84b15d7d-4a15-47ec-86d0-ad1d8ba24b55","username":"ticklishbird703","password":"hampton","salt":"rOfwB6WU","md5":"2097eb44add2e8f1911e2c462ba7fbf9","sha1":"c8466120c8974961bd308c27d22ae671ba35b4d9","sha256":"86b55c300709a640f60fbf1a2183cc65cd94f549945333283974ad9d61c608ba"},"dob":{"date":"1993-04-05T21:23:50.631Z","age":31},"registered":{"date":"2004-04-15T10:17:03.569Z","age":20},"phone":"0566-1373380","cell":"0171-5649467","id":{"name":"SVNR","value":"81 050493 H 206"},"picture":{"large":"https://randomuser.me/api/portraits/men/81.jpg","medium":"https://randomuser.me/api/portraits/med/men/81.jpg","thumbnail":"https://randomuser.me/api/portraits/thumb/men/81.jpg"},"nat":"DE"}],"info":{"seed":"565704142bb228cb","results":1,"page":1,"version":"1.4"}} 
 </msg>
<msg time="2024-06-22T15:15:03.181068" level="INFO">/opt/hostedtoolcache/Python/3.12.4/x64/lib/python3.12/site-packages/urllib3/connectionpool.py:1099: InsecureRequestWarning: Unverified HTTPS request is being made to host 'randomuser.me'. Adding certificate verification is strongly advised. See: https://urllib3.readthedocs.io/en/latest/advanced-usage.html#tls-warnings
  warnings.warn(</msg>
<msg time="2024-06-22T15:15:03.181209" level="INFO">${response} = &lt;Response [200]&gt;</msg>
<var>${response}</var>
<arg>consultarAPI</arg>
<arg>/api</arg>
<doc>Sends a GET request on a previously created HTTP Session.</doc>
<status status="PASS" start="2024-06-22T15:15:03.106024" elapsed="0.075215"/>
</kw>
<kw name="Set Variable" owner="BuiltIn">
<msg time="2024-06-22T15:15:03.182319" level="INFO">${json_data} = {'results': [{'gender': 'male', 'name': {'title': 'Mr', 'first': 'Jan', 'last': 'Habel'}, 'location': {'street': {'number': 664, 'name': 'Finkenweg'}, 'city': 'Suhl', 'state': 'Mecklenburg-Vorpommern'...</msg>
<var>${json_data}</var>
<arg>${response.json()}</arg>
<doc>Returns the given values which can then be assigned to a variables.</doc>
<status status="PASS" start="2024-06-22T15:15:03.181755" elapsed="0.000591"/>
</kw>
<kw name="Log" owner="BuiltIn">
<msg time="2024-06-22T15:15:03.182805" level="INFO">{'results': [{'gender': 'male', 'name': {'title': 'Mr', 'first': 'Jan', 'last': 'Habel'}, 'location': {'street': {'number': 664, 'name': 'Finkenweg'}, 'city': 'Suhl', 'state': 'Mecklenburg-Vorpommern', 'country': 'Germany', 'postcode': 86033, 'coordinates': {'latitude': '-52.5097', 'longitude': '-53.4899'}, 'timezone': {'offset': '+5:30', 'description': 'Bombay, Calcutta, Madras, New Delhi'}}, 'email': 'jan.habel@example.com', 'login': {'uuid': '84b15d7d-4a15-47ec-86d0-ad1d8ba24b55', 'username': 'ticklishbird703', 'password': 'hampton', 'salt': 'rOfwB6WU', 'md5': '2097eb44add2e8f1911e2c462ba7fbf9', 'sha1': 'c8466120c8974961bd308c27d22ae671ba35b4d9', 'sha256': '86b55c300709a640f60fbf1a2183cc65cd94f549945333283974ad9d61c608ba'}, 'dob': {'date': '1993-04-05T21:23:50.631Z', 'age': 31}, 'registered': {'date': '2004-04-15T10:17:03.569Z', 'age': 20}, 'phone': '0566-1373380', 'cell': '0171-5649467', 'id': {'name': 'SVNR', 'value': '81 050493 H 206'}, 'picture': {'large': 'https://randomuser.me/api/portraits/men/81.jpg', 'medium': 'https://randomuser.me/api/portraits/med/men/81.jpg', 'thumbnail': 'https://randomuser.me/api/portraits/thumb/men/81.jpg'}, 'nat': 'DE'}], 'info': {'seed': '565704142bb228cb', 'results': 1, 'page': 1, 'version': '1.4'}}</msg>
<arg>${json_data}</arg>
<doc>Logs the given message with the given level.</doc>
<status status="PASS" start="2024-06-22T15:15:03.182649" elapsed="0.000203"/>
</kw>
<kw name="Should Be Equal As Numbers" owner="BuiltIn">
<arg>${json_data['results'][0]['location']['postcode']}</arg>
<arg>${json_data['results'][0]['location']['postcode']}</arg>
<doc>Fails if objects are unequal after converting them to real numbers.</doc>
<status status="PASS" start="2024-06-22T15:15:03.183150" elapsed="0.000644"/>
</kw>
<kw name="Log" owner="BuiltIn">
<msg time="2024-06-22T15:15:03.184500" level="INFO">86033</msg>
<arg>${json_data['results'][0]['location']['postcode']}</arg>
<doc>Logs the given message with the given level.</doc>
<status status="PASS" start="2024-06-22T15:15:03.183981" elapsed="0.000569"/>
</kw>
<status status="PASS" start="2024-06-22T15:15:03.105764" elapsed="0.079074"/>
</kw>
<doc>Testa se os tipos de dados na resposta da API estão corretos.</doc>
<tag>testeTiposDados</tag>
<status status="PASS" start="2024-06-22T15:15:03.036279" elapsed="0.148732"/>
</test>
<test id="s1-s1-t5" name="Validar conteudo" line="35">
<kw name="Teste de Tipos de Conteudo" owner="random-user-service">
<kw name="GET On Session" owner="RequestsLibrary">
<msg time="2024-06-22T15:15:03.282303" level="INFO">GET Request : url=https://randomuser.me/api 
 path_url=/api 
 headers={'User-Agent': 'python-requests/2.32.3', 'Accept-Encoding': 'gzip, deflate', 'Accept': '*/*', 'Connection': 'keep-alive'} 
 body=None 
 </msg>
<msg time="2024-06-22T15:15:03.282411" level="INFO">GET Response : url=https://randomuser.me/api 
 status=200, reason=OK 
 headers={'Date': 'Sat, 22 Jun 2024 15:15:03 GMT', 'Content-Type': 'application/json; charset=utf-8', 'Transfer-Encoding': 'chunked', 'Connection': 'keep-alive', 'X-Powered-By': 'Express', 'Access-Control-Allow-Origin': '*', 'Cache-Control': 'no-cache', 'ETag': 'W/"496-+urZT5SPAKwChEZOs2b8jj2Tkp4"', 'Vary': 'Accept-Encoding', 'Content-Encoding': 'gzip', 'CF-Cache-Status': 'DYNAMIC', 'Report-To': '{"endpoints":[{"url":"https:\\/\\/a.nel.cloudflare.com\\/report\\/v4?s=2q%2F0%2FNSaWNIw9sCqOYA9MSVlsw9W0ojMALJ6rIvAsmGs0%2F6l0MYWphj6OsBv%2FBhE2qGHsuTg3Xw8CAAEZ85jupRi4i0V%2ByFVwrBRkPGvkZ7TGTEjIWpfBrBXooH7LIo1"}],"group":"cf-nel","max_age":604800}', 'NEL': '{"success_fraction":0,"report_to":"cf-nel","max_age":604800}', 'Server': 'cloudflare', 'CF-RAY': '897d3108feba2081-IAD', 'alt-svc': 'h3=":443"; ma=86400'} 
 body={"results":[{"gender":"male","name":{"title":"Mr","first":"Brendan","last":"Morrison"},"location":{"street":{"number":9717,"name":"Killarney Road"},"city":"Kilkenny","state":"Donegal","country":"Ireland","postcode":55779,"coordinates":{"latitude":"-0.5625","longitude":"-32.7063"},"timezone":{"offset":"-5:00","description":"Eastern Time (US &amp; Canada), Bogota, Lima"}},"email":"brendan.morrison@example.com","login":{"uuid":"1a4f5728-a44d-4d15-a739-f74fad2ef6e3","username":"bluemeercat978","password":"hotmail","salt":"Prq12fw6","md5":"0d4cb119159a7b660849b1d211e59e9d","sha1":"0c4182c5666957e1bba84f8b636048ab75d758c9","sha256":"6746a231aee619f92e509a3bc71a55aa4611a5e2fb1ba62acb58ea9bff24d77c"},"dob":{"date":"1970-03-07T01:48:44.522Z","age":54},"registered":{"date":"2007-12-29T00:32:12.636Z","age":16},"phone":"051-819-9492","cell":"081-296-6563","id":{"name":"PPS","value":"6839485T"},"picture":{"large":"https://randomuser.me/api/portraits/men/97.jpg","medium":"https://randomuser.me/api/portraits/med/men/97.jpg","thumbnail":"https://randomuser.me/api/portraits/thumb/men/97.jpg"},"nat":"IE"}],"info":{"seed":"493d1c37f86ad378","results":1,"page":1,"version":"1.4"}} 
 </msg>
<msg time="2024-06-22T15:15:03.282494" level="INFO">/opt/hostedtoolcache/Python/3.12.4/x64/lib/python3.12/site-packages/urllib3/connectionpool.py:1099: InsecureRequestWarning: Unverified HTTPS request is being made to host 'randomuser.me'. Adding certificate verification is strongly advised. See: https://urllib3.readthedocs.io/en/latest/advanced-usage.html#tls-warnings
  warnings.warn(</msg>
<msg time="2024-06-22T15:15:03.282652" level="INFO">${response} = &lt;Response [200]&gt;</msg>
<var>${response}</var>
<arg>consultarAPI</arg>
<arg>/api</arg>
<doc>Sends a GET request on a previously created HTTP Session.</doc>
<status status="PASS" start="2024-06-22T15:15:03.187547" elapsed="0.095155"/>
</kw>
<kw name="Set Variable" owner="BuiltIn">
<msg time="2024-06-22T15:15:03.283737" level="INFO">${json_data} = {'results': [{'gender': 'male', 'name': {'title': 'Mr', 'first': 'Brendan', 'last': 'Morrison'}, 'location': {'street': {'number': 9717, 'name': 'Killarney Road'}, 'city': 'Kilkenny', 'state': 'Donega...</msg>
<var>${json_data}</var>
<arg>${response.json()}</arg>
<doc>Returns the given values which can then be assigned to a variables.</doc>
<status status="PASS" start="2024-06-22T15:15:03.283226" elapsed="0.000539"/>
</kw>
<kw name="Set Variable" owner="BuiltIn">
<msg time="2024-06-22T15:15:03.284446" level="INFO">${name_title} = Mr</msg>
<var>${name_title}</var>
<arg>${json_data["results"][0]["name"]["title"]}</arg>
<doc>Returns the given values which can then be assigned to a variables.</doc>
<status status="PASS" start="2024-06-22T15:15:03.284061" elapsed="0.000410"/>
</kw>
<kw name="Create List" owner="BuiltIn">
<msg time="2024-06-22T15:15:03.284912" level="INFO">${allowed_titles} = ['Mr', 'Ms', 'Miss', 'Mrs', 'Madame', 'Monsieur']</msg>
<var>${allowed_titles}</var>
<arg>Mr</arg>
<arg>Ms</arg>
<arg>Miss</arg>
<arg>Mrs</arg>
<arg>Madame</arg>
<arg>Monsieur</arg>
<doc>Returns a list containing given items.</doc>
<status status="PASS" start="2024-06-22T15:15:03.284766" elapsed="0.000171"/>
</kw>
<kw name="List Should Contain Value" owner="Collections">
<arg>${allowed_titles}</arg>
<arg>${name_title}</arg>
<doc>Fails if the ``value`` is not found from ``list``.</doc>
<status status="PASS" start="2024-06-22T15:15:03.285239" elapsed="0.000178"/>
</kw>
<kw name="Set Variable" owner="BuiltIn">
<msg time="2024-06-22T15:15:03.285992" level="INFO">${name_country} = IE</msg>
<var>${name_country}</var>
<arg>${json_data["results"][0]["nat"]}</arg>
<doc>Returns the given values which can then be assigned to a variables.</doc>
<status status="PASS" start="2024-06-22T15:15:03.285596" elapsed="0.000423"/>
</kw>
<kw name="Create List" owner="BuiltIn">
<msg time="2024-06-22T15:15:03.286928" level="INFO">${list_country} = ['AD', 'AE', 'AF', 'AG', 'AI', 'AL', 'AM', 'AO', 'AQ', 'AR', 'AS', 'AT', 'AU', 'AW', 'AX', 'AZ', 'BA', 'BB', 'BD', 'BE', 'BF', 'BG', 'BH', 'BI', 'BJ', 'BL', 'BM', 'BN', 'BO', 'BQ', 'BR', 'BS', 'BT', '...</msg>
<var>${list_country}</var>
<arg>AD</arg>
<arg>AE</arg>
<arg>AF</arg>
<arg>AG</arg>
<arg>AI</arg>
<arg>AL</arg>
<arg>AM</arg>
<arg>AO</arg>
<arg>AQ</arg>
<arg>AR</arg>
<arg>AS</arg>
<arg>AT</arg>
<arg>AU</arg>
<arg>AW</arg>
<arg>AX</arg>
<arg>AZ</arg>
<arg>BA</arg>
<arg>BB</arg>
<arg>BD</arg>
<arg>BE</arg>
<arg>BF</arg>
<arg>BG</arg>
<arg>BH</arg>
<arg>BI</arg>
<arg>BJ</arg>
<arg>BL</arg>
<arg>BM</arg>
<arg>BN</arg>
<arg>BO</arg>
<arg>BQ</arg>
<arg>BR</arg>
<arg>BS</arg>
<arg>BT</arg>
<arg>BV</arg>
<arg>BW</arg>
<arg>BY</arg>
<arg>BZ</arg>
<arg>CA</arg>
<arg>CC</arg>
<arg>CD</arg>
<arg>CF</arg>
<arg>CG</arg>
<arg>CH</arg>
<arg>CI</arg>
<arg>CK</arg>
<arg>CL</arg>
<arg>CM</arg>
<arg>CN</arg>
<arg>CO</arg>
<arg>CR</arg>
<arg>CU</arg>
<arg>CV</arg>
<arg>CW</arg>
<arg>CX</arg>
<arg>CY</arg>
<arg>CZ</arg>
<arg>DE</arg>
<arg>DJ</arg>
<arg>DK</arg>
<arg>DM</arg>
<arg>DO</arg>
<arg>DZ</arg>
<arg>EC</arg>
<arg>EE</arg>
<arg>EG</arg>
<arg>EH</arg>
<arg>ER</arg>
<arg>ES</arg>
<arg>ET</arg>
<arg>FI</arg>
<arg>FJ</arg>
<arg>FK</arg>
<arg>FM</arg>
<arg>FO</arg>
<arg>FR</arg>
<arg>GA</arg>
<arg>GB</arg>
<arg>GD</arg>
<arg>GE</arg>
<arg>GF</arg>
<arg>GG</arg>
<arg>GH</arg>
<arg>GI</arg>
<arg>GL</arg>
<arg>GM</arg>
<arg>GN</arg>
<arg>GP</arg>
<arg>GQ</arg>
<arg>GR</arg>
<arg>GS</arg>
<arg>GT</arg>
<arg>GU</arg>
<arg>GW</arg>
<arg>GY</arg>
<arg>HK</arg>
<arg>HM</arg>
<arg>HN</arg>
<arg>HR</arg>
<arg>HT</arg>
<arg>HU</arg>
<arg>ID</arg>
<arg>IE</arg>
<arg>IL</arg>
<arg>IM</arg>
<arg>IN</arg>
<arg>IO</arg>
<arg>IQ</arg>
<arg>IR</arg>
<arg>IS</arg>
<arg>IT</arg>
<arg>JE</arg>
<arg>JM</arg>
<arg>JO</arg>
<arg>JP</arg>
<arg>KE</arg>
<arg>KG</arg>
<arg>KH</arg>
<arg>KI</arg>
<arg>KM</arg>
<arg>KN</arg>
<arg>KP</arg>
<arg>KR</arg>
<arg>KW</arg>
<arg>KY</arg>
<arg>KZ</arg>
<arg>LA</arg>
<arg>LB</arg>
<arg>LC</arg>
<arg>LI</arg>
<arg>LK</arg>
<arg>LR</arg>
<arg>LS</arg>
<arg>LT</arg>
<arg>LU</arg>
<arg>LV</arg>
<arg>LY</arg>
<arg>MA</arg>
<arg>MC</arg>
<arg>MD</arg>
<arg>ME</arg>
<arg>MF</arg>
<arg>MG</arg>
<arg>MH</arg>
<arg>MK</arg>
<arg>ML</arg>
<arg>MM</arg>
<arg>MN</arg>
<arg>MO</arg>
<arg>MP</arg>
<arg>MQ</arg>
<arg>MR</arg>
<arg>MS</arg>
<arg>MT</arg>
<arg>MU</arg>
<arg>MV</arg>
<arg>MW</arg>
<arg>MX</arg>
<arg>MY</arg>
<arg>MZ</arg>
<arg>NA</arg>
<arg>NC</arg>
<arg>NE</arg>
<arg>NF</arg>
<arg>NG</arg>
<arg>NI</arg>
<arg>NL</arg>
<arg>NO</arg>
<arg>NP</arg>
<arg>NR</arg>
<arg>NU</arg>
<arg>NZ</arg>
<arg>OM</arg>
<arg>PA</arg>
<arg>PE</arg>
<arg>PF</arg>
<arg>PG</arg>
<arg>PH</arg>
<arg>PK</arg>
<arg>PL</arg>
<arg>PM</arg>
<arg>PN</arg>
<arg>PR</arg>
<arg>PS</arg>
<arg>PT</arg>
<arg>PW</arg>
<arg>PY</arg>
<arg>QA</arg>
<arg>RE</arg>
<arg>RO</arg>
<arg>RS</arg>
<arg>RU</arg>
<arg>RW</arg>
<arg>SA</arg>
<arg>SB</arg>
<arg>SC</arg>
<arg>SD</arg>
<arg>SE</arg>
<arg>SG</arg>
<arg>SH</arg>
<arg>SI</arg>
<arg>SJ</arg>
<arg>SK</arg>
<arg>SL</arg>
<arg>SM</arg>
<arg>SN</arg>
<arg>SO</arg>
<arg>SR</arg>
<arg>SS</arg>
<arg>ST</arg>
<arg>SV</arg>
<arg>SX</arg>
<arg>SY</arg>
<arg>SZ</arg>
<arg>TC</arg>
<arg>TD</arg>
<arg>TF</arg>
<arg>TG</arg>
<arg>TH</arg>
<arg>TJ</arg>
<arg>TK</arg>
<arg>TL</arg>
<arg>TM</arg>
<arg>TN</arg>
<arg>TO</arg>
<arg>TR</arg>
<arg>TT</arg>
<arg>TV</arg>
<arg>TW</arg>
<arg>TZ</arg>
<arg>UA</arg>
<arg>UG</arg>
<arg>UM</arg>
<arg>US</arg>
<arg>UY</arg>
<arg>UZ</arg>
<arg>VA</arg>
<arg>VC</arg>
<arg>VE</arg>
<arg>VG</arg>
<arg>VI</arg>
<arg>VN</arg>
<arg>VU</arg>
<arg>WF</arg>
<arg>WS</arg>
<arg>XK</arg>
<arg>YE</arg>
<arg>YT</arg>
<arg>ZA</arg>
<arg>ZM</arg>
<arg>ZW</arg>
<doc>Returns a list containing given items.</doc>
<status status="PASS" start="2024-06-22T15:15:03.286322" elapsed="0.000632"/>
</kw>
<kw name="List Should Contain Value" owner="Collections">
<arg>${list_country}</arg>
<arg>${name_country}</arg>
<doc>Fails if the ``value`` is not found from ``list``.</doc>
<status status="PASS" start="2024-06-22T15:15:03.287752" elapsed="0.000200"/>
</kw>
<kw name="Run Keyword If" owner="BuiltIn">
<kw name="Should Be True" owner="BuiltIn">
<arg>${True}</arg>
<doc>Fails if the given condition is not true.</doc>
<status status="PASS" start="2024-06-22T15:15:03.288880" elapsed="0.000140"/>
</kw>
<arg>${json_data["results"][0]["location"]["coordinates"]["latitude"]} &gt;= -90 and ${json_data["results"][0]["location"]["coordinates"]["latitude"]} &lt;= 90</arg>
<arg>Should Be True</arg>
<arg>${True}</arg>
<doc>Runs the given keyword with the given arguments, if ``condition`` is true.</doc>
<status status="PASS" start="2024-06-22T15:15:03.288149" elapsed="0.000993"/>
</kw>
<kw name="Run Keyword If" owner="BuiltIn">
<kw name="Should Be True" owner="BuiltIn">
<arg>${True}</arg>
<doc>Fails if the given condition is not true.</doc>
<status status="PASS" start="2024-06-22T15:15:03.290010" elapsed="0.000245"/>
</kw>
<arg>${json_data["results"][0]["location"]["coordinates"]["longitude"]} &gt;= -180 and ${json_data["results"][0]["location"]["coordinates"]["longitude"]} &lt;= 180</arg>
<arg>Should Be True</arg>
<arg>${True}</arg>
<doc>Runs the given keyword with the given arguments, if ``condition`` is true.</doc>
<status status="PASS" start="2024-06-22T15:15:03.289317" elapsed="0.001083"/>
</kw>
<status status="PASS" start="2024-06-22T15:15:03.187321" elapsed="0.103221"/>
</kw>
<doc>Testa o conteúdo específico dos campos retornados pela API.</doc>
<tag>testeConteudo</tag>
<status status="PASS" start="2024-06-22T15:15:03.186847" elapsed="0.103879"/>
</test>
<status status="PASS" start="2024-06-22T15:15:02.138826" elapsed="1.153850"/>
</suite>
<status status="PASS" start="2024-06-22T15:15:02.124022" elapsed="1.173671"/>
</suite>
<statistics>
<total>
<stat pass="5" fail="0" skip="0">All Tests</stat>
</total>
<tag>
<stat pass="1" fail="0" skip="0">testeConteudo</stat>
<stat pass="1" fail="0" skip="0">testeEstruturaResposta</stat>
<stat pass="1" fail="0" skip="0">testeRequisicaoBasica</stat>
<stat pass="1" fail="0" skip="0">testeTiposDados</stat>
</tag>
<suite>
<stat pass="5" fail="0" skip="0" id="s1" name="Tests">Tests</stat>
<stat pass="5" fail="0" skip="0" id="s1-s1" name="Random-User-Test">Tests.Random-User-Test</stat>
</suite>
</statistics>
<errors>
</errors>
</robot>
