<?xml version="1.0" encoding="UTF-8"?>
<robot generator="Robot 7.0 (Python 3.12.3 on linux)" generated="2024-05-06T22:13:53.832838" rpa="false" schemaversion="5">
<suite id="s1" name="Tests" source="/home/runner/work/DesafioQAItauRogerioJordao/DesafioQAItauRogerioJordao/RamdonUser/tests">
<suite id="s1-s1" name="Random-User-Test" source="/home/runner/work/DesafioQAItauRogerioJordao/DesafioQAItauRogerioJordao/RamdonUser/tests/random-user-test.robot">
<test id="s1-s1-t1" name="Conectar" line="13">
<kw name="Conectar API" owner="random-user-service">
<kw name="Create Session" owner="RequestsLibrary">
<msg time="2024-05-06T22:13:54.199442" level="INFO">Creating Session using : alias=consultarAPI, url=https://randomuser.me/, headers={},                     cookies={}, auth=None, timeout=None, proxies=None, verify=False,                     debug=0 </msg>
<arg>consultarAPI</arg>
<arg>${URL}</arg>
<doc>Create Session: create a HTTP session to a server</doc>
<status status="PASS" start="2024-05-06T22:13:54.199230" elapsed="0.000399"/>
</kw>
<status status="PASS" start="2024-05-06T22:13:54.198226" elapsed="0.001768"/>
</kw>
<status status="PASS" start="2024-05-06T22:13:54.197546" elapsed="0.002637"/>
</test>
<test id="s1-s1-t2" name="Validar retorno 200 e JSON Válido" line="16">
<kw name="Teste de Requisicao Basica" owner="random-user-service">
<kw name="GET On Session" owner="RequestsLibrary">
<msg time="2024-05-06T22:13:54.332274" level="INFO">GET Request : url=https://randomuser.me/api 
 path_url=/api 
 headers={'User-Agent': 'python-requests/2.31.0', 'Accept-Encoding': 'gzip, deflate', 'Accept': '*/*', 'Connection': 'keep-alive'} 
 body=None 
 </msg>
<msg time="2024-05-06T22:13:54.332447" level="INFO">GET Response : url=https://randomuser.me/api 
 status=200, reason=OK 
 headers={'Date': 'Mon, 06 May 2024 22:13:54 GMT', 'Content-Type': 'application/json; charset=utf-8', 'Transfer-Encoding': 'chunked', 'Connection': 'keep-alive', 'X-Powered-By': 'Express', 'Access-Control-Allow-Origin': '*', 'Cache-Control': 'no-cache', 'ETag': 'W/"4b4-+dNnMEWg9O7mB2F6P7cT/aatcKo"', 'Vary': 'Accept-Encoding', 'Content-Encoding': 'gzip', 'CF-Cache-Status': 'DYNAMIC', 'Report-To': '{"endpoints":[{"url":"https:\\/\\/a.nel.cloudflare.com\\/report\\/v4?s=lfGcM0nTimCZNYvXaVgjAmRzQCsmfJQrCbFgOIfZ%2BZf37vli03b8T%2FVNETmgiugyAAvlUkT3w2FupL7U4vuWba4D%2FgL%2BAHdekJesBmM7S5N0Nq6HVkN%2BixU2RJKh8zGk"}],"group":"cf-nel","max_age":604800}', 'NEL': '{"success_fraction":0,"report_to":"cf-nel","max_age":604800}', 'Server': 'cloudflare', 'CF-RAY': '87fc51f5ebe52393-SJC', 'alt-svc': 'h3=":443"; ma=86400'} 
 body={"results":[{"gender":"female","name":{"title":"Mrs","first":"Queila","last":"Oliveira"},"location":{"street":{"number":615,"name":"Rua São Pedro "},"city":"Santa Cruz do Sul","state":"Mato Grosso do Sul","country":"Brazil","postcode":22840,"coordinates":{"latitude":"-76.2853","longitude":"48.6308"},"timezone":{"offset":"+5:30","description":"Bombay, Calcutta, Madras, New Delhi"}},"email":"queila.oliveira@example.com","login":{"uuid":"cb8b0dc6-2eee-4298-b679-54b9638adbb9","username":"organicfrog362","password":"johnny1","salt":"564iKFBy","md5":"2a9fbd3ecbeaa63760b48eceb7db5917","sha1":"a3be16b1a3dafb5a7850cfd601f8ff19efe40ab6","sha256":"4d19da132ea2d4fa21401b82a389cae1a264b665188b84807875b438858c61ca"},"dob":{"date":"1984-10-28T09:14:20.851Z","age":39},"registered":{"date":"2014-09-06T04:00:45.835Z","age":9},"phone":"(15) 6867-5666","cell":"(29) 4849-9626","id":{"name":"CPF","value":"509.754.475-76"},"picture":{"large":"https://randomuser.me/api/portraits/women/37.jpg","medium":"https://randomuser.me/api/portraits/med/women/37.jpg","thumbnail":"https://randomuser.me/api/portraits/thumb/women/37.jpg"},"nat":"BR"}],"info":{"seed":"332036f7ddf4edfe","results":1,"page":1,"version":"1.4"}} 
 </msg>
<msg time="2024-05-06T22:13:54.332550" level="INFO">/opt/hostedtoolcache/Python/3.12.3/x64/lib/python3.12/site-packages/urllib3/connectionpool.py:1103: InsecureRequestWarning: Unverified HTTPS request is being made to host 'randomuser.me'. Adding certificate verification is strongly advised. See: https://urllib3.readthedocs.io/en/latest/advanced-usage.html#tls-warnings
  warnings.warn(</msg>
<msg time="2024-05-06T22:13:54.332697" level="INFO">${response} = &lt;Response [200]&gt;</msg>
<var>${response}</var>
<arg>consultarAPI</arg>
<arg>/api</arg>
<doc>Sends a GET request on a previously created HTTP Session.</doc>
<status status="PASS" start="2024-05-06T22:13:54.202939" elapsed="0.129803"/>
</kw>
<kw name="Should Be Equal As Numbers" owner="BuiltIn">
<msg time="2024-05-06T22:13:54.333821" level="INFO">Argument types are:
&lt;class 'int'&gt;
&lt;class 'str'&gt;</msg>
<arg>${response.status_code}</arg>
<arg>200</arg>
<doc>Fails if objects are unequal after converting them to real numbers.</doc>
<status status="PASS" start="2024-05-06T22:13:54.333311" elapsed="0.000578"/>
</kw>
<kw name="Log" owner="BuiltIn">
<msg time="2024-05-06T22:13:54.334604" level="INFO">200</msg>
<arg>${response.status_code}</arg>
<doc>Logs the given message with the given level.</doc>
<status status="PASS" start="2024-05-06T22:13:54.334244" elapsed="0.000404"/>
</kw>
<kw name="Set Variable" owner="BuiltIn">
<msg time="2024-05-06T22:13:54.335421" level="INFO">${json_data} = {'results': [{'gender': 'female', 'name': {'title': 'Mrs', 'first': 'Queila', 'last': 'Oliveira'}, 'location': {'street': {'number': 615, 'name': 'Rua São Pedro '}, 'city': 'Santa Cruz do Sul', 'state...</msg>
<var>${json_data}</var>
<arg>${response.json()}</arg>
<doc>Returns the given values which can then be assigned to a variables.</doc>
<status status="PASS" start="2024-05-06T22:13:54.334960" elapsed="0.000491"/>
</kw>
<kw name="Dictionary Should Contain Key" owner="Collections">
<msg time="2024-05-06T22:13:54.335957" level="INFO">False</msg>
<arg>${json_data}</arg>
<arg>results</arg>
<doc>Fails if ``key`` is not found from ``dictionary``.</doc>
<status status="PASS" start="2024-05-06T22:13:54.335779" elapsed="0.000220"/>
</kw>
<status status="PASS" start="2024-05-06T22:13:54.202688" elapsed="0.133578"/>
</kw>
<doc>Testa se a API responde corretamente e retorna um objeto JSON válido.</doc>
<tag>testeRequisicaoBasica</tag>
<status status="PASS" start="2024-05-06T22:13:54.202157" elapsed="0.134304"/>
</test>
<test id="s1-s1-t3" name="Validar estrutura de resposta" line="22">
<kw name="Teste de Estrutura de Resposta" owner="random-user-service">
<kw name="GET On Session" owner="RequestsLibrary">
<msg time="2024-05-06T22:13:54.443444" level="INFO">GET Request : url=https://randomuser.me/api 
 path_url=/api 
 headers={'User-Agent': 'python-requests/2.31.0', 'Accept-Encoding': 'gzip, deflate', 'Accept': '*/*', 'Connection': 'keep-alive'} 
 body=None 
 </msg>
<msg time="2024-05-06T22:13:54.443550" level="INFO">GET Response : url=https://randomuser.me/api 
 status=200, reason=OK 
 headers={'Date': 'Mon, 06 May 2024 22:13:54 GMT', 'Content-Type': 'application/json; charset=utf-8', 'Transfer-Encoding': 'chunked', 'Connection': 'keep-alive', 'X-Powered-By': 'Express', 'Access-Control-Allow-Origin': '*', 'Cache-Control': 'no-cache', 'ETag': 'W/"4a0-bVGdmw5Glbb6/nYLBoWnhTBqDIE"', 'Vary': 'Accept-Encoding', 'Content-Encoding': 'gzip', 'CF-Cache-Status': 'DYNAMIC', 'Report-To': '{"endpoints":[{"url":"https:\\/\\/a.nel.cloudflare.com\\/report\\/v4?s=96l9Dc0n5OjGwECcDPGR0omLbbSq7kX5sS5ZerZWjtrV%2BnfQHNttY9WRLR4Q8rgRr5Ac13hU4Gdqcjysj0kDAian2Y%2BwhFQziiKxH%2Bq%2B6fbfe%2Fzo5cDQfJchxi%2Bs10%2FU"}],"group":"cf-nel","max_age":604800}', 'NEL': '{"success_fraction":0,"report_to":"cf-nel","max_age":604800}', 'Server': 'cloudflare', 'CF-RAY': '87fc51f6acad2393-SJC', 'alt-svc': 'h3=":443"; ma=86400'} 
 body={"results":[{"gender":"female","name":{"title":"Miss","first":"Svetlana","last":"Cvetković"},"location":{"street":{"number":3611,"name":"Avalska"},"city":"Trstenik","state":"Pčinja","country":"Serbia","postcode":92455,"coordinates":{"latitude":"56.8031","longitude":"90.9610"},"timezone":{"offset":"+11:00","description":"Magadan, Solomon Islands, New Caledonia"}},"email":"svetlana.cvetkovic@example.com","login":{"uuid":"d10f50da-edad-4e1b-b581-52dcf6818f32","username":"beautifulgoose254","password":"macdaddy","salt":"1P26hRSu","md5":"68c2dc69473d0d442de371724f498a7f","sha1":"8544c55583214cab3997f3d78d4b8faf012c9dbe","sha256":"2e93a695c4e40636a43408af0f82ca6638316d334c038f8710db93270de6787e"},"dob":{"date":"1991-08-16T07:42:27.962Z","age":32},"registered":{"date":"2018-03-24T20:02:01.156Z","age":6},"phone":"025-0592-125","cell":"069-5288-872","id":{"name":"SID","value":"037037253"},"picture":{"large":"https://randomuser.me/api/portraits/women/96.jpg","medium":"https://randomuser.me/api/portraits/med/women/96.jpg","thumbnail":"https://randomuser.me/api/portraits/thumb/women/96.jpg"},"nat":"RS"}],"info":{"seed":"d32323a563e4a5dc","results":1,"page":1,"version":"1.4"}} 
 </msg>
<msg time="2024-05-06T22:13:54.443682" level="INFO">/opt/hostedtoolcache/Python/3.12.3/x64/lib/python3.12/site-packages/urllib3/connectionpool.py:1103: InsecureRequestWarning: Unverified HTTPS request is being made to host 'randomuser.me'. Adding certificate verification is strongly advised. See: https://urllib3.readthedocs.io/en/latest/advanced-usage.html#tls-warnings
  warnings.warn(</msg>
<msg time="2024-05-06T22:13:54.443841" level="INFO">${response} = &lt;Response [200]&gt;</msg>
<var>${response}</var>
<arg>consultarAPI</arg>
<arg>/api</arg>
<doc>Sends a GET request on a previously created HTTP Session.</doc>
<status status="PASS" start="2024-05-06T22:13:54.339280" elapsed="0.104604"/>
</kw>
<kw name="Set Variable" owner="BuiltIn">
<msg time="2024-05-06T22:13:54.445021" level="INFO">${json_data} = {'results': [{'gender': 'female', 'name': {'title': 'Miss', 'first': 'Svetlana', 'last': 'Cvetković'}, 'location': {'street': {'number': 3611, 'name': 'Avalska'}, 'city': 'Trstenik', 'state': 'Pčinja'...</msg>
<var>${json_data}</var>
<arg>${response.json()}</arg>
<doc>Returns the given values which can then be assigned to a variables.</doc>
<status status="PASS" start="2024-05-06T22:13:54.444467" elapsed="0.000586"/>
</kw>
<kw name="Log" owner="BuiltIn">
<msg time="2024-05-06T22:13:54.445577" level="INFO">{'results': [{'gender': 'female', 'name': {'title': 'Miss', 'first': 'Svetlana', 'last': 'Cvetković'}, 'location': {'street': {'number': 3611, 'name': 'Avalska'}, 'city': 'Trstenik', 'state': 'Pčinja', 'country': 'Serbia', 'postcode': 92455, 'coordinates': {'latitude': '56.8031', 'longitude': '90.9610'}, 'timezone': {'offset': '+11:00', 'description': 'Magadan, Solomon Islands, New Caledonia'}}, 'email': 'svetlana.cvetkovic@example.com', 'login': {'uuid': 'd10f50da-edad-4e1b-b581-52dcf6818f32', 'username': 'beautifulgoose254', 'password': 'macdaddy', 'salt': '1P26hRSu', 'md5': '68c2dc69473d0d442de371724f498a7f', 'sha1': '8544c55583214cab3997f3d78d4b8faf012c9dbe', 'sha256': '2e93a695c4e40636a43408af0f82ca6638316d334c038f8710db93270de6787e'}, 'dob': {'date': '1991-08-16T07:42:27.962Z', 'age': 32}, 'registered': {'date': '2018-03-24T20:02:01.156Z', 'age': 6}, 'phone': '025-0592-125', 'cell': '069-5288-872', 'id': {'name': 'SID', 'value': '037037253'}, 'picture': {'large': 'https://randomuser.me/api/portraits/women/96.jpg', 'medium': 'https://randomuser.me/api/portraits/med/women/96.jpg', 'thumbnail': 'https://randomuser.me/api/portraits/thumb/women/96.jpg'}, 'nat': 'RS'}], 'info': {'seed': 'd32323a563e4a5dc', 'results': 1, 'page': 1, 'version': '1.4'}}</msg>
<arg>${json_data}</arg>
<doc>Logs the given message with the given level.</doc>
<status status="PASS" start="2024-05-06T22:13:54.445376" elapsed="0.000255"/>
</kw>
<kw name="Dictionary Should Contain Key" owner="Collections">
<msg time="2024-05-06T22:13:54.446110" level="INFO">False</msg>
<arg>${json_data}</arg>
<arg>results</arg>
<doc>Fails if ``key`` is not found from ``dictionary``.</doc>
<status status="PASS" start="2024-05-06T22:13:54.445942" elapsed="0.000208"/>
</kw>
<kw name="Should Not Be Empty" owner="BuiltIn">
<msg time="2024-05-06T22:13:54.446581" level="INFO">Length is 2.</msg>
<arg>${json_data}</arg>
<doc>Verifies that the given item is not empty.</doc>
<status status="PASS" start="2024-05-06T22:13:54.446447" elapsed="0.000342"/>
</kw>
<kw name="Create List" owner="BuiltIn">
<msg time="2024-05-06T22:13:54.447249" level="INFO">${expected_keys} = ['gender', 'name', 'location', 'email', 'login']</msg>
<var>${expected_keys}</var>
<arg>gender</arg>
<arg>name</arg>
<arg>location</arg>
<arg>email</arg>
<arg>login</arg>
<doc>Returns a list containing given items.</doc>
<status status="PASS" start="2024-05-06T22:13:54.447092" elapsed="0.000182"/>
</kw>
<for flavor="IN">
<iter>
<kw name="Dictionary Should Contain Key" owner="Collections">
<msg time="2024-05-06T22:13:54.448282" level="INFO">False</msg>
<arg>${json_data['results'][0]}</arg>
<arg>${key}</arg>
<doc>Fails if ``key`` is not found from ``dictionary``.</doc>
<status status="PASS" start="2024-05-06T22:13:54.447865" elapsed="0.000456"/>
</kw>
<kw name="Log" owner="BuiltIn">
<msg time="2024-05-06T22:13:54.448998" level="INFO">{'gender': 'female', 'name': {'title': 'Miss', 'first': 'Svetlana', 'last': 'Cvetković'}, 'location': {'street': {'number': 3611, 'name': 'Avalska'}, 'city': 'Trstenik', 'state': 'Pčinja', 'country': 'Serbia', 'postcode': 92455, 'coordinates': {'latitude': '56.8031', 'longitude': '90.9610'}, 'timezone': {'offset': '+11:00', 'description': 'Magadan, Solomon Islands, New Caledonia'}}, 'email': 'svetlana.cvetkovic@example.com', 'login': {'uuid': 'd10f50da-edad-4e1b-b581-52dcf6818f32', 'username': 'beautifulgoose254', 'password': 'macdaddy', 'salt': '1P26hRSu', 'md5': '68c2dc69473d0d442de371724f498a7f', 'sha1': '8544c55583214cab3997f3d78d4b8faf012c9dbe', 'sha256': '2e93a695c4e40636a43408af0f82ca6638316d334c038f8710db93270de6787e'}, 'dob': {'date': '1991-08-16T07:42:27.962Z', 'age': 32}, 'registered': {'date': '2018-03-24T20:02:01.156Z', 'age': 6}, 'phone': '025-0592-125', 'cell': '069-5288-872', 'id': {'name': 'SID', 'value': '037037253'}, 'picture': {'large': 'https://randomuser.me/api/portraits/women/96.jpg', 'medium': 'https://randomuser.me/api/portraits/med/women/96.jpg', 'thumbnail': 'https://randomuser.me/api/portraits/thumb/women/96.jpg'}, 'nat': 'RS'}</msg>
<arg>${json_data['results'][0]}</arg>
<doc>Logs the given message with the given level.</doc>
<status status="PASS" start="2024-05-06T22:13:54.448626" elapsed="0.000429"/>
</kw>
<kw name="Log" owner="BuiltIn">
<msg time="2024-05-06T22:13:54.449534" level="INFO">gender</msg>
<arg>${key}</arg>
<doc>Logs the given message with the given level.</doc>
<status status="PASS" start="2024-05-06T22:13:54.449372" elapsed="0.000205"/>
</kw>
<var name="${key}">gender</var>
<status status="PASS" start="2024-05-06T22:13:54.447736" elapsed="0.002067"/>
</iter>
<iter>
<kw name="Dictionary Should Contain Key" owner="Collections">
<msg time="2024-05-06T22:13:54.450510" level="INFO">False</msg>
<arg>${json_data['results'][0]}</arg>
<arg>${key}</arg>
<doc>Fails if ``key`` is not found from ``dictionary``.</doc>
<status status="PASS" start="2024-05-06T22:13:54.450112" elapsed="0.000436"/>
</kw>
<kw name="Log" owner="BuiltIn">
<msg time="2024-05-06T22:13:54.451249" level="INFO">{'gender': 'female', 'name': {'title': 'Miss', 'first': 'Svetlana', 'last': 'Cvetković'}, 'location': {'street': {'number': 3611, 'name': 'Avalska'}, 'city': 'Trstenik', 'state': 'Pčinja', 'country': 'Serbia', 'postcode': 92455, 'coordinates': {'latitude': '56.8031', 'longitude': '90.9610'}, 'timezone': {'offset': '+11:00', 'description': 'Magadan, Solomon Islands, New Caledonia'}}, 'email': 'svetlana.cvetkovic@example.com', 'login': {'uuid': 'd10f50da-edad-4e1b-b581-52dcf6818f32', 'username': 'beautifulgoose254', 'password': 'macdaddy', 'salt': '1P26hRSu', 'md5': '68c2dc69473d0d442de371724f498a7f', 'sha1': '8544c55583214cab3997f3d78d4b8faf012c9dbe', 'sha256': '2e93a695c4e40636a43408af0f82ca6638316d334c038f8710db93270de6787e'}, 'dob': {'date': '1991-08-16T07:42:27.962Z', 'age': 32}, 'registered': {'date': '2018-03-24T20:02:01.156Z', 'age': 6}, 'phone': '025-0592-125', 'cell': '069-5288-872', 'id': {'name': 'SID', 'value': '037037253'}, 'picture': {'large': 'https://randomuser.me/api/portraits/women/96.jpg', 'medium': 'https://randomuser.me/api/portraits/med/women/96.jpg', 'thumbnail': 'https://randomuser.me/api/portraits/thumb/women/96.jpg'}, 'nat': 'RS'}</msg>
<arg>${json_data['results'][0]}</arg>
<doc>Logs the given message with the given level.</doc>
<status status="PASS" start="2024-05-06T22:13:54.450883" elapsed="0.000416"/>
</kw>
<kw name="Log" owner="BuiltIn">
<msg time="2024-05-06T22:13:54.451731" level="INFO">name</msg>
<arg>${key}</arg>
<doc>Logs the given message with the given level.</doc>
<status status="PASS" start="2024-05-06T22:13:54.451602" elapsed="0.000168"/>
</kw>
<var name="${key}">name</var>
<status status="PASS" start="2024-05-06T22:13:54.449996" elapsed="0.001989"/>
</iter>
<iter>
<kw name="Dictionary Should Contain Key" owner="Collections">
<msg time="2024-05-06T22:13:54.452670" level="INFO">False</msg>
<arg>${json_data['results'][0]}</arg>
<arg>${key}</arg>
<doc>Fails if ``key`` is not found from ``dictionary``.</doc>
<status status="PASS" start="2024-05-06T22:13:54.452283" elapsed="0.000425"/>
</kw>
<kw name="Log" owner="BuiltIn">
<msg time="2024-05-06T22:13:54.453373" level="INFO">{'gender': 'female', 'name': {'title': 'Miss', 'first': 'Svetlana', 'last': 'Cvetković'}, 'location': {'street': {'number': 3611, 'name': 'Avalska'}, 'city': 'Trstenik', 'state': 'Pčinja', 'country': 'Serbia', 'postcode': 92455, 'coordinates': {'latitude': '56.8031', 'longitude': '90.9610'}, 'timezone': {'offset': '+11:00', 'description': 'Magadan, Solomon Islands, New Caledonia'}}, 'email': 'svetlana.cvetkovic@example.com', 'login': {'uuid': 'd10f50da-edad-4e1b-b581-52dcf6818f32', 'username': 'beautifulgoose254', 'password': 'macdaddy', 'salt': '1P26hRSu', 'md5': '68c2dc69473d0d442de371724f498a7f', 'sha1': '8544c55583214cab3997f3d78d4b8faf012c9dbe', 'sha256': '2e93a695c4e40636a43408af0f82ca6638316d334c038f8710db93270de6787e'}, 'dob': {'date': '1991-08-16T07:42:27.962Z', 'age': 32}, 'registered': {'date': '2018-03-24T20:02:01.156Z', 'age': 6}, 'phone': '025-0592-125', 'cell': '069-5288-872', 'id': {'name': 'SID', 'value': '037037253'}, 'picture': {'large': 'https://randomuser.me/api/portraits/women/96.jpg', 'medium': 'https://randomuser.me/api/portraits/med/women/96.jpg', 'thumbnail': 'https://randomuser.me/api/portraits/thumb/women/96.jpg'}, 'nat': 'RS'}</msg>
<arg>${json_data['results'][0]}</arg>
<doc>Logs the given message with the given level.</doc>
<status status="PASS" start="2024-05-06T22:13:54.453008" elapsed="0.000416"/>
</kw>
<kw name="Log" owner="BuiltIn">
<msg time="2024-05-06T22:13:54.453898" level="INFO">location</msg>
<arg>${key}</arg>
<doc>Logs the given message with the given level.</doc>
<status status="PASS" start="2024-05-06T22:13:54.453772" elapsed="0.000165"/>
</kw>
<var name="${key}">location</var>
<status status="PASS" start="2024-05-06T22:13:54.452169" elapsed="0.001985"/>
</iter>
<iter>
<kw name="Dictionary Should Contain Key" owner="Collections">
<msg time="2024-05-06T22:13:54.454828" level="INFO">False</msg>
<arg>${json_data['results'][0]}</arg>
<arg>${key}</arg>
<doc>Fails if ``key`` is not found from ``dictionary``.</doc>
<status status="PASS" start="2024-05-06T22:13:54.454443" elapsed="0.000424"/>
</kw>
<kw name="Log" owner="BuiltIn">
<msg time="2024-05-06T22:13:54.455526" level="INFO">{'gender': 'female', 'name': {'title': 'Miss', 'first': 'Svetlana', 'last': 'Cvetković'}, 'location': {'street': {'number': 3611, 'name': 'Avalska'}, 'city': 'Trstenik', 'state': 'Pčinja', 'country': 'Serbia', 'postcode': 92455, 'coordinates': {'latitude': '56.8031', 'longitude': '90.9610'}, 'timezone': {'offset': '+11:00', 'description': 'Magadan, Solomon Islands, New Caledonia'}}, 'email': 'svetlana.cvetkovic@example.com', 'login': {'uuid': 'd10f50da-edad-4e1b-b581-52dcf6818f32', 'username': 'beautifulgoose254', 'password': 'macdaddy', 'salt': '1P26hRSu', 'md5': '68c2dc69473d0d442de371724f498a7f', 'sha1': '8544c55583214cab3997f3d78d4b8faf012c9dbe', 'sha256': '2e93a695c4e40636a43408af0f82ca6638316d334c038f8710db93270de6787e'}, 'dob': {'date': '1991-08-16T07:42:27.962Z', 'age': 32}, 'registered': {'date': '2018-03-24T20:02:01.156Z', 'age': 6}, 'phone': '025-0592-125', 'cell': '069-5288-872', 'id': {'name': 'SID', 'value': '037037253'}, 'picture': {'large': 'https://randomuser.me/api/portraits/women/96.jpg', 'medium': 'https://randomuser.me/api/portraits/med/women/96.jpg', 'thumbnail': 'https://randomuser.me/api/portraits/thumb/women/96.jpg'}, 'nat': 'RS'}</msg>
<arg>${json_data['results'][0]}</arg>
<doc>Logs the given message with the given level.</doc>
<status status="PASS" start="2024-05-06T22:13:54.455164" elapsed="0.000413"/>
</kw>
<kw name="Log" owner="BuiltIn">
<msg time="2024-05-06T22:13:54.455999" level="INFO">email</msg>
<arg>${key}</arg>
<doc>Logs the given message with the given level.</doc>
<status status="PASS" start="2024-05-06T22:13:54.455875" elapsed="0.000163"/>
</kw>
<var name="${key}">email</var>
<status status="PASS" start="2024-05-06T22:13:54.454330" elapsed="0.001921"/>
</iter>
<iter>
<kw name="Dictionary Should Contain Key" owner="Collections">
<msg time="2024-05-06T22:13:54.456908" level="INFO">False</msg>
<arg>${json_data['results'][0]}</arg>
<arg>${key}</arg>
<doc>Fails if ``key`` is not found from ``dictionary``.</doc>
<status status="PASS" start="2024-05-06T22:13:54.456538" elapsed="0.000408"/>
</kw>
<kw name="Log" owner="BuiltIn">
<msg time="2024-05-06T22:13:54.457649" level="INFO">{'gender': 'female', 'name': {'title': 'Miss', 'first': 'Svetlana', 'last': 'Cvetković'}, 'location': {'street': {'number': 3611, 'name': 'Avalska'}, 'city': 'Trstenik', 'state': 'Pčinja', 'country': 'Serbia', 'postcode': 92455, 'coordinates': {'latitude': '56.8031', 'longitude': '90.9610'}, 'timezone': {'offset': '+11:00', 'description': 'Magadan, Solomon Islands, New Caledonia'}}, 'email': 'svetlana.cvetkovic@example.com', 'login': {'uuid': 'd10f50da-edad-4e1b-b581-52dcf6818f32', 'username': 'beautifulgoose254', 'password': 'macdaddy', 'salt': '1P26hRSu', 'md5': '68c2dc69473d0d442de371724f498a7f', 'sha1': '8544c55583214cab3997f3d78d4b8faf012c9dbe', 'sha256': '2e93a695c4e40636a43408af0f82ca6638316d334c038f8710db93270de6787e'}, 'dob': {'date': '1991-08-16T07:42:27.962Z', 'age': 32}, 'registered': {'date': '2018-03-24T20:02:01.156Z', 'age': 6}, 'phone': '025-0592-125', 'cell': '069-5288-872', 'id': {'name': 'SID', 'value': '037037253'}, 'picture': {'large': 'https://randomuser.me/api/portraits/women/96.jpg', 'medium': 'https://randomuser.me/api/portraits/med/women/96.jpg', 'thumbnail': 'https://randomuser.me/api/portraits/thumb/women/96.jpg'}, 'nat': 'RS'}</msg>
<arg>${json_data['results'][0]}</arg>
<doc>Logs the given message with the given level.</doc>
<status status="PASS" start="2024-05-06T22:13:54.457241" elapsed="0.000459"/>
</kw>
<kw name="Log" owner="BuiltIn">
<msg time="2024-05-06T22:13:54.458125" level="INFO">login</msg>
<arg>${key}</arg>
<doc>Logs the given message with the given level.</doc>
<status status="PASS" start="2024-05-06T22:13:54.458001" elapsed="0.000163"/>
</kw>
<var name="${key}">login</var>
<status status="PASS" start="2024-05-06T22:13:54.456426" elapsed="0.001990"/>
</iter>
<var>${key}</var>
<value>@{expected_keys}</value>
<status status="PASS" start="2024-05-06T22:13:54.447540" elapsed="0.011002"/>
</for>
<kw name="Create List" owner="BuiltIn">
<msg time="2024-05-06T22:13:54.458880" level="INFO">${expected_keysTwo} = ['username', 'password']</msg>
<var>${expected_keysTwo}</var>
<arg>username</arg>
<arg>password</arg>
<doc>Returns a list containing given items.</doc>
<status status="PASS" start="2024-05-06T22:13:54.458741" elapsed="0.000162"/>
</kw>
<for flavor="IN">
<iter>
<kw name="Dictionary Should Contain Key" owner="Collections">
<msg time="2024-05-06T22:13:54.459803" level="INFO">False</msg>
<arg>${json_data['results'][0]['login']}</arg>
<arg>${keyTwo}</arg>
<doc>Fails if ``key`` is not found from ``dictionary``.</doc>
<status status="PASS" start="2024-05-06T22:13:54.459416" elapsed="0.000424"/>
</kw>
<kw name="Dictionary Should Contain Key" owner="Collections">
<msg time="2024-05-06T22:13:54.460519" level="INFO">False</msg>
<arg>${json_data['results'][0]['login']}</arg>
<arg>${keyTwo}</arg>
<doc>Fails if ``key`` is not found from ``dictionary``.</doc>
<status status="PASS" start="2024-05-06T22:13:54.460138" elapsed="0.000418"/>
</kw>
<kw name="Log" owner="BuiltIn">
<msg time="2024-05-06T22:13:54.460971" level="INFO">username</msg>
<arg>${keyTwo}</arg>
<doc>Logs the given message with the given level.</doc>
<status status="PASS" start="2024-05-06T22:13:54.460848" elapsed="0.000166"/>
</kw>
<var name="${keyTwo}">username</var>
<status status="PASS" start="2024-05-06T22:13:54.459301" elapsed="0.001928"/>
</iter>
<iter>
<kw name="Dictionary Should Contain Key" owner="Collections">
<msg time="2024-05-06T22:13:54.462030" level="INFO">False</msg>
<arg>${json_data['results'][0]['login']}</arg>
<arg>${keyTwo}</arg>
<doc>Fails if ``key`` is not found from ``dictionary``.</doc>
<status status="PASS" start="2024-05-06T22:13:54.461548" elapsed="0.000523"/>
</kw>
<kw name="Dictionary Should Contain Key" owner="Collections">
<msg time="2024-05-06T22:13:54.462753" level="INFO">False</msg>
<arg>${json_data['results'][0]['login']}</arg>
<arg>${keyTwo}</arg>
<doc>Fails if ``key`` is not found from ``dictionary``.</doc>
<status status="PASS" start="2024-05-06T22:13:54.462373" elapsed="0.000417"/>
</kw>
<kw name="Log" owner="BuiltIn">
<msg time="2024-05-06T22:13:54.463211" level="INFO">password</msg>
<arg>${keyTwo}</arg>
<doc>Logs the given message with the given level.</doc>
<status status="PASS" start="2024-05-06T22:13:54.463084" elapsed="0.000164"/>
</kw>
<var name="${keyTwo}">password</var>
<status status="PASS" start="2024-05-06T22:13:54.461403" elapsed="0.002059"/>
</iter>
<var>${keyTwo}</var>
<value>@{expected_keysTwo}</value>
<status status="PASS" start="2024-05-06T22:13:54.459144" elapsed="0.004439"/>
</for>
<status status="PASS" start="2024-05-06T22:13:54.339029" elapsed="0.124698"/>
</kw>
<doc>Testa a estrutura da resposta da API.</doc>
<tag>testeEstruturaResposta</tag>
<status status="PASS" start="2024-05-06T22:13:54.338407" elapsed="0.125482"/>
</test>
<test id="s1-s1-t4" name="Validar tipos de dados" line="28">
<kw name="Teste de Tipos de Dados" owner="random-user-service">
<kw name="GET On Session" owner="RequestsLibrary">
<msg time="2024-05-06T22:13:54.560892" level="INFO">GET Request : url=https://randomuser.me/api 
 path_url=/api 
 headers={'User-Agent': 'python-requests/2.31.0', 'Accept-Encoding': 'gzip, deflate', 'Accept': '*/*', 'Connection': 'keep-alive'} 
 body=None 
 </msg>
<msg time="2024-05-06T22:13:54.561008" level="INFO">GET Response : url=https://randomuser.me/api 
 status=200, reason=OK 
 headers={'Date': 'Mon, 06 May 2024 22:13:54 GMT', 'Content-Type': 'application/json; charset=utf-8', 'Transfer-Encoding': 'chunked', 'Connection': 'keep-alive', 'X-Powered-By': 'Express', 'Access-Control-Allow-Origin': '*', 'Cache-Control': 'no-cache', 'ETag': 'W/"494-XNTyZkOqDfG/sYyGMHVjltW0YxU"', 'Vary': 'Accept-Encoding', 'Content-Encoding': 'gzip', 'CF-Cache-Status': 'DYNAMIC', 'Report-To': '{"endpoints":[{"url":"https:\\/\\/a.nel.cloudflare.com\\/report\\/v4?s=vQYjp6eoPCoc8u1QelL5r5WS6hn7ECGBU%2B7KBa7iqmtarm7neMthApkg521vxp2IVgKbPIaKoNtFVFMStwuaT26%2BbJOkpT81BrZY8TqshYnK4bhNpX9sYSrFYQdxnwEG"}],"group":"cf-nel","max_age":604800}', 'NEL': '{"success_fraction":0,"report_to":"cf-nel","max_age":604800}', 'Server': 'cloudflare', 'CF-RAY': '87fc51f76d8b2393-SJC', 'alt-svc': 'h3=":443"; ma=86400'} 
 body={"results":[{"gender":"female","name":{"title":"Miss","first":"Tracy","last":"Saman"},"location":{"street":{"number":5744,"name":"Jarigsmastins"},"city":"Rottum Gn","state":"Noord-Brabant","country":"Netherlands","postcode":"0411 ZQ","coordinates":{"latitude":"32.3983","longitude":"10.4968"},"timezone":{"offset":"-8:00","description":"Pacific Time (US &amp; Canada)"}},"email":"tracy.saman@example.com","login":{"uuid":"e9229db8-3519-449a-9952-bacff249121e","username":"bluepanda672","password":"everton","salt":"ugKsLMfJ","md5":"d8f4e0da9886a81ad8e577d4aa3d1a90","sha1":"662d2e3a9834e7239b969f18566244d9a874b916","sha256":"0cf77352d61c2d61a47e136331e2f7558a669b9885012c25b179d6f686c25b64"},"dob":{"date":"1987-11-16T07:25:34.776Z","age":36},"registered":{"date":"2021-03-10T01:27:10.958Z","age":3},"phone":"(012) 6011875","cell":"(06) 32064201","id":{"name":"BSN","value":"71208974"},"picture":{"large":"https://randomuser.me/api/portraits/women/95.jpg","medium":"https://randomuser.me/api/portraits/med/women/95.jpg","thumbnail":"https://randomuser.me/api/portraits/thumb/women/95.jpg"},"nat":"NL"}],"info":{"seed":"fb3c783e1c9866aa","results":1,"page":1,"version":"1.4"}} 
 </msg>
<msg time="2024-05-06T22:13:54.561096" level="INFO">/opt/hostedtoolcache/Python/3.12.3/x64/lib/python3.12/site-packages/urllib3/connectionpool.py:1103: InsecureRequestWarning: Unverified HTTPS request is being made to host 'randomuser.me'. Adding certificate verification is strongly advised. See: https://urllib3.readthedocs.io/en/latest/advanced-usage.html#tls-warnings
  warnings.warn(</msg>
<msg time="2024-05-06T22:13:54.561265" level="INFO">${response} = &lt;Response [200]&gt;</msg>
<var>${response}</var>
<arg>consultarAPI</arg>
<arg>/api</arg>
<doc>Sends a GET request on a previously created HTTP Session.</doc>
<status status="PASS" start="2024-05-06T22:13:54.466519" elapsed="0.094801"/>
</kw>
<kw name="Set Variable" owner="BuiltIn">
<msg time="2024-05-06T22:13:54.562459" level="INFO">${json_data} = {'results': [{'gender': 'female', 'name': {'title': 'Miss', 'first': 'Tracy', 'last': 'Saman'}, 'location': {'street': {'number': 5744, 'name': 'Jarigsmastins'}, 'city': 'Rottum Gn', 'state': 'Noord-B...</msg>
<var>${json_data}</var>
<arg>${response.json()}</arg>
<doc>Returns the given values which can then be assigned to a variables.</doc>
<status status="PASS" start="2024-05-06T22:13:54.561923" elapsed="0.000565"/>
</kw>
<kw name="Log" owner="BuiltIn">
<msg time="2024-05-06T22:13:54.562966" level="INFO">{'results': [{'gender': 'female', 'name': {'title': 'Miss', 'first': 'Tracy', 'last': 'Saman'}, 'location': {'street': {'number': 5744, 'name': 'Jarigsmastins'}, 'city': 'Rottum Gn', 'state': 'Noord-Brabant', 'country': 'Netherlands', 'postcode': '0411 ZQ', 'coordinates': {'latitude': '32.3983', 'longitude': '10.4968'}, 'timezone': {'offset': '-8:00', 'description': 'Pacific Time (US &amp; Canada)'}}, 'email': 'tracy.saman@example.com', 'login': {'uuid': 'e9229db8-3519-449a-9952-bacff249121e', 'username': 'bluepanda672', 'password': 'everton', 'salt': 'ugKsLMfJ', 'md5': 'd8f4e0da9886a81ad8e577d4aa3d1a90', 'sha1': '662d2e3a9834e7239b969f18566244d9a874b916', 'sha256': '0cf77352d61c2d61a47e136331e2f7558a669b9885012c25b179d6f686c25b64'}, 'dob': {'date': '1987-11-16T07:25:34.776Z', 'age': 36}, 'registered': {'date': '2021-03-10T01:27:10.958Z', 'age': 3}, 'phone': '(012) 6011875', 'cell': '(06) 32064201', 'id': {'name': 'BSN', 'value': '71208974'}, 'picture': {'large': 'https://randomuser.me/api/portraits/women/95.jpg', 'medium': 'https://randomuser.me/api/portraits/med/women/95.jpg', 'thumbnail': 'https://randomuser.me/api/portraits/thumb/women/95.jpg'}, 'nat': 'NL'}], 'info': {'seed': 'fb3c783e1c9866aa', 'results': 1, 'page': 1, 'version': '1.4'}}</msg>
<arg>${json_data}</arg>
<doc>Logs the given message with the given level.</doc>
<status status="PASS" start="2024-05-06T22:13:54.562805" elapsed="0.000249"/>
</kw>
<kw name="Should Be String" owner="String">
<arg>${json_data['results'][0]['gender']}</arg>
<doc>Fails if the given ``item`` is not a string.</doc>
<status status="PASS" start="2024-05-06T22:13:54.563360" elapsed="0.000369"/>
</kw>
<kw name="Should Match Regexp" owner="BuiltIn">
<arg>${json_data['results'][0]['email']}</arg>
<arg>^[a-zA-Z0-9._%+-]+@[a-zA-Z0-9.-]+\.[a-zA-Z]{2,}$</arg>
<doc>Fails if ``string`` does not match ``pattern`` as a regular expression.</doc>
<status status="PASS" start="2024-05-06T22:13:54.563925" elapsed="0.000525"/>
</kw>
<kw name="Should Match Regexp" owner="BuiltIn">
<arg>${json_data['results'][0]['dob']['date']}</arg>
<arg>\\d{4}-\\d{2}-\\d{2}T\\d{2}:\\d{2}:\\d{2}\\.\\d{3}Z</arg>
<doc>Fails if ``string`` does not match ``pattern`` as a regular expression.</doc>
<status status="PASS" start="2024-05-06T22:13:54.564647" elapsed="0.000497"/>
</kw>
<kw name="Should Match Regexp" owner="BuiltIn">
<arg>${json_data['results'][0]['registered']['date']}</arg>
<arg>\\d{4}-\\d{2}-\\d{2}T\\d{2}:\\d{2}:\\d{2}\\.\\d{3}Z</arg>
<doc>Fails if ``string`` does not match ``pattern`` as a regular expression.</doc>
<status status="PASS" start="2024-05-06T22:13:54.565336" elapsed="0.000421"/>
</kw>
<kw name="Should Match Regexp" owner="BuiltIn">
<arg>${json_data['results'][0]['picture']['large']}</arg>
<arg>^https?://.*\.(?:png|jpe?g|gif|bmp)$</arg>
<doc>Fails if ``string`` does not match ``pattern`` as a regular expression.</doc>
<status status="PASS" start="2024-05-06T22:13:54.565955" elapsed="0.000475"/>
</kw>
<kw name="Should Match Regexp" owner="BuiltIn">
<arg>${json_data['results'][0]['picture']['medium']}</arg>
<arg>^https?://.*\.(?:png|jpe?g|gif|bmp)$</arg>
<doc>Fails if ``string`` does not match ``pattern`` as a regular expression.</doc>
<status status="PASS" start="2024-05-06T22:13:54.566619" elapsed="0.000370"/>
</kw>
<kw name="Should Match Regexp" owner="BuiltIn">
<arg>${json_data['results'][0]['picture']['thumbnail']}</arg>
<arg>^https?://.*\.(?:png|jpe?g|gif|bmp)$</arg>
<doc>Fails if ``string`` does not match ``pattern`` as a regular expression.</doc>
<status status="PASS" start="2024-05-06T22:13:54.567177" elapsed="0.000348"/>
</kw>
<kw name="Log" owner="BuiltIn">
<msg time="2024-05-06T22:13:54.568029" level="INFO">{'large': 'https://randomuser.me/api/portraits/women/95.jpg', 'medium': 'https://randomuser.me/api/portraits/med/women/95.jpg', 'thumbnail': 'https://randomuser.me/api/portraits/thumb/women/95.jpg'}</msg>
<arg>${json_data['results'][0]['picture']}</arg>
<doc>Logs the given message with the given level.</doc>
<status status="PASS" start="2024-05-06T22:13:54.567707" elapsed="0.000363"/>
</kw>
<status status="PASS" start="2024-05-06T22:13:54.466284" elapsed="0.102047"/>
</kw>
<kw name="Teste de Tipos de Dados - Postcode" owner="random-user-service">
<kw name="GET On Session" owner="RequestsLibrary">
<msg time="2024-05-06T22:13:54.877932" level="INFO">GET Request : url=https://randomuser.me/api 
 path_url=/api 
 headers={'User-Agent': 'python-requests/2.31.0', 'Accept-Encoding': 'gzip, deflate', 'Accept': '*/*', 'Connection': 'keep-alive'} 
 body=None 
 </msg>
<msg time="2024-05-06T22:13:54.878027" level="INFO">GET Response : url=https://randomuser.me/api 
 status=200, reason=OK 
 headers={'Date': 'Mon, 06 May 2024 22:13:54 GMT', 'Content-Type': 'application/json; charset=utf-8', 'Transfer-Encoding': 'chunked', 'Connection': 'keep-alive', 'X-Powered-By': 'Express', 'Access-Control-Allow-Origin': '*', 'Cache-Control': 'no-cache', 'ETag': 'W/"47c-ERHh1wAs+tEMUIsBza5ocWrgjo8"', 'Vary': 'Accept-Encoding', 'Content-Encoding': 'gzip', 'CF-Cache-Status': 'DYNAMIC', 'Report-To': '{"endpoints":[{"url":"https:\\/\\/a.nel.cloudflare.com\\/report\\/v4?s=IpGvnX8awx67D0y6f8Q5pPyryFSRaoJjXWFM3SyjdjXaLOqaqHS0DZDDn11T1hBQcMUIdWJIIQ%2Ft3jh%2Bva2f6IHFBIJLSysOJXw3zCmkTFIlYztq%2BIloSol%2BOVsuU61u"}],"group":"cf-nel","max_age":604800}', 'NEL': '{"success_fraction":0,"report_to":"cf-nel","max_age":604800}', 'Server': 'cloudflare', 'CF-RAY': '87fc51f81e1f2393-SJC', 'alt-svc': 'h3=":443"; ma=86400'} 
 body={"results":[{"gender":"male","name":{"title":"Mr","first":"Arnold","last":"Lee"},"location":{"street":{"number":6884,"name":"Mockingbird Ln"},"city":"Elgin","state":"Missouri","country":"United States","postcode":35664,"coordinates":{"latitude":"84.9097","longitude":"-103.8268"},"timezone":{"offset":"+9:30","description":"Adelaide, Darwin"}},"email":"arnold.lee@example.com","login":{"uuid":"18eb8474-e94f-4683-b75d-f83fb340047e","username":"goldensnake958","password":"jenna","salt":"5Lp9AFpQ","md5":"bc8cbe0c988abad1f7bb387f818b6c2f","sha1":"7c50543857945826f428ea934c22589bee0faaf5","sha256":"b0395aab0a1f757f6f52f1e23e5b79ee3d13fca37c20ee71f764ad21d0566dbe"},"dob":{"date":"1974-04-30T06:33:53.326Z","age":50},"registered":{"date":"2006-09-29T10:03:25.427Z","age":17},"phone":"(722) 202-4859","cell":"(573) 284-9336","id":{"name":"SSN","value":"861-98-6814"},"picture":{"large":"https://randomuser.me/api/portraits/men/94.jpg","medium":"https://randomuser.me/api/portraits/med/men/94.jpg","thumbnail":"https://randomuser.me/api/portraits/thumb/men/94.jpg"},"nat":"US"}],"info":{"seed":"90949ce58a6c3dc3","results":1,"page":1,"version":"1.4"}} 
 </msg>
<msg time="2024-05-06T22:13:54.878096" level="INFO">/opt/hostedtoolcache/Python/3.12.3/x64/lib/python3.12/site-packages/urllib3/connectionpool.py:1103: InsecureRequestWarning: Unverified HTTPS request is being made to host 'randomuser.me'. Adding certificate verification is strongly advised. See: https://urllib3.readthedocs.io/en/latest/advanced-usage.html#tls-warnings
  warnings.warn(</msg>
<msg time="2024-05-06T22:13:54.878235" level="INFO">${response} = &lt;Response [200]&gt;</msg>
<var>${response}</var>
<arg>consultarAPI</arg>
<arg>/api</arg>
<doc>Sends a GET request on a previously created HTTP Session.</doc>
<status status="PASS" start="2024-05-06T22:13:54.568801" elapsed="0.309476"/>
</kw>
<kw name="Set Variable" owner="BuiltIn">
<msg time="2024-05-06T22:13:54.879306" level="INFO">${json_data} = {'results': [{'gender': 'male', 'name': {'title': 'Mr', 'first': 'Arnold', 'last': 'Lee'}, 'location': {'street': {'number': 6884, 'name': 'Mockingbird Ln'}, 'city': 'Elgin', 'state': 'Missouri', 'cou...</msg>
<var>${json_data}</var>
<arg>${response.json()}</arg>
<doc>Returns the given values which can then be assigned to a variables.</doc>
<status status="PASS" start="2024-05-06T22:13:54.878795" elapsed="0.000538"/>
</kw>
<kw name="Log" owner="BuiltIn">
<msg time="2024-05-06T22:13:54.879791" level="INFO">{'results': [{'gender': 'male', 'name': {'title': 'Mr', 'first': 'Arnold', 'last': 'Lee'}, 'location': {'street': {'number': 6884, 'name': 'Mockingbird Ln'}, 'city': 'Elgin', 'state': 'Missouri', 'country': 'United States', 'postcode': 35664, 'coordinates': {'latitude': '84.9097', 'longitude': '-103.8268'}, 'timezone': {'offset': '+9:30', 'description': 'Adelaide, Darwin'}}, 'email': 'arnold.lee@example.com', 'login': {'uuid': '18eb8474-e94f-4683-b75d-f83fb340047e', 'username': 'goldensnake958', 'password': 'jenna', 'salt': '5Lp9AFpQ', 'md5': 'bc8cbe0c988abad1f7bb387f818b6c2f', 'sha1': '7c50543857945826f428ea934c22589bee0faaf5', 'sha256': 'b0395aab0a1f757f6f52f1e23e5b79ee3d13fca37c20ee71f764ad21d0566dbe'}, 'dob': {'date': '1974-04-30T06:33:53.326Z', 'age': 50}, 'registered': {'date': '2006-09-29T10:03:25.427Z', 'age': 17}, 'phone': '(722) 202-4859', 'cell': '(573) 284-9336', 'id': {'name': 'SSN', 'value': '861-98-6814'}, 'picture': {'large': 'https://randomuser.me/api/portraits/men/94.jpg', 'medium': 'https://randomuser.me/api/portraits/med/men/94.jpg', 'thumbnail': 'https://randomuser.me/api/portraits/thumb/men/94.jpg'}, 'nat': 'US'}], 'info': {'seed': '90949ce58a6c3dc3', 'results': 1, 'page': 1, 'version': '1.4'}}</msg>
<arg>${json_data}</arg>
<doc>Logs the given message with the given level.</doc>
<status status="PASS" start="2024-05-06T22:13:54.879638" elapsed="0.000233"/>
</kw>
<kw name="Should Be Equal As Numbers" owner="BuiltIn">
<arg>${json_data['results'][0]['location']['postcode']}</arg>
<arg>${json_data['results'][0]['location']['postcode']}</arg>
<doc>Fails if objects are unequal after converting them to real numbers.</doc>
<status status="PASS" start="2024-05-06T22:13:54.880346" elapsed="0.000617"/>
</kw>
<kw name="Log" owner="BuiltIn">
<msg time="2024-05-06T22:13:54.881480" level="INFO">35664</msg>
<arg>${json_data['results'][0]['location']['postcode']}</arg>
<doc>Logs the given message with the given level.</doc>
<status status="PASS" start="2024-05-06T22:13:54.881151" elapsed="0.000396"/>
</kw>
<status status="PASS" start="2024-05-06T22:13:54.568563" elapsed="0.313248"/>
</kw>
<doc>Testa se os tipos de dados na resposta da API estão corretos.</doc>
<tag>testeTiposDados</tag>
<status status="PASS" start="2024-05-06T22:13:54.465712" elapsed="0.416265"/>
</test>
<test id="s1-s1-t5" name="Validar conteudo" line="35">
<kw name="Teste de Tipos de Conteudo" owner="random-user-service">
<kw name="GET On Session" owner="RequestsLibrary">
<msg time="2024-05-06T22:13:54.973573" level="INFO">GET Request : url=https://randomuser.me/api 
 path_url=/api 
 headers={'User-Agent': 'python-requests/2.31.0', 'Accept-Encoding': 'gzip, deflate', 'Accept': '*/*', 'Connection': 'keep-alive'} 
 body=None 
 </msg>
<msg time="2024-05-06T22:13:54.973685" level="INFO">GET Response : url=https://randomuser.me/api 
 status=200, reason=OK 
 headers={'Date': 'Mon, 06 May 2024 22:13:54 GMT', 'Content-Type': 'application/json; charset=utf-8', 'Transfer-Encoding': 'chunked', 'Connection': 'keep-alive', 'X-Powered-By': 'Express', 'Access-Control-Allow-Origin': '*', 'Cache-Control': 'no-cache', 'ETag': 'W/"485-qF93pG3w7hcLI2ytDv3MGw4AJEQ"', 'Vary': 'Accept-Encoding', 'Content-Encoding': 'gzip', 'CF-Cache-Status': 'DYNAMIC', 'Report-To': '{"endpoints":[{"url":"https:\\/\\/a.nel.cloudflare.com\\/report\\/v4?s=pkUUb7bonEELqYwTqc3gYlfVr5cJ%2B9VX7LparIbD5tkch2Qh4kvqcD%2Bw2%2Flp2K0d1scWP3Einb3gIK2Ji%2FUscifE5oZ2h2GYSYIH6u31%2BLcCZFAECKQzHhrq8NUgDF5a"}],"group":"cf-nel","max_age":604800}', 'NEL': '{"success_fraction":0,"report_to":"cf-nel","max_age":604800}', 'Server': 'cloudflare', 'CF-RAY': '87fc51fa08462393-SJC', 'alt-svc': 'h3=":443"; ma=86400'} 
 body={"results":[{"gender":"female","name":{"title":"Ms","first":"Ellie","last":"Thomas"},"location":{"street":{"number":2500,"name":"Hardy Street"},"city":"Whangarei","state":"Hawke'S Bay","country":"New Zealand","postcode":17595,"coordinates":{"latitude":"48.5225","longitude":"92.6587"},"timezone":{"offset":"-1:00","description":"Azores, Cape Verde Islands"}},"email":"ellie.thomas@example.com","login":{"uuid":"3bc635f4-14cf-4299-9afe-ee9188e813d9","username":"tinyswan934","password":"zapper","salt":"qX9kMLgN","md5":"3cb77327db9fe39ed00a25372e3fc792","sha1":"e2c31c6fa55a3c6df6b87546bde38768b5e87707","sha256":"2e8c7615157374336a804094744ba3ca6ba798c3cc10fe3a1cf9627fadf7fe04"},"dob":{"date":"1977-08-04T06:58:17.510Z","age":46},"registered":{"date":"2004-06-29T06:26:25.995Z","age":19},"phone":"(595)-128-5554","cell":"(942)-236-8380","id":{"name":"","value":null},"picture":{"large":"https://randomuser.me/api/portraits/women/53.jpg","medium":"https://randomuser.me/api/portraits/med/women/53.jpg","thumbnail":"https://randomuser.me/api/portraits/thumb/women/53.jpg"},"nat":"NZ"}],"info":{"seed":"61a038b937c277ca","results":1,"page":1,"version":"1.4"}} 
 </msg>
<msg time="2024-05-06T22:13:54.973764" level="INFO">/opt/hostedtoolcache/Python/3.12.3/x64/lib/python3.12/site-packages/urllib3/connectionpool.py:1103: InsecureRequestWarning: Unverified HTTPS request is being made to host 'randomuser.me'. Adding certificate verification is strongly advised. See: https://urllib3.readthedocs.io/en/latest/advanced-usage.html#tls-warnings
  warnings.warn(</msg>
<msg time="2024-05-06T22:13:54.973909" level="INFO">${response} = &lt;Response [200]&gt;</msg>
<var>${response}</var>
<arg>consultarAPI</arg>
<arg>/api</arg>
<doc>Sends a GET request on a previously created HTTP Session.</doc>
<status status="PASS" start="2024-05-06T22:13:54.884403" elapsed="0.089548"/>
</kw>
<kw name="Set Variable" owner="BuiltIn">
<msg time="2024-05-06T22:13:54.974990" level="INFO">${json_data} = {'results': [{'gender': 'female', 'name': {'title': 'Ms', 'first': 'Ellie', 'last': 'Thomas'}, 'location': {'street': {'number': 2500, 'name': 'Hardy Street'}, 'city': 'Whangarei', 'state': "Hawke'S B...</msg>
<var>${json_data}</var>
<arg>${response.json()}</arg>
<doc>Returns the given values which can then be assigned to a variables.</doc>
<status status="PASS" start="2024-05-06T22:13:54.974461" elapsed="0.000558"/>
</kw>
<kw name="Set Variable" owner="BuiltIn">
<msg time="2024-05-06T22:13:54.975739" level="INFO">${name_title} = Ms</msg>
<var>${name_title}</var>
<arg>${json_data["results"][0]["name"]["title"]}</arg>
<doc>Returns the given values which can then be assigned to a variables.</doc>
<status status="PASS" start="2024-05-06T22:13:54.975333" elapsed="0.000433"/>
</kw>
<kw name="Create List" owner="BuiltIn">
<msg time="2024-05-06T22:13:54.976230" level="INFO">${allowed_titles} = ['Mr', 'Ms', 'Miss', 'Mrs', 'Madame', 'Monsieur']</msg>
<var>${allowed_titles}</var>
<arg>Mr</arg>
<arg>Ms</arg>
<arg>Miss</arg>
<arg>Mrs</arg>
<arg>Madame</arg>
<arg>Monsieur</arg>
<doc>Returns a list containing given items.</doc>
<status status="PASS" start="2024-05-06T22:13:54.976076" elapsed="0.000179"/>
</kw>
<kw name="List Should Contain Value" owner="Collections">
<msg time="2024-05-06T22:13:54.976745" level="INFO">False</msg>
<arg>${allowed_titles}</arg>
<arg>${name_title}</arg>
<doc>Fails if the ``value`` is not found from ``list``.</doc>
<status status="PASS" start="2024-05-06T22:13:54.976566" elapsed="0.000219"/>
</kw>
<kw name="Set Variable" owner="BuiltIn">
<msg time="2024-05-06T22:13:54.977478" level="INFO">${name_country} = NZ</msg>
<var>${name_country}</var>
<arg>${json_data["results"][0]["nat"]}</arg>
<doc>Returns the given values which can then be assigned to a variables.</doc>
<status status="PASS" start="2024-05-06T22:13:54.977087" elapsed="0.000445"/>
</kw>
<kw name="Create List" owner="BuiltIn">
<msg time="2024-05-06T22:13:54.978439" level="INFO">${list_country} = ['AD', 'AE', 'AF', 'AG', 'AI', 'AL', 'AM', 'AO', 'AQ', 'AR', 'AS', 'AT', 'AU', 'AW', 'AX', 'AZ', 'BA', 'BB', 'BD', 'BE', 'BF', 'BG', 'BH', 'BI', 'BJ', 'BL', 'BM', 'BN', 'BO', 'BQ', 'BR', 'BS', 'BT', '...</msg>
<var>${list_country}</var>
<arg>AD</arg>
<arg>AE</arg>
<arg>AF</arg>
<arg>AG</arg>
<arg>AI</arg>
<arg>AL</arg>
<arg>AM</arg>
<arg>AO</arg>
<arg>AQ</arg>
<arg>AR</arg>
<arg>AS</arg>
<arg>AT</arg>
<arg>AU</arg>
<arg>AW</arg>
<arg>AX</arg>
<arg>AZ</arg>
<arg>BA</arg>
<arg>BB</arg>
<arg>BD</arg>
<arg>BE</arg>
<arg>BF</arg>
<arg>BG</arg>
<arg>BH</arg>
<arg>BI</arg>
<arg>BJ</arg>
<arg>BL</arg>
<arg>BM</arg>
<arg>BN</arg>
<arg>BO</arg>
<arg>BQ</arg>
<arg>BR</arg>
<arg>BS</arg>
<arg>BT</arg>
<arg>BV</arg>
<arg>BW</arg>
<arg>BY</arg>
<arg>BZ</arg>
<arg>CA</arg>
<arg>CC</arg>
<arg>CD</arg>
<arg>CF</arg>
<arg>CG</arg>
<arg>CH</arg>
<arg>CI</arg>
<arg>CK</arg>
<arg>CL</arg>
<arg>CM</arg>
<arg>CN</arg>
<arg>CO</arg>
<arg>CR</arg>
<arg>CU</arg>
<arg>CV</arg>
<arg>CW</arg>
<arg>CX</arg>
<arg>CY</arg>
<arg>CZ</arg>
<arg>DE</arg>
<arg>DJ</arg>
<arg>DK</arg>
<arg>DM</arg>
<arg>DO</arg>
<arg>DZ</arg>
<arg>EC</arg>
<arg>EE</arg>
<arg>EG</arg>
<arg>EH</arg>
<arg>ER</arg>
<arg>ES</arg>
<arg>ET</arg>
<arg>FI</arg>
<arg>FJ</arg>
<arg>FK</arg>
<arg>FM</arg>
<arg>FO</arg>
<arg>FR</arg>
<arg>GA</arg>
<arg>GB</arg>
<arg>GD</arg>
<arg>GE</arg>
<arg>GF</arg>
<arg>GG</arg>
<arg>GH</arg>
<arg>GI</arg>
<arg>GL</arg>
<arg>GM</arg>
<arg>GN</arg>
<arg>GP</arg>
<arg>GQ</arg>
<arg>GR</arg>
<arg>GS</arg>
<arg>GT</arg>
<arg>GU</arg>
<arg>GW</arg>
<arg>GY</arg>
<arg>HK</arg>
<arg>HM</arg>
<arg>HN</arg>
<arg>HR</arg>
<arg>HT</arg>
<arg>HU</arg>
<arg>ID</arg>
<arg>IE</arg>
<arg>IL</arg>
<arg>IM</arg>
<arg>IN</arg>
<arg>IO</arg>
<arg>IQ</arg>
<arg>IR</arg>
<arg>IS</arg>
<arg>IT</arg>
<arg>JE</arg>
<arg>JM</arg>
<arg>JO</arg>
<arg>JP</arg>
<arg>KE</arg>
<arg>KG</arg>
<arg>KH</arg>
<arg>KI</arg>
<arg>KM</arg>
<arg>KN</arg>
<arg>KP</arg>
<arg>KR</arg>
<arg>KW</arg>
<arg>KY</arg>
<arg>KZ</arg>
<arg>LA</arg>
<arg>LB</arg>
<arg>LC</arg>
<arg>LI</arg>
<arg>LK</arg>
<arg>LR</arg>
<arg>LS</arg>
<arg>LT</arg>
<arg>LU</arg>
<arg>LV</arg>
<arg>LY</arg>
<arg>MA</arg>
<arg>MC</arg>
<arg>MD</arg>
<arg>ME</arg>
<arg>MF</arg>
<arg>MG</arg>
<arg>MH</arg>
<arg>MK</arg>
<arg>ML</arg>
<arg>MM</arg>
<arg>MN</arg>
<arg>MO</arg>
<arg>MP</arg>
<arg>MQ</arg>
<arg>MR</arg>
<arg>MS</arg>
<arg>MT</arg>
<arg>MU</arg>
<arg>MV</arg>
<arg>MW</arg>
<arg>MX</arg>
<arg>MY</arg>
<arg>MZ</arg>
<arg>NA</arg>
<arg>NC</arg>
<arg>NE</arg>
<arg>NF</arg>
<arg>NG</arg>
<arg>NI</arg>
<arg>NL</arg>
<arg>NO</arg>
<arg>NP</arg>
<arg>NR</arg>
<arg>NU</arg>
<arg>NZ</arg>
<arg>OM</arg>
<arg>PA</arg>
<arg>PE</arg>
<arg>PF</arg>
<arg>PG</arg>
<arg>PH</arg>
<arg>PK</arg>
<arg>PL</arg>
<arg>PM</arg>
<arg>PN</arg>
<arg>PR</arg>
<arg>PS</arg>
<arg>PT</arg>
<arg>PW</arg>
<arg>PY</arg>
<arg>QA</arg>
<arg>RE</arg>
<arg>RO</arg>
<arg>RS</arg>
<arg>RU</arg>
<arg>RW</arg>
<arg>SA</arg>
<arg>SB</arg>
<arg>SC</arg>
<arg>SD</arg>
<arg>SE</arg>
<arg>SG</arg>
<arg>SH</arg>
<arg>SI</arg>
<arg>SJ</arg>
<arg>SK</arg>
<arg>SL</arg>
<arg>SM</arg>
<arg>SN</arg>
<arg>SO</arg>
<arg>SR</arg>
<arg>SS</arg>
<arg>ST</arg>
<arg>SV</arg>
<arg>SX</arg>
<arg>SY</arg>
<arg>SZ</arg>
<arg>TC</arg>
<arg>TD</arg>
<arg>TF</arg>
<arg>TG</arg>
<arg>TH</arg>
<arg>TJ</arg>
<arg>TK</arg>
<arg>TL</arg>
<arg>TM</arg>
<arg>TN</arg>
<arg>TO</arg>
<arg>TR</arg>
<arg>TT</arg>
<arg>TV</arg>
<arg>TW</arg>
<arg>TZ</arg>
<arg>UA</arg>
<arg>UG</arg>
<arg>UM</arg>
<arg>US</arg>
<arg>UY</arg>
<arg>UZ</arg>
<arg>VA</arg>
<arg>VC</arg>
<arg>VE</arg>
<arg>VG</arg>
<arg>VI</arg>
<arg>VN</arg>
<arg>VU</arg>
<arg>WF</arg>
<arg>WS</arg>
<arg>XK</arg>
<arg>YE</arg>
<arg>YT</arg>
<arg>ZA</arg>
<arg>ZM</arg>
<arg>ZW</arg>
<doc>Returns a list containing given items.</doc>
<status status="PASS" start="2024-05-06T22:13:54.977848" elapsed="0.000616"/>
</kw>
<kw name="List Should Contain Value" owner="Collections">
<msg time="2024-05-06T22:13:54.979465" level="INFO">False</msg>
<arg>${list_country}</arg>
<arg>${name_country}</arg>
<doc>Fails if the ``value`` is not found from ``list``.</doc>
<status status="PASS" start="2024-05-06T22:13:54.979263" elapsed="0.000239"/>
</kw>
<kw name="Run Keyword If" owner="BuiltIn">
<kw name="Should Be True" owner="BuiltIn">
<arg>${True}</arg>
<doc>Fails if the given condition is not true.</doc>
<status status="PASS" start="2024-05-06T22:13:54.980573" elapsed="0.000271"/>
</kw>
<arg>${json_data["results"][0]["location"]["coordinates"]["latitude"]} &gt;= -90 and ${json_data["results"][0]["location"]["coordinates"]["latitude"]} &lt;= 90</arg>
<arg>Should Be True</arg>
<arg>${True}</arg>
<doc>Runs the given keyword with the given arguments, if ``condition`` is true.</doc>
<status status="PASS" start="2024-05-06T22:13:54.979816" elapsed="0.001160"/>
</kw>
<kw name="Run Keyword If" owner="BuiltIn">
<kw name="Should Be True" owner="BuiltIn">
<arg>${True}</arg>
<doc>Fails if the given condition is not true.</doc>
<status status="PASS" start="2024-05-06T22:13:54.981904" elapsed="0.000141"/>
</kw>
<arg>${json_data["results"][0]["location"]["coordinates"]["longitude"]} &gt;= -180 and ${json_data["results"][0]["location"]["coordinates"]["longitude"]} &lt;= 180</arg>
<arg>Should Be True</arg>
<arg>${True}</arg>
<doc>Runs the given keyword with the given arguments, if ``condition`` is true.</doc>
<status status="PASS" start="2024-05-06T22:13:54.981165" elapsed="0.001006"/>
</kw>
<status status="PASS" start="2024-05-06T22:13:54.884173" elapsed="0.098130"/>
</kw>
<doc>Testa o conteúdo específico dos campos retornados pela API.</doc>
<tag>testeConteudo</tag>
<status status="PASS" start="2024-05-06T22:13:54.883719" elapsed="0.098738"/>
</test>
<status status="PASS" start="2024-05-06T22:13:53.893288" elapsed="1.091126"/>
</suite>
<status status="PASS" start="2024-05-06T22:13:53.879294" elapsed="1.110261"/>
</suite>
<statistics>
<total>
<stat pass="5" fail="0" skip="0">All Tests</stat>
</total>
<tag>
<stat pass="1" fail="0" skip="0">testeConteudo</stat>
<stat pass="1" fail="0" skip="0">testeEstruturaResposta</stat>
<stat pass="1" fail="0" skip="0">testeRequisicaoBasica</stat>
<stat pass="1" fail="0" skip="0">testeTiposDados</stat>
</tag>
<suite>
<stat pass="5" fail="0" skip="0" id="s1" name="Tests">Tests</stat>
<stat pass="5" fail="0" skip="0" id="s1-s1" name="Random-User-Test">Tests.Random-User-Test</stat>
</suite>
</statistics>
<errors>
</errors>
</robot>
