<?xml version="1.0" encoding="UTF-8"?>
<robot generator="Robot 7.0.1 (Python 3.12.4 on linux)" generated="2024-06-27T14:14:07.332111" rpa="false" schemaversion="5">
<suite id="s1" name="Tests" source="/home/runner/work/ApiRandomUser/ApiRandomUser/RamdonUser/tests">
<suite id="s1-s1" name="Random-User-Test" source="/home/runner/work/ApiRandomUser/ApiRandomUser/RamdonUser/tests/random-user-test.robot">
<test id="s1-s1-t1" name="Conectar" line="13">
<kw name="Conectar API" owner="random-user-service">
<kw name="Create Session" owner="RequestsLibrary">
<msg time="2024-06-27T14:14:07.797931" level="INFO">Creating Session using : alias=consultarAPI, url=https://randomuser.me/, headers={},                     cookies={}, auth=None, timeout=None, proxies=None, verify=False,                     debug=0 </msg>
<arg>consultarAPI</arg>
<arg>${URL}</arg>
<doc>Create Session: create a HTTP session to a server</doc>
<status status="PASS" start="2024-06-27T14:14:07.797720" elapsed="0.000396"/>
</kw>
<status status="PASS" start="2024-06-27T14:14:07.796741" elapsed="0.001745"/>
</kw>
<status status="PASS" start="2024-06-27T14:14:07.796178" elapsed="0.002506"/>
</test>
<test id="s1-s1-t2" name="Validar retorno 200 e JSON Válido" line="16">
<kw name="Teste de Requisicao Basica" owner="random-user-service">
<kw name="GET On Session" owner="RequestsLibrary">
<msg time="2024-06-27T14:14:08.051140" level="INFO">GET Request : url=https://randomuser.me/api 
 path_url=/api 
 headers={'User-Agent': 'python-requests/2.32.3', 'Accept-Encoding': 'gzip, deflate', 'Accept': '*/*', 'Connection': 'keep-alive'} 
 body=None 
 </msg>
<msg time="2024-06-27T14:14:08.051299" level="INFO">GET Response : url=https://randomuser.me/api 
 status=200, reason=OK 
 headers={'Date': 'Thu, 27 Jun 2024 14:14:08 GMT', 'Content-Type': 'application/json; charset=utf-8', 'Transfer-Encoding': 'chunked', 'Connection': 'keep-alive', 'X-Powered-By': 'Express', 'Access-Control-Allow-Origin': '*', 'Cache-Control': 'no-cache', 'ETag': 'W/"470-V0LHfHLriB1k8l+kRJT5VOsIZXk"', 'Vary': 'Accept-Encoding', 'Content-Encoding': 'gzip', 'CF-Cache-Status': 'DYNAMIC', 'Report-To': '{"endpoints":[{"url":"https:\\/\\/a.nel.cloudflare.com\\/report\\/v4?s=Jk4AMmJ%2BnOPXt4IGKJ%2FsfM6wrN8PsjeBjl4f8lqz32uxKwqn3LKKO2I1GKtIAZxjvPCeokwfKV84%2F78%2B7%2F1Pb92Wu3yNPtlJYrD7%2F3q40XbyCTef00XaQVWjMwWiAdFj"}],"group":"cf-nel","max_age":604800}', 'NEL': '{"success_fraction":0,"report_to":"cf-nel","max_age":604800}', 'Server': 'cloudflare', 'CF-RAY': '89a60aabbeab1696-SJC', 'alt-svc': 'h3=":443"; ma=86400'} 
 body={"results":[{"gender":"male","name":{"title":"Mr","first":"Oğuzhan","last":"Taşçı"},"location":{"street":{"number":9643,"name":"Maçka Cd"},"city":"Şanlıurfa","state":"Ordu","country":"Turkey","postcode":77192,"coordinates":{"latitude":"68.0018","longitude":"-68.7384"},"timezone":{"offset":"+9:30","description":"Adelaide, Darwin"}},"email":"oguzhan.tasci@example.com","login":{"uuid":"ccefbcab-9a21-435b-ac88-4c25f15cfb30","username":"lazyleopard363","password":"scott1","salt":"LQhemuT4","md5":"e6d851cbf87b20d5237219bd08f3921c","sha1":"7645bb4f439e7e98388a98b815f04335ff36c995","sha256":"6d48d89ab4eb3a210e044bf51b482f4606d76a1a54b2bc0af81400de9928bd8c"},"dob":{"date":"1987-12-08T17:35:41.057Z","age":36},"registered":{"date":"2005-01-10T08:56:46.670Z","age":19},"phone":"(913)-897-2027","cell":"(650)-957-1917","id":{"name":"","value":null},"picture":{"large":"https://randomuser.me/api/portraits/men/33.jpg","medium":"https://randomuser.me/api/portraits/med/men/33.jpg","thumbnail":"https://randomuser.me/api/portraits/thumb/men/33.jpg"},"nat":"TR"}],"info":{"seed":"8940f12b1d491e71","results":1,"page":1,"version":"1.4"}} 
 </msg>
<msg time="2024-06-27T14:14:08.051430" level="INFO">/opt/hostedtoolcache/Python/3.12.4/x64/lib/python3.12/site-packages/urllib3/connectionpool.py:1099: InsecureRequestWarning: Unverified HTTPS request is being made to host 'randomuser.me'. Adding certificate verification is strongly advised. See: https://urllib3.readthedocs.io/en/latest/advanced-usage.html#tls-warnings
  warnings.warn(</msg>
<msg time="2024-06-27T14:14:08.051588" level="INFO">${response} = &lt;Response [200]&gt;</msg>
<var>${response}</var>
<arg>consultarAPI</arg>
<arg>/api</arg>
<doc>Sends a GET request on a previously created HTTP Session.</doc>
<status status="PASS" start="2024-06-27T14:14:07.801411" elapsed="0.250220"/>
</kw>
<kw name="Should Be Equal As Numbers" owner="BuiltIn">
<msg time="2024-06-27T14:14:08.052814" level="INFO">Argument types are:
&lt;class 'int'&gt;
&lt;class 'str'&gt;</msg>
<arg>${response.status_code}</arg>
<arg>200</arg>
<doc>Fails if objects are unequal after converting them to real numbers.</doc>
<status status="PASS" start="2024-06-27T14:14:08.052314" elapsed="0.000569"/>
</kw>
<kw name="Log" owner="BuiltIn">
<msg time="2024-06-27T14:14:08.053617" level="INFO">200</msg>
<arg>${response.status_code}</arg>
<doc>Logs the given message with the given level.</doc>
<status status="PASS" start="2024-06-27T14:14:08.053245" elapsed="0.000415"/>
</kw>
<kw name="Set Variable" owner="BuiltIn">
<msg time="2024-06-27T14:14:08.054443" level="INFO">${json_data} = {'results': [{'gender': 'male', 'name': {'title': 'Mr', 'first': 'Oğuzhan', 'last': 'Taşçı'}, 'location': {'street': {'number': 9643, 'name': 'Maçka Cd'}, 'city': 'Şanlıurfa', 'state': 'Ordu', 'countr...</msg>
<var>${json_data}</var>
<arg>${response.json()}</arg>
<doc>Returns the given values which can then be assigned to a variables.</doc>
<status status="PASS" start="2024-06-27T14:14:08.053982" elapsed="0.000492"/>
</kw>
<kw name="Dictionary Should Contain Key" owner="Collections">
<arg>${json_data}</arg>
<arg>results</arg>
<doc>Fails if ``key`` is not found from ``dictionary``.</doc>
<status status="PASS" start="2024-06-27T14:14:08.054783" elapsed="0.000167"/>
</kw>
<status status="PASS" start="2024-06-27T14:14:07.801156" elapsed="0.253944"/>
</kw>
<doc>Testa se a API responde corretamente e retorna um objeto JSON válido.</doc>
<tag>testeRequisicaoBasica</tag>
<status status="PASS" start="2024-06-27T14:14:07.800681" elapsed="0.254597"/>
</test>
<test id="s1-s1-t3" name="Validar estrutura de resposta" line="22">
<kw name="Teste de Estrutura de Resposta" owner="random-user-service">
<kw name="GET On Session" owner="RequestsLibrary">
<msg time="2024-06-27T14:14:08.151766" level="INFO">GET Request : url=https://randomuser.me/api 
 path_url=/api 
 headers={'User-Agent': 'python-requests/2.32.3', 'Accept-Encoding': 'gzip, deflate', 'Accept': '*/*', 'Connection': 'keep-alive'} 
 body=None 
 </msg>
<msg time="2024-06-27T14:14:08.151881" level="INFO">GET Response : url=https://randomuser.me/api 
 status=200, reason=OK 
 headers={'Date': 'Thu, 27 Jun 2024 14:14:08 GMT', 'Content-Type': 'application/json; charset=utf-8', 'Transfer-Encoding': 'chunked', 'Connection': 'keep-alive', 'X-Powered-By': 'Express', 'Access-Control-Allow-Origin': '*', 'Cache-Control': 'no-cache', 'ETag': 'W/"491-LGGVwpAfUqwWSEYlx/3ifgtufwk"', 'Vary': 'Accept-Encoding', 'Content-Encoding': 'gzip', 'CF-Cache-Status': 'DYNAMIC', 'Report-To': '{"endpoints":[{"url":"https:\\/\\/a.nel.cloudflare.com\\/report\\/v4?s=SpC0GbseE9E59LfgvkBMbwBDAl1ZPZvwVIhGPYkBa7kc5xDo5w6bE5k1IvNoF3akAvkzCQQh4CPbH%2BvtD0XO4%2F7gTx8WmgkMAacjxtNnv4UvhcWlMFuF9%2Btx7fFh2%2Bly"}],"group":"cf-nel","max_age":604800}', 'NEL': '{"success_fraction":0,"report_to":"cf-nel","max_age":604800}', 'Server': 'cloudflare', 'CF-RAY': '89a60aac5f351696-SJC', 'alt-svc': 'h3=":443"; ma=86400'} 
 body={"results":[{"gender":"male","name":{"title":"Mr","first":"Raphaël","last":"Dufour"},"location":{"street":{"number":747,"name":"Rue Abel"},"city":"Champigny-sur-Marne","state":"Ardèche","country":"France","postcode":88343,"coordinates":{"latitude":"-18.5986","longitude":"-121.9012"},"timezone":{"offset":"+7:00","description":"Bangkok, Hanoi, Jakarta"}},"email":"raphael.dufour@example.com","login":{"uuid":"c3c1531d-ea4f-436b-83f5-be112e634fbd","username":"yellowgoose735","password":"cisco","salt":"6Pr8mxUc","md5":"82411bff320acdfdf77ddec3b55a06bc","sha1":"7505b6879325e818e48f6eae575520244784ab07","sha256":"52525949b8898442d8255f4811366ef131bb9876d3104dc4787ff2acfb72bf36"},"dob":{"date":"1995-01-21T17:58:29.145Z","age":29},"registered":{"date":"2004-06-27T13:27:15.051Z","age":20},"phone":"01-94-22-97-87","cell":"06-84-30-13-27","id":{"name":"INSEE","value":"1950051699242 60"},"picture":{"large":"https://randomuser.me/api/portraits/men/9.jpg","medium":"https://randomuser.me/api/portraits/med/men/9.jpg","thumbnail":"https://randomuser.me/api/portraits/thumb/men/9.jpg"},"nat":"FR"}],"info":{"seed":"0bc3dafeb825ac6a","results":1,"page":1,"version":"1.4"}} 
 </msg>
<msg time="2024-06-27T14:14:08.152013" level="INFO">/opt/hostedtoolcache/Python/3.12.4/x64/lib/python3.12/site-packages/urllib3/connectionpool.py:1099: InsecureRequestWarning: Unverified HTTPS request is being made to host 'randomuser.me'. Adding certificate verification is strongly advised. See: https://urllib3.readthedocs.io/en/latest/advanced-usage.html#tls-warnings
  warnings.warn(</msg>
<msg time="2024-06-27T14:14:08.152138" level="INFO">${response} = &lt;Response [200]&gt;</msg>
<var>${response}</var>
<arg>consultarAPI</arg>
<arg>/api</arg>
<doc>Sends a GET request on a previously created HTTP Session.</doc>
<status status="PASS" start="2024-06-27T14:14:08.057944" elapsed="0.094238"/>
</kw>
<kw name="Set Variable" owner="BuiltIn">
<msg time="2024-06-27T14:14:08.153250" level="INFO">${json_data} = {'results': [{'gender': 'male', 'name': {'title': 'Mr', 'first': 'Raphaël', 'last': 'Dufour'}, 'location': {'street': {'number': 747, 'name': 'Rue Abel'}, 'city': 'Champigny-sur-Marne', 'state': 'Ardè...</msg>
<var>${json_data}</var>
<arg>${response.json()}</arg>
<doc>Returns the given values which can then be assigned to a variables.</doc>
<status status="PASS" start="2024-06-27T14:14:08.152703" elapsed="0.000577"/>
</kw>
<kw name="Log" owner="BuiltIn">
<msg time="2024-06-27T14:14:08.153767" level="INFO">{'results': [{'gender': 'male', 'name': {'title': 'Mr', 'first': 'Raphaël', 'last': 'Dufour'}, 'location': {'street': {'number': 747, 'name': 'Rue Abel'}, 'city': 'Champigny-sur-Marne', 'state': 'Ardèche', 'country': 'France', 'postcode': 88343, 'coordinates': {'latitude': '-18.5986', 'longitude': '-121.9012'}, 'timezone': {'offset': '+7:00', 'description': 'Bangkok, Hanoi, Jakarta'}}, 'email': 'raphael.dufour@example.com', 'login': {'uuid': 'c3c1531d-ea4f-436b-83f5-be112e634fbd', 'username': 'yellowgoose735', 'password': 'cisco', 'salt': '6Pr8mxUc', 'md5': '82411bff320acdfdf77ddec3b55a06bc', 'sha1': '7505b6879325e818e48f6eae575520244784ab07', 'sha256': '52525949b8898442d8255f4811366ef131bb9876d3104dc4787ff2acfb72bf36'}, 'dob': {'date': '1995-01-21T17:58:29.145Z', 'age': 29}, 'registered': {'date': '2004-06-27T13:27:15.051Z', 'age': 20}, 'phone': '01-94-22-97-87', 'cell': '06-84-30-13-27', 'id': {'name': 'INSEE', 'value': '1950051699242 60'}, 'picture': {'large': 'https://randomuser.me/api/portraits/men/9.jpg', 'medium': 'https://randomuser.me/api/portraits/med/men/9.jpg', 'thumbnail': 'https://randomuser.me/api/portraits/thumb/men/9.jpg'}, 'nat': 'FR'}], 'info': {'seed': '0bc3dafeb825ac6a', 'results': 1, 'page': 1, 'version': '1.4'}}</msg>
<arg>${json_data}</arg>
<doc>Logs the given message with the given level.</doc>
<status status="PASS" start="2024-06-27T14:14:08.153601" elapsed="0.000217"/>
</kw>
<kw name="Dictionary Should Contain Key" owner="Collections">
<arg>${json_data}</arg>
<arg>results</arg>
<doc>Fails if ``key`` is not found from ``dictionary``.</doc>
<status status="PASS" start="2024-06-27T14:14:08.154114" elapsed="0.000160"/>
</kw>
<kw name="Should Not Be Empty" owner="BuiltIn">
<msg time="2024-06-27T14:14:08.154622" level="INFO">Length is 2.</msg>
<arg>${json_data}</arg>
<doc>Verifies that the given item is not empty.</doc>
<status status="PASS" start="2024-06-27T14:14:08.154478" elapsed="0.000183"/>
</kw>
<kw name="Create List" owner="BuiltIn">
<msg time="2024-06-27T14:14:08.155271" level="INFO">${expected_keys} = ['gender', 'name', 'location', 'email', 'login']</msg>
<var>${expected_keys}</var>
<arg>gender</arg>
<arg>name</arg>
<arg>location</arg>
<arg>email</arg>
<arg>login</arg>
<doc>Returns a list containing given items.</doc>
<status status="PASS" start="2024-06-27T14:14:08.154963" elapsed="0.000333"/>
</kw>
<for flavor="IN">
<iter>
<kw name="Dictionary Should Contain Key" owner="Collections">
<arg>${json_data['results'][0]}</arg>
<arg>${key}</arg>
<doc>Fails if ``key`` is not found from ``dictionary``.</doc>
<status status="PASS" start="2024-06-27T14:14:08.155932" elapsed="0.000403"/>
</kw>
<kw name="Log" owner="BuiltIn">
<msg time="2024-06-27T14:14:08.156881" level="INFO">{'gender': 'male', 'name': {'title': 'Mr', 'first': 'Raphaël', 'last': 'Dufour'}, 'location': {'street': {'number': 747, 'name': 'Rue Abel'}, 'city': 'Champigny-sur-Marne', 'state': 'Ardèche', 'country': 'France', 'postcode': 88343, 'coordinates': {'latitude': '-18.5986', 'longitude': '-121.9012'}, 'timezone': {'offset': '+7:00', 'description': 'Bangkok, Hanoi, Jakarta'}}, 'email': 'raphael.dufour@example.com', 'login': {'uuid': 'c3c1531d-ea4f-436b-83f5-be112e634fbd', 'username': 'yellowgoose735', 'password': 'cisco', 'salt': '6Pr8mxUc', 'md5': '82411bff320acdfdf77ddec3b55a06bc', 'sha1': '7505b6879325e818e48f6eae575520244784ab07', 'sha256': '52525949b8898442d8255f4811366ef131bb9876d3104dc4787ff2acfb72bf36'}, 'dob': {'date': '1995-01-21T17:58:29.145Z', 'age': 29}, 'registered': {'date': '2004-06-27T13:27:15.051Z', 'age': 20}, 'phone': '01-94-22-97-87', 'cell': '06-84-30-13-27', 'id': {'name': 'INSEE', 'value': '1950051699242 60'}, 'picture': {'large': 'https://randomuser.me/api/portraits/men/9.jpg', 'medium': 'https://randomuser.me/api/portraits/med/men/9.jpg', 'thumbnail': 'https://randomuser.me/api/portraits/thumb/men/9.jpg'}, 'nat': 'FR'}</msg>
<arg>${json_data['results'][0]}</arg>
<doc>Logs the given message with the given level.</doc>
<status status="PASS" start="2024-06-27T14:14:08.156522" elapsed="0.000408"/>
</kw>
<kw name="Log" owner="BuiltIn">
<msg time="2024-06-27T14:14:08.157358" level="INFO">gender</msg>
<arg>${key}</arg>
<doc>Logs the given message with the given level.</doc>
<status status="PASS" start="2024-06-27T14:14:08.157231" elapsed="0.000165"/>
</kw>
<var name="${key}">gender</var>
<status status="PASS" start="2024-06-27T14:14:08.155807" elapsed="0.001808"/>
</iter>
<iter>
<kw name="Dictionary Should Contain Key" owner="Collections">
<arg>${json_data['results'][0]}</arg>
<arg>${key}</arg>
<doc>Fails if ``key`` is not found from ``dictionary``.</doc>
<status status="PASS" start="2024-06-27T14:14:08.157914" elapsed="0.000401"/>
</kw>
<kw name="Log" owner="BuiltIn">
<msg time="2024-06-27T14:14:08.158856" level="INFO">{'gender': 'male', 'name': {'title': 'Mr', 'first': 'Raphaël', 'last': 'Dufour'}, 'location': {'street': {'number': 747, 'name': 'Rue Abel'}, 'city': 'Champigny-sur-Marne', 'state': 'Ardèche', 'country': 'France', 'postcode': 88343, 'coordinates': {'latitude': '-18.5986', 'longitude': '-121.9012'}, 'timezone': {'offset': '+7:00', 'description': 'Bangkok, Hanoi, Jakarta'}}, 'email': 'raphael.dufour@example.com', 'login': {'uuid': 'c3c1531d-ea4f-436b-83f5-be112e634fbd', 'username': 'yellowgoose735', 'password': 'cisco', 'salt': '6Pr8mxUc', 'md5': '82411bff320acdfdf77ddec3b55a06bc', 'sha1': '7505b6879325e818e48f6eae575520244784ab07', 'sha256': '52525949b8898442d8255f4811366ef131bb9876d3104dc4787ff2acfb72bf36'}, 'dob': {'date': '1995-01-21T17:58:29.145Z', 'age': 29}, 'registered': {'date': '2004-06-27T13:27:15.051Z', 'age': 20}, 'phone': '01-94-22-97-87', 'cell': '06-84-30-13-27', 'id': {'name': 'INSEE', 'value': '1950051699242 60'}, 'picture': {'large': 'https://randomuser.me/api/portraits/men/9.jpg', 'medium': 'https://randomuser.me/api/portraits/med/men/9.jpg', 'thumbnail': 'https://randomuser.me/api/portraits/thumb/men/9.jpg'}, 'nat': 'FR'}</msg>
<arg>${json_data['results'][0]}</arg>
<doc>Logs the given message with the given level.</doc>
<status status="PASS" start="2024-06-27T14:14:08.158497" elapsed="0.000439"/>
</kw>
<kw name="Log" owner="BuiltIn">
<msg time="2024-06-27T14:14:08.159398" level="INFO">name</msg>
<arg>${key}</arg>
<doc>Logs the given message with the given level.</doc>
<status status="PASS" start="2024-06-27T14:14:08.159236" elapsed="0.000207"/>
</kw>
<var name="${key}">name</var>
<status status="PASS" start="2024-06-27T14:14:08.157802" elapsed="0.001866"/>
</iter>
<iter>
<kw name="Dictionary Should Contain Key" owner="Collections">
<arg>${json_data['results'][0]}</arg>
<arg>${key}</arg>
<doc>Fails if ``key`` is not found from ``dictionary``.</doc>
<status status="PASS" start="2024-06-27T14:14:08.159959" elapsed="0.000385"/>
</kw>
<kw name="Log" owner="BuiltIn">
<msg time="2024-06-27T14:14:08.160877" level="INFO">{'gender': 'male', 'name': {'title': 'Mr', 'first': 'Raphaël', 'last': 'Dufour'}, 'location': {'street': {'number': 747, 'name': 'Rue Abel'}, 'city': 'Champigny-sur-Marne', 'state': 'Ardèche', 'country': 'France', 'postcode': 88343, 'coordinates': {'latitude': '-18.5986', 'longitude': '-121.9012'}, 'timezone': {'offset': '+7:00', 'description': 'Bangkok, Hanoi, Jakarta'}}, 'email': 'raphael.dufour@example.com', 'login': {'uuid': 'c3c1531d-ea4f-436b-83f5-be112e634fbd', 'username': 'yellowgoose735', 'password': 'cisco', 'salt': '6Pr8mxUc', 'md5': '82411bff320acdfdf77ddec3b55a06bc', 'sha1': '7505b6879325e818e48f6eae575520244784ab07', 'sha256': '52525949b8898442d8255f4811366ef131bb9876d3104dc4787ff2acfb72bf36'}, 'dob': {'date': '1995-01-21T17:58:29.145Z', 'age': 29}, 'registered': {'date': '2004-06-27T13:27:15.051Z', 'age': 20}, 'phone': '01-94-22-97-87', 'cell': '06-84-30-13-27', 'id': {'name': 'INSEE', 'value': '1950051699242 60'}, 'picture': {'large': 'https://randomuser.me/api/portraits/men/9.jpg', 'medium': 'https://randomuser.me/api/portraits/med/men/9.jpg', 'thumbnail': 'https://randomuser.me/api/portraits/thumb/men/9.jpg'}, 'nat': 'FR'}</msg>
<arg>${json_data['results'][0]}</arg>
<doc>Logs the given message with the given level.</doc>
<status status="PASS" start="2024-06-27T14:14:08.160523" elapsed="0.000402"/>
</kw>
<kw name="Log" owner="BuiltIn">
<msg time="2024-06-27T14:14:08.161344" level="INFO">location</msg>
<arg>${key}</arg>
<doc>Logs the given message with the given level.</doc>
<status status="PASS" start="2024-06-27T14:14:08.161220" elapsed="0.000160"/>
</kw>
<var name="${key}">location</var>
<status status="PASS" start="2024-06-27T14:14:08.159846" elapsed="0.001749"/>
</iter>
<iter>
<kw name="Dictionary Should Contain Key" owner="Collections">
<arg>${json_data['results'][0]}</arg>
<arg>${key}</arg>
<doc>Fails if ``key`` is not found from ``dictionary``.</doc>
<status status="PASS" start="2024-06-27T14:14:08.161874" elapsed="0.000397"/>
</kw>
<kw name="Log" owner="BuiltIn">
<msg time="2024-06-27T14:14:08.162802" level="INFO">{'gender': 'male', 'name': {'title': 'Mr', 'first': 'Raphaël', 'last': 'Dufour'}, 'location': {'street': {'number': 747, 'name': 'Rue Abel'}, 'city': 'Champigny-sur-Marne', 'state': 'Ardèche', 'country': 'France', 'postcode': 88343, 'coordinates': {'latitude': '-18.5986', 'longitude': '-121.9012'}, 'timezone': {'offset': '+7:00', 'description': 'Bangkok, Hanoi, Jakarta'}}, 'email': 'raphael.dufour@example.com', 'login': {'uuid': 'c3c1531d-ea4f-436b-83f5-be112e634fbd', 'username': 'yellowgoose735', 'password': 'cisco', 'salt': '6Pr8mxUc', 'md5': '82411bff320acdfdf77ddec3b55a06bc', 'sha1': '7505b6879325e818e48f6eae575520244784ab07', 'sha256': '52525949b8898442d8255f4811366ef131bb9876d3104dc4787ff2acfb72bf36'}, 'dob': {'date': '1995-01-21T17:58:29.145Z', 'age': 29}, 'registered': {'date': '2004-06-27T13:27:15.051Z', 'age': 20}, 'phone': '01-94-22-97-87', 'cell': '06-84-30-13-27', 'id': {'name': 'INSEE', 'value': '1950051699242 60'}, 'picture': {'large': 'https://randomuser.me/api/portraits/men/9.jpg', 'medium': 'https://randomuser.me/api/portraits/med/men/9.jpg', 'thumbnail': 'https://randomuser.me/api/portraits/thumb/men/9.jpg'}, 'nat': 'FR'}</msg>
<arg>${json_data['results'][0]}</arg>
<doc>Logs the given message with the given level.</doc>
<status status="PASS" start="2024-06-27T14:14:08.162451" elapsed="0.000401"/>
</kw>
<kw name="Log" owner="BuiltIn">
<msg time="2024-06-27T14:14:08.163290" level="INFO">email</msg>
<arg>${key}</arg>
<doc>Logs the given message with the given level.</doc>
<status status="PASS" start="2024-06-27T14:14:08.163156" elapsed="0.000197"/>
</kw>
<var name="${key}">email</var>
<status status="PASS" start="2024-06-27T14:14:08.161768" elapsed="0.001820"/>
</iter>
<iter>
<kw name="Dictionary Should Contain Key" owner="Collections">
<arg>${json_data['results'][0]}</arg>
<arg>${key}</arg>
<doc>Fails if ``key`` is not found from ``dictionary``.</doc>
<status status="PASS" start="2024-06-27T14:14:08.163876" elapsed="0.000382"/>
</kw>
<kw name="Log" owner="BuiltIn">
<msg time="2024-06-27T14:14:08.164790" level="INFO">{'gender': 'male', 'name': {'title': 'Mr', 'first': 'Raphaël', 'last': 'Dufour'}, 'location': {'street': {'number': 747, 'name': 'Rue Abel'}, 'city': 'Champigny-sur-Marne', 'state': 'Ardèche', 'country': 'France', 'postcode': 88343, 'coordinates': {'latitude': '-18.5986', 'longitude': '-121.9012'}, 'timezone': {'offset': '+7:00', 'description': 'Bangkok, Hanoi, Jakarta'}}, 'email': 'raphael.dufour@example.com', 'login': {'uuid': 'c3c1531d-ea4f-436b-83f5-be112e634fbd', 'username': 'yellowgoose735', 'password': 'cisco', 'salt': '6Pr8mxUc', 'md5': '82411bff320acdfdf77ddec3b55a06bc', 'sha1': '7505b6879325e818e48f6eae575520244784ab07', 'sha256': '52525949b8898442d8255f4811366ef131bb9876d3104dc4787ff2acfb72bf36'}, 'dob': {'date': '1995-01-21T17:58:29.145Z', 'age': 29}, 'registered': {'date': '2004-06-27T13:27:15.051Z', 'age': 20}, 'phone': '01-94-22-97-87', 'cell': '06-84-30-13-27', 'id': {'name': 'INSEE', 'value': '1950051699242 60'}, 'picture': {'large': 'https://randomuser.me/api/portraits/men/9.jpg', 'medium': 'https://randomuser.me/api/portraits/med/men/9.jpg', 'thumbnail': 'https://randomuser.me/api/portraits/thumb/men/9.jpg'}, 'nat': 'FR'}</msg>
<arg>${json_data['results'][0]}</arg>
<doc>Logs the given message with the given level.</doc>
<status status="PASS" start="2024-06-27T14:14:08.164439" elapsed="0.000400"/>
</kw>
<kw name="Log" owner="BuiltIn">
<msg time="2024-06-27T14:14:08.165255" level="INFO">login</msg>
<arg>${key}</arg>
<doc>Logs the given message with the given level.</doc>
<status status="PASS" start="2024-06-27T14:14:08.165131" elapsed="0.000161"/>
</kw>
<var name="${key}">login</var>
<status status="PASS" start="2024-06-27T14:14:08.163761" elapsed="0.001745"/>
</iter>
<var>${key}</var>
<value>@{expected_keys}</value>
<status status="PASS" start="2024-06-27T14:14:08.155609" elapsed="0.010026"/>
</for>
<kw name="Create List" owner="BuiltIn">
<msg time="2024-06-27T14:14:08.165961" level="INFO">${expected_keysTwo} = ['username', 'password']</msg>
<var>${expected_keysTwo}</var>
<arg>username</arg>
<arg>password</arg>
<doc>Returns a list containing given items.</doc>
<status status="PASS" start="2024-06-27T14:14:08.165824" elapsed="0.000188"/>
</kw>
<for flavor="IN">
<iter>
<kw name="Dictionary Should Contain Key" owner="Collections">
<arg>${json_data['results'][0]['login']}</arg>
<arg>${keyTwo}</arg>
<doc>Fails if ``key`` is not found from ``dictionary``.</doc>
<status status="PASS" start="2024-06-27T14:14:08.166515" elapsed="0.000382"/>
</kw>
<kw name="Dictionary Should Contain Key" owner="Collections">
<arg>${json_data['results'][0]['login']}</arg>
<arg>${keyTwo}</arg>
<doc>Fails if ``key`` is not found from ``dictionary``.</doc>
<status status="PASS" start="2024-06-27T14:14:08.167076" elapsed="0.000404"/>
</kw>
<kw name="Log" owner="BuiltIn">
<msg time="2024-06-27T14:14:08.167849" level="INFO">username</msg>
<arg>${keyTwo}</arg>
<doc>Logs the given message with the given level.</doc>
<status status="PASS" start="2024-06-27T14:14:08.167696" elapsed="0.000191"/>
</kw>
<var name="${keyTwo}">username</var>
<status status="PASS" start="2024-06-27T14:14:08.166407" elapsed="0.001708"/>
</iter>
<iter>
<kw name="Dictionary Should Contain Key" owner="Collections">
<arg>${json_data['results'][0]['login']}</arg>
<arg>${keyTwo}</arg>
<doc>Fails if ``key`` is not found from ``dictionary``.</doc>
<status status="PASS" start="2024-06-27T14:14:08.168390" elapsed="0.000381"/>
</kw>
<kw name="Dictionary Should Contain Key" owner="Collections">
<arg>${json_data['results'][0]['login']}</arg>
<arg>${keyTwo}</arg>
<doc>Fails if ``key`` is not found from ``dictionary``.</doc>
<status status="PASS" start="2024-06-27T14:14:08.168948" elapsed="0.000368"/>
</kw>
<kw name="Log" owner="BuiltIn">
<msg time="2024-06-27T14:14:08.169619" level="INFO">password</msg>
<arg>${keyTwo}</arg>
<doc>Logs the given message with the given level.</doc>
<status status="PASS" start="2024-06-27T14:14:08.169498" elapsed="0.000161"/>
</kw>
<var name="${keyTwo}">password</var>
<status status="PASS" start="2024-06-27T14:14:08.168285" elapsed="0.001692"/>
</iter>
<var>${keyTwo}</var>
<value>@{expected_keysTwo}</value>
<status status="PASS" start="2024-06-27T14:14:08.166257" elapsed="0.003842"/>
</for>
<status status="PASS" start="2024-06-27T14:14:08.057702" elapsed="0.112537"/>
</kw>
<doc>Testa a estrutura da resposta da API.</doc>
<tag>testeEstruturaResposta</tag>
<status status="PASS" start="2024-06-27T14:14:08.057159" elapsed="0.113234"/>
</test>
<test id="s1-s1-t4" name="Validar tipos de dados" line="28">
<kw name="Teste de Tipos de Dados" owner="random-user-service">
<kw name="GET On Session" owner="RequestsLibrary">
<msg time="2024-06-27T14:14:08.273150" level="INFO">GET Request : url=https://randomuser.me/api 
 path_url=/api 
 headers={'User-Agent': 'python-requests/2.32.3', 'Accept-Encoding': 'gzip, deflate', 'Accept': '*/*', 'Connection': 'keep-alive'} 
 body=None 
 </msg>
<msg time="2024-06-27T14:14:08.273246" level="INFO">GET Response : url=https://randomuser.me/api 
 status=200, reason=OK 
 headers={'Date': 'Thu, 27 Jun 2024 14:14:08 GMT', 'Content-Type': 'application/json; charset=utf-8', 'Transfer-Encoding': 'chunked', 'Connection': 'keep-alive', 'X-Powered-By': 'Express', 'Access-Control-Allow-Origin': '*', 'Cache-Control': 'no-cache', 'ETag': 'W/"4a1-BKerp0GkRLLhLOhxJx8+dZcT6SA"', 'Vary': 'Accept-Encoding', 'Content-Encoding': 'gzip', 'CF-Cache-Status': 'DYNAMIC', 'Report-To': '{"endpoints":[{"url":"https:\\/\\/a.nel.cloudflare.com\\/report\\/v4?s=8ZrcNgCrE9oJ1KE8vqKtDJKtpqvHaAv4Rv3QOtHxRzx8IcJ3FjcBmEfL0d4zkA82ULY%2BVyd9fHAuBVaP9PdaFdMkNSqoqNHxj1hK3Goao%2B6CPsh7DOkxoKofg%2BxU4MFl"}],"group":"cf-nel","max_age":604800}', 'NEL': '{"success_fraction":0,"report_to":"cf-nel","max_age":604800}', 'Server': 'cloudflare', 'CF-RAY': '89a60aad1fd11696-SJC', 'alt-svc': 'h3=":443"; ma=86400'} 
 body={"results":[{"gender":"female","name":{"title":"Miss","first":"Eugenia","last":"Lucero"},"location":{"street":{"number":9294,"name":"Ampliación Baja California"},"city":"Loza de los Padres (La Loza)","state":"Durango","country":"Mexico","postcode":44365,"coordinates":{"latitude":"23.2705","longitude":"103.1952"},"timezone":{"offset":"-10:00","description":"Hawaii"}},"email":"eugenia.lucero@example.com","login":{"uuid":"6721e074-6feb-4b0d-a739-2b9ba3d020c6","username":"organicdog742","password":"cars","salt":"93RSa1xC","md5":"49495bb7eb4a91f0d599aaa43907e0c4","sha1":"58f90ac6937db0f1fe82557bc3c7dc61d8830ea6","sha256":"e0f9ffbc68b1913283900308adf9174ab63700f20a566007e25042e494210de7"},"dob":{"date":"1980-02-07T17:46:24.306Z","age":44},"registered":{"date":"2017-03-22T20:04:31.679Z","age":7},"phone":"(628) 010 7439","cell":"(608) 977 8785","id":{"name":"NSS","value":"63 77 66 0602 9"},"picture":{"large":"https://randomuser.me/api/portraits/women/61.jpg","medium":"https://randomuser.me/api/portraits/med/women/61.jpg","thumbnail":"https://randomuser.me/api/portraits/thumb/women/61.jpg"},"nat":"MX"}],"info":{"seed":"6e5f1c004dcaf53e","results":1,"page":1,"version":"1.4"}} 
 </msg>
<msg time="2024-06-27T14:14:08.273317" level="INFO">/opt/hostedtoolcache/Python/3.12.4/x64/lib/python3.12/site-packages/urllib3/connectionpool.py:1099: InsecureRequestWarning: Unverified HTTPS request is being made to host 'randomuser.me'. Adding certificate verification is strongly advised. See: https://urllib3.readthedocs.io/en/latest/advanced-usage.html#tls-warnings
  warnings.warn(</msg>
<msg time="2024-06-27T14:14:08.273442" level="INFO">${response} = &lt;Response [200]&gt;</msg>
<var>${response}</var>
<arg>consultarAPI</arg>
<arg>/api</arg>
<doc>Sends a GET request on a previously created HTTP Session.</doc>
<status status="PASS" start="2024-06-27T14:14:08.172895" elapsed="0.100587"/>
</kw>
<kw name="Set Variable" owner="BuiltIn">
<msg time="2024-06-27T14:14:08.274677" level="INFO">${json_data} = {'results': [{'gender': 'female', 'name': {'title': 'Miss', 'first': 'Eugenia', 'last': 'Lucero'}, 'location': {'street': {'number': 9294, 'name': 'Ampliación Baja California'}, 'city': 'Loza de los P...</msg>
<var>${json_data}</var>
<arg>${response.json()}</arg>
<doc>Returns the given values which can then be assigned to a variables.</doc>
<status status="PASS" start="2024-06-27T14:14:08.274105" elapsed="0.000605"/>
</kw>
<kw name="Log" owner="BuiltIn">
<msg time="2024-06-27T14:14:08.275189" level="INFO">{'results': [{'gender': 'female', 'name': {'title': 'Miss', 'first': 'Eugenia', 'last': 'Lucero'}, 'location': {'street': {'number': 9294, 'name': 'Ampliación Baja California'}, 'city': 'Loza de los Padres (La Loza)', 'state': 'Durango', 'country': 'Mexico', 'postcode': 44365, 'coordinates': {'latitude': '23.2705', 'longitude': '103.1952'}, 'timezone': {'offset': '-10:00', 'description': 'Hawaii'}}, 'email': 'eugenia.lucero@example.com', 'login': {'uuid': '6721e074-6feb-4b0d-a739-2b9ba3d020c6', 'username': 'organicdog742', 'password': 'cars', 'salt': '93RSa1xC', 'md5': '49495bb7eb4a91f0d599aaa43907e0c4', 'sha1': '58f90ac6937db0f1fe82557bc3c7dc61d8830ea6', 'sha256': 'e0f9ffbc68b1913283900308adf9174ab63700f20a566007e25042e494210de7'}, 'dob': {'date': '1980-02-07T17:46:24.306Z', 'age': 44}, 'registered': {'date': '2017-03-22T20:04:31.679Z', 'age': 7}, 'phone': '(628) 010 7439', 'cell': '(608) 977 8785', 'id': {'name': 'NSS', 'value': '63 77 66 0602 9'}, 'picture': {'large': 'https://randomuser.me/api/portraits/women/61.jpg', 'medium': 'https://randomuser.me/api/portraits/med/women/61.jpg', 'thumbnail': 'https://randomuser.me/api/portraits/thumb/women/61.jpg'}, 'nat': 'MX'}], 'info': {'seed': '6e5f1c004dcaf53e', 'results': 1, 'page': 1, 'version': '1.4'}}</msg>
<arg>${json_data}</arg>
<doc>Logs the given message with the given level.</doc>
<status status="PASS" start="2024-06-27T14:14:08.275025" elapsed="0.000213"/>
</kw>
<kw name="Should Be String" owner="String">
<arg>${json_data['results'][0]['gender']}</arg>
<doc>Fails if the given ``item`` is not a string.</doc>
<status status="PASS" start="2024-06-27T14:14:08.275578" elapsed="0.000364"/>
</kw>
<kw name="Should Match Regexp" owner="BuiltIn">
<arg>${json_data['results'][0]['email']}</arg>
<arg>^[a-zA-Z0-9._%+-]+@[a-zA-Z0-9.-]+\.[a-zA-Z]{2,}$</arg>
<doc>Fails if ``string`` does not match ``pattern`` as a regular expression.</doc>
<status status="PASS" start="2024-06-27T14:14:08.276132" elapsed="0.000562"/>
</kw>
<kw name="Should Match Regexp" owner="BuiltIn">
<arg>${json_data['results'][0]['dob']['date']}</arg>
<arg>\\d{4}-\\d{2}-\\d{2}T\\d{2}:\\d{2}:\\d{2}\\.\\d{3}Z</arg>
<doc>Fails if ``string`` does not match ``pattern`` as a regular expression.</doc>
<status status="PASS" start="2024-06-27T14:14:08.276887" elapsed="0.000488"/>
</kw>
<kw name="Should Match Regexp" owner="BuiltIn">
<arg>${json_data['results'][0]['registered']['date']}</arg>
<arg>\\d{4}-\\d{2}-\\d{2}T\\d{2}:\\d{2}:\\d{2}\\.\\d{3}Z</arg>
<doc>Fails if ``string`` does not match ``pattern`` as a regular expression.</doc>
<status status="PASS" start="2024-06-27T14:14:08.277565" elapsed="0.000367"/>
</kw>
<kw name="Should Match Regexp" owner="BuiltIn">
<arg>${json_data['results'][0]['picture']['large']}</arg>
<arg>^https?://.*\.(?:png|jpe?g|gif|bmp)$</arg>
<doc>Fails if ``string`` does not match ``pattern`` as a regular expression.</doc>
<status status="PASS" start="2024-06-27T14:14:08.278113" elapsed="0.000458"/>
</kw>
<kw name="Should Match Regexp" owner="BuiltIn">
<arg>${json_data['results'][0]['picture']['medium']}</arg>
<arg>^https?://.*\.(?:png|jpe?g|gif|bmp)$</arg>
<doc>Fails if ``string`` does not match ``pattern`` as a regular expression.</doc>
<status status="PASS" start="2024-06-27T14:14:08.278754" elapsed="0.000344"/>
</kw>
<kw name="Should Match Regexp" owner="BuiltIn">
<arg>${json_data['results'][0]['picture']['thumbnail']}</arg>
<arg>^https?://.*\.(?:png|jpe?g|gif|bmp)$</arg>
<doc>Fails if ``string`` does not match ``pattern`` as a regular expression.</doc>
<status status="PASS" start="2024-06-27T14:14:08.279277" elapsed="0.000389"/>
</kw>
<kw name="Log" owner="BuiltIn">
<msg time="2024-06-27T14:14:08.280191" level="INFO">{'large': 'https://randomuser.me/api/portraits/women/61.jpg', 'medium': 'https://randomuser.me/api/portraits/med/women/61.jpg', 'thumbnail': 'https://randomuser.me/api/portraits/thumb/women/61.jpg'}</msg>
<arg>${json_data['results'][0]['picture']}</arg>
<doc>Logs the given message with the given level.</doc>
<status status="PASS" start="2024-06-27T14:14:08.279851" elapsed="0.000383"/>
</kw>
<status status="PASS" start="2024-06-27T14:14:08.172671" elapsed="0.107825"/>
</kw>
<kw name="Teste de Tipos de Dados - Postcode" owner="random-user-service">
<kw name="GET On Session" owner="RequestsLibrary">
<msg time="2024-06-27T14:14:08.371208" level="INFO">GET Request : url=https://randomuser.me/api 
 path_url=/api 
 headers={'User-Agent': 'python-requests/2.32.3', 'Accept-Encoding': 'gzip, deflate', 'Accept': '*/*', 'Connection': 'keep-alive'} 
 body=None 
 </msg>
<msg time="2024-06-27T14:14:08.371312" level="INFO">GET Response : url=https://randomuser.me/api 
 status=200, reason=OK 
 headers={'Date': 'Thu, 27 Jun 2024 14:14:08 GMT', 'Content-Type': 'application/json; charset=utf-8', 'Transfer-Encoding': 'chunked', 'Connection': 'keep-alive', 'X-Powered-By': 'Express', 'Access-Control-Allow-Origin': '*', 'Cache-Control': 'no-cache', 'ETag': 'W/"495-QkKXQvCAKFhDHXAC5AdCN/7l+HE"', 'Vary': 'Accept-Encoding', 'Content-Encoding': 'gzip', 'CF-Cache-Status': 'DYNAMIC', 'Report-To': '{"endpoints":[{"url":"https:\\/\\/a.nel.cloudflare.com\\/report\\/v4?s=YcBZuFV8t7ItV4HG2crz9ZV61xK%2F2FkYkeV4EhXq50k4A39SNtrQLrz9IGVlBGczHUy0X1PZAQl7Me2kMvLqlZrfx6du504IENGgaUzck11zoUOAvTkUosv16i82e4av"}],"group":"cf-nel","max_age":604800}', 'NEL': '{"success_fraction":0,"report_to":"cf-nel","max_age":604800}', 'Server': 'cloudflare', 'CF-RAY': '89a60aadc8711696-SJC', 'alt-svc': 'h3=":443"; ma=86400'} 
 body={"results":[{"gender":"female","name":{"title":"Ms","first":"Lisa","last":"Flaig"},"location":{"street":{"number":4063,"name":"Heideweg"},"city":"Wunstorf","state":"Mecklenburg-Vorpommern","country":"Germany","postcode":62105,"coordinates":{"latitude":"-51.5415","longitude":"76.6611"},"timezone":{"offset":"-1:00","description":"Azores, Cape Verde Islands"}},"email":"lisa.flaig@example.com","login":{"uuid":"93f666f7-9de5-4c91-8ae1-d7dad6ff6939","username":"beautifulswan549","password":"tiger1","salt":"15uVKftM","md5":"6bd8d5187b0555bc4c16ca65f9a39ec3","sha1":"0412fc4d8100d6ad8fe3af8366bc58fab6ab20a1","sha256":"bf00c41d228fc66d877e87098f738aff79febbcc3405a312786683bba1a10c25"},"dob":{"date":"1992-08-20T22:54:10.519Z","age":31},"registered":{"date":"2014-11-11T17:40:13.315Z","age":9},"phone":"0499-4626876","cell":"0173-4436152","id":{"name":"SVNR","value":"44 200892 F 788"},"picture":{"large":"https://randomuser.me/api/portraits/women/79.jpg","medium":"https://randomuser.me/api/portraits/med/women/79.jpg","thumbnail":"https://randomuser.me/api/portraits/thumb/women/79.jpg"},"nat":"DE"}],"info":{"seed":"4a91623add61d172","results":1,"page":1,"version":"1.4"}} 
 </msg>
<msg time="2024-06-27T14:14:08.371422" level="INFO">/opt/hostedtoolcache/Python/3.12.4/x64/lib/python3.12/site-packages/urllib3/connectionpool.py:1099: InsecureRequestWarning: Unverified HTTPS request is being made to host 'randomuser.me'. Adding certificate verification is strongly advised. See: https://urllib3.readthedocs.io/en/latest/advanced-usage.html#tls-warnings
  warnings.warn(</msg>
<msg time="2024-06-27T14:14:08.371559" level="INFO">${response} = &lt;Response [200]&gt;</msg>
<var>${response}</var>
<arg>consultarAPI</arg>
<arg>/api</arg>
<doc>Sends a GET request on a previously created HTTP Session.</doc>
<status status="PASS" start="2024-06-27T14:14:08.280945" elapsed="0.090665"/>
</kw>
<kw name="Set Variable" owner="BuiltIn">
<msg time="2024-06-27T14:14:08.372848" level="INFO">${json_data} = {'results': [{'gender': 'female', 'name': {'title': 'Ms', 'first': 'Lisa', 'last': 'Flaig'}, 'location': {'street': {'number': 4063, 'name': 'Heideweg'}, 'city': 'Wunstorf', 'state': 'Mecklenburg-Vorp...</msg>
<var>${json_data}</var>
<arg>${response.json()}</arg>
<doc>Returns the given values which can then be assigned to a variables.</doc>
<status status="PASS" start="2024-06-27T14:14:08.372265" elapsed="0.000612"/>
</kw>
<kw name="Log" owner="BuiltIn">
<msg time="2024-06-27T14:14:08.373341" level="INFO">{'results': [{'gender': 'female', 'name': {'title': 'Ms', 'first': 'Lisa', 'last': 'Flaig'}, 'location': {'street': {'number': 4063, 'name': 'Heideweg'}, 'city': 'Wunstorf', 'state': 'Mecklenburg-Vorpommern', 'country': 'Germany', 'postcode': 62105, 'coordinates': {'latitude': '-51.5415', 'longitude': '76.6611'}, 'timezone': {'offset': '-1:00', 'description': 'Azores, Cape Verde Islands'}}, 'email': 'lisa.flaig@example.com', 'login': {'uuid': '93f666f7-9de5-4c91-8ae1-d7dad6ff6939', 'username': 'beautifulswan549', 'password': 'tiger1', 'salt': '15uVKftM', 'md5': '6bd8d5187b0555bc4c16ca65f9a39ec3', 'sha1': '0412fc4d8100d6ad8fe3af8366bc58fab6ab20a1', 'sha256': 'bf00c41d228fc66d877e87098f738aff79febbcc3405a312786683bba1a10c25'}, 'dob': {'date': '1992-08-20T22:54:10.519Z', 'age': 31}, 'registered': {'date': '2014-11-11T17:40:13.315Z', 'age': 9}, 'phone': '0499-4626876', 'cell': '0173-4436152', 'id': {'name': 'SVNR', 'value': '44 200892 F 788'}, 'picture': {'large': 'https://randomuser.me/api/portraits/women/79.jpg', 'medium': 'https://randomuser.me/api/portraits/med/women/79.jpg', 'thumbnail': 'https://randomuser.me/api/portraits/thumb/women/79.jpg'}, 'nat': 'DE'}], 'info': {'seed': '4a91623add61d172', 'results': 1, 'page': 1, 'version': '1.4'}}</msg>
<arg>${json_data}</arg>
<doc>Logs the given message with the given level.</doc>
<status status="PASS" start="2024-06-27T14:14:08.373187" elapsed="0.000200"/>
</kw>
<kw name="Should Be Equal As Numbers" owner="BuiltIn">
<arg>${json_data['results'][0]['location']['postcode']}</arg>
<arg>${json_data['results'][0]['location']['postcode']}</arg>
<doc>Fails if objects are unequal after converting them to real numbers.</doc>
<status status="PASS" start="2024-06-27T14:14:08.373679" elapsed="0.000630"/>
</kw>
<kw name="Log" owner="BuiltIn">
<msg time="2024-06-27T14:14:08.375008" level="INFO">62105</msg>
<arg>${json_data['results'][0]['location']['postcode']}</arg>
<doc>Logs the given message with the given level.</doc>
<status status="PASS" start="2024-06-27T14:14:08.374508" elapsed="0.000574"/>
</kw>
<status status="PASS" start="2024-06-27T14:14:08.280720" elapsed="0.094655"/>
</kw>
<doc>Testa se os tipos de dados na resposta da API estão corretos.</doc>
<tag>testeTiposDados</tag>
<status status="PASS" start="2024-06-27T14:14:08.172217" elapsed="0.203338"/>
</test>
<test id="s1-s1-t5" name="Validar conteudo" line="35">
<kw name="Teste de Tipos de Conteudo" owner="random-user-service">
<kw name="GET On Session" owner="RequestsLibrary">
<msg time="2024-06-27T14:14:08.470313" level="INFO">GET Request : url=https://randomuser.me/api 
 path_url=/api 
 headers={'User-Agent': 'python-requests/2.32.3', 'Accept-Encoding': 'gzip, deflate', 'Accept': '*/*', 'Connection': 'keep-alive'} 
 body=None 
 </msg>
<msg time="2024-06-27T14:14:08.470423" level="INFO">GET Response : url=https://randomuser.me/api 
 status=200, reason=OK 
 headers={'Date': 'Thu, 27 Jun 2024 14:14:08 GMT', 'Content-Type': 'application/json; charset=utf-8', 'Transfer-Encoding': 'chunked', 'Connection': 'keep-alive', 'X-Powered-By': 'Express', 'Access-Control-Allow-Origin': '*', 'Cache-Control': 'no-cache', 'ETag': 'W/"46e-zAkPbb81NNFZNem81PC6u/EO6jA"', 'Vary': 'Accept-Encoding', 'Content-Encoding': 'gzip', 'CF-Cache-Status': 'DYNAMIC', 'Report-To': '{"endpoints":[{"url":"https:\\/\\/a.nel.cloudflare.com\\/report\\/v4?s=7hjqEdesd5GXI40ehfbjW9yaXsFsHxytxouxQIBBHzjG31Y3YjAH0Dtvkl%2FZedRSk5MIZWN7wqQ1zW7BiuE3GGzGgkyM2a8FoNxSRv%2BiVpOdS1bfVv%2Ber48RJ3RNmduB"}],"group":"cf-nel","max_age":604800}', 'NEL': '{"success_fraction":0,"report_to":"cf-nel","max_age":604800}', 'Server': 'cloudflare', 'CF-RAY': '89a60aae58f21696-SJC', 'alt-svc': 'h3=":443"; ma=86400'} 
 body={"results":[{"gender":"male","name":{"title":"Mr","first":"Zoran","last":"Šakić"},"location":{"street":{"number":4310,"name":"Bulevar Mladih"},"city":"Ćuprija","state":"Nišava","country":"Serbia","postcode":67793,"coordinates":{"latitude":"60.4527","longitude":"-177.6915"},"timezone":{"offset":"+3:30","description":"Tehran"}},"email":"zoran.sakic@example.com","login":{"uuid":"fa96135a-244b-497d-94d7-e198704c09da","username":"smallladybug887","password":"craving","salt":"jrpTLDZu","md5":"e3134efde9571f672be756d538cd5960","sha1":"f9acbddf0487a3fe61f0ef79f0fab2993a58a08e","sha256":"91f8718d746d63e5d018222159727d4437d0c3d507fb4645e8f8dbeb2a85682b"},"dob":{"date":"1950-08-30T20:10:45.584Z","age":73},"registered":{"date":"2013-08-27T01:56:00.949Z","age":10},"phone":"020-2706-861","cell":"068-3919-095","id":{"name":"SID","value":"230235967"},"picture":{"large":"https://randomuser.me/api/portraits/men/53.jpg","medium":"https://randomuser.me/api/portraits/med/men/53.jpg","thumbnail":"https://randomuser.me/api/portraits/thumb/men/53.jpg"},"nat":"RS"}],"info":{"seed":"19ae432d7914705b","results":1,"page":1,"version":"1.4"}} 
 </msg>
<msg time="2024-06-27T14:14:08.470501" level="INFO">/opt/hostedtoolcache/Python/3.12.4/x64/lib/python3.12/site-packages/urllib3/connectionpool.py:1099: InsecureRequestWarning: Unverified HTTPS request is being made to host 'randomuser.me'. Adding certificate verification is strongly advised. See: https://urllib3.readthedocs.io/en/latest/advanced-usage.html#tls-warnings
  warnings.warn(</msg>
<msg time="2024-06-27T14:14:08.470624" level="INFO">${response} = &lt;Response [200]&gt;</msg>
<var>${response}</var>
<arg>consultarAPI</arg>
<arg>/api</arg>
<doc>Sends a GET request on a previously created HTTP Session.</doc>
<status status="PASS" start="2024-06-27T14:14:08.378454" elapsed="0.092212"/>
</kw>
<kw name="Set Variable" owner="BuiltIn">
<msg time="2024-06-27T14:14:08.471945" level="INFO">${json_data} = {'results': [{'gender': 'male', 'name': {'title': 'Mr', 'first': 'Zoran', 'last': 'Šakić'}, 'location': {'street': {'number': 4310, 'name': 'Bulevar Mladih'}, 'city': 'Ćuprija', 'state': 'Nišava', 'co...</msg>
<var>${json_data}</var>
<arg>${response.json()}</arg>
<doc>Returns the given values which can then be assigned to a variables.</doc>
<status status="PASS" start="2024-06-27T14:14:08.471315" elapsed="0.000662"/>
</kw>
<kw name="Set Variable" owner="BuiltIn">
<msg time="2024-06-27T14:14:08.472673" level="INFO">${name_title} = Mr</msg>
<var>${name_title}</var>
<arg>${json_data["results"][0]["name"]["title"]}</arg>
<doc>Returns the given values which can then be assigned to a variables.</doc>
<status status="PASS" start="2024-06-27T14:14:08.472288" elapsed="0.000410"/>
</kw>
<kw name="Create List" owner="BuiltIn">
<msg time="2024-06-27T14:14:08.473141" level="INFO">${allowed_titles} = ['Mr', 'Ms', 'Miss', 'Mrs', 'Madame', 'Monsieur']</msg>
<var>${allowed_titles}</var>
<arg>Mr</arg>
<arg>Ms</arg>
<arg>Miss</arg>
<arg>Mrs</arg>
<arg>Madame</arg>
<arg>Monsieur</arg>
<doc>Returns a list containing given items.</doc>
<status status="PASS" start="2024-06-27T14:14:08.472995" elapsed="0.000169"/>
</kw>
<kw name="List Should Contain Value" owner="Collections">
<arg>${allowed_titles}</arg>
<arg>${name_title}</arg>
<doc>Fails if the ``value`` is not found from ``list``.</doc>
<status status="PASS" start="2024-06-27T14:14:08.473460" elapsed="0.000185"/>
</kw>
<kw name="Set Variable" owner="BuiltIn">
<msg time="2024-06-27T14:14:08.474188" level="INFO">${name_country} = RS</msg>
<var>${name_country}</var>
<arg>${json_data["results"][0]["nat"]}</arg>
<doc>Returns the given values which can then be assigned to a variables.</doc>
<status status="PASS" start="2024-06-27T14:14:08.473824" elapsed="0.000389"/>
</kw>
<kw name="Create List" owner="BuiltIn">
<msg time="2024-06-27T14:14:08.475102" level="INFO">${list_country} = ['AD', 'AE', 'AF', 'AG', 'AI', 'AL', 'AM', 'AO', 'AQ', 'AR', 'AS', 'AT', 'AU', 'AW', 'AX', 'AZ', 'BA', 'BB', 'BD', 'BE', 'BF', 'BG', 'BH', 'BI', 'BJ', 'BL', 'BM', 'BN', 'BO', 'BQ', 'BR', 'BS', 'BT', '...</msg>
<var>${list_country}</var>
<arg>AD</arg>
<arg>AE</arg>
<arg>AF</arg>
<arg>AG</arg>
<arg>AI</arg>
<arg>AL</arg>
<arg>AM</arg>
<arg>AO</arg>
<arg>AQ</arg>
<arg>AR</arg>
<arg>AS</arg>
<arg>AT</arg>
<arg>AU</arg>
<arg>AW</arg>
<arg>AX</arg>
<arg>AZ</arg>
<arg>BA</arg>
<arg>BB</arg>
<arg>BD</arg>
<arg>BE</arg>
<arg>BF</arg>
<arg>BG</arg>
<arg>BH</arg>
<arg>BI</arg>
<arg>BJ</arg>
<arg>BL</arg>
<arg>BM</arg>
<arg>BN</arg>
<arg>BO</arg>
<arg>BQ</arg>
<arg>BR</arg>
<arg>BS</arg>
<arg>BT</arg>
<arg>BV</arg>
<arg>BW</arg>
<arg>BY</arg>
<arg>BZ</arg>
<arg>CA</arg>
<arg>CC</arg>
<arg>CD</arg>
<arg>CF</arg>
<arg>CG</arg>
<arg>CH</arg>
<arg>CI</arg>
<arg>CK</arg>
<arg>CL</arg>
<arg>CM</arg>
<arg>CN</arg>
<arg>CO</arg>
<arg>CR</arg>
<arg>CU</arg>
<arg>CV</arg>
<arg>CW</arg>
<arg>CX</arg>
<arg>CY</arg>
<arg>CZ</arg>
<arg>DE</arg>
<arg>DJ</arg>
<arg>DK</arg>
<arg>DM</arg>
<arg>DO</arg>
<arg>DZ</arg>
<arg>EC</arg>
<arg>EE</arg>
<arg>EG</arg>
<arg>EH</arg>
<arg>ER</arg>
<arg>ES</arg>
<arg>ET</arg>
<arg>FI</arg>
<arg>FJ</arg>
<arg>FK</arg>
<arg>FM</arg>
<arg>FO</arg>
<arg>FR</arg>
<arg>GA</arg>
<arg>GB</arg>
<arg>GD</arg>
<arg>GE</arg>
<arg>GF</arg>
<arg>GG</arg>
<arg>GH</arg>
<arg>GI</arg>
<arg>GL</arg>
<arg>GM</arg>
<arg>GN</arg>
<arg>GP</arg>
<arg>GQ</arg>
<arg>GR</arg>
<arg>GS</arg>
<arg>GT</arg>
<arg>GU</arg>
<arg>GW</arg>
<arg>GY</arg>
<arg>HK</arg>
<arg>HM</arg>
<arg>HN</arg>
<arg>HR</arg>
<arg>HT</arg>
<arg>HU</arg>
<arg>ID</arg>
<arg>IE</arg>
<arg>IL</arg>
<arg>IM</arg>
<arg>IN</arg>
<arg>IO</arg>
<arg>IQ</arg>
<arg>IR</arg>
<arg>IS</arg>
<arg>IT</arg>
<arg>JE</arg>
<arg>JM</arg>
<arg>JO</arg>
<arg>JP</arg>
<arg>KE</arg>
<arg>KG</arg>
<arg>KH</arg>
<arg>KI</arg>
<arg>KM</arg>
<arg>KN</arg>
<arg>KP</arg>
<arg>KR</arg>
<arg>KW</arg>
<arg>KY</arg>
<arg>KZ</arg>
<arg>LA</arg>
<arg>LB</arg>
<arg>LC</arg>
<arg>LI</arg>
<arg>LK</arg>
<arg>LR</arg>
<arg>LS</arg>
<arg>LT</arg>
<arg>LU</arg>
<arg>LV</arg>
<arg>LY</arg>
<arg>MA</arg>
<arg>MC</arg>
<arg>MD</arg>
<arg>ME</arg>
<arg>MF</arg>
<arg>MG</arg>
<arg>MH</arg>
<arg>MK</arg>
<arg>ML</arg>
<arg>MM</arg>
<arg>MN</arg>
<arg>MO</arg>
<arg>MP</arg>
<arg>MQ</arg>
<arg>MR</arg>
<arg>MS</arg>
<arg>MT</arg>
<arg>MU</arg>
<arg>MV</arg>
<arg>MW</arg>
<arg>MX</arg>
<arg>MY</arg>
<arg>MZ</arg>
<arg>NA</arg>
<arg>NC</arg>
<arg>NE</arg>
<arg>NF</arg>
<arg>NG</arg>
<arg>NI</arg>
<arg>NL</arg>
<arg>NO</arg>
<arg>NP</arg>
<arg>NR</arg>
<arg>NU</arg>
<arg>NZ</arg>
<arg>OM</arg>
<arg>PA</arg>
<arg>PE</arg>
<arg>PF</arg>
<arg>PG</arg>
<arg>PH</arg>
<arg>PK</arg>
<arg>PL</arg>
<arg>PM</arg>
<arg>PN</arg>
<arg>PR</arg>
<arg>PS</arg>
<arg>PT</arg>
<arg>PW</arg>
<arg>PY</arg>
<arg>QA</arg>
<arg>RE</arg>
<arg>RO</arg>
<arg>RS</arg>
<arg>RU</arg>
<arg>RW</arg>
<arg>SA</arg>
<arg>SB</arg>
<arg>SC</arg>
<arg>SD</arg>
<arg>SE</arg>
<arg>SG</arg>
<arg>SH</arg>
<arg>SI</arg>
<arg>SJ</arg>
<arg>SK</arg>
<arg>SL</arg>
<arg>SM</arg>
<arg>SN</arg>
<arg>SO</arg>
<arg>SR</arg>
<arg>SS</arg>
<arg>ST</arg>
<arg>SV</arg>
<arg>SX</arg>
<arg>SY</arg>
<arg>SZ</arg>
<arg>TC</arg>
<arg>TD</arg>
<arg>TF</arg>
<arg>TG</arg>
<arg>TH</arg>
<arg>TJ</arg>
<arg>TK</arg>
<arg>TL</arg>
<arg>TM</arg>
<arg>TN</arg>
<arg>TO</arg>
<arg>TR</arg>
<arg>TT</arg>
<arg>TV</arg>
<arg>TW</arg>
<arg>TZ</arg>
<arg>UA</arg>
<arg>UG</arg>
<arg>UM</arg>
<arg>US</arg>
<arg>UY</arg>
<arg>UZ</arg>
<arg>VA</arg>
<arg>VC</arg>
<arg>VE</arg>
<arg>VG</arg>
<arg>VI</arg>
<arg>VN</arg>
<arg>VU</arg>
<arg>WF</arg>
<arg>WS</arg>
<arg>XK</arg>
<arg>YE</arg>
<arg>YT</arg>
<arg>ZA</arg>
<arg>ZM</arg>
<arg>ZW</arg>
<doc>Returns a list containing given items.</doc>
<status status="PASS" start="2024-06-27T14:14:08.474509" elapsed="0.000618"/>
</kw>
<kw name="List Should Contain Value" owner="Collections">
<arg>${list_country}</arg>
<arg>${name_country}</arg>
<doc>Fails if the ``value`` is not found from ``list``.</doc>
<status status="PASS" start="2024-06-27T14:14:08.475955" elapsed="0.000201"/>
</kw>
<kw name="Run Keyword If" owner="BuiltIn">
<kw name="Should Be True" owner="BuiltIn">
<arg>${True}</arg>
<doc>Fails if the given condition is not true.</doc>
<status status="PASS" start="2024-06-27T14:14:08.477080" elapsed="0.000139"/>
</kw>
<arg>${json_data["results"][0]["location"]["coordinates"]["latitude"]} &gt;= -90 and ${json_data["results"][0]["location"]["coordinates"]["latitude"]} &lt;= 90</arg>
<arg>Should Be True</arg>
<arg>${True}</arg>
<doc>Runs the given keyword with the given arguments, if ``condition`` is true.</doc>
<status status="PASS" start="2024-06-27T14:14:08.476348" elapsed="0.000994"/>
</kw>
<kw name="Run Keyword If" owner="BuiltIn">
<kw name="Should Be True" owner="BuiltIn">
<arg>${True}</arg>
<doc>Fails if the given condition is not true.</doc>
<status status="PASS" start="2024-06-27T14:14:08.478204" elapsed="0.000238"/>
</kw>
<arg>${json_data["results"][0]["location"]["coordinates"]["longitude"]} &gt;= -180 and ${json_data["results"][0]["location"]["coordinates"]["longitude"]} &lt;= 180</arg>
<arg>Should Be True</arg>
<arg>${True}</arg>
<doc>Runs the given keyword with the given arguments, if ``condition`` is true.</doc>
<status status="PASS" start="2024-06-27T14:14:08.477520" elapsed="0.001048"/>
</kw>
<status status="PASS" start="2024-06-27T14:14:08.378073" elapsed="0.100628"/>
</kw>
<doc>Testa o conteúdo específico dos campos retornados pela API.</doc>
<tag>testeConteudo</tag>
<status status="PASS" start="2024-06-27T14:14:08.377401" elapsed="0.101449"/>
</test>
<status status="PASS" start="2024-06-27T14:14:07.391851" elapsed="1.089007"/>
</suite>
<status status="PASS" start="2024-06-27T14:14:07.377252" elapsed="1.108677"/>
</suite>
<statistics>
<total>
<stat pass="5" fail="0" skip="0">All Tests</stat>
</total>
<tag>
<stat pass="1" fail="0" skip="0">testeConteudo</stat>
<stat pass="1" fail="0" skip="0">testeEstruturaResposta</stat>
<stat pass="1" fail="0" skip="0">testeRequisicaoBasica</stat>
<stat pass="1" fail="0" skip="0">testeTiposDados</stat>
</tag>
<suite>
<stat pass="5" fail="0" skip="0" id="s1" name="Tests">Tests</stat>
<stat pass="5" fail="0" skip="0" id="s1-s1" name="Random-User-Test">Tests.Random-User-Test</stat>
</suite>
</statistics>
<errors>
</errors>
</robot>
