<?xml version="1.0" encoding="UTF-8"?>
<robot generator="Robot 7.0.1 (Python 3.12.4 on linux)" generated="2024-07-04T15:15:22.131520" rpa="false" schemaversion="5">
<suite id="s1" name="Tests" source="/home/runner/work/ApiRandomUser/ApiRandomUser/RamdonUser/tests">
<suite id="s1-s1" name="Random-User-Test" source="/home/runner/work/ApiRandomUser/ApiRandomUser/RamdonUser/tests/random-user-test.robot">
<test id="s1-s1-t1" name="Conectar" line="13">
<kw name="Conectar API" owner="random-user-service">
<kw name="Create Session" owner="RequestsLibrary">
<msg time="2024-07-04T15:15:22.537235" level="INFO">Creating Session using : alias=consultarAPI, url=https://randomuser.me/, headers={},                     cookies={}, auth=None, timeout=None, proxies=None, verify=False,                     debug=0 </msg>
<arg>consultarAPI</arg>
<arg>${URL}</arg>
<doc>Create Session: create a HTTP session to a server</doc>
<status status="PASS" start="2024-07-04T15:15:22.537025" elapsed="0.000401"/>
</kw>
<status status="PASS" start="2024-07-04T15:15:22.536001" elapsed="0.001781"/>
</kw>
<status status="PASS" start="2024-07-04T15:15:22.535341" elapsed="0.002628"/>
</test>
<test id="s1-s1-t2" name="Validar retorno 200 e JSON Válido" line="16">
<kw name="Teste de Requisicao Basica" owner="random-user-service">
<kw name="GET On Session" owner="RequestsLibrary">
<msg time="2024-07-04T15:15:22.715482" level="INFO">GET Request : url=https://randomuser.me/api 
 path_url=/api 
 headers={'User-Agent': 'python-requests/2.32.3', 'Accept-Encoding': 'gzip, deflate', 'Accept': '*/*', 'Connection': 'keep-alive'} 
 body=None 
 </msg>
<msg time="2024-07-04T15:15:22.715654" level="INFO">GET Response : url=https://randomuser.me/api 
 status=200, reason=OK 
 headers={'Date': 'Thu, 04 Jul 2024 15:15:22 GMT', 'Content-Type': 'application/json; charset=utf-8', 'Transfer-Encoding': 'chunked', 'Connection': 'keep-alive', 'X-Powered-By': 'Express', 'Access-Control-Allow-Origin': '*', 'Cache-Control': 'no-cache', 'ETag': 'W/"498-fDo/4wndXFBzv+yrw0nKkURnj7U"', 'Vary': 'Accept-Encoding', 'Content-Encoding': 'gzip', 'CF-Cache-Status': 'DYNAMIC', 'Report-To': '{"endpoints":[{"url":"https:\\/\\/a.nel.cloudflare.com\\/report\\/v4?s=ei1LUcDMAcskv01WkgkT0UuzCqSHJnQrO8mlb6%2B4DmGX5EepETTlehDRQyZNL%2FB%2BjJAlomu3HJuo07%2FQGROzCY1r2mqG7x0zEh0NmDH%2BEtdzYH%2Bl2Dvx2AD7oyc1onl2"}],"group":"cf-nel","max_age":604800}', 'NEL': '{"success_fraction":0,"report_to":"cf-nel","max_age":604800}', 'Server': 'cloudflare', 'CF-RAY': '89e01201f8712344-SJC', 'alt-svc': 'h3=":443"; ma=86400'} 
 body={"results":[{"gender":"male","name":{"title":"Mr","first":"Max","last":"Nichols"},"location":{"street":{"number":9143,"name":"Springfield Road"},"city":"Chichester","state":"Fife","country":"United Kingdom","postcode":"DW9Y 5BD","coordinates":{"latitude":"-4.7761","longitude":"-111.1405"},"timezone":{"offset":"+4:00","description":"Abu Dhabi, Muscat, Baku, Tbilisi"}},"email":"max.nichols@example.com","login":{"uuid":"aa9eb35c-f6d4-492e-b116-b60efc92259a","username":"biggorilla759","password":"antelope","salt":"8A2sJj5D","md5":"55efa8ae3be02e617ce697c0bdc3e01b","sha1":"b8587904f6eb57b5e40ca64796b881affd761156","sha256":"d25eb6a3187496edf6ec1ebdb34733947d2e42d2399f25ab3fe0dab1ca584f7e"},"dob":{"date":"1967-04-29T22:56:13.191Z","age":57},"registered":{"date":"2002-06-15T22:13:33.963Z","age":22},"phone":"015395 78046","cell":"07139 722603","id":{"name":"NINO","value":"EN 74 86 53 A"},"picture":{"large":"https://randomuser.me/api/portraits/men/88.jpg","medium":"https://randomuser.me/api/portraits/med/men/88.jpg","thumbnail":"https://randomuser.me/api/portraits/thumb/men/88.jpg"},"nat":"GB"}],"info":{"seed":"118c63fcd041ea5c","results":1,"page":1,"version":"1.4"}} 
 </msg>
<msg time="2024-07-04T15:15:22.715744" level="INFO">/opt/hostedtoolcache/Python/3.12.4/x64/lib/python3.12/site-packages/urllib3/connectionpool.py:1099: InsecureRequestWarning: Unverified HTTPS request is being made to host 'randomuser.me'. Adding certificate verification is strongly advised. See: https://urllib3.readthedocs.io/en/latest/advanced-usage.html#tls-warnings
  warnings.warn(</msg>
<msg time="2024-07-04T15:15:22.715905" level="INFO">${response} = &lt;Response [200]&gt;</msg>
<var>${response}</var>
<arg>consultarAPI</arg>
<arg>/api</arg>
<doc>Sends a GET request on a previously created HTTP Session.</doc>
<status status="PASS" start="2024-07-04T15:15:22.540624" elapsed="0.175334"/>
</kw>
<kw name="Should Be Equal As Numbers" owner="BuiltIn">
<msg time="2024-07-04T15:15:22.717026" level="INFO">Argument types are:
&lt;class 'int'&gt;
&lt;class 'str'&gt;</msg>
<arg>${response.status_code}</arg>
<arg>200</arg>
<doc>Fails if objects are unequal after converting them to real numbers.</doc>
<status status="PASS" start="2024-07-04T15:15:22.716551" elapsed="0.000539"/>
</kw>
<kw name="Log" owner="BuiltIn">
<msg time="2024-07-04T15:15:22.717763" level="INFO">200</msg>
<arg>${response.status_code}</arg>
<doc>Logs the given message with the given level.</doc>
<status status="PASS" start="2024-07-04T15:15:22.717410" elapsed="0.000395"/>
</kw>
<kw name="Set Variable" owner="BuiltIn">
<msg time="2024-07-04T15:15:22.718548" level="INFO">${json_data} = {'results': [{'gender': 'male', 'name': {'title': 'Mr', 'first': 'Max', 'last': 'Nichols'}, 'location': {'street': {'number': 9143, 'name': 'Springfield Road'}, 'city': 'Chichester', 'state': 'Fife', ...</msg>
<var>${json_data}</var>
<arg>${response.json()}</arg>
<doc>Returns the given values which can then be assigned to a variables.</doc>
<status status="PASS" start="2024-07-04T15:15:22.718112" elapsed="0.000465"/>
</kw>
<kw name="Dictionary Should Contain Key" owner="Collections">
<arg>${json_data}</arg>
<arg>results</arg>
<doc>Fails if ``key`` is not found from ``dictionary``.</doc>
<status status="PASS" start="2024-07-04T15:15:22.718877" elapsed="0.000183"/>
</kw>
<status status="PASS" start="2024-07-04T15:15:22.540376" elapsed="0.178839"/>
</kw>
<doc>Testa se a API responde corretamente e retorna um objeto JSON válido.</doc>
<tag>testeRequisicaoBasica</tag>
<status status="PASS" start="2024-07-04T15:15:22.539802" elapsed="0.179592"/>
</test>
<test id="s1-s1-t3" name="Validar estrutura de resposta" line="22">
<kw name="Teste de Estrutura de Resposta" owner="random-user-service">
<kw name="GET On Session" owner="RequestsLibrary">
<msg time="2024-07-04T15:15:22.814769" level="INFO">GET Request : url=https://randomuser.me/api 
 path_url=/api 
 headers={'User-Agent': 'python-requests/2.32.3', 'Accept-Encoding': 'gzip, deflate', 'Accept': '*/*', 'Connection': 'keep-alive'} 
 body=None 
 </msg>
<msg time="2024-07-04T15:15:22.814884" level="INFO">GET Response : url=https://randomuser.me/api 
 status=200, reason=OK 
 headers={'Date': 'Thu, 04 Jul 2024 15:15:22 GMT', 'Content-Type': 'application/json; charset=utf-8', 'Transfer-Encoding': 'chunked', 'Connection': 'keep-alive', 'X-Powered-By': 'Express', 'Access-Control-Allow-Origin': '*', 'Cache-Control': 'no-cache', 'ETag': 'W/"48c-/wrjaTV8zEhKO0MEfpAJORg01fg"', 'Vary': 'Accept-Encoding', 'Content-Encoding': 'gzip', 'CF-Cache-Status': 'DYNAMIC', 'Report-To': '{"endpoints":[{"url":"https:\\/\\/a.nel.cloudflare.com\\/report\\/v4?s=xcb%2BjX6uVQ%2Bo6z6CGU01P0NzlOeRHrRMO5PRX9K5ndu60wiQ3WbAoClMzi%2BxHdY57BMqVKWbyBqvMbNd7Fa%2B8rXzwx7GgnleTSsTIni3l%2BO2pO9FEqsr8LjKzwN9%2FWe%2F"}],"group":"cf-nel","max_age":604800}', 'NEL': '{"success_fraction":0,"report_to":"cf-nel","max_age":604800}', 'Server': 'cloudflare', 'CF-RAY': '89e01203093b2344-SJC', 'alt-svc': 'h3=":443"; ma=86400'} 
 body={"results":[{"gender":"female","name":{"title":"Ms","first":"Magdalena","last":"Uzelac"},"location":{"street":{"number":5822,"name":"Lukićeva"},"city":"Leposavić","state":"Braničevo","country":"Serbia","postcode":50700,"coordinates":{"latitude":"59.3597","longitude":"25.4525"},"timezone":{"offset":"-1:00","description":"Azores, Cape Verde Islands"}},"email":"magdalena.uzelac@example.com","login":{"uuid":"7ef69760-7d56-4786-9022-4713ba2a2fb1","username":"blackfrog497","password":"boyboy","salt":"ZuzBGxeb","md5":"ca74095544d923746abd986523e2db77","sha1":"bdd2ad27b5f78c3b859174e05e6745b3b2387dd0","sha256":"6e570ca75a6182144524469acc4cdfda6b76fb904ddd1d206db30316e8c1ef63"},"dob":{"date":"1950-01-23T20:00:11.254Z","age":74},"registered":{"date":"2006-11-24T08:14:26.232Z","age":17},"phone":"021-6197-100","cell":"069-3328-898","id":{"name":"SID","value":"936596362"},"picture":{"large":"https://randomuser.me/api/portraits/women/69.jpg","medium":"https://randomuser.me/api/portraits/med/women/69.jpg","thumbnail":"https://randomuser.me/api/portraits/thumb/women/69.jpg"},"nat":"RS"}],"info":{"seed":"060cd6e8ee259566","results":1,"page":1,"version":"1.4"}} 
 </msg>
<msg time="2024-07-04T15:15:22.815033" level="INFO">/opt/hostedtoolcache/Python/3.12.4/x64/lib/python3.12/site-packages/urllib3/connectionpool.py:1099: InsecureRequestWarning: Unverified HTTPS request is being made to host 'randomuser.me'. Adding certificate verification is strongly advised. See: https://urllib3.readthedocs.io/en/latest/advanced-usage.html#tls-warnings
  warnings.warn(</msg>
<msg time="2024-07-04T15:15:22.815179" level="INFO">${response} = &lt;Response [200]&gt;</msg>
<var>${response}</var>
<arg>consultarAPI</arg>
<arg>/api</arg>
<doc>Sends a GET request on a previously created HTTP Session.</doc>
<status status="PASS" start="2024-07-04T15:15:22.722111" elapsed="0.093110"/>
</kw>
<kw name="Set Variable" owner="BuiltIn">
<msg time="2024-07-04T15:15:22.816365" level="INFO">${json_data} = {'results': [{'gender': 'female', 'name': {'title': 'Ms', 'first': 'Magdalena', 'last': 'Uzelac'}, 'location': {'street': {'number': 5822, 'name': 'Lukićeva'}, 'city': 'Leposavić', 'state': 'Braničevo...</msg>
<var>${json_data}</var>
<arg>${response.json()}</arg>
<doc>Returns the given values which can then be assigned to a variables.</doc>
<status status="PASS" start="2024-07-04T15:15:22.815779" elapsed="0.000617"/>
</kw>
<kw name="Log" owner="BuiltIn">
<msg time="2024-07-04T15:15:22.816895" level="INFO">{'results': [{'gender': 'female', 'name': {'title': 'Ms', 'first': 'Magdalena', 'last': 'Uzelac'}, 'location': {'street': {'number': 5822, 'name': 'Lukićeva'}, 'city': 'Leposavić', 'state': 'Braničevo', 'country': 'Serbia', 'postcode': 50700, 'coordinates': {'latitude': '59.3597', 'longitude': '25.4525'}, 'timezone': {'offset': '-1:00', 'description': 'Azores, Cape Verde Islands'}}, 'email': 'magdalena.uzelac@example.com', 'login': {'uuid': '7ef69760-7d56-4786-9022-4713ba2a2fb1', 'username': 'blackfrog497', 'password': 'boyboy', 'salt': 'ZuzBGxeb', 'md5': 'ca74095544d923746abd986523e2db77', 'sha1': 'bdd2ad27b5f78c3b859174e05e6745b3b2387dd0', 'sha256': '6e570ca75a6182144524469acc4cdfda6b76fb904ddd1d206db30316e8c1ef63'}, 'dob': {'date': '1950-01-23T20:00:11.254Z', 'age': 74}, 'registered': {'date': '2006-11-24T08:14:26.232Z', 'age': 17}, 'phone': '021-6197-100', 'cell': '069-3328-898', 'id': {'name': 'SID', 'value': '936596362'}, 'picture': {'large': 'https://randomuser.me/api/portraits/women/69.jpg', 'medium': 'https://randomuser.me/api/portraits/med/women/69.jpg', 'thumbnail': 'https://randomuser.me/api/portraits/thumb/women/69.jpg'}, 'nat': 'RS'}], 'info': {'seed': '060cd6e8ee259566', 'results': 1, 'page': 1, 'version': '1.4'}}</msg>
<arg>${json_data}</arg>
<doc>Logs the given message with the given level.</doc>
<status status="PASS" start="2024-07-04T15:15:22.816726" elapsed="0.000219"/>
</kw>
<kw name="Dictionary Should Contain Key" owner="Collections">
<arg>${json_data}</arg>
<arg>results</arg>
<doc>Fails if ``key`` is not found from ``dictionary``.</doc>
<status status="PASS" start="2024-07-04T15:15:22.817246" elapsed="0.000170"/>
</kw>
<kw name="Should Not Be Empty" owner="BuiltIn">
<msg time="2024-07-04T15:15:22.817733" level="INFO">Length is 2.</msg>
<arg>${json_data}</arg>
<doc>Verifies that the given item is not empty.</doc>
<status status="PASS" start="2024-07-04T15:15:22.817599" elapsed="0.000173"/>
</kw>
<kw name="Create List" owner="BuiltIn">
<msg time="2024-07-04T15:15:22.818395" level="INFO">${expected_keys} = ['gender', 'name', 'location', 'email', 'login']</msg>
<var>${expected_keys}</var>
<arg>gender</arg>
<arg>name</arg>
<arg>location</arg>
<arg>email</arg>
<arg>login</arg>
<doc>Returns a list containing given items.</doc>
<status status="PASS" start="2024-07-04T15:15:22.818069" elapsed="0.000351"/>
</kw>
<for flavor="IN">
<iter>
<kw name="Dictionary Should Contain Key" owner="Collections">
<arg>${json_data['results'][0]}</arg>
<arg>${key}</arg>
<doc>Fails if ``key`` is not found from ``dictionary``.</doc>
<status status="PASS" start="2024-07-04T15:15:22.819030" elapsed="0.000408"/>
</kw>
<kw name="Log" owner="BuiltIn">
<msg time="2024-07-04T15:15:22.819994" level="INFO">{'gender': 'female', 'name': {'title': 'Ms', 'first': 'Magdalena', 'last': 'Uzelac'}, 'location': {'street': {'number': 5822, 'name': 'Lukićeva'}, 'city': 'Leposavić', 'state': 'Braničevo', 'country': 'Serbia', 'postcode': 50700, 'coordinates': {'latitude': '59.3597', 'longitude': '25.4525'}, 'timezone': {'offset': '-1:00', 'description': 'Azores, Cape Verde Islands'}}, 'email': 'magdalena.uzelac@example.com', 'login': {'uuid': '7ef69760-7d56-4786-9022-4713ba2a2fb1', 'username': 'blackfrog497', 'password': 'boyboy', 'salt': 'ZuzBGxeb', 'md5': 'ca74095544d923746abd986523e2db77', 'sha1': 'bdd2ad27b5f78c3b859174e05e6745b3b2387dd0', 'sha256': '6e570ca75a6182144524469acc4cdfda6b76fb904ddd1d206db30316e8c1ef63'}, 'dob': {'date': '1950-01-23T20:00:11.254Z', 'age': 74}, 'registered': {'date': '2006-11-24T08:14:26.232Z', 'age': 17}, 'phone': '021-6197-100', 'cell': '069-3328-898', 'id': {'name': 'SID', 'value': '936596362'}, 'picture': {'large': 'https://randomuser.me/api/portraits/women/69.jpg', 'medium': 'https://randomuser.me/api/portraits/med/women/69.jpg', 'thumbnail': 'https://randomuser.me/api/portraits/thumb/women/69.jpg'}, 'nat': 'RS'}</msg>
<arg>${json_data['results'][0]}</arg>
<doc>Logs the given message with the given level.</doc>
<status status="PASS" start="2024-07-04T15:15:22.819624" elapsed="0.000423"/>
</kw>
<kw name="Log" owner="BuiltIn">
<msg time="2024-07-04T15:15:22.820505" level="INFO">gender</msg>
<arg>${key}</arg>
<doc>Logs the given message with the given level.</doc>
<status status="PASS" start="2024-07-04T15:15:22.820377" elapsed="0.000166"/>
</kw>
<var name="${key}">gender</var>
<status status="PASS" start="2024-07-04T15:15:22.818905" elapsed="0.001855"/>
</iter>
<iter>
<kw name="Dictionary Should Contain Key" owner="Collections">
<arg>${json_data['results'][0]}</arg>
<arg>${key}</arg>
<doc>Fails if ``key`` is not found from ``dictionary``.</doc>
<status status="PASS" start="2024-07-04T15:15:22.821059" elapsed="0.000388"/>
</kw>
<kw name="Log" owner="BuiltIn">
<msg time="2024-07-04T15:15:22.821981" level="INFO">{'gender': 'female', 'name': {'title': 'Ms', 'first': 'Magdalena', 'last': 'Uzelac'}, 'location': {'street': {'number': 5822, 'name': 'Lukićeva'}, 'city': 'Leposavić', 'state': 'Braničevo', 'country': 'Serbia', 'postcode': 50700, 'coordinates': {'latitude': '59.3597', 'longitude': '25.4525'}, 'timezone': {'offset': '-1:00', 'description': 'Azores, Cape Verde Islands'}}, 'email': 'magdalena.uzelac@example.com', 'login': {'uuid': '7ef69760-7d56-4786-9022-4713ba2a2fb1', 'username': 'blackfrog497', 'password': 'boyboy', 'salt': 'ZuzBGxeb', 'md5': 'ca74095544d923746abd986523e2db77', 'sha1': 'bdd2ad27b5f78c3b859174e05e6745b3b2387dd0', 'sha256': '6e570ca75a6182144524469acc4cdfda6b76fb904ddd1d206db30316e8c1ef63'}, 'dob': {'date': '1950-01-23T20:00:11.254Z', 'age': 74}, 'registered': {'date': '2006-11-24T08:14:26.232Z', 'age': 17}, 'phone': '021-6197-100', 'cell': '069-3328-898', 'id': {'name': 'SID', 'value': '936596362'}, 'picture': {'large': 'https://randomuser.me/api/portraits/women/69.jpg', 'medium': 'https://randomuser.me/api/portraits/med/women/69.jpg', 'thumbnail': 'https://randomuser.me/api/portraits/thumb/women/69.jpg'}, 'nat': 'RS'}</msg>
<arg>${json_data['results'][0]}</arg>
<doc>Logs the given message with the given level.</doc>
<status status="PASS" start="2024-07-04T15:15:22.821628" elapsed="0.000441"/>
</kw>
<kw name="Log" owner="BuiltIn">
<msg time="2024-07-04T15:15:22.822497" level="INFO">name</msg>
<arg>${key}</arg>
<doc>Logs the given message with the given level.</doc>
<status status="PASS" start="2024-07-04T15:15:22.822369" elapsed="0.000164"/>
</kw>
<var name="${key}">name</var>
<status status="PASS" start="2024-07-04T15:15:22.820942" elapsed="0.001810"/>
</iter>
<iter>
<kw name="Dictionary Should Contain Key" owner="Collections">
<arg>${json_data['results'][0]}</arg>
<arg>${key}</arg>
<doc>Fails if ``key`` is not found from ``dictionary``.</doc>
<status status="PASS" start="2024-07-04T15:15:22.823034" elapsed="0.000373"/>
</kw>
<kw name="Log" owner="BuiltIn">
<msg time="2024-07-04T15:15:22.823936" level="INFO">{'gender': 'female', 'name': {'title': 'Ms', 'first': 'Magdalena', 'last': 'Uzelac'}, 'location': {'street': {'number': 5822, 'name': 'Lukićeva'}, 'city': 'Leposavić', 'state': 'Braničevo', 'country': 'Serbia', 'postcode': 50700, 'coordinates': {'latitude': '59.3597', 'longitude': '25.4525'}, 'timezone': {'offset': '-1:00', 'description': 'Azores, Cape Verde Islands'}}, 'email': 'magdalena.uzelac@example.com', 'login': {'uuid': '7ef69760-7d56-4786-9022-4713ba2a2fb1', 'username': 'blackfrog497', 'password': 'boyboy', 'salt': 'ZuzBGxeb', 'md5': 'ca74095544d923746abd986523e2db77', 'sha1': 'bdd2ad27b5f78c3b859174e05e6745b3b2387dd0', 'sha256': '6e570ca75a6182144524469acc4cdfda6b76fb904ddd1d206db30316e8c1ef63'}, 'dob': {'date': '1950-01-23T20:00:11.254Z', 'age': 74}, 'registered': {'date': '2006-11-24T08:14:26.232Z', 'age': 17}, 'phone': '021-6197-100', 'cell': '069-3328-898', 'id': {'name': 'SID', 'value': '936596362'}, 'picture': {'large': 'https://randomuser.me/api/portraits/women/69.jpg', 'medium': 'https://randomuser.me/api/portraits/med/women/69.jpg', 'thumbnail': 'https://randomuser.me/api/portraits/thumb/women/69.jpg'}, 'nat': 'RS'}</msg>
<arg>${json_data['results'][0]}</arg>
<doc>Logs the given message with the given level.</doc>
<status status="PASS" start="2024-07-04T15:15:22.823586" elapsed="0.000400"/>
</kw>
<kw name="Log" owner="BuiltIn">
<msg time="2024-07-04T15:15:22.824522" level="INFO">location</msg>
<arg>${key}</arg>
<doc>Logs the given message with the given level.</doc>
<status status="PASS" start="2024-07-04T15:15:22.824342" elapsed="0.000233"/>
</kw>
<var name="${key}">location</var>
<status status="PASS" start="2024-07-04T15:15:22.822926" elapsed="0.001942"/>
</iter>
<iter>
<kw name="Dictionary Should Contain Key" owner="Collections">
<arg>${json_data['results'][0]}</arg>
<arg>${key}</arg>
<doc>Fails if ``key`` is not found from ``dictionary``.</doc>
<status status="PASS" start="2024-07-04T15:15:22.825278" elapsed="0.000426"/>
</kw>
<kw name="Log" owner="BuiltIn">
<msg time="2024-07-04T15:15:22.826244" level="INFO">{'gender': 'female', 'name': {'title': 'Ms', 'first': 'Magdalena', 'last': 'Uzelac'}, 'location': {'street': {'number': 5822, 'name': 'Lukićeva'}, 'city': 'Leposavić', 'state': 'Braničevo', 'country': 'Serbia', 'postcode': 50700, 'coordinates': {'latitude': '59.3597', 'longitude': '25.4525'}, 'timezone': {'offset': '-1:00', 'description': 'Azores, Cape Verde Islands'}}, 'email': 'magdalena.uzelac@example.com', 'login': {'uuid': '7ef69760-7d56-4786-9022-4713ba2a2fb1', 'username': 'blackfrog497', 'password': 'boyboy', 'salt': 'ZuzBGxeb', 'md5': 'ca74095544d923746abd986523e2db77', 'sha1': 'bdd2ad27b5f78c3b859174e05e6745b3b2387dd0', 'sha256': '6e570ca75a6182144524469acc4cdfda6b76fb904ddd1d206db30316e8c1ef63'}, 'dob': {'date': '1950-01-23T20:00:11.254Z', 'age': 74}, 'registered': {'date': '2006-11-24T08:14:26.232Z', 'age': 17}, 'phone': '021-6197-100', 'cell': '069-3328-898', 'id': {'name': 'SID', 'value': '936596362'}, 'picture': {'large': 'https://randomuser.me/api/portraits/women/69.jpg', 'medium': 'https://randomuser.me/api/portraits/med/women/69.jpg', 'thumbnail': 'https://randomuser.me/api/portraits/thumb/women/69.jpg'}, 'nat': 'RS'}</msg>
<arg>${json_data['results'][0]}</arg>
<doc>Logs the given message with the given level.</doc>
<status status="PASS" start="2024-07-04T15:15:22.825891" elapsed="0.000405"/>
</kw>
<kw name="Log" owner="BuiltIn">
<msg time="2024-07-04T15:15:22.826725" level="INFO">email</msg>
<arg>${key}</arg>
<doc>Logs the given message with the given level.</doc>
<status status="PASS" start="2024-07-04T15:15:22.826599" elapsed="0.000165"/>
</kw>
<var name="${key}">email</var>
<status status="PASS" start="2024-07-04T15:15:22.825112" elapsed="0.001877"/>
</iter>
<iter>
<kw name="Dictionary Should Contain Key" owner="Collections">
<arg>${json_data['results'][0]}</arg>
<arg>${key}</arg>
<doc>Fails if ``key`` is not found from ``dictionary``.</doc>
<status status="PASS" start="2024-07-04T15:15:22.827283" elapsed="0.000388"/>
</kw>
<kw name="Log" owner="BuiltIn">
<msg time="2024-07-04T15:15:22.828207" level="INFO">{'gender': 'female', 'name': {'title': 'Ms', 'first': 'Magdalena', 'last': 'Uzelac'}, 'location': {'street': {'number': 5822, 'name': 'Lukićeva'}, 'city': 'Leposavić', 'state': 'Braničevo', 'country': 'Serbia', 'postcode': 50700, 'coordinates': {'latitude': '59.3597', 'longitude': '25.4525'}, 'timezone': {'offset': '-1:00', 'description': 'Azores, Cape Verde Islands'}}, 'email': 'magdalena.uzelac@example.com', 'login': {'uuid': '7ef69760-7d56-4786-9022-4713ba2a2fb1', 'username': 'blackfrog497', 'password': 'boyboy', 'salt': 'ZuzBGxeb', 'md5': 'ca74095544d923746abd986523e2db77', 'sha1': 'bdd2ad27b5f78c3b859174e05e6745b3b2387dd0', 'sha256': '6e570ca75a6182144524469acc4cdfda6b76fb904ddd1d206db30316e8c1ef63'}, 'dob': {'date': '1950-01-23T20:00:11.254Z', 'age': 74}, 'registered': {'date': '2006-11-24T08:14:26.232Z', 'age': 17}, 'phone': '021-6197-100', 'cell': '069-3328-898', 'id': {'name': 'SID', 'value': '936596362'}, 'picture': {'large': 'https://randomuser.me/api/portraits/women/69.jpg', 'medium': 'https://randomuser.me/api/portraits/med/women/69.jpg', 'thumbnail': 'https://randomuser.me/api/portraits/thumb/women/69.jpg'}, 'nat': 'RS'}</msg>
<arg>${json_data['results'][0]}</arg>
<doc>Logs the given message with the given level.</doc>
<status status="PASS" start="2024-07-04T15:15:22.827852" elapsed="0.000439"/>
</kw>
<kw name="Log" owner="BuiltIn">
<msg time="2024-07-04T15:15:22.828717" level="INFO">login</msg>
<arg>${key}</arg>
<doc>Logs the given message with the given level.</doc>
<status status="PASS" start="2024-07-04T15:15:22.828590" elapsed="0.000164"/>
</kw>
<var name="${key}">login</var>
<status status="PASS" start="2024-07-04T15:15:22.827166" elapsed="0.001802"/>
</iter>
<var>${key}</var>
<value>@{expected_keys}</value>
<status status="PASS" start="2024-07-04T15:15:22.818702" elapsed="0.010387"/>
</for>
<kw name="Create List" owner="BuiltIn">
<msg time="2024-07-04T15:15:22.829423" level="INFO">${expected_keysTwo} = ['username', 'password']</msg>
<var>${expected_keysTwo}</var>
<arg>username</arg>
<arg>password</arg>
<doc>Returns a list containing given items.</doc>
<status status="PASS" start="2024-07-04T15:15:22.829283" elapsed="0.000193"/>
</kw>
<for flavor="IN">
<iter>
<kw name="Dictionary Should Contain Key" owner="Collections">
<arg>${json_data['results'][0]['login']}</arg>
<arg>${keyTwo}</arg>
<doc>Fails if ``key`` is not found from ``dictionary``.</doc>
<status status="PASS" start="2024-07-04T15:15:22.829997" elapsed="0.000379"/>
</kw>
<kw name="Dictionary Should Contain Key" owner="Collections">
<arg>${json_data['results'][0]['login']}</arg>
<arg>${keyTwo}</arg>
<doc>Fails if ``key`` is not found from ``dictionary``.</doc>
<status status="PASS" start="2024-07-04T15:15:22.830555" elapsed="0.000366"/>
</kw>
<kw name="Log" owner="BuiltIn">
<msg time="2024-07-04T15:15:22.831222" level="INFO">username</msg>
<arg>${keyTwo}</arg>
<doc>Logs the given message with the given level.</doc>
<status status="PASS" start="2024-07-04T15:15:22.831103" elapsed="0.000155"/>
</kw>
<var name="${keyTwo}">username</var>
<status status="PASS" start="2024-07-04T15:15:22.829890" elapsed="0.001589"/>
</iter>
<iter>
<kw name="Dictionary Should Contain Key" owner="Collections">
<arg>${json_data['results'][0]['login']}</arg>
<arg>${keyTwo}</arg>
<doc>Fails if ``key`` is not found from ``dictionary``.</doc>
<status status="PASS" start="2024-07-04T15:15:22.831750" elapsed="0.000388"/>
</kw>
<kw name="Dictionary Should Contain Key" owner="Collections">
<arg>${json_data['results'][0]['login']}</arg>
<arg>${keyTwo}</arg>
<doc>Fails if ``key`` is not found from ``dictionary``.</doc>
<status status="PASS" start="2024-07-04T15:15:22.832359" elapsed="0.000370"/>
</kw>
<kw name="Log" owner="BuiltIn">
<msg time="2024-07-04T15:15:22.833023" level="INFO">password</msg>
<arg>${keyTwo}</arg>
<doc>Logs the given message with the given level.</doc>
<status status="PASS" start="2024-07-04T15:15:22.832904" elapsed="0.000162"/>
</kw>
<var name="${keyTwo}">password</var>
<status status="PASS" start="2024-07-04T15:15:22.831645" elapsed="0.001738"/>
</iter>
<var>${keyTwo}</var>
<value>@{expected_keysTwo}</value>
<status status="PASS" start="2024-07-04T15:15:22.829726" elapsed="0.003778"/>
</for>
<status status="PASS" start="2024-07-04T15:15:22.721867" elapsed="0.111779"/>
</kw>
<doc>Testa a estrutura da resposta da API.</doc>
<tag>testeEstruturaResposta</tag>
<status status="PASS" start="2024-07-04T15:15:22.721327" elapsed="0.112475"/>
</test>
<test id="s1-s1-t4" name="Validar tipos de dados" line="28">
<kw name="Teste de Tipos de Dados" owner="random-user-service">
<kw name="GET On Session" owner="RequestsLibrary">
<msg time="2024-07-04T15:15:22.929234" level="INFO">GET Request : url=https://randomuser.me/api 
 path_url=/api 
 headers={'User-Agent': 'python-requests/2.32.3', 'Accept-Encoding': 'gzip, deflate', 'Accept': '*/*', 'Connection': 'keep-alive'} 
 body=None 
 </msg>
<msg time="2024-07-04T15:15:22.929334" level="INFO">GET Response : url=https://randomuser.me/api 
 status=200, reason=OK 
 headers={'Date': 'Thu, 04 Jul 2024 15:15:22 GMT', 'Content-Type': 'application/json; charset=utf-8', 'Transfer-Encoding': 'chunked', 'Connection': 'keep-alive', 'X-Powered-By': 'Express', 'Access-Control-Allow-Origin': '*', 'Cache-Control': 'no-cache', 'ETag': 'W/"495-GK5513ltuf1dtQLjowEuP9nFa9Y"', 'Vary': 'Accept-Encoding', 'Content-Encoding': 'gzip', 'CF-Cache-Status': 'DYNAMIC', 'Report-To': '{"endpoints":[{"url":"https:\\/\\/a.nel.cloudflare.com\\/report\\/v4?s=WinWAnPIo%2BmoK4aWYBhbvZ9KFWqG8gcmGLsrsSJz7V9tttArF1lvUxuBzzJTC7UJZlH727T7LbKkyBdnyWuAidyGsFwWJryeBtduN58yUVpyJAJo1chv2uYPJJIV2ae6"}],"group":"cf-nel","max_age":604800}', 'NEL': '{"success_fraction":0,"report_to":"cf-nel","max_age":604800}', 'Server': 'cloudflare', 'CF-RAY': '89e01203b99b2344-SJC', 'alt-svc': 'h3=":443"; ma=86400'} 
 body={"results":[{"gender":"male","name":{"title":"Mr","first":"Ishwar","last":"Bangera"},"location":{"street":{"number":5703,"name":"Colaba Causeway"},"city":"Bangalore","state":"Andhra Pradesh","country":"India","postcode":51421,"coordinates":{"latitude":"7.4909","longitude":"-155.6859"},"timezone":{"offset":"-6:00","description":"Central Time (US &amp; Canada), Mexico City"}},"email":"ishwar.bangera@example.com","login":{"uuid":"71393107-3b3b-4eec-8aa8-b1a82dcff0f0","username":"redlion726","password":"packard","salt":"mSoT35Xd","md5":"7b37dbaf77b10b5d02983c3316c4e289","sha1":"f655a59dd283591c7e45b0883c445c75b7f3a683","sha256":"0742b0967dbd95ebbe52a6bba2f9879e0dfb926e760175b1c21ab65953d67490"},"dob":{"date":"1948-08-10T22:23:09.543Z","age":75},"registered":{"date":"2015-12-10T08:40:48.604Z","age":8},"phone":"7879909037","cell":"9778123601","id":{"name":"UIDAI","value":"966511986286"},"picture":{"large":"https://randomuser.me/api/portraits/men/53.jpg","medium":"https://randomuser.me/api/portraits/med/men/53.jpg","thumbnail":"https://randomuser.me/api/portraits/thumb/men/53.jpg"},"nat":"IN"}],"info":{"seed":"3664348c4fa7a6de","results":1,"page":1,"version":"1.4"}} 
 </msg>
<msg time="2024-07-04T15:15:22.929409" level="INFO">/opt/hostedtoolcache/Python/3.12.4/x64/lib/python3.12/site-packages/urllib3/connectionpool.py:1099: InsecureRequestWarning: Unverified HTTPS request is being made to host 'randomuser.me'. Adding certificate verification is strongly advised. See: https://urllib3.readthedocs.io/en/latest/advanced-usage.html#tls-warnings
  warnings.warn(</msg>
<msg time="2024-07-04T15:15:22.929551" level="INFO">${response} = &lt;Response [200]&gt;</msg>
<var>${response}</var>
<arg>consultarAPI</arg>
<arg>/api</arg>
<doc>Sends a GET request on a previously created HTTP Session.</doc>
<status status="PASS" start="2024-07-04T15:15:22.836296" elapsed="0.093302"/>
</kw>
<kw name="Set Variable" owner="BuiltIn">
<msg time="2024-07-04T15:15:22.930632" level="INFO">${json_data} = {'results': [{'gender': 'male', 'name': {'title': 'Mr', 'first': 'Ishwar', 'last': 'Bangera'}, 'location': {'street': {'number': 5703, 'name': 'Colaba Causeway'}, 'city': 'Bangalore', 'state': 'Andhra...</msg>
<var>${json_data}</var>
<arg>${response.json()}</arg>
<doc>Returns the given values which can then be assigned to a variables.</doc>
<status status="PASS" start="2024-07-04T15:15:22.930116" elapsed="0.000545"/>
</kw>
<kw name="Log" owner="BuiltIn">
<msg time="2024-07-04T15:15:22.931137" level="INFO">{'results': [{'gender': 'male', 'name': {'title': 'Mr', 'first': 'Ishwar', 'last': 'Bangera'}, 'location': {'street': {'number': 5703, 'name': 'Colaba Causeway'}, 'city': 'Bangalore', 'state': 'Andhra Pradesh', 'country': 'India', 'postcode': 51421, 'coordinates': {'latitude': '7.4909', 'longitude': '-155.6859'}, 'timezone': {'offset': '-6:00', 'description': 'Central Time (US &amp; Canada), Mexico City'}}, 'email': 'ishwar.bangera@example.com', 'login': {'uuid': '71393107-3b3b-4eec-8aa8-b1a82dcff0f0', 'username': 'redlion726', 'password': 'packard', 'salt': 'mSoT35Xd', 'md5': '7b37dbaf77b10b5d02983c3316c4e289', 'sha1': 'f655a59dd283591c7e45b0883c445c75b7f3a683', 'sha256': '0742b0967dbd95ebbe52a6bba2f9879e0dfb926e760175b1c21ab65953d67490'}, 'dob': {'date': '1948-08-10T22:23:09.543Z', 'age': 75}, 'registered': {'date': '2015-12-10T08:40:48.604Z', 'age': 8}, 'phone': '7879909037', 'cell': '9778123601', 'id': {'name': 'UIDAI', 'value': '966511986286'}, 'picture': {'large': 'https://randomuser.me/api/portraits/men/53.jpg', 'medium': 'https://randomuser.me/api/portraits/med/men/53.jpg', 'thumbnail': 'https://randomuser.me/api/portraits/thumb/men/53.jpg'}, 'nat': 'IN'}], 'info': {'seed': '3664348c4fa7a6de', 'results': 1, 'page': 1, 'version': '1.4'}}</msg>
<arg>${json_data}</arg>
<doc>Logs the given message with the given level.</doc>
<status status="PASS" start="2024-07-04T15:15:22.930978" elapsed="0.000210"/>
</kw>
<kw name="Should Be String" owner="String">
<arg>${json_data['results'][0]['gender']}</arg>
<doc>Fails if the given ``item`` is not a string.</doc>
<status status="PASS" start="2024-07-04T15:15:22.931483" elapsed="0.000373"/>
</kw>
<kw name="Should Match Regexp" owner="BuiltIn">
<arg>${json_data['results'][0]['email']}</arg>
<arg>^[a-zA-Z0-9._%+-]+@[a-zA-Z0-9.-]+\.[a-zA-Z]{2,}$</arg>
<doc>Fails if ``string`` does not match ``pattern`` as a regular expression.</doc>
<status status="PASS" start="2024-07-04T15:15:22.932044" elapsed="0.000590"/>
</kw>
<kw name="Should Match Regexp" owner="BuiltIn">
<arg>${json_data['results'][0]['dob']['date']}</arg>
<arg>\\d{4}-\\d{2}-\\d{2}T\\d{2}:\\d{2}:\\d{2}\\.\\d{3}Z</arg>
<doc>Fails if ``string`` does not match ``pattern`` as a regular expression.</doc>
<status status="PASS" start="2024-07-04T15:15:22.932868" elapsed="0.000488"/>
</kw>
<kw name="Should Match Regexp" owner="BuiltIn">
<arg>${json_data['results'][0]['registered']['date']}</arg>
<arg>\\d{4}-\\d{2}-\\d{2}T\\d{2}:\\d{2}:\\d{2}\\.\\d{3}Z</arg>
<doc>Fails if ``string`` does not match ``pattern`` as a regular expression.</doc>
<status status="PASS" start="2024-07-04T15:15:22.933548" elapsed="0.000369"/>
</kw>
<kw name="Should Match Regexp" owner="BuiltIn">
<arg>${json_data['results'][0]['picture']['large']}</arg>
<arg>^https?://.*\.(?:png|jpe?g|gif|bmp)$</arg>
<doc>Fails if ``string`` does not match ``pattern`` as a regular expression.</doc>
<status status="PASS" start="2024-07-04T15:15:22.934102" elapsed="0.000457"/>
</kw>
<kw name="Should Match Regexp" owner="BuiltIn">
<arg>${json_data['results'][0]['picture']['medium']}</arg>
<arg>^https?://.*\.(?:png|jpe?g|gif|bmp)$</arg>
<doc>Fails if ``string`` does not match ``pattern`` as a regular expression.</doc>
<status status="PASS" start="2024-07-04T15:15:22.934744" elapsed="0.000350"/>
</kw>
<kw name="Should Match Regexp" owner="BuiltIn">
<arg>${json_data['results'][0]['picture']['thumbnail']}</arg>
<arg>^https?://.*\.(?:png|jpe?g|gif|bmp)$</arg>
<doc>Fails if ``string`` does not match ``pattern`` as a regular expression.</doc>
<status status="PASS" start="2024-07-04T15:15:22.935276" elapsed="0.000348"/>
</kw>
<kw name="Log" owner="BuiltIn">
<msg time="2024-07-04T15:15:22.936132" level="INFO">{'large': 'https://randomuser.me/api/portraits/men/53.jpg', 'medium': 'https://randomuser.me/api/portraits/med/men/53.jpg', 'thumbnail': 'https://randomuser.me/api/portraits/thumb/men/53.jpg'}</msg>
<arg>${json_data['results'][0]['picture']}</arg>
<doc>Logs the given message with the given level.</doc>
<status status="PASS" start="2024-07-04T15:15:22.935802" elapsed="0.000374"/>
</kw>
<status status="PASS" start="2024-07-04T15:15:22.836033" elapsed="0.100442"/>
</kw>
<kw name="Teste de Tipos de Dados - Postcode" owner="random-user-service">
<kw name="GET On Session" owner="RequestsLibrary">
<msg time="2024-07-04T15:15:23.024792" level="INFO">GET Request : url=https://randomuser.me/api 
 path_url=/api 
 headers={'User-Agent': 'python-requests/2.32.3', 'Accept-Encoding': 'gzip, deflate', 'Accept': '*/*', 'Connection': 'keep-alive'} 
 body=None 
 </msg>
<msg time="2024-07-04T15:15:23.024906" level="INFO">GET Response : url=https://randomuser.me/api 
 status=200, reason=OK 
 headers={'Date': 'Thu, 04 Jul 2024 15:15:23 GMT', 'Content-Type': 'application/json; charset=utf-8', 'Transfer-Encoding': 'chunked', 'Connection': 'keep-alive', 'X-Powered-By': 'Express', 'Access-Control-Allow-Origin': '*', 'Cache-Control': 'no-cache', 'ETag': 'W/"496-UnzZdkHlSa1QZNn0sb6p2Kxy2mg"', 'Vary': 'Accept-Encoding', 'Content-Encoding': 'gzip', 'CF-Cache-Status': 'DYNAMIC', 'Report-To': '{"endpoints":[{"url":"https:\\/\\/a.nel.cloudflare.com\\/report\\/v4?s=6zrev6kPfjD14KHpS04pUqMog2N%2FApMerREnJ0ELglwiH4wzBLdYKXQDzkGfJ3OTXefBU80ydCSH5r8utByfeY7Rfaftikh2aSW46U2m1z3PUHENQGBNKTDc6ior5uFC"}],"group":"cf-nel","max_age":604800}', 'NEL': '{"success_fraction":0,"report_to":"cf-nel","max_age":604800}', 'Server': 'cloudflare', 'CF-RAY': '89e012045a032344-SJC', 'alt-svc': 'h3=":443"; ma=86400'} 
 body={"results":[{"gender":"female","name":{"title":"Ms","first":"Caitlin","last":"Harris"},"location":{"street":{"number":2419,"name":"Queen Elizabeth Ii Drive"},"city":"Auckland","state":"Gisborne","country":"New Zealand","postcode":22572,"coordinates":{"latitude":"55.0314","longitude":"113.0702"},"timezone":{"offset":"+6:00","description":"Almaty, Dhaka, Colombo"}},"email":"caitlin.harris@example.com","login":{"uuid":"24ac3b03-2dbb-4d57-84c9-6387544bc3be","username":"organicgorilla316","password":"rockwell","salt":"2RUZtEYs","md5":"2d654cb9c840c43dbfb8c2266ef56e01","sha1":"6eec6a232762c6ef78b9585b092cdbb1fd2b3de0","sha256":"14d8bbd7b891214ee2a52932bd22261b1f64ffae19a39a874081ddfe603d32e3"},"dob":{"date":"1974-01-21T19:26:25.058Z","age":50},"registered":{"date":"2011-07-27T16:40:24.135Z","age":12},"phone":"(236)-717-9688","cell":"(505)-492-8361","id":{"name":"","value":null},"picture":{"large":"https://randomuser.me/api/portraits/women/33.jpg","medium":"https://randomuser.me/api/portraits/med/women/33.jpg","thumbnail":"https://randomuser.me/api/portraits/thumb/women/33.jpg"},"nat":"NZ"}],"info":{"seed":"31745b15851bdd5d","results":1,"page":1,"version":"1.4"}} 
 </msg>
<msg time="2024-07-04T15:15:23.024994" level="INFO">/opt/hostedtoolcache/Python/3.12.4/x64/lib/python3.12/site-packages/urllib3/connectionpool.py:1099: InsecureRequestWarning: Unverified HTTPS request is being made to host 'randomuser.me'. Adding certificate verification is strongly advised. See: https://urllib3.readthedocs.io/en/latest/advanced-usage.html#tls-warnings
  warnings.warn(</msg>
<msg time="2024-07-04T15:15:23.025154" level="INFO">${response} = &lt;Response [200]&gt;</msg>
<var>${response}</var>
<arg>consultarAPI</arg>
<arg>/api</arg>
<doc>Sends a GET request on a previously created HTTP Session.</doc>
<status status="PASS" start="2024-07-04T15:15:22.936939" elapsed="0.088270"/>
</kw>
<kw name="Set Variable" owner="BuiltIn">
<msg time="2024-07-04T15:15:23.026313" level="INFO">${json_data} = {'results': [{'gender': 'female', 'name': {'title': 'Ms', 'first': 'Caitlin', 'last': 'Harris'}, 'location': {'street': {'number': 2419, 'name': 'Queen Elizabeth Ii Drive'}, 'city': 'Auckland', 'state...</msg>
<var>${json_data}</var>
<arg>${response.json()}</arg>
<doc>Returns the given values which can then be assigned to a variables.</doc>
<status status="PASS" start="2024-07-04T15:15:23.025769" elapsed="0.000573"/>
</kw>
<kw name="Log" owner="BuiltIn">
<msg time="2024-07-04T15:15:23.026827" level="INFO">{'results': [{'gender': 'female', 'name': {'title': 'Ms', 'first': 'Caitlin', 'last': 'Harris'}, 'location': {'street': {'number': 2419, 'name': 'Queen Elizabeth Ii Drive'}, 'city': 'Auckland', 'state': 'Gisborne', 'country': 'New Zealand', 'postcode': 22572, 'coordinates': {'latitude': '55.0314', 'longitude': '113.0702'}, 'timezone': {'offset': '+6:00', 'description': 'Almaty, Dhaka, Colombo'}}, 'email': 'caitlin.harris@example.com', 'login': {'uuid': '24ac3b03-2dbb-4d57-84c9-6387544bc3be', 'username': 'organicgorilla316', 'password': 'rockwell', 'salt': '2RUZtEYs', 'md5': '2d654cb9c840c43dbfb8c2266ef56e01', 'sha1': '6eec6a232762c6ef78b9585b092cdbb1fd2b3de0', 'sha256': '14d8bbd7b891214ee2a52932bd22261b1f64ffae19a39a874081ddfe603d32e3'}, 'dob': {'date': '1974-01-21T19:26:25.058Z', 'age': 50}, 'registered': {'date': '2011-07-27T16:40:24.135Z', 'age': 12}, 'phone': '(236)-717-9688', 'cell': '(505)-492-8361', 'id': {'name': '', 'value': None}, 'picture': {'large': 'https://randomuser.me/api/portraits/women/33.jpg', 'medium': 'https://randomuser.me/api/portraits/med/women/33.jpg', 'thumbnail': 'https://randomuser.me/api/portraits/thumb/women/33.jpg'}, 'nat': 'NZ'}], 'info': {'seed': '31745b15851bdd5d', 'results': 1, 'page': 1, 'version': '1.4'}}</msg>
<arg>${json_data}</arg>
<doc>Logs the given message with the given level.</doc>
<status status="PASS" start="2024-07-04T15:15:23.026663" elapsed="0.000213"/>
</kw>
<kw name="Should Be Equal As Numbers" owner="BuiltIn">
<arg>${json_data['results'][0]['location']['postcode']}</arg>
<arg>${json_data['results'][0]['location']['postcode']}</arg>
<doc>Fails if objects are unequal after converting them to real numbers.</doc>
<status status="PASS" start="2024-07-04T15:15:23.027178" elapsed="0.000643"/>
</kw>
<kw name="Log" owner="BuiltIn">
<msg time="2024-07-04T15:15:23.028576" level="INFO">22572</msg>
<arg>${json_data['results'][0]['location']['postcode']}</arg>
<doc>Logs the given message with the given level.</doc>
<status status="PASS" start="2024-07-04T15:15:23.028019" elapsed="0.000600"/>
</kw>
<status status="PASS" start="2024-07-04T15:15:22.936710" elapsed="0.092201"/>
</kw>
<doc>Testa se os tipos de dados na resposta da API estão corretos.</doc>
<tag>testeTiposDados</tag>
<status status="PASS" start="2024-07-04T15:15:22.835581" elapsed="0.193499"/>
</test>
<test id="s1-s1-t5" name="Validar conteudo" line="35">
<kw name="Teste de Tipos de Conteudo" owner="random-user-service">
<kw name="GET On Session" owner="RequestsLibrary">
<msg time="2024-07-04T15:15:23.148822" level="INFO">GET Request : url=https://randomuser.me/api 
 path_url=/api 
 headers={'User-Agent': 'python-requests/2.32.3', 'Accept-Encoding': 'gzip, deflate', 'Accept': '*/*', 'Connection': 'keep-alive'} 
 body=None 
 </msg>
<msg time="2024-07-04T15:15:23.148923" level="INFO">GET Response : url=https://randomuser.me/api 
 status=200, reason=OK 
 headers={'Date': 'Thu, 04 Jul 2024 15:15:23 GMT', 'Content-Type': 'application/json; charset=utf-8', 'Transfer-Encoding': 'chunked', 'Connection': 'keep-alive', 'X-Powered-By': 'Express', 'Access-Control-Allow-Origin': '*', 'Cache-Control': 'no-cache', 'ETag': 'W/"483-aycihN2z3sd/YZ7Fwok2Ke1H7ow"', 'Vary': 'Accept-Encoding', 'Content-Encoding': 'gzip', 'CF-Cache-Status': 'DYNAMIC', 'Report-To': '{"endpoints":[{"url":"https:\\/\\/a.nel.cloudflare.com\\/report\\/v4?s=2iKyXzFzTTu910NKgQCqK93I6pvP3fCgvHvpK5ske%2FmcbOsRyzmPRwdWG2LeZCzoZNuoP8mNciCqtckR4JJulrxlUd0PCOeLRGGkykR6U7FVu3WTqmKjOFCK4677%2BkEX"}],"group":"cf-nel","max_age":604800}', 'NEL': '{"success_fraction":0,"report_to":"cf-nel","max_age":604800}', 'Server': 'cloudflare', 'CF-RAY': '89e01204fa7f2344-SJC', 'alt-svc': 'h3=":443"; ma=86400'} 
 body={"results":[{"gender":"male","name":{"title":"Mr","first":"Troy","last":"Hernandez"},"location":{"street":{"number":151,"name":"London Road"},"city":"Glasgow","state":"Buckinghamshire","country":"United Kingdom","postcode":"IW7 0AS","coordinates":{"latitude":"-11.6042","longitude":"-34.3877"},"timezone":{"offset":"-9:00","description":"Alaska"}},"email":"troy.hernandez@example.com","login":{"uuid":"f6105500-0a16-43ac-8518-842958f646c3","username":"bigleopard587","password":"female","salt":"aQgAoMWd","md5":"4d04e1b38a78286fbb68b7dcd6e520c4","sha1":"e084af62b27055faaa3ec6f344df89dd4ed2ec47","sha256":"e3ebdb6c00fcd6144546a65af9ea0bb11768290c7b8f93fce5c391185079a8e1"},"dob":{"date":"1959-09-08T16:46:32.410Z","age":64},"registered":{"date":"2005-07-13T21:53:29.204Z","age":18},"phone":"015396 68757","cell":"07209 876239","id":{"name":"NINO","value":"OJ 32 08 53 O"},"picture":{"large":"https://randomuser.me/api/portraits/men/60.jpg","medium":"https://randomuser.me/api/portraits/med/men/60.jpg","thumbnail":"https://randomuser.me/api/portraits/thumb/men/60.jpg"},"nat":"GB"}],"info":{"seed":"a7eb2c83104cf59d","results":1,"page":1,"version":"1.4"}} 
 </msg>
<msg time="2024-07-04T15:15:23.148994" level="INFO">/opt/hostedtoolcache/Python/3.12.4/x64/lib/python3.12/site-packages/urllib3/connectionpool.py:1099: InsecureRequestWarning: Unverified HTTPS request is being made to host 'randomuser.me'. Adding certificate verification is strongly advised. See: https://urllib3.readthedocs.io/en/latest/advanced-usage.html#tls-warnings
  warnings.warn(</msg>
<msg time="2024-07-04T15:15:23.149136" level="INFO">${response} = &lt;Response [200]&gt;</msg>
<var>${response}</var>
<arg>consultarAPI</arg>
<arg>/api</arg>
<doc>Sends a GET request on a previously created HTTP Session.</doc>
<status status="PASS" start="2024-07-04T15:15:23.031593" elapsed="0.117587"/>
</kw>
<kw name="Set Variable" owner="BuiltIn">
<msg time="2024-07-04T15:15:23.150239" level="INFO">${json_data} = {'results': [{'gender': 'male', 'name': {'title': 'Mr', 'first': 'Troy', 'last': 'Hernandez'}, 'location': {'street': {'number': 151, 'name': 'London Road'}, 'city': 'Glasgow', 'state': 'Buckinghamshi...</msg>
<var>${json_data}</var>
<arg>${response.json()}</arg>
<doc>Returns the given values which can then be assigned to a variables.</doc>
<status status="PASS" start="2024-07-04T15:15:23.149711" elapsed="0.000556"/>
</kw>
<kw name="Set Variable" owner="BuiltIn">
<msg time="2024-07-04T15:15:23.150950" level="INFO">${name_title} = Mr</msg>
<var>${name_title}</var>
<arg>${json_data["results"][0]["name"]["title"]}</arg>
<doc>Returns the given values which can then be assigned to a variables.</doc>
<status status="PASS" start="2024-07-04T15:15:23.150574" elapsed="0.000401"/>
</kw>
<kw name="Create List" owner="BuiltIn">
<msg time="2024-07-04T15:15:23.151416" level="INFO">${allowed_titles} = ['Mr', 'Ms', 'Miss', 'Mrs', 'Madame', 'Monsieur']</msg>
<var>${allowed_titles}</var>
<arg>Mr</arg>
<arg>Ms</arg>
<arg>Miss</arg>
<arg>Mrs</arg>
<arg>Madame</arg>
<arg>Monsieur</arg>
<doc>Returns a list containing given items.</doc>
<status status="PASS" start="2024-07-04T15:15:23.151271" elapsed="0.000169"/>
</kw>
<kw name="List Should Contain Value" owner="Collections">
<arg>${allowed_titles}</arg>
<arg>${name_title}</arg>
<doc>Fails if the ``value`` is not found from ``list``.</doc>
<status status="PASS" start="2024-07-04T15:15:23.151733" elapsed="0.000184"/>
</kw>
<kw name="Set Variable" owner="BuiltIn">
<msg time="2024-07-04T15:15:23.152499" level="INFO">${name_country} = GB</msg>
<var>${name_country}</var>
<arg>${json_data["results"][0]["nat"]}</arg>
<doc>Returns the given values which can then be assigned to a variables.</doc>
<status status="PASS" start="2024-07-04T15:15:23.152094" elapsed="0.000430"/>
</kw>
<kw name="Create List" owner="BuiltIn">
<msg time="2024-07-04T15:15:23.153407" level="INFO">${list_country} = ['AD', 'AE', 'AF', 'AG', 'AI', 'AL', 'AM', 'AO', 'AQ', 'AR', 'AS', 'AT', 'AU', 'AW', 'AX', 'AZ', 'BA', 'BB', 'BD', 'BE', 'BF', 'BG', 'BH', 'BI', 'BJ', 'BL', 'BM', 'BN', 'BO', 'BQ', 'BR', 'BS', 'BT', '...</msg>
<var>${list_country}</var>
<arg>AD</arg>
<arg>AE</arg>
<arg>AF</arg>
<arg>AG</arg>
<arg>AI</arg>
<arg>AL</arg>
<arg>AM</arg>
<arg>AO</arg>
<arg>AQ</arg>
<arg>AR</arg>
<arg>AS</arg>
<arg>AT</arg>
<arg>AU</arg>
<arg>AW</arg>
<arg>AX</arg>
<arg>AZ</arg>
<arg>BA</arg>
<arg>BB</arg>
<arg>BD</arg>
<arg>BE</arg>
<arg>BF</arg>
<arg>BG</arg>
<arg>BH</arg>
<arg>BI</arg>
<arg>BJ</arg>
<arg>BL</arg>
<arg>BM</arg>
<arg>BN</arg>
<arg>BO</arg>
<arg>BQ</arg>
<arg>BR</arg>
<arg>BS</arg>
<arg>BT</arg>
<arg>BV</arg>
<arg>BW</arg>
<arg>BY</arg>
<arg>BZ</arg>
<arg>CA</arg>
<arg>CC</arg>
<arg>CD</arg>
<arg>CF</arg>
<arg>CG</arg>
<arg>CH</arg>
<arg>CI</arg>
<arg>CK</arg>
<arg>CL</arg>
<arg>CM</arg>
<arg>CN</arg>
<arg>CO</arg>
<arg>CR</arg>
<arg>CU</arg>
<arg>CV</arg>
<arg>CW</arg>
<arg>CX</arg>
<arg>CY</arg>
<arg>CZ</arg>
<arg>DE</arg>
<arg>DJ</arg>
<arg>DK</arg>
<arg>DM</arg>
<arg>DO</arg>
<arg>DZ</arg>
<arg>EC</arg>
<arg>EE</arg>
<arg>EG</arg>
<arg>EH</arg>
<arg>ER</arg>
<arg>ES</arg>
<arg>ET</arg>
<arg>FI</arg>
<arg>FJ</arg>
<arg>FK</arg>
<arg>FM</arg>
<arg>FO</arg>
<arg>FR</arg>
<arg>GA</arg>
<arg>GB</arg>
<arg>GD</arg>
<arg>GE</arg>
<arg>GF</arg>
<arg>GG</arg>
<arg>GH</arg>
<arg>GI</arg>
<arg>GL</arg>
<arg>GM</arg>
<arg>GN</arg>
<arg>GP</arg>
<arg>GQ</arg>
<arg>GR</arg>
<arg>GS</arg>
<arg>GT</arg>
<arg>GU</arg>
<arg>GW</arg>
<arg>GY</arg>
<arg>HK</arg>
<arg>HM</arg>
<arg>HN</arg>
<arg>HR</arg>
<arg>HT</arg>
<arg>HU</arg>
<arg>ID</arg>
<arg>IE</arg>
<arg>IL</arg>
<arg>IM</arg>
<arg>IN</arg>
<arg>IO</arg>
<arg>IQ</arg>
<arg>IR</arg>
<arg>IS</arg>
<arg>IT</arg>
<arg>JE</arg>
<arg>JM</arg>
<arg>JO</arg>
<arg>JP</arg>
<arg>KE</arg>
<arg>KG</arg>
<arg>KH</arg>
<arg>KI</arg>
<arg>KM</arg>
<arg>KN</arg>
<arg>KP</arg>
<arg>KR</arg>
<arg>KW</arg>
<arg>KY</arg>
<arg>KZ</arg>
<arg>LA</arg>
<arg>LB</arg>
<arg>LC</arg>
<arg>LI</arg>
<arg>LK</arg>
<arg>LR</arg>
<arg>LS</arg>
<arg>LT</arg>
<arg>LU</arg>
<arg>LV</arg>
<arg>LY</arg>
<arg>MA</arg>
<arg>MC</arg>
<arg>MD</arg>
<arg>ME</arg>
<arg>MF</arg>
<arg>MG</arg>
<arg>MH</arg>
<arg>MK</arg>
<arg>ML</arg>
<arg>MM</arg>
<arg>MN</arg>
<arg>MO</arg>
<arg>MP</arg>
<arg>MQ</arg>
<arg>MR</arg>
<arg>MS</arg>
<arg>MT</arg>
<arg>MU</arg>
<arg>MV</arg>
<arg>MW</arg>
<arg>MX</arg>
<arg>MY</arg>
<arg>MZ</arg>
<arg>NA</arg>
<arg>NC</arg>
<arg>NE</arg>
<arg>NF</arg>
<arg>NG</arg>
<arg>NI</arg>
<arg>NL</arg>
<arg>NO</arg>
<arg>NP</arg>
<arg>NR</arg>
<arg>NU</arg>
<arg>NZ</arg>
<arg>OM</arg>
<arg>PA</arg>
<arg>PE</arg>
<arg>PF</arg>
<arg>PG</arg>
<arg>PH</arg>
<arg>PK</arg>
<arg>PL</arg>
<arg>PM</arg>
<arg>PN</arg>
<arg>PR</arg>
<arg>PS</arg>
<arg>PT</arg>
<arg>PW</arg>
<arg>PY</arg>
<arg>QA</arg>
<arg>RE</arg>
<arg>RO</arg>
<arg>RS</arg>
<arg>RU</arg>
<arg>RW</arg>
<arg>SA</arg>
<arg>SB</arg>
<arg>SC</arg>
<arg>SD</arg>
<arg>SE</arg>
<arg>SG</arg>
<arg>SH</arg>
<arg>SI</arg>
<arg>SJ</arg>
<arg>SK</arg>
<arg>SL</arg>
<arg>SM</arg>
<arg>SN</arg>
<arg>SO</arg>
<arg>SR</arg>
<arg>SS</arg>
<arg>ST</arg>
<arg>SV</arg>
<arg>SX</arg>
<arg>SY</arg>
<arg>SZ</arg>
<arg>TC</arg>
<arg>TD</arg>
<arg>TF</arg>
<arg>TG</arg>
<arg>TH</arg>
<arg>TJ</arg>
<arg>TK</arg>
<arg>TL</arg>
<arg>TM</arg>
<arg>TN</arg>
<arg>TO</arg>
<arg>TR</arg>
<arg>TT</arg>
<arg>TV</arg>
<arg>TW</arg>
<arg>TZ</arg>
<arg>UA</arg>
<arg>UG</arg>
<arg>UM</arg>
<arg>US</arg>
<arg>UY</arg>
<arg>UZ</arg>
<arg>VA</arg>
<arg>VC</arg>
<arg>VE</arg>
<arg>VG</arg>
<arg>VI</arg>
<arg>VN</arg>
<arg>VU</arg>
<arg>WF</arg>
<arg>WS</arg>
<arg>XK</arg>
<arg>YE</arg>
<arg>YT</arg>
<arg>ZA</arg>
<arg>ZM</arg>
<arg>ZW</arg>
<doc>Returns a list containing given items.</doc>
<status status="PASS" start="2024-07-04T15:15:23.152819" elapsed="0.000613"/>
</kw>
<kw name="List Should Contain Value" owner="Collections">
<arg>${list_country}</arg>
<arg>${name_country}</arg>
<doc>Fails if the ``value`` is not found from ``list``.</doc>
<status status="PASS" start="2024-07-04T15:15:23.154227" elapsed="0.000198"/>
</kw>
<kw name="Run Keyword If" owner="BuiltIn">
<kw name="Should Be True" owner="BuiltIn">
<arg>${True}</arg>
<doc>Fails if the given condition is not true.</doc>
<status status="PASS" start="2024-07-04T15:15:23.155355" elapsed="0.000140"/>
</kw>
<arg>${json_data["results"][0]["location"]["coordinates"]["latitude"]} &gt;= -90 and ${json_data["results"][0]["location"]["coordinates"]["latitude"]} &lt;= 90</arg>
<arg>Should Be True</arg>
<arg>${True}</arg>
<doc>Runs the given keyword with the given arguments, if ``condition`` is true.</doc>
<status status="PASS" start="2024-07-04T15:15:23.154621" elapsed="0.000998"/>
</kw>
<kw name="Run Keyword If" owner="BuiltIn">
<kw name="Should Be True" owner="BuiltIn">
<arg>${True}</arg>
<doc>Fails if the given condition is not true.</doc>
<status status="PASS" start="2024-07-04T15:15:23.156510" elapsed="0.000247"/>
</kw>
<arg>${json_data["results"][0]["location"]["coordinates"]["longitude"]} &gt;= -180 and ${json_data["results"][0]["location"]["coordinates"]["longitude"]} &lt;= 180</arg>
<arg>Should Be True</arg>
<arg>${True}</arg>
<doc>Runs the given keyword with the given arguments, if ``condition`` is true.</doc>
<status status="PASS" start="2024-07-04T15:15:23.155799" elapsed="0.001087"/>
</kw>
<status status="PASS" start="2024-07-04T15:15:23.031367" elapsed="0.125655"/>
</kw>
<doc>Testa o conteúdo específico dos campos retornados pela API.</doc>
<tag>testeConteudo</tag>
<status status="PASS" start="2024-07-04T15:15:23.030898" elapsed="0.126275"/>
</test>
<status status="PASS" start="2024-07-04T15:15:22.190183" elapsed="0.968956"/>
</suite>
<status status="PASS" start="2024-07-04T15:15:22.175810" elapsed="0.988374"/>
</suite>
<statistics>
<total>
<stat pass="5" fail="0" skip="0">All Tests</stat>
</total>
<tag>
<stat pass="1" fail="0" skip="0">testeConteudo</stat>
<stat pass="1" fail="0" skip="0">testeEstruturaResposta</stat>
<stat pass="1" fail="0" skip="0">testeRequisicaoBasica</stat>
<stat pass="1" fail="0" skip="0">testeTiposDados</stat>
</tag>
<suite>
<stat pass="5" fail="0" skip="0" id="s1" name="Tests">Tests</stat>
<stat pass="5" fail="0" skip="0" id="s1-s1" name="Random-User-Test">Tests.Random-User-Test</stat>
</suite>
</statistics>
<errors>
</errors>
</robot>
