<?xml version="1.0" encoding="UTF-8"?>
<robot generator="Robot 7.0.1 (Python 3.12.4 on linux)" generated="2024-08-10T13:16:40.849309" rpa="false" schemaversion="5">
<suite id="s1" name="Tests" source="/home/runner/work/ApiRandomUser/ApiRandomUser/RamdonUser/tests">
<suite id="s1-s1" name="Random-User-Test" source="/home/runner/work/ApiRandomUser/ApiRandomUser/RamdonUser/tests/random-user-test.robot">
<test id="s1-s1-t1" name="Conectar" line="13">
<kw name="Conectar API" owner="random-user-service">
<kw name="Create Session" owner="RequestsLibrary">
<msg time="2024-08-10T13:16:41.246533" level="INFO">Creating Session using : alias=consultarAPI, url=https://randomuser.me/, headers={},                     cookies={}, auth=None, timeout=None, proxies=None, verify=False,                     debug=0 </msg>
<arg>consultarAPI</arg>
<arg>${URL}</arg>
<doc>Create Session: create a HTTP session to a server</doc>
<status status="PASS" start="2024-08-10T13:16:41.246326" elapsed="0.000405"/>
</kw>
<status status="PASS" start="2024-08-10T13:16:41.245271" elapsed="0.001850"/>
</kw>
<status status="PASS" start="2024-08-10T13:16:41.244720" elapsed="0.002611"/>
</test>
<test id="s1-s1-t2" name="Validar retorno 200 e JSON Válido" line="16">
<kw name="Teste de Requisicao Basica" owner="random-user-service">
<kw name="GET On Session" owner="RequestsLibrary">
<msg time="2024-08-10T13:16:41.330115" level="INFO">GET Request : url=https://randomuser.me/api 
 path_url=/api 
 headers={'User-Agent': 'python-requests/2.32.3', 'Accept-Encoding': 'gzip, deflate', 'Accept': '*/*', 'Connection': 'keep-alive'} 
 body=None 
 </msg>
<msg time="2024-08-10T13:16:41.330280" level="INFO">GET Response : url=https://randomuser.me/api 
 status=200, reason=OK 
 headers={'Date': 'Sat, 10 Aug 2024 13:16:41 GMT', 'Content-Type': 'application/json; charset=utf-8', 'Transfer-Encoding': 'chunked', 'Connection': 'keep-alive', 'X-Powered-By': 'Express', 'Access-Control-Allow-Origin': '*', 'Cache-Control': 'no-cache', 'ETag': 'W/"46d-z779iOcBOPJ4kDzXaBdn4rcc3ok"', 'Vary': 'Accept-Encoding', 'Content-Encoding': 'gzip', 'CF-Cache-Status': 'DYNAMIC', 'Report-To': '{"endpoints":[{"url":"https:\\/\\/a.nel.cloudflare.com\\/report\\/v4?s=lomxV0lTyLHSIvSSb2mvVCV3CqPy4HFcEXYiX7ZPSBiKeLHzRNCk3pmU56F4AhSf%2B0kk8XTutiaSq5pLfDax572rrOihtUTbV62MeZfJgQ8cp3%2FAVG%2Btmy3jphSWQulg"}],"group":"cf-nel","max_age":604800}', 'NEL': '{"success_fraction":0,"report_to":"cf-nel","max_age":604800}', 'Server': 'cloudflare', 'CF-RAY': '8b1043060b0e6166-ORD', 'alt-svc': 'h3=":443"; ma=86400'} 
 body={"results":[{"gender":"male","name":{"title":"Mr","first":"Özkan","last":"Numanoğlu"},"location":{"street":{"number":8492,"name":"Necatibey Cd"},"city":"İzmir","state":"Isparta","country":"Turkey","postcode":30940,"coordinates":{"latitude":"67.3165","longitude":"-125.8477"},"timezone":{"offset":"-3:30","description":"Newfoundland"}},"email":"ozkan.numanoglu@example.com","login":{"uuid":"ea5d8663-5bd7-4d75-8f9a-44cd6fbf373b","username":"purplemouse334","password":"zulu","salt":"xS1BZDtI","md5":"0588dd7bf0e04aa48e2ee84d22c0f86f","sha1":"10d466f5d4194e07d9594ff732bd8a8f6d5b0f7c","sha256":"02b35f024156b9c83d193e48cb7a0c8f4db6123bab44b4c9aa2917837693221d"},"dob":{"date":"1958-11-17T18:43:31.333Z","age":65},"registered":{"date":"2018-07-09T02:32:38.896Z","age":6},"phone":"(497)-924-2659","cell":"(805)-056-9160","id":{"name":"","value":null},"picture":{"large":"https://randomuser.me/api/portraits/men/87.jpg","medium":"https://randomuser.me/api/portraits/med/men/87.jpg","thumbnail":"https://randomuser.me/api/portraits/thumb/men/87.jpg"},"nat":"TR"}],"info":{"seed":"bffac9760cd8e0d8","results":1,"page":1,"version":"1.4"}} 
 </msg>
<msg time="2024-08-10T13:16:41.330378" level="INFO">/opt/hostedtoolcache/Python/3.12.4/x64/lib/python3.12/site-packages/urllib3/connectionpool.py:1099: InsecureRequestWarning: Unverified HTTPS request is being made to host 'randomuser.me'. Adding certificate verification is strongly advised. See: https://urllib3.readthedocs.io/en/latest/advanced-usage.html#tls-warnings
  warnings.warn(</msg>
<msg time="2024-08-10T13:16:41.330533" level="INFO">${response} = &lt;Response [200]&gt;</msg>
<var>${response}</var>
<arg>consultarAPI</arg>
<arg>/api</arg>
<doc>Sends a GET request on a previously created HTTP Session.</doc>
<status status="PASS" start="2024-08-10T13:16:41.249901" elapsed="0.080667"/>
</kw>
<kw name="Should Be Equal As Numbers" owner="BuiltIn">
<msg time="2024-08-10T13:16:41.331536" level="INFO">Argument types are:
&lt;class 'int'&gt;
&lt;class 'str'&gt;</msg>
<arg>${response.status_code}</arg>
<arg>200</arg>
<doc>Fails if objects are unequal after converting them to real numbers.</doc>
<status status="PASS" start="2024-08-10T13:16:41.331087" elapsed="0.000513"/>
</kw>
<kw name="Log" owner="BuiltIn">
<msg time="2024-08-10T13:16:41.332278" level="INFO">200</msg>
<arg>${response.status_code}</arg>
<doc>Logs the given message with the given level.</doc>
<status status="PASS" start="2024-08-10T13:16:41.331917" elapsed="0.000403"/>
</kw>
<kw name="Set Variable" owner="BuiltIn">
<msg time="2024-08-10T13:16:41.333090" level="INFO">${json_data} = {'results': [{'gender': 'male', 'name': {'title': 'Mr', 'first': 'Özkan', 'last': 'Numanoğlu'}, 'location': {'street': {'number': 8492, 'name': 'Necatibey Cd'}, 'city': 'İzmir', 'state': 'Isparta', 'c...</msg>
<var>${json_data}</var>
<arg>${response.json()}</arg>
<doc>Returns the given values which can then be assigned to a variables.</doc>
<status status="PASS" start="2024-08-10T13:16:41.332641" elapsed="0.000479"/>
</kw>
<kw name="Dictionary Should Contain Key" owner="Collections">
<arg>${json_data}</arg>
<arg>results</arg>
<doc>Fails if ``key`` is not found from ``dictionary``.</doc>
<status status="PASS" start="2024-08-10T13:16:41.333428" elapsed="0.000315"/>
</kw>
<status status="PASS" start="2024-08-10T13:16:41.249649" elapsed="0.084250"/>
</kw>
<doc>Testa se a API responde corretamente e retorna um objeto JSON válido.</doc>
<tag>testeRequisicaoBasica</tag>
<status status="PASS" start="2024-08-10T13:16:41.249177" elapsed="0.084895"/>
</test>
<test id="s1-s1-t3" name="Validar estrutura de resposta" line="22">
<kw name="Teste de Estrutura de Resposta" owner="random-user-service">
<kw name="GET On Session" owner="RequestsLibrary">
<msg time="2024-08-10T13:16:41.457959" level="INFO">GET Request : url=https://randomuser.me/api 
 path_url=/api 
 headers={'User-Agent': 'python-requests/2.32.3', 'Accept-Encoding': 'gzip, deflate', 'Accept': '*/*', 'Connection': 'keep-alive'} 
 body=None 
 </msg>
<msg time="2024-08-10T13:16:41.458041" level="INFO">GET Response : url=https://randomuser.me/api 
 status=200, reason=OK 
 headers={'Date': 'Sat, 10 Aug 2024 13:16:41 GMT', 'Content-Type': 'application/json; charset=utf-8', 'Transfer-Encoding': 'chunked', 'Connection': 'keep-alive', 'X-Powered-By': 'Express', 'Access-Control-Allow-Origin': '*', 'Cache-Control': 'no-cache', 'ETag': 'W/"47e-1Mbl/HOMQKXyXp009qnvv/831Hc"', 'Vary': 'Accept-Encoding', 'Content-Encoding': 'gzip', 'CF-Cache-Status': 'DYNAMIC', 'Report-To': '{"endpoints":[{"url":"https:\\/\\/a.nel.cloudflare.com\\/report\\/v4?s=QOItcfHfpN6R8qJd4jJNDl3%2BmcfkPlqxzWyJHQb3uQR52dvFiArz1HMLB4wSYcZ%2F%2B4d56CpiB3WoleN4h1%2F3jmeqDMtbNy3D1QOnC0sfXHO1b5bTdVIHkajxfOAg2oNf"}],"group":"cf-nel","max_age":604800}', 'NEL': '{"success_fraction":0,"report_to":"cf-nel","max_age":604800}', 'Server': 'cloudflare', 'CF-RAY': '8b1043065b4b6166-ORD', 'alt-svc': 'h3=":443"; ma=86400'} 
 body={"results":[{"gender":"female","name":{"title":"Mrs","first":"Nelia","last":"Molstad"},"location":{"street":{"number":8025,"name":"Nedre Rommen"},"city":"Tomb","state":"Oppland","country":"Norway","postcode":"6405","coordinates":{"latitude":"39.1644","longitude":"20.8062"},"timezone":{"offset":"+2:00","description":"Kaliningrad, South Africa"}},"email":"nelia.molstad@example.com","login":{"uuid":"b888c9d8-3dd8-4435-bfff-c79550a381c3","username":"whitepeacock519","password":"warlock","salt":"ZYFpmw98","md5":"541874e5c5fe317a251f89591f3480b0","sha1":"9eff1028ba30665a705f4cbfb26f6e9da87349ad","sha256":"f3d69b4a341877d080125940ca29881239ca3663f18501cb6c8c1dd237b9dcd0"},"dob":{"date":"1979-09-17T23:16:23.035Z","age":44},"registered":{"date":"2008-12-18T17:01:31.230Z","age":15},"phone":"26250727","cell":"94215832","id":{"name":"FN","value":"17097941289"},"picture":{"large":"https://randomuser.me/api/portraits/women/30.jpg","medium":"https://randomuser.me/api/portraits/med/women/30.jpg","thumbnail":"https://randomuser.me/api/portraits/thumb/women/30.jpg"},"nat":"NO"}],"info":{"seed":"4df2e558c5fa650e","results":1,"page":1,"version":"1.4"}} 
 </msg>
<msg time="2024-08-10T13:16:41.458170" level="INFO">/opt/hostedtoolcache/Python/3.12.4/x64/lib/python3.12/site-packages/urllib3/connectionpool.py:1099: InsecureRequestWarning: Unverified HTTPS request is being made to host 'randomuser.me'. Adding certificate verification is strongly advised. See: https://urllib3.readthedocs.io/en/latest/advanced-usage.html#tls-warnings
  warnings.warn(</msg>
<msg time="2024-08-10T13:16:41.458307" level="INFO">${response} = &lt;Response [200]&gt;</msg>
<var>${response}</var>
<arg>consultarAPI</arg>
<arg>/api</arg>
<doc>Sends a GET request on a previously created HTTP Session.</doc>
<status status="PASS" start="2024-08-10T13:16:41.337107" elapsed="0.121253"/>
</kw>
<kw name="Set Variable" owner="BuiltIn">
<msg time="2024-08-10T13:16:41.459241" level="INFO">${json_data} = {'results': [{'gender': 'female', 'name': {'title': 'Mrs', 'first': 'Nelia', 'last': 'Molstad'}, 'location': {'street': {'number': 8025, 'name': 'Nedre Rommen'}, 'city': 'Tomb', 'state': 'Oppland', 'c...</msg>
<var>${json_data}</var>
<arg>${response.json()}</arg>
<doc>Returns the given values which can then be assigned to a variables.</doc>
<status status="PASS" start="2024-08-10T13:16:41.458788" elapsed="0.000481"/>
</kw>
<kw name="Log" owner="BuiltIn">
<msg time="2024-08-10T13:16:41.459722" level="INFO">{'results': [{'gender': 'female', 'name': {'title': 'Mrs', 'first': 'Nelia', 'last': 'Molstad'}, 'location': {'street': {'number': 8025, 'name': 'Nedre Rommen'}, 'city': 'Tomb', 'state': 'Oppland', 'country': 'Norway', 'postcode': '6405', 'coordinates': {'latitude': '39.1644', 'longitude': '20.8062'}, 'timezone': {'offset': '+2:00', 'description': 'Kaliningrad, South Africa'}}, 'email': 'nelia.molstad@example.com', 'login': {'uuid': 'b888c9d8-3dd8-4435-bfff-c79550a381c3', 'username': 'whitepeacock519', 'password': 'warlock', 'salt': 'ZYFpmw98', 'md5': '541874e5c5fe317a251f89591f3480b0', 'sha1': '9eff1028ba30665a705f4cbfb26f6e9da87349ad', 'sha256': 'f3d69b4a341877d080125940ca29881239ca3663f18501cb6c8c1dd237b9dcd0'}, 'dob': {'date': '1979-09-17T23:16:23.035Z', 'age': 44}, 'registered': {'date': '2008-12-18T17:01:31.230Z', 'age': 15}, 'phone': '26250727', 'cell': '94215832', 'id': {'name': 'FN', 'value': '17097941289'}, 'picture': {'large': 'https://randomuser.me/api/portraits/women/30.jpg', 'medium': 'https://randomuser.me/api/portraits/med/women/30.jpg', 'thumbnail': 'https://randomuser.me/api/portraits/thumb/women/30.jpg'}, 'nat': 'NO'}], 'info': {'seed': '4df2e558c5fa650e', 'results': 1, 'page': 1, 'version': '1.4'}}</msg>
<arg>${json_data}</arg>
<doc>Logs the given message with the given level.</doc>
<status status="PASS" start="2024-08-10T13:16:41.459569" elapsed="0.000199"/>
</kw>
<kw name="Dictionary Should Contain Key" owner="Collections">
<arg>${json_data}</arg>
<arg>results</arg>
<doc>Fails if ``key`` is not found from ``dictionary``.</doc>
<status status="PASS" start="2024-08-10T13:16:41.460057" elapsed="0.000166"/>
</kw>
<kw name="Should Not Be Empty" owner="BuiltIn">
<msg time="2024-08-10T13:16:41.460538" level="INFO">Length is 2.</msg>
<arg>${json_data}</arg>
<doc>Verifies that the given item is not empty.</doc>
<status status="PASS" start="2024-08-10T13:16:41.460415" elapsed="0.000160"/>
</kw>
<kw name="Create List" owner="BuiltIn">
<msg time="2024-08-10T13:16:41.461009" level="INFO">${expected_keys} = ['gender', 'name', 'location', 'email', 'login']</msg>
<var>${expected_keys}</var>
<arg>gender</arg>
<arg>name</arg>
<arg>location</arg>
<arg>email</arg>
<arg>login</arg>
<doc>Returns a list containing given items.</doc>
<status status="PASS" start="2024-08-10T13:16:41.460861" elapsed="0.000172"/>
</kw>
<for flavor="IN">
<iter>
<kw name="Dictionary Should Contain Key" owner="Collections">
<arg>${json_data['results'][0]}</arg>
<arg>${key}</arg>
<doc>Fails if ``key`` is not found from ``dictionary``.</doc>
<status status="PASS" start="2024-08-10T13:16:41.461597" elapsed="0.000403"/>
</kw>
<kw name="Log" owner="BuiltIn">
<msg time="2024-08-10T13:16:41.462547" level="INFO">{'gender': 'female', 'name': {'title': 'Mrs', 'first': 'Nelia', 'last': 'Molstad'}, 'location': {'street': {'number': 8025, 'name': 'Nedre Rommen'}, 'city': 'Tomb', 'state': 'Oppland', 'country': 'Norway', 'postcode': '6405', 'coordinates': {'latitude': '39.1644', 'longitude': '20.8062'}, 'timezone': {'offset': '+2:00', 'description': 'Kaliningrad, South Africa'}}, 'email': 'nelia.molstad@example.com', 'login': {'uuid': 'b888c9d8-3dd8-4435-bfff-c79550a381c3', 'username': 'whitepeacock519', 'password': 'warlock', 'salt': 'ZYFpmw98', 'md5': '541874e5c5fe317a251f89591f3480b0', 'sha1': '9eff1028ba30665a705f4cbfb26f6e9da87349ad', 'sha256': 'f3d69b4a341877d080125940ca29881239ca3663f18501cb6c8c1dd237b9dcd0'}, 'dob': {'date': '1979-09-17T23:16:23.035Z', 'age': 44}, 'registered': {'date': '2008-12-18T17:01:31.230Z', 'age': 15}, 'phone': '26250727', 'cell': '94215832', 'id': {'name': 'FN', 'value': '17097941289'}, 'picture': {'large': 'https://randomuser.me/api/portraits/women/30.jpg', 'medium': 'https://randomuser.me/api/portraits/med/women/30.jpg', 'thumbnail': 'https://randomuser.me/api/portraits/thumb/women/30.jpg'}, 'nat': 'NO'}</msg>
<arg>${json_data['results'][0]}</arg>
<doc>Logs the given message with the given level.</doc>
<status status="PASS" start="2024-08-10T13:16:41.462193" elapsed="0.000403"/>
</kw>
<kw name="Log" owner="BuiltIn">
<msg time="2024-08-10T13:16:41.463049" level="INFO">gender</msg>
<arg>${key}</arg>
<doc>Logs the given message with the given level.</doc>
<status status="PASS" start="2024-08-10T13:16:41.462920" elapsed="0.000167"/>
</kw>
<var name="${key}">gender</var>
<status status="PASS" start="2024-08-10T13:16:41.461476" elapsed="0.001830"/>
</iter>
<iter>
<kw name="Dictionary Should Contain Key" owner="Collections">
<arg>${json_data['results'][0]}</arg>
<arg>${key}</arg>
<doc>Fails if ``key`` is not found from ``dictionary``.</doc>
<status status="PASS" start="2024-08-10T13:16:41.463604" elapsed="0.000396"/>
</kw>
<kw name="Log" owner="BuiltIn">
<msg time="2024-08-10T13:16:41.464552" level="INFO">{'gender': 'female', 'name': {'title': 'Mrs', 'first': 'Nelia', 'last': 'Molstad'}, 'location': {'street': {'number': 8025, 'name': 'Nedre Rommen'}, 'city': 'Tomb', 'state': 'Oppland', 'country': 'Norway', 'postcode': '6405', 'coordinates': {'latitude': '39.1644', 'longitude': '20.8062'}, 'timezone': {'offset': '+2:00', 'description': 'Kaliningrad, South Africa'}}, 'email': 'nelia.molstad@example.com', 'login': {'uuid': 'b888c9d8-3dd8-4435-bfff-c79550a381c3', 'username': 'whitepeacock519', 'password': 'warlock', 'salt': 'ZYFpmw98', 'md5': '541874e5c5fe317a251f89591f3480b0', 'sha1': '9eff1028ba30665a705f4cbfb26f6e9da87349ad', 'sha256': 'f3d69b4a341877d080125940ca29881239ca3663f18501cb6c8c1dd237b9dcd0'}, 'dob': {'date': '1979-09-17T23:16:23.035Z', 'age': 44}, 'registered': {'date': '2008-12-18T17:01:31.230Z', 'age': 15}, 'phone': '26250727', 'cell': '94215832', 'id': {'name': 'FN', 'value': '17097941289'}, 'picture': {'large': 'https://randomuser.me/api/portraits/women/30.jpg', 'medium': 'https://randomuser.me/api/portraits/med/women/30.jpg', 'thumbnail': 'https://randomuser.me/api/portraits/thumb/women/30.jpg'}, 'nat': 'NO'}</msg>
<arg>${json_data['results'][0]}</arg>
<doc>Logs the given message with the given level.</doc>
<status status="PASS" start="2024-08-10T13:16:41.464184" elapsed="0.000446"/>
</kw>
<kw name="Log" owner="BuiltIn">
<msg time="2024-08-10T13:16:41.465052" level="INFO">name</msg>
<arg>${key}</arg>
<doc>Logs the given message with the given level.</doc>
<status status="PASS" start="2024-08-10T13:16:41.464925" elapsed="0.000164"/>
</kw>
<var name="${key}">name</var>
<status status="PASS" start="2024-08-10T13:16:41.463487" elapsed="0.001824"/>
</iter>
<iter>
<kw name="Dictionary Should Contain Key" owner="Collections">
<arg>${json_data['results'][0]}</arg>
<arg>${key}</arg>
<doc>Fails if ``key`` is not found from ``dictionary``.</doc>
<status status="PASS" start="2024-08-10T13:16:41.465596" elapsed="0.000376"/>
</kw>
<kw name="Log" owner="BuiltIn">
<msg time="2024-08-10T13:16:41.466502" level="INFO">{'gender': 'female', 'name': {'title': 'Mrs', 'first': 'Nelia', 'last': 'Molstad'}, 'location': {'street': {'number': 8025, 'name': 'Nedre Rommen'}, 'city': 'Tomb', 'state': 'Oppland', 'country': 'Norway', 'postcode': '6405', 'coordinates': {'latitude': '39.1644', 'longitude': '20.8062'}, 'timezone': {'offset': '+2:00', 'description': 'Kaliningrad, South Africa'}}, 'email': 'nelia.molstad@example.com', 'login': {'uuid': 'b888c9d8-3dd8-4435-bfff-c79550a381c3', 'username': 'whitepeacock519', 'password': 'warlock', 'salt': 'ZYFpmw98', 'md5': '541874e5c5fe317a251f89591f3480b0', 'sha1': '9eff1028ba30665a705f4cbfb26f6e9da87349ad', 'sha256': 'f3d69b4a341877d080125940ca29881239ca3663f18501cb6c8c1dd237b9dcd0'}, 'dob': {'date': '1979-09-17T23:16:23.035Z', 'age': 44}, 'registered': {'date': '2008-12-18T17:01:31.230Z', 'age': 15}, 'phone': '26250727', 'cell': '94215832', 'id': {'name': 'FN', 'value': '17097941289'}, 'picture': {'large': 'https://randomuser.me/api/portraits/women/30.jpg', 'medium': 'https://randomuser.me/api/portraits/med/women/30.jpg', 'thumbnail': 'https://randomuser.me/api/portraits/thumb/women/30.jpg'}, 'nat': 'NO'}</msg>
<arg>${json_data['results'][0]}</arg>
<doc>Logs the given message with the given level.</doc>
<status status="PASS" start="2024-08-10T13:16:41.466155" elapsed="0.000403"/>
</kw>
<kw name="Log" owner="BuiltIn">
<msg time="2024-08-10T13:16:41.467029" level="INFO">location</msg>
<arg>${key}</arg>
<doc>Logs the given message with the given level.</doc>
<status status="PASS" start="2024-08-10T13:16:41.466899" elapsed="0.000166"/>
</kw>
<var name="${key}">location</var>
<status status="PASS" start="2024-08-10T13:16:41.465487" elapsed="0.001795"/>
</iter>
<iter>
<kw name="Dictionary Should Contain Key" owner="Collections">
<arg>${json_data['results'][0]}</arg>
<arg>${key}</arg>
<doc>Fails if ``key`` is not found from ``dictionary``.</doc>
<status status="PASS" start="2024-08-10T13:16:41.467557" elapsed="0.000388"/>
</kw>
<kw name="Log" owner="BuiltIn">
<msg time="2024-08-10T13:16:41.468586" level="INFO">{'gender': 'female', 'name': {'title': 'Mrs', 'first': 'Nelia', 'last': 'Molstad'}, 'location': {'street': {'number': 8025, 'name': 'Nedre Rommen'}, 'city': 'Tomb', 'state': 'Oppland', 'country': 'Norway', 'postcode': '6405', 'coordinates': {'latitude': '39.1644', 'longitude': '20.8062'}, 'timezone': {'offset': '+2:00', 'description': 'Kaliningrad, South Africa'}}, 'email': 'nelia.molstad@example.com', 'login': {'uuid': 'b888c9d8-3dd8-4435-bfff-c79550a381c3', 'username': 'whitepeacock519', 'password': 'warlock', 'salt': 'ZYFpmw98', 'md5': '541874e5c5fe317a251f89591f3480b0', 'sha1': '9eff1028ba30665a705f4cbfb26f6e9da87349ad', 'sha256': 'f3d69b4a341877d080125940ca29881239ca3663f18501cb6c8c1dd237b9dcd0'}, 'dob': {'date': '1979-09-17T23:16:23.035Z', 'age': 44}, 'registered': {'date': '2008-12-18T17:01:31.230Z', 'age': 15}, 'phone': '26250727', 'cell': '94215832', 'id': {'name': 'FN', 'value': '17097941289'}, 'picture': {'large': 'https://randomuser.me/api/portraits/women/30.jpg', 'medium': 'https://randomuser.me/api/portraits/med/women/30.jpg', 'thumbnail': 'https://randomuser.me/api/portraits/thumb/women/30.jpg'}, 'nat': 'NO'}</msg>
<arg>${json_data['results'][0]}</arg>
<doc>Logs the given message with the given level.</doc>
<status status="PASS" start="2024-08-10T13:16:41.468239" elapsed="0.000394"/>
</kw>
<kw name="Log" owner="BuiltIn">
<msg time="2024-08-10T13:16:41.469052" level="INFO">email</msg>
<arg>${key}</arg>
<doc>Logs the given message with the given level.</doc>
<status status="PASS" start="2024-08-10T13:16:41.468926" elapsed="0.000163"/>
</kw>
<var name="${key}">email</var>
<status status="PASS" start="2024-08-10T13:16:41.467450" elapsed="0.001851"/>
</iter>
<iter>
<kw name="Dictionary Should Contain Key" owner="Collections">
<arg>${json_data['results'][0]}</arg>
<arg>${key}</arg>
<doc>Fails if ``key`` is not found from ``dictionary``.</doc>
<status status="PASS" start="2024-08-10T13:16:41.469578" elapsed="0.000370"/>
</kw>
<kw name="Log" owner="BuiltIn">
<msg time="2024-08-10T13:16:41.470476" level="INFO">{'gender': 'female', 'name': {'title': 'Mrs', 'first': 'Nelia', 'last': 'Molstad'}, 'location': {'street': {'number': 8025, 'name': 'Nedre Rommen'}, 'city': 'Tomb', 'state': 'Oppland', 'country': 'Norway', 'postcode': '6405', 'coordinates': {'latitude': '39.1644', 'longitude': '20.8062'}, 'timezone': {'offset': '+2:00', 'description': 'Kaliningrad, South Africa'}}, 'email': 'nelia.molstad@example.com', 'login': {'uuid': 'b888c9d8-3dd8-4435-bfff-c79550a381c3', 'username': 'whitepeacock519', 'password': 'warlock', 'salt': 'ZYFpmw98', 'md5': '541874e5c5fe317a251f89591f3480b0', 'sha1': '9eff1028ba30665a705f4cbfb26f6e9da87349ad', 'sha256': 'f3d69b4a341877d080125940ca29881239ca3663f18501cb6c8c1dd237b9dcd0'}, 'dob': {'date': '1979-09-17T23:16:23.035Z', 'age': 44}, 'registered': {'date': '2008-12-18T17:01:31.230Z', 'age': 15}, 'phone': '26250727', 'cell': '94215832', 'id': {'name': 'FN', 'value': '17097941289'}, 'picture': {'large': 'https://randomuser.me/api/portraits/women/30.jpg', 'medium': 'https://randomuser.me/api/portraits/med/women/30.jpg', 'thumbnail': 'https://randomuser.me/api/portraits/thumb/women/30.jpg'}, 'nat': 'NO'}</msg>
<arg>${json_data['results'][0]}</arg>
<doc>Logs the given message with the given level.</doc>
<status status="PASS" start="2024-08-10T13:16:41.470134" elapsed="0.000388"/>
</kw>
<kw name="Log" owner="BuiltIn">
<msg time="2024-08-10T13:16:41.470974" level="INFO">login</msg>
<arg>${key}</arg>
<doc>Logs the given message with the given level.</doc>
<status status="PASS" start="2024-08-10T13:16:41.470844" elapsed="0.000167"/>
</kw>
<var name="${key}">login</var>
<status status="PASS" start="2024-08-10T13:16:41.469472" elapsed="0.001754"/>
</iter>
<var>${key}</var>
<value>@{expected_keys}</value>
<status status="PASS" start="2024-08-10T13:16:41.461294" elapsed="0.010052"/>
</for>
<kw name="Create List" owner="BuiltIn">
<msg time="2024-08-10T13:16:41.471666" level="INFO">${expected_keysTwo} = ['username', 'password']</msg>
<var>${expected_keysTwo}</var>
<arg>username</arg>
<arg>password</arg>
<doc>Returns a list containing given items.</doc>
<status status="PASS" start="2024-08-10T13:16:41.471533" elapsed="0.000157"/>
</kw>
<for flavor="IN">
<iter>
<kw name="Dictionary Should Contain Key" owner="Collections">
<arg>${json_data['results'][0]['login']}</arg>
<arg>${keyTwo}</arg>
<doc>Fails if ``key`` is not found from ``dictionary``.</doc>
<status status="PASS" start="2024-08-10T13:16:41.472206" elapsed="0.000394"/>
</kw>
<kw name="Dictionary Should Contain Key" owner="Collections">
<arg>${json_data['results'][0]['login']}</arg>
<arg>${keyTwo}</arg>
<doc>Fails if ``key`` is not found from ``dictionary``.</doc>
<status status="PASS" start="2024-08-10T13:16:41.472783" elapsed="0.000367"/>
</kw>
<kw name="Log" owner="BuiltIn">
<msg time="2024-08-10T13:16:41.473445" level="INFO">username</msg>
<arg>${keyTwo}</arg>
<doc>Logs the given message with the given level.</doc>
<status status="PASS" start="2024-08-10T13:16:41.473326" elapsed="0.000157"/>
</kw>
<var name="${keyTwo}">username</var>
<status status="PASS" start="2024-08-10T13:16:41.472100" elapsed="0.001601"/>
</iter>
<iter>
<kw name="Dictionary Should Contain Key" owner="Collections">
<arg>${json_data['results'][0]['login']}</arg>
<arg>${keyTwo}</arg>
<doc>Fails if ``key`` is not found from ``dictionary``.</doc>
<status status="PASS" start="2024-08-10T13:16:41.473980" elapsed="0.000383"/>
</kw>
<kw name="Dictionary Should Contain Key" owner="Collections">
<arg>${json_data['results'][0]['login']}</arg>
<arg>${keyTwo}</arg>
<doc>Fails if ``key`` is not found from ``dictionary``.</doc>
<status status="PASS" start="2024-08-10T13:16:41.474539" elapsed="0.000432"/>
</kw>
<kw name="Log" owner="BuiltIn">
<msg time="2024-08-10T13:16:41.475272" level="INFO">password</msg>
<arg>${keyTwo}</arg>
<doc>Logs the given message with the given level.</doc>
<status status="PASS" start="2024-08-10T13:16:41.475151" elapsed="0.000158"/>
</kw>
<var name="${keyTwo}">password</var>
<status status="PASS" start="2024-08-10T13:16:41.473874" elapsed="0.001655"/>
</iter>
<var>${keyTwo}</var>
<value>@{expected_keysTwo}</value>
<status status="PASS" start="2024-08-10T13:16:41.471951" elapsed="0.003708"/>
</for>
<status status="PASS" start="2024-08-10T13:16:41.336761" elapsed="0.139037"/>
</kw>
<doc>Testa a estrutura da resposta da API.</doc>
<tag>testeEstruturaResposta</tag>
<status status="PASS" start="2024-08-10T13:16:41.335989" elapsed="0.139969"/>
</test>
<test id="s1-s1-t4" name="Validar tipos de dados" line="28">
<kw name="Teste de Tipos de Dados" owner="random-user-service">
<kw name="GET On Session" owner="RequestsLibrary">
<msg time="2024-08-10T13:16:41.537320" level="INFO">GET Request : url=https://randomuser.me/api 
 path_url=/api 
 headers={'User-Agent': 'python-requests/2.32.3', 'Accept-Encoding': 'gzip, deflate', 'Accept': '*/*', 'Connection': 'keep-alive'} 
 body=None 
 </msg>
<msg time="2024-08-10T13:16:41.537397" level="INFO">GET Response : url=https://randomuser.me/api 
 status=200, reason=OK 
 headers={'Date': 'Sat, 10 Aug 2024 13:16:41 GMT', 'Content-Type': 'application/json; charset=utf-8', 'Transfer-Encoding': 'chunked', 'Connection': 'keep-alive', 'X-Powered-By': 'Express', 'Access-Control-Allow-Origin': '*', 'Cache-Control': 'no-cache', 'ETag': 'W/"4a2-CWukRJsBlMQxAtCxVDAorgL455Q"', 'Vary': 'Accept-Encoding', 'Content-Encoding': 'gzip', 'CF-Cache-Status': 'DYNAMIC', 'Report-To': '{"endpoints":[{"url":"https:\\/\\/a.nel.cloudflare.com\\/report\\/v4?s=PcAsB2gE7ClrU8E4Samesy72TqPAVG6SxXAyjOdYwaGZDqSMkO82Fi1IBiIkGqO%2Fy6FlKC5Dy%2FbXMLVJqroAVQjcD8u94lIEvrUDc9mXCAO330LS2f3VOh07W9xISzOq"}],"group":"cf-nel","max_age":604800}', 'NEL': '{"success_fraction":0,"report_to":"cf-nel","max_age":604800}', 'Server': 'cloudflare', 'CF-RAY': '8b1043073c636166-ORD', 'alt-svc': 'h3=":443"; ma=86400'} 
 body={"results":[{"gender":"male","name":{"title":"Mr","first":"Godofredo","last":"Souza"},"location":{"street":{"number":2034,"name":"Avenida da Democracia"},"city":"Ribeirão Preto","state":"Bahia","country":"Brazil","postcode":10508,"coordinates":{"latitude":"-80.5206","longitude":"-80.7627"},"timezone":{"offset":"+1:00","description":"Brussels, Copenhagen, Madrid, Paris"}},"email":"godofredo.souza@example.com","login":{"uuid":"6f730b20-bc82-4dcb-9ff0-56e80be5e5c1","username":"whitebear383","password":"virtual","salt":"TWFl1WSL","md5":"00165511e52cb1aea82707f5672254f2","sha1":"6a476ec87ecc6933c2d79f261dcaea335986ace6","sha256":"a5bceef9661caca84a88c39ddc51ffac44eeeeab2ded0ba6a9701b6ea9041340"},"dob":{"date":"1967-02-17T10:33:41.767Z","age":57},"registered":{"date":"2020-10-31T05:32:43.712Z","age":3},"phone":"(06) 8383-8018","cell":"(66) 3756-2791","id":{"name":"CPF","value":"825.594.731-33"},"picture":{"large":"https://randomuser.me/api/portraits/men/50.jpg","medium":"https://randomuser.me/api/portraits/med/men/50.jpg","thumbnail":"https://randomuser.me/api/portraits/thumb/men/50.jpg"},"nat":"BR"}],"info":{"seed":"3a83253526d2007c","results":1,"page":1,"version":"1.4"}} 
 </msg>
<msg time="2024-08-10T13:16:41.537469" level="INFO">/opt/hostedtoolcache/Python/3.12.4/x64/lib/python3.12/site-packages/urllib3/connectionpool.py:1099: InsecureRequestWarning: Unverified HTTPS request is being made to host 'randomuser.me'. Adding certificate verification is strongly advised. See: https://urllib3.readthedocs.io/en/latest/advanced-usage.html#tls-warnings
  warnings.warn(</msg>
<msg time="2024-08-10T13:16:41.537594" level="INFO">${response} = &lt;Response [200]&gt;</msg>
<var>${response}</var>
<arg>consultarAPI</arg>
<arg>/api</arg>
<doc>Sends a GET request on a previously created HTTP Session.</doc>
<status status="PASS" start="2024-08-10T13:16:41.478316" elapsed="0.059328"/>
</kw>
<kw name="Set Variable" owner="BuiltIn">
<msg time="2024-08-10T13:16:41.538472" level="INFO">${json_data} = {'results': [{'gender': 'male', 'name': {'title': 'Mr', 'first': 'Godofredo', 'last': 'Souza'}, 'location': {'street': {'number': 2034, 'name': 'Avenida da Democracia'}, 'city': 'Ribeirão Preto', 'sta...</msg>
<var>${json_data}</var>
<arg>${response.json()}</arg>
<doc>Returns the given values which can then be assigned to a variables.</doc>
<status status="PASS" start="2024-08-10T13:16:41.538025" elapsed="0.000475"/>
</kw>
<kw name="Log" owner="BuiltIn">
<msg time="2024-08-10T13:16:41.539009" level="INFO">{'results': [{'gender': 'male', 'name': {'title': 'Mr', 'first': 'Godofredo', 'last': 'Souza'}, 'location': {'street': {'number': 2034, 'name': 'Avenida da Democracia'}, 'city': 'Ribeirão Preto', 'state': 'Bahia', 'country': 'Brazil', 'postcode': 10508, 'coordinates': {'latitude': '-80.5206', 'longitude': '-80.7627'}, 'timezone': {'offset': '+1:00', 'description': 'Brussels, Copenhagen, Madrid, Paris'}}, 'email': 'godofredo.souza@example.com', 'login': {'uuid': '6f730b20-bc82-4dcb-9ff0-56e80be5e5c1', 'username': 'whitebear383', 'password': 'virtual', 'salt': 'TWFl1WSL', 'md5': '00165511e52cb1aea82707f5672254f2', 'sha1': '6a476ec87ecc6933c2d79f261dcaea335986ace6', 'sha256': 'a5bceef9661caca84a88c39ddc51ffac44eeeeab2ded0ba6a9701b6ea9041340'}, 'dob': {'date': '1967-02-17T10:33:41.767Z', 'age': 57}, 'registered': {'date': '2020-10-31T05:32:43.712Z', 'age': 3}, 'phone': '(06) 8383-8018', 'cell': '(66) 3756-2791', 'id': {'name': 'CPF', 'value': '825.594.731-33'}, 'picture': {'large': 'https://randomuser.me/api/portraits/men/50.jpg', 'medium': 'https://randomuser.me/api/portraits/med/men/50.jpg', 'thumbnail': 'https://randomuser.me/api/portraits/thumb/men/50.jpg'}, 'nat': 'BR'}], 'info': {'seed': '3a83253526d2007c', 'results': 1, 'page': 1, 'version': '1.4'}}</msg>
<arg>${json_data}</arg>
<doc>Logs the given message with the given level.</doc>
<status status="PASS" start="2024-08-10T13:16:41.538845" elapsed="0.000211"/>
</kw>
<kw name="Should Be String" owner="String">
<arg>${json_data['results'][0]['gender']}</arg>
<doc>Fails if the given ``item`` is not a string.</doc>
<status status="PASS" start="2024-08-10T13:16:41.539348" elapsed="0.000357"/>
</kw>
<kw name="Should Match Regexp" owner="BuiltIn">
<arg>${json_data['results'][0]['email']}</arg>
<arg>^[a-zA-Z0-9._%+-]+@[a-zA-Z0-9.-]+\.[a-zA-Z]{2,}$</arg>
<doc>Fails if ``string`` does not match ``pattern`` as a regular expression.</doc>
<status status="PASS" start="2024-08-10T13:16:41.539897" elapsed="0.000511"/>
</kw>
<kw name="Should Match Regexp" owner="BuiltIn">
<arg>${json_data['results'][0]['dob']['date']}</arg>
<arg>\\d{4}-\\d{2}-\\d{2}T\\d{2}:\\d{2}:\\d{2}\\.\\d{3}Z</arg>
<doc>Fails if ``string`` does not match ``pattern`` as a regular expression.</doc>
<status status="PASS" start="2024-08-10T13:16:41.540636" elapsed="0.000599"/>
</kw>
<kw name="Should Match Regexp" owner="BuiltIn">
<arg>${json_data['results'][0]['registered']['date']}</arg>
<arg>\\d{4}-\\d{2}-\\d{2}T\\d{2}:\\d{2}:\\d{2}\\.\\d{3}Z</arg>
<doc>Fails if ``string`` does not match ``pattern`` as a regular expression.</doc>
<status status="PASS" start="2024-08-10T13:16:41.541427" elapsed="0.000368"/>
</kw>
<kw name="Should Match Regexp" owner="BuiltIn">
<arg>${json_data['results'][0]['picture']['large']}</arg>
<arg>^https?://.*\.(?:png|jpe?g|gif|bmp)$</arg>
<doc>Fails if ``string`` does not match ``pattern`` as a regular expression.</doc>
<status status="PASS" start="2024-08-10T13:16:41.541978" elapsed="0.000454"/>
</kw>
<kw name="Should Match Regexp" owner="BuiltIn">
<arg>${json_data['results'][0]['picture']['medium']}</arg>
<arg>^https?://.*\.(?:png|jpe?g|gif|bmp)$</arg>
<doc>Fails if ``string`` does not match ``pattern`` as a regular expression.</doc>
<status status="PASS" start="2024-08-10T13:16:41.542615" elapsed="0.000376"/>
</kw>
<kw name="Should Match Regexp" owner="BuiltIn">
<arg>${json_data['results'][0]['picture']['thumbnail']}</arg>
<arg>^https?://.*\.(?:png|jpe?g|gif|bmp)$</arg>
<doc>Fails if ``string`` does not match ``pattern`` as a regular expression.</doc>
<status status="PASS" start="2024-08-10T13:16:41.543176" elapsed="0.000349"/>
</kw>
<kw name="Log" owner="BuiltIn">
<msg time="2024-08-10T13:16:41.544026" level="INFO">{'large': 'https://randomuser.me/api/portraits/men/50.jpg', 'medium': 'https://randomuser.me/api/portraits/med/men/50.jpg', 'thumbnail': 'https://randomuser.me/api/portraits/thumb/men/50.jpg'}</msg>
<arg>${json_data['results'][0]['picture']}</arg>
<doc>Logs the given message with the given level.</doc>
<status status="PASS" start="2024-08-10T13:16:41.543704" elapsed="0.000363"/>
</kw>
<status status="PASS" start="2024-08-10T13:16:41.478088" elapsed="0.066233"/>
</kw>
<kw name="Teste de Tipos de Dados - Postcode" owner="random-user-service">
<kw name="GET On Session" owner="RequestsLibrary">
<msg time="2024-08-10T13:16:41.630289" level="INFO">GET Request : url=https://randomuser.me/api 
 path_url=/api 
 headers={'User-Agent': 'python-requests/2.32.3', 'Accept-Encoding': 'gzip, deflate', 'Accept': '*/*', 'Connection': 'keep-alive'} 
 body=None 
 </msg>
<msg time="2024-08-10T13:16:41.630364" level="INFO">GET Response : url=https://randomuser.me/api 
 status=200, reason=OK 
 headers={'Date': 'Sat, 10 Aug 2024 13:16:41 GMT', 'Content-Type': 'application/json; charset=utf-8', 'Transfer-Encoding': 'chunked', 'Connection': 'keep-alive', 'X-Powered-By': 'Express', 'Access-Control-Allow-Origin': '*', 'Cache-Control': 'no-cache', 'ETag': 'W/"496-nPmDx+Dygtm8ZraeltTYYEtK534"', 'Vary': 'Accept-Encoding', 'Content-Encoding': 'gzip', 'CF-Cache-Status': 'DYNAMIC', 'Report-To': '{"endpoints":[{"url":"https:\\/\\/a.nel.cloudflare.com\\/report\\/v4?s=a7HB4XtFFC2v08ijP%2BhUOjOZgFGclY9xdnCwbUsq2KJmmivWxuKJj%2B185xDax1QozP1OtdMZFeGmKz%2B9eQuJqCsdNqDwQ%2F6UlPlW2eXz2HOyehvipMslyfWYEn98ItVI"}],"group":"cf-nel","max_age":604800}', 'NEL': '{"success_fraction":0,"report_to":"cf-nel","max_age":604800}', 'Server': 'cloudflare', 'CF-RAY': '8b104307acc76166-ORD', 'alt-svc': 'h3=":443"; ma=86400'} 
 body={"results":[{"gender":"male","name":{"title":"Mr","first":"Nils","last":"Noel"},"location":{"street":{"number":6277,"name":"Rue du Moulin"},"city":"Saint-Pierre","state":"Aisne","country":"France","postcode":77228,"coordinates":{"latitude":"-17.5424","longitude":"-53.0346"},"timezone":{"offset":"+3:00","description":"Baghdad, Riyadh, Moscow, St. Petersburg"}},"email":"nils.noel@example.com","login":{"uuid":"bc8add0b-e975-40a6-814b-b6d47b2f7809","username":"crazypeacock740","password":"aaaaaa1","salt":"4JEvaPyV","md5":"251345330b398731b33c2f64e83ebe8d","sha1":"2c174c4f9ab2fcd0379f4b9c7df8cd66d6120af1","sha256":"ea7ff478d0ecde9c378035924fc9c7f867df12b15fd99189b59918a458bbf158"},"dob":{"date":"1969-04-10T04:16:01.326Z","age":55},"registered":{"date":"2019-01-05T05:49:24.074Z","age":5},"phone":"03-71-94-50-58","cell":"06-96-74-73-52","id":{"name":"INSEE","value":"1690350135297 38"},"picture":{"large":"https://randomuser.me/api/portraits/men/28.jpg","medium":"https://randomuser.me/api/portraits/med/men/28.jpg","thumbnail":"https://randomuser.me/api/portraits/thumb/men/28.jpg"},"nat":"FR"}],"info":{"seed":"2458cef2f503be9a","results":1,"page":1,"version":"1.4"}} 
 </msg>
<msg time="2024-08-10T13:16:41.630428" level="INFO">/opt/hostedtoolcache/Python/3.12.4/x64/lib/python3.12/site-packages/urllib3/connectionpool.py:1099: InsecureRequestWarning: Unverified HTTPS request is being made to host 'randomuser.me'. Adding certificate verification is strongly advised. See: https://urllib3.readthedocs.io/en/latest/advanced-usage.html#tls-warnings
  warnings.warn(</msg>
<msg time="2024-08-10T13:16:41.630551" level="INFO">${response} = &lt;Response [200]&gt;</msg>
<var>${response}</var>
<arg>consultarAPI</arg>
<arg>/api</arg>
<doc>Sends a GET request on a previously created HTTP Session.</doc>
<status status="PASS" start="2024-08-10T13:16:41.544746" elapsed="0.085862"/>
</kw>
<kw name="Set Variable" owner="BuiltIn">
<msg time="2024-08-10T13:16:41.631478" level="INFO">${json_data} = {'results': [{'gender': 'male', 'name': {'title': 'Mr', 'first': 'Nils', 'last': 'Noel'}, 'location': {'street': {'number': 6277, 'name': 'Rue du Moulin'}, 'city': 'Saint-Pierre', 'state': 'Aisne', 'c...</msg>
<var>${json_data}</var>
<arg>${response.json()}</arg>
<doc>Returns the given values which can then be assigned to a variables.</doc>
<status status="PASS" start="2024-08-10T13:16:41.631030" elapsed="0.000476"/>
</kw>
<kw name="Log" owner="BuiltIn">
<msg time="2024-08-10T13:16:41.631964" level="INFO">{'results': [{'gender': 'male', 'name': {'title': 'Mr', 'first': 'Nils', 'last': 'Noel'}, 'location': {'street': {'number': 6277, 'name': 'Rue du Moulin'}, 'city': 'Saint-Pierre', 'state': 'Aisne', 'country': 'France', 'postcode': 77228, 'coordinates': {'latitude': '-17.5424', 'longitude': '-53.0346'}, 'timezone': {'offset': '+3:00', 'description': 'Baghdad, Riyadh, Moscow, St. Petersburg'}}, 'email': 'nils.noel@example.com', 'login': {'uuid': 'bc8add0b-e975-40a6-814b-b6d47b2f7809', 'username': 'crazypeacock740', 'password': 'aaaaaa1', 'salt': '4JEvaPyV', 'md5': '251345330b398731b33c2f64e83ebe8d', 'sha1': '2c174c4f9ab2fcd0379f4b9c7df8cd66d6120af1', 'sha256': 'ea7ff478d0ecde9c378035924fc9c7f867df12b15fd99189b59918a458bbf158'}, 'dob': {'date': '1969-04-10T04:16:01.326Z', 'age': 55}, 'registered': {'date': '2019-01-05T05:49:24.074Z', 'age': 5}, 'phone': '03-71-94-50-58', 'cell': '06-96-74-73-52', 'id': {'name': 'INSEE', 'value': '1690350135297 38'}, 'picture': {'large': 'https://randomuser.me/api/portraits/men/28.jpg', 'medium': 'https://randomuser.me/api/portraits/med/men/28.jpg', 'thumbnail': 'https://randomuser.me/api/portraits/thumb/men/28.jpg'}, 'nat': 'FR'}], 'info': {'seed': '2458cef2f503be9a', 'results': 1, 'page': 1, 'version': '1.4'}}</msg>
<arg>${json_data}</arg>
<doc>Logs the given message with the given level.</doc>
<status status="PASS" start="2024-08-10T13:16:41.631812" elapsed="0.000200"/>
</kw>
<kw name="Should Be Equal As Numbers" owner="BuiltIn">
<arg>${json_data['results'][0]['location']['postcode']}</arg>
<arg>${json_data['results'][0]['location']['postcode']}</arg>
<doc>Fails if objects are unequal after converting them to real numbers.</doc>
<status status="PASS" start="2024-08-10T13:16:41.632302" elapsed="0.000618"/>
</kw>
<kw name="Log" owner="BuiltIn">
<msg time="2024-08-10T13:16:41.633446" level="INFO">77228</msg>
<arg>${json_data['results'][0]['location']['postcode']}</arg>
<doc>Logs the given message with the given level.</doc>
<status status="PASS" start="2024-08-10T13:16:41.633110" elapsed="0.000376"/>
</kw>
<status status="PASS" start="2024-08-10T13:16:41.544530" elapsed="0.089241"/>
</kw>
<doc>Testa se os tipos de dados na resposta da API estão corretos.</doc>
<tag>testeTiposDados</tag>
<status status="PASS" start="2024-08-10T13:16:41.477672" elapsed="0.156261"/>
</test>
<test id="s1-s1-t5" name="Validar conteudo" line="35">
<kw name="Teste de Tipos de Conteudo" owner="random-user-service">
<kw name="GET On Session" owner="RequestsLibrary">
<msg time="2024-08-10T13:16:41.725421" level="INFO">GET Request : url=https://randomuser.me/api 
 path_url=/api 
 headers={'User-Agent': 'python-requests/2.32.3', 'Accept-Encoding': 'gzip, deflate', 'Accept': '*/*', 'Connection': 'keep-alive'} 
 body=None 
 </msg>
<msg time="2024-08-10T13:16:41.725497" level="INFO">GET Response : url=https://randomuser.me/api 
 status=200, reason=OK 
 headers={'Date': 'Sat, 10 Aug 2024 13:16:41 GMT', 'Content-Type': 'application/json; charset=utf-8', 'Transfer-Encoding': 'chunked', 'Connection': 'keep-alive', 'X-Powered-By': 'Express', 'Access-Control-Allow-Origin': '*', 'Cache-Control': 'no-cache', 'ETag': 'W/"4ac-5ujjLeHxHnRCzrVUeztdUSn8Bdc"', 'Vary': 'Accept-Encoding', 'Content-Encoding': 'gzip', 'CF-Cache-Status': 'DYNAMIC', 'Report-To': '{"endpoints":[{"url":"https:\\/\\/a.nel.cloudflare.com\\/report\\/v4?s=xMGu0hPds7DqaRcOFHu7lDDcEEZqLWN68JL0zUXuIoCT3tOskqePZP9ONPD5PAt%2FyeDkLUOnPHxmTx6ub0ZLAtREZLmvv8TQQhSIklN1tvZ1JIMoD8ohlDrs2rkPMTU3"}],"group":"cf-nel","max_age":604800}', 'NEL': '{"success_fraction":0,"report_to":"cf-nel","max_age":604800}', 'Server': 'cloudflare', 'CF-RAY': '8b1043083d906166-ORD', 'alt-svc': 'h3=":443"; ma=86400'} 
 body={"results":[{"gender":"male","name":{"title":"Mr","first":"Alejandro","last":"Murillo"},"location":{"street":{"number":3036,"name":"Eje vial Lucio"},"city":"San Juan Cacahuatepec","state":"Guerrero","country":"Mexico","postcode":37480,"coordinates":{"latitude":"27.5026","longitude":"-140.5880"},"timezone":{"offset":"-5:00","description":"Eastern Time (US &amp; Canada), Bogota, Lima"}},"email":"alejandro.murillo@example.com","login":{"uuid":"09349b64-2a46-4e43-8f54-44b2ec6627ef","username":"goldenfish342","password":"zach","salt":"jNsy6ppX","md5":"22b4205d28a490752b6220880058c571","sha1":"a5d96323e3f1d285664645c942e5745cede5a322","sha256":"a0aeec8485247d07c4f3fee3fc2c1a2480431308f7452047deda67bc032f4f26"},"dob":{"date":"1962-02-03T10:46:26.928Z","age":62},"registered":{"date":"2016-12-11T04:10:54.678Z","age":7},"phone":"(697) 331 4991","cell":"(640) 994 2171","id":{"name":"NSS","value":"38 11 67 0478 0"},"picture":{"large":"https://randomuser.me/api/portraits/men/13.jpg","medium":"https://randomuser.me/api/portraits/med/men/13.jpg","thumbnail":"https://randomuser.me/api/portraits/thumb/men/13.jpg"},"nat":"MX"}],"info":{"seed":"fdf7c01a86b0eb85","results":1,"page":1,"version":"1.4"}} 
 </msg>
<msg time="2024-08-10T13:16:41.725567" level="INFO">/opt/hostedtoolcache/Python/3.12.4/x64/lib/python3.12/site-packages/urllib3/connectionpool.py:1099: InsecureRequestWarning: Unverified HTTPS request is being made to host 'randomuser.me'. Adding certificate verification is strongly advised. See: https://urllib3.readthedocs.io/en/latest/advanced-usage.html#tls-warnings
  warnings.warn(</msg>
<msg time="2024-08-10T13:16:41.725692" level="INFO">${response} = &lt;Response [200]&gt;</msg>
<var>${response}</var>
<arg>consultarAPI</arg>
<arg>/api</arg>
<doc>Sends a GET request on a previously created HTTP Session.</doc>
<status status="PASS" start="2024-08-10T13:16:41.636444" elapsed="0.089301"/>
</kw>
<kw name="Set Variable" owner="BuiltIn">
<msg time="2024-08-10T13:16:41.726735" level="INFO">${json_data} = {'results': [{'gender': 'male', 'name': {'title': 'Mr', 'first': 'Alejandro', 'last': 'Murillo'}, 'location': {'street': {'number': 3036, 'name': 'Eje vial Lucio'}, 'city': 'San Juan Cacahuatepec', 's...</msg>
<var>${json_data}</var>
<arg>${response.json()}</arg>
<doc>Returns the given values which can then be assigned to a variables.</doc>
<status status="PASS" start="2024-08-10T13:16:41.726240" elapsed="0.000536"/>
</kw>
<kw name="Set Variable" owner="BuiltIn">
<msg time="2024-08-10T13:16:41.727462" level="INFO">${name_title} = Mr</msg>
<var>${name_title}</var>
<arg>${json_data["results"][0]["name"]["title"]}</arg>
<doc>Returns the given values which can then be assigned to a variables.</doc>
<status status="PASS" start="2024-08-10T13:16:41.727083" elapsed="0.000404"/>
</kw>
<kw name="Create List" owner="BuiltIn">
<msg time="2024-08-10T13:16:41.727933" level="INFO">${allowed_titles} = ['Mr', 'Ms', 'Miss', 'Mrs', 'Madame', 'Monsieur']</msg>
<var>${allowed_titles}</var>
<arg>Mr</arg>
<arg>Ms</arg>
<arg>Miss</arg>
<arg>Mrs</arg>
<arg>Madame</arg>
<arg>Monsieur</arg>
<doc>Returns a list containing given items.</doc>
<status status="PASS" start="2024-08-10T13:16:41.727778" elapsed="0.000180"/>
</kw>
<kw name="List Should Contain Value" owner="Collections">
<arg>${allowed_titles}</arg>
<arg>${name_title}</arg>
<doc>Fails if the ``value`` is not found from ``list``.</doc>
<status status="PASS" start="2024-08-10T13:16:41.728251" elapsed="0.000171"/>
</kw>
<kw name="Set Variable" owner="BuiltIn">
<msg time="2024-08-10T13:16:41.728986" level="INFO">${name_country} = MX</msg>
<var>${name_country}</var>
<arg>${json_data["results"][0]["nat"]}</arg>
<doc>Returns the given values which can then be assigned to a variables.</doc>
<status status="PASS" start="2024-08-10T13:16:41.728616" elapsed="0.000396"/>
</kw>
<kw name="Create List" owner="BuiltIn">
<msg time="2024-08-10T13:16:41.729905" level="INFO">${list_country} = ['AD', 'AE', 'AF', 'AG', 'AI', 'AL', 'AM', 'AO', 'AQ', 'AR', 'AS', 'AT', 'AU', 'AW', 'AX', 'AZ', 'BA', 'BB', 'BD', 'BE', 'BF', 'BG', 'BH', 'BI', 'BJ', 'BL', 'BM', 'BN', 'BO', 'BQ', 'BR', 'BS', 'BT', '...</msg>
<var>${list_country}</var>
<arg>AD</arg>
<arg>AE</arg>
<arg>AF</arg>
<arg>AG</arg>
<arg>AI</arg>
<arg>AL</arg>
<arg>AM</arg>
<arg>AO</arg>
<arg>AQ</arg>
<arg>AR</arg>
<arg>AS</arg>
<arg>AT</arg>
<arg>AU</arg>
<arg>AW</arg>
<arg>AX</arg>
<arg>AZ</arg>
<arg>BA</arg>
<arg>BB</arg>
<arg>BD</arg>
<arg>BE</arg>
<arg>BF</arg>
<arg>BG</arg>
<arg>BH</arg>
<arg>BI</arg>
<arg>BJ</arg>
<arg>BL</arg>
<arg>BM</arg>
<arg>BN</arg>
<arg>BO</arg>
<arg>BQ</arg>
<arg>BR</arg>
<arg>BS</arg>
<arg>BT</arg>
<arg>BV</arg>
<arg>BW</arg>
<arg>BY</arg>
<arg>BZ</arg>
<arg>CA</arg>
<arg>CC</arg>
<arg>CD</arg>
<arg>CF</arg>
<arg>CG</arg>
<arg>CH</arg>
<arg>CI</arg>
<arg>CK</arg>
<arg>CL</arg>
<arg>CM</arg>
<arg>CN</arg>
<arg>CO</arg>
<arg>CR</arg>
<arg>CU</arg>
<arg>CV</arg>
<arg>CW</arg>
<arg>CX</arg>
<arg>CY</arg>
<arg>CZ</arg>
<arg>DE</arg>
<arg>DJ</arg>
<arg>DK</arg>
<arg>DM</arg>
<arg>DO</arg>
<arg>DZ</arg>
<arg>EC</arg>
<arg>EE</arg>
<arg>EG</arg>
<arg>EH</arg>
<arg>ER</arg>
<arg>ES</arg>
<arg>ET</arg>
<arg>FI</arg>
<arg>FJ</arg>
<arg>FK</arg>
<arg>FM</arg>
<arg>FO</arg>
<arg>FR</arg>
<arg>GA</arg>
<arg>GB</arg>
<arg>GD</arg>
<arg>GE</arg>
<arg>GF</arg>
<arg>GG</arg>
<arg>GH</arg>
<arg>GI</arg>
<arg>GL</arg>
<arg>GM</arg>
<arg>GN</arg>
<arg>GP</arg>
<arg>GQ</arg>
<arg>GR</arg>
<arg>GS</arg>
<arg>GT</arg>
<arg>GU</arg>
<arg>GW</arg>
<arg>GY</arg>
<arg>HK</arg>
<arg>HM</arg>
<arg>HN</arg>
<arg>HR</arg>
<arg>HT</arg>
<arg>HU</arg>
<arg>ID</arg>
<arg>IE</arg>
<arg>IL</arg>
<arg>IM</arg>
<arg>IN</arg>
<arg>IO</arg>
<arg>IQ</arg>
<arg>IR</arg>
<arg>IS</arg>
<arg>IT</arg>
<arg>JE</arg>
<arg>JM</arg>
<arg>JO</arg>
<arg>JP</arg>
<arg>KE</arg>
<arg>KG</arg>
<arg>KH</arg>
<arg>KI</arg>
<arg>KM</arg>
<arg>KN</arg>
<arg>KP</arg>
<arg>KR</arg>
<arg>KW</arg>
<arg>KY</arg>
<arg>KZ</arg>
<arg>LA</arg>
<arg>LB</arg>
<arg>LC</arg>
<arg>LI</arg>
<arg>LK</arg>
<arg>LR</arg>
<arg>LS</arg>
<arg>LT</arg>
<arg>LU</arg>
<arg>LV</arg>
<arg>LY</arg>
<arg>MA</arg>
<arg>MC</arg>
<arg>MD</arg>
<arg>ME</arg>
<arg>MF</arg>
<arg>MG</arg>
<arg>MH</arg>
<arg>MK</arg>
<arg>ML</arg>
<arg>MM</arg>
<arg>MN</arg>
<arg>MO</arg>
<arg>MP</arg>
<arg>MQ</arg>
<arg>MR</arg>
<arg>MS</arg>
<arg>MT</arg>
<arg>MU</arg>
<arg>MV</arg>
<arg>MW</arg>
<arg>MX</arg>
<arg>MY</arg>
<arg>MZ</arg>
<arg>NA</arg>
<arg>NC</arg>
<arg>NE</arg>
<arg>NF</arg>
<arg>NG</arg>
<arg>NI</arg>
<arg>NL</arg>
<arg>NO</arg>
<arg>NP</arg>
<arg>NR</arg>
<arg>NU</arg>
<arg>NZ</arg>
<arg>OM</arg>
<arg>PA</arg>
<arg>PE</arg>
<arg>PF</arg>
<arg>PG</arg>
<arg>PH</arg>
<arg>PK</arg>
<arg>PL</arg>
<arg>PM</arg>
<arg>PN</arg>
<arg>PR</arg>
<arg>PS</arg>
<arg>PT</arg>
<arg>PW</arg>
<arg>PY</arg>
<arg>QA</arg>
<arg>RE</arg>
<arg>RO</arg>
<arg>RS</arg>
<arg>RU</arg>
<arg>RW</arg>
<arg>SA</arg>
<arg>SB</arg>
<arg>SC</arg>
<arg>SD</arg>
<arg>SE</arg>
<arg>SG</arg>
<arg>SH</arg>
<arg>SI</arg>
<arg>SJ</arg>
<arg>SK</arg>
<arg>SL</arg>
<arg>SM</arg>
<arg>SN</arg>
<arg>SO</arg>
<arg>SR</arg>
<arg>SS</arg>
<arg>ST</arg>
<arg>SV</arg>
<arg>SX</arg>
<arg>SY</arg>
<arg>SZ</arg>
<arg>TC</arg>
<arg>TD</arg>
<arg>TF</arg>
<arg>TG</arg>
<arg>TH</arg>
<arg>TJ</arg>
<arg>TK</arg>
<arg>TL</arg>
<arg>TM</arg>
<arg>TN</arg>
<arg>TO</arg>
<arg>TR</arg>
<arg>TT</arg>
<arg>TV</arg>
<arg>TW</arg>
<arg>TZ</arg>
<arg>UA</arg>
<arg>UG</arg>
<arg>UM</arg>
<arg>US</arg>
<arg>UY</arg>
<arg>UZ</arg>
<arg>VA</arg>
<arg>VC</arg>
<arg>VE</arg>
<arg>VG</arg>
<arg>VI</arg>
<arg>VN</arg>
<arg>VU</arg>
<arg>WF</arg>
<arg>WS</arg>
<arg>XK</arg>
<arg>YE</arg>
<arg>YT</arg>
<arg>ZA</arg>
<arg>ZM</arg>
<arg>ZW</arg>
<doc>Returns a list containing given items.</doc>
<status status="PASS" start="2024-08-10T13:16:41.729301" elapsed="0.000631"/>
</kw>
<kw name="List Should Contain Value" owner="Collections">
<arg>${list_country}</arg>
<arg>${name_country}</arg>
<doc>Fails if the ``value`` is not found from ``list``.</doc>
<status status="PASS" start="2024-08-10T13:16:41.730889" elapsed="0.000209"/>
</kw>
<kw name="Run Keyword If" owner="BuiltIn">
<kw name="Should Be True" owner="BuiltIn">
<arg>${True}</arg>
<doc>Fails if the given condition is not true.</doc>
<status status="PASS" start="2024-08-10T13:16:41.732036" elapsed="0.000142"/>
</kw>
<arg>${json_data["results"][0]["location"]["coordinates"]["latitude"]} &gt;= -90 and ${json_data["results"][0]["location"]["coordinates"]["latitude"]} &lt;= 90</arg>
<arg>Should Be True</arg>
<arg>${True}</arg>
<doc>Runs the given keyword with the given arguments, if ``condition`` is true.</doc>
<status status="PASS" start="2024-08-10T13:16:41.731296" elapsed="0.001005"/>
</kw>
<kw name="Run Keyword If" owner="BuiltIn">
<kw name="Should Be True" owner="BuiltIn">
<arg>${True}</arg>
<doc>Fails if the given condition is not true.</doc>
<status status="PASS" start="2024-08-10T13:16:41.733162" elapsed="0.000133"/>
</kw>
<arg>${json_data["results"][0]["location"]["coordinates"]["longitude"]} &gt;= -180 and ${json_data["results"][0]["location"]["coordinates"]["longitude"]} &lt;= 180</arg>
<arg>Should Be True</arg>
<arg>${True}</arg>
<doc>Runs the given keyword with the given arguments, if ``condition`` is true.</doc>
<status status="PASS" start="2024-08-10T13:16:41.732478" elapsed="0.000936"/>
</kw>
<status status="PASS" start="2024-08-10T13:16:41.636226" elapsed="0.097311"/>
</kw>
<doc>Testa o conteúdo específico dos campos retornados pela API.</doc>
<tag>testeConteudo</tag>
<status status="PASS" start="2024-08-10T13:16:41.635709" elapsed="0.097966"/>
</test>
<status status="PASS" start="2024-08-10T13:16:40.909466" elapsed="0.826163"/>
</suite>
<status status="PASS" start="2024-08-10T13:16:40.894793" elapsed="0.845967"/>
</suite>
<statistics>
<total>
<stat pass="5" fail="0" skip="0">All Tests</stat>
</total>
<tag>
<stat pass="1" fail="0" skip="0">testeConteudo</stat>
<stat pass="1" fail="0" skip="0">testeEstruturaResposta</stat>
<stat pass="1" fail="0" skip="0">testeRequisicaoBasica</stat>
<stat pass="1" fail="0" skip="0">testeTiposDados</stat>
</tag>
<suite>
<stat pass="5" fail="0" skip="0" id="s1" name="Tests">Tests</stat>
<stat pass="5" fail="0" skip="0" id="s1-s1" name="Random-User-Test">Tests.Random-User-Test</stat>
</suite>
</statistics>
<errors>
</errors>
</robot>
