<?xml version="1.0" encoding="UTF-8"?>
<robot generator="Robot 7.0 (Python 3.12.3 on linux)" generated="2024-04-17T21:14:03.950238" rpa="false" schemaversion="5">
<suite id="s1" name="Tests" source="/home/runner/work/DesafioQAItauRogerioJordao/DesafioQAItauRogerioJordao/RamdonUser/tests">
<suite id="s1-s1" name="Random-User-Test" source="/home/runner/work/DesafioQAItauRogerioJordao/DesafioQAItauRogerioJordao/RamdonUser/tests/random-user-test.robot">
<test id="s1-s1-t1" name="Conectar" line="13">
<kw name="Conectar API" owner="random-user-service">
<kw name="Create Session" owner="RequestsLibrary">
<msg time="2024-04-17T21:14:04.317887" level="INFO">Creating Session using : alias=consultarAPI, url=https://randomuser.me/, headers={},                     cookies={}, auth=None, timeout=None, proxies=None, verify=False,                     debug=0 </msg>
<arg>consultarAPI</arg>
<arg>${URL}</arg>
<doc>Create Session: create a HTTP session to a server</doc>
<status status="PASS" start="2024-04-17T21:14:04.317657" elapsed="0.000436"/>
</kw>
<status status="PASS" start="2024-04-17T21:14:04.316595" elapsed="0.001894"/>
</kw>
<status status="PASS" start="2024-04-17T21:14:04.315851" elapsed="0.002853"/>
</test>
<test id="s1-s1-t2" name="Validar retorno 200 e JSON Válido" line="16">
<kw name="Teste de Requisicao Basica" owner="random-user-service">
<kw name="GET On Session" owner="RequestsLibrary">
<msg time="2024-04-17T21:14:04.580174" level="INFO">GET Request : url=https://randomuser.me/api 
 path_url=/api 
 headers={'User-Agent': 'python-requests/2.31.0', 'Accept-Encoding': 'gzip, deflate', 'Accept': '*/*', 'Connection': 'keep-alive'} 
 body=None 
 </msg>
<msg time="2024-04-17T21:14:04.580338" level="INFO">GET Response : url=https://randomuser.me/api 
 status=200, reason=OK 
 headers={'Date': 'Wed, 17 Apr 2024 21:14:04 GMT', 'Content-Type': 'application/json; charset=utf-8', 'Transfer-Encoding': 'chunked', 'Connection': 'keep-alive', 'X-Powered-By': 'Express', 'Access-Control-Allow-Origin': '*', 'Cache-Control': 'no-cache', 'ETag': 'W/"469-wd9zVMGzia0zZrYpUW3/0FY5jPQ"', 'Vary': 'Accept-Encoding', 'Content-Encoding': 'gzip', 'CF-Cache-Status': 'DYNAMIC', 'Report-To': '{"endpoints":[{"url":"https:\\/\\/a.nel.cloudflare.com\\/report\\/v4?s=OdCxT4YDVIawXp9lHZAZkpVMYHRLHD78u2qnOclVqz9K%2Fhg2G57lur3W2StbRFktzIp4JarxP94I6XWlVGAL%2FFaJcqKQZcgBuPfWK77rjg96JccNnl2Khnb6si6rDUdD"}],"group":"cf-nel","max_age":604800}', 'NEL': '{"success_fraction":0,"report_to":"cf-nel","max_age":604800}', 'Server': 'cloudflare', 'CF-RAY': '875f6c31f8187cf1-LAX', 'alt-svc': 'h3=":443"; ma=86400'} 
 body={"results":[{"gender":"male","name":{"title":"Mr","first":"Hudson","last":"Morris"},"location":{"street":{"number":2859,"name":"Wairau Road"},"city":"Porirua","state":"Southland","country":"New Zealand","postcode":66705,"coordinates":{"latitude":"50.4167","longitude":"-147.1064"},"timezone":{"offset":"-10:00","description":"Hawaii"}},"email":"hudson.morris@example.com","login":{"uuid":"7814faaa-ea08-4861-aabb-936f2df1b690","username":"sadpanda634","password":"muscle","salt":"3NdFHAgQ","md5":"f3e8fd3bca011178f53e8360ce01728f","sha1":"9b8889dafe76aa0165cc50d81a0256df543d49e9","sha256":"939c50d938ccca8cc796f6c4e9cd3243daf69789107795d9d0504b9599f46e13"},"dob":{"date":"1955-07-23T21:04:29.398Z","age":68},"registered":{"date":"2010-11-16T19:38:00.635Z","age":13},"phone":"(189)-074-6026","cell":"(519)-428-1861","id":{"name":"","value":null},"picture":{"large":"https://randomuser.me/api/portraits/men/95.jpg","medium":"https://randomuser.me/api/portraits/med/men/95.jpg","thumbnail":"https://randomuser.me/api/portraits/thumb/men/95.jpg"},"nat":"NZ"}],"info":{"seed":"5696a82b57cd8073","results":1,"page":1,"version":"1.4"}} 
 </msg>
<msg time="2024-04-17T21:14:04.580423" level="INFO">/opt/hostedtoolcache/Python/3.12.3/x64/lib/python3.12/site-packages/urllib3/connectionpool.py:1103: InsecureRequestWarning: Unverified HTTPS request is being made to host 'randomuser.me'. Adding certificate verification is strongly advised. See: https://urllib3.readthedocs.io/en/latest/advanced-usage.html#tls-warnings
  warnings.warn(</msg>
<msg time="2024-04-17T21:14:04.580574" level="INFO">${response} = &lt;Response [200]&gt;</msg>
<var>${response}</var>
<arg>consultarAPI</arg>
<arg>/api</arg>
<doc>Sends a GET request on a previously created HTTP Session.</doc>
<status status="PASS" start="2024-04-17T21:14:04.321558" elapsed="0.259060"/>
</kw>
<kw name="Should Be Equal As Numbers" owner="BuiltIn">
<msg time="2024-04-17T21:14:04.581683" level="INFO">Argument types are:
&lt;class 'int'&gt;
&lt;class 'str'&gt;</msg>
<arg>${response.status_code}</arg>
<arg>200</arg>
<doc>Fails if objects are unequal after converting them to real numbers.</doc>
<status status="PASS" start="2024-04-17T21:14:04.581213" elapsed="0.000539"/>
</kw>
<kw name="Log" owner="BuiltIn">
<msg time="2024-04-17T21:14:04.582499" level="INFO">200</msg>
<arg>${response.status_code}</arg>
<doc>Logs the given message with the given level.</doc>
<status status="PASS" start="2024-04-17T21:14:04.582123" elapsed="0.000421"/>
</kw>
<kw name="Set Variable" owner="BuiltIn">
<msg time="2024-04-17T21:14:04.583356" level="INFO">${json_data} = {'results': [{'gender': 'male', 'name': {'title': 'Mr', 'first': 'Hudson', 'last': 'Morris'}, 'location': {'street': {'number': 2859, 'name': 'Wairau Road'}, 'city': 'Porirua', 'state': 'Southland', '...</msg>
<var>${json_data}</var>
<arg>${response.json()}</arg>
<doc>Returns the given values which can then be assigned to a variables.</doc>
<status status="PASS" start="2024-04-17T21:14:04.582872" elapsed="0.000513"/>
</kw>
<kw name="Dictionary Should Contain Key" owner="Collections">
<msg time="2024-04-17T21:14:04.583871" level="INFO">False</msg>
<arg>${json_data}</arg>
<arg>results</arg>
<doc>Fails if ``key`` is not found from ``dictionary``.</doc>
<status status="PASS" start="2024-04-17T21:14:04.583697" elapsed="0.000221"/>
</kw>
<status status="PASS" start="2024-04-17T21:14:04.321275" elapsed="0.262923"/>
</kw>
<doc>Testa se a API responde corretamente e retorna um objeto JSON válido.</doc>
<tag>testeRequisicaoBasica</tag>
<status status="PASS" start="2024-04-17T21:14:04.320688" elapsed="0.263713"/>
</test>
<test id="s1-s1-t3" name="Validar estrutura de resposta" line="22">
<kw name="Teste de Estrutura de Resposta" owner="random-user-service">
<kw name="GET On Session" owner="RequestsLibrary">
<msg time="2024-04-17T21:14:04.684274" level="INFO">GET Request : url=https://randomuser.me/api 
 path_url=/api 
 headers={'User-Agent': 'python-requests/2.31.0', 'Accept-Encoding': 'gzip, deflate', 'Accept': '*/*', 'Connection': 'keep-alive'} 
 body=None 
 </msg>
<msg time="2024-04-17T21:14:04.684377" level="INFO">GET Response : url=https://randomuser.me/api 
 status=200, reason=OK 
 headers={'Date': 'Wed, 17 Apr 2024 21:14:04 GMT', 'Content-Type': 'application/json; charset=utf-8', 'Transfer-Encoding': 'chunked', 'Connection': 'keep-alive', 'X-Powered-By': 'Express', 'Access-Control-Allow-Origin': '*', 'Cache-Control': 'no-cache', 'ETag': 'W/"489-01uKe5A/fHWf56ghkc7/U6feaw0"', 'Vary': 'Accept-Encoding', 'Content-Encoding': 'gzip', 'CF-Cache-Status': 'DYNAMIC', 'Report-To': '{"endpoints":[{"url":"https:\\/\\/a.nel.cloudflare.com\\/report\\/v4?s=wL5hCpZ5%2FeWq6ry40xsyOWCli5a9xAht58LMzVCvwJPzGUp%2B8EAyLJc6HHkxO5KAHCAjq0B55g%2FUaH%2FfLQppMvUk4%2F%2B3F681Z6MrnxE34UlgKPNDUN1rAMgeM2LgnGTm"}],"group":"cf-nel","max_age":604800}', 'NEL': '{"success_fraction":0,"report_to":"cf-nel","max_age":604800}', 'Server': 'cloudflare', 'CF-RAY': '875f6c32a8c87cf1-LAX', 'alt-svc': 'h3=":443"; ma=86400'} 
 body={"results":[{"gender":"male","name":{"title":"Mr","first":"Luka","last":"Carpentier"},"location":{"street":{"number":1098,"name":"Rue de L'Abbaye"},"city":"Argenteuil","state":"Nord","country":"France","postcode":65186,"coordinates":{"latitude":"-19.9177","longitude":"-114.1720"},"timezone":{"offset":"-2:00","description":"Mid-Atlantic"}},"email":"luka.carpentier@example.com","login":{"uuid":"826181b9-fe94-411a-8d09-481ded67eec6","username":"angrymeercat343","password":"sunnyday","salt":"96IsgfOb","md5":"3e7ae3eb565115a96f85054e68270447","sha1":"508a1ca88e65c0732e62bd085fa122e9e9613182","sha256":"fc0ab325d8201dd951d86c9274a85828865584393cebfbd41c53407d731c9fe7"},"dob":{"date":"1973-03-18T11:34:57.300Z","age":51},"registered":{"date":"2004-06-04T18:32:16.354Z","age":19},"phone":"05-84-49-97-46","cell":"06-37-46-65-44","id":{"name":"INSEE","value":"1730211010600 58"},"picture":{"large":"https://randomuser.me/api/portraits/men/84.jpg","medium":"https://randomuser.me/api/portraits/med/men/84.jpg","thumbnail":"https://randomuser.me/api/portraits/thumb/men/84.jpg"},"nat":"FR"}],"info":{"seed":"11a9d78cea48a4af","results":1,"page":1,"version":"1.4"}} 
 </msg>
<msg time="2024-04-17T21:14:04.684507" level="INFO">/opt/hostedtoolcache/Python/3.12.3/x64/lib/python3.12/site-packages/urllib3/connectionpool.py:1103: InsecureRequestWarning: Unverified HTTPS request is being made to host 'randomuser.me'. Adding certificate verification is strongly advised. See: https://urllib3.readthedocs.io/en/latest/advanced-usage.html#tls-warnings
  warnings.warn(</msg>
<msg time="2024-04-17T21:14:04.684646" level="INFO">${response} = &lt;Response [200]&gt;</msg>
<var>${response}</var>
<arg>consultarAPI</arg>
<arg>/api</arg>
<doc>Sends a GET request on a previously created HTTP Session.</doc>
<status status="PASS" start="2024-04-17T21:14:04.587234" elapsed="0.097450"/>
</kw>
<kw name="Set Variable" owner="BuiltIn">
<msg time="2024-04-17T21:14:04.685879" level="INFO">${json_data} = {'results': [{'gender': 'male', 'name': {'title': 'Mr', 'first': 'Luka', 'last': 'Carpentier'}, 'location': {'street': {'number': 1098, 'name': "Rue de L'Abbaye"}, 'city': 'Argenteuil', 'state': 'Nord...</msg>
<var>${json_data}</var>
<arg>${response.json()}</arg>
<doc>Returns the given values which can then be assigned to a variables.</doc>
<status status="PASS" start="2024-04-17T21:14:04.685314" elapsed="0.000594"/>
</kw>
<kw name="Log" owner="BuiltIn">
<msg time="2024-04-17T21:14:04.686392" level="INFO">{'results': [{'gender': 'male', 'name': {'title': 'Mr', 'first': 'Luka', 'last': 'Carpentier'}, 'location': {'street': {'number': 1098, 'name': "Rue de L'Abbaye"}, 'city': 'Argenteuil', 'state': 'Nord', 'country': 'France', 'postcode': 65186, 'coordinates': {'latitude': '-19.9177', 'longitude': '-114.1720'}, 'timezone': {'offset': '-2:00', 'description': 'Mid-Atlantic'}}, 'email': 'luka.carpentier@example.com', 'login': {'uuid': '826181b9-fe94-411a-8d09-481ded67eec6', 'username': 'angrymeercat343', 'password': 'sunnyday', 'salt': '96IsgfOb', 'md5': '3e7ae3eb565115a96f85054e68270447', 'sha1': '508a1ca88e65c0732e62bd085fa122e9e9613182', 'sha256': 'fc0ab325d8201dd951d86c9274a85828865584393cebfbd41c53407d731c9fe7'}, 'dob': {'date': '1973-03-18T11:34:57.300Z', 'age': 51}, 'registered': {'date': '2004-06-04T18:32:16.354Z', 'age': 19}, 'phone': '05-84-49-97-46', 'cell': '06-37-46-65-44', 'id': {'name': 'INSEE', 'value': '1730211010600 58'}, 'picture': {'large': 'https://randomuser.me/api/portraits/men/84.jpg', 'medium': 'https://randomuser.me/api/portraits/med/men/84.jpg', 'thumbnail': 'https://randomuser.me/api/portraits/thumb/men/84.jpg'}, 'nat': 'FR'}], 'info': {'seed': '11a9d78cea48a4af', 'results': 1, 'page': 1, 'version': '1.4'}}</msg>
<arg>${json_data}</arg>
<doc>Logs the given message with the given level.</doc>
<status status="PASS" start="2024-04-17T21:14:04.686220" elapsed="0.000220"/>
</kw>
<kw name="Dictionary Should Contain Key" owner="Collections">
<msg time="2024-04-17T21:14:04.686895" level="INFO">False</msg>
<arg>${json_data}</arg>
<arg>results</arg>
<doc>Fails if ``key`` is not found from ``dictionary``.</doc>
<status status="PASS" start="2024-04-17T21:14:04.686735" elapsed="0.000196"/>
</kw>
<kw name="Should Not Be Empty" owner="BuiltIn">
<msg time="2024-04-17T21:14:04.687402" level="INFO">Length is 2.</msg>
<arg>${json_data}</arg>
<doc>Verifies that the given item is not empty.</doc>
<status status="PASS" start="2024-04-17T21:14:04.687263" elapsed="0.000177"/>
</kw>
<kw name="Create List" owner="BuiltIn">
<msg time="2024-04-17T21:14:04.688054" level="INFO">${expected_keys} = ['gender', 'name', 'location', 'email', 'login']</msg>
<var>${expected_keys}</var>
<arg>gender</arg>
<arg>name</arg>
<arg>location</arg>
<arg>email</arg>
<arg>login</arg>
<doc>Returns a list containing given items.</doc>
<status status="PASS" start="2024-04-17T21:14:04.687744" elapsed="0.000335"/>
</kw>
<for flavor="IN">
<iter>
<kw name="Dictionary Should Contain Key" owner="Collections">
<msg time="2024-04-17T21:14:04.689083" level="INFO">False</msg>
<arg>${json_data['results'][0]}</arg>
<arg>${key}</arg>
<doc>Fails if ``key`` is not found from ``dictionary``.</doc>
<status status="PASS" start="2024-04-17T21:14:04.688673" elapsed="0.000448"/>
</kw>
<kw name="Log" owner="BuiltIn">
<msg time="2024-04-17T21:14:04.689792" level="INFO">{'gender': 'male', 'name': {'title': 'Mr', 'first': 'Luka', 'last': 'Carpentier'}, 'location': {'street': {'number': 1098, 'name': "Rue de L'Abbaye"}, 'city': 'Argenteuil', 'state': 'Nord', 'country': 'France', 'postcode': 65186, 'coordinates': {'latitude': '-19.9177', 'longitude': '-114.1720'}, 'timezone': {'offset': '-2:00', 'description': 'Mid-Atlantic'}}, 'email': 'luka.carpentier@example.com', 'login': {'uuid': '826181b9-fe94-411a-8d09-481ded67eec6', 'username': 'angrymeercat343', 'password': 'sunnyday', 'salt': '96IsgfOb', 'md5': '3e7ae3eb565115a96f85054e68270447', 'sha1': '508a1ca88e65c0732e62bd085fa122e9e9613182', 'sha256': 'fc0ab325d8201dd951d86c9274a85828865584393cebfbd41c53407d731c9fe7'}, 'dob': {'date': '1973-03-18T11:34:57.300Z', 'age': 51}, 'registered': {'date': '2004-06-04T18:32:16.354Z', 'age': 19}, 'phone': '05-84-49-97-46', 'cell': '06-37-46-65-44', 'id': {'name': 'INSEE', 'value': '1730211010600 58'}, 'picture': {'large': 'https://randomuser.me/api/portraits/men/84.jpg', 'medium': 'https://randomuser.me/api/portraits/med/men/84.jpg', 'thumbnail': 'https://randomuser.me/api/portraits/thumb/men/84.jpg'}, 'nat': 'FR'}</msg>
<arg>${json_data['results'][0]}</arg>
<doc>Logs the given message with the given level.</doc>
<status status="PASS" start="2024-04-17T21:14:04.689427" elapsed="0.000413"/>
</kw>
<kw name="Log" owner="BuiltIn">
<msg time="2024-04-17T21:14:04.690264" level="INFO">gender</msg>
<arg>${key}</arg>
<doc>Logs the given message with the given level.</doc>
<status status="PASS" start="2024-04-17T21:14:04.690135" elapsed="0.000166"/>
</kw>
<var name="${key}">gender</var>
<status status="PASS" start="2024-04-17T21:14:04.688545" elapsed="0.001969"/>
</iter>
<iter>
<kw name="Dictionary Should Contain Key" owner="Collections">
<msg time="2024-04-17T21:14:04.691231" level="INFO">False</msg>
<arg>${json_data['results'][0]}</arg>
<arg>${key}</arg>
<doc>Fails if ``key`` is not found from ``dictionary``.</doc>
<status status="PASS" start="2024-04-17T21:14:04.690819" elapsed="0.000453"/>
</kw>
<kw name="Log" owner="BuiltIn">
<msg time="2024-04-17T21:14:04.691972" level="INFO">{'gender': 'male', 'name': {'title': 'Mr', 'first': 'Luka', 'last': 'Carpentier'}, 'location': {'street': {'number': 1098, 'name': "Rue de L'Abbaye"}, 'city': 'Argenteuil', 'state': 'Nord', 'country': 'France', 'postcode': 65186, 'coordinates': {'latitude': '-19.9177', 'longitude': '-114.1720'}, 'timezone': {'offset': '-2:00', 'description': 'Mid-Atlantic'}}, 'email': 'luka.carpentier@example.com', 'login': {'uuid': '826181b9-fe94-411a-8d09-481ded67eec6', 'username': 'angrymeercat343', 'password': 'sunnyday', 'salt': '96IsgfOb', 'md5': '3e7ae3eb565115a96f85054e68270447', 'sha1': '508a1ca88e65c0732e62bd085fa122e9e9613182', 'sha256': 'fc0ab325d8201dd951d86c9274a85828865584393cebfbd41c53407d731c9fe7'}, 'dob': {'date': '1973-03-18T11:34:57.300Z', 'age': 51}, 'registered': {'date': '2004-06-04T18:32:16.354Z', 'age': 19}, 'phone': '05-84-49-97-46', 'cell': '06-37-46-65-44', 'id': {'name': 'INSEE', 'value': '1730211010600 58'}, 'picture': {'large': 'https://randomuser.me/api/portraits/men/84.jpg', 'medium': 'https://randomuser.me/api/portraits/med/men/84.jpg', 'thumbnail': 'https://randomuser.me/api/portraits/thumb/men/84.jpg'}, 'nat': 'FR'}</msg>
<arg>${json_data['results'][0]}</arg>
<doc>Logs the given message with the given level.</doc>
<status status="PASS" start="2024-04-17T21:14:04.691599" elapsed="0.000422"/>
</kw>
<kw name="Log" owner="BuiltIn">
<msg time="2024-04-17T21:14:04.692449" level="INFO">name</msg>
<arg>${key}</arg>
<doc>Logs the given message with the given level.</doc>
<status status="PASS" start="2024-04-17T21:14:04.692319" elapsed="0.000167"/>
</kw>
<var name="${key}">name</var>
<status status="PASS" start="2024-04-17T21:14:04.690704" elapsed="0.001998"/>
</iter>
<iter>
<kw name="Dictionary Should Contain Key" owner="Collections">
<msg time="2024-04-17T21:14:04.693382" level="INFO">False</msg>
<arg>${json_data['results'][0]}</arg>
<arg>${key}</arg>
<doc>Fails if ``key`` is not found from ``dictionary``.</doc>
<status status="PASS" start="2024-04-17T21:14:04.692997" elapsed="0.000423"/>
</kw>
<kw name="Log" owner="BuiltIn">
<msg time="2024-04-17T21:14:04.694084" level="INFO">{'gender': 'male', 'name': {'title': 'Mr', 'first': 'Luka', 'last': 'Carpentier'}, 'location': {'street': {'number': 1098, 'name': "Rue de L'Abbaye"}, 'city': 'Argenteuil', 'state': 'Nord', 'country': 'France', 'postcode': 65186, 'coordinates': {'latitude': '-19.9177', 'longitude': '-114.1720'}, 'timezone': {'offset': '-2:00', 'description': 'Mid-Atlantic'}}, 'email': 'luka.carpentier@example.com', 'login': {'uuid': '826181b9-fe94-411a-8d09-481ded67eec6', 'username': 'angrymeercat343', 'password': 'sunnyday', 'salt': '96IsgfOb', 'md5': '3e7ae3eb565115a96f85054e68270447', 'sha1': '508a1ca88e65c0732e62bd085fa122e9e9613182', 'sha256': 'fc0ab325d8201dd951d86c9274a85828865584393cebfbd41c53407d731c9fe7'}, 'dob': {'date': '1973-03-18T11:34:57.300Z', 'age': 51}, 'registered': {'date': '2004-06-04T18:32:16.354Z', 'age': 19}, 'phone': '05-84-49-97-46', 'cell': '06-37-46-65-44', 'id': {'name': 'INSEE', 'value': '1730211010600 58'}, 'picture': {'large': 'https://randomuser.me/api/portraits/men/84.jpg', 'medium': 'https://randomuser.me/api/portraits/med/men/84.jpg', 'thumbnail': 'https://randomuser.me/api/portraits/thumb/men/84.jpg'}, 'nat': 'FR'}</msg>
<arg>${json_data['results'][0]}</arg>
<doc>Logs the given message with the given level.</doc>
<status status="PASS" start="2024-04-17T21:14:04.693722" elapsed="0.000409"/>
</kw>
<kw name="Log" owner="BuiltIn">
<msg time="2024-04-17T21:14:04.694553" level="INFO">location</msg>
<arg>${key}</arg>
<doc>Logs the given message with the given level.</doc>
<status status="PASS" start="2024-04-17T21:14:04.694426" elapsed="0.000165"/>
</kw>
<var name="${key}">location</var>
<status status="PASS" start="2024-04-17T21:14:04.692884" elapsed="0.001921"/>
</iter>
<iter>
<kw name="Dictionary Should Contain Key" owner="Collections">
<msg time="2024-04-17T21:14:04.695508" level="INFO">False</msg>
<arg>${json_data['results'][0]}</arg>
<arg>${key}</arg>
<doc>Fails if ``key`` is not found from ``dictionary``.</doc>
<status status="PASS" start="2024-04-17T21:14:04.695087" elapsed="0.000460"/>
</kw>
<kw name="Log" owner="BuiltIn">
<msg time="2024-04-17T21:14:04.696215" level="INFO">{'gender': 'male', 'name': {'title': 'Mr', 'first': 'Luka', 'last': 'Carpentier'}, 'location': {'street': {'number': 1098, 'name': "Rue de L'Abbaye"}, 'city': 'Argenteuil', 'state': 'Nord', 'country': 'France', 'postcode': 65186, 'coordinates': {'latitude': '-19.9177', 'longitude': '-114.1720'}, 'timezone': {'offset': '-2:00', 'description': 'Mid-Atlantic'}}, 'email': 'luka.carpentier@example.com', 'login': {'uuid': '826181b9-fe94-411a-8d09-481ded67eec6', 'username': 'angrymeercat343', 'password': 'sunnyday', 'salt': '96IsgfOb', 'md5': '3e7ae3eb565115a96f85054e68270447', 'sha1': '508a1ca88e65c0732e62bd085fa122e9e9613182', 'sha256': 'fc0ab325d8201dd951d86c9274a85828865584393cebfbd41c53407d731c9fe7'}, 'dob': {'date': '1973-03-18T11:34:57.300Z', 'age': 51}, 'registered': {'date': '2004-06-04T18:32:16.354Z', 'age': 19}, 'phone': '05-84-49-97-46', 'cell': '06-37-46-65-44', 'id': {'name': 'INSEE', 'value': '1730211010600 58'}, 'picture': {'large': 'https://randomuser.me/api/portraits/men/84.jpg', 'medium': 'https://randomuser.me/api/portraits/med/men/84.jpg', 'thumbnail': 'https://randomuser.me/api/portraits/thumb/men/84.jpg'}, 'nat': 'FR'}</msg>
<arg>${json_data['results'][0]}</arg>
<doc>Logs the given message with the given level.</doc>
<status status="PASS" start="2024-04-17T21:14:04.695848" elapsed="0.000417"/>
</kw>
<kw name="Log" owner="BuiltIn">
<msg time="2024-04-17T21:14:04.696684" level="INFO">email</msg>
<arg>${key}</arg>
<doc>Logs the given message with the given level.</doc>
<status status="PASS" start="2024-04-17T21:14:04.696556" elapsed="0.000165"/>
</kw>
<var name="${key}">email</var>
<status status="PASS" start="2024-04-17T21:14:04.694976" elapsed="0.001959"/>
</iter>
<iter>
<kw name="Dictionary Should Contain Key" owner="Collections">
<msg time="2024-04-17T21:14:04.697597" level="INFO">False</msg>
<arg>${json_data['results'][0]}</arg>
<arg>${key}</arg>
<doc>Fails if ``key`` is not found from ``dictionary``.</doc>
<status status="PASS" start="2024-04-17T21:14:04.697211" elapsed="0.000422"/>
</kw>
<kw name="Log" owner="BuiltIn">
<msg time="2024-04-17T21:14:04.698295" level="INFO">{'gender': 'male', 'name': {'title': 'Mr', 'first': 'Luka', 'last': 'Carpentier'}, 'location': {'street': {'number': 1098, 'name': "Rue de L'Abbaye"}, 'city': 'Argenteuil', 'state': 'Nord', 'country': 'France', 'postcode': 65186, 'coordinates': {'latitude': '-19.9177', 'longitude': '-114.1720'}, 'timezone': {'offset': '-2:00', 'description': 'Mid-Atlantic'}}, 'email': 'luka.carpentier@example.com', 'login': {'uuid': '826181b9-fe94-411a-8d09-481ded67eec6', 'username': 'angrymeercat343', 'password': 'sunnyday', 'salt': '96IsgfOb', 'md5': '3e7ae3eb565115a96f85054e68270447', 'sha1': '508a1ca88e65c0732e62bd085fa122e9e9613182', 'sha256': 'fc0ab325d8201dd951d86c9274a85828865584393cebfbd41c53407d731c9fe7'}, 'dob': {'date': '1973-03-18T11:34:57.300Z', 'age': 51}, 'registered': {'date': '2004-06-04T18:32:16.354Z', 'age': 19}, 'phone': '05-84-49-97-46', 'cell': '06-37-46-65-44', 'id': {'name': 'INSEE', 'value': '1730211010600 58'}, 'picture': {'large': 'https://randomuser.me/api/portraits/men/84.jpg', 'medium': 'https://randomuser.me/api/portraits/med/men/84.jpg', 'thumbnail': 'https://randomuser.me/api/portraits/thumb/men/84.jpg'}, 'nat': 'FR'}</msg>
<arg>${json_data['results'][0]}</arg>
<doc>Logs the given message with the given level.</doc>
<status status="PASS" start="2024-04-17T21:14:04.697926" elapsed="0.000418"/>
</kw>
<kw name="Log" owner="BuiltIn">
<msg time="2024-04-17T21:14:04.698759" level="INFO">login</msg>
<arg>${key}</arg>
<doc>Logs the given message with the given level.</doc>
<status status="PASS" start="2024-04-17T21:14:04.698633" elapsed="0.000163"/>
</kw>
<var name="${key}">login</var>
<status status="PASS" start="2024-04-17T21:14:04.697102" elapsed="0.001941"/>
</iter>
<var>${key}</var>
<value>@{expected_keys}</value>
<status status="PASS" start="2024-04-17T21:14:04.688344" elapsed="0.010824"/>
</for>
<kw name="Create List" owner="BuiltIn">
<msg time="2024-04-17T21:14:04.699649" level="INFO">${expected_keysTwo} = ['username', 'password']</msg>
<var>${expected_keysTwo}</var>
<arg>username</arg>
<arg>password</arg>
<doc>Returns a list containing given items.</doc>
<status status="PASS" start="2024-04-17T21:14:04.699451" elapsed="0.000233"/>
</kw>
<for flavor="IN">
<iter>
<kw name="Dictionary Should Contain Key" owner="Collections">
<msg time="2024-04-17T21:14:04.701058" level="INFO">False</msg>
<arg>${json_data['results'][0]['login']}</arg>
<arg>${keyTwo}</arg>
<doc>Fails if ``key`` is not found from ``dictionary``.</doc>
<status status="PASS" start="2024-04-17T21:14:04.700440" elapsed="0.000679"/>
</kw>
<kw name="Dictionary Should Contain Key" owner="Collections">
<msg time="2024-04-17T21:14:04.702206" level="INFO">False</msg>
<arg>${json_data['results'][0]['login']}</arg>
<arg>${keyTwo}</arg>
<doc>Fails if ``key`` is not found from ``dictionary``.</doc>
<status status="PASS" start="2024-04-17T21:14:04.701565" elapsed="0.000708"/>
</kw>
<kw name="Log" owner="BuiltIn">
<msg time="2024-04-17T21:14:04.702948" level="INFO">username</msg>
<arg>${keyTwo}</arg>
<doc>Logs the given message with the given level.</doc>
<status status="PASS" start="2024-04-17T21:14:04.702741" elapsed="0.000276"/>
</kw>
<var name="${keyTwo}">username</var>
<status status="PASS" start="2024-04-17T21:14:04.700264" elapsed="0.003126"/>
</iter>
<iter>
<kw name="Dictionary Should Contain Key" owner="Collections">
<msg time="2024-04-17T21:14:04.704497" level="INFO">False</msg>
<arg>${json_data['results'][0]['login']}</arg>
<arg>${keyTwo}</arg>
<doc>Fails if ``key`` is not found from ``dictionary``.</doc>
<status status="PASS" start="2024-04-17T21:14:04.703844" elapsed="0.000716"/>
</kw>
<kw name="Dictionary Should Contain Key" owner="Collections">
<msg time="2024-04-17T21:14:04.705793" level="INFO">False</msg>
<arg>${json_data['results'][0]['login']}</arg>
<arg>${keyTwo}</arg>
<doc>Fails if ``key`` is not found from ``dictionary``.</doc>
<status status="PASS" start="2024-04-17T21:14:04.705004" elapsed="0.000851"/>
</kw>
<kw name="Log" owner="BuiltIn">
<msg time="2024-04-17T21:14:04.706504" level="INFO">password</msg>
<arg>${keyTwo}</arg>
<doc>Logs the given message with the given level.</doc>
<status status="PASS" start="2024-04-17T21:14:04.706292" elapsed="0.000281"/>
</kw>
<var name="${keyTwo}">password</var>
<status status="PASS" start="2024-04-17T21:14:04.703654" elapsed="0.003253"/>
</iter>
<var>${keyTwo}</var>
<value>@{expected_keysTwo}</value>
<status status="PASS" start="2024-04-17T21:14:04.700036" elapsed="0.007055"/>
</for>
<status status="PASS" start="2024-04-17T21:14:04.586952" elapsed="0.120398"/>
</kw>
<doc>Testa a estrutura da resposta da API.</doc>
<tag>testeEstruturaResposta</tag>
<status status="PASS" start="2024-04-17T21:14:04.586320" elapsed="0.121303"/>
</test>
<test id="s1-s1-t4" name="Validar tipos de dados" line="28">
<kw name="Teste de Tipos de Dados" owner="random-user-service">
<kw name="GET On Session" owner="RequestsLibrary">
<msg time="2024-04-17T21:14:04.814586" level="INFO">GET Request : url=https://randomuser.me/api 
 path_url=/api 
 headers={'User-Agent': 'python-requests/2.31.0', 'Accept-Encoding': 'gzip, deflate', 'Accept': '*/*', 'Connection': 'keep-alive'} 
 body=None 
 </msg>
<msg time="2024-04-17T21:14:04.814700" level="INFO">GET Response : url=https://randomuser.me/api 
 status=200, reason=OK 
 headers={'Date': 'Wed, 17 Apr 2024 21:14:04 GMT', 'Content-Type': 'application/json; charset=utf-8', 'Transfer-Encoding': 'chunked', 'Connection': 'keep-alive', 'X-Powered-By': 'Express', 'Access-Control-Allow-Origin': '*', 'Cache-Control': 'no-cache', 'ETag': 'W/"48c-e4ukr9CWdMwo/uQuliDZsi4BigE"', 'Vary': 'Accept-Encoding', 'Content-Encoding': 'gzip', 'CF-Cache-Status': 'DYNAMIC', 'Report-To': '{"endpoints":[{"url":"https:\\/\\/a.nel.cloudflare.com\\/report\\/v4?s=d62qQNg75htdbzcDa8R6O0KCHjezpdFp99CnXdCLvW2RlElvmqzijHXuyjk8RXl3sMSTu7%2F7255Xyz9uOQ1WDKQvUGKDKy%2BjUqQVcb0D%2B1Kq1fmFR9zJR7Ndkmrv7%2Fsl"}],"group":"cf-nel","max_age":604800}', 'NEL': '{"success_fraction":0,"report_to":"cf-nel","max_age":604800}', 'Server': 'cloudflare', 'CF-RAY': '875f6c3379a47cf1-LAX', 'alt-svc': 'h3=":443"; ma=86400'} 
 body={"results":[{"gender":"male","name":{"title":"Mr","first":"Radoslav","last":"Lazović"},"location":{"street":{"number":6094,"name":"Krečanska"},"city":"Paraćin","state":"Zaječar","country":"Serbia","postcode":49839,"coordinates":{"latitude":"57.8694","longitude":"-33.6813"},"timezone":{"offset":"+1:00","description":"Brussels, Copenhagen, Madrid, Paris"}},"email":"radoslav.lazovic@example.com","login":{"uuid":"a57969f7-eb49-4c6a-a9b9-205e0292cd70","username":"sadmeercat262","password":"metoo","salt":"5UrKYAPP","md5":"03ded3cf993488876b4bcc1ff71e641e","sha1":"711e837692463ddaef00fb287d43cb8a6daf5e50","sha256":"12c1f3fa9ca44fd1eab4b1a2d8a62edbe5d673feeed549e4b5bc56262fa03eec"},"dob":{"date":"1946-04-16T08:05:39.165Z","age":78},"registered":{"date":"2008-08-31T16:23:46.778Z","age":15},"phone":"011-6188-408","cell":"067-2228-640","id":{"name":"SID","value":"702972766"},"picture":{"large":"https://randomuser.me/api/portraits/men/88.jpg","medium":"https://randomuser.me/api/portraits/med/men/88.jpg","thumbnail":"https://randomuser.me/api/portraits/thumb/men/88.jpg"},"nat":"RS"}],"info":{"seed":"a70ca4a9dc2c4b51","results":1,"page":1,"version":"1.4"}} 
 </msg>
<msg time="2024-04-17T21:14:04.814774" level="INFO">/opt/hostedtoolcache/Python/3.12.3/x64/lib/python3.12/site-packages/urllib3/connectionpool.py:1103: InsecureRequestWarning: Unverified HTTPS request is being made to host 'randomuser.me'. Adding certificate verification is strongly advised. See: https://urllib3.readthedocs.io/en/latest/advanced-usage.html#tls-warnings
  warnings.warn(</msg>
<msg time="2024-04-17T21:14:04.814892" level="INFO">${response} = &lt;Response [200]&gt;</msg>
<var>${response}</var>
<arg>consultarAPI</arg>
<arg>/api</arg>
<doc>Sends a GET request on a previously created HTTP Session.</doc>
<status status="PASS" start="2024-04-17T21:14:04.712017" elapsed="0.102913"/>
</kw>
<kw name="Set Variable" owner="BuiltIn">
<msg time="2024-04-17T21:14:04.816050" level="INFO">${json_data} = {'results': [{'gender': 'male', 'name': {'title': 'Mr', 'first': 'Radoslav', 'last': 'Lazović'}, 'location': {'street': {'number': 6094, 'name': 'Krečanska'}, 'city': 'Paraćin', 'state': 'Zaječar', 'c...</msg>
<var>${json_data}</var>
<arg>${response.json()}</arg>
<doc>Returns the given values which can then be assigned to a variables.</doc>
<status status="PASS" start="2024-04-17T21:14:04.815504" elapsed="0.000578"/>
</kw>
<kw name="Log" owner="BuiltIn">
<msg time="2024-04-17T21:14:04.816569" level="INFO">{'results': [{'gender': 'male', 'name': {'title': 'Mr', 'first': 'Radoslav', 'last': 'Lazović'}, 'location': {'street': {'number': 6094, 'name': 'Krečanska'}, 'city': 'Paraćin', 'state': 'Zaječar', 'country': 'Serbia', 'postcode': 49839, 'coordinates': {'latitude': '57.8694', 'longitude': '-33.6813'}, 'timezone': {'offset': '+1:00', 'description': 'Brussels, Copenhagen, Madrid, Paris'}}, 'email': 'radoslav.lazovic@example.com', 'login': {'uuid': 'a57969f7-eb49-4c6a-a9b9-205e0292cd70', 'username': 'sadmeercat262', 'password': 'metoo', 'salt': '5UrKYAPP', 'md5': '03ded3cf993488876b4bcc1ff71e641e', 'sha1': '711e837692463ddaef00fb287d43cb8a6daf5e50', 'sha256': '12c1f3fa9ca44fd1eab4b1a2d8a62edbe5d673feeed549e4b5bc56262fa03eec'}, 'dob': {'date': '1946-04-16T08:05:39.165Z', 'age': 78}, 'registered': {'date': '2008-08-31T16:23:46.778Z', 'age': 15}, 'phone': '011-6188-408', 'cell': '067-2228-640', 'id': {'name': 'SID', 'value': '702972766'}, 'picture': {'large': 'https://randomuser.me/api/portraits/men/88.jpg', 'medium': 'https://randomuser.me/api/portraits/med/men/88.jpg', 'thumbnail': 'https://randomuser.me/api/portraits/thumb/men/88.jpg'}, 'nat': 'RS'}], 'info': {'seed': 'a70ca4a9dc2c4b51', 'results': 1, 'page': 1, 'version': '1.4'}}</msg>
<arg>${json_data}</arg>
<doc>Logs the given message with the given level.</doc>
<status status="PASS" start="2024-04-17T21:14:04.816401" elapsed="0.000262"/>
</kw>
<kw name="Should Be String" owner="String">
<arg>${json_data['results'][0]['gender']}</arg>
<doc>Fails if the given ``item`` is not a string.</doc>
<status status="PASS" start="2024-04-17T21:14:04.816972" elapsed="0.000367"/>
</kw>
<kw name="Should Match Regexp" owner="BuiltIn">
<arg>${json_data['results'][0]['email']}</arg>
<arg>^[a-zA-Z0-9._%+-]+@[a-zA-Z0-9.-]+\.[a-zA-Z]{2,}$</arg>
<doc>Fails if ``string`` does not match ``pattern`` as a regular expression.</doc>
<status status="PASS" start="2024-04-17T21:14:04.817534" elapsed="0.000527"/>
</kw>
<kw name="Should Match Regexp" owner="BuiltIn">
<arg>${json_data['results'][0]['dob']['date']}</arg>
<arg>\\d{4}-\\d{2}-\\d{2}T\\d{2}:\\d{2}:\\d{2}\\.\\d{3}Z</arg>
<doc>Fails if ``string`` does not match ``pattern`` as a regular expression.</doc>
<status status="PASS" start="2024-04-17T21:14:04.818258" elapsed="0.000488"/>
</kw>
<kw name="Should Match Regexp" owner="BuiltIn">
<arg>${json_data['results'][0]['registered']['date']}</arg>
<arg>\\d{4}-\\d{2}-\\d{2}T\\d{2}:\\d{2}:\\d{2}\\.\\d{3}Z</arg>
<doc>Fails if ``string`` does not match ``pattern`` as a regular expression.</doc>
<status status="PASS" start="2024-04-17T21:14:04.818945" elapsed="0.000412"/>
</kw>
<kw name="Should Match Regexp" owner="BuiltIn">
<arg>${json_data['results'][0]['picture']['large']}</arg>
<arg>^https?://.*\.(?:png|jpe?g|gif|bmp)$</arg>
<doc>Fails if ``string`` does not match ``pattern`` as a regular expression.</doc>
<status status="PASS" start="2024-04-17T21:14:04.819547" elapsed="0.000467"/>
</kw>
<kw name="Should Match Regexp" owner="BuiltIn">
<arg>${json_data['results'][0]['picture']['medium']}</arg>
<arg>^https?://.*\.(?:png|jpe?g|gif|bmp)$</arg>
<doc>Fails if ``string`` does not match ``pattern`` as a regular expression.</doc>
<status status="PASS" start="2024-04-17T21:14:04.820212" elapsed="0.000356"/>
</kw>
<kw name="Should Match Regexp" owner="BuiltIn">
<arg>${json_data['results'][0]['picture']['thumbnail']}</arg>
<arg>^https?://.*\.(?:png|jpe?g|gif|bmp)$</arg>
<doc>Fails if ``string`` does not match ``pattern`` as a regular expression.</doc>
<status status="PASS" start="2024-04-17T21:14:04.820755" elapsed="0.000358"/>
</kw>
<kw name="Log" owner="BuiltIn">
<msg time="2024-04-17T21:14:04.821621" level="INFO">{'large': 'https://randomuser.me/api/portraits/men/88.jpg', 'medium': 'https://randomuser.me/api/portraits/med/men/88.jpg', 'thumbnail': 'https://randomuser.me/api/portraits/thumb/men/88.jpg'}</msg>
<arg>${json_data['results'][0]['picture']}</arg>
<doc>Logs the given message with the given level.</doc>
<status status="PASS" start="2024-04-17T21:14:04.821296" elapsed="0.000368"/>
</kw>
<status status="PASS" start="2024-04-17T21:14:04.711648" elapsed="0.110280"/>
</kw>
<kw name="Teste de Tipos de Dados - Postcode" owner="random-user-service">
<kw name="GET On Session" owner="RequestsLibrary">
<msg time="2024-04-17T21:14:04.921059" level="INFO">GET Request : url=https://randomuser.me/api 
 path_url=/api 
 headers={'User-Agent': 'python-requests/2.31.0', 'Accept-Encoding': 'gzip, deflate', 'Accept': '*/*', 'Connection': 'keep-alive'} 
 body=None 
 </msg>
<msg time="2024-04-17T21:14:04.921158" level="INFO">GET Response : url=https://randomuser.me/api 
 status=200, reason=OK 
 headers={'Date': 'Wed, 17 Apr 2024 21:14:04 GMT', 'Content-Type': 'application/json; charset=utf-8', 'Transfer-Encoding': 'chunked', 'Connection': 'keep-alive', 'X-Powered-By': 'Express', 'Access-Control-Allow-Origin': '*', 'Cache-Control': 'no-cache', 'ETag': 'W/"489-bOSTQCOGGco+mMrON6YD1P5fw2c"', 'Vary': 'Accept-Encoding', 'Content-Encoding': 'gzip', 'CF-Cache-Status': 'DYNAMIC', 'Report-To': '{"endpoints":[{"url":"https:\\/\\/a.nel.cloudflare.com\\/report\\/v4?s=Rk992Q6kwyBqnQDXAWMJDXXEW%2Feo6in6eSABU8pk%2B1shyzOoU35ZR3I28qQlc6%2BbCLgMlILniYazldfO5zn4m0yfLHBgWCBkrMwZYcoHY%2FJCmNumyHITSuG0LHDXszNR"}],"group":"cf-nel","max_age":604800}', 'NEL': '{"success_fraction":0,"report_to":"cf-nel","max_age":604800}', 'Server': 'cloudflare', 'CF-RAY': '875f6c342a5d7cf1-LAX', 'alt-svc': 'h3=":443"; ma=86400'} 
 body={"results":[{"gender":"female","name":{"title":"Mrs","first":"Karla","last":"Manzanares"},"location":{"street":{"number":3263,"name":"Callejón Francia"},"city":"Zacatecas","state":"Nuevo Leon","country":"Mexico","postcode":52689,"coordinates":{"latitude":"22.9486","longitude":"176.8508"},"timezone":{"offset":"+3:30","description":"Tehran"}},"email":"karla.manzanares@example.com","login":{"uuid":"887953f9-7de9-43ce-91d0-83ef43abfe81","username":"angrylion285","password":"skunk","salt":"16MlV32f","md5":"7db371790474d3373bb55022b88681d8","sha1":"d5cea61717c35e9a58c40507320e1a2a7e1f22a2","sha256":"24351bb17f673fdc1fd06e0d78e9a904c68327f2c1c7d7bc12d06b9c3c136022"},"dob":{"date":"1994-11-01T16:53:28.020Z","age":29},"registered":{"date":"2022-04-23T13:10:35.189Z","age":1},"phone":"(626) 698 5170","cell":"(695) 191 1974","id":{"name":"NSS","value":"94 74 77 1245 0"},"picture":{"large":"https://randomuser.me/api/portraits/women/24.jpg","medium":"https://randomuser.me/api/portraits/med/women/24.jpg","thumbnail":"https://randomuser.me/api/portraits/thumb/women/24.jpg"},"nat":"MX"}],"info":{"seed":"9d4beb6104fddbfa","results":1,"page":1,"version":"1.4"}} 
 </msg>
<msg time="2024-04-17T21:14:04.921232" level="INFO">/opt/hostedtoolcache/Python/3.12.3/x64/lib/python3.12/site-packages/urllib3/connectionpool.py:1103: InsecureRequestWarning: Unverified HTTPS request is being made to host 'randomuser.me'. Adding certificate verification is strongly advised. See: https://urllib3.readthedocs.io/en/latest/advanced-usage.html#tls-warnings
  warnings.warn(</msg>
<msg time="2024-04-17T21:14:04.921352" level="INFO">${response} = &lt;Response [200]&gt;</msg>
<var>${response}</var>
<arg>consultarAPI</arg>
<arg>/api</arg>
<doc>Sends a GET request on a previously created HTTP Session.</doc>
<status status="PASS" start="2024-04-17T21:14:04.822406" elapsed="0.098970"/>
</kw>
<kw name="Set Variable" owner="BuiltIn">
<msg time="2024-04-17T21:14:04.922452" level="INFO">${json_data} = {'results': [{'gender': 'female', 'name': {'title': 'Mrs', 'first': 'Karla', 'last': 'Manzanares'}, 'location': {'street': {'number': 3263, 'name': 'Callejón Francia'}, 'city': 'Zacatecas', 'state': '...</msg>
<var>${json_data}</var>
<arg>${response.json()}</arg>
<doc>Returns the given values which can then be assigned to a variables.</doc>
<status status="PASS" start="2024-04-17T21:14:04.921930" elapsed="0.000551"/>
</kw>
<kw name="Log" owner="BuiltIn">
<msg time="2024-04-17T21:14:04.922952" level="INFO">{'results': [{'gender': 'female', 'name': {'title': 'Mrs', 'first': 'Karla', 'last': 'Manzanares'}, 'location': {'street': {'number': 3263, 'name': 'Callejón Francia'}, 'city': 'Zacatecas', 'state': 'Nuevo Leon', 'country': 'Mexico', 'postcode': 52689, 'coordinates': {'latitude': '22.9486', 'longitude': '176.8508'}, 'timezone': {'offset': '+3:30', 'description': 'Tehran'}}, 'email': 'karla.manzanares@example.com', 'login': {'uuid': '887953f9-7de9-43ce-91d0-83ef43abfe81', 'username': 'angrylion285', 'password': 'skunk', 'salt': '16MlV32f', 'md5': '7db371790474d3373bb55022b88681d8', 'sha1': 'd5cea61717c35e9a58c40507320e1a2a7e1f22a2', 'sha256': '24351bb17f673fdc1fd06e0d78e9a904c68327f2c1c7d7bc12d06b9c3c136022'}, 'dob': {'date': '1994-11-01T16:53:28.020Z', 'age': 29}, 'registered': {'date': '2022-04-23T13:10:35.189Z', 'age': 1}, 'phone': '(626) 698 5170', 'cell': '(695) 191 1974', 'id': {'name': 'NSS', 'value': '94 74 77 1245 0'}, 'picture': {'large': 'https://randomuser.me/api/portraits/women/24.jpg', 'medium': 'https://randomuser.me/api/portraits/med/women/24.jpg', 'thumbnail': 'https://randomuser.me/api/portraits/thumb/women/24.jpg'}, 'nat': 'MX'}], 'info': {'seed': '9d4beb6104fddbfa', 'results': 1, 'page': 1, 'version': '1.4'}}</msg>
<arg>${json_data}</arg>
<doc>Logs the given message with the given level.</doc>
<status status="PASS" start="2024-04-17T21:14:04.922790" elapsed="0.000248"/>
</kw>
<kw name="Should Be Equal As Numbers" owner="BuiltIn">
<arg>${json_data['results'][0]['location']['postcode']}</arg>
<arg>${json_data['results'][0]['location']['postcode']}</arg>
<doc>Fails if objects are unequal after converting them to real numbers.</doc>
<status status="PASS" start="2024-04-17T21:14:04.923389" elapsed="0.000797"/>
</kw>
<kw name="Log" owner="BuiltIn">
<msg time="2024-04-17T21:14:04.924717" level="INFO">52689</msg>
<arg>${json_data['results'][0]['location']['postcode']}</arg>
<doc>Logs the given message with the given level.</doc>
<status status="PASS" start="2024-04-17T21:14:04.924380" elapsed="0.000378"/>
</kw>
<status status="PASS" start="2024-04-17T21:14:04.822162" elapsed="0.102854"/>
</kw>
<doc>Testa se os tipos de dados na resposta da API estão corretos.</doc>
<tag>testeTiposDados</tag>
<status status="PASS" start="2024-04-17T21:14:04.710935" elapsed="0.214250"/>
</test>
<test id="s1-s1-t5" name="Validar conteudo" line="35">
<kw name="Teste de Tipos de Conteudo" owner="random-user-service">
<kw name="GET On Session" owner="RequestsLibrary">
<msg time="2024-04-17T21:14:05.024594" level="INFO">GET Request : url=https://randomuser.me/api 
 path_url=/api 
 headers={'User-Agent': 'python-requests/2.31.0', 'Accept-Encoding': 'gzip, deflate', 'Accept': '*/*', 'Connection': 'keep-alive'} 
 body=None 
 </msg>
<msg time="2024-04-17T21:14:05.024699" level="INFO">GET Response : url=https://randomuser.me/api 
 status=200, reason=OK 
 headers={'Date': 'Wed, 17 Apr 2024 21:14:05 GMT', 'Content-Type': 'application/json; charset=utf-8', 'Transfer-Encoding': 'chunked', 'Connection': 'keep-alive', 'X-Powered-By': 'Express', 'Access-Control-Allow-Origin': '*', 'Cache-Control': 'no-cache', 'ETag': 'W/"484-N/hNcmLTXuwc5jiYpgtKOiIV8U8"', 'Vary': 'Accept-Encoding', 'Content-Encoding': 'gzip', 'CF-Cache-Status': 'DYNAMIC', 'Report-To': '{"endpoints":[{"url":"https:\\/\\/a.nel.cloudflare.com\\/report\\/v4?s=V8ofq0psjFvJNjXgKpxvmM0Iw9JN3C7nLepnZJXqltlMe0dO9pd385Q%2Fe%2BUYUMWjtyuq51fzVMf4bvb0LwLnT5Ug8HkgDMPA5OHB0OactZLN1K3N%2FiasgHH%2B7Qv3b7Gs"}],"group":"cf-nel","max_age":604800}', 'NEL': '{"success_fraction":0,"report_to":"cf-nel","max_age":604800}', 'Server': 'cloudflare', 'CF-RAY': '875f6c34db167cf1-LAX', 'alt-svc': 'h3=":443"; ma=86400'} 
 body={"results":[{"gender":"female","name":{"title":"Ms","first":"Djenna","last":"Van Steijn"},"location":{"street":{"number":7996,"name":"Hazenakkerweg"},"city":"Baarn","state":"Zeeland","country":"Netherlands","postcode":"5057 FL","coordinates":{"latitude":"33.2379","longitude":"147.7431"},"timezone":{"offset":"+5:45","description":"Kathmandu"}},"email":"djenna.vansteijn@example.com","login":{"uuid":"3ecbca0e-1bf1-4725-a065-817557142414","username":"greenlion157","password":"glacier","salt":"S7fCjv4d","md5":"3bcfe54ed6cf0fc79d90b9c321a31078","sha1":"6000d2eb550c74f41716d90e9027746953848b71","sha256":"5deba7434fed6767c84650bdf36b726857da4d202b149a1e886f0cdfedd353ec"},"dob":{"date":"1972-02-21T13:46:11.216Z","age":52},"registered":{"date":"2008-08-04T19:22:12.807Z","age":15},"phone":"(0414) 437120","cell":"(06) 84082936","id":{"name":"BSN","value":"49446295"},"picture":{"large":"https://randomuser.me/api/portraits/women/35.jpg","medium":"https://randomuser.me/api/portraits/med/women/35.jpg","thumbnail":"https://randomuser.me/api/portraits/thumb/women/35.jpg"},"nat":"NL"}],"info":{"seed":"169da433f745f035","results":1,"page":1,"version":"1.4"}} 
 </msg>
<msg time="2024-04-17T21:14:05.024782" level="INFO">/opt/hostedtoolcache/Python/3.12.3/x64/lib/python3.12/site-packages/urllib3/connectionpool.py:1103: InsecureRequestWarning: Unverified HTTPS request is being made to host 'randomuser.me'. Adding certificate verification is strongly advised. See: https://urllib3.readthedocs.io/en/latest/advanced-usage.html#tls-warnings
  warnings.warn(</msg>
<msg time="2024-04-17T21:14:05.024915" level="INFO">${response} = &lt;Response [200]&gt;</msg>
<var>${response}</var>
<arg>consultarAPI</arg>
<arg>/api</arg>
<doc>Sends a GET request on a previously created HTTP Session.</doc>
<status status="PASS" start="2024-04-17T21:14:04.927739" elapsed="0.097225"/>
</kw>
<kw name="Set Variable" owner="BuiltIn">
<msg time="2024-04-17T21:14:05.026139" level="INFO">${json_data} = {'results': [{'gender': 'female', 'name': {'title': 'Ms', 'first': 'Djenna', 'last': 'Van Steijn'}, 'location': {'street': {'number': 7996, 'name': 'Hazenakkerweg'}, 'city': 'Baarn', 'state': 'Zeeland...</msg>
<var>${json_data}</var>
<arg>${response.json()}</arg>
<doc>Returns the given values which can then be assigned to a variables.</doc>
<status status="PASS" start="2024-04-17T21:14:05.025591" elapsed="0.000577"/>
</kw>
<kw name="Set Variable" owner="BuiltIn">
<msg time="2024-04-17T21:14:05.026868" level="INFO">${name_title} = Ms</msg>
<var>${name_title}</var>
<arg>${json_data["results"][0]["name"]["title"]}</arg>
<doc>Returns the given values which can then be assigned to a variables.</doc>
<status status="PASS" start="2024-04-17T21:14:05.026478" elapsed="0.000415"/>
</kw>
<kw name="Create List" owner="BuiltIn">
<msg time="2024-04-17T21:14:05.027387" level="INFO">${allowed_titles} = ['Mr', 'Ms', 'Miss', 'Mrs', 'Madame', 'Monsieur']</msg>
<var>${allowed_titles}</var>
<arg>Mr</arg>
<arg>Ms</arg>
<arg>Miss</arg>
<arg>Mrs</arg>
<arg>Madame</arg>
<arg>Monsieur</arg>
<doc>Returns a list containing given items.</doc>
<status status="PASS" start="2024-04-17T21:14:05.027189" elapsed="0.000222"/>
</kw>
<kw name="List Should Contain Value" owner="Collections">
<msg time="2024-04-17T21:14:05.027889" level="INFO">False</msg>
<arg>${allowed_titles}</arg>
<arg>${name_title}</arg>
<doc>Fails if the ``value`` is not found from ``list``.</doc>
<status status="PASS" start="2024-04-17T21:14:05.027712" elapsed="0.000213"/>
</kw>
<kw name="Set Variable" owner="BuiltIn">
<msg time="2024-04-17T21:14:05.028593" level="INFO">${name_country} = NL</msg>
<var>${name_country}</var>
<arg>${json_data["results"][0]["nat"]}</arg>
<doc>Returns the given values which can then be assigned to a variables.</doc>
<status status="PASS" start="2024-04-17T21:14:05.028212" elapsed="0.000407"/>
</kw>
<kw name="Create List" owner="BuiltIn">
<msg time="2024-04-17T21:14:05.029512" level="INFO">${list_country} = ['AD', 'AE', 'AF', 'AG', 'AI', 'AL', 'AM', 'AO', 'AQ', 'AR', 'AS', 'AT', 'AU', 'AW', 'AX', 'AZ', 'BA', 'BB', 'BD', 'BE', 'BF', 'BG', 'BH', 'BI', 'BJ', 'BL', 'BM', 'BN', 'BO', 'BQ', 'BR', 'BS', 'BT', '...</msg>
<var>${list_country}</var>
<arg>AD</arg>
<arg>AE</arg>
<arg>AF</arg>
<arg>AG</arg>
<arg>AI</arg>
<arg>AL</arg>
<arg>AM</arg>
<arg>AO</arg>
<arg>AQ</arg>
<arg>AR</arg>
<arg>AS</arg>
<arg>AT</arg>
<arg>AU</arg>
<arg>AW</arg>
<arg>AX</arg>
<arg>AZ</arg>
<arg>BA</arg>
<arg>BB</arg>
<arg>BD</arg>
<arg>BE</arg>
<arg>BF</arg>
<arg>BG</arg>
<arg>BH</arg>
<arg>BI</arg>
<arg>BJ</arg>
<arg>BL</arg>
<arg>BM</arg>
<arg>BN</arg>
<arg>BO</arg>
<arg>BQ</arg>
<arg>BR</arg>
<arg>BS</arg>
<arg>BT</arg>
<arg>BV</arg>
<arg>BW</arg>
<arg>BY</arg>
<arg>BZ</arg>
<arg>CA</arg>
<arg>CC</arg>
<arg>CD</arg>
<arg>CF</arg>
<arg>CG</arg>
<arg>CH</arg>
<arg>CI</arg>
<arg>CK</arg>
<arg>CL</arg>
<arg>CM</arg>
<arg>CN</arg>
<arg>CO</arg>
<arg>CR</arg>
<arg>CU</arg>
<arg>CV</arg>
<arg>CW</arg>
<arg>CX</arg>
<arg>CY</arg>
<arg>CZ</arg>
<arg>DE</arg>
<arg>DJ</arg>
<arg>DK</arg>
<arg>DM</arg>
<arg>DO</arg>
<arg>DZ</arg>
<arg>EC</arg>
<arg>EE</arg>
<arg>EG</arg>
<arg>EH</arg>
<arg>ER</arg>
<arg>ES</arg>
<arg>ET</arg>
<arg>FI</arg>
<arg>FJ</arg>
<arg>FK</arg>
<arg>FM</arg>
<arg>FO</arg>
<arg>FR</arg>
<arg>GA</arg>
<arg>GB</arg>
<arg>GD</arg>
<arg>GE</arg>
<arg>GF</arg>
<arg>GG</arg>
<arg>GH</arg>
<arg>GI</arg>
<arg>GL</arg>
<arg>GM</arg>
<arg>GN</arg>
<arg>GP</arg>
<arg>GQ</arg>
<arg>GR</arg>
<arg>GS</arg>
<arg>GT</arg>
<arg>GU</arg>
<arg>GW</arg>
<arg>GY</arg>
<arg>HK</arg>
<arg>HM</arg>
<arg>HN</arg>
<arg>HR</arg>
<arg>HT</arg>
<arg>HU</arg>
<arg>ID</arg>
<arg>IE</arg>
<arg>IL</arg>
<arg>IM</arg>
<arg>IN</arg>
<arg>IO</arg>
<arg>IQ</arg>
<arg>IR</arg>
<arg>IS</arg>
<arg>IT</arg>
<arg>JE</arg>
<arg>JM</arg>
<arg>JO</arg>
<arg>JP</arg>
<arg>KE</arg>
<arg>KG</arg>
<arg>KH</arg>
<arg>KI</arg>
<arg>KM</arg>
<arg>KN</arg>
<arg>KP</arg>
<arg>KR</arg>
<arg>KW</arg>
<arg>KY</arg>
<arg>KZ</arg>
<arg>LA</arg>
<arg>LB</arg>
<arg>LC</arg>
<arg>LI</arg>
<arg>LK</arg>
<arg>LR</arg>
<arg>LS</arg>
<arg>LT</arg>
<arg>LU</arg>
<arg>LV</arg>
<arg>LY</arg>
<arg>MA</arg>
<arg>MC</arg>
<arg>MD</arg>
<arg>ME</arg>
<arg>MF</arg>
<arg>MG</arg>
<arg>MH</arg>
<arg>MK</arg>
<arg>ML</arg>
<arg>MM</arg>
<arg>MN</arg>
<arg>MO</arg>
<arg>MP</arg>
<arg>MQ</arg>
<arg>MR</arg>
<arg>MS</arg>
<arg>MT</arg>
<arg>MU</arg>
<arg>MV</arg>
<arg>MW</arg>
<arg>MX</arg>
<arg>MY</arg>
<arg>MZ</arg>
<arg>NA</arg>
<arg>NC</arg>
<arg>NE</arg>
<arg>NF</arg>
<arg>NG</arg>
<arg>NI</arg>
<arg>NL</arg>
<arg>NO</arg>
<arg>NP</arg>
<arg>NR</arg>
<arg>NU</arg>
<arg>NZ</arg>
<arg>OM</arg>
<arg>PA</arg>
<arg>PE</arg>
<arg>PF</arg>
<arg>PG</arg>
<arg>PH</arg>
<arg>PK</arg>
<arg>PL</arg>
<arg>PM</arg>
<arg>PN</arg>
<arg>PR</arg>
<arg>PS</arg>
<arg>PT</arg>
<arg>PW</arg>
<arg>PY</arg>
<arg>QA</arg>
<arg>RE</arg>
<arg>RO</arg>
<arg>RS</arg>
<arg>RU</arg>
<arg>RW</arg>
<arg>SA</arg>
<arg>SB</arg>
<arg>SC</arg>
<arg>SD</arg>
<arg>SE</arg>
<arg>SG</arg>
<arg>SH</arg>
<arg>SI</arg>
<arg>SJ</arg>
<arg>SK</arg>
<arg>SL</arg>
<arg>SM</arg>
<arg>SN</arg>
<arg>SO</arg>
<arg>SR</arg>
<arg>SS</arg>
<arg>ST</arg>
<arg>SV</arg>
<arg>SX</arg>
<arg>SY</arg>
<arg>SZ</arg>
<arg>TC</arg>
<arg>TD</arg>
<arg>TF</arg>
<arg>TG</arg>
<arg>TH</arg>
<arg>TJ</arg>
<arg>TK</arg>
<arg>TL</arg>
<arg>TM</arg>
<arg>TN</arg>
<arg>TO</arg>
<arg>TR</arg>
<arg>TT</arg>
<arg>TV</arg>
<arg>TW</arg>
<arg>TZ</arg>
<arg>UA</arg>
<arg>UG</arg>
<arg>UM</arg>
<arg>US</arg>
<arg>UY</arg>
<arg>UZ</arg>
<arg>VA</arg>
<arg>VC</arg>
<arg>VE</arg>
<arg>VG</arg>
<arg>VI</arg>
<arg>VN</arg>
<arg>VU</arg>
<arg>WF</arg>
<arg>WS</arg>
<arg>XK</arg>
<arg>YE</arg>
<arg>YT</arg>
<arg>ZA</arg>
<arg>ZM</arg>
<arg>ZW</arg>
<doc>Returns a list containing given items.</doc>
<status status="PASS" start="2024-04-17T21:14:05.028924" elapsed="0.000613"/>
</kw>
<kw name="List Should Contain Value" owner="Collections">
<msg time="2024-04-17T21:14:05.030532" level="INFO">False</msg>
<arg>${list_country}</arg>
<arg>${name_country}</arg>
<doc>Fails if the ``value`` is not found from ``list``.</doc>
<status status="PASS" start="2024-04-17T21:14:05.030326" elapsed="0.000248"/>
</kw>
<kw name="Run Keyword If" owner="BuiltIn">
<kw name="Should Be True" owner="BuiltIn">
<arg>${True}</arg>
<doc>Fails if the given condition is not true.</doc>
<status status="PASS" start="2024-04-17T21:14:05.031682" elapsed="0.000145"/>
</kw>
<arg>${json_data["results"][0]["location"]["coordinates"]["latitude"]} &gt;= -90 and ${json_data["results"][0]["location"]["coordinates"]["latitude"]} &lt;= 90</arg>
<arg>Should Be True</arg>
<arg>${True}</arg>
<doc>Runs the given keyword with the given arguments, if ``condition`` is true.</doc>
<status status="PASS" start="2024-04-17T21:14:05.030885" elapsed="0.001069"/>
</kw>
<kw name="Run Keyword If" owner="BuiltIn">
<kw name="Should Be True" owner="BuiltIn">
<arg>${True}</arg>
<doc>Fails if the given condition is not true.</doc>
<status status="PASS" start="2024-04-17T21:14:05.032842" elapsed="0.000256"/>
</kw>
<arg>${json_data["results"][0]["location"]["coordinates"]["longitude"]} &gt;= -180 and ${json_data["results"][0]["location"]["coordinates"]["longitude"]} &lt;= 180</arg>
<arg>Should Be True</arg>
<arg>${True}</arg>
<doc>Runs the given keyword with the given arguments, if ``condition`` is true.</doc>
<status status="PASS" start="2024-04-17T21:14:05.032144" elapsed="0.001079"/>
</kw>
<status status="PASS" start="2024-04-17T21:14:04.927510" elapsed="0.105845"/>
</kw>
<doc>Testa o conteúdo específico dos campos retornados pela API.</doc>
<tag>testeConteudo</tag>
<status status="PASS" start="2024-04-17T21:14:04.926941" elapsed="0.106565"/>
</test>
<status status="PASS" start="2024-04-17T21:14:04.009056" elapsed="1.026471"/>
</suite>
<status status="PASS" start="2024-04-17T21:14:03.995560" elapsed="1.045221"/>
</suite>
<statistics>
<total>
<stat pass="5" fail="0" skip="0">All Tests</stat>
</total>
<tag>
<stat pass="1" fail="0" skip="0">testeConteudo</stat>
<stat pass="1" fail="0" skip="0">testeEstruturaResposta</stat>
<stat pass="1" fail="0" skip="0">testeRequisicaoBasica</stat>
<stat pass="1" fail="0" skip="0">testeTiposDados</stat>
</tag>
<suite>
<stat pass="5" fail="0" skip="0" id="s1" name="Tests">Tests</stat>
<stat pass="5" fail="0" skip="0" id="s1-s1" name="Random-User-Test">Tests.Random-User-Test</stat>
</suite>
</statistics>
<errors>
</errors>
</robot>
