<?xml version="1.0" encoding="UTF-8"?>
<robot generator="Robot 7.0 (Python 3.12.2 on linux)" generated="2024-03-21T23:15:25.766792" rpa="false" schemaversion="5">
<suite id="s1" name="Tests" source="/home/runner/work/DesafioQAItauRogerioJordao/DesafioQAItauRogerioJordao/RamdonUser/tests">
<suite id="s1-s1" name="Random-User-Test" source="/home/runner/work/DesafioQAItauRogerioJordao/DesafioQAItauRogerioJordao/RamdonUser/tests/random-user-test.robot">
<test id="s1-s1-t1" name="Conectar" line="13">
<kw name="Conectar API" owner="random-user-service">
<kw name="Create Session" owner="RequestsLibrary">
<msg time="2024-03-21T23:15:26.158280" level="INFO">Creating Session using : alias=consultarAPI, url=https://randomuser.me/, headers={},                     cookies={}, auth=None, timeout=None, proxies=None, verify=False,                     debug=0 </msg>
<arg>consultarAPI</arg>
<arg>${URL}</arg>
<doc>Create Session: create a HTTP session to a server</doc>
<status status="PASS" start="2024-03-21T23:15:26.158083" elapsed="0.000384"/>
</kw>
<status status="PASS" start="2024-03-21T23:15:26.157059" elapsed="0.001769"/>
</kw>
<status status="PASS" start="2024-03-21T23:15:26.156525" elapsed="0.002509"/>
</test>
<test id="s1-s1-t2" name="Validar retorno 200 e JSON Válido" line="16">
<kw name="Teste de Requisicao Basica" owner="random-user-service">
<kw name="GET On Session" owner="RequestsLibrary">
<msg time="2024-03-21T23:15:26.245119" level="INFO">GET Request : url=https://randomuser.me/api 
 path_url=/api 
 headers={'User-Agent': 'python-requests/2.31.0', 'Accept-Encoding': 'gzip, deflate', 'Accept': '*/*', 'Connection': 'keep-alive'} 
 body=None 
 </msg>
<msg time="2024-03-21T23:15:26.245234" level="INFO">GET Response : url=https://randomuser.me/api 
 status=200, reason=OK 
 headers={'Date': 'Thu, 21 Mar 2024 23:15:26 GMT', 'Content-Type': 'application/json; charset=utf-8', 'Transfer-Encoding': 'chunked', 'Connection': 'keep-alive', 'X-Powered-By': 'Express', 'Access-Control-Allow-Origin': '*', 'Cache-Control': 'no-cache', 'ETag': 'W/"486-SmYn4+DTCjymmVEJFpTJiVO60Cw"', 'Vary': 'Accept-Encoding', 'Content-Encoding': 'gzip', 'CF-Cache-Status': 'DYNAMIC', 'Report-To': '{"endpoints":[{"url":"https:\\/\\/a.nel.cloudflare.com\\/report\\/v4?s=1YKUztFzr3nXnB%2FySTfucxIX0ul3iAARHjFWROvOXqvlADDAcre3EztqVYv4G9uUEydjIR7SA6q7l7VTDRNnxHjrONemXkRrO%2BqTxOrYjH24THQDXSBiDFEmBZ49HP%2F5"}],"group":"cf-nel","max_age":604800}', 'NEL': '{"success_fraction":0,"report_to":"cf-nel","max_age":604800}', 'Server': 'cloudflare', 'CF-RAY': '8681a4d8cee461be-ORD', 'alt-svc': 'h3=":443"; ma=86400'} 
 body={"results":[{"gender":"female","name":{"title":"Mrs","first":"Lia","last":"Marchand"},"location":{"street":{"number":597,"name":"Rue de la Charité"},"city":"Bordeaux","state":"Haute-Marne","country":"France","postcode":15487,"coordinates":{"latitude":"-13.5075","longitude":"57.1696"},"timezone":{"offset":"-9:00","description":"Alaska"}},"email":"lia.marchand@example.com","login":{"uuid":"89620a26-077a-4cbc-9b73-03123847cc6d","username":"bluebird315","password":"horndog","salt":"BCPVTXKT","md5":"077b0418526b7c54aa92f89ae86904a7","sha1":"dfc77fc791ff6020d85edb9a9c063d45cedeac58","sha256":"42abce31139ed4fec6d03a6b4c5653f0c0ed224ce385fe575da0aad2ec60c8c5"},"dob":{"date":"1950-12-10T08:01:01.194Z","age":73},"registered":{"date":"2005-08-19T19:26:59.665Z","age":18},"phone":"03-24-77-38-35","cell":"06-48-51-67-67","id":{"name":"INSEE","value":"2501175059414 13"},"picture":{"large":"https://randomuser.me/api/portraits/women/21.jpg","medium":"https://randomuser.me/api/portraits/med/women/21.jpg","thumbnail":"https://randomuser.me/api/portraits/thumb/women/21.jpg"},"nat":"FR"}],"info":{"seed":"26842699c527218d","results":1,"page":1,"version":"1.4"}} 
 </msg>
<msg time="2024-03-21T23:15:26.245334" level="INFO">/opt/hostedtoolcache/Python/3.12.2/x64/lib/python3.12/site-packages/urllib3/connectionpool.py:1103: InsecureRequestWarning: Unverified HTTPS request is being made to host 'randomuser.me'. Adding certificate verification is strongly advised. See: https://urllib3.readthedocs.io/en/latest/advanced-usage.html#tls-warnings
  warnings.warn(</msg>
<msg time="2024-03-21T23:15:26.245471" level="INFO">${response} = &lt;Response [200]&gt;</msg>
<var>${response}</var>
<arg>consultarAPI</arg>
<arg>/api</arg>
<doc>Sends a GET request on a previously created HTTP Session.</doc>
<status status="PASS" start="2024-03-21T23:15:26.161632" elapsed="0.083882"/>
</kw>
<kw name="Should Be Equal As Numbers" owner="BuiltIn">
<msg time="2024-03-21T23:15:26.246371" level="INFO">Argument types are:
&lt;class 'int'&gt;
&lt;class 'str'&gt;</msg>
<arg>${response.status_code}</arg>
<arg>200</arg>
<doc>Fails if objects are unequal after converting them to real numbers.</doc>
<status status="PASS" start="2024-03-21T23:15:26.245946" elapsed="0.000495"/>
</kw>
<kw name="Log" owner="BuiltIn">
<msg time="2024-03-21T23:15:26.247130" level="INFO">200</msg>
<arg>${response.status_code}</arg>
<doc>Logs the given message with the given level.</doc>
<status status="PASS" start="2024-03-21T23:15:26.246765" elapsed="0.000409"/>
</kw>
<kw name="Set Variable" owner="BuiltIn">
<msg time="2024-03-21T23:15:26.247956" level="INFO">${json_data} = {'results': [{'gender': 'female', 'name': {'title': 'Mrs', 'first': 'Lia', 'last': 'Marchand'}, 'location': {'street': {'number': 597, 'name': 'Rue de la Charité'}, 'city': 'Bordeaux', 'state': 'Haute...</msg>
<var>${json_data}</var>
<arg>${response.json()}</arg>
<doc>Returns the given values which can then be assigned to a variables.</doc>
<status status="PASS" start="2024-03-21T23:15:26.247502" elapsed="0.000484"/>
</kw>
<kw name="Dictionary Should Contain Key" owner="Collections">
<msg time="2024-03-21T23:15:26.248464" level="INFO">False</msg>
<arg>${json_data}</arg>
<arg>results</arg>
<doc>Fails if ``key`` is not found from ``dictionary``.</doc>
<status status="PASS" start="2024-03-21T23:15:26.248298" elapsed="0.000244"/>
</kw>
<status status="PASS" start="2024-03-21T23:15:26.161372" elapsed="0.087432"/>
</kw>
<doc>Testa se a API responde corretamente e retorna um objeto JSON válido.</doc>
<tag>testeRequisicaoBasica</tag>
<status status="PASS" start="2024-03-21T23:15:26.160904" elapsed="0.088085"/>
</test>
<test id="s1-s1-t3" name="Validar estrutura de resposta" line="22">
<kw name="Teste de Estrutura de Resposta" owner="random-user-service">
<kw name="GET On Session" owner="RequestsLibrary">
<msg time="2024-03-21T23:15:26.361194" level="INFO">GET Request : url=https://randomuser.me/api 
 path_url=/api 
 headers={'User-Agent': 'python-requests/2.31.0', 'Accept-Encoding': 'gzip, deflate', 'Accept': '*/*', 'Connection': 'keep-alive'} 
 body=None 
 </msg>
<msg time="2024-03-21T23:15:26.361292" level="INFO">GET Response : url=https://randomuser.me/api 
 status=200, reason=OK 
 headers={'Date': 'Thu, 21 Mar 2024 23:15:26 GMT', 'Content-Type': 'application/json; charset=utf-8', 'Transfer-Encoding': 'chunked', 'Connection': 'keep-alive', 'X-Powered-By': 'Express', 'Access-Control-Allow-Origin': '*', 'Cache-Control': 'no-cache', 'ETag': 'W/"482-272H8+jJ+avJpc4ES6cqyDbKNg4"', 'Vary': 'Accept-Encoding', 'Content-Encoding': 'gzip', 'CF-Cache-Status': 'DYNAMIC', 'Report-To': '{"endpoints":[{"url":"https:\\/\\/a.nel.cloudflare.com\\/report\\/v4?s=RXnPoSTj%2BzY74ZidUKJCftiZTzVhTjg6QeU7zIIDk%2F4FGTKm3Sf5VjvYFcWB4ArSAZ%2Bt3t6LDxw94OTcF2Qb9gwaQH91ocLcsNAeHbEh6QOldfS9tNrHuMu6aPn2Gn1y"}],"group":"cf-nel","max_age":604800}', 'NEL': '{"success_fraction":0,"report_to":"cf-nel","max_age":604800}', 'Server': 'cloudflare', 'CF-RAY': '8681a4d91f2c61be-ORD', 'alt-svc': 'h3=":443"; ma=86400'} 
 body={"results":[{"gender":"male","name":{"title":"Mr","first":"اميرمحمد","last":"رضایی"},"location":{"street":{"number":5869,"name":"استاد قریب"},"city":"اراک","state":"گلستان","country":"Iran","postcode":72557,"coordinates":{"latitude":"18.4466","longitude":"-118.7304"},"timezone":{"offset":"-2:00","description":"Mid-Atlantic"}},"email":"myrmhmd.rdyy@example.com","login":{"uuid":"326910eb-115e-4129-9a9f-89b7a7c329e3","username":"organiczebra574","password":"pa55w0rd","salt":"egu5fjJh","md5":"4006c3f1dec36bbe067f24e9b0aaf9b6","sha1":"7263354fb1b7bff2668f6874be5e8d05c598c222","sha256":"b855d0d1016d38beb7eeb142a38d98ac0fbee36eca680dbb97d3168feed12f06"},"dob":{"date":"1977-10-11T21:25:07.174Z","age":46},"registered":{"date":"2016-11-02T11:33:53.153Z","age":7},"phone":"064-72159290","cell":"0961-341-0148","id":{"name":"","value":null},"picture":{"large":"https://randomuser.me/api/portraits/men/48.jpg","medium":"https://randomuser.me/api/portraits/med/men/48.jpg","thumbnail":"https://randomuser.me/api/portraits/thumb/men/48.jpg"},"nat":"IR"}],"info":{"seed":"35267de79cbd8bd2","results":1,"page":1,"version":"1.4"}} 
 </msg>
<msg time="2024-03-21T23:15:26.361429" level="INFO">/opt/hostedtoolcache/Python/3.12.2/x64/lib/python3.12/site-packages/urllib3/connectionpool.py:1103: InsecureRequestWarning: Unverified HTTPS request is being made to host 'randomuser.me'. Adding certificate verification is strongly advised. See: https://urllib3.readthedocs.io/en/latest/advanced-usage.html#tls-warnings
  warnings.warn(</msg>
<msg time="2024-03-21T23:15:26.361575" level="INFO">${response} = &lt;Response [200]&gt;</msg>
<var>${response}</var>
<arg>consultarAPI</arg>
<arg>/api</arg>
<doc>Sends a GET request on a previously created HTTP Session.</doc>
<status status="PASS" start="2024-03-21T23:15:26.251701" elapsed="0.109914"/>
</kw>
<kw name="Set Variable" owner="BuiltIn">
<msg time="2024-03-21T23:15:26.362635" level="INFO">${json_data} = {'results': [{'gender': 'male', 'name': {'title': 'Mr', 'first': 'اميرمحمد', 'last': 'رضایی'}, 'location': {'street': {'number': 5869, 'name': 'استاد قریب'}, 'city': 'اراک', 'state': 'گلستان', 'countr...</msg>
<var>${json_data}</var>
<arg>${response.json()}</arg>
<doc>Returns the given values which can then be assigned to a variables.</doc>
<status status="PASS" start="2024-03-21T23:15:26.362100" elapsed="0.000566"/>
</kw>
<kw name="Log" owner="BuiltIn">
<msg time="2024-03-21T23:15:26.363168" level="INFO">{'results': [{'gender': 'male', 'name': {'title': 'Mr', 'first': 'اميرمحمد', 'last': 'رضایی'}, 'location': {'street': {'number': 5869, 'name': 'استاد قریب'}, 'city': 'اراک', 'state': 'گلستان', 'country': 'Iran', 'postcode': 72557, 'coordinates': {'latitude': '18.4466', 'longitude': '-118.7304'}, 'timezone': {'offset': '-2:00', 'description': 'Mid-Atlantic'}}, 'email': 'myrmhmd.rdyy@example.com', 'login': {'uuid': '326910eb-115e-4129-9a9f-89b7a7c329e3', 'username': 'organiczebra574', 'password': 'pa55w0rd', 'salt': 'egu5fjJh', 'md5': '4006c3f1dec36bbe067f24e9b0aaf9b6', 'sha1': '7263354fb1b7bff2668f6874be5e8d05c598c222', 'sha256': 'b855d0d1016d38beb7eeb142a38d98ac0fbee36eca680dbb97d3168feed12f06'}, 'dob': {'date': '1977-10-11T21:25:07.174Z', 'age': 46}, 'registered': {'date': '2016-11-02T11:33:53.153Z', 'age': 7}, 'phone': '064-72159290', 'cell': '0961-341-0148', 'id': {'name': '', 'value': None}, 'picture': {'large': 'https://randomuser.me/api/portraits/men/48.jpg', 'medium': 'https://randomuser.me/api/portraits/med/men/48.jpg', 'thumbnail': 'https://randomuser.me/api/portraits/thumb/men/48.jpg'}, 'nat': 'IR'}], 'info': {'seed': '35267de79cbd8bd2', 'results': 1, 'page': 1, 'version': '1.4'}}</msg>
<arg>${json_data}</arg>
<doc>Logs the given message with the given level.</doc>
<status status="PASS" start="2024-03-21T23:15:26.362997" elapsed="0.000222"/>
</kw>
<kw name="Dictionary Should Contain Key" owner="Collections">
<msg time="2024-03-21T23:15:26.363684" level="INFO">False</msg>
<arg>${json_data}</arg>
<arg>results</arg>
<doc>Fails if ``key`` is not found from ``dictionary``.</doc>
<status status="PASS" start="2024-03-21T23:15:26.363523" elapsed="0.000199"/>
</kw>
<kw name="Should Not Be Empty" owner="BuiltIn">
<msg time="2024-03-21T23:15:26.364159" level="INFO">Length is 2.</msg>
<arg>${json_data}</arg>
<doc>Verifies that the given item is not empty.</doc>
<status status="PASS" start="2024-03-21T23:15:26.364024" elapsed="0.000174"/>
</kw>
<kw name="Create List" owner="BuiltIn">
<msg time="2024-03-21T23:15:26.364701" level="INFO">${expected_keys} = ['gender', 'name', 'location', 'email', 'login']</msg>
<var>${expected_keys}</var>
<arg>gender</arg>
<arg>name</arg>
<arg>location</arg>
<arg>email</arg>
<arg>login</arg>
<doc>Returns a list containing given items.</doc>
<status status="PASS" start="2024-03-21T23:15:26.364542" elapsed="0.000184"/>
</kw>
<for flavor="IN">
<iter>
<kw name="Dictionary Should Contain Key" owner="Collections">
<msg time="2024-03-21T23:15:26.365761" level="INFO">False</msg>
<arg>${json_data['results'][0]}</arg>
<arg>${key}</arg>
<doc>Fails if ``key`` is not found from ``dictionary``.</doc>
<status status="PASS" start="2024-03-21T23:15:26.365346" elapsed="0.000455"/>
</kw>
<kw name="Log" owner="BuiltIn">
<msg time="2024-03-21T23:15:26.366493" level="INFO">{'gender': 'male', 'name': {'title': 'Mr', 'first': 'اميرمحمد', 'last': 'رضایی'}, 'location': {'street': {'number': 5869, 'name': 'استاد قریب'}, 'city': 'اراک', 'state': 'گلستان', 'country': 'Iran', 'postcode': 72557, 'coordinates': {'latitude': '18.4466', 'longitude': '-118.7304'}, 'timezone': {'offset': '-2:00', 'description': 'Mid-Atlantic'}}, 'email': 'myrmhmd.rdyy@example.com', 'login': {'uuid': '326910eb-115e-4129-9a9f-89b7a7c329e3', 'username': 'organiczebra574', 'password': 'pa55w0rd', 'salt': 'egu5fjJh', 'md5': '4006c3f1dec36bbe067f24e9b0aaf9b6', 'sha1': '7263354fb1b7bff2668f6874be5e8d05c598c222', 'sha256': 'b855d0d1016d38beb7eeb142a38d98ac0fbee36eca680dbb97d3168feed12f06'}, 'dob': {'date': '1977-10-11T21:25:07.174Z', 'age': 46}, 'registered': {'date': '2016-11-02T11:33:53.153Z', 'age': 7}, 'phone': '064-72159290', 'cell': '0961-341-0148', 'id': {'name': '', 'value': None}, 'picture': {'large': 'https://randomuser.me/api/portraits/men/48.jpg', 'medium': 'https://randomuser.me/api/portraits/med/men/48.jpg', 'thumbnail': 'https://randomuser.me/api/portraits/thumb/men/48.jpg'}, 'nat': 'IR'}</msg>
<arg>${json_data['results'][0]}</arg>
<doc>Logs the given message with the given level.</doc>
<status status="PASS" start="2024-03-21T23:15:26.366113" elapsed="0.000437"/>
</kw>
<kw name="Log" owner="BuiltIn">
<msg time="2024-03-21T23:15:26.366996" level="INFO">gender</msg>
<arg>${key}</arg>
<doc>Logs the given message with the given level.</doc>
<status status="PASS" start="2024-03-21T23:15:26.366863" elapsed="0.000172"/>
</kw>
<var name="${key}">gender</var>
<status status="PASS" start="2024-03-21T23:15:26.365209" elapsed="0.002053"/>
</iter>
<iter>
<kw name="Dictionary Should Contain Key" owner="Collections">
<msg time="2024-03-21T23:15:26.367978" level="INFO">False</msg>
<arg>${json_data['results'][0]}</arg>
<arg>${key}</arg>
<doc>Fails if ``key`` is not found from ``dictionary``.</doc>
<status status="PASS" start="2024-03-21T23:15:26.367577" elapsed="0.000440"/>
</kw>
<kw name="Log" owner="BuiltIn">
<msg time="2024-03-21T23:15:26.368795" level="INFO">{'gender': 'male', 'name': {'title': 'Mr', 'first': 'اميرمحمد', 'last': 'رضایی'}, 'location': {'street': {'number': 5869, 'name': 'استاد قریب'}, 'city': 'اراک', 'state': 'گلستان', 'country': 'Iran', 'postcode': 72557, 'coordinates': {'latitude': '18.4466', 'longitude': '-118.7304'}, 'timezone': {'offset': '-2:00', 'description': 'Mid-Atlantic'}}, 'email': 'myrmhmd.rdyy@example.com', 'login': {'uuid': '326910eb-115e-4129-9a9f-89b7a7c329e3', 'username': 'organiczebra574', 'password': 'pa55w0rd', 'salt': 'egu5fjJh', 'md5': '4006c3f1dec36bbe067f24e9b0aaf9b6', 'sha1': '7263354fb1b7bff2668f6874be5e8d05c598c222', 'sha256': 'b855d0d1016d38beb7eeb142a38d98ac0fbee36eca680dbb97d3168feed12f06'}, 'dob': {'date': '1977-10-11T21:25:07.174Z', 'age': 46}, 'registered': {'date': '2016-11-02T11:33:53.153Z', 'age': 7}, 'phone': '064-72159290', 'cell': '0961-341-0148', 'id': {'name': '', 'value': None}, 'picture': {'large': 'https://randomuser.me/api/portraits/men/48.jpg', 'medium': 'https://randomuser.me/api/portraits/med/men/48.jpg', 'thumbnail': 'https://randomuser.me/api/portraits/thumb/men/48.jpg'}, 'nat': 'IR'}</msg>
<arg>${json_data['results'][0]}</arg>
<doc>Logs the given message with the given level.</doc>
<status status="PASS" start="2024-03-21T23:15:26.368388" elapsed="0.000469"/>
</kw>
<kw name="Log" owner="BuiltIn">
<msg time="2024-03-21T23:15:26.369298" level="INFO">name</msg>
<arg>${key}</arg>
<doc>Logs the given message with the given level.</doc>
<status status="PASS" start="2024-03-21T23:15:26.369169" elapsed="0.000168"/>
</kw>
<var name="${key}">name</var>
<status status="PASS" start="2024-03-21T23:15:26.367462" elapsed="0.002094"/>
</iter>
<iter>
<kw name="Dictionary Should Contain Key" owner="Collections">
<msg time="2024-03-21T23:15:26.370229" level="INFO">False</msg>
<arg>${json_data['results'][0]}</arg>
<arg>${key}</arg>
<doc>Fails if ``key`` is not found from ``dictionary``.</doc>
<status status="PASS" start="2024-03-21T23:15:26.369850" elapsed="0.000417"/>
</kw>
<kw name="Log" owner="BuiltIn">
<msg time="2024-03-21T23:15:26.370927" level="INFO">{'gender': 'male', 'name': {'title': 'Mr', 'first': 'اميرمحمد', 'last': 'رضایی'}, 'location': {'street': {'number': 5869, 'name': 'استاد قریب'}, 'city': 'اراک', 'state': 'گلستان', 'country': 'Iran', 'postcode': 72557, 'coordinates': {'latitude': '18.4466', 'longitude': '-118.7304'}, 'timezone': {'offset': '-2:00', 'description': 'Mid-Atlantic'}}, 'email': 'myrmhmd.rdyy@example.com', 'login': {'uuid': '326910eb-115e-4129-9a9f-89b7a7c329e3', 'username': 'organiczebra574', 'password': 'pa55w0rd', 'salt': 'egu5fjJh', 'md5': '4006c3f1dec36bbe067f24e9b0aaf9b6', 'sha1': '7263354fb1b7bff2668f6874be5e8d05c598c222', 'sha256': 'b855d0d1016d38beb7eeb142a38d98ac0fbee36eca680dbb97d3168feed12f06'}, 'dob': {'date': '1977-10-11T21:25:07.174Z', 'age': 46}, 'registered': {'date': '2016-11-02T11:33:53.153Z', 'age': 7}, 'phone': '064-72159290', 'cell': '0961-341-0148', 'id': {'name': '', 'value': None}, 'picture': {'large': 'https://randomuser.me/api/portraits/men/48.jpg', 'medium': 'https://randomuser.me/api/portraits/med/men/48.jpg', 'thumbnail': 'https://randomuser.me/api/portraits/thumb/men/48.jpg'}, 'nat': 'IR'}</msg>
<arg>${json_data['results'][0]}</arg>
<doc>Logs the given message with the given level.</doc>
<status status="PASS" start="2024-03-21T23:15:26.370566" elapsed="0.000420"/>
</kw>
<kw name="Log" owner="BuiltIn">
<msg time="2024-03-21T23:15:26.371411" level="INFO">location</msg>
<arg>${key}</arg>
<doc>Logs the given message with the given level.</doc>
<status status="PASS" start="2024-03-21T23:15:26.371285" elapsed="0.000164"/>
</kw>
<var name="${key}">location</var>
<status status="PASS" start="2024-03-21T23:15:26.369738" elapsed="0.001928"/>
</iter>
<iter>
<kw name="Dictionary Should Contain Key" owner="Collections">
<msg time="2024-03-21T23:15:26.372349" level="INFO">False</msg>
<arg>${json_data['results'][0]}</arg>
<arg>${key}</arg>
<doc>Fails if ``key`` is not found from ``dictionary``.</doc>
<status status="PASS" start="2024-03-21T23:15:26.371961" elapsed="0.000426"/>
</kw>
<kw name="Log" owner="BuiltIn">
<msg time="2024-03-21T23:15:26.373087" level="INFO">{'gender': 'male', 'name': {'title': 'Mr', 'first': 'اميرمحمد', 'last': 'رضایی'}, 'location': {'street': {'number': 5869, 'name': 'استاد قریب'}, 'city': 'اراک', 'state': 'گلستان', 'country': 'Iran', 'postcode': 72557, 'coordinates': {'latitude': '18.4466', 'longitude': '-118.7304'}, 'timezone': {'offset': '-2:00', 'description': 'Mid-Atlantic'}}, 'email': 'myrmhmd.rdyy@example.com', 'login': {'uuid': '326910eb-115e-4129-9a9f-89b7a7c329e3', 'username': 'organiczebra574', 'password': 'pa55w0rd', 'salt': 'egu5fjJh', 'md5': '4006c3f1dec36bbe067f24e9b0aaf9b6', 'sha1': '7263354fb1b7bff2668f6874be5e8d05c598c222', 'sha256': 'b855d0d1016d38beb7eeb142a38d98ac0fbee36eca680dbb97d3168feed12f06'}, 'dob': {'date': '1977-10-11T21:25:07.174Z', 'age': 46}, 'registered': {'date': '2016-11-02T11:33:53.153Z', 'age': 7}, 'phone': '064-72159290', 'cell': '0961-341-0148', 'id': {'name': '', 'value': None}, 'picture': {'large': 'https://randomuser.me/api/portraits/men/48.jpg', 'medium': 'https://randomuser.me/api/portraits/med/men/48.jpg', 'thumbnail': 'https://randomuser.me/api/portraits/thumb/men/48.jpg'}, 'nat': 'IR'}</msg>
<arg>${json_data['results'][0]}</arg>
<doc>Logs the given message with the given level.</doc>
<status status="PASS" start="2024-03-21T23:15:26.372722" elapsed="0.000416"/>
</kw>
<kw name="Log" owner="BuiltIn">
<msg time="2024-03-21T23:15:26.373570" level="INFO">email</msg>
<arg>${key}</arg>
<doc>Logs the given message with the given level.</doc>
<status status="PASS" start="2024-03-21T23:15:26.373441" elapsed="0.000167"/>
</kw>
<var name="${key}">email</var>
<status status="PASS" start="2024-03-21T23:15:26.371841" elapsed="0.001986"/>
</iter>
<iter>
<kw name="Dictionary Should Contain Key" owner="Collections">
<msg time="2024-03-21T23:15:26.374508" level="INFO">False</msg>
<arg>${json_data['results'][0]}</arg>
<arg>${key}</arg>
<doc>Fails if ``key`` is not found from ``dictionary``.</doc>
<status status="PASS" start="2024-03-21T23:15:26.374118" elapsed="0.000428"/>
</kw>
<kw name="Log" owner="BuiltIn">
<msg time="2024-03-21T23:15:26.375217" level="INFO">{'gender': 'male', 'name': {'title': 'Mr', 'first': 'اميرمحمد', 'last': 'رضایی'}, 'location': {'street': {'number': 5869, 'name': 'استاد قریب'}, 'city': 'اراک', 'state': 'گلستان', 'country': 'Iran', 'postcode': 72557, 'coordinates': {'latitude': '18.4466', 'longitude': '-118.7304'}, 'timezone': {'offset': '-2:00', 'description': 'Mid-Atlantic'}}, 'email': 'myrmhmd.rdyy@example.com', 'login': {'uuid': '326910eb-115e-4129-9a9f-89b7a7c329e3', 'username': 'organiczebra574', 'password': 'pa55w0rd', 'salt': 'egu5fjJh', 'md5': '4006c3f1dec36bbe067f24e9b0aaf9b6', 'sha1': '7263354fb1b7bff2668f6874be5e8d05c598c222', 'sha256': 'b855d0d1016d38beb7eeb142a38d98ac0fbee36eca680dbb97d3168feed12f06'}, 'dob': {'date': '1977-10-11T21:25:07.174Z', 'age': 46}, 'registered': {'date': '2016-11-02T11:33:53.153Z', 'age': 7}, 'phone': '064-72159290', 'cell': '0961-341-0148', 'id': {'name': '', 'value': None}, 'picture': {'large': 'https://randomuser.me/api/portraits/men/48.jpg', 'medium': 'https://randomuser.me/api/portraits/med/men/48.jpg', 'thumbnail': 'https://randomuser.me/api/portraits/thumb/men/48.jpg'}, 'nat': 'IR'}</msg>
<arg>${json_data['results'][0]}</arg>
<doc>Logs the given message with the given level.</doc>
<status status="PASS" start="2024-03-21T23:15:26.374849" elapsed="0.000418"/>
</kw>
<kw name="Log" owner="BuiltIn">
<msg time="2024-03-21T23:15:26.375704" level="INFO">login</msg>
<arg>${key}</arg>
<doc>Logs the given message with the given level.</doc>
<status status="PASS" start="2024-03-21T23:15:26.375576" elapsed="0.000277"/>
</kw>
<var name="${key}">login</var>
<status status="PASS" start="2024-03-21T23:15:26.374002" elapsed="0.002075"/>
</iter>
<var>${key}</var>
<value>@{expected_keys}</value>
<status status="PASS" start="2024-03-21T23:15:26.364999" elapsed="0.011233"/>
</for>
<kw name="Create List" owner="BuiltIn">
<msg time="2024-03-21T23:15:26.376604" level="INFO">${expected_keysTwo} = ['username', 'password']</msg>
<var>${expected_keysTwo}</var>
<arg>username</arg>
<arg>password</arg>
<doc>Returns a list containing given items.</doc>
<status status="PASS" start="2024-03-21T23:15:26.376440" elapsed="0.000189"/>
</kw>
<for flavor="IN">
<iter>
<kw name="Dictionary Should Contain Key" owner="Collections">
<msg time="2024-03-21T23:15:26.377524" level="INFO">False</msg>
<arg>${json_data['results'][0]['login']}</arg>
<arg>${keyTwo}</arg>
<doc>Fails if ``key`` is not found from ``dictionary``.</doc>
<status status="PASS" start="2024-03-21T23:15:26.377135" elapsed="0.000426"/>
</kw>
<kw name="Dictionary Should Contain Key" owner="Collections">
<msg time="2024-03-21T23:15:26.378240" level="INFO">False</msg>
<arg>${json_data['results'][0]['login']}</arg>
<arg>${keyTwo}</arg>
<doc>Fails if ``key`` is not found from ``dictionary``.</doc>
<status status="PASS" start="2024-03-21T23:15:26.377860" elapsed="0.000418"/>
</kw>
<kw name="Log" owner="BuiltIn">
<msg time="2024-03-21T23:15:26.378698" level="INFO">username</msg>
<arg>${keyTwo}</arg>
<doc>Logs the given message with the given level.</doc>
<status status="PASS" start="2024-03-21T23:15:26.378572" elapsed="0.000163"/>
</kw>
<var name="${keyTwo}">username</var>
<status status="PASS" start="2024-03-21T23:15:26.377022" elapsed="0.001927"/>
</iter>
<iter>
<kw name="Dictionary Should Contain Key" owner="Collections">
<msg time="2024-03-21T23:15:26.379607" level="INFO">False</msg>
<arg>${json_data['results'][0]['login']}</arg>
<arg>${keyTwo}</arg>
<doc>Fails if ``key`` is not found from ``dictionary``.</doc>
<status status="PASS" start="2024-03-21T23:15:26.379232" elapsed="0.000414"/>
</kw>
<kw name="Dictionary Should Contain Key" owner="Collections">
<msg time="2024-03-21T23:15:26.380325" level="INFO">False</msg>
<arg>${json_data['results'][0]['login']}</arg>
<arg>${keyTwo}</arg>
<doc>Fails if ``key`` is not found from ``dictionary``.</doc>
<status status="PASS" start="2024-03-21T23:15:26.379944" elapsed="0.000419"/>
</kw>
<kw name="Log" owner="BuiltIn">
<msg time="2024-03-21T23:15:26.380820" level="INFO">password</msg>
<arg>${keyTwo}</arg>
<doc>Logs the given message with the given level.</doc>
<status status="PASS" start="2024-03-21T23:15:26.380691" elapsed="0.000168"/>
</kw>
<var name="${keyTwo}">password</var>
<status status="PASS" start="2024-03-21T23:15:26.379122" elapsed="0.001955"/>
</iter>
<var>${keyTwo}</var>
<value>@{expected_keysTwo}</value>
<status status="PASS" start="2024-03-21T23:15:26.376871" elapsed="0.004332"/>
</for>
<status status="PASS" start="2024-03-21T23:15:26.251459" elapsed="0.129900"/>
</kw>
<doc>Testa a estrutura da resposta da API.</doc>
<tag>testeEstruturaResposta</tag>
<status status="PASS" start="2024-03-21T23:15:26.250821" elapsed="0.130704"/>
</test>
<test id="s1-s1-t4" name="Validar tipos de dados" line="28">
<kw name="Teste de Tipos de Dados" owner="random-user-service">
<kw name="GET On Session" owner="RequestsLibrary">
<msg time="2024-03-21T23:15:26.463385" level="INFO">GET Request : url=https://randomuser.me/api 
 path_url=/api 
 headers={'User-Agent': 'python-requests/2.31.0', 'Accept-Encoding': 'gzip, deflate', 'Accept': '*/*', 'Connection': 'keep-alive'} 
 body=None 
 </msg>
<msg time="2024-03-21T23:15:26.463486" level="INFO">GET Response : url=https://randomuser.me/api 
 status=200, reason=OK 
 headers={'Date': 'Thu, 21 Mar 2024 23:15:26 GMT', 'Content-Type': 'application/json; charset=utf-8', 'Transfer-Encoding': 'chunked', 'Connection': 'keep-alive', 'X-Powered-By': 'Express', 'Access-Control-Allow-Origin': '*', 'Cache-Control': 'no-cache', 'ETag': 'W/"48a-QJJYQJtsZufNK+f3/HHEdzsPZNg"', 'Vary': 'Accept-Encoding', 'Content-Encoding': 'gzip', 'CF-Cache-Status': 'DYNAMIC', 'Report-To': '{"endpoints":[{"url":"https:\\/\\/a.nel.cloudflare.com\\/report\\/v4?s=9zCxyOY52meyex1y%2FNikW%2FA2YeR5Y1mq2a25oAX9Q%2FgUBFMJYms%2BV53OMr%2B82ndc3AZhW2h4ZEgV3i8KI18u%2B4%2FGzXBx1%2BjsLqIvplTBStqQRK%2FYL0%2FDgXzc2D84RCrf"}],"group":"cf-nel","max_age":604800}', 'NEL': '{"success_fraction":0,"report_to":"cf-nel","max_age":604800}', 'Server': 'cloudflare', 'CF-RAY': '8681a4d9effd61be-ORD', 'alt-svc': 'h3=":443"; ma=86400'} 
 body={"results":[{"gender":"male","name":{"title":"Monsieur","first":"Nicola","last":"Deschamps"},"location":{"street":{"number":628,"name":"Place de L'Europe"},"city":"Thundorf","state":"Ticino","country":"Switzerland","postcode":1501,"coordinates":{"latitude":"-55.8548","longitude":"-89.2001"},"timezone":{"offset":"+3:30","description":"Tehran"}},"email":"nicola.deschamps@example.com","login":{"uuid":"b3913dce-6bb0-4707-b50b-d8dc0c4e50ea","username":"angrypeacock838","password":"formula1","salt":"yRQbCbCS","md5":"36354316a3c3e47f4b26a35b64906a40","sha1":"a69a89fd281a96ccac9518d9140bbe5479d21abd","sha256":"2f15bd1d6e0c0747e5c82cbab2e3ef361db66b89f2383c818546957e62e7a9c3"},"dob":{"date":"1975-12-13T10:56:58.514Z","age":48},"registered":{"date":"2019-04-22T15:43:54.101Z","age":4},"phone":"078 383 08 68","cell":"077 096 12 07","id":{"name":"AVS","value":"756.6120.1281.77"},"picture":{"large":"https://randomuser.me/api/portraits/men/78.jpg","medium":"https://randomuser.me/api/portraits/med/men/78.jpg","thumbnail":"https://randomuser.me/api/portraits/thumb/men/78.jpg"},"nat":"CH"}],"info":{"seed":"fad852d6400b6b4b","results":1,"page":1,"version":"1.4"}} 
 </msg>
<msg time="2024-03-21T23:15:26.463556" level="INFO">/opt/hostedtoolcache/Python/3.12.2/x64/lib/python3.12/site-packages/urllib3/connectionpool.py:1103: InsecureRequestWarning: Unverified HTTPS request is being made to host 'randomuser.me'. Adding certificate verification is strongly advised. See: https://urllib3.readthedocs.io/en/latest/advanced-usage.html#tls-warnings
  warnings.warn(</msg>
<msg time="2024-03-21T23:15:26.463701" level="INFO">${response} = &lt;Response [200]&gt;</msg>
<var>${response}</var>
<arg>consultarAPI</arg>
<arg>/api</arg>
<doc>Sends a GET request on a previously created HTTP Session.</doc>
<status status="PASS" start="2024-03-21T23:15:26.384431" elapsed="0.079312"/>
</kw>
<kw name="Set Variable" owner="BuiltIn">
<msg time="2024-03-21T23:15:26.464830" level="INFO">${json_data} = {'results': [{'gender': 'male', 'name': {'title': 'Monsieur', 'first': 'Nicola', 'last': 'Deschamps'}, 'location': {'street': {'number': 628, 'name': "Place de L'Europe"}, 'city': 'Thundorf', 'state':...</msg>
<var>${json_data}</var>
<arg>${response.json()}</arg>
<doc>Returns the given values which can then be assigned to a variables.</doc>
<status status="PASS" start="2024-03-21T23:15:26.464265" elapsed="0.000594"/>
</kw>
<kw name="Log" owner="BuiltIn">
<msg time="2024-03-21T23:15:26.465342" level="INFO">{'results': [{'gender': 'male', 'name': {'title': 'Monsieur', 'first': 'Nicola', 'last': 'Deschamps'}, 'location': {'street': {'number': 628, 'name': "Place de L'Europe"}, 'city': 'Thundorf', 'state': 'Ticino', 'country': 'Switzerland', 'postcode': 1501, 'coordinates': {'latitude': '-55.8548', 'longitude': '-89.2001'}, 'timezone': {'offset': '+3:30', 'description': 'Tehran'}}, 'email': 'nicola.deschamps@example.com', 'login': {'uuid': 'b3913dce-6bb0-4707-b50b-d8dc0c4e50ea', 'username': 'angrypeacock838', 'password': 'formula1', 'salt': 'yRQbCbCS', 'md5': '36354316a3c3e47f4b26a35b64906a40', 'sha1': 'a69a89fd281a96ccac9518d9140bbe5479d21abd', 'sha256': '2f15bd1d6e0c0747e5c82cbab2e3ef361db66b89f2383c818546957e62e7a9c3'}, 'dob': {'date': '1975-12-13T10:56:58.514Z', 'age': 48}, 'registered': {'date': '2019-04-22T15:43:54.101Z', 'age': 4}, 'phone': '078 383 08 68', 'cell': '077 096 12 07', 'id': {'name': 'AVS', 'value': '756.6120.1281.77'}, 'picture': {'large': 'https://randomuser.me/api/portraits/men/78.jpg', 'medium': 'https://randomuser.me/api/portraits/med/men/78.jpg', 'thumbnail': 'https://randomuser.me/api/portraits/thumb/men/78.jpg'}, 'nat': 'CH'}], 'info': {'seed': 'fad852d6400b6b4b', 'results': 1, 'page': 1, 'version': '1.4'}}</msg>
<arg>${json_data}</arg>
<doc>Logs the given message with the given level.</doc>
<status status="PASS" start="2024-03-21T23:15:26.465183" elapsed="0.000246"/>
</kw>
<kw name="Should Be String" owner="String">
<arg>${json_data['results'][0]['gender']}</arg>
<doc>Fails if the given ``item`` is not a string.</doc>
<status status="PASS" start="2024-03-21T23:15:26.465733" elapsed="0.000370"/>
</kw>
<kw name="Should Match Regexp" owner="BuiltIn">
<arg>${json_data['results'][0]['email']}</arg>
<arg>^[a-zA-Z0-9._%+-]+@[a-zA-Z0-9.-]+\.[a-zA-Z]{2,}$</arg>
<doc>Fails if ``string`` does not match ``pattern`` as a regular expression.</doc>
<status status="PASS" start="2024-03-21T23:15:26.466303" elapsed="0.000547"/>
</kw>
<kw name="Should Match Regexp" owner="BuiltIn">
<arg>${json_data['results'][0]['dob']['date']}</arg>
<arg>\\d{4}-\\d{2}-\\d{2}T\\d{2}:\\d{2}:\\d{2}\\.\\d{3}Z</arg>
<doc>Fails if ``string`` does not match ``pattern`` as a regular expression.</doc>
<status status="PASS" start="2024-03-21T23:15:26.467052" elapsed="0.000494"/>
</kw>
<kw name="Should Match Regexp" owner="BuiltIn">
<arg>${json_data['results'][0]['registered']['date']}</arg>
<arg>\\d{4}-\\d{2}-\\d{2}T\\d{2}:\\d{2}:\\d{2}\\.\\d{3}Z</arg>
<doc>Fails if ``string`` does not match ``pattern`` as a regular expression.</doc>
<status status="PASS" start="2024-03-21T23:15:26.467742" elapsed="0.000372"/>
</kw>
<kw name="Should Match Regexp" owner="BuiltIn">
<arg>${json_data['results'][0]['picture']['large']}</arg>
<arg>^https?://.*\.(?:png|jpe?g|gif|bmp)$</arg>
<doc>Fails if ``string`` does not match ``pattern`` as a regular expression.</doc>
<status status="PASS" start="2024-03-21T23:15:26.468303" elapsed="0.000487"/>
</kw>
<kw name="Should Match Regexp" owner="BuiltIn">
<arg>${json_data['results'][0]['picture']['medium']}</arg>
<arg>^https?://.*\.(?:png|jpe?g|gif|bmp)$</arg>
<doc>Fails if ``string`` does not match ``pattern`` as a regular expression.</doc>
<status status="PASS" start="2024-03-21T23:15:26.468981" elapsed="0.000362"/>
</kw>
<kw name="Should Match Regexp" owner="BuiltIn">
<arg>${json_data['results'][0]['picture']['thumbnail']}</arg>
<arg>^https?://.*\.(?:png|jpe?g|gif|bmp)$</arg>
<doc>Fails if ``string`` does not match ``pattern`` as a regular expression.</doc>
<status status="PASS" start="2024-03-21T23:15:26.469530" elapsed="0.000362"/>
</kw>
<kw name="Log" owner="BuiltIn">
<msg time="2024-03-21T23:15:26.470397" level="INFO">{'large': 'https://randomuser.me/api/portraits/men/78.jpg', 'medium': 'https://randomuser.me/api/portraits/med/men/78.jpg', 'thumbnail': 'https://randomuser.me/api/portraits/thumb/men/78.jpg'}</msg>
<arg>${json_data['results'][0]['picture']}</arg>
<doc>Logs the given message with the given level.</doc>
<status status="PASS" start="2024-03-21T23:15:26.470074" elapsed="0.000371"/>
</kw>
<status status="PASS" start="2024-03-21T23:15:26.384060" elapsed="0.086647"/>
</kw>
<kw name="Teste de Tipos de Dados - Postcode" owner="random-user-service">
<kw name="GET On Session" owner="RequestsLibrary">
<msg time="2024-03-21T23:15:26.562611" level="INFO">GET Request : url=https://randomuser.me/api 
 path_url=/api 
 headers={'User-Agent': 'python-requests/2.31.0', 'Accept-Encoding': 'gzip, deflate', 'Accept': '*/*', 'Connection': 'keep-alive'} 
 body=None 
 </msg>
<msg time="2024-03-21T23:15:26.562726" level="INFO">GET Response : url=https://randomuser.me/api 
 status=200, reason=OK 
 headers={'Date': 'Thu, 21 Mar 2024 23:15:26 GMT', 'Content-Type': 'application/json; charset=utf-8', 'Transfer-Encoding': 'chunked', 'Connection': 'keep-alive', 'X-Powered-By': 'Express', 'Access-Control-Allow-Origin': '*', 'Cache-Control': 'no-cache', 'ETag': 'W/"4a0-Y35WqIPdIBfYoMEqqI3IGT81a+s"', 'Vary': 'Accept-Encoding', 'Content-Encoding': 'gzip', 'CF-Cache-Status': 'DYNAMIC', 'Report-To': '{"endpoints":[{"url":"https:\\/\\/a.nel.cloudflare.com\\/report\\/v4?s=q7THLW35MjqXeh5wg98xz%2FdiXJY3dF%2BBnhMvjWKhdIvH0ZJ2FttF2VzxYm2f6VzuR6BCEJkIofiJ%2FRlCIw6swD7O8fNRjfZheI87%2B5vhqvo86AtKeJkizsFscn9wg5gk"}],"group":"cf-nel","max_age":604800}', 'NEL': '{"success_fraction":0,"report_to":"cf-nel","max_age":604800}', 'Server': 'cloudflare', 'CF-RAY': '8681a4da787861be-ORD', 'alt-svc': 'h3=":443"; ma=86400'} 
 body={"results":[{"gender":"female","name":{"title":"Ms","first":"الینا","last":"سالاری"},"location":{"street":{"number":3772,"name":"فلاحی"},"city":"همدان","state":"خراسان رضوی","country":"Iran","postcode":22107,"coordinates":{"latitude":"14.1486","longitude":"108.5405"},"timezone":{"offset":"0:00","description":"Western Europe Time, London, Lisbon, Casablanca"}},"email":"lyn.slry@example.com","login":{"uuid":"24b769d5-2bb9-4c7f-ba34-893d57b31225","username":"crazylion606","password":"chilli","salt":"QTKWB7EM","md5":"6a31bc83491815850fa64aa46c9af2e9","sha1":"2202b5786f8a9c227d78458f017d3f82adb1db5d","sha256":"e74db4bb98473c4452e74b7d3da203ab9c7f14597663e9690d522ba5954d2391"},"dob":{"date":"1955-05-25T17:03:03.294Z","age":68},"registered":{"date":"2019-11-10T19:06:42.627Z","age":4},"phone":"047-20113848","cell":"0991-805-8903","id":{"name":"","value":null},"picture":{"large":"https://randomuser.me/api/portraits/women/33.jpg","medium":"https://randomuser.me/api/portraits/med/women/33.jpg","thumbnail":"https://randomuser.me/api/portraits/thumb/women/33.jpg"},"nat":"IR"}],"info":{"seed":"5fd236a57abacb38","results":1,"page":1,"version":"1.4"}} 
 </msg>
<msg time="2024-03-21T23:15:26.562826" level="INFO">/opt/hostedtoolcache/Python/3.12.2/x64/lib/python3.12/site-packages/urllib3/connectionpool.py:1103: InsecureRequestWarning: Unverified HTTPS request is being made to host 'randomuser.me'. Adding certificate verification is strongly advised. See: https://urllib3.readthedocs.io/en/latest/advanced-usage.html#tls-warnings
  warnings.warn(</msg>
<msg time="2024-03-21T23:15:26.562985" level="INFO">${response} = &lt;Response [200]&gt;</msg>
<var>${response}</var>
<arg>consultarAPI</arg>
<arg>/api</arg>
<doc>Sends a GET request on a previously created HTTP Session.</doc>
<status status="PASS" start="2024-03-21T23:15:26.471325" elapsed="0.091710"/>
</kw>
<kw name="Set Variable" owner="BuiltIn">
<msg time="2024-03-21T23:15:26.564204" level="INFO">${json_data} = {'results': [{'gender': 'female', 'name': {'title': 'Ms', 'first': 'الینا', 'last': 'سالاری'}, 'location': {'street': {'number': 3772, 'name': 'فلاحی'}, 'city': 'همدان', 'state': 'خراسان رضوی', 'count...</msg>
<var>${json_data}</var>
<arg>${response.json()}</arg>
<doc>Returns the given values which can then be assigned to a variables.</doc>
<status status="PASS" start="2024-03-21T23:15:26.563635" elapsed="0.000600"/>
</kw>
<kw name="Log" owner="BuiltIn">
<msg time="2024-03-21T23:15:26.564764" level="INFO">{'results': [{'gender': 'female', 'name': {'title': 'Ms', 'first': 'الینا', 'last': 'سالاری'}, 'location': {'street': {'number': 3772, 'name': 'فلاحی'}, 'city': 'همدان', 'state': 'خراسان رضوی', 'country': 'Iran', 'postcode': 22107, 'coordinates': {'latitude': '14.1486', 'longitude': '108.5405'}, 'timezone': {'offset': '0:00', 'description': 'Western Europe Time, London, Lisbon, Casablanca'}}, 'email': 'lyn.slry@example.com', 'login': {'uuid': '24b769d5-2bb9-4c7f-ba34-893d57b31225', 'username': 'crazylion606', 'password': 'chilli', 'salt': 'QTKWB7EM', 'md5': '6a31bc83491815850fa64aa46c9af2e9', 'sha1': '2202b5786f8a9c227d78458f017d3f82adb1db5d', 'sha256': 'e74db4bb98473c4452e74b7d3da203ab9c7f14597663e9690d522ba5954d2391'}, 'dob': {'date': '1955-05-25T17:03:03.294Z', 'age': 68}, 'registered': {'date': '2019-11-10T19:06:42.627Z', 'age': 4}, 'phone': '047-20113848', 'cell': '0991-805-8903', 'id': {'name': '', 'value': None}, 'picture': {'large': 'https://randomuser.me/api/portraits/women/33.jpg', 'medium': 'https://randomuser.me/api/portraits/med/women/33.jpg', 'thumbnail': 'https://randomuser.me/api/portraits/thumb/women/33.jpg'}, 'nat': 'IR'}], 'info': {'seed': '5fd236a57abacb38', 'results': 1, 'page': 1, 'version': '1.4'}}</msg>
<arg>${json_data}</arg>
<doc>Logs the given message with the given level.</doc>
<status status="PASS" start="2024-03-21T23:15:26.564594" elapsed="0.000264"/>
</kw>
<kw name="Should Be Equal As Numbers" owner="BuiltIn">
<arg>${json_data['results'][0]['location']['postcode']}</arg>
<arg>${json_data['results'][0]['location']['postcode']}</arg>
<doc>Fails if objects are unequal after converting them to real numbers.</doc>
<status status="PASS" start="2024-03-21T23:15:26.565174" elapsed="0.000655"/>
</kw>
<kw name="Log" owner="BuiltIn">
<msg time="2024-03-21T23:15:26.566369" level="INFO">22107</msg>
<arg>${json_data['results'][0]['location']['postcode']}</arg>
<doc>Logs the given message with the given level.</doc>
<status status="PASS" start="2024-03-21T23:15:26.566028" elapsed="0.000382"/>
</kw>
<status status="PASS" start="2024-03-21T23:15:26.470940" elapsed="0.095738"/>
</kw>
<doc>Testa se os tipos de dados na resposta da API estão corretos.</doc>
<tag>testeTiposDados</tag>
<status status="PASS" start="2024-03-21T23:15:26.383337" elapsed="0.183523"/>
</test>
<test id="s1-s1-t5" name="Validar conteudo" line="35">
<kw name="Teste de Tipos de Conteudo" owner="random-user-service">
<kw name="GET On Session" owner="RequestsLibrary">
<msg time="2024-03-21T23:15:26.668276" level="INFO">GET Request : url=https://randomuser.me/api 
 path_url=/api 
 headers={'User-Agent': 'python-requests/2.31.0', 'Accept-Encoding': 'gzip, deflate', 'Accept': '*/*', 'Connection': 'keep-alive'} 
 body=None 
 </msg>
<msg time="2024-03-21T23:15:26.668390" level="INFO">GET Response : url=https://randomuser.me/api 
 status=200, reason=OK 
 headers={'Date': 'Thu, 21 Mar 2024 23:15:26 GMT', 'Content-Type': 'application/json; charset=utf-8', 'Transfer-Encoding': 'chunked', 'Connection': 'keep-alive', 'X-Powered-By': 'Express', 'Access-Control-Allow-Origin': '*', 'Cache-Control': 'no-cache', 'ETag': 'W/"47f-2xgMT+WGIi9ork2a8y3v8kYmsS0"', 'Vary': 'Accept-Encoding', 'Content-Encoding': 'gzip', 'CF-Cache-Status': 'DYNAMIC', 'Report-To': '{"endpoints":[{"url":"https:\\/\\/a.nel.cloudflare.com\\/report\\/v4?s=60LDHWySynuAJb6rKFoD5V6DRIgHNHMtHWWMB6LkyGXllutBlXOX%2FObmglrJMzN9H2utB3jltyYbrjEqNA78hR8IA8%2B670WjL5OutLM4Io2dgB5AKfT0KztEqbdanL8z"}],"group":"cf-nel","max_age":604800}', 'NEL': '{"success_fraction":0,"report_to":"cf-nel","max_age":604800}', 'Server': 'cloudflare', 'CF-RAY': '8681a4db191961be-ORD', 'alt-svc': 'h3=":443"; ma=86400'} 
 body={"results":[{"gender":"male","name":{"title":"Mr","first":"Same","last":"Simmmons"},"location":{"street":{"number":82,"name":"Green Rd"},"city":"Queanbeyan","state":"Victoria","country":"Australia","postcode":5833,"coordinates":{"latitude":"-85.6184","longitude":"-146.4470"},"timezone":{"offset":"-1:00","description":"Azores, Cape Verde Islands"}},"email":"same.simmmons@example.com","login":{"uuid":"dd605bc9-dc19-4bf7-bd5f-aedd23a6fdf6","username":"goldenzebra705","password":"squall","salt":"1VgLT8DR","md5":"0ef7399cfd99b9bbf1a772ef6cbd6318","sha1":"4401021e4ff4f35ea095c6e580cc8bc0ae13abd3","sha256":"ff8e07675c67527429b5a07e71f69874fc8ae7446c50bd962238e75b854abfbb"},"dob":{"date":"1997-05-30T09:52:45.943Z","age":26},"registered":{"date":"2019-05-26T10:25:56.592Z","age":4},"phone":"01-2639-8930","cell":"0481-043-791","id":{"name":"TFN","value":"231594954"},"picture":{"large":"https://randomuser.me/api/portraits/men/87.jpg","medium":"https://randomuser.me/api/portraits/med/men/87.jpg","thumbnail":"https://randomuser.me/api/portraits/thumb/men/87.jpg"},"nat":"AU"}],"info":{"seed":"d7cc9426b5c9fb8e","results":1,"page":1,"version":"1.4"}} 
 </msg>
<msg time="2024-03-21T23:15:26.668468" level="INFO">/opt/hostedtoolcache/Python/3.12.2/x64/lib/python3.12/site-packages/urllib3/connectionpool.py:1103: InsecureRequestWarning: Unverified HTTPS request is being made to host 'randomuser.me'. Adding certificate verification is strongly advised. See: https://urllib3.readthedocs.io/en/latest/advanced-usage.html#tls-warnings
  warnings.warn(</msg>
<msg time="2024-03-21T23:15:26.668667" level="INFO">${response} = &lt;Response [200]&gt;</msg>
<var>${response}</var>
<arg>consultarAPI</arg>
<arg>/api</arg>
<doc>Sends a GET request on a previously created HTTP Session.</doc>
<status status="PASS" start="2024-03-21T23:15:26.569757" elapsed="0.098959"/>
</kw>
<kw name="Set Variable" owner="BuiltIn">
<msg time="2024-03-21T23:15:26.669823" level="INFO">${json_data} = {'results': [{'gender': 'male', 'name': {'title': 'Mr', 'first': 'Same', 'last': 'Simmmons'}, 'location': {'street': {'number': 82, 'name': 'Green Rd'}, 'city': 'Queanbeyan', 'state': 'Victoria', 'cou...</msg>
<var>${json_data}</var>
<arg>${response.json()}</arg>
<doc>Returns the given values which can then be assigned to a variables.</doc>
<status status="PASS" start="2024-03-21T23:15:26.669256" elapsed="0.000608"/>
</kw>
<kw name="Set Variable" owner="BuiltIn">
<msg time="2024-03-21T23:15:26.671001" level="INFO">${name_title} = Mr</msg>
<var>${name_title}</var>
<arg>${json_data["results"][0]["name"]["title"]}</arg>
<doc>Returns the given values which can then be assigned to a variables.</doc>
<status status="PASS" start="2024-03-21T23:15:26.670326" elapsed="0.000721"/>
</kw>
<kw name="Create List" owner="BuiltIn">
<msg time="2024-03-21T23:15:26.671797" level="INFO">${allowed_titles} = ['Mr', 'Ms', 'Miss', 'Mrs', 'Madame', 'Monsieur']</msg>
<var>${allowed_titles}</var>
<arg>Mr</arg>
<arg>Ms</arg>
<arg>Miss</arg>
<arg>Mrs</arg>
<arg>Madame</arg>
<arg>Monsieur</arg>
<doc>Returns a list containing given items.</doc>
<status status="PASS" start="2024-03-21T23:15:26.671550" elapsed="0.000293"/>
</kw>
<kw name="List Should Contain Value" owner="Collections">
<msg time="2024-03-21T23:15:26.672630" level="INFO">False</msg>
<arg>${allowed_titles}</arg>
<arg>${name_title}</arg>
<doc>Fails if the ``value`` is not found from ``list``.</doc>
<status status="PASS" start="2024-03-21T23:15:26.672332" elapsed="0.000354"/>
</kw>
<kw name="Set Variable" owner="BuiltIn">
<msg time="2024-03-21T23:15:26.673666" level="INFO">${name_country} = AU</msg>
<var>${name_country}</var>
<arg>${json_data["results"][0]["nat"]}</arg>
<doc>Returns the given values which can then be assigned to a variables.</doc>
<status status="PASS" start="2024-03-21T23:15:26.673101" elapsed="0.000600"/>
</kw>
<kw name="Create List" owner="BuiltIn">
<msg time="2024-03-21T23:15:26.675216" level="INFO">${list_country} = ['AD', 'AE', 'AF', 'AG', 'AI', 'AL', 'AM', 'AO', 'AQ', 'AR', 'AS', 'AT', 'AU', 'AW', 'AX', 'AZ', 'BA', 'BB', 'BD', 'BE', 'BF', 'BG', 'BH', 'BI', 'BJ', 'BL', 'BM', 'BN', 'BO', 'BQ', 'BR', 'BS', 'BT', '...</msg>
<var>${list_country}</var>
<arg>AD</arg>
<arg>AE</arg>
<arg>AF</arg>
<arg>AG</arg>
<arg>AI</arg>
<arg>AL</arg>
<arg>AM</arg>
<arg>AO</arg>
<arg>AQ</arg>
<arg>AR</arg>
<arg>AS</arg>
<arg>AT</arg>
<arg>AU</arg>
<arg>AW</arg>
<arg>AX</arg>
<arg>AZ</arg>
<arg>BA</arg>
<arg>BB</arg>
<arg>BD</arg>
<arg>BE</arg>
<arg>BF</arg>
<arg>BG</arg>
<arg>BH</arg>
<arg>BI</arg>
<arg>BJ</arg>
<arg>BL</arg>
<arg>BM</arg>
<arg>BN</arg>
<arg>BO</arg>
<arg>BQ</arg>
<arg>BR</arg>
<arg>BS</arg>
<arg>BT</arg>
<arg>BV</arg>
<arg>BW</arg>
<arg>BY</arg>
<arg>BZ</arg>
<arg>CA</arg>
<arg>CC</arg>
<arg>CD</arg>
<arg>CF</arg>
<arg>CG</arg>
<arg>CH</arg>
<arg>CI</arg>
<arg>CK</arg>
<arg>CL</arg>
<arg>CM</arg>
<arg>CN</arg>
<arg>CO</arg>
<arg>CR</arg>
<arg>CU</arg>
<arg>CV</arg>
<arg>CW</arg>
<arg>CX</arg>
<arg>CY</arg>
<arg>CZ</arg>
<arg>DE</arg>
<arg>DJ</arg>
<arg>DK</arg>
<arg>DM</arg>
<arg>DO</arg>
<arg>DZ</arg>
<arg>EC</arg>
<arg>EE</arg>
<arg>EG</arg>
<arg>EH</arg>
<arg>ER</arg>
<arg>ES</arg>
<arg>ET</arg>
<arg>FI</arg>
<arg>FJ</arg>
<arg>FK</arg>
<arg>FM</arg>
<arg>FO</arg>
<arg>FR</arg>
<arg>GA</arg>
<arg>GB</arg>
<arg>GD</arg>
<arg>GE</arg>
<arg>GF</arg>
<arg>GG</arg>
<arg>GH</arg>
<arg>GI</arg>
<arg>GL</arg>
<arg>GM</arg>
<arg>GN</arg>
<arg>GP</arg>
<arg>GQ</arg>
<arg>GR</arg>
<arg>GS</arg>
<arg>GT</arg>
<arg>GU</arg>
<arg>GW</arg>
<arg>GY</arg>
<arg>HK</arg>
<arg>HM</arg>
<arg>HN</arg>
<arg>HR</arg>
<arg>HT</arg>
<arg>HU</arg>
<arg>ID</arg>
<arg>IE</arg>
<arg>IL</arg>
<arg>IM</arg>
<arg>IN</arg>
<arg>IO</arg>
<arg>IQ</arg>
<arg>IR</arg>
<arg>IS</arg>
<arg>IT</arg>
<arg>JE</arg>
<arg>JM</arg>
<arg>JO</arg>
<arg>JP</arg>
<arg>KE</arg>
<arg>KG</arg>
<arg>KH</arg>
<arg>KI</arg>
<arg>KM</arg>
<arg>KN</arg>
<arg>KP</arg>
<arg>KR</arg>
<arg>KW</arg>
<arg>KY</arg>
<arg>KZ</arg>
<arg>LA</arg>
<arg>LB</arg>
<arg>LC</arg>
<arg>LI</arg>
<arg>LK</arg>
<arg>LR</arg>
<arg>LS</arg>
<arg>LT</arg>
<arg>LU</arg>
<arg>LV</arg>
<arg>LY</arg>
<arg>MA</arg>
<arg>MC</arg>
<arg>MD</arg>
<arg>ME</arg>
<arg>MF</arg>
<arg>MG</arg>
<arg>MH</arg>
<arg>MK</arg>
<arg>ML</arg>
<arg>MM</arg>
<arg>MN</arg>
<arg>MO</arg>
<arg>MP</arg>
<arg>MQ</arg>
<arg>MR</arg>
<arg>MS</arg>
<arg>MT</arg>
<arg>MU</arg>
<arg>MV</arg>
<arg>MW</arg>
<arg>MX</arg>
<arg>MY</arg>
<arg>MZ</arg>
<arg>NA</arg>
<arg>NC</arg>
<arg>NE</arg>
<arg>NF</arg>
<arg>NG</arg>
<arg>NI</arg>
<arg>NL</arg>
<arg>NO</arg>
<arg>NP</arg>
<arg>NR</arg>
<arg>NU</arg>
<arg>NZ</arg>
<arg>OM</arg>
<arg>PA</arg>
<arg>PE</arg>
<arg>PF</arg>
<arg>PG</arg>
<arg>PH</arg>
<arg>PK</arg>
<arg>PL</arg>
<arg>PM</arg>
<arg>PN</arg>
<arg>PR</arg>
<arg>PS</arg>
<arg>PT</arg>
<arg>PW</arg>
<arg>PY</arg>
<arg>QA</arg>
<arg>RE</arg>
<arg>RO</arg>
<arg>RS</arg>
<arg>RU</arg>
<arg>RW</arg>
<arg>SA</arg>
<arg>SB</arg>
<arg>SC</arg>
<arg>SD</arg>
<arg>SE</arg>
<arg>SG</arg>
<arg>SH</arg>
<arg>SI</arg>
<arg>SJ</arg>
<arg>SK</arg>
<arg>SL</arg>
<arg>SM</arg>
<arg>SN</arg>
<arg>SO</arg>
<arg>SR</arg>
<arg>SS</arg>
<arg>ST</arg>
<arg>SV</arg>
<arg>SX</arg>
<arg>SY</arg>
<arg>SZ</arg>
<arg>TC</arg>
<arg>TD</arg>
<arg>TF</arg>
<arg>TG</arg>
<arg>TH</arg>
<arg>TJ</arg>
<arg>TK</arg>
<arg>TL</arg>
<arg>TM</arg>
<arg>TN</arg>
<arg>TO</arg>
<arg>TR</arg>
<arg>TT</arg>
<arg>TV</arg>
<arg>TW</arg>
<arg>TZ</arg>
<arg>UA</arg>
<arg>UG</arg>
<arg>UM</arg>
<arg>US</arg>
<arg>UY</arg>
<arg>UZ</arg>
<arg>VA</arg>
<arg>VC</arg>
<arg>VE</arg>
<arg>VG</arg>
<arg>VI</arg>
<arg>VN</arg>
<arg>VU</arg>
<arg>WF</arg>
<arg>WS</arg>
<arg>XK</arg>
<arg>YE</arg>
<arg>YT</arg>
<arg>ZA</arg>
<arg>ZM</arg>
<arg>ZW</arg>
<doc>Returns a list containing given items.</doc>
<status status="PASS" start="2024-03-21T23:15:26.674153" elapsed="0.001104"/>
</kw>
<kw name="List Should Contain Value" owner="Collections">
<msg time="2024-03-21T23:15:26.677142" level="INFO">False</msg>
<arg>${list_country}</arg>
<arg>${name_country}</arg>
<doc>Fails if the ``value`` is not found from ``list``.</doc>
<status status="PASS" start="2024-03-21T23:15:26.676804" elapsed="0.000396"/>
</kw>
<kw name="Run Keyword If" owner="BuiltIn">
<kw name="Should Be True" owner="BuiltIn">
<arg>${True}</arg>
<doc>Fails if the given condition is not true.</doc>
<status status="PASS" start="2024-03-21T23:15:26.678854" elapsed="0.000201"/>
</kw>
<arg>${json_data["results"][0]["location"]["coordinates"]["latitude"]} &gt;= -90 and ${json_data["results"][0]["location"]["coordinates"]["latitude"]} &lt;= 90</arg>
<arg>Should Be True</arg>
<arg>${True}</arg>
<doc>Runs the given keyword with the given arguments, if ``condition`` is true.</doc>
<status status="PASS" start="2024-03-21T23:15:26.677654" elapsed="0.001598"/>
</kw>
<kw name="Run Keyword If" owner="BuiltIn">
<kw name="Should Be True" owner="BuiltIn">
<arg>${True}</arg>
<doc>Fails if the given condition is not true.</doc>
<status status="PASS" start="2024-03-21T23:15:26.680838" elapsed="0.000234"/>
</kw>
<arg>${json_data["results"][0]["location"]["coordinates"]["longitude"]} &gt;= -180 and ${json_data["results"][0]["location"]["coordinates"]["longitude"]} &lt;= 180</arg>
<arg>Should Be True</arg>
<arg>${True}</arg>
<doc>Runs the given keyword with the given arguments, if ``condition`` is true.</doc>
<status status="PASS" start="2024-03-21T23:15:26.679574" elapsed="0.001703"/>
</kw>
<status status="PASS" start="2024-03-21T23:15:26.569356" elapsed="0.112145"/>
</kw>
<doc>Testa o conteúdo específico dos campos retornados pela API.</doc>
<tag>testeConteudo</tag>
<status status="PASS" start="2024-03-21T23:15:26.568678" elapsed="0.113018"/>
</test>
<status status="PASS" start="2024-03-21T23:15:25.821935" elapsed="0.861747"/>
</suite>
<status status="PASS" start="2024-03-21T23:15:25.807695" elapsed="0.881480"/>
</suite>
<statistics>
<total>
<stat pass="5" fail="0" skip="0">All Tests</stat>
</total>
<tag>
<stat pass="1" fail="0" skip="0">testeConteudo</stat>
<stat pass="1" fail="0" skip="0">testeEstruturaResposta</stat>
<stat pass="1" fail="0" skip="0">testeRequisicaoBasica</stat>
<stat pass="1" fail="0" skip="0">testeTiposDados</stat>
</tag>
<suite>
<stat pass="5" fail="0" skip="0" id="s1" name="Tests">Tests</stat>
<stat pass="5" fail="0" skip="0" id="s1-s1" name="Random-User-Test">Tests.Random-User-Test</stat>
</suite>
</statistics>
<errors>
</errors>
</robot>
