<?xml version="1.0" encoding="UTF-8"?>
<robot generator="Robot 7.0.1 (Python 3.12.4 on linux)" generated="2024-07-13T08:17:22.652238" rpa="false" schemaversion="5">
<suite id="s1" name="Tests" source="/home/runner/work/ApiRandomUser/ApiRandomUser/RamdonUser/tests">
<suite id="s1-s1" name="Random-User-Test" source="/home/runner/work/ApiRandomUser/ApiRandomUser/RamdonUser/tests/random-user-test.robot">
<test id="s1-s1-t1" name="Conectar" line="13">
<kw name="Conectar API" owner="random-user-service">
<kw name="Create Session" owner="RequestsLibrary">
<msg time="2024-07-13T08:17:23.061817" level="INFO">Creating Session using : alias=consultarAPI, url=https://randomuser.me/, headers={},                     cookies={}, auth=None, timeout=None, proxies=None, verify=False,                     debug=0 </msg>
<arg>consultarAPI</arg>
<arg>${URL}</arg>
<doc>Create Session: create a HTTP session to a server</doc>
<status status="PASS" start="2024-07-13T08:17:23.061613" elapsed="0.000392"/>
</kw>
<status status="PASS" start="2024-07-13T08:17:23.060581" elapsed="0.001786"/>
</kw>
<status status="PASS" start="2024-07-13T08:17:23.060014" elapsed="0.002544"/>
</test>
<test id="s1-s1-t2" name="Validar retorno 200 e JSON Válido" line="16">
<kw name="Teste de Requisicao Basica" owner="random-user-service">
<kw name="GET On Session" owner="RequestsLibrary">
<msg time="2024-07-13T08:17:23.321465" level="INFO">GET Request : url=https://randomuser.me/api 
 path_url=/api 
 headers={'User-Agent': 'python-requests/2.32.3', 'Accept-Encoding': 'gzip, deflate', 'Accept': '*/*', 'Connection': 'keep-alive'} 
 body=None 
 </msg>
<msg time="2024-07-13T08:17:23.321664" level="INFO">GET Response : url=https://randomuser.me/api 
 status=200, reason=OK 
 headers={'Date': 'Sat, 13 Jul 2024 08:17:23 GMT', 'Content-Type': 'application/json; charset=utf-8', 'Transfer-Encoding': 'chunked', 'Connection': 'keep-alive', 'X-Powered-By': 'Express', 'Access-Control-Allow-Origin': '*', 'Cache-Control': 'no-cache', 'ETag': 'W/"497-CjQ9wUGGk/ppZZMMMIpgcqbrqSo"', 'Vary': 'Accept-Encoding', 'Content-Encoding': 'gzip', 'CF-Cache-Status': 'DYNAMIC', 'Report-To': '{"endpoints":[{"url":"https:\\/\\/a.nel.cloudflare.com\\/report\\/v4?s=4GI%2BRxoBA7FnuM0xnYR9Or0hszlbVKzMwE6szNA7Navc8I%2B%2FwCadl4%2FzE0uFAf9d1RtqjSALc2Sie7qzOhvoVrVIjaZWnAaqEF3UvVPvqzKFhNnUzoaQxJtlniLqoLQ3"}],"group":"cf-nel","max_age":604800}', 'NEL': '{"success_fraction":0,"report_to":"cf-nel","max_age":604800}', 'Server': 'cloudflare', 'CF-RAY': '8a27d6186b462330-ORD', 'alt-svc': 'h3=":443"; ma=86400'} 
 body={"results":[{"gender":"male","name":{"title":"Mr","first":"Baptiste","last":"Da Silva"},"location":{"street":{"number":1612,"name":"Place de L'Église"},"city":"Brest","state":"Meuse","country":"France","postcode":90376,"coordinates":{"latitude":"-13.2147","longitude":"-25.7869"},"timezone":{"offset":"+4:00","description":"Abu Dhabi, Muscat, Baku, Tbilisi"}},"email":"baptiste.dasilva@example.com","login":{"uuid":"229233be-8d83-49e0-9077-dbc140d98104","username":"lazyladybug842","password":"7grout","salt":"G1FmJ5ce","md5":"12f20bf6af00a3424f8b8c61ed4a7eee","sha1":"d7edc704dafb438b2e01cc121f8edf339faeaa7a","sha256":"68a009f272bbd624ee2ae05a28bd3ce4726027815e1f801fe05edbcd6c7d39c4"},"dob":{"date":"1985-09-10T10:07:06.643Z","age":38},"registered":{"date":"2018-06-15T15:50:54.363Z","age":6},"phone":"02-08-65-10-24","cell":"06-02-83-27-67","id":{"name":"INSEE","value":"1850817774261 06"},"picture":{"large":"https://randomuser.me/api/portraits/men/6.jpg","medium":"https://randomuser.me/api/portraits/med/men/6.jpg","thumbnail":"https://randomuser.me/api/portraits/thumb/men/6.jpg"},"nat":"FR"}],"info":{"seed":"4c80420afe4a2803","results":1,"page":1,"version":"1.4"}} 
 </msg>
<msg time="2024-07-13T08:17:23.321751" level="INFO">/opt/hostedtoolcache/Python/3.12.4/x64/lib/python3.12/site-packages/urllib3/connectionpool.py:1099: InsecureRequestWarning: Unverified HTTPS request is being made to host 'randomuser.me'. Adding certificate verification is strongly advised. See: https://urllib3.readthedocs.io/en/latest/advanced-usage.html#tls-warnings
  warnings.warn(</msg>
<msg time="2024-07-13T08:17:23.321916" level="INFO">${response} = &lt;Response [200]&gt;</msg>
<var>${response}</var>
<arg>consultarAPI</arg>
<arg>/api</arg>
<doc>Sends a GET request on a previously created HTTP Session.</doc>
<status status="PASS" start="2024-07-13T08:17:23.065120" elapsed="0.256846"/>
</kw>
<kw name="Should Be Equal As Numbers" owner="BuiltIn">
<msg time="2024-07-13T08:17:23.323000" level="INFO">Argument types are:
&lt;class 'int'&gt;
&lt;class 'str'&gt;</msg>
<arg>${response.status_code}</arg>
<arg>200</arg>
<doc>Fails if objects are unequal after converting them to real numbers.</doc>
<status status="PASS" start="2024-07-13T08:17:23.322525" elapsed="0.000540"/>
</kw>
<kw name="Log" owner="BuiltIn">
<msg time="2024-07-13T08:17:23.323746" level="INFO">200</msg>
<arg>${response.status_code}</arg>
<doc>Logs the given message with the given level.</doc>
<status status="PASS" start="2024-07-13T08:17:23.323395" elapsed="0.000393"/>
</kw>
<kw name="Set Variable" owner="BuiltIn">
<msg time="2024-07-13T08:17:23.324538" level="INFO">${json_data} = {'results': [{'gender': 'male', 'name': {'title': 'Mr', 'first': 'Baptiste', 'last': 'Da Silva'}, 'location': {'street': {'number': 1612, 'name': "Place de L'Église"}, 'city': 'Brest', 'state': 'Meuse...</msg>
<var>${json_data}</var>
<arg>${response.json()}</arg>
<doc>Returns the given values which can then be assigned to a variables.</doc>
<status status="PASS" start="2024-07-13T08:17:23.324097" elapsed="0.000471"/>
</kw>
<kw name="Dictionary Should Contain Key" owner="Collections">
<arg>${json_data}</arg>
<arg>results</arg>
<doc>Fails if ``key`` is not found from ``dictionary``.</doc>
<status status="PASS" start="2024-07-13T08:17:23.324864" elapsed="0.000168"/>
</kw>
<status status="PASS" start="2024-07-13T08:17:23.064865" elapsed="0.260324"/>
</kw>
<doc>Testa se a API responde corretamente e retorna um objeto JSON válido.</doc>
<tag>testeRequisicaoBasica</tag>
<status status="PASS" start="2024-07-13T08:17:23.064408" elapsed="0.260966"/>
</test>
<test id="s1-s1-t3" name="Validar estrutura de resposta" line="22">
<kw name="Teste de Estrutura de Resposta" owner="random-user-service">
<kw name="GET On Session" owner="RequestsLibrary">
<msg time="2024-07-13T08:17:23.412712" level="INFO">GET Request : url=https://randomuser.me/api 
 path_url=/api 
 headers={'User-Agent': 'python-requests/2.32.3', 'Accept-Encoding': 'gzip, deflate', 'Accept': '*/*', 'Connection': 'keep-alive'} 
 body=None 
 </msg>
<msg time="2024-07-13T08:17:23.412853" level="INFO">GET Response : url=https://randomuser.me/api 
 status=200, reason=OK 
 headers={'Date': 'Sat, 13 Jul 2024 08:17:23 GMT', 'Content-Type': 'application/json; charset=utf-8', 'Transfer-Encoding': 'chunked', 'Connection': 'keep-alive', 'X-Powered-By': 'Express', 'Access-Control-Allow-Origin': '*', 'Cache-Control': 'no-cache', 'ETag': 'W/"4a0-NSFa8pTXWdYLXhg/M09zojenzMI"', 'Vary': 'Accept-Encoding', 'Content-Encoding': 'gzip', 'CF-Cache-Status': 'DYNAMIC', 'Report-To': '{"endpoints":[{"url":"https:\\/\\/a.nel.cloudflare.com\\/report\\/v4?s=H8pMRs22071xLr%2FP3zOssruCjFvBBtBMAPc0ozP2e9eS1yok%2Fk6rR274xqM85ylvRU97d17oBIip6Y6h2Y4QrkGiM8WCk4yb%2FEWwpSFPkoNY8d6LDxfKyqhE4SNWvl46"}],"group":"cf-nel","max_age":604800}', 'NEL': '{"success_fraction":0,"report_to":"cf-nel","max_age":604800}', 'Server': 'cloudflare', 'CF-RAY': '8a27d618cbb32330-ORD', 'alt-svc': 'h3=":443"; ma=86400'} 
 body={"results":[{"gender":"male","name":{"title":"Mr","first":"Charles","last":"Watkins"},"location":{"street":{"number":8339,"name":"W Dallas St"},"city":"Toowoomba","state":"South Australia","country":"Australia","postcode":5967,"coordinates":{"latitude":"-83.6454","longitude":"-178.6047"},"timezone":{"offset":"0:00","description":"Western Europe Time, London, Lisbon, Casablanca"}},"email":"charles.watkins@example.com","login":{"uuid":"2f7ded8e-10ec-49a6-89cc-6d51c7f46137","username":"smallpeacock443","password":"motor","salt":"eb5XKPBc","md5":"14398ef02b19b77f778a6d64c57cbf78","sha1":"cba63944cd1011d6b495701abfffd29ff0f18f55","sha256":"68d44539ce491e4b232b760178b1cb1ecd65763f9d0f50782de555c0368aa762"},"dob":{"date":"1991-12-07T23:33:07.715Z","age":32},"registered":{"date":"2009-01-27T19:23:45.985Z","age":15},"phone":"07-4923-0142","cell":"0483-604-416","id":{"name":"TFN","value":"977483025"},"picture":{"large":"https://randomuser.me/api/portraits/men/8.jpg","medium":"https://randomuser.me/api/portraits/med/men/8.jpg","thumbnail":"https://randomuser.me/api/portraits/thumb/men/8.jpg"},"nat":"AU"}],"info":{"seed":"0b45571fb3658680","results":1,"page":1,"version":"1.4"}} 
 </msg>
<msg time="2024-07-13T08:17:23.413047" level="INFO">/opt/hostedtoolcache/Python/3.12.4/x64/lib/python3.12/site-packages/urllib3/connectionpool.py:1099: InsecureRequestWarning: Unverified HTTPS request is being made to host 'randomuser.me'. Adding certificate verification is strongly advised. See: https://urllib3.readthedocs.io/en/latest/advanced-usage.html#tls-warnings
  warnings.warn(</msg>
<msg time="2024-07-13T08:17:23.413235" level="INFO">${response} = &lt;Response [200]&gt;</msg>
<var>${response}</var>
<arg>consultarAPI</arg>
<arg>/api</arg>
<doc>Sends a GET request on a previously created HTTP Session.</doc>
<status status="PASS" start="2024-07-13T08:17:23.328015" elapsed="0.085270"/>
</kw>
<kw name="Set Variable" owner="BuiltIn">
<msg time="2024-07-13T08:17:23.414812" level="INFO">${json_data} = {'results': [{'gender': 'male', 'name': {'title': 'Mr', 'first': 'Charles', 'last': 'Watkins'}, 'location': {'street': {'number': 8339, 'name': 'W Dallas St'}, 'city': 'Toowoomba', 'state': 'South Aus...</msg>
<var>${json_data}</var>
<arg>${response.json()}</arg>
<doc>Returns the given values which can then be assigned to a variables.</doc>
<status status="PASS" start="2024-07-13T08:17:23.414014" elapsed="0.000844"/>
</kw>
<kw name="Log" owner="BuiltIn">
<msg time="2024-07-13T08:17:23.415540" level="INFO">{'results': [{'gender': 'male', 'name': {'title': 'Mr', 'first': 'Charles', 'last': 'Watkins'}, 'location': {'street': {'number': 8339, 'name': 'W Dallas St'}, 'city': 'Toowoomba', 'state': 'South Australia', 'country': 'Australia', 'postcode': 5967, 'coordinates': {'latitude': '-83.6454', 'longitude': '-178.6047'}, 'timezone': {'offset': '0:00', 'description': 'Western Europe Time, London, Lisbon, Casablanca'}}, 'email': 'charles.watkins@example.com', 'login': {'uuid': '2f7ded8e-10ec-49a6-89cc-6d51c7f46137', 'username': 'smallpeacock443', 'password': 'motor', 'salt': 'eb5XKPBc', 'md5': '14398ef02b19b77f778a6d64c57cbf78', 'sha1': 'cba63944cd1011d6b495701abfffd29ff0f18f55', 'sha256': '68d44539ce491e4b232b760178b1cb1ecd65763f9d0f50782de555c0368aa762'}, 'dob': {'date': '1991-12-07T23:33:07.715Z', 'age': 32}, 'registered': {'date': '2009-01-27T19:23:45.985Z', 'age': 15}, 'phone': '07-4923-0142', 'cell': '0483-604-416', 'id': {'name': 'TFN', 'value': '977483025'}, 'picture': {'large': 'https://randomuser.me/api/portraits/men/8.jpg', 'medium': 'https://randomuser.me/api/portraits/med/men/8.jpg', 'thumbnail': 'https://randomuser.me/api/portraits/thumb/men/8.jpg'}, 'nat': 'AU'}], 'info': {'seed': '0b45571fb3658680', 'results': 1, 'page': 1, 'version': '1.4'}}</msg>
<arg>${json_data}</arg>
<doc>Logs the given message with the given level.</doc>
<status status="PASS" start="2024-07-13T08:17:23.415301" elapsed="0.000321"/>
</kw>
<kw name="Dictionary Should Contain Key" owner="Collections">
<arg>${json_data}</arg>
<arg>results</arg>
<doc>Fails if ``key`` is not found from ``dictionary``.</doc>
<status status="PASS" start="2024-07-13T08:17:23.416067" elapsed="0.000263"/>
</kw>
<kw name="Should Not Be Empty" owner="BuiltIn">
<msg time="2024-07-13T08:17:23.416836" level="INFO">Length is 2.</msg>
<arg>${json_data}</arg>
<doc>Verifies that the given item is not empty.</doc>
<status status="PASS" start="2024-07-13T08:17:23.416637" elapsed="0.000266"/>
</kw>
<kw name="Create List" owner="BuiltIn">
<msg time="2024-07-13T08:17:23.417615" level="INFO">${expected_keys} = ['gender', 'name', 'location', 'email', 'login']</msg>
<var>${expected_keys}</var>
<arg>gender</arg>
<arg>name</arg>
<arg>location</arg>
<arg>email</arg>
<arg>login</arg>
<doc>Returns a list containing given items.</doc>
<status status="PASS" start="2024-07-13T08:17:23.417256" elapsed="0.000386"/>
</kw>
<for flavor="IN">
<iter>
<kw name="Dictionary Should Contain Key" owner="Collections">
<arg>${json_data['results'][0]}</arg>
<arg>${key}</arg>
<doc>Fails if ``key`` is not found from ``dictionary``.</doc>
<status status="PASS" start="2024-07-13T08:17:23.418242" elapsed="0.000402"/>
</kw>
<kw name="Log" owner="BuiltIn">
<msg time="2024-07-13T08:17:23.419198" level="INFO">{'gender': 'male', 'name': {'title': 'Mr', 'first': 'Charles', 'last': 'Watkins'}, 'location': {'street': {'number': 8339, 'name': 'W Dallas St'}, 'city': 'Toowoomba', 'state': 'South Australia', 'country': 'Australia', 'postcode': 5967, 'coordinates': {'latitude': '-83.6454', 'longitude': '-178.6047'}, 'timezone': {'offset': '0:00', 'description': 'Western Europe Time, London, Lisbon, Casablanca'}}, 'email': 'charles.watkins@example.com', 'login': {'uuid': '2f7ded8e-10ec-49a6-89cc-6d51c7f46137', 'username': 'smallpeacock443', 'password': 'motor', 'salt': 'eb5XKPBc', 'md5': '14398ef02b19b77f778a6d64c57cbf78', 'sha1': 'cba63944cd1011d6b495701abfffd29ff0f18f55', 'sha256': '68d44539ce491e4b232b760178b1cb1ecd65763f9d0f50782de555c0368aa762'}, 'dob': {'date': '1991-12-07T23:33:07.715Z', 'age': 32}, 'registered': {'date': '2009-01-27T19:23:45.985Z', 'age': 15}, 'phone': '07-4923-0142', 'cell': '0483-604-416', 'id': {'name': 'TFN', 'value': '977483025'}, 'picture': {'large': 'https://randomuser.me/api/portraits/men/8.jpg', 'medium': 'https://randomuser.me/api/portraits/med/men/8.jpg', 'thumbnail': 'https://randomuser.me/api/portraits/thumb/men/8.jpg'}, 'nat': 'AU'}</msg>
<arg>${json_data['results'][0]}</arg>
<doc>Logs the given message with the given level.</doc>
<status status="PASS" start="2024-07-13T08:17:23.418834" elapsed="0.000415"/>
</kw>
<kw name="Log" owner="BuiltIn">
<msg time="2024-07-13T08:17:23.419677" level="INFO">gender</msg>
<arg>${key}</arg>
<doc>Logs the given message with the given level.</doc>
<status status="PASS" start="2024-07-13T08:17:23.419548" elapsed="0.000167"/>
</kw>
<var name="${key}">gender</var>
<status status="PASS" start="2024-07-13T08:17:23.418116" elapsed="0.001816"/>
</iter>
<iter>
<kw name="Dictionary Should Contain Key" owner="Collections">
<arg>${json_data['results'][0]}</arg>
<arg>${key}</arg>
<doc>Fails if ``key`` is not found from ``dictionary``.</doc>
<status status="PASS" start="2024-07-13T08:17:23.420227" elapsed="0.000386"/>
</kw>
<kw name="Log" owner="BuiltIn">
<msg time="2024-07-13T08:17:23.421182" level="INFO">{'gender': 'male', 'name': {'title': 'Mr', 'first': 'Charles', 'last': 'Watkins'}, 'location': {'street': {'number': 8339, 'name': 'W Dallas St'}, 'city': 'Toowoomba', 'state': 'South Australia', 'country': 'Australia', 'postcode': 5967, 'coordinates': {'latitude': '-83.6454', 'longitude': '-178.6047'}, 'timezone': {'offset': '0:00', 'description': 'Western Europe Time, London, Lisbon, Casablanca'}}, 'email': 'charles.watkins@example.com', 'login': {'uuid': '2f7ded8e-10ec-49a6-89cc-6d51c7f46137', 'username': 'smallpeacock443', 'password': 'motor', 'salt': 'eb5XKPBc', 'md5': '14398ef02b19b77f778a6d64c57cbf78', 'sha1': 'cba63944cd1011d6b495701abfffd29ff0f18f55', 'sha256': '68d44539ce491e4b232b760178b1cb1ecd65763f9d0f50782de555c0368aa762'}, 'dob': {'date': '1991-12-07T23:33:07.715Z', 'age': 32}, 'registered': {'date': '2009-01-27T19:23:45.985Z', 'age': 15}, 'phone': '07-4923-0142', 'cell': '0483-604-416', 'id': {'name': 'TFN', 'value': '977483025'}, 'picture': {'large': 'https://randomuser.me/api/portraits/men/8.jpg', 'medium': 'https://randomuser.me/api/portraits/med/men/8.jpg', 'thumbnail': 'https://randomuser.me/api/portraits/thumb/men/8.jpg'}, 'nat': 'AU'}</msg>
<arg>${json_data['results'][0]}</arg>
<doc>Logs the given message with the given level.</doc>
<status status="PASS" start="2024-07-13T08:17:23.420794" elapsed="0.000438"/>
</kw>
<kw name="Log" owner="BuiltIn">
<msg time="2024-07-13T08:17:23.421724" level="INFO">name</msg>
<arg>${key}</arg>
<doc>Logs the given message with the given level.</doc>
<status status="PASS" start="2024-07-13T08:17:23.421577" elapsed="0.000185"/>
</kw>
<var name="${key}">name</var>
<status status="PASS" start="2024-07-13T08:17:23.420117" elapsed="0.001866"/>
</iter>
<iter>
<kw name="Dictionary Should Contain Key" owner="Collections">
<arg>${json_data['results'][0]}</arg>
<arg>${key}</arg>
<doc>Fails if ``key`` is not found from ``dictionary``.</doc>
<status status="PASS" start="2024-07-13T08:17:23.422266" elapsed="0.000375"/>
</kw>
<kw name="Log" owner="BuiltIn">
<msg time="2024-07-13T08:17:23.423171" level="INFO">{'gender': 'male', 'name': {'title': 'Mr', 'first': 'Charles', 'last': 'Watkins'}, 'location': {'street': {'number': 8339, 'name': 'W Dallas St'}, 'city': 'Toowoomba', 'state': 'South Australia', 'country': 'Australia', 'postcode': 5967, 'coordinates': {'latitude': '-83.6454', 'longitude': '-178.6047'}, 'timezone': {'offset': '0:00', 'description': 'Western Europe Time, London, Lisbon, Casablanca'}}, 'email': 'charles.watkins@example.com', 'login': {'uuid': '2f7ded8e-10ec-49a6-89cc-6d51c7f46137', 'username': 'smallpeacock443', 'password': 'motor', 'salt': 'eb5XKPBc', 'md5': '14398ef02b19b77f778a6d64c57cbf78', 'sha1': 'cba63944cd1011d6b495701abfffd29ff0f18f55', 'sha256': '68d44539ce491e4b232b760178b1cb1ecd65763f9d0f50782de555c0368aa762'}, 'dob': {'date': '1991-12-07T23:33:07.715Z', 'age': 32}, 'registered': {'date': '2009-01-27T19:23:45.985Z', 'age': 15}, 'phone': '07-4923-0142', 'cell': '0483-604-416', 'id': {'name': 'TFN', 'value': '977483025'}, 'picture': {'large': 'https://randomuser.me/api/portraits/men/8.jpg', 'medium': 'https://randomuser.me/api/portraits/med/men/8.jpg', 'thumbnail': 'https://randomuser.me/api/portraits/thumb/men/8.jpg'}, 'nat': 'AU'}</msg>
<arg>${json_data['results'][0]}</arg>
<doc>Logs the given message with the given level.</doc>
<status status="PASS" start="2024-07-13T08:17:23.422821" elapsed="0.000398"/>
</kw>
<kw name="Log" owner="BuiltIn">
<msg time="2024-07-13T08:17:23.423638" level="INFO">location</msg>
<arg>${key}</arg>
<doc>Logs the given message with the given level.</doc>
<status status="PASS" start="2024-07-13T08:17:23.423513" elapsed="0.000162"/>
</kw>
<var name="${key}">location</var>
<status status="PASS" start="2024-07-13T08:17:23.422158" elapsed="0.001733"/>
</iter>
<iter>
<kw name="Dictionary Should Contain Key" owner="Collections">
<arg>${json_data['results'][0]}</arg>
<arg>${key}</arg>
<doc>Fails if ``key`` is not found from ``dictionary``.</doc>
<status status="PASS" start="2024-07-13T08:17:23.424173" elapsed="0.000382"/>
</kw>
<kw name="Log" owner="BuiltIn">
<msg time="2024-07-13T08:17:23.425096" level="INFO">{'gender': 'male', 'name': {'title': 'Mr', 'first': 'Charles', 'last': 'Watkins'}, 'location': {'street': {'number': 8339, 'name': 'W Dallas St'}, 'city': 'Toowoomba', 'state': 'South Australia', 'country': 'Australia', 'postcode': 5967, 'coordinates': {'latitude': '-83.6454', 'longitude': '-178.6047'}, 'timezone': {'offset': '0:00', 'description': 'Western Europe Time, London, Lisbon, Casablanca'}}, 'email': 'charles.watkins@example.com', 'login': {'uuid': '2f7ded8e-10ec-49a6-89cc-6d51c7f46137', 'username': 'smallpeacock443', 'password': 'motor', 'salt': 'eb5XKPBc', 'md5': '14398ef02b19b77f778a6d64c57cbf78', 'sha1': 'cba63944cd1011d6b495701abfffd29ff0f18f55', 'sha256': '68d44539ce491e4b232b760178b1cb1ecd65763f9d0f50782de555c0368aa762'}, 'dob': {'date': '1991-12-07T23:33:07.715Z', 'age': 32}, 'registered': {'date': '2009-01-27T19:23:45.985Z', 'age': 15}, 'phone': '07-4923-0142', 'cell': '0483-604-416', 'id': {'name': 'TFN', 'value': '977483025'}, 'picture': {'large': 'https://randomuser.me/api/portraits/men/8.jpg', 'medium': 'https://randomuser.me/api/portraits/med/men/8.jpg', 'thumbnail': 'https://randomuser.me/api/portraits/thumb/men/8.jpg'}, 'nat': 'AU'}</msg>
<arg>${json_data['results'][0]}</arg>
<doc>Logs the given message with the given level.</doc>
<status status="PASS" start="2024-07-13T08:17:23.424740" elapsed="0.000404"/>
</kw>
<kw name="Log" owner="BuiltIn">
<msg time="2024-07-13T08:17:23.425579" level="INFO">email</msg>
<arg>${key}</arg>
<doc>Logs the given message with the given level.</doc>
<status status="PASS" start="2024-07-13T08:17:23.425430" elapsed="0.000199"/>
</kw>
<var name="${key}">email</var>
<status status="PASS" start="2024-07-13T08:17:23.424059" elapsed="0.001784"/>
</iter>
<iter>
<kw name="Dictionary Should Contain Key" owner="Collections">
<arg>${json_data['results'][0]}</arg>
<arg>${key}</arg>
<doc>Fails if ``key`` is not found from ``dictionary``.</doc>
<status status="PASS" start="2024-07-13T08:17:23.426125" elapsed="0.000377"/>
</kw>
<kw name="Log" owner="BuiltIn">
<msg time="2024-07-13T08:17:23.427022" level="INFO">{'gender': 'male', 'name': {'title': 'Mr', 'first': 'Charles', 'last': 'Watkins'}, 'location': {'street': {'number': 8339, 'name': 'W Dallas St'}, 'city': 'Toowoomba', 'state': 'South Australia', 'country': 'Australia', 'postcode': 5967, 'coordinates': {'latitude': '-83.6454', 'longitude': '-178.6047'}, 'timezone': {'offset': '0:00', 'description': 'Western Europe Time, London, Lisbon, Casablanca'}}, 'email': 'charles.watkins@example.com', 'login': {'uuid': '2f7ded8e-10ec-49a6-89cc-6d51c7f46137', 'username': 'smallpeacock443', 'password': 'motor', 'salt': 'eb5XKPBc', 'md5': '14398ef02b19b77f778a6d64c57cbf78', 'sha1': 'cba63944cd1011d6b495701abfffd29ff0f18f55', 'sha256': '68d44539ce491e4b232b760178b1cb1ecd65763f9d0f50782de555c0368aa762'}, 'dob': {'date': '1991-12-07T23:33:07.715Z', 'age': 32}, 'registered': {'date': '2009-01-27T19:23:45.985Z', 'age': 15}, 'phone': '07-4923-0142', 'cell': '0483-604-416', 'id': {'name': 'TFN', 'value': '977483025'}, 'picture': {'large': 'https://randomuser.me/api/portraits/men/8.jpg', 'medium': 'https://randomuser.me/api/portraits/med/men/8.jpg', 'thumbnail': 'https://randomuser.me/api/portraits/thumb/men/8.jpg'}, 'nat': 'AU'}</msg>
<arg>${json_data['results'][0]}</arg>
<doc>Logs the given message with the given level.</doc>
<status status="PASS" start="2024-07-13T08:17:23.426681" elapsed="0.000390"/>
</kw>
<kw name="Log" owner="BuiltIn">
<msg time="2024-07-13T08:17:23.427481" level="INFO">login</msg>
<arg>${key}</arg>
<doc>Logs the given message with the given level.</doc>
<status status="PASS" start="2024-07-13T08:17:23.427357" elapsed="0.000161"/>
</kw>
<var name="${key}">login</var>
<status status="PASS" start="2024-07-13T08:17:23.426011" elapsed="0.001718"/>
</iter>
<var>${key}</var>
<value>@{expected_keys}</value>
<status status="PASS" start="2024-07-13T08:17:23.417919" elapsed="0.009930"/>
</for>
<kw name="Create List" owner="BuiltIn">
<msg time="2024-07-13T08:17:23.428207" level="INFO">${expected_keysTwo} = ['username', 'password']</msg>
<var>${expected_keysTwo}</var>
<arg>username</arg>
<arg>password</arg>
<doc>Returns a list containing given items.</doc>
<status status="PASS" start="2024-07-13T08:17:23.428065" elapsed="0.000166"/>
</kw>
<for flavor="IN">
<iter>
<kw name="Dictionary Should Contain Key" owner="Collections">
<arg>${json_data['results'][0]['login']}</arg>
<arg>${keyTwo}</arg>
<doc>Fails if ``key`` is not found from ``dictionary``.</doc>
<status status="PASS" start="2024-07-13T08:17:23.428721" elapsed="0.000386"/>
</kw>
<kw name="Dictionary Should Contain Key" owner="Collections">
<arg>${json_data['results'][0]['login']}</arg>
<arg>${keyTwo}</arg>
<doc>Fails if ``key`` is not found from ``dictionary``.</doc>
<status status="PASS" start="2024-07-13T08:17:23.429289" elapsed="0.000415"/>
</kw>
<kw name="Log" owner="BuiltIn">
<msg time="2024-07-13T08:17:23.430007" level="INFO">username</msg>
<arg>${keyTwo}</arg>
<doc>Logs the given message with the given level.</doc>
<status status="PASS" start="2024-07-13T08:17:23.429888" elapsed="0.000155"/>
</kw>
<var name="${keyTwo}">username</var>
<status status="PASS" start="2024-07-13T08:17:23.428614" elapsed="0.001646"/>
</iter>
<iter>
<kw name="Dictionary Should Contain Key" owner="Collections">
<arg>${json_data['results'][0]['login']}</arg>
<arg>${keyTwo}</arg>
<doc>Fails if ``key`` is not found from ``dictionary``.</doc>
<status status="PASS" start="2024-07-13T08:17:23.430533" elapsed="0.000383"/>
</kw>
<kw name="Dictionary Should Contain Key" owner="Collections">
<arg>${json_data['results'][0]['login']}</arg>
<arg>${keyTwo}</arg>
<doc>Fails if ``key`` is not found from ``dictionary``.</doc>
<status status="PASS" start="2024-07-13T08:17:23.431093" elapsed="0.000362"/>
</kw>
<kw name="Log" owner="BuiltIn">
<msg time="2024-07-13T08:17:23.431748" level="INFO">password</msg>
<arg>${keyTwo}</arg>
<doc>Logs the given message with the given level.</doc>
<status status="PASS" start="2024-07-13T08:17:23.431630" elapsed="0.000160"/>
</kw>
<var name="${keyTwo}">password</var>
<status status="PASS" start="2024-07-13T08:17:23.430429" elapsed="0.001670"/>
</iter>
<var>${keyTwo}</var>
<value>@{expected_keysTwo}</value>
<status status="PASS" start="2024-07-13T08:17:23.428464" elapsed="0.003755"/>
</for>
<status status="PASS" start="2024-07-13T08:17:23.327773" elapsed="0.104585"/>
</kw>
<doc>Testa a estrutura da resposta da API.</doc>
<tag>testeEstruturaResposta</tag>
<status status="PASS" start="2024-07-13T08:17:23.327262" elapsed="0.105254"/>
</test>
<test id="s1-s1-t4" name="Validar tipos de dados" line="28">
<kw name="Teste de Tipos de Dados" owner="random-user-service">
<kw name="GET On Session" owner="RequestsLibrary">
<msg time="2024-07-13T08:17:23.512805" level="INFO">GET Request : url=https://randomuser.me/api 
 path_url=/api 
 headers={'User-Agent': 'python-requests/2.32.3', 'Accept-Encoding': 'gzip, deflate', 'Accept': '*/*', 'Connection': 'keep-alive'} 
 body=None 
 </msg>
<msg time="2024-07-13T08:17:23.512908" level="INFO">GET Response : url=https://randomuser.me/api 
 status=200, reason=OK 
 headers={'Date': 'Sat, 13 Jul 2024 08:17:23 GMT', 'Content-Type': 'application/json; charset=utf-8', 'Transfer-Encoding': 'chunked', 'Connection': 'keep-alive', 'X-Powered-By': 'Express', 'Access-Control-Allow-Origin': '*', 'Cache-Control': 'no-cache', 'ETag': 'W/"495-e8GbE7yFMhg7IFescSn7JwrzaLs"', 'Vary': 'Accept-Encoding', 'Content-Encoding': 'gzip', 'CF-Cache-Status': 'DYNAMIC', 'Report-To': '{"endpoints":[{"url":"https:\\/\\/a.nel.cloudflare.com\\/report\\/v4?s=YDOcgXneFOt6mOaL3st%2BMvDdjfzVSlAHmITbYAdm5Lq%2Bqu6baDx3R9kTQB%2FX7Jkg2nl2I0GFsP9SZUORR8w%2BiBQhRh8IIaPsfHGCNIahQfgNPZ%2B6EQNT%2FcQsf6FqL337"}],"group":"cf-nel","max_age":604800}', 'NEL': '{"success_fraction":0,"report_to":"cf-nel","max_age":604800}', 'Server': 'cloudflare', 'CF-RAY': '8a27d6197c2a2330-ORD', 'alt-svc': 'h3=":443"; ma=86400'} 
 body={"results":[{"gender":"female","name":{"title":"Ms","first":"Gisela","last":"Haase"},"location":{"street":{"number":77,"name":"Marktplatz"},"city":"Lage","state":"Thüringen","country":"Germany","postcode":68041,"coordinates":{"latitude":"-51.9471","longitude":"113.7731"},"timezone":{"offset":"-6:00","description":"Central Time (US &amp; Canada), Mexico City"}},"email":"gisela.haase@example.com","login":{"uuid":"54d30a7f-ae5d-4044-92a8-8d9cff769137","username":"orangelion857","password":"patches","salt":"4t3dssMl","md5":"7e8bf3b0fe203afa4818da17535ab87f","sha1":"79883bcea0113a299e4b31d2485dddf2ebb7c8bf","sha256":"3f1d9e5d5dddf1f105c04d5c6eb68fab6f2374fd09d86597559e124c4f62b2f5"},"dob":{"date":"1977-02-06T16:03:45.207Z","age":47},"registered":{"date":"2017-11-27T08:17:43.224Z","age":6},"phone":"0943-5024518","cell":"0178-2149736","id":{"name":"SVNR","value":"45 060277 H 696"},"picture":{"large":"https://randomuser.me/api/portraits/women/93.jpg","medium":"https://randomuser.me/api/portraits/med/women/93.jpg","thumbnail":"https://randomuser.me/api/portraits/thumb/women/93.jpg"},"nat":"DE"}],"info":{"seed":"6961cf864148df5e","results":1,"page":1,"version":"1.4"}} 
 </msg>
<msg time="2024-07-13T08:17:23.512980" level="INFO">/opt/hostedtoolcache/Python/3.12.4/x64/lib/python3.12/site-packages/urllib3/connectionpool.py:1099: InsecureRequestWarning: Unverified HTTPS request is being made to host 'randomuser.me'. Adding certificate verification is strongly advised. See: https://urllib3.readthedocs.io/en/latest/advanced-usage.html#tls-warnings
  warnings.warn(</msg>
<msg time="2024-07-13T08:17:23.513103" level="INFO">${response} = &lt;Response [200]&gt;</msg>
<var>${response}</var>
<arg>consultarAPI</arg>
<arg>/api</arg>
<doc>Sends a GET request on a previously created HTTP Session.</doc>
<status status="PASS" start="2024-07-13T08:17:23.435133" elapsed="0.078011"/>
</kw>
<kw name="Set Variable" owner="BuiltIn">
<msg time="2024-07-13T08:17:23.514367" level="INFO">${json_data} = {'results': [{'gender': 'female', 'name': {'title': 'Ms', 'first': 'Gisela', 'last': 'Haase'}, 'location': {'street': {'number': 77, 'name': 'Marktplatz'}, 'city': 'Lage', 'state': 'Thüringen', 'count...</msg>
<var>${json_data}</var>
<arg>${response.json()}</arg>
<doc>Returns the given values which can then be assigned to a variables.</doc>
<status status="PASS" start="2024-07-13T08:17:23.513809" elapsed="0.000588"/>
</kw>
<kw name="Log" owner="BuiltIn">
<msg time="2024-07-13T08:17:23.514875" level="INFO">{'results': [{'gender': 'female', 'name': {'title': 'Ms', 'first': 'Gisela', 'last': 'Haase'}, 'location': {'street': {'number': 77, 'name': 'Marktplatz'}, 'city': 'Lage', 'state': 'Thüringen', 'country': 'Germany', 'postcode': 68041, 'coordinates': {'latitude': '-51.9471', 'longitude': '113.7731'}, 'timezone': {'offset': '-6:00', 'description': 'Central Time (US &amp; Canada), Mexico City'}}, 'email': 'gisela.haase@example.com', 'login': {'uuid': '54d30a7f-ae5d-4044-92a8-8d9cff769137', 'username': 'orangelion857', 'password': 'patches', 'salt': '4t3dssMl', 'md5': '7e8bf3b0fe203afa4818da17535ab87f', 'sha1': '79883bcea0113a299e4b31d2485dddf2ebb7c8bf', 'sha256': '3f1d9e5d5dddf1f105c04d5c6eb68fab6f2374fd09d86597559e124c4f62b2f5'}, 'dob': {'date': '1977-02-06T16:03:45.207Z', 'age': 47}, 'registered': {'date': '2017-11-27T08:17:43.224Z', 'age': 6}, 'phone': '0943-5024518', 'cell': '0178-2149736', 'id': {'name': 'SVNR', 'value': '45 060277 H 696'}, 'picture': {'large': 'https://randomuser.me/api/portraits/women/93.jpg', 'medium': 'https://randomuser.me/api/portraits/med/women/93.jpg', 'thumbnail': 'https://randomuser.me/api/portraits/thumb/women/93.jpg'}, 'nat': 'DE'}], 'info': {'seed': '6961cf864148df5e', 'results': 1, 'page': 1, 'version': '1.4'}}</msg>
<arg>${json_data}</arg>
<doc>Logs the given message with the given level.</doc>
<status status="PASS" start="2024-07-13T08:17:23.514712" elapsed="0.000214"/>
</kw>
<kw name="Should Be String" owner="String">
<arg>${json_data['results'][0]['gender']}</arg>
<doc>Fails if the given ``item`` is not a string.</doc>
<status status="PASS" start="2024-07-13T08:17:23.515216" elapsed="0.000365"/>
</kw>
<kw name="Should Match Regexp" owner="BuiltIn">
<arg>${json_data['results'][0]['email']}</arg>
<arg>^[a-zA-Z0-9._%+-]+@[a-zA-Z0-9.-]+\.[a-zA-Z]{2,}$</arg>
<doc>Fails if ``string`` does not match ``pattern`` as a regular expression.</doc>
<status status="PASS" start="2024-07-13T08:17:23.515807" elapsed="0.000518"/>
</kw>
<kw name="Should Match Regexp" owner="BuiltIn">
<arg>${json_data['results'][0]['dob']['date']}</arg>
<arg>\\d{4}-\\d{2}-\\d{2}T\\d{2}:\\d{2}:\\d{2}\\.\\d{3}Z</arg>
<doc>Fails if ``string`` does not match ``pattern`` as a regular expression.</doc>
<status status="PASS" start="2024-07-13T08:17:23.516518" elapsed="0.000486"/>
</kw>
<kw name="Should Match Regexp" owner="BuiltIn">
<arg>${json_data['results'][0]['registered']['date']}</arg>
<arg>\\d{4}-\\d{2}-\\d{2}T\\d{2}:\\d{2}:\\d{2}\\.\\d{3}Z</arg>
<doc>Fails if ``string`` does not match ``pattern`` as a regular expression.</doc>
<status status="PASS" start="2024-07-13T08:17:23.517197" elapsed="0.000404"/>
</kw>
<kw name="Should Match Regexp" owner="BuiltIn">
<arg>${json_data['results'][0]['picture']['large']}</arg>
<arg>^https?://.*\.(?:png|jpe?g|gif|bmp)$</arg>
<doc>Fails if ``string`` does not match ``pattern`` as a regular expression.</doc>
<status status="PASS" start="2024-07-13T08:17:23.517793" elapsed="0.000454"/>
</kw>
<kw name="Should Match Regexp" owner="BuiltIn">
<arg>${json_data['results'][0]['picture']['medium']}</arg>
<arg>^https?://.*\.(?:png|jpe?g|gif|bmp)$</arg>
<doc>Fails if ``string`` does not match ``pattern`` as a regular expression.</doc>
<status status="PASS" start="2024-07-13T08:17:23.518434" elapsed="0.000349"/>
</kw>
<kw name="Should Match Regexp" owner="BuiltIn">
<arg>${json_data['results'][0]['picture']['thumbnail']}</arg>
<arg>^https?://.*\.(?:png|jpe?g|gif|bmp)$</arg>
<doc>Fails if ``string`` does not match ``pattern`` as a regular expression.</doc>
<status status="PASS" start="2024-07-13T08:17:23.518964" elapsed="0.000362"/>
</kw>
<kw name="Log" owner="BuiltIn">
<msg time="2024-07-13T08:17:23.519832" level="INFO">{'large': 'https://randomuser.me/api/portraits/women/93.jpg', 'medium': 'https://randomuser.me/api/portraits/med/women/93.jpg', 'thumbnail': 'https://randomuser.me/api/portraits/thumb/women/93.jpg'}</msg>
<arg>${json_data['results'][0]['picture']}</arg>
<doc>Logs the given message with the given level.</doc>
<status status="PASS" start="2024-07-13T08:17:23.519508" elapsed="0.000367"/>
</kw>
<status status="PASS" start="2024-07-13T08:17:23.434907" elapsed="0.085229"/>
</kw>
<kw name="Teste de Tipos de Dados - Postcode" owner="random-user-service">
<kw name="GET On Session" owner="RequestsLibrary">
<msg time="2024-07-13T08:17:23.620670" level="INFO">GET Request : url=https://randomuser.me/api 
 path_url=/api 
 headers={'User-Agent': 'python-requests/2.32.3', 'Accept-Encoding': 'gzip, deflate', 'Accept': '*/*', 'Connection': 'keep-alive'} 
 body=None 
 </msg>
<msg time="2024-07-13T08:17:23.620779" level="INFO">GET Response : url=https://randomuser.me/api 
 status=200, reason=OK 
 headers={'Date': 'Sat, 13 Jul 2024 08:17:23 GMT', 'Content-Type': 'application/json; charset=utf-8', 'Transfer-Encoding': 'chunked', 'Connection': 'keep-alive', 'X-Powered-By': 'Express', 'Access-Control-Allow-Origin': '*', 'Cache-Control': 'no-cache', 'ETag': 'W/"463-Z3NEeT+yym2FeCYD3rHZ7tJXtio"', 'Vary': 'Accept-Encoding', 'Content-Encoding': 'gzip', 'CF-Cache-Status': 'DYNAMIC', 'Report-To': '{"endpoints":[{"url":"https:\\/\\/a.nel.cloudflare.com\\/report\\/v4?s=eKtdAs2AGFiv9eDbLzU50BO2sOcHobArc1jj3jEDpRfXRjgxTUOKul66DHCi0kCp1BSdesr8n9ezH1QvN1L19XYJ%2F2276aBs3h6nrVmhR68CFB6nqtsg%2F%2Fei3k%2BL8a84"}],"group":"cf-nel","max_age":604800}', 'NEL': '{"success_fraction":0,"report_to":"cf-nel","max_age":604800}', 'Server': 'cloudflare', 'CF-RAY': '8a27d61a0c8a2330-ORD', 'alt-svc': 'h3=":443"; ma=86400'} 
 body={"results":[{"gender":"female","name":{"title":"Ms","first":"Lia","last":"Adam"},"location":{"street":{"number":6625,"name":"Wilhelms gate"},"city":"Notodden","state":"Nordland","country":"Norway","postcode":"1776","coordinates":{"latitude":"44.7772","longitude":"22.0953"},"timezone":{"offset":"-9:00","description":"Alaska"}},"email":"lia.adam@example.com","login":{"uuid":"80d2af97-7ac7-46df-9624-e2d0aa587397","username":"browntiger263","password":"booger","salt":"NWExY0Mz","md5":"dc393a6eb37b00b9f1a5d48897ea23dc","sha1":"65c47363557378681d0390236e487440f587707f","sha256":"1b31ed159d7d9b3d86ef96e409d4f065be73a400ffe855d484d0b32ed97c841f"},"dob":{"date":"1994-04-06T05:19:22.669Z","age":30},"registered":{"date":"2002-06-01T11:25:20.499Z","age":22},"phone":"63542544","cell":"48195814","id":{"name":"FN","value":"06049408046"},"picture":{"large":"https://randomuser.me/api/portraits/women/64.jpg","medium":"https://randomuser.me/api/portraits/med/women/64.jpg","thumbnail":"https://randomuser.me/api/portraits/thumb/women/64.jpg"},"nat":"NO"}],"info":{"seed":"1b202fe744f09828","results":1,"page":1,"version":"1.4"}} 
 </msg>
<msg time="2024-07-13T08:17:23.620860" level="INFO">/opt/hostedtoolcache/Python/3.12.4/x64/lib/python3.12/site-packages/urllib3/connectionpool.py:1099: InsecureRequestWarning: Unverified HTTPS request is being made to host 'randomuser.me'. Adding certificate verification is strongly advised. See: https://urllib3.readthedocs.io/en/latest/advanced-usage.html#tls-warnings
  warnings.warn(</msg>
<msg time="2024-07-13T08:17:23.620995" level="INFO">${response} = &lt;Response [200]&gt;</msg>
<var>${response}</var>
<arg>consultarAPI</arg>
<arg>/api</arg>
<doc>Sends a GET request on a previously created HTTP Session.</doc>
<status status="PASS" start="2024-07-13T08:17:23.520595" elapsed="0.100448"/>
</kw>
<kw name="Set Variable" owner="BuiltIn">
<msg time="2024-07-13T08:17:23.622290" level="INFO">${json_data} = {'results': [{'gender': 'female', 'name': {'title': 'Ms', 'first': 'Lia', 'last': 'Adam'}, 'location': {'street': {'number': 6625, 'name': 'Wilhelms gate'}, 'city': 'Notodden', 'state': 'Nordland', 'c...</msg>
<var>${json_data}</var>
<arg>${response.json()}</arg>
<doc>Returns the given values which can then be assigned to a variables.</doc>
<status status="PASS" start="2024-07-13T08:17:23.621707" elapsed="0.000612"/>
</kw>
<kw name="Log" owner="BuiltIn">
<msg time="2024-07-13T08:17:23.622843" level="INFO">{'results': [{'gender': 'female', 'name': {'title': 'Ms', 'first': 'Lia', 'last': 'Adam'}, 'location': {'street': {'number': 6625, 'name': 'Wilhelms gate'}, 'city': 'Notodden', 'state': 'Nordland', 'country': 'Norway', 'postcode': '1776', 'coordinates': {'latitude': '44.7772', 'longitude': '22.0953'}, 'timezone': {'offset': '-9:00', 'description': 'Alaska'}}, 'email': 'lia.adam@example.com', 'login': {'uuid': '80d2af97-7ac7-46df-9624-e2d0aa587397', 'username': 'browntiger263', 'password': 'booger', 'salt': 'NWExY0Mz', 'md5': 'dc393a6eb37b00b9f1a5d48897ea23dc', 'sha1': '65c47363557378681d0390236e487440f587707f', 'sha256': '1b31ed159d7d9b3d86ef96e409d4f065be73a400ffe855d484d0b32ed97c841f'}, 'dob': {'date': '1994-04-06T05:19:22.669Z', 'age': 30}, 'registered': {'date': '2002-06-01T11:25:20.499Z', 'age': 22}, 'phone': '63542544', 'cell': '48195814', 'id': {'name': 'FN', 'value': '06049408046'}, 'picture': {'large': 'https://randomuser.me/api/portraits/women/64.jpg', 'medium': 'https://randomuser.me/api/portraits/med/women/64.jpg', 'thumbnail': 'https://randomuser.me/api/portraits/thumb/women/64.jpg'}, 'nat': 'NO'}], 'info': {'seed': '1b202fe744f09828', 'results': 1, 'page': 1, 'version': '1.4'}}</msg>
<arg>${json_data}</arg>
<doc>Logs the given message with the given level.</doc>
<status status="PASS" start="2024-07-13T08:17:23.622643" elapsed="0.000261"/>
</kw>
<kw name="Should Be Equal As Numbers" owner="BuiltIn">
<arg>${json_data['results'][0]['location']['postcode']}</arg>
<arg>${json_data['results'][0]['location']['postcode']}</arg>
<doc>Fails if objects are unequal after converting them to real numbers.</doc>
<status status="PASS" start="2024-07-13T08:17:23.623202" elapsed="0.000619"/>
</kw>
<kw name="Log" owner="BuiltIn">
<msg time="2024-07-13T08:17:23.624555" level="INFO">1776</msg>
<arg>${json_data['results'][0]['location']['postcode']}</arg>
<doc>Logs the given message with the given level.</doc>
<status status="PASS" start="2024-07-13T08:17:23.624010" elapsed="0.000587"/>
</kw>
<status status="PASS" start="2024-07-13T08:17:23.520368" elapsed="0.104487"/>
</kw>
<doc>Testa se os tipos de dados na resposta da API estão corretos.</doc>
<tag>testeTiposDados</tag>
<status status="PASS" start="2024-07-13T08:17:23.434337" elapsed="0.190697"/>
</test>
<test id="s1-s1-t5" name="Validar conteudo" line="35">
<kw name="Teste de Tipos de Conteudo" owner="random-user-service">
<kw name="GET On Session" owner="RequestsLibrary">
<msg time="2024-07-13T08:17:23.712060" level="INFO">GET Request : url=https://randomuser.me/api 
 path_url=/api 
 headers={'User-Agent': 'python-requests/2.32.3', 'Accept-Encoding': 'gzip, deflate', 'Accept': '*/*', 'Connection': 'keep-alive'} 
 body=None 
 </msg>
<msg time="2024-07-13T08:17:23.712177" level="INFO">GET Response : url=https://randomuser.me/api 
 status=200, reason=OK 
 headers={'Date': 'Sat, 13 Jul 2024 08:17:23 GMT', 'Content-Type': 'application/json; charset=utf-8', 'Transfer-Encoding': 'chunked', 'Connection': 'keep-alive', 'X-Powered-By': 'Express', 'Access-Control-Allow-Origin': '*', 'Cache-Control': 'no-cache', 'ETag': 'W/"473-2re0Ike2ZV5Q5x0iA7S0H2Kg/Vc"', 'Vary': 'Accept-Encoding', 'Content-Encoding': 'gzip', 'CF-Cache-Status': 'DYNAMIC', 'Report-To': '{"endpoints":[{"url":"https:\\/\\/a.nel.cloudflare.com\\/report\\/v4?s=QIFjc9y5OTnNlY%2FWk8HYdh8a6jfL7sl%2FIqvoweRv1apbE1xMxQvcw7jc3vjcwetXX4UfeG8eoy1tAD8c%2FUEpuZLB2FN3NryXG3jn14jW3EKjAdzVWz9u6x6fTm1TFrxX"}],"group":"cf-nel","max_age":604800}', 'NEL': '{"success_fraction":0,"report_to":"cf-nel","max_age":604800}', 'Server': 'cloudflare', 'CF-RAY': '8a27d61aace92330-ORD', 'alt-svc': 'h3=":443"; ma=86400'} 
 body={"results":[{"gender":"male","name":{"title":"Mr","first":"Martinus","last":"Bjørke"},"location":{"street":{"number":6729,"name":"Frognerveien"},"city":"Tau","state":"Troms - Romsa","country":"Norway","postcode":"0970","coordinates":{"latitude":"43.4339","longitude":"-163.2981"},"timezone":{"offset":"+9:30","description":"Adelaide, Darwin"}},"email":"martinus.bjorke@example.com","login":{"uuid":"91ea3dd7-4e9d-492e-9704-a535e49277f0","username":"angryfish686","password":"juicy","salt":"p6L3Li4M","md5":"f45dfc279c4b41bef67ad7c1a3fb2937","sha1":"64322d5e381b94c0643690a3969251943329738d","sha256":"1bfd1bc3741bcbfd39ecc7a61fcfd54543c719e4462c0e5940a4fb3113e7b1e5"},"dob":{"date":"1962-12-04T02:04:26.651Z","age":61},"registered":{"date":"2006-07-20T06:09:16.047Z","age":17},"phone":"83514490","cell":"99376809","id":{"name":"FN","value":"04126237729"},"picture":{"large":"https://randomuser.me/api/portraits/men/32.jpg","medium":"https://randomuser.me/api/portraits/med/men/32.jpg","thumbnail":"https://randomuser.me/api/portraits/thumb/men/32.jpg"},"nat":"NO"}],"info":{"seed":"62ec1a9b2a3a9c4a","results":1,"page":1,"version":"1.4"}} 
 </msg>
<msg time="2024-07-13T08:17:23.712263" level="INFO">/opt/hostedtoolcache/Python/3.12.4/x64/lib/python3.12/site-packages/urllib3/connectionpool.py:1099: InsecureRequestWarning: Unverified HTTPS request is being made to host 'randomuser.me'. Adding certificate verification is strongly advised. See: https://urllib3.readthedocs.io/en/latest/advanced-usage.html#tls-warnings
  warnings.warn(</msg>
<msg time="2024-07-13T08:17:23.712398" level="INFO">${response} = &lt;Response [200]&gt;</msg>
<var>${response}</var>
<arg>consultarAPI</arg>
<arg>/api</arg>
<doc>Sends a GET request on a previously created HTTP Session.</doc>
<status status="PASS" start="2024-07-13T08:17:23.627640" elapsed="0.084797"/>
</kw>
<kw name="Set Variable" owner="BuiltIn">
<msg time="2024-07-13T08:17:23.713701" level="INFO">${json_data} = {'results': [{'gender': 'male', 'name': {'title': 'Mr', 'first': 'Martinus', 'last': 'Bjørke'}, 'location': {'street': {'number': 6729, 'name': 'Frognerveien'}, 'city': 'Tau', 'state': 'Troms - Romsa'...</msg>
<var>${json_data}</var>
<arg>${response.json()}</arg>
<doc>Returns the given values which can then be assigned to a variables.</doc>
<status status="PASS" start="2024-07-13T08:17:23.713074" elapsed="0.000658"/>
</kw>
<kw name="Set Variable" owner="BuiltIn">
<msg time="2024-07-13T08:17:23.714430" level="INFO">${name_title} = Mr</msg>
<var>${name_title}</var>
<arg>${json_data["results"][0]["name"]["title"]}</arg>
<doc>Returns the given values which can then be assigned to a variables.</doc>
<status status="PASS" start="2024-07-13T08:17:23.714043" elapsed="0.000413"/>
</kw>
<kw name="Create List" owner="BuiltIn">
<msg time="2024-07-13T08:17:23.714901" level="INFO">${allowed_titles} = ['Mr', 'Ms', 'Miss', 'Mrs', 'Madame', 'Monsieur']</msg>
<var>${allowed_titles}</var>
<arg>Mr</arg>
<arg>Ms</arg>
<arg>Miss</arg>
<arg>Mrs</arg>
<arg>Madame</arg>
<arg>Monsieur</arg>
<doc>Returns a list containing given items.</doc>
<status status="PASS" start="2024-07-13T08:17:23.714754" elapsed="0.000172"/>
</kw>
<kw name="List Should Contain Value" owner="Collections">
<arg>${allowed_titles}</arg>
<arg>${name_title}</arg>
<doc>Fails if the ``value`` is not found from ``list``.</doc>
<status status="PASS" start="2024-07-13T08:17:23.715228" elapsed="0.000175"/>
</kw>
<kw name="Set Variable" owner="BuiltIn">
<msg time="2024-07-13T08:17:23.715942" level="INFO">${name_country} = NO</msg>
<var>${name_country}</var>
<arg>${json_data["results"][0]["nat"]}</arg>
<doc>Returns the given values which can then be assigned to a variables.</doc>
<status status="PASS" start="2024-07-13T08:17:23.715581" elapsed="0.000386"/>
</kw>
<kw name="Create List" owner="BuiltIn">
<msg time="2024-07-13T08:17:23.716849" level="INFO">${list_country} = ['AD', 'AE', 'AF', 'AG', 'AI', 'AL', 'AM', 'AO', 'AQ', 'AR', 'AS', 'AT', 'AU', 'AW', 'AX', 'AZ', 'BA', 'BB', 'BD', 'BE', 'BF', 'BG', 'BH', 'BI', 'BJ', 'BL', 'BM', 'BN', 'BO', 'BQ', 'BR', 'BS', 'BT', '...</msg>
<var>${list_country}</var>
<arg>AD</arg>
<arg>AE</arg>
<arg>AF</arg>
<arg>AG</arg>
<arg>AI</arg>
<arg>AL</arg>
<arg>AM</arg>
<arg>AO</arg>
<arg>AQ</arg>
<arg>AR</arg>
<arg>AS</arg>
<arg>AT</arg>
<arg>AU</arg>
<arg>AW</arg>
<arg>AX</arg>
<arg>AZ</arg>
<arg>BA</arg>
<arg>BB</arg>
<arg>BD</arg>
<arg>BE</arg>
<arg>BF</arg>
<arg>BG</arg>
<arg>BH</arg>
<arg>BI</arg>
<arg>BJ</arg>
<arg>BL</arg>
<arg>BM</arg>
<arg>BN</arg>
<arg>BO</arg>
<arg>BQ</arg>
<arg>BR</arg>
<arg>BS</arg>
<arg>BT</arg>
<arg>BV</arg>
<arg>BW</arg>
<arg>BY</arg>
<arg>BZ</arg>
<arg>CA</arg>
<arg>CC</arg>
<arg>CD</arg>
<arg>CF</arg>
<arg>CG</arg>
<arg>CH</arg>
<arg>CI</arg>
<arg>CK</arg>
<arg>CL</arg>
<arg>CM</arg>
<arg>CN</arg>
<arg>CO</arg>
<arg>CR</arg>
<arg>CU</arg>
<arg>CV</arg>
<arg>CW</arg>
<arg>CX</arg>
<arg>CY</arg>
<arg>CZ</arg>
<arg>DE</arg>
<arg>DJ</arg>
<arg>DK</arg>
<arg>DM</arg>
<arg>DO</arg>
<arg>DZ</arg>
<arg>EC</arg>
<arg>EE</arg>
<arg>EG</arg>
<arg>EH</arg>
<arg>ER</arg>
<arg>ES</arg>
<arg>ET</arg>
<arg>FI</arg>
<arg>FJ</arg>
<arg>FK</arg>
<arg>FM</arg>
<arg>FO</arg>
<arg>FR</arg>
<arg>GA</arg>
<arg>GB</arg>
<arg>GD</arg>
<arg>GE</arg>
<arg>GF</arg>
<arg>GG</arg>
<arg>GH</arg>
<arg>GI</arg>
<arg>GL</arg>
<arg>GM</arg>
<arg>GN</arg>
<arg>GP</arg>
<arg>GQ</arg>
<arg>GR</arg>
<arg>GS</arg>
<arg>GT</arg>
<arg>GU</arg>
<arg>GW</arg>
<arg>GY</arg>
<arg>HK</arg>
<arg>HM</arg>
<arg>HN</arg>
<arg>HR</arg>
<arg>HT</arg>
<arg>HU</arg>
<arg>ID</arg>
<arg>IE</arg>
<arg>IL</arg>
<arg>IM</arg>
<arg>IN</arg>
<arg>IO</arg>
<arg>IQ</arg>
<arg>IR</arg>
<arg>IS</arg>
<arg>IT</arg>
<arg>JE</arg>
<arg>JM</arg>
<arg>JO</arg>
<arg>JP</arg>
<arg>KE</arg>
<arg>KG</arg>
<arg>KH</arg>
<arg>KI</arg>
<arg>KM</arg>
<arg>KN</arg>
<arg>KP</arg>
<arg>KR</arg>
<arg>KW</arg>
<arg>KY</arg>
<arg>KZ</arg>
<arg>LA</arg>
<arg>LB</arg>
<arg>LC</arg>
<arg>LI</arg>
<arg>LK</arg>
<arg>LR</arg>
<arg>LS</arg>
<arg>LT</arg>
<arg>LU</arg>
<arg>LV</arg>
<arg>LY</arg>
<arg>MA</arg>
<arg>MC</arg>
<arg>MD</arg>
<arg>ME</arg>
<arg>MF</arg>
<arg>MG</arg>
<arg>MH</arg>
<arg>MK</arg>
<arg>ML</arg>
<arg>MM</arg>
<arg>MN</arg>
<arg>MO</arg>
<arg>MP</arg>
<arg>MQ</arg>
<arg>MR</arg>
<arg>MS</arg>
<arg>MT</arg>
<arg>MU</arg>
<arg>MV</arg>
<arg>MW</arg>
<arg>MX</arg>
<arg>MY</arg>
<arg>MZ</arg>
<arg>NA</arg>
<arg>NC</arg>
<arg>NE</arg>
<arg>NF</arg>
<arg>NG</arg>
<arg>NI</arg>
<arg>NL</arg>
<arg>NO</arg>
<arg>NP</arg>
<arg>NR</arg>
<arg>NU</arg>
<arg>NZ</arg>
<arg>OM</arg>
<arg>PA</arg>
<arg>PE</arg>
<arg>PF</arg>
<arg>PG</arg>
<arg>PH</arg>
<arg>PK</arg>
<arg>PL</arg>
<arg>PM</arg>
<arg>PN</arg>
<arg>PR</arg>
<arg>PS</arg>
<arg>PT</arg>
<arg>PW</arg>
<arg>PY</arg>
<arg>QA</arg>
<arg>RE</arg>
<arg>RO</arg>
<arg>RS</arg>
<arg>RU</arg>
<arg>RW</arg>
<arg>SA</arg>
<arg>SB</arg>
<arg>SC</arg>
<arg>SD</arg>
<arg>SE</arg>
<arg>SG</arg>
<arg>SH</arg>
<arg>SI</arg>
<arg>SJ</arg>
<arg>SK</arg>
<arg>SL</arg>
<arg>SM</arg>
<arg>SN</arg>
<arg>SO</arg>
<arg>SR</arg>
<arg>SS</arg>
<arg>ST</arg>
<arg>SV</arg>
<arg>SX</arg>
<arg>SY</arg>
<arg>SZ</arg>
<arg>TC</arg>
<arg>TD</arg>
<arg>TF</arg>
<arg>TG</arg>
<arg>TH</arg>
<arg>TJ</arg>
<arg>TK</arg>
<arg>TL</arg>
<arg>TM</arg>
<arg>TN</arg>
<arg>TO</arg>
<arg>TR</arg>
<arg>TT</arg>
<arg>TV</arg>
<arg>TW</arg>
<arg>TZ</arg>
<arg>UA</arg>
<arg>UG</arg>
<arg>UM</arg>
<arg>US</arg>
<arg>UY</arg>
<arg>UZ</arg>
<arg>VA</arg>
<arg>VC</arg>
<arg>VE</arg>
<arg>VG</arg>
<arg>VI</arg>
<arg>VN</arg>
<arg>VU</arg>
<arg>WF</arg>
<arg>WS</arg>
<arg>XK</arg>
<arg>YE</arg>
<arg>YT</arg>
<arg>ZA</arg>
<arg>ZM</arg>
<arg>ZW</arg>
<doc>Returns a list containing given items.</doc>
<status status="PASS" start="2024-07-13T08:17:23.716254" elapsed="0.000620"/>
</kw>
<kw name="List Should Contain Value" owner="Collections">
<arg>${list_country}</arg>
<arg>${name_country}</arg>
<doc>Fails if the ``value`` is not found from ``list``.</doc>
<status status="PASS" start="2024-07-13T08:17:23.717698" elapsed="0.000206"/>
</kw>
<kw name="Run Keyword If" owner="BuiltIn">
<kw name="Should Be True" owner="BuiltIn">
<arg>${True}</arg>
<doc>Fails if the given condition is not true.</doc>
<status status="PASS" start="2024-07-13T08:17:23.718855" elapsed="0.000141"/>
</kw>
<arg>${json_data["results"][0]["location"]["coordinates"]["latitude"]} &gt;= -90 and ${json_data["results"][0]["location"]["coordinates"]["latitude"]} &lt;= 90</arg>
<arg>Should Be True</arg>
<arg>${True}</arg>
<doc>Runs the given keyword with the given arguments, if ``condition`` is true.</doc>
<status status="PASS" start="2024-07-13T08:17:23.718099" elapsed="0.001022"/>
</kw>
<kw name="Run Keyword If" owner="BuiltIn">
<kw name="Should Be True" owner="BuiltIn">
<arg>${True}</arg>
<doc>Fails if the given condition is not true.</doc>
<status status="PASS" start="2024-07-13T08:17:23.719986" elapsed="0.000249"/>
</kw>
<arg>${json_data["results"][0]["location"]["coordinates"]["longitude"]} &gt;= -180 and ${json_data["results"][0]["location"]["coordinates"]["longitude"]} &lt;= 180</arg>
<arg>Should Be True</arg>
<arg>${True}</arg>
<doc>Runs the given keyword with the given arguments, if ``condition`` is true.</doc>
<status status="PASS" start="2024-07-13T08:17:23.719300" elapsed="0.001063"/>
</kw>
<status status="PASS" start="2024-07-13T08:17:23.627414" elapsed="0.093085"/>
</kw>
<doc>Testa o conteúdo específico dos campos retornados pela API.</doc>
<tag>testeConteudo</tag>
<status status="PASS" start="2024-07-13T08:17:23.626862" elapsed="0.093792"/>
</test>
<status status="PASS" start="2024-07-13T08:17:22.711255" elapsed="1.011453"/>
</suite>
<status status="PASS" start="2024-07-13T08:17:22.696812" elapsed="1.031011"/>
</suite>
<statistics>
<total>
<stat pass="5" fail="0" skip="0">All Tests</stat>
</total>
<tag>
<stat pass="1" fail="0" skip="0">testeConteudo</stat>
<stat pass="1" fail="0" skip="0">testeEstruturaResposta</stat>
<stat pass="1" fail="0" skip="0">testeRequisicaoBasica</stat>
<stat pass="1" fail="0" skip="0">testeTiposDados</stat>
</tag>
<suite>
<stat pass="5" fail="0" skip="0" id="s1" name="Tests">Tests</stat>
<stat pass="5" fail="0" skip="0" id="s1-s1" name="Random-User-Test">Tests.Random-User-Test</stat>
</suite>
</statistics>
<errors>
</errors>
</robot>
