<?xml version="1.0" encoding="UTF-8"?>
<robot generator="Robot 7.0.1 (Python 3.12.4 on linux)" generated="2024-06-28T08:18:21.758357" rpa="false" schemaversion="5">
<suite id="s1" name="Tests" source="/home/runner/work/ApiRandomUser/ApiRandomUser/RamdonUser/tests">
<suite id="s1-s1" name="Random-User-Test" source="/home/runner/work/ApiRandomUser/ApiRandomUser/RamdonUser/tests/random-user-test.robot">
<test id="s1-s1-t1" name="Conectar" line="13">
<kw name="Conectar API" owner="random-user-service">
<kw name="Create Session" owner="RequestsLibrary">
<msg time="2024-06-28T08:18:22.184047" level="INFO">Creating Session using : alias=consultarAPI, url=https://randomuser.me/, headers={},                     cookies={}, auth=None, timeout=None, proxies=None, verify=False,                     debug=0 </msg>
<arg>consultarAPI</arg>
<arg>${URL}</arg>
<doc>Create Session: create a HTTP session to a server</doc>
<status status="PASS" start="2024-06-28T08:18:22.183823" elapsed="0.000412"/>
</kw>
<status status="PASS" start="2024-06-28T08:18:22.182806" elapsed="0.001792"/>
</kw>
<status status="PASS" start="2024-06-28T08:18:22.182235" elapsed="0.002561"/>
</test>
<test id="s1-s1-t2" name="Validar retorno 200 e JSON Válido" line="16">
<kw name="Teste de Requisicao Basica" owner="random-user-service">
<kw name="GET On Session" owner="RequestsLibrary">
<msg time="2024-06-28T08:18:22.451722" level="INFO">GET Request : url=https://randomuser.me/api 
 path_url=/api 
 headers={'User-Agent': 'python-requests/2.32.3', 'Accept-Encoding': 'gzip, deflate', 'Accept': '*/*', 'Connection': 'keep-alive'} 
 body=None 
 </msg>
<msg time="2024-06-28T08:18:22.451887" level="INFO">GET Response : url=https://randomuser.me/api 
 status=200, reason=OK 
 headers={'Date': 'Fri, 28 Jun 2024 08:18:22 GMT', 'Content-Type': 'application/json; charset=utf-8', 'Transfer-Encoding': 'chunked', 'Connection': 'keep-alive', 'X-Powered-By': 'Express', 'Access-Control-Allow-Origin': '*', 'Cache-Control': 'no-cache', 'ETag': 'W/"49f-KU+gYLj/nm4GFGPiiD7FdE4Mbug"', 'Vary': 'Accept-Encoding', 'Content-Encoding': 'gzip', 'CF-Cache-Status': 'DYNAMIC', 'Report-To': '{"endpoints":[{"url":"https:\\/\\/a.nel.cloudflare.com\\/report\\/v4?s=1AcZHMGUDeUDWb86UNFEsEfvUP5UJ6YHzlCJ%2F2CvhNNYABrWODv1fA2Q2j22ktYc6h2hOxY4K0Y6Dpy6c5dvTo1F7UIJgsspLvsfUTGjbxs1dNY3Kg8bsAEIuDUrwG8W"}],"group":"cf-nel","max_age":604800}', 'NEL': '{"success_fraction":0,"report_to":"cf-nel","max_age":604800}', 'Server': 'cloudflare', 'CF-RAY': '89ac3ee9cb74dbba-LAX', 'alt-svc': 'h3=":443"; ma=86400'} 
 body={"results":[{"gender":"female","name":{"title":"Miss","first":"Marsha","last":"Morrison"},"location":{"street":{"number":768,"name":"Lakeshore Rd"},"city":"Santa Ana","state":"Montana","country":"United States","postcode":19961,"coordinates":{"latitude":"82.4905","longitude":"71.7840"},"timezone":{"offset":"+8:00","description":"Beijing, Perth, Singapore, Hong Kong"}},"email":"marsha.morrison@example.com","login":{"uuid":"a94d16c8-144e-4d95-9fe2-7b7dd51f6acc","username":"blackkoala773","password":"toby","salt":"pr4YLwe0","md5":"45dff8dbfb9136286bafe0f1297d99ff","sha1":"fc5fd1f1a352b792a341ccc4d3a1977e0d8af406","sha256":"221606403f6d567c3ca2194e98bfa3af6cf559b303f3d00da9ecb0aebfc65419"},"dob":{"date":"1970-10-22T13:53:07.660Z","age":53},"registered":{"date":"2019-06-03T14:58:56.264Z","age":5},"phone":"(419) 568-7434","cell":"(784) 631-7818","id":{"name":"SSN","value":"615-10-7208"},"picture":{"large":"https://randomuser.me/api/portraits/women/81.jpg","medium":"https://randomuser.me/api/portraits/med/women/81.jpg","thumbnail":"https://randomuser.me/api/portraits/thumb/women/81.jpg"},"nat":"US"}],"info":{"seed":"15c7523ca2f5e855","results":1,"page":1,"version":"1.4"}} 
 </msg>
<msg time="2024-06-28T08:18:22.451967" level="INFO">/opt/hostedtoolcache/Python/3.12.4/x64/lib/python3.12/site-packages/urllib3/connectionpool.py:1099: InsecureRequestWarning: Unverified HTTPS request is being made to host 'randomuser.me'. Adding certificate verification is strongly advised. See: https://urllib3.readthedocs.io/en/latest/advanced-usage.html#tls-warnings
  warnings.warn(</msg>
<msg time="2024-06-28T08:18:22.452141" level="INFO">${response} = &lt;Response [200]&gt;</msg>
<var>${response}</var>
<arg>consultarAPI</arg>
<arg>/api</arg>
<doc>Sends a GET request on a previously created HTTP Session.</doc>
<status status="PASS" start="2024-06-28T08:18:22.187426" elapsed="0.264754"/>
</kw>
<kw name="Should Be Equal As Numbers" owner="BuiltIn">
<msg time="2024-06-28T08:18:22.453173" level="INFO">Argument types are:
&lt;class 'int'&gt;
&lt;class 'str'&gt;</msg>
<arg>${response.status_code}</arg>
<arg>200</arg>
<doc>Fails if objects are unequal after converting them to real numbers.</doc>
<status status="PASS" start="2024-06-28T08:18:22.452693" elapsed="0.000545"/>
</kw>
<kw name="Log" owner="BuiltIn">
<msg time="2024-06-28T08:18:22.453962" level="INFO">200</msg>
<arg>${response.status_code}</arg>
<doc>Logs the given message with the given level.</doc>
<status status="PASS" start="2024-06-28T08:18:22.453583" elapsed="0.000424"/>
</kw>
<kw name="Set Variable" owner="BuiltIn">
<msg time="2024-06-28T08:18:22.454740" level="INFO">${json_data} = {'results': [{'gender': 'female', 'name': {'title': 'Miss', 'first': 'Marsha', 'last': 'Morrison'}, 'location': {'street': {'number': 768, 'name': 'Lakeshore Rd'}, 'city': 'Santa Ana', 'state': 'Monta...</msg>
<var>${json_data}</var>
<arg>${response.json()}</arg>
<doc>Returns the given values which can then be assigned to a variables.</doc>
<status status="PASS" start="2024-06-28T08:18:22.454312" elapsed="0.000456"/>
</kw>
<kw name="Dictionary Should Contain Key" owner="Collections">
<arg>${json_data}</arg>
<arg>results</arg>
<doc>Fails if ``key`` is not found from ``dictionary``.</doc>
<status status="PASS" start="2024-06-28T08:18:22.455060" elapsed="0.000161"/>
</kw>
<status status="PASS" start="2024-06-28T08:18:22.187171" elapsed="0.268202"/>
</kw>
<doc>Testa se a API responde corretamente e retorna um objeto JSON válido.</doc>
<tag>testeRequisicaoBasica</tag>
<status status="PASS" start="2024-06-28T08:18:22.186702" elapsed="0.268850"/>
</test>
<test id="s1-s1-t3" name="Validar estrutura de resposta" line="22">
<kw name="Teste de Estrutura de Resposta" owner="random-user-service">
<kw name="GET On Session" owner="RequestsLibrary">
<msg time="2024-06-28T08:18:22.552805" level="INFO">GET Request : url=https://randomuser.me/api 
 path_url=/api 
 headers={'User-Agent': 'python-requests/2.32.3', 'Accept-Encoding': 'gzip, deflate', 'Accept': '*/*', 'Connection': 'keep-alive'} 
 body=None 
 </msg>
<msg time="2024-06-28T08:18:22.552916" level="INFO">GET Response : url=https://randomuser.me/api 
 status=200, reason=OK 
 headers={'Date': 'Fri, 28 Jun 2024 08:18:22 GMT', 'Content-Type': 'application/json; charset=utf-8', 'Transfer-Encoding': 'chunked', 'Connection': 'keep-alive', 'X-Powered-By': 'Express', 'Access-Control-Allow-Origin': '*', 'Cache-Control': 'no-cache', 'ETag': 'W/"484-RPQ2wrFB53j1QJWyIQeHL/lHxAc"', 'Vary': 'Accept-Encoding', 'Content-Encoding': 'gzip', 'CF-Cache-Status': 'DYNAMIC', 'Report-To': '{"endpoints":[{"url":"https:\\/\\/a.nel.cloudflare.com\\/report\\/v4?s=MfZu6csBi3CEDyB1%2FnyDi6JTKvX6aJ5O7rhP7kHX2rhZtXoJ2uJi8P2Lvwk%2BAhIpBMVV5GrTyOj7dSjnBZDS2feSr0Lii7uQ6bN0Z%2BB7SvdPJDH4LWYm9%2FoqagUiJvnL"}],"group":"cf-nel","max_age":604800}', 'NEL': '{"success_fraction":0,"report_to":"cf-nel","max_age":604800}', 'Server': 'cloudflare', 'CF-RAY': '89ac3eea6c1bdbba-LAX', 'alt-svc': 'h3=":443"; ma=86400'} 
 body={"results":[{"gender":"male","name":{"title":"Mr","first":"Xander","last":"Elliott"},"location":{"street":{"number":3632,"name":"The Crescent"},"city":"Bradford","state":"Gloucestershire","country":"United Kingdom","postcode":"F0 8BG","coordinates":{"latitude":"-7.0331","longitude":"-28.2847"},"timezone":{"offset":"+3:30","description":"Tehran"}},"email":"xander.elliott@example.com","login":{"uuid":"f395d16d-e1e3-449c-84f0-107f60cfef97","username":"yellowbear165","password":"cyrano","salt":"5e6oqMWY","md5":"84a64193b2caa453b65924f71c3d4bff","sha1":"793b249e036934c547e163bb807803ee468cf909","sha256":"ec0d564ca54f8dbc20c9aa40836b40f9398e3efe1dfe5442533ba218debadd3b"},"dob":{"date":"1945-08-21T03:28:15.350Z","age":78},"registered":{"date":"2012-04-09T01:40:29.619Z","age":12},"phone":"017684 92175","cell":"07886 769037","id":{"name":"NINO","value":"GR 43 94 11 I"},"picture":{"large":"https://randomuser.me/api/portraits/men/94.jpg","medium":"https://randomuser.me/api/portraits/med/men/94.jpg","thumbnail":"https://randomuser.me/api/portraits/thumb/men/94.jpg"},"nat":"GB"}],"info":{"seed":"aec84f68995514d1","results":1,"page":1,"version":"1.4"}} 
 </msg>
<msg time="2024-06-28T08:18:22.553064" level="INFO">/opt/hostedtoolcache/Python/3.12.4/x64/lib/python3.12/site-packages/urllib3/connectionpool.py:1099: InsecureRequestWarning: Unverified HTTPS request is being made to host 'randomuser.me'. Adding certificate verification is strongly advised. See: https://urllib3.readthedocs.io/en/latest/advanced-usage.html#tls-warnings
  warnings.warn(</msg>
<msg time="2024-06-28T08:18:22.553209" level="INFO">${response} = &lt;Response [200]&gt;</msg>
<var>${response}</var>
<arg>consultarAPI</arg>
<arg>/api</arg>
<doc>Sends a GET request on a previously created HTTP Session.</doc>
<status status="PASS" start="2024-06-28T08:18:22.458115" elapsed="0.095139"/>
</kw>
<kw name="Set Variable" owner="BuiltIn">
<msg time="2024-06-28T08:18:22.554308" level="INFO">${json_data} = {'results': [{'gender': 'male', 'name': {'title': 'Mr', 'first': 'Xander', 'last': 'Elliott'}, 'location': {'street': {'number': 3632, 'name': 'The Crescent'}, 'city': 'Bradford', 'state': 'Gloucester...</msg>
<var>${json_data}</var>
<arg>${response.json()}</arg>
<doc>Returns the given values which can then be assigned to a variables.</doc>
<status status="PASS" start="2024-06-28T08:18:22.553782" elapsed="0.000554"/>
</kw>
<kw name="Log" owner="BuiltIn">
<msg time="2024-06-28T08:18:22.554797" level="INFO">{'results': [{'gender': 'male', 'name': {'title': 'Mr', 'first': 'Xander', 'last': 'Elliott'}, 'location': {'street': {'number': 3632, 'name': 'The Crescent'}, 'city': 'Bradford', 'state': 'Gloucestershire', 'country': 'United Kingdom', 'postcode': 'F0 8BG', 'coordinates': {'latitude': '-7.0331', 'longitude': '-28.2847'}, 'timezone': {'offset': '+3:30', 'description': 'Tehran'}}, 'email': 'xander.elliott@example.com', 'login': {'uuid': 'f395d16d-e1e3-449c-84f0-107f60cfef97', 'username': 'yellowbear165', 'password': 'cyrano', 'salt': '5e6oqMWY', 'md5': '84a64193b2caa453b65924f71c3d4bff', 'sha1': '793b249e036934c547e163bb807803ee468cf909', 'sha256': 'ec0d564ca54f8dbc20c9aa40836b40f9398e3efe1dfe5442533ba218debadd3b'}, 'dob': {'date': '1945-08-21T03:28:15.350Z', 'age': 78}, 'registered': {'date': '2012-04-09T01:40:29.619Z', 'age': 12}, 'phone': '017684 92175', 'cell': '07886 769037', 'id': {'name': 'NINO', 'value': 'GR 43 94 11 I'}, 'picture': {'large': 'https://randomuser.me/api/portraits/men/94.jpg', 'medium': 'https://randomuser.me/api/portraits/med/men/94.jpg', 'thumbnail': 'https://randomuser.me/api/portraits/thumb/men/94.jpg'}, 'nat': 'GB'}], 'info': {'seed': 'aec84f68995514d1', 'results': 1, 'page': 1, 'version': '1.4'}}</msg>
<arg>${json_data}</arg>
<doc>Logs the given message with the given level.</doc>
<status status="PASS" start="2024-06-28T08:18:22.554640" elapsed="0.000206"/>
</kw>
<kw name="Dictionary Should Contain Key" owner="Collections">
<arg>${json_data}</arg>
<arg>results</arg>
<doc>Fails if ``key`` is not found from ``dictionary``.</doc>
<status status="PASS" start="2024-06-28T08:18:22.555138" elapsed="0.000162"/>
</kw>
<kw name="Should Not Be Empty" owner="BuiltIn">
<msg time="2024-06-28T08:18:22.555610" level="INFO">Length is 2.</msg>
<arg>${json_data}</arg>
<doc>Verifies that the given item is not empty.</doc>
<status status="PASS" start="2024-06-28T08:18:22.555484" elapsed="0.000166"/>
</kw>
<kw name="Create List" owner="BuiltIn">
<msg time="2024-06-28T08:18:22.556102" level="INFO">${expected_keys} = ['gender', 'name', 'location', 'email', 'login']</msg>
<var>${expected_keys}</var>
<arg>gender</arg>
<arg>name</arg>
<arg>location</arg>
<arg>email</arg>
<arg>login</arg>
<doc>Returns a list containing given items.</doc>
<status status="PASS" start="2024-06-28T08:18:22.555943" elapsed="0.000184"/>
</kw>
<for flavor="IN">
<iter>
<kw name="Dictionary Should Contain Key" owner="Collections">
<arg>${json_data['results'][0]}</arg>
<arg>${key}</arg>
<doc>Fails if ``key`` is not found from ``dictionary``.</doc>
<status status="PASS" start="2024-06-28T08:18:22.556884" elapsed="0.000395"/>
</kw>
<kw name="Log" owner="BuiltIn">
<msg time="2024-06-28T08:18:22.557866" level="INFO">{'gender': 'male', 'name': {'title': 'Mr', 'first': 'Xander', 'last': 'Elliott'}, 'location': {'street': {'number': 3632, 'name': 'The Crescent'}, 'city': 'Bradford', 'state': 'Gloucestershire', 'country': 'United Kingdom', 'postcode': 'F0 8BG', 'coordinates': {'latitude': '-7.0331', 'longitude': '-28.2847'}, 'timezone': {'offset': '+3:30', 'description': 'Tehran'}}, 'email': 'xander.elliott@example.com', 'login': {'uuid': 'f395d16d-e1e3-449c-84f0-107f60cfef97', 'username': 'yellowbear165', 'password': 'cyrano', 'salt': '5e6oqMWY', 'md5': '84a64193b2caa453b65924f71c3d4bff', 'sha1': '793b249e036934c547e163bb807803ee468cf909', 'sha256': 'ec0d564ca54f8dbc20c9aa40836b40f9398e3efe1dfe5442533ba218debadd3b'}, 'dob': {'date': '1945-08-21T03:28:15.350Z', 'age': 78}, 'registered': {'date': '2012-04-09T01:40:29.619Z', 'age': 12}, 'phone': '017684 92175', 'cell': '07886 769037', 'id': {'name': 'NINO', 'value': 'GR 43 94 11 I'}, 'picture': {'large': 'https://randomuser.me/api/portraits/men/94.jpg', 'medium': 'https://randomuser.me/api/portraits/med/men/94.jpg', 'thumbnail': 'https://randomuser.me/api/portraits/thumb/men/94.jpg'}, 'nat': 'GB'}</msg>
<arg>${json_data['results'][0]}</arg>
<doc>Logs the given message with the given level.</doc>
<status status="PASS" start="2024-06-28T08:18:22.557469" elapsed="0.000446"/>
</kw>
<kw name="Log" owner="BuiltIn">
<msg time="2024-06-28T08:18:22.558354" level="INFO">gender</msg>
<arg>${key}</arg>
<doc>Logs the given message with the given level.</doc>
<status status="PASS" start="2024-06-28T08:18:22.558224" elapsed="0.000168"/>
</kw>
<var name="${key}">gender</var>
<status status="PASS" start="2024-06-28T08:18:22.556758" elapsed="0.001849"/>
</iter>
<iter>
<kw name="Dictionary Should Contain Key" owner="Collections">
<arg>${json_data['results'][0]}</arg>
<arg>${key}</arg>
<doc>Fails if ``key`` is not found from ``dictionary``.</doc>
<status status="PASS" start="2024-06-28T08:18:22.558918" elapsed="0.000410"/>
</kw>
<kw name="Log" owner="BuiltIn">
<msg time="2024-06-28T08:18:22.559921" level="INFO">{'gender': 'male', 'name': {'title': 'Mr', 'first': 'Xander', 'last': 'Elliott'}, 'location': {'street': {'number': 3632, 'name': 'The Crescent'}, 'city': 'Bradford', 'state': 'Gloucestershire', 'country': 'United Kingdom', 'postcode': 'F0 8BG', 'coordinates': {'latitude': '-7.0331', 'longitude': '-28.2847'}, 'timezone': {'offset': '+3:30', 'description': 'Tehran'}}, 'email': 'xander.elliott@example.com', 'login': {'uuid': 'f395d16d-e1e3-449c-84f0-107f60cfef97', 'username': 'yellowbear165', 'password': 'cyrano', 'salt': '5e6oqMWY', 'md5': '84a64193b2caa453b65924f71c3d4bff', 'sha1': '793b249e036934c547e163bb807803ee468cf909', 'sha256': 'ec0d564ca54f8dbc20c9aa40836b40f9398e3efe1dfe5442533ba218debadd3b'}, 'dob': {'date': '1945-08-21T03:28:15.350Z', 'age': 78}, 'registered': {'date': '2012-04-09T01:40:29.619Z', 'age': 12}, 'phone': '017684 92175', 'cell': '07886 769037', 'id': {'name': 'NINO', 'value': 'GR 43 94 11 I'}, 'picture': {'large': 'https://randomuser.me/api/portraits/men/94.jpg', 'medium': 'https://randomuser.me/api/portraits/med/men/94.jpg', 'thumbnail': 'https://randomuser.me/api/portraits/thumb/men/94.jpg'}, 'nat': 'GB'}</msg>
<arg>${json_data['results'][0]}</arg>
<doc>Logs the given message with the given level.</doc>
<status status="PASS" start="2024-06-28T08:18:22.559513" elapsed="0.000489"/>
</kw>
<kw name="Log" owner="BuiltIn">
<msg time="2024-06-28T08:18:22.560445" level="INFO">name</msg>
<arg>${key}</arg>
<doc>Logs the given message with the given level.</doc>
<status status="PASS" start="2024-06-28T08:18:22.560314" elapsed="0.000170"/>
</kw>
<var name="${key}">name</var>
<status status="PASS" start="2024-06-28T08:18:22.558807" elapsed="0.001898"/>
</iter>
<iter>
<kw name="Dictionary Should Contain Key" owner="Collections">
<arg>${json_data['results'][0]}</arg>
<arg>${key}</arg>
<doc>Fails if ``key`` is not found from ``dictionary``.</doc>
<status status="PASS" start="2024-06-28T08:18:22.560985" elapsed="0.000374"/>
</kw>
<kw name="Log" owner="BuiltIn">
<msg time="2024-06-28T08:18:22.561967" level="INFO">{'gender': 'male', 'name': {'title': 'Mr', 'first': 'Xander', 'last': 'Elliott'}, 'location': {'street': {'number': 3632, 'name': 'The Crescent'}, 'city': 'Bradford', 'state': 'Gloucestershire', 'country': 'United Kingdom', 'postcode': 'F0 8BG', 'coordinates': {'latitude': '-7.0331', 'longitude': '-28.2847'}, 'timezone': {'offset': '+3:30', 'description': 'Tehran'}}, 'email': 'xander.elliott@example.com', 'login': {'uuid': 'f395d16d-e1e3-449c-84f0-107f60cfef97', 'username': 'yellowbear165', 'password': 'cyrano', 'salt': '5e6oqMWY', 'md5': '84a64193b2caa453b65924f71c3d4bff', 'sha1': '793b249e036934c547e163bb807803ee468cf909', 'sha256': 'ec0d564ca54f8dbc20c9aa40836b40f9398e3efe1dfe5442533ba218debadd3b'}, 'dob': {'date': '1945-08-21T03:28:15.350Z', 'age': 78}, 'registered': {'date': '2012-04-09T01:40:29.619Z', 'age': 12}, 'phone': '017684 92175', 'cell': '07886 769037', 'id': {'name': 'NINO', 'value': 'GR 43 94 11 I'}, 'picture': {'large': 'https://randomuser.me/api/portraits/men/94.jpg', 'medium': 'https://randomuser.me/api/portraits/med/men/94.jpg', 'thumbnail': 'https://randomuser.me/api/portraits/thumb/men/94.jpg'}, 'nat': 'GB'}</msg>
<arg>${json_data['results'][0]}</arg>
<doc>Logs the given message with the given level.</doc>
<status status="PASS" start="2024-06-28T08:18:22.561561" elapsed="0.000453"/>
</kw>
<kw name="Log" owner="BuiltIn">
<msg time="2024-06-28T08:18:22.562449" level="INFO">location</msg>
<arg>${key}</arg>
<doc>Logs the given message with the given level.</doc>
<status status="PASS" start="2024-06-28T08:18:22.562322" elapsed="0.000164"/>
</kw>
<var name="${key}">location</var>
<status status="PASS" start="2024-06-28T08:18:22.560879" elapsed="0.001824"/>
</iter>
<iter>
<kw name="Dictionary Should Contain Key" owner="Collections">
<arg>${json_data['results'][0]}</arg>
<arg>${key}</arg>
<doc>Fails if ``key`` is not found from ``dictionary``.</doc>
<status status="PASS" start="2024-06-28T08:18:22.562973" elapsed="0.000382"/>
</kw>
<kw name="Log" owner="BuiltIn">
<msg time="2024-06-28T08:18:22.563882" level="INFO">{'gender': 'male', 'name': {'title': 'Mr', 'first': 'Xander', 'last': 'Elliott'}, 'location': {'street': {'number': 3632, 'name': 'The Crescent'}, 'city': 'Bradford', 'state': 'Gloucestershire', 'country': 'United Kingdom', 'postcode': 'F0 8BG', 'coordinates': {'latitude': '-7.0331', 'longitude': '-28.2847'}, 'timezone': {'offset': '+3:30', 'description': 'Tehran'}}, 'email': 'xander.elliott@example.com', 'login': {'uuid': 'f395d16d-e1e3-449c-84f0-107f60cfef97', 'username': 'yellowbear165', 'password': 'cyrano', 'salt': '5e6oqMWY', 'md5': '84a64193b2caa453b65924f71c3d4bff', 'sha1': '793b249e036934c547e163bb807803ee468cf909', 'sha256': 'ec0d564ca54f8dbc20c9aa40836b40f9398e3efe1dfe5442533ba218debadd3b'}, 'dob': {'date': '1945-08-21T03:28:15.350Z', 'age': 78}, 'registered': {'date': '2012-04-09T01:40:29.619Z', 'age': 12}, 'phone': '017684 92175', 'cell': '07886 769037', 'id': {'name': 'NINO', 'value': 'GR 43 94 11 I'}, 'picture': {'large': 'https://randomuser.me/api/portraits/men/94.jpg', 'medium': 'https://randomuser.me/api/portraits/med/men/94.jpg', 'thumbnail': 'https://randomuser.me/api/portraits/thumb/men/94.jpg'}, 'nat': 'GB'}</msg>
<arg>${json_data['results'][0]}</arg>
<doc>Logs the given message with the given level.</doc>
<status status="PASS" start="2024-06-28T08:18:22.563536" elapsed="0.000394"/>
</kw>
<kw name="Log" owner="BuiltIn">
<msg time="2024-06-28T08:18:22.564353" level="INFO">email</msg>
<arg>${key}</arg>
<doc>Logs the given message with the given level.</doc>
<status status="PASS" start="2024-06-28T08:18:22.564229" elapsed="0.000162"/>
</kw>
<var name="${key}">email</var>
<status status="PASS" start="2024-06-28T08:18:22.562869" elapsed="0.001739"/>
</iter>
<iter>
<kw name="Dictionary Should Contain Key" owner="Collections">
<arg>${json_data['results'][0]}</arg>
<arg>${key}</arg>
<doc>Fails if ``key`` is not found from ``dictionary``.</doc>
<status status="PASS" start="2024-06-28T08:18:22.564891" elapsed="0.000385"/>
</kw>
<kw name="Log" owner="BuiltIn">
<msg time="2024-06-28T08:18:22.565841" level="INFO">{'gender': 'male', 'name': {'title': 'Mr', 'first': 'Xander', 'last': 'Elliott'}, 'location': {'street': {'number': 3632, 'name': 'The Crescent'}, 'city': 'Bradford', 'state': 'Gloucestershire', 'country': 'United Kingdom', 'postcode': 'F0 8BG', 'coordinates': {'latitude': '-7.0331', 'longitude': '-28.2847'}, 'timezone': {'offset': '+3:30', 'description': 'Tehran'}}, 'email': 'xander.elliott@example.com', 'login': {'uuid': 'f395d16d-e1e3-449c-84f0-107f60cfef97', 'username': 'yellowbear165', 'password': 'cyrano', 'salt': '5e6oqMWY', 'md5': '84a64193b2caa453b65924f71c3d4bff', 'sha1': '793b249e036934c547e163bb807803ee468cf909', 'sha256': 'ec0d564ca54f8dbc20c9aa40836b40f9398e3efe1dfe5442533ba218debadd3b'}, 'dob': {'date': '1945-08-21T03:28:15.350Z', 'age': 78}, 'registered': {'date': '2012-04-09T01:40:29.619Z', 'age': 12}, 'phone': '017684 92175', 'cell': '07886 769037', 'id': {'name': 'NINO', 'value': 'GR 43 94 11 I'}, 'picture': {'large': 'https://randomuser.me/api/portraits/men/94.jpg', 'medium': 'https://randomuser.me/api/portraits/med/men/94.jpg', 'thumbnail': 'https://randomuser.me/api/portraits/thumb/men/94.jpg'}, 'nat': 'GB'}</msg>
<arg>${json_data['results'][0]}</arg>
<doc>Logs the given message with the given level.</doc>
<status status="PASS" start="2024-06-28T08:18:22.565456" elapsed="0.000433"/>
</kw>
<kw name="Log" owner="BuiltIn">
<msg time="2024-06-28T08:18:22.566302" level="INFO">login</msg>
<arg>${key}</arg>
<doc>Logs the given message with the given level.</doc>
<status status="PASS" start="2024-06-28T08:18:22.566178" elapsed="0.000162"/>
</kw>
<var name="${key}">login</var>
<status status="PASS" start="2024-06-28T08:18:22.564775" elapsed="0.001782"/>
</iter>
<var>${key}</var>
<value>@{expected_keys}</value>
<status status="PASS" start="2024-06-28T08:18:22.556561" elapsed="0.010115"/>
</for>
<kw name="Create List" owner="BuiltIn">
<msg time="2024-06-28T08:18:22.566995" level="INFO">${expected_keysTwo} = ['username', 'password']</msg>
<var>${expected_keysTwo}</var>
<arg>username</arg>
<arg>password</arg>
<doc>Returns a list containing given items.</doc>
<status status="PASS" start="2024-06-28T08:18:22.566862" elapsed="0.000157"/>
</kw>
<for flavor="IN">
<iter>
<kw name="Dictionary Should Contain Key" owner="Collections">
<arg>${json_data['results'][0]['login']}</arg>
<arg>${keyTwo}</arg>
<doc>Fails if ``key`` is not found from ``dictionary``.</doc>
<status status="PASS" start="2024-06-28T08:18:22.567534" elapsed="0.000375"/>
</kw>
<kw name="Dictionary Should Contain Key" owner="Collections">
<arg>${json_data['results'][0]['login']}</arg>
<arg>${keyTwo}</arg>
<doc>Fails if ``key`` is not found from ``dictionary``.</doc>
<status status="PASS" start="2024-06-28T08:18:22.568085" elapsed="0.000375"/>
</kw>
<kw name="Log" owner="BuiltIn">
<msg time="2024-06-28T08:18:22.568767" level="INFO">username</msg>
<arg>${keyTwo}</arg>
<doc>Logs the given message with the given level.</doc>
<status status="PASS" start="2024-06-28T08:18:22.568640" elapsed="0.000165"/>
</kw>
<var name="${keyTwo}">username</var>
<status status="PASS" start="2024-06-28T08:18:22.567429" elapsed="0.001594"/>
</iter>
<iter>
<kw name="Dictionary Should Contain Key" owner="Collections">
<arg>${json_data['results'][0]['login']}</arg>
<arg>${keyTwo}</arg>
<doc>Fails if ``key`` is not found from ``dictionary``.</doc>
<status status="PASS" start="2024-06-28T08:18:22.569303" elapsed="0.000408"/>
</kw>
<kw name="Dictionary Should Contain Key" owner="Collections">
<arg>${json_data['results'][0]['login']}</arg>
<arg>${keyTwo}</arg>
<doc>Fails if ``key`` is not found from ``dictionary``.</doc>
<status status="PASS" start="2024-06-28T08:18:22.569887" elapsed="0.000363"/>
</kw>
<kw name="Log" owner="BuiltIn">
<msg time="2024-06-28T08:18:22.570538" level="INFO">password</msg>
<arg>${keyTwo}</arg>
<doc>Logs the given message with the given level.</doc>
<status status="PASS" start="2024-06-28T08:18:22.570421" elapsed="0.000159"/>
</kw>
<var name="${keyTwo}">password</var>
<status status="PASS" start="2024-06-28T08:18:22.569192" elapsed="0.001605"/>
</iter>
<var>${keyTwo}</var>
<value>@{expected_keysTwo}</value>
<status status="PASS" start="2024-06-28T08:18:22.567277" elapsed="0.003639"/>
</for>
<status status="PASS" start="2024-06-28T08:18:22.457889" elapsed="0.113170"/>
</kw>
<doc>Testa a estrutura da resposta da API.</doc>
<tag>testeEstruturaResposta</tag>
<status status="PASS" start="2024-06-28T08:18:22.457369" elapsed="0.113845"/>
</test>
<test id="s1-s1-t4" name="Validar tipos de dados" line="28">
<kw name="Teste de Tipos de Dados" owner="random-user-service">
<kw name="GET On Session" owner="RequestsLibrary">
<msg time="2024-06-28T08:18:22.676311" level="INFO">GET Request : url=https://randomuser.me/api 
 path_url=/api 
 headers={'User-Agent': 'python-requests/2.32.3', 'Accept-Encoding': 'gzip, deflate', 'Accept': '*/*', 'Connection': 'keep-alive'} 
 body=None 
 </msg>
<msg time="2024-06-28T08:18:22.676408" level="INFO">GET Response : url=https://randomuser.me/api 
 status=200, reason=OK 
 headers={'Date': 'Fri, 28 Jun 2024 08:18:22 GMT', 'Content-Type': 'application/json; charset=utf-8', 'Transfer-Encoding': 'chunked', 'Connection': 'keep-alive', 'X-Powered-By': 'Express', 'Access-Control-Allow-Origin': '*', 'Cache-Control': 'no-cache', 'ETag': 'W/"4a0-/pZdjBTkc4hQJ7kAPa/I8Zdkic4"', 'Vary': 'Accept-Encoding', 'Content-Encoding': 'gzip', 'CF-Cache-Status': 'DYNAMIC', 'Report-To': '{"endpoints":[{"url":"https:\\/\\/a.nel.cloudflare.com\\/report\\/v4?s=qGNP9dbiat%2FfPXQzu9MwFr85yfNRhWQaVFz0ba%2F%2BsLALBtSTUU%2FDDcdoPkYuCl76Pm4mGLjJexh1LNSQMItuHRGMS8m%2F2kndBPSzYG66TdNkUgrtOasXjdsxlyM6%2FZpm"}],"group":"cf-nel","max_age":604800}', 'NEL': '{"success_fraction":0,"report_to":"cf-nel","max_age":604800}', 'Server': 'cloudflare', 'CF-RAY': '89ac3eeb1cb3dbba-LAX', 'alt-svc': 'h3=":443"; ma=86400'} 
 body={"results":[{"gender":"female","name":{"title":"Mrs","first":"Emily","last":"Ginnish"},"location":{"street":{"number":2619,"name":"Grand Marais Ave"},"city":"Woodstock","state":"Nunavut","country":"Canada","postcode":"U8Z 8D7","coordinates":{"latitude":"-69.2833","longitude":"121.8990"},"timezone":{"offset":"0:00","description":"Western Europe Time, London, Lisbon, Casablanca"}},"email":"emily.ginnish@example.com","login":{"uuid":"657748f9-e5d6-49ad-a5cb-2934e8027081","username":"saddog629","password":"rocky","salt":"uZxKO1zu","md5":"0fca97ee180fb08b3019944bd48b4cfd","sha1":"869f9ea2faec61b8c2b9c2a1f7d9a23657ec9672","sha256":"496d7f4d15b8cb1855f9d9c968a9f098a0101d0fdf9f54ecb01bed1beb257505"},"dob":{"date":"1958-01-27T02:52:18.752Z","age":66},"registered":{"date":"2008-06-03T23:41:45.891Z","age":16},"phone":"N01 M05-0873","cell":"S56 Y86-0547","id":{"name":"SIN","value":"706198546"},"picture":{"large":"https://randomuser.me/api/portraits/women/86.jpg","medium":"https://randomuser.me/api/portraits/med/women/86.jpg","thumbnail":"https://randomuser.me/api/portraits/thumb/women/86.jpg"},"nat":"CA"}],"info":{"seed":"ef7f87f3bb85ecf6","results":1,"page":1,"version":"1.4"}} 
 </msg>
<msg time="2024-06-28T08:18:22.676482" level="INFO">/opt/hostedtoolcache/Python/3.12.4/x64/lib/python3.12/site-packages/urllib3/connectionpool.py:1099: InsecureRequestWarning: Unverified HTTPS request is being made to host 'randomuser.me'. Adding certificate verification is strongly advised. See: https://urllib3.readthedocs.io/en/latest/advanced-usage.html#tls-warnings
  warnings.warn(</msg>
<msg time="2024-06-28T08:18:22.676622" level="INFO">${response} = &lt;Response [200]&gt;</msg>
<var>${response}</var>
<arg>consultarAPI</arg>
<arg>/api</arg>
<doc>Sends a GET request on a previously created HTTP Session.</doc>
<status status="PASS" start="2024-06-28T08:18:22.573783" elapsed="0.102885"/>
</kw>
<kw name="Set Variable" owner="BuiltIn">
<msg time="2024-06-28T08:18:22.677738" level="INFO">${json_data} = {'results': [{'gender': 'female', 'name': {'title': 'Mrs', 'first': 'Emily', 'last': 'Ginnish'}, 'location': {'street': {'number': 2619, 'name': 'Grand Marais Ave'}, 'city': 'Woodstock', 'state': 'Nun...</msg>
<var>${json_data}</var>
<arg>${response.json()}</arg>
<doc>Returns the given values which can then be assigned to a variables.</doc>
<status status="PASS" start="2024-06-28T08:18:22.677163" elapsed="0.000606"/>
</kw>
<kw name="Log" owner="BuiltIn">
<msg time="2024-06-28T08:18:22.678245" level="INFO">{'results': [{'gender': 'female', 'name': {'title': 'Mrs', 'first': 'Emily', 'last': 'Ginnish'}, 'location': {'street': {'number': 2619, 'name': 'Grand Marais Ave'}, 'city': 'Woodstock', 'state': 'Nunavut', 'country': 'Canada', 'postcode': 'U8Z 8D7', 'coordinates': {'latitude': '-69.2833', 'longitude': '121.8990'}, 'timezone': {'offset': '0:00', 'description': 'Western Europe Time, London, Lisbon, Casablanca'}}, 'email': 'emily.ginnish@example.com', 'login': {'uuid': '657748f9-e5d6-49ad-a5cb-2934e8027081', 'username': 'saddog629', 'password': 'rocky', 'salt': 'uZxKO1zu', 'md5': '0fca97ee180fb08b3019944bd48b4cfd', 'sha1': '869f9ea2faec61b8c2b9c2a1f7d9a23657ec9672', 'sha256': '496d7f4d15b8cb1855f9d9c968a9f098a0101d0fdf9f54ecb01bed1beb257505'}, 'dob': {'date': '1958-01-27T02:52:18.752Z', 'age': 66}, 'registered': {'date': '2008-06-03T23:41:45.891Z', 'age': 16}, 'phone': 'N01 M05-0873', 'cell': 'S56 Y86-0547', 'id': {'name': 'SIN', 'value': '706198546'}, 'picture': {'large': 'https://randomuser.me/api/portraits/women/86.jpg', 'medium': 'https://randomuser.me/api/portraits/med/women/86.jpg', 'thumbnail': 'https://randomuser.me/api/portraits/thumb/women/86.jpg'}, 'nat': 'CA'}], 'info': {'seed': 'ef7f87f3bb85ecf6', 'results': 1, 'page': 1, 'version': '1.4'}}</msg>
<arg>${json_data}</arg>
<doc>Logs the given message with the given level.</doc>
<status status="PASS" start="2024-06-28T08:18:22.678086" elapsed="0.000210"/>
</kw>
<kw name="Should Be String" owner="String">
<arg>${json_data['results'][0]['gender']}</arg>
<doc>Fails if the given ``item`` is not a string.</doc>
<status status="PASS" start="2024-06-28T08:18:22.678592" elapsed="0.000361"/>
</kw>
<kw name="Should Match Regexp" owner="BuiltIn">
<arg>${json_data['results'][0]['email']}</arg>
<arg>^[a-zA-Z0-9._%+-]+@[a-zA-Z0-9.-]+\.[a-zA-Z]{2,}$</arg>
<doc>Fails if ``string`` does not match ``pattern`` as a regular expression.</doc>
<status status="PASS" start="2024-06-28T08:18:22.679145" elapsed="0.000530"/>
</kw>
<kw name="Should Match Regexp" owner="BuiltIn">
<arg>${json_data['results'][0]['dob']['date']}</arg>
<arg>\\d{4}-\\d{2}-\\d{2}T\\d{2}:\\d{2}:\\d{2}\\.\\d{3}Z</arg>
<doc>Fails if ``string`` does not match ``pattern`` as a regular expression.</doc>
<status status="PASS" start="2024-06-28T08:18:22.679906" elapsed="0.000488"/>
</kw>
<kw name="Should Match Regexp" owner="BuiltIn">
<arg>${json_data['results'][0]['registered']['date']}</arg>
<arg>\\d{4}-\\d{2}-\\d{2}T\\d{2}:\\d{2}:\\d{2}\\.\\d{3}Z</arg>
<doc>Fails if ``string`` does not match ``pattern`` as a regular expression.</doc>
<status status="PASS" start="2024-06-28T08:18:22.680586" elapsed="0.000368"/>
</kw>
<kw name="Should Match Regexp" owner="BuiltIn">
<arg>${json_data['results'][0]['picture']['large']}</arg>
<arg>^https?://.*\.(?:png|jpe?g|gif|bmp)$</arg>
<doc>Fails if ``string`` does not match ``pattern`` as a regular expression.</doc>
<status status="PASS" start="2024-06-28T08:18:22.681138" elapsed="0.000485"/>
</kw>
<kw name="Should Match Regexp" owner="BuiltIn">
<arg>${json_data['results'][0]['picture']['medium']}</arg>
<arg>^https?://.*\.(?:png|jpe?g|gif|bmp)$</arg>
<doc>Fails if ``string`` does not match ``pattern`` as a regular expression.</doc>
<status status="PASS" start="2024-06-28T08:18:22.681809" elapsed="0.000345"/>
</kw>
<kw name="Should Match Regexp" owner="BuiltIn">
<arg>${json_data['results'][0]['picture']['thumbnail']}</arg>
<arg>^https?://.*\.(?:png|jpe?g|gif|bmp)$</arg>
<doc>Fails if ``string`` does not match ``pattern`` as a regular expression.</doc>
<status status="PASS" start="2024-06-28T08:18:22.682334" elapsed="0.000349"/>
</kw>
<kw name="Log" owner="BuiltIn">
<msg time="2024-06-28T08:18:22.683194" level="INFO">{'large': 'https://randomuser.me/api/portraits/women/86.jpg', 'medium': 'https://randomuser.me/api/portraits/med/women/86.jpg', 'thumbnail': 'https://randomuser.me/api/portraits/thumb/women/86.jpg'}</msg>
<arg>${json_data['results'][0]['picture']}</arg>
<doc>Logs the given message with the given level.</doc>
<status status="PASS" start="2024-06-28T08:18:22.682866" elapsed="0.000371"/>
</kw>
<status status="PASS" start="2024-06-28T08:18:22.573547" elapsed="0.109948"/>
</kw>
<kw name="Teste de Tipos de Dados - Postcode" owner="random-user-service">
<kw name="GET On Session" owner="RequestsLibrary">
<msg time="2024-06-28T08:18:22.780605" level="INFO">GET Request : url=https://randomuser.me/api 
 path_url=/api 
 headers={'User-Agent': 'python-requests/2.32.3', 'Accept-Encoding': 'gzip, deflate', 'Accept': '*/*', 'Connection': 'keep-alive'} 
 body=None 
 </msg>
<msg time="2024-06-28T08:18:22.780691" level="INFO">GET Response : url=https://randomuser.me/api 
 status=200, reason=OK 
 headers={'Date': 'Fri, 28 Jun 2024 08:18:22 GMT', 'Content-Type': 'application/json; charset=utf-8', 'Transfer-Encoding': 'chunked', 'Connection': 'keep-alive', 'X-Powered-By': 'Express', 'Access-Control-Allow-Origin': '*', 'Cache-Control': 'no-cache', 'ETag': 'W/"497-e+J75ATJ/XgMjvtsBOUVPWRzvv8"', 'Vary': 'Accept-Encoding', 'Content-Encoding': 'gzip', 'CF-Cache-Status': 'DYNAMIC', 'Report-To': '{"endpoints":[{"url":"https:\\/\\/a.nel.cloudflare.com\\/report\\/v4?s=QO%2Fl5AZOCmuS%2FuRgvw8haYpOLTMz%2B4pK6jwh5uqp4kA6V2sbcXANhIoNe4aAalD%2BLdMWyWy8BAfZ0BP%2BaIu8nQztIfu4%2FUErvxHvXv9yOFQ%2FsTRGyCAp786wE5kZ8lj5"}],"group":"cf-nel","max_age":604800}', 'NEL': '{"success_fraction":0,"report_to":"cf-nel","max_age":604800}', 'Server': 'cloudflare', 'CF-RAY': '89ac3eebcd37dbba-LAX', 'alt-svc': 'h3=":443"; ma=86400'} 
 body={"results":[{"gender":"female","name":{"title":"Ms","first":"Elenore","last":"Dorsch"},"location":{"street":{"number":415,"name":"Goethestraße"},"city":"Ennepetal","state":"Niedersachsen","country":"Germany","postcode":92388,"coordinates":{"latitude":"-55.4375","longitude":"39.3062"},"timezone":{"offset":"-1:00","description":"Azores, Cape Verde Islands"}},"email":"elenore.dorsch@example.com","login":{"uuid":"32f60538-e633-43d6-b94f-f6d0f7b4b194","username":"whitezebra461","password":"dog123","salt":"AmonZATJ","md5":"464d89f21c9731bdfa32427a0718f82e","sha1":"0409fbea4da932866b13da119ca4f1c06145ff76","sha256":"c3ed0ab21b7da59ce4de21b0330f2d010c5b672787988e8bffbdbf0c11b47818"},"dob":{"date":"1993-10-27T05:09:38.537Z","age":30},"registered":{"date":"2003-03-17T19:23:23.230Z","age":21},"phone":"0462-7163259","cell":"0174-3267103","id":{"name":"SVNR","value":"59 271093 D 888"},"picture":{"large":"https://randomuser.me/api/portraits/women/93.jpg","medium":"https://randomuser.me/api/portraits/med/women/93.jpg","thumbnail":"https://randomuser.me/api/portraits/thumb/women/93.jpg"},"nat":"DE"}],"info":{"seed":"5d7970026ca6a1ef","results":1,"page":1,"version":"1.4"}} 
 </msg>
<msg time="2024-06-28T08:18:22.780758" level="INFO">/opt/hostedtoolcache/Python/3.12.4/x64/lib/python3.12/site-packages/urllib3/connectionpool.py:1099: InsecureRequestWarning: Unverified HTTPS request is being made to host 'randomuser.me'. Adding certificate verification is strongly advised. See: https://urllib3.readthedocs.io/en/latest/advanced-usage.html#tls-warnings
  warnings.warn(</msg>
<msg time="2024-06-28T08:18:22.780881" level="INFO">${response} = &lt;Response [200]&gt;</msg>
<var>${response}</var>
<arg>consultarAPI</arg>
<arg>/api</arg>
<doc>Sends a GET request on a previously created HTTP Session.</doc>
<status status="PASS" start="2024-06-28T08:18:22.683961" elapsed="0.096963"/>
</kw>
<kw name="Set Variable" owner="BuiltIn">
<msg time="2024-06-28T08:18:22.781913" level="INFO">${json_data} = {'results': [{'gender': 'female', 'name': {'title': 'Ms', 'first': 'Elenore', 'last': 'Dorsch'}, 'location': {'street': {'number': 415, 'name': 'Goethestraße'}, 'city': 'Ennepetal', 'state': 'Niedersa...</msg>
<var>${json_data}</var>
<arg>${response.json()}</arg>
<doc>Returns the given values which can then be assigned to a variables.</doc>
<status status="PASS" start="2024-06-28T08:18:22.781392" elapsed="0.000549"/>
</kw>
<kw name="Log" owner="BuiltIn">
<msg time="2024-06-28T08:18:22.782408" level="INFO">{'results': [{'gender': 'female', 'name': {'title': 'Ms', 'first': 'Elenore', 'last': 'Dorsch'}, 'location': {'street': {'number': 415, 'name': 'Goethestraße'}, 'city': 'Ennepetal', 'state': 'Niedersachsen', 'country': 'Germany', 'postcode': 92388, 'coordinates': {'latitude': '-55.4375', 'longitude': '39.3062'}, 'timezone': {'offset': '-1:00', 'description': 'Azores, Cape Verde Islands'}}, 'email': 'elenore.dorsch@example.com', 'login': {'uuid': '32f60538-e633-43d6-b94f-f6d0f7b4b194', 'username': 'whitezebra461', 'password': 'dog123', 'salt': 'AmonZATJ', 'md5': '464d89f21c9731bdfa32427a0718f82e', 'sha1': '0409fbea4da932866b13da119ca4f1c06145ff76', 'sha256': 'c3ed0ab21b7da59ce4de21b0330f2d010c5b672787988e8bffbdbf0c11b47818'}, 'dob': {'date': '1993-10-27T05:09:38.537Z', 'age': 30}, 'registered': {'date': '2003-03-17T19:23:23.230Z', 'age': 21}, 'phone': '0462-7163259', 'cell': '0174-3267103', 'id': {'name': 'SVNR', 'value': '59 271093 D 888'}, 'picture': {'large': 'https://randomuser.me/api/portraits/women/93.jpg', 'medium': 'https://randomuser.me/api/portraits/med/women/93.jpg', 'thumbnail': 'https://randomuser.me/api/portraits/thumb/women/93.jpg'}, 'nat': 'DE'}], 'info': {'seed': '5d7970026ca6a1ef', 'results': 1, 'page': 1, 'version': '1.4'}}</msg>
<arg>${json_data}</arg>
<doc>Logs the given message with the given level.</doc>
<status status="PASS" start="2024-06-28T08:18:22.782246" elapsed="0.000213"/>
</kw>
<kw name="Should Be Equal As Numbers" owner="BuiltIn">
<arg>${json_data['results'][0]['location']['postcode']}</arg>
<arg>${json_data['results'][0]['location']['postcode']}</arg>
<doc>Fails if objects are unequal after converting them to real numbers.</doc>
<status status="PASS" start="2024-06-28T08:18:22.782749" elapsed="0.000630"/>
</kw>
<kw name="Log" owner="BuiltIn">
<msg time="2024-06-28T08:18:22.783905" level="INFO">92388</msg>
<arg>${json_data['results'][0]['location']['postcode']}</arg>
<doc>Logs the given message with the given level.</doc>
<status status="PASS" start="2024-06-28T08:18:22.783565" elapsed="0.000380"/>
</kw>
<status status="PASS" start="2024-06-28T08:18:22.683732" elapsed="0.100497"/>
</kw>
<doc>Testa se os tipos de dados na resposta da API estão corretos.</doc>
<tag>testeTiposDados</tag>
<status status="PASS" start="2024-06-28T08:18:22.572974" elapsed="0.211429"/>
</test>
<test id="s1-s1-t5" name="Validar conteudo" line="35">
<kw name="Teste de Tipos de Conteudo" owner="random-user-service">
<kw name="GET On Session" owner="RequestsLibrary">
<msg time="2024-06-28T08:18:22.885477" level="INFO">GET Request : url=https://randomuser.me/api 
 path_url=/api 
 headers={'User-Agent': 'python-requests/2.32.3', 'Accept-Encoding': 'gzip, deflate', 'Accept': '*/*', 'Connection': 'keep-alive'} 
 body=None 
 </msg>
<msg time="2024-06-28T08:18:22.885624" level="INFO">GET Response : url=https://randomuser.me/api 
 status=200, reason=OK 
 headers={'Date': 'Fri, 28 Jun 2024 08:18:22 GMT', 'Content-Type': 'application/json; charset=utf-8', 'Transfer-Encoding': 'chunked', 'Connection': 'keep-alive', 'X-Powered-By': 'Express', 'Access-Control-Allow-Origin': '*', 'Cache-Control': 'no-cache', 'ETag': 'W/"4a9-uDcpvy6Vye4V0zE4HSoYLkNzyG0"', 'Vary': 'Accept-Encoding', 'Content-Encoding': 'gzip', 'CF-Cache-Status': 'DYNAMIC', 'Report-To': '{"endpoints":[{"url":"https:\\/\\/a.nel.cloudflare.com\\/report\\/v4?s=UEfZCGju0i2rM0d%2FqIkz6of1ybKrwpjJgmF39FWw%2Bf1AxZDx9%2BT60AiUAFc%2BoQ6F%2FOxkjR1pEU8i01uAogV7b7HNCPFKSBYC8jbA8D8RIPSAfyV1nmh74iG3JqD9M%2BkW"}],"group":"cf-nel","max_age":604800}', 'NEL': '{"success_fraction":0,"report_to":"cf-nel","max_age":604800}', 'Server': 'cloudflare', 'CF-RAY': '89ac3eec7dbadbba-LAX', 'alt-svc': 'h3=":443"; ma=86400'} 
 body={"results":[{"gender":"male","name":{"title":"Mr","first":"German","last":"Herrero"},"location":{"street":{"number":7198,"name":"Avenida de Andalucía"},"city":"Jerez de la Frontera","state":"Extremadura","country":"Spain","postcode":32291,"coordinates":{"latitude":"-36.5528","longitude":"-60.6152"},"timezone":{"offset":"+11:00","description":"Magadan, Solomon Islands, New Caledonia"}},"email":"german.herrero@example.com","login":{"uuid":"66fb06a3-cd29-4888-81c4-83fa51effb43","username":"silverelephant566","password":"ashton","salt":"UZiKFFIr","md5":"5c53584ff576b3b9838beba954a944c0","sha1":"785f138304b123b166cc5fd8c122a05de358fdb3","sha256":"3937a060bb2d6413b37d9dcf61d9843d290623af5de6464346955990dd7afd98"},"dob":{"date":"1956-02-13T02:25:27.437Z","age":68},"registered":{"date":"2022-04-02T11:26:09.751Z","age":2},"phone":"931-999-732","cell":"607-205-849","id":{"name":"DNI","value":"22535584-J"},"picture":{"large":"https://randomuser.me/api/portraits/men/65.jpg","medium":"https://randomuser.me/api/portraits/med/men/65.jpg","thumbnail":"https://randomuser.me/api/portraits/thumb/men/65.jpg"},"nat":"ES"}],"info":{"seed":"884f0efeb895ee7d","results":1,"page":1,"version":"1.4"}} 
 </msg>
<msg time="2024-06-28T08:18:22.885721" level="INFO">/opt/hostedtoolcache/Python/3.12.4/x64/lib/python3.12/site-packages/urllib3/connectionpool.py:1099: InsecureRequestWarning: Unverified HTTPS request is being made to host 'randomuser.me'. Adding certificate verification is strongly advised. See: https://urllib3.readthedocs.io/en/latest/advanced-usage.html#tls-warnings
  warnings.warn(</msg>
<msg time="2024-06-28T08:18:22.885844" level="INFO">${response} = &lt;Response [200]&gt;</msg>
<var>${response}</var>
<arg>consultarAPI</arg>
<arg>/api</arg>
<doc>Sends a GET request on a previously created HTTP Session.</doc>
<status status="PASS" start="2024-06-28T08:18:22.787591" elapsed="0.098293"/>
</kw>
<kw name="Set Variable" owner="BuiltIn">
<msg time="2024-06-28T08:18:22.886876" level="INFO">${json_data} = {'results': [{'gender': 'male', 'name': {'title': 'Mr', 'first': 'German', 'last': 'Herrero'}, 'location': {'street': {'number': 7198, 'name': 'Avenida de Andalucía'}, 'city': 'Jerez de la Frontera', ...</msg>
<var>${json_data}</var>
<arg>${response.json()}</arg>
<doc>Returns the given values which can then be assigned to a variables.</doc>
<status status="PASS" start="2024-06-28T08:18:22.886366" elapsed="0.000540"/>
</kw>
<kw name="Set Variable" owner="BuiltIn">
<msg time="2024-06-28T08:18:22.887596" level="INFO">${name_title} = Mr</msg>
<var>${name_title}</var>
<arg>${json_data["results"][0]["name"]["title"]}</arg>
<doc>Returns the given values which can then be assigned to a variables.</doc>
<status status="PASS" start="2024-06-28T08:18:22.887210" elapsed="0.000411"/>
</kw>
<kw name="Create List" owner="BuiltIn">
<msg time="2024-06-28T08:18:22.888066" level="INFO">${allowed_titles} = ['Mr', 'Ms', 'Miss', 'Mrs', 'Madame', 'Monsieur']</msg>
<var>${allowed_titles}</var>
<arg>Mr</arg>
<arg>Ms</arg>
<arg>Miss</arg>
<arg>Mrs</arg>
<arg>Madame</arg>
<arg>Monsieur</arg>
<doc>Returns a list containing given items.</doc>
<status status="PASS" start="2024-06-28T08:18:22.887917" elapsed="0.000173"/>
</kw>
<kw name="List Should Contain Value" owner="Collections">
<arg>${allowed_titles}</arg>
<arg>${name_title}</arg>
<doc>Fails if the ``value`` is not found from ``list``.</doc>
<status status="PASS" start="2024-06-28T08:18:22.888398" elapsed="0.000176"/>
</kw>
<kw name="Set Variable" owner="BuiltIn">
<msg time="2024-06-28T08:18:22.889113" level="INFO">${name_country} = ES</msg>
<var>${name_country}</var>
<arg>${json_data["results"][0]["nat"]}</arg>
<doc>Returns the given values which can then be assigned to a variables.</doc>
<status status="PASS" start="2024-06-28T08:18:22.888753" elapsed="0.000384"/>
</kw>
<kw name="Create List" owner="BuiltIn">
<msg time="2024-06-28T08:18:22.890053" level="INFO">${list_country} = ['AD', 'AE', 'AF', 'AG', 'AI', 'AL', 'AM', 'AO', 'AQ', 'AR', 'AS', 'AT', 'AU', 'AW', 'AX', 'AZ', 'BA', 'BB', 'BD', 'BE', 'BF', 'BG', 'BH', 'BI', 'BJ', 'BL', 'BM', 'BN', 'BO', 'BQ', 'BR', 'BS', 'BT', '...</msg>
<var>${list_country}</var>
<arg>AD</arg>
<arg>AE</arg>
<arg>AF</arg>
<arg>AG</arg>
<arg>AI</arg>
<arg>AL</arg>
<arg>AM</arg>
<arg>AO</arg>
<arg>AQ</arg>
<arg>AR</arg>
<arg>AS</arg>
<arg>AT</arg>
<arg>AU</arg>
<arg>AW</arg>
<arg>AX</arg>
<arg>AZ</arg>
<arg>BA</arg>
<arg>BB</arg>
<arg>BD</arg>
<arg>BE</arg>
<arg>BF</arg>
<arg>BG</arg>
<arg>BH</arg>
<arg>BI</arg>
<arg>BJ</arg>
<arg>BL</arg>
<arg>BM</arg>
<arg>BN</arg>
<arg>BO</arg>
<arg>BQ</arg>
<arg>BR</arg>
<arg>BS</arg>
<arg>BT</arg>
<arg>BV</arg>
<arg>BW</arg>
<arg>BY</arg>
<arg>BZ</arg>
<arg>CA</arg>
<arg>CC</arg>
<arg>CD</arg>
<arg>CF</arg>
<arg>CG</arg>
<arg>CH</arg>
<arg>CI</arg>
<arg>CK</arg>
<arg>CL</arg>
<arg>CM</arg>
<arg>CN</arg>
<arg>CO</arg>
<arg>CR</arg>
<arg>CU</arg>
<arg>CV</arg>
<arg>CW</arg>
<arg>CX</arg>
<arg>CY</arg>
<arg>CZ</arg>
<arg>DE</arg>
<arg>DJ</arg>
<arg>DK</arg>
<arg>DM</arg>
<arg>DO</arg>
<arg>DZ</arg>
<arg>EC</arg>
<arg>EE</arg>
<arg>EG</arg>
<arg>EH</arg>
<arg>ER</arg>
<arg>ES</arg>
<arg>ET</arg>
<arg>FI</arg>
<arg>FJ</arg>
<arg>FK</arg>
<arg>FM</arg>
<arg>FO</arg>
<arg>FR</arg>
<arg>GA</arg>
<arg>GB</arg>
<arg>GD</arg>
<arg>GE</arg>
<arg>GF</arg>
<arg>GG</arg>
<arg>GH</arg>
<arg>GI</arg>
<arg>GL</arg>
<arg>GM</arg>
<arg>GN</arg>
<arg>GP</arg>
<arg>GQ</arg>
<arg>GR</arg>
<arg>GS</arg>
<arg>GT</arg>
<arg>GU</arg>
<arg>GW</arg>
<arg>GY</arg>
<arg>HK</arg>
<arg>HM</arg>
<arg>HN</arg>
<arg>HR</arg>
<arg>HT</arg>
<arg>HU</arg>
<arg>ID</arg>
<arg>IE</arg>
<arg>IL</arg>
<arg>IM</arg>
<arg>IN</arg>
<arg>IO</arg>
<arg>IQ</arg>
<arg>IR</arg>
<arg>IS</arg>
<arg>IT</arg>
<arg>JE</arg>
<arg>JM</arg>
<arg>JO</arg>
<arg>JP</arg>
<arg>KE</arg>
<arg>KG</arg>
<arg>KH</arg>
<arg>KI</arg>
<arg>KM</arg>
<arg>KN</arg>
<arg>KP</arg>
<arg>KR</arg>
<arg>KW</arg>
<arg>KY</arg>
<arg>KZ</arg>
<arg>LA</arg>
<arg>LB</arg>
<arg>LC</arg>
<arg>LI</arg>
<arg>LK</arg>
<arg>LR</arg>
<arg>LS</arg>
<arg>LT</arg>
<arg>LU</arg>
<arg>LV</arg>
<arg>LY</arg>
<arg>MA</arg>
<arg>MC</arg>
<arg>MD</arg>
<arg>ME</arg>
<arg>MF</arg>
<arg>MG</arg>
<arg>MH</arg>
<arg>MK</arg>
<arg>ML</arg>
<arg>MM</arg>
<arg>MN</arg>
<arg>MO</arg>
<arg>MP</arg>
<arg>MQ</arg>
<arg>MR</arg>
<arg>MS</arg>
<arg>MT</arg>
<arg>MU</arg>
<arg>MV</arg>
<arg>MW</arg>
<arg>MX</arg>
<arg>MY</arg>
<arg>MZ</arg>
<arg>NA</arg>
<arg>NC</arg>
<arg>NE</arg>
<arg>NF</arg>
<arg>NG</arg>
<arg>NI</arg>
<arg>NL</arg>
<arg>NO</arg>
<arg>NP</arg>
<arg>NR</arg>
<arg>NU</arg>
<arg>NZ</arg>
<arg>OM</arg>
<arg>PA</arg>
<arg>PE</arg>
<arg>PF</arg>
<arg>PG</arg>
<arg>PH</arg>
<arg>PK</arg>
<arg>PL</arg>
<arg>PM</arg>
<arg>PN</arg>
<arg>PR</arg>
<arg>PS</arg>
<arg>PT</arg>
<arg>PW</arg>
<arg>PY</arg>
<arg>QA</arg>
<arg>RE</arg>
<arg>RO</arg>
<arg>RS</arg>
<arg>RU</arg>
<arg>RW</arg>
<arg>SA</arg>
<arg>SB</arg>
<arg>SC</arg>
<arg>SD</arg>
<arg>SE</arg>
<arg>SG</arg>
<arg>SH</arg>
<arg>SI</arg>
<arg>SJ</arg>
<arg>SK</arg>
<arg>SL</arg>
<arg>SM</arg>
<arg>SN</arg>
<arg>SO</arg>
<arg>SR</arg>
<arg>SS</arg>
<arg>ST</arg>
<arg>SV</arg>
<arg>SX</arg>
<arg>SY</arg>
<arg>SZ</arg>
<arg>TC</arg>
<arg>TD</arg>
<arg>TF</arg>
<arg>TG</arg>
<arg>TH</arg>
<arg>TJ</arg>
<arg>TK</arg>
<arg>TL</arg>
<arg>TM</arg>
<arg>TN</arg>
<arg>TO</arg>
<arg>TR</arg>
<arg>TT</arg>
<arg>TV</arg>
<arg>TW</arg>
<arg>TZ</arg>
<arg>UA</arg>
<arg>UG</arg>
<arg>UM</arg>
<arg>US</arg>
<arg>UY</arg>
<arg>UZ</arg>
<arg>VA</arg>
<arg>VC</arg>
<arg>VE</arg>
<arg>VG</arg>
<arg>VI</arg>
<arg>VN</arg>
<arg>VU</arg>
<arg>WF</arg>
<arg>WS</arg>
<arg>XK</arg>
<arg>YE</arg>
<arg>YT</arg>
<arg>ZA</arg>
<arg>ZM</arg>
<arg>ZW</arg>
<doc>Returns a list containing given items.</doc>
<status status="PASS" start="2024-06-28T08:18:22.889423" elapsed="0.000656"/>
</kw>
<kw name="List Should Contain Value" owner="Collections">
<arg>${list_country}</arg>
<arg>${name_country}</arg>
<doc>Fails if the ``value`` is not found from ``list``.</doc>
<status status="PASS" start="2024-06-28T08:18:22.890886" elapsed="0.000200"/>
</kw>
<kw name="Run Keyword If" owner="BuiltIn">
<kw name="Should Be True" owner="BuiltIn">
<arg>${True}</arg>
<doc>Fails if the given condition is not true.</doc>
<status status="PASS" start="2024-06-28T08:18:22.892029" elapsed="0.000143"/>
</kw>
<arg>${json_data["results"][0]["location"]["coordinates"]["latitude"]} &gt;= -90 and ${json_data["results"][0]["location"]["coordinates"]["latitude"]} &lt;= 90</arg>
<arg>Should Be True</arg>
<arg>${True}</arg>
<doc>Runs the given keyword with the given arguments, if ``condition`` is true.</doc>
<status status="PASS" start="2024-06-28T08:18:22.891279" elapsed="0.001019"/>
</kw>
<kw name="Run Keyword If" owner="BuiltIn">
<kw name="Should Be True" owner="BuiltIn">
<arg>${True}</arg>
<doc>Fails if the given condition is not true.</doc>
<status status="PASS" start="2024-06-28T08:18:22.893162" elapsed="0.000137"/>
</kw>
<arg>${json_data["results"][0]["location"]["coordinates"]["longitude"]} &gt;= -180 and ${json_data["results"][0]["location"]["coordinates"]["longitude"]} &lt;= 180</arg>
<arg>Should Be True</arg>
<arg>${True}</arg>
<doc>Runs the given keyword with the given arguments, if ``condition`` is true.</doc>
<status status="PASS" start="2024-06-28T08:18:22.892476" elapsed="0.000945"/>
</kw>
<status status="PASS" start="2024-06-28T08:18:22.786995" elapsed="0.106610"/>
</kw>
<doc>Testa o conteúdo específico dos campos retornados pela API.</doc>
<tag>testeConteudo</tag>
<status status="PASS" start="2024-06-28T08:18:22.786280" elapsed="0.107485"/>
</test>
<status status="PASS" start="2024-06-28T08:18:21.818237" elapsed="1.077439"/>
</suite>
<status status="PASS" start="2024-06-28T08:18:21.803675" elapsed="1.097090"/>
</suite>
<statistics>
<total>
<stat pass="5" fail="0" skip="0">All Tests</stat>
</total>
<tag>
<stat pass="1" fail="0" skip="0">testeConteudo</stat>
<stat pass="1" fail="0" skip="0">testeEstruturaResposta</stat>
<stat pass="1" fail="0" skip="0">testeRequisicaoBasica</stat>
<stat pass="1" fail="0" skip="0">testeTiposDados</stat>
</tag>
<suite>
<stat pass="5" fail="0" skip="0" id="s1" name="Tests">Tests</stat>
<stat pass="5" fail="0" skip="0" id="s1-s1" name="Random-User-Test">Tests.Random-User-Test</stat>
</suite>
</statistics>
<errors>
</errors>
</robot>
