<?xml version="1.0" encoding="UTF-8"?>
<robot generator="Robot 7.0 (Python 3.12.2 on linux)" generated="2024-04-13T09:11:11.770762" rpa="false" schemaversion="5">
<suite id="s1" name="Tests" source="/home/runner/work/DesafioQAItauRogerioJordao/DesafioQAItauRogerioJordao/RamdonUser/tests">
<suite id="s1-s1" name="Random-User-Test" source="/home/runner/work/DesafioQAItauRogerioJordao/DesafioQAItauRogerioJordao/RamdonUser/tests/random-user-test.robot">
<test id="s1-s1-t1" name="Conectar" line="13">
<kw name="Conectar API" owner="random-user-service">
<kw name="Create Session" owner="RequestsLibrary">
<msg time="2024-04-13T09:11:12.127402" level="INFO">Creating Session using : alias=consultarAPI, url=https://randomuser.me/, headers={},                     cookies={}, auth=None, timeout=None, proxies=None, verify=False,                     debug=0 </msg>
<arg>consultarAPI</arg>
<arg>${URL}</arg>
<doc>Create Session: create a HTTP session to a server</doc>
<status status="PASS" start="2024-04-13T09:11:12.127191" elapsed="0.000398"/>
</kw>
<status status="PASS" start="2024-04-13T09:11:12.126183" elapsed="0.001775"/>
</kw>
<status status="PASS" start="2024-04-13T09:11:12.125627" elapsed="0.002537"/>
</test>
<test id="s1-s1-t2" name="Validar retorno 200 e JSON Válido" line="16">
<kw name="Teste de Requisicao Basica" owner="random-user-service">
<kw name="GET On Session" owner="RequestsLibrary">
<msg time="2024-04-13T09:11:12.454465" level="INFO">GET Request : url=https://randomuser.me/api 
 path_url=/api 
 headers={'User-Agent': 'python-requests/2.31.0', 'Accept-Encoding': 'gzip, deflate', 'Accept': '*/*', 'Connection': 'keep-alive'} 
 body=None 
 </msg>
<msg time="2024-04-13T09:11:12.454609" level="INFO">GET Response : url=https://randomuser.me/api 
 status=200, reason=OK 
 headers={'Date': 'Sat, 13 Apr 2024 09:11:12 GMT', 'Content-Type': 'application/json; charset=utf-8', 'Transfer-Encoding': 'chunked', 'Connection': 'keep-alive', 'X-Powered-By': 'Express', 'Access-Control-Allow-Origin': '*', 'Cache-Control': 'no-cache', 'ETag': 'W/"49a-DrJoy1ksppbEIDpC3HA6ezWsulo"', 'Vary': 'Accept-Encoding', 'Content-Encoding': 'gzip', 'CF-Cache-Status': 'DYNAMIC', 'Report-To': '{"endpoints":[{"url":"https:\\/\\/a.nel.cloudflare.com\\/report\\/v4?s=IZ8HrCW63S9uUyC501OTC2RgE9twKNbOOzMhH69woUm5fXeBI50QAp%2Fr92FzQhGlxE9ogA6RGKioHzeOLS9uViQ4zGZKxayOpDK3AJIDf87G0kXS8bjT1v9LRzDvNFW9"}],"group":"cf-nel","max_age":604800}', 'NEL': '{"success_fraction":0,"report_to":"cf-nel","max_age":604800}', 'Server': 'cloudflare', 'CF-RAY': '873a53ce9f923b84-IAD', 'alt-svc': 'h3=":443"; ma=86400'} 
 body={"results":[{"gender":"female","name":{"title":"Madame","first":"Kathrin","last":"Garnier"},"location":{"street":{"number":789,"name":"Rue Denfert-Rochereau"},"city":"Walterswil (Be)","state":"Ticino","country":"Switzerland","postcode":7297,"coordinates":{"latitude":"-58.5825","longitude":"150.2826"},"timezone":{"offset":"-9:00","description":"Alaska"}},"email":"kathrin.garnier@example.com","login":{"uuid":"85f11afc-c2a7-494b-b31c-3c0ffeb3914f","username":"smallelephant827","password":"bbbbbbbb","salt":"lPEMsQ9o","md5":"fe1bf0756e7278e6ff53ea67290098d8","sha1":"1c6151a58c3fc6903af221eab64e26f7c4b57254","sha256":"e4970e6e6a0a743a586dcc05581bd41e76687bc6f374c4c9a4ba3e0e5a9aa754"},"dob":{"date":"1946-06-29T16:21:58.232Z","age":77},"registered":{"date":"2021-07-13T09:10:51.077Z","age":2},"phone":"075 612 96 04","cell":"077 680 42 32","id":{"name":"AVS","value":"756.1364.8952.28"},"picture":{"large":"https://randomuser.me/api/portraits/women/90.jpg","medium":"https://randomuser.me/api/portraits/med/women/90.jpg","thumbnail":"https://randomuser.me/api/portraits/thumb/women/90.jpg"},"nat":"CH"}],"info":{"seed":"9964c0d7a5f2e8a4","results":1,"page":1,"version":"1.4"}} 
 </msg>
<msg time="2024-04-13T09:11:12.454689" level="INFO">/opt/hostedtoolcache/Python/3.12.2/x64/lib/python3.12/site-packages/urllib3/connectionpool.py:1103: InsecureRequestWarning: Unverified HTTPS request is being made to host 'randomuser.me'. Adding certificate verification is strongly advised. See: https://urllib3.readthedocs.io/en/latest/advanced-usage.html#tls-warnings
  warnings.warn(</msg>
<msg time="2024-04-13T09:11:12.454849" level="INFO">${response} = &lt;Response [200]&gt;</msg>
<var>${response}</var>
<arg>consultarAPI</arg>
<arg>/api</arg>
<doc>Sends a GET request on a previously created HTTP Session.</doc>
<status status="PASS" start="2024-04-13T09:11:12.130717" elapsed="0.324175"/>
</kw>
<kw name="Should Be Equal As Numbers" owner="BuiltIn">
<msg time="2024-04-13T09:11:12.455913" level="INFO">Argument types are:
&lt;class 'int'&gt;
&lt;class 'str'&gt;</msg>
<arg>${response.status_code}</arg>
<arg>200</arg>
<doc>Fails if objects are unequal after converting them to real numbers.</doc>
<status status="PASS" start="2024-04-13T09:11:12.455456" elapsed="0.000522"/>
</kw>
<kw name="Log" owner="BuiltIn">
<msg time="2024-04-13T09:11:12.456658" level="INFO">200</msg>
<arg>${response.status_code}</arg>
<doc>Logs the given message with the given level.</doc>
<status status="PASS" start="2024-04-13T09:11:12.456303" elapsed="0.000397"/>
</kw>
<kw name="Set Variable" owner="BuiltIn">
<msg time="2024-04-13T09:11:12.457478" level="INFO">${json_data} = {'results': [{'gender': 'female', 'name': {'title': 'Madame', 'first': 'Kathrin', 'last': 'Garnier'}, 'location': {'street': {'number': 789, 'name': 'Rue Denfert-Rochereau'}, 'city': 'Walterswil (Be)'...</msg>
<var>${json_data}</var>
<arg>${response.json()}</arg>
<doc>Returns the given values which can then be assigned to a variables.</doc>
<status status="PASS" start="2024-04-13T09:11:12.457038" elapsed="0.000468"/>
</kw>
<kw name="Dictionary Should Contain Key" owner="Collections">
<msg time="2024-04-13T09:11:12.457976" level="INFO">False</msg>
<arg>${json_data}</arg>
<arg>results</arg>
<doc>Fails if ``key`` is not found from ``dictionary``.</doc>
<status status="PASS" start="2024-04-13T09:11:12.457808" elapsed="0.000207"/>
</kw>
<status status="PASS" start="2024-04-13T09:11:12.130472" elapsed="0.327800"/>
</kw>
<doc>Testa se a API responde corretamente e retorna um objeto JSON válido.</doc>
<tag>testeRequisicaoBasica</tag>
<status status="PASS" start="2024-04-13T09:11:12.130005" elapsed="0.328456"/>
</test>
<test id="s1-s1-t3" name="Validar estrutura de resposta" line="22">
<kw name="Teste de Estrutura de Resposta" owner="random-user-service">
<kw name="GET On Session" owner="RequestsLibrary">
<msg time="2024-04-13T09:11:12.550788" level="INFO">GET Request : url=https://randomuser.me/api 
 path_url=/api 
 headers={'User-Agent': 'python-requests/2.31.0', 'Accept-Encoding': 'gzip, deflate', 'Accept': '*/*', 'Connection': 'keep-alive'} 
 body=None 
 </msg>
<msg time="2024-04-13T09:11:12.550874" level="INFO">GET Response : url=https://randomuser.me/api 
 status=200, reason=OK 
 headers={'Date': 'Sat, 13 Apr 2024 09:11:12 GMT', 'Content-Type': 'application/json; charset=utf-8', 'Transfer-Encoding': 'chunked', 'Connection': 'keep-alive', 'X-Powered-By': 'Express', 'Access-Control-Allow-Origin': '*', 'Cache-Control': 'no-cache', 'ETag': 'W/"491-pxR6eViuxt7tmZxNLmsjRF9kXPs"', 'Vary': 'Accept-Encoding', 'Content-Encoding': 'gzip', 'CF-Cache-Status': 'DYNAMIC', 'Report-To': '{"endpoints":[{"url":"https:\\/\\/a.nel.cloudflare.com\\/report\\/v4?s=9es677O3s%2BgOPMTFOXHfW9DMWQ7uze2TEqm%2FLUoHnU86EOWtKPswWagHX7QKhwX78uv91wm%2FfEq%2FMxu89oUYzzh5jfddOqY%2ByFr293yvgzg584T18gACgdLxXmOHx4Hq"}],"group":"cf-nel","max_age":604800}', 'NEL': '{"success_fraction":0,"report_to":"cf-nel","max_age":604800}', 'Server': 'cloudflare', 'CF-RAY': '873a53cee8063b84-IAD', 'alt-svc': 'h3=":443"; ma=86400'} 
 body={"results":[{"gender":"male","name":{"title":"Monsieur","first":"Naser","last":"Clement"},"location":{"street":{"number":2086,"name":"Avenue Debourg"},"city":"Schmerikon","state":"Zug","country":"Switzerland","postcode":8869,"coordinates":{"latitude":"-57.2422","longitude":"-131.8282"},"timezone":{"offset":"-7:00","description":"Mountain Time (US &amp; Canada)"}},"email":"naser.clement@example.com","login":{"uuid":"b2230cf5-ccdc-4c29-a74d-d0fedb1dc5f7","username":"crazysnake884","password":"june","salt":"WV2UVlL3","md5":"da919ed6262ca70508ab6f44813eca8f","sha1":"4e515eb957eeae27bbcc6450cef26c28dd2090c9","sha256":"42e8e26d151b17e7475e42b075d097e109fb6d6fa1d6fdf08370f0624943fb1b"},"dob":{"date":"1947-10-21T14:57:32.263Z","age":76},"registered":{"date":"2021-06-01T16:54:08.313Z","age":2},"phone":"078 087 39 45","cell":"075 148 42 04","id":{"name":"AVS","value":"756.9220.4032.10"},"picture":{"large":"https://randomuser.me/api/portraits/men/89.jpg","medium":"https://randomuser.me/api/portraits/med/men/89.jpg","thumbnail":"https://randomuser.me/api/portraits/thumb/men/89.jpg"},"nat":"CH"}],"info":{"seed":"4a3b99fa3f32571f","results":1,"page":1,"version":"1.4"}} 
 </msg>
<msg time="2024-04-13T09:11:12.550994" level="INFO">/opt/hostedtoolcache/Python/3.12.2/x64/lib/python3.12/site-packages/urllib3/connectionpool.py:1103: InsecureRequestWarning: Unverified HTTPS request is being made to host 'randomuser.me'. Adding certificate verification is strongly advised. See: https://urllib3.readthedocs.io/en/latest/advanced-usage.html#tls-warnings
  warnings.warn(</msg>
<msg time="2024-04-13T09:11:12.551154" level="INFO">${response} = &lt;Response [200]&gt;</msg>
<var>${response}</var>
<arg>consultarAPI</arg>
<arg>/api</arg>
<doc>Sends a GET request on a previously created HTTP Session.</doc>
<status status="PASS" start="2024-04-13T09:11:12.461092" elapsed="0.090114"/>
</kw>
<kw name="Set Variable" owner="BuiltIn">
<msg time="2024-04-13T09:11:12.552215" level="INFO">${json_data} = {'results': [{'gender': 'male', 'name': {'title': 'Monsieur', 'first': 'Naser', 'last': 'Clement'}, 'location': {'street': {'number': 2086, 'name': 'Avenue Debourg'}, 'city': 'Schmerikon', 'state': 'Z...</msg>
<var>${json_data}</var>
<arg>${response.json()}</arg>
<doc>Returns the given values which can then be assigned to a variables.</doc>
<status status="PASS" start="2024-04-13T09:11:12.551679" elapsed="0.000565"/>
</kw>
<kw name="Log" owner="BuiltIn">
<msg time="2024-04-13T09:11:12.552721" level="INFO">{'results': [{'gender': 'male', 'name': {'title': 'Monsieur', 'first': 'Naser', 'last': 'Clement'}, 'location': {'street': {'number': 2086, 'name': 'Avenue Debourg'}, 'city': 'Schmerikon', 'state': 'Zug', 'country': 'Switzerland', 'postcode': 8869, 'coordinates': {'latitude': '-57.2422', 'longitude': '-131.8282'}, 'timezone': {'offset': '-7:00', 'description': 'Mountain Time (US &amp; Canada)'}}, 'email': 'naser.clement@example.com', 'login': {'uuid': 'b2230cf5-ccdc-4c29-a74d-d0fedb1dc5f7', 'username': 'crazysnake884', 'password': 'june', 'salt': 'WV2UVlL3', 'md5': 'da919ed6262ca70508ab6f44813eca8f', 'sha1': '4e515eb957eeae27bbcc6450cef26c28dd2090c9', 'sha256': '42e8e26d151b17e7475e42b075d097e109fb6d6fa1d6fdf08370f0624943fb1b'}, 'dob': {'date': '1947-10-21T14:57:32.263Z', 'age': 76}, 'registered': {'date': '2021-06-01T16:54:08.313Z', 'age': 2}, 'phone': '078 087 39 45', 'cell': '075 148 42 04', 'id': {'name': 'AVS', 'value': '756.9220.4032.10'}, 'picture': {'large': 'https://randomuser.me/api/portraits/men/89.jpg', 'medium': 'https://randomuser.me/api/portraits/med/men/89.jpg', 'thumbnail': 'https://randomuser.me/api/portraits/thumb/men/89.jpg'}, 'nat': 'CH'}], 'info': {'seed': '4a3b99fa3f32571f', 'results': 1, 'page': 1, 'version': '1.4'}}</msg>
<arg>${json_data}</arg>
<doc>Logs the given message with the given level.</doc>
<status status="PASS" start="2024-04-13T09:11:12.552555" elapsed="0.000219"/>
</kw>
<kw name="Dictionary Should Contain Key" owner="Collections">
<msg time="2024-04-13T09:11:12.553227" level="INFO">False</msg>
<arg>${json_data}</arg>
<arg>results</arg>
<doc>Fails if ``key`` is not found from ``dictionary``.</doc>
<status status="PASS" start="2024-04-13T09:11:12.553073" elapsed="0.000191"/>
</kw>
<kw name="Should Not Be Empty" owner="BuiltIn">
<msg time="2024-04-13T09:11:12.553694" level="INFO">Length is 2.</msg>
<arg>${json_data}</arg>
<doc>Verifies that the given item is not empty.</doc>
<status status="PASS" start="2024-04-13T09:11:12.553562" elapsed="0.000169"/>
</kw>
<kw name="Create List" owner="BuiltIn">
<msg time="2024-04-13T09:11:12.554168" level="INFO">${expected_keys} = ['gender', 'name', 'location', 'email', 'login']</msg>
<var>${expected_keys}</var>
<arg>gender</arg>
<arg>name</arg>
<arg>location</arg>
<arg>email</arg>
<arg>login</arg>
<doc>Returns a list containing given items.</doc>
<status status="PASS" start="2024-04-13T09:11:12.554021" elapsed="0.000170"/>
</kw>
<for flavor="IN">
<iter>
<kw name="Dictionary Should Contain Key" owner="Collections">
<msg time="2024-04-13T09:11:12.555371" level="INFO">False</msg>
<arg>${json_data['results'][0]}</arg>
<arg>${key}</arg>
<doc>Fails if ``key`` is not found from ``dictionary``.</doc>
<status status="PASS" start="2024-04-13T09:11:12.554918" elapsed="0.000491"/>
</kw>
<kw name="Log" owner="BuiltIn">
<msg time="2024-04-13T09:11:12.556086" level="INFO">{'gender': 'male', 'name': {'title': 'Monsieur', 'first': 'Naser', 'last': 'Clement'}, 'location': {'street': {'number': 2086, 'name': 'Avenue Debourg'}, 'city': 'Schmerikon', 'state': 'Zug', 'country': 'Switzerland', 'postcode': 8869, 'coordinates': {'latitude': '-57.2422', 'longitude': '-131.8282'}, 'timezone': {'offset': '-7:00', 'description': 'Mountain Time (US &amp; Canada)'}}, 'email': 'naser.clement@example.com', 'login': {'uuid': 'b2230cf5-ccdc-4c29-a74d-d0fedb1dc5f7', 'username': 'crazysnake884', 'password': 'june', 'salt': 'WV2UVlL3', 'md5': 'da919ed6262ca70508ab6f44813eca8f', 'sha1': '4e515eb957eeae27bbcc6450cef26c28dd2090c9', 'sha256': '42e8e26d151b17e7475e42b075d097e109fb6d6fa1d6fdf08370f0624943fb1b'}, 'dob': {'date': '1947-10-21T14:57:32.263Z', 'age': 76}, 'registered': {'date': '2021-06-01T16:54:08.313Z', 'age': 2}, 'phone': '078 087 39 45', 'cell': '075 148 42 04', 'id': {'name': 'AVS', 'value': '756.9220.4032.10'}, 'picture': {'large': 'https://randomuser.me/api/portraits/men/89.jpg', 'medium': 'https://randomuser.me/api/portraits/med/men/89.jpg', 'thumbnail': 'https://randomuser.me/api/portraits/thumb/men/89.jpg'}, 'nat': 'CH'}</msg>
<arg>${json_data['results'][0]}</arg>
<doc>Logs the given message with the given level.</doc>
<status status="PASS" start="2024-04-13T09:11:12.555722" elapsed="0.000413"/>
</kw>
<kw name="Log" owner="BuiltIn">
<msg time="2024-04-13T09:11:12.556559" level="INFO">gender</msg>
<arg>${key}</arg>
<doc>Logs the given message with the given level.</doc>
<status status="PASS" start="2024-04-13T09:11:12.556431" elapsed="0.000165"/>
</kw>
<var name="${key}">gender</var>
<status status="PASS" start="2024-04-13T09:11:12.554791" elapsed="0.002020"/>
</iter>
<iter>
<kw name="Dictionary Should Contain Key" owner="Collections">
<msg time="2024-04-13T09:11:12.557500" level="INFO">False</msg>
<arg>${json_data['results'][0]}</arg>
<arg>${key}</arg>
<doc>Fails if ``key`` is not found from ``dictionary``.</doc>
<status status="PASS" start="2024-04-13T09:11:12.557111" elapsed="0.000426"/>
</kw>
<kw name="Log" owner="BuiltIn">
<msg time="2024-04-13T09:11:12.558233" level="INFO">{'gender': 'male', 'name': {'title': 'Monsieur', 'first': 'Naser', 'last': 'Clement'}, 'location': {'street': {'number': 2086, 'name': 'Avenue Debourg'}, 'city': 'Schmerikon', 'state': 'Zug', 'country': 'Switzerland', 'postcode': 8869, 'coordinates': {'latitude': '-57.2422', 'longitude': '-131.8282'}, 'timezone': {'offset': '-7:00', 'description': 'Mountain Time (US &amp; Canada)'}}, 'email': 'naser.clement@example.com', 'login': {'uuid': 'b2230cf5-ccdc-4c29-a74d-d0fedb1dc5f7', 'username': 'crazysnake884', 'password': 'june', 'salt': 'WV2UVlL3', 'md5': 'da919ed6262ca70508ab6f44813eca8f', 'sha1': '4e515eb957eeae27bbcc6450cef26c28dd2090c9', 'sha256': '42e8e26d151b17e7475e42b075d097e109fb6d6fa1d6fdf08370f0624943fb1b'}, 'dob': {'date': '1947-10-21T14:57:32.263Z', 'age': 76}, 'registered': {'date': '2021-06-01T16:54:08.313Z', 'age': 2}, 'phone': '078 087 39 45', 'cell': '075 148 42 04', 'id': {'name': 'AVS', 'value': '756.9220.4032.10'}, 'picture': {'large': 'https://randomuser.me/api/portraits/men/89.jpg', 'medium': 'https://randomuser.me/api/portraits/med/men/89.jpg', 'thumbnail': 'https://randomuser.me/api/portraits/thumb/men/89.jpg'}, 'nat': 'CH'}</msg>
<arg>${json_data['results'][0]}</arg>
<doc>Logs the given message with the given level.</doc>
<status status="PASS" start="2024-04-13T09:11:12.557870" elapsed="0.000411"/>
</kw>
<kw name="Log" owner="BuiltIn">
<msg time="2024-04-13T09:11:12.558707" level="INFO">name</msg>
<arg>${key}</arg>
<doc>Logs the given message with the given level.</doc>
<status status="PASS" start="2024-04-13T09:11:12.558577" elapsed="0.000168"/>
</kw>
<var name="${key}">name</var>
<status status="PASS" start="2024-04-13T09:11:12.556995" elapsed="0.001966"/>
</iter>
<iter>
<kw name="Dictionary Should Contain Key" owner="Collections">
<msg time="2024-04-13T09:11:12.559681" level="INFO">False</msg>
<arg>${json_data['results'][0]}</arg>
<arg>${key}</arg>
<doc>Fails if ``key`` is not found from ``dictionary``.</doc>
<status status="PASS" start="2024-04-13T09:11:12.559303" elapsed="0.000415"/>
</kw>
<kw name="Log" owner="BuiltIn">
<msg time="2024-04-13T09:11:12.560371" level="INFO">{'gender': 'male', 'name': {'title': 'Monsieur', 'first': 'Naser', 'last': 'Clement'}, 'location': {'street': {'number': 2086, 'name': 'Avenue Debourg'}, 'city': 'Schmerikon', 'state': 'Zug', 'country': 'Switzerland', 'postcode': 8869, 'coordinates': {'latitude': '-57.2422', 'longitude': '-131.8282'}, 'timezone': {'offset': '-7:00', 'description': 'Mountain Time (US &amp; Canada)'}}, 'email': 'naser.clement@example.com', 'login': {'uuid': 'b2230cf5-ccdc-4c29-a74d-d0fedb1dc5f7', 'username': 'crazysnake884', 'password': 'june', 'salt': 'WV2UVlL3', 'md5': 'da919ed6262ca70508ab6f44813eca8f', 'sha1': '4e515eb957eeae27bbcc6450cef26c28dd2090c9', 'sha256': '42e8e26d151b17e7475e42b075d097e109fb6d6fa1d6fdf08370f0624943fb1b'}, 'dob': {'date': '1947-10-21T14:57:32.263Z', 'age': 76}, 'registered': {'date': '2021-06-01T16:54:08.313Z', 'age': 2}, 'phone': '078 087 39 45', 'cell': '075 148 42 04', 'id': {'name': 'AVS', 'value': '756.9220.4032.10'}, 'picture': {'large': 'https://randomuser.me/api/portraits/men/89.jpg', 'medium': 'https://randomuser.me/api/portraits/med/men/89.jpg', 'thumbnail': 'https://randomuser.me/api/portraits/thumb/men/89.jpg'}, 'nat': 'CH'}</msg>
<arg>${json_data['results'][0]}</arg>
<doc>Logs the given message with the given level.</doc>
<status status="PASS" start="2024-04-13T09:11:12.560013" elapsed="0.000416"/>
</kw>
<kw name="Log" owner="BuiltIn">
<msg time="2024-04-13T09:11:12.560844" level="INFO">location</msg>
<arg>${key}</arg>
<doc>Logs the given message with the given level.</doc>
<status status="PASS" start="2024-04-13T09:11:12.560719" elapsed="0.000162"/>
</kw>
<var name="${key}">location</var>
<status status="PASS" start="2024-04-13T09:11:12.559175" elapsed="0.001921"/>
</iter>
<iter>
<kw name="Dictionary Should Contain Key" owner="Collections">
<msg time="2024-04-13T09:11:12.561759" level="INFO">False</msg>
<arg>${json_data['results'][0]}</arg>
<arg>${key}</arg>
<doc>Fails if ``key`` is not found from ``dictionary``.</doc>
<status status="PASS" start="2024-04-13T09:11:12.561380" elapsed="0.000416"/>
</kw>
<kw name="Log" owner="BuiltIn">
<msg time="2024-04-13T09:11:12.562455" level="INFO">{'gender': 'male', 'name': {'title': 'Monsieur', 'first': 'Naser', 'last': 'Clement'}, 'location': {'street': {'number': 2086, 'name': 'Avenue Debourg'}, 'city': 'Schmerikon', 'state': 'Zug', 'country': 'Switzerland', 'postcode': 8869, 'coordinates': {'latitude': '-57.2422', 'longitude': '-131.8282'}, 'timezone': {'offset': '-7:00', 'description': 'Mountain Time (US &amp; Canada)'}}, 'email': 'naser.clement@example.com', 'login': {'uuid': 'b2230cf5-ccdc-4c29-a74d-d0fedb1dc5f7', 'username': 'crazysnake884', 'password': 'june', 'salt': 'WV2UVlL3', 'md5': 'da919ed6262ca70508ab6f44813eca8f', 'sha1': '4e515eb957eeae27bbcc6450cef26c28dd2090c9', 'sha256': '42e8e26d151b17e7475e42b075d097e109fb6d6fa1d6fdf08370f0624943fb1b'}, 'dob': {'date': '1947-10-21T14:57:32.263Z', 'age': 76}, 'registered': {'date': '2021-06-01T16:54:08.313Z', 'age': 2}, 'phone': '078 087 39 45', 'cell': '075 148 42 04', 'id': {'name': 'AVS', 'value': '756.9220.4032.10'}, 'picture': {'large': 'https://randomuser.me/api/portraits/men/89.jpg', 'medium': 'https://randomuser.me/api/portraits/med/men/89.jpg', 'thumbnail': 'https://randomuser.me/api/portraits/thumb/men/89.jpg'}, 'nat': 'CH'}</msg>
<arg>${json_data['results'][0]}</arg>
<doc>Logs the given message with the given level.</doc>
<status status="PASS" start="2024-04-13T09:11:12.562093" elapsed="0.000411"/>
</kw>
<kw name="Log" owner="BuiltIn">
<msg time="2024-04-13T09:11:12.562923" level="INFO">email</msg>
<arg>${key}</arg>
<doc>Logs the given message with the given level.</doc>
<status status="PASS" start="2024-04-13T09:11:12.562796" elapsed="0.000169"/>
</kw>
<var name="${key}">email</var>
<status status="PASS" start="2024-04-13T09:11:12.561270" elapsed="0.001969"/>
</iter>
<iter>
<kw name="Dictionary Should Contain Key" owner="Collections">
<msg time="2024-04-13T09:11:12.563939" level="INFO">False</msg>
<arg>${json_data['results'][0]}</arg>
<arg>${key}</arg>
<doc>Fails if ``key`` is not found from ``dictionary``.</doc>
<status status="PASS" start="2024-04-13T09:11:12.563536" elapsed="0.000441"/>
</kw>
<kw name="Log" owner="BuiltIn">
<msg time="2024-04-13T09:11:12.564636" level="INFO">{'gender': 'male', 'name': {'title': 'Monsieur', 'first': 'Naser', 'last': 'Clement'}, 'location': {'street': {'number': 2086, 'name': 'Avenue Debourg'}, 'city': 'Schmerikon', 'state': 'Zug', 'country': 'Switzerland', 'postcode': 8869, 'coordinates': {'latitude': '-57.2422', 'longitude': '-131.8282'}, 'timezone': {'offset': '-7:00', 'description': 'Mountain Time (US &amp; Canada)'}}, 'email': 'naser.clement@example.com', 'login': {'uuid': 'b2230cf5-ccdc-4c29-a74d-d0fedb1dc5f7', 'username': 'crazysnake884', 'password': 'june', 'salt': 'WV2UVlL3', 'md5': 'da919ed6262ca70508ab6f44813eca8f', 'sha1': '4e515eb957eeae27bbcc6450cef26c28dd2090c9', 'sha256': '42e8e26d151b17e7475e42b075d097e109fb6d6fa1d6fdf08370f0624943fb1b'}, 'dob': {'date': '1947-10-21T14:57:32.263Z', 'age': 76}, 'registered': {'date': '2021-06-01T16:54:08.313Z', 'age': 2}, 'phone': '078 087 39 45', 'cell': '075 148 42 04', 'id': {'name': 'AVS', 'value': '756.9220.4032.10'}, 'picture': {'large': 'https://randomuser.me/api/portraits/men/89.jpg', 'medium': 'https://randomuser.me/api/portraits/med/men/89.jpg', 'thumbnail': 'https://randomuser.me/api/portraits/thumb/men/89.jpg'}, 'nat': 'CH'}</msg>
<arg>${json_data['results'][0]}</arg>
<doc>Logs the given message with the given level.</doc>
<status status="PASS" start="2024-04-13T09:11:12.564281" elapsed="0.000403"/>
</kw>
<kw name="Log" owner="BuiltIn">
<msg time="2024-04-13T09:11:12.565107" level="INFO">login</msg>
<arg>${key}</arg>
<doc>Logs the given message with the given level.</doc>
<status status="PASS" start="2024-04-13T09:11:12.564979" elapsed="0.000165"/>
</kw>
<var name="${key}">login</var>
<status status="PASS" start="2024-04-13T09:11:12.563421" elapsed="0.001964"/>
</iter>
<var>${key}</var>
<value>@{expected_keys}</value>
<status status="PASS" start="2024-04-13T09:11:12.554601" elapsed="0.010910"/>
</for>
<kw name="Create List" owner="BuiltIn">
<msg time="2024-04-13T09:11:12.565855" level="INFO">${expected_keysTwo} = ['username', 'password']</msg>
<var>${expected_keysTwo}</var>
<arg>username</arg>
<arg>password</arg>
<doc>Returns a list containing given items.</doc>
<status status="PASS" start="2024-04-13T09:11:12.565706" elapsed="0.000172"/>
</kw>
<for flavor="IN">
<iter>
<kw name="Dictionary Should Contain Key" owner="Collections">
<msg time="2024-04-13T09:11:12.566777" level="INFO">False</msg>
<arg>${json_data['results'][0]['login']}</arg>
<arg>${keyTwo}</arg>
<doc>Fails if ``key`` is not found from ``dictionary``.</doc>
<status status="PASS" start="2024-04-13T09:11:12.566388" elapsed="0.000426"/>
</kw>
<kw name="Dictionary Should Contain Key" owner="Collections">
<msg time="2024-04-13T09:11:12.567540" level="INFO">False</msg>
<arg>${json_data['results'][0]['login']}</arg>
<arg>${keyTwo}</arg>
<doc>Fails if ``key`` is not found from ``dictionary``.</doc>
<status status="PASS" start="2024-04-13T09:11:12.567108" elapsed="0.000474"/>
</kw>
<kw name="Log" owner="BuiltIn">
<msg time="2024-04-13T09:11:12.568023" level="INFO">username</msg>
<arg>${keyTwo}</arg>
<doc>Logs the given message with the given level.</doc>
<status status="PASS" start="2024-04-13T09:11:12.567894" elapsed="0.000166"/>
</kw>
<var name="${keyTwo}">username</var>
<status status="PASS" start="2024-04-13T09:11:12.566278" elapsed="0.002001"/>
</iter>
<iter>
<kw name="Dictionary Should Contain Key" owner="Collections">
<msg time="2024-04-13T09:11:12.568945" level="INFO">False</msg>
<arg>${json_data['results'][0]['login']}</arg>
<arg>${keyTwo}</arg>
<doc>Fails if ``key`` is not found from ``dictionary``.</doc>
<status status="PASS" start="2024-04-13T09:11:12.568562" elapsed="0.000420"/>
</kw>
<kw name="Dictionary Should Contain Key" owner="Collections">
<msg time="2024-04-13T09:11:12.569653" level="INFO">False</msg>
<arg>${json_data['results'][0]['login']}</arg>
<arg>${keyTwo}</arg>
<doc>Fails if ``key`` is not found from ``dictionary``.</doc>
<status status="PASS" start="2024-04-13T09:11:12.569273" elapsed="0.000501"/>
</kw>
<kw name="Log" owner="BuiltIn">
<msg time="2024-04-13T09:11:12.570204" level="INFO">password</msg>
<arg>${keyTwo}</arg>
<doc>Logs the given message with the given level.</doc>
<status status="PASS" start="2024-04-13T09:11:12.570072" elapsed="0.000170"/>
</kw>
<var name="${keyTwo}">password</var>
<status status="PASS" start="2024-04-13T09:11:12.568451" elapsed="0.002013"/>
</iter>
<var>${keyTwo}</var>
<value>@{expected_keysTwo}</value>
<status status="PASS" start="2024-04-13T09:11:12.566127" elapsed="0.004459"/>
</for>
<status status="PASS" start="2024-04-13T09:11:12.460848" elapsed="0.109879"/>
</kw>
<doc>Testa a estrutura da resposta da API.</doc>
<tag>testeEstruturaResposta</tag>
<status status="PASS" start="2024-04-13T09:11:12.460338" elapsed="0.110544"/>
</test>
<test id="s1-s1-t4" name="Validar tipos de dados" line="28">
<kw name="Teste de Tipos de Dados" owner="random-user-service">
<kw name="GET On Session" owner="RequestsLibrary">
<msg time="2024-04-13T09:11:12.648613" level="INFO">GET Request : url=https://randomuser.me/api 
 path_url=/api 
 headers={'User-Agent': 'python-requests/2.31.0', 'Accept-Encoding': 'gzip, deflate', 'Accept': '*/*', 'Connection': 'keep-alive'} 
 body=None 
 </msg>
<msg time="2024-04-13T09:11:12.648699" level="INFO">GET Response : url=https://randomuser.me/api 
 status=200, reason=OK 
 headers={'Date': 'Sat, 13 Apr 2024 09:11:12 GMT', 'Content-Type': 'application/json; charset=utf-8', 'Transfer-Encoding': 'chunked', 'Connection': 'keep-alive', 'X-Powered-By': 'Express', 'Access-Control-Allow-Origin': '*', 'Cache-Control': 'no-cache', 'ETag': 'W/"48f-vdzqwbWROL5CfIicfl8TGZ9UdK4"', 'Vary': 'Accept-Encoding', 'Content-Encoding': 'gzip', 'CF-Cache-Status': 'DYNAMIC', 'Report-To': '{"endpoints":[{"url":"https:\\/\\/a.nel.cloudflare.com\\/report\\/v4?s=UwKB8%2B%2F6UGM%2FOHsayDnco7wszooJ4i5w82k8i50fwYUDQK934U%2FqfF5JEGara%2BsBKljzeWD2Y2cE62LHg9PI9FYHKG2CvPdlEXatUuTmeQZqXiUBi4lUirU1uaKo5ORf"}],"group":"cf-nel","max_age":604800}', 'NEL': '{"success_fraction":0,"report_to":"cf-nel","max_age":604800}', 'Server': 'cloudflare', 'CF-RAY': '873a53cf98823b84-IAD', 'alt-svc': 'h3=":443"; ma=86400'} 
 body={"results":[{"gender":"female","name":{"title":"Ms","first":"Judith","last":"Villanueva"},"location":{"street":{"number":7731,"name":"Ampliación Hidalgo"},"city":"Cotija de la Paz","state":"Jalisco","country":"Mexico","postcode":35124,"coordinates":{"latitude":"25.6980","longitude":"104.7353"},"timezone":{"offset":"+4:30","description":"Kabul"}},"email":"judith.villanueva@example.com","login":{"uuid":"8fbac037-497d-4313-a468-5b9d4fa7fc4e","username":"orangefrog739","password":"hawk","salt":"MD2mgmQq","md5":"2f27cfec918fe82d934627c9d12762f3","sha1":"7729bbf58b7fc7f7a8950a742496d5f0fe50ec17","sha256":"3051491e20fc77e41f7b6344c123d6f71689b97dc819f76dfa8b8d0c6233b1dd"},"dob":{"date":"1977-09-05T00:06:31.808Z","age":46},"registered":{"date":"2019-10-21T07:55:27.907Z","age":4},"phone":"(696) 498 2902","cell":"(621) 207 3277","id":{"name":"NSS","value":"63 16 94 1760 7"},"picture":{"large":"https://randomuser.me/api/portraits/women/26.jpg","medium":"https://randomuser.me/api/portraits/med/women/26.jpg","thumbnail":"https://randomuser.me/api/portraits/thumb/women/26.jpg"},"nat":"MX"}],"info":{"seed":"e756410afdaad5ad","results":1,"page":1,"version":"1.4"}} 
 </msg>
<msg time="2024-04-13T09:11:12.648772" level="INFO">/opt/hostedtoolcache/Python/3.12.2/x64/lib/python3.12/site-packages/urllib3/connectionpool.py:1103: InsecureRequestWarning: Unverified HTTPS request is being made to host 'randomuser.me'. Adding certificate verification is strongly advised. See: https://urllib3.readthedocs.io/en/latest/advanced-usage.html#tls-warnings
  warnings.warn(</msg>
<msg time="2024-04-13T09:11:12.648884" level="INFO">${response} = &lt;Response [200]&gt;</msg>
<var>${response}</var>
<arg>consultarAPI</arg>
<arg>/api</arg>
<doc>Sends a GET request on a previously created HTTP Session.</doc>
<status status="PASS" start="2024-04-13T09:11:12.573349" elapsed="0.075579"/>
</kw>
<kw name="Set Variable" owner="BuiltIn">
<msg time="2024-04-13T09:11:12.649863" level="INFO">${json_data} = {'results': [{'gender': 'female', 'name': {'title': 'Ms', 'first': 'Judith', 'last': 'Villanueva'}, 'location': {'street': {'number': 7731, 'name': 'Ampliación Hidalgo'}, 'city': 'Cotija de la Paz', '...</msg>
<var>${json_data}</var>
<arg>${response.json()}</arg>
<doc>Returns the given values which can then be assigned to a variables.</doc>
<status status="PASS" start="2024-04-13T09:11:12.649401" elapsed="0.000491"/>
</kw>
<kw name="Log" owner="BuiltIn">
<msg time="2024-04-13T09:11:12.650360" level="INFO">{'results': [{'gender': 'female', 'name': {'title': 'Ms', 'first': 'Judith', 'last': 'Villanueva'}, 'location': {'street': {'number': 7731, 'name': 'Ampliación Hidalgo'}, 'city': 'Cotija de la Paz', 'state': 'Jalisco', 'country': 'Mexico', 'postcode': 35124, 'coordinates': {'latitude': '25.6980', 'longitude': '104.7353'}, 'timezone': {'offset': '+4:30', 'description': 'Kabul'}}, 'email': 'judith.villanueva@example.com', 'login': {'uuid': '8fbac037-497d-4313-a468-5b9d4fa7fc4e', 'username': 'orangefrog739', 'password': 'hawk', 'salt': 'MD2mgmQq', 'md5': '2f27cfec918fe82d934627c9d12762f3', 'sha1': '7729bbf58b7fc7f7a8950a742496d5f0fe50ec17', 'sha256': '3051491e20fc77e41f7b6344c123d6f71689b97dc819f76dfa8b8d0c6233b1dd'}, 'dob': {'date': '1977-09-05T00:06:31.808Z', 'age': 46}, 'registered': {'date': '2019-10-21T07:55:27.907Z', 'age': 4}, 'phone': '(696) 498 2902', 'cell': '(621) 207 3277', 'id': {'name': 'NSS', 'value': '63 16 94 1760 7'}, 'picture': {'large': 'https://randomuser.me/api/portraits/women/26.jpg', 'medium': 'https://randomuser.me/api/portraits/med/women/26.jpg', 'thumbnail': 'https://randomuser.me/api/portraits/thumb/women/26.jpg'}, 'nat': 'MX'}], 'info': {'seed': 'e756410afdaad5ad', 'results': 1, 'page': 1, 'version': '1.4'}}</msg>
<arg>${json_data}</arg>
<doc>Logs the given message with the given level.</doc>
<status status="PASS" start="2024-04-13T09:11:12.650197" elapsed="0.000247"/>
</kw>
<kw name="Should Be String" owner="String">
<arg>${json_data['results'][0]['gender']}</arg>
<doc>Fails if the given ``item`` is not a string.</doc>
<status status="PASS" start="2024-04-13T09:11:12.650743" elapsed="0.000359"/>
</kw>
<kw name="Should Match Regexp" owner="BuiltIn">
<arg>${json_data['results'][0]['email']}</arg>
<arg>^[a-zA-Z0-9._%+-]+@[a-zA-Z0-9.-]+\.[a-zA-Z]{2,}$</arg>
<doc>Fails if ``string`` does not match ``pattern`` as a regular expression.</doc>
<status status="PASS" start="2024-04-13T09:11:12.651342" elapsed="0.000536"/>
</kw>
<kw name="Should Match Regexp" owner="BuiltIn">
<arg>${json_data['results'][0]['dob']['date']}</arg>
<arg>\\d{4}-\\d{2}-\\d{2}T\\d{2}:\\d{2}:\\d{2}\\.\\d{3}Z</arg>
<doc>Fails if ``string`` does not match ``pattern`` as a regular expression.</doc>
<status status="PASS" start="2024-04-13T09:11:12.652078" elapsed="0.000476"/>
</kw>
<kw name="Should Match Regexp" owner="BuiltIn">
<arg>${json_data['results'][0]['registered']['date']}</arg>
<arg>\\d{4}-\\d{2}-\\d{2}T\\d{2}:\\d{2}:\\d{2}\\.\\d{3}Z</arg>
<doc>Fails if ``string`` does not match ``pattern`` as a regular expression.</doc>
<status status="PASS" start="2024-04-13T09:11:12.652745" elapsed="0.000362"/>
</kw>
<kw name="Should Match Regexp" owner="BuiltIn">
<arg>${json_data['results'][0]['picture']['large']}</arg>
<arg>^https?://.*\.(?:png|jpe?g|gif|bmp)$</arg>
<doc>Fails if ``string`` does not match ``pattern`` as a regular expression.</doc>
<status status="PASS" start="2024-04-13T09:11:12.653294" elapsed="0.000457"/>
</kw>
<kw name="Should Match Regexp" owner="BuiltIn">
<arg>${json_data['results'][0]['picture']['medium']}</arg>
<arg>^https?://.*\.(?:png|jpe?g|gif|bmp)$</arg>
<doc>Fails if ``string`` does not match ``pattern`` as a regular expression.</doc>
<status status="PASS" start="2024-04-13T09:11:12.653940" elapsed="0.000348"/>
</kw>
<kw name="Should Match Regexp" owner="BuiltIn">
<arg>${json_data['results'][0]['picture']['thumbnail']}</arg>
<arg>^https?://.*\.(?:png|jpe?g|gif|bmp)$</arg>
<doc>Fails if ``string`` does not match ``pattern`` as a regular expression.</doc>
<status status="PASS" start="2024-04-13T09:11:12.654473" elapsed="0.000360"/>
</kw>
<kw name="Log" owner="BuiltIn">
<msg time="2024-04-13T09:11:12.655363" level="INFO">{'large': 'https://randomuser.me/api/portraits/women/26.jpg', 'medium': 'https://randomuser.me/api/portraits/med/women/26.jpg', 'thumbnail': 'https://randomuser.me/api/portraits/thumb/women/26.jpg'}</msg>
<arg>${json_data['results'][0]['picture']}</arg>
<doc>Logs the given message with the given level.</doc>
<status status="PASS" start="2024-04-13T09:11:12.655013" elapsed="0.000392"/>
</kw>
<status status="PASS" start="2024-04-13T09:11:12.573109" elapsed="0.082550"/>
</kw>
<kw name="Teste de Tipos de Dados - Postcode" owner="random-user-service">
<kw name="GET On Session" owner="RequestsLibrary">
<msg time="2024-04-13T09:11:12.768062" level="INFO">GET Request : url=https://randomuser.me/api 
 path_url=/api 
 headers={'User-Agent': 'python-requests/2.31.0', 'Accept-Encoding': 'gzip, deflate', 'Accept': '*/*', 'Connection': 'keep-alive'} 
 body=None 
 </msg>
<msg time="2024-04-13T09:11:12.768144" level="INFO">GET Response : url=https://randomuser.me/api 
 status=200, reason=OK 
 headers={'Date': 'Sat, 13 Apr 2024 09:11:12 GMT', 'Content-Type': 'application/json; charset=utf-8', 'Transfer-Encoding': 'chunked', 'Connection': 'keep-alive', 'X-Powered-By': 'Express', 'Access-Control-Allow-Origin': '*', 'Cache-Control': 'no-cache', 'ETag': 'W/"489-0Fcotgu0nCu1J7s+93nnw9tPhZc"', 'Vary': 'Accept-Encoding', 'Content-Encoding': 'gzip', 'CF-Cache-Status': 'DYNAMIC', 'Report-To': '{"endpoints":[{"url":"https:\\/\\/a.nel.cloudflare.com\\/report\\/v4?s=K5M1x6gx2XAh4cSPLatBJnydkSIMezzEZr4xNMAFzJBTwHC8BRhewf0qgkqwd1o8dByD%2FC08JuRGMDzsRp4lG3PeNijxvUElLvKjoLzbbCpzjl9OQJoadZ9%2FsydlykMC"}],"group":"cf-nel","max_age":604800}', 'NEL': '{"success_fraction":0,"report_to":"cf-nel","max_age":604800}', 'Server': 'cloudflare', 'CF-RAY': '873a53d018f63b84-IAD', 'alt-svc': 'h3=":443"; ma=86400'} 
 body={"results":[{"gender":"male","name":{"title":"Mr","first":"Elijah","last":"Lewis"},"location":{"street":{"number":823,"name":"Colombo Street"},"city":"Wellington","state":"Wellington","country":"New Zealand","postcode":39809,"coordinates":{"latitude":"51.0468","longitude":"-51.2678"},"timezone":{"offset":"-4:00","description":"Atlantic Time (Canada), Caracas, La Paz"}},"email":"elijah.lewis@example.com","login":{"uuid":"57412ee5-457e-4e2f-ae01-a0f1d2667777","username":"angrybird682","password":"tarzan","salt":"stC44k9z","md5":"ed2ab8aa2d44a18d4a84e6b21490f741","sha1":"a145ea354204ef0756aeae9b5329b5a6396f8800","sha256":"1fa1e47e892f77256b0f9dde0ca11eeead510315660c1231c5febdf5b126c1d6"},"dob":{"date":"1946-02-18T12:35:45.583Z","age":78},"registered":{"date":"2022-04-14T17:59:17.809Z","age":1},"phone":"(813)-444-4430","cell":"(450)-120-6311","id":{"name":"","value":null},"picture":{"large":"https://randomuser.me/api/portraits/men/8.jpg","medium":"https://randomuser.me/api/portraits/med/men/8.jpg","thumbnail":"https://randomuser.me/api/portraits/thumb/men/8.jpg"},"nat":"NZ"}],"info":{"seed":"fb569231f13dc77d","results":1,"page":1,"version":"1.4"}} 
 </msg>
<msg time="2024-04-13T09:11:12.768203" level="INFO">/opt/hostedtoolcache/Python/3.12.2/x64/lib/python3.12/site-packages/urllib3/connectionpool.py:1103: InsecureRequestWarning: Unverified HTTPS request is being made to host 'randomuser.me'. Adding certificate verification is strongly advised. See: https://urllib3.readthedocs.io/en/latest/advanced-usage.html#tls-warnings
  warnings.warn(</msg>
<msg time="2024-04-13T09:11:12.768305" level="INFO">${response} = &lt;Response [200]&gt;</msg>
<var>${response}</var>
<arg>consultarAPI</arg>
<arg>/api</arg>
<doc>Sends a GET request on a previously created HTTP Session.</doc>
<status status="PASS" start="2024-04-13T09:11:12.656119" elapsed="0.112215"/>
</kw>
<kw name="Set Variable" owner="BuiltIn">
<msg time="2024-04-13T09:11:12.769289" level="INFO">${json_data} = {'results': [{'gender': 'male', 'name': {'title': 'Mr', 'first': 'Elijah', 'last': 'Lewis'}, 'location': {'street': {'number': 823, 'name': 'Colombo Street'}, 'city': 'Wellington', 'state': 'Wellingto...</msg>
<var>${json_data}</var>
<arg>${response.json()}</arg>
<doc>Returns the given values which can then be assigned to a variables.</doc>
<status status="PASS" start="2024-04-13T09:11:12.768783" elapsed="0.000535"/>
</kw>
<kw name="Log" owner="BuiltIn">
<msg time="2024-04-13T09:11:12.769791" level="INFO">{'results': [{'gender': 'male', 'name': {'title': 'Mr', 'first': 'Elijah', 'last': 'Lewis'}, 'location': {'street': {'number': 823, 'name': 'Colombo Street'}, 'city': 'Wellington', 'state': 'Wellington', 'country': 'New Zealand', 'postcode': 39809, 'coordinates': {'latitude': '51.0468', 'longitude': '-51.2678'}, 'timezone': {'offset': '-4:00', 'description': 'Atlantic Time (Canada), Caracas, La Paz'}}, 'email': 'elijah.lewis@example.com', 'login': {'uuid': '57412ee5-457e-4e2f-ae01-a0f1d2667777', 'username': 'angrybird682', 'password': 'tarzan', 'salt': 'stC44k9z', 'md5': 'ed2ab8aa2d44a18d4a84e6b21490f741', 'sha1': 'a145ea354204ef0756aeae9b5329b5a6396f8800', 'sha256': '1fa1e47e892f77256b0f9dde0ca11eeead510315660c1231c5febdf5b126c1d6'}, 'dob': {'date': '1946-02-18T12:35:45.583Z', 'age': 78}, 'registered': {'date': '2022-04-14T17:59:17.809Z', 'age': 1}, 'phone': '(813)-444-4430', 'cell': '(450)-120-6311', 'id': {'name': '', 'value': None}, 'picture': {'large': 'https://randomuser.me/api/portraits/men/8.jpg', 'medium': 'https://randomuser.me/api/portraits/med/men/8.jpg', 'thumbnail': 'https://randomuser.me/api/portraits/thumb/men/8.jpg'}, 'nat': 'NZ'}], 'info': {'seed': 'fb569231f13dc77d', 'results': 1, 'page': 1, 'version': '1.4'}}</msg>
<arg>${json_data}</arg>
<doc>Logs the given message with the given level.</doc>
<status status="PASS" start="2024-04-13T09:11:12.769628" elapsed="0.000244"/>
</kw>
<kw name="Should Be Equal As Numbers" owner="BuiltIn">
<arg>${json_data['results'][0]['location']['postcode']}</arg>
<arg>${json_data['results'][0]['location']['postcode']}</arg>
<doc>Fails if objects are unequal after converting them to real numbers.</doc>
<status status="PASS" start="2024-04-13T09:11:12.770182" elapsed="0.000790"/>
</kw>
<kw name="Log" owner="BuiltIn">
<msg time="2024-04-13T09:11:12.771576" level="INFO">39809</msg>
<arg>${json_data['results'][0]['location']['postcode']}</arg>
<doc>Logs the given message with the given level.</doc>
<status status="PASS" start="2024-04-13T09:11:12.771219" elapsed="0.000399"/>
</kw>
<status status="PASS" start="2024-04-13T09:11:12.655879" elapsed="0.116001"/>
</kw>
<doc>Testa se os tipos de dados na resposta da API estão corretos.</doc>
<tag>testeTiposDados</tag>
<status status="PASS" start="2024-04-13T09:11:12.572655" elapsed="0.199398"/>
</test>
<test id="s1-s1-t5" name="Validar conteudo" line="35">
<kw name="Teste de Tipos de Conteudo" owner="random-user-service">
<kw name="GET On Session" owner="RequestsLibrary">
<msg time="2024-04-13T09:11:12.861036" level="INFO">GET Request : url=https://randomuser.me/api 
 path_url=/api 
 headers={'User-Agent': 'python-requests/2.31.0', 'Accept-Encoding': 'gzip, deflate', 'Accept': '*/*', 'Connection': 'keep-alive'} 
 body=None 
 </msg>
<msg time="2024-04-13T09:11:12.861133" level="INFO">GET Response : url=https://randomuser.me/api 
 status=200, reason=OK 
 headers={'Date': 'Sat, 13 Apr 2024 09:11:12 GMT', 'Content-Type': 'application/json; charset=utf-8', 'Transfer-Encoding': 'chunked', 'Connection': 'keep-alive', 'X-Powered-By': 'Express', 'Access-Control-Allow-Origin': '*', 'Cache-Control': 'no-cache', 'ETag': 'W/"473-6TJLVHff6GGIBsB8PqIO/cV2uOQ"', 'Vary': 'Accept-Encoding', 'Content-Encoding': 'gzip', 'CF-Cache-Status': 'DYNAMIC', 'Report-To': '{"endpoints":[{"url":"https:\\/\\/a.nel.cloudflare.com\\/report\\/v4?s=Tr0qvgZUc%2Fj29xsaVDSSh0ZAY30TyWgIox2qJuFgo2ZyCcZx1DvQR0Tx0xBYWKiXJrBmUH7AnukGG00VQtZroGJ1mu9Eg2AGsZ9flJsIgFzje4bYTFkv6JVphK3nvWjR"}],"group":"cf-nel","max_age":604800}', 'NEL': '{"success_fraction":0,"report_to":"cf-nel","max_age":604800}', 'Server': 'cloudflare', 'CF-RAY': '873a53d0d9773b84-IAD', 'alt-svc': 'h3=":443"; ma=86400'} 
 body={"results":[{"gender":"male","name":{"title":"Mr","first":"Mathew","last":"Evans"},"location":{"street":{"number":8247,"name":"Marsh Ln"},"city":"Warragul","state":"Northern Territory","country":"Australia","postcode":8365,"coordinates":{"latitude":"-86.7431","longitude":"-158.2150"},"timezone":{"offset":"-10:00","description":"Hawaii"}},"email":"mathew.evans@example.com","login":{"uuid":"a31d7f47-cbee-461b-b4ba-cfee1a02888b","username":"silvermouse820","password":"dimas","salt":"XR55zgRU","md5":"748d3686e06b82083d804f3f90f778d4","sha1":"c816a3d44402f8bd365e891255e9b4b6ad3b5386","sha256":"36b2d9fcdfa80cf075796c9da65ae9ebf9780bf9df5f677ac4d7308abe5a34b5"},"dob":{"date":"1999-03-18T18:51:31.392Z","age":25},"registered":{"date":"2019-11-26T03:46:55.651Z","age":4},"phone":"01-6015-5578","cell":"0482-921-767","id":{"name":"TFN","value":"387731466"},"picture":{"large":"https://randomuser.me/api/portraits/men/89.jpg","medium":"https://randomuser.me/api/portraits/med/men/89.jpg","thumbnail":"https://randomuser.me/api/portraits/thumb/men/89.jpg"},"nat":"AU"}],"info":{"seed":"2e05fbd6d26336f9","results":1,"page":1,"version":"1.4"}} 
 </msg>
<msg time="2024-04-13T09:11:12.861202" level="INFO">/opt/hostedtoolcache/Python/3.12.2/x64/lib/python3.12/site-packages/urllib3/connectionpool.py:1103: InsecureRequestWarning: Unverified HTTPS request is being made to host 'randomuser.me'. Adding certificate verification is strongly advised. See: https://urllib3.readthedocs.io/en/latest/advanced-usage.html#tls-warnings
  warnings.warn(</msg>
<msg time="2024-04-13T09:11:12.861317" level="INFO">${response} = &lt;Response [200]&gt;</msg>
<var>${response}</var>
<arg>consultarAPI</arg>
<arg>/api</arg>
<doc>Sends a GET request on a previously created HTTP Session.</doc>
<status status="PASS" start="2024-04-13T09:11:12.774469" elapsed="0.086886"/>
</kw>
<kw name="Set Variable" owner="BuiltIn">
<msg time="2024-04-13T09:11:12.862378" level="INFO">${json_data} = {'results': [{'gender': 'male', 'name': {'title': 'Mr', 'first': 'Mathew', 'last': 'Evans'}, 'location': {'street': {'number': 8247, 'name': 'Marsh Ln'}, 'city': 'Warragul', 'state': 'Northern Territo...</msg>
<var>${json_data}</var>
<arg>${response.json()}</arg>
<doc>Returns the given values which can then be assigned to a variables.</doc>
<status status="PASS" start="2024-04-13T09:11:12.861871" elapsed="0.000535"/>
</kw>
<kw name="Set Variable" owner="BuiltIn">
<msg time="2024-04-13T09:11:12.863111" level="INFO">${name_title} = Mr</msg>
<var>${name_title}</var>
<arg>${json_data["results"][0]["name"]["title"]}</arg>
<doc>Returns the given values which can then be assigned to a variables.</doc>
<status status="PASS" start="2024-04-13T09:11:12.862714" elapsed="0.000459"/>
</kw>
<kw name="Create List" owner="BuiltIn">
<msg time="2024-04-13T09:11:12.863644" level="INFO">${allowed_titles} = ['Mr', 'Ms', 'Miss', 'Mrs', 'Madame', 'Monsieur']</msg>
<var>${allowed_titles}</var>
<arg>Mr</arg>
<arg>Ms</arg>
<arg>Miss</arg>
<arg>Mrs</arg>
<arg>Madame</arg>
<arg>Monsieur</arg>
<doc>Returns a list containing given items.</doc>
<status status="PASS" start="2024-04-13T09:11:12.863493" elapsed="0.000175"/>
</kw>
<kw name="List Should Contain Value" owner="Collections">
<msg time="2024-04-13T09:11:12.864145" level="INFO">False</msg>
<arg>${allowed_titles}</arg>
<arg>${name_title}</arg>
<doc>Fails if the ``value`` is not found from ``list``.</doc>
<status status="PASS" start="2024-04-13T09:11:12.863972" elapsed="0.000218"/>
</kw>
<kw name="Set Variable" owner="BuiltIn">
<msg time="2024-04-13T09:11:12.864858" level="INFO">${name_country} = AU</msg>
<var>${name_country}</var>
<arg>${json_data["results"][0]["nat"]}</arg>
<doc>Returns the given values which can then be assigned to a variables.</doc>
<status status="PASS" start="2024-04-13T09:11:12.864479" elapsed="0.000404"/>
</kw>
<kw name="Create List" owner="BuiltIn">
<msg time="2024-04-13T09:11:12.865783" level="INFO">${list_country} = ['AD', 'AE', 'AF', 'AG', 'AI', 'AL', 'AM', 'AO', 'AQ', 'AR', 'AS', 'AT', 'AU', 'AW', 'AX', 'AZ', 'BA', 'BB', 'BD', 'BE', 'BF', 'BG', 'BH', 'BI', 'BJ', 'BL', 'BM', 'BN', 'BO', 'BQ', 'BR', 'BS', 'BT', '...</msg>
<var>${list_country}</var>
<arg>AD</arg>
<arg>AE</arg>
<arg>AF</arg>
<arg>AG</arg>
<arg>AI</arg>
<arg>AL</arg>
<arg>AM</arg>
<arg>AO</arg>
<arg>AQ</arg>
<arg>AR</arg>
<arg>AS</arg>
<arg>AT</arg>
<arg>AU</arg>
<arg>AW</arg>
<arg>AX</arg>
<arg>AZ</arg>
<arg>BA</arg>
<arg>BB</arg>
<arg>BD</arg>
<arg>BE</arg>
<arg>BF</arg>
<arg>BG</arg>
<arg>BH</arg>
<arg>BI</arg>
<arg>BJ</arg>
<arg>BL</arg>
<arg>BM</arg>
<arg>BN</arg>
<arg>BO</arg>
<arg>BQ</arg>
<arg>BR</arg>
<arg>BS</arg>
<arg>BT</arg>
<arg>BV</arg>
<arg>BW</arg>
<arg>BY</arg>
<arg>BZ</arg>
<arg>CA</arg>
<arg>CC</arg>
<arg>CD</arg>
<arg>CF</arg>
<arg>CG</arg>
<arg>CH</arg>
<arg>CI</arg>
<arg>CK</arg>
<arg>CL</arg>
<arg>CM</arg>
<arg>CN</arg>
<arg>CO</arg>
<arg>CR</arg>
<arg>CU</arg>
<arg>CV</arg>
<arg>CW</arg>
<arg>CX</arg>
<arg>CY</arg>
<arg>CZ</arg>
<arg>DE</arg>
<arg>DJ</arg>
<arg>DK</arg>
<arg>DM</arg>
<arg>DO</arg>
<arg>DZ</arg>
<arg>EC</arg>
<arg>EE</arg>
<arg>EG</arg>
<arg>EH</arg>
<arg>ER</arg>
<arg>ES</arg>
<arg>ET</arg>
<arg>FI</arg>
<arg>FJ</arg>
<arg>FK</arg>
<arg>FM</arg>
<arg>FO</arg>
<arg>FR</arg>
<arg>GA</arg>
<arg>GB</arg>
<arg>GD</arg>
<arg>GE</arg>
<arg>GF</arg>
<arg>GG</arg>
<arg>GH</arg>
<arg>GI</arg>
<arg>GL</arg>
<arg>GM</arg>
<arg>GN</arg>
<arg>GP</arg>
<arg>GQ</arg>
<arg>GR</arg>
<arg>GS</arg>
<arg>GT</arg>
<arg>GU</arg>
<arg>GW</arg>
<arg>GY</arg>
<arg>HK</arg>
<arg>HM</arg>
<arg>HN</arg>
<arg>HR</arg>
<arg>HT</arg>
<arg>HU</arg>
<arg>ID</arg>
<arg>IE</arg>
<arg>IL</arg>
<arg>IM</arg>
<arg>IN</arg>
<arg>IO</arg>
<arg>IQ</arg>
<arg>IR</arg>
<arg>IS</arg>
<arg>IT</arg>
<arg>JE</arg>
<arg>JM</arg>
<arg>JO</arg>
<arg>JP</arg>
<arg>KE</arg>
<arg>KG</arg>
<arg>KH</arg>
<arg>KI</arg>
<arg>KM</arg>
<arg>KN</arg>
<arg>KP</arg>
<arg>KR</arg>
<arg>KW</arg>
<arg>KY</arg>
<arg>KZ</arg>
<arg>LA</arg>
<arg>LB</arg>
<arg>LC</arg>
<arg>LI</arg>
<arg>LK</arg>
<arg>LR</arg>
<arg>LS</arg>
<arg>LT</arg>
<arg>LU</arg>
<arg>LV</arg>
<arg>LY</arg>
<arg>MA</arg>
<arg>MC</arg>
<arg>MD</arg>
<arg>ME</arg>
<arg>MF</arg>
<arg>MG</arg>
<arg>MH</arg>
<arg>MK</arg>
<arg>ML</arg>
<arg>MM</arg>
<arg>MN</arg>
<arg>MO</arg>
<arg>MP</arg>
<arg>MQ</arg>
<arg>MR</arg>
<arg>MS</arg>
<arg>MT</arg>
<arg>MU</arg>
<arg>MV</arg>
<arg>MW</arg>
<arg>MX</arg>
<arg>MY</arg>
<arg>MZ</arg>
<arg>NA</arg>
<arg>NC</arg>
<arg>NE</arg>
<arg>NF</arg>
<arg>NG</arg>
<arg>NI</arg>
<arg>NL</arg>
<arg>NO</arg>
<arg>NP</arg>
<arg>NR</arg>
<arg>NU</arg>
<arg>NZ</arg>
<arg>OM</arg>
<arg>PA</arg>
<arg>PE</arg>
<arg>PF</arg>
<arg>PG</arg>
<arg>PH</arg>
<arg>PK</arg>
<arg>PL</arg>
<arg>PM</arg>
<arg>PN</arg>
<arg>PR</arg>
<arg>PS</arg>
<arg>PT</arg>
<arg>PW</arg>
<arg>PY</arg>
<arg>QA</arg>
<arg>RE</arg>
<arg>RO</arg>
<arg>RS</arg>
<arg>RU</arg>
<arg>RW</arg>
<arg>SA</arg>
<arg>SB</arg>
<arg>SC</arg>
<arg>SD</arg>
<arg>SE</arg>
<arg>SG</arg>
<arg>SH</arg>
<arg>SI</arg>
<arg>SJ</arg>
<arg>SK</arg>
<arg>SL</arg>
<arg>SM</arg>
<arg>SN</arg>
<arg>SO</arg>
<arg>SR</arg>
<arg>SS</arg>
<arg>ST</arg>
<arg>SV</arg>
<arg>SX</arg>
<arg>SY</arg>
<arg>SZ</arg>
<arg>TC</arg>
<arg>TD</arg>
<arg>TF</arg>
<arg>TG</arg>
<arg>TH</arg>
<arg>TJ</arg>
<arg>TK</arg>
<arg>TL</arg>
<arg>TM</arg>
<arg>TN</arg>
<arg>TO</arg>
<arg>TR</arg>
<arg>TT</arg>
<arg>TV</arg>
<arg>TW</arg>
<arg>TZ</arg>
<arg>UA</arg>
<arg>UG</arg>
<arg>UM</arg>
<arg>US</arg>
<arg>UY</arg>
<arg>UZ</arg>
<arg>VA</arg>
<arg>VC</arg>
<arg>VE</arg>
<arg>VG</arg>
<arg>VI</arg>
<arg>VN</arg>
<arg>VU</arg>
<arg>WF</arg>
<arg>WS</arg>
<arg>XK</arg>
<arg>YE</arg>
<arg>YT</arg>
<arg>ZA</arg>
<arg>ZM</arg>
<arg>ZW</arg>
<doc>Returns a list containing given items.</doc>
<status status="PASS" start="2024-04-13T09:11:12.865186" elapsed="0.000623"/>
</kw>
<kw name="List Should Contain Value" owner="Collections">
<msg time="2024-04-13T09:11:12.866794" level="INFO">False</msg>
<arg>${list_country}</arg>
<arg>${name_country}</arg>
<doc>Fails if the ``value`` is not found from ``list``.</doc>
<status status="PASS" start="2024-04-13T09:11:12.866594" elapsed="0.000237"/>
</kw>
<kw name="Run Keyword If" owner="BuiltIn">
<kw name="Should Be True" owner="BuiltIn">
<arg>${True}</arg>
<doc>Fails if the given condition is not true.</doc>
<status status="PASS" start="2024-04-13T09:11:12.867939" elapsed="0.000146"/>
</kw>
<arg>${json_data["results"][0]["location"]["coordinates"]["latitude"]} &gt;= -90 and ${json_data["results"][0]["location"]["coordinates"]["latitude"]} &lt;= 90</arg>
<arg>Should Be True</arg>
<arg>${True}</arg>
<doc>Runs the given keyword with the given arguments, if ``condition`` is true.</doc>
<status status="PASS" start="2024-04-13T09:11:12.867168" elapsed="0.001044"/>
</kw>
<kw name="Run Keyword If" owner="BuiltIn">
<kw name="Should Be True" owner="BuiltIn">
<arg>${True}</arg>
<doc>Fails if the given condition is not true.</doc>
<status status="PASS" start="2024-04-13T09:11:12.869089" elapsed="0.000256"/>
</kw>
<arg>${json_data["results"][0]["location"]["coordinates"]["longitude"]} &gt;= -180 and ${json_data["results"][0]["location"]["coordinates"]["longitude"]} &lt;= 180</arg>
<arg>Should Be True</arg>
<arg>${True}</arg>
<doc>Runs the given keyword with the given arguments, if ``condition`` is true.</doc>
<status status="PASS" start="2024-04-13T09:11:12.868396" elapsed="0.001074"/>
</kw>
<status status="PASS" start="2024-04-13T09:11:12.774241" elapsed="0.095363"/>
</kw>
<doc>Testa o conteúdo específico dos campos retornados pela API.</doc>
<tag>testeConteudo</tag>
<status status="PASS" start="2024-04-13T09:11:12.773779" elapsed="0.095981"/>
</test>
<status status="PASS" start="2024-04-13T09:11:11.824151" elapsed="1.047600"/>
</suite>
<status status="PASS" start="2024-04-13T09:11:11.809742" elapsed="1.067318"/>
</suite>
<statistics>
<total>
<stat pass="5" fail="0" skip="0">All Tests</stat>
</total>
<tag>
<stat pass="1" fail="0" skip="0">testeConteudo</stat>
<stat pass="1" fail="0" skip="0">testeEstruturaResposta</stat>
<stat pass="1" fail="0" skip="0">testeRequisicaoBasica</stat>
<stat pass="1" fail="0" skip="0">testeTiposDados</stat>
</tag>
<suite>
<stat pass="5" fail="0" skip="0" id="s1" name="Tests">Tests</stat>
<stat pass="5" fail="0" skip="0" id="s1-s1" name="Random-User-Test">Tests.Random-User-Test</stat>
</suite>
</statistics>
<errors>
</errors>
</robot>
