<?xml version="1.0" encoding="UTF-8"?>
<robot generator="Robot 7.0 (Python 3.12.2 on linux)" generated="2024-04-15T09:13:14.367698" rpa="false" schemaversion="5">
<suite id="s1" name="Tests" source="/home/runner/work/DesafioQAItauRogerioJordao/DesafioQAItauRogerioJordao/RamdonUser/tests">
<suite id="s1-s1" name="Random-User-Test" source="/home/runner/work/DesafioQAItauRogerioJordao/DesafioQAItauRogerioJordao/RamdonUser/tests/random-user-test.robot">
<test id="s1-s1-t1" name="Conectar" line="13">
<kw name="Conectar API" owner="random-user-service">
<kw name="Create Session" owner="RequestsLibrary">
<msg time="2024-04-15T09:13:14.746141" level="INFO">Creating Session using : alias=consultarAPI, url=https://randomuser.me/, headers={},                     cookies={}, auth=None, timeout=None, proxies=None, verify=False,                     debug=0 </msg>
<arg>consultarAPI</arg>
<arg>${URL}</arg>
<doc>Create Session: create a HTTP session to a server</doc>
<status status="PASS" start="2024-04-15T09:13:14.745912" elapsed="0.000457"/>
</kw>
<status status="PASS" start="2024-04-15T09:13:14.744740" elapsed="0.002055"/>
</kw>
<status status="PASS" start="2024-04-15T09:13:14.744076" elapsed="0.002935"/>
</test>
<test id="s1-s1-t2" name="Validar retorno 200 e JSON Válido" line="16">
<kw name="Teste de Requisicao Basica" owner="random-user-service">
<kw name="GET On Session" owner="RequestsLibrary">
<msg time="2024-04-15T09:13:14.972407" level="INFO">GET Request : url=https://randomuser.me/api 
 path_url=/api 
 headers={'User-Agent': 'python-requests/2.31.0', 'Accept-Encoding': 'gzip, deflate', 'Accept': '*/*', 'Connection': 'keep-alive'} 
 body=None 
 </msg>
<msg time="2024-04-15T09:13:14.972567" level="INFO">GET Response : url=https://randomuser.me/api 
 status=200, reason=OK 
 headers={'Date': 'Mon, 15 Apr 2024 09:13:14 GMT', 'Content-Type': 'application/json; charset=utf-8', 'Transfer-Encoding': 'chunked', 'Connection': 'keep-alive', 'X-Powered-By': 'Express', 'Access-Control-Allow-Origin': '*', 'Cache-Control': 'no-cache', 'ETag': 'W/"497-fouYnsFCCmymjPEUSrutIeH/sqg"', 'Vary': 'Accept-Encoding', 'Content-Encoding': 'gzip', 'CF-Cache-Status': 'DYNAMIC', 'Report-To': '{"endpoints":[{"url":"https:\\/\\/a.nel.cloudflare.com\\/report\\/v4?s=8RBJzrP2FDs5jvuc4SiUOjvm8WijVLfKxleFrbFhaOO8BS0f2XIEV3g65%2Brqz8juv1xJo8D01vodrbSVfM2cXqg1D3Hid3uLgE%2F1rTX3cEeYwm3c8Uxao2l8UTlD87MG"}],"group":"cf-nel","max_age":604800}', 'NEL': '{"success_fraction":0,"report_to":"cf-nel","max_age":604800}', 'Server': 'cloudflare', 'CF-RAY': '874ad18c6ba45800-IAD', 'alt-svc': 'h3=":443"; ma=86400'} 
 body={"results":[{"gender":"female","name":{"title":"Ms","first":"Ananya","last":"Ramesh"},"location":{"street":{"number":5710,"name":"Tripolia Bazar"},"city":"Anand","state":"Andaman and Nicobar Islands","country":"India","postcode":18668,"coordinates":{"latitude":"11.1774","longitude":"3.6076"},"timezone":{"offset":"-11:00","description":"Midway Island, Samoa"}},"email":"ananya.ramesh@example.com","login":{"uuid":"1bc09f00-1233-4303-b640-d226a3c243cf","username":"beautifulsnake242","password":"desmond","salt":"innoamBz","md5":"b1b7b249d1723342bd02be8511fb4d0b","sha1":"0df3208817680fb5b7906a70a0b1e1223bf91424","sha256":"dc1ea4938da2d8cee263c3eac462ca7a60a0389ac25dc47d6f6439c65da95904"},"dob":{"date":"1951-11-24T10:29:55.036Z","age":72},"registered":{"date":"2010-07-18T20:45:29.382Z","age":13},"phone":"7812279880","cell":"8967781586","id":{"name":"UIDAI","value":"516403813217"},"picture":{"large":"https://randomuser.me/api/portraits/women/62.jpg","medium":"https://randomuser.me/api/portraits/med/women/62.jpg","thumbnail":"https://randomuser.me/api/portraits/thumb/women/62.jpg"},"nat":"IN"}],"info":{"seed":"f64013dbd1b8f204","results":1,"page":1,"version":"1.4"}} 
 </msg>
<msg time="2024-04-15T09:13:14.972660" level="INFO">/opt/hostedtoolcache/Python/3.12.2/x64/lib/python3.12/site-packages/urllib3/connectionpool.py:1103: InsecureRequestWarning: Unverified HTTPS request is being made to host 'randomuser.me'. Adding certificate verification is strongly advised. See: https://urllib3.readthedocs.io/en/latest/advanced-usage.html#tls-warnings
  warnings.warn(</msg>
<msg time="2024-04-15T09:13:14.972810" level="INFO">${response} = &lt;Response [200]&gt;</msg>
<var>${response}</var>
<arg>consultarAPI</arg>
<arg>/api</arg>
<doc>Sends a GET request on a previously created HTTP Session.</doc>
<status status="PASS" start="2024-04-15T09:13:14.749684" elapsed="0.223169"/>
</kw>
<kw name="Should Be Equal As Numbers" owner="BuiltIn">
<msg time="2024-04-15T09:13:14.974119" level="INFO">Argument types are:
&lt;class 'int'&gt;
&lt;class 'str'&gt;</msg>
<arg>${response.status_code}</arg>
<arg>200</arg>
<doc>Fails if objects are unequal after converting them to real numbers.</doc>
<status status="PASS" start="2024-04-15T09:13:14.973566" elapsed="0.000618"/>
</kw>
<kw name="Log" owner="BuiltIn">
<msg time="2024-04-15T09:13:14.974871" level="INFO">200</msg>
<arg>${response.status_code}</arg>
<doc>Logs the given message with the given level.</doc>
<status status="PASS" start="2024-04-15T09:13:14.974516" elapsed="0.000398"/>
</kw>
<kw name="Set Variable" owner="BuiltIn">
<msg time="2024-04-15T09:13:14.975724" level="INFO">${json_data} = {'results': [{'gender': 'female', 'name': {'title': 'Ms', 'first': 'Ananya', 'last': 'Ramesh'}, 'location': {'street': {'number': 5710, 'name': 'Tripolia Bazar'}, 'city': 'Anand', 'state': 'Andaman an...</msg>
<var>${json_data}</var>
<arg>${response.json()}</arg>
<doc>Returns the given values which can then be assigned to a variables.</doc>
<status status="PASS" start="2024-04-15T09:13:14.975287" elapsed="0.000465"/>
</kw>
<kw name="Dictionary Should Contain Key" owner="Collections">
<msg time="2024-04-15T09:13:14.976229" level="INFO">False</msg>
<arg>${json_data}</arg>
<arg>results</arg>
<doc>Fails if ``key`` is not found from ``dictionary``.</doc>
<status status="PASS" start="2024-04-15T09:13:14.976059" elapsed="0.000214"/>
</kw>
<status status="PASS" start="2024-04-15T09:13:14.749425" elapsed="0.227110"/>
</kw>
<doc>Testa se a API responde corretamente e retorna um objeto JSON válido.</doc>
<tag>testeRequisicaoBasica</tag>
<status status="PASS" start="2024-04-15T09:13:14.748954" elapsed="0.227771"/>
</test>
<test id="s1-s1-t3" name="Validar estrutura de resposta" line="22">
<kw name="Teste de Estrutura de Resposta" owner="random-user-service">
<kw name="GET On Session" owner="RequestsLibrary">
<msg time="2024-04-15T09:13:15.071946" level="INFO">GET Request : url=https://randomuser.me/api 
 path_url=/api 
 headers={'User-Agent': 'python-requests/2.31.0', 'Accept-Encoding': 'gzip, deflate', 'Accept': '*/*', 'Connection': 'keep-alive'} 
 body=None 
 </msg>
<msg time="2024-04-15T09:13:15.072041" level="INFO">GET Response : url=https://randomuser.me/api 
 status=200, reason=OK 
 headers={'Date': 'Mon, 15 Apr 2024 09:13:15 GMT', 'Content-Type': 'application/json; charset=utf-8', 'Transfer-Encoding': 'chunked', 'Connection': 'keep-alive', 'X-Powered-By': 'Express', 'Access-Control-Allow-Origin': '*', 'Cache-Control': 'no-cache', 'ETag': 'W/"47a-B9F4dwJmhtDyY3ptB6eU87/mWqM"', 'Vary': 'Accept-Encoding', 'Content-Encoding': 'gzip', 'CF-Cache-Status': 'DYNAMIC', 'Report-To': '{"endpoints":[{"url":"https:\\/\\/a.nel.cloudflare.com\\/report\\/v4?s=eAqytUOYp0M2Nkttb9kAu2oOgpEx0CVzKU3etqPakgLvQ6lMPlhApkapXcKEahjBR%2FOCkyXHeapIrIgznqaJcBagoYq%2FUqsrpHTXKBJj%2B%2F9Xk%2BTk591x78CF6zpwScZ3"}],"group":"cf-nel","max_age":604800}', 'NEL': '{"success_fraction":0,"report_to":"cf-nel","max_age":604800}', 'Server': 'cloudflare', 'CF-RAY': '874ad18cabc35800-IAD', 'alt-svc': 'h3=":443"; ma=86400'} 
 body={"results":[{"gender":"male","name":{"title":"Mr","first":"Mile","last":"Nenezić"},"location":{"street":{"number":6008,"name":"Dimitrija Sabova "},"city":"Ćuprija","state":"North Bačka","country":"Serbia","postcode":99438,"coordinates":{"latitude":"59.8751","longitude":"-50.6551"},"timezone":{"offset":"+9:30","description":"Adelaide, Darwin"}},"email":"mile.nenezic@example.com","login":{"uuid":"77e9237f-bf58-4b8f-bbf2-9d924ffe3705","username":"whitedog611","password":"polly","salt":"U8wFUG9T","md5":"0e302f3eb37832f1f9e1cdaaaf700aef","sha1":"b80dbca843bac3c28b80596204600041df49988d","sha256":"f31bdce374c35225870abe99a27481edc9f65d3e265e06815f1066e1853d2e85"},"dob":{"date":"1991-06-12T06:18:24.948Z","age":32},"registered":{"date":"2014-01-31T08:52:50.291Z","age":10},"phone":"019-9924-032","cell":"067-7945-886","id":{"name":"SID","value":"277791453"},"picture":{"large":"https://randomuser.me/api/portraits/men/15.jpg","medium":"https://randomuser.me/api/portraits/med/men/15.jpg","thumbnail":"https://randomuser.me/api/portraits/thumb/men/15.jpg"},"nat":"RS"}],"info":{"seed":"f7bceed61a5eb4bd","results":1,"page":1,"version":"1.4"}} 
 </msg>
<msg time="2024-04-15T09:13:15.072194" level="INFO">/opt/hostedtoolcache/Python/3.12.2/x64/lib/python3.12/site-packages/urllib3/connectionpool.py:1103: InsecureRequestWarning: Unverified HTTPS request is being made to host 'randomuser.me'. Adding certificate verification is strongly advised. See: https://urllib3.readthedocs.io/en/latest/advanced-usage.html#tls-warnings
  warnings.warn(</msg>
<msg time="2024-04-15T09:13:15.072327" level="INFO">${response} = &lt;Response [200]&gt;</msg>
<var>${response}</var>
<arg>consultarAPI</arg>
<arg>/api</arg>
<doc>Sends a GET request on a previously created HTTP Session.</doc>
<status status="PASS" start="2024-04-15T09:13:14.979617" elapsed="0.092758"/>
</kw>
<kw name="Set Variable" owner="BuiltIn">
<msg time="2024-04-15T09:13:15.073781" level="INFO">${json_data} = {'results': [{'gender': 'male', 'name': {'title': 'Mr', 'first': 'Mile', 'last': 'Nenezić'}, 'location': {'street': {'number': 6008, 'name': 'Dimitrija Sabova '}, 'city': 'Ćuprija', 'state': 'North Ba...</msg>
<var>${json_data}</var>
<arg>${response.json()}</arg>
<doc>Returns the given values which can then be assigned to a variables.</doc>
<status status="PASS" start="2024-04-15T09:13:15.073050" elapsed="0.000763"/>
</kw>
<kw name="Log" owner="BuiltIn">
<msg time="2024-04-15T09:13:15.074296" level="INFO">{'results': [{'gender': 'male', 'name': {'title': 'Mr', 'first': 'Mile', 'last': 'Nenezić'}, 'location': {'street': {'number': 6008, 'name': 'Dimitrija Sabova '}, 'city': 'Ćuprija', 'state': 'North Bačka', 'country': 'Serbia', 'postcode': 99438, 'coordinates': {'latitude': '59.8751', 'longitude': '-50.6551'}, 'timezone': {'offset': '+9:30', 'description': 'Adelaide, Darwin'}}, 'email': 'mile.nenezic@example.com', 'login': {'uuid': '77e9237f-bf58-4b8f-bbf2-9d924ffe3705', 'username': 'whitedog611', 'password': 'polly', 'salt': 'U8wFUG9T', 'md5': '0e302f3eb37832f1f9e1cdaaaf700aef', 'sha1': 'b80dbca843bac3c28b80596204600041df49988d', 'sha256': 'f31bdce374c35225870abe99a27481edc9f65d3e265e06815f1066e1853d2e85'}, 'dob': {'date': '1991-06-12T06:18:24.948Z', 'age': 32}, 'registered': {'date': '2014-01-31T08:52:50.291Z', 'age': 10}, 'phone': '019-9924-032', 'cell': '067-7945-886', 'id': {'name': 'SID', 'value': '277791453'}, 'picture': {'large': 'https://randomuser.me/api/portraits/men/15.jpg', 'medium': 'https://randomuser.me/api/portraits/med/men/15.jpg', 'thumbnail': 'https://randomuser.me/api/portraits/thumb/men/15.jpg'}, 'nat': 'RS'}], 'info': {'seed': 'f7bceed61a5eb4bd', 'results': 1, 'page': 1, 'version': '1.4'}}</msg>
<arg>${json_data}</arg>
<doc>Logs the given message with the given level.</doc>
<status status="PASS" start="2024-04-15T09:13:15.074132" elapsed="0.000217"/>
</kw>
<kw name="Dictionary Should Contain Key" owner="Collections">
<msg time="2024-04-15T09:13:15.074814" level="INFO">False</msg>
<arg>${json_data}</arg>
<arg>results</arg>
<doc>Fails if ``key`` is not found from ``dictionary``.</doc>
<status status="PASS" start="2024-04-15T09:13:15.074654" elapsed="0.000199"/>
</kw>
<kw name="Should Not Be Empty" owner="BuiltIn">
<msg time="2024-04-15T09:13:15.075333" level="INFO">Length is 2.</msg>
<arg>${json_data}</arg>
<doc>Verifies that the given item is not empty.</doc>
<status status="PASS" start="2024-04-15T09:13:15.075155" elapsed="0.000220"/>
</kw>
<kw name="Create List" owner="BuiltIn">
<msg time="2024-04-15T09:13:15.075823" level="INFO">${expected_keys} = ['gender', 'name', 'location', 'email', 'login']</msg>
<var>${expected_keys}</var>
<arg>gender</arg>
<arg>name</arg>
<arg>location</arg>
<arg>email</arg>
<arg>login</arg>
<doc>Returns a list containing given items.</doc>
<status status="PASS" start="2024-04-15T09:13:15.075671" elapsed="0.000177"/>
</kw>
<for flavor="IN">
<iter>
<kw name="Dictionary Should Contain Key" owner="Collections">
<msg time="2024-04-15T09:13:15.076845" level="INFO">False</msg>
<arg>${json_data['results'][0]}</arg>
<arg>${key}</arg>
<doc>Fails if ``key`` is not found from ``dictionary``.</doc>
<status status="PASS" start="2024-04-15T09:13:15.076432" elapsed="0.000452"/>
</kw>
<kw name="Log" owner="BuiltIn">
<msg time="2024-04-15T09:13:15.077557" level="INFO">{'gender': 'male', 'name': {'title': 'Mr', 'first': 'Mile', 'last': 'Nenezić'}, 'location': {'street': {'number': 6008, 'name': 'Dimitrija Sabova '}, 'city': 'Ćuprija', 'state': 'North Bačka', 'country': 'Serbia', 'postcode': 99438, 'coordinates': {'latitude': '59.8751', 'longitude': '-50.6551'}, 'timezone': {'offset': '+9:30', 'description': 'Adelaide, Darwin'}}, 'email': 'mile.nenezic@example.com', 'login': {'uuid': '77e9237f-bf58-4b8f-bbf2-9d924ffe3705', 'username': 'whitedog611', 'password': 'polly', 'salt': 'U8wFUG9T', 'md5': '0e302f3eb37832f1f9e1cdaaaf700aef', 'sha1': 'b80dbca843bac3c28b80596204600041df49988d', 'sha256': 'f31bdce374c35225870abe99a27481edc9f65d3e265e06815f1066e1853d2e85'}, 'dob': {'date': '1991-06-12T06:18:24.948Z', 'age': 32}, 'registered': {'date': '2014-01-31T08:52:50.291Z', 'age': 10}, 'phone': '019-9924-032', 'cell': '067-7945-886', 'id': {'name': 'SID', 'value': '277791453'}, 'picture': {'large': 'https://randomuser.me/api/portraits/men/15.jpg', 'medium': 'https://randomuser.me/api/portraits/med/men/15.jpg', 'thumbnail': 'https://randomuser.me/api/portraits/thumb/men/15.jpg'}, 'nat': 'RS'}</msg>
<arg>${json_data['results'][0]}</arg>
<doc>Logs the given message with the given level.</doc>
<status status="PASS" start="2024-04-15T09:13:15.077187" elapsed="0.000420"/>
</kw>
<kw name="Log" owner="BuiltIn">
<msg time="2024-04-15T09:13:15.078036" level="INFO">gender</msg>
<arg>${key}</arg>
<doc>Logs the given message with the given level.</doc>
<status status="PASS" start="2024-04-15T09:13:15.077906" elapsed="0.000167"/>
</kw>
<var name="${key}">gender</var>
<status status="PASS" start="2024-04-15T09:13:15.076302" elapsed="0.001995"/>
</iter>
<iter>
<kw name="Dictionary Should Contain Key" owner="Collections">
<msg time="2024-04-15T09:13:15.078999" level="INFO">False</msg>
<arg>${json_data['results'][0]}</arg>
<arg>${key}</arg>
<doc>Fails if ``key`` is not found from ``dictionary``.</doc>
<status status="PASS" start="2024-04-15T09:13:15.078599" elapsed="0.000438"/>
</kw>
<kw name="Log" owner="BuiltIn">
<msg time="2024-04-15T09:13:15.079782" level="INFO">{'gender': 'male', 'name': {'title': 'Mr', 'first': 'Mile', 'last': 'Nenezić'}, 'location': {'street': {'number': 6008, 'name': 'Dimitrija Sabova '}, 'city': 'Ćuprija', 'state': 'North Bačka', 'country': 'Serbia', 'postcode': 99438, 'coordinates': {'latitude': '59.8751', 'longitude': '-50.6551'}, 'timezone': {'offset': '+9:30', 'description': 'Adelaide, Darwin'}}, 'email': 'mile.nenezic@example.com', 'login': {'uuid': '77e9237f-bf58-4b8f-bbf2-9d924ffe3705', 'username': 'whitedog611', 'password': 'polly', 'salt': 'U8wFUG9T', 'md5': '0e302f3eb37832f1f9e1cdaaaf700aef', 'sha1': 'b80dbca843bac3c28b80596204600041df49988d', 'sha256': 'f31bdce374c35225870abe99a27481edc9f65d3e265e06815f1066e1853d2e85'}, 'dob': {'date': '1991-06-12T06:18:24.948Z', 'age': 32}, 'registered': {'date': '2014-01-31T08:52:50.291Z', 'age': 10}, 'phone': '019-9924-032', 'cell': '067-7945-886', 'id': {'name': 'SID', 'value': '277791453'}, 'picture': {'large': 'https://randomuser.me/api/portraits/men/15.jpg', 'medium': 'https://randomuser.me/api/portraits/med/men/15.jpg', 'thumbnail': 'https://randomuser.me/api/portraits/thumb/men/15.jpg'}, 'nat': 'RS'}</msg>
<arg>${json_data['results'][0]}</arg>
<doc>Logs the given message with the given level.</doc>
<status status="PASS" start="2024-04-15T09:13:15.079399" elapsed="0.000440"/>
</kw>
<kw name="Log" owner="BuiltIn">
<msg time="2024-04-15T09:13:15.080282" level="INFO">name</msg>
<arg>${key}</arg>
<doc>Logs the given message with the given level.</doc>
<status status="PASS" start="2024-04-15T09:13:15.080150" elapsed="0.000170"/>
</kw>
<var name="${key}">name</var>
<status status="PASS" start="2024-04-15T09:13:15.078485" elapsed="0.002061"/>
</iter>
<iter>
<kw name="Dictionary Should Contain Key" owner="Collections">
<msg time="2024-04-15T09:13:15.081215" level="INFO">False</msg>
<arg>${json_data['results'][0]}</arg>
<arg>${key}</arg>
<doc>Fails if ``key`` is not found from ``dictionary``.</doc>
<status status="PASS" start="2024-04-15T09:13:15.080839" elapsed="0.000414"/>
</kw>
<kw name="Log" owner="BuiltIn">
<msg time="2024-04-15T09:13:15.081905" level="INFO">{'gender': 'male', 'name': {'title': 'Mr', 'first': 'Mile', 'last': 'Nenezić'}, 'location': {'street': {'number': 6008, 'name': 'Dimitrija Sabova '}, 'city': 'Ćuprija', 'state': 'North Bačka', 'country': 'Serbia', 'postcode': 99438, 'coordinates': {'latitude': '59.8751', 'longitude': '-50.6551'}, 'timezone': {'offset': '+9:30', 'description': 'Adelaide, Darwin'}}, 'email': 'mile.nenezic@example.com', 'login': {'uuid': '77e9237f-bf58-4b8f-bbf2-9d924ffe3705', 'username': 'whitedog611', 'password': 'polly', 'salt': 'U8wFUG9T', 'md5': '0e302f3eb37832f1f9e1cdaaaf700aef', 'sha1': 'b80dbca843bac3c28b80596204600041df49988d', 'sha256': 'f31bdce374c35225870abe99a27481edc9f65d3e265e06815f1066e1853d2e85'}, 'dob': {'date': '1991-06-12T06:18:24.948Z', 'age': 32}, 'registered': {'date': '2014-01-31T08:52:50.291Z', 'age': 10}, 'phone': '019-9924-032', 'cell': '067-7945-886', 'id': {'name': 'SID', 'value': '277791453'}, 'picture': {'large': 'https://randomuser.me/api/portraits/men/15.jpg', 'medium': 'https://randomuser.me/api/portraits/med/men/15.jpg', 'thumbnail': 'https://randomuser.me/api/portraits/thumb/men/15.jpg'}, 'nat': 'RS'}</msg>
<arg>${json_data['results'][0]}</arg>
<doc>Logs the given message with the given level.</doc>
<status status="PASS" start="2024-04-15T09:13:15.081545" elapsed="0.000410"/>
</kw>
<kw name="Log" owner="BuiltIn">
<msg time="2024-04-15T09:13:15.082381" level="INFO">location</msg>
<arg>${key}</arg>
<doc>Logs the given message with the given level.</doc>
<status status="PASS" start="2024-04-15T09:13:15.082254" elapsed="0.000165"/>
</kw>
<var name="${key}">location</var>
<status status="PASS" start="2024-04-15T09:13:15.080727" elapsed="0.001910"/>
</iter>
<iter>
<kw name="Dictionary Should Contain Key" owner="Collections">
<msg time="2024-04-15T09:13:15.083342" level="INFO">False</msg>
<arg>${json_data['results'][0]}</arg>
<arg>${key}</arg>
<doc>Fails if ``key`` is not found from ``dictionary``.</doc>
<status status="PASS" start="2024-04-15T09:13:15.082919" elapsed="0.000461"/>
</kw>
<kw name="Log" owner="BuiltIn">
<msg time="2024-04-15T09:13:15.084056" level="INFO">{'gender': 'male', 'name': {'title': 'Mr', 'first': 'Mile', 'last': 'Nenezić'}, 'location': {'street': {'number': 6008, 'name': 'Dimitrija Sabova '}, 'city': 'Ćuprija', 'state': 'North Bačka', 'country': 'Serbia', 'postcode': 99438, 'coordinates': {'latitude': '59.8751', 'longitude': '-50.6551'}, 'timezone': {'offset': '+9:30', 'description': 'Adelaide, Darwin'}}, 'email': 'mile.nenezic@example.com', 'login': {'uuid': '77e9237f-bf58-4b8f-bbf2-9d924ffe3705', 'username': 'whitedog611', 'password': 'polly', 'salt': 'U8wFUG9T', 'md5': '0e302f3eb37832f1f9e1cdaaaf700aef', 'sha1': 'b80dbca843bac3c28b80596204600041df49988d', 'sha256': 'f31bdce374c35225870abe99a27481edc9f65d3e265e06815f1066e1853d2e85'}, 'dob': {'date': '1991-06-12T06:18:24.948Z', 'age': 32}, 'registered': {'date': '2014-01-31T08:52:50.291Z', 'age': 10}, 'phone': '019-9924-032', 'cell': '067-7945-886', 'id': {'name': 'SID', 'value': '277791453'}, 'picture': {'large': 'https://randomuser.me/api/portraits/men/15.jpg', 'medium': 'https://randomuser.me/api/portraits/med/men/15.jpg', 'thumbnail': 'https://randomuser.me/api/portraits/thumb/men/15.jpg'}, 'nat': 'RS'}</msg>
<arg>${json_data['results'][0]}</arg>
<doc>Logs the given message with the given level.</doc>
<status status="PASS" start="2024-04-15T09:13:15.083685" elapsed="0.000421"/>
</kw>
<kw name="Log" owner="BuiltIn">
<msg time="2024-04-15T09:13:15.084537" level="INFO">email</msg>
<arg>${key}</arg>
<doc>Logs the given message with the given level.</doc>
<status status="PASS" start="2024-04-15T09:13:15.084408" elapsed="0.000172"/>
</kw>
<var name="${key}">email</var>
<status status="PASS" start="2024-04-15T09:13:15.082810" elapsed="0.001991"/>
</iter>
<iter>
<kw name="Dictionary Should Contain Key" owner="Collections">
<msg time="2024-04-15T09:13:15.085466" level="INFO">False</msg>
<arg>${json_data['results'][0]}</arg>
<arg>${key}</arg>
<doc>Fails if ``key`` is not found from ``dictionary``.</doc>
<status status="PASS" start="2024-04-15T09:13:15.085090" elapsed="0.000413"/>
</kw>
<kw name="Log" owner="BuiltIn">
<msg time="2024-04-15T09:13:15.086168" level="INFO">{'gender': 'male', 'name': {'title': 'Mr', 'first': 'Mile', 'last': 'Nenezić'}, 'location': {'street': {'number': 6008, 'name': 'Dimitrija Sabova '}, 'city': 'Ćuprija', 'state': 'North Bačka', 'country': 'Serbia', 'postcode': 99438, 'coordinates': {'latitude': '59.8751', 'longitude': '-50.6551'}, 'timezone': {'offset': '+9:30', 'description': 'Adelaide, Darwin'}}, 'email': 'mile.nenezic@example.com', 'login': {'uuid': '77e9237f-bf58-4b8f-bbf2-9d924ffe3705', 'username': 'whitedog611', 'password': 'polly', 'salt': 'U8wFUG9T', 'md5': '0e302f3eb37832f1f9e1cdaaaf700aef', 'sha1': 'b80dbca843bac3c28b80596204600041df49988d', 'sha256': 'f31bdce374c35225870abe99a27481edc9f65d3e265e06815f1066e1853d2e85'}, 'dob': {'date': '1991-06-12T06:18:24.948Z', 'age': 32}, 'registered': {'date': '2014-01-31T08:52:50.291Z', 'age': 10}, 'phone': '019-9924-032', 'cell': '067-7945-886', 'id': {'name': 'SID', 'value': '277791453'}, 'picture': {'large': 'https://randomuser.me/api/portraits/men/15.jpg', 'medium': 'https://randomuser.me/api/portraits/med/men/15.jpg', 'thumbnail': 'https://randomuser.me/api/portraits/thumb/men/15.jpg'}, 'nat': 'RS'}</msg>
<arg>${json_data['results'][0]}</arg>
<doc>Logs the given message with the given level.</doc>
<status status="PASS" start="2024-04-15T09:13:15.085802" elapsed="0.000415"/>
</kw>
<kw name="Log" owner="BuiltIn">
<msg time="2024-04-15T09:13:15.086641" level="INFO">login</msg>
<arg>${key}</arg>
<doc>Logs the given message with the given level.</doc>
<status status="PASS" start="2024-04-15T09:13:15.086515" elapsed="0.000163"/>
</kw>
<var name="${key}">login</var>
<status status="PASS" start="2024-04-15T09:13:15.084974" elapsed="0.001921"/>
</iter>
<var>${key}</var>
<value>@{expected_keys}</value>
<status status="PASS" start="2024-04-15T09:13:15.076110" elapsed="0.010935"/>
</for>
<kw name="Create List" owner="BuiltIn">
<msg time="2024-04-15T09:13:15.087410" level="INFO">${expected_keysTwo} = ['username', 'password']</msg>
<var>${expected_keysTwo}</var>
<arg>username</arg>
<arg>password</arg>
<doc>Returns a list containing given items.</doc>
<status status="PASS" start="2024-04-15T09:13:15.087270" elapsed="0.000163"/>
</kw>
<for flavor="IN">
<iter>
<kw name="Dictionary Should Contain Key" owner="Collections">
<msg time="2024-04-15T09:13:15.088416" level="INFO">False</msg>
<arg>${json_data['results'][0]['login']}</arg>
<arg>${keyTwo}</arg>
<doc>Fails if ``key`` is not found from ``dictionary``.</doc>
<status status="PASS" start="2024-04-15T09:13:15.088030" elapsed="0.000424"/>
</kw>
<kw name="Dictionary Should Contain Key" owner="Collections">
<msg time="2024-04-15T09:13:15.089131" level="INFO">False</msg>
<arg>${json_data['results'][0]['login']}</arg>
<arg>${keyTwo}</arg>
<doc>Fails if ``key`` is not found from ``dictionary``.</doc>
<status status="PASS" start="2024-04-15T09:13:15.088752" elapsed="0.000416"/>
</kw>
<kw name="Log" owner="BuiltIn">
<msg time="2024-04-15T09:13:15.089590" level="INFO">username</msg>
<arg>${keyTwo}</arg>
<doc>Logs the given message with the given level.</doc>
<status status="PASS" start="2024-04-15T09:13:15.089462" elapsed="0.000165"/>
</kw>
<var name="${keyTwo}">username</var>
<status status="PASS" start="2024-04-15T09:13:15.087917" elapsed="0.001926"/>
</iter>
<iter>
<kw name="Dictionary Should Contain Key" owner="Collections">
<msg time="2024-04-15T09:13:15.090497" level="INFO">False</msg>
<arg>${json_data['results'][0]['login']}</arg>
<arg>${keyTwo}</arg>
<doc>Fails if ``key`` is not found from ``dictionary``.</doc>
<status status="PASS" start="2024-04-15T09:13:15.090125" elapsed="0.000409"/>
</kw>
<kw name="Dictionary Should Contain Key" owner="Collections">
<msg time="2024-04-15T09:13:15.091222" level="INFO">False</msg>
<arg>${json_data['results'][0]['login']}</arg>
<arg>${keyTwo}</arg>
<doc>Fails if ``key`` is not found from ``dictionary``.</doc>
<status status="PASS" start="2024-04-15T09:13:15.090828" elapsed="0.000432"/>
</kw>
<kw name="Log" owner="BuiltIn">
<msg time="2024-04-15T09:13:15.091692" level="INFO">password</msg>
<arg>${keyTwo}</arg>
<doc>Logs the given message with the given level.</doc>
<status status="PASS" start="2024-04-15T09:13:15.091565" elapsed="0.000165"/>
</kw>
<var name="${keyTwo}">password</var>
<status status="PASS" start="2024-04-15T09:13:15.090017" elapsed="0.001930"/>
</iter>
<var>${keyTwo}</var>
<value>@{expected_keysTwo}</value>
<status status="PASS" start="2024-04-15T09:13:15.087668" elapsed="0.004401"/>
</for>
<status status="PASS" start="2024-04-15T09:13:14.979373" elapsed="0.112836"/>
</kw>
<doc>Testa a estrutura da resposta da API.</doc>
<tag>testeEstruturaResposta</tag>
<status status="PASS" start="2024-04-15T09:13:14.978565" elapsed="0.113803"/>
</test>
<test id="s1-s1-t4" name="Validar tipos de dados" line="28">
<kw name="Teste de Tipos de Dados" owner="random-user-service">
<kw name="GET On Session" owner="RequestsLibrary">
<msg time="2024-04-15T09:13:15.181273" level="INFO">GET Request : url=https://randomuser.me/api 
 path_url=/api 
 headers={'User-Agent': 'python-requests/2.31.0', 'Accept-Encoding': 'gzip, deflate', 'Accept': '*/*', 'Connection': 'keep-alive'} 
 body=None 
 </msg>
<msg time="2024-04-15T09:13:15.181368" level="INFO">GET Response : url=https://randomuser.me/api 
 status=200, reason=OK 
 headers={'Date': 'Mon, 15 Apr 2024 09:13:15 GMT', 'Content-Type': 'application/json; charset=utf-8', 'Transfer-Encoding': 'chunked', 'Connection': 'keep-alive', 'X-Powered-By': 'Express', 'Access-Control-Allow-Origin': '*', 'Cache-Control': 'no-cache', 'ETag': 'W/"4b0-IzWWYZW5ZUYnH8jUFWF0xXNlDPY"', 'Vary': 'Accept-Encoding', 'Content-Encoding': 'gzip', 'CF-Cache-Status': 'DYNAMIC', 'Report-To': '{"endpoints":[{"url":"https:\\/\\/a.nel.cloudflare.com\\/report\\/v4?s=4MP%2BqxYNWyCUW4gX2hxRBabGQEqOkUcxxYQpYY2q03SwiCUKhg4dowKfcf0VuZTPakRAtg%2BxLUU1tFuGg9s%2FpmbSYD%2Bwmn2MZIYajvm%2BVnRFxIsggvT%2Fn6%2B5uc%2F4UlwL"}],"group":"cf-nel","max_age":604800}', 'NEL': '{"success_fraction":0,"report_to":"cf-nel","max_age":604800}', 'Server': 'cloudflare', 'CF-RAY': '874ad18d5c315800-IAD', 'alt-svc': 'h3=":443"; ma=86400'} 
 body={"results":[{"gender":"female","name":{"title":"Mademoiselle","first":"Zorica","last":"Lambert"},"location":{"street":{"number":6421,"name":"Rue de L'Abbaye"},"city":"Échichens","state":"Genève","country":"Switzerland","postcode":8484,"coordinates":{"latitude":"-58.2899","longitude":"60.4463"},"timezone":{"offset":"+5:00","description":"Ekaterinburg, Islamabad, Karachi, Tashkent"}},"email":"zorica.lambert@example.com","login":{"uuid":"f72ba834-7be0-4d6a-915a-538e11d57fd7","username":"purplegoose295","password":"elite","salt":"T6c1AO1e","md5":"bc8ce07ed3299c6a4b5baa9ae354c341","sha1":"849433c0b028999b0be09e2f7c052ba567b0d4bb","sha256":"20fd0b03e1b00f829cd2ae590be9792d96c2e2f722d8ead9530c71c46c4901c2"},"dob":{"date":"1976-01-17T06:33:31.773Z","age":48},"registered":{"date":"2020-02-27T21:47:20.187Z","age":4},"phone":"076 498 49 43","cell":"078 201 93 23","id":{"name":"AVS","value":"756.6790.8408.06"},"picture":{"large":"https://randomuser.me/api/portraits/women/7.jpg","medium":"https://randomuser.me/api/portraits/med/women/7.jpg","thumbnail":"https://randomuser.me/api/portraits/thumb/women/7.jpg"},"nat":"CH"}],"info":{"seed":"5edaf1c7ef676c1e","results":1,"page":1,"version":"1.4"}} 
 </msg>
<msg time="2024-04-15T09:13:15.181457" level="INFO">/opt/hostedtoolcache/Python/3.12.2/x64/lib/python3.12/site-packages/urllib3/connectionpool.py:1103: InsecureRequestWarning: Unverified HTTPS request is being made to host 'randomuser.me'. Adding certificate verification is strongly advised. See: https://urllib3.readthedocs.io/en/latest/advanced-usage.html#tls-warnings
  warnings.warn(</msg>
<msg time="2024-04-15T09:13:15.181561" level="INFO">${response} = &lt;Response [200]&gt;</msg>
<var>${response}</var>
<arg>consultarAPI</arg>
<arg>/api</arg>
<doc>Sends a GET request on a previously created HTTP Session.</doc>
<status status="PASS" start="2024-04-15T09:13:15.094898" elapsed="0.086707"/>
</kw>
<kw name="Set Variable" owner="BuiltIn">
<msg time="2024-04-15T09:13:15.182952" level="INFO">${json_data} = {'results': [{'gender': 'female', 'name': {'title': 'Mademoiselle', 'first': 'Zorica', 'last': 'Lambert'}, 'location': {'street': {'number': 6421, 'name': "Rue de L'Abbaye"}, 'city': 'Échichens', 'sta...</msg>
<var>${json_data}</var>
<arg>${response.json()}</arg>
<doc>Returns the given values which can then be assigned to a variables.</doc>
<status status="PASS" start="2024-04-15T09:13:15.182238" elapsed="0.000743"/>
</kw>
<kw name="Log" owner="BuiltIn">
<msg time="2024-04-15T09:13:15.183483" level="INFO">{'results': [{'gender': 'female', 'name': {'title': 'Mademoiselle', 'first': 'Zorica', 'last': 'Lambert'}, 'location': {'street': {'number': 6421, 'name': "Rue de L'Abbaye"}, 'city': 'Échichens', 'state': 'Genève', 'country': 'Switzerland', 'postcode': 8484, 'coordinates': {'latitude': '-58.2899', 'longitude': '60.4463'}, 'timezone': {'offset': '+5:00', 'description': 'Ekaterinburg, Islamabad, Karachi, Tashkent'}}, 'email': 'zorica.lambert@example.com', 'login': {'uuid': 'f72ba834-7be0-4d6a-915a-538e11d57fd7', 'username': 'purplegoose295', 'password': 'elite', 'salt': 'T6c1AO1e', 'md5': 'bc8ce07ed3299c6a4b5baa9ae354c341', 'sha1': '849433c0b028999b0be09e2f7c052ba567b0d4bb', 'sha256': '20fd0b03e1b00f829cd2ae590be9792d96c2e2f722d8ead9530c71c46c4901c2'}, 'dob': {'date': '1976-01-17T06:33:31.773Z', 'age': 48}, 'registered': {'date': '2020-02-27T21:47:20.187Z', 'age': 4}, 'phone': '076 498 49 43', 'cell': '078 201 93 23', 'id': {'name': 'AVS', 'value': '756.6790.8408.06'}, 'picture': {'large': 'https://randomuser.me/api/portraits/women/7.jpg', 'medium': 'https://randomuser.me/api/portraits/med/women/7.jpg', 'thumbnail': 'https://randomuser.me/api/portraits/thumb/women/7.jpg'}, 'nat': 'CH'}], 'info': {'seed': '5edaf1c7ef676c1e', 'results': 1, 'page': 1, 'version': '1.4'}}</msg>
<arg>${json_data}</arg>
<doc>Logs the given message with the given level.</doc>
<status status="PASS" start="2024-04-15T09:13:15.183326" elapsed="0.000243"/>
</kw>
<kw name="Should Be String" owner="String">
<arg>${json_data['results'][0]['gender']}</arg>
<doc>Fails if the given ``item`` is not a string.</doc>
<status status="PASS" start="2024-04-15T09:13:15.183877" elapsed="0.000362"/>
</kw>
<kw name="Should Match Regexp" owner="BuiltIn">
<arg>${json_data['results'][0]['email']}</arg>
<arg>^[a-zA-Z0-9._%+-]+@[a-zA-Z0-9.-]+\.[a-zA-Z]{2,}$</arg>
<doc>Fails if ``string`` does not match ``pattern`` as a regular expression.</doc>
<status status="PASS" start="2024-04-15T09:13:15.184431" elapsed="0.000506"/>
</kw>
<kw name="Should Match Regexp" owner="BuiltIn">
<arg>${json_data['results'][0]['dob']['date']}</arg>
<arg>\\d{4}-\\d{2}-\\d{2}T\\d{2}:\\d{2}:\\d{2}\\.\\d{3}Z</arg>
<doc>Fails if ``string`` does not match ``pattern`` as a regular expression.</doc>
<status status="PASS" start="2024-04-15T09:13:15.185132" elapsed="0.000481"/>
</kw>
<kw name="Should Match Regexp" owner="BuiltIn">
<arg>${json_data['results'][0]['registered']['date']}</arg>
<arg>\\d{4}-\\d{2}-\\d{2}T\\d{2}:\\d{2}:\\d{2}\\.\\d{3}Z</arg>
<doc>Fails if ``string`` does not match ``pattern`` as a regular expression.</doc>
<status status="PASS" start="2024-04-15T09:13:15.185809" elapsed="0.000365"/>
</kw>
<kw name="Should Match Regexp" owner="BuiltIn">
<arg>${json_data['results'][0]['picture']['large']}</arg>
<arg>^https?://.*\.(?:png|jpe?g|gif|bmp)$</arg>
<doc>Fails if ``string`` does not match ``pattern`` as a regular expression.</doc>
<status status="PASS" start="2024-04-15T09:13:15.186359" elapsed="0.000448"/>
</kw>
<kw name="Should Match Regexp" owner="BuiltIn">
<arg>${json_data['results'][0]['picture']['medium']}</arg>
<arg>^https?://.*\.(?:png|jpe?g|gif|bmp)$</arg>
<doc>Fails if ``string`` does not match ``pattern`` as a regular expression.</doc>
<status status="PASS" start="2024-04-15T09:13:15.186994" elapsed="0.000390"/>
</kw>
<kw name="Should Match Regexp" owner="BuiltIn">
<arg>${json_data['results'][0]['picture']['thumbnail']}</arg>
<arg>^https?://.*\.(?:png|jpe?g|gif|bmp)$</arg>
<doc>Fails if ``string`` does not match ``pattern`` as a regular expression.</doc>
<status status="PASS" start="2024-04-15T09:13:15.187569" elapsed="0.000357"/>
</kw>
<kw name="Log" owner="BuiltIn">
<msg time="2024-04-15T09:13:15.188438" level="INFO">{'large': 'https://randomuser.me/api/portraits/women/7.jpg', 'medium': 'https://randomuser.me/api/portraits/med/women/7.jpg', 'thumbnail': 'https://randomuser.me/api/portraits/thumb/women/7.jpg'}</msg>
<arg>${json_data['results'][0]['picture']}</arg>
<doc>Logs the given message with the given level.</doc>
<status status="PASS" start="2024-04-15T09:13:15.188110" elapsed="0.000369"/>
</kw>
<status status="PASS" start="2024-04-15T09:13:15.094667" elapsed="0.094066"/>
</kw>
<kw name="Teste de Tipos de Dados - Postcode" owner="random-user-service">
<kw name="GET On Session" owner="RequestsLibrary">
<msg time="2024-04-15T09:13:15.273488" level="INFO">GET Request : url=https://randomuser.me/api 
 path_url=/api 
 headers={'User-Agent': 'python-requests/2.31.0', 'Accept-Encoding': 'gzip, deflate', 'Accept': '*/*', 'Connection': 'keep-alive'} 
 body=None 
 </msg>
<msg time="2024-04-15T09:13:15.273612" level="INFO">GET Response : url=https://randomuser.me/api 
 status=200, reason=OK 
 headers={'Date': 'Mon, 15 Apr 2024 09:13:15 GMT', 'Content-Type': 'application/json; charset=utf-8', 'Transfer-Encoding': 'chunked', 'Connection': 'keep-alive', 'X-Powered-By': 'Express', 'Access-Control-Allow-Origin': '*', 'Cache-Control': 'no-cache', 'ETag': 'W/"49a-P8NP04VBNHqQmkHCAW8QIkhJ1HA"', 'Vary': 'Accept-Encoding', 'Content-Encoding': 'gzip', 'CF-Cache-Status': 'DYNAMIC', 'Report-To': '{"endpoints":[{"url":"https:\\/\\/a.nel.cloudflare.com\\/report\\/v4?s=7Fiq73wTPtHmVTEpssBEMtsjuCcVIp%2FhBvb74EbrUWRc6OnGvAOTjPdYXRCc0Evxz8FQ2MsRA6sZFRn%2Fc2Hd3N2lSZfZ88FkWh0VP7zKQ%2F8dH0RistaT5xbqlFqW%2FiPO"}],"group":"cf-nel","max_age":604800}', 'NEL': '{"success_fraction":0,"report_to":"cf-nel","max_age":604800}', 'Server': 'cloudflare', 'CF-RAY': '874ad18dfc9b5800-IAD', 'alt-svc': 'h3=":443"; ma=86400'} 
 body={"results":[{"gender":"female","name":{"title":"Miss","first":"Dora","last":"Mančić"},"location":{"street":{"number":2438,"name":"Pudarački Put"},"city":"Priština","state":"Central Banat","country":"Serbia","postcode":94998,"coordinates":{"latitude":"56.3125","longitude":"40.4408"},"timezone":{"offset":"-5:00","description":"Eastern Time (US &amp; Canada), Bogota, Lima"}},"email":"dora.mancic@example.com","login":{"uuid":"36443ba1-ff4c-4122-84ba-021bc1b17c15","username":"redbird260","password":"resident","salt":"8sWgiiFt","md5":"e84c36656b19941af1884eb938fdd27d","sha1":"045b4904e7ba2066c79a8ec81176b6e09cbe9427","sha256":"2ed8ddd65622dbc4d68431782b8cb8a4b24894332379d6d16d0060a1d184dd29"},"dob":{"date":"1949-12-06T09:43:13.045Z","age":74},"registered":{"date":"2017-02-17T08:16:41.631Z","age":7},"phone":"017-0480-325","cell":"065-0994-956","id":{"name":"SID","value":"321619266"},"picture":{"large":"https://randomuser.me/api/portraits/women/78.jpg","medium":"https://randomuser.me/api/portraits/med/women/78.jpg","thumbnail":"https://randomuser.me/api/portraits/thumb/women/78.jpg"},"nat":"RS"}],"info":{"seed":"af9d20b76c3f7887","results":1,"page":1,"version":"1.4"}} 
 </msg>
<msg time="2024-04-15T09:13:15.273726" level="INFO">/opt/hostedtoolcache/Python/3.12.2/x64/lib/python3.12/site-packages/urllib3/connectionpool.py:1103: InsecureRequestWarning: Unverified HTTPS request is being made to host 'randomuser.me'. Adding certificate verification is strongly advised. See: https://urllib3.readthedocs.io/en/latest/advanced-usage.html#tls-warnings
  warnings.warn(</msg>
<msg time="2024-04-15T09:13:15.273871" level="INFO">${response} = &lt;Response [200]&gt;</msg>
<var>${response}</var>
<arg>consultarAPI</arg>
<arg>/api</arg>
<doc>Sends a GET request on a previously created HTTP Session.</doc>
<status status="PASS" start="2024-04-15T09:13:15.189188" elapsed="0.084723"/>
</kw>
<kw name="Set Variable" owner="BuiltIn">
<msg time="2024-04-15T09:13:15.275432" level="INFO">${json_data} = {'results': [{'gender': 'female', 'name': {'title': 'Miss', 'first': 'Dora', 'last': 'Mančić'}, 'location': {'street': {'number': 2438, 'name': 'Pudarački Put'}, 'city': 'Priština', 'state': 'Central ...</msg>
<var>${json_data}</var>
<arg>${response.json()}</arg>
<doc>Returns the given values which can then be assigned to a variables.</doc>
<status status="PASS" start="2024-04-15T09:13:15.274717" elapsed="0.000746"/>
</kw>
<kw name="Log" owner="BuiltIn">
<msg time="2024-04-15T09:13:15.275964" level="INFO">{'results': [{'gender': 'female', 'name': {'title': 'Miss', 'first': 'Dora', 'last': 'Mančić'}, 'location': {'street': {'number': 2438, 'name': 'Pudarački Put'}, 'city': 'Priština', 'state': 'Central Banat', 'country': 'Serbia', 'postcode': 94998, 'coordinates': {'latitude': '56.3125', 'longitude': '40.4408'}, 'timezone': {'offset': '-5:00', 'description': 'Eastern Time (US &amp; Canada), Bogota, Lima'}}, 'email': 'dora.mancic@example.com', 'login': {'uuid': '36443ba1-ff4c-4122-84ba-021bc1b17c15', 'username': 'redbird260', 'password': 'resident', 'salt': '8sWgiiFt', 'md5': 'e84c36656b19941af1884eb938fdd27d', 'sha1': '045b4904e7ba2066c79a8ec81176b6e09cbe9427', 'sha256': '2ed8ddd65622dbc4d68431782b8cb8a4b24894332379d6d16d0060a1d184dd29'}, 'dob': {'date': '1949-12-06T09:43:13.045Z', 'age': 74}, 'registered': {'date': '2017-02-17T08:16:41.631Z', 'age': 7}, 'phone': '017-0480-325', 'cell': '065-0994-956', 'id': {'name': 'SID', 'value': '321619266'}, 'picture': {'large': 'https://randomuser.me/api/portraits/women/78.jpg', 'medium': 'https://randomuser.me/api/portraits/med/women/78.jpg', 'thumbnail': 'https://randomuser.me/api/portraits/thumb/women/78.jpg'}, 'nat': 'RS'}], 'info': {'seed': 'af9d20b76c3f7887', 'results': 1, 'page': 1, 'version': '1.4'}}</msg>
<arg>${json_data}</arg>
<doc>Logs the given message with the given level.</doc>
<status status="PASS" start="2024-04-15T09:13:15.275800" elapsed="0.000254"/>
</kw>
<kw name="Should Be Equal As Numbers" owner="BuiltIn">
<arg>${json_data['results'][0]['location']['postcode']}</arg>
<arg>${json_data['results'][0]['location']['postcode']}</arg>
<doc>Fails if objects are unequal after converting them to real numbers.</doc>
<status status="PASS" start="2024-04-15T09:13:15.276363" elapsed="0.000626"/>
</kw>
<kw name="Log" owner="BuiltIn">
<msg time="2024-04-15T09:13:15.277517" level="INFO">94998</msg>
<arg>${json_data['results'][0]['location']['postcode']}</arg>
<doc>Logs the given message with the given level.</doc>
<status status="PASS" start="2024-04-15T09:13:15.277181" elapsed="0.000376"/>
</kw>
<status status="PASS" start="2024-04-15T09:13:15.188955" elapsed="0.088862"/>
</kw>
<doc>Testa se os tipos de dados na resposta da API estão corretos.</doc>
<tag>testeTiposDados</tag>
<status status="PASS" start="2024-04-15T09:13:15.094108" elapsed="0.183884"/>
</test>
<test id="s1-s1-t5" name="Validar conteudo" line="35">
<kw name="Teste de Tipos de Conteudo" owner="random-user-service">
<kw name="GET On Session" owner="RequestsLibrary">
<msg time="2024-04-15T09:13:15.384981" level="INFO">GET Request : url=https://randomuser.me/api 
 path_url=/api 
 headers={'User-Agent': 'python-requests/2.31.0', 'Accept-Encoding': 'gzip, deflate', 'Accept': '*/*', 'Connection': 'keep-alive'} 
 body=None 
 </msg>
<msg time="2024-04-15T09:13:15.385093" level="INFO">GET Response : url=https://randomuser.me/api 
 status=200, reason=OK 
 headers={'Date': 'Mon, 15 Apr 2024 09:13:15 GMT', 'Content-Type': 'application/json; charset=utf-8', 'Transfer-Encoding': 'chunked', 'Connection': 'keep-alive', 'X-Powered-By': 'Express', 'Access-Control-Allow-Origin': '*', 'Cache-Control': 'no-cache', 'ETag': 'W/"485-CBfFCJMkiPpNC2ERgcUslB+UMSs"', 'Vary': 'Accept-Encoding', 'Content-Encoding': 'gzip', 'CF-Cache-Status': 'DYNAMIC', 'Report-To': '{"endpoints":[{"url":"https:\\/\\/a.nel.cloudflare.com\\/report\\/v4?s=QkznBCcKrfyLGfzkuRk2dgYGJ9%2Fdlr%2BHYCS89D%2Fs9JS3I8nERwnNnRTnbOHIPtCHVGpop%2BWxhNiwoxhjxNsBHe1hjLw30rObpbFloy21kWajz4ompflP9XS9gqauoqXF"}],"group":"cf-nel","max_age":604800}', 'NEL': '{"success_fraction":0,"report_to":"cf-nel","max_age":604800}', 'Server': 'cloudflare', 'CF-RAY': '874ad18e8ce15800-IAD', 'alt-svc': 'h3=":443"; ma=86400'} 
 body={"results":[{"gender":"male","name":{"title":"Mr","first":"Victor","last":"Jørgensen"},"location":{"street":{"number":1664,"name":"Anlægsvej"},"city":"Stenderup","state":"Nordjylland","country":"Denmark","postcode":30774,"coordinates":{"latitude":"-41.0972","longitude":"-93.0517"},"timezone":{"offset":"+2:00","description":"Kaliningrad, South Africa"}},"email":"victor.jorgensen@example.com","login":{"uuid":"f5820c93-c3b4-4783-b32c-ff10359cc917","username":"blackpeacock973","password":"christine","salt":"XoTsCIm7","md5":"65a36cb0a90aecd86e5b05a5f18913e5","sha1":"756c20621563e3485ed159706c9143835c732aca","sha256":"063191565bc80d46fffb305e33eabe19471c2deabc0b8ea2836d0d84cdf99b1c"},"dob":{"date":"1999-03-20T03:25:40.796Z","age":25},"registered":{"date":"2003-12-03T21:55:10.858Z","age":20},"phone":"23578604","cell":"42734126","id":{"name":"CPR","value":"190399-6247"},"picture":{"large":"https://randomuser.me/api/portraits/men/2.jpg","medium":"https://randomuser.me/api/portraits/med/men/2.jpg","thumbnail":"https://randomuser.me/api/portraits/thumb/men/2.jpg"},"nat":"DK"}],"info":{"seed":"05b7ac752673eb37","results":1,"page":1,"version":"1.4"}} 
 </msg>
<msg time="2024-04-15T09:13:15.385182" level="INFO">/opt/hostedtoolcache/Python/3.12.2/x64/lib/python3.12/site-packages/urllib3/connectionpool.py:1103: InsecureRequestWarning: Unverified HTTPS request is being made to host 'randomuser.me'. Adding certificate verification is strongly advised. See: https://urllib3.readthedocs.io/en/latest/advanced-usage.html#tls-warnings
  warnings.warn(</msg>
<msg time="2024-04-15T09:13:15.385312" level="INFO">${response} = &lt;Response [200]&gt;</msg>
<var>${response}</var>
<arg>consultarAPI</arg>
<arg>/api</arg>
<doc>Sends a GET request on a previously created HTTP Session.</doc>
<status status="PASS" start="2024-04-15T09:13:15.281360" elapsed="0.103996"/>
</kw>
<kw name="Set Variable" owner="BuiltIn">
<msg time="2024-04-15T09:13:15.386489" level="INFO">${json_data} = {'results': [{'gender': 'male', 'name': {'title': 'Mr', 'first': 'Victor', 'last': 'Jørgensen'}, 'location': {'street': {'number': 1664, 'name': 'Anlægsvej'}, 'city': 'Stenderup', 'state': 'Nordjyllan...</msg>
<var>${json_data}</var>
<arg>${response.json()}</arg>
<doc>Returns the given values which can then be assigned to a variables.</doc>
<status status="PASS" start="2024-04-15T09:13:15.385931" elapsed="0.000587"/>
</kw>
<kw name="Set Variable" owner="BuiltIn">
<msg time="2024-04-15T09:13:15.387239" level="INFO">${name_title} = Mr</msg>
<var>${name_title}</var>
<arg>${json_data["results"][0]["name"]["title"]}</arg>
<doc>Returns the given values which can then be assigned to a variables.</doc>
<status status="PASS" start="2024-04-15T09:13:15.386827" elapsed="0.000438"/>
</kw>
<kw name="Create List" owner="BuiltIn">
<msg time="2024-04-15T09:13:15.387737" level="INFO">${allowed_titles} = ['Mr', 'Ms', 'Miss', 'Mrs', 'Madame', 'Monsieur']</msg>
<var>${allowed_titles}</var>
<arg>Mr</arg>
<arg>Ms</arg>
<arg>Miss</arg>
<arg>Mrs</arg>
<arg>Madame</arg>
<arg>Monsieur</arg>
<doc>Returns a list containing given items.</doc>
<status status="PASS" start="2024-04-15T09:13:15.387587" elapsed="0.000174"/>
</kw>
<kw name="List Should Contain Value" owner="Collections">
<msg time="2024-04-15T09:13:15.388243" level="INFO">False</msg>
<arg>${allowed_titles}</arg>
<arg>${name_title}</arg>
<doc>Fails if the ``value`` is not found from ``list``.</doc>
<status status="PASS" start="2024-04-15T09:13:15.388069" elapsed="0.000211"/>
</kw>
<kw name="Set Variable" owner="BuiltIn">
<msg time="2024-04-15T09:13:15.388947" level="INFO">${name_country} = DK</msg>
<var>${name_country}</var>
<arg>${json_data["results"][0]["nat"]}</arg>
<doc>Returns the given values which can then be assigned to a variables.</doc>
<status status="PASS" start="2024-04-15T09:13:15.388568" elapsed="0.000404"/>
</kw>
<kw name="Create List" owner="BuiltIn">
<msg time="2024-04-15T09:13:15.389876" level="INFO">${list_country} = ['AD', 'AE', 'AF', 'AG', 'AI', 'AL', 'AM', 'AO', 'AQ', 'AR', 'AS', 'AT', 'AU', 'AW', 'AX', 'AZ', 'BA', 'BB', 'BD', 'BE', 'BF', 'BG', 'BH', 'BI', 'BJ', 'BL', 'BM', 'BN', 'BO', 'BQ', 'BR', 'BS', 'BT', '...</msg>
<var>${list_country}</var>
<arg>AD</arg>
<arg>AE</arg>
<arg>AF</arg>
<arg>AG</arg>
<arg>AI</arg>
<arg>AL</arg>
<arg>AM</arg>
<arg>AO</arg>
<arg>AQ</arg>
<arg>AR</arg>
<arg>AS</arg>
<arg>AT</arg>
<arg>AU</arg>
<arg>AW</arg>
<arg>AX</arg>
<arg>AZ</arg>
<arg>BA</arg>
<arg>BB</arg>
<arg>BD</arg>
<arg>BE</arg>
<arg>BF</arg>
<arg>BG</arg>
<arg>BH</arg>
<arg>BI</arg>
<arg>BJ</arg>
<arg>BL</arg>
<arg>BM</arg>
<arg>BN</arg>
<arg>BO</arg>
<arg>BQ</arg>
<arg>BR</arg>
<arg>BS</arg>
<arg>BT</arg>
<arg>BV</arg>
<arg>BW</arg>
<arg>BY</arg>
<arg>BZ</arg>
<arg>CA</arg>
<arg>CC</arg>
<arg>CD</arg>
<arg>CF</arg>
<arg>CG</arg>
<arg>CH</arg>
<arg>CI</arg>
<arg>CK</arg>
<arg>CL</arg>
<arg>CM</arg>
<arg>CN</arg>
<arg>CO</arg>
<arg>CR</arg>
<arg>CU</arg>
<arg>CV</arg>
<arg>CW</arg>
<arg>CX</arg>
<arg>CY</arg>
<arg>CZ</arg>
<arg>DE</arg>
<arg>DJ</arg>
<arg>DK</arg>
<arg>DM</arg>
<arg>DO</arg>
<arg>DZ</arg>
<arg>EC</arg>
<arg>EE</arg>
<arg>EG</arg>
<arg>EH</arg>
<arg>ER</arg>
<arg>ES</arg>
<arg>ET</arg>
<arg>FI</arg>
<arg>FJ</arg>
<arg>FK</arg>
<arg>FM</arg>
<arg>FO</arg>
<arg>FR</arg>
<arg>GA</arg>
<arg>GB</arg>
<arg>GD</arg>
<arg>GE</arg>
<arg>GF</arg>
<arg>GG</arg>
<arg>GH</arg>
<arg>GI</arg>
<arg>GL</arg>
<arg>GM</arg>
<arg>GN</arg>
<arg>GP</arg>
<arg>GQ</arg>
<arg>GR</arg>
<arg>GS</arg>
<arg>GT</arg>
<arg>GU</arg>
<arg>GW</arg>
<arg>GY</arg>
<arg>HK</arg>
<arg>HM</arg>
<arg>HN</arg>
<arg>HR</arg>
<arg>HT</arg>
<arg>HU</arg>
<arg>ID</arg>
<arg>IE</arg>
<arg>IL</arg>
<arg>IM</arg>
<arg>IN</arg>
<arg>IO</arg>
<arg>IQ</arg>
<arg>IR</arg>
<arg>IS</arg>
<arg>IT</arg>
<arg>JE</arg>
<arg>JM</arg>
<arg>JO</arg>
<arg>JP</arg>
<arg>KE</arg>
<arg>KG</arg>
<arg>KH</arg>
<arg>KI</arg>
<arg>KM</arg>
<arg>KN</arg>
<arg>KP</arg>
<arg>KR</arg>
<arg>KW</arg>
<arg>KY</arg>
<arg>KZ</arg>
<arg>LA</arg>
<arg>LB</arg>
<arg>LC</arg>
<arg>LI</arg>
<arg>LK</arg>
<arg>LR</arg>
<arg>LS</arg>
<arg>LT</arg>
<arg>LU</arg>
<arg>LV</arg>
<arg>LY</arg>
<arg>MA</arg>
<arg>MC</arg>
<arg>MD</arg>
<arg>ME</arg>
<arg>MF</arg>
<arg>MG</arg>
<arg>MH</arg>
<arg>MK</arg>
<arg>ML</arg>
<arg>MM</arg>
<arg>MN</arg>
<arg>MO</arg>
<arg>MP</arg>
<arg>MQ</arg>
<arg>MR</arg>
<arg>MS</arg>
<arg>MT</arg>
<arg>MU</arg>
<arg>MV</arg>
<arg>MW</arg>
<arg>MX</arg>
<arg>MY</arg>
<arg>MZ</arg>
<arg>NA</arg>
<arg>NC</arg>
<arg>NE</arg>
<arg>NF</arg>
<arg>NG</arg>
<arg>NI</arg>
<arg>NL</arg>
<arg>NO</arg>
<arg>NP</arg>
<arg>NR</arg>
<arg>NU</arg>
<arg>NZ</arg>
<arg>OM</arg>
<arg>PA</arg>
<arg>PE</arg>
<arg>PF</arg>
<arg>PG</arg>
<arg>PH</arg>
<arg>PK</arg>
<arg>PL</arg>
<arg>PM</arg>
<arg>PN</arg>
<arg>PR</arg>
<arg>PS</arg>
<arg>PT</arg>
<arg>PW</arg>
<arg>PY</arg>
<arg>QA</arg>
<arg>RE</arg>
<arg>RO</arg>
<arg>RS</arg>
<arg>RU</arg>
<arg>RW</arg>
<arg>SA</arg>
<arg>SB</arg>
<arg>SC</arg>
<arg>SD</arg>
<arg>SE</arg>
<arg>SG</arg>
<arg>SH</arg>
<arg>SI</arg>
<arg>SJ</arg>
<arg>SK</arg>
<arg>SL</arg>
<arg>SM</arg>
<arg>SN</arg>
<arg>SO</arg>
<arg>SR</arg>
<arg>SS</arg>
<arg>ST</arg>
<arg>SV</arg>
<arg>SX</arg>
<arg>SY</arg>
<arg>SZ</arg>
<arg>TC</arg>
<arg>TD</arg>
<arg>TF</arg>
<arg>TG</arg>
<arg>TH</arg>
<arg>TJ</arg>
<arg>TK</arg>
<arg>TL</arg>
<arg>TM</arg>
<arg>TN</arg>
<arg>TO</arg>
<arg>TR</arg>
<arg>TT</arg>
<arg>TV</arg>
<arg>TW</arg>
<arg>TZ</arg>
<arg>UA</arg>
<arg>UG</arg>
<arg>UM</arg>
<arg>US</arg>
<arg>UY</arg>
<arg>UZ</arg>
<arg>VA</arg>
<arg>VC</arg>
<arg>VE</arg>
<arg>VG</arg>
<arg>VI</arg>
<arg>VN</arg>
<arg>VU</arg>
<arg>WF</arg>
<arg>WS</arg>
<arg>XK</arg>
<arg>YE</arg>
<arg>YT</arg>
<arg>ZA</arg>
<arg>ZM</arg>
<arg>ZW</arg>
<doc>Returns a list containing given items.</doc>
<status status="PASS" start="2024-04-15T09:13:15.389277" elapsed="0.000624"/>
</kw>
<kw name="List Should Contain Value" owner="Collections">
<msg time="2024-04-15T09:13:15.390884" level="INFO">False</msg>
<arg>${list_country}</arg>
<arg>${name_country}</arg>
<doc>Fails if the ``value`` is not found from ``list``.</doc>
<status status="PASS" start="2024-04-15T09:13:15.390684" elapsed="0.000237"/>
</kw>
<kw name="Run Keyword If" owner="BuiltIn">
<kw name="Should Be True" owner="BuiltIn">
<arg>${True}</arg>
<doc>Fails if the given condition is not true.</doc>
<status status="PASS" start="2024-04-15T09:13:15.392184" elapsed="0.000148"/>
</kw>
<arg>${json_data["results"][0]["location"]["coordinates"]["latitude"]} &gt;= -90 and ${json_data["results"][0]["location"]["coordinates"]["latitude"]} &lt;= 90</arg>
<arg>Should Be True</arg>
<arg>${True}</arg>
<doc>Runs the given keyword with the given arguments, if ``condition`` is true.</doc>
<status status="PASS" start="2024-04-15T09:13:15.391267" elapsed="0.001194"/>
</kw>
<kw name="Run Keyword If" owner="BuiltIn">
<kw name="Should Be True" owner="BuiltIn">
<arg>${True}</arg>
<doc>Fails if the given condition is not true.</doc>
<status status="PASS" start="2024-04-15T09:13:15.393342" elapsed="0.000137"/>
</kw>
<arg>${json_data["results"][0]["location"]["coordinates"]["longitude"]} &gt;= -180 and ${json_data["results"][0]["location"]["coordinates"]["longitude"]} &lt;= 180</arg>
<arg>Should Be True</arg>
<arg>${True}</arg>
<doc>Runs the given keyword with the given arguments, if ``condition`` is true.</doc>
<status status="PASS" start="2024-04-15T09:13:15.392645" elapsed="0.000958"/>
</kw>
<status status="PASS" start="2024-04-15T09:13:15.280979" elapsed="0.112756"/>
</kw>
<doc>Testa o conteúdo específico dos campos retornados pela API.</doc>
<tag>testeConteudo</tag>
<status status="PASS" start="2024-04-15T09:13:15.280208" elapsed="0.113691"/>
</test>
<status status="PASS" start="2024-04-15T09:13:14.419772" elapsed="0.976099"/>
</suite>
<status status="PASS" start="2024-04-15T09:13:14.406223" elapsed="0.994914"/>
</suite>
<statistics>
<total>
<stat pass="5" fail="0" skip="0">All Tests</stat>
</total>
<tag>
<stat pass="1" fail="0" skip="0">testeConteudo</stat>
<stat pass="1" fail="0" skip="0">testeEstruturaResposta</stat>
<stat pass="1" fail="0" skip="0">testeRequisicaoBasica</stat>
<stat pass="1" fail="0" skip="0">testeTiposDados</stat>
</tag>
<suite>
<stat pass="5" fail="0" skip="0" id="s1" name="Tests">Tests</stat>
<stat pass="5" fail="0" skip="0" id="s1-s1" name="Random-User-Test">Tests.Random-User-Test</stat>
</suite>
</statistics>
<errors>
</errors>
</robot>
