<?xml version="1.0" encoding="UTF-8"?>
<robot generator="Robot 7.0 (Python 3.12.3 on linux)" generated="2024-04-24T17:14:49.692398" rpa="false" schemaversion="5">
<suite id="s1" name="Tests" source="/home/runner/work/DesafioQAItauRogerioJordao/DesafioQAItauRogerioJordao/RamdonUser/tests">
<suite id="s1-s1" name="Random-User-Test" source="/home/runner/work/DesafioQAItauRogerioJordao/DesafioQAItauRogerioJordao/RamdonUser/tests/random-user-test.robot">
<test id="s1-s1-t1" name="Conectar" line="13">
<kw name="Conectar API" owner="random-user-service">
<kw name="Create Session" owner="RequestsLibrary">
<msg time="2024-04-24T17:14:50.049962" level="INFO">Creating Session using : alias=consultarAPI, url=https://randomuser.me/, headers={},                     cookies={}, auth=None, timeout=None, proxies=None, verify=False,                     debug=0 </msg>
<arg>consultarAPI</arg>
<arg>${URL}</arg>
<doc>Create Session: create a HTTP session to a server</doc>
<status status="PASS" start="2024-04-24T17:14:50.049766" elapsed="0.000377"/>
</kw>
<status status="PASS" start="2024-04-24T17:14:50.048777" elapsed="0.001719"/>
</kw>
<status status="PASS" start="2024-04-24T17:14:50.048196" elapsed="0.002490"/>
</test>
<test id="s1-s1-t2" name="Validar retorno 200 e JSON Válido" line="16">
<kw name="Teste de Requisicao Basica" owner="random-user-service">
<kw name="GET On Session" owner="RequestsLibrary">
<msg time="2024-04-24T17:14:50.210976" level="INFO">GET Request : url=https://randomuser.me/api 
 path_url=/api 
 headers={'User-Agent': 'python-requests/2.31.0', 'Accept-Encoding': 'gzip, deflate', 'Accept': '*/*', 'Connection': 'keep-alive'} 
 body=None 
 </msg>
<msg time="2024-04-24T17:14:50.211127" level="INFO">GET Response : url=https://randomuser.me/api 
 status=200, reason=OK 
 headers={'Date': 'Wed, 24 Apr 2024 17:14:50 GMT', 'Content-Type': 'application/json; charset=utf-8', 'Transfer-Encoding': 'chunked', 'Connection': 'keep-alive', 'X-Powered-By': 'Express', 'Access-Control-Allow-Origin': '*', 'Cache-Control': 'no-cache', 'ETag': 'W/"4a3-KH1LNJL/Hb055+H669gwJkPfx6M"', 'Vary': 'Accept-Encoding', 'Content-Encoding': 'gzip', 'CF-Cache-Status': 'DYNAMIC', 'Report-To': '{"endpoints":[{"url":"https:\\/\\/a.nel.cloudflare.com\\/report\\/v4?s=MQY%2FzLeNx%2Bmg0ZZ2SuMMHnzCmiR%2BmutT3A5bRHEjcSAR3cCXZqx8XSQGQVX9jYO2SQaKSoJ%2FUq58wDlIrlgJzdSGelOfrbqNwD39uK7N%2FKaQWBZwpGVAUENt7gluNOYw"}],"group":"cf-nel","max_age":604800}', 'NEL': '{"success_fraction":0,"report_to":"cf-nel","max_age":604800}', 'Server': 'cloudflare', 'CF-RAY': '8797bb5f3f251011-LAX', 'alt-svc': 'h3=":443"; ma=86400'} 
 body={"results":[{"gender":"female","name":{"title":"Mrs","first":"Arieta","last":"Silveira"},"location":{"street":{"number":5916,"name":"Rua Bela Vista "},"city":"Araras","state":"Tocantins","country":"Brazil","postcode":11204,"coordinates":{"latitude":"-78.2417","longitude":"177.2027"},"timezone":{"offset":"+3:00","description":"Baghdad, Riyadh, Moscow, St. Petersburg"}},"email":"arieta.silveira@example.com","login":{"uuid":"1e88920f-02b1-4e56-b2e6-40e98b45fc57","username":"happyfish142","password":"sweden","salt":"kRg5vxBh","md5":"bca2d18a425e97404cf2db8251910d7d","sha1":"a05d4db92cb9ab984f87578c3af532981809e13f","sha256":"c847f734728c54a6b4f751b9a3ee2c05b5578bed3fcc821757359c1b466db619"},"dob":{"date":"1996-05-29T08:26:35.878Z","age":27},"registered":{"date":"2014-08-22T12:20:51.691Z","age":9},"phone":"(72) 3973-4082","cell":"(54) 0743-1343","id":{"name":"CPF","value":"589.766.552-20"},"picture":{"large":"https://randomuser.me/api/portraits/women/50.jpg","medium":"https://randomuser.me/api/portraits/med/women/50.jpg","thumbnail":"https://randomuser.me/api/portraits/thumb/women/50.jpg"},"nat":"BR"}],"info":{"seed":"e6861540377ef492","results":1,"page":1,"version":"1.4"}} 
 </msg>
<msg time="2024-04-24T17:14:50.211233" level="INFO">/opt/hostedtoolcache/Python/3.12.3/x64/lib/python3.12/site-packages/urllib3/connectionpool.py:1103: InsecureRequestWarning: Unverified HTTPS request is being made to host 'randomuser.me'. Adding certificate verification is strongly advised. See: https://urllib3.readthedocs.io/en/latest/advanced-usage.html#tls-warnings
  warnings.warn(</msg>
<msg time="2024-04-24T17:14:50.211400" level="INFO">${response} = &lt;Response [200]&gt;</msg>
<var>${response}</var>
<arg>consultarAPI</arg>
<arg>/api</arg>
<doc>Sends a GET request on a previously created HTTP Session.</doc>
<status status="PASS" start="2024-04-24T17:14:50.053408" elapsed="0.158036"/>
</kw>
<kw name="Should Be Equal As Numbers" owner="BuiltIn">
<msg time="2024-04-24T17:14:50.212449" level="INFO">Argument types are:
&lt;class 'int'&gt;
&lt;class 'str'&gt;</msg>
<arg>${response.status_code}</arg>
<arg>200</arg>
<doc>Fails if objects are unequal after converting them to real numbers.</doc>
<status status="PASS" start="2024-04-24T17:14:50.211977" elapsed="0.000540"/>
</kw>
<kw name="Log" owner="BuiltIn">
<msg time="2024-04-24T17:14:50.213325" level="INFO">200</msg>
<arg>${response.status_code}</arg>
<doc>Logs the given message with the given level.</doc>
<status status="PASS" start="2024-04-24T17:14:50.212910" elapsed="0.000459"/>
</kw>
<kw name="Set Variable" owner="BuiltIn">
<msg time="2024-04-24T17:14:50.214158" level="INFO">${json_data} = {'results': [{'gender': 'female', 'name': {'title': 'Mrs', 'first': 'Arieta', 'last': 'Silveira'}, 'location': {'street': {'number': 5916, 'name': 'Rua Bela Vista '}, 'city': 'Araras', 'state': 'Tocan...</msg>
<var>${json_data}</var>
<arg>${response.json()}</arg>
<doc>Returns the given values which can then be assigned to a variables.</doc>
<status status="PASS" start="2024-04-24T17:14:50.213694" elapsed="0.000493"/>
</kw>
<kw name="Dictionary Should Contain Key" owner="Collections">
<msg time="2024-04-24T17:14:50.214669" level="INFO">False</msg>
<arg>${json_data}</arg>
<arg>results</arg>
<doc>Fails if ``key`` is not found from ``dictionary``.</doc>
<status status="PASS" start="2024-04-24T17:14:50.214498" elapsed="0.000212"/>
</kw>
<status status="PASS" start="2024-04-24T17:14:50.053158" elapsed="0.161817"/>
</kw>
<doc>Testa se a API responde corretamente e retorna um objeto JSON válido.</doc>
<tag>testeRequisicaoBasica</tag>
<status status="PASS" start="2024-04-24T17:14:50.052643" elapsed="0.162521"/>
</test>
<test id="s1-s1-t3" name="Validar estrutura de resposta" line="22">
<kw name="Teste de Estrutura de Resposta" owner="random-user-service">
<kw name="GET On Session" owner="RequestsLibrary">
<msg time="2024-04-24T17:14:50.318552" level="INFO">GET Request : url=https://randomuser.me/api 
 path_url=/api 
 headers={'User-Agent': 'python-requests/2.31.0', 'Accept-Encoding': 'gzip, deflate', 'Accept': '*/*', 'Connection': 'keep-alive'} 
 body=None 
 </msg>
<msg time="2024-04-24T17:14:50.318659" level="INFO">GET Response : url=https://randomuser.me/api 
 status=200, reason=OK 
 headers={'Date': 'Wed, 24 Apr 2024 17:14:50 GMT', 'Content-Type': 'application/json; charset=utf-8', 'Transfer-Encoding': 'chunked', 'Connection': 'keep-alive', 'X-Powered-By': 'Express', 'Access-Control-Allow-Origin': '*', 'Cache-Control': 'no-cache', 'ETag': 'W/"499-wk0Y5n4zBWRTdFWtzg6pET/3mZM"', 'Vary': 'Accept-Encoding', 'Content-Encoding': 'gzip', 'CF-Cache-Status': 'DYNAMIC', 'Report-To': '{"endpoints":[{"url":"https:\\/\\/a.nel.cloudflare.com\\/report\\/v4?s=IYY%2Bp73JqfoyHdYur0%2F0Hz2B6ERrlrOoIeWBoj08ni0isVkykC%2BVcRzUM%2FB8gQYth0KB0%2F7yZYeKVqdkdd%2FNtgtgMiFDCkgAGTEZqNdX9dYbvO77T8%2FrTj0OwNgBqUkG"}],"group":"cf-nel","max_age":604800}', 'NEL': '{"success_fraction":0,"report_to":"cf-nel","max_age":604800}', 'Server': 'cloudflare', 'CF-RAY': '8797bb5fe8121011-LAX', 'alt-svc': 'h3=":443"; ma=86400'} 
 body={"results":[{"gender":"female","name":{"title":"Mrs","first":"Lisa","last":"Krämer"},"location":{"street":{"number":7376,"name":"Eichenweg"},"city":"Hettingen","state":"Hessen","country":"Germany","postcode":89657,"coordinates":{"latitude":"-54.9076","longitude":"64.8504"},"timezone":{"offset":"+3:00","description":"Baghdad, Riyadh, Moscow, St. Petersburg"}},"email":"lisa.kramer@example.com","login":{"uuid":"9778b466-ef39-4622-af4d-afae313e3d8c","username":"ticklishmouse981","password":"dogbert","salt":"8oLzjkl0","md5":"26e347e2e852449640b519139633b172","sha1":"2cb7d621e0d6bde266883d549752284fe24f99d3","sha256":"0ed539d988e8e8f0fce45afb72048dd71c9938c6592db883d8fe5dbf8fd5ebd4"},"dob":{"date":"1981-02-20T14:44:12.133Z","age":43},"registered":{"date":"2020-10-20T00:46:47.140Z","age":3},"phone":"0118-2857922","cell":"0172-8043011","id":{"name":"SVNR","value":"28 200281 K 588"},"picture":{"large":"https://randomuser.me/api/portraits/women/21.jpg","medium":"https://randomuser.me/api/portraits/med/women/21.jpg","thumbnail":"https://randomuser.me/api/portraits/thumb/women/21.jpg"},"nat":"DE"}],"info":{"seed":"fc0b42191ac33e8f","results":1,"page":1,"version":"1.4"}} 
 </msg>
<msg time="2024-04-24T17:14:50.318808" level="INFO">/opt/hostedtoolcache/Python/3.12.3/x64/lib/python3.12/site-packages/urllib3/connectionpool.py:1103: InsecureRequestWarning: Unverified HTTPS request is being made to host 'randomuser.me'. Adding certificate verification is strongly advised. See: https://urllib3.readthedocs.io/en/latest/advanced-usage.html#tls-warnings
  warnings.warn(</msg>
<msg time="2024-04-24T17:14:50.318952" level="INFO">${response} = &lt;Response [200]&gt;</msg>
<var>${response}</var>
<arg>consultarAPI</arg>
<arg>/api</arg>
<doc>Sends a GET request on a previously created HTTP Session.</doc>
<status status="PASS" start="2024-04-24T17:14:50.218495" elapsed="0.100515"/>
</kw>
<kw name="Set Variable" owner="BuiltIn">
<msg time="2024-04-24T17:14:50.320053" level="INFO">${json_data} = {'results': [{'gender': 'female', 'name': {'title': 'Mrs', 'first': 'Lisa', 'last': 'Krämer'}, 'location': {'street': {'number': 7376, 'name': 'Eichenweg'}, 'city': 'Hettingen', 'state': 'Hessen', 'co...</msg>
<var>${json_data}</var>
<arg>${response.json()}</arg>
<doc>Returns the given values which can then be assigned to a variables.</doc>
<status status="PASS" start="2024-04-24T17:14:50.319499" elapsed="0.000586"/>
</kw>
<kw name="Log" owner="BuiltIn">
<msg time="2024-04-24T17:14:50.320599" level="INFO">{'results': [{'gender': 'female', 'name': {'title': 'Mrs', 'first': 'Lisa', 'last': 'Krämer'}, 'location': {'street': {'number': 7376, 'name': 'Eichenweg'}, 'city': 'Hettingen', 'state': 'Hessen', 'country': 'Germany', 'postcode': 89657, 'coordinates': {'latitude': '-54.9076', 'longitude': '64.8504'}, 'timezone': {'offset': '+3:00', 'description': 'Baghdad, Riyadh, Moscow, St. Petersburg'}}, 'email': 'lisa.kramer@example.com', 'login': {'uuid': '9778b466-ef39-4622-af4d-afae313e3d8c', 'username': 'ticklishmouse981', 'password': 'dogbert', 'salt': '8oLzjkl0', 'md5': '26e347e2e852449640b519139633b172', 'sha1': '2cb7d621e0d6bde266883d549752284fe24f99d3', 'sha256': '0ed539d988e8e8f0fce45afb72048dd71c9938c6592db883d8fe5dbf8fd5ebd4'}, 'dob': {'date': '1981-02-20T14:44:12.133Z', 'age': 43}, 'registered': {'date': '2020-10-20T00:46:47.140Z', 'age': 3}, 'phone': '0118-2857922', 'cell': '0172-8043011', 'id': {'name': 'SVNR', 'value': '28 200281 K 588'}, 'picture': {'large': 'https://randomuser.me/api/portraits/women/21.jpg', 'medium': 'https://randomuser.me/api/portraits/med/women/21.jpg', 'thumbnail': 'https://randomuser.me/api/portraits/thumb/women/21.jpg'}, 'nat': 'DE'}], 'info': {'seed': 'fc0b42191ac33e8f', 'results': 1, 'page': 1, 'version': '1.4'}}</msg>
<arg>${json_data}</arg>
<doc>Logs the given message with the given level.</doc>
<status status="PASS" start="2024-04-24T17:14:50.320419" elapsed="0.000232"/>
</kw>
<kw name="Dictionary Should Contain Key" owner="Collections">
<msg time="2024-04-24T17:14:50.321120" level="INFO">False</msg>
<arg>${json_data}</arg>
<arg>results</arg>
<doc>Fails if ``key`` is not found from ``dictionary``.</doc>
<status status="PASS" start="2024-04-24T17:14:50.320959" elapsed="0.000231"/>
</kw>
<kw name="Should Not Be Empty" owner="BuiltIn">
<msg time="2024-04-24T17:14:50.321629" level="INFO">Length is 2.</msg>
<arg>${json_data}</arg>
<doc>Verifies that the given item is not empty.</doc>
<status status="PASS" start="2024-04-24T17:14:50.321494" elapsed="0.000175"/>
</kw>
<kw name="Create List" owner="BuiltIn">
<msg time="2024-04-24T17:14:50.322263" level="INFO">${expected_keys} = ['gender', 'name', 'location', 'email', 'login']</msg>
<var>${expected_keys}</var>
<arg>gender</arg>
<arg>name</arg>
<arg>location</arg>
<arg>email</arg>
<arg>login</arg>
<doc>Returns a list containing given items.</doc>
<status status="PASS" start="2024-04-24T17:14:50.321960" elapsed="0.000328"/>
</kw>
<for flavor="IN">
<iter>
<kw name="Dictionary Should Contain Key" owner="Collections">
<msg time="2024-04-24T17:14:50.323305" level="INFO">False</msg>
<arg>${json_data['results'][0]}</arg>
<arg>${key}</arg>
<doc>Fails if ``key`` is not found from ``dictionary``.</doc>
<status status="PASS" start="2024-04-24T17:14:50.322890" elapsed="0.000454"/>
</kw>
<kw name="Log" owner="BuiltIn">
<msg time="2024-04-24T17:14:50.324027" level="INFO">{'gender': 'female', 'name': {'title': 'Mrs', 'first': 'Lisa', 'last': 'Krämer'}, 'location': {'street': {'number': 7376, 'name': 'Eichenweg'}, 'city': 'Hettingen', 'state': 'Hessen', 'country': 'Germany', 'postcode': 89657, 'coordinates': {'latitude': '-54.9076', 'longitude': '64.8504'}, 'timezone': {'offset': '+3:00', 'description': 'Baghdad, Riyadh, Moscow, St. Petersburg'}}, 'email': 'lisa.kramer@example.com', 'login': {'uuid': '9778b466-ef39-4622-af4d-afae313e3d8c', 'username': 'ticklishmouse981', 'password': 'dogbert', 'salt': '8oLzjkl0', 'md5': '26e347e2e852449640b519139633b172', 'sha1': '2cb7d621e0d6bde266883d549752284fe24f99d3', 'sha256': '0ed539d988e8e8f0fce45afb72048dd71c9938c6592db883d8fe5dbf8fd5ebd4'}, 'dob': {'date': '1981-02-20T14:44:12.133Z', 'age': 43}, 'registered': {'date': '2020-10-20T00:46:47.140Z', 'age': 3}, 'phone': '0118-2857922', 'cell': '0172-8043011', 'id': {'name': 'SVNR', 'value': '28 200281 K 588'}, 'picture': {'large': 'https://randomuser.me/api/portraits/women/21.jpg', 'medium': 'https://randomuser.me/api/portraits/med/women/21.jpg', 'thumbnail': 'https://randomuser.me/api/portraits/thumb/women/21.jpg'}, 'nat': 'DE'}</msg>
<arg>${json_data['results'][0]}</arg>
<doc>Logs the given message with the given level.</doc>
<status status="PASS" start="2024-04-24T17:14:50.323658" elapsed="0.000420"/>
</kw>
<kw name="Log" owner="BuiltIn">
<msg time="2024-04-24T17:14:50.324502" level="INFO">gender</msg>
<arg>${key}</arg>
<doc>Logs the given message with the given level.</doc>
<status status="PASS" start="2024-04-24T17:14:50.324374" elapsed="0.000166"/>
</kw>
<var name="${key}">gender</var>
<status status="PASS" start="2024-04-24T17:14:50.322757" elapsed="0.001999"/>
</iter>
<iter>
<kw name="Dictionary Should Contain Key" owner="Collections">
<msg time="2024-04-24T17:14:50.325481" level="INFO">False</msg>
<arg>${json_data['results'][0]}</arg>
<arg>${key}</arg>
<doc>Fails if ``key`` is not found from ``dictionary``.</doc>
<status status="PASS" start="2024-04-24T17:14:50.325059" elapsed="0.000461"/>
</kw>
<kw name="Log" owner="BuiltIn">
<msg time="2024-04-24T17:14:50.326215" level="INFO">{'gender': 'female', 'name': {'title': 'Mrs', 'first': 'Lisa', 'last': 'Krämer'}, 'location': {'street': {'number': 7376, 'name': 'Eichenweg'}, 'city': 'Hettingen', 'state': 'Hessen', 'country': 'Germany', 'postcode': 89657, 'coordinates': {'latitude': '-54.9076', 'longitude': '64.8504'}, 'timezone': {'offset': '+3:00', 'description': 'Baghdad, Riyadh, Moscow, St. Petersburg'}}, 'email': 'lisa.kramer@example.com', 'login': {'uuid': '9778b466-ef39-4622-af4d-afae313e3d8c', 'username': 'ticklishmouse981', 'password': 'dogbert', 'salt': '8oLzjkl0', 'md5': '26e347e2e852449640b519139633b172', 'sha1': '2cb7d621e0d6bde266883d549752284fe24f99d3', 'sha256': '0ed539d988e8e8f0fce45afb72048dd71c9938c6592db883d8fe5dbf8fd5ebd4'}, 'dob': {'date': '1981-02-20T14:44:12.133Z', 'age': 43}, 'registered': {'date': '2020-10-20T00:46:47.140Z', 'age': 3}, 'phone': '0118-2857922', 'cell': '0172-8043011', 'id': {'name': 'SVNR', 'value': '28 200281 K 588'}, 'picture': {'large': 'https://randomuser.me/api/portraits/women/21.jpg', 'medium': 'https://randomuser.me/api/portraits/med/women/21.jpg', 'thumbnail': 'https://randomuser.me/api/portraits/thumb/women/21.jpg'}, 'nat': 'DE'}</msg>
<arg>${json_data['results'][0]}</arg>
<doc>Logs the given message with the given level.</doc>
<status status="PASS" start="2024-04-24T17:14:50.325844" elapsed="0.000423"/>
</kw>
<kw name="Log" owner="BuiltIn">
<msg time="2024-04-24T17:14:50.326692" level="INFO">name</msg>
<arg>${key}</arg>
<doc>Logs the given message with the given level.</doc>
<status status="PASS" start="2024-04-24T17:14:50.326566" elapsed="0.000162"/>
</kw>
<var name="${key}">name</var>
<status status="PASS" start="2024-04-24T17:14:50.324944" elapsed="0.001997"/>
</iter>
<iter>
<kw name="Dictionary Should Contain Key" owner="Collections">
<msg time="2024-04-24T17:14:50.327611" level="INFO">False</msg>
<arg>${json_data['results'][0]}</arg>
<arg>${key}</arg>
<doc>Fails if ``key`` is not found from ``dictionary``.</doc>
<status status="PASS" start="2024-04-24T17:14:50.327228" elapsed="0.000421"/>
</kw>
<kw name="Log" owner="BuiltIn">
<msg time="2024-04-24T17:14:50.328305" level="INFO">{'gender': 'female', 'name': {'title': 'Mrs', 'first': 'Lisa', 'last': 'Krämer'}, 'location': {'street': {'number': 7376, 'name': 'Eichenweg'}, 'city': 'Hettingen', 'state': 'Hessen', 'country': 'Germany', 'postcode': 89657, 'coordinates': {'latitude': '-54.9076', 'longitude': '64.8504'}, 'timezone': {'offset': '+3:00', 'description': 'Baghdad, Riyadh, Moscow, St. Petersburg'}}, 'email': 'lisa.kramer@example.com', 'login': {'uuid': '9778b466-ef39-4622-af4d-afae313e3d8c', 'username': 'ticklishmouse981', 'password': 'dogbert', 'salt': '8oLzjkl0', 'md5': '26e347e2e852449640b519139633b172', 'sha1': '2cb7d621e0d6bde266883d549752284fe24f99d3', 'sha256': '0ed539d988e8e8f0fce45afb72048dd71c9938c6592db883d8fe5dbf8fd5ebd4'}, 'dob': {'date': '1981-02-20T14:44:12.133Z', 'age': 43}, 'registered': {'date': '2020-10-20T00:46:47.140Z', 'age': 3}, 'phone': '0118-2857922', 'cell': '0172-8043011', 'id': {'name': 'SVNR', 'value': '28 200281 K 588'}, 'picture': {'large': 'https://randomuser.me/api/portraits/women/21.jpg', 'medium': 'https://randomuser.me/api/portraits/med/women/21.jpg', 'thumbnail': 'https://randomuser.me/api/portraits/thumb/women/21.jpg'}, 'nat': 'DE'}</msg>
<arg>${json_data['results'][0]}</arg>
<doc>Logs the given message with the given level.</doc>
<status status="PASS" start="2024-04-24T17:14:50.327945" elapsed="0.000410"/>
</kw>
<kw name="Log" owner="BuiltIn">
<msg time="2024-04-24T17:14:50.328770" level="INFO">location</msg>
<arg>${key}</arg>
<doc>Logs the given message with the given level.</doc>
<status status="PASS" start="2024-04-24T17:14:50.328646" elapsed="0.000162"/>
</kw>
<var name="${key}">location</var>
<status status="PASS" start="2024-04-24T17:14:50.327118" elapsed="0.001904"/>
</iter>
<iter>
<kw name="Dictionary Should Contain Key" owner="Collections">
<msg time="2024-04-24T17:14:50.329723" level="INFO">False</msg>
<arg>${json_data['results'][0]}</arg>
<arg>${key}</arg>
<doc>Fails if ``key`` is not found from ``dictionary``.</doc>
<status status="PASS" start="2024-04-24T17:14:50.329341" elapsed="0.000419"/>
</kw>
<kw name="Log" owner="BuiltIn">
<msg time="2024-04-24T17:14:50.330415" level="INFO">{'gender': 'female', 'name': {'title': 'Mrs', 'first': 'Lisa', 'last': 'Krämer'}, 'location': {'street': {'number': 7376, 'name': 'Eichenweg'}, 'city': 'Hettingen', 'state': 'Hessen', 'country': 'Germany', 'postcode': 89657, 'coordinates': {'latitude': '-54.9076', 'longitude': '64.8504'}, 'timezone': {'offset': '+3:00', 'description': 'Baghdad, Riyadh, Moscow, St. Petersburg'}}, 'email': 'lisa.kramer@example.com', 'login': {'uuid': '9778b466-ef39-4622-af4d-afae313e3d8c', 'username': 'ticklishmouse981', 'password': 'dogbert', 'salt': '8oLzjkl0', 'md5': '26e347e2e852449640b519139633b172', 'sha1': '2cb7d621e0d6bde266883d549752284fe24f99d3', 'sha256': '0ed539d988e8e8f0fce45afb72048dd71c9938c6592db883d8fe5dbf8fd5ebd4'}, 'dob': {'date': '1981-02-20T14:44:12.133Z', 'age': 43}, 'registered': {'date': '2020-10-20T00:46:47.140Z', 'age': 3}, 'phone': '0118-2857922', 'cell': '0172-8043011', 'id': {'name': 'SVNR', 'value': '28 200281 K 588'}, 'picture': {'large': 'https://randomuser.me/api/portraits/women/21.jpg', 'medium': 'https://randomuser.me/api/portraits/med/women/21.jpg', 'thumbnail': 'https://randomuser.me/api/portraits/thumb/women/21.jpg'}, 'nat': 'DE'}</msg>
<arg>${json_data['results'][0]}</arg>
<doc>Logs the given message with the given level.</doc>
<status status="PASS" start="2024-04-24T17:14:50.330058" elapsed="0.000407"/>
</kw>
<kw name="Log" owner="BuiltIn">
<msg time="2024-04-24T17:14:50.330880" level="INFO">email</msg>
<arg>${key}</arg>
<doc>Logs the given message with the given level.</doc>
<status status="PASS" start="2024-04-24T17:14:50.330756" elapsed="0.000163"/>
</kw>
<var name="${key}">email</var>
<status status="PASS" start="2024-04-24T17:14:50.329228" elapsed="0.001902"/>
</iter>
<iter>
<kw name="Dictionary Should Contain Key" owner="Collections">
<msg time="2024-04-24T17:14:50.331788" level="INFO">False</msg>
<arg>${json_data['results'][0]}</arg>
<arg>${key}</arg>
<doc>Fails if ``key`` is not found from ``dictionary``.</doc>
<status status="PASS" start="2024-04-24T17:14:50.331410" elapsed="0.000416"/>
</kw>
<kw name="Log" owner="BuiltIn">
<msg time="2024-04-24T17:14:50.332480" level="INFO">{'gender': 'female', 'name': {'title': 'Mrs', 'first': 'Lisa', 'last': 'Krämer'}, 'location': {'street': {'number': 7376, 'name': 'Eichenweg'}, 'city': 'Hettingen', 'state': 'Hessen', 'country': 'Germany', 'postcode': 89657, 'coordinates': {'latitude': '-54.9076', 'longitude': '64.8504'}, 'timezone': {'offset': '+3:00', 'description': 'Baghdad, Riyadh, Moscow, St. Petersburg'}}, 'email': 'lisa.kramer@example.com', 'login': {'uuid': '9778b466-ef39-4622-af4d-afae313e3d8c', 'username': 'ticklishmouse981', 'password': 'dogbert', 'salt': '8oLzjkl0', 'md5': '26e347e2e852449640b519139633b172', 'sha1': '2cb7d621e0d6bde266883d549752284fe24f99d3', 'sha256': '0ed539d988e8e8f0fce45afb72048dd71c9938c6592db883d8fe5dbf8fd5ebd4'}, 'dob': {'date': '1981-02-20T14:44:12.133Z', 'age': 43}, 'registered': {'date': '2020-10-20T00:46:47.140Z', 'age': 3}, 'phone': '0118-2857922', 'cell': '0172-8043011', 'id': {'name': 'SVNR', 'value': '28 200281 K 588'}, 'picture': {'large': 'https://randomuser.me/api/portraits/women/21.jpg', 'medium': 'https://randomuser.me/api/portraits/med/women/21.jpg', 'thumbnail': 'https://randomuser.me/api/portraits/thumb/women/21.jpg'}, 'nat': 'DE'}</msg>
<arg>${json_data['results'][0]}</arg>
<doc>Logs the given message with the given level.</doc>
<status status="PASS" start="2024-04-24T17:14:50.332115" elapsed="0.000417"/>
</kw>
<kw name="Log" owner="BuiltIn">
<msg time="2024-04-24T17:14:50.332953" level="INFO">login</msg>
<arg>${key}</arg>
<doc>Logs the given message with the given level.</doc>
<status status="PASS" start="2024-04-24T17:14:50.332823" elapsed="0.000168"/>
</kw>
<var name="${key}">login</var>
<status status="PASS" start="2024-04-24T17:14:50.331301" elapsed="0.001951"/>
</iter>
<var>${key}</var>
<value>@{expected_keys}</value>
<status status="PASS" start="2024-04-24T17:14:50.322560" elapsed="0.010821"/>
</for>
<kw name="Create List" owner="BuiltIn">
<msg time="2024-04-24T17:14:50.333706" level="INFO">${expected_keysTwo} = ['username', 'password']</msg>
<var>${expected_keysTwo}</var>
<arg>username</arg>
<arg>password</arg>
<doc>Returns a list containing given items.</doc>
<status status="PASS" start="2024-04-24T17:14:50.333571" elapsed="0.000159"/>
</kw>
<for flavor="IN">
<iter>
<kw name="Dictionary Should Contain Key" owner="Collections">
<msg time="2024-04-24T17:14:50.334617" level="INFO">False</msg>
<arg>${json_data['results'][0]['login']}</arg>
<arg>${keyTwo}</arg>
<doc>Fails if ``key`` is not found from ``dictionary``.</doc>
<status status="PASS" start="2024-04-24T17:14:50.334225" elapsed="0.000429"/>
</kw>
<kw name="Dictionary Should Contain Key" owner="Collections">
<msg time="2024-04-24T17:14:50.335327" level="INFO">False</msg>
<arg>${json_data['results'][0]['login']}</arg>
<arg>${keyTwo}</arg>
<doc>Fails if ``key`` is not found from ``dictionary``.</doc>
<status status="PASS" start="2024-04-24T17:14:50.334946" elapsed="0.000418"/>
</kw>
<kw name="Log" owner="BuiltIn">
<msg time="2024-04-24T17:14:50.335778" level="INFO">username</msg>
<arg>${keyTwo}</arg>
<doc>Logs the given message with the given level.</doc>
<status status="PASS" start="2024-04-24T17:14:50.335654" elapsed="0.000167"/>
</kw>
<var name="${keyTwo}">username</var>
<status status="PASS" start="2024-04-24T17:14:50.334116" elapsed="0.001916"/>
</iter>
<iter>
<kw name="Dictionary Should Contain Key" owner="Collections">
<msg time="2024-04-24T17:14:50.336703" level="INFO">False</msg>
<arg>${json_data['results'][0]['login']}</arg>
<arg>${keyTwo}</arg>
<doc>Fails if ``key`` is not found from ``dictionary``.</doc>
<status status="PASS" start="2024-04-24T17:14:50.336326" elapsed="0.000420"/>
</kw>
<kw name="Dictionary Should Contain Key" owner="Collections">
<msg time="2024-04-24T17:14:50.337514" level="INFO">False</msg>
<arg>${json_data['results'][0]['login']}</arg>
<arg>${keyTwo}</arg>
<doc>Fails if ``key`` is not found from ``dictionary``.</doc>
<status status="PASS" start="2024-04-24T17:14:50.337034" elapsed="0.000518"/>
</kw>
<kw name="Log" owner="BuiltIn">
<msg time="2024-04-24T17:14:50.337971" level="INFO">password</msg>
<arg>${keyTwo}</arg>
<doc>Logs the given message with the given level.</doc>
<status status="PASS" start="2024-04-24T17:14:50.337846" elapsed="0.000161"/>
</kw>
<var name="${keyTwo}">password</var>
<status status="PASS" start="2024-04-24T17:14:50.336203" elapsed="0.002018"/>
</iter>
<var>${keyTwo}</var>
<value>@{expected_keysTwo}</value>
<status status="PASS" start="2024-04-24T17:14:50.333965" elapsed="0.004375"/>
</for>
<status status="PASS" start="2024-04-24T17:14:50.218150" elapsed="0.120328"/>
</kw>
<doc>Testa a estrutura da resposta da API.</doc>
<tag>testeEstruturaResposta</tag>
<status status="PASS" start="2024-04-24T17:14:50.217379" elapsed="0.121256"/>
</test>
<test id="s1-s1-t4" name="Validar tipos de dados" line="28">
<kw name="Teste de Tipos de Dados" owner="random-user-service">
<kw name="GET On Session" owner="RequestsLibrary">
<msg time="2024-04-24T17:14:50.439801" level="INFO">GET Request : url=https://randomuser.me/api 
 path_url=/api 
 headers={'User-Agent': 'python-requests/2.31.0', 'Accept-Encoding': 'gzip, deflate', 'Accept': '*/*', 'Connection': 'keep-alive'} 
 body=None 
 </msg>
<msg time="2024-04-24T17:14:50.439906" level="INFO">GET Response : url=https://randomuser.me/api 
 status=200, reason=OK 
 headers={'Date': 'Wed, 24 Apr 2024 17:14:50 GMT', 'Content-Type': 'application/json; charset=utf-8', 'Transfer-Encoding': 'chunked', 'Connection': 'keep-alive', 'X-Powered-By': 'Express', 'Access-Control-Allow-Origin': '*', 'Cache-Control': 'no-cache', 'ETag': 'W/"49a-m0oEOmQTvZ/VSbMIgE+aXwIjgac"', 'Vary': 'Accept-Encoding', 'Content-Encoding': 'gzip', 'CF-Cache-Status': 'DYNAMIC', 'Report-To': '{"endpoints":[{"url":"https:\\/\\/a.nel.cloudflare.com\\/report\\/v4?s=Nq9CTb960t%2FT4gwSl8iPXw1ZrRj4jFaufWnW35GgKi9k6ZfpA59FbTbnf3eiWPqZcsAwHb%2FFW8qwdLjSw1%2Bf%2B4ebLYIi9GeKNnFM9HOrjUR2o3qaF5dXn2QHJFc8eDaq"}],"group":"cf-nel","max_age":604800}', 'NEL': '{"success_fraction":0,"report_to":"cf-nel","max_age":604800}', 'Server': 'cloudflare', 'CF-RAY': '8797bb60a9171011-LAX', 'alt-svc': 'h3=":443"; ma=86400'} 
 body={"results":[{"gender":"female","name":{"title":"Mrs","first":"غزل","last":"صدر"},"location":{"street":{"number":3266,"name":"استاد نجات‌اللهی"},"city":"ارومیه","state":"اردبیل","country":"Iran","postcode":96562,"coordinates":{"latitude":"19.6745","longitude":"72.4560"},"timezone":{"offset":"+8:00","description":"Beijing, Perth, Singapore, Hong Kong"}},"email":"gzl.sdr@example.com","login":{"uuid":"869d5111-fd51-4392-a200-29f5caa63a71","username":"angrydog627","password":"505050","salt":"1whnJijk","md5":"da1f50bf3cbbf54d0d516c50a2901f59","sha1":"11e2f801955fd5f77cbc457d8f935de03e7cf56d","sha256":"5ca83d37856857aded8639878097c372b757d2729904b2587aad1876be4267fa"},"dob":{"date":"1998-03-23T14:42:36.714Z","age":26},"registered":{"date":"2009-05-31T03:31:50.589Z","age":14},"phone":"066-31640881","cell":"0925-786-5375","id":{"name":"","value":null},"picture":{"large":"https://randomuser.me/api/portraits/women/75.jpg","medium":"https://randomuser.me/api/portraits/med/women/75.jpg","thumbnail":"https://randomuser.me/api/portraits/thumb/women/75.jpg"},"nat":"IR"}],"info":{"seed":"c00933af5c61fa48","results":1,"page":1,"version":"1.4"}} 
 </msg>
<msg time="2024-04-24T17:14:50.439995" level="INFO">/opt/hostedtoolcache/Python/3.12.3/x64/lib/python3.12/site-packages/urllib3/connectionpool.py:1103: InsecureRequestWarning: Unverified HTTPS request is being made to host 'randomuser.me'. Adding certificate verification is strongly advised. See: https://urllib3.readthedocs.io/en/latest/advanced-usage.html#tls-warnings
  warnings.warn(</msg>
<msg time="2024-04-24T17:14:50.440127" level="INFO">${response} = &lt;Response [200]&gt;</msg>
<var>${response}</var>
<arg>consultarAPI</arg>
<arg>/api</arg>
<doc>Sends a GET request on a previously created HTTP Session.</doc>
<status status="PASS" start="2024-04-24T17:14:50.341071" elapsed="0.099103"/>
</kw>
<kw name="Set Variable" owner="BuiltIn">
<msg time="2024-04-24T17:14:50.441298" level="INFO">${json_data} = {'results': [{'gender': 'female', 'name': {'title': 'Mrs', 'first': 'غزل', 'last': 'صدر'}, 'location': {'street': {'number': 3266, 'name': 'استاد نجات\u200cاللهی'}, 'city': 'ارومیه', 'state': 'اردبیل'...</msg>
<var>${json_data}</var>
<arg>${response.json()}</arg>
<doc>Returns the given values which can then be assigned to a variables.</doc>
<status status="PASS" start="2024-04-24T17:14:50.440736" elapsed="0.000594"/>
</kw>
<kw name="Log" owner="BuiltIn">
<msg time="2024-04-24T17:14:50.441822" level="INFO">{'results': [{'gender': 'female', 'name': {'title': 'Mrs', 'first': 'غزل', 'last': 'صدر'}, 'location': {'street': {'number': 3266, 'name': 'استاد نجات\u200cاللهی'}, 'city': 'ارومیه', 'state': 'اردبیل', 'country': 'Iran', 'postcode': 96562, 'coordinates': {'latitude': '19.6745', 'longitude': '72.4560'}, 'timezone': {'offset': '+8:00', 'description': 'Beijing, Perth, Singapore, Hong Kong'}}, 'email': 'gzl.sdr@example.com', 'login': {'uuid': '869d5111-fd51-4392-a200-29f5caa63a71', 'username': 'angrydog627', 'password': '505050', 'salt': '1whnJijk', 'md5': 'da1f50bf3cbbf54d0d516c50a2901f59', 'sha1': '11e2f801955fd5f77cbc457d8f935de03e7cf56d', 'sha256': '5ca83d37856857aded8639878097c372b757d2729904b2587aad1876be4267fa'}, 'dob': {'date': '1998-03-23T14:42:36.714Z', 'age': 26}, 'registered': {'date': '2009-05-31T03:31:50.589Z', 'age': 14}, 'phone': '066-31640881', 'cell': '0925-786-5375', 'id': {'name': '', 'value': None}, 'picture': {'large': 'https://randomuser.me/api/portraits/women/75.jpg', 'medium': 'https://randomuser.me/api/portraits/med/women/75.jpg', 'thumbnail': 'https://randomuser.me/api/portraits/thumb/women/75.jpg'}, 'nat': 'IR'}], 'info': {'seed': 'c00933af5c61fa48', 'results': 1, 'page': 1, 'version': '1.4'}}</msg>
<arg>${json_data}</arg>
<doc>Logs the given message with the given level.</doc>
<status status="PASS" start="2024-04-24T17:14:50.441658" elapsed="0.000253"/>
</kw>
<kw name="Should Be String" owner="String">
<arg>${json_data['results'][0]['gender']}</arg>
<doc>Fails if the given ``item`` is not a string.</doc>
<status status="PASS" start="2024-04-24T17:14:50.442216" elapsed="0.000360"/>
</kw>
<kw name="Should Match Regexp" owner="BuiltIn">
<arg>${json_data['results'][0]['email']}</arg>
<arg>^[a-zA-Z0-9._%+-]+@[a-zA-Z0-9.-]+\.[a-zA-Z]{2,}$</arg>
<doc>Fails if ``string`` does not match ``pattern`` as a regular expression.</doc>
<status status="PASS" start="2024-04-24T17:14:50.442768" elapsed="0.000515"/>
</kw>
<kw name="Should Match Regexp" owner="BuiltIn">
<arg>${json_data['results'][0]['dob']['date']}</arg>
<arg>\\d{4}-\\d{2}-\\d{2}T\\d{2}:\\d{2}:\\d{2}\\.\\d{3}Z</arg>
<doc>Fails if ``string`` does not match ``pattern`` as a regular expression.</doc>
<status status="PASS" start="2024-04-24T17:14:50.443480" elapsed="0.000480"/>
</kw>
<kw name="Should Match Regexp" owner="BuiltIn">
<arg>${json_data['results'][0]['registered']['date']}</arg>
<arg>\\d{4}-\\d{2}-\\d{2}T\\d{2}:\\d{2}:\\d{2}\\.\\d{3}Z</arg>
<doc>Fails if ``string`` does not match ``pattern`` as a regular expression.</doc>
<status status="PASS" start="2024-04-24T17:14:50.444151" elapsed="0.000368"/>
</kw>
<kw name="Should Match Regexp" owner="BuiltIn">
<arg>${json_data['results'][0]['picture']['large']}</arg>
<arg>^https?://.*\.(?:png|jpe?g|gif|bmp)$</arg>
<doc>Fails if ``string`` does not match ``pattern`` as a regular expression.</doc>
<status status="PASS" start="2024-04-24T17:14:50.444705" elapsed="0.000484"/>
</kw>
<kw name="Should Match Regexp" owner="BuiltIn">
<arg>${json_data['results'][0]['picture']['medium']}</arg>
<arg>^https?://.*\.(?:png|jpe?g|gif|bmp)$</arg>
<doc>Fails if ``string`` does not match ``pattern`` as a regular expression.</doc>
<status status="PASS" start="2024-04-24T17:14:50.445395" elapsed="0.000460"/>
</kw>
<kw name="Should Match Regexp" owner="BuiltIn">
<arg>${json_data['results'][0]['picture']['thumbnail']}</arg>
<arg>^https?://.*\.(?:png|jpe?g|gif|bmp)$</arg>
<doc>Fails if ``string`` does not match ``pattern`` as a regular expression.</doc>
<status status="PASS" start="2024-04-24T17:14:50.446100" elapsed="0.000444"/>
</kw>
<kw name="Log" owner="BuiltIn">
<msg time="2024-04-24T17:14:50.447168" level="INFO">{'large': 'https://randomuser.me/api/portraits/women/75.jpg', 'medium': 'https://randomuser.me/api/portraits/med/women/75.jpg', 'thumbnail': 'https://randomuser.me/api/portraits/thumb/women/75.jpg'}</msg>
<arg>${json_data['results'][0]['picture']}</arg>
<doc>Logs the given message with the given level.</doc>
<status status="PASS" start="2024-04-24T17:14:50.446777" elapsed="0.000450"/>
</kw>
<status status="PASS" start="2024-04-24T17:14:50.340849" elapsed="0.106682"/>
</kw>
<kw name="Teste de Tipos de Dados - Postcode" owner="random-user-service">
<kw name="GET On Session" owner="RequestsLibrary">
<msg time="2024-04-24T17:14:50.547124" level="INFO">GET Request : url=https://randomuser.me/api 
 path_url=/api 
 headers={'User-Agent': 'python-requests/2.31.0', 'Accept-Encoding': 'gzip, deflate', 'Accept': '*/*', 'Connection': 'keep-alive'} 
 body=None 
 </msg>
<msg time="2024-04-24T17:14:50.547197" level="INFO">GET Response : url=https://randomuser.me/api 
 status=200, reason=OK 
 headers={'Date': 'Wed, 24 Apr 2024 17:14:50 GMT', 'Content-Type': 'application/json; charset=utf-8', 'Transfer-Encoding': 'chunked', 'Connection': 'keep-alive', 'X-Powered-By': 'Express', 'Access-Control-Allow-Origin': '*', 'Cache-Control': 'no-cache', 'ETag': 'W/"48d-OpWEehTeS7sTDusGFIjnaQhMOxc"', 'Vary': 'Accept-Encoding', 'Content-Encoding': 'gzip', 'CF-Cache-Status': 'DYNAMIC', 'Report-To': '{"endpoints":[{"url":"https:\\/\\/a.nel.cloudflare.com\\/report\\/v4?s=HV7ekW3K9zwrfvVkDYYSNSsSrruN2L7akUzrkCkXuzd4ZmI7rVWH%2BLiRVajI7YEHBaXwzGmUH8Dsb2CRoTvsu1%2BDyZosjy7E42DvGMV0HPapyJUKBLLXO6lklBSyjweO"}],"group":"cf-nel","max_age":604800}', 'NEL': '{"success_fraction":0,"report_to":"cf-nel","max_age":604800}', 'Server': 'cloudflare', 'CF-RAY': '8797bb6159ee1011-LAX', 'alt-svc': 'h3=":443"; ma=86400'} 
 body={"results":[{"gender":"male","name":{"title":"Mr","first":"Ryan","last":"Zhang"},"location":{"street":{"number":7564,"name":"Collingwood Street"},"city":"Porirua","state":"Bay of Plenty","country":"New Zealand","postcode":68211,"coordinates":{"latitude":"51.8713","longitude":"-178.3679"},"timezone":{"offset":"+10:00","description":"Eastern Australia, Guam, Vladivostok"}},"email":"ryan.zhang@example.com","login":{"uuid":"dffc2a1a-33c0-458a-8a5e-92a58751c151","username":"goldenswan609","password":"oxygen","salt":"lmVbtGQX","md5":"596db45894dc23dc94dfedc88774919d","sha1":"145b553b521f0185e2089fe2b1d3d892758737ac","sha256":"89e6e242cf78485855513895603477ccbda509f7f85401eac546bb76c8106ed3"},"dob":{"date":"1953-12-26T15:34:50.988Z","age":70},"registered":{"date":"2015-06-29T06:40:04.859Z","age":8},"phone":"(543)-070-3166","cell":"(469)-625-9766","id":{"name":"","value":null},"picture":{"large":"https://randomuser.me/api/portraits/men/36.jpg","medium":"https://randomuser.me/api/portraits/med/men/36.jpg","thumbnail":"https://randomuser.me/api/portraits/thumb/men/36.jpg"},"nat":"NZ"}],"info":{"seed":"847312756ac7a500","results":1,"page":1,"version":"1.4"}} 
 </msg>
<msg time="2024-04-24T17:14:50.547264" level="INFO">/opt/hostedtoolcache/Python/3.12.3/x64/lib/python3.12/site-packages/urllib3/connectionpool.py:1103: InsecureRequestWarning: Unverified HTTPS request is being made to host 'randomuser.me'. Adding certificate verification is strongly advised. See: https://urllib3.readthedocs.io/en/latest/advanced-usage.html#tls-warnings
  warnings.warn(</msg>
<msg time="2024-04-24T17:14:50.547375" level="INFO">${response} = &lt;Response [200]&gt;</msg>
<var>${response}</var>
<arg>consultarAPI</arg>
<arg>/api</arg>
<doc>Sends a GET request on a previously created HTTP Session.</doc>
<status status="PASS" start="2024-04-24T17:14:50.448086" elapsed="0.099330"/>
</kw>
<kw name="Set Variable" owner="BuiltIn">
<msg time="2024-04-24T17:14:50.548672" level="INFO">${json_data} = {'results': [{'gender': 'male', 'name': {'title': 'Mr', 'first': 'Ryan', 'last': 'Zhang'}, 'location': {'street': {'number': 7564, 'name': 'Collingwood Street'}, 'city': 'Porirua', 'state': 'Bay of Pl...</msg>
<var>${json_data}</var>
<arg>${response.json()}</arg>
<doc>Returns the given values which can then be assigned to a variables.</doc>
<status status="PASS" start="2024-04-24T17:14:50.547988" elapsed="0.000713"/>
</kw>
<kw name="Log" owner="BuiltIn">
<msg time="2024-04-24T17:14:50.549201" level="INFO">{'results': [{'gender': 'male', 'name': {'title': 'Mr', 'first': 'Ryan', 'last': 'Zhang'}, 'location': {'street': {'number': 7564, 'name': 'Collingwood Street'}, 'city': 'Porirua', 'state': 'Bay of Plenty', 'country': 'New Zealand', 'postcode': 68211, 'coordinates': {'latitude': '51.8713', 'longitude': '-178.3679'}, 'timezone': {'offset': '+10:00', 'description': 'Eastern Australia, Guam, Vladivostok'}}, 'email': 'ryan.zhang@example.com', 'login': {'uuid': 'dffc2a1a-33c0-458a-8a5e-92a58751c151', 'username': 'goldenswan609', 'password': 'oxygen', 'salt': 'lmVbtGQX', 'md5': '596db45894dc23dc94dfedc88774919d', 'sha1': '145b553b521f0185e2089fe2b1d3d892758737ac', 'sha256': '89e6e242cf78485855513895603477ccbda509f7f85401eac546bb76c8106ed3'}, 'dob': {'date': '1953-12-26T15:34:50.988Z', 'age': 70}, 'registered': {'date': '2015-06-29T06:40:04.859Z', 'age': 8}, 'phone': '(543)-070-3166', 'cell': '(469)-625-9766', 'id': {'name': '', 'value': None}, 'picture': {'large': 'https://randomuser.me/api/portraits/men/36.jpg', 'medium': 'https://randomuser.me/api/portraits/med/men/36.jpg', 'thumbnail': 'https://randomuser.me/api/portraits/thumb/men/36.jpg'}, 'nat': 'NZ'}], 'info': {'seed': '847312756ac7a500', 'results': 1, 'page': 1, 'version': '1.4'}}</msg>
<arg>${json_data}</arg>
<doc>Logs the given message with the given level.</doc>
<status status="PASS" start="2024-04-24T17:14:50.549011" elapsed="0.000275"/>
</kw>
<kw name="Should Be Equal As Numbers" owner="BuiltIn">
<arg>${json_data['results'][0]['location']['postcode']}</arg>
<arg>${json_data['results'][0]['location']['postcode']}</arg>
<doc>Fails if objects are unequal after converting them to real numbers.</doc>
<status status="PASS" start="2024-04-24T17:14:50.549588" elapsed="0.000754"/>
</kw>
<kw name="Log" owner="BuiltIn">
<msg time="2024-04-24T17:14:50.550866" level="INFO">68211</msg>
<arg>${json_data['results'][0]['location']['postcode']}</arg>
<doc>Logs the given message with the given level.</doc>
<status status="PASS" start="2024-04-24T17:14:50.550534" elapsed="0.000372"/>
</kw>
<status status="PASS" start="2024-04-24T17:14:50.447802" elapsed="0.103356"/>
</kw>
<doc>Testa se os tipos de dados na resposta da API estão corretos.</doc>
<tag>testeTiposDados</tag>
<status status="PASS" start="2024-04-24T17:14:50.340395" elapsed="0.210928"/>
</test>
<test id="s1-s1-t5" name="Validar conteudo" line="35">
<kw name="Teste de Tipos de Conteudo" owner="random-user-service">
<kw name="GET On Session" owner="RequestsLibrary">
<msg time="2024-04-24T17:14:50.657749" level="INFO">GET Request : url=https://randomuser.me/api 
 path_url=/api 
 headers={'User-Agent': 'python-requests/2.31.0', 'Accept-Encoding': 'gzip, deflate', 'Accept': '*/*', 'Connection': 'keep-alive'} 
 body=None 
 </msg>
<msg time="2024-04-24T17:14:50.657816" level="INFO">GET Response : url=https://randomuser.me/api 
 status=200, reason=OK 
 headers={'Date': 'Wed, 24 Apr 2024 17:14:50 GMT', 'Content-Type': 'application/json; charset=utf-8', 'Transfer-Encoding': 'chunked', 'Connection': 'keep-alive', 'X-Powered-By': 'Express', 'Access-Control-Allow-Origin': '*', 'Cache-Control': 'no-cache', 'ETag': 'W/"48d-/alhbvcnC6urxrZ8ZQMD2jbaanw"', 'Vary': 'Accept-Encoding', 'Content-Encoding': 'gzip', 'CF-Cache-Status': 'DYNAMIC', 'Report-To': '{"endpoints":[{"url":"https:\\/\\/a.nel.cloudflare.com\\/report\\/v4?s=rjedimWN3qHrtFBjZdmY1SolwnwRCH%2BcbPY%2BxySJcU5QNFqgH0bHasaB%2Fz%2BmQr6Sodfwpfs3vq9UvMU%2FcVNa4q1PptlwYl4VvikPA%2FCdwe1xnq9ubkWRqxy8%2BUCG52Vm"}],"group":"cf-nel","max_age":604800}', 'NEL': '{"success_fraction":0,"report_to":"cf-nel","max_age":604800}', 'Server': 'cloudflare', 'CF-RAY': '8797bb61fae01011-LAX', 'alt-svc': 'h3=":443"; ma=86400'} 
 body={"results":[{"gender":"female","name":{"title":"Ms","first":"Ariana","last":"Cooper"},"location":{"street":{"number":834,"name":"Omahu Road"},"city":"Nelson","state":"Taranaki","country":"New Zealand","postcode":43249,"coordinates":{"latitude":"52.7859","longitude":"104.8781"},"timezone":{"offset":"-5:00","description":"Eastern Time (US &amp; Canada), Bogota, Lima"}},"email":"ariana.cooper@example.com","login":{"uuid":"11d4198b-5195-4962-99ca-904f3b18c76e","username":"redmeercat121","password":"rosie","salt":"gMtLxiYI","md5":"a1f0eef660eb3a4823e8dacd5551a2f3","sha1":"98ba8b1dd316942a5b83d6769507e9d62f63bf58","sha256":"b923a975eac750f398be841340ebe55aba180005626aa812c5e1b3e3d886b4a8"},"dob":{"date":"1960-08-05T04:00:37.387Z","age":63},"registered":{"date":"2021-07-11T21:27:21.194Z","age":2},"phone":"(705)-744-8658","cell":"(142)-075-1376","id":{"name":"","value":null},"picture":{"large":"https://randomuser.me/api/portraits/women/20.jpg","medium":"https://randomuser.me/api/portraits/med/women/20.jpg","thumbnail":"https://randomuser.me/api/portraits/thumb/women/20.jpg"},"nat":"NZ"}],"info":{"seed":"5ada7c0072deaf10","results":1,"page":1,"version":"1.4"}} 
 </msg>
<msg time="2024-04-24T17:14:50.657880" level="INFO">/opt/hostedtoolcache/Python/3.12.3/x64/lib/python3.12/site-packages/urllib3/connectionpool.py:1103: InsecureRequestWarning: Unverified HTTPS request is being made to host 'randomuser.me'. Adding certificate verification is strongly advised. See: https://urllib3.readthedocs.io/en/latest/advanced-usage.html#tls-warnings
  warnings.warn(</msg>
<msg time="2024-04-24T17:14:50.657965" level="INFO">${response} = &lt;Response [200]&gt;</msg>
<var>${response}</var>
<arg>consultarAPI</arg>
<arg>/api</arg>
<doc>Sends a GET request on a previously created HTTP Session.</doc>
<status status="PASS" start="2024-04-24T17:14:50.554192" elapsed="0.103798"/>
</kw>
<kw name="Set Variable" owner="BuiltIn">
<msg time="2024-04-24T17:14:50.658856" level="INFO">${json_data} = {'results': [{'gender': 'female', 'name': {'title': 'Ms', 'first': 'Ariana', 'last': 'Cooper'}, 'location': {'street': {'number': 834, 'name': 'Omahu Road'}, 'city': 'Nelson', 'state': 'Taranaki', 'co...</msg>
<var>${json_data}</var>
<arg>${response.json()}</arg>
<doc>Returns the given values which can then be assigned to a variables.</doc>
<status status="PASS" start="2024-04-24T17:14:50.658396" elapsed="0.000488"/>
</kw>
<kw name="Set Variable" owner="BuiltIn">
<msg time="2024-04-24T17:14:50.659560" level="INFO">${name_title} = Ms</msg>
<var>${name_title}</var>
<arg>${json_data["results"][0]["name"]["title"]}</arg>
<doc>Returns the given values which can then be assigned to a variables.</doc>
<status status="PASS" start="2024-04-24T17:14:50.659184" elapsed="0.000400"/>
</kw>
<kw name="Create List" owner="BuiltIn">
<msg time="2024-04-24T17:14:50.660020" level="INFO">${allowed_titles} = ['Mr', 'Ms', 'Miss', 'Mrs', 'Madame', 'Monsieur']</msg>
<var>${allowed_titles}</var>
<arg>Mr</arg>
<arg>Ms</arg>
<arg>Miss</arg>
<arg>Mrs</arg>
<arg>Madame</arg>
<arg>Monsieur</arg>
<doc>Returns a list containing given items.</doc>
<status status="PASS" start="2024-04-24T17:14:50.659875" elapsed="0.000168"/>
</kw>
<kw name="List Should Contain Value" owner="Collections">
<msg time="2024-04-24T17:14:50.660534" level="INFO">False</msg>
<arg>${allowed_titles}</arg>
<arg>${name_title}</arg>
<doc>Fails if the ``value`` is not found from ``list``.</doc>
<status status="PASS" start="2024-04-24T17:14:50.660363" elapsed="0.000205"/>
</kw>
<kw name="Set Variable" owner="BuiltIn">
<msg time="2024-04-24T17:14:50.661282" level="INFO">${name_country} = NZ</msg>
<var>${name_country}</var>
<arg>${json_data["results"][0]["nat"]}</arg>
<doc>Returns the given values which can then be assigned to a variables.</doc>
<status status="PASS" start="2024-04-24T17:14:50.660850" elapsed="0.000459"/>
</kw>
<kw name="Create List" owner="BuiltIn">
<msg time="2024-04-24T17:14:50.662189" level="INFO">${list_country} = ['AD', 'AE', 'AF', 'AG', 'AI', 'AL', 'AM', 'AO', 'AQ', 'AR', 'AS', 'AT', 'AU', 'AW', 'AX', 'AZ', 'BA', 'BB', 'BD', 'BE', 'BF', 'BG', 'BH', 'BI', 'BJ', 'BL', 'BM', 'BN', 'BO', 'BQ', 'BR', 'BS', 'BT', '...</msg>
<var>${list_country}</var>
<arg>AD</arg>
<arg>AE</arg>
<arg>AF</arg>
<arg>AG</arg>
<arg>AI</arg>
<arg>AL</arg>
<arg>AM</arg>
<arg>AO</arg>
<arg>AQ</arg>
<arg>AR</arg>
<arg>AS</arg>
<arg>AT</arg>
<arg>AU</arg>
<arg>AW</arg>
<arg>AX</arg>
<arg>AZ</arg>
<arg>BA</arg>
<arg>BB</arg>
<arg>BD</arg>
<arg>BE</arg>
<arg>BF</arg>
<arg>BG</arg>
<arg>BH</arg>
<arg>BI</arg>
<arg>BJ</arg>
<arg>BL</arg>
<arg>BM</arg>
<arg>BN</arg>
<arg>BO</arg>
<arg>BQ</arg>
<arg>BR</arg>
<arg>BS</arg>
<arg>BT</arg>
<arg>BV</arg>
<arg>BW</arg>
<arg>BY</arg>
<arg>BZ</arg>
<arg>CA</arg>
<arg>CC</arg>
<arg>CD</arg>
<arg>CF</arg>
<arg>CG</arg>
<arg>CH</arg>
<arg>CI</arg>
<arg>CK</arg>
<arg>CL</arg>
<arg>CM</arg>
<arg>CN</arg>
<arg>CO</arg>
<arg>CR</arg>
<arg>CU</arg>
<arg>CV</arg>
<arg>CW</arg>
<arg>CX</arg>
<arg>CY</arg>
<arg>CZ</arg>
<arg>DE</arg>
<arg>DJ</arg>
<arg>DK</arg>
<arg>DM</arg>
<arg>DO</arg>
<arg>DZ</arg>
<arg>EC</arg>
<arg>EE</arg>
<arg>EG</arg>
<arg>EH</arg>
<arg>ER</arg>
<arg>ES</arg>
<arg>ET</arg>
<arg>FI</arg>
<arg>FJ</arg>
<arg>FK</arg>
<arg>FM</arg>
<arg>FO</arg>
<arg>FR</arg>
<arg>GA</arg>
<arg>GB</arg>
<arg>GD</arg>
<arg>GE</arg>
<arg>GF</arg>
<arg>GG</arg>
<arg>GH</arg>
<arg>GI</arg>
<arg>GL</arg>
<arg>GM</arg>
<arg>GN</arg>
<arg>GP</arg>
<arg>GQ</arg>
<arg>GR</arg>
<arg>GS</arg>
<arg>GT</arg>
<arg>GU</arg>
<arg>GW</arg>
<arg>GY</arg>
<arg>HK</arg>
<arg>HM</arg>
<arg>HN</arg>
<arg>HR</arg>
<arg>HT</arg>
<arg>HU</arg>
<arg>ID</arg>
<arg>IE</arg>
<arg>IL</arg>
<arg>IM</arg>
<arg>IN</arg>
<arg>IO</arg>
<arg>IQ</arg>
<arg>IR</arg>
<arg>IS</arg>
<arg>IT</arg>
<arg>JE</arg>
<arg>JM</arg>
<arg>JO</arg>
<arg>JP</arg>
<arg>KE</arg>
<arg>KG</arg>
<arg>KH</arg>
<arg>KI</arg>
<arg>KM</arg>
<arg>KN</arg>
<arg>KP</arg>
<arg>KR</arg>
<arg>KW</arg>
<arg>KY</arg>
<arg>KZ</arg>
<arg>LA</arg>
<arg>LB</arg>
<arg>LC</arg>
<arg>LI</arg>
<arg>LK</arg>
<arg>LR</arg>
<arg>LS</arg>
<arg>LT</arg>
<arg>LU</arg>
<arg>LV</arg>
<arg>LY</arg>
<arg>MA</arg>
<arg>MC</arg>
<arg>MD</arg>
<arg>ME</arg>
<arg>MF</arg>
<arg>MG</arg>
<arg>MH</arg>
<arg>MK</arg>
<arg>ML</arg>
<arg>MM</arg>
<arg>MN</arg>
<arg>MO</arg>
<arg>MP</arg>
<arg>MQ</arg>
<arg>MR</arg>
<arg>MS</arg>
<arg>MT</arg>
<arg>MU</arg>
<arg>MV</arg>
<arg>MW</arg>
<arg>MX</arg>
<arg>MY</arg>
<arg>MZ</arg>
<arg>NA</arg>
<arg>NC</arg>
<arg>NE</arg>
<arg>NF</arg>
<arg>NG</arg>
<arg>NI</arg>
<arg>NL</arg>
<arg>NO</arg>
<arg>NP</arg>
<arg>NR</arg>
<arg>NU</arg>
<arg>NZ</arg>
<arg>OM</arg>
<arg>PA</arg>
<arg>PE</arg>
<arg>PF</arg>
<arg>PG</arg>
<arg>PH</arg>
<arg>PK</arg>
<arg>PL</arg>
<arg>PM</arg>
<arg>PN</arg>
<arg>PR</arg>
<arg>PS</arg>
<arg>PT</arg>
<arg>PW</arg>
<arg>PY</arg>
<arg>QA</arg>
<arg>RE</arg>
<arg>RO</arg>
<arg>RS</arg>
<arg>RU</arg>
<arg>RW</arg>
<arg>SA</arg>
<arg>SB</arg>
<arg>SC</arg>
<arg>SD</arg>
<arg>SE</arg>
<arg>SG</arg>
<arg>SH</arg>
<arg>SI</arg>
<arg>SJ</arg>
<arg>SK</arg>
<arg>SL</arg>
<arg>SM</arg>
<arg>SN</arg>
<arg>SO</arg>
<arg>SR</arg>
<arg>SS</arg>
<arg>ST</arg>
<arg>SV</arg>
<arg>SX</arg>
<arg>SY</arg>
<arg>SZ</arg>
<arg>TC</arg>
<arg>TD</arg>
<arg>TF</arg>
<arg>TG</arg>
<arg>TH</arg>
<arg>TJ</arg>
<arg>TK</arg>
<arg>TL</arg>
<arg>TM</arg>
<arg>TN</arg>
<arg>TO</arg>
<arg>TR</arg>
<arg>TT</arg>
<arg>TV</arg>
<arg>TW</arg>
<arg>TZ</arg>
<arg>UA</arg>
<arg>UG</arg>
<arg>UM</arg>
<arg>US</arg>
<arg>UY</arg>
<arg>UZ</arg>
<arg>VA</arg>
<arg>VC</arg>
<arg>VE</arg>
<arg>VG</arg>
<arg>VI</arg>
<arg>VN</arg>
<arg>VU</arg>
<arg>WF</arg>
<arg>WS</arg>
<arg>XK</arg>
<arg>YE</arg>
<arg>YT</arg>
<arg>ZA</arg>
<arg>ZM</arg>
<arg>ZW</arg>
<doc>Returns a list containing given items.</doc>
<status status="PASS" start="2024-04-24T17:14:50.661611" elapsed="0.000604"/>
</kw>
<kw name="List Should Contain Value" owner="Collections">
<msg time="2024-04-24T17:14:50.663194" level="INFO">False</msg>
<arg>${list_country}</arg>
<arg>${name_country}</arg>
<doc>Fails if the ``value`` is not found from ``list``.</doc>
<status status="PASS" start="2024-04-24T17:14:50.662995" elapsed="0.000233"/>
</kw>
<kw name="Run Keyword If" owner="BuiltIn">
<kw name="Should Be True" owner="BuiltIn">
<arg>${True}</arg>
<doc>Fails if the given condition is not true.</doc>
<status status="PASS" start="2024-04-24T17:14:50.664284" elapsed="0.000162"/>
</kw>
<arg>${json_data["results"][0]["location"]["coordinates"]["latitude"]} &gt;= -90 and ${json_data["results"][0]["location"]["coordinates"]["latitude"]} &lt;= 90</arg>
<arg>Should Be True</arg>
<arg>${True}</arg>
<doc>Runs the given keyword with the given arguments, if ``condition`` is true.</doc>
<status status="PASS" start="2024-04-24T17:14:50.663531" elapsed="0.001040"/>
</kw>
<kw name="Run Keyword If" owner="BuiltIn">
<kw name="Should Be True" owner="BuiltIn">
<arg>${True}</arg>
<doc>Fails if the given condition is not true.</doc>
<status status="PASS" start="2024-04-24T17:14:50.665471" elapsed="0.000239"/>
</kw>
<arg>${json_data["results"][0]["location"]["coordinates"]["longitude"]} &gt;= -180 and ${json_data["results"][0]["location"]["coordinates"]["longitude"]} &lt;= 180</arg>
<arg>Should Be True</arg>
<arg>${True}</arg>
<doc>Runs the given keyword with the given arguments, if ``condition`` is true.</doc>
<status status="PASS" start="2024-04-24T17:14:50.664760" elapsed="0.001076"/>
</kw>
<status status="PASS" start="2024-04-24T17:14:50.553810" elapsed="0.112153"/>
</kw>
<doc>Testa o conteúdo específico dos campos retornados pela API.</doc>
<tag>testeConteudo</tag>
<status status="PASS" start="2024-04-24T17:14:50.553118" elapsed="0.112986"/>
</test>
<status status="PASS" start="2024-04-24T17:14:49.750362" elapsed="0.917638"/>
</suite>
<status status="PASS" start="2024-04-24T17:14:49.736626" elapsed="0.936468"/>
</suite>
<statistics>
<total>
<stat pass="5" fail="0" skip="0">All Tests</stat>
</total>
<tag>
<stat pass="1" fail="0" skip="0">testeConteudo</stat>
<stat pass="1" fail="0" skip="0">testeEstruturaResposta</stat>
<stat pass="1" fail="0" skip="0">testeRequisicaoBasica</stat>
<stat pass="1" fail="0" skip="0">testeTiposDados</stat>
</tag>
<suite>
<stat pass="5" fail="0" skip="0" id="s1" name="Tests">Tests</stat>
<stat pass="5" fail="0" skip="0" id="s1-s1" name="Random-User-Test">Tests.Random-User-Test</stat>
</suite>
</statistics>
<errors>
</errors>
</robot>
