<?xml version="1.0" encoding="UTF-8"?>
<robot generator="Robot 7.0.1 (Python 3.12.4 on linux)" generated="2024-07-02T04:19:01.668996" rpa="false" schemaversion="5">
<suite id="s1" name="Tests" source="/home/runner/work/ApiRandomUser/ApiRandomUser/RamdonUser/tests">
<suite id="s1-s1" name="Random-User-Test" source="/home/runner/work/ApiRandomUser/ApiRandomUser/RamdonUser/tests/random-user-test.robot">
<test id="s1-s1-t1" name="Conectar" line="13">
<kw name="Conectar API" owner="random-user-service">
<kw name="Create Session" owner="RequestsLibrary">
<msg time="2024-07-02T04:19:02.058691" level="INFO">Creating Session using : alias=consultarAPI, url=https://randomuser.me/, headers={},                     cookies={}, auth=None, timeout=None, proxies=None, verify=False,                     debug=0 </msg>
<arg>consultarAPI</arg>
<arg>${URL}</arg>
<doc>Create Session: create a HTTP session to a server</doc>
<status status="PASS" start="2024-07-02T04:19:02.058490" elapsed="0.000376"/>
</kw>
<status status="PASS" start="2024-07-02T04:19:02.057489" elapsed="0.001725"/>
</kw>
<status status="PASS" start="2024-07-02T04:19:02.056892" elapsed="0.002511"/>
</test>
<test id="s1-s1-t2" name="Validar retorno 200 e JSON Válido" line="16">
<kw name="Teste de Requisicao Basica" owner="random-user-service">
<kw name="GET On Session" owner="RequestsLibrary">
<msg time="2024-07-02T04:19:02.139618" level="INFO">GET Request : url=https://randomuser.me/api 
 path_url=/api 
 headers={'User-Agent': 'python-requests/2.32.3', 'Accept-Encoding': 'gzip, deflate', 'Accept': '*/*', 'Connection': 'keep-alive'} 
 body=None 
 </msg>
<msg time="2024-07-02T04:19:02.139720" level="INFO">GET Response : url=https://randomuser.me/api 
 status=200, reason=OK 
 headers={'Date': 'Tue, 02 Jul 2024 04:19:02 GMT', 'Content-Type': 'application/json; charset=utf-8', 'Transfer-Encoding': 'chunked', 'Connection': 'keep-alive', 'X-Powered-By': 'Express', 'Access-Control-Allow-Origin': '*', 'Cache-Control': 'no-cache', 'ETag': 'W/"485-XyPcVD7XdqfPcAr4HRccgTkEeu8"', 'Vary': 'Accept-Encoding', 'Content-Encoding': 'gzip', 'CF-Cache-Status': 'DYNAMIC', 'Report-To': '{"endpoints":[{"url":"https:\\/\\/a.nel.cloudflare.com\\/report\\/v4?s=NlrDkkjTBJrFGKyCqps36Sv6UKQCID3EslkaT1aGAqa8%2BjlVr3XvE0r%2BUKND2LnG6czP%2BdDdrhx4xFFSgB4Cha5wyBDMtBYaDh7xxpLKJCcHUiphBl4VAvDJu8IlPJ89"}],"group":"cf-nel","max_age":604800}', 'NEL': '{"success_fraction":0,"report_to":"cf-nel","max_age":604800}', 'Server': 'cloudflare', 'CF-RAY': '89cbd5d218e96338-ORD', 'alt-svc': 'h3=":443"; ma=86400'} 
 body={"results":[{"gender":"male","name":{"title":"Mr","first":"Modesto","last":"Jesus"},"location":{"street":{"number":22,"name":"Rua Pernambuco "},"city":"Mossoró","state":"Pará","country":"Brazil","postcode":60234,"coordinates":{"latitude":"-79.4036","longitude":"-73.7959"},"timezone":{"offset":"-7:00","description":"Mountain Time (US &amp; Canada)"}},"email":"modesto.jesus@example.com","login":{"uuid":"a8207998-838b-42d6-bc1d-1696ffb8418c","username":"bigswan210","password":"secret1","salt":"FnIRkZyS","md5":"8ac626588c4728bad260b596fd745717","sha1":"af88ef7c274f7ada457d0b929cbe666a60eb730a","sha256":"e1c52bcb8b56d88fa4e963d7826831288ef3f692d95715d55faaf13513386369"},"dob":{"date":"1967-08-02T23:15:14.141Z","age":56},"registered":{"date":"2014-07-22T02:34:04.522Z","age":9},"phone":"(99) 7520-5767","cell":"(32) 1135-0111","id":{"name":"CPF","value":"408.417.356-43"},"picture":{"large":"https://randomuser.me/api/portraits/men/37.jpg","medium":"https://randomuser.me/api/portraits/med/men/37.jpg","thumbnail":"https://randomuser.me/api/portraits/thumb/men/37.jpg"},"nat":"BR"}],"info":{"seed":"19ad9e27a9588693","results":1,"page":1,"version":"1.4"}} 
 </msg>
<msg time="2024-07-02T04:19:02.139801" level="INFO">/opt/hostedtoolcache/Python/3.12.4/x64/lib/python3.12/site-packages/urllib3/connectionpool.py:1099: InsecureRequestWarning: Unverified HTTPS request is being made to host 'randomuser.me'. Adding certificate verification is strongly advised. See: https://urllib3.readthedocs.io/en/latest/advanced-usage.html#tls-warnings
  warnings.warn(</msg>
<msg time="2024-07-02T04:19:02.139927" level="INFO">${response} = &lt;Response [200]&gt;</msg>
<var>${response}</var>
<arg>consultarAPI</arg>
<arg>/api</arg>
<doc>Sends a GET request on a previously created HTTP Session.</doc>
<status status="PASS" start="2024-07-02T04:19:02.062031" elapsed="0.077936"/>
</kw>
<kw name="Should Be Equal As Numbers" owner="BuiltIn">
<msg time="2024-07-02T04:19:02.140759" level="INFO">Argument types are:
&lt;class 'int'&gt;
&lt;class 'str'&gt;</msg>
<arg>${response.status_code}</arg>
<arg>200</arg>
<doc>Fails if objects are unequal after converting them to real numbers.</doc>
<status status="PASS" start="2024-07-02T04:19:02.140364" elapsed="0.000457"/>
</kw>
<kw name="Log" owner="BuiltIn">
<msg time="2024-07-02T04:19:02.141479" level="INFO">200</msg>
<arg>${response.status_code}</arg>
<doc>Logs the given message with the given level.</doc>
<status status="PASS" start="2024-07-02T04:19:02.141130" elapsed="0.000391"/>
</kw>
<kw name="Set Variable" owner="BuiltIn">
<msg time="2024-07-02T04:19:02.142286" level="INFO">${json_data} = {'results': [{'gender': 'male', 'name': {'title': 'Mr', 'first': 'Modesto', 'last': 'Jesus'}, 'location': {'street': {'number': 22, 'name': 'Rua Pernambuco '}, 'city': 'Mossoró', 'state': 'Pará', 'cou...</msg>
<var>${json_data}</var>
<arg>${response.json()}</arg>
<doc>Returns the given values which can then be assigned to a variables.</doc>
<status status="PASS" start="2024-07-02T04:19:02.141821" elapsed="0.000498"/>
</kw>
<kw name="Dictionary Should Contain Key" owner="Collections">
<arg>${json_data}</arg>
<arg>results</arg>
<doc>Fails if ``key`` is not found from ``dictionary``.</doc>
<status status="PASS" start="2024-07-02T04:19:02.142620" elapsed="0.000162"/>
</kw>
<status status="PASS" start="2024-07-02T04:19:02.061786" elapsed="0.081137"/>
</kw>
<doc>Testa se a API responde corretamente e retorna um objeto JSON válido.</doc>
<tag>testeRequisicaoBasica</tag>
<status status="PASS" start="2024-07-02T04:19:02.061267" elapsed="0.081816"/>
</test>
<test id="s1-s1-t3" name="Validar estrutura de resposta" line="22">
<kw name="Teste de Estrutura de Resposta" owner="random-user-service">
<kw name="GET On Session" owner="RequestsLibrary">
<msg time="2024-07-02T04:19:02.247175" level="INFO">GET Request : url=https://randomuser.me/api 
 path_url=/api 
 headers={'User-Agent': 'python-requests/2.32.3', 'Accept-Encoding': 'gzip, deflate', 'Accept': '*/*', 'Connection': 'keep-alive'} 
 body=None 
 </msg>
<msg time="2024-07-02T04:19:02.247246" level="INFO">GET Response : url=https://randomuser.me/api 
 status=200, reason=OK 
 headers={'Date': 'Tue, 02 Jul 2024 04:19:02 GMT', 'Content-Type': 'application/json; charset=utf-8', 'Transfer-Encoding': 'chunked', 'Connection': 'keep-alive', 'X-Powered-By': 'Express', 'Access-Control-Allow-Origin': '*', 'Cache-Control': 'no-cache', 'ETag': 'W/"47c-95G2kqeHVz16xWwQNpvXYQ6QhL4"', 'Vary': 'Accept-Encoding', 'Content-Encoding': 'gzip', 'CF-Cache-Status': 'DYNAMIC', 'Report-To': '{"endpoints":[{"url":"https:\\/\\/a.nel.cloudflare.com\\/report\\/v4?s=3YZU2sIwOTC61ToVe5BlqeRTKhtiPc1aT1XgxcxWhX5HFpJu7yUmK0xMUHZPbzZRT72rD7pLLkwInEHCZXLx21xnd6Psn5kk1fiSYCY7QudIGrtoonLum47QYJRGyhwm"}],"group":"cf-nel","max_age":604800}', 'NEL': '{"success_fraction":0,"report_to":"cf-nel","max_age":604800}', 'Server': 'cloudflare', 'CF-RAY': '89cbd5d269336338-ORD', 'alt-svc': 'h3=":443"; ma=86400'} 
 body={"results":[{"gender":"male","name":{"title":"Mr","first":"Raúl","last":"Gómez"},"location":{"street":{"number":707,"name":"Calle de Ángel García"},"city":"Pamplona","state":"Andalucía","country":"Spain","postcode":90642,"coordinates":{"latitude":"-38.1616","longitude":"-143.6030"},"timezone":{"offset":"+5:45","description":"Kathmandu"}},"email":"raul.gomez@example.com","login":{"uuid":"d5b1ba0e-31c5-4910-8a81-22cc47d42cbe","username":"orangebutterfly249","password":"nicholas","salt":"nhVvMeba","md5":"253aa8396b18d2f100ecb634a54eb45f","sha1":"f58c51fe6894c6c9af87f7c1fa9aaeeee3d25e82","sha256":"d68c3c074c2f2638e0328a62f8114ed51eeecdd8fd25efcff36646ea525b7c2d"},"dob":{"date":"1954-01-29T21:34:43.120Z","age":70},"registered":{"date":"2017-11-09T16:59:48.194Z","age":6},"phone":"924-831-769","cell":"674-471-036","id":{"name":"DNI","value":"73986564-P"},"picture":{"large":"https://randomuser.me/api/portraits/men/77.jpg","medium":"https://randomuser.me/api/portraits/med/men/77.jpg","thumbnail":"https://randomuser.me/api/portraits/thumb/men/77.jpg"},"nat":"ES"}],"info":{"seed":"b9b808605c0e536b","results":1,"page":1,"version":"1.4"}} 
 </msg>
<msg time="2024-07-02T04:19:02.247347" level="INFO">/opt/hostedtoolcache/Python/3.12.4/x64/lib/python3.12/site-packages/urllib3/connectionpool.py:1099: InsecureRequestWarning: Unverified HTTPS request is being made to host 'randomuser.me'. Adding certificate verification is strongly advised. See: https://urllib3.readthedocs.io/en/latest/advanced-usage.html#tls-warnings
  warnings.warn(</msg>
<msg time="2024-07-02T04:19:02.247464" level="INFO">${response} = &lt;Response [200]&gt;</msg>
<var>${response}</var>
<arg>consultarAPI</arg>
<arg>/api</arg>
<doc>Sends a GET request on a previously created HTTP Session.</doc>
<status status="PASS" start="2024-07-02T04:19:02.145561" elapsed="0.101945"/>
</kw>
<kw name="Set Variable" owner="BuiltIn">
<msg time="2024-07-02T04:19:02.248421" level="INFO">${json_data} = {'results': [{'gender': 'male', 'name': {'title': 'Mr', 'first': 'Raúl', 'last': 'Gómez'}, 'location': {'street': {'number': 707, 'name': 'Calle de Ángel García'}, 'city': 'Pamplona', 'state': 'Andalu...</msg>
<var>${json_data}</var>
<arg>${response.json()}</arg>
<doc>Returns the given values which can then be assigned to a variables.</doc>
<status status="PASS" start="2024-07-02T04:19:02.247953" elapsed="0.000496"/>
</kw>
<kw name="Log" owner="BuiltIn">
<msg time="2024-07-02T04:19:02.248918" level="INFO">{'results': [{'gender': 'male', 'name': {'title': 'Mr', 'first': 'Raúl', 'last': 'Gómez'}, 'location': {'street': {'number': 707, 'name': 'Calle de Ángel García'}, 'city': 'Pamplona', 'state': 'Andalucía', 'country': 'Spain', 'postcode': 90642, 'coordinates': {'latitude': '-38.1616', 'longitude': '-143.6030'}, 'timezone': {'offset': '+5:45', 'description': 'Kathmandu'}}, 'email': 'raul.gomez@example.com', 'login': {'uuid': 'd5b1ba0e-31c5-4910-8a81-22cc47d42cbe', 'username': 'orangebutterfly249', 'password': 'nicholas', 'salt': 'nhVvMeba', 'md5': '253aa8396b18d2f100ecb634a54eb45f', 'sha1': 'f58c51fe6894c6c9af87f7c1fa9aaeeee3d25e82', 'sha256': 'd68c3c074c2f2638e0328a62f8114ed51eeecdd8fd25efcff36646ea525b7c2d'}, 'dob': {'date': '1954-01-29T21:34:43.120Z', 'age': 70}, 'registered': {'date': '2017-11-09T16:59:48.194Z', 'age': 6}, 'phone': '924-831-769', 'cell': '674-471-036', 'id': {'name': 'DNI', 'value': '73986564-P'}, 'picture': {'large': 'https://randomuser.me/api/portraits/men/77.jpg', 'medium': 'https://randomuser.me/api/portraits/med/men/77.jpg', 'thumbnail': 'https://randomuser.me/api/portraits/thumb/men/77.jpg'}, 'nat': 'ES'}], 'info': {'seed': 'b9b808605c0e536b', 'results': 1, 'page': 1, 'version': '1.4'}}</msg>
<arg>${json_data}</arg>
<doc>Logs the given message with the given level.</doc>
<status status="PASS" start="2024-07-02T04:19:02.248758" elapsed="0.000210"/>
</kw>
<kw name="Dictionary Should Contain Key" owner="Collections">
<arg>${json_data}</arg>
<arg>results</arg>
<doc>Fails if ``key`` is not found from ``dictionary``.</doc>
<status status="PASS" start="2024-07-02T04:19:02.249259" elapsed="0.000156"/>
</kw>
<kw name="Should Not Be Empty" owner="BuiltIn">
<msg time="2024-07-02T04:19:02.249727" level="INFO">Length is 2.</msg>
<arg>${json_data}</arg>
<doc>Verifies that the given item is not empty.</doc>
<status status="PASS" start="2024-07-02T04:19:02.249598" elapsed="0.000168"/>
</kw>
<kw name="Create List" owner="BuiltIn">
<msg time="2024-07-02T04:19:02.250394" level="INFO">${expected_keys} = ['gender', 'name', 'location', 'email', 'login']</msg>
<var>${expected_keys}</var>
<arg>gender</arg>
<arg>name</arg>
<arg>location</arg>
<arg>email</arg>
<arg>login</arg>
<doc>Returns a list containing given items.</doc>
<status status="PASS" start="2024-07-02T04:19:02.250060" elapsed="0.000360"/>
</kw>
<for flavor="IN">
<iter>
<kw name="Dictionary Should Contain Key" owner="Collections">
<arg>${json_data['results'][0]}</arg>
<arg>${key}</arg>
<doc>Fails if ``key`` is not found from ``dictionary``.</doc>
<status status="PASS" start="2024-07-02T04:19:02.250989" elapsed="0.000402"/>
</kw>
<kw name="Log" owner="BuiltIn">
<msg time="2024-07-02T04:19:02.251939" level="INFO">{'gender': 'male', 'name': {'title': 'Mr', 'first': 'Raúl', 'last': 'Gómez'}, 'location': {'street': {'number': 707, 'name': 'Calle de Ángel García'}, 'city': 'Pamplona', 'state': 'Andalucía', 'country': 'Spain', 'postcode': 90642, 'coordinates': {'latitude': '-38.1616', 'longitude': '-143.6030'}, 'timezone': {'offset': '+5:45', 'description': 'Kathmandu'}}, 'email': 'raul.gomez@example.com', 'login': {'uuid': 'd5b1ba0e-31c5-4910-8a81-22cc47d42cbe', 'username': 'orangebutterfly249', 'password': 'nicholas', 'salt': 'nhVvMeba', 'md5': '253aa8396b18d2f100ecb634a54eb45f', 'sha1': 'f58c51fe6894c6c9af87f7c1fa9aaeeee3d25e82', 'sha256': 'd68c3c074c2f2638e0328a62f8114ed51eeecdd8fd25efcff36646ea525b7c2d'}, 'dob': {'date': '1954-01-29T21:34:43.120Z', 'age': 70}, 'registered': {'date': '2017-11-09T16:59:48.194Z', 'age': 6}, 'phone': '924-831-769', 'cell': '674-471-036', 'id': {'name': 'DNI', 'value': '73986564-P'}, 'picture': {'large': 'https://randomuser.me/api/portraits/men/77.jpg', 'medium': 'https://randomuser.me/api/portraits/med/men/77.jpg', 'thumbnail': 'https://randomuser.me/api/portraits/thumb/men/77.jpg'}, 'nat': 'ES'}</msg>
<arg>${json_data['results'][0]}</arg>
<doc>Logs the given message with the given level.</doc>
<status status="PASS" start="2024-07-02T04:19:02.251575" elapsed="0.000413"/>
</kw>
<kw name="Log" owner="BuiltIn">
<msg time="2024-07-02T04:19:02.252412" level="INFO">gender</msg>
<arg>${key}</arg>
<doc>Logs the given message with the given level.</doc>
<status status="PASS" start="2024-07-02T04:19:02.252285" elapsed="0.000165"/>
</kw>
<var name="${key}">gender</var>
<status status="PASS" start="2024-07-02T04:19:02.250868" elapsed="0.001796"/>
</iter>
<iter>
<kw name="Dictionary Should Contain Key" owner="Collections">
<arg>${json_data['results'][0]}</arg>
<arg>${key}</arg>
<doc>Fails if ``key`` is not found from ``dictionary``.</doc>
<status status="PASS" start="2024-07-02T04:19:02.252959" elapsed="0.000390"/>
</kw>
<kw name="Log" owner="BuiltIn">
<msg time="2024-07-02T04:19:02.253883" level="INFO">{'gender': 'male', 'name': {'title': 'Mr', 'first': 'Raúl', 'last': 'Gómez'}, 'location': {'street': {'number': 707, 'name': 'Calle de Ángel García'}, 'city': 'Pamplona', 'state': 'Andalucía', 'country': 'Spain', 'postcode': 90642, 'coordinates': {'latitude': '-38.1616', 'longitude': '-143.6030'}, 'timezone': {'offset': '+5:45', 'description': 'Kathmandu'}}, 'email': 'raul.gomez@example.com', 'login': {'uuid': 'd5b1ba0e-31c5-4910-8a81-22cc47d42cbe', 'username': 'orangebutterfly249', 'password': 'nicholas', 'salt': 'nhVvMeba', 'md5': '253aa8396b18d2f100ecb634a54eb45f', 'sha1': 'f58c51fe6894c6c9af87f7c1fa9aaeeee3d25e82', 'sha256': 'd68c3c074c2f2638e0328a62f8114ed51eeecdd8fd25efcff36646ea525b7c2d'}, 'dob': {'date': '1954-01-29T21:34:43.120Z', 'age': 70}, 'registered': {'date': '2017-11-09T16:59:48.194Z', 'age': 6}, 'phone': '924-831-769', 'cell': '674-471-036', 'id': {'name': 'DNI', 'value': '73986564-P'}, 'picture': {'large': 'https://randomuser.me/api/portraits/men/77.jpg', 'medium': 'https://randomuser.me/api/portraits/med/men/77.jpg', 'thumbnail': 'https://randomuser.me/api/portraits/thumb/men/77.jpg'}, 'nat': 'ES'}</msg>
<arg>${json_data['results'][0]}</arg>
<doc>Logs the given message with the given level.</doc>
<status status="PASS" start="2024-07-02T04:19:02.253530" elapsed="0.000433"/>
</kw>
<kw name="Log" owner="BuiltIn">
<msg time="2024-07-02T04:19:02.254410" level="INFO">name</msg>
<arg>${key}</arg>
<doc>Logs the given message with the given level.</doc>
<status status="PASS" start="2024-07-02T04:19:02.254281" elapsed="0.000166"/>
</kw>
<var name="${key}">name</var>
<status status="PASS" start="2024-07-02T04:19:02.252849" elapsed="0.001814"/>
</iter>
<iter>
<kw name="Dictionary Should Contain Key" owner="Collections">
<arg>${json_data['results'][0]}</arg>
<arg>${key}</arg>
<doc>Fails if ``key`` is not found from ``dictionary``.</doc>
<status status="PASS" start="2024-07-02T04:19:02.254947" elapsed="0.000385"/>
</kw>
<kw name="Log" owner="BuiltIn">
<msg time="2024-07-02T04:19:02.255861" level="INFO">{'gender': 'male', 'name': {'title': 'Mr', 'first': 'Raúl', 'last': 'Gómez'}, 'location': {'street': {'number': 707, 'name': 'Calle de Ángel García'}, 'city': 'Pamplona', 'state': 'Andalucía', 'country': 'Spain', 'postcode': 90642, 'coordinates': {'latitude': '-38.1616', 'longitude': '-143.6030'}, 'timezone': {'offset': '+5:45', 'description': 'Kathmandu'}}, 'email': 'raul.gomez@example.com', 'login': {'uuid': 'd5b1ba0e-31c5-4910-8a81-22cc47d42cbe', 'username': 'orangebutterfly249', 'password': 'nicholas', 'salt': 'nhVvMeba', 'md5': '253aa8396b18d2f100ecb634a54eb45f', 'sha1': 'f58c51fe6894c6c9af87f7c1fa9aaeeee3d25e82', 'sha256': 'd68c3c074c2f2638e0328a62f8114ed51eeecdd8fd25efcff36646ea525b7c2d'}, 'dob': {'date': '1954-01-29T21:34:43.120Z', 'age': 70}, 'registered': {'date': '2017-11-09T16:59:48.194Z', 'age': 6}, 'phone': '924-831-769', 'cell': '674-471-036', 'id': {'name': 'DNI', 'value': '73986564-P'}, 'picture': {'large': 'https://randomuser.me/api/portraits/men/77.jpg', 'medium': 'https://randomuser.me/api/portraits/med/men/77.jpg', 'thumbnail': 'https://randomuser.me/api/portraits/thumb/men/77.jpg'}, 'nat': 'ES'}</msg>
<arg>${json_data['results'][0]}</arg>
<doc>Logs the given message with the given level.</doc>
<status status="PASS" start="2024-07-02T04:19:02.255513" elapsed="0.000397"/>
</kw>
<kw name="Log" owner="BuiltIn">
<msg time="2024-07-02T04:19:02.256336" level="INFO">location</msg>
<arg>${key}</arg>
<doc>Logs the given message with the given level.</doc>
<status status="PASS" start="2024-07-02T04:19:02.256208" elapsed="0.000166"/>
</kw>
<var name="${key}">location</var>
<status status="PASS" start="2024-07-02T04:19:02.254841" elapsed="0.001750"/>
</iter>
<iter>
<kw name="Dictionary Should Contain Key" owner="Collections">
<arg>${json_data['results'][0]}</arg>
<arg>${key}</arg>
<doc>Fails if ``key`` is not found from ``dictionary``.</doc>
<status status="PASS" start="2024-07-02T04:19:02.256871" elapsed="0.000383"/>
</kw>
<kw name="Log" owner="BuiltIn">
<msg time="2024-07-02T04:19:02.257793" level="INFO">{'gender': 'male', 'name': {'title': 'Mr', 'first': 'Raúl', 'last': 'Gómez'}, 'location': {'street': {'number': 707, 'name': 'Calle de Ángel García'}, 'city': 'Pamplona', 'state': 'Andalucía', 'country': 'Spain', 'postcode': 90642, 'coordinates': {'latitude': '-38.1616', 'longitude': '-143.6030'}, 'timezone': {'offset': '+5:45', 'description': 'Kathmandu'}}, 'email': 'raul.gomez@example.com', 'login': {'uuid': 'd5b1ba0e-31c5-4910-8a81-22cc47d42cbe', 'username': 'orangebutterfly249', 'password': 'nicholas', 'salt': 'nhVvMeba', 'md5': '253aa8396b18d2f100ecb634a54eb45f', 'sha1': 'f58c51fe6894c6c9af87f7c1fa9aaeeee3d25e82', 'sha256': 'd68c3c074c2f2638e0328a62f8114ed51eeecdd8fd25efcff36646ea525b7c2d'}, 'dob': {'date': '1954-01-29T21:34:43.120Z', 'age': 70}, 'registered': {'date': '2017-11-09T16:59:48.194Z', 'age': 6}, 'phone': '924-831-769', 'cell': '674-471-036', 'id': {'name': 'DNI', 'value': '73986564-P'}, 'picture': {'large': 'https://randomuser.me/api/portraits/men/77.jpg', 'medium': 'https://randomuser.me/api/portraits/med/men/77.jpg', 'thumbnail': 'https://randomuser.me/api/portraits/thumb/men/77.jpg'}, 'nat': 'ES'}</msg>
<arg>${json_data['results'][0]}</arg>
<doc>Logs the given message with the given level.</doc>
<status status="PASS" start="2024-07-02T04:19:02.257436" elapsed="0.000406"/>
</kw>
<kw name="Log" owner="BuiltIn">
<msg time="2024-07-02T04:19:02.258284" level="INFO">email</msg>
<arg>${key}</arg>
<doc>Logs the given message with the given level.</doc>
<status status="PASS" start="2024-07-02T04:19:02.258138" elapsed="0.000185"/>
</kw>
<var name="${key}">email</var>
<status status="PASS" start="2024-07-02T04:19:02.256765" elapsed="0.001780"/>
</iter>
<iter>
<kw name="Dictionary Should Contain Key" owner="Collections">
<arg>${json_data['results'][0]}</arg>
<arg>${key}</arg>
<doc>Fails if ``key`` is not found from ``dictionary``.</doc>
<status status="PASS" start="2024-07-02T04:19:02.258833" elapsed="0.000387"/>
</kw>
<kw name="Log" owner="BuiltIn">
<msg time="2024-07-02T04:19:02.259758" level="INFO">{'gender': 'male', 'name': {'title': 'Mr', 'first': 'Raúl', 'last': 'Gómez'}, 'location': {'street': {'number': 707, 'name': 'Calle de Ángel García'}, 'city': 'Pamplona', 'state': 'Andalucía', 'country': 'Spain', 'postcode': 90642, 'coordinates': {'latitude': '-38.1616', 'longitude': '-143.6030'}, 'timezone': {'offset': '+5:45', 'description': 'Kathmandu'}}, 'email': 'raul.gomez@example.com', 'login': {'uuid': 'd5b1ba0e-31c5-4910-8a81-22cc47d42cbe', 'username': 'orangebutterfly249', 'password': 'nicholas', 'salt': 'nhVvMeba', 'md5': '253aa8396b18d2f100ecb634a54eb45f', 'sha1': 'f58c51fe6894c6c9af87f7c1fa9aaeeee3d25e82', 'sha256': 'd68c3c074c2f2638e0328a62f8114ed51eeecdd8fd25efcff36646ea525b7c2d'}, 'dob': {'date': '1954-01-29T21:34:43.120Z', 'age': 70}, 'registered': {'date': '2017-11-09T16:59:48.194Z', 'age': 6}, 'phone': '924-831-769', 'cell': '674-471-036', 'id': {'name': 'DNI', 'value': '73986564-P'}, 'picture': {'large': 'https://randomuser.me/api/portraits/men/77.jpg', 'medium': 'https://randomuser.me/api/portraits/med/men/77.jpg', 'thumbnail': 'https://randomuser.me/api/portraits/thumb/men/77.jpg'}, 'nat': 'ES'}</msg>
<arg>${json_data['results'][0]}</arg>
<doc>Logs the given message with the given level.</doc>
<status status="PASS" start="2024-07-02T04:19:02.259401" elapsed="0.000407"/>
</kw>
<kw name="Log" owner="BuiltIn">
<msg time="2024-07-02T04:19:02.260226" level="INFO">login</msg>
<arg>${key}</arg>
<doc>Logs the given message with the given level.</doc>
<status status="PASS" start="2024-07-02T04:19:02.260100" elapsed="0.000163"/>
</kw>
<var name="${key}">login</var>
<status status="PASS" start="2024-07-02T04:19:02.258718" elapsed="0.001759"/>
</iter>
<var>${key}</var>
<value>@{expected_keys}</value>
<status status="PASS" start="2024-07-02T04:19:02.250683" elapsed="0.009913"/>
</for>
<kw name="Create List" owner="BuiltIn">
<msg time="2024-07-02T04:19:02.260927" level="INFO">${expected_keysTwo} = ['username', 'password']</msg>
<var>${expected_keysTwo}</var>
<arg>username</arg>
<arg>password</arg>
<doc>Returns a list containing given items.</doc>
<status status="PASS" start="2024-07-02T04:19:02.260786" elapsed="0.000166"/>
</kw>
<for flavor="IN">
<iter>
<kw name="Dictionary Should Contain Key" owner="Collections">
<arg>${json_data['results'][0]['login']}</arg>
<arg>${keyTwo}</arg>
<doc>Fails if ``key`` is not found from ``dictionary``.</doc>
<status status="PASS" start="2024-07-02T04:19:02.261468" elapsed="0.000380"/>
</kw>
<kw name="Dictionary Should Contain Key" owner="Collections">
<arg>${json_data['results'][0]['login']}</arg>
<arg>${keyTwo}</arg>
<doc>Fails if ``key`` is not found from ``dictionary``.</doc>
<status status="PASS" start="2024-07-02T04:19:02.262028" elapsed="0.000405"/>
</kw>
<kw name="Log" owner="BuiltIn">
<msg time="2024-07-02T04:19:02.262737" level="INFO">username</msg>
<arg>${keyTwo}</arg>
<doc>Logs the given message with the given level.</doc>
<status status="PASS" start="2024-07-02T04:19:02.262615" elapsed="0.000160"/>
</kw>
<var name="${keyTwo}">username</var>
<status status="PASS" start="2024-07-02T04:19:02.261362" elapsed="0.001634"/>
</iter>
<iter>
<kw name="Dictionary Should Contain Key" owner="Collections">
<arg>${json_data['results'][0]['login']}</arg>
<arg>${keyTwo}</arg>
<doc>Fails if ``key`` is not found from ``dictionary``.</doc>
<status status="PASS" start="2024-07-02T04:19:02.263272" elapsed="0.000373"/>
</kw>
<kw name="Dictionary Should Contain Key" owner="Collections">
<arg>${json_data['results'][0]['login']}</arg>
<arg>${keyTwo}</arg>
<doc>Fails if ``key`` is not found from ``dictionary``.</doc>
<status status="PASS" start="2024-07-02T04:19:02.263820" elapsed="0.000369"/>
</kw>
<kw name="Log" owner="BuiltIn">
<msg time="2024-07-02T04:19:02.264480" level="INFO">password</msg>
<arg>${keyTwo}</arg>
<doc>Logs the given message with the given level.</doc>
<status status="PASS" start="2024-07-02T04:19:02.264364" elapsed="0.000157"/>
</kw>
<var name="${keyTwo}">password</var>
<status status="PASS" start="2024-07-02T04:19:02.263168" elapsed="0.001660"/>
</iter>
<var>${keyTwo}</var>
<value>@{expected_keysTwo}</value>
<status status="PASS" start="2024-07-02T04:19:02.261210" elapsed="0.003741"/>
</for>
<status status="PASS" start="2024-07-02T04:19:02.145338" elapsed="0.119772"/>
</kw>
<doc>Testa a estrutura da resposta da API.</doc>
<tag>testeEstruturaResposta</tag>
<status status="PASS" start="2024-07-02T04:19:02.144871" elapsed="0.120389"/>
</test>
<test id="s1-s1-t4" name="Validar tipos de dados" line="28">
<kw name="Teste de Tipos de Dados" owner="random-user-service">
<kw name="GET On Session" owner="RequestsLibrary">
<msg time="2024-07-02T04:19:02.359144" level="INFO">GET Request : url=https://randomuser.me/api 
 path_url=/api 
 headers={'User-Agent': 'python-requests/2.32.3', 'Accept-Encoding': 'gzip, deflate', 'Accept': '*/*', 'Connection': 'keep-alive'} 
 body=None 
 </msg>
<msg time="2024-07-02T04:19:02.359222" level="INFO">GET Response : url=https://randomuser.me/api 
 status=200, reason=OK 
 headers={'Date': 'Tue, 02 Jul 2024 04:19:02 GMT', 'Content-Type': 'application/json; charset=utf-8', 'Transfer-Encoding': 'chunked', 'Connection': 'keep-alive', 'X-Powered-By': 'Express', 'Access-Control-Allow-Origin': '*', 'Cache-Control': 'no-cache', 'ETag': 'W/"49a-TM43uEVT+gJHEFnmvUjj9o8U2PA"', 'Vary': 'Accept-Encoding', 'Content-Encoding': 'gzip', 'CF-Cache-Status': 'DYNAMIC', 'Report-To': '{"endpoints":[{"url":"https:\\/\\/a.nel.cloudflare.com\\/report\\/v4?s=aUVAaWmAFF2zqX78cVr561AmX46Ph7T4RFQZR7ShfEWRFvAMY0FvaMhww5o%2BiYpX%2FlQctLMxaAVCRSjdBMBtZuNfLb48lA4n4Jkh74uLuihzSqe8Yc4Zb2MBsnqJWV4l"}],"group":"cf-nel","max_age":604800}', 'NEL': '{"success_fraction":0,"report_to":"cf-nel","max_age":604800}', 'Server': 'cloudflare', 'CF-RAY': '89cbd5d329e46338-ORD', 'alt-svc': 'h3=":443"; ma=86400'} 
 body={"results":[{"gender":"female","name":{"title":"Miss","first":"Rachel","last":"Anderson"},"location":{"street":{"number":9419,"name":"Fincher Rd"},"city":"Dubbo","state":"Tasmania","country":"Australia","postcode":2514,"coordinates":{"latitude":"-89.9529","longitude":"158.7246"},"timezone":{"offset":"+5:30","description":"Bombay, Calcutta, Madras, New Delhi"}},"email":"rachel.anderson@example.com","login":{"uuid":"c01bf45b-093f-480d-8ead-aa3955b42feb","username":"ticklishostrich666","password":"nicolas","salt":"Mn8Fb1b3","md5":"f8f24f6bcc768b61ebd85de906dfeaf2","sha1":"170e4b708cb0be1bc5a30b9ebc4d7437c313d41b","sha256":"c8b0747d4eadde9d76416ac188917a0684188d545a56403cae943880dbb86ae1"},"dob":{"date":"1958-10-28T00:43:14.302Z","age":65},"registered":{"date":"2014-06-21T13:28:12.843Z","age":10},"phone":"03-6319-9795","cell":"0462-448-060","id":{"name":"TFN","value":"359824059"},"picture":{"large":"https://randomuser.me/api/portraits/women/35.jpg","medium":"https://randomuser.me/api/portraits/med/women/35.jpg","thumbnail":"https://randomuser.me/api/portraits/thumb/women/35.jpg"},"nat":"AU"}],"info":{"seed":"669b429b54a9a818","results":1,"page":1,"version":"1.4"}} 
 </msg>
<msg time="2024-07-02T04:19:02.359285" level="INFO">/opt/hostedtoolcache/Python/3.12.4/x64/lib/python3.12/site-packages/urllib3/connectionpool.py:1099: InsecureRequestWarning: Unverified HTTPS request is being made to host 'randomuser.me'. Adding certificate verification is strongly advised. See: https://urllib3.readthedocs.io/en/latest/advanced-usage.html#tls-warnings
  warnings.warn(</msg>
<msg time="2024-07-02T04:19:02.359404" level="INFO">${response} = &lt;Response [200]&gt;</msg>
<var>${response}</var>
<arg>consultarAPI</arg>
<arg>/api</arg>
<doc>Sends a GET request on a previously created HTTP Session.</doc>
<status status="PASS" start="2024-07-02T04:19:02.267790" elapsed="0.091654"/>
</kw>
<kw name="Set Variable" owner="BuiltIn">
<msg time="2024-07-02T04:19:02.360565" level="INFO">${json_data} = {'results': [{'gender': 'female', 'name': {'title': 'Miss', 'first': 'Rachel', 'last': 'Anderson'}, 'location': {'street': {'number': 9419, 'name': 'Fincher Rd'}, 'city': 'Dubbo', 'state': 'Tasmania',...</msg>
<var>${json_data}</var>
<arg>${response.json()}</arg>
<doc>Returns the given values which can then be assigned to a variables.</doc>
<status status="PASS" start="2024-07-02T04:19:02.359985" elapsed="0.000610"/>
</kw>
<kw name="Log" owner="BuiltIn">
<msg time="2024-07-02T04:19:02.361060" level="INFO">{'results': [{'gender': 'female', 'name': {'title': 'Miss', 'first': 'Rachel', 'last': 'Anderson'}, 'location': {'street': {'number': 9419, 'name': 'Fincher Rd'}, 'city': 'Dubbo', 'state': 'Tasmania', 'country': 'Australia', 'postcode': 2514, 'coordinates': {'latitude': '-89.9529', 'longitude': '158.7246'}, 'timezone': {'offset': '+5:30', 'description': 'Bombay, Calcutta, Madras, New Delhi'}}, 'email': 'rachel.anderson@example.com', 'login': {'uuid': 'c01bf45b-093f-480d-8ead-aa3955b42feb', 'username': 'ticklishostrich666', 'password': 'nicolas', 'salt': 'Mn8Fb1b3', 'md5': 'f8f24f6bcc768b61ebd85de906dfeaf2', 'sha1': '170e4b708cb0be1bc5a30b9ebc4d7437c313d41b', 'sha256': 'c8b0747d4eadde9d76416ac188917a0684188d545a56403cae943880dbb86ae1'}, 'dob': {'date': '1958-10-28T00:43:14.302Z', 'age': 65}, 'registered': {'date': '2014-06-21T13:28:12.843Z', 'age': 10}, 'phone': '03-6319-9795', 'cell': '0462-448-060', 'id': {'name': 'TFN', 'value': '359824059'}, 'picture': {'large': 'https://randomuser.me/api/portraits/women/35.jpg', 'medium': 'https://randomuser.me/api/portraits/med/women/35.jpg', 'thumbnail': 'https://randomuser.me/api/portraits/thumb/women/35.jpg'}, 'nat': 'AU'}], 'info': {'seed': '669b429b54a9a818', 'results': 1, 'page': 1, 'version': '1.4'}}</msg>
<arg>${json_data}</arg>
<doc>Logs the given message with the given level.</doc>
<status status="PASS" start="2024-07-02T04:19:02.360902" elapsed="0.000206"/>
</kw>
<kw name="Should Be String" owner="String">
<arg>${json_data['results'][0]['gender']}</arg>
<doc>Fails if the given ``item`` is not a string.</doc>
<status status="PASS" start="2024-07-02T04:19:02.361409" elapsed="0.000360"/>
</kw>
<kw name="Should Match Regexp" owner="BuiltIn">
<arg>${json_data['results'][0]['email']}</arg>
<arg>^[a-zA-Z0-9._%+-]+@[a-zA-Z0-9.-]+\.[a-zA-Z]{2,}$</arg>
<doc>Fails if ``string`` does not match ``pattern`` as a regular expression.</doc>
<status status="PASS" start="2024-07-02T04:19:02.361955" elapsed="0.000556"/>
</kw>
<kw name="Should Match Regexp" owner="BuiltIn">
<arg>${json_data['results'][0]['dob']['date']}</arg>
<arg>\\d{4}-\\d{2}-\\d{2}T\\d{2}:\\d{2}:\\d{2}\\.\\d{3}Z</arg>
<doc>Fails if ``string`` does not match ``pattern`` as a regular expression.</doc>
<status status="PASS" start="2024-07-02T04:19:02.362745" elapsed="0.000492"/>
</kw>
<kw name="Should Match Regexp" owner="BuiltIn">
<arg>${json_data['results'][0]['registered']['date']}</arg>
<arg>\\d{4}-\\d{2}-\\d{2}T\\d{2}:\\d{2}:\\d{2}\\.\\d{3}Z</arg>
<doc>Fails if ``string`` does not match ``pattern`` as a regular expression.</doc>
<status status="PASS" start="2024-07-02T04:19:02.363425" elapsed="0.000368"/>
</kw>
<kw name="Should Match Regexp" owner="BuiltIn">
<arg>${json_data['results'][0]['picture']['large']}</arg>
<arg>^https?://.*\.(?:png|jpe?g|gif|bmp)$</arg>
<doc>Fails if ``string`` does not match ``pattern`` as a regular expression.</doc>
<status status="PASS" start="2024-07-02T04:19:02.363979" elapsed="0.000461"/>
</kw>
<kw name="Should Match Regexp" owner="BuiltIn">
<arg>${json_data['results'][0]['picture']['medium']}</arg>
<arg>^https?://.*\.(?:png|jpe?g|gif|bmp)$</arg>
<doc>Fails if ``string`` does not match ``pattern`` as a regular expression.</doc>
<status status="PASS" start="2024-07-02T04:19:02.364628" elapsed="0.000355"/>
</kw>
<kw name="Should Match Regexp" owner="BuiltIn">
<arg>${json_data['results'][0]['picture']['thumbnail']}</arg>
<arg>^https?://.*\.(?:png|jpe?g|gif|bmp)$</arg>
<doc>Fails if ``string`` does not match ``pattern`` as a regular expression.</doc>
<status status="PASS" start="2024-07-02T04:19:02.365167" elapsed="0.000348"/>
</kw>
<kw name="Log" owner="BuiltIn">
<msg time="2024-07-02T04:19:02.366016" level="INFO">{'large': 'https://randomuser.me/api/portraits/women/35.jpg', 'medium': 'https://randomuser.me/api/portraits/med/women/35.jpg', 'thumbnail': 'https://randomuser.me/api/portraits/thumb/women/35.jpg'}</msg>
<arg>${json_data['results'][0]['picture']}</arg>
<doc>Logs the given message with the given level.</doc>
<status status="PASS" start="2024-07-02T04:19:02.365698" elapsed="0.000360"/>
</kw>
<status status="PASS" start="2024-07-02T04:19:02.267570" elapsed="0.098770"/>
</kw>
<kw name="Teste de Tipos de Dados - Postcode" owner="random-user-service">
<kw name="GET On Session" owner="RequestsLibrary">
<msg time="2024-07-02T04:19:02.444510" level="INFO">GET Request : url=https://randomuser.me/api 
 path_url=/api 
 headers={'User-Agent': 'python-requests/2.32.3', 'Accept-Encoding': 'gzip, deflate', 'Accept': '*/*', 'Connection': 'keep-alive'} 
 body=None 
 </msg>
<msg time="2024-07-02T04:19:02.444618" level="INFO">GET Response : url=https://randomuser.me/api 
 status=200, reason=OK 
 headers={'Date': 'Tue, 02 Jul 2024 04:19:02 GMT', 'Content-Type': 'application/json; charset=utf-8', 'Transfer-Encoding': 'chunked', 'Connection': 'keep-alive', 'X-Powered-By': 'Express', 'Access-Control-Allow-Origin': '*', 'Cache-Control': 'no-cache', 'ETag': 'W/"48a-T+dv/6+p5eCvvGW1DSB0ByNM4Ao"', 'Vary': 'Accept-Encoding', 'Content-Encoding': 'gzip', 'CF-Cache-Status': 'DYNAMIC', 'Report-To': '{"endpoints":[{"url":"https:\\/\\/a.nel.cloudflare.com\\/report\\/v4?s=VhtKCUoPvwPhqtOIcQK2skbe4a9pUa31P46WSlD47Y6fIz6eglDHYHdvo99kXiep9xQLXufpc2wf92SWMHddACFO9soQsNXXTYa%2FJ43qJcSJpF9fQ5ap%2Bfncyk1mPjuo"}],"group":"cf-nel","max_age":604800}', 'NEL': '{"success_fraction":0,"report_to":"cf-nel","max_age":604800}', 'Server': 'cloudflare', 'CF-RAY': '89cbd5d3ca766338-ORD', 'alt-svc': 'h3=":443"; ma=86400'} 
 body={"results":[{"gender":"female","name":{"title":"Miss","first":"Ava","last":"Lee"},"location":{"street":{"number":3428,"name":"Totara Avenue"},"city":"Masterton","state":"Otago","country":"New Zealand","postcode":72508,"coordinates":{"latitude":"54.0508","longitude":"85.0423"},"timezone":{"offset":"-4:00","description":"Atlantic Time (Canada), Caracas, La Paz"}},"email":"ava.lee@example.com","login":{"uuid":"26045e69-b6ea-4768-b7b7-ac16b52a14c6","username":"heavyostrich781","password":"phillip","salt":"z6PDxG7E","md5":"320256132c340a1f7e44c7c49b3da76f","sha1":"c6f94be531eec7d2005b44240f0cf1a4578d00e1","sha256":"47a70e4d686b32a05be88525615fd98f66a3d833889a9d50385477f29a8f3f22"},"dob":{"date":"1949-08-24T21:11:28.825Z","age":74},"registered":{"date":"2010-04-19T03:26:13.974Z","age":14},"phone":"(316)-027-4657","cell":"(503)-188-9814","id":{"name":"","value":null},"picture":{"large":"https://randomuser.me/api/portraits/women/67.jpg","medium":"https://randomuser.me/api/portraits/med/women/67.jpg","thumbnail":"https://randomuser.me/api/portraits/thumb/women/67.jpg"},"nat":"NZ"}],"info":{"seed":"25f384b14246f69a","results":1,"page":1,"version":"1.4"}} 
 </msg>
<msg time="2024-07-02T04:19:02.444697" level="INFO">/opt/hostedtoolcache/Python/3.12.4/x64/lib/python3.12/site-packages/urllib3/connectionpool.py:1099: InsecureRequestWarning: Unverified HTTPS request is being made to host 'randomuser.me'. Adding certificate verification is strongly advised. See: https://urllib3.readthedocs.io/en/latest/advanced-usage.html#tls-warnings
  warnings.warn(</msg>
<msg time="2024-07-02T04:19:02.444835" level="INFO">${response} = &lt;Response [200]&gt;</msg>
<var>${response}</var>
<arg>consultarAPI</arg>
<arg>/api</arg>
<doc>Sends a GET request on a previously created HTTP Session.</doc>
<status status="PASS" start="2024-07-02T04:19:02.366793" elapsed="0.078091"/>
</kw>
<kw name="Set Variable" owner="BuiltIn">
<msg time="2024-07-02T04:19:02.446098" level="INFO">${json_data} = {'results': [{'gender': 'female', 'name': {'title': 'Miss', 'first': 'Ava', 'last': 'Lee'}, 'location': {'street': {'number': 3428, 'name': 'Totara Avenue'}, 'city': 'Masterton', 'state': 'Otago', 'co...</msg>
<var>${json_data}</var>
<arg>${response.json()}</arg>
<doc>Returns the given values which can then be assigned to a variables.</doc>
<status status="PASS" start="2024-07-02T04:19:02.445530" elapsed="0.000596"/>
</kw>
<kw name="Log" owner="BuiltIn">
<msg time="2024-07-02T04:19:02.446636" level="INFO">{'results': [{'gender': 'female', 'name': {'title': 'Miss', 'first': 'Ava', 'last': 'Lee'}, 'location': {'street': {'number': 3428, 'name': 'Totara Avenue'}, 'city': 'Masterton', 'state': 'Otago', 'country': 'New Zealand', 'postcode': 72508, 'coordinates': {'latitude': '54.0508', 'longitude': '85.0423'}, 'timezone': {'offset': '-4:00', 'description': 'Atlantic Time (Canada), Caracas, La Paz'}}, 'email': 'ava.lee@example.com', 'login': {'uuid': '26045e69-b6ea-4768-b7b7-ac16b52a14c6', 'username': 'heavyostrich781', 'password': 'phillip', 'salt': 'z6PDxG7E', 'md5': '320256132c340a1f7e44c7c49b3da76f', 'sha1': 'c6f94be531eec7d2005b44240f0cf1a4578d00e1', 'sha256': '47a70e4d686b32a05be88525615fd98f66a3d833889a9d50385477f29a8f3f22'}, 'dob': {'date': '1949-08-24T21:11:28.825Z', 'age': 74}, 'registered': {'date': '2010-04-19T03:26:13.974Z', 'age': 14}, 'phone': '(316)-027-4657', 'cell': '(503)-188-9814', 'id': {'name': '', 'value': None}, 'picture': {'large': 'https://randomuser.me/api/portraits/women/67.jpg', 'medium': 'https://randomuser.me/api/portraits/med/women/67.jpg', 'thumbnail': 'https://randomuser.me/api/portraits/thumb/women/67.jpg'}, 'nat': 'NZ'}], 'info': {'seed': '25f384b14246f69a', 'results': 1, 'page': 1, 'version': '1.4'}}</msg>
<arg>${json_data}</arg>
<doc>Logs the given message with the given level.</doc>
<status status="PASS" start="2024-07-02T04:19:02.446477" elapsed="0.000206"/>
</kw>
<kw name="Should Be Equal As Numbers" owner="BuiltIn">
<arg>${json_data['results'][0]['location']['postcode']}</arg>
<arg>${json_data['results'][0]['location']['postcode']}</arg>
<doc>Fails if objects are unequal after converting them to real numbers.</doc>
<status status="PASS" start="2024-07-02T04:19:02.447002" elapsed="0.000662"/>
</kw>
<kw name="Log" owner="BuiltIn">
<msg time="2024-07-02T04:19:02.448369" level="INFO">72508</msg>
<arg>${json_data['results'][0]['location']['postcode']}</arg>
<doc>Logs the given message with the given level.</doc>
<status status="PASS" start="2024-07-02T04:19:02.447857" elapsed="0.000553"/>
</kw>
<status status="PASS" start="2024-07-02T04:19:02.366568" elapsed="0.082126"/>
</kw>
<doc>Testa se os tipos de dados na resposta da API estão corretos.</doc>
<tag>testeTiposDados</tag>
<status status="PASS" start="2024-07-02T04:19:02.267049" elapsed="0.181814"/>
</test>
<test id="s1-s1-t5" name="Validar conteudo" line="35">
<kw name="Teste de Tipos de Conteudo" owner="random-user-service">
<kw name="GET On Session" owner="RequestsLibrary">
<msg time="2024-07-02T04:19:02.538323" level="INFO">GET Request : url=https://randomuser.me/api 
 path_url=/api 
 headers={'User-Agent': 'python-requests/2.32.3', 'Accept-Encoding': 'gzip, deflate', 'Accept': '*/*', 'Connection': 'keep-alive'} 
 body=None 
 </msg>
<msg time="2024-07-02T04:19:02.538390" level="INFO">GET Response : url=https://randomuser.me/api 
 status=200, reason=OK 
 headers={'Date': 'Tue, 02 Jul 2024 04:19:02 GMT', 'Content-Type': 'application/json; charset=utf-8', 'Transfer-Encoding': 'chunked', 'Connection': 'keep-alive', 'X-Powered-By': 'Express', 'Access-Control-Allow-Origin': '*', 'Cache-Control': 'no-cache', 'ETag': 'W/"486-d+9Um3SSn7f9uX3LypPCoPmBKgk"', 'Vary': 'Accept-Encoding', 'Content-Encoding': 'gzip', 'CF-Cache-Status': 'DYNAMIC', 'Report-To': '{"endpoints":[{"url":"https:\\/\\/a.nel.cloudflare.com\\/report\\/v4?s=adB%2FIvMtyiu08AhiX0kY8qW3L3whom2IvtoW2kjOumGgUyiBl5hyN3dzVJlymJZPNAYsNu%2BsZYYLxzjaKovTYO%2F4UHQBFg0z0Lf4WujorkD4bJDu4T22jRvuIiwnmfqk"}],"group":"cf-nel","max_age":604800}', 'NEL': '{"success_fraction":0,"report_to":"cf-nel","max_age":604800}', 'Server': 'cloudflare', 'CF-RAY': '89cbd5d45ad26338-ORD', 'alt-svc': 'h3=":443"; ma=86400'} 
 body={"results":[{"gender":"female","name":{"title":"Mrs","first":"Brittany","last":"Frazier"},"location":{"street":{"number":4344,"name":"Pearse Street"},"city":"Rush","state":"Cork City","country":"Ireland","postcode":84594,"coordinates":{"latitude":"-0.1124","longitude":"66.1943"},"timezone":{"offset":"-11:00","description":"Midway Island, Samoa"}},"email":"brittany.frazier@example.com","login":{"uuid":"24806ad2-d315-49c6-8d18-3d641f25cc39","username":"orangeduck876","password":"apache","salt":"nhuIVyXY","md5":"6660edbdd3a9f3bf8369176b08707ff7","sha1":"c452b6b7629373ddc581af6741db06b83775fdfb","sha256":"888b6e62f58508af24be2aebd312ad30bb0b7c70e280df1adbed912128e154e6"},"dob":{"date":"1968-12-13T18:06:58.450Z","age":55},"registered":{"date":"2008-02-14T09:10:02.187Z","age":16},"phone":"071-137-7253","cell":"081-640-0986","id":{"name":"PPS","value":"3260774T"},"picture":{"large":"https://randomuser.me/api/portraits/women/11.jpg","medium":"https://randomuser.me/api/portraits/med/women/11.jpg","thumbnail":"https://randomuser.me/api/portraits/thumb/women/11.jpg"},"nat":"IE"}],"info":{"seed":"e6b04ae3f9b5e4e5","results":1,"page":1,"version":"1.4"}} 
 </msg>
<msg time="2024-07-02T04:19:02.538447" level="INFO">/opt/hostedtoolcache/Python/3.12.4/x64/lib/python3.12/site-packages/urllib3/connectionpool.py:1099: InsecureRequestWarning: Unverified HTTPS request is being made to host 'randomuser.me'. Adding certificate verification is strongly advised. See: https://urllib3.readthedocs.io/en/latest/advanced-usage.html#tls-warnings
  warnings.warn(</msg>
<msg time="2024-07-02T04:19:02.538530" level="INFO">${response} = &lt;Response [200]&gt;</msg>
<var>${response}</var>
<arg>consultarAPI</arg>
<arg>/api</arg>
<doc>Sends a GET request on a previously created HTTP Session.</doc>
<status status="PASS" start="2024-07-02T04:19:02.451456" elapsed="0.087113"/>
</kw>
<kw name="Set Variable" owner="BuiltIn">
<msg time="2024-07-02T04:19:02.539578" level="INFO">${json_data} = {'results': [{'gender': 'female', 'name': {'title': 'Mrs', 'first': 'Brittany', 'last': 'Frazier'}, 'location': {'street': {'number': 4344, 'name': 'Pearse Street'}, 'city': 'Rush', 'state': 'Cork Cit...</msg>
<var>${json_data}</var>
<arg>${response.json()}</arg>
<doc>Returns the given values which can then be assigned to a variables.</doc>
<status status="PASS" start="2024-07-02T04:19:02.539012" elapsed="0.000595"/>
</kw>
<kw name="Set Variable" owner="BuiltIn">
<msg time="2024-07-02T04:19:02.540279" level="INFO">${name_title} = Mrs</msg>
<var>${name_title}</var>
<arg>${json_data["results"][0]["name"]["title"]}</arg>
<doc>Returns the given values which can then be assigned to a variables.</doc>
<status status="PASS" start="2024-07-02T04:19:02.539905" elapsed="0.000398"/>
</kw>
<kw name="Create List" owner="BuiltIn">
<msg time="2024-07-02T04:19:02.540739" level="INFO">${allowed_titles} = ['Mr', 'Ms', 'Miss', 'Mrs', 'Madame', 'Monsieur']</msg>
<var>${allowed_titles}</var>
<arg>Mr</arg>
<arg>Ms</arg>
<arg>Miss</arg>
<arg>Mrs</arg>
<arg>Madame</arg>
<arg>Monsieur</arg>
<doc>Returns a list containing given items.</doc>
<status status="PASS" start="2024-07-02T04:19:02.540593" elapsed="0.000170"/>
</kw>
<kw name="List Should Contain Value" owner="Collections">
<arg>${allowed_titles}</arg>
<arg>${name_title}</arg>
<doc>Fails if the ``value`` is not found from ``list``.</doc>
<status status="PASS" start="2024-07-02T04:19:02.541055" elapsed="0.000171"/>
</kw>
<kw name="Set Variable" owner="BuiltIn">
<msg time="2024-07-02T04:19:02.541764" level="INFO">${name_country} = IE</msg>
<var>${name_country}</var>
<arg>${json_data["results"][0]["nat"]}</arg>
<doc>Returns the given values which can then be assigned to a variables.</doc>
<status status="PASS" start="2024-07-02T04:19:02.541400" elapsed="0.000389"/>
</kw>
<kw name="Create List" owner="BuiltIn">
<msg time="2024-07-02T04:19:02.542703" level="INFO">${list_country} = ['AD', 'AE', 'AF', 'AG', 'AI', 'AL', 'AM', 'AO', 'AQ', 'AR', 'AS', 'AT', 'AU', 'AW', 'AX', 'AZ', 'BA', 'BB', 'BD', 'BE', 'BF', 'BG', 'BH', 'BI', 'BJ', 'BL', 'BM', 'BN', 'BO', 'BQ', 'BR', 'BS', 'BT', '...</msg>
<var>${list_country}</var>
<arg>AD</arg>
<arg>AE</arg>
<arg>AF</arg>
<arg>AG</arg>
<arg>AI</arg>
<arg>AL</arg>
<arg>AM</arg>
<arg>AO</arg>
<arg>AQ</arg>
<arg>AR</arg>
<arg>AS</arg>
<arg>AT</arg>
<arg>AU</arg>
<arg>AW</arg>
<arg>AX</arg>
<arg>AZ</arg>
<arg>BA</arg>
<arg>BB</arg>
<arg>BD</arg>
<arg>BE</arg>
<arg>BF</arg>
<arg>BG</arg>
<arg>BH</arg>
<arg>BI</arg>
<arg>BJ</arg>
<arg>BL</arg>
<arg>BM</arg>
<arg>BN</arg>
<arg>BO</arg>
<arg>BQ</arg>
<arg>BR</arg>
<arg>BS</arg>
<arg>BT</arg>
<arg>BV</arg>
<arg>BW</arg>
<arg>BY</arg>
<arg>BZ</arg>
<arg>CA</arg>
<arg>CC</arg>
<arg>CD</arg>
<arg>CF</arg>
<arg>CG</arg>
<arg>CH</arg>
<arg>CI</arg>
<arg>CK</arg>
<arg>CL</arg>
<arg>CM</arg>
<arg>CN</arg>
<arg>CO</arg>
<arg>CR</arg>
<arg>CU</arg>
<arg>CV</arg>
<arg>CW</arg>
<arg>CX</arg>
<arg>CY</arg>
<arg>CZ</arg>
<arg>DE</arg>
<arg>DJ</arg>
<arg>DK</arg>
<arg>DM</arg>
<arg>DO</arg>
<arg>DZ</arg>
<arg>EC</arg>
<arg>EE</arg>
<arg>EG</arg>
<arg>EH</arg>
<arg>ER</arg>
<arg>ES</arg>
<arg>ET</arg>
<arg>FI</arg>
<arg>FJ</arg>
<arg>FK</arg>
<arg>FM</arg>
<arg>FO</arg>
<arg>FR</arg>
<arg>GA</arg>
<arg>GB</arg>
<arg>GD</arg>
<arg>GE</arg>
<arg>GF</arg>
<arg>GG</arg>
<arg>GH</arg>
<arg>GI</arg>
<arg>GL</arg>
<arg>GM</arg>
<arg>GN</arg>
<arg>GP</arg>
<arg>GQ</arg>
<arg>GR</arg>
<arg>GS</arg>
<arg>GT</arg>
<arg>GU</arg>
<arg>GW</arg>
<arg>GY</arg>
<arg>HK</arg>
<arg>HM</arg>
<arg>HN</arg>
<arg>HR</arg>
<arg>HT</arg>
<arg>HU</arg>
<arg>ID</arg>
<arg>IE</arg>
<arg>IL</arg>
<arg>IM</arg>
<arg>IN</arg>
<arg>IO</arg>
<arg>IQ</arg>
<arg>IR</arg>
<arg>IS</arg>
<arg>IT</arg>
<arg>JE</arg>
<arg>JM</arg>
<arg>JO</arg>
<arg>JP</arg>
<arg>KE</arg>
<arg>KG</arg>
<arg>KH</arg>
<arg>KI</arg>
<arg>KM</arg>
<arg>KN</arg>
<arg>KP</arg>
<arg>KR</arg>
<arg>KW</arg>
<arg>KY</arg>
<arg>KZ</arg>
<arg>LA</arg>
<arg>LB</arg>
<arg>LC</arg>
<arg>LI</arg>
<arg>LK</arg>
<arg>LR</arg>
<arg>LS</arg>
<arg>LT</arg>
<arg>LU</arg>
<arg>LV</arg>
<arg>LY</arg>
<arg>MA</arg>
<arg>MC</arg>
<arg>MD</arg>
<arg>ME</arg>
<arg>MF</arg>
<arg>MG</arg>
<arg>MH</arg>
<arg>MK</arg>
<arg>ML</arg>
<arg>MM</arg>
<arg>MN</arg>
<arg>MO</arg>
<arg>MP</arg>
<arg>MQ</arg>
<arg>MR</arg>
<arg>MS</arg>
<arg>MT</arg>
<arg>MU</arg>
<arg>MV</arg>
<arg>MW</arg>
<arg>MX</arg>
<arg>MY</arg>
<arg>MZ</arg>
<arg>NA</arg>
<arg>NC</arg>
<arg>NE</arg>
<arg>NF</arg>
<arg>NG</arg>
<arg>NI</arg>
<arg>NL</arg>
<arg>NO</arg>
<arg>NP</arg>
<arg>NR</arg>
<arg>NU</arg>
<arg>NZ</arg>
<arg>OM</arg>
<arg>PA</arg>
<arg>PE</arg>
<arg>PF</arg>
<arg>PG</arg>
<arg>PH</arg>
<arg>PK</arg>
<arg>PL</arg>
<arg>PM</arg>
<arg>PN</arg>
<arg>PR</arg>
<arg>PS</arg>
<arg>PT</arg>
<arg>PW</arg>
<arg>PY</arg>
<arg>QA</arg>
<arg>RE</arg>
<arg>RO</arg>
<arg>RS</arg>
<arg>RU</arg>
<arg>RW</arg>
<arg>SA</arg>
<arg>SB</arg>
<arg>SC</arg>
<arg>SD</arg>
<arg>SE</arg>
<arg>SG</arg>
<arg>SH</arg>
<arg>SI</arg>
<arg>SJ</arg>
<arg>SK</arg>
<arg>SL</arg>
<arg>SM</arg>
<arg>SN</arg>
<arg>SO</arg>
<arg>SR</arg>
<arg>SS</arg>
<arg>ST</arg>
<arg>SV</arg>
<arg>SX</arg>
<arg>SY</arg>
<arg>SZ</arg>
<arg>TC</arg>
<arg>TD</arg>
<arg>TF</arg>
<arg>TG</arg>
<arg>TH</arg>
<arg>TJ</arg>
<arg>TK</arg>
<arg>TL</arg>
<arg>TM</arg>
<arg>TN</arg>
<arg>TO</arg>
<arg>TR</arg>
<arg>TT</arg>
<arg>TV</arg>
<arg>TW</arg>
<arg>TZ</arg>
<arg>UA</arg>
<arg>UG</arg>
<arg>UM</arg>
<arg>US</arg>
<arg>UY</arg>
<arg>UZ</arg>
<arg>VA</arg>
<arg>VC</arg>
<arg>VE</arg>
<arg>VG</arg>
<arg>VI</arg>
<arg>VN</arg>
<arg>VU</arg>
<arg>WF</arg>
<arg>WS</arg>
<arg>XK</arg>
<arg>YE</arg>
<arg>YT</arg>
<arg>ZA</arg>
<arg>ZM</arg>
<arg>ZW</arg>
<doc>Returns a list containing given items.</doc>
<status status="PASS" start="2024-07-02T04:19:02.542076" elapsed="0.000653"/>
</kw>
<kw name="List Should Contain Value" owner="Collections">
<arg>${list_country}</arg>
<arg>${name_country}</arg>
<doc>Fails if the ``value`` is not found from ``list``.</doc>
<status status="PASS" start="2024-07-02T04:19:02.543519" elapsed="0.000201"/>
</kw>
<kw name="Run Keyword If" owner="BuiltIn">
<kw name="Should Be True" owner="BuiltIn">
<arg>${True}</arg>
<doc>Fails if the given condition is not true.</doc>
<status status="PASS" start="2024-07-02T04:19:02.544636" elapsed="0.000138"/>
</kw>
<arg>${json_data["results"][0]["location"]["coordinates"]["latitude"]} &gt;= -90 and ${json_data["results"][0]["location"]["coordinates"]["latitude"]} &lt;= 90</arg>
<arg>Should Be True</arg>
<arg>${True}</arg>
<doc>Runs the given keyword with the given arguments, if ``condition`` is true.</doc>
<status status="PASS" start="2024-07-02T04:19:02.543909" elapsed="0.000986"/>
</kw>
<kw name="Run Keyword If" owner="BuiltIn">
<kw name="Should Be True" owner="BuiltIn">
<arg>${True}</arg>
<doc>Fails if the given condition is not true.</doc>
<status status="PASS" start="2024-07-02T04:19:02.545759" elapsed="0.000234"/>
</kw>
<arg>${json_data["results"][0]["location"]["coordinates"]["longitude"]} &gt;= -180 and ${json_data["results"][0]["location"]["coordinates"]["longitude"]} &lt;= 180</arg>
<arg>Should Be True</arg>
<arg>${True}</arg>
<doc>Runs the given keyword with the given arguments, if ``condition`` is true.</doc>
<status status="PASS" start="2024-07-02T04:19:02.545073" elapsed="0.001047"/>
</kw>
<status status="PASS" start="2024-07-02T04:19:02.451234" elapsed="0.095041"/>
</kw>
<doc>Testa o conteúdo específico dos campos retornados pela API.</doc>
<tag>testeConteudo</tag>
<status status="PASS" start="2024-07-02T04:19:02.450704" elapsed="0.095726"/>
</test>
<status status="PASS" start="2024-07-02T04:19:01.727340" elapsed="0.821058"/>
</suite>
<status status="PASS" start="2024-07-02T04:19:01.713102" elapsed="0.840316"/>
</suite>
<statistics>
<total>
<stat pass="5" fail="0" skip="0">All Tests</stat>
</total>
<tag>
<stat pass="1" fail="0" skip="0">testeConteudo</stat>
<stat pass="1" fail="0" skip="0">testeEstruturaResposta</stat>
<stat pass="1" fail="0" skip="0">testeRequisicaoBasica</stat>
<stat pass="1" fail="0" skip="0">testeTiposDados</stat>
</tag>
<suite>
<stat pass="5" fail="0" skip="0" id="s1" name="Tests">Tests</stat>
<stat pass="5" fail="0" skip="0" id="s1-s1" name="Random-User-Test">Tests.Random-User-Test</stat>
</suite>
</statistics>
<errors>
</errors>
</robot>
