<?xml version="1.0" encoding="UTF-8"?>
<robot generator="Robot 7.0 (Python 3.12.2 on linux)" generated="2024-04-16T03:16:17.571993" rpa="false" schemaversion="5">
<suite id="s1" name="Tests" source="/home/runner/work/DesafioQAItauRogerioJordao/DesafioQAItauRogerioJordao/RamdonUser/tests">
<suite id="s1-s1" name="Random-User-Test" source="/home/runner/work/DesafioQAItauRogerioJordao/DesafioQAItauRogerioJordao/RamdonUser/tests/random-user-test.robot">
<test id="s1-s1-t1" name="Conectar" line="13">
<kw name="Conectar API" owner="random-user-service">
<kw name="Create Session" owner="RequestsLibrary">
<msg time="2024-04-16T03:16:17.945231" level="INFO">Creating Session using : alias=consultarAPI, url=https://randomuser.me/, headers={},                     cookies={}, auth=None, timeout=None, proxies=None, verify=False,                     debug=0 </msg>
<arg>consultarAPI</arg>
<arg>${URL}</arg>
<doc>Create Session: create a HTTP session to a server</doc>
<status status="PASS" start="2024-04-16T03:16:17.945017" elapsed="0.000416"/>
</kw>
<status status="PASS" start="2024-04-16T03:16:17.943868" elapsed="0.001940"/>
</kw>
<status status="PASS" start="2024-04-16T03:16:17.943138" elapsed="0.002877"/>
</test>
<test id="s1-s1-t2" name="Validar retorno 200 e JSON Válido" line="16">
<kw name="Teste de Requisicao Basica" owner="random-user-service">
<kw name="GET On Session" owner="RequestsLibrary">
<msg time="2024-04-16T03:16:18.010938" level="INFO">GET Request : url=https://randomuser.me/api 
 path_url=/api 
 headers={'User-Agent': 'python-requests/2.31.0', 'Accept-Encoding': 'gzip, deflate', 'Accept': '*/*', 'Connection': 'keep-alive'} 
 body=None 
 </msg>
<msg time="2024-04-16T03:16:18.011126" level="INFO">GET Response : url=https://randomuser.me/api 
 status=200, reason=OK 
 headers={'Date': 'Tue, 16 Apr 2024 03:16:18 GMT', 'Content-Type': 'application/json; charset=utf-8', 'Transfer-Encoding': 'chunked', 'Connection': 'keep-alive', 'X-Powered-By': 'Express', 'Access-Control-Allow-Origin': '*', 'Cache-Control': 'no-cache', 'ETag': 'W/"481-Brd2SDH+9Ka5nl79H4AJqreGZBg"', 'Vary': 'Accept-Encoding', 'Content-Encoding': 'gzip', 'CF-Cache-Status': 'DYNAMIC', 'Report-To': '{"endpoints":[{"url":"https:\\/\\/a.nel.cloudflare.com\\/report\\/v4?s=AfYhzBgTy2twHrG8THVlVr3PXL5VD0Rmt2dpGqoO9SbJ%2FH36U1CHZxzfKDjNhmY%2BDllXkxnOm6TGswTZq%2Fen9T1LOoC5hYA4kMr558DJjPk4Ize8UgE9xGo8YR%2BASzQ6"}],"group":"cf-nel","max_age":604800}', 'NEL': '{"success_fraction":0,"report_to":"cf-nel","max_age":604800}', 'Server': 'cloudflare', 'CF-RAY': '8751040c59ea582a-IAD', 'alt-svc': 'h3=":443"; ma=86400'} 
 body={"results":[{"gender":"male","name":{"title":"Mr","first":"Juul","last":"Kerkstra"},"location":{"street":{"number":2706,"name":"Heiveldweg"},"city":"Wernhout","state":"Utrecht","country":"Netherlands","postcode":"6208 XH","coordinates":{"latitude":"35.1375","longitude":"-34.7002"},"timezone":{"offset":"-12:00","description":"Eniwetok, Kwajalein"}},"email":"juul.kerkstra@example.com","login":{"uuid":"7504becc-3d39-4f18-9a65-5f8c4a55fe6a","username":"greengoose417","password":"nathan1","salt":"o2nM0gGh","md5":"129b8ac00447669357db2b94317915bd","sha1":"c4008fae3409dc38ab297d70e11ca1cdbd8290ee","sha256":"d667d9c620ad8a3a19175b20cc7ca75b55bee5fad5677c907fcebcb543f6d6ee"},"dob":{"date":"1998-05-02T13:49:03.149Z","age":25},"registered":{"date":"2012-09-09T20:13:00.805Z","age":11},"phone":"(0454) 131921","cell":"(06) 72291596","id":{"name":"BSN","value":"62078908"},"picture":{"large":"https://randomuser.me/api/portraits/men/76.jpg","medium":"https://randomuser.me/api/portraits/med/men/76.jpg","thumbnail":"https://randomuser.me/api/portraits/thumb/men/76.jpg"},"nat":"NL"}],"info":{"seed":"8ea5082b1f086290","results":1,"page":1,"version":"1.4"}} 
 </msg>
<msg time="2024-04-16T03:16:18.011218" level="INFO">/opt/hostedtoolcache/Python/3.12.2/x64/lib/python3.12/site-packages/urllib3/connectionpool.py:1103: InsecureRequestWarning: Unverified HTTPS request is being made to host 'randomuser.me'. Adding certificate verification is strongly advised. See: https://urllib3.readthedocs.io/en/latest/advanced-usage.html#tls-warnings
  warnings.warn(</msg>
<msg time="2024-04-16T03:16:18.011395" level="INFO">${response} = &lt;Response [200]&gt;</msg>
<var>${response}</var>
<arg>consultarAPI</arg>
<arg>/api</arg>
<doc>Sends a GET request on a previously created HTTP Session.</doc>
<status status="PASS" start="2024-04-16T03:16:17.948599" elapsed="0.062839"/>
</kw>
<kw name="Should Be Equal As Numbers" owner="BuiltIn">
<msg time="2024-04-16T03:16:18.012507" level="INFO">Argument types are:
&lt;class 'int'&gt;
&lt;class 'str'&gt;</msg>
<arg>${response.status_code}</arg>
<arg>200</arg>
<doc>Fails if objects are unequal after converting them to real numbers.</doc>
<status status="PASS" start="2024-04-16T03:16:18.012018" elapsed="0.000557"/>
</kw>
<kw name="Log" owner="BuiltIn">
<msg time="2024-04-16T03:16:18.013317" level="INFO">200</msg>
<arg>${response.status_code}</arg>
<doc>Logs the given message with the given level.</doc>
<status status="PASS" start="2024-04-16T03:16:18.012948" elapsed="0.000416"/>
</kw>
<kw name="Set Variable" owner="BuiltIn">
<msg time="2024-04-16T03:16:18.014157" level="INFO">${json_data} = {'results': [{'gender': 'male', 'name': {'title': 'Mr', 'first': 'Juul', 'last': 'Kerkstra'}, 'location': {'street': {'number': 2706, 'name': 'Heiveldweg'}, 'city': 'Wernhout', 'state': 'Utrecht', 'co...</msg>
<var>${json_data}</var>
<arg>${response.json()}</arg>
<doc>Returns the given values which can then be assigned to a variables.</doc>
<status status="PASS" start="2024-04-16T03:16:18.013708" elapsed="0.000477"/>
</kw>
<kw name="Dictionary Should Contain Key" owner="Collections">
<msg time="2024-04-16T03:16:18.014670" level="INFO">False</msg>
<arg>${json_data}</arg>
<arg>results</arg>
<doc>Fails if ``key`` is not found from ``dictionary``.</doc>
<status status="PASS" start="2024-04-16T03:16:18.014496" elapsed="0.000221"/>
</kw>
<status status="PASS" start="2024-04-16T03:16:17.948345" elapsed="0.066644"/>
</kw>
<doc>Testa se a API responde corretamente e retorna um objeto JSON válido.</doc>
<tag>testeRequisicaoBasica</tag>
<status status="PASS" start="2024-04-16T03:16:17.947877" elapsed="0.067310"/>
</test>
<test id="s1-s1-t3" name="Validar estrutura de resposta" line="22">
<kw name="Teste de Estrutura de Resposta" owner="random-user-service">
<kw name="GET On Session" owner="RequestsLibrary">
<msg time="2024-04-16T03:16:18.110832" level="INFO">GET Request : url=https://randomuser.me/api 
 path_url=/api 
 headers={'User-Agent': 'python-requests/2.31.0', 'Accept-Encoding': 'gzip, deflate', 'Accept': '*/*', 'Connection': 'keep-alive'} 
 body=None 
 </msg>
<msg time="2024-04-16T03:16:18.110946" level="INFO">GET Response : url=https://randomuser.me/api 
 status=200, reason=OK 
 headers={'Date': 'Tue, 16 Apr 2024 03:16:18 GMT', 'Content-Type': 'application/json; charset=utf-8', 'Transfer-Encoding': 'chunked', 'Connection': 'keep-alive', 'X-Powered-By': 'Express', 'Access-Control-Allow-Origin': '*', 'Cache-Control': 'no-cache', 'ETag': 'W/"491-5utJD2gr1ninvsBZmyrNblCyZ9M"', 'Vary': 'Accept-Encoding', 'Content-Encoding': 'gzip', 'CF-Cache-Status': 'DYNAMIC', 'Report-To': '{"endpoints":[{"url":"https:\\/\\/a.nel.cloudflare.com\\/report\\/v4?s=g%2BNrDjPed4p4wmHFrQNywwJA%2B6THcFQfBc0w730zHoB4XXcphJ7pru0%2FK0GINc0NX3NuL69HsBXaBh%2BWltsdCOTMyLlKmmTmNg0Ty2ZQkqYaLox7KVgQ5JaQnqHhemId"}],"group":"cf-nel","max_age":604800}', 'NEL': '{"success_fraction":0,"report_to":"cf-nel","max_age":604800}', 'Server': 'cloudflare', 'CF-RAY': '8751040c9a1a582a-IAD', 'alt-svc': 'h3=":443"; ma=86400'} 
 body={"results":[{"gender":"female","name":{"title":"Miss","first":"Manuela","last":"Arias"},"location":{"street":{"number":6166,"name":"Calle de Pedro Bosch"},"city":"Valladolid","state":"Castilla la Mancha","country":"Spain","postcode":25533,"coordinates":{"latitude":"-37.2489","longitude":"91.9743"},"timezone":{"offset":"-11:00","description":"Midway Island, Samoa"}},"email":"manuela.arias@example.com","login":{"uuid":"903199e4-288c-485f-af9b-2a8ba86f0d9b","username":"sadcat664","password":"melons","salt":"GFVHw0j9","md5":"d6538cf6c2aa278eef97749c9ab48909","sha1":"fac6645afe4b4fd3ceca698a4cdd6ca5e21b42bd","sha256":"04ff76cbf164a53285ffb8e78246e5cfc0e735d363803eccfb526c7b901babf6"},"dob":{"date":"1973-07-25T05:03:33.700Z","age":50},"registered":{"date":"2017-04-29T13:36:58.560Z","age":6},"phone":"954-908-571","cell":"681-365-634","id":{"name":"DNI","value":"60456395-X"},"picture":{"large":"https://randomuser.me/api/portraits/women/64.jpg","medium":"https://randomuser.me/api/portraits/med/women/64.jpg","thumbnail":"https://randomuser.me/api/portraits/thumb/women/64.jpg"},"nat":"ES"}],"info":{"seed":"612f9aab4cf4c3e2","results":1,"page":1,"version":"1.4"}} 
 </msg>
<msg time="2024-04-16T03:16:18.111111" level="INFO">/opt/hostedtoolcache/Python/3.12.2/x64/lib/python3.12/site-packages/urllib3/connectionpool.py:1103: InsecureRequestWarning: Unverified HTTPS request is being made to host 'randomuser.me'. Adding certificate verification is strongly advised. See: https://urllib3.readthedocs.io/en/latest/advanced-usage.html#tls-warnings
  warnings.warn(</msg>
<msg time="2024-04-16T03:16:18.111288" level="INFO">${response} = &lt;Response [200]&gt;</msg>
<var>${response}</var>
<arg>consultarAPI</arg>
<arg>/api</arg>
<doc>Sends a GET request on a previously created HTTP Session.</doc>
<status status="PASS" start="2024-04-16T03:16:18.018159" elapsed="0.093171"/>
</kw>
<kw name="Set Variable" owner="BuiltIn">
<msg time="2024-04-16T03:16:18.112413" level="INFO">${json_data} = {'results': [{'gender': 'female', 'name': {'title': 'Miss', 'first': 'Manuela', 'last': 'Arias'}, 'location': {'street': {'number': 6166, 'name': 'Calle de Pedro Bosch'}, 'city': 'Valladolid', 'state'...</msg>
<var>${json_data}</var>
<arg>${response.json()}</arg>
<doc>Returns the given values which can then be assigned to a variables.</doc>
<status status="PASS" start="2024-04-16T03:16:18.111869" elapsed="0.000573"/>
</kw>
<kw name="Log" owner="BuiltIn">
<msg time="2024-04-16T03:16:18.112963" level="INFO">{'results': [{'gender': 'female', 'name': {'title': 'Miss', 'first': 'Manuela', 'last': 'Arias'}, 'location': {'street': {'number': 6166, 'name': 'Calle de Pedro Bosch'}, 'city': 'Valladolid', 'state': 'Castilla la Mancha', 'country': 'Spain', 'postcode': 25533, 'coordinates': {'latitude': '-37.2489', 'longitude': '91.9743'}, 'timezone': {'offset': '-11:00', 'description': 'Midway Island, Samoa'}}, 'email': 'manuela.arias@example.com', 'login': {'uuid': '903199e4-288c-485f-af9b-2a8ba86f0d9b', 'username': 'sadcat664', 'password': 'melons', 'salt': 'GFVHw0j9', 'md5': 'd6538cf6c2aa278eef97749c9ab48909', 'sha1': 'fac6645afe4b4fd3ceca698a4cdd6ca5e21b42bd', 'sha256': '04ff76cbf164a53285ffb8e78246e5cfc0e735d363803eccfb526c7b901babf6'}, 'dob': {'date': '1973-07-25T05:03:33.700Z', 'age': 50}, 'registered': {'date': '2017-04-29T13:36:58.560Z', 'age': 6}, 'phone': '954-908-571', 'cell': '681-365-634', 'id': {'name': 'DNI', 'value': '60456395-X'}, 'picture': {'large': 'https://randomuser.me/api/portraits/women/64.jpg', 'medium': 'https://randomuser.me/api/portraits/med/women/64.jpg', 'thumbnail': 'https://randomuser.me/api/portraits/thumb/women/64.jpg'}, 'nat': 'ES'}], 'info': {'seed': '612f9aab4cf4c3e2', 'results': 1, 'page': 1, 'version': '1.4'}}</msg>
<arg>${json_data}</arg>
<doc>Logs the given message with the given level.</doc>
<status status="PASS" start="2024-04-16T03:16:18.112794" elapsed="0.000219"/>
</kw>
<kw name="Dictionary Should Contain Key" owner="Collections">
<msg time="2024-04-16T03:16:18.113500" level="INFO">False</msg>
<arg>${json_data}</arg>
<arg>results</arg>
<doc>Fails if ``key`` is not found from ``dictionary``.</doc>
<status status="PASS" start="2024-04-16T03:16:18.113322" elapsed="0.000218"/>
</kw>
<kw name="Should Not Be Empty" owner="BuiltIn">
<msg time="2024-04-16T03:16:18.113982" level="INFO">Length is 2.</msg>
<arg>${json_data}</arg>
<doc>Verifies that the given item is not empty.</doc>
<status status="PASS" start="2024-04-16T03:16:18.113846" elapsed="0.000177"/>
</kw>
<kw name="Create List" owner="BuiltIn">
<msg time="2024-04-16T03:16:18.114476" level="INFO">${expected_keys} = ['gender', 'name', 'location', 'email', 'login']</msg>
<var>${expected_keys}</var>
<arg>gender</arg>
<arg>name</arg>
<arg>location</arg>
<arg>email</arg>
<arg>login</arg>
<doc>Returns a list containing given items.</doc>
<status status="PASS" start="2024-04-16T03:16:18.114323" elapsed="0.000178"/>
</kw>
<for flavor="IN">
<iter>
<kw name="Dictionary Should Contain Key" owner="Collections">
<msg time="2024-04-16T03:16:18.115529" level="INFO">False</msg>
<arg>${json_data['results'][0]}</arg>
<arg>${key}</arg>
<doc>Fails if ``key`` is not found from ``dictionary``.</doc>
<status status="PASS" start="2024-04-16T03:16:18.115113" elapsed="0.000456"/>
</kw>
<kw name="Log" owner="BuiltIn">
<msg time="2024-04-16T03:16:18.116242" level="INFO">{'gender': 'female', 'name': {'title': 'Miss', 'first': 'Manuela', 'last': 'Arias'}, 'location': {'street': {'number': 6166, 'name': 'Calle de Pedro Bosch'}, 'city': 'Valladolid', 'state': 'Castilla la Mancha', 'country': 'Spain', 'postcode': 25533, 'coordinates': {'latitude': '-37.2489', 'longitude': '91.9743'}, 'timezone': {'offset': '-11:00', 'description': 'Midway Island, Samoa'}}, 'email': 'manuela.arias@example.com', 'login': {'uuid': '903199e4-288c-485f-af9b-2a8ba86f0d9b', 'username': 'sadcat664', 'password': 'melons', 'salt': 'GFVHw0j9', 'md5': 'd6538cf6c2aa278eef97749c9ab48909', 'sha1': 'fac6645afe4b4fd3ceca698a4cdd6ca5e21b42bd', 'sha256': '04ff76cbf164a53285ffb8e78246e5cfc0e735d363803eccfb526c7b901babf6'}, 'dob': {'date': '1973-07-25T05:03:33.700Z', 'age': 50}, 'registered': {'date': '2017-04-29T13:36:58.560Z', 'age': 6}, 'phone': '954-908-571', 'cell': '681-365-634', 'id': {'name': 'DNI', 'value': '60456395-X'}, 'picture': {'large': 'https://randomuser.me/api/portraits/women/64.jpg', 'medium': 'https://randomuser.me/api/portraits/med/women/64.jpg', 'thumbnail': 'https://randomuser.me/api/portraits/thumb/women/64.jpg'}, 'nat': 'ES'}</msg>
<arg>${json_data['results'][0]}</arg>
<doc>Logs the given message with the given level.</doc>
<status status="PASS" start="2024-04-16T03:16:18.115876" elapsed="0.000415"/>
</kw>
<kw name="Log" owner="BuiltIn">
<msg time="2024-04-16T03:16:18.116732" level="INFO">gender</msg>
<arg>${key}</arg>
<doc>Logs the given message with the given level.</doc>
<status status="PASS" start="2024-04-16T03:16:18.116603" elapsed="0.000188"/>
</kw>
<var name="${key}">gender</var>
<status status="PASS" start="2024-04-16T03:16:18.114984" elapsed="0.002035"/>
</iter>
<iter>
<kw name="Dictionary Should Contain Key" owner="Collections">
<msg time="2024-04-16T03:16:18.117709" level="INFO">False</msg>
<arg>${json_data['results'][0]}</arg>
<arg>${key}</arg>
<doc>Fails if ``key`` is not found from ``dictionary``.</doc>
<status status="PASS" start="2024-04-16T03:16:18.117327" elapsed="0.000421"/>
</kw>
<kw name="Log" owner="BuiltIn">
<msg time="2024-04-16T03:16:18.118455" level="INFO">{'gender': 'female', 'name': {'title': 'Miss', 'first': 'Manuela', 'last': 'Arias'}, 'location': {'street': {'number': 6166, 'name': 'Calle de Pedro Bosch'}, 'city': 'Valladolid', 'state': 'Castilla la Mancha', 'country': 'Spain', 'postcode': 25533, 'coordinates': {'latitude': '-37.2489', 'longitude': '91.9743'}, 'timezone': {'offset': '-11:00', 'description': 'Midway Island, Samoa'}}, 'email': 'manuela.arias@example.com', 'login': {'uuid': '903199e4-288c-485f-af9b-2a8ba86f0d9b', 'username': 'sadcat664', 'password': 'melons', 'salt': 'GFVHw0j9', 'md5': 'd6538cf6c2aa278eef97749c9ab48909', 'sha1': 'fac6645afe4b4fd3ceca698a4cdd6ca5e21b42bd', 'sha256': '04ff76cbf164a53285ffb8e78246e5cfc0e735d363803eccfb526c7b901babf6'}, 'dob': {'date': '1973-07-25T05:03:33.700Z', 'age': 50}, 'registered': {'date': '2017-04-29T13:36:58.560Z', 'age': 6}, 'phone': '954-908-571', 'cell': '681-365-634', 'id': {'name': 'DNI', 'value': '60456395-X'}, 'picture': {'large': 'https://randomuser.me/api/portraits/women/64.jpg', 'medium': 'https://randomuser.me/api/portraits/med/women/64.jpg', 'thumbnail': 'https://randomuser.me/api/portraits/thumb/women/64.jpg'}, 'nat': 'ES'}</msg>
<arg>${json_data['results'][0]}</arg>
<doc>Logs the given message with the given level.</doc>
<status status="PASS" start="2024-04-16T03:16:18.118079" elapsed="0.000430"/>
</kw>
<kw name="Log" owner="BuiltIn">
<msg time="2024-04-16T03:16:18.118955" level="INFO">name</msg>
<arg>${key}</arg>
<doc>Logs the given message with the given level.</doc>
<status status="PASS" start="2024-04-16T03:16:18.118822" elapsed="0.000172"/>
</kw>
<var name="${key}">name</var>
<status status="PASS" start="2024-04-16T03:16:18.117211" elapsed="0.002003"/>
</iter>
<iter>
<kw name="Dictionary Should Contain Key" owner="Collections">
<msg time="2024-04-16T03:16:18.119897" level="INFO">False</msg>
<arg>${json_data['results'][0]}</arg>
<arg>${key}</arg>
<doc>Fails if ``key`` is not found from ``dictionary``.</doc>
<status status="PASS" start="2024-04-16T03:16:18.119509" elapsed="0.000426"/>
</kw>
<kw name="Log" owner="BuiltIn">
<msg time="2024-04-16T03:16:18.120602" level="INFO">{'gender': 'female', 'name': {'title': 'Miss', 'first': 'Manuela', 'last': 'Arias'}, 'location': {'street': {'number': 6166, 'name': 'Calle de Pedro Bosch'}, 'city': 'Valladolid', 'state': 'Castilla la Mancha', 'country': 'Spain', 'postcode': 25533, 'coordinates': {'latitude': '-37.2489', 'longitude': '91.9743'}, 'timezone': {'offset': '-11:00', 'description': 'Midway Island, Samoa'}}, 'email': 'manuela.arias@example.com', 'login': {'uuid': '903199e4-288c-485f-af9b-2a8ba86f0d9b', 'username': 'sadcat664', 'password': 'melons', 'salt': 'GFVHw0j9', 'md5': 'd6538cf6c2aa278eef97749c9ab48909', 'sha1': 'fac6645afe4b4fd3ceca698a4cdd6ca5e21b42bd', 'sha256': '04ff76cbf164a53285ffb8e78246e5cfc0e735d363803eccfb526c7b901babf6'}, 'dob': {'date': '1973-07-25T05:03:33.700Z', 'age': 50}, 'registered': {'date': '2017-04-29T13:36:58.560Z', 'age': 6}, 'phone': '954-908-571', 'cell': '681-365-634', 'id': {'name': 'DNI', 'value': '60456395-X'}, 'picture': {'large': 'https://randomuser.me/api/portraits/women/64.jpg', 'medium': 'https://randomuser.me/api/portraits/med/women/64.jpg', 'thumbnail': 'https://randomuser.me/api/portraits/thumb/women/64.jpg'}, 'nat': 'ES'}</msg>
<arg>${json_data['results'][0]}</arg>
<doc>Logs the given message with the given level.</doc>
<status status="PASS" start="2024-04-16T03:16:18.120235" elapsed="0.000416"/>
</kw>
<kw name="Log" owner="BuiltIn">
<msg time="2024-04-16T03:16:18.121109" level="INFO">location</msg>
<arg>${key}</arg>
<doc>Logs the given message with the given level.</doc>
<status status="PASS" start="2024-04-16T03:16:18.120981" elapsed="0.000168"/>
</kw>
<var name="${key}">location</var>
<status status="PASS" start="2024-04-16T03:16:18.119395" elapsed="0.001981"/>
</iter>
<iter>
<kw name="Dictionary Should Contain Key" owner="Collections">
<msg time="2024-04-16T03:16:18.122052" level="INFO">False</msg>
<arg>${json_data['results'][0]}</arg>
<arg>${key}</arg>
<doc>Fails if ``key`` is not found from ``dictionary``.</doc>
<status status="PASS" start="2024-04-16T03:16:18.121664" elapsed="0.000432"/>
</kw>
<kw name="Log" owner="BuiltIn">
<msg time="2024-04-16T03:16:18.122763" level="INFO">{'gender': 'female', 'name': {'title': 'Miss', 'first': 'Manuela', 'last': 'Arias'}, 'location': {'street': {'number': 6166, 'name': 'Calle de Pedro Bosch'}, 'city': 'Valladolid', 'state': 'Castilla la Mancha', 'country': 'Spain', 'postcode': 25533, 'coordinates': {'latitude': '-37.2489', 'longitude': '91.9743'}, 'timezone': {'offset': '-11:00', 'description': 'Midway Island, Samoa'}}, 'email': 'manuela.arias@example.com', 'login': {'uuid': '903199e4-288c-485f-af9b-2a8ba86f0d9b', 'username': 'sadcat664', 'password': 'melons', 'salt': 'GFVHw0j9', 'md5': 'd6538cf6c2aa278eef97749c9ab48909', 'sha1': 'fac6645afe4b4fd3ceca698a4cdd6ca5e21b42bd', 'sha256': '04ff76cbf164a53285ffb8e78246e5cfc0e735d363803eccfb526c7b901babf6'}, 'dob': {'date': '1973-07-25T05:03:33.700Z', 'age': 50}, 'registered': {'date': '2017-04-29T13:36:58.560Z', 'age': 6}, 'phone': '954-908-571', 'cell': '681-365-634', 'id': {'name': 'DNI', 'value': '60456395-X'}, 'picture': {'large': 'https://randomuser.me/api/portraits/women/64.jpg', 'medium': 'https://randomuser.me/api/portraits/med/women/64.jpg', 'thumbnail': 'https://randomuser.me/api/portraits/thumb/women/64.jpg'}, 'nat': 'ES'}</msg>
<arg>${json_data['results'][0]}</arg>
<doc>Logs the given message with the given level.</doc>
<status status="PASS" start="2024-04-16T03:16:18.122399" elapsed="0.000414"/>
</kw>
<kw name="Log" owner="BuiltIn">
<msg time="2024-04-16T03:16:18.123243" level="INFO">email</msg>
<arg>${key}</arg>
<doc>Logs the given message with the given level.</doc>
<status status="PASS" start="2024-04-16T03:16:18.123115" elapsed="0.000168"/>
</kw>
<var name="${key}">email</var>
<status status="PASS" start="2024-04-16T03:16:18.121553" elapsed="0.001946"/>
</iter>
<iter>
<kw name="Dictionary Should Contain Key" owner="Collections">
<msg time="2024-04-16T03:16:18.124344" level="INFO">False</msg>
<arg>${json_data['results'][0]}</arg>
<arg>${key}</arg>
<doc>Fails if ``key`` is not found from ``dictionary``.</doc>
<status status="PASS" start="2024-04-16T03:16:18.123824" elapsed="0.000559"/>
</kw>
<kw name="Log" owner="BuiltIn">
<msg time="2024-04-16T03:16:18.125411" level="INFO">{'gender': 'female', 'name': {'title': 'Miss', 'first': 'Manuela', 'last': 'Arias'}, 'location': {'street': {'number': 6166, 'name': 'Calle de Pedro Bosch'}, 'city': 'Valladolid', 'state': 'Castilla la Mancha', 'country': 'Spain', 'postcode': 25533, 'coordinates': {'latitude': '-37.2489', 'longitude': '91.9743'}, 'timezone': {'offset': '-11:00', 'description': 'Midway Island, Samoa'}}, 'email': 'manuela.arias@example.com', 'login': {'uuid': '903199e4-288c-485f-af9b-2a8ba86f0d9b', 'username': 'sadcat664', 'password': 'melons', 'salt': 'GFVHw0j9', 'md5': 'd6538cf6c2aa278eef97749c9ab48909', 'sha1': 'fac6645afe4b4fd3ceca698a4cdd6ca5e21b42bd', 'sha256': '04ff76cbf164a53285ffb8e78246e5cfc0e735d363803eccfb526c7b901babf6'}, 'dob': {'date': '1973-07-25T05:03:33.700Z', 'age': 50}, 'registered': {'date': '2017-04-29T13:36:58.560Z', 'age': 6}, 'phone': '954-908-571', 'cell': '681-365-634', 'id': {'name': 'DNI', 'value': '60456395-X'}, 'picture': {'large': 'https://randomuser.me/api/portraits/women/64.jpg', 'medium': 'https://randomuser.me/api/portraits/med/women/64.jpg', 'thumbnail': 'https://randomuser.me/api/portraits/thumb/women/64.jpg'}, 'nat': 'ES'}</msg>
<arg>${json_data['results'][0]}</arg>
<doc>Logs the given message with the given level.</doc>
<status status="PASS" start="2024-04-16T03:16:18.124801" elapsed="0.000685"/>
</kw>
<kw name="Log" owner="BuiltIn">
<msg time="2024-04-16T03:16:18.126064" level="INFO">login</msg>
<arg>${key}</arg>
<doc>Logs the given message with the given level.</doc>
<status status="PASS" start="2024-04-16T03:16:18.125922" elapsed="0.000183"/>
</kw>
<var name="${key}">login</var>
<status status="PASS" start="2024-04-16T03:16:18.123673" elapsed="0.002690"/>
</iter>
<var>${key}</var>
<value>@{expected_keys}</value>
<status status="PASS" start="2024-04-16T03:16:18.114777" elapsed="0.011717"/>
</for>
<kw name="Create List" owner="BuiltIn">
<msg time="2024-04-16T03:16:18.126841" level="INFO">${expected_keysTwo} = ['username', 'password']</msg>
<var>${expected_keysTwo}</var>
<arg>username</arg>
<arg>password</arg>
<doc>Returns a list containing given items.</doc>
<status status="PASS" start="2024-04-16T03:16:18.126698" elapsed="0.000167"/>
</kw>
<for flavor="IN">
<iter>
<kw name="Dictionary Should Contain Key" owner="Collections">
<msg time="2024-04-16T03:16:18.127894" level="INFO">False</msg>
<arg>${json_data['results'][0]['login']}</arg>
<arg>${keyTwo}</arg>
<doc>Fails if ``key`` is not found from ``dictionary``.</doc>
<status status="PASS" start="2024-04-16T03:16:18.127502" elapsed="0.000432"/>
</kw>
<kw name="Dictionary Should Contain Key" owner="Collections">
<msg time="2024-04-16T03:16:18.128625" level="INFO">False</msg>
<arg>${json_data['results'][0]['login']}</arg>
<arg>${keyTwo}</arg>
<doc>Fails if ``key`` is not found from ``dictionary``.</doc>
<status status="PASS" start="2024-04-16T03:16:18.128241" elapsed="0.000423"/>
</kw>
<kw name="Log" owner="BuiltIn">
<msg time="2024-04-16T03:16:18.129124" level="INFO">username</msg>
<arg>${keyTwo}</arg>
<doc>Logs the given message with the given level.</doc>
<status status="PASS" start="2024-04-16T03:16:18.128991" elapsed="0.000172"/>
</kw>
<var name="${keyTwo}">username</var>
<status status="PASS" start="2024-04-16T03:16:18.127386" elapsed="0.002000"/>
</iter>
<iter>
<kw name="Dictionary Should Contain Key" owner="Collections">
<msg time="2024-04-16T03:16:18.130059" level="INFO">False</msg>
<arg>${json_data['results'][0]['login']}</arg>
<arg>${keyTwo}</arg>
<doc>Fails if ``key`` is not found from ``dictionary``.</doc>
<status status="PASS" start="2024-04-16T03:16:18.129682" elapsed="0.000416"/>
</kw>
<kw name="Dictionary Should Contain Key" owner="Collections">
<msg time="2024-04-16T03:16:18.130792" level="INFO">False</msg>
<arg>${json_data['results'][0]['login']}</arg>
<arg>${keyTwo}</arg>
<doc>Fails if ``key`` is not found from ``dictionary``.</doc>
<status status="PASS" start="2024-04-16T03:16:18.130403" elapsed="0.000428"/>
</kw>
<kw name="Log" owner="BuiltIn">
<msg time="2024-04-16T03:16:18.131266" level="INFO">password</msg>
<arg>${keyTwo}</arg>
<doc>Logs the given message with the given level.</doc>
<status status="PASS" start="2024-04-16T03:16:18.131134" elapsed="0.000173"/>
</kw>
<var name="${keyTwo}">password</var>
<status status="PASS" start="2024-04-16T03:16:18.129571" elapsed="0.001961"/>
</iter>
<var>${keyTwo}</var>
<value>@{expected_keysTwo}</value>
<status status="PASS" start="2024-04-16T03:16:18.127111" elapsed="0.004548"/>
</for>
<status status="PASS" start="2024-04-16T03:16:18.017910" elapsed="0.113899"/>
</kw>
<doc>Testa a estrutura da resposta da API.</doc>
<tag>testeEstruturaResposta</tag>
<status status="PASS" start="2024-04-16T03:16:18.017098" elapsed="0.114884"/>
</test>
<test id="s1-s1-t4" name="Validar tipos de dados" line="28">
<kw name="Teste de Tipos de Dados" owner="random-user-service">
<kw name="GET On Session" owner="RequestsLibrary">
<msg time="2024-04-16T03:16:18.208157" level="INFO">GET Request : url=https://randomuser.me/api 
 path_url=/api 
 headers={'User-Agent': 'python-requests/2.31.0', 'Accept-Encoding': 'gzip, deflate', 'Accept': '*/*', 'Connection': 'keep-alive'} 
 body=None 
 </msg>
<msg time="2024-04-16T03:16:18.208263" level="INFO">GET Response : url=https://randomuser.me/api 
 status=200, reason=OK 
 headers={'Date': 'Tue, 16 Apr 2024 03:16:18 GMT', 'Content-Type': 'application/json; charset=utf-8', 'Transfer-Encoding': 'chunked', 'Connection': 'keep-alive', 'X-Powered-By': 'Express', 'Access-Control-Allow-Origin': '*', 'Cache-Control': 'no-cache', 'ETag': 'W/"48e-CcDM9mDf8AAS+yYY3cfb6hsYIpM"', 'Vary': 'Accept-Encoding', 'Content-Encoding': 'gzip', 'CF-Cache-Status': 'DYNAMIC', 'Report-To': '{"endpoints":[{"url":"https:\\/\\/a.nel.cloudflare.com\\/report\\/v4?s=Bi%2FDQ6Y5kkzZlXvElv8MNlnvRLruxFKxoo%2FWuubRvrL6X%2BRmhaM%2FYDia9CsoGB20A7FXKrcEwsOHT5zX%2Bbwi7Uv0Mi8qW0n9T%2F0HIAg5nTAUsaYPgrLzkCnfgjMbdaCJ"}],"group":"cf-nel","max_age":604800}', 'NEL': '{"success_fraction":0,"report_to":"cf-nel","max_age":604800}', 'Server': 'cloudflare', 'CF-RAY': '8751040d5aa6582a-IAD', 'alt-svc': 'h3=":443"; ma=86400'} 
 body={"results":[{"gender":"female","name":{"title":"Miss","first":"Hannah","last":"Edwards"},"location":{"street":{"number":2299,"name":"Maxwell Road"},"city":"Rotorua","state":"Nelson","country":"New Zealand","postcode":22580,"coordinates":{"latitude":"52.3825","longitude":"174.1107"},"timezone":{"offset":"+1:00","description":"Brussels, Copenhagen, Madrid, Paris"}},"email":"hannah.edwards@example.com","login":{"uuid":"522738b7-2f76-4e92-9d01-94578ef01f3b","username":"bigmeercat359","password":"1357","salt":"9DA4Llg2","md5":"4a5a86a3410ab51eebef1c3d9a8dfbbe","sha1":"0224389849e05966fc15d4140d1305b04e6c6bc0","sha256":"937d24a66bc4d99cad5098edfcd21bda70c5ab0142ae82726be161016d3931a5"},"dob":{"date":"1965-01-19T05:59:00.771Z","age":59},"registered":{"date":"2012-01-29T18:56:26.361Z","age":12},"phone":"(990)-092-7150","cell":"(316)-805-8626","id":{"name":"","value":null},"picture":{"large":"https://randomuser.me/api/portraits/women/49.jpg","medium":"https://randomuser.me/api/portraits/med/women/49.jpg","thumbnail":"https://randomuser.me/api/portraits/thumb/women/49.jpg"},"nat":"NZ"}],"info":{"seed":"a922640ca0126b74","results":1,"page":1,"version":"1.4"}} 
 </msg>
<msg time="2024-04-16T03:16:18.208340" level="INFO">/opt/hostedtoolcache/Python/3.12.2/x64/lib/python3.12/site-packages/urllib3/connectionpool.py:1103: InsecureRequestWarning: Unverified HTTPS request is being made to host 'randomuser.me'. Adding certificate verification is strongly advised. See: https://urllib3.readthedocs.io/en/latest/advanced-usage.html#tls-warnings
  warnings.warn(</msg>
<msg time="2024-04-16T03:16:18.208470" level="INFO">${response} = &lt;Response [200]&gt;</msg>
<var>${response}</var>
<arg>consultarAPI</arg>
<arg>/api</arg>
<doc>Sends a GET request on a previously created HTTP Session.</doc>
<status status="PASS" start="2024-04-16T03:16:18.134636" elapsed="0.073875"/>
</kw>
<kw name="Set Variable" owner="BuiltIn">
<msg time="2024-04-16T03:16:18.209837" level="INFO">${json_data} = {'results': [{'gender': 'female', 'name': {'title': 'Miss', 'first': 'Hannah', 'last': 'Edwards'}, 'location': {'street': {'number': 2299, 'name': 'Maxwell Road'}, 'city': 'Rotorua', 'state': 'Nelson'...</msg>
<var>${json_data}</var>
<arg>${response.json()}</arg>
<doc>Returns the given values which can then be assigned to a variables.</doc>
<status status="PASS" start="2024-04-16T03:16:18.209236" elapsed="0.000630"/>
</kw>
<kw name="Log" owner="BuiltIn">
<msg time="2024-04-16T03:16:18.210347" level="INFO">{'results': [{'gender': 'female', 'name': {'title': 'Miss', 'first': 'Hannah', 'last': 'Edwards'}, 'location': {'street': {'number': 2299, 'name': 'Maxwell Road'}, 'city': 'Rotorua', 'state': 'Nelson', 'country': 'New Zealand', 'postcode': 22580, 'coordinates': {'latitude': '52.3825', 'longitude': '174.1107'}, 'timezone': {'offset': '+1:00', 'description': 'Brussels, Copenhagen, Madrid, Paris'}}, 'email': 'hannah.edwards@example.com', 'login': {'uuid': '522738b7-2f76-4e92-9d01-94578ef01f3b', 'username': 'bigmeercat359', 'password': '1357', 'salt': '9DA4Llg2', 'md5': '4a5a86a3410ab51eebef1c3d9a8dfbbe', 'sha1': '0224389849e05966fc15d4140d1305b04e6c6bc0', 'sha256': '937d24a66bc4d99cad5098edfcd21bda70c5ab0142ae82726be161016d3931a5'}, 'dob': {'date': '1965-01-19T05:59:00.771Z', 'age': 59}, 'registered': {'date': '2012-01-29T18:56:26.361Z', 'age': 12}, 'phone': '(990)-092-7150', 'cell': '(316)-805-8626', 'id': {'name': '', 'value': None}, 'picture': {'large': 'https://randomuser.me/api/portraits/women/49.jpg', 'medium': 'https://randomuser.me/api/portraits/med/women/49.jpg', 'thumbnail': 'https://randomuser.me/api/portraits/thumb/women/49.jpg'}, 'nat': 'NZ'}], 'info': {'seed': 'a922640ca0126b74', 'results': 1, 'page': 1, 'version': '1.4'}}</msg>
<arg>${json_data}</arg>
<doc>Logs the given message with the given level.</doc>
<status status="PASS" start="2024-04-16T03:16:18.210187" elapsed="0.000247"/>
</kw>
<kw name="Should Be String" owner="String">
<arg>${json_data['results'][0]['gender']}</arg>
<doc>Fails if the given ``item`` is not a string.</doc>
<status status="PASS" start="2024-04-16T03:16:18.210739" elapsed="0.000374"/>
</kw>
<kw name="Should Match Regexp" owner="BuiltIn">
<arg>${json_data['results'][0]['email']}</arg>
<arg>^[a-zA-Z0-9._%+-]+@[a-zA-Z0-9.-]+\.[a-zA-Z]{2,}$</arg>
<doc>Fails if ``string`` does not match ``pattern`` as a regular expression.</doc>
<status status="PASS" start="2024-04-16T03:16:18.211314" elapsed="0.000531"/>
</kw>
<kw name="Should Match Regexp" owner="BuiltIn">
<arg>${json_data['results'][0]['dob']['date']}</arg>
<arg>\\d{4}-\\d{2}-\\d{2}T\\d{2}:\\d{2}:\\d{2}\\.\\d{3}Z</arg>
<doc>Fails if ``string`` does not match ``pattern`` as a regular expression.</doc>
<status status="PASS" start="2024-04-16T03:16:18.212051" elapsed="0.000497"/>
</kw>
<kw name="Should Match Regexp" owner="BuiltIn">
<arg>${json_data['results'][0]['registered']['date']}</arg>
<arg>\\d{4}-\\d{2}-\\d{2}T\\d{2}:\\d{2}:\\d{2}\\.\\d{3}Z</arg>
<doc>Fails if ``string`` does not match ``pattern`` as a regular expression.</doc>
<status status="PASS" start="2024-04-16T03:16:18.212788" elapsed="0.000390"/>
</kw>
<kw name="Should Match Regexp" owner="BuiltIn">
<arg>${json_data['results'][0]['picture']['large']}</arg>
<arg>^https?://.*\.(?:png|jpe?g|gif|bmp)$</arg>
<doc>Fails if ``string`` does not match ``pattern`` as a regular expression.</doc>
<status status="PASS" start="2024-04-16T03:16:18.213366" elapsed="0.000468"/>
</kw>
<kw name="Should Match Regexp" owner="BuiltIn">
<arg>${json_data['results'][0]['picture']['medium']}</arg>
<arg>^https?://.*\.(?:png|jpe?g|gif|bmp)$</arg>
<doc>Fails if ``string`` does not match ``pattern`` as a regular expression.</doc>
<status status="PASS" start="2024-04-16T03:16:18.214022" elapsed="0.000352"/>
</kw>
<kw name="Should Match Regexp" owner="BuiltIn">
<arg>${json_data['results'][0]['picture']['thumbnail']}</arg>
<arg>^https?://.*\.(?:png|jpe?g|gif|bmp)$</arg>
<doc>Fails if ``string`` does not match ``pattern`` as a regular expression.</doc>
<status status="PASS" start="2024-04-16T03:16:18.214558" elapsed="0.000367"/>
</kw>
<kw name="Log" owner="BuiltIn">
<msg time="2024-04-16T03:16:18.215441" level="INFO">{'large': 'https://randomuser.me/api/portraits/women/49.jpg', 'medium': 'https://randomuser.me/api/portraits/med/women/49.jpg', 'thumbnail': 'https://randomuser.me/api/portraits/thumb/women/49.jpg'}</msg>
<arg>${json_data['results'][0]['picture']}</arg>
<doc>Logs the given message with the given level.</doc>
<status status="PASS" start="2024-04-16T03:16:18.215111" elapsed="0.000373"/>
</kw>
<status status="PASS" start="2024-04-16T03:16:18.134402" elapsed="0.081351"/>
</kw>
<kw name="Teste de Tipos de Dados - Postcode" owner="random-user-service">
<kw name="GET On Session" owner="RequestsLibrary">
<msg time="2024-04-16T03:16:18.308468" level="INFO">GET Request : url=https://randomuser.me/api 
 path_url=/api 
 headers={'User-Agent': 'python-requests/2.31.0', 'Accept-Encoding': 'gzip, deflate', 'Accept': '*/*', 'Connection': 'keep-alive'} 
 body=None 
 </msg>
<msg time="2024-04-16T03:16:18.308619" level="INFO">GET Response : url=https://randomuser.me/api 
 status=200, reason=OK 
 headers={'Date': 'Tue, 16 Apr 2024 03:16:18 GMT', 'Content-Type': 'application/json; charset=utf-8', 'Transfer-Encoding': 'chunked', 'Connection': 'keep-alive', 'X-Powered-By': 'Express', 'Access-Control-Allow-Origin': '*', 'Cache-Control': 'no-cache', 'ETag': 'W/"468-gVUMj5TXWOtPDlt5bdBU5WNZ5XI"', 'Vary': 'Accept-Encoding', 'Content-Encoding': 'gzip', 'CF-Cache-Status': 'DYNAMIC', 'Report-To': '{"endpoints":[{"url":"https:\\/\\/a.nel.cloudflare.com\\/report\\/v4?s=pvnYuM48o7vWJxY7dw1In8d9kMI6XvA2pQ5X6WRVvH4me6erfv66x8GLAZDeu7RYfuRCLJKdrwR5MKgWDDbXfoy9CbiBQEfk2AdHj4RLCYdV%2BcFipDOYU1RFgHNZg0GJ"}],"group":"cf-nel","max_age":604800}', 'NEL': '{"success_fraction":0,"report_to":"cf-nel","max_age":604800}', 'Server': 'cloudflare', 'CF-RAY': '8751040ddb0d582a-IAD', 'alt-svc': 'h3=":443"; ma=86400'} 
 body={"results":[{"gender":"male","name":{"title":"Mr","first":"Ryder","last":"Walker"},"location":{"street":{"number":6795,"name":"Nelson Quay"},"city":"Auckland","state":"Canterbury","country":"New Zealand","postcode":83438,"coordinates":{"latitude":"47.8843","longitude":"-28.8360"},"timezone":{"offset":"+4:30","description":"Kabul"}},"email":"ryder.walker@example.com","login":{"uuid":"edaa902d-9d7a-4507-8056-2a13769f9c26","username":"greengorilla241","password":"1947","salt":"L2BPxcBX","md5":"34c041f570a393b9228fc943bd1e7e2e","sha1":"5d5abda4e9f8930abf721fdee7ead775c2c3901b","sha256":"fafd12dfc39e162562a6f5c93c4c65d2cfe7ca10f7ab50b4881c082361f075b8"},"dob":{"date":"1982-06-09T15:24:14.581Z","age":41},"registered":{"date":"2004-09-16T10:06:47.868Z","age":19},"phone":"(445)-957-1464","cell":"(128)-453-6603","id":{"name":"","value":null},"picture":{"large":"https://randomuser.me/api/portraits/men/23.jpg","medium":"https://randomuser.me/api/portraits/med/men/23.jpg","thumbnail":"https://randomuser.me/api/portraits/thumb/men/23.jpg"},"nat":"NZ"}],"info":{"seed":"f9949351fc3df252","results":1,"page":1,"version":"1.4"}} 
 </msg>
<msg time="2024-04-16T03:16:18.308794" level="INFO">/opt/hostedtoolcache/Python/3.12.2/x64/lib/python3.12/site-packages/urllib3/connectionpool.py:1103: InsecureRequestWarning: Unverified HTTPS request is being made to host 'randomuser.me'. Adding certificate verification is strongly advised. See: https://urllib3.readthedocs.io/en/latest/advanced-usage.html#tls-warnings
  warnings.warn(</msg>
<msg time="2024-04-16T03:16:18.308987" level="INFO">${response} = &lt;Response [200]&gt;</msg>
<var>${response}</var>
<arg>consultarAPI</arg>
<arg>/api</arg>
<doc>Sends a GET request on a previously created HTTP Session.</doc>
<status status="PASS" start="2024-04-16T03:16:18.216240" elapsed="0.092798"/>
</kw>
<kw name="Set Variable" owner="BuiltIn">
<msg time="2024-04-16T03:16:18.310260" level="INFO">${json_data} = {'results': [{'gender': 'male', 'name': {'title': 'Mr', 'first': 'Ryder', 'last': 'Walker'}, 'location': {'street': {'number': 6795, 'name': 'Nelson Quay'}, 'city': 'Auckland', 'state': 'Canterbury', ...</msg>
<var>${json_data}</var>
<arg>${response.json()}</arg>
<doc>Returns the given values which can then be assigned to a variables.</doc>
<status status="PASS" start="2024-04-16T03:16:18.309734" elapsed="0.000556"/>
</kw>
<kw name="Log" owner="BuiltIn">
<msg time="2024-04-16T03:16:18.310772" level="INFO">{'results': [{'gender': 'male', 'name': {'title': 'Mr', 'first': 'Ryder', 'last': 'Walker'}, 'location': {'street': {'number': 6795, 'name': 'Nelson Quay'}, 'city': 'Auckland', 'state': 'Canterbury', 'country': 'New Zealand', 'postcode': 83438, 'coordinates': {'latitude': '47.8843', 'longitude': '-28.8360'}, 'timezone': {'offset': '+4:30', 'description': 'Kabul'}}, 'email': 'ryder.walker@example.com', 'login': {'uuid': 'edaa902d-9d7a-4507-8056-2a13769f9c26', 'username': 'greengorilla241', 'password': '1947', 'salt': 'L2BPxcBX', 'md5': '34c041f570a393b9228fc943bd1e7e2e', 'sha1': '5d5abda4e9f8930abf721fdee7ead775c2c3901b', 'sha256': 'fafd12dfc39e162562a6f5c93c4c65d2cfe7ca10f7ab50b4881c082361f075b8'}, 'dob': {'date': '1982-06-09T15:24:14.581Z', 'age': 41}, 'registered': {'date': '2004-09-16T10:06:47.868Z', 'age': 19}, 'phone': '(445)-957-1464', 'cell': '(128)-453-6603', 'id': {'name': '', 'value': None}, 'picture': {'large': 'https://randomuser.me/api/portraits/men/23.jpg', 'medium': 'https://randomuser.me/api/portraits/med/men/23.jpg', 'thumbnail': 'https://randomuser.me/api/portraits/thumb/men/23.jpg'}, 'nat': 'NZ'}], 'info': {'seed': 'f9949351fc3df252', 'results': 1, 'page': 1, 'version': '1.4'}}</msg>
<arg>${json_data}</arg>
<doc>Logs the given message with the given level.</doc>
<status status="PASS" start="2024-04-16T03:16:18.310610" elapsed="0.000247"/>
</kw>
<kw name="Should Be Equal As Numbers" owner="BuiltIn">
<arg>${json_data['results'][0]['location']['postcode']}</arg>
<arg>${json_data['results'][0]['location']['postcode']}</arg>
<doc>Fails if objects are unequal after converting them to real numbers.</doc>
<status status="PASS" start="2024-04-16T03:16:18.311172" elapsed="0.000655"/>
</kw>
<kw name="Log" owner="BuiltIn">
<msg time="2024-04-16T03:16:18.312385" level="INFO">83438</msg>
<arg>${json_data['results'][0]['location']['postcode']}</arg>
<doc>Logs the given message with the given level.</doc>
<status status="PASS" start="2024-04-16T03:16:18.312026" elapsed="0.000401"/>
</kw>
<status status="PASS" start="2024-04-16T03:16:18.215994" elapsed="0.096699"/>
</kw>
<doc>Testa se os tipos de dados na resposta da API estão corretos.</doc>
<tag>testeTiposDados</tag>
<status status="PASS" start="2024-04-16T03:16:18.133831" elapsed="0.179092"/>
</test>
<test id="s1-s1-t5" name="Validar conteudo" line="35">
<kw name="Teste de Tipos de Conteudo" owner="random-user-service">
<kw name="GET On Session" owner="RequestsLibrary">
<msg time="2024-04-16T03:16:18.411330" level="INFO">GET Request : url=https://randomuser.me/api 
 path_url=/api 
 headers={'User-Agent': 'python-requests/2.31.0', 'Accept-Encoding': 'gzip, deflate', 'Accept': '*/*', 'Connection': 'keep-alive'} 
 body=None 
 </msg>
<msg time="2024-04-16T03:16:18.411436" level="INFO">GET Response : url=https://randomuser.me/api 
 status=200, reason=OK 
 headers={'Date': 'Tue, 16 Apr 2024 03:16:18 GMT', 'Content-Type': 'application/json; charset=utf-8', 'Transfer-Encoding': 'chunked', 'Connection': 'keep-alive', 'X-Powered-By': 'Express', 'Access-Control-Allow-Origin': '*', 'Cache-Control': 'no-cache', 'ETag': 'W/"498-Kp45mmyr+07nbD/xWmitzxnR+/g"', 'Vary': 'Accept-Encoding', 'Content-Encoding': 'gzip', 'CF-Cache-Status': 'DYNAMIC', 'Report-To': '{"endpoints":[{"url":"https:\\/\\/a.nel.cloudflare.com\\/report\\/v4?s=0i4U87pk0PRmMm6vTbF9%2FL%2F%2B8tKiW5%2F%2Bm8it0i4oj5FENjxSAX4UJRXp4OQGxMPT8W5rXMuaAS79t7LpvtQXRd82SfWOV4Bzubj%2BA7Hs4rOFEoAveYAHzvyM0tdBvA33"}],"group":"cf-nel","max_age":604800}', 'NEL': '{"success_fraction":0,"report_to":"cf-nel","max_age":604800}', 'Server': 'cloudflare', 'CF-RAY': '8751040e7ba2582a-IAD', 'alt-svc': 'h3=":443"; ma=86400'} 
 body={"results":[{"gender":"female","name":{"title":"Ms","first":"Naja","last":"Pedersen"},"location":{"street":{"number":5073,"name":"Odensevej"},"city":"Nørre Sundby","state":"Hovedstaden","country":"Denmark","postcode":98352,"coordinates":{"latitude":"-41.3623","longitude":"151.3939"},"timezone":{"offset":"+3:00","description":"Baghdad, Riyadh, Moscow, St. Petersburg"}},"email":"naja.pedersen@example.com","login":{"uuid":"bbb88984-f6ee-4b1d-a6b0-8de0ba9d01de","username":"angryleopard871","password":"qwert40","salt":"A46TfYNA","md5":"23b299ee157a2928564c7e56e78a3dd9","sha1":"dad405e9226244a8d46e57e06dff25df1e22ef17","sha256":"00d3420faa16339ef6389fac066b065dec232bd8fa89f95e6fe03a83a6579a59"},"dob":{"date":"1996-04-21T04:23:28.769Z","age":27},"registered":{"date":"2003-06-01T03:04:25.993Z","age":20},"phone":"66800896","cell":"34231916","id":{"name":"CPR","value":"200496-3631"},"picture":{"large":"https://randomuser.me/api/portraits/women/70.jpg","medium":"https://randomuser.me/api/portraits/med/women/70.jpg","thumbnail":"https://randomuser.me/api/portraits/thumb/women/70.jpg"},"nat":"DK"}],"info":{"seed":"d4b4e40655d7f6ee","results":1,"page":1,"version":"1.4"}} 
 </msg>
<msg time="2024-04-16T03:16:18.411512" level="INFO">/opt/hostedtoolcache/Python/3.12.2/x64/lib/python3.12/site-packages/urllib3/connectionpool.py:1103: InsecureRequestWarning: Unverified HTTPS request is being made to host 'randomuser.me'. Adding certificate verification is strongly advised. See: https://urllib3.readthedocs.io/en/latest/advanced-usage.html#tls-warnings
  warnings.warn(</msg>
<msg time="2024-04-16T03:16:18.411639" level="INFO">${response} = &lt;Response [200]&gt;</msg>
<var>${response}</var>
<arg>consultarAPI</arg>
<arg>/api</arg>
<doc>Sends a GET request on a previously created HTTP Session.</doc>
<status status="PASS" start="2024-04-16T03:16:18.315513" elapsed="0.096166"/>
</kw>
<kw name="Set Variable" owner="BuiltIn">
<msg time="2024-04-16T03:16:18.413077" level="INFO">${json_data} = {'results': [{'gender': 'female', 'name': {'title': 'Ms', 'first': 'Naja', 'last': 'Pedersen'}, 'location': {'street': {'number': 5073, 'name': 'Odensevej'}, 'city': 'Nørre Sundby', 'state': 'Hovedsta...</msg>
<var>${json_data}</var>
<arg>${response.json()}</arg>
<doc>Returns the given values which can then be assigned to a variables.</doc>
<status status="PASS" start="2024-04-16T03:16:18.412400" elapsed="0.000706"/>
</kw>
<kw name="Set Variable" owner="BuiltIn">
<msg time="2024-04-16T03:16:18.413818" level="INFO">${name_title} = Ms</msg>
<var>${name_title}</var>
<arg>${json_data["results"][0]["name"]["title"]}</arg>
<doc>Returns the given values which can then be assigned to a variables.</doc>
<status status="PASS" start="2024-04-16T03:16:18.413429" elapsed="0.000414"/>
</kw>
<kw name="Create List" owner="BuiltIn">
<msg time="2024-04-16T03:16:18.414299" level="INFO">${allowed_titles} = ['Mr', 'Ms', 'Miss', 'Mrs', 'Madame', 'Monsieur']</msg>
<var>${allowed_titles}</var>
<arg>Mr</arg>
<arg>Ms</arg>
<arg>Miss</arg>
<arg>Mrs</arg>
<arg>Madame</arg>
<arg>Monsieur</arg>
<doc>Returns a list containing given items.</doc>
<status status="PASS" start="2024-04-16T03:16:18.414149" elapsed="0.000174"/>
</kw>
<kw name="List Should Contain Value" owner="Collections">
<msg time="2024-04-16T03:16:18.414812" level="INFO">False</msg>
<arg>${allowed_titles}</arg>
<arg>${name_title}</arg>
<doc>Fails if the ``value`` is not found from ``list``.</doc>
<status status="PASS" start="2024-04-16T03:16:18.414629" elapsed="0.000224"/>
</kw>
<kw name="Set Variable" owner="BuiltIn">
<msg time="2024-04-16T03:16:18.415531" level="INFO">${name_country} = DK</msg>
<var>${name_country}</var>
<arg>${json_data["results"][0]["nat"]}</arg>
<doc>Returns the given values which can then be assigned to a variables.</doc>
<status status="PASS" start="2024-04-16T03:16:18.415149" elapsed="0.000408"/>
</kw>
<kw name="Create List" owner="BuiltIn">
<msg time="2024-04-16T03:16:18.416468" level="INFO">${list_country} = ['AD', 'AE', 'AF', 'AG', 'AI', 'AL', 'AM', 'AO', 'AQ', 'AR', 'AS', 'AT', 'AU', 'AW', 'AX', 'AZ', 'BA', 'BB', 'BD', 'BE', 'BF', 'BG', 'BH', 'BI', 'BJ', 'BL', 'BM', 'BN', 'BO', 'BQ', 'BR', 'BS', 'BT', '...</msg>
<var>${list_country}</var>
<arg>AD</arg>
<arg>AE</arg>
<arg>AF</arg>
<arg>AG</arg>
<arg>AI</arg>
<arg>AL</arg>
<arg>AM</arg>
<arg>AO</arg>
<arg>AQ</arg>
<arg>AR</arg>
<arg>AS</arg>
<arg>AT</arg>
<arg>AU</arg>
<arg>AW</arg>
<arg>AX</arg>
<arg>AZ</arg>
<arg>BA</arg>
<arg>BB</arg>
<arg>BD</arg>
<arg>BE</arg>
<arg>BF</arg>
<arg>BG</arg>
<arg>BH</arg>
<arg>BI</arg>
<arg>BJ</arg>
<arg>BL</arg>
<arg>BM</arg>
<arg>BN</arg>
<arg>BO</arg>
<arg>BQ</arg>
<arg>BR</arg>
<arg>BS</arg>
<arg>BT</arg>
<arg>BV</arg>
<arg>BW</arg>
<arg>BY</arg>
<arg>BZ</arg>
<arg>CA</arg>
<arg>CC</arg>
<arg>CD</arg>
<arg>CF</arg>
<arg>CG</arg>
<arg>CH</arg>
<arg>CI</arg>
<arg>CK</arg>
<arg>CL</arg>
<arg>CM</arg>
<arg>CN</arg>
<arg>CO</arg>
<arg>CR</arg>
<arg>CU</arg>
<arg>CV</arg>
<arg>CW</arg>
<arg>CX</arg>
<arg>CY</arg>
<arg>CZ</arg>
<arg>DE</arg>
<arg>DJ</arg>
<arg>DK</arg>
<arg>DM</arg>
<arg>DO</arg>
<arg>DZ</arg>
<arg>EC</arg>
<arg>EE</arg>
<arg>EG</arg>
<arg>EH</arg>
<arg>ER</arg>
<arg>ES</arg>
<arg>ET</arg>
<arg>FI</arg>
<arg>FJ</arg>
<arg>FK</arg>
<arg>FM</arg>
<arg>FO</arg>
<arg>FR</arg>
<arg>GA</arg>
<arg>GB</arg>
<arg>GD</arg>
<arg>GE</arg>
<arg>GF</arg>
<arg>GG</arg>
<arg>GH</arg>
<arg>GI</arg>
<arg>GL</arg>
<arg>GM</arg>
<arg>GN</arg>
<arg>GP</arg>
<arg>GQ</arg>
<arg>GR</arg>
<arg>GS</arg>
<arg>GT</arg>
<arg>GU</arg>
<arg>GW</arg>
<arg>GY</arg>
<arg>HK</arg>
<arg>HM</arg>
<arg>HN</arg>
<arg>HR</arg>
<arg>HT</arg>
<arg>HU</arg>
<arg>ID</arg>
<arg>IE</arg>
<arg>IL</arg>
<arg>IM</arg>
<arg>IN</arg>
<arg>IO</arg>
<arg>IQ</arg>
<arg>IR</arg>
<arg>IS</arg>
<arg>IT</arg>
<arg>JE</arg>
<arg>JM</arg>
<arg>JO</arg>
<arg>JP</arg>
<arg>KE</arg>
<arg>KG</arg>
<arg>KH</arg>
<arg>KI</arg>
<arg>KM</arg>
<arg>KN</arg>
<arg>KP</arg>
<arg>KR</arg>
<arg>KW</arg>
<arg>KY</arg>
<arg>KZ</arg>
<arg>LA</arg>
<arg>LB</arg>
<arg>LC</arg>
<arg>LI</arg>
<arg>LK</arg>
<arg>LR</arg>
<arg>LS</arg>
<arg>LT</arg>
<arg>LU</arg>
<arg>LV</arg>
<arg>LY</arg>
<arg>MA</arg>
<arg>MC</arg>
<arg>MD</arg>
<arg>ME</arg>
<arg>MF</arg>
<arg>MG</arg>
<arg>MH</arg>
<arg>MK</arg>
<arg>ML</arg>
<arg>MM</arg>
<arg>MN</arg>
<arg>MO</arg>
<arg>MP</arg>
<arg>MQ</arg>
<arg>MR</arg>
<arg>MS</arg>
<arg>MT</arg>
<arg>MU</arg>
<arg>MV</arg>
<arg>MW</arg>
<arg>MX</arg>
<arg>MY</arg>
<arg>MZ</arg>
<arg>NA</arg>
<arg>NC</arg>
<arg>NE</arg>
<arg>NF</arg>
<arg>NG</arg>
<arg>NI</arg>
<arg>NL</arg>
<arg>NO</arg>
<arg>NP</arg>
<arg>NR</arg>
<arg>NU</arg>
<arg>NZ</arg>
<arg>OM</arg>
<arg>PA</arg>
<arg>PE</arg>
<arg>PF</arg>
<arg>PG</arg>
<arg>PH</arg>
<arg>PK</arg>
<arg>PL</arg>
<arg>PM</arg>
<arg>PN</arg>
<arg>PR</arg>
<arg>PS</arg>
<arg>PT</arg>
<arg>PW</arg>
<arg>PY</arg>
<arg>QA</arg>
<arg>RE</arg>
<arg>RO</arg>
<arg>RS</arg>
<arg>RU</arg>
<arg>RW</arg>
<arg>SA</arg>
<arg>SB</arg>
<arg>SC</arg>
<arg>SD</arg>
<arg>SE</arg>
<arg>SG</arg>
<arg>SH</arg>
<arg>SI</arg>
<arg>SJ</arg>
<arg>SK</arg>
<arg>SL</arg>
<arg>SM</arg>
<arg>SN</arg>
<arg>SO</arg>
<arg>SR</arg>
<arg>SS</arg>
<arg>ST</arg>
<arg>SV</arg>
<arg>SX</arg>
<arg>SY</arg>
<arg>SZ</arg>
<arg>TC</arg>
<arg>TD</arg>
<arg>TF</arg>
<arg>TG</arg>
<arg>TH</arg>
<arg>TJ</arg>
<arg>TK</arg>
<arg>TL</arg>
<arg>TM</arg>
<arg>TN</arg>
<arg>TO</arg>
<arg>TR</arg>
<arg>TT</arg>
<arg>TV</arg>
<arg>TW</arg>
<arg>TZ</arg>
<arg>UA</arg>
<arg>UG</arg>
<arg>UM</arg>
<arg>US</arg>
<arg>UY</arg>
<arg>UZ</arg>
<arg>VA</arg>
<arg>VC</arg>
<arg>VE</arg>
<arg>VG</arg>
<arg>VI</arg>
<arg>VN</arg>
<arg>VU</arg>
<arg>WF</arg>
<arg>WS</arg>
<arg>XK</arg>
<arg>YE</arg>
<arg>YT</arg>
<arg>ZA</arg>
<arg>ZM</arg>
<arg>ZW</arg>
<doc>Returns a list containing given items.</doc>
<status status="PASS" start="2024-04-16T03:16:18.415869" elapsed="0.000625"/>
</kw>
<kw name="List Should Contain Value" owner="Collections">
<msg time="2024-04-16T03:16:18.417534" level="INFO">False</msg>
<arg>${list_country}</arg>
<arg>${name_country}</arg>
<doc>Fails if the ``value`` is not found from ``list``.</doc>
<status status="PASS" start="2024-04-16T03:16:18.417322" elapsed="0.000250"/>
</kw>
<kw name="Run Keyword If" owner="BuiltIn">
<kw name="Should Be True" owner="BuiltIn">
<arg>${True}</arg>
<doc>Fails if the given condition is not true.</doc>
<status status="PASS" start="2024-04-16T03:16:18.418831" elapsed="0.000149"/>
</kw>
<arg>${json_data["results"][0]["location"]["coordinates"]["latitude"]} &gt;= -90 and ${json_data["results"][0]["location"]["coordinates"]["latitude"]} &lt;= 90</arg>
<arg>Should Be True</arg>
<arg>${True}</arg>
<doc>Runs the given keyword with the given arguments, if ``condition`` is true.</doc>
<status status="PASS" start="2024-04-16T03:16:18.417894" elapsed="0.001218"/>
</kw>
<kw name="Run Keyword If" owner="BuiltIn">
<kw name="Should Be True" owner="BuiltIn">
<arg>${True}</arg>
<doc>Fails if the given condition is not true.</doc>
<status status="PASS" start="2024-04-16T03:16:18.420004" elapsed="0.000139"/>
</kw>
<arg>${json_data["results"][0]["location"]["coordinates"]["longitude"]} &gt;= -180 and ${json_data["results"][0]["location"]["coordinates"]["longitude"]} &lt;= 180</arg>
<arg>Should Be True</arg>
<arg>${True}</arg>
<doc>Runs the given keyword with the given arguments, if ``condition`` is true.</doc>
<status status="PASS" start="2024-04-16T03:16:18.419301" elapsed="0.000968"/>
</kw>
<status status="PASS" start="2024-04-16T03:16:18.315278" elapsed="0.105124"/>
</kw>
<doc>Testa o conteúdo específico dos campos retornados pela API.</doc>
<tag>testeConteudo</tag>
<status status="PASS" start="2024-04-16T03:16:18.314719" elapsed="0.105843"/>
</test>
<status status="PASS" start="2024-04-16T03:16:17.626489" elapsed="0.796123"/>
</suite>
<status status="PASS" start="2024-04-16T03:16:17.612182" elapsed="0.815894"/>
</suite>
<statistics>
<total>
<stat pass="5" fail="0" skip="0">All Tests</stat>
</total>
<tag>
<stat pass="1" fail="0" skip="0">testeConteudo</stat>
<stat pass="1" fail="0" skip="0">testeEstruturaResposta</stat>
<stat pass="1" fail="0" skip="0">testeRequisicaoBasica</stat>
<stat pass="1" fail="0" skip="0">testeTiposDados</stat>
</tag>
<suite>
<stat pass="5" fail="0" skip="0" id="s1" name="Tests">Tests</stat>
<stat pass="5" fail="0" skip="0" id="s1-s1" name="Random-User-Test">Tests.Random-User-Test</stat>
</suite>
</statistics>
<errors>
</errors>
</robot>
