<?xml version="1.0" encoding="UTF-8"?>
<robot generator="Robot 7.0 (Python 3.12.2 on linux)" generated="2024-04-11T20:15:00.659567" rpa="false" schemaversion="5">
<suite id="s1" name="Tests" source="/home/runner/work/DesafioQAItauRogerioJordao/DesafioQAItauRogerioJordao/RamdonUser/tests">
<suite id="s1-s1" name="Random-User-Test" source="/home/runner/work/DesafioQAItauRogerioJordao/DesafioQAItauRogerioJordao/RamdonUser/tests/random-user-test.robot">
<test id="s1-s1-t1" name="Conectar" line="13">
<kw name="Conectar API" owner="random-user-service">
<kw name="Create Session" owner="RequestsLibrary">
<msg time="2024-04-11T20:15:01.010044" level="INFO">Creating Session using : alias=consultarAPI, url=https://randomuser.me/, headers={},                     cookies={}, auth=None, timeout=None, proxies=None, verify=False,                     debug=0 </msg>
<arg>consultarAPI</arg>
<arg>${URL}</arg>
<doc>Create Session: create a HTTP session to a server</doc>
<status status="PASS" start="2024-04-11T20:15:01.009841" elapsed="0.000357"/>
</kw>
<status status="PASS" start="2024-04-11T20:15:01.008873" elapsed="0.001661"/>
</kw>
<status status="PASS" start="2024-04-11T20:15:01.008260" elapsed="0.002489"/>
</test>
<test id="s1-s1-t2" name="Validar retorno 200 e JSON Válido" line="16">
<kw name="Teste de Requisicao Basica" owner="random-user-service">
<kw name="GET On Session" owner="RequestsLibrary">
<msg time="2024-04-11T20:15:01.103736" level="INFO">GET Request : url=https://randomuser.me/api 
 path_url=/api 
 headers={'User-Agent': 'python-requests/2.31.0', 'Accept-Encoding': 'gzip, deflate', 'Accept': '*/*', 'Connection': 'keep-alive'} 
 body=None 
 </msg>
<msg time="2024-04-11T20:15:01.103834" level="INFO">GET Response : url=https://randomuser.me/api 
 status=200, reason=OK 
 headers={'Date': 'Thu, 11 Apr 2024 20:15:01 GMT', 'Content-Type': 'application/json; charset=utf-8', 'Transfer-Encoding': 'chunked', 'Connection': 'keep-alive', 'X-Powered-By': 'Express', 'Access-Control-Allow-Origin': '*', 'Cache-Control': 'no-cache', 'ETag': 'W/"482-dkLB5c/PXdv/cxiIZj+QSJX9KQs"', 'Vary': 'Accept-Encoding', 'Content-Encoding': 'gzip', 'CF-Cache-Status': 'DYNAMIC', 'Report-To': '{"endpoints":[{"url":"https:\\/\\/a.nel.cloudflare.com\\/report\\/v4?s=88HD3epdwSEcVt8Iv38m%2FPFjcWtjnQubEVWD87rff2DNSTTmOat7URQkN0fY3ZsgHILSX8pD5oNw%2BS0Ko0ZqWAMvjUaVL8%2ByVTzCrivCko5yeof7SbBWg9lt1HeGNkxc"}],"group":"cf-nel","max_age":604800}', 'NEL': '{"success_fraction":0,"report_to":"cf-nel","max_age":604800}', 'Server': 'cloudflare', 'CF-RAY': '872da56f9dd1206c-IAD', 'alt-svc': 'h3=":443"; ma=86400'} 
 body={"results":[{"gender":"male","name":{"title":"Mr","first":"Thiago","last":"Brunet"},"location":{"street":{"number":7344,"name":"Rue Principale"},"city":"Lyon","state":"Vienne","country":"France","postcode":66778,"coordinates":{"latitude":"-20.8408","longitude":"-40.1025"},"timezone":{"offset":"+9:30","description":"Adelaide, Darwin"}},"email":"thiago.brunet@example.com","login":{"uuid":"e1ebf7fa-c07c-4e3c-9913-06693954ee18","username":"beautifulduck114","password":"magic1","salt":"UcBX4pWw","md5":"0b4de8e38e9e22379b85697775bd1aa6","sha1":"3a2e93eae4b4976f90bbfeb0189a96fc3297448d","sha256":"11728273c33877151ef4960654911ea909e31d35b3f637de25ed41178f8f60a2"},"dob":{"date":"1968-11-13T01:15:15.325Z","age":55},"registered":{"date":"2011-01-06T04:37:04.703Z","age":13},"phone":"02-53-39-90-56","cell":"06-94-47-60-21","id":{"name":"INSEE","value":"1681002423735 80"},"picture":{"large":"https://randomuser.me/api/portraits/men/56.jpg","medium":"https://randomuser.me/api/portraits/med/men/56.jpg","thumbnail":"https://randomuser.me/api/portraits/thumb/men/56.jpg"},"nat":"FR"}],"info":{"seed":"59a6915b4aaabd39","results":1,"page":1,"version":"1.4"}} 
 </msg>
<msg time="2024-04-11T20:15:01.103903" level="INFO">/opt/hostedtoolcache/Python/3.12.2/x64/lib/python3.12/site-packages/urllib3/connectionpool.py:1103: InsecureRequestWarning: Unverified HTTPS request is being made to host 'randomuser.me'. Adding certificate verification is strongly advised. See: https://urllib3.readthedocs.io/en/latest/advanced-usage.html#tls-warnings
  warnings.warn(</msg>
<msg time="2024-04-11T20:15:01.104022" level="INFO">${response} = &lt;Response [200]&gt;</msg>
<var>${response}</var>
<arg>consultarAPI</arg>
<arg>/api</arg>
<doc>Sends a GET request on a previously created HTTP Session.</doc>
<status status="PASS" start="2024-04-11T20:15:01.013412" elapsed="0.090651"/>
</kw>
<kw name="Should Be Equal As Numbers" owner="BuiltIn">
<msg time="2024-04-11T20:15:01.105152" level="INFO">Argument types are:
&lt;class 'int'&gt;
&lt;class 'str'&gt;</msg>
<arg>${response.status_code}</arg>
<arg>200</arg>
<doc>Fails if objects are unequal after converting them to real numbers.</doc>
<status status="PASS" start="2024-04-11T20:15:01.104659" elapsed="0.000560"/>
</kw>
<kw name="Log" owner="BuiltIn">
<msg time="2024-04-11T20:15:01.105903" level="INFO">200</msg>
<arg>${response.status_code}</arg>
<doc>Logs the given message with the given level.</doc>
<status status="PASS" start="2024-04-11T20:15:01.105540" elapsed="0.000405"/>
</kw>
<kw name="Set Variable" owner="BuiltIn">
<msg time="2024-04-11T20:15:01.106679" level="INFO">${json_data} = {'results': [{'gender': 'male', 'name': {'title': 'Mr', 'first': 'Thiago', 'last': 'Brunet'}, 'location': {'street': {'number': 7344, 'name': 'Rue Principale'}, 'city': 'Lyon', 'state': 'Vienne', 'cou...</msg>
<var>${json_data}</var>
<arg>${response.json()}</arg>
<doc>Returns the given values which can then be assigned to a variables.</doc>
<status status="PASS" start="2024-04-11T20:15:01.106250" elapsed="0.000457"/>
</kw>
<kw name="Dictionary Should Contain Key" owner="Collections">
<msg time="2024-04-11T20:15:01.107169" level="INFO">False</msg>
<arg>${json_data}</arg>
<arg>results</arg>
<doc>Fails if ``key`` is not found from ``dictionary``.</doc>
<status status="PASS" start="2024-04-11T20:15:01.107007" elapsed="0.000200"/>
</kw>
<status status="PASS" start="2024-04-11T20:15:01.013167" elapsed="0.094290"/>
</kw>
<doc>Testa se a API responde corretamente e retorna um objeto JSON válido.</doc>
<tag>testeRequisicaoBasica</tag>
<status status="PASS" start="2024-04-11T20:15:01.012622" elapsed="0.095007"/>
</test>
<test id="s1-s1-t3" name="Validar estrutura de resposta" line="22">
<kw name="Teste de Estrutura de Resposta" owner="random-user-service">
<kw name="GET On Session" owner="RequestsLibrary">
<msg time="2024-04-11T20:15:01.187349" level="INFO">GET Request : url=https://randomuser.me/api 
 path_url=/api 
 headers={'User-Agent': 'python-requests/2.31.0', 'Accept-Encoding': 'gzip, deflate', 'Accept': '*/*', 'Connection': 'keep-alive'} 
 body=None 
 </msg>
<msg time="2024-04-11T20:15:01.187416" level="INFO">GET Response : url=https://randomuser.me/api 
 status=200, reason=OK 
 headers={'Date': 'Thu, 11 Apr 2024 20:15:01 GMT', 'Content-Type': 'application/json; charset=utf-8', 'Transfer-Encoding': 'chunked', 'Connection': 'keep-alive', 'X-Powered-By': 'Express', 'Access-Control-Allow-Origin': '*', 'Cache-Control': 'no-cache', 'ETag': 'W/"479-piz/FKOaHbRVRuljH+8XDwa/lg8"', 'Vary': 'Accept-Encoding', 'Content-Encoding': 'gzip', 'CF-Cache-Status': 'DYNAMIC', 'Report-To': '{"endpoints":[{"url":"https:\\/\\/a.nel.cloudflare.com\\/report\\/v4?s=0o9DI%2F2Ln6yVHyxCNY0CGVoN%2BMq2u6dgCggn56c7ZKpslI5f6mEku%2FpXMUz2Vt1Muak%2Fe0U3lTC0v4WTmUlmylUwf6HiAAaIvNgvhjfvl0m0f9PZXc3GW4aKUYLiRypm"}],"group":"cf-nel","max_age":604800}', 'NEL': '{"success_fraction":0,"report_to":"cf-nel","max_age":604800}', 'Server': 'cloudflare', 'CF-RAY': '872da56ffe5c206c-IAD', 'alt-svc': 'h3=":443"; ma=86400'} 
 body={"results":[{"gender":"female","name":{"title":"Miss","first":"هلیا","last":"کامروا"},"location":{"street":{"number":2063,"name":"قدس"},"city":"پاکدشت","state":"خوزستان","country":"Iran","postcode":53160,"coordinates":{"latitude":"20.1465","longitude":"81.9263"},"timezone":{"offset":"-3:30","description":"Newfoundland"}},"email":"hly.khmrw@example.com","login":{"uuid":"cd2539d5-7523-4e38-8a47-48de91ed602d","username":"lazyelephant573","password":"deskjet","salt":"xil4nIcN","md5":"39905144e72b2d065d8ee35e189f8fa2","sha1":"72a5e60c7d48f1fe6ca356cdab8b097beb6529bf","sha256":"673170c55ff8540c96aa65bbe9aa070136ed0185831e5cd5f303e4860a285cf0"},"dob":{"date":"1993-03-19T21:10:15.527Z","age":31},"registered":{"date":"2020-02-18T00:32:47.510Z","age":4},"phone":"019-84018861","cell":"0936-043-1111","id":{"name":"","value":null},"picture":{"large":"https://randomuser.me/api/portraits/women/60.jpg","medium":"https://randomuser.me/api/portraits/med/women/60.jpg","thumbnail":"https://randomuser.me/api/portraits/thumb/women/60.jpg"},"nat":"IR"}],"info":{"seed":"0138402599d945d6","results":1,"page":1,"version":"1.4"}} 
 </msg>
<msg time="2024-04-11T20:15:01.187525" level="INFO">/opt/hostedtoolcache/Python/3.12.2/x64/lib/python3.12/site-packages/urllib3/connectionpool.py:1103: InsecureRequestWarning: Unverified HTTPS request is being made to host 'randomuser.me'. Adding certificate verification is strongly advised. See: https://urllib3.readthedocs.io/en/latest/advanced-usage.html#tls-warnings
  warnings.warn(</msg>
<msg time="2024-04-11T20:15:01.187633" level="INFO">${response} = &lt;Response [200]&gt;</msg>
<var>${response}</var>
<arg>consultarAPI</arg>
<arg>/api</arg>
<doc>Sends a GET request on a previously created HTTP Session.</doc>
<status status="PASS" start="2024-04-11T20:15:01.110303" elapsed="0.077369"/>
</kw>
<kw name="Set Variable" owner="BuiltIn">
<msg time="2024-04-11T20:15:01.188762" level="INFO">${json_data} = {'results': [{'gender': 'female', 'name': {'title': 'Miss', 'first': 'هلیا', 'last': 'کامروا'}, 'location': {'street': {'number': 2063, 'name': 'قدس'}, 'city': 'پاکدشت', 'state': 'خوزستان', 'country':...</msg>
<var>${json_data}</var>
<arg>${response.json()}</arg>
<doc>Returns the given values which can then be assigned to a variables.</doc>
<status status="PASS" start="2024-04-11T20:15:01.188136" elapsed="0.000658"/>
</kw>
<kw name="Log" owner="BuiltIn">
<msg time="2024-04-11T20:15:01.189276" level="INFO">{'results': [{'gender': 'female', 'name': {'title': 'Miss', 'first': 'هلیا', 'last': 'کامروا'}, 'location': {'street': {'number': 2063, 'name': 'قدس'}, 'city': 'پاکدشت', 'state': 'خوزستان', 'country': 'Iran', 'postcode': 53160, 'coordinates': {'latitude': '20.1465', 'longitude': '81.9263'}, 'timezone': {'offset': '-3:30', 'description': 'Newfoundland'}}, 'email': 'hly.khmrw@example.com', 'login': {'uuid': 'cd2539d5-7523-4e38-8a47-48de91ed602d', 'username': 'lazyelephant573', 'password': 'deskjet', 'salt': 'xil4nIcN', 'md5': '39905144e72b2d065d8ee35e189f8fa2', 'sha1': '72a5e60c7d48f1fe6ca356cdab8b097beb6529bf', 'sha256': '673170c55ff8540c96aa65bbe9aa070136ed0185831e5cd5f303e4860a285cf0'}, 'dob': {'date': '1993-03-19T21:10:15.527Z', 'age': 31}, 'registered': {'date': '2020-02-18T00:32:47.510Z', 'age': 4}, 'phone': '019-84018861', 'cell': '0936-043-1111', 'id': {'name': '', 'value': None}, 'picture': {'large': 'https://randomuser.me/api/portraits/women/60.jpg', 'medium': 'https://randomuser.me/api/portraits/med/women/60.jpg', 'thumbnail': 'https://randomuser.me/api/portraits/thumb/women/60.jpg'}, 'nat': 'IR'}], 'info': {'seed': '0138402599d945d6', 'results': 1, 'page': 1, 'version': '1.4'}}</msg>
<arg>${json_data}</arg>
<doc>Logs the given message with the given level.</doc>
<status status="PASS" start="2024-04-11T20:15:01.189111" elapsed="0.000216"/>
</kw>
<kw name="Dictionary Should Contain Key" owner="Collections">
<msg time="2024-04-11T20:15:01.189782" level="INFO">False</msg>
<arg>${json_data}</arg>
<arg>results</arg>
<doc>Fails if ``key`` is not found from ``dictionary``.</doc>
<status status="PASS" start="2024-04-11T20:15:01.189629" elapsed="0.000190"/>
</kw>
<kw name="Should Not Be Empty" owner="BuiltIn">
<msg time="2024-04-11T20:15:01.190245" level="INFO">Length is 2.</msg>
<arg>${json_data}</arg>
<doc>Verifies that the given item is not empty.</doc>
<status status="PASS" start="2024-04-11T20:15:01.190113" elapsed="0.000171"/>
</kw>
<kw name="Create List" owner="BuiltIn">
<msg time="2024-04-11T20:15:01.190729" level="INFO">${expected_keys} = ['gender', 'name', 'location', 'email', 'login']</msg>
<var>${expected_keys}</var>
<arg>gender</arg>
<arg>name</arg>
<arg>location</arg>
<arg>email</arg>
<arg>login</arg>
<doc>Returns a list containing given items.</doc>
<status status="PASS" start="2024-04-11T20:15:01.190579" elapsed="0.000175"/>
</kw>
<for flavor="IN">
<iter>
<kw name="Dictionary Should Contain Key" owner="Collections">
<msg time="2024-04-11T20:15:01.191718" level="INFO">False</msg>
<arg>${json_data['results'][0]}</arg>
<arg>${key}</arg>
<doc>Fails if ``key`` is not found from ``dictionary``.</doc>
<status status="PASS" start="2024-04-11T20:15:01.191308" elapsed="0.000450"/>
</kw>
<kw name="Log" owner="BuiltIn">
<msg time="2024-04-11T20:15:01.192479" level="INFO">{'gender': 'female', 'name': {'title': 'Miss', 'first': 'هلیا', 'last': 'کامروا'}, 'location': {'street': {'number': 2063, 'name': 'قدس'}, 'city': 'پاکدشت', 'state': 'خوزستان', 'country': 'Iran', 'postcode': 53160, 'coordinates': {'latitude': '20.1465', 'longitude': '81.9263'}, 'timezone': {'offset': '-3:30', 'description': 'Newfoundland'}}, 'email': 'hly.khmrw@example.com', 'login': {'uuid': 'cd2539d5-7523-4e38-8a47-48de91ed602d', 'username': 'lazyelephant573', 'password': 'deskjet', 'salt': 'xil4nIcN', 'md5': '39905144e72b2d065d8ee35e189f8fa2', 'sha1': '72a5e60c7d48f1fe6ca356cdab8b097beb6529bf', 'sha256': '673170c55ff8540c96aa65bbe9aa070136ed0185831e5cd5f303e4860a285cf0'}, 'dob': {'date': '1993-03-19T21:10:15.527Z', 'age': 31}, 'registered': {'date': '2020-02-18T00:32:47.510Z', 'age': 4}, 'phone': '019-84018861', 'cell': '0936-043-1111', 'id': {'name': '', 'value': None}, 'picture': {'large': 'https://randomuser.me/api/portraits/women/60.jpg', 'medium': 'https://randomuser.me/api/portraits/med/women/60.jpg', 'thumbnail': 'https://randomuser.me/api/portraits/thumb/women/60.jpg'}, 'nat': 'IR'}</msg>
<arg>${json_data['results'][0]}</arg>
<doc>Logs the given message with the given level.</doc>
<status status="PASS" start="2024-04-11T20:15:01.192064" elapsed="0.000467"/>
</kw>
<kw name="Log" owner="BuiltIn">
<msg time="2024-04-11T20:15:01.192969" level="INFO">gender</msg>
<arg>${key}</arg>
<doc>Logs the given message with the given level.</doc>
<status status="PASS" start="2024-04-11T20:15:01.192838" elapsed="0.000170"/>
</kw>
<var name="${key}">gender</var>
<status status="PASS" start="2024-04-11T20:15:01.191183" elapsed="0.002043"/>
</iter>
<iter>
<kw name="Dictionary Should Contain Key" owner="Collections">
<msg time="2024-04-11T20:15:01.193915" level="INFO">False</msg>
<arg>${json_data['results'][0]}</arg>
<arg>${key}</arg>
<doc>Fails if ``key`` is not found from ``dictionary``.</doc>
<status status="PASS" start="2024-04-11T20:15:01.193527" elapsed="0.000425"/>
</kw>
<kw name="Log" owner="BuiltIn">
<msg time="2024-04-11T20:15:01.194662" level="INFO">{'gender': 'female', 'name': {'title': 'Miss', 'first': 'هلیا', 'last': 'کامروا'}, 'location': {'street': {'number': 2063, 'name': 'قدس'}, 'city': 'پاکدشت', 'state': 'خوزستان', 'country': 'Iran', 'postcode': 53160, 'coordinates': {'latitude': '20.1465', 'longitude': '81.9263'}, 'timezone': {'offset': '-3:30', 'description': 'Newfoundland'}}, 'email': 'hly.khmrw@example.com', 'login': {'uuid': 'cd2539d5-7523-4e38-8a47-48de91ed602d', 'username': 'lazyelephant573', 'password': 'deskjet', 'salt': 'xil4nIcN', 'md5': '39905144e72b2d065d8ee35e189f8fa2', 'sha1': '72a5e60c7d48f1fe6ca356cdab8b097beb6529bf', 'sha256': '673170c55ff8540c96aa65bbe9aa070136ed0185831e5cd5f303e4860a285cf0'}, 'dob': {'date': '1993-03-19T21:10:15.527Z', 'age': 31}, 'registered': {'date': '2020-02-18T00:32:47.510Z', 'age': 4}, 'phone': '019-84018861', 'cell': '0936-043-1111', 'id': {'name': '', 'value': None}, 'picture': {'large': 'https://randomuser.me/api/portraits/women/60.jpg', 'medium': 'https://randomuser.me/api/portraits/med/women/60.jpg', 'thumbnail': 'https://randomuser.me/api/portraits/thumb/women/60.jpg'}, 'nat': 'IR'}</msg>
<arg>${json_data['results'][0]}</arg>
<doc>Logs the given message with the given level.</doc>
<status status="PASS" start="2024-04-11T20:15:01.194286" elapsed="0.000426"/>
</kw>
<kw name="Log" owner="BuiltIn">
<msg time="2024-04-11T20:15:01.195149" level="INFO">name</msg>
<arg>${key}</arg>
<doc>Logs the given message with the given level.</doc>
<status status="PASS" start="2024-04-11T20:15:01.195017" elapsed="0.000170"/>
</kw>
<var name="${key}">name</var>
<status status="PASS" start="2024-04-11T20:15:01.193412" elapsed="0.001991"/>
</iter>
<iter>
<kw name="Dictionary Should Contain Key" owner="Collections">
<msg time="2024-04-11T20:15:01.196078" level="INFO">False</msg>
<arg>${json_data['results'][0]}</arg>
<arg>${key}</arg>
<doc>Fails if ``key`` is not found from ``dictionary``.</doc>
<status status="PASS" start="2024-04-11T20:15:01.195701" elapsed="0.000416"/>
</kw>
<kw name="Log" owner="BuiltIn">
<msg time="2024-04-11T20:15:01.196833" level="INFO">{'gender': 'female', 'name': {'title': 'Miss', 'first': 'هلیا', 'last': 'کامروا'}, 'location': {'street': {'number': 2063, 'name': 'قدس'}, 'city': 'پاکدشت', 'state': 'خوزستان', 'country': 'Iran', 'postcode': 53160, 'coordinates': {'latitude': '20.1465', 'longitude': '81.9263'}, 'timezone': {'offset': '-3:30', 'description': 'Newfoundland'}}, 'email': 'hly.khmrw@example.com', 'login': {'uuid': 'cd2539d5-7523-4e38-8a47-48de91ed602d', 'username': 'lazyelephant573', 'password': 'deskjet', 'salt': 'xil4nIcN', 'md5': '39905144e72b2d065d8ee35e189f8fa2', 'sha1': '72a5e60c7d48f1fe6ca356cdab8b097beb6529bf', 'sha256': '673170c55ff8540c96aa65bbe9aa070136ed0185831e5cd5f303e4860a285cf0'}, 'dob': {'date': '1993-03-19T21:10:15.527Z', 'age': 31}, 'registered': {'date': '2020-02-18T00:32:47.510Z', 'age': 4}, 'phone': '019-84018861', 'cell': '0936-043-1111', 'id': {'name': '', 'value': None}, 'picture': {'large': 'https://randomuser.me/api/portraits/women/60.jpg', 'medium': 'https://randomuser.me/api/portraits/med/women/60.jpg', 'thumbnail': 'https://randomuser.me/api/portraits/thumb/women/60.jpg'}, 'nat': 'IR'}</msg>
<arg>${json_data['results'][0]}</arg>
<doc>Logs the given message with the given level.</doc>
<status status="PASS" start="2024-04-11T20:15:01.196455" elapsed="0.000434"/>
</kw>
<kw name="Log" owner="BuiltIn">
<msg time="2024-04-11T20:15:01.197320" level="INFO">location</msg>
<arg>${key}</arg>
<doc>Logs the given message with the given level.</doc>
<status status="PASS" start="2024-04-11T20:15:01.197191" elapsed="0.000167"/>
</kw>
<var name="${key}">location</var>
<status status="PASS" start="2024-04-11T20:15:01.195586" elapsed="0.001988"/>
</iter>
<iter>
<kw name="Dictionary Should Contain Key" owner="Collections">
<msg time="2024-04-11T20:15:01.198248" level="INFO">False</msg>
<arg>${json_data['results'][0]}</arg>
<arg>${key}</arg>
<doc>Fails if ``key`` is not found from ``dictionary``.</doc>
<status status="PASS" start="2024-04-11T20:15:01.197864" elapsed="0.000421"/>
</kw>
<kw name="Log" owner="BuiltIn">
<msg time="2024-04-11T20:15:01.198955" level="INFO">{'gender': 'female', 'name': {'title': 'Miss', 'first': 'هلیا', 'last': 'کامروا'}, 'location': {'street': {'number': 2063, 'name': 'قدس'}, 'city': 'پاکدشت', 'state': 'خوزستان', 'country': 'Iran', 'postcode': 53160, 'coordinates': {'latitude': '20.1465', 'longitude': '81.9263'}, 'timezone': {'offset': '-3:30', 'description': 'Newfoundland'}}, 'email': 'hly.khmrw@example.com', 'login': {'uuid': 'cd2539d5-7523-4e38-8a47-48de91ed602d', 'username': 'lazyelephant573', 'password': 'deskjet', 'salt': 'xil4nIcN', 'md5': '39905144e72b2d065d8ee35e189f8fa2', 'sha1': '72a5e60c7d48f1fe6ca356cdab8b097beb6529bf', 'sha256': '673170c55ff8540c96aa65bbe9aa070136ed0185831e5cd5f303e4860a285cf0'}, 'dob': {'date': '1993-03-19T21:10:15.527Z', 'age': 31}, 'registered': {'date': '2020-02-18T00:32:47.510Z', 'age': 4}, 'phone': '019-84018861', 'cell': '0936-043-1111', 'id': {'name': '', 'value': None}, 'picture': {'large': 'https://randomuser.me/api/portraits/women/60.jpg', 'medium': 'https://randomuser.me/api/portraits/med/women/60.jpg', 'thumbnail': 'https://randomuser.me/api/portraits/thumb/women/60.jpg'}, 'nat': 'IR'}</msg>
<arg>${json_data['results'][0]}</arg>
<doc>Logs the given message with the given level.</doc>
<status status="PASS" start="2024-04-11T20:15:01.198590" elapsed="0.000416"/>
</kw>
<kw name="Log" owner="BuiltIn">
<msg time="2024-04-11T20:15:01.199439" level="INFO">email</msg>
<arg>${key}</arg>
<doc>Logs the given message with the given level.</doc>
<status status="PASS" start="2024-04-11T20:15:01.199310" elapsed="0.000167"/>
</kw>
<var name="${key}">email</var>
<status status="PASS" start="2024-04-11T20:15:01.197751" elapsed="0.001941"/>
</iter>
<iter>
<kw name="Dictionary Should Contain Key" owner="Collections">
<msg time="2024-04-11T20:15:01.200400" level="INFO">False</msg>
<arg>${json_data['results'][0]}</arg>
<arg>${key}</arg>
<doc>Fails if ``key`` is not found from ``dictionary``.</doc>
<status status="PASS" start="2024-04-11T20:15:01.199979" elapsed="0.000461"/>
</kw>
<kw name="Log" owner="BuiltIn">
<msg time="2024-04-11T20:15:01.201108" level="INFO">{'gender': 'female', 'name': {'title': 'Miss', 'first': 'هلیا', 'last': 'کامروا'}, 'location': {'street': {'number': 2063, 'name': 'قدس'}, 'city': 'پاکدشت', 'state': 'خوزستان', 'country': 'Iran', 'postcode': 53160, 'coordinates': {'latitude': '20.1465', 'longitude': '81.9263'}, 'timezone': {'offset': '-3:30', 'description': 'Newfoundland'}}, 'email': 'hly.khmrw@example.com', 'login': {'uuid': 'cd2539d5-7523-4e38-8a47-48de91ed602d', 'username': 'lazyelephant573', 'password': 'deskjet', 'salt': 'xil4nIcN', 'md5': '39905144e72b2d065d8ee35e189f8fa2', 'sha1': '72a5e60c7d48f1fe6ca356cdab8b097beb6529bf', 'sha256': '673170c55ff8540c96aa65bbe9aa070136ed0185831e5cd5f303e4860a285cf0'}, 'dob': {'date': '1993-03-19T21:10:15.527Z', 'age': 31}, 'registered': {'date': '2020-02-18T00:32:47.510Z', 'age': 4}, 'phone': '019-84018861', 'cell': '0936-043-1111', 'id': {'name': '', 'value': None}, 'picture': {'large': 'https://randomuser.me/api/portraits/women/60.jpg', 'medium': 'https://randomuser.me/api/portraits/med/women/60.jpg', 'thumbnail': 'https://randomuser.me/api/portraits/thumb/women/60.jpg'}, 'nat': 'IR'}</msg>
<arg>${json_data['results'][0]}</arg>
<doc>Logs the given message with the given level.</doc>
<status status="PASS" start="2024-04-11T20:15:01.200740" elapsed="0.000418"/>
</kw>
<kw name="Log" owner="BuiltIn">
<msg time="2024-04-11T20:15:01.201588" level="INFO">login</msg>
<arg>${key}</arg>
<doc>Logs the given message with the given level.</doc>
<status status="PASS" start="2024-04-11T20:15:01.201460" elapsed="0.000166"/>
</kw>
<var name="${key}">login</var>
<status status="PASS" start="2024-04-11T20:15:01.199867" elapsed="0.001977"/>
</iter>
<var>${key}</var>
<value>@{expected_keys}</value>
<status status="PASS" start="2024-04-11T20:15:01.191006" elapsed="0.010986"/>
</for>
<kw name="Create List" owner="BuiltIn">
<msg time="2024-04-11T20:15:01.202334" level="INFO">${expected_keysTwo} = ['username', 'password']</msg>
<var>${expected_keysTwo}</var>
<arg>username</arg>
<arg>password</arg>
<doc>Returns a list containing given items.</doc>
<status status="PASS" start="2024-04-11T20:15:01.202194" elapsed="0.000164"/>
</kw>
<for flavor="IN">
<iter>
<kw name="Dictionary Should Contain Key" owner="Collections">
<msg time="2024-04-11T20:15:01.203361" level="INFO">False</msg>
<arg>${json_data['results'][0]['login']}</arg>
<arg>${keyTwo}</arg>
<doc>Fails if ``key`` is not found from ``dictionary``.</doc>
<status status="PASS" start="2024-04-11T20:15:01.202976" elapsed="0.000423"/>
</kw>
<kw name="Dictionary Should Contain Key" owner="Collections">
<msg time="2024-04-11T20:15:01.204079" level="INFO">False</msg>
<arg>${json_data['results'][0]['login']}</arg>
<arg>${keyTwo}</arg>
<doc>Fails if ``key`` is not found from ``dictionary``.</doc>
<status status="PASS" start="2024-04-11T20:15:01.203699" elapsed="0.000418"/>
</kw>
<kw name="Log" owner="BuiltIn">
<msg time="2024-04-11T20:15:01.204583" level="INFO">username</msg>
<arg>${keyTwo}</arg>
<doc>Logs the given message with the given level.</doc>
<status status="PASS" start="2024-04-11T20:15:01.204448" elapsed="0.000173"/>
</kw>
<var name="${keyTwo}">username</var>
<status status="PASS" start="2024-04-11T20:15:01.202858" elapsed="0.001985"/>
</iter>
<iter>
<kw name="Dictionary Should Contain Key" owner="Collections">
<msg time="2024-04-11T20:15:01.205511" level="INFO">False</msg>
<arg>${json_data['results'][0]['login']}</arg>
<arg>${keyTwo}</arg>
<doc>Fails if ``key`` is not found from ``dictionary``.</doc>
<status status="PASS" start="2024-04-11T20:15:01.205133" elapsed="0.000416"/>
</kw>
<kw name="Dictionary Should Contain Key" owner="Collections">
<msg time="2024-04-11T20:15:01.206232" level="INFO">False</msg>
<arg>${json_data['results'][0]['login']}</arg>
<arg>${keyTwo}</arg>
<doc>Fails if ``key`` is not found from ``dictionary``.</doc>
<status status="PASS" start="2024-04-11T20:15:01.205856" elapsed="0.000413"/>
</kw>
<kw name="Log" owner="BuiltIn">
<msg time="2024-04-11T20:15:01.206698" level="INFO">password</msg>
<arg>${keyTwo}</arg>
<doc>Logs the given message with the given level.</doc>
<status status="PASS" start="2024-04-11T20:15:01.206571" elapsed="0.000165"/>
</kw>
<var name="${keyTwo}">password</var>
<status status="PASS" start="2024-04-11T20:15:01.205021" elapsed="0.001931"/>
</iter>
<var>${keyTwo}</var>
<value>@{expected_keysTwo}</value>
<status status="PASS" start="2024-04-11T20:15:01.202604" elapsed="0.004470"/>
</for>
<status status="PASS" start="2024-04-11T20:15:01.110070" elapsed="0.097143"/>
</kw>
<doc>Testa a estrutura da resposta da API.</doc>
<tag>testeEstruturaResposta</tag>
<status status="PASS" start="2024-04-11T20:15:01.109472" elapsed="0.097895"/>
</test>
<test id="s1-s1-t4" name="Validar tipos de dados" line="28">
<kw name="Teste de Tipos de Dados" owner="random-user-service">
<kw name="GET On Session" owner="RequestsLibrary">
<msg time="2024-04-11T20:15:01.482097" level="INFO">GET Request : url=https://randomuser.me/api 
 path_url=/api 
 headers={'User-Agent': 'python-requests/2.31.0', 'Accept-Encoding': 'gzip, deflate', 'Accept': '*/*', 'Connection': 'keep-alive'} 
 body=None 
 </msg>
<msg time="2024-04-11T20:15:01.482186" level="INFO">GET Response : url=https://randomuser.me/api 
 status=200, reason=OK 
 headers={'Date': 'Thu, 11 Apr 2024 20:15:01 GMT', 'Content-Type': 'application/json; charset=utf-8', 'Transfer-Encoding': 'chunked', 'Connection': 'keep-alive', 'X-Powered-By': 'Express', 'Access-Control-Allow-Origin': '*', 'Cache-Control': 'no-cache', 'ETag': 'W/"47a-b786myPATvSJJALUld5tVmT7nkY"', 'Vary': 'Accept-Encoding', 'Content-Encoding': 'gzip', 'CF-Cache-Status': 'DYNAMIC', 'Report-To': '{"endpoints":[{"url":"https:\\/\\/a.nel.cloudflare.com\\/report\\/v4?s=oWt06XVWntQu8cYlTYRDtiGzZZFx5mQa1TZ8%2FpWudOC6p7CS9dlgEEbm7RGcR77neVEt6qjtYUITITLyR7VfzkCw2c9nXQdIh6MimaRvN6uvc8kPXJpwlLj94OoAG4L5"}],"group":"cf-nel","max_age":604800}', 'NEL': '{"success_fraction":0,"report_to":"cf-nel","max_age":604800}', 'Server': 'cloudflare', 'CF-RAY': '872da5709f2e206c-IAD', 'alt-svc': 'h3=":443"; ma=86400'} 
 body={"results":[{"gender":"male","name":{"title":"Mr","first":"Rayaan","last":"Mathew"},"location":{"street":{"number":26,"name":"MG Rd Bangalore"},"city":"Kottayam","state":"Maharashtra","country":"India","postcode":56781,"coordinates":{"latitude":"6.5118","longitude":"-176.3960"},"timezone":{"offset":"+9:30","description":"Adelaide, Darwin"}},"email":"rayaan.mathew@example.com","login":{"uuid":"c8e08898-cb89-463d-9d2b-8dd880b83eaa","username":"blackpeacock580","password":"stuart","salt":"YSGLAnYv","md5":"6c8991aabef8a65c54454d966735838a","sha1":"9b353902d07c39b720804382e4911a3a5df35ce7","sha256":"a9714dca01c88e78c40fdb49e9e9a5a379eb75db51b48e2a7521f13f6cf8e7c5"},"dob":{"date":"1993-08-24T21:28:44.521Z","age":30},"registered":{"date":"2019-11-13T00:43:21.945Z","age":4},"phone":"8075296673","cell":"9328867819","id":{"name":"UIDAI","value":"963966195343"},"picture":{"large":"https://randomuser.me/api/portraits/men/54.jpg","medium":"https://randomuser.me/api/portraits/med/men/54.jpg","thumbnail":"https://randomuser.me/api/portraits/thumb/men/54.jpg"},"nat":"IN"}],"info":{"seed":"4c148190ddd437f4","results":1,"page":1,"version":"1.4"}} 
 </msg>
<msg time="2024-04-11T20:15:01.482254" level="INFO">/opt/hostedtoolcache/Python/3.12.2/x64/lib/python3.12/site-packages/urllib3/connectionpool.py:1103: InsecureRequestWarning: Unverified HTTPS request is being made to host 'randomuser.me'. Adding certificate verification is strongly advised. See: https://urllib3.readthedocs.io/en/latest/advanced-usage.html#tls-warnings
  warnings.warn(</msg>
<msg time="2024-04-11T20:15:01.482365" level="INFO">${response} = &lt;Response [200]&gt;</msg>
<var>${response}</var>
<arg>consultarAPI</arg>
<arg>/api</arg>
<doc>Sends a GET request on a previously created HTTP Session.</doc>
<status status="PASS" start="2024-04-11T20:15:01.209819" elapsed="0.272588"/>
</kw>
<kw name="Set Variable" owner="BuiltIn">
<msg time="2024-04-11T20:15:01.483397" level="INFO">${json_data} = {'results': [{'gender': 'male', 'name': {'title': 'Mr', 'first': 'Rayaan', 'last': 'Mathew'}, 'location': {'street': {'number': 26, 'name': 'MG Rd Bangalore'}, 'city': 'Kottayam', 'state': 'Maharashtr...</msg>
<var>${json_data}</var>
<arg>${response.json()}</arg>
<doc>Returns the given values which can then be assigned to a variables.</doc>
<status status="PASS" start="2024-04-11T20:15:01.482881" elapsed="0.000544"/>
</kw>
<kw name="Log" owner="BuiltIn">
<msg time="2024-04-11T20:15:01.483894" level="INFO">{'results': [{'gender': 'male', 'name': {'title': 'Mr', 'first': 'Rayaan', 'last': 'Mathew'}, 'location': {'street': {'number': 26, 'name': 'MG Rd Bangalore'}, 'city': 'Kottayam', 'state': 'Maharashtra', 'country': 'India', 'postcode': 56781, 'coordinates': {'latitude': '6.5118', 'longitude': '-176.3960'}, 'timezone': {'offset': '+9:30', 'description': 'Adelaide, Darwin'}}, 'email': 'rayaan.mathew@example.com', 'login': {'uuid': 'c8e08898-cb89-463d-9d2b-8dd880b83eaa', 'username': 'blackpeacock580', 'password': 'stuart', 'salt': 'YSGLAnYv', 'md5': '6c8991aabef8a65c54454d966735838a', 'sha1': '9b353902d07c39b720804382e4911a3a5df35ce7', 'sha256': 'a9714dca01c88e78c40fdb49e9e9a5a379eb75db51b48e2a7521f13f6cf8e7c5'}, 'dob': {'date': '1993-08-24T21:28:44.521Z', 'age': 30}, 'registered': {'date': '2019-11-13T00:43:21.945Z', 'age': 4}, 'phone': '8075296673', 'cell': '9328867819', 'id': {'name': 'UIDAI', 'value': '963966195343'}, 'picture': {'large': 'https://randomuser.me/api/portraits/men/54.jpg', 'medium': 'https://randomuser.me/api/portraits/med/men/54.jpg', 'thumbnail': 'https://randomuser.me/api/portraits/thumb/men/54.jpg'}, 'nat': 'IN'}], 'info': {'seed': '4c148190ddd437f4', 'results': 1, 'page': 1, 'version': '1.4'}}</msg>
<arg>${json_data}</arg>
<doc>Logs the given message with the given level.</doc>
<status status="PASS" start="2024-04-11T20:15:01.483738" elapsed="0.000203"/>
</kw>
<kw name="Should Be String" owner="String">
<arg>${json_data['results'][0]['gender']}</arg>
<doc>Fails if the given ``item`` is not a string.</doc>
<status status="PASS" start="2024-04-11T20:15:01.484271" elapsed="0.000400"/>
</kw>
<kw name="Should Match Regexp" owner="BuiltIn">
<arg>${json_data['results'][0]['email']}</arg>
<arg>^[a-zA-Z0-9._%+-]+@[a-zA-Z0-9.-]+\.[a-zA-Z]{2,}$</arg>
<doc>Fails if ``string`` does not match ``pattern`` as a regular expression.</doc>
<status status="PASS" start="2024-04-11T20:15:01.484865" elapsed="0.000510"/>
</kw>
<kw name="Should Match Regexp" owner="BuiltIn">
<arg>${json_data['results'][0]['dob']['date']}</arg>
<arg>\\d{4}-\\d{2}-\\d{2}T\\d{2}:\\d{2}:\\d{2}\\.\\d{3}Z</arg>
<doc>Fails if ``string`` does not match ``pattern`` as a regular expression.</doc>
<status status="PASS" start="2024-04-11T20:15:01.485572" elapsed="0.000491"/>
</kw>
<kw name="Should Match Regexp" owner="BuiltIn">
<arg>${json_data['results'][0]['registered']['date']}</arg>
<arg>\\d{4}-\\d{2}-\\d{2}T\\d{2}:\\d{2}:\\d{2}\\.\\d{3}Z</arg>
<doc>Fails if ``string`` does not match ``pattern`` as a regular expression.</doc>
<status status="PASS" start="2024-04-11T20:15:01.486260" elapsed="0.000376"/>
</kw>
<kw name="Should Match Regexp" owner="BuiltIn">
<arg>${json_data['results'][0]['picture']['large']}</arg>
<arg>^https?://.*\.(?:png|jpe?g|gif|bmp)$</arg>
<doc>Fails if ``string`` does not match ``pattern`` as a regular expression.</doc>
<status status="PASS" start="2024-04-11T20:15:01.486825" elapsed="0.000460"/>
</kw>
<kw name="Should Match Regexp" owner="BuiltIn">
<arg>${json_data['results'][0]['picture']['medium']}</arg>
<arg>^https?://.*\.(?:png|jpe?g|gif|bmp)$</arg>
<doc>Fails if ``string`` does not match ``pattern`` as a regular expression.</doc>
<status status="PASS" start="2024-04-11T20:15:01.487476" elapsed="0.000360"/>
</kw>
<kw name="Should Match Regexp" owner="BuiltIn">
<arg>${json_data['results'][0]['picture']['thumbnail']}</arg>
<arg>^https?://.*\.(?:png|jpe?g|gif|bmp)$</arg>
<doc>Fails if ``string`` does not match ``pattern`` as a regular expression.</doc>
<status status="PASS" start="2024-04-11T20:15:01.488020" elapsed="0.000383"/>
</kw>
<kw name="Log" owner="BuiltIn">
<msg time="2024-04-11T20:15:01.488920" level="INFO">{'large': 'https://randomuser.me/api/portraits/men/54.jpg', 'medium': 'https://randomuser.me/api/portraits/med/men/54.jpg', 'thumbnail': 'https://randomuser.me/api/portraits/thumb/men/54.jpg'}</msg>
<arg>${json_data['results'][0]['picture']}</arg>
<doc>Logs the given message with the given level.</doc>
<status status="PASS" start="2024-04-11T20:15:01.488588" elapsed="0.000374"/>
</kw>
<status status="PASS" start="2024-04-11T20:15:01.209593" elapsed="0.279628"/>
</kw>
<kw name="Teste de Tipos de Dados - Postcode" owner="random-user-service">
<kw name="GET On Session" owner="RequestsLibrary">
<msg time="2024-04-11T20:15:01.543572" level="INFO">GET Request : url=https://randomuser.me/api 
 path_url=/api 
 headers={'User-Agent': 'python-requests/2.31.0', 'Accept-Encoding': 'gzip, deflate', 'Accept': '*/*', 'Connection': 'keep-alive'} 
 body=None 
 </msg>
<msg time="2024-04-11T20:15:01.543636" level="INFO">GET Response : url=https://randomuser.me/api 
 status=200, reason=OK 
 headers={'Date': 'Thu, 11 Apr 2024 20:15:01 GMT', 'Content-Type': 'application/json; charset=utf-8', 'Transfer-Encoding': 'chunked', 'Connection': 'keep-alive', 'X-Powered-By': 'Express', 'Access-Control-Allow-Origin': '*', 'Cache-Control': 'no-cache', 'ETag': 'W/"491-5b7qh17+R21sfomxJQ99rnSeVOc"', 'Vary': 'Accept-Encoding', 'Content-Encoding': 'gzip', 'CF-Cache-Status': 'DYNAMIC', 'Report-To': '{"endpoints":[{"url":"https:\\/\\/a.nel.cloudflare.com\\/report\\/v4?s=riscRgVh%2Bzz0aqCAaIhu7dsmWGAYOAfI0hI25d15utnP28PT74mm3ITUUwrfTAU8LXyRL548Ufu2qEnbsA7t4UFsypcoIm1qVWGtIrbEJ07Q50wZEEpju00QDOXEPCUN"}],"group":"cf-nel","max_age":604800}', 'NEL': '{"success_fraction":0,"report_to":"cf-nel","max_age":604800}', 'Server': 'cloudflare', 'CF-RAY': '872da57259b2206c-IAD', 'alt-svc': 'h3=":443"; ma=86400'} 
 body={"results":[{"gender":"male","name":{"title":"Mr","first":"Tomas","last":"Márquez"},"location":{"street":{"number":6765,"name":"Avenida de Burgos"},"city":"Logroño","state":"Asturias","country":"Spain","postcode":16066,"coordinates":{"latitude":"-38.5616","longitude":"-149.8652"},"timezone":{"offset":"+5:30","description":"Bombay, Calcutta, Madras, New Delhi"}},"email":"tomas.marquez@example.com","login":{"uuid":"f8ba0721-5586-4443-9ff9-c2a583f73585","username":"whitemeercat817","password":"windmill","salt":"xuFzqpoJ","md5":"86bb597524a96f08fb6aec7bdb2a4b57","sha1":"05b10a28c9a6573be42e012cf571b79fbbde83fa","sha256":"5fa20677463c9bb8ba1ec06995849389b7d6a873e4697e3522007175448a2997"},"dob":{"date":"1954-10-14T07:03:32.257Z","age":69},"registered":{"date":"2014-11-25T23:04:43.370Z","age":9},"phone":"952-941-353","cell":"666-489-579","id":{"name":"DNI","value":"18093140-G"},"picture":{"large":"https://randomuser.me/api/portraits/men/31.jpg","medium":"https://randomuser.me/api/portraits/med/men/31.jpg","thumbnail":"https://randomuser.me/api/portraits/thumb/men/31.jpg"},"nat":"ES"}],"info":{"seed":"5a2f641204b871c5","results":1,"page":1,"version":"1.4"}} 
 </msg>
<msg time="2024-04-11T20:15:01.543705" level="INFO">/opt/hostedtoolcache/Python/3.12.2/x64/lib/python3.12/site-packages/urllib3/connectionpool.py:1103: InsecureRequestWarning: Unverified HTTPS request is being made to host 'randomuser.me'. Adding certificate verification is strongly advised. See: https://urllib3.readthedocs.io/en/latest/advanced-usage.html#tls-warnings
  warnings.warn(</msg>
<msg time="2024-04-11T20:15:01.543794" level="INFO">${response} = &lt;Response [200]&gt;</msg>
<var>${response}</var>
<arg>consultarAPI</arg>
<arg>/api</arg>
<doc>Sends a GET request on a previously created HTTP Session.</doc>
<status status="PASS" start="2024-04-11T20:15:01.489685" elapsed="0.054148"/>
</kw>
<kw name="Set Variable" owner="BuiltIn">
<msg time="2024-04-11T20:15:01.544889" level="INFO">${json_data} = {'results': [{'gender': 'male', 'name': {'title': 'Mr', 'first': 'Tomas', 'last': 'Márquez'}, 'location': {'street': {'number': 6765, 'name': 'Avenida de Burgos'}, 'city': 'Logroño', 'state': 'Asturia...</msg>
<var>${json_data}</var>
<arg>${response.json()}</arg>
<doc>Returns the given values which can then be assigned to a variables.</doc>
<status status="PASS" start="2024-04-11T20:15:01.544320" elapsed="0.000599"/>
</kw>
<kw name="Log" owner="BuiltIn">
<msg time="2024-04-11T20:15:01.545388" level="INFO">{'results': [{'gender': 'male', 'name': {'title': 'Mr', 'first': 'Tomas', 'last': 'Márquez'}, 'location': {'street': {'number': 6765, 'name': 'Avenida de Burgos'}, 'city': 'Logroño', 'state': 'Asturias', 'country': 'Spain', 'postcode': 16066, 'coordinates': {'latitude': '-38.5616', 'longitude': '-149.8652'}, 'timezone': {'offset': '+5:30', 'description': 'Bombay, Calcutta, Madras, New Delhi'}}, 'email': 'tomas.marquez@example.com', 'login': {'uuid': 'f8ba0721-5586-4443-9ff9-c2a583f73585', 'username': 'whitemeercat817', 'password': 'windmill', 'salt': 'xuFzqpoJ', 'md5': '86bb597524a96f08fb6aec7bdb2a4b57', 'sha1': '05b10a28c9a6573be42e012cf571b79fbbde83fa', 'sha256': '5fa20677463c9bb8ba1ec06995849389b7d6a873e4697e3522007175448a2997'}, 'dob': {'date': '1954-10-14T07:03:32.257Z', 'age': 69}, 'registered': {'date': '2014-11-25T23:04:43.370Z', 'age': 9}, 'phone': '952-941-353', 'cell': '666-489-579', 'id': {'name': 'DNI', 'value': '18093140-G'}, 'picture': {'large': 'https://randomuser.me/api/portraits/men/31.jpg', 'medium': 'https://randomuser.me/api/portraits/med/men/31.jpg', 'thumbnail': 'https://randomuser.me/api/portraits/thumb/men/31.jpg'}, 'nat': 'ES'}], 'info': {'seed': '5a2f641204b871c5', 'results': 1, 'page': 1, 'version': '1.4'}}</msg>
<arg>${json_data}</arg>
<doc>Logs the given message with the given level.</doc>
<status status="PASS" start="2024-04-11T20:15:01.545230" elapsed="0.000207"/>
</kw>
<kw name="Should Be Equal As Numbers" owner="BuiltIn">
<arg>${json_data['results'][0]['location']['postcode']}</arg>
<arg>${json_data['results'][0]['location']['postcode']}</arg>
<doc>Fails if objects are unequal after converting them to real numbers.</doc>
<status status="PASS" start="2024-04-11T20:15:01.545735" elapsed="0.000659"/>
</kw>
<kw name="Log" owner="BuiltIn">
<msg time="2024-04-11T20:15:01.546936" level="INFO">16066</msg>
<arg>${json_data['results'][0]['location']['postcode']}</arg>
<doc>Logs the given message with the given level.</doc>
<status status="PASS" start="2024-04-11T20:15:01.546598" elapsed="0.000378"/>
</kw>
<status status="PASS" start="2024-04-11T20:15:01.489446" elapsed="0.057787"/>
</kw>
<doc>Testa se os tipos de dados na resposta da API estão corretos.</doc>
<tag>testeTiposDados</tag>
<status status="PASS" start="2024-04-11T20:15:01.209166" elapsed="0.338234"/>
</test>
<test id="s1-s1-t5" name="Validar conteudo" line="35">
<kw name="Teste de Tipos de Conteudo" owner="random-user-service">
<kw name="GET On Session" owner="RequestsLibrary">
<msg time="2024-04-11T20:15:01.679337" level="INFO">GET Request : url=https://randomuser.me/api 
 path_url=/api 
 headers={'User-Agent': 'python-requests/2.31.0', 'Accept-Encoding': 'gzip, deflate', 'Accept': '*/*', 'Connection': 'keep-alive'} 
 body=None 
 </msg>
<msg time="2024-04-11T20:15:01.679428" level="INFO">GET Response : url=https://randomuser.me/api 
 status=200, reason=OK 
 headers={'Date': 'Thu, 11 Apr 2024 20:15:01 GMT', 'Content-Type': 'application/json; charset=utf-8', 'Transfer-Encoding': 'chunked', 'Connection': 'keep-alive', 'X-Powered-By': 'Express', 'Access-Control-Allow-Origin': '*', 'Cache-Control': 'no-cache', 'ETag': 'W/"492-upgvS5BB1ayUSsKyMVRp846/YDc"', 'Vary': 'Accept-Encoding', 'Content-Encoding': 'gzip', 'CF-Cache-Status': 'DYNAMIC', 'Report-To': '{"endpoints":[{"url":"https:\\/\\/a.nel.cloudflare.com\\/report\\/v4?s=lYUX8Jsx%2B2jZ%2FaabMhODJZSMyJ81cG5Ngx5tx34%2FGP6k%2BLxpbpfLX%2BfloMpGFHnFbnNy6DvDSm%2FkDCEHnGeyanL5HZXFjp6roSoasyT82Gm0SxiJi%2FG5X4s%2BFzOgkkL5"}],"group":"cf-nel","max_age":604800}', 'NEL': '{"success_fraction":0,"report_to":"cf-nel","max_age":604800}', 'Server': 'cloudflare', 'CF-RAY': '872da572ba44206c-IAD', 'alt-svc': 'h3=":443"; ma=86400'} 
 body={"results":[{"gender":"female","name":{"title":"Mrs","first":"June","last":"Flores"},"location":{"street":{"number":4110,"name":"Fairview St"},"city":"North Las Vegas","state":"Arkansas","country":"United States","postcode":68503,"coordinates":{"latitude":"87.0037","longitude":"109.0635"},"timezone":{"offset":"-12:00","description":"Eniwetok, Kwajalein"}},"email":"june.flores@example.com","login":{"uuid":"84a06491-a434-4466-b565-df3ae788fd9f","username":"goldensnake990","password":"giorgio","salt":"pmrrzASu","md5":"6f242284d72ef994bfc18f06f7892496","sha1":"c97f90a0e5fdc5b70c53650d7ade3e0afdd236e9","sha256":"6da850c54021e911aeb467470c72b59867eba57bbfaa38254f901832e6b8af0b"},"dob":{"date":"1957-09-14T22:11:36.081Z","age":66},"registered":{"date":"2014-12-26T16:57:31.122Z","age":9},"phone":"(555) 985-9730","cell":"(807) 984-7317","id":{"name":"SSN","value":"421-99-4527"},"picture":{"large":"https://randomuser.me/api/portraits/women/85.jpg","medium":"https://randomuser.me/api/portraits/med/women/85.jpg","thumbnail":"https://randomuser.me/api/portraits/thumb/women/85.jpg"},"nat":"US"}],"info":{"seed":"d064e65e2ec7435d","results":1,"page":1,"version":"1.4"}} 
 </msg>
<msg time="2024-04-11T20:15:01.679516" level="INFO">/opt/hostedtoolcache/Python/3.12.2/x64/lib/python3.12/site-packages/urllib3/connectionpool.py:1103: InsecureRequestWarning: Unverified HTTPS request is being made to host 'randomuser.me'. Adding certificate verification is strongly advised. See: https://urllib3.readthedocs.io/en/latest/advanced-usage.html#tls-warnings
  warnings.warn(</msg>
<msg time="2024-04-11T20:15:01.679639" level="INFO">${response} = &lt;Response [200]&gt;</msg>
<var>${response}</var>
<arg>consultarAPI</arg>
<arg>/api</arg>
<doc>Sends a GET request on a previously created HTTP Session.</doc>
<status status="PASS" start="2024-04-11T20:15:01.549850" elapsed="0.129828"/>
</kw>
<kw name="Set Variable" owner="BuiltIn">
<msg time="2024-04-11T20:15:01.680902" level="INFO">${json_data} = {'results': [{'gender': 'female', 'name': {'title': 'Mrs', 'first': 'June', 'last': 'Flores'}, 'location': {'street': {'number': 4110, 'name': 'Fairview St'}, 'city': 'North Las Vegas', 'state': 'Arka...</msg>
<var>${json_data}</var>
<arg>${response.json()}</arg>
<doc>Returns the given values which can then be assigned to a variables.</doc>
<status status="PASS" start="2024-04-11T20:15:01.680163" elapsed="0.000787"/>
</kw>
<kw name="Set Variable" owner="BuiltIn">
<msg time="2024-04-11T20:15:01.682010" level="INFO">${name_title} = Mrs</msg>
<var>${name_title}</var>
<arg>${json_data["results"][0]["name"]["title"]}</arg>
<doc>Returns the given values which can then be assigned to a variables.</doc>
<status status="PASS" start="2024-04-11T20:15:01.681399" elapsed="0.000662"/>
</kw>
<kw name="Create List" owner="BuiltIn">
<msg time="2024-04-11T20:15:01.682755" level="INFO">${allowed_titles} = ['Mr', 'Ms', 'Miss', 'Mrs', 'Madame', 'Monsieur']</msg>
<var>${allowed_titles}</var>
<arg>Mr</arg>
<arg>Ms</arg>
<arg>Miss</arg>
<arg>Mrs</arg>
<arg>Madame</arg>
<arg>Monsieur</arg>
<doc>Returns a list containing given items.</doc>
<status status="PASS" start="2024-04-11T20:15:01.682501" elapsed="0.000296"/>
</kw>
<kw name="List Should Contain Value" owner="Collections">
<msg time="2024-04-11T20:15:01.683558" level="INFO">False</msg>
<arg>${allowed_titles}</arg>
<arg>${name_title}</arg>
<doc>Fails if the ``value`` is not found from ``list``.</doc>
<status status="PASS" start="2024-04-11T20:15:01.683265" elapsed="0.000353"/>
</kw>
<kw name="Set Variable" owner="BuiltIn">
<msg time="2024-04-11T20:15:01.684735" level="INFO">${name_country} = US</msg>
<var>${name_country}</var>
<arg>${json_data["results"][0]["nat"]}</arg>
<doc>Returns the given values which can then be assigned to a variables.</doc>
<status status="PASS" start="2024-04-11T20:15:01.684069" elapsed="0.000706"/>
</kw>
<kw name="Create List" owner="BuiltIn">
<msg time="2024-04-11T20:15:01.686484" level="INFO">${list_country} = ['AD', 'AE', 'AF', 'AG', 'AI', 'AL', 'AM', 'AO', 'AQ', 'AR', 'AS', 'AT', 'AU', 'AW', 'AX', 'AZ', 'BA', 'BB', 'BD', 'BE', 'BF', 'BG', 'BH', 'BI', 'BJ', 'BL', 'BM', 'BN', 'BO', 'BQ', 'BR', 'BS', 'BT', '...</msg>
<var>${list_country}</var>
<arg>AD</arg>
<arg>AE</arg>
<arg>AF</arg>
<arg>AG</arg>
<arg>AI</arg>
<arg>AL</arg>
<arg>AM</arg>
<arg>AO</arg>
<arg>AQ</arg>
<arg>AR</arg>
<arg>AS</arg>
<arg>AT</arg>
<arg>AU</arg>
<arg>AW</arg>
<arg>AX</arg>
<arg>AZ</arg>
<arg>BA</arg>
<arg>BB</arg>
<arg>BD</arg>
<arg>BE</arg>
<arg>BF</arg>
<arg>BG</arg>
<arg>BH</arg>
<arg>BI</arg>
<arg>BJ</arg>
<arg>BL</arg>
<arg>BM</arg>
<arg>BN</arg>
<arg>BO</arg>
<arg>BQ</arg>
<arg>BR</arg>
<arg>BS</arg>
<arg>BT</arg>
<arg>BV</arg>
<arg>BW</arg>
<arg>BY</arg>
<arg>BZ</arg>
<arg>CA</arg>
<arg>CC</arg>
<arg>CD</arg>
<arg>CF</arg>
<arg>CG</arg>
<arg>CH</arg>
<arg>CI</arg>
<arg>CK</arg>
<arg>CL</arg>
<arg>CM</arg>
<arg>CN</arg>
<arg>CO</arg>
<arg>CR</arg>
<arg>CU</arg>
<arg>CV</arg>
<arg>CW</arg>
<arg>CX</arg>
<arg>CY</arg>
<arg>CZ</arg>
<arg>DE</arg>
<arg>DJ</arg>
<arg>DK</arg>
<arg>DM</arg>
<arg>DO</arg>
<arg>DZ</arg>
<arg>EC</arg>
<arg>EE</arg>
<arg>EG</arg>
<arg>EH</arg>
<arg>ER</arg>
<arg>ES</arg>
<arg>ET</arg>
<arg>FI</arg>
<arg>FJ</arg>
<arg>FK</arg>
<arg>FM</arg>
<arg>FO</arg>
<arg>FR</arg>
<arg>GA</arg>
<arg>GB</arg>
<arg>GD</arg>
<arg>GE</arg>
<arg>GF</arg>
<arg>GG</arg>
<arg>GH</arg>
<arg>GI</arg>
<arg>GL</arg>
<arg>GM</arg>
<arg>GN</arg>
<arg>GP</arg>
<arg>GQ</arg>
<arg>GR</arg>
<arg>GS</arg>
<arg>GT</arg>
<arg>GU</arg>
<arg>GW</arg>
<arg>GY</arg>
<arg>HK</arg>
<arg>HM</arg>
<arg>HN</arg>
<arg>HR</arg>
<arg>HT</arg>
<arg>HU</arg>
<arg>ID</arg>
<arg>IE</arg>
<arg>IL</arg>
<arg>IM</arg>
<arg>IN</arg>
<arg>IO</arg>
<arg>IQ</arg>
<arg>IR</arg>
<arg>IS</arg>
<arg>IT</arg>
<arg>JE</arg>
<arg>JM</arg>
<arg>JO</arg>
<arg>JP</arg>
<arg>KE</arg>
<arg>KG</arg>
<arg>KH</arg>
<arg>KI</arg>
<arg>KM</arg>
<arg>KN</arg>
<arg>KP</arg>
<arg>KR</arg>
<arg>KW</arg>
<arg>KY</arg>
<arg>KZ</arg>
<arg>LA</arg>
<arg>LB</arg>
<arg>LC</arg>
<arg>LI</arg>
<arg>LK</arg>
<arg>LR</arg>
<arg>LS</arg>
<arg>LT</arg>
<arg>LU</arg>
<arg>LV</arg>
<arg>LY</arg>
<arg>MA</arg>
<arg>MC</arg>
<arg>MD</arg>
<arg>ME</arg>
<arg>MF</arg>
<arg>MG</arg>
<arg>MH</arg>
<arg>MK</arg>
<arg>ML</arg>
<arg>MM</arg>
<arg>MN</arg>
<arg>MO</arg>
<arg>MP</arg>
<arg>MQ</arg>
<arg>MR</arg>
<arg>MS</arg>
<arg>MT</arg>
<arg>MU</arg>
<arg>MV</arg>
<arg>MW</arg>
<arg>MX</arg>
<arg>MY</arg>
<arg>MZ</arg>
<arg>NA</arg>
<arg>NC</arg>
<arg>NE</arg>
<arg>NF</arg>
<arg>NG</arg>
<arg>NI</arg>
<arg>NL</arg>
<arg>NO</arg>
<arg>NP</arg>
<arg>NR</arg>
<arg>NU</arg>
<arg>NZ</arg>
<arg>OM</arg>
<arg>PA</arg>
<arg>PE</arg>
<arg>PF</arg>
<arg>PG</arg>
<arg>PH</arg>
<arg>PK</arg>
<arg>PL</arg>
<arg>PM</arg>
<arg>PN</arg>
<arg>PR</arg>
<arg>PS</arg>
<arg>PT</arg>
<arg>PW</arg>
<arg>PY</arg>
<arg>QA</arg>
<arg>RE</arg>
<arg>RO</arg>
<arg>RS</arg>
<arg>RU</arg>
<arg>RW</arg>
<arg>SA</arg>
<arg>SB</arg>
<arg>SC</arg>
<arg>SD</arg>
<arg>SE</arg>
<arg>SG</arg>
<arg>SH</arg>
<arg>SI</arg>
<arg>SJ</arg>
<arg>SK</arg>
<arg>SL</arg>
<arg>SM</arg>
<arg>SN</arg>
<arg>SO</arg>
<arg>SR</arg>
<arg>SS</arg>
<arg>ST</arg>
<arg>SV</arg>
<arg>SX</arg>
<arg>SY</arg>
<arg>SZ</arg>
<arg>TC</arg>
<arg>TD</arg>
<arg>TF</arg>
<arg>TG</arg>
<arg>TH</arg>
<arg>TJ</arg>
<arg>TK</arg>
<arg>TL</arg>
<arg>TM</arg>
<arg>TN</arg>
<arg>TO</arg>
<arg>TR</arg>
<arg>TT</arg>
<arg>TV</arg>
<arg>TW</arg>
<arg>TZ</arg>
<arg>UA</arg>
<arg>UG</arg>
<arg>UM</arg>
<arg>US</arg>
<arg>UY</arg>
<arg>UZ</arg>
<arg>VA</arg>
<arg>VC</arg>
<arg>VE</arg>
<arg>VG</arg>
<arg>VI</arg>
<arg>VN</arg>
<arg>VU</arg>
<arg>WF</arg>
<arg>WS</arg>
<arg>XK</arg>
<arg>YE</arg>
<arg>YT</arg>
<arg>ZA</arg>
<arg>ZM</arg>
<arg>ZW</arg>
<doc>Returns a list containing given items.</doc>
<status status="PASS" start="2024-04-11T20:15:01.685254" elapsed="0.001279"/>
</kw>
<kw name="List Should Contain Value" owner="Collections">
<msg time="2024-04-11T20:15:01.688403" level="INFO">False</msg>
<arg>${list_country}</arg>
<arg>${name_country}</arg>
<doc>Fails if the ``value`` is not found from ``list``.</doc>
<status status="PASS" start="2024-04-11T20:15:01.688009" elapsed="0.000459"/>
</kw>
<kw name="Run Keyword If" owner="BuiltIn">
<kw name="Should Be True" owner="BuiltIn">
<arg>${True}</arg>
<doc>Fails if the given condition is not true.</doc>
<status status="PASS" start="2024-04-11T20:15:01.690375" elapsed="0.000238"/>
</kw>
<arg>${json_data["results"][0]["location"]["coordinates"]["latitude"]} &gt;= -90 and ${json_data["results"][0]["location"]["coordinates"]["latitude"]} &lt;= 90</arg>
<arg>Should Be True</arg>
<arg>${True}</arg>
<doc>Runs the given keyword with the given arguments, if ``condition`` is true.</doc>
<status status="PASS" start="2024-04-11T20:15:01.688936" elapsed="0.001899"/>
</kw>
<kw name="Run Keyword If" owner="BuiltIn">
<kw name="Should Be True" owner="BuiltIn">
<arg>${True}</arg>
<doc>Fails if the given condition is not true.</doc>
<status status="PASS" start="2024-04-11T20:15:01.692381" elapsed="0.000230"/>
</kw>
<arg>${json_data["results"][0]["location"]["coordinates"]["longitude"]} &gt;= -180 and ${json_data["results"][0]["location"]["coordinates"]["longitude"]} &lt;= 180</arg>
<arg>Should Be True</arg>
<arg>${True}</arg>
<doc>Runs the given keyword with the given arguments, if ``condition`` is true.</doc>
<status status="PASS" start="2024-04-11T20:15:01.691144" elapsed="0.001701"/>
</kw>
<status status="PASS" start="2024-04-11T20:15:01.549630" elapsed="0.143434"/>
</kw>
<doc>Testa o conteúdo específico dos campos retornados pela API.</doc>
<tag>testeConteudo</tag>
<status status="PASS" start="2024-04-11T20:15:01.549195" elapsed="0.144133"/>
</test>
<status status="PASS" start="2024-04-11T20:15:00.711976" elapsed="0.984842"/>
</suite>
<status status="PASS" start="2024-04-11T20:15:00.698391" elapsed="1.005354"/>
</suite>
<statistics>
<total>
<stat pass="5" fail="0" skip="0">All Tests</stat>
</total>
<tag>
<stat pass="1" fail="0" skip="0">testeConteudo</stat>
<stat pass="1" fail="0" skip="0">testeEstruturaResposta</stat>
<stat pass="1" fail="0" skip="0">testeRequisicaoBasica</stat>
<stat pass="1" fail="0" skip="0">testeTiposDados</stat>
</tag>
<suite>
<stat pass="5" fail="0" skip="0" id="s1" name="Tests">Tests</stat>
<stat pass="5" fail="0" skip="0" id="s1-s1" name="Random-User-Test">Tests.Random-User-Test</stat>
</suite>
</statistics>
<errors>
</errors>
</robot>
