<?xml version="1.0" encoding="UTF-8"?>
<robot generator="Robot 7.0 (Python 3.12.3 on linux)" generated="2024-04-27T20:13:30.979912" rpa="false" schemaversion="5">
<suite id="s1" name="Tests" source="/home/runner/work/DesafioQAItauRogerioJordao/DesafioQAItauRogerioJordao/RamdonUser/tests">
<suite id="s1-s1" name="Random-User-Test" source="/home/runner/work/DesafioQAItauRogerioJordao/DesafioQAItauRogerioJordao/RamdonUser/tests/random-user-test.robot">
<test id="s1-s1-t1" name="Conectar" line="13">
<kw name="Conectar API" owner="random-user-service">
<kw name="Create Session" owner="RequestsLibrary">
<msg time="2024-04-27T20:13:31.342835" level="INFO">Creating Session using : alias=consultarAPI, url=https://randomuser.me/, headers={},                     cookies={}, auth=None, timeout=None, proxies=None, verify=False,                     debug=0 </msg>
<arg>consultarAPI</arg>
<arg>${URL}</arg>
<doc>Create Session: create a HTTP session to a server</doc>
<status status="PASS" start="2024-04-27T20:13:31.342639" elapsed="0.000363"/>
</kw>
<status status="PASS" start="2024-04-27T20:13:31.341709" elapsed="0.001642"/>
</kw>
<status status="PASS" start="2024-04-27T20:13:31.341200" elapsed="0.002345"/>
</test>
<test id="s1-s1-t2" name="Validar retorno 200 e JSON Válido" line="16">
<kw name="Teste de Requisicao Basica" owner="random-user-service">
<kw name="GET On Session" owner="RequestsLibrary">
<msg time="2024-04-27T20:13:31.419965" level="INFO">GET Request : url=https://randomuser.me/api 
 path_url=/api 
 headers={'User-Agent': 'python-requests/2.31.0', 'Accept-Encoding': 'gzip, deflate', 'Accept': '*/*', 'Connection': 'keep-alive'} 
 body=None 
 </msg>
<msg time="2024-04-27T20:13:31.420095" level="INFO">GET Response : url=https://randomuser.me/api 
 status=200, reason=OK 
 headers={'Date': 'Sat, 27 Apr 2024 20:13:31 GMT', 'Content-Type': 'application/json; charset=utf-8', 'Transfer-Encoding': 'chunked', 'Connection': 'keep-alive', 'X-Powered-By': 'Express', 'Access-Control-Allow-Origin': '*', 'Cache-Control': 'no-cache', 'ETag': 'W/"491-Gzzdf+mPOUkW5bW9fEPwjjO30x8"', 'Vary': 'Accept-Encoding', 'Content-Encoding': 'gzip', 'CF-Cache-Status': 'DYNAMIC', 'Report-To': '{"endpoints":[{"url":"https:\\/\\/a.nel.cloudflare.com\\/report\\/v4?s=cAqF3Se%2B7fCsrt9L2LGG5LcKw0kBx1YFY%2BzXAbWgAuZsizLWXBsXStTmCHI1pban%2FLc9TJCIaj71InH%2FJM%2Bznb50lAkFv7J96GVmK1vE4kEYYi4v8xCH8j5aXBiq%2Fylu"}],"group":"cf-nel","max_age":604800}', 'NEL': '{"success_fraction":0,"report_to":"cf-nel","max_age":604800}', 'Server': 'cloudflare', 'CF-RAY': '87b1793f1f415b34-IAD', 'alt-svc': 'h3=":443"; ma=86400'} 
 body={"results":[{"gender":"female","name":{"title":"Mrs","first":"Jen","last":"Berry"},"location":{"street":{"number":2994,"name":"Windsor Road"},"city":"Ely","state":"Surrey","country":"United Kingdom","postcode":"J4 8ZJ","coordinates":{"latitude":"-4.5684","longitude":"98.2088"},"timezone":{"offset":"+10:00","description":"Eastern Australia, Guam, Vladivostok"}},"email":"jen.berry@example.com","login":{"uuid":"71af4f5d-7d21-49af-8f00-3d70d0092277","username":"angryduck867","password":"1948","salt":"3jfMO7I9","md5":"a3e4029d2b5164cc219e213a07e9819c","sha1":"79cdb66df566156257e28e581a5e68267c55d16e","sha256":"4d38a46db5fdd66d4d2295ed8e5fe8e58e7dae32811dbbc4ef99130caada67bd"},"dob":{"date":"1972-07-14T14:48:29.024Z","age":51},"registered":{"date":"2002-08-24T15:23:00.960Z","age":21},"phone":"0131 889 5927","cell":"07962 943757","id":{"name":"NINO","value":"KL 92 23 08 T"},"picture":{"large":"https://randomuser.me/api/portraits/women/83.jpg","medium":"https://randomuser.me/api/portraits/med/women/83.jpg","thumbnail":"https://randomuser.me/api/portraits/thumb/women/83.jpg"},"nat":"GB"}],"info":{"seed":"5fb46b6250a9215b","results":1,"page":1,"version":"1.4"}} 
 </msg>
<msg time="2024-04-27T20:13:31.420183" level="INFO">/opt/hostedtoolcache/Python/3.12.3/x64/lib/python3.12/site-packages/urllib3/connectionpool.py:1103: InsecureRequestWarning: Unverified HTTPS request is being made to host 'randomuser.me'. Adding certificate verification is strongly advised. See: https://urllib3.readthedocs.io/en/latest/advanced-usage.html#tls-warnings
  warnings.warn(</msg>
<msg time="2024-04-27T20:13:31.420324" level="INFO">${response} = &lt;Response [200]&gt;</msg>
<var>${response}</var>
<arg>consultarAPI</arg>
<arg>/api</arg>
<doc>Sends a GET request on a previously created HTTP Session.</doc>
<status status="PASS" start="2024-04-27T20:13:31.346144" elapsed="0.074231"/>
</kw>
<kw name="Should Be Equal As Numbers" owner="BuiltIn">
<msg time="2024-04-27T20:13:31.421333" level="INFO">Argument types are:
&lt;class 'int'&gt;
&lt;class 'str'&gt;</msg>
<arg>${response.status_code}</arg>
<arg>200</arg>
<doc>Fails if objects are unequal after converting them to real numbers.</doc>
<status status="PASS" start="2024-04-27T20:13:31.420883" elapsed="0.000515"/>
</kw>
<kw name="Log" owner="BuiltIn">
<msg time="2024-04-27T20:13:31.422093" level="INFO">200</msg>
<arg>${response.status_code}</arg>
<doc>Logs the given message with the given level.</doc>
<status status="PASS" start="2024-04-27T20:13:31.421736" elapsed="0.000400"/>
</kw>
<kw name="Set Variable" owner="BuiltIn">
<msg time="2024-04-27T20:13:31.422878" level="INFO">${json_data} = {'results': [{'gender': 'female', 'name': {'title': 'Mrs', 'first': 'Jen', 'last': 'Berry'}, 'location': {'street': {'number': 2994, 'name': 'Windsor Road'}, 'city': 'Ely', 'state': 'Surrey', 'country...</msg>
<var>${json_data}</var>
<arg>${response.json()}</arg>
<doc>Returns the given values which can then be assigned to a variables.</doc>
<status status="PASS" start="2024-04-27T20:13:31.422440" elapsed="0.000466"/>
</kw>
<kw name="Dictionary Should Contain Key" owner="Collections">
<msg time="2024-04-27T20:13:31.423377" level="INFO">False</msg>
<arg>${json_data}</arg>
<arg>results</arg>
<doc>Fails if ``key`` is not found from ``dictionary``.</doc>
<status status="PASS" start="2024-04-27T20:13:31.423207" elapsed="0.000211"/>
</kw>
<status status="PASS" start="2024-04-27T20:13:31.345905" elapsed="0.077769"/>
</kw>
<doc>Testa se a API responde corretamente e retorna um objeto JSON válido.</doc>
<tag>testeRequisicaoBasica</tag>
<status status="PASS" start="2024-04-27T20:13:31.345446" elapsed="0.078401"/>
</test>
<test id="s1-s1-t3" name="Validar estrutura de resposta" line="22">
<kw name="Teste de Estrutura de Resposta" owner="random-user-service">
<kw name="GET On Session" owner="RequestsLibrary">
<msg time="2024-04-27T20:13:31.535075" level="INFO">GET Request : url=https://randomuser.me/api 
 path_url=/api 
 headers={'User-Agent': 'python-requests/2.31.0', 'Accept-Encoding': 'gzip, deflate', 'Accept': '*/*', 'Connection': 'keep-alive'} 
 body=None 
 </msg>
<msg time="2024-04-27T20:13:31.535142" level="INFO">GET Response : url=https://randomuser.me/api 
 status=200, reason=OK 
 headers={'Date': 'Sat, 27 Apr 2024 20:13:31 GMT', 'Content-Type': 'application/json; charset=utf-8', 'Transfer-Encoding': 'chunked', 'Connection': 'keep-alive', 'X-Powered-By': 'Express', 'Access-Control-Allow-Origin': '*', 'Cache-Control': 'no-cache', 'ETag': 'W/"4a8-JwzXgL0uW3VaISxrwgIVVT2fy6g"', 'Vary': 'Accept-Encoding', 'Content-Encoding': 'gzip', 'CF-Cache-Status': 'DYNAMIC', 'Report-To': '{"endpoints":[{"url":"https:\\/\\/a.nel.cloudflare.com\\/report\\/v4?s=oKgpCSbihSwtqat5dZSYrfbjNkN2uL%2FRgneA%2BGut3KSm%2BjM5oC4NW7KENRB0uoVcLfaePcZmqYAChGoQNp5raUnSh7fGIIYiNVZCJ2JMsflTvn%2FWZq1NgcuCQfVMc0tt"}],"group":"cf-nel","max_age":604800}', 'NEL': '{"success_fraction":0,"report_to":"cf-nel","max_age":604800}', 'Server': 'cloudflare', 'CF-RAY': '87b1793f7f805b34-IAD', 'alt-svc': 'h3=":443"; ma=86400'} 
 body={"results":[{"gender":"female","name":{"title":"Miss","first":"Sara","last":"Anttila"},"location":{"street":{"number":5050,"name":"Fredrikinkatu"},"city":"Kemijärvi","state":"Central Ostrobothnia","country":"Finland","postcode":33786,"coordinates":{"latitude":"-26.1441","longitude":"19.2640"},"timezone":{"offset":"-3:00","description":"Brazil, Buenos Aires, Georgetown"}},"email":"sara.anttila@example.com","login":{"uuid":"d0358141-4ed5-4d0b-b6e4-3f7569c15410","username":"goldenelephant988","password":"ultra","salt":"6Zw2aT7y","md5":"87b461631e885bc5b57ccd29a75f9bc7","sha1":"fed60bf81cdc67857280d7dabae2dea3498db1ba","sha256":"3741c964092f5e77d4050e2df2665acad59958d8a28c75835aa6f1b3c9a64505"},"dob":{"date":"1972-10-08T03:26:30.484Z","age":51},"registered":{"date":"2008-10-06T15:40:46.913Z","age":15},"phone":"06-703-200","cell":"040-315-53-57","id":{"name":"HETU","value":"NaNNA012undefined"},"picture":{"large":"https://randomuser.me/api/portraits/women/41.jpg","medium":"https://randomuser.me/api/portraits/med/women/41.jpg","thumbnail":"https://randomuser.me/api/portraits/thumb/women/41.jpg"},"nat":"FI"}],"info":{"seed":"d06cbc9fa3490834","results":1,"page":1,"version":"1.4"}} 
 </msg>
<msg time="2024-04-27T20:13:31.535236" level="INFO">/opt/hostedtoolcache/Python/3.12.3/x64/lib/python3.12/site-packages/urllib3/connectionpool.py:1103: InsecureRequestWarning: Unverified HTTPS request is being made to host 'randomuser.me'. Adding certificate verification is strongly advised. See: https://urllib3.readthedocs.io/en/latest/advanced-usage.html#tls-warnings
  warnings.warn(</msg>
<msg time="2024-04-27T20:13:31.535334" level="INFO">${response} = &lt;Response [200]&gt;</msg>
<var>${response}</var>
<arg>consultarAPI</arg>
<arg>/api</arg>
<doc>Sends a GET request on a previously created HTTP Session.</doc>
<status status="PASS" start="2024-04-27T20:13:31.426475" elapsed="0.108900"/>
</kw>
<kw name="Set Variable" owner="BuiltIn">
<msg time="2024-04-27T20:13:31.536404" level="INFO">${json_data} = {'results': [{'gender': 'female', 'name': {'title': 'Miss', 'first': 'Sara', 'last': 'Anttila'}, 'location': {'street': {'number': 5050, 'name': 'Fredrikinkatu'}, 'city': 'Kemijärvi', 'state': 'Centra...</msg>
<var>${json_data}</var>
<arg>${response.json()}</arg>
<doc>Returns the given values which can then be assigned to a variables.</doc>
<status status="PASS" start="2024-04-27T20:13:31.535833" elapsed="0.000602"/>
</kw>
<kw name="Log" owner="BuiltIn">
<msg time="2024-04-27T20:13:31.536905" level="INFO">{'results': [{'gender': 'female', 'name': {'title': 'Miss', 'first': 'Sara', 'last': 'Anttila'}, 'location': {'street': {'number': 5050, 'name': 'Fredrikinkatu'}, 'city': 'Kemijärvi', 'state': 'Central Ostrobothnia', 'country': 'Finland', 'postcode': 33786, 'coordinates': {'latitude': '-26.1441', 'longitude': '19.2640'}, 'timezone': {'offset': '-3:00', 'description': 'Brazil, Buenos Aires, Georgetown'}}, 'email': 'sara.anttila@example.com', 'login': {'uuid': 'd0358141-4ed5-4d0b-b6e4-3f7569c15410', 'username': 'goldenelephant988', 'password': 'ultra', 'salt': '6Zw2aT7y', 'md5': '87b461631e885bc5b57ccd29a75f9bc7', 'sha1': 'fed60bf81cdc67857280d7dabae2dea3498db1ba', 'sha256': '3741c964092f5e77d4050e2df2665acad59958d8a28c75835aa6f1b3c9a64505'}, 'dob': {'date': '1972-10-08T03:26:30.484Z', 'age': 51}, 'registered': {'date': '2008-10-06T15:40:46.913Z', 'age': 15}, 'phone': '06-703-200', 'cell': '040-315-53-57', 'id': {'name': 'HETU', 'value': 'NaNNA012undefined'}, 'picture': {'large': 'https://randomuser.me/api/portraits/women/41.jpg', 'medium': 'https://randomuser.me/api/portraits/med/women/41.jpg', 'thumbnail': 'https://randomuser.me/api/portraits/thumb/women/41.jpg'}, 'nat': 'FI'}], 'info': {'seed': 'd06cbc9fa3490834', 'results': 1, 'page': 1, 'version': '1.4'}}</msg>
<arg>${json_data}</arg>
<doc>Logs the given message with the given level.</doc>
<status status="PASS" start="2024-04-27T20:13:31.536745" elapsed="0.000209"/>
</kw>
<kw name="Dictionary Should Contain Key" owner="Collections">
<msg time="2024-04-27T20:13:31.537455" level="INFO">False</msg>
<arg>${json_data}</arg>
<arg>results</arg>
<doc>Fails if ``key`` is not found from ``dictionary``.</doc>
<status status="PASS" start="2024-04-27T20:13:31.537298" elapsed="0.000194"/>
</kw>
<kw name="Should Not Be Empty" owner="BuiltIn">
<msg time="2024-04-27T20:13:31.537920" level="INFO">Length is 2.</msg>
<arg>${json_data}</arg>
<doc>Verifies that the given item is not empty.</doc>
<status status="PASS" start="2024-04-27T20:13:31.537789" elapsed="0.000295"/>
</kw>
<kw name="Create List" owner="BuiltIn">
<msg time="2024-04-27T20:13:31.538532" level="INFO">${expected_keys} = ['gender', 'name', 'location', 'email', 'login']</msg>
<var>${expected_keys}</var>
<arg>gender</arg>
<arg>name</arg>
<arg>location</arg>
<arg>email</arg>
<arg>login</arg>
<doc>Returns a list containing given items.</doc>
<status status="PASS" start="2024-04-27T20:13:31.538380" elapsed="0.000176"/>
</kw>
<for flavor="IN">
<iter>
<kw name="Dictionary Should Contain Key" owner="Collections">
<msg time="2024-04-27T20:13:31.539522" level="INFO">False</msg>
<arg>${json_data['results'][0]}</arg>
<arg>${key}</arg>
<doc>Fails if ``key`` is not found from ``dictionary``.</doc>
<status status="PASS" start="2024-04-27T20:13:31.539124" elapsed="0.000436"/>
</kw>
<kw name="Log" owner="BuiltIn">
<msg time="2024-04-27T20:13:31.540241" level="INFO">{'gender': 'female', 'name': {'title': 'Miss', 'first': 'Sara', 'last': 'Anttila'}, 'location': {'street': {'number': 5050, 'name': 'Fredrikinkatu'}, 'city': 'Kemijärvi', 'state': 'Central Ostrobothnia', 'country': 'Finland', 'postcode': 33786, 'coordinates': {'latitude': '-26.1441', 'longitude': '19.2640'}, 'timezone': {'offset': '-3:00', 'description': 'Brazil, Buenos Aires, Georgetown'}}, 'email': 'sara.anttila@example.com', 'login': {'uuid': 'd0358141-4ed5-4d0b-b6e4-3f7569c15410', 'username': 'goldenelephant988', 'password': 'ultra', 'salt': '6Zw2aT7y', 'md5': '87b461631e885bc5b57ccd29a75f9bc7', 'sha1': 'fed60bf81cdc67857280d7dabae2dea3498db1ba', 'sha256': '3741c964092f5e77d4050e2df2665acad59958d8a28c75835aa6f1b3c9a64505'}, 'dob': {'date': '1972-10-08T03:26:30.484Z', 'age': 51}, 'registered': {'date': '2008-10-06T15:40:46.913Z', 'age': 15}, 'phone': '06-703-200', 'cell': '040-315-53-57', 'id': {'name': 'HETU', 'value': 'NaNNA012undefined'}, 'picture': {'large': 'https://randomuser.me/api/portraits/women/41.jpg', 'medium': 'https://randomuser.me/api/portraits/med/women/41.jpg', 'thumbnail': 'https://randomuser.me/api/portraits/thumb/women/41.jpg'}, 'nat': 'FI'}</msg>
<arg>${json_data['results'][0]}</arg>
<doc>Logs the given message with the given level.</doc>
<status status="PASS" start="2024-04-27T20:13:31.539874" elapsed="0.000416"/>
</kw>
<kw name="Log" owner="BuiltIn">
<msg time="2024-04-27T20:13:31.540716" level="INFO">gender</msg>
<arg>${key}</arg>
<doc>Logs the given message with the given level.</doc>
<status status="PASS" start="2024-04-27T20:13:31.540588" elapsed="0.000164"/>
</kw>
<var name="${key}">gender</var>
<status status="PASS" start="2024-04-27T20:13:31.538999" elapsed="0.001968"/>
</iter>
<iter>
<kw name="Dictionary Should Contain Key" owner="Collections">
<msg time="2024-04-27T20:13:31.541691" level="INFO">False</msg>
<arg>${json_data['results'][0]}</arg>
<arg>${key}</arg>
<doc>Fails if ``key`` is not found from ``dictionary``.</doc>
<status status="PASS" start="2024-04-27T20:13:31.541304" elapsed="0.000423"/>
</kw>
<kw name="Log" owner="BuiltIn">
<msg time="2024-04-27T20:13:31.542465" level="INFO">{'gender': 'female', 'name': {'title': 'Miss', 'first': 'Sara', 'last': 'Anttila'}, 'location': {'street': {'number': 5050, 'name': 'Fredrikinkatu'}, 'city': 'Kemijärvi', 'state': 'Central Ostrobothnia', 'country': 'Finland', 'postcode': 33786, 'coordinates': {'latitude': '-26.1441', 'longitude': '19.2640'}, 'timezone': {'offset': '-3:00', 'description': 'Brazil, Buenos Aires, Georgetown'}}, 'email': 'sara.anttila@example.com', 'login': {'uuid': 'd0358141-4ed5-4d0b-b6e4-3f7569c15410', 'username': 'goldenelephant988', 'password': 'ultra', 'salt': '6Zw2aT7y', 'md5': '87b461631e885bc5b57ccd29a75f9bc7', 'sha1': 'fed60bf81cdc67857280d7dabae2dea3498db1ba', 'sha256': '3741c964092f5e77d4050e2df2665acad59958d8a28c75835aa6f1b3c9a64505'}, 'dob': {'date': '1972-10-08T03:26:30.484Z', 'age': 51}, 'registered': {'date': '2008-10-06T15:40:46.913Z', 'age': 15}, 'phone': '06-703-200', 'cell': '040-315-53-57', 'id': {'name': 'HETU', 'value': 'NaNNA012undefined'}, 'picture': {'large': 'https://randomuser.me/api/portraits/women/41.jpg', 'medium': 'https://randomuser.me/api/portraits/med/women/41.jpg', 'thumbnail': 'https://randomuser.me/api/portraits/thumb/women/41.jpg'}, 'nat': 'FI'}</msg>
<arg>${json_data['results'][0]}</arg>
<doc>Logs the given message with the given level.</doc>
<status status="PASS" start="2024-04-27T20:13:31.542055" elapsed="0.000485"/>
</kw>
<kw name="Log" owner="BuiltIn">
<msg time="2024-04-27T20:13:31.543160" level="INFO">name</msg>
<arg>${key}</arg>
<doc>Logs the given message with the given level.</doc>
<status status="PASS" start="2024-04-27T20:13:31.542991" elapsed="0.000209"/>
</kw>
<var name="${key}">name</var>
<status status="PASS" start="2024-04-27T20:13:31.541188" elapsed="0.002239"/>
</iter>
<iter>
<kw name="Dictionary Should Contain Key" owner="Collections">
<msg time="2024-04-27T20:13:31.544115" level="INFO">False</msg>
<arg>${json_data['results'][0]}</arg>
<arg>${key}</arg>
<doc>Fails if ``key`` is not found from ``dictionary``.</doc>
<status status="PASS" start="2024-04-27T20:13:31.543719" elapsed="0.000434"/>
</kw>
<kw name="Log" owner="BuiltIn">
<msg time="2024-04-27T20:13:31.544836" level="INFO">{'gender': 'female', 'name': {'title': 'Miss', 'first': 'Sara', 'last': 'Anttila'}, 'location': {'street': {'number': 5050, 'name': 'Fredrikinkatu'}, 'city': 'Kemijärvi', 'state': 'Central Ostrobothnia', 'country': 'Finland', 'postcode': 33786, 'coordinates': {'latitude': '-26.1441', 'longitude': '19.2640'}, 'timezone': {'offset': '-3:00', 'description': 'Brazil, Buenos Aires, Georgetown'}}, 'email': 'sara.anttila@example.com', 'login': {'uuid': 'd0358141-4ed5-4d0b-b6e4-3f7569c15410', 'username': 'goldenelephant988', 'password': 'ultra', 'salt': '6Zw2aT7y', 'md5': '87b461631e885bc5b57ccd29a75f9bc7', 'sha1': 'fed60bf81cdc67857280d7dabae2dea3498db1ba', 'sha256': '3741c964092f5e77d4050e2df2665acad59958d8a28c75835aa6f1b3c9a64505'}, 'dob': {'date': '1972-10-08T03:26:30.484Z', 'age': 51}, 'registered': {'date': '2008-10-06T15:40:46.913Z', 'age': 15}, 'phone': '06-703-200', 'cell': '040-315-53-57', 'id': {'name': 'HETU', 'value': 'NaNNA012undefined'}, 'picture': {'large': 'https://randomuser.me/api/portraits/women/41.jpg', 'medium': 'https://randomuser.me/api/portraits/med/women/41.jpg', 'thumbnail': 'https://randomuser.me/api/portraits/thumb/women/41.jpg'}, 'nat': 'FI'}</msg>
<arg>${json_data['results'][0]}</arg>
<doc>Logs the given message with the given level.</doc>
<status status="PASS" start="2024-04-27T20:13:31.544469" elapsed="0.000418"/>
</kw>
<kw name="Log" owner="BuiltIn">
<msg time="2024-04-27T20:13:31.545348" level="INFO">location</msg>
<arg>${key}</arg>
<doc>Logs the given message with the given level.</doc>
<status status="PASS" start="2024-04-27T20:13:31.545217" elapsed="0.000170"/>
</kw>
<var name="${key}">location</var>
<status status="PASS" start="2024-04-27T20:13:31.543607" elapsed="0.001997"/>
</iter>
<iter>
<kw name="Dictionary Should Contain Key" owner="Collections">
<msg time="2024-04-27T20:13:31.546284" level="INFO">False</msg>
<arg>${json_data['results'][0]}</arg>
<arg>${key}</arg>
<doc>Fails if ``key`` is not found from ``dictionary``.</doc>
<status status="PASS" start="2024-04-27T20:13:31.545888" elapsed="0.000434"/>
</kw>
<kw name="Log" owner="BuiltIn">
<msg time="2024-04-27T20:13:31.546984" level="INFO">{'gender': 'female', 'name': {'title': 'Miss', 'first': 'Sara', 'last': 'Anttila'}, 'location': {'street': {'number': 5050, 'name': 'Fredrikinkatu'}, 'city': 'Kemijärvi', 'state': 'Central Ostrobothnia', 'country': 'Finland', 'postcode': 33786, 'coordinates': {'latitude': '-26.1441', 'longitude': '19.2640'}, 'timezone': {'offset': '-3:00', 'description': 'Brazil, Buenos Aires, Georgetown'}}, 'email': 'sara.anttila@example.com', 'login': {'uuid': 'd0358141-4ed5-4d0b-b6e4-3f7569c15410', 'username': 'goldenelephant988', 'password': 'ultra', 'salt': '6Zw2aT7y', 'md5': '87b461631e885bc5b57ccd29a75f9bc7', 'sha1': 'fed60bf81cdc67857280d7dabae2dea3498db1ba', 'sha256': '3741c964092f5e77d4050e2df2665acad59958d8a28c75835aa6f1b3c9a64505'}, 'dob': {'date': '1972-10-08T03:26:30.484Z', 'age': 51}, 'registered': {'date': '2008-10-06T15:40:46.913Z', 'age': 15}, 'phone': '06-703-200', 'cell': '040-315-53-57', 'id': {'name': 'HETU', 'value': 'NaNNA012undefined'}, 'picture': {'large': 'https://randomuser.me/api/portraits/women/41.jpg', 'medium': 'https://randomuser.me/api/portraits/med/women/41.jpg', 'thumbnail': 'https://randomuser.me/api/portraits/thumb/women/41.jpg'}, 'nat': 'FI'}</msg>
<arg>${json_data['results'][0]}</arg>
<doc>Logs the given message with the given level.</doc>
<status status="PASS" start="2024-04-27T20:13:31.546623" elapsed="0.000410"/>
</kw>
<kw name="Log" owner="BuiltIn">
<msg time="2024-04-27T20:13:31.547454" level="INFO">email</msg>
<arg>${key}</arg>
<doc>Logs the given message with the given level.</doc>
<status status="PASS" start="2024-04-27T20:13:31.547328" elapsed="0.000163"/>
</kw>
<var name="${key}">email</var>
<status status="PASS" start="2024-04-27T20:13:31.545777" elapsed="0.001926"/>
</iter>
<iter>
<kw name="Dictionary Should Contain Key" owner="Collections">
<msg time="2024-04-27T20:13:31.548379" level="INFO">False</msg>
<arg>${json_data['results'][0]}</arg>
<arg>${key}</arg>
<doc>Fails if ``key`` is not found from ``dictionary``.</doc>
<status status="PASS" start="2024-04-27T20:13:31.547984" elapsed="0.000432"/>
</kw>
<kw name="Log" owner="BuiltIn">
<msg time="2024-04-27T20:13:31.549120" level="INFO">{'gender': 'female', 'name': {'title': 'Miss', 'first': 'Sara', 'last': 'Anttila'}, 'location': {'street': {'number': 5050, 'name': 'Fredrikinkatu'}, 'city': 'Kemijärvi', 'state': 'Central Ostrobothnia', 'country': 'Finland', 'postcode': 33786, 'coordinates': {'latitude': '-26.1441', 'longitude': '19.2640'}, 'timezone': {'offset': '-3:00', 'description': 'Brazil, Buenos Aires, Georgetown'}}, 'email': 'sara.anttila@example.com', 'login': {'uuid': 'd0358141-4ed5-4d0b-b6e4-3f7569c15410', 'username': 'goldenelephant988', 'password': 'ultra', 'salt': '6Zw2aT7y', 'md5': '87b461631e885bc5b57ccd29a75f9bc7', 'sha1': 'fed60bf81cdc67857280d7dabae2dea3498db1ba', 'sha256': '3741c964092f5e77d4050e2df2665acad59958d8a28c75835aa6f1b3c9a64505'}, 'dob': {'date': '1972-10-08T03:26:30.484Z', 'age': 51}, 'registered': {'date': '2008-10-06T15:40:46.913Z', 'age': 15}, 'phone': '06-703-200', 'cell': '040-315-53-57', 'id': {'name': 'HETU', 'value': 'NaNNA012undefined'}, 'picture': {'large': 'https://randomuser.me/api/portraits/women/41.jpg', 'medium': 'https://randomuser.me/api/portraits/med/women/41.jpg', 'thumbnail': 'https://randomuser.me/api/portraits/thumb/women/41.jpg'}, 'nat': 'FI'}</msg>
<arg>${json_data['results'][0]}</arg>
<doc>Logs the given message with the given level.</doc>
<status status="PASS" start="2024-04-27T20:13:31.548712" elapsed="0.000460"/>
</kw>
<kw name="Log" owner="BuiltIn">
<msg time="2024-04-27T20:13:31.549606" level="INFO">login</msg>
<arg>${key}</arg>
<doc>Logs the given message with the given level.</doc>
<status status="PASS" start="2024-04-27T20:13:31.549478" elapsed="0.000197"/>
</kw>
<var name="${key}">login</var>
<status status="PASS" start="2024-04-27T20:13:31.547876" elapsed="0.002024"/>
</iter>
<var>${key}</var>
<value>@{expected_keys}</value>
<status status="PASS" start="2024-04-27T20:13:31.538811" elapsed="0.011209"/>
</for>
<kw name="Create List" owner="BuiltIn">
<msg time="2024-04-27T20:13:31.550349" level="INFO">${expected_keysTwo} = ['username', 'password']</msg>
<var>${expected_keysTwo}</var>
<arg>username</arg>
<arg>password</arg>
<doc>Returns a list containing given items.</doc>
<status status="PASS" start="2024-04-27T20:13:31.550212" elapsed="0.000161"/>
</kw>
<for flavor="IN">
<iter>
<kw name="Dictionary Should Contain Key" owner="Collections">
<msg time="2024-04-27T20:13:31.551260" level="INFO">False</msg>
<arg>${json_data['results'][0]['login']}</arg>
<arg>${keyTwo}</arg>
<doc>Fails if ``key`` is not found from ``dictionary``.</doc>
<status status="PASS" start="2024-04-27T20:13:31.550870" elapsed="0.000427"/>
</kw>
<kw name="Dictionary Should Contain Key" owner="Collections">
<msg time="2024-04-27T20:13:31.551982" level="INFO">False</msg>
<arg>${json_data['results'][0]['login']}</arg>
<arg>${keyTwo}</arg>
<doc>Fails if ``key`` is not found from ``dictionary``.</doc>
<status status="PASS" start="2024-04-27T20:13:31.551593" elapsed="0.000427"/>
</kw>
<kw name="Log" owner="BuiltIn">
<msg time="2024-04-27T20:13:31.552437" level="INFO">username</msg>
<arg>${keyTwo}</arg>
<doc>Logs the given message with the given level.</doc>
<status status="PASS" start="2024-04-27T20:13:31.552312" elapsed="0.000166"/>
</kw>
<var name="${keyTwo}">username</var>
<status status="PASS" start="2024-04-27T20:13:31.550760" elapsed="0.001935"/>
</iter>
<iter>
<kw name="Dictionary Should Contain Key" owner="Collections">
<msg time="2024-04-27T20:13:31.553492" level="INFO">False</msg>
<arg>${json_data['results'][0]['login']}</arg>
<arg>${keyTwo}</arg>
<doc>Fails if ``key`` is not found from ``dictionary``.</doc>
<status status="PASS" start="2024-04-27T20:13:31.552975" elapsed="0.000562"/>
</kw>
<kw name="Dictionary Should Contain Key" owner="Collections">
<msg time="2024-04-27T20:13:31.554221" level="INFO">False</msg>
<arg>${json_data['results'][0]['login']}</arg>
<arg>${keyTwo}</arg>
<doc>Fails if ``key`` is not found from ``dictionary``.</doc>
<status status="PASS" start="2024-04-27T20:13:31.553837" elapsed="0.000420"/>
</kw>
<kw name="Log" owner="BuiltIn">
<msg time="2024-04-27T20:13:31.554672" level="INFO">password</msg>
<arg>${keyTwo}</arg>
<doc>Logs the given message with the given level.</doc>
<status status="PASS" start="2024-04-27T20:13:31.554546" elapsed="0.000163"/>
</kw>
<var name="${keyTwo}">password</var>
<status status="PASS" start="2024-04-27T20:13:31.552865" elapsed="0.002058"/>
</iter>
<var>${keyTwo}</var>
<value>@{expected_keysTwo}</value>
<status status="PASS" start="2024-04-27T20:13:31.550607" elapsed="0.004438"/>
</for>
<status status="PASS" start="2024-04-27T20:13:31.426240" elapsed="0.128941"/>
</kw>
<doc>Testa a estrutura da resposta da API.</doc>
<tag>testeEstruturaResposta</tag>
<status status="PASS" start="2024-04-27T20:13:31.425697" elapsed="0.129631"/>
</test>
<test id="s1-s1-t4" name="Validar tipos de dados" line="28">
<kw name="Teste de Tipos de Dados" owner="random-user-service">
<kw name="GET On Session" owner="RequestsLibrary">
<msg time="2024-04-27T20:13:31.628128" level="INFO">GET Request : url=https://randomuser.me/api 
 path_url=/api 
 headers={'User-Agent': 'python-requests/2.31.0', 'Accept-Encoding': 'gzip, deflate', 'Accept': '*/*', 'Connection': 'keep-alive'} 
 body=None 
 </msg>
<msg time="2024-04-27T20:13:31.628205" level="INFO">GET Response : url=https://randomuser.me/api 
 status=200, reason=OK 
 headers={'Date': 'Sat, 27 Apr 2024 20:13:31 GMT', 'Content-Type': 'application/json; charset=utf-8', 'Transfer-Encoding': 'chunked', 'Connection': 'keep-alive', 'X-Powered-By': 'Express', 'Access-Control-Allow-Origin': '*', 'Cache-Control': 'no-cache', 'ETag': 'W/"4a1-PQoUQNLCddgFUylz80t67eCBYgo"', 'Vary': 'Accept-Encoding', 'Content-Encoding': 'gzip', 'CF-Cache-Status': 'DYNAMIC', 'Report-To': '{"endpoints":[{"url":"https:\\/\\/a.nel.cloudflare.com\\/report\\/v4?s=YgwRcs%2FhwPM4ArrkpTVDzxp826UnsmzEntnN0DI8kku2%2BobYW2%2B2prCTLxrZUCk6G2XjQ4N33jCnBp7w7RyLqRp1d5lmVv489hRhAuL9TjJS7mI%2FE0XZHgUg77h%2BZcBJ"}],"group":"cf-nel","max_age":604800}', 'NEL': '{"success_fraction":0,"report_to":"cf-nel","max_age":604800}', 'Server': 'cloudflare', 'CF-RAY': '87b1794048275b34-IAD', 'alt-svc': 'h3=":443"; ma=86400'} 
 body={"results":[{"gender":"male","name":{"title":"Mr","first":"Lloyd","last":"Adams"},"location":{"street":{"number":8063,"name":"Oak Lawn Ave"},"city":"Bundaberg","state":"Australian Capital Territory","country":"Australia","postcode":4717,"coordinates":{"latitude":"-86.1742","longitude":"-108.7208"},"timezone":{"offset":"+11:00","description":"Magadan, Solomon Islands, New Caledonia"}},"email":"lloyd.adams@example.com","login":{"uuid":"a0fc9304-e81d-4453-aa25-82d4778f115e","username":"blackgoose561","password":"nasty1","salt":"7Fe1rtm3","md5":"6b2bc9c55882aee74a63148e37511196","sha1":"0ee03d569b63832ae98b17a482343211eb94b126","sha256":"bddfa7296f08bf87b38fe065746a4f6a609f0bfdd1d8eccaa3c8c41261369959"},"dob":{"date":"1955-01-02T20:13:56.615Z","age":69},"registered":{"date":"2018-08-11T08:24:42.508Z","age":5},"phone":"04-4591-0393","cell":"0499-093-419","id":{"name":"TFN","value":"929189737"},"picture":{"large":"https://randomuser.me/api/portraits/men/31.jpg","medium":"https://randomuser.me/api/portraits/med/men/31.jpg","thumbnail":"https://randomuser.me/api/portraits/thumb/men/31.jpg"},"nat":"AU"}],"info":{"seed":"4be64fd57d3891ee","results":1,"page":1,"version":"1.4"}} 
 </msg>
<msg time="2024-04-27T20:13:31.628271" level="INFO">/opt/hostedtoolcache/Python/3.12.3/x64/lib/python3.12/site-packages/urllib3/connectionpool.py:1103: InsecureRequestWarning: Unverified HTTPS request is being made to host 'randomuser.me'. Adding certificate verification is strongly advised. See: https://urllib3.readthedocs.io/en/latest/advanced-usage.html#tls-warnings
  warnings.warn(</msg>
<msg time="2024-04-27T20:13:31.628383" level="INFO">${response} = &lt;Response [200]&gt;</msg>
<var>${response}</var>
<arg>consultarAPI</arg>
<arg>/api</arg>
<doc>Sends a GET request on a previously created HTTP Session.</doc>
<status status="PASS" start="2024-04-27T20:13:31.558216" elapsed="0.070215"/>
</kw>
<kw name="Set Variable" owner="BuiltIn">
<msg time="2024-04-27T20:13:31.629552" level="INFO">${json_data} = {'results': [{'gender': 'male', 'name': {'title': 'Mr', 'first': 'Lloyd', 'last': 'Adams'}, 'location': {'street': {'number': 8063, 'name': 'Oak Lawn Ave'}, 'city': 'Bundaberg', 'state': 'Australian C...</msg>
<var>${json_data}</var>
<arg>${response.json()}</arg>
<doc>Returns the given values which can then be assigned to a variables.</doc>
<status status="PASS" start="2024-04-27T20:13:31.628975" elapsed="0.000606"/>
</kw>
<kw name="Log" owner="BuiltIn">
<msg time="2024-04-27T20:13:31.630051" level="INFO">{'results': [{'gender': 'male', 'name': {'title': 'Mr', 'first': 'Lloyd', 'last': 'Adams'}, 'location': {'street': {'number': 8063, 'name': 'Oak Lawn Ave'}, 'city': 'Bundaberg', 'state': 'Australian Capital Territory', 'country': 'Australia', 'postcode': 4717, 'coordinates': {'latitude': '-86.1742', 'longitude': '-108.7208'}, 'timezone': {'offset': '+11:00', 'description': 'Magadan, Solomon Islands, New Caledonia'}}, 'email': 'lloyd.adams@example.com', 'login': {'uuid': 'a0fc9304-e81d-4453-aa25-82d4778f115e', 'username': 'blackgoose561', 'password': 'nasty1', 'salt': '7Fe1rtm3', 'md5': '6b2bc9c55882aee74a63148e37511196', 'sha1': '0ee03d569b63832ae98b17a482343211eb94b126', 'sha256': 'bddfa7296f08bf87b38fe065746a4f6a609f0bfdd1d8eccaa3c8c41261369959'}, 'dob': {'date': '1955-01-02T20:13:56.615Z', 'age': 69}, 'registered': {'date': '2018-08-11T08:24:42.508Z', 'age': 5}, 'phone': '04-4591-0393', 'cell': '0499-093-419', 'id': {'name': 'TFN', 'value': '929189737'}, 'picture': {'large': 'https://randomuser.me/api/portraits/men/31.jpg', 'medium': 'https://randomuser.me/api/portraits/med/men/31.jpg', 'thumbnail': 'https://randomuser.me/api/portraits/thumb/men/31.jpg'}, 'nat': 'AU'}], 'info': {'seed': '4be64fd57d3891ee', 'results': 1, 'page': 1, 'version': '1.4'}}</msg>
<arg>${json_data}</arg>
<doc>Logs the given message with the given level.</doc>
<status status="PASS" start="2024-04-27T20:13:31.629887" elapsed="0.000244"/>
</kw>
<kw name="Should Be String" owner="String">
<arg>${json_data['results'][0]['gender']}</arg>
<doc>Fails if the given ``item`` is not a string.</doc>
<status status="PASS" start="2024-04-27T20:13:31.630434" elapsed="0.000366"/>
</kw>
<kw name="Should Match Regexp" owner="BuiltIn">
<arg>${json_data['results'][0]['email']}</arg>
<arg>^[a-zA-Z0-9._%+-]+@[a-zA-Z0-9.-]+\.[a-zA-Z]{2,}$</arg>
<doc>Fails if ``string`` does not match ``pattern`` as a regular expression.</doc>
<status status="PASS" start="2024-04-27T20:13:31.630993" elapsed="0.000519"/>
</kw>
<kw name="Should Match Regexp" owner="BuiltIn">
<arg>${json_data['results'][0]['dob']['date']}</arg>
<arg>\\d{4}-\\d{2}-\\d{2}T\\d{2}:\\d{2}:\\d{2}\\.\\d{3}Z</arg>
<doc>Fails if ``string`` does not match ``pattern`` as a regular expression.</doc>
<status status="PASS" start="2024-04-27T20:13:31.631707" elapsed="0.000495"/>
</kw>
<kw name="Should Match Regexp" owner="BuiltIn">
<arg>${json_data['results'][0]['registered']['date']}</arg>
<arg>\\d{4}-\\d{2}-\\d{2}T\\d{2}:\\d{2}:\\d{2}\\.\\d{3}Z</arg>
<doc>Fails if ``string`` does not match ``pattern`` as a regular expression.</doc>
<status status="PASS" start="2024-04-27T20:13:31.632395" elapsed="0.000372"/>
</kw>
<kw name="Should Match Regexp" owner="BuiltIn">
<arg>${json_data['results'][0]['picture']['large']}</arg>
<arg>^https?://.*\.(?:png|jpe?g|gif|bmp)$</arg>
<doc>Fails if ``string`` does not match ``pattern`` as a regular expression.</doc>
<status status="PASS" start="2024-04-27T20:13:31.632952" elapsed="0.000512"/>
</kw>
<kw name="Should Match Regexp" owner="BuiltIn">
<arg>${json_data['results'][0]['picture']['medium']}</arg>
<arg>^https?://.*\.(?:png|jpe?g|gif|bmp)$</arg>
<doc>Fails if ``string`` does not match ``pattern`` as a regular expression.</doc>
<status status="PASS" start="2024-04-27T20:13:31.633662" elapsed="0.000365"/>
</kw>
<kw name="Should Match Regexp" owner="BuiltIn">
<arg>${json_data['results'][0]['picture']['thumbnail']}</arg>
<arg>^https?://.*\.(?:png|jpe?g|gif|bmp)$</arg>
<doc>Fails if ``string`` does not match ``pattern`` as a regular expression.</doc>
<status status="PASS" start="2024-04-27T20:13:31.634217" elapsed="0.000357"/>
</kw>
<kw name="Log" owner="BuiltIn">
<msg time="2024-04-27T20:13:31.635074" level="INFO">{'large': 'https://randomuser.me/api/portraits/men/31.jpg', 'medium': 'https://randomuser.me/api/portraits/med/men/31.jpg', 'thumbnail': 'https://randomuser.me/api/portraits/thumb/men/31.jpg'}</msg>
<arg>${json_data['results'][0]['picture']}</arg>
<doc>Logs the given message with the given level.</doc>
<status status="PASS" start="2024-04-27T20:13:31.634752" elapsed="0.000362"/>
</kw>
<status status="PASS" start="2024-04-27T20:13:31.557977" elapsed="0.077391"/>
</kw>
<kw name="Teste de Tipos de Dados - Postcode" owner="random-user-service">
<kw name="GET On Session" owner="RequestsLibrary">
<msg time="2024-04-27T20:13:31.718831" level="INFO">GET Request : url=https://randomuser.me/api 
 path_url=/api 
 headers={'User-Agent': 'python-requests/2.31.0', 'Accept-Encoding': 'gzip, deflate', 'Accept': '*/*', 'Connection': 'keep-alive'} 
 body=None 
 </msg>
<msg time="2024-04-27T20:13:31.718928" level="INFO">GET Response : url=https://randomuser.me/api 
 status=200, reason=OK 
 headers={'Date': 'Sat, 27 Apr 2024 20:13:31 GMT', 'Content-Type': 'application/json; charset=utf-8', 'Transfer-Encoding': 'chunked', 'Connection': 'keep-alive', 'X-Powered-By': 'Express', 'Access-Control-Allow-Origin': '*', 'Cache-Control': 'no-cache', 'ETag': 'W/"4a4-TVd7VfAXQKhAYu/pWqUqZkGQpNc"', 'Vary': 'Accept-Encoding', 'Content-Encoding': 'gzip', 'CF-Cache-Status': 'DYNAMIC', 'Report-To': '{"endpoints":[{"url":"https:\\/\\/a.nel.cloudflare.com\\/report\\/v4?s=hplaNZT4%2F%2Bagf2C18Wy70Hypqg0udPwowGYmeIA7eQtmAW4Pka0ObOfBVysBt5xXyVrq8ci5Yt9WBU6C6d4JnbRTaNf7PYbPVg1Qtp5EFxi9t9c0FKZJd%2B35INU%2BKmA7"}],"group":"cf-nel","max_age":604800}', 'NEL': '{"success_fraction":0,"report_to":"cf-nel","max_age":604800}', 'Server': 'cloudflare', 'CF-RAY': '87b17940b86a5b34-IAD', 'alt-svc': 'h3=":443"; ma=86400'} 
 body={"results":[{"gender":"female","name":{"title":"Miss","first":"Florência","last":"Moraes"},"location":{"street":{"number":6732,"name":"Rua Amazonas "},"city":"Jandira","state":"Santa Catarina","country":"Brazil","postcode":94705,"coordinates":{"latitude":"-79.9448","longitude":"133.6910"},"timezone":{"offset":"+4:00","description":"Abu Dhabi, Muscat, Baku, Tbilisi"}},"email":"florencia.moraes@example.com","login":{"uuid":"590aa17d-f1b2-4573-b6ec-2c0fc861bb2f","username":"silverdog825","password":"thelma","salt":"gTktDmoB","md5":"6458b7fea0a9c2a10c57a15a4184e0c2","sha1":"43011da293de77b4dbf0fc5a80d79f66a61e4016","sha256":"47cf0e82755dd07b7b7b615be7ca3fbb84fb4440f33bd905b2ef9ae0c89a5c7d"},"dob":{"date":"1945-03-15T08:06:32.368Z","age":79},"registered":{"date":"2022-01-27T07:10:27.802Z","age":2},"phone":"(53) 0761-9626","cell":"(64) 9565-8927","id":{"name":"CPF","value":"615.937.058-25"},"picture":{"large":"https://randomuser.me/api/portraits/women/74.jpg","medium":"https://randomuser.me/api/portraits/med/women/74.jpg","thumbnail":"https://randomuser.me/api/portraits/thumb/women/74.jpg"},"nat":"BR"}],"info":{"seed":"3e0789e02efbd06e","results":1,"page":1,"version":"1.4"}} 
 </msg>
<msg time="2024-04-27T20:13:31.719022" level="INFO">/opt/hostedtoolcache/Python/3.12.3/x64/lib/python3.12/site-packages/urllib3/connectionpool.py:1103: InsecureRequestWarning: Unverified HTTPS request is being made to host 'randomuser.me'. Adding certificate verification is strongly advised. See: https://urllib3.readthedocs.io/en/latest/advanced-usage.html#tls-warnings
  warnings.warn(</msg>
<msg time="2024-04-27T20:13:31.719146" level="INFO">${response} = &lt;Response [200]&gt;</msg>
<var>${response}</var>
<arg>consultarAPI</arg>
<arg>/api</arg>
<doc>Sends a GET request on a previously created HTTP Session.</doc>
<status status="PASS" start="2024-04-27T20:13:31.635803" elapsed="0.083381"/>
</kw>
<kw name="Set Variable" owner="BuiltIn">
<msg time="2024-04-27T20:13:31.720402" level="INFO">${json_data} = {'results': [{'gender': 'female', 'name': {'title': 'Miss', 'first': 'Florência', 'last': 'Moraes'}, 'location': {'street': {'number': 6732, 'name': 'Rua Amazonas '}, 'city': 'Jandira', 'state': 'Sant...</msg>
<var>${json_data}</var>
<arg>${response.json()}</arg>
<doc>Returns the given values which can then be assigned to a variables.</doc>
<status status="PASS" start="2024-04-27T20:13:31.719675" elapsed="0.000775"/>
</kw>
<kw name="Log" owner="BuiltIn">
<msg time="2024-04-27T20:13:31.721178" level="INFO">{'results': [{'gender': 'female', 'name': {'title': 'Miss', 'first': 'Florência', 'last': 'Moraes'}, 'location': {'street': {'number': 6732, 'name': 'Rua Amazonas '}, 'city': 'Jandira', 'state': 'Santa Catarina', 'country': 'Brazil', 'postcode': 94705, 'coordinates': {'latitude': '-79.9448', 'longitude': '133.6910'}, 'timezone': {'offset': '+4:00', 'description': 'Abu Dhabi, Muscat, Baku, Tbilisi'}}, 'email': 'florencia.moraes@example.com', 'login': {'uuid': '590aa17d-f1b2-4573-b6ec-2c0fc861bb2f', 'username': 'silverdog825', 'password': 'thelma', 'salt': 'gTktDmoB', 'md5': '6458b7fea0a9c2a10c57a15a4184e0c2', 'sha1': '43011da293de77b4dbf0fc5a80d79f66a61e4016', 'sha256': '47cf0e82755dd07b7b7b615be7ca3fbb84fb4440f33bd905b2ef9ae0c89a5c7d'}, 'dob': {'date': '1945-03-15T08:06:32.368Z', 'age': 79}, 'registered': {'date': '2022-01-27T07:10:27.802Z', 'age': 2}, 'phone': '(53) 0761-9626', 'cell': '(64) 9565-8927', 'id': {'name': 'CPF', 'value': '615.937.058-25'}, 'picture': {'large': 'https://randomuser.me/api/portraits/women/74.jpg', 'medium': 'https://randomuser.me/api/portraits/med/women/74.jpg', 'thumbnail': 'https://randomuser.me/api/portraits/thumb/women/74.jpg'}, 'nat': 'BR'}], 'info': {'seed': '3e0789e02efbd06e', 'results': 1, 'page': 1, 'version': '1.4'}}</msg>
<arg>${json_data}</arg>
<doc>Logs the given message with the given level.</doc>
<status status="PASS" start="2024-04-27T20:13:31.720908" elapsed="0.000402"/>
</kw>
<kw name="Should Be Equal As Numbers" owner="BuiltIn">
<arg>${json_data['results'][0]['location']['postcode']}</arg>
<arg>${json_data['results'][0]['location']['postcode']}</arg>
<doc>Fails if objects are unequal after converting them to real numbers.</doc>
<status status="PASS" start="2024-04-27T20:13:31.721952" elapsed="0.001028"/>
</kw>
<kw name="Log" owner="BuiltIn">
<msg time="2024-04-27T20:13:31.723840" level="INFO">94705</msg>
<arg>${json_data['results'][0]['location']['postcode']}</arg>
<doc>Logs the given message with the given level.</doc>
<status status="PASS" start="2024-04-27T20:13:31.723273" elapsed="0.000636"/>
</kw>
<status status="PASS" start="2024-04-27T20:13:31.635579" elapsed="0.088703"/>
</kw>
<doc>Testa se os tipos de dados na resposta da API estão corretos.</doc>
<tag>testeTiposDados</tag>
<status status="PASS" start="2024-04-27T20:13:31.557356" elapsed="0.167197"/>
</test>
<test id="s1-s1-t5" name="Validar conteudo" line="35">
<kw name="Teste de Tipos de Conteudo" owner="random-user-service">
<kw name="GET On Session" owner="RequestsLibrary">
<msg time="2024-04-27T20:13:31.824696" level="INFO">GET Request : url=https://randomuser.me/api 
 path_url=/api 
 headers={'User-Agent': 'python-requests/2.31.0', 'Accept-Encoding': 'gzip, deflate', 'Accept': '*/*', 'Connection': 'keep-alive'} 
 body=None 
 </msg>
<msg time="2024-04-27T20:13:31.824807" level="INFO">GET Response : url=https://randomuser.me/api 
 status=200, reason=OK 
 headers={'Date': 'Sat, 27 Apr 2024 20:13:31 GMT', 'Content-Type': 'application/json; charset=utf-8', 'Transfer-Encoding': 'chunked', 'Connection': 'keep-alive', 'X-Powered-By': 'Express', 'Access-Control-Allow-Origin': '*', 'Cache-Control': 'no-cache', 'ETag': 'W/"48a-n+3Qr309+o6r9/a5EUp8MO7Za9o"', 'Vary': 'Accept-Encoding', 'Content-Encoding': 'gzip', 'CF-Cache-Status': 'DYNAMIC', 'Report-To': '{"endpoints":[{"url":"https:\\/\\/a.nel.cloudflare.com\\/report\\/v4?s=cXBDXTV8grWb7DJOVohsbuZyQSyBZWT7vipyUuU1ftAHKsXWFEWlIrHLCvKjIuYQgJxdiVzOUpw4WvQg66ga0JeMUeVmFhdW4wiL94cPDzu8yLWtv%2BeFjK5QSNJWJb8g"}],"group":"cf-nel","max_age":604800}', 'NEL': '{"success_fraction":0,"report_to":"cf-nel","max_age":604800}', 'Server': 'cloudflare', 'CF-RAY': '87b1794158dc5b34-IAD', 'alt-svc': 'h3=":443"; ma=86400'} 
 body={"results":[{"gender":"male","name":{"title":"Mr","first":"Jaime","last":"Gil"},"location":{"street":{"number":1314,"name":"Avenida de Burgos"},"city":"Torrejón de Ardoz","state":"Cataluña","country":"Spain","postcode":97682,"coordinates":{"latitude":"-37.9404","longitude":"-164.4764"},"timezone":{"offset":"+4:00","description":"Abu Dhabi, Muscat, Baku, Tbilisi"}},"email":"jaime.gil@example.com","login":{"uuid":"85921e6f-c3af-43f0-b543-8e3d880712e6","username":"crazyduck568","password":"farm","salt":"YoO9n0c7","md5":"10c8bb164385d9c4f51abae481a1c873","sha1":"3b2ce7cf9455aef991847d35ecd556746954a5e2","sha256":"0e4a4e5e0753c8d6db24d54224e7364e07e8fac18fffb87b6af9621708a95cfd"},"dob":{"date":"1995-04-05T23:58:04.590Z","age":29},"registered":{"date":"2007-03-26T14:18:52.415Z","age":17},"phone":"955-040-193","cell":"653-190-900","id":{"name":"DNI","value":"72724147-O"},"picture":{"large":"https://randomuser.me/api/portraits/men/85.jpg","medium":"https://randomuser.me/api/portraits/med/men/85.jpg","thumbnail":"https://randomuser.me/api/portraits/thumb/men/85.jpg"},"nat":"ES"}],"info":{"seed":"b7e8c3d99e2b0292","results":1,"page":1,"version":"1.4"}} 
 </msg>
<msg time="2024-04-27T20:13:31.824892" level="INFO">/opt/hostedtoolcache/Python/3.12.3/x64/lib/python3.12/site-packages/urllib3/connectionpool.py:1103: InsecureRequestWarning: Unverified HTTPS request is being made to host 'randomuser.me'. Adding certificate verification is strongly advised. See: https://urllib3.readthedocs.io/en/latest/advanced-usage.html#tls-warnings
  warnings.warn(</msg>
<msg time="2024-04-27T20:13:31.825053" level="INFO">${response} = &lt;Response [200]&gt;</msg>
<var>${response}</var>
<arg>consultarAPI</arg>
<arg>/api</arg>
<doc>Sends a GET request on a previously created HTTP Session.</doc>
<status status="PASS" start="2024-04-27T20:13:31.728645" elapsed="0.096467"/>
</kw>
<kw name="Set Variable" owner="BuiltIn">
<msg time="2024-04-27T20:13:31.826133" level="INFO">${json_data} = {'results': [{'gender': 'male', 'name': {'title': 'Mr', 'first': 'Jaime', 'last': 'Gil'}, 'location': {'street': {'number': 1314, 'name': 'Avenida de Burgos'}, 'city': 'Torrejón de Ardoz', 'state': 'C...</msg>
<var>${json_data}</var>
<arg>${response.json()}</arg>
<doc>Returns the given values which can then be assigned to a variables.</doc>
<status status="PASS" start="2024-04-27T20:13:31.825629" elapsed="0.000534"/>
</kw>
<kw name="Set Variable" owner="BuiltIn">
<msg time="2024-04-27T20:13:31.826866" level="INFO">${name_title} = Mr</msg>
<var>${name_title}</var>
<arg>${json_data["results"][0]["name"]["title"]}</arg>
<doc>Returns the given values which can then be assigned to a variables.</doc>
<status status="PASS" start="2024-04-27T20:13:31.826473" elapsed="0.000419"/>
</kw>
<kw name="Create List" owner="BuiltIn">
<msg time="2024-04-27T20:13:31.827341" level="INFO">${allowed_titles} = ['Mr', 'Ms', 'Miss', 'Mrs', 'Madame', 'Monsieur']</msg>
<var>${allowed_titles}</var>
<arg>Mr</arg>
<arg>Ms</arg>
<arg>Miss</arg>
<arg>Mrs</arg>
<arg>Madame</arg>
<arg>Monsieur</arg>
<doc>Returns a list containing given items.</doc>
<status status="PASS" start="2024-04-27T20:13:31.827193" elapsed="0.000172"/>
</kw>
<kw name="List Should Contain Value" owner="Collections">
<msg time="2024-04-27T20:13:31.827845" level="INFO">False</msg>
<arg>${allowed_titles}</arg>
<arg>${name_title}</arg>
<doc>Fails if the ``value`` is not found from ``list``.</doc>
<status status="PASS" start="2024-04-27T20:13:31.827670" elapsed="0.000212"/>
</kw>
<kw name="Set Variable" owner="BuiltIn">
<msg time="2024-04-27T20:13:31.828575" level="INFO">${name_country} = ES</msg>
<var>${name_country}</var>
<arg>${json_data["results"][0]["nat"]}</arg>
<doc>Returns the given values which can then be assigned to a variables.</doc>
<status status="PASS" start="2024-04-27T20:13:31.828179" elapsed="0.000422"/>
</kw>
<kw name="Create List" owner="BuiltIn">
<msg time="2024-04-27T20:13:31.829529" level="INFO">${list_country} = ['AD', 'AE', 'AF', 'AG', 'AI', 'AL', 'AM', 'AO', 'AQ', 'AR', 'AS', 'AT', 'AU', 'AW', 'AX', 'AZ', 'BA', 'BB', 'BD', 'BE', 'BF', 'BG', 'BH', 'BI', 'BJ', 'BL', 'BM', 'BN', 'BO', 'BQ', 'BR', 'BS', 'BT', '...</msg>
<var>${list_country}</var>
<arg>AD</arg>
<arg>AE</arg>
<arg>AF</arg>
<arg>AG</arg>
<arg>AI</arg>
<arg>AL</arg>
<arg>AM</arg>
<arg>AO</arg>
<arg>AQ</arg>
<arg>AR</arg>
<arg>AS</arg>
<arg>AT</arg>
<arg>AU</arg>
<arg>AW</arg>
<arg>AX</arg>
<arg>AZ</arg>
<arg>BA</arg>
<arg>BB</arg>
<arg>BD</arg>
<arg>BE</arg>
<arg>BF</arg>
<arg>BG</arg>
<arg>BH</arg>
<arg>BI</arg>
<arg>BJ</arg>
<arg>BL</arg>
<arg>BM</arg>
<arg>BN</arg>
<arg>BO</arg>
<arg>BQ</arg>
<arg>BR</arg>
<arg>BS</arg>
<arg>BT</arg>
<arg>BV</arg>
<arg>BW</arg>
<arg>BY</arg>
<arg>BZ</arg>
<arg>CA</arg>
<arg>CC</arg>
<arg>CD</arg>
<arg>CF</arg>
<arg>CG</arg>
<arg>CH</arg>
<arg>CI</arg>
<arg>CK</arg>
<arg>CL</arg>
<arg>CM</arg>
<arg>CN</arg>
<arg>CO</arg>
<arg>CR</arg>
<arg>CU</arg>
<arg>CV</arg>
<arg>CW</arg>
<arg>CX</arg>
<arg>CY</arg>
<arg>CZ</arg>
<arg>DE</arg>
<arg>DJ</arg>
<arg>DK</arg>
<arg>DM</arg>
<arg>DO</arg>
<arg>DZ</arg>
<arg>EC</arg>
<arg>EE</arg>
<arg>EG</arg>
<arg>EH</arg>
<arg>ER</arg>
<arg>ES</arg>
<arg>ET</arg>
<arg>FI</arg>
<arg>FJ</arg>
<arg>FK</arg>
<arg>FM</arg>
<arg>FO</arg>
<arg>FR</arg>
<arg>GA</arg>
<arg>GB</arg>
<arg>GD</arg>
<arg>GE</arg>
<arg>GF</arg>
<arg>GG</arg>
<arg>GH</arg>
<arg>GI</arg>
<arg>GL</arg>
<arg>GM</arg>
<arg>GN</arg>
<arg>GP</arg>
<arg>GQ</arg>
<arg>GR</arg>
<arg>GS</arg>
<arg>GT</arg>
<arg>GU</arg>
<arg>GW</arg>
<arg>GY</arg>
<arg>HK</arg>
<arg>HM</arg>
<arg>HN</arg>
<arg>HR</arg>
<arg>HT</arg>
<arg>HU</arg>
<arg>ID</arg>
<arg>IE</arg>
<arg>IL</arg>
<arg>IM</arg>
<arg>IN</arg>
<arg>IO</arg>
<arg>IQ</arg>
<arg>IR</arg>
<arg>IS</arg>
<arg>IT</arg>
<arg>JE</arg>
<arg>JM</arg>
<arg>JO</arg>
<arg>JP</arg>
<arg>KE</arg>
<arg>KG</arg>
<arg>KH</arg>
<arg>KI</arg>
<arg>KM</arg>
<arg>KN</arg>
<arg>KP</arg>
<arg>KR</arg>
<arg>KW</arg>
<arg>KY</arg>
<arg>KZ</arg>
<arg>LA</arg>
<arg>LB</arg>
<arg>LC</arg>
<arg>LI</arg>
<arg>LK</arg>
<arg>LR</arg>
<arg>LS</arg>
<arg>LT</arg>
<arg>LU</arg>
<arg>LV</arg>
<arg>LY</arg>
<arg>MA</arg>
<arg>MC</arg>
<arg>MD</arg>
<arg>ME</arg>
<arg>MF</arg>
<arg>MG</arg>
<arg>MH</arg>
<arg>MK</arg>
<arg>ML</arg>
<arg>MM</arg>
<arg>MN</arg>
<arg>MO</arg>
<arg>MP</arg>
<arg>MQ</arg>
<arg>MR</arg>
<arg>MS</arg>
<arg>MT</arg>
<arg>MU</arg>
<arg>MV</arg>
<arg>MW</arg>
<arg>MX</arg>
<arg>MY</arg>
<arg>MZ</arg>
<arg>NA</arg>
<arg>NC</arg>
<arg>NE</arg>
<arg>NF</arg>
<arg>NG</arg>
<arg>NI</arg>
<arg>NL</arg>
<arg>NO</arg>
<arg>NP</arg>
<arg>NR</arg>
<arg>NU</arg>
<arg>NZ</arg>
<arg>OM</arg>
<arg>PA</arg>
<arg>PE</arg>
<arg>PF</arg>
<arg>PG</arg>
<arg>PH</arg>
<arg>PK</arg>
<arg>PL</arg>
<arg>PM</arg>
<arg>PN</arg>
<arg>PR</arg>
<arg>PS</arg>
<arg>PT</arg>
<arg>PW</arg>
<arg>PY</arg>
<arg>QA</arg>
<arg>RE</arg>
<arg>RO</arg>
<arg>RS</arg>
<arg>RU</arg>
<arg>RW</arg>
<arg>SA</arg>
<arg>SB</arg>
<arg>SC</arg>
<arg>SD</arg>
<arg>SE</arg>
<arg>SG</arg>
<arg>SH</arg>
<arg>SI</arg>
<arg>SJ</arg>
<arg>SK</arg>
<arg>SL</arg>
<arg>SM</arg>
<arg>SN</arg>
<arg>SO</arg>
<arg>SR</arg>
<arg>SS</arg>
<arg>ST</arg>
<arg>SV</arg>
<arg>SX</arg>
<arg>SY</arg>
<arg>SZ</arg>
<arg>TC</arg>
<arg>TD</arg>
<arg>TF</arg>
<arg>TG</arg>
<arg>TH</arg>
<arg>TJ</arg>
<arg>TK</arg>
<arg>TL</arg>
<arg>TM</arg>
<arg>TN</arg>
<arg>TO</arg>
<arg>TR</arg>
<arg>TT</arg>
<arg>TV</arg>
<arg>TW</arg>
<arg>TZ</arg>
<arg>UA</arg>
<arg>UG</arg>
<arg>UM</arg>
<arg>US</arg>
<arg>UY</arg>
<arg>UZ</arg>
<arg>VA</arg>
<arg>VC</arg>
<arg>VE</arg>
<arg>VG</arg>
<arg>VI</arg>
<arg>VN</arg>
<arg>VU</arg>
<arg>WF</arg>
<arg>WS</arg>
<arg>XK</arg>
<arg>YE</arg>
<arg>YT</arg>
<arg>ZA</arg>
<arg>ZM</arg>
<arg>ZW</arg>
<doc>Returns a list containing given items.</doc>
<status status="PASS" start="2024-04-27T20:13:31.828906" elapsed="0.000649"/>
</kw>
<kw name="List Should Contain Value" owner="Collections">
<msg time="2024-04-27T20:13:31.830563" level="INFO">False</msg>
<arg>${list_country}</arg>
<arg>${name_country}</arg>
<doc>Fails if the ``value`` is not found from ``list``.</doc>
<status status="PASS" start="2024-04-27T20:13:31.830360" elapsed="0.000240"/>
</kw>
<kw name="Run Keyword If" owner="BuiltIn">
<kw name="Should Be True" owner="BuiltIn">
<arg>${True}</arg>
<doc>Fails if the given condition is not true.</doc>
<status status="PASS" start="2024-04-27T20:13:31.831679" elapsed="0.000256"/>
</kw>
<arg>${json_data["results"][0]["location"]["coordinates"]["latitude"]} &gt;= -90 and ${json_data["results"][0]["location"]["coordinates"]["latitude"]} &lt;= 90</arg>
<arg>Should Be True</arg>
<arg>${True}</arg>
<doc>Runs the given keyword with the given arguments, if ``condition`` is true.</doc>
<status status="PASS" start="2024-04-27T20:13:31.830914" elapsed="0.001154"/>
</kw>
<kw name="Run Keyword If" owner="BuiltIn">
<kw name="Should Be True" owner="BuiltIn">
<arg>${True}</arg>
<doc>Fails if the given condition is not true.</doc>
<status status="PASS" start="2024-04-27T20:13:31.832975" elapsed="0.000181"/>
</kw>
<arg>${json_data["results"][0]["location"]["coordinates"]["longitude"]} &gt;= -180 and ${json_data["results"][0]["location"]["coordinates"]["longitude"]} &lt;= 180</arg>
<arg>Should Be True</arg>
<arg>${True}</arg>
<doc>Runs the given keyword with the given arguments, if ``condition`` is true.</doc>
<status status="PASS" start="2024-04-27T20:13:31.832259" elapsed="0.001027"/>
</kw>
<status status="PASS" start="2024-04-27T20:13:31.728329" elapsed="0.105092"/>
</kw>
<doc>Testa o conteúdo específico dos campos retornados pela API.</doc>
<tag>testeConteudo</tag>
<status status="PASS" start="2024-04-27T20:13:31.727685" elapsed="0.105890"/>
</test>
<status status="PASS" start="2024-04-27T20:13:31.038566" elapsed="0.796952"/>
</suite>
<status status="PASS" start="2024-04-27T20:13:31.024740" elapsed="0.815907"/>
</suite>
<statistics>
<total>
<stat pass="5" fail="0" skip="0">All Tests</stat>
</total>
<tag>
<stat pass="1" fail="0" skip="0">testeConteudo</stat>
<stat pass="1" fail="0" skip="0">testeEstruturaResposta</stat>
<stat pass="1" fail="0" skip="0">testeRequisicaoBasica</stat>
<stat pass="1" fail="0" skip="0">testeTiposDados</stat>
</tag>
<suite>
<stat pass="5" fail="0" skip="0" id="s1" name="Tests">Tests</stat>
<stat pass="5" fail="0" skip="0" id="s1-s1" name="Random-User-Test">Tests.Random-User-Test</stat>
</suite>
</statistics>
<errors>
</errors>
</robot>
