<?xml version="1.0" encoding="UTF-8"?>
<robot generator="Robot 7.0.1 (Python 3.12.4 on linux)" generated="2024-06-30T16:18:37.830879" rpa="false" schemaversion="5">
<suite id="s1" name="Tests" source="/home/runner/work/ApiRandomUser/ApiRandomUser/RamdonUser/tests">
<suite id="s1-s1" name="Random-User-Test" source="/home/runner/work/ApiRandomUser/ApiRandomUser/RamdonUser/tests/random-user-test.robot">
<test id="s1-s1-t1" name="Conectar" line="13">
<kw name="Conectar API" owner="random-user-service">
<kw name="Create Session" owner="RequestsLibrary">
<msg time="2024-06-30T16:18:38.231170" level="INFO">Creating Session using : alias=consultarAPI, url=https://randomuser.me/, headers={},                     cookies={}, auth=None, timeout=None, proxies=None, verify=False,                     debug=0 </msg>
<arg>consultarAPI</arg>
<arg>${URL}</arg>
<doc>Create Session: create a HTTP session to a server</doc>
<status status="PASS" start="2024-06-30T16:18:38.230969" elapsed="0.000411"/>
</kw>
<status status="PASS" start="2024-06-30T16:18:38.229986" elapsed="0.001742"/>
</kw>
<status status="PASS" start="2024-06-30T16:18:38.229323" elapsed="0.002597"/>
</test>
<test id="s1-s1-t2" name="Validar retorno 200 e JSON Válido" line="16">
<kw name="Teste de Requisicao Basica" owner="random-user-service">
<kw name="GET On Session" owner="RequestsLibrary">
<msg time="2024-06-30T16:18:38.459971" level="INFO">GET Request : url=https://randomuser.me/api 
 path_url=/api 
 headers={'User-Agent': 'python-requests/2.32.3', 'Accept-Encoding': 'gzip, deflate', 'Accept': '*/*', 'Connection': 'keep-alive'} 
 body=None 
 </msg>
<msg time="2024-06-30T16:18:38.460118" level="INFO">GET Response : url=https://randomuser.me/api 
 status=200, reason=OK 
 headers={'Date': 'Sun, 30 Jun 2024 16:18:38 GMT', 'Content-Type': 'application/json; charset=utf-8', 'Transfer-Encoding': 'chunked', 'Connection': 'keep-alive', 'X-Powered-By': 'Express', 'Access-Control-Allow-Origin': '*', 'Cache-Control': 'no-cache', 'ETag': 'W/"488-7UHPToyh0IUeD9DkpnIhoUS01KY"', 'Vary': 'Accept-Encoding', 'Content-Encoding': 'gzip', 'CF-Cache-Status': 'DYNAMIC', 'Report-To': '{"endpoints":[{"url":"https:\\/\\/a.nel.cloudflare.com\\/report\\/v4?s=NbkIfy2cL%2BEBlLvNjj8e7kfpGsyvqycuneFvMu6DZEKQicng7X1Oie75WlI3SPADeWfLbdbN1GTsDb%2FzaHNlIclzdgD449ztfupIV%2Bkfhc1AigU2uMQFCmXEDmcvMSQY"}],"group":"cf-nel","max_age":604800}', 'NEL': '{"success_fraction":0,"report_to":"cf-nel","max_age":604800}', 'Server': 'cloudflare', 'CF-RAY': '89bf792e1a329c6c-IAD', 'alt-svc': 'h3=":443"; ma=86400'} 
 body={"results":[{"gender":"male","name":{"title":"Mr","first":"Brayden","last":"Howell"},"location":{"street":{"number":2590,"name":"W 6th St"},"city":"Cairns","state":"Tasmania","country":"Australia","postcode":4809,"coordinates":{"latitude":"-87.9834","longitude":"-32.7452"},"timezone":{"offset":"+4:00","description":"Abu Dhabi, Muscat, Baku, Tbilisi"}},"email":"brayden.howell@example.com","login":{"uuid":"16a4d4b4-a24d-4d99-8c73-fb5cd959beb1","username":"heavyelephant956","password":"shadow1","salt":"NirZZMKV","md5":"0a086e65402bccca64981b35f129fa76","sha1":"8e60712ca3d520be3dcb635c450479354f493920","sha256":"3ca9ebbf6ebd14470e7bcbf32ea2ae408a598cf070fa06b94f86e2a3d40ee2ca"},"dob":{"date":"1985-09-27T05:29:31.936Z","age":38},"registered":{"date":"2008-09-06T08:58:29.587Z","age":15},"phone":"08-5367-9704","cell":"0406-479-325","id":{"name":"TFN","value":"418196912"},"picture":{"large":"https://randomuser.me/api/portraits/men/78.jpg","medium":"https://randomuser.me/api/portraits/med/men/78.jpg","thumbnail":"https://randomuser.me/api/portraits/thumb/men/78.jpg"},"nat":"AU"}],"info":{"seed":"2204954114d6c40c","results":1,"page":1,"version":"1.4"}} 
 </msg>
<msg time="2024-06-30T16:18:38.460194" level="INFO">/opt/hostedtoolcache/Python/3.12.4/x64/lib/python3.12/site-packages/urllib3/connectionpool.py:1099: InsecureRequestWarning: Unverified HTTPS request is being made to host 'randomuser.me'. Adding certificate verification is strongly advised. See: https://urllib3.readthedocs.io/en/latest/advanced-usage.html#tls-warnings
  warnings.warn(</msg>
<msg time="2024-06-30T16:18:38.460345" level="INFO">${response} = &lt;Response [200]&gt;</msg>
<var>${response}</var>
<arg>consultarAPI</arg>
<arg>/api</arg>
<doc>Sends a GET request on a previously created HTTP Session.</doc>
<status status="PASS" start="2024-06-30T16:18:38.234616" elapsed="0.225771"/>
</kw>
<kw name="Should Be Equal As Numbers" owner="BuiltIn">
<msg time="2024-06-30T16:18:38.461286" level="INFO">Argument types are:
&lt;class 'int'&gt;
&lt;class 'str'&gt;</msg>
<arg>${response.status_code}</arg>
<arg>200</arg>
<doc>Fails if objects are unequal after converting them to real numbers.</doc>
<status status="PASS" start="2024-06-30T16:18:38.460847" elapsed="0.000505"/>
</kw>
<kw name="Log" owner="BuiltIn">
<msg time="2024-06-30T16:18:38.462022" level="INFO">200</msg>
<arg>${response.status_code}</arg>
<doc>Logs the given message with the given level.</doc>
<status status="PASS" start="2024-06-30T16:18:38.461666" elapsed="0.000399"/>
</kw>
<kw name="Set Variable" owner="BuiltIn">
<msg time="2024-06-30T16:18:38.462795" level="INFO">${json_data} = {'results': [{'gender': 'male', 'name': {'title': 'Mr', 'first': 'Brayden', 'last': 'Howell'}, 'location': {'street': {'number': 2590, 'name': 'W 6th St'}, 'city': 'Cairns', 'state': 'Tasmania', 'coun...</msg>
<var>${json_data}</var>
<arg>${response.json()}</arg>
<doc>Returns the given values which can then be assigned to a variables.</doc>
<status status="PASS" start="2024-06-30T16:18:38.462365" elapsed="0.000458"/>
</kw>
<kw name="Dictionary Should Contain Key" owner="Collections">
<arg>${json_data}</arg>
<arg>results</arg>
<doc>Fails if ``key`` is not found from ``dictionary``.</doc>
<status status="PASS" start="2024-06-30T16:18:38.463122" elapsed="0.000165"/>
</kw>
<status status="PASS" start="2024-06-30T16:18:38.234369" elapsed="0.229120"/>
</kw>
<doc>Testa se a API responde corretamente e retorna um objeto JSON válido.</doc>
<tag>testeRequisicaoBasica</tag>
<status status="PASS" start="2024-06-30T16:18:38.233775" elapsed="0.229886"/>
</test>
<test id="s1-s1-t3" name="Validar estrutura de resposta" line="22">
<kw name="Teste de Estrutura de Resposta" owner="random-user-service">
<kw name="GET On Session" owner="RequestsLibrary">
<msg time="2024-06-30T16:18:38.561793" level="INFO">GET Request : url=https://randomuser.me/api 
 path_url=/api 
 headers={'User-Agent': 'python-requests/2.32.3', 'Accept-Encoding': 'gzip, deflate', 'Accept': '*/*', 'Connection': 'keep-alive'} 
 body=None 
 </msg>
<msg time="2024-06-30T16:18:38.561883" level="INFO">GET Response : url=https://randomuser.me/api 
 status=200, reason=OK 
 headers={'Date': 'Sun, 30 Jun 2024 16:18:38 GMT', 'Content-Type': 'application/json; charset=utf-8', 'Transfer-Encoding': 'chunked', 'Connection': 'keep-alive', 'X-Powered-By': 'Express', 'Access-Control-Allow-Origin': '*', 'Cache-Control': 'no-cache', 'ETag': 'W/"49a-rcmwCCtZDykjv19Eat/bj5LgNEk"', 'Vary': 'Accept-Encoding', 'Content-Encoding': 'gzip', 'CF-Cache-Status': 'DYNAMIC', 'Report-To': '{"endpoints":[{"url":"https:\\/\\/a.nel.cloudflare.com\\/report\\/v4?s=7jfIKYhn4cDTcAfIYIOMA8CbuW6aT7KpL58tMfl7TmYxaYbVHSWmR39qHwf64BKTbrLuKPqO34xZ%2FWEf3IB7EXUtbb2im0C4zaskCh3tl6mAttUz4cHjm84%2BRkrp9Sq8"}],"group":"cf-nel","max_age":604800}', 'NEL': '{"success_fraction":0,"report_to":"cf-nel","max_age":604800}', 'Server': 'cloudflare', 'CF-RAY': '89bf792e6a7e9c6c-IAD', 'alt-svc': 'h3=":443"; ma=86400'} 
 body={"results":[{"gender":"male","name":{"title":"Mr","first":"Elco","last":"Van der Steen"},"location":{"street":{"number":6497,"name":"Davisstraat"},"city":"Vierlingsbeek","state":"Zeeland","country":"Netherlands","postcode":"0918 XT","coordinates":{"latitude":"33.1823","longitude":"-148.9298"},"timezone":{"offset":"-1:00","description":"Azores, Cape Verde Islands"}},"email":"elco.vandersteen@example.com","login":{"uuid":"3c6a5ed3-60a1-4955-a8c4-d1759fe0541d","username":"smallelephant863","password":"macdaddy","salt":"xaPgLuxh","md5":"aef401ed6bc52e72966f80233727aa94","sha1":"3d8ac79bec5e80c99a6cb5677632993c2fdf5e33","sha256":"c58bac0bb4518c2bea0f7861721cc32213c67b6f240b9cdabc0c12338cd8959e"},"dob":{"date":"1949-02-15T07:58:26.020Z","age":75},"registered":{"date":"2012-03-26T15:40:02.045Z","age":12},"phone":"(059) 9032186","cell":"(06) 59735324","id":{"name":"BSN","value":"33299736"},"picture":{"large":"https://randomuser.me/api/portraits/men/31.jpg","medium":"https://randomuser.me/api/portraits/med/men/31.jpg","thumbnail":"https://randomuser.me/api/portraits/thumb/men/31.jpg"},"nat":"NL"}],"info":{"seed":"d2f3429caaa73c82","results":1,"page":1,"version":"1.4"}} 
 </msg>
<msg time="2024-06-30T16:18:38.562009" level="INFO">/opt/hostedtoolcache/Python/3.12.4/x64/lib/python3.12/site-packages/urllib3/connectionpool.py:1099: InsecureRequestWarning: Unverified HTTPS request is being made to host 'randomuser.me'. Adding certificate verification is strongly advised. See: https://urllib3.readthedocs.io/en/latest/advanced-usage.html#tls-warnings
  warnings.warn(</msg>
<msg time="2024-06-30T16:18:38.562161" level="INFO">${response} = &lt;Response [200]&gt;</msg>
<var>${response}</var>
<arg>consultarAPI</arg>
<arg>/api</arg>
<doc>Sends a GET request on a previously created HTTP Session.</doc>
<status status="PASS" start="2024-06-30T16:18:38.466606" elapsed="0.095614"/>
</kw>
<kw name="Set Variable" owner="BuiltIn">
<msg time="2024-06-30T16:18:38.563176" level="INFO">${json_data} = {'results': [{'gender': 'male', 'name': {'title': 'Mr', 'first': 'Elco', 'last': 'Van der Steen'}, 'location': {'street': {'number': 6497, 'name': 'Davisstraat'}, 'city': 'Vierlingsbeek', 'state': 'Ze...</msg>
<var>${json_data}</var>
<arg>${response.json()}</arg>
<doc>Returns the given values which can then be assigned to a variables.</doc>
<status status="PASS" start="2024-06-30T16:18:38.562690" elapsed="0.000515"/>
</kw>
<kw name="Log" owner="BuiltIn">
<msg time="2024-06-30T16:18:38.563705" level="INFO">{'results': [{'gender': 'male', 'name': {'title': 'Mr', 'first': 'Elco', 'last': 'Van der Steen'}, 'location': {'street': {'number': 6497, 'name': 'Davisstraat'}, 'city': 'Vierlingsbeek', 'state': 'Zeeland', 'country': 'Netherlands', 'postcode': '0918 XT', 'coordinates': {'latitude': '33.1823', 'longitude': '-148.9298'}, 'timezone': {'offset': '-1:00', 'description': 'Azores, Cape Verde Islands'}}, 'email': 'elco.vandersteen@example.com', 'login': {'uuid': '3c6a5ed3-60a1-4955-a8c4-d1759fe0541d', 'username': 'smallelephant863', 'password': 'macdaddy', 'salt': 'xaPgLuxh', 'md5': 'aef401ed6bc52e72966f80233727aa94', 'sha1': '3d8ac79bec5e80c99a6cb5677632993c2fdf5e33', 'sha256': 'c58bac0bb4518c2bea0f7861721cc32213c67b6f240b9cdabc0c12338cd8959e'}, 'dob': {'date': '1949-02-15T07:58:26.020Z', 'age': 75}, 'registered': {'date': '2012-03-26T15:40:02.045Z', 'age': 12}, 'phone': '(059) 9032186', 'cell': '(06) 59735324', 'id': {'name': 'BSN', 'value': '33299736'}, 'picture': {'large': 'https://randomuser.me/api/portraits/men/31.jpg', 'medium': 'https://randomuser.me/api/portraits/med/men/31.jpg', 'thumbnail': 'https://randomuser.me/api/portraits/thumb/men/31.jpg'}, 'nat': 'NL'}], 'info': {'seed': 'd2f3429caaa73c82', 'results': 1, 'page': 1, 'version': '1.4'}}</msg>
<arg>${json_data}</arg>
<doc>Logs the given message with the given level.</doc>
<status status="PASS" start="2024-06-30T16:18:38.563550" elapsed="0.000203"/>
</kw>
<kw name="Dictionary Should Contain Key" owner="Collections">
<arg>${json_data}</arg>
<arg>results</arg>
<doc>Fails if ``key`` is not found from ``dictionary``.</doc>
<status status="PASS" start="2024-06-30T16:18:38.564041" elapsed="0.000164"/>
</kw>
<kw name="Should Not Be Empty" owner="BuiltIn">
<msg time="2024-06-30T16:18:38.564523" level="INFO">Length is 2.</msg>
<arg>${json_data}</arg>
<doc>Verifies that the given item is not empty.</doc>
<status status="PASS" start="2024-06-30T16:18:38.564389" elapsed="0.000174"/>
</kw>
<kw name="Create List" owner="BuiltIn">
<msg time="2024-06-30T16:18:38.565005" level="INFO">${expected_keys} = ['gender', 'name', 'location', 'email', 'login']</msg>
<var>${expected_keys}</var>
<arg>gender</arg>
<arg>name</arg>
<arg>location</arg>
<arg>email</arg>
<arg>login</arg>
<doc>Returns a list containing given items.</doc>
<status status="PASS" start="2024-06-30T16:18:38.564854" elapsed="0.000175"/>
</kw>
<for flavor="IN">
<iter>
<kw name="Dictionary Should Contain Key" owner="Collections">
<arg>${json_data['results'][0]}</arg>
<arg>${key}</arg>
<doc>Fails if ``key`` is not found from ``dictionary``.</doc>
<status status="PASS" start="2024-06-30T16:18:38.565729" elapsed="0.000401"/>
</kw>
<kw name="Log" owner="BuiltIn">
<msg time="2024-06-30T16:18:38.566681" level="INFO">{'gender': 'male', 'name': {'title': 'Mr', 'first': 'Elco', 'last': 'Van der Steen'}, 'location': {'street': {'number': 6497, 'name': 'Davisstraat'}, 'city': 'Vierlingsbeek', 'state': 'Zeeland', 'country': 'Netherlands', 'postcode': '0918 XT', 'coordinates': {'latitude': '33.1823', 'longitude': '-148.9298'}, 'timezone': {'offset': '-1:00', 'description': 'Azores, Cape Verde Islands'}}, 'email': 'elco.vandersteen@example.com', 'login': {'uuid': '3c6a5ed3-60a1-4955-a8c4-d1759fe0541d', 'username': 'smallelephant863', 'password': 'macdaddy', 'salt': 'xaPgLuxh', 'md5': 'aef401ed6bc52e72966f80233727aa94', 'sha1': '3d8ac79bec5e80c99a6cb5677632993c2fdf5e33', 'sha256': 'c58bac0bb4518c2bea0f7861721cc32213c67b6f240b9cdabc0c12338cd8959e'}, 'dob': {'date': '1949-02-15T07:58:26.020Z', 'age': 75}, 'registered': {'date': '2012-03-26T15:40:02.045Z', 'age': 12}, 'phone': '(059) 9032186', 'cell': '(06) 59735324', 'id': {'name': 'BSN', 'value': '33299736'}, 'picture': {'large': 'https://randomuser.me/api/portraits/men/31.jpg', 'medium': 'https://randomuser.me/api/portraits/med/men/31.jpg', 'thumbnail': 'https://randomuser.me/api/portraits/thumb/men/31.jpg'}, 'nat': 'NL'}</msg>
<arg>${json_data['results'][0]}</arg>
<doc>Logs the given message with the given level.</doc>
<status status="PASS" start="2024-06-30T16:18:38.566320" elapsed="0.000409"/>
</kw>
<kw name="Log" owner="BuiltIn">
<msg time="2024-06-30T16:18:38.567156" level="INFO">gender</msg>
<arg>${key}</arg>
<doc>Logs the given message with the given level.</doc>
<status status="PASS" start="2024-06-30T16:18:38.567027" elapsed="0.000168"/>
</kw>
<var name="${key}">gender</var>
<status status="PASS" start="2024-06-30T16:18:38.565606" elapsed="0.001836"/>
</iter>
<iter>
<kw name="Dictionary Should Contain Key" owner="Collections">
<arg>${json_data['results'][0]}</arg>
<arg>${key}</arg>
<doc>Fails if ``key`` is not found from ``dictionary``.</doc>
<status status="PASS" start="2024-06-30T16:18:38.567739" elapsed="0.000388"/>
</kw>
<kw name="Log" owner="BuiltIn">
<msg time="2024-06-30T16:18:38.568657" level="INFO">{'gender': 'male', 'name': {'title': 'Mr', 'first': 'Elco', 'last': 'Van der Steen'}, 'location': {'street': {'number': 6497, 'name': 'Davisstraat'}, 'city': 'Vierlingsbeek', 'state': 'Zeeland', 'country': 'Netherlands', 'postcode': '0918 XT', 'coordinates': {'latitude': '33.1823', 'longitude': '-148.9298'}, 'timezone': {'offset': '-1:00', 'description': 'Azores, Cape Verde Islands'}}, 'email': 'elco.vandersteen@example.com', 'login': {'uuid': '3c6a5ed3-60a1-4955-a8c4-d1759fe0541d', 'username': 'smallelephant863', 'password': 'macdaddy', 'salt': 'xaPgLuxh', 'md5': 'aef401ed6bc52e72966f80233727aa94', 'sha1': '3d8ac79bec5e80c99a6cb5677632993c2fdf5e33', 'sha256': 'c58bac0bb4518c2bea0f7861721cc32213c67b6f240b9cdabc0c12338cd8959e'}, 'dob': {'date': '1949-02-15T07:58:26.020Z', 'age': 75}, 'registered': {'date': '2012-03-26T15:40:02.045Z', 'age': 12}, 'phone': '(059) 9032186', 'cell': '(06) 59735324', 'id': {'name': 'BSN', 'value': '33299736'}, 'picture': {'large': 'https://randomuser.me/api/portraits/men/31.jpg', 'medium': 'https://randomuser.me/api/portraits/med/men/31.jpg', 'thumbnail': 'https://randomuser.me/api/portraits/thumb/men/31.jpg'}, 'nat': 'NL'}</msg>
<arg>${json_data['results'][0]}</arg>
<doc>Logs the given message with the given level.</doc>
<status status="PASS" start="2024-06-30T16:18:38.568309" elapsed="0.000430"/>
</kw>
<kw name="Log" owner="BuiltIn">
<msg time="2024-06-30T16:18:38.569164" level="INFO">name</msg>
<arg>${key}</arg>
<doc>Logs the given message with the given level.</doc>
<status status="PASS" start="2024-06-30T16:18:38.569036" elapsed="0.000166"/>
</kw>
<var name="${key}">name</var>
<status status="PASS" start="2024-06-30T16:18:38.567627" elapsed="0.001800"/>
</iter>
<iter>
<kw name="Dictionary Should Contain Key" owner="Collections">
<arg>${json_data['results'][0]}</arg>
<arg>${key}</arg>
<doc>Fails if ``key`` is not found from ``dictionary``.</doc>
<status status="PASS" start="2024-06-30T16:18:38.569710" elapsed="0.000380"/>
</kw>
<kw name="Log" owner="BuiltIn">
<msg time="2024-06-30T16:18:38.570615" level="INFO">{'gender': 'male', 'name': {'title': 'Mr', 'first': 'Elco', 'last': 'Van der Steen'}, 'location': {'street': {'number': 6497, 'name': 'Davisstraat'}, 'city': 'Vierlingsbeek', 'state': 'Zeeland', 'country': 'Netherlands', 'postcode': '0918 XT', 'coordinates': {'latitude': '33.1823', 'longitude': '-148.9298'}, 'timezone': {'offset': '-1:00', 'description': 'Azores, Cape Verde Islands'}}, 'email': 'elco.vandersteen@example.com', 'login': {'uuid': '3c6a5ed3-60a1-4955-a8c4-d1759fe0541d', 'username': 'smallelephant863', 'password': 'macdaddy', 'salt': 'xaPgLuxh', 'md5': 'aef401ed6bc52e72966f80233727aa94', 'sha1': '3d8ac79bec5e80c99a6cb5677632993c2fdf5e33', 'sha256': 'c58bac0bb4518c2bea0f7861721cc32213c67b6f240b9cdabc0c12338cd8959e'}, 'dob': {'date': '1949-02-15T07:58:26.020Z', 'age': 75}, 'registered': {'date': '2012-03-26T15:40:02.045Z', 'age': 12}, 'phone': '(059) 9032186', 'cell': '(06) 59735324', 'id': {'name': 'BSN', 'value': '33299736'}, 'picture': {'large': 'https://randomuser.me/api/portraits/men/31.jpg', 'medium': 'https://randomuser.me/api/portraits/med/men/31.jpg', 'thumbnail': 'https://randomuser.me/api/portraits/thumb/men/31.jpg'}, 'nat': 'NL'}</msg>
<arg>${json_data['results'][0]}</arg>
<doc>Logs the given message with the given level.</doc>
<status status="PASS" start="2024-06-30T16:18:38.570270" elapsed="0.000391"/>
</kw>
<kw name="Log" owner="BuiltIn">
<msg time="2024-06-30T16:18:38.571083" level="INFO">location</msg>
<arg>${key}</arg>
<doc>Logs the given message with the given level.</doc>
<status status="PASS" start="2024-06-30T16:18:38.570957" elapsed="0.000164"/>
</kw>
<var name="${key}">location</var>
<status status="PASS" start="2024-06-30T16:18:38.569604" elapsed="0.001777"/>
</iter>
<iter>
<kw name="Dictionary Should Contain Key" owner="Collections">
<arg>${json_data['results'][0]}</arg>
<arg>${key}</arg>
<doc>Fails if ``key`` is not found from ``dictionary``.</doc>
<status status="PASS" start="2024-06-30T16:18:38.571707" elapsed="0.000385"/>
</kw>
<kw name="Log" owner="BuiltIn">
<msg time="2024-06-30T16:18:38.572631" level="INFO">{'gender': 'male', 'name': {'title': 'Mr', 'first': 'Elco', 'last': 'Van der Steen'}, 'location': {'street': {'number': 6497, 'name': 'Davisstraat'}, 'city': 'Vierlingsbeek', 'state': 'Zeeland', 'country': 'Netherlands', 'postcode': '0918 XT', 'coordinates': {'latitude': '33.1823', 'longitude': '-148.9298'}, 'timezone': {'offset': '-1:00', 'description': 'Azores, Cape Verde Islands'}}, 'email': 'elco.vandersteen@example.com', 'login': {'uuid': '3c6a5ed3-60a1-4955-a8c4-d1759fe0541d', 'username': 'smallelephant863', 'password': 'macdaddy', 'salt': 'xaPgLuxh', 'md5': 'aef401ed6bc52e72966f80233727aa94', 'sha1': '3d8ac79bec5e80c99a6cb5677632993c2fdf5e33', 'sha256': 'c58bac0bb4518c2bea0f7861721cc32213c67b6f240b9cdabc0c12338cd8959e'}, 'dob': {'date': '1949-02-15T07:58:26.020Z', 'age': 75}, 'registered': {'date': '2012-03-26T15:40:02.045Z', 'age': 12}, 'phone': '(059) 9032186', 'cell': '(06) 59735324', 'id': {'name': 'BSN', 'value': '33299736'}, 'picture': {'large': 'https://randomuser.me/api/portraits/men/31.jpg', 'medium': 'https://randomuser.me/api/portraits/med/men/31.jpg', 'thumbnail': 'https://randomuser.me/api/portraits/thumb/men/31.jpg'}, 'nat': 'NL'}</msg>
<arg>${json_data['results'][0]}</arg>
<doc>Logs the given message with the given level.</doc>
<status status="PASS" start="2024-06-30T16:18:38.572277" elapsed="0.000401"/>
</kw>
<kw name="Log" owner="BuiltIn">
<msg time="2024-06-30T16:18:38.573100" level="INFO">email</msg>
<arg>${key}</arg>
<doc>Logs the given message with the given level.</doc>
<status status="PASS" start="2024-06-30T16:18:38.572972" elapsed="0.000167"/>
</kw>
<var name="${key}">email</var>
<status status="PASS" start="2024-06-30T16:18:38.571597" elapsed="0.001762"/>
</iter>
<iter>
<kw name="Dictionary Should Contain Key" owner="Collections">
<arg>${json_data['results'][0]}</arg>
<arg>${key}</arg>
<doc>Fails if ``key`` is not found from ``dictionary``.</doc>
<status status="PASS" start="2024-06-30T16:18:38.573640" elapsed="0.000379"/>
</kw>
<kw name="Log" owner="BuiltIn">
<msg time="2024-06-30T16:18:38.574557" level="INFO">{'gender': 'male', 'name': {'title': 'Mr', 'first': 'Elco', 'last': 'Van der Steen'}, 'location': {'street': {'number': 6497, 'name': 'Davisstraat'}, 'city': 'Vierlingsbeek', 'state': 'Zeeland', 'country': 'Netherlands', 'postcode': '0918 XT', 'coordinates': {'latitude': '33.1823', 'longitude': '-148.9298'}, 'timezone': {'offset': '-1:00', 'description': 'Azores, Cape Verde Islands'}}, 'email': 'elco.vandersteen@example.com', 'login': {'uuid': '3c6a5ed3-60a1-4955-a8c4-d1759fe0541d', 'username': 'smallelephant863', 'password': 'macdaddy', 'salt': 'xaPgLuxh', 'md5': 'aef401ed6bc52e72966f80233727aa94', 'sha1': '3d8ac79bec5e80c99a6cb5677632993c2fdf5e33', 'sha256': 'c58bac0bb4518c2bea0f7861721cc32213c67b6f240b9cdabc0c12338cd8959e'}, 'dob': {'date': '1949-02-15T07:58:26.020Z', 'age': 75}, 'registered': {'date': '2012-03-26T15:40:02.045Z', 'age': 12}, 'phone': '(059) 9032186', 'cell': '(06) 59735324', 'id': {'name': 'BSN', 'value': '33299736'}, 'picture': {'large': 'https://randomuser.me/api/portraits/men/31.jpg', 'medium': 'https://randomuser.me/api/portraits/med/men/31.jpg', 'thumbnail': 'https://randomuser.me/api/portraits/thumb/men/31.jpg'}, 'nat': 'NL'}</msg>
<arg>${json_data['results'][0]}</arg>
<doc>Logs the given message with the given level.</doc>
<status status="PASS" start="2024-06-30T16:18:38.574200" elapsed="0.000404"/>
</kw>
<kw name="Log" owner="BuiltIn">
<msg time="2024-06-30T16:18:38.575041" level="INFO">login</msg>
<arg>${key}</arg>
<doc>Logs the given message with the given level.</doc>
<status status="PASS" start="2024-06-30T16:18:38.574911" elapsed="0.000168"/>
</kw>
<var name="${key}">login</var>
<status status="PASS" start="2024-06-30T16:18:38.573529" elapsed="0.001793"/>
</iter>
<var>${key}</var>
<value>@{expected_keys}</value>
<status status="PASS" start="2024-06-30T16:18:38.565421" elapsed="0.010036"/>
</for>
<kw name="Create List" owner="BuiltIn">
<msg time="2024-06-30T16:18:38.575819" level="INFO">${expected_keysTwo} = ['username', 'password']</msg>
<var>${expected_keysTwo}</var>
<arg>username</arg>
<arg>password</arg>
<doc>Returns a list containing given items.</doc>
<status status="PASS" start="2024-06-30T16:18:38.575649" elapsed="0.000195"/>
</kw>
<for flavor="IN">
<iter>
<kw name="Dictionary Should Contain Key" owner="Collections">
<arg>${json_data['results'][0]['login']}</arg>
<arg>${keyTwo}</arg>
<doc>Fails if ``key`` is not found from ``dictionary``.</doc>
<status status="PASS" start="2024-06-30T16:18:38.576352" elapsed="0.000392"/>
</kw>
<kw name="Dictionary Should Contain Key" owner="Collections">
<arg>${json_data['results'][0]['login']}</arg>
<arg>${keyTwo}</arg>
<doc>Fails if ``key`` is not found from ``dictionary``.</doc>
<status status="PASS" start="2024-06-30T16:18:38.576924" elapsed="0.000378"/>
</kw>
<kw name="Log" owner="BuiltIn">
<msg time="2024-06-30T16:18:38.577611" level="INFO">username</msg>
<arg>${keyTwo}</arg>
<doc>Logs the given message with the given level.</doc>
<status status="PASS" start="2024-06-30T16:18:38.577486" elapsed="0.000163"/>
</kw>
<var name="${keyTwo}">username</var>
<status status="PASS" start="2024-06-30T16:18:38.576243" elapsed="0.001626"/>
</iter>
<iter>
<kw name="Dictionary Should Contain Key" owner="Collections">
<arg>${json_data['results'][0]['login']}</arg>
<arg>${keyTwo}</arg>
<doc>Fails if ``key`` is not found from ``dictionary``.</doc>
<status status="PASS" start="2024-06-30T16:18:38.578149" elapsed="0.000386"/>
</kw>
<kw name="Dictionary Should Contain Key" owner="Collections">
<arg>${json_data['results'][0]['login']}</arg>
<arg>${keyTwo}</arg>
<doc>Fails if ``key`` is not found from ``dictionary``.</doc>
<status status="PASS" start="2024-06-30T16:18:38.578714" elapsed="0.000377"/>
</kw>
<kw name="Log" owner="BuiltIn">
<msg time="2024-06-30T16:18:38.579425" level="INFO">password</msg>
<arg>${keyTwo}</arg>
<doc>Logs the given message with the given level.</doc>
<status status="PASS" start="2024-06-30T16:18:38.579268" elapsed="0.000201"/>
</kw>
<var name="${keyTwo}">password</var>
<status status="PASS" start="2024-06-30T16:18:38.578043" elapsed="0.001648"/>
</iter>
<var>${keyTwo}</var>
<value>@{expected_keysTwo}</value>
<status status="PASS" start="2024-06-30T16:18:38.576088" elapsed="0.003726"/>
</for>
<status status="PASS" start="2024-06-30T16:18:38.466274" elapsed="0.113679"/>
</kw>
<doc>Testa a estrutura da resposta da API.</doc>
<tag>testeEstruturaResposta</tag>
<status status="PASS" start="2024-06-30T16:18:38.465488" elapsed="0.114613"/>
</test>
<test id="s1-s1-t4" name="Validar tipos de dados" line="28">
<kw name="Teste de Tipos de Dados" owner="random-user-service">
<kw name="GET On Session" owner="RequestsLibrary">
<msg time="2024-06-30T16:18:38.657833" level="INFO">GET Request : url=https://randomuser.me/api 
 path_url=/api 
 headers={'User-Agent': 'python-requests/2.32.3', 'Accept-Encoding': 'gzip, deflate', 'Accept': '*/*', 'Connection': 'keep-alive'} 
 body=None 
 </msg>
<msg time="2024-06-30T16:18:38.657921" level="INFO">GET Response : url=https://randomuser.me/api 
 status=200, reason=OK 
 headers={'Date': 'Sun, 30 Jun 2024 16:18:38 GMT', 'Content-Type': 'application/json; charset=utf-8', 'Transfer-Encoding': 'chunked', 'Connection': 'keep-alive', 'X-Powered-By': 'Express', 'Access-Control-Allow-Origin': '*', 'Cache-Control': 'no-cache', 'ETag': 'W/"480-BBC5zFMfjVXnIUJCBWiq8qwndLQ"', 'Vary': 'Accept-Encoding', 'Content-Encoding': 'gzip', 'CF-Cache-Status': 'DYNAMIC', 'Report-To': '{"endpoints":[{"url":"https:\\/\\/a.nel.cloudflare.com\\/report\\/v4?s=bG2yJodmkQEl2gAgtnHAy7xTe1oagh3wn8Eyfwh%2FLW08DsVlzKSdth2z%2B6xnw5sU0p%2FUn8XMktsBZpJ4ZKMFovwIY4v3mFPvDX3%2BnVEa7Tb62P2NtByWund3uceKGoI4"}],"group":"cf-nel","max_age":604800}', 'NEL': '{"success_fraction":0,"report_to":"cf-nel","max_age":604800}', 'Server': 'cloudflare', 'CF-RAY': '89bf792f2b2c9c6c-IAD', 'alt-svc': 'h3=":443"; ma=86400'} 
 body={"results":[{"gender":"female","name":{"title":"Miss","first":"مهرسا","last":"کامروا"},"location":{"street":{"number":8783,"name":"آیت‌الله مدنی"},"city":"اهواز","state":"اردبیل","country":"Iran","postcode":13158,"coordinates":{"latitude":"15.0135","longitude":"88.1822"},"timezone":{"offset":"+3:30","description":"Tehran"}},"email":"mhrs.khmrw@example.com","login":{"uuid":"bd59e121-0b20-4862-9d2b-04dcffa5f520","username":"sadbear327","password":"bridge","salt":"SiaIzjY1","md5":"8af981120cb05fe5e4adab36bdd2ac57","sha1":"bcd772ded31233d6605de3cc780b96e348c5cb13","sha256":"9c00cf4f16887cd6470767829cd438950ad1b6abe7d30bf364e84c096a63466d"},"dob":{"date":"1992-05-12T19:34:04.526Z","age":32},"registered":{"date":"2017-10-11T13:10:38.396Z","age":6},"phone":"096-39310978","cell":"0944-387-7074","id":{"name":"","value":null},"picture":{"large":"https://randomuser.me/api/portraits/women/93.jpg","medium":"https://randomuser.me/api/portraits/med/women/93.jpg","thumbnail":"https://randomuser.me/api/portraits/thumb/women/93.jpg"},"nat":"IR"}],"info":{"seed":"f3df915846a1e2a7","results":1,"page":1,"version":"1.4"}} 
 </msg>
<msg time="2024-06-30T16:18:38.658001" level="INFO">/opt/hostedtoolcache/Python/3.12.4/x64/lib/python3.12/site-packages/urllib3/connectionpool.py:1099: InsecureRequestWarning: Unverified HTTPS request is being made to host 'randomuser.me'. Adding certificate verification is strongly advised. See: https://urllib3.readthedocs.io/en/latest/advanced-usage.html#tls-warnings
  warnings.warn(</msg>
<msg time="2024-06-30T16:18:38.658143" level="INFO">${response} = &lt;Response [200]&gt;</msg>
<var>${response}</var>
<arg>consultarAPI</arg>
<arg>/api</arg>
<doc>Sends a GET request on a previously created HTTP Session.</doc>
<status status="PASS" start="2024-06-30T16:18:38.582704" elapsed="0.075496"/>
</kw>
<kw name="Set Variable" owner="BuiltIn">
<msg time="2024-06-30T16:18:38.659073" level="INFO">${json_data} = {'results': [{'gender': 'female', 'name': {'title': 'Miss', 'first': 'مهرسا', 'last': 'کامروا'}, 'location': {'street': {'number': 8783, 'name': 'آیت\u200cالله مدنی'}, 'city': 'اهواز', 'state': 'اردبی...</msg>
<var>${json_data}</var>
<arg>${response.json()}</arg>
<doc>Returns the given values which can then be assigned to a variables.</doc>
<status status="PASS" start="2024-06-30T16:18:38.658604" elapsed="0.000503"/>
</kw>
<kw name="Log" owner="BuiltIn">
<msg time="2024-06-30T16:18:38.659621" level="INFO">{'results': [{'gender': 'female', 'name': {'title': 'Miss', 'first': 'مهرسا', 'last': 'کامروا'}, 'location': {'street': {'number': 8783, 'name': 'آیت\u200cالله مدنی'}, 'city': 'اهواز', 'state': 'اردبیل', 'country': 'Iran', 'postcode': 13158, 'coordinates': {'latitude': '15.0135', 'longitude': '88.1822'}, 'timezone': {'offset': '+3:30', 'description': 'Tehran'}}, 'email': 'mhrs.khmrw@example.com', 'login': {'uuid': 'bd59e121-0b20-4862-9d2b-04dcffa5f520', 'username': 'sadbear327', 'password': 'bridge', 'salt': 'SiaIzjY1', 'md5': '8af981120cb05fe5e4adab36bdd2ac57', 'sha1': 'bcd772ded31233d6605de3cc780b96e348c5cb13', 'sha256': '9c00cf4f16887cd6470767829cd438950ad1b6abe7d30bf364e84c096a63466d'}, 'dob': {'date': '1992-05-12T19:34:04.526Z', 'age': 32}, 'registered': {'date': '2017-10-11T13:10:38.396Z', 'age': 6}, 'phone': '096-39310978', 'cell': '0944-387-7074', 'id': {'name': '', 'value': None}, 'picture': {'large': 'https://randomuser.me/api/portraits/women/93.jpg', 'medium': 'https://randomuser.me/api/portraits/med/women/93.jpg', 'thumbnail': 'https://randomuser.me/api/portraits/thumb/women/93.jpg'}, 'nat': 'IR'}], 'info': {'seed': 'f3df915846a1e2a7', 'results': 1, 'page': 1, 'version': '1.4'}}</msg>
<arg>${json_data}</arg>
<doc>Logs the given message with the given level.</doc>
<status status="PASS" start="2024-06-30T16:18:38.659461" elapsed="0.000210"/>
</kw>
<kw name="Should Be String" owner="String">
<arg>${json_data['results'][0]['gender']}</arg>
<doc>Fails if the given ``item`` is not a string.</doc>
<status status="PASS" start="2024-06-30T16:18:38.659963" elapsed="0.000361"/>
</kw>
<kw name="Should Match Regexp" owner="BuiltIn">
<arg>${json_data['results'][0]['email']}</arg>
<arg>^[a-zA-Z0-9._%+-]+@[a-zA-Z0-9.-]+\.[a-zA-Z]{2,}$</arg>
<doc>Fails if ``string`` does not match ``pattern`` as a regular expression.</doc>
<status status="PASS" start="2024-06-30T16:18:38.660511" elapsed="0.000545"/>
</kw>
<kw name="Should Match Regexp" owner="BuiltIn">
<arg>${json_data['results'][0]['dob']['date']}</arg>
<arg>\\d{4}-\\d{2}-\\d{2}T\\d{2}:\\d{2}:\\d{2}\\.\\d{3}Z</arg>
<doc>Fails if ``string`` does not match ``pattern`` as a regular expression.</doc>
<status status="PASS" start="2024-06-30T16:18:38.661249" elapsed="0.000477"/>
</kw>
<kw name="Should Match Regexp" owner="BuiltIn">
<arg>${json_data['results'][0]['registered']['date']}</arg>
<arg>\\d{4}-\\d{2}-\\d{2}T\\d{2}:\\d{2}:\\d{2}\\.\\d{3}Z</arg>
<doc>Fails if ``string`` does not match ``pattern`` as a regular expression.</doc>
<status status="PASS" start="2024-06-30T16:18:38.661913" elapsed="0.000359"/>
</kw>
<kw name="Should Match Regexp" owner="BuiltIn">
<arg>${json_data['results'][0]['picture']['large']}</arg>
<arg>^https?://.*\.(?:png|jpe?g|gif|bmp)$</arg>
<doc>Fails if ``string`` does not match ``pattern`` as a regular expression.</doc>
<status status="PASS" start="2024-06-30T16:18:38.662451" elapsed="0.000452"/>
</kw>
<kw name="Should Match Regexp" owner="BuiltIn">
<arg>${json_data['results'][0]['picture']['medium']}</arg>
<arg>^https?://.*\.(?:png|jpe?g|gif|bmp)$</arg>
<doc>Fails if ``string`` does not match ``pattern`` as a regular expression.</doc>
<status status="PASS" start="2024-06-30T16:18:38.663086" elapsed="0.000381"/>
</kw>
<kw name="Should Match Regexp" owner="BuiltIn">
<arg>${json_data['results'][0]['picture']['thumbnail']}</arg>
<arg>^https?://.*\.(?:png|jpe?g|gif|bmp)$</arg>
<doc>Fails if ``string`` does not match ``pattern`` as a regular expression.</doc>
<status status="PASS" start="2024-06-30T16:18:38.663648" elapsed="0.000347"/>
</kw>
<kw name="Log" owner="BuiltIn">
<msg time="2024-06-30T16:18:38.664504" level="INFO">{'large': 'https://randomuser.me/api/portraits/women/93.jpg', 'medium': 'https://randomuser.me/api/portraits/med/women/93.jpg', 'thumbnail': 'https://randomuser.me/api/portraits/thumb/women/93.jpg'}</msg>
<arg>${json_data['results'][0]['picture']}</arg>
<doc>Logs the given message with the given level.</doc>
<status status="PASS" start="2024-06-30T16:18:38.664177" elapsed="0.000369"/>
</kw>
<status status="PASS" start="2024-06-30T16:18:38.582480" elapsed="0.082317"/>
</kw>
<kw name="Teste de Tipos de Dados - Postcode" owner="random-user-service">
<kw name="GET On Session" owner="RequestsLibrary">
<msg time="2024-06-30T16:18:38.790397" level="INFO">GET Request : url=https://randomuser.me/api 
 path_url=/api 
 headers={'User-Agent': 'python-requests/2.32.3', 'Accept-Encoding': 'gzip, deflate', 'Accept': '*/*', 'Connection': 'keep-alive'} 
 body=None 
 </msg>
<msg time="2024-06-30T16:18:38.790475" level="INFO">GET Response : url=https://randomuser.me/api 
 status=200, reason=OK 
 headers={'Date': 'Sun, 30 Jun 2024 16:18:38 GMT', 'Content-Type': 'application/json; charset=utf-8', 'Transfer-Encoding': 'chunked', 'Connection': 'keep-alive', 'X-Powered-By': 'Express', 'Access-Control-Allow-Origin': '*', 'Cache-Control': 'no-cache', 'ETag': 'W/"46f-jZ073G0DULfYKgLZ1KBCo02xxyc"', 'Vary': 'Accept-Encoding', 'Content-Encoding': 'gzip', 'CF-Cache-Status': 'DYNAMIC', 'Report-To': '{"endpoints":[{"url":"https:\\/\\/a.nel.cloudflare.com\\/report\\/v4?s=6T6UDZuqJwP1PdCMpjaQaHmuaeiLEZkIhLNBKN88iC63h27SViiXtCBhJt8cA7CrE%2Bhu2R5hXpggOikSA9G%2BF69PY6FWGq%2BxvvhkBHSQuOXpoe8WnciKbcErSHep7SXt"}],"group":"cf-nel","max_age":604800}', 'NEL': '{"success_fraction":0,"report_to":"cf-nel","max_age":604800}', 'Server': 'cloudflare', 'CF-RAY': '89bf792fabb39c6c-IAD', 'alt-svc': 'h3=":443"; ma=86400'} 
 body={"results":[{"gender":"male","name":{"title":"Mr","first":"Jesse","last":"Ellis"},"location":{"street":{"number":509,"name":"York Road"},"city":"Carrickmacross","state":"Roscommon","country":"Ireland","postcode":13803,"coordinates":{"latitude":"0.6530","longitude":"-113.2072"},"timezone":{"offset":"+5:45","description":"Kathmandu"}},"email":"jesse.ellis@example.com","login":{"uuid":"73c0f2c0-1a1d-4600-acfa-31848c4b79c1","username":"yellowmouse285","password":"shotgun","salt":"hOgZAccP","md5":"767acda78b4b6f05b14a4a240b4b2f15","sha1":"9b3ae3b70b2ca20afd876a7e4423e4e3b7395f59","sha256":"1e22e1886efc83a278364546a950a26f6f3d80a7f7e02e4476f6516d67171e22"},"dob":{"date":"1949-03-28T07:09:13.843Z","age":75},"registered":{"date":"2013-07-04T10:35:16.212Z","age":10},"phone":"041-726-4571","cell":"081-417-0730","id":{"name":"PPS","value":"2240147T"},"picture":{"large":"https://randomuser.me/api/portraits/men/28.jpg","medium":"https://randomuser.me/api/portraits/med/men/28.jpg","thumbnail":"https://randomuser.me/api/portraits/thumb/men/28.jpg"},"nat":"IE"}],"info":{"seed":"91f976060073d1b8","results":1,"page":1,"version":"1.4"}} 
 </msg>
<msg time="2024-06-30T16:18:38.790541" level="INFO">/opt/hostedtoolcache/Python/3.12.4/x64/lib/python3.12/site-packages/urllib3/connectionpool.py:1099: InsecureRequestWarning: Unverified HTTPS request is being made to host 'randomuser.me'. Adding certificate verification is strongly advised. See: https://urllib3.readthedocs.io/en/latest/advanced-usage.html#tls-warnings
  warnings.warn(</msg>
<msg time="2024-06-30T16:18:38.790656" level="INFO">${response} = &lt;Response [200]&gt;</msg>
<var>${response}</var>
<arg>consultarAPI</arg>
<arg>/api</arg>
<doc>Sends a GET request on a previously created HTTP Session.</doc>
<status status="PASS" start="2024-06-30T16:18:38.665232" elapsed="0.125465"/>
</kw>
<kw name="Set Variable" owner="BuiltIn">
<msg time="2024-06-30T16:18:38.791598" level="INFO">${json_data} = {'results': [{'gender': 'male', 'name': {'title': 'Mr', 'first': 'Jesse', 'last': 'Ellis'}, 'location': {'street': {'number': 509, 'name': 'York Road'}, 'city': 'Carrickmacross', 'state': 'Roscommon',...</msg>
<var>${json_data}</var>
<arg>${response.json()}</arg>
<doc>Returns the given values which can then be assigned to a variables.</doc>
<status status="PASS" start="2024-06-30T16:18:38.791088" elapsed="0.000556"/>
</kw>
<kw name="Log" owner="BuiltIn">
<msg time="2024-06-30T16:18:38.792251" level="INFO">{'results': [{'gender': 'male', 'name': {'title': 'Mr', 'first': 'Jesse', 'last': 'Ellis'}, 'location': {'street': {'number': 509, 'name': 'York Road'}, 'city': 'Carrickmacross', 'state': 'Roscommon', 'country': 'Ireland', 'postcode': 13803, 'coordinates': {'latitude': '0.6530', 'longitude': '-113.2072'}, 'timezone': {'offset': '+5:45', 'description': 'Kathmandu'}}, 'email': 'jesse.ellis@example.com', 'login': {'uuid': '73c0f2c0-1a1d-4600-acfa-31848c4b79c1', 'username': 'yellowmouse285', 'password': 'shotgun', 'salt': 'hOgZAccP', 'md5': '767acda78b4b6f05b14a4a240b4b2f15', 'sha1': '9b3ae3b70b2ca20afd876a7e4423e4e3b7395f59', 'sha256': '1e22e1886efc83a278364546a950a26f6f3d80a7f7e02e4476f6516d67171e22'}, 'dob': {'date': '1949-03-28T07:09:13.843Z', 'age': 75}, 'registered': {'date': '2013-07-04T10:35:16.212Z', 'age': 10}, 'phone': '041-726-4571', 'cell': '081-417-0730', 'id': {'name': 'PPS', 'value': '2240147T'}, 'picture': {'large': 'https://randomuser.me/api/portraits/men/28.jpg', 'medium': 'https://randomuser.me/api/portraits/med/men/28.jpg', 'thumbnail': 'https://randomuser.me/api/portraits/thumb/men/28.jpg'}, 'nat': 'IE'}], 'info': {'seed': '91f976060073d1b8', 'results': 1, 'page': 1, 'version': '1.4'}}</msg>
<arg>${json_data}</arg>
<doc>Logs the given message with the given level.</doc>
<status status="PASS" start="2024-06-30T16:18:38.792089" elapsed="0.000231"/>
</kw>
<kw name="Should Be Equal As Numbers" owner="BuiltIn">
<arg>${json_data['results'][0]['location']['postcode']}</arg>
<arg>${json_data['results'][0]['location']['postcode']}</arg>
<doc>Fails if objects are unequal after converting them to real numbers.</doc>
<status status="PASS" start="2024-06-30T16:18:38.792660" elapsed="0.000632"/>
</kw>
<kw name="Log" owner="BuiltIn">
<msg time="2024-06-30T16:18:38.793818" level="INFO">13803</msg>
<arg>${json_data['results'][0]['location']['postcode']}</arg>
<doc>Logs the given message with the given level.</doc>
<status status="PASS" start="2024-06-30T16:18:38.793489" elapsed="0.000370"/>
</kw>
<status status="PASS" start="2024-06-30T16:18:38.665006" elapsed="0.129126"/>
</kw>
<doc>Testa se os tipos de dados na resposta da API estão corretos.</doc>
<tag>testeTiposDados</tag>
<status status="PASS" start="2024-06-30T16:18:38.581847" elapsed="0.212442"/>
</test>
<test id="s1-s1-t5" name="Validar conteudo" line="35">
<kw name="Teste de Tipos de Conteudo" owner="random-user-service">
<kw name="GET On Session" owner="RequestsLibrary">
<msg time="2024-06-30T16:18:38.871124" level="INFO">GET Request : url=https://randomuser.me/api 
 path_url=/api 
 headers={'User-Agent': 'python-requests/2.32.3', 'Accept-Encoding': 'gzip, deflate', 'Accept': '*/*', 'Connection': 'keep-alive'} 
 body=None 
 </msg>
<msg time="2024-06-30T16:18:38.871210" level="INFO">GET Response : url=https://randomuser.me/api 
 status=200, reason=OK 
 headers={'Date': 'Sun, 30 Jun 2024 16:18:38 GMT', 'Content-Type': 'application/json; charset=utf-8', 'Transfer-Encoding': 'chunked', 'Connection': 'keep-alive', 'X-Powered-By': 'Express', 'Access-Control-Allow-Origin': '*', 'Cache-Control': 'no-cache', 'ETag': 'W/"4a9-OfgxJtEZXaTDw8Ui5F/gKEyU2WE"', 'Vary': 'Accept-Encoding', 'Content-Encoding': 'gzip', 'CF-Cache-Status': 'DYNAMIC', 'Report-To': '{"endpoints":[{"url":"https:\\/\\/a.nel.cloudflare.com\\/report\\/v4?s=hL9ChBqo9qAD23uHVQzKc5d6NEq5eXoslE4QhqAqAivrj0EgcNAca5Qxm602koCxs0Yb6YZ2YaxG6Eo1iz8CAal%2BcMhVUt2xq6T8YspiHkCmGROzLxrFUz44zG6MfiBC"}],"group":"cf-nel","max_age":604800}', 'NEL': '{"success_fraction":0,"report_to":"cf-nel","max_age":604800}', 'Server': 'cloudflare', 'CF-RAY': '89bf79307c969c6c-IAD', 'alt-svc': 'h3=":443"; ma=86400'} 
 body={"results":[{"gender":"female","name":{"title":"Ms","first":"Eléna","last":"Sanchez"},"location":{"street":{"number":6985,"name":"Rue des Ecrivains"},"city":"Tourcoing","state":"Isère","country":"France","postcode":51164,"coordinates":{"latitude":"-18.5393","longitude":"111.8832"},"timezone":{"offset":"+5:00","description":"Ekaterinburg, Islamabad, Karachi, Tashkent"}},"email":"elena.sanchez@example.com","login":{"uuid":"5fbabbe8-7de9-4ed4-87e0-f56a5b981f4a","username":"angryzebra416","password":"truck1","salt":"14J52rrD","md5":"3d15a090275f0fb85359166cfeb973c2","sha1":"d69ef1be74690157b626d63e2511bc230734f583","sha256":"63c6976f854d1a68b56ac4a45d7f65ae928e718f4e16b5a3d5ce3d241e26f7f1"},"dob":{"date":"1966-11-20T05:46:40.851Z","age":57},"registered":{"date":"2015-09-08T10:49:39.509Z","age":8},"phone":"04-65-09-26-24","cell":"06-87-25-22-87","id":{"name":"INSEE","value":"2661088138963 17"},"picture":{"large":"https://randomuser.me/api/portraits/women/35.jpg","medium":"https://randomuser.me/api/portraits/med/women/35.jpg","thumbnail":"https://randomuser.me/api/portraits/thumb/women/35.jpg"},"nat":"FR"}],"info":{"seed":"36119cfb5145e101","results":1,"page":1,"version":"1.4"}} 
 </msg>
<msg time="2024-06-30T16:18:38.871333" level="INFO">/opt/hostedtoolcache/Python/3.12.4/x64/lib/python3.12/site-packages/urllib3/connectionpool.py:1099: InsecureRequestWarning: Unverified HTTPS request is being made to host 'randomuser.me'. Adding certificate verification is strongly advised. See: https://urllib3.readthedocs.io/en/latest/advanced-usage.html#tls-warnings
  warnings.warn(</msg>
<msg time="2024-06-30T16:18:38.871482" level="INFO">${response} = &lt;Response [200]&gt;</msg>
<var>${response}</var>
<arg>consultarAPI</arg>
<arg>/api</arg>
<doc>Sends a GET request on a previously created HTTP Session.</doc>
<status status="PASS" start="2024-06-30T16:18:38.797558" elapsed="0.073992"/>
</kw>
<kw name="Set Variable" owner="BuiltIn">
<msg time="2024-06-30T16:18:38.872393" level="INFO">${json_data} = {'results': [{'gender': 'female', 'name': {'title': 'Ms', 'first': 'Eléna', 'last': 'Sanchez'}, 'location': {'street': {'number': 6985, 'name': 'Rue des Ecrivains'}, 'city': 'Tourcoing', 'state': 'Isè...</msg>
<var>${json_data}</var>
<arg>${response.json()}</arg>
<doc>Returns the given values which can then be assigned to a variables.</doc>
<status status="PASS" start="2024-06-30T16:18:38.871954" elapsed="0.000468"/>
</kw>
<kw name="Set Variable" owner="BuiltIn">
<msg time="2024-06-30T16:18:38.873090" level="INFO">${name_title} = Ms</msg>
<var>${name_title}</var>
<arg>${json_data["results"][0]["name"]["title"]}</arg>
<doc>Returns the given values which can then be assigned to a variables.</doc>
<status status="PASS" start="2024-06-30T16:18:38.872719" elapsed="0.000396"/>
</kw>
<kw name="Create List" owner="BuiltIn">
<msg time="2024-06-30T16:18:38.873549" level="INFO">${allowed_titles} = ['Mr', 'Ms', 'Miss', 'Mrs', 'Madame', 'Monsieur']</msg>
<var>${allowed_titles}</var>
<arg>Mr</arg>
<arg>Ms</arg>
<arg>Miss</arg>
<arg>Mrs</arg>
<arg>Madame</arg>
<arg>Monsieur</arg>
<doc>Returns a list containing given items.</doc>
<status status="PASS" start="2024-06-30T16:18:38.873403" elapsed="0.000170"/>
</kw>
<kw name="List Should Contain Value" owner="Collections">
<arg>${allowed_titles}</arg>
<arg>${name_title}</arg>
<doc>Fails if the ``value`` is not found from ``list``.</doc>
<status status="PASS" start="2024-06-30T16:18:38.873864" elapsed="0.000169"/>
</kw>
<kw name="Set Variable" owner="BuiltIn">
<msg time="2024-06-30T16:18:38.874566" level="INFO">${name_country} = FR</msg>
<var>${name_country}</var>
<arg>${json_data["results"][0]["nat"]}</arg>
<doc>Returns the given values which can then be assigned to a variables.</doc>
<status status="PASS" start="2024-06-30T16:18:38.874208" elapsed="0.000381"/>
</kw>
<kw name="Create List" owner="BuiltIn">
<msg time="2024-06-30T16:18:38.875495" level="INFO">${list_country} = ['AD', 'AE', 'AF', 'AG', 'AI', 'AL', 'AM', 'AO', 'AQ', 'AR', 'AS', 'AT', 'AU', 'AW', 'AX', 'AZ', 'BA', 'BB', 'BD', 'BE', 'BF', 'BG', 'BH', 'BI', 'BJ', 'BL', 'BM', 'BN', 'BO', 'BQ', 'BR', 'BS', 'BT', '...</msg>
<var>${list_country}</var>
<arg>AD</arg>
<arg>AE</arg>
<arg>AF</arg>
<arg>AG</arg>
<arg>AI</arg>
<arg>AL</arg>
<arg>AM</arg>
<arg>AO</arg>
<arg>AQ</arg>
<arg>AR</arg>
<arg>AS</arg>
<arg>AT</arg>
<arg>AU</arg>
<arg>AW</arg>
<arg>AX</arg>
<arg>AZ</arg>
<arg>BA</arg>
<arg>BB</arg>
<arg>BD</arg>
<arg>BE</arg>
<arg>BF</arg>
<arg>BG</arg>
<arg>BH</arg>
<arg>BI</arg>
<arg>BJ</arg>
<arg>BL</arg>
<arg>BM</arg>
<arg>BN</arg>
<arg>BO</arg>
<arg>BQ</arg>
<arg>BR</arg>
<arg>BS</arg>
<arg>BT</arg>
<arg>BV</arg>
<arg>BW</arg>
<arg>BY</arg>
<arg>BZ</arg>
<arg>CA</arg>
<arg>CC</arg>
<arg>CD</arg>
<arg>CF</arg>
<arg>CG</arg>
<arg>CH</arg>
<arg>CI</arg>
<arg>CK</arg>
<arg>CL</arg>
<arg>CM</arg>
<arg>CN</arg>
<arg>CO</arg>
<arg>CR</arg>
<arg>CU</arg>
<arg>CV</arg>
<arg>CW</arg>
<arg>CX</arg>
<arg>CY</arg>
<arg>CZ</arg>
<arg>DE</arg>
<arg>DJ</arg>
<arg>DK</arg>
<arg>DM</arg>
<arg>DO</arg>
<arg>DZ</arg>
<arg>EC</arg>
<arg>EE</arg>
<arg>EG</arg>
<arg>EH</arg>
<arg>ER</arg>
<arg>ES</arg>
<arg>ET</arg>
<arg>FI</arg>
<arg>FJ</arg>
<arg>FK</arg>
<arg>FM</arg>
<arg>FO</arg>
<arg>FR</arg>
<arg>GA</arg>
<arg>GB</arg>
<arg>GD</arg>
<arg>GE</arg>
<arg>GF</arg>
<arg>GG</arg>
<arg>GH</arg>
<arg>GI</arg>
<arg>GL</arg>
<arg>GM</arg>
<arg>GN</arg>
<arg>GP</arg>
<arg>GQ</arg>
<arg>GR</arg>
<arg>GS</arg>
<arg>GT</arg>
<arg>GU</arg>
<arg>GW</arg>
<arg>GY</arg>
<arg>HK</arg>
<arg>HM</arg>
<arg>HN</arg>
<arg>HR</arg>
<arg>HT</arg>
<arg>HU</arg>
<arg>ID</arg>
<arg>IE</arg>
<arg>IL</arg>
<arg>IM</arg>
<arg>IN</arg>
<arg>IO</arg>
<arg>IQ</arg>
<arg>IR</arg>
<arg>IS</arg>
<arg>IT</arg>
<arg>JE</arg>
<arg>JM</arg>
<arg>JO</arg>
<arg>JP</arg>
<arg>KE</arg>
<arg>KG</arg>
<arg>KH</arg>
<arg>KI</arg>
<arg>KM</arg>
<arg>KN</arg>
<arg>KP</arg>
<arg>KR</arg>
<arg>KW</arg>
<arg>KY</arg>
<arg>KZ</arg>
<arg>LA</arg>
<arg>LB</arg>
<arg>LC</arg>
<arg>LI</arg>
<arg>LK</arg>
<arg>LR</arg>
<arg>LS</arg>
<arg>LT</arg>
<arg>LU</arg>
<arg>LV</arg>
<arg>LY</arg>
<arg>MA</arg>
<arg>MC</arg>
<arg>MD</arg>
<arg>ME</arg>
<arg>MF</arg>
<arg>MG</arg>
<arg>MH</arg>
<arg>MK</arg>
<arg>ML</arg>
<arg>MM</arg>
<arg>MN</arg>
<arg>MO</arg>
<arg>MP</arg>
<arg>MQ</arg>
<arg>MR</arg>
<arg>MS</arg>
<arg>MT</arg>
<arg>MU</arg>
<arg>MV</arg>
<arg>MW</arg>
<arg>MX</arg>
<arg>MY</arg>
<arg>MZ</arg>
<arg>NA</arg>
<arg>NC</arg>
<arg>NE</arg>
<arg>NF</arg>
<arg>NG</arg>
<arg>NI</arg>
<arg>NL</arg>
<arg>NO</arg>
<arg>NP</arg>
<arg>NR</arg>
<arg>NU</arg>
<arg>NZ</arg>
<arg>OM</arg>
<arg>PA</arg>
<arg>PE</arg>
<arg>PF</arg>
<arg>PG</arg>
<arg>PH</arg>
<arg>PK</arg>
<arg>PL</arg>
<arg>PM</arg>
<arg>PN</arg>
<arg>PR</arg>
<arg>PS</arg>
<arg>PT</arg>
<arg>PW</arg>
<arg>PY</arg>
<arg>QA</arg>
<arg>RE</arg>
<arg>RO</arg>
<arg>RS</arg>
<arg>RU</arg>
<arg>RW</arg>
<arg>SA</arg>
<arg>SB</arg>
<arg>SC</arg>
<arg>SD</arg>
<arg>SE</arg>
<arg>SG</arg>
<arg>SH</arg>
<arg>SI</arg>
<arg>SJ</arg>
<arg>SK</arg>
<arg>SL</arg>
<arg>SM</arg>
<arg>SN</arg>
<arg>SO</arg>
<arg>SR</arg>
<arg>SS</arg>
<arg>ST</arg>
<arg>SV</arg>
<arg>SX</arg>
<arg>SY</arg>
<arg>SZ</arg>
<arg>TC</arg>
<arg>TD</arg>
<arg>TF</arg>
<arg>TG</arg>
<arg>TH</arg>
<arg>TJ</arg>
<arg>TK</arg>
<arg>TL</arg>
<arg>TM</arg>
<arg>TN</arg>
<arg>TO</arg>
<arg>TR</arg>
<arg>TT</arg>
<arg>TV</arg>
<arg>TW</arg>
<arg>TZ</arg>
<arg>UA</arg>
<arg>UG</arg>
<arg>UM</arg>
<arg>US</arg>
<arg>UY</arg>
<arg>UZ</arg>
<arg>VA</arg>
<arg>VC</arg>
<arg>VE</arg>
<arg>VG</arg>
<arg>VI</arg>
<arg>VN</arg>
<arg>VU</arg>
<arg>WF</arg>
<arg>WS</arg>
<arg>XK</arg>
<arg>YE</arg>
<arg>YT</arg>
<arg>ZA</arg>
<arg>ZM</arg>
<arg>ZW</arg>
<doc>Returns a list containing given items.</doc>
<status status="PASS" start="2024-06-30T16:18:38.874871" elapsed="0.000650"/>
</kw>
<kw name="List Should Contain Value" owner="Collections">
<arg>${list_country}</arg>
<arg>${name_country}</arg>
<doc>Fails if the ``value`` is not found from ``list``.</doc>
<status status="PASS" start="2024-06-30T16:18:38.876322" elapsed="0.000199"/>
</kw>
<kw name="Run Keyword If" owner="BuiltIn">
<kw name="Should Be True" owner="BuiltIn">
<arg>${True}</arg>
<doc>Fails if the given condition is not true.</doc>
<status status="PASS" start="2024-06-30T16:18:38.877512" elapsed="0.000140"/>
</kw>
<arg>${json_data["results"][0]["location"]["coordinates"]["latitude"]} &gt;= -90 and ${json_data["results"][0]["location"]["coordinates"]["latitude"]} &lt;= 90</arg>
<arg>Should Be True</arg>
<arg>${True}</arg>
<doc>Runs the given keyword with the given arguments, if ``condition`` is true.</doc>
<status status="PASS" start="2024-06-30T16:18:38.876713" elapsed="0.001061"/>
</kw>
<kw name="Run Keyword If" owner="BuiltIn">
<kw name="Should Be True" owner="BuiltIn">
<arg>${True}</arg>
<doc>Fails if the given condition is not true.</doc>
<status status="PASS" start="2024-06-30T16:18:38.878635" elapsed="0.000134"/>
</kw>
<arg>${json_data["results"][0]["location"]["coordinates"]["longitude"]} &gt;= -180 and ${json_data["results"][0]["location"]["coordinates"]["longitude"]} &lt;= 180</arg>
<arg>Should Be True</arg>
<arg>${True}</arg>
<doc>Runs the given keyword with the given arguments, if ``condition`` is true.</doc>
<status status="PASS" start="2024-06-30T16:18:38.877950" elapsed="0.000939"/>
</kw>
<status status="PASS" start="2024-06-30T16:18:38.797019" elapsed="0.081992"/>
</kw>
<doc>Testa o conteúdo específico dos campos retornados pela API.</doc>
<tag>testeConteudo</tag>
<status status="PASS" start="2024-06-30T16:18:38.796403" elapsed="0.082744"/>
</test>
<status status="PASS" start="2024-06-30T16:18:37.888717" elapsed="0.992287"/>
</suite>
<status status="PASS" start="2024-06-30T16:18:37.874504" elapsed="1.011556"/>
</suite>
<statistics>
<total>
<stat pass="5" fail="0" skip="0">All Tests</stat>
</total>
<tag>
<stat pass="1" fail="0" skip="0">testeConteudo</stat>
<stat pass="1" fail="0" skip="0">testeEstruturaResposta</stat>
<stat pass="1" fail="0" skip="0">testeRequisicaoBasica</stat>
<stat pass="1" fail="0" skip="0">testeTiposDados</stat>
</tag>
<suite>
<stat pass="5" fail="0" skip="0" id="s1" name="Tests">Tests</stat>
<stat pass="5" fail="0" skip="0" id="s1-s1" name="Random-User-Test">Tests.Random-User-Test</stat>
</suite>
</statistics>
<errors>
</errors>
</robot>
