<?xml version="1.0" encoding="UTF-8"?>
<robot generator="Robot 7.0 (Python 3.12.2 on linux)" generated="2024-03-21T13:14:33.512920" rpa="false" schemaversion="5">
<suite id="s1" name="Tests" source="/home/runner/work/DesafioQAItauRogerioJordao/DesafioQAItauRogerioJordao/RamdonUser/tests">
<suite id="s1-s1" name="Random-User-Test" source="/home/runner/work/DesafioQAItauRogerioJordao/DesafioQAItauRogerioJordao/RamdonUser/tests/random-user-test.robot">
<test id="s1-s1-t1" name="Conectar" line="13">
<kw name="Conectar API" owner="random-user-service">
<kw name="Create Session" owner="RequestsLibrary">
<msg time="2024-03-21T13:14:33.892835" level="INFO">Creating Session using : alias=consultarAPI, url=https://randomuser.me/, headers={},                     cookies={}, auth=None, timeout=None, proxies=None, verify=False,                     debug=0 </msg>
<arg>consultarAPI</arg>
<arg>${URL}</arg>
<doc>Create Session: create a HTTP session to a server</doc>
<status status="PASS" start="2024-03-21T13:14:33.892560" elapsed="0.000485"/>
</kw>
<status status="PASS" start="2024-03-21T13:14:33.891540" elapsed="0.001911"/>
</kw>
<status status="PASS" start="2024-03-21T13:14:33.890783" elapsed="0.002868"/>
</test>
<test id="s1-s1-t2" name="Validar retorno 200 e JSON Válido" line="16">
<kw name="Teste de Requisicao Basica" owner="random-user-service">
<kw name="GET On Session" owner="RequestsLibrary">
<msg time="2024-03-21T13:14:34.007062" level="INFO">GET Request : url=https://randomuser.me/api 
 path_url=/api 
 headers={'User-Agent': 'python-requests/2.31.0', 'Accept-Encoding': 'gzip, deflate', 'Accept': '*/*', 'Connection': 'keep-alive'} 
 body=None 
 </msg>
<msg time="2024-03-21T13:14:34.007226" level="INFO">GET Response : url=https://randomuser.me/api 
 status=200, reason=OK 
 headers={'Date': 'Thu, 21 Mar 2024 13:14:34 GMT', 'Content-Type': 'application/json; charset=utf-8', 'Transfer-Encoding': 'chunked', 'Connection': 'keep-alive', 'X-Powered-By': 'Express', 'Access-Control-Allow-Origin': '*', 'Cache-Control': 'no-cache', 'ETag': 'W/"48a-XG3KXNfbiftdJYI2y5APL6p2kzo"', 'Vary': 'Accept-Encoding', 'Content-Encoding': 'gzip', 'CF-Cache-Status': 'DYNAMIC', 'Report-To': '{"endpoints":[{"url":"https:\\/\\/a.nel.cloudflare.com\\/report\\/v4?s=BmG2hFUaIlXJimfMc2cSA%2BbiYJs3bKz4tSxDsuANARsov14dQ4OGMx11vnXUTIQjHqERZTflLa%2BxHfV08cMqrqPcSL2kqu49qopp%2BaaRtuXGBd7LEYjXsq303sJlq4mX"}],"group":"cf-nel","max_age":604800}', 'NEL': '{"success_fraction":0,"report_to":"cf-nel","max_age":604800}', 'Server': 'cloudflare', 'CF-RAY': '867e34aa19d28f4c-ORD', 'alt-svc': 'h3=":443"; ma=86400'} 
 body={"results":[{"gender":"female","name":{"title":"Miss","first":"Fausta","last":"de Souza"},"location":{"street":{"number":5178,"name":"Rua São Pedro "},"city":"Boa Vista","state":"Amazonas","country":"Brazil","postcode":42630,"coordinates":{"latitude":"-80.2995","longitude":"38.3634"},"timezone":{"offset":"-2:00","description":"Mid-Atlantic"}},"email":"fausta.desouza@example.com","login":{"uuid":"55268c21-58fd-468e-bc4d-f01e481323a6","username":"smallzebra132","password":"dookie","salt":"F72AI58U","md5":"673117a057f0f31ab9895532034b7f4b","sha1":"a3ebe23907386d1485383a939da1e7d6d2f68d4b","sha256":"fc4b8988a8ff1d142501acbb8dac5e584406b9b943fda1885bddbdf8f0ed1d4c"},"dob":{"date":"1950-07-24T00:04:40.239Z","age":73},"registered":{"date":"2020-05-25T04:16:59.209Z","age":3},"phone":"(50) 2116-3166","cell":"(94) 8499-8630","id":{"name":"CPF","value":"854.460.748-61"},"picture":{"large":"https://randomuser.me/api/portraits/women/28.jpg","medium":"https://randomuser.me/api/portraits/med/women/28.jpg","thumbnail":"https://randomuser.me/api/portraits/thumb/women/28.jpg"},"nat":"BR"}],"info":{"seed":"d8a7d1c40823f128","results":1,"page":1,"version":"1.4"}} 
 </msg>
<msg time="2024-03-21T13:14:34.007342" level="INFO">/opt/hostedtoolcache/Python/3.12.2/x64/lib/python3.12/site-packages/urllib3/connectionpool.py:1103: InsecureRequestWarning: Unverified HTTPS request is being made to host 'randomuser.me'. Adding certificate verification is strongly advised. See: https://urllib3.readthedocs.io/en/latest/advanced-usage.html#tls-warnings
  warnings.warn(</msg>
<msg time="2024-03-21T13:14:34.007490" level="INFO">${response} = &lt;Response [200]&gt;</msg>
<var>${response}</var>
<arg>consultarAPI</arg>
<arg>/api</arg>
<doc>Sends a GET request on a previously created HTTP Session.</doc>
<status status="PASS" start="2024-03-21T13:14:33.896385" elapsed="0.111153"/>
</kw>
<kw name="Should Be Equal As Numbers" owner="BuiltIn">
<msg time="2024-03-21T13:14:34.008794" level="INFO">Argument types are:
&lt;class 'int'&gt;
&lt;class 'str'&gt;</msg>
<arg>${response.status_code}</arg>
<arg>200</arg>
<doc>Fails if objects are unequal after converting them to real numbers.</doc>
<status status="PASS" start="2024-03-21T13:14:34.008236" elapsed="0.000628"/>
</kw>
<kw name="Log" owner="BuiltIn">
<msg time="2024-03-21T13:14:34.009587" level="INFO">200</msg>
<arg>${response.status_code}</arg>
<doc>Logs the given message with the given level.</doc>
<status status="PASS" start="2024-03-21T13:14:34.009218" elapsed="0.000413"/>
</kw>
<kw name="Set Variable" owner="BuiltIn">
<msg time="2024-03-21T13:14:34.010473" level="INFO">${json_data} = {'results': [{'gender': 'female', 'name': {'title': 'Miss', 'first': 'Fausta', 'last': 'de Souza'}, 'location': {'street': {'number': 5178, 'name': 'Rua São Pedro '}, 'city': 'Boa Vista', 'state': 'Am...</msg>
<var>${json_data}</var>
<arg>${response.json()}</arg>
<doc>Returns the given values which can then be assigned to a variables.</doc>
<status status="PASS" start="2024-03-21T13:14:34.009959" elapsed="0.000544"/>
</kw>
<kw name="Dictionary Should Contain Key" owner="Collections">
<msg time="2024-03-21T13:14:34.011235" level="INFO">False</msg>
<arg>${json_data}</arg>
<arg>results</arg>
<doc>Fails if ``key`` is not found from ``dictionary``.</doc>
<status status="PASS" start="2024-03-21T13:14:34.010967" elapsed="0.000333"/>
</kw>
<status status="PASS" start="2024-03-21T13:14:33.896123" elapsed="0.115593"/>
</kw>
<doc>Testa se a API responde corretamente e retorna um objeto JSON válido.</doc>
<tag>testeRequisicaoBasica</tag>
<status status="PASS" start="2024-03-21T13:14:33.895562" elapsed="0.116444"/>
</test>
<test id="s1-s1-t3" name="Validar estrutura de resposta" line="22">
<kw name="Teste de Estrutura de Resposta" owner="random-user-service">
<kw name="GET On Session" owner="RequestsLibrary">
<msg time="2024-03-21T13:14:34.086314" level="INFO">GET Request : url=https://randomuser.me/api 
 path_url=/api 
 headers={'User-Agent': 'python-requests/2.31.0', 'Accept-Encoding': 'gzip, deflate', 'Accept': '*/*', 'Connection': 'keep-alive'} 
 body=None 
 </msg>
<msg time="2024-03-21T13:14:34.086421" level="INFO">GET Response : url=https://randomuser.me/api 
 status=200, reason=OK 
 headers={'Date': 'Thu, 21 Mar 2024 13:14:34 GMT', 'Content-Type': 'application/json; charset=utf-8', 'Transfer-Encoding': 'chunked', 'Connection': 'keep-alive', 'X-Powered-By': 'Express', 'Access-Control-Allow-Origin': '*', 'Cache-Control': 'no-cache', 'ETag': 'W/"4a2-KpImHNTN6RfWDzsxu6J6jQBsiO8"', 'Vary': 'Accept-Encoding', 'Content-Encoding': 'gzip', 'CF-Cache-Status': 'DYNAMIC', 'Report-To': '{"endpoints":[{"url":"https:\\/\\/a.nel.cloudflare.com\\/report\\/v4?s=K3EymMt2g%2BkHuf6oKiHMKLzlNBlaVV%2Bw04H6Sv8wUrl7rIjS%2BzLTlmjocIBdhbeNAIvTSKWn1H2ZAZChuu0srNrp9VtUArDm3CccQmwoH9WBLVGb4zA9IMMFrN6wkXG8"}],"group":"cf-nel","max_age":604800}', 'NEL': '{"success_fraction":0,"report_to":"cf-nel","max_age":604800}', 'Server': 'cloudflare', 'CF-RAY': '867e34aa9a478f4c-ORD', 'alt-svc': 'h3=":443"; ma=86400'} 
 body={"results":[{"gender":"male","name":{"title":"Mr","first":"Charlie","last":"Caron"},"location":{"street":{"number":2231,"name":"Rue Courbet"},"city":"Argenteuil","state":"Loiret","country":"France","postcode":25509,"coordinates":{"latitude":"-15.0556","longitude":"-33.7271"},"timezone":{"offset":"+5:00","description":"Ekaterinburg, Islamabad, Karachi, Tashkent"}},"email":"charlie.caron@example.com","login":{"uuid":"22a37092-5762-43e7-9646-7e847879c0fd","username":"goldengorilla521","password":"girfriend","salt":"wCzhn5Ew","md5":"c4d399944da88e7c429efe09064df0da","sha1":"6366716301da9a9121b27735fb6e140a154737bd","sha256":"154d1d1bab16ff54eaa0c800257a529b10c4672de2a3c01aa88362543d2e89bd"},"dob":{"date":"1995-07-12T06:33:02.412Z","age":28},"registered":{"date":"2013-04-07T14:11:47.082Z","age":10},"phone":"03-54-68-09-87","cell":"06-94-80-87-00","id":{"name":"INSEE","value":"1950662887243 38"},"picture":{"large":"https://randomuser.me/api/portraits/men/26.jpg","medium":"https://randomuser.me/api/portraits/med/men/26.jpg","thumbnail":"https://randomuser.me/api/portraits/thumb/men/26.jpg"},"nat":"FR"}],"info":{"seed":"eb0d945957e14df7","results":1,"page":1,"version":"1.4"}} 
 </msg>
<msg time="2024-03-21T13:14:34.086579" level="INFO">/opt/hostedtoolcache/Python/3.12.2/x64/lib/python3.12/site-packages/urllib3/connectionpool.py:1103: InsecureRequestWarning: Unverified HTTPS request is being made to host 'randomuser.me'. Adding certificate verification is strongly advised. See: https://urllib3.readthedocs.io/en/latest/advanced-usage.html#tls-warnings
  warnings.warn(</msg>
<msg time="2024-03-21T13:14:34.086711" level="INFO">${response} = &lt;Response [200]&gt;</msg>
<var>${response}</var>
<arg>consultarAPI</arg>
<arg>/api</arg>
<doc>Sends a GET request on a previously created HTTP Session.</doc>
<status status="PASS" start="2024-03-21T13:14:34.016245" elapsed="0.070508"/>
</kw>
<kw name="Set Variable" owner="BuiltIn">
<msg time="2024-03-21T13:14:34.087851" level="INFO">${json_data} = {'results': [{'gender': 'male', 'name': {'title': 'Mr', 'first': 'Charlie', 'last': 'Caron'}, 'location': {'street': {'number': 2231, 'name': 'Rue Courbet'}, 'city': 'Argenteuil', 'state': 'Loiret', '...</msg>
<var>${json_data}</var>
<arg>${response.json()}</arg>
<doc>Returns the given values which can then be assigned to a variables.</doc>
<status status="PASS" start="2024-03-21T13:14:34.087311" elapsed="0.000570"/>
</kw>
<kw name="Log" owner="BuiltIn">
<msg time="2024-03-21T13:14:34.088364" level="INFO">{'results': [{'gender': 'male', 'name': {'title': 'Mr', 'first': 'Charlie', 'last': 'Caron'}, 'location': {'street': {'number': 2231, 'name': 'Rue Courbet'}, 'city': 'Argenteuil', 'state': 'Loiret', 'country': 'France', 'postcode': 25509, 'coordinates': {'latitude': '-15.0556', 'longitude': '-33.7271'}, 'timezone': {'offset': '+5:00', 'description': 'Ekaterinburg, Islamabad, Karachi, Tashkent'}}, 'email': 'charlie.caron@example.com', 'login': {'uuid': '22a37092-5762-43e7-9646-7e847879c0fd', 'username': 'goldengorilla521', 'password': 'girfriend', 'salt': 'wCzhn5Ew', 'md5': 'c4d399944da88e7c429efe09064df0da', 'sha1': '6366716301da9a9121b27735fb6e140a154737bd', 'sha256': '154d1d1bab16ff54eaa0c800257a529b10c4672de2a3c01aa88362543d2e89bd'}, 'dob': {'date': '1995-07-12T06:33:02.412Z', 'age': 28}, 'registered': {'date': '2013-04-07T14:11:47.082Z', 'age': 10}, 'phone': '03-54-68-09-87', 'cell': '06-94-80-87-00', 'id': {'name': 'INSEE', 'value': '1950662887243 38'}, 'picture': {'large': 'https://randomuser.me/api/portraits/men/26.jpg', 'medium': 'https://randomuser.me/api/portraits/med/men/26.jpg', 'thumbnail': 'https://randomuser.me/api/portraits/thumb/men/26.jpg'}, 'nat': 'FR'}], 'info': {'seed': 'eb0d945957e14df7', 'results': 1, 'page': 1, 'version': '1.4'}}</msg>
<arg>${json_data}</arg>
<doc>Logs the given message with the given level.</doc>
<status status="PASS" start="2024-03-21T13:14:34.088201" elapsed="0.000211"/>
</kw>
<kw name="Dictionary Should Contain Key" owner="Collections">
<msg time="2024-03-21T13:14:34.088884" level="INFO">False</msg>
<arg>${json_data}</arg>
<arg>results</arg>
<doc>Fails if ``key`` is not found from ``dictionary``.</doc>
<status status="PASS" start="2024-03-21T13:14:34.088721" elapsed="0.000202"/>
</kw>
<kw name="Should Not Be Empty" owner="BuiltIn">
<msg time="2024-03-21T13:14:34.089354" level="INFO">Length is 2.</msg>
<arg>${json_data}</arg>
<doc>Verifies that the given item is not empty.</doc>
<status status="PASS" start="2024-03-21T13:14:34.089221" elapsed="0.000171"/>
</kw>
<kw name="Create List" owner="BuiltIn">
<msg time="2024-03-21T13:14:34.089846" level="INFO">${expected_keys} = ['gender', 'name', 'location', 'email', 'login']</msg>
<var>${expected_keys}</var>
<arg>gender</arg>
<arg>name</arg>
<arg>location</arg>
<arg>email</arg>
<arg>login</arg>
<doc>Returns a list containing given items.</doc>
<status status="PASS" start="2024-03-21T13:14:34.089691" elapsed="0.000180"/>
</kw>
<for flavor="IN">
<iter>
<kw name="Dictionary Should Contain Key" owner="Collections">
<msg time="2024-03-21T13:14:34.090950" level="INFO">False</msg>
<arg>${json_data['results'][0]}</arg>
<arg>${key}</arg>
<doc>Fails if ``key`` is not found from ``dictionary``.</doc>
<status status="PASS" start="2024-03-21T13:14:34.090526" elapsed="0.000464"/>
</kw>
<kw name="Log" owner="BuiltIn">
<msg time="2024-03-21T13:14:34.091682" level="INFO">{'gender': 'male', 'name': {'title': 'Mr', 'first': 'Charlie', 'last': 'Caron'}, 'location': {'street': {'number': 2231, 'name': 'Rue Courbet'}, 'city': 'Argenteuil', 'state': 'Loiret', 'country': 'France', 'postcode': 25509, 'coordinates': {'latitude': '-15.0556', 'longitude': '-33.7271'}, 'timezone': {'offset': '+5:00', 'description': 'Ekaterinburg, Islamabad, Karachi, Tashkent'}}, 'email': 'charlie.caron@example.com', 'login': {'uuid': '22a37092-5762-43e7-9646-7e847879c0fd', 'username': 'goldengorilla521', 'password': 'girfriend', 'salt': 'wCzhn5Ew', 'md5': 'c4d399944da88e7c429efe09064df0da', 'sha1': '6366716301da9a9121b27735fb6e140a154737bd', 'sha256': '154d1d1bab16ff54eaa0c800257a529b10c4672de2a3c01aa88362543d2e89bd'}, 'dob': {'date': '1995-07-12T06:33:02.412Z', 'age': 28}, 'registered': {'date': '2013-04-07T14:11:47.082Z', 'age': 10}, 'phone': '03-54-68-09-87', 'cell': '06-94-80-87-00', 'id': {'name': 'INSEE', 'value': '1950662887243 38'}, 'picture': {'large': 'https://randomuser.me/api/portraits/men/26.jpg', 'medium': 'https://randomuser.me/api/portraits/med/men/26.jpg', 'thumbnail': 'https://randomuser.me/api/portraits/thumb/men/26.jpg'}, 'nat': 'FR'}</msg>
<arg>${json_data['results'][0]}</arg>
<doc>Logs the given message with the given level.</doc>
<status status="PASS" start="2024-03-21T13:14:34.091309" elapsed="0.000422"/>
</kw>
<kw name="Log" owner="BuiltIn">
<msg time="2024-03-21T13:14:34.092166" level="INFO">gender</msg>
<arg>${key}</arg>
<doc>Logs the given message with the given level.</doc>
<status status="PASS" start="2024-03-21T13:14:34.092034" elapsed="0.000172"/>
</kw>
<var name="${key}">gender</var>
<status status="PASS" start="2024-03-21T13:14:34.090395" elapsed="0.002039"/>
</iter>
<iter>
<kw name="Dictionary Should Contain Key" owner="Collections">
<msg time="2024-03-21T13:14:34.093146" level="INFO">False</msg>
<arg>${json_data['results'][0]}</arg>
<arg>${key}</arg>
<doc>Fails if ``key`` is not found from ``dictionary``.</doc>
<status status="PASS" start="2024-03-21T13:14:34.092759" elapsed="0.000426"/>
</kw>
<kw name="Log" owner="BuiltIn">
<msg time="2024-03-21T13:14:34.093882" level="INFO">{'gender': 'male', 'name': {'title': 'Mr', 'first': 'Charlie', 'last': 'Caron'}, 'location': {'street': {'number': 2231, 'name': 'Rue Courbet'}, 'city': 'Argenteuil', 'state': 'Loiret', 'country': 'France', 'postcode': 25509, 'coordinates': {'latitude': '-15.0556', 'longitude': '-33.7271'}, 'timezone': {'offset': '+5:00', 'description': 'Ekaterinburg, Islamabad, Karachi, Tashkent'}}, 'email': 'charlie.caron@example.com', 'login': {'uuid': '22a37092-5762-43e7-9646-7e847879c0fd', 'username': 'goldengorilla521', 'password': 'girfriend', 'salt': 'wCzhn5Ew', 'md5': 'c4d399944da88e7c429efe09064df0da', 'sha1': '6366716301da9a9121b27735fb6e140a154737bd', 'sha256': '154d1d1bab16ff54eaa0c800257a529b10c4672de2a3c01aa88362543d2e89bd'}, 'dob': {'date': '1995-07-12T06:33:02.412Z', 'age': 28}, 'registered': {'date': '2013-04-07T14:11:47.082Z', 'age': 10}, 'phone': '03-54-68-09-87', 'cell': '06-94-80-87-00', 'id': {'name': 'INSEE', 'value': '1950662887243 38'}, 'picture': {'large': 'https://randomuser.me/api/portraits/men/26.jpg', 'medium': 'https://randomuser.me/api/portraits/med/men/26.jpg', 'thumbnail': 'https://randomuser.me/api/portraits/thumb/men/26.jpg'}, 'nat': 'FR'}</msg>
<arg>${json_data['results'][0]}</arg>
<doc>Logs the given message with the given level.</doc>
<status status="PASS" start="2024-03-21T13:14:34.093517" elapsed="0.000413"/>
</kw>
<kw name="Log" owner="BuiltIn">
<msg time="2024-03-21T13:14:34.094385" level="INFO">name</msg>
<arg>${key}</arg>
<doc>Logs the given message with the given level.</doc>
<status status="PASS" start="2024-03-21T13:14:34.094252" elapsed="0.000174"/>
</kw>
<var name="${key}">name</var>
<status status="PASS" start="2024-03-21T13:14:34.092631" elapsed="0.002020"/>
</iter>
<iter>
<kw name="Dictionary Should Contain Key" owner="Collections">
<msg time="2024-03-21T13:14:34.095326" level="INFO">False</msg>
<arg>${json_data['results'][0]}</arg>
<arg>${key}</arg>
<doc>Fails if ``key`` is not found from ``dictionary``.</doc>
<status status="PASS" start="2024-03-21T13:14:34.094948" elapsed="0.000416"/>
</kw>
<kw name="Log" owner="BuiltIn">
<msg time="2024-03-21T13:14:34.096020" level="INFO">{'gender': 'male', 'name': {'title': 'Mr', 'first': 'Charlie', 'last': 'Caron'}, 'location': {'street': {'number': 2231, 'name': 'Rue Courbet'}, 'city': 'Argenteuil', 'state': 'Loiret', 'country': 'France', 'postcode': 25509, 'coordinates': {'latitude': '-15.0556', 'longitude': '-33.7271'}, 'timezone': {'offset': '+5:00', 'description': 'Ekaterinburg, Islamabad, Karachi, Tashkent'}}, 'email': 'charlie.caron@example.com', 'login': {'uuid': '22a37092-5762-43e7-9646-7e847879c0fd', 'username': 'goldengorilla521', 'password': 'girfriend', 'salt': 'wCzhn5Ew', 'md5': 'c4d399944da88e7c429efe09064df0da', 'sha1': '6366716301da9a9121b27735fb6e140a154737bd', 'sha256': '154d1d1bab16ff54eaa0c800257a529b10c4672de2a3c01aa88362543d2e89bd'}, 'dob': {'date': '1995-07-12T06:33:02.412Z', 'age': 28}, 'registered': {'date': '2013-04-07T14:11:47.082Z', 'age': 10}, 'phone': '03-54-68-09-87', 'cell': '06-94-80-87-00', 'id': {'name': 'INSEE', 'value': '1950662887243 38'}, 'picture': {'large': 'https://randomuser.me/api/portraits/men/26.jpg', 'medium': 'https://randomuser.me/api/portraits/med/men/26.jpg', 'thumbnail': 'https://randomuser.me/api/portraits/thumb/men/26.jpg'}, 'nat': 'FR'}</msg>
<arg>${json_data['results'][0]}</arg>
<doc>Logs the given message with the given level.</doc>
<status status="PASS" start="2024-03-21T13:14:34.095661" elapsed="0.000407"/>
</kw>
<kw name="Log" owner="BuiltIn">
<msg time="2024-03-21T13:14:34.096500" level="INFO">location</msg>
<arg>${key}</arg>
<doc>Logs the given message with the given level.</doc>
<status status="PASS" start="2024-03-21T13:14:34.096373" elapsed="0.000164"/>
</kw>
<var name="${key}">location</var>
<status status="PASS" start="2024-03-21T13:14:34.094836" elapsed="0.001920"/>
</iter>
<iter>
<kw name="Dictionary Should Contain Key" owner="Collections">
<msg time="2024-03-21T13:14:34.097434" level="INFO">False</msg>
<arg>${json_data['results'][0]}</arg>
<arg>${key}</arg>
<doc>Fails if ``key`` is not found from ``dictionary``.</doc>
<status status="PASS" start="2024-03-21T13:14:34.097042" elapsed="0.000430"/>
</kw>
<kw name="Log" owner="BuiltIn">
<msg time="2024-03-21T13:14:34.098146" level="INFO">{'gender': 'male', 'name': {'title': 'Mr', 'first': 'Charlie', 'last': 'Caron'}, 'location': {'street': {'number': 2231, 'name': 'Rue Courbet'}, 'city': 'Argenteuil', 'state': 'Loiret', 'country': 'France', 'postcode': 25509, 'coordinates': {'latitude': '-15.0556', 'longitude': '-33.7271'}, 'timezone': {'offset': '+5:00', 'description': 'Ekaterinburg, Islamabad, Karachi, Tashkent'}}, 'email': 'charlie.caron@example.com', 'login': {'uuid': '22a37092-5762-43e7-9646-7e847879c0fd', 'username': 'goldengorilla521', 'password': 'girfriend', 'salt': 'wCzhn5Ew', 'md5': 'c4d399944da88e7c429efe09064df0da', 'sha1': '6366716301da9a9121b27735fb6e140a154737bd', 'sha256': '154d1d1bab16ff54eaa0c800257a529b10c4672de2a3c01aa88362543d2e89bd'}, 'dob': {'date': '1995-07-12T06:33:02.412Z', 'age': 28}, 'registered': {'date': '2013-04-07T14:11:47.082Z', 'age': 10}, 'phone': '03-54-68-09-87', 'cell': '06-94-80-87-00', 'id': {'name': 'INSEE', 'value': '1950662887243 38'}, 'picture': {'large': 'https://randomuser.me/api/portraits/men/26.jpg', 'medium': 'https://randomuser.me/api/portraits/med/men/26.jpg', 'thumbnail': 'https://randomuser.me/api/portraits/thumb/men/26.jpg'}, 'nat': 'FR'}</msg>
<arg>${json_data['results'][0]}</arg>
<doc>Logs the given message with the given level.</doc>
<status status="PASS" start="2024-03-21T13:14:34.097788" elapsed="0.000434"/>
</kw>
<kw name="Log" owner="BuiltIn">
<msg time="2024-03-21T13:14:34.098660" level="INFO">email</msg>
<arg>${key}</arg>
<doc>Logs the given message with the given level.</doc>
<status status="PASS" start="2024-03-21T13:14:34.098529" elapsed="0.000170"/>
</kw>
<var name="${key}">email</var>
<status status="PASS" start="2024-03-21T13:14:34.096932" elapsed="0.001991"/>
</iter>
<iter>
<kw name="Dictionary Should Contain Key" owner="Collections">
<msg time="2024-03-21T13:14:34.099609" level="INFO">False</msg>
<arg>${json_data['results'][0]}</arg>
<arg>${key}</arg>
<doc>Fails if ``key`` is not found from ``dictionary``.</doc>
<status status="PASS" start="2024-03-21T13:14:34.099212" elapsed="0.000437"/>
</kw>
<kw name="Log" owner="BuiltIn">
<msg time="2024-03-21T13:14:34.100312" level="INFO">{'gender': 'male', 'name': {'title': 'Mr', 'first': 'Charlie', 'last': 'Caron'}, 'location': {'street': {'number': 2231, 'name': 'Rue Courbet'}, 'city': 'Argenteuil', 'state': 'Loiret', 'country': 'France', 'postcode': 25509, 'coordinates': {'latitude': '-15.0556', 'longitude': '-33.7271'}, 'timezone': {'offset': '+5:00', 'description': 'Ekaterinburg, Islamabad, Karachi, Tashkent'}}, 'email': 'charlie.caron@example.com', 'login': {'uuid': '22a37092-5762-43e7-9646-7e847879c0fd', 'username': 'goldengorilla521', 'password': 'girfriend', 'salt': 'wCzhn5Ew', 'md5': 'c4d399944da88e7c429efe09064df0da', 'sha1': '6366716301da9a9121b27735fb6e140a154737bd', 'sha256': '154d1d1bab16ff54eaa0c800257a529b10c4672de2a3c01aa88362543d2e89bd'}, 'dob': {'date': '1995-07-12T06:33:02.412Z', 'age': 28}, 'registered': {'date': '2013-04-07T14:11:47.082Z', 'age': 10}, 'phone': '03-54-68-09-87', 'cell': '06-94-80-87-00', 'id': {'name': 'INSEE', 'value': '1950662887243 38'}, 'picture': {'large': 'https://randomuser.me/api/portraits/men/26.jpg', 'medium': 'https://randomuser.me/api/portraits/med/men/26.jpg', 'thumbnail': 'https://randomuser.me/api/portraits/thumb/men/26.jpg'}, 'nat': 'FR'}</msg>
<arg>${json_data['results'][0]}</arg>
<doc>Logs the given message with the given level.</doc>
<status status="PASS" start="2024-03-21T13:14:34.099953" elapsed="0.000406"/>
</kw>
<kw name="Log" owner="BuiltIn">
<msg time="2024-03-21T13:14:34.100779" level="INFO">login</msg>
<arg>${key}</arg>
<doc>Logs the given message with the given level.</doc>
<status status="PASS" start="2024-03-21T13:14:34.100651" elapsed="0.000199"/>
</kw>
<var name="${key}">login</var>
<status status="PASS" start="2024-03-21T13:14:34.099099" elapsed="0.001975"/>
</iter>
<var>${key}</var>
<value>@{expected_keys}</value>
<status status="PASS" start="2024-03-21T13:14:34.090149" elapsed="0.011049"/>
</for>
<kw name="Create List" owner="BuiltIn">
<msg time="2024-03-21T13:14:34.101552" level="INFO">${expected_keysTwo} = ['username', 'password']</msg>
<var>${expected_keysTwo}</var>
<arg>username</arg>
<arg>password</arg>
<doc>Returns a list containing given items.</doc>
<status status="PASS" start="2024-03-21T13:14:34.101402" elapsed="0.000176"/>
</kw>
<for flavor="IN">
<iter>
<kw name="Dictionary Should Contain Key" owner="Collections">
<msg time="2024-03-21T13:14:34.102646" level="INFO">False</msg>
<arg>${json_data['results'][0]['login']}</arg>
<arg>${keyTwo}</arg>
<doc>Fails if ``key`` is not found from ``dictionary``.</doc>
<status status="PASS" start="2024-03-21T13:14:34.102090" elapsed="0.000596"/>
</kw>
<kw name="Dictionary Should Contain Key" owner="Collections">
<msg time="2024-03-21T13:14:34.103376" level="INFO">False</msg>
<arg>${json_data['results'][0]['login']}</arg>
<arg>${keyTwo}</arg>
<doc>Fails if ``key`` is not found from ``dictionary``.</doc>
<status status="PASS" start="2024-03-21T13:14:34.102990" elapsed="0.000424"/>
</kw>
<kw name="Log" owner="BuiltIn">
<msg time="2024-03-21T13:14:34.103853" level="INFO">username</msg>
<arg>${keyTwo}</arg>
<doc>Logs the given message with the given level.</doc>
<status status="PASS" start="2024-03-21T13:14:34.103722" elapsed="0.000170"/>
</kw>
<var name="${keyTwo}">username</var>
<status status="PASS" start="2024-03-21T13:14:34.101981" elapsed="0.002135"/>
</iter>
<iter>
<kw name="Dictionary Should Contain Key" owner="Collections">
<msg time="2024-03-21T13:14:34.104800" level="INFO">False</msg>
<arg>${json_data['results'][0]['login']}</arg>
<arg>${keyTwo}</arg>
<doc>Fails if ``key`` is not found from ``dictionary``.</doc>
<status status="PASS" start="2024-03-21T13:14:34.104411" elapsed="0.000434"/>
</kw>
<kw name="Dictionary Should Contain Key" owner="Collections">
<msg time="2024-03-21T13:14:34.105521" level="INFO">False</msg>
<arg>${json_data['results'][0]['login']}</arg>
<arg>${keyTwo}</arg>
<doc>Fails if ``key`` is not found from ``dictionary``.</doc>
<status status="PASS" start="2024-03-21T13:14:34.105144" elapsed="0.000415"/>
</kw>
<kw name="Log" owner="BuiltIn">
<msg time="2024-03-21T13:14:34.105991" level="INFO">password</msg>
<arg>${keyTwo}</arg>
<doc>Logs the given message with the given level.</doc>
<status status="PASS" start="2024-03-21T13:14:34.105862" elapsed="0.000166"/>
</kw>
<var name="${keyTwo}">password</var>
<status status="PASS" start="2024-03-21T13:14:34.104301" elapsed="0.001989"/>
</iter>
<var>${keyTwo}</var>
<value>@{expected_keysTwo}</value>
<status status="PASS" start="2024-03-21T13:14:34.101821" elapsed="0.004598"/>
</for>
<status status="PASS" start="2024-03-21T13:14:34.015800" elapsed="0.090769"/>
</kw>
<doc>Testa a estrutura da resposta da API.</doc>
<tag>testeEstruturaResposta</tag>
<status status="PASS" start="2024-03-21T13:14:34.015245" elapsed="0.091493"/>
</test>
<test id="s1-s1-t4" name="Validar tipos de dados" line="28">
<kw name="Teste de Tipos de Dados" owner="random-user-service">
<kw name="GET On Session" owner="RequestsLibrary">
<msg time="2024-03-21T13:14:34.185251" level="INFO">GET Request : url=https://randomuser.me/api 
 path_url=/api 
 headers={'User-Agent': 'python-requests/2.31.0', 'Accept-Encoding': 'gzip, deflate', 'Accept': '*/*', 'Connection': 'keep-alive'} 
 body=None 
 </msg>
<msg time="2024-03-21T13:14:34.185366" level="INFO">GET Response : url=https://randomuser.me/api 
 status=200, reason=OK 
 headers={'Date': 'Thu, 21 Mar 2024 13:14:34 GMT', 'Content-Type': 'application/json; charset=utf-8', 'Transfer-Encoding': 'chunked', 'Connection': 'keep-alive', 'X-Powered-By': 'Express', 'Access-Control-Allow-Origin': '*', 'Cache-Control': 'no-cache', 'ETag': 'W/"49e-OCzrlp9YlA59+YCaW++7pI0eFdQ"', 'Vary': 'Accept-Encoding', 'Content-Encoding': 'gzip', 'CF-Cache-Status': 'DYNAMIC', 'Report-To': '{"endpoints":[{"url":"https:\\/\\/a.nel.cloudflare.com\\/report\\/v4?s=p7LYHyp9bzd9dveeYZPyM2F%2FUFDWtCEQ3%2B2Qgu5IUeB4FBRpsrvGtKMuMZ9Yt165hHjeZaBRLhiW8lbS7kTcdOM%2Bn924%2BJdPDnWD2N6zgMPdv11mwuYEcPrTmIbgMiBT"}],"group":"cf-nel","max_age":604800}', 'NEL': '{"success_fraction":0,"report_to":"cf-nel","max_age":604800}', 'Server': 'cloudflare', 'CF-RAY': '867e34ab3b228f4c-ORD', 'alt-svc': 'h3=":443"; ma=86400'} 
 body={"results":[{"gender":"male","name":{"title":"Mr","first":"Momir","last":"Bajević"},"location":{"street":{"number":4067,"name":"Slobodana SmilЈića"},"city":"Prokuplje","state":"Central Banat","country":"Serbia","postcode":28393,"coordinates":{"latitude":"58.3824","longitude":"-89.1968"},"timezone":{"offset":"+5:00","description":"Ekaterinburg, Islamabad, Karachi, Tashkent"}},"email":"momir.bajevic@example.com","login":{"uuid":"80a6ca13-f00c-4fa5-a0ed-548ef84282ed","username":"tinyswan400","password":"18436572","salt":"8ddU9Ovy","md5":"ea512dc954a9f89a3b02a2f540dd4d77","sha1":"09e29ab677791a63c86082d1824087ece7129709","sha256":"a453eff2e6524bca7171132c64321ac2c4da705458b557339fc154665bdf29ef"},"dob":{"date":"1960-07-21T03:57:02.625Z","age":63},"registered":{"date":"2013-03-19T21:28:25.461Z","age":11},"phone":"035-3151-982","cell":"066-7058-784","id":{"name":"SID","value":"771571252"},"picture":{"large":"https://randomuser.me/api/portraits/men/92.jpg","medium":"https://randomuser.me/api/portraits/med/men/92.jpg","thumbnail":"https://randomuser.me/api/portraits/thumb/men/92.jpg"},"nat":"RS"}],"info":{"seed":"ef27c5a3e2bc1c40","results":1,"page":1,"version":"1.4"}} 
 </msg>
<msg time="2024-03-21T13:14:34.185448" level="INFO">/opt/hostedtoolcache/Python/3.12.2/x64/lib/python3.12/site-packages/urllib3/connectionpool.py:1103: InsecureRequestWarning: Unverified HTTPS request is being made to host 'randomuser.me'. Adding certificate verification is strongly advised. See: https://urllib3.readthedocs.io/en/latest/advanced-usage.html#tls-warnings
  warnings.warn(</msg>
<msg time="2024-03-21T13:14:34.185574" level="INFO">${response} = &lt;Response [200]&gt;</msg>
<var>${response}</var>
<arg>consultarAPI</arg>
<arg>/api</arg>
<doc>Sends a GET request on a previously created HTTP Session.</doc>
<status status="PASS" start="2024-03-21T13:14:34.109274" elapsed="0.076336"/>
</kw>
<kw name="Set Variable" owner="BuiltIn">
<msg time="2024-03-21T13:14:34.186771" level="INFO">${json_data} = {'results': [{'gender': 'male', 'name': {'title': 'Mr', 'first': 'Momir', 'last': 'Bajević'}, 'location': {'street': {'number': 4067, 'name': 'Slobodana SmilЈića'}, 'city': 'Prokuplje', 'state': 'Cent...</msg>
<var>${json_data}</var>
<arg>${response.json()}</arg>
<doc>Returns the given values which can then be assigned to a variables.</doc>
<status status="PASS" start="2024-03-21T13:14:34.186194" elapsed="0.000609"/>
</kw>
<kw name="Log" owner="BuiltIn">
<msg time="2024-03-21T13:14:34.187480" level="INFO">{'results': [{'gender': 'male', 'name': {'title': 'Mr', 'first': 'Momir', 'last': 'Bajević'}, 'location': {'street': {'number': 4067, 'name': 'Slobodana SmilЈića'}, 'city': 'Prokuplje', 'state': 'Central Banat', 'country': 'Serbia', 'postcode': 28393, 'coordinates': {'latitude': '58.3824', 'longitude': '-89.1968'}, 'timezone': {'offset': '+5:00', 'description': 'Ekaterinburg, Islamabad, Karachi, Tashkent'}}, 'email': 'momir.bajevic@example.com', 'login': {'uuid': '80a6ca13-f00c-4fa5-a0ed-548ef84282ed', 'username': 'tinyswan400', 'password': '18436572', 'salt': '8ddU9Ovy', 'md5': 'ea512dc954a9f89a3b02a2f540dd4d77', 'sha1': '09e29ab677791a63c86082d1824087ece7129709', 'sha256': 'a453eff2e6524bca7171132c64321ac2c4da705458b557339fc154665bdf29ef'}, 'dob': {'date': '1960-07-21T03:57:02.625Z', 'age': 63}, 'registered': {'date': '2013-03-19T21:28:25.461Z', 'age': 11}, 'phone': '035-3151-982', 'cell': '066-7058-784', 'id': {'name': 'SID', 'value': '771571252'}, 'picture': {'large': 'https://randomuser.me/api/portraits/men/92.jpg', 'medium': 'https://randomuser.me/api/portraits/med/men/92.jpg', 'thumbnail': 'https://randomuser.me/api/portraits/thumb/men/92.jpg'}, 'nat': 'RS'}], 'info': {'seed': 'ef27c5a3e2bc1c40', 'results': 1, 'page': 1, 'version': '1.4'}}</msg>
<arg>${json_data}</arg>
<doc>Logs the given message with the given level.</doc>
<status status="PASS" start="2024-03-21T13:14:34.187242" elapsed="0.000391"/>
</kw>
<kw name="Should Be String" owner="String">
<arg>${json_data['results'][0]['gender']}</arg>
<doc>Fails if the given ``item`` is not a string.</doc>
<status status="PASS" start="2024-03-21T13:14:34.188091" elapsed="0.000529"/>
</kw>
<kw name="Should Match Regexp" owner="BuiltIn">
<arg>${json_data['results'][0]['email']}</arg>
<arg>^[a-zA-Z0-9._%+-]+@[a-zA-Z0-9.-]+\.[a-zA-Z]{2,}$</arg>
<doc>Fails if ``string`` does not match ``pattern`` as a regular expression.</doc>
<status status="PASS" start="2024-03-21T13:14:34.188823" elapsed="0.000529"/>
</kw>
<kw name="Should Match Regexp" owner="BuiltIn">
<arg>${json_data['results'][0]['dob']['date']}</arg>
<arg>\\d{4}-\\d{2}-\\d{2}T\\d{2}:\\d{2}:\\d{2}\\.\\d{3}Z</arg>
<doc>Fails if ``string`` does not match ``pattern`` as a regular expression.</doc>
<status status="PASS" start="2024-03-21T13:14:34.189551" elapsed="0.000489"/>
</kw>
<kw name="Should Match Regexp" owner="BuiltIn">
<arg>${json_data['results'][0]['registered']['date']}</arg>
<arg>\\d{4}-\\d{2}-\\d{2}T\\d{2}:\\d{2}:\\d{2}\\.\\d{3}Z</arg>
<doc>Fails if ``string`` does not match ``pattern`` as a regular expression.</doc>
<status status="PASS" start="2024-03-21T13:14:34.190267" elapsed="0.000377"/>
</kw>
<kw name="Should Match Regexp" owner="BuiltIn">
<arg>${json_data['results'][0]['picture']['large']}</arg>
<arg>^https?://.*\.(?:png|jpe?g|gif|bmp)$</arg>
<doc>Fails if ``string`` does not match ``pattern`` as a regular expression.</doc>
<status status="PASS" start="2024-03-21T13:14:34.190835" elapsed="0.000467"/>
</kw>
<kw name="Should Match Regexp" owner="BuiltIn">
<arg>${json_data['results'][0]['picture']['medium']}</arg>
<arg>^https?://.*\.(?:png|jpe?g|gif|bmp)$</arg>
<doc>Fails if ``string`` does not match ``pattern`` as a regular expression.</doc>
<status status="PASS" start="2024-03-21T13:14:34.191499" elapsed="0.000363"/>
</kw>
<kw name="Should Match Regexp" owner="BuiltIn">
<arg>${json_data['results'][0]['picture']['thumbnail']}</arg>
<arg>^https?://.*\.(?:png|jpe?g|gif|bmp)$</arg>
<doc>Fails if ``string`` does not match ``pattern`` as a regular expression.</doc>
<status status="PASS" start="2024-03-21T13:14:34.192048" elapsed="0.000364"/>
</kw>
<kw name="Log" owner="BuiltIn">
<msg time="2024-03-21T13:14:34.192932" level="INFO">{'large': 'https://randomuser.me/api/portraits/men/92.jpg', 'medium': 'https://randomuser.me/api/portraits/med/men/92.jpg', 'thumbnail': 'https://randomuser.me/api/portraits/thumb/men/92.jpg'}</msg>
<arg>${json_data['results'][0]['picture']}</arg>
<doc>Logs the given message with the given level.</doc>
<status status="PASS" start="2024-03-21T13:14:34.192598" elapsed="0.000378"/>
</kw>
<status status="PASS" start="2024-03-21T13:14:34.109022" elapsed="0.084235"/>
</kw>
<kw name="Teste de Tipos de Dados - Postcode" owner="random-user-service">
<kw name="GET On Session" owner="RequestsLibrary">
<msg time="2024-03-21T13:14:34.291518" level="INFO">GET Request : url=https://randomuser.me/api 
 path_url=/api 
 headers={'User-Agent': 'python-requests/2.31.0', 'Accept-Encoding': 'gzip, deflate', 'Accept': '*/*', 'Connection': 'keep-alive'} 
 body=None 
 </msg>
<msg time="2024-03-21T13:14:34.291637" level="INFO">GET Response : url=https://randomuser.me/api 
 status=200, reason=OK 
 headers={'Date': 'Thu, 21 Mar 2024 13:14:34 GMT', 'Content-Type': 'application/json; charset=utf-8', 'Transfer-Encoding': 'chunked', 'Connection': 'keep-alive', 'X-Powered-By': 'Express', 'Access-Control-Allow-Origin': '*', 'Cache-Control': 'no-cache', 'ETag': 'W/"49f-6PFl+lQ5LY0Yo41qkY5j/U4oLCY"', 'Vary': 'Accept-Encoding', 'Content-Encoding': 'gzip', 'CF-Cache-Status': 'DYNAMIC', 'Report-To': '{"endpoints":[{"url":"https:\\/\\/a.nel.cloudflare.com\\/report\\/v4?s=03qcR0jXopPWFRe0JIe%2Fuf2YFVT8Cqv8fJSmRvra3UjwWHUyDEcePxj1sI4Pl0YTzovMvCZ%2BKTqdwhh1h4fPNLUuImFb%2Fpum64JPZ%2BDseS0L4KohM8vtBf3Lqr0UU%2Bwo"}],"group":"cf-nel","max_age":604800}', 'NEL': '{"success_fraction":0,"report_to":"cf-nel","max_age":604800}', 'Server': 'cloudflare', 'CF-RAY': '867e34abbbf58f4c-ORD', 'alt-svc': 'h3=":443"; ma=86400'} 
 body={"results":[{"gender":"female","name":{"title":"Ms","first":"Lena","last":"Adams"},"location":{"street":{"number":6410,"name":"Woodland St"},"city":"Lewisville","state":"Virginia","country":"United States","postcode":99613,"coordinates":{"latitude":"88.1400","longitude":"134.7857"},"timezone":{"offset":"+5:00","description":"Ekaterinburg, Islamabad, Karachi, Tashkent"}},"email":"lena.adams@example.com","login":{"uuid":"90bbaf7e-f10a-41f7-adb2-37dbafa2d815","username":"blackduck512","password":"qwerty12","salt":"eaOf7BjZ","md5":"02c495e5834582daecceb078ee32b2be","sha1":"40266a0b620002de99c068445be7d6bb2a0eea7d","sha256":"1657dc1578987b13ebee1628df59b4e05762a748fb264e11f67e35861352363b"},"dob":{"date":"1993-02-06T22:37:30.890Z","age":31},"registered":{"date":"2016-09-26T10:32:07.839Z","age":7},"phone":"(961) 850-3451","cell":"(913) 336-8041","id":{"name":"SSN","value":"174-68-3831"},"picture":{"large":"https://randomuser.me/api/portraits/women/66.jpg","medium":"https://randomuser.me/api/portraits/med/women/66.jpg","thumbnail":"https://randomuser.me/api/portraits/thumb/women/66.jpg"},"nat":"US"}],"info":{"seed":"c12134c57179230a","results":1,"page":1,"version":"1.4"}} 
 </msg>
<msg time="2024-03-21T13:14:34.291726" level="INFO">/opt/hostedtoolcache/Python/3.12.2/x64/lib/python3.12/site-packages/urllib3/connectionpool.py:1103: InsecureRequestWarning: Unverified HTTPS request is being made to host 'randomuser.me'. Adding certificate verification is strongly advised. See: https://urllib3.readthedocs.io/en/latest/advanced-usage.html#tls-warnings
  warnings.warn(</msg>
<msg time="2024-03-21T13:14:34.291860" level="INFO">${response} = &lt;Response [200]&gt;</msg>
<var>${response}</var>
<arg>consultarAPI</arg>
<arg>/api</arg>
<doc>Sends a GET request on a previously created HTTP Session.</doc>
<status status="PASS" start="2024-03-21T13:14:34.193761" elapsed="0.098142"/>
</kw>
<kw name="Set Variable" owner="BuiltIn">
<msg time="2024-03-21T13:14:34.293130" level="INFO">${json_data} = {'results': [{'gender': 'female', 'name': {'title': 'Ms', 'first': 'Lena', 'last': 'Adams'}, 'location': {'street': {'number': 6410, 'name': 'Woodland St'}, 'city': 'Lewisville', 'state': 'Virginia', ...</msg>
<var>${json_data}</var>
<arg>${response.json()}</arg>
<doc>Returns the given values which can then be assigned to a variables.</doc>
<status status="PASS" start="2024-03-21T13:14:34.292552" elapsed="0.000607"/>
</kw>
<kw name="Log" owner="BuiltIn">
<msg time="2024-03-21T13:14:34.293650" level="INFO">{'results': [{'gender': 'female', 'name': {'title': 'Ms', 'first': 'Lena', 'last': 'Adams'}, 'location': {'street': {'number': 6410, 'name': 'Woodland St'}, 'city': 'Lewisville', 'state': 'Virginia', 'country': 'United States', 'postcode': 99613, 'coordinates': {'latitude': '88.1400', 'longitude': '134.7857'}, 'timezone': {'offset': '+5:00', 'description': 'Ekaterinburg, Islamabad, Karachi, Tashkent'}}, 'email': 'lena.adams@example.com', 'login': {'uuid': '90bbaf7e-f10a-41f7-adb2-37dbafa2d815', 'username': 'blackduck512', 'password': 'qwerty12', 'salt': 'eaOf7BjZ', 'md5': '02c495e5834582daecceb078ee32b2be', 'sha1': '40266a0b620002de99c068445be7d6bb2a0eea7d', 'sha256': '1657dc1578987b13ebee1628df59b4e05762a748fb264e11f67e35861352363b'}, 'dob': {'date': '1993-02-06T22:37:30.890Z', 'age': 31}, 'registered': {'date': '2016-09-26T10:32:07.839Z', 'age': 7}, 'phone': '(961) 850-3451', 'cell': '(913) 336-8041', 'id': {'name': 'SSN', 'value': '174-68-3831'}, 'picture': {'large': 'https://randomuser.me/api/portraits/women/66.jpg', 'medium': 'https://randomuser.me/api/portraits/med/women/66.jpg', 'thumbnail': 'https://randomuser.me/api/portraits/thumb/women/66.jpg'}, 'nat': 'US'}], 'info': {'seed': 'c12134c57179230a', 'results': 1, 'page': 1, 'version': '1.4'}}</msg>
<arg>${json_data}</arg>
<doc>Logs the given message with the given level.</doc>
<status status="PASS" start="2024-03-21T13:14:34.293487" elapsed="0.000252"/>
</kw>
<kw name="Should Be Equal As Numbers" owner="BuiltIn">
<arg>${json_data['results'][0]['location']['postcode']}</arg>
<arg>${json_data['results'][0]['location']['postcode']}</arg>
<doc>Fails if objects are unequal after converting them to real numbers.</doc>
<status status="PASS" start="2024-03-21T13:14:34.294049" elapsed="0.000703"/>
</kw>
<kw name="Log" owner="BuiltIn">
<msg time="2024-03-21T13:14:34.295301" level="INFO">99613</msg>
<arg>${json_data['results'][0]['location']['postcode']}</arg>
<doc>Logs the given message with the given level.</doc>
<status status="PASS" start="2024-03-21T13:14:34.294952" elapsed="0.000391"/>
</kw>
<status status="PASS" start="2024-03-21T13:14:34.193496" elapsed="0.102116"/>
</kw>
<doc>Testa se os tipos de dados na resposta da API estão corretos.</doc>
<tag>testeTiposDados</tag>
<status status="PASS" start="2024-03-21T13:14:34.108509" elapsed="0.187285"/>
</test>
<test id="s1-s1-t5" name="Validar conteudo" line="35">
<kw name="Teste de Tipos de Conteudo" owner="random-user-service">
<kw name="GET On Session" owner="RequestsLibrary">
<msg time="2024-03-21T13:14:34.388044" level="INFO">GET Request : url=https://randomuser.me/api 
 path_url=/api 
 headers={'User-Agent': 'python-requests/2.31.0', 'Accept-Encoding': 'gzip, deflate', 'Accept': '*/*', 'Connection': 'keep-alive'} 
 body=None 
 </msg>
<msg time="2024-03-21T13:14:34.388149" level="INFO">GET Response : url=https://randomuser.me/api 
 status=200, reason=OK 
 headers={'Date': 'Thu, 21 Mar 2024 13:14:34 GMT', 'Content-Type': 'application/json; charset=utf-8', 'Transfer-Encoding': 'chunked', 'Connection': 'keep-alive', 'X-Powered-By': 'Express', 'Access-Control-Allow-Origin': '*', 'Cache-Control': 'no-cache', 'ETag': 'W/"487-cwsJv9q/9j2ek5YJ19Dx9ZvEJDE"', 'Vary': 'Accept-Encoding', 'Content-Encoding': 'gzip', 'CF-Cache-Status': 'DYNAMIC', 'Report-To': '{"endpoints":[{"url":"https:\\/\\/a.nel.cloudflare.com\\/report\\/v4?s=VxfFSVRPhIsALvMD2Qfg%2FNw0jHcuiulGVlDROLtC3lIIdJKmzBVwQMeYspbvYpykEJF%2FEiEfVP1WRFV7xQhAkdj4hPp0VnzbkC8BmU42Wn%2FfJK54RGqmh0gTGWzO1Yht"}],"group":"cf-nel","max_age":604800}', 'NEL': '{"success_fraction":0,"report_to":"cf-nel","max_age":604800}', 'Server': 'cloudflare', 'CF-RAY': '867e34ac6cc28f4c-ORD', 'alt-svc': 'h3=":443"; ma=86400'} 
 body={"results":[{"gender":"male","name":{"title":"Mr","first":"Vitomir","last":"Konovalec"},"location":{"street":{"number":6486,"name":"Polkovnika Kedrovskogo"},"city":"Ivano-Frankivsk","state":"Kiyivska","country":"Ukraine","postcode":50722,"coordinates":{"latitude":"73.1177","longitude":"-83.0859"},"timezone":{"offset":"+9:30","description":"Adelaide, Darwin"}},"email":"vitomir.konovalec@example.com","login":{"uuid":"26ea6567-29e6-4e94-ba45-c0e186c4c2ef","username":"browngoose789","password":"ncc1701a","salt":"iK3y4KqS","md5":"fdbdaddce1dbe41f2e1ef682b9af7ee3","sha1":"ef574df9e3dff00e419abcc92f79ef12e5943226","sha256":"005e339fffcad1ce301fde42a44b5d36ac4675f3e3e7d52fb6dd861a4b0d026d"},"dob":{"date":"1945-01-03T20:57:12.918Z","age":79},"registered":{"date":"2019-12-08T17:52:24.424Z","age":4},"phone":"(096) K72-7189","cell":"(097) W51-3874","id":{"name":"","value":null},"picture":{"large":"https://randomuser.me/api/portraits/men/7.jpg","medium":"https://randomuser.me/api/portraits/med/men/7.jpg","thumbnail":"https://randomuser.me/api/portraits/thumb/men/7.jpg"},"nat":"UA"}],"info":{"seed":"ec317ca4efe9e12f","results":1,"page":1,"version":"1.4"}} 
 </msg>
<msg time="2024-03-21T13:14:34.388218" level="INFO">/opt/hostedtoolcache/Python/3.12.2/x64/lib/python3.12/site-packages/urllib3/connectionpool.py:1103: InsecureRequestWarning: Unverified HTTPS request is being made to host 'randomuser.me'. Adding certificate verification is strongly advised. See: https://urllib3.readthedocs.io/en/latest/advanced-usage.html#tls-warnings
  warnings.warn(</msg>
<msg time="2024-03-21T13:14:34.388351" level="INFO">${response} = &lt;Response [200]&gt;</msg>
<var>${response}</var>
<arg>consultarAPI</arg>
<arg>/api</arg>
<doc>Sends a GET request on a previously created HTTP Session.</doc>
<status status="PASS" start="2024-03-21T13:14:34.298474" elapsed="0.089919"/>
</kw>
<kw name="Set Variable" owner="BuiltIn">
<msg time="2024-03-21T13:14:34.389611" level="INFO">${json_data} = {'results': [{'gender': 'male', 'name': {'title': 'Mr', 'first': 'Vitomir', 'last': 'Konovalec'}, 'location': {'street': {'number': 6486, 'name': 'Polkovnika Kedrovskogo'}, 'city': 'Ivano-Frankivsk', ...</msg>
<var>${json_data}</var>
<arg>${response.json()}</arg>
<doc>Returns the given values which can then be assigned to a variables.</doc>
<status status="PASS" start="2024-03-21T13:14:34.389031" elapsed="0.000609"/>
</kw>
<kw name="Set Variable" owner="BuiltIn">
<msg time="2024-03-21T13:14:34.390399" level="INFO">${name_title} = Mr</msg>
<var>${name_title}</var>
<arg>${json_data["results"][0]["name"]["title"]}</arg>
<doc>Returns the given values which can then be assigned to a variables.</doc>
<status status="PASS" start="2024-03-21T13:14:34.389960" elapsed="0.000466"/>
</kw>
<kw name="Create List" owner="BuiltIn">
<msg time="2024-03-21T13:14:34.390890" level="INFO">${allowed_titles} = ['Mr', 'Ms', 'Miss', 'Mrs', 'Madame', 'Monsieur']</msg>
<var>${allowed_titles}</var>
<arg>Mr</arg>
<arg>Ms</arg>
<arg>Miss</arg>
<arg>Mrs</arg>
<arg>Madame</arg>
<arg>Monsieur</arg>
<doc>Returns a list containing given items.</doc>
<status status="PASS" start="2024-03-21T13:14:34.390735" elapsed="0.000180"/>
</kw>
<kw name="List Should Contain Value" owner="Collections">
<msg time="2024-03-21T13:14:34.391412" level="INFO">False</msg>
<arg>${allowed_titles}</arg>
<arg>${name_title}</arg>
<doc>Fails if the ``value`` is not found from ``list``.</doc>
<status status="PASS" start="2024-03-21T13:14:34.391230" elapsed="0.000221"/>
</kw>
<kw name="Set Variable" owner="BuiltIn">
<msg time="2024-03-21T13:14:34.392139" level="INFO">${name_country} = UA</msg>
<var>${name_country}</var>
<arg>${json_data["results"][0]["nat"]}</arg>
<doc>Returns the given values which can then be assigned to a variables.</doc>
<status status="PASS" start="2024-03-21T13:14:34.391747" elapsed="0.000419"/>
</kw>
<kw name="Create List" owner="BuiltIn">
<msg time="2024-03-21T13:14:34.393081" level="INFO">${list_country} = ['AD', 'AE', 'AF', 'AG', 'AI', 'AL', 'AM', 'AO', 'AQ', 'AR', 'AS', 'AT', 'AU', 'AW', 'AX', 'AZ', 'BA', 'BB', 'BD', 'BE', 'BF', 'BG', 'BH', 'BI', 'BJ', 'BL', 'BM', 'BN', 'BO', 'BQ', 'BR', 'BS', 'BT', '...</msg>
<var>${list_country}</var>
<arg>AD</arg>
<arg>AE</arg>
<arg>AF</arg>
<arg>AG</arg>
<arg>AI</arg>
<arg>AL</arg>
<arg>AM</arg>
<arg>AO</arg>
<arg>AQ</arg>
<arg>AR</arg>
<arg>AS</arg>
<arg>AT</arg>
<arg>AU</arg>
<arg>AW</arg>
<arg>AX</arg>
<arg>AZ</arg>
<arg>BA</arg>
<arg>BB</arg>
<arg>BD</arg>
<arg>BE</arg>
<arg>BF</arg>
<arg>BG</arg>
<arg>BH</arg>
<arg>BI</arg>
<arg>BJ</arg>
<arg>BL</arg>
<arg>BM</arg>
<arg>BN</arg>
<arg>BO</arg>
<arg>BQ</arg>
<arg>BR</arg>
<arg>BS</arg>
<arg>BT</arg>
<arg>BV</arg>
<arg>BW</arg>
<arg>BY</arg>
<arg>BZ</arg>
<arg>CA</arg>
<arg>CC</arg>
<arg>CD</arg>
<arg>CF</arg>
<arg>CG</arg>
<arg>CH</arg>
<arg>CI</arg>
<arg>CK</arg>
<arg>CL</arg>
<arg>CM</arg>
<arg>CN</arg>
<arg>CO</arg>
<arg>CR</arg>
<arg>CU</arg>
<arg>CV</arg>
<arg>CW</arg>
<arg>CX</arg>
<arg>CY</arg>
<arg>CZ</arg>
<arg>DE</arg>
<arg>DJ</arg>
<arg>DK</arg>
<arg>DM</arg>
<arg>DO</arg>
<arg>DZ</arg>
<arg>EC</arg>
<arg>EE</arg>
<arg>EG</arg>
<arg>EH</arg>
<arg>ER</arg>
<arg>ES</arg>
<arg>ET</arg>
<arg>FI</arg>
<arg>FJ</arg>
<arg>FK</arg>
<arg>FM</arg>
<arg>FO</arg>
<arg>FR</arg>
<arg>GA</arg>
<arg>GB</arg>
<arg>GD</arg>
<arg>GE</arg>
<arg>GF</arg>
<arg>GG</arg>
<arg>GH</arg>
<arg>GI</arg>
<arg>GL</arg>
<arg>GM</arg>
<arg>GN</arg>
<arg>GP</arg>
<arg>GQ</arg>
<arg>GR</arg>
<arg>GS</arg>
<arg>GT</arg>
<arg>GU</arg>
<arg>GW</arg>
<arg>GY</arg>
<arg>HK</arg>
<arg>HM</arg>
<arg>HN</arg>
<arg>HR</arg>
<arg>HT</arg>
<arg>HU</arg>
<arg>ID</arg>
<arg>IE</arg>
<arg>IL</arg>
<arg>IM</arg>
<arg>IN</arg>
<arg>IO</arg>
<arg>IQ</arg>
<arg>IR</arg>
<arg>IS</arg>
<arg>IT</arg>
<arg>JE</arg>
<arg>JM</arg>
<arg>JO</arg>
<arg>JP</arg>
<arg>KE</arg>
<arg>KG</arg>
<arg>KH</arg>
<arg>KI</arg>
<arg>KM</arg>
<arg>KN</arg>
<arg>KP</arg>
<arg>KR</arg>
<arg>KW</arg>
<arg>KY</arg>
<arg>KZ</arg>
<arg>LA</arg>
<arg>LB</arg>
<arg>LC</arg>
<arg>LI</arg>
<arg>LK</arg>
<arg>LR</arg>
<arg>LS</arg>
<arg>LT</arg>
<arg>LU</arg>
<arg>LV</arg>
<arg>LY</arg>
<arg>MA</arg>
<arg>MC</arg>
<arg>MD</arg>
<arg>ME</arg>
<arg>MF</arg>
<arg>MG</arg>
<arg>MH</arg>
<arg>MK</arg>
<arg>ML</arg>
<arg>MM</arg>
<arg>MN</arg>
<arg>MO</arg>
<arg>MP</arg>
<arg>MQ</arg>
<arg>MR</arg>
<arg>MS</arg>
<arg>MT</arg>
<arg>MU</arg>
<arg>MV</arg>
<arg>MW</arg>
<arg>MX</arg>
<arg>MY</arg>
<arg>MZ</arg>
<arg>NA</arg>
<arg>NC</arg>
<arg>NE</arg>
<arg>NF</arg>
<arg>NG</arg>
<arg>NI</arg>
<arg>NL</arg>
<arg>NO</arg>
<arg>NP</arg>
<arg>NR</arg>
<arg>NU</arg>
<arg>NZ</arg>
<arg>OM</arg>
<arg>PA</arg>
<arg>PE</arg>
<arg>PF</arg>
<arg>PG</arg>
<arg>PH</arg>
<arg>PK</arg>
<arg>PL</arg>
<arg>PM</arg>
<arg>PN</arg>
<arg>PR</arg>
<arg>PS</arg>
<arg>PT</arg>
<arg>PW</arg>
<arg>PY</arg>
<arg>QA</arg>
<arg>RE</arg>
<arg>RO</arg>
<arg>RS</arg>
<arg>RU</arg>
<arg>RW</arg>
<arg>SA</arg>
<arg>SB</arg>
<arg>SC</arg>
<arg>SD</arg>
<arg>SE</arg>
<arg>SG</arg>
<arg>SH</arg>
<arg>SI</arg>
<arg>SJ</arg>
<arg>SK</arg>
<arg>SL</arg>
<arg>SM</arg>
<arg>SN</arg>
<arg>SO</arg>
<arg>SR</arg>
<arg>SS</arg>
<arg>ST</arg>
<arg>SV</arg>
<arg>SX</arg>
<arg>SY</arg>
<arg>SZ</arg>
<arg>TC</arg>
<arg>TD</arg>
<arg>TF</arg>
<arg>TG</arg>
<arg>TH</arg>
<arg>TJ</arg>
<arg>TK</arg>
<arg>TL</arg>
<arg>TM</arg>
<arg>TN</arg>
<arg>TO</arg>
<arg>TR</arg>
<arg>TT</arg>
<arg>TV</arg>
<arg>TW</arg>
<arg>TZ</arg>
<arg>UA</arg>
<arg>UG</arg>
<arg>UM</arg>
<arg>US</arg>
<arg>UY</arg>
<arg>UZ</arg>
<arg>VA</arg>
<arg>VC</arg>
<arg>VE</arg>
<arg>VG</arg>
<arg>VI</arg>
<arg>VN</arg>
<arg>VU</arg>
<arg>WF</arg>
<arg>WS</arg>
<arg>XK</arg>
<arg>YE</arg>
<arg>YT</arg>
<arg>ZA</arg>
<arg>ZM</arg>
<arg>ZW</arg>
<doc>Returns a list containing given items.</doc>
<status status="PASS" start="2024-03-21T13:14:34.392478" elapsed="0.000629"/>
</kw>
<kw name="List Should Contain Value" owner="Collections">
<msg time="2024-03-21T13:14:34.394116" level="INFO">False</msg>
<arg>${list_country}</arg>
<arg>${name_country}</arg>
<doc>Fails if the ``value`` is not found from ``list``.</doc>
<status status="PASS" start="2024-03-21T13:14:34.393908" elapsed="0.000275"/>
</kw>
<kw name="Run Keyword If" owner="BuiltIn">
<kw name="Should Be True" owner="BuiltIn">
<arg>${True}</arg>
<doc>Fails if the given condition is not true.</doc>
<status status="PASS" start="2024-03-21T13:14:34.395447" elapsed="0.000147"/>
</kw>
<arg>${json_data["results"][0]["location"]["coordinates"]["latitude"]} &gt;= -90 and ${json_data["results"][0]["location"]["coordinates"]["latitude"]} &lt;= 90</arg>
<arg>Should Be True</arg>
<arg>${True}</arg>
<doc>Runs the given keyword with the given arguments, if ``condition`` is true.</doc>
<status status="PASS" start="2024-03-21T13:14:34.394517" elapsed="0.001209"/>
</kw>
<kw name="Run Keyword If" owner="BuiltIn">
<kw name="Should Be True" owner="BuiltIn">
<arg>${True}</arg>
<doc>Fails if the given condition is not true.</doc>
<status status="PASS" start="2024-03-21T13:14:34.396640" elapsed="0.000143"/>
</kw>
<arg>${json_data["results"][0]["location"]["coordinates"]["longitude"]} &gt;= -180 and ${json_data["results"][0]["location"]["coordinates"]["longitude"]} &lt;= 180</arg>
<arg>Should Be True</arg>
<arg>${True}</arg>
<doc>Runs the given keyword with the given arguments, if ``condition`` is true.</doc>
<status status="PASS" start="2024-03-21T13:14:34.395916" elapsed="0.000997"/>
</kw>
<status status="PASS" start="2024-03-21T13:14:34.298209" elapsed="0.098839"/>
</kw>
<doc>Testa o conteúdo específico dos campos retornados pela API.</doc>
<tag>testeConteudo</tag>
<status status="PASS" start="2024-03-21T13:14:34.297588" elapsed="0.099622"/>
</test>
<status status="PASS" start="2024-03-21T13:14:33.568923" elapsed="0.830342"/>
</suite>
<status status="PASS" start="2024-03-21T13:14:33.554483" elapsed="0.850407"/>
</suite>
<statistics>
<total>
<stat pass="5" fail="0" skip="0">All Tests</stat>
</total>
<tag>
<stat pass="1" fail="0" skip="0">testeConteudo</stat>
<stat pass="1" fail="0" skip="0">testeEstruturaResposta</stat>
<stat pass="1" fail="0" skip="0">testeRequisicaoBasica</stat>
<stat pass="1" fail="0" skip="0">testeTiposDados</stat>
</tag>
<suite>
<stat pass="5" fail="0" skip="0" id="s1" name="Tests">Tests</stat>
<stat pass="5" fail="0" skip="0" id="s1-s1" name="Random-User-Test">Tests.Random-User-Test</stat>
</suite>
</statistics>
<errors>
<msg time="2024-03-21T13:14:33.889817" level="ERROR">Error in file '/home/runner/work/DesafioQAItauRogerioJordao/DesafioQAItauRogerioJordao/RamdonUser/config/base.robot' on line 8: Library '/home/runner/work/DesafioQAItauRogerioJordao/DesafioQAItauRogerioJordao/services/data/RandomUser.py' does not exist.</msg>
<msg time="2024-03-21T13:14:33.890001" level="ERROR">Error in file '/home/runner/work/DesafioQAItauRogerioJordao/DesafioQAItauRogerioJordao/RamdonUser/config/base.robot' on line 9: Resource file '/home/runner/work/DesafioQAItauRogerioJordao/DesafioQAItauRogerioJordao/services/api-RandomUser/random-user-service.robot' does not exist.</msg>
</errors>
</robot>
