<?xml version="1.0" encoding="UTF-8"?>
<robot generator="Robot 7.0 (Python 3.12.3 on linux)" generated="2024-06-10T18:19:52.283061" rpa="false" schemaversion="5">
<suite id="s1" name="Tests" source="/home/runner/work/ApiRandomUser/ApiRandomUser/RamdonUser/tests">
<suite id="s1-s1" name="Random-User-Test" source="/home/runner/work/ApiRandomUser/ApiRandomUser/RamdonUser/tests/random-user-test.robot">
<test id="s1-s1-t1" name="Conectar" line="13">
<kw name="Conectar API" owner="random-user-service">
<kw name="Create Session" owner="RequestsLibrary">
<msg time="2024-06-10T18:19:52.670425" level="INFO">Creating Session using : alias=consultarAPI, url=https://randomuser.me/, headers={},                     cookies={}, auth=None, timeout=None, proxies=None, verify=False,                     debug=0 </msg>
<arg>consultarAPI</arg>
<arg>${URL}</arg>
<doc>Create Session: create a HTTP session to a server</doc>
<status status="PASS" start="2024-06-10T18:19:52.670222" elapsed="0.000390"/>
</kw>
<status status="PASS" start="2024-06-10T18:19:52.669236" elapsed="0.001732"/>
</kw>
<status status="PASS" start="2024-06-10T18:19:52.668688" elapsed="0.002470"/>
</test>
<test id="s1-s1-t2" name="Validar retorno 200 e JSON Válido" line="16">
<kw name="Teste de Requisicao Basica" owner="random-user-service">
<kw name="GET On Session" owner="RequestsLibrary">
<msg time="2024-06-10T18:19:52.943334" level="INFO">GET Request : url=https://randomuser.me/api 
 path_url=/api 
 headers={'User-Agent': 'python-requests/2.32.3', 'Accept-Encoding': 'gzip, deflate', 'Accept': '*/*', 'Connection': 'keep-alive'} 
 body=None 
 </msg>
<msg time="2024-06-10T18:19:52.943524" level="INFO">GET Response : url=https://randomuser.me/api 
 status=200, reason=OK 
 headers={'Date': 'Mon, 10 Jun 2024 18:19:52 GMT', 'Content-Type': 'application/json; charset=utf-8', 'Transfer-Encoding': 'chunked', 'Connection': 'keep-alive', 'X-Powered-By': 'Express', 'Access-Control-Allow-Origin': '*', 'Cache-Control': 'no-cache', 'ETag': 'W/"46c-DiDucNJOeCr3YwVW1AFwlU+QALA"', 'Vary': 'Accept-Encoding', 'Content-Encoding': 'gzip', 'CF-Cache-Status': 'DYNAMIC', 'Report-To': '{"endpoints":[{"url":"https:\\/\\/a.nel.cloudflare.com\\/report\\/v4?s=dUB8SImPDqFCxhZXMmGWYyQ99izr2gWQLw5outn2yUV1J3e%2FBoezoxemS%2BLmIyxUE4f8l6iAZU4iwYdUnWK4TlhF5Y3oEbDDAU0tYcTJAgIVC0sS3hJFUGERWy94mEbx"}],"group":"cf-nel","max_age":604800}', 'NEL': '{"success_fraction":0,"report_to":"cf-nel","max_age":604800}', 'Server': 'cloudflare', 'CF-RAY': '891b5f474e1a643b-SJC', 'alt-svc': 'h3=":443"; ma=86400'} 
 body={"results":[{"gender":"male","name":{"title":"Mr","first":"Patrick","last":"Singh"},"location":{"street":{"number":4423,"name":"Gloucester Street"},"city":"Taupo","state":"Southland","country":"New Zealand","postcode":20806,"coordinates":{"latitude":"53.6735","longitude":"-15.3125"},"timezone":{"offset":"+5:45","description":"Kathmandu"}},"email":"patrick.singh@example.com","login":{"uuid":"dac75ba1-600d-4030-bf42-15e9a7307694","username":"crazycat190","password":"vixen","salt":"zdc1dodR","md5":"57f6fb46dc2ef5b334216b89d078830f","sha1":"829ccaba596f1d6529059f219ed893e4742f0ec3","sha256":"bb331768e431a5111695a3583d622d7ea39de5b55d17a383aff27b39f3800857"},"dob":{"date":"1963-01-14T16:19:57.161Z","age":61},"registered":{"date":"2020-07-17T07:33:24.413Z","age":3},"phone":"(642)-043-5295","cell":"(164)-891-1179","id":{"name":"","value":null},"picture":{"large":"https://randomuser.me/api/portraits/men/60.jpg","medium":"https://randomuser.me/api/portraits/med/men/60.jpg","thumbnail":"https://randomuser.me/api/portraits/thumb/men/60.jpg"},"nat":"NZ"}],"info":{"seed":"1ce101cca69def0d","results":1,"page":1,"version":"1.4"}} 
 </msg>
<msg time="2024-06-10T18:19:52.943609" level="INFO">/opt/hostedtoolcache/Python/3.12.3/x64/lib/python3.12/site-packages/urllib3/connectionpool.py:1103: InsecureRequestWarning: Unverified HTTPS request is being made to host 'randomuser.me'. Adding certificate verification is strongly advised. See: https://urllib3.readthedocs.io/en/latest/advanced-usage.html#tls-warnings
  warnings.warn(</msg>
<msg time="2024-06-10T18:19:52.943756" level="INFO">${response} = &lt;Response [200]&gt;</msg>
<var>${response}</var>
<arg>consultarAPI</arg>
<arg>/api</arg>
<doc>Sends a GET request on a previously created HTTP Session.</doc>
<status status="PASS" start="2024-06-10T18:19:52.673740" elapsed="0.270061"/>
</kw>
<kw name="Should Be Equal As Numbers" owner="BuiltIn">
<msg time="2024-06-10T18:19:52.944993" level="INFO">Argument types are:
&lt;class 'int'&gt;
&lt;class 'str'&gt;</msg>
<arg>${response.status_code}</arg>
<arg>200</arg>
<doc>Fails if objects are unequal after converting them to real numbers.</doc>
<status status="PASS" start="2024-06-10T18:19:52.944478" elapsed="0.000582"/>
</kw>
<kw name="Log" owner="BuiltIn">
<msg time="2024-06-10T18:19:52.945760" level="INFO">200</msg>
<arg>${response.status_code}</arg>
<doc>Logs the given message with the given level.</doc>
<status status="PASS" start="2024-06-10T18:19:52.945405" elapsed="0.000403"/>
</kw>
<kw name="Set Variable" owner="BuiltIn">
<msg time="2024-06-10T18:19:52.946554" level="INFO">${json_data} = {'results': [{'gender': 'male', 'name': {'title': 'Mr', 'first': 'Patrick', 'last': 'Singh'}, 'location': {'street': {'number': 4423, 'name': 'Gloucester Street'}, 'city': 'Taupo', 'state': 'Southland...</msg>
<var>${json_data}</var>
<arg>${response.json()}</arg>
<doc>Returns the given values which can then be assigned to a variables.</doc>
<status status="PASS" start="2024-06-10T18:19:52.946125" elapsed="0.000457"/>
</kw>
<kw name="Dictionary Should Contain Key" owner="Collections">
<msg time="2024-06-10T18:19:52.947049" level="INFO">False</msg>
<arg>${json_data}</arg>
<arg>results</arg>
<doc>Fails if ``key`` is not found from ``dictionary``.</doc>
<status status="PASS" start="2024-06-10T18:19:52.946883" elapsed="0.000205"/>
</kw>
<status status="PASS" start="2024-06-10T18:19:52.673504" elapsed="0.273876"/>
</kw>
<doc>Testa se a API responde corretamente e retorna um objeto JSON válido.</doc>
<tag>testeRequisicaoBasica</tag>
<status status="PASS" start="2024-06-10T18:19:52.673043" elapsed="0.274540"/>
</test>
<test id="s1-s1-t3" name="Validar estrutura de resposta" line="22">
<kw name="Teste de Estrutura de Resposta" owner="random-user-service">
<kw name="GET On Session" owner="RequestsLibrary">
<msg time="2024-06-10T18:19:53.040266" level="INFO">GET Request : url=https://randomuser.me/api 
 path_url=/api 
 headers={'User-Agent': 'python-requests/2.32.3', 'Accept-Encoding': 'gzip, deflate', 'Accept': '*/*', 'Connection': 'keep-alive'} 
 body=None 
 </msg>
<msg time="2024-06-10T18:19:53.040354" level="INFO">GET Response : url=https://randomuser.me/api 
 status=200, reason=OK 
 headers={'Date': 'Mon, 10 Jun 2024 18:19:53 GMT', 'Content-Type': 'application/json; charset=utf-8', 'Transfer-Encoding': 'chunked', 'Connection': 'keep-alive', 'X-Powered-By': 'Express', 'Access-Control-Allow-Origin': '*', 'Cache-Control': 'no-cache', 'ETag': 'W/"465-y8YN3Dohqh7AmxpWRttMgi1XchA"', 'Vary': 'Accept-Encoding', 'Content-Encoding': 'gzip', 'CF-Cache-Status': 'DYNAMIC', 'Report-To': '{"endpoints":[{"url":"https:\\/\\/a.nel.cloudflare.com\\/report\\/v4?s=BAlrYK2cnVhtHuulI5JdJBb3Rnp4I06r44VrupsdRUc6Id20IPToY67trJkjm34lyx4HDz3dbetEJX%2FW3VhZn4MUtOHMssYZsE5VjUXq0bQOxaOJNfYeB67XYKxhadt1"}],"group":"cf-nel","max_age":604800}', 'NEL': '{"success_fraction":0,"report_to":"cf-nel","max_age":604800}', 'Server': 'cloudflare', 'CF-RAY': '891b5f47fefb643b-SJC', 'alt-svc': 'h3=":443"; ma=86400'} 
 body={"results":[{"gender":"male","name":{"title":"Mr","first":"David","last":"Migovich"},"location":{"street":{"number":457,"name":"Girnicha"},"city":"Mikolayiv","state":"Zaporizka","country":"Ukraine","postcode":49809,"coordinates":{"latitude":"81.1632","longitude":"-12.9045"},"timezone":{"offset":"+4:30","description":"Kabul"}},"email":"david.migovich@example.com","login":{"uuid":"49a03857-4db6-4feb-aae7-6ad7f88a285d","username":"tinyladybug461","password":"pacific","salt":"rZTy76UO","md5":"3f1c6cb5c0fbfff7dc2b92d3b6f16a6f","sha1":"bedf31d84388e3975acb5de90aa6f97c7ad78769","sha256":"d5d034f6e3a27354842654e7ea8c7d63b1a779a3b8ec3d2be91053d1faacc7f2"},"dob":{"date":"1981-04-16T14:58:48.282Z","age":43},"registered":{"date":"2019-09-06T00:00:29.810Z","age":4},"phone":"(099) N56-1538","cell":"(068) Z66-5799","id":{"name":"","value":null},"picture":{"large":"https://randomuser.me/api/portraits/men/46.jpg","medium":"https://randomuser.me/api/portraits/med/men/46.jpg","thumbnail":"https://randomuser.me/api/portraits/thumb/men/46.jpg"},"nat":"UA"}],"info":{"seed":"5c7ce77500675e17","results":1,"page":1,"version":"1.4"}} 
 </msg>
<msg time="2024-06-10T18:19:53.040463" level="INFO">/opt/hostedtoolcache/Python/3.12.3/x64/lib/python3.12/site-packages/urllib3/connectionpool.py:1103: InsecureRequestWarning: Unverified HTTPS request is being made to host 'randomuser.me'. Adding certificate verification is strongly advised. See: https://urllib3.readthedocs.io/en/latest/advanced-usage.html#tls-warnings
  warnings.warn(</msg>
<msg time="2024-06-10T18:19:53.040573" level="INFO">${response} = &lt;Response [200]&gt;</msg>
<var>${response}</var>
<arg>consultarAPI</arg>
<arg>/api</arg>
<doc>Sends a GET request on a previously created HTTP Session.</doc>
<status status="PASS" start="2024-06-10T18:19:52.950263" elapsed="0.090350"/>
</kw>
<kw name="Set Variable" owner="BuiltIn">
<msg time="2024-06-10T18:19:53.041712" level="INFO">${json_data} = {'results': [{'gender': 'male', 'name': {'title': 'Mr', 'first': 'David', 'last': 'Migovich'}, 'location': {'street': {'number': 457, 'name': 'Girnicha'}, 'city': 'Mikolayiv', 'state': 'Zaporizka', 'c...</msg>
<var>${json_data}</var>
<arg>${response.json()}</arg>
<doc>Returns the given values which can then be assigned to a variables.</doc>
<status status="PASS" start="2024-06-10T18:19:53.041153" elapsed="0.000588"/>
</kw>
<kw name="Log" owner="BuiltIn">
<msg time="2024-06-10T18:19:53.042205" level="INFO">{'results': [{'gender': 'male', 'name': {'title': 'Mr', 'first': 'David', 'last': 'Migovich'}, 'location': {'street': {'number': 457, 'name': 'Girnicha'}, 'city': 'Mikolayiv', 'state': 'Zaporizka', 'country': 'Ukraine', 'postcode': 49809, 'coordinates': {'latitude': '81.1632', 'longitude': '-12.9045'}, 'timezone': {'offset': '+4:30', 'description': 'Kabul'}}, 'email': 'david.migovich@example.com', 'login': {'uuid': '49a03857-4db6-4feb-aae7-6ad7f88a285d', 'username': 'tinyladybug461', 'password': 'pacific', 'salt': 'rZTy76UO', 'md5': '3f1c6cb5c0fbfff7dc2b92d3b6f16a6f', 'sha1': 'bedf31d84388e3975acb5de90aa6f97c7ad78769', 'sha256': 'd5d034f6e3a27354842654e7ea8c7d63b1a779a3b8ec3d2be91053d1faacc7f2'}, 'dob': {'date': '1981-04-16T14:58:48.282Z', 'age': 43}, 'registered': {'date': '2019-09-06T00:00:29.810Z', 'age': 4}, 'phone': '(099) N56-1538', 'cell': '(068) Z66-5799', 'id': {'name': '', 'value': None}, 'picture': {'large': 'https://randomuser.me/api/portraits/men/46.jpg', 'medium': 'https://randomuser.me/api/portraits/med/men/46.jpg', 'thumbnail': 'https://randomuser.me/api/portraits/thumb/men/46.jpg'}, 'nat': 'UA'}], 'info': {'seed': '5c7ce77500675e17', 'results': 1, 'page': 1, 'version': '1.4'}}</msg>
<arg>${json_data}</arg>
<doc>Logs the given message with the given level.</doc>
<status status="PASS" start="2024-06-10T18:19:53.042047" elapsed="0.000208"/>
</kw>
<kw name="Dictionary Should Contain Key" owner="Collections">
<msg time="2024-06-10T18:19:53.042701" level="INFO">False</msg>
<arg>${json_data}</arg>
<arg>results</arg>
<doc>Fails if ``key`` is not found from ``dictionary``.</doc>
<status status="PASS" start="2024-06-10T18:19:53.042547" elapsed="0.000190"/>
</kw>
<kw name="Should Not Be Empty" owner="BuiltIn">
<msg time="2024-06-10T18:19:53.043161" level="INFO">Length is 2.</msg>
<arg>${json_data}</arg>
<doc>Verifies that the given item is not empty.</doc>
<status status="PASS" start="2024-06-10T18:19:53.043025" elapsed="0.000174"/>
</kw>
<kw name="Create List" owner="BuiltIn">
<msg time="2024-06-10T18:19:53.043828" level="INFO">${expected_keys} = ['gender', 'name', 'location', 'email', 'login']</msg>
<var>${expected_keys}</var>
<arg>gender</arg>
<arg>name</arg>
<arg>location</arg>
<arg>email</arg>
<arg>login</arg>
<doc>Returns a list containing given items.</doc>
<status status="PASS" start="2024-06-10T18:19:53.043533" elapsed="0.000320"/>
</kw>
<for flavor="IN">
<iter>
<kw name="Dictionary Should Contain Key" owner="Collections">
<msg time="2024-06-10T18:19:53.044825" level="INFO">False</msg>
<arg>${json_data['results'][0]}</arg>
<arg>${key}</arg>
<doc>Fails if ``key`` is not found from ``dictionary``.</doc>
<status status="PASS" start="2024-06-10T18:19:53.044433" elapsed="0.000428"/>
</kw>
<kw name="Log" owner="BuiltIn">
<msg time="2024-06-10T18:19:53.045526" level="INFO">{'gender': 'male', 'name': {'title': 'Mr', 'first': 'David', 'last': 'Migovich'}, 'location': {'street': {'number': 457, 'name': 'Girnicha'}, 'city': 'Mikolayiv', 'state': 'Zaporizka', 'country': 'Ukraine', 'postcode': 49809, 'coordinates': {'latitude': '81.1632', 'longitude': '-12.9045'}, 'timezone': {'offset': '+4:30', 'description': 'Kabul'}}, 'email': 'david.migovich@example.com', 'login': {'uuid': '49a03857-4db6-4feb-aae7-6ad7f88a285d', 'username': 'tinyladybug461', 'password': 'pacific', 'salt': 'rZTy76UO', 'md5': '3f1c6cb5c0fbfff7dc2b92d3b6f16a6f', 'sha1': 'bedf31d84388e3975acb5de90aa6f97c7ad78769', 'sha256': 'd5d034f6e3a27354842654e7ea8c7d63b1a779a3b8ec3d2be91053d1faacc7f2'}, 'dob': {'date': '1981-04-16T14:58:48.282Z', 'age': 43}, 'registered': {'date': '2019-09-06T00:00:29.810Z', 'age': 4}, 'phone': '(099) N56-1538', 'cell': '(068) Z66-5799', 'id': {'name': '', 'value': None}, 'picture': {'large': 'https://randomuser.me/api/portraits/men/46.jpg', 'medium': 'https://randomuser.me/api/portraits/med/men/46.jpg', 'thumbnail': 'https://randomuser.me/api/portraits/thumb/men/46.jpg'}, 'nat': 'UA'}</msg>
<arg>${json_data['results'][0]}</arg>
<doc>Logs the given message with the given level.</doc>
<status status="PASS" start="2024-06-10T18:19:53.045159" elapsed="0.000421"/>
</kw>
<kw name="Log" owner="BuiltIn">
<msg time="2024-06-10T18:19:53.046004" level="INFO">gender</msg>
<arg>${key}</arg>
<doc>Logs the given message with the given level.</doc>
<status status="PASS" start="2024-06-10T18:19:53.045877" elapsed="0.000165"/>
</kw>
<var name="${key}">gender</var>
<status status="PASS" start="2024-06-10T18:19:53.044309" elapsed="0.001946"/>
</iter>
<iter>
<kw name="Dictionary Should Contain Key" owner="Collections">
<msg time="2024-06-10T18:19:53.046940" level="INFO">False</msg>
<arg>${json_data['results'][0]}</arg>
<arg>${key}</arg>
<doc>Fails if ``key`` is not found from ``dictionary``.</doc>
<status status="PASS" start="2024-06-10T18:19:53.046556" elapsed="0.000420"/>
</kw>
<kw name="Log" owner="BuiltIn">
<msg time="2024-06-10T18:19:53.047685" level="INFO">{'gender': 'male', 'name': {'title': 'Mr', 'first': 'David', 'last': 'Migovich'}, 'location': {'street': {'number': 457, 'name': 'Girnicha'}, 'city': 'Mikolayiv', 'state': 'Zaporizka', 'country': 'Ukraine', 'postcode': 49809, 'coordinates': {'latitude': '81.1632', 'longitude': '-12.9045'}, 'timezone': {'offset': '+4:30', 'description': 'Kabul'}}, 'email': 'david.migovich@example.com', 'login': {'uuid': '49a03857-4db6-4feb-aae7-6ad7f88a285d', 'username': 'tinyladybug461', 'password': 'pacific', 'salt': 'rZTy76UO', 'md5': '3f1c6cb5c0fbfff7dc2b92d3b6f16a6f', 'sha1': 'bedf31d84388e3975acb5de90aa6f97c7ad78769', 'sha256': 'd5d034f6e3a27354842654e7ea8c7d63b1a779a3b8ec3d2be91053d1faacc7f2'}, 'dob': {'date': '1981-04-16T14:58:48.282Z', 'age': 43}, 'registered': {'date': '2019-09-06T00:00:29.810Z', 'age': 4}, 'phone': '(099) N56-1538', 'cell': '(068) Z66-5799', 'id': {'name': '', 'value': None}, 'picture': {'large': 'https://randomuser.me/api/portraits/men/46.jpg', 'medium': 'https://randomuser.me/api/portraits/med/men/46.jpg', 'thumbnail': 'https://randomuser.me/api/portraits/thumb/men/46.jpg'}, 'nat': 'UA'}</msg>
<arg>${json_data['results'][0]}</arg>
<doc>Logs the given message with the given level.</doc>
<status status="PASS" start="2024-06-10T18:19:53.047266" elapsed="0.000468"/>
</kw>
<kw name="Log" owner="BuiltIn">
<msg time="2024-06-10T18:19:53.048154" level="INFO">name</msg>
<arg>${key}</arg>
<doc>Logs the given message with the given level.</doc>
<status status="PASS" start="2024-06-10T18:19:53.048028" elapsed="0.000163"/>
</kw>
<var name="${key}">name</var>
<status status="PASS" start="2024-06-10T18:19:53.046443" elapsed="0.001963"/>
</iter>
<iter>
<kw name="Dictionary Should Contain Key" owner="Collections">
<msg time="2024-06-10T18:19:53.049063" level="INFO">False</msg>
<arg>${json_data['results'][0]}</arg>
<arg>${key}</arg>
<doc>Fails if ``key`` is not found from ``dictionary``.</doc>
<status status="PASS" start="2024-06-10T18:19:53.048693" elapsed="0.000406"/>
</kw>
<kw name="Log" owner="BuiltIn">
<msg time="2024-06-10T18:19:53.049742" level="INFO">{'gender': 'male', 'name': {'title': 'Mr', 'first': 'David', 'last': 'Migovich'}, 'location': {'street': {'number': 457, 'name': 'Girnicha'}, 'city': 'Mikolayiv', 'state': 'Zaporizka', 'country': 'Ukraine', 'postcode': 49809, 'coordinates': {'latitude': '81.1632', 'longitude': '-12.9045'}, 'timezone': {'offset': '+4:30', 'description': 'Kabul'}}, 'email': 'david.migovich@example.com', 'login': {'uuid': '49a03857-4db6-4feb-aae7-6ad7f88a285d', 'username': 'tinyladybug461', 'password': 'pacific', 'salt': 'rZTy76UO', 'md5': '3f1c6cb5c0fbfff7dc2b92d3b6f16a6f', 'sha1': 'bedf31d84388e3975acb5de90aa6f97c7ad78769', 'sha256': 'd5d034f6e3a27354842654e7ea8c7d63b1a779a3b8ec3d2be91053d1faacc7f2'}, 'dob': {'date': '1981-04-16T14:58:48.282Z', 'age': 43}, 'registered': {'date': '2019-09-06T00:00:29.810Z', 'age': 4}, 'phone': '(099) N56-1538', 'cell': '(068) Z66-5799', 'id': {'name': '', 'value': None}, 'picture': {'large': 'https://randomuser.me/api/portraits/men/46.jpg', 'medium': 'https://randomuser.me/api/portraits/med/men/46.jpg', 'thumbnail': 'https://randomuser.me/api/portraits/thumb/men/46.jpg'}, 'nat': 'UA'}</msg>
<arg>${json_data['results'][0]}</arg>
<doc>Logs the given message with the given level.</doc>
<status status="PASS" start="2024-06-10T18:19:53.049390" elapsed="0.000398"/>
</kw>
<kw name="Log" owner="BuiltIn">
<msg time="2024-06-10T18:19:53.050216" level="INFO">location</msg>
<arg>${key}</arg>
<doc>Logs the given message with the given level.</doc>
<status status="PASS" start="2024-06-10T18:19:53.050093" elapsed="0.000159"/>
</kw>
<var name="${key}">location</var>
<status status="PASS" start="2024-06-10T18:19:53.048583" elapsed="0.001883"/>
</iter>
<iter>
<kw name="Dictionary Should Contain Key" owner="Collections">
<msg time="2024-06-10T18:19:53.051135" level="INFO">False</msg>
<arg>${json_data['results'][0]}</arg>
<arg>${key}</arg>
<doc>Fails if ``key`` is not found from ``dictionary``.</doc>
<status status="PASS" start="2024-06-10T18:19:53.050751" elapsed="0.000421"/>
</kw>
<kw name="Log" owner="BuiltIn">
<msg time="2024-06-10T18:19:53.051846" level="INFO">{'gender': 'male', 'name': {'title': 'Mr', 'first': 'David', 'last': 'Migovich'}, 'location': {'street': {'number': 457, 'name': 'Girnicha'}, 'city': 'Mikolayiv', 'state': 'Zaporizka', 'country': 'Ukraine', 'postcode': 49809, 'coordinates': {'latitude': '81.1632', 'longitude': '-12.9045'}, 'timezone': {'offset': '+4:30', 'description': 'Kabul'}}, 'email': 'david.migovich@example.com', 'login': {'uuid': '49a03857-4db6-4feb-aae7-6ad7f88a285d', 'username': 'tinyladybug461', 'password': 'pacific', 'salt': 'rZTy76UO', 'md5': '3f1c6cb5c0fbfff7dc2b92d3b6f16a6f', 'sha1': 'bedf31d84388e3975acb5de90aa6f97c7ad78769', 'sha256': 'd5d034f6e3a27354842654e7ea8c7d63b1a779a3b8ec3d2be91053d1faacc7f2'}, 'dob': {'date': '1981-04-16T14:58:48.282Z', 'age': 43}, 'registered': {'date': '2019-09-06T00:00:29.810Z', 'age': 4}, 'phone': '(099) N56-1538', 'cell': '(068) Z66-5799', 'id': {'name': '', 'value': None}, 'picture': {'large': 'https://randomuser.me/api/portraits/men/46.jpg', 'medium': 'https://randomuser.me/api/portraits/med/men/46.jpg', 'thumbnail': 'https://randomuser.me/api/portraits/thumb/men/46.jpg'}, 'nat': 'UA'}</msg>
<arg>${json_data['results'][0]}</arg>
<doc>Logs the given message with the given level.</doc>
<status status="PASS" start="2024-06-10T18:19:53.051483" elapsed="0.000410"/>
</kw>
<kw name="Log" owner="BuiltIn">
<msg time="2024-06-10T18:19:53.052318" level="INFO">email</msg>
<arg>${key}</arg>
<doc>Logs the given message with the given level.</doc>
<status status="PASS" start="2024-06-10T18:19:53.052191" elapsed="0.000164"/>
</kw>
<var name="${key}">email</var>
<status status="PASS" start="2024-06-10T18:19:53.050637" elapsed="0.001929"/>
</iter>
<iter>
<kw name="Dictionary Should Contain Key" owner="Collections">
<msg time="2024-06-10T18:19:53.053257" level="INFO">False</msg>
<arg>${json_data['results'][0]}</arg>
<arg>${key}</arg>
<doc>Fails if ``key`` is not found from ``dictionary``.</doc>
<status status="PASS" start="2024-06-10T18:19:53.052874" elapsed="0.000419"/>
</kw>
<kw name="Log" owner="BuiltIn">
<msg time="2024-06-10T18:19:53.053950" level="INFO">{'gender': 'male', 'name': {'title': 'Mr', 'first': 'David', 'last': 'Migovich'}, 'location': {'street': {'number': 457, 'name': 'Girnicha'}, 'city': 'Mikolayiv', 'state': 'Zaporizka', 'country': 'Ukraine', 'postcode': 49809, 'coordinates': {'latitude': '81.1632', 'longitude': '-12.9045'}, 'timezone': {'offset': '+4:30', 'description': 'Kabul'}}, 'email': 'david.migovich@example.com', 'login': {'uuid': '49a03857-4db6-4feb-aae7-6ad7f88a285d', 'username': 'tinyladybug461', 'password': 'pacific', 'salt': 'rZTy76UO', 'md5': '3f1c6cb5c0fbfff7dc2b92d3b6f16a6f', 'sha1': 'bedf31d84388e3975acb5de90aa6f97c7ad78769', 'sha256': 'd5d034f6e3a27354842654e7ea8c7d63b1a779a3b8ec3d2be91053d1faacc7f2'}, 'dob': {'date': '1981-04-16T14:58:48.282Z', 'age': 43}, 'registered': {'date': '2019-09-06T00:00:29.810Z', 'age': 4}, 'phone': '(099) N56-1538', 'cell': '(068) Z66-5799', 'id': {'name': '', 'value': None}, 'picture': {'large': 'https://randomuser.me/api/portraits/men/46.jpg', 'medium': 'https://randomuser.me/api/portraits/med/men/46.jpg', 'thumbnail': 'https://randomuser.me/api/portraits/thumb/men/46.jpg'}, 'nat': 'UA'}</msg>
<arg>${json_data['results'][0]}</arg>
<doc>Logs the given message with the given level.</doc>
<status status="PASS" start="2024-06-10T18:19:53.053583" elapsed="0.000414"/>
</kw>
<kw name="Log" owner="BuiltIn">
<msg time="2024-06-10T18:19:53.054408" level="INFO">login</msg>
<arg>${key}</arg>
<doc>Logs the given message with the given level.</doc>
<status status="PASS" start="2024-06-10T18:19:53.054283" elapsed="0.000162"/>
</kw>
<var name="${key}">login</var>
<status status="PASS" start="2024-06-10T18:19:53.052763" elapsed="0.001895"/>
</iter>
<var>${key}</var>
<value>@{expected_keys}</value>
<status status="PASS" start="2024-06-10T18:19:53.044113" elapsed="0.010665"/>
</for>
<kw name="Create List" owner="BuiltIn">
<msg time="2024-06-10T18:19:53.055142" level="INFO">${expected_keysTwo} = ['username', 'password']</msg>
<var>${expected_keysTwo}</var>
<arg>username</arg>
<arg>password</arg>
<doc>Returns a list containing given items.</doc>
<status status="PASS" start="2024-06-10T18:19:53.054970" elapsed="0.000197"/>
</kw>
<for flavor="IN">
<iter>
<kw name="Dictionary Should Contain Key" owner="Collections">
<msg time="2024-06-10T18:19:53.056068" level="INFO">False</msg>
<arg>${json_data['results'][0]['login']}</arg>
<arg>${keyTwo}</arg>
<doc>Fails if ``key`` is not found from ``dictionary``.</doc>
<status status="PASS" start="2024-06-10T18:19:53.055692" elapsed="0.000413"/>
</kw>
<kw name="Dictionary Should Contain Key" owner="Collections">
<msg time="2024-06-10T18:19:53.056774" level="INFO">False</msg>
<arg>${json_data['results'][0]['login']}</arg>
<arg>${keyTwo}</arg>
<doc>Fails if ``key`` is not found from ``dictionary``.</doc>
<status status="PASS" start="2024-06-10T18:19:53.056395" elapsed="0.000415"/>
</kw>
<kw name="Log" owner="BuiltIn">
<msg time="2024-06-10T18:19:53.057223" level="INFO">username</msg>
<arg>${keyTwo}</arg>
<doc>Logs the given message with the given level.</doc>
<status status="PASS" start="2024-06-10T18:19:53.057099" elapsed="0.000161"/>
</kw>
<var name="${keyTwo}">username</var>
<status status="PASS" start="2024-06-10T18:19:53.055583" elapsed="0.001885"/>
</iter>
<iter>
<kw name="Dictionary Should Contain Key" owner="Collections">
<msg time="2024-06-10T18:19:53.058121" level="INFO">False</msg>
<arg>${json_data['results'][0]['login']}</arg>
<arg>${keyTwo}</arg>
<doc>Fails if ``key`` is not found from ``dictionary``.</doc>
<status status="PASS" start="2024-06-10T18:19:53.057750" elapsed="0.000407"/>
</kw>
<kw name="Dictionary Should Contain Key" owner="Collections">
<msg time="2024-06-10T18:19:53.058895" level="INFO">False</msg>
<arg>${json_data['results'][0]['login']}</arg>
<arg>${keyTwo}</arg>
<doc>Fails if ``key`` is not found from ``dictionary``.</doc>
<status status="PASS" start="2024-06-10T18:19:53.058445" elapsed="0.000491"/>
</kw>
<kw name="Log" owner="BuiltIn">
<msg time="2024-06-10T18:19:53.059375" level="INFO">password</msg>
<arg>${keyTwo}</arg>
<doc>Logs the given message with the given level.</doc>
<status status="PASS" start="2024-06-10T18:19:53.059227" elapsed="0.000190"/>
</kw>
<var name="${keyTwo}">password</var>
<status status="PASS" start="2024-06-10T18:19:53.057638" elapsed="0.002000"/>
</iter>
<var>${keyTwo}</var>
<value>@{expected_keysTwo}</value>
<status status="PASS" start="2024-06-10T18:19:53.055426" elapsed="0.004332"/>
</for>
<status status="PASS" start="2024-06-10T18:19:52.950028" elapsed="0.109871"/>
</kw>
<doc>Testa a estrutura da resposta da API.</doc>
<tag>testeEstruturaResposta</tag>
<status status="PASS" start="2024-06-10T18:19:52.949475" elapsed="0.110580"/>
</test>
<test id="s1-s1-t4" name="Validar tipos de dados" line="28">
<kw name="Teste de Tipos de Dados" owner="random-user-service">
<kw name="GET On Session" owner="RequestsLibrary">
<msg time="2024-06-10T18:19:53.152869" level="INFO">GET Request : url=https://randomuser.me/api 
 path_url=/api 
 headers={'User-Agent': 'python-requests/2.32.3', 'Accept-Encoding': 'gzip, deflate', 'Accept': '*/*', 'Connection': 'keep-alive'} 
 body=None 
 </msg>
<msg time="2024-06-10T18:19:53.152966" level="INFO">GET Response : url=https://randomuser.me/api 
 status=200, reason=OK 
 headers={'Date': 'Mon, 10 Jun 2024 18:19:53 GMT', 'Content-Type': 'application/json; charset=utf-8', 'Transfer-Encoding': 'chunked', 'Connection': 'keep-alive', 'X-Powered-By': 'Express', 'Access-Control-Allow-Origin': '*', 'Cache-Control': 'no-cache', 'ETag': 'W/"479-qsOfi3agtUpR10hxj9+DNVWRO4Q"', 'Vary': 'Accept-Encoding', 'Content-Encoding': 'gzip', 'CF-Cache-Status': 'DYNAMIC', 'Report-To': '{"endpoints":[{"url":"https:\\/\\/a.nel.cloudflare.com\\/report\\/v4?s=gjm5FkjT2ZWnYEjTkAJGbE2w3uW8bcR%2F3p%2FVP5OzpSzhEwNuwGgKTqQ1ygs02Amwn7sUsM%2FautTEvqkAcZtZR6H%2FcOL8AlaGSv7CW71MjXOmNZKWLx9HgcH%2BqhsERhzb"}],"group":"cf-nel","max_age":604800}', 'NEL': '{"success_fraction":0,"report_to":"cf-nel","max_age":604800}', 'Server': 'cloudflare', 'CF-RAY': '891b5f48af71643b-SJC', 'alt-svc': 'h3=":443"; ma=86400'} 
 body={"results":[{"gender":"male","name":{"title":"Mr","first":"Nino","last":"Girard"},"location":{"street":{"number":4133,"name":"Rue Bossuet"},"city":"Toulon","state":"Ardèche","country":"France","postcode":27700,"coordinates":{"latitude":"-20.0830","longitude":"-156.7452"},"timezone":{"offset":"+5:45","description":"Kathmandu"}},"email":"nino.girard@example.com","login":{"uuid":"b6c66e13-1de1-47fd-bb8a-7574ccd96e05","username":"orangeostrich494","password":"poopoo","salt":"hZ6eE01T","md5":"797ab57831165b5b20e324b03a2164a3","sha1":"3332fffc99d4a4a9595953ee9c25dc18711e5c31","sha256":"1f88d1dd68dbd527621f5fbe9a09afed90d51adb9c3f4251d44d586efd4bff6b"},"dob":{"date":"1963-10-25T20:00:40.085Z","age":60},"registered":{"date":"2012-03-22T03:55:04.842Z","age":12},"phone":"04-78-63-80-30","cell":"06-52-02-82-03","id":{"name":"INSEE","value":"1630970343975 51"},"picture":{"large":"https://randomuser.me/api/portraits/men/30.jpg","medium":"https://randomuser.me/api/portraits/med/men/30.jpg","thumbnail":"https://randomuser.me/api/portraits/thumb/men/30.jpg"},"nat":"FR"}],"info":{"seed":"d9720fe973daf4aa","results":1,"page":1,"version":"1.4"}} 
 </msg>
<msg time="2024-06-10T18:19:53.153039" level="INFO">/opt/hostedtoolcache/Python/3.12.3/x64/lib/python3.12/site-packages/urllib3/connectionpool.py:1103: InsecureRequestWarning: Unverified HTTPS request is being made to host 'randomuser.me'. Adding certificate verification is strongly advised. See: https://urllib3.readthedocs.io/en/latest/advanced-usage.html#tls-warnings
  warnings.warn(</msg>
<msg time="2024-06-10T18:19:53.153160" level="INFO">${response} = &lt;Response [200]&gt;</msg>
<var>${response}</var>
<arg>consultarAPI</arg>
<arg>/api</arg>
<doc>Sends a GET request on a previously created HTTP Session.</doc>
<status status="PASS" start="2024-06-10T18:19:53.062593" elapsed="0.090609"/>
</kw>
<kw name="Set Variable" owner="BuiltIn">
<msg time="2024-06-10T18:19:53.154395" level="INFO">${json_data} = {'results': [{'gender': 'male', 'name': {'title': 'Mr', 'first': 'Nino', 'last': 'Girard'}, 'location': {'street': {'number': 4133, 'name': 'Rue Bossuet'}, 'city': 'Toulon', 'state': 'Ardèche', 'count...</msg>
<var>${json_data}</var>
<arg>${response.json()}</arg>
<doc>Returns the given values which can then be assigned to a variables.</doc>
<status status="PASS" start="2024-06-10T18:19:53.153822" elapsed="0.000602"/>
</kw>
<kw name="Log" owner="BuiltIn">
<msg time="2024-06-10T18:19:53.154893" level="INFO">{'results': [{'gender': 'male', 'name': {'title': 'Mr', 'first': 'Nino', 'last': 'Girard'}, 'location': {'street': {'number': 4133, 'name': 'Rue Bossuet'}, 'city': 'Toulon', 'state': 'Ardèche', 'country': 'France', 'postcode': 27700, 'coordinates': {'latitude': '-20.0830', 'longitude': '-156.7452'}, 'timezone': {'offset': '+5:45', 'description': 'Kathmandu'}}, 'email': 'nino.girard@example.com', 'login': {'uuid': 'b6c66e13-1de1-47fd-bb8a-7574ccd96e05', 'username': 'orangeostrich494', 'password': 'poopoo', 'salt': 'hZ6eE01T', 'md5': '797ab57831165b5b20e324b03a2164a3', 'sha1': '3332fffc99d4a4a9595953ee9c25dc18711e5c31', 'sha256': '1f88d1dd68dbd527621f5fbe9a09afed90d51adb9c3f4251d44d586efd4bff6b'}, 'dob': {'date': '1963-10-25T20:00:40.085Z', 'age': 60}, 'registered': {'date': '2012-03-22T03:55:04.842Z', 'age': 12}, 'phone': '04-78-63-80-30', 'cell': '06-52-02-82-03', 'id': {'name': 'INSEE', 'value': '1630970343975 51'}, 'picture': {'large': 'https://randomuser.me/api/portraits/men/30.jpg', 'medium': 'https://randomuser.me/api/portraits/med/men/30.jpg', 'thumbnail': 'https://randomuser.me/api/portraits/thumb/men/30.jpg'}, 'nat': 'FR'}], 'info': {'seed': 'd9720fe973daf4aa', 'results': 1, 'page': 1, 'version': '1.4'}}</msg>
<arg>${json_data}</arg>
<doc>Logs the given message with the given level.</doc>
<status status="PASS" start="2024-06-10T18:19:53.154734" elapsed="0.000207"/>
</kw>
<kw name="Should Be String" owner="String">
<arg>${json_data['results'][0]['gender']}</arg>
<doc>Fails if the given ``item`` is not a string.</doc>
<status status="PASS" start="2024-06-10T18:19:53.155235" elapsed="0.000447"/>
</kw>
<kw name="Should Match Regexp" owner="BuiltIn">
<arg>${json_data['results'][0]['email']}</arg>
<arg>^[a-zA-Z0-9._%+-]+@[a-zA-Z0-9.-]+\.[a-zA-Z]{2,}$</arg>
<doc>Fails if ``string`` does not match ``pattern`` as a regular expression.</doc>
<status status="PASS" start="2024-06-10T18:19:53.155878" elapsed="0.000517"/>
</kw>
<kw name="Should Match Regexp" owner="BuiltIn">
<arg>${json_data['results'][0]['dob']['date']}</arg>
<arg>\\d{4}-\\d{2}-\\d{2}T\\d{2}:\\d{2}:\\d{2}\\.\\d{3}Z</arg>
<doc>Fails if ``string`` does not match ``pattern`` as a regular expression.</doc>
<status status="PASS" start="2024-06-10T18:19:53.156592" elapsed="0.000480"/>
</kw>
<kw name="Should Match Regexp" owner="BuiltIn">
<arg>${json_data['results'][0]['registered']['date']}</arg>
<arg>\\d{4}-\\d{2}-\\d{2}T\\d{2}:\\d{2}:\\d{2}\\.\\d{3}Z</arg>
<doc>Fails if ``string`` does not match ``pattern`` as a regular expression.</doc>
<status status="PASS" start="2024-06-10T18:19:53.157264" elapsed="0.000369"/>
</kw>
<kw name="Should Match Regexp" owner="BuiltIn">
<arg>${json_data['results'][0]['picture']['large']}</arg>
<arg>^https?://.*\.(?:png|jpe?g|gif|bmp)$</arg>
<doc>Fails if ``string`` does not match ``pattern`` as a regular expression.</doc>
<status status="PASS" start="2024-06-10T18:19:53.157821" elapsed="0.000450"/>
</kw>
<kw name="Should Match Regexp" owner="BuiltIn">
<arg>${json_data['results'][0]['picture']['medium']}</arg>
<arg>^https?://.*\.(?:png|jpe?g|gif|bmp)$</arg>
<doc>Fails if ``string`` does not match ``pattern`` as a regular expression.</doc>
<status status="PASS" start="2024-06-10T18:19:53.158459" elapsed="0.000354"/>
</kw>
<kw name="Should Match Regexp" owner="BuiltIn">
<arg>${json_data['results'][0]['picture']['thumbnail']}</arg>
<arg>^https?://.*\.(?:png|jpe?g|gif|bmp)$</arg>
<doc>Fails if ``string`` does not match ``pattern`` as a regular expression.</doc>
<status status="PASS" start="2024-06-10T18:19:53.159000" elapsed="0.000345"/>
</kw>
<kw name="Log" owner="BuiltIn">
<msg time="2024-06-10T18:19:53.159894" level="INFO">{'large': 'https://randomuser.me/api/portraits/men/30.jpg', 'medium': 'https://randomuser.me/api/portraits/med/men/30.jpg', 'thumbnail': 'https://randomuser.me/api/portraits/thumb/men/30.jpg'}</msg>
<arg>${json_data['results'][0]['picture']}</arg>
<doc>Logs the given message with the given level.</doc>
<status status="PASS" start="2024-06-10T18:19:53.159569" elapsed="0.000367"/>
</kw>
<status status="PASS" start="2024-06-10T18:19:53.062358" elapsed="0.097835"/>
</kw>
<kw name="Teste de Tipos de Dados - Postcode" owner="random-user-service">
<kw name="GET On Session" owner="RequestsLibrary">
<msg time="2024-06-10T18:19:53.250284" level="INFO">GET Request : url=https://randomuser.me/api 
 path_url=/api 
 headers={'User-Agent': 'python-requests/2.32.3', 'Accept-Encoding': 'gzip, deflate', 'Accept': '*/*', 'Connection': 'keep-alive'} 
 body=None 
 </msg>
<msg time="2024-06-10T18:19:53.250384" level="INFO">GET Response : url=https://randomuser.me/api 
 status=200, reason=OK 
 headers={'Date': 'Mon, 10 Jun 2024 18:19:53 GMT', 'Content-Type': 'application/json; charset=utf-8', 'Transfer-Encoding': 'chunked', 'Connection': 'keep-alive', 'X-Powered-By': 'Express', 'Access-Control-Allow-Origin': '*', 'Cache-Control': 'no-cache', 'ETag': 'W/"483-9wX5xwsQpGyI/SGMoF6bbgzF8Ik"', 'Vary': 'Accept-Encoding', 'Content-Encoding': 'gzip', 'CF-Cache-Status': 'DYNAMIC', 'Report-To': '{"endpoints":[{"url":"https:\\/\\/a.nel.cloudflare.com\\/report\\/v4?s=hBvUPkXc28k8dWUOKnlcBfWr1kNEuZVOdYlJUm5FlotnIj6qK724bW57OICimELrWuA8cFWYWMQJrdlRQlGdMaLw3FEX3vSdYhiMiPbmhxlGfVOQlC5rB1TxkFsBm4vu"}],"group":"cf-nel","max_age":604800}', 'NEL': '{"success_fraction":0,"report_to":"cf-nel","max_age":604800}', 'Server': 'cloudflare', 'CF-RAY': '891b5f494fda643b-SJC', 'alt-svc': 'h3=":443"; ma=86400'} 
 body={"results":[{"gender":"female","name":{"title":"Ms","first":"Lærke","last":"Christensen"},"location":{"street":{"number":6327,"name":"Dalen"},"city":"Bælum","state":"Nordjylland","country":"Denmark","postcode":22272,"coordinates":{"latitude":"-44.7359","longitude":"179.1375"},"timezone":{"offset":"-7:00","description":"Mountain Time (US &amp; Canada)"}},"email":"laerke.christensen@example.com","login":{"uuid":"91d3a129-218d-450b-ade4-d1eb02b8a789","username":"crazyswan170","password":"ursula","salt":"eIZwbRj1","md5":"de7bf06f7e70d5e0a4db1eacd2d601c3","sha1":"c806ef6b13e032fd4adb04523d6432a389e621b1","sha256":"5560c4fbe86f43808db5e4bc163aa45037eb37ebcea4bdcd68dc69a06dd6183d"},"dob":{"date":"1994-06-22T11:27:22.874Z","age":29},"registered":{"date":"2016-04-23T18:04:57.048Z","age":8},"phone":"17564550","cell":"90486484","id":{"name":"CPR","value":"220694-9140"},"picture":{"large":"https://randomuser.me/api/portraits/women/2.jpg","medium":"https://randomuser.me/api/portraits/med/women/2.jpg","thumbnail":"https://randomuser.me/api/portraits/thumb/women/2.jpg"},"nat":"DK"}],"info":{"seed":"2d50b03094b417df","results":1,"page":1,"version":"1.4"}} 
 </msg>
<msg time="2024-06-10T18:19:53.250467" level="INFO">/opt/hostedtoolcache/Python/3.12.3/x64/lib/python3.12/site-packages/urllib3/connectionpool.py:1103: InsecureRequestWarning: Unverified HTTPS request is being made to host 'randomuser.me'. Adding certificate verification is strongly advised. See: https://urllib3.readthedocs.io/en/latest/advanced-usage.html#tls-warnings
  warnings.warn(</msg>
<msg time="2024-06-10T18:19:53.250601" level="INFO">${response} = &lt;Response [200]&gt;</msg>
<var>${response}</var>
<arg>consultarAPI</arg>
<arg>/api</arg>
<doc>Sends a GET request on a previously created HTTP Session.</doc>
<status status="PASS" start="2024-06-10T18:19:53.160657" elapsed="0.089998"/>
</kw>
<kw name="Set Variable" owner="BuiltIn">
<msg time="2024-06-10T18:19:53.251844" level="INFO">${json_data} = {'results': [{'gender': 'female', 'name': {'title': 'Ms', 'first': 'Lærke', 'last': 'Christensen'}, 'location': {'street': {'number': 6327, 'name': 'Dalen'}, 'city': 'Bælum', 'state': 'Nordjylland', '...</msg>
<var>${json_data}</var>
<arg>${response.json()}</arg>
<doc>Returns the given values which can then be assigned to a variables.</doc>
<status status="PASS" start="2024-06-10T18:19:53.251230" elapsed="0.000644"/>
</kw>
<kw name="Log" owner="BuiltIn">
<msg time="2024-06-10T18:19:53.252347" level="INFO">{'results': [{'gender': 'female', 'name': {'title': 'Ms', 'first': 'Lærke', 'last': 'Christensen'}, 'location': {'street': {'number': 6327, 'name': 'Dalen'}, 'city': 'Bælum', 'state': 'Nordjylland', 'country': 'Denmark', 'postcode': 22272, 'coordinates': {'latitude': '-44.7359', 'longitude': '179.1375'}, 'timezone': {'offset': '-7:00', 'description': 'Mountain Time (US &amp; Canada)'}}, 'email': 'laerke.christensen@example.com', 'login': {'uuid': '91d3a129-218d-450b-ade4-d1eb02b8a789', 'username': 'crazyswan170', 'password': 'ursula', 'salt': 'eIZwbRj1', 'md5': 'de7bf06f7e70d5e0a4db1eacd2d601c3', 'sha1': 'c806ef6b13e032fd4adb04523d6432a389e621b1', 'sha256': '5560c4fbe86f43808db5e4bc163aa45037eb37ebcea4bdcd68dc69a06dd6183d'}, 'dob': {'date': '1994-06-22T11:27:22.874Z', 'age': 29}, 'registered': {'date': '2016-04-23T18:04:57.048Z', 'age': 8}, 'phone': '17564550', 'cell': '90486484', 'id': {'name': 'CPR', 'value': '220694-9140'}, 'picture': {'large': 'https://randomuser.me/api/portraits/women/2.jpg', 'medium': 'https://randomuser.me/api/portraits/med/women/2.jpg', 'thumbnail': 'https://randomuser.me/api/portraits/thumb/women/2.jpg'}, 'nat': 'DK'}], 'info': {'seed': '2d50b03094b417df', 'results': 1, 'page': 1, 'version': '1.4'}}</msg>
<arg>${json_data}</arg>
<doc>Logs the given message with the given level.</doc>
<status status="PASS" start="2024-06-10T18:19:53.252188" elapsed="0.000209"/>
</kw>
<kw name="Should Be Equal As Numbers" owner="BuiltIn">
<arg>${json_data['results'][0]['location']['postcode']}</arg>
<arg>${json_data['results'][0]['location']['postcode']}</arg>
<doc>Fails if objects are unequal after converting them to real numbers.</doc>
<status status="PASS" start="2024-06-10T18:19:53.252693" elapsed="0.000794"/>
</kw>
<kw name="Log" owner="BuiltIn">
<msg time="2024-06-10T18:19:53.254050" level="INFO">22272</msg>
<arg>${json_data['results'][0]['location']['postcode']}</arg>
<doc>Logs the given message with the given level.</doc>
<status status="PASS" start="2024-06-10T18:19:53.253715" elapsed="0.000375"/>
</kw>
<status status="PASS" start="2024-06-10T18:19:53.160425" elapsed="0.093927"/>
</kw>
<doc>Testa se os tipos de dados na resposta da API estão corretos.</doc>
<tag>testeTiposDados</tag>
<status status="PASS" start="2024-06-10T18:19:53.061805" elapsed="0.192714"/>
</test>
<test id="s1-s1-t5" name="Validar conteudo" line="35">
<kw name="Teste de Tipos de Conteudo" owner="random-user-service">
<kw name="GET On Session" owner="RequestsLibrary">
<msg time="2024-06-10T18:19:53.356254" level="INFO">GET Request : url=https://randomuser.me/api 
 path_url=/api 
 headers={'User-Agent': 'python-requests/2.32.3', 'Accept-Encoding': 'gzip, deflate', 'Accept': '*/*', 'Connection': 'keep-alive'} 
 body=None 
 </msg>
<msg time="2024-06-10T18:19:53.356349" level="INFO">GET Response : url=https://randomuser.me/api 
 status=200, reason=OK 
 headers={'Date': 'Mon, 10 Jun 2024 18:19:53 GMT', 'Content-Type': 'application/json; charset=utf-8', 'Transfer-Encoding': 'chunked', 'Connection': 'keep-alive', 'X-Powered-By': 'Express', 'Access-Control-Allow-Origin': '*', 'Cache-Control': 'no-cache', 'ETag': 'W/"47c-z//K9C+e9mznyY08oLmBXaLBOGg"', 'Vary': 'Accept-Encoding', 'Content-Encoding': 'gzip', 'CF-Cache-Status': 'DYNAMIC', 'Report-To': '{"endpoints":[{"url":"https:\\/\\/a.nel.cloudflare.com\\/report\\/v4?s=11vJuIX%2BI6M3KB0irzw1diqJbLBqXr5Ch4f1T8%2FVGaNrdMmuKbDwgZ4Mm6D8cdGpszXH5Y%2BlNG2qKujZo8WGK4x9Fsz7VUZQnStLSYMNyihAusXaBDzchMN6QM2pI6jg"}],"group":"cf-nel","max_age":604800}', 'NEL': '{"success_fraction":0,"report_to":"cf-nel","max_age":604800}', 'Server': 'cloudflare', 'CF-RAY': '891b5f49d842643b-SJC', 'alt-svc': 'h3=":443"; ma=86400'} 
 body={"results":[{"gender":"male","name":{"title":"Mr","first":"Gildásio","last":"Araújo"},"location":{"street":{"number":8096,"name":"Rua Paraná "},"city":"Jequié","state":"Pernambuco","country":"Brazil","postcode":37292,"coordinates":{"latitude":"-76.2169","longitude":"-37.7698"},"timezone":{"offset":"+3:30","description":"Tehran"}},"email":"gildasio.araujo@example.com","login":{"uuid":"609c7794-6a50-40f1-aecd-006f6e187870","username":"silversnake135","password":"times","salt":"zMwac7hk","md5":"099573da6376205baf828982f1f7738a","sha1":"f4803bb08ff1d5add7503942918568e5d810e8d5","sha256":"ea7d7ca463954f7402b405c2fa607673d77624f00ca1ef91fdbfa99876ba5544"},"dob":{"date":"1946-02-02T02:33:28.782Z","age":78},"registered":{"date":"2010-04-03T00:36:24.580Z","age":14},"phone":"(38) 0545-4077","cell":"(47) 6259-2546","id":{"name":"CPF","value":"994.891.201-88"},"picture":{"large":"https://randomuser.me/api/portraits/men/96.jpg","medium":"https://randomuser.me/api/portraits/med/men/96.jpg","thumbnail":"https://randomuser.me/api/portraits/thumb/men/96.jpg"},"nat":"BR"}],"info":{"seed":"f9088ede48c7cf68","results":1,"page":1,"version":"1.4"}} 
 </msg>
<msg time="2024-06-10T18:19:53.356421" level="INFO">/opt/hostedtoolcache/Python/3.12.3/x64/lib/python3.12/site-packages/urllib3/connectionpool.py:1103: InsecureRequestWarning: Unverified HTTPS request is being made to host 'randomuser.me'. Adding certificate verification is strongly advised. See: https://urllib3.readthedocs.io/en/latest/advanced-usage.html#tls-warnings
  warnings.warn(</msg>
<msg time="2024-06-10T18:19:53.356540" level="INFO">${response} = &lt;Response [200]&gt;</msg>
<var>${response}</var>
<arg>consultarAPI</arg>
<arg>/api</arg>
<doc>Sends a GET request on a previously created HTTP Session.</doc>
<status status="PASS" start="2024-06-10T18:19:53.257085" elapsed="0.099498"/>
</kw>
<kw name="Set Variable" owner="BuiltIn">
<msg time="2024-06-10T18:19:53.357621" level="INFO">${json_data} = {'results': [{'gender': 'male', 'name': {'title': 'Mr', 'first': 'Gildásio', 'last': 'Araújo'}, 'location': {'street': {'number': 8096, 'name': 'Rua Paraná '}, 'city': 'Jequié', 'state': 'Pernambuco',...</msg>
<var>${json_data}</var>
<arg>${response.json()}</arg>
<doc>Returns the given values which can then be assigned to a variables.</doc>
<status status="PASS" start="2024-06-10T18:19:53.357100" elapsed="0.000550"/>
</kw>
<kw name="Set Variable" owner="BuiltIn">
<msg time="2024-06-10T18:19:53.358339" level="INFO">${name_title} = Mr</msg>
<var>${name_title}</var>
<arg>${json_data["results"][0]["name"]["title"]}</arg>
<doc>Returns the given values which can then be assigned to a variables.</doc>
<status status="PASS" start="2024-06-10T18:19:53.357957" elapsed="0.000408"/>
</kw>
<kw name="Create List" owner="BuiltIn">
<msg time="2024-06-10T18:19:53.358810" level="INFO">${allowed_titles} = ['Mr', 'Ms', 'Miss', 'Mrs', 'Madame', 'Monsieur']</msg>
<var>${allowed_titles}</var>
<arg>Mr</arg>
<arg>Ms</arg>
<arg>Miss</arg>
<arg>Mrs</arg>
<arg>Madame</arg>
<arg>Monsieur</arg>
<doc>Returns a list containing given items.</doc>
<status status="PASS" start="2024-06-10T18:19:53.358663" elapsed="0.000171"/>
</kw>
<kw name="List Should Contain Value" owner="Collections">
<msg time="2024-06-10T18:19:53.359310" level="INFO">False</msg>
<arg>${allowed_titles}</arg>
<arg>${name_title}</arg>
<doc>Fails if the ``value`` is not found from ``list``.</doc>
<status status="PASS" start="2024-06-10T18:19:53.359136" elapsed="0.000210"/>
</kw>
<kw name="Set Variable" owner="BuiltIn">
<msg time="2024-06-10T18:19:53.360060" level="INFO">${name_country} = BR</msg>
<var>${name_country}</var>
<arg>${json_data["results"][0]["nat"]}</arg>
<doc>Returns the given values which can then be assigned to a variables.</doc>
<status status="PASS" start="2024-06-10T18:19:53.359680" elapsed="0.000404"/>
</kw>
<kw name="Create List" owner="BuiltIn">
<msg time="2024-06-10T18:19:53.360991" level="INFO">${list_country} = ['AD', 'AE', 'AF', 'AG', 'AI', 'AL', 'AM', 'AO', 'AQ', 'AR', 'AS', 'AT', 'AU', 'AW', 'AX', 'AZ', 'BA', 'BB', 'BD', 'BE', 'BF', 'BG', 'BH', 'BI', 'BJ', 'BL', 'BM', 'BN', 'BO', 'BQ', 'BR', 'BS', 'BT', '...</msg>
<var>${list_country}</var>
<arg>AD</arg>
<arg>AE</arg>
<arg>AF</arg>
<arg>AG</arg>
<arg>AI</arg>
<arg>AL</arg>
<arg>AM</arg>
<arg>AO</arg>
<arg>AQ</arg>
<arg>AR</arg>
<arg>AS</arg>
<arg>AT</arg>
<arg>AU</arg>
<arg>AW</arg>
<arg>AX</arg>
<arg>AZ</arg>
<arg>BA</arg>
<arg>BB</arg>
<arg>BD</arg>
<arg>BE</arg>
<arg>BF</arg>
<arg>BG</arg>
<arg>BH</arg>
<arg>BI</arg>
<arg>BJ</arg>
<arg>BL</arg>
<arg>BM</arg>
<arg>BN</arg>
<arg>BO</arg>
<arg>BQ</arg>
<arg>BR</arg>
<arg>BS</arg>
<arg>BT</arg>
<arg>BV</arg>
<arg>BW</arg>
<arg>BY</arg>
<arg>BZ</arg>
<arg>CA</arg>
<arg>CC</arg>
<arg>CD</arg>
<arg>CF</arg>
<arg>CG</arg>
<arg>CH</arg>
<arg>CI</arg>
<arg>CK</arg>
<arg>CL</arg>
<arg>CM</arg>
<arg>CN</arg>
<arg>CO</arg>
<arg>CR</arg>
<arg>CU</arg>
<arg>CV</arg>
<arg>CW</arg>
<arg>CX</arg>
<arg>CY</arg>
<arg>CZ</arg>
<arg>DE</arg>
<arg>DJ</arg>
<arg>DK</arg>
<arg>DM</arg>
<arg>DO</arg>
<arg>DZ</arg>
<arg>EC</arg>
<arg>EE</arg>
<arg>EG</arg>
<arg>EH</arg>
<arg>ER</arg>
<arg>ES</arg>
<arg>ET</arg>
<arg>FI</arg>
<arg>FJ</arg>
<arg>FK</arg>
<arg>FM</arg>
<arg>FO</arg>
<arg>FR</arg>
<arg>GA</arg>
<arg>GB</arg>
<arg>GD</arg>
<arg>GE</arg>
<arg>GF</arg>
<arg>GG</arg>
<arg>GH</arg>
<arg>GI</arg>
<arg>GL</arg>
<arg>GM</arg>
<arg>GN</arg>
<arg>GP</arg>
<arg>GQ</arg>
<arg>GR</arg>
<arg>GS</arg>
<arg>GT</arg>
<arg>GU</arg>
<arg>GW</arg>
<arg>GY</arg>
<arg>HK</arg>
<arg>HM</arg>
<arg>HN</arg>
<arg>HR</arg>
<arg>HT</arg>
<arg>HU</arg>
<arg>ID</arg>
<arg>IE</arg>
<arg>IL</arg>
<arg>IM</arg>
<arg>IN</arg>
<arg>IO</arg>
<arg>IQ</arg>
<arg>IR</arg>
<arg>IS</arg>
<arg>IT</arg>
<arg>JE</arg>
<arg>JM</arg>
<arg>JO</arg>
<arg>JP</arg>
<arg>KE</arg>
<arg>KG</arg>
<arg>KH</arg>
<arg>KI</arg>
<arg>KM</arg>
<arg>KN</arg>
<arg>KP</arg>
<arg>KR</arg>
<arg>KW</arg>
<arg>KY</arg>
<arg>KZ</arg>
<arg>LA</arg>
<arg>LB</arg>
<arg>LC</arg>
<arg>LI</arg>
<arg>LK</arg>
<arg>LR</arg>
<arg>LS</arg>
<arg>LT</arg>
<arg>LU</arg>
<arg>LV</arg>
<arg>LY</arg>
<arg>MA</arg>
<arg>MC</arg>
<arg>MD</arg>
<arg>ME</arg>
<arg>MF</arg>
<arg>MG</arg>
<arg>MH</arg>
<arg>MK</arg>
<arg>ML</arg>
<arg>MM</arg>
<arg>MN</arg>
<arg>MO</arg>
<arg>MP</arg>
<arg>MQ</arg>
<arg>MR</arg>
<arg>MS</arg>
<arg>MT</arg>
<arg>MU</arg>
<arg>MV</arg>
<arg>MW</arg>
<arg>MX</arg>
<arg>MY</arg>
<arg>MZ</arg>
<arg>NA</arg>
<arg>NC</arg>
<arg>NE</arg>
<arg>NF</arg>
<arg>NG</arg>
<arg>NI</arg>
<arg>NL</arg>
<arg>NO</arg>
<arg>NP</arg>
<arg>NR</arg>
<arg>NU</arg>
<arg>NZ</arg>
<arg>OM</arg>
<arg>PA</arg>
<arg>PE</arg>
<arg>PF</arg>
<arg>PG</arg>
<arg>PH</arg>
<arg>PK</arg>
<arg>PL</arg>
<arg>PM</arg>
<arg>PN</arg>
<arg>PR</arg>
<arg>PS</arg>
<arg>PT</arg>
<arg>PW</arg>
<arg>PY</arg>
<arg>QA</arg>
<arg>RE</arg>
<arg>RO</arg>
<arg>RS</arg>
<arg>RU</arg>
<arg>RW</arg>
<arg>SA</arg>
<arg>SB</arg>
<arg>SC</arg>
<arg>SD</arg>
<arg>SE</arg>
<arg>SG</arg>
<arg>SH</arg>
<arg>SI</arg>
<arg>SJ</arg>
<arg>SK</arg>
<arg>SL</arg>
<arg>SM</arg>
<arg>SN</arg>
<arg>SO</arg>
<arg>SR</arg>
<arg>SS</arg>
<arg>ST</arg>
<arg>SV</arg>
<arg>SX</arg>
<arg>SY</arg>
<arg>SZ</arg>
<arg>TC</arg>
<arg>TD</arg>
<arg>TF</arg>
<arg>TG</arg>
<arg>TH</arg>
<arg>TJ</arg>
<arg>TK</arg>
<arg>TL</arg>
<arg>TM</arg>
<arg>TN</arg>
<arg>TO</arg>
<arg>TR</arg>
<arg>TT</arg>
<arg>TV</arg>
<arg>TW</arg>
<arg>TZ</arg>
<arg>UA</arg>
<arg>UG</arg>
<arg>UM</arg>
<arg>US</arg>
<arg>UY</arg>
<arg>UZ</arg>
<arg>VA</arg>
<arg>VC</arg>
<arg>VE</arg>
<arg>VG</arg>
<arg>VI</arg>
<arg>VN</arg>
<arg>VU</arg>
<arg>WF</arg>
<arg>WS</arg>
<arg>XK</arg>
<arg>YE</arg>
<arg>YT</arg>
<arg>ZA</arg>
<arg>ZM</arg>
<arg>ZW</arg>
<doc>Returns a list containing given items.</doc>
<status status="PASS" start="2024-06-10T18:19:53.360387" elapsed="0.000631"/>
</kw>
<kw name="List Should Contain Value" owner="Collections">
<msg time="2024-06-10T18:19:53.362006" level="INFO">False</msg>
<arg>${list_country}</arg>
<arg>${name_country}</arg>
<doc>Fails if the ``value`` is not found from ``list``.</doc>
<status status="PASS" start="2024-06-10T18:19:53.361801" elapsed="0.000249"/>
</kw>
<kw name="Run Keyword If" owner="BuiltIn">
<kw name="Should Be True" owner="BuiltIn">
<arg>${True}</arg>
<doc>Fails if the given condition is not true.</doc>
<status status="PASS" start="2024-06-10T18:19:53.363090" elapsed="0.000144"/>
</kw>
<arg>${json_data["results"][0]["location"]["coordinates"]["latitude"]} &gt;= -90 and ${json_data["results"][0]["location"]["coordinates"]["latitude"]} &lt;= 90</arg>
<arg>Should Be True</arg>
<arg>${True}</arg>
<doc>Runs the given keyword with the given arguments, if ``condition`` is true.</doc>
<status status="PASS" start="2024-06-10T18:19:53.362354" elapsed="0.001036"/>
</kw>
<kw name="Run Keyword If" owner="BuiltIn">
<kw name="Should Be True" owner="BuiltIn">
<arg>${True}</arg>
<doc>Fails if the given condition is not true.</doc>
<status status="PASS" start="2024-06-10T18:19:53.364304" elapsed="0.000253"/>
</kw>
<arg>${json_data["results"][0]["location"]["coordinates"]["longitude"]} &gt;= -180 and ${json_data["results"][0]["location"]["coordinates"]["longitude"]} &lt;= 180</arg>
<arg>Should Be True</arg>
<arg>${True}</arg>
<doc>Runs the given keyword with the given arguments, if ``condition`` is true.</doc>
<status status="PASS" start="2024-06-10T18:19:53.363605" elapsed="0.001079"/>
</kw>
<status status="PASS" start="2024-06-10T18:19:53.256858" elapsed="0.107960"/>
</kw>
<doc>Testa o conteúdo específico dos campos retornados pela API.</doc>
<tag>testeConteudo</tag>
<status status="PASS" start="2024-06-10T18:19:53.256324" elapsed="0.108645"/>
</test>
<status status="PASS" start="2024-06-10T18:19:52.340232" elapsed="1.026687"/>
</suite>
<status status="PASS" start="2024-06-10T18:19:52.326824" elapsed="1.045268"/>
</suite>
<statistics>
<total>
<stat pass="5" fail="0" skip="0">All Tests</stat>
</total>
<tag>
<stat pass="1" fail="0" skip="0">testeConteudo</stat>
<stat pass="1" fail="0" skip="0">testeEstruturaResposta</stat>
<stat pass="1" fail="0" skip="0">testeRequisicaoBasica</stat>
<stat pass="1" fail="0" skip="0">testeTiposDados</stat>
</tag>
<suite>
<stat pass="5" fail="0" skip="0" id="s1" name="Tests">Tests</stat>
<stat pass="5" fail="0" skip="0" id="s1-s1" name="Random-User-Test">Tests.Random-User-Test</stat>
</suite>
</statistics>
<errors>
</errors>
</robot>
