<?xml version="1.0" encoding="UTF-8"?>
<robot generator="Robot 7.0.1 (Python 3.12.4 on linux)" generated="2024-07-11T05:15:07.857097" rpa="false" schemaversion="5">
<suite id="s1" name="Tests" source="/home/runner/work/ApiRandomUser/ApiRandomUser/RamdonUser/tests">
<suite id="s1-s1" name="Random-User-Test" source="/home/runner/work/ApiRandomUser/ApiRandomUser/RamdonUser/tests/random-user-test.robot">
<test id="s1-s1-t1" name="Conectar" line="13">
<kw name="Conectar API" owner="random-user-service">
<kw name="Create Session" owner="RequestsLibrary">
<msg time="2024-07-11T05:15:08.248789" level="INFO">Creating Session using : alias=consultarAPI, url=https://randomuser.me/, headers={},                     cookies={}, auth=None, timeout=None, proxies=None, verify=False,                     debug=0 </msg>
<arg>consultarAPI</arg>
<arg>${URL}</arg>
<doc>Create Session: create a HTTP session to a server</doc>
<status status="PASS" start="2024-07-11T05:15:08.248586" elapsed="0.000364"/>
</kw>
<status status="PASS" start="2024-07-11T05:15:08.247676" elapsed="0.001619"/>
</kw>
<status status="PASS" start="2024-07-11T05:15:08.247147" elapsed="0.002337"/>
</test>
<test id="s1-s1-t2" name="Validar retorno 200 e JSON Válido" line="16">
<kw name="Teste de Requisicao Basica" owner="random-user-service">
<kw name="GET On Session" owner="RequestsLibrary">
<msg time="2024-07-11T05:15:08.495694" level="INFO">GET Request : url=https://randomuser.me/api 
 path_url=/api 
 headers={'User-Agent': 'python-requests/2.32.3', 'Accept-Encoding': 'gzip, deflate', 'Accept': '*/*', 'Connection': 'keep-alive'} 
 body=None 
 </msg>
<msg time="2024-07-11T05:15:08.495856" level="INFO">GET Response : url=https://randomuser.me/api 
 status=200, reason=OK 
 headers={'Date': 'Thu, 11 Jul 2024 05:15:08 GMT', 'Content-Type': 'application/json; charset=utf-8', 'Transfer-Encoding': 'chunked', 'Connection': 'keep-alive', 'X-Powered-By': 'Express', 'Access-Control-Allow-Origin': '*', 'Cache-Control': 'no-cache', 'ETag': 'W/"4a4-UfOnay31O96FFhX4ViE3TWENVo0"', 'Vary': 'Accept-Encoding', 'Content-Encoding': 'gzip', 'CF-Cache-Status': 'DYNAMIC', 'Report-To': '{"endpoints":[{"url":"https:\\/\\/a.nel.cloudflare.com\\/report\\/v4?s=JupcniZqig%2FMDZQzdF%2F1RrVVtTT6TV7b3zaCbYWPsBMU1JsHNhb%2FGp4xsLqupqaYmVpK5SyKcw60XhMcrH%2B2x2wuv1ZB9JN5dz2AfIOtIPzmgM1c5pkIXWc8qdCpsXJ9"}],"group":"cf-nel","max_age":604800}', 'NEL': '{"success_fraction":0,"report_to":"cf-nel","max_age":604800}', 'Server': 'cloudflare', 'CF-RAY': '8a165061c8c58005-IAD', 'alt-svc': 'h3=":443"; ma=86400'} 
 body={"results":[{"gender":"female","name":{"title":"Ms","first":"Marchje","last":"Paijmans"},"location":{"street":{"number":6024,"name":"Het Stroombroek"},"city":"Oost-Graftdijk","state":"Groningen","country":"Netherlands","postcode":"0984 YG","coordinates":{"latitude":"35.9374","longitude":"171.9763"},"timezone":{"offset":"-8:00","description":"Pacific Time (US &amp; Canada)"}},"email":"marchje.paijmans@example.com","login":{"uuid":"98f29ba6-2a17-4472-8893-c9ef2c931d45","username":"brownpeacock657","password":"meatloaf","salt":"OeDtEkFF","md5":"045fff75cfcbc4129bd110069b463295","sha1":"915e66df2431ba5987531957784a97c9026bf6e0","sha256":"b77ca6d10c3696fa17324ac365c4063b679c90476fcfa13dd056bc8d228f0af9"},"dob":{"date":"1995-06-20T22:12:34.125Z","age":29},"registered":{"date":"2021-03-08T21:39:34.746Z","age":3},"phone":"(0523) 072352","cell":"(06) 05719562","id":{"name":"BSN","value":"72182671"},"picture":{"large":"https://randomuser.me/api/portraits/women/13.jpg","medium":"https://randomuser.me/api/portraits/med/women/13.jpg","thumbnail":"https://randomuser.me/api/portraits/thumb/women/13.jpg"},"nat":"NL"}],"info":{"seed":"be4255ca35d2f28c","results":1,"page":1,"version":"1.4"}} 
 </msg>
<msg time="2024-07-11T05:15:08.495966" level="INFO">/opt/hostedtoolcache/Python/3.12.4/x64/lib/python3.12/site-packages/urllib3/connectionpool.py:1099: InsecureRequestWarning: Unverified HTTPS request is being made to host 'randomuser.me'. Adding certificate verification is strongly advised. See: https://urllib3.readthedocs.io/en/latest/advanced-usage.html#tls-warnings
  warnings.warn(</msg>
<msg time="2024-07-11T05:15:08.496136" level="INFO">${response} = &lt;Response [200]&gt;</msg>
<var>${response}</var>
<arg>consultarAPI</arg>
<arg>/api</arg>
<doc>Sends a GET request on a previously created HTTP Session.</doc>
<status status="PASS" start="2024-07-11T05:15:08.252062" elapsed="0.244115"/>
</kw>
<kw name="Should Be Equal As Numbers" owner="BuiltIn">
<msg time="2024-07-11T05:15:08.497104" level="INFO">Argument types are:
&lt;class 'int'&gt;
&lt;class 'str'&gt;</msg>
<arg>${response.status_code}</arg>
<arg>200</arg>
<doc>Fails if objects are unequal after converting them to real numbers.</doc>
<status status="PASS" start="2024-07-11T05:15:08.496656" elapsed="0.000516"/>
</kw>
<kw name="Log" owner="BuiltIn">
<msg time="2024-07-11T05:15:08.497904" level="INFO">200</msg>
<arg>${response.status_code}</arg>
<doc>Logs the given message with the given level.</doc>
<status status="PASS" start="2024-07-11T05:15:08.497512" elapsed="0.000436"/>
</kw>
<kw name="Set Variable" owner="BuiltIn">
<msg time="2024-07-11T05:15:08.498698" level="INFO">${json_data} = {'results': [{'gender': 'female', 'name': {'title': 'Ms', 'first': 'Marchje', 'last': 'Paijmans'}, 'location': {'street': {'number': 6024, 'name': 'Het Stroombroek'}, 'city': 'Oost-Graftdijk', 'state'...</msg>
<var>${json_data}</var>
<arg>${response.json()}</arg>
<doc>Returns the given values which can then be assigned to a variables.</doc>
<status status="PASS" start="2024-07-11T05:15:08.498266" elapsed="0.000461"/>
</kw>
<kw name="Dictionary Should Contain Key" owner="Collections">
<arg>${json_data}</arg>
<arg>results</arg>
<doc>Fails if ``key`` is not found from ``dictionary``.</doc>
<status status="PASS" start="2024-07-11T05:15:08.499028" elapsed="0.000171"/>
</kw>
<status status="PASS" start="2024-07-11T05:15:08.251817" elapsed="0.247532"/>
</kw>
<doc>Testa se a API responde corretamente e retorna um objeto JSON válido.</doc>
<tag>testeRequisicaoBasica</tag>
<status status="PASS" start="2024-07-11T05:15:08.251359" elapsed="0.248169"/>
</test>
<test id="s1-s1-t3" name="Validar estrutura de resposta" line="22">
<kw name="Teste de Estrutura de Resposta" owner="random-user-service">
<kw name="GET On Session" owner="RequestsLibrary">
<msg time="2024-07-11T05:15:08.588449" level="INFO">GET Request : url=https://randomuser.me/api 
 path_url=/api 
 headers={'User-Agent': 'python-requests/2.32.3', 'Accept-Encoding': 'gzip, deflate', 'Accept': '*/*', 'Connection': 'keep-alive'} 
 body=None 
 </msg>
<msg time="2024-07-11T05:15:08.588517" level="INFO">GET Response : url=https://randomuser.me/api 
 status=200, reason=OK 
 headers={'Date': 'Thu, 11 Jul 2024 05:15:08 GMT', 'Content-Type': 'application/json; charset=utf-8', 'Transfer-Encoding': 'chunked', 'Connection': 'keep-alive', 'X-Powered-By': 'Express', 'Access-Control-Allow-Origin': '*', 'Cache-Control': 'no-cache', 'ETag': 'W/"48c-nF/PoOrL8nKAoFHkD5pMK2bcK2c"', 'Vary': 'Accept-Encoding', 'Content-Encoding': 'gzip', 'CF-Cache-Status': 'DYNAMIC', 'Report-To': '{"endpoints":[{"url":"https:\\/\\/a.nel.cloudflare.com\\/report\\/v4?s=Uc7EVrL%2BdsnsPQcv4vC1CVej5vfLfGLJ3sB5F%2BZ475yy75XlBY%2FNcwyaje5J7WaPOvRMelPUZdJYJoBbPRtAp5OjerR54HBqogkaYvM0oAmzoAl0zmvfW3T1gbV8LTYe"}],"group":"cf-nel","max_age":604800}', 'NEL': '{"success_fraction":0,"report_to":"cf-nel","max_age":604800}', 'Server': 'cloudflare', 'CF-RAY': '8a16506229208005-IAD', 'alt-svc': 'h3=":443"; ma=86400'} 
 body={"results":[{"gender":"female","name":{"title":"Miss","first":"Ellie","last":"Davies"},"location":{"street":{"number":1725,"name":"Richmond Park"},"city":"Clonakilty","state":"Laois","country":"Ireland","postcode":34193,"coordinates":{"latitude":"-0.1225","longitude":"74.0487"},"timezone":{"offset":"+8:00","description":"Beijing, Perth, Singapore, Hong Kong"}},"email":"ellie.davies@example.com","login":{"uuid":"532d2a47-410d-4906-85f0-1017013b99ff","username":"angrybird119","password":"zander","salt":"gc1MaAWv","md5":"71e9637795361a8488079e0eb9f4285e","sha1":"e7269eff5595a62c6c65e4dfe94c8f76af62fe4e","sha256":"92705569dcc64d12822dcfff27a748875e1315de6b769b3a69506e3fb6b97a01"},"dob":{"date":"1950-03-02T01:42:08.892Z","age":74},"registered":{"date":"2012-03-08T11:45:37.192Z","age":12},"phone":"011-275-6993","cell":"081-879-4473","id":{"name":"PPS","value":"3932117T"},"picture":{"large":"https://randomuser.me/api/portraits/women/1.jpg","medium":"https://randomuser.me/api/portraits/med/women/1.jpg","thumbnail":"https://randomuser.me/api/portraits/thumb/women/1.jpg"},"nat":"IE"}],"info":{"seed":"b9859b392582be24","results":1,"page":1,"version":"1.4"}} 
 </msg>
<msg time="2024-07-11T05:15:08.588615" level="INFO">/opt/hostedtoolcache/Python/3.12.4/x64/lib/python3.12/site-packages/urllib3/connectionpool.py:1099: InsecureRequestWarning: Unverified HTTPS request is being made to host 'randomuser.me'. Adding certificate verification is strongly advised. See: https://urllib3.readthedocs.io/en/latest/advanced-usage.html#tls-warnings
  warnings.warn(</msg>
<msg time="2024-07-11T05:15:08.588706" level="INFO">${response} = &lt;Response [200]&gt;</msg>
<var>${response}</var>
<arg>consultarAPI</arg>
<arg>/api</arg>
<doc>Sends a GET request on a previously created HTTP Session.</doc>
<status status="PASS" start="2024-07-11T05:15:08.502533" elapsed="0.086212"/>
</kw>
<kw name="Set Variable" owner="BuiltIn">
<msg time="2024-07-11T05:15:08.589534" level="INFO">${json_data} = {'results': [{'gender': 'female', 'name': {'title': 'Miss', 'first': 'Ellie', 'last': 'Davies'}, 'location': {'street': {'number': 1725, 'name': 'Richmond Park'}, 'city': 'Clonakilty', 'state': 'Laois...</msg>
<var>${json_data}</var>
<arg>${response.json()}</arg>
<doc>Returns the given values which can then be assigned to a variables.</doc>
<status status="PASS" start="2024-07-11T05:15:08.589091" elapsed="0.000471"/>
</kw>
<kw name="Log" owner="BuiltIn">
<msg time="2024-07-11T05:15:08.590079" level="INFO">{'results': [{'gender': 'female', 'name': {'title': 'Miss', 'first': 'Ellie', 'last': 'Davies'}, 'location': {'street': {'number': 1725, 'name': 'Richmond Park'}, 'city': 'Clonakilty', 'state': 'Laois', 'country': 'Ireland', 'postcode': 34193, 'coordinates': {'latitude': '-0.1225', 'longitude': '74.0487'}, 'timezone': {'offset': '+8:00', 'description': 'Beijing, Perth, Singapore, Hong Kong'}}, 'email': 'ellie.davies@example.com', 'login': {'uuid': '532d2a47-410d-4906-85f0-1017013b99ff', 'username': 'angrybird119', 'password': 'zander', 'salt': 'gc1MaAWv', 'md5': '71e9637795361a8488079e0eb9f4285e', 'sha1': 'e7269eff5595a62c6c65e4dfe94c8f76af62fe4e', 'sha256': '92705569dcc64d12822dcfff27a748875e1315de6b769b3a69506e3fb6b97a01'}, 'dob': {'date': '1950-03-02T01:42:08.892Z', 'age': 74}, 'registered': {'date': '2012-03-08T11:45:37.192Z', 'age': 12}, 'phone': '011-275-6993', 'cell': '081-879-4473', 'id': {'name': 'PPS', 'value': '3932117T'}, 'picture': {'large': 'https://randomuser.me/api/portraits/women/1.jpg', 'medium': 'https://randomuser.me/api/portraits/med/women/1.jpg', 'thumbnail': 'https://randomuser.me/api/portraits/thumb/women/1.jpg'}, 'nat': 'IE'}], 'info': {'seed': 'b9859b392582be24', 'results': 1, 'page': 1, 'version': '1.4'}}</msg>
<arg>${json_data}</arg>
<doc>Logs the given message with the given level.</doc>
<status status="PASS" start="2024-07-11T05:15:08.589923" elapsed="0.000203"/>
</kw>
<kw name="Dictionary Should Contain Key" owner="Collections">
<arg>${json_data}</arg>
<arg>results</arg>
<doc>Fails if ``key`` is not found from ``dictionary``.</doc>
<status status="PASS" start="2024-07-11T05:15:08.590412" elapsed="0.000169"/>
</kw>
<kw name="Should Not Be Empty" owner="BuiltIn">
<msg time="2024-07-11T05:15:08.590893" level="INFO">Length is 2.</msg>
<arg>${json_data}</arg>
<doc>Verifies that the given item is not empty.</doc>
<status status="PASS" start="2024-07-11T05:15:08.590761" elapsed="0.000169"/>
</kw>
<kw name="Create List" owner="BuiltIn">
<msg time="2024-07-11T05:15:08.591505" level="INFO">${expected_keys} = ['gender', 'name', 'location', 'email', 'login']</msg>
<var>${expected_keys}</var>
<arg>gender</arg>
<arg>name</arg>
<arg>location</arg>
<arg>email</arg>
<arg>login</arg>
<doc>Returns a list containing given items.</doc>
<status status="PASS" start="2024-07-11T05:15:08.591210" elapsed="0.000320"/>
</kw>
<for flavor="IN">
<iter>
<kw name="Dictionary Should Contain Key" owner="Collections">
<arg>${json_data['results'][0]}</arg>
<arg>${key}</arg>
<doc>Fails if ``key`` is not found from ``dictionary``.</doc>
<status status="PASS" start="2024-07-11T05:15:08.592115" elapsed="0.000419"/>
</kw>
<kw name="Log" owner="BuiltIn">
<msg time="2024-07-11T05:15:08.593082" level="INFO">{'gender': 'female', 'name': {'title': 'Miss', 'first': 'Ellie', 'last': 'Davies'}, 'location': {'street': {'number': 1725, 'name': 'Richmond Park'}, 'city': 'Clonakilty', 'state': 'Laois', 'country': 'Ireland', 'postcode': 34193, 'coordinates': {'latitude': '-0.1225', 'longitude': '74.0487'}, 'timezone': {'offset': '+8:00', 'description': 'Beijing, Perth, Singapore, Hong Kong'}}, 'email': 'ellie.davies@example.com', 'login': {'uuid': '532d2a47-410d-4906-85f0-1017013b99ff', 'username': 'angrybird119', 'password': 'zander', 'salt': 'gc1MaAWv', 'md5': '71e9637795361a8488079e0eb9f4285e', 'sha1': 'e7269eff5595a62c6c65e4dfe94c8f76af62fe4e', 'sha256': '92705569dcc64d12822dcfff27a748875e1315de6b769b3a69506e3fb6b97a01'}, 'dob': {'date': '1950-03-02T01:42:08.892Z', 'age': 74}, 'registered': {'date': '2012-03-08T11:45:37.192Z', 'age': 12}, 'phone': '011-275-6993', 'cell': '081-879-4473', 'id': {'name': 'PPS', 'value': '3932117T'}, 'picture': {'large': 'https://randomuser.me/api/portraits/women/1.jpg', 'medium': 'https://randomuser.me/api/portraits/med/women/1.jpg', 'thumbnail': 'https://randomuser.me/api/portraits/thumb/women/1.jpg'}, 'nat': 'IE'}</msg>
<arg>${json_data['results'][0]}</arg>
<doc>Logs the given message with the given level.</doc>
<status status="PASS" start="2024-07-11T05:15:08.592721" elapsed="0.000409"/>
</kw>
<kw name="Log" owner="BuiltIn">
<msg time="2024-07-11T05:15:08.593554" level="INFO">gender</msg>
<arg>${key}</arg>
<doc>Logs the given message with the given level.</doc>
<status status="PASS" start="2024-07-11T05:15:08.593427" elapsed="0.000165"/>
</kw>
<var name="${key}">gender</var>
<status status="PASS" start="2024-07-11T05:15:08.591993" elapsed="0.001864"/>
</iter>
<iter>
<kw name="Dictionary Should Contain Key" owner="Collections">
<arg>${json_data['results'][0]}</arg>
<arg>${key}</arg>
<doc>Fails if ``key`` is not found from ``dictionary``.</doc>
<status status="PASS" start="2024-07-11T05:15:08.594147" elapsed="0.000385"/>
</kw>
<kw name="Log" owner="BuiltIn">
<msg time="2024-07-11T05:15:08.595055" level="INFO">{'gender': 'female', 'name': {'title': 'Miss', 'first': 'Ellie', 'last': 'Davies'}, 'location': {'street': {'number': 1725, 'name': 'Richmond Park'}, 'city': 'Clonakilty', 'state': 'Laois', 'country': 'Ireland', 'postcode': 34193, 'coordinates': {'latitude': '-0.1225', 'longitude': '74.0487'}, 'timezone': {'offset': '+8:00', 'description': 'Beijing, Perth, Singapore, Hong Kong'}}, 'email': 'ellie.davies@example.com', 'login': {'uuid': '532d2a47-410d-4906-85f0-1017013b99ff', 'username': 'angrybird119', 'password': 'zander', 'salt': 'gc1MaAWv', 'md5': '71e9637795361a8488079e0eb9f4285e', 'sha1': 'e7269eff5595a62c6c65e4dfe94c8f76af62fe4e', 'sha256': '92705569dcc64d12822dcfff27a748875e1315de6b769b3a69506e3fb6b97a01'}, 'dob': {'date': '1950-03-02T01:42:08.892Z', 'age': 74}, 'registered': {'date': '2012-03-08T11:45:37.192Z', 'age': 12}, 'phone': '011-275-6993', 'cell': '081-879-4473', 'id': {'name': 'PPS', 'value': '3932117T'}, 'picture': {'large': 'https://randomuser.me/api/portraits/women/1.jpg', 'medium': 'https://randomuser.me/api/portraits/med/women/1.jpg', 'thumbnail': 'https://randomuser.me/api/portraits/thumb/women/1.jpg'}, 'nat': 'IE'}</msg>
<arg>${json_data['results'][0]}</arg>
<doc>Logs the given message with the given level.</doc>
<status status="PASS" start="2024-07-11T05:15:08.594712" elapsed="0.000423"/>
</kw>
<kw name="Log" owner="BuiltIn">
<msg time="2024-07-11T05:15:08.595556" level="INFO">name</msg>
<arg>${key}</arg>
<doc>Logs the given message with the given level.</doc>
<status status="PASS" start="2024-07-11T05:15:08.595430" elapsed="0.000164"/>
</kw>
<var name="${key}">name</var>
<status status="PASS" start="2024-07-11T05:15:08.594036" elapsed="0.001769"/>
</iter>
<iter>
<kw name="Dictionary Should Contain Key" owner="Collections">
<arg>${json_data['results'][0]}</arg>
<arg>${key}</arg>
<doc>Fails if ``key`` is not found from ``dictionary``.</doc>
<status status="PASS" start="2024-07-11T05:15:08.596085" elapsed="0.000374"/>
</kw>
<kw name="Log" owner="BuiltIn">
<msg time="2024-07-11T05:15:08.596978" level="INFO">{'gender': 'female', 'name': {'title': 'Miss', 'first': 'Ellie', 'last': 'Davies'}, 'location': {'street': {'number': 1725, 'name': 'Richmond Park'}, 'city': 'Clonakilty', 'state': 'Laois', 'country': 'Ireland', 'postcode': 34193, 'coordinates': {'latitude': '-0.1225', 'longitude': '74.0487'}, 'timezone': {'offset': '+8:00', 'description': 'Beijing, Perth, Singapore, Hong Kong'}}, 'email': 'ellie.davies@example.com', 'login': {'uuid': '532d2a47-410d-4906-85f0-1017013b99ff', 'username': 'angrybird119', 'password': 'zander', 'salt': 'gc1MaAWv', 'md5': '71e9637795361a8488079e0eb9f4285e', 'sha1': 'e7269eff5595a62c6c65e4dfe94c8f76af62fe4e', 'sha256': '92705569dcc64d12822dcfff27a748875e1315de6b769b3a69506e3fb6b97a01'}, 'dob': {'date': '1950-03-02T01:42:08.892Z', 'age': 74}, 'registered': {'date': '2012-03-08T11:45:37.192Z', 'age': 12}, 'phone': '011-275-6993', 'cell': '081-879-4473', 'id': {'name': 'PPS', 'value': '3932117T'}, 'picture': {'large': 'https://randomuser.me/api/portraits/women/1.jpg', 'medium': 'https://randomuser.me/api/portraits/med/women/1.jpg', 'thumbnail': 'https://randomuser.me/api/portraits/thumb/women/1.jpg'}, 'nat': 'IE'}</msg>
<arg>${json_data['results'][0]}</arg>
<doc>Logs the given message with the given level.</doc>
<status status="PASS" start="2024-07-11T05:15:08.596636" elapsed="0.000398"/>
</kw>
<kw name="Log" owner="BuiltIn">
<msg time="2024-07-11T05:15:08.597451" level="INFO">location</msg>
<arg>${key}</arg>
<doc>Logs the given message with the given level.</doc>
<status status="PASS" start="2024-07-11T05:15:08.597325" elapsed="0.000163"/>
</kw>
<var name="${key}">location</var>
<status status="PASS" start="2024-07-11T05:15:08.595978" elapsed="0.001744"/>
</iter>
<iter>
<kw name="Dictionary Should Contain Key" owner="Collections">
<arg>${json_data['results'][0]}</arg>
<arg>${key}</arg>
<doc>Fails if ``key`` is not found from ``dictionary``.</doc>
<status status="PASS" start="2024-07-11T05:15:08.598008" elapsed="0.000385"/>
</kw>
<kw name="Log" owner="BuiltIn">
<msg time="2024-07-11T05:15:08.598919" level="INFO">{'gender': 'female', 'name': {'title': 'Miss', 'first': 'Ellie', 'last': 'Davies'}, 'location': {'street': {'number': 1725, 'name': 'Richmond Park'}, 'city': 'Clonakilty', 'state': 'Laois', 'country': 'Ireland', 'postcode': 34193, 'coordinates': {'latitude': '-0.1225', 'longitude': '74.0487'}, 'timezone': {'offset': '+8:00', 'description': 'Beijing, Perth, Singapore, Hong Kong'}}, 'email': 'ellie.davies@example.com', 'login': {'uuid': '532d2a47-410d-4906-85f0-1017013b99ff', 'username': 'angrybird119', 'password': 'zander', 'salt': 'gc1MaAWv', 'md5': '71e9637795361a8488079e0eb9f4285e', 'sha1': 'e7269eff5595a62c6c65e4dfe94c8f76af62fe4e', 'sha256': '92705569dcc64d12822dcfff27a748875e1315de6b769b3a69506e3fb6b97a01'}, 'dob': {'date': '1950-03-02T01:42:08.892Z', 'age': 74}, 'registered': {'date': '2012-03-08T11:45:37.192Z', 'age': 12}, 'phone': '011-275-6993', 'cell': '081-879-4473', 'id': {'name': 'PPS', 'value': '3932117T'}, 'picture': {'large': 'https://randomuser.me/api/portraits/women/1.jpg', 'medium': 'https://randomuser.me/api/portraits/med/women/1.jpg', 'thumbnail': 'https://randomuser.me/api/portraits/thumb/women/1.jpg'}, 'nat': 'IE'}</msg>
<arg>${json_data['results'][0]}</arg>
<doc>Logs the given message with the given level.</doc>
<status status="PASS" start="2024-07-11T05:15:08.598577" elapsed="0.000390"/>
</kw>
<kw name="Log" owner="BuiltIn">
<msg time="2024-07-11T05:15:08.599384" level="INFO">email</msg>
<arg>${key}</arg>
<doc>Logs the given message with the given level.</doc>
<status status="PASS" start="2024-07-11T05:15:08.599255" elapsed="0.000167"/>
</kw>
<var name="${key}">email</var>
<status status="PASS" start="2024-07-11T05:15:08.597901" elapsed="0.001728"/>
</iter>
<iter>
<kw name="Dictionary Should Contain Key" owner="Collections">
<arg>${json_data['results'][0]}</arg>
<arg>${key}</arg>
<doc>Fails if ``key`` is not found from ``dictionary``.</doc>
<status status="PASS" start="2024-07-11T05:15:08.599909" elapsed="0.000381"/>
</kw>
<kw name="Log" owner="BuiltIn">
<msg time="2024-07-11T05:15:08.600805" level="INFO">{'gender': 'female', 'name': {'title': 'Miss', 'first': 'Ellie', 'last': 'Davies'}, 'location': {'street': {'number': 1725, 'name': 'Richmond Park'}, 'city': 'Clonakilty', 'state': 'Laois', 'country': 'Ireland', 'postcode': 34193, 'coordinates': {'latitude': '-0.1225', 'longitude': '74.0487'}, 'timezone': {'offset': '+8:00', 'description': 'Beijing, Perth, Singapore, Hong Kong'}}, 'email': 'ellie.davies@example.com', 'login': {'uuid': '532d2a47-410d-4906-85f0-1017013b99ff', 'username': 'angrybird119', 'password': 'zander', 'salt': 'gc1MaAWv', 'md5': '71e9637795361a8488079e0eb9f4285e', 'sha1': 'e7269eff5595a62c6c65e4dfe94c8f76af62fe4e', 'sha256': '92705569dcc64d12822dcfff27a748875e1315de6b769b3a69506e3fb6b97a01'}, 'dob': {'date': '1950-03-02T01:42:08.892Z', 'age': 74}, 'registered': {'date': '2012-03-08T11:45:37.192Z', 'age': 12}, 'phone': '011-275-6993', 'cell': '081-879-4473', 'id': {'name': 'PPS', 'value': '3932117T'}, 'picture': {'large': 'https://randomuser.me/api/portraits/women/1.jpg', 'medium': 'https://randomuser.me/api/portraits/med/women/1.jpg', 'thumbnail': 'https://randomuser.me/api/portraits/thumb/women/1.jpg'}, 'nat': 'IE'}</msg>
<arg>${json_data['results'][0]}</arg>
<doc>Logs the given message with the given level.</doc>
<status status="PASS" start="2024-07-11T05:15:08.600467" elapsed="0.000385"/>
</kw>
<kw name="Log" owner="BuiltIn">
<msg time="2024-07-11T05:15:08.601263" level="INFO">login</msg>
<arg>${key}</arg>
<doc>Logs the given message with the given level.</doc>
<status status="PASS" start="2024-07-11T05:15:08.601139" elapsed="0.000161"/>
</kw>
<var name="${key}">login</var>
<status status="PASS" start="2024-07-11T05:15:08.599796" elapsed="0.001714"/>
</iter>
<var>${key}</var>
<value>@{expected_keys}</value>
<status status="PASS" start="2024-07-11T05:15:08.591806" elapsed="0.009821"/>
</for>
<kw name="Create List" owner="BuiltIn">
<msg time="2024-07-11T05:15:08.601995" level="INFO">${expected_keysTwo} = ['username', 'password']</msg>
<var>${expected_keysTwo}</var>
<arg>username</arg>
<arg>password</arg>
<doc>Returns a list containing given items.</doc>
<status status="PASS" start="2024-07-11T05:15:08.601855" elapsed="0.000194"/>
</kw>
<for flavor="IN">
<iter>
<kw name="Dictionary Should Contain Key" owner="Collections">
<arg>${json_data['results'][0]['login']}</arg>
<arg>${keyTwo}</arg>
<doc>Fails if ``key`` is not found from ``dictionary``.</doc>
<status status="PASS" start="2024-07-11T05:15:08.602541" elapsed="0.000390"/>
</kw>
<kw name="Dictionary Should Contain Key" owner="Collections">
<arg>${json_data['results'][0]['login']}</arg>
<arg>${keyTwo}</arg>
<doc>Fails if ``key`` is not found from ``dictionary``.</doc>
<status status="PASS" start="2024-07-11T05:15:08.603110" elapsed="0.000364"/>
</kw>
<kw name="Log" owner="BuiltIn">
<msg time="2024-07-11T05:15:08.603848" level="INFO">username</msg>
<arg>${keyTwo}</arg>
<doc>Logs the given message with the given level.</doc>
<status status="PASS" start="2024-07-11T05:15:08.603692" elapsed="0.000225"/>
</kw>
<var name="${keyTwo}">username</var>
<status status="PASS" start="2024-07-11T05:15:08.602436" elapsed="0.001735"/>
</iter>
<iter>
<kw name="Dictionary Should Contain Key" owner="Collections">
<arg>${json_data['results'][0]['login']}</arg>
<arg>${keyTwo}</arg>
<doc>Fails if ``key`` is not found from ``dictionary``.</doc>
<status status="PASS" start="2024-07-11T05:15:08.604447" elapsed="0.000387"/>
</kw>
<kw name="Dictionary Should Contain Key" owner="Collections">
<arg>${json_data['results'][0]['login']}</arg>
<arg>${keyTwo}</arg>
<doc>Fails if ``key`` is not found from ``dictionary``.</doc>
<status status="PASS" start="2024-07-11T05:15:08.605011" elapsed="0.000372"/>
</kw>
<kw name="Log" owner="BuiltIn">
<msg time="2024-07-11T05:15:08.605701" level="INFO">password</msg>
<arg>${keyTwo}</arg>
<doc>Logs the given message with the given level.</doc>
<status status="PASS" start="2024-07-11T05:15:08.605558" elapsed="0.000198"/>
</kw>
<var name="${keyTwo}">password</var>
<status status="PASS" start="2024-07-11T05:15:08.604341" elapsed="0.001730"/>
</iter>
<var>${keyTwo}</var>
<value>@{expected_keysTwo}</value>
<status status="PASS" start="2024-07-11T05:15:08.602288" elapsed="0.003905"/>
</for>
<status status="PASS" start="2024-07-11T05:15:08.502189" elapsed="0.104140"/>
</kw>
<doc>Testa a estrutura da resposta da API.</doc>
<tag>testeEstruturaResposta</tag>
<status status="PASS" start="2024-07-11T05:15:08.501374" elapsed="0.105102"/>
</test>
<test id="s1-s1-t4" name="Validar tipos de dados" line="28">
<kw name="Teste de Tipos de Dados" owner="random-user-service">
<kw name="GET On Session" owner="RequestsLibrary">
<msg time="2024-07-11T05:15:08.683200" level="INFO">GET Request : url=https://randomuser.me/api 
 path_url=/api 
 headers={'User-Agent': 'python-requests/2.32.3', 'Accept-Encoding': 'gzip, deflate', 'Accept': '*/*', 'Connection': 'keep-alive'} 
 body=None 
 </msg>
<msg time="2024-07-11T05:15:08.683286" level="INFO">GET Response : url=https://randomuser.me/api 
 status=200, reason=OK 
 headers={'Date': 'Thu, 11 Jul 2024 05:15:08 GMT', 'Content-Type': 'application/json; charset=utf-8', 'Transfer-Encoding': 'chunked', 'Connection': 'keep-alive', 'X-Powered-By': 'Express', 'Access-Control-Allow-Origin': '*', 'Cache-Control': 'no-cache', 'ETag': 'W/"488-QXZG0CqzKf/FveqC04KQgKJYd9M"', 'Vary': 'Accept-Encoding', 'Content-Encoding': 'gzip', 'CF-Cache-Status': 'DYNAMIC', 'Report-To': '{"endpoints":[{"url":"https:\\/\\/a.nel.cloudflare.com\\/report\\/v4?s=MsS%2Fqf7YZs97EP8A97EGLd2ugh9K79hVqDrCzd4tCiEIdJHLkpmolV1ZZUqRC7utsG6YPSI1Sm4aeRx6y8fXmHth38SBIw4xJlYvO8RQ87V9QZ9GXJtHVPZ6oocfmNX8"}],"group":"cf-nel","max_age":604800}', 'NEL': '{"success_fraction":0,"report_to":"cf-nel","max_age":604800}', 'Server': 'cloudflare', 'CF-RAY': '8a165062c9e18005-IAD', 'alt-svc': 'h3=":443"; ma=86400'} 
 body={"results":[{"gender":"male","name":{"title":"Mr","first":"Kuzey","last":"Çapanoğlu"},"location":{"street":{"number":6442,"name":"Filistin Cd"},"city":"Burdur","state":"Çorum","country":"Turkey","postcode":90838,"coordinates":{"latitude":"65.9863","longitude":"-73.6808"},"timezone":{"offset":"-6:00","description":"Central Time (US &amp; Canada), Mexico City"}},"email":"kuzey.capanoglu@example.com","login":{"uuid":"8e3a923e-91a1-41b5-af77-a58110eebd66","username":"lazyladybug676","password":"xtreme","salt":"MdOefTu5","md5":"4fdaa12d6f6702f87d1d640c2c122414","sha1":"2d2e0b8c503a83288fd947db900fdab06622131a","sha256":"862fddf88add7f2af16479f94c6d7c978569d395d0d11b31e7c95b80fc4f5d5a"},"dob":{"date":"1964-07-16T10:03:23.403Z","age":59},"registered":{"date":"2013-02-16T19:36:52.978Z","age":11},"phone":"(109)-878-4378","cell":"(126)-229-0459","id":{"name":"","value":null},"picture":{"large":"https://randomuser.me/api/portraits/men/10.jpg","medium":"https://randomuser.me/api/portraits/med/men/10.jpg","thumbnail":"https://randomuser.me/api/portraits/thumb/men/10.jpg"},"nat":"TR"}],"info":{"seed":"b3746b8b1b1aded9","results":1,"page":1,"version":"1.4"}} 
 </msg>
<msg time="2024-07-11T05:15:08.683392" level="INFO">/opt/hostedtoolcache/Python/3.12.4/x64/lib/python3.12/site-packages/urllib3/connectionpool.py:1099: InsecureRequestWarning: Unverified HTTPS request is being made to host 'randomuser.me'. Adding certificate verification is strongly advised. See: https://urllib3.readthedocs.io/en/latest/advanced-usage.html#tls-warnings
  warnings.warn(</msg>
<msg time="2024-07-11T05:15:08.683500" level="INFO">${response} = &lt;Response [200]&gt;</msg>
<var>${response}</var>
<arg>consultarAPI</arg>
<arg>/api</arg>
<doc>Sends a GET request on a previously created HTTP Session.</doc>
<status status="PASS" start="2024-07-11T05:15:08.608854" elapsed="0.074677"/>
</kw>
<kw name="Set Variable" owner="BuiltIn">
<msg time="2024-07-11T05:15:08.684447" level="INFO">${json_data} = {'results': [{'gender': 'male', 'name': {'title': 'Mr', 'first': 'Kuzey', 'last': 'Çapanoğlu'}, 'location': {'street': {'number': 6442, 'name': 'Filistin Cd'}, 'city': 'Burdur', 'state': 'Çorum', 'cou...</msg>
<var>${json_data}</var>
<arg>${response.json()}</arg>
<doc>Returns the given values which can then be assigned to a variables.</doc>
<status status="PASS" start="2024-07-11T05:15:08.683979" elapsed="0.000499"/>
</kw>
<kw name="Log" owner="BuiltIn">
<msg time="2024-07-11T05:15:08.684958" level="INFO">{'results': [{'gender': 'male', 'name': {'title': 'Mr', 'first': 'Kuzey', 'last': 'Çapanoğlu'}, 'location': {'street': {'number': 6442, 'name': 'Filistin Cd'}, 'city': 'Burdur', 'state': 'Çorum', 'country': 'Turkey', 'postcode': 90838, 'coordinates': {'latitude': '65.9863', 'longitude': '-73.6808'}, 'timezone': {'offset': '-6:00', 'description': 'Central Time (US &amp; Canada), Mexico City'}}, 'email': 'kuzey.capanoglu@example.com', 'login': {'uuid': '8e3a923e-91a1-41b5-af77-a58110eebd66', 'username': 'lazyladybug676', 'password': 'xtreme', 'salt': 'MdOefTu5', 'md5': '4fdaa12d6f6702f87d1d640c2c122414', 'sha1': '2d2e0b8c503a83288fd947db900fdab06622131a', 'sha256': '862fddf88add7f2af16479f94c6d7c978569d395d0d11b31e7c95b80fc4f5d5a'}, 'dob': {'date': '1964-07-16T10:03:23.403Z', 'age': 59}, 'registered': {'date': '2013-02-16T19:36:52.978Z', 'age': 11}, 'phone': '(109)-878-4378', 'cell': '(126)-229-0459', 'id': {'name': '', 'value': None}, 'picture': {'large': 'https://randomuser.me/api/portraits/men/10.jpg', 'medium': 'https://randomuser.me/api/portraits/med/men/10.jpg', 'thumbnail': 'https://randomuser.me/api/portraits/thumb/men/10.jpg'}, 'nat': 'TR'}], 'info': {'seed': 'b3746b8b1b1aded9', 'results': 1, 'page': 1, 'version': '1.4'}}</msg>
<arg>${json_data}</arg>
<doc>Logs the given message with the given level.</doc>
<status status="PASS" start="2024-07-11T05:15:08.684792" elapsed="0.000218"/>
</kw>
<kw name="Should Be String" owner="String">
<arg>${json_data['results'][0]['gender']}</arg>
<doc>Fails if the given ``item`` is not a string.</doc>
<status status="PASS" start="2024-07-11T05:15:08.685316" elapsed="0.000393"/>
</kw>
<kw name="Should Match Regexp" owner="BuiltIn">
<arg>${json_data['results'][0]['email']}</arg>
<arg>^[a-zA-Z0-9._%+-]+@[a-zA-Z0-9.-]+\.[a-zA-Z]{2,}$</arg>
<doc>Fails if ``string`` does not match ``pattern`` as a regular expression.</doc>
<status status="PASS" start="2024-07-11T05:15:08.685915" elapsed="0.000506"/>
</kw>
<kw name="Should Match Regexp" owner="BuiltIn">
<arg>${json_data['results'][0]['dob']['date']}</arg>
<arg>\\d{4}-\\d{2}-\\d{2}T\\d{2}:\\d{2}:\\d{2}\\.\\d{3}Z</arg>
<doc>Fails if ``string`` does not match ``pattern`` as a regular expression.</doc>
<status status="PASS" start="2024-07-11T05:15:08.686651" elapsed="0.000485"/>
</kw>
<kw name="Should Match Regexp" owner="BuiltIn">
<arg>${json_data['results'][0]['registered']['date']}</arg>
<arg>\\d{4}-\\d{2}-\\d{2}T\\d{2}:\\d{2}:\\d{2}\\.\\d{3}Z</arg>
<doc>Fails if ``string`` does not match ``pattern`` as a regular expression.</doc>
<status status="PASS" start="2024-07-11T05:15:08.687325" elapsed="0.000371"/>
</kw>
<kw name="Should Match Regexp" owner="BuiltIn">
<arg>${json_data['results'][0]['picture']['large']}</arg>
<arg>^https?://.*\.(?:png|jpe?g|gif|bmp)$</arg>
<doc>Fails if ``string`` does not match ``pattern`` as a regular expression.</doc>
<status status="PASS" start="2024-07-11T05:15:08.687883" elapsed="0.000451"/>
</kw>
<kw name="Should Match Regexp" owner="BuiltIn">
<arg>${json_data['results'][0]['picture']['medium']}</arg>
<arg>^https?://.*\.(?:png|jpe?g|gif|bmp)$</arg>
<doc>Fails if ``string`` does not match ``pattern`` as a regular expression.</doc>
<status status="PASS" start="2024-07-11T05:15:08.688520" elapsed="0.000348"/>
</kw>
<kw name="Should Match Regexp" owner="BuiltIn">
<arg>${json_data['results'][0]['picture']['thumbnail']}</arg>
<arg>^https?://.*\.(?:png|jpe?g|gif|bmp)$</arg>
<doc>Fails if ``string`` does not match ``pattern`` as a regular expression.</doc>
<status status="PASS" start="2024-07-11T05:15:08.689049" elapsed="0.000354"/>
</kw>
<kw name="Log" owner="BuiltIn">
<msg time="2024-07-11T05:15:08.689953" level="INFO">{'large': 'https://randomuser.me/api/portraits/men/10.jpg', 'medium': 'https://randomuser.me/api/portraits/med/men/10.jpg', 'thumbnail': 'https://randomuser.me/api/portraits/thumb/men/10.jpg'}</msg>
<arg>${json_data['results'][0]['picture']}</arg>
<doc>Logs the given message with the given level.</doc>
<status status="PASS" start="2024-07-11T05:15:08.689586" elapsed="0.000411"/>
</kw>
<status status="PASS" start="2024-07-11T05:15:08.608629" elapsed="0.081618"/>
</kw>
<kw name="Teste de Tipos de Dados - Postcode" owner="random-user-service">
<kw name="GET On Session" owner="RequestsLibrary">
<msg time="2024-07-11T05:15:08.784641" level="INFO">GET Request : url=https://randomuser.me/api 
 path_url=/api 
 headers={'User-Agent': 'python-requests/2.32.3', 'Accept-Encoding': 'gzip, deflate', 'Accept': '*/*', 'Connection': 'keep-alive'} 
 body=None 
 </msg>
<msg time="2024-07-11T05:15:08.784718" level="INFO">GET Response : url=https://randomuser.me/api 
 status=200, reason=OK 
 headers={'Date': 'Thu, 11 Jul 2024 05:15:08 GMT', 'Content-Type': 'application/json; charset=utf-8', 'Transfer-Encoding': 'chunked', 'Connection': 'keep-alive', 'X-Powered-By': 'Express', 'Access-Control-Allow-Origin': '*', 'Cache-Control': 'no-cache', 'ETag': 'W/"4b1-4KUUQfaXwGUXN3Y8QhqLdcTbnHs"', 'Vary': 'Accept-Encoding', 'Content-Encoding': 'gzip', 'CF-Cache-Status': 'DYNAMIC', 'Report-To': '{"endpoints":[{"url":"https:\\/\\/a.nel.cloudflare.com\\/report\\/v4?s=o3l2IGy7FvZzXLuYiJ3c8xuYZq7craKabRMKu8qRGYHS10mlvgA7udLRKRQaHnSDmH8gi6sivfFIt%2F%2FL%2B5YBQFTspfIp0JTiBJSaSaQk69zombPGL0ABrCH0WcMknABZ"}],"group":"cf-nel","max_age":604800}', 'NEL': '{"success_fraction":0,"report_to":"cf-nel","max_age":604800}', 'Server': 'cloudflare', 'CF-RAY': '8a1650635a728005-IAD', 'alt-svc': 'h3=":443"; ma=86400'} 
 body={"results":[{"gender":"male","name":{"title":"Monsieur","first":"Linus","last":"Morel"},"location":{"street":{"number":2799,"name":"Rue de L'Abbé-Rousselot"},"city":"Therwil","state":"Appenzell Innerrhoden","country":"Switzerland","postcode":1880,"coordinates":{"latitude":"-60.8403","longitude":"-75.7013"},"timezone":{"offset":"+10:00","description":"Eastern Australia, Guam, Vladivostok"}},"email":"linus.morel@example.com","login":{"uuid":"9bf49d16-ef58-4cbb-b05a-6b9d1f2fc186","username":"goldenmouse488","password":"5329","salt":"60wGWRRT","md5":"e7e6498c05cfba4dec06d1e29804b106","sha1":"201e964e5fae105c309c64e0afe6667b14370156","sha256":"03624c4dbd29cc3778ba316449018eb795fbc748827b6ffef707e0ec88ca3dd3"},"dob":{"date":"1984-11-26T18:35:08.206Z","age":39},"registered":{"date":"2014-05-27T12:27:24.344Z","age":10},"phone":"079 197 05 46","cell":"078 985 59 04","id":{"name":"AVS","value":"756.4420.8499.30"},"picture":{"large":"https://randomuser.me/api/portraits/men/84.jpg","medium":"https://randomuser.me/api/portraits/med/men/84.jpg","thumbnail":"https://randomuser.me/api/portraits/thumb/men/84.jpg"},"nat":"CH"}],"info":{"seed":"2c29048089507119","results":1,"page":1,"version":"1.4"}} 
 </msg>
<msg time="2024-07-11T05:15:08.784778" level="INFO">/opt/hostedtoolcache/Python/3.12.4/x64/lib/python3.12/site-packages/urllib3/connectionpool.py:1099: InsecureRequestWarning: Unverified HTTPS request is being made to host 'randomuser.me'. Adding certificate verification is strongly advised. See: https://urllib3.readthedocs.io/en/latest/advanced-usage.html#tls-warnings
  warnings.warn(</msg>
<msg time="2024-07-11T05:15:08.784861" level="INFO">${response} = &lt;Response [200]&gt;</msg>
<var>${response}</var>
<arg>consultarAPI</arg>
<arg>/api</arg>
<doc>Sends a GET request on a previously created HTTP Session.</doc>
<status status="PASS" start="2024-07-11T05:15:08.690673" elapsed="0.094219"/>
</kw>
<kw name="Set Variable" owner="BuiltIn">
<msg time="2024-07-11T05:15:08.785813" level="INFO">${json_data} = {'results': [{'gender': 'male', 'name': {'title': 'Monsieur', 'first': 'Linus', 'last': 'Morel'}, 'location': {'street': {'number': 2799, 'name': "Rue de L'Abbé-Rousselot"}, 'city': 'Therwil', 'state'...</msg>
<var>${json_data}</var>
<arg>${response.json()}</arg>
<doc>Returns the given values which can then be assigned to a variables.</doc>
<status status="PASS" start="2024-07-11T05:15:08.785329" elapsed="0.000514"/>
</kw>
<kw name="Log" owner="BuiltIn">
<msg time="2024-07-11T05:15:08.786304" level="INFO">{'results': [{'gender': 'male', 'name': {'title': 'Monsieur', 'first': 'Linus', 'last': 'Morel'}, 'location': {'street': {'number': 2799, 'name': "Rue de L'Abbé-Rousselot"}, 'city': 'Therwil', 'state': 'Appenzell Innerrhoden', 'country': 'Switzerland', 'postcode': 1880, 'coordinates': {'latitude': '-60.8403', 'longitude': '-75.7013'}, 'timezone': {'offset': '+10:00', 'description': 'Eastern Australia, Guam, Vladivostok'}}, 'email': 'linus.morel@example.com', 'login': {'uuid': '9bf49d16-ef58-4cbb-b05a-6b9d1f2fc186', 'username': 'goldenmouse488', 'password': '5329', 'salt': '60wGWRRT', 'md5': 'e7e6498c05cfba4dec06d1e29804b106', 'sha1': '201e964e5fae105c309c64e0afe6667b14370156', 'sha256': '03624c4dbd29cc3778ba316449018eb795fbc748827b6ffef707e0ec88ca3dd3'}, 'dob': {'date': '1984-11-26T18:35:08.206Z', 'age': 39}, 'registered': {'date': '2014-05-27T12:27:24.344Z', 'age': 10}, 'phone': '079 197 05 46', 'cell': '078 985 59 04', 'id': {'name': 'AVS', 'value': '756.4420.8499.30'}, 'picture': {'large': 'https://randomuser.me/api/portraits/men/84.jpg', 'medium': 'https://randomuser.me/api/portraits/med/men/84.jpg', 'thumbnail': 'https://randomuser.me/api/portraits/thumb/men/84.jpg'}, 'nat': 'CH'}], 'info': {'seed': '2c29048089507119', 'results': 1, 'page': 1, 'version': '1.4'}}</msg>
<arg>${json_data}</arg>
<doc>Logs the given message with the given level.</doc>
<status status="PASS" start="2024-07-11T05:15:08.786143" elapsed="0.000211"/>
</kw>
<kw name="Should Be Equal As Numbers" owner="BuiltIn">
<arg>${json_data['results'][0]['location']['postcode']}</arg>
<arg>${json_data['results'][0]['location']['postcode']}</arg>
<doc>Fails if objects are unequal after converting them to real numbers.</doc>
<status status="PASS" start="2024-07-11T05:15:08.786642" elapsed="0.000606"/>
</kw>
<kw name="Log" owner="BuiltIn">
<msg time="2024-07-11T05:15:08.787893" level="INFO">1880</msg>
<arg>${json_data['results'][0]['location']['postcode']}</arg>
<doc>Logs the given message with the given level.</doc>
<status status="PASS" start="2024-07-11T05:15:08.787439" elapsed="0.000496"/>
</kw>
<status status="PASS" start="2024-07-11T05:15:08.690456" elapsed="0.097763"/>
</kw>
<doc>Testa se os tipos de dados na resposta da API estão corretos.</doc>
<tag>testeTiposDados</tag>
<status status="PASS" start="2024-07-11T05:15:08.608200" elapsed="0.180174"/>
</test>
<test id="s1-s1-t5" name="Validar conteudo" line="35">
<kw name="Teste de Tipos de Conteudo" owner="random-user-service">
<kw name="GET On Session" owner="RequestsLibrary">
<msg time="2024-07-11T05:15:08.892034" level="INFO">GET Request : url=https://randomuser.me/api 
 path_url=/api 
 headers={'User-Agent': 'python-requests/2.32.3', 'Accept-Encoding': 'gzip, deflate', 'Accept': '*/*', 'Connection': 'keep-alive'} 
 body=None 
 </msg>
<msg time="2024-07-11T05:15:08.892114" level="INFO">GET Response : url=https://randomuser.me/api 
 status=200, reason=OK 
 headers={'Date': 'Thu, 11 Jul 2024 05:15:08 GMT', 'Content-Type': 'application/json; charset=utf-8', 'Transfer-Encoding': 'chunked', 'Connection': 'keep-alive', 'X-Powered-By': 'Express', 'Access-Control-Allow-Origin': '*', 'Cache-Control': 'no-cache', 'ETag': 'W/"491-HXOvwEW9llCDRfhTDvqR0v5JHrw"', 'Vary': 'Accept-Encoding', 'Content-Encoding': 'gzip', 'CF-Cache-Status': 'DYNAMIC', 'Report-To': '{"endpoints":[{"url":"https:\\/\\/a.nel.cloudflare.com\\/report\\/v4?s=5H9T4qH1P2gZvyHZB%2F8knyH4h4jXpX4iDfui1rAqI%2FdFFWLSuGSCKA38a6XkjoLShqoQPh5UmYKmP9bxG0vTtC80PFN8guBdWi2kkpEXIfL9iw5HgADy2xRHSh3Bx3YV"}],"group":"cf-nel","max_age":604800}', 'NEL': '{"success_fraction":0,"report_to":"cf-nel","max_age":604800}', 'Server': 'cloudflare', 'CF-RAY': '8a165063fb2e8005-IAD', 'alt-svc': 'h3=":443"; ma=86400'} 
 body={"results":[{"gender":"male","name":{"title":"Mr","first":"Anton","last":"Rinne"},"location":{"street":{"number":9780,"name":"Pirkankatu"},"city":"Sotkamo","state":"Central Finland","country":"Finland","postcode":80797,"coordinates":{"latitude":"-23.7094","longitude":"-52.5791"},"timezone":{"offset":"+1:00","description":"Brussels, Copenhagen, Madrid, Paris"}},"email":"anton.rinne@example.com","login":{"uuid":"1c7f8d0c-84fd-4f82-95e5-c1bb72210b7b","username":"whitefrog826","password":"forever","salt":"Fr0Y8GjI","md5":"f708f9ae71827ba245cb5691535871fe","sha1":"6f34ba5bb353901597508b61698dbc397a0f220f","sha256":"570a68e4b9284399cd817f03a2a88cfaff0d263621f67e691ab838001ba6570b"},"dob":{"date":"1950-08-30T13:16:43.689Z","age":73},"registered":{"date":"2016-06-27T09:54:04.774Z","age":8},"phone":"05-110-064","cell":"047-425-66-20","id":{"name":"HETU","value":"NaNNA321undefined"},"picture":{"large":"https://randomuser.me/api/portraits/men/74.jpg","medium":"https://randomuser.me/api/portraits/med/men/74.jpg","thumbnail":"https://randomuser.me/api/portraits/thumb/men/74.jpg"},"nat":"FI"}],"info":{"seed":"a020f0972c72b743","results":1,"page":1,"version":"1.4"}} 
 </msg>
<msg time="2024-07-11T05:15:08.892187" level="INFO">/opt/hostedtoolcache/Python/3.12.4/x64/lib/python3.12/site-packages/urllib3/connectionpool.py:1099: InsecureRequestWarning: Unverified HTTPS request is being made to host 'randomuser.me'. Adding certificate verification is strongly advised. See: https://urllib3.readthedocs.io/en/latest/advanced-usage.html#tls-warnings
  warnings.warn(</msg>
<msg time="2024-07-11T05:15:08.892293" level="INFO">${response} = &lt;Response [200]&gt;</msg>
<var>${response}</var>
<arg>consultarAPI</arg>
<arg>/api</arg>
<doc>Sends a GET request on a previously created HTTP Session.</doc>
<status status="PASS" start="2024-07-11T05:15:08.790807" elapsed="0.101534"/>
</kw>
<kw name="Set Variable" owner="BuiltIn">
<msg time="2024-07-11T05:15:08.893254" level="INFO">${json_data} = {'results': [{'gender': 'male', 'name': {'title': 'Mr', 'first': 'Anton', 'last': 'Rinne'}, 'location': {'street': {'number': 9780, 'name': 'Pirkankatu'}, 'city': 'Sotkamo', 'state': 'Central Finland'...</msg>
<var>${json_data}</var>
<arg>${response.json()}</arg>
<doc>Returns the given values which can then be assigned to a variables.</doc>
<status status="PASS" start="2024-07-11T05:15:08.892799" elapsed="0.000484"/>
</kw>
<kw name="Set Variable" owner="BuiltIn">
<msg time="2024-07-11T05:15:08.894014" level="INFO">${name_title} = Mr</msg>
<var>${name_title}</var>
<arg>${json_data["results"][0]["name"]["title"]}</arg>
<doc>Returns the given values which can then be assigned to a variables.</doc>
<status status="PASS" start="2024-07-11T05:15:08.893585" elapsed="0.000455"/>
</kw>
<kw name="Create List" owner="BuiltIn">
<msg time="2024-07-11T05:15:08.894492" level="INFO">${allowed_titles} = ['Mr', 'Ms', 'Miss', 'Mrs', 'Madame', 'Monsieur']</msg>
<var>${allowed_titles}</var>
<arg>Mr</arg>
<arg>Ms</arg>
<arg>Miss</arg>
<arg>Mrs</arg>
<arg>Madame</arg>
<arg>Monsieur</arg>
<doc>Returns a list containing given items.</doc>
<status status="PASS" start="2024-07-11T05:15:08.894340" elapsed="0.000176"/>
</kw>
<kw name="List Should Contain Value" owner="Collections">
<arg>${allowed_titles}</arg>
<arg>${name_title}</arg>
<doc>Fails if the ``value`` is not found from ``list``.</doc>
<status status="PASS" start="2024-07-11T05:15:08.894820" elapsed="0.000173"/>
</kw>
<kw name="Set Variable" owner="BuiltIn">
<msg time="2024-07-11T05:15:08.895552" level="INFO">${name_country} = FI</msg>
<var>${name_country}</var>
<arg>${json_data["results"][0]["nat"]}</arg>
<doc>Returns the given values which can then be assigned to a variables.</doc>
<status status="PASS" start="2024-07-11T05:15:08.895175" elapsed="0.000402"/>
</kw>
<kw name="Create List" owner="BuiltIn">
<msg time="2024-07-11T05:15:08.896459" level="INFO">${list_country} = ['AD', 'AE', 'AF', 'AG', 'AI', 'AL', 'AM', 'AO', 'AQ', 'AR', 'AS', 'AT', 'AU', 'AW', 'AX', 'AZ', 'BA', 'BB', 'BD', 'BE', 'BF', 'BG', 'BH', 'BI', 'BJ', 'BL', 'BM', 'BN', 'BO', 'BQ', 'BR', 'BS', 'BT', '...</msg>
<var>${list_country}</var>
<arg>AD</arg>
<arg>AE</arg>
<arg>AF</arg>
<arg>AG</arg>
<arg>AI</arg>
<arg>AL</arg>
<arg>AM</arg>
<arg>AO</arg>
<arg>AQ</arg>
<arg>AR</arg>
<arg>AS</arg>
<arg>AT</arg>
<arg>AU</arg>
<arg>AW</arg>
<arg>AX</arg>
<arg>AZ</arg>
<arg>BA</arg>
<arg>BB</arg>
<arg>BD</arg>
<arg>BE</arg>
<arg>BF</arg>
<arg>BG</arg>
<arg>BH</arg>
<arg>BI</arg>
<arg>BJ</arg>
<arg>BL</arg>
<arg>BM</arg>
<arg>BN</arg>
<arg>BO</arg>
<arg>BQ</arg>
<arg>BR</arg>
<arg>BS</arg>
<arg>BT</arg>
<arg>BV</arg>
<arg>BW</arg>
<arg>BY</arg>
<arg>BZ</arg>
<arg>CA</arg>
<arg>CC</arg>
<arg>CD</arg>
<arg>CF</arg>
<arg>CG</arg>
<arg>CH</arg>
<arg>CI</arg>
<arg>CK</arg>
<arg>CL</arg>
<arg>CM</arg>
<arg>CN</arg>
<arg>CO</arg>
<arg>CR</arg>
<arg>CU</arg>
<arg>CV</arg>
<arg>CW</arg>
<arg>CX</arg>
<arg>CY</arg>
<arg>CZ</arg>
<arg>DE</arg>
<arg>DJ</arg>
<arg>DK</arg>
<arg>DM</arg>
<arg>DO</arg>
<arg>DZ</arg>
<arg>EC</arg>
<arg>EE</arg>
<arg>EG</arg>
<arg>EH</arg>
<arg>ER</arg>
<arg>ES</arg>
<arg>ET</arg>
<arg>FI</arg>
<arg>FJ</arg>
<arg>FK</arg>
<arg>FM</arg>
<arg>FO</arg>
<arg>FR</arg>
<arg>GA</arg>
<arg>GB</arg>
<arg>GD</arg>
<arg>GE</arg>
<arg>GF</arg>
<arg>GG</arg>
<arg>GH</arg>
<arg>GI</arg>
<arg>GL</arg>
<arg>GM</arg>
<arg>GN</arg>
<arg>GP</arg>
<arg>GQ</arg>
<arg>GR</arg>
<arg>GS</arg>
<arg>GT</arg>
<arg>GU</arg>
<arg>GW</arg>
<arg>GY</arg>
<arg>HK</arg>
<arg>HM</arg>
<arg>HN</arg>
<arg>HR</arg>
<arg>HT</arg>
<arg>HU</arg>
<arg>ID</arg>
<arg>IE</arg>
<arg>IL</arg>
<arg>IM</arg>
<arg>IN</arg>
<arg>IO</arg>
<arg>IQ</arg>
<arg>IR</arg>
<arg>IS</arg>
<arg>IT</arg>
<arg>JE</arg>
<arg>JM</arg>
<arg>JO</arg>
<arg>JP</arg>
<arg>KE</arg>
<arg>KG</arg>
<arg>KH</arg>
<arg>KI</arg>
<arg>KM</arg>
<arg>KN</arg>
<arg>KP</arg>
<arg>KR</arg>
<arg>KW</arg>
<arg>KY</arg>
<arg>KZ</arg>
<arg>LA</arg>
<arg>LB</arg>
<arg>LC</arg>
<arg>LI</arg>
<arg>LK</arg>
<arg>LR</arg>
<arg>LS</arg>
<arg>LT</arg>
<arg>LU</arg>
<arg>LV</arg>
<arg>LY</arg>
<arg>MA</arg>
<arg>MC</arg>
<arg>MD</arg>
<arg>ME</arg>
<arg>MF</arg>
<arg>MG</arg>
<arg>MH</arg>
<arg>MK</arg>
<arg>ML</arg>
<arg>MM</arg>
<arg>MN</arg>
<arg>MO</arg>
<arg>MP</arg>
<arg>MQ</arg>
<arg>MR</arg>
<arg>MS</arg>
<arg>MT</arg>
<arg>MU</arg>
<arg>MV</arg>
<arg>MW</arg>
<arg>MX</arg>
<arg>MY</arg>
<arg>MZ</arg>
<arg>NA</arg>
<arg>NC</arg>
<arg>NE</arg>
<arg>NF</arg>
<arg>NG</arg>
<arg>NI</arg>
<arg>NL</arg>
<arg>NO</arg>
<arg>NP</arg>
<arg>NR</arg>
<arg>NU</arg>
<arg>NZ</arg>
<arg>OM</arg>
<arg>PA</arg>
<arg>PE</arg>
<arg>PF</arg>
<arg>PG</arg>
<arg>PH</arg>
<arg>PK</arg>
<arg>PL</arg>
<arg>PM</arg>
<arg>PN</arg>
<arg>PR</arg>
<arg>PS</arg>
<arg>PT</arg>
<arg>PW</arg>
<arg>PY</arg>
<arg>QA</arg>
<arg>RE</arg>
<arg>RO</arg>
<arg>RS</arg>
<arg>RU</arg>
<arg>RW</arg>
<arg>SA</arg>
<arg>SB</arg>
<arg>SC</arg>
<arg>SD</arg>
<arg>SE</arg>
<arg>SG</arg>
<arg>SH</arg>
<arg>SI</arg>
<arg>SJ</arg>
<arg>SK</arg>
<arg>SL</arg>
<arg>SM</arg>
<arg>SN</arg>
<arg>SO</arg>
<arg>SR</arg>
<arg>SS</arg>
<arg>ST</arg>
<arg>SV</arg>
<arg>SX</arg>
<arg>SY</arg>
<arg>SZ</arg>
<arg>TC</arg>
<arg>TD</arg>
<arg>TF</arg>
<arg>TG</arg>
<arg>TH</arg>
<arg>TJ</arg>
<arg>TK</arg>
<arg>TL</arg>
<arg>TM</arg>
<arg>TN</arg>
<arg>TO</arg>
<arg>TR</arg>
<arg>TT</arg>
<arg>TV</arg>
<arg>TW</arg>
<arg>TZ</arg>
<arg>UA</arg>
<arg>UG</arg>
<arg>UM</arg>
<arg>US</arg>
<arg>UY</arg>
<arg>UZ</arg>
<arg>VA</arg>
<arg>VC</arg>
<arg>VE</arg>
<arg>VG</arg>
<arg>VI</arg>
<arg>VN</arg>
<arg>VU</arg>
<arg>WF</arg>
<arg>WS</arg>
<arg>XK</arg>
<arg>YE</arg>
<arg>YT</arg>
<arg>ZA</arg>
<arg>ZM</arg>
<arg>ZW</arg>
<doc>Returns a list containing given items.</doc>
<status status="PASS" start="2024-07-11T05:15:08.895869" elapsed="0.000616"/>
</kw>
<kw name="List Should Contain Value" owner="Collections">
<arg>${list_country}</arg>
<arg>${name_country}</arg>
<doc>Fails if the ``value`` is not found from ``list``.</doc>
<status status="PASS" start="2024-07-11T05:15:08.897272" elapsed="0.000202"/>
</kw>
<kw name="Run Keyword If" owner="BuiltIn">
<kw name="Should Be True" owner="BuiltIn">
<arg>${True}</arg>
<doc>Fails if the given condition is not true.</doc>
<status status="PASS" start="2024-07-11T05:15:08.898434" elapsed="0.000140"/>
</kw>
<arg>${json_data["results"][0]["location"]["coordinates"]["latitude"]} &gt;= -90 and ${json_data["results"][0]["location"]["coordinates"]["latitude"]} &lt;= 90</arg>
<arg>Should Be True</arg>
<arg>${True}</arg>
<doc>Runs the given keyword with the given arguments, if ``condition`` is true.</doc>
<status status="PASS" start="2024-07-11T05:15:08.897690" elapsed="0.001009"/>
</kw>
<kw name="Run Keyword If" owner="BuiltIn">
<kw name="Should Be True" owner="BuiltIn">
<arg>${True}</arg>
<doc>Fails if the given condition is not true.</doc>
<status status="PASS" start="2024-07-11T05:15:08.899572" elapsed="0.000230"/>
</kw>
<arg>${json_data["results"][0]["location"]["coordinates"]["longitude"]} &gt;= -180 and ${json_data["results"][0]["location"]["coordinates"]["longitude"]} &lt;= 180</arg>
<arg>Should Be True</arg>
<arg>${True}</arg>
<doc>Runs the given keyword with the given arguments, if ``condition`` is true.</doc>
<status status="PASS" start="2024-07-11T05:15:08.898880" elapsed="0.001052"/>
</kw>
<status status="PASS" start="2024-07-11T05:15:08.790593" elapsed="0.109470"/>
</kw>
<doc>Testa o conteúdo específico dos campos retornados pela API.</doc>
<tag>testeConteudo</tag>
<status status="PASS" start="2024-07-11T05:15:08.790174" elapsed="0.110032"/>
</test>
<status status="PASS" start="2024-07-11T05:15:07.916985" elapsed="0.985181"/>
</suite>
<status status="PASS" start="2024-07-11T05:15:07.902581" elapsed="1.004594"/>
</suite>
<statistics>
<total>
<stat pass="5" fail="0" skip="0">All Tests</stat>
</total>
<tag>
<stat pass="1" fail="0" skip="0">testeConteudo</stat>
<stat pass="1" fail="0" skip="0">testeEstruturaResposta</stat>
<stat pass="1" fail="0" skip="0">testeRequisicaoBasica</stat>
<stat pass="1" fail="0" skip="0">testeTiposDados</stat>
</tag>
<suite>
<stat pass="5" fail="0" skip="0" id="s1" name="Tests">Tests</stat>
<stat pass="5" fail="0" skip="0" id="s1-s1" name="Random-User-Test">Tests.Random-User-Test</stat>
</suite>
</statistics>
<errors>
</errors>
</robot>
