<?xml version="1.0" encoding="UTF-8"?>
<robot generator="Robot 7.0 (Python 3.12.3 on linux)" generated="2024-05-23T04:17:03.698856" rpa="false" schemaversion="5">
<suite id="s1" name="Tests" source="/home/runner/work/DesafioQAItauRogerioJordao/DesafioQAItauRogerioJordao/RamdonUser/tests">
<suite id="s1-s1" name="Random-User-Test" source="/home/runner/work/DesafioQAItauRogerioJordao/DesafioQAItauRogerioJordao/RamdonUser/tests/random-user-test.robot">
<test id="s1-s1-t1" name="Conectar" line="13">
<kw name="Conectar API" owner="random-user-service">
<kw name="Create Session" owner="RequestsLibrary">
<msg time="2024-05-23T04:17:04.091961" level="INFO">Creating Session using : alias=consultarAPI, url=https://randomuser.me/, headers={},                     cookies={}, auth=None, timeout=None, proxies=None, verify=False,                     debug=0 </msg>
<arg>consultarAPI</arg>
<arg>${URL}</arg>
<doc>Create Session: create a HTTP session to a server</doc>
<status status="PASS" start="2024-05-23T04:17:04.091755" elapsed="0.000381"/>
</kw>
<status status="PASS" start="2024-05-23T04:17:04.090662" elapsed="0.001835"/>
</kw>
<status status="PASS" start="2024-05-23T04:17:04.090130" elapsed="0.002562"/>
</test>
<test id="s1-s1-t2" name="Validar retorno 200 e JSON Válido" line="16">
<kw name="Teste de Requisicao Basica" owner="random-user-service">
<kw name="GET On Session" owner="RequestsLibrary">
<msg time="2024-05-23T04:17:04.263365" level="INFO">GET Request : url=https://randomuser.me/api 
 path_url=/api 
 headers={'User-Agent': 'python-requests/2.32.2', 'Accept-Encoding': 'gzip, deflate', 'Accept': '*/*', 'Connection': 'keep-alive'} 
 body=None 
 </msg>
<msg time="2024-05-23T04:17:04.263503" level="INFO">GET Response : url=https://randomuser.me/api 
 status=200, reason=OK 
 headers={'Date': 'Thu, 23 May 2024 04:17:04 GMT', 'Content-Type': 'application/json; charset=utf-8', 'Transfer-Encoding': 'chunked', 'Connection': 'keep-alive', 'X-Powered-By': 'Express', 'Access-Control-Allow-Origin': '*', 'Cache-Control': 'no-cache', 'ETag': 'W/"47b-z66NVLnGkUGX4Jh7+eETt6zRwZI"', 'Vary': 'Accept-Encoding', 'Content-Encoding': 'gzip', 'CF-Cache-Status': 'DYNAMIC', 'Report-To': '{"endpoints":[{"url":"https:\\/\\/a.nel.cloudflare.com\\/report\\/v4?s=EpkspyxvRl0Z9EposzgmgGkJIXpTj9MixATJ7YY%2BQw1ImC6x5XUeUxVu5fKqvOHsKEVkUOabStXSH4JB5VcBRZkRmG1jZxi0MBhfq0JFusK5seMfOqwdAp6kFf2MRigc"}],"group":"cf-nel","max_age":604800}', 'NEL': '{"success_fraction":0,"report_to":"cf-nel","max_age":604800}', 'Server': 'cloudflare', 'CF-RAY': '88823bf1684d581e-IAD', 'alt-svc': 'h3=":443"; ma=86400'} 
 body={"results":[{"gender":"female","name":{"title":"Ms","first":"Danka","last":"Stefanović"},"location":{"street":{"number":885,"name":"Avalska"},"city":"Paraćin","state":"Rasina","country":"Serbia","postcode":92438,"coordinates":{"latitude":"62.3481","longitude":"95.7112"},"timezone":{"offset":"-2:00","description":"Mid-Atlantic"}},"email":"danka.stefanovic@example.com","login":{"uuid":"2cc6109b-ee0f-48ca-b3fd-7eb2ca8f84a0","username":"ticklishkoala940","password":"working","salt":"6d8FXPnp","md5":"4548e4e04a6daabcacdb497250d006de","sha1":"6bd600c6683a8f490a4273bf9be8988f72f38d9f","sha256":"3c79a71e8f44b63a8267d1454135726d5a81ee92eead57322127bc7f354281db"},"dob":{"date":"1987-02-18T06:45:23.283Z","age":37},"registered":{"date":"2005-04-20T02:05:46.943Z","age":19},"phone":"025-9526-091","cell":"067-9756-918","id":{"name":"SID","value":"658399767"},"picture":{"large":"https://randomuser.me/api/portraits/women/74.jpg","medium":"https://randomuser.me/api/portraits/med/women/74.jpg","thumbnail":"https://randomuser.me/api/portraits/thumb/women/74.jpg"},"nat":"RS"}],"info":{"seed":"85de6a41c6747505","results":1,"page":1,"version":"1.4"}} 
 </msg>
<msg time="2024-05-23T04:17:04.263608" level="INFO">/opt/hostedtoolcache/Python/3.12.3/x64/lib/python3.12/site-packages/urllib3/connectionpool.py:1103: InsecureRequestWarning: Unverified HTTPS request is being made to host 'randomuser.me'. Adding certificate verification is strongly advised. See: https://urllib3.readthedocs.io/en/latest/advanced-usage.html#tls-warnings
  warnings.warn(</msg>
<msg time="2024-05-23T04:17:04.263746" level="INFO">${response} = &lt;Response [200]&gt;</msg>
<var>${response}</var>
<arg>consultarAPI</arg>
<arg>/api</arg>
<doc>Sends a GET request on a previously created HTTP Session.</doc>
<status status="PASS" start="2024-05-23T04:17:04.095279" elapsed="0.168508"/>
</kw>
<kw name="Should Be Equal As Numbers" owner="BuiltIn">
<msg time="2024-05-23T04:17:04.264864" level="INFO">Argument types are:
&lt;class 'int'&gt;
&lt;class 'str'&gt;</msg>
<arg>${response.status_code}</arg>
<arg>200</arg>
<doc>Fails if objects are unequal after converting them to real numbers.</doc>
<status status="PASS" start="2024-05-23T04:17:04.264377" elapsed="0.000552"/>
</kw>
<kw name="Log" owner="BuiltIn">
<msg time="2024-05-23T04:17:04.265605" level="INFO">200</msg>
<arg>${response.status_code}</arg>
<doc>Logs the given message with the given level.</doc>
<status status="PASS" start="2024-05-23T04:17:04.265259" elapsed="0.000394"/>
</kw>
<kw name="Set Variable" owner="BuiltIn">
<msg time="2024-05-23T04:17:04.266401" level="INFO">${json_data} = {'results': [{'gender': 'female', 'name': {'title': 'Ms', 'first': 'Danka', 'last': 'Stefanović'}, 'location': {'street': {'number': 885, 'name': 'Avalska'}, 'city': 'Paraćin', 'state': 'Rasina', 'cou...</msg>
<var>${json_data}</var>
<arg>${response.json()}</arg>
<doc>Returns the given values which can then be assigned to a variables.</doc>
<status status="PASS" start="2024-05-23T04:17:04.265961" elapsed="0.000471"/>
</kw>
<kw name="Dictionary Should Contain Key" owner="Collections">
<msg time="2024-05-23T04:17:04.266910" level="INFO">False</msg>
<arg>${json_data}</arg>
<arg>results</arg>
<doc>Fails if ``key`` is not found from ``dictionary``.</doc>
<status status="PASS" start="2024-05-23T04:17:04.266737" elapsed="0.000360"/>
</kw>
<status status="PASS" start="2024-05-23T04:17:04.095033" elapsed="0.172330"/>
</kw>
<doc>Testa se a API responde corretamente e retorna um objeto JSON válido.</doc>
<tag>testeRequisicaoBasica</tag>
<status status="PASS" start="2024-05-23T04:17:04.094579" elapsed="0.172964"/>
</test>
<test id="s1-s1-t3" name="Validar estrutura de resposta" line="22">
<kw name="Teste de Estrutura de Resposta" owner="random-user-service">
<kw name="GET On Session" owner="RequestsLibrary">
<msg time="2024-05-23T04:17:04.356278" level="INFO">GET Request : url=https://randomuser.me/api 
 path_url=/api 
 headers={'User-Agent': 'python-requests/2.32.2', 'Accept-Encoding': 'gzip, deflate', 'Accept': '*/*', 'Connection': 'keep-alive'} 
 body=None 
 </msg>
<msg time="2024-05-23T04:17:04.356370" level="INFO">GET Response : url=https://randomuser.me/api 
 status=200, reason=OK 
 headers={'Date': 'Thu, 23 May 2024 04:17:04 GMT', 'Content-Type': 'application/json; charset=utf-8', 'Transfer-Encoding': 'chunked', 'Connection': 'keep-alive', 'X-Powered-By': 'Express', 'Access-Control-Allow-Origin': '*', 'Cache-Control': 'no-cache', 'ETag': 'W/"483-TUL/BUVyUxSBkl63hlR1OSzL7Qo"', 'Vary': 'Accept-Encoding', 'Content-Encoding': 'gzip', 'CF-Cache-Status': 'DYNAMIC', 'Report-To': '{"endpoints":[{"url":"https:\\/\\/a.nel.cloudflare.com\\/report\\/v4?s=i3H9VQjl1ZZ1BYaRzyF09jQnfzKr0oKUFjhmwu%2FW%2BY0wIbg4kz2v5bmOCkWu1mhZtq%2B5NxrNlGBwVABPtM1pr0tFzRU3cYoiMdG4c2GVoAOPuUwJm99HUQhm1fQlGR8A"}],"group":"cf-nel","max_age":604800}', 'NEL': '{"success_fraction":0,"report_to":"cf-nel","max_age":604800}', 'Server': 'cloudflare', 'CF-RAY': '88823bf1b886581e-IAD', 'alt-svc': 'h3=":443"; ma=86400'} 
 body={"results":[{"gender":"female","name":{"title":"Mrs","first":"Sofia","last":"Poulsen"},"location":{"street":{"number":6024,"name":"Svinget"},"city":"Vipperød","state":"Nordjylland","country":"Denmark","postcode":98270,"coordinates":{"latitude":"-43.9831","longitude":"173.0781"},"timezone":{"offset":"-7:00","description":"Mountain Time (US &amp; Canada)"}},"email":"sofia.poulsen@example.com","login":{"uuid":"ed729df8-fbd9-4db9-9846-f91fd382fb25","username":"greenzebra615","password":"deejay","salt":"R2L2RLMF","md5":"f1513f6e87505d8ffe6fd3d5b8c052ab","sha1":"01f0522dfd995302ad0739ff185872ac5db935d3","sha256":"a6a3b8df92447dae20868c0487b971f8788407c62c675a08a7028757094ac42c"},"dob":{"date":"1951-06-24T05:54:27.553Z","age":72},"registered":{"date":"2021-09-07T19:50:01.122Z","age":2},"phone":"25197131","cell":"57125319","id":{"name":"CPR","value":"240651-3968"},"picture":{"large":"https://randomuser.me/api/portraits/women/79.jpg","medium":"https://randomuser.me/api/portraits/med/women/79.jpg","thumbnail":"https://randomuser.me/api/portraits/thumb/women/79.jpg"},"nat":"DK"}],"info":{"seed":"14d1aa1421d0f8be","results":1,"page":1,"version":"1.4"}} 
 </msg>
<msg time="2024-05-23T04:17:04.356494" level="INFO">/opt/hostedtoolcache/Python/3.12.3/x64/lib/python3.12/site-packages/urllib3/connectionpool.py:1103: InsecureRequestWarning: Unverified HTTPS request is being made to host 'randomuser.me'. Adding certificate verification is strongly advised. See: https://urllib3.readthedocs.io/en/latest/advanced-usage.html#tls-warnings
  warnings.warn(</msg>
<msg time="2024-05-23T04:17:04.356600" level="INFO">${response} = &lt;Response [200]&gt;</msg>
<var>${response}</var>
<arg>consultarAPI</arg>
<arg>/api</arg>
<doc>Sends a GET request on a previously created HTTP Session.</doc>
<status status="PASS" start="2024-05-23T04:17:04.270140" elapsed="0.086498"/>
</kw>
<kw name="Set Variable" owner="BuiltIn">
<msg time="2024-05-23T04:17:04.357531" level="INFO">${json_data} = {'results': [{'gender': 'female', 'name': {'title': 'Mrs', 'first': 'Sofia', 'last': 'Poulsen'}, 'location': {'street': {'number': 6024, 'name': 'Svinget'}, 'city': 'Vipperød', 'state': 'Nordjylland',...</msg>
<var>${json_data}</var>
<arg>${response.json()}</arg>
<doc>Returns the given values which can then be assigned to a variables.</doc>
<status status="PASS" start="2024-05-23T04:17:04.357049" elapsed="0.000511"/>
</kw>
<kw name="Log" owner="BuiltIn">
<msg time="2024-05-23T04:17:04.358038" level="INFO">{'results': [{'gender': 'female', 'name': {'title': 'Mrs', 'first': 'Sofia', 'last': 'Poulsen'}, 'location': {'street': {'number': 6024, 'name': 'Svinget'}, 'city': 'Vipperød', 'state': 'Nordjylland', 'country': 'Denmark', 'postcode': 98270, 'coordinates': {'latitude': '-43.9831', 'longitude': '173.0781'}, 'timezone': {'offset': '-7:00', 'description': 'Mountain Time (US &amp; Canada)'}}, 'email': 'sofia.poulsen@example.com', 'login': {'uuid': 'ed729df8-fbd9-4db9-9846-f91fd382fb25', 'username': 'greenzebra615', 'password': 'deejay', 'salt': 'R2L2RLMF', 'md5': 'f1513f6e87505d8ffe6fd3d5b8c052ab', 'sha1': '01f0522dfd995302ad0739ff185872ac5db935d3', 'sha256': 'a6a3b8df92447dae20868c0487b971f8788407c62c675a08a7028757094ac42c'}, 'dob': {'date': '1951-06-24T05:54:27.553Z', 'age': 72}, 'registered': {'date': '2021-09-07T19:50:01.122Z', 'age': 2}, 'phone': '25197131', 'cell': '57125319', 'id': {'name': 'CPR', 'value': '240651-3968'}, 'picture': {'large': 'https://randomuser.me/api/portraits/women/79.jpg', 'medium': 'https://randomuser.me/api/portraits/med/women/79.jpg', 'thumbnail': 'https://randomuser.me/api/portraits/thumb/women/79.jpg'}, 'nat': 'DK'}], 'info': {'seed': '14d1aa1421d0f8be', 'results': 1, 'page': 1, 'version': '1.4'}}</msg>
<arg>${json_data}</arg>
<doc>Logs the given message with the given level.</doc>
<status status="PASS" start="2024-05-23T04:17:04.357877" elapsed="0.000222"/>
</kw>
<kw name="Dictionary Should Contain Key" owner="Collections">
<msg time="2024-05-23T04:17:04.358564" level="INFO">False</msg>
<arg>${json_data}</arg>
<arg>results</arg>
<doc>Fails if ``key`` is not found from ``dictionary``.</doc>
<status status="PASS" start="2024-05-23T04:17:04.358406" elapsed="0.000201"/>
</kw>
<kw name="Should Not Be Empty" owner="BuiltIn">
<msg time="2024-05-23T04:17:04.359041" level="INFO">Length is 2.</msg>
<arg>${json_data}</arg>
<doc>Verifies that the given item is not empty.</doc>
<status status="PASS" start="2024-05-23T04:17:04.358908" elapsed="0.000172"/>
</kw>
<kw name="Create List" owner="BuiltIn">
<msg time="2024-05-23T04:17:04.359537" level="INFO">${expected_keys} = ['gender', 'name', 'location', 'email', 'login']</msg>
<var>${expected_keys}</var>
<arg>gender</arg>
<arg>name</arg>
<arg>location</arg>
<arg>email</arg>
<arg>login</arg>
<doc>Returns a list containing given items.</doc>
<status status="PASS" start="2024-05-23T04:17:04.359377" elapsed="0.000216"/>
</kw>
<for flavor="IN">
<iter>
<kw name="Dictionary Should Contain Key" owner="Collections">
<msg time="2024-05-23T04:17:04.360626" level="INFO">False</msg>
<arg>${json_data['results'][0]}</arg>
<arg>${key}</arg>
<doc>Fails if ``key`` is not found from ``dictionary``.</doc>
<status status="PASS" start="2024-05-23T04:17:04.360217" elapsed="0.000454"/>
</kw>
<kw name="Log" owner="BuiltIn">
<msg time="2024-05-23T04:17:04.361348" level="INFO">{'gender': 'female', 'name': {'title': 'Mrs', 'first': 'Sofia', 'last': 'Poulsen'}, 'location': {'street': {'number': 6024, 'name': 'Svinget'}, 'city': 'Vipperød', 'state': 'Nordjylland', 'country': 'Denmark', 'postcode': 98270, 'coordinates': {'latitude': '-43.9831', 'longitude': '173.0781'}, 'timezone': {'offset': '-7:00', 'description': 'Mountain Time (US &amp; Canada)'}}, 'email': 'sofia.poulsen@example.com', 'login': {'uuid': 'ed729df8-fbd9-4db9-9846-f91fd382fb25', 'username': 'greenzebra615', 'password': 'deejay', 'salt': 'R2L2RLMF', 'md5': 'f1513f6e87505d8ffe6fd3d5b8c052ab', 'sha1': '01f0522dfd995302ad0739ff185872ac5db935d3', 'sha256': 'a6a3b8df92447dae20868c0487b971f8788407c62c675a08a7028757094ac42c'}, 'dob': {'date': '1951-06-24T05:54:27.553Z', 'age': 72}, 'registered': {'date': '2021-09-07T19:50:01.122Z', 'age': 2}, 'phone': '25197131', 'cell': '57125319', 'id': {'name': 'CPR', 'value': '240651-3968'}, 'picture': {'large': 'https://randomuser.me/api/portraits/women/79.jpg', 'medium': 'https://randomuser.me/api/portraits/med/women/79.jpg', 'thumbnail': 'https://randomuser.me/api/portraits/thumb/women/79.jpg'}, 'nat': 'DK'}</msg>
<arg>${json_data['results'][0]}</arg>
<doc>Logs the given message with the given level.</doc>
<status status="PASS" start="2024-05-23T04:17:04.360975" elapsed="0.000434"/>
</kw>
<kw name="Log" owner="BuiltIn">
<msg time="2024-05-23T04:17:04.361841" level="INFO">gender</msg>
<arg>${key}</arg>
<doc>Logs the given message with the given level.</doc>
<status status="PASS" start="2024-05-23T04:17:04.361711" elapsed="0.000168"/>
</kw>
<var name="${key}">gender</var>
<status status="PASS" start="2024-05-23T04:17:04.360087" elapsed="0.002011"/>
</iter>
<iter>
<kw name="Dictionary Should Contain Key" owner="Collections">
<msg time="2024-05-23T04:17:04.362803" level="INFO">False</msg>
<arg>${json_data['results'][0]}</arg>
<arg>${key}</arg>
<doc>Fails if ``key`` is not found from ``dictionary``.</doc>
<status status="PASS" start="2024-05-23T04:17:04.362414" elapsed="0.000426"/>
</kw>
<kw name="Log" owner="BuiltIn">
<msg time="2024-05-23T04:17:04.363532" level="INFO">{'gender': 'female', 'name': {'title': 'Mrs', 'first': 'Sofia', 'last': 'Poulsen'}, 'location': {'street': {'number': 6024, 'name': 'Svinget'}, 'city': 'Vipperød', 'state': 'Nordjylland', 'country': 'Denmark', 'postcode': 98270, 'coordinates': {'latitude': '-43.9831', 'longitude': '173.0781'}, 'timezone': {'offset': '-7:00', 'description': 'Mountain Time (US &amp; Canada)'}}, 'email': 'sofia.poulsen@example.com', 'login': {'uuid': 'ed729df8-fbd9-4db9-9846-f91fd382fb25', 'username': 'greenzebra615', 'password': 'deejay', 'salt': 'R2L2RLMF', 'md5': 'f1513f6e87505d8ffe6fd3d5b8c052ab', 'sha1': '01f0522dfd995302ad0739ff185872ac5db935d3', 'sha256': 'a6a3b8df92447dae20868c0487b971f8788407c62c675a08a7028757094ac42c'}, 'dob': {'date': '1951-06-24T05:54:27.553Z', 'age': 72}, 'registered': {'date': '2021-09-07T19:50:01.122Z', 'age': 2}, 'phone': '25197131', 'cell': '57125319', 'id': {'name': 'CPR', 'value': '240651-3968'}, 'picture': {'large': 'https://randomuser.me/api/portraits/women/79.jpg', 'medium': 'https://randomuser.me/api/portraits/med/women/79.jpg', 'thumbnail': 'https://randomuser.me/api/portraits/thumb/women/79.jpg'}, 'nat': 'DK'}</msg>
<arg>${json_data['results'][0]}</arg>
<doc>Logs the given message with the given level.</doc>
<status status="PASS" start="2024-05-23T04:17:04.363169" elapsed="0.000447"/>
</kw>
<kw name="Log" owner="BuiltIn">
<msg time="2024-05-23T04:17:04.364047" level="INFO">name</msg>
<arg>${key}</arg>
<doc>Logs the given message with the given level.</doc>
<status status="PASS" start="2024-05-23T04:17:04.363919" elapsed="0.000166"/>
</kw>
<var name="${key}">name</var>
<status status="PASS" start="2024-05-23T04:17:04.362298" elapsed="0.002021"/>
</iter>
<iter>
<kw name="Dictionary Should Contain Key" owner="Collections">
<msg time="2024-05-23T04:17:04.364999" level="INFO">False</msg>
<arg>${json_data['results'][0]}</arg>
<arg>${key}</arg>
<doc>Fails if ``key`` is not found from ``dictionary``.</doc>
<status status="PASS" start="2024-05-23T04:17:04.364617" elapsed="0.000419"/>
</kw>
<kw name="Log" owner="BuiltIn">
<msg time="2024-05-23T04:17:04.365705" level="INFO">{'gender': 'female', 'name': {'title': 'Mrs', 'first': 'Sofia', 'last': 'Poulsen'}, 'location': {'street': {'number': 6024, 'name': 'Svinget'}, 'city': 'Vipperød', 'state': 'Nordjylland', 'country': 'Denmark', 'postcode': 98270, 'coordinates': {'latitude': '-43.9831', 'longitude': '173.0781'}, 'timezone': {'offset': '-7:00', 'description': 'Mountain Time (US &amp; Canada)'}}, 'email': 'sofia.poulsen@example.com', 'login': {'uuid': 'ed729df8-fbd9-4db9-9846-f91fd382fb25', 'username': 'greenzebra615', 'password': 'deejay', 'salt': 'R2L2RLMF', 'md5': 'f1513f6e87505d8ffe6fd3d5b8c052ab', 'sha1': '01f0522dfd995302ad0739ff185872ac5db935d3', 'sha256': 'a6a3b8df92447dae20868c0487b971f8788407c62c675a08a7028757094ac42c'}, 'dob': {'date': '1951-06-24T05:54:27.553Z', 'age': 72}, 'registered': {'date': '2021-09-07T19:50:01.122Z', 'age': 2}, 'phone': '25197131', 'cell': '57125319', 'id': {'name': 'CPR', 'value': '240651-3968'}, 'picture': {'large': 'https://randomuser.me/api/portraits/women/79.jpg', 'medium': 'https://randomuser.me/api/portraits/med/women/79.jpg', 'thumbnail': 'https://randomuser.me/api/portraits/thumb/women/79.jpg'}, 'nat': 'DK'}</msg>
<arg>${json_data['results'][0]}</arg>
<doc>Logs the given message with the given level.</doc>
<status status="PASS" start="2024-05-23T04:17:04.365336" elapsed="0.000421"/>
</kw>
<kw name="Log" owner="BuiltIn">
<msg time="2024-05-23T04:17:04.366179" level="INFO">location</msg>
<arg>${key}</arg>
<doc>Logs the given message with the given level.</doc>
<status status="PASS" start="2024-05-23T04:17:04.366053" elapsed="0.000163"/>
</kw>
<var name="${key}">location</var>
<status status="PASS" start="2024-05-23T04:17:04.364502" elapsed="0.001930"/>
</iter>
<iter>
<kw name="Dictionary Should Contain Key" owner="Collections">
<msg time="2024-05-23T04:17:04.367205" level="INFO">False</msg>
<arg>${json_data['results'][0]}</arg>
<arg>${key}</arg>
<doc>Fails if ``key`` is not found from ``dictionary``.</doc>
<status status="PASS" start="2024-05-23T04:17:04.366721" elapsed="0.000522"/>
</kw>
<kw name="Log" owner="BuiltIn">
<msg time="2024-05-23T04:17:04.367929" level="INFO">{'gender': 'female', 'name': {'title': 'Mrs', 'first': 'Sofia', 'last': 'Poulsen'}, 'location': {'street': {'number': 6024, 'name': 'Svinget'}, 'city': 'Vipperød', 'state': 'Nordjylland', 'country': 'Denmark', 'postcode': 98270, 'coordinates': {'latitude': '-43.9831', 'longitude': '173.0781'}, 'timezone': {'offset': '-7:00', 'description': 'Mountain Time (US &amp; Canada)'}}, 'email': 'sofia.poulsen@example.com', 'login': {'uuid': 'ed729df8-fbd9-4db9-9846-f91fd382fb25', 'username': 'greenzebra615', 'password': 'deejay', 'salt': 'R2L2RLMF', 'md5': 'f1513f6e87505d8ffe6fd3d5b8c052ab', 'sha1': '01f0522dfd995302ad0739ff185872ac5db935d3', 'sha256': 'a6a3b8df92447dae20868c0487b971f8788407c62c675a08a7028757094ac42c'}, 'dob': {'date': '1951-06-24T05:54:27.553Z', 'age': 72}, 'registered': {'date': '2021-09-07T19:50:01.122Z', 'age': 2}, 'phone': '25197131', 'cell': '57125319', 'id': {'name': 'CPR', 'value': '240651-3968'}, 'picture': {'large': 'https://randomuser.me/api/portraits/women/79.jpg', 'medium': 'https://randomuser.me/api/portraits/med/women/79.jpg', 'thumbnail': 'https://randomuser.me/api/portraits/thumb/women/79.jpg'}, 'nat': 'DK'}</msg>
<arg>${json_data['results'][0]}</arg>
<doc>Logs the given message with the given level.</doc>
<status status="PASS" start="2024-05-23T04:17:04.367542" elapsed="0.000448"/>
</kw>
<kw name="Log" owner="BuiltIn">
<msg time="2024-05-23T04:17:04.368423" level="INFO">email</msg>
<arg>${key}</arg>
<doc>Logs the given message with the given level.</doc>
<status status="PASS" start="2024-05-23T04:17:04.368294" elapsed="0.000166"/>
</kw>
<var name="${key}">email</var>
<status status="PASS" start="2024-05-23T04:17:04.366609" elapsed="0.002066"/>
</iter>
<iter>
<kw name="Dictionary Should Contain Key" owner="Collections">
<msg time="2024-05-23T04:17:04.369354" level="INFO">False</msg>
<arg>${json_data['results'][0]}</arg>
<arg>${key}</arg>
<doc>Fails if ``key`` is not found from ``dictionary``.</doc>
<status status="PASS" start="2024-05-23T04:17:04.368962" elapsed="0.000429"/>
</kw>
<kw name="Log" owner="BuiltIn">
<msg time="2024-05-23T04:17:04.370066" level="INFO">{'gender': 'female', 'name': {'title': 'Mrs', 'first': 'Sofia', 'last': 'Poulsen'}, 'location': {'street': {'number': 6024, 'name': 'Svinget'}, 'city': 'Vipperød', 'state': 'Nordjylland', 'country': 'Denmark', 'postcode': 98270, 'coordinates': {'latitude': '-43.9831', 'longitude': '173.0781'}, 'timezone': {'offset': '-7:00', 'description': 'Mountain Time (US &amp; Canada)'}}, 'email': 'sofia.poulsen@example.com', 'login': {'uuid': 'ed729df8-fbd9-4db9-9846-f91fd382fb25', 'username': 'greenzebra615', 'password': 'deejay', 'salt': 'R2L2RLMF', 'md5': 'f1513f6e87505d8ffe6fd3d5b8c052ab', 'sha1': '01f0522dfd995302ad0739ff185872ac5db935d3', 'sha256': 'a6a3b8df92447dae20868c0487b971f8788407c62c675a08a7028757094ac42c'}, 'dob': {'date': '1951-06-24T05:54:27.553Z', 'age': 72}, 'registered': {'date': '2021-09-07T19:50:01.122Z', 'age': 2}, 'phone': '25197131', 'cell': '57125319', 'id': {'name': 'CPR', 'value': '240651-3968'}, 'picture': {'large': 'https://randomuser.me/api/portraits/women/79.jpg', 'medium': 'https://randomuser.me/api/portraits/med/women/79.jpg', 'thumbnail': 'https://randomuser.me/api/portraits/thumb/women/79.jpg'}, 'nat': 'DK'}</msg>
<arg>${json_data['results'][0]}</arg>
<doc>Logs the given message with the given level.</doc>
<status status="PASS" start="2024-05-23T04:17:04.369702" elapsed="0.000423"/>
</kw>
<kw name="Log" owner="BuiltIn">
<msg time="2024-05-23T04:17:04.370546" level="INFO">login</msg>
<arg>${key}</arg>
<doc>Logs the given message with the given level.</doc>
<status status="PASS" start="2024-05-23T04:17:04.370418" elapsed="0.000166"/>
</kw>
<var name="${key}">login</var>
<status status="PASS" start="2024-05-23T04:17:04.368851" elapsed="0.001972"/>
</iter>
<var>${key}</var>
<value>@{expected_keys}</value>
<status status="PASS" start="2024-05-23T04:17:04.359894" elapsed="0.011056"/>
</for>
<kw name="Create List" owner="BuiltIn">
<msg time="2024-05-23T04:17:04.371281" level="INFO">${expected_keysTwo} = ['username', 'password']</msg>
<var>${expected_keysTwo}</var>
<arg>username</arg>
<arg>password</arg>
<doc>Returns a list containing given items.</doc>
<status status="PASS" start="2024-05-23T04:17:04.371146" elapsed="0.000159"/>
</kw>
<for flavor="IN">
<iter>
<kw name="Dictionary Should Contain Key" owner="Collections">
<msg time="2024-05-23T04:17:04.372238" level="INFO">False</msg>
<arg>${json_data['results'][0]['login']}</arg>
<arg>${keyTwo}</arg>
<doc>Fails if ``key`` is not found from ``dictionary``.</doc>
<status status="PASS" start="2024-05-23T04:17:04.371854" elapsed="0.000421"/>
</kw>
<kw name="Dictionary Should Contain Key" owner="Collections">
<msg time="2024-05-23T04:17:04.372947" level="INFO">False</msg>
<arg>${json_data['results'][0]['login']}</arg>
<arg>${keyTwo}</arg>
<doc>Fails if ``key`` is not found from ``dictionary``.</doc>
<status status="PASS" start="2024-05-23T04:17:04.372570" elapsed="0.000413"/>
</kw>
<kw name="Log" owner="BuiltIn">
<msg time="2024-05-23T04:17:04.373400" level="INFO">username</msg>
<arg>${keyTwo}</arg>
<doc>Logs the given message with the given level.</doc>
<status status="PASS" start="2024-05-23T04:17:04.373273" elapsed="0.000163"/>
</kw>
<var name="${keyTwo}">username</var>
<status status="PASS" start="2024-05-23T04:17:04.371742" elapsed="0.001912"/>
</iter>
<iter>
<kw name="Dictionary Should Contain Key" owner="Collections">
<msg time="2024-05-23T04:17:04.374320" level="INFO">False</msg>
<arg>${json_data['results'][0]['login']}</arg>
<arg>${keyTwo}</arg>
<doc>Fails if ``key`` is not found from ``dictionary``.</doc>
<status status="PASS" start="2024-05-23T04:17:04.373934" elapsed="0.000423"/>
</kw>
<kw name="Dictionary Should Contain Key" owner="Collections">
<msg time="2024-05-23T04:17:04.375020" level="INFO">False</msg>
<arg>${json_data['results'][0]['login']}</arg>
<arg>${keyTwo}</arg>
<doc>Fails if ``key`` is not found from ``dictionary``.</doc>
<status status="PASS" start="2024-05-23T04:17:04.374648" elapsed="0.000409"/>
</kw>
<kw name="Log" owner="BuiltIn">
<msg time="2024-05-23T04:17:04.375476" level="INFO">password</msg>
<arg>${keyTwo}</arg>
<doc>Logs the given message with the given level.</doc>
<status status="PASS" start="2024-05-23T04:17:04.375351" elapsed="0.000162"/>
</kw>
<var name="${keyTwo}">password</var>
<status status="PASS" start="2024-05-23T04:17:04.373825" elapsed="0.001938"/>
</iter>
<var>${keyTwo}</var>
<value>@{expected_keysTwo}</value>
<status status="PASS" start="2024-05-23T04:17:04.371548" elapsed="0.004336"/>
</for>
<status status="PASS" start="2024-05-23T04:17:04.269901" elapsed="0.106125"/>
</kw>
<doc>Testa a estrutura da resposta da API.</doc>
<tag>testeEstruturaResposta</tag>
<status status="PASS" start="2024-05-23T04:17:04.269411" elapsed="0.106771"/>
</test>
<test id="s1-s1-t4" name="Validar tipos de dados" line="28">
<kw name="Teste de Tipos de Dados" owner="random-user-service">
<kw name="GET On Session" owner="RequestsLibrary">
<msg time="2024-05-23T04:17:04.458572" level="INFO">GET Request : url=https://randomuser.me/api 
 path_url=/api 
 headers={'User-Agent': 'python-requests/2.32.2', 'Accept-Encoding': 'gzip, deflate', 'Accept': '*/*', 'Connection': 'keep-alive'} 
 body=None 
 </msg>
<msg time="2024-05-23T04:17:04.458677" level="INFO">GET Response : url=https://randomuser.me/api 
 status=200, reason=OK 
 headers={'Date': 'Thu, 23 May 2024 04:17:04 GMT', 'Content-Type': 'application/json; charset=utf-8', 'Transfer-Encoding': 'chunked', 'Connection': 'keep-alive', 'X-Powered-By': 'Express', 'Access-Control-Allow-Origin': '*', 'Cache-Control': 'no-cache', 'ETag': 'W/"499-xvB3am8IAnbKSwAvSgNWFkam8qY"', 'Vary': 'Accept-Encoding', 'Content-Encoding': 'gzip', 'CF-Cache-Status': 'DYNAMIC', 'Report-To': '{"endpoints":[{"url":"https:\\/\\/a.nel.cloudflare.com\\/report\\/v4?s=y%2BWrbS%2F7n1FOsdc53I1%2B64pEYSMcRLCttUJJB4HkBAdy3APU2RvPJmcO5pT2xehHqK6CZRu9U8lWcCGyRm7ZV8jklWy5yKup9H25V%2F4gtKFwM110U1vnuMShUFmjyVYB"}],"group":"cf-nel","max_age":604800}', 'NEL': '{"success_fraction":0,"report_to":"cf-nel","max_age":604800}', 'Server': 'cloudflare', 'CF-RAY': '88823bf25902581e-IAD', 'alt-svc': 'h3=":443"; ma=86400'} 
 body={"results":[{"gender":"female","name":{"title":"Mrs","first":"فاطمه زهرا","last":"سهيلي راد"},"location":{"street":{"number":3126,"name":"کلاهدوز"},"city":"خوی","state":"لرستان","country":"Iran","postcode":42001,"coordinates":{"latitude":"16.0244","longitude":"86.4492"},"timezone":{"offset":"-7:00","description":"Mountain Time (US &amp; Canada)"}},"email":"ftmhzhr.shylyrd@example.com","login":{"uuid":"96a25f69-5ac9-4180-a780-5edc70752941","username":"angryfrog920","password":"kendra","salt":"OVMfIaOB","md5":"577f3340bc0fc201b1de9309633883ab","sha1":"9eb3b724fa35d5dbf77f7f4f72565bc436a14e2e","sha256":"6cd2d516901180d396e1eeab0f7afb9308e9885264451c0c798bb387f5f803d1"},"dob":{"date":"1993-02-10T00:52:22.916Z","age":31},"registered":{"date":"2018-03-17T05:55:39.680Z","age":6},"phone":"004-31620987","cell":"0917-959-9559","id":{"name":"","value":null},"picture":{"large":"https://randomuser.me/api/portraits/women/43.jpg","medium":"https://randomuser.me/api/portraits/med/women/43.jpg","thumbnail":"https://randomuser.me/api/portraits/thumb/women/43.jpg"},"nat":"IR"}],"info":{"seed":"57d210bbafae8df1","results":1,"page":1,"version":"1.4"}} 
 </msg>
<msg time="2024-05-23T04:17:04.458787" level="INFO">/opt/hostedtoolcache/Python/3.12.3/x64/lib/python3.12/site-packages/urllib3/connectionpool.py:1103: InsecureRequestWarning: Unverified HTTPS request is being made to host 'randomuser.me'. Adding certificate verification is strongly advised. See: https://urllib3.readthedocs.io/en/latest/advanced-usage.html#tls-warnings
  warnings.warn(</msg>
<msg time="2024-05-23T04:17:04.458933" level="INFO">${response} = &lt;Response [200]&gt;</msg>
<var>${response}</var>
<arg>consultarAPI</arg>
<arg>/api</arg>
<doc>Sends a GET request on a previously created HTTP Session.</doc>
<status status="PASS" start="2024-05-23T04:17:04.378705" elapsed="0.080271"/>
</kw>
<kw name="Set Variable" owner="BuiltIn">
<msg time="2024-05-23T04:17:04.460323" level="INFO">${json_data} = {'results': [{'gender': 'female', 'name': {'title': 'Mrs', 'first': 'فاطمه زهرا', 'last': 'سهيلي راد'}, 'location': {'street': {'number': 3126, 'name': 'کلاهدوز'}, 'city': 'خوی', 'state': 'لرستان', 'c...</msg>
<var>${json_data}</var>
<arg>${response.json()}</arg>
<doc>Returns the given values which can then be assigned to a variables.</doc>
<status status="PASS" start="2024-05-23T04:17:04.459556" elapsed="0.000820"/>
</kw>
<kw name="Log" owner="BuiltIn">
<msg time="2024-05-23T04:17:04.461086" level="INFO">{'results': [{'gender': 'female', 'name': {'title': 'Mrs', 'first': 'فاطمه زهرا', 'last': 'سهيلي راد'}, 'location': {'street': {'number': 3126, 'name': 'کلاهدوز'}, 'city': 'خوی', 'state': 'لرستان', 'country': 'Iran', 'postcode': 42001, 'coordinates': {'latitude': '16.0244', 'longitude': '86.4492'}, 'timezone': {'offset': '-7:00', 'description': 'Mountain Time (US &amp; Canada)'}}, 'email': 'ftmhzhr.shylyrd@example.com', 'login': {'uuid': '96a25f69-5ac9-4180-a780-5edc70752941', 'username': 'angryfrog920', 'password': 'kendra', 'salt': 'OVMfIaOB', 'md5': '577f3340bc0fc201b1de9309633883ab', 'sha1': '9eb3b724fa35d5dbf77f7f4f72565bc436a14e2e', 'sha256': '6cd2d516901180d396e1eeab0f7afb9308e9885264451c0c798bb387f5f803d1'}, 'dob': {'date': '1993-02-10T00:52:22.916Z', 'age': 31}, 'registered': {'date': '2018-03-17T05:55:39.680Z', 'age': 6}, 'phone': '004-31620987', 'cell': '0917-959-9559', 'id': {'name': '', 'value': None}, 'picture': {'large': 'https://randomuser.me/api/portraits/women/43.jpg', 'medium': 'https://randomuser.me/api/portraits/med/women/43.jpg', 'thumbnail': 'https://randomuser.me/api/portraits/thumb/women/43.jpg'}, 'nat': 'IR'}], 'info': {'seed': '57d210bbafae8df1', 'results': 1, 'page': 1, 'version': '1.4'}}</msg>
<arg>${json_data}</arg>
<doc>Logs the given message with the given level.</doc>
<status status="PASS" start="2024-05-23T04:17:04.460853" elapsed="0.000367"/>
</kw>
<kw name="Should Be String" owner="String">
<arg>${json_data['results'][0]['gender']}</arg>
<doc>Fails if the given ``item`` is not a string.</doc>
<status status="PASS" start="2024-05-23T04:17:04.461679" elapsed="0.000592"/>
</kw>
<kw name="Should Match Regexp" owner="BuiltIn">
<arg>${json_data['results'][0]['email']}</arg>
<arg>^[a-zA-Z0-9._%+-]+@[a-zA-Z0-9.-]+\.[a-zA-Z]{2,}$</arg>
<doc>Fails if ``string`` does not match ``pattern`` as a regular expression.</doc>
<status status="PASS" start="2024-05-23T04:17:04.462575" elapsed="0.001060"/>
</kw>
<kw name="Should Match Regexp" owner="BuiltIn">
<arg>${json_data['results'][0]['dob']['date']}</arg>
<arg>\\d{4}-\\d{2}-\\d{2}T\\d{2}:\\d{2}:\\d{2}\\.\\d{3}Z</arg>
<doc>Fails if ``string`` does not match ``pattern`` as a regular expression.</doc>
<status status="PASS" start="2024-05-23T04:17:04.463948" elapsed="0.000783"/>
</kw>
<kw name="Should Match Regexp" owner="BuiltIn">
<arg>${json_data['results'][0]['registered']['date']}</arg>
<arg>\\d{4}-\\d{2}-\\d{2}T\\d{2}:\\d{2}:\\d{2}\\.\\d{3}Z</arg>
<doc>Fails if ``string`` does not match ``pattern`` as a regular expression.</doc>
<status status="PASS" start="2024-05-23T04:17:04.465066" elapsed="0.000630"/>
</kw>
<kw name="Should Match Regexp" owner="BuiltIn">
<arg>${json_data['results'][0]['picture']['large']}</arg>
<arg>^https?://.*\.(?:png|jpe?g|gif|bmp)$</arg>
<doc>Fails if ``string`` does not match ``pattern`` as a regular expression.</doc>
<status status="PASS" start="2024-05-23T04:17:04.465992" elapsed="0.000794"/>
</kw>
<kw name="Should Match Regexp" owner="BuiltIn">
<arg>${json_data['results'][0]['picture']['medium']}</arg>
<arg>^https?://.*\.(?:png|jpe?g|gif|bmp)$</arg>
<doc>Fails if ``string`` does not match ``pattern`` as a regular expression.</doc>
<status status="PASS" start="2024-05-23T04:17:04.467127" elapsed="0.000604"/>
</kw>
<kw name="Should Match Regexp" owner="BuiltIn">
<arg>${json_data['results'][0]['picture']['thumbnail']}</arg>
<arg>^https?://.*\.(?:png|jpe?g|gif|bmp)$</arg>
<doc>Fails if ``string`` does not match ``pattern`` as a regular expression.</doc>
<status status="PASS" start="2024-05-23T04:17:04.468024" elapsed="0.000595"/>
</kw>
<kw name="Log" owner="BuiltIn">
<msg time="2024-05-23T04:17:04.469496" level="INFO">{'large': 'https://randomuser.me/api/portraits/women/43.jpg', 'medium': 'https://randomuser.me/api/portraits/med/women/43.jpg', 'thumbnail': 'https://randomuser.me/api/portraits/thumb/women/43.jpg'}</msg>
<arg>${json_data['results'][0]['picture']}</arg>
<doc>Logs the given message with the given level.</doc>
<status status="PASS" start="2024-05-23T04:17:04.468928" elapsed="0.000630"/>
</kw>
<status status="PASS" start="2024-05-23T04:17:04.378469" elapsed="0.091446"/>
</kw>
<kw name="Teste de Tipos de Dados - Postcode" owner="random-user-service">
<kw name="GET On Session" owner="RequestsLibrary">
<msg time="2024-05-23T04:17:04.560063" level="INFO">GET Request : url=https://randomuser.me/api 
 path_url=/api 
 headers={'User-Agent': 'python-requests/2.32.2', 'Accept-Encoding': 'gzip, deflate', 'Accept': '*/*', 'Connection': 'keep-alive'} 
 body=None 
 </msg>
<msg time="2024-05-23T04:17:04.560161" level="INFO">GET Response : url=https://randomuser.me/api 
 status=200, reason=OK 
 headers={'Date': 'Thu, 23 May 2024 04:17:04 GMT', 'Content-Type': 'application/json; charset=utf-8', 'Transfer-Encoding': 'chunked', 'Connection': 'keep-alive', 'X-Powered-By': 'Express', 'Access-Control-Allow-Origin': '*', 'Cache-Control': 'no-cache', 'ETag': 'W/"494-D06Sma0Rwq7qjJkRXhnubkpDEHY"', 'Vary': 'Accept-Encoding', 'Content-Encoding': 'gzip', 'CF-Cache-Status': 'DYNAMIC', 'Report-To': '{"endpoints":[{"url":"https:\\/\\/a.nel.cloudflare.com\\/report\\/v4?s=eXLXfCHj0iO7xnDTvn1U2vqa8lL5GljTxSSprlVJt%2F58mhaob6hfT3zfT5%2B%2F6E6eNGanvcKg1CBVfVRaQDzFOzmApKpcT3DTMixJQARxolBCTJtaGo0YSuzsgv3tZlFT"}],"group":"cf-nel","max_age":604800}', 'NEL': '{"success_fraction":0,"report_to":"cf-nel","max_age":604800}', 'Server': 'cloudflare', 'CF-RAY': '88823bf2f961581e-IAD', 'alt-svc': 'h3=":443"; ma=86400'} 
 body={"results":[{"gender":"male","name":{"title":"Mr","first":"Osemrit","last":"Dikun"},"location":{"street":{"number":2825,"name":"Mikoli Smolenchuka"},"city":"Truskavec","state":"Zakarpatska","country":"Ukraine","postcode":47410,"coordinates":{"latitude":"79.6991","longitude":"-146.0665"},"timezone":{"offset":"+5:00","description":"Ekaterinburg, Islamabad, Karachi, Tashkent"}},"email":"osemrit.dikun@example.com","login":{"uuid":"a4a4de46-65a1-4e43-b479-17aa5f618faf","username":"heavylion199","password":"delight","salt":"yuNe3snR","md5":"e3fc0ef4170935e4b544e9bac8f20f26","sha1":"03d79d46c4735a4759c751558cfdda1c578b4eb8","sha256":"eaac2cd872ba2fa83999692eaad31a4144de86b7fafde8e72451881d026526f0"},"dob":{"date":"1969-09-21T10:19:26.531Z","age":54},"registered":{"date":"2015-11-04T19:19:04.461Z","age":8},"phone":"(068) Z40-5969","cell":"(098) B19-1425","id":{"name":"","value":null},"picture":{"large":"https://randomuser.me/api/portraits/men/64.jpg","medium":"https://randomuser.me/api/portraits/med/men/64.jpg","thumbnail":"https://randomuser.me/api/portraits/thumb/men/64.jpg"},"nat":"UA"}],"info":{"seed":"0ccd2ce915fc15ac","results":1,"page":1,"version":"1.4"}} 
 </msg>
<msg time="2024-05-23T04:17:04.560232" level="INFO">/opt/hostedtoolcache/Python/3.12.3/x64/lib/python3.12/site-packages/urllib3/connectionpool.py:1103: InsecureRequestWarning: Unverified HTTPS request is being made to host 'randomuser.me'. Adding certificate verification is strongly advised. See: https://urllib3.readthedocs.io/en/latest/advanced-usage.html#tls-warnings
  warnings.warn(</msg>
<msg time="2024-05-23T04:17:04.560357" level="INFO">${response} = &lt;Response [200]&gt;</msg>
<var>${response}</var>
<arg>consultarAPI</arg>
<arg>/api</arg>
<doc>Sends a GET request on a previously created HTTP Session.</doc>
<status status="PASS" start="2024-05-23T04:17:04.470593" elapsed="0.089805"/>
</kw>
<kw name="Set Variable" owner="BuiltIn">
<msg time="2024-05-23T04:17:04.561619" level="INFO">${json_data} = {'results': [{'gender': 'male', 'name': {'title': 'Mr', 'first': 'Osemrit', 'last': 'Dikun'}, 'location': {'street': {'number': 2825, 'name': 'Mikoli Smolenchuka'}, 'city': 'Truskavec', 'state': 'Zaka...</msg>
<var>${json_data}</var>
<arg>${response.json()}</arg>
<doc>Returns the given values which can then be assigned to a variables.</doc>
<status status="PASS" start="2024-05-23T04:17:04.561024" elapsed="0.000624"/>
</kw>
<kw name="Log" owner="BuiltIn">
<msg time="2024-05-23T04:17:04.562138" level="INFO">{'results': [{'gender': 'male', 'name': {'title': 'Mr', 'first': 'Osemrit', 'last': 'Dikun'}, 'location': {'street': {'number': 2825, 'name': 'Mikoli Smolenchuka'}, 'city': 'Truskavec', 'state': 'Zakarpatska', 'country': 'Ukraine', 'postcode': 47410, 'coordinates': {'latitude': '79.6991', 'longitude': '-146.0665'}, 'timezone': {'offset': '+5:00', 'description': 'Ekaterinburg, Islamabad, Karachi, Tashkent'}}, 'email': 'osemrit.dikun@example.com', 'login': {'uuid': 'a4a4de46-65a1-4e43-b479-17aa5f618faf', 'username': 'heavylion199', 'password': 'delight', 'salt': 'yuNe3snR', 'md5': 'e3fc0ef4170935e4b544e9bac8f20f26', 'sha1': '03d79d46c4735a4759c751558cfdda1c578b4eb8', 'sha256': 'eaac2cd872ba2fa83999692eaad31a4144de86b7fafde8e72451881d026526f0'}, 'dob': {'date': '1969-09-21T10:19:26.531Z', 'age': 54}, 'registered': {'date': '2015-11-04T19:19:04.461Z', 'age': 8}, 'phone': '(068) Z40-5969', 'cell': '(098) B19-1425', 'id': {'name': '', 'value': None}, 'picture': {'large': 'https://randomuser.me/api/portraits/men/64.jpg', 'medium': 'https://randomuser.me/api/portraits/med/men/64.jpg', 'thumbnail': 'https://randomuser.me/api/portraits/thumb/men/64.jpg'}, 'nat': 'UA'}], 'info': {'seed': '0ccd2ce915fc15ac', 'results': 1, 'page': 1, 'version': '1.4'}}</msg>
<arg>${json_data}</arg>
<doc>Logs the given message with the given level.</doc>
<status status="PASS" start="2024-05-23T04:17:04.561967" elapsed="0.000254"/>
</kw>
<kw name="Should Be Equal As Numbers" owner="BuiltIn">
<arg>${json_data['results'][0]['location']['postcode']}</arg>
<arg>${json_data['results'][0]['location']['postcode']}</arg>
<doc>Fails if objects are unequal after converting them to real numbers.</doc>
<status status="PASS" start="2024-05-23T04:17:04.562533" elapsed="0.000626"/>
</kw>
<kw name="Log" owner="BuiltIn">
<msg time="2024-05-23T04:17:04.563746" level="INFO">47410</msg>
<arg>${json_data['results'][0]['location']['postcode']}</arg>
<doc>Logs the given message with the given level.</doc>
<status status="PASS" start="2024-05-23T04:17:04.563352" elapsed="0.000436"/>
</kw>
<status status="PASS" start="2024-05-23T04:17:04.470230" elapsed="0.093819"/>
</kw>
<doc>Testa se os tipos de dados na resposta da API estão corretos.</doc>
<tag>testeTiposDados</tag>
<status status="PASS" start="2024-05-23T04:17:04.377926" elapsed="0.186340"/>
</test>
<test id="s1-s1-t5" name="Validar conteudo" line="35">
<kw name="Teste de Tipos de Conteudo" owner="random-user-service">
<kw name="GET On Session" owner="RequestsLibrary">
<msg time="2024-05-23T04:17:04.656319" level="INFO">GET Request : url=https://randomuser.me/api 
 path_url=/api 
 headers={'User-Agent': 'python-requests/2.32.2', 'Accept-Encoding': 'gzip, deflate', 'Accept': '*/*', 'Connection': 'keep-alive'} 
 body=None 
 </msg>
<msg time="2024-05-23T04:17:04.656434" level="INFO">GET Response : url=https://randomuser.me/api 
 status=200, reason=OK 
 headers={'Date': 'Thu, 23 May 2024 04:17:04 GMT', 'Content-Type': 'application/json; charset=utf-8', 'Transfer-Encoding': 'chunked', 'Connection': 'keep-alive', 'X-Powered-By': 'Express', 'Access-Control-Allow-Origin': '*', 'Cache-Control': 'no-cache', 'ETag': 'W/"496-JAQM6uvC+bgNjVv0ICWdJDNiOKQ"', 'Vary': 'Accept-Encoding', 'Content-Encoding': 'gzip', 'CF-Cache-Status': 'DYNAMIC', 'Report-To': '{"endpoints":[{"url":"https:\\/\\/a.nel.cloudflare.com\\/report\\/v4?s=hA51rsq%2BbA6ahkKPlgklXBYsD6LPFyZhwTfmp7NwjlAzpPeDPJtrJ1b%2FBhzjBRGsXKdUXghelKZ79wL98mpNOMzExrU1RoaOrN35HsodNfAZlwViYbIBSDMIuaRMocob"}],"group":"cf-nel","max_age":604800}', 'NEL': '{"success_fraction":0,"report_to":"cf-nel","max_age":604800}', 'Server': 'cloudflare', 'CF-RAY': '88823bf389c1581e-IAD', 'alt-svc': 'h3=":443"; ma=86400'} 
 body={"results":[{"gender":"female","name":{"title":"Ms","first":"Nuria","last":"Blanco"},"location":{"street":{"number":780,"name":"Calle de La Almudena"},"city":"Málaga","state":"Cantabria","country":"Spain","postcode":63782,"coordinates":{"latitude":"-31.6167","longitude":"43.3916"},"timezone":{"offset":"+11:00","description":"Magadan, Solomon Islands, New Caledonia"}},"email":"nuria.blanco@example.com","login":{"uuid":"b0ff1783-9e79-46ce-a2cf-ea49a7d7cd67","username":"whitetiger669","password":"rudy","salt":"6CKzW6jk","md5":"96852e5bbb03ac55762eb4dd16950fd7","sha1":"89548f6ec1f313b93acc04e0ad6796cd75a3a067","sha256":"e2ad94ae18eeec3abb797d86024b851c172959778a15a39bef157f506740ad34"},"dob":{"date":"1959-02-21T11:20:46.627Z","age":65},"registered":{"date":"2014-03-26T07:08:32.089Z","age":10},"phone":"948-478-448","cell":"686-805-574","id":{"name":"DNI","value":"34192020-D"},"picture":{"large":"https://randomuser.me/api/portraits/women/63.jpg","medium":"https://randomuser.me/api/portraits/med/women/63.jpg","thumbnail":"https://randomuser.me/api/portraits/thumb/women/63.jpg"},"nat":"ES"}],"info":{"seed":"60ef9559d965adaa","results":1,"page":1,"version":"1.4"}} 
 </msg>
<msg time="2024-05-23T04:17:04.656525" level="INFO">/opt/hostedtoolcache/Python/3.12.3/x64/lib/python3.12/site-packages/urllib3/connectionpool.py:1103: InsecureRequestWarning: Unverified HTTPS request is being made to host 'randomuser.me'. Adding certificate verification is strongly advised. See: https://urllib3.readthedocs.io/en/latest/advanced-usage.html#tls-warnings
  warnings.warn(</msg>
<msg time="2024-05-23T04:17:04.656673" level="INFO">${response} = &lt;Response [200]&gt;</msg>
<var>${response}</var>
<arg>consultarAPI</arg>
<arg>/api</arg>
<doc>Sends a GET request on a previously created HTTP Session.</doc>
<status status="PASS" start="2024-05-23T04:17:04.567034" elapsed="0.089684"/>
</kw>
<kw name="Set Variable" owner="BuiltIn">
<msg time="2024-05-23T04:17:04.657919" level="INFO">${json_data} = {'results': [{'gender': 'female', 'name': {'title': 'Ms', 'first': 'Nuria', 'last': 'Blanco'}, 'location': {'street': {'number': 780, 'name': 'Calle de La Almudena'}, 'city': 'Málaga', 'state': 'Canta...</msg>
<var>${json_data}</var>
<arg>${response.json()}</arg>
<doc>Returns the given values which can then be assigned to a variables.</doc>
<status status="PASS" start="2024-05-23T04:17:04.657342" elapsed="0.000606"/>
</kw>
<kw name="Set Variable" owner="BuiltIn">
<msg time="2024-05-23T04:17:04.658671" level="INFO">${name_title} = Ms</msg>
<var>${name_title}</var>
<arg>${json_data["results"][0]["name"]["title"]}</arg>
<doc>Returns the given values which can then be assigned to a variables.</doc>
<status status="PASS" start="2024-05-23T04:17:04.658261" elapsed="0.000444"/>
</kw>
<kw name="Create List" owner="BuiltIn">
<msg time="2024-05-23T04:17:04.659165" level="INFO">${allowed_titles} = ['Mr', 'Ms', 'Miss', 'Mrs', 'Madame', 'Monsieur']</msg>
<var>${allowed_titles}</var>
<arg>Mr</arg>
<arg>Ms</arg>
<arg>Miss</arg>
<arg>Mrs</arg>
<arg>Madame</arg>
<arg>Monsieur</arg>
<doc>Returns a list containing given items.</doc>
<status status="PASS" start="2024-05-23T04:17:04.659014" elapsed="0.000175"/>
</kw>
<kw name="List Should Contain Value" owner="Collections">
<msg time="2024-05-23T04:17:04.659729" level="INFO">False</msg>
<arg>${allowed_titles}</arg>
<arg>${name_title}</arg>
<doc>Fails if the ``value`` is not found from ``list``.</doc>
<status status="PASS" start="2024-05-23T04:17:04.659496" elapsed="0.000272"/>
</kw>
<kw name="Set Variable" owner="BuiltIn">
<msg time="2024-05-23T04:17:04.660642" level="INFO">${name_country} = ES</msg>
<var>${name_country}</var>
<arg>${json_data["results"][0]["nat"]}</arg>
<doc>Returns the given values which can then be assigned to a variables.</doc>
<status status="PASS" start="2024-05-23T04:17:04.660069" elapsed="0.000598"/>
</kw>
<kw name="Create List" owner="BuiltIn">
<msg time="2024-05-23T04:17:04.661580" level="INFO">${list_country} = ['AD', 'AE', 'AF', 'AG', 'AI', 'AL', 'AM', 'AO', 'AQ', 'AR', 'AS', 'AT', 'AU', 'AW', 'AX', 'AZ', 'BA', 'BB', 'BD', 'BE', 'BF', 'BG', 'BH', 'BI', 'BJ', 'BL', 'BM', 'BN', 'BO', 'BQ', 'BR', 'BS', 'BT', '...</msg>
<var>${list_country}</var>
<arg>AD</arg>
<arg>AE</arg>
<arg>AF</arg>
<arg>AG</arg>
<arg>AI</arg>
<arg>AL</arg>
<arg>AM</arg>
<arg>AO</arg>
<arg>AQ</arg>
<arg>AR</arg>
<arg>AS</arg>
<arg>AT</arg>
<arg>AU</arg>
<arg>AW</arg>
<arg>AX</arg>
<arg>AZ</arg>
<arg>BA</arg>
<arg>BB</arg>
<arg>BD</arg>
<arg>BE</arg>
<arg>BF</arg>
<arg>BG</arg>
<arg>BH</arg>
<arg>BI</arg>
<arg>BJ</arg>
<arg>BL</arg>
<arg>BM</arg>
<arg>BN</arg>
<arg>BO</arg>
<arg>BQ</arg>
<arg>BR</arg>
<arg>BS</arg>
<arg>BT</arg>
<arg>BV</arg>
<arg>BW</arg>
<arg>BY</arg>
<arg>BZ</arg>
<arg>CA</arg>
<arg>CC</arg>
<arg>CD</arg>
<arg>CF</arg>
<arg>CG</arg>
<arg>CH</arg>
<arg>CI</arg>
<arg>CK</arg>
<arg>CL</arg>
<arg>CM</arg>
<arg>CN</arg>
<arg>CO</arg>
<arg>CR</arg>
<arg>CU</arg>
<arg>CV</arg>
<arg>CW</arg>
<arg>CX</arg>
<arg>CY</arg>
<arg>CZ</arg>
<arg>DE</arg>
<arg>DJ</arg>
<arg>DK</arg>
<arg>DM</arg>
<arg>DO</arg>
<arg>DZ</arg>
<arg>EC</arg>
<arg>EE</arg>
<arg>EG</arg>
<arg>EH</arg>
<arg>ER</arg>
<arg>ES</arg>
<arg>ET</arg>
<arg>FI</arg>
<arg>FJ</arg>
<arg>FK</arg>
<arg>FM</arg>
<arg>FO</arg>
<arg>FR</arg>
<arg>GA</arg>
<arg>GB</arg>
<arg>GD</arg>
<arg>GE</arg>
<arg>GF</arg>
<arg>GG</arg>
<arg>GH</arg>
<arg>GI</arg>
<arg>GL</arg>
<arg>GM</arg>
<arg>GN</arg>
<arg>GP</arg>
<arg>GQ</arg>
<arg>GR</arg>
<arg>GS</arg>
<arg>GT</arg>
<arg>GU</arg>
<arg>GW</arg>
<arg>GY</arg>
<arg>HK</arg>
<arg>HM</arg>
<arg>HN</arg>
<arg>HR</arg>
<arg>HT</arg>
<arg>HU</arg>
<arg>ID</arg>
<arg>IE</arg>
<arg>IL</arg>
<arg>IM</arg>
<arg>IN</arg>
<arg>IO</arg>
<arg>IQ</arg>
<arg>IR</arg>
<arg>IS</arg>
<arg>IT</arg>
<arg>JE</arg>
<arg>JM</arg>
<arg>JO</arg>
<arg>JP</arg>
<arg>KE</arg>
<arg>KG</arg>
<arg>KH</arg>
<arg>KI</arg>
<arg>KM</arg>
<arg>KN</arg>
<arg>KP</arg>
<arg>KR</arg>
<arg>KW</arg>
<arg>KY</arg>
<arg>KZ</arg>
<arg>LA</arg>
<arg>LB</arg>
<arg>LC</arg>
<arg>LI</arg>
<arg>LK</arg>
<arg>LR</arg>
<arg>LS</arg>
<arg>LT</arg>
<arg>LU</arg>
<arg>LV</arg>
<arg>LY</arg>
<arg>MA</arg>
<arg>MC</arg>
<arg>MD</arg>
<arg>ME</arg>
<arg>MF</arg>
<arg>MG</arg>
<arg>MH</arg>
<arg>MK</arg>
<arg>ML</arg>
<arg>MM</arg>
<arg>MN</arg>
<arg>MO</arg>
<arg>MP</arg>
<arg>MQ</arg>
<arg>MR</arg>
<arg>MS</arg>
<arg>MT</arg>
<arg>MU</arg>
<arg>MV</arg>
<arg>MW</arg>
<arg>MX</arg>
<arg>MY</arg>
<arg>MZ</arg>
<arg>NA</arg>
<arg>NC</arg>
<arg>NE</arg>
<arg>NF</arg>
<arg>NG</arg>
<arg>NI</arg>
<arg>NL</arg>
<arg>NO</arg>
<arg>NP</arg>
<arg>NR</arg>
<arg>NU</arg>
<arg>NZ</arg>
<arg>OM</arg>
<arg>PA</arg>
<arg>PE</arg>
<arg>PF</arg>
<arg>PG</arg>
<arg>PH</arg>
<arg>PK</arg>
<arg>PL</arg>
<arg>PM</arg>
<arg>PN</arg>
<arg>PR</arg>
<arg>PS</arg>
<arg>PT</arg>
<arg>PW</arg>
<arg>PY</arg>
<arg>QA</arg>
<arg>RE</arg>
<arg>RO</arg>
<arg>RS</arg>
<arg>RU</arg>
<arg>RW</arg>
<arg>SA</arg>
<arg>SB</arg>
<arg>SC</arg>
<arg>SD</arg>
<arg>SE</arg>
<arg>SG</arg>
<arg>SH</arg>
<arg>SI</arg>
<arg>SJ</arg>
<arg>SK</arg>
<arg>SL</arg>
<arg>SM</arg>
<arg>SN</arg>
<arg>SO</arg>
<arg>SR</arg>
<arg>SS</arg>
<arg>ST</arg>
<arg>SV</arg>
<arg>SX</arg>
<arg>SY</arg>
<arg>SZ</arg>
<arg>TC</arg>
<arg>TD</arg>
<arg>TF</arg>
<arg>TG</arg>
<arg>TH</arg>
<arg>TJ</arg>
<arg>TK</arg>
<arg>TL</arg>
<arg>TM</arg>
<arg>TN</arg>
<arg>TO</arg>
<arg>TR</arg>
<arg>TT</arg>
<arg>TV</arg>
<arg>TW</arg>
<arg>TZ</arg>
<arg>UA</arg>
<arg>UG</arg>
<arg>UM</arg>
<arg>US</arg>
<arg>UY</arg>
<arg>UZ</arg>
<arg>VA</arg>
<arg>VC</arg>
<arg>VE</arg>
<arg>VG</arg>
<arg>VI</arg>
<arg>VN</arg>
<arg>VU</arg>
<arg>WF</arg>
<arg>WS</arg>
<arg>XK</arg>
<arg>YE</arg>
<arg>YT</arg>
<arg>ZA</arg>
<arg>ZM</arg>
<arg>ZW</arg>
<doc>Returns a list containing given items.</doc>
<status status="PASS" start="2024-05-23T04:17:04.660978" elapsed="0.000628"/>
</kw>
<kw name="List Should Contain Value" owner="Collections">
<msg time="2024-05-23T04:17:04.662609" level="INFO">False</msg>
<arg>${list_country}</arg>
<arg>${name_country}</arg>
<doc>Fails if the ``value`` is not found from ``list``.</doc>
<status status="PASS" start="2024-05-23T04:17:04.662398" elapsed="0.000248"/>
</kw>
<kw name="Run Keyword If" owner="BuiltIn">
<kw name="Should Be True" owner="BuiltIn">
<arg>${True}</arg>
<doc>Fails if the given condition is not true.</doc>
<status status="PASS" start="2024-05-23T04:17:04.663749" elapsed="0.000148"/>
</kw>
<arg>${json_data["results"][0]["location"]["coordinates"]["latitude"]} &gt;= -90 and ${json_data["results"][0]["location"]["coordinates"]["latitude"]} &lt;= 90</arg>
<arg>Should Be True</arg>
<arg>${True}</arg>
<doc>Runs the given keyword with the given arguments, if ``condition`` is true.</doc>
<status status="PASS" start="2024-05-23T04:17:04.662960" elapsed="0.001066"/>
</kw>
<kw name="Run Keyword If" owner="BuiltIn">
<kw name="Should Be True" owner="BuiltIn">
<arg>${True}</arg>
<doc>Fails if the given condition is not true.</doc>
<status status="PASS" start="2024-05-23T04:17:04.664913" elapsed="0.000137"/>
</kw>
<arg>${json_data["results"][0]["location"]["coordinates"]["longitude"]} &gt;= -180 and ${json_data["results"][0]["location"]["coordinates"]["longitude"]} &lt;= 180</arg>
<arg>Should Be True</arg>
<arg>${True}</arg>
<doc>Runs the given keyword with the given arguments, if ``condition`` is true.</doc>
<status status="PASS" start="2024-05-23T04:17:04.664212" elapsed="0.000962"/>
</kw>
<status status="PASS" start="2024-05-23T04:17:04.566790" elapsed="0.098517"/>
</kw>
<doc>Testa o conteúdo específico dos campos retornados pela API.</doc>
<tag>testeConteudo</tag>
<status status="PASS" start="2024-05-23T04:17:04.566253" elapsed="0.099211"/>
</test>
<status status="PASS" start="2024-05-23T04:17:03.755628" elapsed="0.911830"/>
</suite>
<status status="PASS" start="2024-05-23T04:17:03.742143" elapsed="0.930553"/>
</suite>
<statistics>
<total>
<stat pass="5" fail="0" skip="0">All Tests</stat>
</total>
<tag>
<stat pass="1" fail="0" skip="0">testeConteudo</stat>
<stat pass="1" fail="0" skip="0">testeEstruturaResposta</stat>
<stat pass="1" fail="0" skip="0">testeRequisicaoBasica</stat>
<stat pass="1" fail="0" skip="0">testeTiposDados</stat>
</tag>
<suite>
<stat pass="5" fail="0" skip="0" id="s1" name="Tests">Tests</stat>
<stat pass="5" fail="0" skip="0" id="s1-s1" name="Random-User-Test">Tests.Random-User-Test</stat>
</suite>
</statistics>
<errors>
</errors>
</robot>
