<?xml version="1.0" encoding="UTF-8"?>
<robot generator="Robot 7.0.1 (Python 3.12.4 on linux)" generated="2024-07-23T07:14:31.896105" rpa="false" schemaversion="5">
<suite id="s1" name="Tests" source="/home/runner/work/ApiRandomUser/ApiRandomUser/RamdonUser/tests">
<suite id="s1-s1" name="Random-User-Test" source="/home/runner/work/ApiRandomUser/ApiRandomUser/RamdonUser/tests/random-user-test.robot">
<test id="s1-s1-t1" name="Conectar" line="13">
<kw name="Conectar API" owner="random-user-service">
<kw name="Create Session" owner="RequestsLibrary">
<msg time="2024-07-23T07:14:32.305318" level="INFO">Creating Session using : alias=consultarAPI, url=https://randomuser.me/, headers={},                     cookies={}, auth=None, timeout=None, proxies=None, verify=False,                     debug=0 </msg>
<arg>consultarAPI</arg>
<arg>${URL}</arg>
<doc>Create Session: create a HTTP session to a server</doc>
<status status="PASS" start="2024-07-23T07:14:32.305119" elapsed="0.000369"/>
</kw>
<status status="PASS" start="2024-07-23T07:14:32.304091" elapsed="0.001746"/>
</kw>
<status status="PASS" start="2024-07-23T07:14:32.303499" elapsed="0.002531"/>
</test>
<test id="s1-s1-t2" name="Validar retorno 200 e JSON Válido" line="16">
<kw name="Teste de Requisicao Basica" owner="random-user-service">
<kw name="GET On Session" owner="RequestsLibrary">
<msg time="2024-07-23T07:14:32.502126" level="INFO">GET Request : url=https://randomuser.me/api 
 path_url=/api 
 headers={'User-Agent': 'python-requests/2.32.3', 'Accept-Encoding': 'gzip, deflate', 'Accept': '*/*', 'Connection': 'keep-alive'} 
 body=None 
 </msg>
<msg time="2024-07-23T07:14:32.502271" level="INFO">GET Response : url=https://randomuser.me/api 
 status=200, reason=OK 
 headers={'Date': 'Tue, 23 Jul 2024 07:14:32 GMT', 'Content-Type': 'application/json; charset=utf-8', 'Transfer-Encoding': 'chunked', 'Connection': 'keep-alive', 'X-Powered-By': 'Express', 'Access-Control-Allow-Origin': '*', 'Cache-Control': 'no-cache', 'ETag': 'W/"482-fgxFppRXqAscZkoClX7MaEOc0JM"', 'Vary': 'Accept-Encoding', 'Content-Encoding': 'gzip', 'CF-Cache-Status': 'DYNAMIC', 'Report-To': '{"endpoints":[{"url":"https:\\/\\/a.nel.cloudflare.com\\/report\\/v4?s=fXfpPJ5qAE7Zndu7%2Bmkh8iRcvSk92lvkVOwiiXP5VJbKFWXo7nVqu0GwhywDYDF7r3EANlHRBGfy9R1OVl7R89vLavy8h25kJnde06ugoaaGEn3XuFg%2Ff7hVcorxOkkv"}],"group":"cf-nel","max_age":604800}', 'NEL': '{"success_fraction":0,"report_to":"cf-nel","max_age":604800}', 'Server': 'cloudflare', 'CF-RAY': '8a79dfc83dff177b-IAD', 'alt-svc': 'h3=":443"; ma=86400'} 
 body={"results":[{"gender":"female","name":{"title":"Ms","first":"Kajsa","last":"Salih"},"location":{"street":{"number":9859,"name":"Rosenlundgata"},"city":"Hoffland","state":"Trøndelag","country":"Norway","postcode":"1250","coordinates":{"latitude":"46.0787","longitude":"156.6350"},"timezone":{"offset":"-7:00","description":"Mountain Time (US &amp; Canada)"}},"email":"kajsa.salih@example.com","login":{"uuid":"7bd2fb4d-3828-4ff6-a375-c2b4118682ff","username":"goldenpeacock234","password":"jarrett","salt":"GlF89zyo","md5":"c3eecd054455b034f4411af5ffb0697c","sha1":"58a29d20bb42e97bb5423124e1799092f8ce663a","sha256":"78845250709f29f0a432f473a85dd2a234529064a6cc31b8b2e6bb27daea8864"},"dob":{"date":"1983-09-21T13:20:21.191Z","age":40},"registered":{"date":"2007-08-01T02:04:31.120Z","age":16},"phone":"25351997","cell":"48172205","id":{"name":"FN","value":"21098304425"},"picture":{"large":"https://randomuser.me/api/portraits/women/6.jpg","medium":"https://randomuser.me/api/portraits/med/women/6.jpg","thumbnail":"https://randomuser.me/api/portraits/thumb/women/6.jpg"},"nat":"NO"}],"info":{"seed":"07805588a711f80a","results":1,"page":1,"version":"1.4"}} 
 </msg>
<msg time="2024-07-23T07:14:32.502363" level="INFO">/opt/hostedtoolcache/Python/3.12.4/x64/lib/python3.12/site-packages/urllib3/connectionpool.py:1099: InsecureRequestWarning: Unverified HTTPS request is being made to host 'randomuser.me'. Adding certificate verification is strongly advised. See: https://urllib3.readthedocs.io/en/latest/advanced-usage.html#tls-warnings
  warnings.warn(</msg>
<msg time="2024-07-23T07:14:32.502523" level="INFO">${response} = &lt;Response [200]&gt;</msg>
<var>${response}</var>
<arg>consultarAPI</arg>
<arg>/api</arg>
<doc>Sends a GET request on a previously created HTTP Session.</doc>
<status status="PASS" start="2024-07-23T07:14:32.308704" elapsed="0.193863"/>
</kw>
<kw name="Should Be Equal As Numbers" owner="BuiltIn">
<msg time="2024-07-23T07:14:32.503436" level="INFO">Argument types are:
&lt;class 'int'&gt;
&lt;class 'str'&gt;</msg>
<arg>${response.status_code}</arg>
<arg>200</arg>
<doc>Fails if objects are unequal after converting them to real numbers.</doc>
<status status="PASS" start="2024-07-23T07:14:32.503030" elapsed="0.000470"/>
</kw>
<kw name="Log" owner="BuiltIn">
<msg time="2024-07-23T07:14:32.504184" level="INFO">200</msg>
<arg>${response.status_code}</arg>
<doc>Logs the given message with the given level.</doc>
<status status="PASS" start="2024-07-23T07:14:32.503827" elapsed="0.000400"/>
</kw>
<kw name="Set Variable" owner="BuiltIn">
<msg time="2024-07-23T07:14:32.505014" level="INFO">${json_data} = {'results': [{'gender': 'female', 'name': {'title': 'Ms', 'first': 'Kajsa', 'last': 'Salih'}, 'location': {'street': {'number': 9859, 'name': 'Rosenlundgata'}, 'city': 'Hoffland', 'state': 'Trøndelag'...</msg>
<var>${json_data}</var>
<arg>${response.json()}</arg>
<doc>Returns the given values which can then be assigned to a variables.</doc>
<status status="PASS" start="2024-07-23T07:14:32.504533" elapsed="0.000512"/>
</kw>
<kw name="Dictionary Should Contain Key" owner="Collections">
<arg>${json_data}</arg>
<arg>results</arg>
<doc>Fails if ``key`` is not found from ``dictionary``.</doc>
<status status="PASS" start="2024-07-23T07:14:32.505358" elapsed="0.000295"/>
</kw>
<status status="PASS" start="2024-07-23T07:14:32.308428" elapsed="0.197373"/>
</kw>
<doc>Testa se a API responde corretamente e retorna um objeto JSON válido.</doc>
<tag>testeRequisicaoBasica</tag>
<status status="PASS" start="2024-07-23T07:14:32.307888" elapsed="0.198074"/>
</test>
<test id="s1-s1-t3" name="Validar estrutura de resposta" line="22">
<kw name="Teste de Estrutura de Resposta" owner="random-user-service">
<kw name="GET On Session" owner="RequestsLibrary">
<msg time="2024-07-23T07:14:32.542529" level="INFO">GET Request : url=https://randomuser.me/api 
 path_url=/api 
 headers={'User-Agent': 'python-requests/2.32.3', 'Accept-Encoding': 'gzip, deflate', 'Accept': '*/*', 'Connection': 'keep-alive'} 
 body=None 
 </msg>
<msg time="2024-07-23T07:14:32.542600" level="INFO">GET Response : url=https://randomuser.me/api 
 status=200, reason=OK 
 headers={'Date': 'Tue, 23 Jul 2024 07:14:32 GMT', 'Content-Type': 'application/json; charset=utf-8', 'Transfer-Encoding': 'chunked', 'Connection': 'keep-alive', 'X-Powered-By': 'Express', 'Access-Control-Allow-Origin': '*', 'Cache-Control': 'no-cache', 'ETag': 'W/"485-QgcRi+1+8Us/i45DhlY1q6BXtkM"', 'Vary': 'Accept-Encoding', 'Content-Encoding': 'gzip', 'CF-Cache-Status': 'DYNAMIC', 'Report-To': '{"endpoints":[{"url":"https:\\/\\/a.nel.cloudflare.com\\/report\\/v4?s=WLHfi1VWUpdv%2Bw5KDxOVmKzN3S2dfQJFvLz55IH7DhRFtj6wrDzAJvSkKOsnQwusp1Pmx7TaVIqY7lKlxvD5FPsg8PSSyhOunu%2Fz%2BdVHtMEXxkKEZEmHyx%2FDe5%2FvwrsC"}],"group":"cf-nel","max_age":604800}', 'NEL': '{"success_fraction":0,"report_to":"cf-nel","max_age":604800}', 'Server': 'cloudflare', 'CF-RAY': '8a79dfc93eb4177b-IAD', 'alt-svc': 'h3=":443"; ma=86400'} 
 body={"results":[{"gender":"male","name":{"title":"Mr","first":"Blake","last":"Chan"},"location":{"street":{"number":4701,"name":"Peel St"},"city":"Sidney","state":"Nova Scotia","country":"Canada","postcode":"B5J 6B3","coordinates":{"latitude":"-71.9272","longitude":"-121.6866"},"timezone":{"offset":"+4:00","description":"Abu Dhabi, Muscat, Baku, Tbilisi"}},"email":"blake.chan@example.com","login":{"uuid":"22a7bc77-2f82-4acd-8696-dd99cbdc13a4","username":"organicgorilla847","password":"groovy","salt":"h7GjNV2F","md5":"3159b4eb31ab920d2a5303df5b8f85f3","sha1":"ddd17b6b4c4fcd34ad5eaf03a936b7cad2bbd97f","sha256":"eab5ae01bb44a3df7d9a68fc013f8efc964e51d19d04ad1435fd7938f58b1c88"},"dob":{"date":"1992-03-06T11:01:04.026Z","age":32},"registered":{"date":"2014-02-07T19:49:18.878Z","age":10},"phone":"T78 T01-6238","cell":"A14 Q94-1490","id":{"name":"SIN","value":"392259321"},"picture":{"large":"https://randomuser.me/api/portraits/men/61.jpg","medium":"https://randomuser.me/api/portraits/med/men/61.jpg","thumbnail":"https://randomuser.me/api/portraits/thumb/men/61.jpg"},"nat":"CA"}],"info":{"seed":"53c02c358656916d","results":1,"page":1,"version":"1.4"}} 
 </msg>
<msg time="2024-07-23T07:14:32.542694" level="INFO">/opt/hostedtoolcache/Python/3.12.4/x64/lib/python3.12/site-packages/urllib3/connectionpool.py:1099: InsecureRequestWarning: Unverified HTTPS request is being made to host 'randomuser.me'. Adding certificate verification is strongly advised. See: https://urllib3.readthedocs.io/en/latest/advanced-usage.html#tls-warnings
  warnings.warn(</msg>
<msg time="2024-07-23T07:14:32.542790" level="INFO">${response} = &lt;Response [200]&gt;</msg>
<var>${response}</var>
<arg>consultarAPI</arg>
<arg>/api</arg>
<doc>Sends a GET request on a previously created HTTP Session.</doc>
<status status="PASS" start="2024-07-23T07:14:32.508545" elapsed="0.034288"/>
</kw>
<kw name="Set Variable" owner="BuiltIn">
<msg time="2024-07-23T07:14:32.543835" level="INFO">${json_data} = {'results': [{'gender': 'male', 'name': {'title': 'Mr', 'first': 'Blake', 'last': 'Chan'}, 'location': {'street': {'number': 4701, 'name': 'Peel St'}, 'city': 'Sidney', 'state': 'Nova Scotia', 'countr...</msg>
<var>${json_data}</var>
<arg>${response.json()}</arg>
<doc>Returns the given values which can then be assigned to a variables.</doc>
<status status="PASS" start="2024-07-23T07:14:32.543282" elapsed="0.000582"/>
</kw>
<kw name="Log" owner="BuiltIn">
<msg time="2024-07-23T07:14:32.544335" level="INFO">{'results': [{'gender': 'male', 'name': {'title': 'Mr', 'first': 'Blake', 'last': 'Chan'}, 'location': {'street': {'number': 4701, 'name': 'Peel St'}, 'city': 'Sidney', 'state': 'Nova Scotia', 'country': 'Canada', 'postcode': 'B5J 6B3', 'coordinates': {'latitude': '-71.9272', 'longitude': '-121.6866'}, 'timezone': {'offset': '+4:00', 'description': 'Abu Dhabi, Muscat, Baku, Tbilisi'}}, 'email': 'blake.chan@example.com', 'login': {'uuid': '22a7bc77-2f82-4acd-8696-dd99cbdc13a4', 'username': 'organicgorilla847', 'password': 'groovy', 'salt': 'h7GjNV2F', 'md5': '3159b4eb31ab920d2a5303df5b8f85f3', 'sha1': 'ddd17b6b4c4fcd34ad5eaf03a936b7cad2bbd97f', 'sha256': 'eab5ae01bb44a3df7d9a68fc013f8efc964e51d19d04ad1435fd7938f58b1c88'}, 'dob': {'date': '1992-03-06T11:01:04.026Z', 'age': 32}, 'registered': {'date': '2014-02-07T19:49:18.878Z', 'age': 10}, 'phone': 'T78 T01-6238', 'cell': 'A14 Q94-1490', 'id': {'name': 'SIN', 'value': '392259321'}, 'picture': {'large': 'https://randomuser.me/api/portraits/men/61.jpg', 'medium': 'https://randomuser.me/api/portraits/med/men/61.jpg', 'thumbnail': 'https://randomuser.me/api/portraits/thumb/men/61.jpg'}, 'nat': 'CA'}], 'info': {'seed': '53c02c358656916d', 'results': 1, 'page': 1, 'version': '1.4'}}</msg>
<arg>${json_data}</arg>
<doc>Logs the given message with the given level.</doc>
<status status="PASS" start="2024-07-23T07:14:32.544175" elapsed="0.000211"/>
</kw>
<kw name="Dictionary Should Contain Key" owner="Collections">
<arg>${json_data}</arg>
<arg>results</arg>
<doc>Fails if ``key`` is not found from ``dictionary``.</doc>
<status status="PASS" start="2024-07-23T07:14:32.544712" elapsed="0.000177"/>
</kw>
<kw name="Should Not Be Empty" owner="BuiltIn">
<msg time="2024-07-23T07:14:32.545208" level="INFO">Length is 2.</msg>
<arg>${json_data}</arg>
<doc>Verifies that the given item is not empty.</doc>
<status status="PASS" start="2024-07-23T07:14:32.545081" elapsed="0.000172"/>
</kw>
<kw name="Create List" owner="BuiltIn">
<msg time="2024-07-23T07:14:32.545700" level="INFO">${expected_keys} = ['gender', 'name', 'location', 'email', 'login']</msg>
<var>${expected_keys}</var>
<arg>gender</arg>
<arg>name</arg>
<arg>location</arg>
<arg>email</arg>
<arg>login</arg>
<doc>Returns a list containing given items.</doc>
<status status="PASS" start="2024-07-23T07:14:32.545547" elapsed="0.000178"/>
</kw>
<for flavor="IN">
<iter>
<kw name="Dictionary Should Contain Key" owner="Collections">
<arg>${json_data['results'][0]}</arg>
<arg>${key}</arg>
<doc>Fails if ``key`` is not found from ``dictionary``.</doc>
<status status="PASS" start="2024-07-23T07:14:32.546283" elapsed="0.000408"/>
</kw>
<kw name="Log" owner="BuiltIn">
<msg time="2024-07-23T07:14:32.547242" level="INFO">{'gender': 'male', 'name': {'title': 'Mr', 'first': 'Blake', 'last': 'Chan'}, 'location': {'street': {'number': 4701, 'name': 'Peel St'}, 'city': 'Sidney', 'state': 'Nova Scotia', 'country': 'Canada', 'postcode': 'B5J 6B3', 'coordinates': {'latitude': '-71.9272', 'longitude': '-121.6866'}, 'timezone': {'offset': '+4:00', 'description': 'Abu Dhabi, Muscat, Baku, Tbilisi'}}, 'email': 'blake.chan@example.com', 'login': {'uuid': '22a7bc77-2f82-4acd-8696-dd99cbdc13a4', 'username': 'organicgorilla847', 'password': 'groovy', 'salt': 'h7GjNV2F', 'md5': '3159b4eb31ab920d2a5303df5b8f85f3', 'sha1': 'ddd17b6b4c4fcd34ad5eaf03a936b7cad2bbd97f', 'sha256': 'eab5ae01bb44a3df7d9a68fc013f8efc964e51d19d04ad1435fd7938f58b1c88'}, 'dob': {'date': '1992-03-06T11:01:04.026Z', 'age': 32}, 'registered': {'date': '2014-02-07T19:49:18.878Z', 'age': 10}, 'phone': 'T78 T01-6238', 'cell': 'A14 Q94-1490', 'id': {'name': 'SIN', 'value': '392259321'}, 'picture': {'large': 'https://randomuser.me/api/portraits/men/61.jpg', 'medium': 'https://randomuser.me/api/portraits/med/men/61.jpg', 'thumbnail': 'https://randomuser.me/api/portraits/thumb/men/61.jpg'}, 'nat': 'CA'}</msg>
<arg>${json_data['results'][0]}</arg>
<doc>Logs the given message with the given level.</doc>
<status status="PASS" start="2024-07-23T07:14:32.546886" elapsed="0.000416"/>
</kw>
<kw name="Log" owner="BuiltIn">
<msg time="2024-07-23T07:14:32.547730" level="INFO">gender</msg>
<arg>${key}</arg>
<doc>Logs the given message with the given level.</doc>
<status status="PASS" start="2024-07-23T07:14:32.547601" elapsed="0.000168"/>
</kw>
<var name="${key}">gender</var>
<status status="PASS" start="2024-07-23T07:14:32.546156" elapsed="0.001838"/>
</iter>
<iter>
<kw name="Dictionary Should Contain Key" owner="Collections">
<arg>${json_data['results'][0]}</arg>
<arg>${key}</arg>
<doc>Fails if ``key`` is not found from ``dictionary``.</doc>
<status status="PASS" start="2024-07-23T07:14:32.548291" elapsed="0.000427"/>
</kw>
<kw name="Log" owner="BuiltIn">
<msg time="2024-07-23T07:14:32.549282" level="INFO">{'gender': 'male', 'name': {'title': 'Mr', 'first': 'Blake', 'last': 'Chan'}, 'location': {'street': {'number': 4701, 'name': 'Peel St'}, 'city': 'Sidney', 'state': 'Nova Scotia', 'country': 'Canada', 'postcode': 'B5J 6B3', 'coordinates': {'latitude': '-71.9272', 'longitude': '-121.6866'}, 'timezone': {'offset': '+4:00', 'description': 'Abu Dhabi, Muscat, Baku, Tbilisi'}}, 'email': 'blake.chan@example.com', 'login': {'uuid': '22a7bc77-2f82-4acd-8696-dd99cbdc13a4', 'username': 'organicgorilla847', 'password': 'groovy', 'salt': 'h7GjNV2F', 'md5': '3159b4eb31ab920d2a5303df5b8f85f3', 'sha1': 'ddd17b6b4c4fcd34ad5eaf03a936b7cad2bbd97f', 'sha256': 'eab5ae01bb44a3df7d9a68fc013f8efc964e51d19d04ad1435fd7938f58b1c88'}, 'dob': {'date': '1992-03-06T11:01:04.026Z', 'age': 32}, 'registered': {'date': '2014-02-07T19:49:18.878Z', 'age': 10}, 'phone': 'T78 T01-6238', 'cell': 'A14 Q94-1490', 'id': {'name': 'SIN', 'value': '392259321'}, 'picture': {'large': 'https://randomuser.me/api/portraits/men/61.jpg', 'medium': 'https://randomuser.me/api/portraits/med/men/61.jpg', 'thumbnail': 'https://randomuser.me/api/portraits/thumb/men/61.jpg'}, 'nat': 'CA'}</msg>
<arg>${json_data['results'][0]}</arg>
<doc>Logs the given message with the given level.</doc>
<status status="PASS" start="2024-07-23T07:14:32.548918" elapsed="0.000448"/>
</kw>
<kw name="Log" owner="BuiltIn">
<msg time="2024-07-23T07:14:32.549798" level="INFO">name</msg>
<arg>${key}</arg>
<doc>Logs the given message with the given level.</doc>
<status status="PASS" start="2024-07-23T07:14:32.549669" elapsed="0.000169"/>
</kw>
<var name="${key}">name</var>
<status status="PASS" start="2024-07-23T07:14:32.548178" elapsed="0.001878"/>
</iter>
<iter>
<kw name="Dictionary Should Contain Key" owner="Collections">
<arg>${json_data['results'][0]}</arg>
<arg>${key}</arg>
<doc>Fails if ``key`` is not found from ``dictionary``.</doc>
<status status="PASS" start="2024-07-23T07:14:32.550343" elapsed="0.000391"/>
</kw>
<kw name="Log" owner="BuiltIn">
<msg time="2024-07-23T07:14:32.551276" level="INFO">{'gender': 'male', 'name': {'title': 'Mr', 'first': 'Blake', 'last': 'Chan'}, 'location': {'street': {'number': 4701, 'name': 'Peel St'}, 'city': 'Sidney', 'state': 'Nova Scotia', 'country': 'Canada', 'postcode': 'B5J 6B3', 'coordinates': {'latitude': '-71.9272', 'longitude': '-121.6866'}, 'timezone': {'offset': '+4:00', 'description': 'Abu Dhabi, Muscat, Baku, Tbilisi'}}, 'email': 'blake.chan@example.com', 'login': {'uuid': '22a7bc77-2f82-4acd-8696-dd99cbdc13a4', 'username': 'organicgorilla847', 'password': 'groovy', 'salt': 'h7GjNV2F', 'md5': '3159b4eb31ab920d2a5303df5b8f85f3', 'sha1': 'ddd17b6b4c4fcd34ad5eaf03a936b7cad2bbd97f', 'sha256': 'eab5ae01bb44a3df7d9a68fc013f8efc964e51d19d04ad1435fd7938f58b1c88'}, 'dob': {'date': '1992-03-06T11:01:04.026Z', 'age': 32}, 'registered': {'date': '2014-02-07T19:49:18.878Z', 'age': 10}, 'phone': 'T78 T01-6238', 'cell': 'A14 Q94-1490', 'id': {'name': 'SIN', 'value': '392259321'}, 'picture': {'large': 'https://randomuser.me/api/portraits/men/61.jpg', 'medium': 'https://randomuser.me/api/portraits/med/men/61.jpg', 'thumbnail': 'https://randomuser.me/api/portraits/thumb/men/61.jpg'}, 'nat': 'CA'}</msg>
<arg>${json_data['results'][0]}</arg>
<doc>Logs the given message with the given level.</doc>
<status status="PASS" start="2024-07-23T07:14:32.550926" elapsed="0.000401"/>
</kw>
<kw name="Log" owner="BuiltIn">
<msg time="2024-07-23T07:14:32.551752" level="INFO">location</msg>
<arg>${key}</arg>
<doc>Logs the given message with the given level.</doc>
<status status="PASS" start="2024-07-23T07:14:32.551625" elapsed="0.000166"/>
</kw>
<var name="${key}">location</var>
<status status="PASS" start="2024-07-23T07:14:32.550234" elapsed="0.001779"/>
</iter>
<iter>
<kw name="Dictionary Should Contain Key" owner="Collections">
<arg>${json_data['results'][0]}</arg>
<arg>${key}</arg>
<doc>Fails if ``key`` is not found from ``dictionary``.</doc>
<status status="PASS" start="2024-07-23T07:14:32.552295" elapsed="0.000416"/>
</kw>
<kw name="Log" owner="BuiltIn">
<msg time="2024-07-23T07:14:32.553387" level="INFO">{'gender': 'male', 'name': {'title': 'Mr', 'first': 'Blake', 'last': 'Chan'}, 'location': {'street': {'number': 4701, 'name': 'Peel St'}, 'city': 'Sidney', 'state': 'Nova Scotia', 'country': 'Canada', 'postcode': 'B5J 6B3', 'coordinates': {'latitude': '-71.9272', 'longitude': '-121.6866'}, 'timezone': {'offset': '+4:00', 'description': 'Abu Dhabi, Muscat, Baku, Tbilisi'}}, 'email': 'blake.chan@example.com', 'login': {'uuid': '22a7bc77-2f82-4acd-8696-dd99cbdc13a4', 'username': 'organicgorilla847', 'password': 'groovy', 'salt': 'h7GjNV2F', 'md5': '3159b4eb31ab920d2a5303df5b8f85f3', 'sha1': 'ddd17b6b4c4fcd34ad5eaf03a936b7cad2bbd97f', 'sha256': 'eab5ae01bb44a3df7d9a68fc013f8efc964e51d19d04ad1435fd7938f58b1c88'}, 'dob': {'date': '1992-03-06T11:01:04.026Z', 'age': 32}, 'registered': {'date': '2014-02-07T19:49:18.878Z', 'age': 10}, 'phone': 'T78 T01-6238', 'cell': 'A14 Q94-1490', 'id': {'name': 'SIN', 'value': '392259321'}, 'picture': {'large': 'https://randomuser.me/api/portraits/men/61.jpg', 'medium': 'https://randomuser.me/api/portraits/med/men/61.jpg', 'thumbnail': 'https://randomuser.me/api/portraits/thumb/men/61.jpg'}, 'nat': 'CA'}</msg>
<arg>${json_data['results'][0]}</arg>
<doc>Logs the given message with the given level.</doc>
<status status="PASS" start="2024-07-23T07:14:32.553027" elapsed="0.000411"/>
</kw>
<kw name="Log" owner="BuiltIn">
<msg time="2024-07-23T07:14:32.553869" level="INFO">email</msg>
<arg>${key}</arg>
<doc>Logs the given message with the given level.</doc>
<status status="PASS" start="2024-07-23T07:14:32.553739" elapsed="0.000168"/>
</kw>
<var name="${key}">email</var>
<status status="PASS" start="2024-07-23T07:14:32.552187" elapsed="0.001934"/>
</iter>
<iter>
<kw name="Dictionary Should Contain Key" owner="Collections">
<arg>${json_data['results'][0]}</arg>
<arg>${key}</arg>
<doc>Fails if ``key`` is not found from ``dictionary``.</doc>
<status status="PASS" start="2024-07-23T07:14:32.554405" elapsed="0.000383"/>
</kw>
<kw name="Log" owner="BuiltIn">
<msg time="2024-07-23T07:14:32.555330" level="INFO">{'gender': 'male', 'name': {'title': 'Mr', 'first': 'Blake', 'last': 'Chan'}, 'location': {'street': {'number': 4701, 'name': 'Peel St'}, 'city': 'Sidney', 'state': 'Nova Scotia', 'country': 'Canada', 'postcode': 'B5J 6B3', 'coordinates': {'latitude': '-71.9272', 'longitude': '-121.6866'}, 'timezone': {'offset': '+4:00', 'description': 'Abu Dhabi, Muscat, Baku, Tbilisi'}}, 'email': 'blake.chan@example.com', 'login': {'uuid': '22a7bc77-2f82-4acd-8696-dd99cbdc13a4', 'username': 'organicgorilla847', 'password': 'groovy', 'salt': 'h7GjNV2F', 'md5': '3159b4eb31ab920d2a5303df5b8f85f3', 'sha1': 'ddd17b6b4c4fcd34ad5eaf03a936b7cad2bbd97f', 'sha256': 'eab5ae01bb44a3df7d9a68fc013f8efc964e51d19d04ad1435fd7938f58b1c88'}, 'dob': {'date': '1992-03-06T11:01:04.026Z', 'age': 32}, 'registered': {'date': '2014-02-07T19:49:18.878Z', 'age': 10}, 'phone': 'T78 T01-6238', 'cell': 'A14 Q94-1490', 'id': {'name': 'SIN', 'value': '392259321'}, 'picture': {'large': 'https://randomuser.me/api/portraits/men/61.jpg', 'medium': 'https://randomuser.me/api/portraits/med/men/61.jpg', 'thumbnail': 'https://randomuser.me/api/portraits/thumb/men/61.jpg'}, 'nat': 'CA'}</msg>
<arg>${json_data['results'][0]}</arg>
<doc>Logs the given message with the given level.</doc>
<status status="PASS" start="2024-07-23T07:14:32.554974" elapsed="0.000405"/>
</kw>
<kw name="Log" owner="BuiltIn">
<msg time="2024-07-23T07:14:32.555800" level="INFO">login</msg>
<arg>${key}</arg>
<doc>Logs the given message with the given level.</doc>
<status status="PASS" start="2024-07-23T07:14:32.555673" elapsed="0.000164"/>
</kw>
<var name="${key}">login</var>
<status status="PASS" start="2024-07-23T07:14:32.554296" elapsed="0.001755"/>
</iter>
<var>${key}</var>
<value>@{expected_keys}</value>
<status status="PASS" start="2024-07-23T07:14:32.545981" elapsed="0.010190"/>
</for>
<kw name="Create List" owner="BuiltIn">
<msg time="2024-07-23T07:14:32.556491" level="INFO">${expected_keysTwo} = ['username', 'password']</msg>
<var>${expected_keysTwo}</var>
<arg>username</arg>
<arg>password</arg>
<doc>Returns a list containing given items.</doc>
<status status="PASS" start="2024-07-23T07:14:32.556357" elapsed="0.000158"/>
</kw>
<for flavor="IN">
<iter>
<kw name="Dictionary Should Contain Key" owner="Collections">
<arg>${json_data['results'][0]['login']}</arg>
<arg>${keyTwo}</arg>
<doc>Fails if ``key`` is not found from ``dictionary``.</doc>
<status status="PASS" start="2024-07-23T07:14:32.557074" elapsed="0.000386"/>
</kw>
<kw name="Dictionary Should Contain Key" owner="Collections">
<arg>${json_data['results'][0]['login']}</arg>
<arg>${keyTwo}</arg>
<doc>Fails if ``key`` is not found from ``dictionary``.</doc>
<status status="PASS" start="2024-07-23T07:14:32.557644" elapsed="0.000386"/>
</kw>
<kw name="Log" owner="BuiltIn">
<msg time="2024-07-23T07:14:32.558332" level="INFO">username</msg>
<arg>${keyTwo}</arg>
<doc>Logs the given message with the given level.</doc>
<status status="PASS" start="2024-07-23T07:14:32.558211" elapsed="0.000159"/>
</kw>
<var name="${keyTwo}">username</var>
<status status="PASS" start="2024-07-23T07:14:32.556965" elapsed="0.001627"/>
</iter>
<iter>
<kw name="Dictionary Should Contain Key" owner="Collections">
<arg>${json_data['results'][0]['login']}</arg>
<arg>${keyTwo}</arg>
<doc>Fails if ``key`` is not found from ``dictionary``.</doc>
<status status="PASS" start="2024-07-23T07:14:32.558881" elapsed="0.000381"/>
</kw>
<kw name="Dictionary Should Contain Key" owner="Collections">
<arg>${json_data['results'][0]['login']}</arg>
<arg>${keyTwo}</arg>
<doc>Fails if ``key`` is not found from ``dictionary``.</doc>
<status status="PASS" start="2024-07-23T07:14:32.559442" elapsed="0.000376"/>
</kw>
<kw name="Log" owner="BuiltIn">
<msg time="2024-07-23T07:14:32.560124" level="INFO">password</msg>
<arg>${keyTwo}</arg>
<doc>Logs the given message with the given level.</doc>
<status status="PASS" start="2024-07-23T07:14:32.559998" elapsed="0.000164"/>
</kw>
<var name="${keyTwo}">password</var>
<status status="PASS" start="2024-07-23T07:14:32.558765" elapsed="0.001618"/>
</iter>
<var>${keyTwo}</var>
<value>@{expected_keysTwo}</value>
<status status="PASS" start="2024-07-23T07:14:32.556808" elapsed="0.003698"/>
</for>
<status status="PASS" start="2024-07-23T07:14:32.508310" elapsed="0.052335"/>
</kw>
<doc>Testa a estrutura da resposta da API.</doc>
<tag>testeEstruturaResposta</tag>
<status status="PASS" start="2024-07-23T07:14:32.507746" elapsed="0.053082"/>
</test>
<test id="s1-s1-t4" name="Validar tipos de dados" line="28">
<kw name="Teste de Tipos de Dados" owner="random-user-service">
<kw name="GET On Session" owner="RequestsLibrary">
<msg time="2024-07-23T07:14:32.657078" level="INFO">GET Request : url=https://randomuser.me/api 
 path_url=/api 
 headers={'User-Agent': 'python-requests/2.32.3', 'Accept-Encoding': 'gzip, deflate', 'Accept': '*/*', 'Connection': 'keep-alive'} 
 body=None 
 </msg>
<msg time="2024-07-23T07:14:32.657156" level="INFO">GET Response : url=https://randomuser.me/api 
 status=200, reason=OK 
 headers={'Date': 'Tue, 23 Jul 2024 07:14:32 GMT', 'Content-Type': 'application/json; charset=utf-8', 'Transfer-Encoding': 'chunked', 'Connection': 'keep-alive', 'X-Powered-By': 'Express', 'Access-Control-Allow-Origin': '*', 'Cache-Control': 'no-cache', 'ETag': 'W/"493-ThM0sdCpkjjjOpGEUEJlL9kiANE"', 'Vary': 'Accept-Encoding', 'Content-Encoding': 'gzip', 'CF-Cache-Status': 'DYNAMIC', 'Report-To': '{"endpoints":[{"url":"https:\\/\\/a.nel.cloudflare.com\\/report\\/v4?s=SMwqvTQA8%2FKm70Q4DzG%2BSCSv%2FIpwAs2u2w66erSbbJpp1tuu1BY2lo6PiboAdJ6JwAj4%2B9OtWbg5jPZC8JWa60PmyNJJMUhWuRVvXKpD2f6al8mFiqWMjlVz0Vcqwb7c"}],"group":"cf-nel","max_age":604800}', 'NEL': '{"success_fraction":0,"report_to":"cf-nel","max_age":604800}', 'Server': 'cloudflare', 'CF-RAY': '8a79dfc98ef4177b-IAD', 'alt-svc': 'h3=":443"; ma=86400'} 
 body={"results":[{"gender":"male","name":{"title":"Mr","first":"Ceyhun","last":"Kavaklıoğlu"},"location":{"street":{"number":5190,"name":"Kushimoto Sk"},"city":"Van","state":"Kastamonu","country":"Turkey","postcode":56775,"coordinates":{"latitude":"65.2606","longitude":"-84.7763"},"timezone":{"offset":"-5:00","description":"Eastern Time (US &amp; Canada), Bogota, Lima"}},"email":"ceyhun.kavaklioglu@example.com","login":{"uuid":"27383c78-6ca8-434d-ab09-457f8d831969","username":"beautifullion354","password":"pyramid","salt":"yWOGos1A","md5":"0b7eb76e43fd1c40b6aa500afd09e699","sha1":"5757b9af6c9707de2f3c715affd3f98ca288feef","sha256":"8f5936eddafa6f16870b4d512d230e83c1856548654a233ae5f509ef37ce1747"},"dob":{"date":"1963-02-19T12:07:51.331Z","age":61},"registered":{"date":"2011-10-22T16:26:00.249Z","age":12},"phone":"(585)-116-3502","cell":"(360)-143-6942","id":{"name":"","value":null},"picture":{"large":"https://randomuser.me/api/portraits/men/97.jpg","medium":"https://randomuser.me/api/portraits/med/men/97.jpg","thumbnail":"https://randomuser.me/api/portraits/thumb/men/97.jpg"},"nat":"TR"}],"info":{"seed":"5c9a147928d833d0","results":1,"page":1,"version":"1.4"}} 
 </msg>
<msg time="2024-07-23T07:14:32.657233" level="INFO">/opt/hostedtoolcache/Python/3.12.4/x64/lib/python3.12/site-packages/urllib3/connectionpool.py:1099: InsecureRequestWarning: Unverified HTTPS request is being made to host 'randomuser.me'. Adding certificate verification is strongly advised. See: https://urllib3.readthedocs.io/en/latest/advanced-usage.html#tls-warnings
  warnings.warn(</msg>
<msg time="2024-07-23T07:14:32.657349" level="INFO">${response} = &lt;Response [200]&gt;</msg>
<var>${response}</var>
<arg>consultarAPI</arg>
<arg>/api</arg>
<doc>Sends a GET request on a previously created HTTP Session.</doc>
<status status="PASS" start="2024-07-23T07:14:32.563304" elapsed="0.094103"/>
</kw>
<kw name="Set Variable" owner="BuiltIn">
<msg time="2024-07-23T07:14:32.658494" level="INFO">${json_data} = {'results': [{'gender': 'male', 'name': {'title': 'Mr', 'first': 'Ceyhun', 'last': 'Kavaklıoğlu'}, 'location': {'street': {'number': 5190, 'name': 'Kushimoto Sk'}, 'city': 'Van', 'state': 'Kastamonu',...</msg>
<var>${json_data}</var>
<arg>${response.json()}</arg>
<doc>Returns the given values which can then be assigned to a variables.</doc>
<status status="PASS" start="2024-07-23T07:14:32.657922" elapsed="0.000603"/>
</kw>
<kw name="Log" owner="BuiltIn">
<msg time="2024-07-23T07:14:32.658990" level="INFO">{'results': [{'gender': 'male', 'name': {'title': 'Mr', 'first': 'Ceyhun', 'last': 'Kavaklıoğlu'}, 'location': {'street': {'number': 5190, 'name': 'Kushimoto Sk'}, 'city': 'Van', 'state': 'Kastamonu', 'country': 'Turkey', 'postcode': 56775, 'coordinates': {'latitude': '65.2606', 'longitude': '-84.7763'}, 'timezone': {'offset': '-5:00', 'description': 'Eastern Time (US &amp; Canada), Bogota, Lima'}}, 'email': 'ceyhun.kavaklioglu@example.com', 'login': {'uuid': '27383c78-6ca8-434d-ab09-457f8d831969', 'username': 'beautifullion354', 'password': 'pyramid', 'salt': 'yWOGos1A', 'md5': '0b7eb76e43fd1c40b6aa500afd09e699', 'sha1': '5757b9af6c9707de2f3c715affd3f98ca288feef', 'sha256': '8f5936eddafa6f16870b4d512d230e83c1856548654a233ae5f509ef37ce1747'}, 'dob': {'date': '1963-02-19T12:07:51.331Z', 'age': 61}, 'registered': {'date': '2011-10-22T16:26:00.249Z', 'age': 12}, 'phone': '(585)-116-3502', 'cell': '(360)-143-6942', 'id': {'name': '', 'value': None}, 'picture': {'large': 'https://randomuser.me/api/portraits/men/97.jpg', 'medium': 'https://randomuser.me/api/portraits/med/men/97.jpg', 'thumbnail': 'https://randomuser.me/api/portraits/thumb/men/97.jpg'}, 'nat': 'TR'}], 'info': {'seed': '5c9a147928d833d0', 'results': 1, 'page': 1, 'version': '1.4'}}</msg>
<arg>${json_data}</arg>
<doc>Logs the given message with the given level.</doc>
<status status="PASS" start="2024-07-23T07:14:32.658833" elapsed="0.000211"/>
</kw>
<kw name="Should Be String" owner="String">
<arg>${json_data['results'][0]['gender']}</arg>
<doc>Fails if the given ``item`` is not a string.</doc>
<status status="PASS" start="2024-07-23T07:14:32.659342" elapsed="0.000364"/>
</kw>
<kw name="Should Match Regexp" owner="BuiltIn">
<arg>${json_data['results'][0]['email']}</arg>
<arg>^[a-zA-Z0-9._%+-]+@[a-zA-Z0-9.-]+\.[a-zA-Z]{2,}$</arg>
<doc>Fails if ``string`` does not match ``pattern`` as a regular expression.</doc>
<status status="PASS" start="2024-07-23T07:14:32.659896" elapsed="0.000505"/>
</kw>
<kw name="Should Match Regexp" owner="BuiltIn">
<arg>${json_data['results'][0]['dob']['date']}</arg>
<arg>\\d{4}-\\d{2}-\\d{2}T\\d{2}:\\d{2}:\\d{2}\\.\\d{3}Z</arg>
<doc>Fails if ``string`` does not match ``pattern`` as a regular expression.</doc>
<status status="PASS" start="2024-07-23T07:14:32.660630" elapsed="0.000639"/>
</kw>
<kw name="Should Match Regexp" owner="BuiltIn">
<arg>${json_data['results'][0]['registered']['date']}</arg>
<arg>\\d{4}-\\d{2}-\\d{2}T\\d{2}:\\d{2}:\\d{2}\\.\\d{3}Z</arg>
<doc>Fails if ``string`` does not match ``pattern`` as a regular expression.</doc>
<status status="PASS" start="2024-07-23T07:14:32.661475" elapsed="0.000371"/>
</kw>
<kw name="Should Match Regexp" owner="BuiltIn">
<arg>${json_data['results'][0]['picture']['large']}</arg>
<arg>^https?://.*\.(?:png|jpe?g|gif|bmp)$</arg>
<doc>Fails if ``string`` does not match ``pattern`` as a regular expression.</doc>
<status status="PASS" start="2024-07-23T07:14:32.662032" elapsed="0.000456"/>
</kw>
<kw name="Should Match Regexp" owner="BuiltIn">
<arg>${json_data['results'][0]['picture']['medium']}</arg>
<arg>^https?://.*\.(?:png|jpe?g|gif|bmp)$</arg>
<doc>Fails if ``string`` does not match ``pattern`` as a regular expression.</doc>
<status status="PASS" start="2024-07-23T07:14:32.662677" elapsed="0.000354"/>
</kw>
<kw name="Should Match Regexp" owner="BuiltIn">
<arg>${json_data['results'][0]['picture']['thumbnail']}</arg>
<arg>^https?://.*\.(?:png|jpe?g|gif|bmp)$</arg>
<doc>Fails if ``string`` does not match ``pattern`` as a regular expression.</doc>
<status status="PASS" start="2024-07-23T07:14:32.663218" elapsed="0.000389"/>
</kw>
<kw name="Log" owner="BuiltIn">
<msg time="2024-07-23T07:14:32.664119" level="INFO">{'large': 'https://randomuser.me/api/portraits/men/97.jpg', 'medium': 'https://randomuser.me/api/portraits/med/men/97.jpg', 'thumbnail': 'https://randomuser.me/api/portraits/thumb/men/97.jpg'}</msg>
<arg>${json_data['results'][0]['picture']}</arg>
<doc>Logs the given message with the given level.</doc>
<status status="PASS" start="2024-07-23T07:14:32.663792" elapsed="0.000370"/>
</kw>
<status status="PASS" start="2024-07-23T07:14:32.563085" elapsed="0.101337"/>
</kw>
<kw name="Teste de Tipos de Dados - Postcode" owner="random-user-service">
<kw name="GET On Session" owner="RequestsLibrary">
<msg time="2024-07-23T07:14:32.756940" level="INFO">GET Request : url=https://randomuser.me/api 
 path_url=/api 
 headers={'User-Agent': 'python-requests/2.32.3', 'Accept-Encoding': 'gzip, deflate', 'Accept': '*/*', 'Connection': 'keep-alive'} 
 body=None 
 </msg>
<msg time="2024-07-23T07:14:32.757006" level="INFO">GET Response : url=https://randomuser.me/api 
 status=200, reason=OK 
 headers={'Date': 'Tue, 23 Jul 2024 07:14:32 GMT', 'Content-Type': 'application/json; charset=utf-8', 'Transfer-Encoding': 'chunked', 'Connection': 'keep-alive', 'X-Powered-By': 'Express', 'Access-Control-Allow-Origin': '*', 'Cache-Control': 'no-cache', 'ETag': 'W/"492-mGhb7FYMk3gYw4YuJrEU3+qyRho"', 'Vary': 'Accept-Encoding', 'Content-Encoding': 'gzip', 'CF-Cache-Status': 'DYNAMIC', 'Report-To': '{"endpoints":[{"url":"https:\\/\\/a.nel.cloudflare.com\\/report\\/v4?s=c7bkis7xEBcn8w2UMpBjes2XfDSqP113lug1L4xB3lOLA433NgPczv3Ws%2FDWkY%2BOOnmyJQzG71uYlVIJ9F1At42lYXTRwF4rAe4Co8mJU7imU2jV0bdLtbry6jCRghtt"}],"group":"cf-nel","max_age":604800}', 'NEL': '{"success_fraction":0,"report_to":"cf-nel","max_age":604800}', 'Server': 'cloudflare', 'CF-RAY': '8a79dfca2f6d177b-IAD', 'alt-svc': 'h3=":443"; ma=86400'} 
 body={"results":[{"gender":"male","name":{"title":"Mr","first":"Marc","last":"Delgado"},"location":{"street":{"number":761,"name":"Calle Nebrija"},"city":"Albacete","state":"Castilla la Mancha","country":"Spain","postcode":15388,"coordinates":{"latitude":"-32.6126","longitude":"-21.9954"},"timezone":{"offset":"+3:00","description":"Baghdad, Riyadh, Moscow, St. Petersburg"}},"email":"marc.delgado@example.com","login":{"uuid":"b381e040-6e19-4795-afc8-439aeb296dac","username":"smalllion343","password":"willie","salt":"y4eLBLxy","md5":"9f2d4119a2c5d674bd2ba36aec091a0a","sha1":"503e31c77d79d18e259f9cc23d2d260fd25c647f","sha256":"be92f79986223daadf4a251ac446c90aa260edd5d42da82e44eb34587c16703b"},"dob":{"date":"1957-05-15T13:27:23.772Z","age":67},"registered":{"date":"2014-06-20T20:22:46.380Z","age":10},"phone":"996-164-867","cell":"662-541-489","id":{"name":"DNI","value":"73644428-H"},"picture":{"large":"https://randomuser.me/api/portraits/men/63.jpg","medium":"https://randomuser.me/api/portraits/med/men/63.jpg","thumbnail":"https://randomuser.me/api/portraits/thumb/men/63.jpg"},"nat":"ES"}],"info":{"seed":"d4c794f771f2a272","results":1,"page":1,"version":"1.4"}} 
 </msg>
<msg time="2024-07-23T07:14:32.757059" level="INFO">/opt/hostedtoolcache/Python/3.12.4/x64/lib/python3.12/site-packages/urllib3/connectionpool.py:1099: InsecureRequestWarning: Unverified HTTPS request is being made to host 'randomuser.me'. Adding certificate verification is strongly advised. See: https://urllib3.readthedocs.io/en/latest/advanced-usage.html#tls-warnings
  warnings.warn(</msg>
<msg time="2024-07-23T07:14:32.757140" level="INFO">${response} = &lt;Response [200]&gt;</msg>
<var>${response}</var>
<arg>consultarAPI</arg>
<arg>/api</arg>
<doc>Sends a GET request on a previously created HTTP Session.</doc>
<status status="PASS" start="2024-07-23T07:14:32.664882" elapsed="0.092297"/>
</kw>
<kw name="Set Variable" owner="BuiltIn">
<msg time="2024-07-23T07:14:32.758178" level="INFO">${json_data} = {'results': [{'gender': 'male', 'name': {'title': 'Mr', 'first': 'Marc', 'last': 'Delgado'}, 'location': {'street': {'number': 761, 'name': 'Calle Nebrija'}, 'city': 'Albacete', 'state': 'Castilla la ...</msg>
<var>${json_data}</var>
<arg>${response.json()}</arg>
<doc>Returns the given values which can then be assigned to a variables.</doc>
<status status="PASS" start="2024-07-23T07:14:32.757624" elapsed="0.000582"/>
</kw>
<kw name="Log" owner="BuiltIn">
<msg time="2024-07-23T07:14:32.758664" level="INFO">{'results': [{'gender': 'male', 'name': {'title': 'Mr', 'first': 'Marc', 'last': 'Delgado'}, 'location': {'street': {'number': 761, 'name': 'Calle Nebrija'}, 'city': 'Albacete', 'state': 'Castilla la Mancha', 'country': 'Spain', 'postcode': 15388, 'coordinates': {'latitude': '-32.6126', 'longitude': '-21.9954'}, 'timezone': {'offset': '+3:00', 'description': 'Baghdad, Riyadh, Moscow, St. Petersburg'}}, 'email': 'marc.delgado@example.com', 'login': {'uuid': 'b381e040-6e19-4795-afc8-439aeb296dac', 'username': 'smalllion343', 'password': 'willie', 'salt': 'y4eLBLxy', 'md5': '9f2d4119a2c5d674bd2ba36aec091a0a', 'sha1': '503e31c77d79d18e259f9cc23d2d260fd25c647f', 'sha256': 'be92f79986223daadf4a251ac446c90aa260edd5d42da82e44eb34587c16703b'}, 'dob': {'date': '1957-05-15T13:27:23.772Z', 'age': 67}, 'registered': {'date': '2014-06-20T20:22:46.380Z', 'age': 10}, 'phone': '996-164-867', 'cell': '662-541-489', 'id': {'name': 'DNI', 'value': '73644428-H'}, 'picture': {'large': 'https://randomuser.me/api/portraits/men/63.jpg', 'medium': 'https://randomuser.me/api/portraits/med/men/63.jpg', 'thumbnail': 'https://randomuser.me/api/portraits/thumb/men/63.jpg'}, 'nat': 'ES'}], 'info': {'seed': 'd4c794f771f2a272', 'results': 1, 'page': 1, 'version': '1.4'}}</msg>
<arg>${json_data}</arg>
<doc>Logs the given message with the given level.</doc>
<status status="PASS" start="2024-07-23T07:14:32.758513" elapsed="0.000198"/>
</kw>
<kw name="Should Be Equal As Numbers" owner="BuiltIn">
<arg>${json_data['results'][0]['location']['postcode']}</arg>
<arg>${json_data['results'][0]['location']['postcode']}</arg>
<doc>Fails if objects are unequal after converting them to real numbers.</doc>
<status status="PASS" start="2024-07-23T07:14:32.759001" elapsed="0.000618"/>
</kw>
<kw name="Log" owner="BuiltIn">
<msg time="2024-07-23T07:14:32.760147" level="INFO">15388</msg>
<arg>${json_data['results'][0]['location']['postcode']}</arg>
<doc>Logs the given message with the given level.</doc>
<status status="PASS" start="2024-07-23T07:14:32.759813" elapsed="0.000376"/>
</kw>
<status status="PASS" start="2024-07-23T07:14:32.664630" elapsed="0.095834"/>
</kw>
<doc>Testa se os tipos de dados na resposta da API estão corretos.</doc>
<tag>testeTiposDados</tag>
<status status="PASS" start="2024-07-23T07:14:32.562557" elapsed="0.198075"/>
</test>
<test id="s1-s1-t5" name="Validar conteudo" line="35">
<kw name="Teste de Tipos de Conteudo" owner="random-user-service">
<kw name="GET On Session" owner="RequestsLibrary">
<msg time="2024-07-23T07:14:32.849969" level="INFO">GET Request : url=https://randomuser.me/api 
 path_url=/api 
 headers={'User-Agent': 'python-requests/2.32.3', 'Accept-Encoding': 'gzip, deflate', 'Accept': '*/*', 'Connection': 'keep-alive'} 
 body=None 
 </msg>
<msg time="2024-07-23T07:14:32.850054" level="INFO">GET Response : url=https://randomuser.me/api 
 status=200, reason=OK 
 headers={'Date': 'Tue, 23 Jul 2024 07:14:32 GMT', 'Content-Type': 'application/json; charset=utf-8', 'Transfer-Encoding': 'chunked', 'Connection': 'keep-alive', 'X-Powered-By': 'Express', 'Access-Control-Allow-Origin': '*', 'Cache-Control': 'no-cache', 'ETag': 'W/"489-rS9VLMz9ijflJ6khcIJpwudNnGU"', 'Vary': 'Accept-Encoding', 'Content-Encoding': 'gzip', 'CF-Cache-Status': 'DYNAMIC', 'Report-To': '{"endpoints":[{"url":"https:\\/\\/a.nel.cloudflare.com\\/report\\/v4?s=Aq%2FOYfHeoUUE2ES6sa5kMQF%2FOsGAp2nE7s1DBzQDZITS%2FinYj00eQYnihTvMzwDj1eQQp3cahOY6jXYnG5%2BpBDW13sU7AXadbUBNd2mJQXpfatsuL9NC%2BQYAlTz9Hw6L"}],"group":"cf-nel","max_age":604800}', 'NEL': '{"success_fraction":0,"report_to":"cf-nel","max_age":604800}', 'Server': 'cloudflare', 'CF-RAY': '8a79dfcacfe5177b-IAD', 'alt-svc': 'h3=":443"; ma=86400'} 
 body={"results":[{"gender":"male","name":{"title":"Mr","first":"Virgulino","last":"Porto"},"location":{"street":{"number":1952,"name":"Rua São Luiz "},"city":"Barretos","state":"Santa Catarina","country":"Brazil","postcode":78671,"coordinates":{"latitude":"-76.7103","longitude":"-118.6671"},"timezone":{"offset":"-2:00","description":"Mid-Atlantic"}},"email":"virgulino.porto@example.com","login":{"uuid":"fc63c1ec-f6e1-414e-b33d-ec0787a4c79a","username":"bluesnake911","password":"cbr900rr","salt":"0x5eeq3C","md5":"4905f71657edc186947ef143457455ed","sha1":"ba0907cdab405f2a66e64b49369bf75f6534c1a3","sha256":"e4672a25312fc55b5aa6c01438cf9b685518d3c9b22305b946ac1e4e5d3b7c1d"},"dob":{"date":"1988-05-21T01:41:39.580Z","age":36},"registered":{"date":"2002-04-28T14:23:33.804Z","age":22},"phone":"(54) 6274-6647","cell":"(96) 0421-8865","id":{"name":"CPF","value":"476.417.761-66"},"picture":{"large":"https://randomuser.me/api/portraits/men/43.jpg","medium":"https://randomuser.me/api/portraits/med/men/43.jpg","thumbnail":"https://randomuser.me/api/portraits/thumb/men/43.jpg"},"nat":"BR"}],"info":{"seed":"04e7fa04e2ee7595","results":1,"page":1,"version":"1.4"}} 
 </msg>
<msg time="2024-07-23T07:14:32.850130" level="INFO">/opt/hostedtoolcache/Python/3.12.4/x64/lib/python3.12/site-packages/urllib3/connectionpool.py:1099: InsecureRequestWarning: Unverified HTTPS request is being made to host 'randomuser.me'. Adding certificate verification is strongly advised. See: https://urllib3.readthedocs.io/en/latest/advanced-usage.html#tls-warnings
  warnings.warn(</msg>
<msg time="2024-07-23T07:14:32.850214" level="INFO">${response} = &lt;Response [200]&gt;</msg>
<var>${response}</var>
<arg>consultarAPI</arg>
<arg>/api</arg>
<doc>Sends a GET request on a previously created HTTP Session.</doc>
<status status="PASS" start="2024-07-23T07:14:32.763103" elapsed="0.087150"/>
</kw>
<kw name="Set Variable" owner="BuiltIn">
<msg time="2024-07-23T07:14:32.851252" level="INFO">${json_data} = {'results': [{'gender': 'male', 'name': {'title': 'Mr', 'first': 'Virgulino', 'last': 'Porto'}, 'location': {'street': {'number': 1952, 'name': 'Rua São Luiz '}, 'city': 'Barretos', 'state': 'Santa Ca...</msg>
<var>${json_data}</var>
<arg>${response.json()}</arg>
<doc>Returns the given values which can then be assigned to a variables.</doc>
<status status="PASS" start="2024-07-23T07:14:32.850700" elapsed="0.000582"/>
</kw>
<kw name="Set Variable" owner="BuiltIn">
<msg time="2024-07-23T07:14:32.851977" level="INFO">${name_title} = Mr</msg>
<var>${name_title}</var>
<arg>${json_data["results"][0]["name"]["title"]}</arg>
<doc>Returns the given values which can then be assigned to a variables.</doc>
<status status="PASS" start="2024-07-23T07:14:32.851589" elapsed="0.000414"/>
</kw>
<kw name="Create List" owner="BuiltIn">
<msg time="2024-07-23T07:14:32.852446" level="INFO">${allowed_titles} = ['Mr', 'Ms', 'Miss', 'Mrs', 'Madame', 'Monsieur']</msg>
<var>${allowed_titles}</var>
<arg>Mr</arg>
<arg>Ms</arg>
<arg>Miss</arg>
<arg>Mrs</arg>
<arg>Madame</arg>
<arg>Monsieur</arg>
<doc>Returns a list containing given items.</doc>
<status status="PASS" start="2024-07-23T07:14:32.852297" elapsed="0.000173"/>
</kw>
<kw name="List Should Contain Value" owner="Collections">
<arg>${allowed_titles}</arg>
<arg>${name_title}</arg>
<doc>Fails if the ``value`` is not found from ``list``.</doc>
<status status="PASS" start="2024-07-23T07:14:32.852818" elapsed="0.000178"/>
</kw>
<kw name="Set Variable" owner="BuiltIn">
<msg time="2024-07-23T07:14:32.853557" level="INFO">${name_country} = BR</msg>
<var>${name_country}</var>
<arg>${json_data["results"][0]["nat"]}</arg>
<doc>Returns the given values which can then be assigned to a variables.</doc>
<status status="PASS" start="2024-07-23T07:14:32.853182" elapsed="0.000400"/>
</kw>
<kw name="Create List" owner="BuiltIn">
<msg time="2024-07-23T07:14:32.854468" level="INFO">${list_country} = ['AD', 'AE', 'AF', 'AG', 'AI', 'AL', 'AM', 'AO', 'AQ', 'AR', 'AS', 'AT', 'AU', 'AW', 'AX', 'AZ', 'BA', 'BB', 'BD', 'BE', 'BF', 'BG', 'BH', 'BI', 'BJ', 'BL', 'BM', 'BN', 'BO', 'BQ', 'BR', 'BS', 'BT', '...</msg>
<var>${list_country}</var>
<arg>AD</arg>
<arg>AE</arg>
<arg>AF</arg>
<arg>AG</arg>
<arg>AI</arg>
<arg>AL</arg>
<arg>AM</arg>
<arg>AO</arg>
<arg>AQ</arg>
<arg>AR</arg>
<arg>AS</arg>
<arg>AT</arg>
<arg>AU</arg>
<arg>AW</arg>
<arg>AX</arg>
<arg>AZ</arg>
<arg>BA</arg>
<arg>BB</arg>
<arg>BD</arg>
<arg>BE</arg>
<arg>BF</arg>
<arg>BG</arg>
<arg>BH</arg>
<arg>BI</arg>
<arg>BJ</arg>
<arg>BL</arg>
<arg>BM</arg>
<arg>BN</arg>
<arg>BO</arg>
<arg>BQ</arg>
<arg>BR</arg>
<arg>BS</arg>
<arg>BT</arg>
<arg>BV</arg>
<arg>BW</arg>
<arg>BY</arg>
<arg>BZ</arg>
<arg>CA</arg>
<arg>CC</arg>
<arg>CD</arg>
<arg>CF</arg>
<arg>CG</arg>
<arg>CH</arg>
<arg>CI</arg>
<arg>CK</arg>
<arg>CL</arg>
<arg>CM</arg>
<arg>CN</arg>
<arg>CO</arg>
<arg>CR</arg>
<arg>CU</arg>
<arg>CV</arg>
<arg>CW</arg>
<arg>CX</arg>
<arg>CY</arg>
<arg>CZ</arg>
<arg>DE</arg>
<arg>DJ</arg>
<arg>DK</arg>
<arg>DM</arg>
<arg>DO</arg>
<arg>DZ</arg>
<arg>EC</arg>
<arg>EE</arg>
<arg>EG</arg>
<arg>EH</arg>
<arg>ER</arg>
<arg>ES</arg>
<arg>ET</arg>
<arg>FI</arg>
<arg>FJ</arg>
<arg>FK</arg>
<arg>FM</arg>
<arg>FO</arg>
<arg>FR</arg>
<arg>GA</arg>
<arg>GB</arg>
<arg>GD</arg>
<arg>GE</arg>
<arg>GF</arg>
<arg>GG</arg>
<arg>GH</arg>
<arg>GI</arg>
<arg>GL</arg>
<arg>GM</arg>
<arg>GN</arg>
<arg>GP</arg>
<arg>GQ</arg>
<arg>GR</arg>
<arg>GS</arg>
<arg>GT</arg>
<arg>GU</arg>
<arg>GW</arg>
<arg>GY</arg>
<arg>HK</arg>
<arg>HM</arg>
<arg>HN</arg>
<arg>HR</arg>
<arg>HT</arg>
<arg>HU</arg>
<arg>ID</arg>
<arg>IE</arg>
<arg>IL</arg>
<arg>IM</arg>
<arg>IN</arg>
<arg>IO</arg>
<arg>IQ</arg>
<arg>IR</arg>
<arg>IS</arg>
<arg>IT</arg>
<arg>JE</arg>
<arg>JM</arg>
<arg>JO</arg>
<arg>JP</arg>
<arg>KE</arg>
<arg>KG</arg>
<arg>KH</arg>
<arg>KI</arg>
<arg>KM</arg>
<arg>KN</arg>
<arg>KP</arg>
<arg>KR</arg>
<arg>KW</arg>
<arg>KY</arg>
<arg>KZ</arg>
<arg>LA</arg>
<arg>LB</arg>
<arg>LC</arg>
<arg>LI</arg>
<arg>LK</arg>
<arg>LR</arg>
<arg>LS</arg>
<arg>LT</arg>
<arg>LU</arg>
<arg>LV</arg>
<arg>LY</arg>
<arg>MA</arg>
<arg>MC</arg>
<arg>MD</arg>
<arg>ME</arg>
<arg>MF</arg>
<arg>MG</arg>
<arg>MH</arg>
<arg>MK</arg>
<arg>ML</arg>
<arg>MM</arg>
<arg>MN</arg>
<arg>MO</arg>
<arg>MP</arg>
<arg>MQ</arg>
<arg>MR</arg>
<arg>MS</arg>
<arg>MT</arg>
<arg>MU</arg>
<arg>MV</arg>
<arg>MW</arg>
<arg>MX</arg>
<arg>MY</arg>
<arg>MZ</arg>
<arg>NA</arg>
<arg>NC</arg>
<arg>NE</arg>
<arg>NF</arg>
<arg>NG</arg>
<arg>NI</arg>
<arg>NL</arg>
<arg>NO</arg>
<arg>NP</arg>
<arg>NR</arg>
<arg>NU</arg>
<arg>NZ</arg>
<arg>OM</arg>
<arg>PA</arg>
<arg>PE</arg>
<arg>PF</arg>
<arg>PG</arg>
<arg>PH</arg>
<arg>PK</arg>
<arg>PL</arg>
<arg>PM</arg>
<arg>PN</arg>
<arg>PR</arg>
<arg>PS</arg>
<arg>PT</arg>
<arg>PW</arg>
<arg>PY</arg>
<arg>QA</arg>
<arg>RE</arg>
<arg>RO</arg>
<arg>RS</arg>
<arg>RU</arg>
<arg>RW</arg>
<arg>SA</arg>
<arg>SB</arg>
<arg>SC</arg>
<arg>SD</arg>
<arg>SE</arg>
<arg>SG</arg>
<arg>SH</arg>
<arg>SI</arg>
<arg>SJ</arg>
<arg>SK</arg>
<arg>SL</arg>
<arg>SM</arg>
<arg>SN</arg>
<arg>SO</arg>
<arg>SR</arg>
<arg>SS</arg>
<arg>ST</arg>
<arg>SV</arg>
<arg>SX</arg>
<arg>SY</arg>
<arg>SZ</arg>
<arg>TC</arg>
<arg>TD</arg>
<arg>TF</arg>
<arg>TG</arg>
<arg>TH</arg>
<arg>TJ</arg>
<arg>TK</arg>
<arg>TL</arg>
<arg>TM</arg>
<arg>TN</arg>
<arg>TO</arg>
<arg>TR</arg>
<arg>TT</arg>
<arg>TV</arg>
<arg>TW</arg>
<arg>TZ</arg>
<arg>UA</arg>
<arg>UG</arg>
<arg>UM</arg>
<arg>US</arg>
<arg>UY</arg>
<arg>UZ</arg>
<arg>VA</arg>
<arg>VC</arg>
<arg>VE</arg>
<arg>VG</arg>
<arg>VI</arg>
<arg>VN</arg>
<arg>VU</arg>
<arg>WF</arg>
<arg>WS</arg>
<arg>XK</arg>
<arg>YE</arg>
<arg>YT</arg>
<arg>ZA</arg>
<arg>ZM</arg>
<arg>ZW</arg>
<doc>Returns a list containing given items.</doc>
<status status="PASS" start="2024-07-23T07:14:32.853876" elapsed="0.000618"/>
</kw>
<kw name="List Should Contain Value" owner="Collections">
<arg>${list_country}</arg>
<arg>${name_country}</arg>
<doc>Fails if the ``value`` is not found from ``list``.</doc>
<status status="PASS" start="2024-07-23T07:14:32.855426" elapsed="0.000208"/>
</kw>
<kw name="Run Keyword If" owner="BuiltIn">
<kw name="Should Be True" owner="BuiltIn">
<arg>${True}</arg>
<doc>Fails if the given condition is not true.</doc>
<status status="PASS" start="2024-07-23T07:14:32.856572" elapsed="0.000169"/>
</kw>
<arg>${json_data["results"][0]["location"]["coordinates"]["latitude"]} &gt;= -90 and ${json_data["results"][0]["location"]["coordinates"]["latitude"]} &lt;= 90</arg>
<arg>Should Be True</arg>
<arg>${True}</arg>
<doc>Runs the given keyword with the given arguments, if ``condition`` is true.</doc>
<status status="PASS" start="2024-07-23T07:14:32.855830" elapsed="0.001038"/>
</kw>
<kw name="Run Keyword If" owner="BuiltIn">
<kw name="Should Be True" owner="BuiltIn">
<arg>${True}</arg>
<doc>Fails if the given condition is not true.</doc>
<status status="PASS" start="2024-07-23T07:14:32.857746" elapsed="0.000137"/>
</kw>
<arg>${json_data["results"][0]["location"]["coordinates"]["longitude"]} &gt;= -180 and ${json_data["results"][0]["location"]["coordinates"]["longitude"]} &lt;= 180</arg>
<arg>Should Be True</arg>
<arg>${True}</arg>
<doc>Runs the given keyword with the given arguments, if ``condition`` is true.</doc>
<status status="PASS" start="2024-07-23T07:14:32.857053" elapsed="0.000952"/>
</kw>
<status status="PASS" start="2024-07-23T07:14:32.762886" elapsed="0.095244"/>
</kw>
<doc>Testa o conteúdo específico dos campos retornados pela API.</doc>
<tag>testeConteudo</tag>
<status status="PASS" start="2024-07-23T07:14:32.762393" elapsed="0.095878"/>
</test>
<status status="PASS" start="2024-07-23T07:14:31.953882" elapsed="0.906307"/>
</suite>
<status status="PASS" start="2024-07-23T07:14:31.939788" elapsed="0.925404"/>
</suite>
<statistics>
<total>
<stat pass="5" fail="0" skip="0">All Tests</stat>
</total>
<tag>
<stat pass="1" fail="0" skip="0">testeConteudo</stat>
<stat pass="1" fail="0" skip="0">testeEstruturaResposta</stat>
<stat pass="1" fail="0" skip="0">testeRequisicaoBasica</stat>
<stat pass="1" fail="0" skip="0">testeTiposDados</stat>
</tag>
<suite>
<stat pass="5" fail="0" skip="0" id="s1" name="Tests">Tests</stat>
<stat pass="5" fail="0" skip="0" id="s1-s1" name="Random-User-Test">Tests.Random-User-Test</stat>
</suite>
</statistics>
<errors>
</errors>
</robot>
