<?xml version="1.0" encoding="UTF-8"?>
<robot generator="Robot 7.0.1 (Python 3.12.4 on linux)" generated="2024-07-21T19:11:35.142545" rpa="false" schemaversion="5">
<suite id="s1" name="Tests" source="/home/runner/work/ApiRandomUser/ApiRandomUser/RamdonUser/tests">
<suite id="s1-s1" name="Random-User-Test" source="/home/runner/work/ApiRandomUser/ApiRandomUser/RamdonUser/tests/random-user-test.robot">
<test id="s1-s1-t1" name="Conectar" line="13">
<kw name="Conectar API" owner="random-user-service">
<kw name="Create Session" owner="RequestsLibrary">
<msg time="2024-07-21T19:11:35.553998" level="INFO">Creating Session using : alias=consultarAPI, url=https://randomuser.me/, headers={},                     cookies={}, auth=None, timeout=None, proxies=None, verify=False,                     debug=0 </msg>
<arg>consultarAPI</arg>
<arg>${URL}</arg>
<doc>Create Session: create a HTTP session to a server</doc>
<status status="PASS" start="2024-07-21T19:11:35.553797" elapsed="0.000387"/>
</kw>
<status status="PASS" start="2024-07-21T19:11:35.552715" elapsed="0.001827"/>
</kw>
<status status="PASS" start="2024-07-21T19:11:35.552066" elapsed="0.002668"/>
</test>
<test id="s1-s1-t2" name="Validar retorno 200 e JSON Válido" line="16">
<kw name="Teste de Requisicao Basica" owner="random-user-service">
<kw name="GET On Session" owner="RequestsLibrary">
<msg time="2024-07-21T19:11:35.807348" level="INFO">GET Request : url=https://randomuser.me/api 
 path_url=/api 
 headers={'User-Agent': 'python-requests/2.32.3', 'Accept-Encoding': 'gzip, deflate', 'Accept': '*/*', 'Connection': 'keep-alive'} 
 body=None 
 </msg>
<msg time="2024-07-21T19:11:35.807504" level="INFO">GET Response : url=https://randomuser.me/api 
 status=200, reason=OK 
 headers={'Date': 'Sun, 21 Jul 2024 19:11:35 GMT', 'Content-Type': 'application/json; charset=utf-8', 'Transfer-Encoding': 'chunked', 'Connection': 'keep-alive', 'X-Powered-By': 'Express', 'Access-Control-Allow-Origin': '*', 'Cache-Control': 'no-cache', 'ETag': 'W/"465-6NNLJ89vT550+XZKaavxbe04IY8"', 'Vary': 'Accept-Encoding', 'Content-Encoding': 'gzip', 'CF-Cache-Status': 'DYNAMIC', 'Report-To': '{"endpoints":[{"url":"https:\\/\\/a.nel.cloudflare.com\\/report\\/v4?s=2zvwvSX9yP8Cl8m7OomM%2BDiHsFhpHCXEzo8%2BylQ2wH0S2OkBy0ZxsK6JB3ygCrtTfIe6kEilerQYQJCnxKzgvnkEc%2BisRugrTL06R49pjBxcCFNhq%2FwDR5Iw%2FX0XJgYu"}],"group":"cf-nel","max_age":604800}', 'NEL': '{"success_fraction":0,"report_to":"cf-nel","max_age":604800}', 'Server': 'cloudflare', 'CF-RAY': '8a6d7f68782b202a-IAD', 'alt-svc': 'h3=":443"; ma=86400'} 
 body={"results":[{"gender":"male","name":{"title":"Mr","first":"بردیا","last":"حسینی"},"location":{"street":{"number":116,"name":"دماوند"},"city":"ساوه","state":"بوشهر","country":"Iran","postcode":64080,"coordinates":{"latitude":"15.4868","longitude":"-8.1173"},"timezone":{"offset":"+5:45","description":"Kathmandu"}},"email":"brdy.hsyny@example.com","login":{"uuid":"41c04839-f1f8-49db-912f-0d1058a0fc13","username":"blackzebra123","password":"aceace","salt":"0e9HK1Sd","md5":"c8b959cb8faf9cd16cec451d635577ff","sha1":"9321688490b1dd33dbd650fef6071359375f3cf4","sha256":"4f91d504257758b01cb7ff6eab05b2d493c8837908bf810b78471ce4fcdd1ea3"},"dob":{"date":"1993-12-19T07:00:15.154Z","age":30},"registered":{"date":"2003-12-15T19:53:45.696Z","age":20},"phone":"035-60970233","cell":"0902-316-5177","id":{"name":"","value":null},"picture":{"large":"https://randomuser.me/api/portraits/men/2.jpg","medium":"https://randomuser.me/api/portraits/med/men/2.jpg","thumbnail":"https://randomuser.me/api/portraits/thumb/men/2.jpg"},"nat":"IR"}],"info":{"seed":"70cd5b3eb5e5a4a4","results":1,"page":1,"version":"1.4"}} 
 </msg>
<msg time="2024-07-21T19:11:35.807590" level="INFO">/opt/hostedtoolcache/Python/3.12.4/x64/lib/python3.12/site-packages/urllib3/connectionpool.py:1099: InsecureRequestWarning: Unverified HTTPS request is being made to host 'randomuser.me'. Adding certificate verification is strongly advised. See: https://urllib3.readthedocs.io/en/latest/advanced-usage.html#tls-warnings
  warnings.warn(</msg>
<msg time="2024-07-21T19:11:35.807748" level="INFO">${response} = &lt;Response [200]&gt;</msg>
<var>${response}</var>
<arg>consultarAPI</arg>
<arg>/api</arg>
<doc>Sends a GET request on a previously created HTTP Session.</doc>
<status status="PASS" start="2024-07-21T19:11:35.557378" elapsed="0.250417"/>
</kw>
<kw name="Should Be Equal As Numbers" owner="BuiltIn">
<msg time="2024-07-21T19:11:35.808815" level="INFO">Argument types are:
&lt;class 'int'&gt;
&lt;class 'str'&gt;</msg>
<arg>${response.status_code}</arg>
<arg>200</arg>
<doc>Fails if objects are unequal after converting them to real numbers.</doc>
<status status="PASS" start="2024-07-21T19:11:35.808335" elapsed="0.000547"/>
</kw>
<kw name="Log" owner="BuiltIn">
<msg time="2024-07-21T19:11:35.809565" level="INFO">200</msg>
<arg>${response.status_code}</arg>
<doc>Logs the given message with the given level.</doc>
<status status="PASS" start="2024-07-21T19:11:35.809208" elapsed="0.000400"/>
</kw>
<kw name="Set Variable" owner="BuiltIn">
<msg time="2024-07-21T19:11:35.810413" level="INFO">${json_data} = {'results': [{'gender': 'male', 'name': {'title': 'Mr', 'first': 'بردیا', 'last': 'حسینی'}, 'location': {'street': {'number': 116, 'name': 'دماوند'}, 'city': 'ساوه', 'state': 'بوشهر', 'country': 'Iran...</msg>
<var>${json_data}</var>
<arg>${response.json()}</arg>
<doc>Returns the given values which can then be assigned to a variables.</doc>
<status status="PASS" start="2024-07-21T19:11:35.809964" elapsed="0.000480"/>
</kw>
<kw name="Dictionary Should Contain Key" owner="Collections">
<arg>${json_data}</arg>
<arg>results</arg>
<doc>Fails if ``key`` is not found from ``dictionary``.</doc>
<status status="PASS" start="2024-07-21T19:11:35.810758" elapsed="0.000328"/>
</kw>
<status status="PASS" start="2024-07-21T19:11:35.557135" elapsed="0.254107"/>
</kw>
<doc>Testa se a API responde corretamente e retorna um objeto JSON válido.</doc>
<tag>testeRequisicaoBasica</tag>
<status status="PASS" start="2024-07-21T19:11:35.556592" elapsed="0.254827"/>
</test>
<test id="s1-s1-t3" name="Validar estrutura de resposta" line="22">
<kw name="Teste de Estrutura de Resposta" owner="random-user-service">
<kw name="GET On Session" owner="RequestsLibrary">
<msg time="2024-07-21T19:11:35.915941" level="INFO">GET Request : url=https://randomuser.me/api 
 path_url=/api 
 headers={'User-Agent': 'python-requests/2.32.3', 'Accept-Encoding': 'gzip, deflate', 'Accept': '*/*', 'Connection': 'keep-alive'} 
 body=None 
 </msg>
<msg time="2024-07-21T19:11:35.916056" level="INFO">GET Response : url=https://randomuser.me/api 
 status=200, reason=OK 
 headers={'Date': 'Sun, 21 Jul 2024 19:11:35 GMT', 'Content-Type': 'application/json; charset=utf-8', 'Transfer-Encoding': 'chunked', 'Connection': 'keep-alive', 'X-Powered-By': 'Express', 'Access-Control-Allow-Origin': '*', 'Cache-Control': 'no-cache', 'ETag': 'W/"475-s39KziCv3SIzGmL4dAWsAx+1cZc"', 'Vary': 'Accept-Encoding', 'Content-Encoding': 'gzip', 'CF-Cache-Status': 'DYNAMIC', 'Report-To': '{"endpoints":[{"url":"https:\\/\\/a.nel.cloudflare.com\\/report\\/v4?s=MUXk2dDxDs5tPOFefsxEVQGjfAA1MplbIYFirom%2Bu7ZZrl%2BDq3rnlu1uX36IGUg2QjdXFxoMw12mxXe%2BboL6rDVQOZC8c3EGD%2B%2FoMmabVhkFJ11HIVlXTfQZtozgO1fU"}],"group":"cf-nel","max_age":604800}', 'NEL': '{"success_fraction":0,"report_to":"cf-nel","max_age":604800}', 'Server': 'cloudflare', 'CF-RAY': '8a6d7f68e8cd202a-IAD', 'alt-svc': 'h3=":443"; ma=86400'} 
 body={"results":[{"gender":"male","name":{"title":"Mr","first":"Tom","last":"Lane"},"location":{"street":{"number":7678,"name":"W 6th St"},"city":"Coffs Harbour","state":"South Australia","country":"Australia","postcode":4531,"coordinates":{"latitude":"-84.7873","longitude":"-44.3705"},"timezone":{"offset":"+9:30","description":"Adelaide, Darwin"}},"email":"tom.lane@example.com","login":{"uuid":"e8ecd491-cea3-425e-8903-989f04fd216c","username":"angryduck610","password":"misfit","salt":"X3Moju6p","md5":"88c76bc6d97a74d575306a19023ede51","sha1":"50510d4fac864612015f4e046a32c4b1bdba5b31","sha256":"732db2908f453f30b1aae47d688a5a095f2b47db0b83be3b2d6a52a57c5ab01b"},"dob":{"date":"1976-02-22T23:56:29.736Z","age":48},"registered":{"date":"2014-03-19T13:19:36.408Z","age":10},"phone":"00-2981-0388","cell":"0465-396-549","id":{"name":"TFN","value":"455742417"},"picture":{"large":"https://randomuser.me/api/portraits/men/94.jpg","medium":"https://randomuser.me/api/portraits/med/men/94.jpg","thumbnail":"https://randomuser.me/api/portraits/thumb/men/94.jpg"},"nat":"AU"}],"info":{"seed":"309cbbf739c885b3","results":1,"page":1,"version":"1.4"}} 
 </msg>
<msg time="2024-07-21T19:11:35.916202" level="INFO">/opt/hostedtoolcache/Python/3.12.4/x64/lib/python3.12/site-packages/urllib3/connectionpool.py:1099: InsecureRequestWarning: Unverified HTTPS request is being made to host 'randomuser.me'. Adding certificate verification is strongly advised. See: https://urllib3.readthedocs.io/en/latest/advanced-usage.html#tls-warnings
  warnings.warn(</msg>
<msg time="2024-07-21T19:11:35.916370" level="INFO">${response} = &lt;Response [200]&gt;</msg>
<var>${response}</var>
<arg>consultarAPI</arg>
<arg>/api</arg>
<doc>Sends a GET request on a previously created HTTP Session.</doc>
<status status="PASS" start="2024-07-21T19:11:35.814204" elapsed="0.102218"/>
</kw>
<kw name="Set Variable" owner="BuiltIn">
<msg time="2024-07-21T19:11:35.917443" level="INFO">${json_data} = {'results': [{'gender': 'male', 'name': {'title': 'Mr', 'first': 'Tom', 'last': 'Lane'}, 'location': {'street': {'number': 7678, 'name': 'W 6th St'}, 'city': 'Coffs Harbour', 'state': 'South Australia...</msg>
<var>${json_data}</var>
<arg>${response.json()}</arg>
<doc>Returns the given values which can then be assigned to a variables.</doc>
<status status="PASS" start="2024-07-21T19:11:35.916920" elapsed="0.000552"/>
</kw>
<kw name="Log" owner="BuiltIn">
<msg time="2024-07-21T19:11:35.917988" level="INFO">{'results': [{'gender': 'male', 'name': {'title': 'Mr', 'first': 'Tom', 'last': 'Lane'}, 'location': {'street': {'number': 7678, 'name': 'W 6th St'}, 'city': 'Coffs Harbour', 'state': 'South Australia', 'country': 'Australia', 'postcode': 4531, 'coordinates': {'latitude': '-84.7873', 'longitude': '-44.3705'}, 'timezone': {'offset': '+9:30', 'description': 'Adelaide, Darwin'}}, 'email': 'tom.lane@example.com', 'login': {'uuid': 'e8ecd491-cea3-425e-8903-989f04fd216c', 'username': 'angryduck610', 'password': 'misfit', 'salt': 'X3Moju6p', 'md5': '88c76bc6d97a74d575306a19023ede51', 'sha1': '50510d4fac864612015f4e046a32c4b1bdba5b31', 'sha256': '732db2908f453f30b1aae47d688a5a095f2b47db0b83be3b2d6a52a57c5ab01b'}, 'dob': {'date': '1976-02-22T23:56:29.736Z', 'age': 48}, 'registered': {'date': '2014-03-19T13:19:36.408Z', 'age': 10}, 'phone': '00-2981-0388', 'cell': '0465-396-549', 'id': {'name': 'TFN', 'value': '455742417'}, 'picture': {'large': 'https://randomuser.me/api/portraits/men/94.jpg', 'medium': 'https://randomuser.me/api/portraits/med/men/94.jpg', 'thumbnail': 'https://randomuser.me/api/portraits/thumb/men/94.jpg'}, 'nat': 'AU'}], 'info': {'seed': '309cbbf739c885b3', 'results': 1, 'page': 1, 'version': '1.4'}}</msg>
<arg>${json_data}</arg>
<doc>Logs the given message with the given level.</doc>
<status status="PASS" start="2024-07-21T19:11:35.917817" elapsed="0.000219"/>
</kw>
<kw name="Dictionary Should Contain Key" owner="Collections">
<arg>${json_data}</arg>
<arg>results</arg>
<doc>Fails if ``key`` is not found from ``dictionary``.</doc>
<status status="PASS" start="2024-07-21T19:11:35.918327" elapsed="0.000162"/>
</kw>
<kw name="Should Not Be Empty" owner="BuiltIn">
<msg time="2024-07-21T19:11:35.918797" level="INFO">Length is 2.</msg>
<arg>${json_data}</arg>
<doc>Verifies that the given item is not empty.</doc>
<status status="PASS" start="2024-07-21T19:11:35.918668" elapsed="0.000165"/>
</kw>
<kw name="Create List" owner="BuiltIn">
<msg time="2024-07-21T19:11:35.919265" level="INFO">${expected_keys} = ['gender', 'name', 'location', 'email', 'login']</msg>
<var>${expected_keys}</var>
<arg>gender</arg>
<arg>name</arg>
<arg>location</arg>
<arg>email</arg>
<arg>login</arg>
<doc>Returns a list containing given items.</doc>
<status status="PASS" start="2024-07-21T19:11:35.919117" elapsed="0.000171"/>
</kw>
<for flavor="IN">
<iter>
<kw name="Dictionary Should Contain Key" owner="Collections">
<arg>${json_data['results'][0]}</arg>
<arg>${key}</arg>
<doc>Fails if ``key`` is not found from ``dictionary``.</doc>
<status status="PASS" start="2024-07-21T19:11:35.919863" elapsed="0.000402"/>
</kw>
<kw name="Log" owner="BuiltIn">
<msg time="2024-07-21T19:11:35.920809" level="INFO">{'gender': 'male', 'name': {'title': 'Mr', 'first': 'Tom', 'last': 'Lane'}, 'location': {'street': {'number': 7678, 'name': 'W 6th St'}, 'city': 'Coffs Harbour', 'state': 'South Australia', 'country': 'Australia', 'postcode': 4531, 'coordinates': {'latitude': '-84.7873', 'longitude': '-44.3705'}, 'timezone': {'offset': '+9:30', 'description': 'Adelaide, Darwin'}}, 'email': 'tom.lane@example.com', 'login': {'uuid': 'e8ecd491-cea3-425e-8903-989f04fd216c', 'username': 'angryduck610', 'password': 'misfit', 'salt': 'X3Moju6p', 'md5': '88c76bc6d97a74d575306a19023ede51', 'sha1': '50510d4fac864612015f4e046a32c4b1bdba5b31', 'sha256': '732db2908f453f30b1aae47d688a5a095f2b47db0b83be3b2d6a52a57c5ab01b'}, 'dob': {'date': '1976-02-22T23:56:29.736Z', 'age': 48}, 'registered': {'date': '2014-03-19T13:19:36.408Z', 'age': 10}, 'phone': '00-2981-0388', 'cell': '0465-396-549', 'id': {'name': 'TFN', 'value': '455742417'}, 'picture': {'large': 'https://randomuser.me/api/portraits/men/94.jpg', 'medium': 'https://randomuser.me/api/portraits/med/men/94.jpg', 'thumbnail': 'https://randomuser.me/api/portraits/thumb/men/94.jpg'}, 'nat': 'AU'}</msg>
<arg>${json_data['results'][0]}</arg>
<doc>Logs the given message with the given level.</doc>
<status status="PASS" start="2024-07-21T19:11:35.920453" elapsed="0.000405"/>
</kw>
<kw name="Log" owner="BuiltIn">
<msg time="2024-07-21T19:11:35.921285" level="INFO">gender</msg>
<arg>${key}</arg>
<doc>Logs the given message with the given level.</doc>
<status status="PASS" start="2024-07-21T19:11:35.921159" elapsed="0.000164"/>
</kw>
<var name="${key}">gender</var>
<status status="PASS" start="2024-07-21T19:11:35.919739" elapsed="0.001808"/>
</iter>
<iter>
<kw name="Dictionary Should Contain Key" owner="Collections">
<arg>${json_data['results'][0]}</arg>
<arg>${key}</arg>
<doc>Fails if ``key`` is not found from ``dictionary``.</doc>
<status status="PASS" start="2024-07-21T19:11:35.921863" elapsed="0.000384"/>
</kw>
<kw name="Log" owner="BuiltIn">
<msg time="2024-07-21T19:11:35.922783" level="INFO">{'gender': 'male', 'name': {'title': 'Mr', 'first': 'Tom', 'last': 'Lane'}, 'location': {'street': {'number': 7678, 'name': 'W 6th St'}, 'city': 'Coffs Harbour', 'state': 'South Australia', 'country': 'Australia', 'postcode': 4531, 'coordinates': {'latitude': '-84.7873', 'longitude': '-44.3705'}, 'timezone': {'offset': '+9:30', 'description': 'Adelaide, Darwin'}}, 'email': 'tom.lane@example.com', 'login': {'uuid': 'e8ecd491-cea3-425e-8903-989f04fd216c', 'username': 'angryduck610', 'password': 'misfit', 'salt': 'X3Moju6p', 'md5': '88c76bc6d97a74d575306a19023ede51', 'sha1': '50510d4fac864612015f4e046a32c4b1bdba5b31', 'sha256': '732db2908f453f30b1aae47d688a5a095f2b47db0b83be3b2d6a52a57c5ab01b'}, 'dob': {'date': '1976-02-22T23:56:29.736Z', 'age': 48}, 'registered': {'date': '2014-03-19T13:19:36.408Z', 'age': 10}, 'phone': '00-2981-0388', 'cell': '0465-396-549', 'id': {'name': 'TFN', 'value': '455742417'}, 'picture': {'large': 'https://randomuser.me/api/portraits/men/94.jpg', 'medium': 'https://randomuser.me/api/portraits/med/men/94.jpg', 'thumbnail': 'https://randomuser.me/api/portraits/thumb/men/94.jpg'}, 'nat': 'AU'}</msg>
<arg>${json_data['results'][0]}</arg>
<doc>Logs the given message with the given level.</doc>
<status status="PASS" start="2024-07-21T19:11:35.922428" elapsed="0.000435"/>
</kw>
<kw name="Log" owner="BuiltIn">
<msg time="2024-07-21T19:11:35.923287" level="INFO">name</msg>
<arg>${key}</arg>
<doc>Logs the given message with the given level.</doc>
<status status="PASS" start="2024-07-21T19:11:35.923159" elapsed="0.000166"/>
</kw>
<var name="${key}">name</var>
<status status="PASS" start="2024-07-21T19:11:35.921752" elapsed="0.001791"/>
</iter>
<iter>
<kw name="Dictionary Should Contain Key" owner="Collections">
<arg>${json_data['results'][0]}</arg>
<arg>${key}</arg>
<doc>Fails if ``key`` is not found from ``dictionary``.</doc>
<status status="PASS" start="2024-07-21T19:11:35.923825" elapsed="0.000389"/>
</kw>
<kw name="Log" owner="BuiltIn">
<msg time="2024-07-21T19:11:35.924746" level="INFO">{'gender': 'male', 'name': {'title': 'Mr', 'first': 'Tom', 'last': 'Lane'}, 'location': {'street': {'number': 7678, 'name': 'W 6th St'}, 'city': 'Coffs Harbour', 'state': 'South Australia', 'country': 'Australia', 'postcode': 4531, 'coordinates': {'latitude': '-84.7873', 'longitude': '-44.3705'}, 'timezone': {'offset': '+9:30', 'description': 'Adelaide, Darwin'}}, 'email': 'tom.lane@example.com', 'login': {'uuid': 'e8ecd491-cea3-425e-8903-989f04fd216c', 'username': 'angryduck610', 'password': 'misfit', 'salt': 'X3Moju6p', 'md5': '88c76bc6d97a74d575306a19023ede51', 'sha1': '50510d4fac864612015f4e046a32c4b1bdba5b31', 'sha256': '732db2908f453f30b1aae47d688a5a095f2b47db0b83be3b2d6a52a57c5ab01b'}, 'dob': {'date': '1976-02-22T23:56:29.736Z', 'age': 48}, 'registered': {'date': '2014-03-19T13:19:36.408Z', 'age': 10}, 'phone': '00-2981-0388', 'cell': '0465-396-549', 'id': {'name': 'TFN', 'value': '455742417'}, 'picture': {'large': 'https://randomuser.me/api/portraits/men/94.jpg', 'medium': 'https://randomuser.me/api/portraits/med/men/94.jpg', 'thumbnail': 'https://randomuser.me/api/portraits/thumb/men/94.jpg'}, 'nat': 'AU'}</msg>
<arg>${json_data['results'][0]}</arg>
<doc>Logs the given message with the given level.</doc>
<status status="PASS" start="2024-07-21T19:11:35.924399" elapsed="0.000394"/>
</kw>
<kw name="Log" owner="BuiltIn">
<msg time="2024-07-21T19:11:35.925210" level="INFO">location</msg>
<arg>${key}</arg>
<doc>Logs the given message with the given level.</doc>
<status status="PASS" start="2024-07-21T19:11:35.925086" elapsed="0.000160"/>
</kw>
<var name="${key}">location</var>
<status status="PASS" start="2024-07-21T19:11:35.923718" elapsed="0.001744"/>
</iter>
<iter>
<kw name="Dictionary Should Contain Key" owner="Collections">
<arg>${json_data['results'][0]}</arg>
<arg>${key}</arg>
<doc>Fails if ``key`` is not found from ``dictionary``.</doc>
<status status="PASS" start="2024-07-21T19:11:35.925762" elapsed="0.000385"/>
</kw>
<kw name="Log" owner="BuiltIn">
<msg time="2024-07-21T19:11:35.926807" level="INFO">{'gender': 'male', 'name': {'title': 'Mr', 'first': 'Tom', 'last': 'Lane'}, 'location': {'street': {'number': 7678, 'name': 'W 6th St'}, 'city': 'Coffs Harbour', 'state': 'South Australia', 'country': 'Australia', 'postcode': 4531, 'coordinates': {'latitude': '-84.7873', 'longitude': '-44.3705'}, 'timezone': {'offset': '+9:30', 'description': 'Adelaide, Darwin'}}, 'email': 'tom.lane@example.com', 'login': {'uuid': 'e8ecd491-cea3-425e-8903-989f04fd216c', 'username': 'angryduck610', 'password': 'misfit', 'salt': 'X3Moju6p', 'md5': '88c76bc6d97a74d575306a19023ede51', 'sha1': '50510d4fac864612015f4e046a32c4b1bdba5b31', 'sha256': '732db2908f453f30b1aae47d688a5a095f2b47db0b83be3b2d6a52a57c5ab01b'}, 'dob': {'date': '1976-02-22T23:56:29.736Z', 'age': 48}, 'registered': {'date': '2014-03-19T13:19:36.408Z', 'age': 10}, 'phone': '00-2981-0388', 'cell': '0465-396-549', 'id': {'name': 'TFN', 'value': '455742417'}, 'picture': {'large': 'https://randomuser.me/api/portraits/men/94.jpg', 'medium': 'https://randomuser.me/api/portraits/med/men/94.jpg', 'thumbnail': 'https://randomuser.me/api/portraits/thumb/men/94.jpg'}, 'nat': 'AU'}</msg>
<arg>${json_data['results'][0]}</arg>
<doc>Logs the given message with the given level.</doc>
<status status="PASS" start="2024-07-21T19:11:35.926454" elapsed="0.000401"/>
</kw>
<kw name="Log" owner="BuiltIn">
<msg time="2024-07-21T19:11:35.927293" level="INFO">email</msg>
<arg>${key}</arg>
<doc>Logs the given message with the given level.</doc>
<status status="PASS" start="2024-07-21T19:11:35.927159" elapsed="0.000172"/>
</kw>
<var name="${key}">email</var>
<status status="PASS" start="2024-07-21T19:11:35.925633" elapsed="0.001912"/>
</iter>
<iter>
<kw name="Dictionary Should Contain Key" owner="Collections">
<arg>${json_data['results'][0]}</arg>
<arg>${key}</arg>
<doc>Fails if ``key`` is not found from ``dictionary``.</doc>
<status status="PASS" start="2024-07-21T19:11:35.927826" elapsed="0.000376"/>
</kw>
<kw name="Log" owner="BuiltIn">
<msg time="2024-07-21T19:11:35.928725" level="INFO">{'gender': 'male', 'name': {'title': 'Mr', 'first': 'Tom', 'last': 'Lane'}, 'location': {'street': {'number': 7678, 'name': 'W 6th St'}, 'city': 'Coffs Harbour', 'state': 'South Australia', 'country': 'Australia', 'postcode': 4531, 'coordinates': {'latitude': '-84.7873', 'longitude': '-44.3705'}, 'timezone': {'offset': '+9:30', 'description': 'Adelaide, Darwin'}}, 'email': 'tom.lane@example.com', 'login': {'uuid': 'e8ecd491-cea3-425e-8903-989f04fd216c', 'username': 'angryduck610', 'password': 'misfit', 'salt': 'X3Moju6p', 'md5': '88c76bc6d97a74d575306a19023ede51', 'sha1': '50510d4fac864612015f4e046a32c4b1bdba5b31', 'sha256': '732db2908f453f30b1aae47d688a5a095f2b47db0b83be3b2d6a52a57c5ab01b'}, 'dob': {'date': '1976-02-22T23:56:29.736Z', 'age': 48}, 'registered': {'date': '2014-03-19T13:19:36.408Z', 'age': 10}, 'phone': '00-2981-0388', 'cell': '0465-396-549', 'id': {'name': 'TFN', 'value': '455742417'}, 'picture': {'large': 'https://randomuser.me/api/portraits/men/94.jpg', 'medium': 'https://randomuser.me/api/portraits/med/men/94.jpg', 'thumbnail': 'https://randomuser.me/api/portraits/thumb/men/94.jpg'}, 'nat': 'AU'}</msg>
<arg>${json_data['results'][0]}</arg>
<doc>Logs the given message with the given level.</doc>
<status status="PASS" start="2024-07-21T19:11:35.928384" elapsed="0.000389"/>
</kw>
<kw name="Log" owner="BuiltIn">
<msg time="2024-07-21T19:11:35.929193" level="INFO">login</msg>
<arg>${key}</arg>
<doc>Logs the given message with the given level.</doc>
<status status="PASS" start="2024-07-21T19:11:35.929068" elapsed="0.000161"/>
</kw>
<var name="${key}">login</var>
<status status="PASS" start="2024-07-21T19:11:35.927718" elapsed="0.001722"/>
</iter>
<var>${key}</var>
<value>@{expected_keys}</value>
<status status="PASS" start="2024-07-21T19:11:35.919547" elapsed="0.010012"/>
</for>
<kw name="Create List" owner="BuiltIn">
<msg time="2024-07-21T19:11:35.929922" level="INFO">${expected_keysTwo} = ['username', 'password']</msg>
<var>${expected_keysTwo}</var>
<arg>username</arg>
<arg>password</arg>
<doc>Returns a list containing given items.</doc>
<status status="PASS" start="2024-07-21T19:11:35.929783" elapsed="0.000163"/>
</kw>
<for flavor="IN">
<iter>
<kw name="Dictionary Should Contain Key" owner="Collections">
<arg>${json_data['results'][0]['login']}</arg>
<arg>${keyTwo}</arg>
<doc>Fails if ``key`` is not found from ``dictionary``.</doc>
<status status="PASS" start="2024-07-21T19:11:35.930460" elapsed="0.000387"/>
</kw>
<kw name="Dictionary Should Contain Key" owner="Collections">
<arg>${json_data['results'][0]['login']}</arg>
<arg>${keyTwo}</arg>
<doc>Fails if ``key`` is not found from ``dictionary``.</doc>
<status status="PASS" start="2024-07-21T19:11:35.931029" elapsed="0.000367"/>
</kw>
<kw name="Log" owner="BuiltIn">
<msg time="2024-07-21T19:11:35.931692" level="INFO">username</msg>
<arg>${keyTwo}</arg>
<doc>Logs the given message with the given level.</doc>
<status status="PASS" start="2024-07-21T19:11:35.931574" elapsed="0.000155"/>
</kw>
<var name="${keyTwo}">username</var>
<status status="PASS" start="2024-07-21T19:11:35.930353" elapsed="0.001593"/>
</iter>
<iter>
<kw name="Dictionary Should Contain Key" owner="Collections">
<arg>${json_data['results'][0]['login']}</arg>
<arg>${keyTwo}</arg>
<doc>Fails if ``key`` is not found from ``dictionary``.</doc>
<status status="PASS" start="2024-07-21T19:11:35.932225" elapsed="0.000374"/>
</kw>
<kw name="Dictionary Should Contain Key" owner="Collections">
<arg>${json_data['results'][0]['login']}</arg>
<arg>${keyTwo}</arg>
<doc>Fails if ``key`` is not found from ``dictionary``.</doc>
<status status="PASS" start="2024-07-21T19:11:35.932776" elapsed="0.000366"/>
</kw>
<kw name="Log" owner="BuiltIn">
<msg time="2024-07-21T19:11:35.933438" level="INFO">password</msg>
<arg>${keyTwo}</arg>
<doc>Logs the given message with the given level.</doc>
<status status="PASS" start="2024-07-21T19:11:35.933316" elapsed="0.000159"/>
</kw>
<var name="${keyTwo}">password</var>
<status status="PASS" start="2024-07-21T19:11:35.932114" elapsed="0.001598"/>
</iter>
<var>${keyTwo}</var>
<value>@{expected_keysTwo}</value>
<status status="PASS" start="2024-07-21T19:11:35.930203" elapsed="0.003637"/>
</for>
<status status="PASS" start="2024-07-21T19:11:35.813971" elapsed="0.120010"/>
</kw>
<doc>Testa a estrutura da resposta da API.</doc>
<tag>testeEstruturaResposta</tag>
<status status="PASS" start="2024-07-21T19:11:35.813345" elapsed="0.120792"/>
</test>
<test id="s1-s1-t4" name="Validar tipos de dados" line="28">
<kw name="Teste de Tipos de Dados" owner="random-user-service">
<kw name="GET On Session" owner="RequestsLibrary">
<msg time="2024-07-21T19:11:35.996510" level="INFO">GET Request : url=https://randomuser.me/api 
 path_url=/api 
 headers={'User-Agent': 'python-requests/2.32.3', 'Accept-Encoding': 'gzip, deflate', 'Accept': '*/*', 'Connection': 'keep-alive'} 
 body=None 
 </msg>
<msg time="2024-07-21T19:11:35.996615" level="INFO">GET Response : url=https://randomuser.me/api 
 status=200, reason=OK 
 headers={'Date': 'Sun, 21 Jul 2024 19:11:35 GMT', 'Content-Type': 'application/json; charset=utf-8', 'Transfer-Encoding': 'chunked', 'Connection': 'keep-alive', 'X-Powered-By': 'Express', 'Access-Control-Allow-Origin': '*', 'Cache-Control': 'no-cache', 'ETag': 'W/"4ab-QF/e/O6ffc8zw2e/oGm8zFB6MQ0"', 'Vary': 'Accept-Encoding', 'Content-Encoding': 'gzip', 'CF-Cache-Status': 'DYNAMIC', 'Report-To': '{"endpoints":[{"url":"https:\\/\\/a.nel.cloudflare.com\\/report\\/v4?s=RBhL8E2ezIBGGP4MFHJk8xdb6pLj%2B4m%2Be%2BjUzbCbvGNLeuoqmyGQSY8nXYFhWFCtk9BrDKgNYu%2F2syYstTC9be984iaVHJ7F6LkUtL4bWIUwYqQXafLAJwbNgQQ0YD7A"}],"group":"cf-nel","max_age":604800}', 'NEL': '{"success_fraction":0,"report_to":"cf-nel","max_age":604800}', 'Server': 'cloudflare', 'CF-RAY': '8a6d7f69a9c8202a-IAD', 'alt-svc': 'h3=":443"; ma=86400'} 
 body={"results":[{"gender":"male","name":{"title":"Mr","first":"Rogelio","last":"Luevano"},"location":{"street":{"number":8605,"name":"Periférico Coronado"},"city":"San Antonio La Isla","state":"Colima","country":"Mexico","postcode":74239,"coordinates":{"latitude":"26.1814","longitude":"-86.0106"},"timezone":{"offset":"+11:00","description":"Magadan, Solomon Islands, New Caledonia"}},"email":"rogelio.luevano@example.com","login":{"uuid":"d7fdca4b-c5c3-4ed3-a94e-ec6f4a207f9f","username":"crazytiger934","password":"molly","salt":"WuVn4Zpi","md5":"a2b749cdc1d1a968c9df14754e97b63c","sha1":"a6297630b1f0b3202aa71db4a400d4735f5acc26","sha256":"4b0fe9160055cbb47996aefed958c9356c63879b158e2ff1ac0b83f86fc46c59"},"dob":{"date":"1989-06-24T16:34:35.427Z","age":35},"registered":{"date":"2010-10-12T13:47:05.894Z","age":13},"phone":"(626) 104 9593","cell":"(669) 342 8236","id":{"name":"NSS","value":"79 59 63 3627 7"},"picture":{"large":"https://randomuser.me/api/portraits/men/98.jpg","medium":"https://randomuser.me/api/portraits/med/men/98.jpg","thumbnail":"https://randomuser.me/api/portraits/thumb/men/98.jpg"},"nat":"MX"}],"info":{"seed":"84808b7143ff646e","results":1,"page":1,"version":"1.4"}} 
 </msg>
<msg time="2024-07-21T19:11:35.996685" level="INFO">/opt/hostedtoolcache/Python/3.12.4/x64/lib/python3.12/site-packages/urllib3/connectionpool.py:1099: InsecureRequestWarning: Unverified HTTPS request is being made to host 'randomuser.me'. Adding certificate verification is strongly advised. See: https://urllib3.readthedocs.io/en/latest/advanced-usage.html#tls-warnings
  warnings.warn(</msg>
<msg time="2024-07-21T19:11:35.996821" level="INFO">${response} = &lt;Response [200]&gt;</msg>
<var>${response}</var>
<arg>consultarAPI</arg>
<arg>/api</arg>
<doc>Sends a GET request on a previously created HTTP Session.</doc>
<status status="PASS" start="2024-07-21T19:11:35.936569" elapsed="0.060301"/>
</kw>
<kw name="Set Variable" owner="BuiltIn">
<msg time="2024-07-21T19:11:35.997936" level="INFO">${json_data} = {'results': [{'gender': 'male', 'name': {'title': 'Mr', 'first': 'Rogelio', 'last': 'Luevano'}, 'location': {'street': {'number': 8605, 'name': 'Periférico Coronado'}, 'city': 'San Antonio La Isla', '...</msg>
<var>${json_data}</var>
<arg>${response.json()}</arg>
<doc>Returns the given values which can then be assigned to a variables.</doc>
<status status="PASS" start="2024-07-21T19:11:35.997372" elapsed="0.000593"/>
</kw>
<kw name="Log" owner="BuiltIn">
<msg time="2024-07-21T19:11:35.998429" level="INFO">{'results': [{'gender': 'male', 'name': {'title': 'Mr', 'first': 'Rogelio', 'last': 'Luevano'}, 'location': {'street': {'number': 8605, 'name': 'Periférico Coronado'}, 'city': 'San Antonio La Isla', 'state': 'Colima', 'country': 'Mexico', 'postcode': 74239, 'coordinates': {'latitude': '26.1814', 'longitude': '-86.0106'}, 'timezone': {'offset': '+11:00', 'description': 'Magadan, Solomon Islands, New Caledonia'}}, 'email': 'rogelio.luevano@example.com', 'login': {'uuid': 'd7fdca4b-c5c3-4ed3-a94e-ec6f4a207f9f', 'username': 'crazytiger934', 'password': 'molly', 'salt': 'WuVn4Zpi', 'md5': 'a2b749cdc1d1a968c9df14754e97b63c', 'sha1': 'a6297630b1f0b3202aa71db4a400d4735f5acc26', 'sha256': '4b0fe9160055cbb47996aefed958c9356c63879b158e2ff1ac0b83f86fc46c59'}, 'dob': {'date': '1989-06-24T16:34:35.427Z', 'age': 35}, 'registered': {'date': '2010-10-12T13:47:05.894Z', 'age': 13}, 'phone': '(626) 104 9593', 'cell': '(669) 342 8236', 'id': {'name': 'NSS', 'value': '79 59 63 3627 7'}, 'picture': {'large': 'https://randomuser.me/api/portraits/men/98.jpg', 'medium': 'https://randomuser.me/api/portraits/med/men/98.jpg', 'thumbnail': 'https://randomuser.me/api/portraits/thumb/men/98.jpg'}, 'nat': 'MX'}], 'info': {'seed': '84808b7143ff646e', 'results': 1, 'page': 1, 'version': '1.4'}}</msg>
<arg>${json_data}</arg>
<doc>Logs the given message with the given level.</doc>
<status status="PASS" start="2024-07-21T19:11:35.998273" elapsed="0.000205"/>
</kw>
<kw name="Should Be String" owner="String">
<arg>${json_data['results'][0]['gender']}</arg>
<doc>Fails if the given ``item`` is not a string.</doc>
<status status="PASS" start="2024-07-21T19:11:35.998768" elapsed="0.000359"/>
</kw>
<kw name="Should Match Regexp" owner="BuiltIn">
<arg>${json_data['results'][0]['email']}</arg>
<arg>^[a-zA-Z0-9._%+-]+@[a-zA-Z0-9.-]+\.[a-zA-Z]{2,}$</arg>
<doc>Fails if ``string`` does not match ``pattern`` as a regular expression.</doc>
<status status="PASS" start="2024-07-21T19:11:35.999312" elapsed="0.000507"/>
</kw>
<kw name="Should Match Regexp" owner="BuiltIn">
<arg>${json_data['results'][0]['dob']['date']}</arg>
<arg>\\d{4}-\\d{2}-\\d{2}T\\d{2}:\\d{2}:\\d{2}\\.\\d{3}Z</arg>
<doc>Fails if ``string`` does not match ``pattern`` as a regular expression.</doc>
<status status="PASS" start="2024-07-21T19:11:36.000050" elapsed="0.000632"/>
</kw>
<kw name="Should Match Regexp" owner="BuiltIn">
<arg>${json_data['results'][0]['registered']['date']}</arg>
<arg>\\d{4}-\\d{2}-\\d{2}T\\d{2}:\\d{2}:\\d{2}\\.\\d{3}Z</arg>
<doc>Fails if ``string`` does not match ``pattern`` as a regular expression.</doc>
<status status="PASS" start="2024-07-21T19:11:36.000873" elapsed="0.000370"/>
</kw>
<kw name="Should Match Regexp" owner="BuiltIn">
<arg>${json_data['results'][0]['picture']['large']}</arg>
<arg>^https?://.*\.(?:png|jpe?g|gif|bmp)$</arg>
<doc>Fails if ``string`` does not match ``pattern`` as a regular expression.</doc>
<status status="PASS" start="2024-07-21T19:11:36.001424" elapsed="0.000488"/>
</kw>
<kw name="Should Match Regexp" owner="BuiltIn">
<arg>${json_data['results'][0]['picture']['medium']}</arg>
<arg>^https?://.*\.(?:png|jpe?g|gif|bmp)$</arg>
<doc>Fails if ``string`` does not match ``pattern`` as a regular expression.</doc>
<status status="PASS" start="2024-07-21T19:11:36.002100" elapsed="0.000353"/>
</kw>
<kw name="Should Match Regexp" owner="BuiltIn">
<arg>${json_data['results'][0]['picture']['thumbnail']}</arg>
<arg>^https?://.*\.(?:png|jpe?g|gif|bmp)$</arg>
<doc>Fails if ``string`` does not match ``pattern`` as a regular expression.</doc>
<status status="PASS" start="2024-07-21T19:11:36.002635" elapsed="0.000345"/>
</kw>
<kw name="Log" owner="BuiltIn">
<msg time="2024-07-21T19:11:36.003480" level="INFO">{'large': 'https://randomuser.me/api/portraits/men/98.jpg', 'medium': 'https://randomuser.me/api/portraits/med/men/98.jpg', 'thumbnail': 'https://randomuser.me/api/portraits/thumb/men/98.jpg'}</msg>
<arg>${json_data['results'][0]['picture']}</arg>
<doc>Logs the given message with the given level.</doc>
<status status="PASS" start="2024-07-21T19:11:36.003159" elapsed="0.000364"/>
</kw>
<status status="PASS" start="2024-07-21T19:11:35.936349" elapsed="0.067435"/>
</kw>
<kw name="Teste de Tipos de Dados - Postcode" owner="random-user-service">
<kw name="GET On Session" owner="RequestsLibrary">
<msg time="2024-07-21T19:11:36.110749" level="INFO">GET Request : url=https://randomuser.me/api 
 path_url=/api 
 headers={'User-Agent': 'python-requests/2.32.3', 'Accept-Encoding': 'gzip, deflate', 'Accept': '*/*', 'Connection': 'keep-alive'} 
 body=None 
 </msg>
<msg time="2024-07-21T19:11:36.110856" level="INFO">GET Response : url=https://randomuser.me/api 
 status=200, reason=OK 
 headers={'Date': 'Sun, 21 Jul 2024 19:11:36 GMT', 'Content-Type': 'application/json; charset=utf-8', 'Transfer-Encoding': 'chunked', 'Connection': 'keep-alive', 'X-Powered-By': 'Express', 'Access-Control-Allow-Origin': '*', 'Cache-Control': 'no-cache', 'ETag': 'W/"478-esQr4yLBtJNFaZZFafEYEBXCz90"', 'Vary': 'Accept-Encoding', 'Content-Encoding': 'gzip', 'CF-Cache-Status': 'DYNAMIC', 'Report-To': '{"endpoints":[{"url":"https:\\/\\/a.nel.cloudflare.com\\/report\\/v4?s=jOxlW%2BYOBMsn%2Fd3W4ZBYrSyl9GMpmB0CmZs%2F5lQ6nJ0djUqHKzAxAASIvcLvf18NZu2WflVCwrTapNvdggvnFOchI7wuXKo3IPX8xrshdlYPnf2hhrH%2FA3FUiwkJIrL2"}],"group":"cf-nel","max_age":604800}', 'NEL': '{"success_fraction":0,"report_to":"cf-nel","max_age":604800}', 'Server': 'cloudflare', 'CF-RAY': '8a6d7f6a1a44202a-IAD', 'alt-svc': 'h3=":443"; ma=86400'} 
 body={"results":[{"gender":"male","name":{"title":"Mr","first":"Aatu","last":"Saksa"},"location":{"street":{"number":6734,"name":"Hämeenkatu"},"city":"Askola","state":"Ostrobothnia","country":"Finland","postcode":61150,"coordinates":{"latitude":"-27.6141","longitude":"-49.7168"},"timezone":{"offset":"-2:00","description":"Mid-Atlantic"}},"email":"aatu.saksa@example.com","login":{"uuid":"0d6a3089-6e04-4123-a914-68f05fc7916a","username":"beautifulelephant474","password":"magic","salt":"y7bsekoy","md5":"e730ad0c8b74bd49348b151e205de856","sha1":"66b81ffec89119790620782fbcd2ddde58929622","sha256":"cf856b9baf834d7e2021f51f5f8c61aab36ebb6d034a4e8c1ff88883bd6078ab"},"dob":{"date":"1973-06-18T05:40:33.672Z","age":51},"registered":{"date":"2021-03-18T12:20:00.263Z","age":3},"phone":"04-974-504","cell":"046-474-69-17","id":{"name":"HETU","value":"NaNNA829undefined"},"picture":{"large":"https://randomuser.me/api/portraits/men/4.jpg","medium":"https://randomuser.me/api/portraits/med/men/4.jpg","thumbnail":"https://randomuser.me/api/portraits/thumb/men/4.jpg"},"nat":"FI"}],"info":{"seed":"8d93796df35ab2f2","results":1,"page":1,"version":"1.4"}} 
 </msg>
<msg time="2024-07-21T19:11:36.110928" level="INFO">/opt/hostedtoolcache/Python/3.12.4/x64/lib/python3.12/site-packages/urllib3/connectionpool.py:1099: InsecureRequestWarning: Unverified HTTPS request is being made to host 'randomuser.me'. Adding certificate verification is strongly advised. See: https://urllib3.readthedocs.io/en/latest/advanced-usage.html#tls-warnings
  warnings.warn(</msg>
<msg time="2024-07-21T19:11:36.111067" level="INFO">${response} = &lt;Response [200]&gt;</msg>
<var>${response}</var>
<arg>consultarAPI</arg>
<arg>/api</arg>
<doc>Sends a GET request on a previously created HTTP Session.</doc>
<status status="PASS" start="2024-07-21T19:11:36.004237" elapsed="0.106876"/>
</kw>
<kw name="Set Variable" owner="BuiltIn">
<msg time="2024-07-21T19:11:36.112160" level="INFO">${json_data} = {'results': [{'gender': 'male', 'name': {'title': 'Mr', 'first': 'Aatu', 'last': 'Saksa'}, 'location': {'street': {'number': 6734, 'name': 'Hämeenkatu'}, 'city': 'Askola', 'state': 'Ostrobothnia', 'co...</msg>
<var>${json_data}</var>
<arg>${response.json()}</arg>
<doc>Returns the given values which can then be assigned to a variables.</doc>
<status status="PASS" start="2024-07-21T19:11:36.111635" elapsed="0.000554"/>
</kw>
<kw name="Log" owner="BuiltIn">
<msg time="2024-07-21T19:11:36.112657" level="INFO">{'results': [{'gender': 'male', 'name': {'title': 'Mr', 'first': 'Aatu', 'last': 'Saksa'}, 'location': {'street': {'number': 6734, 'name': 'Hämeenkatu'}, 'city': 'Askola', 'state': 'Ostrobothnia', 'country': 'Finland', 'postcode': 61150, 'coordinates': {'latitude': '-27.6141', 'longitude': '-49.7168'}, 'timezone': {'offset': '-2:00', 'description': 'Mid-Atlantic'}}, 'email': 'aatu.saksa@example.com', 'login': {'uuid': '0d6a3089-6e04-4123-a914-68f05fc7916a', 'username': 'beautifulelephant474', 'password': 'magic', 'salt': 'y7bsekoy', 'md5': 'e730ad0c8b74bd49348b151e205de856', 'sha1': '66b81ffec89119790620782fbcd2ddde58929622', 'sha256': 'cf856b9baf834d7e2021f51f5f8c61aab36ebb6d034a4e8c1ff88883bd6078ab'}, 'dob': {'date': '1973-06-18T05:40:33.672Z', 'age': 51}, 'registered': {'date': '2021-03-18T12:20:00.263Z', 'age': 3}, 'phone': '04-974-504', 'cell': '046-474-69-17', 'id': {'name': 'HETU', 'value': 'NaNNA829undefined'}, 'picture': {'large': 'https://randomuser.me/api/portraits/men/4.jpg', 'medium': 'https://randomuser.me/api/portraits/med/men/4.jpg', 'thumbnail': 'https://randomuser.me/api/portraits/thumb/men/4.jpg'}, 'nat': 'FI'}], 'info': {'seed': '8d93796df35ab2f2', 'results': 1, 'page': 1, 'version': '1.4'}}</msg>
<arg>${json_data}</arg>
<doc>Logs the given message with the given level.</doc>
<status status="PASS" start="2024-07-21T19:11:36.112499" elapsed="0.000205"/>
</kw>
<kw name="Should Be Equal As Numbers" owner="BuiltIn">
<arg>${json_data['results'][0]['location']['postcode']}</arg>
<arg>${json_data['results'][0]['location']['postcode']}</arg>
<doc>Fails if objects are unequal after converting them to real numbers.</doc>
<status status="PASS" start="2024-07-21T19:11:36.112994" elapsed="0.000630"/>
</kw>
<kw name="Log" owner="BuiltIn">
<msg time="2024-07-21T19:11:36.114213" level="INFO">61150</msg>
<arg>${json_data['results'][0]['location']['postcode']}</arg>
<doc>Logs the given message with the given level.</doc>
<status status="PASS" start="2024-07-21T19:11:36.113874" elapsed="0.000381"/>
</kw>
<status status="PASS" start="2024-07-21T19:11:36.004007" elapsed="0.110539"/>
</kw>
<doc>Testa se os tipos de dados na resposta da API estão corretos.</doc>
<tag>testeTiposDados</tag>
<status status="PASS" start="2024-07-21T19:11:35.935878" elapsed="0.178839"/>
</test>
<test id="s1-s1-t5" name="Validar conteudo" line="35">
<kw name="Teste de Tipos de Conteudo" owner="random-user-service">
<kw name="GET On Session" owner="RequestsLibrary">
<msg time="2024-07-21T19:11:36.201062" level="INFO">GET Request : url=https://randomuser.me/api 
 path_url=/api 
 headers={'User-Agent': 'python-requests/2.32.3', 'Accept-Encoding': 'gzip, deflate', 'Accept': '*/*', 'Connection': 'keep-alive'} 
 body=None 
 </msg>
<msg time="2024-07-21T19:11:36.201164" level="INFO">GET Response : url=https://randomuser.me/api 
 status=200, reason=OK 
 headers={'Date': 'Sun, 21 Jul 2024 19:11:36 GMT', 'Content-Type': 'application/json; charset=utf-8', 'Transfer-Encoding': 'chunked', 'Connection': 'keep-alive', 'X-Powered-By': 'Express', 'Access-Control-Allow-Origin': '*', 'Cache-Control': 'no-cache', 'ETag': 'W/"491-B4ux2lI2bwmjGaOUaFwzyyfLX5M"', 'Vary': 'Accept-Encoding', 'Content-Encoding': 'gzip', 'CF-Cache-Status': 'DYNAMIC', 'Report-To': '{"endpoints":[{"url":"https:\\/\\/a.nel.cloudflare.com\\/report\\/v4?s=WGvdrYoZ%2FaJwFxlJKj2qnL27M%2B%2FK0dGh9Xvn5pzOH9kK2s3PljqPheNNzx6%2BwKwG0jpzB0mB5xX3TX9bv82Q%2BE1tS6JaSUsGipgobmWuimCRGbLoiMyfjDEKMu%2FRMP5j"}],"group":"cf-nel","max_age":604800}', 'NEL': '{"success_fraction":0,"report_to":"cf-nel","max_age":604800}', 'Server': 'cloudflare', 'CF-RAY': '8a6d7f6adafa202a-IAD', 'alt-svc': 'h3=":443"; ma=86400'} 
 body={"results":[{"gender":"male","name":{"title":"Mr","first":"Sebastian","last":"Poulsen"},"location":{"street":{"number":8347,"name":"Ahornvej"},"city":"Billum","state":"Nordjylland","country":"Denmark","postcode":98048,"coordinates":{"latitude":"-42.8513","longitude":"-117.5400"},"timezone":{"offset":"+11:00","description":"Magadan, Solomon Islands, New Caledonia"}},"email":"sebastian.poulsen@example.com","login":{"uuid":"ddfd02af-206b-483a-8d6a-6f182e7cc430","username":"happyostrich451","password":"stocks","salt":"ldxRFmQH","md5":"57345596286a879d8e12dd98ef6c44f9","sha1":"7dab4e638318b2c39dc44fcc65bd40bc49e3d4a6","sha256":"0ce223655ba021a6a84c0709e398d72a354ebd83f5635b81a77611c40cfe3bdf"},"dob":{"date":"1998-01-03T19:32:07.206Z","age":26},"registered":{"date":"2003-10-31T01:42:16.656Z","age":20},"phone":"19487210","cell":"19639266","id":{"name":"CPR","value":"030198-2978"},"picture":{"large":"https://randomuser.me/api/portraits/men/55.jpg","medium":"https://randomuser.me/api/portraits/med/men/55.jpg","thumbnail":"https://randomuser.me/api/portraits/thumb/men/55.jpg"},"nat":"DK"}],"info":{"seed":"c6d33dea71c1775c","results":1,"page":1,"version":"1.4"}} 
 </msg>
<msg time="2024-07-21T19:11:36.201235" level="INFO">/opt/hostedtoolcache/Python/3.12.4/x64/lib/python3.12/site-packages/urllib3/connectionpool.py:1099: InsecureRequestWarning: Unverified HTTPS request is being made to host 'randomuser.me'. Adding certificate verification is strongly advised. See: https://urllib3.readthedocs.io/en/latest/advanced-usage.html#tls-warnings
  warnings.warn(</msg>
<msg time="2024-07-21T19:11:36.201364" level="INFO">${response} = &lt;Response [200]&gt;</msg>
<var>${response}</var>
<arg>consultarAPI</arg>
<arg>/api</arg>
<doc>Sends a GET request on a previously created HTTP Session.</doc>
<status status="PASS" start="2024-07-21T19:11:36.117235" elapsed="0.084170"/>
</kw>
<kw name="Set Variable" owner="BuiltIn">
<msg time="2024-07-21T19:11:36.202676" level="INFO">${json_data} = {'results': [{'gender': 'male', 'name': {'title': 'Mr', 'first': 'Sebastian', 'last': 'Poulsen'}, 'location': {'street': {'number': 8347, 'name': 'Ahornvej'}, 'city': 'Billum', 'state': 'Nordjylland',...</msg>
<var>${json_data}</var>
<arg>${response.json()}</arg>
<doc>Returns the given values which can then be assigned to a variables.</doc>
<status status="PASS" start="2024-07-21T19:11:36.202084" elapsed="0.000622"/>
</kw>
<kw name="Set Variable" owner="BuiltIn">
<msg time="2024-07-21T19:11:36.203413" level="INFO">${name_title} = Mr</msg>
<var>${name_title}</var>
<arg>${json_data["results"][0]["name"]["title"]}</arg>
<doc>Returns the given values which can then be assigned to a variables.</doc>
<status status="PASS" start="2024-07-21T19:11:36.203030" elapsed="0.000408"/>
</kw>
<kw name="Create List" owner="BuiltIn">
<msg time="2024-07-21T19:11:36.203883" level="INFO">${allowed_titles} = ['Mr', 'Ms', 'Miss', 'Mrs', 'Madame', 'Monsieur']</msg>
<var>${allowed_titles}</var>
<arg>Mr</arg>
<arg>Ms</arg>
<arg>Miss</arg>
<arg>Mrs</arg>
<arg>Madame</arg>
<arg>Monsieur</arg>
<doc>Returns a list containing given items.</doc>
<status status="PASS" start="2024-07-21T19:11:36.203735" elapsed="0.000172"/>
</kw>
<kw name="List Should Contain Value" owner="Collections">
<arg>${allowed_titles}</arg>
<arg>${name_title}</arg>
<doc>Fails if the ``value`` is not found from ``list``.</doc>
<status status="PASS" start="2024-07-21T19:11:36.204202" elapsed="0.000180"/>
</kw>
<kw name="Set Variable" owner="BuiltIn">
<msg time="2024-07-21T19:11:36.204945" level="INFO">${name_country} = DK</msg>
<var>${name_country}</var>
<arg>${json_data["results"][0]["nat"]}</arg>
<doc>Returns the given values which can then be assigned to a variables.</doc>
<status status="PASS" start="2024-07-21T19:11:36.204567" elapsed="0.000403"/>
</kw>
<kw name="Create List" owner="BuiltIn">
<msg time="2024-07-21T19:11:36.206066" level="INFO">${list_country} = ['AD', 'AE', 'AF', 'AG', 'AI', 'AL', 'AM', 'AO', 'AQ', 'AR', 'AS', 'AT', 'AU', 'AW', 'AX', 'AZ', 'BA', 'BB', 'BD', 'BE', 'BF', 'BG', 'BH', 'BI', 'BJ', 'BL', 'BM', 'BN', 'BO', 'BQ', 'BR', 'BS', 'BT', '...</msg>
<var>${list_country}</var>
<arg>AD</arg>
<arg>AE</arg>
<arg>AF</arg>
<arg>AG</arg>
<arg>AI</arg>
<arg>AL</arg>
<arg>AM</arg>
<arg>AO</arg>
<arg>AQ</arg>
<arg>AR</arg>
<arg>AS</arg>
<arg>AT</arg>
<arg>AU</arg>
<arg>AW</arg>
<arg>AX</arg>
<arg>AZ</arg>
<arg>BA</arg>
<arg>BB</arg>
<arg>BD</arg>
<arg>BE</arg>
<arg>BF</arg>
<arg>BG</arg>
<arg>BH</arg>
<arg>BI</arg>
<arg>BJ</arg>
<arg>BL</arg>
<arg>BM</arg>
<arg>BN</arg>
<arg>BO</arg>
<arg>BQ</arg>
<arg>BR</arg>
<arg>BS</arg>
<arg>BT</arg>
<arg>BV</arg>
<arg>BW</arg>
<arg>BY</arg>
<arg>BZ</arg>
<arg>CA</arg>
<arg>CC</arg>
<arg>CD</arg>
<arg>CF</arg>
<arg>CG</arg>
<arg>CH</arg>
<arg>CI</arg>
<arg>CK</arg>
<arg>CL</arg>
<arg>CM</arg>
<arg>CN</arg>
<arg>CO</arg>
<arg>CR</arg>
<arg>CU</arg>
<arg>CV</arg>
<arg>CW</arg>
<arg>CX</arg>
<arg>CY</arg>
<arg>CZ</arg>
<arg>DE</arg>
<arg>DJ</arg>
<arg>DK</arg>
<arg>DM</arg>
<arg>DO</arg>
<arg>DZ</arg>
<arg>EC</arg>
<arg>EE</arg>
<arg>EG</arg>
<arg>EH</arg>
<arg>ER</arg>
<arg>ES</arg>
<arg>ET</arg>
<arg>FI</arg>
<arg>FJ</arg>
<arg>FK</arg>
<arg>FM</arg>
<arg>FO</arg>
<arg>FR</arg>
<arg>GA</arg>
<arg>GB</arg>
<arg>GD</arg>
<arg>GE</arg>
<arg>GF</arg>
<arg>GG</arg>
<arg>GH</arg>
<arg>GI</arg>
<arg>GL</arg>
<arg>GM</arg>
<arg>GN</arg>
<arg>GP</arg>
<arg>GQ</arg>
<arg>GR</arg>
<arg>GS</arg>
<arg>GT</arg>
<arg>GU</arg>
<arg>GW</arg>
<arg>GY</arg>
<arg>HK</arg>
<arg>HM</arg>
<arg>HN</arg>
<arg>HR</arg>
<arg>HT</arg>
<arg>HU</arg>
<arg>ID</arg>
<arg>IE</arg>
<arg>IL</arg>
<arg>IM</arg>
<arg>IN</arg>
<arg>IO</arg>
<arg>IQ</arg>
<arg>IR</arg>
<arg>IS</arg>
<arg>IT</arg>
<arg>JE</arg>
<arg>JM</arg>
<arg>JO</arg>
<arg>JP</arg>
<arg>KE</arg>
<arg>KG</arg>
<arg>KH</arg>
<arg>KI</arg>
<arg>KM</arg>
<arg>KN</arg>
<arg>KP</arg>
<arg>KR</arg>
<arg>KW</arg>
<arg>KY</arg>
<arg>KZ</arg>
<arg>LA</arg>
<arg>LB</arg>
<arg>LC</arg>
<arg>LI</arg>
<arg>LK</arg>
<arg>LR</arg>
<arg>LS</arg>
<arg>LT</arg>
<arg>LU</arg>
<arg>LV</arg>
<arg>LY</arg>
<arg>MA</arg>
<arg>MC</arg>
<arg>MD</arg>
<arg>ME</arg>
<arg>MF</arg>
<arg>MG</arg>
<arg>MH</arg>
<arg>MK</arg>
<arg>ML</arg>
<arg>MM</arg>
<arg>MN</arg>
<arg>MO</arg>
<arg>MP</arg>
<arg>MQ</arg>
<arg>MR</arg>
<arg>MS</arg>
<arg>MT</arg>
<arg>MU</arg>
<arg>MV</arg>
<arg>MW</arg>
<arg>MX</arg>
<arg>MY</arg>
<arg>MZ</arg>
<arg>NA</arg>
<arg>NC</arg>
<arg>NE</arg>
<arg>NF</arg>
<arg>NG</arg>
<arg>NI</arg>
<arg>NL</arg>
<arg>NO</arg>
<arg>NP</arg>
<arg>NR</arg>
<arg>NU</arg>
<arg>NZ</arg>
<arg>OM</arg>
<arg>PA</arg>
<arg>PE</arg>
<arg>PF</arg>
<arg>PG</arg>
<arg>PH</arg>
<arg>PK</arg>
<arg>PL</arg>
<arg>PM</arg>
<arg>PN</arg>
<arg>PR</arg>
<arg>PS</arg>
<arg>PT</arg>
<arg>PW</arg>
<arg>PY</arg>
<arg>QA</arg>
<arg>RE</arg>
<arg>RO</arg>
<arg>RS</arg>
<arg>RU</arg>
<arg>RW</arg>
<arg>SA</arg>
<arg>SB</arg>
<arg>SC</arg>
<arg>SD</arg>
<arg>SE</arg>
<arg>SG</arg>
<arg>SH</arg>
<arg>SI</arg>
<arg>SJ</arg>
<arg>SK</arg>
<arg>SL</arg>
<arg>SM</arg>
<arg>SN</arg>
<arg>SO</arg>
<arg>SR</arg>
<arg>SS</arg>
<arg>ST</arg>
<arg>SV</arg>
<arg>SX</arg>
<arg>SY</arg>
<arg>SZ</arg>
<arg>TC</arg>
<arg>TD</arg>
<arg>TF</arg>
<arg>TG</arg>
<arg>TH</arg>
<arg>TJ</arg>
<arg>TK</arg>
<arg>TL</arg>
<arg>TM</arg>
<arg>TN</arg>
<arg>TO</arg>
<arg>TR</arg>
<arg>TT</arg>
<arg>TV</arg>
<arg>TW</arg>
<arg>TZ</arg>
<arg>UA</arg>
<arg>UG</arg>
<arg>UM</arg>
<arg>US</arg>
<arg>UY</arg>
<arg>UZ</arg>
<arg>VA</arg>
<arg>VC</arg>
<arg>VE</arg>
<arg>VG</arg>
<arg>VI</arg>
<arg>VN</arg>
<arg>VU</arg>
<arg>WF</arg>
<arg>WS</arg>
<arg>XK</arg>
<arg>YE</arg>
<arg>YT</arg>
<arg>ZA</arg>
<arg>ZM</arg>
<arg>ZW</arg>
<doc>Returns a list containing given items.</doc>
<status status="PASS" start="2024-07-21T19:11:36.205257" elapsed="0.000848"/>
</kw>
<kw name="List Should Contain Value" owner="Collections">
<arg>${list_country}</arg>
<arg>${name_country}</arg>
<doc>Fails if the ``value`` is not found from ``list``.</doc>
<status status="PASS" start="2024-07-21T19:11:36.207155" elapsed="0.000213"/>
</kw>
<kw name="Run Keyword If" owner="BuiltIn">
<kw name="Should Be True" owner="BuiltIn">
<arg>${True}</arg>
<doc>Fails if the given condition is not true.</doc>
<status status="PASS" start="2024-07-21T19:11:36.208327" elapsed="0.000142"/>
</kw>
<arg>${json_data["results"][0]["location"]["coordinates"]["latitude"]} &gt;= -90 and ${json_data["results"][0]["location"]["coordinates"]["latitude"]} &lt;= 90</arg>
<arg>Should Be True</arg>
<arg>${True}</arg>
<doc>Runs the given keyword with the given arguments, if ``condition`` is true.</doc>
<status status="PASS" start="2024-07-21T19:11:36.207570" elapsed="0.001024"/>
</kw>
<kw name="Run Keyword If" owner="BuiltIn">
<kw name="Should Be True" owner="BuiltIn">
<arg>${True}</arg>
<doc>Fails if the given condition is not true.</doc>
<status status="PASS" start="2024-07-21T19:11:36.209472" elapsed="0.000135"/>
</kw>
<arg>${json_data["results"][0]["location"]["coordinates"]["longitude"]} &gt;= -180 and ${json_data["results"][0]["location"]["coordinates"]["longitude"]} &lt;= 180</arg>
<arg>Should Be True</arg>
<arg>${True}</arg>
<doc>Runs the given keyword with the given arguments, if ``condition`` is true.</doc>
<status status="PASS" start="2024-07-21T19:11:36.208779" elapsed="0.001003"/>
</kw>
<status status="PASS" start="2024-07-21T19:11:36.117010" elapsed="0.092909"/>
</kw>
<doc>Testa o conteúdo específico dos campos retornados pela API.</doc>
<tag>testeConteudo</tag>
<status status="PASS" start="2024-07-21T19:11:36.116471" elapsed="0.093602"/>
</test>
<status status="PASS" start="2024-07-21T19:11:35.203469" elapsed="1.008622"/>
</suite>
<status status="PASS" start="2024-07-21T19:11:35.188744" elapsed="1.028682"/>
</suite>
<statistics>
<total>
<stat pass="5" fail="0" skip="0">All Tests</stat>
</total>
<tag>
<stat pass="1" fail="0" skip="0">testeConteudo</stat>
<stat pass="1" fail="0" skip="0">testeEstruturaResposta</stat>
<stat pass="1" fail="0" skip="0">testeRequisicaoBasica</stat>
<stat pass="1" fail="0" skip="0">testeTiposDados</stat>
</tag>
<suite>
<stat pass="5" fail="0" skip="0" id="s1" name="Tests">Tests</stat>
<stat pass="5" fail="0" skip="0" id="s1-s1" name="Random-User-Test">Tests.Random-User-Test</stat>
</suite>
</statistics>
<errors>
</errors>
</robot>
