<?xml version="1.0" encoding="UTF-8"?>
<robot generator="Robot 7.0 (Python 3.12.3 on linux)" generated="2024-05-01T06:20:00.897435" rpa="false" schemaversion="5">
<suite id="s1" name="Tests" source="/home/runner/work/DesafioQAItauRogerioJordao/DesafioQAItauRogerioJordao/RamdonUser/tests">
<suite id="s1-s1" name="Random-User-Test" source="/home/runner/work/DesafioQAItauRogerioJordao/DesafioQAItauRogerioJordao/RamdonUser/tests/random-user-test.robot">
<test id="s1-s1-t1" name="Conectar" line="13">
<kw name="Conectar API" owner="random-user-service">
<kw name="Create Session" owner="RequestsLibrary">
<msg time="2024-05-01T06:20:01.256255" level="INFO">Creating Session using : alias=consultarAPI, url=https://randomuser.me/, headers={},                     cookies={}, auth=None, timeout=None, proxies=None, verify=False,                     debug=0 </msg>
<arg>consultarAPI</arg>
<arg>${URL}</arg>
<doc>Create Session: create a HTTP session to a server</doc>
<status status="PASS" start="2024-05-01T06:20:01.256063" elapsed="0.000354"/>
</kw>
<status status="PASS" start="2024-05-01T06:20:01.255158" elapsed="0.001598"/>
</kw>
<status status="PASS" start="2024-05-01T06:20:01.254605" elapsed="0.002354"/>
</test>
<test id="s1-s1-t2" name="Validar retorno 200 e JSON Válido" line="16">
<kw name="Teste de Requisicao Basica" owner="random-user-service">
<kw name="GET On Session" owner="RequestsLibrary">
<msg time="2024-05-01T06:20:01.639723" level="INFO">GET Request : url=https://randomuser.me/api 
 path_url=/api 
 headers={'User-Agent': 'python-requests/2.31.0', 'Accept-Encoding': 'gzip, deflate', 'Accept': '*/*', 'Connection': 'keep-alive'} 
 body=None 
 </msg>
<msg time="2024-05-01T06:20:01.639866" level="INFO">GET Response : url=https://randomuser.me/api 
 status=200, reason=OK 
 headers={'Date': 'Wed, 01 May 2024 06:20:01 GMT', 'Content-Type': 'application/json; charset=utf-8', 'Transfer-Encoding': 'chunked', 'Connection': 'keep-alive', 'X-Powered-By': 'Express', 'Access-Control-Allow-Origin': '*', 'Cache-Control': 'no-cache', 'ETag': 'W/"49c-uqUx7AdL9hyiGojmPk2A+WHu6XU"', 'Vary': 'Accept-Encoding', 'Content-Encoding': 'gzip', 'CF-Cache-Status': 'DYNAMIC', 'Report-To': '{"endpoints":[{"url":"https:\\/\\/a.nel.cloudflare.com\\/report\\/v4?s=b%2BsDziJBsI0iHCRRKXoCpSU9KYy5ihaUu9yPnuPdyXqKol03zzAhcf%2Fywe3dgOkj5N5MAem%2BzT5%2B2N5MqchglDHeNyj6Uv%2BGwgL%2BBmu5GmNJi1TG5rE0KXXAHPbl27tk"}],"group":"cf-nel","max_age":604800}', 'NEL': '{"success_fraction":0,"report_to":"cf-nel","max_age":604800}', 'Server': 'cloudflare', 'CF-RAY': '87cda9ccb88f1ff1-IAD', 'alt-svc': 'h3=":443"; ma=86400'} 
 body={"results":[{"gender":"female","name":{"title":"Madame","first":"Antonietta","last":"Morel"},"location":{"street":{"number":1381,"name":"Rue Victor-Hugo"},"city":"Yvonand","state":"Valais","country":"Switzerland","postcode":4366,"coordinates":{"latitude":"-62.9998","longitude":"83.9233"},"timezone":{"offset":"+6:00","description":"Almaty, Dhaka, Colombo"}},"email":"antonietta.morel@example.com","login":{"uuid":"1bac2ffd-f975-4aa6-8082-6ea7895308d0","username":"blackgorilla922","password":"lister","salt":"LEwQQxaa","md5":"d43c0881df8c64612d770bc8ce78a804","sha1":"68849454e5390f700f32440e14b56de758709d05","sha256":"213b298405e1fc400aa03f70783a37567046f6c8cc3a10373706169dacdf9d91"},"dob":{"date":"1980-09-12T06:44:03.656Z","age":43},"registered":{"date":"2011-01-30T02:10:58.885Z","age":13},"phone":"076 058 08 58","cell":"076 948 84 87","id":{"name":"AVS","value":"756.3290.1057.50"},"picture":{"large":"https://randomuser.me/api/portraits/women/53.jpg","medium":"https://randomuser.me/api/portraits/med/women/53.jpg","thumbnail":"https://randomuser.me/api/portraits/thumb/women/53.jpg"},"nat":"CH"}],"info":{"seed":"3ff7116eba58506b","results":1,"page":1,"version":"1.4"}} 
 </msg>
<msg time="2024-05-01T06:20:01.639944" level="INFO">/opt/hostedtoolcache/Python/3.12.3/x64/lib/python3.12/site-packages/urllib3/connectionpool.py:1103: InsecureRequestWarning: Unverified HTTPS request is being made to host 'randomuser.me'. Adding certificate verification is strongly advised. See: https://urllib3.readthedocs.io/en/latest/advanced-usage.html#tls-warnings
  warnings.warn(</msg>
<msg time="2024-05-01T06:20:01.640091" level="INFO">${response} = &lt;Response [200]&gt;</msg>
<var>${response}</var>
<arg>consultarAPI</arg>
<arg>/api</arg>
<doc>Sends a GET request on a previously created HTTP Session.</doc>
<status status="PASS" start="2024-05-01T06:20:01.259579" elapsed="0.380553"/>
</kw>
<kw name="Should Be Equal As Numbers" owner="BuiltIn">
<msg time="2024-05-01T06:20:01.641064" level="INFO">Argument types are:
&lt;class 'int'&gt;
&lt;class 'str'&gt;</msg>
<arg>${response.status_code}</arg>
<arg>200</arg>
<doc>Fails if objects are unequal after converting them to real numbers.</doc>
<status status="PASS" start="2024-05-01T06:20:01.640621" elapsed="0.000507"/>
</kw>
<kw name="Log" owner="BuiltIn">
<msg time="2024-05-01T06:20:01.641824" level="INFO">200</msg>
<arg>${response.status_code}</arg>
<doc>Logs the given message with the given level.</doc>
<status status="PASS" start="2024-05-01T06:20:01.641476" elapsed="0.000390"/>
</kw>
<kw name="Set Variable" owner="BuiltIn">
<msg time="2024-05-01T06:20:01.642589" level="INFO">${json_data} = {'results': [{'gender': 'female', 'name': {'title': 'Madame', 'first': 'Antonietta', 'last': 'Morel'}, 'location': {'street': {'number': 1381, 'name': 'Rue Victor-Hugo'}, 'city': 'Yvonand', 'state': '...</msg>
<var>${json_data}</var>
<arg>${response.json()}</arg>
<doc>Returns the given values which can then be assigned to a variables.</doc>
<status status="PASS" start="2024-05-01T06:20:01.642164" elapsed="0.000452"/>
</kw>
<kw name="Dictionary Should Contain Key" owner="Collections">
<msg time="2024-05-01T06:20:01.643111" level="INFO">False</msg>
<arg>${json_data}</arg>
<arg>results</arg>
<doc>Fails if ``key`` is not found from ``dictionary``.</doc>
<status status="PASS" start="2024-05-01T06:20:01.642939" elapsed="0.000211"/>
</kw>
<status status="PASS" start="2024-05-01T06:20:01.259338" elapsed="0.384067"/>
</kw>
<doc>Testa se a API responde corretamente e retorna um objeto JSON válido.</doc>
<tag>testeRequisicaoBasica</tag>
<status status="PASS" start="2024-05-01T06:20:01.258870" elapsed="0.384715"/>
</test>
<test id="s1-s1-t3" name="Validar estrutura de resposta" line="22">
<kw name="Teste de Estrutura de Resposta" owner="random-user-service">
<kw name="GET On Session" owner="RequestsLibrary">
<msg time="2024-05-01T06:20:01.847493" level="INFO">GET Request : url=https://randomuser.me/api 
 path_url=/api 
 headers={'User-Agent': 'python-requests/2.31.0', 'Accept-Encoding': 'gzip, deflate', 'Accept': '*/*', 'Connection': 'keep-alive'} 
 body=None 
 </msg>
<msg time="2024-05-01T06:20:01.847584" level="INFO">GET Response : url=https://randomuser.me/api 
 status=200, reason=OK 
 headers={'Date': 'Wed, 01 May 2024 06:20:01 GMT', 'Content-Type': 'application/json; charset=utf-8', 'Transfer-Encoding': 'chunked', 'Connection': 'keep-alive', 'X-Powered-By': 'Express', 'Access-Control-Allow-Origin': '*', 'Cache-Control': 'no-cache', 'ETag': 'W/"496-xIxg21KgMVFlQgQZG2TABHPrDRk"', 'Vary': 'Accept-Encoding', 'Content-Encoding': 'gzip', 'CF-Cache-Status': 'DYNAMIC', 'Report-To': '{"endpoints":[{"url":"https:\\/\\/a.nel.cloudflare.com\\/report\\/v4?s=jYJwUDa9NgRdPrP8p5eExtIWA5zjQ7rWgjVHYRQ6J0UDmFRH8NPuIPLSQ20egBc69II%2FxXluPhJfOXwjfx8N1tAwW%2Bp3Gm4OTf2H%2Fk4h334nioeDZPEPi4tcXMH6rtks"}],"group":"cf-nel","max_age":604800}', 'NEL': '{"success_fraction":0,"report_to":"cf-nel","max_age":604800}', 'Server': 'cloudflare', 'CF-RAY': '87cda9ce49bf1ff1-IAD', 'alt-svc': 'h3=":443"; ma=86400'} 
 body={"results":[{"gender":"male","name":{"title":"Mr","first":"Lloyd","last":"Carroll"},"location":{"street":{"number":735,"name":"Elgin St"},"city":"Coffs Harbour","state":"Western Australia","country":"Australia","postcode":8357,"coordinates":{"latitude":"-87.3755","longitude":"-39.1808"},"timezone":{"offset":"+3:00","description":"Baghdad, Riyadh, Moscow, St. Petersburg"}},"email":"lloyd.carroll@example.com","login":{"uuid":"a28144e0-005f-41c1-a133-3fdb2d8fca47","username":"brownduck273","password":"annie1","salt":"bbu0eVex","md5":"c1d71d9bd86e0e79f3ecdef67063a067","sha1":"7adb83f71ca3ae3663e6c564177509ff1f84155d","sha256":"98b54f769711b4f2e3439a5b07929fd84dc7666c9d3b28cd94b3692ccf4ed198"},"dob":{"date":"1998-12-03T03:32:15.067Z","age":25},"registered":{"date":"2019-04-15T01:42:22.866Z","age":5},"phone":"01-8598-6342","cell":"0403-611-212","id":{"name":"TFN","value":"141979033"},"picture":{"large":"https://randomuser.me/api/portraits/men/71.jpg","medium":"https://randomuser.me/api/portraits/med/men/71.jpg","thumbnail":"https://randomuser.me/api/portraits/thumb/men/71.jpg"},"nat":"AU"}],"info":{"seed":"5e763c1dc48eccf5","results":1,"page":1,"version":"1.4"}} 
 </msg>
<msg time="2024-05-01T06:20:01.847691" level="INFO">/opt/hostedtoolcache/Python/3.12.3/x64/lib/python3.12/site-packages/urllib3/connectionpool.py:1103: InsecureRequestWarning: Unverified HTTPS request is being made to host 'randomuser.me'. Adding certificate verification is strongly advised. See: https://urllib3.readthedocs.io/en/latest/advanced-usage.html#tls-warnings
  warnings.warn(</msg>
<msg time="2024-05-01T06:20:01.847790" level="INFO">${response} = &lt;Response [200]&gt;</msg>
<var>${response}</var>
<arg>consultarAPI</arg>
<arg>/api</arg>
<doc>Sends a GET request on a previously created HTTP Session.</doc>
<status status="PASS" start="2024-05-01T06:20:01.646235" elapsed="0.201595"/>
</kw>
<kw name="Set Variable" owner="BuiltIn">
<msg time="2024-05-01T06:20:01.848849" level="INFO">${json_data} = {'results': [{'gender': 'male', 'name': {'title': 'Mr', 'first': 'Lloyd', 'last': 'Carroll'}, 'location': {'street': {'number': 735, 'name': 'Elgin St'}, 'city': 'Coffs Harbour', 'state': 'Western Aus...</msg>
<var>${json_data}</var>
<arg>${response.json()}</arg>
<doc>Returns the given values which can then be assigned to a variables.</doc>
<status status="PASS" start="2024-05-01T06:20:01.848297" elapsed="0.000579"/>
</kw>
<kw name="Log" owner="BuiltIn">
<msg time="2024-05-01T06:20:01.849329" level="INFO">{'results': [{'gender': 'male', 'name': {'title': 'Mr', 'first': 'Lloyd', 'last': 'Carroll'}, 'location': {'street': {'number': 735, 'name': 'Elgin St'}, 'city': 'Coffs Harbour', 'state': 'Western Australia', 'country': 'Australia', 'postcode': 8357, 'coordinates': {'latitude': '-87.3755', 'longitude': '-39.1808'}, 'timezone': {'offset': '+3:00', 'description': 'Baghdad, Riyadh, Moscow, St. Petersburg'}}, 'email': 'lloyd.carroll@example.com', 'login': {'uuid': 'a28144e0-005f-41c1-a133-3fdb2d8fca47', 'username': 'brownduck273', 'password': 'annie1', 'salt': 'bbu0eVex', 'md5': 'c1d71d9bd86e0e79f3ecdef67063a067', 'sha1': '7adb83f71ca3ae3663e6c564177509ff1f84155d', 'sha256': '98b54f769711b4f2e3439a5b07929fd84dc7666c9d3b28cd94b3692ccf4ed198'}, 'dob': {'date': '1998-12-03T03:32:15.067Z', 'age': 25}, 'registered': {'date': '2019-04-15T01:42:22.866Z', 'age': 5}, 'phone': '01-8598-6342', 'cell': '0403-611-212', 'id': {'name': 'TFN', 'value': '141979033'}, 'picture': {'large': 'https://randomuser.me/api/portraits/men/71.jpg', 'medium': 'https://randomuser.me/api/portraits/med/men/71.jpg', 'thumbnail': 'https://randomuser.me/api/portraits/thumb/men/71.jpg'}, 'nat': 'AU'}], 'info': {'seed': '5e763c1dc48eccf5', 'results': 1, 'page': 1, 'version': '1.4'}}</msg>
<arg>${json_data}</arg>
<doc>Logs the given message with the given level.</doc>
<status status="PASS" start="2024-05-01T06:20:01.849176" elapsed="0.000201"/>
</kw>
<kw name="Dictionary Should Contain Key" owner="Collections">
<msg time="2024-05-01T06:20:01.849825" level="INFO">False</msg>
<arg>${json_data}</arg>
<arg>results</arg>
<doc>Fails if ``key`` is not found from ``dictionary``.</doc>
<status status="PASS" start="2024-05-01T06:20:01.849671" elapsed="0.000190"/>
</kw>
<kw name="Should Not Be Empty" owner="BuiltIn">
<msg time="2024-05-01T06:20:01.850273" level="INFO">Length is 2.</msg>
<arg>${json_data}</arg>
<doc>Verifies that the given item is not empty.</doc>
<status status="PASS" start="2024-05-01T06:20:01.850147" elapsed="0.000299"/>
</kw>
<kw name="Create List" owner="BuiltIn">
<msg time="2024-05-01T06:20:01.850947" level="INFO">${expected_keys} = ['gender', 'name', 'location', 'email', 'login']</msg>
<var>${expected_keys}</var>
<arg>gender</arg>
<arg>name</arg>
<arg>location</arg>
<arg>email</arg>
<arg>login</arg>
<doc>Returns a list containing given items.</doc>
<status status="PASS" start="2024-05-01T06:20:01.850734" elapsed="0.000236"/>
</kw>
<for flavor="IN">
<iter>
<kw name="Dictionary Should Contain Key" owner="Collections">
<msg time="2024-05-01T06:20:01.851948" level="INFO">False</msg>
<arg>${json_data['results'][0]}</arg>
<arg>${key}</arg>
<doc>Fails if ``key`` is not found from ``dictionary``.</doc>
<status status="PASS" start="2024-05-01T06:20:01.851548" elapsed="0.000438"/>
</kw>
<kw name="Log" owner="BuiltIn">
<msg time="2024-05-01T06:20:01.852639" level="INFO">{'gender': 'male', 'name': {'title': 'Mr', 'first': 'Lloyd', 'last': 'Carroll'}, 'location': {'street': {'number': 735, 'name': 'Elgin St'}, 'city': 'Coffs Harbour', 'state': 'Western Australia', 'country': 'Australia', 'postcode': 8357, 'coordinates': {'latitude': '-87.3755', 'longitude': '-39.1808'}, 'timezone': {'offset': '+3:00', 'description': 'Baghdad, Riyadh, Moscow, St. Petersburg'}}, 'email': 'lloyd.carroll@example.com', 'login': {'uuid': 'a28144e0-005f-41c1-a133-3fdb2d8fca47', 'username': 'brownduck273', 'password': 'annie1', 'salt': 'bbu0eVex', 'md5': 'c1d71d9bd86e0e79f3ecdef67063a067', 'sha1': '7adb83f71ca3ae3663e6c564177509ff1f84155d', 'sha256': '98b54f769711b4f2e3439a5b07929fd84dc7666c9d3b28cd94b3692ccf4ed198'}, 'dob': {'date': '1998-12-03T03:32:15.067Z', 'age': 25}, 'registered': {'date': '2019-04-15T01:42:22.866Z', 'age': 5}, 'phone': '01-8598-6342', 'cell': '0403-611-212', 'id': {'name': 'TFN', 'value': '141979033'}, 'picture': {'large': 'https://randomuser.me/api/portraits/men/71.jpg', 'medium': 'https://randomuser.me/api/portraits/med/men/71.jpg', 'thumbnail': 'https://randomuser.me/api/portraits/thumb/men/71.jpg'}, 'nat': 'AU'}</msg>
<arg>${json_data['results'][0]}</arg>
<doc>Logs the given message with the given level.</doc>
<status status="PASS" start="2024-05-01T06:20:01.852276" elapsed="0.000410"/>
</kw>
<kw name="Log" owner="BuiltIn">
<msg time="2024-05-01T06:20:01.853104" level="INFO">gender</msg>
<arg>${key}</arg>
<doc>Logs the given message with the given level.</doc>
<status status="PASS" start="2024-05-01T06:20:01.852979" elapsed="0.000161"/>
</kw>
<var name="${key}">gender</var>
<status status="PASS" start="2024-05-01T06:20:01.851422" elapsed="0.001929"/>
</iter>
<iter>
<kw name="Dictionary Should Contain Key" owner="Collections">
<msg time="2024-05-01T06:20:01.854020" level="INFO">False</msg>
<arg>${json_data['results'][0]}</arg>
<arg>${key}</arg>
<doc>Fails if ``key`` is not found from ``dictionary``.</doc>
<status status="PASS" start="2024-05-01T06:20:01.853647" elapsed="0.000409"/>
</kw>
<kw name="Log" owner="BuiltIn">
<msg time="2024-05-01T06:20:01.854732" level="INFO">{'gender': 'male', 'name': {'title': 'Mr', 'first': 'Lloyd', 'last': 'Carroll'}, 'location': {'street': {'number': 735, 'name': 'Elgin St'}, 'city': 'Coffs Harbour', 'state': 'Western Australia', 'country': 'Australia', 'postcode': 8357, 'coordinates': {'latitude': '-87.3755', 'longitude': '-39.1808'}, 'timezone': {'offset': '+3:00', 'description': 'Baghdad, Riyadh, Moscow, St. Petersburg'}}, 'email': 'lloyd.carroll@example.com', 'login': {'uuid': 'a28144e0-005f-41c1-a133-3fdb2d8fca47', 'username': 'brownduck273', 'password': 'annie1', 'salt': 'bbu0eVex', 'md5': 'c1d71d9bd86e0e79f3ecdef67063a067', 'sha1': '7adb83f71ca3ae3663e6c564177509ff1f84155d', 'sha256': '98b54f769711b4f2e3439a5b07929fd84dc7666c9d3b28cd94b3692ccf4ed198'}, 'dob': {'date': '1998-12-03T03:32:15.067Z', 'age': 25}, 'registered': {'date': '2019-04-15T01:42:22.866Z', 'age': 5}, 'phone': '01-8598-6342', 'cell': '0403-611-212', 'id': {'name': 'TFN', 'value': '141979033'}, 'picture': {'large': 'https://randomuser.me/api/portraits/men/71.jpg', 'medium': 'https://randomuser.me/api/portraits/med/men/71.jpg', 'thumbnail': 'https://randomuser.me/api/portraits/thumb/men/71.jpg'}, 'nat': 'AU'}</msg>
<arg>${json_data['results'][0]}</arg>
<doc>Logs the given message with the given level.</doc>
<status status="PASS" start="2024-05-01T06:20:01.854378" elapsed="0.000427"/>
</kw>
<kw name="Log" owner="BuiltIn">
<msg time="2024-05-01T06:20:01.855228" level="INFO">name</msg>
<arg>${key}</arg>
<doc>Logs the given message with the given level.</doc>
<status status="PASS" start="2024-05-01T06:20:01.855105" elapsed="0.000159"/>
</kw>
<var name="${key}">name</var>
<status status="PASS" start="2024-05-01T06:20:01.853534" elapsed="0.001935"/>
</iter>
<iter>
<kw name="Dictionary Should Contain Key" owner="Collections">
<msg time="2024-05-01T06:20:01.856128" level="INFO">False</msg>
<arg>${json_data['results'][0]}</arg>
<arg>${key}</arg>
<doc>Fails if ``key`` is not found from ``dictionary``.</doc>
<status status="PASS" start="2024-05-01T06:20:01.855751" elapsed="0.000413"/>
</kw>
<kw name="Log" owner="BuiltIn">
<msg time="2024-05-01T06:20:01.856800" level="INFO">{'gender': 'male', 'name': {'title': 'Mr', 'first': 'Lloyd', 'last': 'Carroll'}, 'location': {'street': {'number': 735, 'name': 'Elgin St'}, 'city': 'Coffs Harbour', 'state': 'Western Australia', 'country': 'Australia', 'postcode': 8357, 'coordinates': {'latitude': '-87.3755', 'longitude': '-39.1808'}, 'timezone': {'offset': '+3:00', 'description': 'Baghdad, Riyadh, Moscow, St. Petersburg'}}, 'email': 'lloyd.carroll@example.com', 'login': {'uuid': 'a28144e0-005f-41c1-a133-3fdb2d8fca47', 'username': 'brownduck273', 'password': 'annie1', 'salt': 'bbu0eVex', 'md5': 'c1d71d9bd86e0e79f3ecdef67063a067', 'sha1': '7adb83f71ca3ae3663e6c564177509ff1f84155d', 'sha256': '98b54f769711b4f2e3439a5b07929fd84dc7666c9d3b28cd94b3692ccf4ed198'}, 'dob': {'date': '1998-12-03T03:32:15.067Z', 'age': 25}, 'registered': {'date': '2019-04-15T01:42:22.866Z', 'age': 5}, 'phone': '01-8598-6342', 'cell': '0403-611-212', 'id': {'name': 'TFN', 'value': '141979033'}, 'picture': {'large': 'https://randomuser.me/api/portraits/men/71.jpg', 'medium': 'https://randomuser.me/api/portraits/med/men/71.jpg', 'thumbnail': 'https://randomuser.me/api/portraits/thumb/men/71.jpg'}, 'nat': 'AU'}</msg>
<arg>${json_data['results'][0]}</arg>
<doc>Logs the given message with the given level.</doc>
<status status="PASS" start="2024-05-01T06:20:01.856451" elapsed="0.000395"/>
</kw>
<kw name="Log" owner="BuiltIn">
<msg time="2024-05-01T06:20:01.857258" level="INFO">location</msg>
<arg>${key}</arg>
<doc>Logs the given message with the given level.</doc>
<status status="PASS" start="2024-05-01T06:20:01.857135" elapsed="0.000159"/>
</kw>
<var name="${key}">location</var>
<status status="PASS" start="2024-05-01T06:20:01.855642" elapsed="0.001861"/>
</iter>
<iter>
<kw name="Dictionary Should Contain Key" owner="Collections">
<msg time="2024-05-01T06:20:01.858152" level="INFO">False</msg>
<arg>${json_data['results'][0]}</arg>
<arg>${key}</arg>
<doc>Fails if ``key`` is not found from ``dictionary``.</doc>
<status status="PASS" start="2024-05-01T06:20:01.857777" elapsed="0.000411"/>
</kw>
<kw name="Log" owner="BuiltIn">
<msg time="2024-05-01T06:20:01.858868" level="INFO">{'gender': 'male', 'name': {'title': 'Mr', 'first': 'Lloyd', 'last': 'Carroll'}, 'location': {'street': {'number': 735, 'name': 'Elgin St'}, 'city': 'Coffs Harbour', 'state': 'Western Australia', 'country': 'Australia', 'postcode': 8357, 'coordinates': {'latitude': '-87.3755', 'longitude': '-39.1808'}, 'timezone': {'offset': '+3:00', 'description': 'Baghdad, Riyadh, Moscow, St. Petersburg'}}, 'email': 'lloyd.carroll@example.com', 'login': {'uuid': 'a28144e0-005f-41c1-a133-3fdb2d8fca47', 'username': 'brownduck273', 'password': 'annie1', 'salt': 'bbu0eVex', 'md5': 'c1d71d9bd86e0e79f3ecdef67063a067', 'sha1': '7adb83f71ca3ae3663e6c564177509ff1f84155d', 'sha256': '98b54f769711b4f2e3439a5b07929fd84dc7666c9d3b28cd94b3692ccf4ed198'}, 'dob': {'date': '1998-12-03T03:32:15.067Z', 'age': 25}, 'registered': {'date': '2019-04-15T01:42:22.866Z', 'age': 5}, 'phone': '01-8598-6342', 'cell': '0403-611-212', 'id': {'name': 'TFN', 'value': '141979033'}, 'picture': {'large': 'https://randomuser.me/api/portraits/men/71.jpg', 'medium': 'https://randomuser.me/api/portraits/med/men/71.jpg', 'thumbnail': 'https://randomuser.me/api/portraits/thumb/men/71.jpg'}, 'nat': 'AU'}</msg>
<arg>${json_data['results'][0]}</arg>
<doc>Logs the given message with the given level.</doc>
<status status="PASS" start="2024-05-01T06:20:01.858479" elapsed="0.000435"/>
</kw>
<kw name="Log" owner="BuiltIn">
<msg time="2024-05-01T06:20:01.859322" level="INFO">email</msg>
<arg>${key}</arg>
<doc>Logs the given message with the given level.</doc>
<status status="PASS" start="2024-05-01T06:20:01.859201" elapsed="0.000157"/>
</kw>
<var name="${key}">email</var>
<status status="PASS" start="2024-05-01T06:20:01.857669" elapsed="0.001893"/>
</iter>
<iter>
<kw name="Dictionary Should Contain Key" owner="Collections">
<msg time="2024-05-01T06:20:01.860220" level="INFO">False</msg>
<arg>${json_data['results'][0]}</arg>
<arg>${key}</arg>
<doc>Fails if ``key`` is not found from ``dictionary``.</doc>
<status status="PASS" start="2024-05-01T06:20:01.859839" elapsed="0.000418"/>
</kw>
<kw name="Log" owner="BuiltIn">
<msg time="2024-05-01T06:20:01.860897" level="INFO">{'gender': 'male', 'name': {'title': 'Mr', 'first': 'Lloyd', 'last': 'Carroll'}, 'location': {'street': {'number': 735, 'name': 'Elgin St'}, 'city': 'Coffs Harbour', 'state': 'Western Australia', 'country': 'Australia', 'postcode': 8357, 'coordinates': {'latitude': '-87.3755', 'longitude': '-39.1808'}, 'timezone': {'offset': '+3:00', 'description': 'Baghdad, Riyadh, Moscow, St. Petersburg'}}, 'email': 'lloyd.carroll@example.com', 'login': {'uuid': 'a28144e0-005f-41c1-a133-3fdb2d8fca47', 'username': 'brownduck273', 'password': 'annie1', 'salt': 'bbu0eVex', 'md5': 'c1d71d9bd86e0e79f3ecdef67063a067', 'sha1': '7adb83f71ca3ae3663e6c564177509ff1f84155d', 'sha256': '98b54f769711b4f2e3439a5b07929fd84dc7666c9d3b28cd94b3692ccf4ed198'}, 'dob': {'date': '1998-12-03T03:32:15.067Z', 'age': 25}, 'registered': {'date': '2019-04-15T01:42:22.866Z', 'age': 5}, 'phone': '01-8598-6342', 'cell': '0403-611-212', 'id': {'name': 'TFN', 'value': '141979033'}, 'picture': {'large': 'https://randomuser.me/api/portraits/men/71.jpg', 'medium': 'https://randomuser.me/api/portraits/med/men/71.jpg', 'thumbnail': 'https://randomuser.me/api/portraits/thumb/men/71.jpg'}, 'nat': 'AU'}</msg>
<arg>${json_data['results'][0]}</arg>
<doc>Logs the given message with the given level.</doc>
<status status="PASS" start="2024-05-01T06:20:01.860541" elapsed="0.000402"/>
</kw>
<kw name="Log" owner="BuiltIn">
<msg time="2024-05-01T06:20:01.861358" level="INFO">login</msg>
<arg>${key}</arg>
<doc>Logs the given message with the given level.</doc>
<status status="PASS" start="2024-05-01T06:20:01.861232" elapsed="0.000164"/>
</kw>
<var name="${key}">login</var>
<status status="PASS" start="2024-05-01T06:20:01.859732" elapsed="0.001902"/>
</iter>
<var>${key}</var>
<value>@{expected_keys}</value>
<status status="PASS" start="2024-05-01T06:20:01.851236" elapsed="0.010520"/>
</for>
<kw name="Create List" owner="BuiltIn">
<msg time="2024-05-01T06:20:01.862084" level="INFO">${expected_keysTwo} = ['username', 'password']</msg>
<var>${expected_keysTwo}</var>
<arg>username</arg>
<arg>password</arg>
<doc>Returns a list containing given items.</doc>
<status status="PASS" start="2024-05-01T06:20:01.861951" elapsed="0.000157"/>
</kw>
<for flavor="IN">
<iter>
<kw name="Dictionary Should Contain Key" owner="Collections">
<msg time="2024-05-01T06:20:01.863001" level="INFO">False</msg>
<arg>${json_data['results'][0]['login']}</arg>
<arg>${keyTwo}</arg>
<doc>Fails if ``key`` is not found from ``dictionary``.</doc>
<status status="PASS" start="2024-05-01T06:20:01.862596" elapsed="0.000441"/>
</kw>
<kw name="Dictionary Should Contain Key" owner="Collections">
<msg time="2024-05-01T06:20:01.863698" level="INFO">False</msg>
<arg>${json_data['results'][0]['login']}</arg>
<arg>${keyTwo}</arg>
<doc>Fails if ``key`` is not found from ``dictionary``.</doc>
<status status="PASS" start="2024-05-01T06:20:01.863323" elapsed="0.000411"/>
</kw>
<kw name="Log" owner="BuiltIn">
<msg time="2024-05-01T06:20:01.864142" level="INFO">username</msg>
<arg>${keyTwo}</arg>
<doc>Logs the given message with the given level.</doc>
<status status="PASS" start="2024-05-01T06:20:01.864018" elapsed="0.000169"/>
</kw>
<var name="${keyTwo}">username</var>
<status status="PASS" start="2024-05-01T06:20:01.862489" elapsed="0.001907"/>
</iter>
<iter>
<kw name="Dictionary Should Contain Key" owner="Collections">
<msg time="2024-05-01T06:20:01.865130" level="INFO">False</msg>
<arg>${json_data['results'][0]['login']}</arg>
<arg>${keyTwo}</arg>
<doc>Fails if ``key`` is not found from ``dictionary``.</doc>
<status status="PASS" start="2024-05-01T06:20:01.864672" elapsed="0.000497"/>
</kw>
<kw name="Dictionary Should Contain Key" owner="Collections">
<msg time="2024-05-01T06:20:01.865836" level="INFO">False</msg>
<arg>${json_data['results'][0]['login']}</arg>
<arg>${keyTwo}</arg>
<doc>Fails if ``key`` is not found from ``dictionary``.</doc>
<status status="PASS" start="2024-05-01T06:20:01.865461" elapsed="0.000411"/>
</kw>
<kw name="Log" owner="BuiltIn">
<msg time="2024-05-01T06:20:01.866280" level="INFO">password</msg>
<arg>${keyTwo}</arg>
<doc>Logs the given message with the given level.</doc>
<status status="PASS" start="2024-05-01T06:20:01.866156" elapsed="0.000161"/>
</kw>
<var name="${keyTwo}">password</var>
<status status="PASS" start="2024-05-01T06:20:01.864563" elapsed="0.001964"/>
</iter>
<var>${keyTwo}</var>
<value>@{expected_keysTwo}</value>
<status status="PASS" start="2024-05-01T06:20:01.862337" elapsed="0.004330"/>
</for>
<status status="PASS" start="2024-05-01T06:20:01.646002" elapsed="0.220850"/>
</kw>
<doc>Testa a estrutura da resposta da API.</doc>
<tag>testeEstruturaResposta</tag>
<status status="PASS" start="2024-05-01T06:20:01.645387" elapsed="0.221612"/>
</test>
<test id="s1-s1-t4" name="Validar tipos de dados" line="28">
<kw name="Teste de Tipos de Dados" owner="random-user-service">
<kw name="GET On Session" owner="RequestsLibrary">
<msg time="2024-05-01T06:20:01.970866" level="INFO">GET Request : url=https://randomuser.me/api 
 path_url=/api 
 headers={'User-Agent': 'python-requests/2.31.0', 'Accept-Encoding': 'gzip, deflate', 'Accept': '*/*', 'Connection': 'keep-alive'} 
 body=None 
 </msg>
<msg time="2024-05-01T06:20:01.970937" level="INFO">GET Response : url=https://randomuser.me/api 
 status=200, reason=OK 
 headers={'Date': 'Wed, 01 May 2024 06:20:01 GMT', 'Content-Type': 'application/json; charset=utf-8', 'Transfer-Encoding': 'chunked', 'Connection': 'keep-alive', 'X-Powered-By': 'Express', 'Access-Control-Allow-Origin': '*', 'Cache-Control': 'no-cache', 'ETag': 'W/"4a8-d6bK4bI1tQjk7uv9wvGHOjpHbao"', 'Vary': 'Accept-Encoding', 'Content-Encoding': 'gzip', 'CF-Cache-Status': 'DYNAMIC', 'Report-To': '{"endpoints":[{"url":"https:\\/\\/a.nel.cloudflare.com\\/report\\/v4?s=szeSbaTEMgza2i09NzBIyMdp7feiUdGwPVn9mb%2Bc%2F058c1HNMKEYWWz%2B%2FQT206r5Pfi7c3nbJG9mYKr26Xsbs%2FBJR9O1jZmXpc1XsERMr8Ai3iqa9VpqASrHIIrVBPOv"}],"group":"cf-nel","max_age":604800}', 'NEL': '{"success_fraction":0,"report_to":"cf-nel","max_age":604800}', 'Server': 'cloudflare', 'CF-RAY': '87cda9cfbaeb1ff1-IAD', 'alt-svc': 'h3=":443"; ma=86400'} 
 body={"results":[{"gender":"male","name":{"title":"Mr","first":"Mauricio","last":"Villagómez"},"location":{"street":{"number":6517,"name":"Andador Coahuila de Zaragoza"},"city":"La Yerbabuena","state":"Veracruz","country":"Mexico","postcode":44103,"coordinates":{"latitude":"22.4537","longitude":"-2.5581"},"timezone":{"offset":"-1:00","description":"Azores, Cape Verde Islands"}},"email":"mauricio.villagomez@example.com","login":{"uuid":"af6a07e6-194a-4b73-8e6f-3f20e86d19cb","username":"happyzebra319","password":"toomuch","salt":"dLsPSEmq","md5":"8c02751a1170aaa09689858eae675ea8","sha1":"98bd5867241420e3da7823a24b2b1380ddf129a3","sha256":"62a0d12f019eace9ab977b4a6408ad1dcd13db329d9e79f4ce8d243d0c76c662"},"dob":{"date":"1998-01-15T11:02:27.361Z","age":26},"registered":{"date":"2005-10-13T14:30:33.340Z","age":18},"phone":"(685) 481 5769","cell":"(607) 254 9948","id":{"name":"NSS","value":"81 46 92 0940 5"},"picture":{"large":"https://randomuser.me/api/portraits/men/1.jpg","medium":"https://randomuser.me/api/portraits/med/men/1.jpg","thumbnail":"https://randomuser.me/api/portraits/thumb/men/1.jpg"},"nat":"MX"}],"info":{"seed":"c4228fab48862d70","results":1,"page":1,"version":"1.4"}} 
 </msg>
<msg time="2024-05-01T06:20:01.970993" level="INFO">/opt/hostedtoolcache/Python/3.12.3/x64/lib/python3.12/site-packages/urllib3/connectionpool.py:1103: InsecureRequestWarning: Unverified HTTPS request is being made to host 'randomuser.me'. Adding certificate verification is strongly advised. See: https://urllib3.readthedocs.io/en/latest/advanced-usage.html#tls-warnings
  warnings.warn(</msg>
<msg time="2024-05-01T06:20:01.971077" level="INFO">${response} = &lt;Response [200]&gt;</msg>
<var>${response}</var>
<arg>consultarAPI</arg>
<arg>/api</arg>
<doc>Sends a GET request on a previously created HTTP Session.</doc>
<status status="PASS" start="2024-05-01T06:20:01.869477" elapsed="0.101639"/>
</kw>
<kw name="Set Variable" owner="BuiltIn">
<msg time="2024-05-01T06:20:01.972130" level="INFO">${json_data} = {'results': [{'gender': 'male', 'name': {'title': 'Mr', 'first': 'Mauricio', 'last': 'Villagómez'}, 'location': {'street': {'number': 6517, 'name': 'Andador Coahuila de Zaragoza'}, 'city': 'La Yerbabu...</msg>
<var>${json_data}</var>
<arg>${response.json()}</arg>
<doc>Returns the given values which can then be assigned to a variables.</doc>
<status status="PASS" start="2024-05-01T06:20:01.971581" elapsed="0.000579"/>
</kw>
<kw name="Log" owner="BuiltIn">
<msg time="2024-05-01T06:20:01.972610" level="INFO">{'results': [{'gender': 'male', 'name': {'title': 'Mr', 'first': 'Mauricio', 'last': 'Villagómez'}, 'location': {'street': {'number': 6517, 'name': 'Andador Coahuila de Zaragoza'}, 'city': 'La Yerbabuena', 'state': 'Veracruz', 'country': 'Mexico', 'postcode': 44103, 'coordinates': {'latitude': '22.4537', 'longitude': '-2.5581'}, 'timezone': {'offset': '-1:00', 'description': 'Azores, Cape Verde Islands'}}, 'email': 'mauricio.villagomez@example.com', 'login': {'uuid': 'af6a07e6-194a-4b73-8e6f-3f20e86d19cb', 'username': 'happyzebra319', 'password': 'toomuch', 'salt': 'dLsPSEmq', 'md5': '8c02751a1170aaa09689858eae675ea8', 'sha1': '98bd5867241420e3da7823a24b2b1380ddf129a3', 'sha256': '62a0d12f019eace9ab977b4a6408ad1dcd13db329d9e79f4ce8d243d0c76c662'}, 'dob': {'date': '1998-01-15T11:02:27.361Z', 'age': 26}, 'registered': {'date': '2005-10-13T14:30:33.340Z', 'age': 18}, 'phone': '(685) 481 5769', 'cell': '(607) 254 9948', 'id': {'name': 'NSS', 'value': '81 46 92 0940 5'}, 'picture': {'large': 'https://randomuser.me/api/portraits/men/1.jpg', 'medium': 'https://randomuser.me/api/portraits/med/men/1.jpg', 'thumbnail': 'https://randomuser.me/api/portraits/thumb/men/1.jpg'}, 'nat': 'MX'}], 'info': {'seed': 'c4228fab48862d70', 'results': 1, 'page': 1, 'version': '1.4'}}</msg>
<arg>${json_data}</arg>
<doc>Logs the given message with the given level.</doc>
<status status="PASS" start="2024-05-01T06:20:01.972459" elapsed="0.000234"/>
</kw>
<kw name="Should Be String" owner="String">
<arg>${json_data['results'][0]['gender']}</arg>
<doc>Fails if the given ``item`` is not a string.</doc>
<status status="PASS" start="2024-05-01T06:20:01.972982" elapsed="0.000361"/>
</kw>
<kw name="Should Match Regexp" owner="BuiltIn">
<arg>${json_data['results'][0]['email']}</arg>
<arg>^[a-zA-Z0-9._%+-]+@[a-zA-Z0-9.-]+\.[a-zA-Z]{2,}$</arg>
<doc>Fails if ``string`` does not match ``pattern`` as a regular expression.</doc>
<status status="PASS" start="2024-05-01T06:20:01.973531" elapsed="0.000503"/>
</kw>
<kw name="Should Match Regexp" owner="BuiltIn">
<arg>${json_data['results'][0]['dob']['date']}</arg>
<arg>\\d{4}-\\d{2}-\\d{2}T\\d{2}:\\d{2}:\\d{2}\\.\\d{3}Z</arg>
<doc>Fails if ``string`` does not match ``pattern`` as a regular expression.</doc>
<status status="PASS" start="2024-05-01T06:20:01.974223" elapsed="0.000483"/>
</kw>
<kw name="Should Match Regexp" owner="BuiltIn">
<arg>${json_data['results'][0]['registered']['date']}</arg>
<arg>\\d{4}-\\d{2}-\\d{2}T\\d{2}:\\d{2}:\\d{2}\\.\\d{3}Z</arg>
<doc>Fails if ``string`` does not match ``pattern`` as a regular expression.</doc>
<status status="PASS" start="2024-05-01T06:20:01.974938" elapsed="0.000364"/>
</kw>
<kw name="Should Match Regexp" owner="BuiltIn">
<arg>${json_data['results'][0]['picture']['large']}</arg>
<arg>^https?://.*\.(?:png|jpe?g|gif|bmp)$</arg>
<doc>Fails if ``string`` does not match ``pattern`` as a regular expression.</doc>
<status status="PASS" start="2024-05-01T06:20:01.975488" elapsed="0.000461"/>
</kw>
<kw name="Should Match Regexp" owner="BuiltIn">
<arg>${json_data['results'][0]['picture']['medium']}</arg>
<arg>^https?://.*\.(?:png|jpe?g|gif|bmp)$</arg>
<doc>Fails if ``string`` does not match ``pattern`` as a regular expression.</doc>
<status status="PASS" start="2024-05-01T06:20:01.976144" elapsed="0.000354"/>
</kw>
<kw name="Should Match Regexp" owner="BuiltIn">
<arg>${json_data['results'][0]['picture']['thumbnail']}</arg>
<arg>^https?://.*\.(?:png|jpe?g|gif|bmp)$</arg>
<doc>Fails if ``string`` does not match ``pattern`` as a regular expression.</doc>
<status status="PASS" start="2024-05-01T06:20:01.976682" elapsed="0.000344"/>
</kw>
<kw name="Log" owner="BuiltIn">
<msg time="2024-05-01T06:20:01.977514" level="INFO">{'large': 'https://randomuser.me/api/portraits/men/1.jpg', 'medium': 'https://randomuser.me/api/portraits/med/men/1.jpg', 'thumbnail': 'https://randomuser.me/api/portraits/thumb/men/1.jpg'}</msg>
<arg>${json_data['results'][0]['picture']}</arg>
<doc>Logs the given message with the given level.</doc>
<status status="PASS" start="2024-05-01T06:20:01.977201" elapsed="0.000353"/>
</kw>
<status status="PASS" start="2024-05-01T06:20:01.869257" elapsed="0.108542"/>
</kw>
<kw name="Teste de Tipos de Dados - Postcode" owner="random-user-service">
<kw name="GET On Session" owner="RequestsLibrary">
<msg time="2024-05-01T06:20:02.012466" level="INFO">GET Request : url=https://randomuser.me/api 
 path_url=/api 
 headers={'User-Agent': 'python-requests/2.31.0', 'Accept-Encoding': 'gzip, deflate', 'Accept': '*/*', 'Connection': 'keep-alive'} 
 body=None 
 </msg>
<msg time="2024-05-01T06:20:02.012526" level="INFO">GET Response : url=https://randomuser.me/api 
 status=200, reason=OK 
 headers={'Date': 'Wed, 01 May 2024 06:20:02 GMT', 'Content-Type': 'application/json; charset=utf-8', 'Transfer-Encoding': 'chunked', 'Connection': 'keep-alive', 'X-Powered-By': 'Express', 'Access-Control-Allow-Origin': '*', 'Cache-Control': 'no-cache', 'ETag': 'W/"46e-Cdy1BDtoFBnXFAKl4UcvV/uOYUA"', 'Vary': 'Accept-Encoding', 'Content-Encoding': 'gzip', 'CF-Cache-Status': 'DYNAMIC', 'Report-To': '{"endpoints":[{"url":"https:\\/\\/a.nel.cloudflare.com\\/report\\/v4?s=miZOVWpEqQwnTPtKhKnwLiFdyCmrzIJrMlALoLEN414vtz61FBd1ZfXFADV6l0lTrIcb%2FkX8u7e2HTx2iF5O5ZINiuyj7iqq8LExVbilCYSuDSnx3Wz0r93mEB65hfIG"}],"group":"cf-nel","max_age":604800}', 'NEL': '{"success_fraction":0,"report_to":"cf-nel","max_age":604800}', 'Server': 'cloudflare', 'CF-RAY': '87cda9d05b841ff1-IAD', 'alt-svc': 'h3=":443"; ma=86400'} 
 body={"results":[{"gender":"male","name":{"title":"Mr","first":"Archie","last":"Roberts"},"location":{"street":{"number":5483,"name":"Omahu Road"},"city":"Blenheim","state":"Northland","country":"New Zealand","postcode":40269,"coordinates":{"latitude":"54.8867","longitude":"-89.4709"},"timezone":{"offset":"-3:30","description":"Newfoundland"}},"email":"archie.roberts@example.com","login":{"uuid":"19589085-4831-40ac-84cf-73a69834048b","username":"smallwolf509","password":"crazy","salt":"qHnhaPVa","md5":"5b1561a393531fdc86dd20ffc98d4066","sha1":"cf4b78fa1451614572bf54b96f96217676b8f5cb","sha256":"5e7a600a409355705bd54e2cadae4446fef22a4e85c6259b91866021959ef088"},"dob":{"date":"1957-10-22T15:27:32.354Z","age":66},"registered":{"date":"2015-04-14T22:08:00.048Z","age":9},"phone":"(552)-202-5799","cell":"(455)-896-4229","id":{"name":"","value":null},"picture":{"large":"https://randomuser.me/api/portraits/men/37.jpg","medium":"https://randomuser.me/api/portraits/med/men/37.jpg","thumbnail":"https://randomuser.me/api/portraits/thumb/men/37.jpg"},"nat":"NZ"}],"info":{"seed":"f836c6d924c97f16","results":1,"page":1,"version":"1.4"}} 
 </msg>
<msg time="2024-05-01T06:20:02.012577" level="INFO">/opt/hostedtoolcache/Python/3.12.3/x64/lib/python3.12/site-packages/urllib3/connectionpool.py:1103: InsecureRequestWarning: Unverified HTTPS request is being made to host 'randomuser.me'. Adding certificate verification is strongly advised. See: https://urllib3.readthedocs.io/en/latest/advanced-usage.html#tls-warnings
  warnings.warn(</msg>
<msg time="2024-05-01T06:20:02.012658" level="INFO">${response} = &lt;Response [200]&gt;</msg>
<var>${response}</var>
<arg>consultarAPI</arg>
<arg>/api</arg>
<doc>Sends a GET request on a previously created HTTP Session.</doc>
<status status="PASS" start="2024-05-01T06:20:01.978216" elapsed="0.034480"/>
</kw>
<kw name="Set Variable" owner="BuiltIn">
<msg time="2024-05-01T06:20:02.013693" level="INFO">${json_data} = {'results': [{'gender': 'male', 'name': {'title': 'Mr', 'first': 'Archie', 'last': 'Roberts'}, 'location': {'street': {'number': 5483, 'name': 'Omahu Road'}, 'city': 'Blenheim', 'state': 'Northland', ...</msg>
<var>${json_data}</var>
<arg>${response.json()}</arg>
<doc>Returns the given values which can then be assigned to a variables.</doc>
<status status="PASS" start="2024-05-01T06:20:02.013139" elapsed="0.000582"/>
</kw>
<kw name="Log" owner="BuiltIn">
<msg time="2024-05-01T06:20:02.014167" level="INFO">{'results': [{'gender': 'male', 'name': {'title': 'Mr', 'first': 'Archie', 'last': 'Roberts'}, 'location': {'street': {'number': 5483, 'name': 'Omahu Road'}, 'city': 'Blenheim', 'state': 'Northland', 'country': 'New Zealand', 'postcode': 40269, 'coordinates': {'latitude': '54.8867', 'longitude': '-89.4709'}, 'timezone': {'offset': '-3:30', 'description': 'Newfoundland'}}, 'email': 'archie.roberts@example.com', 'login': {'uuid': '19589085-4831-40ac-84cf-73a69834048b', 'username': 'smallwolf509', 'password': 'crazy', 'salt': 'qHnhaPVa', 'md5': '5b1561a393531fdc86dd20ffc98d4066', 'sha1': 'cf4b78fa1451614572bf54b96f96217676b8f5cb', 'sha256': '5e7a600a409355705bd54e2cadae4446fef22a4e85c6259b91866021959ef088'}, 'dob': {'date': '1957-10-22T15:27:32.354Z', 'age': 66}, 'registered': {'date': '2015-04-14T22:08:00.048Z', 'age': 9}, 'phone': '(552)-202-5799', 'cell': '(455)-896-4229', 'id': {'name': '', 'value': None}, 'picture': {'large': 'https://randomuser.me/api/portraits/men/37.jpg', 'medium': 'https://randomuser.me/api/portraits/med/men/37.jpg', 'thumbnail': 'https://randomuser.me/api/portraits/thumb/men/37.jpg'}, 'nat': 'NZ'}], 'info': {'seed': 'f836c6d924c97f16', 'results': 1, 'page': 1, 'version': '1.4'}}</msg>
<arg>${json_data}</arg>
<doc>Logs the given message with the given level.</doc>
<status status="PASS" start="2024-05-01T06:20:02.014020" elapsed="0.000228"/>
</kw>
<kw name="Should Be Equal As Numbers" owner="BuiltIn">
<arg>${json_data['results'][0]['location']['postcode']}</arg>
<arg>${json_data['results'][0]['location']['postcode']}</arg>
<doc>Fails if objects are unequal after converting them to real numbers.</doc>
<status status="PASS" start="2024-05-01T06:20:02.014666" elapsed="0.000650"/>
</kw>
<kw name="Log" owner="BuiltIn">
<msg time="2024-05-01T06:20:02.015841" level="INFO">40269</msg>
<arg>${json_data['results'][0]['location']['postcode']}</arg>
<doc>Logs the given message with the given level.</doc>
<status status="PASS" start="2024-05-01T06:20:02.015504" elapsed="0.000377"/>
</kw>
<status status="PASS" start="2024-05-01T06:20:01.978003" elapsed="0.038124"/>
</kw>
<doc>Testa se os tipos de dados na resposta da API estão corretos.</doc>
<tag>testeTiposDados</tag>
<status status="PASS" start="2024-05-01T06:20:01.868726" elapsed="0.147554"/>
</test>
<test id="s1-s1-t5" name="Validar conteudo" line="35">
<kw name="Teste de Tipos de Conteudo" owner="random-user-service">
<kw name="GET On Session" owner="RequestsLibrary">
<msg time="2024-05-01T06:20:02.123457" level="INFO">GET Request : url=https://randomuser.me/api 
 path_url=/api 
 headers={'User-Agent': 'python-requests/2.31.0', 'Accept-Encoding': 'gzip, deflate', 'Accept': '*/*', 'Connection': 'keep-alive'} 
 body=None 
 </msg>
<msg time="2024-05-01T06:20:02.123524" level="INFO">GET Response : url=https://randomuser.me/api 
 status=200, reason=OK 
 headers={'Date': 'Wed, 01 May 2024 06:20:02 GMT', 'Content-Type': 'application/json; charset=utf-8', 'Transfer-Encoding': 'chunked', 'Connection': 'keep-alive', 'X-Powered-By': 'Express', 'Access-Control-Allow-Origin': '*', 'Cache-Control': 'no-cache', 'ETag': 'W/"478-uNbG/Oh6ErU0r+yk9lkWjAhr1wc"', 'Vary': 'Accept-Encoding', 'Content-Encoding': 'gzip', 'CF-Cache-Status': 'DYNAMIC', 'Report-To': '{"endpoints":[{"url":"https:\\/\\/a.nel.cloudflare.com\\/report\\/v4?s=X68MOXRk0%2BIIWS4Zsb6BTiwBAcVTPmJbq9L%2F35m%2FsU%2FOB%2BRvDfnZ63fs7SmB5Ubq8NcH7nlrQMbxL2qNLqxasE016BgTVgfJdS3OcBOGVB37qN9391ZvFeriddQ6zdoE"}],"group":"cf-nel","max_age":604800}', 'NEL': '{"success_fraction":0,"report_to":"cf-nel","max_age":604800}', 'Server': 'cloudflare', 'CF-RAY': '87cda9d09bb11ff1-IAD', 'alt-svc': 'h3=":443"; ma=86400'} 
 body={"results":[{"gender":"male","name":{"title":"Mr","first":"Mileta","last":"Vidaković"},"location":{"street":{"number":29,"name":"Dušana Manojlovića"},"city":"Inđija","state":"Moravica","country":"Serbia","postcode":58517,"coordinates":{"latitude":"59.9222","longitude":"-132.3323"},"timezone":{"offset":"+4:30","description":"Kabul"}},"email":"mileta.vidakovic@example.com","login":{"uuid":"7ea03458-5255-49d1-b1c1-96d13f532d95","username":"smallbutterfly607","password":"asia","salt":"ukvtK1eU","md5":"145c514c4fb327f1087dc5cbf069ab86","sha1":"9027aef64f15fe084ab51a51832fc31b4f715d5d","sha256":"ebbbe4eab69fb38cdb3507852cbaf1fb4a9078903ce2119782c106869625374d"},"dob":{"date":"1969-05-08T10:09:09.033Z","age":54},"registered":{"date":"2019-01-03T23:54:57.878Z","age":5},"phone":"019-3118-539","cell":"067-7160-300","id":{"name":"SID","value":"054447226"},"picture":{"large":"https://randomuser.me/api/portraits/men/10.jpg","medium":"https://randomuser.me/api/portraits/med/men/10.jpg","thumbnail":"https://randomuser.me/api/portraits/thumb/men/10.jpg"},"nat":"RS"}],"info":{"seed":"06694df7380343c7","results":1,"page":1,"version":"1.4"}} 
 </msg>
<msg time="2024-05-01T06:20:02.123582" level="INFO">/opt/hostedtoolcache/Python/3.12.3/x64/lib/python3.12/site-packages/urllib3/connectionpool.py:1103: InsecureRequestWarning: Unverified HTTPS request is being made to host 'randomuser.me'. Adding certificate verification is strongly advised. See: https://urllib3.readthedocs.io/en/latest/advanced-usage.html#tls-warnings
  warnings.warn(</msg>
<msg time="2024-05-01T06:20:02.123667" level="INFO">${response} = &lt;Response [200]&gt;</msg>
<var>${response}</var>
<arg>consultarAPI</arg>
<arg>/api</arg>
<doc>Sends a GET request on a previously created HTTP Session.</doc>
<status status="PASS" start="2024-05-01T06:20:02.018708" elapsed="0.104998"/>
</kw>
<kw name="Set Variable" owner="BuiltIn">
<msg time="2024-05-01T06:20:02.124719" level="INFO">${json_data} = {'results': [{'gender': 'male', 'name': {'title': 'Mr', 'first': 'Mileta', 'last': 'Vidaković'}, 'location': {'street': {'number': 29, 'name': 'Dušana Manojlovića'}, 'city': 'Inđija', 'state': 'Moravi...</msg>
<var>${json_data}</var>
<arg>${response.json()}</arg>
<doc>Returns the given values which can then be assigned to a variables.</doc>
<status status="PASS" start="2024-05-01T06:20:02.124161" elapsed="0.000587"/>
</kw>
<kw name="Set Variable" owner="BuiltIn">
<msg time="2024-05-01T06:20:02.125428" level="INFO">${name_title} = Mr</msg>
<var>${name_title}</var>
<arg>${json_data["results"][0]["name"]["title"]}</arg>
<doc>Returns the given values which can then be assigned to a variables.</doc>
<status status="PASS" start="2024-05-01T06:20:02.125050" elapsed="0.000402"/>
</kw>
<kw name="Create List" owner="BuiltIn">
<msg time="2024-05-01T06:20:02.125899" level="INFO">${allowed_titles} = ['Mr', 'Ms', 'Miss', 'Mrs', 'Madame', 'Monsieur']</msg>
<var>${allowed_titles}</var>
<arg>Mr</arg>
<arg>Ms</arg>
<arg>Miss</arg>
<arg>Mrs</arg>
<arg>Madame</arg>
<arg>Monsieur</arg>
<doc>Returns a list containing given items.</doc>
<status status="PASS" start="2024-05-01T06:20:02.125755" elapsed="0.000168"/>
</kw>
<kw name="List Should Contain Value" owner="Collections">
<msg time="2024-05-01T06:20:02.126379" level="INFO">False</msg>
<arg>${allowed_titles}</arg>
<arg>${name_title}</arg>
<doc>Fails if the ``value`` is not found from ``list``.</doc>
<status status="PASS" start="2024-05-01T06:20:02.126215" elapsed="0.000199"/>
</kw>
<kw name="Set Variable" owner="BuiltIn">
<msg time="2024-05-01T06:20:02.127104" level="INFO">${name_country} = RS</msg>
<var>${name_country}</var>
<arg>${json_data["results"][0]["nat"]}</arg>
<doc>Returns the given values which can then be assigned to a variables.</doc>
<status status="PASS" start="2024-05-01T06:20:02.126695" elapsed="0.000434"/>
</kw>
<kw name="Create List" owner="BuiltIn">
<msg time="2024-05-01T06:20:02.128013" level="INFO">${list_country} = ['AD', 'AE', 'AF', 'AG', 'AI', 'AL', 'AM', 'AO', 'AQ', 'AR', 'AS', 'AT', 'AU', 'AW', 'AX', 'AZ', 'BA', 'BB', 'BD', 'BE', 'BF', 'BG', 'BH', 'BI', 'BJ', 'BL', 'BM', 'BN', 'BO', 'BQ', 'BR', 'BS', 'BT', '...</msg>
<var>${list_country}</var>
<arg>AD</arg>
<arg>AE</arg>
<arg>AF</arg>
<arg>AG</arg>
<arg>AI</arg>
<arg>AL</arg>
<arg>AM</arg>
<arg>AO</arg>
<arg>AQ</arg>
<arg>AR</arg>
<arg>AS</arg>
<arg>AT</arg>
<arg>AU</arg>
<arg>AW</arg>
<arg>AX</arg>
<arg>AZ</arg>
<arg>BA</arg>
<arg>BB</arg>
<arg>BD</arg>
<arg>BE</arg>
<arg>BF</arg>
<arg>BG</arg>
<arg>BH</arg>
<arg>BI</arg>
<arg>BJ</arg>
<arg>BL</arg>
<arg>BM</arg>
<arg>BN</arg>
<arg>BO</arg>
<arg>BQ</arg>
<arg>BR</arg>
<arg>BS</arg>
<arg>BT</arg>
<arg>BV</arg>
<arg>BW</arg>
<arg>BY</arg>
<arg>BZ</arg>
<arg>CA</arg>
<arg>CC</arg>
<arg>CD</arg>
<arg>CF</arg>
<arg>CG</arg>
<arg>CH</arg>
<arg>CI</arg>
<arg>CK</arg>
<arg>CL</arg>
<arg>CM</arg>
<arg>CN</arg>
<arg>CO</arg>
<arg>CR</arg>
<arg>CU</arg>
<arg>CV</arg>
<arg>CW</arg>
<arg>CX</arg>
<arg>CY</arg>
<arg>CZ</arg>
<arg>DE</arg>
<arg>DJ</arg>
<arg>DK</arg>
<arg>DM</arg>
<arg>DO</arg>
<arg>DZ</arg>
<arg>EC</arg>
<arg>EE</arg>
<arg>EG</arg>
<arg>EH</arg>
<arg>ER</arg>
<arg>ES</arg>
<arg>ET</arg>
<arg>FI</arg>
<arg>FJ</arg>
<arg>FK</arg>
<arg>FM</arg>
<arg>FO</arg>
<arg>FR</arg>
<arg>GA</arg>
<arg>GB</arg>
<arg>GD</arg>
<arg>GE</arg>
<arg>GF</arg>
<arg>GG</arg>
<arg>GH</arg>
<arg>GI</arg>
<arg>GL</arg>
<arg>GM</arg>
<arg>GN</arg>
<arg>GP</arg>
<arg>GQ</arg>
<arg>GR</arg>
<arg>GS</arg>
<arg>GT</arg>
<arg>GU</arg>
<arg>GW</arg>
<arg>GY</arg>
<arg>HK</arg>
<arg>HM</arg>
<arg>HN</arg>
<arg>HR</arg>
<arg>HT</arg>
<arg>HU</arg>
<arg>ID</arg>
<arg>IE</arg>
<arg>IL</arg>
<arg>IM</arg>
<arg>IN</arg>
<arg>IO</arg>
<arg>IQ</arg>
<arg>IR</arg>
<arg>IS</arg>
<arg>IT</arg>
<arg>JE</arg>
<arg>JM</arg>
<arg>JO</arg>
<arg>JP</arg>
<arg>KE</arg>
<arg>KG</arg>
<arg>KH</arg>
<arg>KI</arg>
<arg>KM</arg>
<arg>KN</arg>
<arg>KP</arg>
<arg>KR</arg>
<arg>KW</arg>
<arg>KY</arg>
<arg>KZ</arg>
<arg>LA</arg>
<arg>LB</arg>
<arg>LC</arg>
<arg>LI</arg>
<arg>LK</arg>
<arg>LR</arg>
<arg>LS</arg>
<arg>LT</arg>
<arg>LU</arg>
<arg>LV</arg>
<arg>LY</arg>
<arg>MA</arg>
<arg>MC</arg>
<arg>MD</arg>
<arg>ME</arg>
<arg>MF</arg>
<arg>MG</arg>
<arg>MH</arg>
<arg>MK</arg>
<arg>ML</arg>
<arg>MM</arg>
<arg>MN</arg>
<arg>MO</arg>
<arg>MP</arg>
<arg>MQ</arg>
<arg>MR</arg>
<arg>MS</arg>
<arg>MT</arg>
<arg>MU</arg>
<arg>MV</arg>
<arg>MW</arg>
<arg>MX</arg>
<arg>MY</arg>
<arg>MZ</arg>
<arg>NA</arg>
<arg>NC</arg>
<arg>NE</arg>
<arg>NF</arg>
<arg>NG</arg>
<arg>NI</arg>
<arg>NL</arg>
<arg>NO</arg>
<arg>NP</arg>
<arg>NR</arg>
<arg>NU</arg>
<arg>NZ</arg>
<arg>OM</arg>
<arg>PA</arg>
<arg>PE</arg>
<arg>PF</arg>
<arg>PG</arg>
<arg>PH</arg>
<arg>PK</arg>
<arg>PL</arg>
<arg>PM</arg>
<arg>PN</arg>
<arg>PR</arg>
<arg>PS</arg>
<arg>PT</arg>
<arg>PW</arg>
<arg>PY</arg>
<arg>QA</arg>
<arg>RE</arg>
<arg>RO</arg>
<arg>RS</arg>
<arg>RU</arg>
<arg>RW</arg>
<arg>SA</arg>
<arg>SB</arg>
<arg>SC</arg>
<arg>SD</arg>
<arg>SE</arg>
<arg>SG</arg>
<arg>SH</arg>
<arg>SI</arg>
<arg>SJ</arg>
<arg>SK</arg>
<arg>SL</arg>
<arg>SM</arg>
<arg>SN</arg>
<arg>SO</arg>
<arg>SR</arg>
<arg>SS</arg>
<arg>ST</arg>
<arg>SV</arg>
<arg>SX</arg>
<arg>SY</arg>
<arg>SZ</arg>
<arg>TC</arg>
<arg>TD</arg>
<arg>TF</arg>
<arg>TG</arg>
<arg>TH</arg>
<arg>TJ</arg>
<arg>TK</arg>
<arg>TL</arg>
<arg>TM</arg>
<arg>TN</arg>
<arg>TO</arg>
<arg>TR</arg>
<arg>TT</arg>
<arg>TV</arg>
<arg>TW</arg>
<arg>TZ</arg>
<arg>UA</arg>
<arg>UG</arg>
<arg>UM</arg>
<arg>US</arg>
<arg>UY</arg>
<arg>UZ</arg>
<arg>VA</arg>
<arg>VC</arg>
<arg>VE</arg>
<arg>VG</arg>
<arg>VI</arg>
<arg>VN</arg>
<arg>VU</arg>
<arg>WF</arg>
<arg>WS</arg>
<arg>XK</arg>
<arg>YE</arg>
<arg>YT</arg>
<arg>ZA</arg>
<arg>ZM</arg>
<arg>ZW</arg>
<doc>Returns a list containing given items.</doc>
<status status="PASS" start="2024-05-01T06:20:02.127424" elapsed="0.000614"/>
</kw>
<kw name="List Should Contain Value" owner="Collections">
<msg time="2024-05-01T06:20:02.129009" level="INFO">False</msg>
<arg>${list_country}</arg>
<arg>${name_country}</arg>
<doc>Fails if the ``value`` is not found from ``list``.</doc>
<status status="PASS" start="2024-05-01T06:20:02.128812" elapsed="0.000233"/>
</kw>
<kw name="Run Keyword If" owner="BuiltIn">
<kw name="Should Be True" owner="BuiltIn">
<arg>${True}</arg>
<doc>Fails if the given condition is not true.</doc>
<status status="PASS" start="2024-05-01T06:20:02.130093" elapsed="0.000239"/>
</kw>
<arg>${json_data["results"][0]["location"]["coordinates"]["latitude"]} &gt;= -90 and ${json_data["results"][0]["location"]["coordinates"]["latitude"]} &lt;= 90</arg>
<arg>Should Be True</arg>
<arg>${True}</arg>
<doc>Runs the given keyword with the given arguments, if ``condition`` is true.</doc>
<status status="PASS" start="2024-05-01T06:20:02.129346" elapsed="0.001115"/>
</kw>
<kw name="Run Keyword If" owner="BuiltIn">
<kw name="Should Be True" owner="BuiltIn">
<arg>${True}</arg>
<doc>Fails if the given condition is not true.</doc>
<status status="PASS" start="2024-05-01T06:20:02.131390" elapsed="0.000139"/>
</kw>
<arg>${json_data["results"][0]["location"]["coordinates"]["longitude"]} &gt;= -180 and ${json_data["results"][0]["location"]["coordinates"]["longitude"]} &lt;= 180</arg>
<arg>Should Be True</arg>
<arg>${True}</arg>
<doc>Runs the given keyword with the given arguments, if ``condition`` is true.</doc>
<status status="PASS" start="2024-05-01T06:20:02.130650" elapsed="0.001003"/>
</kw>
<status status="PASS" start="2024-05-01T06:20:02.018489" elapsed="0.113287"/>
</kw>
<doc>Testa o conteúdo específico dos campos retornados pela API.</doc>
<tag>testeConteudo</tag>
<status status="PASS" start="2024-05-01T06:20:02.017988" elapsed="0.113928"/>
</test>
<status status="PASS" start="2024-05-01T06:20:00.954184" elapsed="1.179680"/>
</suite>
<status status="PASS" start="2024-05-01T06:20:00.940954" elapsed="1.198309"/>
</suite>
<statistics>
<total>
<stat pass="5" fail="0" skip="0">All Tests</stat>
</total>
<tag>
<stat pass="1" fail="0" skip="0">testeConteudo</stat>
<stat pass="1" fail="0" skip="0">testeEstruturaResposta</stat>
<stat pass="1" fail="0" skip="0">testeRequisicaoBasica</stat>
<stat pass="1" fail="0" skip="0">testeTiposDados</stat>
</tag>
<suite>
<stat pass="5" fail="0" skip="0" id="s1" name="Tests">Tests</stat>
<stat pass="5" fail="0" skip="0" id="s1-s1" name="Random-User-Test">Tests.Random-User-Test</stat>
</suite>
</statistics>
<errors>
</errors>
</robot>
