<?xml version="1.0" encoding="UTF-8"?>
<robot generator="Robot 7.0 (Python 3.12.2 on linux)" generated="2024-03-24T06:17:33.255396" rpa="false" schemaversion="5">
<suite id="s1" name="Tests" source="/home/runner/work/DesafioQAItauRogerioJordao/DesafioQAItauRogerioJordao/RamdonUser/tests">
<suite id="s1-s1" name="Random-User-Test" source="/home/runner/work/DesafioQAItauRogerioJordao/DesafioQAItauRogerioJordao/RamdonUser/tests/random-user-test.robot">
<test id="s1-s1-t1" name="Conectar" line="13">
<kw name="Conectar API" owner="random-user-service">
<kw name="Create Session" owner="RequestsLibrary">
<msg time="2024-03-24T06:17:33.636467" level="INFO">Creating Session using : alias=consultarAPI, url=https://randomuser.me/, headers={},                     cookies={}, auth=None, timeout=None, proxies=None, verify=False,                     debug=0 </msg>
<arg>consultarAPI</arg>
<arg>${URL}</arg>
<doc>Create Session: create a HTTP session to a server</doc>
<status status="PASS" start="2024-03-24T06:17:33.636264" elapsed="0.000422"/>
</kw>
<status status="PASS" start="2024-03-24T06:17:33.635206" elapsed="0.001840"/>
</kw>
<status status="PASS" start="2024-03-24T06:17:33.634505" elapsed="0.002746"/>
</test>
<test id="s1-s1-t2" name="Validar retorno 200 e JSON Válido" line="16">
<kw name="Teste de Requisicao Basica" owner="random-user-service">
<kw name="GET On Session" owner="RequestsLibrary">
<msg time="2024-03-24T06:17:33.699340" level="INFO">GET Request : url=https://randomuser.me/api 
 path_url=/api 
 headers={'User-Agent': 'python-requests/2.31.0', 'Accept-Encoding': 'gzip, deflate', 'Accept': '*/*', 'Connection': 'keep-alive'} 
 body=None 
 </msg>
<msg time="2024-03-24T06:17:33.699464" level="INFO">GET Response : url=https://randomuser.me/api 
 status=200, reason=OK 
 headers={'Date': 'Sun, 24 Mar 2024 06:17:33 GMT', 'Content-Type': 'application/json; charset=utf-8', 'Transfer-Encoding': 'chunked', 'Connection': 'keep-alive', 'X-Powered-By': 'Express', 'Access-Control-Allow-Origin': '*', 'Cache-Control': 'no-cache', 'ETag': 'W/"48c-7sDkFJMxAPRfyd20wCBzuEk3gnc"', 'Vary': 'Accept-Encoding', 'Content-Encoding': 'gzip', 'CF-Cache-Status': 'DYNAMIC', 'Report-To': '{"endpoints":[{"url":"https:\\/\\/a.nel.cloudflare.com\\/report\\/v4?s=n44dIl62zcAj4HE%2BnmH0Mk%2BYHvFSsS75IMJzhxplIPkMC6aNgNGET3BxY%2FUgTPNO1Rm0Lo4ezQHPECQMgQGojpWhtGto9MpwohizMa6n9WyC48J2RF0PsYKUaL%2BweKIg"}],"group":"cf-nel","max_age":604800}', 'NEL': '{"success_fraction":0,"report_to":"cf-nel","max_age":604800}', 'Server': 'cloudflare', 'CF-RAY': '869489f16c7a2010-IAD', 'alt-svc': 'h3=":443"; ma=86400'} 
 body={"results":[{"gender":"male","name":{"title":"Mr","first":"Steve","last":"Watts"},"location":{"street":{"number":6704,"name":"Church Street"},"city":"Gloucester","state":"Northamptonshire","country":"United Kingdom","postcode":"KT8 2GR","coordinates":{"latitude":"-4.7833","longitude":"-97.9572"},"timezone":{"offset":"-11:00","description":"Midway Island, Samoa"}},"email":"steve.watts@example.com","login":{"uuid":"ef0a26a5-5ce2-494a-91a7-ade0069a759e","username":"redkoala718","password":"ashlee","salt":"wW6jJqOK","md5":"ad46b26bb0adabb5f08e38f4d623792b","sha1":"6cfd230fa732db4d2d71997f9d0e174f86526d50","sha256":"44fb3021c2b7bd1cef3946516ea6a2ed26e77be8327bd27a3969b315276c97db"},"dob":{"date":"1992-05-20T22:01:37.613Z","age":31},"registered":{"date":"2020-10-12T16:36:18.474Z","age":3},"phone":"016977 69307","cell":"07481 603020","id":{"name":"NINO","value":"JR 00 02 83 S"},"picture":{"large":"https://randomuser.me/api/portraits/men/5.jpg","medium":"https://randomuser.me/api/portraits/med/men/5.jpg","thumbnail":"https://randomuser.me/api/portraits/thumb/men/5.jpg"},"nat":"GB"}],"info":{"seed":"11740cd9b0b72c21","results":1,"page":1,"version":"1.4"}} 
 </msg>
<msg time="2024-03-24T06:17:33.699574" level="INFO">/opt/hostedtoolcache/Python/3.12.2/x64/lib/python3.12/site-packages/urllib3/connectionpool.py:1103: InsecureRequestWarning: Unverified HTTPS request is being made to host 'randomuser.me'. Adding certificate verification is strongly advised. See: https://urllib3.readthedocs.io/en/latest/advanced-usage.html#tls-warnings
  warnings.warn(</msg>
<msg time="2024-03-24T06:17:33.699701" level="INFO">${response} = &lt;Response [200]&gt;</msg>
<var>${response}</var>
<arg>consultarAPI</arg>
<arg>/api</arg>
<doc>Sends a GET request on a previously created HTTP Session.</doc>
<status status="PASS" start="2024-03-24T06:17:33.639788" elapsed="0.059953"/>
</kw>
<kw name="Should Be Equal As Numbers" owner="BuiltIn">
<msg time="2024-03-24T06:17:33.700600" level="INFO">Argument types are:
&lt;class 'int'&gt;
&lt;class 'str'&gt;</msg>
<arg>${response.status_code}</arg>
<arg>200</arg>
<doc>Fails if objects are unequal after converting them to real numbers.</doc>
<status status="PASS" start="2024-03-24T06:17:33.700155" elapsed="0.000508"/>
</kw>
<kw name="Log" owner="BuiltIn">
<msg time="2024-03-24T06:17:33.701338" level="INFO">200</msg>
<arg>${response.status_code}</arg>
<doc>Logs the given message with the given level.</doc>
<status status="PASS" start="2024-03-24T06:17:33.700981" elapsed="0.000400"/>
</kw>
<kw name="Set Variable" owner="BuiltIn">
<msg time="2024-03-24T06:17:33.702130" level="INFO">${json_data} = {'results': [{'gender': 'male', 'name': {'title': 'Mr', 'first': 'Steve', 'last': 'Watts'}, 'location': {'street': {'number': 6704, 'name': 'Church Street'}, 'city': 'Gloucester', 'state': 'Northampto...</msg>
<var>${json_data}</var>
<arg>${response.json()}</arg>
<doc>Returns the given values which can then be assigned to a variables.</doc>
<status status="PASS" start="2024-03-24T06:17:33.701687" elapsed="0.000472"/>
</kw>
<kw name="Dictionary Should Contain Key" owner="Collections">
<msg time="2024-03-24T06:17:33.702629" level="INFO">False</msg>
<arg>${json_data}</arg>
<arg>results</arg>
<doc>Fails if ``key`` is not found from ``dictionary``.</doc>
<status status="PASS" start="2024-03-24T06:17:33.702460" elapsed="0.000209"/>
</kw>
<status status="PASS" start="2024-03-24T06:17:33.639536" elapsed="0.063383"/>
</kw>
<doc>Testa se a API responde corretamente e retorna um objeto JSON válido.</doc>
<tag>testeRequisicaoBasica</tag>
<status status="PASS" start="2024-03-24T06:17:33.639070" elapsed="0.064026"/>
</test>
<test id="s1-s1-t3" name="Validar estrutura de resposta" line="22">
<kw name="Teste de Estrutura de Resposta" owner="random-user-service">
<kw name="GET On Session" owner="RequestsLibrary">
<msg time="2024-03-24T06:17:33.802741" level="INFO">GET Request : url=https://randomuser.me/api 
 path_url=/api 
 headers={'User-Agent': 'python-requests/2.31.0', 'Accept-Encoding': 'gzip, deflate', 'Accept': '*/*', 'Connection': 'keep-alive'} 
 body=None 
 </msg>
<msg time="2024-03-24T06:17:33.802820" level="INFO">GET Response : url=https://randomuser.me/api 
 status=200, reason=OK 
 headers={'Date': 'Sun, 24 Mar 2024 06:17:33 GMT', 'Content-Type': 'application/json; charset=utf-8', 'Transfer-Encoding': 'chunked', 'Connection': 'keep-alive', 'X-Powered-By': 'Express', 'Access-Control-Allow-Origin': '*', 'Cache-Control': 'no-cache', 'ETag': 'W/"46f-T2d71zeVRlfPHZLsdQgdeAOtfB0"', 'Vary': 'Accept-Encoding', 'Content-Encoding': 'gzip', 'CF-Cache-Status': 'DYNAMIC', 'Report-To': '{"endpoints":[{"url":"https:\\/\\/a.nel.cloudflare.com\\/report\\/v4?s=MROcbk25m%2BdyeKpSzD%2BUSLPTsU1Ls7Qiwn4Gs7DSrLntif7%2FWFyzOfpBeh92E7YzNnYjcYG8btviR%2FKp70vlcYJXNmaoS4OsJ3Y5VsI5I5BPgjR3Sxt%2FO%2B5zbNj2ve7B"}],"group":"cf-nel","max_age":604800}', 'NEL': '{"success_fraction":0,"report_to":"cf-nel","max_age":604800}', 'Server': 'cloudflare', 'CF-RAY': '869489f1aca42010-IAD', 'alt-svc': 'h3=":443"; ma=86400'} 
 body={"results":[{"gender":"female","name":{"title":"Ms","first":"Olive","last":"Hughes"},"location":{"street":{"number":9774,"name":"Weymouth Road"},"city":"Taupo","state":"Southland","country":"New Zealand","postcode":98723,"coordinates":{"latitude":"54.4317","longitude":"23.0257"},"timezone":{"offset":"+4:30","description":"Kabul"}},"email":"olive.hughes@example.com","login":{"uuid":"b4daffba-f24c-4ed6-a420-5c1c5bfe1c72","username":"beautifulfrog830","password":"bella1","salt":"isY52ANq","md5":"e3c6aedee0f1f5959527cf7928f62564","sha1":"85ad97c23c9b5ad9833bc7b88a32f984ded53056","sha256":"8844380c494511531a1561b4d0f9fe159df35e95f5af542f4c7505512008211e"},"dob":{"date":"1950-01-11T04:37:38.244Z","age":74},"registered":{"date":"2018-01-02T13:34:35.565Z","age":6},"phone":"(799)-074-1102","cell":"(556)-665-2395","id":{"name":"","value":null},"picture":{"large":"https://randomuser.me/api/portraits/women/34.jpg","medium":"https://randomuser.me/api/portraits/med/women/34.jpg","thumbnail":"https://randomuser.me/api/portraits/thumb/women/34.jpg"},"nat":"NZ"}],"info":{"seed":"2e18fa2a2cd3597e","results":1,"page":1,"version":"1.4"}} 
 </msg>
<msg time="2024-03-24T06:17:33.802924" level="INFO">/opt/hostedtoolcache/Python/3.12.2/x64/lib/python3.12/site-packages/urllib3/connectionpool.py:1103: InsecureRequestWarning: Unverified HTTPS request is being made to host 'randomuser.me'. Adding certificate verification is strongly advised. See: https://urllib3.readthedocs.io/en/latest/advanced-usage.html#tls-warnings
  warnings.warn(</msg>
<msg time="2024-03-24T06:17:33.803018" level="INFO">${response} = &lt;Response [200]&gt;</msg>
<var>${response}</var>
<arg>consultarAPI</arg>
<arg>/api</arg>
<doc>Sends a GET request on a previously created HTTP Session.</doc>
<status status="PASS" start="2024-03-24T06:17:33.706224" elapsed="0.096821"/>
</kw>
<kw name="Set Variable" owner="BuiltIn">
<msg time="2024-03-24T06:17:33.803891" level="INFO">${json_data} = {'results': [{'gender': 'female', 'name': {'title': 'Ms', 'first': 'Olive', 'last': 'Hughes'}, 'location': {'street': {'number': 9774, 'name': 'Weymouth Road'}, 'city': 'Taupo', 'state': 'Southland', ...</msg>
<var>${json_data}</var>
<arg>${response.json()}</arg>
<doc>Returns the given values which can then be assigned to a variables.</doc>
<status status="PASS" start="2024-03-24T06:17:33.803433" elapsed="0.000487"/>
</kw>
<kw name="Log" owner="BuiltIn">
<msg time="2024-03-24T06:17:33.804420" level="INFO">{'results': [{'gender': 'female', 'name': {'title': 'Ms', 'first': 'Olive', 'last': 'Hughes'}, 'location': {'street': {'number': 9774, 'name': 'Weymouth Road'}, 'city': 'Taupo', 'state': 'Southland', 'country': 'New Zealand', 'postcode': 98723, 'coordinates': {'latitude': '54.4317', 'longitude': '23.0257'}, 'timezone': {'offset': '+4:30', 'description': 'Kabul'}}, 'email': 'olive.hughes@example.com', 'login': {'uuid': 'b4daffba-f24c-4ed6-a420-5c1c5bfe1c72', 'username': 'beautifulfrog830', 'password': 'bella1', 'salt': 'isY52ANq', 'md5': 'e3c6aedee0f1f5959527cf7928f62564', 'sha1': '85ad97c23c9b5ad9833bc7b88a32f984ded53056', 'sha256': '8844380c494511531a1561b4d0f9fe159df35e95f5af542f4c7505512008211e'}, 'dob': {'date': '1950-01-11T04:37:38.244Z', 'age': 74}, 'registered': {'date': '2018-01-02T13:34:35.565Z', 'age': 6}, 'phone': '(799)-074-1102', 'cell': '(556)-665-2395', 'id': {'name': '', 'value': None}, 'picture': {'large': 'https://randomuser.me/api/portraits/women/34.jpg', 'medium': 'https://randomuser.me/api/portraits/med/women/34.jpg', 'thumbnail': 'https://randomuser.me/api/portraits/thumb/women/34.jpg'}, 'nat': 'NZ'}], 'info': {'seed': '2e18fa2a2cd3597e', 'results': 1, 'page': 1, 'version': '1.4'}}</msg>
<arg>${json_data}</arg>
<doc>Logs the given message with the given level.</doc>
<status status="PASS" start="2024-03-24T06:17:33.804261" elapsed="0.000207"/>
</kw>
<kw name="Dictionary Should Contain Key" owner="Collections">
<msg time="2024-03-24T06:17:33.804963" level="INFO">False</msg>
<arg>${json_data}</arg>
<arg>results</arg>
<doc>Fails if ``key`` is not found from ``dictionary``.</doc>
<status status="PASS" start="2024-03-24T06:17:33.804808" elapsed="0.000193"/>
</kw>
<kw name="Should Not Be Empty" owner="BuiltIn">
<msg time="2024-03-24T06:17:33.805433" level="INFO">Length is 2.</msg>
<arg>${json_data}</arg>
<doc>Verifies that the given item is not empty.</doc>
<status status="PASS" start="2024-03-24T06:17:33.805298" elapsed="0.000175"/>
</kw>
<kw name="Create List" owner="BuiltIn">
<msg time="2024-03-24T06:17:33.805917" level="INFO">${expected_keys} = ['gender', 'name', 'location', 'email', 'login']</msg>
<var>${expected_keys}</var>
<arg>gender</arg>
<arg>name</arg>
<arg>location</arg>
<arg>email</arg>
<arg>login</arg>
<doc>Returns a list containing given items.</doc>
<status status="PASS" start="2024-03-24T06:17:33.805768" elapsed="0.000173"/>
</kw>
<for flavor="IN">
<iter>
<kw name="Dictionary Should Contain Key" owner="Collections">
<msg time="2024-03-24T06:17:33.806911" level="INFO">False</msg>
<arg>${json_data['results'][0]}</arg>
<arg>${key}</arg>
<doc>Fails if ``key`` is not found from ``dictionary``.</doc>
<status status="PASS" start="2024-03-24T06:17:33.806511" elapsed="0.000440"/>
</kw>
<kw name="Log" owner="BuiltIn">
<msg time="2024-03-24T06:17:33.807662" level="INFO">{'gender': 'female', 'name': {'title': 'Ms', 'first': 'Olive', 'last': 'Hughes'}, 'location': {'street': {'number': 9774, 'name': 'Weymouth Road'}, 'city': 'Taupo', 'state': 'Southland', 'country': 'New Zealand', 'postcode': 98723, 'coordinates': {'latitude': '54.4317', 'longitude': '23.0257'}, 'timezone': {'offset': '+4:30', 'description': 'Kabul'}}, 'email': 'olive.hughes@example.com', 'login': {'uuid': 'b4daffba-f24c-4ed6-a420-5c1c5bfe1c72', 'username': 'beautifulfrog830', 'password': 'bella1', 'salt': 'isY52ANq', 'md5': 'e3c6aedee0f1f5959527cf7928f62564', 'sha1': '85ad97c23c9b5ad9833bc7b88a32f984ded53056', 'sha256': '8844380c494511531a1561b4d0f9fe159df35e95f5af542f4c7505512008211e'}, 'dob': {'date': '1950-01-11T04:37:38.244Z', 'age': 74}, 'registered': {'date': '2018-01-02T13:34:35.565Z', 'age': 6}, 'phone': '(799)-074-1102', 'cell': '(556)-665-2395', 'id': {'name': '', 'value': None}, 'picture': {'large': 'https://randomuser.me/api/portraits/women/34.jpg', 'medium': 'https://randomuser.me/api/portraits/med/women/34.jpg', 'thumbnail': 'https://randomuser.me/api/portraits/thumb/women/34.jpg'}, 'nat': 'NZ'}</msg>
<arg>${json_data['results'][0]}</arg>
<doc>Logs the given message with the given level.</doc>
<status status="PASS" start="2024-03-24T06:17:33.807280" elapsed="0.000436"/>
</kw>
<kw name="Log" owner="BuiltIn">
<msg time="2024-03-24T06:17:33.808161" level="INFO">gender</msg>
<arg>${key}</arg>
<doc>Logs the given message with the given level.</doc>
<status status="PASS" start="2024-03-24T06:17:33.808025" elapsed="0.000176"/>
</kw>
<var name="${key}">gender</var>
<status status="PASS" start="2024-03-24T06:17:33.806388" elapsed="0.002038"/>
</iter>
<iter>
<kw name="Dictionary Should Contain Key" owner="Collections">
<msg time="2024-03-24T06:17:33.809149" level="INFO">False</msg>
<arg>${json_data['results'][0]}</arg>
<arg>${key}</arg>
<doc>Fails if ``key`` is not found from ``dictionary``.</doc>
<status status="PASS" start="2024-03-24T06:17:33.808764" elapsed="0.000424"/>
</kw>
<kw name="Log" owner="BuiltIn">
<msg time="2024-03-24T06:17:33.809891" level="INFO">{'gender': 'female', 'name': {'title': 'Ms', 'first': 'Olive', 'last': 'Hughes'}, 'location': {'street': {'number': 9774, 'name': 'Weymouth Road'}, 'city': 'Taupo', 'state': 'Southland', 'country': 'New Zealand', 'postcode': 98723, 'coordinates': {'latitude': '54.4317', 'longitude': '23.0257'}, 'timezone': {'offset': '+4:30', 'description': 'Kabul'}}, 'email': 'olive.hughes@example.com', 'login': {'uuid': 'b4daffba-f24c-4ed6-a420-5c1c5bfe1c72', 'username': 'beautifulfrog830', 'password': 'bella1', 'salt': 'isY52ANq', 'md5': 'e3c6aedee0f1f5959527cf7928f62564', 'sha1': '85ad97c23c9b5ad9833bc7b88a32f984ded53056', 'sha256': '8844380c494511531a1561b4d0f9fe159df35e95f5af542f4c7505512008211e'}, 'dob': {'date': '1950-01-11T04:37:38.244Z', 'age': 74}, 'registered': {'date': '2018-01-02T13:34:35.565Z', 'age': 6}, 'phone': '(799)-074-1102', 'cell': '(556)-665-2395', 'id': {'name': '', 'value': None}, 'picture': {'large': 'https://randomuser.me/api/portraits/women/34.jpg', 'medium': 'https://randomuser.me/api/portraits/med/women/34.jpg', 'thumbnail': 'https://randomuser.me/api/portraits/thumb/women/34.jpg'}, 'nat': 'NZ'}</msg>
<arg>${json_data['results'][0]}</arg>
<doc>Logs the given message with the given level.</doc>
<status status="PASS" start="2024-03-24T06:17:33.809522" elapsed="0.000418"/>
</kw>
<kw name="Log" owner="BuiltIn">
<msg time="2024-03-24T06:17:33.810377" level="INFO">name</msg>
<arg>${key}</arg>
<doc>Logs the given message with the given level.</doc>
<status status="PASS" start="2024-03-24T06:17:33.810248" elapsed="0.000168"/>
</kw>
<var name="${key}">name</var>
<status status="PASS" start="2024-03-24T06:17:33.808648" elapsed="0.001987"/>
</iter>
<iter>
<kw name="Dictionary Should Contain Key" owner="Collections">
<msg time="2024-03-24T06:17:33.811313" level="INFO">False</msg>
<arg>${json_data['results'][0]}</arg>
<arg>${key}</arg>
<doc>Fails if ``key`` is not found from ``dictionary``.</doc>
<status status="PASS" start="2024-03-24T06:17:33.810933" elapsed="0.000418"/>
</kw>
<kw name="Log" owner="BuiltIn">
<msg time="2024-03-24T06:17:33.812019" level="INFO">{'gender': 'female', 'name': {'title': 'Ms', 'first': 'Olive', 'last': 'Hughes'}, 'location': {'street': {'number': 9774, 'name': 'Weymouth Road'}, 'city': 'Taupo', 'state': 'Southland', 'country': 'New Zealand', 'postcode': 98723, 'coordinates': {'latitude': '54.4317', 'longitude': '23.0257'}, 'timezone': {'offset': '+4:30', 'description': 'Kabul'}}, 'email': 'olive.hughes@example.com', 'login': {'uuid': 'b4daffba-f24c-4ed6-a420-5c1c5bfe1c72', 'username': 'beautifulfrog830', 'password': 'bella1', 'salt': 'isY52ANq', 'md5': 'e3c6aedee0f1f5959527cf7928f62564', 'sha1': '85ad97c23c9b5ad9833bc7b88a32f984ded53056', 'sha256': '8844380c494511531a1561b4d0f9fe159df35e95f5af542f4c7505512008211e'}, 'dob': {'date': '1950-01-11T04:37:38.244Z', 'age': 74}, 'registered': {'date': '2018-01-02T13:34:35.565Z', 'age': 6}, 'phone': '(799)-074-1102', 'cell': '(556)-665-2395', 'id': {'name': '', 'value': None}, 'picture': {'large': 'https://randomuser.me/api/portraits/women/34.jpg', 'medium': 'https://randomuser.me/api/portraits/med/women/34.jpg', 'thumbnail': 'https://randomuser.me/api/portraits/thumb/women/34.jpg'}, 'nat': 'NZ'}</msg>
<arg>${json_data['results'][0]}</arg>
<doc>Logs the given message with the given level.</doc>
<status status="PASS" start="2024-03-24T06:17:33.811653" elapsed="0.000418"/>
</kw>
<kw name="Log" owner="BuiltIn">
<msg time="2024-03-24T06:17:33.812515" level="INFO">location</msg>
<arg>${key}</arg>
<doc>Logs the given message with the given level.</doc>
<status status="PASS" start="2024-03-24T06:17:33.812364" elapsed="0.000193"/>
</kw>
<var name="${key}">location</var>
<status status="PASS" start="2024-03-24T06:17:33.810819" elapsed="0.001966"/>
</iter>
<iter>
<kw name="Dictionary Should Contain Key" owner="Collections">
<msg time="2024-03-24T06:17:33.813453" level="INFO">False</msg>
<arg>${json_data['results'][0]}</arg>
<arg>${key}</arg>
<doc>Fails if ``key`` is not found from ``dictionary``.</doc>
<status status="PASS" start="2024-03-24T06:17:33.813073" elapsed="0.000417"/>
</kw>
<kw name="Log" owner="BuiltIn">
<msg time="2024-03-24T06:17:33.814144" level="INFO">{'gender': 'female', 'name': {'title': 'Ms', 'first': 'Olive', 'last': 'Hughes'}, 'location': {'street': {'number': 9774, 'name': 'Weymouth Road'}, 'city': 'Taupo', 'state': 'Southland', 'country': 'New Zealand', 'postcode': 98723, 'coordinates': {'latitude': '54.4317', 'longitude': '23.0257'}, 'timezone': {'offset': '+4:30', 'description': 'Kabul'}}, 'email': 'olive.hughes@example.com', 'login': {'uuid': 'b4daffba-f24c-4ed6-a420-5c1c5bfe1c72', 'username': 'beautifulfrog830', 'password': 'bella1', 'salt': 'isY52ANq', 'md5': 'e3c6aedee0f1f5959527cf7928f62564', 'sha1': '85ad97c23c9b5ad9833bc7b88a32f984ded53056', 'sha256': '8844380c494511531a1561b4d0f9fe159df35e95f5af542f4c7505512008211e'}, 'dob': {'date': '1950-01-11T04:37:38.244Z', 'age': 74}, 'registered': {'date': '2018-01-02T13:34:35.565Z', 'age': 6}, 'phone': '(799)-074-1102', 'cell': '(556)-665-2395', 'id': {'name': '', 'value': None}, 'picture': {'large': 'https://randomuser.me/api/portraits/women/34.jpg', 'medium': 'https://randomuser.me/api/portraits/med/women/34.jpg', 'thumbnail': 'https://randomuser.me/api/portraits/thumb/women/34.jpg'}, 'nat': 'NZ'}</msg>
<arg>${json_data['results'][0]}</arg>
<doc>Logs the given message with the given level.</doc>
<status status="PASS" start="2024-03-24T06:17:33.813786" elapsed="0.000404"/>
</kw>
<kw name="Log" owner="BuiltIn">
<msg time="2024-03-24T06:17:33.814607" level="INFO">email</msg>
<arg>${key}</arg>
<doc>Logs the given message with the given level.</doc>
<status status="PASS" start="2024-03-24T06:17:33.814481" elapsed="0.000165"/>
</kw>
<var name="${key}">email</var>
<status status="PASS" start="2024-03-24T06:17:33.812960" elapsed="0.001902"/>
</iter>
<iter>
<kw name="Dictionary Should Contain Key" owner="Collections">
<msg time="2024-03-24T06:17:33.815544" level="INFO">False</msg>
<arg>${json_data['results'][0]}</arg>
<arg>${key}</arg>
<doc>Fails if ``key`` is not found from ``dictionary``.</doc>
<status status="PASS" start="2024-03-24T06:17:33.815150" elapsed="0.000432"/>
</kw>
<kw name="Log" owner="BuiltIn">
<msg time="2024-03-24T06:17:33.816237" level="INFO">{'gender': 'female', 'name': {'title': 'Ms', 'first': 'Olive', 'last': 'Hughes'}, 'location': {'street': {'number': 9774, 'name': 'Weymouth Road'}, 'city': 'Taupo', 'state': 'Southland', 'country': 'New Zealand', 'postcode': 98723, 'coordinates': {'latitude': '54.4317', 'longitude': '23.0257'}, 'timezone': {'offset': '+4:30', 'description': 'Kabul'}}, 'email': 'olive.hughes@example.com', 'login': {'uuid': 'b4daffba-f24c-4ed6-a420-5c1c5bfe1c72', 'username': 'beautifulfrog830', 'password': 'bella1', 'salt': 'isY52ANq', 'md5': 'e3c6aedee0f1f5959527cf7928f62564', 'sha1': '85ad97c23c9b5ad9833bc7b88a32f984ded53056', 'sha256': '8844380c494511531a1561b4d0f9fe159df35e95f5af542f4c7505512008211e'}, 'dob': {'date': '1950-01-11T04:37:38.244Z', 'age': 74}, 'registered': {'date': '2018-01-02T13:34:35.565Z', 'age': 6}, 'phone': '(799)-074-1102', 'cell': '(556)-665-2395', 'id': {'name': '', 'value': None}, 'picture': {'large': 'https://randomuser.me/api/portraits/women/34.jpg', 'medium': 'https://randomuser.me/api/portraits/med/women/34.jpg', 'thumbnail': 'https://randomuser.me/api/portraits/thumb/women/34.jpg'}, 'nat': 'NZ'}</msg>
<arg>${json_data['results'][0]}</arg>
<doc>Logs the given message with the given level.</doc>
<status status="PASS" start="2024-03-24T06:17:33.815876" elapsed="0.000408"/>
</kw>
<kw name="Log" owner="BuiltIn">
<msg time="2024-03-24T06:17:33.816732" level="INFO">login</msg>
<arg>${key}</arg>
<doc>Logs the given message with the given level.</doc>
<status status="PASS" start="2024-03-24T06:17:33.816605" elapsed="0.000270"/>
</kw>
<var name="${key}">login</var>
<status status="PASS" start="2024-03-24T06:17:33.815034" elapsed="0.002067"/>
</iter>
<var>${key}</var>
<value>@{expected_keys}</value>
<status status="PASS" start="2024-03-24T06:17:33.806207" elapsed="0.011019"/>
</for>
<kw name="Create List" owner="BuiltIn">
<msg time="2024-03-24T06:17:33.817592" level="INFO">${expected_keysTwo} = ['username', 'password']</msg>
<var>${expected_keysTwo}</var>
<arg>username</arg>
<arg>password</arg>
<doc>Returns a list containing given items.</doc>
<status status="PASS" start="2024-03-24T06:17:33.817452" elapsed="0.000163"/>
</kw>
<for flavor="IN">
<iter>
<kw name="Dictionary Should Contain Key" owner="Collections">
<msg time="2024-03-24T06:17:33.818495" level="INFO">False</msg>
<arg>${json_data['results'][0]['login']}</arg>
<arg>${keyTwo}</arg>
<doc>Fails if ``key`` is not found from ``dictionary``.</doc>
<status status="PASS" start="2024-03-24T06:17:33.818114" elapsed="0.000419"/>
</kw>
<kw name="Dictionary Should Contain Key" owner="Collections">
<msg time="2024-03-24T06:17:33.819216" level="INFO">False</msg>
<arg>${json_data['results'][0]['login']}</arg>
<arg>${keyTwo}</arg>
<doc>Fails if ``key`` is not found from ``dictionary``.</doc>
<status status="PASS" start="2024-03-24T06:17:33.818835" elapsed="0.000419"/>
</kw>
<kw name="Log" owner="BuiltIn">
<msg time="2024-03-24T06:17:33.819677" level="INFO">username</msg>
<arg>${keyTwo}</arg>
<doc>Logs the given message with the given level.</doc>
<status status="PASS" start="2024-03-24T06:17:33.819548" elapsed="0.000167"/>
</kw>
<var name="${keyTwo}">username</var>
<status status="PASS" start="2024-03-24T06:17:33.818004" elapsed="0.001929"/>
</iter>
<iter>
<kw name="Dictionary Should Contain Key" owner="Collections">
<msg time="2024-03-24T06:17:33.820637" level="INFO">False</msg>
<arg>${json_data['results'][0]['login']}</arg>
<arg>${keyTwo}</arg>
<doc>Fails if ``key`` is not found from ``dictionary``.</doc>
<status status="PASS" start="2024-03-24T06:17:33.820227" elapsed="0.000448"/>
</kw>
<kw name="Dictionary Should Contain Key" owner="Collections">
<msg time="2024-03-24T06:17:33.821357" level="INFO">False</msg>
<arg>${json_data['results'][0]['login']}</arg>
<arg>${keyTwo}</arg>
<doc>Fails if ``key`` is not found from ``dictionary``.</doc>
<status status="PASS" start="2024-03-24T06:17:33.820974" elapsed="0.000420"/>
</kw>
<kw name="Log" owner="BuiltIn">
<msg time="2024-03-24T06:17:33.821815" level="INFO">password</msg>
<arg>${keyTwo}</arg>
<doc>Logs the given message with the given level.</doc>
<status status="PASS" start="2024-03-24T06:17:33.821685" elapsed="0.000168"/>
</kw>
<var name="${keyTwo}">password</var>
<status status="PASS" start="2024-03-24T06:17:33.820114" elapsed="0.001954"/>
</iter>
<var>${keyTwo}</var>
<value>@{expected_keysTwo}</value>
<status status="PASS" start="2024-03-24T06:17:33.817851" elapsed="0.004339"/>
</for>
<status status="PASS" start="2024-03-24T06:17:33.705844" elapsed="0.116486"/>
</kw>
<doc>Testa a estrutura da resposta da API.</doc>
<tag>testeEstruturaResposta</tag>
<status status="PASS" start="2024-03-24T06:17:33.704912" elapsed="0.117569"/>
</test>
<test id="s1-s1-t4" name="Validar tipos de dados" line="28">
<kw name="Teste de Tipos de Dados" owner="random-user-service">
<kw name="GET On Session" owner="RequestsLibrary">
<msg time="2024-03-24T06:17:33.898779" level="INFO">GET Request : url=https://randomuser.me/api 
 path_url=/api 
 headers={'User-Agent': 'python-requests/2.31.0', 'Accept-Encoding': 'gzip, deflate', 'Accept': '*/*', 'Connection': 'keep-alive'} 
 body=None 
 </msg>
<msg time="2024-03-24T06:17:33.898863" level="INFO">GET Response : url=https://randomuser.me/api 
 status=200, reason=OK 
 headers={'Date': 'Sun, 24 Mar 2024 06:17:33 GMT', 'Content-Type': 'application/json; charset=utf-8', 'Transfer-Encoding': 'chunked', 'Connection': 'keep-alive', 'X-Powered-By': 'Express', 'Access-Control-Allow-Origin': '*', 'Cache-Control': 'no-cache', 'ETag': 'W/"472-lgTmr31cjq//iPKKJmZi5N/UJB0"', 'Vary': 'Accept-Encoding', 'Content-Encoding': 'gzip', 'CF-Cache-Status': 'DYNAMIC', 'Report-To': '{"endpoints":[{"url":"https:\\/\\/a.nel.cloudflare.com\\/report\\/v4?s=05%2FM47wb67HJIl56oiWn1C%2Brd%2BXbhsb01hJMorNAjKgr8nCszYMA8T6jTP0v8edtS8RV%2Bsdg5IlktIBUyiGwtV66VRA8NdCclqL6%2Fakh0%2FfqZOU%2BQpTDGORiHmCLIp0k"}],"group":"cf-nel","max_age":604800}', 'NEL': '{"success_fraction":0,"report_to":"cf-nel","max_age":604800}', 'Server': 'cloudflare', 'CF-RAY': '869489f26d382010-IAD', 'alt-svc': 'h3=":443"; ma=86400'} 
 body={"results":[{"gender":"male","name":{"title":"Mr","first":"Alan","last":"Johnson"},"location":{"street":{"number":5485,"name":"Fincher Rd"},"city":"Topeka","state":"Kansas","country":"United States","postcode":16069,"coordinates":{"latitude":"85.4469","longitude":"-179.9107"},"timezone":{"offset":"+5:45","description":"Kathmandu"}},"email":"alan.johnson@example.com","login":{"uuid":"07b84e41-8039-4516-8845-cb75e0eea8b2","username":"crazyfrog793","password":"loose","salt":"HanKwgzG","md5":"ba718270eebf0a3234df86ba527be895","sha1":"1f3b6f8607489ed16f22f1409b72312d1dc0ec66","sha256":"7512685f8a2f7d1769b567b69905c456848cfea478ba3ae7b3053e38151f8cd5"},"dob":{"date":"1986-01-05T07:09:01.562Z","age":38},"registered":{"date":"2011-11-23T15:22:05.775Z","age":12},"phone":"(908) 965-7170","cell":"(915) 214-1861","id":{"name":"SSN","value":"244-95-0993"},"picture":{"large":"https://randomuser.me/api/portraits/men/32.jpg","medium":"https://randomuser.me/api/portraits/med/men/32.jpg","thumbnail":"https://randomuser.me/api/portraits/thumb/men/32.jpg"},"nat":"US"}],"info":{"seed":"d00bb2faf458167a","results":1,"page":1,"version":"1.4"}} 
 </msg>
<msg time="2024-03-24T06:17:33.898933" level="INFO">/opt/hostedtoolcache/Python/3.12.2/x64/lib/python3.12/site-packages/urllib3/connectionpool.py:1103: InsecureRequestWarning: Unverified HTTPS request is being made to host 'randomuser.me'. Adding certificate verification is strongly advised. See: https://urllib3.readthedocs.io/en/latest/advanced-usage.html#tls-warnings
  warnings.warn(</msg>
<msg time="2024-03-24T06:17:33.899024" level="INFO">${response} = &lt;Response [200]&gt;</msg>
<var>${response}</var>
<arg>consultarAPI</arg>
<arg>/api</arg>
<doc>Sends a GET request on a previously created HTTP Session.</doc>
<status status="PASS" start="2024-03-24T06:17:33.825015" elapsed="0.074034"/>
</kw>
<kw name="Set Variable" owner="BuiltIn">
<msg time="2024-03-24T06:17:33.899881" level="INFO">${json_data} = {'results': [{'gender': 'male', 'name': {'title': 'Mr', 'first': 'Alan', 'last': 'Johnson'}, 'location': {'street': {'number': 5485, 'name': 'Fincher Rd'}, 'city': 'Topeka', 'state': 'Kansas', 'countr...</msg>
<var>${json_data}</var>
<arg>${response.json()}</arg>
<doc>Returns the given values which can then be assigned to a variables.</doc>
<status status="PASS" start="2024-03-24T06:17:33.899436" elapsed="0.000473"/>
</kw>
<kw name="Log" owner="BuiltIn">
<msg time="2024-03-24T06:17:33.900371" level="INFO">{'results': [{'gender': 'male', 'name': {'title': 'Mr', 'first': 'Alan', 'last': 'Johnson'}, 'location': {'street': {'number': 5485, 'name': 'Fincher Rd'}, 'city': 'Topeka', 'state': 'Kansas', 'country': 'United States', 'postcode': 16069, 'coordinates': {'latitude': '85.4469', 'longitude': '-179.9107'}, 'timezone': {'offset': '+5:45', 'description': 'Kathmandu'}}, 'email': 'alan.johnson@example.com', 'login': {'uuid': '07b84e41-8039-4516-8845-cb75e0eea8b2', 'username': 'crazyfrog793', 'password': 'loose', 'salt': 'HanKwgzG', 'md5': 'ba718270eebf0a3234df86ba527be895', 'sha1': '1f3b6f8607489ed16f22f1409b72312d1dc0ec66', 'sha256': '7512685f8a2f7d1769b567b69905c456848cfea478ba3ae7b3053e38151f8cd5'}, 'dob': {'date': '1986-01-05T07:09:01.562Z', 'age': 38}, 'registered': {'date': '2011-11-23T15:22:05.775Z', 'age': 12}, 'phone': '(908) 965-7170', 'cell': '(915) 214-1861', 'id': {'name': 'SSN', 'value': '244-95-0993'}, 'picture': {'large': 'https://randomuser.me/api/portraits/men/32.jpg', 'medium': 'https://randomuser.me/api/portraits/med/men/32.jpg', 'thumbnail': 'https://randomuser.me/api/portraits/thumb/men/32.jpg'}, 'nat': 'US'}], 'info': {'seed': 'd00bb2faf458167a', 'results': 1, 'page': 1, 'version': '1.4'}}</msg>
<arg>${json_data}</arg>
<doc>Logs the given message with the given level.</doc>
<status status="PASS" start="2024-03-24T06:17:33.900220" elapsed="0.000198"/>
</kw>
<kw name="Should Be String" owner="String">
<arg>${json_data['results'][0]['gender']}</arg>
<doc>Fails if the given ``item`` is not a string.</doc>
<status status="PASS" start="2024-03-24T06:17:33.900791" elapsed="0.000366"/>
</kw>
<kw name="Should Match Regexp" owner="BuiltIn">
<arg>${json_data['results'][0]['email']}</arg>
<arg>^[a-zA-Z0-9._%+-]+@[a-zA-Z0-9.-]+\.[a-zA-Z]{2,}$</arg>
<doc>Fails if ``string`` does not match ``pattern`` as a regular expression.</doc>
<status status="PASS" start="2024-03-24T06:17:33.901352" elapsed="0.000509"/>
</kw>
<kw name="Should Match Regexp" owner="BuiltIn">
<arg>${json_data['results'][0]['dob']['date']}</arg>
<arg>\\d{4}-\\d{2}-\\d{2}T\\d{2}:\\d{2}:\\d{2}\\.\\d{3}Z</arg>
<doc>Fails if ``string`` does not match ``pattern`` as a regular expression.</doc>
<status status="PASS" start="2024-03-24T06:17:33.902060" elapsed="0.000513"/>
</kw>
<kw name="Should Match Regexp" owner="BuiltIn">
<arg>${json_data['results'][0]['registered']['date']}</arg>
<arg>\\d{4}-\\d{2}-\\d{2}T\\d{2}:\\d{2}:\\d{2}\\.\\d{3}Z</arg>
<doc>Fails if ``string`` does not match ``pattern`` as a regular expression.</doc>
<status status="PASS" start="2024-03-24T06:17:33.902769" elapsed="0.000371"/>
</kw>
<kw name="Should Match Regexp" owner="BuiltIn">
<arg>${json_data['results'][0]['picture']['large']}</arg>
<arg>^https?://.*\.(?:png|jpe?g|gif|bmp)$</arg>
<doc>Fails if ``string`` does not match ``pattern`` as a regular expression.</doc>
<status status="PASS" start="2024-03-24T06:17:33.903329" elapsed="0.000468"/>
</kw>
<kw name="Should Match Regexp" owner="BuiltIn">
<arg>${json_data['results'][0]['picture']['medium']}</arg>
<arg>^https?://.*\.(?:png|jpe?g|gif|bmp)$</arg>
<doc>Fails if ``string`` does not match ``pattern`` as a regular expression.</doc>
<status status="PASS" start="2024-03-24T06:17:33.903989" elapsed="0.000361"/>
</kw>
<kw name="Should Match Regexp" owner="BuiltIn">
<arg>${json_data['results'][0]['picture']['thumbnail']}</arg>
<arg>^https?://.*\.(?:png|jpe?g|gif|bmp)$</arg>
<doc>Fails if ``string`` does not match ``pattern`` as a regular expression.</doc>
<status status="PASS" start="2024-03-24T06:17:33.904568" elapsed="0.000357"/>
</kw>
<kw name="Log" owner="BuiltIn">
<msg time="2024-03-24T06:17:33.905439" level="INFO">{'large': 'https://randomuser.me/api/portraits/men/32.jpg', 'medium': 'https://randomuser.me/api/portraits/med/men/32.jpg', 'thumbnail': 'https://randomuser.me/api/portraits/thumb/men/32.jpg'}</msg>
<arg>${json_data['results'][0]['picture']}</arg>
<doc>Logs the given message with the given level.</doc>
<status status="PASS" start="2024-03-24T06:17:33.905107" elapsed="0.000379"/>
</kw>
<status status="PASS" start="2024-03-24T06:17:33.824790" elapsed="0.080947"/>
</kw>
<kw name="Teste de Tipos de Dados - Postcode" owner="random-user-service">
<kw name="GET On Session" owner="RequestsLibrary">
<msg time="2024-03-24T06:17:34.000178" level="INFO">GET Request : url=https://randomuser.me/api 
 path_url=/api 
 headers={'User-Agent': 'python-requests/2.31.0', 'Accept-Encoding': 'gzip, deflate', 'Accept': '*/*', 'Connection': 'keep-alive'} 
 body=None 
 </msg>
<msg time="2024-03-24T06:17:34.000241" level="INFO">GET Response : url=https://randomuser.me/api 
 status=200, reason=OK 
 headers={'Date': 'Sun, 24 Mar 2024 06:17:33 GMT', 'Content-Type': 'application/json; charset=utf-8', 'Transfer-Encoding': 'chunked', 'Connection': 'keep-alive', 'X-Powered-By': 'Express', 'Access-Control-Allow-Origin': '*', 'Cache-Control': 'no-cache', 'ETag': 'W/"47f-on2owaISv+xvUK0KPW0t7S7co2k"', 'Vary': 'Accept-Encoding', 'Content-Encoding': 'gzip', 'CF-Cache-Status': 'DYNAMIC', 'Report-To': '{"endpoints":[{"url":"https:\\/\\/a.nel.cloudflare.com\\/report\\/v4?s=DvKrCDrgBNxcaPknDIqLD8C6F2kEUs7NfR%2B%2BCgPkVte3f8VQnMYSRHYzilqbhH%2FLtZuo3p2eoQpMBe9Vu7c0ukSqPoVA8G7sqWaAY4vSf3ooyPcuyRhM%2FvinFzuk4CV4"}],"group":"cf-nel","max_age":604800}', 'NEL': '{"success_fraction":0,"report_to":"cf-nel","max_age":604800}', 'Server': 'cloudflare', 'CF-RAY': '869489f2ed9c2010-IAD', 'alt-svc': 'h3=":443"; ma=86400'} 
 body={"results":[{"gender":"female","name":{"title":"Miss","first":"Tyra","last":"Grønlie"},"location":{"street":{"number":5002,"name":"Hafrsfjordgata"},"city":"Løten","state":"Oslo","country":"Norway","postcode":"2076","coordinates":{"latitude":"47.0703","longitude":"27.4139"},"timezone":{"offset":"+2:00","description":"Kaliningrad, South Africa"}},"email":"tyra.gronlie@example.com","login":{"uuid":"e4188479-578b-48e9-90b9-863ab1c88381","username":"purpleleopard459","password":"racecar","salt":"DHTG5Lfa","md5":"a0e539b6e690743a40ed6c7cdc83ec51","sha1":"787998e203812f69fbf582966e2ef9cb87784aea","sha256":"e1837766d90dbbe3cafcc125004eee816bbda1908d30fb62d9c7bfd54ad1dcfa"},"dob":{"date":"1956-06-08T19:12:14.795Z","age":67},"registered":{"date":"2014-12-15T12:56:04.373Z","age":9},"phone":"27552508","cell":"42939184","id":{"name":"FN","value":"08065648831"},"picture":{"large":"https://randomuser.me/api/portraits/women/69.jpg","medium":"https://randomuser.me/api/portraits/med/women/69.jpg","thumbnail":"https://randomuser.me/api/portraits/thumb/women/69.jpg"},"nat":"NO"}],"info":{"seed":"f705aa4c6f8b0bb5","results":1,"page":1,"version":"1.4"}} 
 </msg>
<msg time="2024-03-24T06:17:34.000307" level="INFO">/opt/hostedtoolcache/Python/3.12.2/x64/lib/python3.12/site-packages/urllib3/connectionpool.py:1103: InsecureRequestWarning: Unverified HTTPS request is being made to host 'randomuser.me'. Adding certificate verification is strongly advised. See: https://urllib3.readthedocs.io/en/latest/advanced-usage.html#tls-warnings
  warnings.warn(</msg>
<msg time="2024-03-24T06:17:34.000392" level="INFO">${response} = &lt;Response [200]&gt;</msg>
<var>${response}</var>
<arg>consultarAPI</arg>
<arg>/api</arg>
<doc>Sends a GET request on a previously created HTTP Session.</doc>
<status status="PASS" start="2024-03-24T06:17:33.906295" elapsed="0.094122"/>
</kw>
<kw name="Set Variable" owner="BuiltIn">
<msg time="2024-03-24T06:17:34.001247" level="INFO">${json_data} = {'results': [{'gender': 'female', 'name': {'title': 'Miss', 'first': 'Tyra', 'last': 'Grønlie'}, 'location': {'street': {'number': 5002, 'name': 'Hafrsfjordgata'}, 'city': 'Løten', 'state': 'Oslo', 'c...</msg>
<var>${json_data}</var>
<arg>${response.json()}</arg>
<doc>Returns the given values which can then be assigned to a variables.</doc>
<status status="PASS" start="2024-03-24T06:17:34.000815" elapsed="0.000461"/>
</kw>
<kw name="Log" owner="BuiltIn">
<msg time="2024-03-24T06:17:34.001728" level="INFO">{'results': [{'gender': 'female', 'name': {'title': 'Miss', 'first': 'Tyra', 'last': 'Grønlie'}, 'location': {'street': {'number': 5002, 'name': 'Hafrsfjordgata'}, 'city': 'Løten', 'state': 'Oslo', 'country': 'Norway', 'postcode': '2076', 'coordinates': {'latitude': '47.0703', 'longitude': '27.4139'}, 'timezone': {'offset': '+2:00', 'description': 'Kaliningrad, South Africa'}}, 'email': 'tyra.gronlie@example.com', 'login': {'uuid': 'e4188479-578b-48e9-90b9-863ab1c88381', 'username': 'purpleleopard459', 'password': 'racecar', 'salt': 'DHTG5Lfa', 'md5': 'a0e539b6e690743a40ed6c7cdc83ec51', 'sha1': '787998e203812f69fbf582966e2ef9cb87784aea', 'sha256': 'e1837766d90dbbe3cafcc125004eee816bbda1908d30fb62d9c7bfd54ad1dcfa'}, 'dob': {'date': '1956-06-08T19:12:14.795Z', 'age': 67}, 'registered': {'date': '2014-12-15T12:56:04.373Z', 'age': 9}, 'phone': '27552508', 'cell': '42939184', 'id': {'name': 'FN', 'value': '08065648831'}, 'picture': {'large': 'https://randomuser.me/api/portraits/women/69.jpg', 'medium': 'https://randomuser.me/api/portraits/med/women/69.jpg', 'thumbnail': 'https://randomuser.me/api/portraits/thumb/women/69.jpg'}, 'nat': 'NO'}], 'info': {'seed': 'f705aa4c6f8b0bb5', 'results': 1, 'page': 1, 'version': '1.4'}}</msg>
<arg>${json_data}</arg>
<doc>Logs the given message with the given level.</doc>
<status status="PASS" start="2024-03-24T06:17:34.001575" elapsed="0.000202"/>
</kw>
<kw name="Should Be Equal As Numbers" owner="BuiltIn">
<arg>${json_data['results'][0]['location']['postcode']}</arg>
<arg>${json_data['results'][0]['location']['postcode']}</arg>
<doc>Fails if objects are unequal after converting them to real numbers.</doc>
<status status="PASS" start="2024-03-24T06:17:34.002071" elapsed="0.000620"/>
</kw>
<kw name="Log" owner="BuiltIn">
<msg time="2024-03-24T06:17:34.003261" level="INFO">2076</msg>
<arg>${json_data['results'][0]['location']['postcode']}</arg>
<doc>Logs the given message with the given level.</doc>
<status status="PASS" start="2024-03-24T06:17:34.002916" elapsed="0.000387"/>
</kw>
<status status="PASS" start="2024-03-24T06:17:33.905949" elapsed="0.097604"/>
</kw>
<doc>Testa se os tipos de dados na resposta da API estão corretos.</doc>
<tag>testeTiposDados</tag>
<status status="PASS" start="2024-03-24T06:17:33.824221" elapsed="0.179493"/>
</test>
<test id="s1-s1-t5" name="Validar conteudo" line="35">
<kw name="Teste de Tipos de Conteudo" owner="random-user-service">
<kw name="GET On Session" owner="RequestsLibrary">
<msg time="2024-03-24T06:17:34.099128" level="INFO">GET Request : url=https://randomuser.me/api 
 path_url=/api 
 headers={'User-Agent': 'python-requests/2.31.0', 'Accept-Encoding': 'gzip, deflate', 'Accept': '*/*', 'Connection': 'keep-alive'} 
 body=None 
 </msg>
<msg time="2024-03-24T06:17:34.099204" level="INFO">GET Response : url=https://randomuser.me/api 
 status=200, reason=OK 
 headers={'Date': 'Sun, 24 Mar 2024 06:17:34 GMT', 'Content-Type': 'application/json; charset=utf-8', 'Transfer-Encoding': 'chunked', 'Connection': 'keep-alive', 'X-Powered-By': 'Express', 'Access-Control-Allow-Origin': '*', 'Cache-Control': 'no-cache', 'ETag': 'W/"498-ZUDfawNnEPIujCM6NacPFl5GbFs"', 'Vary': 'Accept-Encoding', 'Content-Encoding': 'gzip', 'CF-Cache-Status': 'DYNAMIC', 'Report-To': '{"endpoints":[{"url":"https:\\/\\/a.nel.cloudflare.com\\/report\\/v4?s=9g%2FZWFwKAU6qVMTqGtGVnTXmK09qRFZ5tolIXCPBvuUFRBIorwxk7c%2BH%2BACutwh%2F4rcFHFzmRml6WvwsSWdPtrR4f78COIYPpwbGTwzgk1U6Oy73Etqy9Z3cXYNCoAvh"}],"group":"cf-nel","max_age":604800}', 'NEL': '{"success_fraction":0,"report_to":"cf-nel","max_age":604800}', 'Server': 'cloudflare', 'CF-RAY': '869489f38e202010-IAD', 'alt-svc': 'h3=":443"; ma=86400'} 
 body={"results":[{"gender":"female","name":{"title":"Mrs","first":"Irene","last":"Hale"},"location":{"street":{"number":6869,"name":"W Belt Line Rd"},"city":"Ballarat","state":"New South Wales","country":"Australia","postcode":7530,"coordinates":{"latitude":"-86.7381","longitude":"36.5564"},"timezone":{"offset":"-5:00","description":"Eastern Time (US &amp; Canada), Bogota, Lima"}},"email":"irene.hale@example.com","login":{"uuid":"6583ae13-f5b8-4c1e-89c3-521d3ccd83b5","username":"bluefrog216","password":"semper","salt":"xUIUg3cM","md5":"1b2e988cc090893ae402a081fd04ab1e","sha1":"21dc1e81832e94356343c80ecf5b6a9982a0b093","sha256":"fbc6b5d7a486412c381a422cc87e97ec864377e11dacf94542722ccd2162d31d"},"dob":{"date":"1951-03-18T04:57:33.260Z","age":73},"registered":{"date":"2019-03-17T08:09:47.568Z","age":5},"phone":"07-7852-6395","cell":"0466-574-915","id":{"name":"TFN","value":"799097995"},"picture":{"large":"https://randomuser.me/api/portraits/women/18.jpg","medium":"https://randomuser.me/api/portraits/med/women/18.jpg","thumbnail":"https://randomuser.me/api/portraits/thumb/women/18.jpg"},"nat":"AU"}],"info":{"seed":"59a10b915261ed21","results":1,"page":1,"version":"1.4"}} 
 </msg>
<msg time="2024-03-24T06:17:34.099271" level="INFO">/opt/hostedtoolcache/Python/3.12.2/x64/lib/python3.12/site-packages/urllib3/connectionpool.py:1103: InsecureRequestWarning: Unverified HTTPS request is being made to host 'randomuser.me'. Adding certificate verification is strongly advised. See: https://urllib3.readthedocs.io/en/latest/advanced-usage.html#tls-warnings
  warnings.warn(</msg>
<msg time="2024-03-24T06:17:34.099360" level="INFO">${response} = &lt;Response [200]&gt;</msg>
<var>${response}</var>
<arg>consultarAPI</arg>
<arg>/api</arg>
<doc>Sends a GET request on a previously created HTTP Session.</doc>
<status status="PASS" start="2024-03-24T06:17:34.006221" elapsed="0.093179"/>
</kw>
<kw name="Set Variable" owner="BuiltIn">
<msg time="2024-03-24T06:17:34.100389" level="INFO">${json_data} = {'results': [{'gender': 'female', 'name': {'title': 'Mrs', 'first': 'Irene', 'last': 'Hale'}, 'location': {'street': {'number': 6869, 'name': 'W Belt Line Rd'}, 'city': 'Ballarat', 'state': 'New South...</msg>
<var>${json_data}</var>
<arg>${response.json()}</arg>
<doc>Returns the given values which can then be assigned to a variables.</doc>
<status status="PASS" start="2024-03-24T06:17:34.099852" elapsed="0.000564"/>
</kw>
<kw name="Set Variable" owner="BuiltIn">
<msg time="2024-03-24T06:17:34.101139" level="INFO">${name_title} = Mrs</msg>
<var>${name_title}</var>
<arg>${json_data["results"][0]["name"]["title"]}</arg>
<doc>Returns the given values which can then be assigned to a variables.</doc>
<status status="PASS" start="2024-03-24T06:17:34.100761" elapsed="0.000403"/>
</kw>
<kw name="Create List" owner="BuiltIn">
<msg time="2024-03-24T06:17:34.101624" level="INFO">${allowed_titles} = ['Mr', 'Ms', 'Miss', 'Mrs', 'Madame', 'Monsieur']</msg>
<var>${allowed_titles}</var>
<arg>Mr</arg>
<arg>Ms</arg>
<arg>Miss</arg>
<arg>Mrs</arg>
<arg>Madame</arg>
<arg>Monsieur</arg>
<doc>Returns a list containing given items.</doc>
<status status="PASS" start="2024-03-24T06:17:34.101460" elapsed="0.000190"/>
</kw>
<kw name="List Should Contain Value" owner="Collections">
<msg time="2024-03-24T06:17:34.102122" level="INFO">False</msg>
<arg>${allowed_titles}</arg>
<arg>${name_title}</arg>
<doc>Fails if the ``value`` is not found from ``list``.</doc>
<status status="PASS" start="2024-03-24T06:17:34.101955" elapsed="0.000204"/>
</kw>
<kw name="Set Variable" owner="BuiltIn">
<msg time="2024-03-24T06:17:34.102835" level="INFO">${name_country} = AU</msg>
<var>${name_country}</var>
<arg>${json_data["results"][0]["nat"]}</arg>
<doc>Returns the given values which can then be assigned to a variables.</doc>
<status status="PASS" start="2024-03-24T06:17:34.102455" elapsed="0.000405"/>
</kw>
<kw name="Create List" owner="BuiltIn">
<msg time="2024-03-24T06:17:34.103791" level="INFO">${list_country} = ['AD', 'AE', 'AF', 'AG', 'AI', 'AL', 'AM', 'AO', 'AQ', 'AR', 'AS', 'AT', 'AU', 'AW', 'AX', 'AZ', 'BA', 'BB', 'BD', 'BE', 'BF', 'BG', 'BH', 'BI', 'BJ', 'BL', 'BM', 'BN', 'BO', 'BQ', 'BR', 'BS', 'BT', '...</msg>
<var>${list_country}</var>
<arg>AD</arg>
<arg>AE</arg>
<arg>AF</arg>
<arg>AG</arg>
<arg>AI</arg>
<arg>AL</arg>
<arg>AM</arg>
<arg>AO</arg>
<arg>AQ</arg>
<arg>AR</arg>
<arg>AS</arg>
<arg>AT</arg>
<arg>AU</arg>
<arg>AW</arg>
<arg>AX</arg>
<arg>AZ</arg>
<arg>BA</arg>
<arg>BB</arg>
<arg>BD</arg>
<arg>BE</arg>
<arg>BF</arg>
<arg>BG</arg>
<arg>BH</arg>
<arg>BI</arg>
<arg>BJ</arg>
<arg>BL</arg>
<arg>BM</arg>
<arg>BN</arg>
<arg>BO</arg>
<arg>BQ</arg>
<arg>BR</arg>
<arg>BS</arg>
<arg>BT</arg>
<arg>BV</arg>
<arg>BW</arg>
<arg>BY</arg>
<arg>BZ</arg>
<arg>CA</arg>
<arg>CC</arg>
<arg>CD</arg>
<arg>CF</arg>
<arg>CG</arg>
<arg>CH</arg>
<arg>CI</arg>
<arg>CK</arg>
<arg>CL</arg>
<arg>CM</arg>
<arg>CN</arg>
<arg>CO</arg>
<arg>CR</arg>
<arg>CU</arg>
<arg>CV</arg>
<arg>CW</arg>
<arg>CX</arg>
<arg>CY</arg>
<arg>CZ</arg>
<arg>DE</arg>
<arg>DJ</arg>
<arg>DK</arg>
<arg>DM</arg>
<arg>DO</arg>
<arg>DZ</arg>
<arg>EC</arg>
<arg>EE</arg>
<arg>EG</arg>
<arg>EH</arg>
<arg>ER</arg>
<arg>ES</arg>
<arg>ET</arg>
<arg>FI</arg>
<arg>FJ</arg>
<arg>FK</arg>
<arg>FM</arg>
<arg>FO</arg>
<arg>FR</arg>
<arg>GA</arg>
<arg>GB</arg>
<arg>GD</arg>
<arg>GE</arg>
<arg>GF</arg>
<arg>GG</arg>
<arg>GH</arg>
<arg>GI</arg>
<arg>GL</arg>
<arg>GM</arg>
<arg>GN</arg>
<arg>GP</arg>
<arg>GQ</arg>
<arg>GR</arg>
<arg>GS</arg>
<arg>GT</arg>
<arg>GU</arg>
<arg>GW</arg>
<arg>GY</arg>
<arg>HK</arg>
<arg>HM</arg>
<arg>HN</arg>
<arg>HR</arg>
<arg>HT</arg>
<arg>HU</arg>
<arg>ID</arg>
<arg>IE</arg>
<arg>IL</arg>
<arg>IM</arg>
<arg>IN</arg>
<arg>IO</arg>
<arg>IQ</arg>
<arg>IR</arg>
<arg>IS</arg>
<arg>IT</arg>
<arg>JE</arg>
<arg>JM</arg>
<arg>JO</arg>
<arg>JP</arg>
<arg>KE</arg>
<arg>KG</arg>
<arg>KH</arg>
<arg>KI</arg>
<arg>KM</arg>
<arg>KN</arg>
<arg>KP</arg>
<arg>KR</arg>
<arg>KW</arg>
<arg>KY</arg>
<arg>KZ</arg>
<arg>LA</arg>
<arg>LB</arg>
<arg>LC</arg>
<arg>LI</arg>
<arg>LK</arg>
<arg>LR</arg>
<arg>LS</arg>
<arg>LT</arg>
<arg>LU</arg>
<arg>LV</arg>
<arg>LY</arg>
<arg>MA</arg>
<arg>MC</arg>
<arg>MD</arg>
<arg>ME</arg>
<arg>MF</arg>
<arg>MG</arg>
<arg>MH</arg>
<arg>MK</arg>
<arg>ML</arg>
<arg>MM</arg>
<arg>MN</arg>
<arg>MO</arg>
<arg>MP</arg>
<arg>MQ</arg>
<arg>MR</arg>
<arg>MS</arg>
<arg>MT</arg>
<arg>MU</arg>
<arg>MV</arg>
<arg>MW</arg>
<arg>MX</arg>
<arg>MY</arg>
<arg>MZ</arg>
<arg>NA</arg>
<arg>NC</arg>
<arg>NE</arg>
<arg>NF</arg>
<arg>NG</arg>
<arg>NI</arg>
<arg>NL</arg>
<arg>NO</arg>
<arg>NP</arg>
<arg>NR</arg>
<arg>NU</arg>
<arg>NZ</arg>
<arg>OM</arg>
<arg>PA</arg>
<arg>PE</arg>
<arg>PF</arg>
<arg>PG</arg>
<arg>PH</arg>
<arg>PK</arg>
<arg>PL</arg>
<arg>PM</arg>
<arg>PN</arg>
<arg>PR</arg>
<arg>PS</arg>
<arg>PT</arg>
<arg>PW</arg>
<arg>PY</arg>
<arg>QA</arg>
<arg>RE</arg>
<arg>RO</arg>
<arg>RS</arg>
<arg>RU</arg>
<arg>RW</arg>
<arg>SA</arg>
<arg>SB</arg>
<arg>SC</arg>
<arg>SD</arg>
<arg>SE</arg>
<arg>SG</arg>
<arg>SH</arg>
<arg>SI</arg>
<arg>SJ</arg>
<arg>SK</arg>
<arg>SL</arg>
<arg>SM</arg>
<arg>SN</arg>
<arg>SO</arg>
<arg>SR</arg>
<arg>SS</arg>
<arg>ST</arg>
<arg>SV</arg>
<arg>SX</arg>
<arg>SY</arg>
<arg>SZ</arg>
<arg>TC</arg>
<arg>TD</arg>
<arg>TF</arg>
<arg>TG</arg>
<arg>TH</arg>
<arg>TJ</arg>
<arg>TK</arg>
<arg>TL</arg>
<arg>TM</arg>
<arg>TN</arg>
<arg>TO</arg>
<arg>TR</arg>
<arg>TT</arg>
<arg>TV</arg>
<arg>TW</arg>
<arg>TZ</arg>
<arg>UA</arg>
<arg>UG</arg>
<arg>UM</arg>
<arg>US</arg>
<arg>UY</arg>
<arg>UZ</arg>
<arg>VA</arg>
<arg>VC</arg>
<arg>VE</arg>
<arg>VG</arg>
<arg>VI</arg>
<arg>VN</arg>
<arg>VU</arg>
<arg>WF</arg>
<arg>WS</arg>
<arg>XK</arg>
<arg>YE</arg>
<arg>YT</arg>
<arg>ZA</arg>
<arg>ZM</arg>
<arg>ZW</arg>
<doc>Returns a list containing given items.</doc>
<status status="PASS" start="2024-03-24T06:17:34.103163" elapsed="0.000655"/>
</kw>
<kw name="List Should Contain Value" owner="Collections">
<msg time="2024-03-24T06:17:34.104957" level="INFO">False</msg>
<arg>${list_country}</arg>
<arg>${name_country}</arg>
<doc>Fails if the ``value`` is not found from ``list``.</doc>
<status status="PASS" start="2024-03-24T06:17:34.104753" elapsed="0.000241"/>
</kw>
<kw name="Run Keyword If" owner="BuiltIn">
<kw name="Should Be True" owner="BuiltIn">
<arg>${True}</arg>
<doc>Fails if the given condition is not true.</doc>
<status status="PASS" start="2024-03-24T06:17:34.106106" elapsed="0.000182"/>
</kw>
<arg>${json_data["results"][0]["location"]["coordinates"]["latitude"]} &gt;= -90 and ${json_data["results"][0]["location"]["coordinates"]["latitude"]} &lt;= 90</arg>
<arg>Should Be True</arg>
<arg>${True}</arg>
<doc>Runs the given keyword with the given arguments, if ``condition`` is true.</doc>
<status status="PASS" start="2024-03-24T06:17:34.105306" elapsed="0.001110"/>
</kw>
<kw name="Run Keyword If" owner="BuiltIn">
<kw name="Should Be True" owner="BuiltIn">
<arg>${True}</arg>
<doc>Fails if the given condition is not true.</doc>
<status status="PASS" start="2024-03-24T06:17:34.107328" elapsed="0.000138"/>
</kw>
<arg>${json_data["results"][0]["location"]["coordinates"]["longitude"]} &gt;= -180 and ${json_data["results"][0]["location"]["coordinates"]["longitude"]} &lt;= 180</arg>
<arg>Should Be True</arg>
<arg>${True}</arg>
<doc>Runs the given keyword with the given arguments, if ``condition`` is true.</doc>
<status status="PASS" start="2024-03-24T06:17:34.106607" elapsed="0.000982"/>
</kw>
<status status="PASS" start="2024-03-24T06:17:34.005998" elapsed="0.101720"/>
</kw>
<doc>Testa o conteúdo específico dos campos retornados pela API.</doc>
<tag>testeConteudo</tag>
<status status="PASS" start="2024-03-24T06:17:34.005487" elapsed="0.102380"/>
</test>
<status status="PASS" start="2024-03-24T06:17:33.307316" elapsed="0.802525"/>
</suite>
<status status="PASS" start="2024-03-24T06:17:33.293746" elapsed="0.821438"/>
</suite>
<statistics>
<total>
<stat pass="5" fail="0" skip="0">All Tests</stat>
</total>
<tag>
<stat pass="1" fail="0" skip="0">testeConteudo</stat>
<stat pass="1" fail="0" skip="0">testeEstruturaResposta</stat>
<stat pass="1" fail="0" skip="0">testeRequisicaoBasica</stat>
<stat pass="1" fail="0" skip="0">testeTiposDados</stat>
</tag>
<suite>
<stat pass="5" fail="0" skip="0" id="s1" name="Tests">Tests</stat>
<stat pass="5" fail="0" skip="0" id="s1-s1" name="Random-User-Test">Tests.Random-User-Test</stat>
</suite>
</statistics>
<errors>
</errors>
</robot>
