<?xml version="1.0" encoding="UTF-8"?>
<robot generator="Robot 7.0 (Python 3.12.3 on linux)" generated="2024-06-04T20:42:32.350134" rpa="false" schemaversion="5">
<suite id="s1" name="Tests" source="/home/runner/work/ApiRandomUser/ApiRandomUser/RamdonUser/tests">
<suite id="s1-s1" name="Random-User-Test" source="/home/runner/work/ApiRandomUser/ApiRandomUser/RamdonUser/tests/random-user-test.robot">
<test id="s1-s1-t1" name="Conectar" line="13">
<kw name="Conectar API" owner="random-user-service">
<kw name="Create Session" owner="RequestsLibrary">
<msg time="2024-06-04T20:42:32.750111" level="INFO">Creating Session using : alias=consultarAPI, url=https://randomuser.me/, headers={},                     cookies={}, auth=None, timeout=None, proxies=None, verify=False,                     debug=0 </msg>
<arg>consultarAPI</arg>
<arg>${URL}</arg>
<doc>Create Session: create a HTTP session to a server</doc>
<status status="PASS" start="2024-06-04T20:42:32.749897" elapsed="0.000400"/>
</kw>
<status status="PASS" start="2024-06-04T20:42:32.748733" elapsed="0.001932"/>
</kw>
<status status="PASS" start="2024-06-04T20:42:32.748195" elapsed="0.002667"/>
</test>
<test id="s1-s1-t2" name="Validar retorno 200 e JSON Válido" line="16">
<kw name="Teste de Requisicao Basica" owner="random-user-service">
<kw name="GET On Session" owner="RequestsLibrary">
<msg time="2024-06-04T20:42:32.973196" level="INFO">GET Request : url=https://randomuser.me/api 
 path_url=/api 
 headers={'User-Agent': 'python-requests/2.32.3', 'Accept-Encoding': 'gzip, deflate', 'Accept': '*/*', 'Connection': 'keep-alive'} 
 body=None 
 </msg>
<msg time="2024-06-04T20:42:32.973364" level="INFO">GET Response : url=https://randomuser.me/api 
 status=200, reason=OK 
 headers={'Date': 'Tue, 04 Jun 2024 20:42:32 GMT', 'Content-Type': 'application/json; charset=utf-8', 'Transfer-Encoding': 'chunked', 'Connection': 'keep-alive', 'X-Powered-By': 'Express', 'Access-Control-Allow-Origin': '*', 'Cache-Control': 'no-cache', 'ETag': 'W/"48c-yPb1mrtxoSemB3ncCsi+lexCtFg"', 'Vary': 'Accept-Encoding', 'Content-Encoding': 'gzip', 'CF-Cache-Status': 'DYNAMIC', 'Report-To': '{"endpoints":[{"url":"https:\\/\\/a.nel.cloudflare.com\\/report\\/v4?s=ersn0%2BwB3TNwB7FT4x%2FEsjYV3bXR%2BSf7e%2FA5P0sGEPmgBXdCgn%2FPn6%2B8xmxxOlbPCe%2FTNcL3fkDG23CbAeKicUzi6APIbKr%2B5NCBlD7vwbLZ7LjUUEGCjo7Uej4ZH%2Fk9"}],"group":"cf-nel","max_age":604800}', 'NEL': '{"success_fraction":0,"report_to":"cf-nel","max_age":604800}', 'Server': 'cloudflare', 'CF-RAY': '88eac003ad5420ac-IAD', 'alt-svc': 'h3=":443"; ma=86400'} 
 body={"results":[{"gender":"female","name":{"title":"Ms","first":"النا","last":"یاسمی"},"location":{"street":{"number":8390,"name":"آیت الله مدرس"},"city":"ساری","state":"سمنان","country":"Iran","postcode":36087,"coordinates":{"latitude":"12.9024","longitude":"167.9114"},"timezone":{"offset":"-3:00","description":"Brazil, Buenos Aires, Georgetown"}},"email":"ln.ysmy@example.com","login":{"uuid":"2fd5d177-49cd-4d04-99c1-b0328d0fd8e0","username":"bigpanda150","password":"sail","salt":"KVZ2aq2M","md5":"e767a07394935cc68959a244a3c7189b","sha1":"940929815aa4ee5435dd0e578a309fc4c308a6f4","sha256":"6821b867b93f61fada8f2dfc40f5a92373d0eca5d232e7953c8e6c494fd118cb"},"dob":{"date":"1958-01-20T00:43:26.531Z","age":66},"registered":{"date":"2005-09-30T09:31:09.434Z","age":18},"phone":"080-98580471","cell":"0984-716-1426","id":{"name":"","value":null},"picture":{"large":"https://randomuser.me/api/portraits/women/48.jpg","medium":"https://randomuser.me/api/portraits/med/women/48.jpg","thumbnail":"https://randomuser.me/api/portraits/thumb/women/48.jpg"},"nat":"IR"}],"info":{"seed":"0718e32a92202861","results":1,"page":1,"version":"1.4"}} 
 </msg>
<msg time="2024-06-04T20:42:32.973452" level="INFO">/opt/hostedtoolcache/Python/3.12.3/x64/lib/python3.12/site-packages/urllib3/connectionpool.py:1103: InsecureRequestWarning: Unverified HTTPS request is being made to host 'randomuser.me'. Adding certificate verification is strongly advised. See: https://urllib3.readthedocs.io/en/latest/advanced-usage.html#tls-warnings
  warnings.warn(</msg>
<msg time="2024-06-04T20:42:32.973603" level="INFO">${response} = &lt;Response [200]&gt;</msg>
<var>${response}</var>
<arg>consultarAPI</arg>
<arg>/api</arg>
<doc>Sends a GET request on a previously created HTTP Session.</doc>
<status status="PASS" start="2024-06-04T20:42:32.753608" elapsed="0.220035"/>
</kw>
<kw name="Should Be Equal As Numbers" owner="BuiltIn">
<msg time="2024-06-04T20:42:32.974647" level="INFO">Argument types are:
&lt;class 'int'&gt;
&lt;class 'str'&gt;</msg>
<arg>${response.status_code}</arg>
<arg>200</arg>
<doc>Fails if objects are unequal after converting them to real numbers.</doc>
<status status="PASS" start="2024-06-04T20:42:32.974176" elapsed="0.000537"/>
</kw>
<kw name="Log" owner="BuiltIn">
<msg time="2024-06-04T20:42:32.975415" level="INFO">200</msg>
<arg>${response.status_code}</arg>
<doc>Logs the given message with the given level.</doc>
<status status="PASS" start="2024-06-04T20:42:32.975062" elapsed="0.000440"/>
</kw>
<kw name="Set Variable" owner="BuiltIn">
<msg time="2024-06-04T20:42:32.976286" level="INFO">${json_data} = {'results': [{'gender': 'female', 'name': {'title': 'Ms', 'first': 'النا', 'last': 'یاسمی'}, 'location': {'street': {'number': 8390, 'name': 'آیت الله مدرس'}, 'city': 'ساری', 'state': 'سمنان', 'countr...</msg>
<var>${json_data}</var>
<arg>${response.json()}</arg>
<doc>Returns the given values which can then be assigned to a variables.</doc>
<status status="PASS" start="2024-06-04T20:42:32.975831" elapsed="0.000485"/>
</kw>
<kw name="Dictionary Should Contain Key" owner="Collections">
<msg time="2024-06-04T20:42:32.976804" level="INFO">False</msg>
<arg>${json_data}</arg>
<arg>results</arg>
<doc>Fails if ``key`` is not found from ``dictionary``.</doc>
<status status="PASS" start="2024-06-04T20:42:32.976629" elapsed="0.000216"/>
</kw>
<status status="PASS" start="2024-06-04T20:42:32.753364" elapsed="0.223743"/>
</kw>
<doc>Testa se a API responde corretamente e retorna um objeto JSON válido.</doc>
<tag>testeRequisicaoBasica</tag>
<status status="PASS" start="2024-06-04T20:42:32.752819" elapsed="0.224478"/>
</test>
<test id="s1-s1-t3" name="Validar estrutura de resposta" line="22">
<kw name="Teste de Estrutura de Resposta" owner="random-user-service">
<kw name="GET On Session" owner="RequestsLibrary">
<msg time="2024-06-04T20:42:33.074385" level="INFO">GET Request : url=https://randomuser.me/api 
 path_url=/api 
 headers={'User-Agent': 'python-requests/2.32.3', 'Accept-Encoding': 'gzip, deflate', 'Accept': '*/*', 'Connection': 'keep-alive'} 
 body=None 
 </msg>
<msg time="2024-06-04T20:42:33.074486" level="INFO">GET Response : url=https://randomuser.me/api 
 status=200, reason=OK 
 headers={'Date': 'Tue, 04 Jun 2024 20:42:33 GMT', 'Content-Type': 'application/json; charset=utf-8', 'Transfer-Encoding': 'chunked', 'Connection': 'keep-alive', 'X-Powered-By': 'Express', 'Access-Control-Allow-Origin': '*', 'Cache-Control': 'no-cache', 'ETag': 'W/"4a0-rdg6JLQoQsihRsqzm9q/Fk1FN3o"', 'Vary': 'Accept-Encoding', 'Content-Encoding': 'gzip', 'CF-Cache-Status': 'DYNAMIC', 'Report-To': '{"endpoints":[{"url":"https:\\/\\/a.nel.cloudflare.com\\/report\\/v4?s=b4nclZWfYoCdGMyvbdlUUCyzS%2FFcBC1XedM%2FPGh5fDmiDw7LvYwgyO82URi6mAtdTkW%2FiZZmhh3vP0bJyLGaKse6uwSBJby0YT%2BDGML4hRIyowbZ%2BlbBJrXo3HP%2BLdyU"}],"group":"cf-nel","max_age":604800}', 'NEL': '{"success_fraction":0,"report_to":"cf-nel","max_age":604800}', 'Server': 'cloudflare', 'CF-RAY': '88eac0042e3f20ac-IAD', 'alt-svc': 'h3=":443"; ma=86400'} 
 body={"results":[{"gender":"male","name":{"title":"Mr","first":"Lídio","last":"Pires"},"location":{"street":{"number":7289,"name":"Rua Dezenove de Outubro"},"city":"Muriaé","state":"Rio Grande do Sul","country":"Brazil","postcode":83397,"coordinates":{"latitude":"-81.0533","longitude":"-142.2496"},"timezone":{"offset":"-1:00","description":"Azores, Cape Verde Islands"}},"email":"lidio.pires@example.com","login":{"uuid":"ac6b39cd-5537-4107-ad99-3175a43e1dab","username":"organicmeercat298","password":"snowflak","salt":"twnDgcC4","md5":"5e071fab6dff89b56a6c3cb69ed9c927","sha1":"4e3284bce2e47e209e7aa7011bc91f9b5309a2b6","sha256":"96f768a2a1f9a4f773134420c6e7e0d0d7fdb9493fbd7b80dff9a8488e1cb49d"},"dob":{"date":"1950-06-13T02:56:52.006Z","age":73},"registered":{"date":"2012-02-11T01:18:06.173Z","age":12},"phone":"(62) 2808-6780","cell":"(82) 8994-6051","id":{"name":"CPF","value":"101.125.354-92"},"picture":{"large":"https://randomuser.me/api/portraits/men/31.jpg","medium":"https://randomuser.me/api/portraits/med/men/31.jpg","thumbnail":"https://randomuser.me/api/portraits/thumb/men/31.jpg"},"nat":"BR"}],"info":{"seed":"a22c4ffd878926be","results":1,"page":1,"version":"1.4"}} 
 </msg>
<msg time="2024-06-04T20:42:33.074602" level="INFO">/opt/hostedtoolcache/Python/3.12.3/x64/lib/python3.12/site-packages/urllib3/connectionpool.py:1103: InsecureRequestWarning: Unverified HTTPS request is being made to host 'randomuser.me'. Adding certificate verification is strongly advised. See: https://urllib3.readthedocs.io/en/latest/advanced-usage.html#tls-warnings
  warnings.warn(</msg>
<msg time="2024-06-04T20:42:33.074720" level="INFO">${response} = &lt;Response [200]&gt;</msg>
<var>${response}</var>
<arg>consultarAPI</arg>
<arg>/api</arg>
<doc>Sends a GET request on a previously created HTTP Session.</doc>
<status status="PASS" start="2024-06-04T20:42:32.979937" elapsed="0.094822"/>
</kw>
<kw name="Set Variable" owner="BuiltIn">
<msg time="2024-06-04T20:42:33.075967" level="INFO">${json_data} = {'results': [{'gender': 'male', 'name': {'title': 'Mr', 'first': 'Lídio', 'last': 'Pires'}, 'location': {'street': {'number': 7289, 'name': 'Rua Dezenove de Outubro'}, 'city': 'Muriaé', 'state': 'Rio ...</msg>
<var>${json_data}</var>
<arg>${response.json()}</arg>
<doc>Returns the given values which can then be assigned to a variables.</doc>
<status status="PASS" start="2024-06-04T20:42:33.075323" elapsed="0.000675"/>
</kw>
<kw name="Log" owner="BuiltIn">
<msg time="2024-06-04T20:42:33.076487" level="INFO">{'results': [{'gender': 'male', 'name': {'title': 'Mr', 'first': 'Lídio', 'last': 'Pires'}, 'location': {'street': {'number': 7289, 'name': 'Rua Dezenove de Outubro'}, 'city': 'Muriaé', 'state': 'Rio Grande do Sul', 'country': 'Brazil', 'postcode': 83397, 'coordinates': {'latitude': '-81.0533', 'longitude': '-142.2496'}, 'timezone': {'offset': '-1:00', 'description': 'Azores, Cape Verde Islands'}}, 'email': 'lidio.pires@example.com', 'login': {'uuid': 'ac6b39cd-5537-4107-ad99-3175a43e1dab', 'username': 'organicmeercat298', 'password': 'snowflak', 'salt': 'twnDgcC4', 'md5': '5e071fab6dff89b56a6c3cb69ed9c927', 'sha1': '4e3284bce2e47e209e7aa7011bc91f9b5309a2b6', 'sha256': '96f768a2a1f9a4f773134420c6e7e0d0d7fdb9493fbd7b80dff9a8488e1cb49d'}, 'dob': {'date': '1950-06-13T02:56:52.006Z', 'age': 73}, 'registered': {'date': '2012-02-11T01:18:06.173Z', 'age': 12}, 'phone': '(62) 2808-6780', 'cell': '(82) 8994-6051', 'id': {'name': 'CPF', 'value': '101.125.354-92'}, 'picture': {'large': 'https://randomuser.me/api/portraits/men/31.jpg', 'medium': 'https://randomuser.me/api/portraits/med/men/31.jpg', 'thumbnail': 'https://randomuser.me/api/portraits/thumb/men/31.jpg'}, 'nat': 'BR'}], 'info': {'seed': 'a22c4ffd878926be', 'results': 1, 'page': 1, 'version': '1.4'}}</msg>
<arg>${json_data}</arg>
<doc>Logs the given message with the given level.</doc>
<status status="PASS" start="2024-06-04T20:42:33.076321" elapsed="0.000222"/>
</kw>
<kw name="Dictionary Should Contain Key" owner="Collections">
<msg time="2024-06-04T20:42:33.077014" level="INFO">False</msg>
<arg>${json_data}</arg>
<arg>results</arg>
<doc>Fails if ``key`` is not found from ``dictionary``.</doc>
<status status="PASS" start="2024-06-04T20:42:33.076849" elapsed="0.000204"/>
</kw>
<kw name="Should Not Be Empty" owner="BuiltIn">
<msg time="2024-06-04T20:42:33.077493" level="INFO">Length is 2.</msg>
<arg>${json_data}</arg>
<doc>Verifies that the given item is not empty.</doc>
<status status="PASS" start="2024-06-04T20:42:33.077357" elapsed="0.000175"/>
</kw>
<kw name="Create List" owner="BuiltIn">
<msg time="2024-06-04T20:42:33.078147" level="INFO">${expected_keys} = ['gender', 'name', 'location', 'email', 'login']</msg>
<var>${expected_keys}</var>
<arg>gender</arg>
<arg>name</arg>
<arg>location</arg>
<arg>email</arg>
<arg>login</arg>
<doc>Returns a list containing given items.</doc>
<status status="PASS" start="2024-06-04T20:42:33.077827" elapsed="0.000345"/>
</kw>
<for flavor="IN">
<iter>
<kw name="Dictionary Should Contain Key" owner="Collections">
<msg time="2024-06-04T20:42:33.079173" level="INFO">False</msg>
<arg>${json_data['results'][0]}</arg>
<arg>${key}</arg>
<doc>Fails if ``key`` is not found from ``dictionary``.</doc>
<status status="PASS" start="2024-06-04T20:42:33.078770" elapsed="0.000442"/>
</kw>
<kw name="Log" owner="BuiltIn">
<msg time="2024-06-04T20:42:33.079925" level="INFO">{'gender': 'male', 'name': {'title': 'Mr', 'first': 'Lídio', 'last': 'Pires'}, 'location': {'street': {'number': 7289, 'name': 'Rua Dezenove de Outubro'}, 'city': 'Muriaé', 'state': 'Rio Grande do Sul', 'country': 'Brazil', 'postcode': 83397, 'coordinates': {'latitude': '-81.0533', 'longitude': '-142.2496'}, 'timezone': {'offset': '-1:00', 'description': 'Azores, Cape Verde Islands'}}, 'email': 'lidio.pires@example.com', 'login': {'uuid': 'ac6b39cd-5537-4107-ad99-3175a43e1dab', 'username': 'organicmeercat298', 'password': 'snowflak', 'salt': 'twnDgcC4', 'md5': '5e071fab6dff89b56a6c3cb69ed9c927', 'sha1': '4e3284bce2e47e209e7aa7011bc91f9b5309a2b6', 'sha256': '96f768a2a1f9a4f773134420c6e7e0d0d7fdb9493fbd7b80dff9a8488e1cb49d'}, 'dob': {'date': '1950-06-13T02:56:52.006Z', 'age': 73}, 'registered': {'date': '2012-02-11T01:18:06.173Z', 'age': 12}, 'phone': '(62) 2808-6780', 'cell': '(82) 8994-6051', 'id': {'name': 'CPF', 'value': '101.125.354-92'}, 'picture': {'large': 'https://randomuser.me/api/portraits/men/31.jpg', 'medium': 'https://randomuser.me/api/portraits/med/men/31.jpg', 'thumbnail': 'https://randomuser.me/api/portraits/thumb/men/31.jpg'}, 'nat': 'BR'}</msg>
<arg>${json_data['results'][0]}</arg>
<doc>Logs the given message with the given level.</doc>
<status status="PASS" start="2024-06-04T20:42:33.079548" elapsed="0.000429"/>
</kw>
<kw name="Log" owner="BuiltIn">
<msg time="2024-06-04T20:42:33.080425" level="INFO">gender</msg>
<arg>${key}</arg>
<doc>Logs the given message with the given level.</doc>
<status status="PASS" start="2024-06-04T20:42:33.080282" elapsed="0.000183"/>
</kw>
<var name="${key}">gender</var>
<status status="PASS" start="2024-06-04T20:42:33.078642" elapsed="0.002047"/>
</iter>
<iter>
<kw name="Dictionary Should Contain Key" owner="Collections">
<msg time="2024-06-04T20:42:33.081387" level="INFO">False</msg>
<arg>${json_data['results'][0]}</arg>
<arg>${key}</arg>
<doc>Fails if ``key`` is not found from ``dictionary``.</doc>
<status status="PASS" start="2024-06-04T20:42:33.080998" elapsed="0.000427"/>
</kw>
<kw name="Log" owner="BuiltIn">
<msg time="2024-06-04T20:42:33.082114" level="INFO">{'gender': 'male', 'name': {'title': 'Mr', 'first': 'Lídio', 'last': 'Pires'}, 'location': {'street': {'number': 7289, 'name': 'Rua Dezenove de Outubro'}, 'city': 'Muriaé', 'state': 'Rio Grande do Sul', 'country': 'Brazil', 'postcode': 83397, 'coordinates': {'latitude': '-81.0533', 'longitude': '-142.2496'}, 'timezone': {'offset': '-1:00', 'description': 'Azores, Cape Verde Islands'}}, 'email': 'lidio.pires@example.com', 'login': {'uuid': 'ac6b39cd-5537-4107-ad99-3175a43e1dab', 'username': 'organicmeercat298', 'password': 'snowflak', 'salt': 'twnDgcC4', 'md5': '5e071fab6dff89b56a6c3cb69ed9c927', 'sha1': '4e3284bce2e47e209e7aa7011bc91f9b5309a2b6', 'sha256': '96f768a2a1f9a4f773134420c6e7e0d0d7fdb9493fbd7b80dff9a8488e1cb49d'}, 'dob': {'date': '1950-06-13T02:56:52.006Z', 'age': 73}, 'registered': {'date': '2012-02-11T01:18:06.173Z', 'age': 12}, 'phone': '(62) 2808-6780', 'cell': '(82) 8994-6051', 'id': {'name': 'CPF', 'value': '101.125.354-92'}, 'picture': {'large': 'https://randomuser.me/api/portraits/men/31.jpg', 'medium': 'https://randomuser.me/api/portraits/med/men/31.jpg', 'thumbnail': 'https://randomuser.me/api/portraits/thumb/men/31.jpg'}, 'nat': 'BR'}</msg>
<arg>${json_data['results'][0]}</arg>
<doc>Logs the given message with the given level.</doc>
<status status="PASS" start="2024-06-04T20:42:33.081751" elapsed="0.000414"/>
</kw>
<kw name="Log" owner="BuiltIn">
<msg time="2024-06-04T20:42:33.082595" level="INFO">name</msg>
<arg>${key}</arg>
<doc>Logs the given message with the given level.</doc>
<status status="PASS" start="2024-06-04T20:42:33.082466" elapsed="0.000167"/>
</kw>
<var name="${key}">name</var>
<status status="PASS" start="2024-06-04T20:42:33.080881" elapsed="0.001975"/>
</iter>
<iter>
<kw name="Dictionary Should Contain Key" owner="Collections">
<msg time="2024-06-04T20:42:33.083573" level="INFO">False</msg>
<arg>${json_data['results'][0]}</arg>
<arg>${key}</arg>
<doc>Fails if ``key`` is not found from ``dictionary``.</doc>
<status status="PASS" start="2024-06-04T20:42:33.083154" elapsed="0.000459"/>
</kw>
<kw name="Log" owner="BuiltIn">
<msg time="2024-06-04T20:42:33.084286" level="INFO">{'gender': 'male', 'name': {'title': 'Mr', 'first': 'Lídio', 'last': 'Pires'}, 'location': {'street': {'number': 7289, 'name': 'Rua Dezenove de Outubro'}, 'city': 'Muriaé', 'state': 'Rio Grande do Sul', 'country': 'Brazil', 'postcode': 83397, 'coordinates': {'latitude': '-81.0533', 'longitude': '-142.2496'}, 'timezone': {'offset': '-1:00', 'description': 'Azores, Cape Verde Islands'}}, 'email': 'lidio.pires@example.com', 'login': {'uuid': 'ac6b39cd-5537-4107-ad99-3175a43e1dab', 'username': 'organicmeercat298', 'password': 'snowflak', 'salt': 'twnDgcC4', 'md5': '5e071fab6dff89b56a6c3cb69ed9c927', 'sha1': '4e3284bce2e47e209e7aa7011bc91f9b5309a2b6', 'sha256': '96f768a2a1f9a4f773134420c6e7e0d0d7fdb9493fbd7b80dff9a8488e1cb49d'}, 'dob': {'date': '1950-06-13T02:56:52.006Z', 'age': 73}, 'registered': {'date': '2012-02-11T01:18:06.173Z', 'age': 12}, 'phone': '(62) 2808-6780', 'cell': '(82) 8994-6051', 'id': {'name': 'CPF', 'value': '101.125.354-92'}, 'picture': {'large': 'https://randomuser.me/api/portraits/men/31.jpg', 'medium': 'https://randomuser.me/api/portraits/med/men/31.jpg', 'thumbnail': 'https://randomuser.me/api/portraits/thumb/men/31.jpg'}, 'nat': 'BR'}</msg>
<arg>${json_data['results'][0]}</arg>
<doc>Logs the given message with the given level.</doc>
<status status="PASS" start="2024-06-04T20:42:33.083915" elapsed="0.000431"/>
</kw>
<kw name="Log" owner="BuiltIn">
<msg time="2024-06-04T20:42:33.084786" level="INFO">location</msg>
<arg>${key}</arg>
<doc>Logs the given message with the given level.</doc>
<status status="PASS" start="2024-06-04T20:42:33.084656" elapsed="0.000169"/>
</kw>
<var name="${key}">location</var>
<status status="PASS" start="2024-06-04T20:42:33.083039" elapsed="0.002005"/>
</iter>
<iter>
<kw name="Dictionary Should Contain Key" owner="Collections">
<msg time="2024-06-04T20:42:33.085719" level="INFO">False</msg>
<arg>${json_data['results'][0]}</arg>
<arg>${key}</arg>
<doc>Fails if ``key`` is not found from ``dictionary``.</doc>
<status status="PASS" start="2024-06-04T20:42:33.085340" elapsed="0.000417"/>
</kw>
<kw name="Log" owner="BuiltIn">
<msg time="2024-06-04T20:42:33.086433" level="INFO">{'gender': 'male', 'name': {'title': 'Mr', 'first': 'Lídio', 'last': 'Pires'}, 'location': {'street': {'number': 7289, 'name': 'Rua Dezenove de Outubro'}, 'city': 'Muriaé', 'state': 'Rio Grande do Sul', 'country': 'Brazil', 'postcode': 83397, 'coordinates': {'latitude': '-81.0533', 'longitude': '-142.2496'}, 'timezone': {'offset': '-1:00', 'description': 'Azores, Cape Verde Islands'}}, 'email': 'lidio.pires@example.com', 'login': {'uuid': 'ac6b39cd-5537-4107-ad99-3175a43e1dab', 'username': 'organicmeercat298', 'password': 'snowflak', 'salt': 'twnDgcC4', 'md5': '5e071fab6dff89b56a6c3cb69ed9c927', 'sha1': '4e3284bce2e47e209e7aa7011bc91f9b5309a2b6', 'sha256': '96f768a2a1f9a4f773134420c6e7e0d0d7fdb9493fbd7b80dff9a8488e1cb49d'}, 'dob': {'date': '1950-06-13T02:56:52.006Z', 'age': 73}, 'registered': {'date': '2012-02-11T01:18:06.173Z', 'age': 12}, 'phone': '(62) 2808-6780', 'cell': '(82) 8994-6051', 'id': {'name': 'CPF', 'value': '101.125.354-92'}, 'picture': {'large': 'https://randomuser.me/api/portraits/men/31.jpg', 'medium': 'https://randomuser.me/api/portraits/med/men/31.jpg', 'thumbnail': 'https://randomuser.me/api/portraits/thumb/men/31.jpg'}, 'nat': 'BR'}</msg>
<arg>${json_data['results'][0]}</arg>
<doc>Logs the given message with the given level.</doc>
<status status="PASS" start="2024-06-04T20:42:33.086055" elapsed="0.000431"/>
</kw>
<kw name="Log" owner="BuiltIn">
<msg time="2024-06-04T20:42:33.086913" level="INFO">email</msg>
<arg>${key}</arg>
<doc>Logs the given message with the given level.</doc>
<status status="PASS" start="2024-06-04T20:42:33.086785" elapsed="0.000166"/>
</kw>
<var name="${key}">email</var>
<status status="PASS" start="2024-06-04T20:42:33.085221" elapsed="0.001944"/>
</iter>
<iter>
<kw name="Dictionary Should Contain Key" owner="Collections">
<msg time="2024-06-04T20:42:33.087888" level="INFO">False</msg>
<arg>${json_data['results'][0]}</arg>
<arg>${key}</arg>
<doc>Fails if ``key`` is not found from ``dictionary``.</doc>
<status status="PASS" start="2024-06-04T20:42:33.087483" elapsed="0.000443"/>
</kw>
<kw name="Log" owner="BuiltIn">
<msg time="2024-06-04T20:42:33.088716" level="INFO">{'gender': 'male', 'name': {'title': 'Mr', 'first': 'Lídio', 'last': 'Pires'}, 'location': {'street': {'number': 7289, 'name': 'Rua Dezenove de Outubro'}, 'city': 'Muriaé', 'state': 'Rio Grande do Sul', 'country': 'Brazil', 'postcode': 83397, 'coordinates': {'latitude': '-81.0533', 'longitude': '-142.2496'}, 'timezone': {'offset': '-1:00', 'description': 'Azores, Cape Verde Islands'}}, 'email': 'lidio.pires@example.com', 'login': {'uuid': 'ac6b39cd-5537-4107-ad99-3175a43e1dab', 'username': 'organicmeercat298', 'password': 'snowflak', 'salt': 'twnDgcC4', 'md5': '5e071fab6dff89b56a6c3cb69ed9c927', 'sha1': '4e3284bce2e47e209e7aa7011bc91f9b5309a2b6', 'sha256': '96f768a2a1f9a4f773134420c6e7e0d0d7fdb9493fbd7b80dff9a8488e1cb49d'}, 'dob': {'date': '1950-06-13T02:56:52.006Z', 'age': 73}, 'registered': {'date': '2012-02-11T01:18:06.173Z', 'age': 12}, 'phone': '(62) 2808-6780', 'cell': '(82) 8994-6051', 'id': {'name': 'CPF', 'value': '101.125.354-92'}, 'picture': {'large': 'https://randomuser.me/api/portraits/men/31.jpg', 'medium': 'https://randomuser.me/api/portraits/med/men/31.jpg', 'thumbnail': 'https://randomuser.me/api/portraits/thumb/men/31.jpg'}, 'nat': 'BR'}</msg>
<arg>${json_data['results'][0]}</arg>
<doc>Logs the given message with the given level.</doc>
<status status="PASS" start="2024-06-04T20:42:33.088226" elapsed="0.000578"/>
</kw>
<kw name="Log" owner="BuiltIn">
<msg time="2024-06-04T20:42:33.089453" level="INFO">login</msg>
<arg>${key}</arg>
<doc>Logs the given message with the given level.</doc>
<status status="PASS" start="2024-06-04T20:42:33.089263" elapsed="0.000255"/>
</kw>
<var name="${key}">login</var>
<status status="PASS" start="2024-06-04T20:42:33.087338" elapsed="0.002489"/>
</iter>
<var>${key}</var>
<value>@{expected_keys}</value>
<status status="PASS" start="2024-06-04T20:42:33.078440" elapsed="0.011516"/>
</for>
<kw name="Create List" owner="BuiltIn">
<msg time="2024-06-04T20:42:33.090302" level="INFO">${expected_keysTwo} = ['username', 'password']</msg>
<var>${expected_keysTwo}</var>
<arg>username</arg>
<arg>password</arg>
<doc>Returns a list containing given items.</doc>
<status status="PASS" start="2024-06-04T20:42:33.090154" elapsed="0.000173"/>
</kw>
<for flavor="IN">
<iter>
<kw name="Dictionary Should Contain Key" owner="Collections">
<msg time="2024-06-04T20:42:33.091231" level="INFO">False</msg>
<arg>${json_data['results'][0]['login']}</arg>
<arg>${keyTwo}</arg>
<doc>Fails if ``key`` is not found from ``dictionary``.</doc>
<status status="PASS" start="2024-06-04T20:42:33.090847" elapsed="0.000422"/>
</kw>
<kw name="Dictionary Should Contain Key" owner="Collections">
<msg time="2024-06-04T20:42:33.092001" level="INFO">False</msg>
<arg>${json_data['results'][0]['login']}</arg>
<arg>${keyTwo}</arg>
<doc>Fails if ``key`` is not found from ``dictionary``.</doc>
<status status="PASS" start="2024-06-04T20:42:33.091605" elapsed="0.000434"/>
</kw>
<kw name="Log" owner="BuiltIn">
<msg time="2024-06-04T20:42:33.092465" level="INFO">username</msg>
<arg>${keyTwo}</arg>
<doc>Logs the given message with the given level.</doc>
<status status="PASS" start="2024-06-04T20:42:33.092337" elapsed="0.000165"/>
</kw>
<var name="${keyTwo}">username</var>
<status status="PASS" start="2024-06-04T20:42:33.090733" elapsed="0.001986"/>
</iter>
<iter>
<kw name="Dictionary Should Contain Key" owner="Collections">
<msg time="2024-06-04T20:42:33.093392" level="INFO">False</msg>
<arg>${json_data['results'][0]['login']}</arg>
<arg>${keyTwo}</arg>
<doc>Fails if ``key`` is not found from ``dictionary``.</doc>
<status status="PASS" start="2024-06-04T20:42:33.093009" elapsed="0.000421"/>
</kw>
<kw name="Dictionary Should Contain Key" owner="Collections">
<msg time="2024-06-04T20:42:33.094181" level="INFO">False</msg>
<arg>${json_data['results'][0]['login']}</arg>
<arg>${keyTwo}</arg>
<doc>Fails if ``key`` is not found from ``dictionary``.</doc>
<status status="PASS" start="2024-06-04T20:42:33.093723" elapsed="0.000498"/>
</kw>
<kw name="Log" owner="BuiltIn">
<msg time="2024-06-04T20:42:33.094650" level="INFO">password</msg>
<arg>${keyTwo}</arg>
<doc>Logs the given message with the given level.</doc>
<status status="PASS" start="2024-06-04T20:42:33.094520" elapsed="0.000167"/>
</kw>
<var name="${keyTwo}">password</var>
<status status="PASS" start="2024-06-04T20:42:33.092892" elapsed="0.002011"/>
</iter>
<var>${keyTwo}</var>
<value>@{expected_keysTwo}</value>
<status status="PASS" start="2024-06-04T20:42:33.090579" elapsed="0.004447"/>
</for>
<status status="PASS" start="2024-06-04T20:42:32.979692" elapsed="0.115476"/>
</kw>
<doc>Testa a estrutura da resposta da API.</doc>
<tag>testeEstruturaResposta</tag>
<status status="PASS" start="2024-06-04T20:42:32.979144" elapsed="0.116180"/>
</test>
<test id="s1-s1-t4" name="Validar tipos de dados" line="28">
<kw name="Teste de Tipos de Dados" owner="random-user-service">
<kw name="GET On Session" owner="RequestsLibrary">
<msg time="2024-06-04T20:42:33.192535" level="INFO">GET Request : url=https://randomuser.me/api 
 path_url=/api 
 headers={'User-Agent': 'python-requests/2.32.3', 'Accept-Encoding': 'gzip, deflate', 'Accept': '*/*', 'Connection': 'keep-alive'} 
 body=None 
 </msg>
<msg time="2024-06-04T20:42:33.192625" level="INFO">GET Response : url=https://randomuser.me/api 
 status=200, reason=OK 
 headers={'Date': 'Tue, 04 Jun 2024 20:42:33 GMT', 'Content-Type': 'application/json; charset=utf-8', 'Transfer-Encoding': 'chunked', 'Connection': 'keep-alive', 'X-Powered-By': 'Express', 'Access-Control-Allow-Origin': '*', 'Cache-Control': 'no-cache', 'ETag': 'W/"4a5-5QCVAMPj5YxJRHRRJDQ87+FvFeQ"', 'Vary': 'Accept-Encoding', 'Content-Encoding': 'gzip', 'CF-Cache-Status': 'DYNAMIC', 'Report-To': '{"endpoints":[{"url":"https:\\/\\/a.nel.cloudflare.com\\/report\\/v4?s=z5z0MiD3K%2B%2BBYIqjpmhw2sZJGBddaNqy%2BTDJsi4xpKNaUmlPr2gTqSBxGdvU1ThCWCfIrjk%2BcZV5RupIw6xUHQVLovjblNaWkqla4YMCAFFTHaHIPl0ex3bG1eQyXHpF"}],"group":"cf-nel","max_age":604800}', 'NEL': '{"success_fraction":0,"report_to":"cf-nel","max_age":604800}', 'Server': 'cloudflare', 'CF-RAY': '88eac004ef6e20ac-IAD', 'alt-svc': 'h3=":443"; ma=86400'} 
 body={"results":[{"gender":"female","name":{"title":"Miss","first":"Iina","last":"Huotari"},"location":{"street":{"number":9538,"name":"Satakennankatu"},"city":"Hämeenkoski","state":"Åland","country":"Finland","postcode":80369,"coordinates":{"latitude":"-27.7231","longitude":"44.6179"},"timezone":{"offset":"-6:00","description":"Central Time (US &amp; Canada), Mexico City"}},"email":"iina.huotari@example.com","login":{"uuid":"5333fc2f-c1df-4d90-8f80-ed35e7710ba7","username":"beautifultiger839","password":"ledzep","salt":"eY02Kcs9","md5":"60df7c3c3a3469d20b688f82f00f430a","sha1":"ffa6c898850d59c86f793f6d6b9a6362b11f896e","sha256":"e133bb6020332dcfb735c2fdc38b73091b65bba991b7ca9c74a13830c7bcbd24"},"dob":{"date":"1955-07-01T11:11:31.489Z","age":68},"registered":{"date":"2008-08-10T01:58:02.019Z","age":15},"phone":"05-400-764","cell":"043-668-77-80","id":{"name":"HETU","value":"NaNNA384undefined"},"picture":{"large":"https://randomuser.me/api/portraits/women/86.jpg","medium":"https://randomuser.me/api/portraits/med/women/86.jpg","thumbnail":"https://randomuser.me/api/portraits/thumb/women/86.jpg"},"nat":"FI"}],"info":{"seed":"7526121433482032","results":1,"page":1,"version":"1.4"}} 
 </msg>
<msg time="2024-06-04T20:42:33.192707" level="INFO">/opt/hostedtoolcache/Python/3.12.3/x64/lib/python3.12/site-packages/urllib3/connectionpool.py:1103: InsecureRequestWarning: Unverified HTTPS request is being made to host 'randomuser.me'. Adding certificate verification is strongly advised. See: https://urllib3.readthedocs.io/en/latest/advanced-usage.html#tls-warnings
  warnings.warn(</msg>
<msg time="2024-06-04T20:42:33.192835" level="INFO">${response} = &lt;Response [200]&gt;</msg>
<var>${response}</var>
<arg>consultarAPI</arg>
<arg>/api</arg>
<doc>Sends a GET request on a previously created HTTP Session.</doc>
<status status="PASS" start="2024-06-04T20:42:33.097878" elapsed="0.095012"/>
</kw>
<kw name="Set Variable" owner="BuiltIn">
<msg time="2024-06-04T20:42:33.194060" level="INFO">${json_data} = {'results': [{'gender': 'female', 'name': {'title': 'Miss', 'first': 'Iina', 'last': 'Huotari'}, 'location': {'street': {'number': 9538, 'name': 'Satakennankatu'}, 'city': 'Hämeenkoski', 'state': 'Åla...</msg>
<var>${json_data}</var>
<arg>${response.json()}</arg>
<doc>Returns the given values which can then be assigned to a variables.</doc>
<status status="PASS" start="2024-06-04T20:42:33.193481" elapsed="0.000609"/>
</kw>
<kw name="Log" owner="BuiltIn">
<msg time="2024-06-04T20:42:33.194562" level="INFO">{'results': [{'gender': 'female', 'name': {'title': 'Miss', 'first': 'Iina', 'last': 'Huotari'}, 'location': {'street': {'number': 9538, 'name': 'Satakennankatu'}, 'city': 'Hämeenkoski', 'state': 'Åland', 'country': 'Finland', 'postcode': 80369, 'coordinates': {'latitude': '-27.7231', 'longitude': '44.6179'}, 'timezone': {'offset': '-6:00', 'description': 'Central Time (US &amp; Canada), Mexico City'}}, 'email': 'iina.huotari@example.com', 'login': {'uuid': '5333fc2f-c1df-4d90-8f80-ed35e7710ba7', 'username': 'beautifultiger839', 'password': 'ledzep', 'salt': 'eY02Kcs9', 'md5': '60df7c3c3a3469d20b688f82f00f430a', 'sha1': 'ffa6c898850d59c86f793f6d6b9a6362b11f896e', 'sha256': 'e133bb6020332dcfb735c2fdc38b73091b65bba991b7ca9c74a13830c7bcbd24'}, 'dob': {'date': '1955-07-01T11:11:31.489Z', 'age': 68}, 'registered': {'date': '2008-08-10T01:58:02.019Z', 'age': 15}, 'phone': '05-400-764', 'cell': '043-668-77-80', 'id': {'name': 'HETU', 'value': 'NaNNA384undefined'}, 'picture': {'large': 'https://randomuser.me/api/portraits/women/86.jpg', 'medium': 'https://randomuser.me/api/portraits/med/women/86.jpg', 'thumbnail': 'https://randomuser.me/api/portraits/thumb/women/86.jpg'}, 'nat': 'FI'}], 'info': {'seed': '7526121433482032', 'results': 1, 'page': 1, 'version': '1.4'}}</msg>
<arg>${json_data}</arg>
<doc>Logs the given message with the given level.</doc>
<status status="PASS" start="2024-06-04T20:42:33.194403" elapsed="0.000242"/>
</kw>
<kw name="Should Be String" owner="String">
<arg>${json_data['results'][0]['gender']}</arg>
<doc>Fails if the given ``item`` is not a string.</doc>
<status status="PASS" start="2024-06-04T20:42:33.194951" elapsed="0.000359"/>
</kw>
<kw name="Should Match Regexp" owner="BuiltIn">
<arg>${json_data['results'][0]['email']}</arg>
<arg>^[a-zA-Z0-9._%+-]+@[a-zA-Z0-9.-]+\.[a-zA-Z]{2,}$</arg>
<doc>Fails if ``string`` does not match ``pattern`` as a regular expression.</doc>
<status status="PASS" start="2024-06-04T20:42:33.195546" elapsed="0.000538"/>
</kw>
<kw name="Should Match Regexp" owner="BuiltIn">
<arg>${json_data['results'][0]['dob']['date']}</arg>
<arg>\\d{4}-\\d{2}-\\d{2}T\\d{2}:\\d{2}:\\d{2}\\.\\d{3}Z</arg>
<doc>Fails if ``string`` does not match ``pattern`` as a regular expression.</doc>
<status status="PASS" start="2024-06-04T20:42:33.196284" elapsed="0.000488"/>
</kw>
<kw name="Should Match Regexp" owner="BuiltIn">
<arg>${json_data['results'][0]['registered']['date']}</arg>
<arg>\\d{4}-\\d{2}-\\d{2}T\\d{2}:\\d{2}:\\d{2}\\.\\d{3}Z</arg>
<doc>Fails if ``string`` does not match ``pattern`` as a regular expression.</doc>
<status status="PASS" start="2024-06-04T20:42:33.196968" elapsed="0.000382"/>
</kw>
<kw name="Should Match Regexp" owner="BuiltIn">
<arg>${json_data['results'][0]['picture']['large']}</arg>
<arg>^https?://.*\.(?:png|jpe?g|gif|bmp)$</arg>
<doc>Fails if ``string`` does not match ``pattern`` as a regular expression.</doc>
<status status="PASS" start="2024-06-04T20:42:33.197539" elapsed="0.000464"/>
</kw>
<kw name="Should Match Regexp" owner="BuiltIn">
<arg>${json_data['results'][0]['picture']['medium']}</arg>
<arg>^https?://.*\.(?:png|jpe?g|gif|bmp)$</arg>
<doc>Fails if ``string`` does not match ``pattern`` as a regular expression.</doc>
<status status="PASS" start="2024-06-04T20:42:33.198195" elapsed="0.000354"/>
</kw>
<kw name="Should Match Regexp" owner="BuiltIn">
<arg>${json_data['results'][0]['picture']['thumbnail']}</arg>
<arg>^https?://.*\.(?:png|jpe?g|gif|bmp)$</arg>
<doc>Fails if ``string`` does not match ``pattern`` as a regular expression.</doc>
<status status="PASS" start="2024-06-04T20:42:33.198739" elapsed="0.000351"/>
</kw>
<kw name="Log" owner="BuiltIn">
<msg time="2024-06-04T20:42:33.199651" level="INFO">{'large': 'https://randomuser.me/api/portraits/women/86.jpg', 'medium': 'https://randomuser.me/api/portraits/med/women/86.jpg', 'thumbnail': 'https://randomuser.me/api/portraits/thumb/women/86.jpg'}</msg>
<arg>${json_data['results'][0]['picture']}</arg>
<doc>Logs the given message with the given level.</doc>
<status status="PASS" start="2024-06-04T20:42:33.199285" elapsed="0.000409"/>
</kw>
<status status="PASS" start="2024-06-04T20:42:33.097643" elapsed="0.102309"/>
</kw>
<kw name="Teste de Tipos de Dados - Postcode" owner="random-user-service">
<kw name="GET On Session" owner="RequestsLibrary">
<msg time="2024-06-04T20:42:33.275905" level="INFO">GET Request : url=https://randomuser.me/api 
 path_url=/api 
 headers={'User-Agent': 'python-requests/2.32.3', 'Accept-Encoding': 'gzip, deflate', 'Accept': '*/*', 'Connection': 'keep-alive'} 
 body=None 
 </msg>
<msg time="2024-06-04T20:42:33.275999" level="INFO">GET Response : url=https://randomuser.me/api 
 status=200, reason=OK 
 headers={'Date': 'Tue, 04 Jun 2024 20:42:33 GMT', 'Content-Type': 'application/json; charset=utf-8', 'Transfer-Encoding': 'chunked', 'Connection': 'keep-alive', 'X-Powered-By': 'Express', 'Access-Control-Allow-Origin': '*', 'Cache-Control': 'no-cache', 'ETag': 'W/"494-TzC9HKlaDtYMggwYgiFcuJZv3gs"', 'Vary': 'Accept-Encoding', 'Content-Encoding': 'gzip', 'CF-Cache-Status': 'DYNAMIC', 'Report-To': '{"endpoints":[{"url":"https:\\/\\/a.nel.cloudflare.com\\/report\\/v4?s=ZErjM39Dw1mZ%2FDYL6rb7ztoeUWoD%2FwudrtXHH1DnsBiDMdEnLd%2F%2B1Vd3XKtIndlhKQ0818y3xBiPiGTUAB2yGnsATUV8kYZQ0Xd1xPl2EWf1JSEHgJ9nQDw6x215DRh4"}],"group":"cf-nel","max_age":604800}', 'NEL': '{"success_fraction":0,"report_to":"cf-nel","max_age":604800}', 'Server': 'cloudflare', 'CF-RAY': '88eac005887a20ac-IAD', 'alt-svc': 'h3=":443"; ma=86400'} 
 body={"results":[{"gender":"male","name":{"title":"Mr","first":"Gustav","last":"Rasmussen"},"location":{"street":{"number":211,"name":"Mejerivej"},"city":"København S","state":"Midtjylland","country":"Denmark","postcode":57676,"coordinates":{"latitude":"-46.6117","longitude":"-27.3064"},"timezone":{"offset":"+9:00","description":"Tokyo, Seoul, Osaka, Sapporo, Yakutsk"}},"email":"gustav.rasmussen@example.com","login":{"uuid":"5de08668-0d01-408e-a821-ad4d82a1c570","username":"bluebutterfly672","password":"kristina","salt":"a2becG4x","md5":"abed3787e531c8ed32fa6285811e9a4d","sha1":"2b953613defdda04444055cc7d4ab5152758f943","sha256":"893ba5c320ea2c09a2c87d2bbd47b41df2c90eb985d41fd8fa2541d5cdbffbb1"},"dob":{"date":"1990-12-21T12:27:08.571Z","age":33},"registered":{"date":"2007-04-10T10:00:42.717Z","age":17},"phone":"51607340","cell":"02464457","id":{"name":"CPR","value":"211290-6824"},"picture":{"large":"https://randomuser.me/api/portraits/men/84.jpg","medium":"https://randomuser.me/api/portraits/med/men/84.jpg","thumbnail":"https://randomuser.me/api/portraits/thumb/men/84.jpg"},"nat":"DK"}],"info":{"seed":"16d23c2613b6dbbc","results":1,"page":1,"version":"1.4"}} 
 </msg>
<msg time="2024-06-04T20:42:33.276068" level="INFO">/opt/hostedtoolcache/Python/3.12.3/x64/lib/python3.12/site-packages/urllib3/connectionpool.py:1103: InsecureRequestWarning: Unverified HTTPS request is being made to host 'randomuser.me'. Adding certificate verification is strongly advised. See: https://urllib3.readthedocs.io/en/latest/advanced-usage.html#tls-warnings
  warnings.warn(</msg>
<msg time="2024-06-04T20:42:33.276182" level="INFO">${response} = &lt;Response [200]&gt;</msg>
<var>${response}</var>
<arg>consultarAPI</arg>
<arg>/api</arg>
<doc>Sends a GET request on a previously created HTTP Session.</doc>
<status status="PASS" start="2024-06-04T20:42:33.200399" elapsed="0.075823"/>
</kw>
<kw name="Set Variable" owner="BuiltIn">
<msg time="2024-06-04T20:42:33.277306" level="INFO">${json_data} = {'results': [{'gender': 'male', 'name': {'title': 'Mr', 'first': 'Gustav', 'last': 'Rasmussen'}, 'location': {'street': {'number': 211, 'name': 'Mejerivej'}, 'city': 'København S', 'state': 'Midtjylla...</msg>
<var>${json_data}</var>
<arg>${response.json()}</arg>
<doc>Returns the given values which can then be assigned to a variables.</doc>
<status status="PASS" start="2024-06-04T20:42:33.276743" elapsed="0.000593"/>
</kw>
<kw name="Log" owner="BuiltIn">
<msg time="2024-06-04T20:42:33.277810" level="INFO">{'results': [{'gender': 'male', 'name': {'title': 'Mr', 'first': 'Gustav', 'last': 'Rasmussen'}, 'location': {'street': {'number': 211, 'name': 'Mejerivej'}, 'city': 'København S', 'state': 'Midtjylland', 'country': 'Denmark', 'postcode': 57676, 'coordinates': {'latitude': '-46.6117', 'longitude': '-27.3064'}, 'timezone': {'offset': '+9:00', 'description': 'Tokyo, Seoul, Osaka, Sapporo, Yakutsk'}}, 'email': 'gustav.rasmussen@example.com', 'login': {'uuid': '5de08668-0d01-408e-a821-ad4d82a1c570', 'username': 'bluebutterfly672', 'password': 'kristina', 'salt': 'a2becG4x', 'md5': 'abed3787e531c8ed32fa6285811e9a4d', 'sha1': '2b953613defdda04444055cc7d4ab5152758f943', 'sha256': '893ba5c320ea2c09a2c87d2bbd47b41df2c90eb985d41fd8fa2541d5cdbffbb1'}, 'dob': {'date': '1990-12-21T12:27:08.571Z', 'age': 33}, 'registered': {'date': '2007-04-10T10:00:42.717Z', 'age': 17}, 'phone': '51607340', 'cell': '02464457', 'id': {'name': 'CPR', 'value': '211290-6824'}, 'picture': {'large': 'https://randomuser.me/api/portraits/men/84.jpg', 'medium': 'https://randomuser.me/api/portraits/med/men/84.jpg', 'thumbnail': 'https://randomuser.me/api/portraits/thumb/men/84.jpg'}, 'nat': 'DK'}], 'info': {'seed': '16d23c2613b6dbbc', 'results': 1, 'page': 1, 'version': '1.4'}}</msg>
<arg>${json_data}</arg>
<doc>Logs the given message with the given level.</doc>
<status status="PASS" start="2024-06-04T20:42:33.277652" elapsed="0.000244"/>
</kw>
<kw name="Should Be Equal As Numbers" owner="BuiltIn">
<arg>${json_data['results'][0]['location']['postcode']}</arg>
<arg>${json_data['results'][0]['location']['postcode']}</arg>
<doc>Fails if objects are unequal after converting them to real numbers.</doc>
<status status="PASS" start="2024-06-04T20:42:33.278207" elapsed="0.000805"/>
</kw>
<kw name="Log" owner="BuiltIn">
<msg time="2024-06-04T20:42:33.279597" level="INFO">57676</msg>
<arg>${json_data['results'][0]['location']['postcode']}</arg>
<doc>Logs the given message with the given level.</doc>
<status status="PASS" start="2024-06-04T20:42:33.279216" elapsed="0.000424"/>
</kw>
<status status="PASS" start="2024-06-04T20:42:33.200174" elapsed="0.079728"/>
</kw>
<doc>Testa se os tipos de dados na resposta da API estão corretos.</doc>
<tag>testeTiposDados</tag>
<status status="PASS" start="2024-06-04T20:42:33.097106" elapsed="0.182967"/>
</test>
<test id="s1-s1-t5" name="Validar conteudo" line="35">
<kw name="Teste de Tipos de Conteudo" owner="random-user-service">
<kw name="GET On Session" owner="RequestsLibrary">
<msg time="2024-06-04T20:42:33.359540" level="INFO">GET Request : url=https://randomuser.me/api 
 path_url=/api 
 headers={'User-Agent': 'python-requests/2.32.3', 'Accept-Encoding': 'gzip, deflate', 'Accept': '*/*', 'Connection': 'keep-alive'} 
 body=None 
 </msg>
<msg time="2024-06-04T20:42:33.359635" level="INFO">GET Response : url=https://randomuser.me/api 
 status=200, reason=OK 
 headers={'Date': 'Tue, 04 Jun 2024 20:42:33 GMT', 'Content-Type': 'application/json; charset=utf-8', 'Transfer-Encoding': 'chunked', 'Connection': 'keep-alive', 'X-Powered-By': 'Express', 'Access-Control-Allow-Origin': '*', 'Cache-Control': 'no-cache', 'ETag': 'W/"482-Oh7UdxQS5arcU10OoWi98ABmSJ0"', 'Vary': 'Accept-Encoding', 'Content-Encoding': 'gzip', 'CF-Cache-Status': 'DYNAMIC', 'Report-To': '{"endpoints":[{"url":"https:\\/\\/a.nel.cloudflare.com\\/report\\/v4?s=jDaarTCos8kjmkmPlB9E5DFleqjjKx1%2BzXeM8T3R71aI2Y8bTyMRw4FUpBKYFNKuRTEFJSXW1Rdn6ZgQWvXBli8zn38SppaIwhlEyfGeF5JkKvWxD9JYIXjRQQzN2TdK"}],"group":"cf-nel","max_age":604800}', 'NEL': '{"success_fraction":0,"report_to":"cf-nel","max_age":604800}', 'Server': 'cloudflare', 'CF-RAY': '88eac006093d20ac-IAD', 'alt-svc': 'h3=":443"; ma=86400'} 
 body={"results":[{"gender":"female","name":{"title":"Ms","first":"Begüm","last":"Tekand"},"location":{"street":{"number":3171,"name":"Talak Göktepe Cd"},"city":"Çanakkale","state":"Muğla","country":"Turkey","postcode":49405,"coordinates":{"latitude":"70.6216","longitude":"43.9714"},"timezone":{"offset":"-8:00","description":"Pacific Time (US &amp; Canada)"}},"email":"begum.tekand@example.com","login":{"uuid":"2ca25439-7ae5-4fde-9106-bb53f6643731","username":"happypanda755","password":"1066","salt":"N5x8341h","md5":"9671a43f0322773896acef144654500f","sha1":"00f798232a11e0f478f63ee60e4f2881b509310c","sha256":"1713a5523029bc957fcb60646fc7d3f44aed3474705be343f3dbe7cb037f1b1c"},"dob":{"date":"1965-02-03T08:51:36.214Z","age":59},"registered":{"date":"2006-06-14T20:02:11.772Z","age":17},"phone":"(432)-141-0792","cell":"(844)-480-1506","id":{"name":"","value":null},"picture":{"large":"https://randomuser.me/api/portraits/women/95.jpg","medium":"https://randomuser.me/api/portraits/med/women/95.jpg","thumbnail":"https://randomuser.me/api/portraits/thumb/women/95.jpg"},"nat":"TR"}],"info":{"seed":"5404d4e6489b8a48","results":1,"page":1,"version":"1.4"}} 
 </msg>
<msg time="2024-06-04T20:42:33.359719" level="INFO">/opt/hostedtoolcache/Python/3.12.3/x64/lib/python3.12/site-packages/urllib3/connectionpool.py:1103: InsecureRequestWarning: Unverified HTTPS request is being made to host 'randomuser.me'. Adding certificate verification is strongly advised. See: https://urllib3.readthedocs.io/en/latest/advanced-usage.html#tls-warnings
  warnings.warn(</msg>
<msg time="2024-06-04T20:42:33.359838" level="INFO">${response} = &lt;Response [200]&gt;</msg>
<var>${response}</var>
<arg>consultarAPI</arg>
<arg>/api</arg>
<doc>Sends a GET request on a previously created HTTP Session.</doc>
<status status="PASS" start="2024-06-04T20:42:33.282604" elapsed="0.077284"/>
</kw>
<kw name="Set Variable" owner="BuiltIn">
<msg time="2024-06-04T20:42:33.361002" level="INFO">${json_data} = {'results': [{'gender': 'female', 'name': {'title': 'Ms', 'first': 'Begüm', 'last': 'Tekand'}, 'location': {'street': {'number': 3171, 'name': 'Talak Göktepe Cd'}, 'city': 'Çanakkale', 'state': 'Muğla...</msg>
<var>${json_data}</var>
<arg>${response.json()}</arg>
<doc>Returns the given values which can then be assigned to a variables.</doc>
<status status="PASS" start="2024-06-04T20:42:33.360442" elapsed="0.000591"/>
</kw>
<kw name="Set Variable" owner="BuiltIn">
<msg time="2024-06-04T20:42:33.361741" level="INFO">${name_title} = Ms</msg>
<var>${name_title}</var>
<arg>${json_data["results"][0]["name"]["title"]}</arg>
<doc>Returns the given values which can then be assigned to a variables.</doc>
<status status="PASS" start="2024-06-04T20:42:33.361360" elapsed="0.000406"/>
</kw>
<kw name="Create List" owner="BuiltIn">
<msg time="2024-06-04T20:42:33.362219" level="INFO">${allowed_titles} = ['Mr', 'Ms', 'Miss', 'Mrs', 'Madame', 'Monsieur']</msg>
<var>${allowed_titles}</var>
<arg>Mr</arg>
<arg>Ms</arg>
<arg>Miss</arg>
<arg>Mrs</arg>
<arg>Madame</arg>
<arg>Monsieur</arg>
<doc>Returns a list containing given items.</doc>
<status status="PASS" start="2024-06-04T20:42:33.362070" elapsed="0.000172"/>
</kw>
<kw name="List Should Contain Value" owner="Collections">
<msg time="2024-06-04T20:42:33.362725" level="INFO">False</msg>
<arg>${allowed_titles}</arg>
<arg>${name_title}</arg>
<doc>Fails if the ``value`` is not found from ``list``.</doc>
<status status="PASS" start="2024-06-04T20:42:33.362547" elapsed="0.000214"/>
</kw>
<kw name="Set Variable" owner="BuiltIn">
<msg time="2024-06-04T20:42:33.363425" level="INFO">${name_country} = TR</msg>
<var>${name_country}</var>
<arg>${json_data["results"][0]["nat"]}</arg>
<doc>Returns the given values which can then be assigned to a variables.</doc>
<status status="PASS" start="2024-06-04T20:42:33.363051" elapsed="0.000435"/>
</kw>
<kw name="Create List" owner="BuiltIn">
<msg time="2024-06-04T20:42:33.364401" level="INFO">${list_country} = ['AD', 'AE', 'AF', 'AG', 'AI', 'AL', 'AM', 'AO', 'AQ', 'AR', 'AS', 'AT', 'AU', 'AW', 'AX', 'AZ', 'BA', 'BB', 'BD', 'BE', 'BF', 'BG', 'BH', 'BI', 'BJ', 'BL', 'BM', 'BN', 'BO', 'BQ', 'BR', 'BS', 'BT', '...</msg>
<var>${list_country}</var>
<arg>AD</arg>
<arg>AE</arg>
<arg>AF</arg>
<arg>AG</arg>
<arg>AI</arg>
<arg>AL</arg>
<arg>AM</arg>
<arg>AO</arg>
<arg>AQ</arg>
<arg>AR</arg>
<arg>AS</arg>
<arg>AT</arg>
<arg>AU</arg>
<arg>AW</arg>
<arg>AX</arg>
<arg>AZ</arg>
<arg>BA</arg>
<arg>BB</arg>
<arg>BD</arg>
<arg>BE</arg>
<arg>BF</arg>
<arg>BG</arg>
<arg>BH</arg>
<arg>BI</arg>
<arg>BJ</arg>
<arg>BL</arg>
<arg>BM</arg>
<arg>BN</arg>
<arg>BO</arg>
<arg>BQ</arg>
<arg>BR</arg>
<arg>BS</arg>
<arg>BT</arg>
<arg>BV</arg>
<arg>BW</arg>
<arg>BY</arg>
<arg>BZ</arg>
<arg>CA</arg>
<arg>CC</arg>
<arg>CD</arg>
<arg>CF</arg>
<arg>CG</arg>
<arg>CH</arg>
<arg>CI</arg>
<arg>CK</arg>
<arg>CL</arg>
<arg>CM</arg>
<arg>CN</arg>
<arg>CO</arg>
<arg>CR</arg>
<arg>CU</arg>
<arg>CV</arg>
<arg>CW</arg>
<arg>CX</arg>
<arg>CY</arg>
<arg>CZ</arg>
<arg>DE</arg>
<arg>DJ</arg>
<arg>DK</arg>
<arg>DM</arg>
<arg>DO</arg>
<arg>DZ</arg>
<arg>EC</arg>
<arg>EE</arg>
<arg>EG</arg>
<arg>EH</arg>
<arg>ER</arg>
<arg>ES</arg>
<arg>ET</arg>
<arg>FI</arg>
<arg>FJ</arg>
<arg>FK</arg>
<arg>FM</arg>
<arg>FO</arg>
<arg>FR</arg>
<arg>GA</arg>
<arg>GB</arg>
<arg>GD</arg>
<arg>GE</arg>
<arg>GF</arg>
<arg>GG</arg>
<arg>GH</arg>
<arg>GI</arg>
<arg>GL</arg>
<arg>GM</arg>
<arg>GN</arg>
<arg>GP</arg>
<arg>GQ</arg>
<arg>GR</arg>
<arg>GS</arg>
<arg>GT</arg>
<arg>GU</arg>
<arg>GW</arg>
<arg>GY</arg>
<arg>HK</arg>
<arg>HM</arg>
<arg>HN</arg>
<arg>HR</arg>
<arg>HT</arg>
<arg>HU</arg>
<arg>ID</arg>
<arg>IE</arg>
<arg>IL</arg>
<arg>IM</arg>
<arg>IN</arg>
<arg>IO</arg>
<arg>IQ</arg>
<arg>IR</arg>
<arg>IS</arg>
<arg>IT</arg>
<arg>JE</arg>
<arg>JM</arg>
<arg>JO</arg>
<arg>JP</arg>
<arg>KE</arg>
<arg>KG</arg>
<arg>KH</arg>
<arg>KI</arg>
<arg>KM</arg>
<arg>KN</arg>
<arg>KP</arg>
<arg>KR</arg>
<arg>KW</arg>
<arg>KY</arg>
<arg>KZ</arg>
<arg>LA</arg>
<arg>LB</arg>
<arg>LC</arg>
<arg>LI</arg>
<arg>LK</arg>
<arg>LR</arg>
<arg>LS</arg>
<arg>LT</arg>
<arg>LU</arg>
<arg>LV</arg>
<arg>LY</arg>
<arg>MA</arg>
<arg>MC</arg>
<arg>MD</arg>
<arg>ME</arg>
<arg>MF</arg>
<arg>MG</arg>
<arg>MH</arg>
<arg>MK</arg>
<arg>ML</arg>
<arg>MM</arg>
<arg>MN</arg>
<arg>MO</arg>
<arg>MP</arg>
<arg>MQ</arg>
<arg>MR</arg>
<arg>MS</arg>
<arg>MT</arg>
<arg>MU</arg>
<arg>MV</arg>
<arg>MW</arg>
<arg>MX</arg>
<arg>MY</arg>
<arg>MZ</arg>
<arg>NA</arg>
<arg>NC</arg>
<arg>NE</arg>
<arg>NF</arg>
<arg>NG</arg>
<arg>NI</arg>
<arg>NL</arg>
<arg>NO</arg>
<arg>NP</arg>
<arg>NR</arg>
<arg>NU</arg>
<arg>NZ</arg>
<arg>OM</arg>
<arg>PA</arg>
<arg>PE</arg>
<arg>PF</arg>
<arg>PG</arg>
<arg>PH</arg>
<arg>PK</arg>
<arg>PL</arg>
<arg>PM</arg>
<arg>PN</arg>
<arg>PR</arg>
<arg>PS</arg>
<arg>PT</arg>
<arg>PW</arg>
<arg>PY</arg>
<arg>QA</arg>
<arg>RE</arg>
<arg>RO</arg>
<arg>RS</arg>
<arg>RU</arg>
<arg>RW</arg>
<arg>SA</arg>
<arg>SB</arg>
<arg>SC</arg>
<arg>SD</arg>
<arg>SE</arg>
<arg>SG</arg>
<arg>SH</arg>
<arg>SI</arg>
<arg>SJ</arg>
<arg>SK</arg>
<arg>SL</arg>
<arg>SM</arg>
<arg>SN</arg>
<arg>SO</arg>
<arg>SR</arg>
<arg>SS</arg>
<arg>ST</arg>
<arg>SV</arg>
<arg>SX</arg>
<arg>SY</arg>
<arg>SZ</arg>
<arg>TC</arg>
<arg>TD</arg>
<arg>TF</arg>
<arg>TG</arg>
<arg>TH</arg>
<arg>TJ</arg>
<arg>TK</arg>
<arg>TL</arg>
<arg>TM</arg>
<arg>TN</arg>
<arg>TO</arg>
<arg>TR</arg>
<arg>TT</arg>
<arg>TV</arg>
<arg>TW</arg>
<arg>TZ</arg>
<arg>UA</arg>
<arg>UG</arg>
<arg>UM</arg>
<arg>US</arg>
<arg>UY</arg>
<arg>UZ</arg>
<arg>VA</arg>
<arg>VC</arg>
<arg>VE</arg>
<arg>VG</arg>
<arg>VI</arg>
<arg>VN</arg>
<arg>VU</arg>
<arg>WF</arg>
<arg>WS</arg>
<arg>XK</arg>
<arg>YE</arg>
<arg>YT</arg>
<arg>ZA</arg>
<arg>ZM</arg>
<arg>ZW</arg>
<doc>Returns a list containing given items.</doc>
<status status="PASS" start="2024-06-04T20:42:33.363805" elapsed="0.000621"/>
</kw>
<kw name="List Should Contain Value" owner="Collections">
<msg time="2024-06-04T20:42:33.365427" level="INFO">False</msg>
<arg>${list_country}</arg>
<arg>${name_country}</arg>
<doc>Fails if the ``value`` is not found from ``list``.</doc>
<status status="PASS" start="2024-06-04T20:42:33.365213" elapsed="0.000251"/>
</kw>
<kw name="Run Keyword If" owner="BuiltIn">
<kw name="Should Be True" owner="BuiltIn">
<arg>${True}</arg>
<doc>Fails if the given condition is not true.</doc>
<status status="PASS" start="2024-06-04T20:42:33.366524" elapsed="0.000144"/>
</kw>
<arg>${json_data["results"][0]["location"]["coordinates"]["latitude"]} &gt;= -90 and ${json_data["results"][0]["location"]["coordinates"]["latitude"]} &lt;= 90</arg>
<arg>Should Be True</arg>
<arg>${True}</arg>
<doc>Runs the given keyword with the given arguments, if ``condition`` is true.</doc>
<status status="PASS" start="2024-06-04T20:42:33.365777" elapsed="0.001018"/>
</kw>
<kw name="Run Keyword If" owner="BuiltIn">
<kw name="Should Be True" owner="BuiltIn">
<arg>${True}</arg>
<doc>Fails if the given condition is not true.</doc>
<status status="PASS" start="2024-06-04T20:42:33.367709" elapsed="0.000253"/>
</kw>
<arg>${json_data["results"][0]["location"]["coordinates"]["longitude"]} &gt;= -180 and ${json_data["results"][0]["location"]["coordinates"]["longitude"]} &lt;= 180</arg>
<arg>Should Be True</arg>
<arg>${True}</arg>
<doc>Runs the given keyword with the given arguments, if ``condition`` is true.</doc>
<status status="PASS" start="2024-06-04T20:42:33.366980" elapsed="0.001110"/>
</kw>
<status status="PASS" start="2024-06-04T20:42:33.282373" elapsed="0.085851"/>
</kw>
<doc>Testa o conteúdo específico dos campos retornados pela API.</doc>
<tag>testeConteudo</tag>
<status status="PASS" start="2024-06-04T20:42:33.281842" elapsed="0.086530"/>
</test>
<status status="PASS" start="2024-06-04T20:42:32.419311" elapsed="0.951004"/>
</suite>
<status status="PASS" start="2024-06-04T20:42:32.405618" elapsed="0.969980"/>
</suite>
<statistics>
<total>
<stat pass="5" fail="0" skip="0">All Tests</stat>
</total>
<tag>
<stat pass="1" fail="0" skip="0">testeConteudo</stat>
<stat pass="1" fail="0" skip="0">testeEstruturaResposta</stat>
<stat pass="1" fail="0" skip="0">testeRequisicaoBasica</stat>
<stat pass="1" fail="0" skip="0">testeTiposDados</stat>
</tag>
<suite>
<stat pass="5" fail="0" skip="0" id="s1" name="Tests">Tests</stat>
<stat pass="5" fail="0" skip="0" id="s1-s1" name="Random-User-Test">Tests.Random-User-Test</stat>
</suite>
</statistics>
<errors>
</errors>
</robot>
