<?xml version="1.0" encoding="UTF-8"?>
<robot generator="Robot 7.0.1 (Python 3.12.3 on linux)" generated="2024-06-11T02:31:29.129243" rpa="false" schemaversion="5">
<suite id="s1" name="Tests" source="/home/runner/work/ApiRandomUser/ApiRandomUser/RamdonUser/tests">
<suite id="s1-s1" name="Random-User-Test" source="/home/runner/work/ApiRandomUser/ApiRandomUser/RamdonUser/tests/random-user-test.robot">
<test id="s1-s1-t1" name="Conectar" line="13">
<kw name="Conectar API" owner="random-user-service">
<kw name="Create Session" owner="RequestsLibrary">
<msg time="2024-06-11T02:31:29.519997" level="INFO">Creating Session using : alias=consultarAPI, url=https://randomuser.me/, headers={},                     cookies={}, auth=None, timeout=None, proxies=None, verify=False,                     debug=0 </msg>
<arg>consultarAPI</arg>
<arg>${URL}</arg>
<doc>Create Session: create a HTTP session to a server</doc>
<status status="PASS" start="2024-06-11T02:31:29.519788" elapsed="0.000393"/>
</kw>
<status status="PASS" start="2024-06-11T02:31:29.518688" elapsed="0.001871"/>
</kw>
<status status="PASS" start="2024-06-11T02:31:29.518073" elapsed="0.002681"/>
</test>
<test id="s1-s1-t2" name="Validar retorno 200 e JSON Válido" line="16">
<kw name="Teste de Requisicao Basica" owner="random-user-service">
<kw name="GET On Session" owner="RequestsLibrary">
<msg time="2024-06-11T02:31:29.597202" level="INFO">GET Request : url=https://randomuser.me/api 
 path_url=/api 
 headers={'User-Agent': 'python-requests/2.32.3', 'Accept-Encoding': 'gzip, deflate', 'Accept': '*/*', 'Connection': 'keep-alive'} 
 body=None 
 </msg>
<msg time="2024-06-11T02:31:29.597346" level="INFO">GET Response : url=https://randomuser.me/api 
 status=200, reason=OK 
 headers={'Date': 'Tue, 11 Jun 2024 02:31:29 GMT', 'Content-Type': 'application/json; charset=utf-8', 'Transfer-Encoding': 'chunked', 'Connection': 'keep-alive', 'X-Powered-By': 'Express', 'Access-Control-Allow-Origin': '*', 'Cache-Control': 'no-cache', 'ETag': 'W/"478-YVcVEGumLkKNwc8F/Sr5YXoPqhg"', 'Vary': 'Accept-Encoding', 'Content-Encoding': 'gzip', 'CF-Cache-Status': 'DYNAMIC', 'Report-To': '{"endpoints":[{"url":"https:\\/\\/a.nel.cloudflare.com\\/report\\/v4?s=wby93GgT%2Bh1bKVKfq%2BGOGm204Qv63umdOybUA5mx3epD%2Fb2lZJt0lG28Q4yCiAwkw1UYmGmvBE63YKFSAoFhsR2uxKmiSNT6vIh2KnBbqExeTBEChaF7EKTEmccgRaSJ"}],"group":"cf-nel","max_age":604800}', 'NEL': '{"success_fraction":0,"report_to":"cf-nel","max_age":604800}', 'Server': 'cloudflare', 'CF-RAY': '891e2f69caec1781-IAD', 'alt-svc': 'h3=":443"; ma=86400'} 
 body={"results":[{"gender":"female","name":{"title":"Miss","first":"Harper","last":"Kumar"},"location":{"street":{"number":3111,"name":"Glenfield Road"},"city":"Invercargill","state":"Gisborne","country":"New Zealand","postcode":24330,"coordinates":{"latitude":"52.0377","longitude":"148.4477"},"timezone":{"offset":"+5:45","description":"Kathmandu"}},"email":"harper.kumar@example.com","login":{"uuid":"561c4453-2f75-4eb1-bb31-b7283a2664eb","username":"bigpanda496","password":"cloud","salt":"8Cv6RfoR","md5":"8cef0326d40ac4c688c1cef6c4111cea","sha1":"e8937318d5b7d7024eba8925ba442da30d851fbf","sha256":"cdc4c6472d5a895e5f1ac1a47b6dc6c2e81f368accc67695328525777740d50c"},"dob":{"date":"1955-03-25T01:41:09.828Z","age":69},"registered":{"date":"2012-11-22T05:40:49.251Z","age":11},"phone":"(613)-329-7470","cell":"(049)-112-1213","id":{"name":"","value":null},"picture":{"large":"https://randomuser.me/api/portraits/women/18.jpg","medium":"https://randomuser.me/api/portraits/med/women/18.jpg","thumbnail":"https://randomuser.me/api/portraits/thumb/women/18.jpg"},"nat":"NZ"}],"info":{"seed":"0aa0856263a258dc","results":1,"page":1,"version":"1.4"}} 
 </msg>
<msg time="2024-06-11T02:31:29.597447" level="INFO">/opt/hostedtoolcache/Python/3.12.3/x64/lib/python3.12/site-packages/urllib3/connectionpool.py:1103: InsecureRequestWarning: Unverified HTTPS request is being made to host 'randomuser.me'. Adding certificate verification is strongly advised. See: https://urllib3.readthedocs.io/en/latest/advanced-usage.html#tls-warnings
  warnings.warn(</msg>
<msg time="2024-06-11T02:31:29.597612" level="INFO">${response} = &lt;Response [200]&gt;</msg>
<var>${response}</var>
<arg>consultarAPI</arg>
<arg>/api</arg>
<doc>Sends a GET request on a previously created HTTP Session.</doc>
<status status="PASS" start="2024-06-11T02:31:29.523410" elapsed="0.074268"/>
</kw>
<kw name="Should Be Equal As Numbers" owner="BuiltIn">
<msg time="2024-06-11T02:31:29.598973" level="INFO">Argument types are:
&lt;class 'int'&gt;
&lt;class 'str'&gt;</msg>
<arg>${response.status_code}</arg>
<arg>200</arg>
<doc>Fails if objects are unequal after converting them to real numbers.</doc>
<status status="PASS" start="2024-06-11T02:31:29.598276" elapsed="0.000763"/>
</kw>
<kw name="Log" owner="BuiltIn">
<msg time="2024-06-11T02:31:29.599712" level="INFO">200</msg>
<arg>${response.status_code}</arg>
<doc>Logs the given message with the given level.</doc>
<status status="PASS" start="2024-06-11T02:31:29.599366" elapsed="0.000395"/>
</kw>
<kw name="Set Variable" owner="BuiltIn">
<msg time="2024-06-11T02:31:29.600492" level="INFO">${json_data} = {'results': [{'gender': 'female', 'name': {'title': 'Miss', 'first': 'Harper', 'last': 'Kumar'}, 'location': {'street': {'number': 3111, 'name': 'Glenfield Road'}, 'city': 'Invercargill', 'state': 'Gi...</msg>
<var>${json_data}</var>
<arg>${response.json()}</arg>
<doc>Returns the given values which can then be assigned to a variables.</doc>
<status status="PASS" start="2024-06-11T02:31:29.600069" elapsed="0.000451"/>
</kw>
<kw name="Dictionary Should Contain Key" owner="Collections">
<arg>${json_data}</arg>
<arg>results</arg>
<doc>Fails if ``key`` is not found from ``dictionary``.</doc>
<status status="PASS" start="2024-06-11T02:31:29.600818" elapsed="0.000168"/>
</kw>
<status status="PASS" start="2024-06-11T02:31:29.523172" elapsed="0.077959"/>
</kw>
<doc>Testa se a API responde corretamente e retorna um objeto JSON válido.</doc>
<tag>testeRequisicaoBasica</tag>
<status status="PASS" start="2024-06-11T02:31:29.522626" elapsed="0.078663"/>
</test>
<test id="s1-s1-t3" name="Validar estrutura de resposta" line="22">
<kw name="Teste de Estrutura de Resposta" owner="random-user-service">
<kw name="GET On Session" owner="RequestsLibrary">
<msg time="2024-06-11T02:31:29.694567" level="INFO">GET Request : url=https://randomuser.me/api 
 path_url=/api 
 headers={'User-Agent': 'python-requests/2.32.3', 'Accept-Encoding': 'gzip, deflate', 'Accept': '*/*', 'Connection': 'keep-alive'} 
 body=None 
 </msg>
<msg time="2024-06-11T02:31:29.694660" level="INFO">GET Response : url=https://randomuser.me/api 
 status=200, reason=OK 
 headers={'Date': 'Tue, 11 Jun 2024 02:31:29 GMT', 'Content-Type': 'application/json; charset=utf-8', 'Transfer-Encoding': 'chunked', 'Connection': 'keep-alive', 'X-Powered-By': 'Express', 'Access-Control-Allow-Origin': '*', 'Cache-Control': 'no-cache', 'ETag': 'W/"486-hzjX8+D/PnmQG1B1JmiAJnxAdeI"', 'Vary': 'Accept-Encoding', 'Content-Encoding': 'gzip', 'CF-Cache-Status': 'DYNAMIC', 'Report-To': '{"endpoints":[{"url":"https:\\/\\/a.nel.cloudflare.com\\/report\\/v4?s=Mbx4S%2Bv06nZRjs0TvSRhLC7vh%2F4wxAiQQpvbWc%2FEXjdN1KuPGBimwQpbW5PNpw4oYJezZxnCHU3rjKN0JioMpkgiPbGwbKPPQcGWJ6C7gjvJgZLKMk1eF62kgID9TWGT"}],"group":"cf-nel","max_age":604800}', 'NEL': '{"success_fraction":0,"report_to":"cf-nel","max_age":604800}', 'Server': 'cloudflare', 'CF-RAY': '891e2f6a0b3c1781-IAD', 'alt-svc': 'h3=":443"; ma=86400'} 
 body={"results":[{"gender":"female","name":{"title":"Miss","first":"Johanne","last":"Johansen"},"location":{"street":{"number":9575,"name":"Skovkrogen"},"city":"Sandved","state":"Hovedstaden","country":"Denmark","postcode":45355,"coordinates":{"latitude":"-45.1325","longitude":"48.8973"},"timezone":{"offset":"+7:00","description":"Bangkok, Hanoi, Jakarta"}},"email":"johanne.johansen@example.com","login":{"uuid":"640cfbb3-642f-43c1-b839-d39419110a23","username":"organicswan277","password":"cantona","salt":"sj0lWgnG","md5":"3e8ba261c4ad90c43e3782fe8239cf68","sha1":"1944a45a4480f19adbe6b2826c8ac729c06093c3","sha256":"b1dce6f66ff177f2429d8e1c5d4e691a6ff35bdcc9cc1387ea2e7430bd6e478f"},"dob":{"date":"1977-10-19T09:52:23.769Z","age":46},"registered":{"date":"2007-05-17T08:32:12.947Z","age":17},"phone":"61106126","cell":"05510234","id":{"name":"CPR","value":"191077-1233"},"picture":{"large":"https://randomuser.me/api/portraits/women/9.jpg","medium":"https://randomuser.me/api/portraits/med/women/9.jpg","thumbnail":"https://randomuser.me/api/portraits/thumb/women/9.jpg"},"nat":"DK"}],"info":{"seed":"66e0c2590f20607c","results":1,"page":1,"version":"1.4"}} 
 </msg>
<msg time="2024-06-11T02:31:29.694815" level="INFO">/opt/hostedtoolcache/Python/3.12.3/x64/lib/python3.12/site-packages/urllib3/connectionpool.py:1103: InsecureRequestWarning: Unverified HTTPS request is being made to host 'randomuser.me'. Adding certificate verification is strongly advised. See: https://urllib3.readthedocs.io/en/latest/advanced-usage.html#tls-warnings
  warnings.warn(</msg>
<msg time="2024-06-11T02:31:29.694992" level="INFO">${response} = &lt;Response [200]&gt;</msg>
<var>${response}</var>
<arg>consultarAPI</arg>
<arg>/api</arg>
<doc>Sends a GET request on a previously created HTTP Session.</doc>
<status status="PASS" start="2024-06-11T02:31:29.604089" elapsed="0.090953"/>
</kw>
<kw name="Set Variable" owner="BuiltIn">
<msg time="2024-06-11T02:31:29.696298" level="INFO">${json_data} = {'results': [{'gender': 'female', 'name': {'title': 'Miss', 'first': 'Johanne', 'last': 'Johansen'}, 'location': {'street': {'number': 9575, 'name': 'Skovkrogen'}, 'city': 'Sandved', 'state': 'Hovedst...</msg>
<var>${json_data}</var>
<arg>${response.json()}</arg>
<doc>Returns the given values which can then be assigned to a variables.</doc>
<status status="PASS" start="2024-06-11T02:31:29.695611" elapsed="0.000717"/>
</kw>
<kw name="Log" owner="BuiltIn">
<msg time="2024-06-11T02:31:29.696792" level="INFO">{'results': [{'gender': 'female', 'name': {'title': 'Miss', 'first': 'Johanne', 'last': 'Johansen'}, 'location': {'street': {'number': 9575, 'name': 'Skovkrogen'}, 'city': 'Sandved', 'state': 'Hovedstaden', 'country': 'Denmark', 'postcode': 45355, 'coordinates': {'latitude': '-45.1325', 'longitude': '48.8973'}, 'timezone': {'offset': '+7:00', 'description': 'Bangkok, Hanoi, Jakarta'}}, 'email': 'johanne.johansen@example.com', 'login': {'uuid': '640cfbb3-642f-43c1-b839-d39419110a23', 'username': 'organicswan277', 'password': 'cantona', 'salt': 'sj0lWgnG', 'md5': '3e8ba261c4ad90c43e3782fe8239cf68', 'sha1': '1944a45a4480f19adbe6b2826c8ac729c06093c3', 'sha256': 'b1dce6f66ff177f2429d8e1c5d4e691a6ff35bdcc9cc1387ea2e7430bd6e478f'}, 'dob': {'date': '1977-10-19T09:52:23.769Z', 'age': 46}, 'registered': {'date': '2007-05-17T08:32:12.947Z', 'age': 17}, 'phone': '61106126', 'cell': '05510234', 'id': {'name': 'CPR', 'value': '191077-1233'}, 'picture': {'large': 'https://randomuser.me/api/portraits/women/9.jpg', 'medium': 'https://randomuser.me/api/portraits/med/women/9.jpg', 'thumbnail': 'https://randomuser.me/api/portraits/thumb/women/9.jpg'}, 'nat': 'DK'}], 'info': {'seed': '66e0c2590f20607c', 'results': 1, 'page': 1, 'version': '1.4'}}</msg>
<arg>${json_data}</arg>
<doc>Logs the given message with the given level.</doc>
<status status="PASS" start="2024-06-11T02:31:29.696638" elapsed="0.000203"/>
</kw>
<kw name="Dictionary Should Contain Key" owner="Collections">
<arg>${json_data}</arg>
<arg>results</arg>
<doc>Fails if ``key`` is not found from ``dictionary``.</doc>
<status status="PASS" start="2024-06-11T02:31:29.697132" elapsed="0.000154"/>
</kw>
<kw name="Should Not Be Empty" owner="BuiltIn">
<msg time="2024-06-11T02:31:29.697592" level="INFO">Length is 2.</msg>
<arg>${json_data}</arg>
<doc>Verifies that the given item is not empty.</doc>
<status status="PASS" start="2024-06-11T02:31:29.697469" elapsed="0.000161"/>
</kw>
<kw name="Create List" owner="BuiltIn">
<msg time="2024-06-11T02:31:29.698067" level="INFO">${expected_keys} = ['gender', 'name', 'location', 'email', 'login']</msg>
<var>${expected_keys}</var>
<arg>gender</arg>
<arg>name</arg>
<arg>location</arg>
<arg>email</arg>
<arg>login</arg>
<doc>Returns a list containing given items.</doc>
<status status="PASS" start="2024-06-11T02:31:29.697918" elapsed="0.000173"/>
</kw>
<for flavor="IN">
<iter>
<kw name="Dictionary Should Contain Key" owner="Collections">
<arg>${json_data['results'][0]}</arg>
<arg>${key}</arg>
<doc>Fails if ``key`` is not found from ``dictionary``.</doc>
<status status="PASS" start="2024-06-11T02:31:29.698658" elapsed="0.000438"/>
</kw>
<kw name="Log" owner="BuiltIn">
<msg time="2024-06-11T02:31:29.699653" level="INFO">{'gender': 'female', 'name': {'title': 'Miss', 'first': 'Johanne', 'last': 'Johansen'}, 'location': {'street': {'number': 9575, 'name': 'Skovkrogen'}, 'city': 'Sandved', 'state': 'Hovedstaden', 'country': 'Denmark', 'postcode': 45355, 'coordinates': {'latitude': '-45.1325', 'longitude': '48.8973'}, 'timezone': {'offset': '+7:00', 'description': 'Bangkok, Hanoi, Jakarta'}}, 'email': 'johanne.johansen@example.com', 'login': {'uuid': '640cfbb3-642f-43c1-b839-d39419110a23', 'username': 'organicswan277', 'password': 'cantona', 'salt': 'sj0lWgnG', 'md5': '3e8ba261c4ad90c43e3782fe8239cf68', 'sha1': '1944a45a4480f19adbe6b2826c8ac729c06093c3', 'sha256': 'b1dce6f66ff177f2429d8e1c5d4e691a6ff35bdcc9cc1387ea2e7430bd6e478f'}, 'dob': {'date': '1977-10-19T09:52:23.769Z', 'age': 46}, 'registered': {'date': '2007-05-17T08:32:12.947Z', 'age': 17}, 'phone': '61106126', 'cell': '05510234', 'id': {'name': 'CPR', 'value': '191077-1233'}, 'picture': {'large': 'https://randomuser.me/api/portraits/women/9.jpg', 'medium': 'https://randomuser.me/api/portraits/med/women/9.jpg', 'thumbnail': 'https://randomuser.me/api/portraits/thumb/women/9.jpg'}, 'nat': 'DK'}</msg>
<arg>${json_data['results'][0]}</arg>
<doc>Logs the given message with the given level.</doc>
<status status="PASS" start="2024-06-11T02:31:29.699293" elapsed="0.000411"/>
</kw>
<kw name="Log" owner="BuiltIn">
<msg time="2024-06-11T02:31:29.700131" level="INFO">gender</msg>
<arg>${key}</arg>
<doc>Logs the given message with the given level.</doc>
<status status="PASS" start="2024-06-11T02:31:29.700002" elapsed="0.000168"/>
</kw>
<var name="${key}">gender</var>
<status status="PASS" start="2024-06-11T02:31:29.698531" elapsed="0.001865"/>
</iter>
<iter>
<kw name="Dictionary Should Contain Key" owner="Collections">
<arg>${json_data['results'][0]}</arg>
<arg>${key}</arg>
<doc>Fails if ``key`` is not found from ``dictionary``.</doc>
<status status="PASS" start="2024-06-11T02:31:29.700698" elapsed="0.000389"/>
</kw>
<kw name="Log" owner="BuiltIn">
<msg time="2024-06-11T02:31:29.701622" level="INFO">{'gender': 'female', 'name': {'title': 'Miss', 'first': 'Johanne', 'last': 'Johansen'}, 'location': {'street': {'number': 9575, 'name': 'Skovkrogen'}, 'city': 'Sandved', 'state': 'Hovedstaden', 'country': 'Denmark', 'postcode': 45355, 'coordinates': {'latitude': '-45.1325', 'longitude': '48.8973'}, 'timezone': {'offset': '+7:00', 'description': 'Bangkok, Hanoi, Jakarta'}}, 'email': 'johanne.johansen@example.com', 'login': {'uuid': '640cfbb3-642f-43c1-b839-d39419110a23', 'username': 'organicswan277', 'password': 'cantona', 'salt': 'sj0lWgnG', 'md5': '3e8ba261c4ad90c43e3782fe8239cf68', 'sha1': '1944a45a4480f19adbe6b2826c8ac729c06093c3', 'sha256': 'b1dce6f66ff177f2429d8e1c5d4e691a6ff35bdcc9cc1387ea2e7430bd6e478f'}, 'dob': {'date': '1977-10-19T09:52:23.769Z', 'age': 46}, 'registered': {'date': '2007-05-17T08:32:12.947Z', 'age': 17}, 'phone': '61106126', 'cell': '05510234', 'id': {'name': 'CPR', 'value': '191077-1233'}, 'picture': {'large': 'https://randomuser.me/api/portraits/women/9.jpg', 'medium': 'https://randomuser.me/api/portraits/med/women/9.jpg', 'thumbnail': 'https://randomuser.me/api/portraits/thumb/women/9.jpg'}, 'nat': 'DK'}</msg>
<arg>${json_data['results'][0]}</arg>
<doc>Logs the given message with the given level.</doc>
<status status="PASS" start="2024-06-11T02:31:29.701271" elapsed="0.000431"/>
</kw>
<kw name="Log" owner="BuiltIn">
<msg time="2024-06-11T02:31:29.702135" level="INFO">name</msg>
<arg>${key}</arg>
<doc>Logs the given message with the given level.</doc>
<status status="PASS" start="2024-06-11T02:31:29.702002" elapsed="0.000173"/>
</kw>
<var name="${key}">name</var>
<status status="PASS" start="2024-06-11T02:31:29.700586" elapsed="0.001806"/>
</iter>
<iter>
<kw name="Dictionary Should Contain Key" owner="Collections">
<arg>${json_data['results'][0]}</arg>
<arg>${key}</arg>
<doc>Fails if ``key`` is not found from ``dictionary``.</doc>
<status status="PASS" start="2024-06-11T02:31:29.702676" elapsed="0.000408"/>
</kw>
<kw name="Log" owner="BuiltIn">
<msg time="2024-06-11T02:31:29.703617" level="INFO">{'gender': 'female', 'name': {'title': 'Miss', 'first': 'Johanne', 'last': 'Johansen'}, 'location': {'street': {'number': 9575, 'name': 'Skovkrogen'}, 'city': 'Sandved', 'state': 'Hovedstaden', 'country': 'Denmark', 'postcode': 45355, 'coordinates': {'latitude': '-45.1325', 'longitude': '48.8973'}, 'timezone': {'offset': '+7:00', 'description': 'Bangkok, Hanoi, Jakarta'}}, 'email': 'johanne.johansen@example.com', 'login': {'uuid': '640cfbb3-642f-43c1-b839-d39419110a23', 'username': 'organicswan277', 'password': 'cantona', 'salt': 'sj0lWgnG', 'md5': '3e8ba261c4ad90c43e3782fe8239cf68', 'sha1': '1944a45a4480f19adbe6b2826c8ac729c06093c3', 'sha256': 'b1dce6f66ff177f2429d8e1c5d4e691a6ff35bdcc9cc1387ea2e7430bd6e478f'}, 'dob': {'date': '1977-10-19T09:52:23.769Z', 'age': 46}, 'registered': {'date': '2007-05-17T08:32:12.947Z', 'age': 17}, 'phone': '61106126', 'cell': '05510234', 'id': {'name': 'CPR', 'value': '191077-1233'}, 'picture': {'large': 'https://randomuser.me/api/portraits/women/9.jpg', 'medium': 'https://randomuser.me/api/portraits/med/women/9.jpg', 'thumbnail': 'https://randomuser.me/api/portraits/thumb/women/9.jpg'}, 'nat': 'DK'}</msg>
<arg>${json_data['results'][0]}</arg>
<doc>Logs the given message with the given level.</doc>
<status status="PASS" start="2024-06-11T02:31:29.703273" elapsed="0.000393"/>
</kw>
<kw name="Log" owner="BuiltIn">
<msg time="2024-06-11T02:31:29.704083" level="INFO">location</msg>
<arg>${key}</arg>
<doc>Logs the given message with the given level.</doc>
<status status="PASS" start="2024-06-11T02:31:29.703959" elapsed="0.000161"/>
</kw>
<var name="${key}">location</var>
<status status="PASS" start="2024-06-11T02:31:29.702569" elapsed="0.001772"/>
</iter>
<iter>
<kw name="Dictionary Should Contain Key" owner="Collections">
<arg>${json_data['results'][0]}</arg>
<arg>${key}</arg>
<doc>Fails if ``key`` is not found from ``dictionary``.</doc>
<status status="PASS" start="2024-06-11T02:31:29.704617" elapsed="0.000377"/>
</kw>
<kw name="Log" owner="BuiltIn">
<msg time="2024-06-11T02:31:29.705527" level="INFO">{'gender': 'female', 'name': {'title': 'Miss', 'first': 'Johanne', 'last': 'Johansen'}, 'location': {'street': {'number': 9575, 'name': 'Skovkrogen'}, 'city': 'Sandved', 'state': 'Hovedstaden', 'country': 'Denmark', 'postcode': 45355, 'coordinates': {'latitude': '-45.1325', 'longitude': '48.8973'}, 'timezone': {'offset': '+7:00', 'description': 'Bangkok, Hanoi, Jakarta'}}, 'email': 'johanne.johansen@example.com', 'login': {'uuid': '640cfbb3-642f-43c1-b839-d39419110a23', 'username': 'organicswan277', 'password': 'cantona', 'salt': 'sj0lWgnG', 'md5': '3e8ba261c4ad90c43e3782fe8239cf68', 'sha1': '1944a45a4480f19adbe6b2826c8ac729c06093c3', 'sha256': 'b1dce6f66ff177f2429d8e1c5d4e691a6ff35bdcc9cc1387ea2e7430bd6e478f'}, 'dob': {'date': '1977-10-19T09:52:23.769Z', 'age': 46}, 'registered': {'date': '2007-05-17T08:32:12.947Z', 'age': 17}, 'phone': '61106126', 'cell': '05510234', 'id': {'name': 'CPR', 'value': '191077-1233'}, 'picture': {'large': 'https://randomuser.me/api/portraits/women/9.jpg', 'medium': 'https://randomuser.me/api/portraits/med/women/9.jpg', 'thumbnail': 'https://randomuser.me/api/portraits/thumb/women/9.jpg'}, 'nat': 'DK'}</msg>
<arg>${json_data['results'][0]}</arg>
<doc>Logs the given message with the given level.</doc>
<status status="PASS" start="2024-06-11T02:31:29.705174" elapsed="0.000409"/>
</kw>
<kw name="Log" owner="BuiltIn">
<msg time="2024-06-11T02:31:29.706002" level="INFO">email</msg>
<arg>${key}</arg>
<doc>Logs the given message with the given level.</doc>
<status status="PASS" start="2024-06-11T02:31:29.705876" elapsed="0.000163"/>
</kw>
<var name="${key}">email</var>
<status status="PASS" start="2024-06-11T02:31:29.704511" elapsed="0.001741"/>
</iter>
<iter>
<kw name="Dictionary Should Contain Key" owner="Collections">
<arg>${json_data['results'][0]}</arg>
<arg>${key}</arg>
<doc>Fails if ``key`` is not found from ``dictionary``.</doc>
<status status="PASS" start="2024-06-11T02:31:29.706527" elapsed="0.000402"/>
</kw>
<kw name="Log" owner="BuiltIn">
<msg time="2024-06-11T02:31:29.707471" level="INFO">{'gender': 'female', 'name': {'title': 'Miss', 'first': 'Johanne', 'last': 'Johansen'}, 'location': {'street': {'number': 9575, 'name': 'Skovkrogen'}, 'city': 'Sandved', 'state': 'Hovedstaden', 'country': 'Denmark', 'postcode': 45355, 'coordinates': {'latitude': '-45.1325', 'longitude': '48.8973'}, 'timezone': {'offset': '+7:00', 'description': 'Bangkok, Hanoi, Jakarta'}}, 'email': 'johanne.johansen@example.com', 'login': {'uuid': '640cfbb3-642f-43c1-b839-d39419110a23', 'username': 'organicswan277', 'password': 'cantona', 'salt': 'sj0lWgnG', 'md5': '3e8ba261c4ad90c43e3782fe8239cf68', 'sha1': '1944a45a4480f19adbe6b2826c8ac729c06093c3', 'sha256': 'b1dce6f66ff177f2429d8e1c5d4e691a6ff35bdcc9cc1387ea2e7430bd6e478f'}, 'dob': {'date': '1977-10-19T09:52:23.769Z', 'age': 46}, 'registered': {'date': '2007-05-17T08:32:12.947Z', 'age': 17}, 'phone': '61106126', 'cell': '05510234', 'id': {'name': 'CPR', 'value': '191077-1233'}, 'picture': {'large': 'https://randomuser.me/api/portraits/women/9.jpg', 'medium': 'https://randomuser.me/api/portraits/med/women/9.jpg', 'thumbnail': 'https://randomuser.me/api/portraits/thumb/women/9.jpg'}, 'nat': 'DK'}</msg>
<arg>${json_data['results'][0]}</arg>
<doc>Logs the given message with the given level.</doc>
<status status="PASS" start="2024-06-11T02:31:29.707123" elapsed="0.000395"/>
</kw>
<kw name="Log" owner="BuiltIn">
<msg time="2024-06-11T02:31:29.708041" level="INFO">login</msg>
<arg>${key}</arg>
<doc>Logs the given message with the given level.</doc>
<status status="PASS" start="2024-06-11T02:31:29.707810" elapsed="0.000270"/>
</kw>
<var name="${key}">login</var>
<status status="PASS" start="2024-06-11T02:31:29.706420" elapsed="0.001877"/>
</iter>
<var>${key}</var>
<value>@{expected_keys}</value>
<status status="PASS" start="2024-06-11T02:31:29.698346" elapsed="0.010073"/>
</for>
<kw name="Create List" owner="BuiltIn">
<msg time="2024-06-11T02:31:29.708742" level="INFO">${expected_keysTwo} = ['username', 'password']</msg>
<var>${expected_keysTwo}</var>
<arg>username</arg>
<arg>password</arg>
<doc>Returns a list containing given items.</doc>
<status status="PASS" start="2024-06-11T02:31:29.708608" elapsed="0.000158"/>
</kw>
<for flavor="IN">
<iter>
<kw name="Dictionary Should Contain Key" owner="Collections">
<arg>${json_data['results'][0]['login']}</arg>
<arg>${keyTwo}</arg>
<doc>Fails if ``key`` is not found from ``dictionary``.</doc>
<status status="PASS" start="2024-06-11T02:31:29.709280" elapsed="0.000374"/>
</kw>
<kw name="Dictionary Should Contain Key" owner="Collections">
<arg>${json_data['results'][0]['login']}</arg>
<arg>${keyTwo}</arg>
<doc>Fails if ``key`` is not found from ``dictionary``.</doc>
<status status="PASS" start="2024-06-11T02:31:29.709833" elapsed="0.000370"/>
</kw>
<kw name="Log" owner="BuiltIn">
<msg time="2024-06-11T02:31:29.710493" level="INFO">username</msg>
<arg>${keyTwo}</arg>
<doc>Logs the given message with the given level.</doc>
<status status="PASS" start="2024-06-11T02:31:29.710377" elapsed="0.000153"/>
</kw>
<var name="${keyTwo}">username</var>
<status status="PASS" start="2024-06-11T02:31:29.709176" elapsed="0.001570"/>
</iter>
<iter>
<kw name="Dictionary Should Contain Key" owner="Collections">
<arg>${json_data['results'][0]['login']}</arg>
<arg>${keyTwo}</arg>
<doc>Fails if ``key`` is not found from ``dictionary``.</doc>
<status status="PASS" start="2024-06-11T02:31:29.711062" elapsed="0.000374"/>
</kw>
<kw name="Dictionary Should Contain Key" owner="Collections">
<arg>${json_data['results'][0]['login']}</arg>
<arg>${keyTwo}</arg>
<doc>Fails if ``key`` is not found from ``dictionary``.</doc>
<status status="PASS" start="2024-06-11T02:31:29.711615" elapsed="0.000364"/>
</kw>
<kw name="Log" owner="BuiltIn">
<msg time="2024-06-11T02:31:29.712276" level="INFO">password</msg>
<arg>${keyTwo}</arg>
<doc>Logs the given message with the given level.</doc>
<status status="PASS" start="2024-06-11T02:31:29.712158" elapsed="0.000154"/>
</kw>
<var name="${keyTwo}">password</var>
<status status="PASS" start="2024-06-11T02:31:29.710951" elapsed="0.001579"/>
</iter>
<var>${keyTwo}</var>
<value>@{expected_keysTwo}</value>
<status status="PASS" start="2024-06-11T02:31:29.709026" elapsed="0.003623"/>
</for>
<status status="PASS" start="2024-06-11T02:31:29.603864" elapsed="0.108921"/>
</kw>
<doc>Testa a estrutura da resposta da API.</doc>
<tag>testeEstruturaResposta</tag>
<status status="PASS" start="2024-06-11T02:31:29.603160" elapsed="0.109772"/>
</test>
<test id="s1-s1-t4" name="Validar tipos de dados" line="28">
<kw name="Teste de Tipos de Dados" owner="random-user-service">
<kw name="GET On Session" owner="RequestsLibrary">
<msg time="2024-06-11T02:31:30.474252" level="INFO">GET Request : url=https://randomuser.me/api 
 path_url=/api 
 headers={'User-Agent': 'python-requests/2.32.3', 'Accept-Encoding': 'gzip, deflate', 'Accept': '*/*', 'Connection': 'keep-alive'} 
 body=None 
 </msg>
<msg time="2024-06-11T02:31:30.474345" level="INFO">GET Response : url=https://randomuser.me/api 
 status=200, reason=OK 
 headers={'Date': 'Tue, 11 Jun 2024 02:31:30 GMT', 'Content-Type': 'application/json; charset=utf-8', 'Transfer-Encoding': 'chunked', 'Connection': 'keep-alive', 'X-Powered-By': 'Express', 'Access-Control-Allow-Origin': '*', 'Cache-Control': 'no-cache', 'ETag': 'W/"4a3-fJsY5DCCTK63832o8piQXxVrHog"', 'Vary': 'Accept-Encoding', 'Content-Encoding': 'gzip', 'CF-Cache-Status': 'DYNAMIC', 'Report-To': '{"endpoints":[{"url":"https:\\/\\/a.nel.cloudflare.com\\/report\\/v4?s=EUqROTUeys%2BOcsL6fg6KFYuQY7VDkMy92cQtYEJPgCeTBW1NCBzpeJeVDy7XwFOJ%2B1L%2F%2FMj4x9fo20ux6afmPKamrZXX7ErjdBeUG%2FlvQ2Ya9ffyzeM40opWYwZhJbo0"}],"group":"cf-nel","max_age":604800}', 'NEL': '{"success_fraction":0,"report_to":"cf-nel","max_age":604800}', 'Server': 'cloudflare', 'CF-RAY': '891e2f6acbe91781-IAD', 'alt-svc': 'h3=":443"; ma=86400'} 
 body={"results":[{"gender":"female","name":{"title":"Mrs","first":"Juliette","last":"Anderson"},"location":{"street":{"number":6709,"name":"Pine Rd"},"city":"Fauquier","state":"Nova Scotia","country":"Canada","postcode":"W4W 7Z3","coordinates":{"latitude":"-70.1704","longitude":"120.4069"},"timezone":{"offset":"+11:00","description":"Magadan, Solomon Islands, New Caledonia"}},"email":"juliette.anderson@example.com","login":{"uuid":"a1afab47-141b-4ea8-8e98-a584f215aafd","username":"orangemouse390","password":"martin1","salt":"rfT4QHs4","md5":"aef1edb3781f329a29f90f5c0f13a1de","sha1":"90c1efd619f9921ae75e6008eba6499239b121ba","sha256":"5ec46f0281ee5fc48f32776b2b8308acb05200a2183b147eb1684bfa72d8b4e5"},"dob":{"date":"1974-05-29T12:05:25.268Z","age":50},"registered":{"date":"2007-07-11T02:14:25.903Z","age":16},"phone":"E03 R69-8278","cell":"U89 Z15-2393","id":{"name":"SIN","value":"385855630"},"picture":{"large":"https://randomuser.me/api/portraits/women/96.jpg","medium":"https://randomuser.me/api/portraits/med/women/96.jpg","thumbnail":"https://randomuser.me/api/portraits/thumb/women/96.jpg"},"nat":"CA"}],"info":{"seed":"167c6909b58d4404","results":1,"page":1,"version":"1.4"}} 
 </msg>
<msg time="2024-06-11T02:31:30.474419" level="INFO">/opt/hostedtoolcache/Python/3.12.3/x64/lib/python3.12/site-packages/urllib3/connectionpool.py:1103: InsecureRequestWarning: Unverified HTTPS request is being made to host 'randomuser.me'. Adding certificate verification is strongly advised. See: https://urllib3.readthedocs.io/en/latest/advanced-usage.html#tls-warnings
  warnings.warn(</msg>
<msg time="2024-06-11T02:31:30.474513" level="INFO">${response} = &lt;Response [200]&gt;</msg>
<var>${response}</var>
<arg>consultarAPI</arg>
<arg>/api</arg>
<doc>Sends a GET request on a previously created HTTP Session.</doc>
<status status="PASS" start="2024-06-11T02:31:29.715385" elapsed="0.759169"/>
</kw>
<kw name="Set Variable" owner="BuiltIn">
<msg time="2024-06-11T02:31:30.475791" level="INFO">${json_data} = {'results': [{'gender': 'female', 'name': {'title': 'Mrs', 'first': 'Juliette', 'last': 'Anderson'}, 'location': {'street': {'number': 6709, 'name': 'Pine Rd'}, 'city': 'Fauquier', 'state': 'Nova Scot...</msg>
<var>${json_data}</var>
<arg>${response.json()}</arg>
<doc>Returns the given values which can then be assigned to a variables.</doc>
<status status="PASS" start="2024-06-11T02:31:30.475143" elapsed="0.000676"/>
</kw>
<kw name="Log" owner="BuiltIn">
<msg time="2024-06-11T02:31:30.476272" level="INFO">{'results': [{'gender': 'female', 'name': {'title': 'Mrs', 'first': 'Juliette', 'last': 'Anderson'}, 'location': {'street': {'number': 6709, 'name': 'Pine Rd'}, 'city': 'Fauquier', 'state': 'Nova Scotia', 'country': 'Canada', 'postcode': 'W4W 7Z3', 'coordinates': {'latitude': '-70.1704', 'longitude': '120.4069'}, 'timezone': {'offset': '+11:00', 'description': 'Magadan, Solomon Islands, New Caledonia'}}, 'email': 'juliette.anderson@example.com', 'login': {'uuid': 'a1afab47-141b-4ea8-8e98-a584f215aafd', 'username': 'orangemouse390', 'password': 'martin1', 'salt': 'rfT4QHs4', 'md5': 'aef1edb3781f329a29f90f5c0f13a1de', 'sha1': '90c1efd619f9921ae75e6008eba6499239b121ba', 'sha256': '5ec46f0281ee5fc48f32776b2b8308acb05200a2183b147eb1684bfa72d8b4e5'}, 'dob': {'date': '1974-05-29T12:05:25.268Z', 'age': 50}, 'registered': {'date': '2007-07-11T02:14:25.903Z', 'age': 16}, 'phone': 'E03 R69-8278', 'cell': 'U89 Z15-2393', 'id': {'name': 'SIN', 'value': '385855630'}, 'picture': {'large': 'https://randomuser.me/api/portraits/women/96.jpg', 'medium': 'https://randomuser.me/api/portraits/med/women/96.jpg', 'thumbnail': 'https://randomuser.me/api/portraits/thumb/women/96.jpg'}, 'nat': 'CA'}], 'info': {'seed': '167c6909b58d4404', 'results': 1, 'page': 1, 'version': '1.4'}}</msg>
<arg>${json_data}</arg>
<doc>Logs the given message with the given level.</doc>
<status status="PASS" start="2024-06-11T02:31:30.476120" elapsed="0.000200"/>
</kw>
<kw name="Should Be String" owner="String">
<arg>${json_data['results'][0]['gender']}</arg>
<doc>Fails if the given ``item`` is not a string.</doc>
<status status="PASS" start="2024-06-11T02:31:30.476615" elapsed="0.000358"/>
</kw>
<kw name="Should Match Regexp" owner="BuiltIn">
<arg>${json_data['results'][0]['email']}</arg>
<arg>^[a-zA-Z0-9._%+-]+@[a-zA-Z0-9.-]+\.[a-zA-Z]{2,}$</arg>
<doc>Fails if ``string`` does not match ``pattern`` as a regular expression.</doc>
<status status="PASS" start="2024-06-11T02:31:30.477160" elapsed="0.000518"/>
</kw>
<kw name="Should Match Regexp" owner="BuiltIn">
<arg>${json_data['results'][0]['dob']['date']}</arg>
<arg>\\d{4}-\\d{2}-\\d{2}T\\d{2}:\\d{2}:\\d{2}\\.\\d{3}Z</arg>
<doc>Fails if ``string`` does not match ``pattern`` as a regular expression.</doc>
<status status="PASS" start="2024-06-11T02:31:30.477907" elapsed="0.000489"/>
</kw>
<kw name="Should Match Regexp" owner="BuiltIn">
<arg>${json_data['results'][0]['registered']['date']}</arg>
<arg>\\d{4}-\\d{2}-\\d{2}T\\d{2}:\\d{2}:\\d{2}\\.\\d{3}Z</arg>
<doc>Fails if ``string`` does not match ``pattern`` as a regular expression.</doc>
<status status="PASS" start="2024-06-11T02:31:30.478586" elapsed="0.000420"/>
</kw>
<kw name="Should Match Regexp" owner="BuiltIn">
<arg>${json_data['results'][0]['picture']['large']}</arg>
<arg>^https?://.*\.(?:png|jpe?g|gif|bmp)$</arg>
<doc>Fails if ``string`` does not match ``pattern`` as a regular expression.</doc>
<status status="PASS" start="2024-06-11T02:31:30.479202" elapsed="0.000462"/>
</kw>
<kw name="Should Match Regexp" owner="BuiltIn">
<arg>${json_data['results'][0]['picture']['medium']}</arg>
<arg>^https?://.*\.(?:png|jpe?g|gif|bmp)$</arg>
<doc>Fails if ``string`` does not match ``pattern`` as a regular expression.</doc>
<status status="PASS" start="2024-06-11T02:31:30.479857" elapsed="0.000353"/>
</kw>
<kw name="Should Match Regexp" owner="BuiltIn">
<arg>${json_data['results'][0]['picture']['thumbnail']}</arg>
<arg>^https?://.*\.(?:png|jpe?g|gif|bmp)$</arg>
<doc>Fails if ``string`` does not match ``pattern`` as a regular expression.</doc>
<status status="PASS" start="2024-06-11T02:31:30.480404" elapsed="0.000349"/>
</kw>
<kw name="Log" owner="BuiltIn">
<msg time="2024-06-11T02:31:30.481261" level="INFO">{'large': 'https://randomuser.me/api/portraits/women/96.jpg', 'medium': 'https://randomuser.me/api/portraits/med/women/96.jpg', 'thumbnail': 'https://randomuser.me/api/portraits/thumb/women/96.jpg'}</msg>
<arg>${json_data['results'][0]['picture']}</arg>
<doc>Logs the given message with the given level.</doc>
<status status="PASS" start="2024-06-11T02:31:30.480933" elapsed="0.000372"/>
</kw>
<status status="PASS" start="2024-06-11T02:31:29.715160" elapsed="0.766399"/>
</kw>
<kw name="Teste de Tipos de Dados - Postcode" owner="random-user-service">
<kw name="GET On Session" owner="RequestsLibrary">
<msg time="2024-06-11T02:31:30.568599" level="INFO">GET Request : url=https://randomuser.me/api 
 path_url=/api 
 headers={'User-Agent': 'python-requests/2.32.3', 'Accept-Encoding': 'gzip, deflate', 'Accept': '*/*', 'Connection': 'keep-alive'} 
 body=None 
 </msg>
<msg time="2024-06-11T02:31:30.568681" level="INFO">GET Response : url=https://randomuser.me/api 
 status=200, reason=OK 
 headers={'Date': 'Tue, 11 Jun 2024 02:31:30 GMT', 'Content-Type': 'application/json; charset=utf-8', 'Transfer-Encoding': 'chunked', 'Connection': 'keep-alive', 'X-Powered-By': 'Express', 'Access-Control-Allow-Origin': '*', 'Cache-Control': 'no-cache', 'ETag': 'W/"487-PBgVCt21FO6S8l+Qb79lL8mI6W4"', 'Vary': 'Accept-Encoding', 'Content-Encoding': 'gzip', 'CF-Cache-Status': 'DYNAMIC', 'Report-To': '{"endpoints":[{"url":"https:\\/\\/a.nel.cloudflare.com\\/report\\/v4?s=haQ18isVTaaB6cI%2FJI4ol1%2FxxlasBWQp%2FfF78OUoqELu50%2BQMAncWQlALy9FWzMds7SF7iuC4vpE6vJbz14Bwx3nx0n59ak%2B837UjuitUm31X%2B2Dpd6uBQeWvENxSlTH"}],"group":"cf-nel","max_age":604800}', 'NEL': '{"success_fraction":0,"report_to":"cf-nel","max_age":604800}', 'Server': 'cloudflare', 'CF-RAY': '891e2f6f89ee1781-IAD', 'alt-svc': 'h3=":443"; ma=86400'} 
 body={"results":[{"gender":"male","name":{"title":"Mr","first":"Michael","last":"Morris"},"location":{"street":{"number":1282,"name":"South Western Arterial"},"city":"Greymouth","state":"Wellington","country":"New Zealand","postcode":40454,"coordinates":{"latitude":"51.6440","longitude":"-75.3320"},"timezone":{"offset":"+7:00","description":"Bangkok, Hanoi, Jakarta"}},"email":"michael.morris@example.com","login":{"uuid":"c8c2c3e5-3b7f-47a2-83dd-df359b0f4075","username":"smallswan880","password":"coke","salt":"oQB9ENit","md5":"fb2a8d97cf983aeeb601e14c826ce5ca","sha1":"fff337da7788ba1bdbdf422eba634ca3ba999794","sha256":"0af539f532ff144e22309d88660a4c2e7470a5a3477990b301f616ebf3dca70c"},"dob":{"date":"2000-05-27T01:49:53.842Z","age":24},"registered":{"date":"2006-02-16T15:30:56.605Z","age":18},"phone":"(660)-920-4385","cell":"(642)-295-6979","id":{"name":"","value":null},"picture":{"large":"https://randomuser.me/api/portraits/men/31.jpg","medium":"https://randomuser.me/api/portraits/med/men/31.jpg","thumbnail":"https://randomuser.me/api/portraits/thumb/men/31.jpg"},"nat":"NZ"}],"info":{"seed":"7291ce47d19f9785","results":1,"page":1,"version":"1.4"}} 
 </msg>
<msg time="2024-06-11T02:31:30.568767" level="INFO">/opt/hostedtoolcache/Python/3.12.3/x64/lib/python3.12/site-packages/urllib3/connectionpool.py:1103: InsecureRequestWarning: Unverified HTTPS request is being made to host 'randomuser.me'. Adding certificate verification is strongly advised. See: https://urllib3.readthedocs.io/en/latest/advanced-usage.html#tls-warnings
  warnings.warn(</msg>
<msg time="2024-06-11T02:31:30.568880" level="INFO">${response} = &lt;Response [200]&gt;</msg>
<var>${response}</var>
<arg>consultarAPI</arg>
<arg>/api</arg>
<doc>Sends a GET request on a previously created HTTP Session.</doc>
<status status="PASS" start="2024-06-11T02:31:30.482002" elapsed="0.086930"/>
</kw>
<kw name="Set Variable" owner="BuiltIn">
<msg time="2024-06-11T02:31:30.570063" level="INFO">${json_data} = {'results': [{'gender': 'male', 'name': {'title': 'Mr', 'first': 'Michael', 'last': 'Morris'}, 'location': {'street': {'number': 1282, 'name': 'South Western Arterial'}, 'city': 'Greymouth', 'state': ...</msg>
<var>${json_data}</var>
<arg>${response.json()}</arg>
<doc>Returns the given values which can then be assigned to a variables.</doc>
<status status="PASS" start="2024-06-11T02:31:30.569513" elapsed="0.000578"/>
</kw>
<kw name="Log" owner="BuiltIn">
<msg time="2024-06-11T02:31:30.570543" level="INFO">{'results': [{'gender': 'male', 'name': {'title': 'Mr', 'first': 'Michael', 'last': 'Morris'}, 'location': {'street': {'number': 1282, 'name': 'South Western Arterial'}, 'city': 'Greymouth', 'state': 'Wellington', 'country': 'New Zealand', 'postcode': 40454, 'coordinates': {'latitude': '51.6440', 'longitude': '-75.3320'}, 'timezone': {'offset': '+7:00', 'description': 'Bangkok, Hanoi, Jakarta'}}, 'email': 'michael.morris@example.com', 'login': {'uuid': 'c8c2c3e5-3b7f-47a2-83dd-df359b0f4075', 'username': 'smallswan880', 'password': 'coke', 'salt': 'oQB9ENit', 'md5': 'fb2a8d97cf983aeeb601e14c826ce5ca', 'sha1': 'fff337da7788ba1bdbdf422eba634ca3ba999794', 'sha256': '0af539f532ff144e22309d88660a4c2e7470a5a3477990b301f616ebf3dca70c'}, 'dob': {'date': '2000-05-27T01:49:53.842Z', 'age': 24}, 'registered': {'date': '2006-02-16T15:30:56.605Z', 'age': 18}, 'phone': '(660)-920-4385', 'cell': '(642)-295-6979', 'id': {'name': '', 'value': None}, 'picture': {'large': 'https://randomuser.me/api/portraits/men/31.jpg', 'medium': 'https://randomuser.me/api/portraits/med/men/31.jpg', 'thumbnail': 'https://randomuser.me/api/portraits/thumb/men/31.jpg'}, 'nat': 'NZ'}], 'info': {'seed': '7291ce47d19f9785', 'results': 1, 'page': 1, 'version': '1.4'}}</msg>
<arg>${json_data}</arg>
<doc>Logs the given message with the given level.</doc>
<status status="PASS" start="2024-06-11T02:31:30.570393" elapsed="0.000197"/>
</kw>
<kw name="Should Be Equal As Numbers" owner="BuiltIn">
<arg>${json_data['results'][0]['location']['postcode']}</arg>
<arg>${json_data['results'][0]['location']['postcode']}</arg>
<doc>Fails if objects are unequal after converting them to real numbers.</doc>
<status status="PASS" start="2024-06-11T02:31:30.570931" elapsed="0.000624"/>
</kw>
<kw name="Log" owner="BuiltIn">
<msg time="2024-06-11T02:31:30.572076" level="INFO">40454</msg>
<arg>${json_data['results'][0]['location']['postcode']}</arg>
<doc>Logs the given message with the given level.</doc>
<status status="PASS" start="2024-06-11T02:31:30.571745" elapsed="0.000372"/>
</kw>
<status status="PASS" start="2024-06-11T02:31:30.481773" elapsed="0.090618"/>
</kw>
<doc>Testa se os tipos de dados na resposta da API estão corretos.</doc>
<tag>testeTiposDados</tag>
<status status="PASS" start="2024-06-11T02:31:29.714644" elapsed="0.857907"/>
</test>
<test id="s1-s1-t5" name="Validar conteudo" line="35">
<kw name="Teste de Tipos de Conteudo" owner="random-user-service">
<kw name="GET On Session" owner="RequestsLibrary">
<msg time="2024-06-11T02:31:30.632426" level="INFO">GET Request : url=https://randomuser.me/api 
 path_url=/api 
 headers={'User-Agent': 'python-requests/2.32.3', 'Accept-Encoding': 'gzip, deflate', 'Accept': '*/*', 'Connection': 'keep-alive'} 
 body=None 
 </msg>
<msg time="2024-06-11T02:31:30.632510" level="INFO">GET Response : url=https://randomuser.me/api 
 status=200, reason=OK 
 headers={'Date': 'Tue, 11 Jun 2024 02:31:30 GMT', 'Content-Type': 'application/json; charset=utf-8', 'Transfer-Encoding': 'chunked', 'Connection': 'keep-alive', 'X-Powered-By': 'Express', 'Access-Control-Allow-Origin': '*', 'Cache-Control': 'no-cache', 'ETag': 'W/"462-Irxw6x4QqVJcHGU7HIlCW9QMCq4"', 'Vary': 'Accept-Encoding', 'Content-Encoding': 'gzip', 'CF-Cache-Status': 'DYNAMIC', 'Report-To': '{"endpoints":[{"url":"https:\\/\\/a.nel.cloudflare.com\\/report\\/v4?s=%2FAtKCi2UeLP3v6HTa%2FKRM2hPpr63m62jJRnuWh7kexDCcisTH%2BrKp7OSKmVIPzqJ7VJ9HqyjEx3wLJt%2BUPMsCDq8h23CQcYdENF1o9m6EntYp42GgojTXUhpfyD9Sw9U"}],"group":"cf-nel","max_age":604800}', 'NEL': '{"success_fraction":0,"report_to":"cf-nel","max_age":604800}', 'Server': 'cloudflare', 'CF-RAY': '891e2f702ad51781-IAD', 'alt-svc': 'h3=":443"; ma=86400'} 
 body={"results":[{"gender":"male","name":{"title":"Mr","first":"Marc","last":"Ortega"},"location":{"street":{"number":4427,"name":"Calle Mota"},"city":"Elche","state":"Andalucía","country":"Spain","postcode":72037,"coordinates":{"latitude":"-31.3805","longitude":"-16.5003"},"timezone":{"offset":"-9:00","description":"Alaska"}},"email":"marc.ortega@example.com","login":{"uuid":"ba17d40b-2186-4426-89c0-e9afed409ff6","username":"silverbird925","password":"marie1","salt":"khHAqizG","md5":"65608f3f7905e7e6624e870bbc7e7960","sha1":"f65d6fba098ed8c61e6cc87650fc418cc94f25e4","sha256":"c8235e2dc1b28f3e69c695157b2f146ee1f170f74dc8dc32d7b86580848123ee"},"dob":{"date":"1979-12-12T13:52:35.923Z","age":44},"registered":{"date":"2015-05-24T16:02:12.473Z","age":9},"phone":"998-306-994","cell":"638-527-221","id":{"name":"DNI","value":"64062346-Q"},"picture":{"large":"https://randomuser.me/api/portraits/men/96.jpg","medium":"https://randomuser.me/api/portraits/med/men/96.jpg","thumbnail":"https://randomuser.me/api/portraits/thumb/men/96.jpg"},"nat":"ES"}],"info":{"seed":"3829ca9e02bd7341","results":1,"page":1,"version":"1.4"}} 
 </msg>
<msg time="2024-06-11T02:31:30.632592" level="INFO">/opt/hostedtoolcache/Python/3.12.3/x64/lib/python3.12/site-packages/urllib3/connectionpool.py:1103: InsecureRequestWarning: Unverified HTTPS request is being made to host 'randomuser.me'. Adding certificate verification is strongly advised. See: https://urllib3.readthedocs.io/en/latest/advanced-usage.html#tls-warnings
  warnings.warn(</msg>
<msg time="2024-06-11T02:31:30.632698" level="INFO">${response} = &lt;Response [200]&gt;</msg>
<var>${response}</var>
<arg>consultarAPI</arg>
<arg>/api</arg>
<doc>Sends a GET request on a previously created HTTP Session.</doc>
<status status="PASS" start="2024-06-11T02:31:30.575023" elapsed="0.057714"/>
</kw>
<kw name="Set Variable" owner="BuiltIn">
<msg time="2024-06-11T02:31:30.633924" level="INFO">${json_data} = {'results': [{'gender': 'male', 'name': {'title': 'Mr', 'first': 'Marc', 'last': 'Ortega'}, 'location': {'street': {'number': 4427, 'name': 'Calle Mota'}, 'city': 'Elche', 'state': 'Andalucía', 'count...</msg>
<var>${json_data}</var>
<arg>${response.json()}</arg>
<doc>Returns the given values which can then be assigned to a variables.</doc>
<status status="PASS" start="2024-06-11T02:31:30.633243" elapsed="0.000711"/>
</kw>
<kw name="Set Variable" owner="BuiltIn">
<msg time="2024-06-11T02:31:30.634635" level="INFO">${name_title} = Mr</msg>
<var>${name_title}</var>
<arg>${json_data["results"][0]["name"]["title"]}</arg>
<doc>Returns the given values which can then be assigned to a variables.</doc>
<status status="PASS" start="2024-06-11T02:31:30.634256" elapsed="0.000405"/>
</kw>
<kw name="Create List" owner="BuiltIn">
<msg time="2024-06-11T02:31:30.635156" level="INFO">${allowed_titles} = ['Mr', 'Ms', 'Miss', 'Mrs', 'Madame', 'Monsieur']</msg>
<var>${allowed_titles}</var>
<arg>Mr</arg>
<arg>Ms</arg>
<arg>Miss</arg>
<arg>Mrs</arg>
<arg>Madame</arg>
<arg>Monsieur</arg>
<doc>Returns a list containing given items.</doc>
<status status="PASS" start="2024-06-11T02:31:30.635005" elapsed="0.000174"/>
</kw>
<kw name="List Should Contain Value" owner="Collections">
<arg>${allowed_titles}</arg>
<arg>${name_title}</arg>
<doc>Fails if the ``value`` is not found from ``list``.</doc>
<status status="PASS" start="2024-06-11T02:31:30.635477" elapsed="0.000171"/>
</kw>
<kw name="Set Variable" owner="BuiltIn">
<msg time="2024-06-11T02:31:30.636188" level="INFO">${name_country} = ES</msg>
<var>${name_country}</var>
<arg>${json_data["results"][0]["nat"]}</arg>
<doc>Returns the given values which can then be assigned to a variables.</doc>
<status status="PASS" start="2024-06-11T02:31:30.635825" elapsed="0.000389"/>
</kw>
<kw name="Create List" owner="BuiltIn">
<msg time="2024-06-11T02:31:30.637100" level="INFO">${list_country} = ['AD', 'AE', 'AF', 'AG', 'AI', 'AL', 'AM', 'AO', 'AQ', 'AR', 'AS', 'AT', 'AU', 'AW', 'AX', 'AZ', 'BA', 'BB', 'BD', 'BE', 'BF', 'BG', 'BH', 'BI', 'BJ', 'BL', 'BM', 'BN', 'BO', 'BQ', 'BR', 'BS', 'BT', '...</msg>
<var>${list_country}</var>
<arg>AD</arg>
<arg>AE</arg>
<arg>AF</arg>
<arg>AG</arg>
<arg>AI</arg>
<arg>AL</arg>
<arg>AM</arg>
<arg>AO</arg>
<arg>AQ</arg>
<arg>AR</arg>
<arg>AS</arg>
<arg>AT</arg>
<arg>AU</arg>
<arg>AW</arg>
<arg>AX</arg>
<arg>AZ</arg>
<arg>BA</arg>
<arg>BB</arg>
<arg>BD</arg>
<arg>BE</arg>
<arg>BF</arg>
<arg>BG</arg>
<arg>BH</arg>
<arg>BI</arg>
<arg>BJ</arg>
<arg>BL</arg>
<arg>BM</arg>
<arg>BN</arg>
<arg>BO</arg>
<arg>BQ</arg>
<arg>BR</arg>
<arg>BS</arg>
<arg>BT</arg>
<arg>BV</arg>
<arg>BW</arg>
<arg>BY</arg>
<arg>BZ</arg>
<arg>CA</arg>
<arg>CC</arg>
<arg>CD</arg>
<arg>CF</arg>
<arg>CG</arg>
<arg>CH</arg>
<arg>CI</arg>
<arg>CK</arg>
<arg>CL</arg>
<arg>CM</arg>
<arg>CN</arg>
<arg>CO</arg>
<arg>CR</arg>
<arg>CU</arg>
<arg>CV</arg>
<arg>CW</arg>
<arg>CX</arg>
<arg>CY</arg>
<arg>CZ</arg>
<arg>DE</arg>
<arg>DJ</arg>
<arg>DK</arg>
<arg>DM</arg>
<arg>DO</arg>
<arg>DZ</arg>
<arg>EC</arg>
<arg>EE</arg>
<arg>EG</arg>
<arg>EH</arg>
<arg>ER</arg>
<arg>ES</arg>
<arg>ET</arg>
<arg>FI</arg>
<arg>FJ</arg>
<arg>FK</arg>
<arg>FM</arg>
<arg>FO</arg>
<arg>FR</arg>
<arg>GA</arg>
<arg>GB</arg>
<arg>GD</arg>
<arg>GE</arg>
<arg>GF</arg>
<arg>GG</arg>
<arg>GH</arg>
<arg>GI</arg>
<arg>GL</arg>
<arg>GM</arg>
<arg>GN</arg>
<arg>GP</arg>
<arg>GQ</arg>
<arg>GR</arg>
<arg>GS</arg>
<arg>GT</arg>
<arg>GU</arg>
<arg>GW</arg>
<arg>GY</arg>
<arg>HK</arg>
<arg>HM</arg>
<arg>HN</arg>
<arg>HR</arg>
<arg>HT</arg>
<arg>HU</arg>
<arg>ID</arg>
<arg>IE</arg>
<arg>IL</arg>
<arg>IM</arg>
<arg>IN</arg>
<arg>IO</arg>
<arg>IQ</arg>
<arg>IR</arg>
<arg>IS</arg>
<arg>IT</arg>
<arg>JE</arg>
<arg>JM</arg>
<arg>JO</arg>
<arg>JP</arg>
<arg>KE</arg>
<arg>KG</arg>
<arg>KH</arg>
<arg>KI</arg>
<arg>KM</arg>
<arg>KN</arg>
<arg>KP</arg>
<arg>KR</arg>
<arg>KW</arg>
<arg>KY</arg>
<arg>KZ</arg>
<arg>LA</arg>
<arg>LB</arg>
<arg>LC</arg>
<arg>LI</arg>
<arg>LK</arg>
<arg>LR</arg>
<arg>LS</arg>
<arg>LT</arg>
<arg>LU</arg>
<arg>LV</arg>
<arg>LY</arg>
<arg>MA</arg>
<arg>MC</arg>
<arg>MD</arg>
<arg>ME</arg>
<arg>MF</arg>
<arg>MG</arg>
<arg>MH</arg>
<arg>MK</arg>
<arg>ML</arg>
<arg>MM</arg>
<arg>MN</arg>
<arg>MO</arg>
<arg>MP</arg>
<arg>MQ</arg>
<arg>MR</arg>
<arg>MS</arg>
<arg>MT</arg>
<arg>MU</arg>
<arg>MV</arg>
<arg>MW</arg>
<arg>MX</arg>
<arg>MY</arg>
<arg>MZ</arg>
<arg>NA</arg>
<arg>NC</arg>
<arg>NE</arg>
<arg>NF</arg>
<arg>NG</arg>
<arg>NI</arg>
<arg>NL</arg>
<arg>NO</arg>
<arg>NP</arg>
<arg>NR</arg>
<arg>NU</arg>
<arg>NZ</arg>
<arg>OM</arg>
<arg>PA</arg>
<arg>PE</arg>
<arg>PF</arg>
<arg>PG</arg>
<arg>PH</arg>
<arg>PK</arg>
<arg>PL</arg>
<arg>PM</arg>
<arg>PN</arg>
<arg>PR</arg>
<arg>PS</arg>
<arg>PT</arg>
<arg>PW</arg>
<arg>PY</arg>
<arg>QA</arg>
<arg>RE</arg>
<arg>RO</arg>
<arg>RS</arg>
<arg>RU</arg>
<arg>RW</arg>
<arg>SA</arg>
<arg>SB</arg>
<arg>SC</arg>
<arg>SD</arg>
<arg>SE</arg>
<arg>SG</arg>
<arg>SH</arg>
<arg>SI</arg>
<arg>SJ</arg>
<arg>SK</arg>
<arg>SL</arg>
<arg>SM</arg>
<arg>SN</arg>
<arg>SO</arg>
<arg>SR</arg>
<arg>SS</arg>
<arg>ST</arg>
<arg>SV</arg>
<arg>SX</arg>
<arg>SY</arg>
<arg>SZ</arg>
<arg>TC</arg>
<arg>TD</arg>
<arg>TF</arg>
<arg>TG</arg>
<arg>TH</arg>
<arg>TJ</arg>
<arg>TK</arg>
<arg>TL</arg>
<arg>TM</arg>
<arg>TN</arg>
<arg>TO</arg>
<arg>TR</arg>
<arg>TT</arg>
<arg>TV</arg>
<arg>TW</arg>
<arg>TZ</arg>
<arg>UA</arg>
<arg>UG</arg>
<arg>UM</arg>
<arg>US</arg>
<arg>UY</arg>
<arg>UZ</arg>
<arg>VA</arg>
<arg>VC</arg>
<arg>VE</arg>
<arg>VG</arg>
<arg>VI</arg>
<arg>VN</arg>
<arg>VU</arg>
<arg>WF</arg>
<arg>WS</arg>
<arg>XK</arg>
<arg>YE</arg>
<arg>YT</arg>
<arg>ZA</arg>
<arg>ZM</arg>
<arg>ZW</arg>
<doc>Returns a list containing given items.</doc>
<status status="PASS" start="2024-06-11T02:31:30.636507" elapsed="0.000618"/>
</kw>
<kw name="List Should Contain Value" owner="Collections">
<arg>${list_country}</arg>
<arg>${name_country}</arg>
<doc>Fails if the ``value`` is not found from ``list``.</doc>
<status status="PASS" start="2024-06-11T02:31:30.637923" elapsed="0.000205"/>
</kw>
<kw name="Run Keyword If" owner="BuiltIn">
<kw name="Should Be True" owner="BuiltIn">
<arg>${True}</arg>
<doc>Fails if the given condition is not true.</doc>
<status status="PASS" start="2024-06-11T02:31:30.639206" elapsed="0.000142"/>
</kw>
<arg>${json_data["results"][0]["location"]["coordinates"]["latitude"]} &gt;= -90 and ${json_data["results"][0]["location"]["coordinates"]["latitude"]} &lt;= 90</arg>
<arg>Should Be True</arg>
<arg>${True}</arg>
<doc>Runs the given keyword with the given arguments, if ``condition`` is true.</doc>
<status status="PASS" start="2024-06-11T02:31:30.638331" elapsed="0.001141"/>
</kw>
<kw name="Run Keyword If" owner="BuiltIn">
<kw name="Should Be True" owner="BuiltIn">
<arg>${True}</arg>
<doc>Fails if the given condition is not true.</doc>
<status status="PASS" start="2024-06-11T02:31:30.640345" elapsed="0.000137"/>
</kw>
<arg>${json_data["results"][0]["location"]["coordinates"]["longitude"]} &gt;= -180 and ${json_data["results"][0]["location"]["coordinates"]["longitude"]} &lt;= 180</arg>
<arg>Should Be True</arg>
<arg>${True}</arg>
<doc>Runs the given keyword with the given arguments, if ``condition`` is true.</doc>
<status status="PASS" start="2024-06-11T02:31:30.639660" elapsed="0.000945"/>
</kw>
<status status="PASS" start="2024-06-11T02:31:30.574762" elapsed="0.065970"/>
</kw>
<doc>Testa o conteúdo específico dos campos retornados pela API.</doc>
<tag>testeConteudo</tag>
<status status="PASS" start="2024-06-11T02:31:30.574259" elapsed="0.066612"/>
</test>
<status status="PASS" start="2024-06-11T02:31:29.186607" elapsed="1.456182"/>
</suite>
<status status="PASS" start="2024-06-11T02:31:29.172969" elapsed="1.474873"/>
</suite>
<statistics>
<total>
<stat pass="5" fail="0" skip="0">All Tests</stat>
</total>
<tag>
<stat pass="1" fail="0" skip="0">testeConteudo</stat>
<stat pass="1" fail="0" skip="0">testeEstruturaResposta</stat>
<stat pass="1" fail="0" skip="0">testeRequisicaoBasica</stat>
<stat pass="1" fail="0" skip="0">testeTiposDados</stat>
</tag>
<suite>
<stat pass="5" fail="0" skip="0" id="s1" name="Tests">Tests</stat>
<stat pass="5" fail="0" skip="0" id="s1-s1" name="Random-User-Test">Tests.Random-User-Test</stat>
</suite>
</statistics>
<errors>
</errors>
</robot>
