<?xml version="1.0" encoding="UTF-8"?>
<robot generator="Robot 7.0.1 (Python 3.12.4 on linux)" generated="2024-07-24T06:21:40.012109" rpa="false" schemaversion="5">
<suite id="s1" name="Tests" source="/home/runner/work/ApiRandomUser/ApiRandomUser/RamdonUser/tests">
<suite id="s1-s1" name="Random-User-Test" source="/home/runner/work/ApiRandomUser/ApiRandomUser/RamdonUser/tests/random-user-test.robot">
<test id="s1-s1-t1" name="Conectar" line="13">
<kw name="Conectar API" owner="random-user-service">
<kw name="Create Session" owner="RequestsLibrary">
<msg time="2024-07-24T06:21:40.383129" level="INFO">Creating Session using : alias=consultarAPI, url=https://randomuser.me/, headers={},                     cookies={}, auth=None, timeout=None, proxies=None, verify=False,                     debug=0 </msg>
<arg>consultarAPI</arg>
<arg>${URL}</arg>
<doc>Create Session: create a HTTP session to a server</doc>
<status status="PASS" start="2024-07-24T06:21:40.382928" elapsed="0.000362"/>
</kw>
<status status="PASS" start="2024-07-24T06:21:40.381898" elapsed="0.001726"/>
</kw>
<status status="PASS" start="2024-07-24T06:21:40.381372" elapsed="0.002440"/>
</test>
<test id="s1-s1-t2" name="Validar retorno 200 e JSON Válido" line="16">
<kw name="Teste de Requisicao Basica" owner="random-user-service">
<kw name="GET On Session" owner="RequestsLibrary">
<msg time="2024-07-24T06:21:40.648544" level="INFO">GET Request : url=https://randomuser.me/api 
 path_url=/api 
 headers={'User-Agent': 'python-requests/2.32.3', 'Accept-Encoding': 'gzip, deflate', 'Accept': '*/*', 'Connection': 'keep-alive'} 
 body=None 
 </msg>
<msg time="2024-07-24T06:21:40.648721" level="INFO">GET Response : url=https://randomuser.me/api 
 status=200, reason=OK 
 headers={'Date': 'Wed, 24 Jul 2024 06:21:40 GMT', 'Content-Type': 'application/json; charset=utf-8', 'Transfer-Encoding': 'chunked', 'Connection': 'keep-alive', 'X-Powered-By': 'Express', 'Access-Control-Allow-Origin': '*', 'Cache-Control': 'no-cache', 'ETag': 'W/"484-LYcodQ5UlaGtikvFfFg+rWJUktk"', 'Vary': 'Accept-Encoding', 'Content-Encoding': 'gzip', 'CF-Cache-Status': 'DYNAMIC', 'Report-To': '{"endpoints":[{"url":"https:\\/\\/a.nel.cloudflare.com\\/report\\/v4?s=vBAZ8kka5xf1qQsbsajG4PZnLW2BJ0OJKloQoB%2FTLhpGIXK%2FP6nH2l5KXN8ZdMg36D2qsn0OPtAVA6xpPw0e1ky0y0vQEwSTo1aSRNe8gn5EEBBAyBTWdDOiQ2aO4Y8j"}],"group":"cf-nel","max_age":604800}', 'NEL': '{"success_fraction":0,"report_to":"cf-nel","max_age":604800}', 'Server': 'cloudflare', 'CF-RAY': '8a81cfb8796e965e-SJC', 'alt-svc': 'h3=":443"; ma=86400'} 
 body={"results":[{"gender":"male","name":{"title":"Mr","first":"Robin","last":"Solstrand"},"location":{"street":{"number":5910,"name":"Grønsundveien"},"city":"Borgen","state":"Oppland","country":"Norway","postcode":"7448","coordinates":{"latitude":"40.5326","longitude":"-127.6387"},"timezone":{"offset":"-4:00","description":"Atlantic Time (Canada), Caracas, La Paz"}},"email":"robin.solstrand@example.com","login":{"uuid":"cc494184-bf24-4cdb-92d3-d1019b16b483","username":"tinyduck859","password":"betsy","salt":"U9hpWZSY","md5":"b4c2aea7d82468200bfc3e02904901fe","sha1":"4d019724e88e72b2176e8ec6daee9e083e3eef43","sha256":"8a6732b06cb0b4cddd1f0ecbb8d5cf39bf654d0a480bfc79ff8a861fef16e7d1"},"dob":{"date":"1950-10-01T00:36:50.696Z","age":73},"registered":{"date":"2002-10-17T23:35:56.149Z","age":21},"phone":"66047252","cell":"93109915","id":{"name":"FN","value":"01105037933"},"picture":{"large":"https://randomuser.me/api/portraits/men/6.jpg","medium":"https://randomuser.me/api/portraits/med/men/6.jpg","thumbnail":"https://randomuser.me/api/portraits/thumb/men/6.jpg"},"nat":"NO"}],"info":{"seed":"4e4fc50bd6dc1cb7","results":1,"page":1,"version":"1.4"}} 
 </msg>
<msg time="2024-07-24T06:21:40.648829" level="INFO">/opt/hostedtoolcache/Python/3.12.4/x64/lib/python3.12/site-packages/urllib3/connectionpool.py:1099: InsecureRequestWarning: Unverified HTTPS request is being made to host 'randomuser.me'. Adding certificate verification is strongly advised. See: https://urllib3.readthedocs.io/en/latest/advanced-usage.html#tls-warnings
  warnings.warn(</msg>
<msg time="2024-07-24T06:21:40.648964" level="INFO">${response} = &lt;Response [200]&gt;</msg>
<var>${response}</var>
<arg>consultarAPI</arg>
<arg>/api</arg>
<doc>Sends a GET request on a previously created HTTP Session.</doc>
<status status="PASS" start="2024-07-24T06:21:40.386404" elapsed="0.262602"/>
</kw>
<kw name="Should Be Equal As Numbers" owner="BuiltIn">
<msg time="2024-07-24T06:21:40.649835" level="INFO">Argument types are:
&lt;class 'int'&gt;
&lt;class 'str'&gt;</msg>
<arg>${response.status_code}</arg>
<arg>200</arg>
<doc>Fails if objects are unequal after converting them to real numbers.</doc>
<status status="PASS" start="2024-07-24T06:21:40.649443" elapsed="0.000452"/>
</kw>
<kw name="Log" owner="BuiltIn">
<msg time="2024-07-24T06:21:40.650521" level="INFO">200</msg>
<arg>${response.status_code}</arg>
<doc>Logs the given message with the given level.</doc>
<status status="PASS" start="2024-07-24T06:21:40.650191" elapsed="0.000369"/>
</kw>
<kw name="Set Variable" owner="BuiltIn">
<msg time="2024-07-24T06:21:40.651250" level="INFO">${json_data} = {'results': [{'gender': 'male', 'name': {'title': 'Mr', 'first': 'Robin', 'last': 'Solstrand'}, 'location': {'street': {'number': 5910, 'name': 'Grønsundveien'}, 'city': 'Borgen', 'state': 'Oppland', ...</msg>
<var>${json_data}</var>
<arg>${response.json()}</arg>
<doc>Returns the given values which can then be assigned to a variables.</doc>
<status status="PASS" start="2024-07-24T06:21:40.650840" elapsed="0.000438"/>
</kw>
<kw name="Dictionary Should Contain Key" owner="Collections">
<arg>${json_data}</arg>
<arg>results</arg>
<doc>Fails if ``key`` is not found from ``dictionary``.</doc>
<status status="PASS" start="2024-07-24T06:21:40.651561" elapsed="0.000276"/>
</kw>
<status status="PASS" start="2024-07-24T06:21:40.386162" elapsed="0.265809"/>
</kw>
<doc>Testa se a API responde corretamente e retorna um objeto JSON válido.</doc>
<tag>testeRequisicaoBasica</tag>
<status status="PASS" start="2024-07-24T06:21:40.385688" elapsed="0.266430"/>
</test>
<test id="s1-s1-t3" name="Validar estrutura de resposta" line="22">
<kw name="Teste de Estrutura de Resposta" owner="random-user-service">
<kw name="GET On Session" owner="RequestsLibrary">
<msg time="2024-07-24T06:21:40.744628" level="INFO">GET Request : url=https://randomuser.me/api 
 path_url=/api 
 headers={'User-Agent': 'python-requests/2.32.3', 'Accept-Encoding': 'gzip, deflate', 'Accept': '*/*', 'Connection': 'keep-alive'} 
 body=None 
 </msg>
<msg time="2024-07-24T06:21:40.744715" level="INFO">GET Response : url=https://randomuser.me/api 
 status=200, reason=OK 
 headers={'Date': 'Wed, 24 Jul 2024 06:21:40 GMT', 'Content-Type': 'application/json; charset=utf-8', 'Transfer-Encoding': 'chunked', 'Connection': 'keep-alive', 'X-Powered-By': 'Express', 'Access-Control-Allow-Origin': '*', 'Cache-Control': 'no-cache', 'ETag': 'W/"480-8w+u+QbE+AqeM36DDKO0GalvHKk"', 'Vary': 'Accept-Encoding', 'Content-Encoding': 'gzip', 'CF-Cache-Status': 'DYNAMIC', 'Report-To': '{"endpoints":[{"url":"https:\\/\\/a.nel.cloudflare.com\\/report\\/v4?s=xkG81b7B7VtEMWdrACFYZxHG75A5PlBalHD16npkOMx2R3bcMFT4%2FvbAPN%2F81FemR%2B8IuHTYP3PfvtCF8FoK%2Fbt2LJI07lPtqUXTjNKYx77nvf8Pl0%2BwNsH%2F%2BCRCyic%2B"}],"group":"cf-nel","max_age":604800}', 'NEL': '{"success_fraction":0,"report_to":"cf-nel","max_age":604800}', 'Server': 'cloudflare', 'CF-RAY': '8a81cfb919e1965e-SJC', 'alt-svc': 'h3=":443"; ma=86400'} 
 body={"results":[{"gender":"male","name":{"title":"Mr","first":"Adem","last":"Paksüt"},"location":{"street":{"number":1443,"name":"Necatibey Cd"},"city":"Denizli","state":"Tokat","country":"Turkey","postcode":72921,"coordinates":{"latitude":"72.1359","longitude":"-99.5825"},"timezone":{"offset":"-6:00","description":"Central Time (US &amp; Canada), Mexico City"}},"email":"adem.paksut@example.com","login":{"uuid":"1a3283bb-61da-4429-b33c-70a82aa5971b","username":"brownrabbit524","password":"candice","salt":"AgZOqkJ8","md5":"645ab7d6331a4f23f1e6418e268c5e57","sha1":"5d44505dc95d0a8a56bb020c51b6b55860471254","sha256":"ffebfbb5d12dc485bdc01011bd1dd599fcc5cca9d8e5540b2634e42705fc31cf"},"dob":{"date":"1947-06-23T02:49:28.584Z","age":77},"registered":{"date":"2015-06-16T18:11:37.195Z","age":9},"phone":"(166)-364-0758","cell":"(211)-067-9886","id":{"name":"","value":null},"picture":{"large":"https://randomuser.me/api/portraits/men/51.jpg","medium":"https://randomuser.me/api/portraits/med/men/51.jpg","thumbnail":"https://randomuser.me/api/portraits/thumb/men/51.jpg"},"nat":"TR"}],"info":{"seed":"b3ea3498a9c17db8","results":1,"page":1,"version":"1.4"}} 
 </msg>
<msg time="2024-07-24T06:21:40.744807" level="INFO">/opt/hostedtoolcache/Python/3.12.4/x64/lib/python3.12/site-packages/urllib3/connectionpool.py:1099: InsecureRequestWarning: Unverified HTTPS request is being made to host 'randomuser.me'. Adding certificate verification is strongly advised. See: https://urllib3.readthedocs.io/en/latest/advanced-usage.html#tls-warnings
  warnings.warn(</msg>
<msg time="2024-07-24T06:21:40.744911" level="INFO">${response} = &lt;Response [200]&gt;</msg>
<var>${response}</var>
<arg>consultarAPI</arg>
<arg>/api</arg>
<doc>Sends a GET request on a previously created HTTP Session.</doc>
<status status="PASS" start="2024-07-24T06:21:40.654631" elapsed="0.090360"/>
</kw>
<kw name="Set Variable" owner="BuiltIn">
<msg time="2024-07-24T06:21:40.745830" level="INFO">${json_data} = {'results': [{'gender': 'male', 'name': {'title': 'Mr', 'first': 'Adem', 'last': 'Paksüt'}, 'location': {'street': {'number': 1443, 'name': 'Necatibey Cd'}, 'city': 'Denizli', 'state': 'Tokat', 'count...</msg>
<var>${json_data}</var>
<arg>${response.json()}</arg>
<doc>Returns the given values which can then be assigned to a variables.</doc>
<status status="PASS" start="2024-07-24T06:21:40.745409" elapsed="0.000447"/>
</kw>
<kw name="Log" owner="BuiltIn">
<msg time="2024-07-24T06:21:40.746279" level="INFO">{'results': [{'gender': 'male', 'name': {'title': 'Mr', 'first': 'Adem', 'last': 'Paksüt'}, 'location': {'street': {'number': 1443, 'name': 'Necatibey Cd'}, 'city': 'Denizli', 'state': 'Tokat', 'country': 'Turkey', 'postcode': 72921, 'coordinates': {'latitude': '72.1359', 'longitude': '-99.5825'}, 'timezone': {'offset': '-6:00', 'description': 'Central Time (US &amp; Canada), Mexico City'}}, 'email': 'adem.paksut@example.com', 'login': {'uuid': '1a3283bb-61da-4429-b33c-70a82aa5971b', 'username': 'brownrabbit524', 'password': 'candice', 'salt': 'AgZOqkJ8', 'md5': '645ab7d6331a4f23f1e6418e268c5e57', 'sha1': '5d44505dc95d0a8a56bb020c51b6b55860471254', 'sha256': 'ffebfbb5d12dc485bdc01011bd1dd599fcc5cca9d8e5540b2634e42705fc31cf'}, 'dob': {'date': '1947-06-23T02:49:28.584Z', 'age': 77}, 'registered': {'date': '2015-06-16T18:11:37.195Z', 'age': 9}, 'phone': '(166)-364-0758', 'cell': '(211)-067-9886', 'id': {'name': '', 'value': None}, 'picture': {'large': 'https://randomuser.me/api/portraits/men/51.jpg', 'medium': 'https://randomuser.me/api/portraits/med/men/51.jpg', 'thumbnail': 'https://randomuser.me/api/portraits/thumb/men/51.jpg'}, 'nat': 'TR'}], 'info': {'seed': 'b3ea3498a9c17db8', 'results': 1, 'page': 1, 'version': '1.4'}}</msg>
<arg>${json_data}</arg>
<doc>Logs the given message with the given level.</doc>
<status status="PASS" start="2024-07-24T06:21:40.746133" elapsed="0.000193"/>
</kw>
<kw name="Dictionary Should Contain Key" owner="Collections">
<arg>${json_data}</arg>
<arg>results</arg>
<doc>Fails if ``key`` is not found from ``dictionary``.</doc>
<status status="PASS" start="2024-07-24T06:21:40.746591" elapsed="0.000143"/>
</kw>
<kw name="Should Not Be Empty" owner="BuiltIn">
<msg time="2024-07-24T06:21:40.747023" level="INFO">Length is 2.</msg>
<arg>${json_data}</arg>
<doc>Verifies that the given item is not empty.</doc>
<status status="PASS" start="2024-07-24T06:21:40.746900" elapsed="0.000159"/>
</kw>
<kw name="Create List" owner="BuiltIn">
<msg time="2024-07-24T06:21:40.747491" level="INFO">${expected_keys} = ['gender', 'name', 'location', 'email', 'login']</msg>
<var>${expected_keys}</var>
<arg>gender</arg>
<arg>name</arg>
<arg>location</arg>
<arg>email</arg>
<arg>login</arg>
<doc>Returns a list containing given items.</doc>
<status status="PASS" start="2024-07-24T06:21:40.747341" elapsed="0.000174"/>
</kw>
<for flavor="IN">
<iter>
<kw name="Dictionary Should Contain Key" owner="Collections">
<arg>${json_data['results'][0]}</arg>
<arg>${key}</arg>
<doc>Fails if ``key`` is not found from ``dictionary``.</doc>
<status status="PASS" start="2024-07-24T06:21:40.748069" elapsed="0.000400"/>
</kw>
<kw name="Log" owner="BuiltIn">
<msg time="2024-07-24T06:21:40.748984" level="INFO">{'gender': 'male', 'name': {'title': 'Mr', 'first': 'Adem', 'last': 'Paksüt'}, 'location': {'street': {'number': 1443, 'name': 'Necatibey Cd'}, 'city': 'Denizli', 'state': 'Tokat', 'country': 'Turkey', 'postcode': 72921, 'coordinates': {'latitude': '72.1359', 'longitude': '-99.5825'}, 'timezone': {'offset': '-6:00', 'description': 'Central Time (US &amp; Canada), Mexico City'}}, 'email': 'adem.paksut@example.com', 'login': {'uuid': '1a3283bb-61da-4429-b33c-70a82aa5971b', 'username': 'brownrabbit524', 'password': 'candice', 'salt': 'AgZOqkJ8', 'md5': '645ab7d6331a4f23f1e6418e268c5e57', 'sha1': '5d44505dc95d0a8a56bb020c51b6b55860471254', 'sha256': 'ffebfbb5d12dc485bdc01011bd1dd599fcc5cca9d8e5540b2634e42705fc31cf'}, 'dob': {'date': '1947-06-23T02:49:28.584Z', 'age': 77}, 'registered': {'date': '2015-06-16T18:11:37.195Z', 'age': 9}, 'phone': '(166)-364-0758', 'cell': '(211)-067-9886', 'id': {'name': '', 'value': None}, 'picture': {'large': 'https://randomuser.me/api/portraits/men/51.jpg', 'medium': 'https://randomuser.me/api/portraits/med/men/51.jpg', 'thumbnail': 'https://randomuser.me/api/portraits/thumb/men/51.jpg'}, 'nat': 'TR'}</msg>
<arg>${json_data['results'][0]}</arg>
<doc>Logs the given message with the given level.</doc>
<status status="PASS" start="2024-07-24T06:21:40.748650" elapsed="0.000381"/>
</kw>
<kw name="Log" owner="BuiltIn">
<msg time="2024-07-24T06:21:40.749468" level="INFO">gender</msg>
<arg>${key}</arg>
<doc>Logs the given message with the given level.</doc>
<status status="PASS" start="2024-07-24T06:21:40.749352" elapsed="0.000155"/>
</kw>
<var name="${key}">gender</var>
<status status="PASS" start="2024-07-24T06:21:40.747944" elapsed="0.001758"/>
</iter>
<iter>
<kw name="Dictionary Should Contain Key" owner="Collections">
<arg>${json_data['results'][0]}</arg>
<arg>${key}</arg>
<doc>Fails if ``key`` is not found from ``dictionary``.</doc>
<status status="PASS" start="2024-07-24T06:21:40.749967" elapsed="0.000347"/>
</kw>
<kw name="Log" owner="BuiltIn">
<msg time="2024-07-24T06:21:40.750797" level="INFO">{'gender': 'male', 'name': {'title': 'Mr', 'first': 'Adem', 'last': 'Paksüt'}, 'location': {'street': {'number': 1443, 'name': 'Necatibey Cd'}, 'city': 'Denizli', 'state': 'Tokat', 'country': 'Turkey', 'postcode': 72921, 'coordinates': {'latitude': '72.1359', 'longitude': '-99.5825'}, 'timezone': {'offset': '-6:00', 'description': 'Central Time (US &amp; Canada), Mexico City'}}, 'email': 'adem.paksut@example.com', 'login': {'uuid': '1a3283bb-61da-4429-b33c-70a82aa5971b', 'username': 'brownrabbit524', 'password': 'candice', 'salt': 'AgZOqkJ8', 'md5': '645ab7d6331a4f23f1e6418e268c5e57', 'sha1': '5d44505dc95d0a8a56bb020c51b6b55860471254', 'sha256': 'ffebfbb5d12dc485bdc01011bd1dd599fcc5cca9d8e5540b2634e42705fc31cf'}, 'dob': {'date': '1947-06-23T02:49:28.584Z', 'age': 77}, 'registered': {'date': '2015-06-16T18:11:37.195Z', 'age': 9}, 'phone': '(166)-364-0758', 'cell': '(211)-067-9886', 'id': {'name': '', 'value': None}, 'picture': {'large': 'https://randomuser.me/api/portraits/men/51.jpg', 'medium': 'https://randomuser.me/api/portraits/med/men/51.jpg', 'thumbnail': 'https://randomuser.me/api/portraits/thumb/men/51.jpg'}, 'nat': 'TR'}</msg>
<arg>${json_data['results'][0]}</arg>
<doc>Logs the given message with the given level.</doc>
<status status="PASS" start="2024-07-24T06:21:40.750476" elapsed="0.000398"/>
</kw>
<kw name="Log" owner="BuiltIn">
<msg time="2024-07-24T06:21:40.751260" level="INFO">name</msg>
<arg>${key}</arg>
<doc>Logs the given message with the given level.</doc>
<status status="PASS" start="2024-07-24T06:21:40.751146" elapsed="0.000147"/>
</kw>
<var name="${key}">name</var>
<status status="PASS" start="2024-07-24T06:21:40.749866" elapsed="0.001618"/>
</iter>
<iter>
<kw name="Dictionary Should Contain Key" owner="Collections">
<arg>${json_data['results'][0]}</arg>
<arg>${key}</arg>
<doc>Fails if ``key`` is not found from ``dictionary``.</doc>
<status status="PASS" start="2024-07-24T06:21:40.751736" elapsed="0.000347"/>
</kw>
<kw name="Log" owner="BuiltIn">
<msg time="2024-07-24T06:21:40.752566" level="INFO">{'gender': 'male', 'name': {'title': 'Mr', 'first': 'Adem', 'last': 'Paksüt'}, 'location': {'street': {'number': 1443, 'name': 'Necatibey Cd'}, 'city': 'Denizli', 'state': 'Tokat', 'country': 'Turkey', 'postcode': 72921, 'coordinates': {'latitude': '72.1359', 'longitude': '-99.5825'}, 'timezone': {'offset': '-6:00', 'description': 'Central Time (US &amp; Canada), Mexico City'}}, 'email': 'adem.paksut@example.com', 'login': {'uuid': '1a3283bb-61da-4429-b33c-70a82aa5971b', 'username': 'brownrabbit524', 'password': 'candice', 'salt': 'AgZOqkJ8', 'md5': '645ab7d6331a4f23f1e6418e268c5e57', 'sha1': '5d44505dc95d0a8a56bb020c51b6b55860471254', 'sha256': 'ffebfbb5d12dc485bdc01011bd1dd599fcc5cca9d8e5540b2634e42705fc31cf'}, 'dob': {'date': '1947-06-23T02:49:28.584Z', 'age': 77}, 'registered': {'date': '2015-06-16T18:11:37.195Z', 'age': 9}, 'phone': '(166)-364-0758', 'cell': '(211)-067-9886', 'id': {'name': '', 'value': None}, 'picture': {'large': 'https://randomuser.me/api/portraits/men/51.jpg', 'medium': 'https://randomuser.me/api/portraits/med/men/51.jpg', 'thumbnail': 'https://randomuser.me/api/portraits/thumb/men/51.jpg'}, 'nat': 'TR'}</msg>
<arg>${json_data['results'][0]}</arg>
<doc>Logs the given message with the given level.</doc>
<status status="PASS" start="2024-07-24T06:21:40.752250" elapsed="0.000362"/>
</kw>
<kw name="Log" owner="BuiltIn">
<msg time="2024-07-24T06:21:40.752989" level="INFO">location</msg>
<arg>${key}</arg>
<doc>Logs the given message with the given level.</doc>
<status status="PASS" start="2024-07-24T06:21:40.752877" elapsed="0.000144"/>
</kw>
<var name="${key}">location</var>
<status status="PASS" start="2024-07-24T06:21:40.751640" elapsed="0.001621"/>
</iter>
<iter>
<kw name="Dictionary Should Contain Key" owner="Collections">
<arg>${json_data['results'][0]}</arg>
<arg>${key}</arg>
<doc>Fails if ``key`` is not found from ``dictionary``.</doc>
<status status="PASS" start="2024-07-24T06:21:40.753526" elapsed="0.000368"/>
</kw>
<kw name="Log" owner="BuiltIn">
<msg time="2024-07-24T06:21:40.754532" level="INFO">{'gender': 'male', 'name': {'title': 'Mr', 'first': 'Adem', 'last': 'Paksüt'}, 'location': {'street': {'number': 1443, 'name': 'Necatibey Cd'}, 'city': 'Denizli', 'state': 'Tokat', 'country': 'Turkey', 'postcode': 72921, 'coordinates': {'latitude': '72.1359', 'longitude': '-99.5825'}, 'timezone': {'offset': '-6:00', 'description': 'Central Time (US &amp; Canada), Mexico City'}}, 'email': 'adem.paksut@example.com', 'login': {'uuid': '1a3283bb-61da-4429-b33c-70a82aa5971b', 'username': 'brownrabbit524', 'password': 'candice', 'salt': 'AgZOqkJ8', 'md5': '645ab7d6331a4f23f1e6418e268c5e57', 'sha1': '5d44505dc95d0a8a56bb020c51b6b55860471254', 'sha256': 'ffebfbb5d12dc485bdc01011bd1dd599fcc5cca9d8e5540b2634e42705fc31cf'}, 'dob': {'date': '1947-06-23T02:49:28.584Z', 'age': 77}, 'registered': {'date': '2015-06-16T18:11:37.195Z', 'age': 9}, 'phone': '(166)-364-0758', 'cell': '(211)-067-9886', 'id': {'name': '', 'value': None}, 'picture': {'large': 'https://randomuser.me/api/portraits/men/51.jpg', 'medium': 'https://randomuser.me/api/portraits/med/men/51.jpg', 'thumbnail': 'https://randomuser.me/api/portraits/thumb/men/51.jpg'}, 'nat': 'TR'}</msg>
<arg>${json_data['results'][0]}</arg>
<doc>Logs the given message with the given level.</doc>
<status status="PASS" start="2024-07-24T06:21:40.754184" elapsed="0.000398"/>
</kw>
<kw name="Log" owner="BuiltIn">
<msg time="2024-07-24T06:21:40.754972" level="INFO">email</msg>
<arg>${key}</arg>
<doc>Logs the given message with the given level.</doc>
<status status="PASS" start="2024-07-24T06:21:40.754857" elapsed="0.000149"/>
</kw>
<var name="${key}">email</var>
<status status="PASS" start="2024-07-24T06:21:40.753422" elapsed="0.001774"/>
</iter>
<iter>
<kw name="Dictionary Should Contain Key" owner="Collections">
<arg>${json_data['results'][0]}</arg>
<arg>${key}</arg>
<doc>Fails if ``key`` is not found from ``dictionary``.</doc>
<status status="PASS" start="2024-07-24T06:21:40.755451" elapsed="0.000336"/>
</kw>
<kw name="Log" owner="BuiltIn">
<msg time="2024-07-24T06:21:40.756260" level="INFO">{'gender': 'male', 'name': {'title': 'Mr', 'first': 'Adem', 'last': 'Paksüt'}, 'location': {'street': {'number': 1443, 'name': 'Necatibey Cd'}, 'city': 'Denizli', 'state': 'Tokat', 'country': 'Turkey', 'postcode': 72921, 'coordinates': {'latitude': '72.1359', 'longitude': '-99.5825'}, 'timezone': {'offset': '-6:00', 'description': 'Central Time (US &amp; Canada), Mexico City'}}, 'email': 'adem.paksut@example.com', 'login': {'uuid': '1a3283bb-61da-4429-b33c-70a82aa5971b', 'username': 'brownrabbit524', 'password': 'candice', 'salt': 'AgZOqkJ8', 'md5': '645ab7d6331a4f23f1e6418e268c5e57', 'sha1': '5d44505dc95d0a8a56bb020c51b6b55860471254', 'sha256': 'ffebfbb5d12dc485bdc01011bd1dd599fcc5cca9d8e5540b2634e42705fc31cf'}, 'dob': {'date': '1947-06-23T02:49:28.584Z', 'age': 77}, 'registered': {'date': '2015-06-16T18:11:37.195Z', 'age': 9}, 'phone': '(166)-364-0758', 'cell': '(211)-067-9886', 'id': {'name': '', 'value': None}, 'picture': {'large': 'https://randomuser.me/api/portraits/men/51.jpg', 'medium': 'https://randomuser.me/api/portraits/med/men/51.jpg', 'thumbnail': 'https://randomuser.me/api/portraits/thumb/men/51.jpg'}, 'nat': 'TR'}</msg>
<arg>${json_data['results'][0]}</arg>
<doc>Logs the given message with the given level.</doc>
<status status="PASS" start="2024-07-24T06:21:40.755950" elapsed="0.000356"/>
</kw>
<kw name="Log" owner="BuiltIn">
<msg time="2024-07-24T06:21:40.756680" level="INFO">login</msg>
<arg>${key}</arg>
<doc>Logs the given message with the given level.</doc>
<status status="PASS" start="2024-07-24T06:21:40.756568" elapsed="0.000145"/>
</kw>
<var name="${key}">login</var>
<status status="PASS" start="2024-07-24T06:21:40.755352" elapsed="0.001553"/>
</iter>
<var>${key}</var>
<value>@{expected_keys}</value>
<status status="PASS" start="2024-07-24T06:21:40.747767" elapsed="0.009246"/>
</for>
<kw name="Create List" owner="BuiltIn">
<msg time="2024-07-24T06:21:40.757337" level="INFO">${expected_keysTwo} = ['username', 'password']</msg>
<var>${expected_keysTwo}</var>
<arg>username</arg>
<arg>password</arg>
<doc>Returns a list containing given items.</doc>
<status status="PASS" start="2024-07-24T06:21:40.757212" elapsed="0.000146"/>
</kw>
<for flavor="IN">
<iter>
<kw name="Dictionary Should Contain Key" owner="Collections">
<arg>${json_data['results'][0]['login']}</arg>
<arg>${keyTwo}</arg>
<doc>Fails if ``key`` is not found from ``dictionary``.</doc>
<status status="PASS" start="2024-07-24T06:21:40.757830" elapsed="0.000351"/>
</kw>
<kw name="Dictionary Should Contain Key" owner="Collections">
<arg>${json_data['results'][0]['login']}</arg>
<arg>${keyTwo}</arg>
<doc>Fails if ``key`` is not found from ``dictionary``.</doc>
<status status="PASS" start="2024-07-24T06:21:40.758345" elapsed="0.000337"/>
</kw>
<kw name="Log" owner="BuiltIn">
<msg time="2024-07-24T06:21:40.758949" level="INFO">username</msg>
<arg>${keyTwo}</arg>
<doc>Logs the given message with the given level.</doc>
<status status="PASS" start="2024-07-24T06:21:40.758843" elapsed="0.000139"/>
</kw>
<var name="${keyTwo}">username</var>
<status status="PASS" start="2024-07-24T06:21:40.757734" elapsed="0.001446"/>
</iter>
<iter>
<kw name="Dictionary Should Contain Key" owner="Collections">
<arg>${json_data['results'][0]['login']}</arg>
<arg>${keyTwo}</arg>
<doc>Fails if ``key`` is not found from ``dictionary``.</doc>
<status status="PASS" start="2024-07-24T06:21:40.759436" elapsed="0.000352"/>
</kw>
<kw name="Dictionary Should Contain Key" owner="Collections">
<arg>${json_data['results'][0]['login']}</arg>
<arg>${keyTwo}</arg>
<doc>Fails if ``key`` is not found from ``dictionary``.</doc>
<status status="PASS" start="2024-07-24T06:21:40.759949" elapsed="0.000338"/>
</kw>
<kw name="Log" owner="BuiltIn">
<msg time="2024-07-24T06:21:40.760557" level="INFO">password</msg>
<arg>${keyTwo}</arg>
<doc>Logs the given message with the given level.</doc>
<status status="PASS" start="2024-07-24T06:21:40.760445" elapsed="0.000145"/>
</kw>
<var name="${keyTwo}">password</var>
<status status="PASS" start="2024-07-24T06:21:40.759336" elapsed="0.001450"/>
</iter>
<var>${keyTwo}</var>
<value>@{expected_keysTwo}</value>
<status status="PASS" start="2024-07-24T06:21:40.757596" elapsed="0.003297"/>
</for>
<status status="PASS" start="2024-07-24T06:21:40.654409" elapsed="0.106608"/>
</kw>
<doc>Testa a estrutura da resposta da API.</doc>
<tag>testeEstruturaResposta</tag>
<status status="PASS" start="2024-07-24T06:21:40.653916" elapsed="0.107276"/>
</test>
<test id="s1-s1-t4" name="Validar tipos de dados" line="28">
<kw name="Teste de Tipos de Dados" owner="random-user-service">
<kw name="GET On Session" owner="RequestsLibrary">
<msg time="2024-07-24T06:21:40.942765" level="INFO">GET Request : url=https://randomuser.me/api 
 path_url=/api 
 headers={'User-Agent': 'python-requests/2.32.3', 'Accept-Encoding': 'gzip, deflate', 'Accept': '*/*', 'Connection': 'keep-alive'} 
 body=None 
 </msg>
<msg time="2024-07-24T06:21:40.942822" level="INFO">GET Response : url=https://randomuser.me/api 
 status=200, reason=OK 
 headers={'Date': 'Wed, 24 Jul 2024 06:21:40 GMT', 'Content-Type': 'application/json; charset=utf-8', 'Transfer-Encoding': 'chunked', 'Connection': 'keep-alive', 'X-Powered-By': 'Express', 'Access-Control-Allow-Origin': '*', 'Cache-Control': 'no-cache', 'ETag': 'W/"476-jy0xnjzdv4v3xMvoGym9eSVsQ2Y"', 'Vary': 'Accept-Encoding', 'Content-Encoding': 'gzip', 'CF-Cache-Status': 'DYNAMIC', 'Report-To': '{"endpoints":[{"url":"https:\\/\\/a.nel.cloudflare.com\\/report\\/v4?s=IjuQzrmKnvIOQ9TYpvIOQg6cJtbUt5%2FrcZsCt424ANl%2FhtSTelwA2GcKll%2FDRGzZqoE5V2NmyPaX%2Bf1Wr%2BsH1ZQTn5RgnXNcIi48idjtmoyl3msLMx1KAlrf09LWFu2F"}],"group":"cf-nel","max_age":604800}', 'NEL': '{"success_fraction":0,"report_to":"cf-nel","max_age":604800}', 'Server': 'cloudflare', 'CF-RAY': '8a81cfb9ca5e965e-SJC', 'alt-svc': 'h3=":443"; ma=86400'} 
 body={"results":[{"gender":"male","name":{"title":"Mr","first":"Pedro","last":"Hernandez"},"location":{"street":{"number":9870,"name":"Avondale Ave"},"city":"Mackay","state":"Queensland","country":"Australia","postcode":923,"coordinates":{"latitude":"-81.5019","longitude":"-25.5947"},"timezone":{"offset":"-10:00","description":"Hawaii"}},"email":"pedro.hernandez@example.com","login":{"uuid":"c61f086b-7f21-4364-a788-dec962d187df","username":"orangeleopard836","password":"interest","salt":"C8iepAqy","md5":"e6ed079367b07dd76c04e4d46b66fc86","sha1":"f3a591448e6be7253a5977a78505145d0b110aac","sha256":"98c92cdbb3cabb935cecfd116b0b54255d48309ada9173f24316f99ba7b72f26"},"dob":{"date":"1994-11-17T00:47:09.613Z","age":29},"registered":{"date":"2017-05-08T19:36:52.281Z","age":7},"phone":"04-1815-4898","cell":"0447-723-001","id":{"name":"TFN","value":"897874213"},"picture":{"large":"https://randomuser.me/api/portraits/men/59.jpg","medium":"https://randomuser.me/api/portraits/med/men/59.jpg","thumbnail":"https://randomuser.me/api/portraits/thumb/men/59.jpg"},"nat":"AU"}],"info":{"seed":"2dbbfc848588f031","results":1,"page":1,"version":"1.4"}} 
 </msg>
<msg time="2024-07-24T06:21:40.942870" level="INFO">/opt/hostedtoolcache/Python/3.12.4/x64/lib/python3.12/site-packages/urllib3/connectionpool.py:1099: InsecureRequestWarning: Unverified HTTPS request is being made to host 'randomuser.me'. Adding certificate verification is strongly advised. See: https://urllib3.readthedocs.io/en/latest/advanced-usage.html#tls-warnings
  warnings.warn(</msg>
<msg time="2024-07-24T06:21:40.942946" level="INFO">${response} = &lt;Response [200]&gt;</msg>
<var>${response}</var>
<arg>consultarAPI</arg>
<arg>/api</arg>
<doc>Sends a GET request on a previously created HTTP Session.</doc>
<status status="PASS" start="2024-07-24T06:21:40.763384" elapsed="0.179605"/>
</kw>
<kw name="Set Variable" owner="BuiltIn">
<msg time="2024-07-24T06:21:40.943914" level="INFO">${json_data} = {'results': [{'gender': 'male', 'name': {'title': 'Mr', 'first': 'Pedro', 'last': 'Hernandez'}, 'location': {'street': {'number': 9870, 'name': 'Avondale Ave'}, 'city': 'Mackay', 'state': 'Queensland'...</msg>
<var>${json_data}</var>
<arg>${response.json()}</arg>
<doc>Returns the given values which can then be assigned to a variables.</doc>
<status status="PASS" start="2024-07-24T06:21:40.943402" elapsed="0.000538"/>
</kw>
<kw name="Log" owner="BuiltIn">
<msg time="2024-07-24T06:21:40.944356" level="INFO">{'results': [{'gender': 'male', 'name': {'title': 'Mr', 'first': 'Pedro', 'last': 'Hernandez'}, 'location': {'street': {'number': 9870, 'name': 'Avondale Ave'}, 'city': 'Mackay', 'state': 'Queensland', 'country': 'Australia', 'postcode': 923, 'coordinates': {'latitude': '-81.5019', 'longitude': '-25.5947'}, 'timezone': {'offset': '-10:00', 'description': 'Hawaii'}}, 'email': 'pedro.hernandez@example.com', 'login': {'uuid': 'c61f086b-7f21-4364-a788-dec962d187df', 'username': 'orangeleopard836', 'password': 'interest', 'salt': 'C8iepAqy', 'md5': 'e6ed079367b07dd76c04e4d46b66fc86', 'sha1': 'f3a591448e6be7253a5977a78505145d0b110aac', 'sha256': '98c92cdbb3cabb935cecfd116b0b54255d48309ada9173f24316f99ba7b72f26'}, 'dob': {'date': '1994-11-17T00:47:09.613Z', 'age': 29}, 'registered': {'date': '2017-05-08T19:36:52.281Z', 'age': 7}, 'phone': '04-1815-4898', 'cell': '0447-723-001', 'id': {'name': 'TFN', 'value': '897874213'}, 'picture': {'large': 'https://randomuser.me/api/portraits/men/59.jpg', 'medium': 'https://randomuser.me/api/portraits/med/men/59.jpg', 'thumbnail': 'https://randomuser.me/api/portraits/thumb/men/59.jpg'}, 'nat': 'AU'}], 'info': {'seed': '2dbbfc848588f031', 'results': 1, 'page': 1, 'version': '1.4'}}</msg>
<arg>${json_data}</arg>
<doc>Logs the given message with the given level.</doc>
<status status="PASS" start="2024-07-24T06:21:40.944220" elapsed="0.000178"/>
</kw>
<kw name="Should Be String" owner="String">
<arg>${json_data['results'][0]['gender']}</arg>
<doc>Fails if the given ``item`` is not a string.</doc>
<status status="PASS" start="2024-07-24T06:21:40.944659" elapsed="0.000328"/>
</kw>
<kw name="Should Match Regexp" owner="BuiltIn">
<arg>${json_data['results'][0]['email']}</arg>
<arg>^[a-zA-Z0-9._%+-]+@[a-zA-Z0-9.-]+\.[a-zA-Z]{2,}$</arg>
<doc>Fails if ``string`` does not match ``pattern`` as a regular expression.</doc>
<status status="PASS" start="2024-07-24T06:21:40.945200" elapsed="0.000463"/>
</kw>
<kw name="Should Match Regexp" owner="BuiltIn">
<arg>${json_data['results'][0]['dob']['date']}</arg>
<arg>\\d{4}-\\d{2}-\\d{2}T\\d{2}:\\d{2}:\\d{2}\\.\\d{3}Z</arg>
<doc>Fails if ``string`` does not match ``pattern`` as a regular expression.</doc>
<status status="PASS" start="2024-07-24T06:21:40.945874" elapsed="0.000542"/>
</kw>
<kw name="Should Match Regexp" owner="BuiltIn">
<arg>${json_data['results'][0]['registered']['date']}</arg>
<arg>\\d{4}-\\d{2}-\\d{2}T\\d{2}:\\d{2}:\\d{2}\\.\\d{3}Z</arg>
<doc>Fails if ``string`` does not match ``pattern`` as a regular expression.</doc>
<status status="PASS" start="2024-07-24T06:21:40.946592" elapsed="0.000338"/>
</kw>
<kw name="Should Match Regexp" owner="BuiltIn">
<arg>${json_data['results'][0]['picture']['large']}</arg>
<arg>^https?://.*\.(?:png|jpe?g|gif|bmp)$</arg>
<doc>Fails if ``string`` does not match ``pattern`` as a regular expression.</doc>
<status status="PASS" start="2024-07-24T06:21:40.947102" elapsed="0.000416"/>
</kw>
<kw name="Should Match Regexp" owner="BuiltIn">
<arg>${json_data['results'][0]['picture']['medium']}</arg>
<arg>^https?://.*\.(?:png|jpe?g|gif|bmp)$</arg>
<doc>Fails if ``string`` does not match ``pattern`` as a regular expression.</doc>
<status status="PASS" start="2024-07-24T06:21:40.947689" elapsed="0.000320"/>
</kw>
<kw name="Should Match Regexp" owner="BuiltIn">
<arg>${json_data['results'][0]['picture']['thumbnail']}</arg>
<arg>^https?://.*\.(?:png|jpe?g|gif|bmp)$</arg>
<doc>Fails if ``string`` does not match ``pattern`` as a regular expression.</doc>
<status status="PASS" start="2024-07-24T06:21:40.948175" elapsed="0.000315"/>
</kw>
<kw name="Log" owner="BuiltIn">
<msg time="2024-07-24T06:21:40.948943" level="INFO">{'large': 'https://randomuser.me/api/portraits/men/59.jpg', 'medium': 'https://randomuser.me/api/portraits/med/men/59.jpg', 'thumbnail': 'https://randomuser.me/api/portraits/thumb/men/59.jpg'}</msg>
<arg>${json_data['results'][0]['picture']}</arg>
<doc>Logs the given message with the given level.</doc>
<status status="PASS" start="2024-07-24T06:21:40.948650" elapsed="0.000329"/>
</kw>
<status status="PASS" start="2024-07-24T06:21:40.763155" elapsed="0.186078"/>
</kw>
<kw name="Teste de Tipos de Dados - Postcode" owner="random-user-service">
<kw name="GET On Session" owner="RequestsLibrary">
<msg time="2024-07-24T06:21:41.186225" level="INFO">GET Request : url=https://randomuser.me/api 
 path_url=/api 
 headers={'User-Agent': 'python-requests/2.32.3', 'Accept-Encoding': 'gzip, deflate', 'Accept': '*/*', 'Connection': 'keep-alive'} 
 body=None 
 </msg>
<msg time="2024-07-24T06:21:41.186297" level="INFO">GET Response : url=https://randomuser.me/api 
 status=200, reason=OK 
 headers={'Date': 'Wed, 24 Jul 2024 06:21:41 GMT', 'Content-Type': 'application/json; charset=utf-8', 'Transfer-Encoding': 'chunked', 'Connection': 'keep-alive', 'X-Powered-By': 'Express', 'Access-Control-Allow-Origin': '*', 'Cache-Control': 'no-cache', 'ETag': 'W/"477-X3R4NW/Ku+UG3YyrjvqtyjrJwOs"', 'Vary': 'Accept-Encoding', 'Content-Encoding': 'gzip', 'CF-Cache-Status': 'DYNAMIC', 'Report-To': '{"endpoints":[{"url":"https:\\/\\/a.nel.cloudflare.com\\/report\\/v4?s=mW%2F4Ywz3dhD5ux6iXIpBBf%2Fp9NhHQ3BZ4TweYnseRC2j8RK4SUuHWYN%2FAUVDjp%2BKSJ0SCxsDqlLGANWxx2ljKQwNowG23nqqFsgswNhWEv%2FMHdgIsli7dGqwCcufNAYD"}],"group":"cf-nel","max_age":604800}', 'NEL': '{"success_fraction":0,"report_to":"cf-nel","max_age":604800}', 'Server': 'cloudflare', 'CF-RAY': '8a81cfbafb3f965e-SJC', 'alt-svc': 'h3=":443"; ma=86400'} 
 body={"results":[{"gender":"male","name":{"title":"Mr","first":"Kadir","last":"Akyüz"},"location":{"street":{"number":5484,"name":"Tunalı Hilmi Cd"},"city":"Kütahya","state":"Kars","country":"Turkey","postcode":22680,"coordinates":{"latitude":"64.4501","longitude":"-143.7819"},"timezone":{"offset":"-1:00","description":"Azores, Cape Verde Islands"}},"email":"kadir.akyuz@example.com","login":{"uuid":"7168a872-13db-485a-8d3f-9fc903731061","username":"bluezebra655","password":"stafford","salt":"emZSHtOq","md5":"d2d359cc340edb723f73e2a4ecad517b","sha1":"b69e8b891f88b88f0be069b9b61cc3e78b60b838","sha256":"ec13e2ec2e1d189fc8693064d71b162a1020c9d984d28d5ed290a7a02a3b2190"},"dob":{"date":"2000-11-02T19:21:32.390Z","age":23},"registered":{"date":"2017-10-13T12:29:30.077Z","age":6},"phone":"(024)-200-4016","cell":"(641)-055-0075","id":{"name":"","value":null},"picture":{"large":"https://randomuser.me/api/portraits/men/62.jpg","medium":"https://randomuser.me/api/portraits/med/men/62.jpg","thumbnail":"https://randomuser.me/api/portraits/thumb/men/62.jpg"},"nat":"TR"}],"info":{"seed":"addb2eb3e0ce9012","results":1,"page":1,"version":"1.4"}} 
 </msg>
<msg time="2024-07-24T06:21:41.186362" level="INFO">/opt/hostedtoolcache/Python/3.12.4/x64/lib/python3.12/site-packages/urllib3/connectionpool.py:1099: InsecureRequestWarning: Unverified HTTPS request is being made to host 'randomuser.me'. Adding certificate verification is strongly advised. See: https://urllib3.readthedocs.io/en/latest/advanced-usage.html#tls-warnings
  warnings.warn(</msg>
<msg time="2024-07-24T06:21:41.186473" level="INFO">${response} = &lt;Response [200]&gt;</msg>
<var>${response}</var>
<arg>consultarAPI</arg>
<arg>/api</arg>
<doc>Sends a GET request on a previously created HTTP Session.</doc>
<status status="PASS" start="2024-07-24T06:21:40.949622" elapsed="0.236888"/>
</kw>
<kw name="Set Variable" owner="BuiltIn">
<msg time="2024-07-24T06:21:41.187421" level="INFO">${json_data} = {'results': [{'gender': 'male', 'name': {'title': 'Mr', 'first': 'Kadir', 'last': 'Akyüz'}, 'location': {'street': {'number': 5484, 'name': 'Tunalı Hilmi Cd'}, 'city': 'Kütahya', 'state': 'Kars', 'cou...</msg>
<var>${json_data}</var>
<arg>${response.json()}</arg>
<doc>Returns the given values which can then be assigned to a variables.</doc>
<status status="PASS" start="2024-07-24T06:21:41.186908" elapsed="0.000540"/>
</kw>
<kw name="Log" owner="BuiltIn">
<msg time="2024-07-24T06:21:41.187869" level="INFO">{'results': [{'gender': 'male', 'name': {'title': 'Mr', 'first': 'Kadir', 'last': 'Akyüz'}, 'location': {'street': {'number': 5484, 'name': 'Tunalı Hilmi Cd'}, 'city': 'Kütahya', 'state': 'Kars', 'country': 'Turkey', 'postcode': 22680, 'coordinates': {'latitude': '64.4501', 'longitude': '-143.7819'}, 'timezone': {'offset': '-1:00', 'description': 'Azores, Cape Verde Islands'}}, 'email': 'kadir.akyuz@example.com', 'login': {'uuid': '7168a872-13db-485a-8d3f-9fc903731061', 'username': 'bluezebra655', 'password': 'stafford', 'salt': 'emZSHtOq', 'md5': 'd2d359cc340edb723f73e2a4ecad517b', 'sha1': 'b69e8b891f88b88f0be069b9b61cc3e78b60b838', 'sha256': 'ec13e2ec2e1d189fc8693064d71b162a1020c9d984d28d5ed290a7a02a3b2190'}, 'dob': {'date': '2000-11-02T19:21:32.390Z', 'age': 23}, 'registered': {'date': '2017-10-13T12:29:30.077Z', 'age': 6}, 'phone': '(024)-200-4016', 'cell': '(641)-055-0075', 'id': {'name': '', 'value': None}, 'picture': {'large': 'https://randomuser.me/api/portraits/men/62.jpg', 'medium': 'https://randomuser.me/api/portraits/med/men/62.jpg', 'thumbnail': 'https://randomuser.me/api/portraits/thumb/men/62.jpg'}, 'nat': 'TR'}], 'info': {'seed': 'addb2eb3e0ce9012', 'results': 1, 'page': 1, 'version': '1.4'}}</msg>
<arg>${json_data}</arg>
<doc>Logs the given message with the given level.</doc>
<status status="PASS" start="2024-07-24T06:21:41.187727" elapsed="0.000187"/>
</kw>
<kw name="Should Be Equal As Numbers" owner="BuiltIn">
<arg>${json_data['results'][0]['location']['postcode']}</arg>
<arg>${json_data['results'][0]['location']['postcode']}</arg>
<doc>Fails if objects are unequal after converting them to real numbers.</doc>
<status status="PASS" start="2024-07-24T06:21:41.188183" elapsed="0.000579"/>
</kw>
<kw name="Log" owner="BuiltIn">
<msg time="2024-07-24T06:21:41.189304" level="INFO">22680</msg>
<arg>${json_data['results'][0]['location']['postcode']}</arg>
<doc>Logs the given message with the given level.</doc>
<status status="PASS" start="2024-07-24T06:21:41.188940" elapsed="0.000404"/>
</kw>
<status status="PASS" start="2024-07-24T06:21:40.949422" elapsed="0.240199"/>
</kw>
<doc>Testa se os tipos de dados na resposta da API estão corretos.</doc>
<tag>testeTiposDados</tag>
<status status="PASS" start="2024-07-24T06:21:40.762749" elapsed="0.427031"/>
</test>
<test id="s1-s1-t5" name="Validar conteudo" line="35">
<kw name="Teste de Tipos de Conteudo" owner="random-user-service">
<kw name="GET On Session" owner="RequestsLibrary">
<msg time="2024-07-24T06:21:41.292368" level="INFO">GET Request : url=https://randomuser.me/api 
 path_url=/api 
 headers={'User-Agent': 'python-requests/2.32.3', 'Accept-Encoding': 'gzip, deflate', 'Accept': '*/*', 'Connection': 'keep-alive'} 
 body=None 
 </msg>
<msg time="2024-07-24T06:21:41.292451" level="INFO">GET Response : url=https://randomuser.me/api 
 status=200, reason=OK 
 headers={'Date': 'Wed, 24 Jul 2024 06:21:41 GMT', 'Content-Type': 'application/json; charset=utf-8', 'Transfer-Encoding': 'chunked', 'Connection': 'keep-alive', 'X-Powered-By': 'Express', 'Access-Control-Allow-Origin': '*', 'Cache-Control': 'no-cache', 'ETag': 'W/"496-zJ7MzOSOpX0PRf928fat+nitS9Q"', 'Vary': 'Accept-Encoding', 'Content-Encoding': 'gzip', 'CF-Cache-Status': 'DYNAMIC', 'Report-To': '{"endpoints":[{"url":"https:\\/\\/a.nel.cloudflare.com\\/report\\/v4?s=Q7kTGicardo8B%2FgItL6X%2FK731zxeKplK7Y5tMaDomtWvA1HFpIzZ67C1XcdH%2BxfzxCt3dY%2FSF%2FYMq%2FdJHVKrBoJRPBS%2BLL%2FHy4GV5vZRQWl7FnOOxwqkW2iVaHgVwZEz"}],"group":"cf-nel","max_age":604800}', 'NEL': '{"success_fraction":0,"report_to":"cf-nel","max_age":604800}', 'Server': 'cloudflare', 'CF-RAY': '8a81cfbc7cd5965e-SJC', 'alt-svc': 'h3=":443"; ma=86400'} 
 body={"results":[{"gender":"male","name":{"title":"Mr","first":"Reggie","last":"Van Duren"},"location":{"street":{"number":5183,"name":"Brandakkerstraat"},"city":"Hasselt","state":"Flevoland","country":"Netherlands","postcode":"9098 WE","coordinates":{"latitude":"32.1281","longitude":"-77.3923"},"timezone":{"offset":"+4:00","description":"Abu Dhabi, Muscat, Baku, Tbilisi"}},"email":"reggie.vanduren@example.com","login":{"uuid":"bca8351a-6204-44f6-a4a6-9165bdefdf13","username":"redgorilla608","password":"dirk","salt":"ylcrs8Bx","md5":"a1e4fa9411ce495f91ac0aaa2a1b17d3","sha1":"a862727cc869ee153cdbf79e0f1686f984a8247a","sha256":"c778a886a13745778727b5261d66544320b26831b2bad688201d608fd0967e58"},"dob":{"date":"1949-05-06T10:31:58.399Z","age":75},"registered":{"date":"2011-01-03T20:47:27.635Z","age":13},"phone":"(0393) 215139","cell":"(06) 09026278","id":{"name":"BSN","value":"93244839"},"picture":{"large":"https://randomuser.me/api/portraits/men/31.jpg","medium":"https://randomuser.me/api/portraits/med/men/31.jpg","thumbnail":"https://randomuser.me/api/portraits/thumb/men/31.jpg"},"nat":"NL"}],"info":{"seed":"80e61a720a148708","results":1,"page":1,"version":"1.4"}} 
 </msg>
<msg time="2024-07-24T06:21:41.292522" level="INFO">/opt/hostedtoolcache/Python/3.12.4/x64/lib/python3.12/site-packages/urllib3/connectionpool.py:1099: InsecureRequestWarning: Unverified HTTPS request is being made to host 'randomuser.me'. Adding certificate verification is strongly advised. See: https://urllib3.readthedocs.io/en/latest/advanced-usage.html#tls-warnings
  warnings.warn(</msg>
<msg time="2024-07-24T06:21:41.292634" level="INFO">${response} = &lt;Response [200]&gt;</msg>
<var>${response}</var>
<arg>consultarAPI</arg>
<arg>/api</arg>
<doc>Sends a GET request on a previously created HTTP Session.</doc>
<status status="PASS" start="2024-07-24T06:21:41.192055" elapsed="0.100634"/>
</kw>
<kw name="Set Variable" owner="BuiltIn">
<msg time="2024-07-24T06:21:41.293706" level="INFO">${json_data} = {'results': [{'gender': 'male', 'name': {'title': 'Mr', 'first': 'Reggie', 'last': 'Van Duren'}, 'location': {'street': {'number': 5183, 'name': 'Brandakkerstraat'}, 'city': 'Hasselt', 'state': 'Flevo...</msg>
<var>${json_data}</var>
<arg>${response.json()}</arg>
<doc>Returns the given values which can then be assigned to a variables.</doc>
<status status="PASS" start="2024-07-24T06:21:41.293166" elapsed="0.000569"/>
</kw>
<kw name="Set Variable" owner="BuiltIn">
<msg time="2024-07-24T06:21:41.294421" level="INFO">${name_title} = Mr</msg>
<var>${name_title}</var>
<arg>${json_data["results"][0]["name"]["title"]}</arg>
<doc>Returns the given values which can then be assigned to a variables.</doc>
<status status="PASS" start="2024-07-24T06:21:41.294040" elapsed="0.000406"/>
</kw>
<kw name="Create List" owner="BuiltIn">
<msg time="2024-07-24T06:21:41.294867" level="INFO">${allowed_titles} = ['Mr', 'Ms', 'Miss', 'Mrs', 'Madame', 'Monsieur']</msg>
<var>${allowed_titles}</var>
<arg>Mr</arg>
<arg>Ms</arg>
<arg>Miss</arg>
<arg>Mrs</arg>
<arg>Madame</arg>
<arg>Monsieur</arg>
<doc>Returns a list containing given items.</doc>
<status status="PASS" start="2024-07-24T06:21:41.294733" elapsed="0.000156"/>
</kw>
<kw name="List Should Contain Value" owner="Collections">
<arg>${allowed_titles}</arg>
<arg>${name_title}</arg>
<doc>Fails if the ``value`` is not found from ``list``.</doc>
<status status="PASS" start="2024-07-24T06:21:41.295158" elapsed="0.000162"/>
</kw>
<kw name="Set Variable" owner="BuiltIn">
<msg time="2024-07-24T06:21:41.295862" level="INFO">${name_country} = NL</msg>
<var>${name_country}</var>
<arg>${json_data["results"][0]["nat"]}</arg>
<doc>Returns the given values which can then be assigned to a variables.</doc>
<status status="PASS" start="2024-07-24T06:21:41.295491" elapsed="0.000395"/>
</kw>
<kw name="Create List" owner="BuiltIn">
<msg time="2024-07-24T06:21:41.296756" level="INFO">${list_country} = ['AD', 'AE', 'AF', 'AG', 'AI', 'AL', 'AM', 'AO', 'AQ', 'AR', 'AS', 'AT', 'AU', 'AW', 'AX', 'AZ', 'BA', 'BB', 'BD', 'BE', 'BF', 'BG', 'BH', 'BI', 'BJ', 'BL', 'BM', 'BN', 'BO', 'BQ', 'BR', 'BS', 'BT', '...</msg>
<var>${list_country}</var>
<arg>AD</arg>
<arg>AE</arg>
<arg>AF</arg>
<arg>AG</arg>
<arg>AI</arg>
<arg>AL</arg>
<arg>AM</arg>
<arg>AO</arg>
<arg>AQ</arg>
<arg>AR</arg>
<arg>AS</arg>
<arg>AT</arg>
<arg>AU</arg>
<arg>AW</arg>
<arg>AX</arg>
<arg>AZ</arg>
<arg>BA</arg>
<arg>BB</arg>
<arg>BD</arg>
<arg>BE</arg>
<arg>BF</arg>
<arg>BG</arg>
<arg>BH</arg>
<arg>BI</arg>
<arg>BJ</arg>
<arg>BL</arg>
<arg>BM</arg>
<arg>BN</arg>
<arg>BO</arg>
<arg>BQ</arg>
<arg>BR</arg>
<arg>BS</arg>
<arg>BT</arg>
<arg>BV</arg>
<arg>BW</arg>
<arg>BY</arg>
<arg>BZ</arg>
<arg>CA</arg>
<arg>CC</arg>
<arg>CD</arg>
<arg>CF</arg>
<arg>CG</arg>
<arg>CH</arg>
<arg>CI</arg>
<arg>CK</arg>
<arg>CL</arg>
<arg>CM</arg>
<arg>CN</arg>
<arg>CO</arg>
<arg>CR</arg>
<arg>CU</arg>
<arg>CV</arg>
<arg>CW</arg>
<arg>CX</arg>
<arg>CY</arg>
<arg>CZ</arg>
<arg>DE</arg>
<arg>DJ</arg>
<arg>DK</arg>
<arg>DM</arg>
<arg>DO</arg>
<arg>DZ</arg>
<arg>EC</arg>
<arg>EE</arg>
<arg>EG</arg>
<arg>EH</arg>
<arg>ER</arg>
<arg>ES</arg>
<arg>ET</arg>
<arg>FI</arg>
<arg>FJ</arg>
<arg>FK</arg>
<arg>FM</arg>
<arg>FO</arg>
<arg>FR</arg>
<arg>GA</arg>
<arg>GB</arg>
<arg>GD</arg>
<arg>GE</arg>
<arg>GF</arg>
<arg>GG</arg>
<arg>GH</arg>
<arg>GI</arg>
<arg>GL</arg>
<arg>GM</arg>
<arg>GN</arg>
<arg>GP</arg>
<arg>GQ</arg>
<arg>GR</arg>
<arg>GS</arg>
<arg>GT</arg>
<arg>GU</arg>
<arg>GW</arg>
<arg>GY</arg>
<arg>HK</arg>
<arg>HM</arg>
<arg>HN</arg>
<arg>HR</arg>
<arg>HT</arg>
<arg>HU</arg>
<arg>ID</arg>
<arg>IE</arg>
<arg>IL</arg>
<arg>IM</arg>
<arg>IN</arg>
<arg>IO</arg>
<arg>IQ</arg>
<arg>IR</arg>
<arg>IS</arg>
<arg>IT</arg>
<arg>JE</arg>
<arg>JM</arg>
<arg>JO</arg>
<arg>JP</arg>
<arg>KE</arg>
<arg>KG</arg>
<arg>KH</arg>
<arg>KI</arg>
<arg>KM</arg>
<arg>KN</arg>
<arg>KP</arg>
<arg>KR</arg>
<arg>KW</arg>
<arg>KY</arg>
<arg>KZ</arg>
<arg>LA</arg>
<arg>LB</arg>
<arg>LC</arg>
<arg>LI</arg>
<arg>LK</arg>
<arg>LR</arg>
<arg>LS</arg>
<arg>LT</arg>
<arg>LU</arg>
<arg>LV</arg>
<arg>LY</arg>
<arg>MA</arg>
<arg>MC</arg>
<arg>MD</arg>
<arg>ME</arg>
<arg>MF</arg>
<arg>MG</arg>
<arg>MH</arg>
<arg>MK</arg>
<arg>ML</arg>
<arg>MM</arg>
<arg>MN</arg>
<arg>MO</arg>
<arg>MP</arg>
<arg>MQ</arg>
<arg>MR</arg>
<arg>MS</arg>
<arg>MT</arg>
<arg>MU</arg>
<arg>MV</arg>
<arg>MW</arg>
<arg>MX</arg>
<arg>MY</arg>
<arg>MZ</arg>
<arg>NA</arg>
<arg>NC</arg>
<arg>NE</arg>
<arg>NF</arg>
<arg>NG</arg>
<arg>NI</arg>
<arg>NL</arg>
<arg>NO</arg>
<arg>NP</arg>
<arg>NR</arg>
<arg>NU</arg>
<arg>NZ</arg>
<arg>OM</arg>
<arg>PA</arg>
<arg>PE</arg>
<arg>PF</arg>
<arg>PG</arg>
<arg>PH</arg>
<arg>PK</arg>
<arg>PL</arg>
<arg>PM</arg>
<arg>PN</arg>
<arg>PR</arg>
<arg>PS</arg>
<arg>PT</arg>
<arg>PW</arg>
<arg>PY</arg>
<arg>QA</arg>
<arg>RE</arg>
<arg>RO</arg>
<arg>RS</arg>
<arg>RU</arg>
<arg>RW</arg>
<arg>SA</arg>
<arg>SB</arg>
<arg>SC</arg>
<arg>SD</arg>
<arg>SE</arg>
<arg>SG</arg>
<arg>SH</arg>
<arg>SI</arg>
<arg>SJ</arg>
<arg>SK</arg>
<arg>SL</arg>
<arg>SM</arg>
<arg>SN</arg>
<arg>SO</arg>
<arg>SR</arg>
<arg>SS</arg>
<arg>ST</arg>
<arg>SV</arg>
<arg>SX</arg>
<arg>SY</arg>
<arg>SZ</arg>
<arg>TC</arg>
<arg>TD</arg>
<arg>TF</arg>
<arg>TG</arg>
<arg>TH</arg>
<arg>TJ</arg>
<arg>TK</arg>
<arg>TL</arg>
<arg>TM</arg>
<arg>TN</arg>
<arg>TO</arg>
<arg>TR</arg>
<arg>TT</arg>
<arg>TV</arg>
<arg>TW</arg>
<arg>TZ</arg>
<arg>UA</arg>
<arg>UG</arg>
<arg>UM</arg>
<arg>US</arg>
<arg>UY</arg>
<arg>UZ</arg>
<arg>VA</arg>
<arg>VC</arg>
<arg>VE</arg>
<arg>VG</arg>
<arg>VI</arg>
<arg>VN</arg>
<arg>VU</arg>
<arg>WF</arg>
<arg>WS</arg>
<arg>XK</arg>
<arg>YE</arg>
<arg>YT</arg>
<arg>ZA</arg>
<arg>ZM</arg>
<arg>ZW</arg>
<doc>Returns a list containing given items.</doc>
<status status="PASS" start="2024-07-24T06:21:41.296172" elapsed="0.000607"/>
</kw>
<kw name="List Should Contain Value" owner="Collections">
<arg>${list_country}</arg>
<arg>${name_country}</arg>
<doc>Fails if the ``value`` is not found from ``list``.</doc>
<status status="PASS" start="2024-07-24T06:21:41.297680" elapsed="0.000208"/>
</kw>
<kw name="Run Keyword If" owner="BuiltIn">
<kw name="Should Be True" owner="BuiltIn">
<arg>${True}</arg>
<doc>Fails if the given condition is not true.</doc>
<status status="PASS" start="2024-07-24T06:21:41.298804" elapsed="0.000137"/>
</kw>
<arg>${json_data["results"][0]["location"]["coordinates"]["latitude"]} &gt;= -90 and ${json_data["results"][0]["location"]["coordinates"]["latitude"]} &lt;= 90</arg>
<arg>Should Be True</arg>
<arg>${True}</arg>
<doc>Runs the given keyword with the given arguments, if ``condition`` is true.</doc>
<status status="PASS" start="2024-07-24T06:21:41.298082" elapsed="0.000981"/>
</kw>
<kw name="Run Keyword If" owner="BuiltIn">
<kw name="Should Be True" owner="BuiltIn">
<arg>${True}</arg>
<doc>Fails if the given condition is not true.</doc>
<status status="PASS" start="2024-07-24T06:21:41.299904" elapsed="0.000122"/>
</kw>
<arg>${json_data["results"][0]["location"]["coordinates"]["longitude"]} &gt;= -180 and ${json_data["results"][0]["location"]["coordinates"]["longitude"]} &lt;= 180</arg>
<arg>Should Be True</arg>
<arg>${True}</arg>
<doc>Runs the given keyword with the given arguments, if ``condition`` is true.</doc>
<status status="PASS" start="2024-07-24T06:21:41.299240" elapsed="0.000896"/>
</kw>
<status status="PASS" start="2024-07-24T06:21:41.191860" elapsed="0.108389"/>
</kw>
<doc>Testa o conteúdo específico dos campos retornados pela API.</doc>
<tag>testeConteudo</tag>
<status status="PASS" start="2024-07-24T06:21:41.191413" elapsed="0.108962"/>
</test>
<status status="PASS" start="2024-07-24T06:21:40.066418" elapsed="1.235901"/>
</suite>
<status status="PASS" start="2024-07-24T06:21:40.052576" elapsed="1.254321"/>
</suite>
<statistics>
<total>
<stat pass="5" fail="0" skip="0">All Tests</stat>
</total>
<tag>
<stat pass="1" fail="0" skip="0">testeConteudo</stat>
<stat pass="1" fail="0" skip="0">testeEstruturaResposta</stat>
<stat pass="1" fail="0" skip="0">testeRequisicaoBasica</stat>
<stat pass="1" fail="0" skip="0">testeTiposDados</stat>
</tag>
<suite>
<stat pass="5" fail="0" skip="0" id="s1" name="Tests">Tests</stat>
<stat pass="5" fail="0" skip="0" id="s1-s1" name="Random-User-Test">Tests.Random-User-Test</stat>
</suite>
</statistics>
<errors>
</errors>
</robot>
