<?xml version="1.0" encoding="UTF-8"?>
<robot generator="Robot 7.0 (Python 3.12.2 on linux)" generated="2024-04-13T23:13:48.518766" rpa="false" schemaversion="5">
<suite id="s1" name="Tests" source="/home/runner/work/DesafioQAItauRogerioJordao/DesafioQAItauRogerioJordao/RamdonUser/tests">
<suite id="s1-s1" name="Random-User-Test" source="/home/runner/work/DesafioQAItauRogerioJordao/DesafioQAItauRogerioJordao/RamdonUser/tests/random-user-test.robot">
<test id="s1-s1-t1" name="Conectar" line="13">
<kw name="Conectar API" owner="random-user-service">
<kw name="Create Session" owner="RequestsLibrary">
<msg time="2024-04-13T23:13:48.894589" level="INFO">Creating Session using : alias=consultarAPI, url=https://randomuser.me/, headers={},                     cookies={}, auth=None, timeout=None, proxies=None, verify=False,                     debug=0 </msg>
<arg>consultarAPI</arg>
<arg>${URL}</arg>
<doc>Create Session: create a HTTP session to a server</doc>
<status status="PASS" start="2024-04-13T23:13:48.894394" elapsed="0.000366"/>
</kw>
<status status="PASS" start="2024-04-13T23:13:48.893407" elapsed="0.001693"/>
</kw>
<status status="PASS" start="2024-04-13T23:13:48.892889" elapsed="0.002411"/>
</test>
<test id="s1-s1-t2" name="Validar retorno 200 e JSON Válido" line="16">
<kw name="Teste de Requisicao Basica" owner="random-user-service">
<kw name="GET On Session" owner="RequestsLibrary">
<msg time="2024-04-13T23:13:49.148590" level="INFO">GET Request : url=https://randomuser.me/api 
 path_url=/api 
 headers={'User-Agent': 'python-requests/2.31.0', 'Accept-Encoding': 'gzip, deflate', 'Accept': '*/*', 'Connection': 'keep-alive'} 
 body=None 
 </msg>
<msg time="2024-04-13T23:13:49.148726" level="INFO">GET Response : url=https://randomuser.me/api 
 status=200, reason=OK 
 headers={'Date': 'Sat, 13 Apr 2024 23:13:49 GMT', 'Content-Type': 'application/json; charset=utf-8', 'Transfer-Encoding': 'chunked', 'Connection': 'keep-alive', 'X-Powered-By': 'Express', 'Access-Control-Allow-Origin': '*', 'Cache-Control': 'no-cache', 'ETag': 'W/"478-n9FwcECMTghfUUlLmbjuZPSHgLU"', 'Vary': 'Accept-Encoding', 'Content-Encoding': 'gzip', 'CF-Cache-Status': 'DYNAMIC', 'Report-To': '{"endpoints":[{"url":"https:\\/\\/a.nel.cloudflare.com\\/report\\/v4?s=4sIz9tdcHIKSDJJV6tG5NDMZ8dppMB26vgkiu77WCKDzKd3v14HaP60%2B5FG%2B1buhr2YEUxLXRlW2QRuf8qmc2mXu37ERIDTsbOdeGdsHr8Fht1mcgMVTMyIniCUupdRu"}],"group":"cf-nel","max_age":604800}', 'NEL': '{"success_fraction":0,"report_to":"cf-nel","max_age":604800}', 'Server': 'cloudflare', 'CF-RAY': '873f2619dbfd2c38-ORD', 'alt-svc': 'h3=":443"; ma=86400'} 
 body={"results":[{"gender":"male","name":{"title":"Mr","first":"Hotyan","last":"Alekseienko"},"location":{"street":{"number":5663,"name":"Vilnyuska"},"city":"Popasna","state":"Ternopilska","country":"Ukraine","postcode":26791,"coordinates":{"latitude":"80.3331","longitude":"-138.3207"},"timezone":{"offset":"-3:30","description":"Newfoundland"}},"email":"hotyan.alekseienko@example.com","login":{"uuid":"e0492bc2-d236-4fe2-bf8a-add26b6d78c3","username":"orangeostrich700","password":"wassup","salt":"ZkmA76kC","md5":"ce5753008fa5e3875c7ad99ceecb110c","sha1":"c6756dbd75c835276ab76e9cd19a419eab0e3514","sha256":"08901b876722bfe7b9ce890290297b369672e8aabe0284ed9b1bd144ffd00164"},"dob":{"date":"1993-05-01T12:34:08.181Z","age":30},"registered":{"date":"2019-02-16T17:06:17.981Z","age":5},"phone":"(068) S38-4572","cell":"(098) B71-4630","id":{"name":"","value":null},"picture":{"large":"https://randomuser.me/api/portraits/men/15.jpg","medium":"https://randomuser.me/api/portraits/med/men/15.jpg","thumbnail":"https://randomuser.me/api/portraits/thumb/men/15.jpg"},"nat":"UA"}],"info":{"seed":"0dcc10128bb130fc","results":1,"page":1,"version":"1.4"}} 
 </msg>
<msg time="2024-04-13T23:13:49.148804" level="INFO">/opt/hostedtoolcache/Python/3.12.2/x64/lib/python3.12/site-packages/urllib3/connectionpool.py:1103: InsecureRequestWarning: Unverified HTTPS request is being made to host 'randomuser.me'. Adding certificate verification is strongly advised. See: https://urllib3.readthedocs.io/en/latest/advanced-usage.html#tls-warnings
  warnings.warn(</msg>
<msg time="2024-04-13T23:13:49.148939" level="INFO">${response} = &lt;Response [200]&gt;</msg>
<var>${response}</var>
<arg>consultarAPI</arg>
<arg>/api</arg>
<doc>Sends a GET request on a previously created HTTP Session.</doc>
<status status="PASS" start="2024-04-13T23:13:48.897869" elapsed="0.251112"/>
</kw>
<kw name="Should Be Equal As Numbers" owner="BuiltIn">
<msg time="2024-04-13T23:13:49.150068" level="INFO">Argument types are:
&lt;class 'int'&gt;
&lt;class 'str'&gt;</msg>
<arg>${response.status_code}</arg>
<arg>200</arg>
<doc>Fails if objects are unequal after converting them to real numbers.</doc>
<status status="PASS" start="2024-04-13T23:13:49.149576" elapsed="0.000558"/>
</kw>
<kw name="Log" owner="BuiltIn">
<msg time="2024-04-13T23:13:49.150815" level="INFO">200</msg>
<arg>${response.status_code}</arg>
<doc>Logs the given message with the given level.</doc>
<status status="PASS" start="2024-04-13T23:13:49.150463" elapsed="0.000394"/>
</kw>
<kw name="Set Variable" owner="BuiltIn">
<msg time="2024-04-13T23:13:49.151671" level="INFO">${json_data} = {'results': [{'gender': 'male', 'name': {'title': 'Mr', 'first': 'Hotyan', 'last': 'Alekseienko'}, 'location': {'street': {'number': 5663, 'name': 'Vilnyuska'}, 'city': 'Popasna', 'state': 'Ternopilsk...</msg>
<var>${json_data}</var>
<arg>${response.json()}</arg>
<doc>Returns the given values which can then be assigned to a variables.</doc>
<status status="PASS" start="2024-04-13T23:13:49.151193" elapsed="0.000506"/>
</kw>
<kw name="Dictionary Should Contain Key" owner="Collections">
<msg time="2024-04-13T23:13:49.152178" level="INFO">False</msg>
<arg>${json_data}</arg>
<arg>results</arg>
<doc>Fails if ``key`` is not found from ``dictionary``.</doc>
<status status="PASS" start="2024-04-13T23:13:49.152010" elapsed="0.000212"/>
</kw>
<status status="PASS" start="2024-04-13T23:13:48.897614" elapsed="0.254869"/>
</kw>
<doc>Testa se a API responde corretamente e retorna um objeto JSON válido.</doc>
<tag>testeRequisicaoBasica</tag>
<status status="PASS" start="2024-04-13T23:13:48.897151" elapsed="0.255515"/>
</test>
<test id="s1-s1-t3" name="Validar estrutura de resposta" line="22">
<kw name="Teste de Estrutura de Resposta" owner="random-user-service">
<kw name="GET On Session" owner="RequestsLibrary">
<msg time="2024-04-13T23:13:49.239646" level="INFO">GET Request : url=https://randomuser.me/api 
 path_url=/api 
 headers={'User-Agent': 'python-requests/2.31.0', 'Accept-Encoding': 'gzip, deflate', 'Accept': '*/*', 'Connection': 'keep-alive'} 
 body=None 
 </msg>
<msg time="2024-04-13T23:13:49.239722" level="INFO">GET Response : url=https://randomuser.me/api 
 status=200, reason=OK 
 headers={'Date': 'Sat, 13 Apr 2024 23:13:49 GMT', 'Content-Type': 'application/json; charset=utf-8', 'Transfer-Encoding': 'chunked', 'Connection': 'keep-alive', 'X-Powered-By': 'Express', 'Access-Control-Allow-Origin': '*', 'Cache-Control': 'no-cache', 'ETag': 'W/"496-qRgLDnVyBO6Pbk7tTrHqsPsVpL8"', 'Vary': 'Accept-Encoding', 'Content-Encoding': 'gzip', 'CF-Cache-Status': 'DYNAMIC', 'Report-To': '{"endpoints":[{"url":"https:\\/\\/a.nel.cloudflare.com\\/report\\/v4?s=156smObHWzVaTJuZerw%2Fv1aG2F7ssuj4HIXwIlZLdGTa0tT4%2FRwsnS4WnFIKOrVzLZGBxzLX7pOmIAZEJ68XngY1vufyoq2GM19VVt57LmoKqiFOuUo0avmHv5zPgxYO"}],"group":"cf-nel","max_age":604800}', 'NEL': '{"success_fraction":0,"report_to":"cf-nel","max_age":604800}', 'Server': 'cloudflare', 'CF-RAY': '873f261a3c432c38-ORD', 'alt-svc': 'h3=":443"; ma=86400'} 
 body={"results":[{"gender":"female","name":{"title":"Madame","first":"Flora","last":"Hubert"},"location":{"street":{"number":9694,"name":"Montée du Chemin-Neuf"},"city":"Chippis","state":"Genève","country":"Switzerland","postcode":8544,"coordinates":{"latitude":"-57.8296","longitude":"60.4715"},"timezone":{"offset":"+7:00","description":"Bangkok, Hanoi, Jakarta"}},"email":"flora.hubert@example.com","login":{"uuid":"57acf224-028d-4b7f-a624-f8be1cdd184b","username":"crazyzebra561","password":"brady","salt":"iF2SB8Nx","md5":"4147db35e00f98c78b7c359fac12ff02","sha1":"d2367aa78fe7e97f04c0dcb0b99f7f8a23a90a94","sha256":"b98767de894325aff256bab270c47d988c349821e7747b83ee9b476007d17f99"},"dob":{"date":"1984-06-14T07:48:26.591Z","age":39},"registered":{"date":"2020-05-20T15:43:06.548Z","age":3},"phone":"079 052 70 83","cell":"076 504 00 73","id":{"name":"AVS","value":"756.2734.2658.88"},"picture":{"large":"https://randomuser.me/api/portraits/women/6.jpg","medium":"https://randomuser.me/api/portraits/med/women/6.jpg","thumbnail":"https://randomuser.me/api/portraits/thumb/women/6.jpg"},"nat":"CH"}],"info":{"seed":"73d635c06929f24b","results":1,"page":1,"version":"1.4"}} 
 </msg>
<msg time="2024-04-13T23:13:49.239833" level="INFO">/opt/hostedtoolcache/Python/3.12.2/x64/lib/python3.12/site-packages/urllib3/connectionpool.py:1103: InsecureRequestWarning: Unverified HTTPS request is being made to host 'randomuser.me'. Adding certificate verification is strongly advised. See: https://urllib3.readthedocs.io/en/latest/advanced-usage.html#tls-warnings
  warnings.warn(</msg>
<msg time="2024-04-13T23:13:49.239930" level="INFO">${response} = &lt;Response [200]&gt;</msg>
<var>${response}</var>
<arg>consultarAPI</arg>
<arg>/api</arg>
<doc>Sends a GET request on a previously created HTTP Session.</doc>
<status status="PASS" start="2024-04-13T23:13:49.155519" elapsed="0.084453"/>
</kw>
<kw name="Set Variable" owner="BuiltIn">
<msg time="2024-04-13T23:13:49.241054" level="INFO">${json_data} = {'results': [{'gender': 'female', 'name': {'title': 'Madame', 'first': 'Flora', 'last': 'Hubert'}, 'location': {'street': {'number': 9694, 'name': 'Montée du Chemin-Neuf'}, 'city': 'Chippis', 'state':...</msg>
<var>${json_data}</var>
<arg>${response.json()}</arg>
<doc>Returns the given values which can then be assigned to a variables.</doc>
<status status="PASS" start="2024-04-13T23:13:49.240460" elapsed="0.000624"/>
</kw>
<kw name="Log" owner="BuiltIn">
<msg time="2024-04-13T23:13:49.241555" level="INFO">{'results': [{'gender': 'female', 'name': {'title': 'Madame', 'first': 'Flora', 'last': 'Hubert'}, 'location': {'street': {'number': 9694, 'name': 'Montée du Chemin-Neuf'}, 'city': 'Chippis', 'state': 'Genève', 'country': 'Switzerland', 'postcode': 8544, 'coordinates': {'latitude': '-57.8296', 'longitude': '60.4715'}, 'timezone': {'offset': '+7:00', 'description': 'Bangkok, Hanoi, Jakarta'}}, 'email': 'flora.hubert@example.com', 'login': {'uuid': '57acf224-028d-4b7f-a624-f8be1cdd184b', 'username': 'crazyzebra561', 'password': 'brady', 'salt': 'iF2SB8Nx', 'md5': '4147db35e00f98c78b7c359fac12ff02', 'sha1': 'd2367aa78fe7e97f04c0dcb0b99f7f8a23a90a94', 'sha256': 'b98767de894325aff256bab270c47d988c349821e7747b83ee9b476007d17f99'}, 'dob': {'date': '1984-06-14T07:48:26.591Z', 'age': 39}, 'registered': {'date': '2020-05-20T15:43:06.548Z', 'age': 3}, 'phone': '079 052 70 83', 'cell': '076 504 00 73', 'id': {'name': 'AVS', 'value': '756.2734.2658.88'}, 'picture': {'large': 'https://randomuser.me/api/portraits/women/6.jpg', 'medium': 'https://randomuser.me/api/portraits/med/women/6.jpg', 'thumbnail': 'https://randomuser.me/api/portraits/thumb/women/6.jpg'}, 'nat': 'CH'}], 'info': {'seed': '73d635c06929f24b', 'results': 1, 'page': 1, 'version': '1.4'}}</msg>
<arg>${json_data}</arg>
<doc>Logs the given message with the given level.</doc>
<status status="PASS" start="2024-04-13T23:13:49.241395" elapsed="0.000210"/>
</kw>
<kw name="Dictionary Should Contain Key" owner="Collections">
<msg time="2024-04-13T23:13:49.242056" level="INFO">False</msg>
<arg>${json_data}</arg>
<arg>results</arg>
<doc>Fails if ``key`` is not found from ``dictionary``.</doc>
<status status="PASS" start="2024-04-13T23:13:49.241902" elapsed="0.000191"/>
</kw>
<kw name="Should Not Be Empty" owner="BuiltIn">
<msg time="2024-04-13T23:13:49.242520" level="INFO">Length is 2.</msg>
<arg>${json_data}</arg>
<doc>Verifies that the given item is not empty.</doc>
<status status="PASS" start="2024-04-13T23:13:49.242389" elapsed="0.000169"/>
</kw>
<kw name="Create List" owner="BuiltIn">
<msg time="2024-04-13T23:13:49.242999" level="INFO">${expected_keys} = ['gender', 'name', 'location', 'email', 'login']</msg>
<var>${expected_keys}</var>
<arg>gender</arg>
<arg>name</arg>
<arg>location</arg>
<arg>email</arg>
<arg>login</arg>
<doc>Returns a list containing given items.</doc>
<status status="PASS" start="2024-04-13T23:13:49.242847" elapsed="0.000176"/>
</kw>
<for flavor="IN">
<iter>
<kw name="Dictionary Should Contain Key" owner="Collections">
<msg time="2024-04-13T23:13:49.244046" level="INFO">False</msg>
<arg>${json_data['results'][0]}</arg>
<arg>${key}</arg>
<doc>Fails if ``key`` is not found from ``dictionary``.</doc>
<status status="PASS" start="2024-04-13T23:13:49.243638" elapsed="0.000448"/>
</kw>
<kw name="Log" owner="BuiltIn">
<msg time="2024-04-13T23:13:49.244761" level="INFO">{'gender': 'female', 'name': {'title': 'Madame', 'first': 'Flora', 'last': 'Hubert'}, 'location': {'street': {'number': 9694, 'name': 'Montée du Chemin-Neuf'}, 'city': 'Chippis', 'state': 'Genève', 'country': 'Switzerland', 'postcode': 8544, 'coordinates': {'latitude': '-57.8296', 'longitude': '60.4715'}, 'timezone': {'offset': '+7:00', 'description': 'Bangkok, Hanoi, Jakarta'}}, 'email': 'flora.hubert@example.com', 'login': {'uuid': '57acf224-028d-4b7f-a624-f8be1cdd184b', 'username': 'crazyzebra561', 'password': 'brady', 'salt': 'iF2SB8Nx', 'md5': '4147db35e00f98c78b7c359fac12ff02', 'sha1': 'd2367aa78fe7e97f04c0dcb0b99f7f8a23a90a94', 'sha256': 'b98767de894325aff256bab270c47d988c349821e7747b83ee9b476007d17f99'}, 'dob': {'date': '1984-06-14T07:48:26.591Z', 'age': 39}, 'registered': {'date': '2020-05-20T15:43:06.548Z', 'age': 3}, 'phone': '079 052 70 83', 'cell': '076 504 00 73', 'id': {'name': 'AVS', 'value': '756.2734.2658.88'}, 'picture': {'large': 'https://randomuser.me/api/portraits/women/6.jpg', 'medium': 'https://randomuser.me/api/portraits/med/women/6.jpg', 'thumbnail': 'https://randomuser.me/api/portraits/thumb/women/6.jpg'}, 'nat': 'CH'}</msg>
<arg>${json_data['results'][0]}</arg>
<doc>Logs the given message with the given level.</doc>
<status status="PASS" start="2024-04-13T23:13:49.244391" elapsed="0.000421"/>
</kw>
<kw name="Log" owner="BuiltIn">
<msg time="2024-04-13T23:13:49.245249" level="INFO">gender</msg>
<arg>${key}</arg>
<doc>Logs the given message with the given level.</doc>
<status status="PASS" start="2024-04-13T23:13:49.245120" elapsed="0.000167"/>
</kw>
<var name="${key}">gender</var>
<status status="PASS" start="2024-04-13T23:13:49.243500" elapsed="0.002012"/>
</iter>
<iter>
<kw name="Dictionary Should Contain Key" owner="Collections">
<msg time="2024-04-13T23:13:49.246195" level="INFO">False</msg>
<arg>${json_data['results'][0]}</arg>
<arg>${key}</arg>
<doc>Fails if ``key`` is not found from ``dictionary``.</doc>
<status status="PASS" start="2024-04-13T23:13:49.245813" elapsed="0.000421"/>
</kw>
<kw name="Log" owner="BuiltIn">
<msg time="2024-04-13T23:13:49.246940" level="INFO">{'gender': 'female', 'name': {'title': 'Madame', 'first': 'Flora', 'last': 'Hubert'}, 'location': {'street': {'number': 9694, 'name': 'Montée du Chemin-Neuf'}, 'city': 'Chippis', 'state': 'Genève', 'country': 'Switzerland', 'postcode': 8544, 'coordinates': {'latitude': '-57.8296', 'longitude': '60.4715'}, 'timezone': {'offset': '+7:00', 'description': 'Bangkok, Hanoi, Jakarta'}}, 'email': 'flora.hubert@example.com', 'login': {'uuid': '57acf224-028d-4b7f-a624-f8be1cdd184b', 'username': 'crazyzebra561', 'password': 'brady', 'salt': 'iF2SB8Nx', 'md5': '4147db35e00f98c78b7c359fac12ff02', 'sha1': 'd2367aa78fe7e97f04c0dcb0b99f7f8a23a90a94', 'sha256': 'b98767de894325aff256bab270c47d988c349821e7747b83ee9b476007d17f99'}, 'dob': {'date': '1984-06-14T07:48:26.591Z', 'age': 39}, 'registered': {'date': '2020-05-20T15:43:06.548Z', 'age': 3}, 'phone': '079 052 70 83', 'cell': '076 504 00 73', 'id': {'name': 'AVS', 'value': '756.2734.2658.88'}, 'picture': {'large': 'https://randomuser.me/api/portraits/women/6.jpg', 'medium': 'https://randomuser.me/api/portraits/med/women/6.jpg', 'thumbnail': 'https://randomuser.me/api/portraits/thumb/women/6.jpg'}, 'nat': 'CH'}</msg>
<arg>${json_data['results'][0]}</arg>
<doc>Logs the given message with the given level.</doc>
<status status="PASS" start="2024-04-13T23:13:49.246560" elapsed="0.000434"/>
</kw>
<kw name="Log" owner="BuiltIn">
<msg time="2024-04-13T23:13:49.247453" level="INFO">name</msg>
<arg>${key}</arg>
<doc>Logs the given message with the given level.</doc>
<status status="PASS" start="2024-04-13T23:13:49.247298" elapsed="0.000195"/>
</kw>
<var name="${key}">name</var>
<status status="PASS" start="2024-04-13T23:13:49.245698" elapsed="0.002017"/>
</iter>
<iter>
<kw name="Dictionary Should Contain Key" owner="Collections">
<msg time="2024-04-13T23:13:49.248394" level="INFO">False</msg>
<arg>${json_data['results'][0]}</arg>
<arg>${key}</arg>
<doc>Fails if ``key`` is not found from ``dictionary``.</doc>
<status status="PASS" start="2024-04-13T23:13:49.248006" elapsed="0.000426"/>
</kw>
<kw name="Log" owner="BuiltIn">
<msg time="2024-04-13T23:13:49.249107" level="INFO">{'gender': 'female', 'name': {'title': 'Madame', 'first': 'Flora', 'last': 'Hubert'}, 'location': {'street': {'number': 9694, 'name': 'Montée du Chemin-Neuf'}, 'city': 'Chippis', 'state': 'Genève', 'country': 'Switzerland', 'postcode': 8544, 'coordinates': {'latitude': '-57.8296', 'longitude': '60.4715'}, 'timezone': {'offset': '+7:00', 'description': 'Bangkok, Hanoi, Jakarta'}}, 'email': 'flora.hubert@example.com', 'login': {'uuid': '57acf224-028d-4b7f-a624-f8be1cdd184b', 'username': 'crazyzebra561', 'password': 'brady', 'salt': 'iF2SB8Nx', 'md5': '4147db35e00f98c78b7c359fac12ff02', 'sha1': 'd2367aa78fe7e97f04c0dcb0b99f7f8a23a90a94', 'sha256': 'b98767de894325aff256bab270c47d988c349821e7747b83ee9b476007d17f99'}, 'dob': {'date': '1984-06-14T07:48:26.591Z', 'age': 39}, 'registered': {'date': '2020-05-20T15:43:06.548Z', 'age': 3}, 'phone': '079 052 70 83', 'cell': '076 504 00 73', 'id': {'name': 'AVS', 'value': '756.2734.2658.88'}, 'picture': {'large': 'https://randomuser.me/api/portraits/women/6.jpg', 'medium': 'https://randomuser.me/api/portraits/med/women/6.jpg', 'thumbnail': 'https://randomuser.me/api/portraits/thumb/women/6.jpg'}, 'nat': 'CH'}</msg>
<arg>${json_data['results'][0]}</arg>
<doc>Logs the given message with the given level.</doc>
<status status="PASS" start="2024-04-13T23:13:49.248738" elapsed="0.000418"/>
</kw>
<kw name="Log" owner="BuiltIn">
<msg time="2024-04-13T23:13:49.249579" level="INFO">location</msg>
<arg>${key}</arg>
<doc>Logs the given message with the given level.</doc>
<status status="PASS" start="2024-04-13T23:13:49.249452" elapsed="0.000164"/>
</kw>
<var name="${key}">location</var>
<status status="PASS" start="2024-04-13T23:13:49.247894" elapsed="0.001938"/>
</iter>
<iter>
<kw name="Dictionary Should Contain Key" owner="Collections">
<msg time="2024-04-13T23:13:49.250503" level="INFO">False</msg>
<arg>${json_data['results'][0]}</arg>
<arg>${key}</arg>
<doc>Fails if ``key`` is not found from ``dictionary``.</doc>
<status status="PASS" start="2024-04-13T23:13:49.250114" elapsed="0.000432"/>
</kw>
<kw name="Log" owner="BuiltIn">
<msg time="2024-04-13T23:13:49.251203" level="INFO">{'gender': 'female', 'name': {'title': 'Madame', 'first': 'Flora', 'last': 'Hubert'}, 'location': {'street': {'number': 9694, 'name': 'Montée du Chemin-Neuf'}, 'city': 'Chippis', 'state': 'Genève', 'country': 'Switzerland', 'postcode': 8544, 'coordinates': {'latitude': '-57.8296', 'longitude': '60.4715'}, 'timezone': {'offset': '+7:00', 'description': 'Bangkok, Hanoi, Jakarta'}}, 'email': 'flora.hubert@example.com', 'login': {'uuid': '57acf224-028d-4b7f-a624-f8be1cdd184b', 'username': 'crazyzebra561', 'password': 'brady', 'salt': 'iF2SB8Nx', 'md5': '4147db35e00f98c78b7c359fac12ff02', 'sha1': 'd2367aa78fe7e97f04c0dcb0b99f7f8a23a90a94', 'sha256': 'b98767de894325aff256bab270c47d988c349821e7747b83ee9b476007d17f99'}, 'dob': {'date': '1984-06-14T07:48:26.591Z', 'age': 39}, 'registered': {'date': '2020-05-20T15:43:06.548Z', 'age': 3}, 'phone': '079 052 70 83', 'cell': '076 504 00 73', 'id': {'name': 'AVS', 'value': '756.2734.2658.88'}, 'picture': {'large': 'https://randomuser.me/api/portraits/women/6.jpg', 'medium': 'https://randomuser.me/api/portraits/med/women/6.jpg', 'thumbnail': 'https://randomuser.me/api/portraits/thumb/women/6.jpg'}, 'nat': 'CH'}</msg>
<arg>${json_data['results'][0]}</arg>
<doc>Logs the given message with the given level.</doc>
<status status="PASS" start="2024-04-13T23:13:49.250844" elapsed="0.000408"/>
</kw>
<kw name="Log" owner="BuiltIn">
<msg time="2024-04-13T23:13:49.251728" level="INFO">email</msg>
<arg>${key}</arg>
<doc>Logs the given message with the given level.</doc>
<status status="PASS" start="2024-04-13T23:13:49.251594" elapsed="0.000173"/>
</kw>
<var name="${key}">email</var>
<status status="PASS" start="2024-04-13T23:13:49.250003" elapsed="0.001983"/>
</iter>
<iter>
<kw name="Dictionary Should Contain Key" owner="Collections">
<msg time="2024-04-13T23:13:49.252654" level="INFO">False</msg>
<arg>${json_data['results'][0]}</arg>
<arg>${key}</arg>
<doc>Fails if ``key`` is not found from ``dictionary``.</doc>
<status status="PASS" start="2024-04-13T23:13:49.252271" elapsed="0.000420"/>
</kw>
<kw name="Log" owner="BuiltIn">
<msg time="2024-04-13T23:13:49.253354" level="INFO">{'gender': 'female', 'name': {'title': 'Madame', 'first': 'Flora', 'last': 'Hubert'}, 'location': {'street': {'number': 9694, 'name': 'Montée du Chemin-Neuf'}, 'city': 'Chippis', 'state': 'Genève', 'country': 'Switzerland', 'postcode': 8544, 'coordinates': {'latitude': '-57.8296', 'longitude': '60.4715'}, 'timezone': {'offset': '+7:00', 'description': 'Bangkok, Hanoi, Jakarta'}}, 'email': 'flora.hubert@example.com', 'login': {'uuid': '57acf224-028d-4b7f-a624-f8be1cdd184b', 'username': 'crazyzebra561', 'password': 'brady', 'salt': 'iF2SB8Nx', 'md5': '4147db35e00f98c78b7c359fac12ff02', 'sha1': 'd2367aa78fe7e97f04c0dcb0b99f7f8a23a90a94', 'sha256': 'b98767de894325aff256bab270c47d988c349821e7747b83ee9b476007d17f99'}, 'dob': {'date': '1984-06-14T07:48:26.591Z', 'age': 39}, 'registered': {'date': '2020-05-20T15:43:06.548Z', 'age': 3}, 'phone': '079 052 70 83', 'cell': '076 504 00 73', 'id': {'name': 'AVS', 'value': '756.2734.2658.88'}, 'picture': {'large': 'https://randomuser.me/api/portraits/women/6.jpg', 'medium': 'https://randomuser.me/api/portraits/med/women/6.jpg', 'thumbnail': 'https://randomuser.me/api/portraits/thumb/women/6.jpg'}, 'nat': 'CH'}</msg>
<arg>${json_data['results'][0]}</arg>
<doc>Logs the given message with the given level.</doc>
<status status="PASS" start="2024-04-13T23:13:49.252991" elapsed="0.000411"/>
</kw>
<kw name="Log" owner="BuiltIn">
<msg time="2024-04-13T23:13:49.253825" level="INFO">login</msg>
<arg>${key}</arg>
<doc>Logs the given message with the given level.</doc>
<status status="PASS" start="2024-04-13T23:13:49.253696" elapsed="0.000167"/>
</kw>
<var name="${key}">login</var>
<status status="PASS" start="2024-04-13T23:13:49.252160" elapsed="0.001944"/>
</iter>
<var>${key}</var>
<value>@{expected_keys}</value>
<status status="PASS" start="2024-04-13T23:13:49.243282" elapsed="0.010950"/>
</for>
<kw name="Create List" owner="BuiltIn">
<msg time="2024-04-13T23:13:49.254561" level="INFO">${expected_keysTwo} = ['username', 'password']</msg>
<var>${expected_keysTwo}</var>
<arg>username</arg>
<arg>password</arg>
<doc>Returns a list containing given items.</doc>
<status status="PASS" start="2024-04-13T23:13:49.254423" elapsed="0.000161"/>
</kw>
<for flavor="IN">
<iter>
<kw name="Dictionary Should Contain Key" owner="Collections">
<msg time="2024-04-13T23:13:49.255606" level="INFO">False</msg>
<arg>${json_data['results'][0]['login']}</arg>
<arg>${keyTwo}</arg>
<doc>Fails if ``key`` is not found from ``dictionary``.</doc>
<status status="PASS" start="2024-04-13T23:13:49.255180" elapsed="0.000464"/>
</kw>
<kw name="Dictionary Should Contain Key" owner="Collections">
<msg time="2024-04-13T23:13:49.256328" level="INFO">False</msg>
<arg>${json_data['results'][0]['login']}</arg>
<arg>${keyTwo}</arg>
<doc>Fails if ``key`` is not found from ``dictionary``.</doc>
<status status="PASS" start="2024-04-13T23:13:49.255947" elapsed="0.000418"/>
</kw>
<kw name="Log" owner="BuiltIn">
<msg time="2024-04-13T23:13:49.256786" level="INFO">username</msg>
<arg>${keyTwo}</arg>
<doc>Logs the given message with the given level.</doc>
<status status="PASS" start="2024-04-13T23:13:49.256659" elapsed="0.000164"/>
</kw>
<var name="${keyTwo}">username</var>
<status status="PASS" start="2024-04-13T23:13:49.255066" elapsed="0.001973"/>
</iter>
<iter>
<kw name="Dictionary Should Contain Key" owner="Collections">
<msg time="2024-04-13T23:13:49.257692" level="INFO">False</msg>
<arg>${json_data['results'][0]['login']}</arg>
<arg>${keyTwo}</arg>
<doc>Fails if ``key`` is not found from ``dictionary``.</doc>
<status status="PASS" start="2024-04-13T23:13:49.257320" elapsed="0.000409"/>
</kw>
<kw name="Dictionary Should Contain Key" owner="Collections">
<msg time="2024-04-13T23:13:49.258404" level="INFO">False</msg>
<arg>${json_data['results'][0]['login']}</arg>
<arg>${keyTwo}</arg>
<doc>Fails if ``key`` is not found from ``dictionary``.</doc>
<status status="PASS" start="2024-04-13T23:13:49.258019" elapsed="0.000422"/>
</kw>
<kw name="Log" owner="BuiltIn">
<msg time="2024-04-13T23:13:49.258874" level="INFO">password</msg>
<arg>${keyTwo}</arg>
<doc>Logs the given message with the given level.</doc>
<status status="PASS" start="2024-04-13T23:13:49.258746" elapsed="0.000166"/>
</kw>
<var name="${keyTwo}">password</var>
<status status="PASS" start="2024-04-13T23:13:49.257210" elapsed="0.001921"/>
</iter>
<var>${keyTwo}</var>
<value>@{expected_keysTwo}</value>
<status status="PASS" start="2024-04-13T23:13:49.254818" elapsed="0.004435"/>
</for>
<status status="PASS" start="2024-04-13T23:13:49.155250" elapsed="0.104140"/>
</kw>
<doc>Testa a estrutura da resposta da API.</doc>
<tag>testeEstruturaResposta</tag>
<status status="PASS" start="2024-04-13T23:13:49.154514" elapsed="0.105070"/>
</test>
<test id="s1-s1-t4" name="Validar tipos de dados" line="28">
<kw name="Teste de Tipos de Dados" owner="random-user-service">
<kw name="GET On Session" owner="RequestsLibrary">
<msg time="2024-04-13T23:13:49.347293" level="INFO">GET Request : url=https://randomuser.me/api 
 path_url=/api 
 headers={'User-Agent': 'python-requests/2.31.0', 'Accept-Encoding': 'gzip, deflate', 'Accept': '*/*', 'Connection': 'keep-alive'} 
 body=None 
 </msg>
<msg time="2024-04-13T23:13:49.347381" level="INFO">GET Response : url=https://randomuser.me/api 
 status=200, reason=OK 
 headers={'Date': 'Sat, 13 Apr 2024 23:13:49 GMT', 'Content-Type': 'application/json; charset=utf-8', 'Transfer-Encoding': 'chunked', 'Connection': 'keep-alive', 'X-Powered-By': 'Express', 'Access-Control-Allow-Origin': '*', 'Cache-Control': 'no-cache', 'ETag': 'W/"4b2-jNjftcikEyHYq6C/Tb0fFY9OXqE"', 'Vary': 'Accept-Encoding', 'Content-Encoding': 'gzip', 'CF-Cache-Status': 'DYNAMIC', 'Report-To': '{"endpoints":[{"url":"https:\\/\\/a.nel.cloudflare.com\\/report\\/v4?s=hcThxi4H1NITiumCGOQBeKU1g2y%2BU6LCjaylS4V1mTkunrOkVDj6yy1t5jnz6QvTMlZgciKcl2F6j9Bs6Scvz4%2BIPygHdN7bvv%2BtxU%2BWy3kbyNBk971c9BWNUoF0pg4I"}],"group":"cf-nel","max_age":604800}', 'NEL': '{"success_fraction":0,"report_to":"cf-nel","max_age":604800}', 'Server': 'cloudflare', 'CF-RAY': '873f261aecd82c38-ORD', 'alt-svc': 'h3=":443"; ma=86400'} 
 body={"results":[{"gender":"male","name":{"title":"Mr","first":"پرهام","last":"نكو نظر"},"location":{"street":{"number":3087,"name":"شهید همت"},"city":"ایلام","state":"کهگیلویه و بویراحمد","country":"Iran","postcode":97288,"coordinates":{"latitude":"21.1106","longitude":"-85.5441"},"timezone":{"offset":"0:00","description":"Western Europe Time, London, Lisbon, Casablanca"}},"email":"prhm.nkwnzr@example.com","login":{"uuid":"fb7482ef-fde4-445c-8f35-cd2808b7ccfd","username":"bluefrog791","password":"whiskers","salt":"7Y4sswXH","md5":"12644d9f5f85987bbc0a7a1db08798dd","sha1":"263832254f98dbe60dfb15280b78b3f9164fdd9b","sha256":"e3754f8d591624f6fbf63167a7e3d09782f065d1c9542ac8db84cb01c59108ba"},"dob":{"date":"1992-02-14T11:07:19.849Z","age":32},"registered":{"date":"2005-08-28T11:48:38.332Z","age":18},"phone":"005-74889832","cell":"0932-976-3530","id":{"name":"","value":null},"picture":{"large":"https://randomuser.me/api/portraits/men/51.jpg","medium":"https://randomuser.me/api/portraits/med/men/51.jpg","thumbnail":"https://randomuser.me/api/portraits/thumb/men/51.jpg"},"nat":"IR"}],"info":{"seed":"d646499f331ea897","results":1,"page":1,"version":"1.4"}} 
 </msg>
<msg time="2024-04-13T23:13:49.347493" level="INFO">/opt/hostedtoolcache/Python/3.12.2/x64/lib/python3.12/site-packages/urllib3/connectionpool.py:1103: InsecureRequestWarning: Unverified HTTPS request is being made to host 'randomuser.me'. Adding certificate verification is strongly advised. See: https://urllib3.readthedocs.io/en/latest/advanced-usage.html#tls-warnings
  warnings.warn(</msg>
<msg time="2024-04-13T23:13:49.347622" level="INFO">${response} = &lt;Response [200]&gt;</msg>
<var>${response}</var>
<arg>consultarAPI</arg>
<arg>/api</arg>
<doc>Sends a GET request on a previously created HTTP Session.</doc>
<status status="PASS" start="2024-04-13T23:13:49.262001" elapsed="0.085672"/>
</kw>
<kw name="Set Variable" owner="BuiltIn">
<msg time="2024-04-13T23:13:49.348762" level="INFO">${json_data} = {'results': [{'gender': 'male', 'name': {'title': 'Mr', 'first': 'پرهام', 'last': 'نكو نظر'}, 'location': {'street': {'number': 3087, 'name': 'شهید همت'}, 'city': 'ایلام', 'state': 'کهگیلویه و بویراحم...</msg>
<var>${json_data}</var>
<arg>${response.json()}</arg>
<doc>Returns the given values which can then be assigned to a variables.</doc>
<status status="PASS" start="2024-04-13T23:13:49.348187" elapsed="0.000606"/>
</kw>
<kw name="Log" owner="BuiltIn">
<msg time="2024-04-13T23:13:49.349263" level="INFO">{'results': [{'gender': 'male', 'name': {'title': 'Mr', 'first': 'پرهام', 'last': 'نكو نظر'}, 'location': {'street': {'number': 3087, 'name': 'شهید همت'}, 'city': 'ایلام', 'state': 'کهگیلویه و بویراحمد', 'country': 'Iran', 'postcode': 97288, 'coordinates': {'latitude': '21.1106', 'longitude': '-85.5441'}, 'timezone': {'offset': '0:00', 'description': 'Western Europe Time, London, Lisbon, Casablanca'}}, 'email': 'prhm.nkwnzr@example.com', 'login': {'uuid': 'fb7482ef-fde4-445c-8f35-cd2808b7ccfd', 'username': 'bluefrog791', 'password': 'whiskers', 'salt': '7Y4sswXH', 'md5': '12644d9f5f85987bbc0a7a1db08798dd', 'sha1': '263832254f98dbe60dfb15280b78b3f9164fdd9b', 'sha256': 'e3754f8d591624f6fbf63167a7e3d09782f065d1c9542ac8db84cb01c59108ba'}, 'dob': {'date': '1992-02-14T11:07:19.849Z', 'age': 32}, 'registered': {'date': '2005-08-28T11:48:38.332Z', 'age': 18}, 'phone': '005-74889832', 'cell': '0932-976-3530', 'id': {'name': '', 'value': None}, 'picture': {'large': 'https://randomuser.me/api/portraits/men/51.jpg', 'medium': 'https://randomuser.me/api/portraits/med/men/51.jpg', 'thumbnail': 'https://randomuser.me/api/portraits/thumb/men/51.jpg'}, 'nat': 'IR'}], 'info': {'seed': 'd646499f331ea897', 'results': 1, 'page': 1, 'version': '1.4'}}</msg>
<arg>${json_data}</arg>
<doc>Logs the given message with the given level.</doc>
<status status="PASS" start="2024-04-13T23:13:49.349104" elapsed="0.000241"/>
</kw>
<kw name="Should Be String" owner="String">
<arg>${json_data['results'][0]['gender']}</arg>
<doc>Fails if the given ``item`` is not a string.</doc>
<status status="PASS" start="2024-04-13T23:13:49.349656" elapsed="0.000358"/>
</kw>
<kw name="Should Match Regexp" owner="BuiltIn">
<arg>${json_data['results'][0]['email']}</arg>
<arg>^[a-zA-Z0-9._%+-]+@[a-zA-Z0-9.-]+\.[a-zA-Z]{2,}$</arg>
<doc>Fails if ``string`` does not match ``pattern`` as a regular expression.</doc>
<status status="PASS" start="2024-04-13T23:13:49.350206" elapsed="0.000514"/>
</kw>
<kw name="Should Match Regexp" owner="BuiltIn">
<arg>${json_data['results'][0]['dob']['date']}</arg>
<arg>\\d{4}-\\d{2}-\\d{2}T\\d{2}:\\d{2}:\\d{2}\\.\\d{3}Z</arg>
<doc>Fails if ``string`` does not match ``pattern`` as a regular expression.</doc>
<status status="PASS" start="2024-04-13T23:13:49.350918" elapsed="0.000503"/>
</kw>
<kw name="Should Match Regexp" owner="BuiltIn">
<arg>${json_data['results'][0]['registered']['date']}</arg>
<arg>\\d{4}-\\d{2}-\\d{2}T\\d{2}:\\d{2}:\\d{2}\\.\\d{3}Z</arg>
<doc>Fails if ``string`` does not match ``pattern`` as a regular expression.</doc>
<status status="PASS" start="2024-04-13T23:13:49.351623" elapsed="0.000377"/>
</kw>
<kw name="Should Match Regexp" owner="BuiltIn">
<arg>${json_data['results'][0]['picture']['large']}</arg>
<arg>^https?://.*\.(?:png|jpe?g|gif|bmp)$</arg>
<doc>Fails if ``string`` does not match ``pattern`` as a regular expression.</doc>
<status status="PASS" start="2024-04-13T23:13:49.352188" elapsed="0.000452"/>
</kw>
<kw name="Should Match Regexp" owner="BuiltIn">
<arg>${json_data['results'][0]['picture']['medium']}</arg>
<arg>^https?://.*\.(?:png|jpe?g|gif|bmp)$</arg>
<doc>Fails if ``string`` does not match ``pattern`` as a regular expression.</doc>
<status status="PASS" start="2024-04-13T23:13:49.352827" elapsed="0.000352"/>
</kw>
<kw name="Should Match Regexp" owner="BuiltIn">
<arg>${json_data['results'][0]['picture']['thumbnail']}</arg>
<arg>^https?://.*\.(?:png|jpe?g|gif|bmp)$</arg>
<doc>Fails if ``string`` does not match ``pattern`` as a regular expression.</doc>
<status status="PASS" start="2024-04-13T23:13:49.353365" elapsed="0.000355"/>
</kw>
<kw name="Log" owner="BuiltIn">
<msg time="2024-04-13T23:13:49.354216" level="INFO">{'large': 'https://randomuser.me/api/portraits/men/51.jpg', 'medium': 'https://randomuser.me/api/portraits/med/men/51.jpg', 'thumbnail': 'https://randomuser.me/api/portraits/thumb/men/51.jpg'}</msg>
<arg>${json_data['results'][0]['picture']}</arg>
<doc>Logs the given message with the given level.</doc>
<status status="PASS" start="2024-04-13T23:13:49.353897" elapsed="0.000360"/>
</kw>
<status status="PASS" start="2024-04-13T23:13:49.261778" elapsed="0.092730"/>
</kw>
<kw name="Teste de Tipos de Dados - Postcode" owner="random-user-service">
<kw name="GET On Session" owner="RequestsLibrary">
<msg time="2024-04-13T23:13:49.439566" level="INFO">GET Request : url=https://randomuser.me/api 
 path_url=/api 
 headers={'User-Agent': 'python-requests/2.31.0', 'Accept-Encoding': 'gzip, deflate', 'Accept': '*/*', 'Connection': 'keep-alive'} 
 body=None 
 </msg>
<msg time="2024-04-13T23:13:49.439648" level="INFO">GET Response : url=https://randomuser.me/api 
 status=200, reason=OK 
 headers={'Date': 'Sat, 13 Apr 2024 23:13:49 GMT', 'Content-Type': 'application/json; charset=utf-8', 'Transfer-Encoding': 'chunked', 'Connection': 'keep-alive', 'X-Powered-By': 'Express', 'Access-Control-Allow-Origin': '*', 'Cache-Control': 'no-cache', 'ETag': 'W/"493-B5Tdo9WnTM0VEPlnk81to+fcN9E"', 'Vary': 'Accept-Encoding', 'Content-Encoding': 'gzip', 'CF-Cache-Status': 'DYNAMIC', 'Report-To': '{"endpoints":[{"url":"https:\\/\\/a.nel.cloudflare.com\\/report\\/v4?s=Jopw4GNmTbwYBruJoIuJuNWjl3mk5ACVhwPoC4L0igt%2Fh%2B1FNRDO85P3ah%2BTdoiGZPnd6Yu0g6NUZeQl0ZuBG3%2FgrQEqcuIwyVjBVdoOUiSU2loHbPoNFFjVOLat61U%2F"}],"group":"cf-nel","max_age":604800}', 'NEL': '{"success_fraction":0,"report_to":"cf-nel","max_age":604800}', 'Server': 'cloudflare', 'CF-RAY': '873f261b7d632c38-ORD', 'alt-svc': 'h3=":443"; ma=86400'} 
 body={"results":[{"gender":"male","name":{"title":"Mr","first":"Lakshit","last":"Mendonsa"},"location":{"street":{"number":8628,"name":"Shanmugham Rd"},"city":"Agra","state":"Chhattisgarh","country":"India","postcode":17425,"coordinates":{"latitude":"9.3505","longitude":"-87.8607"},"timezone":{"offset":"+8:00","description":"Beijing, Perth, Singapore, Hong Kong"}},"email":"lakshit.mendonsa@example.com","login":{"uuid":"98ddd031-7c84-4ff2-b8c1-2b4e8f2d3958","username":"smallbutterfly224","password":"kittys","salt":"CUHp79iR","md5":"3a2ac9ef65096e61f2624a824f84d881","sha1":"9c00c23c1e3feb864bff5d48c438286e6427ab3d","sha256":"d63a384b0c6242528ca0a3cb356d3c4b5a4c61fcff3fb549457f3c8e70023df3"},"dob":{"date":"1984-05-08T01:11:46.587Z","age":39},"registered":{"date":"2007-12-06T08:32:18.616Z","age":16},"phone":"8918263514","cell":"8795315088","id":{"name":"UIDAI","value":"687450797051"},"picture":{"large":"https://randomuser.me/api/portraits/men/91.jpg","medium":"https://randomuser.me/api/portraits/med/men/91.jpg","thumbnail":"https://randomuser.me/api/portraits/thumb/men/91.jpg"},"nat":"IN"}],"info":{"seed":"04b2e01e436c51ae","results":1,"page":1,"version":"1.4"}} 
 </msg>
<msg time="2024-04-13T23:13:49.439737" level="INFO">/opt/hostedtoolcache/Python/3.12.2/x64/lib/python3.12/site-packages/urllib3/connectionpool.py:1103: InsecureRequestWarning: Unverified HTTPS request is being made to host 'randomuser.me'. Adding certificate verification is strongly advised. See: https://urllib3.readthedocs.io/en/latest/advanced-usage.html#tls-warnings
  warnings.warn(</msg>
<msg time="2024-04-13T23:13:49.439857" level="INFO">${response} = &lt;Response [200]&gt;</msg>
<var>${response}</var>
<arg>consultarAPI</arg>
<arg>/api</arg>
<doc>Sends a GET request on a previously created HTTP Session.</doc>
<status status="PASS" start="2024-04-13T23:13:49.354957" elapsed="0.084954"/>
</kw>
<kw name="Set Variable" owner="BuiltIn">
<msg time="2024-04-13T23:13:49.441009" level="INFO">${json_data} = {'results': [{'gender': 'male', 'name': {'title': 'Mr', 'first': 'Lakshit', 'last': 'Mendonsa'}, 'location': {'street': {'number': 8628, 'name': 'Shanmugham Rd'}, 'city': 'Agra', 'state': 'Chhattisgar...</msg>
<var>${json_data}</var>
<arg>${response.json()}</arg>
<doc>Returns the given values which can then be assigned to a variables.</doc>
<status status="PASS" start="2024-04-13T23:13:49.440427" elapsed="0.000611"/>
</kw>
<kw name="Log" owner="BuiltIn">
<msg time="2024-04-13T23:13:49.441495" level="INFO">{'results': [{'gender': 'male', 'name': {'title': 'Mr', 'first': 'Lakshit', 'last': 'Mendonsa'}, 'location': {'street': {'number': 8628, 'name': 'Shanmugham Rd'}, 'city': 'Agra', 'state': 'Chhattisgarh', 'country': 'India', 'postcode': 17425, 'coordinates': {'latitude': '9.3505', 'longitude': '-87.8607'}, 'timezone': {'offset': '+8:00', 'description': 'Beijing, Perth, Singapore, Hong Kong'}}, 'email': 'lakshit.mendonsa@example.com', 'login': {'uuid': '98ddd031-7c84-4ff2-b8c1-2b4e8f2d3958', 'username': 'smallbutterfly224', 'password': 'kittys', 'salt': 'CUHp79iR', 'md5': '3a2ac9ef65096e61f2624a824f84d881', 'sha1': '9c00c23c1e3feb864bff5d48c438286e6427ab3d', 'sha256': 'd63a384b0c6242528ca0a3cb356d3c4b5a4c61fcff3fb549457f3c8e70023df3'}, 'dob': {'date': '1984-05-08T01:11:46.587Z', 'age': 39}, 'registered': {'date': '2007-12-06T08:32:18.616Z', 'age': 16}, 'phone': '8918263514', 'cell': '8795315088', 'id': {'name': 'UIDAI', 'value': '687450797051'}, 'picture': {'large': 'https://randomuser.me/api/portraits/men/91.jpg', 'medium': 'https://randomuser.me/api/portraits/med/men/91.jpg', 'thumbnail': 'https://randomuser.me/api/portraits/thumb/men/91.jpg'}, 'nat': 'IN'}], 'info': {'seed': '04b2e01e436c51ae', 'results': 1, 'page': 1, 'version': '1.4'}}</msg>
<arg>${json_data}</arg>
<doc>Logs the given message with the given level.</doc>
<status status="PASS" start="2024-04-13T23:13:49.441343" elapsed="0.000229"/>
</kw>
<kw name="Should Be Equal As Numbers" owner="BuiltIn">
<arg>${json_data['results'][0]['location']['postcode']}</arg>
<arg>${json_data['results'][0]['location']['postcode']}</arg>
<doc>Fails if objects are unequal after converting them to real numbers.</doc>
<status status="PASS" start="2024-04-13T23:13:49.441870" elapsed="0.000612"/>
</kw>
<kw name="Log" owner="BuiltIn">
<msg time="2024-04-13T23:13:49.443003" level="INFO">17425</msg>
<arg>${json_data['results'][0]['location']['postcode']}</arg>
<doc>Logs the given message with the given level.</doc>
<status status="PASS" start="2024-04-13T23:13:49.442671" elapsed="0.000373"/>
</kw>
<status status="PASS" start="2024-04-13T23:13:49.354727" elapsed="0.088576"/>
</kw>
<doc>Testa se os tipos de dados na resposta da API estão corretos.</doc>
<tag>testeTiposDados</tag>
<status status="PASS" start="2024-04-13T23:13:49.261340" elapsed="0.182165"/>
</test>
<test id="s1-s1-t5" name="Validar conteudo" line="35">
<kw name="Teste de Tipos de Conteudo" owner="random-user-service">
<kw name="GET On Session" owner="RequestsLibrary">
<msg time="2024-04-13T23:13:49.544065" level="INFO">GET Request : url=https://randomuser.me/api 
 path_url=/api 
 headers={'User-Agent': 'python-requests/2.31.0', 'Accept-Encoding': 'gzip, deflate', 'Accept': '*/*', 'Connection': 'keep-alive'} 
 body=None 
 </msg>
<msg time="2024-04-13T23:13:49.544141" level="INFO">GET Response : url=https://randomuser.me/api 
 status=200, reason=OK 
 headers={'Date': 'Sat, 13 Apr 2024 23:13:49 GMT', 'Content-Type': 'application/json; charset=utf-8', 'Transfer-Encoding': 'chunked', 'Connection': 'keep-alive', 'X-Powered-By': 'Express', 'Access-Control-Allow-Origin': '*', 'Cache-Control': 'no-cache', 'ETag': 'W/"46d-7UrU1TmgeDk9rBB6nxWqPCBR5mw"', 'Vary': 'Accept-Encoding', 'Content-Encoding': 'gzip', 'CF-Cache-Status': 'DYNAMIC', 'Report-To': '{"endpoints":[{"url":"https:\\/\\/a.nel.cloudflare.com\\/report\\/v4?s=eR7fuThSOBxyBSocm59nCS94gIqKyECjnSD2ar0tDvHj83pHlSJqm7Pk6jgCGkvsLgulCdd6CTPgG%2BfBPAo6eA5zVYxSFuACBZdej0yf1uIW0MBO1dUckkWDoWH3yjjl"}],"group":"cf-nel","max_age":604800}', 'NEL': '{"success_fraction":0,"report_to":"cf-nel","max_age":604800}', 'Server': 'cloudflare', 'CF-RAY': '873f261c0de22c38-ORD', 'alt-svc': 'h3=":443"; ma=86400'} 
 body={"results":[{"gender":"male","name":{"title":"Mr","first":"Dharmesh","last":"Singh"},"location":{"street":{"number":31,"name":"Pali Hill"},"city":"Loni","state":"Goa","country":"India","postcode":18685,"coordinates":{"latitude":"10.0113","longitude":"-45.0929"},"timezone":{"offset":"+6:00","description":"Almaty, Dhaka, Colombo"}},"email":"dharmesh.singh@example.com","login":{"uuid":"5ec0a841-5a31-4d55-b671-d3ed52463774","username":"lazycat886","password":"hattrick","salt":"wOog2wv7","md5":"9409030ea5c47dff36e2a3ec84a4c664","sha1":"b7a219b09c9f4503a55b4d0ac3c1df6240ae7371","sha256":"4702e7e95a8ab465a7cf894e67ee3497530a24407fdbec669969ba62c435f3a6"},"dob":{"date":"1958-03-03T03:18:11.312Z","age":66},"registered":{"date":"2021-01-18T05:24:56.271Z","age":3},"phone":"7133144230","cell":"8122751221","id":{"name":"UIDAI","value":"694898747014"},"picture":{"large":"https://randomuser.me/api/portraits/men/84.jpg","medium":"https://randomuser.me/api/portraits/med/men/84.jpg","thumbnail":"https://randomuser.me/api/portraits/thumb/men/84.jpg"},"nat":"IN"}],"info":{"seed":"1c505f459ad33437","results":1,"page":1,"version":"1.4"}} 
 </msg>
<msg time="2024-04-13T23:13:49.544211" level="INFO">/opt/hostedtoolcache/Python/3.12.2/x64/lib/python3.12/site-packages/urllib3/connectionpool.py:1103: InsecureRequestWarning: Unverified HTTPS request is being made to host 'randomuser.me'. Adding certificate verification is strongly advised. See: https://urllib3.readthedocs.io/en/latest/advanced-usage.html#tls-warnings
  warnings.warn(</msg>
<msg time="2024-04-13T23:13:49.544308" level="INFO">${response} = &lt;Response [200]&gt;</msg>
<var>${response}</var>
<arg>consultarAPI</arg>
<arg>/api</arg>
<doc>Sends a GET request on a previously created HTTP Session.</doc>
<status status="PASS" start="2024-04-13T23:13:49.446052" elapsed="0.098288"/>
</kw>
<kw name="Set Variable" owner="BuiltIn">
<msg time="2024-04-13T23:13:49.545168" level="INFO">${json_data} = {'results': [{'gender': 'male', 'name': {'title': 'Mr', 'first': 'Dharmesh', 'last': 'Singh'}, 'location': {'street': {'number': 31, 'name': 'Pali Hill'}, 'city': 'Loni', 'state': 'Goa', 'country': 'I...</msg>
<var>${json_data}</var>
<arg>${response.json()}</arg>
<doc>Returns the given values which can then be assigned to a variables.</doc>
<status status="PASS" start="2024-04-13T23:13:49.544718" elapsed="0.000478"/>
</kw>
<kw name="Set Variable" owner="BuiltIn">
<msg time="2024-04-13T23:13:49.545878" level="INFO">${name_title} = Mr</msg>
<var>${name_title}</var>
<arg>${json_data["results"][0]["name"]["title"]}</arg>
<doc>Returns the given values which can then be assigned to a variables.</doc>
<status status="PASS" start="2024-04-13T23:13:49.545503" elapsed="0.000401"/>
</kw>
<kw name="Create List" owner="BuiltIn">
<msg time="2024-04-13T23:13:49.546352" level="INFO">${allowed_titles} = ['Mr', 'Ms', 'Miss', 'Mrs', 'Madame', 'Monsieur']</msg>
<var>${allowed_titles}</var>
<arg>Mr</arg>
<arg>Ms</arg>
<arg>Miss</arg>
<arg>Mrs</arg>
<arg>Madame</arg>
<arg>Monsieur</arg>
<doc>Returns a list containing given items.</doc>
<status status="PASS" start="2024-04-13T23:13:49.546203" elapsed="0.000173"/>
</kw>
<kw name="List Should Contain Value" owner="Collections">
<msg time="2024-04-13T23:13:49.546848" level="INFO">False</msg>
<arg>${allowed_titles}</arg>
<arg>${name_title}</arg>
<doc>Fails if the ``value`` is not found from ``list``.</doc>
<status status="PASS" start="2024-04-13T23:13:49.546674" elapsed="0.000212"/>
</kw>
<kw name="Set Variable" owner="BuiltIn">
<msg time="2024-04-13T23:13:49.547601" level="INFO">${name_country} = IN</msg>
<var>${name_country}</var>
<arg>${json_data["results"][0]["nat"]}</arg>
<doc>Returns the given values which can then be assigned to a variables.</doc>
<status status="PASS" start="2024-04-13T23:13:49.547175" elapsed="0.000451"/>
</kw>
<kw name="Create List" owner="BuiltIn">
<msg time="2024-04-13T23:13:49.548531" level="INFO">${list_country} = ['AD', 'AE', 'AF', 'AG', 'AI', 'AL', 'AM', 'AO', 'AQ', 'AR', 'AS', 'AT', 'AU', 'AW', 'AX', 'AZ', 'BA', 'BB', 'BD', 'BE', 'BF', 'BG', 'BH', 'BI', 'BJ', 'BL', 'BM', 'BN', 'BO', 'BQ', 'BR', 'BS', 'BT', '...</msg>
<var>${list_country}</var>
<arg>AD</arg>
<arg>AE</arg>
<arg>AF</arg>
<arg>AG</arg>
<arg>AI</arg>
<arg>AL</arg>
<arg>AM</arg>
<arg>AO</arg>
<arg>AQ</arg>
<arg>AR</arg>
<arg>AS</arg>
<arg>AT</arg>
<arg>AU</arg>
<arg>AW</arg>
<arg>AX</arg>
<arg>AZ</arg>
<arg>BA</arg>
<arg>BB</arg>
<arg>BD</arg>
<arg>BE</arg>
<arg>BF</arg>
<arg>BG</arg>
<arg>BH</arg>
<arg>BI</arg>
<arg>BJ</arg>
<arg>BL</arg>
<arg>BM</arg>
<arg>BN</arg>
<arg>BO</arg>
<arg>BQ</arg>
<arg>BR</arg>
<arg>BS</arg>
<arg>BT</arg>
<arg>BV</arg>
<arg>BW</arg>
<arg>BY</arg>
<arg>BZ</arg>
<arg>CA</arg>
<arg>CC</arg>
<arg>CD</arg>
<arg>CF</arg>
<arg>CG</arg>
<arg>CH</arg>
<arg>CI</arg>
<arg>CK</arg>
<arg>CL</arg>
<arg>CM</arg>
<arg>CN</arg>
<arg>CO</arg>
<arg>CR</arg>
<arg>CU</arg>
<arg>CV</arg>
<arg>CW</arg>
<arg>CX</arg>
<arg>CY</arg>
<arg>CZ</arg>
<arg>DE</arg>
<arg>DJ</arg>
<arg>DK</arg>
<arg>DM</arg>
<arg>DO</arg>
<arg>DZ</arg>
<arg>EC</arg>
<arg>EE</arg>
<arg>EG</arg>
<arg>EH</arg>
<arg>ER</arg>
<arg>ES</arg>
<arg>ET</arg>
<arg>FI</arg>
<arg>FJ</arg>
<arg>FK</arg>
<arg>FM</arg>
<arg>FO</arg>
<arg>FR</arg>
<arg>GA</arg>
<arg>GB</arg>
<arg>GD</arg>
<arg>GE</arg>
<arg>GF</arg>
<arg>GG</arg>
<arg>GH</arg>
<arg>GI</arg>
<arg>GL</arg>
<arg>GM</arg>
<arg>GN</arg>
<arg>GP</arg>
<arg>GQ</arg>
<arg>GR</arg>
<arg>GS</arg>
<arg>GT</arg>
<arg>GU</arg>
<arg>GW</arg>
<arg>GY</arg>
<arg>HK</arg>
<arg>HM</arg>
<arg>HN</arg>
<arg>HR</arg>
<arg>HT</arg>
<arg>HU</arg>
<arg>ID</arg>
<arg>IE</arg>
<arg>IL</arg>
<arg>IM</arg>
<arg>IN</arg>
<arg>IO</arg>
<arg>IQ</arg>
<arg>IR</arg>
<arg>IS</arg>
<arg>IT</arg>
<arg>JE</arg>
<arg>JM</arg>
<arg>JO</arg>
<arg>JP</arg>
<arg>KE</arg>
<arg>KG</arg>
<arg>KH</arg>
<arg>KI</arg>
<arg>KM</arg>
<arg>KN</arg>
<arg>KP</arg>
<arg>KR</arg>
<arg>KW</arg>
<arg>KY</arg>
<arg>KZ</arg>
<arg>LA</arg>
<arg>LB</arg>
<arg>LC</arg>
<arg>LI</arg>
<arg>LK</arg>
<arg>LR</arg>
<arg>LS</arg>
<arg>LT</arg>
<arg>LU</arg>
<arg>LV</arg>
<arg>LY</arg>
<arg>MA</arg>
<arg>MC</arg>
<arg>MD</arg>
<arg>ME</arg>
<arg>MF</arg>
<arg>MG</arg>
<arg>MH</arg>
<arg>MK</arg>
<arg>ML</arg>
<arg>MM</arg>
<arg>MN</arg>
<arg>MO</arg>
<arg>MP</arg>
<arg>MQ</arg>
<arg>MR</arg>
<arg>MS</arg>
<arg>MT</arg>
<arg>MU</arg>
<arg>MV</arg>
<arg>MW</arg>
<arg>MX</arg>
<arg>MY</arg>
<arg>MZ</arg>
<arg>NA</arg>
<arg>NC</arg>
<arg>NE</arg>
<arg>NF</arg>
<arg>NG</arg>
<arg>NI</arg>
<arg>NL</arg>
<arg>NO</arg>
<arg>NP</arg>
<arg>NR</arg>
<arg>NU</arg>
<arg>NZ</arg>
<arg>OM</arg>
<arg>PA</arg>
<arg>PE</arg>
<arg>PF</arg>
<arg>PG</arg>
<arg>PH</arg>
<arg>PK</arg>
<arg>PL</arg>
<arg>PM</arg>
<arg>PN</arg>
<arg>PR</arg>
<arg>PS</arg>
<arg>PT</arg>
<arg>PW</arg>
<arg>PY</arg>
<arg>QA</arg>
<arg>RE</arg>
<arg>RO</arg>
<arg>RS</arg>
<arg>RU</arg>
<arg>RW</arg>
<arg>SA</arg>
<arg>SB</arg>
<arg>SC</arg>
<arg>SD</arg>
<arg>SE</arg>
<arg>SG</arg>
<arg>SH</arg>
<arg>SI</arg>
<arg>SJ</arg>
<arg>SK</arg>
<arg>SL</arg>
<arg>SM</arg>
<arg>SN</arg>
<arg>SO</arg>
<arg>SR</arg>
<arg>SS</arg>
<arg>ST</arg>
<arg>SV</arg>
<arg>SX</arg>
<arg>SY</arg>
<arg>SZ</arg>
<arg>TC</arg>
<arg>TD</arg>
<arg>TF</arg>
<arg>TG</arg>
<arg>TH</arg>
<arg>TJ</arg>
<arg>TK</arg>
<arg>TL</arg>
<arg>TM</arg>
<arg>TN</arg>
<arg>TO</arg>
<arg>TR</arg>
<arg>TT</arg>
<arg>TV</arg>
<arg>TW</arg>
<arg>TZ</arg>
<arg>UA</arg>
<arg>UG</arg>
<arg>UM</arg>
<arg>US</arg>
<arg>UY</arg>
<arg>UZ</arg>
<arg>VA</arg>
<arg>VC</arg>
<arg>VE</arg>
<arg>VG</arg>
<arg>VI</arg>
<arg>VN</arg>
<arg>VU</arg>
<arg>WF</arg>
<arg>WS</arg>
<arg>XK</arg>
<arg>YE</arg>
<arg>YT</arg>
<arg>ZA</arg>
<arg>ZM</arg>
<arg>ZW</arg>
<doc>Returns a list containing given items.</doc>
<status status="PASS" start="2024-04-13T23:13:49.547931" elapsed="0.000626"/>
</kw>
<kw name="List Should Contain Value" owner="Collections">
<msg time="2024-04-13T23:13:49.549544" level="INFO">False</msg>
<arg>${list_country}</arg>
<arg>${name_country}</arg>
<doc>Fails if the ``value`` is not found from ``list``.</doc>
<status status="PASS" start="2024-04-13T23:13:49.549336" elapsed="0.000246"/>
</kw>
<kw name="Run Keyword If" owner="BuiltIn">
<kw name="Should Be True" owner="BuiltIn">
<arg>${True}</arg>
<doc>Fails if the given condition is not true.</doc>
<status status="PASS" start="2024-04-13T23:13:49.550754" elapsed="0.000147"/>
</kw>
<arg>${json_data["results"][0]["location"]["coordinates"]["latitude"]} &gt;= -90 and ${json_data["results"][0]["location"]["coordinates"]["latitude"]} &lt;= 90</arg>
<arg>Should Be True</arg>
<arg>${True}</arg>
<doc>Runs the given keyword with the given arguments, if ``condition`` is true.</doc>
<status status="PASS" start="2024-04-13T23:13:49.549899" elapsed="0.001138"/>
</kw>
<kw name="Run Keyword If" owner="BuiltIn">
<kw name="Should Be True" owner="BuiltIn">
<arg>${True}</arg>
<doc>Fails if the given condition is not true.</doc>
<status status="PASS" start="2024-04-13T23:13:49.551956" elapsed="0.000138"/>
</kw>
<arg>${json_data["results"][0]["location"]["coordinates"]["longitude"]} &gt;= -180 and ${json_data["results"][0]["location"]["coordinates"]["longitude"]} &lt;= 180</arg>
<arg>Should Be True</arg>
<arg>${True}</arg>
<doc>Runs the given keyword with the given arguments, if ``condition`` is true.</doc>
<status status="PASS" start="2024-04-13T23:13:49.551223" elapsed="0.000994"/>
</kw>
<status status="PASS" start="2024-04-13T23:13:49.445760" elapsed="0.106584"/>
</kw>
<doc>Testa o conteúdo específico dos campos retornados pela API.</doc>
<tag>testeConteudo</tag>
<status status="PASS" start="2024-04-13T23:13:49.445204" elapsed="0.107284"/>
</test>
<status status="PASS" start="2024-04-13T23:13:48.577253" elapsed="0.977150"/>
</suite>
<status status="PASS" start="2024-04-13T23:13:48.563751" elapsed="0.995959"/>
</suite>
<statistics>
<total>
<stat pass="5" fail="0" skip="0">All Tests</stat>
</total>
<tag>
<stat pass="1" fail="0" skip="0">testeConteudo</stat>
<stat pass="1" fail="0" skip="0">testeEstruturaResposta</stat>
<stat pass="1" fail="0" skip="0">testeRequisicaoBasica</stat>
<stat pass="1" fail="0" skip="0">testeTiposDados</stat>
</tag>
<suite>
<stat pass="5" fail="0" skip="0" id="s1" name="Tests">Tests</stat>
<stat pass="5" fail="0" skip="0" id="s1-s1" name="Random-User-Test">Tests.Random-User-Test</stat>
</suite>
</statistics>
<errors>
</errors>
</robot>
