<?xml version="1.0" encoding="UTF-8"?>
<robot generator="Robot 7.0.1 (Python 3.12.4 on linux)" generated="2024-06-28T14:13:51.468956" rpa="false" schemaversion="5">
<suite id="s1" name="Tests" source="/home/runner/work/ApiRandomUser/ApiRandomUser/RamdonUser/tests">
<suite id="s1-s1" name="Random-User-Test" source="/home/runner/work/ApiRandomUser/ApiRandomUser/RamdonUser/tests/random-user-test.robot">
<test id="s1-s1-t1" name="Conectar" line="13">
<kw name="Conectar API" owner="random-user-service">
<kw name="Create Session" owner="RequestsLibrary">
<msg time="2024-06-28T14:13:51.885506" level="INFO">Creating Session using : alias=consultarAPI, url=https://randomuser.me/, headers={},                     cookies={}, auth=None, timeout=None, proxies=None, verify=False,                     debug=0 </msg>
<arg>consultarAPI</arg>
<arg>${URL}</arg>
<doc>Create Session: create a HTTP session to a server</doc>
<status status="PASS" start="2024-06-28T14:13:51.885296" elapsed="0.000395"/>
</kw>
<status status="PASS" start="2024-06-28T14:13:51.884214" elapsed="0.001842"/>
</kw>
<status status="PASS" start="2024-06-28T14:13:51.883674" elapsed="0.002573"/>
</test>
<test id="s1-s1-t2" name="Validar retorno 200 e JSON Válido" line="16">
<kw name="Teste de Requisicao Basica" owner="random-user-service">
<kw name="GET On Session" owner="RequestsLibrary">
<msg time="2024-06-28T14:13:52.141077" level="INFO">GET Request : url=https://randomuser.me/api 
 path_url=/api 
 headers={'User-Agent': 'python-requests/2.32.3', 'Accept-Encoding': 'gzip, deflate', 'Accept': '*/*', 'Connection': 'keep-alive'} 
 body=None 
 </msg>
<msg time="2024-06-28T14:13:52.141241" level="INFO">GET Response : url=https://randomuser.me/api 
 status=200, reason=OK 
 headers={'Date': 'Fri, 28 Jun 2024 14:13:52 GMT', 'Content-Type': 'application/json; charset=utf-8', 'Transfer-Encoding': 'chunked', 'Connection': 'keep-alive', 'X-Powered-By': 'Express', 'Access-Control-Allow-Origin': '*', 'Cache-Control': 'no-cache', 'ETag': 'W/"498-40qjaABs7b+pnHMC+T1X7f1fRys"', 'Vary': 'Accept-Encoding', 'Content-Encoding': 'gzip', 'CF-Cache-Status': 'DYNAMIC', 'Report-To': '{"endpoints":[{"url":"https:\\/\\/a.nel.cloudflare.com\\/report\\/v4?s=ZXuWGSLO7lNrm1rzGmfL4UftxfR9Q44%2Fy0nBuMDVBzwqdel3xDhuK2oXX5BfrrEEGZsp0kkaOMYSLZfcYXFphZnrmx8GhuTiZlRdIM5WhROgEQ%2B5HF%2Fz%2Bj11FCmbyi3g"}],"group":"cf-nel","max_age":604800}', 'NEL': '{"success_fraction":0,"report_to":"cf-nel","max_age":604800}', 'Server': 'cloudflare', 'CF-RAY': '89ae47a83fba2076-IAD', 'alt-svc': 'h3=":443"; ma=86400'} 
 body={"results":[{"gender":"female","name":{"title":"Ms","first":"Suzana","last":"Mandić"},"location":{"street":{"number":7828,"name":"Sretena Stojanovića"},"city":"Rekovac","state":"Pirot","country":"Serbia","postcode":36494,"coordinates":{"latitude":"56.9858","longitude":"85.5679"},"timezone":{"offset":"+9:00","description":"Tokyo, Seoul, Osaka, Sapporo, Yakutsk"}},"email":"suzana.mandic@example.com","login":{"uuid":"d6eeccb8-4290-4e72-a6a5-e721b04fd1fa","username":"goldentiger543","password":"orlando","salt":"lJb3Ckzy","md5":"c8969181abc0fc498f40345678789436","sha1":"5f8528b085cedbeea6f57fa568762449e1de3046","sha256":"d31bae104d227384a322b202191754df39439a07c436d22e2294bd9dffe8c2cf"},"dob":{"date":"1953-07-17T15:13:06.329Z","age":70},"registered":{"date":"2003-12-14T12:52:07.118Z","age":20},"phone":"012-9819-679","cell":"068-9402-556","id":{"name":"SID","value":"638208560"},"picture":{"large":"https://randomuser.me/api/portraits/women/68.jpg","medium":"https://randomuser.me/api/portraits/med/women/68.jpg","thumbnail":"https://randomuser.me/api/portraits/thumb/women/68.jpg"},"nat":"RS"}],"info":{"seed":"66b551c4b6f3e371","results":1,"page":1,"version":"1.4"}} 
 </msg>
<msg time="2024-06-28T14:13:52.141344" level="INFO">/opt/hostedtoolcache/Python/3.12.4/x64/lib/python3.12/site-packages/urllib3/connectionpool.py:1099: InsecureRequestWarning: Unverified HTTPS request is being made to host 'randomuser.me'. Adding certificate verification is strongly advised. See: https://urllib3.readthedocs.io/en/latest/advanced-usage.html#tls-warnings
  warnings.warn(</msg>
<msg time="2024-06-28T14:13:52.141510" level="INFO">${response} = &lt;Response [200]&gt;</msg>
<var>${response}</var>
<arg>consultarAPI</arg>
<arg>/api</arg>
<doc>Sends a GET request on a previously created HTTP Session.</doc>
<status status="PASS" start="2024-06-28T14:13:51.888895" elapsed="0.252660"/>
</kw>
<kw name="Should Be Equal As Numbers" owner="BuiltIn">
<msg time="2024-06-28T14:13:52.142562" level="INFO">Argument types are:
&lt;class 'int'&gt;
&lt;class 'str'&gt;</msg>
<arg>${response.status_code}</arg>
<arg>200</arg>
<doc>Fails if objects are unequal after converting them to real numbers.</doc>
<status status="PASS" start="2024-06-28T14:13:52.142116" elapsed="0.000519"/>
</kw>
<kw name="Log" owner="BuiltIn">
<msg time="2024-06-28T14:13:52.143312" level="INFO">200</msg>
<arg>${response.status_code}</arg>
<doc>Logs the given message with the given level.</doc>
<status status="PASS" start="2024-06-28T14:13:52.142954" elapsed="0.000400"/>
</kw>
<kw name="Set Variable" owner="BuiltIn">
<msg time="2024-06-28T14:13:52.144109" level="INFO">${json_data} = {'results': [{'gender': 'female', 'name': {'title': 'Ms', 'first': 'Suzana', 'last': 'Mandić'}, 'location': {'street': {'number': 7828, 'name': 'Sretena Stojanovića'}, 'city': 'Rekovac', 'state': 'Pir...</msg>
<var>${json_data}</var>
<arg>${response.json()}</arg>
<doc>Returns the given values which can then be assigned to a variables.</doc>
<status status="PASS" start="2024-06-28T14:13:52.143659" elapsed="0.000480"/>
</kw>
<kw name="Dictionary Should Contain Key" owner="Collections">
<arg>${json_data}</arg>
<arg>results</arg>
<doc>Fails if ``key`` is not found from ``dictionary``.</doc>
<status status="PASS" start="2024-06-28T14:13:52.144437" elapsed="0.000165"/>
</kw>
<status status="PASS" start="2024-06-28T14:13:51.888615" elapsed="0.256178"/>
</kw>
<doc>Testa se a API responde corretamente e retorna um objeto JSON válido.</doc>
<tag>testeRequisicaoBasica</tag>
<status status="PASS" start="2024-06-28T14:13:51.888110" elapsed="0.256880"/>
</test>
<test id="s1-s1-t3" name="Validar estrutura de resposta" line="22">
<kw name="Teste de Estrutura de Resposta" owner="random-user-service">
<kw name="GET On Session" owner="RequestsLibrary">
<msg time="2024-06-28T14:13:52.188129" level="INFO">GET Request : url=https://randomuser.me/api 
 path_url=/api 
 headers={'User-Agent': 'python-requests/2.32.3', 'Accept-Encoding': 'gzip, deflate', 'Accept': '*/*', 'Connection': 'keep-alive'} 
 body=None 
 </msg>
<msg time="2024-06-28T14:13:52.188208" level="INFO">GET Response : url=https://randomuser.me/api 
 status=200, reason=OK 
 headers={'Date': 'Fri, 28 Jun 2024 14:13:52 GMT', 'Content-Type': 'application/json; charset=utf-8', 'Transfer-Encoding': 'chunked', 'Connection': 'keep-alive', 'X-Powered-By': 'Express', 'Access-Control-Allow-Origin': '*', 'Cache-Control': 'no-cache', 'ETag': 'W/"48d-rGc+t5ZrFKMjs0GRUmXrSAmDvhA"', 'Vary': 'Accept-Encoding', 'Content-Encoding': 'gzip', 'CF-Cache-Status': 'DYNAMIC', 'Report-To': '{"endpoints":[{"url":"https:\\/\\/a.nel.cloudflare.com\\/report\\/v4?s=8%2FPJIixLyaLxbMrS2bSxtmIq9evj6Gbfw4%2FUsLeqtDaUpiNZpiylICDw7u7MvOzmMMfK5%2FIq1dZ0uGP8Am3TmR%2F9ocvpRTyb2PJExharyaHfJArZiwXlvTh2ek%2FaEzeM"}],"group":"cf-nel","max_age":604800}', 'NEL': '{"success_fraction":0,"report_to":"cf-nel","max_age":604800}', 'Server': 'cloudflare', 'CF-RAY': '89ae47a8f8a92076-IAD', 'alt-svc': 'h3=":443"; ma=86400'} 
 body={"results":[{"gender":"male","name":{"title":"Mr","first":"Bob","last":"Mckinney"},"location":{"street":{"number":4454,"name":"E Sandy Lake Rd"},"city":"Las Cruces","state":"Connecticut","country":"United States","postcode":41223,"coordinates":{"latitude":"81.8040","longitude":"-118.7659"},"timezone":{"offset":"+9:30","description":"Adelaide, Darwin"}},"email":"bob.mckinney@example.com","login":{"uuid":"19e73725-c9f9-478e-96e9-b55c51397d9a","username":"whitemeercat772","password":"hercules","salt":"XJ0MBG5e","md5":"80477b32380dc2d49b55c239fb3f9db4","sha1":"856115a7ae9bcb8e5930c42423651e2d90706c95","sha256":"fbdc2c2ccb1a9d303e7688c990696ee27d2932d1ac3e61203adb5ef801d138d3"},"dob":{"date":"1964-05-17T17:49:27.956Z","age":60},"registered":{"date":"2008-11-25T15:40:14.827Z","age":15},"phone":"(402) 648-6648","cell":"(570) 566-7268","id":{"name":"SSN","value":"421-98-8481"},"picture":{"large":"https://randomuser.me/api/portraits/men/77.jpg","medium":"https://randomuser.me/api/portraits/med/men/77.jpg","thumbnail":"https://randomuser.me/api/portraits/thumb/men/77.jpg"},"nat":"US"}],"info":{"seed":"afa830322a7cffc7","results":1,"page":1,"version":"1.4"}} 
 </msg>
<msg time="2024-06-28T14:13:52.188322" level="INFO">/opt/hostedtoolcache/Python/3.12.4/x64/lib/python3.12/site-packages/urllib3/connectionpool.py:1099: InsecureRequestWarning: Unverified HTTPS request is being made to host 'randomuser.me'. Adding certificate verification is strongly advised. See: https://urllib3.readthedocs.io/en/latest/advanced-usage.html#tls-warnings
  warnings.warn(</msg>
<msg time="2024-06-28T14:13:52.188459" level="INFO">${response} = &lt;Response [200]&gt;</msg>
<var>${response}</var>
<arg>consultarAPI</arg>
<arg>/api</arg>
<doc>Sends a GET request on a previously created HTTP Session.</doc>
<status status="PASS" start="2024-06-28T14:13:52.147593" elapsed="0.040910"/>
</kw>
<kw name="Set Variable" owner="BuiltIn">
<msg time="2024-06-28T14:13:52.189347" level="INFO">${json_data} = {'results': [{'gender': 'male', 'name': {'title': 'Mr', 'first': 'Bob', 'last': 'Mckinney'}, 'location': {'street': {'number': 4454, 'name': 'E Sandy Lake Rd'}, 'city': 'Las Cruces', 'state': 'Connect...</msg>
<var>${json_data}</var>
<arg>${response.json()}</arg>
<doc>Returns the given values which can then be assigned to a variables.</doc>
<status status="PASS" start="2024-06-28T14:13:52.188900" elapsed="0.000475"/>
</kw>
<kw name="Log" owner="BuiltIn">
<msg time="2024-06-28T14:13:52.189827" level="INFO">{'results': [{'gender': 'male', 'name': {'title': 'Mr', 'first': 'Bob', 'last': 'Mckinney'}, 'location': {'street': {'number': 4454, 'name': 'E Sandy Lake Rd'}, 'city': 'Las Cruces', 'state': 'Connecticut', 'country': 'United States', 'postcode': 41223, 'coordinates': {'latitude': '81.8040', 'longitude': '-118.7659'}, 'timezone': {'offset': '+9:30', 'description': 'Adelaide, Darwin'}}, 'email': 'bob.mckinney@example.com', 'login': {'uuid': '19e73725-c9f9-478e-96e9-b55c51397d9a', 'username': 'whitemeercat772', 'password': 'hercules', 'salt': 'XJ0MBG5e', 'md5': '80477b32380dc2d49b55c239fb3f9db4', 'sha1': '856115a7ae9bcb8e5930c42423651e2d90706c95', 'sha256': 'fbdc2c2ccb1a9d303e7688c990696ee27d2932d1ac3e61203adb5ef801d138d3'}, 'dob': {'date': '1964-05-17T17:49:27.956Z', 'age': 60}, 'registered': {'date': '2008-11-25T15:40:14.827Z', 'age': 15}, 'phone': '(402) 648-6648', 'cell': '(570) 566-7268', 'id': {'name': 'SSN', 'value': '421-98-8481'}, 'picture': {'large': 'https://randomuser.me/api/portraits/men/77.jpg', 'medium': 'https://randomuser.me/api/portraits/med/men/77.jpg', 'thumbnail': 'https://randomuser.me/api/portraits/thumb/men/77.jpg'}, 'nat': 'US'}], 'info': {'seed': 'afa830322a7cffc7', 'results': 1, 'page': 1, 'version': '1.4'}}</msg>
<arg>${json_data}</arg>
<doc>Logs the given message with the given level.</doc>
<status status="PASS" start="2024-06-28T14:13:52.189674" elapsed="0.000201"/>
</kw>
<kw name="Dictionary Should Contain Key" owner="Collections">
<arg>${json_data}</arg>
<arg>results</arg>
<doc>Fails if ``key`` is not found from ``dictionary``.</doc>
<status status="PASS" start="2024-06-28T14:13:52.190160" elapsed="0.000155"/>
</kw>
<kw name="Should Not Be Empty" owner="BuiltIn">
<msg time="2024-06-28T14:13:52.190623" level="INFO">Length is 2.</msg>
<arg>${json_data}</arg>
<doc>Verifies that the given item is not empty.</doc>
<status status="PASS" start="2024-06-28T14:13:52.190497" elapsed="0.000165"/>
</kw>
<kw name="Create List" owner="BuiltIn">
<msg time="2024-06-28T14:13:52.191104" level="INFO">${expected_keys} = ['gender', 'name', 'location', 'email', 'login']</msg>
<var>${expected_keys}</var>
<arg>gender</arg>
<arg>name</arg>
<arg>location</arg>
<arg>email</arg>
<arg>login</arg>
<doc>Returns a list containing given items.</doc>
<status status="PASS" start="2024-06-28T14:13:52.190954" elapsed="0.000173"/>
</kw>
<for flavor="IN">
<iter>
<kw name="Dictionary Should Contain Key" owner="Collections">
<arg>${json_data['results'][0]}</arg>
<arg>${key}</arg>
<doc>Fails if ``key`` is not found from ``dictionary``.</doc>
<status status="PASS" start="2024-06-28T14:13:52.191819" elapsed="0.000402"/>
</kw>
<kw name="Log" owner="BuiltIn">
<msg time="2024-06-28T14:13:52.192801" level="INFO">{'gender': 'male', 'name': {'title': 'Mr', 'first': 'Bob', 'last': 'Mckinney'}, 'location': {'street': {'number': 4454, 'name': 'E Sandy Lake Rd'}, 'city': 'Las Cruces', 'state': 'Connecticut', 'country': 'United States', 'postcode': 41223, 'coordinates': {'latitude': '81.8040', 'longitude': '-118.7659'}, 'timezone': {'offset': '+9:30', 'description': 'Adelaide, Darwin'}}, 'email': 'bob.mckinney@example.com', 'login': {'uuid': '19e73725-c9f9-478e-96e9-b55c51397d9a', 'username': 'whitemeercat772', 'password': 'hercules', 'salt': 'XJ0MBG5e', 'md5': '80477b32380dc2d49b55c239fb3f9db4', 'sha1': '856115a7ae9bcb8e5930c42423651e2d90706c95', 'sha256': 'fbdc2c2ccb1a9d303e7688c990696ee27d2932d1ac3e61203adb5ef801d138d3'}, 'dob': {'date': '1964-05-17T17:49:27.956Z', 'age': 60}, 'registered': {'date': '2008-11-25T15:40:14.827Z', 'age': 15}, 'phone': '(402) 648-6648', 'cell': '(570) 566-7268', 'id': {'name': 'SSN', 'value': '421-98-8481'}, 'picture': {'large': 'https://randomuser.me/api/portraits/men/77.jpg', 'medium': 'https://randomuser.me/api/portraits/med/men/77.jpg', 'thumbnail': 'https://randomuser.me/api/portraits/thumb/men/77.jpg'}, 'nat': 'US'}</msg>
<arg>${json_data['results'][0]}</arg>
<doc>Logs the given message with the given level.</doc>
<status status="PASS" start="2024-06-28T14:13:52.192411" elapsed="0.000438"/>
</kw>
<kw name="Log" owner="BuiltIn">
<msg time="2024-06-28T14:13:52.193300" level="INFO">gender</msg>
<arg>${key}</arg>
<doc>Logs the given message with the given level.</doc>
<status status="PASS" start="2024-06-28T14:13:52.193164" elapsed="0.000174"/>
</kw>
<var name="${key}">gender</var>
<status status="PASS" start="2024-06-28T14:13:52.191694" elapsed="0.001871"/>
</iter>
<iter>
<kw name="Dictionary Should Contain Key" owner="Collections">
<arg>${json_data['results'][0]}</arg>
<arg>${key}</arg>
<doc>Fails if ``key`` is not found from ``dictionary``.</doc>
<status status="PASS" start="2024-06-28T14:13:52.193857" elapsed="0.000391"/>
</kw>
<kw name="Log" owner="BuiltIn">
<msg time="2024-06-28T14:13:52.194771" level="INFO">{'gender': 'male', 'name': {'title': 'Mr', 'first': 'Bob', 'last': 'Mckinney'}, 'location': {'street': {'number': 4454, 'name': 'E Sandy Lake Rd'}, 'city': 'Las Cruces', 'state': 'Connecticut', 'country': 'United States', 'postcode': 41223, 'coordinates': {'latitude': '81.8040', 'longitude': '-118.7659'}, 'timezone': {'offset': '+9:30', 'description': 'Adelaide, Darwin'}}, 'email': 'bob.mckinney@example.com', 'login': {'uuid': '19e73725-c9f9-478e-96e9-b55c51397d9a', 'username': 'whitemeercat772', 'password': 'hercules', 'salt': 'XJ0MBG5e', 'md5': '80477b32380dc2d49b55c239fb3f9db4', 'sha1': '856115a7ae9bcb8e5930c42423651e2d90706c95', 'sha256': 'fbdc2c2ccb1a9d303e7688c990696ee27d2932d1ac3e61203adb5ef801d138d3'}, 'dob': {'date': '1964-05-17T17:49:27.956Z', 'age': 60}, 'registered': {'date': '2008-11-25T15:40:14.827Z', 'age': 15}, 'phone': '(402) 648-6648', 'cell': '(570) 566-7268', 'id': {'name': 'SSN', 'value': '421-98-8481'}, 'picture': {'large': 'https://randomuser.me/api/portraits/men/77.jpg', 'medium': 'https://randomuser.me/api/portraits/med/men/77.jpg', 'thumbnail': 'https://randomuser.me/api/portraits/thumb/men/77.jpg'}, 'nat': 'US'}</msg>
<arg>${json_data['results'][0]}</arg>
<doc>Logs the given message with the given level.</doc>
<status status="PASS" start="2024-06-28T14:13:52.194427" elapsed="0.000422"/>
</kw>
<kw name="Log" owner="BuiltIn">
<msg time="2024-06-28T14:13:52.195279" level="INFO">name</msg>
<arg>${key}</arg>
<doc>Logs the given message with the given level.</doc>
<status status="PASS" start="2024-06-28T14:13:52.195143" elapsed="0.000174"/>
</kw>
<var name="${key}">name</var>
<status status="PASS" start="2024-06-28T14:13:52.193747" elapsed="0.001795"/>
</iter>
<iter>
<kw name="Dictionary Should Contain Key" owner="Collections">
<arg>${json_data['results'][0]}</arg>
<arg>${key}</arg>
<doc>Fails if ``key`` is not found from ``dictionary``.</doc>
<status status="PASS" start="2024-06-28T14:13:52.195825" elapsed="0.000385"/>
</kw>
<kw name="Log" owner="BuiltIn">
<msg time="2024-06-28T14:13:52.196761" level="INFO">{'gender': 'male', 'name': {'title': 'Mr', 'first': 'Bob', 'last': 'Mckinney'}, 'location': {'street': {'number': 4454, 'name': 'E Sandy Lake Rd'}, 'city': 'Las Cruces', 'state': 'Connecticut', 'country': 'United States', 'postcode': 41223, 'coordinates': {'latitude': '81.8040', 'longitude': '-118.7659'}, 'timezone': {'offset': '+9:30', 'description': 'Adelaide, Darwin'}}, 'email': 'bob.mckinney@example.com', 'login': {'uuid': '19e73725-c9f9-478e-96e9-b55c51397d9a', 'username': 'whitemeercat772', 'password': 'hercules', 'salt': 'XJ0MBG5e', 'md5': '80477b32380dc2d49b55c239fb3f9db4', 'sha1': '856115a7ae9bcb8e5930c42423651e2d90706c95', 'sha256': 'fbdc2c2ccb1a9d303e7688c990696ee27d2932d1ac3e61203adb5ef801d138d3'}, 'dob': {'date': '1964-05-17T17:49:27.956Z', 'age': 60}, 'registered': {'date': '2008-11-25T15:40:14.827Z', 'age': 15}, 'phone': '(402) 648-6648', 'cell': '(570) 566-7268', 'id': {'name': 'SSN', 'value': '421-98-8481'}, 'picture': {'large': 'https://randomuser.me/api/portraits/men/77.jpg', 'medium': 'https://randomuser.me/api/portraits/med/men/77.jpg', 'thumbnail': 'https://randomuser.me/api/portraits/thumb/men/77.jpg'}, 'nat': 'US'}</msg>
<arg>${json_data['results'][0]}</arg>
<doc>Logs the given message with the given level.</doc>
<status status="PASS" start="2024-06-28T14:13:52.196389" elapsed="0.000445"/>
</kw>
<kw name="Log" owner="BuiltIn">
<msg time="2024-06-28T14:13:52.197261" level="INFO">location</msg>
<arg>${key}</arg>
<doc>Logs the given message with the given level.</doc>
<status status="PASS" start="2024-06-28T14:13:52.197134" elapsed="0.000164"/>
</kw>
<var name="${key}">location</var>
<status status="PASS" start="2024-06-28T14:13:52.195719" elapsed="0.001802"/>
</iter>
<iter>
<kw name="Dictionary Should Contain Key" owner="Collections">
<arg>${json_data['results'][0]}</arg>
<arg>${key}</arg>
<doc>Fails if ``key`` is not found from ``dictionary``.</doc>
<status status="PASS" start="2024-06-28T14:13:52.197797" elapsed="0.000396"/>
</kw>
<kw name="Log" owner="BuiltIn">
<msg time="2024-06-28T14:13:52.198722" level="INFO">{'gender': 'male', 'name': {'title': 'Mr', 'first': 'Bob', 'last': 'Mckinney'}, 'location': {'street': {'number': 4454, 'name': 'E Sandy Lake Rd'}, 'city': 'Las Cruces', 'state': 'Connecticut', 'country': 'United States', 'postcode': 41223, 'coordinates': {'latitude': '81.8040', 'longitude': '-118.7659'}, 'timezone': {'offset': '+9:30', 'description': 'Adelaide, Darwin'}}, 'email': 'bob.mckinney@example.com', 'login': {'uuid': '19e73725-c9f9-478e-96e9-b55c51397d9a', 'username': 'whitemeercat772', 'password': 'hercules', 'salt': 'XJ0MBG5e', 'md5': '80477b32380dc2d49b55c239fb3f9db4', 'sha1': '856115a7ae9bcb8e5930c42423651e2d90706c95', 'sha256': 'fbdc2c2ccb1a9d303e7688c990696ee27d2932d1ac3e61203adb5ef801d138d3'}, 'dob': {'date': '1964-05-17T17:49:27.956Z', 'age': 60}, 'registered': {'date': '2008-11-25T15:40:14.827Z', 'age': 15}, 'phone': '(402) 648-6648', 'cell': '(570) 566-7268', 'id': {'name': 'SSN', 'value': '421-98-8481'}, 'picture': {'large': 'https://randomuser.me/api/portraits/men/77.jpg', 'medium': 'https://randomuser.me/api/portraits/med/men/77.jpg', 'thumbnail': 'https://randomuser.me/api/portraits/thumb/men/77.jpg'}, 'nat': 'US'}</msg>
<arg>${json_data['results'][0]}</arg>
<doc>Logs the given message with the given level.</doc>
<status status="PASS" start="2024-06-28T14:13:52.198373" elapsed="0.000396"/>
</kw>
<kw name="Log" owner="BuiltIn">
<msg time="2024-06-28T14:13:52.199217" level="INFO">email</msg>
<arg>${key}</arg>
<doc>Logs the given message with the given level.</doc>
<status status="PASS" start="2024-06-28T14:13:52.199091" elapsed="0.000165"/>
</kw>
<var name="${key}">email</var>
<status status="PASS" start="2024-06-28T14:13:52.197691" elapsed="0.001782"/>
</iter>
<iter>
<kw name="Dictionary Should Contain Key" owner="Collections">
<arg>${json_data['results'][0]}</arg>
<arg>${key}</arg>
<doc>Fails if ``key`` is not found from ``dictionary``.</doc>
<status status="PASS" start="2024-06-28T14:13:52.199758" elapsed="0.000389"/>
</kw>
<kw name="Log" owner="BuiltIn">
<msg time="2024-06-28T14:13:52.200675" level="INFO">{'gender': 'male', 'name': {'title': 'Mr', 'first': 'Bob', 'last': 'Mckinney'}, 'location': {'street': {'number': 4454, 'name': 'E Sandy Lake Rd'}, 'city': 'Las Cruces', 'state': 'Connecticut', 'country': 'United States', 'postcode': 41223, 'coordinates': {'latitude': '81.8040', 'longitude': '-118.7659'}, 'timezone': {'offset': '+9:30', 'description': 'Adelaide, Darwin'}}, 'email': 'bob.mckinney@example.com', 'login': {'uuid': '19e73725-c9f9-478e-96e9-b55c51397d9a', 'username': 'whitemeercat772', 'password': 'hercules', 'salt': 'XJ0MBG5e', 'md5': '80477b32380dc2d49b55c239fb3f9db4', 'sha1': '856115a7ae9bcb8e5930c42423651e2d90706c95', 'sha256': 'fbdc2c2ccb1a9d303e7688c990696ee27d2932d1ac3e61203adb5ef801d138d3'}, 'dob': {'date': '1964-05-17T17:49:27.956Z', 'age': 60}, 'registered': {'date': '2008-11-25T15:40:14.827Z', 'age': 15}, 'phone': '(402) 648-6648', 'cell': '(570) 566-7268', 'id': {'name': 'SSN', 'value': '421-98-8481'}, 'picture': {'large': 'https://randomuser.me/api/portraits/men/77.jpg', 'medium': 'https://randomuser.me/api/portraits/med/men/77.jpg', 'thumbnail': 'https://randomuser.me/api/portraits/thumb/men/77.jpg'}, 'nat': 'US'}</msg>
<arg>${json_data['results'][0]}</arg>
<doc>Logs the given message with the given level.</doc>
<status status="PASS" start="2024-06-28T14:13:52.200326" elapsed="0.000396"/>
</kw>
<kw name="Log" owner="BuiltIn">
<msg time="2024-06-28T14:13:52.201167" level="INFO">login</msg>
<arg>${key}</arg>
<doc>Logs the given message with the given level.</doc>
<status status="PASS" start="2024-06-28T14:13:52.201042" elapsed="0.000162"/>
</kw>
<var name="${key}">login</var>
<status status="PASS" start="2024-06-28T14:13:52.199643" elapsed="0.001777"/>
</iter>
<var>${key}</var>
<value>@{expected_keys}</value>
<status status="PASS" start="2024-06-28T14:13:52.191507" elapsed="0.010033"/>
</for>
<kw name="Create List" owner="BuiltIn">
<msg time="2024-06-28T14:13:52.201861" level="INFO">${expected_keysTwo} = ['username', 'password']</msg>
<var>${expected_keysTwo}</var>
<arg>username</arg>
<arg>password</arg>
<doc>Returns a list containing given items.</doc>
<status status="PASS" start="2024-06-28T14:13:52.201728" elapsed="0.000184"/>
</kw>
<for flavor="IN">
<iter>
<kw name="Dictionary Should Contain Key" owner="Collections">
<arg>${json_data['results'][0]['login']}</arg>
<arg>${keyTwo}</arg>
<doc>Fails if ``key`` is not found from ``dictionary``.</doc>
<status status="PASS" start="2024-06-28T14:13:52.202419" elapsed="0.000382"/>
</kw>
<kw name="Dictionary Should Contain Key" owner="Collections">
<arg>${json_data['results'][0]['login']}</arg>
<arg>${keyTwo}</arg>
<doc>Fails if ``key`` is not found from ``dictionary``.</doc>
<status status="PASS" start="2024-06-28T14:13:52.202979" elapsed="0.000393"/>
</kw>
<kw name="Log" owner="BuiltIn">
<msg time="2024-06-28T14:13:52.203677" level="INFO">username</msg>
<arg>${keyTwo}</arg>
<doc>Logs the given message with the given level.</doc>
<status status="PASS" start="2024-06-28T14:13:52.203554" elapsed="0.000161"/>
</kw>
<var name="${keyTwo}">username</var>
<status status="PASS" start="2024-06-28T14:13:52.202313" elapsed="0.001616"/>
</iter>
<iter>
<kw name="Dictionary Should Contain Key" owner="Collections">
<arg>${json_data['results'][0]['login']}</arg>
<arg>${keyTwo}</arg>
<doc>Fails if ``key`` is not found from ``dictionary``.</doc>
<status status="PASS" start="2024-06-28T14:13:52.204202" elapsed="0.000401"/>
</kw>
<kw name="Dictionary Should Contain Key" owner="Collections">
<arg>${json_data['results'][0]['login']}</arg>
<arg>${keyTwo}</arg>
<doc>Fails if ``key`` is not found from ``dictionary``.</doc>
<status status="PASS" start="2024-06-28T14:13:52.204829" elapsed="0.000380"/>
</kw>
<kw name="Log" owner="BuiltIn">
<msg time="2024-06-28T14:13:52.205511" level="INFO">password</msg>
<arg>${keyTwo}</arg>
<doc>Logs the given message with the given level.</doc>
<status status="PASS" start="2024-06-28T14:13:52.205391" elapsed="0.000164"/>
</kw>
<var name="${keyTwo}">password</var>
<status status="PASS" start="2024-06-28T14:13:52.204097" elapsed="0.001685"/>
</iter>
<var>${keyTwo}</var>
<value>@{expected_keysTwo}</value>
<status status="PASS" start="2024-06-28T14:13:52.202160" elapsed="0.003740"/>
</for>
<status status="PASS" start="2024-06-28T14:13:52.147361" elapsed="0.058673"/>
</kw>
<doc>Testa a estrutura da resposta da API.</doc>
<tag>testeEstruturaResposta</tag>
<status status="PASS" start="2024-06-28T14:13:52.146843" elapsed="0.059334"/>
</test>
<test id="s1-s1-t4" name="Validar tipos de dados" line="28">
<kw name="Teste de Tipos de Dados" owner="random-user-service">
<kw name="GET On Session" owner="RequestsLibrary">
<msg time="2024-06-28T14:13:52.296544" level="INFO">GET Request : url=https://randomuser.me/api 
 path_url=/api 
 headers={'User-Agent': 'python-requests/2.32.3', 'Accept-Encoding': 'gzip, deflate', 'Accept': '*/*', 'Connection': 'keep-alive'} 
 body=None 
 </msg>
<msg time="2024-06-28T14:13:52.296622" level="INFO">GET Response : url=https://randomuser.me/api 
 status=200, reason=OK 
 headers={'Date': 'Fri, 28 Jun 2024 14:13:52 GMT', 'Content-Type': 'application/json; charset=utf-8', 'Transfer-Encoding': 'chunked', 'Connection': 'keep-alive', 'X-Powered-By': 'Express', 'Access-Control-Allow-Origin': '*', 'Cache-Control': 'no-cache', 'ETag': 'W/"47a-0zKvkGK3U9CfZWg+N0J9aXyl0II"', 'Vary': 'Accept-Encoding', 'Content-Encoding': 'gzip', 'CF-Cache-Status': 'DYNAMIC', 'Report-To': '{"endpoints":[{"url":"https:\\/\\/a.nel.cloudflare.com\\/report\\/v4?s=kavJTB2P7jZhb%2Fr%2BwpdGKwMCPIMwNc5IefnpS6uOhq10SGxXfJJhc5DUmDAdiN4lhCDdtq9cqKMox6umqlH3cx%2BjUYzsGagYL%2BQtzhNNu%2BEXAIFe9BPBwoGuaNdFKX9O"}],"group":"cf-nel","max_age":604800}', 'NEL': '{"success_fraction":0,"report_to":"cf-nel","max_age":604800}', 'Server': 'cloudflare', 'CF-RAY': '89ae47a9591c2076-IAD', 'alt-svc': 'h3=":443"; ma=86400'} 
 body={"results":[{"gender":"female","name":{"title":"Mrs","first":"Afşar","last":"Körmükçü"},"location":{"street":{"number":3193,"name":"Mevlana Cd"},"city":"Şanlıurfa","state":"Sivas","country":"Turkey","postcode":20269,"coordinates":{"latitude":"67.3282","longitude":"94.5903"},"timezone":{"offset":"+9:30","description":"Adelaide, Darwin"}},"email":"afsar.kormukcu@example.com","login":{"uuid":"197e5ecb-14a0-457b-b5be-423bfa9915c9","username":"tinyfish267","password":"pickles","salt":"sNatCRQu","md5":"c53f0411dc38c1ae8d7c08c95763a22c","sha1":"402889cbcd985fda8eb1a84e8704f734ad295db8","sha256":"ffc561ef8baefdfa7a97d1e4e27341cf581eb05d5de1a9cb001ef0400112c0c3"},"dob":{"date":"1957-06-21T22:42:08.484Z","age":67},"registered":{"date":"2016-03-31T19:29:08.399Z","age":8},"phone":"(665)-137-5065","cell":"(494)-571-0235","id":{"name":"","value":null},"picture":{"large":"https://randomuser.me/api/portraits/women/93.jpg","medium":"https://randomuser.me/api/portraits/med/women/93.jpg","thumbnail":"https://randomuser.me/api/portraits/thumb/women/93.jpg"},"nat":"TR"}],"info":{"seed":"759919635eaa645d","results":1,"page":1,"version":"1.4"}} 
 </msg>
<msg time="2024-06-28T14:13:52.296689" level="INFO">/opt/hostedtoolcache/Python/3.12.4/x64/lib/python3.12/site-packages/urllib3/connectionpool.py:1099: InsecureRequestWarning: Unverified HTTPS request is being made to host 'randomuser.me'. Adding certificate verification is strongly advised. See: https://urllib3.readthedocs.io/en/latest/advanced-usage.html#tls-warnings
  warnings.warn(</msg>
<msg time="2024-06-28T14:13:52.296801" level="INFO">${response} = &lt;Response [200]&gt;</msg>
<var>${response}</var>
<arg>consultarAPI</arg>
<arg>/api</arg>
<doc>Sends a GET request on a previously created HTTP Session.</doc>
<status status="PASS" start="2024-06-28T14:13:52.208659" elapsed="0.088182"/>
</kw>
<kw name="Set Variable" owner="BuiltIn">
<msg time="2024-06-28T14:13:52.297675" level="INFO">${json_data} = {'results': [{'gender': 'female', 'name': {'title': 'Mrs', 'first': 'Afşar', 'last': 'Körmükçü'}, 'location': {'street': {'number': 3193, 'name': 'Mevlana Cd'}, 'city': 'Şanlıurfa', 'state': 'Sivas', ...</msg>
<var>${json_data}</var>
<arg>${response.json()}</arg>
<doc>Returns the given values which can then be assigned to a variables.</doc>
<status status="PASS" start="2024-06-28T14:13:52.297220" elapsed="0.000489"/>
</kw>
<kw name="Log" owner="BuiltIn">
<msg time="2024-06-28T14:13:52.298168" level="INFO">{'results': [{'gender': 'female', 'name': {'title': 'Mrs', 'first': 'Afşar', 'last': 'Körmükçü'}, 'location': {'street': {'number': 3193, 'name': 'Mevlana Cd'}, 'city': 'Şanlıurfa', 'state': 'Sivas', 'country': 'Turkey', 'postcode': 20269, 'coordinates': {'latitude': '67.3282', 'longitude': '94.5903'}, 'timezone': {'offset': '+9:30', 'description': 'Adelaide, Darwin'}}, 'email': 'afsar.kormukcu@example.com', 'login': {'uuid': '197e5ecb-14a0-457b-b5be-423bfa9915c9', 'username': 'tinyfish267', 'password': 'pickles', 'salt': 'sNatCRQu', 'md5': 'c53f0411dc38c1ae8d7c08c95763a22c', 'sha1': '402889cbcd985fda8eb1a84e8704f734ad295db8', 'sha256': 'ffc561ef8baefdfa7a97d1e4e27341cf581eb05d5de1a9cb001ef0400112c0c3'}, 'dob': {'date': '1957-06-21T22:42:08.484Z', 'age': 67}, 'registered': {'date': '2016-03-31T19:29:08.399Z', 'age': 8}, 'phone': '(665)-137-5065', 'cell': '(494)-571-0235', 'id': {'name': '', 'value': None}, 'picture': {'large': 'https://randomuser.me/api/portraits/women/93.jpg', 'medium': 'https://randomuser.me/api/portraits/med/women/93.jpg', 'thumbnail': 'https://randomuser.me/api/portraits/thumb/women/93.jpg'}, 'nat': 'TR'}], 'info': {'seed': '759919635eaa645d', 'results': 1, 'page': 1, 'version': '1.4'}}</msg>
<arg>${json_data}</arg>
<doc>Logs the given message with the given level.</doc>
<status status="PASS" start="2024-06-28T14:13:52.298012" elapsed="0.000206"/>
</kw>
<kw name="Should Be String" owner="String">
<arg>${json_data['results'][0]['gender']}</arg>
<doc>Fails if the given ``item`` is not a string.</doc>
<status status="PASS" start="2024-06-28T14:13:52.298517" elapsed="0.000365"/>
</kw>
<kw name="Should Match Regexp" owner="BuiltIn">
<arg>${json_data['results'][0]['email']}</arg>
<arg>^[a-zA-Z0-9._%+-]+@[a-zA-Z0-9.-]+\.[a-zA-Z]{2,}$</arg>
<doc>Fails if ``string`` does not match ``pattern`` as a regular expression.</doc>
<status status="PASS" start="2024-06-28T14:13:52.299067" elapsed="0.000512"/>
</kw>
<kw name="Should Match Regexp" owner="BuiltIn">
<arg>${json_data['results'][0]['dob']['date']}</arg>
<arg>\\d{4}-\\d{2}-\\d{2}T\\d{2}:\\d{2}:\\d{2}\\.\\d{3}Z</arg>
<doc>Fails if ``string`` does not match ``pattern`` as a regular expression.</doc>
<status status="PASS" start="2024-06-28T14:13:52.299802" elapsed="0.000494"/>
</kw>
<kw name="Should Match Regexp" owner="BuiltIn">
<arg>${json_data['results'][0]['registered']['date']}</arg>
<arg>\\d{4}-\\d{2}-\\d{2}T\\d{2}:\\d{2}:\\d{2}\\.\\d{3}Z</arg>
<doc>Fails if ``string`` does not match ``pattern`` as a regular expression.</doc>
<status status="PASS" start="2024-06-28T14:13:52.300484" elapsed="0.000414"/>
</kw>
<kw name="Should Match Regexp" owner="BuiltIn">
<arg>${json_data['results'][0]['picture']['large']}</arg>
<arg>^https?://.*\.(?:png|jpe?g|gif|bmp)$</arg>
<doc>Fails if ``string`` does not match ``pattern`` as a regular expression.</doc>
<status status="PASS" start="2024-06-28T14:13:52.301085" elapsed="0.000459"/>
</kw>
<kw name="Should Match Regexp" owner="BuiltIn">
<arg>${json_data['results'][0]['picture']['medium']}</arg>
<arg>^https?://.*\.(?:png|jpe?g|gif|bmp)$</arg>
<doc>Fails if ``string`` does not match ``pattern`` as a regular expression.</doc>
<status status="PASS" start="2024-06-28T14:13:52.301728" elapsed="0.000363"/>
</kw>
<kw name="Should Match Regexp" owner="BuiltIn">
<arg>${json_data['results'][0]['picture']['thumbnail']}</arg>
<arg>^https?://.*\.(?:png|jpe?g|gif|bmp)$</arg>
<doc>Fails if ``string`` does not match ``pattern`` as a regular expression.</doc>
<status status="PASS" start="2024-06-28T14:13:52.302272" elapsed="0.000354"/>
</kw>
<kw name="Log" owner="BuiltIn">
<msg time="2024-06-28T14:13:52.303141" level="INFO">{'large': 'https://randomuser.me/api/portraits/women/93.jpg', 'medium': 'https://randomuser.me/api/portraits/med/women/93.jpg', 'thumbnail': 'https://randomuser.me/api/portraits/thumb/women/93.jpg'}</msg>
<arg>${json_data['results'][0]['picture']}</arg>
<doc>Logs the given message with the given level.</doc>
<status status="PASS" start="2024-06-28T14:13:52.302808" elapsed="0.000375"/>
</kw>
<status status="PASS" start="2024-06-28T14:13:52.208440" elapsed="0.094991"/>
</kw>
<kw name="Teste de Tipos de Dados - Postcode" owner="random-user-service">
<kw name="GET On Session" owner="RequestsLibrary">
<msg time="2024-06-28T14:13:52.383632" level="INFO">GET Request : url=https://randomuser.me/api 
 path_url=/api 
 headers={'User-Agent': 'python-requests/2.32.3', 'Accept-Encoding': 'gzip, deflate', 'Accept': '*/*', 'Connection': 'keep-alive'} 
 body=None 
 </msg>
<msg time="2024-06-28T14:13:52.383707" level="INFO">GET Response : url=https://randomuser.me/api 
 status=200, reason=OK 
 headers={'Date': 'Fri, 28 Jun 2024 14:13:52 GMT', 'Content-Type': 'application/json; charset=utf-8', 'Transfer-Encoding': 'chunked', 'Connection': 'keep-alive', 'X-Powered-By': 'Express', 'Access-Control-Allow-Origin': '*', 'Cache-Control': 'no-cache', 'ETag': 'W/"46f-XWMckQKdbbDMlHcEskm5j82LsVM"', 'Vary': 'Accept-Encoding', 'Content-Encoding': 'gzip', 'CF-Cache-Status': 'DYNAMIC', 'Report-To': '{"endpoints":[{"url":"https:\\/\\/a.nel.cloudflare.com\\/report\\/v4?s=f79PRRD5HnbrGVZPjIpSSlpuWLx2KyIZx7qyRMklD4WsUdV0AY1CLEK3Yh47yhH2Itf2eS7CwV7oujg%2B12ohVvnGsfgLk4Ab5mccsP2GwljwrsVpkq28k%2FBRhmgpsH9q"}],"group":"cf-nel","max_age":604800}', 'NEL': '{"success_fraction":0,"report_to":"cf-nel","max_age":604800}', 'Server': 'cloudflare', 'CF-RAY': '89ae47a9e9e12076-IAD', 'alt-svc': 'h3=":443"; ma=86400'} 
 body={"results":[{"gender":"male","name":{"title":"Mr","first":"Emilio","last":"Parra"},"location":{"street":{"number":5041,"name":"Calle Mota"},"city":"Elche","state":"Navarra","country":"Spain","postcode":77427,"coordinates":{"latitude":"-35.8472","longitude":"-142.0050"},"timezone":{"offset":"-12:00","description":"Eniwetok, Kwajalein"}},"email":"emilio.parra@example.com","login":{"uuid":"4b08d4eb-ddbe-4b02-a768-d6b3dff4eafb","username":"greenlion848","password":"judith","salt":"11S5Tbji","md5":"c85a98a6b7882a5cb8a705d8ecd821fa","sha1":"06faa2286f9c0ebc9244ace91a87a4dd87063e80","sha256":"04991008f59c1e6f3bb3d1a8f8d597546646b5995ab9c9ba1b66acbe0f85f7c2"},"dob":{"date":"1966-11-23T17:07:50.249Z","age":57},"registered":{"date":"2016-10-30T18:57:36.969Z","age":7},"phone":"989-929-696","cell":"653-560-583","id":{"name":"DNI","value":"94255554-S"},"picture":{"large":"https://randomuser.me/api/portraits/men/21.jpg","medium":"https://randomuser.me/api/portraits/med/men/21.jpg","thumbnail":"https://randomuser.me/api/portraits/thumb/men/21.jpg"},"nat":"ES"}],"info":{"seed":"c4f508d55ee9d7b7","results":1,"page":1,"version":"1.4"}} 
 </msg>
<msg time="2024-06-28T14:13:52.383776" level="INFO">/opt/hostedtoolcache/Python/3.12.4/x64/lib/python3.12/site-packages/urllib3/connectionpool.py:1099: InsecureRequestWarning: Unverified HTTPS request is being made to host 'randomuser.me'. Adding certificate verification is strongly advised. See: https://urllib3.readthedocs.io/en/latest/advanced-usage.html#tls-warnings
  warnings.warn(</msg>
<msg time="2024-06-28T14:13:52.383864" level="INFO">${response} = &lt;Response [200]&gt;</msg>
<var>${response}</var>
<arg>consultarAPI</arg>
<arg>/api</arg>
<doc>Sends a GET request on a previously created HTTP Session.</doc>
<status status="PASS" start="2024-06-28T14:13:52.303852" elapsed="0.080040"/>
</kw>
<kw name="Set Variable" owner="BuiltIn">
<msg time="2024-06-28T14:13:52.384729" level="INFO">${json_data} = {'results': [{'gender': 'male', 'name': {'title': 'Mr', 'first': 'Emilio', 'last': 'Parra'}, 'location': {'street': {'number': 5041, 'name': 'Calle Mota'}, 'city': 'Elche', 'state': 'Navarra', 'countr...</msg>
<var>${json_data}</var>
<arg>${response.json()}</arg>
<doc>Returns the given values which can then be assigned to a variables.</doc>
<status status="PASS" start="2024-06-28T14:13:52.384297" elapsed="0.000495"/>
</kw>
<kw name="Log" owner="BuiltIn">
<msg time="2024-06-28T14:13:52.385281" level="INFO">{'results': [{'gender': 'male', 'name': {'title': 'Mr', 'first': 'Emilio', 'last': 'Parra'}, 'location': {'street': {'number': 5041, 'name': 'Calle Mota'}, 'city': 'Elche', 'state': 'Navarra', 'country': 'Spain', 'postcode': 77427, 'coordinates': {'latitude': '-35.8472', 'longitude': '-142.0050'}, 'timezone': {'offset': '-12:00', 'description': 'Eniwetok, Kwajalein'}}, 'email': 'emilio.parra@example.com', 'login': {'uuid': '4b08d4eb-ddbe-4b02-a768-d6b3dff4eafb', 'username': 'greenlion848', 'password': 'judith', 'salt': '11S5Tbji', 'md5': 'c85a98a6b7882a5cb8a705d8ecd821fa', 'sha1': '06faa2286f9c0ebc9244ace91a87a4dd87063e80', 'sha256': '04991008f59c1e6f3bb3d1a8f8d597546646b5995ab9c9ba1b66acbe0f85f7c2'}, 'dob': {'date': '1966-11-23T17:07:50.249Z', 'age': 57}, 'registered': {'date': '2016-10-30T18:57:36.969Z', 'age': 7}, 'phone': '989-929-696', 'cell': '653-560-583', 'id': {'name': 'DNI', 'value': '94255554-S'}, 'picture': {'large': 'https://randomuser.me/api/portraits/men/21.jpg', 'medium': 'https://randomuser.me/api/portraits/med/men/21.jpg', 'thumbnail': 'https://randomuser.me/api/portraits/thumb/men/21.jpg'}, 'nat': 'ES'}], 'info': {'seed': 'c4f508d55ee9d7b7', 'results': 1, 'page': 1, 'version': '1.4'}}</msg>
<arg>${json_data}</arg>
<doc>Logs the given message with the given level.</doc>
<status status="PASS" start="2024-06-28T14:13:52.385118" elapsed="0.000210"/>
</kw>
<kw name="Should Be Equal As Numbers" owner="BuiltIn">
<arg>${json_data['results'][0]['location']['postcode']}</arg>
<arg>${json_data['results'][0]['location']['postcode']}</arg>
<doc>Fails if objects are unequal after converting them to real numbers.</doc>
<status status="PASS" start="2024-06-28T14:13:52.385619" elapsed="0.000623"/>
</kw>
<kw name="Log" owner="BuiltIn">
<msg time="2024-06-28T14:13:52.386766" level="INFO">77427</msg>
<arg>${json_data['results'][0]['location']['postcode']}</arg>
<doc>Logs the given message with the given level.</doc>
<status status="PASS" start="2024-06-28T14:13:52.386427" elapsed="0.000380"/>
</kw>
<status status="PASS" start="2024-06-28T14:13:52.303637" elapsed="0.083456"/>
</kw>
<doc>Testa se os tipos de dados na resposta da API estão corretos.</doc>
<tag>testeTiposDados</tag>
<status status="PASS" start="2024-06-28T14:13:52.207921" elapsed="0.179330"/>
</test>
<test id="s1-s1-t5" name="Validar conteudo" line="35">
<kw name="Teste de Tipos de Conteudo" owner="random-user-service">
<kw name="GET On Session" owner="RequestsLibrary">
<msg time="2024-06-28T14:13:52.511196" level="INFO">GET Request : url=https://randomuser.me/api 
 path_url=/api 
 headers={'User-Agent': 'python-requests/2.32.3', 'Accept-Encoding': 'gzip, deflate', 'Accept': '*/*', 'Connection': 'keep-alive'} 
 body=None 
 </msg>
<msg time="2024-06-28T14:13:52.511277" level="INFO">GET Response : url=https://randomuser.me/api 
 status=200, reason=OK 
 headers={'Date': 'Fri, 28 Jun 2024 14:13:52 GMT', 'Content-Type': 'application/json; charset=utf-8', 'Transfer-Encoding': 'chunked', 'Connection': 'keep-alive', 'X-Powered-By': 'Express', 'Access-Control-Allow-Origin': '*', 'Cache-Control': 'no-cache', 'ETag': 'W/"49a-cGUN1paEClpkacrX20G45R7tfeA"', 'Vary': 'Accept-Encoding', 'Content-Encoding': 'gzip', 'CF-Cache-Status': 'DYNAMIC', 'Report-To': '{"endpoints":[{"url":"https:\\/\\/a.nel.cloudflare.com\\/report\\/v4?s=UgyVyQxCLaZw0nlZX%2BhK5H3RqHKEEMBpMqI9VuEWCv56aAzoQuoQBNMx5MW%2FqtLecE3rhskHwV9kABLUeKnjFbF6WEB9HIZKzLPsvEoniwxV3Q8ewMWFdacyamvJharv"}],"group":"cf-nel","max_age":604800}', 'NEL': '{"success_fraction":0,"report_to":"cf-nel","max_age":604800}', 'Server': 'cloudflare', 'CF-RAY': '89ae47aa7a8b2076-IAD', 'alt-svc': 'h3=":443"; ma=86400'} 
 body={"results":[{"gender":"male","name":{"title":"Mr","first":"Espartaco","last":"Roque"},"location":{"street":{"number":3980,"name":"Corredor Sevilla"},"city":"Jiménez del Teul","state":"Morelos","country":"Mexico","postcode":50057,"coordinates":{"latitude":"24.4920","longitude":"-87.3491"},"timezone":{"offset":"-8:00","description":"Pacific Time (US &amp; Canada)"}},"email":"espartaco.roque@example.com","login":{"uuid":"4c268687-ba21-4e92-9151-9696620209a7","username":"goldencat626","password":"abcd1234","salt":"SNig4Mlw","md5":"2cf8b7f5e9e416a609d434be9c6a3bdf","sha1":"f5f849fd2cc6e970e3869514173834d4e8d855ca","sha256":"68bcbcdd8ea4d2f704e61b020a71379f16b66cecd934d58c5f3e1a3e107f2067"},"dob":{"date":"1967-06-11T07:20:26.165Z","age":57},"registered":{"date":"2013-10-12T23:02:52.112Z","age":10},"phone":"(641) 010 5647","cell":"(662) 398 1138","id":{"name":"NSS","value":"92 36 41 3932 7"},"picture":{"large":"https://randomuser.me/api/portraits/men/40.jpg","medium":"https://randomuser.me/api/portraits/med/men/40.jpg","thumbnail":"https://randomuser.me/api/portraits/thumb/men/40.jpg"},"nat":"MX"}],"info":{"seed":"cfe6648e434b8e64","results":1,"page":1,"version":"1.4"}} 
 </msg>
<msg time="2024-06-28T14:13:52.511363" level="INFO">/opt/hostedtoolcache/Python/3.12.4/x64/lib/python3.12/site-packages/urllib3/connectionpool.py:1099: InsecureRequestWarning: Unverified HTTPS request is being made to host 'randomuser.me'. Adding certificate verification is strongly advised. See: https://urllib3.readthedocs.io/en/latest/advanced-usage.html#tls-warnings
  warnings.warn(</msg>
<msg time="2024-06-28T14:13:52.511470" level="INFO">${response} = &lt;Response [200]&gt;</msg>
<var>${response}</var>
<arg>consultarAPI</arg>
<arg>/api</arg>
<doc>Sends a GET request on a previously created HTTP Session.</doc>
<status status="PASS" start="2024-06-28T14:13:52.389785" elapsed="0.121735"/>
</kw>
<kw name="Set Variable" owner="BuiltIn">
<msg time="2024-06-28T14:13:52.512417" level="INFO">${json_data} = {'results': [{'gender': 'male', 'name': {'title': 'Mr', 'first': 'Espartaco', 'last': 'Roque'}, 'location': {'street': {'number': 3980, 'name': 'Corredor Sevilla'}, 'city': 'Jiménez del Teul', 'state'...</msg>
<var>${json_data}</var>
<arg>${response.json()}</arg>
<doc>Returns the given values which can then be assigned to a variables.</doc>
<status status="PASS" start="2024-06-28T14:13:52.511965" elapsed="0.000480"/>
</kw>
<kw name="Set Variable" owner="BuiltIn">
<msg time="2024-06-28T14:13:52.513172" level="INFO">${name_title} = Mr</msg>
<var>${name_title}</var>
<arg>${json_data["results"][0]["name"]["title"]}</arg>
<doc>Returns the given values which can then be assigned to a variables.</doc>
<status status="PASS" start="2024-06-28T14:13:52.512778" elapsed="0.000419"/>
</kw>
<kw name="Create List" owner="BuiltIn">
<msg time="2024-06-28T14:13:52.513645" level="INFO">${allowed_titles} = ['Mr', 'Ms', 'Miss', 'Mrs', 'Madame', 'Monsieur']</msg>
<var>${allowed_titles}</var>
<arg>Mr</arg>
<arg>Ms</arg>
<arg>Miss</arg>
<arg>Mrs</arg>
<arg>Madame</arg>
<arg>Monsieur</arg>
<doc>Returns a list containing given items.</doc>
<status status="PASS" start="2024-06-28T14:13:52.513497" elapsed="0.000180"/>
</kw>
<kw name="List Should Contain Value" owner="Collections">
<arg>${allowed_titles}</arg>
<arg>${name_title}</arg>
<doc>Fails if the ``value`` is not found from ``list``.</doc>
<status status="PASS" start="2024-06-28T14:13:52.513968" elapsed="0.000173"/>
</kw>
<kw name="Set Variable" owner="BuiltIn">
<msg time="2024-06-28T14:13:52.514687" level="INFO">${name_country} = MX</msg>
<var>${name_country}</var>
<arg>${json_data["results"][0]["nat"]}</arg>
<doc>Returns the given values which can then be assigned to a variables.</doc>
<status status="PASS" start="2024-06-28T14:13:52.514325" elapsed="0.000386"/>
</kw>
<kw name="Create List" owner="BuiltIn">
<msg time="2024-06-28T14:13:52.515591" level="INFO">${list_country} = ['AD', 'AE', 'AF', 'AG', 'AI', 'AL', 'AM', 'AO', 'AQ', 'AR', 'AS', 'AT', 'AU', 'AW', 'AX', 'AZ', 'BA', 'BB', 'BD', 'BE', 'BF', 'BG', 'BH', 'BI', 'BJ', 'BL', 'BM', 'BN', 'BO', 'BQ', 'BR', 'BS', 'BT', '...</msg>
<var>${list_country}</var>
<arg>AD</arg>
<arg>AE</arg>
<arg>AF</arg>
<arg>AG</arg>
<arg>AI</arg>
<arg>AL</arg>
<arg>AM</arg>
<arg>AO</arg>
<arg>AQ</arg>
<arg>AR</arg>
<arg>AS</arg>
<arg>AT</arg>
<arg>AU</arg>
<arg>AW</arg>
<arg>AX</arg>
<arg>AZ</arg>
<arg>BA</arg>
<arg>BB</arg>
<arg>BD</arg>
<arg>BE</arg>
<arg>BF</arg>
<arg>BG</arg>
<arg>BH</arg>
<arg>BI</arg>
<arg>BJ</arg>
<arg>BL</arg>
<arg>BM</arg>
<arg>BN</arg>
<arg>BO</arg>
<arg>BQ</arg>
<arg>BR</arg>
<arg>BS</arg>
<arg>BT</arg>
<arg>BV</arg>
<arg>BW</arg>
<arg>BY</arg>
<arg>BZ</arg>
<arg>CA</arg>
<arg>CC</arg>
<arg>CD</arg>
<arg>CF</arg>
<arg>CG</arg>
<arg>CH</arg>
<arg>CI</arg>
<arg>CK</arg>
<arg>CL</arg>
<arg>CM</arg>
<arg>CN</arg>
<arg>CO</arg>
<arg>CR</arg>
<arg>CU</arg>
<arg>CV</arg>
<arg>CW</arg>
<arg>CX</arg>
<arg>CY</arg>
<arg>CZ</arg>
<arg>DE</arg>
<arg>DJ</arg>
<arg>DK</arg>
<arg>DM</arg>
<arg>DO</arg>
<arg>DZ</arg>
<arg>EC</arg>
<arg>EE</arg>
<arg>EG</arg>
<arg>EH</arg>
<arg>ER</arg>
<arg>ES</arg>
<arg>ET</arg>
<arg>FI</arg>
<arg>FJ</arg>
<arg>FK</arg>
<arg>FM</arg>
<arg>FO</arg>
<arg>FR</arg>
<arg>GA</arg>
<arg>GB</arg>
<arg>GD</arg>
<arg>GE</arg>
<arg>GF</arg>
<arg>GG</arg>
<arg>GH</arg>
<arg>GI</arg>
<arg>GL</arg>
<arg>GM</arg>
<arg>GN</arg>
<arg>GP</arg>
<arg>GQ</arg>
<arg>GR</arg>
<arg>GS</arg>
<arg>GT</arg>
<arg>GU</arg>
<arg>GW</arg>
<arg>GY</arg>
<arg>HK</arg>
<arg>HM</arg>
<arg>HN</arg>
<arg>HR</arg>
<arg>HT</arg>
<arg>HU</arg>
<arg>ID</arg>
<arg>IE</arg>
<arg>IL</arg>
<arg>IM</arg>
<arg>IN</arg>
<arg>IO</arg>
<arg>IQ</arg>
<arg>IR</arg>
<arg>IS</arg>
<arg>IT</arg>
<arg>JE</arg>
<arg>JM</arg>
<arg>JO</arg>
<arg>JP</arg>
<arg>KE</arg>
<arg>KG</arg>
<arg>KH</arg>
<arg>KI</arg>
<arg>KM</arg>
<arg>KN</arg>
<arg>KP</arg>
<arg>KR</arg>
<arg>KW</arg>
<arg>KY</arg>
<arg>KZ</arg>
<arg>LA</arg>
<arg>LB</arg>
<arg>LC</arg>
<arg>LI</arg>
<arg>LK</arg>
<arg>LR</arg>
<arg>LS</arg>
<arg>LT</arg>
<arg>LU</arg>
<arg>LV</arg>
<arg>LY</arg>
<arg>MA</arg>
<arg>MC</arg>
<arg>MD</arg>
<arg>ME</arg>
<arg>MF</arg>
<arg>MG</arg>
<arg>MH</arg>
<arg>MK</arg>
<arg>ML</arg>
<arg>MM</arg>
<arg>MN</arg>
<arg>MO</arg>
<arg>MP</arg>
<arg>MQ</arg>
<arg>MR</arg>
<arg>MS</arg>
<arg>MT</arg>
<arg>MU</arg>
<arg>MV</arg>
<arg>MW</arg>
<arg>MX</arg>
<arg>MY</arg>
<arg>MZ</arg>
<arg>NA</arg>
<arg>NC</arg>
<arg>NE</arg>
<arg>NF</arg>
<arg>NG</arg>
<arg>NI</arg>
<arg>NL</arg>
<arg>NO</arg>
<arg>NP</arg>
<arg>NR</arg>
<arg>NU</arg>
<arg>NZ</arg>
<arg>OM</arg>
<arg>PA</arg>
<arg>PE</arg>
<arg>PF</arg>
<arg>PG</arg>
<arg>PH</arg>
<arg>PK</arg>
<arg>PL</arg>
<arg>PM</arg>
<arg>PN</arg>
<arg>PR</arg>
<arg>PS</arg>
<arg>PT</arg>
<arg>PW</arg>
<arg>PY</arg>
<arg>QA</arg>
<arg>RE</arg>
<arg>RO</arg>
<arg>RS</arg>
<arg>RU</arg>
<arg>RW</arg>
<arg>SA</arg>
<arg>SB</arg>
<arg>SC</arg>
<arg>SD</arg>
<arg>SE</arg>
<arg>SG</arg>
<arg>SH</arg>
<arg>SI</arg>
<arg>SJ</arg>
<arg>SK</arg>
<arg>SL</arg>
<arg>SM</arg>
<arg>SN</arg>
<arg>SO</arg>
<arg>SR</arg>
<arg>SS</arg>
<arg>ST</arg>
<arg>SV</arg>
<arg>SX</arg>
<arg>SY</arg>
<arg>SZ</arg>
<arg>TC</arg>
<arg>TD</arg>
<arg>TF</arg>
<arg>TG</arg>
<arg>TH</arg>
<arg>TJ</arg>
<arg>TK</arg>
<arg>TL</arg>
<arg>TM</arg>
<arg>TN</arg>
<arg>TO</arg>
<arg>TR</arg>
<arg>TT</arg>
<arg>TV</arg>
<arg>TW</arg>
<arg>TZ</arg>
<arg>UA</arg>
<arg>UG</arg>
<arg>UM</arg>
<arg>US</arg>
<arg>UY</arg>
<arg>UZ</arg>
<arg>VA</arg>
<arg>VC</arg>
<arg>VE</arg>
<arg>VG</arg>
<arg>VI</arg>
<arg>VN</arg>
<arg>VU</arg>
<arg>WF</arg>
<arg>WS</arg>
<arg>XK</arg>
<arg>YE</arg>
<arg>YT</arg>
<arg>ZA</arg>
<arg>ZM</arg>
<arg>ZW</arg>
<doc>Returns a list containing given items.</doc>
<status status="PASS" start="2024-06-28T14:13:52.514993" elapsed="0.000623"/>
</kw>
<kw name="List Should Contain Value" owner="Collections">
<arg>${list_country}</arg>
<arg>${name_country}</arg>
<doc>Fails if the ``value`` is not found from ``list``.</doc>
<status status="PASS" start="2024-06-28T14:13:52.516408" elapsed="0.000208"/>
</kw>
<kw name="Run Keyword If" owner="BuiltIn">
<kw name="Should Be True" owner="BuiltIn">
<arg>${True}</arg>
<doc>Fails if the given condition is not true.</doc>
<status status="PASS" start="2024-06-28T14:13:52.517564" elapsed="0.000140"/>
</kw>
<arg>${json_data["results"][0]["location"]["coordinates"]["latitude"]} &gt;= -90 and ${json_data["results"][0]["location"]["coordinates"]["latitude"]} &lt;= 90</arg>
<arg>Should Be True</arg>
<arg>${True}</arg>
<doc>Runs the given keyword with the given arguments, if ``condition`` is true.</doc>
<status status="PASS" start="2024-06-28T14:13:52.516828" elapsed="0.001000"/>
</kw>
<kw name="Run Keyword If" owner="BuiltIn">
<kw name="Should Be True" owner="BuiltIn">
<arg>${True}</arg>
<doc>Fails if the given condition is not true.</doc>
<status status="PASS" start="2024-06-28T14:13:52.518701" elapsed="0.000136"/>
</kw>
<arg>${json_data["results"][0]["location"]["coordinates"]["longitude"]} &gt;= -180 and ${json_data["results"][0]["location"]["coordinates"]["longitude"]} &lt;= 180</arg>
<arg>Should Be True</arg>
<arg>${True}</arg>
<doc>Runs the given keyword with the given arguments, if ``condition`` is true.</doc>
<status status="PASS" start="2024-06-28T14:13:52.518006" elapsed="0.000953"/>
</kw>
<status status="PASS" start="2024-06-28T14:13:52.389437" elapsed="0.129687"/>
</kw>
<doc>Testa o conteúdo específico dos campos retornados pela API.</doc>
<tag>testeConteudo</tag>
<status status="PASS" start="2024-06-28T14:13:52.389000" elapsed="0.130267"/>
</test>
<status status="PASS" start="2024-06-28T14:13:51.529505" elapsed="0.991782"/>
</suite>
<status status="PASS" start="2024-06-28T14:13:51.514349" elapsed="1.012046"/>
</suite>
<statistics>
<total>
<stat pass="5" fail="0" skip="0">All Tests</stat>
</total>
<tag>
<stat pass="1" fail="0" skip="0">testeConteudo</stat>
<stat pass="1" fail="0" skip="0">testeEstruturaResposta</stat>
<stat pass="1" fail="0" skip="0">testeRequisicaoBasica</stat>
<stat pass="1" fail="0" skip="0">testeTiposDados</stat>
</tag>
<suite>
<stat pass="5" fail="0" skip="0" id="s1" name="Tests">Tests</stat>
<stat pass="5" fail="0" skip="0" id="s1-s1" name="Random-User-Test">Tests.Random-User-Test</stat>
</suite>
</statistics>
<errors>
</errors>
</robot>
