<?xml version="1.0" encoding="UTF-8"?>
<robot generator="Robot 7.0 (Python 3.12.3 on linux)" generated="2024-05-15T11:12:23.464023" rpa="false" schemaversion="5">
<suite id="s1" name="Tests" source="/home/runner/work/DesafioQAItauRogerioJordao/DesafioQAItauRogerioJordao/RamdonUser/tests">
<suite id="s1-s1" name="Random-User-Test" source="/home/runner/work/DesafioQAItauRogerioJordao/DesafioQAItauRogerioJordao/RamdonUser/tests/random-user-test.robot">
<test id="s1-s1-t1" name="Conectar" line="13">
<kw name="Conectar API" owner="random-user-service">
<kw name="Create Session" owner="RequestsLibrary">
<msg time="2024-05-15T11:12:23.819587" level="INFO">Creating Session using : alias=consultarAPI, url=https://randomuser.me/, headers={},                     cookies={}, auth=None, timeout=None, proxies=None, verify=False,                     debug=0 </msg>
<arg>consultarAPI</arg>
<arg>${URL}</arg>
<doc>Create Session: create a HTTP session to a server</doc>
<status status="PASS" start="2024-05-15T11:12:23.819393" elapsed="0.000359"/>
</kw>
<status status="PASS" start="2024-05-15T11:12:23.818445" elapsed="0.001649"/>
</kw>
<status status="PASS" start="2024-05-15T11:12:23.817945" elapsed="0.002338"/>
</test>
<test id="s1-s1-t2" name="Validar retorno 200 e JSON Válido" line="16">
<kw name="Teste de Requisicao Basica" owner="random-user-service">
<kw name="GET On Session" owner="RequestsLibrary">
<msg time="2024-05-15T11:12:23.997023" level="INFO">GET Request : url=https://randomuser.me/api 
 path_url=/api 
 headers={'User-Agent': 'python-requests/2.31.0', 'Accept-Encoding': 'gzip, deflate', 'Accept': '*/*', 'Connection': 'keep-alive'} 
 body=None 
 </msg>
<msg time="2024-05-15T11:12:23.997170" level="INFO">GET Response : url=https://randomuser.me/api 
 status=200, reason=OK 
 headers={'Date': 'Wed, 15 May 2024 11:12:23 GMT', 'Content-Type': 'application/json; charset=utf-8', 'Transfer-Encoding': 'chunked', 'Connection': 'keep-alive', 'X-Powered-By': 'Express', 'Access-Control-Allow-Origin': '*', 'Cache-Control': 'no-cache', 'ETag': 'W/"4a5-Ydc+7Mv8Ars2OLwR+On6xl0kfqM"', 'Vary': 'Accept-Encoding', 'Content-Encoding': 'gzip', 'CF-Cache-Status': 'DYNAMIC', 'Report-To': '{"endpoints":[{"url":"https:\\/\\/a.nel.cloudflare.com\\/report\\/v4?s=lJx1N7j%2FeiQT54rZO%2B9XxYIbsE2gmIE%2BpJCwlYb5fkKicXnPqbnfCIY8DkwKdxSS6no8xgyQb%2FDpV1FMgGySj9gxLxct2ap3v9jC6NzHiP4GiZ6sfS4CmKi6rTg19dHE"}],"group":"cf-nel","max_age":604800}', 'NEL': '{"success_fraction":0,"report_to":"cf-nel","max_age":604800}', 'Server': 'cloudflare', 'CF-RAY': '8842b155bddd1727-IAD', 'alt-svc': 'h3=":443"; ma=86400'} 
 body={"results":[{"gender":"male","name":{"title":"Mr","first":"Willard","last":"Gonzalez"},"location":{"street":{"number":1471,"name":"Lakeview St"},"city":"Maitland","state":"Northern Territory","country":"Australia","postcode":8426,"coordinates":{"latitude":"-86.1592","longitude":"-13.2418"},"timezone":{"offset":"0:00","description":"Western Europe Time, London, Lisbon, Casablanca"}},"email":"willard.gonzalez@example.com","login":{"uuid":"f5727857-7a34-472e-8bc9-4d2293613058","username":"smalllion353","password":"readers","salt":"BQmpBk4q","md5":"6f9736f917af889517e038590ec12026","sha1":"3408909ccc76dbb4f9a0f02d038b45316124604f","sha256":"e005231ec7c3ec5e1c459140777fb52d32fec5e81a2055429373e805a8b7a118"},"dob":{"date":"1993-04-01T16:57:23.662Z","age":31},"registered":{"date":"2005-11-23T04:05:09.547Z","age":18},"phone":"05-2402-0351","cell":"0424-831-267","id":{"name":"TFN","value":"797399475"},"picture":{"large":"https://randomuser.me/api/portraits/men/18.jpg","medium":"https://randomuser.me/api/portraits/med/men/18.jpg","thumbnail":"https://randomuser.me/api/portraits/thumb/men/18.jpg"},"nat":"AU"}],"info":{"seed":"c83578784375a9cd","results":1,"page":1,"version":"1.4"}} 
 </msg>
<msg time="2024-05-15T11:12:23.997262" level="INFO">/opt/hostedtoolcache/Python/3.12.3/x64/lib/python3.12/site-packages/urllib3/connectionpool.py:1103: InsecureRequestWarning: Unverified HTTPS request is being made to host 'randomuser.me'. Adding certificate verification is strongly advised. See: https://urllib3.readthedocs.io/en/latest/advanced-usage.html#tls-warnings
  warnings.warn(</msg>
<msg time="2024-05-15T11:12:23.997383" level="INFO">${response} = &lt;Response [200]&gt;</msg>
<var>${response}</var>
<arg>consultarAPI</arg>
<arg>/api</arg>
<doc>Sends a GET request on a previously created HTTP Session.</doc>
<status status="PASS" start="2024-05-15T11:12:23.822904" elapsed="0.174519"/>
</kw>
<kw name="Should Be Equal As Numbers" owner="BuiltIn">
<msg time="2024-05-15T11:12:23.998264" level="INFO">Argument types are:
&lt;class 'int'&gt;
&lt;class 'str'&gt;</msg>
<arg>${response.status_code}</arg>
<arg>200</arg>
<doc>Fails if objects are unequal after converting them to real numbers.</doc>
<status status="PASS" start="2024-05-15T11:12:23.997844" elapsed="0.000483"/>
</kw>
<kw name="Log" owner="BuiltIn">
<msg time="2024-05-15T11:12:23.999013" level="INFO">200</msg>
<arg>${response.status_code}</arg>
<doc>Logs the given message with the given level.</doc>
<status status="PASS" start="2024-05-15T11:12:23.998658" elapsed="0.000397"/>
</kw>
<kw name="Set Variable" owner="BuiltIn">
<msg time="2024-05-15T11:12:23.999824" level="INFO">${json_data} = {'results': [{'gender': 'male', 'name': {'title': 'Mr', 'first': 'Willard', 'last': 'Gonzalez'}, 'location': {'street': {'number': 1471, 'name': 'Lakeview St'}, 'city': 'Maitland', 'state': 'Northern ...</msg>
<var>${json_data}</var>
<arg>${response.json()}</arg>
<doc>Returns the given values which can then be assigned to a variables.</doc>
<status status="PASS" start="2024-05-15T11:12:23.999396" elapsed="0.000456"/>
</kw>
<kw name="Dictionary Should Contain Key" owner="Collections">
<msg time="2024-05-15T11:12:24.000322" level="INFO">False</msg>
<arg>${json_data}</arg>
<arg>results</arg>
<doc>Fails if ``key`` is not found from ``dictionary``.</doc>
<status status="PASS" start="2024-05-15T11:12:24.000152" elapsed="0.000210"/>
</kw>
<status status="PASS" start="2024-05-15T11:12:23.822662" elapsed="0.177951"/>
</kw>
<doc>Testa se a API responde corretamente e retorna um objeto JSON válido.</doc>
<tag>testeRequisicaoBasica</tag>
<status status="PASS" start="2024-05-15T11:12:23.822201" elapsed="0.178580"/>
</test>
<test id="s1-s1-t3" name="Validar estrutura de resposta" line="22">
<kw name="Teste de Estrutura de Resposta" owner="random-user-service">
<kw name="GET On Session" owner="RequestsLibrary">
<msg time="2024-05-15T11:12:24.114607" level="INFO">GET Request : url=https://randomuser.me/api 
 path_url=/api 
 headers={'User-Agent': 'python-requests/2.31.0', 'Accept-Encoding': 'gzip, deflate', 'Accept': '*/*', 'Connection': 'keep-alive'} 
 body=None 
 </msg>
<msg time="2024-05-15T11:12:24.114672" level="INFO">GET Response : url=https://randomuser.me/api 
 status=200, reason=OK 
 headers={'Date': 'Wed, 15 May 2024 11:12:24 GMT', 'Content-Type': 'application/json; charset=utf-8', 'Transfer-Encoding': 'chunked', 'Connection': 'keep-alive', 'X-Powered-By': 'Express', 'Access-Control-Allow-Origin': '*', 'Cache-Control': 'no-cache', 'ETag': 'W/"48e-fdSHEyjJYO14eU+wM/Abz4dYq/Q"', 'Vary': 'Accept-Encoding', 'Content-Encoding': 'gzip', 'CF-Cache-Status': 'DYNAMIC', 'Report-To': '{"endpoints":[{"url":"https:\\/\\/a.nel.cloudflare.com\\/report\\/v4?s=HMdHuzVa9mTiBhoeqkgvna5xlT1pg1t8MCuOuE8nws1bUwhYv8jImR0dM85YnbyNWVZiV7tN2szw%2FgO7bMJJjozTmR52Yjp01RPA2FBCeuioSwk3JkrwRC%2FwcyX0UbxL"}],"group":"cf-nel","max_age":604800}', 'NEL': '{"success_fraction":0,"report_to":"cf-nel","max_age":604800}', 'Server': 'cloudflare', 'CF-RAY': '8842b1560e281727-IAD', 'alt-svc': 'h3=":443"; ma=86400'} 
 body={"results":[{"gender":"female","name":{"title":"Mrs","first":"Roberta","last":"Payne"},"location":{"street":{"number":7259,"name":"Marsh Ln"},"city":"High Point","state":"Louisiana","country":"United States","postcode":77361,"coordinates":{"latitude":"84.2048","longitude":"179.2431"},"timezone":{"offset":"-12:00","description":"Eniwetok, Kwajalein"}},"email":"roberta.payne@example.com","login":{"uuid":"ca60b765-bbd6-46e5-91a1-656dd173be2c","username":"biggorilla390","password":"newyork","salt":"R2zA4uLg","md5":"4917c243c644642facde2283b63d0339","sha1":"e7ab8bff74eeda6c408e2da802b3ec8a7f5e2ead","sha256":"8dae42d11afda59c377daf997617a9b5f8c7cea6fe71736c0d11568ebea4f0dc"},"dob":{"date":"1969-05-14T00:15:50.018Z","age":55},"registered":{"date":"2019-03-30T15:04:48.924Z","age":5},"phone":"(242) 781-8656","cell":"(502) 341-7534","id":{"name":"SSN","value":"879-55-1752"},"picture":{"large":"https://randomuser.me/api/portraits/women/83.jpg","medium":"https://randomuser.me/api/portraits/med/women/83.jpg","thumbnail":"https://randomuser.me/api/portraits/thumb/women/83.jpg"},"nat":"US"}],"info":{"seed":"05f904a28d237e81","results":1,"page":1,"version":"1.4"}} 
 </msg>
<msg time="2024-05-15T11:12:24.114765" level="INFO">/opt/hostedtoolcache/Python/3.12.3/x64/lib/python3.12/site-packages/urllib3/connectionpool.py:1103: InsecureRequestWarning: Unverified HTTPS request is being made to host 'randomuser.me'. Adding certificate verification is strongly advised. See: https://urllib3.readthedocs.io/en/latest/advanced-usage.html#tls-warnings
  warnings.warn(</msg>
<msg time="2024-05-15T11:12:24.114856" level="INFO">${response} = &lt;Response [200]&gt;</msg>
<var>${response}</var>
<arg>consultarAPI</arg>
<arg>/api</arg>
<doc>Sends a GET request on a previously created HTTP Session.</doc>
<status status="PASS" start="2024-05-15T11:12:24.003341" elapsed="0.111547"/>
</kw>
<kw name="Set Variable" owner="BuiltIn">
<msg time="2024-05-15T11:12:24.115728" level="INFO">${json_data} = {'results': [{'gender': 'female', 'name': {'title': 'Mrs', 'first': 'Roberta', 'last': 'Payne'}, 'location': {'street': {'number': 7259, 'name': 'Marsh Ln'}, 'city': 'High Point', 'state': 'Louisiana'...</msg>
<var>${json_data}</var>
<arg>${response.json()}</arg>
<doc>Returns the given values which can then be assigned to a variables.</doc>
<status status="PASS" start="2024-05-15T11:12:24.115281" elapsed="0.000474"/>
</kw>
<kw name="Log" owner="BuiltIn">
<msg time="2024-05-15T11:12:24.116207" level="INFO">{'results': [{'gender': 'female', 'name': {'title': 'Mrs', 'first': 'Roberta', 'last': 'Payne'}, 'location': {'street': {'number': 7259, 'name': 'Marsh Ln'}, 'city': 'High Point', 'state': 'Louisiana', 'country': 'United States', 'postcode': 77361, 'coordinates': {'latitude': '84.2048', 'longitude': '179.2431'}, 'timezone': {'offset': '-12:00', 'description': 'Eniwetok, Kwajalein'}}, 'email': 'roberta.payne@example.com', 'login': {'uuid': 'ca60b765-bbd6-46e5-91a1-656dd173be2c', 'username': 'biggorilla390', 'password': 'newyork', 'salt': 'R2zA4uLg', 'md5': '4917c243c644642facde2283b63d0339', 'sha1': 'e7ab8bff74eeda6c408e2da802b3ec8a7f5e2ead', 'sha256': '8dae42d11afda59c377daf997617a9b5f8c7cea6fe71736c0d11568ebea4f0dc'}, 'dob': {'date': '1969-05-14T00:15:50.018Z', 'age': 55}, 'registered': {'date': '2019-03-30T15:04:48.924Z', 'age': 5}, 'phone': '(242) 781-8656', 'cell': '(502) 341-7534', 'id': {'name': 'SSN', 'value': '879-55-1752'}, 'picture': {'large': 'https://randomuser.me/api/portraits/women/83.jpg', 'medium': 'https://randomuser.me/api/portraits/med/women/83.jpg', 'thumbnail': 'https://randomuser.me/api/portraits/thumb/women/83.jpg'}, 'nat': 'US'}], 'info': {'seed': '05f904a28d237e81', 'results': 1, 'page': 1, 'version': '1.4'}}</msg>
<arg>${json_data}</arg>
<doc>Logs the given message with the given level.</doc>
<status status="PASS" start="2024-05-15T11:12:24.116054" elapsed="0.000199"/>
</kw>
<kw name="Dictionary Should Contain Key" owner="Collections">
<msg time="2024-05-15T11:12:24.116705" level="INFO">False</msg>
<arg>${json_data}</arg>
<arg>results</arg>
<doc>Fails if ``key`` is not found from ``dictionary``.</doc>
<status status="PASS" start="2024-05-15T11:12:24.116546" elapsed="0.000195"/>
</kw>
<kw name="Should Not Be Empty" owner="BuiltIn">
<msg time="2024-05-15T11:12:24.117154" level="INFO">Length is 2.</msg>
<arg>${json_data}</arg>
<doc>Verifies that the given item is not empty.</doc>
<status status="PASS" start="2024-05-15T11:12:24.117026" elapsed="0.000286"/>
</kw>
<kw name="Create List" owner="BuiltIn">
<msg time="2024-05-15T11:12:24.117751" level="INFO">${expected_keys} = ['gender', 'name', 'location', 'email', 'login']</msg>
<var>${expected_keys}</var>
<arg>gender</arg>
<arg>name</arg>
<arg>location</arg>
<arg>email</arg>
<arg>login</arg>
<doc>Returns a list containing given items.</doc>
<status status="PASS" start="2024-05-15T11:12:24.117600" elapsed="0.000175"/>
</kw>
<for flavor="IN">
<iter>
<kw name="Dictionary Should Contain Key" owner="Collections">
<msg time="2024-05-15T11:12:24.118722" level="INFO">False</msg>
<arg>${json_data['results'][0]}</arg>
<arg>${key}</arg>
<doc>Fails if ``key`` is not found from ``dictionary``.</doc>
<status status="PASS" start="2024-05-15T11:12:24.118325" elapsed="0.000434"/>
</kw>
<kw name="Log" owner="BuiltIn">
<msg time="2024-05-15T11:12:24.119457" level="INFO">{'gender': 'female', 'name': {'title': 'Mrs', 'first': 'Roberta', 'last': 'Payne'}, 'location': {'street': {'number': 7259, 'name': 'Marsh Ln'}, 'city': 'High Point', 'state': 'Louisiana', 'country': 'United States', 'postcode': 77361, 'coordinates': {'latitude': '84.2048', 'longitude': '179.2431'}, 'timezone': {'offset': '-12:00', 'description': 'Eniwetok, Kwajalein'}}, 'email': 'roberta.payne@example.com', 'login': {'uuid': 'ca60b765-bbd6-46e5-91a1-656dd173be2c', 'username': 'biggorilla390', 'password': 'newyork', 'salt': 'R2zA4uLg', 'md5': '4917c243c644642facde2283b63d0339', 'sha1': 'e7ab8bff74eeda6c408e2da802b3ec8a7f5e2ead', 'sha256': '8dae42d11afda59c377daf997617a9b5f8c7cea6fe71736c0d11568ebea4f0dc'}, 'dob': {'date': '1969-05-14T00:15:50.018Z', 'age': 55}, 'registered': {'date': '2019-03-30T15:04:48.924Z', 'age': 5}, 'phone': '(242) 781-8656', 'cell': '(502) 341-7534', 'id': {'name': 'SSN', 'value': '879-55-1752'}, 'picture': {'large': 'https://randomuser.me/api/portraits/women/83.jpg', 'medium': 'https://randomuser.me/api/portraits/med/women/83.jpg', 'thumbnail': 'https://randomuser.me/api/portraits/thumb/women/83.jpg'}, 'nat': 'US'}</msg>
<arg>${json_data['results'][0]}</arg>
<doc>Logs the given message with the given level.</doc>
<status status="PASS" start="2024-05-15T11:12:24.119053" elapsed="0.000451"/>
</kw>
<kw name="Log" owner="BuiltIn">
<msg time="2024-05-15T11:12:24.119927" level="INFO">gender</msg>
<arg>${key}</arg>
<doc>Logs the given message with the given level.</doc>
<status status="PASS" start="2024-05-15T11:12:24.119801" elapsed="0.000162"/>
</kw>
<var name="${key}">gender</var>
<status status="PASS" start="2024-05-15T11:12:24.118198" elapsed="0.001975"/>
</iter>
<iter>
<kw name="Dictionary Should Contain Key" owner="Collections">
<msg time="2024-05-15T11:12:24.120841" level="INFO">False</msg>
<arg>${json_data['results'][0]}</arg>
<arg>${key}</arg>
<doc>Fails if ``key`` is not found from ``dictionary``.</doc>
<status status="PASS" start="2024-05-15T11:12:24.120466" elapsed="0.000412"/>
</kw>
<kw name="Log" owner="BuiltIn">
<msg time="2024-05-15T11:12:24.121571" level="INFO">{'gender': 'female', 'name': {'title': 'Mrs', 'first': 'Roberta', 'last': 'Payne'}, 'location': {'street': {'number': 7259, 'name': 'Marsh Ln'}, 'city': 'High Point', 'state': 'Louisiana', 'country': 'United States', 'postcode': 77361, 'coordinates': {'latitude': '84.2048', 'longitude': '179.2431'}, 'timezone': {'offset': '-12:00', 'description': 'Eniwetok, Kwajalein'}}, 'email': 'roberta.payne@example.com', 'login': {'uuid': 'ca60b765-bbd6-46e5-91a1-656dd173be2c', 'username': 'biggorilla390', 'password': 'newyork', 'salt': 'R2zA4uLg', 'md5': '4917c243c644642facde2283b63d0339', 'sha1': 'e7ab8bff74eeda6c408e2da802b3ec8a7f5e2ead', 'sha256': '8dae42d11afda59c377daf997617a9b5f8c7cea6fe71736c0d11568ebea4f0dc'}, 'dob': {'date': '1969-05-14T00:15:50.018Z', 'age': 55}, 'registered': {'date': '2019-03-30T15:04:48.924Z', 'age': 5}, 'phone': '(242) 781-8656', 'cell': '(502) 341-7534', 'id': {'name': 'SSN', 'value': '879-55-1752'}, 'picture': {'large': 'https://randomuser.me/api/portraits/women/83.jpg', 'medium': 'https://randomuser.me/api/portraits/med/women/83.jpg', 'thumbnail': 'https://randomuser.me/api/portraits/thumb/women/83.jpg'}, 'nat': 'US'}</msg>
<arg>${json_data['results'][0]}</arg>
<doc>Logs the given message with the given level.</doc>
<status status="PASS" start="2024-05-15T11:12:24.121197" elapsed="0.000421"/>
</kw>
<kw name="Log" owner="BuiltIn">
<msg time="2024-05-15T11:12:24.122033" level="INFO">name</msg>
<arg>${key}</arg>
<doc>Logs the given message with the given level.</doc>
<status status="PASS" start="2024-05-15T11:12:24.121908" elapsed="0.000161"/>
</kw>
<var name="${key}">name</var>
<status status="PASS" start="2024-05-15T11:12:24.120354" elapsed="0.001928"/>
</iter>
<iter>
<kw name="Dictionary Should Contain Key" owner="Collections">
<msg time="2024-05-15T11:12:24.122954" level="INFO">False</msg>
<arg>${json_data['results'][0]}</arg>
<arg>${key}</arg>
<doc>Fails if ``key`` is not found from ``dictionary``.</doc>
<status status="PASS" start="2024-05-15T11:12:24.122567" elapsed="0.000424"/>
</kw>
<kw name="Log" owner="BuiltIn">
<msg time="2024-05-15T11:12:24.123702" level="INFO">{'gender': 'female', 'name': {'title': 'Mrs', 'first': 'Roberta', 'last': 'Payne'}, 'location': {'street': {'number': 7259, 'name': 'Marsh Ln'}, 'city': 'High Point', 'state': 'Louisiana', 'country': 'United States', 'postcode': 77361, 'coordinates': {'latitude': '84.2048', 'longitude': '179.2431'}, 'timezone': {'offset': '-12:00', 'description': 'Eniwetok, Kwajalein'}}, 'email': 'roberta.payne@example.com', 'login': {'uuid': 'ca60b765-bbd6-46e5-91a1-656dd173be2c', 'username': 'biggorilla390', 'password': 'newyork', 'salt': 'R2zA4uLg', 'md5': '4917c243c644642facde2283b63d0339', 'sha1': 'e7ab8bff74eeda6c408e2da802b3ec8a7f5e2ead', 'sha256': '8dae42d11afda59c377daf997617a9b5f8c7cea6fe71736c0d11568ebea4f0dc'}, 'dob': {'date': '1969-05-14T00:15:50.018Z', 'age': 55}, 'registered': {'date': '2019-03-30T15:04:48.924Z', 'age': 5}, 'phone': '(242) 781-8656', 'cell': '(502) 341-7534', 'id': {'name': 'SSN', 'value': '879-55-1752'}, 'picture': {'large': 'https://randomuser.me/api/portraits/women/83.jpg', 'medium': 'https://randomuser.me/api/portraits/med/women/83.jpg', 'thumbnail': 'https://randomuser.me/api/portraits/thumb/women/83.jpg'}, 'nat': 'US'}</msg>
<arg>${json_data['results'][0]}</arg>
<doc>Logs the given message with the given level.</doc>
<status status="PASS" start="2024-05-15T11:12:24.123341" elapsed="0.000408"/>
</kw>
<kw name="Log" owner="BuiltIn">
<msg time="2024-05-15T11:12:24.124168" level="INFO">location</msg>
<arg>${key}</arg>
<doc>Logs the given message with the given level.</doc>
<status status="PASS" start="2024-05-15T11:12:24.124043" elapsed="0.000162"/>
</kw>
<var name="${key}">location</var>
<status status="PASS" start="2024-05-15T11:12:24.122457" elapsed="0.001959"/>
</iter>
<iter>
<kw name="Dictionary Should Contain Key" owner="Collections">
<msg time="2024-05-15T11:12:24.125069" level="INFO">False</msg>
<arg>${json_data['results'][0]}</arg>
<arg>${key}</arg>
<doc>Fails if ``key`` is not found from ``dictionary``.</doc>
<status status="PASS" start="2024-05-15T11:12:24.124692" elapsed="0.000414"/>
</kw>
<kw name="Log" owner="BuiltIn">
<msg time="2024-05-15T11:12:24.125766" level="INFO">{'gender': 'female', 'name': {'title': 'Mrs', 'first': 'Roberta', 'last': 'Payne'}, 'location': {'street': {'number': 7259, 'name': 'Marsh Ln'}, 'city': 'High Point', 'state': 'Louisiana', 'country': 'United States', 'postcode': 77361, 'coordinates': {'latitude': '84.2048', 'longitude': '179.2431'}, 'timezone': {'offset': '-12:00', 'description': 'Eniwetok, Kwajalein'}}, 'email': 'roberta.payne@example.com', 'login': {'uuid': 'ca60b765-bbd6-46e5-91a1-656dd173be2c', 'username': 'biggorilla390', 'password': 'newyork', 'salt': 'R2zA4uLg', 'md5': '4917c243c644642facde2283b63d0339', 'sha1': 'e7ab8bff74eeda6c408e2da802b3ec8a7f5e2ead', 'sha256': '8dae42d11afda59c377daf997617a9b5f8c7cea6fe71736c0d11568ebea4f0dc'}, 'dob': {'date': '1969-05-14T00:15:50.018Z', 'age': 55}, 'registered': {'date': '2019-03-30T15:04:48.924Z', 'age': 5}, 'phone': '(242) 781-8656', 'cell': '(502) 341-7534', 'id': {'name': 'SSN', 'value': '879-55-1752'}, 'picture': {'large': 'https://randomuser.me/api/portraits/women/83.jpg', 'medium': 'https://randomuser.me/api/portraits/med/women/83.jpg', 'thumbnail': 'https://randomuser.me/api/portraits/thumb/women/83.jpg'}, 'nat': 'US'}</msg>
<arg>${json_data['results'][0]}</arg>
<doc>Logs the given message with the given level.</doc>
<status status="PASS" start="2024-05-15T11:12:24.125402" elapsed="0.000411"/>
</kw>
<kw name="Log" owner="BuiltIn">
<msg time="2024-05-15T11:12:24.126230" level="INFO">email</msg>
<arg>${key}</arg>
<doc>Logs the given message with the given level.</doc>
<status status="PASS" start="2024-05-15T11:12:24.126103" elapsed="0.000163"/>
</kw>
<var name="${key}">email</var>
<status status="PASS" start="2024-05-15T11:12:24.124584" elapsed="0.001896"/>
</iter>
<iter>
<kw name="Dictionary Should Contain Key" owner="Collections">
<msg time="2024-05-15T11:12:24.127172" level="INFO">False</msg>
<arg>${json_data['results'][0]}</arg>
<arg>${key}</arg>
<doc>Fails if ``key`` is not found from ``dictionary``.</doc>
<status status="PASS" start="2024-05-15T11:12:24.126767" elapsed="0.000454"/>
</kw>
<kw name="Log" owner="BuiltIn">
<msg time="2024-05-15T11:12:24.127882" level="INFO">{'gender': 'female', 'name': {'title': 'Mrs', 'first': 'Roberta', 'last': 'Payne'}, 'location': {'street': {'number': 7259, 'name': 'Marsh Ln'}, 'city': 'High Point', 'state': 'Louisiana', 'country': 'United States', 'postcode': 77361, 'coordinates': {'latitude': '84.2048', 'longitude': '179.2431'}, 'timezone': {'offset': '-12:00', 'description': 'Eniwetok, Kwajalein'}}, 'email': 'roberta.payne@example.com', 'login': {'uuid': 'ca60b765-bbd6-46e5-91a1-656dd173be2c', 'username': 'biggorilla390', 'password': 'newyork', 'salt': 'R2zA4uLg', 'md5': '4917c243c644642facde2283b63d0339', 'sha1': 'e7ab8bff74eeda6c408e2da802b3ec8a7f5e2ead', 'sha256': '8dae42d11afda59c377daf997617a9b5f8c7cea6fe71736c0d11568ebea4f0dc'}, 'dob': {'date': '1969-05-14T00:15:50.018Z', 'age': 55}, 'registered': {'date': '2019-03-30T15:04:48.924Z', 'age': 5}, 'phone': '(242) 781-8656', 'cell': '(502) 341-7534', 'id': {'name': 'SSN', 'value': '879-55-1752'}, 'picture': {'large': 'https://randomuser.me/api/portraits/women/83.jpg', 'medium': 'https://randomuser.me/api/portraits/med/women/83.jpg', 'thumbnail': 'https://randomuser.me/api/portraits/thumb/women/83.jpg'}, 'nat': 'US'}</msg>
<arg>${json_data['results'][0]}</arg>
<doc>Logs the given message with the given level.</doc>
<status status="PASS" start="2024-05-15T11:12:24.127513" elapsed="0.000415"/>
</kw>
<kw name="Log" owner="BuiltIn">
<msg time="2024-05-15T11:12:24.128346" level="INFO">login</msg>
<arg>${key}</arg>
<doc>Logs the given message with the given level.</doc>
<status status="PASS" start="2024-05-15T11:12:24.128220" elapsed="0.000164"/>
</kw>
<var name="${key}">login</var>
<status status="PASS" start="2024-05-15T11:12:24.126656" elapsed="0.001967"/>
</iter>
<var>${key}</var>
<value>@{expected_keys}</value>
<status status="PASS" start="2024-05-15T11:12:24.118021" elapsed="0.010726"/>
</for>
<kw name="Create List" owner="BuiltIn">
<msg time="2024-05-15T11:12:24.129073" level="INFO">${expected_keysTwo} = ['username', 'password']</msg>
<var>${expected_keysTwo}</var>
<arg>username</arg>
<arg>password</arg>
<doc>Returns a list containing given items.</doc>
<status status="PASS" start="2024-05-15T11:12:24.128937" elapsed="0.000160"/>
</kw>
<for flavor="IN">
<iter>
<kw name="Dictionary Should Contain Key" owner="Collections">
<msg time="2024-05-15T11:12:24.129970" level="INFO">False</msg>
<arg>${json_data['results'][0]['login']}</arg>
<arg>${keyTwo}</arg>
<doc>Fails if ``key`` is not found from ``dictionary``.</doc>
<status status="PASS" start="2024-05-15T11:12:24.129588" elapsed="0.000418"/>
</kw>
<kw name="Dictionary Should Contain Key" owner="Collections">
<msg time="2024-05-15T11:12:24.130673" level="INFO">False</msg>
<arg>${json_data['results'][0]['login']}</arg>
<arg>${keyTwo}</arg>
<doc>Fails if ``key`` is not found from ``dictionary``.</doc>
<status status="PASS" start="2024-05-15T11:12:24.130297" elapsed="0.000413"/>
</kw>
<kw name="Log" owner="BuiltIn">
<msg time="2024-05-15T11:12:24.131145" level="INFO">username</msg>
<arg>${keyTwo}</arg>
<doc>Logs the given message with the given level.</doc>
<status status="PASS" start="2024-05-15T11:12:24.130999" elapsed="0.000189"/>
</kw>
<var name="${keyTwo}">username</var>
<status status="PASS" start="2024-05-15T11:12:24.129480" elapsed="0.001923"/>
</iter>
<iter>
<kw name="Dictionary Should Contain Key" owner="Collections">
<msg time="2024-05-15T11:12:24.132143" level="INFO">False</msg>
<arg>${json_data['results'][0]['login']}</arg>
<arg>${keyTwo}</arg>
<doc>Fails if ``key`` is not found from ``dictionary``.</doc>
<status status="PASS" start="2024-05-15T11:12:24.131681" elapsed="0.000503"/>
</kw>
<kw name="Dictionary Should Contain Key" owner="Collections">
<msg time="2024-05-15T11:12:24.132851" level="INFO">False</msg>
<arg>${json_data['results'][0]['login']}</arg>
<arg>${keyTwo}</arg>
<doc>Fails if ``key`` is not found from ``dictionary``.</doc>
<status status="PASS" start="2024-05-15T11:12:24.132476" elapsed="0.000411"/>
</kw>
<kw name="Log" owner="BuiltIn">
<msg time="2024-05-15T11:12:24.133303" level="INFO">password</msg>
<arg>${keyTwo}</arg>
<doc>Logs the given message with the given level.</doc>
<status status="PASS" start="2024-05-15T11:12:24.133177" elapsed="0.000163"/>
</kw>
<var name="${keyTwo}">password</var>
<status status="PASS" start="2024-05-15T11:12:24.131571" elapsed="0.001982"/>
</iter>
<var>${keyTwo}</var>
<value>@{expected_keysTwo}</value>
<status status="PASS" start="2024-05-15T11:12:24.129329" elapsed="0.004342"/>
</for>
<status status="PASS" start="2024-05-15T11:12:24.003103" elapsed="0.130702"/>
</kw>
<doc>Testa a estrutura da resposta da API.</doc>
<tag>testeEstruturaResposta</tag>
<status status="PASS" start="2024-05-15T11:12:24.002573" elapsed="0.131378"/>
</test>
<test id="s1-s1-t4" name="Validar tipos de dados" line="28">
<kw name="Teste de Tipos de Dados" owner="random-user-service">
<kw name="GET On Session" owner="RequestsLibrary">
<msg time="2024-05-15T11:12:24.190978" level="INFO">GET Request : url=https://randomuser.me/api 
 path_url=/api 
 headers={'User-Agent': 'python-requests/2.31.0', 'Accept-Encoding': 'gzip, deflate', 'Accept': '*/*', 'Connection': 'keep-alive'} 
 body=None 
 </msg>
<msg time="2024-05-15T11:12:24.191060" level="INFO">GET Response : url=https://randomuser.me/api 
 status=200, reason=OK 
 headers={'Date': 'Wed, 15 May 2024 11:12:24 GMT', 'Content-Type': 'application/json; charset=utf-8', 'Transfer-Encoding': 'chunked', 'Connection': 'keep-alive', 'X-Powered-By': 'Express', 'Access-Control-Allow-Origin': '*', 'Cache-Control': 'no-cache', 'ETag': 'W/"472-H1+1cZqTk0FkEC21B2Njft7Aj4M"', 'Vary': 'Accept-Encoding', 'Content-Encoding': 'gzip', 'CF-Cache-Status': 'DYNAMIC', 'Report-To': '{"endpoints":[{"url":"https:\\/\\/a.nel.cloudflare.com\\/report\\/v4?s=TAOjlCykRye8hAybWfI6scM20UNDnbMqwPtVTATeiJbsX%2Bb8CYQYV5CoRHmBJVo8P6Afj6PToKAOjacuvqUEP4XiYaEtPFg0IP3TWhXRsP9f%2F46XMTRF05WC%2FwfNfBUS"}],"group":"cf-nel","max_age":604800}', 'NEL': '{"success_fraction":0,"report_to":"cf-nel","max_age":604800}', 'Server': 'cloudflare', 'CF-RAY': '8842b156df2a1727-IAD', 'alt-svc': 'h3=":443"; ma=86400'} 
 body={"results":[{"gender":"female","name":{"title":"Mrs","first":"Roshel","last":"Spivak"},"location":{"street":{"number":58,"name":"Torf'yana"},"city":"Slov'yansk","state":"Hmelnicka","country":"Ukraine","postcode":39500,"coordinates":{"latitude":"75.5565","longitude":"26.9922"},"timezone":{"offset":"+9:30","description":"Adelaide, Darwin"}},"email":"roshel.spivak@example.com","login":{"uuid":"cc9e0ece-54f8-4b7f-83c5-f5fe0326e44a","username":"greenwolf435","password":"shocker","salt":"p7GRB9pm","md5":"431a80dc8bbb3a13fc3f066da50a1a80","sha1":"2a2ee5323fa31dbad0f83cc96753956328c7599c","sha256":"c881a56aeec4a28dc6b06e57cb2bbc19f3e1c47ad1bf76de38c30fd1d28c47cb"},"dob":{"date":"1998-11-22T12:11:28.647Z","age":25},"registered":{"date":"2020-02-13T16:07:37.906Z","age":4},"phone":"(067) E39-2269","cell":"(068) A65-8289","id":{"name":"","value":null},"picture":{"large":"https://randomuser.me/api/portraits/women/2.jpg","medium":"https://randomuser.me/api/portraits/med/women/2.jpg","thumbnail":"https://randomuser.me/api/portraits/thumb/women/2.jpg"},"nat":"UA"}],"info":{"seed":"8de40582bf54caf9","results":1,"page":1,"version":"1.4"}} 
 </msg>
<msg time="2024-05-15T11:12:24.191172" level="INFO">/opt/hostedtoolcache/Python/3.12.3/x64/lib/python3.12/site-packages/urllib3/connectionpool.py:1103: InsecureRequestWarning: Unverified HTTPS request is being made to host 'randomuser.me'. Adding certificate verification is strongly advised. See: https://urllib3.readthedocs.io/en/latest/advanced-usage.html#tls-warnings
  warnings.warn(</msg>
<msg time="2024-05-15T11:12:24.191281" level="INFO">${response} = &lt;Response [200]&gt;</msg>
<var>${response}</var>
<arg>consultarAPI</arg>
<arg>/api</arg>
<doc>Sends a GET request on a previously created HTTP Session.</doc>
<status status="PASS" start="2024-05-15T11:12:24.136380" elapsed="0.054932"/>
</kw>
<kw name="Set Variable" owner="BuiltIn">
<msg time="2024-05-15T11:12:24.192213" level="INFO">${json_data} = {'results': [{'gender': 'female', 'name': {'title': 'Mrs', 'first': 'Roshel', 'last': 'Spivak'}, 'location': {'street': {'number': 58, 'name': "Torf'yana"}, 'city': "Slov'yansk", 'state': 'Hmelnicka',...</msg>
<var>${json_data}</var>
<arg>${response.json()}</arg>
<doc>Returns the given values which can then be assigned to a variables.</doc>
<status status="PASS" start="2024-05-15T11:12:24.191779" elapsed="0.000462"/>
</kw>
<kw name="Log" owner="BuiltIn">
<msg time="2024-05-15T11:12:24.192687" level="INFO">{'results': [{'gender': 'female', 'name': {'title': 'Mrs', 'first': 'Roshel', 'last': 'Spivak'}, 'location': {'street': {'number': 58, 'name': "Torf'yana"}, 'city': "Slov'yansk", 'state': 'Hmelnicka', 'country': 'Ukraine', 'postcode': 39500, 'coordinates': {'latitude': '75.5565', 'longitude': '26.9922'}, 'timezone': {'offset': '+9:30', 'description': 'Adelaide, Darwin'}}, 'email': 'roshel.spivak@example.com', 'login': {'uuid': 'cc9e0ece-54f8-4b7f-83c5-f5fe0326e44a', 'username': 'greenwolf435', 'password': 'shocker', 'salt': 'p7GRB9pm', 'md5': '431a80dc8bbb3a13fc3f066da50a1a80', 'sha1': '2a2ee5323fa31dbad0f83cc96753956328c7599c', 'sha256': 'c881a56aeec4a28dc6b06e57cb2bbc19f3e1c47ad1bf76de38c30fd1d28c47cb'}, 'dob': {'date': '1998-11-22T12:11:28.647Z', 'age': 25}, 'registered': {'date': '2020-02-13T16:07:37.906Z', 'age': 4}, 'phone': '(067) E39-2269', 'cell': '(068) A65-8289', 'id': {'name': '', 'value': None}, 'picture': {'large': 'https://randomuser.me/api/portraits/women/2.jpg', 'medium': 'https://randomuser.me/api/portraits/med/women/2.jpg', 'thumbnail': 'https://randomuser.me/api/portraits/thumb/women/2.jpg'}, 'nat': 'UA'}], 'info': {'seed': '8de40582bf54caf9', 'results': 1, 'page': 1, 'version': '1.4'}}</msg>
<arg>${json_data}</arg>
<doc>Logs the given message with the given level.</doc>
<status status="PASS" start="2024-05-15T11:12:24.192539" elapsed="0.000226"/>
</kw>
<kw name="Should Be String" owner="String">
<arg>${json_data['results'][0]['gender']}</arg>
<doc>Fails if the given ``item`` is not a string.</doc>
<status status="PASS" start="2024-05-15T11:12:24.193058" elapsed="0.000360"/>
</kw>
<kw name="Should Match Regexp" owner="BuiltIn">
<arg>${json_data['results'][0]['email']}</arg>
<arg>^[a-zA-Z0-9._%+-]+@[a-zA-Z0-9.-]+\.[a-zA-Z]{2,}$</arg>
<doc>Fails if ``string`` does not match ``pattern`` as a regular expression.</doc>
<status status="PASS" start="2024-05-15T11:12:24.193608" elapsed="0.000500"/>
</kw>
<kw name="Should Match Regexp" owner="BuiltIn">
<arg>${json_data['results'][0]['dob']['date']}</arg>
<arg>\\d{4}-\\d{2}-\\d{2}T\\d{2}:\\d{2}:\\d{2}\\.\\d{3}Z</arg>
<doc>Fails if ``string`` does not match ``pattern`` as a regular expression.</doc>
<status status="PASS" start="2024-05-15T11:12:24.194301" elapsed="0.000494"/>
</kw>
<kw name="Should Match Regexp" owner="BuiltIn">
<arg>${json_data['results'][0]['registered']['date']}</arg>
<arg>\\d{4}-\\d{2}-\\d{2}T\\d{2}:\\d{2}:\\d{2}\\.\\d{3}Z</arg>
<doc>Fails if ``string`` does not match ``pattern`` as a regular expression.</doc>
<status status="PASS" start="2024-05-15T11:12:24.194983" elapsed="0.000401"/>
</kw>
<kw name="Should Match Regexp" owner="BuiltIn">
<arg>${json_data['results'][0]['picture']['large']}</arg>
<arg>^https?://.*\.(?:png|jpe?g|gif|bmp)$</arg>
<doc>Fails if ``string`` does not match ``pattern`` as a regular expression.</doc>
<status status="PASS" start="2024-05-15T11:12:24.195575" elapsed="0.000460"/>
</kw>
<kw name="Should Match Regexp" owner="BuiltIn">
<arg>${json_data['results'][0]['picture']['medium']}</arg>
<arg>^https?://.*\.(?:png|jpe?g|gif|bmp)$</arg>
<doc>Fails if ``string`` does not match ``pattern`` as a regular expression.</doc>
<status status="PASS" start="2024-05-15T11:12:24.196221" elapsed="0.000356"/>
</kw>
<kw name="Should Match Regexp" owner="BuiltIn">
<arg>${json_data['results'][0]['picture']['thumbnail']}</arg>
<arg>^https?://.*\.(?:png|jpe?g|gif|bmp)$</arg>
<doc>Fails if ``string`` does not match ``pattern`` as a regular expression.</doc>
<status status="PASS" start="2024-05-15T11:12:24.196765" elapsed="0.000350"/>
</kw>
<kw name="Log" owner="BuiltIn">
<msg time="2024-05-15T11:12:24.197618" level="INFO">{'large': 'https://randomuser.me/api/portraits/women/2.jpg', 'medium': 'https://randomuser.me/api/portraits/med/women/2.jpg', 'thumbnail': 'https://randomuser.me/api/portraits/thumb/women/2.jpg'}</msg>
<arg>${json_data['results'][0]['picture']}</arg>
<doc>Logs the given message with the given level.</doc>
<status status="PASS" start="2024-05-15T11:12:24.197292" elapsed="0.000367"/>
</kw>
<status status="PASS" start="2024-05-15T11:12:24.136163" elapsed="0.061745"/>
</kw>
<kw name="Teste de Tipos de Dados - Postcode" owner="random-user-service">
<kw name="GET On Session" owner="RequestsLibrary">
<msg time="2024-05-15T11:12:24.290962" level="INFO">GET Request : url=https://randomuser.me/api 
 path_url=/api 
 headers={'User-Agent': 'python-requests/2.31.0', 'Accept-Encoding': 'gzip, deflate', 'Accept': '*/*', 'Connection': 'keep-alive'} 
 body=None 
 </msg>
<msg time="2024-05-15T11:12:24.291045" level="INFO">GET Response : url=https://randomuser.me/api 
 status=200, reason=OK 
 headers={'Date': 'Wed, 15 May 2024 11:12:24 GMT', 'Content-Type': 'application/json; charset=utf-8', 'Transfer-Encoding': 'chunked', 'Connection': 'keep-alive', 'X-Powered-By': 'Express', 'Access-Control-Allow-Origin': '*', 'Cache-Control': 'no-cache', 'ETag': 'W/"485-gjbEu+z/AzA2sxfk/LkWfjYVMlg"', 'Vary': 'Accept-Encoding', 'Content-Encoding': 'gzip', 'CF-Cache-Status': 'DYNAMIC', 'Report-To': '{"endpoints":[{"url":"https:\\/\\/a.nel.cloudflare.com\\/report\\/v4?s=i1F%2FJlSzB5L8tzmBIMM9Gj5RHRdKMraNb2lpvA2kteg56jE04STpTO7oBDf4XWceXuVFAi%2FZmWoy%2BwHBYpPK2Ynd%2BSJWwhcetlDDmNKR1d6rE8ugvwzJhFavna1pA7U0"}],"group":"cf-nel","max_age":604800}', 'NEL': '{"success_fraction":0,"report_to":"cf-nel","max_age":604800}', 'Server': 'cloudflare', 'CF-RAY': '8842b1573f901727-IAD', 'alt-svc': 'h3=":443"; ma=86400'} 
 body={"results":[{"gender":"female","name":{"title":"Mrs","first":"Kavya","last":"Saniel"},"location":{"street":{"number":5532,"name":"Mirza Ghalib St"},"city":"Udupi","state":"Rajasthan","country":"India","postcode":65650,"coordinates":{"latitude":"11.1788","longitude":"55.2928"},"timezone":{"offset":"+2:00","description":"Kaliningrad, South Africa"}},"email":"kavya.saniel@example.com","login":{"uuid":"4c6888fd-9693-492d-9569-3344649217f5","username":"organicduck311","password":"guang","salt":"xJnMh1hv","md5":"d401edbd1989c109bd3daed2dc9491f5","sha1":"b36daa712103e5818c17b52355044bb1e68139f1","sha256":"2f54d4c99c8b9fb1e2fcf446817de5b2b70e60196a1ff8f20b86dc33abd246ed"},"dob":{"date":"1960-06-22T23:26:12.436Z","age":63},"registered":{"date":"2007-09-07T05:12:38.254Z","age":16},"phone":"7610493469","cell":"9111922745","id":{"name":"UIDAI","value":"640054064269"},"picture":{"large":"https://randomuser.me/api/portraits/women/40.jpg","medium":"https://randomuser.me/api/portraits/med/women/40.jpg","thumbnail":"https://randomuser.me/api/portraits/thumb/women/40.jpg"},"nat":"IN"}],"info":{"seed":"ca56dbce46225240","results":1,"page":1,"version":"1.4"}} 
 </msg>
<msg time="2024-05-15T11:12:24.291146" level="INFO">/opt/hostedtoolcache/Python/3.12.3/x64/lib/python3.12/site-packages/urllib3/connectionpool.py:1103: InsecureRequestWarning: Unverified HTTPS request is being made to host 'randomuser.me'. Adding certificate verification is strongly advised. See: https://urllib3.readthedocs.io/en/latest/advanced-usage.html#tls-warnings
  warnings.warn(</msg>
<msg time="2024-05-15T11:12:24.291266" level="INFO">${response} = &lt;Response [200]&gt;</msg>
<var>${response}</var>
<arg>consultarAPI</arg>
<arg>/api</arg>
<doc>Sends a GET request on a previously created HTTP Session.</doc>
<status status="PASS" start="2024-05-15T11:12:24.198327" elapsed="0.092982"/>
</kw>
<kw name="Set Variable" owner="BuiltIn">
<msg time="2024-05-15T11:12:24.292262" level="INFO">${json_data} = {'results': [{'gender': 'female', 'name': {'title': 'Mrs', 'first': 'Kavya', 'last': 'Saniel'}, 'location': {'street': {'number': 5532, 'name': 'Mirza Ghalib St'}, 'city': 'Udupi', 'state': 'Rajasthan...</msg>
<var>${json_data}</var>
<arg>${response.json()}</arg>
<doc>Returns the given values which can then be assigned to a variables.</doc>
<status status="PASS" start="2024-05-15T11:12:24.291789" elapsed="0.000500"/>
</kw>
<kw name="Log" owner="BuiltIn">
<msg time="2024-05-15T11:12:24.292746" level="INFO">{'results': [{'gender': 'female', 'name': {'title': 'Mrs', 'first': 'Kavya', 'last': 'Saniel'}, 'location': {'street': {'number': 5532, 'name': 'Mirza Ghalib St'}, 'city': 'Udupi', 'state': 'Rajasthan', 'country': 'India', 'postcode': 65650, 'coordinates': {'latitude': '11.1788', 'longitude': '55.2928'}, 'timezone': {'offset': '+2:00', 'description': 'Kaliningrad, South Africa'}}, 'email': 'kavya.saniel@example.com', 'login': {'uuid': '4c6888fd-9693-492d-9569-3344649217f5', 'username': 'organicduck311', 'password': 'guang', 'salt': 'xJnMh1hv', 'md5': 'd401edbd1989c109bd3daed2dc9491f5', 'sha1': 'b36daa712103e5818c17b52355044bb1e68139f1', 'sha256': '2f54d4c99c8b9fb1e2fcf446817de5b2b70e60196a1ff8f20b86dc33abd246ed'}, 'dob': {'date': '1960-06-22T23:26:12.436Z', 'age': 63}, 'registered': {'date': '2007-09-07T05:12:38.254Z', 'age': 16}, 'phone': '7610493469', 'cell': '9111922745', 'id': {'name': 'UIDAI', 'value': '640054064269'}, 'picture': {'large': 'https://randomuser.me/api/portraits/women/40.jpg', 'medium': 'https://randomuser.me/api/portraits/med/women/40.jpg', 'thumbnail': 'https://randomuser.me/api/portraits/thumb/women/40.jpg'}, 'nat': 'IN'}], 'info': {'seed': 'ca56dbce46225240', 'results': 1, 'page': 1, 'version': '1.4'}}</msg>
<arg>${json_data}</arg>
<doc>Logs the given message with the given level.</doc>
<status status="PASS" start="2024-05-15T11:12:24.292594" elapsed="0.000228"/>
</kw>
<kw name="Should Be Equal As Numbers" owner="BuiltIn">
<arg>${json_data['results'][0]['location']['postcode']}</arg>
<arg>${json_data['results'][0]['location']['postcode']}</arg>
<doc>Fails if objects are unequal after converting them to real numbers.</doc>
<status status="PASS" start="2024-05-15T11:12:24.293240" elapsed="0.000615"/>
</kw>
<kw name="Log" owner="BuiltIn">
<msg time="2024-05-15T11:12:24.294378" level="INFO">65650</msg>
<arg>${json_data['results'][0]['location']['postcode']}</arg>
<doc>Logs the given message with the given level.</doc>
<status status="PASS" start="2024-05-15T11:12:24.294044" elapsed="0.000374"/>
</kw>
<status status="PASS" start="2024-05-15T11:12:24.198112" elapsed="0.096554"/>
</kw>
<doc>Testa se os tipos de dados na resposta da API estão corretos.</doc>
<tag>testeTiposDados</tag>
<status status="PASS" start="2024-05-15T11:12:24.135732" elapsed="0.159088"/>
</test>
<test id="s1-s1-t5" name="Validar conteudo" line="35">
<kw name="Teste de Tipos de Conteudo" owner="random-user-service">
<kw name="GET On Session" owner="RequestsLibrary">
<msg time="2024-05-15T11:12:24.395974" level="INFO">GET Request : url=https://randomuser.me/api 
 path_url=/api 
 headers={'User-Agent': 'python-requests/2.31.0', 'Accept-Encoding': 'gzip, deflate', 'Accept': '*/*', 'Connection': 'keep-alive'} 
 body=None 
 </msg>
<msg time="2024-05-15T11:12:24.396059" level="INFO">GET Response : url=https://randomuser.me/api 
 status=200, reason=OK 
 headers={'Date': 'Wed, 15 May 2024 11:12:24 GMT', 'Content-Type': 'application/json; charset=utf-8', 'Transfer-Encoding': 'chunked', 'Connection': 'keep-alive', 'X-Powered-By': 'Express', 'Access-Control-Allow-Origin': '*', 'Cache-Control': 'no-cache', 'ETag': 'W/"499-rY4QYscUbaQz+O8fJ3WBCu5mNMk"', 'Vary': 'Accept-Encoding', 'Content-Encoding': 'gzip', 'CF-Cache-Status': 'DYNAMIC', 'Report-To': '{"endpoints":[{"url":"https:\\/\\/a.nel.cloudflare.com\\/report\\/v4?s=T2%2B9Vy%2BvCD5cETb3rwbijbzDSyemLnW0W%2FG0hwjKy%2BicWszgliDxU6yAlA8S4JbSZ2B%2Bf0byTCopyUfjT8A18jojpc7szQUsBLODeBbX6ApydqUuYL3pmYzP%2FC03aKAg"}],"group":"cf-nel","max_age":604800}', 'NEL': '{"success_fraction":0,"report_to":"cf-nel","max_age":604800}', 'Server': 'cloudflare', 'CF-RAY': '8842b157d82e1727-IAD', 'alt-svc': 'h3=":443"; ma=86400'} 
 body={"results":[{"gender":"female","name":{"title":"Mrs","first":"Maan","last":"Lit"},"location":{"street":{"number":7944,"name":"Keersweel"},"city":"Geldrop-Mierlo","state":"Overijssel","country":"Netherlands","postcode":"6883 YN","coordinates":{"latitude":"31.7506","longitude":"175.4023"},"timezone":{"offset":"+1:00","description":"Brussels, Copenhagen, Madrid, Paris"}},"email":"maan.lit@example.com","login":{"uuid":"9757ce4b-486e-41d9-bd3c-7cc788ac770e","username":"smallladybug779","password":"caitlin","salt":"Fx5f2KQZ","md5":"6d41812b635dae77b17d0791928844be","sha1":"91407a3ef17e7ce760c249eca371d76c31485f1e","sha256":"f36f905c33b3d41c902db77d905937dfb67f2428b14c8014e64a1a8fd0e7989b"},"dob":{"date":"1990-04-08T04:17:14.282Z","age":34},"registered":{"date":"2011-11-07T07:45:33.798Z","age":12},"phone":"(056) 7440811","cell":"(06) 82239003","id":{"name":"BSN","value":"10360357"},"picture":{"large":"https://randomuser.me/api/portraits/women/49.jpg","medium":"https://randomuser.me/api/portraits/med/women/49.jpg","thumbnail":"https://randomuser.me/api/portraits/thumb/women/49.jpg"},"nat":"NL"}],"info":{"seed":"057a706af2f23b5b","results":1,"page":1,"version":"1.4"}} 
 </msg>
<msg time="2024-05-15T11:12:24.396115" level="INFO">/opt/hostedtoolcache/Python/3.12.3/x64/lib/python3.12/site-packages/urllib3/connectionpool.py:1103: InsecureRequestWarning: Unverified HTTPS request is being made to host 'randomuser.me'. Adding certificate verification is strongly advised. See: https://urllib3.readthedocs.io/en/latest/advanced-usage.html#tls-warnings
  warnings.warn(</msg>
<msg time="2024-05-15T11:12:24.396198" level="INFO">${response} = &lt;Response [200]&gt;</msg>
<var>${response}</var>
<arg>consultarAPI</arg>
<arg>/api</arg>
<doc>Sends a GET request on a previously created HTTP Session.</doc>
<status status="PASS" start="2024-05-15T11:12:24.297216" elapsed="0.099013"/>
</kw>
<kw name="Set Variable" owner="BuiltIn">
<msg time="2024-05-15T11:12:24.397037" level="INFO">${json_data} = {'results': [{'gender': 'female', 'name': {'title': 'Mrs', 'first': 'Maan', 'last': 'Lit'}, 'location': {'street': {'number': 7944, 'name': 'Keersweel'}, 'city': 'Geldrop-Mierlo', 'state': 'Overijssel...</msg>
<var>${json_data}</var>
<arg>${response.json()}</arg>
<doc>Returns the given values which can then be assigned to a variables.</doc>
<status status="PASS" start="2024-05-15T11:12:24.396598" elapsed="0.000467"/>
</kw>
<kw name="Set Variable" owner="BuiltIn">
<msg time="2024-05-15T11:12:24.397755" level="INFO">${name_title} = Mrs</msg>
<var>${name_title}</var>
<arg>${json_data["results"][0]["name"]["title"]}</arg>
<doc>Returns the given values which can then be assigned to a variables.</doc>
<status status="PASS" start="2024-05-15T11:12:24.397369" elapsed="0.000411"/>
</kw>
<kw name="Create List" owner="BuiltIn">
<msg time="2024-05-15T11:12:24.398230" level="INFO">${allowed_titles} = ['Mr', 'Ms', 'Miss', 'Mrs', 'Madame', 'Monsieur']</msg>
<var>${allowed_titles}</var>
<arg>Mr</arg>
<arg>Ms</arg>
<arg>Miss</arg>
<arg>Mrs</arg>
<arg>Madame</arg>
<arg>Monsieur</arg>
<doc>Returns a list containing given items.</doc>
<status status="PASS" start="2024-05-15T11:12:24.398084" elapsed="0.000169"/>
</kw>
<kw name="List Should Contain Value" owner="Collections">
<msg time="2024-05-15T11:12:24.398728" level="INFO">False</msg>
<arg>${allowed_titles}</arg>
<arg>${name_title}</arg>
<doc>Fails if the ``value`` is not found from ``list``.</doc>
<status status="PASS" start="2024-05-15T11:12:24.398560" elapsed="0.000203"/>
</kw>
<kw name="Set Variable" owner="BuiltIn">
<msg time="2024-05-15T11:12:24.399467" level="INFO">${name_country} = NL</msg>
<var>${name_country}</var>
<arg>${json_data["results"][0]["nat"]}</arg>
<doc>Returns the given values which can then be assigned to a variables.</doc>
<status status="PASS" start="2024-05-15T11:12:24.399053" elapsed="0.000439"/>
</kw>
<kw name="Create List" owner="BuiltIn">
<msg time="2024-05-15T11:12:24.400375" level="INFO">${list_country} = ['AD', 'AE', 'AF', 'AG', 'AI', 'AL', 'AM', 'AO', 'AQ', 'AR', 'AS', 'AT', 'AU', 'AW', 'AX', 'AZ', 'BA', 'BB', 'BD', 'BE', 'BF', 'BG', 'BH', 'BI', 'BJ', 'BL', 'BM', 'BN', 'BO', 'BQ', 'BR', 'BS', 'BT', '...</msg>
<var>${list_country}</var>
<arg>AD</arg>
<arg>AE</arg>
<arg>AF</arg>
<arg>AG</arg>
<arg>AI</arg>
<arg>AL</arg>
<arg>AM</arg>
<arg>AO</arg>
<arg>AQ</arg>
<arg>AR</arg>
<arg>AS</arg>
<arg>AT</arg>
<arg>AU</arg>
<arg>AW</arg>
<arg>AX</arg>
<arg>AZ</arg>
<arg>BA</arg>
<arg>BB</arg>
<arg>BD</arg>
<arg>BE</arg>
<arg>BF</arg>
<arg>BG</arg>
<arg>BH</arg>
<arg>BI</arg>
<arg>BJ</arg>
<arg>BL</arg>
<arg>BM</arg>
<arg>BN</arg>
<arg>BO</arg>
<arg>BQ</arg>
<arg>BR</arg>
<arg>BS</arg>
<arg>BT</arg>
<arg>BV</arg>
<arg>BW</arg>
<arg>BY</arg>
<arg>BZ</arg>
<arg>CA</arg>
<arg>CC</arg>
<arg>CD</arg>
<arg>CF</arg>
<arg>CG</arg>
<arg>CH</arg>
<arg>CI</arg>
<arg>CK</arg>
<arg>CL</arg>
<arg>CM</arg>
<arg>CN</arg>
<arg>CO</arg>
<arg>CR</arg>
<arg>CU</arg>
<arg>CV</arg>
<arg>CW</arg>
<arg>CX</arg>
<arg>CY</arg>
<arg>CZ</arg>
<arg>DE</arg>
<arg>DJ</arg>
<arg>DK</arg>
<arg>DM</arg>
<arg>DO</arg>
<arg>DZ</arg>
<arg>EC</arg>
<arg>EE</arg>
<arg>EG</arg>
<arg>EH</arg>
<arg>ER</arg>
<arg>ES</arg>
<arg>ET</arg>
<arg>FI</arg>
<arg>FJ</arg>
<arg>FK</arg>
<arg>FM</arg>
<arg>FO</arg>
<arg>FR</arg>
<arg>GA</arg>
<arg>GB</arg>
<arg>GD</arg>
<arg>GE</arg>
<arg>GF</arg>
<arg>GG</arg>
<arg>GH</arg>
<arg>GI</arg>
<arg>GL</arg>
<arg>GM</arg>
<arg>GN</arg>
<arg>GP</arg>
<arg>GQ</arg>
<arg>GR</arg>
<arg>GS</arg>
<arg>GT</arg>
<arg>GU</arg>
<arg>GW</arg>
<arg>GY</arg>
<arg>HK</arg>
<arg>HM</arg>
<arg>HN</arg>
<arg>HR</arg>
<arg>HT</arg>
<arg>HU</arg>
<arg>ID</arg>
<arg>IE</arg>
<arg>IL</arg>
<arg>IM</arg>
<arg>IN</arg>
<arg>IO</arg>
<arg>IQ</arg>
<arg>IR</arg>
<arg>IS</arg>
<arg>IT</arg>
<arg>JE</arg>
<arg>JM</arg>
<arg>JO</arg>
<arg>JP</arg>
<arg>KE</arg>
<arg>KG</arg>
<arg>KH</arg>
<arg>KI</arg>
<arg>KM</arg>
<arg>KN</arg>
<arg>KP</arg>
<arg>KR</arg>
<arg>KW</arg>
<arg>KY</arg>
<arg>KZ</arg>
<arg>LA</arg>
<arg>LB</arg>
<arg>LC</arg>
<arg>LI</arg>
<arg>LK</arg>
<arg>LR</arg>
<arg>LS</arg>
<arg>LT</arg>
<arg>LU</arg>
<arg>LV</arg>
<arg>LY</arg>
<arg>MA</arg>
<arg>MC</arg>
<arg>MD</arg>
<arg>ME</arg>
<arg>MF</arg>
<arg>MG</arg>
<arg>MH</arg>
<arg>MK</arg>
<arg>ML</arg>
<arg>MM</arg>
<arg>MN</arg>
<arg>MO</arg>
<arg>MP</arg>
<arg>MQ</arg>
<arg>MR</arg>
<arg>MS</arg>
<arg>MT</arg>
<arg>MU</arg>
<arg>MV</arg>
<arg>MW</arg>
<arg>MX</arg>
<arg>MY</arg>
<arg>MZ</arg>
<arg>NA</arg>
<arg>NC</arg>
<arg>NE</arg>
<arg>NF</arg>
<arg>NG</arg>
<arg>NI</arg>
<arg>NL</arg>
<arg>NO</arg>
<arg>NP</arg>
<arg>NR</arg>
<arg>NU</arg>
<arg>NZ</arg>
<arg>OM</arg>
<arg>PA</arg>
<arg>PE</arg>
<arg>PF</arg>
<arg>PG</arg>
<arg>PH</arg>
<arg>PK</arg>
<arg>PL</arg>
<arg>PM</arg>
<arg>PN</arg>
<arg>PR</arg>
<arg>PS</arg>
<arg>PT</arg>
<arg>PW</arg>
<arg>PY</arg>
<arg>QA</arg>
<arg>RE</arg>
<arg>RO</arg>
<arg>RS</arg>
<arg>RU</arg>
<arg>RW</arg>
<arg>SA</arg>
<arg>SB</arg>
<arg>SC</arg>
<arg>SD</arg>
<arg>SE</arg>
<arg>SG</arg>
<arg>SH</arg>
<arg>SI</arg>
<arg>SJ</arg>
<arg>SK</arg>
<arg>SL</arg>
<arg>SM</arg>
<arg>SN</arg>
<arg>SO</arg>
<arg>SR</arg>
<arg>SS</arg>
<arg>ST</arg>
<arg>SV</arg>
<arg>SX</arg>
<arg>SY</arg>
<arg>SZ</arg>
<arg>TC</arg>
<arg>TD</arg>
<arg>TF</arg>
<arg>TG</arg>
<arg>TH</arg>
<arg>TJ</arg>
<arg>TK</arg>
<arg>TL</arg>
<arg>TM</arg>
<arg>TN</arg>
<arg>TO</arg>
<arg>TR</arg>
<arg>TT</arg>
<arg>TV</arg>
<arg>TW</arg>
<arg>TZ</arg>
<arg>UA</arg>
<arg>UG</arg>
<arg>UM</arg>
<arg>US</arg>
<arg>UY</arg>
<arg>UZ</arg>
<arg>VA</arg>
<arg>VC</arg>
<arg>VE</arg>
<arg>VG</arg>
<arg>VI</arg>
<arg>VN</arg>
<arg>VU</arg>
<arg>WF</arg>
<arg>WS</arg>
<arg>XK</arg>
<arg>YE</arg>
<arg>YT</arg>
<arg>ZA</arg>
<arg>ZM</arg>
<arg>ZW</arg>
<doc>Returns a list containing given items.</doc>
<status status="PASS" start="2024-05-15T11:12:24.399792" elapsed="0.000608"/>
</kw>
<kw name="List Should Contain Value" owner="Collections">
<msg time="2024-05-15T11:12:24.401379" level="INFO">False</msg>
<arg>${list_country}</arg>
<arg>${name_country}</arg>
<doc>Fails if the ``value`` is not found from ``list``.</doc>
<status status="PASS" start="2024-05-15T11:12:24.401182" elapsed="0.000234"/>
</kw>
<kw name="Run Keyword If" owner="BuiltIn">
<kw name="Should Be True" owner="BuiltIn">
<arg>${True}</arg>
<doc>Fails if the given condition is not true.</doc>
<status status="PASS" start="2024-05-15T11:12:24.402478" elapsed="0.000242"/>
</kw>
<arg>${json_data["results"][0]["location"]["coordinates"]["latitude"]} &gt;= -90 and ${json_data["results"][0]["location"]["coordinates"]["latitude"]} &lt;= 90</arg>
<arg>Should Be True</arg>
<arg>${True}</arg>
<doc>Runs the given keyword with the given arguments, if ``condition`` is true.</doc>
<status status="PASS" start="2024-05-15T11:12:24.401724" elapsed="0.001143"/>
</kw>
<kw name="Run Keyword If" owner="BuiltIn">
<kw name="Should Be True" owner="BuiltIn">
<arg>${True}</arg>
<doc>Fails if the given condition is not true.</doc>
<status status="PASS" start="2024-05-15T11:12:24.403800" elapsed="0.000139"/>
</kw>
<arg>${json_data["results"][0]["location"]["coordinates"]["longitude"]} &gt;= -180 and ${json_data["results"][0]["location"]["coordinates"]["longitude"]} &lt;= 180</arg>
<arg>Should Be True</arg>
<arg>${True}</arg>
<doc>Runs the given keyword with the given arguments, if ``condition`` is true.</doc>
<status status="PASS" start="2024-05-15T11:12:24.403054" elapsed="0.001008"/>
</kw>
<status status="PASS" start="2024-05-15T11:12:24.297000" elapsed="0.107190"/>
</kw>
<doc>Testa o conteúdo específico dos campos retornados pela API.</doc>
<tag>testeConteudo</tag>
<status status="PASS" start="2024-05-15T11:12:24.296547" elapsed="0.107784"/>
</test>
<status status="PASS" start="2024-05-15T11:12:23.522654" elapsed="0.883569"/>
</suite>
<status status="PASS" start="2024-05-15T11:12:23.508829" elapsed="0.902447"/>
</suite>
<statistics>
<total>
<stat pass="5" fail="0" skip="0">All Tests</stat>
</total>
<tag>
<stat pass="1" fail="0" skip="0">testeConteudo</stat>
<stat pass="1" fail="0" skip="0">testeEstruturaResposta</stat>
<stat pass="1" fail="0" skip="0">testeRequisicaoBasica</stat>
<stat pass="1" fail="0" skip="0">testeTiposDados</stat>
</tag>
<suite>
<stat pass="5" fail="0" skip="0" id="s1" name="Tests">Tests</stat>
<stat pass="5" fail="0" skip="0" id="s1-s1" name="Random-User-Test">Tests.Random-User-Test</stat>
</suite>
</statistics>
<errors>
</errors>
</robot>
