<?xml version="1.0" encoding="UTF-8"?>
<robot generator="Robot 7.0.1 (Python 3.12.3 on linux)" generated="2024-06-16T07:14:43.924945" rpa="false" schemaversion="5">
<suite id="s1" name="Tests" source="/home/runner/work/ApiRandomUser/ApiRandomUser/RamdonUser/tests">
<suite id="s1-s1" name="Random-User-Test" source="/home/runner/work/ApiRandomUser/ApiRandomUser/RamdonUser/tests/random-user-test.robot">
<test id="s1-s1-t1" name="Conectar" line="13">
<kw name="Conectar API" owner="random-user-service">
<kw name="Create Session" owner="RequestsLibrary">
<msg time="2024-06-16T07:14:44.305503" level="INFO">Creating Session using : alias=consultarAPI, url=https://randomuser.me/, headers={},                     cookies={}, auth=None, timeout=None, proxies=None, verify=False,                     debug=0 </msg>
<arg>consultarAPI</arg>
<arg>${URL}</arg>
<doc>Create Session: create a HTTP session to a server</doc>
<status status="PASS" start="2024-06-16T07:14:44.305303" elapsed="0.000371"/>
</kw>
<status status="PASS" start="2024-06-16T07:14:44.304264" elapsed="0.001765"/>
</kw>
<status status="PASS" start="2024-06-16T07:14:44.303759" elapsed="0.002465"/>
</test>
<test id="s1-s1-t2" name="Validar retorno 200 e JSON Válido" line="16">
<kw name="Teste de Requisicao Basica" owner="random-user-service">
<kw name="GET On Session" owner="RequestsLibrary">
<msg time="2024-06-16T07:14:44.479880" level="INFO">GET Request : url=https://randomuser.me/api 
 path_url=/api 
 headers={'User-Agent': 'python-requests/2.32.3', 'Accept-Encoding': 'gzip, deflate', 'Accept': '*/*', 'Connection': 'keep-alive'} 
 body=None 
 </msg>
<msg time="2024-06-16T07:14:44.480040" level="INFO">GET Response : url=https://randomuser.me/api 
 status=200, reason=OK 
 headers={'Date': 'Sun, 16 Jun 2024 07:14:44 GMT', 'Content-Type': 'application/json; charset=utf-8', 'Transfer-Encoding': 'chunked', 'Connection': 'keep-alive', 'X-Powered-By': 'Express', 'Access-Control-Allow-Origin': '*', 'Cache-Control': 'no-cache', 'ETag': 'W/"485-fYGfSBwfcdHdPnqtNAA/rZ2zTw4"', 'Vary': 'Accept-Encoding', 'Content-Encoding': 'gzip', 'CF-Cache-Status': 'DYNAMIC', 'Report-To': '{"endpoints":[{"url":"https:\\/\\/a.nel.cloudflare.com\\/report\\/v4?s=LOcIP1t8rD8%2BO8nKhAEj2NF6WXrOP4EACIn1uWMmJA4S8WnRI%2Fc7jfSx9DLvFiHoV8F7sZ8wkEewHkGW%2BS51YpCK69PMzS9%2B55tpqswd1q6QMs90%2FiSYziFP6oshEr8Z"}],"group":"cf-nel","max_age":604800}', 'NEL': '{"success_fraction":0,"report_to":"cf-nel","max_age":604800}', 'Server': 'cloudflare', 'CF-RAY': '89490133df2038a3-IAD', 'alt-svc': 'h3=":443"; ma=86400'} 
 body={"results":[{"gender":"male","name":{"title":"Mr","first":"Joel","last":"Rønneberg"},"location":{"street":{"number":2379,"name":"Terningbekk"},"city":"Hemnes","state":"Bergen","country":"Norway","postcode":"0957","coordinates":{"latitude":"45.1507","longitude":"-77.1699"},"timezone":{"offset":"+3:00","description":"Baghdad, Riyadh, Moscow, St. Petersburg"}},"email":"joel.ronneberg@example.com","login":{"uuid":"6b83d413-f422-43a2-9859-41d25ae3d712","username":"greenmeercat343","password":"katie1","salt":"0tklmOjw","md5":"8ba2895f1d956836941d5fbeef15a77f","sha1":"4197151b3a7d71c2e72e327cc04a7b981ec77f48","sha256":"4acec0a5a6ae099e6d4ac7180e3e3b47074d7e44974e3ccc2b347edf6c23d923"},"dob":{"date":"1950-10-25T07:18:04.518Z","age":73},"registered":{"date":"2019-07-14T14:52:32.685Z","age":4},"phone":"36928411","cell":"95773512","id":{"name":"FN","value":"25105028167"},"picture":{"large":"https://randomuser.me/api/portraits/men/15.jpg","medium":"https://randomuser.me/api/portraits/med/men/15.jpg","thumbnail":"https://randomuser.me/api/portraits/thumb/men/15.jpg"},"nat":"NO"}],"info":{"seed":"9e9698a16cc3bb5c","results":1,"page":1,"version":"1.4"}} 
 </msg>
<msg time="2024-06-16T07:14:44.480142" level="INFO">/opt/hostedtoolcache/Python/3.12.3/x64/lib/python3.12/site-packages/urllib3/connectionpool.py:1103: InsecureRequestWarning: Unverified HTTPS request is being made to host 'randomuser.me'. Adding certificate verification is strongly advised. See: https://urllib3.readthedocs.io/en/latest/advanced-usage.html#tls-warnings
  warnings.warn(</msg>
<msg time="2024-06-16T07:14:44.480277" level="INFO">${response} = &lt;Response [200]&gt;</msg>
<var>${response}</var>
<arg>consultarAPI</arg>
<arg>/api</arg>
<doc>Sends a GET request on a previously created HTTP Session.</doc>
<status status="PASS" start="2024-06-16T07:14:44.308870" elapsed="0.171447"/>
</kw>
<kw name="Should Be Equal As Numbers" owner="BuiltIn">
<msg time="2024-06-16T07:14:44.481297" level="INFO">Argument types are:
&lt;class 'int'&gt;
&lt;class 'str'&gt;</msg>
<arg>${response.status_code}</arg>
<arg>200</arg>
<doc>Fails if objects are unequal after converting them to real numbers.</doc>
<status status="PASS" start="2024-06-16T07:14:44.480852" elapsed="0.000511"/>
</kw>
<kw name="Log" owner="BuiltIn">
<msg time="2024-06-16T07:14:44.482087" level="INFO">200</msg>
<arg>${response.status_code}</arg>
<doc>Logs the given message with the given level.</doc>
<status status="PASS" start="2024-06-16T07:14:44.481730" elapsed="0.000406"/>
</kw>
<kw name="Set Variable" owner="BuiltIn">
<msg time="2024-06-16T07:14:44.482898" level="INFO">${json_data} = {'results': [{'gender': 'male', 'name': {'title': 'Mr', 'first': 'Joel', 'last': 'Rønneberg'}, 'location': {'street': {'number': 2379, 'name': 'Terningbekk'}, 'city': 'Hemnes', 'state': 'Bergen', 'cou...</msg>
<var>${json_data}</var>
<arg>${response.json()}</arg>
<doc>Returns the given values which can then be assigned to a variables.</doc>
<status status="PASS" start="2024-06-16T07:14:44.482455" elapsed="0.000473"/>
</kw>
<kw name="Dictionary Should Contain Key" owner="Collections">
<arg>${json_data}</arg>
<arg>results</arg>
<doc>Fails if ``key`` is not found from ``dictionary``.</doc>
<status status="PASS" start="2024-06-16T07:14:44.483235" elapsed="0.000171"/>
</kw>
<status status="PASS" start="2024-06-16T07:14:44.308607" elapsed="0.174950"/>
</kw>
<doc>Testa se a API responde corretamente e retorna um objeto JSON válido.</doc>
<tag>testeRequisicaoBasica</tag>
<status status="PASS" start="2024-06-16T07:14:44.308072" elapsed="0.175664"/>
</test>
<test id="s1-s1-t3" name="Validar estrutura de resposta" line="22">
<kw name="Teste de Estrutura de Resposta" owner="random-user-service">
<kw name="GET On Session" owner="RequestsLibrary">
<msg time="2024-06-16T07:14:44.580388" level="INFO">GET Request : url=https://randomuser.me/api 
 path_url=/api 
 headers={'User-Agent': 'python-requests/2.32.3', 'Accept-Encoding': 'gzip, deflate', 'Accept': '*/*', 'Connection': 'keep-alive'} 
 body=None 
 </msg>
<msg time="2024-06-16T07:14:44.580461" level="INFO">GET Response : url=https://randomuser.me/api 
 status=200, reason=OK 
 headers={'Date': 'Sun, 16 Jun 2024 07:14:44 GMT', 'Content-Type': 'application/json; charset=utf-8', 'Transfer-Encoding': 'chunked', 'Connection': 'keep-alive', 'X-Powered-By': 'Express', 'Access-Control-Allow-Origin': '*', 'Cache-Control': 'no-cache', 'ETag': 'W/"484-X8tfliDIS1zgYmuU7i2Z1kzzEp8"', 'Vary': 'Accept-Encoding', 'Content-Encoding': 'gzip', 'CF-Cache-Status': 'DYNAMIC', 'Report-To': '{"endpoints":[{"url":"https:\\/\\/a.nel.cloudflare.com\\/report\\/v4?s=UK%2BOBTW9RftGhdZLBvo1C5NXKGVUrpOrZCvuL3G1AF6P5dtG0sCHEQYZteRM6xrYKgQ3Rptla3virIGWsuhyT3yUvDea401CnChp7xRA3MFZIwtUHLSeI9ufeRnNMW8S"}],"group":"cf-nel","max_age":604800}', 'NEL': '{"success_fraction":0,"report_to":"cf-nel","max_age":604800}', 'Server': 'cloudflare', 'CF-RAY': '894901341f5138a3-IAD', 'alt-svc': 'h3=":443"; ma=86400'} 
 body={"results":[{"gender":"female","name":{"title":"Miss","first":"Mudrolyuba","last":"Golota"},"location":{"street":{"number":9217,"name":"Akaciieviy provulok"},"city":"Merefa","state":"Mikolayivska","country":"Ukraine","postcode":97513,"coordinates":{"latitude":"77.5499","longitude":"3.9842"},"timezone":{"offset":"-2:00","description":"Mid-Atlantic"}},"email":"mudrolyuba.golota@example.com","login":{"uuid":"8305e088-f548-4693-8b78-20a426335b69","username":"orangecat132","password":"ib6ub9","salt":"uqFzLpaS","md5":"77a741143b894fde2ac05cfc58a86ed5","sha1":"ad7abf18931cef51d87ee4204085e848608e0d3f","sha256":"63af7ce8d09a6ecce2410435131d8c95bcc66e1e029fa8054a6937c90a8c80a2"},"dob":{"date":"1980-08-09T14:39:44.443Z","age":43},"registered":{"date":"2008-01-07T17:00:41.566Z","age":16},"phone":"(068) G23-7454","cell":"(068) Z56-7795","id":{"name":"","value":null},"picture":{"large":"https://randomuser.me/api/portraits/women/13.jpg","medium":"https://randomuser.me/api/portraits/med/women/13.jpg","thumbnail":"https://randomuser.me/api/portraits/thumb/women/13.jpg"},"nat":"UA"}],"info":{"seed":"fe858634e1809b8b","results":1,"page":1,"version":"1.4"}} 
 </msg>
<msg time="2024-06-16T07:14:44.580576" level="INFO">/opt/hostedtoolcache/Python/3.12.3/x64/lib/python3.12/site-packages/urllib3/connectionpool.py:1103: InsecureRequestWarning: Unverified HTTPS request is being made to host 'randomuser.me'. Adding certificate verification is strongly advised. See: https://urllib3.readthedocs.io/en/latest/advanced-usage.html#tls-warnings
  warnings.warn(</msg>
<msg time="2024-06-16T07:14:44.580739" level="INFO">${response} = &lt;Response [200]&gt;</msg>
<var>${response}</var>
<arg>consultarAPI</arg>
<arg>/api</arg>
<doc>Sends a GET request on a previously created HTTP Session.</doc>
<status status="PASS" start="2024-06-16T07:14:44.486639" elapsed="0.094145"/>
</kw>
<kw name="Set Variable" owner="BuiltIn">
<msg time="2024-06-16T07:14:44.581860" level="INFO">${json_data} = {'results': [{'gender': 'female', 'name': {'title': 'Miss', 'first': 'Mudrolyuba', 'last': 'Golota'}, 'location': {'street': {'number': 9217, 'name': 'Akaciieviy provulok'}, 'city': 'Merefa', 'state':...</msg>
<var>${json_data}</var>
<arg>${response.json()}</arg>
<doc>Returns the given values which can then be assigned to a variables.</doc>
<status status="PASS" start="2024-06-16T07:14:44.581269" elapsed="0.000621"/>
</kw>
<kw name="Log" owner="BuiltIn">
<msg time="2024-06-16T07:14:44.582357" level="INFO">{'results': [{'gender': 'female', 'name': {'title': 'Miss', 'first': 'Mudrolyuba', 'last': 'Golota'}, 'location': {'street': {'number': 9217, 'name': 'Akaciieviy provulok'}, 'city': 'Merefa', 'state': 'Mikolayivska', 'country': 'Ukraine', 'postcode': 97513, 'coordinates': {'latitude': '77.5499', 'longitude': '3.9842'}, 'timezone': {'offset': '-2:00', 'description': 'Mid-Atlantic'}}, 'email': 'mudrolyuba.golota@example.com', 'login': {'uuid': '8305e088-f548-4693-8b78-20a426335b69', 'username': 'orangecat132', 'password': 'ib6ub9', 'salt': 'uqFzLpaS', 'md5': '77a741143b894fde2ac05cfc58a86ed5', 'sha1': 'ad7abf18931cef51d87ee4204085e848608e0d3f', 'sha256': '63af7ce8d09a6ecce2410435131d8c95bcc66e1e029fa8054a6937c90a8c80a2'}, 'dob': {'date': '1980-08-09T14:39:44.443Z', 'age': 43}, 'registered': {'date': '2008-01-07T17:00:41.566Z', 'age': 16}, 'phone': '(068) G23-7454', 'cell': '(068) Z56-7795', 'id': {'name': '', 'value': None}, 'picture': {'large': 'https://randomuser.me/api/portraits/women/13.jpg', 'medium': 'https://randomuser.me/api/portraits/med/women/13.jpg', 'thumbnail': 'https://randomuser.me/api/portraits/thumb/women/13.jpg'}, 'nat': 'UA'}], 'info': {'seed': 'fe858634e1809b8b', 'results': 1, 'page': 1, 'version': '1.4'}}</msg>
<arg>${json_data}</arg>
<doc>Logs the given message with the given level.</doc>
<status status="PASS" start="2024-06-16T07:14:44.582199" elapsed="0.000205"/>
</kw>
<kw name="Dictionary Should Contain Key" owner="Collections">
<arg>${json_data}</arg>
<arg>results</arg>
<doc>Fails if ``key`` is not found from ``dictionary``.</doc>
<status status="PASS" start="2024-06-16T07:14:44.582704" elapsed="0.000161"/>
</kw>
<kw name="Should Not Be Empty" owner="BuiltIn">
<msg time="2024-06-16T07:14:44.583176" level="INFO">Length is 2.</msg>
<arg>${json_data}</arg>
<doc>Verifies that the given item is not empty.</doc>
<status status="PASS" start="2024-06-16T07:14:44.583052" elapsed="0.000161"/>
</kw>
<kw name="Create List" owner="BuiltIn">
<msg time="2024-06-16T07:14:44.583652" level="INFO">${expected_keys} = ['gender', 'name', 'location', 'email', 'login']</msg>
<var>${expected_keys}</var>
<arg>gender</arg>
<arg>name</arg>
<arg>location</arg>
<arg>email</arg>
<arg>login</arg>
<doc>Returns a list containing given items.</doc>
<status status="PASS" start="2024-06-16T07:14:44.583499" elapsed="0.000176"/>
</kw>
<for flavor="IN">
<iter>
<kw name="Dictionary Should Contain Key" owner="Collections">
<arg>${json_data['results'][0]}</arg>
<arg>${key}</arg>
<doc>Fails if ``key`` is not found from ``dictionary``.</doc>
<status status="PASS" start="2024-06-16T07:14:44.584244" elapsed="0.000423"/>
</kw>
<kw name="Log" owner="BuiltIn">
<msg time="2024-06-16T07:14:44.585243" level="INFO">{'gender': 'female', 'name': {'title': 'Miss', 'first': 'Mudrolyuba', 'last': 'Golota'}, 'location': {'street': {'number': 9217, 'name': 'Akaciieviy provulok'}, 'city': 'Merefa', 'state': 'Mikolayivska', 'country': 'Ukraine', 'postcode': 97513, 'coordinates': {'latitude': '77.5499', 'longitude': '3.9842'}, 'timezone': {'offset': '-2:00', 'description': 'Mid-Atlantic'}}, 'email': 'mudrolyuba.golota@example.com', 'login': {'uuid': '8305e088-f548-4693-8b78-20a426335b69', 'username': 'orangecat132', 'password': 'ib6ub9', 'salt': 'uqFzLpaS', 'md5': '77a741143b894fde2ac05cfc58a86ed5', 'sha1': 'ad7abf18931cef51d87ee4204085e848608e0d3f', 'sha256': '63af7ce8d09a6ecce2410435131d8c95bcc66e1e029fa8054a6937c90a8c80a2'}, 'dob': {'date': '1980-08-09T14:39:44.443Z', 'age': 43}, 'registered': {'date': '2008-01-07T17:00:41.566Z', 'age': 16}, 'phone': '(068) G23-7454', 'cell': '(068) Z56-7795', 'id': {'name': '', 'value': None}, 'picture': {'large': 'https://randomuser.me/api/portraits/women/13.jpg', 'medium': 'https://randomuser.me/api/portraits/med/women/13.jpg', 'thumbnail': 'https://randomuser.me/api/portraits/thumb/women/13.jpg'}, 'nat': 'UA'}</msg>
<arg>${json_data['results'][0]}</arg>
<doc>Logs the given message with the given level.</doc>
<status status="PASS" start="2024-06-16T07:14:44.584872" elapsed="0.000429"/>
</kw>
<kw name="Log" owner="BuiltIn">
<msg time="2024-06-16T07:14:44.585727" level="INFO">gender</msg>
<arg>${key}</arg>
<doc>Logs the given message with the given level.</doc>
<status status="PASS" start="2024-06-16T07:14:44.585598" elapsed="0.000167"/>
</kw>
<var name="${key}">gender</var>
<status status="PASS" start="2024-06-16T07:14:44.584116" elapsed="0.001871"/>
</iter>
<iter>
<kw name="Dictionary Should Contain Key" owner="Collections">
<arg>${json_data['results'][0]}</arg>
<arg>${key}</arg>
<doc>Fails if ``key`` is not found from ``dictionary``.</doc>
<status status="PASS" start="2024-06-16T07:14:44.586287" elapsed="0.000389"/>
</kw>
<kw name="Log" owner="BuiltIn">
<msg time="2024-06-16T07:14:44.587206" level="INFO">{'gender': 'female', 'name': {'title': 'Miss', 'first': 'Mudrolyuba', 'last': 'Golota'}, 'location': {'street': {'number': 9217, 'name': 'Akaciieviy provulok'}, 'city': 'Merefa', 'state': 'Mikolayivska', 'country': 'Ukraine', 'postcode': 97513, 'coordinates': {'latitude': '77.5499', 'longitude': '3.9842'}, 'timezone': {'offset': '-2:00', 'description': 'Mid-Atlantic'}}, 'email': 'mudrolyuba.golota@example.com', 'login': {'uuid': '8305e088-f548-4693-8b78-20a426335b69', 'username': 'orangecat132', 'password': 'ib6ub9', 'salt': 'uqFzLpaS', 'md5': '77a741143b894fde2ac05cfc58a86ed5', 'sha1': 'ad7abf18931cef51d87ee4204085e848608e0d3f', 'sha256': '63af7ce8d09a6ecce2410435131d8c95bcc66e1e029fa8054a6937c90a8c80a2'}, 'dob': {'date': '1980-08-09T14:39:44.443Z', 'age': 43}, 'registered': {'date': '2008-01-07T17:00:41.566Z', 'age': 16}, 'phone': '(068) G23-7454', 'cell': '(068) Z56-7795', 'id': {'name': '', 'value': None}, 'picture': {'large': 'https://randomuser.me/api/portraits/women/13.jpg', 'medium': 'https://randomuser.me/api/portraits/med/women/13.jpg', 'thumbnail': 'https://randomuser.me/api/portraits/thumb/women/13.jpg'}, 'nat': 'UA'}</msg>
<arg>${json_data['results'][0]}</arg>
<doc>Logs the given message with the given level.</doc>
<status status="PASS" start="2024-06-16T07:14:44.586863" elapsed="0.000423"/>
</kw>
<kw name="Log" owner="BuiltIn">
<msg time="2024-06-16T07:14:44.587723" level="INFO">name</msg>
<arg>${key}</arg>
<doc>Logs the given message with the given level.</doc>
<status status="PASS" start="2024-06-16T07:14:44.587588" elapsed="0.000175"/>
</kw>
<var name="${key}">name</var>
<status status="PASS" start="2024-06-16T07:14:44.586175" elapsed="0.001804"/>
</iter>
<iter>
<kw name="Dictionary Should Contain Key" owner="Collections">
<arg>${json_data['results'][0]}</arg>
<arg>${key}</arg>
<doc>Fails if ``key`` is not found from ``dictionary``.</doc>
<status status="PASS" start="2024-06-16T07:14:44.588264" elapsed="0.000401"/>
</kw>
<kw name="Log" owner="BuiltIn">
<msg time="2024-06-16T07:14:44.589203" level="INFO">{'gender': 'female', 'name': {'title': 'Miss', 'first': 'Mudrolyuba', 'last': 'Golota'}, 'location': {'street': {'number': 9217, 'name': 'Akaciieviy provulok'}, 'city': 'Merefa', 'state': 'Mikolayivska', 'country': 'Ukraine', 'postcode': 97513, 'coordinates': {'latitude': '77.5499', 'longitude': '3.9842'}, 'timezone': {'offset': '-2:00', 'description': 'Mid-Atlantic'}}, 'email': 'mudrolyuba.golota@example.com', 'login': {'uuid': '8305e088-f548-4693-8b78-20a426335b69', 'username': 'orangecat132', 'password': 'ib6ub9', 'salt': 'uqFzLpaS', 'md5': '77a741143b894fde2ac05cfc58a86ed5', 'sha1': 'ad7abf18931cef51d87ee4204085e848608e0d3f', 'sha256': '63af7ce8d09a6ecce2410435131d8c95bcc66e1e029fa8054a6937c90a8c80a2'}, 'dob': {'date': '1980-08-09T14:39:44.443Z', 'age': 43}, 'registered': {'date': '2008-01-07T17:00:41.566Z', 'age': 16}, 'phone': '(068) G23-7454', 'cell': '(068) Z56-7795', 'id': {'name': '', 'value': None}, 'picture': {'large': 'https://randomuser.me/api/portraits/women/13.jpg', 'medium': 'https://randomuser.me/api/portraits/med/women/13.jpg', 'thumbnail': 'https://randomuser.me/api/portraits/thumb/women/13.jpg'}, 'nat': 'UA'}</msg>
<arg>${json_data['results'][0]}</arg>
<doc>Logs the given message with the given level.</doc>
<status status="PASS" start="2024-06-16T07:14:44.588855" elapsed="0.000404"/>
</kw>
<kw name="Log" owner="BuiltIn">
<msg time="2024-06-16T07:14:44.589675" level="INFO">location</msg>
<arg>${key}</arg>
<doc>Logs the given message with the given level.</doc>
<status status="PASS" start="2024-06-16T07:14:44.589549" elapsed="0.000162"/>
</kw>
<var name="${key}">location</var>
<status status="PASS" start="2024-06-16T07:14:44.588156" elapsed="0.001774"/>
</iter>
<iter>
<kw name="Dictionary Should Contain Key" owner="Collections">
<arg>${json_data['results'][0]}</arg>
<arg>${key}</arg>
<doc>Fails if ``key`` is not found from ``dictionary``.</doc>
<status status="PASS" start="2024-06-16T07:14:44.590210" elapsed="0.000376"/>
</kw>
<kw name="Log" owner="BuiltIn">
<msg time="2024-06-16T07:14:44.591122" level="INFO">{'gender': 'female', 'name': {'title': 'Miss', 'first': 'Mudrolyuba', 'last': 'Golota'}, 'location': {'street': {'number': 9217, 'name': 'Akaciieviy provulok'}, 'city': 'Merefa', 'state': 'Mikolayivska', 'country': 'Ukraine', 'postcode': 97513, 'coordinates': {'latitude': '77.5499', 'longitude': '3.9842'}, 'timezone': {'offset': '-2:00', 'description': 'Mid-Atlantic'}}, 'email': 'mudrolyuba.golota@example.com', 'login': {'uuid': '8305e088-f548-4693-8b78-20a426335b69', 'username': 'orangecat132', 'password': 'ib6ub9', 'salt': 'uqFzLpaS', 'md5': '77a741143b894fde2ac05cfc58a86ed5', 'sha1': 'ad7abf18931cef51d87ee4204085e848608e0d3f', 'sha256': '63af7ce8d09a6ecce2410435131d8c95bcc66e1e029fa8054a6937c90a8c80a2'}, 'dob': {'date': '1980-08-09T14:39:44.443Z', 'age': 43}, 'registered': {'date': '2008-01-07T17:00:41.566Z', 'age': 16}, 'phone': '(068) G23-7454', 'cell': '(068) Z56-7795', 'id': {'name': '', 'value': None}, 'picture': {'large': 'https://randomuser.me/api/portraits/women/13.jpg', 'medium': 'https://randomuser.me/api/portraits/med/women/13.jpg', 'thumbnail': 'https://randomuser.me/api/portraits/thumb/women/13.jpg'}, 'nat': 'UA'}</msg>
<arg>${json_data['results'][0]}</arg>
<doc>Logs the given message with the given level.</doc>
<status status="PASS" start="2024-06-16T07:14:44.590767" elapsed="0.000402"/>
</kw>
<kw name="Log" owner="BuiltIn">
<msg time="2024-06-16T07:14:44.591592" level="INFO">email</msg>
<arg>${key}</arg>
<doc>Logs the given message with the given level.</doc>
<status status="PASS" start="2024-06-16T07:14:44.591463" elapsed="0.000166"/>
</kw>
<var name="${key}">email</var>
<status status="PASS" start="2024-06-16T07:14:44.590102" elapsed="0.001744"/>
</iter>
<iter>
<kw name="Dictionary Should Contain Key" owner="Collections">
<arg>${json_data['results'][0]}</arg>
<arg>${key}</arg>
<doc>Fails if ``key`` is not found from ``dictionary``.</doc>
<status status="PASS" start="2024-06-16T07:14:44.592133" elapsed="0.000373"/>
</kw>
<kw name="Log" owner="BuiltIn">
<msg time="2024-06-16T07:14:44.593071" level="INFO">{'gender': 'female', 'name': {'title': 'Miss', 'first': 'Mudrolyuba', 'last': 'Golota'}, 'location': {'street': {'number': 9217, 'name': 'Akaciieviy provulok'}, 'city': 'Merefa', 'state': 'Mikolayivska', 'country': 'Ukraine', 'postcode': 97513, 'coordinates': {'latitude': '77.5499', 'longitude': '3.9842'}, 'timezone': {'offset': '-2:00', 'description': 'Mid-Atlantic'}}, 'email': 'mudrolyuba.golota@example.com', 'login': {'uuid': '8305e088-f548-4693-8b78-20a426335b69', 'username': 'orangecat132', 'password': 'ib6ub9', 'salt': 'uqFzLpaS', 'md5': '77a741143b894fde2ac05cfc58a86ed5', 'sha1': 'ad7abf18931cef51d87ee4204085e848608e0d3f', 'sha256': '63af7ce8d09a6ecce2410435131d8c95bcc66e1e029fa8054a6937c90a8c80a2'}, 'dob': {'date': '1980-08-09T14:39:44.443Z', 'age': 43}, 'registered': {'date': '2008-01-07T17:00:41.566Z', 'age': 16}, 'phone': '(068) G23-7454', 'cell': '(068) Z56-7795', 'id': {'name': '', 'value': None}, 'picture': {'large': 'https://randomuser.me/api/portraits/women/13.jpg', 'medium': 'https://randomuser.me/api/portraits/med/women/13.jpg', 'thumbnail': 'https://randomuser.me/api/portraits/thumb/women/13.jpg'}, 'nat': 'UA'}</msg>
<arg>${json_data['results'][0]}</arg>
<doc>Logs the given message with the given level.</doc>
<status status="PASS" start="2024-06-16T07:14:44.592712" elapsed="0.000414"/>
</kw>
<kw name="Log" owner="BuiltIn">
<msg time="2024-06-16T07:14:44.593641" level="INFO">login</msg>
<arg>${key}</arg>
<doc>Logs the given message with the given level.</doc>
<status status="PASS" start="2024-06-16T07:14:44.593415" elapsed="0.000263"/>
</kw>
<var name="${key}">login</var>
<status status="PASS" start="2024-06-16T07:14:44.592025" elapsed="0.001866"/>
</iter>
<var>${key}</var>
<value>@{expected_keys}</value>
<status status="PASS" start="2024-06-16T07:14:44.583932" elapsed="0.010078"/>
</for>
<kw name="Create List" owner="BuiltIn">
<msg time="2024-06-16T07:14:44.594330" level="INFO">${expected_keysTwo} = ['username', 'password']</msg>
<var>${expected_keysTwo}</var>
<arg>username</arg>
<arg>password</arg>
<doc>Returns a list containing given items.</doc>
<status status="PASS" start="2024-06-16T07:14:44.594197" elapsed="0.000157"/>
</kw>
<for flavor="IN">
<iter>
<kw name="Dictionary Should Contain Key" owner="Collections">
<arg>${json_data['results'][0]['login']}</arg>
<arg>${keyTwo}</arg>
<doc>Fails if ``key`` is not found from ``dictionary``.</doc>
<status status="PASS" start="2024-06-16T07:14:44.594873" elapsed="0.000375"/>
</kw>
<kw name="Dictionary Should Contain Key" owner="Collections">
<arg>${json_data['results'][0]['login']}</arg>
<arg>${keyTwo}</arg>
<doc>Fails if ``key`` is not found from ``dictionary``.</doc>
<status status="PASS" start="2024-06-16T07:14:44.595427" elapsed="0.000375"/>
</kw>
<kw name="Log" owner="BuiltIn">
<msg time="2024-06-16T07:14:44.596097" level="INFO">username</msg>
<arg>${keyTwo}</arg>
<doc>Logs the given message with the given level.</doc>
<status status="PASS" start="2024-06-16T07:14:44.595977" elapsed="0.000156"/>
</kw>
<var name="${keyTwo}">username</var>
<status status="PASS" start="2024-06-16T07:14:44.594766" elapsed="0.001583"/>
</iter>
<iter>
<kw name="Dictionary Should Contain Key" owner="Collections">
<arg>${json_data['results'][0]['login']}</arg>
<arg>${keyTwo}</arg>
<doc>Fails if ``key`` is not found from ``dictionary``.</doc>
<status status="PASS" start="2024-06-16T07:14:44.596633" elapsed="0.000450"/>
</kw>
<kw name="Dictionary Should Contain Key" owner="Collections">
<arg>${json_data['results'][0]['login']}</arg>
<arg>${keyTwo}</arg>
<doc>Fails if ``key`` is not found from ``dictionary``.</doc>
<status status="PASS" start="2024-06-16T07:14:44.597265" elapsed="0.000365"/>
</kw>
<kw name="Log" owner="BuiltIn">
<msg time="2024-06-16T07:14:44.597929" level="INFO">password</msg>
<arg>${keyTwo}</arg>
<doc>Logs the given message with the given level.</doc>
<status status="PASS" start="2024-06-16T07:14:44.597813" elapsed="0.000151"/>
</kw>
<var name="${keyTwo}">password</var>
<status status="PASS" start="2024-06-16T07:14:44.596526" elapsed="0.001658"/>
</iter>
<var>${keyTwo}</var>
<value>@{expected_keysTwo}</value>
<status status="PASS" start="2024-06-16T07:14:44.594611" elapsed="0.003695"/>
</for>
<status status="PASS" start="2024-06-16T07:14:44.486400" elapsed="0.112046"/>
</kw>
<doc>Testa a estrutura da resposta da API.</doc>
<tag>testeEstruturaResposta</tag>
<status status="PASS" start="2024-06-16T07:14:44.485610" elapsed="0.112990"/>
</test>
<test id="s1-s1-t4" name="Validar tipos de dados" line="28">
<kw name="Teste de Tipos de Dados" owner="random-user-service">
<kw name="GET On Session" owner="RequestsLibrary">
<msg time="2024-06-16T07:14:44.697542" level="INFO">GET Request : url=https://randomuser.me/api 
 path_url=/api 
 headers={'User-Agent': 'python-requests/2.32.3', 'Accept-Encoding': 'gzip, deflate', 'Accept': '*/*', 'Connection': 'keep-alive'} 
 body=None 
 </msg>
<msg time="2024-06-16T07:14:44.697620" level="INFO">GET Response : url=https://randomuser.me/api 
 status=200, reason=OK 
 headers={'Date': 'Sun, 16 Jun 2024 07:14:44 GMT', 'Content-Type': 'application/json; charset=utf-8', 'Transfer-Encoding': 'chunked', 'Connection': 'keep-alive', 'X-Powered-By': 'Express', 'Access-Control-Allow-Origin': '*', 'Cache-Control': 'no-cache', 'ETag': 'W/"49f-Rw7pSN+HOGPbvRGdZe4JUZWDX2o"', 'Vary': 'Accept-Encoding', 'Content-Encoding': 'gzip', 'CF-Cache-Status': 'DYNAMIC', 'Report-To': '{"endpoints":[{"url":"https:\\/\\/a.nel.cloudflare.com\\/report\\/v4?s=1PN6hRNs83sIXZaZ8caas7XmDcM0kotltmQY%2F68LY0rfb6v3355tw7Y2Aup1arpl1mxrRYZoWqSz%2FZxGafJtl62hsSChelfwuwD41hhM0ssvjtKKfuTCzXO3bc9iQC%2Fa"}],"group":"cf-nel","max_age":604800}', 'NEL': '{"success_fraction":0,"report_to":"cf-nel","max_age":604800}', 'Server': 'cloudflare', 'CF-RAY': '89490134cfdf38a3-IAD', 'alt-svc': 'h3=":443"; ma=86400'} 
 body={"results":[{"gender":"male","name":{"title":"Mr","first":"Nivaldo","last":"Peixoto"},"location":{"street":{"number":8244,"name":"Rua Paraíba "},"city":"Corumbá","state":"Acre","country":"Brazil","postcode":38611,"coordinates":{"latitude":"-74.4358","longitude":"-39.8509"},"timezone":{"offset":"+5:00","description":"Ekaterinburg, Islamabad, Karachi, Tashkent"}},"email":"nivaldo.peixoto@example.com","login":{"uuid":"bbbd7405-7ebd-4e61-aa89-7c12cd0394c4","username":"orangemeercat513","password":"myxworld","salt":"C3T14yfy","md5":"a7f1e30a3750101f834126f8157099f6","sha1":"fe0855e50e1b8d12ea6796e6303678758ef97441","sha256":"ea57b851eddba44a8fdce4b11f004e3efe7cde0d8f48ff24e607d2c0a1c0027f"},"dob":{"date":"1989-08-23T05:19:01.884Z","age":34},"registered":{"date":"2003-08-15T07:37:31.786Z","age":20},"phone":"(78) 0162-7289","cell":"(05) 3769-3576","id":{"name":"CPF","value":"703.669.714-67"},"picture":{"large":"https://randomuser.me/api/portraits/men/16.jpg","medium":"https://randomuser.me/api/portraits/med/men/16.jpg","thumbnail":"https://randomuser.me/api/portraits/thumb/men/16.jpg"},"nat":"BR"}],"info":{"seed":"f221741eeb50de89","results":1,"page":1,"version":"1.4"}} 
 </msg>
<msg time="2024-06-16T07:14:44.697684" level="INFO">/opt/hostedtoolcache/Python/3.12.3/x64/lib/python3.12/site-packages/urllib3/connectionpool.py:1103: InsecureRequestWarning: Unverified HTTPS request is being made to host 'randomuser.me'. Adding certificate verification is strongly advised. See: https://urllib3.readthedocs.io/en/latest/advanced-usage.html#tls-warnings
  warnings.warn(</msg>
<msg time="2024-06-16T07:14:44.697770" level="INFO">${response} = &lt;Response [200]&gt;</msg>
<var>${response}</var>
<arg>consultarAPI</arg>
<arg>/api</arg>
<doc>Sends a GET request on a previously created HTTP Session.</doc>
<status status="PASS" start="2024-06-16T07:14:44.601132" elapsed="0.096816"/>
</kw>
<kw name="Set Variable" owner="BuiltIn">
<msg time="2024-06-16T07:14:44.698954" level="INFO">${json_data} = {'results': [{'gender': 'male', 'name': {'title': 'Mr', 'first': 'Nivaldo', 'last': 'Peixoto'}, 'location': {'street': {'number': 8244, 'name': 'Rua Paraíba '}, 'city': 'Corumbá', 'state': 'Acre', 'co...</msg>
<var>${json_data}</var>
<arg>${response.json()}</arg>
<doc>Returns the given values which can then be assigned to a variables.</doc>
<status status="PASS" start="2024-06-16T07:14:44.698414" elapsed="0.000569"/>
</kw>
<kw name="Log" owner="BuiltIn">
<msg time="2024-06-16T07:14:44.699448" level="INFO">{'results': [{'gender': 'male', 'name': {'title': 'Mr', 'first': 'Nivaldo', 'last': 'Peixoto'}, 'location': {'street': {'number': 8244, 'name': 'Rua Paraíba '}, 'city': 'Corumbá', 'state': 'Acre', 'country': 'Brazil', 'postcode': 38611, 'coordinates': {'latitude': '-74.4358', 'longitude': '-39.8509'}, 'timezone': {'offset': '+5:00', 'description': 'Ekaterinburg, Islamabad, Karachi, Tashkent'}}, 'email': 'nivaldo.peixoto@example.com', 'login': {'uuid': 'bbbd7405-7ebd-4e61-aa89-7c12cd0394c4', 'username': 'orangemeercat513', 'password': 'myxworld', 'salt': 'C3T14yfy', 'md5': 'a7f1e30a3750101f834126f8157099f6', 'sha1': 'fe0855e50e1b8d12ea6796e6303678758ef97441', 'sha256': 'ea57b851eddba44a8fdce4b11f004e3efe7cde0d8f48ff24e607d2c0a1c0027f'}, 'dob': {'date': '1989-08-23T05:19:01.884Z', 'age': 34}, 'registered': {'date': '2003-08-15T07:37:31.786Z', 'age': 20}, 'phone': '(78) 0162-7289', 'cell': '(05) 3769-3576', 'id': {'name': 'CPF', 'value': '703.669.714-67'}, 'picture': {'large': 'https://randomuser.me/api/portraits/men/16.jpg', 'medium': 'https://randomuser.me/api/portraits/med/men/16.jpg', 'thumbnail': 'https://randomuser.me/api/portraits/thumb/men/16.jpg'}, 'nat': 'BR'}], 'info': {'seed': 'f221741eeb50de89', 'results': 1, 'page': 1, 'version': '1.4'}}</msg>
<arg>${json_data}</arg>
<doc>Logs the given message with the given level.</doc>
<status status="PASS" start="2024-06-16T07:14:44.699294" elapsed="0.000202"/>
</kw>
<kw name="Should Be String" owner="String">
<arg>${json_data['results'][0]['gender']}</arg>
<doc>Fails if the given ``item`` is not a string.</doc>
<status status="PASS" start="2024-06-16T07:14:44.699789" elapsed="0.000363"/>
</kw>
<kw name="Should Match Regexp" owner="BuiltIn">
<arg>${json_data['results'][0]['email']}</arg>
<arg>^[a-zA-Z0-9._%+-]+@[a-zA-Z0-9.-]+\.[a-zA-Z]{2,}$</arg>
<doc>Fails if ``string`` does not match ``pattern`` as a regular expression.</doc>
<status status="PASS" start="2024-06-16T07:14:44.700339" elapsed="0.000571"/>
</kw>
<kw name="Should Match Regexp" owner="BuiltIn">
<arg>${json_data['results'][0]['dob']['date']}</arg>
<arg>\\d{4}-\\d{2}-\\d{2}T\\d{2}:\\d{2}:\\d{2}\\.\\d{3}Z</arg>
<doc>Fails if ``string`` does not match ``pattern`` as a regular expression.</doc>
<status status="PASS" start="2024-06-16T07:14:44.701143" elapsed="0.000498"/>
</kw>
<kw name="Should Match Regexp" owner="BuiltIn">
<arg>${json_data['results'][0]['registered']['date']}</arg>
<arg>\\d{4}-\\d{2}-\\d{2}T\\d{2}:\\d{2}:\\d{2}\\.\\d{3}Z</arg>
<doc>Fails if ``string`` does not match ``pattern`` as a regular expression.</doc>
<status status="PASS" start="2024-06-16T07:14:44.701834" elapsed="0.000360"/>
</kw>
<kw name="Should Match Regexp" owner="BuiltIn">
<arg>${json_data['results'][0]['picture']['large']}</arg>
<arg>^https?://.*\.(?:png|jpe?g|gif|bmp)$</arg>
<doc>Fails if ``string`` does not match ``pattern`` as a regular expression.</doc>
<status status="PASS" start="2024-06-16T07:14:44.702379" elapsed="0.000460"/>
</kw>
<kw name="Should Match Regexp" owner="BuiltIn">
<arg>${json_data['results'][0]['picture']['medium']}</arg>
<arg>^https?://.*\.(?:png|jpe?g|gif|bmp)$</arg>
<doc>Fails if ``string`` does not match ``pattern`` as a regular expression.</doc>
<status status="PASS" start="2024-06-16T07:14:44.703034" elapsed="0.000353"/>
</kw>
<kw name="Should Match Regexp" owner="BuiltIn">
<arg>${json_data['results'][0]['picture']['thumbnail']}</arg>
<arg>^https?://.*\.(?:png|jpe?g|gif|bmp)$</arg>
<doc>Fails if ``string`` does not match ``pattern`` as a regular expression.</doc>
<status status="PASS" start="2024-06-16T07:14:44.703576" elapsed="0.000347"/>
</kw>
<kw name="Log" owner="BuiltIn">
<msg time="2024-06-16T07:14:44.704568" level="INFO">{'large': 'https://randomuser.me/api/portraits/men/16.jpg', 'medium': 'https://randomuser.me/api/portraits/med/men/16.jpg', 'thumbnail': 'https://randomuser.me/api/portraits/thumb/men/16.jpg'}</msg>
<arg>${json_data['results'][0]['picture']}</arg>
<doc>Logs the given message with the given level.</doc>
<status status="PASS" start="2024-06-16T07:14:44.704102" elapsed="0.000532"/>
</kw>
<status status="PASS" start="2024-06-16T07:14:44.600901" elapsed="0.104123"/>
</kw>
<kw name="Teste de Tipos de Dados - Postcode" owner="random-user-service">
<kw name="GET On Session" owner="RequestsLibrary">
<msg time="2024-06-16T07:14:44.779474" level="INFO">GET Request : url=https://randomuser.me/api 
 path_url=/api 
 headers={'User-Agent': 'python-requests/2.32.3', 'Accept-Encoding': 'gzip, deflate', 'Accept': '*/*', 'Connection': 'keep-alive'} 
 body=None 
 </msg>
<msg time="2024-06-16T07:14:44.779537" level="INFO">GET Response : url=https://randomuser.me/api 
 status=200, reason=OK 
 headers={'Date': 'Sun, 16 Jun 2024 07:14:44 GMT', 'Content-Type': 'application/json; charset=utf-8', 'Transfer-Encoding': 'chunked', 'Connection': 'keep-alive', 'X-Powered-By': 'Express', 'Access-Control-Allow-Origin': '*', 'Cache-Control': 'no-cache', 'ETag': 'W/"4ac-waSfVOMorV9RF18T7vMmc8J4NjE"', 'Vary': 'Accept-Encoding', 'Content-Encoding': 'gzip', 'CF-Cache-Status': 'DYNAMIC', 'Report-To': '{"endpoints":[{"url":"https:\\/\\/a.nel.cloudflare.com\\/report\\/v4?s=KkY4IRAJwcVHxaCp9bkYfogQ4JXaVGfZtv9cNwBZFmBleb%2FfyuZ5uj7SmYsY4lleD836fqqOnx88TNxiNL3C6KtqGAEOCHGRKYG1HoEKFnWkPcvGP%2Bp5fRIVgUd5%2Bx7J"}],"group":"cf-nel","max_age":604800}', 'NEL': '{"success_fraction":0,"report_to":"cf-nel","max_age":604800}', 'Server': 'cloudflare', 'CF-RAY': '89490135785738a3-IAD', 'alt-svc': 'h3=":443"; ma=86400'} 
 body={"results":[{"gender":"female","name":{"title":"Madame","first":"Heidy","last":"Leroux"},"location":{"street":{"number":1285,"name":"Rue de la Fontaine"},"city":"Hütten","state":"Genève","country":"Switzerland","postcode":3968,"coordinates":{"latitude":"-60.2700","longitude":"167.8397"},"timezone":{"offset":"0:00","description":"Western Europe Time, London, Lisbon, Casablanca"}},"email":"heidy.leroux@example.com","login":{"uuid":"69d72a64-4a54-464d-8bf2-0b528a553880","username":"bigbird725","password":"womans","salt":"NvpAtZIR","md5":"e2a2d6e575b7455311c20008cc742465","sha1":"6c7ba74f8add02e0af0b937e3b3b9c61275846a3","sha256":"8d9c5808449cbc309f6e07124f3dcbc7aae894880864ef91404a1c77a91f1dcf"},"dob":{"date":"1965-10-13T09:41:33.124Z","age":58},"registered":{"date":"2004-11-25T04:26:47.359Z","age":19},"phone":"076 255 06 35","cell":"077 099 60 80","id":{"name":"AVS","value":"756.7866.9240.16"},"picture":{"large":"https://randomuser.me/api/portraits/women/53.jpg","medium":"https://randomuser.me/api/portraits/med/women/53.jpg","thumbnail":"https://randomuser.me/api/portraits/thumb/women/53.jpg"},"nat":"CH"}],"info":{"seed":"2d61b9002d7c410d","results":1,"page":1,"version":"1.4"}} 
 </msg>
<msg time="2024-06-16T07:14:44.779606" level="INFO">/opt/hostedtoolcache/Python/3.12.3/x64/lib/python3.12/site-packages/urllib3/connectionpool.py:1103: InsecureRequestWarning: Unverified HTTPS request is being made to host 'randomuser.me'. Adding certificate verification is strongly advised. See: https://urllib3.readthedocs.io/en/latest/advanced-usage.html#tls-warnings
  warnings.warn(</msg>
<msg time="2024-06-16T07:14:44.779693" level="INFO">${response} = &lt;Response [200]&gt;</msg>
<var>${response}</var>
<arg>consultarAPI</arg>
<arg>/api</arg>
<doc>Sends a GET request on a previously created HTTP Session.</doc>
<status status="PASS" start="2024-06-16T07:14:44.705511" elapsed="0.074222"/>
</kw>
<kw name="Set Variable" owner="BuiltIn">
<msg time="2024-06-16T07:14:44.780816" level="INFO">${json_data} = {'results': [{'gender': 'female', 'name': {'title': 'Madame', 'first': 'Heidy', 'last': 'Leroux'}, 'location': {'street': {'number': 1285, 'name': 'Rue de la Fontaine'}, 'city': 'Hütten', 'state': 'Ge...</msg>
<var>${json_data}</var>
<arg>${response.json()}</arg>
<doc>Returns the given values which can then be assigned to a variables.</doc>
<status status="PASS" start="2024-06-16T07:14:44.780189" elapsed="0.000657"/>
</kw>
<kw name="Log" owner="BuiltIn">
<msg time="2024-06-16T07:14:44.781311" level="INFO">{'results': [{'gender': 'female', 'name': {'title': 'Madame', 'first': 'Heidy', 'last': 'Leroux'}, 'location': {'street': {'number': 1285, 'name': 'Rue de la Fontaine'}, 'city': 'Hütten', 'state': 'Genève', 'country': 'Switzerland', 'postcode': 3968, 'coordinates': {'latitude': '-60.2700', 'longitude': '167.8397'}, 'timezone': {'offset': '0:00', 'description': 'Western Europe Time, London, Lisbon, Casablanca'}}, 'email': 'heidy.leroux@example.com', 'login': {'uuid': '69d72a64-4a54-464d-8bf2-0b528a553880', 'username': 'bigbird725', 'password': 'womans', 'salt': 'NvpAtZIR', 'md5': 'e2a2d6e575b7455311c20008cc742465', 'sha1': '6c7ba74f8add02e0af0b937e3b3b9c61275846a3', 'sha256': '8d9c5808449cbc309f6e07124f3dcbc7aae894880864ef91404a1c77a91f1dcf'}, 'dob': {'date': '1965-10-13T09:41:33.124Z', 'age': 58}, 'registered': {'date': '2004-11-25T04:26:47.359Z', 'age': 19}, 'phone': '076 255 06 35', 'cell': '077 099 60 80', 'id': {'name': 'AVS', 'value': '756.7866.9240.16'}, 'picture': {'large': 'https://randomuser.me/api/portraits/women/53.jpg', 'medium': 'https://randomuser.me/api/portraits/med/women/53.jpg', 'thumbnail': 'https://randomuser.me/api/portraits/thumb/women/53.jpg'}, 'nat': 'CH'}], 'info': {'seed': '2d61b9002d7c410d', 'results': 1, 'page': 1, 'version': '1.4'}}</msg>
<arg>${json_data}</arg>
<doc>Logs the given message with the given level.</doc>
<status status="PASS" start="2024-06-16T07:14:44.781154" elapsed="0.000209"/>
</kw>
<kw name="Should Be Equal As Numbers" owner="BuiltIn">
<arg>${json_data['results'][0]['location']['postcode']}</arg>
<arg>${json_data['results'][0]['location']['postcode']}</arg>
<doc>Fails if objects are unequal after converting them to real numbers.</doc>
<status status="PASS" start="2024-06-16T07:14:44.781660" elapsed="0.000622"/>
</kw>
<kw name="Log" owner="BuiltIn">
<msg time="2024-06-16T07:14:44.782816" level="INFO">3968</msg>
<arg>${json_data['results'][0]['location']['postcode']}</arg>
<doc>Logs the given message with the given level.</doc>
<status status="PASS" start="2024-06-16T07:14:44.782478" elapsed="0.000379"/>
</kw>
<status status="PASS" start="2024-06-16T07:14:44.705271" elapsed="0.077863"/>
</kw>
<doc>Testa se os tipos de dados na resposta da API estão corretos.</doc>
<tag>testeTiposDados</tag>
<status status="PASS" start="2024-06-16T07:14:44.600354" elapsed="0.182941"/>
</test>
<test id="s1-s1-t5" name="Validar conteudo" line="35">
<kw name="Teste de Tipos de Conteudo" owner="random-user-service">
<kw name="GET On Session" owner="RequestsLibrary">
<msg time="2024-06-16T07:14:44.882117" level="INFO">GET Request : url=https://randomuser.me/api 
 path_url=/api 
 headers={'User-Agent': 'python-requests/2.32.3', 'Accept-Encoding': 'gzip, deflate', 'Accept': '*/*', 'Connection': 'keep-alive'} 
 body=None 
 </msg>
<msg time="2024-06-16T07:14:44.882198" level="INFO">GET Response : url=https://randomuser.me/api 
 status=200, reason=OK 
 headers={'Date': 'Sun, 16 Jun 2024 07:14:44 GMT', 'Content-Type': 'application/json; charset=utf-8', 'Transfer-Encoding': 'chunked', 'Connection': 'keep-alive', 'X-Powered-By': 'Express', 'Access-Control-Allow-Origin': '*', 'Cache-Control': 'no-cache', 'ETag': 'W/"48a-H1dF6yAnyiWcVYx/guTmv5yHvm8"', 'Vary': 'Accept-Encoding', 'Content-Encoding': 'gzip', 'CF-Cache-Status': 'DYNAMIC', 'Report-To': '{"endpoints":[{"url":"https:\\/\\/a.nel.cloudflare.com\\/report\\/v4?s=ausb1U8Ryey5eE6iuPu036Ew6Xszq4B88ik99hTUzCIONixsGDYcGkOZG5bIvQLjrliJot4OT49%2BVWxlnSdnePnVcHbvp3UEU%2BxM%2FldaxfsxUqedyXzsP7dF%2FsQ8c8Nz"}],"group":"cf-nel","max_age":604800}', 'NEL': '{"success_fraction":0,"report_to":"cf-nel","max_age":604800}', 'Server': 'cloudflare', 'CF-RAY': '89490135f8c038a3-IAD', 'alt-svc': 'h3=":443"; ma=86400'} 
 body={"results":[{"gender":"male","name":{"title":"Mr","first":"Natão","last":"Caldeira"},"location":{"street":{"number":3650,"name":"Rua Rio de Janeiro "},"city":"Araçatuba","state":"Alagoas","country":"Brazil","postcode":33785,"coordinates":{"latitude":"-73.7353","longitude":"-9.3960"},"timezone":{"offset":"-12:00","description":"Eniwetok, Kwajalein"}},"email":"natao.caldeira@example.com","login":{"uuid":"b1059114-7407-4941-90e6-fe95e4b06b33","username":"tinykoala958","password":"33333","salt":"DsdCKphM","md5":"47d34c1e6bddee0469833424d1d6684b","sha1":"89c31162c0e4abd9267096309584edd585fb84b6","sha256":"007a69c73a83e4e9030eb3175bf70461304d8b4a6c79d6518631f7381b32a605"},"dob":{"date":"1995-12-16T02:01:42.998Z","age":28},"registered":{"date":"2014-08-23T07:46:57.056Z","age":9},"phone":"(92) 7047-2223","cell":"(68) 2056-1495","id":{"name":"CPF","value":"946.712.631-05"},"picture":{"large":"https://randomuser.me/api/portraits/men/32.jpg","medium":"https://randomuser.me/api/portraits/med/men/32.jpg","thumbnail":"https://randomuser.me/api/portraits/thumb/men/32.jpg"},"nat":"BR"}],"info":{"seed":"86328be031c2bdb2","results":1,"page":1,"version":"1.4"}} 
 </msg>
<msg time="2024-06-16T07:14:44.882271" level="INFO">/opt/hostedtoolcache/Python/3.12.3/x64/lib/python3.12/site-packages/urllib3/connectionpool.py:1103: InsecureRequestWarning: Unverified HTTPS request is being made to host 'randomuser.me'. Adding certificate verification is strongly advised. See: https://urllib3.readthedocs.io/en/latest/advanced-usage.html#tls-warnings
  warnings.warn(</msg>
<msg time="2024-06-16T07:14:44.882388" level="INFO">${response} = &lt;Response [200]&gt;</msg>
<var>${response}</var>
<arg>consultarAPI</arg>
<arg>/api</arg>
<doc>Sends a GET request on a previously created HTTP Session.</doc>
<status status="PASS" start="2024-06-16T07:14:44.785804" elapsed="0.096632"/>
</kw>
<kw name="Set Variable" owner="BuiltIn">
<msg time="2024-06-16T07:14:44.883291" level="INFO">${json_data} = {'results': [{'gender': 'male', 'name': {'title': 'Mr', 'first': 'Natão', 'last': 'Caldeira'}, 'location': {'street': {'number': 3650, 'name': 'Rua Rio de Janeiro '}, 'city': 'Araçatuba', 'state': 'Al...</msg>
<var>${json_data}</var>
<arg>${response.json()}</arg>
<doc>Returns the given values which can then be assigned to a variables.</doc>
<status status="PASS" start="2024-06-16T07:14:44.882838" elapsed="0.000483"/>
</kw>
<kw name="Set Variable" owner="BuiltIn">
<msg time="2024-06-16T07:14:44.884217" level="INFO">${name_title} = Mr</msg>
<var>${name_title}</var>
<arg>${json_data["results"][0]["name"]["title"]}</arg>
<doc>Returns the given values which can then be assigned to a variables.</doc>
<status status="PASS" start="2024-06-16T07:14:44.883623" elapsed="0.000634"/>
</kw>
<kw name="Create List" owner="BuiltIn">
<msg time="2024-06-16T07:14:44.884994" level="INFO">${allowed_titles} = ['Mr', 'Ms', 'Miss', 'Mrs', 'Madame', 'Monsieur']</msg>
<var>${allowed_titles}</var>
<arg>Mr</arg>
<arg>Ms</arg>
<arg>Miss</arg>
<arg>Mrs</arg>
<arg>Madame</arg>
<arg>Monsieur</arg>
<doc>Returns a list containing given items.</doc>
<status status="PASS" start="2024-06-16T07:14:44.884762" elapsed="0.000277"/>
</kw>
<kw name="List Should Contain Value" owner="Collections">
<arg>${allowed_titles}</arg>
<arg>${name_title}</arg>
<doc>Fails if the ``value`` is not found from ``list``.</doc>
<status status="PASS" start="2024-06-16T07:14:44.885529" elapsed="0.000277"/>
</kw>
<kw name="Set Variable" owner="BuiltIn">
<msg time="2024-06-16T07:14:44.886747" level="INFO">${name_country} = BR</msg>
<var>${name_country}</var>
<arg>${json_data["results"][0]["nat"]}</arg>
<doc>Returns the given values which can then be assigned to a variables.</doc>
<status status="PASS" start="2024-06-16T07:14:44.886114" elapsed="0.000671"/>
</kw>
<kw name="Create List" owner="BuiltIn">
<msg time="2024-06-16T07:14:44.887704" level="INFO">${list_country} = ['AD', 'AE', 'AF', 'AG', 'AI', 'AL', 'AM', 'AO', 'AQ', 'AR', 'AS', 'AT', 'AU', 'AW', 'AX', 'AZ', 'BA', 'BB', 'BD', 'BE', 'BF', 'BG', 'BH', 'BI', 'BJ', 'BL', 'BM', 'BN', 'BO', 'BQ', 'BR', 'BS', 'BT', '...</msg>
<var>${list_country}</var>
<arg>AD</arg>
<arg>AE</arg>
<arg>AF</arg>
<arg>AG</arg>
<arg>AI</arg>
<arg>AL</arg>
<arg>AM</arg>
<arg>AO</arg>
<arg>AQ</arg>
<arg>AR</arg>
<arg>AS</arg>
<arg>AT</arg>
<arg>AU</arg>
<arg>AW</arg>
<arg>AX</arg>
<arg>AZ</arg>
<arg>BA</arg>
<arg>BB</arg>
<arg>BD</arg>
<arg>BE</arg>
<arg>BF</arg>
<arg>BG</arg>
<arg>BH</arg>
<arg>BI</arg>
<arg>BJ</arg>
<arg>BL</arg>
<arg>BM</arg>
<arg>BN</arg>
<arg>BO</arg>
<arg>BQ</arg>
<arg>BR</arg>
<arg>BS</arg>
<arg>BT</arg>
<arg>BV</arg>
<arg>BW</arg>
<arg>BY</arg>
<arg>BZ</arg>
<arg>CA</arg>
<arg>CC</arg>
<arg>CD</arg>
<arg>CF</arg>
<arg>CG</arg>
<arg>CH</arg>
<arg>CI</arg>
<arg>CK</arg>
<arg>CL</arg>
<arg>CM</arg>
<arg>CN</arg>
<arg>CO</arg>
<arg>CR</arg>
<arg>CU</arg>
<arg>CV</arg>
<arg>CW</arg>
<arg>CX</arg>
<arg>CY</arg>
<arg>CZ</arg>
<arg>DE</arg>
<arg>DJ</arg>
<arg>DK</arg>
<arg>DM</arg>
<arg>DO</arg>
<arg>DZ</arg>
<arg>EC</arg>
<arg>EE</arg>
<arg>EG</arg>
<arg>EH</arg>
<arg>ER</arg>
<arg>ES</arg>
<arg>ET</arg>
<arg>FI</arg>
<arg>FJ</arg>
<arg>FK</arg>
<arg>FM</arg>
<arg>FO</arg>
<arg>FR</arg>
<arg>GA</arg>
<arg>GB</arg>
<arg>GD</arg>
<arg>GE</arg>
<arg>GF</arg>
<arg>GG</arg>
<arg>GH</arg>
<arg>GI</arg>
<arg>GL</arg>
<arg>GM</arg>
<arg>GN</arg>
<arg>GP</arg>
<arg>GQ</arg>
<arg>GR</arg>
<arg>GS</arg>
<arg>GT</arg>
<arg>GU</arg>
<arg>GW</arg>
<arg>GY</arg>
<arg>HK</arg>
<arg>HM</arg>
<arg>HN</arg>
<arg>HR</arg>
<arg>HT</arg>
<arg>HU</arg>
<arg>ID</arg>
<arg>IE</arg>
<arg>IL</arg>
<arg>IM</arg>
<arg>IN</arg>
<arg>IO</arg>
<arg>IQ</arg>
<arg>IR</arg>
<arg>IS</arg>
<arg>IT</arg>
<arg>JE</arg>
<arg>JM</arg>
<arg>JO</arg>
<arg>JP</arg>
<arg>KE</arg>
<arg>KG</arg>
<arg>KH</arg>
<arg>KI</arg>
<arg>KM</arg>
<arg>KN</arg>
<arg>KP</arg>
<arg>KR</arg>
<arg>KW</arg>
<arg>KY</arg>
<arg>KZ</arg>
<arg>LA</arg>
<arg>LB</arg>
<arg>LC</arg>
<arg>LI</arg>
<arg>LK</arg>
<arg>LR</arg>
<arg>LS</arg>
<arg>LT</arg>
<arg>LU</arg>
<arg>LV</arg>
<arg>LY</arg>
<arg>MA</arg>
<arg>MC</arg>
<arg>MD</arg>
<arg>ME</arg>
<arg>MF</arg>
<arg>MG</arg>
<arg>MH</arg>
<arg>MK</arg>
<arg>ML</arg>
<arg>MM</arg>
<arg>MN</arg>
<arg>MO</arg>
<arg>MP</arg>
<arg>MQ</arg>
<arg>MR</arg>
<arg>MS</arg>
<arg>MT</arg>
<arg>MU</arg>
<arg>MV</arg>
<arg>MW</arg>
<arg>MX</arg>
<arg>MY</arg>
<arg>MZ</arg>
<arg>NA</arg>
<arg>NC</arg>
<arg>NE</arg>
<arg>NF</arg>
<arg>NG</arg>
<arg>NI</arg>
<arg>NL</arg>
<arg>NO</arg>
<arg>NP</arg>
<arg>NR</arg>
<arg>NU</arg>
<arg>NZ</arg>
<arg>OM</arg>
<arg>PA</arg>
<arg>PE</arg>
<arg>PF</arg>
<arg>PG</arg>
<arg>PH</arg>
<arg>PK</arg>
<arg>PL</arg>
<arg>PM</arg>
<arg>PN</arg>
<arg>PR</arg>
<arg>PS</arg>
<arg>PT</arg>
<arg>PW</arg>
<arg>PY</arg>
<arg>QA</arg>
<arg>RE</arg>
<arg>RO</arg>
<arg>RS</arg>
<arg>RU</arg>
<arg>RW</arg>
<arg>SA</arg>
<arg>SB</arg>
<arg>SC</arg>
<arg>SD</arg>
<arg>SE</arg>
<arg>SG</arg>
<arg>SH</arg>
<arg>SI</arg>
<arg>SJ</arg>
<arg>SK</arg>
<arg>SL</arg>
<arg>SM</arg>
<arg>SN</arg>
<arg>SO</arg>
<arg>SR</arg>
<arg>SS</arg>
<arg>ST</arg>
<arg>SV</arg>
<arg>SX</arg>
<arg>SY</arg>
<arg>SZ</arg>
<arg>TC</arg>
<arg>TD</arg>
<arg>TF</arg>
<arg>TG</arg>
<arg>TH</arg>
<arg>TJ</arg>
<arg>TK</arg>
<arg>TL</arg>
<arg>TM</arg>
<arg>TN</arg>
<arg>TO</arg>
<arg>TR</arg>
<arg>TT</arg>
<arg>TV</arg>
<arg>TW</arg>
<arg>TZ</arg>
<arg>UA</arg>
<arg>UG</arg>
<arg>UM</arg>
<arg>US</arg>
<arg>UY</arg>
<arg>UZ</arg>
<arg>VA</arg>
<arg>VC</arg>
<arg>VE</arg>
<arg>VG</arg>
<arg>VI</arg>
<arg>VN</arg>
<arg>VU</arg>
<arg>WF</arg>
<arg>WS</arg>
<arg>XK</arg>
<arg>YE</arg>
<arg>YT</arg>
<arg>ZA</arg>
<arg>ZM</arg>
<arg>ZW</arg>
<doc>Returns a list containing given items.</doc>
<status status="PASS" start="2024-06-16T07:14:44.887108" elapsed="0.000624"/>
</kw>
<kw name="List Should Contain Value" owner="Collections">
<arg>${list_country}</arg>
<arg>${name_country}</arg>
<doc>Fails if the ``value`` is not found from ``list``.</doc>
<status status="PASS" start="2024-06-16T07:14:44.888531" elapsed="0.000234"/>
</kw>
<kw name="Run Keyword If" owner="BuiltIn">
<kw name="Should Be True" owner="BuiltIn">
<arg>${True}</arg>
<doc>Fails if the given condition is not true.</doc>
<status status="PASS" start="2024-06-16T07:14:44.889821" elapsed="0.000143"/>
</kw>
<arg>${json_data["results"][0]["location"]["coordinates"]["latitude"]} &gt;= -90 and ${json_data["results"][0]["location"]["coordinates"]["latitude"]} &lt;= 90</arg>
<arg>Should Be True</arg>
<arg>${True}</arg>
<doc>Runs the given keyword with the given arguments, if ``condition`` is true.</doc>
<status status="PASS" start="2024-06-16T07:14:44.888969" elapsed="0.001121"/>
</kw>
<kw name="Run Keyword If" owner="BuiltIn">
<kw name="Should Be True" owner="BuiltIn">
<arg>${True}</arg>
<doc>Fails if the given condition is not true.</doc>
<status status="PASS" start="2024-06-16T07:14:44.890952" elapsed="0.000136"/>
</kw>
<arg>${json_data["results"][0]["location"]["coordinates"]["longitude"]} &gt;= -180 and ${json_data["results"][0]["location"]["coordinates"]["longitude"]} &lt;= 180</arg>
<arg>Should Be True</arg>
<arg>${True}</arg>
<doc>Runs the given keyword with the given arguments, if ``condition`` is true.</doc>
<status status="PASS" start="2024-06-16T07:14:44.890273" elapsed="0.000936"/>
</kw>
<status status="PASS" start="2024-06-16T07:14:44.785584" elapsed="0.105751"/>
</kw>
<doc>Testa o conteúdo específico dos campos retornados pela API.</doc>
<tag>testeConteudo</tag>
<status status="PASS" start="2024-06-16T07:14:44.785064" elapsed="0.106413"/>
</test>
<status status="PASS" start="2024-06-16T07:14:43.981814" elapsed="0.911561"/>
</suite>
<status status="PASS" start="2024-06-16T07:14:43.968369" elapsed="0.929911"/>
</suite>
<statistics>
<total>
<stat pass="5" fail="0" skip="0">All Tests</stat>
</total>
<tag>
<stat pass="1" fail="0" skip="0">testeConteudo</stat>
<stat pass="1" fail="0" skip="0">testeEstruturaResposta</stat>
<stat pass="1" fail="0" skip="0">testeRequisicaoBasica</stat>
<stat pass="1" fail="0" skip="0">testeTiposDados</stat>
</tag>
<suite>
<stat pass="5" fail="0" skip="0" id="s1" name="Tests">Tests</stat>
<stat pass="5" fail="0" skip="0" id="s1-s1" name="Random-User-Test">Tests.Random-User-Test</stat>
</suite>
</statistics>
<errors>
</errors>
</robot>
