<?xml version="1.0" encoding="UTF-8"?>
<robot generator="Robot 7.0.1 (Python 3.12.4 on linux)" generated="2024-07-18T19:13:12.480398" rpa="false" schemaversion="5">
<suite id="s1" name="Tests" source="/home/runner/work/ApiRandomUser/ApiRandomUser/RamdonUser/tests">
<suite id="s1-s1" name="Random-User-Test" source="/home/runner/work/ApiRandomUser/ApiRandomUser/RamdonUser/tests/random-user-test.robot">
<test id="s1-s1-t1" name="Conectar" line="13">
<kw name="Conectar API" owner="random-user-service">
<kw name="Create Session" owner="RequestsLibrary">
<msg time="2024-07-18T19:13:12.931938" level="INFO">Creating Session using : alias=consultarAPI, url=https://randomuser.me/, headers={},                     cookies={}, auth=None, timeout=None, proxies=None, verify=False,                     debug=0 </msg>
<arg>consultarAPI</arg>
<arg>${URL}</arg>
<doc>Create Session: create a HTTP session to a server</doc>
<status status="PASS" start="2024-07-18T19:13:12.931731" elapsed="0.000412"/>
</kw>
<status status="PASS" start="2024-07-18T19:13:12.930631" elapsed="0.001892"/>
</kw>
<status status="PASS" start="2024-07-18T19:13:12.930052" elapsed="0.002664"/>
</test>
<test id="s1-s1-t2" name="Validar retorno 200 e JSON Válido" line="16">
<kw name="Teste de Requisicao Basica" owner="random-user-service">
<kw name="GET On Session" owner="RequestsLibrary">
<msg time="2024-07-18T19:13:13.003348" level="INFO">GET Request : url=https://randomuser.me/api 
 path_url=/api 
 headers={'User-Agent': 'python-requests/2.32.3', 'Accept-Encoding': 'gzip, deflate', 'Accept': '*/*', 'Connection': 'keep-alive'} 
 body=None 
 </msg>
<msg time="2024-07-18T19:13:13.003512" level="INFO">GET Response : url=https://randomuser.me/api 
 status=200, reason=OK 
 headers={'Date': 'Thu, 18 Jul 2024 19:13:13 GMT', 'Content-Type': 'application/json; charset=utf-8', 'Transfer-Encoding': 'chunked', 'Connection': 'keep-alive', 'X-Powered-By': 'Express', 'Access-Control-Allow-Origin': '*', 'Cache-Control': 'no-cache', 'ETag': 'W/"49c-Wmb6fhVkJ8LSWdASOEhuPEOAiWE"', 'Vary': 'Accept-Encoding', 'Content-Encoding': 'gzip', 'CF-Cache-Status': 'DYNAMIC', 'Report-To': '{"endpoints":[{"url":"https:\\/\\/a.nel.cloudflare.com\\/report\\/v4?s=VmFTP8GyXqQPS9Cnw%2BO3%2Fde2rA8t6xmj5%2FyxYYrAzzk%2BHtP2vGLgThCGAHLLNKEUXo7W5rWGdcikR1kE8Rb2%2BO9ks2HXva%2FuPwMY0FA0tB7Z5RrTVMBgYGF1immIJc7i"}],"group":"cf-nel","max_age":604800}', 'NEL': '{"success_fraction":0,"report_to":"cf-nel","max_age":604800}', 'Server': 'cloudflare', 'CF-RAY': '8a54c9a7fb405842-IAD', 'alt-svc': 'h3=":443"; ma=86400'} 
 body={"results":[{"gender":"male","name":{"title":"Mr","first":"Carter","last":"Wagner"},"location":{"street":{"number":6660,"name":"Valley View Ln"},"city":"Traralgon","state":"Northern Territory","country":"Australia","postcode":1110,"coordinates":{"latitude":"-87.0244","longitude":"-167.4869"},"timezone":{"offset":"+4:00","description":"Abu Dhabi, Muscat, Baku, Tbilisi"}},"email":"carter.wagner@example.com","login":{"uuid":"2e9ade40-5f5a-403f-90d8-6f1f9477ed6c","username":"ticklishleopard481","password":"6666666","salt":"u8vOcn0f","md5":"983bbdecd90da579899014592f41c7cf","sha1":"2abca2569d2ceb791bfd90c9ef353b5f5ff3502c","sha256":"20a6e7875f1df72454753aaaee4227a23c12fc88f4e8cbfe8a255060831a9380"},"dob":{"date":"1999-03-30T23:56:27.985Z","age":25},"registered":{"date":"2003-10-23T20:09:26.143Z","age":20},"phone":"06-2449-8472","cell":"0478-077-855","id":{"name":"TFN","value":"599982963"},"picture":{"large":"https://randomuser.me/api/portraits/men/98.jpg","medium":"https://randomuser.me/api/portraits/med/men/98.jpg","thumbnail":"https://randomuser.me/api/portraits/thumb/men/98.jpg"},"nat":"AU"}],"info":{"seed":"d40f15da7cb911ef","results":1,"page":1,"version":"1.4"}} 
 </msg>
<msg time="2024-07-18T19:13:13.003625" level="INFO">/opt/hostedtoolcache/Python/3.12.4/x64/lib/python3.12/site-packages/urllib3/connectionpool.py:1099: InsecureRequestWarning: Unverified HTTPS request is being made to host 'randomuser.me'. Adding certificate verification is strongly advised. See: https://urllib3.readthedocs.io/en/latest/advanced-usage.html#tls-warnings
  warnings.warn(</msg>
<msg time="2024-07-18T19:13:13.003772" level="INFO">${response} = &lt;Response [200]&gt;</msg>
<var>${response}</var>
<arg>consultarAPI</arg>
<arg>/api</arg>
<doc>Sends a GET request on a previously created HTTP Session.</doc>
<status status="PASS" start="2024-07-18T19:13:12.935310" elapsed="0.068501"/>
</kw>
<kw name="Should Be Equal As Numbers" owner="BuiltIn">
<msg time="2024-07-18T19:13:13.004953" level="INFO">Argument types are:
&lt;class 'int'&gt;
&lt;class 'str'&gt;</msg>
<arg>${response.status_code}</arg>
<arg>200</arg>
<doc>Fails if objects are unequal after converting them to real numbers.</doc>
<status status="PASS" start="2024-07-18T19:13:13.004432" elapsed="0.000591"/>
</kw>
<kw name="Log" owner="BuiltIn">
<msg time="2024-07-18T19:13:13.005785" level="INFO">200</msg>
<arg>${response.status_code}</arg>
<doc>Logs the given message with the given level.</doc>
<status status="PASS" start="2024-07-18T19:13:13.005408" elapsed="0.000421"/>
</kw>
<kw name="Set Variable" owner="BuiltIn">
<msg time="2024-07-18T19:13:13.006608" level="INFO">${json_data} = {'results': [{'gender': 'male', 'name': {'title': 'Mr', 'first': 'Carter', 'last': 'Wagner'}, 'location': {'street': {'number': 6660, 'name': 'Valley View Ln'}, 'city': 'Traralgon', 'state': 'Northern...</msg>
<var>${json_data}</var>
<arg>${response.json()}</arg>
<doc>Returns the given values which can then be assigned to a variables.</doc>
<status status="PASS" start="2024-07-18T19:13:13.006155" elapsed="0.000482"/>
</kw>
<kw name="Dictionary Should Contain Key" owner="Collections">
<arg>${json_data}</arg>
<arg>results</arg>
<doc>Fails if ``key`` is not found from ``dictionary``.</doc>
<status status="PASS" start="2024-07-18T19:13:13.006944" elapsed="0.000343"/>
</kw>
<status status="PASS" start="2024-07-18T19:13:12.935058" elapsed="0.072386"/>
</kw>
<doc>Testa se a API responde corretamente e retorna um objeto JSON válido.</doc>
<tag>testeRequisicaoBasica</tag>
<status status="PASS" start="2024-07-18T19:13:12.934597" elapsed="0.073055"/>
</test>
<test id="s1-s1-t3" name="Validar estrutura de resposta" line="22">
<kw name="Teste de Estrutura de Resposta" owner="random-user-service">
<kw name="GET On Session" owner="RequestsLibrary">
<msg time="2024-07-18T19:13:13.112915" level="INFO">GET Request : url=https://randomuser.me/api 
 path_url=/api 
 headers={'User-Agent': 'python-requests/2.32.3', 'Accept-Encoding': 'gzip, deflate', 'Accept': '*/*', 'Connection': 'keep-alive'} 
 body=None 
 </msg>
<msg time="2024-07-18T19:13:13.113040" level="INFO">GET Response : url=https://randomuser.me/api 
 status=200, reason=OK 
 headers={'Date': 'Thu, 18 Jul 2024 19:13:13 GMT', 'Content-Type': 'application/json; charset=utf-8', 'Transfer-Encoding': 'chunked', 'Connection': 'keep-alive', 'X-Powered-By': 'Express', 'Access-Control-Allow-Origin': '*', 'Cache-Control': 'no-cache', 'ETag': 'W/"47b-fbMJOlAIW0yj+3dlxCJva7qAcDA"', 'Vary': 'Accept-Encoding', 'Content-Encoding': 'gzip', 'CF-Cache-Status': 'DYNAMIC', 'Report-To': '{"endpoints":[{"url":"https:\\/\\/a.nel.cloudflare.com\\/report\\/v4?s=DkAYy2g71oqPid4u%2B9Nl120aWEXE0SghYYIOcvL7GDU%2FFHdu0VtYqAb6kZbDcsOHees2DD6zlekG0%2BqIieRVIfdnx100J0csA3e1xMgN2HjCG1Bs18VK%2BIu1elVZO9zL"}],"group":"cf-nel","max_age":604800}', 'NEL': '{"success_fraction":0,"report_to":"cf-nel","max_age":604800}', 'Server': 'cloudflare', 'CF-RAY': '8a54c9a85b9d5842-IAD', 'alt-svc': 'h3=":443"; ma=86400'} 
 body={"results":[{"gender":"female","name":{"title":"Mrs","first":"Galina","last":"Zekić"},"location":{"street":{"number":9278,"name":"Mise Todorovića"},"city":"Veliko Gradište","state":"Peć","country":"Serbia","postcode":83871,"coordinates":{"latitude":"60.5420","longitude":"16.1917"},"timezone":{"offset":"+4:30","description":"Kabul"}},"email":"galina.zekic@example.com","login":{"uuid":"4f5ae8e7-d089-4378-98e2-8f52f770ad07","username":"blackleopard993","password":"tigger","salt":"cHKnDIZH","md5":"7642f0798807352bdda26031323d2102","sha1":"c399ccee0d91cd75376e0895edc7ba0ef461abab","sha256":"90c9ac0e5951aecb84f9a2650187bb8ec419a639877c90489315f601de950103"},"dob":{"date":"1962-10-31T18:27:33.667Z","age":61},"registered":{"date":"2004-11-25T22:33:17.252Z","age":19},"phone":"024-0680-476","cell":"069-5306-751","id":{"name":"SID","value":"106573551"},"picture":{"large":"https://randomuser.me/api/portraits/women/92.jpg","medium":"https://randomuser.me/api/portraits/med/women/92.jpg","thumbnail":"https://randomuser.me/api/portraits/thumb/women/92.jpg"},"nat":"RS"}],"info":{"seed":"e910f01a00fe90b6","results":1,"page":1,"version":"1.4"}} 
 </msg>
<msg time="2024-07-18T19:13:13.113206" level="INFO">/opt/hostedtoolcache/Python/3.12.4/x64/lib/python3.12/site-packages/urllib3/connectionpool.py:1099: InsecureRequestWarning: Unverified HTTPS request is being made to host 'randomuser.me'. Adding certificate verification is strongly advised. See: https://urllib3.readthedocs.io/en/latest/advanced-usage.html#tls-warnings
  warnings.warn(</msg>
<msg time="2024-07-18T19:13:13.113340" level="INFO">${response} = &lt;Response [200]&gt;</msg>
<var>${response}</var>
<arg>consultarAPI</arg>
<arg>/api</arg>
<doc>Sends a GET request on a previously created HTTP Session.</doc>
<status status="PASS" start="2024-07-18T19:13:13.010407" elapsed="0.102975"/>
</kw>
<kw name="Set Variable" owner="BuiltIn">
<msg time="2024-07-18T19:13:13.114535" level="INFO">${json_data} = {'results': [{'gender': 'female', 'name': {'title': 'Mrs', 'first': 'Galina', 'last': 'Zekić'}, 'location': {'street': {'number': 9278, 'name': 'Mise Todorovića'}, 'city': 'Veliko Gradište', 'state': ...</msg>
<var>${json_data}</var>
<arg>${response.json()}</arg>
<doc>Returns the given values which can then be assigned to a variables.</doc>
<status status="PASS" start="2024-07-18T19:13:13.113957" elapsed="0.000610"/>
</kw>
<kw name="Log" owner="BuiltIn">
<msg time="2024-07-18T19:13:13.115137" level="INFO">{'results': [{'gender': 'female', 'name': {'title': 'Mrs', 'first': 'Galina', 'last': 'Zekić'}, 'location': {'street': {'number': 9278, 'name': 'Mise Todorovića'}, 'city': 'Veliko Gradište', 'state': 'Peć', 'country': 'Serbia', 'postcode': 83871, 'coordinates': {'latitude': '60.5420', 'longitude': '16.1917'}, 'timezone': {'offset': '+4:30', 'description': 'Kabul'}}, 'email': 'galina.zekic@example.com', 'login': {'uuid': '4f5ae8e7-d089-4378-98e2-8f52f770ad07', 'username': 'blackleopard993', 'password': 'tigger', 'salt': 'cHKnDIZH', 'md5': '7642f0798807352bdda26031323d2102', 'sha1': 'c399ccee0d91cd75376e0895edc7ba0ef461abab', 'sha256': '90c9ac0e5951aecb84f9a2650187bb8ec419a639877c90489315f601de950103'}, 'dob': {'date': '1962-10-31T18:27:33.667Z', 'age': 61}, 'registered': {'date': '2004-11-25T22:33:17.252Z', 'age': 19}, 'phone': '024-0680-476', 'cell': '069-5306-751', 'id': {'name': 'SID', 'value': '106573551'}, 'picture': {'large': 'https://randomuser.me/api/portraits/women/92.jpg', 'medium': 'https://randomuser.me/api/portraits/med/women/92.jpg', 'thumbnail': 'https://randomuser.me/api/portraits/thumb/women/92.jpg'}, 'nat': 'RS'}], 'info': {'seed': 'e910f01a00fe90b6', 'results': 1, 'page': 1, 'version': '1.4'}}</msg>
<arg>${json_data}</arg>
<doc>Logs the given message with the given level.</doc>
<status status="PASS" start="2024-07-18T19:13:13.114950" elapsed="0.000242"/>
</kw>
<kw name="Dictionary Should Contain Key" owner="Collections">
<arg>${json_data}</arg>
<arg>results</arg>
<doc>Fails if ``key`` is not found from ``dictionary``.</doc>
<status status="PASS" start="2024-07-18T19:13:13.115529" elapsed="0.000226"/>
</kw>
<kw name="Should Not Be Empty" owner="BuiltIn">
<msg time="2024-07-18T19:13:13.116095" level="INFO">Length is 2.</msg>
<arg>${json_data}</arg>
<doc>Verifies that the given item is not empty.</doc>
<status status="PASS" start="2024-07-18T19:13:13.115962" elapsed="0.000172"/>
</kw>
<kw name="Create List" owner="BuiltIn">
<msg time="2024-07-18T19:13:13.116598" level="INFO">${expected_keys} = ['gender', 'name', 'location', 'email', 'login']</msg>
<var>${expected_keys}</var>
<arg>gender</arg>
<arg>name</arg>
<arg>location</arg>
<arg>email</arg>
<arg>login</arg>
<doc>Returns a list containing given items.</doc>
<status status="PASS" start="2024-07-18T19:13:13.116443" elapsed="0.000179"/>
</kw>
<for flavor="IN">
<iter>
<kw name="Dictionary Should Contain Key" owner="Collections">
<arg>${json_data['results'][0]}</arg>
<arg>${key}</arg>
<doc>Fails if ``key`` is not found from ``dictionary``.</doc>
<status status="PASS" start="2024-07-18T19:13:13.117266" elapsed="0.000447"/>
</kw>
<kw name="Log" owner="BuiltIn">
<msg time="2024-07-18T19:13:13.118274" level="INFO">{'gender': 'female', 'name': {'title': 'Mrs', 'first': 'Galina', 'last': 'Zekić'}, 'location': {'street': {'number': 9278, 'name': 'Mise Todorovića'}, 'city': 'Veliko Gradište', 'state': 'Peć', 'country': 'Serbia', 'postcode': 83871, 'coordinates': {'latitude': '60.5420', 'longitude': '16.1917'}, 'timezone': {'offset': '+4:30', 'description': 'Kabul'}}, 'email': 'galina.zekic@example.com', 'login': {'uuid': '4f5ae8e7-d089-4378-98e2-8f52f770ad07', 'username': 'blackleopard993', 'password': 'tigger', 'salt': 'cHKnDIZH', 'md5': '7642f0798807352bdda26031323d2102', 'sha1': 'c399ccee0d91cd75376e0895edc7ba0ef461abab', 'sha256': '90c9ac0e5951aecb84f9a2650187bb8ec419a639877c90489315f601de950103'}, 'dob': {'date': '1962-10-31T18:27:33.667Z', 'age': 61}, 'registered': {'date': '2004-11-25T22:33:17.252Z', 'age': 19}, 'phone': '024-0680-476', 'cell': '069-5306-751', 'id': {'name': 'SID', 'value': '106573551'}, 'picture': {'large': 'https://randomuser.me/api/portraits/women/92.jpg', 'medium': 'https://randomuser.me/api/portraits/med/women/92.jpg', 'thumbnail': 'https://randomuser.me/api/portraits/thumb/women/92.jpg'}, 'nat': 'RS'}</msg>
<arg>${json_data['results'][0]}</arg>
<doc>Logs the given message with the given level.</doc>
<status status="PASS" start="2024-07-18T19:13:13.117906" elapsed="0.000422"/>
</kw>
<kw name="Log" owner="BuiltIn">
<msg time="2024-07-18T19:13:13.118765" level="INFO">gender</msg>
<arg>${key}</arg>
<doc>Logs the given message with the given level.</doc>
<status status="PASS" start="2024-07-18T19:13:13.118635" elapsed="0.000168"/>
</kw>
<var name="${key}">gender</var>
<status status="PASS" start="2024-07-18T19:13:13.117127" elapsed="0.001894"/>
</iter>
<iter>
<kw name="Dictionary Should Contain Key" owner="Collections">
<arg>${json_data['results'][0]}</arg>
<arg>${key}</arg>
<doc>Fails if ``key`` is not found from ``dictionary``.</doc>
<status status="PASS" start="2024-07-18T19:13:13.119329" elapsed="0.000433"/>
</kw>
<kw name="Log" owner="BuiltIn">
<msg time="2024-07-18T19:13:13.120320" level="INFO">{'gender': 'female', 'name': {'title': 'Mrs', 'first': 'Galina', 'last': 'Zekić'}, 'location': {'street': {'number': 9278, 'name': 'Mise Todorovića'}, 'city': 'Veliko Gradište', 'state': 'Peć', 'country': 'Serbia', 'postcode': 83871, 'coordinates': {'latitude': '60.5420', 'longitude': '16.1917'}, 'timezone': {'offset': '+4:30', 'description': 'Kabul'}}, 'email': 'galina.zekic@example.com', 'login': {'uuid': '4f5ae8e7-d089-4378-98e2-8f52f770ad07', 'username': 'blackleopard993', 'password': 'tigger', 'salt': 'cHKnDIZH', 'md5': '7642f0798807352bdda26031323d2102', 'sha1': 'c399ccee0d91cd75376e0895edc7ba0ef461abab', 'sha256': '90c9ac0e5951aecb84f9a2650187bb8ec419a639877c90489315f601de950103'}, 'dob': {'date': '1962-10-31T18:27:33.667Z', 'age': 61}, 'registered': {'date': '2004-11-25T22:33:17.252Z', 'age': 19}, 'phone': '024-0680-476', 'cell': '069-5306-751', 'id': {'name': 'SID', 'value': '106573551'}, 'picture': {'large': 'https://randomuser.me/api/portraits/women/92.jpg', 'medium': 'https://randomuser.me/api/portraits/med/women/92.jpg', 'thumbnail': 'https://randomuser.me/api/portraits/thumb/women/92.jpg'}, 'nat': 'RS'}</msg>
<arg>${json_data['results'][0]}</arg>
<doc>Logs the given message with the given level.</doc>
<status status="PASS" start="2024-07-18T19:13:13.119955" elapsed="0.000450"/>
</kw>
<kw name="Log" owner="BuiltIn">
<msg time="2024-07-18T19:13:13.120838" level="INFO">name</msg>
<arg>${key}</arg>
<doc>Logs the given message with the given level.</doc>
<status status="PASS" start="2024-07-18T19:13:13.120712" elapsed="0.000164"/>
</kw>
<var name="${key}">name</var>
<status status="PASS" start="2024-07-18T19:13:13.119217" elapsed="0.001877"/>
</iter>
<iter>
<kw name="Dictionary Should Contain Key" owner="Collections">
<arg>${json_data['results'][0]}</arg>
<arg>${key}</arg>
<doc>Fails if ``key`` is not found from ``dictionary``.</doc>
<status status="PASS" start="2024-07-18T19:13:13.121381" elapsed="0.000395"/>
</kw>
<kw name="Log" owner="BuiltIn">
<msg time="2024-07-18T19:13:13.122334" level="INFO">{'gender': 'female', 'name': {'title': 'Mrs', 'first': 'Galina', 'last': 'Zekić'}, 'location': {'street': {'number': 9278, 'name': 'Mise Todorovića'}, 'city': 'Veliko Gradište', 'state': 'Peć', 'country': 'Serbia', 'postcode': 83871, 'coordinates': {'latitude': '60.5420', 'longitude': '16.1917'}, 'timezone': {'offset': '+4:30', 'description': 'Kabul'}}, 'email': 'galina.zekic@example.com', 'login': {'uuid': '4f5ae8e7-d089-4378-98e2-8f52f770ad07', 'username': 'blackleopard993', 'password': 'tigger', 'salt': 'cHKnDIZH', 'md5': '7642f0798807352bdda26031323d2102', 'sha1': 'c399ccee0d91cd75376e0895edc7ba0ef461abab', 'sha256': '90c9ac0e5951aecb84f9a2650187bb8ec419a639877c90489315f601de950103'}, 'dob': {'date': '1962-10-31T18:27:33.667Z', 'age': 61}, 'registered': {'date': '2004-11-25T22:33:17.252Z', 'age': 19}, 'phone': '024-0680-476', 'cell': '069-5306-751', 'id': {'name': 'SID', 'value': '106573551'}, 'picture': {'large': 'https://randomuser.me/api/portraits/women/92.jpg', 'medium': 'https://randomuser.me/api/portraits/med/women/92.jpg', 'thumbnail': 'https://randomuser.me/api/portraits/thumb/women/92.jpg'}, 'nat': 'RS'}</msg>
<arg>${json_data['results'][0]}</arg>
<doc>Logs the given message with the given level.</doc>
<status status="PASS" start="2024-07-18T19:13:13.121968" elapsed="0.000417"/>
</kw>
<kw name="Log" owner="BuiltIn">
<msg time="2024-07-18T19:13:13.122805" level="INFO">location</msg>
<arg>${key}</arg>
<doc>Logs the given message with the given level.</doc>
<status status="PASS" start="2024-07-18T19:13:13.122680" elapsed="0.000162"/>
</kw>
<var name="${key}">location</var>
<status status="PASS" start="2024-07-18T19:13:13.121273" elapsed="0.001784"/>
</iter>
<iter>
<kw name="Dictionary Should Contain Key" owner="Collections">
<arg>${json_data['results'][0]}</arg>
<arg>${key}</arg>
<doc>Fails if ``key`` is not found from ``dictionary``.</doc>
<status status="PASS" start="2024-07-18T19:13:13.123343" elapsed="0.000418"/>
</kw>
<kw name="Log" owner="BuiltIn">
<msg time="2024-07-18T19:13:13.124445" level="INFO">{'gender': 'female', 'name': {'title': 'Mrs', 'first': 'Galina', 'last': 'Zekić'}, 'location': {'street': {'number': 9278, 'name': 'Mise Todorovića'}, 'city': 'Veliko Gradište', 'state': 'Peć', 'country': 'Serbia', 'postcode': 83871, 'coordinates': {'latitude': '60.5420', 'longitude': '16.1917'}, 'timezone': {'offset': '+4:30', 'description': 'Kabul'}}, 'email': 'galina.zekic@example.com', 'login': {'uuid': '4f5ae8e7-d089-4378-98e2-8f52f770ad07', 'username': 'blackleopard993', 'password': 'tigger', 'salt': 'cHKnDIZH', 'md5': '7642f0798807352bdda26031323d2102', 'sha1': 'c399ccee0d91cd75376e0895edc7ba0ef461abab', 'sha256': '90c9ac0e5951aecb84f9a2650187bb8ec419a639877c90489315f601de950103'}, 'dob': {'date': '1962-10-31T18:27:33.667Z', 'age': 61}, 'registered': {'date': '2004-11-25T22:33:17.252Z', 'age': 19}, 'phone': '024-0680-476', 'cell': '069-5306-751', 'id': {'name': 'SID', 'value': '106573551'}, 'picture': {'large': 'https://randomuser.me/api/portraits/women/92.jpg', 'medium': 'https://randomuser.me/api/portraits/med/women/92.jpg', 'thumbnail': 'https://randomuser.me/api/portraits/thumb/women/92.jpg'}, 'nat': 'RS'}</msg>
<arg>${json_data['results'][0]}</arg>
<doc>Logs the given message with the given level.</doc>
<status status="PASS" start="2024-07-18T19:13:13.124086" elapsed="0.000409"/>
</kw>
<kw name="Log" owner="BuiltIn">
<msg time="2024-07-18T19:13:13.124922" level="INFO">email</msg>
<arg>${key}</arg>
<doc>Logs the given message with the given level.</doc>
<status status="PASS" start="2024-07-18T19:13:13.124794" elapsed="0.000166"/>
</kw>
<var name="${key}">email</var>
<status status="PASS" start="2024-07-18T19:13:13.123235" elapsed="0.001940"/>
</iter>
<iter>
<kw name="Dictionary Should Contain Key" owner="Collections">
<arg>${json_data['results'][0]}</arg>
<arg>${key}</arg>
<doc>Fails if ``key`` is not found from ``dictionary``.</doc>
<status status="PASS" start="2024-07-18T19:13:13.125454" elapsed="0.000387"/>
</kw>
<kw name="Log" owner="BuiltIn">
<msg time="2024-07-18T19:13:13.126381" level="INFO">{'gender': 'female', 'name': {'title': 'Mrs', 'first': 'Galina', 'last': 'Zekić'}, 'location': {'street': {'number': 9278, 'name': 'Mise Todorovića'}, 'city': 'Veliko Gradište', 'state': 'Peć', 'country': 'Serbia', 'postcode': 83871, 'coordinates': {'latitude': '60.5420', 'longitude': '16.1917'}, 'timezone': {'offset': '+4:30', 'description': 'Kabul'}}, 'email': 'galina.zekic@example.com', 'login': {'uuid': '4f5ae8e7-d089-4378-98e2-8f52f770ad07', 'username': 'blackleopard993', 'password': 'tigger', 'salt': 'cHKnDIZH', 'md5': '7642f0798807352bdda26031323d2102', 'sha1': 'c399ccee0d91cd75376e0895edc7ba0ef461abab', 'sha256': '90c9ac0e5951aecb84f9a2650187bb8ec419a639877c90489315f601de950103'}, 'dob': {'date': '1962-10-31T18:27:33.667Z', 'age': 61}, 'registered': {'date': '2004-11-25T22:33:17.252Z', 'age': 19}, 'phone': '024-0680-476', 'cell': '069-5306-751', 'id': {'name': 'SID', 'value': '106573551'}, 'picture': {'large': 'https://randomuser.me/api/portraits/women/92.jpg', 'medium': 'https://randomuser.me/api/portraits/med/women/92.jpg', 'thumbnail': 'https://randomuser.me/api/portraits/thumb/women/92.jpg'}, 'nat': 'RS'}</msg>
<arg>${json_data['results'][0]}</arg>
<doc>Logs the given message with the given level.</doc>
<status status="PASS" start="2024-07-18T19:13:13.126023" elapsed="0.000408"/>
</kw>
<kw name="Log" owner="BuiltIn">
<msg time="2024-07-18T19:13:13.126851" level="INFO">login</msg>
<arg>${key}</arg>
<doc>Logs the given message with the given level.</doc>
<status status="PASS" start="2024-07-18T19:13:13.126728" elapsed="0.000159"/>
</kw>
<var name="${key}">login</var>
<status status="PASS" start="2024-07-18T19:13:13.125346" elapsed="0.001754"/>
</iter>
<var>${key}</var>
<value>@{expected_keys}</value>
<status status="PASS" start="2024-07-18T19:13:13.116910" elapsed="0.010308"/>
</for>
<kw name="Create List" owner="BuiltIn">
<msg time="2024-07-18T19:13:13.127545" level="INFO">${expected_keysTwo} = ['username', 'password']</msg>
<var>${expected_keysTwo}</var>
<arg>username</arg>
<arg>password</arg>
<doc>Returns a list containing given items.</doc>
<status status="PASS" start="2024-07-18T19:13:13.127412" elapsed="0.000156"/>
</kw>
<for flavor="IN">
<iter>
<kw name="Dictionary Should Contain Key" owner="Collections">
<arg>${json_data['results'][0]['login']}</arg>
<arg>${keyTwo}</arg>
<doc>Fails if ``key`` is not found from ``dictionary``.</doc>
<status status="PASS" start="2024-07-18T19:13:13.128137" elapsed="0.000397"/>
</kw>
<kw name="Dictionary Should Contain Key" owner="Collections">
<arg>${json_data['results'][0]['login']}</arg>
<arg>${keyTwo}</arg>
<doc>Fails if ``key`` is not found from ``dictionary``.</doc>
<status status="PASS" start="2024-07-18T19:13:13.128715" elapsed="0.000374"/>
</kw>
<kw name="Log" owner="BuiltIn">
<msg time="2024-07-18T19:13:13.129388" level="INFO">username</msg>
<arg>${keyTwo}</arg>
<doc>Logs the given message with the given level.</doc>
<status status="PASS" start="2024-07-18T19:13:13.129268" elapsed="0.000158"/>
</kw>
<var name="${keyTwo}">username</var>
<status status="PASS" start="2024-07-18T19:13:13.128030" elapsed="0.001616"/>
</iter>
<iter>
<kw name="Dictionary Should Contain Key" owner="Collections">
<arg>${json_data['results'][0]['login']}</arg>
<arg>${keyTwo}</arg>
<doc>Fails if ``key`` is not found from ``dictionary``.</doc>
<status status="PASS" start="2024-07-18T19:13:13.129931" elapsed="0.000389"/>
</kw>
<kw name="Dictionary Should Contain Key" owner="Collections">
<arg>${json_data['results'][0]['login']}</arg>
<arg>${keyTwo}</arg>
<doc>Fails if ``key`` is not found from ``dictionary``.</doc>
<status status="PASS" start="2024-07-18T19:13:13.130501" elapsed="0.000376"/>
</kw>
<kw name="Log" owner="BuiltIn">
<msg time="2024-07-18T19:13:13.131178" level="INFO">password</msg>
<arg>${keyTwo}</arg>
<doc>Logs the given message with the given level.</doc>
<status status="PASS" start="2024-07-18T19:13:13.131053" elapsed="0.000162"/>
</kw>
<var name="${keyTwo}">password</var>
<status status="PASS" start="2024-07-18T19:13:13.129818" elapsed="0.001619"/>
</iter>
<var>${keyTwo}</var>
<value>@{expected_keysTwo}</value>
<status status="PASS" start="2024-07-18T19:13:13.127871" elapsed="0.003685"/>
</for>
<status status="PASS" start="2024-07-18T19:13:13.010160" elapsed="0.121573"/>
</kw>
<doc>Testa a estrutura da resposta da API.</doc>
<tag>testeEstruturaResposta</tag>
<status status="PASS" start="2024-07-18T19:13:13.009542" elapsed="0.122363"/>
</test>
<test id="s1-s1-t4" name="Validar tipos de dados" line="28">
<kw name="Teste de Tipos de Dados" owner="random-user-service">
<kw name="GET On Session" owner="RequestsLibrary">
<msg time="2024-07-18T19:13:13.193190" level="INFO">GET Request : url=https://randomuser.me/api 
 path_url=/api 
 headers={'User-Agent': 'python-requests/2.32.3', 'Accept-Encoding': 'gzip, deflate', 'Accept': '*/*', 'Connection': 'keep-alive'} 
 body=None 
 </msg>
<msg time="2024-07-18T19:13:13.193288" level="INFO">GET Response : url=https://randomuser.me/api 
 status=200, reason=OK 
 headers={'Date': 'Thu, 18 Jul 2024 19:13:13 GMT', 'Content-Type': 'application/json; charset=utf-8', 'Transfer-Encoding': 'chunked', 'Connection': 'keep-alive', 'X-Powered-By': 'Express', 'Access-Control-Allow-Origin': '*', 'Cache-Control': 'no-cache', 'ETag': 'W/"499-DlTd5HbXfKqXR4xN9SOOJQyJPcI"', 'Vary': 'Accept-Encoding', 'Content-Encoding': 'gzip', 'CF-Cache-Status': 'DYNAMIC', 'Report-To': '{"endpoints":[{"url":"https:\\/\\/a.nel.cloudflare.com\\/report\\/v4?s=3t7wtPUO6a5uif8xQqGhK0%2B4vSG%2ByGWN4%2BPT5sadhsEzVN7GkFm7ja0JcCjB8PAovOnuDJBum4rIQJm1ksUz7dWH16%2FfvnphhbFBCHSSac%2BuOO5w6SPp2LSDZWi6eKc8"}],"group":"cf-nel","max_age":604800}', 'NEL': '{"success_fraction":0,"report_to":"cf-nel","max_age":604800}', 'Server': 'cloudflare', 'CF-RAY': '8a54c9a91c665842-IAD', 'alt-svc': 'h3=":443"; ma=86400'} 
 body={"results":[{"gender":"female","name":{"title":"Mrs","first":"Letitia","last":"Bouwmans"},"location":{"street":{"number":3927,"name":"Hemmekens Marsweg"},"city":"Wijster","state":"Overijssel","country":"Netherlands","postcode":"7225 OY","coordinates":{"latitude":"36.0356","longitude":"27.7410"},"timezone":{"offset":"-8:00","description":"Pacific Time (US &amp; Canada)"}},"email":"letitia.bouwmans@example.com","login":{"uuid":"81726bfb-f3e7-4be6-946b-445f64c183b3","username":"sadfish355","password":"getout","salt":"m3CU3zYq","md5":"c931467a5b853b20ee76a3816fd6e8dc","sha1":"db2b1b71b1febb086dc42756ecd51c7305cf3fee","sha256":"60cad356853f35608d144a6160b7f1cfd632c8effc2608e2536c95248928585b"},"dob":{"date":"1965-06-13T18:06:31.083Z","age":59},"registered":{"date":"2022-01-03T08:27:57.932Z","age":2},"phone":"(0522) 474620","cell":"(06) 11751521","id":{"name":"BSN","value":"35299033"},"picture":{"large":"https://randomuser.me/api/portraits/women/39.jpg","medium":"https://randomuser.me/api/portraits/med/women/39.jpg","thumbnail":"https://randomuser.me/api/portraits/thumb/women/39.jpg"},"nat":"NL"}],"info":{"seed":"736f518097baebb0","results":1,"page":1,"version":"1.4"}} 
 </msg>
<msg time="2024-07-18T19:13:13.193362" level="INFO">/opt/hostedtoolcache/Python/3.12.4/x64/lib/python3.12/site-packages/urllib3/connectionpool.py:1099: InsecureRequestWarning: Unverified HTTPS request is being made to host 'randomuser.me'. Adding certificate verification is strongly advised. See: https://urllib3.readthedocs.io/en/latest/advanced-usage.html#tls-warnings
  warnings.warn(</msg>
<msg time="2024-07-18T19:13:13.193487" level="INFO">${response} = &lt;Response [200]&gt;</msg>
<var>${response}</var>
<arg>consultarAPI</arg>
<arg>/api</arg>
<doc>Sends a GET request on a previously created HTTP Session.</doc>
<status status="PASS" start="2024-07-18T19:13:13.134412" elapsed="0.059117"/>
</kw>
<kw name="Set Variable" owner="BuiltIn">
<msg time="2024-07-18T19:13:13.194810" level="INFO">${json_data} = {'results': [{'gender': 'female', 'name': {'title': 'Mrs', 'first': 'Letitia', 'last': 'Bouwmans'}, 'location': {'street': {'number': 3927, 'name': 'Hemmekens Marsweg'}, 'city': 'Wijster', 'state': 'O...</msg>
<var>${json_data}</var>
<arg>${response.json()}</arg>
<doc>Returns the given values which can then be assigned to a variables.</doc>
<status status="PASS" start="2024-07-18T19:13:13.194193" elapsed="0.000646"/>
</kw>
<kw name="Log" owner="BuiltIn">
<msg time="2024-07-18T19:13:13.195351" level="INFO">{'results': [{'gender': 'female', 'name': {'title': 'Mrs', 'first': 'Letitia', 'last': 'Bouwmans'}, 'location': {'street': {'number': 3927, 'name': 'Hemmekens Marsweg'}, 'city': 'Wijster', 'state': 'Overijssel', 'country': 'Netherlands', 'postcode': '7225 OY', 'coordinates': {'latitude': '36.0356', 'longitude': '27.7410'}, 'timezone': {'offset': '-8:00', 'description': 'Pacific Time (US &amp; Canada)'}}, 'email': 'letitia.bouwmans@example.com', 'login': {'uuid': '81726bfb-f3e7-4be6-946b-445f64c183b3', 'username': 'sadfish355', 'password': 'getout', 'salt': 'm3CU3zYq', 'md5': 'c931467a5b853b20ee76a3816fd6e8dc', 'sha1': 'db2b1b71b1febb086dc42756ecd51c7305cf3fee', 'sha256': '60cad356853f35608d144a6160b7f1cfd632c8effc2608e2536c95248928585b'}, 'dob': {'date': '1965-06-13T18:06:31.083Z', 'age': 59}, 'registered': {'date': '2022-01-03T08:27:57.932Z', 'age': 2}, 'phone': '(0522) 474620', 'cell': '(06) 11751521', 'id': {'name': 'BSN', 'value': '35299033'}, 'picture': {'large': 'https://randomuser.me/api/portraits/women/39.jpg', 'medium': 'https://randomuser.me/api/portraits/med/women/39.jpg', 'thumbnail': 'https://randomuser.me/api/portraits/thumb/women/39.jpg'}, 'nat': 'NL'}], 'info': {'seed': '736f518097baebb0', 'results': 1, 'page': 1, 'version': '1.4'}}</msg>
<arg>${json_data}</arg>
<doc>Logs the given message with the given level.</doc>
<status status="PASS" start="2024-07-18T19:13:13.195187" elapsed="0.000213"/>
</kw>
<kw name="Should Be String" owner="String">
<arg>${json_data['results'][0]['gender']}</arg>
<doc>Fails if the given ``item`` is not a string.</doc>
<status status="PASS" start="2024-07-18T19:13:13.195733" elapsed="0.000381"/>
</kw>
<kw name="Should Match Regexp" owner="BuiltIn">
<arg>${json_data['results'][0]['email']}</arg>
<arg>^[a-zA-Z0-9._%+-]+@[a-zA-Z0-9.-]+\.[a-zA-Z]{2,}$</arg>
<doc>Fails if ``string`` does not match ``pattern`` as a regular expression.</doc>
<status status="PASS" start="2024-07-18T19:13:13.196310" elapsed="0.000518"/>
</kw>
<kw name="Should Match Regexp" owner="BuiltIn">
<arg>${json_data['results'][0]['dob']['date']}</arg>
<arg>\\d{4}-\\d{2}-\\d{2}T\\d{2}:\\d{2}:\\d{2}\\.\\d{3}Z</arg>
<doc>Fails if ``string`` does not match ``pattern`` as a regular expression.</doc>
<status status="PASS" start="2024-07-18T19:13:13.197064" elapsed="0.000662"/>
</kw>
<kw name="Should Match Regexp" owner="BuiltIn">
<arg>${json_data['results'][0]['registered']['date']}</arg>
<arg>\\d{4}-\\d{2}-\\d{2}T\\d{2}:\\d{2}:\\d{2}\\.\\d{3}Z</arg>
<doc>Fails if ``string`` does not match ``pattern`` as a regular expression.</doc>
<status status="PASS" start="2024-07-18T19:13:13.197921" elapsed="0.000372"/>
</kw>
<kw name="Should Match Regexp" owner="BuiltIn">
<arg>${json_data['results'][0]['picture']['large']}</arg>
<arg>^https?://.*\.(?:png|jpe?g|gif|bmp)$</arg>
<doc>Fails if ``string`` does not match ``pattern`` as a regular expression.</doc>
<status status="PASS" start="2024-07-18T19:13:13.198479" elapsed="0.000464"/>
</kw>
<kw name="Should Match Regexp" owner="BuiltIn">
<arg>${json_data['results'][0]['picture']['medium']}</arg>
<arg>^https?://.*\.(?:png|jpe?g|gif|bmp)$</arg>
<doc>Fails if ``string`` does not match ``pattern`` as a regular expression.</doc>
<status status="PASS" start="2024-07-18T19:13:13.199130" elapsed="0.000355"/>
</kw>
<kw name="Should Match Regexp" owner="BuiltIn">
<arg>${json_data['results'][0]['picture']['thumbnail']}</arg>
<arg>^https?://.*\.(?:png|jpe?g|gif|bmp)$</arg>
<doc>Fails if ``string`` does not match ``pattern`` as a regular expression.</doc>
<status status="PASS" start="2024-07-18T19:13:13.199698" elapsed="0.000367"/>
</kw>
<kw name="Log" owner="BuiltIn">
<msg time="2024-07-18T19:13:13.200571" level="INFO">{'large': 'https://randomuser.me/api/portraits/women/39.jpg', 'medium': 'https://randomuser.me/api/portraits/med/women/39.jpg', 'thumbnail': 'https://randomuser.me/api/portraits/thumb/women/39.jpg'}</msg>
<arg>${json_data['results'][0]['picture']}</arg>
<doc>Logs the given message with the given level.</doc>
<status status="PASS" start="2024-07-18T19:13:13.200248" elapsed="0.000363"/>
</kw>
<status status="PASS" start="2024-07-18T19:13:13.134183" elapsed="0.066701"/>
</kw>
<kw name="Teste de Tipos de Dados - Postcode" owner="random-user-service">
<kw name="GET On Session" owner="RequestsLibrary">
<msg time="2024-07-18T19:13:13.284603" level="INFO">GET Request : url=https://randomuser.me/api 
 path_url=/api 
 headers={'User-Agent': 'python-requests/2.32.3', 'Accept-Encoding': 'gzip, deflate', 'Accept': '*/*', 'Connection': 'keep-alive'} 
 body=None 
 </msg>
<msg time="2024-07-18T19:13:13.284703" level="INFO">GET Response : url=https://randomuser.me/api 
 status=200, reason=OK 
 headers={'Date': 'Thu, 18 Jul 2024 19:13:13 GMT', 'Content-Type': 'application/json; charset=utf-8', 'Transfer-Encoding': 'chunked', 'Connection': 'keep-alive', 'X-Powered-By': 'Express', 'Access-Control-Allow-Origin': '*', 'Cache-Control': 'no-cache', 'ETag': 'W/"486-OjtR4cgG0C/VpFZi+yldl4Gy1Jg"', 'Vary': 'Accept-Encoding', 'Content-Encoding': 'gzip', 'CF-Cache-Status': 'DYNAMIC', 'Report-To': '{"endpoints":[{"url":"https:\\/\\/a.nel.cloudflare.com\\/report\\/v4?s=9WOzEImU8UmKWy6hoIrRcMfXrD6q9Qs5%2BMO3cVR4SXR0tzBrrKXyDyvDdzLWkrsq8h1psTMexGmAI2upgw18PrAv%2BFA%2B%2FtXd%2FlUDOaSMX3Ct2Yrg7Zv7eG1X4nD9gCvS"}],"group":"cf-nel","max_age":604800}', 'NEL': '{"success_fraction":0,"report_to":"cf-nel","max_age":604800}', 'Server': 'cloudflare', 'CF-RAY': '8a54c9a98ce85842-IAD', 'alt-svc': 'h3=":443"; ma=86400'} 
 body={"results":[{"gender":"male","name":{"title":"Mr","first":"Jokubas","last":"Thorshaug"},"location":{"street":{"number":4128,"name":"Nordseterstien"},"city":"Vatne","state":"Hedmark","country":"Norway","postcode":"1599","coordinates":{"latitude":"46.4917","longitude":"-9.9098"},"timezone":{"offset":"+10:00","description":"Eastern Australia, Guam, Vladivostok"}},"email":"jokubas.thorshaug@example.com","login":{"uuid":"7df69e52-af7e-40e0-b36f-d9f01d8a6056","username":"happyzebra867","password":"chapman","salt":"P9C6c6cR","md5":"cc5502a5dacf04aa90f6f365fe775da4","sha1":"3515d43130a0cd3f140ecb2b1dd6dd9995a6569a","sha256":"b5d0825d31f82c01a47359bb97d1b36f97ba03bc00cbaade673e3f716faa135b"},"dob":{"date":"1978-01-02T14:37:13.660Z","age":46},"registered":{"date":"2022-04-08T04:57:51.850Z","age":2},"phone":"28563034","cell":"40521786","id":{"name":"FN","value":"02017802529"},"picture":{"large":"https://randomuser.me/api/portraits/men/4.jpg","medium":"https://randomuser.me/api/portraits/med/men/4.jpg","thumbnail":"https://randomuser.me/api/portraits/thumb/men/4.jpg"},"nat":"NO"}],"info":{"seed":"e0dd9138e8cfa6e0","results":1,"page":1,"version":"1.4"}} 
 </msg>
<msg time="2024-07-18T19:13:13.284779" level="INFO">/opt/hostedtoolcache/Python/3.12.4/x64/lib/python3.12/site-packages/urllib3/connectionpool.py:1099: InsecureRequestWarning: Unverified HTTPS request is being made to host 'randomuser.me'. Adding certificate verification is strongly advised. See: https://urllib3.readthedocs.io/en/latest/advanced-usage.html#tls-warnings
  warnings.warn(</msg>
<msg time="2024-07-18T19:13:13.284909" level="INFO">${response} = &lt;Response [200]&gt;</msg>
<var>${response}</var>
<arg>consultarAPI</arg>
<arg>/api</arg>
<doc>Sends a GET request on a previously created HTTP Session.</doc>
<status status="PASS" start="2024-07-18T19:13:13.201349" elapsed="0.083602"/>
</kw>
<kw name="Set Variable" owner="BuiltIn">
<msg time="2024-07-18T19:13:13.286206" level="INFO">${json_data} = {'results': [{'gender': 'male', 'name': {'title': 'Mr', 'first': 'Jokubas', 'last': 'Thorshaug'}, 'location': {'street': {'number': 4128, 'name': 'Nordseterstien'}, 'city': 'Vatne', 'state': 'Hedmark'...</msg>
<var>${json_data}</var>
<arg>${response.json()}</arg>
<doc>Returns the given values which can then be assigned to a variables.</doc>
<status status="PASS" start="2024-07-18T19:13:13.285616" elapsed="0.000621"/>
</kw>
<kw name="Log" owner="BuiltIn">
<msg time="2024-07-18T19:13:13.286793" level="INFO">{'results': [{'gender': 'male', 'name': {'title': 'Mr', 'first': 'Jokubas', 'last': 'Thorshaug'}, 'location': {'street': {'number': 4128, 'name': 'Nordseterstien'}, 'city': 'Vatne', 'state': 'Hedmark', 'country': 'Norway', 'postcode': '1599', 'coordinates': {'latitude': '46.4917', 'longitude': '-9.9098'}, 'timezone': {'offset': '+10:00', 'description': 'Eastern Australia, Guam, Vladivostok'}}, 'email': 'jokubas.thorshaug@example.com', 'login': {'uuid': '7df69e52-af7e-40e0-b36f-d9f01d8a6056', 'username': 'happyzebra867', 'password': 'chapman', 'salt': 'P9C6c6cR', 'md5': 'cc5502a5dacf04aa90f6f365fe775da4', 'sha1': '3515d43130a0cd3f140ecb2b1dd6dd9995a6569a', 'sha256': 'b5d0825d31f82c01a47359bb97d1b36f97ba03bc00cbaade673e3f716faa135b'}, 'dob': {'date': '1978-01-02T14:37:13.660Z', 'age': 46}, 'registered': {'date': '2022-04-08T04:57:51.850Z', 'age': 2}, 'phone': '28563034', 'cell': '40521786', 'id': {'name': 'FN', 'value': '02017802529'}, 'picture': {'large': 'https://randomuser.me/api/portraits/men/4.jpg', 'medium': 'https://randomuser.me/api/portraits/med/men/4.jpg', 'thumbnail': 'https://randomuser.me/api/portraits/thumb/men/4.jpg'}, 'nat': 'NO'}], 'info': {'seed': 'e0dd9138e8cfa6e0', 'results': 1, 'page': 1, 'version': '1.4'}}</msg>
<arg>${json_data}</arg>
<doc>Logs the given message with the given level.</doc>
<status status="PASS" start="2024-07-18T19:13:13.286616" elapsed="0.000227"/>
</kw>
<kw name="Should Be Equal As Numbers" owner="BuiltIn">
<arg>${json_data['results'][0]['location']['postcode']}</arg>
<arg>${json_data['results'][0]['location']['postcode']}</arg>
<doc>Fails if objects are unequal after converting them to real numbers.</doc>
<status status="PASS" start="2024-07-18T19:13:13.287155" elapsed="0.000711"/>
</kw>
<kw name="Log" owner="BuiltIn">
<msg time="2024-07-18T19:13:13.288416" level="INFO">1599</msg>
<arg>${json_data['results'][0]['location']['postcode']}</arg>
<doc>Logs the given message with the given level.</doc>
<status status="PASS" start="2024-07-18T19:13:13.288069" elapsed="0.000389"/>
</kw>
<status status="PASS" start="2024-07-18T19:13:13.201110" elapsed="0.087640"/>
</kw>
<doc>Testa se os tipos de dados na resposta da API estão corretos.</doc>
<tag>testeTiposDados</tag>
<status status="PASS" start="2024-07-18T19:13:13.133703" elapsed="0.155231"/>
</test>
<test id="s1-s1-t5" name="Validar conteudo" line="35">
<kw name="Teste de Tipos de Conteudo" owner="random-user-service">
<kw name="GET On Session" owner="RequestsLibrary">
<msg time="2024-07-18T19:13:13.393747" level="INFO">GET Request : url=https://randomuser.me/api 
 path_url=/api 
 headers={'User-Agent': 'python-requests/2.32.3', 'Accept-Encoding': 'gzip, deflate', 'Accept': '*/*', 'Connection': 'keep-alive'} 
 body=None 
 </msg>
<msg time="2024-07-18T19:13:13.393849" level="INFO">GET Response : url=https://randomuser.me/api 
 status=200, reason=OK 
 headers={'Date': 'Thu, 18 Jul 2024 19:13:13 GMT', 'Content-Type': 'application/json; charset=utf-8', 'Transfer-Encoding': 'chunked', 'Connection': 'keep-alive', 'X-Powered-By': 'Express', 'Access-Control-Allow-Origin': '*', 'Cache-Control': 'no-cache', 'ETag': 'W/"4a9-fHtze5mN1/BY1ow2WUGyff9oWps"', 'Vary': 'Accept-Encoding', 'Content-Encoding': 'gzip', 'CF-Cache-Status': 'DYNAMIC', 'Report-To': '{"endpoints":[{"url":"https:\\/\\/a.nel.cloudflare.com\\/report\\/v4?s=8lBH6nohVD57blu0ikoGW4Qgg6qJMCkiJlkuQ4G6p9aiEhFXm3MtPgzdhg64V%2F5gEOp61r0K9A4%2BM0us5S9MFfEjNkx2gPV7tnQTvWI9vmvJMBNIF%2B627G%2BdCMahoJ0O"}],"group":"cf-nel","max_age":604800}', 'NEL': '{"success_fraction":0,"report_to":"cf-nel","max_age":604800}', 'Server': 'cloudflare', 'CF-RAY': '8a54c9aa1d785842-IAD', 'alt-svc': 'h3=":443"; ma=86400'} 
 body={"results":[{"gender":"female","name":{"title":"Mrs","first":"Scarlett","last":"Cooper"},"location":{"street":{"number":5693,"name":"Blenheim Road"},"city":"Palmerston North","state":"West Coast","country":"New Zealand","postcode":66324,"coordinates":{"latitude":"55.0533","longitude":"156.3662"},"timezone":{"offset":"0:00","description":"Western Europe Time, London, Lisbon, Casablanca"}},"email":"scarlett.cooper@example.com","login":{"uuid":"e167919f-a2f7-4b77-8012-f77cac3ad88c","username":"blackzebra499","password":"angela","salt":"l8EREBVc","md5":"ddc1a931a42423620cc270a4a8cc39a4","sha1":"812746722c5325a3a45f80341ad35abbc1103137","sha256":"1a248a0640fa7c30d8be06777b51d0843806bac00f0034d27bd3246f8b2d93e5"},"dob":{"date":"1970-10-05T10:25:44.364Z","age":53},"registered":{"date":"2018-01-06T22:03:08.840Z","age":6},"phone":"(816)-855-7240","cell":"(531)-557-3826","id":{"name":"","value":null},"picture":{"large":"https://randomuser.me/api/portraits/women/61.jpg","medium":"https://randomuser.me/api/portraits/med/women/61.jpg","thumbnail":"https://randomuser.me/api/portraits/thumb/women/61.jpg"},"nat":"NZ"}],"info":{"seed":"aa2b5ea16068ea25","results":1,"page":1,"version":"1.4"}} 
 </msg>
<msg time="2024-07-18T19:13:13.393923" level="INFO">/opt/hostedtoolcache/Python/3.12.4/x64/lib/python3.12/site-packages/urllib3/connectionpool.py:1099: InsecureRequestWarning: Unverified HTTPS request is being made to host 'randomuser.me'. Adding certificate verification is strongly advised. See: https://urllib3.readthedocs.io/en/latest/advanced-usage.html#tls-warnings
  warnings.warn(</msg>
<msg time="2024-07-18T19:13:13.394051" level="INFO">${response} = &lt;Response [200]&gt;</msg>
<var>${response}</var>
<arg>consultarAPI</arg>
<arg>/api</arg>
<doc>Sends a GET request on a previously created HTTP Session.</doc>
<status status="PASS" start="2024-07-18T19:13:13.291518" elapsed="0.102574"/>
</kw>
<kw name="Set Variable" owner="BuiltIn">
<msg time="2024-07-18T19:13:13.395372" level="INFO">${json_data} = {'results': [{'gender': 'female', 'name': {'title': 'Mrs', 'first': 'Scarlett', 'last': 'Cooper'}, 'location': {'street': {'number': 5693, 'name': 'Blenheim Road'}, 'city': 'Palmerston North', 'state'...</msg>
<var>${json_data}</var>
<arg>${response.json()}</arg>
<doc>Returns the given values which can then be assigned to a variables.</doc>
<status status="PASS" start="2024-07-18T19:13:13.394778" elapsed="0.000622"/>
</kw>
<kw name="Set Variable" owner="BuiltIn">
<msg time="2024-07-18T19:13:13.396118" level="INFO">${name_title} = Mrs</msg>
<var>${name_title}</var>
<arg>${json_data["results"][0]["name"]["title"]}</arg>
<doc>Returns the given values which can then be assigned to a variables.</doc>
<status status="PASS" start="2024-07-18T19:13:13.395741" elapsed="0.000403"/>
</kw>
<kw name="Create List" owner="BuiltIn">
<msg time="2024-07-18T19:13:13.396591" level="INFO">${allowed_titles} = ['Mr', 'Ms', 'Miss', 'Mrs', 'Madame', 'Monsieur']</msg>
<var>${allowed_titles}</var>
<arg>Mr</arg>
<arg>Ms</arg>
<arg>Miss</arg>
<arg>Mrs</arg>
<arg>Madame</arg>
<arg>Monsieur</arg>
<doc>Returns a list containing given items.</doc>
<status status="PASS" start="2024-07-18T19:13:13.396443" elapsed="0.000173"/>
</kw>
<kw name="List Should Contain Value" owner="Collections">
<arg>${allowed_titles}</arg>
<arg>${name_title}</arg>
<doc>Fails if the ``value`` is not found from ``list``.</doc>
<status status="PASS" start="2024-07-18T19:13:13.396913" elapsed="0.000176"/>
</kw>
<kw name="Set Variable" owner="BuiltIn">
<msg time="2024-07-18T19:13:13.397642" level="INFO">${name_country} = NZ</msg>
<var>${name_country}</var>
<arg>${json_data["results"][0]["nat"]}</arg>
<doc>Returns the given values which can then be assigned to a variables.</doc>
<status status="PASS" start="2024-07-18T19:13:13.397269" elapsed="0.000398"/>
</kw>
<kw name="Create List" owner="BuiltIn">
<msg time="2024-07-18T19:13:13.398542" level="INFO">${list_country} = ['AD', 'AE', 'AF', 'AG', 'AI', 'AL', 'AM', 'AO', 'AQ', 'AR', 'AS', 'AT', 'AU', 'AW', 'AX', 'AZ', 'BA', 'BB', 'BD', 'BE', 'BF', 'BG', 'BH', 'BI', 'BJ', 'BL', 'BM', 'BN', 'BO', 'BQ', 'BR', 'BS', 'BT', '...</msg>
<var>${list_country}</var>
<arg>AD</arg>
<arg>AE</arg>
<arg>AF</arg>
<arg>AG</arg>
<arg>AI</arg>
<arg>AL</arg>
<arg>AM</arg>
<arg>AO</arg>
<arg>AQ</arg>
<arg>AR</arg>
<arg>AS</arg>
<arg>AT</arg>
<arg>AU</arg>
<arg>AW</arg>
<arg>AX</arg>
<arg>AZ</arg>
<arg>BA</arg>
<arg>BB</arg>
<arg>BD</arg>
<arg>BE</arg>
<arg>BF</arg>
<arg>BG</arg>
<arg>BH</arg>
<arg>BI</arg>
<arg>BJ</arg>
<arg>BL</arg>
<arg>BM</arg>
<arg>BN</arg>
<arg>BO</arg>
<arg>BQ</arg>
<arg>BR</arg>
<arg>BS</arg>
<arg>BT</arg>
<arg>BV</arg>
<arg>BW</arg>
<arg>BY</arg>
<arg>BZ</arg>
<arg>CA</arg>
<arg>CC</arg>
<arg>CD</arg>
<arg>CF</arg>
<arg>CG</arg>
<arg>CH</arg>
<arg>CI</arg>
<arg>CK</arg>
<arg>CL</arg>
<arg>CM</arg>
<arg>CN</arg>
<arg>CO</arg>
<arg>CR</arg>
<arg>CU</arg>
<arg>CV</arg>
<arg>CW</arg>
<arg>CX</arg>
<arg>CY</arg>
<arg>CZ</arg>
<arg>DE</arg>
<arg>DJ</arg>
<arg>DK</arg>
<arg>DM</arg>
<arg>DO</arg>
<arg>DZ</arg>
<arg>EC</arg>
<arg>EE</arg>
<arg>EG</arg>
<arg>EH</arg>
<arg>ER</arg>
<arg>ES</arg>
<arg>ET</arg>
<arg>FI</arg>
<arg>FJ</arg>
<arg>FK</arg>
<arg>FM</arg>
<arg>FO</arg>
<arg>FR</arg>
<arg>GA</arg>
<arg>GB</arg>
<arg>GD</arg>
<arg>GE</arg>
<arg>GF</arg>
<arg>GG</arg>
<arg>GH</arg>
<arg>GI</arg>
<arg>GL</arg>
<arg>GM</arg>
<arg>GN</arg>
<arg>GP</arg>
<arg>GQ</arg>
<arg>GR</arg>
<arg>GS</arg>
<arg>GT</arg>
<arg>GU</arg>
<arg>GW</arg>
<arg>GY</arg>
<arg>HK</arg>
<arg>HM</arg>
<arg>HN</arg>
<arg>HR</arg>
<arg>HT</arg>
<arg>HU</arg>
<arg>ID</arg>
<arg>IE</arg>
<arg>IL</arg>
<arg>IM</arg>
<arg>IN</arg>
<arg>IO</arg>
<arg>IQ</arg>
<arg>IR</arg>
<arg>IS</arg>
<arg>IT</arg>
<arg>JE</arg>
<arg>JM</arg>
<arg>JO</arg>
<arg>JP</arg>
<arg>KE</arg>
<arg>KG</arg>
<arg>KH</arg>
<arg>KI</arg>
<arg>KM</arg>
<arg>KN</arg>
<arg>KP</arg>
<arg>KR</arg>
<arg>KW</arg>
<arg>KY</arg>
<arg>KZ</arg>
<arg>LA</arg>
<arg>LB</arg>
<arg>LC</arg>
<arg>LI</arg>
<arg>LK</arg>
<arg>LR</arg>
<arg>LS</arg>
<arg>LT</arg>
<arg>LU</arg>
<arg>LV</arg>
<arg>LY</arg>
<arg>MA</arg>
<arg>MC</arg>
<arg>MD</arg>
<arg>ME</arg>
<arg>MF</arg>
<arg>MG</arg>
<arg>MH</arg>
<arg>MK</arg>
<arg>ML</arg>
<arg>MM</arg>
<arg>MN</arg>
<arg>MO</arg>
<arg>MP</arg>
<arg>MQ</arg>
<arg>MR</arg>
<arg>MS</arg>
<arg>MT</arg>
<arg>MU</arg>
<arg>MV</arg>
<arg>MW</arg>
<arg>MX</arg>
<arg>MY</arg>
<arg>MZ</arg>
<arg>NA</arg>
<arg>NC</arg>
<arg>NE</arg>
<arg>NF</arg>
<arg>NG</arg>
<arg>NI</arg>
<arg>NL</arg>
<arg>NO</arg>
<arg>NP</arg>
<arg>NR</arg>
<arg>NU</arg>
<arg>NZ</arg>
<arg>OM</arg>
<arg>PA</arg>
<arg>PE</arg>
<arg>PF</arg>
<arg>PG</arg>
<arg>PH</arg>
<arg>PK</arg>
<arg>PL</arg>
<arg>PM</arg>
<arg>PN</arg>
<arg>PR</arg>
<arg>PS</arg>
<arg>PT</arg>
<arg>PW</arg>
<arg>PY</arg>
<arg>QA</arg>
<arg>RE</arg>
<arg>RO</arg>
<arg>RS</arg>
<arg>RU</arg>
<arg>RW</arg>
<arg>SA</arg>
<arg>SB</arg>
<arg>SC</arg>
<arg>SD</arg>
<arg>SE</arg>
<arg>SG</arg>
<arg>SH</arg>
<arg>SI</arg>
<arg>SJ</arg>
<arg>SK</arg>
<arg>SL</arg>
<arg>SM</arg>
<arg>SN</arg>
<arg>SO</arg>
<arg>SR</arg>
<arg>SS</arg>
<arg>ST</arg>
<arg>SV</arg>
<arg>SX</arg>
<arg>SY</arg>
<arg>SZ</arg>
<arg>TC</arg>
<arg>TD</arg>
<arg>TF</arg>
<arg>TG</arg>
<arg>TH</arg>
<arg>TJ</arg>
<arg>TK</arg>
<arg>TL</arg>
<arg>TM</arg>
<arg>TN</arg>
<arg>TO</arg>
<arg>TR</arg>
<arg>TT</arg>
<arg>TV</arg>
<arg>TW</arg>
<arg>TZ</arg>
<arg>UA</arg>
<arg>UG</arg>
<arg>UM</arg>
<arg>US</arg>
<arg>UY</arg>
<arg>UZ</arg>
<arg>VA</arg>
<arg>VC</arg>
<arg>VE</arg>
<arg>VG</arg>
<arg>VI</arg>
<arg>VN</arg>
<arg>VU</arg>
<arg>WF</arg>
<arg>WS</arg>
<arg>XK</arg>
<arg>YE</arg>
<arg>YT</arg>
<arg>ZA</arg>
<arg>ZM</arg>
<arg>ZW</arg>
<doc>Returns a list containing given items.</doc>
<status status="PASS" start="2024-07-18T19:13:13.397953" elapsed="0.000613"/>
</kw>
<kw name="List Should Contain Value" owner="Collections">
<arg>${list_country}</arg>
<arg>${name_country}</arg>
<doc>Fails if the ``value`` is not found from ``list``.</doc>
<status status="PASS" start="2024-07-18T19:13:13.399557" elapsed="0.000243"/>
</kw>
<kw name="Run Keyword If" owner="BuiltIn">
<kw name="Should Be True" owner="BuiltIn">
<arg>${True}</arg>
<doc>Fails if the given condition is not true.</doc>
<status status="PASS" start="2024-07-18T19:13:13.400771" elapsed="0.000143"/>
</kw>
<arg>${json_data["results"][0]["location"]["coordinates"]["latitude"]} &gt;= -90 and ${json_data["results"][0]["location"]["coordinates"]["latitude"]} &lt;= 90</arg>
<arg>Should Be True</arg>
<arg>${True}</arg>
<doc>Runs the given keyword with the given arguments, if ``condition`` is true.</doc>
<status status="PASS" start="2024-07-18T19:13:13.399998" elapsed="0.001040"/>
</kw>
<kw name="Run Keyword If" owner="BuiltIn">
<kw name="Should Be True" owner="BuiltIn">
<arg>${True}</arg>
<doc>Fails if the given condition is not true.</doc>
<status status="PASS" start="2024-07-18T19:13:13.401905" elapsed="0.000135"/>
</kw>
<arg>${json_data["results"][0]["location"]["coordinates"]["longitude"]} &gt;= -180 and ${json_data["results"][0]["location"]["coordinates"]["longitude"]} &lt;= 180</arg>
<arg>Should Be True</arg>
<arg>${True}</arg>
<doc>Runs the given keyword with the given arguments, if ``condition`` is true.</doc>
<status status="PASS" start="2024-07-18T19:13:13.401220" elapsed="0.000943"/>
</kw>
<status status="PASS" start="2024-07-18T19:13:13.291287" elapsed="0.111005"/>
</kw>
<doc>Testa o conteúdo específico dos campos retornados pela API.</doc>
<tag>testeConteudo</tag>
<status status="PASS" start="2024-07-18T19:13:13.290727" elapsed="0.111717"/>
</test>
<status status="PASS" start="2024-07-18T19:13:12.580084" elapsed="0.824305"/>
</suite>
<status status="PASS" start="2024-07-18T19:13:12.554162" elapsed="0.855163"/>
</suite>
<statistics>
<total>
<stat pass="5" fail="0" skip="0">All Tests</stat>
</total>
<tag>
<stat pass="1" fail="0" skip="0">testeConteudo</stat>
<stat pass="1" fail="0" skip="0">testeEstruturaResposta</stat>
<stat pass="1" fail="0" skip="0">testeRequisicaoBasica</stat>
<stat pass="1" fail="0" skip="0">testeTiposDados</stat>
</tag>
<suite>
<stat pass="5" fail="0" skip="0" id="s1" name="Tests">Tests</stat>
<stat pass="5" fail="0" skip="0" id="s1-s1" name="Random-User-Test">Tests.Random-User-Test</stat>
</suite>
</statistics>
<errors>
</errors>
</robot>
