<?xml version="1.0" encoding="UTF-8"?>
<robot generator="Robot 7.0 (Python 3.12.2 on linux)" generated="2024-04-01T12:26:04.639902" rpa="false" schemaversion="5">
<suite id="s1" name="Tests" source="/home/runner/work/DesafioQAItauRogerioJordao/DesafioQAItauRogerioJordao/RamdonUser/tests">
<suite id="s1-s1" name="Random-User-Test" source="/home/runner/work/DesafioQAItauRogerioJordao/DesafioQAItauRogerioJordao/RamdonUser/tests/random-user-test.robot">
<test id="s1-s1-t1" name="Conectar" line="13">
<kw name="Conectar API" owner="random-user-service">
<kw name="Create Session" owner="RequestsLibrary">
<msg time="2024-04-01T12:26:04.999957" level="INFO">Creating Session using : alias=consultarAPI, url=https://randomuser.me/, headers={},                     cookies={}, auth=None, timeout=None, proxies=None, verify=False,                     debug=0 </msg>
<arg>consultarAPI</arg>
<arg>${URL}</arg>
<doc>Create Session: create a HTTP session to a server</doc>
<status status="PASS" start="2024-04-01T12:26:04.999749" elapsed="0.000408"/>
</kw>
<status status="PASS" start="2024-04-01T12:26:04.998673" elapsed="0.001862"/>
</kw>
<status status="PASS" start="2024-04-01T12:26:04.997993" elapsed="0.002753"/>
</test>
<test id="s1-s1-t2" name="Validar retorno 200 e JSON Válido" line="16">
<kw name="Teste de Requisicao Basica" owner="random-user-service">
<kw name="GET On Session" owner="RequestsLibrary">
<msg time="2024-04-01T12:26:05.221925" level="INFO">GET Request : url=https://randomuser.me/api 
 path_url=/api 
 headers={'User-Agent': 'python-requests/2.31.0', 'Accept-Encoding': 'gzip, deflate', 'Accept': '*/*', 'Connection': 'keep-alive'} 
 body=None 
 </msg>
<msg time="2024-04-01T12:26:05.222077" level="INFO">GET Response : url=https://randomuser.me/api 
 status=200, reason=OK 
 headers={'Date': 'Mon, 01 Apr 2024 12:26:05 GMT', 'Content-Type': 'application/json; charset=utf-8', 'Transfer-Encoding': 'chunked', 'Connection': 'keep-alive', 'X-Powered-By': 'Express', 'Access-Control-Allow-Origin': '*', 'Cache-Control': 'no-cache', 'ETag': 'W/"47d-3QGfe8uWBX2IcBF9UThzBGYSRes"', 'Vary': 'Accept-Encoding', 'Content-Encoding': 'gzip', 'CF-Cache-Status': 'DYNAMIC', 'Report-To': '{"endpoints":[{"url":"https:\\/\\/a.nel.cloudflare.com\\/report\\/v4?s=W04ZhiUGLUkLdZoD0%2B8hGAyheP1kED7ezVHeSv0nc%2BAjo4JYUetnb%2FbaBZ%2Fc4baX0i1oGvcxQRgF5D6VBopkP5pA4%2BAFwae2HDw3oUoUwlDHCKaG60cjjXonuPpcoyor"}],"group":"cf-nel","max_age":604800}', 'NEL': '{"success_fraction":0,"report_to":"cf-nel","max_age":604800}', 'Server': 'cloudflare', 'CF-RAY': '86d890c619559866-SJC', 'alt-svc': 'h3=":443"; ma=86400'} 
 body={"results":[{"gender":"male","name":{"title":"Mr","first":"Volkan","last":"Atan"},"location":{"street":{"number":2837,"name":"Talak Göktepe Cd"},"city":"Ardahan","state":"Adana","country":"Turkey","postcode":94964,"coordinates":{"latitude":"66.7880","longitude":"-156.8454"},"timezone":{"offset":"+4:00","description":"Abu Dhabi, Muscat, Baku, Tbilisi"}},"email":"volkan.atan@example.com","login":{"uuid":"f2944e0f-3c2b-44fa-adab-08a6ce752216","username":"redpeacock129","password":"stellar","salt":"lVkTq0Qj","md5":"ca88653f6c5234e1f7e3dcd576315c3a","sha1":"0fe78aafdf1cadaeb046481611b4268a9104858c","sha256":"08064e23a6a24591b881bcf51cd1a1bc6e19c9a8daa4b20349057077fcaa6928"},"dob":{"date":"1975-10-23T21:53:21.996Z","age":48},"registered":{"date":"2015-06-07T01:29:03.486Z","age":8},"phone":"(794)-311-0441","cell":"(244)-901-9289","id":{"name":"","value":null},"picture":{"large":"https://randomuser.me/api/portraits/men/38.jpg","medium":"https://randomuser.me/api/portraits/med/men/38.jpg","thumbnail":"https://randomuser.me/api/portraits/thumb/men/38.jpg"},"nat":"TR"}],"info":{"seed":"6ed9de4313f6a7f4","results":1,"page":1,"version":"1.4"}} 
 </msg>
<msg time="2024-04-01T12:26:05.222212" level="INFO">/opt/hostedtoolcache/Python/3.12.2/x64/lib/python3.12/site-packages/urllib3/connectionpool.py:1103: InsecureRequestWarning: Unverified HTTPS request is being made to host 'randomuser.me'. Adding certificate verification is strongly advised. See: https://urllib3.readthedocs.io/en/latest/advanced-usage.html#tls-warnings
  warnings.warn(</msg>
<msg time="2024-04-01T12:26:05.222413" level="INFO">${response} = &lt;Response [200]&gt;</msg>
<var>${response}</var>
<arg>consultarAPI</arg>
<arg>/api</arg>
<doc>Sends a GET request on a previously created HTTP Session.</doc>
<status status="PASS" start="2024-04-01T12:26:05.003423" elapsed="0.219035"/>
</kw>
<kw name="Should Be Equal As Numbers" owner="BuiltIn">
<msg time="2024-04-01T12:26:05.223381" level="INFO">Argument types are:
&lt;class 'int'&gt;
&lt;class 'str'&gt;</msg>
<arg>${response.status_code}</arg>
<arg>200</arg>
<doc>Fails if objects are unequal after converting them to real numbers.</doc>
<status status="PASS" start="2024-04-01T12:26:05.222938" elapsed="0.000507"/>
</kw>
<kw name="Log" owner="BuiltIn">
<msg time="2024-04-01T12:26:05.224116" level="INFO">200</msg>
<arg>${response.status_code}</arg>
<doc>Logs the given message with the given level.</doc>
<status status="PASS" start="2024-04-01T12:26:05.223764" elapsed="0.000394"/>
</kw>
<kw name="Set Variable" owner="BuiltIn">
<msg time="2024-04-01T12:26:05.224928" level="INFO">${json_data} = {'results': [{'gender': 'male', 'name': {'title': 'Mr', 'first': 'Volkan', 'last': 'Atan'}, 'location': {'street': {'number': 2837, 'name': 'Talak Göktepe Cd'}, 'city': 'Ardahan', 'state': 'Adana', 'c...</msg>
<var>${json_data}</var>
<arg>${response.json()}</arg>
<doc>Returns the given values which can then be assigned to a variables.</doc>
<status status="PASS" start="2024-04-01T12:26:05.224485" elapsed="0.000471"/>
</kw>
<kw name="Dictionary Should Contain Key" owner="Collections">
<msg time="2024-04-01T12:26:05.225425" level="INFO">False</msg>
<arg>${json_data}</arg>
<arg>results</arg>
<doc>Fails if ``key`` is not found from ``dictionary``.</doc>
<status status="PASS" start="2024-04-01T12:26:05.225257" elapsed="0.000207"/>
</kw>
<status status="PASS" start="2024-04-01T12:26:05.003168" elapsed="0.222553"/>
</kw>
<doc>Testa se a API responde corretamente e retorna um objeto JSON válido.</doc>
<tag>testeRequisicaoBasica</tag>
<status status="PASS" start="2024-04-01T12:26:05.002633" elapsed="0.223273"/>
</test>
<test id="s1-s1-t3" name="Validar estrutura de resposta" line="22">
<kw name="Teste de Estrutura de Resposta" owner="random-user-service">
<kw name="GET On Session" owner="RequestsLibrary">
<msg time="2024-04-01T12:26:05.320402" level="INFO">GET Request : url=https://randomuser.me/api 
 path_url=/api 
 headers={'User-Agent': 'python-requests/2.31.0', 'Accept-Encoding': 'gzip, deflate', 'Accept': '*/*', 'Connection': 'keep-alive'} 
 body=None 
 </msg>
<msg time="2024-04-01T12:26:05.320467" level="INFO">GET Response : url=https://randomuser.me/api 
 status=200, reason=OK 
 headers={'Date': 'Mon, 01 Apr 2024 12:26:05 GMT', 'Content-Type': 'application/json; charset=utf-8', 'Transfer-Encoding': 'chunked', 'Connection': 'keep-alive', 'X-Powered-By': 'Express', 'Access-Control-Allow-Origin': '*', 'Cache-Control': 'no-cache', 'ETag': 'W/"4a9-sbvtJ96wSKM/mR0F36OqZMy89Wk"', 'Vary': 'Accept-Encoding', 'Content-Encoding': 'gzip', 'CF-Cache-Status': 'DYNAMIC', 'Report-To': '{"endpoints":[{"url":"https:\\/\\/a.nel.cloudflare.com\\/report\\/v4?s=p4dOzZ1uaTjc2AGnXKcrzyB3kA4NI6GulfjSoQzQH5Pgi1pthkCx2TJKoz%2F3a4ibpCnDQQNK69CL5jMQUs9ierqW31iCn2D%2FsrKp3RNOc2wuIcT23ayN0X1m0eoYiIxX"}],"group":"cf-nel","max_age":604800}', 'NEL': '{"success_fraction":0,"report_to":"cf-nel","max_age":604800}', 'Server': 'cloudflare', 'CF-RAY': '86d890c6b99a9866-SJC', 'alt-svc': 'h3=":443"; ma=86400'} 
 body={"results":[{"gender":"female","name":{"title":"Ms","first":"Tammy","last":"Carpenter"},"location":{"street":{"number":577,"name":"Stanley Road"},"city":"Salford","state":"Mid Glamorgan","country":"United Kingdom","postcode":"O82 2ZX","coordinates":{"latitude":"-9.5114","longitude":"4.7049"},"timezone":{"offset":"-5:00","description":"Eastern Time (US &amp; Canada), Bogota, Lima"}},"email":"tammy.carpenter@example.com","login":{"uuid":"f1f40cba-e0b5-4104-886b-61ef3dea269e","username":"silverkoala183","password":"greg","salt":"dSvgatqF","md5":"472898017a407f9d53716e1537b6c753","sha1":"48c1bce2658d824392c4d3f978166d67a64f9386","sha256":"4156706f79eb2db87438ddceafede54327cdd510da92784d95075829c938e083"},"dob":{"date":"1995-09-10T19:47:56.169Z","age":28},"registered":{"date":"2022-02-06T14:51:11.457Z","age":2},"phone":"01913 571902","cell":"07257 029447","id":{"name":"NINO","value":"BE 64 34 61 Y"},"picture":{"large":"https://randomuser.me/api/portraits/women/19.jpg","medium":"https://randomuser.me/api/portraits/med/women/19.jpg","thumbnail":"https://randomuser.me/api/portraits/thumb/women/19.jpg"},"nat":"GB"}],"info":{"seed":"fa0228b89713833a","results":1,"page":1,"version":"1.4"}} 
 </msg>
<msg time="2024-04-01T12:26:05.320573" level="INFO">/opt/hostedtoolcache/Python/3.12.2/x64/lib/python3.12/site-packages/urllib3/connectionpool.py:1103: InsecureRequestWarning: Unverified HTTPS request is being made to host 'randomuser.me'. Adding certificate verification is strongly advised. See: https://urllib3.readthedocs.io/en/latest/advanced-usage.html#tls-warnings
  warnings.warn(</msg>
<msg time="2024-04-01T12:26:05.320685" level="INFO">${response} = &lt;Response [200]&gt;</msg>
<var>${response}</var>
<arg>consultarAPI</arg>
<arg>/api</arg>
<doc>Sends a GET request on a previously created HTTP Session.</doc>
<status status="PASS" start="2024-04-01T12:26:05.228640" elapsed="0.092084"/>
</kw>
<kw name="Set Variable" owner="BuiltIn">
<msg time="2024-04-01T12:26:05.321531" level="INFO">${json_data} = {'results': [{'gender': 'female', 'name': {'title': 'Ms', 'first': 'Tammy', 'last': 'Carpenter'}, 'location': {'street': {'number': 577, 'name': 'Stanley Road'}, 'city': 'Salford', 'state': 'Mid Glamo...</msg>
<var>${json_data}</var>
<arg>${response.json()}</arg>
<doc>Returns the given values which can then be assigned to a variables.</doc>
<status status="PASS" start="2024-04-01T12:26:05.321084" elapsed="0.000476"/>
</kw>
<kw name="Log" owner="BuiltIn">
<msg time="2024-04-01T12:26:05.322025" level="INFO">{'results': [{'gender': 'female', 'name': {'title': 'Ms', 'first': 'Tammy', 'last': 'Carpenter'}, 'location': {'street': {'number': 577, 'name': 'Stanley Road'}, 'city': 'Salford', 'state': 'Mid Glamorgan', 'country': 'United Kingdom', 'postcode': 'O82 2ZX', 'coordinates': {'latitude': '-9.5114', 'longitude': '4.7049'}, 'timezone': {'offset': '-5:00', 'description': 'Eastern Time (US &amp; Canada), Bogota, Lima'}}, 'email': 'tammy.carpenter@example.com', 'login': {'uuid': 'f1f40cba-e0b5-4104-886b-61ef3dea269e', 'username': 'silverkoala183', 'password': 'greg', 'salt': 'dSvgatqF', 'md5': '472898017a407f9d53716e1537b6c753', 'sha1': '48c1bce2658d824392c4d3f978166d67a64f9386', 'sha256': '4156706f79eb2db87438ddceafede54327cdd510da92784d95075829c938e083'}, 'dob': {'date': '1995-09-10T19:47:56.169Z', 'age': 28}, 'registered': {'date': '2022-02-06T14:51:11.457Z', 'age': 2}, 'phone': '01913 571902', 'cell': '07257 029447', 'id': {'name': 'NINO', 'value': 'BE 64 34 61 Y'}, 'picture': {'large': 'https://randomuser.me/api/portraits/women/19.jpg', 'medium': 'https://randomuser.me/api/portraits/med/women/19.jpg', 'thumbnail': 'https://randomuser.me/api/portraits/thumb/women/19.jpg'}, 'nat': 'GB'}], 'info': {'seed': 'fa0228b89713833a', 'results': 1, 'page': 1, 'version': '1.4'}}</msg>
<arg>${json_data}</arg>
<doc>Logs the given message with the given level.</doc>
<status status="PASS" start="2024-04-01T12:26:05.321868" elapsed="0.000205"/>
</kw>
<kw name="Dictionary Should Contain Key" owner="Collections">
<msg time="2024-04-01T12:26:05.322572" level="INFO">False</msg>
<arg>${json_data}</arg>
<arg>results</arg>
<doc>Fails if ``key`` is not found from ``dictionary``.</doc>
<status status="PASS" start="2024-04-01T12:26:05.322419" elapsed="0.000189"/>
</kw>
<kw name="Should Not Be Empty" owner="BuiltIn">
<msg time="2024-04-01T12:26:05.323038" level="INFO">Length is 2.</msg>
<arg>${json_data}</arg>
<doc>Verifies that the given item is not empty.</doc>
<status status="PASS" start="2024-04-01T12:26:05.322905" elapsed="0.000171"/>
</kw>
<kw name="Create List" owner="BuiltIn">
<msg time="2024-04-01T12:26:05.323528" level="INFO">${expected_keys} = ['gender', 'name', 'location', 'email', 'login']</msg>
<var>${expected_keys}</var>
<arg>gender</arg>
<arg>name</arg>
<arg>location</arg>
<arg>email</arg>
<arg>login</arg>
<doc>Returns a list containing given items.</doc>
<status status="PASS" start="2024-04-01T12:26:05.323374" elapsed="0.000178"/>
</kw>
<for flavor="IN">
<iter>
<kw name="Dictionary Should Contain Key" owner="Collections">
<msg time="2024-04-01T12:26:05.324521" level="INFO">False</msg>
<arg>${json_data['results'][0]}</arg>
<arg>${key}</arg>
<doc>Fails if ``key`` is not found from ``dictionary``.</doc>
<status status="PASS" start="2024-04-01T12:26:05.324121" elapsed="0.000438"/>
</kw>
<kw name="Log" owner="BuiltIn">
<msg time="2024-04-01T12:26:05.325241" level="INFO">{'gender': 'female', 'name': {'title': 'Ms', 'first': 'Tammy', 'last': 'Carpenter'}, 'location': {'street': {'number': 577, 'name': 'Stanley Road'}, 'city': 'Salford', 'state': 'Mid Glamorgan', 'country': 'United Kingdom', 'postcode': 'O82 2ZX', 'coordinates': {'latitude': '-9.5114', 'longitude': '4.7049'}, 'timezone': {'offset': '-5:00', 'description': 'Eastern Time (US &amp; Canada), Bogota, Lima'}}, 'email': 'tammy.carpenter@example.com', 'login': {'uuid': 'f1f40cba-e0b5-4104-886b-61ef3dea269e', 'username': 'silverkoala183', 'password': 'greg', 'salt': 'dSvgatqF', 'md5': '472898017a407f9d53716e1537b6c753', 'sha1': '48c1bce2658d824392c4d3f978166d67a64f9386', 'sha256': '4156706f79eb2db87438ddceafede54327cdd510da92784d95075829c938e083'}, 'dob': {'date': '1995-09-10T19:47:56.169Z', 'age': 28}, 'registered': {'date': '2022-02-06T14:51:11.457Z', 'age': 2}, 'phone': '01913 571902', 'cell': '07257 029447', 'id': {'name': 'NINO', 'value': 'BE 64 34 61 Y'}, 'picture': {'large': 'https://randomuser.me/api/portraits/women/19.jpg', 'medium': 'https://randomuser.me/api/portraits/med/women/19.jpg', 'thumbnail': 'https://randomuser.me/api/portraits/thumb/women/19.jpg'}, 'nat': 'GB'}</msg>
<arg>${json_data['results'][0]}</arg>
<doc>Logs the given message with the given level.</doc>
<status status="PASS" start="2024-04-01T12:26:05.324869" elapsed="0.000428"/>
</kw>
<kw name="Log" owner="BuiltIn">
<msg time="2024-04-01T12:26:05.325749" level="INFO">gender</msg>
<arg>${key}</arg>
<doc>Logs the given message with the given level.</doc>
<status status="PASS" start="2024-04-01T12:26:05.325616" elapsed="0.000172"/>
</kw>
<var name="${key}">gender</var>
<status status="PASS" start="2024-04-01T12:26:05.323998" elapsed="0.002011"/>
</iter>
<iter>
<kw name="Dictionary Should Contain Key" owner="Collections">
<msg time="2024-04-01T12:26:05.326746" level="INFO">False</msg>
<arg>${json_data['results'][0]}</arg>
<arg>${key}</arg>
<doc>Fails if ``key`` is not found from ``dictionary``.</doc>
<status status="PASS" start="2024-04-01T12:26:05.326350" elapsed="0.000471"/>
</kw>
<kw name="Log" owner="BuiltIn">
<msg time="2024-04-01T12:26:05.327500" level="INFO">{'gender': 'female', 'name': {'title': 'Ms', 'first': 'Tammy', 'last': 'Carpenter'}, 'location': {'street': {'number': 577, 'name': 'Stanley Road'}, 'city': 'Salford', 'state': 'Mid Glamorgan', 'country': 'United Kingdom', 'postcode': 'O82 2ZX', 'coordinates': {'latitude': '-9.5114', 'longitude': '4.7049'}, 'timezone': {'offset': '-5:00', 'description': 'Eastern Time (US &amp; Canada), Bogota, Lima'}}, 'email': 'tammy.carpenter@example.com', 'login': {'uuid': 'f1f40cba-e0b5-4104-886b-61ef3dea269e', 'username': 'silverkoala183', 'password': 'greg', 'salt': 'dSvgatqF', 'md5': '472898017a407f9d53716e1537b6c753', 'sha1': '48c1bce2658d824392c4d3f978166d67a64f9386', 'sha256': '4156706f79eb2db87438ddceafede54327cdd510da92784d95075829c938e083'}, 'dob': {'date': '1995-09-10T19:47:56.169Z', 'age': 28}, 'registered': {'date': '2022-02-06T14:51:11.457Z', 'age': 2}, 'phone': '01913 571902', 'cell': '07257 029447', 'id': {'name': 'NINO', 'value': 'BE 64 34 61 Y'}, 'picture': {'large': 'https://randomuser.me/api/portraits/women/19.jpg', 'medium': 'https://randomuser.me/api/portraits/med/women/19.jpg', 'thumbnail': 'https://randomuser.me/api/portraits/thumb/women/19.jpg'}, 'nat': 'GB'}</msg>
<arg>${json_data['results'][0]}</arg>
<doc>Logs the given message with the given level.</doc>
<status status="PASS" start="2024-04-01T12:26:05.327129" elapsed="0.000454"/>
</kw>
<kw name="Log" owner="BuiltIn">
<msg time="2024-04-01T12:26:05.328115" level="INFO">name</msg>
<arg>${key}</arg>
<doc>Logs the given message with the given level.</doc>
<status status="PASS" start="2024-04-01T12:26:05.327980" elapsed="0.000174"/>
</kw>
<var name="${key}">name</var>
<status status="PASS" start="2024-04-01T12:26:05.326199" elapsed="0.002183"/>
</iter>
<iter>
<kw name="Dictionary Should Contain Key" owner="Collections">
<msg time="2024-04-01T12:26:05.329065" level="INFO">False</msg>
<arg>${json_data['results'][0]}</arg>
<arg>${key}</arg>
<doc>Fails if ``key`` is not found from ``dictionary``.</doc>
<status status="PASS" start="2024-04-01T12:26:05.328679" elapsed="0.000423"/>
</kw>
<kw name="Log" owner="BuiltIn">
<msg time="2024-04-01T12:26:05.329764" level="INFO">{'gender': 'female', 'name': {'title': 'Ms', 'first': 'Tammy', 'last': 'Carpenter'}, 'location': {'street': {'number': 577, 'name': 'Stanley Road'}, 'city': 'Salford', 'state': 'Mid Glamorgan', 'country': 'United Kingdom', 'postcode': 'O82 2ZX', 'coordinates': {'latitude': '-9.5114', 'longitude': '4.7049'}, 'timezone': {'offset': '-5:00', 'description': 'Eastern Time (US &amp; Canada), Bogota, Lima'}}, 'email': 'tammy.carpenter@example.com', 'login': {'uuid': 'f1f40cba-e0b5-4104-886b-61ef3dea269e', 'username': 'silverkoala183', 'password': 'greg', 'salt': 'dSvgatqF', 'md5': '472898017a407f9d53716e1537b6c753', 'sha1': '48c1bce2658d824392c4d3f978166d67a64f9386', 'sha256': '4156706f79eb2db87438ddceafede54327cdd510da92784d95075829c938e083'}, 'dob': {'date': '1995-09-10T19:47:56.169Z', 'age': 28}, 'registered': {'date': '2022-02-06T14:51:11.457Z', 'age': 2}, 'phone': '01913 571902', 'cell': '07257 029447', 'id': {'name': 'NINO', 'value': 'BE 64 34 61 Y'}, 'picture': {'large': 'https://randomuser.me/api/portraits/women/19.jpg', 'medium': 'https://randomuser.me/api/portraits/med/women/19.jpg', 'thumbnail': 'https://randomuser.me/api/portraits/thumb/women/19.jpg'}, 'nat': 'GB'}</msg>
<arg>${json_data['results'][0]}</arg>
<doc>Logs the given message with the given level.</doc>
<status status="PASS" start="2024-04-01T12:26:05.329402" elapsed="0.000415"/>
</kw>
<kw name="Log" owner="BuiltIn">
<msg time="2024-04-01T12:26:05.330241" level="INFO">location</msg>
<arg>${key}</arg>
<doc>Logs the given message with the given level.</doc>
<status status="PASS" start="2024-04-01T12:26:05.330114" elapsed="0.000189"/>
</kw>
<var name="${key}">location</var>
<status status="PASS" start="2024-04-01T12:26:05.328565" elapsed="0.001973"/>
</iter>
<iter>
<kw name="Dictionary Should Contain Key" owner="Collections">
<msg time="2024-04-01T12:26:05.331196" level="INFO">False</msg>
<arg>${json_data['results'][0]}</arg>
<arg>${key}</arg>
<doc>Fails if ``key`` is not found from ``dictionary``.</doc>
<status status="PASS" start="2024-04-01T12:26:05.330824" elapsed="0.000410"/>
</kw>
<kw name="Log" owner="BuiltIn">
<msg time="2024-04-01T12:26:05.331903" level="INFO">{'gender': 'female', 'name': {'title': 'Ms', 'first': 'Tammy', 'last': 'Carpenter'}, 'location': {'street': {'number': 577, 'name': 'Stanley Road'}, 'city': 'Salford', 'state': 'Mid Glamorgan', 'country': 'United Kingdom', 'postcode': 'O82 2ZX', 'coordinates': {'latitude': '-9.5114', 'longitude': '4.7049'}, 'timezone': {'offset': '-5:00', 'description': 'Eastern Time (US &amp; Canada), Bogota, Lima'}}, 'email': 'tammy.carpenter@example.com', 'login': {'uuid': 'f1f40cba-e0b5-4104-886b-61ef3dea269e', 'username': 'silverkoala183', 'password': 'greg', 'salt': 'dSvgatqF', 'md5': '472898017a407f9d53716e1537b6c753', 'sha1': '48c1bce2658d824392c4d3f978166d67a64f9386', 'sha256': '4156706f79eb2db87438ddceafede54327cdd510da92784d95075829c938e083'}, 'dob': {'date': '1995-09-10T19:47:56.169Z', 'age': 28}, 'registered': {'date': '2022-02-06T14:51:11.457Z', 'age': 2}, 'phone': '01913 571902', 'cell': '07257 029447', 'id': {'name': 'NINO', 'value': 'BE 64 34 61 Y'}, 'picture': {'large': 'https://randomuser.me/api/portraits/women/19.jpg', 'medium': 'https://randomuser.me/api/portraits/med/women/19.jpg', 'thumbnail': 'https://randomuser.me/api/portraits/thumb/women/19.jpg'}, 'nat': 'GB'}</msg>
<arg>${json_data['results'][0]}</arg>
<doc>Logs the given message with the given level.</doc>
<status status="PASS" start="2024-04-01T12:26:05.331537" elapsed="0.000415"/>
</kw>
<kw name="Log" owner="BuiltIn">
<msg time="2024-04-01T12:26:05.332388" level="INFO">email</msg>
<arg>${key}</arg>
<doc>Logs the given message with the given level.</doc>
<status status="PASS" start="2024-04-01T12:26:05.332259" elapsed="0.000167"/>
</kw>
<var name="${key}">email</var>
<status status="PASS" start="2024-04-01T12:26:05.330713" elapsed="0.001929"/>
</iter>
<iter>
<kw name="Dictionary Should Contain Key" owner="Collections">
<msg time="2024-04-01T12:26:05.333318" level="INFO">False</msg>
<arg>${json_data['results'][0]}</arg>
<arg>${key}</arg>
<doc>Fails if ``key`` is not found from ``dictionary``.</doc>
<status status="PASS" start="2024-04-01T12:26:05.332927" elapsed="0.000429"/>
</kw>
<kw name="Log" owner="BuiltIn">
<msg time="2024-04-01T12:26:05.334015" level="INFO">{'gender': 'female', 'name': {'title': 'Ms', 'first': 'Tammy', 'last': 'Carpenter'}, 'location': {'street': {'number': 577, 'name': 'Stanley Road'}, 'city': 'Salford', 'state': 'Mid Glamorgan', 'country': 'United Kingdom', 'postcode': 'O82 2ZX', 'coordinates': {'latitude': '-9.5114', 'longitude': '4.7049'}, 'timezone': {'offset': '-5:00', 'description': 'Eastern Time (US &amp; Canada), Bogota, Lima'}}, 'email': 'tammy.carpenter@example.com', 'login': {'uuid': 'f1f40cba-e0b5-4104-886b-61ef3dea269e', 'username': 'silverkoala183', 'password': 'greg', 'salt': 'dSvgatqF', 'md5': '472898017a407f9d53716e1537b6c753', 'sha1': '48c1bce2658d824392c4d3f978166d67a64f9386', 'sha256': '4156706f79eb2db87438ddceafede54327cdd510da92784d95075829c938e083'}, 'dob': {'date': '1995-09-10T19:47:56.169Z', 'age': 28}, 'registered': {'date': '2022-02-06T14:51:11.457Z', 'age': 2}, 'phone': '01913 571902', 'cell': '07257 029447', 'id': {'name': 'NINO', 'value': 'BE 64 34 61 Y'}, 'picture': {'large': 'https://randomuser.me/api/portraits/women/19.jpg', 'medium': 'https://randomuser.me/api/portraits/med/women/19.jpg', 'thumbnail': 'https://randomuser.me/api/portraits/thumb/women/19.jpg'}, 'nat': 'GB'}</msg>
<arg>${json_data['results'][0]}</arg>
<doc>Logs the given message with the given level.</doc>
<status status="PASS" start="2024-04-01T12:26:05.333653" elapsed="0.000411"/>
</kw>
<kw name="Log" owner="BuiltIn">
<msg time="2024-04-01T12:26:05.334541" level="INFO">login</msg>
<arg>${key}</arg>
<doc>Logs the given message with the given level.</doc>
<status status="PASS" start="2024-04-01T12:26:05.334407" elapsed="0.000309"/>
</kw>
<var name="${key}">login</var>
<status status="PASS" start="2024-04-01T12:26:05.332817" elapsed="0.002130"/>
</iter>
<var>${key}</var>
<value>@{expected_keys}</value>
<status status="PASS" start="2024-04-01T12:26:05.323814" elapsed="0.011258"/>
</for>
<kw name="Create List" owner="BuiltIn">
<msg time="2024-04-01T12:26:05.335406" level="INFO">${expected_keysTwo} = ['username', 'password']</msg>
<var>${expected_keysTwo}</var>
<arg>username</arg>
<arg>password</arg>
<doc>Returns a list containing given items.</doc>
<status status="PASS" start="2024-04-01T12:26:05.335267" elapsed="0.000163"/>
</kw>
<for flavor="IN">
<iter>
<kw name="Dictionary Should Contain Key" owner="Collections">
<msg time="2024-04-01T12:26:05.336329" level="INFO">False</msg>
<arg>${json_data['results'][0]['login']}</arg>
<arg>${keyTwo}</arg>
<doc>Fails if ``key`` is not found from ``dictionary``.</doc>
<status status="PASS" start="2024-04-01T12:26:05.335940" elapsed="0.000426"/>
</kw>
<kw name="Dictionary Should Contain Key" owner="Collections">
<msg time="2024-04-01T12:26:05.337051" level="INFO">False</msg>
<arg>${json_data['results'][0]['login']}</arg>
<arg>${keyTwo}</arg>
<doc>Fails if ``key`` is not found from ``dictionary``.</doc>
<status status="PASS" start="2024-04-01T12:26:05.336669" elapsed="0.000420"/>
</kw>
<kw name="Log" owner="BuiltIn">
<msg time="2024-04-01T12:26:05.337512" level="INFO">username</msg>
<arg>${keyTwo}</arg>
<doc>Logs the given message with the given level.</doc>
<status status="PASS" start="2024-04-01T12:26:05.337384" elapsed="0.000167"/>
</kw>
<var name="${keyTwo}">username</var>
<status status="PASS" start="2024-04-01T12:26:05.335828" elapsed="0.001947"/>
</iter>
<iter>
<kw name="Dictionary Should Contain Key" owner="Collections">
<msg time="2024-04-01T12:26:05.338514" level="INFO">False</msg>
<arg>${json_data['results'][0]['login']}</arg>
<arg>${keyTwo}</arg>
<doc>Fails if ``key`` is not found from ``dictionary``.</doc>
<status status="PASS" start="2024-04-01T12:26:05.338075" elapsed="0.000477"/>
</kw>
<kw name="Dictionary Should Contain Key" owner="Collections">
<msg time="2024-04-01T12:26:05.339234" level="INFO">False</msg>
<arg>${json_data['results'][0]['login']}</arg>
<arg>${keyTwo}</arg>
<doc>Fails if ``key`` is not found from ``dictionary``.</doc>
<status status="PASS" start="2024-04-01T12:26:05.338850" elapsed="0.000421"/>
</kw>
<kw name="Log" owner="BuiltIn">
<msg time="2024-04-01T12:26:05.339691" level="INFO">password</msg>
<arg>${keyTwo}</arg>
<doc>Logs the given message with the given level.</doc>
<status status="PASS" start="2024-04-01T12:26:05.339564" elapsed="0.000164"/>
</kw>
<var name="${keyTwo}">password</var>
<status status="PASS" start="2024-04-01T12:26:05.337965" elapsed="0.001978"/>
</iter>
<var>${keyTwo}</var>
<value>@{expected_keysTwo}</value>
<status status="PASS" start="2024-04-01T12:26:05.335672" elapsed="0.004394"/>
</for>
<status status="PASS" start="2024-04-01T12:26:05.228378" elapsed="0.111825"/>
</kw>
<doc>Testa a estrutura da resposta da API.</doc>
<tag>testeEstruturaResposta</tag>
<status status="PASS" start="2024-04-01T12:26:05.227744" elapsed="0.112613"/>
</test>
<test id="s1-s1-t4" name="Validar tipos de dados" line="28">
<kw name="Teste de Tipos de Dados" owner="random-user-service">
<kw name="GET On Session" owner="RequestsLibrary">
<msg time="2024-04-01T12:26:05.430167" level="INFO">GET Request : url=https://randomuser.me/api 
 path_url=/api 
 headers={'User-Agent': 'python-requests/2.31.0', 'Accept-Encoding': 'gzip, deflate', 'Accept': '*/*', 'Connection': 'keep-alive'} 
 body=None 
 </msg>
<msg time="2024-04-01T12:26:05.430254" level="INFO">GET Response : url=https://randomuser.me/api 
 status=200, reason=OK 
 headers={'Date': 'Mon, 01 Apr 2024 12:26:05 GMT', 'Content-Type': 'application/json; charset=utf-8', 'Transfer-Encoding': 'chunked', 'Connection': 'keep-alive', 'X-Powered-By': 'Express', 'Access-Control-Allow-Origin': '*', 'Cache-Control': 'no-cache', 'ETag': 'W/"483-iCUN2RQPBUm+P6ppplE1j05UzZY"', 'Vary': 'Accept-Encoding', 'Content-Encoding': 'gzip', 'CF-Cache-Status': 'DYNAMIC', 'Report-To': '{"endpoints":[{"url":"https:\\/\\/a.nel.cloudflare.com\\/report\\/v4?s=NM5XFov1yJcOKLVomfxcM3%2BdAG4Aa%2F7vw7Je4iR1tiEuRq7W1cyfKZXnR543aZ2ps8%2FpNW0V%2FLGeSpBM9LXuaiPbpdFim6j1f3EWDKfZ2naytLSmyEctueoivyJpqV03"}],"group":"cf-nel","max_age":604800}', 'NEL': '{"success_fraction":0,"report_to":"cf-nel","max_age":604800}', 'Server': 'cloudflare', 'CF-RAY': '86d890c76a1a9866-SJC', 'alt-svc': 'h3=":443"; ma=86400'} 
 body={"results":[{"gender":"female","name":{"title":"Mrs","first":"عسل","last":"صدر"},"location":{"street":{"number":5935,"name":"حقانی"},"city":"اسلام‌شهر","state":"هرمزگان","country":"Iran","postcode":82828,"coordinates":{"latitude":"20.5249","longitude":"17.1092"},"timezone":{"offset":"+7:00","description":"Bangkok, Hanoi, Jakarta"}},"email":"aasl.sdr@example.com","login":{"uuid":"86ac931b-c0d2-43be-a267-c67167514df4","username":"lazyrabbit460","password":"googoo","salt":"aZjoT3jj","md5":"f4ff14522065ec589e4554350e8c0b30","sha1":"5b5d922c138e5ea3f6e022352aac6a2ef8f22353","sha256":"c15e0f93efeb88a9dd3d5a73fc14bbdf1e01098020642e5a61e661fc30f8448f"},"dob":{"date":"1971-02-14T15:35:04.074Z","age":53},"registered":{"date":"2004-01-24T22:57:48.997Z","age":20},"phone":"043-12892259","cell":"0935-575-7132","id":{"name":"","value":null},"picture":{"large":"https://randomuser.me/api/portraits/women/41.jpg","medium":"https://randomuser.me/api/portraits/med/women/41.jpg","thumbnail":"https://randomuser.me/api/portraits/thumb/women/41.jpg"},"nat":"IR"}],"info":{"seed":"0e52735bcaa332c0","results":1,"page":1,"version":"1.4"}} 
 </msg>
<msg time="2024-04-01T12:26:05.430368" level="INFO">/opt/hostedtoolcache/Python/3.12.2/x64/lib/python3.12/site-packages/urllib3/connectionpool.py:1103: InsecureRequestWarning: Unverified HTTPS request is being made to host 'randomuser.me'. Adding certificate verification is strongly advised. See: https://urllib3.readthedocs.io/en/latest/advanced-usage.html#tls-warnings
  warnings.warn(</msg>
<msg time="2024-04-01T12:26:05.430517" level="INFO">${response} = &lt;Response [200]&gt;</msg>
<var>${response}</var>
<arg>consultarAPI</arg>
<arg>/api</arg>
<doc>Sends a GET request on a previously created HTTP Session.</doc>
<status status="PASS" start="2024-04-01T12:26:05.343207" elapsed="0.087363"/>
</kw>
<kw name="Set Variable" owner="BuiltIn">
<msg time="2024-04-01T12:26:05.431484" level="INFO">${json_data} = {'results': [{'gender': 'female', 'name': {'title': 'Mrs', 'first': 'عسل', 'last': 'صدر'}, 'location': {'street': {'number': 5935, 'name': 'حقانی'}, 'city': 'اسلام\u200cشهر', 'state': 'هرمزگان', 'coun...</msg>
<var>${json_data}</var>
<arg>${response.json()}</arg>
<doc>Returns the given values which can then be assigned to a variables.</doc>
<status status="PASS" start="2024-04-01T12:26:05.431012" elapsed="0.000513"/>
</kw>
<kw name="Log" owner="BuiltIn">
<msg time="2024-04-01T12:26:05.432020" level="INFO">{'results': [{'gender': 'female', 'name': {'title': 'Mrs', 'first': 'عسل', 'last': 'صدر'}, 'location': {'street': {'number': 5935, 'name': 'حقانی'}, 'city': 'اسلام\u200cشهر', 'state': 'هرمزگان', 'country': 'Iran', 'postcode': 82828, 'coordinates': {'latitude': '20.5249', 'longitude': '17.1092'}, 'timezone': {'offset': '+7:00', 'description': 'Bangkok, Hanoi, Jakarta'}}, 'email': 'aasl.sdr@example.com', 'login': {'uuid': '86ac931b-c0d2-43be-a267-c67167514df4', 'username': 'lazyrabbit460', 'password': 'googoo', 'salt': 'aZjoT3jj', 'md5': 'f4ff14522065ec589e4554350e8c0b30', 'sha1': '5b5d922c138e5ea3f6e022352aac6a2ef8f22353', 'sha256': 'c15e0f93efeb88a9dd3d5a73fc14bbdf1e01098020642e5a61e661fc30f8448f'}, 'dob': {'date': '1971-02-14T15:35:04.074Z', 'age': 53}, 'registered': {'date': '2004-01-24T22:57:48.997Z', 'age': 20}, 'phone': '043-12892259', 'cell': '0935-575-7132', 'id': {'name': '', 'value': None}, 'picture': {'large': 'https://randomuser.me/api/portraits/women/41.jpg', 'medium': 'https://randomuser.me/api/portraits/med/women/41.jpg', 'thumbnail': 'https://randomuser.me/api/portraits/thumb/women/41.jpg'}, 'nat': 'IR'}], 'info': {'seed': '0e52735bcaa332c0', 'results': 1, 'page': 1, 'version': '1.4'}}</msg>
<arg>${json_data}</arg>
<doc>Logs the given message with the given level.</doc>
<status status="PASS" start="2024-04-01T12:26:05.431858" elapsed="0.000246"/>
</kw>
<kw name="Should Be String" owner="String">
<arg>${json_data['results'][0]['gender']}</arg>
<doc>Fails if the given ``item`` is not a string.</doc>
<status status="PASS" start="2024-04-01T12:26:05.432413" elapsed="0.000372"/>
</kw>
<kw name="Should Match Regexp" owner="BuiltIn">
<arg>${json_data['results'][0]['email']}</arg>
<arg>^[a-zA-Z0-9._%+-]+@[a-zA-Z0-9.-]+\.[a-zA-Z]{2,}$</arg>
<doc>Fails if ``string`` does not match ``pattern`` as a regular expression.</doc>
<status status="PASS" start="2024-04-01T12:26:05.432985" elapsed="0.000525"/>
</kw>
<kw name="Should Match Regexp" owner="BuiltIn">
<arg>${json_data['results'][0]['dob']['date']}</arg>
<arg>\\d{4}-\\d{2}-\\d{2}T\\d{2}:\\d{2}:\\d{2}\\.\\d{3}Z</arg>
<doc>Fails if ``string`` does not match ``pattern`` as a regular expression.</doc>
<status status="PASS" start="2024-04-01T12:26:05.433713" elapsed="0.000494"/>
</kw>
<kw name="Should Match Regexp" owner="BuiltIn">
<arg>${json_data['results'][0]['registered']['date']}</arg>
<arg>\\d{4}-\\d{2}-\\d{2}T\\d{2}:\\d{2}:\\d{2}\\.\\d{3}Z</arg>
<doc>Fails if ``string`` does not match ``pattern`` as a regular expression.</doc>
<status status="PASS" start="2024-04-01T12:26:05.434461" elapsed="0.000384"/>
</kw>
<kw name="Should Match Regexp" owner="BuiltIn">
<arg>${json_data['results'][0]['picture']['large']}</arg>
<arg>^https?://.*\.(?:png|jpe?g|gif|bmp)$</arg>
<doc>Fails if ``string`` does not match ``pattern`` as a regular expression.</doc>
<status status="PASS" start="2024-04-01T12:26:05.435037" elapsed="0.000466"/>
</kw>
<kw name="Should Match Regexp" owner="BuiltIn">
<arg>${json_data['results'][0]['picture']['medium']}</arg>
<arg>^https?://.*\.(?:png|jpe?g|gif|bmp)$</arg>
<doc>Fails if ``string`` does not match ``pattern`` as a regular expression.</doc>
<status status="PASS" start="2024-04-01T12:26:05.435694" elapsed="0.000361"/>
</kw>
<kw name="Should Match Regexp" owner="BuiltIn">
<arg>${json_data['results'][0]['picture']['thumbnail']}</arg>
<arg>^https?://.*\.(?:png|jpe?g|gif|bmp)$</arg>
<doc>Fails if ``string`` does not match ``pattern`` as a regular expression.</doc>
<status status="PASS" start="2024-04-01T12:26:05.436240" elapsed="0.000348"/>
</kw>
<kw name="Log" owner="BuiltIn">
<msg time="2024-04-01T12:26:05.437100" level="INFO">{'large': 'https://randomuser.me/api/portraits/women/41.jpg', 'medium': 'https://randomuser.me/api/portraits/med/women/41.jpg', 'thumbnail': 'https://randomuser.me/api/portraits/thumb/women/41.jpg'}</msg>
<arg>${json_data['results'][0]['picture']}</arg>
<doc>Logs the given message with the given level.</doc>
<status status="PASS" start="2024-04-01T12:26:05.436771" elapsed="0.000375"/>
</kw>
<status status="PASS" start="2024-04-01T12:26:05.342838" elapsed="0.094576"/>
</kw>
<kw name="Teste de Tipos de Dados - Postcode" owner="random-user-service">
<kw name="GET On Session" owner="RequestsLibrary">
<msg time="2024-04-01T12:26:05.538712" level="INFO">GET Request : url=https://randomuser.me/api 
 path_url=/api 
 headers={'User-Agent': 'python-requests/2.31.0', 'Accept-Encoding': 'gzip, deflate', 'Accept': '*/*', 'Connection': 'keep-alive'} 
 body=None 
 </msg>
<msg time="2024-04-01T12:26:05.538809" level="INFO">GET Response : url=https://randomuser.me/api 
 status=200, reason=OK 
 headers={'Date': 'Mon, 01 Apr 2024 12:26:05 GMT', 'Content-Type': 'application/json; charset=utf-8', 'Transfer-Encoding': 'chunked', 'Connection': 'keep-alive', 'X-Powered-By': 'Express', 'Access-Control-Allow-Origin': '*', 'Cache-Control': 'no-cache', 'ETag': 'W/"47d-w27DSrRDxoEQ61tL8PKWVPe79EA"', 'Vary': 'Accept-Encoding', 'Content-Encoding': 'gzip', 'CF-Cache-Status': 'DYNAMIC', 'Report-To': '{"endpoints":[{"url":"https:\\/\\/a.nel.cloudflare.com\\/report\\/v4?s=tFuXYi8%2BdXLzErzh76%2BlY78fuVR6m3PVHMmthtDk6kx%2BAYssJxtkG%2FRAqhPx%2B9YXMw7GOlbgvbnsnPfef9Ujl4NOvYOobsX0yrUTusv2cBj8Z7%2BlNhwSfaqrB6ahusnC"}],"group":"cf-nel","max_age":604800}', 'NEL': '{"success_fraction":0,"report_to":"cf-nel","max_age":604800}', 'Server': 'cloudflare', 'CF-RAY': '86d890c80a549866-SJC', 'alt-svc': 'h3=":443"; ma=86400'} 
 body={"results":[{"gender":"female","name":{"title":"Mrs","first":"Sita","last":"Taj"},"location":{"street":{"number":7386,"name":"Swargate"},"city":"Sri Ganganagar","state":"Haryana","country":"India","postcode":46489,"coordinates":{"latitude":"4.8326","longitude":"167.3420"},"timezone":{"offset":"-8:00","description":"Pacific Time (US &amp; Canada)"}},"email":"sita.taj@example.com","login":{"uuid":"df52bee5-66f0-4da3-858f-5167202cdd9c","username":"yellowfrog190","password":"louis","salt":"A9cZQmFx","md5":"0667b6dfb886bf694fa669d915691ecf","sha1":"5cde4e924654dd6ce2b7bfe6e49f7788ab9a3066","sha256":"0691a7d9ffe56ddf0f94c32d51fd2787615e384b5d0cad8c8f20101d3c978959"},"dob":{"date":"1969-01-26T06:51:44.594Z","age":55},"registered":{"date":"2012-04-05T18:28:43.675Z","age":11},"phone":"7178857117","cell":"9014817485","id":{"name":"UIDAI","value":"930991927016"},"picture":{"large":"https://randomuser.me/api/portraits/women/13.jpg","medium":"https://randomuser.me/api/portraits/med/women/13.jpg","thumbnail":"https://randomuser.me/api/portraits/thumb/women/13.jpg"},"nat":"IN"}],"info":{"seed":"282a5dab937c7126","results":1,"page":1,"version":"1.4"}} 
 </msg>
<msg time="2024-04-01T12:26:05.538908" level="INFO">/opt/hostedtoolcache/Python/3.12.2/x64/lib/python3.12/site-packages/urllib3/connectionpool.py:1103: InsecureRequestWarning: Unverified HTTPS request is being made to host 'randomuser.me'. Adding certificate verification is strongly advised. See: https://urllib3.readthedocs.io/en/latest/advanced-usage.html#tls-warnings
  warnings.warn(</msg>
<msg time="2024-04-01T12:26:05.539070" level="INFO">${response} = &lt;Response [200]&gt;</msg>
<var>${response}</var>
<arg>consultarAPI</arg>
<arg>/api</arg>
<doc>Sends a GET request on a previously created HTTP Session.</doc>
<status status="PASS" start="2024-04-01T12:26:05.437981" elapsed="0.101150"/>
</kw>
<kw name="Set Variable" owner="BuiltIn">
<msg time="2024-04-01T12:26:05.540071" level="INFO">${json_data} = {'results': [{'gender': 'female', 'name': {'title': 'Mrs', 'first': 'Sita', 'last': 'Taj'}, 'location': {'street': {'number': 7386, 'name': 'Swargate'}, 'city': 'Sri Ganganagar', 'state': 'Haryana', '...</msg>
<var>${json_data}</var>
<arg>${response.json()}</arg>
<doc>Returns the given values which can then be assigned to a variables.</doc>
<status status="PASS" start="2024-04-01T12:26:05.539572" elapsed="0.000529"/>
</kw>
<kw name="Log" owner="BuiltIn">
<msg time="2024-04-01T12:26:05.540601" level="INFO">{'results': [{'gender': 'female', 'name': {'title': 'Mrs', 'first': 'Sita', 'last': 'Taj'}, 'location': {'street': {'number': 7386, 'name': 'Swargate'}, 'city': 'Sri Ganganagar', 'state': 'Haryana', 'country': 'India', 'postcode': 46489, 'coordinates': {'latitude': '4.8326', 'longitude': '167.3420'}, 'timezone': {'offset': '-8:00', 'description': 'Pacific Time (US &amp; Canada)'}}, 'email': 'sita.taj@example.com', 'login': {'uuid': 'df52bee5-66f0-4da3-858f-5167202cdd9c', 'username': 'yellowfrog190', 'password': 'louis', 'salt': 'A9cZQmFx', 'md5': '0667b6dfb886bf694fa669d915691ecf', 'sha1': '5cde4e924654dd6ce2b7bfe6e49f7788ab9a3066', 'sha256': '0691a7d9ffe56ddf0f94c32d51fd2787615e384b5d0cad8c8f20101d3c978959'}, 'dob': {'date': '1969-01-26T06:51:44.594Z', 'age': 55}, 'registered': {'date': '2012-04-05T18:28:43.675Z', 'age': 11}, 'phone': '7178857117', 'cell': '9014817485', 'id': {'name': 'UIDAI', 'value': '930991927016'}, 'picture': {'large': 'https://randomuser.me/api/portraits/women/13.jpg', 'medium': 'https://randomuser.me/api/portraits/med/women/13.jpg', 'thumbnail': 'https://randomuser.me/api/portraits/thumb/women/13.jpg'}, 'nat': 'IN'}], 'info': {'seed': '282a5dab937c7126', 'results': 1, 'page': 1, 'version': '1.4'}}</msg>
<arg>${json_data}</arg>
<doc>Logs the given message with the given level.</doc>
<status status="PASS" start="2024-04-01T12:26:05.540440" elapsed="0.000243"/>
</kw>
<kw name="Should Be Equal As Numbers" owner="BuiltIn">
<arg>${json_data['results'][0]['location']['postcode']}</arg>
<arg>${json_data['results'][0]['location']['postcode']}</arg>
<doc>Fails if objects are unequal after converting them to real numbers.</doc>
<status status="PASS" start="2024-04-01T12:26:05.541006" elapsed="0.000656"/>
</kw>
<kw name="Log" owner="BuiltIn">
<msg time="2024-04-01T12:26:05.542203" level="INFO">46489</msg>
<arg>${json_data['results'][0]['location']['postcode']}</arg>
<doc>Logs the given message with the given level.</doc>
<status status="PASS" start="2024-04-01T12:26:05.541861" elapsed="0.000384"/>
</kw>
<status status="PASS" start="2024-04-01T12:26:05.437636" elapsed="0.104908"/>
</kw>
<doc>Testa se os tipos de dados na resposta da API estão corretos.</doc>
<tag>testeTiposDados</tag>
<status status="PASS" start="2024-04-01T12:26:05.342087" elapsed="0.200631"/>
</test>
<test id="s1-s1-t5" name="Validar conteudo" line="35">
<kw name="Teste de Tipos de Conteudo" owner="random-user-service">
<kw name="GET On Session" owner="RequestsLibrary">
<msg time="2024-04-01T12:26:05.632778" level="INFO">GET Request : url=https://randomuser.me/api 
 path_url=/api 
 headers={'User-Agent': 'python-requests/2.31.0', 'Accept-Encoding': 'gzip, deflate', 'Accept': '*/*', 'Connection': 'keep-alive'} 
 body=None 
 </msg>
<msg time="2024-04-01T12:26:05.632864" level="INFO">GET Response : url=https://randomuser.me/api 
 status=200, reason=OK 
 headers={'Date': 'Mon, 01 Apr 2024 12:26:05 GMT', 'Content-Type': 'application/json; charset=utf-8', 'Transfer-Encoding': 'chunked', 'Connection': 'keep-alive', 'X-Powered-By': 'Express', 'Access-Control-Allow-Origin': '*', 'Cache-Control': 'no-cache', 'ETag': 'W/"48c-Rqgob7+OCCWxjUXsrEgr9/xQG74"', 'Vary': 'Accept-Encoding', 'Content-Encoding': 'gzip', 'CF-Cache-Status': 'DYNAMIC', 'Report-To': '{"endpoints":[{"url":"https:\\/\\/a.nel.cloudflare.com\\/report\\/v4?s=H4aDc%2BH51x0Cwj28ivaIYX%2BMg8Sl7Luy6TQlDAg5EXXYc0nbLAEzbkvslVcs8r83F7hJApAKY09ixTcRntNbbB4st36ta3q2mO40uqHz0%2BNE%2Falwa9gBZm8thGQYQXdM"}],"group":"cf-nel","max_age":604800}', 'NEL': '{"success_fraction":0,"report_to":"cf-nel","max_age":604800}', 'Server': 'cloudflare', 'CF-RAY': '86d890c8aaee9866-SJC', 'alt-svc': 'h3=":443"; ma=86400'} 
 body={"results":[{"gender":"female","name":{"title":"Madame","first":"Judith","last":"Berger"},"location":{"street":{"number":3383,"name":"Rue Barrier"},"city":"Naters","state":"Jura","country":"Switzerland","postcode":6966,"coordinates":{"latitude":"-64.2012","longitude":"55.1339"},"timezone":{"offset":"+9:30","description":"Adelaide, Darwin"}},"email":"judith.berger@example.com","login":{"uuid":"708e5696-0517-4eac-8a90-78d8ecae82fe","username":"beautifulladybug559","password":"mike1","salt":"weB5OXWQ","md5":"c28e1388e74a5c115b138596ecef33cf","sha1":"b9656e65475c2f9e1ff6c6cf03fe466c8567ed6b","sha256":"ba0ba17452a152f1d7df0b7ce31c434313112570a8357c0b65d932e46a53ab9d"},"dob":{"date":"1993-07-22T15:53:25.637Z","age":30},"registered":{"date":"2013-07-20T22:23:08.373Z","age":10},"phone":"079 519 94 96","cell":"079 529 78 75","id":{"name":"AVS","value":"756.8175.5660.87"},"picture":{"large":"https://randomuser.me/api/portraits/women/87.jpg","medium":"https://randomuser.me/api/portraits/med/women/87.jpg","thumbnail":"https://randomuser.me/api/portraits/thumb/women/87.jpg"},"nat":"CH"}],"info":{"seed":"14209ab2edd1960c","results":1,"page":1,"version":"1.4"}} 
 </msg>
<msg time="2024-04-01T12:26:05.632934" level="INFO">/opt/hostedtoolcache/Python/3.12.2/x64/lib/python3.12/site-packages/urllib3/connectionpool.py:1103: InsecureRequestWarning: Unverified HTTPS request is being made to host 'randomuser.me'. Adding certificate verification is strongly advised. See: https://urllib3.readthedocs.io/en/latest/advanced-usage.html#tls-warnings
  warnings.warn(</msg>
<msg time="2024-04-01T12:26:05.633076" level="INFO">${response} = &lt;Response [200]&gt;</msg>
<var>${response}</var>
<arg>consultarAPI</arg>
<arg>/api</arg>
<doc>Sends a GET request on a previously created HTTP Session.</doc>
<status status="PASS" start="2024-04-01T12:26:05.545280" elapsed="0.087854"/>
</kw>
<kw name="Set Variable" owner="BuiltIn">
<msg time="2024-04-01T12:26:05.633962" level="INFO">${json_data} = {'results': [{'gender': 'female', 'name': {'title': 'Madame', 'first': 'Judith', 'last': 'Berger'}, 'location': {'street': {'number': 3383, 'name': 'Rue Barrier'}, 'city': 'Naters', 'state': 'Jura', '...</msg>
<var>${json_data}</var>
<arg>${response.json()}</arg>
<doc>Returns the given values which can then be assigned to a variables.</doc>
<status status="PASS" start="2024-04-01T12:26:05.633519" elapsed="0.000470"/>
</kw>
<kw name="Set Variable" owner="BuiltIn">
<msg time="2024-04-01T12:26:05.634773" level="INFO">${name_title} = Madame</msg>
<var>${name_title}</var>
<arg>${json_data["results"][0]["name"]["title"]}</arg>
<doc>Returns the given values which can then be assigned to a variables.</doc>
<status status="PASS" start="2024-04-01T12:26:05.634321" elapsed="0.000479"/>
</kw>
<kw name="Create List" owner="BuiltIn">
<msg time="2024-04-01T12:26:05.635287" level="INFO">${allowed_titles} = ['Mr', 'Ms', 'Miss', 'Mrs', 'Madame', 'Monsieur']</msg>
<var>${allowed_titles}</var>
<arg>Mr</arg>
<arg>Ms</arg>
<arg>Miss</arg>
<arg>Mrs</arg>
<arg>Madame</arg>
<arg>Monsieur</arg>
<doc>Returns a list containing given items.</doc>
<status status="PASS" start="2024-04-01T12:26:05.635136" elapsed="0.000175"/>
</kw>
<kw name="List Should Contain Value" owner="Collections">
<msg time="2024-04-01T12:26:05.635800" level="INFO">False</msg>
<arg>${allowed_titles}</arg>
<arg>${name_title}</arg>
<doc>Fails if the ``value`` is not found from ``list``.</doc>
<status status="PASS" start="2024-04-01T12:26:05.635624" elapsed="0.000212"/>
</kw>
<kw name="Set Variable" owner="BuiltIn">
<msg time="2024-04-01T12:26:05.636505" level="INFO">${name_country} = CH</msg>
<var>${name_country}</var>
<arg>${json_data["results"][0]["nat"]}</arg>
<doc>Returns the given values which can then be assigned to a variables.</doc>
<status status="PASS" start="2024-04-01T12:26:05.636133" elapsed="0.000396"/>
</kw>
<kw name="Create List" owner="BuiltIn">
<msg time="2024-04-01T12:26:05.637581" level="INFO">${list_country} = ['AD', 'AE', 'AF', 'AG', 'AI', 'AL', 'AM', 'AO', 'AQ', 'AR', 'AS', 'AT', 'AU', 'AW', 'AX', 'AZ', 'BA', 'BB', 'BD', 'BE', 'BF', 'BG', 'BH', 'BI', 'BJ', 'BL', 'BM', 'BN', 'BO', 'BQ', 'BR', 'BS', 'BT', '...</msg>
<var>${list_country}</var>
<arg>AD</arg>
<arg>AE</arg>
<arg>AF</arg>
<arg>AG</arg>
<arg>AI</arg>
<arg>AL</arg>
<arg>AM</arg>
<arg>AO</arg>
<arg>AQ</arg>
<arg>AR</arg>
<arg>AS</arg>
<arg>AT</arg>
<arg>AU</arg>
<arg>AW</arg>
<arg>AX</arg>
<arg>AZ</arg>
<arg>BA</arg>
<arg>BB</arg>
<arg>BD</arg>
<arg>BE</arg>
<arg>BF</arg>
<arg>BG</arg>
<arg>BH</arg>
<arg>BI</arg>
<arg>BJ</arg>
<arg>BL</arg>
<arg>BM</arg>
<arg>BN</arg>
<arg>BO</arg>
<arg>BQ</arg>
<arg>BR</arg>
<arg>BS</arg>
<arg>BT</arg>
<arg>BV</arg>
<arg>BW</arg>
<arg>BY</arg>
<arg>BZ</arg>
<arg>CA</arg>
<arg>CC</arg>
<arg>CD</arg>
<arg>CF</arg>
<arg>CG</arg>
<arg>CH</arg>
<arg>CI</arg>
<arg>CK</arg>
<arg>CL</arg>
<arg>CM</arg>
<arg>CN</arg>
<arg>CO</arg>
<arg>CR</arg>
<arg>CU</arg>
<arg>CV</arg>
<arg>CW</arg>
<arg>CX</arg>
<arg>CY</arg>
<arg>CZ</arg>
<arg>DE</arg>
<arg>DJ</arg>
<arg>DK</arg>
<arg>DM</arg>
<arg>DO</arg>
<arg>DZ</arg>
<arg>EC</arg>
<arg>EE</arg>
<arg>EG</arg>
<arg>EH</arg>
<arg>ER</arg>
<arg>ES</arg>
<arg>ET</arg>
<arg>FI</arg>
<arg>FJ</arg>
<arg>FK</arg>
<arg>FM</arg>
<arg>FO</arg>
<arg>FR</arg>
<arg>GA</arg>
<arg>GB</arg>
<arg>GD</arg>
<arg>GE</arg>
<arg>GF</arg>
<arg>GG</arg>
<arg>GH</arg>
<arg>GI</arg>
<arg>GL</arg>
<arg>GM</arg>
<arg>GN</arg>
<arg>GP</arg>
<arg>GQ</arg>
<arg>GR</arg>
<arg>GS</arg>
<arg>GT</arg>
<arg>GU</arg>
<arg>GW</arg>
<arg>GY</arg>
<arg>HK</arg>
<arg>HM</arg>
<arg>HN</arg>
<arg>HR</arg>
<arg>HT</arg>
<arg>HU</arg>
<arg>ID</arg>
<arg>IE</arg>
<arg>IL</arg>
<arg>IM</arg>
<arg>IN</arg>
<arg>IO</arg>
<arg>IQ</arg>
<arg>IR</arg>
<arg>IS</arg>
<arg>IT</arg>
<arg>JE</arg>
<arg>JM</arg>
<arg>JO</arg>
<arg>JP</arg>
<arg>KE</arg>
<arg>KG</arg>
<arg>KH</arg>
<arg>KI</arg>
<arg>KM</arg>
<arg>KN</arg>
<arg>KP</arg>
<arg>KR</arg>
<arg>KW</arg>
<arg>KY</arg>
<arg>KZ</arg>
<arg>LA</arg>
<arg>LB</arg>
<arg>LC</arg>
<arg>LI</arg>
<arg>LK</arg>
<arg>LR</arg>
<arg>LS</arg>
<arg>LT</arg>
<arg>LU</arg>
<arg>LV</arg>
<arg>LY</arg>
<arg>MA</arg>
<arg>MC</arg>
<arg>MD</arg>
<arg>ME</arg>
<arg>MF</arg>
<arg>MG</arg>
<arg>MH</arg>
<arg>MK</arg>
<arg>ML</arg>
<arg>MM</arg>
<arg>MN</arg>
<arg>MO</arg>
<arg>MP</arg>
<arg>MQ</arg>
<arg>MR</arg>
<arg>MS</arg>
<arg>MT</arg>
<arg>MU</arg>
<arg>MV</arg>
<arg>MW</arg>
<arg>MX</arg>
<arg>MY</arg>
<arg>MZ</arg>
<arg>NA</arg>
<arg>NC</arg>
<arg>NE</arg>
<arg>NF</arg>
<arg>NG</arg>
<arg>NI</arg>
<arg>NL</arg>
<arg>NO</arg>
<arg>NP</arg>
<arg>NR</arg>
<arg>NU</arg>
<arg>NZ</arg>
<arg>OM</arg>
<arg>PA</arg>
<arg>PE</arg>
<arg>PF</arg>
<arg>PG</arg>
<arg>PH</arg>
<arg>PK</arg>
<arg>PL</arg>
<arg>PM</arg>
<arg>PN</arg>
<arg>PR</arg>
<arg>PS</arg>
<arg>PT</arg>
<arg>PW</arg>
<arg>PY</arg>
<arg>QA</arg>
<arg>RE</arg>
<arg>RO</arg>
<arg>RS</arg>
<arg>RU</arg>
<arg>RW</arg>
<arg>SA</arg>
<arg>SB</arg>
<arg>SC</arg>
<arg>SD</arg>
<arg>SE</arg>
<arg>SG</arg>
<arg>SH</arg>
<arg>SI</arg>
<arg>SJ</arg>
<arg>SK</arg>
<arg>SL</arg>
<arg>SM</arg>
<arg>SN</arg>
<arg>SO</arg>
<arg>SR</arg>
<arg>SS</arg>
<arg>ST</arg>
<arg>SV</arg>
<arg>SX</arg>
<arg>SY</arg>
<arg>SZ</arg>
<arg>TC</arg>
<arg>TD</arg>
<arg>TF</arg>
<arg>TG</arg>
<arg>TH</arg>
<arg>TJ</arg>
<arg>TK</arg>
<arg>TL</arg>
<arg>TM</arg>
<arg>TN</arg>
<arg>TO</arg>
<arg>TR</arg>
<arg>TT</arg>
<arg>TV</arg>
<arg>TW</arg>
<arg>TZ</arg>
<arg>UA</arg>
<arg>UG</arg>
<arg>UM</arg>
<arg>US</arg>
<arg>UY</arg>
<arg>UZ</arg>
<arg>VA</arg>
<arg>VC</arg>
<arg>VE</arg>
<arg>VG</arg>
<arg>VI</arg>
<arg>VN</arg>
<arg>VU</arg>
<arg>WF</arg>
<arg>WS</arg>
<arg>XK</arg>
<arg>YE</arg>
<arg>YT</arg>
<arg>ZA</arg>
<arg>ZM</arg>
<arg>ZW</arg>
<doc>Returns a list containing given items.</doc>
<status status="PASS" start="2024-04-01T12:26:05.636946" elapsed="0.000672"/>
</kw>
<kw name="List Should Contain Value" owner="Collections">
<msg time="2024-04-01T12:26:05.638768" level="INFO">False</msg>
<arg>${list_country}</arg>
<arg>${name_country}</arg>
<doc>Fails if the ``value`` is not found from ``list``.</doc>
<status status="PASS" start="2024-04-01T12:26:05.638563" elapsed="0.000242"/>
</kw>
<kw name="Run Keyword If" owner="BuiltIn">
<kw name="Should Be True" owner="BuiltIn">
<arg>${True}</arg>
<doc>Fails if the given condition is not true.</doc>
<status status="PASS" start="2024-04-01T12:26:05.639885" elapsed="0.000161"/>
</kw>
<arg>${json_data["results"][0]["location"]["coordinates"]["latitude"]} &gt;= -90 and ${json_data["results"][0]["location"]["coordinates"]["latitude"]} &lt;= 90</arg>
<arg>Should Be True</arg>
<arg>${True}</arg>
<doc>Runs the given keyword with the given arguments, if ``condition`` is true.</doc>
<status status="PASS" start="2024-04-01T12:26:05.639122" elapsed="0.001055"/>
</kw>
<kw name="Run Keyword If" owner="BuiltIn">
<kw name="Should Be True" owner="BuiltIn">
<arg>${True}</arg>
<doc>Fails if the given condition is not true.</doc>
<status status="PASS" start="2024-04-01T12:26:05.641073" elapsed="0.000142"/>
</kw>
<arg>${json_data["results"][0]["location"]["coordinates"]["longitude"]} &gt;= -180 and ${json_data["results"][0]["location"]["coordinates"]["longitude"]} &lt;= 180</arg>
<arg>Should Be True</arg>
<arg>${True}</arg>
<doc>Runs the given keyword with the given arguments, if ``condition`` is true.</doc>
<status status="PASS" start="2024-04-01T12:26:05.640366" elapsed="0.000975"/>
</kw>
<status status="PASS" start="2024-04-01T12:26:05.545050" elapsed="0.096419"/>
</kw>
<doc>Testa o conteúdo específico dos campos retornados pela API.</doc>
<tag>testeConteudo</tag>
<status status="PASS" start="2024-04-01T12:26:05.544496" elapsed="0.097123"/>
</test>
<status status="PASS" start="2024-04-01T12:26:04.694428" elapsed="0.949184"/>
</suite>
<status status="PASS" start="2024-04-01T12:26:04.680689" elapsed="0.968297"/>
</suite>
<statistics>
<total>
<stat pass="5" fail="0" skip="0">All Tests</stat>
</total>
<tag>
<stat pass="1" fail="0" skip="0">testeConteudo</stat>
<stat pass="1" fail="0" skip="0">testeEstruturaResposta</stat>
<stat pass="1" fail="0" skip="0">testeRequisicaoBasica</stat>
<stat pass="1" fail="0" skip="0">testeTiposDados</stat>
</tag>
<suite>
<stat pass="5" fail="0" skip="0" id="s1" name="Tests">Tests</stat>
<stat pass="5" fail="0" skip="0" id="s1-s1" name="Random-User-Test">Tests.Random-User-Test</stat>
</suite>
</statistics>
<errors>
</errors>
</robot>
