<?xml version="1.0" encoding="UTF-8"?>
<robot generator="Robot 7.0 (Python 3.12.3 on linux)" generated="2024-05-23T12:27:05.371103" rpa="false" schemaversion="5">
<suite id="s1" name="Tests" source="/home/runner/work/DesafioQAItauRogerioJordao/DesafioQAItauRogerioJordao/RamdonUser/tests">
<suite id="s1-s1" name="Random-User-Test" source="/home/runner/work/DesafioQAItauRogerioJordao/DesafioQAItauRogerioJordao/RamdonUser/tests/random-user-test.robot">
<test id="s1-s1-t1" name="Conectar" line="13">
<kw name="Conectar API" owner="random-user-service">
<kw name="Create Session" owner="RequestsLibrary">
<msg time="2024-05-23T12:27:05.785389" level="INFO">Creating Session using : alias=consultarAPI, url=https://randomuser.me/, headers={},                     cookies={}, auth=None, timeout=None, proxies=None, verify=False,                     debug=0 </msg>
<arg>consultarAPI</arg>
<arg>${URL}</arg>
<doc>Create Session: create a HTTP session to a server</doc>
<status status="PASS" start="2024-05-23T12:27:05.785188" elapsed="0.000367"/>
</kw>
<status status="PASS" start="2024-05-23T12:27:05.784143" elapsed="0.001764"/>
</kw>
<status status="PASS" start="2024-05-23T12:27:05.783603" elapsed="0.002503"/>
</test>
<test id="s1-s1-t2" name="Validar retorno 200 e JSON Válido" line="16">
<kw name="Teste de Requisicao Basica" owner="random-user-service">
<kw name="GET On Session" owner="RequestsLibrary">
<msg time="2024-05-23T12:27:05.984992" level="INFO">GET Request : url=https://randomuser.me/api 
 path_url=/api 
 headers={'User-Agent': 'python-requests/2.32.2', 'Accept-Encoding': 'gzip, deflate', 'Accept': '*/*', 'Connection': 'keep-alive'} 
 body=None 
 </msg>
<msg time="2024-05-23T12:27:05.985150" level="INFO">GET Response : url=https://randomuser.me/api 
 status=200, reason=OK 
 headers={'Date': 'Thu, 23 May 2024 12:27:05 GMT', 'Content-Type': 'application/json; charset=utf-8', 'Transfer-Encoding': 'chunked', 'Connection': 'keep-alive', 'X-Powered-By': 'Express', 'Access-Control-Allow-Origin': '*', 'Cache-Control': 'no-cache', 'ETag': 'W/"49b-HSIQ/1oGP9uj8ceJj/iFE9wY3BY"', 'Vary': 'Accept-Encoding', 'Content-Encoding': 'gzip', 'CF-Cache-Status': 'DYNAMIC', 'Report-To': '{"endpoints":[{"url":"https:\\/\\/a.nel.cloudflare.com\\/report\\/v4?s=7ZupQNyrrZRnDEJiGAwu2QYgSNVIeEEg4ptuLT%2Bly774VoNfcnVmiO0usHdy%2B7QeS5BQirFJATe3XXHHlR%2BvMNDH%2B2NID4d4XwfbC%2Fs5kTI6OXCXm3Gm5l9c1zHUWVTW"}],"group":"cf-nel","max_age":604800}', 'NEL': '{"success_fraction":0,"report_to":"cf-nel","max_age":604800}', 'Server': 'cloudflare', 'CF-RAY': '888509c16ae282d5-IAD', 'alt-svc': 'h3=":443"; ma=86400'} 
 body={"results":[{"gender":"female","name":{"title":"Madame","first":"Silke","last":"Picard"},"location":{"street":{"number":3770,"name":"Rue de la Fontaine"},"city":"Lampenberg","state":"Uri","country":"Switzerland","postcode":5301,"coordinates":{"latitude":"-57.8771","longitude":"143.2209"},"timezone":{"offset":"-7:00","description":"Mountain Time (US &amp; Canada)"}},"email":"silke.picard@example.com","login":{"uuid":"ec326a7d-35c3-461d-b518-2490fb7a9855","username":"orangecat339","password":"bassman","salt":"vXmAfYEt","md5":"d0ee525efc08565f2389e171b977e9cd","sha1":"c8fd19fe5b526222977d54dbd1f9be77bd34d934","sha256":"a455936ab949b91d419c66aef5f05c825c7fcdb921eaacf450e601d148f67fdb"},"dob":{"date":"1978-05-04T00:15:50.487Z","age":46},"registered":{"date":"2002-08-02T12:41:57.475Z","age":21},"phone":"078 653 38 44","cell":"075 525 50 07","id":{"name":"AVS","value":"756.0012.2606.88"},"picture":{"large":"https://randomuser.me/api/portraits/women/92.jpg","medium":"https://randomuser.me/api/portraits/med/women/92.jpg","thumbnail":"https://randomuser.me/api/portraits/thumb/women/92.jpg"},"nat":"CH"}],"info":{"seed":"bcb0354c6653403a","results":1,"page":1,"version":"1.4"}} 
 </msg>
<msg time="2024-05-23T12:27:05.985236" level="INFO">/opt/hostedtoolcache/Python/3.12.3/x64/lib/python3.12/site-packages/urllib3/connectionpool.py:1103: InsecureRequestWarning: Unverified HTTPS request is being made to host 'randomuser.me'. Adding certificate verification is strongly advised. See: https://urllib3.readthedocs.io/en/latest/advanced-usage.html#tls-warnings
  warnings.warn(</msg>
<msg time="2024-05-23T12:27:05.985385" level="INFO">${response} = &lt;Response [200]&gt;</msg>
<var>${response}</var>
<arg>consultarAPI</arg>
<arg>/api</arg>
<doc>Sends a GET request on a previously created HTTP Session.</doc>
<status status="PASS" start="2024-05-23T12:27:05.788942" elapsed="0.196484"/>
</kw>
<kw name="Should Be Equal As Numbers" owner="BuiltIn">
<msg time="2024-05-23T12:27:05.986613" level="INFO">Argument types are:
&lt;class 'int'&gt;
&lt;class 'str'&gt;</msg>
<arg>${response.status_code}</arg>
<arg>200</arg>
<doc>Fails if objects are unequal after converting them to real numbers.</doc>
<status status="PASS" start="2024-05-23T12:27:05.986116" elapsed="0.000563"/>
</kw>
<kw name="Log" owner="BuiltIn">
<msg time="2024-05-23T12:27:05.987357" level="INFO">200</msg>
<arg>${response.status_code}</arg>
<doc>Logs the given message with the given level.</doc>
<status status="PASS" start="2024-05-23T12:27:05.987008" elapsed="0.000396"/>
</kw>
<kw name="Set Variable" owner="BuiltIn">
<msg time="2024-05-23T12:27:05.988138" level="INFO">${json_data} = {'results': [{'gender': 'female', 'name': {'title': 'Madame', 'first': 'Silke', 'last': 'Picard'}, 'location': {'street': {'number': 3770, 'name': 'Rue de la Fontaine'}, 'city': 'Lampenberg', 'state':...</msg>
<var>${json_data}</var>
<arg>${response.json()}</arg>
<doc>Returns the given values which can then be assigned to a variables.</doc>
<status status="PASS" start="2024-05-23T12:27:05.987712" elapsed="0.000456"/>
</kw>
<kw name="Dictionary Should Contain Key" owner="Collections">
<msg time="2024-05-23T12:27:05.988642" level="INFO">False</msg>
<arg>${json_data}</arg>
<arg>results</arg>
<doc>Fails if ``key`` is not found from ``dictionary``.</doc>
<status status="PASS" start="2024-05-23T12:27:05.988467" elapsed="0.000378"/>
</kw>
<status status="PASS" start="2024-05-23T12:27:05.788672" elapsed="0.200485"/>
</kw>
<doc>Testa se a API responde corretamente e retorna um objeto JSON válido.</doc>
<tag>testeRequisicaoBasica</tag>
<status status="PASS" start="2024-05-23T12:27:05.788204" elapsed="0.201142"/>
</test>
<test id="s1-s1-t3" name="Validar estrutura de resposta" line="22">
<kw name="Teste de Estrutura de Resposta" owner="random-user-service">
<kw name="GET On Session" owner="RequestsLibrary">
<msg time="2024-05-23T12:27:06.127578" level="INFO">GET Request : url=https://randomuser.me/api 
 path_url=/api 
 headers={'User-Agent': 'python-requests/2.32.2', 'Accept-Encoding': 'gzip, deflate', 'Accept': '*/*', 'Connection': 'keep-alive'} 
 body=None 
 </msg>
<msg time="2024-05-23T12:27:06.127664" level="INFO">GET Response : url=https://randomuser.me/api 
 status=200, reason=OK 
 headers={'Date': 'Thu, 23 May 2024 12:27:06 GMT', 'Content-Type': 'application/json; charset=utf-8', 'Transfer-Encoding': 'chunked', 'Connection': 'keep-alive', 'X-Powered-By': 'Express', 'Access-Control-Allow-Origin': '*', 'Cache-Control': 'no-cache', 'ETag': 'W/"4ba-DfKIlIblcILXh7yCoSNOAIDRJwA"', 'Vary': 'Accept-Encoding', 'Content-Encoding': 'gzip', 'CF-Cache-Status': 'DYNAMIC', 'Report-To': '{"endpoints":[{"url":"https:\\/\\/a.nel.cloudflare.com\\/report\\/v4?s=hlU8o%2BPn81x%2FS6LAktaO8MpPnupYz%2FkhFivLea0zQ9u4m8SoOjyzbfhOBXf%2FWUwEuI1yLzm1wobXuAybwzYGCFiKkRioKrR9afEH%2FlJzyME3jMaKiUOCmEC2xFWOZLML"}],"group":"cf-nel","max_age":604800}', 'NEL': '{"success_fraction":0,"report_to":"cf-nel","max_age":604800}', 'Server': 'cloudflare', 'CF-RAY': '888509c27c0382d5-IAD', 'alt-svc': 'h3=":443"; ma=86400'} 
 body={"results":[{"gender":"female","name":{"title":"Miss","first":"Esperanza","last":"Garza"},"location":{"street":{"number":8172,"name":"Callejón Urbina"},"city":"Almoloya de las Granadas","state":"Nuevo Leon","country":"Mexico","postcode":99711,"coordinates":{"latitude":"23.4168","longitude":"142.5805"},"timezone":{"offset":"-5:00","description":"Eastern Time (US &amp; Canada), Bogota, Lima"}},"email":"esperanza.garza@example.com","login":{"uuid":"5553d409-f490-4f40-8dbe-307c63dc0609","username":"whiteduck133","password":"qwerty7","salt":"qMb8sbWZ","md5":"6a03a3ce7016ec06a312364f9924d09c","sha1":"6f4e3a6f7bccad2af4c5f344142032cd4689df34","sha256":"561c3e897909fabf98e19762d5c34f4804110298d0c74afa1d559b63af1cc0d6"},"dob":{"date":"1971-09-01T12:37:07.985Z","age":52},"registered":{"date":"2017-10-03T05:57:20.183Z","age":6},"phone":"(628) 703 0620","cell":"(684) 121 0515","id":{"name":"NSS","value":"18 82 07 7817 5"},"picture":{"large":"https://randomuser.me/api/portraits/women/41.jpg","medium":"https://randomuser.me/api/portraits/med/women/41.jpg","thumbnail":"https://randomuser.me/api/portraits/thumb/women/41.jpg"},"nat":"MX"}],"info":{"seed":"98c8e728b9c775fc","results":1,"page":1,"version":"1.4"}} 
 </msg>
<msg time="2024-05-23T12:27:06.127781" level="INFO">/opt/hostedtoolcache/Python/3.12.3/x64/lib/python3.12/site-packages/urllib3/connectionpool.py:1103: InsecureRequestWarning: Unverified HTTPS request is being made to host 'randomuser.me'. Adding certificate verification is strongly advised. See: https://urllib3.readthedocs.io/en/latest/advanced-usage.html#tls-warnings
  warnings.warn(</msg>
<msg time="2024-05-23T12:27:06.127903" level="INFO">${response} = &lt;Response [200]&gt;</msg>
<var>${response}</var>
<arg>consultarAPI</arg>
<arg>/api</arg>
<doc>Sends a GET request on a previously created HTTP Session.</doc>
<status status="PASS" start="2024-05-23T12:27:05.991956" elapsed="0.135988"/>
</kw>
<kw name="Set Variable" owner="BuiltIn">
<msg time="2024-05-23T12:27:06.129221" level="INFO">${json_data} = {'results': [{'gender': 'female', 'name': {'title': 'Miss', 'first': 'Esperanza', 'last': 'Garza'}, 'location': {'street': {'number': 8172, 'name': 'Callejón Urbina'}, 'city': 'Almoloya de las Granada...</msg>
<var>${json_data}</var>
<arg>${response.json()}</arg>
<doc>Returns the given values which can then be assigned to a variables.</doc>
<status status="PASS" start="2024-05-23T12:27:06.128522" elapsed="0.000730"/>
</kw>
<kw name="Log" owner="BuiltIn">
<msg time="2024-05-23T12:27:06.129733" level="INFO">{'results': [{'gender': 'female', 'name': {'title': 'Miss', 'first': 'Esperanza', 'last': 'Garza'}, 'location': {'street': {'number': 8172, 'name': 'Callejón Urbina'}, 'city': 'Almoloya de las Granadas', 'state': 'Nuevo Leon', 'country': 'Mexico', 'postcode': 99711, 'coordinates': {'latitude': '23.4168', 'longitude': '142.5805'}, 'timezone': {'offset': '-5:00', 'description': 'Eastern Time (US &amp; Canada), Bogota, Lima'}}, 'email': 'esperanza.garza@example.com', 'login': {'uuid': '5553d409-f490-4f40-8dbe-307c63dc0609', 'username': 'whiteduck133', 'password': 'qwerty7', 'salt': 'qMb8sbWZ', 'md5': '6a03a3ce7016ec06a312364f9924d09c', 'sha1': '6f4e3a6f7bccad2af4c5f344142032cd4689df34', 'sha256': '561c3e897909fabf98e19762d5c34f4804110298d0c74afa1d559b63af1cc0d6'}, 'dob': {'date': '1971-09-01T12:37:07.985Z', 'age': 52}, 'registered': {'date': '2017-10-03T05:57:20.183Z', 'age': 6}, 'phone': '(628) 703 0620', 'cell': '(684) 121 0515', 'id': {'name': 'NSS', 'value': '18 82 07 7817 5'}, 'picture': {'large': 'https://randomuser.me/api/portraits/women/41.jpg', 'medium': 'https://randomuser.me/api/portraits/med/women/41.jpg', 'thumbnail': 'https://randomuser.me/api/portraits/thumb/women/41.jpg'}, 'nat': 'MX'}], 'info': {'seed': '98c8e728b9c775fc', 'results': 1, 'page': 1, 'version': '1.4'}}</msg>
<arg>${json_data}</arg>
<doc>Logs the given message with the given level.</doc>
<status status="PASS" start="2024-05-23T12:27:06.129568" elapsed="0.000217"/>
</kw>
<kw name="Dictionary Should Contain Key" owner="Collections">
<msg time="2024-05-23T12:27:06.130241" level="INFO">False</msg>
<arg>${json_data}</arg>
<arg>results</arg>
<doc>Fails if ``key`` is not found from ``dictionary``.</doc>
<status status="PASS" start="2024-05-23T12:27:06.130085" elapsed="0.000199"/>
</kw>
<kw name="Should Not Be Empty" owner="BuiltIn">
<msg time="2024-05-23T12:27:06.130723" level="INFO">Length is 2.</msg>
<arg>${json_data}</arg>
<doc>Verifies that the given item is not empty.</doc>
<status status="PASS" start="2024-05-23T12:27:06.130586" elapsed="0.000176"/>
</kw>
<kw name="Create List" owner="BuiltIn">
<msg time="2024-05-23T12:27:06.131207" level="INFO">${expected_keys} = ['gender', 'name', 'location', 'email', 'login']</msg>
<var>${expected_keys}</var>
<arg>gender</arg>
<arg>name</arg>
<arg>location</arg>
<arg>email</arg>
<arg>login</arg>
<doc>Returns a list containing given items.</doc>
<status status="PASS" start="2024-05-23T12:27:06.131056" elapsed="0.000175"/>
</kw>
<for flavor="IN">
<iter>
<kw name="Dictionary Should Contain Key" owner="Collections">
<msg time="2024-05-23T12:27:06.132231" level="INFO">False</msg>
<arg>${json_data['results'][0]}</arg>
<arg>${key}</arg>
<doc>Fails if ``key`` is not found from ``dictionary``.</doc>
<status status="PASS" start="2024-05-23T12:27:06.131827" elapsed="0.000450"/>
</kw>
<kw name="Log" owner="BuiltIn">
<msg time="2024-05-23T12:27:06.132992" level="INFO">{'gender': 'female', 'name': {'title': 'Miss', 'first': 'Esperanza', 'last': 'Garza'}, 'location': {'street': {'number': 8172, 'name': 'Callejón Urbina'}, 'city': 'Almoloya de las Granadas', 'state': 'Nuevo Leon', 'country': 'Mexico', 'postcode': 99711, 'coordinates': {'latitude': '23.4168', 'longitude': '142.5805'}, 'timezone': {'offset': '-5:00', 'description': 'Eastern Time (US &amp; Canada), Bogota, Lima'}}, 'email': 'esperanza.garza@example.com', 'login': {'uuid': '5553d409-f490-4f40-8dbe-307c63dc0609', 'username': 'whiteduck133', 'password': 'qwerty7', 'salt': 'qMb8sbWZ', 'md5': '6a03a3ce7016ec06a312364f9924d09c', 'sha1': '6f4e3a6f7bccad2af4c5f344142032cd4689df34', 'sha256': '561c3e897909fabf98e19762d5c34f4804110298d0c74afa1d559b63af1cc0d6'}, 'dob': {'date': '1971-09-01T12:37:07.985Z', 'age': 52}, 'registered': {'date': '2017-10-03T05:57:20.183Z', 'age': 6}, 'phone': '(628) 703 0620', 'cell': '(684) 121 0515', 'id': {'name': 'NSS', 'value': '18 82 07 7817 5'}, 'picture': {'large': 'https://randomuser.me/api/portraits/women/41.jpg', 'medium': 'https://randomuser.me/api/portraits/med/women/41.jpg', 'thumbnail': 'https://randomuser.me/api/portraits/thumb/women/41.jpg'}, 'nat': 'MX'}</msg>
<arg>${json_data['results'][0]}</arg>
<doc>Logs the given message with the given level.</doc>
<status status="PASS" start="2024-05-23T12:27:06.132578" elapsed="0.000474"/>
</kw>
<kw name="Log" owner="BuiltIn">
<msg time="2024-05-23T12:27:06.133483" level="INFO">gender</msg>
<arg>${key}</arg>
<doc>Logs the given message with the given level.</doc>
<status status="PASS" start="2024-05-23T12:27:06.133355" elapsed="0.000166"/>
</kw>
<var name="${key}">gender</var>
<status status="PASS" start="2024-05-23T12:27:06.131689" elapsed="0.002047"/>
</iter>
<iter>
<kw name="Dictionary Should Contain Key" owner="Collections">
<msg time="2024-05-23T12:27:06.134473" level="INFO">False</msg>
<arg>${json_data['results'][0]}</arg>
<arg>${key}</arg>
<doc>Fails if ``key`` is not found from ``dictionary``.</doc>
<status status="PASS" start="2024-05-23T12:27:06.134039" elapsed="0.000472"/>
</kw>
<kw name="Log" owner="BuiltIn">
<msg time="2024-05-23T12:27:06.135168" level="INFO">{'gender': 'female', 'name': {'title': 'Miss', 'first': 'Esperanza', 'last': 'Garza'}, 'location': {'street': {'number': 8172, 'name': 'Callejón Urbina'}, 'city': 'Almoloya de las Granadas', 'state': 'Nuevo Leon', 'country': 'Mexico', 'postcode': 99711, 'coordinates': {'latitude': '23.4168', 'longitude': '142.5805'}, 'timezone': {'offset': '-5:00', 'description': 'Eastern Time (US &amp; Canada), Bogota, Lima'}}, 'email': 'esperanza.garza@example.com', 'login': {'uuid': '5553d409-f490-4f40-8dbe-307c63dc0609', 'username': 'whiteduck133', 'password': 'qwerty7', 'salt': 'qMb8sbWZ', 'md5': '6a03a3ce7016ec06a312364f9924d09c', 'sha1': '6f4e3a6f7bccad2af4c5f344142032cd4689df34', 'sha256': '561c3e897909fabf98e19762d5c34f4804110298d0c74afa1d559b63af1cc0d6'}, 'dob': {'date': '1971-09-01T12:37:07.985Z', 'age': 52}, 'registered': {'date': '2017-10-03T05:57:20.183Z', 'age': 6}, 'phone': '(628) 703 0620', 'cell': '(684) 121 0515', 'id': {'name': 'NSS', 'value': '18 82 07 7817 5'}, 'picture': {'large': 'https://randomuser.me/api/portraits/women/41.jpg', 'medium': 'https://randomuser.me/api/portraits/med/women/41.jpg', 'thumbnail': 'https://randomuser.me/api/portraits/thumb/women/41.jpg'}, 'nat': 'MX'}</msg>
<arg>${json_data['results'][0]}</arg>
<doc>Logs the given message with the given level.</doc>
<status status="PASS" start="2024-05-23T12:27:06.134810" elapsed="0.000409"/>
</kw>
<kw name="Log" owner="BuiltIn">
<msg time="2024-05-23T12:27:06.135645" level="INFO">name</msg>
<arg>${key}</arg>
<doc>Logs the given message with the given level.</doc>
<status status="PASS" start="2024-05-23T12:27:06.135518" elapsed="0.000164"/>
</kw>
<var name="${key}">name</var>
<status status="PASS" start="2024-05-23T12:27:06.133924" elapsed="0.001976"/>
</iter>
<iter>
<kw name="Dictionary Should Contain Key" owner="Collections">
<msg time="2024-05-23T12:27:06.136579" level="INFO">False</msg>
<arg>${json_data['results'][0]}</arg>
<arg>${key}</arg>
<doc>Fails if ``key`` is not found from ``dictionary``.</doc>
<status status="PASS" start="2024-05-23T12:27:06.136191" elapsed="0.000424"/>
</kw>
<kw name="Log" owner="BuiltIn">
<msg time="2024-05-23T12:27:06.137338" level="INFO">{'gender': 'female', 'name': {'title': 'Miss', 'first': 'Esperanza', 'last': 'Garza'}, 'location': {'street': {'number': 8172, 'name': 'Callejón Urbina'}, 'city': 'Almoloya de las Granadas', 'state': 'Nuevo Leon', 'country': 'Mexico', 'postcode': 99711, 'coordinates': {'latitude': '23.4168', 'longitude': '142.5805'}, 'timezone': {'offset': '-5:00', 'description': 'Eastern Time (US &amp; Canada), Bogota, Lima'}}, 'email': 'esperanza.garza@example.com', 'login': {'uuid': '5553d409-f490-4f40-8dbe-307c63dc0609', 'username': 'whiteduck133', 'password': 'qwerty7', 'salt': 'qMb8sbWZ', 'md5': '6a03a3ce7016ec06a312364f9924d09c', 'sha1': '6f4e3a6f7bccad2af4c5f344142032cd4689df34', 'sha256': '561c3e897909fabf98e19762d5c34f4804110298d0c74afa1d559b63af1cc0d6'}, 'dob': {'date': '1971-09-01T12:37:07.985Z', 'age': 52}, 'registered': {'date': '2017-10-03T05:57:20.183Z', 'age': 6}, 'phone': '(628) 703 0620', 'cell': '(684) 121 0515', 'id': {'name': 'NSS', 'value': '18 82 07 7817 5'}, 'picture': {'large': 'https://randomuser.me/api/portraits/women/41.jpg', 'medium': 'https://randomuser.me/api/portraits/med/women/41.jpg', 'thumbnail': 'https://randomuser.me/api/portraits/thumb/women/41.jpg'}, 'nat': 'MX'}</msg>
<arg>${json_data['results'][0]}</arg>
<doc>Logs the given message with the given level.</doc>
<status status="PASS" start="2024-05-23T12:27:06.136939" elapsed="0.000450"/>
</kw>
<kw name="Log" owner="BuiltIn">
<msg time="2024-05-23T12:27:06.137813" level="INFO">location</msg>
<arg>${key}</arg>
<doc>Logs the given message with the given level.</doc>
<status status="PASS" start="2024-05-23T12:27:06.137686" elapsed="0.000163"/>
</kw>
<var name="${key}">location</var>
<status status="PASS" start="2024-05-23T12:27:06.136079" elapsed="0.001986"/>
</iter>
<iter>
<kw name="Dictionary Should Contain Key" owner="Collections">
<msg time="2024-05-23T12:27:06.138837" level="INFO">False</msg>
<arg>${json_data['results'][0]}</arg>
<arg>${key}</arg>
<doc>Fails if ``key`` is not found from ``dictionary``.</doc>
<status status="PASS" start="2024-05-23T12:27:06.138347" elapsed="0.000528"/>
</kw>
<kw name="Log" owner="BuiltIn">
<msg time="2024-05-23T12:27:06.139539" level="INFO">{'gender': 'female', 'name': {'title': 'Miss', 'first': 'Esperanza', 'last': 'Garza'}, 'location': {'street': {'number': 8172, 'name': 'Callejón Urbina'}, 'city': 'Almoloya de las Granadas', 'state': 'Nuevo Leon', 'country': 'Mexico', 'postcode': 99711, 'coordinates': {'latitude': '23.4168', 'longitude': '142.5805'}, 'timezone': {'offset': '-5:00', 'description': 'Eastern Time (US &amp; Canada), Bogota, Lima'}}, 'email': 'esperanza.garza@example.com', 'login': {'uuid': '5553d409-f490-4f40-8dbe-307c63dc0609', 'username': 'whiteduck133', 'password': 'qwerty7', 'salt': 'qMb8sbWZ', 'md5': '6a03a3ce7016ec06a312364f9924d09c', 'sha1': '6f4e3a6f7bccad2af4c5f344142032cd4689df34', 'sha256': '561c3e897909fabf98e19762d5c34f4804110298d0c74afa1d559b63af1cc0d6'}, 'dob': {'date': '1971-09-01T12:37:07.985Z', 'age': 52}, 'registered': {'date': '2017-10-03T05:57:20.183Z', 'age': 6}, 'phone': '(628) 703 0620', 'cell': '(684) 121 0515', 'id': {'name': 'NSS', 'value': '18 82 07 7817 5'}, 'picture': {'large': 'https://randomuser.me/api/portraits/women/41.jpg', 'medium': 'https://randomuser.me/api/portraits/med/women/41.jpg', 'thumbnail': 'https://randomuser.me/api/portraits/thumb/women/41.jpg'}, 'nat': 'MX'}</msg>
<arg>${json_data['results'][0]}</arg>
<doc>Logs the given message with the given level.</doc>
<status status="PASS" start="2024-05-23T12:27:06.139178" elapsed="0.000412"/>
</kw>
<kw name="Log" owner="BuiltIn">
<msg time="2024-05-23T12:27:06.140015" level="INFO">email</msg>
<arg>${key}</arg>
<doc>Logs the given message with the given level.</doc>
<status status="PASS" start="2024-05-23T12:27:06.139888" elapsed="0.000163"/>
</kw>
<var name="${key}">email</var>
<status status="PASS" start="2024-05-23T12:27:06.138236" elapsed="0.002028"/>
</iter>
<iter>
<kw name="Dictionary Should Contain Key" owner="Collections">
<msg time="2024-05-23T12:27:06.140959" level="INFO">False</msg>
<arg>${json_data['results'][0]}</arg>
<arg>${key}</arg>
<doc>Fails if ``key`` is not found from ``dictionary``.</doc>
<status status="PASS" start="2024-05-23T12:27:06.140548" elapsed="0.000451"/>
</kw>
<kw name="Log" owner="BuiltIn">
<msg time="2024-05-23T12:27:06.141674" level="INFO">{'gender': 'female', 'name': {'title': 'Miss', 'first': 'Esperanza', 'last': 'Garza'}, 'location': {'street': {'number': 8172, 'name': 'Callejón Urbina'}, 'city': 'Almoloya de las Granadas', 'state': 'Nuevo Leon', 'country': 'Mexico', 'postcode': 99711, 'coordinates': {'latitude': '23.4168', 'longitude': '142.5805'}, 'timezone': {'offset': '-5:00', 'description': 'Eastern Time (US &amp; Canada), Bogota, Lima'}}, 'email': 'esperanza.garza@example.com', 'login': {'uuid': '5553d409-f490-4f40-8dbe-307c63dc0609', 'username': 'whiteduck133', 'password': 'qwerty7', 'salt': 'qMb8sbWZ', 'md5': '6a03a3ce7016ec06a312364f9924d09c', 'sha1': '6f4e3a6f7bccad2af4c5f344142032cd4689df34', 'sha256': '561c3e897909fabf98e19762d5c34f4804110298d0c74afa1d559b63af1cc0d6'}, 'dob': {'date': '1971-09-01T12:37:07.985Z', 'age': 52}, 'registered': {'date': '2017-10-03T05:57:20.183Z', 'age': 6}, 'phone': '(628) 703 0620', 'cell': '(684) 121 0515', 'id': {'name': 'NSS', 'value': '18 82 07 7817 5'}, 'picture': {'large': 'https://randomuser.me/api/portraits/women/41.jpg', 'medium': 'https://randomuser.me/api/portraits/med/women/41.jpg', 'thumbnail': 'https://randomuser.me/api/portraits/thumb/women/41.jpg'}, 'nat': 'MX'}</msg>
<arg>${json_data['results'][0]}</arg>
<doc>Logs the given message with the given level.</doc>
<status status="PASS" start="2024-05-23T12:27:06.141311" elapsed="0.000415"/>
</kw>
<kw name="Log" owner="BuiltIn">
<msg time="2024-05-23T12:27:06.142176" level="INFO">login</msg>
<arg>${key}</arg>
<doc>Logs the given message with the given level.</doc>
<status status="PASS" start="2024-05-23T12:27:06.142047" elapsed="0.000167"/>
</kw>
<var name="${key}">login</var>
<status status="PASS" start="2024-05-23T12:27:06.140438" elapsed="0.001994"/>
</iter>
<var>${key}</var>
<value>@{expected_keys}</value>
<status status="PASS" start="2024-05-23T12:27:06.131492" elapsed="0.011063"/>
</for>
<kw name="Create List" owner="BuiltIn">
<msg time="2024-05-23T12:27:06.142886" level="INFO">${expected_keysTwo} = ['username', 'password']</msg>
<var>${expected_keysTwo}</var>
<arg>username</arg>
<arg>password</arg>
<doc>Returns a list containing given items.</doc>
<status status="PASS" start="2024-05-23T12:27:06.142750" elapsed="0.000159"/>
</kw>
<for flavor="IN">
<iter>
<kw name="Dictionary Should Contain Key" owner="Collections">
<msg time="2024-05-23T12:27:06.143797" level="INFO">False</msg>
<arg>${json_data['results'][0]['login']}</arg>
<arg>${keyTwo}</arg>
<doc>Fails if ``key`` is not found from ``dictionary``.</doc>
<status status="PASS" start="2024-05-23T12:27:06.143424" elapsed="0.000410"/>
</kw>
<kw name="Dictionary Should Contain Key" owner="Collections">
<msg time="2024-05-23T12:27:06.144498" level="INFO">False</msg>
<arg>${json_data['results'][0]['login']}</arg>
<arg>${keyTwo}</arg>
<doc>Fails if ``key`` is not found from ``dictionary``.</doc>
<status status="PASS" start="2024-05-23T12:27:06.144128" elapsed="0.000405"/>
</kw>
<kw name="Log" owner="BuiltIn">
<msg time="2024-05-23T12:27:06.144974" level="INFO">username</msg>
<arg>${keyTwo}</arg>
<doc>Logs the given message with the given level.</doc>
<status status="PASS" start="2024-05-23T12:27:06.144823" elapsed="0.000187"/>
</kw>
<var name="${keyTwo}">username</var>
<status status="PASS" start="2024-05-23T12:27:06.143316" elapsed="0.001911"/>
</iter>
<iter>
<kw name="Dictionary Should Contain Key" owner="Collections">
<msg time="2024-05-23T12:27:06.145895" level="INFO">False</msg>
<arg>${json_data['results'][0]['login']}</arg>
<arg>${keyTwo}</arg>
<doc>Fails if ``key`` is not found from ``dictionary``.</doc>
<status status="PASS" start="2024-05-23T12:27:06.145507" elapsed="0.000425"/>
</kw>
<kw name="Dictionary Should Contain Key" owner="Collections">
<msg time="2024-05-23T12:27:06.146615" level="INFO">False</msg>
<arg>${json_data['results'][0]['login']}</arg>
<arg>${keyTwo}</arg>
<doc>Fails if ``key`` is not found from ``dictionary``.</doc>
<status status="PASS" start="2024-05-23T12:27:06.146233" elapsed="0.000419"/>
</kw>
<kw name="Log" owner="BuiltIn">
<msg time="2024-05-23T12:27:06.147078" level="INFO">password</msg>
<arg>${keyTwo}</arg>
<doc>Logs the given message with the given level.</doc>
<status status="PASS" start="2024-05-23T12:27:06.146952" elapsed="0.000162"/>
</kw>
<var name="${keyTwo}">password</var>
<status status="PASS" start="2024-05-23T12:27:06.145399" elapsed="0.001930"/>
</iter>
<var>${keyTwo}</var>
<value>@{expected_keysTwo}</value>
<status status="PASS" start="2024-05-23T12:27:06.143166" elapsed="0.004281"/>
</for>
<status status="PASS" start="2024-05-23T12:27:05.991707" elapsed="0.155879"/>
</kw>
<doc>Testa a estrutura da resposta da API.</doc>
<tag>testeEstruturaResposta</tag>
<status status="PASS" start="2024-05-23T12:27:05.991201" elapsed="0.156539"/>
</test>
<test id="s1-s1-t4" name="Validar tipos de dados" line="28">
<kw name="Teste de Tipos de Dados" owner="random-user-service">
<kw name="GET On Session" owner="RequestsLibrary">
<msg time="2024-05-23T12:27:06.245177" level="INFO">GET Request : url=https://randomuser.me/api 
 path_url=/api 
 headers={'User-Agent': 'python-requests/2.32.2', 'Accept-Encoding': 'gzip, deflate', 'Accept': '*/*', 'Connection': 'keep-alive'} 
 body=None 
 </msg>
<msg time="2024-05-23T12:27:06.245259" level="INFO">GET Response : url=https://randomuser.me/api 
 status=200, reason=OK 
 headers={'Date': 'Thu, 23 May 2024 12:27:06 GMT', 'Content-Type': 'application/json; charset=utf-8', 'Transfer-Encoding': 'chunked', 'Connection': 'keep-alive', 'X-Powered-By': 'Express', 'Access-Control-Allow-Origin': '*', 'Cache-Control': 'no-cache', 'ETag': 'W/"48f-X7cKa5zR1ZAQdnScDft8kmUmJss"', 'Vary': 'Accept-Encoding', 'Content-Encoding': 'gzip', 'CF-Cache-Status': 'DYNAMIC', 'Report-To': '{"endpoints":[{"url":"https:\\/\\/a.nel.cloudflare.com\\/report\\/v4?s=GzWKpOAYGm2wJQwLLI0XKIwBA%2BJOKg8fzYAmEfsymXH6Eq4BF%2B4N6dI04DIoH1ydXo1%2BMkLdfv3FZqF0bGazdIa4oBeX7eIm1pmJkSdMIy2Zfhre250mKwgZ90IHM6s7"}],"group":"cf-nel","max_age":604800}', 'NEL': '{"success_fraction":0,"report_to":"cf-nel","max_age":604800}', 'Server': 'cloudflare', 'CF-RAY': '888509c37d1282d5-IAD', 'alt-svc': 'h3=":443"; ma=86400'} 
 body={"results":[{"gender":"female","name":{"title":"Mrs","first":"Nonna","last":"Tockiy"},"location":{"street":{"number":5245,"name":"Raticha"},"city":"Dunayivci","state":"Hersonska","country":"Ukraine","postcode":85873,"coordinates":{"latitude":"77.6276","longitude":"91.7388"},"timezone":{"offset":"+11:00","description":"Magadan, Solomon Islands, New Caledonia"}},"email":"nonna.tockiy@example.com","login":{"uuid":"9d5f8c4d-d408-4c70-8e5d-02d216fb48c4","username":"ticklishbear261","password":"espresso","salt":"scFXEdY6","md5":"942e4f361b7eda2a761fa9e7ea34c686","sha1":"f065711d8d53f97857149d013065ab98150eff7b","sha256":"1a870ba5d3d366c8beb1d187337b1530218d64db530756ca688812975a3a600a"},"dob":{"date":"1991-06-12T20:35:46.060Z","age":32},"registered":{"date":"2005-12-08T14:16:46.005Z","age":18},"phone":"(068) Y73-5724","cell":"(067) D36-3012","id":{"name":"","value":null},"picture":{"large":"https://randomuser.me/api/portraits/women/11.jpg","medium":"https://randomuser.me/api/portraits/med/women/11.jpg","thumbnail":"https://randomuser.me/api/portraits/thumb/women/11.jpg"},"nat":"UA"}],"info":{"seed":"07cfb55fbba4c0f7","results":1,"page":1,"version":"1.4"}} 
 </msg>
<msg time="2024-05-23T12:27:06.245327" level="INFO">/opt/hostedtoolcache/Python/3.12.3/x64/lib/python3.12/site-packages/urllib3/connectionpool.py:1103: InsecureRequestWarning: Unverified HTTPS request is being made to host 'randomuser.me'. Adding certificate verification is strongly advised. See: https://urllib3.readthedocs.io/en/latest/advanced-usage.html#tls-warnings
  warnings.warn(</msg>
<msg time="2024-05-23T12:27:06.245444" level="INFO">${response} = &lt;Response [200]&gt;</msg>
<var>${response}</var>
<arg>consultarAPI</arg>
<arg>/api</arg>
<doc>Sends a GET request on a previously created HTTP Session.</doc>
<status status="PASS" start="2024-05-23T12:27:06.150337" elapsed="0.095148"/>
</kw>
<kw name="Set Variable" owner="BuiltIn">
<msg time="2024-05-23T12:27:06.246700" level="INFO">${json_data} = {'results': [{'gender': 'female', 'name': {'title': 'Mrs', 'first': 'Nonna', 'last': 'Tockiy'}, 'location': {'street': {'number': 5245, 'name': 'Raticha'}, 'city': 'Dunayivci', 'state': 'Hersonska', '...</msg>
<var>${json_data}</var>
<arg>${response.json()}</arg>
<doc>Returns the given values which can then be assigned to a variables.</doc>
<status status="PASS" start="2024-05-23T12:27:06.246107" elapsed="0.000622"/>
</kw>
<kw name="Log" owner="BuiltIn">
<msg time="2024-05-23T12:27:06.247197" level="INFO">{'results': [{'gender': 'female', 'name': {'title': 'Mrs', 'first': 'Nonna', 'last': 'Tockiy'}, 'location': {'street': {'number': 5245, 'name': 'Raticha'}, 'city': 'Dunayivci', 'state': 'Hersonska', 'country': 'Ukraine', 'postcode': 85873, 'coordinates': {'latitude': '77.6276', 'longitude': '91.7388'}, 'timezone': {'offset': '+11:00', 'description': 'Magadan, Solomon Islands, New Caledonia'}}, 'email': 'nonna.tockiy@example.com', 'login': {'uuid': '9d5f8c4d-d408-4c70-8e5d-02d216fb48c4', 'username': 'ticklishbear261', 'password': 'espresso', 'salt': 'scFXEdY6', 'md5': '942e4f361b7eda2a761fa9e7ea34c686', 'sha1': 'f065711d8d53f97857149d013065ab98150eff7b', 'sha256': '1a870ba5d3d366c8beb1d187337b1530218d64db530756ca688812975a3a600a'}, 'dob': {'date': '1991-06-12T20:35:46.060Z', 'age': 32}, 'registered': {'date': '2005-12-08T14:16:46.005Z', 'age': 18}, 'phone': '(068) Y73-5724', 'cell': '(067) D36-3012', 'id': {'name': '', 'value': None}, 'picture': {'large': 'https://randomuser.me/api/portraits/women/11.jpg', 'medium': 'https://randomuser.me/api/portraits/med/women/11.jpg', 'thumbnail': 'https://randomuser.me/api/portraits/thumb/women/11.jpg'}, 'nat': 'UA'}], 'info': {'seed': '07cfb55fbba4c0f7', 'results': 1, 'page': 1, 'version': '1.4'}}</msg>
<arg>${json_data}</arg>
<doc>Logs the given message with the given level.</doc>
<status status="PASS" start="2024-05-23T12:27:06.247041" elapsed="0.000250"/>
</kw>
<kw name="Should Be String" owner="String">
<arg>${json_data['results'][0]['gender']}</arg>
<doc>Fails if the given ``item`` is not a string.</doc>
<status status="PASS" start="2024-05-23T12:27:06.247594" elapsed="0.000366"/>
</kw>
<kw name="Should Match Regexp" owner="BuiltIn">
<arg>${json_data['results'][0]['email']}</arg>
<arg>^[a-zA-Z0-9._%+-]+@[a-zA-Z0-9.-]+\.[a-zA-Z]{2,}$</arg>
<doc>Fails if ``string`` does not match ``pattern`` as a regular expression.</doc>
<status status="PASS" start="2024-05-23T12:27:06.248153" elapsed="0.000654"/>
</kw>
<kw name="Should Match Regexp" owner="BuiltIn">
<arg>${json_data['results'][0]['dob']['date']}</arg>
<arg>\\d{4}-\\d{2}-\\d{2}T\\d{2}:\\d{2}:\\d{2}\\.\\d{3}Z</arg>
<doc>Fails if ``string`` does not match ``pattern`` as a regular expression.</doc>
<status status="PASS" start="2024-05-23T12:27:06.249034" elapsed="0.000485"/>
</kw>
<kw name="Should Match Regexp" owner="BuiltIn">
<arg>${json_data['results'][0]['registered']['date']}</arg>
<arg>\\d{4}-\\d{2}-\\d{2}T\\d{2}:\\d{2}:\\d{2}\\.\\d{3}Z</arg>
<doc>Fails if ``string`` does not match ``pattern`` as a regular expression.</doc>
<status status="PASS" start="2024-05-23T12:27:06.249712" elapsed="0.000374"/>
</kw>
<kw name="Should Match Regexp" owner="BuiltIn">
<arg>${json_data['results'][0]['picture']['large']}</arg>
<arg>^https?://.*\.(?:png|jpe?g|gif|bmp)$</arg>
<doc>Fails if ``string`` does not match ``pattern`` as a regular expression.</doc>
<status status="PASS" start="2024-05-23T12:27:06.250272" elapsed="0.000459"/>
</kw>
<kw name="Should Match Regexp" owner="BuiltIn">
<arg>${json_data['results'][0]['picture']['medium']}</arg>
<arg>^https?://.*\.(?:png|jpe?g|gif|bmp)$</arg>
<doc>Fails if ``string`` does not match ``pattern`` as a regular expression.</doc>
<status status="PASS" start="2024-05-23T12:27:06.250921" elapsed="0.000352"/>
</kw>
<kw name="Should Match Regexp" owner="BuiltIn">
<arg>${json_data['results'][0]['picture']['thumbnail']}</arg>
<arg>^https?://.*\.(?:png|jpe?g|gif|bmp)$</arg>
<doc>Fails if ``string`` does not match ``pattern`` as a regular expression.</doc>
<status status="PASS" start="2024-05-23T12:27:06.251459" elapsed="0.000354"/>
</kw>
<kw name="Log" owner="BuiltIn">
<msg time="2024-05-23T12:27:06.252317" level="INFO">{'large': 'https://randomuser.me/api/portraits/women/11.jpg', 'medium': 'https://randomuser.me/api/portraits/med/women/11.jpg', 'thumbnail': 'https://randomuser.me/api/portraits/thumb/women/11.jpg'}</msg>
<arg>${json_data['results'][0]['picture']}</arg>
<doc>Logs the given message with the given level.</doc>
<status status="PASS" start="2024-05-23T12:27:06.251994" elapsed="0.000364"/>
</kw>
<status status="PASS" start="2024-05-23T12:27:06.150104" elapsed="0.102510"/>
</kw>
<kw name="Teste de Tipos de Dados - Postcode" owner="random-user-service">
<kw name="GET On Session" owner="RequestsLibrary">
<msg time="2024-05-23T12:27:06.308546" level="INFO">GET Request : url=https://randomuser.me/api 
 path_url=/api 
 headers={'User-Agent': 'python-requests/2.32.2', 'Accept-Encoding': 'gzip, deflate', 'Accept': '*/*', 'Connection': 'keep-alive'} 
 body=None 
 </msg>
<msg time="2024-05-23T12:27:06.308623" level="INFO">GET Response : url=https://randomuser.me/api 
 status=200, reason=OK 
 headers={'Date': 'Thu, 23 May 2024 12:27:06 GMT', 'Content-Type': 'application/json; charset=utf-8', 'Transfer-Encoding': 'chunked', 'Connection': 'keep-alive', 'X-Powered-By': 'Express', 'Access-Control-Allow-Origin': '*', 'Cache-Control': 'no-cache', 'ETag': 'W/"47c-F9FWri0Q9S3Z53I8GF3/SRzSNug"', 'Vary': 'Accept-Encoding', 'Content-Encoding': 'gzip', 'CF-Cache-Status': 'DYNAMIC', 'Report-To': '{"endpoints":[{"url":"https:\\/\\/a.nel.cloudflare.com\\/report\\/v4?s=BZEndfv10X2qSFUc3rF0znm9BLUQccjTWz8pUU%2F3zn2c6%2FHA4Dzr5X7xozrmEjHhu3YNv3IS3TDs%2Fb04viZJznvekeG69uDQWzui0mdBu0bDPCvIPR7u0zi5C6k4xnDM"}],"group":"cf-nel","max_age":604800}', 'NEL': '{"success_fraction":0,"report_to":"cf-nel","max_age":604800}', 'Server': 'cloudflare', 'CF-RAY': '888509c41dbb82d5-IAD', 'alt-svc': 'h3=":443"; ma=86400'} 
 body={"results":[{"gender":"male","name":{"title":"Mr","first":"Vasilije","last":"Jović"},"location":{"street":{"number":1911,"name":"Krajiških Brigada"},"city":"Svilajnac","state":"Braničevo","country":"Serbia","postcode":61318,"coordinates":{"latitude":"58.7981","longitude":"-19.0445"},"timezone":{"offset":"+5:45","description":"Kathmandu"}},"email":"vasilije.jovic@example.com","login":{"uuid":"d4c36d09-890e-43bb-a30e-e46a8015c6a9","username":"angrytiger892","password":"christia","salt":"IMa6pRTx","md5":"7fe87bdfb8a21a90e3f908dde5b95cdd","sha1":"060146999390f41a73650527d96c26d37e971ae9","sha256":"9637784b86c864e36618731b5fec3909ca5bd16a13d80ff8a674e75d99f2b480"},"dob":{"date":"1960-11-04T01:27:45.344Z","age":63},"registered":{"date":"2010-03-04T17:19:02.894Z","age":14},"phone":"020-1374-652","cell":"062-7232-938","id":{"name":"SID","value":"753644546"},"picture":{"large":"https://randomuser.me/api/portraits/men/64.jpg","medium":"https://randomuser.me/api/portraits/med/men/64.jpg","thumbnail":"https://randomuser.me/api/portraits/thumb/men/64.jpg"},"nat":"RS"}],"info":{"seed":"ba6e6853b8c0a796","results":1,"page":1,"version":"1.4"}} 
 </msg>
<msg time="2024-05-23T12:27:06.308696" level="INFO">/opt/hostedtoolcache/Python/3.12.3/x64/lib/python3.12/site-packages/urllib3/connectionpool.py:1103: InsecureRequestWarning: Unverified HTTPS request is being made to host 'randomuser.me'. Adding certificate verification is strongly advised. See: https://urllib3.readthedocs.io/en/latest/advanced-usage.html#tls-warnings
  warnings.warn(</msg>
<msg time="2024-05-23T12:27:06.308802" level="INFO">${response} = &lt;Response [200]&gt;</msg>
<var>${response}</var>
<arg>consultarAPI</arg>
<arg>/api</arg>
<doc>Sends a GET request on a previously created HTTP Session.</doc>
<status status="PASS" start="2024-05-23T12:27:06.253080" elapsed="0.055770"/>
</kw>
<kw name="Set Variable" owner="BuiltIn">
<msg time="2024-05-23T12:27:06.310090" level="INFO">${json_data} = {'results': [{'gender': 'male', 'name': {'title': 'Mr', 'first': 'Vasilije', 'last': 'Jović'}, 'location': {'street': {'number': 1911, 'name': 'Krajiških Brigada'}, 'city': 'Svilajnac', 'state': 'Bran...</msg>
<var>${json_data}</var>
<arg>${response.json()}</arg>
<doc>Returns the given values which can then be assigned to a variables.</doc>
<status status="PASS" start="2024-05-23T12:27:06.309417" elapsed="0.000708"/>
</kw>
<kw name="Log" owner="BuiltIn">
<msg time="2024-05-23T12:27:06.310596" level="INFO">{'results': [{'gender': 'male', 'name': {'title': 'Mr', 'first': 'Vasilije', 'last': 'Jović'}, 'location': {'street': {'number': 1911, 'name': 'Krajiških Brigada'}, 'city': 'Svilajnac', 'state': 'Braničevo', 'country': 'Serbia', 'postcode': 61318, 'coordinates': {'latitude': '58.7981', 'longitude': '-19.0445'}, 'timezone': {'offset': '+5:45', 'description': 'Kathmandu'}}, 'email': 'vasilije.jovic@example.com', 'login': {'uuid': 'd4c36d09-890e-43bb-a30e-e46a8015c6a9', 'username': 'angrytiger892', 'password': 'christia', 'salt': 'IMa6pRTx', 'md5': '7fe87bdfb8a21a90e3f908dde5b95cdd', 'sha1': '060146999390f41a73650527d96c26d37e971ae9', 'sha256': '9637784b86c864e36618731b5fec3909ca5bd16a13d80ff8a674e75d99f2b480'}, 'dob': {'date': '1960-11-04T01:27:45.344Z', 'age': 63}, 'registered': {'date': '2010-03-04T17:19:02.894Z', 'age': 14}, 'phone': '020-1374-652', 'cell': '062-7232-938', 'id': {'name': 'SID', 'value': '753644546'}, 'picture': {'large': 'https://randomuser.me/api/portraits/men/64.jpg', 'medium': 'https://randomuser.me/api/portraits/med/men/64.jpg', 'thumbnail': 'https://randomuser.me/api/portraits/thumb/men/64.jpg'}, 'nat': 'RS'}], 'info': {'seed': 'ba6e6853b8c0a796', 'results': 1, 'page': 1, 'version': '1.4'}}</msg>
<arg>${json_data}</arg>
<doc>Logs the given message with the given level.</doc>
<status status="PASS" start="2024-05-23T12:27:06.310437" elapsed="0.000241"/>
</kw>
<kw name="Should Be Equal As Numbers" owner="BuiltIn">
<arg>${json_data['results'][0]['location']['postcode']}</arg>
<arg>${json_data['results'][0]['location']['postcode']}</arg>
<doc>Fails if objects are unequal after converting them to real numbers.</doc>
<status status="PASS" start="2024-05-23T12:27:06.310979" elapsed="0.000625"/>
</kw>
<kw name="Log" owner="BuiltIn">
<msg time="2024-05-23T12:27:06.312125" level="INFO">61318</msg>
<arg>${json_data['results'][0]['location']['postcode']}</arg>
<doc>Logs the given message with the given level.</doc>
<status status="PASS" start="2024-05-23T12:27:06.311795" elapsed="0.000370"/>
</kw>
<status status="PASS" start="2024-05-23T12:27:06.252835" elapsed="0.059581"/>
</kw>
<doc>Testa se os tipos de dados na resposta da API estão corretos.</doc>
<tag>testeTiposDados</tag>
<status status="PASS" start="2024-05-23T12:27:06.149526" elapsed="0.163056"/>
</test>
<test id="s1-s1-t5" name="Validar conteudo" line="35">
<kw name="Teste de Tipos de Conteudo" owner="random-user-service">
<kw name="GET On Session" owner="RequestsLibrary">
<msg time="2024-05-23T12:27:06.396193" level="INFO">GET Request : url=https://randomuser.me/api 
 path_url=/api 
 headers={'User-Agent': 'python-requests/2.32.2', 'Accept-Encoding': 'gzip, deflate', 'Accept': '*/*', 'Connection': 'keep-alive'} 
 body=None 
 </msg>
<msg time="2024-05-23T12:27:06.396271" level="INFO">GET Response : url=https://randomuser.me/api 
 status=200, reason=OK 
 headers={'Date': 'Thu, 23 May 2024 12:27:06 GMT', 'Content-Type': 'application/json; charset=utf-8', 'Transfer-Encoding': 'chunked', 'Connection': 'keep-alive', 'X-Powered-By': 'Express', 'Access-Control-Allow-Origin': '*', 'Cache-Control': 'no-cache', 'ETag': 'W/"495-ZQMtGkUirPh6rV9v0sBc9QqaxP4"', 'Vary': 'Accept-Encoding', 'Content-Encoding': 'gzip', 'CF-Cache-Status': 'DYNAMIC', 'Report-To': '{"endpoints":[{"url":"https:\\/\\/a.nel.cloudflare.com\\/report\\/v4?s=TzwPRwjqdMrhuvOKFdUiFGKh3utgKlgbXIvZ6Sk5pvqK%2FO5x1RUA%2B7yHEyTmdXlIjq1DP%2BjGCT5gZgjiPKc1tnCFumT0dMg2sakDuGg68lH5AjRC4ks2CZ0DNHjyR%2F%2FB"}],"group":"cf-nel","max_age":604800}', 'NEL': '{"success_fraction":0,"report_to":"cf-nel","max_age":604800}', 'Server': 'cloudflare', 'CF-RAY': '888509c47e1c82d5-IAD', 'alt-svc': 'h3=":443"; ma=86400'} 
 body={"results":[{"gender":"female","name":{"title":"Mrs","first":"Kathleen","last":"Harper"},"location":{"street":{"number":1943,"name":"Albert Road"},"city":"Clonmel","state":"Longford","country":"Ireland","postcode":54998,"coordinates":{"latitude":"3.9205","longitude":"78.0263"},"timezone":{"offset":"+8:00","description":"Beijing, Perth, Singapore, Hong Kong"}},"email":"kathleen.harper@example.com","login":{"uuid":"856d3049-77f5-4d05-8021-09967dc44328","username":"beautifulbear619","password":"bruins","salt":"C0v2cvXc","md5":"b627b0117f51b6052ecbde510180486b","sha1":"636bd4b5b5a5c8acb4055021f86ba1e4778e90b0","sha256":"2a1b187f50dbfd5a16d882ea07fb305d9d647222d419891728dfb208c4100f98"},"dob":{"date":"1979-08-31T04:32:44.797Z","age":44},"registered":{"date":"2010-01-29T15:10:50.716Z","age":14},"phone":"061-722-1152","cell":"081-986-3158","id":{"name":"PPS","value":"6186483T"},"picture":{"large":"https://randomuser.me/api/portraits/women/46.jpg","medium":"https://randomuser.me/api/portraits/med/women/46.jpg","thumbnail":"https://randomuser.me/api/portraits/thumb/women/46.jpg"},"nat":"IE"}],"info":{"seed":"ad8f32bafdda4242","results":1,"page":1,"version":"1.4"}} 
 </msg>
<msg time="2024-05-23T12:27:06.396340" level="INFO">/opt/hostedtoolcache/Python/3.12.3/x64/lib/python3.12/site-packages/urllib3/connectionpool.py:1103: InsecureRequestWarning: Unverified HTTPS request is being made to host 'randomuser.me'. Adding certificate verification is strongly advised. See: https://urllib3.readthedocs.io/en/latest/advanced-usage.html#tls-warnings
  warnings.warn(</msg>
<msg time="2024-05-23T12:27:06.396438" level="INFO">${response} = &lt;Response [200]&gt;</msg>
<var>${response}</var>
<arg>consultarAPI</arg>
<arg>/api</arg>
<doc>Sends a GET request on a previously created HTTP Session.</doc>
<status status="PASS" start="2024-05-23T12:27:06.315127" elapsed="0.081352"/>
</kw>
<kw name="Set Variable" owner="BuiltIn">
<msg time="2024-05-23T12:27:06.397671" level="INFO">${json_data} = {'results': [{'gender': 'female', 'name': {'title': 'Mrs', 'first': 'Kathleen', 'last': 'Harper'}, 'location': {'street': {'number': 1943, 'name': 'Albert Road'}, 'city': 'Clonmel', 'state': 'Longford...</msg>
<var>${json_data}</var>
<arg>${response.json()}</arg>
<doc>Returns the given values which can then be assigned to a variables.</doc>
<status status="PASS" start="2024-05-23T12:27:06.397031" elapsed="0.000669"/>
</kw>
<kw name="Set Variable" owner="BuiltIn">
<msg time="2024-05-23T12:27:06.398396" level="INFO">${name_title} = Mrs</msg>
<var>${name_title}</var>
<arg>${json_data["results"][0]["name"]["title"]}</arg>
<doc>Returns the given values which can then be assigned to a variables.</doc>
<status status="PASS" start="2024-05-23T12:27:06.398011" elapsed="0.000412"/>
</kw>
<kw name="Create List" owner="BuiltIn">
<msg time="2024-05-23T12:27:06.398871" level="INFO">${allowed_titles} = ['Mr', 'Ms', 'Miss', 'Mrs', 'Madame', 'Monsieur']</msg>
<var>${allowed_titles}</var>
<arg>Mr</arg>
<arg>Ms</arg>
<arg>Miss</arg>
<arg>Mrs</arg>
<arg>Madame</arg>
<arg>Monsieur</arg>
<doc>Returns a list containing given items.</doc>
<status status="PASS" start="2024-05-23T12:27:06.398722" elapsed="0.000173"/>
</kw>
<kw name="List Should Contain Value" owner="Collections">
<msg time="2024-05-23T12:27:06.399382" level="INFO">False</msg>
<arg>${allowed_titles}</arg>
<arg>${name_title}</arg>
<doc>Fails if the ``value`` is not found from ``list``.</doc>
<status status="PASS" start="2024-05-23T12:27:06.399203" elapsed="0.000217"/>
</kw>
<kw name="Set Variable" owner="BuiltIn">
<msg time="2024-05-23T12:27:06.400224" level="INFO">${name_country} = IE</msg>
<var>${name_country}</var>
<arg>${json_data["results"][0]["nat"]}</arg>
<doc>Returns the given values which can then be assigned to a variables.</doc>
<status status="PASS" start="2024-05-23T12:27:06.399712" elapsed="0.000538"/>
</kw>
<kw name="Create List" owner="BuiltIn">
<msg time="2024-05-23T12:27:06.401199" level="INFO">${list_country} = ['AD', 'AE', 'AF', 'AG', 'AI', 'AL', 'AM', 'AO', 'AQ', 'AR', 'AS', 'AT', 'AU', 'AW', 'AX', 'AZ', 'BA', 'BB', 'BD', 'BE', 'BF', 'BG', 'BH', 'BI', 'BJ', 'BL', 'BM', 'BN', 'BO', 'BQ', 'BR', 'BS', 'BT', '...</msg>
<var>${list_country}</var>
<arg>AD</arg>
<arg>AE</arg>
<arg>AF</arg>
<arg>AG</arg>
<arg>AI</arg>
<arg>AL</arg>
<arg>AM</arg>
<arg>AO</arg>
<arg>AQ</arg>
<arg>AR</arg>
<arg>AS</arg>
<arg>AT</arg>
<arg>AU</arg>
<arg>AW</arg>
<arg>AX</arg>
<arg>AZ</arg>
<arg>BA</arg>
<arg>BB</arg>
<arg>BD</arg>
<arg>BE</arg>
<arg>BF</arg>
<arg>BG</arg>
<arg>BH</arg>
<arg>BI</arg>
<arg>BJ</arg>
<arg>BL</arg>
<arg>BM</arg>
<arg>BN</arg>
<arg>BO</arg>
<arg>BQ</arg>
<arg>BR</arg>
<arg>BS</arg>
<arg>BT</arg>
<arg>BV</arg>
<arg>BW</arg>
<arg>BY</arg>
<arg>BZ</arg>
<arg>CA</arg>
<arg>CC</arg>
<arg>CD</arg>
<arg>CF</arg>
<arg>CG</arg>
<arg>CH</arg>
<arg>CI</arg>
<arg>CK</arg>
<arg>CL</arg>
<arg>CM</arg>
<arg>CN</arg>
<arg>CO</arg>
<arg>CR</arg>
<arg>CU</arg>
<arg>CV</arg>
<arg>CW</arg>
<arg>CX</arg>
<arg>CY</arg>
<arg>CZ</arg>
<arg>DE</arg>
<arg>DJ</arg>
<arg>DK</arg>
<arg>DM</arg>
<arg>DO</arg>
<arg>DZ</arg>
<arg>EC</arg>
<arg>EE</arg>
<arg>EG</arg>
<arg>EH</arg>
<arg>ER</arg>
<arg>ES</arg>
<arg>ET</arg>
<arg>FI</arg>
<arg>FJ</arg>
<arg>FK</arg>
<arg>FM</arg>
<arg>FO</arg>
<arg>FR</arg>
<arg>GA</arg>
<arg>GB</arg>
<arg>GD</arg>
<arg>GE</arg>
<arg>GF</arg>
<arg>GG</arg>
<arg>GH</arg>
<arg>GI</arg>
<arg>GL</arg>
<arg>GM</arg>
<arg>GN</arg>
<arg>GP</arg>
<arg>GQ</arg>
<arg>GR</arg>
<arg>GS</arg>
<arg>GT</arg>
<arg>GU</arg>
<arg>GW</arg>
<arg>GY</arg>
<arg>HK</arg>
<arg>HM</arg>
<arg>HN</arg>
<arg>HR</arg>
<arg>HT</arg>
<arg>HU</arg>
<arg>ID</arg>
<arg>IE</arg>
<arg>IL</arg>
<arg>IM</arg>
<arg>IN</arg>
<arg>IO</arg>
<arg>IQ</arg>
<arg>IR</arg>
<arg>IS</arg>
<arg>IT</arg>
<arg>JE</arg>
<arg>JM</arg>
<arg>JO</arg>
<arg>JP</arg>
<arg>KE</arg>
<arg>KG</arg>
<arg>KH</arg>
<arg>KI</arg>
<arg>KM</arg>
<arg>KN</arg>
<arg>KP</arg>
<arg>KR</arg>
<arg>KW</arg>
<arg>KY</arg>
<arg>KZ</arg>
<arg>LA</arg>
<arg>LB</arg>
<arg>LC</arg>
<arg>LI</arg>
<arg>LK</arg>
<arg>LR</arg>
<arg>LS</arg>
<arg>LT</arg>
<arg>LU</arg>
<arg>LV</arg>
<arg>LY</arg>
<arg>MA</arg>
<arg>MC</arg>
<arg>MD</arg>
<arg>ME</arg>
<arg>MF</arg>
<arg>MG</arg>
<arg>MH</arg>
<arg>MK</arg>
<arg>ML</arg>
<arg>MM</arg>
<arg>MN</arg>
<arg>MO</arg>
<arg>MP</arg>
<arg>MQ</arg>
<arg>MR</arg>
<arg>MS</arg>
<arg>MT</arg>
<arg>MU</arg>
<arg>MV</arg>
<arg>MW</arg>
<arg>MX</arg>
<arg>MY</arg>
<arg>MZ</arg>
<arg>NA</arg>
<arg>NC</arg>
<arg>NE</arg>
<arg>NF</arg>
<arg>NG</arg>
<arg>NI</arg>
<arg>NL</arg>
<arg>NO</arg>
<arg>NP</arg>
<arg>NR</arg>
<arg>NU</arg>
<arg>NZ</arg>
<arg>OM</arg>
<arg>PA</arg>
<arg>PE</arg>
<arg>PF</arg>
<arg>PG</arg>
<arg>PH</arg>
<arg>PK</arg>
<arg>PL</arg>
<arg>PM</arg>
<arg>PN</arg>
<arg>PR</arg>
<arg>PS</arg>
<arg>PT</arg>
<arg>PW</arg>
<arg>PY</arg>
<arg>QA</arg>
<arg>RE</arg>
<arg>RO</arg>
<arg>RS</arg>
<arg>RU</arg>
<arg>RW</arg>
<arg>SA</arg>
<arg>SB</arg>
<arg>SC</arg>
<arg>SD</arg>
<arg>SE</arg>
<arg>SG</arg>
<arg>SH</arg>
<arg>SI</arg>
<arg>SJ</arg>
<arg>SK</arg>
<arg>SL</arg>
<arg>SM</arg>
<arg>SN</arg>
<arg>SO</arg>
<arg>SR</arg>
<arg>SS</arg>
<arg>ST</arg>
<arg>SV</arg>
<arg>SX</arg>
<arg>SY</arg>
<arg>SZ</arg>
<arg>TC</arg>
<arg>TD</arg>
<arg>TF</arg>
<arg>TG</arg>
<arg>TH</arg>
<arg>TJ</arg>
<arg>TK</arg>
<arg>TL</arg>
<arg>TM</arg>
<arg>TN</arg>
<arg>TO</arg>
<arg>TR</arg>
<arg>TT</arg>
<arg>TV</arg>
<arg>TW</arg>
<arg>TZ</arg>
<arg>UA</arg>
<arg>UG</arg>
<arg>UM</arg>
<arg>US</arg>
<arg>UY</arg>
<arg>UZ</arg>
<arg>VA</arg>
<arg>VC</arg>
<arg>VE</arg>
<arg>VG</arg>
<arg>VI</arg>
<arg>VN</arg>
<arg>VU</arg>
<arg>WF</arg>
<arg>WS</arg>
<arg>XK</arg>
<arg>YE</arg>
<arg>YT</arg>
<arg>ZA</arg>
<arg>ZM</arg>
<arg>ZW</arg>
<doc>Returns a list containing given items.</doc>
<status status="PASS" start="2024-05-23T12:27:06.400561" elapsed="0.000664"/>
</kw>
<kw name="List Should Contain Value" owner="Collections">
<msg time="2024-05-23T12:27:06.402223" level="INFO">False</msg>
<arg>${list_country}</arg>
<arg>${name_country}</arg>
<doc>Fails if the ``value`` is not found from ``list``.</doc>
<status status="PASS" start="2024-05-23T12:27:06.402019" elapsed="0.000240"/>
</kw>
<kw name="Run Keyword If" owner="BuiltIn">
<kw name="Should Be True" owner="BuiltIn">
<arg>${True}</arg>
<doc>Fails if the given condition is not true.</doc>
<status status="PASS" start="2024-05-23T12:27:06.403343" elapsed="0.000143"/>
</kw>
<arg>${json_data["results"][0]["location"]["coordinates"]["latitude"]} &gt;= -90 and ${json_data["results"][0]["location"]["coordinates"]["latitude"]} &lt;= 90</arg>
<arg>Should Be True</arg>
<arg>${True}</arg>
<doc>Runs the given keyword with the given arguments, if ``condition`` is true.</doc>
<status status="PASS" start="2024-05-23T12:27:06.402581" elapsed="0.001031"/>
</kw>
<kw name="Run Keyword If" owner="BuiltIn">
<kw name="Should Be True" owner="BuiltIn">
<arg>${True}</arg>
<doc>Fails if the given condition is not true.</doc>
<status status="PASS" start="2024-05-23T12:27:06.404481" elapsed="0.000137"/>
</kw>
<arg>${json_data["results"][0]["location"]["coordinates"]["longitude"]} &gt;= -180 and ${json_data["results"][0]["location"]["coordinates"]["longitude"]} &lt;= 180</arg>
<arg>Should Be True</arg>
<arg>${True}</arg>
<doc>Runs the given keyword with the given arguments, if ``condition`` is true.</doc>
<status status="PASS" start="2024-05-23T12:27:06.403797" elapsed="0.000943"/>
</kw>
<status status="PASS" start="2024-05-23T12:27:06.314899" elapsed="0.089967"/>
</kw>
<doc>Testa o conteúdo específico dos campos retornados pela API.</doc>
<tag>testeConteudo</tag>
<status status="PASS" start="2024-05-23T12:27:06.314373" elapsed="0.090692"/>
</test>
<status status="PASS" start="2024-05-23T12:27:05.428194" elapsed="0.978816"/>
</suite>
<status status="PASS" start="2024-05-23T12:27:05.414832" elapsed="0.997385"/>
</suite>
<statistics>
<total>
<stat pass="5" fail="0" skip="0">All Tests</stat>
</total>
<tag>
<stat pass="1" fail="0" skip="0">testeConteudo</stat>
<stat pass="1" fail="0" skip="0">testeEstruturaResposta</stat>
<stat pass="1" fail="0" skip="0">testeRequisicaoBasica</stat>
<stat pass="1" fail="0" skip="0">testeTiposDados</stat>
</tag>
<suite>
<stat pass="5" fail="0" skip="0" id="s1" name="Tests">Tests</stat>
<stat pass="5" fail="0" skip="0" id="s1-s1" name="Random-User-Test">Tests.Random-User-Test</stat>
</suite>
</statistics>
<errors>
</errors>
</robot>
