<?xml version="1.0" encoding="UTF-8"?>
<robot generator="Robot 7.0 (Python 3.12.2 on linux)" generated="2024-04-09T07:14:39.996105" rpa="false" schemaversion="5">
<suite id="s1" name="Tests" source="/home/runner/work/DesafioQAItauRogerioJordao/DesafioQAItauRogerioJordao/RamdonUser/tests">
<suite id="s1-s1" name="Random-User-Test" source="/home/runner/work/DesafioQAItauRogerioJordao/DesafioQAItauRogerioJordao/RamdonUser/tests/random-user-test.robot">
<test id="s1-s1-t1" name="Conectar" line="13">
<kw name="Conectar API" owner="random-user-service">
<kw name="Create Session" owner="RequestsLibrary">
<msg time="2024-04-09T07:14:40.394266" level="INFO">Creating Session using : alias=consultarAPI, url=https://randomuser.me/, headers={},                     cookies={}, auth=None, timeout=None, proxies=None, verify=False,                     debug=0 </msg>
<arg>consultarAPI</arg>
<arg>${URL}</arg>
<doc>Create Session: create a HTTP session to a server</doc>
<status status="PASS" start="2024-04-09T07:14:40.394053" elapsed="0.000407"/>
</kw>
<status status="PASS" start="2024-04-09T07:14:40.392945" elapsed="0.001901"/>
</kw>
<status status="PASS" start="2024-04-09T07:14:40.392254" elapsed="0.002796"/>
</test>
<test id="s1-s1-t2" name="Validar retorno 200 e JSON Válido" line="16">
<kw name="Teste de Requisicao Basica" owner="random-user-service">
<kw name="GET On Session" owner="RequestsLibrary">
<msg time="2024-04-09T07:14:40.511810" level="INFO">GET Request : url=https://randomuser.me/api 
 path_url=/api 
 headers={'User-Agent': 'python-requests/2.31.0', 'Accept-Encoding': 'gzip, deflate', 'Accept': '*/*', 'Connection': 'keep-alive'} 
 body=None 
 </msg>
<msg time="2024-04-09T07:14:40.511967" level="INFO">GET Response : url=https://randomuser.me/api 
 status=200, reason=OK 
 headers={'Date': 'Tue, 09 Apr 2024 07:14:40 GMT', 'Content-Type': 'application/json; charset=utf-8', 'Transfer-Encoding': 'chunked', 'Connection': 'keep-alive', 'X-Powered-By': 'Express', 'Access-Control-Allow-Origin': '*', 'Cache-Control': 'no-cache', 'ETag': 'W/"48f-b5onUQP0xwcescMFET7TfzKOouU"', 'Vary': 'Accept-Encoding', 'Content-Encoding': 'gzip', 'CF-Cache-Status': 'DYNAMIC', 'Report-To': '{"endpoints":[{"url":"https:\\/\\/a.nel.cloudflare.com\\/report\\/v4?s=hF0IBcCovQQNVl0CX%2BR6k5d2IT2TT0ayk6tvthaFfEmLG%2FAX5Lpt0VspYX9jNZP0EFu6ZvmbcRax3tY1mNpWEp90gZsuITz%2FFQH4N4MAmJUXUv9dqaYFTgAZTwkk92NO"}],"group":"cf-nel","max_age":604800}', 'NEL': '{"success_fraction":0,"report_to":"cf-nel","max_age":604800}', 'Server': 'cloudflare', 'CF-RAY': '8718b39abe3f572e-IAD', 'alt-svc': 'h3=":443"; ma=86400'} 
 body={"results":[{"gender":"male","name":{"title":"Mr","first":"Alejandro","last":"Téllez"},"location":{"street":{"number":2244,"name":"Callejón Oaxaca"},"city":"Zapotitlán de Vadillo","state":"Michoacan","country":"Mexico","postcode":25845,"coordinates":{"latitude":"26.3305","longitude":"-18.5238"},"timezone":{"offset":"+3:30","description":"Tehran"}},"email":"alejandro.tellez@example.com","login":{"uuid":"0d933f72-58e6-44b9-b09b-5b1e5e80074c","username":"organicpanda434","password":"7734","salt":"uG6yqUJC","md5":"558300974b20170cab2d30bac26518ed","sha1":"7fb7336c4b6774934a7d021a3ff2cb9b49fee089","sha256":"bfb5a867150179e2edd10aa4256cd4448c10f8c0313a05a097c8891a1ec04c82"},"dob":{"date":"1985-01-28T04:49:28.444Z","age":39},"registered":{"date":"2003-11-09T12:06:39.012Z","age":20},"phone":"(639) 500 4272","cell":"(615) 029 1772","id":{"name":"NSS","value":"44 32 22 2759 7"},"picture":{"large":"https://randomuser.me/api/portraits/men/89.jpg","medium":"https://randomuser.me/api/portraits/med/men/89.jpg","thumbnail":"https://randomuser.me/api/portraits/thumb/men/89.jpg"},"nat":"MX"}],"info":{"seed":"1b5b822f966ee2bb","results":1,"page":1,"version":"1.4"}} 
 </msg>
<msg time="2024-04-09T07:14:40.512054" level="INFO">/opt/hostedtoolcache/Python/3.12.2/x64/lib/python3.12/site-packages/urllib3/connectionpool.py:1103: InsecureRequestWarning: Unverified HTTPS request is being made to host 'randomuser.me'. Adding certificate verification is strongly advised. See: https://urllib3.readthedocs.io/en/latest/advanced-usage.html#tls-warnings
  warnings.warn(</msg>
<msg time="2024-04-09T07:14:40.512209" level="INFO">${response} = &lt;Response [200]&gt;</msg>
<var>${response}</var>
<arg>consultarAPI</arg>
<arg>/api</arg>
<doc>Sends a GET request on a previously created HTTP Session.</doc>
<status status="PASS" start="2024-04-09T07:14:40.397789" elapsed="0.114461"/>
</kw>
<kw name="Should Be Equal As Numbers" owner="BuiltIn">
<msg time="2024-04-09T07:14:40.513444" level="INFO">Argument types are:
&lt;class 'int'&gt;
&lt;class 'str'&gt;</msg>
<arg>${response.status_code}</arg>
<arg>200</arg>
<doc>Fails if objects are unequal after converting them to real numbers.</doc>
<status status="PASS" start="2024-04-09T07:14:40.512955" elapsed="0.000558"/>
</kw>
<kw name="Log" owner="BuiltIn">
<msg time="2024-04-09T07:14:40.514214" level="INFO">200</msg>
<arg>${response.status_code}</arg>
<doc>Logs the given message with the given level.</doc>
<status status="PASS" start="2024-04-09T07:14:40.513853" elapsed="0.000404"/>
</kw>
<kw name="Set Variable" owner="BuiltIn">
<msg time="2024-04-09T07:14:40.515028" level="INFO">${json_data} = {'results': [{'gender': 'male', 'name': {'title': 'Mr', 'first': 'Alejandro', 'last': 'Téllez'}, 'location': {'street': {'number': 2244, 'name': 'Callejón Oaxaca'}, 'city': 'Zapotitlán de Vadillo', 's...</msg>
<var>${json_data}</var>
<arg>${response.json()}</arg>
<doc>Returns the given values which can then be assigned to a variables.</doc>
<status status="PASS" start="2024-04-09T07:14:40.514579" elapsed="0.000479"/>
</kw>
<kw name="Dictionary Should Contain Key" owner="Collections">
<msg time="2024-04-09T07:14:40.515607" level="INFO">False</msg>
<arg>${json_data}</arg>
<arg>results</arg>
<doc>Fails if ``key`` is not found from ``dictionary``.</doc>
<status status="PASS" start="2024-04-09T07:14:40.515423" elapsed="0.000226"/>
</kw>
<status status="PASS" start="2024-04-09T07:14:40.397499" elapsed="0.118421"/>
</kw>
<doc>Testa se a API responde corretamente e retorna um objeto JSON válido.</doc>
<tag>testeRequisicaoBasica</tag>
<status status="PASS" start="2024-04-09T07:14:40.396941" elapsed="0.119175"/>
</test>
<test id="s1-s1-t3" name="Validar estrutura de resposta" line="22">
<kw name="Teste de Estrutura de Resposta" owner="random-user-service">
<kw name="GET On Session" owner="RequestsLibrary">
<msg time="2024-04-09T07:14:40.570328" level="INFO">GET Request : url=https://randomuser.me/api 
 path_url=/api 
 headers={'User-Agent': 'python-requests/2.31.0', 'Accept-Encoding': 'gzip, deflate', 'Accept': '*/*', 'Connection': 'keep-alive'} 
 body=None 
 </msg>
<msg time="2024-04-09T07:14:40.570452" level="INFO">GET Response : url=https://randomuser.me/api 
 status=200, reason=OK 
 headers={'Date': 'Tue, 09 Apr 2024 07:14:40 GMT', 'Content-Type': 'application/json; charset=utf-8', 'Transfer-Encoding': 'chunked', 'Connection': 'keep-alive', 'X-Powered-By': 'Express', 'Access-Control-Allow-Origin': '*', 'Cache-Control': 'no-cache', 'ETag': 'W/"46f-nW41FnxjW9MkJtxsvW3YrseixSw"', 'Vary': 'Accept-Encoding', 'Content-Encoding': 'gzip', 'CF-Cache-Status': 'DYNAMIC', 'Report-To': '{"endpoints":[{"url":"https:\\/\\/a.nel.cloudflare.com\\/report\\/v4?s=f9DXzMskQTYtTrvjyPmzzTkFwc3L9Ba9Kfs%2BcvH2PvfMi%2FV7EoCYFKTnq98OsHmY9OCVOxWbGCn3BxfrvYODFtdfon8AtRWtC6B0PLjXLjnbH3ubKDSYv7Wybc0g9rxC"}],"group":"cf-nel","max_age":604800}', 'NEL': '{"success_fraction":0,"report_to":"cf-nel","max_age":604800}', 'Server': 'cloudflare', 'CF-RAY': '8718b39b4e87572e-IAD', 'alt-svc': 'h3=":443"; ma=86400'} 
 body={"results":[{"gender":"male","name":{"title":"Mr","first":"Rasmus","last":"Thomsen"},"location":{"street":{"number":7162,"name":"Faaborgvej"},"city":"V.Skerninge","state":"Sjælland","country":"Denmark","postcode":11739,"coordinates":{"latitude":"-39.0842","longitude":"-64.6674"},"timezone":{"offset":"-3:30","description":"Newfoundland"}},"email":"rasmus.thomsen@example.com","login":{"uuid":"cf5b2ec0-7905-4826-aa44-76feeb2d1227","username":"crazyfish495","password":"nobody","salt":"DKavIix3","md5":"9163f5c19a773a370b8f74c1017e66f4","sha1":"47a5fbe55cb71118a961330915f988c39eb34f4f","sha256":"66870252466c1da3f08a65f1f339f27d02f39a3278a135c555422b8df68843ff"},"dob":{"date":"1968-02-28T01:48:07.379Z","age":56},"registered":{"date":"2021-11-01T03:58:52.765Z","age":2},"phone":"87180114","cell":"96960238","id":{"name":"CPR","value":"270268-8149"},"picture":{"large":"https://randomuser.me/api/portraits/men/88.jpg","medium":"https://randomuser.me/api/portraits/med/men/88.jpg","thumbnail":"https://randomuser.me/api/portraits/thumb/men/88.jpg"},"nat":"DK"}],"info":{"seed":"fa452390b790d8ed","results":1,"page":1,"version":"1.4"}} 
 </msg>
<msg time="2024-04-09T07:14:40.570620" level="INFO">/opt/hostedtoolcache/Python/3.12.2/x64/lib/python3.12/site-packages/urllib3/connectionpool.py:1103: InsecureRequestWarning: Unverified HTTPS request is being made to host 'randomuser.me'. Adding certificate verification is strongly advised. See: https://urllib3.readthedocs.io/en/latest/advanced-usage.html#tls-warnings
  warnings.warn(</msg>
<msg time="2024-04-09T07:14:40.570760" level="INFO">${response} = &lt;Response [200]&gt;</msg>
<var>${response}</var>
<arg>consultarAPI</arg>
<arg>/api</arg>
<doc>Sends a GET request on a previously created HTTP Session.</doc>
<status status="PASS" start="2024-04-09T07:14:40.519127" elapsed="0.051674"/>
</kw>
<kw name="Set Variable" owner="BuiltIn">
<msg time="2024-04-09T07:14:40.572084" level="INFO">${json_data} = {'results': [{'gender': 'male', 'name': {'title': 'Mr', 'first': 'Rasmus', 'last': 'Thomsen'}, 'location': {'street': {'number': 7162, 'name': 'Faaborgvej'}, 'city': 'V.Skerninge', 'state': 'Sjælland'...</msg>
<var>${json_data}</var>
<arg>${response.json()}</arg>
<doc>Returns the given values which can then be assigned to a variables.</doc>
<status status="PASS" start="2024-04-09T07:14:40.571491" elapsed="0.000624"/>
</kw>
<kw name="Log" owner="BuiltIn">
<msg time="2024-04-09T07:14:40.572613" level="INFO">{'results': [{'gender': 'male', 'name': {'title': 'Mr', 'first': 'Rasmus', 'last': 'Thomsen'}, 'location': {'street': {'number': 7162, 'name': 'Faaborgvej'}, 'city': 'V.Skerninge', 'state': 'Sjælland', 'country': 'Denmark', 'postcode': 11739, 'coordinates': {'latitude': '-39.0842', 'longitude': '-64.6674'}, 'timezone': {'offset': '-3:30', 'description': 'Newfoundland'}}, 'email': 'rasmus.thomsen@example.com', 'login': {'uuid': 'cf5b2ec0-7905-4826-aa44-76feeb2d1227', 'username': 'crazyfish495', 'password': 'nobody', 'salt': 'DKavIix3', 'md5': '9163f5c19a773a370b8f74c1017e66f4', 'sha1': '47a5fbe55cb71118a961330915f988c39eb34f4f', 'sha256': '66870252466c1da3f08a65f1f339f27d02f39a3278a135c555422b8df68843ff'}, 'dob': {'date': '1968-02-28T01:48:07.379Z', 'age': 56}, 'registered': {'date': '2021-11-01T03:58:52.765Z', 'age': 2}, 'phone': '87180114', 'cell': '96960238', 'id': {'name': 'CPR', 'value': '270268-8149'}, 'picture': {'large': 'https://randomuser.me/api/portraits/men/88.jpg', 'medium': 'https://randomuser.me/api/portraits/med/men/88.jpg', 'thumbnail': 'https://randomuser.me/api/portraits/thumb/men/88.jpg'}, 'nat': 'DK'}], 'info': {'seed': 'fa452390b790d8ed', 'results': 1, 'page': 1, 'version': '1.4'}}</msg>
<arg>${json_data}</arg>
<doc>Logs the given message with the given level.</doc>
<status status="PASS" start="2024-04-09T07:14:40.572446" elapsed="0.000218"/>
</kw>
<kw name="Dictionary Should Contain Key" owner="Collections">
<msg time="2024-04-09T07:14:40.573135" level="INFO">False</msg>
<arg>${json_data}</arg>
<arg>results</arg>
<doc>Fails if ``key`` is not found from ``dictionary``.</doc>
<status status="PASS" start="2024-04-09T07:14:40.572967" elapsed="0.000232"/>
</kw>
<kw name="Should Not Be Empty" owner="BuiltIn">
<msg time="2024-04-09T07:14:40.573817" level="INFO">Length is 2.</msg>
<arg>${json_data}</arg>
<doc>Verifies that the given item is not empty.</doc>
<status status="PASS" start="2024-04-09T07:14:40.573624" elapsed="0.000254"/>
</kw>
<kw name="Create List" owner="BuiltIn">
<msg time="2024-04-09T07:14:40.574392" level="INFO">${expected_keys} = ['gender', 'name', 'location', 'email', 'login']</msg>
<var>${expected_keys}</var>
<arg>gender</arg>
<arg>name</arg>
<arg>location</arg>
<arg>email</arg>
<arg>login</arg>
<doc>Returns a list containing given items.</doc>
<status status="PASS" start="2024-04-09T07:14:40.574235" elapsed="0.000182"/>
</kw>
<for flavor="IN">
<iter>
<kw name="Dictionary Should Contain Key" owner="Collections">
<msg time="2024-04-09T07:14:40.575490" level="INFO">False</msg>
<arg>${json_data['results'][0]}</arg>
<arg>${key}</arg>
<doc>Fails if ``key`` is not found from ``dictionary``.</doc>
<status status="PASS" start="2024-04-09T07:14:40.575032" elapsed="0.000498"/>
</kw>
<kw name="Log" owner="BuiltIn">
<msg time="2024-04-09T07:14:40.576246" level="INFO">{'gender': 'male', 'name': {'title': 'Mr', 'first': 'Rasmus', 'last': 'Thomsen'}, 'location': {'street': {'number': 7162, 'name': 'Faaborgvej'}, 'city': 'V.Skerninge', 'state': 'Sjælland', 'country': 'Denmark', 'postcode': 11739, 'coordinates': {'latitude': '-39.0842', 'longitude': '-64.6674'}, 'timezone': {'offset': '-3:30', 'description': 'Newfoundland'}}, 'email': 'rasmus.thomsen@example.com', 'login': {'uuid': 'cf5b2ec0-7905-4826-aa44-76feeb2d1227', 'username': 'crazyfish495', 'password': 'nobody', 'salt': 'DKavIix3', 'md5': '9163f5c19a773a370b8f74c1017e66f4', 'sha1': '47a5fbe55cb71118a961330915f988c39eb34f4f', 'sha256': '66870252466c1da3f08a65f1f339f27d02f39a3278a135c555422b8df68843ff'}, 'dob': {'date': '1968-02-28T01:48:07.379Z', 'age': 56}, 'registered': {'date': '2021-11-01T03:58:52.765Z', 'age': 2}, 'phone': '87180114', 'cell': '96960238', 'id': {'name': 'CPR', 'value': '270268-8149'}, 'picture': {'large': 'https://randomuser.me/api/portraits/men/88.jpg', 'medium': 'https://randomuser.me/api/portraits/med/men/88.jpg', 'thumbnail': 'https://randomuser.me/api/portraits/thumb/men/88.jpg'}, 'nat': 'DK'}</msg>
<arg>${json_data['results'][0]}</arg>
<doc>Logs the given message with the given level.</doc>
<status status="PASS" start="2024-04-09T07:14:40.575862" elapsed="0.000439"/>
</kw>
<kw name="Log" owner="BuiltIn">
<msg time="2024-04-09T07:14:40.576757" level="INFO">gender</msg>
<arg>${key}</arg>
<doc>Logs the given message with the given level.</doc>
<status status="PASS" start="2024-04-09T07:14:40.576624" elapsed="0.000173"/>
</kw>
<var name="${key}">gender</var>
<status status="PASS" start="2024-04-09T07:14:40.574900" elapsed="0.002125"/>
</iter>
<iter>
<kw name="Dictionary Should Contain Key" owner="Collections">
<msg time="2024-04-09T07:14:40.577741" level="INFO">False</msg>
<arg>${json_data['results'][0]}</arg>
<arg>${key}</arg>
<doc>Fails if ``key`` is not found from ``dictionary``.</doc>
<status status="PASS" start="2024-04-09T07:14:40.577346" elapsed="0.000433"/>
</kw>
<kw name="Log" owner="BuiltIn">
<msg time="2024-04-09T07:14:40.578485" level="INFO">{'gender': 'male', 'name': {'title': 'Mr', 'first': 'Rasmus', 'last': 'Thomsen'}, 'location': {'street': {'number': 7162, 'name': 'Faaborgvej'}, 'city': 'V.Skerninge', 'state': 'Sjælland', 'country': 'Denmark', 'postcode': 11739, 'coordinates': {'latitude': '-39.0842', 'longitude': '-64.6674'}, 'timezone': {'offset': '-3:30', 'description': 'Newfoundland'}}, 'email': 'rasmus.thomsen@example.com', 'login': {'uuid': 'cf5b2ec0-7905-4826-aa44-76feeb2d1227', 'username': 'crazyfish495', 'password': 'nobody', 'salt': 'DKavIix3', 'md5': '9163f5c19a773a370b8f74c1017e66f4', 'sha1': '47a5fbe55cb71118a961330915f988c39eb34f4f', 'sha256': '66870252466c1da3f08a65f1f339f27d02f39a3278a135c555422b8df68843ff'}, 'dob': {'date': '1968-02-28T01:48:07.379Z', 'age': 56}, 'registered': {'date': '2021-11-01T03:58:52.765Z', 'age': 2}, 'phone': '87180114', 'cell': '96960238', 'id': {'name': 'CPR', 'value': '270268-8149'}, 'picture': {'large': 'https://randomuser.me/api/portraits/men/88.jpg', 'medium': 'https://randomuser.me/api/portraits/med/men/88.jpg', 'thumbnail': 'https://randomuser.me/api/portraits/thumb/men/88.jpg'}, 'nat': 'DK'}</msg>
<arg>${json_data['results'][0]}</arg>
<doc>Logs the given message with the given level.</doc>
<status status="PASS" start="2024-04-09T07:14:40.578118" elapsed="0.000417"/>
</kw>
<kw name="Log" owner="BuiltIn">
<msg time="2024-04-09T07:14:40.578986" level="INFO">name</msg>
<arg>${key}</arg>
<doc>Logs the given message with the given level.</doc>
<status status="PASS" start="2024-04-09T07:14:40.578853" elapsed="0.000170"/>
</kw>
<var name="${key}">name</var>
<status status="PASS" start="2024-04-09T07:14:40.577228" elapsed="0.002068"/>
</iter>
<iter>
<kw name="Dictionary Should Contain Key" owner="Collections">
<msg time="2024-04-09T07:14:40.580010" level="INFO">False</msg>
<arg>${json_data['results'][0]}</arg>
<arg>${key}</arg>
<doc>Fails if ``key`` is not found from ``dictionary``.</doc>
<status status="PASS" start="2024-04-09T07:14:40.579631" elapsed="0.000417"/>
</kw>
<kw name="Log" owner="BuiltIn">
<msg time="2024-04-09T07:14:40.580729" level="INFO">{'gender': 'male', 'name': {'title': 'Mr', 'first': 'Rasmus', 'last': 'Thomsen'}, 'location': {'street': {'number': 7162, 'name': 'Faaborgvej'}, 'city': 'V.Skerninge', 'state': 'Sjælland', 'country': 'Denmark', 'postcode': 11739, 'coordinates': {'latitude': '-39.0842', 'longitude': '-64.6674'}, 'timezone': {'offset': '-3:30', 'description': 'Newfoundland'}}, 'email': 'rasmus.thomsen@example.com', 'login': {'uuid': 'cf5b2ec0-7905-4826-aa44-76feeb2d1227', 'username': 'crazyfish495', 'password': 'nobody', 'salt': 'DKavIix3', 'md5': '9163f5c19a773a370b8f74c1017e66f4', 'sha1': '47a5fbe55cb71118a961330915f988c39eb34f4f', 'sha256': '66870252466c1da3f08a65f1f339f27d02f39a3278a135c555422b8df68843ff'}, 'dob': {'date': '1968-02-28T01:48:07.379Z', 'age': 56}, 'registered': {'date': '2021-11-01T03:58:52.765Z', 'age': 2}, 'phone': '87180114', 'cell': '96960238', 'id': {'name': 'CPR', 'value': '270268-8149'}, 'picture': {'large': 'https://randomuser.me/api/portraits/men/88.jpg', 'medium': 'https://randomuser.me/api/portraits/med/men/88.jpg', 'thumbnail': 'https://randomuser.me/api/portraits/thumb/men/88.jpg'}, 'nat': 'DK'}</msg>
<arg>${json_data['results'][0]}</arg>
<doc>Logs the given message with the given level.</doc>
<status status="PASS" start="2024-04-09T07:14:40.580357" elapsed="0.000428"/>
</kw>
<kw name="Log" owner="BuiltIn">
<msg time="2024-04-09T07:14:40.581214" level="INFO">location</msg>
<arg>${key}</arg>
<doc>Logs the given message with the given level.</doc>
<status status="PASS" start="2024-04-09T07:14:40.581088" elapsed="0.000165"/>
</kw>
<var name="${key}">location</var>
<status status="PASS" start="2024-04-09T07:14:40.579516" elapsed="0.001955"/>
</iter>
<iter>
<kw name="Dictionary Should Contain Key" owner="Collections">
<msg time="2024-04-09T07:14:40.582144" level="INFO">False</msg>
<arg>${json_data['results'][0]}</arg>
<arg>${key}</arg>
<doc>Fails if ``key`` is not found from ``dictionary``.</doc>
<status status="PASS" start="2024-04-09T07:14:40.581758" elapsed="0.000425"/>
</kw>
<kw name="Log" owner="BuiltIn">
<msg time="2024-04-09T07:14:40.582861" level="INFO">{'gender': 'male', 'name': {'title': 'Mr', 'first': 'Rasmus', 'last': 'Thomsen'}, 'location': {'street': {'number': 7162, 'name': 'Faaborgvej'}, 'city': 'V.Skerninge', 'state': 'Sjælland', 'country': 'Denmark', 'postcode': 11739, 'coordinates': {'latitude': '-39.0842', 'longitude': '-64.6674'}, 'timezone': {'offset': '-3:30', 'description': 'Newfoundland'}}, 'email': 'rasmus.thomsen@example.com', 'login': {'uuid': 'cf5b2ec0-7905-4826-aa44-76feeb2d1227', 'username': 'crazyfish495', 'password': 'nobody', 'salt': 'DKavIix3', 'md5': '9163f5c19a773a370b8f74c1017e66f4', 'sha1': '47a5fbe55cb71118a961330915f988c39eb34f4f', 'sha256': '66870252466c1da3f08a65f1f339f27d02f39a3278a135c555422b8df68843ff'}, 'dob': {'date': '1968-02-28T01:48:07.379Z', 'age': 56}, 'registered': {'date': '2021-11-01T03:58:52.765Z', 'age': 2}, 'phone': '87180114', 'cell': '96960238', 'id': {'name': 'CPR', 'value': '270268-8149'}, 'picture': {'large': 'https://randomuser.me/api/portraits/men/88.jpg', 'medium': 'https://randomuser.me/api/portraits/med/men/88.jpg', 'thumbnail': 'https://randomuser.me/api/portraits/thumb/men/88.jpg'}, 'nat': 'DK'}</msg>
<arg>${json_data['results'][0]}</arg>
<doc>Logs the given message with the given level.</doc>
<status status="PASS" start="2024-04-09T07:14:40.582489" elapsed="0.000423"/>
</kw>
<kw name="Log" owner="BuiltIn">
<msg time="2024-04-09T07:14:40.583387" level="INFO">email</msg>
<arg>${key}</arg>
<doc>Logs the given message with the given level.</doc>
<status status="PASS" start="2024-04-09T07:14:40.583251" elapsed="0.000174"/>
</kw>
<var name="${key}">email</var>
<status status="PASS" start="2024-04-09T07:14:40.581647" elapsed="0.002000"/>
</iter>
<iter>
<kw name="Dictionary Should Contain Key" owner="Collections">
<msg time="2024-04-09T07:14:40.584312" level="INFO">False</msg>
<arg>${json_data['results'][0]}</arg>
<arg>${key}</arg>
<doc>Fails if ``key`` is not found from ``dictionary``.</doc>
<status status="PASS" start="2024-04-09T07:14:40.583935" elapsed="0.000415"/>
</kw>
<kw name="Log" owner="BuiltIn">
<msg time="2024-04-09T07:14:40.585114" level="INFO">{'gender': 'male', 'name': {'title': 'Mr', 'first': 'Rasmus', 'last': 'Thomsen'}, 'location': {'street': {'number': 7162, 'name': 'Faaborgvej'}, 'city': 'V.Skerninge', 'state': 'Sjælland', 'country': 'Denmark', 'postcode': 11739, 'coordinates': {'latitude': '-39.0842', 'longitude': '-64.6674'}, 'timezone': {'offset': '-3:30', 'description': 'Newfoundland'}}, 'email': 'rasmus.thomsen@example.com', 'login': {'uuid': 'cf5b2ec0-7905-4826-aa44-76feeb2d1227', 'username': 'crazyfish495', 'password': 'nobody', 'salt': 'DKavIix3', 'md5': '9163f5c19a773a370b8f74c1017e66f4', 'sha1': '47a5fbe55cb71118a961330915f988c39eb34f4f', 'sha256': '66870252466c1da3f08a65f1f339f27d02f39a3278a135c555422b8df68843ff'}, 'dob': {'date': '1968-02-28T01:48:07.379Z', 'age': 56}, 'registered': {'date': '2021-11-01T03:58:52.765Z', 'age': 2}, 'phone': '87180114', 'cell': '96960238', 'id': {'name': 'CPR', 'value': '270268-8149'}, 'picture': {'large': 'https://randomuser.me/api/portraits/men/88.jpg', 'medium': 'https://randomuser.me/api/portraits/med/men/88.jpg', 'thumbnail': 'https://randomuser.me/api/portraits/thumb/men/88.jpg'}, 'nat': 'DK'}</msg>
<arg>${json_data['results'][0]}</arg>
<doc>Logs the given message with the given level.</doc>
<status status="PASS" start="2024-04-09T07:14:40.584690" elapsed="0.000483"/>
</kw>
<kw name="Log" owner="BuiltIn">
<msg time="2024-04-09T07:14:40.585640" level="INFO">login</msg>
<arg>${key}</arg>
<doc>Logs the given message with the given level.</doc>
<status status="PASS" start="2024-04-09T07:14:40.585512" elapsed="0.000172"/>
</kw>
<var name="${key}">login</var>
<status status="PASS" start="2024-04-09T07:14:40.583823" elapsed="0.002086"/>
</iter>
<var>${key}</var>
<value>@{expected_keys}</value>
<status status="PASS" start="2024-04-09T07:14:40.574693" elapsed="0.011342"/>
</for>
<kw name="Create List" owner="BuiltIn">
<msg time="2024-04-09T07:14:40.586430" level="INFO">${expected_keysTwo} = ['username', 'password']</msg>
<var>${expected_keysTwo}</var>
<arg>username</arg>
<arg>password</arg>
<doc>Returns a list containing given items.</doc>
<status status="PASS" start="2024-04-09T07:14:40.586282" elapsed="0.000172"/>
</kw>
<for flavor="IN">
<iter>
<kw name="Dictionary Should Contain Key" owner="Collections">
<msg time="2024-04-09T07:14:40.587597" level="INFO">False</msg>
<arg>${json_data['results'][0]['login']}</arg>
<arg>${keyTwo}</arg>
<doc>Fails if ``key`` is not found from ``dictionary``.</doc>
<status status="PASS" start="2024-04-09T07:14:40.587125" elapsed="0.000512"/>
</kw>
<kw name="Dictionary Should Contain Key" owner="Collections">
<msg time="2024-04-09T07:14:40.588330" level="INFO">False</msg>
<arg>${json_data['results'][0]['login']}</arg>
<arg>${keyTwo}</arg>
<doc>Fails if ``key`` is not found from ``dictionary``.</doc>
<status status="PASS" start="2024-04-09T07:14:40.587941" elapsed="0.000427"/>
</kw>
<kw name="Log" owner="BuiltIn">
<msg time="2024-04-09T07:14:40.588802" level="INFO">username</msg>
<arg>${keyTwo}</arg>
<doc>Logs the given message with the given level.</doc>
<status status="PASS" start="2024-04-09T07:14:40.588670" elapsed="0.000170"/>
</kw>
<var name="${keyTwo}">username</var>
<status status="PASS" start="2024-04-09T07:14:40.587012" elapsed="0.002047"/>
</iter>
<iter>
<kw name="Dictionary Should Contain Key" owner="Collections">
<msg time="2024-04-09T07:14:40.589770" level="INFO">False</msg>
<arg>${json_data['results'][0]['login']}</arg>
<arg>${keyTwo}</arg>
<doc>Fails if ``key`` is not found from ``dictionary``.</doc>
<status status="PASS" start="2024-04-09T07:14:40.589364" elapsed="0.000446"/>
</kw>
<kw name="Dictionary Should Contain Key" owner="Collections">
<msg time="2024-04-09T07:14:40.590482" level="INFO">False</msg>
<arg>${json_data['results'][0]['login']}</arg>
<arg>${keyTwo}</arg>
<doc>Fails if ``key`` is not found from ``dictionary``.</doc>
<status status="PASS" start="2024-04-09T07:14:40.590104" elapsed="0.000416"/>
</kw>
<kw name="Log" owner="BuiltIn">
<msg time="2024-04-09T07:14:40.590995" level="INFO">password</msg>
<arg>${keyTwo}</arg>
<doc>Logs the given message with the given level.</doc>
<status status="PASS" start="2024-04-09T07:14:40.590864" elapsed="0.000170"/>
</kw>
<var name="${keyTwo}">password</var>
<status status="PASS" start="2024-04-09T07:14:40.589241" elapsed="0.002050"/>
</iter>
<var>${keyTwo}</var>
<value>@{expected_keysTwo}</value>
<status status="PASS" start="2024-04-09T07:14:40.586707" elapsed="0.004711"/>
</for>
<status status="PASS" start="2024-04-09T07:14:40.518861" elapsed="0.072711"/>
</kw>
<doc>Testa a estrutura da resposta da API.</doc>
<tag>testeEstruturaResposta</tag>
<status status="PASS" start="2024-04-09T07:14:40.518000" elapsed="0.073743"/>
</test>
<test id="s1-s1-t4" name="Validar tipos de dados" line="28">
<kw name="Teste de Tipos de Dados" owner="random-user-service">
<kw name="GET On Session" owner="RequestsLibrary">
<msg time="2024-04-09T07:14:40.677128" level="INFO">GET Request : url=https://randomuser.me/api 
 path_url=/api 
 headers={'User-Agent': 'python-requests/2.31.0', 'Accept-Encoding': 'gzip, deflate', 'Accept': '*/*', 'Connection': 'keep-alive'} 
 body=None 
 </msg>
<msg time="2024-04-09T07:14:40.677265" level="INFO">GET Response : url=https://randomuser.me/api 
 status=200, reason=OK 
 headers={'Date': 'Tue, 09 Apr 2024 07:14:40 GMT', 'Content-Type': 'application/json; charset=utf-8', 'Transfer-Encoding': 'chunked', 'Connection': 'keep-alive', 'X-Powered-By': 'Express', 'Access-Control-Allow-Origin': '*', 'Cache-Control': 'no-cache', 'ETag': 'W/"4ad-+txATRSg4mUo15X/G4+s+OzmX8g"', 'Vary': 'Accept-Encoding', 'Content-Encoding': 'gzip', 'CF-Cache-Status': 'DYNAMIC', 'Report-To': '{"endpoints":[{"url":"https:\\/\\/a.nel.cloudflare.com\\/report\\/v4?s=5SaUjU6%2BNQsQ4Yn7bXRATHwJs7SunYgqrqF5RkbUUhNIx13zgYiPGmvSQhJV65eymOw7nlOIiG4sRX7DUQrD0QRm4NnUAhJropGgI07pEI726gzT066nmTNCxnr7oEP5"}],"group":"cf-nel","max_age":604800}', 'NEL': '{"success_fraction":0,"report_to":"cf-nel","max_age":604800}', 'Server': 'cloudflare', 'CF-RAY': '8718b39bbecd572e-IAD', 'alt-svc': 'h3=":443"; ma=86400'} 
 body={"results":[{"gender":"female","name":{"title":"Mrs","first":"Lucile","last":"Masson"},"location":{"street":{"number":1993,"name":"Avenue du Fort-Caire"},"city":"Boulogne-Billancourt","state":"Saône-et-Loire","country":"France","postcode":73668,"coordinates":{"latitude":"-17.4467","longitude":"119.3705"},"timezone":{"offset":"-11:00","description":"Midway Island, Samoa"}},"email":"lucile.masson@example.com","login":{"uuid":"aa60312d-b498-44b9-8678-a527308d0fbc","username":"orangemouse424","password":"homerj","salt":"rIGsTMHz","md5":"4d699bffa5b0331e2cca3c476714af24","sha1":"c75786b695136c98373010dddf39f6cc07d4060a","sha256":"9c693ef5826942dd62fbd91fbc7fc3657f56cfc274364563aaa2e09f5ec7518e"},"dob":{"date":"1954-11-20T23:18:45.023Z","age":69},"registered":{"date":"2011-04-25T17:57:19.776Z","age":12},"phone":"01-58-09-77-56","cell":"06-01-63-07-67","id":{"name":"INSEE","value":"2541010223786 47"},"picture":{"large":"https://randomuser.me/api/portraits/women/22.jpg","medium":"https://randomuser.me/api/portraits/med/women/22.jpg","thumbnail":"https://randomuser.me/api/portraits/thumb/women/22.jpg"},"nat":"FR"}],"info":{"seed":"5e425ae3ecc4f5ba","results":1,"page":1,"version":"1.4"}} 
 </msg>
<msg time="2024-04-09T07:14:40.677342" level="INFO">/opt/hostedtoolcache/Python/3.12.2/x64/lib/python3.12/site-packages/urllib3/connectionpool.py:1103: InsecureRequestWarning: Unverified HTTPS request is being made to host 'randomuser.me'. Adding certificate verification is strongly advised. See: https://urllib3.readthedocs.io/en/latest/advanced-usage.html#tls-warnings
  warnings.warn(</msg>
<msg time="2024-04-09T07:14:40.677477" level="INFO">${response} = &lt;Response [200]&gt;</msg>
<var>${response}</var>
<arg>consultarAPI</arg>
<arg>/api</arg>
<doc>Sends a GET request on a previously created HTTP Session.</doc>
<status status="PASS" start="2024-04-09T07:14:40.594377" elapsed="0.083138"/>
</kw>
<kw name="Set Variable" owner="BuiltIn">
<msg time="2024-04-09T07:14:40.678716" level="INFO">${json_data} = {'results': [{'gender': 'female', 'name': {'title': 'Mrs', 'first': 'Lucile', 'last': 'Masson'}, 'location': {'street': {'number': 1993, 'name': 'Avenue du Fort-Caire'}, 'city': 'Boulogne-Billancourt'...</msg>
<var>${json_data}</var>
<arg>${response.json()}</arg>
<doc>Returns the given values which can then be assigned to a variables.</doc>
<status status="PASS" start="2024-04-09T07:14:40.678158" elapsed="0.000587"/>
</kw>
<kw name="Log" owner="BuiltIn">
<msg time="2024-04-09T07:14:40.679286" level="INFO">{'results': [{'gender': 'female', 'name': {'title': 'Mrs', 'first': 'Lucile', 'last': 'Masson'}, 'location': {'street': {'number': 1993, 'name': 'Avenue du Fort-Caire'}, 'city': 'Boulogne-Billancourt', 'state': 'Saône-et-Loire', 'country': 'France', 'postcode': 73668, 'coordinates': {'latitude': '-17.4467', 'longitude': '119.3705'}, 'timezone': {'offset': '-11:00', 'description': 'Midway Island, Samoa'}}, 'email': 'lucile.masson@example.com', 'login': {'uuid': 'aa60312d-b498-44b9-8678-a527308d0fbc', 'username': 'orangemouse424', 'password': 'homerj', 'salt': 'rIGsTMHz', 'md5': '4d699bffa5b0331e2cca3c476714af24', 'sha1': 'c75786b695136c98373010dddf39f6cc07d4060a', 'sha256': '9c693ef5826942dd62fbd91fbc7fc3657f56cfc274364563aaa2e09f5ec7518e'}, 'dob': {'date': '1954-11-20T23:18:45.023Z', 'age': 69}, 'registered': {'date': '2011-04-25T17:57:19.776Z', 'age': 12}, 'phone': '01-58-09-77-56', 'cell': '06-01-63-07-67', 'id': {'name': 'INSEE', 'value': '2541010223786 47'}, 'picture': {'large': 'https://randomuser.me/api/portraits/women/22.jpg', 'medium': 'https://randomuser.me/api/portraits/med/women/22.jpg', 'thumbnail': 'https://randomuser.me/api/portraits/thumb/women/22.jpg'}, 'nat': 'FR'}], 'info': {'seed': '5e425ae3ecc4f5ba', 'results': 1, 'page': 1, 'version': '1.4'}}</msg>
<arg>${json_data}</arg>
<doc>Logs the given message with the given level.</doc>
<status status="PASS" start="2024-04-09T07:14:40.679074" elapsed="0.000315"/>
</kw>
<kw name="Should Be String" owner="String">
<arg>${json_data['results'][0]['gender']}</arg>
<doc>Fails if the given ``item`` is not a string.</doc>
<status status="PASS" start="2024-04-09T07:14:40.679715" elapsed="0.000372"/>
</kw>
<kw name="Should Match Regexp" owner="BuiltIn">
<arg>${json_data['results'][0]['email']}</arg>
<arg>^[a-zA-Z0-9._%+-]+@[a-zA-Z0-9.-]+\.[a-zA-Z]{2,}$</arg>
<doc>Fails if ``string`` does not match ``pattern`` as a regular expression.</doc>
<status status="PASS" start="2024-04-09T07:14:40.680281" elapsed="0.000518"/>
</kw>
<kw name="Should Match Regexp" owner="BuiltIn">
<arg>${json_data['results'][0]['dob']['date']}</arg>
<arg>\\d{4}-\\d{2}-\\d{2}T\\d{2}:\\d{2}:\\d{2}\\.\\d{3}Z</arg>
<doc>Fails if ``string`` does not match ``pattern`` as a regular expression.</doc>
<status status="PASS" start="2024-04-09T07:14:40.680996" elapsed="0.000512"/>
</kw>
<kw name="Should Match Regexp" owner="BuiltIn">
<arg>${json_data['results'][0]['registered']['date']}</arg>
<arg>\\d{4}-\\d{2}-\\d{2}T\\d{2}:\\d{2}:\\d{2}\\.\\d{3}Z</arg>
<doc>Fails if ``string`` does not match ``pattern`` as a regular expression.</doc>
<status status="PASS" start="2024-04-09T07:14:40.681709" elapsed="0.000381"/>
</kw>
<kw name="Should Match Regexp" owner="BuiltIn">
<arg>${json_data['results'][0]['picture']['large']}</arg>
<arg>^https?://.*\.(?:png|jpe?g|gif|bmp)$</arg>
<doc>Fails if ``string`` does not match ``pattern`` as a regular expression.</doc>
<status status="PASS" start="2024-04-09T07:14:40.682281" elapsed="0.000462"/>
</kw>
<kw name="Should Match Regexp" owner="BuiltIn">
<arg>${json_data['results'][0]['picture']['medium']}</arg>
<arg>^https?://.*\.(?:png|jpe?g|gif|bmp)$</arg>
<doc>Fails if ``string`` does not match ``pattern`` as a regular expression.</doc>
<status status="PASS" start="2024-04-09T07:14:40.682936" elapsed="0.000400"/>
</kw>
<kw name="Should Match Regexp" owner="BuiltIn">
<arg>${json_data['results'][0]['picture']['thumbnail']}</arg>
<arg>^https?://.*\.(?:png|jpe?g|gif|bmp)$</arg>
<doc>Fails if ``string`` does not match ``pattern`` as a regular expression.</doc>
<status status="PASS" start="2024-04-09T07:14:40.683529" elapsed="0.000359"/>
</kw>
<kw name="Log" owner="BuiltIn">
<msg time="2024-04-09T07:14:40.684395" level="INFO">{'large': 'https://randomuser.me/api/portraits/women/22.jpg', 'medium': 'https://randomuser.me/api/portraits/med/women/22.jpg', 'thumbnail': 'https://randomuser.me/api/portraits/thumb/women/22.jpg'}</msg>
<arg>${json_data['results'][0]['picture']}</arg>
<doc>Logs the given message with the given level.</doc>
<status status="PASS" start="2024-04-09T07:14:40.684071" elapsed="0.000366"/>
</kw>
<status status="PASS" start="2024-04-09T07:14:40.594130" elapsed="0.090594"/>
</kw>
<kw name="Teste de Tipos de Dados - Postcode" owner="random-user-service">
<kw name="GET On Session" owner="RequestsLibrary">
<msg time="2024-04-09T07:14:40.771549" level="INFO">GET Request : url=https://randomuser.me/api 
 path_url=/api 
 headers={'User-Agent': 'python-requests/2.31.0', 'Accept-Encoding': 'gzip, deflate', 'Accept': '*/*', 'Connection': 'keep-alive'} 
 body=None 
 </msg>
<msg time="2024-04-09T07:14:40.771665" level="INFO">GET Response : url=https://randomuser.me/api 
 status=200, reason=OK 
 headers={'Date': 'Tue, 09 Apr 2024 07:14:40 GMT', 'Content-Type': 'application/json; charset=utf-8', 'Transfer-Encoding': 'chunked', 'Connection': 'keep-alive', 'X-Powered-By': 'Express', 'Access-Control-Allow-Origin': '*', 'Cache-Control': 'no-cache', 'ETag': 'W/"492-+3x3LeW6t7L9l+oJQhwhT1+9FXY"', 'Vary': 'Accept-Encoding', 'Content-Encoding': 'gzip', 'CF-Cache-Status': 'DYNAMIC', 'Report-To': '{"endpoints":[{"url":"https:\\/\\/a.nel.cloudflare.com\\/report\\/v4?s=UYvkAJGVihSjBDFM6CRlExxX2ZCgcLJlulaxcBT%2BwNkN1FvvqyAmS1OGm8kcyKsVaNmVuz0dwC%2Fdz6%2B2csty9USgx0MlouzSIP1dRW5nRv1n4zX4e56LZNDxoZ01sAKx"}],"group":"cf-nel","max_age":604800}', 'NEL': '{"success_fraction":0,"report_to":"cf-nel","max_age":604800}', 'Server': 'cloudflare', 'CF-RAY': '8718b39c4f1d572e-IAD', 'alt-svc': 'h3=":443"; ma=86400'} 
 body={"results":[{"gender":"female","name":{"title":"Ms","first":"Montserrat","last":"Muñoz"},"location":{"street":{"number":4087,"name":"Avenida de Castilla"},"city":"Vitoria","state":"Cantabria","country":"Spain","postcode":66184,"coordinates":{"latitude":"-34.1341","longitude":"90.2895"},"timezone":{"offset":"-11:00","description":"Midway Island, Samoa"}},"email":"montserrat.munoz@example.com","login":{"uuid":"b9a061f3-962f-494f-a2a5-b7b036535d71","username":"greenpeacock549","password":"obsidian","salt":"yl7Ks93k","md5":"ccd6ab4d1c5bc2530e8027e3a46cfb9e","sha1":"e83025c5d52b9e11190c331a0351a981b89eb388","sha256":"d587f6fb1a9be162c2891090db8a5c45fbad2b21c546d7d5bf7bc935532543f7"},"dob":{"date":"1984-03-27T01:10:20.021Z","age":40},"registered":{"date":"2002-09-06T01:38:16.050Z","age":21},"phone":"943-238-416","cell":"624-832-090","id":{"name":"DNI","value":"47314927-L"},"picture":{"large":"https://randomuser.me/api/portraits/women/22.jpg","medium":"https://randomuser.me/api/portraits/med/women/22.jpg","thumbnail":"https://randomuser.me/api/portraits/thumb/women/22.jpg"},"nat":"ES"}],"info":{"seed":"ce99705d2a7e51be","results":1,"page":1,"version":"1.4"}} 
 </msg>
<msg time="2024-04-09T07:14:40.771773" level="INFO">/opt/hostedtoolcache/Python/3.12.2/x64/lib/python3.12/site-packages/urllib3/connectionpool.py:1103: InsecureRequestWarning: Unverified HTTPS request is being made to host 'randomuser.me'. Adding certificate verification is strongly advised. See: https://urllib3.readthedocs.io/en/latest/advanced-usage.html#tls-warnings
  warnings.warn(</msg>
<msg time="2024-04-09T07:14:40.771929" level="INFO">${response} = &lt;Response [200]&gt;</msg>
<var>${response}</var>
<arg>consultarAPI</arg>
<arg>/api</arg>
<doc>Sends a GET request on a previously created HTTP Session.</doc>
<status status="PASS" start="2024-04-09T07:14:40.685222" elapsed="0.086748"/>
</kw>
<kw name="Set Variable" owner="BuiltIn">
<msg time="2024-04-09T07:14:40.773211" level="INFO">${json_data} = {'results': [{'gender': 'female', 'name': {'title': 'Ms', 'first': 'Montserrat', 'last': 'Muñoz'}, 'location': {'street': {'number': 4087, 'name': 'Avenida de Castilla'}, 'city': 'Vitoria', 'state': '...</msg>
<var>${json_data}</var>
<arg>${response.json()}</arg>
<doc>Returns the given values which can then be assigned to a variables.</doc>
<status status="PASS" start="2024-04-09T07:14:40.772649" elapsed="0.000591"/>
</kw>
<kw name="Log" owner="BuiltIn">
<msg time="2024-04-09T07:14:40.773728" level="INFO">{'results': [{'gender': 'female', 'name': {'title': 'Ms', 'first': 'Montserrat', 'last': 'Muñoz'}, 'location': {'street': {'number': 4087, 'name': 'Avenida de Castilla'}, 'city': 'Vitoria', 'state': 'Cantabria', 'country': 'Spain', 'postcode': 66184, 'coordinates': {'latitude': '-34.1341', 'longitude': '90.2895'}, 'timezone': {'offset': '-11:00', 'description': 'Midway Island, Samoa'}}, 'email': 'montserrat.munoz@example.com', 'login': {'uuid': 'b9a061f3-962f-494f-a2a5-b7b036535d71', 'username': 'greenpeacock549', 'password': 'obsidian', 'salt': 'yl7Ks93k', 'md5': 'ccd6ab4d1c5bc2530e8027e3a46cfb9e', 'sha1': 'e83025c5d52b9e11190c331a0351a981b89eb388', 'sha256': 'd587f6fb1a9be162c2891090db8a5c45fbad2b21c546d7d5bf7bc935532543f7'}, 'dob': {'date': '1984-03-27T01:10:20.021Z', 'age': 40}, 'registered': {'date': '2002-09-06T01:38:16.050Z', 'age': 21}, 'phone': '943-238-416', 'cell': '624-832-090', 'id': {'name': 'DNI', 'value': '47314927-L'}, 'picture': {'large': 'https://randomuser.me/api/portraits/women/22.jpg', 'medium': 'https://randomuser.me/api/portraits/med/women/22.jpg', 'thumbnail': 'https://randomuser.me/api/portraits/thumb/women/22.jpg'}, 'nat': 'ES'}], 'info': {'seed': 'ce99705d2a7e51be', 'results': 1, 'page': 1, 'version': '1.4'}}</msg>
<arg>${json_data}</arg>
<doc>Logs the given message with the given level.</doc>
<status status="PASS" start="2024-04-09T07:14:40.773563" elapsed="0.000250"/>
</kw>
<kw name="Should Be Equal As Numbers" owner="BuiltIn">
<arg>${json_data['results'][0]['location']['postcode']}</arg>
<arg>${json_data['results'][0]['location']['postcode']}</arg>
<doc>Fails if objects are unequal after converting them to real numbers.</doc>
<status status="PASS" start="2024-04-09T07:14:40.774124" elapsed="0.000651"/>
</kw>
<kw name="Log" owner="BuiltIn">
<msg time="2024-04-09T07:14:40.775347" level="INFO">66184</msg>
<arg>${json_data['results'][0]['location']['postcode']}</arg>
<doc>Logs the given message with the given level.</doc>
<status status="PASS" start="2024-04-09T07:14:40.774972" elapsed="0.000416"/>
</kw>
<status status="PASS" start="2024-04-09T07:14:40.684969" elapsed="0.090683"/>
</kw>
<doc>Testa se os tipos de dados na resposta da API estão corretos.</doc>
<tag>testeTiposDados</tag>
<status status="PASS" start="2024-04-09T07:14:40.593549" elapsed="0.182280"/>
</test>
<test id="s1-s1-t5" name="Validar conteudo" line="35">
<kw name="Teste de Tipos de Conteudo" owner="random-user-service">
<kw name="GET On Session" owner="RequestsLibrary">
<msg time="2024-04-09T07:14:40.873128" level="INFO">GET Request : url=https://randomuser.me/api 
 path_url=/api 
 headers={'User-Agent': 'python-requests/2.31.0', 'Accept-Encoding': 'gzip, deflate', 'Accept': '*/*', 'Connection': 'keep-alive'} 
 body=None 
 </msg>
<msg time="2024-04-09T07:14:40.873245" level="INFO">GET Response : url=https://randomuser.me/api 
 status=200, reason=OK 
 headers={'Date': 'Tue, 09 Apr 2024 07:14:40 GMT', 'Content-Type': 'application/json; charset=utf-8', 'Transfer-Encoding': 'chunked', 'Connection': 'keep-alive', 'X-Powered-By': 'Express', 'Access-Control-Allow-Origin': '*', 'Cache-Control': 'no-cache', 'ETag': 'W/"498-qcMxHw1sGj8wWOAze6UtaEq2ZyA"', 'Vary': 'Accept-Encoding', 'Content-Encoding': 'gzip', 'CF-Cache-Status': 'DYNAMIC', 'Report-To': '{"endpoints":[{"url":"https:\\/\\/a.nel.cloudflare.com\\/report\\/v4?s=7VqcsPJwR8PNIFxE8DLKERUOTx5IYhSJQX7AVrxHcMnrTnfVpOQ3ex8KUKC3H0yFJwaXPCTAaYX7zS8qrkTwUj6RjlYeu4%2FX0nNBiQvAKfZ6EuC46kEF4VRPTD%2Buyxnu"}],"group":"cf-nel","max_age":604800}', 'NEL': '{"success_fraction":0,"report_to":"cf-nel","max_age":604800}', 'Server': 'cloudflare', 'CF-RAY': '8718b39cef66572e-IAD', 'alt-svc': 'h3=":443"; ma=86400'} 
 body={"results":[{"gender":"female","name":{"title":"Ms","first":"Augusta","last":"Høiberg"},"location":{"street":{"number":5778,"name":"Smedhaugen"},"city":"Askgrenda","state":"Vestfold","country":"Norway","postcode":"1089","coordinates":{"latitude":"45.7546","longitude":"122.8036"},"timezone":{"offset":"+5:00","description":"Ekaterinburg, Islamabad, Karachi, Tashkent"}},"email":"augusta.hoiberg@example.com","login":{"uuid":"25ca9c0f-0c31-4914-8a59-c1d3476fb2e9","username":"organicrabbit171","password":"flames","salt":"VnfKfqWP","md5":"df6ca0db1fea6063a68ff679ebcf9f3c","sha1":"4126e20edf7b26fad07106520963fb8a8bf6ec0c","sha256":"59fa052135b7e3262d7660b7ae32d2e023490241947cecfd7eacbcf80fedbc20"},"dob":{"date":"1991-10-04T04:17:09.259Z","age":32},"registered":{"date":"2006-10-29T01:20:21.800Z","age":17},"phone":"54971963","cell":"41852833","id":{"name":"FN","value":"04109119011"},"picture":{"large":"https://randomuser.me/api/portraits/women/24.jpg","medium":"https://randomuser.me/api/portraits/med/women/24.jpg","thumbnail":"https://randomuser.me/api/portraits/thumb/women/24.jpg"},"nat":"NO"}],"info":{"seed":"f8dffec08d2fc2a4","results":1,"page":1,"version":"1.4"}} 
 </msg>
<msg time="2024-04-09T07:14:40.873333" level="INFO">/opt/hostedtoolcache/Python/3.12.2/x64/lib/python3.12/site-packages/urllib3/connectionpool.py:1103: InsecureRequestWarning: Unverified HTTPS request is being made to host 'randomuser.me'. Adding certificate verification is strongly advised. See: https://urllib3.readthedocs.io/en/latest/advanced-usage.html#tls-warnings
  warnings.warn(</msg>
<msg time="2024-04-09T07:14:40.873498" level="INFO">${response} = &lt;Response [200]&gt;</msg>
<var>${response}</var>
<arg>consultarAPI</arg>
<arg>/api</arg>
<doc>Sends a GET request on a previously created HTTP Session.</doc>
<status status="PASS" start="2024-04-09T07:14:40.778784" elapsed="0.094762"/>
</kw>
<kw name="Set Variable" owner="BuiltIn">
<msg time="2024-04-09T07:14:40.874817" level="INFO">${json_data} = {'results': [{'gender': 'female', 'name': {'title': 'Ms', 'first': 'Augusta', 'last': 'Høiberg'}, 'location': {'street': {'number': 5778, 'name': 'Smedhaugen'}, 'city': 'Askgrenda', 'state': 'Vestfold...</msg>
<var>${json_data}</var>
<arg>${response.json()}</arg>
<doc>Returns the given values which can then be assigned to a variables.</doc>
<status status="PASS" start="2024-04-09T07:14:40.874222" elapsed="0.000626"/>
</kw>
<kw name="Set Variable" owner="BuiltIn">
<msg time="2024-04-09T07:14:40.875785" level="INFO">${name_title} = Ms</msg>
<var>${name_title}</var>
<arg>${json_data["results"][0]["name"]["title"]}</arg>
<doc>Returns the given values which can then be assigned to a variables.</doc>
<status status="PASS" start="2024-04-09T07:14:40.875357" elapsed="0.000454"/>
</kw>
<kw name="Create List" owner="BuiltIn">
<msg time="2024-04-09T07:14:40.876270" level="INFO">${allowed_titles} = ['Mr', 'Ms', 'Miss', 'Mrs', 'Madame', 'Monsieur']</msg>
<var>${allowed_titles}</var>
<arg>Mr</arg>
<arg>Ms</arg>
<arg>Miss</arg>
<arg>Mrs</arg>
<arg>Madame</arg>
<arg>Monsieur</arg>
<doc>Returns a list containing given items.</doc>
<status status="PASS" start="2024-04-09T07:14:40.876120" elapsed="0.000174"/>
</kw>
<kw name="List Should Contain Value" owner="Collections">
<msg time="2024-04-09T07:14:40.876781" level="INFO">False</msg>
<arg>${allowed_titles}</arg>
<arg>${name_title}</arg>
<doc>Fails if the ``value`` is not found from ``list``.</doc>
<status status="PASS" start="2024-04-09T07:14:40.876603" elapsed="0.000215"/>
</kw>
<kw name="Set Variable" owner="BuiltIn">
<msg time="2024-04-09T07:14:40.877498" level="INFO">${name_country} = NO</msg>
<var>${name_country}</var>
<arg>${json_data["results"][0]["nat"]}</arg>
<doc>Returns the given values which can then be assigned to a variables.</doc>
<status status="PASS" start="2024-04-09T07:14:40.877112" elapsed="0.000412"/>
</kw>
<kw name="Create List" owner="BuiltIn">
<msg time="2024-04-09T07:14:40.878425" level="INFO">${list_country} = ['AD', 'AE', 'AF', 'AG', 'AI', 'AL', 'AM', 'AO', 'AQ', 'AR', 'AS', 'AT', 'AU', 'AW', 'AX', 'AZ', 'BA', 'BB', 'BD', 'BE', 'BF', 'BG', 'BH', 'BI', 'BJ', 'BL', 'BM', 'BN', 'BO', 'BQ', 'BR', 'BS', 'BT', '...</msg>
<var>${list_country}</var>
<arg>AD</arg>
<arg>AE</arg>
<arg>AF</arg>
<arg>AG</arg>
<arg>AI</arg>
<arg>AL</arg>
<arg>AM</arg>
<arg>AO</arg>
<arg>AQ</arg>
<arg>AR</arg>
<arg>AS</arg>
<arg>AT</arg>
<arg>AU</arg>
<arg>AW</arg>
<arg>AX</arg>
<arg>AZ</arg>
<arg>BA</arg>
<arg>BB</arg>
<arg>BD</arg>
<arg>BE</arg>
<arg>BF</arg>
<arg>BG</arg>
<arg>BH</arg>
<arg>BI</arg>
<arg>BJ</arg>
<arg>BL</arg>
<arg>BM</arg>
<arg>BN</arg>
<arg>BO</arg>
<arg>BQ</arg>
<arg>BR</arg>
<arg>BS</arg>
<arg>BT</arg>
<arg>BV</arg>
<arg>BW</arg>
<arg>BY</arg>
<arg>BZ</arg>
<arg>CA</arg>
<arg>CC</arg>
<arg>CD</arg>
<arg>CF</arg>
<arg>CG</arg>
<arg>CH</arg>
<arg>CI</arg>
<arg>CK</arg>
<arg>CL</arg>
<arg>CM</arg>
<arg>CN</arg>
<arg>CO</arg>
<arg>CR</arg>
<arg>CU</arg>
<arg>CV</arg>
<arg>CW</arg>
<arg>CX</arg>
<arg>CY</arg>
<arg>CZ</arg>
<arg>DE</arg>
<arg>DJ</arg>
<arg>DK</arg>
<arg>DM</arg>
<arg>DO</arg>
<arg>DZ</arg>
<arg>EC</arg>
<arg>EE</arg>
<arg>EG</arg>
<arg>EH</arg>
<arg>ER</arg>
<arg>ES</arg>
<arg>ET</arg>
<arg>FI</arg>
<arg>FJ</arg>
<arg>FK</arg>
<arg>FM</arg>
<arg>FO</arg>
<arg>FR</arg>
<arg>GA</arg>
<arg>GB</arg>
<arg>GD</arg>
<arg>GE</arg>
<arg>GF</arg>
<arg>GG</arg>
<arg>GH</arg>
<arg>GI</arg>
<arg>GL</arg>
<arg>GM</arg>
<arg>GN</arg>
<arg>GP</arg>
<arg>GQ</arg>
<arg>GR</arg>
<arg>GS</arg>
<arg>GT</arg>
<arg>GU</arg>
<arg>GW</arg>
<arg>GY</arg>
<arg>HK</arg>
<arg>HM</arg>
<arg>HN</arg>
<arg>HR</arg>
<arg>HT</arg>
<arg>HU</arg>
<arg>ID</arg>
<arg>IE</arg>
<arg>IL</arg>
<arg>IM</arg>
<arg>IN</arg>
<arg>IO</arg>
<arg>IQ</arg>
<arg>IR</arg>
<arg>IS</arg>
<arg>IT</arg>
<arg>JE</arg>
<arg>JM</arg>
<arg>JO</arg>
<arg>JP</arg>
<arg>KE</arg>
<arg>KG</arg>
<arg>KH</arg>
<arg>KI</arg>
<arg>KM</arg>
<arg>KN</arg>
<arg>KP</arg>
<arg>KR</arg>
<arg>KW</arg>
<arg>KY</arg>
<arg>KZ</arg>
<arg>LA</arg>
<arg>LB</arg>
<arg>LC</arg>
<arg>LI</arg>
<arg>LK</arg>
<arg>LR</arg>
<arg>LS</arg>
<arg>LT</arg>
<arg>LU</arg>
<arg>LV</arg>
<arg>LY</arg>
<arg>MA</arg>
<arg>MC</arg>
<arg>MD</arg>
<arg>ME</arg>
<arg>MF</arg>
<arg>MG</arg>
<arg>MH</arg>
<arg>MK</arg>
<arg>ML</arg>
<arg>MM</arg>
<arg>MN</arg>
<arg>MO</arg>
<arg>MP</arg>
<arg>MQ</arg>
<arg>MR</arg>
<arg>MS</arg>
<arg>MT</arg>
<arg>MU</arg>
<arg>MV</arg>
<arg>MW</arg>
<arg>MX</arg>
<arg>MY</arg>
<arg>MZ</arg>
<arg>NA</arg>
<arg>NC</arg>
<arg>NE</arg>
<arg>NF</arg>
<arg>NG</arg>
<arg>NI</arg>
<arg>NL</arg>
<arg>NO</arg>
<arg>NP</arg>
<arg>NR</arg>
<arg>NU</arg>
<arg>NZ</arg>
<arg>OM</arg>
<arg>PA</arg>
<arg>PE</arg>
<arg>PF</arg>
<arg>PG</arg>
<arg>PH</arg>
<arg>PK</arg>
<arg>PL</arg>
<arg>PM</arg>
<arg>PN</arg>
<arg>PR</arg>
<arg>PS</arg>
<arg>PT</arg>
<arg>PW</arg>
<arg>PY</arg>
<arg>QA</arg>
<arg>RE</arg>
<arg>RO</arg>
<arg>RS</arg>
<arg>RU</arg>
<arg>RW</arg>
<arg>SA</arg>
<arg>SB</arg>
<arg>SC</arg>
<arg>SD</arg>
<arg>SE</arg>
<arg>SG</arg>
<arg>SH</arg>
<arg>SI</arg>
<arg>SJ</arg>
<arg>SK</arg>
<arg>SL</arg>
<arg>SM</arg>
<arg>SN</arg>
<arg>SO</arg>
<arg>SR</arg>
<arg>SS</arg>
<arg>ST</arg>
<arg>SV</arg>
<arg>SX</arg>
<arg>SY</arg>
<arg>SZ</arg>
<arg>TC</arg>
<arg>TD</arg>
<arg>TF</arg>
<arg>TG</arg>
<arg>TH</arg>
<arg>TJ</arg>
<arg>TK</arg>
<arg>TL</arg>
<arg>TM</arg>
<arg>TN</arg>
<arg>TO</arg>
<arg>TR</arg>
<arg>TT</arg>
<arg>TV</arg>
<arg>TW</arg>
<arg>TZ</arg>
<arg>UA</arg>
<arg>UG</arg>
<arg>UM</arg>
<arg>US</arg>
<arg>UY</arg>
<arg>UZ</arg>
<arg>VA</arg>
<arg>VC</arg>
<arg>VE</arg>
<arg>VG</arg>
<arg>VI</arg>
<arg>VN</arg>
<arg>VU</arg>
<arg>WF</arg>
<arg>WS</arg>
<arg>XK</arg>
<arg>YE</arg>
<arg>YT</arg>
<arg>ZA</arg>
<arg>ZM</arg>
<arg>ZW</arg>
<doc>Returns a list containing given items.</doc>
<status status="PASS" start="2024-04-09T07:14:40.877829" elapsed="0.000622"/>
</kw>
<kw name="List Should Contain Value" owner="Collections">
<msg time="2024-04-09T07:14:40.879503" level="INFO">False</msg>
<arg>${list_country}</arg>
<arg>${name_country}</arg>
<doc>Fails if the ``value`` is not found from ``list``.</doc>
<status status="PASS" start="2024-04-09T07:14:40.879288" elapsed="0.000254"/>
</kw>
<kw name="Run Keyword If" owner="BuiltIn">
<kw name="Should Be True" owner="BuiltIn">
<arg>${True}</arg>
<doc>Fails if the given condition is not true.</doc>
<status status="PASS" start="2024-04-09T07:14:40.880780" elapsed="0.000148"/>
</kw>
<arg>${json_data["results"][0]["location"]["coordinates"]["latitude"]} &gt;= -90 and ${json_data["results"][0]["location"]["coordinates"]["latitude"]} &lt;= 90</arg>
<arg>Should Be True</arg>
<arg>${True}</arg>
<doc>Runs the given keyword with the given arguments, if ``condition`` is true.</doc>
<status status="PASS" start="2024-04-09T07:14:40.879864" elapsed="0.001195"/>
</kw>
<kw name="Run Keyword If" owner="BuiltIn">
<kw name="Should Be True" owner="BuiltIn">
<arg>${True}</arg>
<doc>Fails if the given condition is not true.</doc>
<status status="PASS" start="2024-04-09T07:14:40.881939" elapsed="0.000140"/>
</kw>
<arg>${json_data["results"][0]["location"]["coordinates"]["longitude"]} &gt;= -180 and ${json_data["results"][0]["location"]["coordinates"]["longitude"]} &lt;= 180</arg>
<arg>Should Be True</arg>
<arg>${True}</arg>
<doc>Runs the given keyword with the given arguments, if ``condition`` is true.</doc>
<status status="PASS" start="2024-04-09T07:14:40.881246" elapsed="0.000957"/>
</kw>
<status status="PASS" start="2024-04-09T07:14:40.778389" elapsed="0.103947"/>
</kw>
<doc>Testa o conteúdo específico dos campos retornados pela API.</doc>
<tag>testeConteudo</tag>
<status status="PASS" start="2024-04-09T07:14:40.777639" elapsed="0.104854"/>
</test>
<status status="PASS" start="2024-04-09T07:14:40.051981" elapsed="0.832576"/>
</suite>
<status status="PASS" start="2024-04-09T07:14:40.037499" elapsed="0.852782"/>
</suite>
<statistics>
<total>
<stat pass="5" fail="0" skip="0">All Tests</stat>
</total>
<tag>
<stat pass="1" fail="0" skip="0">testeConteudo</stat>
<stat pass="1" fail="0" skip="0">testeEstruturaResposta</stat>
<stat pass="1" fail="0" skip="0">testeRequisicaoBasica</stat>
<stat pass="1" fail="0" skip="0">testeTiposDados</stat>
</tag>
<suite>
<stat pass="5" fail="0" skip="0" id="s1" name="Tests">Tests</stat>
<stat pass="5" fail="0" skip="0" id="s1-s1" name="Random-User-Test">Tests.Random-User-Test</stat>
</suite>
</statistics>
<errors>
</errors>
</robot>
