<?xml version="1.0" encoding="UTF-8"?>
<robot generator="Robot 7.0 (Python 3.12.3 on linux)" generated="2024-04-18T13:15:06.525310" rpa="false" schemaversion="5">
<suite id="s1" name="Tests" source="/home/runner/work/DesafioQAItauRogerioJordao/DesafioQAItauRogerioJordao/RamdonUser/tests">
<suite id="s1-s1" name="Random-User-Test" source="/home/runner/work/DesafioQAItauRogerioJordao/DesafioQAItauRogerioJordao/RamdonUser/tests/random-user-test.robot">
<test id="s1-s1-t1" name="Conectar" line="13">
<kw name="Conectar API" owner="random-user-service">
<kw name="Create Session" owner="RequestsLibrary">
<msg time="2024-04-18T13:15:06.876537" level="INFO">Creating Session using : alias=consultarAPI, url=https://randomuser.me/, headers={},                     cookies={}, auth=None, timeout=None, proxies=None, verify=False,                     debug=0 </msg>
<arg>consultarAPI</arg>
<arg>${URL}</arg>
<doc>Create Session: create a HTTP session to a server</doc>
<status status="PASS" start="2024-04-18T13:15:06.876348" elapsed="0.000352"/>
</kw>
<status status="PASS" start="2024-04-18T13:15:06.875422" elapsed="0.001619"/>
</kw>
<status status="PASS" start="2024-04-18T13:15:06.874827" elapsed="0.002402"/>
</test>
<test id="s1-s1-t2" name="Validar retorno 200 e JSON Válido" line="16">
<kw name="Teste de Requisicao Basica" owner="random-user-service">
<kw name="GET On Session" owner="RequestsLibrary">
<msg time="2024-04-18T13:15:07.005080" level="INFO">GET Request : url=https://randomuser.me/api 
 path_url=/api 
 headers={'User-Agent': 'python-requests/2.31.0', 'Accept-Encoding': 'gzip, deflate', 'Accept': '*/*', 'Connection': 'keep-alive'} 
 body=None 
 </msg>
<msg time="2024-04-18T13:15:07.005206" level="INFO">GET Response : url=https://randomuser.me/api 
 status=200, reason=OK 
 headers={'Date': 'Thu, 18 Apr 2024 13:15:07 GMT', 'Content-Type': 'application/json; charset=utf-8', 'Transfer-Encoding': 'chunked', 'Connection': 'keep-alive', 'X-Powered-By': 'Express', 'Access-Control-Allow-Origin': '*', 'Cache-Control': 'no-cache', 'ETag': 'W/"4a7-szqoQLxd72EKVnkNuiWiMXvdwpw"', 'Vary': 'Accept-Encoding', 'Content-Encoding': 'gzip', 'CF-Cache-Status': 'DYNAMIC', 'Report-To': '{"endpoints":[{"url":"https:\\/\\/a.nel.cloudflare.com\\/report\\/v4?s=DnouyMqcrVm6sMD3jA8ofLmDyXj7B9CvpgWWpdfT1WA3AAzV2ZYCMOp%2FEzw1inr7hG2VK6C3cCj%2B7b8fz41n6JMlXhT%2FzqILPUIT57pjG%2FbSRk%2Fab%2FBjPKZgvkjyhDKy"}],"group":"cf-nel","max_age":604800}', 'NEL': '{"success_fraction":0,"report_to":"cf-nel","max_age":604800}', 'Server': 'cloudflare', 'CF-RAY': '8764ebf838241140-ORD', 'alt-svc': 'h3=":443"; ma=86400'} 
 body={"results":[{"gender":"female","name":{"title":"Miss","first":"Lillie","last":"Peterson"},"location":{"street":{"number":2499,"name":"Railroad St"},"city":"Murfreesboro","state":"Nebraska","country":"United States","postcode":88754,"coordinates":{"latitude":"82.9876","longitude":"50.2712"},"timezone":{"offset":"+8:00","description":"Beijing, Perth, Singapore, Hong Kong"}},"email":"lillie.peterson@example.com","login":{"uuid":"9b5d3a98-e0ae-4fef-8692-feec95f9b708","username":"blackzebra927","password":"matthias","salt":"cM3868VA","md5":"a33e99e4f2dac3fcee8934b7e2800ea2","sha1":"68cbb9f92ae01524d362ea6b7725622aef7f667f","sha256":"16e65414640fcb4803bec7ac67bb0c25fcf2618b58e1bf3b89bdd644e2ca42af"},"dob":{"date":"1996-02-27T14:48:41.749Z","age":28},"registered":{"date":"2018-07-15T23:06:05.262Z","age":5},"phone":"(496) 740-5129","cell":"(591) 205-8237","id":{"name":"SSN","value":"061-55-6839"},"picture":{"large":"https://randomuser.me/api/portraits/women/59.jpg","medium":"https://randomuser.me/api/portraits/med/women/59.jpg","thumbnail":"https://randomuser.me/api/portraits/thumb/women/59.jpg"},"nat":"US"}],"info":{"seed":"a2bf407f2799b0b5","results":1,"page":1,"version":"1.4"}} 
 </msg>
<msg time="2024-04-18T13:15:07.005283" level="INFO">/opt/hostedtoolcache/Python/3.12.3/x64/lib/python3.12/site-packages/urllib3/connectionpool.py:1103: InsecureRequestWarning: Unverified HTTPS request is being made to host 'randomuser.me'. Adding certificate verification is strongly advised. See: https://urllib3.readthedocs.io/en/latest/advanced-usage.html#tls-warnings
  warnings.warn(</msg>
<msg time="2024-04-18T13:15:07.005432" level="INFO">${response} = &lt;Response [200]&gt;</msg>
<var>${response}</var>
<arg>consultarAPI</arg>
<arg>/api</arg>
<doc>Sends a GET request on a previously created HTTP Session.</doc>
<status status="PASS" start="2024-04-18T13:15:06.879933" elapsed="0.125542"/>
</kw>
<kw name="Should Be Equal As Numbers" owner="BuiltIn">
<msg time="2024-04-18T13:15:07.006403" level="INFO">Argument types are:
&lt;class 'int'&gt;
&lt;class 'str'&gt;</msg>
<arg>${response.status_code}</arg>
<arg>200</arg>
<doc>Fails if objects are unequal after converting them to real numbers.</doc>
<status status="PASS" start="2024-04-18T13:15:07.005966" elapsed="0.000502"/>
</kw>
<kw name="Log" owner="BuiltIn">
<msg time="2024-04-18T13:15:07.007205" level="INFO">200</msg>
<arg>${response.status_code}</arg>
<doc>Logs the given message with the given level.</doc>
<status status="PASS" start="2024-04-18T13:15:07.006851" elapsed="0.000397"/>
</kw>
<kw name="Set Variable" owner="BuiltIn">
<msg time="2024-04-18T13:15:07.008034" level="INFO">${json_data} = {'results': [{'gender': 'female', 'name': {'title': 'Miss', 'first': 'Lillie', 'last': 'Peterson'}, 'location': {'street': {'number': 2499, 'name': 'Railroad St'}, 'city': 'Murfreesboro', 'state': 'Ne...</msg>
<var>${json_data}</var>
<arg>${response.json()}</arg>
<doc>Returns the given values which can then be assigned to a variables.</doc>
<status status="PASS" start="2024-04-18T13:15:07.007554" elapsed="0.000522"/>
</kw>
<kw name="Dictionary Should Contain Key" owner="Collections">
<msg time="2024-04-18T13:15:07.008554" level="INFO">False</msg>
<arg>${json_data}</arg>
<arg>results</arg>
<doc>Fails if ``key`` is not found from ``dictionary``.</doc>
<status status="PASS" start="2024-04-18T13:15:07.008384" elapsed="0.000210"/>
</kw>
<status status="PASS" start="2024-04-18T13:15:06.879686" elapsed="0.129168"/>
</kw>
<doc>Testa se a API responde corretamente e retorna um objeto JSON válido.</doc>
<tag>testeRequisicaoBasica</tag>
<status status="PASS" start="2024-04-18T13:15:06.879151" elapsed="0.129881"/>
</test>
<test id="s1-s1-t3" name="Validar estrutura de resposta" line="22">
<kw name="Teste de Estrutura de Resposta" owner="random-user-service">
<kw name="GET On Session" owner="RequestsLibrary">
<msg time="2024-04-18T13:15:07.128908" level="INFO">GET Request : url=https://randomuser.me/api 
 path_url=/api 
 headers={'User-Agent': 'python-requests/2.31.0', 'Accept-Encoding': 'gzip, deflate', 'Accept': '*/*', 'Connection': 'keep-alive'} 
 body=None 
 </msg>
<msg time="2024-04-18T13:15:07.128996" level="INFO">GET Response : url=https://randomuser.me/api 
 status=200, reason=OK 
 headers={'Date': 'Thu, 18 Apr 2024 13:15:07 GMT', 'Content-Type': 'application/json; charset=utf-8', 'Transfer-Encoding': 'chunked', 'Connection': 'keep-alive', 'X-Powered-By': 'Express', 'Access-Control-Allow-Origin': '*', 'Cache-Control': 'no-cache', 'ETag': 'W/"48f-7yewbdGbLerYUOa9i2VNn96W/BU"', 'Vary': 'Accept-Encoding', 'Content-Encoding': 'gzip', 'CF-Cache-Status': 'DYNAMIC', 'Report-To': '{"endpoints":[{"url":"https:\\/\\/a.nel.cloudflare.com\\/report\\/v4?s=hmWuKza5FM%2B88XGLvLl8uLXU0e%2BcZLLm7TyTGshZe%2B%2BFQPY52bLCzsoUb1jph7MBzBUFjq4dA%2FgDEG99%2Bh1TCoWqQ79eRWZNaaGJ2jeOjn45iJsGF6vsVfz96uiEm%2FSP"}],"group":"cf-nel","max_age":604800}', 'NEL': '{"success_fraction":0,"report_to":"cf-nel","max_age":604800}', 'Server': 'cloudflare', 'CF-RAY': '8764ebf8d9041140-ORD', 'alt-svc': 'h3=":443"; ma=86400'} 
 body={"results":[{"gender":"female","name":{"title":"Mrs","first":"Daniela","last":"Bravo"},"location":{"street":{"number":7978,"name":"Avenida de Andalucía"},"city":"Sevilla","state":"Navarra","country":"Spain","postcode":98623,"coordinates":{"latitude":"-38.1395","longitude":"158.7749"},"timezone":{"offset":"+2:00","description":"Kaliningrad, South Africa"}},"email":"daniela.bravo@example.com","login":{"uuid":"4158c0dd-fd77-4d75-99c7-9a52bde5d411","username":"heavymeercat696","password":"shrimp","salt":"1DCYBxZL","md5":"8414ff9b656fb1f6dde9f4345737f775","sha1":"a2bedb8c9bfec48e8f3ea560961127eceaf90fe7","sha256":"33487646a2469ebe3b950ff732d01ec053dd4d733b406fc9179109590d5eff45"},"dob":{"date":"1963-04-05T17:27:12.984Z","age":61},"registered":{"date":"2005-10-12T10:33:15.758Z","age":18},"phone":"989-382-119","cell":"691-472-662","id":{"name":"DNI","value":"42452217-I"},"picture":{"large":"https://randomuser.me/api/portraits/women/69.jpg","medium":"https://randomuser.me/api/portraits/med/women/69.jpg","thumbnail":"https://randomuser.me/api/portraits/thumb/women/69.jpg"},"nat":"ES"}],"info":{"seed":"6918d394ab109170","results":1,"page":1,"version":"1.4"}} 
 </msg>
<msg time="2024-04-18T13:15:07.129113" level="INFO">/opt/hostedtoolcache/Python/3.12.3/x64/lib/python3.12/site-packages/urllib3/connectionpool.py:1103: InsecureRequestWarning: Unverified HTTPS request is being made to host 'randomuser.me'. Adding certificate verification is strongly advised. See: https://urllib3.readthedocs.io/en/latest/advanced-usage.html#tls-warnings
  warnings.warn(</msg>
<msg time="2024-04-18T13:15:07.129252" level="INFO">${response} = &lt;Response [200]&gt;</msg>
<var>${response}</var>
<arg>consultarAPI</arg>
<arg>/api</arg>
<doc>Sends a GET request on a previously created HTTP Session.</doc>
<status status="PASS" start="2024-04-18T13:15:07.011748" elapsed="0.117555"/>
</kw>
<kw name="Set Variable" owner="BuiltIn">
<msg time="2024-04-18T13:15:07.130244" level="INFO">${json_data} = {'results': [{'gender': 'female', 'name': {'title': 'Mrs', 'first': 'Daniela', 'last': 'Bravo'}, 'location': {'street': {'number': 7978, 'name': 'Avenida de Andalucía'}, 'city': 'Sevilla', 'state': 'N...</msg>
<var>${json_data}</var>
<arg>${response.json()}</arg>
<doc>Returns the given values which can then be assigned to a variables.</doc>
<status status="PASS" start="2024-04-18T13:15:07.129750" elapsed="0.000525"/>
</kw>
<kw name="Log" owner="BuiltIn">
<msg time="2024-04-18T13:15:07.130743" level="INFO">{'results': [{'gender': 'female', 'name': {'title': 'Mrs', 'first': 'Daniela', 'last': 'Bravo'}, 'location': {'street': {'number': 7978, 'name': 'Avenida de Andalucía'}, 'city': 'Sevilla', 'state': 'Navarra', 'country': 'Spain', 'postcode': 98623, 'coordinates': {'latitude': '-38.1395', 'longitude': '158.7749'}, 'timezone': {'offset': '+2:00', 'description': 'Kaliningrad, South Africa'}}, 'email': 'daniela.bravo@example.com', 'login': {'uuid': '4158c0dd-fd77-4d75-99c7-9a52bde5d411', 'username': 'heavymeercat696', 'password': 'shrimp', 'salt': '1DCYBxZL', 'md5': '8414ff9b656fb1f6dde9f4345737f775', 'sha1': 'a2bedb8c9bfec48e8f3ea560961127eceaf90fe7', 'sha256': '33487646a2469ebe3b950ff732d01ec053dd4d733b406fc9179109590d5eff45'}, 'dob': {'date': '1963-04-05T17:27:12.984Z', 'age': 61}, 'registered': {'date': '2005-10-12T10:33:15.758Z', 'age': 18}, 'phone': '989-382-119', 'cell': '691-472-662', 'id': {'name': 'DNI', 'value': '42452217-I'}, 'picture': {'large': 'https://randomuser.me/api/portraits/women/69.jpg', 'medium': 'https://randomuser.me/api/portraits/med/women/69.jpg', 'thumbnail': 'https://randomuser.me/api/portraits/thumb/women/69.jpg'}, 'nat': 'ES'}], 'info': {'seed': '6918d394ab109170', 'results': 1, 'page': 1, 'version': '1.4'}}</msg>
<arg>${json_data}</arg>
<doc>Logs the given message with the given level.</doc>
<status status="PASS" start="2024-04-18T13:15:07.130584" elapsed="0.000211"/>
</kw>
<kw name="Dictionary Should Contain Key" owner="Collections">
<msg time="2024-04-18T13:15:07.131241" level="INFO">False</msg>
<arg>${json_data}</arg>
<arg>results</arg>
<doc>Fails if ``key`` is not found from ``dictionary``.</doc>
<status status="PASS" start="2024-04-18T13:15:07.131088" elapsed="0.000189"/>
</kw>
<kw name="Should Not Be Empty" owner="BuiltIn">
<msg time="2024-04-18T13:15:07.131711" level="INFO">Length is 2.</msg>
<arg>${json_data}</arg>
<doc>Verifies that the given item is not empty.</doc>
<status status="PASS" start="2024-04-18T13:15:07.131580" elapsed="0.000298"/>
</kw>
<kw name="Create List" owner="BuiltIn">
<msg time="2024-04-18T13:15:07.132314" level="INFO">${expected_keys} = ['gender', 'name', 'location', 'email', 'login']</msg>
<var>${expected_keys}</var>
<arg>gender</arg>
<arg>name</arg>
<arg>location</arg>
<arg>email</arg>
<arg>login</arg>
<doc>Returns a list containing given items.</doc>
<status status="PASS" start="2024-04-18T13:15:07.132168" elapsed="0.000169"/>
</kw>
<for flavor="IN">
<iter>
<kw name="Dictionary Should Contain Key" owner="Collections">
<msg time="2024-04-18T13:15:07.133291" level="INFO">False</msg>
<arg>${json_data['results'][0]}</arg>
<arg>${key}</arg>
<doc>Fails if ``key`` is not found from ``dictionary``.</doc>
<status status="PASS" start="2024-04-18T13:15:07.132892" elapsed="0.000436"/>
</kw>
<kw name="Log" owner="BuiltIn">
<msg time="2024-04-18T13:15:07.134054" level="INFO">{'gender': 'female', 'name': {'title': 'Mrs', 'first': 'Daniela', 'last': 'Bravo'}, 'location': {'street': {'number': 7978, 'name': 'Avenida de Andalucía'}, 'city': 'Sevilla', 'state': 'Navarra', 'country': 'Spain', 'postcode': 98623, 'coordinates': {'latitude': '-38.1395', 'longitude': '158.7749'}, 'timezone': {'offset': '+2:00', 'description': 'Kaliningrad, South Africa'}}, 'email': 'daniela.bravo@example.com', 'login': {'uuid': '4158c0dd-fd77-4d75-99c7-9a52bde5d411', 'username': 'heavymeercat696', 'password': 'shrimp', 'salt': '1DCYBxZL', 'md5': '8414ff9b656fb1f6dde9f4345737f775', 'sha1': 'a2bedb8c9bfec48e8f3ea560961127eceaf90fe7', 'sha256': '33487646a2469ebe3b950ff732d01ec053dd4d733b406fc9179109590d5eff45'}, 'dob': {'date': '1963-04-05T17:27:12.984Z', 'age': 61}, 'registered': {'date': '2005-10-12T10:33:15.758Z', 'age': 18}, 'phone': '989-382-119', 'cell': '691-472-662', 'id': {'name': 'DNI', 'value': '42452217-I'}, 'picture': {'large': 'https://randomuser.me/api/portraits/women/69.jpg', 'medium': 'https://randomuser.me/api/portraits/med/women/69.jpg', 'thumbnail': 'https://randomuser.me/api/portraits/thumb/women/69.jpg'}, 'nat': 'ES'}</msg>
<arg>${json_data['results'][0]}</arg>
<doc>Logs the given message with the given level.</doc>
<status status="PASS" start="2024-04-18T13:15:07.133657" elapsed="0.000447"/>
</kw>
<kw name="Log" owner="BuiltIn">
<msg time="2024-04-18T13:15:07.134523" level="INFO">gender</msg>
<arg>${key}</arg>
<doc>Logs the given message with the given level.</doc>
<status status="PASS" start="2024-04-18T13:15:07.134398" elapsed="0.000162"/>
</kw>
<var name="${key}">gender</var>
<status status="PASS" start="2024-04-18T13:15:07.132770" elapsed="0.002002"/>
</iter>
<iter>
<kw name="Dictionary Should Contain Key" owner="Collections">
<msg time="2024-04-18T13:15:07.135449" level="INFO">False</msg>
<arg>${json_data['results'][0]}</arg>
<arg>${key}</arg>
<doc>Fails if ``key`` is not found from ``dictionary``.</doc>
<status status="PASS" start="2024-04-18T13:15:07.135069" elapsed="0.000416"/>
</kw>
<kw name="Log" owner="BuiltIn">
<msg time="2024-04-18T13:15:07.136166" level="INFO">{'gender': 'female', 'name': {'title': 'Mrs', 'first': 'Daniela', 'last': 'Bravo'}, 'location': {'street': {'number': 7978, 'name': 'Avenida de Andalucía'}, 'city': 'Sevilla', 'state': 'Navarra', 'country': 'Spain', 'postcode': 98623, 'coordinates': {'latitude': '-38.1395', 'longitude': '158.7749'}, 'timezone': {'offset': '+2:00', 'description': 'Kaliningrad, South Africa'}}, 'email': 'daniela.bravo@example.com', 'login': {'uuid': '4158c0dd-fd77-4d75-99c7-9a52bde5d411', 'username': 'heavymeercat696', 'password': 'shrimp', 'salt': '1DCYBxZL', 'md5': '8414ff9b656fb1f6dde9f4345737f775', 'sha1': 'a2bedb8c9bfec48e8f3ea560961127eceaf90fe7', 'sha256': '33487646a2469ebe3b950ff732d01ec053dd4d733b406fc9179109590d5eff45'}, 'dob': {'date': '1963-04-05T17:27:12.984Z', 'age': 61}, 'registered': {'date': '2005-10-12T10:33:15.758Z', 'age': 18}, 'phone': '989-382-119', 'cell': '691-472-662', 'id': {'name': 'DNI', 'value': '42452217-I'}, 'picture': {'large': 'https://randomuser.me/api/portraits/women/69.jpg', 'medium': 'https://randomuser.me/api/portraits/med/women/69.jpg', 'thumbnail': 'https://randomuser.me/api/portraits/thumb/women/69.jpg'}, 'nat': 'ES'}</msg>
<arg>${json_data['results'][0]}</arg>
<doc>Logs the given message with the given level.</doc>
<status status="PASS" start="2024-04-18T13:15:07.135803" elapsed="0.000412"/>
</kw>
<kw name="Log" owner="BuiltIn">
<msg time="2024-04-18T13:15:07.136631" level="INFO">name</msg>
<arg>${key}</arg>
<doc>Logs the given message with the given level.</doc>
<status status="PASS" start="2024-04-18T13:15:07.136508" elapsed="0.000159"/>
</kw>
<var name="${key}">name</var>
<status status="PASS" start="2024-04-18T13:15:07.134957" elapsed="0.001922"/>
</iter>
<iter>
<kw name="Dictionary Should Contain Key" owner="Collections">
<msg time="2024-04-18T13:15:07.137591" level="INFO">False</msg>
<arg>${json_data['results'][0]}</arg>
<arg>${key}</arg>
<doc>Fails if ``key`` is not found from ``dictionary``.</doc>
<status status="PASS" start="2024-04-18T13:15:07.137163" elapsed="0.000467"/>
</kw>
<kw name="Log" owner="BuiltIn">
<msg time="2024-04-18T13:15:07.138311" level="INFO">{'gender': 'female', 'name': {'title': 'Mrs', 'first': 'Daniela', 'last': 'Bravo'}, 'location': {'street': {'number': 7978, 'name': 'Avenida de Andalucía'}, 'city': 'Sevilla', 'state': 'Navarra', 'country': 'Spain', 'postcode': 98623, 'coordinates': {'latitude': '-38.1395', 'longitude': '158.7749'}, 'timezone': {'offset': '+2:00', 'description': 'Kaliningrad, South Africa'}}, 'email': 'daniela.bravo@example.com', 'login': {'uuid': '4158c0dd-fd77-4d75-99c7-9a52bde5d411', 'username': 'heavymeercat696', 'password': 'shrimp', 'salt': '1DCYBxZL', 'md5': '8414ff9b656fb1f6dde9f4345737f775', 'sha1': 'a2bedb8c9bfec48e8f3ea560961127eceaf90fe7', 'sha256': '33487646a2469ebe3b950ff732d01ec053dd4d733b406fc9179109590d5eff45'}, 'dob': {'date': '1963-04-05T17:27:12.984Z', 'age': 61}, 'registered': {'date': '2005-10-12T10:33:15.758Z', 'age': 18}, 'phone': '989-382-119', 'cell': '691-472-662', 'id': {'name': 'DNI', 'value': '42452217-I'}, 'picture': {'large': 'https://randomuser.me/api/portraits/women/69.jpg', 'medium': 'https://randomuser.me/api/portraits/med/women/69.jpg', 'thumbnail': 'https://randomuser.me/api/portraits/thumb/women/69.jpg'}, 'nat': 'ES'}</msg>
<arg>${json_data['results'][0]}</arg>
<doc>Logs the given message with the given level.</doc>
<status status="PASS" start="2024-04-18T13:15:07.137933" elapsed="0.000429"/>
</kw>
<kw name="Log" owner="BuiltIn">
<msg time="2024-04-18T13:15:07.138785" level="INFO">location</msg>
<arg>${key}</arg>
<doc>Logs the given message with the given level.</doc>
<status status="PASS" start="2024-04-18T13:15:07.138661" elapsed="0.000161"/>
</kw>
<var name="${key}">location</var>
<status status="PASS" start="2024-04-18T13:15:07.137054" elapsed="0.001987"/>
</iter>
<iter>
<kw name="Dictionary Should Contain Key" owner="Collections">
<msg time="2024-04-18T13:15:07.139691" level="INFO">False</msg>
<arg>${json_data['results'][0]}</arg>
<arg>${key}</arg>
<doc>Fails if ``key`` is not found from ``dictionary``.</doc>
<status status="PASS" start="2024-04-18T13:15:07.139319" elapsed="0.000408"/>
</kw>
<kw name="Log" owner="BuiltIn">
<msg time="2024-04-18T13:15:07.140383" level="INFO">{'gender': 'female', 'name': {'title': 'Mrs', 'first': 'Daniela', 'last': 'Bravo'}, 'location': {'street': {'number': 7978, 'name': 'Avenida de Andalucía'}, 'city': 'Sevilla', 'state': 'Navarra', 'country': 'Spain', 'postcode': 98623, 'coordinates': {'latitude': '-38.1395', 'longitude': '158.7749'}, 'timezone': {'offset': '+2:00', 'description': 'Kaliningrad, South Africa'}}, 'email': 'daniela.bravo@example.com', 'login': {'uuid': '4158c0dd-fd77-4d75-99c7-9a52bde5d411', 'username': 'heavymeercat696', 'password': 'shrimp', 'salt': '1DCYBxZL', 'md5': '8414ff9b656fb1f6dde9f4345737f775', 'sha1': 'a2bedb8c9bfec48e8f3ea560961127eceaf90fe7', 'sha256': '33487646a2469ebe3b950ff732d01ec053dd4d733b406fc9179109590d5eff45'}, 'dob': {'date': '1963-04-05T17:27:12.984Z', 'age': 61}, 'registered': {'date': '2005-10-12T10:33:15.758Z', 'age': 18}, 'phone': '989-382-119', 'cell': '691-472-662', 'id': {'name': 'DNI', 'value': '42452217-I'}, 'picture': {'large': 'https://randomuser.me/api/portraits/women/69.jpg', 'medium': 'https://randomuser.me/api/portraits/med/women/69.jpg', 'thumbnail': 'https://randomuser.me/api/portraits/thumb/women/69.jpg'}, 'nat': 'ES'}</msg>
<arg>${json_data['results'][0]}</arg>
<doc>Logs the given message with the given level.</doc>
<status status="PASS" start="2024-04-18T13:15:07.140020" elapsed="0.000413"/>
</kw>
<kw name="Log" owner="BuiltIn">
<msg time="2024-04-18T13:15:07.140844" level="INFO">email</msg>
<arg>${key}</arg>
<doc>Logs the given message with the given level.</doc>
<status status="PASS" start="2024-04-18T13:15:07.140721" elapsed="0.000158"/>
</kw>
<var name="${key}">email</var>
<status status="PASS" start="2024-04-18T13:15:07.139212" elapsed="0.001876"/>
</iter>
<iter>
<kw name="Dictionary Should Contain Key" owner="Collections">
<msg time="2024-04-18T13:15:07.141786" level="INFO">False</msg>
<arg>${json_data['results'][0]}</arg>
<arg>${key}</arg>
<doc>Fails if ``key`` is not found from ``dictionary``.</doc>
<status status="PASS" start="2024-04-18T13:15:07.141364" elapsed="0.000460"/>
</kw>
<kw name="Log" owner="BuiltIn">
<msg time="2024-04-18T13:15:07.142487" level="INFO">{'gender': 'female', 'name': {'title': 'Mrs', 'first': 'Daniela', 'last': 'Bravo'}, 'location': {'street': {'number': 7978, 'name': 'Avenida de Andalucía'}, 'city': 'Sevilla', 'state': 'Navarra', 'country': 'Spain', 'postcode': 98623, 'coordinates': {'latitude': '-38.1395', 'longitude': '158.7749'}, 'timezone': {'offset': '+2:00', 'description': 'Kaliningrad, South Africa'}}, 'email': 'daniela.bravo@example.com', 'login': {'uuid': '4158c0dd-fd77-4d75-99c7-9a52bde5d411', 'username': 'heavymeercat696', 'password': 'shrimp', 'salt': '1DCYBxZL', 'md5': '8414ff9b656fb1f6dde9f4345737f775', 'sha1': 'a2bedb8c9bfec48e8f3ea560961127eceaf90fe7', 'sha256': '33487646a2469ebe3b950ff732d01ec053dd4d733b406fc9179109590d5eff45'}, 'dob': {'date': '1963-04-05T17:27:12.984Z', 'age': 61}, 'registered': {'date': '2005-10-12T10:33:15.758Z', 'age': 18}, 'phone': '989-382-119', 'cell': '691-472-662', 'id': {'name': 'DNI', 'value': '42452217-I'}, 'picture': {'large': 'https://randomuser.me/api/portraits/women/69.jpg', 'medium': 'https://randomuser.me/api/portraits/med/women/69.jpg', 'thumbnail': 'https://randomuser.me/api/portraits/thumb/women/69.jpg'}, 'nat': 'ES'}</msg>
<arg>${json_data['results'][0]}</arg>
<doc>Logs the given message with the given level.</doc>
<status status="PASS" start="2024-04-18T13:15:07.142123" elapsed="0.000414"/>
</kw>
<kw name="Log" owner="BuiltIn">
<msg time="2024-04-18T13:15:07.142947" level="INFO">login</msg>
<arg>${key}</arg>
<doc>Logs the given message with the given level.</doc>
<status status="PASS" start="2024-04-18T13:15:07.142824" elapsed="0.000161"/>
</kw>
<var name="${key}">login</var>
<status status="PASS" start="2024-04-18T13:15:07.141256" elapsed="0.001970"/>
</iter>
<var>${key}</var>
<value>@{expected_keys}</value>
<status status="PASS" start="2024-04-18T13:15:07.132589" elapsed="0.010760"/>
</for>
<kw name="Create List" owner="BuiltIn">
<msg time="2024-04-18T13:15:07.143673" level="INFO">${expected_keysTwo} = ['username', 'password']</msg>
<var>${expected_keysTwo}</var>
<arg>username</arg>
<arg>password</arg>
<doc>Returns a list containing given items.</doc>
<status status="PASS" start="2024-04-18T13:15:07.143540" elapsed="0.000156"/>
</kw>
<for flavor="IN">
<iter>
<kw name="Dictionary Should Contain Key" owner="Collections">
<msg time="2024-04-18T13:15:07.144568" level="INFO">False</msg>
<arg>${json_data['results'][0]['login']}</arg>
<arg>${keyTwo}</arg>
<doc>Fails if ``key`` is not found from ``dictionary``.</doc>
<status status="PASS" start="2024-04-18T13:15:07.144183" elapsed="0.000421"/>
</kw>
<kw name="Dictionary Should Contain Key" owner="Collections">
<msg time="2024-04-18T13:15:07.145319" level="INFO">False</msg>
<arg>${json_data['results'][0]['login']}</arg>
<arg>${keyTwo}</arg>
<doc>Fails if ``key`` is not found from ``dictionary``.</doc>
<status status="PASS" start="2024-04-18T13:15:07.144893" elapsed="0.000464"/>
</kw>
<kw name="Log" owner="BuiltIn">
<msg time="2024-04-18T13:15:07.145806" level="INFO">username</msg>
<arg>${keyTwo}</arg>
<doc>Logs the given message with the given level.</doc>
<status status="PASS" start="2024-04-18T13:15:07.145678" elapsed="0.000170"/>
</kw>
<var name="${keyTwo}">username</var>
<status status="PASS" start="2024-04-18T13:15:07.144076" elapsed="0.001988"/>
</iter>
<iter>
<kw name="Dictionary Should Contain Key" owner="Collections">
<msg time="2024-04-18T13:15:07.146807" level="INFO">False</msg>
<arg>${json_data['results'][0]['login']}</arg>
<arg>${keyTwo}</arg>
<doc>Fails if ``key`` is not found from ``dictionary``.</doc>
<status status="PASS" start="2024-04-18T13:15:07.146341" elapsed="0.000511"/>
</kw>
<kw name="Dictionary Should Contain Key" owner="Collections">
<msg time="2024-04-18T13:15:07.147518" level="INFO">False</msg>
<arg>${json_data['results'][0]['login']}</arg>
<arg>${keyTwo}</arg>
<doc>Fails if ``key`` is not found from ``dictionary``.</doc>
<status status="PASS" start="2024-04-18T13:15:07.147144" elapsed="0.000409"/>
</kw>
<kw name="Log" owner="BuiltIn">
<msg time="2024-04-18T13:15:07.147965" level="INFO">password</msg>
<arg>${keyTwo}</arg>
<doc>Logs the given message with the given level.</doc>
<status status="PASS" start="2024-04-18T13:15:07.147840" elapsed="0.000161"/>
</kw>
<var name="${keyTwo}">password</var>
<status status="PASS" start="2024-04-18T13:15:07.146232" elapsed="0.001980"/>
</iter>
<var>${keyTwo}</var>
<value>@{expected_keysTwo}</value>
<status status="PASS" start="2024-04-18T13:15:07.143929" elapsed="0.004401"/>
</for>
<status status="PASS" start="2024-04-18T13:15:07.011508" elapsed="0.136955"/>
</kw>
<doc>Testa a estrutura da resposta da API.</doc>
<tag>testeEstruturaResposta</tag>
<status status="PASS" start="2024-04-18T13:15:07.010905" elapsed="0.137701"/>
</test>
<test id="s1-s1-t4" name="Validar tipos de dados" line="28">
<kw name="Teste de Tipos de Dados" owner="random-user-service">
<kw name="GET On Session" owner="RequestsLibrary">
<msg time="2024-04-18T13:15:07.229296" level="INFO">GET Request : url=https://randomuser.me/api 
 path_url=/api 
 headers={'User-Agent': 'python-requests/2.31.0', 'Accept-Encoding': 'gzip, deflate', 'Accept': '*/*', 'Connection': 'keep-alive'} 
 body=None 
 </msg>
<msg time="2024-04-18T13:15:07.229371" level="INFO">GET Response : url=https://randomuser.me/api 
 status=200, reason=OK 
 headers={'Date': 'Thu, 18 Apr 2024 13:15:07 GMT', 'Content-Type': 'application/json; charset=utf-8', 'Transfer-Encoding': 'chunked', 'Connection': 'keep-alive', 'X-Powered-By': 'Express', 'Access-Control-Allow-Origin': '*', 'Cache-Control': 'no-cache', 'ETag': 'W/"46c-JjqVKH6Mo2zGcp3RVc510D4xjCw"', 'Vary': 'Accept-Encoding', 'Content-Encoding': 'gzip', 'CF-Cache-Status': 'DYNAMIC', 'Report-To': '{"endpoints":[{"url":"https:\\/\\/a.nel.cloudflare.com\\/report\\/v4?s=yfDqIQ%2BJr3SFTPX3Om0ZfZSh%2BTV6v7lkz3ymuzGmWCGRxRuurt3Ju3ALlZ%2BhVCp8Bu2dGbi3Ef9ZVRUo%2Fs1OUf8mPkEStfnshkilBaj30w%2FpgiPLxtlTEsFkUFJtldiW"}],"group":"cf-nel","max_age":604800}', 'NEL': '{"success_fraction":0,"report_to":"cf-nel","max_age":604800}', 'Server': 'cloudflare', 'CF-RAY': '8764ebf9ba611140-ORD', 'alt-svc': 'h3=":443"; ma=86400'} 
 body={"results":[{"gender":"male","name":{"title":"Mr","first":"Hredhaan","last":"Sheikh"},"location":{"street":{"number":9631,"name":"Somwar Peth"},"city":"Jamshedpur","state":"Karnataka","country":"India","postcode":24780,"coordinates":{"latitude":"8.6343","longitude":"-1.6416"},"timezone":{"offset":"-9:00","description":"Alaska"}},"email":"hredhaan.sheikh@example.com","login":{"uuid":"7d1fe672-3326-4175-a24e-92b8290e0d96","username":"browntiger606","password":"bell","salt":"nliAeBtP","md5":"80ac8ac9f39ee8e4a402974b1ee9d130","sha1":"e934456f5c5ab25f1b52f95b4ba2ea78a5202df1","sha256":"f7a1b8632da6614c875d23c05ffd83bc738f7a554e8185d197266f55d718a10b"},"dob":{"date":"1952-02-06T06:09:52.294Z","age":72},"registered":{"date":"2016-06-13T21:27:58.422Z","age":7},"phone":"7508086410","cell":"7123100658","id":{"name":"UIDAI","value":"778581166494"},"picture":{"large":"https://randomuser.me/api/portraits/men/53.jpg","medium":"https://randomuser.me/api/portraits/med/men/53.jpg","thumbnail":"https://randomuser.me/api/portraits/thumb/men/53.jpg"},"nat":"IN"}],"info":{"seed":"545973fb5b19b590","results":1,"page":1,"version":"1.4"}} 
 </msg>
<msg time="2024-04-18T13:15:07.229440" level="INFO">/opt/hostedtoolcache/Python/3.12.3/x64/lib/python3.12/site-packages/urllib3/connectionpool.py:1103: InsecureRequestWarning: Unverified HTTPS request is being made to host 'randomuser.me'. Adding certificate verification is strongly advised. See: https://urllib3.readthedocs.io/en/latest/advanced-usage.html#tls-warnings
  warnings.warn(</msg>
<msg time="2024-04-18T13:15:07.229577" level="INFO">${response} = &lt;Response [200]&gt;</msg>
<var>${response}</var>
<arg>consultarAPI</arg>
<arg>/api</arg>
<doc>Sends a GET request on a previously created HTTP Session.</doc>
<status status="PASS" start="2024-04-18T13:15:07.151153" elapsed="0.078487"/>
</kw>
<kw name="Set Variable" owner="BuiltIn">
<msg time="2024-04-18T13:15:07.230717" level="INFO">${json_data} = {'results': [{'gender': 'male', 'name': {'title': 'Mr', 'first': 'Hredhaan', 'last': 'Sheikh'}, 'location': {'street': {'number': 9631, 'name': 'Somwar Peth'}, 'city': 'Jamshedpur', 'state': 'Karnatak...</msg>
<var>${json_data}</var>
<arg>${response.json()}</arg>
<doc>Returns the given values which can then be assigned to a variables.</doc>
<status status="PASS" start="2024-04-18T13:15:07.230113" elapsed="0.000632"/>
</kw>
<kw name="Log" owner="BuiltIn">
<msg time="2024-04-18T13:15:07.231197" level="INFO">{'results': [{'gender': 'male', 'name': {'title': 'Mr', 'first': 'Hredhaan', 'last': 'Sheikh'}, 'location': {'street': {'number': 9631, 'name': 'Somwar Peth'}, 'city': 'Jamshedpur', 'state': 'Karnataka', 'country': 'India', 'postcode': 24780, 'coordinates': {'latitude': '8.6343', 'longitude': '-1.6416'}, 'timezone': {'offset': '-9:00', 'description': 'Alaska'}}, 'email': 'hredhaan.sheikh@example.com', 'login': {'uuid': '7d1fe672-3326-4175-a24e-92b8290e0d96', 'username': 'browntiger606', 'password': 'bell', 'salt': 'nliAeBtP', 'md5': '80ac8ac9f39ee8e4a402974b1ee9d130', 'sha1': 'e934456f5c5ab25f1b52f95b4ba2ea78a5202df1', 'sha256': 'f7a1b8632da6614c875d23c05ffd83bc738f7a554e8185d197266f55d718a10b'}, 'dob': {'date': '1952-02-06T06:09:52.294Z', 'age': 72}, 'registered': {'date': '2016-06-13T21:27:58.422Z', 'age': 7}, 'phone': '7508086410', 'cell': '7123100658', 'id': {'name': 'UIDAI', 'value': '778581166494'}, 'picture': {'large': 'https://randomuser.me/api/portraits/men/53.jpg', 'medium': 'https://randomuser.me/api/portraits/med/men/53.jpg', 'thumbnail': 'https://randomuser.me/api/portraits/thumb/men/53.jpg'}, 'nat': 'IN'}], 'info': {'seed': '545973fb5b19b590', 'results': 1, 'page': 1, 'version': '1.4'}}</msg>
<arg>${json_data}</arg>
<doc>Logs the given message with the given level.</doc>
<status status="PASS" start="2024-04-18T13:15:07.231050" elapsed="0.000226"/>
</kw>
<kw name="Should Be String" owner="String">
<arg>${json_data['results'][0]['gender']}</arg>
<doc>Fails if the given ``item`` is not a string.</doc>
<status status="PASS" start="2024-04-18T13:15:07.231569" elapsed="0.000356"/>
</kw>
<kw name="Should Match Regexp" owner="BuiltIn">
<arg>${json_data['results'][0]['email']}</arg>
<arg>^[a-zA-Z0-9._%+-]+@[a-zA-Z0-9.-]+\.[a-zA-Z]{2,}$</arg>
<doc>Fails if ``string`` does not match ``pattern`` as a regular expression.</doc>
<status status="PASS" start="2024-04-18T13:15:07.232115" elapsed="0.000500"/>
</kw>
<kw name="Should Match Regexp" owner="BuiltIn">
<arg>${json_data['results'][0]['dob']['date']}</arg>
<arg>\\d{4}-\\d{2}-\\d{2}T\\d{2}:\\d{2}:\\d{2}\\.\\d{3}Z</arg>
<doc>Fails if ``string`` does not match ``pattern`` as a regular expression.</doc>
<status status="PASS" start="2024-04-18T13:15:07.232806" elapsed="0.000478"/>
</kw>
<kw name="Should Match Regexp" owner="BuiltIn">
<arg>${json_data['results'][0]['registered']['date']}</arg>
<arg>\\d{4}-\\d{2}-\\d{2}T\\d{2}:\\d{2}:\\d{2}\\.\\d{3}Z</arg>
<doc>Fails if ``string`` does not match ``pattern`` as a regular expression.</doc>
<status status="PASS" start="2024-04-18T13:15:07.233469" elapsed="0.000411"/>
</kw>
<kw name="Should Match Regexp" owner="BuiltIn">
<arg>${json_data['results'][0]['picture']['large']}</arg>
<arg>^https?://.*\.(?:png|jpe?g|gif|bmp)$</arg>
<doc>Fails if ``string`` does not match ``pattern`` as a regular expression.</doc>
<status status="PASS" start="2024-04-18T13:15:07.234073" elapsed="0.000459"/>
</kw>
<kw name="Should Match Regexp" owner="BuiltIn">
<arg>${json_data['results'][0]['picture']['medium']}</arg>
<arg>^https?://.*\.(?:png|jpe?g|gif|bmp)$</arg>
<doc>Fails if ``string`` does not match ``pattern`` as a regular expression.</doc>
<status status="PASS" start="2024-04-18T13:15:07.234719" elapsed="0.000351"/>
</kw>
<kw name="Should Match Regexp" owner="BuiltIn">
<arg>${json_data['results'][0]['picture']['thumbnail']}</arg>
<arg>^https?://.*\.(?:png|jpe?g|gif|bmp)$</arg>
<doc>Fails if ``string`` does not match ``pattern`` as a regular expression.</doc>
<status status="PASS" start="2024-04-18T13:15:07.235257" elapsed="0.000351"/>
</kw>
<kw name="Log" owner="BuiltIn">
<msg time="2024-04-18T13:15:07.236109" level="INFO">{'large': 'https://randomuser.me/api/portraits/men/53.jpg', 'medium': 'https://randomuser.me/api/portraits/med/men/53.jpg', 'thumbnail': 'https://randomuser.me/api/portraits/thumb/men/53.jpg'}</msg>
<arg>${json_data['results'][0]['picture']}</arg>
<doc>Logs the given message with the given level.</doc>
<status status="PASS" start="2024-04-18T13:15:07.235790" elapsed="0.000359"/>
</kw>
<status status="PASS" start="2024-04-18T13:15:07.150930" elapsed="0.085465"/>
</kw>
<kw name="Teste de Tipos de Dados - Postcode" owner="random-user-service">
<kw name="GET On Session" owner="RequestsLibrary">
<msg time="2024-04-18T13:15:07.317021" level="INFO">GET Request : url=https://randomuser.me/api 
 path_url=/api 
 headers={'User-Agent': 'python-requests/2.31.0', 'Accept-Encoding': 'gzip, deflate', 'Accept': '*/*', 'Connection': 'keep-alive'} 
 body=None 
 </msg>
<msg time="2024-04-18T13:15:07.317086" level="INFO">GET Response : url=https://randomuser.me/api 
 status=200, reason=OK 
 headers={'Date': 'Thu, 18 Apr 2024 13:15:07 GMT', 'Content-Type': 'application/json; charset=utf-8', 'Transfer-Encoding': 'chunked', 'Connection': 'keep-alive', 'X-Powered-By': 'Express', 'Access-Control-Allow-Origin': '*', 'Cache-Control': 'no-cache', 'ETag': 'W/"492-+cCpb/uEY6j+9VOuHZWxr4h4Tq4"', 'Vary': 'Accept-Encoding', 'Content-Encoding': 'gzip', 'CF-Cache-Status': 'DYNAMIC', 'Report-To': '{"endpoints":[{"url":"https:\\/\\/a.nel.cloudflare.com\\/report\\/v4?s=eQBBnJOb4ncqPmLWUODv11wsHdbSbjK9zitiAdUDdjeq46x%2BFPr%2BqZ7I2tZxUqmct1fxmKNOt%2FlJjBXozhvnEIdi72gYCvKPXgEYWn7Vs%2Fax11YY%2FBbJCkBZLzcZuxka"}],"group":"cf-nel","max_age":604800}', 'NEL': '{"success_fraction":0,"report_to":"cf-nel","max_age":604800}', 'Server': 'cloudflare', 'CF-RAY': '8764ebfa4b571140-ORD', 'alt-svc': 'h3=":443"; ma=86400'} 
 body={"results":[{"gender":"male","name":{"title":"Mr","first":"Ramon","last":"Viana"},"location":{"street":{"number":739,"name":"Rua Rui Barbosa "},"city":"Barreiras","state":"Amapá","country":"Brazil","postcode":36201,"coordinates":{"latitude":"-78.6424","longitude":"-164.1405"},"timezone":{"offset":"+4:00","description":"Abu Dhabi, Muscat, Baku, Tbilisi"}},"email":"ramon.viana@example.com","login":{"uuid":"cf919114-c731-40fe-a584-7616f1dbe4f8","username":"orangeelephant542","password":"eleven","salt":"UDmhb05k","md5":"75db91c5c14a8bb70844f2cab07ffc39","sha1":"3698e997692cd72b7798e6dae34363a41941a04a","sha256":"ead7da636331474739399cbed1ffbb7d0226287f20a6bedafb3fc1c752ff7bf4"},"dob":{"date":"1967-04-10T14:07:43.728Z","age":57},"registered":{"date":"2004-01-06T22:58:12.502Z","age":20},"phone":"(90) 8792-9593","cell":"(10) 1166-0231","id":{"name":"CPF","value":"218.970.580-55"},"picture":{"large":"https://randomuser.me/api/portraits/men/38.jpg","medium":"https://randomuser.me/api/portraits/med/men/38.jpg","thumbnail":"https://randomuser.me/api/portraits/thumb/men/38.jpg"},"nat":"BR"}],"info":{"seed":"46335fa43183dd9c","results":1,"page":1,"version":"1.4"}} 
 </msg>
<msg time="2024-04-18T13:15:07.317147" level="INFO">/opt/hostedtoolcache/Python/3.12.3/x64/lib/python3.12/site-packages/urllib3/connectionpool.py:1103: InsecureRequestWarning: Unverified HTTPS request is being made to host 'randomuser.me'. Adding certificate verification is strongly advised. See: https://urllib3.readthedocs.io/en/latest/advanced-usage.html#tls-warnings
  warnings.warn(</msg>
<msg time="2024-04-18T13:15:07.317233" level="INFO">${response} = &lt;Response [200]&gt;</msg>
<var>${response}</var>
<arg>consultarAPI</arg>
<arg>/api</arg>
<doc>Sends a GET request on a previously created HTTP Session.</doc>
<status status="PASS" start="2024-04-18T13:15:07.236819" elapsed="0.080455"/>
</kw>
<kw name="Set Variable" owner="BuiltIn">
<msg time="2024-04-18T13:15:07.318406" level="INFO">${json_data} = {'results': [{'gender': 'male', 'name': {'title': 'Mr', 'first': 'Ramon', 'last': 'Viana'}, 'location': {'street': {'number': 739, 'name': 'Rua Rui Barbosa '}, 'city': 'Barreiras', 'state': 'Amapá', '...</msg>
<var>${json_data}</var>
<arg>${response.json()}</arg>
<doc>Returns the given values which can then be assigned to a variables.</doc>
<status status="PASS" start="2024-04-18T13:15:07.317828" elapsed="0.000608"/>
</kw>
<kw name="Log" owner="BuiltIn">
<msg time="2024-04-18T13:15:07.318903" level="INFO">{'results': [{'gender': 'male', 'name': {'title': 'Mr', 'first': 'Ramon', 'last': 'Viana'}, 'location': {'street': {'number': 739, 'name': 'Rua Rui Barbosa '}, 'city': 'Barreiras', 'state': 'Amapá', 'country': 'Brazil', 'postcode': 36201, 'coordinates': {'latitude': '-78.6424', 'longitude': '-164.1405'}, 'timezone': {'offset': '+4:00', 'description': 'Abu Dhabi, Muscat, Baku, Tbilisi'}}, 'email': 'ramon.viana@example.com', 'login': {'uuid': 'cf919114-c731-40fe-a584-7616f1dbe4f8', 'username': 'orangeelephant542', 'password': 'eleven', 'salt': 'UDmhb05k', 'md5': '75db91c5c14a8bb70844f2cab07ffc39', 'sha1': '3698e997692cd72b7798e6dae34363a41941a04a', 'sha256': 'ead7da636331474739399cbed1ffbb7d0226287f20a6bedafb3fc1c752ff7bf4'}, 'dob': {'date': '1967-04-10T14:07:43.728Z', 'age': 57}, 'registered': {'date': '2004-01-06T22:58:12.502Z', 'age': 20}, 'phone': '(90) 8792-9593', 'cell': '(10) 1166-0231', 'id': {'name': 'CPF', 'value': '218.970.580-55'}, 'picture': {'large': 'https://randomuser.me/api/portraits/men/38.jpg', 'medium': 'https://randomuser.me/api/portraits/med/men/38.jpg', 'thumbnail': 'https://randomuser.me/api/portraits/thumb/men/38.jpg'}, 'nat': 'BR'}], 'info': {'seed': '46335fa43183dd9c', 'results': 1, 'page': 1, 'version': '1.4'}}</msg>
<arg>${json_data}</arg>
<doc>Logs the given message with the given level.</doc>
<status status="PASS" start="2024-04-18T13:15:07.318747" elapsed="0.000235"/>
</kw>
<kw name="Should Be Equal As Numbers" owner="BuiltIn">
<arg>${json_data['results'][0]['location']['postcode']}</arg>
<arg>${json_data['results'][0]['location']['postcode']}</arg>
<doc>Fails if objects are unequal after converting them to real numbers.</doc>
<status status="PASS" start="2024-04-18T13:15:07.319407" elapsed="0.000616"/>
</kw>
<kw name="Log" owner="BuiltIn">
<msg time="2024-04-18T13:15:07.320550" level="INFO">36201</msg>
<arg>${json_data['results'][0]['location']['postcode']}</arg>
<doc>Logs the given message with the given level.</doc>
<status status="PASS" start="2024-04-18T13:15:07.320215" elapsed="0.000374"/>
</kw>
<status status="PASS" start="2024-04-18T13:15:07.236600" elapsed="0.084235"/>
</kw>
<doc>Testa se os tipos de dados na resposta da API estão corretos.</doc>
<tag>testeTiposDados</tag>
<status status="PASS" start="2024-04-18T13:15:07.150420" elapsed="0.170571"/>
</test>
<test id="s1-s1-t5" name="Validar conteudo" line="35">
<kw name="Teste de Tipos de Conteudo" owner="random-user-service">
<kw name="GET On Session" owner="RequestsLibrary">
<msg time="2024-04-18T13:15:07.487154" level="INFO">GET Request : url=https://randomuser.me/api 
 path_url=/api 
 headers={'User-Agent': 'python-requests/2.31.0', 'Accept-Encoding': 'gzip, deflate', 'Accept': '*/*', 'Connection': 'keep-alive'} 
 body=None 
 </msg>
<msg time="2024-04-18T13:15:07.487220" level="INFO">GET Response : url=https://randomuser.me/api 
 status=200, reason=OK 
 headers={'Date': 'Thu, 18 Apr 2024 13:15:07 GMT', 'Content-Type': 'application/json; charset=utf-8', 'Transfer-Encoding': 'chunked', 'Connection': 'keep-alive', 'X-Powered-By': 'Express', 'Access-Control-Allow-Origin': '*', 'Cache-Control': 'no-cache', 'ETag': 'W/"49d-0tFwgjwOLK9SQS3CGwGNSiL1m9c"', 'Vary': 'Accept-Encoding', 'Content-Encoding': 'gzip', 'CF-Cache-Status': 'DYNAMIC', 'Report-To': '{"endpoints":[{"url":"https:\\/\\/a.nel.cloudflare.com\\/report\\/v4?s=fHqCpOdW4X3BVOfOzwGCIoP8ukBSSkcLzj4cWS6WrQZFHV27MMqKBmafCUWaHYjmzsqjJD8RWzT5xlXDvuRKOvL7lOa3jR%2FO765K%2B70OUnGvA%2BWZmCQU4Xl9PBedGpdk"}],"group":"cf-nel","max_age":604800}', 'NEL': '{"success_fraction":0,"report_to":"cf-nel","max_age":604800}', 'Server': 'cloudflare', 'CF-RAY': '8764ebfacc5d1140-ORD', 'alt-svc': 'h3=":443"; ma=86400'} 
 body={"results":[{"gender":"female","name":{"title":"Miss","first":"سارا","last":"کریمی"},"location":{"street":{"number":4593,"name":"میدان صادقیه"},"city":"سنندج","state":"مازندران","country":"Iran","postcode":10446,"coordinates":{"latitude":"17.6726","longitude":"145.7290"},"timezone":{"offset":"+1:00","description":"Brussels, Copenhagen, Madrid, Paris"}},"email":"sr.khrymy@example.com","login":{"uuid":"7d577c8a-09b7-4562-86b8-5b9bdc212907","username":"lazyfrog756","password":"pumpkins","salt":"JSCtxlGA","md5":"fc5b5b93370d5e0bea6db0793ea393ce","sha1":"09ea9ccd0d904cf72a26ed3f4952a55e7ba10df4","sha256":"f34b648fde71eb8d99c640c686fb7503b22c9631ee29353781f4ad1e9d282585"},"dob":{"date":"1978-05-10T03:02:25.126Z","age":45},"registered":{"date":"2017-01-20T19:02:26.119Z","age":7},"phone":"081-01504400","cell":"0937-863-2808","id":{"name":"","value":null},"picture":{"large":"https://randomuser.me/api/portraits/women/81.jpg","medium":"https://randomuser.me/api/portraits/med/women/81.jpg","thumbnail":"https://randomuser.me/api/portraits/thumb/women/81.jpg"},"nat":"IR"}],"info":{"seed":"dc16f29f7a4ba073","results":1,"page":1,"version":"1.4"}} 
 </msg>
<msg time="2024-04-18T13:15:07.487282" level="INFO">/opt/hostedtoolcache/Python/3.12.3/x64/lib/python3.12/site-packages/urllib3/connectionpool.py:1103: InsecureRequestWarning: Unverified HTTPS request is being made to host 'randomuser.me'. Adding certificate verification is strongly advised. See: https://urllib3.readthedocs.io/en/latest/advanced-usage.html#tls-warnings
  warnings.warn(</msg>
<msg time="2024-04-18T13:15:07.487369" level="INFO">${response} = &lt;Response [200]&gt;</msg>
<var>${response}</var>
<arg>consultarAPI</arg>
<arg>/api</arg>
<doc>Sends a GET request on a previously created HTTP Session.</doc>
<status status="PASS" start="2024-04-18T13:15:07.324218" elapsed="0.163177"/>
</kw>
<kw name="Set Variable" owner="BuiltIn">
<msg time="2024-04-18T13:15:07.488255" level="INFO">${json_data} = {'results': [{'gender': 'female', 'name': {'title': 'Miss', 'first': 'سارا', 'last': 'کریمی'}, 'location': {'street': {'number': 4593, 'name': 'میدان صادقیه'}, 'city': 'سنندج', 'state': 'مازندران', 'c...</msg>
<var>${json_data}</var>
<arg>${response.json()}</arg>
<doc>Returns the given values which can then be assigned to a variables.</doc>
<status status="PASS" start="2024-04-18T13:15:07.487784" elapsed="0.000500"/>
</kw>
<kw name="Set Variable" owner="BuiltIn">
<msg time="2024-04-18T13:15:07.488955" level="INFO">${name_title} = Miss</msg>
<var>${name_title}</var>
<arg>${json_data["results"][0]["name"]["title"]}</arg>
<doc>Returns the given values which can then be assigned to a variables.</doc>
<status status="PASS" start="2024-04-18T13:15:07.488584" elapsed="0.000396"/>
</kw>
<kw name="Create List" owner="BuiltIn">
<msg time="2024-04-18T13:15:07.489417" level="INFO">${allowed_titles} = ['Mr', 'Ms', 'Miss', 'Mrs', 'Madame', 'Monsieur']</msg>
<var>${allowed_titles}</var>
<arg>Mr</arg>
<arg>Ms</arg>
<arg>Miss</arg>
<arg>Mrs</arg>
<arg>Madame</arg>
<arg>Monsieur</arg>
<doc>Returns a list containing given items.</doc>
<status status="PASS" start="2024-04-18T13:15:07.489273" elapsed="0.000168"/>
</kw>
<kw name="List Should Contain Value" owner="Collections">
<msg time="2024-04-18T13:15:07.489942" level="INFO">False</msg>
<arg>${allowed_titles}</arg>
<arg>${name_title}</arg>
<doc>Fails if the ``value`` is not found from ``list``.</doc>
<status status="PASS" start="2024-04-18T13:15:07.489778" elapsed="0.000198"/>
</kw>
<kw name="Set Variable" owner="BuiltIn">
<msg time="2024-04-18T13:15:07.490633" level="INFO">${name_country} = IR</msg>
<var>${name_country}</var>
<arg>${json_data["results"][0]["nat"]}</arg>
<doc>Returns the given values which can then be assigned to a variables.</doc>
<status status="PASS" start="2024-04-18T13:15:07.490257" elapsed="0.000400"/>
</kw>
<kw name="Create List" owner="BuiltIn">
<msg time="2024-04-18T13:15:07.491531" level="INFO">${list_country} = ['AD', 'AE', 'AF', 'AG', 'AI', 'AL', 'AM', 'AO', 'AQ', 'AR', 'AS', 'AT', 'AU', 'AW', 'AX', 'AZ', 'BA', 'BB', 'BD', 'BE', 'BF', 'BG', 'BH', 'BI', 'BJ', 'BL', 'BM', 'BN', 'BO', 'BQ', 'BR', 'BS', 'BT', '...</msg>
<var>${list_country}</var>
<arg>AD</arg>
<arg>AE</arg>
<arg>AF</arg>
<arg>AG</arg>
<arg>AI</arg>
<arg>AL</arg>
<arg>AM</arg>
<arg>AO</arg>
<arg>AQ</arg>
<arg>AR</arg>
<arg>AS</arg>
<arg>AT</arg>
<arg>AU</arg>
<arg>AW</arg>
<arg>AX</arg>
<arg>AZ</arg>
<arg>BA</arg>
<arg>BB</arg>
<arg>BD</arg>
<arg>BE</arg>
<arg>BF</arg>
<arg>BG</arg>
<arg>BH</arg>
<arg>BI</arg>
<arg>BJ</arg>
<arg>BL</arg>
<arg>BM</arg>
<arg>BN</arg>
<arg>BO</arg>
<arg>BQ</arg>
<arg>BR</arg>
<arg>BS</arg>
<arg>BT</arg>
<arg>BV</arg>
<arg>BW</arg>
<arg>BY</arg>
<arg>BZ</arg>
<arg>CA</arg>
<arg>CC</arg>
<arg>CD</arg>
<arg>CF</arg>
<arg>CG</arg>
<arg>CH</arg>
<arg>CI</arg>
<arg>CK</arg>
<arg>CL</arg>
<arg>CM</arg>
<arg>CN</arg>
<arg>CO</arg>
<arg>CR</arg>
<arg>CU</arg>
<arg>CV</arg>
<arg>CW</arg>
<arg>CX</arg>
<arg>CY</arg>
<arg>CZ</arg>
<arg>DE</arg>
<arg>DJ</arg>
<arg>DK</arg>
<arg>DM</arg>
<arg>DO</arg>
<arg>DZ</arg>
<arg>EC</arg>
<arg>EE</arg>
<arg>EG</arg>
<arg>EH</arg>
<arg>ER</arg>
<arg>ES</arg>
<arg>ET</arg>
<arg>FI</arg>
<arg>FJ</arg>
<arg>FK</arg>
<arg>FM</arg>
<arg>FO</arg>
<arg>FR</arg>
<arg>GA</arg>
<arg>GB</arg>
<arg>GD</arg>
<arg>GE</arg>
<arg>GF</arg>
<arg>GG</arg>
<arg>GH</arg>
<arg>GI</arg>
<arg>GL</arg>
<arg>GM</arg>
<arg>GN</arg>
<arg>GP</arg>
<arg>GQ</arg>
<arg>GR</arg>
<arg>GS</arg>
<arg>GT</arg>
<arg>GU</arg>
<arg>GW</arg>
<arg>GY</arg>
<arg>HK</arg>
<arg>HM</arg>
<arg>HN</arg>
<arg>HR</arg>
<arg>HT</arg>
<arg>HU</arg>
<arg>ID</arg>
<arg>IE</arg>
<arg>IL</arg>
<arg>IM</arg>
<arg>IN</arg>
<arg>IO</arg>
<arg>IQ</arg>
<arg>IR</arg>
<arg>IS</arg>
<arg>IT</arg>
<arg>JE</arg>
<arg>JM</arg>
<arg>JO</arg>
<arg>JP</arg>
<arg>KE</arg>
<arg>KG</arg>
<arg>KH</arg>
<arg>KI</arg>
<arg>KM</arg>
<arg>KN</arg>
<arg>KP</arg>
<arg>KR</arg>
<arg>KW</arg>
<arg>KY</arg>
<arg>KZ</arg>
<arg>LA</arg>
<arg>LB</arg>
<arg>LC</arg>
<arg>LI</arg>
<arg>LK</arg>
<arg>LR</arg>
<arg>LS</arg>
<arg>LT</arg>
<arg>LU</arg>
<arg>LV</arg>
<arg>LY</arg>
<arg>MA</arg>
<arg>MC</arg>
<arg>MD</arg>
<arg>ME</arg>
<arg>MF</arg>
<arg>MG</arg>
<arg>MH</arg>
<arg>MK</arg>
<arg>ML</arg>
<arg>MM</arg>
<arg>MN</arg>
<arg>MO</arg>
<arg>MP</arg>
<arg>MQ</arg>
<arg>MR</arg>
<arg>MS</arg>
<arg>MT</arg>
<arg>MU</arg>
<arg>MV</arg>
<arg>MW</arg>
<arg>MX</arg>
<arg>MY</arg>
<arg>MZ</arg>
<arg>NA</arg>
<arg>NC</arg>
<arg>NE</arg>
<arg>NF</arg>
<arg>NG</arg>
<arg>NI</arg>
<arg>NL</arg>
<arg>NO</arg>
<arg>NP</arg>
<arg>NR</arg>
<arg>NU</arg>
<arg>NZ</arg>
<arg>OM</arg>
<arg>PA</arg>
<arg>PE</arg>
<arg>PF</arg>
<arg>PG</arg>
<arg>PH</arg>
<arg>PK</arg>
<arg>PL</arg>
<arg>PM</arg>
<arg>PN</arg>
<arg>PR</arg>
<arg>PS</arg>
<arg>PT</arg>
<arg>PW</arg>
<arg>PY</arg>
<arg>QA</arg>
<arg>RE</arg>
<arg>RO</arg>
<arg>RS</arg>
<arg>RU</arg>
<arg>RW</arg>
<arg>SA</arg>
<arg>SB</arg>
<arg>SC</arg>
<arg>SD</arg>
<arg>SE</arg>
<arg>SG</arg>
<arg>SH</arg>
<arg>SI</arg>
<arg>SJ</arg>
<arg>SK</arg>
<arg>SL</arg>
<arg>SM</arg>
<arg>SN</arg>
<arg>SO</arg>
<arg>SR</arg>
<arg>SS</arg>
<arg>ST</arg>
<arg>SV</arg>
<arg>SX</arg>
<arg>SY</arg>
<arg>SZ</arg>
<arg>TC</arg>
<arg>TD</arg>
<arg>TF</arg>
<arg>TG</arg>
<arg>TH</arg>
<arg>TJ</arg>
<arg>TK</arg>
<arg>TL</arg>
<arg>TM</arg>
<arg>TN</arg>
<arg>TO</arg>
<arg>TR</arg>
<arg>TT</arg>
<arg>TV</arg>
<arg>TW</arg>
<arg>TZ</arg>
<arg>UA</arg>
<arg>UG</arg>
<arg>UM</arg>
<arg>US</arg>
<arg>UY</arg>
<arg>UZ</arg>
<arg>VA</arg>
<arg>VC</arg>
<arg>VE</arg>
<arg>VG</arg>
<arg>VI</arg>
<arg>VN</arg>
<arg>VU</arg>
<arg>WF</arg>
<arg>WS</arg>
<arg>XK</arg>
<arg>YE</arg>
<arg>YT</arg>
<arg>ZA</arg>
<arg>ZM</arg>
<arg>ZW</arg>
<doc>Returns a list containing given items.</doc>
<status status="PASS" start="2024-04-18T13:15:07.490951" elapsed="0.000606"/>
</kw>
<kw name="List Should Contain Value" owner="Collections">
<msg time="2024-04-18T13:15:07.492531" level="INFO">False</msg>
<arg>${list_country}</arg>
<arg>${name_country}</arg>
<doc>Fails if the ``value`` is not found from ``list``.</doc>
<status status="PASS" start="2024-04-18T13:15:07.492336" elapsed="0.000231"/>
</kw>
<kw name="Run Keyword If" owner="BuiltIn">
<kw name="Should Be True" owner="BuiltIn">
<arg>${True}</arg>
<doc>Fails if the given condition is not true.</doc>
<status status="PASS" start="2024-04-18T13:15:07.493646" elapsed="0.000243"/>
</kw>
<arg>${json_data["results"][0]["location"]["coordinates"]["latitude"]} &gt;= -90 and ${json_data["results"][0]["location"]["coordinates"]["latitude"]} &lt;= 90</arg>
<arg>Should Be True</arg>
<arg>${True}</arg>
<doc>Runs the given keyword with the given arguments, if ``condition`` is true.</doc>
<status status="PASS" start="2024-04-18T13:15:07.492874" elapsed="0.001146"/>
</kw>
<kw name="Run Keyword If" owner="BuiltIn">
<kw name="Should Be True" owner="BuiltIn">
<arg>${True}</arg>
<doc>Fails if the given condition is not true.</doc>
<status status="PASS" start="2024-04-18T13:15:07.494908" elapsed="0.000138"/>
</kw>
<arg>${json_data["results"][0]["location"]["coordinates"]["longitude"]} &gt;= -180 and ${json_data["results"][0]["location"]["coordinates"]["longitude"]} &lt;= 180</arg>
<arg>Should Be True</arg>
<arg>${True}</arg>
<doc>Runs the given keyword with the given arguments, if ``condition`` is true.</doc>
<status status="PASS" start="2024-04-18T13:15:07.494208" elapsed="0.000960"/>
</kw>
<status status="PASS" start="2024-04-18T13:15:07.323856" elapsed="0.171438"/>
</kw>
<doc>Testa o conteúdo específico dos campos retornados pela API.</doc>
<tag>testeConteudo</tag>
<status status="PASS" start="2024-04-18T13:15:07.323192" elapsed="0.172241"/>
</test>
<status status="PASS" start="2024-04-18T13:15:06.582466" elapsed="0.914845"/>
</suite>
<status status="PASS" start="2024-04-18T13:15:06.569012" elapsed="0.933328"/>
</suite>
<statistics>
<total>
<stat pass="5" fail="0" skip="0">All Tests</stat>
</total>
<tag>
<stat pass="1" fail="0" skip="0">testeConteudo</stat>
<stat pass="1" fail="0" skip="0">testeEstruturaResposta</stat>
<stat pass="1" fail="0" skip="0">testeRequisicaoBasica</stat>
<stat pass="1" fail="0" skip="0">testeTiposDados</stat>
</tag>
<suite>
<stat pass="5" fail="0" skip="0" id="s1" name="Tests">Tests</stat>
<stat pass="5" fail="0" skip="0" id="s1-s1" name="Random-User-Test">Tests.Random-User-Test</stat>
</suite>
</statistics>
<errors>
</errors>
</robot>
