<?xml version="1.0" encoding="UTF-8"?>
<robot generator="Robot 7.0 (Python 3.12.3 on linux)" generated="2024-06-08T20:14:26.188061" rpa="false" schemaversion="5">
<suite id="s1" name="Tests" source="/home/runner/work/ApiRandomUser/ApiRandomUser/RamdonUser/tests">
<suite id="s1-s1" name="Random-User-Test" source="/home/runner/work/ApiRandomUser/ApiRandomUser/RamdonUser/tests/random-user-test.robot">
<test id="s1-s1-t1" name="Conectar" line="13">
<kw name="Conectar API" owner="random-user-service">
<kw name="Create Session" owner="RequestsLibrary">
<msg time="2024-06-08T20:14:26.592309" level="INFO">Creating Session using : alias=consultarAPI, url=https://randomuser.me/, headers={},                     cookies={}, auth=None, timeout=None, proxies=None, verify=False,                     debug=0 </msg>
<arg>consultarAPI</arg>
<arg>${URL}</arg>
<doc>Create Session: create a HTTP session to a server</doc>
<status status="PASS" start="2024-06-08T20:14:26.592098" elapsed="0.000396"/>
</kw>
<status status="PASS" start="2024-06-08T20:14:26.591013" elapsed="0.001838"/>
</kw>
<status status="PASS" start="2024-06-08T20:14:26.590385" elapsed="0.002661"/>
</test>
<test id="s1-s1-t2" name="Validar retorno 200 e JSON Válido" line="16">
<kw name="Teste de Requisicao Basica" owner="random-user-service">
<kw name="GET On Session" owner="RequestsLibrary">
<msg time="2024-06-08T20:14:26.825392" level="INFO">GET Request : url=https://randomuser.me/api 
 path_url=/api 
 headers={'User-Agent': 'python-requests/2.32.3', 'Accept-Encoding': 'gzip, deflate', 'Accept': '*/*', 'Connection': 'keep-alive'} 
 body=None 
 </msg>
<msg time="2024-06-08T20:14:26.825542" level="INFO">GET Response : url=https://randomuser.me/api 
 status=200, reason=OK 
 headers={'Date': 'Sat, 08 Jun 2024 20:14:26 GMT', 'Content-Type': 'application/json; charset=utf-8', 'Transfer-Encoding': 'chunked', 'Connection': 'keep-alive', 'X-Powered-By': 'Express', 'Access-Control-Allow-Origin': '*', 'Cache-Control': 'no-cache', 'ETag': 'W/"49f-bf3tOKPIXhdKRMgePCYJEHs0Hqk"', 'Vary': 'Accept-Encoding', 'Content-Encoding': 'gzip', 'CF-Cache-Status': 'DYNAMIC', 'Report-To': '{"endpoints":[{"url":"https:\\/\\/a.nel.cloudflare.com\\/report\\/v4?s=gwQWEuh5swukZuWn2NvipS70YxhoT9de082X8%2FQGAIIkCjexcWI7qyCZQOzE9nvg3pQTGBjCrzIe0YfDTgCBxf7yyl7vdzLW2Bv6G2BcOzghMOXLFvcBAP5hYvPhCGTi"}],"group":"cf-nel","max_age":604800}', 'NEL': '{"success_fraction":0,"report_to":"cf-nel","max_age":604800}', 'Server': 'cloudflare', 'CF-RAY': '890b8c5979963904-IAD', 'alt-svc': 'h3=":443"; ma=86400'} 
 body={"results":[{"gender":"male","name":{"title":"Mr","first":"Abhishek","last":"Pai"},"location":{"street":{"number":8232,"name":"Sitabuldi Main Rd"},"city":"Satara","state":"Andaman and Nicobar Islands","country":"India","postcode":28697,"coordinates":{"latitude":"9.2617","longitude":"-74.9734"},"timezone":{"offset":"+3:00","description":"Baghdad, Riyadh, Moscow, St. Petersburg"}},"email":"abhishek.pai@example.com","login":{"uuid":"0a8ded03-636f-4140-932c-bb1c70f60508","username":"bigrabbit767","password":"calibra","salt":"znx0grcw","md5":"8d8a54f47097a700f6dde70bc81f3248","sha1":"98503a77730f3b83a8b50e91550080d2ae36d237","sha256":"602d16ccd3f1fedc98768968da0c978f2f92e5ada87b2bce05d49c6fd87fb6dc"},"dob":{"date":"1986-06-27T19:18:23.381Z","age":37},"registered":{"date":"2003-10-09T18:18:06.221Z","age":20},"phone":"8094030508","cell":"7367462105","id":{"name":"UIDAI","value":"591079640844"},"picture":{"large":"https://randomuser.me/api/portraits/men/77.jpg","medium":"https://randomuser.me/api/portraits/med/men/77.jpg","thumbnail":"https://randomuser.me/api/portraits/thumb/men/77.jpg"},"nat":"IN"}],"info":{"seed":"f3105ba61508680f","results":1,"page":1,"version":"1.4"}} 
 </msg>
<msg time="2024-06-08T20:14:26.825622" level="INFO">/opt/hostedtoolcache/Python/3.12.3/x64/lib/python3.12/site-packages/urllib3/connectionpool.py:1103: InsecureRequestWarning: Unverified HTTPS request is being made to host 'randomuser.me'. Adding certificate verification is strongly advised. See: https://urllib3.readthedocs.io/en/latest/advanced-usage.html#tls-warnings
  warnings.warn(</msg>
<msg time="2024-06-08T20:14:26.825783" level="INFO">${response} = &lt;Response [200]&gt;</msg>
<var>${response}</var>
<arg>consultarAPI</arg>
<arg>/api</arg>
<doc>Sends a GET request on a previously created HTTP Session.</doc>
<status status="PASS" start="2024-06-08T20:14:26.595760" elapsed="0.230066"/>
</kw>
<kw name="Should Be Equal As Numbers" owner="BuiltIn">
<msg time="2024-06-08T20:14:26.826794" level="INFO">Argument types are:
&lt;class 'int'&gt;
&lt;class 'str'&gt;</msg>
<arg>${response.status_code}</arg>
<arg>200</arg>
<doc>Fails if objects are unequal after converting them to real numbers.</doc>
<status status="PASS" start="2024-06-08T20:14:26.826329" elapsed="0.000530"/>
</kw>
<kw name="Log" owner="BuiltIn">
<msg time="2024-06-08T20:14:26.827546" level="INFO">200</msg>
<arg>${response.status_code}</arg>
<doc>Logs the given message with the given level.</doc>
<status status="PASS" start="2024-06-08T20:14:26.827202" elapsed="0.000392"/>
</kw>
<kw name="Set Variable" owner="BuiltIn">
<msg time="2024-06-08T20:14:26.828359" level="INFO">${json_data} = {'results': [{'gender': 'male', 'name': {'title': 'Mr', 'first': 'Abhishek', 'last': 'Pai'}, 'location': {'street': {'number': 8232, 'name': 'Sitabuldi Main Rd'}, 'city': 'Satara', 'state': 'Andaman a...</msg>
<var>${json_data}</var>
<arg>${response.json()}</arg>
<doc>Returns the given values which can then be assigned to a variables.</doc>
<status status="PASS" start="2024-06-08T20:14:26.827929" elapsed="0.000459"/>
</kw>
<kw name="Dictionary Should Contain Key" owner="Collections">
<msg time="2024-06-08T20:14:26.828862" level="INFO">False</msg>
<arg>${json_data}</arg>
<arg>results</arg>
<doc>Fails if ``key`` is not found from ``dictionary``.</doc>
<status status="PASS" start="2024-06-08T20:14:26.828690" elapsed="0.000369"/>
</kw>
<status status="PASS" start="2024-06-08T20:14:26.595476" elapsed="0.233848"/>
</kw>
<doc>Testa se a API responde corretamente e retorna um objeto JSON válido.</doc>
<tag>testeRequisicaoBasica</tag>
<status status="PASS" start="2024-06-08T20:14:26.594942" elapsed="0.234564"/>
</test>
<test id="s1-s1-t3" name="Validar estrutura de resposta" line="22">
<kw name="Teste de Estrutura de Resposta" owner="random-user-service">
<kw name="GET On Session" owner="RequestsLibrary">
<msg time="2024-06-08T20:14:26.926825" level="INFO">GET Request : url=https://randomuser.me/api 
 path_url=/api 
 headers={'User-Agent': 'python-requests/2.32.3', 'Accept-Encoding': 'gzip, deflate', 'Accept': '*/*', 'Connection': 'keep-alive'} 
 body=None 
 </msg>
<msg time="2024-06-08T20:14:26.926931" level="INFO">GET Response : url=https://randomuser.me/api 
 status=200, reason=OK 
 headers={'Date': 'Sat, 08 Jun 2024 20:14:26 GMT', 'Content-Type': 'application/json; charset=utf-8', 'Transfer-Encoding': 'chunked', 'Connection': 'keep-alive', 'X-Powered-By': 'Express', 'Access-Control-Allow-Origin': '*', 'Cache-Control': 'no-cache', 'ETag': 'W/"4c1-fYasUA4nLTr65tRfiiszsJgdvLE"', 'Vary': 'Accept-Encoding', 'Content-Encoding': 'gzip', 'CF-Cache-Status': 'DYNAMIC', 'Report-To': '{"endpoints":[{"url":"https:\\/\\/a.nel.cloudflare.com\\/report\\/v4?s=9iHabT4gbulcAk6rNAEUuo%2Bu6NBfsTFttzkpA5cJJNvlW4OeQOs6JZNL7lfIGkspvw%2BBnN%2FgSENUbrHg1AcKBQOQw5B6xfh5yoBmtU3oDKRYda3E%2BKSH%2FC1%2B5Pywgbv9"}],"group":"cf-nel","max_age":604800}', 'NEL': '{"success_fraction":0,"report_to":"cf-nel","max_age":604800}', 'Server': 'cloudflare', 'CF-RAY': '890b8c59b9cd3904-IAD', 'alt-svc': 'h3=":443"; ma=86400'} 
 body={"results":[{"gender":"male","name":{"title":"Mr","first":"Luis Miguel","last":"Alcaraz"},"location":{"street":{"number":4539,"name":"Ampliación Norte Vásquez"},"city":"Arroyo Grande","state":"Baja California Sur","country":"Mexico","postcode":47838,"coordinates":{"latitude":"28.6352","longitude":"-47.2816"},"timezone":{"offset":"+3:00","description":"Baghdad, Riyadh, Moscow, St. Petersburg"}},"email":"luismiguel.alcaraz@example.com","login":{"uuid":"90970016-0e69-4e44-9af5-254ac2686b0e","username":"yellowgoose220","password":"orlando","salt":"b6xM6prt","md5":"ea7d1d3de70aa855b408a13dfcbc3b43","sha1":"948a63e2ff266b43f7a63471c73925930fbc1d6b","sha256":"cc76667529a25dca45ce4e24de2e7ce3d30a032674b10574ecd9c6e9c12df3fe"},"dob":{"date":"1963-07-09T05:17:08.329Z","age":60},"registered":{"date":"2007-05-23T17:30:05.656Z","age":17},"phone":"(671) 353 7098","cell":"(618) 604 9024","id":{"name":"NSS","value":"98 12 55 5328 5"},"picture":{"large":"https://randomuser.me/api/portraits/men/64.jpg","medium":"https://randomuser.me/api/portraits/med/men/64.jpg","thumbnail":"https://randomuser.me/api/portraits/thumb/men/64.jpg"},"nat":"MX"}],"info":{"seed":"a1b6708effbd6f5e","results":1,"page":1,"version":"1.4"}} 
 </msg>
<msg time="2024-06-08T20:14:26.927066" level="INFO">/opt/hostedtoolcache/Python/3.12.3/x64/lib/python3.12/site-packages/urllib3/connectionpool.py:1103: InsecureRequestWarning: Unverified HTTPS request is being made to host 'randomuser.me'. Adding certificate verification is strongly advised. See: https://urllib3.readthedocs.io/en/latest/advanced-usage.html#tls-warnings
  warnings.warn(</msg>
<msg time="2024-06-08T20:14:26.927207" level="INFO">${response} = &lt;Response [200]&gt;</msg>
<var>${response}</var>
<arg>consultarAPI</arg>
<arg>/api</arg>
<doc>Sends a GET request on a previously created HTTP Session.</doc>
<status status="PASS" start="2024-06-08T20:14:26.832236" elapsed="0.095013"/>
</kw>
<kw name="Set Variable" owner="BuiltIn">
<msg time="2024-06-08T20:14:26.928263" level="INFO">${json_data} = {'results': [{'gender': 'male', 'name': {'title': 'Mr', 'first': 'Luis Miguel', 'last': 'Alcaraz'}, 'location': {'street': {'number': 4539, 'name': 'Ampliación Norte Vásquez'}, 'city': 'Arroyo Grande'...</msg>
<var>${json_data}</var>
<arg>${response.json()}</arg>
<doc>Returns the given values which can then be assigned to a variables.</doc>
<status status="PASS" start="2024-06-08T20:14:26.927745" elapsed="0.000548"/>
</kw>
<kw name="Log" owner="BuiltIn">
<msg time="2024-06-08T20:14:26.928768" level="INFO">{'results': [{'gender': 'male', 'name': {'title': 'Mr', 'first': 'Luis Miguel', 'last': 'Alcaraz'}, 'location': {'street': {'number': 4539, 'name': 'Ampliación Norte Vásquez'}, 'city': 'Arroyo Grande', 'state': 'Baja California Sur', 'country': 'Mexico', 'postcode': 47838, 'coordinates': {'latitude': '28.6352', 'longitude': '-47.2816'}, 'timezone': {'offset': '+3:00', 'description': 'Baghdad, Riyadh, Moscow, St. Petersburg'}}, 'email': 'luismiguel.alcaraz@example.com', 'login': {'uuid': '90970016-0e69-4e44-9af5-254ac2686b0e', 'username': 'yellowgoose220', 'password': 'orlando', 'salt': 'b6xM6prt', 'md5': 'ea7d1d3de70aa855b408a13dfcbc3b43', 'sha1': '948a63e2ff266b43f7a63471c73925930fbc1d6b', 'sha256': 'cc76667529a25dca45ce4e24de2e7ce3d30a032674b10574ecd9c6e9c12df3fe'}, 'dob': {'date': '1963-07-09T05:17:08.329Z', 'age': 60}, 'registered': {'date': '2007-05-23T17:30:05.656Z', 'age': 17}, 'phone': '(671) 353 7098', 'cell': '(618) 604 9024', 'id': {'name': 'NSS', 'value': '98 12 55 5328 5'}, 'picture': {'large': 'https://randomuser.me/api/portraits/men/64.jpg', 'medium': 'https://randomuser.me/api/portraits/med/men/64.jpg', 'thumbnail': 'https://randomuser.me/api/portraits/thumb/men/64.jpg'}, 'nat': 'MX'}], 'info': {'seed': 'a1b6708effbd6f5e', 'results': 1, 'page': 1, 'version': '1.4'}}</msg>
<arg>${json_data}</arg>
<doc>Logs the given message with the given level.</doc>
<status status="PASS" start="2024-06-08T20:14:26.928608" elapsed="0.000209"/>
</kw>
<kw name="Dictionary Should Contain Key" owner="Collections">
<msg time="2024-06-08T20:14:26.929270" level="INFO">False</msg>
<arg>${json_data}</arg>
<arg>results</arg>
<doc>Fails if ``key`` is not found from ``dictionary``.</doc>
<status status="PASS" start="2024-06-08T20:14:26.929116" elapsed="0.000193"/>
</kw>
<kw name="Should Not Be Empty" owner="BuiltIn">
<msg time="2024-06-08T20:14:26.929753" level="INFO">Length is 2.</msg>
<arg>${json_data}</arg>
<doc>Verifies that the given item is not empty.</doc>
<status status="PASS" start="2024-06-08T20:14:26.929606" elapsed="0.000196"/>
</kw>
<kw name="Create List" owner="BuiltIn">
<msg time="2024-06-08T20:14:26.930243" level="INFO">${expected_keys} = ['gender', 'name', 'location', 'email', 'login']</msg>
<var>${expected_keys}</var>
<arg>gender</arg>
<arg>name</arg>
<arg>location</arg>
<arg>email</arg>
<arg>login</arg>
<doc>Returns a list containing given items.</doc>
<status status="PASS" start="2024-06-08T20:14:26.930096" elapsed="0.000171"/>
</kw>
<for flavor="IN">
<iter>
<kw name="Dictionary Should Contain Key" owner="Collections">
<msg time="2024-06-08T20:14:26.931269" level="INFO">False</msg>
<arg>${json_data['results'][0]}</arg>
<arg>${key}</arg>
<doc>Fails if ``key`` is not found from ``dictionary``.</doc>
<status status="PASS" start="2024-06-08T20:14:26.930854" elapsed="0.000458"/>
</kw>
<kw name="Log" owner="BuiltIn">
<msg time="2024-06-08T20:14:26.932015" level="INFO">{'gender': 'male', 'name': {'title': 'Mr', 'first': 'Luis Miguel', 'last': 'Alcaraz'}, 'location': {'street': {'number': 4539, 'name': 'Ampliación Norte Vásquez'}, 'city': 'Arroyo Grande', 'state': 'Baja California Sur', 'country': 'Mexico', 'postcode': 47838, 'coordinates': {'latitude': '28.6352', 'longitude': '-47.2816'}, 'timezone': {'offset': '+3:00', 'description': 'Baghdad, Riyadh, Moscow, St. Petersburg'}}, 'email': 'luismiguel.alcaraz@example.com', 'login': {'uuid': '90970016-0e69-4e44-9af5-254ac2686b0e', 'username': 'yellowgoose220', 'password': 'orlando', 'salt': 'b6xM6prt', 'md5': 'ea7d1d3de70aa855b408a13dfcbc3b43', 'sha1': '948a63e2ff266b43f7a63471c73925930fbc1d6b', 'sha256': 'cc76667529a25dca45ce4e24de2e7ce3d30a032674b10574ecd9c6e9c12df3fe'}, 'dob': {'date': '1963-07-09T05:17:08.329Z', 'age': 60}, 'registered': {'date': '2007-05-23T17:30:05.656Z', 'age': 17}, 'phone': '(671) 353 7098', 'cell': '(618) 604 9024', 'id': {'name': 'NSS', 'value': '98 12 55 5328 5'}, 'picture': {'large': 'https://randomuser.me/api/portraits/men/64.jpg', 'medium': 'https://randomuser.me/api/portraits/med/men/64.jpg', 'thumbnail': 'https://randomuser.me/api/portraits/thumb/men/64.jpg'}, 'nat': 'MX'}</msg>
<arg>${json_data['results'][0]}</arg>
<doc>Logs the given message with the given level.</doc>
<status status="PASS" start="2024-06-08T20:14:26.931611" elapsed="0.000457"/>
</kw>
<kw name="Log" owner="BuiltIn">
<msg time="2024-06-08T20:14:26.932502" level="INFO">gender</msg>
<arg>${key}</arg>
<doc>Logs the given message with the given level.</doc>
<status status="PASS" start="2024-06-08T20:14:26.932373" elapsed="0.000167"/>
</kw>
<var name="${key}">gender</var>
<status status="PASS" start="2024-06-08T20:14:26.930717" elapsed="0.002037"/>
</iter>
<iter>
<kw name="Dictionary Should Contain Key" owner="Collections">
<msg time="2024-06-08T20:14:26.933478" level="INFO">False</msg>
<arg>${json_data['results'][0]}</arg>
<arg>${key}</arg>
<doc>Fails if ``key`` is not found from ``dictionary``.</doc>
<status status="PASS" start="2024-06-08T20:14:26.933058" elapsed="0.000458"/>
</kw>
<kw name="Log" owner="BuiltIn">
<msg time="2024-06-08T20:14:26.934191" level="INFO">{'gender': 'male', 'name': {'title': 'Mr', 'first': 'Luis Miguel', 'last': 'Alcaraz'}, 'location': {'street': {'number': 4539, 'name': 'Ampliación Norte Vásquez'}, 'city': 'Arroyo Grande', 'state': 'Baja California Sur', 'country': 'Mexico', 'postcode': 47838, 'coordinates': {'latitude': '28.6352', 'longitude': '-47.2816'}, 'timezone': {'offset': '+3:00', 'description': 'Baghdad, Riyadh, Moscow, St. Petersburg'}}, 'email': 'luismiguel.alcaraz@example.com', 'login': {'uuid': '90970016-0e69-4e44-9af5-254ac2686b0e', 'username': 'yellowgoose220', 'password': 'orlando', 'salt': 'b6xM6prt', 'md5': 'ea7d1d3de70aa855b408a13dfcbc3b43', 'sha1': '948a63e2ff266b43f7a63471c73925930fbc1d6b', 'sha256': 'cc76667529a25dca45ce4e24de2e7ce3d30a032674b10574ecd9c6e9c12df3fe'}, 'dob': {'date': '1963-07-09T05:17:08.329Z', 'age': 60}, 'registered': {'date': '2007-05-23T17:30:05.656Z', 'age': 17}, 'phone': '(671) 353 7098', 'cell': '(618) 604 9024', 'id': {'name': 'NSS', 'value': '98 12 55 5328 5'}, 'picture': {'large': 'https://randomuser.me/api/portraits/men/64.jpg', 'medium': 'https://randomuser.me/api/portraits/med/men/64.jpg', 'thumbnail': 'https://randomuser.me/api/portraits/thumb/men/64.jpg'}, 'nat': 'MX'}</msg>
<arg>${json_data['results'][0]}</arg>
<doc>Logs the given message with the given level.</doc>
<status status="PASS" start="2024-06-08T20:14:26.933819" elapsed="0.000422"/>
</kw>
<kw name="Log" owner="BuiltIn">
<msg time="2024-06-08T20:14:26.934664" level="INFO">name</msg>
<arg>${key}</arg>
<doc>Logs the given message with the given level.</doc>
<status status="PASS" start="2024-06-08T20:14:26.934538" elapsed="0.000164"/>
</kw>
<var name="${key}">name</var>
<status status="PASS" start="2024-06-08T20:14:26.932941" elapsed="0.001982"/>
</iter>
<iter>
<kw name="Dictionary Should Contain Key" owner="Collections">
<msg time="2024-06-08T20:14:26.935600" level="INFO">False</msg>
<arg>${json_data['results'][0]}</arg>
<arg>${key}</arg>
<doc>Fails if ``key`` is not found from ``dictionary``.</doc>
<status status="PASS" start="2024-06-08T20:14:26.935217" elapsed="0.000442"/>
</kw>
<kw name="Log" owner="BuiltIn">
<msg time="2024-06-08T20:14:26.936342" level="INFO">{'gender': 'male', 'name': {'title': 'Mr', 'first': 'Luis Miguel', 'last': 'Alcaraz'}, 'location': {'street': {'number': 4539, 'name': 'Ampliación Norte Vásquez'}, 'city': 'Arroyo Grande', 'state': 'Baja California Sur', 'country': 'Mexico', 'postcode': 47838, 'coordinates': {'latitude': '28.6352', 'longitude': '-47.2816'}, 'timezone': {'offset': '+3:00', 'description': 'Baghdad, Riyadh, Moscow, St. Petersburg'}}, 'email': 'luismiguel.alcaraz@example.com', 'login': {'uuid': '90970016-0e69-4e44-9af5-254ac2686b0e', 'username': 'yellowgoose220', 'password': 'orlando', 'salt': 'b6xM6prt', 'md5': 'ea7d1d3de70aa855b408a13dfcbc3b43', 'sha1': '948a63e2ff266b43f7a63471c73925930fbc1d6b', 'sha256': 'cc76667529a25dca45ce4e24de2e7ce3d30a032674b10574ecd9c6e9c12df3fe'}, 'dob': {'date': '1963-07-09T05:17:08.329Z', 'age': 60}, 'registered': {'date': '2007-05-23T17:30:05.656Z', 'age': 17}, 'phone': '(671) 353 7098', 'cell': '(618) 604 9024', 'id': {'name': 'NSS', 'value': '98 12 55 5328 5'}, 'picture': {'large': 'https://randomuser.me/api/portraits/men/64.jpg', 'medium': 'https://randomuser.me/api/portraits/med/men/64.jpg', 'thumbnail': 'https://randomuser.me/api/portraits/thumb/men/64.jpg'}, 'nat': 'MX'}</msg>
<arg>${json_data['results'][0]}</arg>
<doc>Logs the given message with the given level.</doc>
<status status="PASS" start="2024-06-08T20:14:26.935974" elapsed="0.000418"/>
</kw>
<kw name="Log" owner="BuiltIn">
<msg time="2024-06-08T20:14:26.936811" level="INFO">location</msg>
<arg>${key}</arg>
<doc>Logs the given message with the given level.</doc>
<status status="PASS" start="2024-06-08T20:14:26.936686" elapsed="0.000163"/>
</kw>
<var name="${key}">location</var>
<status status="PASS" start="2024-06-08T20:14:26.935103" elapsed="0.001961"/>
</iter>
<iter>
<kw name="Dictionary Should Contain Key" owner="Collections">
<msg time="2024-06-08T20:14:26.937852" level="INFO">False</msg>
<arg>${json_data['results'][0]}</arg>
<arg>${key}</arg>
<doc>Fails if ``key`` is not found from ``dictionary``.</doc>
<status status="PASS" start="2024-06-08T20:14:26.937350" elapsed="0.000541"/>
</kw>
<kw name="Log" owner="BuiltIn">
<msg time="2024-06-08T20:14:26.938552" level="INFO">{'gender': 'male', 'name': {'title': 'Mr', 'first': 'Luis Miguel', 'last': 'Alcaraz'}, 'location': {'street': {'number': 4539, 'name': 'Ampliación Norte Vásquez'}, 'city': 'Arroyo Grande', 'state': 'Baja California Sur', 'country': 'Mexico', 'postcode': 47838, 'coordinates': {'latitude': '28.6352', 'longitude': '-47.2816'}, 'timezone': {'offset': '+3:00', 'description': 'Baghdad, Riyadh, Moscow, St. Petersburg'}}, 'email': 'luismiguel.alcaraz@example.com', 'login': {'uuid': '90970016-0e69-4e44-9af5-254ac2686b0e', 'username': 'yellowgoose220', 'password': 'orlando', 'salt': 'b6xM6prt', 'md5': 'ea7d1d3de70aa855b408a13dfcbc3b43', 'sha1': '948a63e2ff266b43f7a63471c73925930fbc1d6b', 'sha256': 'cc76667529a25dca45ce4e24de2e7ce3d30a032674b10574ecd9c6e9c12df3fe'}, 'dob': {'date': '1963-07-09T05:17:08.329Z', 'age': 60}, 'registered': {'date': '2007-05-23T17:30:05.656Z', 'age': 17}, 'phone': '(671) 353 7098', 'cell': '(618) 604 9024', 'id': {'name': 'NSS', 'value': '98 12 55 5328 5'}, 'picture': {'large': 'https://randomuser.me/api/portraits/men/64.jpg', 'medium': 'https://randomuser.me/api/portraits/med/men/64.jpg', 'thumbnail': 'https://randomuser.me/api/portraits/thumb/men/64.jpg'}, 'nat': 'MX'}</msg>
<arg>${json_data['results'][0]}</arg>
<doc>Logs the given message with the given level.</doc>
<status status="PASS" start="2024-06-08T20:14:26.938192" elapsed="0.000420"/>
</kw>
<kw name="Log" owner="BuiltIn">
<msg time="2024-06-08T20:14:26.939037" level="INFO">email</msg>
<arg>${key}</arg>
<doc>Logs the given message with the given level.</doc>
<status status="PASS" start="2024-06-08T20:14:26.938909" elapsed="0.000165"/>
</kw>
<var name="${key}">email</var>
<status status="PASS" start="2024-06-08T20:14:26.937238" elapsed="0.002050"/>
</iter>
<iter>
<kw name="Dictionary Should Contain Key" owner="Collections">
<msg time="2024-06-08T20:14:26.939989" level="INFO">False</msg>
<arg>${json_data['results'][0]}</arg>
<arg>${key}</arg>
<doc>Fails if ``key`` is not found from ``dictionary``.</doc>
<status status="PASS" start="2024-06-08T20:14:26.939585" elapsed="0.000441"/>
</kw>
<kw name="Log" owner="BuiltIn">
<msg time="2024-06-08T20:14:26.940728" level="INFO">{'gender': 'male', 'name': {'title': 'Mr', 'first': 'Luis Miguel', 'last': 'Alcaraz'}, 'location': {'street': {'number': 4539, 'name': 'Ampliación Norte Vásquez'}, 'city': 'Arroyo Grande', 'state': 'Baja California Sur', 'country': 'Mexico', 'postcode': 47838, 'coordinates': {'latitude': '28.6352', 'longitude': '-47.2816'}, 'timezone': {'offset': '+3:00', 'description': 'Baghdad, Riyadh, Moscow, St. Petersburg'}}, 'email': 'luismiguel.alcaraz@example.com', 'login': {'uuid': '90970016-0e69-4e44-9af5-254ac2686b0e', 'username': 'yellowgoose220', 'password': 'orlando', 'salt': 'b6xM6prt', 'md5': 'ea7d1d3de70aa855b408a13dfcbc3b43', 'sha1': '948a63e2ff266b43f7a63471c73925930fbc1d6b', 'sha256': 'cc76667529a25dca45ce4e24de2e7ce3d30a032674b10574ecd9c6e9c12df3fe'}, 'dob': {'date': '1963-07-09T05:17:08.329Z', 'age': 60}, 'registered': {'date': '2007-05-23T17:30:05.656Z', 'age': 17}, 'phone': '(671) 353 7098', 'cell': '(618) 604 9024', 'id': {'name': 'NSS', 'value': '98 12 55 5328 5'}, 'picture': {'large': 'https://randomuser.me/api/portraits/men/64.jpg', 'medium': 'https://randomuser.me/api/portraits/med/men/64.jpg', 'thumbnail': 'https://randomuser.me/api/portraits/thumb/men/64.jpg'}, 'nat': 'MX'}</msg>
<arg>${json_data['results'][0]}</arg>
<doc>Logs the given message with the given level.</doc>
<status status="PASS" start="2024-06-08T20:14:26.940334" elapsed="0.000460"/>
</kw>
<kw name="Log" owner="BuiltIn">
<msg time="2024-06-08T20:14:26.941259" level="INFO">login</msg>
<arg>${key}</arg>
<doc>Logs the given message with the given level.</doc>
<status status="PASS" start="2024-06-08T20:14:26.941130" elapsed="0.000166"/>
</kw>
<var name="${key}">login</var>
<status status="PASS" start="2024-06-08T20:14:26.939464" elapsed="0.002048"/>
</iter>
<var>${key}</var>
<value>@{expected_keys}</value>
<status status="PASS" start="2024-06-08T20:14:26.930528" elapsed="0.011106"/>
</for>
<kw name="Create List" owner="BuiltIn">
<msg time="2024-06-08T20:14:26.941958" level="INFO">${expected_keysTwo} = ['username', 'password']</msg>
<var>${expected_keysTwo}</var>
<arg>username</arg>
<arg>password</arg>
<doc>Returns a list containing given items.</doc>
<status status="PASS" start="2024-06-08T20:14:26.941825" elapsed="0.000157"/>
</kw>
<for flavor="IN">
<iter>
<kw name="Dictionary Should Contain Key" owner="Collections">
<msg time="2024-06-08T20:14:26.942853" level="INFO">False</msg>
<arg>${json_data['results'][0]['login']}</arg>
<arg>${keyTwo}</arg>
<doc>Fails if ``key`` is not found from ``dictionary``.</doc>
<status status="PASS" start="2024-06-08T20:14:26.942474" elapsed="0.000416"/>
</kw>
<kw name="Dictionary Should Contain Key" owner="Collections">
<msg time="2024-06-08T20:14:26.943556" level="INFO">False</msg>
<arg>${json_data['results'][0]['login']}</arg>
<arg>${keyTwo}</arg>
<doc>Fails if ``key`` is not found from ``dictionary``.</doc>
<status status="PASS" start="2024-06-08T20:14:26.943183" elapsed="0.000409"/>
</kw>
<kw name="Log" owner="BuiltIn">
<msg time="2024-06-08T20:14:26.944031" level="INFO">username</msg>
<arg>${keyTwo}</arg>
<doc>Logs the given message with the given level.</doc>
<status status="PASS" start="2024-06-08T20:14:26.943906" elapsed="0.000162"/>
</kw>
<var name="${keyTwo}">username</var>
<status status="PASS" start="2024-06-08T20:14:26.942367" elapsed="0.001913"/>
</iter>
<iter>
<kw name="Dictionary Should Contain Key" owner="Collections">
<msg time="2024-06-08T20:14:26.944937" level="INFO">False</msg>
<arg>${json_data['results'][0]['login']}</arg>
<arg>${keyTwo}</arg>
<doc>Fails if ``key`` is not found from ``dictionary``.</doc>
<status status="PASS" start="2024-06-08T20:14:26.944560" elapsed="0.000414"/>
</kw>
<kw name="Dictionary Should Contain Key" owner="Collections">
<msg time="2024-06-08T20:14:26.945655" level="INFO">False</msg>
<arg>${json_data['results'][0]['login']}</arg>
<arg>${keyTwo}</arg>
<doc>Fails if ``key`` is not found from ``dictionary``.</doc>
<status status="PASS" start="2024-06-08T20:14:26.945269" elapsed="0.000423"/>
</kw>
<kw name="Log" owner="BuiltIn">
<msg time="2024-06-08T20:14:26.946107" level="INFO">password</msg>
<arg>${keyTwo}</arg>
<doc>Logs the given message with the given level.</doc>
<status status="PASS" start="2024-06-08T20:14:26.945982" elapsed="0.000162"/>
</kw>
<var name="${keyTwo}">password</var>
<status status="PASS" start="2024-06-08T20:14:26.944451" elapsed="0.001908"/>
</iter>
<var>${keyTwo}</var>
<value>@{expected_keysTwo}</value>
<status status="PASS" start="2024-06-08T20:14:26.942216" elapsed="0.004263"/>
</for>
<status status="PASS" start="2024-06-08T20:14:26.831993" elapsed="0.114625"/>
</kw>
<doc>Testa a estrutura da resposta da API.</doc>
<tag>testeEstruturaResposta</tag>
<status status="PASS" start="2024-06-08T20:14:26.831359" elapsed="0.115423"/>
</test>
<test id="s1-s1-t4" name="Validar tipos de dados" line="28">
<kw name="Teste de Tipos de Dados" owner="random-user-service">
<kw name="GET On Session" owner="RequestsLibrary">
<msg time="2024-06-08T20:14:27.026409" level="INFO">GET Request : url=https://randomuser.me/api 
 path_url=/api 
 headers={'User-Agent': 'python-requests/2.32.3', 'Accept-Encoding': 'gzip, deflate', 'Accept': '*/*', 'Connection': 'keep-alive'} 
 body=None 
 </msg>
<msg time="2024-06-08T20:14:27.026502" level="INFO">GET Response : url=https://randomuser.me/api 
 status=200, reason=OK 
 headers={'Date': 'Sat, 08 Jun 2024 20:14:27 GMT', 'Content-Type': 'application/json; charset=utf-8', 'Transfer-Encoding': 'chunked', 'Connection': 'keep-alive', 'X-Powered-By': 'Express', 'Access-Control-Allow-Origin': '*', 'Cache-Control': 'no-cache', 'ETag': 'W/"46c-4cXFPK+py23aOmPv5SNxC0KD8yE"', 'Vary': 'Accept-Encoding', 'Content-Encoding': 'gzip', 'CF-Cache-Status': 'DYNAMIC', 'Report-To': '{"endpoints":[{"url":"https:\\/\\/a.nel.cloudflare.com\\/report\\/v4?s=3tjI%2BulaAKkML70pxyeeynZugEyFXi0Ro9X0eReaKp9nIkOXznlotB7m%2BhLFYjae%2BrjFlk0Op02I4%2FMkV3sOS%2BdQgYmDMqxu9qxNO2co%2BduZeWCVGK30n3HIlCOk0%2FbL"}],"group":"cf-nel","max_age":604800}', 'NEL': '{"success_fraction":0,"report_to":"cf-nel","max_age":604800}', 'Server': 'cloudflare', 'CF-RAY': '890b8c5a7a833904-IAD', 'alt-svc': 'h3=":443"; ma=86400'} 
 body={"results":[{"gender":"male","name":{"title":"Mr","first":"Peresvit","last":"Dublyanski"},"location":{"street":{"number":3660,"name":"Soshenka"},"city":"Kodima","state":"Volinska","country":"Ukraine","postcode":21613,"coordinates":{"latitude":"79.2673","longitude":"-146.3926"},"timezone":{"offset":"+3:30","description":"Tehran"}},"email":"peresvit.dublyanski@example.com","login":{"uuid":"a495d612-0a91-47ef-886b-b16e1dfdafcb","username":"happypanda720","password":"lemon","salt":"cOKeC37V","md5":"b1620d78aeb11eab4ec75a89930846f7","sha1":"40d2610c479682b511fbeccba11ae751184d864e","sha256":"df92fd518579d4e14724fdb4424af4e6325b9034d84a0c2a756c9ca5c243fa71"},"dob":{"date":"1950-01-17T06:57:51.960Z","age":74},"registered":{"date":"2010-09-10T17:00:55.792Z","age":13},"phone":"(066) W98-6977","cell":"(096) Y22-1527","id":{"name":"","value":null},"picture":{"large":"https://randomuser.me/api/portraits/men/91.jpg","medium":"https://randomuser.me/api/portraits/med/men/91.jpg","thumbnail":"https://randomuser.me/api/portraits/thumb/men/91.jpg"},"nat":"UA"}],"info":{"seed":"d34bfa32aa9715be","results":1,"page":1,"version":"1.4"}} 
 </msg>
<msg time="2024-06-08T20:14:27.026576" level="INFO">/opt/hostedtoolcache/Python/3.12.3/x64/lib/python3.12/site-packages/urllib3/connectionpool.py:1103: InsecureRequestWarning: Unverified HTTPS request is being made to host 'randomuser.me'. Adding certificate verification is strongly advised. See: https://urllib3.readthedocs.io/en/latest/advanced-usage.html#tls-warnings
  warnings.warn(</msg>
<msg time="2024-06-08T20:14:27.026702" level="INFO">${response} = &lt;Response [200]&gt;</msg>
<var>${response}</var>
<arg>consultarAPI</arg>
<arg>/api</arg>
<doc>Sends a GET request on a previously created HTTP Session.</doc>
<status status="PASS" start="2024-06-08T20:14:26.949386" elapsed="0.077367"/>
</kw>
<kw name="Set Variable" owner="BuiltIn">
<msg time="2024-06-08T20:14:27.027945" level="INFO">${json_data} = {'results': [{'gender': 'male', 'name': {'title': 'Mr', 'first': 'Peresvit', 'last': 'Dublyanski'}, 'location': {'street': {'number': 3660, 'name': 'Soshenka'}, 'city': 'Kodima', 'state': 'Volinska', ...</msg>
<var>${json_data}</var>
<arg>${response.json()}</arg>
<doc>Returns the given values which can then be assigned to a variables.</doc>
<status status="PASS" start="2024-06-08T20:14:27.027350" elapsed="0.000624"/>
</kw>
<kw name="Log" owner="BuiltIn">
<msg time="2024-06-08T20:14:27.028448" level="INFO">{'results': [{'gender': 'male', 'name': {'title': 'Mr', 'first': 'Peresvit', 'last': 'Dublyanski'}, 'location': {'street': {'number': 3660, 'name': 'Soshenka'}, 'city': 'Kodima', 'state': 'Volinska', 'country': 'Ukraine', 'postcode': 21613, 'coordinates': {'latitude': '79.2673', 'longitude': '-146.3926'}, 'timezone': {'offset': '+3:30', 'description': 'Tehran'}}, 'email': 'peresvit.dublyanski@example.com', 'login': {'uuid': 'a495d612-0a91-47ef-886b-b16e1dfdafcb', 'username': 'happypanda720', 'password': 'lemon', 'salt': 'cOKeC37V', 'md5': 'b1620d78aeb11eab4ec75a89930846f7', 'sha1': '40d2610c479682b511fbeccba11ae751184d864e', 'sha256': 'df92fd518579d4e14724fdb4424af4e6325b9034d84a0c2a756c9ca5c243fa71'}, 'dob': {'date': '1950-01-17T06:57:51.960Z', 'age': 74}, 'registered': {'date': '2010-09-10T17:00:55.792Z', 'age': 13}, 'phone': '(066) W98-6977', 'cell': '(096) Y22-1527', 'id': {'name': '', 'value': None}, 'picture': {'large': 'https://randomuser.me/api/portraits/men/91.jpg', 'medium': 'https://randomuser.me/api/portraits/med/men/91.jpg', 'thumbnail': 'https://randomuser.me/api/portraits/thumb/men/91.jpg'}, 'nat': 'UA'}], 'info': {'seed': 'd34bfa32aa9715be', 'results': 1, 'page': 1, 'version': '1.4'}}</msg>
<arg>${json_data}</arg>
<doc>Logs the given message with the given level.</doc>
<status status="PASS" start="2024-06-08T20:14:27.028292" elapsed="0.000240"/>
</kw>
<kw name="Should Be String" owner="String">
<arg>${json_data['results'][0]['gender']}</arg>
<doc>Fails if the given ``item`` is not a string.</doc>
<status status="PASS" start="2024-06-08T20:14:27.028840" elapsed="0.000361"/>
</kw>
<kw name="Should Match Regexp" owner="BuiltIn">
<arg>${json_data['results'][0]['email']}</arg>
<arg>^[a-zA-Z0-9._%+-]+@[a-zA-Z0-9.-]+\.[a-zA-Z]{2,}$</arg>
<doc>Fails if ``string`` does not match ``pattern`` as a regular expression.</doc>
<status status="PASS" start="2024-06-08T20:14:27.029402" elapsed="0.000677"/>
</kw>
<kw name="Should Match Regexp" owner="BuiltIn">
<arg>${json_data['results'][0]['dob']['date']}</arg>
<arg>\\d{4}-\\d{2}-\\d{2}T\\d{2}:\\d{2}:\\d{2}\\.\\d{3}Z</arg>
<doc>Fails if ``string`` does not match ``pattern`` as a regular expression.</doc>
<status status="PASS" start="2024-06-08T20:14:27.030280" elapsed="0.000481"/>
</kw>
<kw name="Should Match Regexp" owner="BuiltIn">
<arg>${json_data['results'][0]['registered']['date']}</arg>
<arg>\\d{4}-\\d{2}-\\d{2}T\\d{2}:\\d{2}:\\d{2}\\.\\d{3}Z</arg>
<doc>Fails if ``string`` does not match ``pattern`` as a regular expression.</doc>
<status status="PASS" start="2024-06-08T20:14:27.030956" elapsed="0.000364"/>
</kw>
<kw name="Should Match Regexp" owner="BuiltIn">
<arg>${json_data['results'][0]['picture']['large']}</arg>
<arg>^https?://.*\.(?:png|jpe?g|gif|bmp)$</arg>
<doc>Fails if ``string`` does not match ``pattern`` as a regular expression.</doc>
<status status="PASS" start="2024-06-08T20:14:27.031512" elapsed="0.000499"/>
</kw>
<kw name="Should Match Regexp" owner="BuiltIn">
<arg>${json_data['results'][0]['picture']['medium']}</arg>
<arg>^https?://.*\.(?:png|jpe?g|gif|bmp)$</arg>
<doc>Fails if ``string`` does not match ``pattern`` as a regular expression.</doc>
<status status="PASS" start="2024-06-08T20:14:27.032208" elapsed="0.000354"/>
</kw>
<kw name="Should Match Regexp" owner="BuiltIn">
<arg>${json_data['results'][0]['picture']['thumbnail']}</arg>
<arg>^https?://.*\.(?:png|jpe?g|gif|bmp)$</arg>
<doc>Fails if ``string`` does not match ``pattern`` as a regular expression.</doc>
<status status="PASS" start="2024-06-08T20:14:27.032753" elapsed="0.000348"/>
</kw>
<kw name="Log" owner="BuiltIn">
<msg time="2024-06-08T20:14:27.033606" level="INFO">{'large': 'https://randomuser.me/api/portraits/men/91.jpg', 'medium': 'https://randomuser.me/api/portraits/med/men/91.jpg', 'thumbnail': 'https://randomuser.me/api/portraits/thumb/men/91.jpg'}</msg>
<arg>${json_data['results'][0]['picture']}</arg>
<doc>Logs the given message with the given level.</doc>
<status status="PASS" start="2024-06-08T20:14:27.033284" elapsed="0.000364"/>
</kw>
<status status="PASS" start="2024-06-08T20:14:26.949132" elapsed="0.084771"/>
</kw>
<kw name="Teste de Tipos de Dados - Postcode" owner="random-user-service">
<kw name="GET On Session" owner="RequestsLibrary">
<msg time="2024-06-08T20:14:27.124509" level="INFO">GET Request : url=https://randomuser.me/api 
 path_url=/api 
 headers={'User-Agent': 'python-requests/2.32.3', 'Accept-Encoding': 'gzip, deflate', 'Accept': '*/*', 'Connection': 'keep-alive'} 
 body=None 
 </msg>
<msg time="2024-06-08T20:14:27.124607" level="INFO">GET Response : url=https://randomuser.me/api 
 status=200, reason=OK 
 headers={'Date': 'Sat, 08 Jun 2024 20:14:27 GMT', 'Content-Type': 'application/json; charset=utf-8', 'Transfer-Encoding': 'chunked', 'Connection': 'keep-alive', 'X-Powered-By': 'Express', 'Access-Control-Allow-Origin': '*', 'Cache-Control': 'no-cache', 'ETag': 'W/"489-D3CA2cLocrQP56fP+LaK+btBvKI"', 'Vary': 'Accept-Encoding', 'Content-Encoding': 'gzip', 'CF-Cache-Status': 'DYNAMIC', 'Report-To': '{"endpoints":[{"url":"https:\\/\\/a.nel.cloudflare.com\\/report\\/v4?s=cGlAcg38jvLhODSAIXscqISwPw5gjOeKPcCJySHdhOlfUs1IkR7vArIbZgiSi5r%2BFzeJF0E0VMmXUQpCG1sxdwTSBZyI6JA%2Fs%2FkHjYsON5sByCdR5Kcm3yRjG7JmVz0g"}],"group":"cf-nel","max_age":604800}', 'NEL': '{"success_fraction":0,"report_to":"cf-nel","max_age":604800}', 'Server': 'cloudflare', 'CF-RAY': '890b8c5afb173904-IAD', 'alt-svc': 'h3=":443"; ma=86400'} 
 body={"results":[{"gender":"female","name":{"title":"Mrs","first":"Nanna","last":"Hansen"},"location":{"street":{"number":6888,"name":"Violvej"},"city":"Esbjerg V","state":"Danmark","country":"Denmark","postcode":55473,"coordinates":{"latitude":"-46.8425","longitude":"19.7674"},"timezone":{"offset":"-5:00","description":"Eastern Time (US &amp; Canada), Bogota, Lima"}},"email":"nanna.hansen@example.com","login":{"uuid":"b293bf30-8a24-4909-8e6e-a4f91d27ceb2","username":"tinymouse373","password":"highheel","salt":"NkqKaJX5","md5":"6b58098d5c5014ea085b1583fe87ee1f","sha1":"db6fcf6af38d3425c6ca83fde75884a92cfd5bec","sha256":"21f0508c4f4eb2caaa483bab3cf87c49586c26dbe630ef952a99ddc26f3aae1a"},"dob":{"date":"2000-06-13T17:18:37.164Z","age":23},"registered":{"date":"2014-05-22T13:15:31.559Z","age":10},"phone":"81478619","cell":"99406689","id":{"name":"CPR","value":"1306100-8812"},"picture":{"large":"https://randomuser.me/api/portraits/women/6.jpg","medium":"https://randomuser.me/api/portraits/med/women/6.jpg","thumbnail":"https://randomuser.me/api/portraits/thumb/women/6.jpg"},"nat":"DK"}],"info":{"seed":"cf4d87934b1023ac","results":1,"page":1,"version":"1.4"}} 
 </msg>
<msg time="2024-06-08T20:14:27.124680" level="INFO">/opt/hostedtoolcache/Python/3.12.3/x64/lib/python3.12/site-packages/urllib3/connectionpool.py:1103: InsecureRequestWarning: Unverified HTTPS request is being made to host 'randomuser.me'. Adding certificate verification is strongly advised. See: https://urllib3.readthedocs.io/en/latest/advanced-usage.html#tls-warnings
  warnings.warn(</msg>
<msg time="2024-06-08T20:14:27.124809" level="INFO">${response} = &lt;Response [200]&gt;</msg>
<var>${response}</var>
<arg>consultarAPI</arg>
<arg>/api</arg>
<doc>Sends a GET request on a previously created HTTP Session.</doc>
<status status="PASS" start="2024-06-08T20:14:27.034356" elapsed="0.090492"/>
</kw>
<kw name="Set Variable" owner="BuiltIn">
<msg time="2024-06-08T20:14:27.126038" level="INFO">${json_data} = {'results': [{'gender': 'female', 'name': {'title': 'Mrs', 'first': 'Nanna', 'last': 'Hansen'}, 'location': {'street': {'number': 6888, 'name': 'Violvej'}, 'city': 'Esbjerg V', 'state': 'Danmark', 'co...</msg>
<var>${json_data}</var>
<arg>${response.json()}</arg>
<doc>Returns the given values which can then be assigned to a variables.</doc>
<status status="PASS" start="2024-06-08T20:14:27.125471" elapsed="0.000596"/>
</kw>
<kw name="Log" owner="BuiltIn">
<msg time="2024-06-08T20:14:27.126537" level="INFO">{'results': [{'gender': 'female', 'name': {'title': 'Mrs', 'first': 'Nanna', 'last': 'Hansen'}, 'location': {'street': {'number': 6888, 'name': 'Violvej'}, 'city': 'Esbjerg V', 'state': 'Danmark', 'country': 'Denmark', 'postcode': 55473, 'coordinates': {'latitude': '-46.8425', 'longitude': '19.7674'}, 'timezone': {'offset': '-5:00', 'description': 'Eastern Time (US &amp; Canada), Bogota, Lima'}}, 'email': 'nanna.hansen@example.com', 'login': {'uuid': 'b293bf30-8a24-4909-8e6e-a4f91d27ceb2', 'username': 'tinymouse373', 'password': 'highheel', 'salt': 'NkqKaJX5', 'md5': '6b58098d5c5014ea085b1583fe87ee1f', 'sha1': 'db6fcf6af38d3425c6ca83fde75884a92cfd5bec', 'sha256': '21f0508c4f4eb2caaa483bab3cf87c49586c26dbe630ef952a99ddc26f3aae1a'}, 'dob': {'date': '2000-06-13T17:18:37.164Z', 'age': 23}, 'registered': {'date': '2014-05-22T13:15:31.559Z', 'age': 10}, 'phone': '81478619', 'cell': '99406689', 'id': {'name': 'CPR', 'value': '1306100-8812'}, 'picture': {'large': 'https://randomuser.me/api/portraits/women/6.jpg', 'medium': 'https://randomuser.me/api/portraits/med/women/6.jpg', 'thumbnail': 'https://randomuser.me/api/portraits/thumb/women/6.jpg'}, 'nat': 'DK'}], 'info': {'seed': 'cf4d87934b1023ac', 'results': 1, 'page': 1, 'version': '1.4'}}</msg>
<arg>${json_data}</arg>
<doc>Logs the given message with the given level.</doc>
<status status="PASS" start="2024-06-08T20:14:27.126380" elapsed="0.000241"/>
</kw>
<kw name="Should Be Equal As Numbers" owner="BuiltIn">
<arg>${json_data['results'][0]['location']['postcode']}</arg>
<arg>${json_data['results'][0]['location']['postcode']}</arg>
<doc>Fails if objects are unequal after converting them to real numbers.</doc>
<status status="PASS" start="2024-06-08T20:14:27.126930" elapsed="0.000637"/>
</kw>
<kw name="Log" owner="BuiltIn">
<msg time="2024-06-08T20:14:27.128153" level="INFO">55473</msg>
<arg>${json_data['results'][0]['location']['postcode']}</arg>
<doc>Logs the given message with the given level.</doc>
<status status="PASS" start="2024-06-08T20:14:27.127813" elapsed="0.000381"/>
</kw>
<status status="PASS" start="2024-06-08T20:14:27.034127" elapsed="0.094327"/>
</kw>
<doc>Testa se os tipos de dados na resposta da API estão corretos.</doc>
<tag>testeTiposDados</tag>
<status status="PASS" start="2024-06-08T20:14:26.948588" elapsed="0.180039"/>
</test>
<test id="s1-s1-t5" name="Validar conteudo" line="35">
<kw name="Teste de Tipos de Conteudo" owner="random-user-service">
<kw name="GET On Session" owner="RequestsLibrary">
<msg time="2024-06-08T20:14:27.227516" level="INFO">GET Request : url=https://randomuser.me/api 
 path_url=/api 
 headers={'User-Agent': 'python-requests/2.32.3', 'Accept-Encoding': 'gzip, deflate', 'Accept': '*/*', 'Connection': 'keep-alive'} 
 body=None 
 </msg>
<msg time="2024-06-08T20:14:27.227617" level="INFO">GET Response : url=https://randomuser.me/api 
 status=200, reason=OK 
 headers={'Date': 'Sat, 08 Jun 2024 20:14:27 GMT', 'Content-Type': 'application/json; charset=utf-8', 'Transfer-Encoding': 'chunked', 'Connection': 'keep-alive', 'X-Powered-By': 'Express', 'Access-Control-Allow-Origin': '*', 'Cache-Control': 'no-cache', 'ETag': 'W/"495-j19ZzP+qkkGnGMq27fPSyIESJuA"', 'Vary': 'Accept-Encoding', 'Content-Encoding': 'gzip', 'CF-Cache-Status': 'DYNAMIC', 'Report-To': '{"endpoints":[{"url":"https:\\/\\/a.nel.cloudflare.com\\/report\\/v4?s=%2F22Eq9gd%2BXzRfRW2SOsQ2aEVhgmi0LlqyWZ6VDLDGs3bTASPZO2AFrc1bcfcFSsCxH39mt9o827MNYfyXXDL0eI7CFQQ2oXPGbve4FG4oQNQKkhcjs83CysD2xT8CKvz"}],"group":"cf-nel","max_age":604800}', 'NEL': '{"success_fraction":0,"report_to":"cf-nel","max_age":604800}', 'Server': 'cloudflare', 'CF-RAY': '890b8c5b9bbf3904-IAD', 'alt-svc': 'h3=":443"; ma=86400'} 
 body={"results":[{"gender":"female","name":{"title":"Mrs","first":"عسل","last":"گلشن"},"location":{"street":{"number":7178,"name":"نبرد"},"city":"ارومیه","state":"کرمان","country":"Iran","postcode":98683,"coordinates":{"latitude":"20.4705","longitude":"179.5332"},"timezone":{"offset":"0:00","description":"Western Europe Time, London, Lisbon, Casablanca"}},"email":"aasl.glshn@example.com","login":{"uuid":"8e77bd1d-fe80-45bf-96b3-b0045c8b1f45","username":"brownpeacock105","password":"qwertyu","salt":"4FcuR8Kz","md5":"3098a5a8a47c125ef9cb9bacbf9c5211","sha1":"4a8a8c923226bed0fbcc8f4db51c76adc4ca95a6","sha256":"d4a14dbe85cf36b345a40e79b66048ba077b6a1320b7da91df1e1923a10bc0a4"},"dob":{"date":"1945-06-24T20:16:21.057Z","age":78},"registered":{"date":"2008-06-10T15:17:06.912Z","age":15},"phone":"075-70923326","cell":"0990-744-1096","id":{"name":"","value":null},"picture":{"large":"https://randomuser.me/api/portraits/women/35.jpg","medium":"https://randomuser.me/api/portraits/med/women/35.jpg","thumbnail":"https://randomuser.me/api/portraits/thumb/women/35.jpg"},"nat":"IR"}],"info":{"seed":"d427b9de6ac3ac5e","results":1,"page":1,"version":"1.4"}} 
 </msg>
<msg time="2024-06-08T20:14:27.227736" level="INFO">/opt/hostedtoolcache/Python/3.12.3/x64/lib/python3.12/site-packages/urllib3/connectionpool.py:1103: InsecureRequestWarning: Unverified HTTPS request is being made to host 'randomuser.me'. Adding certificate verification is strongly advised. See: https://urllib3.readthedocs.io/en/latest/advanced-usage.html#tls-warnings
  warnings.warn(</msg>
<msg time="2024-06-08T20:14:27.227858" level="INFO">${response} = &lt;Response [200]&gt;</msg>
<var>${response}</var>
<arg>consultarAPI</arg>
<arg>/api</arg>
<doc>Sends a GET request on a previously created HTTP Session.</doc>
<status status="PASS" start="2024-06-08T20:14:27.131842" elapsed="0.096056"/>
</kw>
<kw name="Set Variable" owner="BuiltIn">
<msg time="2024-06-08T20:14:27.228930" level="INFO">${json_data} = {'results': [{'gender': 'female', 'name': {'title': 'Mrs', 'first': 'عسل', 'last': 'گلشن'}, 'location': {'street': {'number': 7178, 'name': 'نبرد'}, 'city': 'ارومیه', 'state': 'کرمان', 'country': 'Ira...</msg>
<var>${json_data}</var>
<arg>${response.json()}</arg>
<doc>Returns the given values which can then be assigned to a variables.</doc>
<status status="PASS" start="2024-06-08T20:14:27.228410" elapsed="0.000552"/>
</kw>
<kw name="Set Variable" owner="BuiltIn">
<msg time="2024-06-08T20:14:27.229671" level="INFO">${name_title} = Mrs</msg>
<var>${name_title}</var>
<arg>${json_data["results"][0]["name"]["title"]}</arg>
<doc>Returns the given values which can then be assigned to a variables.</doc>
<status status="PASS" start="2024-06-08T20:14:27.229276" elapsed="0.000429"/>
</kw>
<kw name="Create List" owner="BuiltIn">
<msg time="2024-06-08T20:14:27.230170" level="INFO">${allowed_titles} = ['Mr', 'Ms', 'Miss', 'Mrs', 'Madame', 'Monsieur']</msg>
<var>${allowed_titles}</var>
<arg>Mr</arg>
<arg>Ms</arg>
<arg>Miss</arg>
<arg>Mrs</arg>
<arg>Madame</arg>
<arg>Monsieur</arg>
<doc>Returns a list containing given items.</doc>
<status status="PASS" start="2024-06-08T20:14:27.230012" elapsed="0.000182"/>
</kw>
<kw name="List Should Contain Value" owner="Collections">
<msg time="2024-06-08T20:14:27.230675" level="INFO">False</msg>
<arg>${allowed_titles}</arg>
<arg>${name_title}</arg>
<doc>Fails if the ``value`` is not found from ``list``.</doc>
<status status="PASS" start="2024-06-08T20:14:27.230499" elapsed="0.000215"/>
</kw>
<kw name="Set Variable" owner="BuiltIn">
<msg time="2024-06-08T20:14:27.231576" level="INFO">${name_country} = IR</msg>
<var>${name_country}</var>
<arg>${json_data["results"][0]["nat"]}</arg>
<doc>Returns the given values which can then be assigned to a variables.</doc>
<status status="PASS" start="2024-06-08T20:14:27.231015" elapsed="0.000587"/>
</kw>
<kw name="Create List" owner="BuiltIn">
<msg time="2024-06-08T20:14:27.232543" level="INFO">${list_country} = ['AD', 'AE', 'AF', 'AG', 'AI', 'AL', 'AM', 'AO', 'AQ', 'AR', 'AS', 'AT', 'AU', 'AW', 'AX', 'AZ', 'BA', 'BB', 'BD', 'BE', 'BF', 'BG', 'BH', 'BI', 'BJ', 'BL', 'BM', 'BN', 'BO', 'BQ', 'BR', 'BS', 'BT', '...</msg>
<var>${list_country}</var>
<arg>AD</arg>
<arg>AE</arg>
<arg>AF</arg>
<arg>AG</arg>
<arg>AI</arg>
<arg>AL</arg>
<arg>AM</arg>
<arg>AO</arg>
<arg>AQ</arg>
<arg>AR</arg>
<arg>AS</arg>
<arg>AT</arg>
<arg>AU</arg>
<arg>AW</arg>
<arg>AX</arg>
<arg>AZ</arg>
<arg>BA</arg>
<arg>BB</arg>
<arg>BD</arg>
<arg>BE</arg>
<arg>BF</arg>
<arg>BG</arg>
<arg>BH</arg>
<arg>BI</arg>
<arg>BJ</arg>
<arg>BL</arg>
<arg>BM</arg>
<arg>BN</arg>
<arg>BO</arg>
<arg>BQ</arg>
<arg>BR</arg>
<arg>BS</arg>
<arg>BT</arg>
<arg>BV</arg>
<arg>BW</arg>
<arg>BY</arg>
<arg>BZ</arg>
<arg>CA</arg>
<arg>CC</arg>
<arg>CD</arg>
<arg>CF</arg>
<arg>CG</arg>
<arg>CH</arg>
<arg>CI</arg>
<arg>CK</arg>
<arg>CL</arg>
<arg>CM</arg>
<arg>CN</arg>
<arg>CO</arg>
<arg>CR</arg>
<arg>CU</arg>
<arg>CV</arg>
<arg>CW</arg>
<arg>CX</arg>
<arg>CY</arg>
<arg>CZ</arg>
<arg>DE</arg>
<arg>DJ</arg>
<arg>DK</arg>
<arg>DM</arg>
<arg>DO</arg>
<arg>DZ</arg>
<arg>EC</arg>
<arg>EE</arg>
<arg>EG</arg>
<arg>EH</arg>
<arg>ER</arg>
<arg>ES</arg>
<arg>ET</arg>
<arg>FI</arg>
<arg>FJ</arg>
<arg>FK</arg>
<arg>FM</arg>
<arg>FO</arg>
<arg>FR</arg>
<arg>GA</arg>
<arg>GB</arg>
<arg>GD</arg>
<arg>GE</arg>
<arg>GF</arg>
<arg>GG</arg>
<arg>GH</arg>
<arg>GI</arg>
<arg>GL</arg>
<arg>GM</arg>
<arg>GN</arg>
<arg>GP</arg>
<arg>GQ</arg>
<arg>GR</arg>
<arg>GS</arg>
<arg>GT</arg>
<arg>GU</arg>
<arg>GW</arg>
<arg>GY</arg>
<arg>HK</arg>
<arg>HM</arg>
<arg>HN</arg>
<arg>HR</arg>
<arg>HT</arg>
<arg>HU</arg>
<arg>ID</arg>
<arg>IE</arg>
<arg>IL</arg>
<arg>IM</arg>
<arg>IN</arg>
<arg>IO</arg>
<arg>IQ</arg>
<arg>IR</arg>
<arg>IS</arg>
<arg>IT</arg>
<arg>JE</arg>
<arg>JM</arg>
<arg>JO</arg>
<arg>JP</arg>
<arg>KE</arg>
<arg>KG</arg>
<arg>KH</arg>
<arg>KI</arg>
<arg>KM</arg>
<arg>KN</arg>
<arg>KP</arg>
<arg>KR</arg>
<arg>KW</arg>
<arg>KY</arg>
<arg>KZ</arg>
<arg>LA</arg>
<arg>LB</arg>
<arg>LC</arg>
<arg>LI</arg>
<arg>LK</arg>
<arg>LR</arg>
<arg>LS</arg>
<arg>LT</arg>
<arg>LU</arg>
<arg>LV</arg>
<arg>LY</arg>
<arg>MA</arg>
<arg>MC</arg>
<arg>MD</arg>
<arg>ME</arg>
<arg>MF</arg>
<arg>MG</arg>
<arg>MH</arg>
<arg>MK</arg>
<arg>ML</arg>
<arg>MM</arg>
<arg>MN</arg>
<arg>MO</arg>
<arg>MP</arg>
<arg>MQ</arg>
<arg>MR</arg>
<arg>MS</arg>
<arg>MT</arg>
<arg>MU</arg>
<arg>MV</arg>
<arg>MW</arg>
<arg>MX</arg>
<arg>MY</arg>
<arg>MZ</arg>
<arg>NA</arg>
<arg>NC</arg>
<arg>NE</arg>
<arg>NF</arg>
<arg>NG</arg>
<arg>NI</arg>
<arg>NL</arg>
<arg>NO</arg>
<arg>NP</arg>
<arg>NR</arg>
<arg>NU</arg>
<arg>NZ</arg>
<arg>OM</arg>
<arg>PA</arg>
<arg>PE</arg>
<arg>PF</arg>
<arg>PG</arg>
<arg>PH</arg>
<arg>PK</arg>
<arg>PL</arg>
<arg>PM</arg>
<arg>PN</arg>
<arg>PR</arg>
<arg>PS</arg>
<arg>PT</arg>
<arg>PW</arg>
<arg>PY</arg>
<arg>QA</arg>
<arg>RE</arg>
<arg>RO</arg>
<arg>RS</arg>
<arg>RU</arg>
<arg>RW</arg>
<arg>SA</arg>
<arg>SB</arg>
<arg>SC</arg>
<arg>SD</arg>
<arg>SE</arg>
<arg>SG</arg>
<arg>SH</arg>
<arg>SI</arg>
<arg>SJ</arg>
<arg>SK</arg>
<arg>SL</arg>
<arg>SM</arg>
<arg>SN</arg>
<arg>SO</arg>
<arg>SR</arg>
<arg>SS</arg>
<arg>ST</arg>
<arg>SV</arg>
<arg>SX</arg>
<arg>SY</arg>
<arg>SZ</arg>
<arg>TC</arg>
<arg>TD</arg>
<arg>TF</arg>
<arg>TG</arg>
<arg>TH</arg>
<arg>TJ</arg>
<arg>TK</arg>
<arg>TL</arg>
<arg>TM</arg>
<arg>TN</arg>
<arg>TO</arg>
<arg>TR</arg>
<arg>TT</arg>
<arg>TV</arg>
<arg>TW</arg>
<arg>TZ</arg>
<arg>UA</arg>
<arg>UG</arg>
<arg>UM</arg>
<arg>US</arg>
<arg>UY</arg>
<arg>UZ</arg>
<arg>VA</arg>
<arg>VC</arg>
<arg>VE</arg>
<arg>VG</arg>
<arg>VI</arg>
<arg>VN</arg>
<arg>VU</arg>
<arg>WF</arg>
<arg>WS</arg>
<arg>XK</arg>
<arg>YE</arg>
<arg>YT</arg>
<arg>ZA</arg>
<arg>ZM</arg>
<arg>ZW</arg>
<doc>Returns a list containing given items.</doc>
<status status="PASS" start="2024-06-08T20:14:27.231953" elapsed="0.000616"/>
</kw>
<kw name="List Should Contain Value" owner="Collections">
<msg time="2024-06-08T20:14:27.233554" level="INFO">False</msg>
<arg>${list_country}</arg>
<arg>${name_country}</arg>
<doc>Fails if the ``value`` is not found from ``list``.</doc>
<status status="PASS" start="2024-06-08T20:14:27.233350" elapsed="0.000241"/>
</kw>
<kw name="Run Keyword If" owner="BuiltIn">
<kw name="Should Be True" owner="BuiltIn">
<arg>${True}</arg>
<doc>Fails if the given condition is not true.</doc>
<status status="PASS" start="2024-06-08T20:14:27.234650" elapsed="0.000142"/>
</kw>
<arg>${json_data["results"][0]["location"]["coordinates"]["latitude"]} &gt;= -90 and ${json_data["results"][0]["location"]["coordinates"]["latitude"]} &lt;= 90</arg>
<arg>Should Be True</arg>
<arg>${True}</arg>
<doc>Runs the given keyword with the given arguments, if ``condition`` is true.</doc>
<status status="PASS" start="2024-06-08T20:14:27.233903" elapsed="0.001016"/>
</kw>
<kw name="Run Keyword If" owner="BuiltIn">
<kw name="Should Be True" owner="BuiltIn">
<arg>${True}</arg>
<doc>Fails if the given condition is not true.</doc>
<status status="PASS" start="2024-06-08T20:14:27.235832" elapsed="0.000137"/>
</kw>
<arg>${json_data["results"][0]["location"]["coordinates"]["longitude"]} &gt;= -180 and ${json_data["results"][0]["location"]["coordinates"]["longitude"]} &lt;= 180</arg>
<arg>Should Be True</arg>
<arg>${True}</arg>
<doc>Runs the given keyword with the given arguments, if ``condition`` is true.</doc>
<status status="PASS" start="2024-06-08T20:14:27.235112" elapsed="0.000981"/>
</kw>
<status status="PASS" start="2024-06-08T20:14:27.131475" elapsed="0.104751"/>
</kw>
<doc>Testa o conteúdo específico dos campos retornados pela API.</doc>
<tag>testeConteudo</tag>
<status status="PASS" start="2024-06-08T20:14:27.130778" elapsed="0.105602"/>
</test>
<status status="PASS" start="2024-06-08T20:14:26.245083" elapsed="0.994422"/>
</suite>
<status status="PASS" start="2024-06-08T20:14:26.231718" elapsed="1.016679"/>
</suite>
<statistics>
<total>
<stat pass="5" fail="0" skip="0">All Tests</stat>
</total>
<tag>
<stat pass="1" fail="0" skip="0">testeConteudo</stat>
<stat pass="1" fail="0" skip="0">testeEstruturaResposta</stat>
<stat pass="1" fail="0" skip="0">testeRequisicaoBasica</stat>
<stat pass="1" fail="0" skip="0">testeTiposDados</stat>
</tag>
<suite>
<stat pass="5" fail="0" skip="0" id="s1" name="Tests">Tests</stat>
<stat pass="5" fail="0" skip="0" id="s1-s1" name="Random-User-Test">Tests.Random-User-Test</stat>
</suite>
</statistics>
<errors>
</errors>
</robot>
