<?xml version="1.0" encoding="UTF-8"?>
<robot generator="Robot 7.0.1 (Python 3.12.4 on linux)" generated="2024-07-05T05:14:38.696562" rpa="false" schemaversion="5">
<suite id="s1" name="Tests" source="/home/runner/work/ApiRandomUser/ApiRandomUser/RamdonUser/tests">
<suite id="s1-s1" name="Random-User-Test" source="/home/runner/work/ApiRandomUser/ApiRandomUser/RamdonUser/tests/random-user-test.robot">
<test id="s1-s1-t1" name="Conectar" line="13">
<kw name="Conectar API" owner="random-user-service">
<kw name="Create Session" owner="RequestsLibrary">
<msg time="2024-07-05T05:14:39.161605" level="INFO">Creating Session using : alias=consultarAPI, url=https://randomuser.me/, headers={},                     cookies={}, auth=None, timeout=None, proxies=None, verify=False,                     debug=0 </msg>
<arg>consultarAPI</arg>
<arg>${URL}</arg>
<doc>Create Session: create a HTTP session to a server</doc>
<status status="PASS" start="2024-07-05T05:14:39.161387" elapsed="0.000417"/>
</kw>
<status status="PASS" start="2024-07-05T05:14:39.160387" elapsed="0.001781"/>
</kw>
<status status="PASS" start="2024-07-05T05:14:39.159771" elapsed="0.002589"/>
</test>
<test id="s1-s1-t2" name="Validar retorno 200 e JSON Válido" line="16">
<kw name="Teste de Requisicao Basica" owner="random-user-service">
<kw name="GET On Session" owner="RequestsLibrary">
<msg time="2024-07-05T05:14:39.402818" level="INFO">GET Request : url=https://randomuser.me/api 
 path_url=/api 
 headers={'User-Agent': 'python-requests/2.32.3', 'Accept-Encoding': 'gzip, deflate', 'Accept': '*/*', 'Connection': 'keep-alive'} 
 body=None 
 </msg>
<msg time="2024-07-05T05:14:39.402986" level="INFO">GET Response : url=https://randomuser.me/api 
 status=200, reason=OK 
 headers={'Date': 'Fri, 05 Jul 2024 05:14:39 GMT', 'Content-Type': 'application/json; charset=utf-8', 'Transfer-Encoding': 'chunked', 'Connection': 'keep-alive', 'X-Powered-By': 'Express', 'Access-Control-Allow-Origin': '*', 'Cache-Control': 'no-cache', 'ETag': 'W/"477-/sF3AkrPUPKVUp28nd+L4l3uy+s"', 'Vary': 'Accept-Encoding', 'Content-Encoding': 'gzip', 'CF-Cache-Status': 'DYNAMIC', 'Report-To': '{"endpoints":[{"url":"https:\\/\\/a.nel.cloudflare.com\\/report\\/v4?s=%2BBWhrJeivLx5sL3HYb8bQWWt3qDjCI039UcDeUF2guPeWcjS8aqqnSOBYRwFBXcBj3gPNjdyoxRwX6IgWhjv9G7FYWR4robJn46%2FjM8OvlqsBmkn%2FgcElOS6XUHkvF39"}],"group":"cf-nel","max_age":604800}', 'NEL': '{"success_fraction":0,"report_to":"cf-nel","max_age":604800}', 'Server': 'cloudflare', 'CF-RAY': '89e4df6bbb1e8302-IAD', 'alt-svc': 'h3=":443"; ma=86400'} 
 body={"results":[{"gender":"female","name":{"title":"Ms","first":"Line","last":"Fyhn"},"location":{"street":{"number":1213,"name":"Kongsvingergata"},"city":"Lillehammer","state":"Sør-Trøndelag","country":"Norway","postcode":"5869","coordinates":{"latitude":"46.7228","longitude":"131.4057"},"timezone":{"offset":"-3:30","description":"Newfoundland"}},"email":"line.fyhn@example.com","login":{"uuid":"83c5177b-2fe5-4978-b95e-202976e17762","username":"whitedog113","password":"eastern","salt":"85wKBGlJ","md5":"1aea6c33f573833203a43626e56c7647","sha1":"3db4603ca6e1c81c283aa888201a9984e1a7c691","sha256":"3e623ca492bc761d486b5faf112f0f3f7f5d8331e26b44ad9b2a39ba11161b8f"},"dob":{"date":"1953-02-20T11:21:02.635Z","age":71},"registered":{"date":"2013-10-13T22:51:43.091Z","age":10},"phone":"59044318","cell":"92267841","id":{"name":"FN","value":"20025319088"},"picture":{"large":"https://randomuser.me/api/portraits/women/43.jpg","medium":"https://randomuser.me/api/portraits/med/women/43.jpg","thumbnail":"https://randomuser.me/api/portraits/thumb/women/43.jpg"},"nat":"NO"}],"info":{"seed":"29c1867b35ece515","results":1,"page":1,"version":"1.4"}} 
 </msg>
<msg time="2024-07-05T05:14:39.403107" level="INFO">/opt/hostedtoolcache/Python/3.12.4/x64/lib/python3.12/site-packages/urllib3/connectionpool.py:1099: InsecureRequestWarning: Unverified HTTPS request is being made to host 'randomuser.me'. Adding certificate verification is strongly advised. See: https://urllib3.readthedocs.io/en/latest/advanced-usage.html#tls-warnings
  warnings.warn(</msg>
<msg time="2024-07-05T05:14:39.403276" level="INFO">${response} = &lt;Response [200]&gt;</msg>
<var>${response}</var>
<arg>consultarAPI</arg>
<arg>/api</arg>
<doc>Sends a GET request on a previously created HTTP Session.</doc>
<status status="PASS" start="2024-07-05T05:14:39.165093" elapsed="0.238229"/>
</kw>
<kw name="Should Be Equal As Numbers" owner="BuiltIn">
<msg time="2024-07-05T05:14:39.404366" level="INFO">Argument types are:
&lt;class 'int'&gt;
&lt;class 'str'&gt;</msg>
<arg>${response.status_code}</arg>
<arg>200</arg>
<doc>Fails if objects are unequal after converting them to real numbers.</doc>
<status status="PASS" start="2024-07-05T05:14:39.403886" elapsed="0.000546"/>
</kw>
<kw name="Log" owner="BuiltIn">
<msg time="2024-07-05T05:14:39.405110" level="INFO">200</msg>
<arg>${response.status_code}</arg>
<doc>Logs the given message with the given level.</doc>
<status status="PASS" start="2024-07-05T05:14:39.404758" elapsed="0.000395"/>
</kw>
<kw name="Set Variable" owner="BuiltIn">
<msg time="2024-07-05T05:14:39.405890" level="INFO">${json_data} = {'results': [{'gender': 'female', 'name': {'title': 'Ms', 'first': 'Line', 'last': 'Fyhn'}, 'location': {'street': {'number': 1213, 'name': 'Kongsvingergata'}, 'city': 'Lillehammer', 'state': 'Sør-Trø...</msg>
<var>${json_data}</var>
<arg>${response.json()}</arg>
<doc>Returns the given values which can then be assigned to a variables.</doc>
<status status="PASS" start="2024-07-05T05:14:39.405456" elapsed="0.000465"/>
</kw>
<kw name="Dictionary Should Contain Key" owner="Collections">
<arg>${json_data}</arg>
<arg>results</arg>
<doc>Fails if ``key`` is not found from ``dictionary``.</doc>
<status status="PASS" start="2024-07-05T05:14:39.406217" elapsed="0.000170"/>
</kw>
<status status="PASS" start="2024-07-05T05:14:39.164841" elapsed="0.241696"/>
</kw>
<doc>Testa se a API responde corretamente e retorna um objeto JSON válido.</doc>
<tag>testeRequisicaoBasica</tag>
<status status="PASS" start="2024-07-05T05:14:39.164314" elapsed="0.242402"/>
</test>
<test id="s1-s1-t3" name="Validar estrutura de resposta" line="22">
<kw name="Teste de Estrutura de Resposta" owner="random-user-service">
<kw name="GET On Session" owner="RequestsLibrary">
<msg time="2024-07-05T05:14:39.461043" level="INFO">GET Request : url=https://randomuser.me/api 
 path_url=/api 
 headers={'User-Agent': 'python-requests/2.32.3', 'Accept-Encoding': 'gzip, deflate', 'Accept': '*/*', 'Connection': 'keep-alive'} 
 body=None 
 </msg>
<msg time="2024-07-05T05:14:39.461145" level="INFO">GET Response : url=https://randomuser.me/api 
 status=200, reason=OK 
 headers={'Date': 'Fri, 05 Jul 2024 05:14:39 GMT', 'Content-Type': 'application/json; charset=utf-8', 'Transfer-Encoding': 'chunked', 'Connection': 'keep-alive', 'X-Powered-By': 'Express', 'Access-Control-Allow-Origin': '*', 'Cache-Control': 'no-cache', 'ETag': 'W/"482-7pD85DCXPaifO7pMTtYVCYGN32g"', 'Vary': 'Accept-Encoding', 'Content-Encoding': 'gzip', 'CF-Cache-Status': 'DYNAMIC', 'Report-To': '{"endpoints":[{"url":"https:\\/\\/a.nel.cloudflare.com\\/report\\/v4?s=ECwTG%2BU6%2BN8kdlthMR%2FW7ejVyfIW4Wx4421BF9oJKngmBNCo7XvQjhRgzCGF%2B%2B5kei1NYVKcg48cObzukKN3JuhZXbnPQ1iBW%2Fu7DOvwBgYNVifJwJY5BJCNCpimzaZR"}],"group":"cf-nel","max_age":604800}', 'NEL': '{"success_fraction":0,"report_to":"cf-nel","max_age":604800}', 'Server': 'cloudflare', 'CF-RAY': '89e4df6c5bcb8302-IAD', 'alt-svc': 'h3=":443"; ma=86400'} 
 body={"results":[{"gender":"female","name":{"title":"Miss","first":"Justine","last":"White"},"location":{"street":{"number":4820,"name":"36th Ave"},"city":"New Glasgow","state":"Prince Edward Island","country":"Canada","postcode":"U2B 6Y6","coordinates":{"latitude":"-69.1128","longitude":"37.0075"},"timezone":{"offset":"-10:00","description":"Hawaii"}},"email":"justine.white@example.com","login":{"uuid":"ae31719b-ffaa-4fc6-a12b-594d54937014","username":"sadfrog612","password":"boomer1","salt":"8ON0Vyid","md5":"ab178c6e6f9bbde6088692fd01bd9a91","sha1":"fae44d365b31c07c0ef2bf733cb4233ccfc5ec3b","sha256":"e6cd686d57c2f177824e1a698ad3e08aba6c96a02e7e8d2ef5667e553c3a65b0"},"dob":{"date":"1960-05-14T23:35:47.848Z","age":64},"registered":{"date":"2018-12-10T02:00:17.696Z","age":5},"phone":"H52 L01-2252","cell":"Z06 J62-2277","id":{"name":"SIN","value":"801058843"},"picture":{"large":"https://randomuser.me/api/portraits/women/31.jpg","medium":"https://randomuser.me/api/portraits/med/women/31.jpg","thumbnail":"https://randomuser.me/api/portraits/thumb/women/31.jpg"},"nat":"CA"}],"info":{"seed":"69fc1b90fab22fde","results":1,"page":1,"version":"1.4"}} 
 </msg>
<msg time="2024-07-05T05:14:39.461280" level="INFO">/opt/hostedtoolcache/Python/3.12.4/x64/lib/python3.12/site-packages/urllib3/connectionpool.py:1099: InsecureRequestWarning: Unverified HTTPS request is being made to host 'randomuser.me'. Adding certificate verification is strongly advised. See: https://urllib3.readthedocs.io/en/latest/advanced-usage.html#tls-warnings
  warnings.warn(</msg>
<msg time="2024-07-05T05:14:39.461431" level="INFO">${response} = &lt;Response [200]&gt;</msg>
<var>${response}</var>
<arg>consultarAPI</arg>
<arg>/api</arg>
<doc>Sends a GET request on a previously created HTTP Session.</doc>
<status status="PASS" start="2024-07-05T05:14:39.409351" elapsed="0.052125"/>
</kw>
<kw name="Set Variable" owner="BuiltIn">
<msg time="2024-07-05T05:14:39.462535" level="INFO">${json_data} = {'results': [{'gender': 'female', 'name': {'title': 'Miss', 'first': 'Justine', 'last': 'White'}, 'location': {'street': {'number': 4820, 'name': '36th Ave'}, 'city': 'New Glasgow', 'state': 'Prince E...</msg>
<var>${json_data}</var>
<arg>${response.json()}</arg>
<doc>Returns the given values which can then be assigned to a variables.</doc>
<status status="PASS" start="2024-07-05T05:14:39.462024" elapsed="0.000540"/>
</kw>
<kw name="Log" owner="BuiltIn">
<msg time="2024-07-05T05:14:39.463068" level="INFO">{'results': [{'gender': 'female', 'name': {'title': 'Miss', 'first': 'Justine', 'last': 'White'}, 'location': {'street': {'number': 4820, 'name': '36th Ave'}, 'city': 'New Glasgow', 'state': 'Prince Edward Island', 'country': 'Canada', 'postcode': 'U2B 6Y6', 'coordinates': {'latitude': '-69.1128', 'longitude': '37.0075'}, 'timezone': {'offset': '-10:00', 'description': 'Hawaii'}}, 'email': 'justine.white@example.com', 'login': {'uuid': 'ae31719b-ffaa-4fc6-a12b-594d54937014', 'username': 'sadfrog612', 'password': 'boomer1', 'salt': '8ON0Vyid', 'md5': 'ab178c6e6f9bbde6088692fd01bd9a91', 'sha1': 'fae44d365b31c07c0ef2bf733cb4233ccfc5ec3b', 'sha256': 'e6cd686d57c2f177824e1a698ad3e08aba6c96a02e7e8d2ef5667e553c3a65b0'}, 'dob': {'date': '1960-05-14T23:35:47.848Z', 'age': 64}, 'registered': {'date': '2018-12-10T02:00:17.696Z', 'age': 5}, 'phone': 'H52 L01-2252', 'cell': 'Z06 J62-2277', 'id': {'name': 'SIN', 'value': '801058843'}, 'picture': {'large': 'https://randomuser.me/api/portraits/women/31.jpg', 'medium': 'https://randomuser.me/api/portraits/med/women/31.jpg', 'thumbnail': 'https://randomuser.me/api/portraits/thumb/women/31.jpg'}, 'nat': 'CA'}], 'info': {'seed': '69fc1b90fab22fde', 'results': 1, 'page': 1, 'version': '1.4'}}</msg>
<arg>${json_data}</arg>
<doc>Logs the given message with the given level.</doc>
<status status="PASS" start="2024-07-05T05:14:39.462869" elapsed="0.000252"/>
</kw>
<kw name="Dictionary Should Contain Key" owner="Collections">
<arg>${json_data}</arg>
<arg>results</arg>
<doc>Fails if ``key`` is not found from ``dictionary``.</doc>
<status status="PASS" start="2024-07-05T05:14:39.463420" elapsed="0.000166"/>
</kw>
<kw name="Should Not Be Empty" owner="BuiltIn">
<msg time="2024-07-05T05:14:39.463898" level="INFO">Length is 2.</msg>
<arg>${json_data}</arg>
<doc>Verifies that the given item is not empty.</doc>
<status status="PASS" start="2024-07-05T05:14:39.463769" elapsed="0.000168"/>
</kw>
<kw name="Create List" owner="BuiltIn">
<msg time="2024-07-05T05:14:39.464542" level="INFO">${expected_keys} = ['gender', 'name', 'location', 'email', 'login']</msg>
<var>${expected_keys}</var>
<arg>gender</arg>
<arg>name</arg>
<arg>location</arg>
<arg>email</arg>
<arg>login</arg>
<doc>Returns a list containing given items.</doc>
<status status="PASS" start="2024-07-05T05:14:39.464231" elapsed="0.000336"/>
</kw>
<for flavor="IN">
<iter>
<kw name="Dictionary Should Contain Key" owner="Collections">
<arg>${json_data['results'][0]}</arg>
<arg>${key}</arg>
<doc>Fails if ``key`` is not found from ``dictionary``.</doc>
<status status="PASS" start="2024-07-05T05:14:39.465158" elapsed="0.000398"/>
</kw>
<kw name="Log" owner="BuiltIn">
<msg time="2024-07-05T05:14:39.466107" level="INFO">{'gender': 'female', 'name': {'title': 'Miss', 'first': 'Justine', 'last': 'White'}, 'location': {'street': {'number': 4820, 'name': '36th Ave'}, 'city': 'New Glasgow', 'state': 'Prince Edward Island', 'country': 'Canada', 'postcode': 'U2B 6Y6', 'coordinates': {'latitude': '-69.1128', 'longitude': '37.0075'}, 'timezone': {'offset': '-10:00', 'description': 'Hawaii'}}, 'email': 'justine.white@example.com', 'login': {'uuid': 'ae31719b-ffaa-4fc6-a12b-594d54937014', 'username': 'sadfrog612', 'password': 'boomer1', 'salt': '8ON0Vyid', 'md5': 'ab178c6e6f9bbde6088692fd01bd9a91', 'sha1': 'fae44d365b31c07c0ef2bf733cb4233ccfc5ec3b', 'sha256': 'e6cd686d57c2f177824e1a698ad3e08aba6c96a02e7e8d2ef5667e553c3a65b0'}, 'dob': {'date': '1960-05-14T23:35:47.848Z', 'age': 64}, 'registered': {'date': '2018-12-10T02:00:17.696Z', 'age': 5}, 'phone': 'H52 L01-2252', 'cell': 'Z06 J62-2277', 'id': {'name': 'SIN', 'value': '801058843'}, 'picture': {'large': 'https://randomuser.me/api/portraits/women/31.jpg', 'medium': 'https://randomuser.me/api/portraits/med/women/31.jpg', 'thumbnail': 'https://randomuser.me/api/portraits/thumb/women/31.jpg'}, 'nat': 'CA'}</msg>
<arg>${json_data['results'][0]}</arg>
<doc>Logs the given message with the given level.</doc>
<status status="PASS" start="2024-07-05T05:14:39.465742" elapsed="0.000415"/>
</kw>
<kw name="Log" owner="BuiltIn">
<msg time="2024-07-05T05:14:39.466582" level="INFO">gender</msg>
<arg>${key}</arg>
<doc>Logs the given message with the given level.</doc>
<status status="PASS" start="2024-07-05T05:14:39.466454" elapsed="0.000168"/>
</kw>
<var name="${key}">gender</var>
<status status="PASS" start="2024-07-05T05:14:39.465033" elapsed="0.001805"/>
</iter>
<iter>
<kw name="Dictionary Should Contain Key" owner="Collections">
<arg>${json_data['results'][0]}</arg>
<arg>${key}</arg>
<doc>Fails if ``key`` is not found from ``dictionary``.</doc>
<status status="PASS" start="2024-07-05T05:14:39.467178" elapsed="0.000391"/>
</kw>
<kw name="Log" owner="BuiltIn">
<msg time="2024-07-05T05:14:39.468102" level="INFO">{'gender': 'female', 'name': {'title': 'Miss', 'first': 'Justine', 'last': 'White'}, 'location': {'street': {'number': 4820, 'name': '36th Ave'}, 'city': 'New Glasgow', 'state': 'Prince Edward Island', 'country': 'Canada', 'postcode': 'U2B 6Y6', 'coordinates': {'latitude': '-69.1128', 'longitude': '37.0075'}, 'timezone': {'offset': '-10:00', 'description': 'Hawaii'}}, 'email': 'justine.white@example.com', 'login': {'uuid': 'ae31719b-ffaa-4fc6-a12b-594d54937014', 'username': 'sadfrog612', 'password': 'boomer1', 'salt': '8ON0Vyid', 'md5': 'ab178c6e6f9bbde6088692fd01bd9a91', 'sha1': 'fae44d365b31c07c0ef2bf733cb4233ccfc5ec3b', 'sha256': 'e6cd686d57c2f177824e1a698ad3e08aba6c96a02e7e8d2ef5667e553c3a65b0'}, 'dob': {'date': '1960-05-14T23:35:47.848Z', 'age': 64}, 'registered': {'date': '2018-12-10T02:00:17.696Z', 'age': 5}, 'phone': 'H52 L01-2252', 'cell': 'Z06 J62-2277', 'id': {'name': 'SIN', 'value': '801058843'}, 'picture': {'large': 'https://randomuser.me/api/portraits/women/31.jpg', 'medium': 'https://randomuser.me/api/portraits/med/women/31.jpg', 'thumbnail': 'https://randomuser.me/api/portraits/thumb/women/31.jpg'}, 'nat': 'CA'}</msg>
<arg>${json_data['results'][0]}</arg>
<doc>Logs the given message with the given level.</doc>
<status status="PASS" start="2024-07-05T05:14:39.467754" elapsed="0.000429"/>
</kw>
<kw name="Log" owner="BuiltIn">
<msg time="2024-07-05T05:14:39.468605" level="INFO">name</msg>
<arg>${key}</arg>
<doc>Logs the given message with the given level.</doc>
<status status="PASS" start="2024-07-05T05:14:39.468477" elapsed="0.000165"/>
</kw>
<var name="${key}">name</var>
<status status="PASS" start="2024-07-05T05:14:39.467056" elapsed="0.001801"/>
</iter>
<iter>
<kw name="Dictionary Should Contain Key" owner="Collections">
<arg>${json_data['results'][0]}</arg>
<arg>${key}</arg>
<doc>Fails if ``key`` is not found from ``dictionary``.</doc>
<status status="PASS" start="2024-07-05T05:14:39.469143" elapsed="0.000377"/>
</kw>
<kw name="Log" owner="BuiltIn">
<msg time="2024-07-05T05:14:39.470052" level="INFO">{'gender': 'female', 'name': {'title': 'Miss', 'first': 'Justine', 'last': 'White'}, 'location': {'street': {'number': 4820, 'name': '36th Ave'}, 'city': 'New Glasgow', 'state': 'Prince Edward Island', 'country': 'Canada', 'postcode': 'U2B 6Y6', 'coordinates': {'latitude': '-69.1128', 'longitude': '37.0075'}, 'timezone': {'offset': '-10:00', 'description': 'Hawaii'}}, 'email': 'justine.white@example.com', 'login': {'uuid': 'ae31719b-ffaa-4fc6-a12b-594d54937014', 'username': 'sadfrog612', 'password': 'boomer1', 'salt': '8ON0Vyid', 'md5': 'ab178c6e6f9bbde6088692fd01bd9a91', 'sha1': 'fae44d365b31c07c0ef2bf733cb4233ccfc5ec3b', 'sha256': 'e6cd686d57c2f177824e1a698ad3e08aba6c96a02e7e8d2ef5667e553c3a65b0'}, 'dob': {'date': '1960-05-14T23:35:47.848Z', 'age': 64}, 'registered': {'date': '2018-12-10T02:00:17.696Z', 'age': 5}, 'phone': 'H52 L01-2252', 'cell': 'Z06 J62-2277', 'id': {'name': 'SIN', 'value': '801058843'}, 'picture': {'large': 'https://randomuser.me/api/portraits/women/31.jpg', 'medium': 'https://randomuser.me/api/portraits/med/women/31.jpg', 'thumbnail': 'https://randomuser.me/api/portraits/thumb/women/31.jpg'}, 'nat': 'CA'}</msg>
<arg>${json_data['results'][0]}</arg>
<doc>Logs the given message with the given level.</doc>
<status status="PASS" start="2024-07-05T05:14:39.469699" elapsed="0.000403"/>
</kw>
<kw name="Log" owner="BuiltIn">
<msg time="2024-07-05T05:14:39.470535" level="INFO">location</msg>
<arg>${key}</arg>
<doc>Logs the given message with the given level.</doc>
<status status="PASS" start="2024-07-05T05:14:39.470410" elapsed="0.000162"/>
</kw>
<var name="${key}">location</var>
<status status="PASS" start="2024-07-05T05:14:39.469034" elapsed="0.001748"/>
</iter>
<iter>
<kw name="Dictionary Should Contain Key" owner="Collections">
<arg>${json_data['results'][0]}</arg>
<arg>${key}</arg>
<doc>Fails if ``key`` is not found from ``dictionary``.</doc>
<status status="PASS" start="2024-07-05T05:14:39.471106" elapsed="0.000399"/>
</kw>
<kw name="Log" owner="BuiltIn">
<msg time="2024-07-05T05:14:39.472036" level="INFO">{'gender': 'female', 'name': {'title': 'Miss', 'first': 'Justine', 'last': 'White'}, 'location': {'street': {'number': 4820, 'name': '36th Ave'}, 'city': 'New Glasgow', 'state': 'Prince Edward Island', 'country': 'Canada', 'postcode': 'U2B 6Y6', 'coordinates': {'latitude': '-69.1128', 'longitude': '37.0075'}, 'timezone': {'offset': '-10:00', 'description': 'Hawaii'}}, 'email': 'justine.white@example.com', 'login': {'uuid': 'ae31719b-ffaa-4fc6-a12b-594d54937014', 'username': 'sadfrog612', 'password': 'boomer1', 'salt': '8ON0Vyid', 'md5': 'ab178c6e6f9bbde6088692fd01bd9a91', 'sha1': 'fae44d365b31c07c0ef2bf733cb4233ccfc5ec3b', 'sha256': 'e6cd686d57c2f177824e1a698ad3e08aba6c96a02e7e8d2ef5667e553c3a65b0'}, 'dob': {'date': '1960-05-14T23:35:47.848Z', 'age': 64}, 'registered': {'date': '2018-12-10T02:00:17.696Z', 'age': 5}, 'phone': 'H52 L01-2252', 'cell': 'Z06 J62-2277', 'id': {'name': 'SIN', 'value': '801058843'}, 'picture': {'large': 'https://randomuser.me/api/portraits/women/31.jpg', 'medium': 'https://randomuser.me/api/portraits/med/women/31.jpg', 'thumbnail': 'https://randomuser.me/api/portraits/thumb/women/31.jpg'}, 'nat': 'CA'}</msg>
<arg>${json_data['results'][0]}</arg>
<doc>Logs the given message with the given level.</doc>
<status status="PASS" start="2024-07-05T05:14:39.471689" elapsed="0.000396"/>
</kw>
<kw name="Log" owner="BuiltIn">
<msg time="2024-07-05T05:14:39.472509" level="INFO">email</msg>
<arg>${key}</arg>
<doc>Logs the given message with the given level.</doc>
<status status="PASS" start="2024-07-05T05:14:39.472383" elapsed="0.000164"/>
</kw>
<var name="${key}">email</var>
<status status="PASS" start="2024-07-05T05:14:39.470960" elapsed="0.001801"/>
</iter>
<iter>
<kw name="Dictionary Should Contain Key" owner="Collections">
<arg>${json_data['results'][0]}</arg>
<arg>${key}</arg>
<doc>Fails if ``key`` is not found from ``dictionary``.</doc>
<status status="PASS" start="2024-07-05T05:14:39.473051" elapsed="0.000387"/>
</kw>
<kw name="Log" owner="BuiltIn">
<msg time="2024-07-05T05:14:39.473965" level="INFO">{'gender': 'female', 'name': {'title': 'Miss', 'first': 'Justine', 'last': 'White'}, 'location': {'street': {'number': 4820, 'name': '36th Ave'}, 'city': 'New Glasgow', 'state': 'Prince Edward Island', 'country': 'Canada', 'postcode': 'U2B 6Y6', 'coordinates': {'latitude': '-69.1128', 'longitude': '37.0075'}, 'timezone': {'offset': '-10:00', 'description': 'Hawaii'}}, 'email': 'justine.white@example.com', 'login': {'uuid': 'ae31719b-ffaa-4fc6-a12b-594d54937014', 'username': 'sadfrog612', 'password': 'boomer1', 'salt': '8ON0Vyid', 'md5': 'ab178c6e6f9bbde6088692fd01bd9a91', 'sha1': 'fae44d365b31c07c0ef2bf733cb4233ccfc5ec3b', 'sha256': 'e6cd686d57c2f177824e1a698ad3e08aba6c96a02e7e8d2ef5667e553c3a65b0'}, 'dob': {'date': '1960-05-14T23:35:47.848Z', 'age': 64}, 'registered': {'date': '2018-12-10T02:00:17.696Z', 'age': 5}, 'phone': 'H52 L01-2252', 'cell': 'Z06 J62-2277', 'id': {'name': 'SIN', 'value': '801058843'}, 'picture': {'large': 'https://randomuser.me/api/portraits/women/31.jpg', 'medium': 'https://randomuser.me/api/portraits/med/women/31.jpg', 'thumbnail': 'https://randomuser.me/api/portraits/thumb/women/31.jpg'}, 'nat': 'CA'}</msg>
<arg>${json_data['results'][0]}</arg>
<doc>Logs the given message with the given level.</doc>
<status status="PASS" start="2024-07-05T05:14:39.473619" elapsed="0.000395"/>
</kw>
<kw name="Log" owner="BuiltIn">
<msg time="2024-07-05T05:14:39.474429" level="INFO">login</msg>
<arg>${key}</arg>
<doc>Logs the given message with the given level.</doc>
<status status="PASS" start="2024-07-05T05:14:39.474304" elapsed="0.000162"/>
</kw>
<var name="${key}">login</var>
<status status="PASS" start="2024-07-05T05:14:39.472937" elapsed="0.001739"/>
</iter>
<var>${key}</var>
<value>@{expected_keys}</value>
<status status="PASS" start="2024-07-05T05:14:39.464835" elapsed="0.009963"/>
</for>
<kw name="Create List" owner="BuiltIn">
<msg time="2024-07-05T05:14:39.475160" level="INFO">${expected_keysTwo} = ['username', 'password']</msg>
<var>${expected_keysTwo}</var>
<arg>username</arg>
<arg>password</arg>
<doc>Returns a list containing given items.</doc>
<status status="PASS" start="2024-07-05T05:14:39.474989" elapsed="0.000196"/>
</kw>
<for flavor="IN">
<iter>
<kw name="Dictionary Should Contain Key" owner="Collections">
<arg>${json_data['results'][0]['login']}</arg>
<arg>${keyTwo}</arg>
<doc>Fails if ``key`` is not found from ``dictionary``.</doc>
<status status="PASS" start="2024-07-05T05:14:39.475711" elapsed="0.000390"/>
</kw>
<kw name="Dictionary Should Contain Key" owner="Collections">
<arg>${json_data['results'][0]['login']}</arg>
<arg>${keyTwo}</arg>
<doc>Fails if ``key`` is not found from ``dictionary``.</doc>
<status status="PASS" start="2024-07-05T05:14:39.476282" elapsed="0.000373"/>
</kw>
<kw name="Log" owner="BuiltIn">
<msg time="2024-07-05T05:14:39.476959" level="INFO">username</msg>
<arg>${keyTwo}</arg>
<doc>Logs the given message with the given level.</doc>
<status status="PASS" start="2024-07-05T05:14:39.476838" elapsed="0.000158"/>
</kw>
<var name="${keyTwo}">username</var>
<status status="PASS" start="2024-07-05T05:14:39.475603" elapsed="0.001615"/>
</iter>
<iter>
<kw name="Dictionary Should Contain Key" owner="Collections">
<arg>${json_data['results'][0]['login']}</arg>
<arg>${keyTwo}</arg>
<doc>Fails if ``key`` is not found from ``dictionary``.</doc>
<status status="PASS" start="2024-07-05T05:14:39.477503" elapsed="0.000380"/>
</kw>
<kw name="Dictionary Should Contain Key" owner="Collections">
<arg>${json_data['results'][0]['login']}</arg>
<arg>${keyTwo}</arg>
<doc>Fails if ``key`` is not found from ``dictionary``.</doc>
<status status="PASS" start="2024-07-05T05:14:39.478062" elapsed="0.000370"/>
</kw>
<kw name="Log" owner="BuiltIn">
<msg time="2024-07-05T05:14:39.478727" level="INFO">password</msg>
<arg>${keyTwo}</arg>
<doc>Logs the given message with the given level.</doc>
<status status="PASS" start="2024-07-05T05:14:39.478609" elapsed="0.000159"/>
</kw>
<var name="${keyTwo}">password</var>
<status status="PASS" start="2024-07-05T05:14:39.477395" elapsed="0.001721"/>
</iter>
<var>${keyTwo}</var>
<value>@{expected_keysTwo}</value>
<status status="PASS" start="2024-07-05T05:14:39.475448" elapsed="0.003795"/>
</for>
<status status="PASS" start="2024-07-05T05:14:39.409119" elapsed="0.070269"/>
</kw>
<doc>Testa a estrutura da resposta da API.</doc>
<tag>testeEstruturaResposta</tag>
<status status="PASS" start="2024-07-05T05:14:39.408597" elapsed="0.070951"/>
</test>
<test id="s1-s1-t4" name="Validar tipos de dados" line="28">
<kw name="Teste de Tipos de Dados" owner="random-user-service">
<kw name="GET On Session" owner="RequestsLibrary">
<msg time="2024-07-05T05:14:39.546809" level="INFO">GET Request : url=https://randomuser.me/api 
 path_url=/api 
 headers={'User-Agent': 'python-requests/2.32.3', 'Accept-Encoding': 'gzip, deflate', 'Accept': '*/*', 'Connection': 'keep-alive'} 
 body=None 
 </msg>
<msg time="2024-07-05T05:14:39.546921" level="INFO">GET Response : url=https://randomuser.me/api 
 status=200, reason=OK 
 headers={'Date': 'Fri, 05 Jul 2024 05:14:39 GMT', 'Content-Type': 'application/json; charset=utf-8', 'Transfer-Encoding': 'chunked', 'Connection': 'keep-alive', 'X-Powered-By': 'Express', 'Access-Control-Allow-Origin': '*', 'Cache-Control': 'no-cache', 'ETag': 'W/"478-eKV3Bv4Ohalwfg3D8hZsAQC3DkM"', 'Vary': 'Accept-Encoding', 'Content-Encoding': 'gzip', 'CF-Cache-Status': 'DYNAMIC', 'Report-To': '{"endpoints":[{"url":"https:\\/\\/a.nel.cloudflare.com\\/report\\/v4?s=uvB3XIU51lHpdCdcTAy5JM3nnUIFlPqD0m2g%2Bz448oBvp%2FpZPxFcIsog5qPli2w9bEd%2F0m0n25wNwUImzKc2gpQhrB51NgtqTSAV6c59iDbp5u6Ou18YE3U3%2BAvaarWU"}],"group":"cf-nel","max_age":604800}', 'NEL': '{"success_fraction":0,"report_to":"cf-nel","max_age":604800}', 'Server': 'cloudflare', 'CF-RAY': '89e4df6ccc238302-IAD', 'alt-svc': 'h3=":443"; ma=86400'} 
 body={"results":[{"gender":"female","name":{"title":"Miss","first":"Aurora","last":"Román"},"location":{"street":{"number":203,"name":"Calle Mota"},"city":"Santander","state":"La Rioja","country":"Spain","postcode":62242,"coordinates":{"latitude":"-32.5757","longitude":"74.0315"},"timezone":{"offset":"+9:30","description":"Adelaide, Darwin"}},"email":"aurora.roman@example.com","login":{"uuid":"1c4e0dcb-9fb8-4684-83a9-0e0797109b67","username":"purplebear925","password":"nina","salt":"0TGyHqVp","md5":"09a62315daf7556319013f63f822bba4","sha1":"8a75c103a06f53332bdbf88aff4abba3bba2ea51","sha256":"683b8909b1ba97e8e1bdf2d7f7681f6d331a932e3cb7bbe660503856491084ac"},"dob":{"date":"1945-12-28T15:52:57.040Z","age":78},"registered":{"date":"2011-09-19T13:37:58.362Z","age":12},"phone":"940-066-446","cell":"645-784-522","id":{"name":"DNI","value":"27411871-J"},"picture":{"large":"https://randomuser.me/api/portraits/women/59.jpg","medium":"https://randomuser.me/api/portraits/med/women/59.jpg","thumbnail":"https://randomuser.me/api/portraits/thumb/women/59.jpg"},"nat":"ES"}],"info":{"seed":"fba712f3d86d2f5b","results":1,"page":1,"version":"1.4"}} 
 </msg>
<msg time="2024-07-05T05:14:39.547042" level="INFO">/opt/hostedtoolcache/Python/3.12.4/x64/lib/python3.12/site-packages/urllib3/connectionpool.py:1099: InsecureRequestWarning: Unverified HTTPS request is being made to host 'randomuser.me'. Adding certificate verification is strongly advised. See: https://urllib3.readthedocs.io/en/latest/advanced-usage.html#tls-warnings
  warnings.warn(</msg>
<msg time="2024-07-05T05:14:39.547212" level="INFO">${response} = &lt;Response [200]&gt;</msg>
<var>${response}</var>
<arg>consultarAPI</arg>
<arg>/api</arg>
<doc>Sends a GET request on a previously created HTTP Session.</doc>
<status status="PASS" start="2024-07-05T05:14:39.482240" elapsed="0.065011"/>
</kw>
<kw name="Set Variable" owner="BuiltIn">
<msg time="2024-07-05T05:14:39.548463" level="INFO">${json_data} = {'results': [{'gender': 'female', 'name': {'title': 'Miss', 'first': 'Aurora', 'last': 'Román'}, 'location': {'street': {'number': 203, 'name': 'Calle Mota'}, 'city': 'Santander', 'state': 'La Rioja',...</msg>
<var>${json_data}</var>
<arg>${response.json()}</arg>
<doc>Returns the given values which can then be assigned to a variables.</doc>
<status status="PASS" start="2024-07-05T05:14:39.547885" elapsed="0.000609"/>
</kw>
<kw name="Log" owner="BuiltIn">
<msg time="2024-07-05T05:14:39.548986" level="INFO">{'results': [{'gender': 'female', 'name': {'title': 'Miss', 'first': 'Aurora', 'last': 'Román'}, 'location': {'street': {'number': 203, 'name': 'Calle Mota'}, 'city': 'Santander', 'state': 'La Rioja', 'country': 'Spain', 'postcode': 62242, 'coordinates': {'latitude': '-32.5757', 'longitude': '74.0315'}, 'timezone': {'offset': '+9:30', 'description': 'Adelaide, Darwin'}}, 'email': 'aurora.roman@example.com', 'login': {'uuid': '1c4e0dcb-9fb8-4684-83a9-0e0797109b67', 'username': 'purplebear925', 'password': 'nina', 'salt': '0TGyHqVp', 'md5': '09a62315daf7556319013f63f822bba4', 'sha1': '8a75c103a06f53332bdbf88aff4abba3bba2ea51', 'sha256': '683b8909b1ba97e8e1bdf2d7f7681f6d331a932e3cb7bbe660503856491084ac'}, 'dob': {'date': '1945-12-28T15:52:57.040Z', 'age': 78}, 'registered': {'date': '2011-09-19T13:37:58.362Z', 'age': 12}, 'phone': '940-066-446', 'cell': '645-784-522', 'id': {'name': 'DNI', 'value': '27411871-J'}, 'picture': {'large': 'https://randomuser.me/api/portraits/women/59.jpg', 'medium': 'https://randomuser.me/api/portraits/med/women/59.jpg', 'thumbnail': 'https://randomuser.me/api/portraits/thumb/women/59.jpg'}, 'nat': 'ES'}], 'info': {'seed': 'fba712f3d86d2f5b', 'results': 1, 'page': 1, 'version': '1.4'}}</msg>
<arg>${json_data}</arg>
<doc>Logs the given message with the given level.</doc>
<status status="PASS" start="2024-07-05T05:14:39.548822" elapsed="0.000214"/>
</kw>
<kw name="Should Be String" owner="String">
<arg>${json_data['results'][0]['gender']}</arg>
<doc>Fails if the given ``item`` is not a string.</doc>
<status status="PASS" start="2024-07-05T05:14:39.549332" elapsed="0.000358"/>
</kw>
<kw name="Should Match Regexp" owner="BuiltIn">
<arg>${json_data['results'][0]['email']}</arg>
<arg>^[a-zA-Z0-9._%+-]+@[a-zA-Z0-9.-]+\.[a-zA-Z]{2,}$</arg>
<doc>Fails if ``string`` does not match ``pattern`` as a regular expression.</doc>
<status status="PASS" start="2024-07-05T05:14:39.549878" elapsed="0.000522"/>
</kw>
<kw name="Should Match Regexp" owner="BuiltIn">
<arg>${json_data['results'][0]['dob']['date']}</arg>
<arg>\\d{4}-\\d{2}-\\d{2}T\\d{2}:\\d{2}:\\d{2}\\.\\d{3}Z</arg>
<doc>Fails if ``string`` does not match ``pattern`` as a regular expression.</doc>
<status status="PASS" start="2024-07-05T05:14:39.550635" elapsed="0.000528"/>
</kw>
<kw name="Should Match Regexp" owner="BuiltIn">
<arg>${json_data['results'][0]['registered']['date']}</arg>
<arg>\\d{4}-\\d{2}-\\d{2}T\\d{2}:\\d{2}:\\d{2}\\.\\d{3}Z</arg>
<doc>Fails if ``string`` does not match ``pattern`` as a regular expression.</doc>
<status status="PASS" start="2024-07-05T05:14:39.551361" elapsed="0.000372"/>
</kw>
<kw name="Should Match Regexp" owner="BuiltIn">
<arg>${json_data['results'][0]['picture']['large']}</arg>
<arg>^https?://.*\.(?:png|jpe?g|gif|bmp)$</arg>
<doc>Fails if ``string`` does not match ``pattern`` as a regular expression.</doc>
<status status="PASS" start="2024-07-05T05:14:39.551922" elapsed="0.000470"/>
</kw>
<kw name="Should Match Regexp" owner="BuiltIn">
<arg>${json_data['results'][0]['picture']['medium']}</arg>
<arg>^https?://.*\.(?:png|jpe?g|gif|bmp)$</arg>
<doc>Fails if ``string`` does not match ``pattern`` as a regular expression.</doc>
<status status="PASS" start="2024-07-05T05:14:39.552583" elapsed="0.000349"/>
</kw>
<kw name="Should Match Regexp" owner="BuiltIn">
<arg>${json_data['results'][0]['picture']['thumbnail']}</arg>
<arg>^https?://.*\.(?:png|jpe?g|gif|bmp)$</arg>
<doc>Fails if ``string`` does not match ``pattern`` as a regular expression.</doc>
<status status="PASS" start="2024-07-05T05:14:39.553116" elapsed="0.000348"/>
</kw>
<kw name="Log" owner="BuiltIn">
<msg time="2024-07-05T05:14:39.553975" level="INFO">{'large': 'https://randomuser.me/api/portraits/women/59.jpg', 'medium': 'https://randomuser.me/api/portraits/med/women/59.jpg', 'thumbnail': 'https://randomuser.me/api/portraits/thumb/women/59.jpg'}</msg>
<arg>${json_data['results'][0]['picture']}</arg>
<doc>Logs the given message with the given level.</doc>
<status status="PASS" start="2024-07-05T05:14:39.553645" elapsed="0.000373"/>
</kw>
<status status="PASS" start="2024-07-05T05:14:39.481987" elapsed="0.072290"/>
</kw>
<kw name="Teste de Tipos de Dados - Postcode" owner="random-user-service">
<kw name="GET On Session" owner="RequestsLibrary">
<msg time="2024-07-05T05:14:39.651649" level="INFO">GET Request : url=https://randomuser.me/api 
 path_url=/api 
 headers={'User-Agent': 'python-requests/2.32.3', 'Accept-Encoding': 'gzip, deflate', 'Accept': '*/*', 'Connection': 'keep-alive'} 
 body=None 
 </msg>
<msg time="2024-07-05T05:14:39.651743" level="INFO">GET Response : url=https://randomuser.me/api 
 status=200, reason=OK 
 headers={'Date': 'Fri, 05 Jul 2024 05:14:39 GMT', 'Content-Type': 'application/json; charset=utf-8', 'Transfer-Encoding': 'chunked', 'Connection': 'keep-alive', 'X-Powered-By': 'Express', 'Access-Control-Allow-Origin': '*', 'Cache-Control': 'no-cache', 'ETag': 'W/"49e-Tq2RXuReaQsW6u9VbeL6NtJfOqc"', 'Vary': 'Accept-Encoding', 'Content-Encoding': 'gzip', 'CF-Cache-Status': 'DYNAMIC', 'Report-To': '{"endpoints":[{"url":"https:\\/\\/a.nel.cloudflare.com\\/report\\/v4?s=rgdvIdaZAgcNsxtNEH2NPgUJrLsPYb%2FkauzyCFKKQC1sgfsy90RQRLG5ioHa5lcLHO5jUZBvtZVCv5CqxK3JOy9xQQ6k2zX%2BE%2F4lw%2FXJFutaNW2xFcOnPFT7CrpeXX%2Br"}],"group":"cf-nel","max_age":604800}', 'NEL': '{"success_fraction":0,"report_to":"cf-nel","max_age":604800}', 'Server': 'cloudflare', 'CF-RAY': '89e4df6d3c928302-IAD', 'alt-svc': 'h3=":443"; ma=86400'} 
 body={"results":[{"gender":"female","name":{"title":"Miss","first":"Olga","last":"Radtke"},"location":{"street":{"number":3518,"name":"Amselweg"},"city":"Neckarsulm","state":"Sachsen-Anhalt","country":"Germany","postcode":39053,"coordinates":{"latitude":"-55.6099","longitude":"82.0321"},"timezone":{"offset":"+9:00","description":"Tokyo, Seoul, Osaka, Sapporo, Yakutsk"}},"email":"olga.radtke@example.com","login":{"uuid":"ca1e509d-5217-48a5-a3fc-b3688a91c45c","username":"smallpeacock306","password":"zouzou","salt":"kfDHNujp","md5":"775721b33c6ef37075beec663cd7f2a2","sha1":"927bb00f5573e7c338638aecf270cf87c878fd80","sha256":"da2748d27e782c66034850198fe65c0f1ee97eb604db20d1ad1b977136ab6b02"},"dob":{"date":"1967-02-24T14:00:49.219Z","age":57},"registered":{"date":"2012-08-26T10:29:20.816Z","age":11},"phone":"0651-8237805","cell":"0177-5254127","id":{"name":"SVNR","value":"19 240267 R 546"},"picture":{"large":"https://randomuser.me/api/portraits/women/50.jpg","medium":"https://randomuser.me/api/portraits/med/women/50.jpg","thumbnail":"https://randomuser.me/api/portraits/thumb/women/50.jpg"},"nat":"DE"}],"info":{"seed":"cb55e4710ceb42c6","results":1,"page":1,"version":"1.4"}} 
 </msg>
<msg time="2024-07-05T05:14:39.651814" level="INFO">/opt/hostedtoolcache/Python/3.12.4/x64/lib/python3.12/site-packages/urllib3/connectionpool.py:1099: InsecureRequestWarning: Unverified HTTPS request is being made to host 'randomuser.me'. Adding certificate verification is strongly advised. See: https://urllib3.readthedocs.io/en/latest/advanced-usage.html#tls-warnings
  warnings.warn(</msg>
<msg time="2024-07-05T05:14:39.651939" level="INFO">${response} = &lt;Response [200]&gt;</msg>
<var>${response}</var>
<arg>consultarAPI</arg>
<arg>/api</arg>
<doc>Sends a GET request on a previously created HTTP Session.</doc>
<status status="PASS" start="2024-07-05T05:14:39.554747" elapsed="0.097232"/>
</kw>
<kw name="Set Variable" owner="BuiltIn">
<msg time="2024-07-05T05:14:39.653196" level="INFO">${json_data} = {'results': [{'gender': 'female', 'name': {'title': 'Miss', 'first': 'Olga', 'last': 'Radtke'}, 'location': {'street': {'number': 3518, 'name': 'Amselweg'}, 'city': 'Neckarsulm', 'state': 'Sachsen-Anh...</msg>
<var>${json_data}</var>
<arg>${response.json()}</arg>
<doc>Returns the given values which can then be assigned to a variables.</doc>
<status status="PASS" start="2024-07-05T05:14:39.652614" elapsed="0.000610"/>
</kw>
<kw name="Log" owner="BuiltIn">
<msg time="2024-07-05T05:14:39.653698" level="INFO">{'results': [{'gender': 'female', 'name': {'title': 'Miss', 'first': 'Olga', 'last': 'Radtke'}, 'location': {'street': {'number': 3518, 'name': 'Amselweg'}, 'city': 'Neckarsulm', 'state': 'Sachsen-Anhalt', 'country': 'Germany', 'postcode': 39053, 'coordinates': {'latitude': '-55.6099', 'longitude': '82.0321'}, 'timezone': {'offset': '+9:00', 'description': 'Tokyo, Seoul, Osaka, Sapporo, Yakutsk'}}, 'email': 'olga.radtke@example.com', 'login': {'uuid': 'ca1e509d-5217-48a5-a3fc-b3688a91c45c', 'username': 'smallpeacock306', 'password': 'zouzou', 'salt': 'kfDHNujp', 'md5': '775721b33c6ef37075beec663cd7f2a2', 'sha1': '927bb00f5573e7c338638aecf270cf87c878fd80', 'sha256': 'da2748d27e782c66034850198fe65c0f1ee97eb604db20d1ad1b977136ab6b02'}, 'dob': {'date': '1967-02-24T14:00:49.219Z', 'age': 57}, 'registered': {'date': '2012-08-26T10:29:20.816Z', 'age': 11}, 'phone': '0651-8237805', 'cell': '0177-5254127', 'id': {'name': 'SVNR', 'value': '19 240267 R 546'}, 'picture': {'large': 'https://randomuser.me/api/portraits/women/50.jpg', 'medium': 'https://randomuser.me/api/portraits/med/women/50.jpg', 'thumbnail': 'https://randomuser.me/api/portraits/thumb/women/50.jpg'}, 'nat': 'DE'}], 'info': {'seed': 'cb55e4710ceb42c6', 'results': 1, 'page': 1, 'version': '1.4'}}</msg>
<arg>${json_data}</arg>
<doc>Logs the given message with the given level.</doc>
<status status="PASS" start="2024-07-05T05:14:39.653536" elapsed="0.000210"/>
</kw>
<kw name="Should Be Equal As Numbers" owner="BuiltIn">
<arg>${json_data['results'][0]['location']['postcode']}</arg>
<arg>${json_data['results'][0]['location']['postcode']}</arg>
<doc>Fails if objects are unequal after converting them to real numbers.</doc>
<status status="PASS" start="2024-07-05T05:14:39.654035" elapsed="0.000620"/>
</kw>
<kw name="Log" owner="BuiltIn">
<msg time="2024-07-05T05:14:39.655427" level="INFO">39053</msg>
<arg>${json_data['results'][0]['location']['postcode']}</arg>
<doc>Logs the given message with the given level.</doc>
<status status="PASS" start="2024-07-05T05:14:39.654847" elapsed="0.000622"/>
</kw>
<status status="PASS" start="2024-07-05T05:14:39.554516" elapsed="0.101237"/>
</kw>
<doc>Testa se os tipos de dados na resposta da API estão corretos.</doc>
<tag>testeTiposDados</tag>
<status status="PASS" start="2024-07-05T05:14:39.481334" elapsed="0.174590"/>
</test>
<test id="s1-s1-t5" name="Validar conteudo" line="35">
<kw name="Teste de Tipos de Conteudo" owner="random-user-service">
<kw name="GET On Session" owner="RequestsLibrary">
<msg time="2024-07-05T05:14:39.749859" level="INFO">GET Request : url=https://randomuser.me/api 
 path_url=/api 
 headers={'User-Agent': 'python-requests/2.32.3', 'Accept-Encoding': 'gzip, deflate', 'Accept': '*/*', 'Connection': 'keep-alive'} 
 body=None 
 </msg>
<msg time="2024-07-05T05:14:39.749959" level="INFO">GET Response : url=https://randomuser.me/api 
 status=200, reason=OK 
 headers={'Date': 'Fri, 05 Jul 2024 05:14:39 GMT', 'Content-Type': 'application/json; charset=utf-8', 'Transfer-Encoding': 'chunked', 'Connection': 'keep-alive', 'X-Powered-By': 'Express', 'Access-Control-Allow-Origin': '*', 'Cache-Control': 'no-cache', 'ETag': 'W/"48f-rOI9hwfcXausNPSXW6WcP73gyk8"', 'Vary': 'Accept-Encoding', 'Content-Encoding': 'gzip', 'CF-Cache-Status': 'DYNAMIC', 'Report-To': '{"endpoints":[{"url":"https:\\/\\/a.nel.cloudflare.com\\/report\\/v4?s=aYy77g7JJwcJZJ8ySHQgl7lDfDexCWWchruAyl3OhrSf8yIdusZDl7XL0Uv4CeG1ejM5nBzxGQyVYNUjWg48kCnhsJJCXrk5tRyMEpUgHNIJFQsN8yXXQqYFdmeQIf8a"}],"group":"cf-nel","max_age":604800}', 'NEL': '{"success_fraction":0,"report_to":"cf-nel","max_age":604800}', 'Server': 'cloudflare', 'CF-RAY': '89e4df6ded3d8302-IAD', 'alt-svc': 'h3=":443"; ma=86400'} 
 body={"results":[{"gender":"female","name":{"title":"Miss","first":"Arlene","last":"Russell"},"location":{"street":{"number":4660,"name":"W Gray St"},"city":"Tulsa","state":"New Mexico","country":"United States","postcode":64184,"coordinates":{"latitude":"89.2692","longitude":"164.9668"},"timezone":{"offset":"-11:00","description":"Midway Island, Samoa"}},"email":"arlene.russell@example.com","login":{"uuid":"1c407ee9-956d-40fa-b1ea-e7162d246e5e","username":"purplewolf540","password":"thomas","salt":"vz3d8OTh","md5":"4bc3ee899e8f7c851a19a2b02d02f37d","sha1":"aec84caf15019f28ff8fb0c72ac54caa7485bb35","sha256":"af2291e83237a103274f76f4b8d37dfe74b9deea357243ee0f3c10847b1bcf53"},"dob":{"date":"1951-05-14T07:45:06.606Z","age":73},"registered":{"date":"2010-01-08T14:19:22.504Z","age":14},"phone":"(812) 593-9651","cell":"(414) 643-5273","id":{"name":"SSN","value":"839-71-4636"},"picture":{"large":"https://randomuser.me/api/portraits/women/17.jpg","medium":"https://randomuser.me/api/portraits/med/women/17.jpg","thumbnail":"https://randomuser.me/api/portraits/thumb/women/17.jpg"},"nat":"US"}],"info":{"seed":"a90431ca7fd3f763","results":1,"page":1,"version":"1.4"}} 
 </msg>
<msg time="2024-07-05T05:14:39.750027" level="INFO">/opt/hostedtoolcache/Python/3.12.4/x64/lib/python3.12/site-packages/urllib3/connectionpool.py:1099: InsecureRequestWarning: Unverified HTTPS request is being made to host 'randomuser.me'. Adding certificate verification is strongly advised. See: https://urllib3.readthedocs.io/en/latest/advanced-usage.html#tls-warnings
  warnings.warn(</msg>
<msg time="2024-07-05T05:14:39.750147" level="INFO">${response} = &lt;Response [200]&gt;</msg>
<var>${response}</var>
<arg>consultarAPI</arg>
<arg>/api</arg>
<doc>Sends a GET request on a previously created HTTP Session.</doc>
<status status="PASS" start="2024-07-05T05:14:39.658486" elapsed="0.091700"/>
</kw>
<kw name="Set Variable" owner="BuiltIn">
<msg time="2024-07-05T05:14:39.751424" level="INFO">${json_data} = {'results': [{'gender': 'female', 'name': {'title': 'Miss', 'first': 'Arlene', 'last': 'Russell'}, 'location': {'street': {'number': 4660, 'name': 'W Gray St'}, 'city': 'Tulsa', 'state': 'New Mexico',...</msg>
<var>${json_data}</var>
<arg>${response.json()}</arg>
<doc>Returns the given values which can then be assigned to a variables.</doc>
<status status="PASS" start="2024-07-05T05:14:39.750819" elapsed="0.000634"/>
</kw>
<kw name="Set Variable" owner="BuiltIn">
<msg time="2024-07-05T05:14:39.752151" level="INFO">${name_title} = Miss</msg>
<var>${name_title}</var>
<arg>${json_data["results"][0]["name"]["title"]}</arg>
<doc>Returns the given values which can then be assigned to a variables.</doc>
<status status="PASS" start="2024-07-05T05:14:39.751768" elapsed="0.000408"/>
</kw>
<kw name="Create List" owner="BuiltIn">
<msg time="2024-07-05T05:14:39.752613" level="INFO">${allowed_titles} = ['Mr', 'Ms', 'Miss', 'Mrs', 'Madame', 'Monsieur']</msg>
<var>${allowed_titles}</var>
<arg>Mr</arg>
<arg>Ms</arg>
<arg>Miss</arg>
<arg>Mrs</arg>
<arg>Madame</arg>
<arg>Monsieur</arg>
<doc>Returns a list containing given items.</doc>
<status status="PASS" start="2024-07-05T05:14:39.752468" elapsed="0.000169"/>
</kw>
<kw name="List Should Contain Value" owner="Collections">
<arg>${allowed_titles}</arg>
<arg>${name_title}</arg>
<doc>Fails if the ``value`` is not found from ``list``.</doc>
<status status="PASS" start="2024-07-05T05:14:39.752936" elapsed="0.000200"/>
</kw>
<kw name="Set Variable" owner="BuiltIn">
<msg time="2024-07-05T05:14:39.753688" level="INFO">${name_country} = US</msg>
<var>${name_country}</var>
<arg>${json_data["results"][0]["nat"]}</arg>
<doc>Returns the given values which can then be assigned to a variables.</doc>
<status status="PASS" start="2024-07-05T05:14:39.753317" elapsed="0.000396"/>
</kw>
<kw name="Create List" owner="BuiltIn">
<msg time="2024-07-05T05:14:39.754599" level="INFO">${list_country} = ['AD', 'AE', 'AF', 'AG', 'AI', 'AL', 'AM', 'AO', 'AQ', 'AR', 'AS', 'AT', 'AU', 'AW', 'AX', 'AZ', 'BA', 'BB', 'BD', 'BE', 'BF', 'BG', 'BH', 'BI', 'BJ', 'BL', 'BM', 'BN', 'BO', 'BQ', 'BR', 'BS', 'BT', '...</msg>
<var>${list_country}</var>
<arg>AD</arg>
<arg>AE</arg>
<arg>AF</arg>
<arg>AG</arg>
<arg>AI</arg>
<arg>AL</arg>
<arg>AM</arg>
<arg>AO</arg>
<arg>AQ</arg>
<arg>AR</arg>
<arg>AS</arg>
<arg>AT</arg>
<arg>AU</arg>
<arg>AW</arg>
<arg>AX</arg>
<arg>AZ</arg>
<arg>BA</arg>
<arg>BB</arg>
<arg>BD</arg>
<arg>BE</arg>
<arg>BF</arg>
<arg>BG</arg>
<arg>BH</arg>
<arg>BI</arg>
<arg>BJ</arg>
<arg>BL</arg>
<arg>BM</arg>
<arg>BN</arg>
<arg>BO</arg>
<arg>BQ</arg>
<arg>BR</arg>
<arg>BS</arg>
<arg>BT</arg>
<arg>BV</arg>
<arg>BW</arg>
<arg>BY</arg>
<arg>BZ</arg>
<arg>CA</arg>
<arg>CC</arg>
<arg>CD</arg>
<arg>CF</arg>
<arg>CG</arg>
<arg>CH</arg>
<arg>CI</arg>
<arg>CK</arg>
<arg>CL</arg>
<arg>CM</arg>
<arg>CN</arg>
<arg>CO</arg>
<arg>CR</arg>
<arg>CU</arg>
<arg>CV</arg>
<arg>CW</arg>
<arg>CX</arg>
<arg>CY</arg>
<arg>CZ</arg>
<arg>DE</arg>
<arg>DJ</arg>
<arg>DK</arg>
<arg>DM</arg>
<arg>DO</arg>
<arg>DZ</arg>
<arg>EC</arg>
<arg>EE</arg>
<arg>EG</arg>
<arg>EH</arg>
<arg>ER</arg>
<arg>ES</arg>
<arg>ET</arg>
<arg>FI</arg>
<arg>FJ</arg>
<arg>FK</arg>
<arg>FM</arg>
<arg>FO</arg>
<arg>FR</arg>
<arg>GA</arg>
<arg>GB</arg>
<arg>GD</arg>
<arg>GE</arg>
<arg>GF</arg>
<arg>GG</arg>
<arg>GH</arg>
<arg>GI</arg>
<arg>GL</arg>
<arg>GM</arg>
<arg>GN</arg>
<arg>GP</arg>
<arg>GQ</arg>
<arg>GR</arg>
<arg>GS</arg>
<arg>GT</arg>
<arg>GU</arg>
<arg>GW</arg>
<arg>GY</arg>
<arg>HK</arg>
<arg>HM</arg>
<arg>HN</arg>
<arg>HR</arg>
<arg>HT</arg>
<arg>HU</arg>
<arg>ID</arg>
<arg>IE</arg>
<arg>IL</arg>
<arg>IM</arg>
<arg>IN</arg>
<arg>IO</arg>
<arg>IQ</arg>
<arg>IR</arg>
<arg>IS</arg>
<arg>IT</arg>
<arg>JE</arg>
<arg>JM</arg>
<arg>JO</arg>
<arg>JP</arg>
<arg>KE</arg>
<arg>KG</arg>
<arg>KH</arg>
<arg>KI</arg>
<arg>KM</arg>
<arg>KN</arg>
<arg>KP</arg>
<arg>KR</arg>
<arg>KW</arg>
<arg>KY</arg>
<arg>KZ</arg>
<arg>LA</arg>
<arg>LB</arg>
<arg>LC</arg>
<arg>LI</arg>
<arg>LK</arg>
<arg>LR</arg>
<arg>LS</arg>
<arg>LT</arg>
<arg>LU</arg>
<arg>LV</arg>
<arg>LY</arg>
<arg>MA</arg>
<arg>MC</arg>
<arg>MD</arg>
<arg>ME</arg>
<arg>MF</arg>
<arg>MG</arg>
<arg>MH</arg>
<arg>MK</arg>
<arg>ML</arg>
<arg>MM</arg>
<arg>MN</arg>
<arg>MO</arg>
<arg>MP</arg>
<arg>MQ</arg>
<arg>MR</arg>
<arg>MS</arg>
<arg>MT</arg>
<arg>MU</arg>
<arg>MV</arg>
<arg>MW</arg>
<arg>MX</arg>
<arg>MY</arg>
<arg>MZ</arg>
<arg>NA</arg>
<arg>NC</arg>
<arg>NE</arg>
<arg>NF</arg>
<arg>NG</arg>
<arg>NI</arg>
<arg>NL</arg>
<arg>NO</arg>
<arg>NP</arg>
<arg>NR</arg>
<arg>NU</arg>
<arg>NZ</arg>
<arg>OM</arg>
<arg>PA</arg>
<arg>PE</arg>
<arg>PF</arg>
<arg>PG</arg>
<arg>PH</arg>
<arg>PK</arg>
<arg>PL</arg>
<arg>PM</arg>
<arg>PN</arg>
<arg>PR</arg>
<arg>PS</arg>
<arg>PT</arg>
<arg>PW</arg>
<arg>PY</arg>
<arg>QA</arg>
<arg>RE</arg>
<arg>RO</arg>
<arg>RS</arg>
<arg>RU</arg>
<arg>RW</arg>
<arg>SA</arg>
<arg>SB</arg>
<arg>SC</arg>
<arg>SD</arg>
<arg>SE</arg>
<arg>SG</arg>
<arg>SH</arg>
<arg>SI</arg>
<arg>SJ</arg>
<arg>SK</arg>
<arg>SL</arg>
<arg>SM</arg>
<arg>SN</arg>
<arg>SO</arg>
<arg>SR</arg>
<arg>SS</arg>
<arg>ST</arg>
<arg>SV</arg>
<arg>SX</arg>
<arg>SY</arg>
<arg>SZ</arg>
<arg>TC</arg>
<arg>TD</arg>
<arg>TF</arg>
<arg>TG</arg>
<arg>TH</arg>
<arg>TJ</arg>
<arg>TK</arg>
<arg>TL</arg>
<arg>TM</arg>
<arg>TN</arg>
<arg>TO</arg>
<arg>TR</arg>
<arg>TT</arg>
<arg>TV</arg>
<arg>TW</arg>
<arg>TZ</arg>
<arg>UA</arg>
<arg>UG</arg>
<arg>UM</arg>
<arg>US</arg>
<arg>UY</arg>
<arg>UZ</arg>
<arg>VA</arg>
<arg>VC</arg>
<arg>VE</arg>
<arg>VG</arg>
<arg>VI</arg>
<arg>VN</arg>
<arg>VU</arg>
<arg>WF</arg>
<arg>WS</arg>
<arg>XK</arg>
<arg>YE</arg>
<arg>YT</arg>
<arg>ZA</arg>
<arg>ZM</arg>
<arg>ZW</arg>
<doc>Returns a list containing given items.</doc>
<status status="PASS" start="2024-07-05T05:14:39.754008" elapsed="0.000617"/>
</kw>
<kw name="List Should Contain Value" owner="Collections">
<arg>${list_country}</arg>
<arg>${name_country}</arg>
<doc>Fails if the ``value`` is not found from ``list``.</doc>
<status status="PASS" start="2024-07-05T05:14:39.755667" elapsed="0.000212"/>
</kw>
<kw name="Run Keyword If" owner="BuiltIn">
<kw name="Should Be True" owner="BuiltIn">
<arg>${True}</arg>
<doc>Fails if the given condition is not true.</doc>
<status status="PASS" start="2024-07-05T05:14:39.756822" elapsed="0.000142"/>
</kw>
<arg>${json_data["results"][0]["location"]["coordinates"]["latitude"]} &gt;= -90 and ${json_data["results"][0]["location"]["coordinates"]["latitude"]} &lt;= 90</arg>
<arg>Should Be True</arg>
<arg>${True}</arg>
<doc>Runs the given keyword with the given arguments, if ``condition`` is true.</doc>
<status status="PASS" start="2024-07-05T05:14:39.756080" elapsed="0.001008"/>
</kw>
<kw name="Run Keyword If" owner="BuiltIn">
<kw name="Should Be True" owner="BuiltIn">
<arg>${True}</arg>
<doc>Fails if the given condition is not true.</doc>
<status status="PASS" start="2024-07-05T05:14:39.757948" elapsed="0.000244"/>
</kw>
<arg>${json_data["results"][0]["location"]["coordinates"]["longitude"]} &gt;= -180 and ${json_data["results"][0]["location"]["coordinates"]["longitude"]} &lt;= 180</arg>
<arg>Should Be True</arg>
<arg>${True}</arg>
<doc>Runs the given keyword with the given arguments, if ``condition`` is true.</doc>
<status status="PASS" start="2024-07-05T05:14:39.757267" elapsed="0.001053"/>
</kw>
<status status="PASS" start="2024-07-05T05:14:39.658261" elapsed="0.100194"/>
</kw>
<doc>Testa o conteúdo específico dos campos retornados pela API.</doc>
<tag>testeConteudo</tag>
<status status="PASS" start="2024-07-05T05:14:39.657721" elapsed="0.100896"/>
</test>
<status status="PASS" start="2024-07-05T05:14:38.756240" elapsed="1.004530"/>
</suite>
<status status="PASS" start="2024-07-05T05:14:38.741432" elapsed="1.024365"/>
</suite>
<statistics>
<total>
<stat pass="5" fail="0" skip="0">All Tests</stat>
</total>
<tag>
<stat pass="1" fail="0" skip="0">testeConteudo</stat>
<stat pass="1" fail="0" skip="0">testeEstruturaResposta</stat>
<stat pass="1" fail="0" skip="0">testeRequisicaoBasica</stat>
<stat pass="1" fail="0" skip="0">testeTiposDados</stat>
</tag>
<suite>
<stat pass="5" fail="0" skip="0" id="s1" name="Tests">Tests</stat>
<stat pass="5" fail="0" skip="0" id="s1-s1" name="Random-User-Test">Tests.Random-User-Test</stat>
</suite>
</statistics>
<errors>
</errors>
</robot>
