<?xml version="1.0" encoding="UTF-8"?>
<robot generator="Robot 7.0.1 (Python 3.12.4 on linux)" generated="2024-06-27T20:15:19.612956" rpa="false" schemaversion="5">
<suite id="s1" name="Tests" source="/home/runner/work/ApiRandomUser/ApiRandomUser/RamdonUser/tests">
<suite id="s1-s1" name="Random-User-Test" source="/home/runner/work/ApiRandomUser/ApiRandomUser/RamdonUser/tests/random-user-test.robot">
<test id="s1-s1-t1" name="Conectar" line="13">
<kw name="Conectar API" owner="random-user-service">
<kw name="Create Session" owner="RequestsLibrary">
<msg time="2024-06-27T20:15:20.000439" level="INFO">Creating Session using : alias=consultarAPI, url=https://randomuser.me/, headers={},                     cookies={}, auth=None, timeout=None, proxies=None, verify=False,                     debug=0 </msg>
<arg>consultarAPI</arg>
<arg>${URL}</arg>
<doc>Create Session: create a HTTP session to a server</doc>
<status status="PASS" start="2024-06-27T20:15:20.000236" elapsed="0.000363"/>
</kw>
<status status="PASS" start="2024-06-27T20:15:19.999326" elapsed="0.001615"/>
</kw>
<status status="PASS" start="2024-06-27T20:15:19.998793" elapsed="0.002338"/>
</test>
<test id="s1-s1-t2" name="Validar retorno 200 e JSON Válido" line="16">
<kw name="Teste de Requisicao Basica" owner="random-user-service">
<kw name="GET On Session" owner="RequestsLibrary">
<msg time="2024-06-27T20:15:20.199487" level="INFO">GET Request : url=https://randomuser.me/api 
 path_url=/api 
 headers={'User-Agent': 'python-requests/2.32.3', 'Accept-Encoding': 'gzip, deflate', 'Accept': '*/*', 'Connection': 'keep-alive'} 
 body=None 
 </msg>
<msg time="2024-06-27T20:15:20.199594" level="INFO">GET Response : url=https://randomuser.me/api 
 status=200, reason=OK 
 headers={'Date': 'Thu, 27 Jun 2024 20:15:20 GMT', 'Content-Type': 'application/json; charset=utf-8', 'Transfer-Encoding': 'chunked', 'Connection': 'keep-alive', 'X-Powered-By': 'Express', 'Access-Control-Allow-Origin': '*', 'Cache-Control': 'no-cache', 'ETag': 'W/"48d-Q1dyQRf0iMvRJfQs4VvTtL8ifSw"', 'Vary': 'Accept-Encoding', 'Content-Encoding': 'gzip', 'CF-Cache-Status': 'DYNAMIC', 'Report-To': '{"endpoints":[{"url":"https:\\/\\/a.nel.cloudflare.com\\/report\\/v4?s=jiY%2BV%2F3UDXKCM%2F%2FSFWb94iM1mIYzvR3ls%2FxXCu%2BcdKBDJ5pUip4UkYv18VOthZ8JR7LmoyH347qsK0JlQpsTDGasSRJrJt%2FfXHQJ9A2OrVzAQ9vY4L0pp0bx%2FR6mC6W6"}],"group":"cf-nel","max_age":604800}', 'NEL': '{"success_fraction":0,"report_to":"cf-nel","max_age":604800}', 'Server': 'cloudflare', 'CF-RAY': '89a81bc64f042998-ORD', 'alt-svc': 'h3=":443"; ma=86400'} 
 body={"results":[{"gender":"female","name":{"title":"Ms","first":"Victoria","last":"Martin"},"location":{"street":{"number":1934,"name":"Grand Ave"},"city":"Armstrong","state":"British Columbia","country":"Canada","postcode":"D6U 0X9","coordinates":{"latitude":"-71.0044","longitude":"174.1210"},"timezone":{"offset":"-11:00","description":"Midway Island, Samoa"}},"email":"victoria.martin@example.com","login":{"uuid":"fab03801-192d-4cba-9a16-30e1077b8c85","username":"happyduck110","password":"aaaaaa","salt":"Ji2VUPMP","md5":"329cae2fc2bcb16e8044443ef2e24849","sha1":"dee697ff978f0aa75daf2df6c5d3d0d82505ad28","sha256":"912d5ca8d5c5f413fc2360e1aa4fb80be46364e762c55ed3a5561dfa30816d3f"},"dob":{"date":"1995-12-15T07:04:20.142Z","age":28},"registered":{"date":"2004-02-16T08:51:21.551Z","age":20},"phone":"M47 N75-3666","cell":"T07 E63-8278","id":{"name":"SIN","value":"264437765"},"picture":{"large":"https://randomuser.me/api/portraits/women/1.jpg","medium":"https://randomuser.me/api/portraits/med/women/1.jpg","thumbnail":"https://randomuser.me/api/portraits/thumb/women/1.jpg"},"nat":"CA"}],"info":{"seed":"2143ec35b1a62a5d","results":1,"page":1,"version":"1.4"}} 
 </msg>
<msg time="2024-06-27T20:15:20.199669" level="INFO">/opt/hostedtoolcache/Python/3.12.4/x64/lib/python3.12/site-packages/urllib3/connectionpool.py:1099: InsecureRequestWarning: Unverified HTTPS request is being made to host 'randomuser.me'. Adding certificate verification is strongly advised. See: https://urllib3.readthedocs.io/en/latest/advanced-usage.html#tls-warnings
  warnings.warn(</msg>
<msg time="2024-06-27T20:15:20.199778" level="INFO">${response} = &lt;Response [200]&gt;</msg>
<var>${response}</var>
<arg>consultarAPI</arg>
<arg>/api</arg>
<doc>Sends a GET request on a previously created HTTP Session.</doc>
<status status="PASS" start="2024-06-27T20:15:20.003724" elapsed="0.196095"/>
</kw>
<kw name="Should Be Equal As Numbers" owner="BuiltIn">
<msg time="2024-06-27T20:15:20.200649" level="INFO">Argument types are:
&lt;class 'int'&gt;
&lt;class 'str'&gt;</msg>
<arg>${response.status_code}</arg>
<arg>200</arg>
<doc>Fails if objects are unequal after converting them to real numbers.</doc>
<status status="PASS" start="2024-06-27T20:15:20.200230" elapsed="0.000495"/>
</kw>
<kw name="Log" owner="BuiltIn">
<msg time="2024-06-27T20:15:20.201399" level="INFO">200</msg>
<arg>${response.status_code}</arg>
<doc>Logs the given message with the given level.</doc>
<status status="PASS" start="2024-06-27T20:15:20.201049" elapsed="0.000393"/>
</kw>
<kw name="Set Variable" owner="BuiltIn">
<msg time="2024-06-27T20:15:20.202205" level="INFO">${json_data} = {'results': [{'gender': 'female', 'name': {'title': 'Ms', 'first': 'Victoria', 'last': 'Martin'}, 'location': {'street': {'number': 1934, 'name': 'Grand Ave'}, 'city': 'Armstrong', 'state': 'British C...</msg>
<var>${json_data}</var>
<arg>${response.json()}</arg>
<doc>Returns the given values which can then be assigned to a variables.</doc>
<status status="PASS" start="2024-06-27T20:15:20.201746" elapsed="0.000489"/>
</kw>
<kw name="Dictionary Should Contain Key" owner="Collections">
<arg>${json_data}</arg>
<arg>results</arg>
<doc>Fails if ``key`` is not found from ``dictionary``.</doc>
<status status="PASS" start="2024-06-27T20:15:20.202541" elapsed="0.000163"/>
</kw>
<status status="PASS" start="2024-06-27T20:15:20.003477" elapsed="0.199442"/>
</kw>
<doc>Testa se a API responde corretamente e retorna um objeto JSON válido.</doc>
<tag>testeRequisicaoBasica</tag>
<status status="PASS" start="2024-06-27T20:15:20.002996" elapsed="0.200092"/>
</test>
<test id="s1-s1-t3" name="Validar estrutura de resposta" line="22">
<kw name="Teste de Estrutura de Resposta" owner="random-user-service">
<kw name="GET On Session" owner="RequestsLibrary">
<msg time="2024-06-27T20:15:20.267622" level="INFO">GET Request : url=https://randomuser.me/api 
 path_url=/api 
 headers={'User-Agent': 'python-requests/2.32.3', 'Accept-Encoding': 'gzip, deflate', 'Accept': '*/*', 'Connection': 'keep-alive'} 
 body=None 
 </msg>
<msg time="2024-06-27T20:15:20.267690" level="INFO">GET Response : url=https://randomuser.me/api 
 status=200, reason=OK 
 headers={'Date': 'Thu, 27 Jun 2024 20:15:20 GMT', 'Content-Type': 'application/json; charset=utf-8', 'Transfer-Encoding': 'chunked', 'Connection': 'keep-alive', 'X-Powered-By': 'Express', 'Access-Control-Allow-Origin': '*', 'Cache-Control': 'no-cache', 'ETag': 'W/"482-bbd8tygqqT7moft6gH0wflxxXcI"', 'Vary': 'Accept-Encoding', 'Content-Encoding': 'gzip', 'CF-Cache-Status': 'DYNAMIC', 'Report-To': '{"endpoints":[{"url":"https:\\/\\/a.nel.cloudflare.com\\/report\\/v4?s=hjqwOSwBSIJ%2BfM4CV8mXU6Sfv%2Bns2qMOvf8v9pzqjLX8xYNLT%2FRxr0CyN2BSGeBTCMC1EYpmH%2FRIWjL%2BPvspr%2FatbSXJctbCCK6uj2YtmH%2FNCOHvyZPoyIe9OHhY5GDw"}],"group":"cf-nel","max_age":604800}', 'NEL': '{"success_fraction":0,"report_to":"cf-nel","max_age":604800}', 'Server': 'cloudflare', 'CF-RAY': '89a81bc748222998-ORD', 'alt-svc': 'h3=":443"; ma=86400'} 
 body={"results":[{"gender":"male","name":{"title":"Mr","first":"Macit","last":"Kılıççı"},"location":{"street":{"number":5248,"name":"Şehitler Cd"},"city":"Gümüşhane","state":"İzmir","country":"Turkey","postcode":21260,"coordinates":{"latitude":"64.5233","longitude":"-148.3880"},"timezone":{"offset":"-7:00","description":"Mountain Time (US &amp; Canada)"}},"email":"macit.kilicci@example.com","login":{"uuid":"a8285562-f882-4bf2-930d-9b09919391af","username":"angryswan658","password":"capital","salt":"7GFjT0lJ","md5":"d8af8aadda61e582e27697274317fa7b","sha1":"df5bf0322ff2b01136a54eb5d18cdfb003e54132","sha256":"cdee6f04382cedf519c901e180986db4b2aa26fda1a918bca0064e104c2a8fc0"},"dob":{"date":"1984-08-07T23:28:06.546Z","age":39},"registered":{"date":"2002-07-13T11:23:02.348Z","age":21},"phone":"(606)-261-6948","cell":"(862)-568-9689","id":{"name":"","value":null},"picture":{"large":"https://randomuser.me/api/portraits/men/59.jpg","medium":"https://randomuser.me/api/portraits/med/men/59.jpg","thumbnail":"https://randomuser.me/api/portraits/thumb/men/59.jpg"},"nat":"TR"}],"info":{"seed":"6ab9c315e031b108","results":1,"page":1,"version":"1.4"}} 
 </msg>
<msg time="2024-06-27T20:15:20.267796" level="INFO">/opt/hostedtoolcache/Python/3.12.4/x64/lib/python3.12/site-packages/urllib3/connectionpool.py:1099: InsecureRequestWarning: Unverified HTTPS request is being made to host 'randomuser.me'. Adding certificate verification is strongly advised. See: https://urllib3.readthedocs.io/en/latest/advanced-usage.html#tls-warnings
  warnings.warn(</msg>
<msg time="2024-06-27T20:15:20.267890" level="INFO">${response} = &lt;Response [200]&gt;</msg>
<var>${response}</var>
<arg>consultarAPI</arg>
<arg>/api</arg>
<doc>Sends a GET request on a previously created HTTP Session.</doc>
<status status="PASS" start="2024-06-27T20:15:20.205683" elapsed="0.062239"/>
</kw>
<kw name="Set Variable" owner="BuiltIn">
<msg time="2024-06-27T20:15:20.268766" level="INFO">${json_data} = {'results': [{'gender': 'male', 'name': {'title': 'Mr', 'first': 'Macit', 'last': 'Kılıççı'}, 'location': {'street': {'number': 5248, 'name': 'Şehitler Cd'}, 'city': 'Gümüşhane', 'state': 'İzmir', 'co...</msg>
<var>${json_data}</var>
<arg>${response.json()}</arg>
<doc>Returns the given values which can then be assigned to a variables.</doc>
<status status="PASS" start="2024-06-27T20:15:20.268303" elapsed="0.000494"/>
</kw>
<kw name="Log" owner="BuiltIn">
<msg time="2024-06-27T20:15:20.269264" level="INFO">{'results': [{'gender': 'male', 'name': {'title': 'Mr', 'first': 'Macit', 'last': 'Kılıççı'}, 'location': {'street': {'number': 5248, 'name': 'Şehitler Cd'}, 'city': 'Gümüşhane', 'state': 'İzmir', 'country': 'Turkey', 'postcode': 21260, 'coordinates': {'latitude': '64.5233', 'longitude': '-148.3880'}, 'timezone': {'offset': '-7:00', 'description': 'Mountain Time (US &amp; Canada)'}}, 'email': 'macit.kilicci@example.com', 'login': {'uuid': 'a8285562-f882-4bf2-930d-9b09919391af', 'username': 'angryswan658', 'password': 'capital', 'salt': '7GFjT0lJ', 'md5': 'd8af8aadda61e582e27697274317fa7b', 'sha1': 'df5bf0322ff2b01136a54eb5d18cdfb003e54132', 'sha256': 'cdee6f04382cedf519c901e180986db4b2aa26fda1a918bca0064e104c2a8fc0'}, 'dob': {'date': '1984-08-07T23:28:06.546Z', 'age': 39}, 'registered': {'date': '2002-07-13T11:23:02.348Z', 'age': 21}, 'phone': '(606)-261-6948', 'cell': '(862)-568-9689', 'id': {'name': '', 'value': None}, 'picture': {'large': 'https://randomuser.me/api/portraits/men/59.jpg', 'medium': 'https://randomuser.me/api/portraits/med/men/59.jpg', 'thumbnail': 'https://randomuser.me/api/portraits/thumb/men/59.jpg'}, 'nat': 'TR'}], 'info': {'seed': '6ab9c315e031b108', 'results': 1, 'page': 1, 'version': '1.4'}}</msg>
<arg>${json_data}</arg>
<doc>Logs the given message with the given level.</doc>
<status status="PASS" start="2024-06-27T20:15:20.269105" elapsed="0.000213"/>
</kw>
<kw name="Dictionary Should Contain Key" owner="Collections">
<arg>${json_data}</arg>
<arg>results</arg>
<doc>Fails if ``key`` is not found from ``dictionary``.</doc>
<status status="PASS" start="2024-06-27T20:15:20.269614" elapsed="0.000158"/>
</kw>
<kw name="Should Not Be Empty" owner="BuiltIn">
<msg time="2024-06-27T20:15:20.270092" level="INFO">Length is 2.</msg>
<arg>${json_data}</arg>
<doc>Verifies that the given item is not empty.</doc>
<status status="PASS" start="2024-06-27T20:15:20.269959" elapsed="0.000172"/>
</kw>
<kw name="Create List" owner="BuiltIn">
<msg time="2024-06-27T20:15:20.270736" level="INFO">${expected_keys} = ['gender', 'name', 'location', 'email', 'login']</msg>
<var>${expected_keys}</var>
<arg>gender</arg>
<arg>name</arg>
<arg>location</arg>
<arg>email</arg>
<arg>login</arg>
<doc>Returns a list containing given items.</doc>
<status status="PASS" start="2024-06-27T20:15:20.270465" elapsed="0.000296"/>
</kw>
<for flavor="IN">
<iter>
<kw name="Dictionary Should Contain Key" owner="Collections">
<arg>${json_data['results'][0]}</arg>
<arg>${key}</arg>
<doc>Fails if ``key`` is not found from ``dictionary``.</doc>
<status status="PASS" start="2024-06-27T20:15:20.271338" elapsed="0.000410"/>
</kw>
<kw name="Log" owner="BuiltIn">
<msg time="2024-06-27T20:15:20.272301" level="INFO">{'gender': 'male', 'name': {'title': 'Mr', 'first': 'Macit', 'last': 'Kılıççı'}, 'location': {'street': {'number': 5248, 'name': 'Şehitler Cd'}, 'city': 'Gümüşhane', 'state': 'İzmir', 'country': 'Turkey', 'postcode': 21260, 'coordinates': {'latitude': '64.5233', 'longitude': '-148.3880'}, 'timezone': {'offset': '-7:00', 'description': 'Mountain Time (US &amp; Canada)'}}, 'email': 'macit.kilicci@example.com', 'login': {'uuid': 'a8285562-f882-4bf2-930d-9b09919391af', 'username': 'angryswan658', 'password': 'capital', 'salt': '7GFjT0lJ', 'md5': 'd8af8aadda61e582e27697274317fa7b', 'sha1': 'df5bf0322ff2b01136a54eb5d18cdfb003e54132', 'sha256': 'cdee6f04382cedf519c901e180986db4b2aa26fda1a918bca0064e104c2a8fc0'}, 'dob': {'date': '1984-08-07T23:28:06.546Z', 'age': 39}, 'registered': {'date': '2002-07-13T11:23:02.348Z', 'age': 21}, 'phone': '(606)-261-6948', 'cell': '(862)-568-9689', 'id': {'name': '', 'value': None}, 'picture': {'large': 'https://randomuser.me/api/portraits/men/59.jpg', 'medium': 'https://randomuser.me/api/portraits/med/men/59.jpg', 'thumbnail': 'https://randomuser.me/api/portraits/thumb/men/59.jpg'}, 'nat': 'TR'}</msg>
<arg>${json_data['results'][0]}</arg>
<doc>Logs the given message with the given level.</doc>
<status status="PASS" start="2024-06-27T20:15:20.271936" elapsed="0.000417"/>
</kw>
<kw name="Log" owner="BuiltIn">
<msg time="2024-06-27T20:15:20.272791" level="INFO">gender</msg>
<arg>${key}</arg>
<doc>Logs the given message with the given level.</doc>
<status status="PASS" start="2024-06-27T20:15:20.272660" elapsed="0.000170"/>
</kw>
<var name="${key}">gender</var>
<status status="PASS" start="2024-06-27T20:15:20.271213" elapsed="0.001836"/>
</iter>
<iter>
<kw name="Dictionary Should Contain Key" owner="Collections">
<arg>${json_data['results'][0]}</arg>
<arg>${key}</arg>
<doc>Fails if ``key`` is not found from ``dictionary``.</doc>
<status status="PASS" start="2024-06-27T20:15:20.273350" elapsed="0.000398"/>
</kw>
<kw name="Log" owner="BuiltIn">
<msg time="2024-06-27T20:15:20.274316" level="INFO">{'gender': 'male', 'name': {'title': 'Mr', 'first': 'Macit', 'last': 'Kılıççı'}, 'location': {'street': {'number': 5248, 'name': 'Şehitler Cd'}, 'city': 'Gümüşhane', 'state': 'İzmir', 'country': 'Turkey', 'postcode': 21260, 'coordinates': {'latitude': '64.5233', 'longitude': '-148.3880'}, 'timezone': {'offset': '-7:00', 'description': 'Mountain Time (US &amp; Canada)'}}, 'email': 'macit.kilicci@example.com', 'login': {'uuid': 'a8285562-f882-4bf2-930d-9b09919391af', 'username': 'angryswan658', 'password': 'capital', 'salt': '7GFjT0lJ', 'md5': 'd8af8aadda61e582e27697274317fa7b', 'sha1': 'df5bf0322ff2b01136a54eb5d18cdfb003e54132', 'sha256': 'cdee6f04382cedf519c901e180986db4b2aa26fda1a918bca0064e104c2a8fc0'}, 'dob': {'date': '1984-08-07T23:28:06.546Z', 'age': 39}, 'registered': {'date': '2002-07-13T11:23:02.348Z', 'age': 21}, 'phone': '(606)-261-6948', 'cell': '(862)-568-9689', 'id': {'name': '', 'value': None}, 'picture': {'large': 'https://randomuser.me/api/portraits/men/59.jpg', 'medium': 'https://randomuser.me/api/portraits/med/men/59.jpg', 'thumbnail': 'https://randomuser.me/api/portraits/thumb/men/59.jpg'}, 'nat': 'TR'}</msg>
<arg>${json_data['results'][0]}</arg>
<doc>Logs the given message with the given level.</doc>
<status status="PASS" start="2024-06-27T20:15:20.273931" elapsed="0.000472"/>
</kw>
<kw name="Log" owner="BuiltIn">
<msg time="2024-06-27T20:15:20.274848" level="INFO">name</msg>
<arg>${key}</arg>
<doc>Logs the given message with the given level.</doc>
<status status="PASS" start="2024-06-27T20:15:20.274715" elapsed="0.000172"/>
</kw>
<var name="${key}">name</var>
<status status="PASS" start="2024-06-27T20:15:20.273236" elapsed="0.001876"/>
</iter>
<iter>
<kw name="Dictionary Should Contain Key" owner="Collections">
<arg>${json_data['results'][0]}</arg>
<arg>${key}</arg>
<doc>Fails if ``key`` is not found from ``dictionary``.</doc>
<status status="PASS" start="2024-06-27T20:15:20.275399" elapsed="0.000390"/>
</kw>
<kw name="Log" owner="BuiltIn">
<msg time="2024-06-27T20:15:20.276328" level="INFO">{'gender': 'male', 'name': {'title': 'Mr', 'first': 'Macit', 'last': 'Kılıççı'}, 'location': {'street': {'number': 5248, 'name': 'Şehitler Cd'}, 'city': 'Gümüşhane', 'state': 'İzmir', 'country': 'Turkey', 'postcode': 21260, 'coordinates': {'latitude': '64.5233', 'longitude': '-148.3880'}, 'timezone': {'offset': '-7:00', 'description': 'Mountain Time (US &amp; Canada)'}}, 'email': 'macit.kilicci@example.com', 'login': {'uuid': 'a8285562-f882-4bf2-930d-9b09919391af', 'username': 'angryswan658', 'password': 'capital', 'salt': '7GFjT0lJ', 'md5': 'd8af8aadda61e582e27697274317fa7b', 'sha1': 'df5bf0322ff2b01136a54eb5d18cdfb003e54132', 'sha256': 'cdee6f04382cedf519c901e180986db4b2aa26fda1a918bca0064e104c2a8fc0'}, 'dob': {'date': '1984-08-07T23:28:06.546Z', 'age': 39}, 'registered': {'date': '2002-07-13T11:23:02.348Z', 'age': 21}, 'phone': '(606)-261-6948', 'cell': '(862)-568-9689', 'id': {'name': '', 'value': None}, 'picture': {'large': 'https://randomuser.me/api/portraits/men/59.jpg', 'medium': 'https://randomuser.me/api/portraits/med/men/59.jpg', 'thumbnail': 'https://randomuser.me/api/portraits/thumb/men/59.jpg'}, 'nat': 'TR'}</msg>
<arg>${json_data['results'][0]}</arg>
<doc>Logs the given message with the given level.</doc>
<status status="PASS" start="2024-06-27T20:15:20.275973" elapsed="0.000407"/>
</kw>
<kw name="Log" owner="BuiltIn">
<msg time="2024-06-27T20:15:20.276806" level="INFO">location</msg>
<arg>${key}</arg>
<doc>Logs the given message with the given level.</doc>
<status status="PASS" start="2024-06-27T20:15:20.276680" elapsed="0.000164"/>
</kw>
<var name="${key}">location</var>
<status status="PASS" start="2024-06-27T20:15:20.275290" elapsed="0.001769"/>
</iter>
<iter>
<kw name="Dictionary Should Contain Key" owner="Collections">
<arg>${json_data['results'][0]}</arg>
<arg>${key}</arg>
<doc>Fails if ``key`` is not found from ``dictionary``.</doc>
<status status="PASS" start="2024-06-27T20:15:20.277341" elapsed="0.000396"/>
</kw>
<kw name="Log" owner="BuiltIn">
<msg time="2024-06-27T20:15:20.278311" level="INFO">{'gender': 'male', 'name': {'title': 'Mr', 'first': 'Macit', 'last': 'Kılıççı'}, 'location': {'street': {'number': 5248, 'name': 'Şehitler Cd'}, 'city': 'Gümüşhane', 'state': 'İzmir', 'country': 'Turkey', 'postcode': 21260, 'coordinates': {'latitude': '64.5233', 'longitude': '-148.3880'}, 'timezone': {'offset': '-7:00', 'description': 'Mountain Time (US &amp; Canada)'}}, 'email': 'macit.kilicci@example.com', 'login': {'uuid': 'a8285562-f882-4bf2-930d-9b09919391af', 'username': 'angryswan658', 'password': 'capital', 'salt': '7GFjT0lJ', 'md5': 'd8af8aadda61e582e27697274317fa7b', 'sha1': 'df5bf0322ff2b01136a54eb5d18cdfb003e54132', 'sha256': 'cdee6f04382cedf519c901e180986db4b2aa26fda1a918bca0064e104c2a8fc0'}, 'dob': {'date': '1984-08-07T23:28:06.546Z', 'age': 39}, 'registered': {'date': '2002-07-13T11:23:02.348Z', 'age': 21}, 'phone': '(606)-261-6948', 'cell': '(862)-568-9689', 'id': {'name': '', 'value': None}, 'picture': {'large': 'https://randomuser.me/api/portraits/men/59.jpg', 'medium': 'https://randomuser.me/api/portraits/med/men/59.jpg', 'thumbnail': 'https://randomuser.me/api/portraits/thumb/men/59.jpg'}, 'nat': 'TR'}</msg>
<arg>${json_data['results'][0]}</arg>
<doc>Logs the given message with the given level.</doc>
<status status="PASS" start="2024-06-27T20:15:20.277921" elapsed="0.000443"/>
</kw>
<kw name="Log" owner="BuiltIn">
<msg time="2024-06-27T20:15:20.278798" level="INFO">email</msg>
<arg>${key}</arg>
<doc>Logs the given message with the given level.</doc>
<status status="PASS" start="2024-06-27T20:15:20.278669" elapsed="0.000168"/>
</kw>
<var name="${key}">email</var>
<status status="PASS" start="2024-06-27T20:15:20.277232" elapsed="0.001826"/>
</iter>
<iter>
<kw name="Dictionary Should Contain Key" owner="Collections">
<arg>${json_data['results'][0]}</arg>
<arg>${key}</arg>
<doc>Fails if ``key`` is not found from ``dictionary``.</doc>
<status status="PASS" start="2024-06-27T20:15:20.279350" elapsed="0.000389"/>
</kw>
<kw name="Log" owner="BuiltIn">
<msg time="2024-06-27T20:15:20.280286" level="INFO">{'gender': 'male', 'name': {'title': 'Mr', 'first': 'Macit', 'last': 'Kılıççı'}, 'location': {'street': {'number': 5248, 'name': 'Şehitler Cd'}, 'city': 'Gümüşhane', 'state': 'İzmir', 'country': 'Turkey', 'postcode': 21260, 'coordinates': {'latitude': '64.5233', 'longitude': '-148.3880'}, 'timezone': {'offset': '-7:00', 'description': 'Mountain Time (US &amp; Canada)'}}, 'email': 'macit.kilicci@example.com', 'login': {'uuid': 'a8285562-f882-4bf2-930d-9b09919391af', 'username': 'angryswan658', 'password': 'capital', 'salt': '7GFjT0lJ', 'md5': 'd8af8aadda61e582e27697274317fa7b', 'sha1': 'df5bf0322ff2b01136a54eb5d18cdfb003e54132', 'sha256': 'cdee6f04382cedf519c901e180986db4b2aa26fda1a918bca0064e104c2a8fc0'}, 'dob': {'date': '1984-08-07T23:28:06.546Z', 'age': 39}, 'registered': {'date': '2002-07-13T11:23:02.348Z', 'age': 21}, 'phone': '(606)-261-6948', 'cell': '(862)-568-9689', 'id': {'name': '', 'value': None}, 'picture': {'large': 'https://randomuser.me/api/portraits/men/59.jpg', 'medium': 'https://randomuser.me/api/portraits/med/men/59.jpg', 'thumbnail': 'https://randomuser.me/api/portraits/thumb/men/59.jpg'}, 'nat': 'TR'}</msg>
<arg>${json_data['results'][0]}</arg>
<doc>Logs the given message with the given level.</doc>
<status status="PASS" start="2024-06-27T20:15:20.279922" elapsed="0.000416"/>
</kw>
<kw name="Log" owner="BuiltIn">
<msg time="2024-06-27T20:15:20.280763" level="INFO">login</msg>
<arg>${key}</arg>
<doc>Logs the given message with the given level.</doc>
<status status="PASS" start="2024-06-27T20:15:20.280635" elapsed="0.000166"/>
</kw>
<var name="${key}">login</var>
<status status="PASS" start="2024-06-27T20:15:20.279231" elapsed="0.001788"/>
</iter>
<var>${key}</var>
<value>@{expected_keys}</value>
<status status="PASS" start="2024-06-27T20:15:20.271029" elapsed="0.010112"/>
</for>
<kw name="Create List" owner="BuiltIn">
<msg time="2024-06-27T20:15:20.281494" level="INFO">${expected_keysTwo} = ['username', 'password']</msg>
<var>${expected_keysTwo}</var>
<arg>username</arg>
<arg>password</arg>
<doc>Returns a list containing given items.</doc>
<status status="PASS" start="2024-06-27T20:15:20.281334" elapsed="0.000211"/>
</kw>
<for flavor="IN">
<iter>
<kw name="Dictionary Should Contain Key" owner="Collections">
<arg>${json_data['results'][0]['login']}</arg>
<arg>${keyTwo}</arg>
<doc>Fails if ``key`` is not found from ``dictionary``.</doc>
<status status="PASS" start="2024-06-27T20:15:20.282051" elapsed="0.000424"/>
</kw>
<kw name="Dictionary Should Contain Key" owner="Collections">
<arg>${json_data['results'][0]['login']}</arg>
<arg>${keyTwo}</arg>
<doc>Fails if ``key`` is not found from ``dictionary``.</doc>
<status status="PASS" start="2024-06-27T20:15:20.282672" elapsed="0.000388"/>
</kw>
<kw name="Log" owner="BuiltIn">
<msg time="2024-06-27T20:15:20.283368" level="INFO">username</msg>
<arg>${keyTwo}</arg>
<doc>Logs the given message with the given level.</doc>
<status status="PASS" start="2024-06-27T20:15:20.283244" elapsed="0.000161"/>
</kw>
<var name="${keyTwo}">username</var>
<status status="PASS" start="2024-06-27T20:15:20.281943" elapsed="0.001686"/>
</iter>
<iter>
<kw name="Dictionary Should Contain Key" owner="Collections">
<arg>${json_data['results'][0]['login']}</arg>
<arg>${keyTwo}</arg>
<doc>Fails if ``key`` is not found from ``dictionary``.</doc>
<status status="PASS" start="2024-06-27T20:15:20.283909" elapsed="0.000386"/>
</kw>
<kw name="Dictionary Should Contain Key" owner="Collections">
<arg>${json_data['results'][0]['login']}</arg>
<arg>${keyTwo}</arg>
<doc>Fails if ``key`` is not found from ``dictionary``.</doc>
<status status="PASS" start="2024-06-27T20:15:20.284474" elapsed="0.000375"/>
</kw>
<kw name="Log" owner="BuiltIn">
<msg time="2024-06-27T20:15:20.285146" level="INFO">password</msg>
<arg>${keyTwo}</arg>
<doc>Logs the given message with the given level.</doc>
<status status="PASS" start="2024-06-27T20:15:20.285026" elapsed="0.000163"/>
</kw>
<var name="${keyTwo}">password</var>
<status status="PASS" start="2024-06-27T20:15:20.283801" elapsed="0.001698"/>
</iter>
<var>${keyTwo}</var>
<value>@{expected_keysTwo}</value>
<status status="PASS" start="2024-06-27T20:15:20.281789" elapsed="0.003831"/>
</for>
<status status="PASS" start="2024-06-27T20:15:20.205453" elapsed="0.080307"/>
</kw>
<doc>Testa a estrutura da resposta da API.</doc>
<tag>testeEstruturaResposta</tag>
<status status="PASS" start="2024-06-27T20:15:20.204956" elapsed="0.080951"/>
</test>
<test id="s1-s1-t4" name="Validar tipos de dados" line="28">
<kw name="Teste de Tipos de Dados" owner="random-user-service">
<kw name="GET On Session" owner="RequestsLibrary">
<msg time="2024-06-27T20:15:20.360054" level="INFO">GET Request : url=https://randomuser.me/api 
 path_url=/api 
 headers={'User-Agent': 'python-requests/2.32.3', 'Accept-Encoding': 'gzip, deflate', 'Accept': '*/*', 'Connection': 'keep-alive'} 
 body=None 
 </msg>
<msg time="2024-06-27T20:15:20.360141" level="INFO">GET Response : url=https://randomuser.me/api 
 status=200, reason=OK 
 headers={'Date': 'Thu, 27 Jun 2024 20:15:20 GMT', 'Content-Type': 'application/json; charset=utf-8', 'Transfer-Encoding': 'chunked', 'Connection': 'keep-alive', 'X-Powered-By': 'Express', 'Access-Control-Allow-Origin': '*', 'Cache-Control': 'no-cache', 'ETag': 'W/"49f-zRZm6CgMKNI0hAFdyX3U+T8xYoY"', 'Vary': 'Accept-Encoding', 'Content-Encoding': 'gzip', 'CF-Cache-Status': 'DYNAMIC', 'Report-To': '{"endpoints":[{"url":"https:\\/\\/a.nel.cloudflare.com\\/report\\/v4?s=tSr0opXVyZ4JOJVXkvXdP5ZYtpkCUK1A6zkufNu7CrZplceWWTn3Ftzt84chRFVna6lOFd1VQAN9Jfo8jHrgZYEqlAG7WKrbdbDh06HUHA8zoTBBWtK%2FbIU6j636K0sx"}],"group":"cf-nel","max_age":604800}', 'NEL': '{"success_fraction":0,"report_to":"cf-nel","max_age":604800}', 'Server': 'cloudflare', 'CF-RAY': '89a81bc7d8a72998-ORD', 'alt-svc': 'h3=":443"; ma=86400'} 
 body={"results":[{"gender":"male","name":{"title":"Mr","first":"Zvonimir","last":"Filipović"},"location":{"street":{"number":364,"name":"Ðorđa Milovanovića"},"city":"Pančevo","state":"Pirot","country":"Serbia","postcode":20024,"coordinates":{"latitude":"59.4578","longitude":"-58.5768"},"timezone":{"offset":"+5:00","description":"Ekaterinburg, Islamabad, Karachi, Tashkent"}},"email":"zvonimir.filipovic@example.com","login":{"uuid":"f2a03981-e86f-42bf-9bee-0ddc33aa15e6","username":"tinytiger111","password":"positive","salt":"5Fz8iQ0g","md5":"234f00fe922e60aff4bdb21297f31da2","sha1":"f825e636ecda07978397132417fb2cd692bcbfcb","sha256":"6b631b3872c21fbd2eeff4824b2aea7188d6f34720b2d7dae5d08a892bf2530e"},"dob":{"date":"1991-02-11T17:42:04.831Z","age":33},"registered":{"date":"2019-06-06T02:40:27.663Z","age":5},"phone":"012-6603-839","cell":"064-7353-687","id":{"name":"SID","value":"128770050"},"picture":{"large":"https://randomuser.me/api/portraits/men/81.jpg","medium":"https://randomuser.me/api/portraits/med/men/81.jpg","thumbnail":"https://randomuser.me/api/portraits/thumb/men/81.jpg"},"nat":"RS"}],"info":{"seed":"ac0e7afb39893835","results":1,"page":1,"version":"1.4"}} 
 </msg>
<msg time="2024-06-27T20:15:20.360221" level="INFO">/opt/hostedtoolcache/Python/3.12.4/x64/lib/python3.12/site-packages/urllib3/connectionpool.py:1099: InsecureRequestWarning: Unverified HTTPS request is being made to host 'randomuser.me'. Adding certificate verification is strongly advised. See: https://urllib3.readthedocs.io/en/latest/advanced-usage.html#tls-warnings
  warnings.warn(</msg>
<msg time="2024-06-27T20:15:20.360335" level="INFO">${response} = &lt;Response [200]&gt;</msg>
<var>${response}</var>
<arg>consultarAPI</arg>
<arg>/api</arg>
<doc>Sends a GET request on a previously created HTTP Session.</doc>
<status status="PASS" start="2024-06-27T20:15:20.288364" elapsed="0.072015"/>
</kw>
<kw name="Set Variable" owner="BuiltIn">
<msg time="2024-06-27T20:15:20.361256" level="INFO">${json_data} = {'results': [{'gender': 'male', 'name': {'title': 'Mr', 'first': 'Zvonimir', 'last': 'Filipović'}, 'location': {'street': {'number': 364, 'name': 'Ðorđa Milovanovića'}, 'city': 'Pančevo', 'state': 'Pi...</msg>
<var>${json_data}</var>
<arg>${response.json()}</arg>
<doc>Returns the given values which can then be assigned to a variables.</doc>
<status status="PASS" start="2024-06-27T20:15:20.360797" elapsed="0.000493"/>
</kw>
<kw name="Log" owner="BuiltIn">
<msg time="2024-06-27T20:15:20.361759" level="INFO">{'results': [{'gender': 'male', 'name': {'title': 'Mr', 'first': 'Zvonimir', 'last': 'Filipović'}, 'location': {'street': {'number': 364, 'name': 'Ðorđa Milovanovića'}, 'city': 'Pančevo', 'state': 'Pirot', 'country': 'Serbia', 'postcode': 20024, 'coordinates': {'latitude': '59.4578', 'longitude': '-58.5768'}, 'timezone': {'offset': '+5:00', 'description': 'Ekaterinburg, Islamabad, Karachi, Tashkent'}}, 'email': 'zvonimir.filipovic@example.com', 'login': {'uuid': 'f2a03981-e86f-42bf-9bee-0ddc33aa15e6', 'username': 'tinytiger111', 'password': 'positive', 'salt': '5Fz8iQ0g', 'md5': '234f00fe922e60aff4bdb21297f31da2', 'sha1': 'f825e636ecda07978397132417fb2cd692bcbfcb', 'sha256': '6b631b3872c21fbd2eeff4824b2aea7188d6f34720b2d7dae5d08a892bf2530e'}, 'dob': {'date': '1991-02-11T17:42:04.831Z', 'age': 33}, 'registered': {'date': '2019-06-06T02:40:27.663Z', 'age': 5}, 'phone': '012-6603-839', 'cell': '064-7353-687', 'id': {'name': 'SID', 'value': '128770050'}, 'picture': {'large': 'https://randomuser.me/api/portraits/men/81.jpg', 'medium': 'https://randomuser.me/api/portraits/med/men/81.jpg', 'thumbnail': 'https://randomuser.me/api/portraits/thumb/men/81.jpg'}, 'nat': 'RS'}], 'info': {'seed': 'ac0e7afb39893835', 'results': 1, 'page': 1, 'version': '1.4'}}</msg>
<arg>${json_data}</arg>
<doc>Logs the given message with the given level.</doc>
<status status="PASS" start="2024-06-27T20:15:20.361596" elapsed="0.000212"/>
</kw>
<kw name="Should Be String" owner="String">
<arg>${json_data['results'][0]['gender']}</arg>
<doc>Fails if the given ``item`` is not a string.</doc>
<status status="PASS" start="2024-06-27T20:15:20.362103" elapsed="0.000402"/>
</kw>
<kw name="Should Match Regexp" owner="BuiltIn">
<arg>${json_data['results'][0]['email']}</arg>
<arg>^[a-zA-Z0-9._%+-]+@[a-zA-Z0-9.-]+\.[a-zA-Z]{2,}$</arg>
<doc>Fails if ``string`` does not match ``pattern`` as a regular expression.</doc>
<status status="PASS" start="2024-06-27T20:15:20.362695" elapsed="0.000506"/>
</kw>
<kw name="Should Match Regexp" owner="BuiltIn">
<arg>${json_data['results'][0]['dob']['date']}</arg>
<arg>\\d{4}-\\d{2}-\\d{2}T\\d{2}:\\d{2}:\\d{2}\\.\\d{3}Z</arg>
<doc>Fails if ``string`` does not match ``pattern`` as a regular expression.</doc>
<status status="PASS" start="2024-06-27T20:15:20.363428" elapsed="0.000485"/>
</kw>
<kw name="Should Match Regexp" owner="BuiltIn">
<arg>${json_data['results'][0]['registered']['date']}</arg>
<arg>\\d{4}-\\d{2}-\\d{2}T\\d{2}:\\d{2}:\\d{2}\\.\\d{3}Z</arg>
<doc>Fails if ``string`` does not match ``pattern`` as a regular expression.</doc>
<status status="PASS" start="2024-06-27T20:15:20.364101" elapsed="0.000363"/>
</kw>
<kw name="Should Match Regexp" owner="BuiltIn">
<arg>${json_data['results'][0]['picture']['large']}</arg>
<arg>^https?://.*\.(?:png|jpe?g|gif|bmp)$</arg>
<doc>Fails if ``string`` does not match ``pattern`` as a regular expression.</doc>
<status status="PASS" start="2024-06-27T20:15:20.364650" elapsed="0.000462"/>
</kw>
<kw name="Should Match Regexp" owner="BuiltIn">
<arg>${json_data['results'][0]['picture']['medium']}</arg>
<arg>^https?://.*\.(?:png|jpe?g|gif|bmp)$</arg>
<doc>Fails if ``string`` does not match ``pattern`` as a regular expression.</doc>
<status status="PASS" start="2024-06-27T20:15:20.365298" elapsed="0.000352"/>
</kw>
<kw name="Should Match Regexp" owner="BuiltIn">
<arg>${json_data['results'][0]['picture']['thumbnail']}</arg>
<arg>^https?://.*\.(?:png|jpe?g|gif|bmp)$</arg>
<doc>Fails if ``string`` does not match ``pattern`` as a regular expression.</doc>
<status status="PASS" start="2024-06-27T20:15:20.365833" elapsed="0.000376"/>
</kw>
<kw name="Log" owner="BuiltIn">
<msg time="2024-06-27T20:15:20.366738" level="INFO">{'large': 'https://randomuser.me/api/portraits/men/81.jpg', 'medium': 'https://randomuser.me/api/portraits/med/men/81.jpg', 'thumbnail': 'https://randomuser.me/api/portraits/thumb/men/81.jpg'}</msg>
<arg>${json_data['results'][0]['picture']}</arg>
<doc>Logs the given message with the given level.</doc>
<status status="PASS" start="2024-06-27T20:15:20.366404" elapsed="0.000377"/>
</kw>
<status status="PASS" start="2024-06-27T20:15:20.288144" elapsed="0.078889"/>
</kw>
<kw name="Teste de Tipos de Dados - Postcode" owner="random-user-service">
<kw name="GET On Session" owner="RequestsLibrary">
<msg time="2024-06-27T20:15:20.458415" level="INFO">GET Request : url=https://randomuser.me/api 
 path_url=/api 
 headers={'User-Agent': 'python-requests/2.32.3', 'Accept-Encoding': 'gzip, deflate', 'Accept': '*/*', 'Connection': 'keep-alive'} 
 body=None 
 </msg>
<msg time="2024-06-27T20:15:20.458504" level="INFO">GET Response : url=https://randomuser.me/api 
 status=200, reason=OK 
 headers={'Date': 'Thu, 27 Jun 2024 20:15:20 GMT', 'Content-Type': 'application/json; charset=utf-8', 'Transfer-Encoding': 'chunked', 'Connection': 'keep-alive', 'X-Powered-By': 'Express', 'Access-Control-Allow-Origin': '*', 'Cache-Control': 'no-cache', 'ETag': 'W/"486-UU1GrwiiOo8GnE06/arDqYHtjrk"', 'Vary': 'Accept-Encoding', 'Content-Encoding': 'gzip', 'CF-Cache-Status': 'DYNAMIC', 'Report-To': '{"endpoints":[{"url":"https:\\/\\/a.nel.cloudflare.com\\/report\\/v4?s=D4yaAqM4pt8PcGOG4J923wOnZTmJ9wMqKUdjodS0A9gaTfhDEYkvJNaiowdsu7zq4FQxBzDYYnCwD6Lrp5nNhOVfEYGZNTotX6q8TA8NCLnkX3ZS3Eykd7f913eOKY66"}],"group":"cf-nel","max_age":604800}', 'NEL': '{"success_fraction":0,"report_to":"cf-nel","max_age":604800}', 'Server': 'cloudflare', 'CF-RAY': '89a81bc859332998-ORD', 'alt-svc': 'h3=":443"; ma=86400'} 
 body={"results":[{"gender":"male","name":{"title":"Mr","first":"Abeer","last":"Kumari"},"location":{"street":{"number":3885,"name":"Tank Bund Rd"},"city":"Haldia","state":"Telangana","country":"India","postcode":76197,"coordinates":{"latitude":"5.7328","longitude":"-16.9288"},"timezone":{"offset":"-5:00","description":"Eastern Time (US &amp; Canada), Bogota, Lima"}},"email":"abeer.kumari@example.com","login":{"uuid":"0736f5eb-869c-455f-ac06-b1a0980e40bf","username":"angrygoose758","password":"sampson","salt":"HAJVtw7O","md5":"3abf682e6dc48c20a0939f4dd36cbb30","sha1":"65627772a5280d56d6b7be2024c36bc004c21677","sha256":"27c793b06a2b8924de21d1213ce19757308a3e70d62aaecf590fd05943fa560c"},"dob":{"date":"1950-07-02T08:40:38.740Z","age":73},"registered":{"date":"2015-10-23T23:20:30.632Z","age":8},"phone":"8508207955","cell":"7866259967","id":{"name":"UIDAI","value":"506601199672"},"picture":{"large":"https://randomuser.me/api/portraits/men/6.jpg","medium":"https://randomuser.me/api/portraits/med/men/6.jpg","thumbnail":"https://randomuser.me/api/portraits/thumb/men/6.jpg"},"nat":"IN"}],"info":{"seed":"7cb5220fc8559a82","results":1,"page":1,"version":"1.4"}} 
 </msg>
<msg time="2024-06-27T20:15:20.458576" level="INFO">/opt/hostedtoolcache/Python/3.12.4/x64/lib/python3.12/site-packages/urllib3/connectionpool.py:1099: InsecureRequestWarning: Unverified HTTPS request is being made to host 'randomuser.me'. Adding certificate verification is strongly advised. See: https://urllib3.readthedocs.io/en/latest/advanced-usage.html#tls-warnings
  warnings.warn(</msg>
<msg time="2024-06-27T20:15:20.458689" level="INFO">${response} = &lt;Response [200]&gt;</msg>
<var>${response}</var>
<arg>consultarAPI</arg>
<arg>/api</arg>
<doc>Sends a GET request on a previously created HTTP Session.</doc>
<status status="PASS" start="2024-06-27T20:15:20.367457" elapsed="0.091289"/>
</kw>
<kw name="Set Variable" owner="BuiltIn">
<msg time="2024-06-27T20:15:20.459612" level="INFO">${json_data} = {'results': [{'gender': 'male', 'name': {'title': 'Mr', 'first': 'Abeer', 'last': 'Kumari'}, 'location': {'street': {'number': 3885, 'name': 'Tank Bund Rd'}, 'city': 'Haldia', 'state': 'Telangana', 'c...</msg>
<var>${json_data}</var>
<arg>${response.json()}</arg>
<doc>Returns the given values which can then be assigned to a variables.</doc>
<status status="PASS" start="2024-06-27T20:15:20.459150" elapsed="0.000489"/>
</kw>
<kw name="Log" owner="BuiltIn">
<msg time="2024-06-27T20:15:20.460090" level="INFO">{'results': [{'gender': 'male', 'name': {'title': 'Mr', 'first': 'Abeer', 'last': 'Kumari'}, 'location': {'street': {'number': 3885, 'name': 'Tank Bund Rd'}, 'city': 'Haldia', 'state': 'Telangana', 'country': 'India', 'postcode': 76197, 'coordinates': {'latitude': '5.7328', 'longitude': '-16.9288'}, 'timezone': {'offset': '-5:00', 'description': 'Eastern Time (US &amp; Canada), Bogota, Lima'}}, 'email': 'abeer.kumari@example.com', 'login': {'uuid': '0736f5eb-869c-455f-ac06-b1a0980e40bf', 'username': 'angrygoose758', 'password': 'sampson', 'salt': 'HAJVtw7O', 'md5': '3abf682e6dc48c20a0939f4dd36cbb30', 'sha1': '65627772a5280d56d6b7be2024c36bc004c21677', 'sha256': '27c793b06a2b8924de21d1213ce19757308a3e70d62aaecf590fd05943fa560c'}, 'dob': {'date': '1950-07-02T08:40:38.740Z', 'age': 73}, 'registered': {'date': '2015-10-23T23:20:30.632Z', 'age': 8}, 'phone': '8508207955', 'cell': '7866259967', 'id': {'name': 'UIDAI', 'value': '506601199672'}, 'picture': {'large': 'https://randomuser.me/api/portraits/men/6.jpg', 'medium': 'https://randomuser.me/api/portraits/med/men/6.jpg', 'thumbnail': 'https://randomuser.me/api/portraits/thumb/men/6.jpg'}, 'nat': 'IN'}], 'info': {'seed': '7cb5220fc8559a82', 'results': 1, 'page': 1, 'version': '1.4'}}</msg>
<arg>${json_data}</arg>
<doc>Logs the given message with the given level.</doc>
<status status="PASS" start="2024-06-27T20:15:20.459938" elapsed="0.000199"/>
</kw>
<kw name="Should Be Equal As Numbers" owner="BuiltIn">
<arg>${json_data['results'][0]['location']['postcode']}</arg>
<arg>${json_data['results'][0]['location']['postcode']}</arg>
<doc>Fails if objects are unequal after converting them to real numbers.</doc>
<status status="PASS" start="2024-06-27T20:15:20.460423" elapsed="0.000631"/>
</kw>
<kw name="Log" owner="BuiltIn">
<msg time="2024-06-27T20:15:20.461720" level="INFO">76197</msg>
<arg>${json_data['results'][0]['location']['postcode']}</arg>
<doc>Logs the given message with the given level.</doc>
<status status="PASS" start="2024-06-27T20:15:20.461245" elapsed="0.000515"/>
</kw>
<status status="PASS" start="2024-06-27T20:15:20.367241" elapsed="0.094797"/>
</kw>
<doc>Testa se os tipos de dados na resposta da API estão corretos.</doc>
<tag>testeTiposDados</tag>
<status status="PASS" start="2024-06-27T20:15:20.287709" elapsed="0.174559"/>
</test>
<test id="s1-s1-t5" name="Validar conteudo" line="35">
<kw name="Teste de Tipos de Conteudo" owner="random-user-service">
<kw name="GET On Session" owner="RequestsLibrary">
<msg time="2024-06-27T20:15:20.566890" level="INFO">GET Request : url=https://randomuser.me/api 
 path_url=/api 
 headers={'User-Agent': 'python-requests/2.32.3', 'Accept-Encoding': 'gzip, deflate', 'Accept': '*/*', 'Connection': 'keep-alive'} 
 body=None 
 </msg>
<msg time="2024-06-27T20:15:20.566976" level="INFO">GET Response : url=https://randomuser.me/api 
 status=200, reason=OK 
 headers={'Date': 'Thu, 27 Jun 2024 20:15:20 GMT', 'Content-Type': 'application/json; charset=utf-8', 'Transfer-Encoding': 'chunked', 'Connection': 'keep-alive', 'X-Powered-By': 'Express', 'Access-Control-Allow-Origin': '*', 'Cache-Control': 'no-cache', 'ETag': 'W/"485-UnHQyyh5MdC7WRBTMBnzBC8tYYQ"', 'Vary': 'Accept-Encoding', 'Content-Encoding': 'gzip', 'CF-Cache-Status': 'DYNAMIC', 'Report-To': '{"endpoints":[{"url":"https:\\/\\/a.nel.cloudflare.com\\/report\\/v4?s=7FQWgQF78Q7xezCLYayD8CUrOlB36fprNWRnyfRm0eeLl%2BhdR%2BJabQC0TBDJpDdsAZgXDDqZre44FrfmJCudsRwszSyAmucmSou%2F9g%2BhIciTsigh3N5Hs7sAc0xwXuFR"}],"group":"cf-nel","max_age":604800}', 'NEL': '{"success_fraction":0,"report_to":"cf-nel","max_age":604800}', 'Server': 'cloudflare', 'CF-RAY': '89a81bc8e9d12998-ORD', 'alt-svc': 'h3=":443"; ma=86400'} 
 body={"results":[{"gender":"male","name":{"title":"Mr","first":"Duy","last":"Van Bruchem"},"location":{"street":{"number":1501,"name":"Britspad"},"city":"Geldrop-Mierlo","state":"Flevoland","country":"Netherlands","postcode":"4157 IY","coordinates":{"latitude":"35.7160","longitude":"-143.7321"},"timezone":{"offset":"-2:00","description":"Mid-Atlantic"}},"email":"duy.vanbruchem@example.com","login":{"uuid":"3b52342e-8101-486a-a178-62ca7939b9a5","username":"heavyleopard472","password":"amateurs","salt":"HhceFAOy","md5":"ea87f5145437f0d6f654acab4b9bff66","sha1":"e3d788e967ea54067d8c93a21615c0d4fb1cc98d","sha256":"744f45dc808ab900e2dd5c271b90e9adf00da5b5027b035327b7188c1d9e03f0"},"dob":{"date":"1952-12-19T19:09:18.800Z","age":71},"registered":{"date":"2018-08-08T23:52:36.872Z","age":5},"phone":"(0577) 379239","cell":"(06) 65124649","id":{"name":"BSN","value":"79814374"},"picture":{"large":"https://randomuser.me/api/portraits/men/64.jpg","medium":"https://randomuser.me/api/portraits/med/men/64.jpg","thumbnail":"https://randomuser.me/api/portraits/thumb/men/64.jpg"},"nat":"NL"}],"info":{"seed":"c84438d15dbfd130","results":1,"page":1,"version":"1.4"}} 
 </msg>
<msg time="2024-06-27T20:15:20.567051" level="INFO">/opt/hostedtoolcache/Python/3.12.4/x64/lib/python3.12/site-packages/urllib3/connectionpool.py:1099: InsecureRequestWarning: Unverified HTTPS request is being made to host 'randomuser.me'. Adding certificate verification is strongly advised. See: https://urllib3.readthedocs.io/en/latest/advanced-usage.html#tls-warnings
  warnings.warn(</msg>
<msg time="2024-06-27T20:15:20.567170" level="INFO">${response} = &lt;Response [200]&gt;</msg>
<var>${response}</var>
<arg>consultarAPI</arg>
<arg>/api</arg>
<doc>Sends a GET request on a previously created HTTP Session.</doc>
<status status="PASS" start="2024-06-27T20:15:20.464709" elapsed="0.102497"/>
</kw>
<kw name="Set Variable" owner="BuiltIn">
<msg time="2024-06-27T20:15:20.568116" level="INFO">${json_data} = {'results': [{'gender': 'male', 'name': {'title': 'Mr', 'first': 'Duy', 'last': 'Van Bruchem'}, 'location': {'street': {'number': 1501, 'name': 'Britspad'}, 'city': 'Geldrop-Mierlo', 'state': 'Flevola...</msg>
<var>${json_data}</var>
<arg>${response.json()}</arg>
<doc>Returns the given values which can then be assigned to a variables.</doc>
<status status="PASS" start="2024-06-27T20:15:20.567675" elapsed="0.000469"/>
</kw>
<kw name="Set Variable" owner="BuiltIn">
<msg time="2024-06-27T20:15:20.568823" level="INFO">${name_title} = Mr</msg>
<var>${name_title}</var>
<arg>${json_data["results"][0]["name"]["title"]}</arg>
<doc>Returns the given values which can then be assigned to a variables.</doc>
<status status="PASS" start="2024-06-27T20:15:20.568444" elapsed="0.000404"/>
</kw>
<kw name="Create List" owner="BuiltIn">
<msg time="2024-06-27T20:15:20.569292" level="INFO">${allowed_titles} = ['Mr', 'Ms', 'Miss', 'Mrs', 'Madame', 'Monsieur']</msg>
<var>${allowed_titles}</var>
<arg>Mr</arg>
<arg>Ms</arg>
<arg>Miss</arg>
<arg>Mrs</arg>
<arg>Madame</arg>
<arg>Monsieur</arg>
<doc>Returns a list containing given items.</doc>
<status status="PASS" start="2024-06-27T20:15:20.569143" elapsed="0.000173"/>
</kw>
<kw name="List Should Contain Value" owner="Collections">
<arg>${allowed_titles}</arg>
<arg>${name_title}</arg>
<doc>Fails if the ``value`` is not found from ``list``.</doc>
<status status="PASS" start="2024-06-27T20:15:20.569610" elapsed="0.000183"/>
</kw>
<kw name="Set Variable" owner="BuiltIn">
<msg time="2024-06-27T20:15:20.570402" level="INFO">${name_country} = NL</msg>
<var>${name_country}</var>
<arg>${json_data["results"][0]["nat"]}</arg>
<doc>Returns the given values which can then be assigned to a variables.</doc>
<status status="PASS" start="2024-06-27T20:15:20.569980" elapsed="0.000447"/>
</kw>
<kw name="Create List" owner="BuiltIn">
<msg time="2024-06-27T20:15:20.571321" level="INFO">${list_country} = ['AD', 'AE', 'AF', 'AG', 'AI', 'AL', 'AM', 'AO', 'AQ', 'AR', 'AS', 'AT', 'AU', 'AW', 'AX', 'AZ', 'BA', 'BB', 'BD', 'BE', 'BF', 'BG', 'BH', 'BI', 'BJ', 'BL', 'BM', 'BN', 'BO', 'BQ', 'BR', 'BS', 'BT', '...</msg>
<var>${list_country}</var>
<arg>AD</arg>
<arg>AE</arg>
<arg>AF</arg>
<arg>AG</arg>
<arg>AI</arg>
<arg>AL</arg>
<arg>AM</arg>
<arg>AO</arg>
<arg>AQ</arg>
<arg>AR</arg>
<arg>AS</arg>
<arg>AT</arg>
<arg>AU</arg>
<arg>AW</arg>
<arg>AX</arg>
<arg>AZ</arg>
<arg>BA</arg>
<arg>BB</arg>
<arg>BD</arg>
<arg>BE</arg>
<arg>BF</arg>
<arg>BG</arg>
<arg>BH</arg>
<arg>BI</arg>
<arg>BJ</arg>
<arg>BL</arg>
<arg>BM</arg>
<arg>BN</arg>
<arg>BO</arg>
<arg>BQ</arg>
<arg>BR</arg>
<arg>BS</arg>
<arg>BT</arg>
<arg>BV</arg>
<arg>BW</arg>
<arg>BY</arg>
<arg>BZ</arg>
<arg>CA</arg>
<arg>CC</arg>
<arg>CD</arg>
<arg>CF</arg>
<arg>CG</arg>
<arg>CH</arg>
<arg>CI</arg>
<arg>CK</arg>
<arg>CL</arg>
<arg>CM</arg>
<arg>CN</arg>
<arg>CO</arg>
<arg>CR</arg>
<arg>CU</arg>
<arg>CV</arg>
<arg>CW</arg>
<arg>CX</arg>
<arg>CY</arg>
<arg>CZ</arg>
<arg>DE</arg>
<arg>DJ</arg>
<arg>DK</arg>
<arg>DM</arg>
<arg>DO</arg>
<arg>DZ</arg>
<arg>EC</arg>
<arg>EE</arg>
<arg>EG</arg>
<arg>EH</arg>
<arg>ER</arg>
<arg>ES</arg>
<arg>ET</arg>
<arg>FI</arg>
<arg>FJ</arg>
<arg>FK</arg>
<arg>FM</arg>
<arg>FO</arg>
<arg>FR</arg>
<arg>GA</arg>
<arg>GB</arg>
<arg>GD</arg>
<arg>GE</arg>
<arg>GF</arg>
<arg>GG</arg>
<arg>GH</arg>
<arg>GI</arg>
<arg>GL</arg>
<arg>GM</arg>
<arg>GN</arg>
<arg>GP</arg>
<arg>GQ</arg>
<arg>GR</arg>
<arg>GS</arg>
<arg>GT</arg>
<arg>GU</arg>
<arg>GW</arg>
<arg>GY</arg>
<arg>HK</arg>
<arg>HM</arg>
<arg>HN</arg>
<arg>HR</arg>
<arg>HT</arg>
<arg>HU</arg>
<arg>ID</arg>
<arg>IE</arg>
<arg>IL</arg>
<arg>IM</arg>
<arg>IN</arg>
<arg>IO</arg>
<arg>IQ</arg>
<arg>IR</arg>
<arg>IS</arg>
<arg>IT</arg>
<arg>JE</arg>
<arg>JM</arg>
<arg>JO</arg>
<arg>JP</arg>
<arg>KE</arg>
<arg>KG</arg>
<arg>KH</arg>
<arg>KI</arg>
<arg>KM</arg>
<arg>KN</arg>
<arg>KP</arg>
<arg>KR</arg>
<arg>KW</arg>
<arg>KY</arg>
<arg>KZ</arg>
<arg>LA</arg>
<arg>LB</arg>
<arg>LC</arg>
<arg>LI</arg>
<arg>LK</arg>
<arg>LR</arg>
<arg>LS</arg>
<arg>LT</arg>
<arg>LU</arg>
<arg>LV</arg>
<arg>LY</arg>
<arg>MA</arg>
<arg>MC</arg>
<arg>MD</arg>
<arg>ME</arg>
<arg>MF</arg>
<arg>MG</arg>
<arg>MH</arg>
<arg>MK</arg>
<arg>ML</arg>
<arg>MM</arg>
<arg>MN</arg>
<arg>MO</arg>
<arg>MP</arg>
<arg>MQ</arg>
<arg>MR</arg>
<arg>MS</arg>
<arg>MT</arg>
<arg>MU</arg>
<arg>MV</arg>
<arg>MW</arg>
<arg>MX</arg>
<arg>MY</arg>
<arg>MZ</arg>
<arg>NA</arg>
<arg>NC</arg>
<arg>NE</arg>
<arg>NF</arg>
<arg>NG</arg>
<arg>NI</arg>
<arg>NL</arg>
<arg>NO</arg>
<arg>NP</arg>
<arg>NR</arg>
<arg>NU</arg>
<arg>NZ</arg>
<arg>OM</arg>
<arg>PA</arg>
<arg>PE</arg>
<arg>PF</arg>
<arg>PG</arg>
<arg>PH</arg>
<arg>PK</arg>
<arg>PL</arg>
<arg>PM</arg>
<arg>PN</arg>
<arg>PR</arg>
<arg>PS</arg>
<arg>PT</arg>
<arg>PW</arg>
<arg>PY</arg>
<arg>QA</arg>
<arg>RE</arg>
<arg>RO</arg>
<arg>RS</arg>
<arg>RU</arg>
<arg>RW</arg>
<arg>SA</arg>
<arg>SB</arg>
<arg>SC</arg>
<arg>SD</arg>
<arg>SE</arg>
<arg>SG</arg>
<arg>SH</arg>
<arg>SI</arg>
<arg>SJ</arg>
<arg>SK</arg>
<arg>SL</arg>
<arg>SM</arg>
<arg>SN</arg>
<arg>SO</arg>
<arg>SR</arg>
<arg>SS</arg>
<arg>ST</arg>
<arg>SV</arg>
<arg>SX</arg>
<arg>SY</arg>
<arg>SZ</arg>
<arg>TC</arg>
<arg>TD</arg>
<arg>TF</arg>
<arg>TG</arg>
<arg>TH</arg>
<arg>TJ</arg>
<arg>TK</arg>
<arg>TL</arg>
<arg>TM</arg>
<arg>TN</arg>
<arg>TO</arg>
<arg>TR</arg>
<arg>TT</arg>
<arg>TV</arg>
<arg>TW</arg>
<arg>TZ</arg>
<arg>UA</arg>
<arg>UG</arg>
<arg>UM</arg>
<arg>US</arg>
<arg>UY</arg>
<arg>UZ</arg>
<arg>VA</arg>
<arg>VC</arg>
<arg>VE</arg>
<arg>VG</arg>
<arg>VI</arg>
<arg>VN</arg>
<arg>VU</arg>
<arg>WF</arg>
<arg>WS</arg>
<arg>XK</arg>
<arg>YE</arg>
<arg>YT</arg>
<arg>ZA</arg>
<arg>ZM</arg>
<arg>ZW</arg>
<doc>Returns a list containing given items.</doc>
<status status="PASS" start="2024-06-27T20:15:20.570719" elapsed="0.000627"/>
</kw>
<kw name="List Should Contain Value" owner="Collections">
<arg>${list_country}</arg>
<arg>${name_country}</arg>
<doc>Fails if the ``value`` is not found from ``list``.</doc>
<status status="PASS" start="2024-06-27T20:15:20.572141" elapsed="0.000202"/>
</kw>
<kw name="Run Keyword If" owner="BuiltIn">
<kw name="Should Be True" owner="BuiltIn">
<arg>${True}</arg>
<doc>Fails if the given condition is not true.</doc>
<status status="PASS" start="2024-06-27T20:15:20.573270" elapsed="0.000141"/>
</kw>
<arg>${json_data["results"][0]["location"]["coordinates"]["latitude"]} &gt;= -90 and ${json_data["results"][0]["location"]["coordinates"]["latitude"]} &lt;= 90</arg>
<arg>Should Be True</arg>
<arg>${True}</arg>
<doc>Runs the given keyword with the given arguments, if ``condition`` is true.</doc>
<status status="PASS" start="2024-06-27T20:15:20.572538" elapsed="0.000996"/>
</kw>
<kw name="Run Keyword If" owner="BuiltIn">
<kw name="Should Be True" owner="BuiltIn">
<arg>${True}</arg>
<doc>Fails if the given condition is not true.</doc>
<status status="PASS" start="2024-06-27T20:15:20.574432" elapsed="0.000230"/>
</kw>
<arg>${json_data["results"][0]["location"]["coordinates"]["longitude"]} &gt;= -180 and ${json_data["results"][0]["location"]["coordinates"]["longitude"]} &lt;= 180</arg>
<arg>Should Be True</arg>
<arg>${True}</arg>
<doc>Runs the given keyword with the given arguments, if ``condition`` is true.</doc>
<status status="PASS" start="2024-06-27T20:15:20.573709" elapsed="0.001083"/>
</kw>
<status status="PASS" start="2024-06-27T20:15:20.464493" elapsed="0.110429"/>
</kw>
<doc>Testa o conteúdo específico dos campos retornados pela API.</doc>
<tag>testeConteudo</tag>
<status status="PASS" start="2024-06-27T20:15:20.464050" elapsed="0.111013"/>
</test>
<status status="PASS" start="2024-06-27T20:15:19.670830" elapsed="0.906162"/>
</suite>
<status status="PASS" start="2024-06-27T20:15:19.656598" elapsed="0.925397"/>
</suite>
<statistics>
<total>
<stat pass="5" fail="0" skip="0">All Tests</stat>
</total>
<tag>
<stat pass="1" fail="0" skip="0">testeConteudo</stat>
<stat pass="1" fail="0" skip="0">testeEstruturaResposta</stat>
<stat pass="1" fail="0" skip="0">testeRequisicaoBasica</stat>
<stat pass="1" fail="0" skip="0">testeTiposDados</stat>
</tag>
<suite>
<stat pass="5" fail="0" skip="0" id="s1" name="Tests">Tests</stat>
<stat pass="5" fail="0" skip="0" id="s1-s1" name="Random-User-Test">Tests.Random-User-Test</stat>
</suite>
</statistics>
<errors>
</errors>
</robot>
