<?xml version="1.0" encoding="UTF-8"?>
<robot generator="Robot 7.0 (Python 3.12.2 on linux)" generated="2024-03-24T22:13:36.456440" rpa="false" schemaversion="5">
<suite id="s1" name="Tests" source="/home/runner/work/DesafioQAItauRogerioJordao/DesafioQAItauRogerioJordao/RamdonUser/tests">
<suite id="s1-s1" name="Random-User-Test" source="/home/runner/work/DesafioQAItauRogerioJordao/DesafioQAItauRogerioJordao/RamdonUser/tests/random-user-test.robot">
<test id="s1-s1-t1" name="Conectar" line="13">
<kw name="Conectar API" owner="random-user-service">
<kw name="Create Session" owner="RequestsLibrary">
<msg time="2024-03-24T22:13:36.806464" level="INFO">Creating Session using : alias=consultarAPI, url=https://randomuser.me/, headers={},                     cookies={}, auth=None, timeout=None, proxies=None, verify=False,                     debug=0 </msg>
<arg>consultarAPI</arg>
<arg>${URL}</arg>
<doc>Create Session: create a HTTP session to a server</doc>
<status status="PASS" start="2024-03-24T22:13:36.806267" elapsed="0.000367"/>
</kw>
<status status="PASS" start="2024-03-24T22:13:36.805266" elapsed="0.001740"/>
</kw>
<status status="PASS" start="2024-03-24T22:13:36.804735" elapsed="0.002475"/>
</test>
<test id="s1-s1-t2" name="Validar retorno 200 e JSON Válido" line="16">
<kw name="Teste de Requisicao Basica" owner="random-user-service">
<kw name="GET On Session" owner="RequestsLibrary">
<msg time="2024-03-24T22:13:37.080812" level="INFO">GET Request : url=https://randomuser.me/api 
 path_url=/api 
 headers={'User-Agent': 'python-requests/2.31.0', 'Accept-Encoding': 'gzip, deflate', 'Accept': '*/*', 'Connection': 'keep-alive'} 
 body=None 
 </msg>
<msg time="2024-03-24T22:13:37.080959" level="INFO">GET Response : url=https://randomuser.me/api 
 status=200, reason=OK 
 headers={'Date': 'Sun, 24 Mar 2024 22:13:37 GMT', 'Content-Type': 'application/json; charset=utf-8', 'Transfer-Encoding': 'chunked', 'Connection': 'keep-alive', 'X-Powered-By': 'Express', 'Access-Control-Allow-Origin': '*', 'Cache-Control': 'no-cache', 'ETag': 'W/"4d1-xHHOwM9QqnHNpp4wWGdrO2RD3HQ"', 'Vary': 'Accept-Encoding', 'Content-Encoding': 'gzip', 'CF-Cache-Status': 'DYNAMIC', 'Report-To': '{"endpoints":[{"url":"https:\\/\\/a.nel.cloudflare.com\\/report\\/v4?s=I4LJ9FVAbhDT0lQ6yz7UMAXhUoozudHJB9jTykK8aqyblzIao17WEEIuFf9nozw8NzhfHVTNv7x2%2FGDLK2JfDfqVVnz3wrcfAb7IzW%2Fs0aiUlTm2mB1xQ5u9wz7HNeAT"}],"group":"cf-nel","max_age":604800}', 'NEL': '{"success_fraction":0,"report_to":"cf-nel","max_age":604800}', 'Server': 'cloudflare', 'CF-RAY': '869a026a2b2c2f73-LAX', 'alt-svc': 'h3=":443"; ma=86400'} 
 body={"results":[{"gender":"female","name":{"title":"Ms","first":"سوگند","last":"سلطانی نژاد"},"location":{"street":{"number":9430,"name":"آیت الله مدرس"},"city":"کرمانشاه","state":"کهگیلویه و بویراحمد","country":"Iran","postcode":56674,"coordinates":{"latitude":"12.8748","longitude":"165.0264"},"timezone":{"offset":"0:00","description":"Western Europe Time, London, Lisbon, Casablanca"}},"email":"swgnd.sltnynjd@example.com","login":{"uuid":"85c7f1fe-8c96-447f-8cbb-69902ea78357","username":"sadkoala641","password":"qiong","salt":"XKxrD7pV","md5":"677ab9dad53fa50093e7eef9ec316ff8","sha1":"877b733fe834c35102e178606f71657b7c5b92d4","sha256":"10e27bb981ee6aa1f5abafd0b976bb2304a9a9c159cfa07851c083b42195f6cc"},"dob":{"date":"1979-08-06T02:10:18.390Z","age":44},"registered":{"date":"2002-11-21T04:02:54.127Z","age":21},"phone":"086-45234153","cell":"0980-878-8558","id":{"name":"","value":null},"picture":{"large":"https://randomuser.me/api/portraits/women/13.jpg","medium":"https://randomuser.me/api/portraits/med/women/13.jpg","thumbnail":"https://randomuser.me/api/portraits/thumb/women/13.jpg"},"nat":"IR"}],"info":{"seed":"eb2d061151ee584b","results":1,"page":1,"version":"1.4"}} 
 </msg>
<msg time="2024-03-24T22:13:37.081060" level="INFO">/opt/hostedtoolcache/Python/3.12.2/x64/lib/python3.12/site-packages/urllib3/connectionpool.py:1103: InsecureRequestWarning: Unverified HTTPS request is being made to host 'randomuser.me'. Adding certificate verification is strongly advised. See: https://urllib3.readthedocs.io/en/latest/advanced-usage.html#tls-warnings
  warnings.warn(</msg>
<msg time="2024-03-24T22:13:37.081168" level="INFO">${response} = &lt;Response [200]&gt;</msg>
<var>${response}</var>
<arg>consultarAPI</arg>
<arg>/api</arg>
<doc>Sends a GET request on a previously created HTTP Session.</doc>
<status status="PASS" start="2024-03-24T22:13:36.809785" elapsed="0.271423"/>
</kw>
<kw name="Should Be Equal As Numbers" owner="BuiltIn">
<msg time="2024-03-24T22:13:37.082063" level="INFO">Argument types are:
&lt;class 'int'&gt;
&lt;class 'str'&gt;</msg>
<arg>${response.status_code}</arg>
<arg>200</arg>
<doc>Fails if objects are unequal after converting them to real numbers.</doc>
<status status="PASS" start="2024-03-24T22:13:37.081649" elapsed="0.000477"/>
</kw>
<kw name="Log" owner="BuiltIn">
<msg time="2024-03-24T22:13:37.082793" level="INFO">200</msg>
<arg>${response.status_code}</arg>
<doc>Logs the given message with the given level.</doc>
<status status="PASS" start="2024-03-24T22:13:37.082440" elapsed="0.000396"/>
</kw>
<kw name="Set Variable" owner="BuiltIn">
<msg time="2024-03-24T22:13:37.083600" level="INFO">${json_data} = {'results': [{'gender': 'female', 'name': {'title': 'Ms', 'first': 'سوگند', 'last': 'سلطانی نژاد'}, 'location': {'street': {'number': 9430, 'name': 'آیت الله مدرس'}, 'city': 'کرمانشاه', 'state': 'کهگی...</msg>
<var>${json_data}</var>
<arg>${response.json()}</arg>
<doc>Returns the given values which can then be assigned to a variables.</doc>
<status status="PASS" start="2024-03-24T22:13:37.083155" elapsed="0.000476"/>
</kw>
<kw name="Dictionary Should Contain Key" owner="Collections">
<msg time="2024-03-24T22:13:37.084102" level="INFO">False</msg>
<arg>${json_data}</arg>
<arg>results</arg>
<doc>Fails if ``key`` is not found from ``dictionary``.</doc>
<status status="PASS" start="2024-03-24T22:13:37.083936" elapsed="0.000205"/>
</kw>
<status status="PASS" start="2024-03-24T22:13:36.809537" elapsed="0.274853"/>
</kw>
<doc>Testa se a API responde corretamente e retorna um objeto JSON válido.</doc>
<tag>testeRequisicaoBasica</tag>
<status status="PASS" start="2024-03-24T22:13:36.809081" elapsed="0.275483"/>
</test>
<test id="s1-s1-t3" name="Validar estrutura de resposta" line="22">
<kw name="Teste de Estrutura de Resposta" owner="random-user-service">
<kw name="GET On Session" owner="RequestsLibrary">
<msg time="2024-03-24T22:13:37.196633" level="INFO">GET Request : url=https://randomuser.me/api 
 path_url=/api 
 headers={'User-Agent': 'python-requests/2.31.0', 'Accept-Encoding': 'gzip, deflate', 'Accept': '*/*', 'Connection': 'keep-alive'} 
 body=None 
 </msg>
<msg time="2024-03-24T22:13:37.196793" level="INFO">GET Response : url=https://randomuser.me/api 
 status=200, reason=OK 
 headers={'Date': 'Sun, 24 Mar 2024 22:13:37 GMT', 'Content-Type': 'application/json; charset=utf-8', 'Transfer-Encoding': 'chunked', 'Connection': 'keep-alive', 'X-Powered-By': 'Express', 'Access-Control-Allow-Origin': '*', 'Cache-Control': 'no-cache', 'ETag': 'W/"49c-GKPwTC/9Zg3gb0uOx+U3mDqbYNs"', 'Vary': 'Accept-Encoding', 'Content-Encoding': 'gzip', 'CF-Cache-Status': 'DYNAMIC', 'Report-To': '{"endpoints":[{"url":"https:\\/\\/a.nel.cloudflare.com\\/report\\/v4?s=%2B8lr6uWo2Gcj2q1YngYgDP7Yggfz46aFZvy7cLbenqPAaQP%2BUiZUYXuigRxajXF1dxbeJG0bm1fD70w4EcFbBYAhE8BZhO%2BvcoTjrSbPBwmhQLpll7BDjmy%2F0v7YGC1J"}],"group":"cf-nel","max_age":604800}', 'NEL': '{"success_fraction":0,"report_to":"cf-nel","max_age":604800}', 'Server': 'cloudflare', 'CF-RAY': '869a026adbe82f73-LAX', 'alt-svc': 'h3=":443"; ma=86400'} 
 body={"results":[{"gender":"female","name":{"title":"Mrs","first":"Debbie","last":"Baker"},"location":{"street":{"number":6980,"name":"School Lane"},"city":"Cardiff","state":"Durham","country":"United Kingdom","postcode":"O4 5GZ","coordinates":{"latitude":"-8.0485","longitude":"121.7605"},"timezone":{"offset":"+11:00","description":"Magadan, Solomon Islands, New Caledonia"}},"email":"debbie.baker@example.com","login":{"uuid":"408fbb25-374d-48db-805a-83a20aaa58d0","username":"redleopard285","password":"elvira","salt":"Bp2F3TWc","md5":"9d7496486ced361d6677319cd23056cc","sha1":"d0186cc51a9d2ad5df5904cb12c3b421d46a00b0","sha256":"2c8598bc2c13513f7e0bb32c5ab19ecd8b49d883d3cecae331da8b3a020ef0ad"},"dob":{"date":"1980-02-18T17:49:04.356Z","age":44},"registered":{"date":"2005-07-16T22:15:01.065Z","age":18},"phone":"016977 5325","cell":"07016 353533","id":{"name":"NINO","value":"CG 33 68 42 K"},"picture":{"large":"https://randomuser.me/api/portraits/women/1.jpg","medium":"https://randomuser.me/api/portraits/med/women/1.jpg","thumbnail":"https://randomuser.me/api/portraits/thumb/women/1.jpg"},"nat":"GB"}],"info":{"seed":"4dea868c018f0781","results":1,"page":1,"version":"1.4"}} 
 </msg>
<msg time="2024-03-24T22:13:37.196953" level="INFO">/opt/hostedtoolcache/Python/3.12.2/x64/lib/python3.12/site-packages/urllib3/connectionpool.py:1103: InsecureRequestWarning: Unverified HTTPS request is being made to host 'randomuser.me'. Adding certificate verification is strongly advised. See: https://urllib3.readthedocs.io/en/latest/advanced-usage.html#tls-warnings
  warnings.warn(</msg>
<msg time="2024-03-24T22:13:37.197208" level="INFO">${response} = &lt;Response [200]&gt;</msg>
<var>${response}</var>
<arg>consultarAPI</arg>
<arg>/api</arg>
<doc>Sends a GET request on a previously created HTTP Session.</doc>
<status status="PASS" start="2024-03-24T22:13:37.087250" elapsed="0.109991"/>
</kw>
<kw name="Set Variable" owner="BuiltIn">
<msg time="2024-03-24T22:13:37.198156" level="INFO">${json_data} = {'results': [{'gender': 'female', 'name': {'title': 'Mrs', 'first': 'Debbie', 'last': 'Baker'}, 'location': {'street': {'number': 6980, 'name': 'School Lane'}, 'city': 'Cardiff', 'state': 'Durham', 'c...</msg>
<var>${json_data}</var>
<arg>${response.json()}</arg>
<doc>Returns the given values which can then be assigned to a variables.</doc>
<status status="PASS" start="2024-03-24T22:13:37.197660" elapsed="0.000524"/>
</kw>
<kw name="Log" owner="BuiltIn">
<msg time="2024-03-24T22:13:37.198646" level="INFO">{'results': [{'gender': 'female', 'name': {'title': 'Mrs', 'first': 'Debbie', 'last': 'Baker'}, 'location': {'street': {'number': 6980, 'name': 'School Lane'}, 'city': 'Cardiff', 'state': 'Durham', 'country': 'United Kingdom', 'postcode': 'O4 5GZ', 'coordinates': {'latitude': '-8.0485', 'longitude': '121.7605'}, 'timezone': {'offset': '+11:00', 'description': 'Magadan, Solomon Islands, New Caledonia'}}, 'email': 'debbie.baker@example.com', 'login': {'uuid': '408fbb25-374d-48db-805a-83a20aaa58d0', 'username': 'redleopard285', 'password': 'elvira', 'salt': 'Bp2F3TWc', 'md5': '9d7496486ced361d6677319cd23056cc', 'sha1': 'd0186cc51a9d2ad5df5904cb12c3b421d46a00b0', 'sha256': '2c8598bc2c13513f7e0bb32c5ab19ecd8b49d883d3cecae331da8b3a020ef0ad'}, 'dob': {'date': '1980-02-18T17:49:04.356Z', 'age': 44}, 'registered': {'date': '2005-07-16T22:15:01.065Z', 'age': 18}, 'phone': '016977 5325', 'cell': '07016 353533', 'id': {'name': 'NINO', 'value': 'CG 33 68 42 K'}, 'picture': {'large': 'https://randomuser.me/api/portraits/women/1.jpg', 'medium': 'https://randomuser.me/api/portraits/med/women/1.jpg', 'thumbnail': 'https://randomuser.me/api/portraits/thumb/women/1.jpg'}, 'nat': 'GB'}], 'info': {'seed': '4dea868c018f0781', 'results': 1, 'page': 1, 'version': '1.4'}}</msg>
<arg>${json_data}</arg>
<doc>Logs the given message with the given level.</doc>
<status status="PASS" start="2024-03-24T22:13:37.198486" elapsed="0.000208"/>
</kw>
<kw name="Dictionary Should Contain Key" owner="Collections">
<msg time="2024-03-24T22:13:37.199147" level="INFO">False</msg>
<arg>${json_data}</arg>
<arg>results</arg>
<doc>Fails if ``key`` is not found from ``dictionary``.</doc>
<status status="PASS" start="2024-03-24T22:13:37.198990" elapsed="0.000194"/>
</kw>
<kw name="Should Not Be Empty" owner="BuiltIn">
<msg time="2024-03-24T22:13:37.199604" level="INFO">Length is 2.</msg>
<arg>${json_data}</arg>
<doc>Verifies that the given item is not empty.</doc>
<status status="PASS" start="2024-03-24T22:13:37.199474" elapsed="0.000168"/>
</kw>
<kw name="Create List" owner="BuiltIn">
<msg time="2024-03-24T22:13:37.200079" level="INFO">${expected_keys} = ['gender', 'name', 'location', 'email', 'login']</msg>
<var>${expected_keys}</var>
<arg>gender</arg>
<arg>name</arg>
<arg>location</arg>
<arg>email</arg>
<arg>login</arg>
<doc>Returns a list containing given items.</doc>
<status status="PASS" start="2024-03-24T22:13:37.199927" elapsed="0.000176"/>
</kw>
<for flavor="IN">
<iter>
<kw name="Dictionary Should Contain Key" owner="Collections">
<msg time="2024-03-24T22:13:37.201130" level="INFO">False</msg>
<arg>${json_data['results'][0]}</arg>
<arg>${key}</arg>
<doc>Fails if ``key`` is not found from ``dictionary``.</doc>
<status status="PASS" start="2024-03-24T22:13:37.200674" elapsed="0.000495"/>
</kw>
<kw name="Log" owner="BuiltIn">
<msg time="2024-03-24T22:13:37.201840" level="INFO">{'gender': 'female', 'name': {'title': 'Mrs', 'first': 'Debbie', 'last': 'Baker'}, 'location': {'street': {'number': 6980, 'name': 'School Lane'}, 'city': 'Cardiff', 'state': 'Durham', 'country': 'United Kingdom', 'postcode': 'O4 5GZ', 'coordinates': {'latitude': '-8.0485', 'longitude': '121.7605'}, 'timezone': {'offset': '+11:00', 'description': 'Magadan, Solomon Islands, New Caledonia'}}, 'email': 'debbie.baker@example.com', 'login': {'uuid': '408fbb25-374d-48db-805a-83a20aaa58d0', 'username': 'redleopard285', 'password': 'elvira', 'salt': 'Bp2F3TWc', 'md5': '9d7496486ced361d6677319cd23056cc', 'sha1': 'd0186cc51a9d2ad5df5904cb12c3b421d46a00b0', 'sha256': '2c8598bc2c13513f7e0bb32c5ab19ecd8b49d883d3cecae331da8b3a020ef0ad'}, 'dob': {'date': '1980-02-18T17:49:04.356Z', 'age': 44}, 'registered': {'date': '2005-07-16T22:15:01.065Z', 'age': 18}, 'phone': '016977 5325', 'cell': '07016 353533', 'id': {'name': 'NINO', 'value': 'CG 33 68 42 K'}, 'picture': {'large': 'https://randomuser.me/api/portraits/women/1.jpg', 'medium': 'https://randomuser.me/api/portraits/med/women/1.jpg', 'thumbnail': 'https://randomuser.me/api/portraits/thumb/women/1.jpg'}, 'nat': 'GB'}</msg>
<arg>${json_data['results'][0]}</arg>
<doc>Logs the given message with the given level.</doc>
<status status="PASS" start="2024-03-24T22:13:37.201476" elapsed="0.000418"/>
</kw>
<kw name="Log" owner="BuiltIn">
<msg time="2024-03-24T22:13:37.202323" level="INFO">gender</msg>
<arg>${key}</arg>
<doc>Logs the given message with the given level.</doc>
<status status="PASS" start="2024-03-24T22:13:37.202192" elapsed="0.000169"/>
</kw>
<var name="${key}">gender</var>
<status status="PASS" start="2024-03-24T22:13:37.200549" elapsed="0.002033"/>
</iter>
<iter>
<kw name="Dictionary Should Contain Key" owner="Collections">
<msg time="2024-03-24T22:13:37.203257" level="INFO">False</msg>
<arg>${json_data['results'][0]}</arg>
<arg>${key}</arg>
<doc>Fails if ``key`` is not found from ``dictionary``.</doc>
<status status="PASS" start="2024-03-24T22:13:37.202881" elapsed="0.000413"/>
</kw>
<kw name="Log" owner="BuiltIn">
<msg time="2024-03-24T22:13:37.203972" level="INFO">{'gender': 'female', 'name': {'title': 'Mrs', 'first': 'Debbie', 'last': 'Baker'}, 'location': {'street': {'number': 6980, 'name': 'School Lane'}, 'city': 'Cardiff', 'state': 'Durham', 'country': 'United Kingdom', 'postcode': 'O4 5GZ', 'coordinates': {'latitude': '-8.0485', 'longitude': '121.7605'}, 'timezone': {'offset': '+11:00', 'description': 'Magadan, Solomon Islands, New Caledonia'}}, 'email': 'debbie.baker@example.com', 'login': {'uuid': '408fbb25-374d-48db-805a-83a20aaa58d0', 'username': 'redleopard285', 'password': 'elvira', 'salt': 'Bp2F3TWc', 'md5': '9d7496486ced361d6677319cd23056cc', 'sha1': 'd0186cc51a9d2ad5df5904cb12c3b421d46a00b0', 'sha256': '2c8598bc2c13513f7e0bb32c5ab19ecd8b49d883d3cecae331da8b3a020ef0ad'}, 'dob': {'date': '1980-02-18T17:49:04.356Z', 'age': 44}, 'registered': {'date': '2005-07-16T22:15:01.065Z', 'age': 18}, 'phone': '016977 5325', 'cell': '07016 353533', 'id': {'name': 'NINO', 'value': 'CG 33 68 42 K'}, 'picture': {'large': 'https://randomuser.me/api/portraits/women/1.jpg', 'medium': 'https://randomuser.me/api/portraits/med/women/1.jpg', 'thumbnail': 'https://randomuser.me/api/portraits/thumb/women/1.jpg'}, 'nat': 'GB'}</msg>
<arg>${json_data['results'][0]}</arg>
<doc>Logs the given message with the given level.</doc>
<status status="PASS" start="2024-03-24T22:13:37.203618" elapsed="0.000401"/>
</kw>
<kw name="Log" owner="BuiltIn">
<msg time="2024-03-24T22:13:37.204439" level="INFO">name</msg>
<arg>${key}</arg>
<doc>Logs the given message with the given level.</doc>
<status status="PASS" start="2024-03-24T22:13:37.204313" elapsed="0.000163"/>
</kw>
<var name="${key}">name</var>
<status status="PASS" start="2024-03-24T22:13:37.202767" elapsed="0.001925"/>
</iter>
<iter>
<kw name="Dictionary Should Contain Key" owner="Collections">
<msg time="2024-03-24T22:13:37.205400" level="INFO">False</msg>
<arg>${json_data['results'][0]}</arg>
<arg>${key}</arg>
<doc>Fails if ``key`` is not found from ``dictionary``.</doc>
<status status="PASS" start="2024-03-24T22:13:37.205019" elapsed="0.000418"/>
</kw>
<kw name="Log" owner="BuiltIn">
<msg time="2024-03-24T22:13:37.206097" level="INFO">{'gender': 'female', 'name': {'title': 'Mrs', 'first': 'Debbie', 'last': 'Baker'}, 'location': {'street': {'number': 6980, 'name': 'School Lane'}, 'city': 'Cardiff', 'state': 'Durham', 'country': 'United Kingdom', 'postcode': 'O4 5GZ', 'coordinates': {'latitude': '-8.0485', 'longitude': '121.7605'}, 'timezone': {'offset': '+11:00', 'description': 'Magadan, Solomon Islands, New Caledonia'}}, 'email': 'debbie.baker@example.com', 'login': {'uuid': '408fbb25-374d-48db-805a-83a20aaa58d0', 'username': 'redleopard285', 'password': 'elvira', 'salt': 'Bp2F3TWc', 'md5': '9d7496486ced361d6677319cd23056cc', 'sha1': 'd0186cc51a9d2ad5df5904cb12c3b421d46a00b0', 'sha256': '2c8598bc2c13513f7e0bb32c5ab19ecd8b49d883d3cecae331da8b3a020ef0ad'}, 'dob': {'date': '1980-02-18T17:49:04.356Z', 'age': 44}, 'registered': {'date': '2005-07-16T22:15:01.065Z', 'age': 18}, 'phone': '016977 5325', 'cell': '07016 353533', 'id': {'name': 'NINO', 'value': 'CG 33 68 42 K'}, 'picture': {'large': 'https://randomuser.me/api/portraits/women/1.jpg', 'medium': 'https://randomuser.me/api/portraits/med/women/1.jpg', 'thumbnail': 'https://randomuser.me/api/portraits/thumb/women/1.jpg'}, 'nat': 'GB'}</msg>
<arg>${json_data['results'][0]}</arg>
<doc>Logs the given message with the given level.</doc>
<status status="PASS" start="2024-03-24T22:13:37.205735" elapsed="0.000413"/>
</kw>
<kw name="Log" owner="BuiltIn">
<msg time="2024-03-24T22:13:37.206562" level="INFO">location</msg>
<arg>${key}</arg>
<doc>Logs the given message with the given level.</doc>
<status status="PASS" start="2024-03-24T22:13:37.206437" elapsed="0.000163"/>
</kw>
<var name="${key}">location</var>
<status status="PASS" start="2024-03-24T22:13:37.204905" elapsed="0.001905"/>
</iter>
<iter>
<kw name="Dictionary Should Contain Key" owner="Collections">
<msg time="2024-03-24T22:13:37.207479" level="INFO">False</msg>
<arg>${json_data['results'][0]}</arg>
<arg>${key}</arg>
<doc>Fails if ``key`` is not found from ``dictionary``.</doc>
<status status="PASS" start="2024-03-24T22:13:37.207100" elapsed="0.000417"/>
</kw>
<kw name="Log" owner="BuiltIn">
<msg time="2024-03-24T22:13:37.208176" level="INFO">{'gender': 'female', 'name': {'title': 'Mrs', 'first': 'Debbie', 'last': 'Baker'}, 'location': {'street': {'number': 6980, 'name': 'School Lane'}, 'city': 'Cardiff', 'state': 'Durham', 'country': 'United Kingdom', 'postcode': 'O4 5GZ', 'coordinates': {'latitude': '-8.0485', 'longitude': '121.7605'}, 'timezone': {'offset': '+11:00', 'description': 'Magadan, Solomon Islands, New Caledonia'}}, 'email': 'debbie.baker@example.com', 'login': {'uuid': '408fbb25-374d-48db-805a-83a20aaa58d0', 'username': 'redleopard285', 'password': 'elvira', 'salt': 'Bp2F3TWc', 'md5': '9d7496486ced361d6677319cd23056cc', 'sha1': 'd0186cc51a9d2ad5df5904cb12c3b421d46a00b0', 'sha256': '2c8598bc2c13513f7e0bb32c5ab19ecd8b49d883d3cecae331da8b3a020ef0ad'}, 'dob': {'date': '1980-02-18T17:49:04.356Z', 'age': 44}, 'registered': {'date': '2005-07-16T22:15:01.065Z', 'age': 18}, 'phone': '016977 5325', 'cell': '07016 353533', 'id': {'name': 'NINO', 'value': 'CG 33 68 42 K'}, 'picture': {'large': 'https://randomuser.me/api/portraits/women/1.jpg', 'medium': 'https://randomuser.me/api/portraits/med/women/1.jpg', 'thumbnail': 'https://randomuser.me/api/portraits/thumb/women/1.jpg'}, 'nat': 'GB'}</msg>
<arg>${json_data['results'][0]}</arg>
<doc>Logs the given message with the given level.</doc>
<status status="PASS" start="2024-03-24T22:13:37.207819" elapsed="0.000404"/>
</kw>
<kw name="Log" owner="BuiltIn">
<msg time="2024-03-24T22:13:37.208651" level="INFO">email</msg>
<arg>${key}</arg>
<doc>Logs the given message with the given level.</doc>
<status status="PASS" start="2024-03-24T22:13:37.208523" elapsed="0.000166"/>
</kw>
<var name="${key}">email</var>
<status status="PASS" start="2024-03-24T22:13:37.206991" elapsed="0.001946"/>
</iter>
<iter>
<kw name="Dictionary Should Contain Key" owner="Collections">
<msg time="2024-03-24T22:13:37.209616" level="INFO">False</msg>
<arg>${json_data['results'][0]}</arg>
<arg>${key}</arg>
<doc>Fails if ``key`` is not found from ``dictionary``.</doc>
<status status="PASS" start="2024-03-24T22:13:37.209242" elapsed="0.000411"/>
</kw>
<kw name="Log" owner="BuiltIn">
<msg time="2024-03-24T22:13:37.210305" level="INFO">{'gender': 'female', 'name': {'title': 'Mrs', 'first': 'Debbie', 'last': 'Baker'}, 'location': {'street': {'number': 6980, 'name': 'School Lane'}, 'city': 'Cardiff', 'state': 'Durham', 'country': 'United Kingdom', 'postcode': 'O4 5GZ', 'coordinates': {'latitude': '-8.0485', 'longitude': '121.7605'}, 'timezone': {'offset': '+11:00', 'description': 'Magadan, Solomon Islands, New Caledonia'}}, 'email': 'debbie.baker@example.com', 'login': {'uuid': '408fbb25-374d-48db-805a-83a20aaa58d0', 'username': 'redleopard285', 'password': 'elvira', 'salt': 'Bp2F3TWc', 'md5': '9d7496486ced361d6677319cd23056cc', 'sha1': 'd0186cc51a9d2ad5df5904cb12c3b421d46a00b0', 'sha256': '2c8598bc2c13513f7e0bb32c5ab19ecd8b49d883d3cecae331da8b3a020ef0ad'}, 'dob': {'date': '1980-02-18T17:49:04.356Z', 'age': 44}, 'registered': {'date': '2005-07-16T22:15:01.065Z', 'age': 18}, 'phone': '016977 5325', 'cell': '07016 353533', 'id': {'name': 'NINO', 'value': 'CG 33 68 42 K'}, 'picture': {'large': 'https://randomuser.me/api/portraits/women/1.jpg', 'medium': 'https://randomuser.me/api/portraits/med/women/1.jpg', 'thumbnail': 'https://randomuser.me/api/portraits/thumb/women/1.jpg'}, 'nat': 'GB'}</msg>
<arg>${json_data['results'][0]}</arg>
<doc>Logs the given message with the given level.</doc>
<status status="PASS" start="2024-03-24T22:13:37.209945" elapsed="0.000406"/>
</kw>
<kw name="Log" owner="BuiltIn">
<msg time="2024-03-24T22:13:37.210764" level="INFO">login</msg>
<arg>${key}</arg>
<doc>Logs the given message with the given level.</doc>
<status status="PASS" start="2024-03-24T22:13:37.210638" elapsed="0.000267"/>
</kw>
<var name="${key}">login</var>
<status status="PASS" start="2024-03-24T22:13:37.209108" elapsed="0.002051"/>
</iter>
<var>${key}</var>
<value>@{expected_keys}</value>
<status status="PASS" start="2024-03-24T22:13:37.200361" elapsed="0.010931"/>
</for>
<kw name="Create List" owner="BuiltIn">
<msg time="2024-03-24T22:13:37.211626" level="INFO">${expected_keysTwo} = ['username', 'password']</msg>
<var>${expected_keysTwo}</var>
<arg>username</arg>
<arg>password</arg>
<doc>Returns a list containing given items.</doc>
<status status="PASS" start="2024-03-24T22:13:37.211488" elapsed="0.000161"/>
</kw>
<for flavor="IN">
<iter>
<kw name="Dictionary Should Contain Key" owner="Collections">
<msg time="2024-03-24T22:13:37.212528" level="INFO">False</msg>
<arg>${json_data['results'][0]['login']}</arg>
<arg>${keyTwo}</arg>
<doc>Fails if ``key`` is not found from ``dictionary``.</doc>
<status status="PASS" start="2024-03-24T22:13:37.212144" elapsed="0.000421"/>
</kw>
<kw name="Dictionary Should Contain Key" owner="Collections">
<msg time="2024-03-24T22:13:37.213260" level="INFO">False</msg>
<arg>${json_data['results'][0]['login']}</arg>
<arg>${keyTwo}</arg>
<doc>Fails if ``key`` is not found from ``dictionary``.</doc>
<status status="PASS" start="2024-03-24T22:13:37.212881" elapsed="0.000417"/>
</kw>
<kw name="Log" owner="BuiltIn">
<msg time="2024-03-24T22:13:37.213717" level="INFO">username</msg>
<arg>${keyTwo}</arg>
<doc>Logs the given message with the given level.</doc>
<status status="PASS" start="2024-03-24T22:13:37.213589" elapsed="0.000165"/>
</kw>
<var name="${keyTwo}">username</var>
<status status="PASS" start="2024-03-24T22:13:37.212035" elapsed="0.001932"/>
</iter>
<iter>
<kw name="Dictionary Should Contain Key" owner="Collections">
<msg time="2024-03-24T22:13:37.214628" level="INFO">False</msg>
<arg>${json_data['results'][0]['login']}</arg>
<arg>${keyTwo}</arg>
<doc>Fails if ``key`` is not found from ``dictionary``.</doc>
<status status="PASS" start="2024-03-24T22:13:37.214248" elapsed="0.000417"/>
</kw>
<kw name="Dictionary Should Contain Key" owner="Collections">
<msg time="2024-03-24T22:13:37.215338" level="INFO">False</msg>
<arg>${json_data['results'][0]['login']}</arg>
<arg>${keyTwo}</arg>
<doc>Fails if ``key`` is not found from ``dictionary``.</doc>
<status status="PASS" start="2024-03-24T22:13:37.214956" elapsed="0.000419"/>
</kw>
<kw name="Log" owner="BuiltIn">
<msg time="2024-03-24T22:13:37.215793" level="INFO">password</msg>
<arg>${keyTwo}</arg>
<doc>Logs the given message with the given level.</doc>
<status status="PASS" start="2024-03-24T22:13:37.215665" elapsed="0.000165"/>
</kw>
<var name="${keyTwo}">password</var>
<status status="PASS" start="2024-03-24T22:13:37.214138" elapsed="0.001907"/>
</iter>
<var>${keyTwo}</var>
<value>@{expected_keysTwo}</value>
<status status="PASS" start="2024-03-24T22:13:37.211885" elapsed="0.004278"/>
</for>
<status status="PASS" start="2024-03-24T22:13:37.087018" elapsed="0.129285"/>
</kw>
<doc>Testa a estrutura da resposta da API.</doc>
<tag>testeEstruturaResposta</tag>
<status status="PASS" start="2024-03-24T22:13:37.086404" elapsed="0.130059"/>
</test>
<test id="s1-s1-t4" name="Validar tipos de dados" line="28">
<kw name="Teste de Tipos de Dados" owner="random-user-service">
<kw name="GET On Session" owner="RequestsLibrary">
<msg time="2024-03-24T22:13:37.313131" level="INFO">GET Request : url=https://randomuser.me/api 
 path_url=/api 
 headers={'User-Agent': 'python-requests/2.31.0', 'Accept-Encoding': 'gzip, deflate', 'Accept': '*/*', 'Connection': 'keep-alive'} 
 body=None 
 </msg>
<msg time="2024-03-24T22:13:37.313216" level="INFO">GET Response : url=https://randomuser.me/api 
 status=200, reason=OK 
 headers={'Date': 'Sun, 24 Mar 2024 22:13:37 GMT', 'Content-Type': 'application/json; charset=utf-8', 'Transfer-Encoding': 'chunked', 'Connection': 'keep-alive', 'X-Powered-By': 'Express', 'Access-Control-Allow-Origin': '*', 'Cache-Control': 'no-cache', 'ETag': 'W/"498-UwEWVjwHS0eHNFu6GAPV+luZ5pI"', 'Vary': 'Accept-Encoding', 'Content-Encoding': 'gzip', 'CF-Cache-Status': 'DYNAMIC', 'Report-To': '{"endpoints":[{"url":"https:\\/\\/a.nel.cloudflare.com\\/report\\/v4?s=2M9pAEbNRjoFzE%2BBvWOOhrhbJILsuxHX0EOvvKFSvCt2QIeSntBZLLpwEsNp3Gib8qLfaq6rkCYAqnz7lEbpRzIdDlgPEEC0FKoiJJumfxmHt5apjHoqUbZd%2BvcLt0sT"}],"group":"cf-nel","max_age":604800}', 'NEL': '{"success_fraction":0,"report_to":"cf-nel","max_age":604800}', 'Server': 'cloudflare', 'CF-RAY': '869a026bacd02f73-LAX', 'alt-svc': 'h3=":443"; ma=86400'} 
 body={"results":[{"gender":"male","name":{"title":"Mr","first":"Rayaan","last":"Singh"},"location":{"street":{"number":4886,"name":"Dwaraka Nagar"},"city":"Saharsa","state":"Uttar Pradesh","country":"India","postcode":26369,"coordinates":{"latitude":"6.4848","longitude":"-150.0878"},"timezone":{"offset":"+5:00","description":"Ekaterinburg, Islamabad, Karachi, Tashkent"}},"email":"rayaan.singh@example.com","login":{"uuid":"ceb74cf2-b261-4518-95da-e9c93e0ec17b","username":"ticklishostrich896","password":"elcamino","salt":"QjzhthI2","md5":"27a3fdf1c0bb5134c5811790f0ddb4b6","sha1":"b5a04f662b9692b28e90ef4cefa97e1779c5c56d","sha256":"7f46f49507c2b810e48a439a41a6656b56579699bb0c7626af5bcbdb1b9b38b0"},"dob":{"date":"1979-12-03T16:03:13.737Z","age":44},"registered":{"date":"2017-10-09T08:22:51.719Z","age":6},"phone":"7808714735","cell":"8367020942","id":{"name":"UIDAI","value":"814964064655"},"picture":{"large":"https://randomuser.me/api/portraits/men/60.jpg","medium":"https://randomuser.me/api/portraits/med/men/60.jpg","thumbnail":"https://randomuser.me/api/portraits/thumb/men/60.jpg"},"nat":"IN"}],"info":{"seed":"ede21087882c160d","results":1,"page":1,"version":"1.4"}} 
 </msg>
<msg time="2024-03-24T22:13:37.313288" level="INFO">/opt/hostedtoolcache/Python/3.12.2/x64/lib/python3.12/site-packages/urllib3/connectionpool.py:1103: InsecureRequestWarning: Unverified HTTPS request is being made to host 'randomuser.me'. Adding certificate verification is strongly advised. See: https://urllib3.readthedocs.io/en/latest/advanced-usage.html#tls-warnings
  warnings.warn(</msg>
<msg time="2024-03-24T22:13:37.313398" level="INFO">${response} = &lt;Response [200]&gt;</msg>
<var>${response}</var>
<arg>consultarAPI</arg>
<arg>/api</arg>
<doc>Sends a GET request on a previously created HTTP Session.</doc>
<status status="PASS" start="2024-03-24T22:13:37.218969" elapsed="0.094555"/>
</kw>
<kw name="Set Variable" owner="BuiltIn">
<msg time="2024-03-24T22:13:37.314327" level="INFO">${json_data} = {'results': [{'gender': 'male', 'name': {'title': 'Mr', 'first': 'Rayaan', 'last': 'Singh'}, 'location': {'street': {'number': 4886, 'name': 'Dwaraka Nagar'}, 'city': 'Saharsa', 'state': 'Uttar Prades...</msg>
<var>${json_data}</var>
<arg>${response.json()}</arg>
<doc>Returns the given values which can then be assigned to a variables.</doc>
<status status="PASS" start="2024-03-24T22:13:37.313875" elapsed="0.000479"/>
</kw>
<kw name="Log" owner="BuiltIn">
<msg time="2024-03-24T22:13:37.314807" level="INFO">{'results': [{'gender': 'male', 'name': {'title': 'Mr', 'first': 'Rayaan', 'last': 'Singh'}, 'location': {'street': {'number': 4886, 'name': 'Dwaraka Nagar'}, 'city': 'Saharsa', 'state': 'Uttar Pradesh', 'country': 'India', 'postcode': 26369, 'coordinates': {'latitude': '6.4848', 'longitude': '-150.0878'}, 'timezone': {'offset': '+5:00', 'description': 'Ekaterinburg, Islamabad, Karachi, Tashkent'}}, 'email': 'rayaan.singh@example.com', 'login': {'uuid': 'ceb74cf2-b261-4518-95da-e9c93e0ec17b', 'username': 'ticklishostrich896', 'password': 'elcamino', 'salt': 'QjzhthI2', 'md5': '27a3fdf1c0bb5134c5811790f0ddb4b6', 'sha1': 'b5a04f662b9692b28e90ef4cefa97e1779c5c56d', 'sha256': '7f46f49507c2b810e48a439a41a6656b56579699bb0c7626af5bcbdb1b9b38b0'}, 'dob': {'date': '1979-12-03T16:03:13.737Z', 'age': 44}, 'registered': {'date': '2017-10-09T08:22:51.719Z', 'age': 6}, 'phone': '7808714735', 'cell': '8367020942', 'id': {'name': 'UIDAI', 'value': '814964064655'}, 'picture': {'large': 'https://randomuser.me/api/portraits/men/60.jpg', 'medium': 'https://randomuser.me/api/portraits/med/men/60.jpg', 'thumbnail': 'https://randomuser.me/api/portraits/thumb/men/60.jpg'}, 'nat': 'IN'}], 'info': {'seed': 'ede21087882c160d', 'results': 1, 'page': 1, 'version': '1.4'}}</msg>
<arg>${json_data}</arg>
<doc>Logs the given message with the given level.</doc>
<status status="PASS" start="2024-03-24T22:13:37.314658" elapsed="0.000228"/>
</kw>
<kw name="Should Be String" owner="String">
<arg>${json_data['results'][0]['gender']}</arg>
<doc>Fails if the given ``item`` is not a string.</doc>
<status status="PASS" start="2024-03-24T22:13:37.315186" elapsed="0.000362"/>
</kw>
<kw name="Should Match Regexp" owner="BuiltIn">
<arg>${json_data['results'][0]['email']}</arg>
<arg>^[a-zA-Z0-9._%+-]+@[a-zA-Z0-9.-]+\.[a-zA-Z]{2,}$</arg>
<doc>Fails if ``string`` does not match ``pattern`` as a regular expression.</doc>
<status status="PASS" start="2024-03-24T22:13:37.315740" elapsed="0.000523"/>
</kw>
<kw name="Should Match Regexp" owner="BuiltIn">
<arg>${json_data['results'][0]['dob']['date']}</arg>
<arg>\\d{4}-\\d{2}-\\d{2}T\\d{2}:\\d{2}:\\d{2}\\.\\d{3}Z</arg>
<doc>Fails if ``string`` does not match ``pattern`` as a regular expression.</doc>
<status status="PASS" start="2024-03-24T22:13:37.316461" elapsed="0.000539"/>
</kw>
<kw name="Should Match Regexp" owner="BuiltIn">
<arg>${json_data['results'][0]['registered']['date']}</arg>
<arg>\\d{4}-\\d{2}-\\d{2}T\\d{2}:\\d{2}:\\d{2}\\.\\d{3}Z</arg>
<doc>Fails if ``string`` does not match ``pattern`` as a regular expression.</doc>
<status status="PASS" start="2024-03-24T22:13:37.317195" elapsed="0.000377"/>
</kw>
<kw name="Should Match Regexp" owner="BuiltIn">
<arg>${json_data['results'][0]['picture']['large']}</arg>
<arg>^https?://.*\.(?:png|jpe?g|gif|bmp)$</arg>
<doc>Fails if ``string`` does not match ``pattern`` as a regular expression.</doc>
<status status="PASS" start="2024-03-24T22:13:37.317757" elapsed="0.000456"/>
</kw>
<kw name="Should Match Regexp" owner="BuiltIn">
<arg>${json_data['results'][0]['picture']['medium']}</arg>
<arg>^https?://.*\.(?:png|jpe?g|gif|bmp)$</arg>
<doc>Fails if ``string`` does not match ``pattern`` as a regular expression.</doc>
<status status="PASS" start="2024-03-24T22:13:37.318403" elapsed="0.000355"/>
</kw>
<kw name="Should Match Regexp" owner="BuiltIn">
<arg>${json_data['results'][0]['picture']['thumbnail']}</arg>
<arg>^https?://.*\.(?:png|jpe?g|gif|bmp)$</arg>
<doc>Fails if ``string`` does not match ``pattern`` as a regular expression.</doc>
<status status="PASS" start="2024-03-24T22:13:37.318939" elapsed="0.000343"/>
</kw>
<kw name="Log" owner="BuiltIn">
<msg time="2024-03-24T22:13:37.319796" level="INFO">{'large': 'https://randomuser.me/api/portraits/men/60.jpg', 'medium': 'https://randomuser.me/api/portraits/med/men/60.jpg', 'thumbnail': 'https://randomuser.me/api/portraits/thumb/men/60.jpg'}</msg>
<arg>${json_data['results'][0]['picture']}</arg>
<doc>Logs the given message with the given level.</doc>
<status status="PASS" start="2024-03-24T22:13:37.319460" elapsed="0.000382"/>
</kw>
<status status="PASS" start="2024-03-24T22:13:37.218745" elapsed="0.101357"/>
</kw>
<kw name="Teste de Tipos de Dados - Postcode" owner="random-user-service">
<kw name="GET On Session" owner="RequestsLibrary">
<msg time="2024-03-24T22:13:37.419633" level="INFO">GET Request : url=https://randomuser.me/api 
 path_url=/api 
 headers={'User-Agent': 'python-requests/2.31.0', 'Accept-Encoding': 'gzip, deflate', 'Accept': '*/*', 'Connection': 'keep-alive'} 
 body=None 
 </msg>
<msg time="2024-03-24T22:13:37.419699" level="INFO">GET Response : url=https://randomuser.me/api 
 status=200, reason=OK 
 headers={'Date': 'Sun, 24 Mar 2024 22:13:37 GMT', 'Content-Type': 'application/json; charset=utf-8', 'Transfer-Encoding': 'chunked', 'Connection': 'keep-alive', 'X-Powered-By': 'Express', 'Access-Control-Allow-Origin': '*', 'Cache-Control': 'no-cache', 'ETag': 'W/"496-8/Ket5oWcdPNiYa9F8ugxrnOsAo"', 'Vary': 'Accept-Encoding', 'Content-Encoding': 'gzip', 'CF-Cache-Status': 'DYNAMIC', 'Report-To': '{"endpoints":[{"url":"https:\\/\\/a.nel.cloudflare.com\\/report\\/v4?s=O6uPU2e7COj4DqnhlCMjL0mUuYOHtXtIDfR5uyJycY8q5PiwuvOTMboIZz6J3U%2F02vMnhQQv8o8vTToCm79WGVmabkrwffOjolbsN76Il07paDEMY9GBMFTHuoD%2BhQz8"}],"group":"cf-nel","max_age":604800}', 'NEL': '{"success_fraction":0,"report_to":"cf-nel","max_age":604800}', 'Server': 'cloudflare', 'CF-RAY': '869a026c4da42f73-LAX', 'alt-svc': 'h3=":443"; ma=86400'} 
 body={"results":[{"gender":"male","name":{"title":"Mr","first":"Čedomir","last":"Kovač"},"location":{"street":{"number":7120,"name":"Miloja Stojanovića "},"city":"Kragujevac","state":"Kosovo","country":"Serbia","postcode":57347,"coordinates":{"latitude":"56.5991","longitude":"-17.2414"},"timezone":{"offset":"+11:00","description":"Magadan, Solomon Islands, New Caledonia"}},"email":"cedomir.kovac@example.com","login":{"uuid":"25fb8538-c355-4662-afe8-50aa9133dd03","username":"tinylion387","password":"whocares","salt":"WmvwyAi5","md5":"479f1747e0693fa14a68c9fb96e942dd","sha1":"c21309b1b8b58d506e92dd85f753c9ac58b1afa4","sha256":"5bc1bbc2291b4927212fc740870c4a9f8d6d2e9ca149a1165178c9ba2d60902e"},"dob":{"date":"1946-12-20T03:34:57.599Z","age":77},"registered":{"date":"2016-01-16T17:04:48.360Z","age":8},"phone":"021-2188-028","cell":"065-4736-997","id":{"name":"SID","value":"233642547"},"picture":{"large":"https://randomuser.me/api/portraits/men/63.jpg","medium":"https://randomuser.me/api/portraits/med/men/63.jpg","thumbnail":"https://randomuser.me/api/portraits/thumb/men/63.jpg"},"nat":"RS"}],"info":{"seed":"b2d1d85e89295f45","results":1,"page":1,"version":"1.4"}} 
 </msg>
<msg time="2024-03-24T22:13:37.419772" level="INFO">/opt/hostedtoolcache/Python/3.12.2/x64/lib/python3.12/site-packages/urllib3/connectionpool.py:1103: InsecureRequestWarning: Unverified HTTPS request is being made to host 'randomuser.me'. Adding certificate verification is strongly advised. See: https://urllib3.readthedocs.io/en/latest/advanced-usage.html#tls-warnings
  warnings.warn(</msg>
<msg time="2024-03-24T22:13:37.419861" level="INFO">${response} = &lt;Response [200]&gt;</msg>
<var>${response}</var>
<arg>consultarAPI</arg>
<arg>/api</arg>
<doc>Sends a GET request on a previously created HTTP Session.</doc>
<status status="PASS" start="2024-03-24T22:13:37.320683" elapsed="0.099204"/>
</kw>
<kw name="Set Variable" owner="BuiltIn">
<msg time="2024-03-24T22:13:37.420764" level="INFO">${json_data} = {'results': [{'gender': 'male', 'name': {'title': 'Mr', 'first': 'Čedomir', 'last': 'Kovač'}, 'location': {'street': {'number': 7120, 'name': 'Miloja Stojanovića '}, 'city': 'Kragujevac', 'state': 'Ko...</msg>
<var>${json_data}</var>
<arg>${response.json()}</arg>
<doc>Returns the given values which can then be assigned to a variables.</doc>
<status status="PASS" start="2024-03-24T22:13:37.420270" elapsed="0.000531"/>
</kw>
<kw name="Log" owner="BuiltIn">
<msg time="2024-03-24T22:13:37.421269" level="INFO">{'results': [{'gender': 'male', 'name': {'title': 'Mr', 'first': 'Čedomir', 'last': 'Kovač'}, 'location': {'street': {'number': 7120, 'name': 'Miloja Stojanovića '}, 'city': 'Kragujevac', 'state': 'Kosovo', 'country': 'Serbia', 'postcode': 57347, 'coordinates': {'latitude': '56.5991', 'longitude': '-17.2414'}, 'timezone': {'offset': '+11:00', 'description': 'Magadan, Solomon Islands, New Caledonia'}}, 'email': 'cedomir.kovac@example.com', 'login': {'uuid': '25fb8538-c355-4662-afe8-50aa9133dd03', 'username': 'tinylion387', 'password': 'whocares', 'salt': 'WmvwyAi5', 'md5': '479f1747e0693fa14a68c9fb96e942dd', 'sha1': 'c21309b1b8b58d506e92dd85f753c9ac58b1afa4', 'sha256': '5bc1bbc2291b4927212fc740870c4a9f8d6d2e9ca149a1165178c9ba2d60902e'}, 'dob': {'date': '1946-12-20T03:34:57.599Z', 'age': 77}, 'registered': {'date': '2016-01-16T17:04:48.360Z', 'age': 8}, 'phone': '021-2188-028', 'cell': '065-4736-997', 'id': {'name': 'SID', 'value': '233642547'}, 'picture': {'large': 'https://randomuser.me/api/portraits/men/63.jpg', 'medium': 'https://randomuser.me/api/portraits/med/men/63.jpg', 'thumbnail': 'https://randomuser.me/api/portraits/thumb/men/63.jpg'}, 'nat': 'RS'}], 'info': {'seed': 'b2d1d85e89295f45', 'results': 1, 'page': 1, 'version': '1.4'}}</msg>
<arg>${json_data}</arg>
<doc>Logs the given message with the given level.</doc>
<status status="PASS" start="2024-03-24T22:13:37.421111" elapsed="0.000246"/>
</kw>
<kw name="Should Be Equal As Numbers" owner="BuiltIn">
<arg>${json_data['results'][0]['location']['postcode']}</arg>
<arg>${json_data['results'][0]['location']['postcode']}</arg>
<doc>Fails if objects are unequal after converting them to real numbers.</doc>
<status status="PASS" start="2024-03-24T22:13:37.421660" elapsed="0.000626"/>
</kw>
<kw name="Log" owner="BuiltIn">
<msg time="2024-03-24T22:13:37.422805" level="INFO">57347</msg>
<arg>${json_data['results'][0]['location']['postcode']}</arg>
<doc>Logs the given message with the given level.</doc>
<status status="PASS" start="2024-03-24T22:13:37.422475" elapsed="0.000370"/>
</kw>
<status status="PASS" start="2024-03-24T22:13:37.320319" elapsed="0.102784"/>
</kw>
<doc>Testa se os tipos de dados na resposta da API estão corretos.</doc>
<tag>testeTiposDados</tag>
<status status="PASS" start="2024-03-24T22:13:37.218273" elapsed="0.204993"/>
</test>
<test id="s1-s1-t5" name="Validar conteudo" line="35">
<kw name="Teste de Tipos de Conteudo" owner="random-user-service">
<kw name="GET On Session" owner="RequestsLibrary">
<msg time="2024-03-24T22:13:37.521901" level="INFO">GET Request : url=https://randomuser.me/api 
 path_url=/api 
 headers={'User-Agent': 'python-requests/2.31.0', 'Accept-Encoding': 'gzip, deflate', 'Accept': '*/*', 'Connection': 'keep-alive'} 
 body=None 
 </msg>
<msg time="2024-03-24T22:13:37.521980" level="INFO">GET Response : url=https://randomuser.me/api 
 status=200, reason=OK 
 headers={'Date': 'Sun, 24 Mar 2024 22:13:37 GMT', 'Content-Type': 'application/json; charset=utf-8', 'Transfer-Encoding': 'chunked', 'Connection': 'keep-alive', 'X-Powered-By': 'Express', 'Access-Control-Allow-Origin': '*', 'Cache-Control': 'no-cache', 'ETag': 'W/"482-id8jFCyhPu4gsevlASr1ee15gpc"', 'Vary': 'Accept-Encoding', 'Content-Encoding': 'gzip', 'CF-Cache-Status': 'DYNAMIC', 'Report-To': '{"endpoints":[{"url":"https:\\/\\/a.nel.cloudflare.com\\/report\\/v4?s=nt7DPqGIsEIefdhvM403S%2BfnId6yZycOBxJ4w1sG2S0Oi7duuUDV1JLopr4VrxoO%2FsuQyOf4BbCyVPFHw4Ln3xhlSGEmm%2BxBb%2BEbwY9HeeULGBYTJzHg3ewccajfadn6"}],"group":"cf-nel","max_age":604800}', 'NEL': '{"success_fraction":0,"report_to":"cf-nel","max_age":604800}', 'Server': 'cloudflare', 'CF-RAY': '869a026cfe6c2f73-LAX', 'alt-svc': 'h3=":443"; ma=86400'} 
 body={"results":[{"gender":"female","name":{"title":"Mrs","first":"Jessie","last":"Soto"},"location":{"street":{"number":2606,"name":"Bruce St"},"city":"New York","state":"Ohio","country":"United States","postcode":20718,"coordinates":{"latitude":"89.0255","longitude":"15.9431"},"timezone":{"offset":"-12:00","description":"Eniwetok, Kwajalein"}},"email":"jessie.soto@example.com","login":{"uuid":"7d80419a-12c5-4cd0-86bb-410316de7547","username":"sadelephant211","password":"poker","salt":"hYvX1dbz","md5":"83be9625235f816b4e2c4e98d860e914","sha1":"c828bd50a6e46aa18e4e1c0c8af72f20d9aed6f6","sha256":"df7bb099d477c8a1718639b1c271393f7d841d7af21cf70b179eb69813fa2dab"},"dob":{"date":"1947-11-02T21:42:30.611Z","age":76},"registered":{"date":"2006-03-06T10:23:34.710Z","age":18},"phone":"(588) 533-4542","cell":"(364) 946-0470","id":{"name":"SSN","value":"115-01-1097"},"picture":{"large":"https://randomuser.me/api/portraits/women/10.jpg","medium":"https://randomuser.me/api/portraits/med/women/10.jpg","thumbnail":"https://randomuser.me/api/portraits/thumb/women/10.jpg"},"nat":"US"}],"info":{"seed":"7aca0ac214b89871","results":1,"page":1,"version":"1.4"}} 
 </msg>
<msg time="2024-03-24T22:13:37.522046" level="INFO">/opt/hostedtoolcache/Python/3.12.2/x64/lib/python3.12/site-packages/urllib3/connectionpool.py:1103: InsecureRequestWarning: Unverified HTTPS request is being made to host 'randomuser.me'. Adding certificate verification is strongly advised. See: https://urllib3.readthedocs.io/en/latest/advanced-usage.html#tls-warnings
  warnings.warn(</msg>
<msg time="2024-03-24T22:13:37.522162" level="INFO">${response} = &lt;Response [200]&gt;</msg>
<var>${response}</var>
<arg>consultarAPI</arg>
<arg>/api</arg>
<doc>Sends a GET request on a previously created HTTP Session.</doc>
<status status="PASS" start="2024-03-24T22:13:37.425644" elapsed="0.096570"/>
</kw>
<kw name="Set Variable" owner="BuiltIn">
<msg time="2024-03-24T22:13:37.523322" level="INFO">${json_data} = {'results': [{'gender': 'female', 'name': {'title': 'Mrs', 'first': 'Jessie', 'last': 'Soto'}, 'location': {'street': {'number': 2606, 'name': 'Bruce St'}, 'city': 'New York', 'state': 'Ohio', 'countr...</msg>
<var>${json_data}</var>
<arg>${response.json()}</arg>
<doc>Returns the given values which can then be assigned to a variables.</doc>
<status status="PASS" start="2024-03-24T22:13:37.522771" elapsed="0.000580"/>
</kw>
<kw name="Set Variable" owner="BuiltIn">
<msg time="2024-03-24T22:13:37.524076" level="INFO">${name_title} = Mrs</msg>
<var>${name_title}</var>
<arg>${json_data["results"][0]["name"]["title"]}</arg>
<doc>Returns the given values which can then be assigned to a variables.</doc>
<status status="PASS" start="2024-03-24T22:13:37.523664" elapsed="0.000438"/>
</kw>
<kw name="Create List" owner="BuiltIn">
<msg time="2024-03-24T22:13:37.524558" level="INFO">${allowed_titles} = ['Mr', 'Ms', 'Miss', 'Mrs', 'Madame', 'Monsieur']</msg>
<var>${allowed_titles}</var>
<arg>Mr</arg>
<arg>Ms</arg>
<arg>Miss</arg>
<arg>Mrs</arg>
<arg>Madame</arg>
<arg>Monsieur</arg>
<doc>Returns a list containing given items.</doc>
<status status="PASS" start="2024-03-24T22:13:37.524407" elapsed="0.000176"/>
</kw>
<kw name="List Should Contain Value" owner="Collections">
<msg time="2024-03-24T22:13:37.525130" level="INFO">False</msg>
<arg>${allowed_titles}</arg>
<arg>${name_title}</arg>
<doc>Fails if the ``value`` is not found from ``list``.</doc>
<status status="PASS" start="2024-03-24T22:13:37.524942" elapsed="0.000226"/>
</kw>
<kw name="Set Variable" owner="BuiltIn">
<msg time="2024-03-24T22:13:37.525852" level="INFO">${name_country} = US</msg>
<var>${name_country}</var>
<arg>${json_data["results"][0]["nat"]}</arg>
<doc>Returns the given values which can then be assigned to a variables.</doc>
<status status="PASS" start="2024-03-24T22:13:37.525465" elapsed="0.000412"/>
</kw>
<kw name="Create List" owner="BuiltIn">
<msg time="2024-03-24T22:13:37.526788" level="INFO">${list_country} = ['AD', 'AE', 'AF', 'AG', 'AI', 'AL', 'AM', 'AO', 'AQ', 'AR', 'AS', 'AT', 'AU', 'AW', 'AX', 'AZ', 'BA', 'BB', 'BD', 'BE', 'BF', 'BG', 'BH', 'BI', 'BJ', 'BL', 'BM', 'BN', 'BO', 'BQ', 'BR', 'BS', 'BT', '...</msg>
<var>${list_country}</var>
<arg>AD</arg>
<arg>AE</arg>
<arg>AF</arg>
<arg>AG</arg>
<arg>AI</arg>
<arg>AL</arg>
<arg>AM</arg>
<arg>AO</arg>
<arg>AQ</arg>
<arg>AR</arg>
<arg>AS</arg>
<arg>AT</arg>
<arg>AU</arg>
<arg>AW</arg>
<arg>AX</arg>
<arg>AZ</arg>
<arg>BA</arg>
<arg>BB</arg>
<arg>BD</arg>
<arg>BE</arg>
<arg>BF</arg>
<arg>BG</arg>
<arg>BH</arg>
<arg>BI</arg>
<arg>BJ</arg>
<arg>BL</arg>
<arg>BM</arg>
<arg>BN</arg>
<arg>BO</arg>
<arg>BQ</arg>
<arg>BR</arg>
<arg>BS</arg>
<arg>BT</arg>
<arg>BV</arg>
<arg>BW</arg>
<arg>BY</arg>
<arg>BZ</arg>
<arg>CA</arg>
<arg>CC</arg>
<arg>CD</arg>
<arg>CF</arg>
<arg>CG</arg>
<arg>CH</arg>
<arg>CI</arg>
<arg>CK</arg>
<arg>CL</arg>
<arg>CM</arg>
<arg>CN</arg>
<arg>CO</arg>
<arg>CR</arg>
<arg>CU</arg>
<arg>CV</arg>
<arg>CW</arg>
<arg>CX</arg>
<arg>CY</arg>
<arg>CZ</arg>
<arg>DE</arg>
<arg>DJ</arg>
<arg>DK</arg>
<arg>DM</arg>
<arg>DO</arg>
<arg>DZ</arg>
<arg>EC</arg>
<arg>EE</arg>
<arg>EG</arg>
<arg>EH</arg>
<arg>ER</arg>
<arg>ES</arg>
<arg>ET</arg>
<arg>FI</arg>
<arg>FJ</arg>
<arg>FK</arg>
<arg>FM</arg>
<arg>FO</arg>
<arg>FR</arg>
<arg>GA</arg>
<arg>GB</arg>
<arg>GD</arg>
<arg>GE</arg>
<arg>GF</arg>
<arg>GG</arg>
<arg>GH</arg>
<arg>GI</arg>
<arg>GL</arg>
<arg>GM</arg>
<arg>GN</arg>
<arg>GP</arg>
<arg>GQ</arg>
<arg>GR</arg>
<arg>GS</arg>
<arg>GT</arg>
<arg>GU</arg>
<arg>GW</arg>
<arg>GY</arg>
<arg>HK</arg>
<arg>HM</arg>
<arg>HN</arg>
<arg>HR</arg>
<arg>HT</arg>
<arg>HU</arg>
<arg>ID</arg>
<arg>IE</arg>
<arg>IL</arg>
<arg>IM</arg>
<arg>IN</arg>
<arg>IO</arg>
<arg>IQ</arg>
<arg>IR</arg>
<arg>IS</arg>
<arg>IT</arg>
<arg>JE</arg>
<arg>JM</arg>
<arg>JO</arg>
<arg>JP</arg>
<arg>KE</arg>
<arg>KG</arg>
<arg>KH</arg>
<arg>KI</arg>
<arg>KM</arg>
<arg>KN</arg>
<arg>KP</arg>
<arg>KR</arg>
<arg>KW</arg>
<arg>KY</arg>
<arg>KZ</arg>
<arg>LA</arg>
<arg>LB</arg>
<arg>LC</arg>
<arg>LI</arg>
<arg>LK</arg>
<arg>LR</arg>
<arg>LS</arg>
<arg>LT</arg>
<arg>LU</arg>
<arg>LV</arg>
<arg>LY</arg>
<arg>MA</arg>
<arg>MC</arg>
<arg>MD</arg>
<arg>ME</arg>
<arg>MF</arg>
<arg>MG</arg>
<arg>MH</arg>
<arg>MK</arg>
<arg>ML</arg>
<arg>MM</arg>
<arg>MN</arg>
<arg>MO</arg>
<arg>MP</arg>
<arg>MQ</arg>
<arg>MR</arg>
<arg>MS</arg>
<arg>MT</arg>
<arg>MU</arg>
<arg>MV</arg>
<arg>MW</arg>
<arg>MX</arg>
<arg>MY</arg>
<arg>MZ</arg>
<arg>NA</arg>
<arg>NC</arg>
<arg>NE</arg>
<arg>NF</arg>
<arg>NG</arg>
<arg>NI</arg>
<arg>NL</arg>
<arg>NO</arg>
<arg>NP</arg>
<arg>NR</arg>
<arg>NU</arg>
<arg>NZ</arg>
<arg>OM</arg>
<arg>PA</arg>
<arg>PE</arg>
<arg>PF</arg>
<arg>PG</arg>
<arg>PH</arg>
<arg>PK</arg>
<arg>PL</arg>
<arg>PM</arg>
<arg>PN</arg>
<arg>PR</arg>
<arg>PS</arg>
<arg>PT</arg>
<arg>PW</arg>
<arg>PY</arg>
<arg>QA</arg>
<arg>RE</arg>
<arg>RO</arg>
<arg>RS</arg>
<arg>RU</arg>
<arg>RW</arg>
<arg>SA</arg>
<arg>SB</arg>
<arg>SC</arg>
<arg>SD</arg>
<arg>SE</arg>
<arg>SG</arg>
<arg>SH</arg>
<arg>SI</arg>
<arg>SJ</arg>
<arg>SK</arg>
<arg>SL</arg>
<arg>SM</arg>
<arg>SN</arg>
<arg>SO</arg>
<arg>SR</arg>
<arg>SS</arg>
<arg>ST</arg>
<arg>SV</arg>
<arg>SX</arg>
<arg>SY</arg>
<arg>SZ</arg>
<arg>TC</arg>
<arg>TD</arg>
<arg>TF</arg>
<arg>TG</arg>
<arg>TH</arg>
<arg>TJ</arg>
<arg>TK</arg>
<arg>TL</arg>
<arg>TM</arg>
<arg>TN</arg>
<arg>TO</arg>
<arg>TR</arg>
<arg>TT</arg>
<arg>TV</arg>
<arg>TW</arg>
<arg>TZ</arg>
<arg>UA</arg>
<arg>UG</arg>
<arg>UM</arg>
<arg>US</arg>
<arg>UY</arg>
<arg>UZ</arg>
<arg>VA</arg>
<arg>VC</arg>
<arg>VE</arg>
<arg>VG</arg>
<arg>VI</arg>
<arg>VN</arg>
<arg>VU</arg>
<arg>WF</arg>
<arg>WS</arg>
<arg>XK</arg>
<arg>YE</arg>
<arg>YT</arg>
<arg>ZA</arg>
<arg>ZM</arg>
<arg>ZW</arg>
<doc>Returns a list containing given items.</doc>
<status status="PASS" start="2024-03-24T22:13:37.526189" elapsed="0.000625"/>
</kw>
<kw name="List Should Contain Value" owner="Collections">
<msg time="2024-03-24T22:13:37.527915" level="INFO">False</msg>
<arg>${list_country}</arg>
<arg>${name_country}</arg>
<doc>Fails if the ``value`` is not found from ``list``.</doc>
<status status="PASS" start="2024-03-24T22:13:37.527706" elapsed="0.000246"/>
</kw>
<kw name="Run Keyword If" owner="BuiltIn">
<kw name="Should Be True" owner="BuiltIn">
<arg>${True}</arg>
<doc>Fails if the given condition is not true.</doc>
<status status="PASS" start="2024-03-24T22:13:37.529066" elapsed="0.000148"/>
</kw>
<arg>${json_data["results"][0]["location"]["coordinates"]["latitude"]} &gt;= -90 and ${json_data["results"][0]["location"]["coordinates"]["latitude"]} &lt;= 90</arg>
<arg>Should Be True</arg>
<arg>${True}</arg>
<doc>Runs the given keyword with the given arguments, if ``condition`` is true.</doc>
<status status="PASS" start="2024-03-24T22:13:37.528267" elapsed="0.001081"/>
</kw>
<kw name="Run Keyword If" owner="BuiltIn">
<kw name="Should Be True" owner="BuiltIn">
<arg>${True}</arg>
<doc>Fails if the given condition is not true.</doc>
<status status="PASS" start="2024-03-24T22:13:37.530251" elapsed="0.000139"/>
</kw>
<arg>${json_data["results"][0]["location"]["coordinates"]["longitude"]} &gt;= -180 and ${json_data["results"][0]["location"]["coordinates"]["longitude"]} &lt;= 180</arg>
<arg>Should Be True</arg>
<arg>${True}</arg>
<doc>Runs the given keyword with the given arguments, if ``condition`` is true.</doc>
<status status="PASS" start="2024-03-24T22:13:37.529539" elapsed="0.000979"/>
</kw>
<status status="PASS" start="2024-03-24T22:13:37.425415" elapsed="0.105233"/>
</kw>
<doc>Testa o conteúdo específico dos campos retornados pela API.</doc>
<tag>testeConteudo</tag>
<status status="PASS" start="2024-03-24T22:13:37.424979" elapsed="0.105820"/>
</test>
<status status="PASS" start="2024-03-24T22:13:36.509231" elapsed="1.023554"/>
</suite>
<status status="PASS" start="2024-03-24T22:13:36.494965" elapsed="1.043266"/>
</suite>
<statistics>
<total>
<stat pass="5" fail="0" skip="0">All Tests</stat>
</total>
<tag>
<stat pass="1" fail="0" skip="0">testeConteudo</stat>
<stat pass="1" fail="0" skip="0">testeEstruturaResposta</stat>
<stat pass="1" fail="0" skip="0">testeRequisicaoBasica</stat>
<stat pass="1" fail="0" skip="0">testeTiposDados</stat>
</tag>
<suite>
<stat pass="5" fail="0" skip="0" id="s1" name="Tests">Tests</stat>
<stat pass="5" fail="0" skip="0" id="s1-s1" name="Random-User-Test">Tests.Random-User-Test</stat>
</suite>
</statistics>
<errors>
</errors>
</robot>
