<?xml version="1.0" encoding="UTF-8"?>
<robot generator="Robot 7.0.1 (Python 3.12.4 on linux)" generated="2024-06-22T12:26:18.584801" rpa="false" schemaversion="5">
<suite id="s1" name="Tests" source="/home/runner/work/ApiRandomUser/ApiRandomUser/RamdonUser/tests">
<suite id="s1-s1" name="Random-User-Test" source="/home/runner/work/ApiRandomUser/ApiRandomUser/RamdonUser/tests/random-user-test.robot">
<test id="s1-s1-t1" name="Conectar" line="13">
<kw name="Conectar API" owner="random-user-service">
<kw name="Create Session" owner="RequestsLibrary">
<msg time="2024-06-22T12:26:19.000222" level="INFO">Creating Session using : alias=consultarAPI, url=https://randomuser.me/, headers={},                     cookies={}, auth=None, timeout=None, proxies=None, verify=False,                     debug=0 </msg>
<arg>consultarAPI</arg>
<arg>${URL}</arg>
<doc>Create Session: create a HTTP session to a server</doc>
<status status="PASS" start="2024-06-22T12:26:19.000007" elapsed="0.000397"/>
</kw>
<status status="PASS" start="2024-06-22T12:26:18.999000" elapsed="0.001796"/>
</kw>
<status status="PASS" start="2024-06-22T12:26:18.998358" elapsed="0.002642"/>
</test>
<test id="s1-s1-t2" name="Validar retorno 200 e JSON Válido" line="16">
<kw name="Teste de Requisicao Basica" owner="random-user-service">
<kw name="GET On Session" owner="RequestsLibrary">
<msg time="2024-06-22T12:26:19.179007" level="INFO">GET Request : url=https://randomuser.me/api 
 path_url=/api 
 headers={'User-Agent': 'python-requests/2.32.3', 'Accept-Encoding': 'gzip, deflate', 'Accept': '*/*', 'Connection': 'keep-alive'} 
 body=None 
 </msg>
<msg time="2024-06-22T12:26:19.179175" level="INFO">GET Response : url=https://randomuser.me/api 
 status=200, reason=OK 
 headers={'Date': 'Sat, 22 Jun 2024 12:26:19 GMT', 'Content-Type': 'application/json; charset=utf-8', 'Transfer-Encoding': 'chunked', 'Connection': 'keep-alive', 'X-Powered-By': 'Express', 'Access-Control-Allow-Origin': '*', 'Cache-Control': 'no-cache', 'ETag': 'W/"48a-n5/j0OCetsPChKmFq9KITN5kvHA"', 'Vary': 'Accept-Encoding', 'Content-Encoding': 'gzip', 'CF-Cache-Status': 'DYNAMIC', 'Report-To': '{"endpoints":[{"url":"https:\\/\\/a.nel.cloudflare.com\\/report\\/v4?s=ZX%2BHu0%2F%2BAlXKJo9CcmL7b6okJ%2FPyn01VVEBKEUymwSWZihOEh4UfoOqXzy9J6%2BoDAkHRpU8GMXBrCX%2BbhH%2BfZV6dJp2EZSCgUKqAcCzBS2mCWHIQirt9BS3q61B8%2FQ3W"}],"group":"cf-nel","max_age":604800}', 'NEL': '{"success_fraction":0,"report_to":"cf-nel","max_age":604800}', 'Server': 'cloudflare', 'CF-RAY': '897c39ddae708029-IAD', 'alt-svc': 'h3=":443"; ma=86400'} 
 body={"results":[{"gender":"male","name":{"title":"Mr","first":"Lewis","last":"Kennedy"},"location":{"street":{"number":5560,"name":"Bruce St"},"city":"Warragul","state":"Queensland","country":"Australia","postcode":9702,"coordinates":{"latitude":"-85.1649","longitude":"-162.0358"},"timezone":{"offset":"+4:00","description":"Abu Dhabi, Muscat, Baku, Tbilisi"}},"email":"lewis.kennedy@example.com","login":{"uuid":"a7980f63-6945-4ae2-ba03-0f5d9551afbd","username":"angryelephant151","password":"peters","salt":"xMpvO4ko","md5":"5115771444f5849a76017c0aebc62f8c","sha1":"8db31142c430bf591e465afeed3e9d4891af7412","sha256":"aaf914c9d519af8d0019d66c7aae27ea312ac23ae41ec79dbdc3878ad87e3f44"},"dob":{"date":"2000-01-04T14:11:33.179Z","age":24},"registered":{"date":"2009-05-11T10:53:21.922Z","age":15},"phone":"05-3316-9781","cell":"0473-060-491","id":{"name":"TFN","value":"660909076"},"picture":{"large":"https://randomuser.me/api/portraits/men/82.jpg","medium":"https://randomuser.me/api/portraits/med/men/82.jpg","thumbnail":"https://randomuser.me/api/portraits/thumb/men/82.jpg"},"nat":"AU"}],"info":{"seed":"c45d241be7d5a7ee","results":1,"page":1,"version":"1.4"}} 
 </msg>
<msg time="2024-06-22T12:26:19.179270" level="INFO">/opt/hostedtoolcache/Python/3.12.4/x64/lib/python3.12/site-packages/urllib3/connectionpool.py:1099: InsecureRequestWarning: Unverified HTTPS request is being made to host 'randomuser.me'. Adding certificate verification is strongly advised. See: https://urllib3.readthedocs.io/en/latest/advanced-usage.html#tls-warnings
  warnings.warn(</msg>
<msg time="2024-06-22T12:26:19.179418" level="INFO">${response} = &lt;Response [200]&gt;</msg>
<var>${response}</var>
<arg>consultarAPI</arg>
<arg>/api</arg>
<doc>Sends a GET request on a previously created HTTP Session.</doc>
<status status="PASS" start="2024-06-22T12:26:19.003694" elapsed="0.175769"/>
</kw>
<kw name="Should Be Equal As Numbers" owner="BuiltIn">
<msg time="2024-06-22T12:26:19.180533" level="INFO">Argument types are:
&lt;class 'int'&gt;
&lt;class 'str'&gt;</msg>
<arg>${response.status_code}</arg>
<arg>200</arg>
<doc>Fails if objects are unequal after converting them to real numbers.</doc>
<status status="PASS" start="2024-06-22T12:26:19.180042" elapsed="0.000572"/>
</kw>
<kw name="Log" owner="BuiltIn">
<msg time="2024-06-22T12:26:19.181428" level="INFO">200</msg>
<arg>${response.status_code}</arg>
<doc>Logs the given message with the given level.</doc>
<status status="PASS" start="2024-06-22T12:26:19.181023" elapsed="0.000452"/>
</kw>
<kw name="Set Variable" owner="BuiltIn">
<msg time="2024-06-22T12:26:19.182303" level="INFO">${json_data} = {'results': [{'gender': 'male', 'name': {'title': 'Mr', 'first': 'Lewis', 'last': 'Kennedy'}, 'location': {'street': {'number': 5560, 'name': 'Bruce St'}, 'city': 'Warragul', 'state': 'Queensland', 'c...</msg>
<var>${json_data}</var>
<arg>${response.json()}</arg>
<doc>Returns the given values which can then be assigned to a variables.</doc>
<status status="PASS" start="2024-06-22T12:26:19.181828" elapsed="0.000505"/>
</kw>
<kw name="Dictionary Should Contain Key" owner="Collections">
<arg>${json_data}</arg>
<arg>results</arg>
<doc>Fails if ``key`` is not found from ``dictionary``.</doc>
<status status="PASS" start="2024-06-22T12:26:19.182666" elapsed="0.000226"/>
</kw>
<status status="PASS" start="2024-06-22T12:26:19.003436" elapsed="0.179622"/>
</kw>
<doc>Testa se a API responde corretamente e retorna um objeto JSON válido.</doc>
<tag>testeRequisicaoBasica</tag>
<status status="PASS" start="2024-06-22T12:26:19.002946" elapsed="0.180292"/>
</test>
<test id="s1-s1-t3" name="Validar estrutura de resposta" line="22">
<kw name="Teste de Estrutura de Resposta" owner="random-user-service">
<kw name="GET On Session" owner="RequestsLibrary">
<msg time="2024-06-22T12:26:19.281574" level="INFO">GET Request : url=https://randomuser.me/api 
 path_url=/api 
 headers={'User-Agent': 'python-requests/2.32.3', 'Accept-Encoding': 'gzip, deflate', 'Accept': '*/*', 'Connection': 'keep-alive'} 
 body=None 
 </msg>
<msg time="2024-06-22T12:26:19.281697" level="INFO">GET Response : url=https://randomuser.me/api 
 status=200, reason=OK 
 headers={'Date': 'Sat, 22 Jun 2024 12:26:19 GMT', 'Content-Type': 'application/json; charset=utf-8', 'Transfer-Encoding': 'chunked', 'Connection': 'keep-alive', 'X-Powered-By': 'Express', 'Access-Control-Allow-Origin': '*', 'Cache-Control': 'no-cache', 'ETag': 'W/"46a-SqahOjnwGqIp0YBFiHCAY4CgROc"', 'Vary': 'Accept-Encoding', 'Content-Encoding': 'gzip', 'CF-Cache-Status': 'DYNAMIC', 'Report-To': '{"endpoints":[{"url":"https:\\/\\/a.nel.cloudflare.com\\/report\\/v4?s=HR%2FAxwTcN0kMh%2BREBwbqVPtTgMKkuPBvdiARmnGdIjl5ZkC8ltX8KTxNr5%2Fq8A7qCUlOMGEGheuJe944AHrZ%2BSuGW0jEy3kUZq6NCNRxT0cCAg1a5bTX6dP%2BOSRLhaPT"}],"group":"cf-nel","max_age":604800}', 'NEL': '{"success_fraction":0,"report_to":"cf-nel","max_age":604800}', 'Server': 'cloudflare', 'CF-RAY': '897c39ddfea98029-IAD', 'alt-svc': 'h3=":443"; ma=86400'} 
 body={"results":[{"gender":"female","name":{"title":"Mrs","first":"Isabelle","last":"Wilson"},"location":{"street":{"number":209,"name":"Ormond Quay"},"city":"Buncrana","state":"Clare","country":"Ireland","postcode":39486,"coordinates":{"latitude":"0.1556","longitude":"12.9794"},"timezone":{"offset":"+3:30","description":"Tehran"}},"email":"isabelle.wilson@example.com","login":{"uuid":"6f990921-5733-4607-beea-03cd1b7ffcbe","username":"redbear297","password":"tinman","salt":"EpoyaDQ5","md5":"94c5b0e3daa31cebf75a46d21a851c93","sha1":"08b0f5fec4a2293796242c36b3c7c8a9d067857a","sha256":"e83ee03dbb18317200fcaed837bc893e9a6e8b8c6cc4a6c71afa195e0fb20152"},"dob":{"date":"1988-09-16T07:57:02.152Z","age":35},"registered":{"date":"2018-10-24T15:54:29.672Z","age":5},"phone":"051-499-8694","cell":"081-217-5952","id":{"name":"PPS","value":"5985757T"},"picture":{"large":"https://randomuser.me/api/portraits/women/6.jpg","medium":"https://randomuser.me/api/portraits/med/women/6.jpg","thumbnail":"https://randomuser.me/api/portraits/thumb/women/6.jpg"},"nat":"IE"}],"info":{"seed":"eebd84f6abc5c66e","results":1,"page":1,"version":"1.4"}} 
 </msg>
<msg time="2024-06-22T12:26:19.281838" level="INFO">/opt/hostedtoolcache/Python/3.12.4/x64/lib/python3.12/site-packages/urllib3/connectionpool.py:1099: InsecureRequestWarning: Unverified HTTPS request is being made to host 'randomuser.me'. Adding certificate verification is strongly advised. See: https://urllib3.readthedocs.io/en/latest/advanced-usage.html#tls-warnings
  warnings.warn(</msg>
<msg time="2024-06-22T12:26:19.281969" level="INFO">${response} = &lt;Response [200]&gt;</msg>
<var>${response}</var>
<arg>consultarAPI</arg>
<arg>/api</arg>
<doc>Sends a GET request on a previously created HTTP Session.</doc>
<status status="PASS" start="2024-06-22T12:26:19.186289" elapsed="0.095720"/>
</kw>
<kw name="Set Variable" owner="BuiltIn">
<msg time="2024-06-22T12:26:19.283165" level="INFO">${json_data} = {'results': [{'gender': 'female', 'name': {'title': 'Mrs', 'first': 'Isabelle', 'last': 'Wilson'}, 'location': {'street': {'number': 209, 'name': 'Ormond Quay'}, 'city': 'Buncrana', 'state': 'Clare', ...</msg>
<var>${json_data}</var>
<arg>${response.json()}</arg>
<doc>Returns the given values which can then be assigned to a variables.</doc>
<status status="PASS" start="2024-06-22T12:26:19.282562" elapsed="0.000638"/>
</kw>
<kw name="Log" owner="BuiltIn">
<msg time="2024-06-22T12:26:19.283737" level="INFO">{'results': [{'gender': 'female', 'name': {'title': 'Mrs', 'first': 'Isabelle', 'last': 'Wilson'}, 'location': {'street': {'number': 209, 'name': 'Ormond Quay'}, 'city': 'Buncrana', 'state': 'Clare', 'country': 'Ireland', 'postcode': 39486, 'coordinates': {'latitude': '0.1556', 'longitude': '12.9794'}, 'timezone': {'offset': '+3:30', 'description': 'Tehran'}}, 'email': 'isabelle.wilson@example.com', 'login': {'uuid': '6f990921-5733-4607-beea-03cd1b7ffcbe', 'username': 'redbear297', 'password': 'tinman', 'salt': 'EpoyaDQ5', 'md5': '94c5b0e3daa31cebf75a46d21a851c93', 'sha1': '08b0f5fec4a2293796242c36b3c7c8a9d067857a', 'sha256': 'e83ee03dbb18317200fcaed837bc893e9a6e8b8c6cc4a6c71afa195e0fb20152'}, 'dob': {'date': '1988-09-16T07:57:02.152Z', 'age': 35}, 'registered': {'date': '2018-10-24T15:54:29.672Z', 'age': 5}, 'phone': '051-499-8694', 'cell': '081-217-5952', 'id': {'name': 'PPS', 'value': '5985757T'}, 'picture': {'large': 'https://randomuser.me/api/portraits/women/6.jpg', 'medium': 'https://randomuser.me/api/portraits/med/women/6.jpg', 'thumbnail': 'https://randomuser.me/api/portraits/thumb/women/6.jpg'}, 'nat': 'IE'}], 'info': {'seed': 'eebd84f6abc5c66e', 'results': 1, 'page': 1, 'version': '1.4'}}</msg>
<arg>${json_data}</arg>
<doc>Logs the given message with the given level.</doc>
<status status="PASS" start="2024-06-22T12:26:19.283560" elapsed="0.000245"/>
</kw>
<kw name="Dictionary Should Contain Key" owner="Collections">
<arg>${json_data}</arg>
<arg>results</arg>
<doc>Fails if ``key`` is not found from ``dictionary``.</doc>
<status status="PASS" start="2024-06-22T12:26:19.284134" elapsed="0.000181"/>
</kw>
<kw name="Should Not Be Empty" owner="BuiltIn">
<msg time="2024-06-22T12:26:19.284636" level="INFO">Length is 2.</msg>
<arg>${json_data}</arg>
<doc>Verifies that the given item is not empty.</doc>
<status status="PASS" start="2024-06-22T12:26:19.284505" elapsed="0.000170"/>
</kw>
<kw name="Create List" owner="BuiltIn">
<msg time="2024-06-22T12:26:19.285299" level="INFO">${expected_keys} = ['gender', 'name', 'location', 'email', 'login']</msg>
<var>${expected_keys}</var>
<arg>gender</arg>
<arg>name</arg>
<arg>location</arg>
<arg>email</arg>
<arg>login</arg>
<doc>Returns a list containing given items.</doc>
<status status="PASS" start="2024-06-22T12:26:19.284972" elapsed="0.000352"/>
</kw>
<for flavor="IN">
<iter>
<kw name="Dictionary Should Contain Key" owner="Collections">
<arg>${json_data['results'][0]}</arg>
<arg>${key}</arg>
<doc>Fails if ``key`` is not found from ``dictionary``.</doc>
<status status="PASS" start="2024-06-22T12:26:19.285935" elapsed="0.000434"/>
</kw>
<kw name="Log" owner="BuiltIn">
<msg time="2024-06-22T12:26:19.286961" level="INFO">{'gender': 'female', 'name': {'title': 'Mrs', 'first': 'Isabelle', 'last': 'Wilson'}, 'location': {'street': {'number': 209, 'name': 'Ormond Quay'}, 'city': 'Buncrana', 'state': 'Clare', 'country': 'Ireland', 'postcode': 39486, 'coordinates': {'latitude': '0.1556', 'longitude': '12.9794'}, 'timezone': {'offset': '+3:30', 'description': 'Tehran'}}, 'email': 'isabelle.wilson@example.com', 'login': {'uuid': '6f990921-5733-4607-beea-03cd1b7ffcbe', 'username': 'redbear297', 'password': 'tinman', 'salt': 'EpoyaDQ5', 'md5': '94c5b0e3daa31cebf75a46d21a851c93', 'sha1': '08b0f5fec4a2293796242c36b3c7c8a9d067857a', 'sha256': 'e83ee03dbb18317200fcaed837bc893e9a6e8b8c6cc4a6c71afa195e0fb20152'}, 'dob': {'date': '1988-09-16T07:57:02.152Z', 'age': 35}, 'registered': {'date': '2018-10-24T15:54:29.672Z', 'age': 5}, 'phone': '051-499-8694', 'cell': '081-217-5952', 'id': {'name': 'PPS', 'value': '5985757T'}, 'picture': {'large': 'https://randomuser.me/api/portraits/women/6.jpg', 'medium': 'https://randomuser.me/api/portraits/med/women/6.jpg', 'thumbnail': 'https://randomuser.me/api/portraits/thumb/women/6.jpg'}, 'nat': 'IE'}</msg>
<arg>${json_data['results'][0]}</arg>
<doc>Logs the given message with the given level.</doc>
<status status="PASS" start="2024-06-22T12:26:19.286567" elapsed="0.000442"/>
</kw>
<kw name="Log" owner="BuiltIn">
<msg time="2024-06-22T12:26:19.287462" level="INFO">gender</msg>
<arg>${key}</arg>
<doc>Logs the given message with the given level.</doc>
<status status="PASS" start="2024-06-22T12:26:19.287329" elapsed="0.000172"/>
</kw>
<var name="${key}">gender</var>
<status status="PASS" start="2024-06-22T12:26:19.285805" elapsed="0.001915"/>
</iter>
<iter>
<kw name="Dictionary Should Contain Key" owner="Collections">
<arg>${json_data['results'][0]}</arg>
<arg>${key}</arg>
<doc>Fails if ``key`` is not found from ``dictionary``.</doc>
<status status="PASS" start="2024-06-22T12:26:19.288021" elapsed="0.000389"/>
</kw>
<kw name="Log" owner="BuiltIn">
<msg time="2024-06-22T12:26:19.288957" level="INFO">{'gender': 'female', 'name': {'title': 'Mrs', 'first': 'Isabelle', 'last': 'Wilson'}, 'location': {'street': {'number': 209, 'name': 'Ormond Quay'}, 'city': 'Buncrana', 'state': 'Clare', 'country': 'Ireland', 'postcode': 39486, 'coordinates': {'latitude': '0.1556', 'longitude': '12.9794'}, 'timezone': {'offset': '+3:30', 'description': 'Tehran'}}, 'email': 'isabelle.wilson@example.com', 'login': {'uuid': '6f990921-5733-4607-beea-03cd1b7ffcbe', 'username': 'redbear297', 'password': 'tinman', 'salt': 'EpoyaDQ5', 'md5': '94c5b0e3daa31cebf75a46d21a851c93', 'sha1': '08b0f5fec4a2293796242c36b3c7c8a9d067857a', 'sha256': 'e83ee03dbb18317200fcaed837bc893e9a6e8b8c6cc4a6c71afa195e0fb20152'}, 'dob': {'date': '1988-09-16T07:57:02.152Z', 'age': 35}, 'registered': {'date': '2018-10-24T15:54:29.672Z', 'age': 5}, 'phone': '051-499-8694', 'cell': '081-217-5952', 'id': {'name': 'PPS', 'value': '5985757T'}, 'picture': {'large': 'https://randomuser.me/api/portraits/women/6.jpg', 'medium': 'https://randomuser.me/api/portraits/med/women/6.jpg', 'thumbnail': 'https://randomuser.me/api/portraits/thumb/women/6.jpg'}, 'nat': 'IE'}</msg>
<arg>${json_data['results'][0]}</arg>
<doc>Logs the given message with the given level.</doc>
<status status="PASS" start="2024-06-22T12:26:19.288599" elapsed="0.000437"/>
</kw>
<kw name="Log" owner="BuiltIn">
<msg time="2024-06-22T12:26:19.289464" level="INFO">name</msg>
<arg>${key}</arg>
<doc>Logs the given message with the given level.</doc>
<status status="PASS" start="2024-06-22T12:26:19.289333" elapsed="0.000168"/>
</kw>
<var name="${key}">name</var>
<status status="PASS" start="2024-06-22T12:26:19.287908" elapsed="0.001805"/>
</iter>
<iter>
<kw name="Dictionary Should Contain Key" owner="Collections">
<arg>${json_data['results'][0]}</arg>
<arg>${key}</arg>
<doc>Fails if ``key`` is not found from ``dictionary``.</doc>
<status status="PASS" start="2024-06-22T12:26:19.290000" elapsed="0.000387"/>
</kw>
<kw name="Log" owner="BuiltIn">
<msg time="2024-06-22T12:26:19.290994" level="INFO">{'gender': 'female', 'name': {'title': 'Mrs', 'first': 'Isabelle', 'last': 'Wilson'}, 'location': {'street': {'number': 209, 'name': 'Ormond Quay'}, 'city': 'Buncrana', 'state': 'Clare', 'country': 'Ireland', 'postcode': 39486, 'coordinates': {'latitude': '0.1556', 'longitude': '12.9794'}, 'timezone': {'offset': '+3:30', 'description': 'Tehran'}}, 'email': 'isabelle.wilson@example.com', 'login': {'uuid': '6f990921-5733-4607-beea-03cd1b7ffcbe', 'username': 'redbear297', 'password': 'tinman', 'salt': 'EpoyaDQ5', 'md5': '94c5b0e3daa31cebf75a46d21a851c93', 'sha1': '08b0f5fec4a2293796242c36b3c7c8a9d067857a', 'sha256': 'e83ee03dbb18317200fcaed837bc893e9a6e8b8c6cc4a6c71afa195e0fb20152'}, 'dob': {'date': '1988-09-16T07:57:02.152Z', 'age': 35}, 'registered': {'date': '2018-10-24T15:54:29.672Z', 'age': 5}, 'phone': '051-499-8694', 'cell': '081-217-5952', 'id': {'name': 'PPS', 'value': '5985757T'}, 'picture': {'large': 'https://randomuser.me/api/portraits/women/6.jpg', 'medium': 'https://randomuser.me/api/portraits/med/women/6.jpg', 'thumbnail': 'https://randomuser.me/api/portraits/thumb/women/6.jpg'}, 'nat': 'IE'}</msg>
<arg>${json_data['results'][0]}</arg>
<doc>Logs the given message with the given level.</doc>
<status status="PASS" start="2024-06-22T12:26:19.290570" elapsed="0.000473"/>
</kw>
<kw name="Log" owner="BuiltIn">
<msg time="2024-06-22T12:26:19.291478" level="INFO">location</msg>
<arg>${key}</arg>
<doc>Logs the given message with the given level.</doc>
<status status="PASS" start="2024-06-22T12:26:19.291343" elapsed="0.000176"/>
</kw>
<var name="${key}">location</var>
<status status="PASS" start="2024-06-22T12:26:19.289892" elapsed="0.001844"/>
</iter>
<iter>
<kw name="Dictionary Should Contain Key" owner="Collections">
<arg>${json_data['results'][0]}</arg>
<arg>${key}</arg>
<doc>Fails if ``key`` is not found from ``dictionary``.</doc>
<status status="PASS" start="2024-06-22T12:26:19.292021" elapsed="0.000380"/>
</kw>
<kw name="Log" owner="BuiltIn">
<msg time="2024-06-22T12:26:19.292952" level="INFO">{'gender': 'female', 'name': {'title': 'Mrs', 'first': 'Isabelle', 'last': 'Wilson'}, 'location': {'street': {'number': 209, 'name': 'Ormond Quay'}, 'city': 'Buncrana', 'state': 'Clare', 'country': 'Ireland', 'postcode': 39486, 'coordinates': {'latitude': '0.1556', 'longitude': '12.9794'}, 'timezone': {'offset': '+3:30', 'description': 'Tehran'}}, 'email': 'isabelle.wilson@example.com', 'login': {'uuid': '6f990921-5733-4607-beea-03cd1b7ffcbe', 'username': 'redbear297', 'password': 'tinman', 'salt': 'EpoyaDQ5', 'md5': '94c5b0e3daa31cebf75a46d21a851c93', 'sha1': '08b0f5fec4a2293796242c36b3c7c8a9d067857a', 'sha256': 'e83ee03dbb18317200fcaed837bc893e9a6e8b8c6cc4a6c71afa195e0fb20152'}, 'dob': {'date': '1988-09-16T07:57:02.152Z', 'age': 35}, 'registered': {'date': '2018-10-24T15:54:29.672Z', 'age': 5}, 'phone': '051-499-8694', 'cell': '081-217-5952', 'id': {'name': 'PPS', 'value': '5985757T'}, 'picture': {'large': 'https://randomuser.me/api/portraits/women/6.jpg', 'medium': 'https://randomuser.me/api/portraits/med/women/6.jpg', 'thumbnail': 'https://randomuser.me/api/portraits/thumb/women/6.jpg'}, 'nat': 'IE'}</msg>
<arg>${json_data['results'][0]}</arg>
<doc>Logs the given message with the given level.</doc>
<status status="PASS" start="2024-06-22T12:26:19.292589" elapsed="0.000415"/>
</kw>
<kw name="Log" owner="BuiltIn">
<msg time="2024-06-22T12:26:19.293427" level="INFO">email</msg>
<arg>${key}</arg>
<doc>Logs the given message with the given level.</doc>
<status status="PASS" start="2024-06-22T12:26:19.293301" elapsed="0.000164"/>
</kw>
<var name="${key}">email</var>
<status status="PASS" start="2024-06-22T12:26:19.291914" elapsed="0.001765"/>
</iter>
<iter>
<kw name="Dictionary Should Contain Key" owner="Collections">
<arg>${json_data['results'][0]}</arg>
<arg>${key}</arg>
<doc>Fails if ``key`` is not found from ``dictionary``.</doc>
<status status="PASS" start="2024-06-22T12:26:19.293955" elapsed="0.000387"/>
</kw>
<kw name="Log" owner="BuiltIn">
<msg time="2024-06-22T12:26:19.294914" level="INFO">{'gender': 'female', 'name': {'title': 'Mrs', 'first': 'Isabelle', 'last': 'Wilson'}, 'location': {'street': {'number': 209, 'name': 'Ormond Quay'}, 'city': 'Buncrana', 'state': 'Clare', 'country': 'Ireland', 'postcode': 39486, 'coordinates': {'latitude': '0.1556', 'longitude': '12.9794'}, 'timezone': {'offset': '+3:30', 'description': 'Tehran'}}, 'email': 'isabelle.wilson@example.com', 'login': {'uuid': '6f990921-5733-4607-beea-03cd1b7ffcbe', 'username': 'redbear297', 'password': 'tinman', 'salt': 'EpoyaDQ5', 'md5': '94c5b0e3daa31cebf75a46d21a851c93', 'sha1': '08b0f5fec4a2293796242c36b3c7c8a9d067857a', 'sha256': 'e83ee03dbb18317200fcaed837bc893e9a6e8b8c6cc4a6c71afa195e0fb20152'}, 'dob': {'date': '1988-09-16T07:57:02.152Z', 'age': 35}, 'registered': {'date': '2018-10-24T15:54:29.672Z', 'age': 5}, 'phone': '051-499-8694', 'cell': '081-217-5952', 'id': {'name': 'PPS', 'value': '5985757T'}, 'picture': {'large': 'https://randomuser.me/api/portraits/women/6.jpg', 'medium': 'https://randomuser.me/api/portraits/med/women/6.jpg', 'thumbnail': 'https://randomuser.me/api/portraits/thumb/women/6.jpg'}, 'nat': 'IE'}</msg>
<arg>${json_data['results'][0]}</arg>
<doc>Logs the given message with the given level.</doc>
<status status="PASS" start="2024-06-22T12:26:19.294525" elapsed="0.000438"/>
</kw>
<kw name="Log" owner="BuiltIn">
<msg time="2024-06-22T12:26:19.295392" level="INFO">login</msg>
<arg>${key}</arg>
<doc>Logs the given message with the given level.</doc>
<status status="PASS" start="2024-06-22T12:26:19.295264" elapsed="0.000166"/>
</kw>
<var name="${key}">login</var>
<status status="PASS" start="2024-06-22T12:26:19.293848" elapsed="0.001794"/>
</iter>
<var>${key}</var>
<value>@{expected_keys}</value>
<status status="PASS" start="2024-06-22T12:26:19.285595" elapsed="0.010177"/>
</for>
<kw name="Create List" owner="BuiltIn">
<msg time="2024-06-22T12:26:19.296099" level="INFO">${expected_keysTwo} = ['username', 'password']</msg>
<var>${expected_keysTwo}</var>
<arg>username</arg>
<arg>password</arg>
<doc>Returns a list containing given items.</doc>
<status status="PASS" start="2024-06-22T12:26:19.295964" elapsed="0.000159"/>
</kw>
<for flavor="IN">
<iter>
<kw name="Dictionary Should Contain Key" owner="Collections">
<arg>${json_data['results'][0]['login']}</arg>
<arg>${keyTwo}</arg>
<doc>Fails if ``key`` is not found from ``dictionary``.</doc>
<status status="PASS" start="2024-06-22T12:26:19.296654" elapsed="0.000384"/>
</kw>
<kw name="Dictionary Should Contain Key" owner="Collections">
<arg>${json_data['results'][0]['login']}</arg>
<arg>${keyTwo}</arg>
<doc>Fails if ``key`` is not found from ``dictionary``.</doc>
<status status="PASS" start="2024-06-22T12:26:19.297223" elapsed="0.000371"/>
</kw>
<kw name="Log" owner="BuiltIn">
<msg time="2024-06-22T12:26:19.297892" level="INFO">username</msg>
<arg>${keyTwo}</arg>
<doc>Logs the given message with the given level.</doc>
<status status="PASS" start="2024-06-22T12:26:19.297773" elapsed="0.000157"/>
</kw>
<var name="${keyTwo}">username</var>
<status status="PASS" start="2024-06-22T12:26:19.296546" elapsed="0.001604"/>
</iter>
<iter>
<kw name="Dictionary Should Contain Key" owner="Collections">
<arg>${json_data['results'][0]['login']}</arg>
<arg>${keyTwo}</arg>
<doc>Fails if ``key`` is not found from ``dictionary``.</doc>
<status status="PASS" start="2024-06-22T12:26:19.298424" elapsed="0.000435"/>
</kw>
<kw name="Dictionary Should Contain Key" owner="Collections">
<arg>${json_data['results'][0]['login']}</arg>
<arg>${keyTwo}</arg>
<doc>Fails if ``key`` is not found from ``dictionary``.</doc>
<status status="PASS" start="2024-06-22T12:26:19.299045" elapsed="0.000400"/>
</kw>
<kw name="Log" owner="BuiltIn">
<msg time="2024-06-22T12:26:19.299743" level="INFO">password</msg>
<arg>${keyTwo}</arg>
<doc>Logs the given message with the given level.</doc>
<status status="PASS" start="2024-06-22T12:26:19.299623" elapsed="0.000156"/>
</kw>
<var name="${keyTwo}">password</var>
<status status="PASS" start="2024-06-22T12:26:19.298320" elapsed="0.001772"/>
</iter>
<var>${keyTwo}</var>
<value>@{expected_keysTwo}</value>
<status status="PASS" start="2024-06-22T12:26:19.296386" elapsed="0.003832"/>
</for>
<status status="PASS" start="2024-06-22T12:26:19.185934" elapsed="0.114428"/>
</kw>
<doc>Testa a estrutura da resposta da API.</doc>
<tag>testeEstruturaResposta</tag>
<status status="PASS" start="2024-06-22T12:26:19.185112" elapsed="0.115409"/>
</test>
<test id="s1-s1-t4" name="Validar tipos de dados" line="28">
<kw name="Teste de Tipos de Dados" owner="random-user-service">
<kw name="GET On Session" owner="RequestsLibrary">
<msg time="2024-06-22T12:26:19.376452" level="INFO">GET Request : url=https://randomuser.me/api 
 path_url=/api 
 headers={'User-Agent': 'python-requests/2.32.3', 'Accept-Encoding': 'gzip, deflate', 'Accept': '*/*', 'Connection': 'keep-alive'} 
 body=None 
 </msg>
<msg time="2024-06-22T12:26:19.376565" level="INFO">GET Response : url=https://randomuser.me/api 
 status=200, reason=OK 
 headers={'Date': 'Sat, 22 Jun 2024 12:26:19 GMT', 'Content-Type': 'application/json; charset=utf-8', 'Transfer-Encoding': 'chunked', 'Connection': 'keep-alive', 'X-Powered-By': 'Express', 'Access-Control-Allow-Origin': '*', 'Cache-Control': 'no-cache', 'ETag': 'W/"48c-3cWlRxXfilRPVzDvTn5S705AaiI"', 'Vary': 'Accept-Encoding', 'Content-Encoding': 'gzip', 'CF-Cache-Status': 'DYNAMIC', 'Report-To': '{"endpoints":[{"url":"https:\\/\\/a.nel.cloudflare.com\\/report\\/v4?s=8WmSsKh5VJDFdhx1TNkzWgKv8iI7PvBGJWjzc8UDobyKPMLFWWW%2FTV2ovw%2FQkhzdrw%2F3BUDPqIEyCN8MkWW%2Fxw5ivJ3azuROspLEF5Gbg%2BQq26feUPa0CKI4kJo6qrE%2B"}],"group":"cf-nel","max_age":604800}', 'NEL': '{"success_fraction":0,"report_to":"cf-nel","max_age":604800}', 'Server': 'cloudflare', 'CF-RAY': '897c39deaf6b8029-IAD', 'alt-svc': 'h3=":443"; ma=86400'} 
 body={"results":[{"gender":"female","name":{"title":"Mrs","first":"Liesa","last":"Schröer"},"location":{"street":{"number":1983,"name":"Meisenweg"},"city":"Lichtenfels","state":"Mecklenburg-Vorpommern","country":"Germany","postcode":98486,"coordinates":{"latitude":"-53.5273","longitude":"119.2049"},"timezone":{"offset":"+5:45","description":"Kathmandu"}},"email":"liesa.schroer@example.com","login":{"uuid":"9c8c3a87-fee3-49b6-93da-265f9aaf610b","username":"reddog475","password":"slippery","salt":"53nMTAdn","md5":"df6c82cb77d0433cad75bf5c02083e81","sha1":"381273b52aa7fab37301515a6f2a03fadae93a28","sha256":"f9ef1027370444f0bd78daff560d5ccda99c8f2e909a1d3c9fd550f802005f4c"},"dob":{"date":"1965-03-13T06:43:16.095Z","age":59},"registered":{"date":"2022-01-19T12:18:31.781Z","age":2},"phone":"0669-4007572","cell":"0172-0931381","id":{"name":"SVNR","value":"14 130365 S 513"},"picture":{"large":"https://randomuser.me/api/portraits/women/55.jpg","medium":"https://randomuser.me/api/portraits/med/women/55.jpg","thumbnail":"https://randomuser.me/api/portraits/thumb/women/55.jpg"},"nat":"DE"}],"info":{"seed":"1c11cc8b893bc80e","results":1,"page":1,"version":"1.4"}} 
 </msg>
<msg time="2024-06-22T12:26:19.376650" level="INFO">/opt/hostedtoolcache/Python/3.12.4/x64/lib/python3.12/site-packages/urllib3/connectionpool.py:1099: InsecureRequestWarning: Unverified HTTPS request is being made to host 'randomuser.me'. Adding certificate verification is strongly advised. See: https://urllib3.readthedocs.io/en/latest/advanced-usage.html#tls-warnings
  warnings.warn(</msg>
<msg time="2024-06-22T12:26:19.376790" level="INFO">${response} = &lt;Response [200]&gt;</msg>
<var>${response}</var>
<arg>consultarAPI</arg>
<arg>/api</arg>
<doc>Sends a GET request on a previously created HTTP Session.</doc>
<status status="PASS" start="2024-06-22T12:26:19.303074" elapsed="0.073765"/>
</kw>
<kw name="Set Variable" owner="BuiltIn">
<msg time="2024-06-22T12:26:19.377945" level="INFO">${json_data} = {'results': [{'gender': 'female', 'name': {'title': 'Mrs', 'first': 'Liesa', 'last': 'Schröer'}, 'location': {'street': {'number': 1983, 'name': 'Meisenweg'}, 'city': 'Lichtenfels', 'state': 'Mecklenb...</msg>
<var>${json_data}</var>
<arg>${response.json()}</arg>
<doc>Returns the given values which can then be assigned to a variables.</doc>
<status status="PASS" start="2024-06-22T12:26:19.377400" elapsed="0.000577"/>
</kw>
<kw name="Log" owner="BuiltIn">
<msg time="2024-06-22T12:26:19.378532" level="INFO">{'results': [{'gender': 'female', 'name': {'title': 'Mrs', 'first': 'Liesa', 'last': 'Schröer'}, 'location': {'street': {'number': 1983, 'name': 'Meisenweg'}, 'city': 'Lichtenfels', 'state': 'Mecklenburg-Vorpommern', 'country': 'Germany', 'postcode': 98486, 'coordinates': {'latitude': '-53.5273', 'longitude': '119.2049'}, 'timezone': {'offset': '+5:45', 'description': 'Kathmandu'}}, 'email': 'liesa.schroer@example.com', 'login': {'uuid': '9c8c3a87-fee3-49b6-93da-265f9aaf610b', 'username': 'reddog475', 'password': 'slippery', 'salt': '53nMTAdn', 'md5': 'df6c82cb77d0433cad75bf5c02083e81', 'sha1': '381273b52aa7fab37301515a6f2a03fadae93a28', 'sha256': 'f9ef1027370444f0bd78daff560d5ccda99c8f2e909a1d3c9fd550f802005f4c'}, 'dob': {'date': '1965-03-13T06:43:16.095Z', 'age': 59}, 'registered': {'date': '2022-01-19T12:18:31.781Z', 'age': 2}, 'phone': '0669-4007572', 'cell': '0172-0931381', 'id': {'name': 'SVNR', 'value': '14 130365 S 513'}, 'picture': {'large': 'https://randomuser.me/api/portraits/women/55.jpg', 'medium': 'https://randomuser.me/api/portraits/med/women/55.jpg', 'thumbnail': 'https://randomuser.me/api/portraits/thumb/women/55.jpg'}, 'nat': 'DE'}], 'info': {'seed': '1c11cc8b893bc80e', 'results': 1, 'page': 1, 'version': '1.4'}}</msg>
<arg>${json_data}</arg>
<doc>Logs the given message with the given level.</doc>
<status status="PASS" start="2024-06-22T12:26:19.378352" elapsed="0.000242"/>
</kw>
<kw name="Should Be String" owner="String">
<arg>${json_data['results'][0]['gender']}</arg>
<doc>Fails if the given ``item`` is not a string.</doc>
<status status="PASS" start="2024-06-22T12:26:19.378959" elapsed="0.000398"/>
</kw>
<kw name="Should Match Regexp" owner="BuiltIn">
<arg>${json_data['results'][0]['email']}</arg>
<arg>^[a-zA-Z0-9._%+-]+@[a-zA-Z0-9.-]+\.[a-zA-Z]{2,}$</arg>
<doc>Fails if ``string`` does not match ``pattern`` as a regular expression.</doc>
<status status="PASS" start="2024-06-22T12:26:19.379548" elapsed="0.000532"/>
</kw>
<kw name="Should Match Regexp" owner="BuiltIn">
<arg>${json_data['results'][0]['dob']['date']}</arg>
<arg>\\d{4}-\\d{2}-\\d{2}T\\d{2}:\\d{2}:\\d{2}\\.\\d{3}Z</arg>
<doc>Fails if ``string`` does not match ``pattern`` as a regular expression.</doc>
<status status="PASS" start="2024-06-22T12:26:19.380322" elapsed="0.000517"/>
</kw>
<kw name="Should Match Regexp" owner="BuiltIn">
<arg>${json_data['results'][0]['registered']['date']}</arg>
<arg>\\d{4}-\\d{2}-\\d{2}T\\d{2}:\\d{2}:\\d{2}\\.\\d{3}Z</arg>
<doc>Fails if ``string`` does not match ``pattern`` as a regular expression.</doc>
<status status="PASS" start="2024-06-22T12:26:19.381032" elapsed="0.000388"/>
</kw>
<kw name="Should Match Regexp" owner="BuiltIn">
<arg>${json_data['results'][0]['picture']['large']}</arg>
<arg>^https?://.*\.(?:png|jpe?g|gif|bmp)$</arg>
<doc>Fails if ``string`` does not match ``pattern`` as a regular expression.</doc>
<status status="PASS" start="2024-06-22T12:26:19.381607" elapsed="0.000462"/>
</kw>
<kw name="Should Match Regexp" owner="BuiltIn">
<arg>${json_data['results'][0]['picture']['medium']}</arg>
<arg>^https?://.*\.(?:png|jpe?g|gif|bmp)$</arg>
<doc>Fails if ``string`` does not match ``pattern`` as a regular expression.</doc>
<status status="PASS" start="2024-06-22T12:26:19.382256" elapsed="0.000366"/>
</kw>
<kw name="Should Match Regexp" owner="BuiltIn">
<arg>${json_data['results'][0]['picture']['thumbnail']}</arg>
<arg>^https?://.*\.(?:png|jpe?g|gif|bmp)$</arg>
<doc>Fails if ``string`` does not match ``pattern`` as a regular expression.</doc>
<status status="PASS" start="2024-06-22T12:26:19.382829" elapsed="0.000373"/>
</kw>
<kw name="Log" owner="BuiltIn">
<msg time="2024-06-22T12:26:19.383705" level="INFO">{'large': 'https://randomuser.me/api/portraits/women/55.jpg', 'medium': 'https://randomuser.me/api/portraits/med/women/55.jpg', 'thumbnail': 'https://randomuser.me/api/portraits/thumb/women/55.jpg'}</msg>
<arg>${json_data['results'][0]['picture']}</arg>
<doc>Logs the given message with the given level.</doc>
<status status="PASS" start="2024-06-22T12:26:19.383380" elapsed="0.000368"/>
</kw>
<status status="PASS" start="2024-06-22T12:26:19.302834" elapsed="0.081192"/>
</kw>
<kw name="Teste de Tipos de Dados - Postcode" owner="random-user-service">
<kw name="GET On Session" owner="RequestsLibrary">
<msg time="2024-06-22T12:26:19.477792" level="INFO">GET Request : url=https://randomuser.me/api 
 path_url=/api 
 headers={'User-Agent': 'python-requests/2.32.3', 'Accept-Encoding': 'gzip, deflate', 'Accept': '*/*', 'Connection': 'keep-alive'} 
 body=None 
 </msg>
<msg time="2024-06-22T12:26:19.477906" level="INFO">GET Response : url=https://randomuser.me/api 
 status=200, reason=OK 
 headers={'Date': 'Sat, 22 Jun 2024 12:26:19 GMT', 'Content-Type': 'application/json; charset=utf-8', 'Transfer-Encoding': 'chunked', 'Connection': 'keep-alive', 'X-Powered-By': 'Express', 'Access-Control-Allow-Origin': '*', 'Cache-Control': 'no-cache', 'ETag': 'W/"477-eExV0ygbl8HKYTeWjQU5BDabNRI"', 'Vary': 'Accept-Encoding', 'Content-Encoding': 'gzip', 'CF-Cache-Status': 'DYNAMIC', 'Report-To': '{"endpoints":[{"url":"https:\\/\\/a.nel.cloudflare.com\\/report\\/v4?s=17guACKCoC8D7zmmj%2FR71i%2BXVhIP0Zkb5tAMCcG9UzckwrJ4FG8TeekEnmU7NFTDDkd3%2FBKfrHu6cr18shUgU5w1PL9YCahOTZnduFelx6fj32tMKS4H4aJMwwgLLsEu"}],"group":"cf-nel","max_age":604800}', 'NEL': '{"success_fraction":0,"report_to":"cf-nel","max_age":604800}', 'Server': 'cloudflare', 'CF-RAY': '897c39df2ff38029-IAD', 'alt-svc': 'h3=":443"; ma=86400'} 
 body={"results":[{"gender":"male","name":{"title":"Mr","first":"Jerry","last":"Ramirez"},"location":{"street":{"number":1377,"name":"Edwards Rd"},"city":"Sioux Falls","state":"Indiana","country":"United States","postcode":61681,"coordinates":{"latitude":"89.4271","longitude":"-125.2838"},"timezone":{"offset":"-9:00","description":"Alaska"}},"email":"jerry.ramirez@example.com","login":{"uuid":"7b123d49-2bad-4e4b-8e7e-bb1179f4ba30","username":"lazywolf732","password":"unique","salt":"iSN16rTp","md5":"6676ddd48c21826cd4f4b4d79c819476","sha1":"2ac62615a357c04c0232a125f28a8ec1c2fd9b3e","sha256":"2ead20b2b954877133f08ab5bcbdf994134e87e1f262e0500bd5688f58d4b954"},"dob":{"date":"1984-01-02T00:05:07.970Z","age":40},"registered":{"date":"2003-10-30T00:32:36.829Z","age":20},"phone":"(569) 476-2005","cell":"(247) 839-1062","id":{"name":"SSN","value":"362-38-6731"},"picture":{"large":"https://randomuser.me/api/portraits/men/10.jpg","medium":"https://randomuser.me/api/portraits/med/men/10.jpg","thumbnail":"https://randomuser.me/api/portraits/thumb/men/10.jpg"},"nat":"US"}],"info":{"seed":"aadf7855bee8d35f","results":1,"page":1,"version":"1.4"}} 
 </msg>
<msg time="2024-06-22T12:26:19.477988" level="INFO">/opt/hostedtoolcache/Python/3.12.4/x64/lib/python3.12/site-packages/urllib3/connectionpool.py:1099: InsecureRequestWarning: Unverified HTTPS request is being made to host 'randomuser.me'. Adding certificate verification is strongly advised. See: https://urllib3.readthedocs.io/en/latest/advanced-usage.html#tls-warnings
  warnings.warn(</msg>
<msg time="2024-06-22T12:26:19.478132" level="INFO">${response} = &lt;Response [200]&gt;</msg>
<var>${response}</var>
<arg>consultarAPI</arg>
<arg>/api</arg>
<doc>Sends a GET request on a previously created HTTP Session.</doc>
<status status="PASS" start="2024-06-22T12:26:19.384496" elapsed="0.093676"/>
</kw>
<kw name="Set Variable" owner="BuiltIn">
<msg time="2024-06-22T12:26:19.479317" level="INFO">${json_data} = {'results': [{'gender': 'male', 'name': {'title': 'Mr', 'first': 'Jerry', 'last': 'Ramirez'}, 'location': {'street': {'number': 1377, 'name': 'Edwards Rd'}, 'city': 'Sioux Falls', 'state': 'Indiana', ...</msg>
<var>${json_data}</var>
<arg>${response.json()}</arg>
<doc>Returns the given values which can then be assigned to a variables.</doc>
<status status="PASS" start="2024-06-22T12:26:19.478725" elapsed="0.000620"/>
</kw>
<kw name="Log" owner="BuiltIn">
<msg time="2024-06-22T12:26:19.479857" level="INFO">{'results': [{'gender': 'male', 'name': {'title': 'Mr', 'first': 'Jerry', 'last': 'Ramirez'}, 'location': {'street': {'number': 1377, 'name': 'Edwards Rd'}, 'city': 'Sioux Falls', 'state': 'Indiana', 'country': 'United States', 'postcode': 61681, 'coordinates': {'latitude': '89.4271', 'longitude': '-125.2838'}, 'timezone': {'offset': '-9:00', 'description': 'Alaska'}}, 'email': 'jerry.ramirez@example.com', 'login': {'uuid': '7b123d49-2bad-4e4b-8e7e-bb1179f4ba30', 'username': 'lazywolf732', 'password': 'unique', 'salt': 'iSN16rTp', 'md5': '6676ddd48c21826cd4f4b4d79c819476', 'sha1': '2ac62615a357c04c0232a125f28a8ec1c2fd9b3e', 'sha256': '2ead20b2b954877133f08ab5bcbdf994134e87e1f262e0500bd5688f58d4b954'}, 'dob': {'date': '1984-01-02T00:05:07.970Z', 'age': 40}, 'registered': {'date': '2003-10-30T00:32:36.829Z', 'age': 20}, 'phone': '(569) 476-2005', 'cell': '(247) 839-1062', 'id': {'name': 'SSN', 'value': '362-38-6731'}, 'picture': {'large': 'https://randomuser.me/api/portraits/men/10.jpg', 'medium': 'https://randomuser.me/api/portraits/med/men/10.jpg', 'thumbnail': 'https://randomuser.me/api/portraits/thumb/men/10.jpg'}, 'nat': 'US'}], 'info': {'seed': 'aadf7855bee8d35f', 'results': 1, 'page': 1, 'version': '1.4'}}</msg>
<arg>${json_data}</arg>
<doc>Logs the given message with the given level.</doc>
<status status="PASS" start="2024-06-22T12:26:19.479692" elapsed="0.000212"/>
</kw>
<kw name="Should Be Equal As Numbers" owner="BuiltIn">
<arg>${json_data['results'][0]['location']['postcode']}</arg>
<arg>${json_data['results'][0]['location']['postcode']}</arg>
<doc>Fails if objects are unequal after converting them to real numbers.</doc>
<status status="PASS" start="2024-06-22T12:26:19.480216" elapsed="0.000648"/>
</kw>
<kw name="Log" owner="BuiltIn">
<msg time="2024-06-22T12:26:19.481590" level="INFO">61681</msg>
<arg>${json_data['results'][0]['location']['postcode']}</arg>
<doc>Logs the given message with the given level.</doc>
<status status="PASS" start="2024-06-22T12:26:19.481057" elapsed="0.000575"/>
</kw>
<status status="PASS" start="2024-06-22T12:26:19.384262" elapsed="0.097637"/>
</kw>
<doc>Testa se os tipos de dados na resposta da API estão corretos.</doc>
<tag>testeTiposDados</tag>
<status status="PASS" start="2024-06-22T12:26:19.302302" elapsed="0.179805"/>
</test>
<test id="s1-s1-t5" name="Validar conteudo" line="35">
<kw name="Teste de Tipos de Conteudo" owner="random-user-service">
<kw name="GET On Session" owner="RequestsLibrary">
<msg time="2024-06-22T12:26:19.581140" level="INFO">GET Request : url=https://randomuser.me/api 
 path_url=/api 
 headers={'User-Agent': 'python-requests/2.32.3', 'Accept-Encoding': 'gzip, deflate', 'Accept': '*/*', 'Connection': 'keep-alive'} 
 body=None 
 </msg>
<msg time="2024-06-22T12:26:19.581252" level="INFO">GET Response : url=https://randomuser.me/api 
 status=200, reason=OK 
 headers={'Date': 'Sat, 22 Jun 2024 12:26:19 GMT', 'Content-Type': 'application/json; charset=utf-8', 'Transfer-Encoding': 'chunked', 'Connection': 'keep-alive', 'X-Powered-By': 'Express', 'Access-Control-Allow-Origin': '*', 'Cache-Control': 'no-cache', 'ETag': 'W/"493-L7cE05fC4XA+cWGtgiEuRHTtPbI"', 'Vary': 'Accept-Encoding', 'Content-Encoding': 'gzip', 'CF-Cache-Status': 'DYNAMIC', 'Report-To': '{"endpoints":[{"url":"https:\\/\\/a.nel.cloudflare.com\\/report\\/v4?s=ErpcTRMeO7xvbIgCiP4ItqOakONF%2FPteWmisRBMW2lih3J64m4RTklgQg9X99EO74HpJlqjObAhzLJO7RrOKk%2Fbpf7ZHN1SiuaqQue3lERQD%2BkUcjb8hSsGJ%2FcAoBbN9"}],"group":"cf-nel","max_age":604800}', 'NEL': '{"success_fraction":0,"report_to":"cf-nel","max_age":604800}', 'Server': 'cloudflare', 'CF-RAY': '897c39dfc8af8029-IAD', 'alt-svc': 'h3=":443"; ma=86400'} 
 body={"results":[{"gender":"female","name":{"title":"Mrs","first":"Harshitha","last":"Shukla"},"location":{"street":{"number":4997,"name":"Gali Paranthe Wali"},"city":"Fatehpur","state":"Andaman and Nicobar Islands","country":"India","postcode":33111,"coordinates":{"latitude":"4.9551","longitude":"77.0837"},"timezone":{"offset":"-2:00","description":"Mid-Atlantic"}},"email":"harshitha.shukla@example.com","login":{"uuid":"3e967440-4ef4-47ae-bafb-2a4399efc669","username":"reddog708","password":"xyz123","salt":"69rBQ50O","md5":"5dbfa198467819e197cb0c472ac669f1","sha1":"eb2ee78d0ddf58b681ed3cf701829912cad36de5","sha256":"e652f83898800a347b82a74f7dbf782c2f7cd871d92fc900c43c3f8736ff0f09"},"dob":{"date":"1960-07-19T04:10:01.786Z","age":63},"registered":{"date":"2006-07-07T17:42:21.326Z","age":17},"phone":"8997335566","cell":"8702185931","id":{"name":"UIDAI","value":"804556893201"},"picture":{"large":"https://randomuser.me/api/portraits/women/57.jpg","medium":"https://randomuser.me/api/portraits/med/women/57.jpg","thumbnail":"https://randomuser.me/api/portraits/thumb/women/57.jpg"},"nat":"IN"}],"info":{"seed":"ff5f20a5c097583b","results":1,"page":1,"version":"1.4"}} 
 </msg>
<msg time="2024-06-22T12:26:19.581329" level="INFO">/opt/hostedtoolcache/Python/3.12.4/x64/lib/python3.12/site-packages/urllib3/connectionpool.py:1099: InsecureRequestWarning: Unverified HTTPS request is being made to host 'randomuser.me'. Adding certificate verification is strongly advised. See: https://urllib3.readthedocs.io/en/latest/advanced-usage.html#tls-warnings
  warnings.warn(</msg>
<msg time="2024-06-22T12:26:19.581450" level="INFO">${response} = &lt;Response [200]&gt;</msg>
<var>${response}</var>
<arg>consultarAPI</arg>
<arg>/api</arg>
<doc>Sends a GET request on a previously created HTTP Session.</doc>
<status status="PASS" start="2024-06-22T12:26:19.484623" elapsed="0.096853"/>
</kw>
<kw name="Set Variable" owner="BuiltIn">
<msg time="2024-06-22T12:26:19.582556" level="INFO">${json_data} = {'results': [{'gender': 'female', 'name': {'title': 'Mrs', 'first': 'Harshitha', 'last': 'Shukla'}, 'location': {'street': {'number': 4997, 'name': 'Gali Paranthe Wali'}, 'city': 'Fatehpur', 'state': ...</msg>
<var>${json_data}</var>
<arg>${response.json()}</arg>
<doc>Returns the given values which can then be assigned to a variables.</doc>
<status status="PASS" start="2024-06-22T12:26:19.582020" elapsed="0.000564"/>
</kw>
<kw name="Set Variable" owner="BuiltIn">
<msg time="2024-06-22T12:26:19.583336" level="INFO">${name_title} = Mrs</msg>
<var>${name_title}</var>
<arg>${json_data["results"][0]["name"]["title"]}</arg>
<doc>Returns the given values which can then be assigned to a variables.</doc>
<status status="PASS" start="2024-06-22T12:26:19.582940" elapsed="0.000422"/>
</kw>
<kw name="Create List" owner="BuiltIn">
<msg time="2024-06-22T12:26:19.583816" level="INFO">${allowed_titles} = ['Mr', 'Ms', 'Miss', 'Mrs', 'Madame', 'Monsieur']</msg>
<var>${allowed_titles}</var>
<arg>Mr</arg>
<arg>Ms</arg>
<arg>Miss</arg>
<arg>Mrs</arg>
<arg>Madame</arg>
<arg>Monsieur</arg>
<doc>Returns a list containing given items.</doc>
<status status="PASS" start="2024-06-22T12:26:19.583666" elapsed="0.000175"/>
</kw>
<kw name="List Should Contain Value" owner="Collections">
<arg>${allowed_titles}</arg>
<arg>${name_title}</arg>
<doc>Fails if the ``value`` is not found from ``list``.</doc>
<status status="PASS" start="2024-06-22T12:26:19.584138" elapsed="0.000177"/>
</kw>
<kw name="Set Variable" owner="BuiltIn">
<msg time="2024-06-22T12:26:19.584864" level="INFO">${name_country} = IN</msg>
<var>${name_country}</var>
<arg>${json_data["results"][0]["nat"]}</arg>
<doc>Returns the given values which can then be assigned to a variables.</doc>
<status status="PASS" start="2024-06-22T12:26:19.584490" elapsed="0.000399"/>
</kw>
<kw name="Create List" owner="BuiltIn">
<msg time="2024-06-22T12:26:19.585773" level="INFO">${list_country} = ['AD', 'AE', 'AF', 'AG', 'AI', 'AL', 'AM', 'AO', 'AQ', 'AR', 'AS', 'AT', 'AU', 'AW', 'AX', 'AZ', 'BA', 'BB', 'BD', 'BE', 'BF', 'BG', 'BH', 'BI', 'BJ', 'BL', 'BM', 'BN', 'BO', 'BQ', 'BR', 'BS', 'BT', '...</msg>
<var>${list_country}</var>
<arg>AD</arg>
<arg>AE</arg>
<arg>AF</arg>
<arg>AG</arg>
<arg>AI</arg>
<arg>AL</arg>
<arg>AM</arg>
<arg>AO</arg>
<arg>AQ</arg>
<arg>AR</arg>
<arg>AS</arg>
<arg>AT</arg>
<arg>AU</arg>
<arg>AW</arg>
<arg>AX</arg>
<arg>AZ</arg>
<arg>BA</arg>
<arg>BB</arg>
<arg>BD</arg>
<arg>BE</arg>
<arg>BF</arg>
<arg>BG</arg>
<arg>BH</arg>
<arg>BI</arg>
<arg>BJ</arg>
<arg>BL</arg>
<arg>BM</arg>
<arg>BN</arg>
<arg>BO</arg>
<arg>BQ</arg>
<arg>BR</arg>
<arg>BS</arg>
<arg>BT</arg>
<arg>BV</arg>
<arg>BW</arg>
<arg>BY</arg>
<arg>BZ</arg>
<arg>CA</arg>
<arg>CC</arg>
<arg>CD</arg>
<arg>CF</arg>
<arg>CG</arg>
<arg>CH</arg>
<arg>CI</arg>
<arg>CK</arg>
<arg>CL</arg>
<arg>CM</arg>
<arg>CN</arg>
<arg>CO</arg>
<arg>CR</arg>
<arg>CU</arg>
<arg>CV</arg>
<arg>CW</arg>
<arg>CX</arg>
<arg>CY</arg>
<arg>CZ</arg>
<arg>DE</arg>
<arg>DJ</arg>
<arg>DK</arg>
<arg>DM</arg>
<arg>DO</arg>
<arg>DZ</arg>
<arg>EC</arg>
<arg>EE</arg>
<arg>EG</arg>
<arg>EH</arg>
<arg>ER</arg>
<arg>ES</arg>
<arg>ET</arg>
<arg>FI</arg>
<arg>FJ</arg>
<arg>FK</arg>
<arg>FM</arg>
<arg>FO</arg>
<arg>FR</arg>
<arg>GA</arg>
<arg>GB</arg>
<arg>GD</arg>
<arg>GE</arg>
<arg>GF</arg>
<arg>GG</arg>
<arg>GH</arg>
<arg>GI</arg>
<arg>GL</arg>
<arg>GM</arg>
<arg>GN</arg>
<arg>GP</arg>
<arg>GQ</arg>
<arg>GR</arg>
<arg>GS</arg>
<arg>GT</arg>
<arg>GU</arg>
<arg>GW</arg>
<arg>GY</arg>
<arg>HK</arg>
<arg>HM</arg>
<arg>HN</arg>
<arg>HR</arg>
<arg>HT</arg>
<arg>HU</arg>
<arg>ID</arg>
<arg>IE</arg>
<arg>IL</arg>
<arg>IM</arg>
<arg>IN</arg>
<arg>IO</arg>
<arg>IQ</arg>
<arg>IR</arg>
<arg>IS</arg>
<arg>IT</arg>
<arg>JE</arg>
<arg>JM</arg>
<arg>JO</arg>
<arg>JP</arg>
<arg>KE</arg>
<arg>KG</arg>
<arg>KH</arg>
<arg>KI</arg>
<arg>KM</arg>
<arg>KN</arg>
<arg>KP</arg>
<arg>KR</arg>
<arg>KW</arg>
<arg>KY</arg>
<arg>KZ</arg>
<arg>LA</arg>
<arg>LB</arg>
<arg>LC</arg>
<arg>LI</arg>
<arg>LK</arg>
<arg>LR</arg>
<arg>LS</arg>
<arg>LT</arg>
<arg>LU</arg>
<arg>LV</arg>
<arg>LY</arg>
<arg>MA</arg>
<arg>MC</arg>
<arg>MD</arg>
<arg>ME</arg>
<arg>MF</arg>
<arg>MG</arg>
<arg>MH</arg>
<arg>MK</arg>
<arg>ML</arg>
<arg>MM</arg>
<arg>MN</arg>
<arg>MO</arg>
<arg>MP</arg>
<arg>MQ</arg>
<arg>MR</arg>
<arg>MS</arg>
<arg>MT</arg>
<arg>MU</arg>
<arg>MV</arg>
<arg>MW</arg>
<arg>MX</arg>
<arg>MY</arg>
<arg>MZ</arg>
<arg>NA</arg>
<arg>NC</arg>
<arg>NE</arg>
<arg>NF</arg>
<arg>NG</arg>
<arg>NI</arg>
<arg>NL</arg>
<arg>NO</arg>
<arg>NP</arg>
<arg>NR</arg>
<arg>NU</arg>
<arg>NZ</arg>
<arg>OM</arg>
<arg>PA</arg>
<arg>PE</arg>
<arg>PF</arg>
<arg>PG</arg>
<arg>PH</arg>
<arg>PK</arg>
<arg>PL</arg>
<arg>PM</arg>
<arg>PN</arg>
<arg>PR</arg>
<arg>PS</arg>
<arg>PT</arg>
<arg>PW</arg>
<arg>PY</arg>
<arg>QA</arg>
<arg>RE</arg>
<arg>RO</arg>
<arg>RS</arg>
<arg>RU</arg>
<arg>RW</arg>
<arg>SA</arg>
<arg>SB</arg>
<arg>SC</arg>
<arg>SD</arg>
<arg>SE</arg>
<arg>SG</arg>
<arg>SH</arg>
<arg>SI</arg>
<arg>SJ</arg>
<arg>SK</arg>
<arg>SL</arg>
<arg>SM</arg>
<arg>SN</arg>
<arg>SO</arg>
<arg>SR</arg>
<arg>SS</arg>
<arg>ST</arg>
<arg>SV</arg>
<arg>SX</arg>
<arg>SY</arg>
<arg>SZ</arg>
<arg>TC</arg>
<arg>TD</arg>
<arg>TF</arg>
<arg>TG</arg>
<arg>TH</arg>
<arg>TJ</arg>
<arg>TK</arg>
<arg>TL</arg>
<arg>TM</arg>
<arg>TN</arg>
<arg>TO</arg>
<arg>TR</arg>
<arg>TT</arg>
<arg>TV</arg>
<arg>TW</arg>
<arg>TZ</arg>
<arg>UA</arg>
<arg>UG</arg>
<arg>UM</arg>
<arg>US</arg>
<arg>UY</arg>
<arg>UZ</arg>
<arg>VA</arg>
<arg>VC</arg>
<arg>VE</arg>
<arg>VG</arg>
<arg>VI</arg>
<arg>VN</arg>
<arg>VU</arg>
<arg>WF</arg>
<arg>WS</arg>
<arg>XK</arg>
<arg>YE</arg>
<arg>YT</arg>
<arg>ZA</arg>
<arg>ZM</arg>
<arg>ZW</arg>
<doc>Returns a list containing given items.</doc>
<status status="PASS" start="2024-06-22T12:26:19.585174" elapsed="0.000624"/>
</kw>
<kw name="List Should Contain Value" owner="Collections">
<arg>${list_country}</arg>
<arg>${name_country}</arg>
<doc>Fails if the ``value`` is not found from ``list``.</doc>
<status status="PASS" start="2024-06-22T12:26:19.586590" elapsed="0.000240"/>
</kw>
<kw name="Run Keyword If" owner="BuiltIn">
<kw name="Should Be True" owner="BuiltIn">
<arg>${True}</arg>
<doc>Fails if the given condition is not true.</doc>
<status status="PASS" start="2024-06-22T12:26:19.587807" elapsed="0.000141"/>
</kw>
<arg>${json_data["results"][0]["location"]["coordinates"]["latitude"]} &gt;= -90 and ${json_data["results"][0]["location"]["coordinates"]["latitude"]} &lt;= 90</arg>
<arg>Should Be True</arg>
<arg>${True}</arg>
<doc>Runs the given keyword with the given arguments, if ``condition`` is true.</doc>
<status status="PASS" start="2024-06-22T12:26:19.587046" elapsed="0.001023"/>
</kw>
<kw name="Run Keyword If" owner="BuiltIn">
<kw name="Should Be True" owner="BuiltIn">
<arg>${True}</arg>
<doc>Fails if the given condition is not true.</doc>
<status status="PASS" start="2024-06-22T12:26:19.588941" elapsed="0.000296"/>
</kw>
<arg>${json_data["results"][0]["location"]["coordinates"]["longitude"]} &gt;= -180 and ${json_data["results"][0]["location"]["coordinates"]["longitude"]} &lt;= 180</arg>
<arg>Should Be True</arg>
<arg>${True}</arg>
<doc>Runs the given keyword with the given arguments, if ``condition`` is true.</doc>
<status status="PASS" start="2024-06-22T12:26:19.588251" elapsed="0.001114"/>
</kw>
<status status="PASS" start="2024-06-22T12:26:19.484388" elapsed="0.105110"/>
</kw>
<doc>Testa o conteúdo específico dos campos retornados pela API.</doc>
<tag>testeConteudo</tag>
<status status="PASS" start="2024-06-22T12:26:19.483912" elapsed="0.105739"/>
</test>
<status status="PASS" start="2024-06-22T12:26:18.644494" elapsed="0.947163"/>
</suite>
<status status="PASS" start="2024-06-22T12:26:18.629919" elapsed="0.966871"/>
</suite>
<statistics>
<total>
<stat pass="5" fail="0" skip="0">All Tests</stat>
</total>
<tag>
<stat pass="1" fail="0" skip="0">testeConteudo</stat>
<stat pass="1" fail="0" skip="0">testeEstruturaResposta</stat>
<stat pass="1" fail="0" skip="0">testeRequisicaoBasica</stat>
<stat pass="1" fail="0" skip="0">testeTiposDados</stat>
</tag>
<suite>
<stat pass="5" fail="0" skip="0" id="s1" name="Tests">Tests</stat>
<stat pass="5" fail="0" skip="0" id="s1-s1" name="Random-User-Test">Tests.Random-User-Test</stat>
</suite>
</statistics>
<errors>
</errors>
</robot>
