<?xml version="1.0" encoding="UTF-8"?>
<robot generator="Robot 7.0 (Python 3.12.2 on linux)" generated="2024-03-21T03:15:46.033044" rpa="false" schemaversion="5">
<suite id="s1" name="Tests" source="/home/runner/work/DesafioQA---Itau---Rogerio-Jordao/DesafioQA---Itau---Rogerio-Jordao/DesafioQA - Itau - Rogerio Jordao/tests">
<suite id="s1-s1" name="Random-User-Test" source="/home/runner/work/DesafioQA---Itau---Rogerio-Jordao/DesafioQA---Itau---Rogerio-Jordao/DesafioQA - Itau - Rogerio Jordao/tests/random-user-test.robot">
<test id="s1-s1-t1" name="Conectar" line="24">
<kw name="Conectar API">
<kw name="Create Session" owner="RequestsLibrary">
<msg time="2024-03-21T03:15:46.370975" level="INFO">Creating Session using : alias=consultarAPI, url=https://randomuser.me/, headers={},                     cookies={}, auth=None, timeout=None, proxies=None, verify=False,                     debug=0 </msg>
<arg>consultarAPI</arg>
<arg>${URL}</arg>
<doc>Create Session: create a HTTP session to a server</doc>
<status status="PASS" start="2024-03-21T03:15:46.370769" elapsed="0.000403"/>
</kw>
<status status="PASS" start="2024-03-21T03:15:46.369845" elapsed="0.001716"/>
</kw>
<status status="PASS" start="2024-03-21T03:15:46.369263" elapsed="0.002499"/>
</test>
<test id="s1-s1-t2" name="Validar retorno 200 e JSON Válido" line="27">
<kw name="Teste de Requisicao Basica">
<kw name="GET On Session" owner="RequestsLibrary">
<msg time="2024-03-21T03:15:46.606199" level="INFO">GET Request : url=https://randomuser.me/api 
 path_url=/api 
 headers={'User-Agent': 'python-requests/2.31.0', 'Accept-Encoding': 'gzip, deflate', 'Accept': '*/*', 'Connection': 'keep-alive'} 
 body=None 
 </msg>
<msg time="2024-03-21T03:15:46.606366" level="INFO">GET Response : url=https://randomuser.me/api 
 status=200, reason=OK 
 headers={'Date': 'Thu, 21 Mar 2024 03:15:46 GMT', 'Content-Type': 'application/json; charset=utf-8', 'Transfer-Encoding': 'chunked', 'Connection': 'keep-alive', 'X-Powered-By': 'Express', 'Access-Control-Allow-Origin': '*', 'Cache-Control': 'no-cache', 'ETag': 'W/"49b-sizZGqksz5wUMjUCcd4ROPzsqrQ"', 'Vary': 'Accept-Encoding', 'Content-Encoding': 'gzip', 'CF-Cache-Status': 'DYNAMIC', 'Report-To': '{"endpoints":[{"url":"https:\\/\\/a.nel.cloudflare.com\\/report\\/v4?s=wrEhSuchD4EQAwYxnz%2Bw0AW9Ufvm4Sp0QVa%2FvTwDiCHmaOzNl1PcD4SQXki0O17gk8v6gPHF%2FDIOp45RyKa1PSm4i4L8hboGaSQTxfHnxtpL7HP3n8niZWIHG9vFcUXX"}],"group":"cf-nel","max_age":604800}', 'NEL': '{"success_fraction":0,"report_to":"cf-nel","max_age":604800}', 'Server': 'cloudflare', 'CF-RAY': '867ac787fdc01187-ORD', 'alt-svc': 'h3=":443"; ma=86400'} 
 body={"results":[{"gender":"male","name":{"title":"Mr","first":"Keith","last":"Moreno"},"location":{"street":{"number":2726,"name":"Camden Ave"},"city":"Eugene","state":"South Carolina","country":"United States","postcode":62817,"coordinates":{"latitude":"83.3690","longitude":"-38.3965"},"timezone":{"offset":"+5:00","description":"Ekaterinburg, Islamabad, Karachi, Tashkent"}},"email":"keith.moreno@example.com","login":{"uuid":"99a414c9-2c9c-4a82-b8c6-39ef5739f664","username":"smallgoose313","password":"lagnaf","salt":"kXLYPHkB","md5":"f0fb259deb07408030ac413b6b126eaa","sha1":"c4cca2d44b7ad314c42cf6a4bfbaae283763d3b8","sha256":"76fe2ea0d08ac8d067af1abef89610655c25980794bcb6e5f63691c560398272"},"dob":{"date":"1976-09-28T07:42:42.744Z","age":47},"registered":{"date":"2021-01-08T02:10:50.806Z","age":3},"phone":"(441) 694-3264","cell":"(330) 570-5773","id":{"name":"SSN","value":"754-29-9284"},"picture":{"large":"https://randomuser.me/api/portraits/men/97.jpg","medium":"https://randomuser.me/api/portraits/med/men/97.jpg","thumbnail":"https://randomuser.me/api/portraits/thumb/men/97.jpg"},"nat":"US"}],"info":{"seed":"6241632b314f85fd","results":1,"page":1,"version":"1.4"}} 
 </msg>
<msg time="2024-03-21T03:15:46.606682" level="INFO">/opt/hostedtoolcache/Python/3.12.2/x64/lib/python3.12/site-packages/urllib3/connectionpool.py:1103: InsecureRequestWarning: Unverified HTTPS request is being made to host 'randomuser.me'. Adding certificate verification is strongly advised. See: https://urllib3.readthedocs.io/en/latest/advanced-usage.html#tls-warnings
  warnings.warn(</msg>
<msg time="2024-03-21T03:15:46.606830" level="INFO">${response} = &lt;Response [200]&gt;</msg>
<var>${response}</var>
<arg>consultarAPI</arg>
<arg>/api</arg>
<doc>Sends a GET request on a previously created HTTP Session.</doc>
<status status="PASS" start="2024-03-21T03:15:46.374430" elapsed="0.232441"/>
</kw>
<kw name="Should Be Equal As Numbers" owner="BuiltIn">
<msg time="2024-03-21T03:15:46.607819" level="INFO">Argument types are:
&lt;class 'int'&gt;
&lt;class 'str'&gt;</msg>
<arg>${response.status_code}</arg>
<arg>200</arg>
<doc>Fails if objects are unequal after converting them to real numbers.</doc>
<status status="PASS" start="2024-03-21T03:15:46.607368" elapsed="0.000531"/>
</kw>
<kw name="Log" owner="BuiltIn">
<msg time="2024-03-21T03:15:46.608618" level="INFO">200</msg>
<arg>${response.status_code}</arg>
<doc>Logs the given message with the given level.</doc>
<status status="PASS" start="2024-03-21T03:15:46.608221" elapsed="0.000441"/>
</kw>
<kw name="Set Variable" owner="BuiltIn">
<msg time="2024-03-21T03:15:46.609420" level="INFO">${json_data} = {'results': [{'gender': 'male', 'name': {'title': 'Mr', 'first': 'Keith', 'last': 'Moreno'}, 'location': {'street': {'number': 2726, 'name': 'Camden Ave'}, 'city': 'Eugene', 'state': 'South Carolina',...</msg>
<var>${json_data}</var>
<arg>${response.json()}</arg>
<doc>Returns the given values which can then be assigned to a variables.</doc>
<status status="PASS" start="2024-03-21T03:15:46.608970" elapsed="0.000480"/>
</kw>
<kw name="Dictionary Should Contain Key" owner="Collections">
<msg time="2024-03-21T03:15:46.609923" level="INFO">False</msg>
<arg>${json_data}</arg>
<arg>results</arg>
<doc>Fails if ``key`` is not found from ``dictionary``.</doc>
<status status="PASS" start="2024-03-21T03:15:46.609753" elapsed="0.000210"/>
</kw>
<status status="PASS" start="2024-03-21T03:15:46.374186" elapsed="0.236041"/>
</kw>
<doc>Testa se a API responde corretamente e retorna um objeto JSON válido.</doc>
<tag>testeRequisicaoBasica</tag>
<status status="PASS" start="2024-03-21T03:15:46.373652" elapsed="0.236771"/>
</test>
<test id="s1-s1-t3" name="Validar estrutura de resposta" line="33">
<kw name="Teste de Estrutura de Resposta">
<kw name="GET On Session" owner="RequestsLibrary">
<msg time="2024-03-21T03:15:46.705779" level="INFO">GET Request : url=https://randomuser.me/api 
 path_url=/api 
 headers={'User-Agent': 'python-requests/2.31.0', 'Accept-Encoding': 'gzip, deflate', 'Accept': '*/*', 'Connection': 'keep-alive'} 
 body=None 
 </msg>
<msg time="2024-03-21T03:15:46.705847" level="INFO">GET Response : url=https://randomuser.me/api 
 status=200, reason=OK 
 headers={'Date': 'Thu, 21 Mar 2024 03:15:46 GMT', 'Content-Type': 'application/json; charset=utf-8', 'Transfer-Encoding': 'chunked', 'Connection': 'keep-alive', 'X-Powered-By': 'Express', 'Access-Control-Allow-Origin': '*', 'Cache-Control': 'no-cache', 'ETag': 'W/"48f-BDEY37j8h2i1fMRs6hBOWOciCpM"', 'Vary': 'Accept-Encoding', 'Content-Encoding': 'gzip', 'CF-Cache-Status': 'DYNAMIC', 'Report-To': '{"endpoints":[{"url":"https:\\/\\/a.nel.cloudflare.com\\/report\\/v4?s=pPv2lfCuaSgDXnY9HIshB04CkuqybIlDQ76klG575ogbrfxVa9KcRcTmqC%2Bn%2FSmpcJZcFQbJjUQrDH13fE%2BGrZzVwl6AsFPAF9gYomLGhCqShHvdl5QH%2BYvCN%2FHYIPJZ"}],"group":"cf-nel","max_age":604800}', 'NEL': '{"success_fraction":0,"report_to":"cf-nel","max_age":604800}', 'Server': 'cloudflare', 'CF-RAY': '867ac7884e3d1187-ORD', 'alt-svc': 'h3=":443"; ma=86400'} 
 body={"results":[{"gender":"female","name":{"title":"Ms","first":"Kimberly","last":"Ortiz"},"location":{"street":{"number":424,"name":"Grove Road"},"city":"Derby","state":"Borders","country":"United Kingdom","postcode":"P1 5XS","coordinates":{"latitude":"-7.6624","longitude":"16.1739"},"timezone":{"offset":"-7:00","description":"Mountain Time (US &amp; Canada)"}},"email":"kimberly.ortiz@example.com","login":{"uuid":"9ae20340-5b22-414f-a02c-840119643cc9","username":"silverlion362","password":"benny1","salt":"Rikgr0Aa","md5":"2f844ff10185744cf0fbf2dec17e183f","sha1":"340a0dcd50478e84be54e993167f7de58e5ec5c2","sha256":"3050efae2512f776aa7dc956e2358f94d7f255ba242dc19818ce13e220d79b0b"},"dob":{"date":"1945-07-28T21:55:30.344Z","age":78},"registered":{"date":"2004-01-10T19:17:59.573Z","age":20},"phone":"015242 49796","cell":"07435 825809","id":{"name":"NINO","value":"CS 89 94 81 B"},"picture":{"large":"https://randomuser.me/api/portraits/women/7.jpg","medium":"https://randomuser.me/api/portraits/med/women/7.jpg","thumbnail":"https://randomuser.me/api/portraits/thumb/women/7.jpg"},"nat":"GB"}],"info":{"seed":"69d77035c1b97353","results":1,"page":1,"version":"1.4"}} 
 </msg>
<msg time="2024-03-21T03:15:46.705980" level="INFO">/opt/hostedtoolcache/Python/3.12.2/x64/lib/python3.12/site-packages/urllib3/connectionpool.py:1103: InsecureRequestWarning: Unverified HTTPS request is being made to host 'randomuser.me'. Adding certificate verification is strongly advised. See: https://urllib3.readthedocs.io/en/latest/advanced-usage.html#tls-warnings
  warnings.warn(</msg>
<msg time="2024-03-21T03:15:46.706122" level="INFO">${response} = &lt;Response [200]&gt;</msg>
<var>${response}</var>
<arg>consultarAPI</arg>
<arg>/api</arg>
<doc>Sends a GET request on a previously created HTTP Session.</doc>
<status status="PASS" start="2024-03-21T03:15:46.613027" elapsed="0.093142"/>
</kw>
<kw name="Set Variable" owner="BuiltIn">
<msg time="2024-03-21T03:15:46.707352" level="INFO">${json_data} = {'results': [{'gender': 'female', 'name': {'title': 'Ms', 'first': 'Kimberly', 'last': 'Ortiz'}, 'location': {'street': {'number': 424, 'name': 'Grove Road'}, 'city': 'Derby', 'state': 'Borders', 'cou...</msg>
<var>${json_data}</var>
<arg>${response.json()}</arg>
<doc>Returns the given values which can then be assigned to a variables.</doc>
<status status="PASS" start="2024-03-21T03:15:46.706664" elapsed="0.000733"/>
</kw>
<kw name="Log" owner="BuiltIn">
<msg time="2024-03-21T03:15:46.707991" level="INFO">{'results': [{'gender': 'female', 'name': {'title': 'Ms', 'first': 'Kimberly', 'last': 'Ortiz'}, 'location': {'street': {'number': 424, 'name': 'Grove Road'}, 'city': 'Derby', 'state': 'Borders', 'country': 'United Kingdom', 'postcode': 'P1 5XS', 'coordinates': {'latitude': '-7.6624', 'longitude': '16.1739'}, 'timezone': {'offset': '-7:00', 'description': 'Mountain Time (US &amp; Canada)'}}, 'email': 'kimberly.ortiz@example.com', 'login': {'uuid': '9ae20340-5b22-414f-a02c-840119643cc9', 'username': 'silverlion362', 'password': 'benny1', 'salt': 'Rikgr0Aa', 'md5': '2f844ff10185744cf0fbf2dec17e183f', 'sha1': '340a0dcd50478e84be54e993167f7de58e5ec5c2', 'sha256': '3050efae2512f776aa7dc956e2358f94d7f255ba242dc19818ce13e220d79b0b'}, 'dob': {'date': '1945-07-28T21:55:30.344Z', 'age': 78}, 'registered': {'date': '2004-01-10T19:17:59.573Z', 'age': 20}, 'phone': '015242 49796', 'cell': '07435 825809', 'id': {'name': 'NINO', 'value': 'CS 89 94 81 B'}, 'picture': {'large': 'https://randomuser.me/api/portraits/women/7.jpg', 'medium': 'https://randomuser.me/api/portraits/med/women/7.jpg', 'thumbnail': 'https://randomuser.me/api/portraits/thumb/women/7.jpg'}, 'nat': 'GB'}], 'info': {'seed': '69d77035c1b97353', 'results': 1, 'page': 1, 'version': '1.4'}}</msg>
<arg>${json_data}</arg>
<doc>Logs the given message with the given level.</doc>
<status status="PASS" start="2024-03-21T03:15:46.707827" elapsed="0.000215"/>
</kw>
<kw name="Dictionary Should Contain Key" owner="Collections">
<msg time="2024-03-21T03:15:46.708539" level="INFO">False</msg>
<arg>${json_data}</arg>
<arg>results</arg>
<doc>Fails if ``key`` is not found from ``dictionary``.</doc>
<status status="PASS" start="2024-03-21T03:15:46.708344" elapsed="0.000234"/>
</kw>
<kw name="Should Not Be Empty" owner="BuiltIn">
<msg time="2024-03-21T03:15:46.709024" level="INFO">Length is 2.</msg>
<arg>${json_data}</arg>
<doc>Verifies that the given item is not empty.</doc>
<status status="PASS" start="2024-03-21T03:15:46.708871" elapsed="0.000193"/>
</kw>
<kw name="Create List" owner="BuiltIn">
<msg time="2024-03-21T03:15:46.709500" level="INFO">${expected_keys} = ['gender', 'name', 'location', 'email', 'login']</msg>
<var>${expected_keys}</var>
<arg>gender</arg>
<arg>name</arg>
<arg>location</arg>
<arg>email</arg>
<arg>login</arg>
<doc>Returns a list containing given items.</doc>
<status status="PASS" start="2024-03-21T03:15:46.709351" elapsed="0.000174"/>
</kw>
<for flavor="IN">
<iter>
<kw name="Dictionary Should Contain Key" owner="Collections">
<msg time="2024-03-21T03:15:46.710508" level="INFO">False</msg>
<arg>${json_data['results'][0]}</arg>
<arg>${key}</arg>
<doc>Fails if ``key`` is not found from ``dictionary``.</doc>
<status status="PASS" start="2024-03-21T03:15:46.710105" elapsed="0.000443"/>
</kw>
<kw name="Log" owner="BuiltIn">
<msg time="2024-03-21T03:15:46.711247" level="INFO">{'gender': 'female', 'name': {'title': 'Ms', 'first': 'Kimberly', 'last': 'Ortiz'}, 'location': {'street': {'number': 424, 'name': 'Grove Road'}, 'city': 'Derby', 'state': 'Borders', 'country': 'United Kingdom', 'postcode': 'P1 5XS', 'coordinates': {'latitude': '-7.6624', 'longitude': '16.1739'}, 'timezone': {'offset': '-7:00', 'description': 'Mountain Time (US &amp; Canada)'}}, 'email': 'kimberly.ortiz@example.com', 'login': {'uuid': '9ae20340-5b22-414f-a02c-840119643cc9', 'username': 'silverlion362', 'password': 'benny1', 'salt': 'Rikgr0Aa', 'md5': '2f844ff10185744cf0fbf2dec17e183f', 'sha1': '340a0dcd50478e84be54e993167f7de58e5ec5c2', 'sha256': '3050efae2512f776aa7dc956e2358f94d7f255ba242dc19818ce13e220d79b0b'}, 'dob': {'date': '1945-07-28T21:55:30.344Z', 'age': 78}, 'registered': {'date': '2004-01-10T19:17:59.573Z', 'age': 20}, 'phone': '015242 49796', 'cell': '07435 825809', 'id': {'name': 'NINO', 'value': 'CS 89 94 81 B'}, 'picture': {'large': 'https://randomuser.me/api/portraits/women/7.jpg', 'medium': 'https://randomuser.me/api/portraits/med/women/7.jpg', 'thumbnail': 'https://randomuser.me/api/portraits/thumb/women/7.jpg'}, 'nat': 'GB'}</msg>
<arg>${json_data['results'][0]}</arg>
<doc>Logs the given message with the given level.</doc>
<status status="PASS" start="2024-03-21T03:15:46.710861" elapsed="0.000436"/>
</kw>
<kw name="Log" owner="BuiltIn">
<msg time="2024-03-21T03:15:46.711727" level="INFO">gender</msg>
<arg>${key}</arg>
<doc>Logs the given message with the given level.</doc>
<status status="PASS" start="2024-03-21T03:15:46.711596" elapsed="0.000169"/>
</kw>
<var name="${key}">gender</var>
<status status="PASS" start="2024-03-21T03:15:46.709978" elapsed="0.002006"/>
</iter>
<iter>
<kw name="Dictionary Should Contain Key" owner="Collections">
<msg time="2024-03-21T03:15:46.712707" level="INFO">False</msg>
<arg>${json_data['results'][0]}</arg>
<arg>${key}</arg>
<doc>Fails if ``key`` is not found from ``dictionary``.</doc>
<status status="PASS" start="2024-03-21T03:15:46.712280" elapsed="0.000467"/>
</kw>
<kw name="Log" owner="BuiltIn">
<msg time="2024-03-21T03:15:46.713429" level="INFO">{'gender': 'female', 'name': {'title': 'Ms', 'first': 'Kimberly', 'last': 'Ortiz'}, 'location': {'street': {'number': 424, 'name': 'Grove Road'}, 'city': 'Derby', 'state': 'Borders', 'country': 'United Kingdom', 'postcode': 'P1 5XS', 'coordinates': {'latitude': '-7.6624', 'longitude': '16.1739'}, 'timezone': {'offset': '-7:00', 'description': 'Mountain Time (US &amp; Canada)'}}, 'email': 'kimberly.ortiz@example.com', 'login': {'uuid': '9ae20340-5b22-414f-a02c-840119643cc9', 'username': 'silverlion362', 'password': 'benny1', 'salt': 'Rikgr0Aa', 'md5': '2f844ff10185744cf0fbf2dec17e183f', 'sha1': '340a0dcd50478e84be54e993167f7de58e5ec5c2', 'sha256': '3050efae2512f776aa7dc956e2358f94d7f255ba242dc19818ce13e220d79b0b'}, 'dob': {'date': '1945-07-28T21:55:30.344Z', 'age': 78}, 'registered': {'date': '2004-01-10T19:17:59.573Z', 'age': 20}, 'phone': '015242 49796', 'cell': '07435 825809', 'id': {'name': 'NINO', 'value': 'CS 89 94 81 B'}, 'picture': {'large': 'https://randomuser.me/api/portraits/women/7.jpg', 'medium': 'https://randomuser.me/api/portraits/med/women/7.jpg', 'thumbnail': 'https://randomuser.me/api/portraits/thumb/women/7.jpg'}, 'nat': 'GB'}</msg>
<arg>${json_data['results'][0]}</arg>
<doc>Logs the given message with the given level.</doc>
<status status="PASS" start="2024-03-21T03:15:46.713068" elapsed="0.000410"/>
</kw>
<kw name="Log" owner="BuiltIn">
<msg time="2024-03-21T03:15:46.713898" level="INFO">name</msg>
<arg>${key}</arg>
<doc>Logs the given message with the given level.</doc>
<status status="PASS" start="2024-03-21T03:15:46.713772" elapsed="0.000165"/>
</kw>
<var name="${key}">name</var>
<status status="PASS" start="2024-03-21T03:15:46.712173" elapsed="0.001980"/>
</iter>
<iter>
<kw name="Dictionary Should Contain Key" owner="Collections">
<msg time="2024-03-21T03:15:46.714820" level="INFO">False</msg>
<arg>${json_data['results'][0]}</arg>
<arg>${key}</arg>
<doc>Fails if ``key`` is not found from ``dictionary``.</doc>
<status status="PASS" start="2024-03-21T03:15:46.714441" elapsed="0.000528"/>
</kw>
<kw name="Log" owner="BuiltIn">
<msg time="2024-03-21T03:15:46.715628" level="INFO">{'gender': 'female', 'name': {'title': 'Ms', 'first': 'Kimberly', 'last': 'Ortiz'}, 'location': {'street': {'number': 424, 'name': 'Grove Road'}, 'city': 'Derby', 'state': 'Borders', 'country': 'United Kingdom', 'postcode': 'P1 5XS', 'coordinates': {'latitude': '-7.6624', 'longitude': '16.1739'}, 'timezone': {'offset': '-7:00', 'description': 'Mountain Time (US &amp; Canada)'}}, 'email': 'kimberly.ortiz@example.com', 'login': {'uuid': '9ae20340-5b22-414f-a02c-840119643cc9', 'username': 'silverlion362', 'password': 'benny1', 'salt': 'Rikgr0Aa', 'md5': '2f844ff10185744cf0fbf2dec17e183f', 'sha1': '340a0dcd50478e84be54e993167f7de58e5ec5c2', 'sha256': '3050efae2512f776aa7dc956e2358f94d7f255ba242dc19818ce13e220d79b0b'}, 'dob': {'date': '1945-07-28T21:55:30.344Z', 'age': 78}, 'registered': {'date': '2004-01-10T19:17:59.573Z', 'age': 20}, 'phone': '015242 49796', 'cell': '07435 825809', 'id': {'name': 'NINO', 'value': 'CS 89 94 81 B'}, 'picture': {'large': 'https://randomuser.me/api/portraits/women/7.jpg', 'medium': 'https://randomuser.me/api/portraits/med/women/7.jpg', 'thumbnail': 'https://randomuser.me/api/portraits/thumb/women/7.jpg'}, 'nat': 'GB'}</msg>
<arg>${json_data['results'][0]}</arg>
<doc>Logs the given message with the given level.</doc>
<status status="PASS" start="2024-03-21T03:15:46.715266" elapsed="0.000412"/>
</kw>
<kw name="Log" owner="BuiltIn">
<msg time="2024-03-21T03:15:46.716095" level="INFO">location</msg>
<arg>${key}</arg>
<doc>Logs the given message with the given level.</doc>
<status status="PASS" start="2024-03-21T03:15:46.715968" elapsed="0.000166"/>
</kw>
<var name="${key}">location</var>
<status status="PASS" start="2024-03-21T03:15:46.714333" elapsed="0.002017"/>
</iter>
<iter>
<kw name="Dictionary Should Contain Key" owner="Collections">
<msg time="2024-03-21T03:15:46.717056" level="INFO">False</msg>
<arg>${json_data['results'][0]}</arg>
<arg>${key}</arg>
<doc>Fails if ``key`` is not found from ``dictionary``.</doc>
<status status="PASS" start="2024-03-21T03:15:46.716678" elapsed="0.000416"/>
</kw>
<kw name="Log" owner="BuiltIn">
<msg time="2024-03-21T03:15:46.717763" level="INFO">{'gender': 'female', 'name': {'title': 'Ms', 'first': 'Kimberly', 'last': 'Ortiz'}, 'location': {'street': {'number': 424, 'name': 'Grove Road'}, 'city': 'Derby', 'state': 'Borders', 'country': 'United Kingdom', 'postcode': 'P1 5XS', 'coordinates': {'latitude': '-7.6624', 'longitude': '16.1739'}, 'timezone': {'offset': '-7:00', 'description': 'Mountain Time (US &amp; Canada)'}}, 'email': 'kimberly.ortiz@example.com', 'login': {'uuid': '9ae20340-5b22-414f-a02c-840119643cc9', 'username': 'silverlion362', 'password': 'benny1', 'salt': 'Rikgr0Aa', 'md5': '2f844ff10185744cf0fbf2dec17e183f', 'sha1': '340a0dcd50478e84be54e993167f7de58e5ec5c2', 'sha256': '3050efae2512f776aa7dc956e2358f94d7f255ba242dc19818ce13e220d79b0b'}, 'dob': {'date': '1945-07-28T21:55:30.344Z', 'age': 78}, 'registered': {'date': '2004-01-10T19:17:59.573Z', 'age': 20}, 'phone': '015242 49796', 'cell': '07435 825809', 'id': {'name': 'NINO', 'value': 'CS 89 94 81 B'}, 'picture': {'large': 'https://randomuser.me/api/portraits/women/7.jpg', 'medium': 'https://randomuser.me/api/portraits/med/women/7.jpg', 'thumbnail': 'https://randomuser.me/api/portraits/thumb/women/7.jpg'}, 'nat': 'GB'}</msg>
<arg>${json_data['results'][0]}</arg>
<doc>Logs the given message with the given level.</doc>
<status status="PASS" start="2024-03-21T03:15:46.717393" elapsed="0.000418"/>
</kw>
<kw name="Log" owner="BuiltIn">
<msg time="2024-03-21T03:15:46.718221" level="INFO">email</msg>
<arg>${key}</arg>
<doc>Logs the given message with the given level.</doc>
<status status="PASS" start="2024-03-21T03:15:46.718096" elapsed="0.000162"/>
</kw>
<var name="${key}">email</var>
<status status="PASS" start="2024-03-21T03:15:46.716572" elapsed="0.001899"/>
</iter>
<iter>
<kw name="Dictionary Should Contain Key" owner="Collections">
<msg time="2024-03-21T03:15:46.719130" level="INFO">False</msg>
<arg>${json_data['results'][0]}</arg>
<arg>${key}</arg>
<doc>Fails if ``key`` is not found from ``dictionary``.</doc>
<status status="PASS" start="2024-03-21T03:15:46.718746" elapsed="0.000422"/>
</kw>
<kw name="Log" owner="BuiltIn">
<msg time="2024-03-21T03:15:46.719822" level="INFO">{'gender': 'female', 'name': {'title': 'Ms', 'first': 'Kimberly', 'last': 'Ortiz'}, 'location': {'street': {'number': 424, 'name': 'Grove Road'}, 'city': 'Derby', 'state': 'Borders', 'country': 'United Kingdom', 'postcode': 'P1 5XS', 'coordinates': {'latitude': '-7.6624', 'longitude': '16.1739'}, 'timezone': {'offset': '-7:00', 'description': 'Mountain Time (US &amp; Canada)'}}, 'email': 'kimberly.ortiz@example.com', 'login': {'uuid': '9ae20340-5b22-414f-a02c-840119643cc9', 'username': 'silverlion362', 'password': 'benny1', 'salt': 'Rikgr0Aa', 'md5': '2f844ff10185744cf0fbf2dec17e183f', 'sha1': '340a0dcd50478e84be54e993167f7de58e5ec5c2', 'sha256': '3050efae2512f776aa7dc956e2358f94d7f255ba242dc19818ce13e220d79b0b'}, 'dob': {'date': '1945-07-28T21:55:30.344Z', 'age': 78}, 'registered': {'date': '2004-01-10T19:17:59.573Z', 'age': 20}, 'phone': '015242 49796', 'cell': '07435 825809', 'id': {'name': 'NINO', 'value': 'CS 89 94 81 B'}, 'picture': {'large': 'https://randomuser.me/api/portraits/women/7.jpg', 'medium': 'https://randomuser.me/api/portraits/med/women/7.jpg', 'thumbnail': 'https://randomuser.me/api/portraits/thumb/women/7.jpg'}, 'nat': 'GB'}</msg>
<arg>${json_data['results'][0]}</arg>
<doc>Logs the given message with the given level.</doc>
<status status="PASS" start="2024-03-21T03:15:46.719460" elapsed="0.000409"/>
</kw>
<kw name="Log" owner="BuiltIn">
<msg time="2024-03-21T03:15:46.720282" level="INFO">login</msg>
<arg>${key}</arg>
<doc>Logs the given message with the given level.</doc>
<status status="PASS" start="2024-03-21T03:15:46.720157" elapsed="0.000164"/>
</kw>
<var name="${key}">login</var>
<status status="PASS" start="2024-03-21T03:15:46.718643" elapsed="0.001953"/>
</iter>
<var>${key}</var>
<value>@{expected_keys}</value>
<status status="PASS" start="2024-03-21T03:15:46.709783" elapsed="0.010940"/>
</for>
<kw name="Create List" owner="BuiltIn">
<msg time="2024-03-21T03:15:46.721055" level="INFO">${expected_keysTwo} = ['username', 'password']</msg>
<var>${expected_keysTwo}</var>
<arg>username</arg>
<arg>password</arg>
<doc>Returns a list containing given items.</doc>
<status status="PASS" start="2024-03-21T03:15:46.720918" elapsed="0.000161"/>
</kw>
<for flavor="IN">
<iter>
<kw name="Dictionary Should Contain Key" owner="Collections">
<msg time="2024-03-21T03:15:46.721974" level="INFO">False</msg>
<arg>${json_data['results'][0]['login']}</arg>
<arg>${keyTwo}</arg>
<doc>Fails if ``key`` is not found from ``dictionary``.</doc>
<status status="PASS" start="2024-03-21T03:15:46.721589" elapsed="0.000422"/>
</kw>
<kw name="Dictionary Should Contain Key" owner="Collections">
<msg time="2024-03-21T03:15:46.722680" level="INFO">False</msg>
<arg>${json_data['results'][0]['login']}</arg>
<arg>${keyTwo}</arg>
<doc>Fails if ``key`` is not found from ``dictionary``.</doc>
<status status="PASS" start="2024-03-21T03:15:46.722299" elapsed="0.000419"/>
</kw>
<kw name="Log" owner="BuiltIn">
<msg time="2024-03-21T03:15:46.723175" level="INFO">username</msg>
<arg>${keyTwo}</arg>
<doc>Logs the given message with the given level.</doc>
<status status="PASS" start="2024-03-21T03:15:46.722999" elapsed="0.000240"/>
</kw>
<var name="${keyTwo}">username</var>
<status status="PASS" start="2024-03-21T03:15:46.721468" elapsed="0.002096"/>
</iter>
<iter>
<kw name="Dictionary Should Contain Key" owner="Collections">
<msg time="2024-03-21T03:15:46.724257" level="INFO">False</msg>
<arg>${json_data['results'][0]['login']}</arg>
<arg>${keyTwo}</arg>
<doc>Fails if ``key`` is not found from ``dictionary``.</doc>
<status status="PASS" start="2024-03-21T03:15:46.723867" elapsed="0.000429"/>
</kw>
<kw name="Dictionary Should Contain Key" owner="Collections">
<msg time="2024-03-21T03:15:46.725008" level="INFO">False</msg>
<arg>${json_data['results'][0]['login']}</arg>
<arg>${keyTwo}</arg>
<doc>Fails if ``key`` is not found from ``dictionary``.</doc>
<status status="PASS" start="2024-03-21T03:15:46.724619" elapsed="0.000426"/>
</kw>
<kw name="Log" owner="BuiltIn">
<msg time="2024-03-21T03:15:46.725458" level="INFO">password</msg>
<arg>${keyTwo}</arg>
<doc>Logs the given message with the given level.</doc>
<status status="PASS" start="2024-03-21T03:15:46.725332" elapsed="0.000164"/>
</kw>
<var name="${keyTwo}">password</var>
<status status="PASS" start="2024-03-21T03:15:46.723760" elapsed="0.001951"/>
</iter>
<var>${keyTwo}</var>
<value>@{expected_keysTwo}</value>
<status status="PASS" start="2024-03-21T03:15:46.721316" elapsed="0.004518"/>
</for>
<status status="PASS" start="2024-03-21T03:15:46.612803" elapsed="0.113171"/>
</kw>
<doc>Testa a estrutura da resposta da API.</doc>
<tag>testeEstruturaResposta</tag>
<status status="PASS" start="2024-03-21T03:15:46.612282" elapsed="0.113843"/>
</test>
<test id="s1-s1-t4" name="Validar tipos de dados" line="39">
<kw name="Teste de Tipos de Dados">
<kw name="GET On Session" owner="RequestsLibrary">
<msg time="2024-03-21T03:15:46.843213" level="INFO">GET Request : url=https://randomuser.me/api 
 path_url=/api 
 headers={'User-Agent': 'python-requests/2.31.0', 'Accept-Encoding': 'gzip, deflate', 'Accept': '*/*', 'Connection': 'keep-alive'} 
 body=None 
 </msg>
<msg time="2024-03-21T03:15:46.843292" level="INFO">GET Response : url=https://randomuser.me/api 
 status=200, reason=OK 
 headers={'Date': 'Thu, 21 Mar 2024 03:15:46 GMT', 'Content-Type': 'application/json; charset=utf-8', 'Transfer-Encoding': 'chunked', 'Connection': 'keep-alive', 'X-Powered-By': 'Express', 'Access-Control-Allow-Origin': '*', 'Cache-Control': 'no-cache', 'ETag': 'W/"489-dMLahP6acDA59TM4CTBp8wXdH4o"', 'Vary': 'Accept-Encoding', 'Content-Encoding': 'gzip', 'CF-Cache-Status': 'DYNAMIC', 'Report-To': '{"endpoints":[{"url":"https:\\/\\/a.nel.cloudflare.com\\/report\\/v4?s=nQESFP4BtG0v8MwVjV9Z7pq4KExi6MLbOGkhCNCJA4PDW5nPZnZvVFf0RQb0XXbsEs19KoiQHuIq03vQSUPS945CLH0q7VPYuQroLzsSqYN6warmcOxzaGaYhqT0pqV9"}],"group":"cf-nel","max_age":604800}', 'NEL': '{"success_fraction":0,"report_to":"cf-nel","max_age":604800}', 'Server': 'cloudflare', 'CF-RAY': '867ac7890f6a1187-ORD', 'alt-svc': 'h3=":443"; ma=86400'} 
 body={"results":[{"gender":"male","name":{"title":"Mr","first":"Carl","last":"Olsen"},"location":{"street":{"number":3673,"name":"Lokesvej"},"city":"Hornbæk","state":"Midtjylland","country":"Denmark","postcode":23877,"coordinates":{"latitude":"-42.4682","longitude":"-58.5541"},"timezone":{"offset":"+3:00","description":"Baghdad, Riyadh, Moscow, St. Petersburg"}},"email":"carl.olsen@example.com","login":{"uuid":"2b857472-ffbd-4c8c-9811-0b48fc18d2fe","username":"beautifulbutterfly148","password":"lagnaf","salt":"80T1XHXu","md5":"823aa49f1482dced6b4ce2c997f336a6","sha1":"3a779726924d8a2ad39f1dc4d16b63c12ff8e321","sha256":"84842baec9dd3e9cf7e16bc57c6254815ee12fceea4312247b728855d8031280"},"dob":{"date":"1985-03-13T02:56:25.685Z","age":39},"registered":{"date":"2007-10-07T15:48:39.603Z","age":16},"phone":"97058199","cell":"18215020","id":{"name":"CPR","value":"120385-4350"},"picture":{"large":"https://randomuser.me/api/portraits/men/52.jpg","medium":"https://randomuser.me/api/portraits/med/men/52.jpg","thumbnail":"https://randomuser.me/api/portraits/thumb/men/52.jpg"},"nat":"DK"}],"info":{"seed":"5eb053f8cf073756","results":1,"page":1,"version":"1.4"}} 
 </msg>
<msg time="2024-03-21T03:15:46.843359" level="INFO">/opt/hostedtoolcache/Python/3.12.2/x64/lib/python3.12/site-packages/urllib3/connectionpool.py:1103: InsecureRequestWarning: Unverified HTTPS request is being made to host 'randomuser.me'. Adding certificate verification is strongly advised. See: https://urllib3.readthedocs.io/en/latest/advanced-usage.html#tls-warnings
  warnings.warn(</msg>
<msg time="2024-03-21T03:15:46.843462" level="INFO">${response} = &lt;Response [200]&gt;</msg>
<var>${response}</var>
<arg>consultarAPI</arg>
<arg>/api</arg>
<doc>Sends a GET request on a previously created HTTP Session.</doc>
<status status="PASS" start="2024-03-21T03:15:46.728620" elapsed="0.114889"/>
</kw>
<kw name="Set Variable" owner="BuiltIn">
<msg time="2024-03-21T03:15:46.844447" level="INFO">${json_data} = {'results': [{'gender': 'male', 'name': {'title': 'Mr', 'first': 'Carl', 'last': 'Olsen'}, 'location': {'street': {'number': 3673, 'name': 'Lokesvej'}, 'city': 'Hornbæk', 'state': 'Midtjylland', 'coun...</msg>
<var>${json_data}</var>
<arg>${response.json()}</arg>
<doc>Returns the given values which can then be assigned to a variables.</doc>
<status status="PASS" start="2024-03-21T03:15:46.843938" elapsed="0.000545"/>
</kw>
<kw name="Log" owner="BuiltIn">
<msg time="2024-03-21T03:15:46.844953" level="INFO">{'results': [{'gender': 'male', 'name': {'title': 'Mr', 'first': 'Carl', 'last': 'Olsen'}, 'location': {'street': {'number': 3673, 'name': 'Lokesvej'}, 'city': 'Hornbæk', 'state': 'Midtjylland', 'country': 'Denmark', 'postcode': 23877, 'coordinates': {'latitude': '-42.4682', 'longitude': '-58.5541'}, 'timezone': {'offset': '+3:00', 'description': 'Baghdad, Riyadh, Moscow, St. Petersburg'}}, 'email': 'carl.olsen@example.com', 'login': {'uuid': '2b857472-ffbd-4c8c-9811-0b48fc18d2fe', 'username': 'beautifulbutterfly148', 'password': 'lagnaf', 'salt': '80T1XHXu', 'md5': '823aa49f1482dced6b4ce2c997f336a6', 'sha1': '3a779726924d8a2ad39f1dc4d16b63c12ff8e321', 'sha256': '84842baec9dd3e9cf7e16bc57c6254815ee12fceea4312247b728855d8031280'}, 'dob': {'date': '1985-03-13T02:56:25.685Z', 'age': 39}, 'registered': {'date': '2007-10-07T15:48:39.603Z', 'age': 16}, 'phone': '97058199', 'cell': '18215020', 'id': {'name': 'CPR', 'value': '120385-4350'}, 'picture': {'large': 'https://randomuser.me/api/portraits/men/52.jpg', 'medium': 'https://randomuser.me/api/portraits/med/men/52.jpg', 'thumbnail': 'https://randomuser.me/api/portraits/thumb/men/52.jpg'}, 'nat': 'DK'}], 'info': {'seed': '5eb053f8cf073756', 'results': 1, 'page': 1, 'version': '1.4'}}</msg>
<arg>${json_data}</arg>
<doc>Logs the given message with the given level.</doc>
<status status="PASS" start="2024-03-21T03:15:46.844794" elapsed="0.000241"/>
</kw>
<kw name="Should Be String" owner="String">
<arg>${json_data['results'][0]['gender']}</arg>
<doc>Fails if the given ``item`` is not a string.</doc>
<status status="PASS" start="2024-03-21T03:15:46.845332" elapsed="0.000359"/>
</kw>
<kw name="Should Match Regexp" owner="BuiltIn">
<arg>${json_data['results'][0]['email']}</arg>
<arg>^[a-zA-Z0-9._%+-]+@[a-zA-Z0-9.-]+\.[a-zA-Z]{2,}$</arg>
<doc>Fails if ``string`` does not match ``pattern`` as a regular expression.</doc>
<status status="PASS" start="2024-03-21T03:15:46.845876" elapsed="0.000628"/>
</kw>
<kw name="Should Match Regexp" owner="BuiltIn">
<arg>${json_data['results'][0]['dob']['date']}</arg>
<arg>\\d{4}-\\d{2}-\\d{2}T\\d{2}:\\d{2}:\\d{2}\\.\\d{3}Z</arg>
<doc>Fails if ``string`` does not match ``pattern`` as a regular expression.</doc>
<status status="PASS" start="2024-03-21T03:15:46.846697" elapsed="0.000486"/>
</kw>
<kw name="Should Match Regexp" owner="BuiltIn">
<arg>${json_data['results'][0]['registered']['date']}</arg>
<arg>\\d{4}-\\d{2}-\\d{2}T\\d{2}:\\d{2}:\\d{2}\\.\\d{3}Z</arg>
<doc>Fails if ``string`` does not match ``pattern`` as a regular expression.</doc>
<status status="PASS" start="2024-03-21T03:15:46.847367" elapsed="0.000366"/>
</kw>
<kw name="Should Match Regexp" owner="BuiltIn">
<arg>${json_data['results'][0]['picture']['large']}</arg>
<arg>^https?://.*\.(?:png|jpe?g|gif|bmp)$</arg>
<doc>Fails if ``string`` does not match ``pattern`` as a regular expression.</doc>
<status status="PASS" start="2024-03-21T03:15:46.847913" elapsed="0.000474"/>
</kw>
<kw name="Should Match Regexp" owner="BuiltIn">
<arg>${json_data['results'][0]['picture']['medium']}</arg>
<arg>^https?://.*\.(?:png|jpe?g|gif|bmp)$</arg>
<doc>Fails if ``string`` does not match ``pattern`` as a regular expression.</doc>
<status status="PASS" start="2024-03-21T03:15:46.848587" elapsed="0.000352"/>
</kw>
<kw name="Should Match Regexp" owner="BuiltIn">
<arg>${json_data['results'][0]['picture']['thumbnail']}</arg>
<arg>^https?://.*\.(?:png|jpe?g|gif|bmp)$</arg>
<doc>Fails if ``string`` does not match ``pattern`` as a regular expression.</doc>
<status status="PASS" start="2024-03-21T03:15:46.849115" elapsed="0.000344"/>
</kw>
<kw name="Log" owner="BuiltIn">
<msg time="2024-03-21T03:15:46.849964" level="INFO">{'large': 'https://randomuser.me/api/portraits/men/52.jpg', 'medium': 'https://randomuser.me/api/portraits/med/men/52.jpg', 'thumbnail': 'https://randomuser.me/api/portraits/thumb/men/52.jpg'}</msg>
<arg>${json_data['results'][0]['picture']}</arg>
<doc>Logs the given message with the given level.</doc>
<status status="PASS" start="2024-03-21T03:15:46.849634" elapsed="0.000372"/>
</kw>
<status status="PASS" start="2024-03-21T03:15:46.728402" elapsed="0.121858"/>
</kw>
<kw name="Teste de Tipos de Dados - Postcode">
<kw name="GET On Session" owner="RequestsLibrary">
<msg time="2024-03-21T03:15:47.087300" level="INFO">GET Request : url=https://randomuser.me/api 
 path_url=/api 
 headers={'User-Agent': 'python-requests/2.31.0', 'Accept-Encoding': 'gzip, deflate', 'Accept': '*/*', 'Connection': 'keep-alive'} 
 body=None 
 </msg>
<msg time="2024-03-21T03:15:47.087383" level="INFO">GET Response : url=https://randomuser.me/api 
 status=200, reason=OK 
 headers={'Date': 'Thu, 21 Mar 2024 03:15:47 GMT', 'Content-Type': 'application/json; charset=utf-8', 'Transfer-Encoding': 'chunked', 'Connection': 'keep-alive', 'X-Powered-By': 'Express', 'Access-Control-Allow-Origin': '*', 'Cache-Control': 'no-cache', 'ETag': 'W/"47d-rdSGAfmm78iDH2ZCd9y0fyV7ToY"', 'Vary': 'Accept-Encoding', 'Content-Encoding': 'gzip', 'CF-Cache-Status': 'DYNAMIC', 'Report-To': '{"endpoints":[{"url":"https:\\/\\/a.nel.cloudflare.com\\/report\\/v4?s=IKI5QfBGFIDZ%2B6MH0VZINdhBs94jdDnZIjqs7X5ArU9gFFi7PiaHSEmbBY2T9ND%2Bx6IKIO4efRfUv4z2U2U%2B2Mhri0%2BRxPbGmakMd%2F8pvdSJG5qFR7ZtwoWvIpGKV%2BA6"}],"group":"cf-nel","max_age":604800}', 'NEL': '{"success_fraction":0,"report_to":"cf-nel","max_age":604800}', 'Server': 'cloudflare', 'CF-RAY': '867ac789c8a31187-ORD', 'alt-svc': 'h3=":443"; ma=86400'} 
 body={"results":[{"gender":"male","name":{"title":"Mr","first":"Ilja","last":"Nikolaus"},"location":{"street":{"number":7068,"name":"Birkenweg"},"city":"Alsfeld","state":"Nordrhein-Westfalen","country":"Germany","postcode":79593,"coordinates":{"latitude":"-47.9594","longitude":"-57.8927"},"timezone":{"offset":"+4:30","description":"Kabul"}},"email":"ilja.nikolaus@example.com","login":{"uuid":"79ab209c-27aa-41b2-86ab-b2ef57ef1c48","username":"purplepeacock771","password":"goodman","salt":"lDQPgTiX","md5":"78eae43ffebc7ac4add097936dd2f967","sha1":"eed5b423272c55c852d77d984144e2a141e15cad","sha256":"478bd8c8f1c3cc09598bc78c2cf2842241b86300142afd2111cdb5d55d9fe598"},"dob":{"date":"1955-03-29T19:38:27.627Z","age":68},"registered":{"date":"2020-09-24T04:50:11.650Z","age":3},"phone":"0348-9172541","cell":"0172-5008660","id":{"name":"SVNR","value":"74 290355 N 438"},"picture":{"large":"https://randomuser.me/api/portraits/men/97.jpg","medium":"https://randomuser.me/api/portraits/med/men/97.jpg","thumbnail":"https://randomuser.me/api/portraits/thumb/men/97.jpg"},"nat":"DE"}],"info":{"seed":"9f00cdd592831755","results":1,"page":1,"version":"1.4"}} 
 </msg>
<msg time="2024-03-21T03:15:47.087455" level="INFO">/opt/hostedtoolcache/Python/3.12.2/x64/lib/python3.12/site-packages/urllib3/connectionpool.py:1103: InsecureRequestWarning: Unverified HTTPS request is being made to host 'randomuser.me'. Adding certificate verification is strongly advised. See: https://urllib3.readthedocs.io/en/latest/advanced-usage.html#tls-warnings
  warnings.warn(</msg>
<msg time="2024-03-21T03:15:47.087566" level="INFO">${response} = &lt;Response [200]&gt;</msg>
<var>${response}</var>
<arg>consultarAPI</arg>
<arg>/api</arg>
<doc>Sends a GET request on a previously created HTTP Session.</doc>
<status status="PASS" start="2024-03-21T03:15:46.850682" elapsed="0.236916"/>
</kw>
<kw name="Set Variable" owner="BuiltIn">
<msg time="2024-03-21T03:15:47.088439" level="INFO">${json_data} = {'results': [{'gender': 'male', 'name': {'title': 'Mr', 'first': 'Ilja', 'last': 'Nikolaus'}, 'location': {'street': {'number': 7068, 'name': 'Birkenweg'}, 'city': 'Alsfeld', 'state': 'Nordrhein-Westf...</msg>
<var>${json_data}</var>
<arg>${response.json()}</arg>
<doc>Returns the given values which can then be assigned to a variables.</doc>
<status status="PASS" start="2024-03-21T03:15:47.087957" elapsed="0.000519"/>
</kw>
<kw name="Log" owner="BuiltIn">
<msg time="2024-03-21T03:15:47.088924" level="INFO">{'results': [{'gender': 'male', 'name': {'title': 'Mr', 'first': 'Ilja', 'last': 'Nikolaus'}, 'location': {'street': {'number': 7068, 'name': 'Birkenweg'}, 'city': 'Alsfeld', 'state': 'Nordrhein-Westfalen', 'country': 'Germany', 'postcode': 79593, 'coordinates': {'latitude': '-47.9594', 'longitude': '-57.8927'}, 'timezone': {'offset': '+4:30', 'description': 'Kabul'}}, 'email': 'ilja.nikolaus@example.com', 'login': {'uuid': '79ab209c-27aa-41b2-86ab-b2ef57ef1c48', 'username': 'purplepeacock771', 'password': 'goodman', 'salt': 'lDQPgTiX', 'md5': '78eae43ffebc7ac4add097936dd2f967', 'sha1': 'eed5b423272c55c852d77d984144e2a141e15cad', 'sha256': '478bd8c8f1c3cc09598bc78c2cf2842241b86300142afd2111cdb5d55d9fe598'}, 'dob': {'date': '1955-03-29T19:38:27.627Z', 'age': 68}, 'registered': {'date': '2020-09-24T04:50:11.650Z', 'age': 3}, 'phone': '0348-9172541', 'cell': '0172-5008660', 'id': {'name': 'SVNR', 'value': '74 290355 N 438'}, 'picture': {'large': 'https://randomuser.me/api/portraits/men/97.jpg', 'medium': 'https://randomuser.me/api/portraits/med/men/97.jpg', 'thumbnail': 'https://randomuser.me/api/portraits/thumb/men/97.jpg'}, 'nat': 'DE'}], 'info': {'seed': '9f00cdd592831755', 'results': 1, 'page': 1, 'version': '1.4'}}</msg>
<arg>${json_data}</arg>
<doc>Logs the given message with the given level.</doc>
<status status="PASS" start="2024-03-21T03:15:47.088774" elapsed="0.000228"/>
</kw>
<kw name="Should Be Equal As Numbers" owner="BuiltIn">
<arg>${json_data['results'][0]['location']['postcode']}</arg>
<arg>${json_data['results'][0]['location']['postcode']}</arg>
<doc>Fails if objects are unequal after converting them to real numbers.</doc>
<status status="PASS" start="2024-03-21T03:15:47.089293" elapsed="0.000619"/>
</kw>
<kw name="Log" owner="BuiltIn">
<msg time="2024-03-21T03:15:47.090433" level="INFO">79593</msg>
<arg>${json_data['results'][0]['location']['postcode']}</arg>
<doc>Logs the given message with the given level.</doc>
<status status="PASS" start="2024-03-21T03:15:47.090100" elapsed="0.000373"/>
</kw>
<status status="PASS" start="2024-03-21T03:15:46.850474" elapsed="0.240250"/>
</kw>
<doc>Testa se os tipos de dados na resposta da API estão corretos.</doc>
<tag>testeTiposDados</tag>
<status status="PASS" start="2024-03-21T03:15:46.727854" elapsed="0.363028"/>
</test>
<test id="s1-s1-t5" name="Validar conteudo" line="46">
<kw name="Teste de Tipos de Conteudo">
<kw name="GET On Session" owner="RequestsLibrary">
<msg time="2024-03-21T03:15:47.160546" level="INFO">GET Request : url=https://randomuser.me/api 
 path_url=/api 
 headers={'User-Agent': 'python-requests/2.31.0', 'Accept-Encoding': 'gzip, deflate', 'Accept': '*/*', 'Connection': 'keep-alive'} 
 body=None 
 </msg>
<msg time="2024-03-21T03:15:47.160609" level="INFO">GET Response : url=https://randomuser.me/api 
 status=200, reason=OK 
 headers={'Date': 'Thu, 21 Mar 2024 03:15:47 GMT', 'Content-Type': 'application/json; charset=utf-8', 'Transfer-Encoding': 'chunked', 'Connection': 'keep-alive', 'X-Powered-By': 'Express', 'Access-Control-Allow-Origin': '*', 'Cache-Control': 'no-cache', 'ETag': 'W/"480-lMJf25BnljRaxt5l9B3GVeL2Jmg"', 'Vary': 'Accept-Encoding', 'Content-Encoding': 'gzip', 'CF-Cache-Status': 'DYNAMIC', 'Report-To': '{"endpoints":[{"url":"https:\\/\\/a.nel.cloudflare.com\\/report\\/v4?s=zHFRvS9%2BQ%2BOJzl1Ev7KE%2FgTEna6Ijecu3bADBJ%2FmreFibnNZXQDedwfKaquYA9iDGP8P29G6FFouYDUvCVjbn6rCfvzlYS1pdihMCALjb%2Fa6UKbE1fXV%2BxYUyvznsGOg"}],"group":"cf-nel","max_age":604800}', 'NEL': '{"success_fraction":0,"report_to":"cf-nel","max_age":604800}', 'Server': 'cloudflare', 'CF-RAY': '867ac78b4a5a1187-ORD', 'alt-svc': 'h3=":443"; ma=86400'} 
 body={"results":[{"gender":"male","name":{"title":"Mr","first":"Koray","last":"Korol"},"location":{"street":{"number":6090,"name":"Anafartalar Cd"},"city":"Bartın","state":"Batman","country":"Turkey","postcode":53458,"coordinates":{"latitude":"66.5397","longitude":"-71.2910"},"timezone":{"offset":"+9:00","description":"Tokyo, Seoul, Osaka, Sapporo, Yakutsk"}},"email":"koray.korol@example.com","login":{"uuid":"98e91ee7-ca39-4708-b706-88d12cdc22c3","username":"angrygorilla576","password":"jamess","salt":"VNnKBaIn","md5":"2068d7c9a15567764e2d0b8db4bee3ae","sha1":"74dc95a0b67c9968b242d601aa9913abf76c58a8","sha256":"bdebc2ddbba2182722819f8bc67b2d80f0b7e0dc014e9813f1494a88b3e6029c"},"dob":{"date":"1973-06-25T06:42:23.733Z","age":50},"registered":{"date":"2019-09-04T15:39:06.865Z","age":4},"phone":"(178)-711-7264","cell":"(639)-997-0049","id":{"name":"","value":null},"picture":{"large":"https://randomuser.me/api/portraits/men/11.jpg","medium":"https://randomuser.me/api/portraits/med/men/11.jpg","thumbnail":"https://randomuser.me/api/portraits/thumb/men/11.jpg"},"nat":"TR"}],"info":{"seed":"268d5578b17f0bcf","results":1,"page":1,"version":"1.4"}} 
 </msg>
<msg time="2024-03-21T03:15:47.160665" level="INFO">/opt/hostedtoolcache/Python/3.12.2/x64/lib/python3.12/site-packages/urllib3/connectionpool.py:1103: InsecureRequestWarning: Unverified HTTPS request is being made to host 'randomuser.me'. Adding certificate verification is strongly advised. See: https://urllib3.readthedocs.io/en/latest/advanced-usage.html#tls-warnings
  warnings.warn(</msg>
<msg time="2024-03-21T03:15:47.160746" level="INFO">${response} = &lt;Response [200]&gt;</msg>
<var>${response}</var>
<arg>consultarAPI</arg>
<arg>/api</arg>
<doc>Sends a GET request on a previously created HTTP Session.</doc>
<status status="PASS" start="2024-03-21T03:15:47.093182" elapsed="0.067593"/>
</kw>
<kw name="Set Variable" owner="BuiltIn">
<msg time="2024-03-21T03:15:47.161591" level="INFO">${json_data} = {'results': [{'gender': 'male', 'name': {'title': 'Mr', 'first': 'Koray', 'last': 'Korol'}, 'location': {'street': {'number': 6090, 'name': 'Anafartalar Cd'}, 'city': 'Bartın', 'state': 'Batman', 'cou...</msg>
<var>${json_data}</var>
<arg>${response.json()}</arg>
<doc>Returns the given values which can then be assigned to a variables.</doc>
<status status="PASS" start="2024-03-21T03:15:47.161145" elapsed="0.000476"/>
</kw>
<kw name="Set Variable" owner="BuiltIn">
<msg time="2024-03-21T03:15:47.162306" level="INFO">${name_title} = Mr</msg>
<var>${name_title}</var>
<arg>${json_data["results"][0]["name"]["title"]}</arg>
<doc>Returns the given values which can then be assigned to a variables.</doc>
<status status="PASS" start="2024-03-21T03:15:47.161920" elapsed="0.000411"/>
</kw>
<kw name="Create List" owner="BuiltIn">
<msg time="2024-03-21T03:15:47.162769" level="INFO">${allowed_titles} = ['Mr', 'Ms', 'Miss', 'Mrs', 'Madame', 'Monsieur']</msg>
<var>${allowed_titles}</var>
<arg>Mr</arg>
<arg>Ms</arg>
<arg>Miss</arg>
<arg>Mrs</arg>
<arg>Madame</arg>
<arg>Monsieur</arg>
<doc>Returns a list containing given items.</doc>
<status status="PASS" start="2024-03-21T03:15:47.162622" elapsed="0.000171"/>
</kw>
<kw name="List Should Contain Value" owner="Collections">
<msg time="2024-03-21T03:15:47.163261" level="INFO">False</msg>
<arg>${allowed_titles}</arg>
<arg>${name_title}</arg>
<doc>Fails if the ``value`` is not found from ``list``.</doc>
<status status="PASS" start="2024-03-21T03:15:47.163083" elapsed="0.000215"/>
</kw>
<kw name="Set Variable" owner="BuiltIn">
<msg time="2024-03-21T03:15:47.163974" level="INFO">${name_country} = TR</msg>
<var>${name_country}</var>
<arg>${json_data["results"][0]["nat"]}</arg>
<doc>Returns the given values which can then be assigned to a variables.</doc>
<status status="PASS" start="2024-03-21T03:15:47.163590" elapsed="0.000409"/>
</kw>
<kw name="Create List" owner="BuiltIn">
<msg time="2024-03-21T03:15:47.164940" level="INFO">${list_country} = ['AD', 'AE', 'AF', 'AG', 'AI', 'AL', 'AM', 'AO', 'AQ', 'AR', 'AS', 'AT', 'AU', 'AW', 'AX', 'AZ', 'BA', 'BB', 'BD', 'BE', 'BF', 'BG', 'BH', 'BI', 'BJ', 'BL', 'BM', 'BN', 'BO', 'BQ', 'BR', 'BS', 'BT', '...</msg>
<var>${list_country}</var>
<arg>AD</arg>
<arg>AE</arg>
<arg>AF</arg>
<arg>AG</arg>
<arg>AI</arg>
<arg>AL</arg>
<arg>AM</arg>
<arg>AO</arg>
<arg>AQ</arg>
<arg>AR</arg>
<arg>AS</arg>
<arg>AT</arg>
<arg>AU</arg>
<arg>AW</arg>
<arg>AX</arg>
<arg>AZ</arg>
<arg>BA</arg>
<arg>BB</arg>
<arg>BD</arg>
<arg>BE</arg>
<arg>BF</arg>
<arg>BG</arg>
<arg>BH</arg>
<arg>BI</arg>
<arg>BJ</arg>
<arg>BL</arg>
<arg>BM</arg>
<arg>BN</arg>
<arg>BO</arg>
<arg>BQ</arg>
<arg>BR</arg>
<arg>BS</arg>
<arg>BT</arg>
<arg>BV</arg>
<arg>BW</arg>
<arg>BY</arg>
<arg>BZ</arg>
<arg>CA</arg>
<arg>CC</arg>
<arg>CD</arg>
<arg>CF</arg>
<arg>CG</arg>
<arg>CH</arg>
<arg>CI</arg>
<arg>CK</arg>
<arg>CL</arg>
<arg>CM</arg>
<arg>CN</arg>
<arg>CO</arg>
<arg>CR</arg>
<arg>CU</arg>
<arg>CV</arg>
<arg>CW</arg>
<arg>CX</arg>
<arg>CY</arg>
<arg>CZ</arg>
<arg>DE</arg>
<arg>DJ</arg>
<arg>DK</arg>
<arg>DM</arg>
<arg>DO</arg>
<arg>DZ</arg>
<arg>EC</arg>
<arg>EE</arg>
<arg>EG</arg>
<arg>EH</arg>
<arg>ER</arg>
<arg>ES</arg>
<arg>ET</arg>
<arg>FI</arg>
<arg>FJ</arg>
<arg>FK</arg>
<arg>FM</arg>
<arg>FO</arg>
<arg>FR</arg>
<arg>GA</arg>
<arg>GB</arg>
<arg>GD</arg>
<arg>GE</arg>
<arg>GF</arg>
<arg>GG</arg>
<arg>GH</arg>
<arg>GI</arg>
<arg>GL</arg>
<arg>GM</arg>
<arg>GN</arg>
<arg>GP</arg>
<arg>GQ</arg>
<arg>GR</arg>
<arg>GS</arg>
<arg>GT</arg>
<arg>GU</arg>
<arg>GW</arg>
<arg>GY</arg>
<arg>HK</arg>
<arg>HM</arg>
<arg>HN</arg>
<arg>HR</arg>
<arg>HT</arg>
<arg>HU</arg>
<arg>ID</arg>
<arg>IE</arg>
<arg>IL</arg>
<arg>IM</arg>
<arg>IN</arg>
<arg>IO</arg>
<arg>IQ</arg>
<arg>IR</arg>
<arg>IS</arg>
<arg>IT</arg>
<arg>JE</arg>
<arg>JM</arg>
<arg>JO</arg>
<arg>JP</arg>
<arg>KE</arg>
<arg>KG</arg>
<arg>KH</arg>
<arg>KI</arg>
<arg>KM</arg>
<arg>KN</arg>
<arg>KP</arg>
<arg>KR</arg>
<arg>KW</arg>
<arg>KY</arg>
<arg>KZ</arg>
<arg>LA</arg>
<arg>LB</arg>
<arg>LC</arg>
<arg>LI</arg>
<arg>LK</arg>
<arg>LR</arg>
<arg>LS</arg>
<arg>LT</arg>
<arg>LU</arg>
<arg>LV</arg>
<arg>LY</arg>
<arg>MA</arg>
<arg>MC</arg>
<arg>MD</arg>
<arg>ME</arg>
<arg>MF</arg>
<arg>MG</arg>
<arg>MH</arg>
<arg>MK</arg>
<arg>ML</arg>
<arg>MM</arg>
<arg>MN</arg>
<arg>MO</arg>
<arg>MP</arg>
<arg>MQ</arg>
<arg>MR</arg>
<arg>MS</arg>
<arg>MT</arg>
<arg>MU</arg>
<arg>MV</arg>
<arg>MW</arg>
<arg>MX</arg>
<arg>MY</arg>
<arg>MZ</arg>
<arg>NA</arg>
<arg>NC</arg>
<arg>NE</arg>
<arg>NF</arg>
<arg>NG</arg>
<arg>NI</arg>
<arg>NL</arg>
<arg>NO</arg>
<arg>NP</arg>
<arg>NR</arg>
<arg>NU</arg>
<arg>NZ</arg>
<arg>OM</arg>
<arg>PA</arg>
<arg>PE</arg>
<arg>PF</arg>
<arg>PG</arg>
<arg>PH</arg>
<arg>PK</arg>
<arg>PL</arg>
<arg>PM</arg>
<arg>PN</arg>
<arg>PR</arg>
<arg>PS</arg>
<arg>PT</arg>
<arg>PW</arg>
<arg>PY</arg>
<arg>QA</arg>
<arg>RE</arg>
<arg>RO</arg>
<arg>RS</arg>
<arg>RU</arg>
<arg>RW</arg>
<arg>SA</arg>
<arg>SB</arg>
<arg>SC</arg>
<arg>SD</arg>
<arg>SE</arg>
<arg>SG</arg>
<arg>SH</arg>
<arg>SI</arg>
<arg>SJ</arg>
<arg>SK</arg>
<arg>SL</arg>
<arg>SM</arg>
<arg>SN</arg>
<arg>SO</arg>
<arg>SR</arg>
<arg>SS</arg>
<arg>ST</arg>
<arg>SV</arg>
<arg>SX</arg>
<arg>SY</arg>
<arg>SZ</arg>
<arg>TC</arg>
<arg>TD</arg>
<arg>TF</arg>
<arg>TG</arg>
<arg>TH</arg>
<arg>TJ</arg>
<arg>TK</arg>
<arg>TL</arg>
<arg>TM</arg>
<arg>TN</arg>
<arg>TO</arg>
<arg>TR</arg>
<arg>TT</arg>
<arg>TV</arg>
<arg>TW</arg>
<arg>TZ</arg>
<arg>UA</arg>
<arg>UG</arg>
<arg>UM</arg>
<arg>US</arg>
<arg>UY</arg>
<arg>UZ</arg>
<arg>VA</arg>
<arg>VC</arg>
<arg>VE</arg>
<arg>VG</arg>
<arg>VI</arg>
<arg>VN</arg>
<arg>VU</arg>
<arg>WF</arg>
<arg>WS</arg>
<arg>XK</arg>
<arg>YE</arg>
<arg>YT</arg>
<arg>ZA</arg>
<arg>ZM</arg>
<arg>ZW</arg>
<doc>Returns a list containing given items.</doc>
<status status="PASS" start="2024-03-21T03:15:47.164298" elapsed="0.000669"/>
</kw>
<kw name="List Should Contain Value" owner="Collections">
<msg time="2024-03-21T03:15:47.166118" level="INFO">False</msg>
<arg>${list_country}</arg>
<arg>${name_country}</arg>
<doc>Fails if the ``value`` is not found from ``list``.</doc>
<status status="PASS" start="2024-03-21T03:15:47.165909" elapsed="0.000246"/>
</kw>
<kw name="Run Keyword If" owner="BuiltIn">
<kw name="Should Be True" owner="BuiltIn">
<arg>${True}</arg>
<doc>Fails if the given condition is not true.</doc>
<status status="PASS" start="2024-03-21T03:15:47.167201" elapsed="0.000143"/>
</kw>
<arg>${json_data["results"][0]["location"]["coordinates"]["latitude"]} &gt;= -90 and ${json_data["results"][0]["location"]["coordinates"]["latitude"]} &lt;= 90</arg>
<arg>Should Be True</arg>
<arg>${True}</arg>
<doc>Runs the given keyword with the given arguments, if ``condition`` is true.</doc>
<status status="PASS" start="2024-03-21T03:15:47.166468" elapsed="0.001003"/>
</kw>
<kw name="Run Keyword If" owner="BuiltIn">
<kw name="Should Be True" owner="BuiltIn">
<arg>${True}</arg>
<doc>Fails if the given condition is not true.</doc>
<status status="PASS" start="2024-03-21T03:15:47.168334" elapsed="0.000169"/>
</kw>
<arg>${json_data["results"][0]["location"]["coordinates"]["longitude"]} &gt;= -180 and ${json_data["results"][0]["location"]["coordinates"]["longitude"]} &lt;= 180</arg>
<arg>Should Be True</arg>
<arg>${True}</arg>
<doc>Runs the given keyword with the given arguments, if ``condition`` is true.</doc>
<status status="PASS" start="2024-03-21T03:15:47.167647" elapsed="0.000981"/>
</kw>
<status status="PASS" start="2024-03-21T03:15:47.092968" elapsed="0.075791"/>
</kw>
<doc>Testa o conteúdo específico dos campos retornados pela API.</doc>
<tag>testeConteudo</tag>
<status status="PASS" start="2024-03-21T03:15:47.092559" elapsed="0.076342"/>
</test>
<status status="PASS" start="2024-03-21T03:15:46.085460" elapsed="1.085292"/>
</suite>
<status status="PASS" start="2024-03-21T03:15:46.071784" elapsed="1.104180"/>
</suite>
<statistics>
<total>
<stat pass="5" fail="0" skip="0">All Tests</stat>
</total>
<tag>
<stat pass="1" fail="0" skip="0">testeConteudo</stat>
<stat pass="1" fail="0" skip="0">testeEstruturaResposta</stat>
<stat pass="1" fail="0" skip="0">testeRequisicaoBasica</stat>
<stat pass="1" fail="0" skip="0">testeTiposDados</stat>
</tag>
<suite>
<stat pass="5" fail="0" skip="0" id="s1" name="Tests">Tests</stat>
<stat pass="5" fail="0" skip="0" id="s1-s1" name="Random-User-Test">Tests.Random-User-Test</stat>
</suite>
</statistics>
<errors>
</errors>
</robot>
