<?xml version="1.0" encoding="UTF-8"?>
<robot generator="Robot 7.0.1 (Python 3.12.4 on linux)" generated="2024-07-10T20:16:56.345462" rpa="false" schemaversion="5">
<suite id="s1" name="Tests" source="/home/runner/work/ApiRandomUser/ApiRandomUser/RamdonUser/tests">
<suite id="s1-s1" name="Random-User-Test" source="/home/runner/work/ApiRandomUser/ApiRandomUser/RamdonUser/tests/random-user-test.robot">
<test id="s1-s1-t1" name="Conectar" line="13">
<kw name="Conectar API" owner="random-user-service">
<kw name="Create Session" owner="RequestsLibrary">
<msg time="2024-07-10T20:16:56.777097" level="INFO">Creating Session using : alias=consultarAPI, url=https://randomuser.me/, headers={},                     cookies={}, auth=None, timeout=None, proxies=None, verify=False,                     debug=0 </msg>
<arg>consultarAPI</arg>
<arg>${URL}</arg>
<doc>Create Session: create a HTTP session to a server</doc>
<status status="PASS" start="2024-07-10T20:16:56.776890" elapsed="0.000400"/>
</kw>
<status status="PASS" start="2024-07-10T20:16:56.775885" elapsed="0.001771"/>
</kw>
<status status="PASS" start="2024-07-10T20:16:56.775312" elapsed="0.002537"/>
</test>
<test id="s1-s1-t2" name="Validar retorno 200 e JSON Válido" line="16">
<kw name="Teste de Requisicao Basica" owner="random-user-service">
<kw name="GET On Session" owner="RequestsLibrary">
<msg time="2024-07-10T20:16:57.028701" level="INFO">GET Request : url=https://randomuser.me/api 
 path_url=/api 
 headers={'User-Agent': 'python-requests/2.32.3', 'Accept-Encoding': 'gzip, deflate', 'Accept': '*/*', 'Connection': 'keep-alive'} 
 body=None 
 </msg>
<msg time="2024-07-10T20:16:57.028867" level="INFO">GET Response : url=https://randomuser.me/api 
 status=200, reason=OK 
 headers={'Date': 'Wed, 10 Jul 2024 20:16:57 GMT', 'Content-Type': 'application/json; charset=utf-8', 'Transfer-Encoding': 'chunked', 'Connection': 'keep-alive', 'X-Powered-By': 'Express', 'Access-Control-Allow-Origin': '*', 'Cache-Control': 'no-cache', 'ETag': 'W/"4a6-whwFAKIDrrPy0BoYK/a6rJcctAY"', 'Vary': 'Accept-Encoding', 'Content-Encoding': 'gzip', 'CF-Cache-Status': 'DYNAMIC', 'Report-To': '{"endpoints":[{"url":"https:\\/\\/a.nel.cloudflare.com\\/report\\/v4?s=%2FGObsnAbCPBF%2FtBHGflRR%2FMLe1wfirY%2BG1mUzItVbLAnPsh6mX8oOSDh4tnbhd7L2pbgl%2FL9FOLI6LQGVpgyixtMUSGohdZpsy27W%2FTcJ66pvJ0HtqoidlEGg%2F%2BismHp"}],"group":"cf-nel","max_age":604800}', 'NEL': '{"success_fraction":0,"report_to":"cf-nel","max_age":604800}', 'Server': 'cloudflare', 'CF-RAY': '8a133c03db8b07ef-IAD', 'alt-svc': 'h3=":443"; ma=86400'} 
 body={"results":[{"gender":"female","name":{"title":"Miss","first":"Christien","last":"Dorresteijn"},"location":{"street":{"number":9468,"name":"Akker"},"city":"Alverna","state":"Overijssel","country":"Netherlands","postcode":"5583 FB","coordinates":{"latitude":"33.8188","longitude":"6.3060"},"timezone":{"offset":"+10:00","description":"Eastern Australia, Guam, Vladivostok"}},"email":"christien.dorresteijn@example.com","login":{"uuid":"221ff00a-3c76-4636-9780-26205348a336","username":"angrydog485","password":"kentucky","salt":"WExzoAeE","md5":"d9c76ab6a13f7e64f5ac512b743df997","sha1":"298cee0e5477531b2962ebb7245ae64c0c1173f3","sha256":"0d6b9fd331ba674be1af6d3456c8205ce1874317b8d4b07f5967562b66d1b5ad"},"dob":{"date":"1954-09-15T07:59:13.345Z","age":69},"registered":{"date":"2003-01-08T16:31:02.798Z","age":21},"phone":"(022) 5622301","cell":"(06) 55303934","id":{"name":"BSN","value":"05032041"},"picture":{"large":"https://randomuser.me/api/portraits/women/32.jpg","medium":"https://randomuser.me/api/portraits/med/women/32.jpg","thumbnail":"https://randomuser.me/api/portraits/thumb/women/32.jpg"},"nat":"NL"}],"info":{"seed":"42a14a68a59f35f7","results":1,"page":1,"version":"1.4"}} 
 </msg>
<msg time="2024-07-10T20:16:57.028954" level="INFO">/opt/hostedtoolcache/Python/3.12.4/x64/lib/python3.12/site-packages/urllib3/connectionpool.py:1099: InsecureRequestWarning: Unverified HTTPS request is being made to host 'randomuser.me'. Adding certificate verification is strongly advised. See: https://urllib3.readthedocs.io/en/latest/advanced-usage.html#tls-warnings
  warnings.warn(</msg>
<msg time="2024-07-10T20:16:57.029149" level="INFO">${response} = &lt;Response [200]&gt;</msg>
<var>${response}</var>
<arg>consultarAPI</arg>
<arg>/api</arg>
<doc>Sends a GET request on a previously created HTTP Session.</doc>
<status status="PASS" start="2024-07-10T20:16:56.780449" elapsed="0.248744"/>
</kw>
<kw name="Should Be Equal As Numbers" owner="BuiltIn">
<msg time="2024-07-10T20:16:57.030302" level="INFO">Argument types are:
&lt;class 'int'&gt;
&lt;class 'str'&gt;</msg>
<arg>${response.status_code}</arg>
<arg>200</arg>
<doc>Fails if objects are unequal after converting them to real numbers.</doc>
<status status="PASS" start="2024-07-10T20:16:57.029751" elapsed="0.000646"/>
</kw>
<kw name="Log" owner="BuiltIn">
<msg time="2024-07-10T20:16:57.031147" level="INFO">200</msg>
<arg>${response.status_code}</arg>
<doc>Logs the given message with the given level.</doc>
<status status="PASS" start="2024-07-10T20:16:57.030753" elapsed="0.000439"/>
</kw>
<kw name="Set Variable" owner="BuiltIn">
<msg time="2024-07-10T20:16:57.032055" level="INFO">${json_data} = {'results': [{'gender': 'female', 'name': {'title': 'Miss', 'first': 'Christien', 'last': 'Dorresteijn'}, 'location': {'street': {'number': 9468, 'name': 'Akker'}, 'city': 'Alverna', 'state': 'Overijs...</msg>
<var>${json_data}</var>
<arg>${response.json()}</arg>
<doc>Returns the given values which can then be assigned to a variables.</doc>
<status status="PASS" start="2024-07-10T20:16:57.031519" elapsed="0.000565"/>
</kw>
<kw name="Dictionary Should Contain Key" owner="Collections">
<arg>${json_data}</arg>
<arg>results</arg>
<doc>Fails if ``key`` is not found from ``dictionary``.</doc>
<status status="PASS" start="2024-07-10T20:16:57.032417" elapsed="0.000175"/>
</kw>
<status status="PASS" start="2024-07-10T20:16:56.780204" elapsed="0.252554"/>
</kw>
<doc>Testa se a API responde corretamente e retorna um objeto JSON válido.</doc>
<tag>testeRequisicaoBasica</tag>
<status status="PASS" start="2024-07-10T20:16:56.779749" elapsed="0.253200"/>
</test>
<test id="s1-s1-t3" name="Validar estrutura de resposta" line="22">
<kw name="Teste de Estrutura de Resposta" owner="random-user-service">
<kw name="GET On Session" owner="RequestsLibrary">
<msg time="2024-07-10T20:16:57.115870" level="INFO">GET Request : url=https://randomuser.me/api 
 path_url=/api 
 headers={'User-Agent': 'python-requests/2.32.3', 'Accept-Encoding': 'gzip, deflate', 'Accept': '*/*', 'Connection': 'keep-alive'} 
 body=None 
 </msg>
<msg time="2024-07-10T20:16:57.115980" level="INFO">GET Response : url=https://randomuser.me/api 
 status=200, reason=OK 
 headers={'Date': 'Wed, 10 Jul 2024 20:16:57 GMT', 'Content-Type': 'application/json; charset=utf-8', 'Transfer-Encoding': 'chunked', 'Connection': 'keep-alive', 'X-Powered-By': 'Express', 'Access-Control-Allow-Origin': '*', 'Cache-Control': 'no-cache', 'ETag': 'W/"494-6gk4lDzO/6+rErKCmRV+saotjBA"', 'Vary': 'Accept-Encoding', 'Content-Encoding': 'gzip', 'CF-Cache-Status': 'DYNAMIC', 'Report-To': '{"endpoints":[{"url":"https:\\/\\/a.nel.cloudflare.com\\/report\\/v4?s=zOc57y0qB6ALBUFhtUuciBNc63TGmYufMrU1PKPe0a0po5sgIZ7qkNA6k24vi0BnFWbAnBdpXThBkW4M%2BpekbFLarsL7iblRy2%2BDpy28wi6Azc8aMruwFnuPkhTbWqJx"}],"group":"cf-nel","max_age":604800}', 'NEL': '{"success_fraction":0,"report_to":"cf-nel","max_age":604800}', 'Server': 'cloudflare', 'CF-RAY': '8a133c047c4007ef-IAD', 'alt-svc': 'h3=":443"; ma=86400'} 
 body={"results":[{"gender":"male","name":{"title":"Mr","first":"Délcio","last":"Barbosa"},"location":{"street":{"number":7401,"name":"Rua Paraná "},"city":"Brusque","state":"Bahia","country":"Brazil","postcode":41979,"coordinates":{"latitude":"-77.0821","longitude":"-97.0361"},"timezone":{"offset":"+9:00","description":"Tokyo, Seoul, Osaka, Sapporo, Yakutsk"}},"email":"delcio.barbosa@example.com","login":{"uuid":"41eb7225-ce4f-4614-b337-128ebb775dda","username":"blueladybug166","password":"canuck","salt":"V7s9xgqS","md5":"d157ff48a342c2de33d40b09b6ff2703","sha1":"efd3eb42efd0ee877ffd93367683dc2e96a69a0b","sha256":"0f4d61490fdb5c4cb32f3fd24e8e4f7c5d5a272e4c65bcd0cbeb0c9bf545f09b"},"dob":{"date":"1952-07-09T23:43:37.618Z","age":72},"registered":{"date":"2013-02-02T15:59:11.627Z","age":11},"phone":"(76) 4438-8649","cell":"(90) 8329-0940","id":{"name":"CPF","value":"973.006.569-24"},"picture":{"large":"https://randomuser.me/api/portraits/men/90.jpg","medium":"https://randomuser.me/api/portraits/med/men/90.jpg","thumbnail":"https://randomuser.me/api/portraits/thumb/men/90.jpg"},"nat":"BR"}],"info":{"seed":"74134face5650f24","results":1,"page":1,"version":"1.4"}} 
 </msg>
<msg time="2024-07-10T20:16:57.116122" level="INFO">/opt/hostedtoolcache/Python/3.12.4/x64/lib/python3.12/site-packages/urllib3/connectionpool.py:1099: InsecureRequestWarning: Unverified HTTPS request is being made to host 'randomuser.me'. Adding certificate verification is strongly advised. See: https://urllib3.readthedocs.io/en/latest/advanced-usage.html#tls-warnings
  warnings.warn(</msg>
<msg time="2024-07-10T20:16:57.116276" level="INFO">${response} = &lt;Response [200]&gt;</msg>
<var>${response}</var>
<arg>consultarAPI</arg>
<arg>/api</arg>
<doc>Sends a GET request on a previously created HTTP Session.</doc>
<status status="PASS" start="2024-07-10T20:16:57.035903" elapsed="0.080417"/>
</kw>
<kw name="Set Variable" owner="BuiltIn">
<msg time="2024-07-10T20:16:57.117429" level="INFO">${json_data} = {'results': [{'gender': 'male', 'name': {'title': 'Mr', 'first': 'Délcio', 'last': 'Barbosa'}, 'location': {'street': {'number': 7401, 'name': 'Rua Paraná '}, 'city': 'Brusque', 'state': 'Bahia', 'cou...</msg>
<var>${json_data}</var>
<arg>${response.json()}</arg>
<doc>Returns the given values which can then be assigned to a variables.</doc>
<status status="PASS" start="2024-07-10T20:16:57.116897" elapsed="0.000561"/>
</kw>
<kw name="Log" owner="BuiltIn">
<msg time="2024-07-10T20:16:57.117938" level="INFO">{'results': [{'gender': 'male', 'name': {'title': 'Mr', 'first': 'Délcio', 'last': 'Barbosa'}, 'location': {'street': {'number': 7401, 'name': 'Rua Paraná '}, 'city': 'Brusque', 'state': 'Bahia', 'country': 'Brazil', 'postcode': 41979, 'coordinates': {'latitude': '-77.0821', 'longitude': '-97.0361'}, 'timezone': {'offset': '+9:00', 'description': 'Tokyo, Seoul, Osaka, Sapporo, Yakutsk'}}, 'email': 'delcio.barbosa@example.com', 'login': {'uuid': '41eb7225-ce4f-4614-b337-128ebb775dda', 'username': 'blueladybug166', 'password': 'canuck', 'salt': 'V7s9xgqS', 'md5': 'd157ff48a342c2de33d40b09b6ff2703', 'sha1': 'efd3eb42efd0ee877ffd93367683dc2e96a69a0b', 'sha256': '0f4d61490fdb5c4cb32f3fd24e8e4f7c5d5a272e4c65bcd0cbeb0c9bf545f09b'}, 'dob': {'date': '1952-07-09T23:43:37.618Z', 'age': 72}, 'registered': {'date': '2013-02-02T15:59:11.627Z', 'age': 11}, 'phone': '(76) 4438-8649', 'cell': '(90) 8329-0940', 'id': {'name': 'CPF', 'value': '973.006.569-24'}, 'picture': {'large': 'https://randomuser.me/api/portraits/men/90.jpg', 'medium': 'https://randomuser.me/api/portraits/med/men/90.jpg', 'thumbnail': 'https://randomuser.me/api/portraits/thumb/men/90.jpg'}, 'nat': 'BR'}], 'info': {'seed': '74134face5650f24', 'results': 1, 'page': 1, 'version': '1.4'}}</msg>
<arg>${json_data}</arg>
<doc>Logs the given message with the given level.</doc>
<status status="PASS" start="2024-07-10T20:16:57.117779" elapsed="0.000209"/>
</kw>
<kw name="Dictionary Should Contain Key" owner="Collections">
<arg>${json_data}</arg>
<arg>results</arg>
<doc>Fails if ``key`` is not found from ``dictionary``.</doc>
<status status="PASS" start="2024-07-10T20:16:57.118279" elapsed="0.000192"/>
</kw>
<kw name="Should Not Be Empty" owner="BuiltIn">
<msg time="2024-07-10T20:16:57.118783" level="INFO">Length is 2.</msg>
<arg>${json_data}</arg>
<doc>Verifies that the given item is not empty.</doc>
<status status="PASS" start="2024-07-10T20:16:57.118655" elapsed="0.000166"/>
</kw>
<kw name="Create List" owner="BuiltIn">
<msg time="2024-07-10T20:16:57.119255" level="INFO">${expected_keys} = ['gender', 'name', 'location', 'email', 'login']</msg>
<var>${expected_keys}</var>
<arg>gender</arg>
<arg>name</arg>
<arg>location</arg>
<arg>email</arg>
<arg>login</arg>
<doc>Returns a list containing given items.</doc>
<status status="PASS" start="2024-07-10T20:16:57.119111" elapsed="0.000167"/>
</kw>
<for flavor="IN">
<iter>
<kw name="Dictionary Should Contain Key" owner="Collections">
<arg>${json_data['results'][0]}</arg>
<arg>${key}</arg>
<doc>Fails if ``key`` is not found from ``dictionary``.</doc>
<status status="PASS" start="2024-07-10T20:16:57.120031" elapsed="0.000409"/>
</kw>
<kw name="Log" owner="BuiltIn">
<msg time="2024-07-10T20:16:57.120990" level="INFO">{'gender': 'male', 'name': {'title': 'Mr', 'first': 'Délcio', 'last': 'Barbosa'}, 'location': {'street': {'number': 7401, 'name': 'Rua Paraná '}, 'city': 'Brusque', 'state': 'Bahia', 'country': 'Brazil', 'postcode': 41979, 'coordinates': {'latitude': '-77.0821', 'longitude': '-97.0361'}, 'timezone': {'offset': '+9:00', 'description': 'Tokyo, Seoul, Osaka, Sapporo, Yakutsk'}}, 'email': 'delcio.barbosa@example.com', 'login': {'uuid': '41eb7225-ce4f-4614-b337-128ebb775dda', 'username': 'blueladybug166', 'password': 'canuck', 'salt': 'V7s9xgqS', 'md5': 'd157ff48a342c2de33d40b09b6ff2703', 'sha1': 'efd3eb42efd0ee877ffd93367683dc2e96a69a0b', 'sha256': '0f4d61490fdb5c4cb32f3fd24e8e4f7c5d5a272e4c65bcd0cbeb0c9bf545f09b'}, 'dob': {'date': '1952-07-09T23:43:37.618Z', 'age': 72}, 'registered': {'date': '2013-02-02T15:59:11.627Z', 'age': 11}, 'phone': '(76) 4438-8649', 'cell': '(90) 8329-0940', 'id': {'name': 'CPF', 'value': '973.006.569-24'}, 'picture': {'large': 'https://randomuser.me/api/portraits/men/90.jpg', 'medium': 'https://randomuser.me/api/portraits/med/men/90.jpg', 'thumbnail': 'https://randomuser.me/api/portraits/thumb/men/90.jpg'}, 'nat': 'BR'}</msg>
<arg>${json_data['results'][0]}</arg>
<doc>Logs the given message with the given level.</doc>
<status status="PASS" start="2024-07-10T20:16:57.120629" elapsed="0.000410"/>
</kw>
<kw name="Log" owner="BuiltIn">
<msg time="2024-07-10T20:16:57.121461" level="INFO">gender</msg>
<arg>${key}</arg>
<doc>Logs the given message with the given level.</doc>
<status status="PASS" start="2024-07-10T20:16:57.121336" elapsed="0.000162"/>
</kw>
<var name="${key}">gender</var>
<status status="PASS" start="2024-07-10T20:16:57.119908" elapsed="0.001804"/>
</iter>
<iter>
<kw name="Dictionary Should Contain Key" owner="Collections">
<arg>${json_data['results'][0]}</arg>
<arg>${key}</arg>
<doc>Fails if ``key`` is not found from ``dictionary``.</doc>
<status status="PASS" start="2024-07-10T20:16:57.122004" elapsed="0.000400"/>
</kw>
<kw name="Log" owner="BuiltIn">
<msg time="2024-07-10T20:16:57.122931" level="INFO">{'gender': 'male', 'name': {'title': 'Mr', 'first': 'Délcio', 'last': 'Barbosa'}, 'location': {'street': {'number': 7401, 'name': 'Rua Paraná '}, 'city': 'Brusque', 'state': 'Bahia', 'country': 'Brazil', 'postcode': 41979, 'coordinates': {'latitude': '-77.0821', 'longitude': '-97.0361'}, 'timezone': {'offset': '+9:00', 'description': 'Tokyo, Seoul, Osaka, Sapporo, Yakutsk'}}, 'email': 'delcio.barbosa@example.com', 'login': {'uuid': '41eb7225-ce4f-4614-b337-128ebb775dda', 'username': 'blueladybug166', 'password': 'canuck', 'salt': 'V7s9xgqS', 'md5': 'd157ff48a342c2de33d40b09b6ff2703', 'sha1': 'efd3eb42efd0ee877ffd93367683dc2e96a69a0b', 'sha256': '0f4d61490fdb5c4cb32f3fd24e8e4f7c5d5a272e4c65bcd0cbeb0c9bf545f09b'}, 'dob': {'date': '1952-07-09T23:43:37.618Z', 'age': 72}, 'registered': {'date': '2013-02-02T15:59:11.627Z', 'age': 11}, 'phone': '(76) 4438-8649', 'cell': '(90) 8329-0940', 'id': {'name': 'CPF', 'value': '973.006.569-24'}, 'picture': {'large': 'https://randomuser.me/api/portraits/men/90.jpg', 'medium': 'https://randomuser.me/api/portraits/med/men/90.jpg', 'thumbnail': 'https://randomuser.me/api/portraits/thumb/men/90.jpg'}, 'nat': 'BR'}</msg>
<arg>${json_data['results'][0]}</arg>
<doc>Logs the given message with the given level.</doc>
<status status="PASS" start="2024-07-10T20:16:57.122584" elapsed="0.000433"/>
</kw>
<kw name="Log" owner="BuiltIn">
<msg time="2024-07-10T20:16:57.123439" level="INFO">name</msg>
<arg>${key}</arg>
<doc>Logs the given message with the given level.</doc>
<status status="PASS" start="2024-07-10T20:16:57.123315" elapsed="0.000160"/>
</kw>
<var name="${key}">name</var>
<status status="PASS" start="2024-07-10T20:16:57.121895" elapsed="0.001794"/>
</iter>
<iter>
<kw name="Dictionary Should Contain Key" owner="Collections">
<arg>${json_data['results'][0]}</arg>
<arg>${key}</arg>
<doc>Fails if ``key`` is not found from ``dictionary``.</doc>
<status status="PASS" start="2024-07-10T20:16:57.123969" elapsed="0.000371"/>
</kw>
<kw name="Log" owner="BuiltIn">
<msg time="2024-07-10T20:16:57.124867" level="INFO">{'gender': 'male', 'name': {'title': 'Mr', 'first': 'Délcio', 'last': 'Barbosa'}, 'location': {'street': {'number': 7401, 'name': 'Rua Paraná '}, 'city': 'Brusque', 'state': 'Bahia', 'country': 'Brazil', 'postcode': 41979, 'coordinates': {'latitude': '-77.0821', 'longitude': '-97.0361'}, 'timezone': {'offset': '+9:00', 'description': 'Tokyo, Seoul, Osaka, Sapporo, Yakutsk'}}, 'email': 'delcio.barbosa@example.com', 'login': {'uuid': '41eb7225-ce4f-4614-b337-128ebb775dda', 'username': 'blueladybug166', 'password': 'canuck', 'salt': 'V7s9xgqS', 'md5': 'd157ff48a342c2de33d40b09b6ff2703', 'sha1': 'efd3eb42efd0ee877ffd93367683dc2e96a69a0b', 'sha256': '0f4d61490fdb5c4cb32f3fd24e8e4f7c5d5a272e4c65bcd0cbeb0c9bf545f09b'}, 'dob': {'date': '1952-07-09T23:43:37.618Z', 'age': 72}, 'registered': {'date': '2013-02-02T15:59:11.627Z', 'age': 11}, 'phone': '(76) 4438-8649', 'cell': '(90) 8329-0940', 'id': {'name': 'CPF', 'value': '973.006.569-24'}, 'picture': {'large': 'https://randomuser.me/api/portraits/men/90.jpg', 'medium': 'https://randomuser.me/api/portraits/med/men/90.jpg', 'thumbnail': 'https://randomuser.me/api/portraits/thumb/men/90.jpg'}, 'nat': 'BR'}</msg>
<arg>${json_data['results'][0]}</arg>
<doc>Logs the given message with the given level.</doc>
<status status="PASS" start="2024-07-10T20:16:57.124520" elapsed="0.000395"/>
</kw>
<kw name="Log" owner="BuiltIn">
<msg time="2024-07-10T20:16:57.125333" level="INFO">location</msg>
<arg>${key}</arg>
<doc>Logs the given message with the given level.</doc>
<status status="PASS" start="2024-07-10T20:16:57.125208" elapsed="0.000161"/>
</kw>
<var name="${key}">location</var>
<status status="PASS" start="2024-07-10T20:16:57.123864" elapsed="0.001715"/>
</iter>
<iter>
<kw name="Dictionary Should Contain Key" owner="Collections">
<arg>${json_data['results'][0]}</arg>
<arg>${key}</arg>
<doc>Fails if ``key`` is not found from ``dictionary``.</doc>
<status status="PASS" start="2024-07-10T20:16:57.125853" elapsed="0.000379"/>
</kw>
<kw name="Log" owner="BuiltIn">
<msg time="2024-07-10T20:16:57.126815" level="INFO">{'gender': 'male', 'name': {'title': 'Mr', 'first': 'Délcio', 'last': 'Barbosa'}, 'location': {'street': {'number': 7401, 'name': 'Rua Paraná '}, 'city': 'Brusque', 'state': 'Bahia', 'country': 'Brazil', 'postcode': 41979, 'coordinates': {'latitude': '-77.0821', 'longitude': '-97.0361'}, 'timezone': {'offset': '+9:00', 'description': 'Tokyo, Seoul, Osaka, Sapporo, Yakutsk'}}, 'email': 'delcio.barbosa@example.com', 'login': {'uuid': '41eb7225-ce4f-4614-b337-128ebb775dda', 'username': 'blueladybug166', 'password': 'canuck', 'salt': 'V7s9xgqS', 'md5': 'd157ff48a342c2de33d40b09b6ff2703', 'sha1': 'efd3eb42efd0ee877ffd93367683dc2e96a69a0b', 'sha256': '0f4d61490fdb5c4cb32f3fd24e8e4f7c5d5a272e4c65bcd0cbeb0c9bf545f09b'}, 'dob': {'date': '1952-07-09T23:43:37.618Z', 'age': 72}, 'registered': {'date': '2013-02-02T15:59:11.627Z', 'age': 11}, 'phone': '(76) 4438-8649', 'cell': '(90) 8329-0940', 'id': {'name': 'CPF', 'value': '973.006.569-24'}, 'picture': {'large': 'https://randomuser.me/api/portraits/men/90.jpg', 'medium': 'https://randomuser.me/api/portraits/med/men/90.jpg', 'thumbnail': 'https://randomuser.me/api/portraits/thumb/men/90.jpg'}, 'nat': 'BR'}</msg>
<arg>${json_data['results'][0]}</arg>
<doc>Logs the given message with the given level.</doc>
<status status="PASS" start="2024-07-10T20:16:57.126438" elapsed="0.000427"/>
</kw>
<kw name="Log" owner="BuiltIn">
<msg time="2024-07-10T20:16:57.127285" level="INFO">email</msg>
<arg>${key}</arg>
<doc>Logs the given message with the given level.</doc>
<status status="PASS" start="2024-07-10T20:16:57.127159" elapsed="0.000163"/>
</kw>
<var name="${key}">email</var>
<status status="PASS" start="2024-07-10T20:16:57.125748" elapsed="0.001786"/>
</iter>
<iter>
<kw name="Dictionary Should Contain Key" owner="Collections">
<arg>${json_data['results'][0]}</arg>
<arg>${key}</arg>
<doc>Fails if ``key`` is not found from ``dictionary``.</doc>
<status status="PASS" start="2024-07-10T20:16:57.127823" elapsed="0.000381"/>
</kw>
<kw name="Log" owner="BuiltIn">
<msg time="2024-07-10T20:16:57.128726" level="INFO">{'gender': 'male', 'name': {'title': 'Mr', 'first': 'Délcio', 'last': 'Barbosa'}, 'location': {'street': {'number': 7401, 'name': 'Rua Paraná '}, 'city': 'Brusque', 'state': 'Bahia', 'country': 'Brazil', 'postcode': 41979, 'coordinates': {'latitude': '-77.0821', 'longitude': '-97.0361'}, 'timezone': {'offset': '+9:00', 'description': 'Tokyo, Seoul, Osaka, Sapporo, Yakutsk'}}, 'email': 'delcio.barbosa@example.com', 'login': {'uuid': '41eb7225-ce4f-4614-b337-128ebb775dda', 'username': 'blueladybug166', 'password': 'canuck', 'salt': 'V7s9xgqS', 'md5': 'd157ff48a342c2de33d40b09b6ff2703', 'sha1': 'efd3eb42efd0ee877ffd93367683dc2e96a69a0b', 'sha256': '0f4d61490fdb5c4cb32f3fd24e8e4f7c5d5a272e4c65bcd0cbeb0c9bf545f09b'}, 'dob': {'date': '1952-07-09T23:43:37.618Z', 'age': 72}, 'registered': {'date': '2013-02-02T15:59:11.627Z', 'age': 11}, 'phone': '(76) 4438-8649', 'cell': '(90) 8329-0940', 'id': {'name': 'CPF', 'value': '973.006.569-24'}, 'picture': {'large': 'https://randomuser.me/api/portraits/men/90.jpg', 'medium': 'https://randomuser.me/api/portraits/med/men/90.jpg', 'thumbnail': 'https://randomuser.me/api/portraits/thumb/men/90.jpg'}, 'nat': 'BR'}</msg>
<arg>${json_data['results'][0]}</arg>
<doc>Logs the given message with the given level.</doc>
<status status="PASS" start="2024-07-10T20:16:57.128380" elapsed="0.000394"/>
</kw>
<kw name="Log" owner="BuiltIn">
<msg time="2024-07-10T20:16:57.129183" level="INFO">login</msg>
<arg>${key}</arg>
<doc>Logs the given message with the given level.</doc>
<status status="PASS" start="2024-07-10T20:16:57.129061" elapsed="0.000159"/>
</kw>
<var name="${key}">login</var>
<status status="PASS" start="2024-07-10T20:16:57.127709" elapsed="0.001726"/>
</iter>
<var>${key}</var>
<value>@{expected_keys}</value>
<status status="PASS" start="2024-07-10T20:16:57.119710" elapsed="0.009845"/>
</for>
<kw name="Create List" owner="BuiltIn">
<msg time="2024-07-10T20:16:57.129872" level="INFO">${expected_keysTwo} = ['username', 'password']</msg>
<var>${expected_keysTwo}</var>
<arg>username</arg>
<arg>password</arg>
<doc>Returns a list containing given items.</doc>
<status status="PASS" start="2024-07-10T20:16:57.129742" elapsed="0.000182"/>
</kw>
<for flavor="IN">
<iter>
<kw name="Dictionary Should Contain Key" owner="Collections">
<arg>${json_data['results'][0]['login']}</arg>
<arg>${keyTwo}</arg>
<doc>Fails if ``key`` is not found from ``dictionary``.</doc>
<status status="PASS" start="2024-07-10T20:16:57.130437" elapsed="0.000385"/>
</kw>
<kw name="Dictionary Should Contain Key" owner="Collections">
<arg>${json_data['results'][0]['login']}</arg>
<arg>${keyTwo}</arg>
<doc>Fails if ``key`` is not found from ``dictionary``.</doc>
<status status="PASS" start="2024-07-10T20:16:57.131000" elapsed="0.000364"/>
</kw>
<kw name="Log" owner="BuiltIn">
<msg time="2024-07-10T20:16:57.131659" level="INFO">username</msg>
<arg>${keyTwo}</arg>
<doc>Logs the given message with the given level.</doc>
<status status="PASS" start="2024-07-10T20:16:57.131542" elapsed="0.000153"/>
</kw>
<var name="${keyTwo}">username</var>
<status status="PASS" start="2024-07-10T20:16:57.130308" elapsed="0.001607"/>
</iter>
<iter>
<kw name="Dictionary Should Contain Key" owner="Collections">
<arg>${json_data['results'][0]['login']}</arg>
<arg>${keyTwo}</arg>
<doc>Fails if ``key`` is not found from ``dictionary``.</doc>
<status status="PASS" start="2024-07-10T20:16:57.132193" elapsed="0.000379"/>
</kw>
<kw name="Dictionary Should Contain Key" owner="Collections">
<arg>${json_data['results'][0]['login']}</arg>
<arg>${keyTwo}</arg>
<doc>Fails if ``key`` is not found from ``dictionary``.</doc>
<status status="PASS" start="2024-07-10T20:16:57.132750" elapsed="0.000391"/>
</kw>
<kw name="Log" owner="BuiltIn">
<msg time="2024-07-10T20:16:57.133441" level="INFO">password</msg>
<arg>${keyTwo}</arg>
<doc>Logs the given message with the given level.</doc>
<status status="PASS" start="2024-07-10T20:16:57.133317" elapsed="0.000164"/>
</kw>
<var name="${keyTwo}">password</var>
<status status="PASS" start="2024-07-10T20:16:57.132086" elapsed="0.001616"/>
</iter>
<var>${keyTwo}</var>
<value>@{expected_keysTwo}</value>
<status status="PASS" start="2024-07-10T20:16:57.130161" elapsed="0.003660"/>
</for>
<status status="PASS" start="2024-07-10T20:16:57.035652" elapsed="0.098311"/>
</kw>
<doc>Testa a estrutura da resposta da API.</doc>
<tag>testeEstruturaResposta</tag>
<status status="PASS" start="2024-07-10T20:16:57.034922" elapsed="0.099195"/>
</test>
<test id="s1-s1-t4" name="Validar tipos de dados" line="28">
<kw name="Teste de Tipos de Dados" owner="random-user-service">
<kw name="GET On Session" owner="RequestsLibrary">
<msg time="2024-07-10T20:16:57.201675" level="INFO">GET Request : url=https://randomuser.me/api 
 path_url=/api 
 headers={'User-Agent': 'python-requests/2.32.3', 'Accept-Encoding': 'gzip, deflate', 'Accept': '*/*', 'Connection': 'keep-alive'} 
 body=None 
 </msg>
<msg time="2024-07-10T20:16:57.201789" level="INFO">GET Response : url=https://randomuser.me/api 
 status=200, reason=OK 
 headers={'Date': 'Wed, 10 Jul 2024 20:16:57 GMT', 'Content-Type': 'application/json; charset=utf-8', 'Transfer-Encoding': 'chunked', 'Connection': 'keep-alive', 'X-Powered-By': 'Express', 'Access-Control-Allow-Origin': '*', 'Cache-Control': 'no-cache', 'ETag': 'W/"492-oJQgtuINEBlAogC1Bc93XardxdM"', 'Vary': 'Accept-Encoding', 'Content-Encoding': 'gzip', 'CF-Cache-Status': 'DYNAMIC', 'Report-To': '{"endpoints":[{"url":"https:\\/\\/a.nel.cloudflare.com\\/report\\/v4?s=Hw6NcdaxcUzjx2rgx79BA3SDEW2baFEt2Cb1sHGOMvJGshH2XtpuBNy3mf5YmDEG6QuPIy%2Fy85aBKp01UUKHm4TynSnXv8NQ%2FugcmsydbodkHi4BrPMzIHsSsoCQD3dY"}],"group":"cf-nel","max_age":604800}', 'NEL': '{"success_fraction":0,"report_to":"cf-nel","max_age":604800}', 'Server': 'cloudflare', 'CF-RAY': '8a133c051cc707ef-IAD', 'alt-svc': 'h3=":443"; ma=86400'} 
 body={"results":[{"gender":"female","name":{"title":"Ms","first":"Graciela","last":"Mayorga"},"location":{"street":{"number":512,"name":"Circunvalación Rodríquez"},"city":"Juchitepec","state":"Guerrero","country":"Mexico","postcode":18909,"coordinates":{"latitude":"23.3898","longitude":"173.6398"},"timezone":{"offset":"-9:00","description":"Alaska"}},"email":"graciela.mayorga@example.com","login":{"uuid":"78b10666-14f7-4f2d-984f-fcb354e910f0","username":"yellowwolf816","password":"crazy1","salt":"t7D7h1eG","md5":"7f6b94a60bd3780e6abd7bf8022506b2","sha1":"aa8ec705cc189d99cff07115352ad8216349082c","sha256":"efa834820fc4c82bf217da60b4a005517a940ffadeac2e5aa04f52327b98b378"},"dob":{"date":"1985-11-07T21:47:27.424Z","age":38},"registered":{"date":"2006-11-18T19:54:59.149Z","age":17},"phone":"(639) 500 9014","cell":"(673) 899 7378","id":{"name":"NSS","value":"76 90 26 9517 4"},"picture":{"large":"https://randomuser.me/api/portraits/women/32.jpg","medium":"https://randomuser.me/api/portraits/med/women/32.jpg","thumbnail":"https://randomuser.me/api/portraits/thumb/women/32.jpg"},"nat":"MX"}],"info":{"seed":"e45f5634d98aea68","results":1,"page":1,"version":"1.4"}} 
 </msg>
<msg time="2024-07-10T20:16:57.201876" level="INFO">/opt/hostedtoolcache/Python/3.12.4/x64/lib/python3.12/site-packages/urllib3/connectionpool.py:1099: InsecureRequestWarning: Unverified HTTPS request is being made to host 'randomuser.me'. Adding certificate verification is strongly advised. See: https://urllib3.readthedocs.io/en/latest/advanced-usage.html#tls-warnings
  warnings.warn(</msg>
<msg time="2024-07-10T20:16:57.202018" level="INFO">${response} = &lt;Response [200]&gt;</msg>
<var>${response}</var>
<arg>consultarAPI</arg>
<arg>/api</arg>
<doc>Sends a GET request on a previously created HTTP Session.</doc>
<status status="PASS" start="2024-07-10T20:16:57.136705" elapsed="0.065355"/>
</kw>
<kw name="Set Variable" owner="BuiltIn">
<msg time="2024-07-10T20:16:57.203175" level="INFO">${json_data} = {'results': [{'gender': 'female', 'name': {'title': 'Ms', 'first': 'Graciela', 'last': 'Mayorga'}, 'location': {'street': {'number': 512, 'name': 'Circunvalación Rodríquez'}, 'city': 'Juchitepec', 'st...</msg>
<var>${json_data}</var>
<arg>${response.json()}</arg>
<doc>Returns the given values which can then be assigned to a variables.</doc>
<status status="PASS" start="2024-07-10T20:16:57.202642" elapsed="0.000562"/>
</kw>
<kw name="Log" owner="BuiltIn">
<msg time="2024-07-10T20:16:57.203674" level="INFO">{'results': [{'gender': 'female', 'name': {'title': 'Ms', 'first': 'Graciela', 'last': 'Mayorga'}, 'location': {'street': {'number': 512, 'name': 'Circunvalación Rodríquez'}, 'city': 'Juchitepec', 'state': 'Guerrero', 'country': 'Mexico', 'postcode': 18909, 'coordinates': {'latitude': '23.3898', 'longitude': '173.6398'}, 'timezone': {'offset': '-9:00', 'description': 'Alaska'}}, 'email': 'graciela.mayorga@example.com', 'login': {'uuid': '78b10666-14f7-4f2d-984f-fcb354e910f0', 'username': 'yellowwolf816', 'password': 'crazy1', 'salt': 't7D7h1eG', 'md5': '7f6b94a60bd3780e6abd7bf8022506b2', 'sha1': 'aa8ec705cc189d99cff07115352ad8216349082c', 'sha256': 'efa834820fc4c82bf217da60b4a005517a940ffadeac2e5aa04f52327b98b378'}, 'dob': {'date': '1985-11-07T21:47:27.424Z', 'age': 38}, 'registered': {'date': '2006-11-18T19:54:59.149Z', 'age': 17}, 'phone': '(639) 500 9014', 'cell': '(673) 899 7378', 'id': {'name': 'NSS', 'value': '76 90 26 9517 4'}, 'picture': {'large': 'https://randomuser.me/api/portraits/women/32.jpg', 'medium': 'https://randomuser.me/api/portraits/med/women/32.jpg', 'thumbnail': 'https://randomuser.me/api/portraits/thumb/women/32.jpg'}, 'nat': 'MX'}], 'info': {'seed': 'e45f5634d98aea68', 'results': 1, 'page': 1, 'version': '1.4'}}</msg>
<arg>${json_data}</arg>
<doc>Logs the given message with the given level.</doc>
<status status="PASS" start="2024-07-10T20:16:57.203516" elapsed="0.000207"/>
</kw>
<kw name="Should Be String" owner="String">
<arg>${json_data['results'][0]['gender']}</arg>
<doc>Fails if the given ``item`` is not a string.</doc>
<status status="PASS" start="2024-07-10T20:16:57.204017" elapsed="0.000360"/>
</kw>
<kw name="Should Match Regexp" owner="BuiltIn">
<arg>${json_data['results'][0]['email']}</arg>
<arg>^[a-zA-Z0-9._%+-]+@[a-zA-Z0-9.-]+\.[a-zA-Z]{2,}$</arg>
<doc>Fails if ``string`` does not match ``pattern`` as a regular expression.</doc>
<status status="PASS" start="2024-07-10T20:16:57.204562" elapsed="0.000549"/>
</kw>
<kw name="Should Match Regexp" owner="BuiltIn">
<arg>${json_data['results'][0]['dob']['date']}</arg>
<arg>\\d{4}-\\d{2}-\\d{2}T\\d{2}:\\d{2}:\\d{2}\\.\\d{3}Z</arg>
<doc>Fails if ``string`` does not match ``pattern`` as a regular expression.</doc>
<status status="PASS" start="2024-07-10T20:16:57.205303" elapsed="0.000471"/>
</kw>
<kw name="Should Match Regexp" owner="BuiltIn">
<arg>${json_data['results'][0]['registered']['date']}</arg>
<arg>\\d{4}-\\d{2}-\\d{2}T\\d{2}:\\d{2}:\\d{2}\\.\\d{3}Z</arg>
<doc>Fails if ``string`` does not match ``pattern`` as a regular expression.</doc>
<status status="PASS" start="2024-07-10T20:16:57.205962" elapsed="0.000391"/>
</kw>
<kw name="Should Match Regexp" owner="BuiltIn">
<arg>${json_data['results'][0]['picture']['large']}</arg>
<arg>^https?://.*\.(?:png|jpe?g|gif|bmp)$</arg>
<doc>Fails if ``string`` does not match ``pattern`` as a regular expression.</doc>
<status status="PASS" start="2024-07-10T20:16:57.206542" elapsed="0.000457"/>
</kw>
<kw name="Should Match Regexp" owner="BuiltIn">
<arg>${json_data['results'][0]['picture']['medium']}</arg>
<arg>^https?://.*\.(?:png|jpe?g|gif|bmp)$</arg>
<doc>Fails if ``string`` does not match ``pattern`` as a regular expression.</doc>
<status status="PASS" start="2024-07-10T20:16:57.207183" elapsed="0.000345"/>
</kw>
<kw name="Should Match Regexp" owner="BuiltIn">
<arg>${json_data['results'][0]['picture']['thumbnail']}</arg>
<arg>^https?://.*\.(?:png|jpe?g|gif|bmp)$</arg>
<doc>Fails if ``string`` does not match ``pattern`` as a regular expression.</doc>
<status status="PASS" start="2024-07-10T20:16:57.207711" elapsed="0.000349"/>
</kw>
<kw name="Log" owner="BuiltIn">
<msg time="2024-07-10T20:16:57.208569" level="INFO">{'large': 'https://randomuser.me/api/portraits/women/32.jpg', 'medium': 'https://randomuser.me/api/portraits/med/women/32.jpg', 'thumbnail': 'https://randomuser.me/api/portraits/thumb/women/32.jpg'}</msg>
<arg>${json_data['results'][0]['picture']}</arg>
<doc>Logs the given message with the given level.</doc>
<status status="PASS" start="2024-07-10T20:16:57.208242" elapsed="0.000369"/>
</kw>
<status status="PASS" start="2024-07-10T20:16:57.136478" elapsed="0.072402"/>
</kw>
<kw name="Teste de Tipos de Dados - Postcode" owner="random-user-service">
<kw name="GET On Session" owner="RequestsLibrary">
<msg time="2024-07-10T20:16:57.286225" level="INFO">GET Request : url=https://randomuser.me/api 
 path_url=/api 
 headers={'User-Agent': 'python-requests/2.32.3', 'Accept-Encoding': 'gzip, deflate', 'Accept': '*/*', 'Connection': 'keep-alive'} 
 body=None 
 </msg>
<msg time="2024-07-10T20:16:57.286357" level="INFO">GET Response : url=https://randomuser.me/api 
 status=200, reason=OK 
 headers={'Date': 'Wed, 10 Jul 2024 20:16:57 GMT', 'Content-Type': 'application/json; charset=utf-8', 'Transfer-Encoding': 'chunked', 'Connection': 'keep-alive', 'X-Powered-By': 'Express', 'Access-Control-Allow-Origin': '*', 'Cache-Control': 'no-cache', 'ETag': 'W/"48c-dRn2klLilMKT1FeFTYd/9TGvP8M"', 'Vary': 'Accept-Encoding', 'Content-Encoding': 'gzip', 'CF-Cache-Status': 'DYNAMIC', 'Report-To': '{"endpoints":[{"url":"https:\\/\\/a.nel.cloudflare.com\\/report\\/v4?s=%2BT509FTW1DXqrEMzy2BJSTYz3WkT3Bgg%2FEbi6foGSECw9zVjSJ5yhf7%2Fdmesp6%2FhmdF%2BgeXlML02Rx%2BIr2OSmh370Qsgq1FzwBthEwksScKRdNYAu6myHEiGKsYo85G1"}],"group":"cf-nel","max_age":604800}', 'NEL': '{"success_fraction":0,"report_to":"cf-nel","max_age":604800}', 'Server': 'cloudflare', 'CF-RAY': '8a133c059d4f07ef-IAD', 'alt-svc': 'h3=":443"; ma=86400'} 
 body={"results":[{"gender":"male","name":{"title":"Mr","first":"Mijat","last":"Bekić"},"location":{"street":{"number":8651,"name":"Ljubiše Veličkovića"},"city":"Preševo","state":"Jablanica","country":"Serbia","postcode":66734,"coordinates":{"latitude":"62.6725","longitude":"-94.7419"},"timezone":{"offset":"+8:00","description":"Beijing, Perth, Singapore, Hong Kong"}},"email":"mijat.bekic@example.com","login":{"uuid":"70dd7a1a-fb29-4a0b-8db2-6b9bd37dcd12","username":"saddog484","password":"smith","salt":"7SkMNcSb","md5":"8ad8d64068978b17373df02e7cc77305","sha1":"d402c7cddac2cd3ceedb28956f14a4f7e961669d","sha256":"9dc5fe634ff59f2d87000577b9503016476f3760807e2ecd9595034483c87113"},"dob":{"date":"1985-03-18T03:48:50.851Z","age":39},"registered":{"date":"2013-10-26T13:00:54.805Z","age":10},"phone":"031-4878-017","cell":"066-0183-127","id":{"name":"SID","value":"725749249"},"picture":{"large":"https://randomuser.me/api/portraits/men/73.jpg","medium":"https://randomuser.me/api/portraits/med/men/73.jpg","thumbnail":"https://randomuser.me/api/portraits/thumb/men/73.jpg"},"nat":"RS"}],"info":{"seed":"33ba7ee393b3d7f0","results":1,"page":1,"version":"1.4"}} 
 </msg>
<msg time="2024-07-10T20:16:57.286437" level="INFO">/opt/hostedtoolcache/Python/3.12.4/x64/lib/python3.12/site-packages/urllib3/connectionpool.py:1099: InsecureRequestWarning: Unverified HTTPS request is being made to host 'randomuser.me'. Adding certificate verification is strongly advised. See: https://urllib3.readthedocs.io/en/latest/advanced-usage.html#tls-warnings
  warnings.warn(</msg>
<msg time="2024-07-10T20:16:57.286592" level="INFO">${response} = &lt;Response [200]&gt;</msg>
<var>${response}</var>
<arg>consultarAPI</arg>
<arg>/api</arg>
<doc>Sends a GET request on a previously created HTTP Session.</doc>
<status status="PASS" start="2024-07-10T20:16:57.209344" elapsed="0.077303"/>
</kw>
<kw name="Set Variable" owner="BuiltIn">
<msg time="2024-07-10T20:16:57.287757" level="INFO">${json_data} = {'results': [{'gender': 'male', 'name': {'title': 'Mr', 'first': 'Mijat', 'last': 'Bekić'}, 'location': {'street': {'number': 8651, 'name': 'Ljubiše Veličkovića'}, 'city': 'Preševo', 'state': 'Jablani...</msg>
<var>${json_data}</var>
<arg>${response.json()}</arg>
<doc>Returns the given values which can then be assigned to a variables.</doc>
<status status="PASS" start="2024-07-10T20:16:57.287209" elapsed="0.000583"/>
</kw>
<kw name="Log" owner="BuiltIn">
<msg time="2024-07-10T20:16:57.288306" level="INFO">{'results': [{'gender': 'male', 'name': {'title': 'Mr', 'first': 'Mijat', 'last': 'Bekić'}, 'location': {'street': {'number': 8651, 'name': 'Ljubiše Veličkovića'}, 'city': 'Preševo', 'state': 'Jablanica', 'country': 'Serbia', 'postcode': 66734, 'coordinates': {'latitude': '62.6725', 'longitude': '-94.7419'}, 'timezone': {'offset': '+8:00', 'description': 'Beijing, Perth, Singapore, Hong Kong'}}, 'email': 'mijat.bekic@example.com', 'login': {'uuid': '70dd7a1a-fb29-4a0b-8db2-6b9bd37dcd12', 'username': 'saddog484', 'password': 'smith', 'salt': '7SkMNcSb', 'md5': '8ad8d64068978b17373df02e7cc77305', 'sha1': 'd402c7cddac2cd3ceedb28956f14a4f7e961669d', 'sha256': '9dc5fe634ff59f2d87000577b9503016476f3760807e2ecd9595034483c87113'}, 'dob': {'date': '1985-03-18T03:48:50.851Z', 'age': 39}, 'registered': {'date': '2013-10-26T13:00:54.805Z', 'age': 10}, 'phone': '031-4878-017', 'cell': '066-0183-127', 'id': {'name': 'SID', 'value': '725749249'}, 'picture': {'large': 'https://randomuser.me/api/portraits/men/73.jpg', 'medium': 'https://randomuser.me/api/portraits/med/men/73.jpg', 'thumbnail': 'https://randomuser.me/api/portraits/thumb/men/73.jpg'}, 'nat': 'RS'}], 'info': {'seed': '33ba7ee393b3d7f0', 'results': 1, 'page': 1, 'version': '1.4'}}</msg>
<arg>${json_data}</arg>
<doc>Logs the given message with the given level.</doc>
<status status="PASS" start="2024-07-10T20:16:57.288141" elapsed="0.000215"/>
</kw>
<kw name="Should Be Equal As Numbers" owner="BuiltIn">
<arg>${json_data['results'][0]['location']['postcode']}</arg>
<arg>${json_data['results'][0]['location']['postcode']}</arg>
<doc>Fails if objects are unequal after converting them to real numbers.</doc>
<status status="PASS" start="2024-07-10T20:16:57.288649" elapsed="0.000625"/>
</kw>
<kw name="Log" owner="BuiltIn">
<msg time="2024-07-10T20:16:57.289811" level="INFO">66734</msg>
<arg>${json_data['results'][0]['location']['postcode']}</arg>
<doc>Logs the given message with the given level.</doc>
<status status="PASS" start="2024-07-10T20:16:57.289466" elapsed="0.000421"/>
</kw>
<status status="PASS" start="2024-07-10T20:16:57.209115" elapsed="0.081038"/>
</kw>
<doc>Testa se os tipos de dados na resposta da API estão corretos.</doc>
<tag>testeTiposDados</tag>
<status status="PASS" start="2024-07-10T20:16:57.135924" elapsed="0.154430"/>
</test>
<test id="s1-s1-t5" name="Validar conteudo" line="35">
<kw name="Teste de Tipos de Conteudo" owner="random-user-service">
<kw name="GET On Session" owner="RequestsLibrary">
<msg time="2024-07-10T20:16:57.401732" level="INFO">GET Request : url=https://randomuser.me/api 
 path_url=/api 
 headers={'User-Agent': 'python-requests/2.32.3', 'Accept-Encoding': 'gzip, deflate', 'Accept': '*/*', 'Connection': 'keep-alive'} 
 body=None 
 </msg>
<msg time="2024-07-10T20:16:57.401844" level="INFO">GET Response : url=https://randomuser.me/api 
 status=200, reason=OK 
 headers={'Date': 'Wed, 10 Jul 2024 20:16:57 GMT', 'Content-Type': 'application/json; charset=utf-8', 'Transfer-Encoding': 'chunked', 'Connection': 'keep-alive', 'X-Powered-By': 'Express', 'Access-Control-Allow-Origin': '*', 'Cache-Control': 'no-cache', 'ETag': 'W/"47f-VRnrHaj270imy4jJ47Dwr7Y+fU0"', 'Vary': 'Accept-Encoding', 'Content-Encoding': 'gzip', 'CF-Cache-Status': 'DYNAMIC', 'Report-To': '{"endpoints":[{"url":"https:\\/\\/a.nel.cloudflare.com\\/report\\/v4?s=aZsJpMYcRGWaxo9ZCRLKUnTOWSBX4uECqXbGWZ276FWw2FQtE%2BFIYmLEJAQ2Zh0WFGCX6%2BG%2F8SB1rfy3KIDZz1rDTzyV5j%2Fc6rJvY9khu%2B%2BrO%2BR4zlE4kqzCWyTyQYNw"}],"group":"cf-nel","max_age":604800}', 'NEL': '{"success_fraction":0,"report_to":"cf-nel","max_age":604800}', 'Server': 'cloudflare', 'CF-RAY': '8a133c061dbd07ef-IAD', 'alt-svc': 'h3=":443"; ma=86400'} 
 body={"results":[{"gender":"female","name":{"title":"Mrs","first":"Christel","last":"Streicher"},"location":{"street":{"number":1063,"name":"Schulweg"},"city":"Seelze","state":"Bremen","country":"Germany","postcode":78987,"coordinates":{"latitude":"-51.6577","longitude":"92.4666"},"timezone":{"offset":"+5:45","description":"Kathmandu"}},"email":"christel.streicher@example.com","login":{"uuid":"2e7b1ec4-c8a7-493c-a0a3-cca1033a9cd4","username":"brownrabbit777","password":"nikki1","salt":"GQCMnV4d","md5":"5ec816071ba3873c94d2600b2db7c129","sha1":"b6651dd4d4a6d4dad9a84d5d91a7996e3a6a728c","sha256":"401d0c860957beea2866d2bbca8825496b376eea5c1e78b5196235c9319a5f06"},"dob":{"date":"1981-04-30T00:34:36.903Z","age":43},"registered":{"date":"2004-08-03T07:43:21.255Z","age":19},"phone":"0226-5782446","cell":"0171-0938653","id":{"name":"SVNR","value":"46 290481 S 680"},"picture":{"large":"https://randomuser.me/api/portraits/women/2.jpg","medium":"https://randomuser.me/api/portraits/med/women/2.jpg","thumbnail":"https://randomuser.me/api/portraits/thumb/women/2.jpg"},"nat":"DE"}],"info":{"seed":"d4a3b92c8e9a70ad","results":1,"page":1,"version":"1.4"}} 
 </msg>
<msg time="2024-07-10T20:16:57.401944" level="INFO">/opt/hostedtoolcache/Python/3.12.4/x64/lib/python3.12/site-packages/urllib3/connectionpool.py:1099: InsecureRequestWarning: Unverified HTTPS request is being made to host 'randomuser.me'. Adding certificate verification is strongly advised. See: https://urllib3.readthedocs.io/en/latest/advanced-usage.html#tls-warnings
  warnings.warn(</msg>
<msg time="2024-07-10T20:16:57.402104" level="INFO">${response} = &lt;Response [200]&gt;</msg>
<var>${response}</var>
<arg>consultarAPI</arg>
<arg>/api</arg>
<doc>Sends a GET request on a previously created HTTP Session.</doc>
<status status="PASS" start="2024-07-10T20:16:57.293008" elapsed="0.109149"/>
</kw>
<kw name="Set Variable" owner="BuiltIn">
<msg time="2024-07-10T20:16:57.403264" level="INFO">${json_data} = {'results': [{'gender': 'female', 'name': {'title': 'Mrs', 'first': 'Christel', 'last': 'Streicher'}, 'location': {'street': {'number': 1063, 'name': 'Schulweg'}, 'city': 'Seelze', 'state': 'Bremen', ...</msg>
<var>${json_data}</var>
<arg>${response.json()}</arg>
<doc>Returns the given values which can then be assigned to a variables.</doc>
<status status="PASS" start="2024-07-10T20:16:57.402743" elapsed="0.000550"/>
</kw>
<kw name="Set Variable" owner="BuiltIn">
<msg time="2024-07-10T20:16:57.403985" level="INFO">${name_title} = Mrs</msg>
<var>${name_title}</var>
<arg>${json_data["results"][0]["name"]["title"]}</arg>
<doc>Returns the given values which can then be assigned to a variables.</doc>
<status status="PASS" start="2024-07-10T20:16:57.403608" elapsed="0.000402"/>
</kw>
<kw name="Create List" owner="BuiltIn">
<msg time="2024-07-10T20:16:57.404478" level="INFO">${allowed_titles} = ['Mr', 'Ms', 'Miss', 'Mrs', 'Madame', 'Monsieur']</msg>
<var>${allowed_titles}</var>
<arg>Mr</arg>
<arg>Ms</arg>
<arg>Miss</arg>
<arg>Mrs</arg>
<arg>Madame</arg>
<arg>Monsieur</arg>
<doc>Returns a list containing given items.</doc>
<status status="PASS" start="2024-07-10T20:16:57.404305" elapsed="0.000204"/>
</kw>
<kw name="List Should Contain Value" owner="Collections">
<arg>${allowed_titles}</arg>
<arg>${name_title}</arg>
<doc>Fails if the ``value`` is not found from ``list``.</doc>
<status status="PASS" start="2024-07-10T20:16:57.404816" elapsed="0.000176"/>
</kw>
<kw name="Set Variable" owner="BuiltIn">
<msg time="2024-07-10T20:16:57.405532" level="INFO">${name_country} = DE</msg>
<var>${name_country}</var>
<arg>${json_data["results"][0]["nat"]}</arg>
<doc>Returns the given values which can then be assigned to a variables.</doc>
<status status="PASS" start="2024-07-10T20:16:57.405169" elapsed="0.000387"/>
</kw>
<kw name="Create List" owner="BuiltIn">
<msg time="2024-07-10T20:16:57.406467" level="INFO">${list_country} = ['AD', 'AE', 'AF', 'AG', 'AI', 'AL', 'AM', 'AO', 'AQ', 'AR', 'AS', 'AT', 'AU', 'AW', 'AX', 'AZ', 'BA', 'BB', 'BD', 'BE', 'BF', 'BG', 'BH', 'BI', 'BJ', 'BL', 'BM', 'BN', 'BO', 'BQ', 'BR', 'BS', 'BT', '...</msg>
<var>${list_country}</var>
<arg>AD</arg>
<arg>AE</arg>
<arg>AF</arg>
<arg>AG</arg>
<arg>AI</arg>
<arg>AL</arg>
<arg>AM</arg>
<arg>AO</arg>
<arg>AQ</arg>
<arg>AR</arg>
<arg>AS</arg>
<arg>AT</arg>
<arg>AU</arg>
<arg>AW</arg>
<arg>AX</arg>
<arg>AZ</arg>
<arg>BA</arg>
<arg>BB</arg>
<arg>BD</arg>
<arg>BE</arg>
<arg>BF</arg>
<arg>BG</arg>
<arg>BH</arg>
<arg>BI</arg>
<arg>BJ</arg>
<arg>BL</arg>
<arg>BM</arg>
<arg>BN</arg>
<arg>BO</arg>
<arg>BQ</arg>
<arg>BR</arg>
<arg>BS</arg>
<arg>BT</arg>
<arg>BV</arg>
<arg>BW</arg>
<arg>BY</arg>
<arg>BZ</arg>
<arg>CA</arg>
<arg>CC</arg>
<arg>CD</arg>
<arg>CF</arg>
<arg>CG</arg>
<arg>CH</arg>
<arg>CI</arg>
<arg>CK</arg>
<arg>CL</arg>
<arg>CM</arg>
<arg>CN</arg>
<arg>CO</arg>
<arg>CR</arg>
<arg>CU</arg>
<arg>CV</arg>
<arg>CW</arg>
<arg>CX</arg>
<arg>CY</arg>
<arg>CZ</arg>
<arg>DE</arg>
<arg>DJ</arg>
<arg>DK</arg>
<arg>DM</arg>
<arg>DO</arg>
<arg>DZ</arg>
<arg>EC</arg>
<arg>EE</arg>
<arg>EG</arg>
<arg>EH</arg>
<arg>ER</arg>
<arg>ES</arg>
<arg>ET</arg>
<arg>FI</arg>
<arg>FJ</arg>
<arg>FK</arg>
<arg>FM</arg>
<arg>FO</arg>
<arg>FR</arg>
<arg>GA</arg>
<arg>GB</arg>
<arg>GD</arg>
<arg>GE</arg>
<arg>GF</arg>
<arg>GG</arg>
<arg>GH</arg>
<arg>GI</arg>
<arg>GL</arg>
<arg>GM</arg>
<arg>GN</arg>
<arg>GP</arg>
<arg>GQ</arg>
<arg>GR</arg>
<arg>GS</arg>
<arg>GT</arg>
<arg>GU</arg>
<arg>GW</arg>
<arg>GY</arg>
<arg>HK</arg>
<arg>HM</arg>
<arg>HN</arg>
<arg>HR</arg>
<arg>HT</arg>
<arg>HU</arg>
<arg>ID</arg>
<arg>IE</arg>
<arg>IL</arg>
<arg>IM</arg>
<arg>IN</arg>
<arg>IO</arg>
<arg>IQ</arg>
<arg>IR</arg>
<arg>IS</arg>
<arg>IT</arg>
<arg>JE</arg>
<arg>JM</arg>
<arg>JO</arg>
<arg>JP</arg>
<arg>KE</arg>
<arg>KG</arg>
<arg>KH</arg>
<arg>KI</arg>
<arg>KM</arg>
<arg>KN</arg>
<arg>KP</arg>
<arg>KR</arg>
<arg>KW</arg>
<arg>KY</arg>
<arg>KZ</arg>
<arg>LA</arg>
<arg>LB</arg>
<arg>LC</arg>
<arg>LI</arg>
<arg>LK</arg>
<arg>LR</arg>
<arg>LS</arg>
<arg>LT</arg>
<arg>LU</arg>
<arg>LV</arg>
<arg>LY</arg>
<arg>MA</arg>
<arg>MC</arg>
<arg>MD</arg>
<arg>ME</arg>
<arg>MF</arg>
<arg>MG</arg>
<arg>MH</arg>
<arg>MK</arg>
<arg>ML</arg>
<arg>MM</arg>
<arg>MN</arg>
<arg>MO</arg>
<arg>MP</arg>
<arg>MQ</arg>
<arg>MR</arg>
<arg>MS</arg>
<arg>MT</arg>
<arg>MU</arg>
<arg>MV</arg>
<arg>MW</arg>
<arg>MX</arg>
<arg>MY</arg>
<arg>MZ</arg>
<arg>NA</arg>
<arg>NC</arg>
<arg>NE</arg>
<arg>NF</arg>
<arg>NG</arg>
<arg>NI</arg>
<arg>NL</arg>
<arg>NO</arg>
<arg>NP</arg>
<arg>NR</arg>
<arg>NU</arg>
<arg>NZ</arg>
<arg>OM</arg>
<arg>PA</arg>
<arg>PE</arg>
<arg>PF</arg>
<arg>PG</arg>
<arg>PH</arg>
<arg>PK</arg>
<arg>PL</arg>
<arg>PM</arg>
<arg>PN</arg>
<arg>PR</arg>
<arg>PS</arg>
<arg>PT</arg>
<arg>PW</arg>
<arg>PY</arg>
<arg>QA</arg>
<arg>RE</arg>
<arg>RO</arg>
<arg>RS</arg>
<arg>RU</arg>
<arg>RW</arg>
<arg>SA</arg>
<arg>SB</arg>
<arg>SC</arg>
<arg>SD</arg>
<arg>SE</arg>
<arg>SG</arg>
<arg>SH</arg>
<arg>SI</arg>
<arg>SJ</arg>
<arg>SK</arg>
<arg>SL</arg>
<arg>SM</arg>
<arg>SN</arg>
<arg>SO</arg>
<arg>SR</arg>
<arg>SS</arg>
<arg>ST</arg>
<arg>SV</arg>
<arg>SX</arg>
<arg>SY</arg>
<arg>SZ</arg>
<arg>TC</arg>
<arg>TD</arg>
<arg>TF</arg>
<arg>TG</arg>
<arg>TH</arg>
<arg>TJ</arg>
<arg>TK</arg>
<arg>TL</arg>
<arg>TM</arg>
<arg>TN</arg>
<arg>TO</arg>
<arg>TR</arg>
<arg>TT</arg>
<arg>TV</arg>
<arg>TW</arg>
<arg>TZ</arg>
<arg>UA</arg>
<arg>UG</arg>
<arg>UM</arg>
<arg>US</arg>
<arg>UY</arg>
<arg>UZ</arg>
<arg>VA</arg>
<arg>VC</arg>
<arg>VE</arg>
<arg>VG</arg>
<arg>VI</arg>
<arg>VN</arg>
<arg>VU</arg>
<arg>WF</arg>
<arg>WS</arg>
<arg>XK</arg>
<arg>YE</arg>
<arg>YT</arg>
<arg>ZA</arg>
<arg>ZM</arg>
<arg>ZW</arg>
<doc>Returns a list containing given items.</doc>
<status status="PASS" start="2024-07-10T20:16:57.405845" elapsed="0.000647"/>
</kw>
<kw name="List Should Contain Value" owner="Collections">
<arg>${list_country}</arg>
<arg>${name_country}</arg>
<doc>Fails if the ``value`` is not found from ``list``.</doc>
<status status="PASS" start="2024-07-10T20:16:57.407279" elapsed="0.000200"/>
</kw>
<kw name="Run Keyword If" owner="BuiltIn">
<kw name="Should Be True" owner="BuiltIn">
<arg>${True}</arg>
<doc>Fails if the given condition is not true.</doc>
<status status="PASS" start="2024-07-10T20:16:57.408409" elapsed="0.000139"/>
</kw>
<arg>${json_data["results"][0]["location"]["coordinates"]["latitude"]} &gt;= -90 and ${json_data["results"][0]["location"]["coordinates"]["latitude"]} &lt;= 90</arg>
<arg>Should Be True</arg>
<arg>${True}</arg>
<doc>Runs the given keyword with the given arguments, if ``condition`` is true.</doc>
<status status="PASS" start="2024-07-10T20:16:57.407671" elapsed="0.001000"/>
</kw>
<kw name="Run Keyword If" owner="BuiltIn">
<kw name="Should Be True" owner="BuiltIn">
<arg>${True}</arg>
<doc>Fails if the given condition is not true.</doc>
<status status="PASS" start="2024-07-10T20:16:57.409543" elapsed="0.000138"/>
</kw>
<arg>${json_data["results"][0]["location"]["coordinates"]["longitude"]} &gt;= -180 and ${json_data["results"][0]["location"]["coordinates"]["longitude"]} &lt;= 180</arg>
<arg>Should Be True</arg>
<arg>${True}</arg>
<doc>Runs the given keyword with the given arguments, if ``condition`` is true.</doc>
<status status="PASS" start="2024-07-10T20:16:57.408849" elapsed="0.000957"/>
</kw>
<status status="PASS" start="2024-07-10T20:16:57.292616" elapsed="0.117328"/>
</kw>
<doc>Testa o conteúdo específico dos campos retornados pela API.</doc>
<tag>testeConteudo</tag>
<status status="PASS" start="2024-07-10T20:16:57.292151" elapsed="0.117950"/>
</test>
<status status="PASS" start="2024-07-10T20:16:56.406923" elapsed="1.005279"/>
</suite>
<status status="PASS" start="2024-07-10T20:16:56.391545" elapsed="1.025892"/>
</suite>
<statistics>
<total>
<stat pass="5" fail="0" skip="0">All Tests</stat>
</total>
<tag>
<stat pass="1" fail="0" skip="0">testeConteudo</stat>
<stat pass="1" fail="0" skip="0">testeEstruturaResposta</stat>
<stat pass="1" fail="0" skip="0">testeRequisicaoBasica</stat>
<stat pass="1" fail="0" skip="0">testeTiposDados</stat>
</tag>
<suite>
<stat pass="5" fail="0" skip="0" id="s1" name="Tests">Tests</stat>
<stat pass="5" fail="0" skip="0" id="s1-s1" name="Random-User-Test">Tests.Random-User-Test</stat>
</suite>
</statistics>
<errors>
</errors>
</robot>
