<?xml version="1.0" encoding="UTF-8"?>
<robot generator="Robot 7.0.1 (Python 3.12.4 on linux)" generated="2024-08-10T17:12:28.842448" rpa="false" schemaversion="5">
<suite id="s1" name="Tests" source="/home/runner/work/ApiRandomUser/ApiRandomUser/RamdonUser/tests">
<suite id="s1-s1" name="Random-User-Test" source="/home/runner/work/ApiRandomUser/ApiRandomUser/RamdonUser/tests/random-user-test.robot">
<test id="s1-s1-t1" name="Conectar" line="13">
<kw name="Conectar API" owner="random-user-service">
<kw name="Create Session" owner="RequestsLibrary">
<msg time="2024-08-10T17:12:29.305227" level="INFO">Creating Session using : alias=consultarAPI, url=https://randomuser.me/, headers={},                     cookies={}, auth=None, timeout=None, proxies=None, verify=False,                     debug=0 </msg>
<arg>consultarAPI</arg>
<arg>${URL}</arg>
<doc>Create Session: create a HTTP session to a server</doc>
<status status="PASS" start="2024-08-10T17:12:29.305023" elapsed="0.000375"/>
</kw>
<status status="PASS" start="2024-08-10T17:12:29.303982" elapsed="0.001801"/>
</kw>
<status status="PASS" start="2024-08-10T17:12:29.303452" elapsed="0.002542"/>
</test>
<test id="s1-s1-t2" name="Validar retorno 200 e JSON Válido" line="16">
<kw name="Teste de Requisicao Basica" owner="random-user-service">
<kw name="GET On Session" owner="RequestsLibrary">
<msg time="2024-08-10T17:12:29.501519" level="INFO">GET Request : url=https://randomuser.me/api 
 path_url=/api 
 headers={'User-Agent': 'python-requests/2.32.3', 'Accept-Encoding': 'gzip, deflate', 'Accept': '*/*', 'Connection': 'keep-alive'} 
 body=None 
 </msg>
<msg time="2024-08-10T17:12:29.501627" level="INFO">GET Response : url=https://randomuser.me/api 
 status=200, reason=OK 
 headers={'Date': 'Sat, 10 Aug 2024 17:12:29 GMT', 'Content-Type': 'application/json; charset=utf-8', 'Transfer-Encoding': 'chunked', 'Connection': 'keep-alive', 'X-Powered-By': 'Express', 'Access-Control-Allow-Origin': '*', 'Cache-Control': 'no-cache', 'ETag': 'W/"48d-/vCmE3uy02SXd7w6pnrWfBT8+wQ"', 'Vary': 'Accept-Encoding', 'Content-Encoding': 'gzip', 'CF-Cache-Status': 'DYNAMIC', 'Report-To': '{"endpoints":[{"url":"https:\\/\\/a.nel.cloudflare.com\\/report\\/v4?s=Lo%2B4UEYZp2Fw3vau53MRj%2BkHxpx1%2BHnt6Nw71LFpmsP1Uc2dO1gaH%2B7%2BAoEQ1RPn83JZ2uZTdnRuA3%2FxmG6RlPAJFkzmINzW%2BvylvmXmrmOvDY7vyCgn%2B5ZL4QfewwiC"}],"group":"cf-nel","max_age":604800}', 'NEL': '{"success_fraction":0,"report_to":"cf-nel","max_age":604800}', 'Server': 'cloudflare', 'CF-RAY': '8b119c700efa2034-IAD', 'alt-svc': 'h3=":443"; ma=86400'} 
 body={"results":[{"gender":"female","name":{"title":"Ms","first":"Johanne","last":"Thomsen"},"location":{"street":{"number":7164,"name":"Haveforeningen Kildegården"},"city":"Kongens  Lyngby","state":"Danmark","country":"Denmark","postcode":15342,"coordinates":{"latitude":"-44.6264","longitude":"26.0061"},"timezone":{"offset":"+5:45","description":"Kathmandu"}},"email":"johanne.thomsen@example.com","login":{"uuid":"6fecb460-0c4b-4401-8a1d-939c3b77709b","username":"ticklishmeercat281","password":"adams","salt":"XqUqcgWO","md5":"77bb57c39a59dc4ebeb57e0965e8c490","sha1":"141dacfb2b1d8fa7e7f59c876babd4c069917620","sha256":"5c534fc30951ec0e7a48273016a1c5081fa65bb2a4d0ae22b436accfac42e3d6"},"dob":{"date":"1977-03-16T13:42:43.609Z","age":47},"registered":{"date":"2018-07-09T07:45:02.065Z","age":6},"phone":"74440675","cell":"42496158","id":{"name":"CPR","value":"160377-8128"},"picture":{"large":"https://randomuser.me/api/portraits/women/23.jpg","medium":"https://randomuser.me/api/portraits/med/women/23.jpg","thumbnail":"https://randomuser.me/api/portraits/thumb/women/23.jpg"},"nat":"DK"}],"info":{"seed":"1eab88f2b32fe420","results":1,"page":1,"version":"1.4"}} 
 </msg>
<msg time="2024-08-10T17:12:29.501700" level="INFO">/opt/hostedtoolcache/Python/3.12.4/x64/lib/python3.12/site-packages/urllib3/connectionpool.py:1099: InsecureRequestWarning: Unverified HTTPS request is being made to host 'randomuser.me'. Adding certificate verification is strongly advised. See: https://urllib3.readthedocs.io/en/latest/advanced-usage.html#tls-warnings
  warnings.warn(</msg>
<msg time="2024-08-10T17:12:29.501826" level="INFO">${response} = &lt;Response [200]&gt;</msg>
<var>${response}</var>
<arg>consultarAPI</arg>
<arg>/api</arg>
<doc>Sends a GET request on a previously created HTTP Session.</doc>
<status status="PASS" start="2024-08-10T17:12:29.308535" elapsed="0.193334"/>
</kw>
<kw name="Should Be Equal As Numbers" owner="BuiltIn">
<msg time="2024-08-10T17:12:29.502701" level="INFO">Argument types are:
&lt;class 'int'&gt;
&lt;class 'str'&gt;</msg>
<arg>${response.status_code}</arg>
<arg>200</arg>
<doc>Fails if objects are unequal after converting them to real numbers.</doc>
<status status="PASS" start="2024-08-10T17:12:29.502285" elapsed="0.000478"/>
</kw>
<kw name="Log" owner="BuiltIn">
<msg time="2024-08-10T17:12:29.503437" level="INFO">200</msg>
<arg>${response.status_code}</arg>
<doc>Logs the given message with the given level.</doc>
<status status="PASS" start="2024-08-10T17:12:29.503084" elapsed="0.000395"/>
</kw>
<kw name="Set Variable" owner="BuiltIn">
<msg time="2024-08-10T17:12:29.504215" level="INFO">${json_data} = {'results': [{'gender': 'female', 'name': {'title': 'Ms', 'first': 'Johanne', 'last': 'Thomsen'}, 'location': {'street': {'number': 7164, 'name': 'Haveforeningen Kildegården'}, 'city': 'Kongens  Lyngb...</msg>
<var>${json_data}</var>
<arg>${response.json()}</arg>
<doc>Returns the given values which can then be assigned to a variables.</doc>
<status status="PASS" start="2024-08-10T17:12:29.503782" elapsed="0.000462"/>
</kw>
<kw name="Dictionary Should Contain Key" owner="Collections">
<arg>${json_data}</arg>
<arg>results</arg>
<doc>Fails if ``key`` is not found from ``dictionary``.</doc>
<status status="PASS" start="2024-08-10T17:12:29.504548" elapsed="0.000296"/>
</kw>
<status status="PASS" start="2024-08-10T17:12:29.308286" elapsed="0.196705"/>
</kw>
<doc>Testa se a API responde corretamente e retorna um objeto JSON válido.</doc>
<tag>testeRequisicaoBasica</tag>
<status status="PASS" start="2024-08-10T17:12:29.307841" elapsed="0.197309"/>
</test>
<test id="s1-s1-t3" name="Validar estrutura de resposta" line="22">
<kw name="Teste de Estrutura de Resposta" owner="random-user-service">
<kw name="GET On Session" owner="RequestsLibrary">
<msg time="2024-08-10T17:12:29.582126" level="INFO">GET Request : url=https://randomuser.me/api 
 path_url=/api 
 headers={'User-Agent': 'python-requests/2.32.3', 'Accept-Encoding': 'gzip, deflate', 'Accept': '*/*', 'Connection': 'keep-alive'} 
 body=None 
 </msg>
<msg time="2024-08-10T17:12:29.582206" level="INFO">GET Response : url=https://randomuser.me/api 
 status=200, reason=OK 
 headers={'Date': 'Sat, 10 Aug 2024 17:12:29 GMT', 'Content-Type': 'application/json; charset=utf-8', 'Transfer-Encoding': 'chunked', 'Connection': 'keep-alive', 'X-Powered-By': 'Express', 'Access-Control-Allow-Origin': '*', 'Cache-Control': 'no-cache', 'ETag': 'W/"48d-ZyZb1IjuLktd3I38R42Zr/XbcfY"', 'Vary': 'Accept-Encoding', 'Content-Encoding': 'gzip', 'CF-Cache-Status': 'DYNAMIC', 'Report-To': '{"endpoints":[{"url":"https:\\/\\/a.nel.cloudflare.com\\/report\\/v4?s=rLoiiU1z4G6YDtL8dmhI1Or%2FldqWD%2Fx5kxOwjZiilRxMDzUtk9L51tygA5UIIAmLDIxHhQL95hYC%2BRrkk6AhgQUjb4r%2FffMthLwbpn64PyMzaIfblV0%2FY4qTVx9Y0iPr"}],"group":"cf-nel","max_age":604800}', 'NEL': '{"success_fraction":0,"report_to":"cf-nel","max_age":604800}', 'Server': 'cloudflare', 'CF-RAY': '8b119c707f522034-IAD', 'alt-svc': 'h3=":443"; ma=86400'} 
 body={"results":[{"gender":"male","name":{"title":"Mr","first":"António","last":"Viana"},"location":{"street":{"number":74,"name":"Rua Quatro"},"city":"Varginha","state":"Ceará","country":"Brazil","postcode":77366,"coordinates":{"latitude":"-76.4247","longitude":"-120.3375"},"timezone":{"offset":"+3:00","description":"Baghdad, Riyadh, Moscow, St. Petersburg"}},"email":"antonio.viana@example.com","login":{"uuid":"1f809f3b-543f-496d-9280-cdaebd8f18e6","username":"lazybird815","password":"bike","salt":"wsm8JzZg","md5":"0e2f79d397661928b6b12a833c4c95a3","sha1":"9df88908671e7b1996ea650fe775a89ab84c89f9","sha256":"f5d53788bf15949d29ccc6208886c218f81e28b00e2479d58afb51ec22379543"},"dob":{"date":"1992-06-09T14:30:54.265Z","age":32},"registered":{"date":"2016-01-10T22:51:42.618Z","age":8},"phone":"(78) 5905-9369","cell":"(23) 6212-6997","id":{"name":"CPF","value":"314.405.967-95"},"picture":{"large":"https://randomuser.me/api/portraits/men/88.jpg","medium":"https://randomuser.me/api/portraits/med/men/88.jpg","thumbnail":"https://randomuser.me/api/portraits/thumb/men/88.jpg"},"nat":"BR"}],"info":{"seed":"72ce2635b5bd2ba2","results":1,"page":1,"version":"1.4"}} 
 </msg>
<msg time="2024-08-10T17:12:29.582321" level="INFO">/opt/hostedtoolcache/Python/3.12.4/x64/lib/python3.12/site-packages/urllib3/connectionpool.py:1099: InsecureRequestWarning: Unverified HTTPS request is being made to host 'randomuser.me'. Adding certificate verification is strongly advised. See: https://urllib3.readthedocs.io/en/latest/advanced-usage.html#tls-warnings
  warnings.warn(</msg>
<msg time="2024-08-10T17:12:29.582456" level="INFO">${response} = &lt;Response [200]&gt;</msg>
<var>${response}</var>
<arg>consultarAPI</arg>
<arg>/api</arg>
<doc>Sends a GET request on a previously created HTTP Session.</doc>
<status status="PASS" start="2024-08-10T17:12:29.507711" elapsed="0.074797"/>
</kw>
<kw name="Set Variable" owner="BuiltIn">
<msg time="2024-08-10T17:12:29.583340" level="INFO">${json_data} = {'results': [{'gender': 'male', 'name': {'title': 'Mr', 'first': 'António', 'last': 'Viana'}, 'location': {'street': {'number': 74, 'name': 'Rua Quatro'}, 'city': 'Varginha', 'state': 'Ceará', 'countr...</msg>
<var>${json_data}</var>
<arg>${response.json()}</arg>
<doc>Returns the given values which can then be assigned to a variables.</doc>
<status status="PASS" start="2024-08-10T17:12:29.582884" elapsed="0.000485"/>
</kw>
<kw name="Log" owner="BuiltIn">
<msg time="2024-08-10T17:12:29.583828" level="INFO">{'results': [{'gender': 'male', 'name': {'title': 'Mr', 'first': 'António', 'last': 'Viana'}, 'location': {'street': {'number': 74, 'name': 'Rua Quatro'}, 'city': 'Varginha', 'state': 'Ceará', 'country': 'Brazil', 'postcode': 77366, 'coordinates': {'latitude': '-76.4247', 'longitude': '-120.3375'}, 'timezone': {'offset': '+3:00', 'description': 'Baghdad, Riyadh, Moscow, St. Petersburg'}}, 'email': 'antonio.viana@example.com', 'login': {'uuid': '1f809f3b-543f-496d-9280-cdaebd8f18e6', 'username': 'lazybird815', 'password': 'bike', 'salt': 'wsm8JzZg', 'md5': '0e2f79d397661928b6b12a833c4c95a3', 'sha1': '9df88908671e7b1996ea650fe775a89ab84c89f9', 'sha256': 'f5d53788bf15949d29ccc6208886c218f81e28b00e2479d58afb51ec22379543'}, 'dob': {'date': '1992-06-09T14:30:54.265Z', 'age': 32}, 'registered': {'date': '2016-01-10T22:51:42.618Z', 'age': 8}, 'phone': '(78) 5905-9369', 'cell': '(23) 6212-6997', 'id': {'name': 'CPF', 'value': '314.405.967-95'}, 'picture': {'large': 'https://randomuser.me/api/portraits/men/88.jpg', 'medium': 'https://randomuser.me/api/portraits/med/men/88.jpg', 'thumbnail': 'https://randomuser.me/api/portraits/thumb/men/88.jpg'}, 'nat': 'BR'}], 'info': {'seed': '72ce2635b5bd2ba2', 'results': 1, 'page': 1, 'version': '1.4'}}</msg>
<arg>${json_data}</arg>
<doc>Logs the given message with the given level.</doc>
<status status="PASS" start="2024-08-10T17:12:29.583670" elapsed="0.000206"/>
</kw>
<kw name="Dictionary Should Contain Key" owner="Collections">
<arg>${json_data}</arg>
<arg>results</arg>
<doc>Fails if ``key`` is not found from ``dictionary``.</doc>
<status status="PASS" start="2024-08-10T17:12:29.584167" elapsed="0.000159"/>
</kw>
<kw name="Should Not Be Empty" owner="BuiltIn">
<msg time="2024-08-10T17:12:29.584633" level="INFO">Length is 2.</msg>
<arg>${json_data}</arg>
<doc>Verifies that the given item is not empty.</doc>
<status status="PASS" start="2024-08-10T17:12:29.584509" elapsed="0.000163"/>
</kw>
<kw name="Create List" owner="BuiltIn">
<msg time="2024-08-10T17:12:29.585116" level="INFO">${expected_keys} = ['gender', 'name', 'location', 'email', 'login']</msg>
<var>${expected_keys}</var>
<arg>gender</arg>
<arg>name</arg>
<arg>location</arg>
<arg>email</arg>
<arg>login</arg>
<doc>Returns a list containing given items.</doc>
<status status="PASS" start="2024-08-10T17:12:29.584960" elapsed="0.000180"/>
</kw>
<for flavor="IN">
<iter>
<kw name="Dictionary Should Contain Key" owner="Collections">
<arg>${json_data['results'][0]}</arg>
<arg>${key}</arg>
<doc>Fails if ``key`` is not found from ``dictionary``.</doc>
<status status="PASS" start="2024-08-10T17:12:29.585743" elapsed="0.000417"/>
</kw>
<kw name="Log" owner="BuiltIn">
<msg time="2024-08-10T17:12:29.586712" level="INFO">{'gender': 'male', 'name': {'title': 'Mr', 'first': 'António', 'last': 'Viana'}, 'location': {'street': {'number': 74, 'name': 'Rua Quatro'}, 'city': 'Varginha', 'state': 'Ceará', 'country': 'Brazil', 'postcode': 77366, 'coordinates': {'latitude': '-76.4247', 'longitude': '-120.3375'}, 'timezone': {'offset': '+3:00', 'description': 'Baghdad, Riyadh, Moscow, St. Petersburg'}}, 'email': 'antonio.viana@example.com', 'login': {'uuid': '1f809f3b-543f-496d-9280-cdaebd8f18e6', 'username': 'lazybird815', 'password': 'bike', 'salt': 'wsm8JzZg', 'md5': '0e2f79d397661928b6b12a833c4c95a3', 'sha1': '9df88908671e7b1996ea650fe775a89ab84c89f9', 'sha256': 'f5d53788bf15949d29ccc6208886c218f81e28b00e2479d58afb51ec22379543'}, 'dob': {'date': '1992-06-09T14:30:54.265Z', 'age': 32}, 'registered': {'date': '2016-01-10T22:51:42.618Z', 'age': 8}, 'phone': '(78) 5905-9369', 'cell': '(23) 6212-6997', 'id': {'name': 'CPF', 'value': '314.405.967-95'}, 'picture': {'large': 'https://randomuser.me/api/portraits/men/88.jpg', 'medium': 'https://randomuser.me/api/portraits/med/men/88.jpg', 'thumbnail': 'https://randomuser.me/api/portraits/thumb/men/88.jpg'}, 'nat': 'BR'}</msg>
<arg>${json_data['results'][0]}</arg>
<doc>Logs the given message with the given level.</doc>
<status status="PASS" start="2024-08-10T17:12:29.586349" elapsed="0.000413"/>
</kw>
<kw name="Log" owner="BuiltIn">
<msg time="2024-08-10T17:12:29.587189" level="INFO">gender</msg>
<arg>${key}</arg>
<doc>Logs the given message with the given level.</doc>
<status status="PASS" start="2024-08-10T17:12:29.587059" elapsed="0.000169"/>
</kw>
<var name="${key}">gender</var>
<status status="PASS" start="2024-08-10T17:12:29.585620" elapsed="0.001827"/>
</iter>
<iter>
<kw name="Dictionary Should Contain Key" owner="Collections">
<arg>${json_data['results'][0]}</arg>
<arg>${key}</arg>
<doc>Fails if ``key`` is not found from ``dictionary``.</doc>
<status status="PASS" start="2024-08-10T17:12:29.587747" elapsed="0.000386"/>
</kw>
<kw name="Log" owner="BuiltIn">
<msg time="2024-08-10T17:12:29.588670" level="INFO">{'gender': 'male', 'name': {'title': 'Mr', 'first': 'António', 'last': 'Viana'}, 'location': {'street': {'number': 74, 'name': 'Rua Quatro'}, 'city': 'Varginha', 'state': 'Ceará', 'country': 'Brazil', 'postcode': 77366, 'coordinates': {'latitude': '-76.4247', 'longitude': '-120.3375'}, 'timezone': {'offset': '+3:00', 'description': 'Baghdad, Riyadh, Moscow, St. Petersburg'}}, 'email': 'antonio.viana@example.com', 'login': {'uuid': '1f809f3b-543f-496d-9280-cdaebd8f18e6', 'username': 'lazybird815', 'password': 'bike', 'salt': 'wsm8JzZg', 'md5': '0e2f79d397661928b6b12a833c4c95a3', 'sha1': '9df88908671e7b1996ea650fe775a89ab84c89f9', 'sha256': 'f5d53788bf15949d29ccc6208886c218f81e28b00e2479d58afb51ec22379543'}, 'dob': {'date': '1992-06-09T14:30:54.265Z', 'age': 32}, 'registered': {'date': '2016-01-10T22:51:42.618Z', 'age': 8}, 'phone': '(78) 5905-9369', 'cell': '(23) 6212-6997', 'id': {'name': 'CPF', 'value': '314.405.967-95'}, 'picture': {'large': 'https://randomuser.me/api/portraits/men/88.jpg', 'medium': 'https://randomuser.me/api/portraits/med/men/88.jpg', 'thumbnail': 'https://randomuser.me/api/portraits/thumb/men/88.jpg'}, 'nat': 'BR'}</msg>
<arg>${json_data['results'][0]}</arg>
<doc>Logs the given message with the given level.</doc>
<status status="PASS" start="2024-08-10T17:12:29.588316" elapsed="0.000436"/>
</kw>
<kw name="Log" owner="BuiltIn">
<msg time="2024-08-10T17:12:29.589187" level="INFO">name</msg>
<arg>${key}</arg>
<doc>Logs the given message with the given level.</doc>
<status status="PASS" start="2024-08-10T17:12:29.589049" elapsed="0.000176"/>
</kw>
<var name="${key}">name</var>
<status status="PASS" start="2024-08-10T17:12:29.587633" elapsed="0.001826"/>
</iter>
<iter>
<kw name="Dictionary Should Contain Key" owner="Collections">
<arg>${json_data['results'][0]}</arg>
<arg>${key}</arg>
<doc>Fails if ``key`` is not found from ``dictionary``.</doc>
<status status="PASS" start="2024-08-10T17:12:29.589748" elapsed="0.000384"/>
</kw>
<kw name="Log" owner="BuiltIn">
<msg time="2024-08-10T17:12:29.590663" level="INFO">{'gender': 'male', 'name': {'title': 'Mr', 'first': 'António', 'last': 'Viana'}, 'location': {'street': {'number': 74, 'name': 'Rua Quatro'}, 'city': 'Varginha', 'state': 'Ceará', 'country': 'Brazil', 'postcode': 77366, 'coordinates': {'latitude': '-76.4247', 'longitude': '-120.3375'}, 'timezone': {'offset': '+3:00', 'description': 'Baghdad, Riyadh, Moscow, St. Petersburg'}}, 'email': 'antonio.viana@example.com', 'login': {'uuid': '1f809f3b-543f-496d-9280-cdaebd8f18e6', 'username': 'lazybird815', 'password': 'bike', 'salt': 'wsm8JzZg', 'md5': '0e2f79d397661928b6b12a833c4c95a3', 'sha1': '9df88908671e7b1996ea650fe775a89ab84c89f9', 'sha256': 'f5d53788bf15949d29ccc6208886c218f81e28b00e2479d58afb51ec22379543'}, 'dob': {'date': '1992-06-09T14:30:54.265Z', 'age': 32}, 'registered': {'date': '2016-01-10T22:51:42.618Z', 'age': 8}, 'phone': '(78) 5905-9369', 'cell': '(23) 6212-6997', 'id': {'name': 'CPF', 'value': '314.405.967-95'}, 'picture': {'large': 'https://randomuser.me/api/portraits/men/88.jpg', 'medium': 'https://randomuser.me/api/portraits/med/men/88.jpg', 'thumbnail': 'https://randomuser.me/api/portraits/thumb/men/88.jpg'}, 'nat': 'BR'}</msg>
<arg>${json_data['results'][0]}</arg>
<doc>Logs the given message with the given level.</doc>
<status status="PASS" start="2024-08-10T17:12:29.590314" elapsed="0.000399"/>
</kw>
<kw name="Log" owner="BuiltIn">
<msg time="2024-08-10T17:12:29.591144" level="INFO">location</msg>
<arg>${key}</arg>
<doc>Logs the given message with the given level.</doc>
<status status="PASS" start="2024-08-10T17:12:29.591016" elapsed="0.000166"/>
</kw>
<var name="${key}">location</var>
<status status="PASS" start="2024-08-10T17:12:29.589639" elapsed="0.001766"/>
</iter>
<iter>
<kw name="Dictionary Should Contain Key" owner="Collections">
<arg>${json_data['results'][0]}</arg>
<arg>${key}</arg>
<doc>Fails if ``key`` is not found from ``dictionary``.</doc>
<status status="PASS" start="2024-08-10T17:12:29.591682" elapsed="0.000384"/>
</kw>
<kw name="Log" owner="BuiltIn">
<msg time="2024-08-10T17:12:29.592711" level="INFO">{'gender': 'male', 'name': {'title': 'Mr', 'first': 'António', 'last': 'Viana'}, 'location': {'street': {'number': 74, 'name': 'Rua Quatro'}, 'city': 'Varginha', 'state': 'Ceará', 'country': 'Brazil', 'postcode': 77366, 'coordinates': {'latitude': '-76.4247', 'longitude': '-120.3375'}, 'timezone': {'offset': '+3:00', 'description': 'Baghdad, Riyadh, Moscow, St. Petersburg'}}, 'email': 'antonio.viana@example.com', 'login': {'uuid': '1f809f3b-543f-496d-9280-cdaebd8f18e6', 'username': 'lazybird815', 'password': 'bike', 'salt': 'wsm8JzZg', 'md5': '0e2f79d397661928b6b12a833c4c95a3', 'sha1': '9df88908671e7b1996ea650fe775a89ab84c89f9', 'sha256': 'f5d53788bf15949d29ccc6208886c218f81e28b00e2479d58afb51ec22379543'}, 'dob': {'date': '1992-06-09T14:30:54.265Z', 'age': 32}, 'registered': {'date': '2016-01-10T22:51:42.618Z', 'age': 8}, 'phone': '(78) 5905-9369', 'cell': '(23) 6212-6997', 'id': {'name': 'CPF', 'value': '314.405.967-95'}, 'picture': {'large': 'https://randomuser.me/api/portraits/men/88.jpg', 'medium': 'https://randomuser.me/api/portraits/med/men/88.jpg', 'thumbnail': 'https://randomuser.me/api/portraits/thumb/men/88.jpg'}, 'nat': 'BR'}</msg>
<arg>${json_data['results'][0]}</arg>
<doc>Logs the given message with the given level.</doc>
<status status="PASS" start="2024-08-10T17:12:29.592354" elapsed="0.000406"/>
</kw>
<kw name="Log" owner="BuiltIn">
<msg time="2024-08-10T17:12:29.593184" level="INFO">email</msg>
<arg>${key}</arg>
<doc>Logs the given message with the given level.</doc>
<status status="PASS" start="2024-08-10T17:12:29.593054" elapsed="0.000169"/>
</kw>
<var name="${key}">email</var>
<status status="PASS" start="2024-08-10T17:12:29.591576" elapsed="0.001883"/>
</iter>
<iter>
<kw name="Dictionary Should Contain Key" owner="Collections">
<arg>${json_data['results'][0]}</arg>
<arg>${key}</arg>
<doc>Fails if ``key`` is not found from ``dictionary``.</doc>
<status status="PASS" start="2024-08-10T17:12:29.593753" elapsed="0.000384"/>
</kw>
<kw name="Log" owner="BuiltIn">
<msg time="2024-08-10T17:12:29.594678" level="INFO">{'gender': 'male', 'name': {'title': 'Mr', 'first': 'António', 'last': 'Viana'}, 'location': {'street': {'number': 74, 'name': 'Rua Quatro'}, 'city': 'Varginha', 'state': 'Ceará', 'country': 'Brazil', 'postcode': 77366, 'coordinates': {'latitude': '-76.4247', 'longitude': '-120.3375'}, 'timezone': {'offset': '+3:00', 'description': 'Baghdad, Riyadh, Moscow, St. Petersburg'}}, 'email': 'antonio.viana@example.com', 'login': {'uuid': '1f809f3b-543f-496d-9280-cdaebd8f18e6', 'username': 'lazybird815', 'password': 'bike', 'salt': 'wsm8JzZg', 'md5': '0e2f79d397661928b6b12a833c4c95a3', 'sha1': '9df88908671e7b1996ea650fe775a89ab84c89f9', 'sha256': 'f5d53788bf15949d29ccc6208886c218f81e28b00e2479d58afb51ec22379543'}, 'dob': {'date': '1992-06-09T14:30:54.265Z', 'age': 32}, 'registered': {'date': '2016-01-10T22:51:42.618Z', 'age': 8}, 'phone': '(78) 5905-9369', 'cell': '(23) 6212-6997', 'id': {'name': 'CPF', 'value': '314.405.967-95'}, 'picture': {'large': 'https://randomuser.me/api/portraits/men/88.jpg', 'medium': 'https://randomuser.me/api/portraits/med/men/88.jpg', 'thumbnail': 'https://randomuser.me/api/portraits/thumb/men/88.jpg'}, 'nat': 'BR'}</msg>
<arg>${json_data['results'][0]}</arg>
<doc>Logs the given message with the given level.</doc>
<status status="PASS" start="2024-08-10T17:12:29.594329" elapsed="0.000407"/>
</kw>
<kw name="Log" owner="BuiltIn">
<msg time="2024-08-10T17:12:29.595155" level="INFO">login</msg>
<arg>${key}</arg>
<doc>Logs the given message with the given level.</doc>
<status status="PASS" start="2024-08-10T17:12:29.595029" elapsed="0.000163"/>
</kw>
<var name="${key}">login</var>
<status status="PASS" start="2024-08-10T17:12:29.593646" elapsed="0.001760"/>
</iter>
<var>${key}</var>
<value>@{expected_keys}</value>
<status status="PASS" start="2024-08-10T17:12:29.585391" elapsed="0.010134"/>
</for>
<kw name="Create List" owner="BuiltIn">
<msg time="2024-08-10T17:12:29.595853" level="INFO">${expected_keysTwo} = ['username', 'password']</msg>
<var>${expected_keysTwo}</var>
<arg>username</arg>
<arg>password</arg>
<doc>Returns a list containing given items.</doc>
<status status="PASS" start="2024-08-10T17:12:29.595715" elapsed="0.000194"/>
</kw>
<for flavor="IN">
<iter>
<kw name="Dictionary Should Contain Key" owner="Collections">
<arg>${json_data['results'][0]['login']}</arg>
<arg>${keyTwo}</arg>
<doc>Fails if ``key`` is not found from ``dictionary``.</doc>
<status status="PASS" start="2024-08-10T17:12:29.596416" elapsed="0.000393"/>
</kw>
<kw name="Dictionary Should Contain Key" owner="Collections">
<arg>${json_data['results'][0]['login']}</arg>
<arg>${keyTwo}</arg>
<doc>Fails if ``key`` is not found from ``dictionary``.</doc>
<status status="PASS" start="2024-08-10T17:12:29.596991" elapsed="0.000378"/>
</kw>
<kw name="Log" owner="BuiltIn">
<msg time="2024-08-10T17:12:29.597693" level="INFO">username</msg>
<arg>${keyTwo}</arg>
<doc>Logs the given message with the given level.</doc>
<status status="PASS" start="2024-08-10T17:12:29.597571" elapsed="0.000160"/>
</kw>
<var name="${keyTwo}">username</var>
<status status="PASS" start="2024-08-10T17:12:29.596309" elapsed="0.001641"/>
</iter>
<iter>
<kw name="Dictionary Should Contain Key" owner="Collections">
<arg>${json_data['results'][0]['login']}</arg>
<arg>${keyTwo}</arg>
<doc>Fails if ``key`` is not found from ``dictionary``.</doc>
<status status="PASS" start="2024-08-10T17:12:29.598234" elapsed="0.000389"/>
</kw>
<kw name="Dictionary Should Contain Key" owner="Collections">
<arg>${json_data['results'][0]['login']}</arg>
<arg>${keyTwo}</arg>
<doc>Fails if ``key`` is not found from ``dictionary``.</doc>
<status status="PASS" start="2024-08-10T17:12:29.598800" elapsed="0.000384"/>
</kw>
<kw name="Log" owner="BuiltIn">
<msg time="2024-08-10T17:12:29.599478" level="INFO">password</msg>
<arg>${keyTwo}</arg>
<doc>Logs the given message with the given level.</doc>
<status status="PASS" start="2024-08-10T17:12:29.599359" elapsed="0.000156"/>
</kw>
<var name="${keyTwo}">password</var>
<status status="PASS" start="2024-08-10T17:12:29.598122" elapsed="0.001609"/>
</iter>
<var>${keyTwo}</var>
<value>@{expected_keysTwo}</value>
<status status="PASS" start="2024-08-10T17:12:29.596157" elapsed="0.003694"/>
</for>
<status status="PASS" start="2024-08-10T17:12:29.507490" elapsed="0.092507"/>
</kw>
<doc>Testa a estrutura da resposta da API.</doc>
<tag>testeEstruturaResposta</tag>
<status status="PASS" start="2024-08-10T17:12:29.506990" elapsed="0.093155"/>
</test>
<test id="s1-s1-t4" name="Validar tipos de dados" line="28">
<kw name="Teste de Tipos de Dados" owner="random-user-service">
<kw name="GET On Session" owner="RequestsLibrary">
<msg time="2024-08-10T17:12:29.748862" level="INFO">GET Request : url=https://randomuser.me/api 
 path_url=/api 
 headers={'User-Agent': 'python-requests/2.32.3', 'Accept-Encoding': 'gzip, deflate', 'Accept': '*/*', 'Connection': 'keep-alive'} 
 body=None 
 </msg>
<msg time="2024-08-10T17:12:29.748946" level="INFO">GET Response : url=https://randomuser.me/api 
 status=200, reason=OK 
 headers={'Date': 'Sat, 10 Aug 2024 17:12:29 GMT', 'Content-Type': 'application/json; charset=utf-8', 'Transfer-Encoding': 'chunked', 'Connection': 'keep-alive', 'X-Powered-By': 'Express', 'Access-Control-Allow-Origin': '*', 'Cache-Control': 'no-cache', 'ETag': 'W/"494-2uN9/tnK/tTcqMnVybnhB5iJ5fA"', 'Vary': 'Accept-Encoding', 'Content-Encoding': 'gzip', 'CF-Cache-Status': 'DYNAMIC', 'Report-To': '{"endpoints":[{"url":"https:\\/\\/a.nel.cloudflare.com\\/report\\/v4?s=2ISkX3mYv%2Bz4MCileCcbbF%2FqOJ3N2gXDOkyaRQvCqyM8%2FdoNLAlAmHWn1hI7LnkznFfuw9Py5EHJBseLE2U4QHi6EFXThc%2FTuIFx9aTU%2FfcsADDZu%2F3QD9dk%2FiP8Nizs"}],"group":"cf-nel","max_age":604800}', 'NEL': '{"success_fraction":0,"report_to":"cf-nel","max_age":604800}', 'Server': 'cloudflare', 'CF-RAY': '8b119c710fef2034-IAD', 'alt-svc': 'h3=":443"; ma=86400'} 
 body={"results":[{"gender":"female","name":{"title":"Mrs","first":"Cecilie","last":"Hansen"},"location":{"street":{"number":2259,"name":"Plantagevej"},"city":"Nykøbing F","state":"Sjælland","country":"Denmark","postcode":53777,"coordinates":{"latitude":"-45.6021","longitude":"96.6462"},"timezone":{"offset":"+10:00","description":"Eastern Australia, Guam, Vladivostok"}},"email":"cecilie.hansen@example.com","login":{"uuid":"227f3a8b-76df-4a1e-8e0b-5f49bc782ab4","username":"silverfrog976","password":"4runner","salt":"A29Nf5r3","md5":"bcd1a64854ecef7c812f4bef992e6ee9","sha1":"a1649633a035990b38e07ce191c390937971e992","sha256":"f4ada0072562c260a978c60189b133c88dd92bbc7203c9bbe47b64fe279069f3"},"dob":{"date":"1962-03-14T19:00:35.891Z","age":62},"registered":{"date":"2013-08-12T00:48:08.788Z","age":10},"phone":"74516723","cell":"25576115","id":{"name":"CPR","value":"140362-1497"},"picture":{"large":"https://randomuser.me/api/portraits/women/67.jpg","medium":"https://randomuser.me/api/portraits/med/women/67.jpg","thumbnail":"https://randomuser.me/api/portraits/thumb/women/67.jpg"},"nat":"DK"}],"info":{"seed":"a99596b5e499f7a3","results":1,"page":1,"version":"1.4"}} 
 </msg>
<msg time="2024-08-10T17:12:29.749011" level="INFO">/opt/hostedtoolcache/Python/3.12.4/x64/lib/python3.12/site-packages/urllib3/connectionpool.py:1099: InsecureRequestWarning: Unverified HTTPS request is being made to host 'randomuser.me'. Adding certificate verification is strongly advised. See: https://urllib3.readthedocs.io/en/latest/advanced-usage.html#tls-warnings
  warnings.warn(</msg>
<msg time="2024-08-10T17:12:29.749114" level="INFO">${response} = &lt;Response [200]&gt;</msg>
<var>${response}</var>
<arg>consultarAPI</arg>
<arg>/api</arg>
<doc>Sends a GET request on a previously created HTTP Session.</doc>
<status status="PASS" start="2024-08-10T17:12:29.602604" elapsed="0.146549"/>
</kw>
<kw name="Set Variable" owner="BuiltIn">
<msg time="2024-08-10T17:12:29.750002" level="INFO">${json_data} = {'results': [{'gender': 'female', 'name': {'title': 'Mrs', 'first': 'Cecilie', 'last': 'Hansen'}, 'location': {'street': {'number': 2259, 'name': 'Plantagevej'}, 'city': 'Nykøbing F', 'state': 'Sjælla...</msg>
<var>${json_data}</var>
<arg>${response.json()}</arg>
<doc>Returns the given values which can then be assigned to a variables.</doc>
<status status="PASS" start="2024-08-10T17:12:29.749544" elapsed="0.000487"/>
</kw>
<kw name="Log" owner="BuiltIn">
<msg time="2024-08-10T17:12:29.750488" level="INFO">{'results': [{'gender': 'female', 'name': {'title': 'Mrs', 'first': 'Cecilie', 'last': 'Hansen'}, 'location': {'street': {'number': 2259, 'name': 'Plantagevej'}, 'city': 'Nykøbing F', 'state': 'Sjælland', 'country': 'Denmark', 'postcode': 53777, 'coordinates': {'latitude': '-45.6021', 'longitude': '96.6462'}, 'timezone': {'offset': '+10:00', 'description': 'Eastern Australia, Guam, Vladivostok'}}, 'email': 'cecilie.hansen@example.com', 'login': {'uuid': '227f3a8b-76df-4a1e-8e0b-5f49bc782ab4', 'username': 'silverfrog976', 'password': '4runner', 'salt': 'A29Nf5r3', 'md5': 'bcd1a64854ecef7c812f4bef992e6ee9', 'sha1': 'a1649633a035990b38e07ce191c390937971e992', 'sha256': 'f4ada0072562c260a978c60189b133c88dd92bbc7203c9bbe47b64fe279069f3'}, 'dob': {'date': '1962-03-14T19:00:35.891Z', 'age': 62}, 'registered': {'date': '2013-08-12T00:48:08.788Z', 'age': 10}, 'phone': '74516723', 'cell': '25576115', 'id': {'name': 'CPR', 'value': '140362-1497'}, 'picture': {'large': 'https://randomuser.me/api/portraits/women/67.jpg', 'medium': 'https://randomuser.me/api/portraits/med/women/67.jpg', 'thumbnail': 'https://randomuser.me/api/portraits/thumb/women/67.jpg'}, 'nat': 'DK'}], 'info': {'seed': 'a99596b5e499f7a3', 'results': 1, 'page': 1, 'version': '1.4'}}</msg>
<arg>${json_data}</arg>
<doc>Logs the given message with the given level.</doc>
<status status="PASS" start="2024-08-10T17:12:29.750327" elapsed="0.000218"/>
</kw>
<kw name="Should Be String" owner="String">
<arg>${json_data['results'][0]['gender']}</arg>
<doc>Fails if the given ``item`` is not a string.</doc>
<status status="PASS" start="2024-08-10T17:12:29.750831" elapsed="0.000360"/>
</kw>
<kw name="Should Match Regexp" owner="BuiltIn">
<arg>${json_data['results'][0]['email']}</arg>
<arg>^[a-zA-Z0-9._%+-]+@[a-zA-Z0-9.-]+\.[a-zA-Z]{2,}$</arg>
<doc>Fails if ``string`` does not match ``pattern`` as a regular expression.</doc>
<status status="PASS" start="2024-08-10T17:12:29.751381" elapsed="0.000553"/>
</kw>
<kw name="Should Match Regexp" owner="BuiltIn">
<arg>${json_data['results'][0]['dob']['date']}</arg>
<arg>\\d{4}-\\d{2}-\\d{2}T\\d{2}:\\d{2}:\\d{2}\\.\\d{3}Z</arg>
<doc>Fails if ``string`` does not match ``pattern`` as a regular expression.</doc>
<status status="PASS" start="2024-08-10T17:12:29.752128" elapsed="0.000586"/>
</kw>
<kw name="Should Match Regexp" owner="BuiltIn">
<arg>${json_data['results'][0]['registered']['date']}</arg>
<arg>\\d{4}-\\d{2}-\\d{2}T\\d{2}:\\d{2}:\\d{2}\\.\\d{3}Z</arg>
<doc>Fails if ``string`` does not match ``pattern`` as a regular expression.</doc>
<status status="PASS" start="2024-08-10T17:12:29.752917" elapsed="0.000369"/>
</kw>
<kw name="Should Match Regexp" owner="BuiltIn">
<arg>${json_data['results'][0]['picture']['large']}</arg>
<arg>^https?://.*\.(?:png|jpe?g|gif|bmp)$</arg>
<doc>Fails if ``string`` does not match ``pattern`` as a regular expression.</doc>
<status status="PASS" start="2024-08-10T17:12:29.753487" elapsed="0.000468"/>
</kw>
<kw name="Should Match Regexp" owner="BuiltIn">
<arg>${json_data['results'][0]['picture']['medium']}</arg>
<arg>^https?://.*\.(?:png|jpe?g|gif|bmp)$</arg>
<doc>Fails if ``string`` does not match ``pattern`` as a regular expression.</doc>
<status status="PASS" start="2024-08-10T17:12:29.754140" elapsed="0.000357"/>
</kw>
<kw name="Should Match Regexp" owner="BuiltIn">
<arg>${json_data['results'][0]['picture']['thumbnail']}</arg>
<arg>^https?://.*\.(?:png|jpe?g|gif|bmp)$</arg>
<doc>Fails if ``string`` does not match ``pattern`` as a regular expression.</doc>
<status status="PASS" start="2024-08-10T17:12:29.754677" elapsed="0.000348"/>
</kw>
<kw name="Log" owner="BuiltIn">
<msg time="2024-08-10T17:12:29.755521" level="INFO">{'large': 'https://randomuser.me/api/portraits/women/67.jpg', 'medium': 'https://randomuser.me/api/portraits/med/women/67.jpg', 'thumbnail': 'https://randomuser.me/api/portraits/thumb/women/67.jpg'}</msg>
<arg>${json_data['results'][0]['picture']}</arg>
<doc>Logs the given message with the given level.</doc>
<status status="PASS" start="2024-08-10T17:12:29.755202" elapsed="0.000359"/>
</kw>
<status status="PASS" start="2024-08-10T17:12:29.602389" elapsed="0.153421"/>
</kw>
<kw name="Teste de Tipos de Dados - Postcode" owner="random-user-service">
<kw name="GET On Session" owner="RequestsLibrary">
<msg time="2024-08-10T17:12:29.794176" level="INFO">GET Request : url=https://randomuser.me/api 
 path_url=/api 
 headers={'User-Agent': 'python-requests/2.32.3', 'Accept-Encoding': 'gzip, deflate', 'Accept': '*/*', 'Connection': 'keep-alive'} 
 body=None 
 </msg>
<msg time="2024-08-10T17:12:29.794249" level="INFO">GET Response : url=https://randomuser.me/api 
 status=200, reason=OK 
 headers={'Date': 'Sat, 10 Aug 2024 17:12:29 GMT', 'Content-Type': 'application/json; charset=utf-8', 'Transfer-Encoding': 'chunked', 'Connection': 'keep-alive', 'X-Powered-By': 'Express', 'Access-Control-Allow-Origin': '*', 'Cache-Control': 'no-cache', 'ETag': 'W/"48f-PvayFbpG0NmG8Br30j8Hjfa7K+k"', 'Vary': 'Accept-Encoding', 'Content-Encoding': 'gzip', 'CF-Cache-Status': 'DYNAMIC', 'Report-To': '{"endpoints":[{"url":"https:\\/\\/a.nel.cloudflare.com\\/report\\/v4?s=PNqj93F9dwT1wmJ81PBUsyIT5cV%2FOKl0ui149eV%2Fhk5Zksh6fdlzrcriFr%2BcGLlZ0rKGjwjeWAF2qTZpEgK1ckGprdMhmy3ATb9fZOoq1f%2FaAXYVgD86%2F6z0f95OZYlR"}],"group":"cf-nel","max_age":604800}', 'NEL': '{"success_fraction":0,"report_to":"cf-nel","max_age":604800}', 'Server': 'cloudflare', 'CF-RAY': '8b119c71f91f2034-IAD', 'alt-svc': 'h3=":443"; ma=86400'} 
 body={"results":[{"gender":"female","name":{"title":"Miss","first":"Hayley","last":"Davies"},"location":{"street":{"number":5657,"name":"Railway Road"},"city":"Hastings","state":"Waikato","country":"New Zealand","postcode":35932,"coordinates":{"latitude":"53.8198","longitude":"33.1894"},"timezone":{"offset":"+3:00","description":"Baghdad, Riyadh, Moscow, St. Petersburg"}},"email":"hayley.davies@example.com","login":{"uuid":"62389b5d-4431-4879-b91a-03ef7eb01c06","username":"redbear313","password":"angus1","salt":"snfGDJ0M","md5":"f95baab2665c39e32d792363a8a50616","sha1":"7da5b66240c106650309e926058ea36947a67baf","sha256":"249433e27be8a7d2fbb2175444a4e76922f9afe490c18c64c093ad654c11452c"},"dob":{"date":"1997-01-31T08:33:58.958Z","age":27},"registered":{"date":"2021-09-26T13:53:52.469Z","age":2},"phone":"(970)-170-4562","cell":"(915)-539-8390","id":{"name":"","value":null},"picture":{"large":"https://randomuser.me/api/portraits/women/45.jpg","medium":"https://randomuser.me/api/portraits/med/women/45.jpg","thumbnail":"https://randomuser.me/api/portraits/thumb/women/45.jpg"},"nat":"NZ"}],"info":{"seed":"838c59eb25e33bae","results":1,"page":1,"version":"1.4"}} 
 </msg>
<msg time="2024-08-10T17:12:29.794334" level="INFO">/opt/hostedtoolcache/Python/3.12.4/x64/lib/python3.12/site-packages/urllib3/connectionpool.py:1099: InsecureRequestWarning: Unverified HTTPS request is being made to host 'randomuser.me'. Adding certificate verification is strongly advised. See: https://urllib3.readthedocs.io/en/latest/advanced-usage.html#tls-warnings
  warnings.warn(</msg>
<msg time="2024-08-10T17:12:29.794460" level="INFO">${response} = &lt;Response [200]&gt;</msg>
<var>${response}</var>
<arg>consultarAPI</arg>
<arg>/api</arg>
<doc>Sends a GET request on a previously created HTTP Session.</doc>
<status status="PASS" start="2024-08-10T17:12:29.756225" elapsed="0.038292"/>
</kw>
<kw name="Set Variable" owner="BuiltIn">
<msg time="2024-08-10T17:12:29.795395" level="INFO">${json_data} = {'results': [{'gender': 'female', 'name': {'title': 'Miss', 'first': 'Hayley', 'last': 'Davies'}, 'location': {'street': {'number': 5657, 'name': 'Railway Road'}, 'city': 'Hastings', 'state': 'Waikato...</msg>
<var>${json_data}</var>
<arg>${response.json()}</arg>
<doc>Returns the given values which can then be assigned to a variables.</doc>
<status status="PASS" start="2024-08-10T17:12:29.794940" elapsed="0.000483"/>
</kw>
<kw name="Log" owner="BuiltIn">
<msg time="2024-08-10T17:12:29.795864" level="INFO">{'results': [{'gender': 'female', 'name': {'title': 'Miss', 'first': 'Hayley', 'last': 'Davies'}, 'location': {'street': {'number': 5657, 'name': 'Railway Road'}, 'city': 'Hastings', 'state': 'Waikato', 'country': 'New Zealand', 'postcode': 35932, 'coordinates': {'latitude': '53.8198', 'longitude': '33.1894'}, 'timezone': {'offset': '+3:00', 'description': 'Baghdad, Riyadh, Moscow, St. Petersburg'}}, 'email': 'hayley.davies@example.com', 'login': {'uuid': '62389b5d-4431-4879-b91a-03ef7eb01c06', 'username': 'redbear313', 'password': 'angus1', 'salt': 'snfGDJ0M', 'md5': 'f95baab2665c39e32d792363a8a50616', 'sha1': '7da5b66240c106650309e926058ea36947a67baf', 'sha256': '249433e27be8a7d2fbb2175444a4e76922f9afe490c18c64c093ad654c11452c'}, 'dob': {'date': '1997-01-31T08:33:58.958Z', 'age': 27}, 'registered': {'date': '2021-09-26T13:53:52.469Z', 'age': 2}, 'phone': '(970)-170-4562', 'cell': '(915)-539-8390', 'id': {'name': '', 'value': None}, 'picture': {'large': 'https://randomuser.me/api/portraits/women/45.jpg', 'medium': 'https://randomuser.me/api/portraits/med/women/45.jpg', 'thumbnail': 'https://randomuser.me/api/portraits/thumb/women/45.jpg'}, 'nat': 'NZ'}], 'info': {'seed': '838c59eb25e33bae', 'results': 1, 'page': 1, 'version': '1.4'}}</msg>
<arg>${json_data}</arg>
<doc>Logs the given message with the given level.</doc>
<status status="PASS" start="2024-08-10T17:12:29.795716" elapsed="0.000193"/>
</kw>
<kw name="Should Be Equal As Numbers" owner="BuiltIn">
<arg>${json_data['results'][0]['location']['postcode']}</arg>
<arg>${json_data['results'][0]['location']['postcode']}</arg>
<doc>Fails if objects are unequal after converting them to real numbers.</doc>
<status status="PASS" start="2024-08-10T17:12:29.796194" elapsed="0.000614"/>
</kw>
<kw name="Log" owner="BuiltIn">
<msg time="2024-08-10T17:12:29.797331" level="INFO">35932</msg>
<arg>${json_data['results'][0]['location']['postcode']}</arg>
<doc>Logs the given message with the given level.</doc>
<status status="PASS" start="2024-08-10T17:12:29.796992" elapsed="0.000410"/>
</kw>
<status status="PASS" start="2024-08-10T17:12:29.756015" elapsed="0.041677"/>
</kw>
<doc>Testa se os tipos de dados na resposta da API estão corretos.</doc>
<tag>testeTiposDados</tag>
<status status="PASS" start="2024-08-10T17:12:29.601941" elapsed="0.195903"/>
</test>
<test id="s1-s1-t5" name="Validar conteudo" line="35">
<kw name="Teste de Tipos de Conteudo" owner="random-user-service">
<kw name="GET On Session" owner="RequestsLibrary">
<msg time="2024-08-10T17:12:30.044173" level="INFO">GET Request : url=https://randomuser.me/api 
 path_url=/api 
 headers={'User-Agent': 'python-requests/2.32.3', 'Accept-Encoding': 'gzip, deflate', 'Accept': '*/*', 'Connection': 'keep-alive'} 
 body=None 
 </msg>
<msg time="2024-08-10T17:12:30.044282" level="INFO">GET Response : url=https://randomuser.me/api 
 status=200, reason=OK 
 headers={'Date': 'Sat, 10 Aug 2024 17:12:30 GMT', 'Content-Type': 'application/json; charset=utf-8', 'Transfer-Encoding': 'chunked', 'Connection': 'keep-alive', 'X-Powered-By': 'Express', 'Access-Control-Allow-Origin': '*', 'Cache-Control': 'no-cache', 'ETag': 'W/"476-6bCVreWXBenCEYHytXpiHUzEuIE"', 'Vary': 'Accept-Encoding', 'Content-Encoding': 'gzip', 'CF-Cache-Status': 'DYNAMIC', 'Report-To': '{"endpoints":[{"url":"https:\\/\\/a.nel.cloudflare.com\\/report\\/v4?s=qC8bSXZbuerm%2FXuYQaOdEPlqJwCajZdEkKKjDgTVscL0z6UlZgSyzy451sk6YuYZzarQd1gNqYeAtJLD8q%2BxxtFiip3cLPprT67nYRLw%2FpA51ToyWkxv06AmM755rM0C"}],"group":"cf-nel","max_age":604800}', 'NEL': '{"success_fraction":0,"report_to":"cf-nel","max_age":604800}', 'Server': 'cloudflare', 'CF-RAY': '8b119c72495f2034-IAD', 'alt-svc': 'h3=":443"; ma=86400'} 
 body={"results":[{"gender":"male","name":{"title":"Mr","first":"Fred","last":"Myers"},"location":{"street":{"number":1573,"name":"School Lane"},"city":"Athy","state":"Tipperary","country":"Ireland","postcode":23553,"coordinates":{"latitude":"0.6661","longitude":"-78.0183"},"timezone":{"offset":"-7:00","description":"Mountain Time (US &amp; Canada)"}},"email":"fred.myers@example.com","login":{"uuid":"5a32b0d2-8a17-48b4-9bcd-60118d699ece","username":"silversnake491","password":"postal","salt":"HQhBIRse","md5":"dbb27c2a679aec4a4a1f552209e35207","sha1":"0033ef02d79f524aa3e2a573287ac84dca2924e7","sha256":"ebe36fa99b5a022c27a64fcbd7d5bdfb79f672ac59ea2dfbe1a6201e3dc101ff"},"dob":{"date":"1945-04-05T00:59:41.402Z","age":79},"registered":{"date":"2003-08-20T08:07:51.265Z","age":20},"phone":"041-846-5988","cell":"081-724-7269","id":{"name":"PPS","value":"3866574T"},"picture":{"large":"https://randomuser.me/api/portraits/men/10.jpg","medium":"https://randomuser.me/api/portraits/med/men/10.jpg","thumbnail":"https://randomuser.me/api/portraits/thumb/men/10.jpg"},"nat":"IE"}],"info":{"seed":"7a243b0a372f9bfd","results":1,"page":1,"version":"1.4"}} 
 </msg>
<msg time="2024-08-10T17:12:30.044362" level="INFO">/opt/hostedtoolcache/Python/3.12.4/x64/lib/python3.12/site-packages/urllib3/connectionpool.py:1099: InsecureRequestWarning: Unverified HTTPS request is being made to host 'randomuser.me'. Adding certificate verification is strongly advised. See: https://urllib3.readthedocs.io/en/latest/advanced-usage.html#tls-warnings
  warnings.warn(</msg>
<msg time="2024-08-10T17:12:30.044521" level="INFO">${response} = &lt;Response [200]&gt;</msg>
<var>${response}</var>
<arg>consultarAPI</arg>
<arg>/api</arg>
<doc>Sends a GET request on a previously created HTTP Session.</doc>
<status status="PASS" start="2024-08-10T17:12:29.800205" elapsed="0.244358"/>
</kw>
<kw name="Set Variable" owner="BuiltIn">
<msg time="2024-08-10T17:12:30.045652" level="INFO">${json_data} = {'results': [{'gender': 'male', 'name': {'title': 'Mr', 'first': 'Fred', 'last': 'Myers'}, 'location': {'street': {'number': 1573, 'name': 'School Lane'}, 'city': 'Athy', 'state': 'Tipperary', 'countr...</msg>
<var>${json_data}</var>
<arg>${response.json()}</arg>
<doc>Returns the given values which can then be assigned to a variables.</doc>
<status status="PASS" start="2024-08-10T17:12:30.045090" elapsed="0.000591"/>
</kw>
<kw name="Set Variable" owner="BuiltIn">
<msg time="2024-08-10T17:12:30.046371" level="INFO">${name_title} = Mr</msg>
<var>${name_title}</var>
<arg>${json_data["results"][0]["name"]["title"]}</arg>
<doc>Returns the given values which can then be assigned to a variables.</doc>
<status status="PASS" start="2024-08-10T17:12:30.045989" elapsed="0.000408"/>
</kw>
<kw name="Create List" owner="BuiltIn">
<msg time="2024-08-10T17:12:30.046835" level="INFO">${allowed_titles} = ['Mr', 'Ms', 'Miss', 'Mrs', 'Madame', 'Monsieur']</msg>
<var>${allowed_titles}</var>
<arg>Mr</arg>
<arg>Ms</arg>
<arg>Miss</arg>
<arg>Mrs</arg>
<arg>Madame</arg>
<arg>Monsieur</arg>
<doc>Returns a list containing given items.</doc>
<status status="PASS" start="2024-08-10T17:12:30.046688" elapsed="0.000172"/>
</kw>
<kw name="List Should Contain Value" owner="Collections">
<arg>${allowed_titles}</arg>
<arg>${name_title}</arg>
<doc>Fails if the ``value`` is not found from ``list``.</doc>
<status status="PASS" start="2024-08-10T17:12:30.047154" elapsed="0.000172"/>
</kw>
<kw name="Set Variable" owner="BuiltIn">
<msg time="2024-08-10T17:12:30.047876" level="INFO">${name_country} = IE</msg>
<var>${name_country}</var>
<arg>${json_data["results"][0]["nat"]}</arg>
<doc>Returns the given values which can then be assigned to a variables.</doc>
<status status="PASS" start="2024-08-10T17:12:30.047506" elapsed="0.000394"/>
</kw>
<kw name="Create List" owner="BuiltIn">
<msg time="2024-08-10T17:12:30.048772" level="INFO">${list_country} = ['AD', 'AE', 'AF', 'AG', 'AI', 'AL', 'AM', 'AO', 'AQ', 'AR', 'AS', 'AT', 'AU', 'AW', 'AX', 'AZ', 'BA', 'BB', 'BD', 'BE', 'BF', 'BG', 'BH', 'BI', 'BJ', 'BL', 'BM', 'BN', 'BO', 'BQ', 'BR', 'BS', 'BT', '...</msg>
<var>${list_country}</var>
<arg>AD</arg>
<arg>AE</arg>
<arg>AF</arg>
<arg>AG</arg>
<arg>AI</arg>
<arg>AL</arg>
<arg>AM</arg>
<arg>AO</arg>
<arg>AQ</arg>
<arg>AR</arg>
<arg>AS</arg>
<arg>AT</arg>
<arg>AU</arg>
<arg>AW</arg>
<arg>AX</arg>
<arg>AZ</arg>
<arg>BA</arg>
<arg>BB</arg>
<arg>BD</arg>
<arg>BE</arg>
<arg>BF</arg>
<arg>BG</arg>
<arg>BH</arg>
<arg>BI</arg>
<arg>BJ</arg>
<arg>BL</arg>
<arg>BM</arg>
<arg>BN</arg>
<arg>BO</arg>
<arg>BQ</arg>
<arg>BR</arg>
<arg>BS</arg>
<arg>BT</arg>
<arg>BV</arg>
<arg>BW</arg>
<arg>BY</arg>
<arg>BZ</arg>
<arg>CA</arg>
<arg>CC</arg>
<arg>CD</arg>
<arg>CF</arg>
<arg>CG</arg>
<arg>CH</arg>
<arg>CI</arg>
<arg>CK</arg>
<arg>CL</arg>
<arg>CM</arg>
<arg>CN</arg>
<arg>CO</arg>
<arg>CR</arg>
<arg>CU</arg>
<arg>CV</arg>
<arg>CW</arg>
<arg>CX</arg>
<arg>CY</arg>
<arg>CZ</arg>
<arg>DE</arg>
<arg>DJ</arg>
<arg>DK</arg>
<arg>DM</arg>
<arg>DO</arg>
<arg>DZ</arg>
<arg>EC</arg>
<arg>EE</arg>
<arg>EG</arg>
<arg>EH</arg>
<arg>ER</arg>
<arg>ES</arg>
<arg>ET</arg>
<arg>FI</arg>
<arg>FJ</arg>
<arg>FK</arg>
<arg>FM</arg>
<arg>FO</arg>
<arg>FR</arg>
<arg>GA</arg>
<arg>GB</arg>
<arg>GD</arg>
<arg>GE</arg>
<arg>GF</arg>
<arg>GG</arg>
<arg>GH</arg>
<arg>GI</arg>
<arg>GL</arg>
<arg>GM</arg>
<arg>GN</arg>
<arg>GP</arg>
<arg>GQ</arg>
<arg>GR</arg>
<arg>GS</arg>
<arg>GT</arg>
<arg>GU</arg>
<arg>GW</arg>
<arg>GY</arg>
<arg>HK</arg>
<arg>HM</arg>
<arg>HN</arg>
<arg>HR</arg>
<arg>HT</arg>
<arg>HU</arg>
<arg>ID</arg>
<arg>IE</arg>
<arg>IL</arg>
<arg>IM</arg>
<arg>IN</arg>
<arg>IO</arg>
<arg>IQ</arg>
<arg>IR</arg>
<arg>IS</arg>
<arg>IT</arg>
<arg>JE</arg>
<arg>JM</arg>
<arg>JO</arg>
<arg>JP</arg>
<arg>KE</arg>
<arg>KG</arg>
<arg>KH</arg>
<arg>KI</arg>
<arg>KM</arg>
<arg>KN</arg>
<arg>KP</arg>
<arg>KR</arg>
<arg>KW</arg>
<arg>KY</arg>
<arg>KZ</arg>
<arg>LA</arg>
<arg>LB</arg>
<arg>LC</arg>
<arg>LI</arg>
<arg>LK</arg>
<arg>LR</arg>
<arg>LS</arg>
<arg>LT</arg>
<arg>LU</arg>
<arg>LV</arg>
<arg>LY</arg>
<arg>MA</arg>
<arg>MC</arg>
<arg>MD</arg>
<arg>ME</arg>
<arg>MF</arg>
<arg>MG</arg>
<arg>MH</arg>
<arg>MK</arg>
<arg>ML</arg>
<arg>MM</arg>
<arg>MN</arg>
<arg>MO</arg>
<arg>MP</arg>
<arg>MQ</arg>
<arg>MR</arg>
<arg>MS</arg>
<arg>MT</arg>
<arg>MU</arg>
<arg>MV</arg>
<arg>MW</arg>
<arg>MX</arg>
<arg>MY</arg>
<arg>MZ</arg>
<arg>NA</arg>
<arg>NC</arg>
<arg>NE</arg>
<arg>NF</arg>
<arg>NG</arg>
<arg>NI</arg>
<arg>NL</arg>
<arg>NO</arg>
<arg>NP</arg>
<arg>NR</arg>
<arg>NU</arg>
<arg>NZ</arg>
<arg>OM</arg>
<arg>PA</arg>
<arg>PE</arg>
<arg>PF</arg>
<arg>PG</arg>
<arg>PH</arg>
<arg>PK</arg>
<arg>PL</arg>
<arg>PM</arg>
<arg>PN</arg>
<arg>PR</arg>
<arg>PS</arg>
<arg>PT</arg>
<arg>PW</arg>
<arg>PY</arg>
<arg>QA</arg>
<arg>RE</arg>
<arg>RO</arg>
<arg>RS</arg>
<arg>RU</arg>
<arg>RW</arg>
<arg>SA</arg>
<arg>SB</arg>
<arg>SC</arg>
<arg>SD</arg>
<arg>SE</arg>
<arg>SG</arg>
<arg>SH</arg>
<arg>SI</arg>
<arg>SJ</arg>
<arg>SK</arg>
<arg>SL</arg>
<arg>SM</arg>
<arg>SN</arg>
<arg>SO</arg>
<arg>SR</arg>
<arg>SS</arg>
<arg>ST</arg>
<arg>SV</arg>
<arg>SX</arg>
<arg>SY</arg>
<arg>SZ</arg>
<arg>TC</arg>
<arg>TD</arg>
<arg>TF</arg>
<arg>TG</arg>
<arg>TH</arg>
<arg>TJ</arg>
<arg>TK</arg>
<arg>TL</arg>
<arg>TM</arg>
<arg>TN</arg>
<arg>TO</arg>
<arg>TR</arg>
<arg>TT</arg>
<arg>TV</arg>
<arg>TW</arg>
<arg>TZ</arg>
<arg>UA</arg>
<arg>UG</arg>
<arg>UM</arg>
<arg>US</arg>
<arg>UY</arg>
<arg>UZ</arg>
<arg>VA</arg>
<arg>VC</arg>
<arg>VE</arg>
<arg>VG</arg>
<arg>VI</arg>
<arg>VN</arg>
<arg>VU</arg>
<arg>WF</arg>
<arg>WS</arg>
<arg>XK</arg>
<arg>YE</arg>
<arg>YT</arg>
<arg>ZA</arg>
<arg>ZM</arg>
<arg>ZW</arg>
<doc>Returns a list containing given items.</doc>
<status status="PASS" start="2024-08-10T17:12:30.048186" elapsed="0.000611"/>
</kw>
<kw name="List Should Contain Value" owner="Collections">
<arg>${list_country}</arg>
<arg>${name_country}</arg>
<doc>Fails if the ``value`` is not found from ``list``.</doc>
<status status="PASS" start="2024-08-10T17:12:30.049813" elapsed="0.000208"/>
</kw>
<kw name="Run Keyword If" owner="BuiltIn">
<kw name="Should Be True" owner="BuiltIn">
<arg>${True}</arg>
<doc>Fails if the given condition is not true.</doc>
<status status="PASS" start="2024-08-10T17:12:30.050973" elapsed="0.000143"/>
</kw>
<arg>${json_data["results"][0]["location"]["coordinates"]["latitude"]} &gt;= -90 and ${json_data["results"][0]["location"]["coordinates"]["latitude"]} &lt;= 90</arg>
<arg>Should Be True</arg>
<arg>${True}</arg>
<doc>Runs the given keyword with the given arguments, if ``condition`` is true.</doc>
<status status="PASS" start="2024-08-10T17:12:30.050216" elapsed="0.001040"/>
</kw>
<kw name="Run Keyword If" owner="BuiltIn">
<kw name="Should Be True" owner="BuiltIn">
<arg>${True}</arg>
<doc>Fails if the given condition is not true.</doc>
<status status="PASS" start="2024-08-10T17:12:30.052141" elapsed="0.000138"/>
</kw>
<arg>${json_data["results"][0]["location"]["coordinates"]["longitude"]} &gt;= -180 and ${json_data["results"][0]["location"]["coordinates"]["longitude"]} &lt;= 180</arg>
<arg>Should Be True</arg>
<arg>${True}</arg>
<doc>Runs the given keyword with the given arguments, if ``condition`` is true.</doc>
<status status="PASS" start="2024-08-10T17:12:30.051454" elapsed="0.000954"/>
</kw>
<status status="PASS" start="2024-08-10T17:12:29.799991" elapsed="0.252546"/>
</kw>
<doc>Testa o conteúdo específico dos campos retornados pela API.</doc>
<tag>testeConteudo</tag>
<status status="PASS" start="2024-08-10T17:12:29.799574" elapsed="0.253119"/>
</test>
<status status="PASS" start="2024-08-10T17:12:28.901044" elapsed="1.153583"/>
</suite>
<status status="PASS" start="2024-08-10T17:12:28.886616" elapsed="1.173032"/>
</suite>
<statistics>
<total>
<stat pass="5" fail="0" skip="0">All Tests</stat>
</total>
<tag>
<stat pass="1" fail="0" skip="0">testeConteudo</stat>
<stat pass="1" fail="0" skip="0">testeEstruturaResposta</stat>
<stat pass="1" fail="0" skip="0">testeRequisicaoBasica</stat>
<stat pass="1" fail="0" skip="0">testeTiposDados</stat>
</tag>
<suite>
<stat pass="5" fail="0" skip="0" id="s1" name="Tests">Tests</stat>
<stat pass="5" fail="0" skip="0" id="s1-s1" name="Random-User-Test">Tests.Random-User-Test</stat>
</suite>
</statistics>
<errors>
</errors>
</robot>
