<?xml version="1.0" encoding="UTF-8"?>
<robot generator="Robot 7.0.1 (Python 3.12.4 on linux)" generated="2024-07-15T04:20:36.443866" rpa="false" schemaversion="5">
<suite id="s1" name="Tests" source="/home/runner/work/ApiRandomUser/ApiRandomUser/RamdonUser/tests">
<suite id="s1-s1" name="Random-User-Test" source="/home/runner/work/ApiRandomUser/ApiRandomUser/RamdonUser/tests/random-user-test.robot">
<test id="s1-s1-t1" name="Conectar" line="13">
<kw name="Conectar API" owner="random-user-service">
<kw name="Create Session" owner="RequestsLibrary">
<msg time="2024-07-15T04:20:36.870094" level="INFO">Creating Session using : alias=consultarAPI, url=https://randomuser.me/, headers={},                     cookies={}, auth=None, timeout=None, proxies=None, verify=False,                     debug=0 </msg>
<arg>consultarAPI</arg>
<arg>${URL}</arg>
<doc>Create Session: create a HTTP session to a server</doc>
<status status="PASS" start="2024-07-15T04:20:36.869893" elapsed="0.000364"/>
</kw>
<status status="PASS" start="2024-07-15T04:20:36.868928" elapsed="0.001680"/>
</kw>
<status status="PASS" start="2024-07-15T04:20:36.868395" elapsed="0.002408"/>
</test>
<test id="s1-s1-t2" name="Validar retorno 200 e JSON Válido" line="16">
<kw name="Teste de Requisicao Basica" owner="random-user-service">
<kw name="GET On Session" owner="RequestsLibrary">
<msg time="2024-07-15T04:20:36.958682" level="INFO">GET Request : url=https://randomuser.me/api 
 path_url=/api 
 headers={'User-Agent': 'python-requests/2.32.3', 'Accept-Encoding': 'gzip, deflate', 'Accept': '*/*', 'Connection': 'keep-alive'} 
 body=None 
 </msg>
<msg time="2024-07-15T04:20:36.958812" level="INFO">GET Response : url=https://randomuser.me/api 
 status=200, reason=OK 
 headers={'Date': 'Mon, 15 Jul 2024 04:20:36 GMT', 'Content-Type': 'application/json; charset=utf-8', 'Transfer-Encoding': 'chunked', 'Connection': 'keep-alive', 'X-Powered-By': 'Express', 'Access-Control-Allow-Origin': '*', 'Cache-Control': 'no-cache', 'ETag': 'W/"485-cnEyIohV6ZhRiGqzREE33BpSxHc"', 'Vary': 'Accept-Encoding', 'Content-Encoding': 'gzip', 'CF-Cache-Status': 'DYNAMIC', 'Report-To': '{"endpoints":[{"url":"https:\\/\\/a.nel.cloudflare.com\\/report\\/v4?s=XHpA6dExD0EoFnmTJX3%2B9vczRR5JxbYYmm1RecIxO77bqRD29sh5DZe3IVScH8xXsQM9nIQeGe3kC76R%2Bybrzmug%2FCXAw3RoCV5Gk7qIZqASPgm7NGHi4FFtwyqoU5Kg"}],"group":"cf-nel","max_age":604800}', 'NEL': '{"success_fraction":0,"report_to":"cf-nel","max_age":604800}', 'Server': 'cloudflare', 'CF-RAY': '8a36f602a936177d-IAD', 'alt-svc': 'h3=":443"; ma=86400'} 
 body={"results":[{"gender":"female","name":{"title":"Mrs","first":"Sarah","last":"Sondermann"},"location":{"street":{"number":5735,"name":"Ahornweg"},"city":"Süßen","state":"Hessen","country":"Germany","postcode":26193,"coordinates":{"latitude":"-50.9453","longitude":"111.4777"},"timezone":{"offset":"-2:00","description":"Mid-Atlantic"}},"email":"sarah.sondermann@example.com","login":{"uuid":"dd6690d6-21ec-415c-ad97-a39273b6943f","username":"heavymouse314","password":"microsoft","salt":"f5WewW5Y","md5":"9e3a8577cdd63140f92fc5a395016f63","sha1":"ea584cec9b5587dea284aaeff9ea60f7381bb926","sha256":"3ff892a48ba82ea12ccb1072f5ab9b2634659b3102d1fb13e631f189eeca362e"},"dob":{"date":"1978-03-22T10:38:22.829Z","age":46},"registered":{"date":"2004-10-03T01:24:53.172Z","age":19},"phone":"0274-6219237","cell":"0177-0888279","id":{"name":"SVNR","value":"10 220378 S 759"},"picture":{"large":"https://randomuser.me/api/portraits/women/48.jpg","medium":"https://randomuser.me/api/portraits/med/women/48.jpg","thumbnail":"https://randomuser.me/api/portraits/thumb/women/48.jpg"},"nat":"DE"}],"info":{"seed":"c53accbdd5a51564","results":1,"page":1,"version":"1.4"}} 
 </msg>
<msg time="2024-07-15T04:20:36.958908" level="INFO">/opt/hostedtoolcache/Python/3.12.4/x64/lib/python3.12/site-packages/urllib3/connectionpool.py:1099: InsecureRequestWarning: Unverified HTTPS request is being made to host 'randomuser.me'. Adding certificate verification is strongly advised. See: https://urllib3.readthedocs.io/en/latest/advanced-usage.html#tls-warnings
  warnings.warn(</msg>
<msg time="2024-07-15T04:20:36.959041" level="INFO">${response} = &lt;Response [200]&gt;</msg>
<var>${response}</var>
<arg>consultarAPI</arg>
<arg>/api</arg>
<doc>Sends a GET request on a previously created HTTP Session.</doc>
<status status="PASS" start="2024-07-15T04:20:36.873420" elapsed="0.085680"/>
</kw>
<kw name="Should Be Equal As Numbers" owner="BuiltIn">
<msg time="2024-07-15T04:20:36.959975" level="INFO">Argument types are:
&lt;class 'int'&gt;
&lt;class 'str'&gt;</msg>
<arg>${response.status_code}</arg>
<arg>200</arg>
<doc>Fails if objects are unequal after converting them to real numbers.</doc>
<status status="PASS" start="2024-07-15T04:20:36.959566" elapsed="0.000473"/>
</kw>
<kw name="Log" owner="BuiltIn">
<msg time="2024-07-15T04:20:36.960699" level="INFO">200</msg>
<arg>${response.status_code}</arg>
<doc>Logs the given message with the given level.</doc>
<status status="PASS" start="2024-07-15T04:20:36.960350" elapsed="0.000391"/>
</kw>
<kw name="Set Variable" owner="BuiltIn">
<msg time="2024-07-15T04:20:36.961521" level="INFO">${json_data} = {'results': [{'gender': 'female', 'name': {'title': 'Mrs', 'first': 'Sarah', 'last': 'Sondermann'}, 'location': {'street': {'number': 5735, 'name': 'Ahornweg'}, 'city': 'Süßen', 'state': 'Hessen', 'co...</msg>
<var>${json_data}</var>
<arg>${response.json()}</arg>
<doc>Returns the given values which can then be assigned to a variables.</doc>
<status status="PASS" start="2024-07-15T04:20:36.961043" elapsed="0.000507"/>
</kw>
<kw name="Dictionary Should Contain Key" owner="Collections">
<arg>${json_data}</arg>
<arg>results</arg>
<doc>Fails if ``key`` is not found from ``dictionary``.</doc>
<status status="PASS" start="2024-07-15T04:20:36.961848" elapsed="0.000164"/>
</kw>
<status status="PASS" start="2024-07-15T04:20:36.873144" elapsed="0.089022"/>
</kw>
<doc>Testa se a API responde corretamente e retorna um objeto JSON válido.</doc>
<tag>testeRequisicaoBasica</tag>
<status status="PASS" start="2024-07-15T04:20:36.872673" elapsed="0.089660"/>
</test>
<test id="s1-s1-t3" name="Validar estrutura de resposta" line="22">
<kw name="Teste de Estrutura de Resposta" owner="random-user-service">
<kw name="GET On Session" owner="RequestsLibrary">
<msg time="2024-07-15T04:20:37.045969" level="INFO">GET Request : url=https://randomuser.me/api 
 path_url=/api 
 headers={'User-Agent': 'python-requests/2.32.3', 'Accept-Encoding': 'gzip, deflate', 'Accept': '*/*', 'Connection': 'keep-alive'} 
 body=None 
 </msg>
<msg time="2024-07-15T04:20:37.046051" level="INFO">GET Response : url=https://randomuser.me/api 
 status=200, reason=OK 
 headers={'Date': 'Mon, 15 Jul 2024 04:20:37 GMT', 'Content-Type': 'application/json; charset=utf-8', 'Transfer-Encoding': 'chunked', 'Connection': 'keep-alive', 'X-Powered-By': 'Express', 'Access-Control-Allow-Origin': '*', 'Cache-Control': 'no-cache', 'ETag': 'W/"4b6-bcbcwZUF4dNrW9Y/RbWOsuC8+8U"', 'Vary': 'Accept-Encoding', 'Content-Encoding': 'gzip', 'CF-Cache-Status': 'DYNAMIC', 'Report-To': '{"endpoints":[{"url":"https:\\/\\/a.nel.cloudflare.com\\/report\\/v4?s=yqmeaJG6Cj%2BQ%2FvhrYHhAlXed%2BEcXWjC378Q7ZsawVjKuKwr8y9ZDsj7ZJHuTDzUGH5bds0tl68qj9FOfLVFEp6GUVoamh6UXOFlj3c4gaI%2BF4f5J50tlp4AwCRqUMCel"}],"group":"cf-nel","max_age":604800}', 'NEL': '{"success_fraction":0,"report_to":"cf-nel","max_age":604800}', 'Server': 'cloudflare', 'CF-RAY': '8a36f603098c177d-IAD', 'alt-svc': 'h3=":443"; ma=86400'} 
 body={"results":[{"gender":"female","name":{"title":"Miss","first":"Claire","last":"Henry"},"location":{"street":{"number":1833,"name":"Boulevard de la Duchère"},"city":"Courbevoie","state":"Vosges","country":"France","postcode":45220,"coordinates":{"latitude":"-19.3676","longitude":"53.6767"},"timezone":{"offset":"0:00","description":"Western Europe Time, London, Lisbon, Casablanca"}},"email":"claire.henry@example.com","login":{"uuid":"3757224f-6d1b-4cd0-86df-3ff2f7bfa16e","username":"yellowdog974","password":"strawber","salt":"ZeQX2bax","md5":"b504e103ba883d1c5dee209ea0b6e924","sha1":"7d64acfb86c59d0713ea0ef4d5bdeffa3db4d7dd","sha256":"9f062e6cd10f4cb39448b57d03b006321ff4478dfdb86159b3dd630ea63404f6"},"dob":{"date":"2000-06-12T20:20:19.824Z","age":24},"registered":{"date":"2005-11-04T08:21:03.499Z","age":18},"phone":"03-79-60-38-68","cell":"06-70-74-49-41","id":{"name":"INSEE","value":"21000518737143 56"},"picture":{"large":"https://randomuser.me/api/portraits/women/91.jpg","medium":"https://randomuser.me/api/portraits/med/women/91.jpg","thumbnail":"https://randomuser.me/api/portraits/thumb/women/91.jpg"},"nat":"FR"}],"info":{"seed":"1b950c8dc9c93189","results":1,"page":1,"version":"1.4"}} 
 </msg>
<msg time="2024-07-15T04:20:37.046171" level="INFO">/opt/hostedtoolcache/Python/3.12.4/x64/lib/python3.12/site-packages/urllib3/connectionpool.py:1099: InsecureRequestWarning: Unverified HTTPS request is being made to host 'randomuser.me'. Adding certificate verification is strongly advised. See: https://urllib3.readthedocs.io/en/latest/advanced-usage.html#tls-warnings
  warnings.warn(</msg>
<msg time="2024-07-15T04:20:37.046283" level="INFO">${response} = &lt;Response [200]&gt;</msg>
<var>${response}</var>
<arg>consultarAPI</arg>
<arg>/api</arg>
<doc>Sends a GET request on a previously created HTTP Session.</doc>
<status status="PASS" start="2024-07-15T04:20:36.964895" elapsed="0.081427"/>
</kw>
<kw name="Set Variable" owner="BuiltIn">
<msg time="2024-07-15T04:20:37.047207" level="INFO">${json_data} = {'results': [{'gender': 'female', 'name': {'title': 'Miss', 'first': 'Claire', 'last': 'Henry'}, 'location': {'street': {'number': 1833, 'name': 'Boulevard de la Duchère'}, 'city': 'Courbevoie', 'stat...</msg>
<var>${json_data}</var>
<arg>${response.json()}</arg>
<doc>Returns the given values which can then be assigned to a variables.</doc>
<status status="PASS" start="2024-07-15T04:20:37.046748" elapsed="0.000488"/>
</kw>
<kw name="Log" owner="BuiltIn">
<msg time="2024-07-15T04:20:37.047703" level="INFO">{'results': [{'gender': 'female', 'name': {'title': 'Miss', 'first': 'Claire', 'last': 'Henry'}, 'location': {'street': {'number': 1833, 'name': 'Boulevard de la Duchère'}, 'city': 'Courbevoie', 'state': 'Vosges', 'country': 'France', 'postcode': 45220, 'coordinates': {'latitude': '-19.3676', 'longitude': '53.6767'}, 'timezone': {'offset': '0:00', 'description': 'Western Europe Time, London, Lisbon, Casablanca'}}, 'email': 'claire.henry@example.com', 'login': {'uuid': '3757224f-6d1b-4cd0-86df-3ff2f7bfa16e', 'username': 'yellowdog974', 'password': 'strawber', 'salt': 'ZeQX2bax', 'md5': 'b504e103ba883d1c5dee209ea0b6e924', 'sha1': '7d64acfb86c59d0713ea0ef4d5bdeffa3db4d7dd', 'sha256': '9f062e6cd10f4cb39448b57d03b006321ff4478dfdb86159b3dd630ea63404f6'}, 'dob': {'date': '2000-06-12T20:20:19.824Z', 'age': 24}, 'registered': {'date': '2005-11-04T08:21:03.499Z', 'age': 18}, 'phone': '03-79-60-38-68', 'cell': '06-70-74-49-41', 'id': {'name': 'INSEE', 'value': '21000518737143 56'}, 'picture': {'large': 'https://randomuser.me/api/portraits/women/91.jpg', 'medium': 'https://randomuser.me/api/portraits/med/women/91.jpg', 'thumbnail': 'https://randomuser.me/api/portraits/thumb/women/91.jpg'}, 'nat': 'FR'}], 'info': {'seed': '1b950c8dc9c93189', 'results': 1, 'page': 1, 'version': '1.4'}}</msg>
<arg>${json_data}</arg>
<doc>Logs the given message with the given level.</doc>
<status status="PASS" start="2024-07-15T04:20:37.047544" elapsed="0.000210"/>
</kw>
<kw name="Dictionary Should Contain Key" owner="Collections">
<arg>${json_data}</arg>
<arg>results</arg>
<doc>Fails if ``key`` is not found from ``dictionary``.</doc>
<status status="PASS" start="2024-07-15T04:20:37.048044" elapsed="0.000155"/>
</kw>
<kw name="Should Not Be Empty" owner="BuiltIn">
<msg time="2024-07-15T04:20:37.048510" level="INFO">Length is 2.</msg>
<arg>${json_data}</arg>
<doc>Verifies that the given item is not empty.</doc>
<status status="PASS" start="2024-07-15T04:20:37.048382" elapsed="0.000167"/>
</kw>
<kw name="Create List" owner="BuiltIn">
<msg time="2024-07-15T04:20:37.049117" level="INFO">${expected_keys} = ['gender', 'name', 'location', 'email', 'login']</msg>
<var>${expected_keys}</var>
<arg>gender</arg>
<arg>name</arg>
<arg>location</arg>
<arg>email</arg>
<arg>login</arg>
<doc>Returns a list containing given items.</doc>
<status status="PASS" start="2024-07-15T04:20:37.048832" elapsed="0.000311"/>
</kw>
<for flavor="IN">
<iter>
<kw name="Dictionary Should Contain Key" owner="Collections">
<arg>${json_data['results'][0]}</arg>
<arg>${key}</arg>
<doc>Fails if ``key`` is not found from ``dictionary``.</doc>
<status status="PASS" start="2024-07-15T04:20:37.049753" elapsed="0.000404"/>
</kw>
<kw name="Log" owner="BuiltIn">
<msg time="2024-07-15T04:20:37.050698" level="INFO">{'gender': 'female', 'name': {'title': 'Miss', 'first': 'Claire', 'last': 'Henry'}, 'location': {'street': {'number': 1833, 'name': 'Boulevard de la Duchère'}, 'city': 'Courbevoie', 'state': 'Vosges', 'country': 'France', 'postcode': 45220, 'coordinates': {'latitude': '-19.3676', 'longitude': '53.6767'}, 'timezone': {'offset': '0:00', 'description': 'Western Europe Time, London, Lisbon, Casablanca'}}, 'email': 'claire.henry@example.com', 'login': {'uuid': '3757224f-6d1b-4cd0-86df-3ff2f7bfa16e', 'username': 'yellowdog974', 'password': 'strawber', 'salt': 'ZeQX2bax', 'md5': 'b504e103ba883d1c5dee209ea0b6e924', 'sha1': '7d64acfb86c59d0713ea0ef4d5bdeffa3db4d7dd', 'sha256': '9f062e6cd10f4cb39448b57d03b006321ff4478dfdb86159b3dd630ea63404f6'}, 'dob': {'date': '2000-06-12T20:20:19.824Z', 'age': 24}, 'registered': {'date': '2005-11-04T08:21:03.499Z', 'age': 18}, 'phone': '03-79-60-38-68', 'cell': '06-70-74-49-41', 'id': {'name': 'INSEE', 'value': '21000518737143 56'}, 'picture': {'large': 'https://randomuser.me/api/portraits/women/91.jpg', 'medium': 'https://randomuser.me/api/portraits/med/women/91.jpg', 'thumbnail': 'https://randomuser.me/api/portraits/thumb/women/91.jpg'}, 'nat': 'FR'}</msg>
<arg>${json_data['results'][0]}</arg>
<doc>Logs the given message with the given level.</doc>
<status status="PASS" start="2024-07-15T04:20:37.050343" elapsed="0.000407"/>
</kw>
<kw name="Log" owner="BuiltIn">
<msg time="2024-07-15T04:20:37.051177" level="INFO">gender</msg>
<arg>${key}</arg>
<doc>Logs the given message with the given level.</doc>
<status status="PASS" start="2024-07-15T04:20:37.051050" elapsed="0.000166"/>
</kw>
<var name="${key}">gender</var>
<status status="PASS" start="2024-07-15T04:20:37.049630" elapsed="0.001803"/>
</iter>
<iter>
<kw name="Dictionary Should Contain Key" owner="Collections">
<arg>${json_data['results'][0]}</arg>
<arg>${key}</arg>
<doc>Fails if ``key`` is not found from ``dictionary``.</doc>
<status status="PASS" start="2024-07-15T04:20:37.051724" elapsed="0.000389"/>
</kw>
<kw name="Log" owner="BuiltIn">
<msg time="2024-07-15T04:20:37.052692" level="INFO">{'gender': 'female', 'name': {'title': 'Miss', 'first': 'Claire', 'last': 'Henry'}, 'location': {'street': {'number': 1833, 'name': 'Boulevard de la Duchère'}, 'city': 'Courbevoie', 'state': 'Vosges', 'country': 'France', 'postcode': 45220, 'coordinates': {'latitude': '-19.3676', 'longitude': '53.6767'}, 'timezone': {'offset': '0:00', 'description': 'Western Europe Time, London, Lisbon, Casablanca'}}, 'email': 'claire.henry@example.com', 'login': {'uuid': '3757224f-6d1b-4cd0-86df-3ff2f7bfa16e', 'username': 'yellowdog974', 'password': 'strawber', 'salt': 'ZeQX2bax', 'md5': 'b504e103ba883d1c5dee209ea0b6e924', 'sha1': '7d64acfb86c59d0713ea0ef4d5bdeffa3db4d7dd', 'sha256': '9f062e6cd10f4cb39448b57d03b006321ff4478dfdb86159b3dd630ea63404f6'}, 'dob': {'date': '2000-06-12T20:20:19.824Z', 'age': 24}, 'registered': {'date': '2005-11-04T08:21:03.499Z', 'age': 18}, 'phone': '03-79-60-38-68', 'cell': '06-70-74-49-41', 'id': {'name': 'INSEE', 'value': '21000518737143 56'}, 'picture': {'large': 'https://randomuser.me/api/portraits/women/91.jpg', 'medium': 'https://randomuser.me/api/portraits/med/women/91.jpg', 'thumbnail': 'https://randomuser.me/api/portraits/thumb/women/91.jpg'}, 'nat': 'FR'}</msg>
<arg>${json_data['results'][0]}</arg>
<doc>Logs the given message with the given level.</doc>
<status status="PASS" start="2024-07-15T04:20:37.052328" elapsed="0.000415"/>
</kw>
<kw name="Log" owner="BuiltIn">
<msg time="2024-07-15T04:20:37.053168" level="INFO">name</msg>
<arg>${key}</arg>
<doc>Logs the given message with the given level.</doc>
<status status="PASS" start="2024-07-15T04:20:37.053041" elapsed="0.000164"/>
</kw>
<var name="${key}">name</var>
<status status="PASS" start="2024-07-15T04:20:37.051614" elapsed="0.001836"/>
</iter>
<iter>
<kw name="Dictionary Should Contain Key" owner="Collections">
<arg>${json_data['results'][0]}</arg>
<arg>${key}</arg>
<doc>Fails if ``key`` is not found from ``dictionary``.</doc>
<status status="PASS" start="2024-07-15T04:20:37.053738" elapsed="0.000381"/>
</kw>
<kw name="Log" owner="BuiltIn">
<msg time="2024-07-15T04:20:37.054663" level="INFO">{'gender': 'female', 'name': {'title': 'Miss', 'first': 'Claire', 'last': 'Henry'}, 'location': {'street': {'number': 1833, 'name': 'Boulevard de la Duchère'}, 'city': 'Courbevoie', 'state': 'Vosges', 'country': 'France', 'postcode': 45220, 'coordinates': {'latitude': '-19.3676', 'longitude': '53.6767'}, 'timezone': {'offset': '0:00', 'description': 'Western Europe Time, London, Lisbon, Casablanca'}}, 'email': 'claire.henry@example.com', 'login': {'uuid': '3757224f-6d1b-4cd0-86df-3ff2f7bfa16e', 'username': 'yellowdog974', 'password': 'strawber', 'salt': 'ZeQX2bax', 'md5': 'b504e103ba883d1c5dee209ea0b6e924', 'sha1': '7d64acfb86c59d0713ea0ef4d5bdeffa3db4d7dd', 'sha256': '9f062e6cd10f4cb39448b57d03b006321ff4478dfdb86159b3dd630ea63404f6'}, 'dob': {'date': '2000-06-12T20:20:19.824Z', 'age': 24}, 'registered': {'date': '2005-11-04T08:21:03.499Z', 'age': 18}, 'phone': '03-79-60-38-68', 'cell': '06-70-74-49-41', 'id': {'name': 'INSEE', 'value': '21000518737143 56'}, 'picture': {'large': 'https://randomuser.me/api/portraits/women/91.jpg', 'medium': 'https://randomuser.me/api/portraits/med/women/91.jpg', 'thumbnail': 'https://randomuser.me/api/portraits/thumb/women/91.jpg'}, 'nat': 'FR'}</msg>
<arg>${json_data['results'][0]}</arg>
<doc>Logs the given message with the given level.</doc>
<status status="PASS" start="2024-07-15T04:20:37.054306" elapsed="0.000407"/>
</kw>
<kw name="Log" owner="BuiltIn">
<msg time="2024-07-15T04:20:37.055136" level="INFO">location</msg>
<arg>${key}</arg>
<doc>Logs the given message with the given level.</doc>
<status status="PASS" start="2024-07-15T04:20:37.055009" elapsed="0.000164"/>
</kw>
<var name="${key}">location</var>
<status status="PASS" start="2024-07-15T04:20:37.053629" elapsed="0.001761"/>
</iter>
<iter>
<kw name="Dictionary Should Contain Key" owner="Collections">
<arg>${json_data['results'][0]}</arg>
<arg>${key}</arg>
<doc>Fails if ``key`` is not found from ``dictionary``.</doc>
<status status="PASS" start="2024-07-15T04:20:37.055677" elapsed="0.000387"/>
</kw>
<kw name="Log" owner="BuiltIn">
<msg time="2024-07-15T04:20:37.056607" level="INFO">{'gender': 'female', 'name': {'title': 'Miss', 'first': 'Claire', 'last': 'Henry'}, 'location': {'street': {'number': 1833, 'name': 'Boulevard de la Duchère'}, 'city': 'Courbevoie', 'state': 'Vosges', 'country': 'France', 'postcode': 45220, 'coordinates': {'latitude': '-19.3676', 'longitude': '53.6767'}, 'timezone': {'offset': '0:00', 'description': 'Western Europe Time, London, Lisbon, Casablanca'}}, 'email': 'claire.henry@example.com', 'login': {'uuid': '3757224f-6d1b-4cd0-86df-3ff2f7bfa16e', 'username': 'yellowdog974', 'password': 'strawber', 'salt': 'ZeQX2bax', 'md5': 'b504e103ba883d1c5dee209ea0b6e924', 'sha1': '7d64acfb86c59d0713ea0ef4d5bdeffa3db4d7dd', 'sha256': '9f062e6cd10f4cb39448b57d03b006321ff4478dfdb86159b3dd630ea63404f6'}, 'dob': {'date': '2000-06-12T20:20:19.824Z', 'age': 24}, 'registered': {'date': '2005-11-04T08:21:03.499Z', 'age': 18}, 'phone': '03-79-60-38-68', 'cell': '06-70-74-49-41', 'id': {'name': 'INSEE', 'value': '21000518737143 56'}, 'picture': {'large': 'https://randomuser.me/api/portraits/women/91.jpg', 'medium': 'https://randomuser.me/api/portraits/med/women/91.jpg', 'thumbnail': 'https://randomuser.me/api/portraits/thumb/women/91.jpg'}, 'nat': 'FR'}</msg>
<arg>${json_data['results'][0]}</arg>
<doc>Logs the given message with the given level.</doc>
<status status="PASS" start="2024-07-15T04:20:37.056252" elapsed="0.000406"/>
</kw>
<kw name="Log" owner="BuiltIn">
<msg time="2024-07-15T04:20:37.057085" level="INFO">email</msg>
<arg>${key}</arg>
<doc>Logs the given message with the given level.</doc>
<status status="PASS" start="2024-07-15T04:20:37.056952" elapsed="0.000171"/>
</kw>
<var name="${key}">email</var>
<status status="PASS" start="2024-07-15T04:20:37.055564" elapsed="0.001795"/>
</iter>
<iter>
<kw name="Dictionary Should Contain Key" owner="Collections">
<arg>${json_data['results'][0]}</arg>
<arg>${key}</arg>
<doc>Fails if ``key`` is not found from ``dictionary``.</doc>
<status status="PASS" start="2024-07-15T04:20:37.057651" elapsed="0.000378"/>
</kw>
<kw name="Log" owner="BuiltIn">
<msg time="2024-07-15T04:20:37.058565" level="INFO">{'gender': 'female', 'name': {'title': 'Miss', 'first': 'Claire', 'last': 'Henry'}, 'location': {'street': {'number': 1833, 'name': 'Boulevard de la Duchère'}, 'city': 'Courbevoie', 'state': 'Vosges', 'country': 'France', 'postcode': 45220, 'coordinates': {'latitude': '-19.3676', 'longitude': '53.6767'}, 'timezone': {'offset': '0:00', 'description': 'Western Europe Time, London, Lisbon, Casablanca'}}, 'email': 'claire.henry@example.com', 'login': {'uuid': '3757224f-6d1b-4cd0-86df-3ff2f7bfa16e', 'username': 'yellowdog974', 'password': 'strawber', 'salt': 'ZeQX2bax', 'md5': 'b504e103ba883d1c5dee209ea0b6e924', 'sha1': '7d64acfb86c59d0713ea0ef4d5bdeffa3db4d7dd', 'sha256': '9f062e6cd10f4cb39448b57d03b006321ff4478dfdb86159b3dd630ea63404f6'}, 'dob': {'date': '2000-06-12T20:20:19.824Z', 'age': 24}, 'registered': {'date': '2005-11-04T08:21:03.499Z', 'age': 18}, 'phone': '03-79-60-38-68', 'cell': '06-70-74-49-41', 'id': {'name': 'INSEE', 'value': '21000518737143 56'}, 'picture': {'large': 'https://randomuser.me/api/portraits/women/91.jpg', 'medium': 'https://randomuser.me/api/portraits/med/women/91.jpg', 'thumbnail': 'https://randomuser.me/api/portraits/thumb/women/91.jpg'}, 'nat': 'FR'}</msg>
<arg>${json_data['results'][0]}</arg>
<doc>Logs the given message with the given level.</doc>
<status status="PASS" start="2024-07-15T04:20:37.058211" elapsed="0.000406"/>
</kw>
<kw name="Log" owner="BuiltIn">
<msg time="2024-07-15T04:20:37.059033" level="INFO">login</msg>
<arg>${key}</arg>
<doc>Logs the given message with the given level.</doc>
<status status="PASS" start="2024-07-15T04:20:37.058908" elapsed="0.000162"/>
</kw>
<var name="${key}">login</var>
<status status="PASS" start="2024-07-15T04:20:37.057538" elapsed="0.001748"/>
</iter>
<var>${key}</var>
<value>@{expected_keys}</value>
<status status="PASS" start="2024-07-15T04:20:37.049443" elapsed="0.009989"/>
</for>
<kw name="Create List" owner="BuiltIn">
<msg time="2024-07-15T04:20:37.059770" level="INFO">${expected_keysTwo} = ['username', 'password']</msg>
<var>${expected_keysTwo}</var>
<arg>username</arg>
<arg>password</arg>
<doc>Returns a list containing given items.</doc>
<status status="PASS" start="2024-07-15T04:20:37.059629" elapsed="0.000166"/>
</kw>
<for flavor="IN">
<iter>
<kw name="Dictionary Should Contain Key" owner="Collections">
<arg>${json_data['results'][0]['login']}</arg>
<arg>${keyTwo}</arg>
<doc>Fails if ``key`` is not found from ``dictionary``.</doc>
<status status="PASS" start="2024-07-15T04:20:37.060285" elapsed="0.000388"/>
</kw>
<kw name="Dictionary Should Contain Key" owner="Collections">
<arg>${json_data['results'][0]['login']}</arg>
<arg>${keyTwo}</arg>
<doc>Fails if ``key`` is not found from ``dictionary``.</doc>
<status status="PASS" start="2024-07-15T04:20:37.060852" elapsed="0.000395"/>
</kw>
<kw name="Log" owner="BuiltIn">
<msg time="2024-07-15T04:20:37.061563" level="INFO">username</msg>
<arg>${keyTwo}</arg>
<doc>Logs the given message with the given level.</doc>
<status status="PASS" start="2024-07-15T04:20:37.061441" elapsed="0.000159"/>
</kw>
<var name="${keyTwo}">username</var>
<status status="PASS" start="2024-07-15T04:20:37.060179" elapsed="0.001637"/>
</iter>
<iter>
<kw name="Dictionary Should Contain Key" owner="Collections">
<arg>${json_data['results'][0]['login']}</arg>
<arg>${keyTwo}</arg>
<doc>Fails if ``key`` is not found from ``dictionary``.</doc>
<status status="PASS" start="2024-07-15T04:20:37.062093" elapsed="0.000391"/>
</kw>
<kw name="Dictionary Should Contain Key" owner="Collections">
<arg>${json_data['results'][0]['login']}</arg>
<arg>${keyTwo}</arg>
<doc>Fails if ``key`` is not found from ``dictionary``.</doc>
<status status="PASS" start="2024-07-15T04:20:37.062670" elapsed="0.000371"/>
</kw>
<kw name="Log" owner="BuiltIn">
<msg time="2024-07-15T04:20:37.063334" level="INFO">password</msg>
<arg>${keyTwo}</arg>
<doc>Logs the given message with the given level.</doc>
<status status="PASS" start="2024-07-15T04:20:37.063217" elapsed="0.000158"/>
</kw>
<var name="${keyTwo}">password</var>
<status status="PASS" start="2024-07-15T04:20:37.061988" elapsed="0.001696"/>
</iter>
<var>${keyTwo}</var>
<value>@{expected_keysTwo}</value>
<status status="PASS" start="2024-07-15T04:20:37.060030" elapsed="0.003775"/>
</for>
<status status="PASS" start="2024-07-15T04:20:36.964665" elapsed="0.099279"/>
</kw>
<doc>Testa a estrutura da resposta da API.</doc>
<tag>testeEstruturaResposta</tag>
<status status="PASS" start="2024-07-15T04:20:36.964152" elapsed="0.099939"/>
</test>
<test id="s1-s1-t4" name="Validar tipos de dados" line="28">
<kw name="Teste de Tipos de Dados" owner="random-user-service">
<kw name="GET On Session" owner="RequestsLibrary">
<msg time="2024-07-15T04:20:37.161962" level="INFO">GET Request : url=https://randomuser.me/api 
 path_url=/api 
 headers={'User-Agent': 'python-requests/2.32.3', 'Accept-Encoding': 'gzip, deflate', 'Accept': '*/*', 'Connection': 'keep-alive'} 
 body=None 
 </msg>
<msg time="2024-07-15T04:20:37.162061" level="INFO">GET Response : url=https://randomuser.me/api 
 status=200, reason=OK 
 headers={'Date': 'Mon, 15 Jul 2024 04:20:37 GMT', 'Content-Type': 'application/json; charset=utf-8', 'Transfer-Encoding': 'chunked', 'Connection': 'keep-alive', 'X-Powered-By': 'Express', 'Access-Control-Allow-Origin': '*', 'Cache-Control': 'no-cache', 'ETag': 'W/"482-26FzdAe4jw6xWNUg/h1NaiOOaXo"', 'Vary': 'Accept-Encoding', 'Content-Encoding': 'gzip', 'CF-Cache-Status': 'DYNAMIC', 'Report-To': '{"endpoints":[{"url":"https:\\/\\/a.nel.cloudflare.com\\/report\\/v4?s=rRn%2FWvPELnmRG9qiacZ1fJ%2FuE%2FdkkJQvPdbK50SKIPYNUKYKwquAptQYg44RCQy3HD%2B2i3dKX7aSlTKGvnZAsd3UJxroS88k6FetZ8m9aJE6aVw62Eyh0jIwS6kxfx5x"}],"group":"cf-nel","max_age":604800}', 'NEL': '{"success_fraction":0,"report_to":"cf-nel","max_age":604800}', 'Server': 'cloudflare', 'CF-RAY': '8a36f603aa20177d-IAD', 'alt-svc': 'h3=":443"; ma=86400'} 
 body={"results":[{"gender":"male","name":{"title":"Mr","first":"Ragendra","last":"Costa"},"location":{"street":{"number":5772,"name":"Rua São Jorge "},"city":"Nova Friburgo","state":"Rio Grande do Sul","country":"Brazil","postcode":47235,"coordinates":{"latitude":"-76.7728","longitude":"-58.2933"},"timezone":{"offset":"+4:30","description":"Kabul"}},"email":"ragendra.costa@example.com","login":{"uuid":"c2a9b9c6-1f74-43bf-a9b0-57876f51f218","username":"sadbear406","password":"mmmm","salt":"g9BrpS0N","md5":"7fde0076ee4eb19c6017d0259d62e7d3","sha1":"c99e420d367bd318778ecbd42baeec6e544fb6c5","sha256":"e17c9c73d35bd117c43dfba6f52eeefc977b84a68b4e6c31fa32b143aeedd441"},"dob":{"date":"1972-12-01T20:13:17.604Z","age":51},"registered":{"date":"2013-06-14T23:22:04.341Z","age":11},"phone":"(49) 3191-0574","cell":"(96) 4700-9316","id":{"name":"CPF","value":"930.951.538-24"},"picture":{"large":"https://randomuser.me/api/portraits/men/48.jpg","medium":"https://randomuser.me/api/portraits/med/men/48.jpg","thumbnail":"https://randomuser.me/api/portraits/thumb/men/48.jpg"},"nat":"BR"}],"info":{"seed":"cb90e5e3f8c990b3","results":1,"page":1,"version":"1.4"}} 
 </msg>
<msg time="2024-07-15T04:20:37.162133" level="INFO">/opt/hostedtoolcache/Python/3.12.4/x64/lib/python3.12/site-packages/urllib3/connectionpool.py:1099: InsecureRequestWarning: Unverified HTTPS request is being made to host 'randomuser.me'. Adding certificate verification is strongly advised. See: https://urllib3.readthedocs.io/en/latest/advanced-usage.html#tls-warnings
  warnings.warn(</msg>
<msg time="2024-07-15T04:20:37.162264" level="INFO">${response} = &lt;Response [200]&gt;</msg>
<var>${response}</var>
<arg>consultarAPI</arg>
<arg>/api</arg>
<doc>Sends a GET request on a previously created HTTP Session.</doc>
<status status="PASS" start="2024-07-15T04:20:37.066645" elapsed="0.095660"/>
</kw>
<kw name="Set Variable" owner="BuiltIn">
<msg time="2024-07-15T04:20:37.163521" level="INFO">${json_data} = {'results': [{'gender': 'male', 'name': {'title': 'Mr', 'first': 'Ragendra', 'last': 'Costa'}, 'location': {'street': {'number': 5772, 'name': 'Rua São Jorge '}, 'city': 'Nova Friburgo', 'state': 'Rio...</msg>
<var>${json_data}</var>
<arg>${response.json()}</arg>
<doc>Returns the given values which can then be assigned to a variables.</doc>
<status status="PASS" start="2024-07-15T04:20:37.162957" elapsed="0.000594"/>
</kw>
<kw name="Log" owner="BuiltIn">
<msg time="2024-07-15T04:20:37.164021" level="INFO">{'results': [{'gender': 'male', 'name': {'title': 'Mr', 'first': 'Ragendra', 'last': 'Costa'}, 'location': {'street': {'number': 5772, 'name': 'Rua São Jorge '}, 'city': 'Nova Friburgo', 'state': 'Rio Grande do Sul', 'country': 'Brazil', 'postcode': 47235, 'coordinates': {'latitude': '-76.7728', 'longitude': '-58.2933'}, 'timezone': {'offset': '+4:30', 'description': 'Kabul'}}, 'email': 'ragendra.costa@example.com', 'login': {'uuid': 'c2a9b9c6-1f74-43bf-a9b0-57876f51f218', 'username': 'sadbear406', 'password': 'mmmm', 'salt': 'g9BrpS0N', 'md5': '7fde0076ee4eb19c6017d0259d62e7d3', 'sha1': 'c99e420d367bd318778ecbd42baeec6e544fb6c5', 'sha256': 'e17c9c73d35bd117c43dfba6f52eeefc977b84a68b4e6c31fa32b143aeedd441'}, 'dob': {'date': '1972-12-01T20:13:17.604Z', 'age': 51}, 'registered': {'date': '2013-06-14T23:22:04.341Z', 'age': 11}, 'phone': '(49) 3191-0574', 'cell': '(96) 4700-9316', 'id': {'name': 'CPF', 'value': '930.951.538-24'}, 'picture': {'large': 'https://randomuser.me/api/portraits/men/48.jpg', 'medium': 'https://randomuser.me/api/portraits/med/men/48.jpg', 'thumbnail': 'https://randomuser.me/api/portraits/thumb/men/48.jpg'}, 'nat': 'BR'}], 'info': {'seed': 'cb90e5e3f8c990b3', 'results': 1, 'page': 1, 'version': '1.4'}}</msg>
<arg>${json_data}</arg>
<doc>Logs the given message with the given level.</doc>
<status status="PASS" start="2024-07-15T04:20:37.163862" elapsed="0.000211"/>
</kw>
<kw name="Should Be String" owner="String">
<arg>${json_data['results'][0]['gender']}</arg>
<doc>Fails if the given ``item`` is not a string.</doc>
<status status="PASS" start="2024-07-15T04:20:37.164363" elapsed="0.000405"/>
</kw>
<kw name="Should Match Regexp" owner="BuiltIn">
<arg>${json_data['results'][0]['email']}</arg>
<arg>^[a-zA-Z0-9._%+-]+@[a-zA-Z0-9.-]+\.[a-zA-Z]{2,}$</arg>
<doc>Fails if ``string`` does not match ``pattern`` as a regular expression.</doc>
<status status="PASS" start="2024-07-15T04:20:37.164956" elapsed="0.000584"/>
</kw>
<kw name="Should Match Regexp" owner="BuiltIn">
<arg>${json_data['results'][0]['dob']['date']}</arg>
<arg>\\d{4}-\\d{2}-\\d{2}T\\d{2}:\\d{2}:\\d{2}\\.\\d{3}Z</arg>
<doc>Fails if ``string`` does not match ``pattern`` as a regular expression.</doc>
<status status="PASS" start="2024-07-15T04:20:37.165741" elapsed="0.000491"/>
</kw>
<kw name="Should Match Regexp" owner="BuiltIn">
<arg>${json_data['results'][0]['registered']['date']}</arg>
<arg>\\d{4}-\\d{2}-\\d{2}T\\d{2}:\\d{2}:\\d{2}\\.\\d{3}Z</arg>
<doc>Fails if ``string`` does not match ``pattern`` as a regular expression.</doc>
<status status="PASS" start="2024-07-15T04:20:37.166430" elapsed="0.000366"/>
</kw>
<kw name="Should Match Regexp" owner="BuiltIn">
<arg>${json_data['results'][0]['picture']['large']}</arg>
<arg>^https?://.*\.(?:png|jpe?g|gif|bmp)$</arg>
<doc>Fails if ``string`` does not match ``pattern`` as a regular expression.</doc>
<status status="PASS" start="2024-07-15T04:20:37.166980" elapsed="0.000460"/>
</kw>
<kw name="Should Match Regexp" owner="BuiltIn">
<arg>${json_data['results'][0]['picture']['medium']}</arg>
<arg>^https?://.*\.(?:png|jpe?g|gif|bmp)$</arg>
<doc>Fails if ``string`` does not match ``pattern`` as a regular expression.</doc>
<status status="PASS" start="2024-07-15T04:20:37.167627" elapsed="0.000353"/>
</kw>
<kw name="Should Match Regexp" owner="BuiltIn">
<arg>${json_data['results'][0]['picture']['thumbnail']}</arg>
<arg>^https?://.*\.(?:png|jpe?g|gif|bmp)$</arg>
<doc>Fails if ``string`` does not match ``pattern`` as a regular expression.</doc>
<status status="PASS" start="2024-07-15T04:20:37.168164" elapsed="0.000350"/>
</kw>
<kw name="Log" owner="BuiltIn">
<msg time="2024-07-15T04:20:37.169028" level="INFO">{'large': 'https://randomuser.me/api/portraits/men/48.jpg', 'medium': 'https://randomuser.me/api/portraits/med/men/48.jpg', 'thumbnail': 'https://randomuser.me/api/portraits/thumb/men/48.jpg'}</msg>
<arg>${json_data['results'][0]['picture']}</arg>
<doc>Logs the given message with the given level.</doc>
<status status="PASS" start="2024-07-15T04:20:37.168699" elapsed="0.000372"/>
</kw>
<status status="PASS" start="2024-07-15T04:20:37.066429" elapsed="0.102941"/>
</kw>
<kw name="Teste de Tipos de Dados - Postcode" owner="random-user-service">
<kw name="GET On Session" owner="RequestsLibrary">
<msg time="2024-07-15T04:20:37.248497" level="INFO">GET Request : url=https://randomuser.me/api 
 path_url=/api 
 headers={'User-Agent': 'python-requests/2.32.3', 'Accept-Encoding': 'gzip, deflate', 'Accept': '*/*', 'Connection': 'keep-alive'} 
 body=None 
 </msg>
<msg time="2024-07-15T04:20:37.248574" level="INFO">GET Response : url=https://randomuser.me/api 
 status=200, reason=OK 
 headers={'Date': 'Mon, 15 Jul 2024 04:20:37 GMT', 'Content-Type': 'application/json; charset=utf-8', 'Transfer-Encoding': 'chunked', 'Connection': 'keep-alive', 'X-Powered-By': 'Express', 'Access-Control-Allow-Origin': '*', 'Cache-Control': 'no-cache', 'ETag': 'W/"4a2-1n1jeSfL5IHHokIlSic9OmHxL1g"', 'Vary': 'Accept-Encoding', 'Content-Encoding': 'gzip', 'CF-Cache-Status': 'DYNAMIC', 'Report-To': '{"endpoints":[{"url":"https:\\/\\/a.nel.cloudflare.com\\/report\\/v4?s=uvozNlYGwpLZDIcd12N0gIz15c2iGPinbskqgwUw0OJI6nt0lr%2BRG97QhAKoV1ny8vE7MAhp0ZND00QQsBqtclBZOZd4vUztP4YWfRiRS60tZSsl1kGa4SkukBSalULv"}],"group":"cf-nel","max_age":604800}', 'NEL': '{"success_fraction":0,"report_to":"cf-nel","max_age":604800}', 'Server': 'cloudflare', 'CF-RAY': '8a36f6045aab177d-IAD', 'alt-svc': 'h3=":443"; ma=86400'} 
 body={"results":[{"gender":"female","name":{"title":"Miss","first":"Iekaterina","last":"Lyashchuk"},"location":{"street":{"number":1786,"name":"Zaozerniy provulok"},"city":"Rahiv","state":"Ternopilska","country":"Ukraine","postcode":30831,"coordinates":{"latitude":"73.6763","longitude":"177.7238"},"timezone":{"offset":"+4:00","description":"Abu Dhabi, Muscat, Baku, Tbilisi"}},"email":"iekaterina.lyashchuk@example.com","login":{"uuid":"480925bc-399b-456b-a204-94448749225e","username":"brownmeercat326","password":"44444444","salt":"LJRvzSQi","md5":"9fc264d9e2671c03dde3d8b081f661ca","sha1":"8e81a244b15be73c171d249452ba83ed86543c8d","sha256":"e4d2d934ad4697b9289a4ea6736b201702f9fc88cca4941cb2a38363d79724c4"},"dob":{"date":"1959-12-12T22:49:37.528Z","age":64},"registered":{"date":"2007-04-18T10:14:58.840Z","age":17},"phone":"(096) H61-1384","cell":"(099) U48-9327","id":{"name":"","value":null},"picture":{"large":"https://randomuser.me/api/portraits/women/52.jpg","medium":"https://randomuser.me/api/portraits/med/women/52.jpg","thumbnail":"https://randomuser.me/api/portraits/thumb/women/52.jpg"},"nat":"UA"}],"info":{"seed":"609accb1aed079e6","results":1,"page":1,"version":"1.4"}} 
 </msg>
<msg time="2024-07-15T04:20:37.248643" level="INFO">/opt/hostedtoolcache/Python/3.12.4/x64/lib/python3.12/site-packages/urllib3/connectionpool.py:1099: InsecureRequestWarning: Unverified HTTPS request is being made to host 'randomuser.me'. Adding certificate verification is strongly advised. See: https://urllib3.readthedocs.io/en/latest/advanced-usage.html#tls-warnings
  warnings.warn(</msg>
<msg time="2024-07-15T04:20:37.248749" level="INFO">${response} = &lt;Response [200]&gt;</msg>
<var>${response}</var>
<arg>consultarAPI</arg>
<arg>/api</arg>
<doc>Sends a GET request on a previously created HTTP Session.</doc>
<status status="PASS" start="2024-07-15T04:20:37.169844" elapsed="0.078954"/>
</kw>
<kw name="Set Variable" owner="BuiltIn">
<msg time="2024-07-15T04:20:37.249876" level="INFO">${json_data} = {'results': [{'gender': 'female', 'name': {'title': 'Miss', 'first': 'Iekaterina', 'last': 'Lyashchuk'}, 'location': {'street': {'number': 1786, 'name': 'Zaozerniy provulok'}, 'city': 'Rahiv', 'state'...</msg>
<var>${json_data}</var>
<arg>${response.json()}</arg>
<doc>Returns the given values which can then be assigned to a variables.</doc>
<status status="PASS" start="2024-07-15T04:20:37.249285" elapsed="0.000620"/>
</kw>
<kw name="Log" owner="BuiltIn">
<msg time="2024-07-15T04:20:37.250373" level="INFO">{'results': [{'gender': 'female', 'name': {'title': 'Miss', 'first': 'Iekaterina', 'last': 'Lyashchuk'}, 'location': {'street': {'number': 1786, 'name': 'Zaozerniy provulok'}, 'city': 'Rahiv', 'state': 'Ternopilska', 'country': 'Ukraine', 'postcode': 30831, 'coordinates': {'latitude': '73.6763', 'longitude': '177.7238'}, 'timezone': {'offset': '+4:00', 'description': 'Abu Dhabi, Muscat, Baku, Tbilisi'}}, 'email': 'iekaterina.lyashchuk@example.com', 'login': {'uuid': '480925bc-399b-456b-a204-94448749225e', 'username': 'brownmeercat326', 'password': '44444444', 'salt': 'LJRvzSQi', 'md5': '9fc264d9e2671c03dde3d8b081f661ca', 'sha1': '8e81a244b15be73c171d249452ba83ed86543c8d', 'sha256': 'e4d2d934ad4697b9289a4ea6736b201702f9fc88cca4941cb2a38363d79724c4'}, 'dob': {'date': '1959-12-12T22:49:37.528Z', 'age': 64}, 'registered': {'date': '2007-04-18T10:14:58.840Z', 'age': 17}, 'phone': '(096) H61-1384', 'cell': '(099) U48-9327', 'id': {'name': '', 'value': None}, 'picture': {'large': 'https://randomuser.me/api/portraits/women/52.jpg', 'medium': 'https://randomuser.me/api/portraits/med/women/52.jpg', 'thumbnail': 'https://randomuser.me/api/portraits/thumb/women/52.jpg'}, 'nat': 'UA'}], 'info': {'seed': '609accb1aed079e6', 'results': 1, 'page': 1, 'version': '1.4'}}</msg>
<arg>${json_data}</arg>
<doc>Logs the given message with the given level.</doc>
<status status="PASS" start="2024-07-15T04:20:37.250210" elapsed="0.000208"/>
</kw>
<kw name="Should Be Equal As Numbers" owner="BuiltIn">
<arg>${json_data['results'][0]['location']['postcode']}</arg>
<arg>${json_data['results'][0]['location']['postcode']}</arg>
<doc>Fails if objects are unequal after converting them to real numbers.</doc>
<status status="PASS" start="2024-07-15T04:20:37.250709" elapsed="0.000628"/>
</kw>
<kw name="Log" owner="BuiltIn">
<msg time="2024-07-15T04:20:37.252025" level="INFO">30831</msg>
<arg>${json_data['results'][0]['location']['postcode']}</arg>
<doc>Logs the given message with the given level.</doc>
<status status="PASS" start="2024-07-15T04:20:37.251559" elapsed="0.000508"/>
</kw>
<status status="PASS" start="2024-07-15T04:20:37.169613" elapsed="0.082708"/>
</kw>
<doc>Testa se os tipos de dados na resposta da API estão corretos.</doc>
<tag>testeTiposDados</tag>
<status status="PASS" start="2024-07-15T04:20:37.065911" elapsed="0.186576"/>
</test>
<test id="s1-s1-t5" name="Validar conteudo" line="35">
<kw name="Teste de Tipos de Conteudo" owner="random-user-service">
<kw name="GET On Session" owner="RequestsLibrary">
<msg time="2024-07-15T04:20:37.359449" level="INFO">GET Request : url=https://randomuser.me/api 
 path_url=/api 
 headers={'User-Agent': 'python-requests/2.32.3', 'Accept-Encoding': 'gzip, deflate', 'Accept': '*/*', 'Connection': 'keep-alive'} 
 body=None 
 </msg>
<msg time="2024-07-15T04:20:37.359529" level="INFO">GET Response : url=https://randomuser.me/api 
 status=200, reason=OK 
 headers={'Date': 'Mon, 15 Jul 2024 04:20:37 GMT', 'Content-Type': 'application/json; charset=utf-8', 'Transfer-Encoding': 'chunked', 'Connection': 'keep-alive', 'X-Powered-By': 'Express', 'Access-Control-Allow-Origin': '*', 'Cache-Control': 'no-cache', 'ETag': 'W/"497-TlxqJYaQOCRYP1kzZub1qoY9Xmc"', 'Vary': 'Accept-Encoding', 'Content-Encoding': 'gzip', 'CF-Cache-Status': 'DYNAMIC', 'Report-To': '{"endpoints":[{"url":"https:\\/\\/a.nel.cloudflare.com\\/report\\/v4?s=usOuTMXip19rTb%2Bhj048drY1ewXhguudyxG0IYjA7M8%2BzSL59SV%2BV%2BTC7bFw4h9ngM4xThQDZNoGwShTxwAKiI7%2BpsWjQgu2yR1Q2y7QmrJYQZH7vokRJV8Rkf6Lp574"}],"group":"cf-nel","max_age":604800}', 'NEL': '{"success_fraction":0,"report_to":"cf-nel","max_age":604800}', 'Server': 'cloudflare', 'CF-RAY': '8a36f604db1a177d-IAD', 'alt-svc': 'h3=":443"; ma=86400'} 
 body={"results":[{"gender":"female","name":{"title":"Miss","first":"Galina","last":"Ilić"},"location":{"street":{"number":8348,"name":"Andrije Stojkovića"},"city":"Aranđelovac","state":"Kosovo","country":"Serbia","postcode":16817,"coordinates":{"latitude":"60.2512","longitude":"123.5666"},"timezone":{"offset":"+9:00","description":"Tokyo, Seoul, Osaka, Sapporo, Yakutsk"}},"email":"galina.ilic@example.com","login":{"uuid":"431dd003-16fb-451a-912b-58f787e1cb55","username":"sadfrog585","password":"bremen","salt":"z0SvfOKh","md5":"e8c398c0429a71beb2ef1b763029de54","sha1":"1eb96e7853cb250a13a1343ec3207d2d3ad0be52","sha256":"ce68d878c6434bb2ec36b1d05ad9d0854215e60bfa2ab7e9ab8c2548a246378d"},"dob":{"date":"1998-09-27T06:24:20.250Z","age":25},"registered":{"date":"2012-04-15T04:52:22.598Z","age":12},"phone":"028-0773-332","cell":"063-2836-999","id":{"name":"SID","value":"875129718"},"picture":{"large":"https://randomuser.me/api/portraits/women/53.jpg","medium":"https://randomuser.me/api/portraits/med/women/53.jpg","thumbnail":"https://randomuser.me/api/portraits/thumb/women/53.jpg"},"nat":"RS"}],"info":{"seed":"055bd1eef6276b03","results":1,"page":1,"version":"1.4"}} 
 </msg>
<msg time="2024-07-15T04:20:37.359604" level="INFO">/opt/hostedtoolcache/Python/3.12.4/x64/lib/python3.12/site-packages/urllib3/connectionpool.py:1099: InsecureRequestWarning: Unverified HTTPS request is being made to host 'randomuser.me'. Adding certificate verification is strongly advised. See: https://urllib3.readthedocs.io/en/latest/advanced-usage.html#tls-warnings
  warnings.warn(</msg>
<msg time="2024-07-15T04:20:37.359713" level="INFO">${response} = &lt;Response [200]&gt;</msg>
<var>${response}</var>
<arg>consultarAPI</arg>
<arg>/api</arg>
<doc>Sends a GET request on a previously created HTTP Session.</doc>
<status status="PASS" start="2024-07-15T04:20:37.255092" elapsed="0.104673"/>
</kw>
<kw name="Set Variable" owner="BuiltIn">
<msg time="2024-07-15T04:20:37.360840" level="INFO">${json_data} = {'results': [{'gender': 'female', 'name': {'title': 'Miss', 'first': 'Galina', 'last': 'Ilić'}, 'location': {'street': {'number': 8348, 'name': 'Andrije Stojkovića'}, 'city': 'Aranđelovac', 'state': '...</msg>
<var>${json_data}</var>
<arg>${response.json()}</arg>
<doc>Returns the given values which can then be assigned to a variables.</doc>
<status status="PASS" start="2024-07-15T04:20:37.360273" elapsed="0.000598"/>
</kw>
<kw name="Set Variable" owner="BuiltIn">
<msg time="2024-07-15T04:20:37.361604" level="INFO">${name_title} = Miss</msg>
<var>${name_title}</var>
<arg>${json_data["results"][0]["name"]["title"]}</arg>
<doc>Returns the given values which can then be assigned to a variables.</doc>
<status status="PASS" start="2024-07-15T04:20:37.361184" elapsed="0.000446"/>
</kw>
<kw name="Create List" owner="BuiltIn">
<msg time="2024-07-15T04:20:37.362079" level="INFO">${allowed_titles} = ['Mr', 'Ms', 'Miss', 'Mrs', 'Madame', 'Monsieur']</msg>
<var>${allowed_titles}</var>
<arg>Mr</arg>
<arg>Ms</arg>
<arg>Miss</arg>
<arg>Mrs</arg>
<arg>Madame</arg>
<arg>Monsieur</arg>
<doc>Returns a list containing given items.</doc>
<status status="PASS" start="2024-07-15T04:20:37.361928" elapsed="0.000176"/>
</kw>
<kw name="List Should Contain Value" owner="Collections">
<arg>${allowed_titles}</arg>
<arg>${name_title}</arg>
<doc>Fails if the ``value`` is not found from ``list``.</doc>
<status status="PASS" start="2024-07-15T04:20:37.362401" elapsed="0.000173"/>
</kw>
<kw name="Set Variable" owner="BuiltIn">
<msg time="2024-07-15T04:20:37.363129" level="INFO">${name_country} = RS</msg>
<var>${name_country}</var>
<arg>${json_data["results"][0]["nat"]}</arg>
<doc>Returns the given values which can then be assigned to a variables.</doc>
<status status="PASS" start="2024-07-15T04:20:37.362758" elapsed="0.000397"/>
</kw>
<kw name="Create List" owner="BuiltIn">
<msg time="2024-07-15T04:20:37.364039" level="INFO">${list_country} = ['AD', 'AE', 'AF', 'AG', 'AI', 'AL', 'AM', 'AO', 'AQ', 'AR', 'AS', 'AT', 'AU', 'AW', 'AX', 'AZ', 'BA', 'BB', 'BD', 'BE', 'BF', 'BG', 'BH', 'BI', 'BJ', 'BL', 'BM', 'BN', 'BO', 'BQ', 'BR', 'BS', 'BT', '...</msg>
<var>${list_country}</var>
<arg>AD</arg>
<arg>AE</arg>
<arg>AF</arg>
<arg>AG</arg>
<arg>AI</arg>
<arg>AL</arg>
<arg>AM</arg>
<arg>AO</arg>
<arg>AQ</arg>
<arg>AR</arg>
<arg>AS</arg>
<arg>AT</arg>
<arg>AU</arg>
<arg>AW</arg>
<arg>AX</arg>
<arg>AZ</arg>
<arg>BA</arg>
<arg>BB</arg>
<arg>BD</arg>
<arg>BE</arg>
<arg>BF</arg>
<arg>BG</arg>
<arg>BH</arg>
<arg>BI</arg>
<arg>BJ</arg>
<arg>BL</arg>
<arg>BM</arg>
<arg>BN</arg>
<arg>BO</arg>
<arg>BQ</arg>
<arg>BR</arg>
<arg>BS</arg>
<arg>BT</arg>
<arg>BV</arg>
<arg>BW</arg>
<arg>BY</arg>
<arg>BZ</arg>
<arg>CA</arg>
<arg>CC</arg>
<arg>CD</arg>
<arg>CF</arg>
<arg>CG</arg>
<arg>CH</arg>
<arg>CI</arg>
<arg>CK</arg>
<arg>CL</arg>
<arg>CM</arg>
<arg>CN</arg>
<arg>CO</arg>
<arg>CR</arg>
<arg>CU</arg>
<arg>CV</arg>
<arg>CW</arg>
<arg>CX</arg>
<arg>CY</arg>
<arg>CZ</arg>
<arg>DE</arg>
<arg>DJ</arg>
<arg>DK</arg>
<arg>DM</arg>
<arg>DO</arg>
<arg>DZ</arg>
<arg>EC</arg>
<arg>EE</arg>
<arg>EG</arg>
<arg>EH</arg>
<arg>ER</arg>
<arg>ES</arg>
<arg>ET</arg>
<arg>FI</arg>
<arg>FJ</arg>
<arg>FK</arg>
<arg>FM</arg>
<arg>FO</arg>
<arg>FR</arg>
<arg>GA</arg>
<arg>GB</arg>
<arg>GD</arg>
<arg>GE</arg>
<arg>GF</arg>
<arg>GG</arg>
<arg>GH</arg>
<arg>GI</arg>
<arg>GL</arg>
<arg>GM</arg>
<arg>GN</arg>
<arg>GP</arg>
<arg>GQ</arg>
<arg>GR</arg>
<arg>GS</arg>
<arg>GT</arg>
<arg>GU</arg>
<arg>GW</arg>
<arg>GY</arg>
<arg>HK</arg>
<arg>HM</arg>
<arg>HN</arg>
<arg>HR</arg>
<arg>HT</arg>
<arg>HU</arg>
<arg>ID</arg>
<arg>IE</arg>
<arg>IL</arg>
<arg>IM</arg>
<arg>IN</arg>
<arg>IO</arg>
<arg>IQ</arg>
<arg>IR</arg>
<arg>IS</arg>
<arg>IT</arg>
<arg>JE</arg>
<arg>JM</arg>
<arg>JO</arg>
<arg>JP</arg>
<arg>KE</arg>
<arg>KG</arg>
<arg>KH</arg>
<arg>KI</arg>
<arg>KM</arg>
<arg>KN</arg>
<arg>KP</arg>
<arg>KR</arg>
<arg>KW</arg>
<arg>KY</arg>
<arg>KZ</arg>
<arg>LA</arg>
<arg>LB</arg>
<arg>LC</arg>
<arg>LI</arg>
<arg>LK</arg>
<arg>LR</arg>
<arg>LS</arg>
<arg>LT</arg>
<arg>LU</arg>
<arg>LV</arg>
<arg>LY</arg>
<arg>MA</arg>
<arg>MC</arg>
<arg>MD</arg>
<arg>ME</arg>
<arg>MF</arg>
<arg>MG</arg>
<arg>MH</arg>
<arg>MK</arg>
<arg>ML</arg>
<arg>MM</arg>
<arg>MN</arg>
<arg>MO</arg>
<arg>MP</arg>
<arg>MQ</arg>
<arg>MR</arg>
<arg>MS</arg>
<arg>MT</arg>
<arg>MU</arg>
<arg>MV</arg>
<arg>MW</arg>
<arg>MX</arg>
<arg>MY</arg>
<arg>MZ</arg>
<arg>NA</arg>
<arg>NC</arg>
<arg>NE</arg>
<arg>NF</arg>
<arg>NG</arg>
<arg>NI</arg>
<arg>NL</arg>
<arg>NO</arg>
<arg>NP</arg>
<arg>NR</arg>
<arg>NU</arg>
<arg>NZ</arg>
<arg>OM</arg>
<arg>PA</arg>
<arg>PE</arg>
<arg>PF</arg>
<arg>PG</arg>
<arg>PH</arg>
<arg>PK</arg>
<arg>PL</arg>
<arg>PM</arg>
<arg>PN</arg>
<arg>PR</arg>
<arg>PS</arg>
<arg>PT</arg>
<arg>PW</arg>
<arg>PY</arg>
<arg>QA</arg>
<arg>RE</arg>
<arg>RO</arg>
<arg>RS</arg>
<arg>RU</arg>
<arg>RW</arg>
<arg>SA</arg>
<arg>SB</arg>
<arg>SC</arg>
<arg>SD</arg>
<arg>SE</arg>
<arg>SG</arg>
<arg>SH</arg>
<arg>SI</arg>
<arg>SJ</arg>
<arg>SK</arg>
<arg>SL</arg>
<arg>SM</arg>
<arg>SN</arg>
<arg>SO</arg>
<arg>SR</arg>
<arg>SS</arg>
<arg>ST</arg>
<arg>SV</arg>
<arg>SX</arg>
<arg>SY</arg>
<arg>SZ</arg>
<arg>TC</arg>
<arg>TD</arg>
<arg>TF</arg>
<arg>TG</arg>
<arg>TH</arg>
<arg>TJ</arg>
<arg>TK</arg>
<arg>TL</arg>
<arg>TM</arg>
<arg>TN</arg>
<arg>TO</arg>
<arg>TR</arg>
<arg>TT</arg>
<arg>TV</arg>
<arg>TW</arg>
<arg>TZ</arg>
<arg>UA</arg>
<arg>UG</arg>
<arg>UM</arg>
<arg>US</arg>
<arg>UY</arg>
<arg>UZ</arg>
<arg>VA</arg>
<arg>VC</arg>
<arg>VE</arg>
<arg>VG</arg>
<arg>VI</arg>
<arg>VN</arg>
<arg>VU</arg>
<arg>WF</arg>
<arg>WS</arg>
<arg>XK</arg>
<arg>YE</arg>
<arg>YT</arg>
<arg>ZA</arg>
<arg>ZM</arg>
<arg>ZW</arg>
<doc>Returns a list containing given items.</doc>
<status status="PASS" start="2024-07-15T04:20:37.363446" elapsed="0.000619"/>
</kw>
<kw name="List Should Contain Value" owner="Collections">
<arg>${list_country}</arg>
<arg>${name_country}</arg>
<doc>Fails if the ``value`` is not found from ``list``.</doc>
<status status="PASS" start="2024-07-15T04:20:37.364851" elapsed="0.000204"/>
</kw>
<kw name="Run Keyword If" owner="BuiltIn">
<kw name="Should Be True" owner="BuiltIn">
<arg>${True}</arg>
<doc>Fails if the given condition is not true.</doc>
<status status="PASS" start="2024-07-15T04:20:37.366026" elapsed="0.000144"/>
</kw>
<arg>${json_data["results"][0]["location"]["coordinates"]["latitude"]} &gt;= -90 and ${json_data["results"][0]["location"]["coordinates"]["latitude"]} &lt;= 90</arg>
<arg>Should Be True</arg>
<arg>${True}</arg>
<doc>Runs the given keyword with the given arguments, if ``condition`` is true.</doc>
<status status="PASS" start="2024-07-15T04:20:37.365276" elapsed="0.001021"/>
</kw>
<kw name="Run Keyword If" owner="BuiltIn">
<kw name="Should Be True" owner="BuiltIn">
<arg>${True}</arg>
<doc>Fails if the given condition is not true.</doc>
<status status="PASS" start="2024-07-15T04:20:37.367167" elapsed="0.000229"/>
</kw>
<arg>${json_data["results"][0]["location"]["coordinates"]["longitude"]} &gt;= -180 and ${json_data["results"][0]["location"]["coordinates"]["longitude"]} &lt;= 180</arg>
<arg>Should Be True</arg>
<arg>${True}</arg>
<doc>Runs the given keyword with the given arguments, if ``condition`` is true.</doc>
<status status="PASS" start="2024-07-15T04:20:37.366479" elapsed="0.001046"/>
</kw>
<status status="PASS" start="2024-07-15T04:20:37.254876" elapsed="0.112777"/>
</kw>
<doc>Testa o conteúdo específico dos campos retornados pela API.</doc>
<tag>testeConteudo</tag>
<status status="PASS" start="2024-07-15T04:20:37.254349" elapsed="0.113444"/>
</test>
<status status="PASS" start="2024-07-15T04:20:36.504658" elapsed="0.865118"/>
</suite>
<status status="PASS" start="2024-07-15T04:20:36.490011" elapsed="0.884751"/>
</suite>
<statistics>
<total>
<stat pass="5" fail="0" skip="0">All Tests</stat>
</total>
<tag>
<stat pass="1" fail="0" skip="0">testeConteudo</stat>
<stat pass="1" fail="0" skip="0">testeEstruturaResposta</stat>
<stat pass="1" fail="0" skip="0">testeRequisicaoBasica</stat>
<stat pass="1" fail="0" skip="0">testeTiposDados</stat>
</tag>
<suite>
<stat pass="5" fail="0" skip="0" id="s1" name="Tests">Tests</stat>
<stat pass="5" fail="0" skip="0" id="s1-s1" name="Random-User-Test">Tests.Random-User-Test</stat>
</suite>
</statistics>
<errors>
</errors>
</robot>
