<?xml version="1.0" encoding="UTF-8"?>
<robot generator="Robot 7.0.1 (Python 3.12.4 on linux)" generated="2024-07-20T12:26:50.346293" rpa="false" schemaversion="5">
<suite id="s1" name="Tests" source="/home/runner/work/ApiRandomUser/ApiRandomUser/RamdonUser/tests">
<suite id="s1-s1" name="Random-User-Test" source="/home/runner/work/ApiRandomUser/ApiRandomUser/RamdonUser/tests/random-user-test.robot">
<test id="s1-s1-t1" name="Conectar" line="13">
<kw name="Conectar API" owner="random-user-service">
<kw name="Create Session" owner="RequestsLibrary">
<msg time="2024-07-20T12:26:50.778835" level="INFO">Creating Session using : alias=consultarAPI, url=https://randomuser.me/, headers={},                     cookies={}, auth=None, timeout=None, proxies=None, verify=False,                     debug=0 </msg>
<arg>consultarAPI</arg>
<arg>${URL}</arg>
<doc>Create Session: create a HTTP session to a server</doc>
<status status="PASS" start="2024-07-20T12:26:50.778609" elapsed="0.000477"/>
</kw>
<status status="PASS" start="2024-07-20T12:26:50.777399" elapsed="0.002099"/>
</kw>
<status status="PASS" start="2024-07-20T12:26:50.776744" elapsed="0.002965"/>
</test>
<test id="s1-s1-t2" name="Validar retorno 200 e JSON Válido" line="16">
<kw name="Teste de Requisicao Basica" owner="random-user-service">
<kw name="GET On Session" owner="RequestsLibrary">
<msg time="2024-07-20T12:26:50.997879" level="INFO">GET Request : url=https://randomuser.me/api 
 path_url=/api 
 headers={'User-Agent': 'python-requests/2.32.3', 'Accept-Encoding': 'gzip, deflate', 'Accept': '*/*', 'Connection': 'keep-alive'} 
 body=None 
 </msg>
<msg time="2024-07-20T12:26:50.998063" level="INFO">GET Response : url=https://randomuser.me/api 
 status=200, reason=OK 
 headers={'Date': 'Sat, 20 Jul 2024 12:26:50 GMT', 'Content-Type': 'application/json; charset=utf-8', 'Transfer-Encoding': 'chunked', 'Connection': 'keep-alive', 'X-Powered-By': 'Express', 'Access-Control-Allow-Origin': '*', 'Cache-Control': 'no-cache', 'ETag': 'W/"489-KTQxOr0K+GPOnfno0DkO6f6cLhA"', 'Vary': 'Accept-Encoding', 'Content-Encoding': 'gzip', 'CF-Cache-Status': 'DYNAMIC', 'Report-To': '{"endpoints":[{"url":"https:\\/\\/a.nel.cloudflare.com\\/report\\/v4?s=tuZdMSWXpbe7OHRigoJ%2Ff5NW%2FsmUP%2BjRirVbb2GZ%2FgkyBUT6rhY6HoRqO64dI%2FVd1E9MmgFqbffeZDM666VrgdmG2oMRnmoV6yNQRMpti5Z8t6OwCEiLZ4wgp3LFsciD"}],"group":"cf-nel","max_age":604800}', 'NEL': '{"success_fraction":0,"report_to":"cf-nel","max_age":604800}', 'Server': 'cloudflare', 'CF-RAY': '8a62f1248d5e1fec-IAD', 'alt-svc': 'h3=":443"; ma=86400'} 
 body={"results":[{"gender":"female","name":{"title":"Ms","first":"Luana","last":"Vieira"},"location":{"street":{"number":4471,"name":"Rua Duque de Caxias "},"city":"Camaragibe","state":"Pernambuco","country":"Brazil","postcode":84209,"coordinates":{"latitude":"-75.3285","longitude":"10.6447"},"timezone":{"offset":"+4:30","description":"Kabul"}},"email":"luana.vieira@example.com","login":{"uuid":"9fda7529-d501-4500-a449-a515b6a11810","username":"organicostrich432","password":"dadada","salt":"wchvdaNq","md5":"298199d8535ddc89699da337bc5d1782","sha1":"9071906559cd78de55211c480bf861d8552c42cb","sha256":"21320e66e1d460f911a112fdbee2f0d6d787f145dffe776726629ea68dd0e71a"},"dob":{"date":"1949-10-10T09:56:23.059Z","age":74},"registered":{"date":"2009-04-07T16:56:11.935Z","age":15},"phone":"(36) 0151-0652","cell":"(10) 5230-7462","id":{"name":"CPF","value":"202.644.689-48"},"picture":{"large":"https://randomuser.me/api/portraits/women/72.jpg","medium":"https://randomuser.me/api/portraits/med/women/72.jpg","thumbnail":"https://randomuser.me/api/portraits/thumb/women/72.jpg"},"nat":"BR"}],"info":{"seed":"bde155f8defe5d12","results":1,"page":1,"version":"1.4"}} 
 </msg>
<msg time="2024-07-20T12:26:50.998159" level="INFO">/opt/hostedtoolcache/Python/3.12.4/x64/lib/python3.12/site-packages/urllib3/connectionpool.py:1099: InsecureRequestWarning: Unverified HTTPS request is being made to host 'randomuser.me'. Adding certificate verification is strongly advised. See: https://urllib3.readthedocs.io/en/latest/advanced-usage.html#tls-warnings
  warnings.warn(</msg>
<msg time="2024-07-20T12:26:50.998310" level="INFO">${response} = &lt;Response [200]&gt;</msg>
<var>${response}</var>
<arg>consultarAPI</arg>
<arg>/api</arg>
<doc>Sends a GET request on a previously created HTTP Session.</doc>
<status status="PASS" start="2024-07-20T12:26:50.782604" elapsed="0.215747"/>
</kw>
<kw name="Should Be Equal As Numbers" owner="BuiltIn">
<msg time="2024-07-20T12:26:50.999624" level="INFO">Argument types are:
&lt;class 'int'&gt;
&lt;class 'str'&gt;</msg>
<arg>${response.status_code}</arg>
<arg>200</arg>
<doc>Fails if objects are unequal after converting them to real numbers.</doc>
<status status="PASS" start="2024-07-20T12:26:50.999085" elapsed="0.000609"/>
</kw>
<kw name="Log" owner="BuiltIn">
<msg time="2024-07-20T12:26:51.000386" level="INFO">200</msg>
<arg>${response.status_code}</arg>
<doc>Logs the given message with the given level.</doc>
<status status="PASS" start="2024-07-20T12:26:51.000027" elapsed="0.000402"/>
</kw>
<kw name="Set Variable" owner="BuiltIn">
<msg time="2024-07-20T12:26:51.001182" level="INFO">${json_data} = {'results': [{'gender': 'female', 'name': {'title': 'Ms', 'first': 'Luana', 'last': 'Vieira'}, 'location': {'street': {'number': 4471, 'name': 'Rua Duque de Caxias '}, 'city': 'Camaragibe', 'state': '...</msg>
<var>${json_data}</var>
<arg>${response.json()}</arg>
<doc>Returns the given values which can then be assigned to a variables.</doc>
<status status="PASS" start="2024-07-20T12:26:51.000740" elapsed="0.000471"/>
</kw>
<kw name="Dictionary Should Contain Key" owner="Collections">
<arg>${json_data}</arg>
<arg>results</arg>
<doc>Fails if ``key`` is not found from ``dictionary``.</doc>
<status status="PASS" start="2024-07-20T12:26:51.001512" elapsed="0.000333"/>
</kw>
<status status="PASS" start="2024-07-20T12:26:50.782318" elapsed="0.219685"/>
</kw>
<doc>Testa se a API responde corretamente e retorna um objeto JSON válido.</doc>
<tag>testeRequisicaoBasica</tag>
<status status="PASS" start="2024-07-20T12:26:50.781775" elapsed="0.220408"/>
</test>
<test id="s1-s1-t3" name="Validar estrutura de resposta" line="22">
<kw name="Teste de Estrutura de Resposta" owner="random-user-service">
<kw name="GET On Session" owner="RequestsLibrary">
<msg time="2024-07-20T12:26:51.101480" level="INFO">GET Request : url=https://randomuser.me/api 
 path_url=/api 
 headers={'User-Agent': 'python-requests/2.32.3', 'Accept-Encoding': 'gzip, deflate', 'Accept': '*/*', 'Connection': 'keep-alive'} 
 body=None 
 </msg>
<msg time="2024-07-20T12:26:51.101592" level="INFO">GET Response : url=https://randomuser.me/api 
 status=200, reason=OK 
 headers={'Date': 'Sat, 20 Jul 2024 12:26:51 GMT', 'Content-Type': 'application/json; charset=utf-8', 'Transfer-Encoding': 'chunked', 'Connection': 'keep-alive', 'X-Powered-By': 'Express', 'Access-Control-Allow-Origin': '*', 'Cache-Control': 'no-cache', 'ETag': 'W/"48c-RVTWRGXesC5f5pXOhKaSf2AH9F0"', 'Vary': 'Accept-Encoding', 'Content-Encoding': 'gzip', 'CF-Cache-Status': 'DYNAMIC', 'Report-To': '{"endpoints":[{"url":"https:\\/\\/a.nel.cloudflare.com\\/report\\/v4?s=3o2VGME7gzsqQs%2BJXBJtyO%2BANA82VkT4Lzj%2Becx2B6T0HmCvhwcr6KmyknMyQNzqVSLV39KdQ92EXT%2Bd0zGmH%2FMn3Ev6f3Vb4yZHXtidjyxZmN9K9aeeWLUU5E3cDCNP"}],"group":"cf-nel","max_age":604800}', 'NEL': '{"success_fraction":0,"report_to":"cf-nel","max_age":604800}', 'Server': 'cloudflare', 'CF-RAY': '8a62f124cd881fec-IAD', 'alt-svc': 'h3=":443"; ma=86400'} 
 body={"results":[{"gender":"male","name":{"title":"Mr","first":"آرتين","last":"کریمی"},"location":{"street":{"number":689,"name":"آزادی"},"city":"دزفول","state":"مازندران","country":"Iran","postcode":35280,"coordinates":{"latitude":"16.1410","longitude":"-7.4514"},"timezone":{"offset":"-3:00","description":"Brazil, Buenos Aires, Georgetown"}},"email":"artyn.khrymy@example.com","login":{"uuid":"0d510694-eb45-4f86-9409-2371adee0300","username":"beautifulmeercat214","password":"derek","salt":"3Rtw9Ixh","md5":"64cd96764e795562b5061f95626b4d97","sha1":"10f87abc2281ebd768748d7343ad4018e3a28ddc","sha256":"5f307e358e2bc7e47e8135b9895b8528cb78a455f357e950612fcc48150fd57d"},"dob":{"date":"1956-07-22T01:48:32.612Z","age":67},"registered":{"date":"2011-07-18T20:34:17.762Z","age":13},"phone":"068-98020064","cell":"0990-462-4672","id":{"name":"","value":null},"picture":{"large":"https://randomuser.me/api/portraits/men/11.jpg","medium":"https://randomuser.me/api/portraits/med/men/11.jpg","thumbnail":"https://randomuser.me/api/portraits/thumb/men/11.jpg"},"nat":"IR"}],"info":{"seed":"7791e3fb8c4cccbc","results":1,"page":1,"version":"1.4"}} 
 </msg>
<msg time="2024-07-20T12:26:51.101732" level="INFO">/opt/hostedtoolcache/Python/3.12.4/x64/lib/python3.12/site-packages/urllib3/connectionpool.py:1099: InsecureRequestWarning: Unverified HTTPS request is being made to host 'randomuser.me'. Adding certificate verification is strongly advised. See: https://urllib3.readthedocs.io/en/latest/advanced-usage.html#tls-warnings
  warnings.warn(</msg>
<msg time="2024-07-20T12:26:51.101872" level="INFO">${response} = &lt;Response [200]&gt;</msg>
<var>${response}</var>
<arg>consultarAPI</arg>
<arg>/api</arg>
<doc>Sends a GET request on a previously created HTTP Session.</doc>
<status status="PASS" start="2024-07-20T12:26:51.004887" elapsed="0.097026"/>
</kw>
<kw name="Set Variable" owner="BuiltIn">
<msg time="2024-07-20T12:26:51.103212" level="INFO">${json_data} = {'results': [{'gender': 'male', 'name': {'title': 'Mr', 'first': 'آرتين', 'last': 'کریمی'}, 'location': {'street': {'number': 689, 'name': 'آزادی'}, 'city': 'دزفول', 'state': 'مازندران', 'country': 'I...</msg>
<var>${json_data}</var>
<arg>${response.json()}</arg>
<doc>Returns the given values which can then be assigned to a variables.</doc>
<status status="PASS" start="2024-07-20T12:26:51.102575" elapsed="0.000669"/>
</kw>
<kw name="Log" owner="BuiltIn">
<msg time="2024-07-20T12:26:51.103739" level="INFO">{'results': [{'gender': 'male', 'name': {'title': 'Mr', 'first': 'آرتين', 'last': 'کریمی'}, 'location': {'street': {'number': 689, 'name': 'آزادی'}, 'city': 'دزفول', 'state': 'مازندران', 'country': 'Iran', 'postcode': 35280, 'coordinates': {'latitude': '16.1410', 'longitude': '-7.4514'}, 'timezone': {'offset': '-3:00', 'description': 'Brazil, Buenos Aires, Georgetown'}}, 'email': 'artyn.khrymy@example.com', 'login': {'uuid': '0d510694-eb45-4f86-9409-2371adee0300', 'username': 'beautifulmeercat214', 'password': 'derek', 'salt': '3Rtw9Ixh', 'md5': '64cd96764e795562b5061f95626b4d97', 'sha1': '10f87abc2281ebd768748d7343ad4018e3a28ddc', 'sha256': '5f307e358e2bc7e47e8135b9895b8528cb78a455f357e950612fcc48150fd57d'}, 'dob': {'date': '1956-07-22T01:48:32.612Z', 'age': 67}, 'registered': {'date': '2011-07-18T20:34:17.762Z', 'age': 13}, 'phone': '068-98020064', 'cell': '0990-462-4672', 'id': {'name': '', 'value': None}, 'picture': {'large': 'https://randomuser.me/api/portraits/men/11.jpg', 'medium': 'https://randomuser.me/api/portraits/med/men/11.jpg', 'thumbnail': 'https://randomuser.me/api/portraits/thumb/men/11.jpg'}, 'nat': 'IR'}], 'info': {'seed': '7791e3fb8c4cccbc', 'results': 1, 'page': 1, 'version': '1.4'}}</msg>
<arg>${json_data}</arg>
<doc>Logs the given message with the given level.</doc>
<status status="PASS" start="2024-07-20T12:26:51.103566" elapsed="0.000227"/>
</kw>
<kw name="Dictionary Should Contain Key" owner="Collections">
<arg>${json_data}</arg>
<arg>results</arg>
<doc>Fails if ``key`` is not found from ``dictionary``.</doc>
<status status="PASS" start="2024-07-20T12:26:51.104093" elapsed="0.000165"/>
</kw>
<kw name="Should Not Be Empty" owner="BuiltIn">
<msg time="2024-07-20T12:26:51.104578" level="INFO">Length is 2.</msg>
<arg>${json_data}</arg>
<doc>Verifies that the given item is not empty.</doc>
<status status="PASS" start="2024-07-20T12:26:51.104455" elapsed="0.000160"/>
</kw>
<kw name="Create List" owner="BuiltIn">
<msg time="2024-07-20T12:26:51.105052" level="INFO">${expected_keys} = ['gender', 'name', 'location', 'email', 'login']</msg>
<var>${expected_keys}</var>
<arg>gender</arg>
<arg>name</arg>
<arg>location</arg>
<arg>email</arg>
<arg>login</arg>
<doc>Returns a list containing given items.</doc>
<status status="PASS" start="2024-07-20T12:26:51.104900" elapsed="0.000176"/>
</kw>
<for flavor="IN">
<iter>
<kw name="Dictionary Should Contain Key" owner="Collections">
<arg>${json_data['results'][0]}</arg>
<arg>${key}</arg>
<doc>Fails if ``key`` is not found from ``dictionary``.</doc>
<status status="PASS" start="2024-07-20T12:26:51.105675" elapsed="0.000425"/>
</kw>
<kw name="Log" owner="BuiltIn">
<msg time="2024-07-20T12:26:51.106657" level="INFO">{'gender': 'male', 'name': {'title': 'Mr', 'first': 'آرتين', 'last': 'کریمی'}, 'location': {'street': {'number': 689, 'name': 'آزادی'}, 'city': 'دزفول', 'state': 'مازندران', 'country': 'Iran', 'postcode': 35280, 'coordinates': {'latitude': '16.1410', 'longitude': '-7.4514'}, 'timezone': {'offset': '-3:00', 'description': 'Brazil, Buenos Aires, Georgetown'}}, 'email': 'artyn.khrymy@example.com', 'login': {'uuid': '0d510694-eb45-4f86-9409-2371adee0300', 'username': 'beautifulmeercat214', 'password': 'derek', 'salt': '3Rtw9Ixh', 'md5': '64cd96764e795562b5061f95626b4d97', 'sha1': '10f87abc2281ebd768748d7343ad4018e3a28ddc', 'sha256': '5f307e358e2bc7e47e8135b9895b8528cb78a455f357e950612fcc48150fd57d'}, 'dob': {'date': '1956-07-22T01:48:32.612Z', 'age': 67}, 'registered': {'date': '2011-07-18T20:34:17.762Z', 'age': 13}, 'phone': '068-98020064', 'cell': '0990-462-4672', 'id': {'name': '', 'value': None}, 'picture': {'large': 'https://randomuser.me/api/portraits/men/11.jpg', 'medium': 'https://randomuser.me/api/portraits/med/men/11.jpg', 'thumbnail': 'https://randomuser.me/api/portraits/thumb/men/11.jpg'}, 'nat': 'IR'}</msg>
<arg>${json_data['results'][0]}</arg>
<doc>Logs the given message with the given level.</doc>
<status status="PASS" start="2024-07-20T12:26:51.106291" elapsed="0.000419"/>
</kw>
<kw name="Log" owner="BuiltIn">
<msg time="2024-07-20T12:26:51.107177" level="INFO">gender</msg>
<arg>${key}</arg>
<doc>Logs the given message with the given level.</doc>
<status status="PASS" start="2024-07-20T12:26:51.107047" elapsed="0.000168"/>
</kw>
<var name="${key}">gender</var>
<status status="PASS" start="2024-07-20T12:26:51.105543" elapsed="0.001891"/>
</iter>
<iter>
<kw name="Dictionary Should Contain Key" owner="Collections">
<arg>${json_data['results'][0]}</arg>
<arg>${key}</arg>
<doc>Fails if ``key`` is not found from ``dictionary``.</doc>
<status status="PASS" start="2024-07-20T12:26:51.107733" elapsed="0.000398"/>
</kw>
<kw name="Log" owner="BuiltIn">
<msg time="2024-07-20T12:26:51.108675" level="INFO">{'gender': 'male', 'name': {'title': 'Mr', 'first': 'آرتين', 'last': 'کریمی'}, 'location': {'street': {'number': 689, 'name': 'آزادی'}, 'city': 'دزفول', 'state': 'مازندران', 'country': 'Iran', 'postcode': 35280, 'coordinates': {'latitude': '16.1410', 'longitude': '-7.4514'}, 'timezone': {'offset': '-3:00', 'description': 'Brazil, Buenos Aires, Georgetown'}}, 'email': 'artyn.khrymy@example.com', 'login': {'uuid': '0d510694-eb45-4f86-9409-2371adee0300', 'username': 'beautifulmeercat214', 'password': 'derek', 'salt': '3Rtw9Ixh', 'md5': '64cd96764e795562b5061f95626b4d97', 'sha1': '10f87abc2281ebd768748d7343ad4018e3a28ddc', 'sha256': '5f307e358e2bc7e47e8135b9895b8528cb78a455f357e950612fcc48150fd57d'}, 'dob': {'date': '1956-07-22T01:48:32.612Z', 'age': 67}, 'registered': {'date': '2011-07-18T20:34:17.762Z', 'age': 13}, 'phone': '068-98020064', 'cell': '0990-462-4672', 'id': {'name': '', 'value': None}, 'picture': {'large': 'https://randomuser.me/api/portraits/men/11.jpg', 'medium': 'https://randomuser.me/api/portraits/med/men/11.jpg', 'thumbnail': 'https://randomuser.me/api/portraits/thumb/men/11.jpg'}, 'nat': 'IR'}</msg>
<arg>${json_data['results'][0]}</arg>
<doc>Logs the given message with the given level.</doc>
<status status="PASS" start="2024-07-20T12:26:51.108315" elapsed="0.000447"/>
</kw>
<kw name="Log" owner="BuiltIn">
<msg time="2024-07-20T12:26:51.109191" level="INFO">name</msg>
<arg>${key}</arg>
<doc>Logs the given message with the given level.</doc>
<status status="PASS" start="2024-07-20T12:26:51.109065" elapsed="0.000164"/>
</kw>
<var name="${key}">name</var>
<status status="PASS" start="2024-07-20T12:26:51.107621" elapsed="0.001821"/>
</iter>
<iter>
<kw name="Dictionary Should Contain Key" owner="Collections">
<arg>${json_data['results'][0]}</arg>
<arg>${key}</arg>
<doc>Fails if ``key`` is not found from ``dictionary``.</doc>
<status status="PASS" start="2024-07-20T12:26:51.109725" elapsed="0.000388"/>
</kw>
<kw name="Log" owner="BuiltIn">
<msg time="2024-07-20T12:26:51.110659" level="INFO">{'gender': 'male', 'name': {'title': 'Mr', 'first': 'آرتين', 'last': 'کریمی'}, 'location': {'street': {'number': 689, 'name': 'آزادی'}, 'city': 'دزفول', 'state': 'مازندران', 'country': 'Iran', 'postcode': 35280, 'coordinates': {'latitude': '16.1410', 'longitude': '-7.4514'}, 'timezone': {'offset': '-3:00', 'description': 'Brazil, Buenos Aires, Georgetown'}}, 'email': 'artyn.khrymy@example.com', 'login': {'uuid': '0d510694-eb45-4f86-9409-2371adee0300', 'username': 'beautifulmeercat214', 'password': 'derek', 'salt': '3Rtw9Ixh', 'md5': '64cd96764e795562b5061f95626b4d97', 'sha1': '10f87abc2281ebd768748d7343ad4018e3a28ddc', 'sha256': '5f307e358e2bc7e47e8135b9895b8528cb78a455f357e950612fcc48150fd57d'}, 'dob': {'date': '1956-07-22T01:48:32.612Z', 'age': 67}, 'registered': {'date': '2011-07-18T20:34:17.762Z', 'age': 13}, 'phone': '068-98020064', 'cell': '0990-462-4672', 'id': {'name': '', 'value': None}, 'picture': {'large': 'https://randomuser.me/api/portraits/men/11.jpg', 'medium': 'https://randomuser.me/api/portraits/med/men/11.jpg', 'thumbnail': 'https://randomuser.me/api/portraits/thumb/men/11.jpg'}, 'nat': 'IR'}</msg>
<arg>${json_data['results'][0]}</arg>
<doc>Logs the given message with the given level.</doc>
<status status="PASS" start="2024-07-20T12:26:51.110306" elapsed="0.000405"/>
</kw>
<kw name="Log" owner="BuiltIn">
<msg time="2024-07-20T12:26:51.111202" level="INFO">location</msg>
<arg>${key}</arg>
<doc>Logs the given message with the given level.</doc>
<status status="PASS" start="2024-07-20T12:26:51.111060" elapsed="0.000179"/>
</kw>
<var name="${key}">location</var>
<status status="PASS" start="2024-07-20T12:26:51.109616" elapsed="0.001841"/>
</iter>
<iter>
<kw name="Dictionary Should Contain Key" owner="Collections">
<arg>${json_data['results'][0]}</arg>
<arg>${key}</arg>
<doc>Fails if ``key`` is not found from ``dictionary``.</doc>
<status status="PASS" start="2024-07-20T12:26:51.111735" elapsed="0.000394"/>
</kw>
<kw name="Log" owner="BuiltIn">
<msg time="2024-07-20T12:26:51.112809" level="INFO">{'gender': 'male', 'name': {'title': 'Mr', 'first': 'آرتين', 'last': 'کریمی'}, 'location': {'street': {'number': 689, 'name': 'آزادی'}, 'city': 'دزفول', 'state': 'مازندران', 'country': 'Iran', 'postcode': 35280, 'coordinates': {'latitude': '16.1410', 'longitude': '-7.4514'}, 'timezone': {'offset': '-3:00', 'description': 'Brazil, Buenos Aires, Georgetown'}}, 'email': 'artyn.khrymy@example.com', 'login': {'uuid': '0d510694-eb45-4f86-9409-2371adee0300', 'username': 'beautifulmeercat214', 'password': 'derek', 'salt': '3Rtw9Ixh', 'md5': '64cd96764e795562b5061f95626b4d97', 'sha1': '10f87abc2281ebd768748d7343ad4018e3a28ddc', 'sha256': '5f307e358e2bc7e47e8135b9895b8528cb78a455f357e950612fcc48150fd57d'}, 'dob': {'date': '1956-07-22T01:48:32.612Z', 'age': 67}, 'registered': {'date': '2011-07-18T20:34:17.762Z', 'age': 13}, 'phone': '068-98020064', 'cell': '0990-462-4672', 'id': {'name': '', 'value': None}, 'picture': {'large': 'https://randomuser.me/api/portraits/men/11.jpg', 'medium': 'https://randomuser.me/api/portraits/med/men/11.jpg', 'thumbnail': 'https://randomuser.me/api/portraits/thumb/men/11.jpg'}, 'nat': 'IR'}</msg>
<arg>${json_data['results'][0]}</arg>
<doc>Logs the given message with the given level.</doc>
<status status="PASS" start="2024-07-20T12:26:51.112453" elapsed="0.000407"/>
</kw>
<kw name="Log" owner="BuiltIn">
<msg time="2024-07-20T12:26:51.113281" level="INFO">email</msg>
<arg>${key}</arg>
<doc>Logs the given message with the given level.</doc>
<status status="PASS" start="2024-07-20T12:26:51.113154" elapsed="0.000165"/>
</kw>
<var name="${key}">email</var>
<status status="PASS" start="2024-07-20T12:26:51.111627" elapsed="0.001906"/>
</iter>
<iter>
<kw name="Dictionary Should Contain Key" owner="Collections">
<arg>${json_data['results'][0]}</arg>
<arg>${key}</arg>
<doc>Fails if ``key`` is not found from ``dictionary``.</doc>
<status status="PASS" start="2024-07-20T12:26:51.113813" elapsed="0.000386"/>
</kw>
<kw name="Log" owner="BuiltIn">
<msg time="2024-07-20T12:26:51.114737" level="INFO">{'gender': 'male', 'name': {'title': 'Mr', 'first': 'آرتين', 'last': 'کریمی'}, 'location': {'street': {'number': 689, 'name': 'آزادی'}, 'city': 'دزفول', 'state': 'مازندران', 'country': 'Iran', 'postcode': 35280, 'coordinates': {'latitude': '16.1410', 'longitude': '-7.4514'}, 'timezone': {'offset': '-3:00', 'description': 'Brazil, Buenos Aires, Georgetown'}}, 'email': 'artyn.khrymy@example.com', 'login': {'uuid': '0d510694-eb45-4f86-9409-2371adee0300', 'username': 'beautifulmeercat214', 'password': 'derek', 'salt': '3Rtw9Ixh', 'md5': '64cd96764e795562b5061f95626b4d97', 'sha1': '10f87abc2281ebd768748d7343ad4018e3a28ddc', 'sha256': '5f307e358e2bc7e47e8135b9895b8528cb78a455f357e950612fcc48150fd57d'}, 'dob': {'date': '1956-07-22T01:48:32.612Z', 'age': 67}, 'registered': {'date': '2011-07-18T20:34:17.762Z', 'age': 13}, 'phone': '068-98020064', 'cell': '0990-462-4672', 'id': {'name': '', 'value': None}, 'picture': {'large': 'https://randomuser.me/api/portraits/men/11.jpg', 'medium': 'https://randomuser.me/api/portraits/med/men/11.jpg', 'thumbnail': 'https://randomuser.me/api/portraits/thumb/men/11.jpg'}, 'nat': 'IR'}</msg>
<arg>${json_data['results'][0]}</arg>
<doc>Logs the given message with the given level.</doc>
<status status="PASS" start="2024-07-20T12:26:51.114382" elapsed="0.000405"/>
</kw>
<kw name="Log" owner="BuiltIn">
<msg time="2024-07-20T12:26:51.115246" level="INFO">login</msg>
<arg>${key}</arg>
<doc>Logs the given message with the given level.</doc>
<status status="PASS" start="2024-07-20T12:26:51.115118" elapsed="0.000164"/>
</kw>
<var name="${key}">login</var>
<status status="PASS" start="2024-07-20T12:26:51.113703" elapsed="0.001799"/>
</iter>
<var>${key}</var>
<value>@{expected_keys}</value>
<status status="PASS" start="2024-07-20T12:26:51.105341" elapsed="0.010281"/>
</for>
<kw name="Create List" owner="BuiltIn">
<msg time="2024-07-20T12:26:51.115954" level="INFO">${expected_keysTwo} = ['username', 'password']</msg>
<var>${expected_keysTwo}</var>
<arg>username</arg>
<arg>password</arg>
<doc>Returns a list containing given items.</doc>
<status status="PASS" start="2024-07-20T12:26:51.115818" elapsed="0.000190"/>
</kw>
<for flavor="IN">
<iter>
<kw name="Dictionary Should Contain Key" owner="Collections">
<arg>${json_data['results'][0]['login']}</arg>
<arg>${keyTwo}</arg>
<doc>Fails if ``key`` is not found from ``dictionary``.</doc>
<status status="PASS" start="2024-07-20T12:26:51.116521" elapsed="0.000390"/>
</kw>
<kw name="Dictionary Should Contain Key" owner="Collections">
<arg>${json_data['results'][0]['login']}</arg>
<arg>${keyTwo}</arg>
<doc>Fails if ``key`` is not found from ``dictionary``.</doc>
<status status="PASS" start="2024-07-20T12:26:51.117101" elapsed="0.000376"/>
</kw>
<kw name="Log" owner="BuiltIn">
<msg time="2024-07-20T12:26:51.117777" level="INFO">username</msg>
<arg>${keyTwo}</arg>
<doc>Logs the given message with the given level.</doc>
<status status="PASS" start="2024-07-20T12:26:51.117657" elapsed="0.000158"/>
</kw>
<var name="${keyTwo}">username</var>
<status status="PASS" start="2024-07-20T12:26:51.116413" elapsed="0.001623"/>
</iter>
<iter>
<kw name="Dictionary Should Contain Key" owner="Collections">
<arg>${json_data['results'][0]['login']}</arg>
<arg>${keyTwo}</arg>
<doc>Fails if ``key`` is not found from ``dictionary``.</doc>
<status status="PASS" start="2024-07-20T12:26:51.118321" elapsed="0.000381"/>
</kw>
<kw name="Dictionary Should Contain Key" owner="Collections">
<arg>${json_data['results'][0]['login']}</arg>
<arg>${keyTwo}</arg>
<doc>Fails if ``key`` is not found from ``dictionary``.</doc>
<status status="PASS" start="2024-07-20T12:26:51.118881" elapsed="0.000424"/>
</kw>
<kw name="Log" owner="BuiltIn">
<msg time="2024-07-20T12:26:51.119615" level="INFO">password</msg>
<arg>${keyTwo}</arg>
<doc>Logs the given message with the given level.</doc>
<status status="PASS" start="2024-07-20T12:26:51.119487" elapsed="0.000166"/>
</kw>
<var name="${keyTwo}">password</var>
<status status="PASS" start="2024-07-20T12:26:51.118208" elapsed="0.001665"/>
</iter>
<var>${keyTwo}</var>
<value>@{expected_keysTwo}</value>
<status status="PASS" start="2024-07-20T12:26:51.116256" elapsed="0.003736"/>
</for>
<status status="PASS" start="2024-07-20T12:26:51.004640" elapsed="0.115499"/>
</kw>
<doc>Testa a estrutura da resposta da API.</doc>
<tag>testeEstruturaResposta</tag>
<status status="PASS" start="2024-07-20T12:26:51.004105" elapsed="0.116198"/>
</test>
<test id="s1-s1-t4" name="Validar tipos de dados" line="28">
<kw name="Teste de Tipos de Dados" owner="random-user-service">
<kw name="GET On Session" owner="RequestsLibrary">
<msg time="2024-07-20T12:26:51.197463" level="INFO">GET Request : url=https://randomuser.me/api 
 path_url=/api 
 headers={'User-Agent': 'python-requests/2.32.3', 'Accept-Encoding': 'gzip, deflate', 'Accept': '*/*', 'Connection': 'keep-alive'} 
 body=None 
 </msg>
<msg time="2024-07-20T12:26:51.197579" level="INFO">GET Response : url=https://randomuser.me/api 
 status=200, reason=OK 
 headers={'Date': 'Sat, 20 Jul 2024 12:26:51 GMT', 'Content-Type': 'application/json; charset=utf-8', 'Transfer-Encoding': 'chunked', 'Connection': 'keep-alive', 'X-Powered-By': 'Express', 'Access-Control-Allow-Origin': '*', 'Cache-Control': 'no-cache', 'ETag': 'W/"4a2-H39QCyrsyyuLVmvC759MwkVqbaY"', 'Vary': 'Accept-Encoding', 'Content-Encoding': 'gzip', 'CF-Cache-Status': 'DYNAMIC', 'Report-To': '{"endpoints":[{"url":"https:\\/\\/a.nel.cloudflare.com\\/report\\/v4?s=p94Hm8Guba3vOSzqhycc0SiaLwaabZMUWtU5mO1XhA6cpFLZag3qP8TPjnXvtPf7E1x6xp7x%2F5nsImVzHpJ%2FHvBpAz%2FxfiTwilsQaJpJd96x4yXrWKB3ZRDjrpbpg%2F77"}],"group":"cf-nel","max_age":604800}', 'NEL': '{"success_fraction":0,"report_to":"cf-nel","max_age":604800}', 'Server': 'cloudflare', 'CF-RAY': '8a62f1258e7b1fec-IAD', 'alt-svc': 'h3=":443"; ma=86400'} 
 body={"results":[{"gender":"male","name":{"title":"Monsieur","first":"Yannis","last":"Aubert"},"location":{"street":{"number":7735,"name":"Montée du Chemin-Neuf"},"city":"Affoltern im Emmental","state":"Zürich","country":"Switzerland","postcode":7518,"coordinates":{"latitude":"-62.9522","longitude":"-74.3238"},"timezone":{"offset":"-11:00","description":"Midway Island, Samoa"}},"email":"yannis.aubert@example.com","login":{"uuid":"f00c20f6-11a9-4c5d-81a4-b7adb5337285","username":"purplefish768","password":"adult","salt":"feOJWw2s","md5":"63deccc863adbd86351df227ee9e765b","sha1":"6b5c879cc5c0076f3610ce1e068fb234375d2d94","sha256":"56d693237c007e625be15d72c4ba10aacd1c17906c5f3d720839062b72f2341b"},"dob":{"date":"1970-02-23T06:40:24.944Z","age":54},"registered":{"date":"2015-03-05T21:40:24.191Z","age":9},"phone":"076 124 15 30","cell":"076 696 52 02","id":{"name":"AVS","value":"756.9011.9091.98"},"picture":{"large":"https://randomuser.me/api/portraits/men/82.jpg","medium":"https://randomuser.me/api/portraits/med/men/82.jpg","thumbnail":"https://randomuser.me/api/portraits/thumb/men/82.jpg"},"nat":"CH"}],"info":{"seed":"02e53bd2e7db1de1","results":1,"page":1,"version":"1.4"}} 
 </msg>
<msg time="2024-07-20T12:26:51.197667" level="INFO">/opt/hostedtoolcache/Python/3.12.4/x64/lib/python3.12/site-packages/urllib3/connectionpool.py:1099: InsecureRequestWarning: Unverified HTTPS request is being made to host 'randomuser.me'. Adding certificate verification is strongly advised. See: https://urllib3.readthedocs.io/en/latest/advanced-usage.html#tls-warnings
  warnings.warn(</msg>
<msg time="2024-07-20T12:26:51.197821" level="INFO">${response} = &lt;Response [200]&gt;</msg>
<var>${response}</var>
<arg>consultarAPI</arg>
<arg>/api</arg>
<doc>Sends a GET request on a previously created HTTP Session.</doc>
<status status="PASS" start="2024-07-20T12:26:51.122846" elapsed="0.075023"/>
</kw>
<kw name="Set Variable" owner="BuiltIn">
<msg time="2024-07-20T12:26:51.199233" level="INFO">${json_data} = {'results': [{'gender': 'male', 'name': {'title': 'Monsieur', 'first': 'Yannis', 'last': 'Aubert'}, 'location': {'street': {'number': 7735, 'name': 'Montée du Chemin-Neuf'}, 'city': 'Affoltern im Emme...</msg>
<var>${json_data}</var>
<arg>${response.json()}</arg>
<doc>Returns the given values which can then be assigned to a variables.</doc>
<status status="PASS" start="2024-07-20T12:26:51.198569" elapsed="0.000695"/>
</kw>
<kw name="Log" owner="BuiltIn">
<msg time="2024-07-20T12:26:51.199752" level="INFO">{'results': [{'gender': 'male', 'name': {'title': 'Monsieur', 'first': 'Yannis', 'last': 'Aubert'}, 'location': {'street': {'number': 7735, 'name': 'Montée du Chemin-Neuf'}, 'city': 'Affoltern im Emmental', 'state': 'Zürich', 'country': 'Switzerland', 'postcode': 7518, 'coordinates': {'latitude': '-62.9522', 'longitude': '-74.3238'}, 'timezone': {'offset': '-11:00', 'description': 'Midway Island, Samoa'}}, 'email': 'yannis.aubert@example.com', 'login': {'uuid': 'f00c20f6-11a9-4c5d-81a4-b7adb5337285', 'username': 'purplefish768', 'password': 'adult', 'salt': 'feOJWw2s', 'md5': '63deccc863adbd86351df227ee9e765b', 'sha1': '6b5c879cc5c0076f3610ce1e068fb234375d2d94', 'sha256': '56d693237c007e625be15d72c4ba10aacd1c17906c5f3d720839062b72f2341b'}, 'dob': {'date': '1970-02-23T06:40:24.944Z', 'age': 54}, 'registered': {'date': '2015-03-05T21:40:24.191Z', 'age': 9}, 'phone': '076 124 15 30', 'cell': '076 696 52 02', 'id': {'name': 'AVS', 'value': '756.9011.9091.98'}, 'picture': {'large': 'https://randomuser.me/api/portraits/men/82.jpg', 'medium': 'https://randomuser.me/api/portraits/med/men/82.jpg', 'thumbnail': 'https://randomuser.me/api/portraits/thumb/men/82.jpg'}, 'nat': 'CH'}], 'info': {'seed': '02e53bd2e7db1de1', 'results': 1, 'page': 1, 'version': '1.4'}}</msg>
<arg>${json_data}</arg>
<doc>Logs the given message with the given level.</doc>
<status status="PASS" start="2024-07-20T12:26:51.199589" elapsed="0.000213"/>
</kw>
<kw name="Should Be String" owner="String">
<arg>${json_data['results'][0]['gender']}</arg>
<doc>Fails if the given ``item`` is not a string.</doc>
<status status="PASS" start="2024-07-20T12:26:51.200099" elapsed="0.000373"/>
</kw>
<kw name="Should Match Regexp" owner="BuiltIn">
<arg>${json_data['results'][0]['email']}</arg>
<arg>^[a-zA-Z0-9._%+-]+@[a-zA-Z0-9.-]+\.[a-zA-Z]{2,}$</arg>
<doc>Fails if ``string`` does not match ``pattern`` as a regular expression.</doc>
<status status="PASS" start="2024-07-20T12:26:51.200664" elapsed="0.000525"/>
</kw>
<kw name="Should Match Regexp" owner="BuiltIn">
<arg>${json_data['results'][0]['dob']['date']}</arg>
<arg>\\d{4}-\\d{2}-\\d{2}T\\d{2}:\\d{2}:\\d{2}\\.\\d{3}Z</arg>
<doc>Fails if ``string`` does not match ``pattern`` as a regular expression.</doc>
<status status="PASS" start="2024-07-20T12:26:51.201427" elapsed="0.000652"/>
</kw>
<kw name="Should Match Regexp" owner="BuiltIn">
<arg>${json_data['results'][0]['registered']['date']}</arg>
<arg>\\d{4}-\\d{2}-\\d{2}T\\d{2}:\\d{2}:\\d{2}\\.\\d{3}Z</arg>
<doc>Fails if ``string`` does not match ``pattern`` as a regular expression.</doc>
<status status="PASS" start="2024-07-20T12:26:51.202278" elapsed="0.000378"/>
</kw>
<kw name="Should Match Regexp" owner="BuiltIn">
<arg>${json_data['results'][0]['picture']['large']}</arg>
<arg>^https?://.*\.(?:png|jpe?g|gif|bmp)$</arg>
<doc>Fails if ``string`` does not match ``pattern`` as a regular expression.</doc>
<status status="PASS" start="2024-07-20T12:26:51.202850" elapsed="0.000503"/>
</kw>
<kw name="Should Match Regexp" owner="BuiltIn">
<arg>${json_data['results'][0]['picture']['medium']}</arg>
<arg>^https?://.*\.(?:png|jpe?g|gif|bmp)$</arg>
<doc>Fails if ``string`` does not match ``pattern`` as a regular expression.</doc>
<status status="PASS" start="2024-07-20T12:26:51.203542" elapsed="0.000358"/>
</kw>
<kw name="Should Match Regexp" owner="BuiltIn">
<arg>${json_data['results'][0]['picture']['thumbnail']}</arg>
<arg>^https?://.*\.(?:png|jpe?g|gif|bmp)$</arg>
<doc>Fails if ``string`` does not match ``pattern`` as a regular expression.</doc>
<status status="PASS" start="2024-07-20T12:26:51.204088" elapsed="0.000353"/>
</kw>
<kw name="Log" owner="BuiltIn">
<msg time="2024-07-20T12:26:51.204951" level="INFO">{'large': 'https://randomuser.me/api/portraits/men/82.jpg', 'medium': 'https://randomuser.me/api/portraits/med/men/82.jpg', 'thumbnail': 'https://randomuser.me/api/portraits/thumb/men/82.jpg'}</msg>
<arg>${json_data['results'][0]['picture']}</arg>
<doc>Logs the given message with the given level.</doc>
<status status="PASS" start="2024-07-20T12:26:51.204626" elapsed="0.000370"/>
</kw>
<status status="PASS" start="2024-07-20T12:26:51.122612" elapsed="0.082652"/>
</kw>
<kw name="Teste de Tipos de Dados - Postcode" owner="random-user-service">
<kw name="GET On Session" owner="RequestsLibrary">
<msg time="2024-07-20T12:26:51.312968" level="INFO">GET Request : url=https://randomuser.me/api 
 path_url=/api 
 headers={'User-Agent': 'python-requests/2.32.3', 'Accept-Encoding': 'gzip, deflate', 'Accept': '*/*', 'Connection': 'keep-alive'} 
 body=None 
 </msg>
<msg time="2024-07-20T12:26:51.313111" level="INFO">GET Response : url=https://randomuser.me/api 
 status=200, reason=OK 
 headers={'Date': 'Sat, 20 Jul 2024 12:26:51 GMT', 'Content-Type': 'application/json; charset=utf-8', 'Transfer-Encoding': 'chunked', 'Connection': 'keep-alive', 'X-Powered-By': 'Express', 'Access-Control-Allow-Origin': '*', 'Cache-Control': 'no-cache', 'ETag': 'W/"48a-5Eu4kUtWOj3ibcotNI9259Pr79U"', 'Vary': 'Accept-Encoding', 'Content-Encoding': 'gzip', 'CF-Cache-Status': 'DYNAMIC', 'Report-To': '{"endpoints":[{"url":"https:\\/\\/a.nel.cloudflare.com\\/report\\/v4?s=%2BR%2FlAyYX8HBHcYWiiX94qcRfVQL%2BS3iyRlAFTBF2ACKFnY42y1czrkt9dXWyVctsvtNQtLOATNFHy%2BofvMu7SIuTvjGjs7o8QHTwS302rm%2F8KjZv%2BPZfsUjTIRs1Cmu%2B"}],"group":"cf-nel","max_age":604800}', 'NEL': '{"success_fraction":0,"report_to":"cf-nel","max_age":604800}', 'Server': 'cloudflare', 'CF-RAY': '8a62f1260f621fec-IAD', 'alt-svc': 'h3=":443"; ma=86400'} 
 body={"results":[{"gender":"male","name":{"title":"Mr","first":"Babür","last":"Ertepınar"},"location":{"street":{"number":3948,"name":"Talak Göktepe Cd"},"city":"Hakkâri","state":"Amasya","country":"Turkey","postcode":82082,"coordinates":{"latitude":"71.4314","longitude":"-105.4225"},"timezone":{"offset":"+4:00","description":"Abu Dhabi, Muscat, Baku, Tbilisi"}},"email":"babur.ertepinar@example.com","login":{"uuid":"16a6450c-db1e-4d2a-ab6d-5c8df72f5865","username":"happysnake392","password":"records","salt":"3Rf4ZiNP","md5":"917f59641a42b65f90075d24703d2220","sha1":"89ab86e3ec14db68c130766f3e020d512d3b8564","sha256":"b83b2e6eb93850f95cb610f15a3b6e28d14617c307e606c503d6035492770cd0"},"dob":{"date":"1987-09-26T09:15:43.806Z","age":36},"registered":{"date":"2012-09-17T13:31:21.613Z","age":11},"phone":"(941)-935-4363","cell":"(206)-499-3607","id":{"name":"","value":null},"picture":{"large":"https://randomuser.me/api/portraits/men/82.jpg","medium":"https://randomuser.me/api/portraits/med/men/82.jpg","thumbnail":"https://randomuser.me/api/portraits/thumb/men/82.jpg"},"nat":"TR"}],"info":{"seed":"b964dfa7805d01a8","results":1,"page":1,"version":"1.4"}} 
 </msg>
<msg time="2024-07-20T12:26:51.313206" level="INFO">/opt/hostedtoolcache/Python/3.12.4/x64/lib/python3.12/site-packages/urllib3/connectionpool.py:1099: InsecureRequestWarning: Unverified HTTPS request is being made to host 'randomuser.me'. Adding certificate verification is strongly advised. See: https://urllib3.readthedocs.io/en/latest/advanced-usage.html#tls-warnings
  warnings.warn(</msg>
<msg time="2024-07-20T12:26:51.313400" level="INFO">${response} = &lt;Response [200]&gt;</msg>
<var>${response}</var>
<arg>consultarAPI</arg>
<arg>/api</arg>
<doc>Sends a GET request on a previously created HTTP Session.</doc>
<status status="PASS" start="2024-07-20T12:26:51.205746" elapsed="0.107708"/>
</kw>
<kw name="Set Variable" owner="BuiltIn">
<msg time="2024-07-20T12:26:51.314806" level="INFO">${json_data} = {'results': [{'gender': 'male', 'name': {'title': 'Mr', 'first': 'Babür', 'last': 'Ertepınar'}, 'location': {'street': {'number': 3948, 'name': 'Talak Göktepe Cd'}, 'city': 'Hakkâri', 'state': 'Amasya...</msg>
<var>${json_data}</var>
<arg>${response.json()}</arg>
<doc>Returns the given values which can then be assigned to a variables.</doc>
<status status="PASS" start="2024-07-20T12:26:51.314151" elapsed="0.000702"/>
</kw>
<kw name="Log" owner="BuiltIn">
<msg time="2024-07-20T12:26:51.315685" level="INFO">{'results': [{'gender': 'male', 'name': {'title': 'Mr', 'first': 'Babür', 'last': 'Ertepınar'}, 'location': {'street': {'number': 3948, 'name': 'Talak Göktepe Cd'}, 'city': 'Hakkâri', 'state': 'Amasya', 'country': 'Turkey', 'postcode': 82082, 'coordinates': {'latitude': '71.4314', 'longitude': '-105.4225'}, 'timezone': {'offset': '+4:00', 'description': 'Abu Dhabi, Muscat, Baku, Tbilisi'}}, 'email': 'babur.ertepinar@example.com', 'login': {'uuid': '16a6450c-db1e-4d2a-ab6d-5c8df72f5865', 'username': 'happysnake392', 'password': 'records', 'salt': '3Rf4ZiNP', 'md5': '917f59641a42b65f90075d24703d2220', 'sha1': '89ab86e3ec14db68c130766f3e020d512d3b8564', 'sha256': 'b83b2e6eb93850f95cb610f15a3b6e28d14617c307e606c503d6035492770cd0'}, 'dob': {'date': '1987-09-26T09:15:43.806Z', 'age': 36}, 'registered': {'date': '2012-09-17T13:31:21.613Z', 'age': 11}, 'phone': '(941)-935-4363', 'cell': '(206)-499-3607', 'id': {'name': '', 'value': None}, 'picture': {'large': 'https://randomuser.me/api/portraits/men/82.jpg', 'medium': 'https://randomuser.me/api/portraits/med/men/82.jpg', 'thumbnail': 'https://randomuser.me/api/portraits/thumb/men/82.jpg'}, 'nat': 'TR'}], 'info': {'seed': 'b964dfa7805d01a8', 'results': 1, 'page': 1, 'version': '1.4'}}</msg>
<arg>${json_data}</arg>
<doc>Logs the given message with the given level.</doc>
<status status="PASS" start="2024-07-20T12:26:51.315416" elapsed="0.000365"/>
</kw>
<kw name="Should Be Equal As Numbers" owner="BuiltIn">
<arg>${json_data['results'][0]['location']['postcode']}</arg>
<arg>${json_data['results'][0]['location']['postcode']}</arg>
<doc>Fails if objects are unequal after converting them to real numbers.</doc>
<status status="PASS" start="2024-07-20T12:26:51.316191" elapsed="0.000722"/>
</kw>
<kw name="Log" owner="BuiltIn">
<msg time="2024-07-20T12:26:51.317469" level="INFO">82082</msg>
<arg>${json_data['results'][0]['location']['postcode']}</arg>
<doc>Logs the given message with the given level.</doc>
<status status="PASS" start="2024-07-20T12:26:51.317126" elapsed="0.000385"/>
</kw>
<status status="PASS" start="2024-07-20T12:26:51.205496" elapsed="0.112360"/>
</kw>
<doc>Testa se os tipos de dados na resposta da API estão corretos.</doc>
<tag>testeTiposDados</tag>
<status status="PASS" start="2024-07-20T12:26:51.122111" elapsed="0.195922"/>
</test>
<test id="s1-s1-t5" name="Validar conteudo" line="35">
<kw name="Teste de Tipos de Conteudo" owner="random-user-service">
<kw name="GET On Session" owner="RequestsLibrary">
<msg time="2024-07-20T12:26:51.401157" level="INFO">GET Request : url=https://randomuser.me/api 
 path_url=/api 
 headers={'User-Agent': 'python-requests/2.32.3', 'Accept-Encoding': 'gzip, deflate', 'Accept': '*/*', 'Connection': 'keep-alive'} 
 body=None 
 </msg>
<msg time="2024-07-20T12:26:51.401263" level="INFO">GET Response : url=https://randomuser.me/api 
 status=200, reason=OK 
 headers={'Date': 'Sat, 20 Jul 2024 12:26:51 GMT', 'Content-Type': 'application/json; charset=utf-8', 'Transfer-Encoding': 'chunked', 'Connection': 'keep-alive', 'X-Powered-By': 'Express', 'Access-Control-Allow-Origin': '*', 'Cache-Control': 'no-cache', 'ETag': 'W/"4a3-IcsC7xUGblUPZ8Izbe/JbX3CCtE"', 'Vary': 'Accept-Encoding', 'Content-Encoding': 'gzip', 'CF-Cache-Status': 'DYNAMIC', 'Report-To': '{"endpoints":[{"url":"https:\\/\\/a.nel.cloudflare.com\\/report\\/v4?s=7djqGRBhztr0ipLZzjkKCi2GL2pkH9zpOmOP0eM8YcDITiEirsiejGsdsiIuzfqSULxi0Wqe1rLGPvbvkeh%2BPSFuJvmiJqcrXPpXESylp1NM%2FwpYC%2FOM6Vi7gb8gjTlP"}],"group":"cf-nel","max_age":604800}', 'NEL': '{"success_fraction":0,"report_to":"cf-nel","max_age":604800}', 'Server': 'cloudflare', 'CF-RAY': '8a62f126c83b1fec-IAD', 'alt-svc': 'h3=":443"; ma=86400'} 
 body={"results":[{"gender":"male","name":{"title":"Monsieur","first":"Marcel","last":"Gonzalez"},"location":{"street":{"number":5750,"name":"Rue de L'Église"},"city":"Rapperswil-Jona","state":"Bern","country":"Switzerland","postcode":2468,"coordinates":{"latitude":"-62.5433","longitude":"-112.3632"},"timezone":{"offset":"-3:00","description":"Brazil, Buenos Aires, Georgetown"}},"email":"marcel.gonzalez@example.com","login":{"uuid":"96599b3a-8fee-4fe4-99c0-2df32a5ffbf8","username":"smallbird253","password":"meghan","salt":"G76395st","md5":"a4918396ac397079c725d52167980f9d","sha1":"e0cb2a18ac2d24a3ddf523ba1a885b86ebcf0715","sha256":"fafedb824e0e272e5b1647cb4f1eb6c148a8ed3352afb9a72305821448d437df"},"dob":{"date":"1991-10-08T01:49:22.657Z","age":32},"registered":{"date":"2021-07-14T17:08:06.675Z","age":3},"phone":"078 399 69 53","cell":"075 941 99 86","id":{"name":"AVS","value":"756.5596.8020.92"},"picture":{"large":"https://randomuser.me/api/portraits/men/21.jpg","medium":"https://randomuser.me/api/portraits/med/men/21.jpg","thumbnail":"https://randomuser.me/api/portraits/thumb/men/21.jpg"},"nat":"CH"}],"info":{"seed":"3a2017d53e400266","results":1,"page":1,"version":"1.4"}} 
 </msg>
<msg time="2024-07-20T12:26:51.401341" level="INFO">/opt/hostedtoolcache/Python/3.12.4/x64/lib/python3.12/site-packages/urllib3/connectionpool.py:1099: InsecureRequestWarning: Unverified HTTPS request is being made to host 'randomuser.me'. Adding certificate verification is strongly advised. See: https://urllib3.readthedocs.io/en/latest/advanced-usage.html#tls-warnings
  warnings.warn(</msg>
<msg time="2024-07-20T12:26:51.401469" level="INFO">${response} = &lt;Response [200]&gt;</msg>
<var>${response}</var>
<arg>consultarAPI</arg>
<arg>/api</arg>
<doc>Sends a GET request on a previously created HTTP Session.</doc>
<status status="PASS" start="2024-07-20T12:26:51.321170" elapsed="0.080335"/>
</kw>
<kw name="Set Variable" owner="BuiltIn">
<msg time="2024-07-20T12:26:51.402853" level="INFO">${json_data} = {'results': [{'gender': 'male', 'name': {'title': 'Monsieur', 'first': 'Marcel', 'last': 'Gonzalez'}, 'location': {'street': {'number': 5750, 'name': "Rue de L'Église"}, 'city': 'Rapperswil-Jona', 'st...</msg>
<var>${json_data}</var>
<arg>${response.json()}</arg>
<doc>Returns the given values which can then be assigned to a variables.</doc>
<status status="PASS" start="2024-07-20T12:26:51.402203" elapsed="0.000681"/>
</kw>
<kw name="Set Variable" owner="BuiltIn">
<msg time="2024-07-20T12:26:51.403729" level="INFO">${name_title} = Monsieur</msg>
<var>${name_title}</var>
<arg>${json_data["results"][0]["name"]["title"]}</arg>
<doc>Returns the given values which can then be assigned to a variables.</doc>
<status status="PASS" start="2024-07-20T12:26:51.403291" elapsed="0.000465"/>
</kw>
<kw name="Create List" owner="BuiltIn">
<msg time="2024-07-20T12:26:51.404218" level="INFO">${allowed_titles} = ['Mr', 'Ms', 'Miss', 'Mrs', 'Madame', 'Monsieur']</msg>
<var>${allowed_titles}</var>
<arg>Mr</arg>
<arg>Ms</arg>
<arg>Miss</arg>
<arg>Mrs</arg>
<arg>Madame</arg>
<arg>Monsieur</arg>
<doc>Returns a list containing given items.</doc>
<status status="PASS" start="2024-07-20T12:26:51.404064" elapsed="0.000180"/>
</kw>
<kw name="List Should Contain Value" owner="Collections">
<arg>${allowed_titles}</arg>
<arg>${name_title}</arg>
<doc>Fails if the ``value`` is not found from ``list``.</doc>
<status status="PASS" start="2024-07-20T12:26:51.404554" elapsed="0.000197"/>
</kw>
<kw name="Set Variable" owner="BuiltIn">
<msg time="2024-07-20T12:26:51.405331" level="INFO">${name_country} = CH</msg>
<var>${name_country}</var>
<arg>${json_data["results"][0]["nat"]}</arg>
<doc>Returns the given values which can then be assigned to a variables.</doc>
<status status="PASS" start="2024-07-20T12:26:51.404945" elapsed="0.000413"/>
</kw>
<kw name="Create List" owner="BuiltIn">
<msg time="2024-07-20T12:26:51.406250" level="INFO">${list_country} = ['AD', 'AE', 'AF', 'AG', 'AI', 'AL', 'AM', 'AO', 'AQ', 'AR', 'AS', 'AT', 'AU', 'AW', 'AX', 'AZ', 'BA', 'BB', 'BD', 'BE', 'BF', 'BG', 'BH', 'BI', 'BJ', 'BL', 'BM', 'BN', 'BO', 'BQ', 'BR', 'BS', 'BT', '...</msg>
<var>${list_country}</var>
<arg>AD</arg>
<arg>AE</arg>
<arg>AF</arg>
<arg>AG</arg>
<arg>AI</arg>
<arg>AL</arg>
<arg>AM</arg>
<arg>AO</arg>
<arg>AQ</arg>
<arg>AR</arg>
<arg>AS</arg>
<arg>AT</arg>
<arg>AU</arg>
<arg>AW</arg>
<arg>AX</arg>
<arg>AZ</arg>
<arg>BA</arg>
<arg>BB</arg>
<arg>BD</arg>
<arg>BE</arg>
<arg>BF</arg>
<arg>BG</arg>
<arg>BH</arg>
<arg>BI</arg>
<arg>BJ</arg>
<arg>BL</arg>
<arg>BM</arg>
<arg>BN</arg>
<arg>BO</arg>
<arg>BQ</arg>
<arg>BR</arg>
<arg>BS</arg>
<arg>BT</arg>
<arg>BV</arg>
<arg>BW</arg>
<arg>BY</arg>
<arg>BZ</arg>
<arg>CA</arg>
<arg>CC</arg>
<arg>CD</arg>
<arg>CF</arg>
<arg>CG</arg>
<arg>CH</arg>
<arg>CI</arg>
<arg>CK</arg>
<arg>CL</arg>
<arg>CM</arg>
<arg>CN</arg>
<arg>CO</arg>
<arg>CR</arg>
<arg>CU</arg>
<arg>CV</arg>
<arg>CW</arg>
<arg>CX</arg>
<arg>CY</arg>
<arg>CZ</arg>
<arg>DE</arg>
<arg>DJ</arg>
<arg>DK</arg>
<arg>DM</arg>
<arg>DO</arg>
<arg>DZ</arg>
<arg>EC</arg>
<arg>EE</arg>
<arg>EG</arg>
<arg>EH</arg>
<arg>ER</arg>
<arg>ES</arg>
<arg>ET</arg>
<arg>FI</arg>
<arg>FJ</arg>
<arg>FK</arg>
<arg>FM</arg>
<arg>FO</arg>
<arg>FR</arg>
<arg>GA</arg>
<arg>GB</arg>
<arg>GD</arg>
<arg>GE</arg>
<arg>GF</arg>
<arg>GG</arg>
<arg>GH</arg>
<arg>GI</arg>
<arg>GL</arg>
<arg>GM</arg>
<arg>GN</arg>
<arg>GP</arg>
<arg>GQ</arg>
<arg>GR</arg>
<arg>GS</arg>
<arg>GT</arg>
<arg>GU</arg>
<arg>GW</arg>
<arg>GY</arg>
<arg>HK</arg>
<arg>HM</arg>
<arg>HN</arg>
<arg>HR</arg>
<arg>HT</arg>
<arg>HU</arg>
<arg>ID</arg>
<arg>IE</arg>
<arg>IL</arg>
<arg>IM</arg>
<arg>IN</arg>
<arg>IO</arg>
<arg>IQ</arg>
<arg>IR</arg>
<arg>IS</arg>
<arg>IT</arg>
<arg>JE</arg>
<arg>JM</arg>
<arg>JO</arg>
<arg>JP</arg>
<arg>KE</arg>
<arg>KG</arg>
<arg>KH</arg>
<arg>KI</arg>
<arg>KM</arg>
<arg>KN</arg>
<arg>KP</arg>
<arg>KR</arg>
<arg>KW</arg>
<arg>KY</arg>
<arg>KZ</arg>
<arg>LA</arg>
<arg>LB</arg>
<arg>LC</arg>
<arg>LI</arg>
<arg>LK</arg>
<arg>LR</arg>
<arg>LS</arg>
<arg>LT</arg>
<arg>LU</arg>
<arg>LV</arg>
<arg>LY</arg>
<arg>MA</arg>
<arg>MC</arg>
<arg>MD</arg>
<arg>ME</arg>
<arg>MF</arg>
<arg>MG</arg>
<arg>MH</arg>
<arg>MK</arg>
<arg>ML</arg>
<arg>MM</arg>
<arg>MN</arg>
<arg>MO</arg>
<arg>MP</arg>
<arg>MQ</arg>
<arg>MR</arg>
<arg>MS</arg>
<arg>MT</arg>
<arg>MU</arg>
<arg>MV</arg>
<arg>MW</arg>
<arg>MX</arg>
<arg>MY</arg>
<arg>MZ</arg>
<arg>NA</arg>
<arg>NC</arg>
<arg>NE</arg>
<arg>NF</arg>
<arg>NG</arg>
<arg>NI</arg>
<arg>NL</arg>
<arg>NO</arg>
<arg>NP</arg>
<arg>NR</arg>
<arg>NU</arg>
<arg>NZ</arg>
<arg>OM</arg>
<arg>PA</arg>
<arg>PE</arg>
<arg>PF</arg>
<arg>PG</arg>
<arg>PH</arg>
<arg>PK</arg>
<arg>PL</arg>
<arg>PM</arg>
<arg>PN</arg>
<arg>PR</arg>
<arg>PS</arg>
<arg>PT</arg>
<arg>PW</arg>
<arg>PY</arg>
<arg>QA</arg>
<arg>RE</arg>
<arg>RO</arg>
<arg>RS</arg>
<arg>RU</arg>
<arg>RW</arg>
<arg>SA</arg>
<arg>SB</arg>
<arg>SC</arg>
<arg>SD</arg>
<arg>SE</arg>
<arg>SG</arg>
<arg>SH</arg>
<arg>SI</arg>
<arg>SJ</arg>
<arg>SK</arg>
<arg>SL</arg>
<arg>SM</arg>
<arg>SN</arg>
<arg>SO</arg>
<arg>SR</arg>
<arg>SS</arg>
<arg>ST</arg>
<arg>SV</arg>
<arg>SX</arg>
<arg>SY</arg>
<arg>SZ</arg>
<arg>TC</arg>
<arg>TD</arg>
<arg>TF</arg>
<arg>TG</arg>
<arg>TH</arg>
<arg>TJ</arg>
<arg>TK</arg>
<arg>TL</arg>
<arg>TM</arg>
<arg>TN</arg>
<arg>TO</arg>
<arg>TR</arg>
<arg>TT</arg>
<arg>TV</arg>
<arg>TW</arg>
<arg>TZ</arg>
<arg>UA</arg>
<arg>UG</arg>
<arg>UM</arg>
<arg>US</arg>
<arg>UY</arg>
<arg>UZ</arg>
<arg>VA</arg>
<arg>VC</arg>
<arg>VE</arg>
<arg>VG</arg>
<arg>VI</arg>
<arg>VN</arg>
<arg>VU</arg>
<arg>WF</arg>
<arg>WS</arg>
<arg>XK</arg>
<arg>YE</arg>
<arg>YT</arg>
<arg>ZA</arg>
<arg>ZM</arg>
<arg>ZW</arg>
<doc>Returns a list containing given items.</doc>
<status status="PASS" start="2024-07-20T12:26:51.405656" elapsed="0.000622"/>
</kw>
<kw name="List Should Contain Value" owner="Collections">
<arg>${list_country}</arg>
<arg>${name_country}</arg>
<doc>Fails if the ``value`` is not found from ``list``.</doc>
<status status="PASS" start="2024-07-20T12:26:51.407403" elapsed="0.000245"/>
</kw>
<kw name="Run Keyword If" owner="BuiltIn">
<kw name="Should Be True" owner="BuiltIn">
<arg>${True}</arg>
<doc>Fails if the given condition is not true.</doc>
<status status="PASS" start="2024-07-20T12:26:51.408637" elapsed="0.000146"/>
</kw>
<arg>${json_data["results"][0]["location"]["coordinates"]["latitude"]} &gt;= -90 and ${json_data["results"][0]["location"]["coordinates"]["latitude"]} &lt;= 90</arg>
<arg>Should Be True</arg>
<arg>${True}</arg>
<doc>Runs the given keyword with the given arguments, if ``condition`` is true.</doc>
<status status="PASS" start="2024-07-20T12:26:51.407856" elapsed="0.001056"/>
</kw>
<kw name="Run Keyword If" owner="BuiltIn">
<kw name="Should Be True" owner="BuiltIn">
<arg>${True}</arg>
<doc>Fails if the given condition is not true.</doc>
<status status="PASS" start="2024-07-20T12:26:51.409802" elapsed="0.000139"/>
</kw>
<arg>${json_data["results"][0]["location"]["coordinates"]["longitude"]} &gt;= -180 and ${json_data["results"][0]["location"]["coordinates"]["longitude"]} &lt;= 180</arg>
<arg>Should Be True</arg>
<arg>${True}</arg>
<doc>Runs the given keyword with the given arguments, if ``condition`` is true.</doc>
<status status="PASS" start="2024-07-20T12:26:51.409101" elapsed="0.000971"/>
</kw>
<status status="PASS" start="2024-07-20T12:26:51.320741" elapsed="0.089510"/>
</kw>
<doc>Testa o conteúdo específico dos campos retornados pela API.</doc>
<tag>testeConteudo</tag>
<status status="PASS" start="2024-07-20T12:26:51.319971" elapsed="0.090466"/>
</test>
<status status="PASS" start="2024-07-20T12:26:50.409040" elapsed="1.003610"/>
</suite>
<status status="PASS" start="2024-07-20T12:26:50.393728" elapsed="1.024661"/>
</suite>
<statistics>
<total>
<stat pass="5" fail="0" skip="0">All Tests</stat>
</total>
<tag>
<stat pass="1" fail="0" skip="0">testeConteudo</stat>
<stat pass="1" fail="0" skip="0">testeEstruturaResposta</stat>
<stat pass="1" fail="0" skip="0">testeRequisicaoBasica</stat>
<stat pass="1" fail="0" skip="0">testeTiposDados</stat>
</tag>
<suite>
<stat pass="5" fail="0" skip="0" id="s1" name="Tests">Tests</stat>
<stat pass="5" fail="0" skip="0" id="s1-s1" name="Random-User-Test">Tests.Random-User-Test</stat>
</suite>
</statistics>
<errors>
</errors>
</robot>
