<?xml version="1.0" encoding="UTF-8"?>
<robot generator="Robot 7.0 (Python 3.12.2 on linux)" generated="2024-03-27T04:17:47.224429" rpa="false" schemaversion="5">
<suite id="s1" name="Tests" source="/home/runner/work/DesafioQAItauRogerioJordao/DesafioQAItauRogerioJordao/RamdonUser/tests">
<suite id="s1-s1" name="Random-User-Test" source="/home/runner/work/DesafioQAItauRogerioJordao/DesafioQAItauRogerioJordao/RamdonUser/tests/random-user-test.robot">
<test id="s1-s1-t1" name="Conectar" line="13">
<kw name="Conectar API" owner="random-user-service">
<kw name="Create Session" owner="RequestsLibrary">
<msg time="2024-03-27T04:17:47.591775" level="INFO">Creating Session using : alias=consultarAPI, url=https://randomuser.me/, headers={},                     cookies={}, auth=None, timeout=None, proxies=None, verify=False,                     debug=0 </msg>
<arg>consultarAPI</arg>
<arg>${URL}</arg>
<doc>Create Session: create a HTTP session to a server</doc>
<status status="PASS" start="2024-03-27T04:17:47.591564" elapsed="0.000438"/>
</kw>
<status status="PASS" start="2024-03-27T04:17:47.590494" elapsed="0.001887"/>
</kw>
<status status="PASS" start="2024-03-27T04:17:47.589849" elapsed="0.002738"/>
</test>
<test id="s1-s1-t2" name="Validar retorno 200 e JSON Válido" line="16">
<kw name="Teste de Requisicao Basica" owner="random-user-service">
<kw name="GET On Session" owner="RequestsLibrary">
<msg time="2024-03-27T04:17:47.904746" level="INFO">GET Request : url=https://randomuser.me/api 
 path_url=/api 
 headers={'User-Agent': 'python-requests/2.31.0', 'Accept-Encoding': 'gzip, deflate', 'Accept': '*/*', 'Connection': 'keep-alive'} 
 body=None 
 </msg>
<msg time="2024-03-27T04:17:47.904898" level="INFO">GET Response : url=https://randomuser.me/api 
 status=200, reason=OK 
 headers={'Date': 'Wed, 27 Mar 2024 04:17:47 GMT', 'Content-Type': 'application/json; charset=utf-8', 'Transfer-Encoding': 'chunked', 'Connection': 'keep-alive', 'X-Powered-By': 'Express', 'Access-Control-Allow-Origin': '*', 'Cache-Control': 'no-cache', 'ETag': 'W/"494-pAmx4CmsDZCo0d05uzHINSf7qJs"', 'Vary': 'Accept-Encoding', 'Content-Encoding': 'gzip', 'CF-Cache-Status': 'DYNAMIC', 'Report-To': '{"endpoints":[{"url":"https:\\/\\/a.nel.cloudflare.com\\/report\\/v4?s=9vqX9M69qW5zH%2B%2FZS9pKfjFQavxDJZ6sJisZYRt4b1a%2BTsI4ULs%2BVVP4MrxCto3QdZTfBPq3trx9ArIfOOVsnf6%2FkHx5eKwEi98%2FFjRy%2FcqTEw3pXjqQ0Go8uCNgSmZ7"}],"group":"cf-nel","max_age":604800}', 'NEL': '{"success_fraction":0,"report_to":"cf-nel","max_age":604800}', 'Server': 'cloudflare', 'CF-RAY': '86ac92a09fc028c2-IAD', 'alt-svc': 'h3=":443"; ma=86400'} 
 body={"results":[{"gender":"male","name":{"title":"Mr","first":"Felix","last":"Fleischhauer"},"location":{"street":{"number":6044,"name":"Erlenweg"},"city":"Wolfhagen","state":"Nordrhein-Westfalen","country":"Germany","postcode":55159,"coordinates":{"latitude":"-51.0841","longitude":"-90.4619"},"timezone":{"offset":"+6:00","description":"Almaty, Dhaka, Colombo"}},"email":"felix.fleischhauer@example.com","login":{"uuid":"43c94f98-551f-4ce9-b46e-f06d81b77463","username":"happywolf994","password":"daisy","salt":"vvf7V3Mp","md5":"dd33e53bec999a9db440a4ca6eb5c800","sha1":"39bd4c2ea8d9e117cbed39112bb3d542d12e2148","sha256":"a5afeb794a09708dbeabc52fca003228239a49547470514241066a701c5c0f13"},"dob":{"date":"1945-08-26T19:39:55.609Z","age":78},"registered":{"date":"2009-12-11T01:06:24.118Z","age":14},"phone":"0517-4423256","cell":"0173-1344890","id":{"name":"SVNR","value":"75 260845 F 028"},"picture":{"large":"https://randomuser.me/api/portraits/men/82.jpg","medium":"https://randomuser.me/api/portraits/med/men/82.jpg","thumbnail":"https://randomuser.me/api/portraits/thumb/men/82.jpg"},"nat":"DE"}],"info":{"seed":"ed5276d4fe0098c8","results":1,"page":1,"version":"1.4"}} 
 </msg>
<msg time="2024-03-27T04:17:47.905005" level="INFO">/opt/hostedtoolcache/Python/3.12.2/x64/lib/python3.12/site-packages/urllib3/connectionpool.py:1103: InsecureRequestWarning: Unverified HTTPS request is being made to host 'randomuser.me'. Adding certificate verification is strongly advised. See: https://urllib3.readthedocs.io/en/latest/advanced-usage.html#tls-warnings
  warnings.warn(</msg>
<msg time="2024-03-27T04:17:47.905157" level="INFO">${response} = &lt;Response [200]&gt;</msg>
<var>${response}</var>
<arg>consultarAPI</arg>
<arg>/api</arg>
<doc>Sends a GET request on a previously created HTTP Session.</doc>
<status status="PASS" start="2024-03-27T04:17:47.595267" elapsed="0.309931"/>
</kw>
<kw name="Should Be Equal As Numbers" owner="BuiltIn">
<msg time="2024-03-27T04:17:47.906567" level="INFO">Argument types are:
&lt;class 'int'&gt;
&lt;class 'str'&gt;</msg>
<arg>${response.status_code}</arg>
<arg>200</arg>
<doc>Fails if objects are unequal after converting them to real numbers.</doc>
<status status="PASS" start="2024-03-27T04:17:47.905935" elapsed="0.000701"/>
</kw>
<kw name="Log" owner="BuiltIn">
<msg time="2024-03-27T04:17:47.907349" level="INFO">200</msg>
<arg>${response.status_code}</arg>
<doc>Logs the given message with the given level.</doc>
<status status="PASS" start="2024-03-27T04:17:47.906979" elapsed="0.000414"/>
</kw>
<kw name="Set Variable" owner="BuiltIn">
<msg time="2024-03-27T04:17:47.908244" level="INFO">${json_data} = {'results': [{'gender': 'male', 'name': {'title': 'Mr', 'first': 'Felix', 'last': 'Fleischhauer'}, 'location': {'street': {'number': 6044, 'name': 'Erlenweg'}, 'city': 'Wolfhagen', 'state': 'Nordrhein...</msg>
<var>${json_data}</var>
<arg>${response.json()}</arg>
<doc>Returns the given values which can then be assigned to a variables.</doc>
<status status="PASS" start="2024-03-27T04:17:47.907750" elapsed="0.000523"/>
</kw>
<kw name="Dictionary Should Contain Key" owner="Collections">
<msg time="2024-03-27T04:17:47.908761" level="INFO">False</msg>
<arg>${json_data}</arg>
<arg>results</arg>
<doc>Fails if ``key`` is not found from ``dictionary``.</doc>
<status status="PASS" start="2024-03-27T04:17:47.908589" elapsed="0.000212"/>
</kw>
<status status="PASS" start="2024-03-27T04:17:47.595004" elapsed="0.314064"/>
</kw>
<doc>Testa se a API responde corretamente e retorna um objeto JSON válido.</doc>
<tag>testeRequisicaoBasica</tag>
<status status="PASS" start="2024-03-27T04:17:47.594449" elapsed="0.314815"/>
</test>
<test id="s1-s1-t3" name="Validar estrutura de resposta" line="22">
<kw name="Teste de Estrutura de Resposta" owner="random-user-service">
<kw name="GET On Session" owner="RequestsLibrary">
<msg time="2024-03-27T04:17:48.062422" level="INFO">GET Request : url=https://randomuser.me/api 
 path_url=/api 
 headers={'User-Agent': 'python-requests/2.31.0', 'Accept-Encoding': 'gzip, deflate', 'Accept': '*/*', 'Connection': 'keep-alive'} 
 body=None 
 </msg>
<msg time="2024-03-27T04:17:48.062533" level="INFO">GET Response : url=https://randomuser.me/api 
 status=200, reason=OK 
 headers={'Date': 'Wed, 27 Mar 2024 04:17:48 GMT', 'Content-Type': 'application/json; charset=utf-8', 'Transfer-Encoding': 'chunked', 'Connection': 'keep-alive', 'X-Powered-By': 'Express', 'Access-Control-Allow-Origin': '*', 'Cache-Control': 'no-cache', 'ETag': 'W/"48a-8uM+NlgwFgWKKhNSfAm2DRKdVoY"', 'Vary': 'Accept-Encoding', 'Content-Encoding': 'gzip', 'CF-Cache-Status': 'DYNAMIC', 'Report-To': '{"endpoints":[{"url":"https:\\/\\/a.nel.cloudflare.com\\/report\\/v4?s=kejFZwhRP6wayYvYehlX%2BHY8UJr8kMBvv1y2WvMF1oQpNAY2pl1R2KBaN%2B8hY0nUE8RH1N6Pvdcq59H728unoP%2FHtr4eg56RkRJNCSWSzGXYf8v5sYsYG0nau9F%2FgtHg"}],"group":"cf-nel","max_age":604800}', 'NEL': '{"success_fraction":0,"report_to":"cf-nel","max_age":604800}', 'Server': 'cloudflare', 'CF-RAY': '86ac92a2797628c2-IAD', 'alt-svc': 'h3=":443"; ma=86400'} 
 body={"results":[{"gender":"male","name":{"title":"Mr","first":"Aaron","last":"Garza"},"location":{"street":{"number":5147,"name":"Fairview Road"},"city":"Ely","state":"Hampshire","country":"United Kingdom","postcode":"LM8M 2RX","coordinates":{"latitude":"-9.9896","longitude":"-29.1487"},"timezone":{"offset":"+7:00","description":"Bangkok, Hanoi, Jakarta"}},"email":"aaron.garza@example.com","login":{"uuid":"04d82573-a503-4507-b4c7-e5ad55362190","username":"silverladybug901","password":"devil666","salt":"QwapuaBl","md5":"a547994121f378175920956a10e7d617","sha1":"1755d6962849db002db5fe39a7a89a864530326e","sha256":"11cc74db7f10851719dbe144b183331c17ef7f0caf43d464ba0b93956bfbb7b4"},"dob":{"date":"1965-02-15T15:56:13.895Z","age":59},"registered":{"date":"2016-01-30T06:10:58.606Z","age":8},"phone":"01331 41160","cell":"07558 756491","id":{"name":"NINO","value":"RG 93 45 26 Q"},"picture":{"large":"https://randomuser.me/api/portraits/men/86.jpg","medium":"https://randomuser.me/api/portraits/med/men/86.jpg","thumbnail":"https://randomuser.me/api/portraits/thumb/men/86.jpg"},"nat":"GB"}],"info":{"seed":"11063a407a7d8211","results":1,"page":1,"version":"1.4"}} 
 </msg>
<msg time="2024-03-27T04:17:48.062697" level="INFO">/opt/hostedtoolcache/Python/3.12.2/x64/lib/python3.12/site-packages/urllib3/connectionpool.py:1103: InsecureRequestWarning: Unverified HTTPS request is being made to host 'randomuser.me'. Adding certificate verification is strongly advised. See: https://urllib3.readthedocs.io/en/latest/advanced-usage.html#tls-warnings
  warnings.warn(</msg>
<msg time="2024-03-27T04:17:48.062838" level="INFO">${response} = &lt;Response [200]&gt;</msg>
<var>${response}</var>
<arg>consultarAPI</arg>
<arg>/api</arg>
<doc>Sends a GET request on a previously created HTTP Session.</doc>
<status status="PASS" start="2024-03-27T04:17:47.912062" elapsed="0.150817"/>
</kw>
<kw name="Set Variable" owner="BuiltIn">
<msg time="2024-03-27T04:17:48.063972" level="INFO">${json_data} = {'results': [{'gender': 'male', 'name': {'title': 'Mr', 'first': 'Aaron', 'last': 'Garza'}, 'location': {'street': {'number': 5147, 'name': 'Fairview Road'}, 'city': 'Ely', 'state': 'Hampshire', 'coun...</msg>
<var>${json_data}</var>
<arg>${response.json()}</arg>
<doc>Returns the given values which can then be assigned to a variables.</doc>
<status status="PASS" start="2024-03-27T04:17:48.063412" elapsed="0.000588"/>
</kw>
<kw name="Log" owner="BuiltIn">
<msg time="2024-03-27T04:17:48.064481" level="INFO">{'results': [{'gender': 'male', 'name': {'title': 'Mr', 'first': 'Aaron', 'last': 'Garza'}, 'location': {'street': {'number': 5147, 'name': 'Fairview Road'}, 'city': 'Ely', 'state': 'Hampshire', 'country': 'United Kingdom', 'postcode': 'LM8M 2RX', 'coordinates': {'latitude': '-9.9896', 'longitude': '-29.1487'}, 'timezone': {'offset': '+7:00', 'description': 'Bangkok, Hanoi, Jakarta'}}, 'email': 'aaron.garza@example.com', 'login': {'uuid': '04d82573-a503-4507-b4c7-e5ad55362190', 'username': 'silverladybug901', 'password': 'devil666', 'salt': 'QwapuaBl', 'md5': 'a547994121f378175920956a10e7d617', 'sha1': '1755d6962849db002db5fe39a7a89a864530326e', 'sha256': '11cc74db7f10851719dbe144b183331c17ef7f0caf43d464ba0b93956bfbb7b4'}, 'dob': {'date': '1965-02-15T15:56:13.895Z', 'age': 59}, 'registered': {'date': '2016-01-30T06:10:58.606Z', 'age': 8}, 'phone': '01331 41160', 'cell': '07558 756491', 'id': {'name': 'NINO', 'value': 'RG 93 45 26 Q'}, 'picture': {'large': 'https://randomuser.me/api/portraits/men/86.jpg', 'medium': 'https://randomuser.me/api/portraits/med/men/86.jpg', 'thumbnail': 'https://randomuser.me/api/portraits/thumb/men/86.jpg'}, 'nat': 'GB'}], 'info': {'seed': '11063a407a7d8211', 'results': 1, 'page': 1, 'version': '1.4'}}</msg>
<arg>${json_data}</arg>
<doc>Logs the given message with the given level.</doc>
<status status="PASS" start="2024-03-27T04:17:48.064318" elapsed="0.000210"/>
</kw>
<kw name="Dictionary Should Contain Key" owner="Collections">
<msg time="2024-03-27T04:17:48.064979" level="INFO">False</msg>
<arg>${json_data}</arg>
<arg>results</arg>
<doc>Fails if ``key`` is not found from ``dictionary``.</doc>
<status status="PASS" start="2024-03-27T04:17:48.064823" elapsed="0.000193"/>
</kw>
<kw name="Should Not Be Empty" owner="BuiltIn">
<msg time="2024-03-27T04:17:48.065440" level="INFO">Length is 2.</msg>
<arg>${json_data}</arg>
<doc>Verifies that the given item is not empty.</doc>
<status status="PASS" start="2024-03-27T04:17:48.065305" elapsed="0.000172"/>
</kw>
<kw name="Create List" owner="BuiltIn">
<msg time="2024-03-27T04:17:48.065910" level="INFO">${expected_keys} = ['gender', 'name', 'location', 'email', 'login']</msg>
<var>${expected_keys}</var>
<arg>gender</arg>
<arg>name</arg>
<arg>location</arg>
<arg>email</arg>
<arg>login</arg>
<doc>Returns a list containing given items.</doc>
<status status="PASS" start="2024-03-27T04:17:48.065764" elapsed="0.000169"/>
</kw>
<for flavor="IN">
<iter>
<kw name="Dictionary Should Contain Key" owner="Collections">
<msg time="2024-03-27T04:17:48.066906" level="INFO">False</msg>
<arg>${json_data['results'][0]}</arg>
<arg>${key}</arg>
<doc>Fails if ``key`` is not found from ``dictionary``.</doc>
<status status="PASS" start="2024-03-27T04:17:48.066510" elapsed="0.000435"/>
</kw>
<kw name="Log" owner="BuiltIn">
<msg time="2024-03-27T04:17:48.067609" level="INFO">{'gender': 'male', 'name': {'title': 'Mr', 'first': 'Aaron', 'last': 'Garza'}, 'location': {'street': {'number': 5147, 'name': 'Fairview Road'}, 'city': 'Ely', 'state': 'Hampshire', 'country': 'United Kingdom', 'postcode': 'LM8M 2RX', 'coordinates': {'latitude': '-9.9896', 'longitude': '-29.1487'}, 'timezone': {'offset': '+7:00', 'description': 'Bangkok, Hanoi, Jakarta'}}, 'email': 'aaron.garza@example.com', 'login': {'uuid': '04d82573-a503-4507-b4c7-e5ad55362190', 'username': 'silverladybug901', 'password': 'devil666', 'salt': 'QwapuaBl', 'md5': 'a547994121f378175920956a10e7d617', 'sha1': '1755d6962849db002db5fe39a7a89a864530326e', 'sha256': '11cc74db7f10851719dbe144b183331c17ef7f0caf43d464ba0b93956bfbb7b4'}, 'dob': {'date': '1965-02-15T15:56:13.895Z', 'age': 59}, 'registered': {'date': '2016-01-30T06:10:58.606Z', 'age': 8}, 'phone': '01331 41160', 'cell': '07558 756491', 'id': {'name': 'NINO', 'value': 'RG 93 45 26 Q'}, 'picture': {'large': 'https://randomuser.me/api/portraits/men/86.jpg', 'medium': 'https://randomuser.me/api/portraits/med/men/86.jpg', 'thumbnail': 'https://randomuser.me/api/portraits/thumb/men/86.jpg'}, 'nat': 'GB'}</msg>
<arg>${json_data['results'][0]}</arg>
<doc>Logs the given message with the given level.</doc>
<status status="PASS" start="2024-03-27T04:17:48.067245" elapsed="0.000415"/>
</kw>
<kw name="Log" owner="BuiltIn">
<msg time="2024-03-27T04:17:48.068123" level="INFO">gender</msg>
<arg>${key}</arg>
<doc>Logs the given message with the given level.</doc>
<status status="PASS" start="2024-03-27T04:17:48.067993" elapsed="0.000169"/>
</kw>
<var name="${key}">gender</var>
<status status="PASS" start="2024-03-27T04:17:48.066386" elapsed="0.002003"/>
</iter>
<iter>
<kw name="Dictionary Should Contain Key" owner="Collections">
<msg time="2024-03-27T04:17:48.069069" level="INFO">False</msg>
<arg>${json_data['results'][0]}</arg>
<arg>${key}</arg>
<doc>Fails if ``key`` is not found from ``dictionary``.</doc>
<status status="PASS" start="2024-03-27T04:17:48.068693" elapsed="0.000412"/>
</kw>
<kw name="Log" owner="BuiltIn">
<msg time="2024-03-27T04:17:48.069788" level="INFO">{'gender': 'male', 'name': {'title': 'Mr', 'first': 'Aaron', 'last': 'Garza'}, 'location': {'street': {'number': 5147, 'name': 'Fairview Road'}, 'city': 'Ely', 'state': 'Hampshire', 'country': 'United Kingdom', 'postcode': 'LM8M 2RX', 'coordinates': {'latitude': '-9.9896', 'longitude': '-29.1487'}, 'timezone': {'offset': '+7:00', 'description': 'Bangkok, Hanoi, Jakarta'}}, 'email': 'aaron.garza@example.com', 'login': {'uuid': '04d82573-a503-4507-b4c7-e5ad55362190', 'username': 'silverladybug901', 'password': 'devil666', 'salt': 'QwapuaBl', 'md5': 'a547994121f378175920956a10e7d617', 'sha1': '1755d6962849db002db5fe39a7a89a864530326e', 'sha256': '11cc74db7f10851719dbe144b183331c17ef7f0caf43d464ba0b93956bfbb7b4'}, 'dob': {'date': '1965-02-15T15:56:13.895Z', 'age': 59}, 'registered': {'date': '2016-01-30T06:10:58.606Z', 'age': 8}, 'phone': '01331 41160', 'cell': '07558 756491', 'id': {'name': 'NINO', 'value': 'RG 93 45 26 Q'}, 'picture': {'large': 'https://randomuser.me/api/portraits/men/86.jpg', 'medium': 'https://randomuser.me/api/portraits/med/men/86.jpg', 'thumbnail': 'https://randomuser.me/api/portraits/thumb/men/86.jpg'}, 'nat': 'GB'}</msg>
<arg>${json_data['results'][0]}</arg>
<doc>Logs the given message with the given level.</doc>
<status status="PASS" start="2024-03-27T04:17:48.069434" elapsed="0.000401"/>
</kw>
<kw name="Log" owner="BuiltIn">
<msg time="2024-03-27T04:17:48.070258" level="INFO">name</msg>
<arg>${key}</arg>
<doc>Logs the given message with the given level.</doc>
<status status="PASS" start="2024-03-27T04:17:48.070131" elapsed="0.000165"/>
</kw>
<var name="${key}">name</var>
<status status="PASS" start="2024-03-27T04:17:48.068579" elapsed="0.001933"/>
</iter>
<iter>
<kw name="Dictionary Should Contain Key" owner="Collections">
<msg time="2024-03-27T04:17:48.071181" level="INFO">False</msg>
<arg>${json_data['results'][0]}</arg>
<arg>${key}</arg>
<doc>Fails if ``key`` is not found from ``dictionary``.</doc>
<status status="PASS" start="2024-03-27T04:17:48.070802" elapsed="0.000417"/>
</kw>
<kw name="Log" owner="BuiltIn">
<msg time="2024-03-27T04:17:48.071888" level="INFO">{'gender': 'male', 'name': {'title': 'Mr', 'first': 'Aaron', 'last': 'Garza'}, 'location': {'street': {'number': 5147, 'name': 'Fairview Road'}, 'city': 'Ely', 'state': 'Hampshire', 'country': 'United Kingdom', 'postcode': 'LM8M 2RX', 'coordinates': {'latitude': '-9.9896', 'longitude': '-29.1487'}, 'timezone': {'offset': '+7:00', 'description': 'Bangkok, Hanoi, Jakarta'}}, 'email': 'aaron.garza@example.com', 'login': {'uuid': '04d82573-a503-4507-b4c7-e5ad55362190', 'username': 'silverladybug901', 'password': 'devil666', 'salt': 'QwapuaBl', 'md5': 'a547994121f378175920956a10e7d617', 'sha1': '1755d6962849db002db5fe39a7a89a864530326e', 'sha256': '11cc74db7f10851719dbe144b183331c17ef7f0caf43d464ba0b93956bfbb7b4'}, 'dob': {'date': '1965-02-15T15:56:13.895Z', 'age': 59}, 'registered': {'date': '2016-01-30T06:10:58.606Z', 'age': 8}, 'phone': '01331 41160', 'cell': '07558 756491', 'id': {'name': 'NINO', 'value': 'RG 93 45 26 Q'}, 'picture': {'large': 'https://randomuser.me/api/portraits/men/86.jpg', 'medium': 'https://randomuser.me/api/portraits/med/men/86.jpg', 'thumbnail': 'https://randomuser.me/api/portraits/thumb/men/86.jpg'}, 'nat': 'GB'}</msg>
<arg>${json_data['results'][0]}</arg>
<doc>Logs the given message with the given level.</doc>
<status status="PASS" start="2024-03-27T04:17:48.071515" elapsed="0.000433"/>
</kw>
<kw name="Log" owner="BuiltIn">
<msg time="2024-03-27T04:17:48.072364" level="INFO">location</msg>
<arg>${key}</arg>
<doc>Logs the given message with the given level.</doc>
<status status="PASS" start="2024-03-27T04:17:48.072239" elapsed="0.000163"/>
</kw>
<var name="${key}">location</var>
<status status="PASS" start="2024-03-27T04:17:48.070690" elapsed="0.001925"/>
</iter>
<iter>
<kw name="Dictionary Should Contain Key" owner="Collections">
<msg time="2024-03-27T04:17:48.073276" level="INFO">False</msg>
<arg>${json_data['results'][0]}</arg>
<arg>${key}</arg>
<doc>Fails if ``key`` is not found from ``dictionary``.</doc>
<status status="PASS" start="2024-03-27T04:17:48.072897" elapsed="0.000415"/>
</kw>
<kw name="Log" owner="BuiltIn">
<msg time="2024-03-27T04:17:48.073961" level="INFO">{'gender': 'male', 'name': {'title': 'Mr', 'first': 'Aaron', 'last': 'Garza'}, 'location': {'street': {'number': 5147, 'name': 'Fairview Road'}, 'city': 'Ely', 'state': 'Hampshire', 'country': 'United Kingdom', 'postcode': 'LM8M 2RX', 'coordinates': {'latitude': '-9.9896', 'longitude': '-29.1487'}, 'timezone': {'offset': '+7:00', 'description': 'Bangkok, Hanoi, Jakarta'}}, 'email': 'aaron.garza@example.com', 'login': {'uuid': '04d82573-a503-4507-b4c7-e5ad55362190', 'username': 'silverladybug901', 'password': 'devil666', 'salt': 'QwapuaBl', 'md5': 'a547994121f378175920956a10e7d617', 'sha1': '1755d6962849db002db5fe39a7a89a864530326e', 'sha256': '11cc74db7f10851719dbe144b183331c17ef7f0caf43d464ba0b93956bfbb7b4'}, 'dob': {'date': '1965-02-15T15:56:13.895Z', 'age': 59}, 'registered': {'date': '2016-01-30T06:10:58.606Z', 'age': 8}, 'phone': '01331 41160', 'cell': '07558 756491', 'id': {'name': 'NINO', 'value': 'RG 93 45 26 Q'}, 'picture': {'large': 'https://randomuser.me/api/portraits/men/86.jpg', 'medium': 'https://randomuser.me/api/portraits/med/men/86.jpg', 'thumbnail': 'https://randomuser.me/api/portraits/thumb/men/86.jpg'}, 'nat': 'GB'}</msg>
<arg>${json_data['results'][0]}</arg>
<doc>Logs the given message with the given level.</doc>
<status status="PASS" start="2024-03-27T04:17:48.073604" elapsed="0.000404"/>
</kw>
<kw name="Log" owner="BuiltIn">
<msg time="2024-03-27T04:17:48.074426" level="INFO">email</msg>
<arg>${key}</arg>
<doc>Logs the given message with the given level.</doc>
<status status="PASS" start="2024-03-27T04:17:48.074302" elapsed="0.000160"/>
</kw>
<var name="${key}">email</var>
<status status="PASS" start="2024-03-27T04:17:48.072785" elapsed="0.001888"/>
</iter>
<iter>
<kw name="Dictionary Should Contain Key" owner="Collections">
<msg time="2024-03-27T04:17:48.075329" level="INFO">False</msg>
<arg>${json_data['results'][0]}</arg>
<arg>${key}</arg>
<doc>Fails if ``key`` is not found from ``dictionary``.</doc>
<status status="PASS" start="2024-03-27T04:17:48.074950" elapsed="0.000415"/>
</kw>
<kw name="Log" owner="BuiltIn">
<msg time="2024-03-27T04:17:48.076034" level="INFO">{'gender': 'male', 'name': {'title': 'Mr', 'first': 'Aaron', 'last': 'Garza'}, 'location': {'street': {'number': 5147, 'name': 'Fairview Road'}, 'city': 'Ely', 'state': 'Hampshire', 'country': 'United Kingdom', 'postcode': 'LM8M 2RX', 'coordinates': {'latitude': '-9.9896', 'longitude': '-29.1487'}, 'timezone': {'offset': '+7:00', 'description': 'Bangkok, Hanoi, Jakarta'}}, 'email': 'aaron.garza@example.com', 'login': {'uuid': '04d82573-a503-4507-b4c7-e5ad55362190', 'username': 'silverladybug901', 'password': 'devil666', 'salt': 'QwapuaBl', 'md5': 'a547994121f378175920956a10e7d617', 'sha1': '1755d6962849db002db5fe39a7a89a864530326e', 'sha256': '11cc74db7f10851719dbe144b183331c17ef7f0caf43d464ba0b93956bfbb7b4'}, 'dob': {'date': '1965-02-15T15:56:13.895Z', 'age': 59}, 'registered': {'date': '2016-01-30T06:10:58.606Z', 'age': 8}, 'phone': '01331 41160', 'cell': '07558 756491', 'id': {'name': 'NINO', 'value': 'RG 93 45 26 Q'}, 'picture': {'large': 'https://randomuser.me/api/portraits/men/86.jpg', 'medium': 'https://randomuser.me/api/portraits/med/men/86.jpg', 'thumbnail': 'https://randomuser.me/api/portraits/thumb/men/86.jpg'}, 'nat': 'GB'}</msg>
<arg>${json_data['results'][0]}</arg>
<doc>Logs the given message with the given level.</doc>
<status status="PASS" start="2024-03-27T04:17:48.075653" elapsed="0.000427"/>
</kw>
<kw name="Log" owner="BuiltIn">
<msg time="2024-03-27T04:17:48.076493" level="INFO">login</msg>
<arg>${key}</arg>
<doc>Logs the given message with the given level.</doc>
<status status="PASS" start="2024-03-27T04:17:48.076368" elapsed="0.000277"/>
</kw>
<var name="${key}">login</var>
<status status="PASS" start="2024-03-27T04:17:48.074842" elapsed="0.002061"/>
</iter>
<var>${key}</var>
<value>@{expected_keys}</value>
<status status="PASS" start="2024-03-27T04:17:48.066195" elapsed="0.010834"/>
</for>
<kw name="Create List" owner="BuiltIn">
<msg time="2024-03-27T04:17:48.077364" level="INFO">${expected_keysTwo} = ['username', 'password']</msg>
<var>${expected_keysTwo}</var>
<arg>username</arg>
<arg>password</arg>
<doc>Returns a list containing given items.</doc>
<status status="PASS" start="2024-03-27T04:17:48.077226" elapsed="0.000161"/>
</kw>
<for flavor="IN">
<iter>
<kw name="Dictionary Should Contain Key" owner="Collections">
<msg time="2024-03-27T04:17:48.078260" level="INFO">False</msg>
<arg>${json_data['results'][0]['login']}</arg>
<arg>${keyTwo}</arg>
<doc>Fails if ``key`` is not found from ``dictionary``.</doc>
<status status="PASS" start="2024-03-27T04:17:48.077885" elapsed="0.000411"/>
</kw>
<kw name="Dictionary Should Contain Key" owner="Collections">
<msg time="2024-03-27T04:17:48.078960" level="INFO">False</msg>
<arg>${json_data['results'][0]['login']}</arg>
<arg>${keyTwo}</arg>
<doc>Fails if ``key`` is not found from ``dictionary``.</doc>
<status status="PASS" start="2024-03-27T04:17:48.078590" elapsed="0.000407"/>
</kw>
<kw name="Log" owner="BuiltIn">
<msg time="2024-03-27T04:17:48.079408" level="INFO">username</msg>
<arg>${keyTwo}</arg>
<doc>Logs the given message with the given level.</doc>
<status status="PASS" start="2024-03-27T04:17:48.079283" elapsed="0.000161"/>
</kw>
<var name="${keyTwo}">username</var>
<status status="PASS" start="2024-03-27T04:17:48.077777" elapsed="0.001876"/>
</iter>
<iter>
<kw name="Dictionary Should Contain Key" owner="Collections">
<msg time="2024-03-27T04:17:48.080341" level="INFO">False</msg>
<arg>${json_data['results'][0]['login']}</arg>
<arg>${keyTwo}</arg>
<doc>Fails if ``key`` is not found from ``dictionary``.</doc>
<status status="PASS" start="2024-03-27T04:17:48.079965" elapsed="0.000413"/>
</kw>
<kw name="Dictionary Should Contain Key" owner="Collections">
<msg time="2024-03-27T04:17:48.081039" level="INFO">False</msg>
<arg>${json_data['results'][0]['login']}</arg>
<arg>${keyTwo}</arg>
<doc>Fails if ``key`` is not found from ``dictionary``.</doc>
<status status="PASS" start="2024-03-27T04:17:48.080667" elapsed="0.000408"/>
</kw>
<kw name="Log" owner="BuiltIn">
<msg time="2024-03-27T04:17:48.081485" level="INFO">password</msg>
<arg>${keyTwo}</arg>
<doc>Logs the given message with the given level.</doc>
<status status="PASS" start="2024-03-27T04:17:48.081361" elapsed="0.000161"/>
</kw>
<var name="${keyTwo}">password</var>
<status status="PASS" start="2024-03-27T04:17:48.079844" elapsed="0.001888"/>
</iter>
<var>${keyTwo}</var>
<value>@{expected_keysTwo}</value>
<status status="PASS" start="2024-03-27T04:17:48.077623" elapsed="0.004226"/>
</for>
<status status="PASS" start="2024-03-27T04:17:47.911816" elapsed="0.170173"/>
</kw>
<doc>Testa a estrutura da resposta da API.</doc>
<tag>testeEstruturaResposta</tag>
<status status="PASS" start="2024-03-27T04:17:47.911109" elapsed="0.171043"/>
</test>
<test id="s1-s1-t4" name="Validar tipos de dados" line="28">
<kw name="Teste de Tipos de Dados" owner="random-user-service">
<kw name="GET On Session" owner="RequestsLibrary">
<msg time="2024-03-27T04:17:48.112096" level="INFO">GET Request : url=https://randomuser.me/api 
 path_url=/api 
 headers={'User-Agent': 'python-requests/2.31.0', 'Accept-Encoding': 'gzip, deflate', 'Accept': '*/*', 'Connection': 'keep-alive'} 
 body=None 
 </msg>
<msg time="2024-03-27T04:17:48.112177" level="INFO">GET Response : url=https://randomuser.me/api 
 status=200, reason=OK 
 headers={'Date': 'Wed, 27 Mar 2024 04:17:48 GMT', 'Content-Type': 'application/json; charset=utf-8', 'Transfer-Encoding': 'chunked', 'Connection': 'keep-alive', 'X-Powered-By': 'Express', 'Access-Control-Allow-Origin': '*', 'Cache-Control': 'no-cache', 'ETag': 'W/"49d-NcEbggH2dlKUVi8AuiCZOqA+UYQ"', 'Vary': 'Accept-Encoding', 'Content-Encoding': 'gzip', 'CF-Cache-Status': 'DYNAMIC', 'Report-To': '{"endpoints":[{"url":"https:\\/\\/a.nel.cloudflare.com\\/report\\/v4?s=QrAnlTnfhQXo6ucvii3pUFc9M6jYH%2Bs4ceRBvcg%2F5I%2BNgybqVac5BLy54lrsw1jqKSynAD34Hl1aCYHGD8uANLLdkxH1XL%2FT3owzWmpGXB5jCDvzbB42Uj4nrn1NHENI"}],"group":"cf-nel","max_age":604800}', 'NEL': '{"success_fraction":0,"report_to":"cf-nel","max_age":604800}', 'Server': 'cloudflare', 'CF-RAY': '86ac92a38a5128c2-IAD', 'alt-svc': 'h3=":443"; ma=86400'} 
 body={"results":[{"gender":"male","name":{"title":"Mr","first":"Zlotodan","last":"Andriievich"},"location":{"street":{"number":9467,"name":"Verbolozniy provulok"},"city":"Tarashcha","state":"Rivnenska","country":"Ukraine","postcode":88132,"coordinates":{"latitude":"76.8273","longitude":"-131.6136"},"timezone":{"offset":"+11:00","description":"Magadan, Solomon Islands, New Caledonia"}},"email":"zlotodan.andriievich@example.com","login":{"uuid":"60ff2dbd-dabc-47dc-a562-3fb5847dbf0a","username":"happycat290","password":"fmale","salt":"YQQWE2Xk","md5":"ab247f6217e0533ef1b9475d79791afb","sha1":"7fd65f870c67b85b144232ca61e3b65950aff5b2","sha256":"9f8932c13760a46ded2a8ea068d34398dc0f35caa339b89b89641ca1b936fb3f"},"dob":{"date":"1999-12-13T00:26:03.859Z","age":24},"registered":{"date":"2016-04-14T17:21:51.091Z","age":7},"phone":"(096) H48-7906","cell":"(066) W32-3743","id":{"name":"","value":null},"picture":{"large":"https://randomuser.me/api/portraits/men/34.jpg","medium":"https://randomuser.me/api/portraits/med/men/34.jpg","thumbnail":"https://randomuser.me/api/portraits/thumb/men/34.jpg"},"nat":"UA"}],"info":{"seed":"f78a46828fe5e71b","results":1,"page":1,"version":"1.4"}} 
 </msg>
<msg time="2024-03-27T04:17:48.112238" level="INFO">/opt/hostedtoolcache/Python/3.12.2/x64/lib/python3.12/site-packages/urllib3/connectionpool.py:1103: InsecureRequestWarning: Unverified HTTPS request is being made to host 'randomuser.me'. Adding certificate verification is strongly advised. See: https://urllib3.readthedocs.io/en/latest/advanced-usage.html#tls-warnings
  warnings.warn(</msg>
<msg time="2024-03-27T04:17:48.112338" level="INFO">${response} = &lt;Response [200]&gt;</msg>
<var>${response}</var>
<arg>consultarAPI</arg>
<arg>/api</arg>
<doc>Sends a GET request on a previously created HTTP Session.</doc>
<status status="PASS" start="2024-03-27T04:17:48.084648" elapsed="0.027729"/>
</kw>
<kw name="Set Variable" owner="BuiltIn">
<msg time="2024-03-27T04:17:48.113327" level="INFO">${json_data} = {'results': [{'gender': 'male', 'name': {'title': 'Mr', 'first': 'Zlotodan', 'last': 'Andriievich'}, 'location': {'street': {'number': 9467, 'name': 'Verbolozniy provulok'}, 'city': 'Tarashcha', 'stat...</msg>
<var>${json_data}</var>
<arg>${response.json()}</arg>
<doc>Returns the given values which can then be assigned to a variables.</doc>
<status status="PASS" start="2024-03-27T04:17:48.112832" elapsed="0.000523"/>
</kw>
<kw name="Log" owner="BuiltIn">
<msg time="2024-03-27T04:17:48.113816" level="INFO">{'results': [{'gender': 'male', 'name': {'title': 'Mr', 'first': 'Zlotodan', 'last': 'Andriievich'}, 'location': {'street': {'number': 9467, 'name': 'Verbolozniy provulok'}, 'city': 'Tarashcha', 'state': 'Rivnenska', 'country': 'Ukraine', 'postcode': 88132, 'coordinates': {'latitude': '76.8273', 'longitude': '-131.6136'}, 'timezone': {'offset': '+11:00', 'description': 'Magadan, Solomon Islands, New Caledonia'}}, 'email': 'zlotodan.andriievich@example.com', 'login': {'uuid': '60ff2dbd-dabc-47dc-a562-3fb5847dbf0a', 'username': 'happycat290', 'password': 'fmale', 'salt': 'YQQWE2Xk', 'md5': 'ab247f6217e0533ef1b9475d79791afb', 'sha1': '7fd65f870c67b85b144232ca61e3b65950aff5b2', 'sha256': '9f8932c13760a46ded2a8ea068d34398dc0f35caa339b89b89641ca1b936fb3f'}, 'dob': {'date': '1999-12-13T00:26:03.859Z', 'age': 24}, 'registered': {'date': '2016-04-14T17:21:51.091Z', 'age': 7}, 'phone': '(096) H48-7906', 'cell': '(066) W32-3743', 'id': {'name': '', 'value': None}, 'picture': {'large': 'https://randomuser.me/api/portraits/men/34.jpg', 'medium': 'https://randomuser.me/api/portraits/med/men/34.jpg', 'thumbnail': 'https://randomuser.me/api/portraits/thumb/men/34.jpg'}, 'nat': 'UA'}], 'info': {'seed': 'f78a46828fe5e71b', 'results': 1, 'page': 1, 'version': '1.4'}}</msg>
<arg>${json_data}</arg>
<doc>Logs the given message with the given level.</doc>
<status status="PASS" start="2024-03-27T04:17:48.113661" elapsed="0.000238"/>
</kw>
<kw name="Should Be String" owner="String">
<arg>${json_data['results'][0]['gender']}</arg>
<doc>Fails if the given ``item`` is not a string.</doc>
<status status="PASS" start="2024-03-27T04:17:48.114200" elapsed="0.000355"/>
</kw>
<kw name="Should Match Regexp" owner="BuiltIn">
<arg>${json_data['results'][0]['email']}</arg>
<arg>^[a-zA-Z0-9._%+-]+@[a-zA-Z0-9.-]+\.[a-zA-Z]{2,}$</arg>
<doc>Fails if ``string`` does not match ``pattern`` as a regular expression.</doc>
<status status="PASS" start="2024-03-27T04:17:48.114747" elapsed="0.000518"/>
</kw>
<kw name="Should Match Regexp" owner="BuiltIn">
<arg>${json_data['results'][0]['dob']['date']}</arg>
<arg>\\d{4}-\\d{2}-\\d{2}T\\d{2}:\\d{2}:\\d{2}\\.\\d{3}Z</arg>
<doc>Fails if ``string`` does not match ``pattern`` as a regular expression.</doc>
<status status="PASS" start="2024-03-27T04:17:48.115459" elapsed="0.000501"/>
</kw>
<kw name="Should Match Regexp" owner="BuiltIn">
<arg>${json_data['results'][0]['registered']['date']}</arg>
<arg>\\d{4}-\\d{2}-\\d{2}T\\d{2}:\\d{2}:\\d{2}\\.\\d{3}Z</arg>
<doc>Fails if ``string`` does not match ``pattern`` as a regular expression.</doc>
<status status="PASS" start="2024-03-27T04:17:48.116152" elapsed="0.000367"/>
</kw>
<kw name="Should Match Regexp" owner="BuiltIn">
<arg>${json_data['results'][0]['picture']['large']}</arg>
<arg>^https?://.*\.(?:png|jpe?g|gif|bmp)$</arg>
<doc>Fails if ``string`` does not match ``pattern`` as a regular expression.</doc>
<status status="PASS" start="2024-03-27T04:17:48.116702" elapsed="0.000454"/>
</kw>
<kw name="Should Match Regexp" owner="BuiltIn">
<arg>${json_data['results'][0]['picture']['medium']}</arg>
<arg>^https?://.*\.(?:png|jpe?g|gif|bmp)$</arg>
<doc>Fails if ``string`` does not match ``pattern`` as a regular expression.</doc>
<status status="PASS" start="2024-03-27T04:17:48.117339" elapsed="0.000351"/>
</kw>
<kw name="Should Match Regexp" owner="BuiltIn">
<arg>${json_data['results'][0]['picture']['thumbnail']}</arg>
<arg>^https?://.*\.(?:png|jpe?g|gif|bmp)$</arg>
<doc>Fails if ``string`` does not match ``pattern`` as a regular expression.</doc>
<status status="PASS" start="2024-03-27T04:17:48.117871" elapsed="0.000344"/>
</kw>
<kw name="Log" owner="BuiltIn">
<msg time="2024-03-27T04:17:48.118706" level="INFO">{'large': 'https://randomuser.me/api/portraits/men/34.jpg', 'medium': 'https://randomuser.me/api/portraits/med/men/34.jpg', 'thumbnail': 'https://randomuser.me/api/portraits/thumb/men/34.jpg'}</msg>
<arg>${json_data['results'][0]['picture']}</arg>
<doc>Logs the given message with the given level.</doc>
<status status="PASS" start="2024-03-27T04:17:48.118391" elapsed="0.000360"/>
</kw>
<status status="PASS" start="2024-03-27T04:17:48.084414" elapsed="0.034594"/>
</kw>
<kw name="Teste de Tipos de Dados - Postcode" owner="random-user-service">
<kw name="GET On Session" owner="RequestsLibrary">
<msg time="2024-03-27T04:17:48.213764" level="INFO">GET Request : url=https://randomuser.me/api 
 path_url=/api 
 headers={'User-Agent': 'python-requests/2.31.0', 'Accept-Encoding': 'gzip, deflate', 'Accept': '*/*', 'Connection': 'keep-alive'} 
 body=None 
 </msg>
<msg time="2024-03-27T04:17:48.213873" level="INFO">GET Response : url=https://randomuser.me/api 
 status=200, reason=OK 
 headers={'Date': 'Wed, 27 Mar 2024 04:17:48 GMT', 'Content-Type': 'application/json; charset=utf-8', 'Transfer-Encoding': 'chunked', 'Connection': 'keep-alive', 'X-Powered-By': 'Express', 'Access-Control-Allow-Origin': '*', 'Cache-Control': 'no-cache', 'ETag': 'W/"48e-RaNhQwKGfTTevGBIS/o7w57cklc"', 'Vary': 'Accept-Encoding', 'Content-Encoding': 'gzip', 'CF-Cache-Status': 'DYNAMIC', 'Report-To': '{"endpoints":[{"url":"https:\\/\\/a.nel.cloudflare.com\\/report\\/v4?s=sAC2%2Fd912%2FVY5CmhnpEDH5B42y7yrJ5WoP%2FnAKGZBa13OA35U10t51V%2Fwne7NW6sZH6UP1vpD7ZewnkePlX8OAxGTe6Y%2BqGGROB4LU%2BvWS8CcUs8C5Q381s1bW%2FL0F6n"}],"group":"cf-nel","max_age":604800}', 'NEL': '{"success_fraction":0,"report_to":"cf-nel","max_age":604800}', 'Server': 'cloudflare', 'CF-RAY': '86ac92a3ca8628c2-IAD', 'alt-svc': 'h3=":443"; ma=86400'} 
 body={"results":[{"gender":"female","name":{"title":"Mrs","first":"تینا","last":"علیزاده"},"location":{"street":{"number":4935,"name":"شهید آقاسرمدیان"},"city":"نیشابور","state":"سمنان","country":"Iran","postcode":71604,"coordinates":{"latitude":"15.3029","longitude":"164.4319"},"timezone":{"offset":"-3:30","description":"Newfoundland"}},"email":"tyn.aalyzdh@example.com","login":{"uuid":"47a576c7-a507-4876-8f5f-df51acc1349f","username":"whiteswan950","password":"fmale","salt":"uaEICxX8","md5":"d97cdf8a7cd63fb5786cffb2e684fadf","sha1":"4c5e717b31f743e2984e693262cc60e148f56fdc","sha256":"1b581b2ec894c58b7e2f813e7adf330d67f1ac17c1959dc64339787cacd740bf"},"dob":{"date":"1964-10-21T18:45:20.186Z","age":59},"registered":{"date":"2003-07-18T03:26:20.000Z","age":20},"phone":"077-02269915","cell":"0914-643-7680","id":{"name":"","value":null},"picture":{"large":"https://randomuser.me/api/portraits/women/63.jpg","medium":"https://randomuser.me/api/portraits/med/women/63.jpg","thumbnail":"https://randomuser.me/api/portraits/thumb/women/63.jpg"},"nat":"IR"}],"info":{"seed":"9359b4ef8fdd2bcf","results":1,"page":1,"version":"1.4"}} 
 </msg>
<msg time="2024-03-27T04:17:48.213975" level="INFO">/opt/hostedtoolcache/Python/3.12.2/x64/lib/python3.12/site-packages/urllib3/connectionpool.py:1103: InsecureRequestWarning: Unverified HTTPS request is being made to host 'randomuser.me'. Adding certificate verification is strongly advised. See: https://urllib3.readthedocs.io/en/latest/advanced-usage.html#tls-warnings
  warnings.warn(</msg>
<msg time="2024-03-27T04:17:48.214110" level="INFO">${response} = &lt;Response [200]&gt;</msg>
<var>${response}</var>
<arg>consultarAPI</arg>
<arg>/api</arg>
<doc>Sends a GET request on a previously created HTTP Session.</doc>
<status status="PASS" start="2024-03-27T04:17:48.119613" elapsed="0.094531"/>
</kw>
<kw name="Set Variable" owner="BuiltIn">
<msg time="2024-03-27T04:17:48.215222" level="INFO">${json_data} = {'results': [{'gender': 'female', 'name': {'title': 'Mrs', 'first': 'تینا', 'last': 'علیزاده'}, 'location': {'street': {'number': 4935, 'name': 'شهید آقاسرمدیان'}, 'city': 'نیشابور', 'state': 'سمنان',...</msg>
<var>${json_data}</var>
<arg>${response.json()}</arg>
<doc>Returns the given values which can then be assigned to a variables.</doc>
<status status="PASS" start="2024-03-27T04:17:48.214709" elapsed="0.000543"/>
</kw>
<kw name="Log" owner="BuiltIn">
<msg time="2024-03-27T04:17:48.215720" level="INFO">{'results': [{'gender': 'female', 'name': {'title': 'Mrs', 'first': 'تینا', 'last': 'علیزاده'}, 'location': {'street': {'number': 4935, 'name': 'شهید آقاسرمدیان'}, 'city': 'نیشابور', 'state': 'سمنان', 'country': 'Iran', 'postcode': 71604, 'coordinates': {'latitude': '15.3029', 'longitude': '164.4319'}, 'timezone': {'offset': '-3:30', 'description': 'Newfoundland'}}, 'email': 'tyn.aalyzdh@example.com', 'login': {'uuid': '47a576c7-a507-4876-8f5f-df51acc1349f', 'username': 'whiteswan950', 'password': 'fmale', 'salt': 'uaEICxX8', 'md5': 'd97cdf8a7cd63fb5786cffb2e684fadf', 'sha1': '4c5e717b31f743e2984e693262cc60e148f56fdc', 'sha256': '1b581b2ec894c58b7e2f813e7adf330d67f1ac17c1959dc64339787cacd740bf'}, 'dob': {'date': '1964-10-21T18:45:20.186Z', 'age': 59}, 'registered': {'date': '2003-07-18T03:26:20.000Z', 'age': 20}, 'phone': '077-02269915', 'cell': '0914-643-7680', 'id': {'name': '', 'value': None}, 'picture': {'large': 'https://randomuser.me/api/portraits/women/63.jpg', 'medium': 'https://randomuser.me/api/portraits/med/women/63.jpg', 'thumbnail': 'https://randomuser.me/api/portraits/thumb/women/63.jpg'}, 'nat': 'IR'}], 'info': {'seed': '9359b4ef8fdd2bcf', 'results': 1, 'page': 1, 'version': '1.4'}}</msg>
<arg>${json_data}</arg>
<doc>Logs the given message with the given level.</doc>
<status status="PASS" start="2024-03-27T04:17:48.215560" elapsed="0.000283"/>
</kw>
<kw name="Should Be Equal As Numbers" owner="BuiltIn">
<arg>${json_data['results'][0]['location']['postcode']}</arg>
<arg>${json_data['results'][0]['location']['postcode']}</arg>
<doc>Fails if objects are unequal after converting them to real numbers.</doc>
<status status="PASS" start="2024-03-27T04:17:48.216159" elapsed="0.000630"/>
</kw>
<kw name="Log" owner="BuiltIn">
<msg time="2024-03-27T04:17:48.217310" level="INFO">71604</msg>
<arg>${json_data['results'][0]['location']['postcode']}</arg>
<doc>Logs the given message with the given level.</doc>
<status status="PASS" start="2024-03-27T04:17:48.216979" elapsed="0.000372"/>
</kw>
<status status="PASS" start="2024-03-27T04:17:48.119239" elapsed="0.098370"/>
</kw>
<doc>Testa se os tipos de dados na resposta da API estão corretos.</doc>
<tag>testeTiposDados</tag>
<status status="PASS" start="2024-03-27T04:17:48.083915" elapsed="0.133867"/>
</test>
<test id="s1-s1-t5" name="Validar conteudo" line="35">
<kw name="Teste de Tipos de Conteudo" owner="random-user-service">
<kw name="GET On Session" owner="RequestsLibrary">
<msg time="2024-03-27T04:17:48.314607" level="INFO">GET Request : url=https://randomuser.me/api 
 path_url=/api 
 headers={'User-Agent': 'python-requests/2.31.0', 'Accept-Encoding': 'gzip, deflate', 'Accept': '*/*', 'Connection': 'keep-alive'} 
 body=None 
 </msg>
<msg time="2024-03-27T04:17:48.314704" level="INFO">GET Response : url=https://randomuser.me/api 
 status=200, reason=OK 
 headers={'Date': 'Wed, 27 Mar 2024 04:17:48 GMT', 'Content-Type': 'application/json; charset=utf-8', 'Transfer-Encoding': 'chunked', 'Connection': 'keep-alive', 'X-Powered-By': 'Express', 'Access-Control-Allow-Origin': '*', 'Cache-Control': 'no-cache', 'ETag': 'W/"492-SYVyQ3Q1huF9GP3xWO0uX1md7Z0"', 'Vary': 'Accept-Encoding', 'Content-Encoding': 'gzip', 'CF-Cache-Status': 'DYNAMIC', 'Report-To': '{"endpoints":[{"url":"https:\\/\\/a.nel.cloudflare.com\\/report\\/v4?s=HcBlcGNNQ0MM48AbjzVfMmQ%2Bejiimr44Giu6dQOaW3%2BOrjX3abqLy7Isyws6ND8jeTw%2FXIp35DF2JNxO%2BK3NFaMgbdvxWfslIcZ5vsK948dQyO6auv7cNFZHVZGlFrCL"}],"group":"cf-nel","max_age":604800}', 'NEL': '{"success_fraction":0,"report_to":"cf-nel","max_age":604800}', 'Server': 'cloudflare', 'CF-RAY': '86ac92a46b2428c2-IAD', 'alt-svc': 'h3=":443"; ma=86400'} 
 body={"results":[{"gender":"female","name":{"title":"Mrs","first":"Tilde","last":"Mortensen"},"location":{"street":{"number":9790,"name":"Granvænget"},"city":"Assens","state":"Danmark","country":"Denmark","postcode":83117,"coordinates":{"latitude":"-39.0941","longitude":"158.4878"},"timezone":{"offset":"-4:00","description":"Atlantic Time (Canada), Caracas, La Paz"}},"email":"tilde.mortensen@example.com","login":{"uuid":"f864f410-cd8c-4594-96d5-88d9f8b5f5af","username":"greenlion560","password":"superman","salt":"ZGVwJswz","md5":"902c854d3e4439f3d84f41d73a237c19","sha1":"57a6667b62003945af8e8aa5e388a04abf26348b","sha256":"e7fd32c9d6932d492a117c35fba72006f235000e4a8e75559d2a615b57e38a9d"},"dob":{"date":"1991-02-23T14:52:56.892Z","age":33},"registered":{"date":"2013-10-31T12:20:58.835Z","age":10},"phone":"57393697","cell":"90973063","id":{"name":"CPR","value":"230291-0268"},"picture":{"large":"https://randomuser.me/api/portraits/women/95.jpg","medium":"https://randomuser.me/api/portraits/med/women/95.jpg","thumbnail":"https://randomuser.me/api/portraits/thumb/women/95.jpg"},"nat":"DK"}],"info":{"seed":"dddf6c28e0daa475","results":1,"page":1,"version":"1.4"}} 
 </msg>
<msg time="2024-03-27T04:17:48.314775" level="INFO">/opt/hostedtoolcache/Python/3.12.2/x64/lib/python3.12/site-packages/urllib3/connectionpool.py:1103: InsecureRequestWarning: Unverified HTTPS request is being made to host 'randomuser.me'. Adding certificate verification is strongly advised. See: https://urllib3.readthedocs.io/en/latest/advanced-usage.html#tls-warnings
  warnings.warn(</msg>
<msg time="2024-03-27T04:17:48.314897" level="INFO">${response} = &lt;Response [200]&gt;</msg>
<var>${response}</var>
<arg>consultarAPI</arg>
<arg>/api</arg>
<doc>Sends a GET request on a previously created HTTP Session.</doc>
<status status="PASS" start="2024-03-27T04:17:48.220329" elapsed="0.094605"/>
</kw>
<kw name="Set Variable" owner="BuiltIn">
<msg time="2024-03-27T04:17:48.316067" level="INFO">${json_data} = {'results': [{'gender': 'female', 'name': {'title': 'Mrs', 'first': 'Tilde', 'last': 'Mortensen'}, 'location': {'street': {'number': 9790, 'name': 'Granvænget'}, 'city': 'Assens', 'state': 'Danmark', ...</msg>
<var>${json_data}</var>
<arg>${response.json()}</arg>
<doc>Returns the given values which can then be assigned to a variables.</doc>
<status status="PASS" start="2024-03-27T04:17:48.315496" elapsed="0.000600"/>
</kw>
<kw name="Set Variable" owner="BuiltIn">
<msg time="2024-03-27T04:17:48.316794" level="INFO">${name_title} = Mrs</msg>
<var>${name_title}</var>
<arg>${json_data["results"][0]["name"]["title"]}</arg>
<doc>Returns the given values which can then be assigned to a variables.</doc>
<status status="PASS" start="2024-03-27T04:17:48.316403" elapsed="0.000415"/>
</kw>
<kw name="Create List" owner="BuiltIn">
<msg time="2024-03-27T04:17:48.317262" level="INFO">${allowed_titles} = ['Mr', 'Ms', 'Miss', 'Mrs', 'Madame', 'Monsieur']</msg>
<var>${allowed_titles}</var>
<arg>Mr</arg>
<arg>Ms</arg>
<arg>Miss</arg>
<arg>Mrs</arg>
<arg>Madame</arg>
<arg>Monsieur</arg>
<doc>Returns a list containing given items.</doc>
<status status="PASS" start="2024-03-27T04:17:48.317113" elapsed="0.000173"/>
</kw>
<kw name="List Should Contain Value" owner="Collections">
<msg time="2024-03-27T04:17:48.317765" level="INFO">False</msg>
<arg>${allowed_titles}</arg>
<arg>${name_title}</arg>
<doc>Fails if the ``value`` is not found from ``list``.</doc>
<status status="PASS" start="2024-03-27T04:17:48.317591" elapsed="0.000212"/>
</kw>
<kw name="Set Variable" owner="BuiltIn">
<msg time="2024-03-27T04:17:48.318463" level="INFO">${name_country} = DK</msg>
<var>${name_country}</var>
<arg>${json_data["results"][0]["nat"]}</arg>
<doc>Returns the given values which can then be assigned to a variables.</doc>
<status status="PASS" start="2024-03-27T04:17:48.318091" elapsed="0.000396"/>
</kw>
<kw name="Create List" owner="BuiltIn">
<msg time="2024-03-27T04:17:48.319383" level="INFO">${list_country} = ['AD', 'AE', 'AF', 'AG', 'AI', 'AL', 'AM', 'AO', 'AQ', 'AR', 'AS', 'AT', 'AU', 'AW', 'AX', 'AZ', 'BA', 'BB', 'BD', 'BE', 'BF', 'BG', 'BH', 'BI', 'BJ', 'BL', 'BM', 'BN', 'BO', 'BQ', 'BR', 'BS', 'BT', '...</msg>
<var>${list_country}</var>
<arg>AD</arg>
<arg>AE</arg>
<arg>AF</arg>
<arg>AG</arg>
<arg>AI</arg>
<arg>AL</arg>
<arg>AM</arg>
<arg>AO</arg>
<arg>AQ</arg>
<arg>AR</arg>
<arg>AS</arg>
<arg>AT</arg>
<arg>AU</arg>
<arg>AW</arg>
<arg>AX</arg>
<arg>AZ</arg>
<arg>BA</arg>
<arg>BB</arg>
<arg>BD</arg>
<arg>BE</arg>
<arg>BF</arg>
<arg>BG</arg>
<arg>BH</arg>
<arg>BI</arg>
<arg>BJ</arg>
<arg>BL</arg>
<arg>BM</arg>
<arg>BN</arg>
<arg>BO</arg>
<arg>BQ</arg>
<arg>BR</arg>
<arg>BS</arg>
<arg>BT</arg>
<arg>BV</arg>
<arg>BW</arg>
<arg>BY</arg>
<arg>BZ</arg>
<arg>CA</arg>
<arg>CC</arg>
<arg>CD</arg>
<arg>CF</arg>
<arg>CG</arg>
<arg>CH</arg>
<arg>CI</arg>
<arg>CK</arg>
<arg>CL</arg>
<arg>CM</arg>
<arg>CN</arg>
<arg>CO</arg>
<arg>CR</arg>
<arg>CU</arg>
<arg>CV</arg>
<arg>CW</arg>
<arg>CX</arg>
<arg>CY</arg>
<arg>CZ</arg>
<arg>DE</arg>
<arg>DJ</arg>
<arg>DK</arg>
<arg>DM</arg>
<arg>DO</arg>
<arg>DZ</arg>
<arg>EC</arg>
<arg>EE</arg>
<arg>EG</arg>
<arg>EH</arg>
<arg>ER</arg>
<arg>ES</arg>
<arg>ET</arg>
<arg>FI</arg>
<arg>FJ</arg>
<arg>FK</arg>
<arg>FM</arg>
<arg>FO</arg>
<arg>FR</arg>
<arg>GA</arg>
<arg>GB</arg>
<arg>GD</arg>
<arg>GE</arg>
<arg>GF</arg>
<arg>GG</arg>
<arg>GH</arg>
<arg>GI</arg>
<arg>GL</arg>
<arg>GM</arg>
<arg>GN</arg>
<arg>GP</arg>
<arg>GQ</arg>
<arg>GR</arg>
<arg>GS</arg>
<arg>GT</arg>
<arg>GU</arg>
<arg>GW</arg>
<arg>GY</arg>
<arg>HK</arg>
<arg>HM</arg>
<arg>HN</arg>
<arg>HR</arg>
<arg>HT</arg>
<arg>HU</arg>
<arg>ID</arg>
<arg>IE</arg>
<arg>IL</arg>
<arg>IM</arg>
<arg>IN</arg>
<arg>IO</arg>
<arg>IQ</arg>
<arg>IR</arg>
<arg>IS</arg>
<arg>IT</arg>
<arg>JE</arg>
<arg>JM</arg>
<arg>JO</arg>
<arg>JP</arg>
<arg>KE</arg>
<arg>KG</arg>
<arg>KH</arg>
<arg>KI</arg>
<arg>KM</arg>
<arg>KN</arg>
<arg>KP</arg>
<arg>KR</arg>
<arg>KW</arg>
<arg>KY</arg>
<arg>KZ</arg>
<arg>LA</arg>
<arg>LB</arg>
<arg>LC</arg>
<arg>LI</arg>
<arg>LK</arg>
<arg>LR</arg>
<arg>LS</arg>
<arg>LT</arg>
<arg>LU</arg>
<arg>LV</arg>
<arg>LY</arg>
<arg>MA</arg>
<arg>MC</arg>
<arg>MD</arg>
<arg>ME</arg>
<arg>MF</arg>
<arg>MG</arg>
<arg>MH</arg>
<arg>MK</arg>
<arg>ML</arg>
<arg>MM</arg>
<arg>MN</arg>
<arg>MO</arg>
<arg>MP</arg>
<arg>MQ</arg>
<arg>MR</arg>
<arg>MS</arg>
<arg>MT</arg>
<arg>MU</arg>
<arg>MV</arg>
<arg>MW</arg>
<arg>MX</arg>
<arg>MY</arg>
<arg>MZ</arg>
<arg>NA</arg>
<arg>NC</arg>
<arg>NE</arg>
<arg>NF</arg>
<arg>NG</arg>
<arg>NI</arg>
<arg>NL</arg>
<arg>NO</arg>
<arg>NP</arg>
<arg>NR</arg>
<arg>NU</arg>
<arg>NZ</arg>
<arg>OM</arg>
<arg>PA</arg>
<arg>PE</arg>
<arg>PF</arg>
<arg>PG</arg>
<arg>PH</arg>
<arg>PK</arg>
<arg>PL</arg>
<arg>PM</arg>
<arg>PN</arg>
<arg>PR</arg>
<arg>PS</arg>
<arg>PT</arg>
<arg>PW</arg>
<arg>PY</arg>
<arg>QA</arg>
<arg>RE</arg>
<arg>RO</arg>
<arg>RS</arg>
<arg>RU</arg>
<arg>RW</arg>
<arg>SA</arg>
<arg>SB</arg>
<arg>SC</arg>
<arg>SD</arg>
<arg>SE</arg>
<arg>SG</arg>
<arg>SH</arg>
<arg>SI</arg>
<arg>SJ</arg>
<arg>SK</arg>
<arg>SL</arg>
<arg>SM</arg>
<arg>SN</arg>
<arg>SO</arg>
<arg>SR</arg>
<arg>SS</arg>
<arg>ST</arg>
<arg>SV</arg>
<arg>SX</arg>
<arg>SY</arg>
<arg>SZ</arg>
<arg>TC</arg>
<arg>TD</arg>
<arg>TF</arg>
<arg>TG</arg>
<arg>TH</arg>
<arg>TJ</arg>
<arg>TK</arg>
<arg>TL</arg>
<arg>TM</arg>
<arg>TN</arg>
<arg>TO</arg>
<arg>TR</arg>
<arg>TT</arg>
<arg>TV</arg>
<arg>TW</arg>
<arg>TZ</arg>
<arg>UA</arg>
<arg>UG</arg>
<arg>UM</arg>
<arg>US</arg>
<arg>UY</arg>
<arg>UZ</arg>
<arg>VA</arg>
<arg>VC</arg>
<arg>VE</arg>
<arg>VG</arg>
<arg>VI</arg>
<arg>VN</arg>
<arg>VU</arg>
<arg>WF</arg>
<arg>WS</arg>
<arg>XK</arg>
<arg>YE</arg>
<arg>YT</arg>
<arg>ZA</arg>
<arg>ZM</arg>
<arg>ZW</arg>
<doc>Returns a list containing given items.</doc>
<status status="PASS" start="2024-03-27T04:17:48.318790" elapsed="0.000617"/>
</kw>
<kw name="List Should Contain Value" owner="Collections">
<msg time="2024-03-27T04:17:48.320557" level="INFO">False</msg>
<arg>${list_country}</arg>
<arg>${name_country}</arg>
<doc>Fails if the ``value`` is not found from ``list``.</doc>
<status status="PASS" start="2024-03-27T04:17:48.320353" elapsed="0.000242"/>
</kw>
<kw name="Run Keyword If" owner="BuiltIn">
<kw name="Should Be True" owner="BuiltIn">
<arg>${True}</arg>
<doc>Fails if the given condition is not true.</doc>
<status status="PASS" start="2024-03-27T04:17:48.321649" elapsed="0.000141"/>
</kw>
<arg>${json_data["results"][0]["location"]["coordinates"]["latitude"]} &gt;= -90 and ${json_data["results"][0]["location"]["coordinates"]["latitude"]} &lt;= 90</arg>
<arg>Should Be True</arg>
<arg>${True}</arg>
<doc>Runs the given keyword with the given arguments, if ``condition`` is true.</doc>
<status status="PASS" start="2024-03-27T04:17:48.320905" elapsed="0.001012"/>
</kw>
<kw name="Run Keyword If" owner="BuiltIn">
<kw name="Should Be True" owner="BuiltIn">
<arg>${True}</arg>
<doc>Fails if the given condition is not true.</doc>
<status status="PASS" start="2024-03-27T04:17:48.322794" elapsed="0.000136"/>
</kw>
<arg>${json_data["results"][0]["location"]["coordinates"]["longitude"]} &gt;= -180 and ${json_data["results"][0]["location"]["coordinates"]["longitude"]} &lt;= 180</arg>
<arg>Should Be True</arg>
<arg>${True}</arg>
<doc>Runs the given keyword with the given arguments, if ``condition`` is true.</doc>
<status status="PASS" start="2024-03-27T04:17:48.322099" elapsed="0.000955"/>
</kw>
<status status="PASS" start="2024-03-27T04:17:48.220095" elapsed="0.103093"/>
</kw>
<doc>Testa o conteúdo específico dos campos retornados pela API.</doc>
<tag>testeConteudo</tag>
<status status="PASS" start="2024-03-27T04:17:48.219563" elapsed="0.103780"/>
</test>
<status status="PASS" start="2024-03-27T04:17:47.277943" elapsed="1.047386"/>
</suite>
<status status="PASS" start="2024-03-27T04:17:47.264112" elapsed="1.066456"/>
</suite>
<statistics>
<total>
<stat pass="5" fail="0" skip="0">All Tests</stat>
</total>
<tag>
<stat pass="1" fail="0" skip="0">testeConteudo</stat>
<stat pass="1" fail="0" skip="0">testeEstruturaResposta</stat>
<stat pass="1" fail="0" skip="0">testeRequisicaoBasica</stat>
<stat pass="1" fail="0" skip="0">testeTiposDados</stat>
</tag>
<suite>
<stat pass="5" fail="0" skip="0" id="s1" name="Tests">Tests</stat>
<stat pass="5" fail="0" skip="0" id="s1-s1" name="Random-User-Test">Tests.Random-User-Test</stat>
</suite>
</statistics>
<errors>
</errors>
</robot>
