<?xml version="1.0" encoding="UTF-8"?>
<robot generator="Robot 7.0.1 (Python 3.12.3 on linux)" generated="2024-06-14T23:14:36.547296" rpa="false" schemaversion="5">
<suite id="s1" name="Tests" source="/home/runner/work/ApiRandomUser/ApiRandomUser/RamdonUser/tests">
<suite id="s1-s1" name="Random-User-Test" source="/home/runner/work/ApiRandomUser/ApiRandomUser/RamdonUser/tests/random-user-test.robot">
<test id="s1-s1-t1" name="Conectar" line="13">
<kw name="Conectar API" owner="random-user-service">
<kw name="Create Session" owner="RequestsLibrary">
<msg time="2024-06-14T23:14:36.939722" level="INFO">Creating Session using : alias=consultarAPI, url=https://randomuser.me/, headers={},                     cookies={}, auth=None, timeout=None, proxies=None, verify=False,                     debug=0 </msg>
<arg>consultarAPI</arg>
<arg>${URL}</arg>
<doc>Create Session: create a HTTP session to a server</doc>
<status status="PASS" start="2024-06-14T23:14:36.939518" elapsed="0.000399"/>
</kw>
<status status="PASS" start="2024-06-14T23:14:36.938447" elapsed="0.001834"/>
</kw>
<status status="PASS" start="2024-06-14T23:14:36.937789" elapsed="0.002688"/>
</test>
<test id="s1-s1-t2" name="Validar retorno 200 e JSON Válido" line="16">
<kw name="Teste de Requisicao Basica" owner="random-user-service">
<kw name="GET On Session" owner="RequestsLibrary">
<msg time="2024-06-14T23:14:37.091157" level="INFO">GET Request : url=https://randomuser.me/api 
 path_url=/api 
 headers={'User-Agent': 'python-requests/2.32.3', 'Accept-Encoding': 'gzip, deflate', 'Accept': '*/*', 'Connection': 'keep-alive'} 
 body=None 
 </msg>
<msg time="2024-06-14T23:14:37.091315" level="INFO">GET Response : url=https://randomuser.me/api 
 status=200, reason=OK 
 headers={'Date': 'Fri, 14 Jun 2024 23:14:37 GMT', 'Content-Type': 'application/json; charset=utf-8', 'Transfer-Encoding': 'chunked', 'Connection': 'keep-alive', 'X-Powered-By': 'Express', 'Access-Control-Allow-Origin': '*', 'Cache-Control': 'no-cache', 'ETag': 'W/"488-iMfDBASSCukjzRGMFdo81av3YMg"', 'Vary': 'Accept-Encoding', 'Content-Encoding': 'gzip', 'CF-Cache-Status': 'DYNAMIC', 'Report-To': '{"endpoints":[{"url":"https:\\/\\/a.nel.cloudflare.com\\/report\\/v4?s=F1b9aJRhONU45SVXXZPflTacViSJoj9EDFKW2isYlVfflxE%2BXhmcP8p4JYRw6z%2Bc3wSg6FX1htfjagbLeL4AN7yOXdoi8J8hAPURt%2FrCn5LVbGTHv3hcaQe%2BNTHxbGQl"}],"group":"cf-nel","max_age":604800}', 'NEL': '{"success_fraction":0,"report_to":"cf-nel","max_age":604800}', 'Server': 'cloudflare', 'CF-RAY': '893e048518908723-ORD', 'alt-svc': 'h3=":443"; ma=86400'} 
 body={"results":[{"gender":"female","name":{"title":"Miss","first":"Richa","last":"Prabhakaran"},"location":{"street":{"number":8183,"name":"Colaba Causeway"},"city":"Pallavaram","state":"Punjab","country":"India","postcode":93594,"coordinates":{"latitude":"5.4222","longitude":"103.8702"},"timezone":{"offset":"-2:00","description":"Mid-Atlantic"}},"email":"richa.prabhakaran@example.com","login":{"uuid":"aa06d3bc-ed77-47b0-9a56-c60f50032e7e","username":"happypeacock489","password":"firewall","salt":"2BEBTaeO","md5":"30ec8c85aa3cb98ba6dcef832ba1cb2e","sha1":"5aba35e68daf5568850004e70aac7527c3e12649","sha256":"6f8602b5a32724fa18f42f70c28d2f955b5e0236934bb154359b4c060fe2a5a1"},"dob":{"date":"1947-04-29T00:02:09.250Z","age":77},"registered":{"date":"2022-03-19T12:40:27.906Z","age":2},"phone":"7021848948","cell":"7020905733","id":{"name":"UIDAI","value":"846493861237"},"picture":{"large":"https://randomuser.me/api/portraits/women/30.jpg","medium":"https://randomuser.me/api/portraits/med/women/30.jpg","thumbnail":"https://randomuser.me/api/portraits/thumb/women/30.jpg"},"nat":"IN"}],"info":{"seed":"8c629d9cd3651af1","results":1,"page":1,"version":"1.4"}} 
 </msg>
<msg time="2024-06-14T23:14:37.091398" level="INFO">/opt/hostedtoolcache/Python/3.12.3/x64/lib/python3.12/site-packages/urllib3/connectionpool.py:1103: InsecureRequestWarning: Unverified HTTPS request is being made to host 'randomuser.me'. Adding certificate verification is strongly advised. See: https://urllib3.readthedocs.io/en/latest/advanced-usage.html#tls-warnings
  warnings.warn(</msg>
<msg time="2024-06-14T23:14:37.091548" level="INFO">${response} = &lt;Response [200]&gt;</msg>
<var>${response}</var>
<arg>consultarAPI</arg>
<arg>/api</arg>
<doc>Sends a GET request on a previously created HTTP Session.</doc>
<status status="PASS" start="2024-06-14T23:14:36.943164" elapsed="0.148425"/>
</kw>
<kw name="Should Be Equal As Numbers" owner="BuiltIn">
<msg time="2024-06-14T23:14:37.092714" level="INFO">Argument types are:
&lt;class 'int'&gt;
&lt;class 'str'&gt;</msg>
<arg>${response.status_code}</arg>
<arg>200</arg>
<doc>Fails if objects are unequal after converting them to real numbers.</doc>
<status status="PASS" start="2024-06-14T23:14:37.092239" elapsed="0.000542"/>
</kw>
<kw name="Log" owner="BuiltIn">
<msg time="2024-06-14T23:14:37.093474" level="INFO">200</msg>
<arg>${response.status_code}</arg>
<doc>Logs the given message with the given level.</doc>
<status status="PASS" start="2024-06-14T23:14:37.093126" elapsed="0.000396"/>
</kw>
<kw name="Set Variable" owner="BuiltIn">
<msg time="2024-06-14T23:14:37.094329" level="INFO">${json_data} = {'results': [{'gender': 'female', 'name': {'title': 'Miss', 'first': 'Richa', 'last': 'Prabhakaran'}, 'location': {'street': {'number': 8183, 'name': 'Colaba Causeway'}, 'city': 'Pallavaram', 'state':...</msg>
<var>${json_data}</var>
<arg>${response.json()}</arg>
<doc>Returns the given values which can then be assigned to a variables.</doc>
<status status="PASS" start="2024-06-14T23:14:37.093870" elapsed="0.000488"/>
</kw>
<kw name="Dictionary Should Contain Key" owner="Collections">
<arg>${json_data}</arg>
<arg>results</arg>
<doc>Fails if ``key`` is not found from ``dictionary``.</doc>
<status status="PASS" start="2024-06-14T23:14:37.094660" elapsed="0.000172"/>
</kw>
<status status="PASS" start="2024-06-14T23:14:36.942929" elapsed="0.152054"/>
</kw>
<doc>Testa se a API responde corretamente e retorna um objeto JSON válido.</doc>
<tag>testeRequisicaoBasica</tag>
<status status="PASS" start="2024-06-14T23:14:36.942418" elapsed="0.152747"/>
</test>
<test id="s1-s1-t3" name="Validar estrutura de resposta" line="22">
<kw name="Teste de Estrutura de Resposta" owner="random-user-service">
<kw name="GET On Session" owner="RequestsLibrary">
<msg time="2024-06-14T23:14:37.151680" level="INFO">GET Request : url=https://randomuser.me/api 
 path_url=/api 
 headers={'User-Agent': 'python-requests/2.32.3', 'Accept-Encoding': 'gzip, deflate', 'Accept': '*/*', 'Connection': 'keep-alive'} 
 body=None 
 </msg>
<msg time="2024-06-14T23:14:37.151788" level="INFO">GET Response : url=https://randomuser.me/api 
 status=200, reason=OK 
 headers={'Date': 'Fri, 14 Jun 2024 23:14:37 GMT', 'Content-Type': 'application/json; charset=utf-8', 'Transfer-Encoding': 'chunked', 'Connection': 'keep-alive', 'X-Powered-By': 'Express', 'Access-Control-Allow-Origin': '*', 'Cache-Control': 'no-cache', 'ETag': 'W/"47c-sZbLQWWBL5VPIGylbh2IA/IAWx4"', 'Vary': 'Accept-Encoding', 'Content-Encoding': 'gzip', 'CF-Cache-Status': 'DYNAMIC', 'Report-To': '{"endpoints":[{"url":"https:\\/\\/a.nel.cloudflare.com\\/report\\/v4?s=p%2Bqewq2m6BDzc7bP2KWgljr2DpzW1yduCwyDaQiw6I7a0NdWOjI7AKWAvt2urS75jyRtdP65L1IuwEm2JeNyepYNkHffC2YtzEsTR66LapzXUw2OZI%2BTMB7%2F2loaF4Ic"}],"group":"cf-nel","max_age":604800}', 'NEL': '{"success_fraction":0,"report_to":"cf-nel","max_age":604800}', 'Server': 'cloudflare', 'CF-RAY': '893e0485d9698723-ORD', 'alt-svc': 'h3=":443"; ma=86400'} 
 body={"results":[{"gender":"male","name":{"title":"Mr","first":"Evan","last":"Mcdonalid"},"location":{"street":{"number":7093,"name":"Fairview St"},"city":"Atlanta","state":"Montana","country":"United States","postcode":36551,"coordinates":{"latitude":"82.5485","longitude":"-9.6704"},"timezone":{"offset":"+9:30","description":"Adelaide, Darwin"}},"email":"evan.mcdonalid@example.com","login":{"uuid":"59eb4084-afe9-47a3-9432-e96b180cacc1","username":"bluedog923","password":"david","salt":"O94MEOmM","md5":"f55e28abdafdc9f69019293e58fa316a","sha1":"27b21aa3c2b24b53e1fe9394a146aa40351af179","sha256":"f14cb47f920a47c2548ca42ca9e604c6451d88e875543997f720451b732b87a0"},"dob":{"date":"1977-11-04T16:52:10.869Z","age":46},"registered":{"date":"2010-11-20T13:05:22.083Z","age":13},"phone":"(250) 867-7087","cell":"(568) 432-8892","id":{"name":"SSN","value":"534-83-2256"},"picture":{"large":"https://randomuser.me/api/portraits/men/72.jpg","medium":"https://randomuser.me/api/portraits/med/men/72.jpg","thumbnail":"https://randomuser.me/api/portraits/thumb/men/72.jpg"},"nat":"US"}],"info":{"seed":"7041ed8ad51f5440","results":1,"page":1,"version":"1.4"}} 
 </msg>
<msg time="2024-06-14T23:14:37.151933" level="INFO">/opt/hostedtoolcache/Python/3.12.3/x64/lib/python3.12/site-packages/urllib3/connectionpool.py:1103: InsecureRequestWarning: Unverified HTTPS request is being made to host 'randomuser.me'. Adding certificate verification is strongly advised. See: https://urllib3.readthedocs.io/en/latest/advanced-usage.html#tls-warnings
  warnings.warn(</msg>
<msg time="2024-06-14T23:14:37.152066" level="INFO">${response} = &lt;Response [200]&gt;</msg>
<var>${response}</var>
<arg>consultarAPI</arg>
<arg>/api</arg>
<doc>Sends a GET request on a previously created HTTP Session.</doc>
<status status="PASS" start="2024-06-14T23:14:37.098027" elapsed="0.054080"/>
</kw>
<kw name="Set Variable" owner="BuiltIn">
<msg time="2024-06-14T23:14:37.153251" level="INFO">${json_data} = {'results': [{'gender': 'male', 'name': {'title': 'Mr', 'first': 'Evan', 'last': 'Mcdonalid'}, 'location': {'street': {'number': 7093, 'name': 'Fairview St'}, 'city': 'Atlanta', 'state': 'Montana', 'c...</msg>
<var>${json_data}</var>
<arg>${response.json()}</arg>
<doc>Returns the given values which can then be assigned to a variables.</doc>
<status status="PASS" start="2024-06-14T23:14:37.152679" elapsed="0.000602"/>
</kw>
<kw name="Log" owner="BuiltIn">
<msg time="2024-06-14T23:14:37.153755" level="INFO">{'results': [{'gender': 'male', 'name': {'title': 'Mr', 'first': 'Evan', 'last': 'Mcdonalid'}, 'location': {'street': {'number': 7093, 'name': 'Fairview St'}, 'city': 'Atlanta', 'state': 'Montana', 'country': 'United States', 'postcode': 36551, 'coordinates': {'latitude': '82.5485', 'longitude': '-9.6704'}, 'timezone': {'offset': '+9:30', 'description': 'Adelaide, Darwin'}}, 'email': 'evan.mcdonalid@example.com', 'login': {'uuid': '59eb4084-afe9-47a3-9432-e96b180cacc1', 'username': 'bluedog923', 'password': 'david', 'salt': 'O94MEOmM', 'md5': 'f55e28abdafdc9f69019293e58fa316a', 'sha1': '27b21aa3c2b24b53e1fe9394a146aa40351af179', 'sha256': 'f14cb47f920a47c2548ca42ca9e604c6451d88e875543997f720451b732b87a0'}, 'dob': {'date': '1977-11-04T16:52:10.869Z', 'age': 46}, 'registered': {'date': '2010-11-20T13:05:22.083Z', 'age': 13}, 'phone': '(250) 867-7087', 'cell': '(568) 432-8892', 'id': {'name': 'SSN', 'value': '534-83-2256'}, 'picture': {'large': 'https://randomuser.me/api/portraits/men/72.jpg', 'medium': 'https://randomuser.me/api/portraits/med/men/72.jpg', 'thumbnail': 'https://randomuser.me/api/portraits/thumb/men/72.jpg'}, 'nat': 'US'}], 'info': {'seed': '7041ed8ad51f5440', 'results': 1, 'page': 1, 'version': '1.4'}}</msg>
<arg>${json_data}</arg>
<doc>Logs the given message with the given level.</doc>
<status status="PASS" start="2024-06-14T23:14:37.153596" elapsed="0.000207"/>
</kw>
<kw name="Dictionary Should Contain Key" owner="Collections">
<arg>${json_data}</arg>
<arg>results</arg>
<doc>Fails if ``key`` is not found from ``dictionary``.</doc>
<status status="PASS" start="2024-06-14T23:14:37.154139" elapsed="0.000162"/>
</kw>
<kw name="Should Not Be Empty" owner="BuiltIn">
<msg time="2024-06-14T23:14:37.154613" level="INFO">Length is 2.</msg>
<arg>${json_data}</arg>
<doc>Verifies that the given item is not empty.</doc>
<status status="PASS" start="2024-06-14T23:14:37.154489" elapsed="0.000162"/>
</kw>
<kw name="Create List" owner="BuiltIn">
<msg time="2024-06-14T23:14:37.155096" level="INFO">${expected_keys} = ['gender', 'name', 'location', 'email', 'login']</msg>
<var>${expected_keys}</var>
<arg>gender</arg>
<arg>name</arg>
<arg>location</arg>
<arg>email</arg>
<arg>login</arg>
<doc>Returns a list containing given items.</doc>
<status status="PASS" start="2024-06-14T23:14:37.154942" elapsed="0.000179"/>
</kw>
<for flavor="IN">
<iter>
<kw name="Dictionary Should Contain Key" owner="Collections">
<arg>${json_data['results'][0]}</arg>
<arg>${key}</arg>
<doc>Fails if ``key`` is not found from ``dictionary``.</doc>
<status status="PASS" start="2024-06-14T23:14:37.155705" elapsed="0.000404"/>
</kw>
<kw name="Log" owner="BuiltIn">
<msg time="2024-06-14T23:14:37.156663" level="INFO">{'gender': 'male', 'name': {'title': 'Mr', 'first': 'Evan', 'last': 'Mcdonalid'}, 'location': {'street': {'number': 7093, 'name': 'Fairview St'}, 'city': 'Atlanta', 'state': 'Montana', 'country': 'United States', 'postcode': 36551, 'coordinates': {'latitude': '82.5485', 'longitude': '-9.6704'}, 'timezone': {'offset': '+9:30', 'description': 'Adelaide, Darwin'}}, 'email': 'evan.mcdonalid@example.com', 'login': {'uuid': '59eb4084-afe9-47a3-9432-e96b180cacc1', 'username': 'bluedog923', 'password': 'david', 'salt': 'O94MEOmM', 'md5': 'f55e28abdafdc9f69019293e58fa316a', 'sha1': '27b21aa3c2b24b53e1fe9394a146aa40351af179', 'sha256': 'f14cb47f920a47c2548ca42ca9e604c6451d88e875543997f720451b732b87a0'}, 'dob': {'date': '1977-11-04T16:52:10.869Z', 'age': 46}, 'registered': {'date': '2010-11-20T13:05:22.083Z', 'age': 13}, 'phone': '(250) 867-7087', 'cell': '(568) 432-8892', 'id': {'name': 'SSN', 'value': '534-83-2256'}, 'picture': {'large': 'https://randomuser.me/api/portraits/men/72.jpg', 'medium': 'https://randomuser.me/api/portraits/med/men/72.jpg', 'thumbnail': 'https://randomuser.me/api/portraits/thumb/men/72.jpg'}, 'nat': 'US'}</msg>
<arg>${json_data['results'][0]}</arg>
<doc>Logs the given message with the given level.</doc>
<status status="PASS" start="2024-06-14T23:14:37.156304" elapsed="0.000408"/>
</kw>
<kw name="Log" owner="BuiltIn">
<msg time="2024-06-14T23:14:37.157138" level="INFO">gender</msg>
<arg>${key}</arg>
<doc>Logs the given message with the given level.</doc>
<status status="PASS" start="2024-06-14T23:14:37.157008" elapsed="0.000168"/>
</kw>
<var name="${key}">gender</var>
<status status="PASS" start="2024-06-14T23:14:37.155582" elapsed="0.001817"/>
</iter>
<iter>
<kw name="Dictionary Should Contain Key" owner="Collections">
<arg>${json_data['results'][0]}</arg>
<arg>${key}</arg>
<doc>Fails if ``key`` is not found from ``dictionary``.</doc>
<status status="PASS" start="2024-06-14T23:14:37.157700" elapsed="0.000455"/>
</kw>
<kw name="Log" owner="BuiltIn">
<msg time="2024-06-14T23:14:37.158687" level="INFO">{'gender': 'male', 'name': {'title': 'Mr', 'first': 'Evan', 'last': 'Mcdonalid'}, 'location': {'street': {'number': 7093, 'name': 'Fairview St'}, 'city': 'Atlanta', 'state': 'Montana', 'country': 'United States', 'postcode': 36551, 'coordinates': {'latitude': '82.5485', 'longitude': '-9.6704'}, 'timezone': {'offset': '+9:30', 'description': 'Adelaide, Darwin'}}, 'email': 'evan.mcdonalid@example.com', 'login': {'uuid': '59eb4084-afe9-47a3-9432-e96b180cacc1', 'username': 'bluedog923', 'password': 'david', 'salt': 'O94MEOmM', 'md5': 'f55e28abdafdc9f69019293e58fa316a', 'sha1': '27b21aa3c2b24b53e1fe9394a146aa40351af179', 'sha256': 'f14cb47f920a47c2548ca42ca9e604c6451d88e875543997f720451b732b87a0'}, 'dob': {'date': '1977-11-04T16:52:10.869Z', 'age': 46}, 'registered': {'date': '2010-11-20T13:05:22.083Z', 'age': 13}, 'phone': '(250) 867-7087', 'cell': '(568) 432-8892', 'id': {'name': 'SSN', 'value': '534-83-2256'}, 'picture': {'large': 'https://randomuser.me/api/portraits/men/72.jpg', 'medium': 'https://randomuser.me/api/portraits/med/men/72.jpg', 'thumbnail': 'https://randomuser.me/api/portraits/thumb/men/72.jpg'}, 'nat': 'US'}</msg>
<arg>${json_data['results'][0]}</arg>
<doc>Logs the given message with the given level.</doc>
<status status="PASS" start="2024-06-14T23:14:37.158341" elapsed="0.000425"/>
</kw>
<kw name="Log" owner="BuiltIn">
<msg time="2024-06-14T23:14:37.159202" level="INFO">name</msg>
<arg>${key}</arg>
<doc>Logs the given message with the given level.</doc>
<status status="PASS" start="2024-06-14T23:14:37.159066" elapsed="0.000176"/>
</kw>
<var name="${key}">name</var>
<status status="PASS" start="2024-06-14T23:14:37.157587" elapsed="0.001876"/>
</iter>
<iter>
<kw name="Dictionary Should Contain Key" owner="Collections">
<arg>${json_data['results'][0]}</arg>
<arg>${key}</arg>
<doc>Fails if ``key`` is not found from ``dictionary``.</doc>
<status status="PASS" start="2024-06-14T23:14:37.159750" elapsed="0.000375"/>
</kw>
<kw name="Log" owner="BuiltIn">
<msg time="2024-06-14T23:14:37.160671" level="INFO">{'gender': 'male', 'name': {'title': 'Mr', 'first': 'Evan', 'last': 'Mcdonalid'}, 'location': {'street': {'number': 7093, 'name': 'Fairview St'}, 'city': 'Atlanta', 'state': 'Montana', 'country': 'United States', 'postcode': 36551, 'coordinates': {'latitude': '82.5485', 'longitude': '-9.6704'}, 'timezone': {'offset': '+9:30', 'description': 'Adelaide, Darwin'}}, 'email': 'evan.mcdonalid@example.com', 'login': {'uuid': '59eb4084-afe9-47a3-9432-e96b180cacc1', 'username': 'bluedog923', 'password': 'david', 'salt': 'O94MEOmM', 'md5': 'f55e28abdafdc9f69019293e58fa316a', 'sha1': '27b21aa3c2b24b53e1fe9394a146aa40351af179', 'sha256': 'f14cb47f920a47c2548ca42ca9e604c6451d88e875543997f720451b732b87a0'}, 'dob': {'date': '1977-11-04T16:52:10.869Z', 'age': 46}, 'registered': {'date': '2010-11-20T13:05:22.083Z', 'age': 13}, 'phone': '(250) 867-7087', 'cell': '(568) 432-8892', 'id': {'name': 'SSN', 'value': '534-83-2256'}, 'picture': {'large': 'https://randomuser.me/api/portraits/men/72.jpg', 'medium': 'https://randomuser.me/api/portraits/med/men/72.jpg', 'thumbnail': 'https://randomuser.me/api/portraits/thumb/men/72.jpg'}, 'nat': 'US'}</msg>
<arg>${json_data['results'][0]}</arg>
<doc>Logs the given message with the given level.</doc>
<status status="PASS" start="2024-06-14T23:14:37.160315" elapsed="0.000403"/>
</kw>
<kw name="Log" owner="BuiltIn">
<msg time="2024-06-14T23:14:37.161147" level="INFO">location</msg>
<arg>${key}</arg>
<doc>Logs the given message with the given level.</doc>
<status status="PASS" start="2024-06-14T23:14:37.161022" elapsed="0.000162"/>
</kw>
<var name="${key}">location</var>
<status status="PASS" start="2024-06-14T23:14:37.159641" elapsed="0.001764"/>
</iter>
<iter>
<kw name="Dictionary Should Contain Key" owner="Collections">
<arg>${json_data['results'][0]}</arg>
<arg>${key}</arg>
<doc>Fails if ``key`` is not found from ``dictionary``.</doc>
<status status="PASS" start="2024-06-14T23:14:37.161685" elapsed="0.000411"/>
</kw>
<kw name="Log" owner="BuiltIn">
<msg time="2024-06-14T23:14:37.162635" level="INFO">{'gender': 'male', 'name': {'title': 'Mr', 'first': 'Evan', 'last': 'Mcdonalid'}, 'location': {'street': {'number': 7093, 'name': 'Fairview St'}, 'city': 'Atlanta', 'state': 'Montana', 'country': 'United States', 'postcode': 36551, 'coordinates': {'latitude': '82.5485', 'longitude': '-9.6704'}, 'timezone': {'offset': '+9:30', 'description': 'Adelaide, Darwin'}}, 'email': 'evan.mcdonalid@example.com', 'login': {'uuid': '59eb4084-afe9-47a3-9432-e96b180cacc1', 'username': 'bluedog923', 'password': 'david', 'salt': 'O94MEOmM', 'md5': 'f55e28abdafdc9f69019293e58fa316a', 'sha1': '27b21aa3c2b24b53e1fe9394a146aa40351af179', 'sha256': 'f14cb47f920a47c2548ca42ca9e604c6451d88e875543997f720451b732b87a0'}, 'dob': {'date': '1977-11-04T16:52:10.869Z', 'age': 46}, 'registered': {'date': '2010-11-20T13:05:22.083Z', 'age': 13}, 'phone': '(250) 867-7087', 'cell': '(568) 432-8892', 'id': {'name': 'SSN', 'value': '534-83-2256'}, 'picture': {'large': 'https://randomuser.me/api/portraits/men/72.jpg', 'medium': 'https://randomuser.me/api/portraits/med/men/72.jpg', 'thumbnail': 'https://randomuser.me/api/portraits/thumb/men/72.jpg'}, 'nat': 'US'}</msg>
<arg>${json_data['results'][0]}</arg>
<doc>Logs the given message with the given level.</doc>
<status status="PASS" start="2024-06-14T23:14:37.162280" elapsed="0.000403"/>
</kw>
<kw name="Log" owner="BuiltIn">
<msg time="2024-06-14T23:14:37.163106" level="INFO">email</msg>
<arg>${key}</arg>
<doc>Logs the given message with the given level.</doc>
<status status="PASS" start="2024-06-14T23:14:37.162979" elapsed="0.000166"/>
</kw>
<var name="${key}">email</var>
<status status="PASS" start="2024-06-14T23:14:37.161577" elapsed="0.001788"/>
</iter>
<iter>
<kw name="Dictionary Should Contain Key" owner="Collections">
<arg>${json_data['results'][0]}</arg>
<arg>${key}</arg>
<doc>Fails if ``key`` is not found from ``dictionary``.</doc>
<status status="PASS" start="2024-06-14T23:14:37.163645" elapsed="0.000383"/>
</kw>
<kw name="Log" owner="BuiltIn">
<msg time="2024-06-14T23:14:37.164563" level="INFO">{'gender': 'male', 'name': {'title': 'Mr', 'first': 'Evan', 'last': 'Mcdonalid'}, 'location': {'street': {'number': 7093, 'name': 'Fairview St'}, 'city': 'Atlanta', 'state': 'Montana', 'country': 'United States', 'postcode': 36551, 'coordinates': {'latitude': '82.5485', 'longitude': '-9.6704'}, 'timezone': {'offset': '+9:30', 'description': 'Adelaide, Darwin'}}, 'email': 'evan.mcdonalid@example.com', 'login': {'uuid': '59eb4084-afe9-47a3-9432-e96b180cacc1', 'username': 'bluedog923', 'password': 'david', 'salt': 'O94MEOmM', 'md5': 'f55e28abdafdc9f69019293e58fa316a', 'sha1': '27b21aa3c2b24b53e1fe9394a146aa40351af179', 'sha256': 'f14cb47f920a47c2548ca42ca9e604c6451d88e875543997f720451b732b87a0'}, 'dob': {'date': '1977-11-04T16:52:10.869Z', 'age': 46}, 'registered': {'date': '2010-11-20T13:05:22.083Z', 'age': 13}, 'phone': '(250) 867-7087', 'cell': '(568) 432-8892', 'id': {'name': 'SSN', 'value': '534-83-2256'}, 'picture': {'large': 'https://randomuser.me/api/portraits/men/72.jpg', 'medium': 'https://randomuser.me/api/portraits/med/men/72.jpg', 'thumbnail': 'https://randomuser.me/api/portraits/thumb/men/72.jpg'}, 'nat': 'US'}</msg>
<arg>${json_data['results'][0]}</arg>
<doc>Logs the given message with the given level.</doc>
<status status="PASS" start="2024-06-14T23:14:37.164218" elapsed="0.000392"/>
</kw>
<kw name="Log" owner="BuiltIn">
<msg time="2024-06-14T23:14:37.165139" level="INFO">login</msg>
<arg>${key}</arg>
<doc>Logs the given message with the given level.</doc>
<status status="PASS" start="2024-06-14T23:14:37.164898" elapsed="0.000280"/>
</kw>
<var name="${key}">login</var>
<status status="PASS" start="2024-06-14T23:14:37.163536" elapsed="0.001866"/>
</iter>
<var>${key}</var>
<value>@{expected_keys}</value>
<status status="PASS" start="2024-06-14T23:14:37.155382" elapsed="0.010144"/>
</for>
<kw name="Create List" owner="BuiltIn">
<msg time="2024-06-14T23:14:37.165880" level="INFO">${expected_keysTwo} = ['username', 'password']</msg>
<var>${expected_keysTwo}</var>
<arg>username</arg>
<arg>password</arg>
<doc>Returns a list containing given items.</doc>
<status status="PASS" start="2024-06-14T23:14:37.165715" elapsed="0.000193"/>
</kw>
<for flavor="IN">
<iter>
<kw name="Dictionary Should Contain Key" owner="Collections">
<arg>${json_data['results'][0]['login']}</arg>
<arg>${keyTwo}</arg>
<doc>Fails if ``key`` is not found from ``dictionary``.</doc>
<status status="PASS" start="2024-06-14T23:14:37.166441" elapsed="0.000378"/>
</kw>
<kw name="Dictionary Should Contain Key" owner="Collections">
<arg>${json_data['results'][0]['login']}</arg>
<arg>${keyTwo}</arg>
<doc>Fails if ``key`` is not found from ``dictionary``.</doc>
<status status="PASS" start="2024-06-14T23:14:37.167000" elapsed="0.000379"/>
</kw>
<kw name="Log" owner="BuiltIn">
<msg time="2024-06-14T23:14:37.167677" level="INFO">username</msg>
<arg>${keyTwo}</arg>
<doc>Logs the given message with the given level.</doc>
<status status="PASS" start="2024-06-14T23:14:37.167558" elapsed="0.000156"/>
</kw>
<var name="${keyTwo}">username</var>
<status status="PASS" start="2024-06-14T23:14:37.166334" elapsed="0.001599"/>
</iter>
<iter>
<kw name="Dictionary Should Contain Key" owner="Collections">
<arg>${json_data['results'][0]['login']}</arg>
<arg>${keyTwo}</arg>
<doc>Fails if ``key`` is not found from ``dictionary``.</doc>
<status status="PASS" start="2024-06-14T23:14:37.168214" elapsed="0.000367"/>
</kw>
<kw name="Dictionary Should Contain Key" owner="Collections">
<arg>${json_data['results'][0]['login']}</arg>
<arg>${keyTwo}</arg>
<doc>Fails if ``key`` is not found from ``dictionary``.</doc>
<status status="PASS" start="2024-06-14T23:14:37.168758" elapsed="0.000358"/>
</kw>
<kw name="Log" owner="BuiltIn">
<msg time="2024-06-14T23:14:37.169406" level="INFO">password</msg>
<arg>${keyTwo}</arg>
<doc>Logs the given message with the given level.</doc>
<status status="PASS" start="2024-06-14T23:14:37.169291" elapsed="0.000151"/>
</kw>
<var name="${keyTwo}">password</var>
<status status="PASS" start="2024-06-14T23:14:37.168107" elapsed="0.001555"/>
</iter>
<var>${keyTwo}</var>
<value>@{expected_keysTwo}</value>
<status status="PASS" start="2024-06-14T23:14:37.166177" elapsed="0.003609"/>
</for>
<status status="PASS" start="2024-06-14T23:14:37.097760" elapsed="0.072193"/>
</kw>
<doc>Testa a estrutura da resposta da API.</doc>
<tag>testeEstruturaResposta</tag>
<status status="PASS" start="2024-06-14T23:14:37.096995" elapsed="0.073122"/>
</test>
<test id="s1-s1-t4" name="Validar tipos de dados" line="28">
<kw name="Teste de Tipos de Dados" owner="random-user-service">
<kw name="GET On Session" owner="RequestsLibrary">
<msg time="2024-06-14T23:14:37.255325" level="INFO">GET Request : url=https://randomuser.me/api 
 path_url=/api 
 headers={'User-Agent': 'python-requests/2.32.3', 'Accept-Encoding': 'gzip, deflate', 'Accept': '*/*', 'Connection': 'keep-alive'} 
 body=None 
 </msg>
<msg time="2024-06-14T23:14:37.255424" level="INFO">GET Response : url=https://randomuser.me/api 
 status=200, reason=OK 
 headers={'Date': 'Fri, 14 Jun 2024 23:14:37 GMT', 'Content-Type': 'application/json; charset=utf-8', 'Transfer-Encoding': 'chunked', 'Connection': 'keep-alive', 'X-Powered-By': 'Express', 'Access-Control-Allow-Origin': '*', 'Cache-Control': 'no-cache', 'ETag': 'W/"496-uYrsGnxsSlFUqmIeR50xDmWbi0E"', 'Vary': 'Accept-Encoding', 'Content-Encoding': 'gzip', 'CF-Cache-Status': 'DYNAMIC', 'Report-To': '{"endpoints":[{"url":"https:\\/\\/a.nel.cloudflare.com\\/report\\/v4?s=qwCnq60yUo%2BS7DMBpoezjBZT%2FzuVZolno1OwU8JuBCzIrvKQ7YSgmH4TCqLG1sJCXuMkjwfFB%2F6BHpf9TTCCTvD06MSYoPqft3cvmEltUU%2B6eWl3CWaB69%2FyU3e28Q0T"}],"group":"cf-nel","max_age":604800}', 'NEL': '{"success_fraction":0,"report_to":"cf-nel","max_age":604800}', 'Server': 'cloudflare', 'CF-RAY': '893e048659e68723-ORD', 'alt-svc': 'h3=":443"; ma=86400'} 
 body={"results":[{"gender":"female","name":{"title":"Mrs","first":"Norah","last":"Øyan"},"location":{"street":{"number":3514,"name":"Verkseier Furulunds vei"},"city":"Askjem","state":"Description","country":"Norway","postcode":"3850","coordinates":{"latitude":"44.5691","longitude":"41.8455"},"timezone":{"offset":"-5:00","description":"Eastern Time (US &amp; Canada), Bogota, Lima"}},"email":"norah.oyan@example.com","login":{"uuid":"bf835e03-8a50-4472-a0bf-03e0bba7eda2","username":"whitebear298","password":"preston","salt":"NudrBiNb","md5":"ff9f02e62852eec33ef4b16562e2ec9a","sha1":"1b75a0fedabd4b7abacf144697b6e7179b620aa1","sha256":"03fe5c223ff23339cb731dc77bbfc475b005fa5c1b0ac643cae0affe5f1708c0"},"dob":{"date":"1995-08-29T06:52:53.163Z","age":28},"registered":{"date":"2002-08-31T15:22:20.319Z","age":21},"phone":"76488610","cell":"43887314","id":{"name":"FN","value":"29089502487"},"picture":{"large":"https://randomuser.me/api/portraits/women/72.jpg","medium":"https://randomuser.me/api/portraits/med/women/72.jpg","thumbnail":"https://randomuser.me/api/portraits/thumb/women/72.jpg"},"nat":"NO"}],"info":{"seed":"0b57311d6c4b9f30","results":1,"page":1,"version":"1.4"}} 
 </msg>
<msg time="2024-06-14T23:14:37.255496" level="INFO">/opt/hostedtoolcache/Python/3.12.3/x64/lib/python3.12/site-packages/urllib3/connectionpool.py:1103: InsecureRequestWarning: Unverified HTTPS request is being made to host 'randomuser.me'. Adding certificate verification is strongly advised. See: https://urllib3.readthedocs.io/en/latest/advanced-usage.html#tls-warnings
  warnings.warn(</msg>
<msg time="2024-06-14T23:14:37.255623" level="INFO">${response} = &lt;Response [200]&gt;</msg>
<var>${response}</var>
<arg>consultarAPI</arg>
<arg>/api</arg>
<doc>Sends a GET request on a previously created HTTP Session.</doc>
<status status="PASS" start="2024-06-14T23:14:37.172651" elapsed="0.083010"/>
</kw>
<kw name="Set Variable" owner="BuiltIn">
<msg time="2024-06-14T23:14:37.256824" level="INFO">${json_data} = {'results': [{'gender': 'female', 'name': {'title': 'Mrs', 'first': 'Norah', 'last': 'Øyan'}, 'location': {'street': {'number': 3514, 'name': 'Verkseier Furulunds vei'}, 'city': 'Askjem', 'state': 'De...</msg>
<var>${json_data}</var>
<arg>${response.json()}</arg>
<doc>Returns the given values which can then be assigned to a variables.</doc>
<status status="PASS" start="2024-06-14T23:14:37.256288" elapsed="0.000568"/>
</kw>
<kw name="Log" owner="BuiltIn">
<msg time="2024-06-14T23:14:37.257331" level="INFO">{'results': [{'gender': 'female', 'name': {'title': 'Mrs', 'first': 'Norah', 'last': 'Øyan'}, 'location': {'street': {'number': 3514, 'name': 'Verkseier Furulunds vei'}, 'city': 'Askjem', 'state': 'Description', 'country': 'Norway', 'postcode': '3850', 'coordinates': {'latitude': '44.5691', 'longitude': '41.8455'}, 'timezone': {'offset': '-5:00', 'description': 'Eastern Time (US &amp; Canada), Bogota, Lima'}}, 'email': 'norah.oyan@example.com', 'login': {'uuid': 'bf835e03-8a50-4472-a0bf-03e0bba7eda2', 'username': 'whitebear298', 'password': 'preston', 'salt': 'NudrBiNb', 'md5': 'ff9f02e62852eec33ef4b16562e2ec9a', 'sha1': '1b75a0fedabd4b7abacf144697b6e7179b620aa1', 'sha256': '03fe5c223ff23339cb731dc77bbfc475b005fa5c1b0ac643cae0affe5f1708c0'}, 'dob': {'date': '1995-08-29T06:52:53.163Z', 'age': 28}, 'registered': {'date': '2002-08-31T15:22:20.319Z', 'age': 21}, 'phone': '76488610', 'cell': '43887314', 'id': {'name': 'FN', 'value': '29089502487'}, 'picture': {'large': 'https://randomuser.me/api/portraits/women/72.jpg', 'medium': 'https://randomuser.me/api/portraits/med/women/72.jpg', 'thumbnail': 'https://randomuser.me/api/portraits/thumb/women/72.jpg'}, 'nat': 'NO'}], 'info': {'seed': '0b57311d6c4b9f30', 'results': 1, 'page': 1, 'version': '1.4'}}</msg>
<arg>${json_data}</arg>
<doc>Logs the given message with the given level.</doc>
<status status="PASS" start="2024-06-14T23:14:37.257173" elapsed="0.000209"/>
</kw>
<kw name="Should Be String" owner="String">
<arg>${json_data['results'][0]['gender']}</arg>
<doc>Fails if the given ``item`` is not a string.</doc>
<status status="PASS" start="2024-06-14T23:14:37.257677" elapsed="0.000413"/>
</kw>
<kw name="Should Match Regexp" owner="BuiltIn">
<arg>${json_data['results'][0]['email']}</arg>
<arg>^[a-zA-Z0-9._%+-]+@[a-zA-Z0-9.-]+\.[a-zA-Z]{2,}$</arg>
<doc>Fails if ``string`` does not match ``pattern`` as a regular expression.</doc>
<status status="PASS" start="2024-06-14T23:14:37.258283" elapsed="0.000514"/>
</kw>
<kw name="Should Match Regexp" owner="BuiltIn">
<arg>${json_data['results'][0]['dob']['date']}</arg>
<arg>\\d{4}-\\d{2}-\\d{2}T\\d{2}:\\d{2}:\\d{2}\\.\\d{3}Z</arg>
<doc>Fails if ``string`` does not match ``pattern`` as a regular expression.</doc>
<status status="PASS" start="2024-06-14T23:14:37.259031" elapsed="0.000501"/>
</kw>
<kw name="Should Match Regexp" owner="BuiltIn">
<arg>${json_data['results'][0]['registered']['date']}</arg>
<arg>\\d{4}-\\d{2}-\\d{2}T\\d{2}:\\d{2}:\\d{2}\\.\\d{3}Z</arg>
<doc>Fails if ``string`` does not match ``pattern`` as a regular expression.</doc>
<status status="PASS" start="2024-06-14T23:14:37.259722" elapsed="0.000362"/>
</kw>
<kw name="Should Match Regexp" owner="BuiltIn">
<arg>${json_data['results'][0]['picture']['large']}</arg>
<arg>^https?://.*\.(?:png|jpe?g|gif|bmp)$</arg>
<doc>Fails if ``string`` does not match ``pattern`` as a regular expression.</doc>
<status status="PASS" start="2024-06-14T23:14:37.260268" elapsed="0.000452"/>
</kw>
<kw name="Should Match Regexp" owner="BuiltIn">
<arg>${json_data['results'][0]['picture']['medium']}</arg>
<arg>^https?://.*\.(?:png|jpe?g|gif|bmp)$</arg>
<doc>Fails if ``string`` does not match ``pattern`` as a regular expression.</doc>
<status status="PASS" start="2024-06-14T23:14:37.260910" elapsed="0.000352"/>
</kw>
<kw name="Should Match Regexp" owner="BuiltIn">
<arg>${json_data['results'][0]['picture']['thumbnail']}</arg>
<arg>^https?://.*\.(?:png|jpe?g|gif|bmp)$</arg>
<doc>Fails if ``string`` does not match ``pattern`` as a regular expression.</doc>
<status status="PASS" start="2024-06-14T23:14:37.261450" elapsed="0.000343"/>
</kw>
<kw name="Log" owner="BuiltIn">
<msg time="2024-06-14T23:14:37.262364" level="INFO">{'large': 'https://randomuser.me/api/portraits/women/72.jpg', 'medium': 'https://randomuser.me/api/portraits/med/women/72.jpg', 'thumbnail': 'https://randomuser.me/api/portraits/thumb/women/72.jpg'}</msg>
<arg>${json_data['results'][0]['picture']}</arg>
<doc>Logs the given message with the given level.</doc>
<status status="PASS" start="2024-06-14T23:14:37.262033" elapsed="0.000374"/>
</kw>
<status status="PASS" start="2024-06-14T23:14:37.172423" elapsed="0.090241"/>
</kw>
<kw name="Teste de Tipos de Dados - Postcode" owner="random-user-service">
<kw name="GET On Session" owner="RequestsLibrary">
<msg time="2024-06-14T23:14:37.355667" level="INFO">GET Request : url=https://randomuser.me/api 
 path_url=/api 
 headers={'User-Agent': 'python-requests/2.32.3', 'Accept-Encoding': 'gzip, deflate', 'Accept': '*/*', 'Connection': 'keep-alive'} 
 body=None 
 </msg>
<msg time="2024-06-14T23:14:37.355779" level="INFO">GET Response : url=https://randomuser.me/api 
 status=200, reason=OK 
 headers={'Date': 'Fri, 14 Jun 2024 23:14:37 GMT', 'Content-Type': 'application/json; charset=utf-8', 'Transfer-Encoding': 'chunked', 'Connection': 'keep-alive', 'X-Powered-By': 'Express', 'Access-Control-Allow-Origin': '*', 'Cache-Control': 'no-cache', 'ETag': 'W/"48d-Gr/fkrH87MVNDnqerR3CK2bVJuM"', 'Vary': 'Accept-Encoding', 'Content-Encoding': 'gzip', 'CF-Cache-Status': 'DYNAMIC', 'Report-To': '{"endpoints":[{"url":"https:\\/\\/a.nel.cloudflare.com\\/report\\/v4?s=B4ukTmQNVDDAxGqqTsPH9kFx%2BMC6vLCtbHdtxZeJezQ4GgaVJVc9qskGhTdhjg0Cdu3vP4cw6YeGeGGF28oSkd2UjpJQn7QLqooEGmF3nBgyHRp%2BB%2B0J16OB8Po5iOoL"}],"group":"cf-nel","max_age":604800}', 'NEL': '{"success_fraction":0,"report_to":"cf-nel","max_age":604800}', 'Server': 'cloudflare', 'CF-RAY': '893e0486ea778723-ORD', 'alt-svc': 'h3=":443"; ma=86400'} 
 body={"results":[{"gender":"male","name":{"title":"Mr","first":"Ilan","last":"Fournier"},"location":{"street":{"number":1002,"name":"Esplanade du 9 Novembre 1989"},"city":"Poitiers","state":"Manche","country":"France","postcode":91819,"coordinates":{"latitude":"-16.8444","longitude":"-43.8701"},"timezone":{"offset":"-3:30","description":"Newfoundland"}},"email":"ilan.fournier@example.com","login":{"uuid":"55512bae-621c-477f-859e-78ff0c40b55a","username":"organicwolf528","password":"facial","salt":"AifXBD7U","md5":"bff46f6cc39d8acb8d32de3a08372f58","sha1":"89abec1e3209810c72ff318dd436820ea2c4f237","sha256":"07fdfb14aadd65154cf584ccdf64ed1146e46740e13f51e9dc81b8b9b8e039fd"},"dob":{"date":"1975-04-15T08:07:53.458Z","age":49},"registered":{"date":"2021-12-07T15:34:28.626Z","age":2},"phone":"01-72-07-33-69","cell":"06-72-86-56-66","id":{"name":"INSEE","value":"1750366725560 70"},"picture":{"large":"https://randomuser.me/api/portraits/men/98.jpg","medium":"https://randomuser.me/api/portraits/med/men/98.jpg","thumbnail":"https://randomuser.me/api/portraits/thumb/men/98.jpg"},"nat":"FR"}],"info":{"seed":"6da0d188852e05c2","results":1,"page":1,"version":"1.4"}} 
 </msg>
<msg time="2024-06-14T23:14:37.355880" level="INFO">/opt/hostedtoolcache/Python/3.12.3/x64/lib/python3.12/site-packages/urllib3/connectionpool.py:1103: InsecureRequestWarning: Unverified HTTPS request is being made to host 'randomuser.me'. Adding certificate verification is strongly advised. See: https://urllib3.readthedocs.io/en/latest/advanced-usage.html#tls-warnings
  warnings.warn(</msg>
<msg time="2024-06-14T23:14:37.356028" level="INFO">${response} = &lt;Response [200]&gt;</msg>
<var>${response}</var>
<arg>consultarAPI</arg>
<arg>/api</arg>
<doc>Sends a GET request on a previously created HTTP Session.</doc>
<status status="PASS" start="2024-06-14T23:14:37.263131" elapsed="0.092974"/>
</kw>
<kw name="Set Variable" owner="BuiltIn">
<msg time="2024-06-14T23:14:37.357286" level="INFO">${json_data} = {'results': [{'gender': 'male', 'name': {'title': 'Mr', 'first': 'Ilan', 'last': 'Fournier'}, 'location': {'street': {'number': 1002, 'name': 'Esplanade du 9 Novembre 1989'}, 'city': 'Poitiers', 'stat...</msg>
<var>${json_data}</var>
<arg>${response.json()}</arg>
<doc>Returns the given values which can then be assigned to a variables.</doc>
<status status="PASS" start="2024-06-14T23:14:37.356756" elapsed="0.000562"/>
</kw>
<kw name="Log" owner="BuiltIn">
<msg time="2024-06-14T23:14:37.357785" level="INFO">{'results': [{'gender': 'male', 'name': {'title': 'Mr', 'first': 'Ilan', 'last': 'Fournier'}, 'location': {'street': {'number': 1002, 'name': 'Esplanade du 9 Novembre 1989'}, 'city': 'Poitiers', 'state': 'Manche', 'country': 'France', 'postcode': 91819, 'coordinates': {'latitude': '-16.8444', 'longitude': '-43.8701'}, 'timezone': {'offset': '-3:30', 'description': 'Newfoundland'}}, 'email': 'ilan.fournier@example.com', 'login': {'uuid': '55512bae-621c-477f-859e-78ff0c40b55a', 'username': 'organicwolf528', 'password': 'facial', 'salt': 'AifXBD7U', 'md5': 'bff46f6cc39d8acb8d32de3a08372f58', 'sha1': '89abec1e3209810c72ff318dd436820ea2c4f237', 'sha256': '07fdfb14aadd65154cf584ccdf64ed1146e46740e13f51e9dc81b8b9b8e039fd'}, 'dob': {'date': '1975-04-15T08:07:53.458Z', 'age': 49}, 'registered': {'date': '2021-12-07T15:34:28.626Z', 'age': 2}, 'phone': '01-72-07-33-69', 'cell': '06-72-86-56-66', 'id': {'name': 'INSEE', 'value': '1750366725560 70'}, 'picture': {'large': 'https://randomuser.me/api/portraits/men/98.jpg', 'medium': 'https://randomuser.me/api/portraits/med/men/98.jpg', 'thumbnail': 'https://randomuser.me/api/portraits/thumb/men/98.jpg'}, 'nat': 'FR'}], 'info': {'seed': '6da0d188852e05c2', 'results': 1, 'page': 1, 'version': '1.4'}}</msg>
<arg>${json_data}</arg>
<doc>Logs the given message with the given level.</doc>
<status status="PASS" start="2024-06-14T23:14:37.357627" elapsed="0.000236"/>
</kw>
<kw name="Should Be Equal As Numbers" owner="BuiltIn">
<arg>${json_data['results'][0]['location']['postcode']}</arg>
<arg>${json_data['results'][0]['location']['postcode']}</arg>
<doc>Fails if objects are unequal after converting them to real numbers.</doc>
<status status="PASS" start="2024-06-14T23:14:37.358171" elapsed="0.000627"/>
</kw>
<kw name="Log" owner="BuiltIn">
<msg time="2024-06-14T23:14:37.359320" level="INFO">91819</msg>
<arg>${json_data['results'][0]['location']['postcode']}</arg>
<doc>Logs the given message with the given level.</doc>
<status status="PASS" start="2024-06-14T23:14:37.358991" elapsed="0.000369"/>
</kw>
<status status="PASS" start="2024-06-14T23:14:37.262892" elapsed="0.096750"/>
</kw>
<doc>Testa se os tipos de dados na resposta da API estão corretos.</doc>
<tag>testeTiposDados</tag>
<status status="PASS" start="2024-06-14T23:14:37.171889" elapsed="0.187928"/>
</test>
<test id="s1-s1-t5" name="Validar conteudo" line="35">
<kw name="Teste de Tipos de Conteudo" owner="random-user-service">
<kw name="GET On Session" owner="RequestsLibrary">
<msg time="2024-06-14T23:14:37.467215" level="INFO">GET Request : url=https://randomuser.me/api 
 path_url=/api 
 headers={'User-Agent': 'python-requests/2.32.3', 'Accept-Encoding': 'gzip, deflate', 'Accept': '*/*', 'Connection': 'keep-alive'} 
 body=None 
 </msg>
<msg time="2024-06-14T23:14:37.467329" level="INFO">GET Response : url=https://randomuser.me/api 
 status=200, reason=OK 
 headers={'Date': 'Fri, 14 Jun 2024 23:14:37 GMT', 'Content-Type': 'application/json; charset=utf-8', 'Transfer-Encoding': 'chunked', 'Connection': 'keep-alive', 'X-Powered-By': 'Express', 'Access-Control-Allow-Origin': '*', 'Cache-Control': 'no-cache', 'ETag': 'W/"491-nH06IQt4JXgo6EhHxM7hfqL2Q8o"', 'Vary': 'Accept-Encoding', 'Content-Encoding': 'gzip', 'CF-Cache-Status': 'DYNAMIC', 'Report-To': '{"endpoints":[{"url":"https:\\/\\/a.nel.cloudflare.com\\/report\\/v4?s=diu%2BK5yk0y1Q8Mz16Iy2uyajU5N1M6xEZGc6%2B67wvJfGKwWS4Cob%2Bucy%2FvuJEOiYD%2Beb2grXBBTKl1ULvu3Pr5KaMnrux5nVC9Vs1oenT590PyAHZlRYkwL78smuZCQj"}],"group":"cf-nel","max_age":604800}', 'NEL': '{"success_fraction":0,"report_to":"cf-nel","max_age":604800}', 'Server': 'cloudflare', 'CF-RAY': '893e04878b2c8723-ORD', 'alt-svc': 'h3=":443"; ma=86400'} 
 body={"results":[{"gender":"female","name":{"title":"Mrs","first":"Kawita","last":"Tilman"},"location":{"street":{"number":2126,"name":"Hoge Traan"},"city":"Darp","state":"Zeeland","country":"Netherlands","postcode":"2876 MD","coordinates":{"latitude":"34.2521","longitude":"70.4701"},"timezone":{"offset":"-3:00","description":"Brazil, Buenos Aires, Georgetown"}},"email":"kawita.tilman@example.com","login":{"uuid":"7b653b2d-1cfa-42b4-8ebe-70ad784d4689","username":"whitekoala120","password":"pinkfloy","salt":"X8PiRrp3","md5":"08812573aee841c4ae4f865f9ab0cc7f","sha1":"498bf6beff6cbb0686e83c74a5c9e85a631a08d7","sha256":"f674158a6f5f41d878060acad26d519aadf1ad050d18ebaa5596f88c09cf1fa0"},"dob":{"date":"1982-06-04T16:24:18.054Z","age":42},"registered":{"date":"2019-07-06T15:02:00.784Z","age":4},"phone":"(0377) 862346","cell":"(06) 99996080","id":{"name":"BSN","value":"08091442"},"picture":{"large":"https://randomuser.me/api/portraits/women/46.jpg","medium":"https://randomuser.me/api/portraits/med/women/46.jpg","thumbnail":"https://randomuser.me/api/portraits/thumb/women/46.jpg"},"nat":"NL"}],"info":{"seed":"42a068163c4fb2ab","results":1,"page":1,"version":"1.4"}} 
 </msg>
<msg time="2024-06-14T23:14:37.467410" level="INFO">/opt/hostedtoolcache/Python/3.12.3/x64/lib/python3.12/site-packages/urllib3/connectionpool.py:1103: InsecureRequestWarning: Unverified HTTPS request is being made to host 'randomuser.me'. Adding certificate verification is strongly advised. See: https://urllib3.readthedocs.io/en/latest/advanced-usage.html#tls-warnings
  warnings.warn(</msg>
<msg time="2024-06-14T23:14:37.467537" level="INFO">${response} = &lt;Response [200]&gt;</msg>
<var>${response}</var>
<arg>consultarAPI</arg>
<arg>/api</arg>
<doc>Sends a GET request on a previously created HTTP Session.</doc>
<status status="PASS" start="2024-06-14T23:14:37.362656" elapsed="0.104908"/>
</kw>
<kw name="Set Variable" owner="BuiltIn">
<msg time="2024-06-14T23:14:37.468611" level="INFO">${json_data} = {'results': [{'gender': 'female', 'name': {'title': 'Mrs', 'first': 'Kawita', 'last': 'Tilman'}, 'location': {'street': {'number': 2126, 'name': 'Hoge Traan'}, 'city': 'Darp', 'state': 'Zeeland', 'cou...</msg>
<var>${json_data}</var>
<arg>${response.json()}</arg>
<doc>Returns the given values which can then be assigned to a variables.</doc>
<status status="PASS" start="2024-06-14T23:14:37.468092" elapsed="0.000548"/>
</kw>
<kw name="Set Variable" owner="BuiltIn">
<msg time="2024-06-14T23:14:37.469323" level="INFO">${name_title} = Mrs</msg>
<var>${name_title}</var>
<arg>${json_data["results"][0]["name"]["title"]}</arg>
<doc>Returns the given values which can then be assigned to a variables.</doc>
<status status="PASS" start="2024-06-14T23:14:37.468941" elapsed="0.000407"/>
</kw>
<kw name="Create List" owner="BuiltIn">
<msg time="2024-06-14T23:14:37.469803" level="INFO">${allowed_titles} = ['Mr', 'Ms', 'Miss', 'Mrs', 'Madame', 'Monsieur']</msg>
<var>${allowed_titles}</var>
<arg>Mr</arg>
<arg>Ms</arg>
<arg>Miss</arg>
<arg>Mrs</arg>
<arg>Madame</arg>
<arg>Monsieur</arg>
<doc>Returns a list containing given items.</doc>
<status status="PASS" start="2024-06-14T23:14:37.469652" elapsed="0.000176"/>
</kw>
<kw name="List Should Contain Value" owner="Collections">
<arg>${allowed_titles}</arg>
<arg>${name_title}</arg>
<doc>Fails if the ``value`` is not found from ``list``.</doc>
<status status="PASS" start="2024-06-14T23:14:37.470171" elapsed="0.000180"/>
</kw>
<kw name="Set Variable" owner="BuiltIn">
<msg time="2024-06-14T23:14:37.470899" level="INFO">${name_country} = NL</msg>
<var>${name_country}</var>
<arg>${json_data["results"][0]["nat"]}</arg>
<doc>Returns the given values which can then be assigned to a variables.</doc>
<status status="PASS" start="2024-06-14T23:14:37.470529" elapsed="0.000396"/>
</kw>
<kw name="Create List" owner="BuiltIn">
<msg time="2024-06-14T23:14:37.471812" level="INFO">${list_country} = ['AD', 'AE', 'AF', 'AG', 'AI', 'AL', 'AM', 'AO', 'AQ', 'AR', 'AS', 'AT', 'AU', 'AW', 'AX', 'AZ', 'BA', 'BB', 'BD', 'BE', 'BF', 'BG', 'BH', 'BI', 'BJ', 'BL', 'BM', 'BN', 'BO', 'BQ', 'BR', 'BS', 'BT', '...</msg>
<var>${list_country}</var>
<arg>AD</arg>
<arg>AE</arg>
<arg>AF</arg>
<arg>AG</arg>
<arg>AI</arg>
<arg>AL</arg>
<arg>AM</arg>
<arg>AO</arg>
<arg>AQ</arg>
<arg>AR</arg>
<arg>AS</arg>
<arg>AT</arg>
<arg>AU</arg>
<arg>AW</arg>
<arg>AX</arg>
<arg>AZ</arg>
<arg>BA</arg>
<arg>BB</arg>
<arg>BD</arg>
<arg>BE</arg>
<arg>BF</arg>
<arg>BG</arg>
<arg>BH</arg>
<arg>BI</arg>
<arg>BJ</arg>
<arg>BL</arg>
<arg>BM</arg>
<arg>BN</arg>
<arg>BO</arg>
<arg>BQ</arg>
<arg>BR</arg>
<arg>BS</arg>
<arg>BT</arg>
<arg>BV</arg>
<arg>BW</arg>
<arg>BY</arg>
<arg>BZ</arg>
<arg>CA</arg>
<arg>CC</arg>
<arg>CD</arg>
<arg>CF</arg>
<arg>CG</arg>
<arg>CH</arg>
<arg>CI</arg>
<arg>CK</arg>
<arg>CL</arg>
<arg>CM</arg>
<arg>CN</arg>
<arg>CO</arg>
<arg>CR</arg>
<arg>CU</arg>
<arg>CV</arg>
<arg>CW</arg>
<arg>CX</arg>
<arg>CY</arg>
<arg>CZ</arg>
<arg>DE</arg>
<arg>DJ</arg>
<arg>DK</arg>
<arg>DM</arg>
<arg>DO</arg>
<arg>DZ</arg>
<arg>EC</arg>
<arg>EE</arg>
<arg>EG</arg>
<arg>EH</arg>
<arg>ER</arg>
<arg>ES</arg>
<arg>ET</arg>
<arg>FI</arg>
<arg>FJ</arg>
<arg>FK</arg>
<arg>FM</arg>
<arg>FO</arg>
<arg>FR</arg>
<arg>GA</arg>
<arg>GB</arg>
<arg>GD</arg>
<arg>GE</arg>
<arg>GF</arg>
<arg>GG</arg>
<arg>GH</arg>
<arg>GI</arg>
<arg>GL</arg>
<arg>GM</arg>
<arg>GN</arg>
<arg>GP</arg>
<arg>GQ</arg>
<arg>GR</arg>
<arg>GS</arg>
<arg>GT</arg>
<arg>GU</arg>
<arg>GW</arg>
<arg>GY</arg>
<arg>HK</arg>
<arg>HM</arg>
<arg>HN</arg>
<arg>HR</arg>
<arg>HT</arg>
<arg>HU</arg>
<arg>ID</arg>
<arg>IE</arg>
<arg>IL</arg>
<arg>IM</arg>
<arg>IN</arg>
<arg>IO</arg>
<arg>IQ</arg>
<arg>IR</arg>
<arg>IS</arg>
<arg>IT</arg>
<arg>JE</arg>
<arg>JM</arg>
<arg>JO</arg>
<arg>JP</arg>
<arg>KE</arg>
<arg>KG</arg>
<arg>KH</arg>
<arg>KI</arg>
<arg>KM</arg>
<arg>KN</arg>
<arg>KP</arg>
<arg>KR</arg>
<arg>KW</arg>
<arg>KY</arg>
<arg>KZ</arg>
<arg>LA</arg>
<arg>LB</arg>
<arg>LC</arg>
<arg>LI</arg>
<arg>LK</arg>
<arg>LR</arg>
<arg>LS</arg>
<arg>LT</arg>
<arg>LU</arg>
<arg>LV</arg>
<arg>LY</arg>
<arg>MA</arg>
<arg>MC</arg>
<arg>MD</arg>
<arg>ME</arg>
<arg>MF</arg>
<arg>MG</arg>
<arg>MH</arg>
<arg>MK</arg>
<arg>ML</arg>
<arg>MM</arg>
<arg>MN</arg>
<arg>MO</arg>
<arg>MP</arg>
<arg>MQ</arg>
<arg>MR</arg>
<arg>MS</arg>
<arg>MT</arg>
<arg>MU</arg>
<arg>MV</arg>
<arg>MW</arg>
<arg>MX</arg>
<arg>MY</arg>
<arg>MZ</arg>
<arg>NA</arg>
<arg>NC</arg>
<arg>NE</arg>
<arg>NF</arg>
<arg>NG</arg>
<arg>NI</arg>
<arg>NL</arg>
<arg>NO</arg>
<arg>NP</arg>
<arg>NR</arg>
<arg>NU</arg>
<arg>NZ</arg>
<arg>OM</arg>
<arg>PA</arg>
<arg>PE</arg>
<arg>PF</arg>
<arg>PG</arg>
<arg>PH</arg>
<arg>PK</arg>
<arg>PL</arg>
<arg>PM</arg>
<arg>PN</arg>
<arg>PR</arg>
<arg>PS</arg>
<arg>PT</arg>
<arg>PW</arg>
<arg>PY</arg>
<arg>QA</arg>
<arg>RE</arg>
<arg>RO</arg>
<arg>RS</arg>
<arg>RU</arg>
<arg>RW</arg>
<arg>SA</arg>
<arg>SB</arg>
<arg>SC</arg>
<arg>SD</arg>
<arg>SE</arg>
<arg>SG</arg>
<arg>SH</arg>
<arg>SI</arg>
<arg>SJ</arg>
<arg>SK</arg>
<arg>SL</arg>
<arg>SM</arg>
<arg>SN</arg>
<arg>SO</arg>
<arg>SR</arg>
<arg>SS</arg>
<arg>ST</arg>
<arg>SV</arg>
<arg>SX</arg>
<arg>SY</arg>
<arg>SZ</arg>
<arg>TC</arg>
<arg>TD</arg>
<arg>TF</arg>
<arg>TG</arg>
<arg>TH</arg>
<arg>TJ</arg>
<arg>TK</arg>
<arg>TL</arg>
<arg>TM</arg>
<arg>TN</arg>
<arg>TO</arg>
<arg>TR</arg>
<arg>TT</arg>
<arg>TV</arg>
<arg>TW</arg>
<arg>TZ</arg>
<arg>UA</arg>
<arg>UG</arg>
<arg>UM</arg>
<arg>US</arg>
<arg>UY</arg>
<arg>UZ</arg>
<arg>VA</arg>
<arg>VC</arg>
<arg>VE</arg>
<arg>VG</arg>
<arg>VI</arg>
<arg>VN</arg>
<arg>VU</arg>
<arg>WF</arg>
<arg>WS</arg>
<arg>XK</arg>
<arg>YE</arg>
<arg>YT</arg>
<arg>ZA</arg>
<arg>ZM</arg>
<arg>ZW</arg>
<doc>Returns a list containing given items.</doc>
<status status="PASS" start="2024-06-14T23:14:37.471216" elapsed="0.000621"/>
</kw>
<kw name="List Should Contain Value" owner="Collections">
<arg>${list_country}</arg>
<arg>${name_country}</arg>
<doc>Fails if the ``value`` is not found from ``list``.</doc>
<status status="PASS" start="2024-06-14T23:14:37.472639" elapsed="0.000203"/>
</kw>
<kw name="Run Keyword If" owner="BuiltIn">
<kw name="Should Be True" owner="BuiltIn">
<arg>${True}</arg>
<doc>Fails if the given condition is not true.</doc>
<status status="PASS" start="2024-06-14T23:14:37.473936" elapsed="0.000145"/>
</kw>
<arg>${json_data["results"][0]["location"]["coordinates"]["latitude"]} &gt;= -90 and ${json_data["results"][0]["location"]["coordinates"]["latitude"]} &lt;= 90</arg>
<arg>Should Be True</arg>
<arg>${True}</arg>
<doc>Runs the given keyword with the given arguments, if ``condition`` is true.</doc>
<status status="PASS" start="2024-06-14T23:14:37.473036" elapsed="0.001169"/>
</kw>
<kw name="Run Keyword If" owner="BuiltIn">
<kw name="Should Be True" owner="BuiltIn">
<arg>${True}</arg>
<doc>Fails if the given condition is not true.</doc>
<status status="PASS" start="2024-06-14T23:14:37.475072" elapsed="0.000136"/>
</kw>
<arg>${json_data["results"][0]["location"]["coordinates"]["longitude"]} &gt;= -180 and ${json_data["results"][0]["location"]["coordinates"]["longitude"]} &lt;= 180</arg>
<arg>Should Be True</arg>
<arg>${True}</arg>
<doc>Runs the given keyword with the given arguments, if ``condition`` is true.</doc>
<status status="PASS" start="2024-06-14T23:14:37.474392" elapsed="0.000938"/>
</kw>
<status status="PASS" start="2024-06-14T23:14:37.362282" elapsed="0.113178"/>
</kw>
<doc>Testa o conteúdo específico dos campos retornados pela API.</doc>
<tag>testeConteudo</tag>
<status status="PASS" start="2024-06-14T23:14:37.361596" elapsed="0.114017"/>
</test>
<status status="PASS" start="2024-06-14T23:14:36.605375" elapsed="0.872161"/>
</suite>
<status status="PASS" start="2024-06-14T23:14:36.591934" elapsed="0.890636"/>
</suite>
<statistics>
<total>
<stat pass="5" fail="0" skip="0">All Tests</stat>
</total>
<tag>
<stat pass="1" fail="0" skip="0">testeConteudo</stat>
<stat pass="1" fail="0" skip="0">testeEstruturaResposta</stat>
<stat pass="1" fail="0" skip="0">testeRequisicaoBasica</stat>
<stat pass="1" fail="0" skip="0">testeTiposDados</stat>
</tag>
<suite>
<stat pass="5" fail="0" skip="0" id="s1" name="Tests">Tests</stat>
<stat pass="5" fail="0" skip="0" id="s1-s1" name="Random-User-Test">Tests.Random-User-Test</stat>
</suite>
</statistics>
<errors>
</errors>
</robot>
