<?xml version="1.0" encoding="UTF-8"?>
<robot generator="Robot 7.0 (Python 3.12.3 on linux)" generated="2024-05-29T20:15:46.301307" rpa="false" schemaversion="5">
<suite id="s1" name="Tests" source="/home/runner/work/ApiRandomUser/ApiRandomUser/RamdonUser/tests">
<suite id="s1-s1" name="Random-User-Test" source="/home/runner/work/ApiRandomUser/ApiRandomUser/RamdonUser/tests/random-user-test.robot">
<test id="s1-s1-t1" name="Conectar" line="13">
<kw name="Conectar API" owner="random-user-service">
<kw name="Create Session" owner="RequestsLibrary">
<msg time="2024-05-29T20:15:46.697888" level="INFO">Creating Session using : alias=consultarAPI, url=https://randomuser.me/, headers={},                     cookies={}, auth=None, timeout=None, proxies=None, verify=False,                     debug=0 </msg>
<arg>consultarAPI</arg>
<arg>${URL}</arg>
<doc>Create Session: create a HTTP session to a server</doc>
<status status="PASS" start="2024-05-29T20:15:46.697662" elapsed="0.000425"/>
</kw>
<status status="PASS" start="2024-05-29T20:15:46.696535" elapsed="0.001952"/>
</kw>
<status status="PASS" start="2024-05-29T20:15:46.695803" elapsed="0.002887"/>
</test>
<test id="s1-s1-t2" name="Validar retorno 200 e JSON Válido" line="16">
<kw name="Teste de Requisicao Basica" owner="random-user-service">
<kw name="GET On Session" owner="RequestsLibrary">
<msg time="2024-05-29T20:15:46.953005" level="INFO">GET Request : url=https://randomuser.me/api 
 path_url=/api 
 headers={'User-Agent': 'python-requests/2.32.3', 'Accept-Encoding': 'gzip, deflate', 'Accept': '*/*', 'Connection': 'keep-alive'} 
 body=None 
 </msg>
<msg time="2024-05-29T20:15:46.953183" level="INFO">GET Response : url=https://randomuser.me/api 
 status=200, reason=OK 
 headers={'Date': 'Wed, 29 May 2024 20:15:46 GMT', 'Content-Type': 'application/json; charset=utf-8', 'Transfer-Encoding': 'chunked', 'Connection': 'keep-alive', 'X-Powered-By': 'Express', 'Access-Control-Allow-Origin': '*', 'Cache-Control': 'no-cache', 'ETag': 'W/"493-Cvg6rK3IPhUTH7VyRN6l67y7WnA"', 'Vary': 'Accept-Encoding', 'Content-Encoding': 'gzip', 'CF-Cache-Status': 'DYNAMIC', 'Report-To': '{"endpoints":[{"url":"https:\\/\\/a.nel.cloudflare.com\\/report\\/v4?s=efQOpIOSgGWIZx3jcZ7ZToayoG63a2rTosIzmT9pD%2BoMD%2FjUWE0G8KbI2Wlk1v1KIj%2B4f%2B%2F50rcDlpsNfJ1BetLpuWXMDnHG1ZNeLJBZ5sngJBT6LS%2BQRtHM6QS7Po1l"}],"group":"cf-nel","max_age":604800}', 'NEL': '{"success_fraction":0,"report_to":"cf-nel","max_age":604800}', 'Server': 'cloudflare', 'CF-RAY': '88b9288e2b3a38a0-IAD', 'alt-svc': 'h3=":443"; ma=86400'} 
 body={"results":[{"gender":"male","name":{"title":"Mr","first":"Djordi","last":"Van der Torre"},"location":{"street":{"number":5814,"name":"Herikerbergweg"},"city":"Dodewaard","state":"Limburg","country":"Netherlands","postcode":"7968 IK","coordinates":{"latitude":"38.4133","longitude":"-154.2831"},"timezone":{"offset":"+6:00","description":"Almaty, Dhaka, Colombo"}},"email":"djordi.vandertorre@example.com","login":{"uuid":"3cc9b27b-8580-421e-a40b-78c5bded65ab","username":"angrypanda528","password":"copper","salt":"FvGalf4y","md5":"dc557492b584e55c96df18523d0dee2e","sha1":"b72a3f822565cdaed35c6c8f19b923eb7035dfc3","sha256":"b5008c2bb5215db25725c73ba087e62d72ed7d6c47efc7be99deef26769e6c44"},"dob":{"date":"1975-06-05T10:20:40.536Z","age":48},"registered":{"date":"2017-06-23T02:03:47.355Z","age":6},"phone":"(078) 8833679","cell":"(06) 63967599","id":{"name":"BSN","value":"10811039"},"picture":{"large":"https://randomuser.me/api/portraits/men/37.jpg","medium":"https://randomuser.me/api/portraits/med/men/37.jpg","thumbnail":"https://randomuser.me/api/portraits/thumb/men/37.jpg"},"nat":"NL"}],"info":{"seed":"e0fb089249ebdd47","results":1,"page":1,"version":"1.4"}} 
 </msg>
<msg time="2024-05-29T20:15:46.953281" level="INFO">/opt/hostedtoolcache/Python/3.12.3/x64/lib/python3.12/site-packages/urllib3/connectionpool.py:1103: InsecureRequestWarning: Unverified HTTPS request is being made to host 'randomuser.me'. Adding certificate verification is strongly advised. See: https://urllib3.readthedocs.io/en/latest/advanced-usage.html#tls-warnings
  warnings.warn(</msg>
<msg time="2024-05-29T20:15:46.953450" level="INFO">${response} = &lt;Response [200]&gt;</msg>
<var>${response}</var>
<arg>consultarAPI</arg>
<arg>/api</arg>
<doc>Sends a GET request on a previously created HTTP Session.</doc>
<status status="PASS" start="2024-05-29T20:15:46.701454" elapsed="0.252038"/>
</kw>
<kw name="Should Be Equal As Numbers" owner="BuiltIn">
<msg time="2024-05-29T20:15:46.954646" level="INFO">Argument types are:
&lt;class 'int'&gt;
&lt;class 'str'&gt;</msg>
<arg>${response.status_code}</arg>
<arg>200</arg>
<doc>Fails if objects are unequal after converting them to real numbers.</doc>
<status status="PASS" start="2024-05-29T20:15:46.954147" elapsed="0.000568"/>
</kw>
<kw name="Log" owner="BuiltIn">
<msg time="2024-05-29T20:15:46.955451" level="INFO">200</msg>
<arg>${response.status_code}</arg>
<doc>Logs the given message with the given level.</doc>
<status status="PASS" start="2024-05-29T20:15:46.955085" elapsed="0.000415"/>
</kw>
<kw name="Set Variable" owner="BuiltIn">
<msg time="2024-05-29T20:15:46.956317" level="INFO">${json_data} = {'results': [{'gender': 'male', 'name': {'title': 'Mr', 'first': 'Djordi', 'last': 'Van der Torre'}, 'location': {'street': {'number': 5814, 'name': 'Herikerbergweg'}, 'city': 'Dodewaard', 'state': 'L...</msg>
<var>${json_data}</var>
<arg>${response.json()}</arg>
<doc>Returns the given values which can then be assigned to a variables.</doc>
<status status="PASS" start="2024-05-29T20:15:46.955825" elapsed="0.000522"/>
</kw>
<kw name="Dictionary Should Contain Key" owner="Collections">
<msg time="2024-05-29T20:15:46.956844" level="INFO">False</msg>
<arg>${json_data}</arg>
<arg>results</arg>
<doc>Fails if ``key`` is not found from ``dictionary``.</doc>
<status status="PASS" start="2024-05-29T20:15:46.956665" elapsed="0.000385"/>
</kw>
<status status="PASS" start="2024-05-29T20:15:46.701195" elapsed="0.256132"/>
</kw>
<doc>Testa se a API responde corretamente e retorna um objeto JSON válido.</doc>
<tag>testeRequisicaoBasica</tag>
<status status="PASS" start="2024-05-29T20:15:46.700640" elapsed="0.256873"/>
</test>
<test id="s1-s1-t3" name="Validar estrutura de resposta" line="22">
<kw name="Teste de Estrutura de Resposta" owner="random-user-service">
<kw name="GET On Session" owner="RequestsLibrary">
<msg time="2024-05-29T20:15:47.048108" level="INFO">GET Request : url=https://randomuser.me/api 
 path_url=/api 
 headers={'User-Agent': 'python-requests/2.32.3', 'Accept-Encoding': 'gzip, deflate', 'Accept': '*/*', 'Connection': 'keep-alive'} 
 body=None 
 </msg>
<msg time="2024-05-29T20:15:47.048273" level="INFO">GET Response : url=https://randomuser.me/api 
 status=200, reason=OK 
 headers={'Date': 'Wed, 29 May 2024 20:15:47 GMT', 'Content-Type': 'application/json; charset=utf-8', 'Transfer-Encoding': 'chunked', 'Connection': 'keep-alive', 'X-Powered-By': 'Express', 'Access-Control-Allow-Origin': '*', 'Cache-Control': 'no-cache', 'ETag': 'W/"4a5-ufJFhI4cZ+R4HqU1IK0gL2DzFOw"', 'Vary': 'Accept-Encoding', 'Content-Encoding': 'gzip', 'CF-Cache-Status': 'DYNAMIC', 'Report-To': '{"endpoints":[{"url":"https:\\/\\/a.nel.cloudflare.com\\/report\\/v4?s=GdHLuAF3f%2Fr7vO8zkSCXNGdzD4FBIfzQA44IiqWE6Uh95eI%2BVA9egLYlvgDA4ivpBzLeLKwdYTrDJSMXUfOJ0pHwg6jsOmsTaQ9VFPcHW5kpX2FnQYO5wi2L5oeGr6UO"}],"group":"cf-nel","max_age":604800}', 'NEL': '{"success_fraction":0,"report_to":"cf-nel","max_age":604800}', 'Server': 'cloudflare', 'CF-RAY': '88b9288e8bb938a0-IAD', 'alt-svc': 'h3=":443"; ma=86400'} 
 body={"results":[{"gender":"male","name":{"title":"Monsieur","first":"Friedrich","last":"Clement"},"location":{"street":{"number":1235,"name":"Rue Dubois"},"city":"Bogis-Bossey","state":"Glarus","country":"Switzerland","postcode":6449,"coordinates":{"latitude":"-57.4948","longitude":"-173.5565"},"timezone":{"offset":"-3:00","description":"Brazil, Buenos Aires, Georgetown"}},"email":"friedrich.clement@example.com","login":{"uuid":"5251d15e-61aa-4dbb-8b5c-37cf945bd24c","username":"goldenrabbit293","password":"pianoman","salt":"zfNM1SRq","md5":"4ac387e900e07a51c154678e5f9477ed","sha1":"4fbbeb31af7662df76a40d9d73ccacd80e145fee","sha256":"830804decf03498aa0ef9ff104a3bd2dbba08e18988e1f2e496ed042892862f1"},"dob":{"date":"1971-07-31T12:28:46.066Z","age":52},"registered":{"date":"2018-07-22T11:47:27.274Z","age":5},"phone":"076 378 12 73","cell":"077 541 90 80","id":{"name":"AVS","value":"756.2608.0969.67"},"picture":{"large":"https://randomuser.me/api/portraits/men/99.jpg","medium":"https://randomuser.me/api/portraits/med/men/99.jpg","thumbnail":"https://randomuser.me/api/portraits/thumb/men/99.jpg"},"nat":"CH"}],"info":{"seed":"af2d7bb68ede5dc7","results":1,"page":1,"version":"1.4"}} 
 </msg>
<msg time="2024-05-29T20:15:47.048423" level="INFO">/opt/hostedtoolcache/Python/3.12.3/x64/lib/python3.12/site-packages/urllib3/connectionpool.py:1103: InsecureRequestWarning: Unverified HTTPS request is being made to host 'randomuser.me'. Adding certificate verification is strongly advised. See: https://urllib3.readthedocs.io/en/latest/advanced-usage.html#tls-warnings
  warnings.warn(</msg>
<msg time="2024-05-29T20:15:47.048568" level="INFO">${response} = &lt;Response [200]&gt;</msg>
<var>${response}</var>
<arg>consultarAPI</arg>
<arg>/api</arg>
<doc>Sends a GET request on a previously created HTTP Session.</doc>
<status status="PASS" start="2024-05-29T20:15:46.960259" elapsed="0.088352"/>
</kw>
<kw name="Set Variable" owner="BuiltIn">
<msg time="2024-05-29T20:15:47.049789" level="INFO">${json_data} = {'results': [{'gender': 'male', 'name': {'title': 'Monsieur', 'first': 'Friedrich', 'last': 'Clement'}, 'location': {'street': {'number': 1235, 'name': 'Rue Dubois'}, 'city': 'Bogis-Bossey', 'state': ...</msg>
<var>${json_data}</var>
<arg>${response.json()}</arg>
<doc>Returns the given values which can then be assigned to a variables.</doc>
<status status="PASS" start="2024-05-29T20:15:47.049211" elapsed="0.000608"/>
</kw>
<kw name="Log" owner="BuiltIn">
<msg time="2024-05-29T20:15:47.050287" level="INFO">{'results': [{'gender': 'male', 'name': {'title': 'Monsieur', 'first': 'Friedrich', 'last': 'Clement'}, 'location': {'street': {'number': 1235, 'name': 'Rue Dubois'}, 'city': 'Bogis-Bossey', 'state': 'Glarus', 'country': 'Switzerland', 'postcode': 6449, 'coordinates': {'latitude': '-57.4948', 'longitude': '-173.5565'}, 'timezone': {'offset': '-3:00', 'description': 'Brazil, Buenos Aires, Georgetown'}}, 'email': 'friedrich.clement@example.com', 'login': {'uuid': '5251d15e-61aa-4dbb-8b5c-37cf945bd24c', 'username': 'goldenrabbit293', 'password': 'pianoman', 'salt': 'zfNM1SRq', 'md5': '4ac387e900e07a51c154678e5f9477ed', 'sha1': '4fbbeb31af7662df76a40d9d73ccacd80e145fee', 'sha256': '830804decf03498aa0ef9ff104a3bd2dbba08e18988e1f2e496ed042892862f1'}, 'dob': {'date': '1971-07-31T12:28:46.066Z', 'age': 52}, 'registered': {'date': '2018-07-22T11:47:27.274Z', 'age': 5}, 'phone': '076 378 12 73', 'cell': '077 541 90 80', 'id': {'name': 'AVS', 'value': '756.2608.0969.67'}, 'picture': {'large': 'https://randomuser.me/api/portraits/men/99.jpg', 'medium': 'https://randomuser.me/api/portraits/med/men/99.jpg', 'thumbnail': 'https://randomuser.me/api/portraits/thumb/men/99.jpg'}, 'nat': 'CH'}], 'info': {'seed': 'af2d7bb68ede5dc7', 'results': 1, 'page': 1, 'version': '1.4'}}</msg>
<arg>${json_data}</arg>
<doc>Logs the given message with the given level.</doc>
<status status="PASS" start="2024-05-29T20:15:47.050129" elapsed="0.000204"/>
</kw>
<kw name="Dictionary Should Contain Key" owner="Collections">
<msg time="2024-05-29T20:15:47.050793" level="INFO">False</msg>
<arg>${json_data}</arg>
<arg>results</arg>
<doc>Fails if ``key`` is not found from ``dictionary``.</doc>
<status status="PASS" start="2024-05-29T20:15:47.050626" elapsed="0.000205"/>
</kw>
<kw name="Should Not Be Empty" owner="BuiltIn">
<msg time="2024-05-29T20:15:47.051262" level="INFO">Length is 2.</msg>
<arg>${json_data}</arg>
<doc>Verifies that the given item is not empty.</doc>
<status status="PASS" start="2024-05-29T20:15:47.051130" elapsed="0.000169"/>
</kw>
<kw name="Create List" owner="BuiltIn">
<msg time="2024-05-29T20:15:47.051725" level="INFO">${expected_keys} = ['gender', 'name', 'location', 'email', 'login']</msg>
<var>${expected_keys}</var>
<arg>gender</arg>
<arg>name</arg>
<arg>location</arg>
<arg>email</arg>
<arg>login</arg>
<doc>Returns a list containing given items.</doc>
<status status="PASS" start="2024-05-29T20:15:47.051583" elapsed="0.000165"/>
</kw>
<for flavor="IN">
<iter>
<kw name="Dictionary Should Contain Key" owner="Collections">
<msg time="2024-05-29T20:15:47.052781" level="INFO">False</msg>
<arg>${json_data['results'][0]}</arg>
<arg>${key}</arg>
<doc>Fails if ``key`` is not found from ``dictionary``.</doc>
<status status="PASS" start="2024-05-29T20:15:47.052376" elapsed="0.000448"/>
</kw>
<kw name="Log" owner="BuiltIn">
<msg time="2024-05-29T20:15:47.053490" level="INFO">{'gender': 'male', 'name': {'title': 'Monsieur', 'first': 'Friedrich', 'last': 'Clement'}, 'location': {'street': {'number': 1235, 'name': 'Rue Dubois'}, 'city': 'Bogis-Bossey', 'state': 'Glarus', 'country': 'Switzerland', 'postcode': 6449, 'coordinates': {'latitude': '-57.4948', 'longitude': '-173.5565'}, 'timezone': {'offset': '-3:00', 'description': 'Brazil, Buenos Aires, Georgetown'}}, 'email': 'friedrich.clement@example.com', 'login': {'uuid': '5251d15e-61aa-4dbb-8b5c-37cf945bd24c', 'username': 'goldenrabbit293', 'password': 'pianoman', 'salt': 'zfNM1SRq', 'md5': '4ac387e900e07a51c154678e5f9477ed', 'sha1': '4fbbeb31af7662df76a40d9d73ccacd80e145fee', 'sha256': '830804decf03498aa0ef9ff104a3bd2dbba08e18988e1f2e496ed042892862f1'}, 'dob': {'date': '1971-07-31T12:28:46.066Z', 'age': 52}, 'registered': {'date': '2018-07-22T11:47:27.274Z', 'age': 5}, 'phone': '076 378 12 73', 'cell': '077 541 90 80', 'id': {'name': 'AVS', 'value': '756.2608.0969.67'}, 'picture': {'large': 'https://randomuser.me/api/portraits/men/99.jpg', 'medium': 'https://randomuser.me/api/portraits/med/men/99.jpg', 'thumbnail': 'https://randomuser.me/api/portraits/thumb/men/99.jpg'}, 'nat': 'CH'}</msg>
<arg>${json_data['results'][0]}</arg>
<doc>Logs the given message with the given level.</doc>
<status status="PASS" start="2024-05-29T20:15:47.053129" elapsed="0.000411"/>
</kw>
<kw name="Log" owner="BuiltIn">
<msg time="2024-05-29T20:15:47.053966" level="INFO">gender</msg>
<arg>${key}</arg>
<doc>Logs the given message with the given level.</doc>
<status status="PASS" start="2024-05-29T20:15:47.053839" elapsed="0.000164"/>
</kw>
<var name="${key}">gender</var>
<status status="PASS" start="2024-05-29T20:15:47.052237" elapsed="0.001979"/>
</iter>
<iter>
<kw name="Dictionary Should Contain Key" owner="Collections">
<msg time="2024-05-29T20:15:47.054900" level="INFO">False</msg>
<arg>${json_data['results'][0]}</arg>
<arg>${key}</arg>
<doc>Fails if ``key`` is not found from ``dictionary``.</doc>
<status status="PASS" start="2024-05-29T20:15:47.054513" elapsed="0.000424"/>
</kw>
<kw name="Log" owner="BuiltIn">
<msg time="2024-05-29T20:15:47.055619" level="INFO">{'gender': 'male', 'name': {'title': 'Monsieur', 'first': 'Friedrich', 'last': 'Clement'}, 'location': {'street': {'number': 1235, 'name': 'Rue Dubois'}, 'city': 'Bogis-Bossey', 'state': 'Glarus', 'country': 'Switzerland', 'postcode': 6449, 'coordinates': {'latitude': '-57.4948', 'longitude': '-173.5565'}, 'timezone': {'offset': '-3:00', 'description': 'Brazil, Buenos Aires, Georgetown'}}, 'email': 'friedrich.clement@example.com', 'login': {'uuid': '5251d15e-61aa-4dbb-8b5c-37cf945bd24c', 'username': 'goldenrabbit293', 'password': 'pianoman', 'salt': 'zfNM1SRq', 'md5': '4ac387e900e07a51c154678e5f9477ed', 'sha1': '4fbbeb31af7662df76a40d9d73ccacd80e145fee', 'sha256': '830804decf03498aa0ef9ff104a3bd2dbba08e18988e1f2e496ed042892862f1'}, 'dob': {'date': '1971-07-31T12:28:46.066Z', 'age': 52}, 'registered': {'date': '2018-07-22T11:47:27.274Z', 'age': 5}, 'phone': '076 378 12 73', 'cell': '077 541 90 80', 'id': {'name': 'AVS', 'value': '756.2608.0969.67'}, 'picture': {'large': 'https://randomuser.me/api/portraits/men/99.jpg', 'medium': 'https://randomuser.me/api/portraits/med/men/99.jpg', 'thumbnail': 'https://randomuser.me/api/portraits/thumb/men/99.jpg'}, 'nat': 'CH'}</msg>
<arg>${json_data['results'][0]}</arg>
<doc>Logs the given message with the given level.</doc>
<status status="PASS" start="2024-05-29T20:15:47.055260" elapsed="0.000408"/>
</kw>
<kw name="Log" owner="BuiltIn">
<msg time="2024-05-29T20:15:47.056089" level="INFO">name</msg>
<arg>${key}</arg>
<doc>Logs the given message with the given level.</doc>
<status status="PASS" start="2024-05-29T20:15:47.055963" elapsed="0.000163"/>
</kw>
<var name="${key}">name</var>
<status status="PASS" start="2024-05-29T20:15:47.054398" elapsed="0.001981"/>
</iter>
<iter>
<kw name="Dictionary Should Contain Key" owner="Collections">
<msg time="2024-05-29T20:15:47.057034" level="INFO">False</msg>
<arg>${json_data['results'][0]}</arg>
<arg>${key}</arg>
<doc>Fails if ``key`` is not found from ``dictionary``.</doc>
<status status="PASS" start="2024-05-29T20:15:47.056663" elapsed="0.000409"/>
</kw>
<kw name="Log" owner="BuiltIn">
<msg time="2024-05-29T20:15:47.057737" level="INFO">{'gender': 'male', 'name': {'title': 'Monsieur', 'first': 'Friedrich', 'last': 'Clement'}, 'location': {'street': {'number': 1235, 'name': 'Rue Dubois'}, 'city': 'Bogis-Bossey', 'state': 'Glarus', 'country': 'Switzerland', 'postcode': 6449, 'coordinates': {'latitude': '-57.4948', 'longitude': '-173.5565'}, 'timezone': {'offset': '-3:00', 'description': 'Brazil, Buenos Aires, Georgetown'}}, 'email': 'friedrich.clement@example.com', 'login': {'uuid': '5251d15e-61aa-4dbb-8b5c-37cf945bd24c', 'username': 'goldenrabbit293', 'password': 'pianoman', 'salt': 'zfNM1SRq', 'md5': '4ac387e900e07a51c154678e5f9477ed', 'sha1': '4fbbeb31af7662df76a40d9d73ccacd80e145fee', 'sha256': '830804decf03498aa0ef9ff104a3bd2dbba08e18988e1f2e496ed042892862f1'}, 'dob': {'date': '1971-07-31T12:28:46.066Z', 'age': 52}, 'registered': {'date': '2018-07-22T11:47:27.274Z', 'age': 5}, 'phone': '076 378 12 73', 'cell': '077 541 90 80', 'id': {'name': 'AVS', 'value': '756.2608.0969.67'}, 'picture': {'large': 'https://randomuser.me/api/portraits/men/99.jpg', 'medium': 'https://randomuser.me/api/portraits/med/men/99.jpg', 'thumbnail': 'https://randomuser.me/api/portraits/thumb/men/99.jpg'}, 'nat': 'CH'}</msg>
<arg>${json_data['results'][0]}</arg>
<doc>Logs the given message with the given level.</doc>
<status status="PASS" start="2024-05-29T20:15:47.057378" elapsed="0.000407"/>
</kw>
<kw name="Log" owner="BuiltIn">
<msg time="2024-05-29T20:15:47.058206" level="INFO">location</msg>
<arg>${key}</arg>
<doc>Logs the given message with the given level.</doc>
<status status="PASS" start="2024-05-29T20:15:47.058082" elapsed="0.000161"/>
</kw>
<var name="${key}">location</var>
<status status="PASS" start="2024-05-29T20:15:47.056552" elapsed="0.001917"/>
</iter>
<iter>
<kw name="Dictionary Should Contain Key" owner="Collections">
<msg time="2024-05-29T20:15:47.059242" level="INFO">False</msg>
<arg>${json_data['results'][0]}</arg>
<arg>${key}</arg>
<doc>Fails if ``key`` is not found from ``dictionary``.</doc>
<status status="PASS" start="2024-05-29T20:15:47.058756" elapsed="0.000524"/>
</kw>
<kw name="Log" owner="BuiltIn">
<msg time="2024-05-29T20:15:47.059934" level="INFO">{'gender': 'male', 'name': {'title': 'Monsieur', 'first': 'Friedrich', 'last': 'Clement'}, 'location': {'street': {'number': 1235, 'name': 'Rue Dubois'}, 'city': 'Bogis-Bossey', 'state': 'Glarus', 'country': 'Switzerland', 'postcode': 6449, 'coordinates': {'latitude': '-57.4948', 'longitude': '-173.5565'}, 'timezone': {'offset': '-3:00', 'description': 'Brazil, Buenos Aires, Georgetown'}}, 'email': 'friedrich.clement@example.com', 'login': {'uuid': '5251d15e-61aa-4dbb-8b5c-37cf945bd24c', 'username': 'goldenrabbit293', 'password': 'pianoman', 'salt': 'zfNM1SRq', 'md5': '4ac387e900e07a51c154678e5f9477ed', 'sha1': '4fbbeb31af7662df76a40d9d73ccacd80e145fee', 'sha256': '830804decf03498aa0ef9ff104a3bd2dbba08e18988e1f2e496ed042892862f1'}, 'dob': {'date': '1971-07-31T12:28:46.066Z', 'age': 52}, 'registered': {'date': '2018-07-22T11:47:27.274Z', 'age': 5}, 'phone': '076 378 12 73', 'cell': '077 541 90 80', 'id': {'name': 'AVS', 'value': '756.2608.0969.67'}, 'picture': {'large': 'https://randomuser.me/api/portraits/men/99.jpg', 'medium': 'https://randomuser.me/api/portraits/med/men/99.jpg', 'thumbnail': 'https://randomuser.me/api/portraits/thumb/men/99.jpg'}, 'nat': 'CH'}</msg>
<arg>${json_data['results'][0]}</arg>
<doc>Logs the given message with the given level.</doc>
<status status="PASS" start="2024-05-29T20:15:47.059577" elapsed="0.000404"/>
</kw>
<kw name="Log" owner="BuiltIn">
<msg time="2024-05-29T20:15:47.060433" level="INFO">email</msg>
<arg>${key}</arg>
<doc>Logs the given message with the given level.</doc>
<status status="PASS" start="2024-05-29T20:15:47.060299" elapsed="0.000170"/>
</kw>
<var name="${key}">email</var>
<status status="PASS" start="2024-05-29T20:15:47.058639" elapsed="0.002046"/>
</iter>
<iter>
<kw name="Dictionary Should Contain Key" owner="Collections">
<msg time="2024-05-29T20:15:47.061345" level="INFO">False</msg>
<arg>${json_data['results'][0]}</arg>
<arg>${key}</arg>
<doc>Fails if ``key`` is not found from ``dictionary``.</doc>
<status status="PASS" start="2024-05-29T20:15:47.060966" elapsed="0.000415"/>
</kw>
<kw name="Log" owner="BuiltIn">
<msg time="2024-05-29T20:15:47.062027" level="INFO">{'gender': 'male', 'name': {'title': 'Monsieur', 'first': 'Friedrich', 'last': 'Clement'}, 'location': {'street': {'number': 1235, 'name': 'Rue Dubois'}, 'city': 'Bogis-Bossey', 'state': 'Glarus', 'country': 'Switzerland', 'postcode': 6449, 'coordinates': {'latitude': '-57.4948', 'longitude': '-173.5565'}, 'timezone': {'offset': '-3:00', 'description': 'Brazil, Buenos Aires, Georgetown'}}, 'email': 'friedrich.clement@example.com', 'login': {'uuid': '5251d15e-61aa-4dbb-8b5c-37cf945bd24c', 'username': 'goldenrabbit293', 'password': 'pianoman', 'salt': 'zfNM1SRq', 'md5': '4ac387e900e07a51c154678e5f9477ed', 'sha1': '4fbbeb31af7662df76a40d9d73ccacd80e145fee', 'sha256': '830804decf03498aa0ef9ff104a3bd2dbba08e18988e1f2e496ed042892862f1'}, 'dob': {'date': '1971-07-31T12:28:46.066Z', 'age': 52}, 'registered': {'date': '2018-07-22T11:47:27.274Z', 'age': 5}, 'phone': '076 378 12 73', 'cell': '077 541 90 80', 'id': {'name': 'AVS', 'value': '756.2608.0969.67'}, 'picture': {'large': 'https://randomuser.me/api/portraits/men/99.jpg', 'medium': 'https://randomuser.me/api/portraits/med/men/99.jpg', 'thumbnail': 'https://randomuser.me/api/portraits/thumb/men/99.jpg'}, 'nat': 'CH'}</msg>
<arg>${json_data['results'][0]}</arg>
<doc>Logs the given message with the given level.</doc>
<status status="PASS" start="2024-05-29T20:15:47.061672" elapsed="0.000411"/>
</kw>
<kw name="Log" owner="BuiltIn">
<msg time="2024-05-29T20:15:47.062526" level="INFO">login</msg>
<arg>${key}</arg>
<doc>Logs the given message with the given level.</doc>
<status status="PASS" start="2024-05-29T20:15:47.062370" elapsed="0.000251"/>
</kw>
<var name="${key}">login</var>
<status status="PASS" start="2024-05-29T20:15:47.060855" elapsed="0.002095"/>
</iter>
<var>${key}</var>
<value>@{expected_keys}</value>
<status status="PASS" start="2024-05-29T20:15:47.052007" elapsed="0.011124"/>
</for>
<kw name="Create List" owner="BuiltIn">
<msg time="2024-05-29T20:15:47.063582" level="INFO">${expected_keysTwo} = ['username', 'password']</msg>
<var>${expected_keysTwo}</var>
<arg>username</arg>
<arg>password</arg>
<doc>Returns a list containing given items.</doc>
<status status="PASS" start="2024-05-29T20:15:47.063418" elapsed="0.000188"/>
</kw>
<for flavor="IN">
<iter>
<kw name="Dictionary Should Contain Key" owner="Collections">
<msg time="2024-05-29T20:15:47.064543" level="INFO">False</msg>
<arg>${json_data['results'][0]['login']}</arg>
<arg>${keyTwo}</arg>
<doc>Fails if ``key`` is not found from ``dictionary``.</doc>
<status status="PASS" start="2024-05-29T20:15:47.064106" elapsed="0.000474"/>
</kw>
<kw name="Dictionary Should Contain Key" owner="Collections">
<msg time="2024-05-29T20:15:47.065263" level="INFO">False</msg>
<arg>${json_data['results'][0]['login']}</arg>
<arg>${keyTwo}</arg>
<doc>Fails if ``key`` is not found from ``dictionary``.</doc>
<status status="PASS" start="2024-05-29T20:15:47.064880" elapsed="0.000420"/>
</kw>
<kw name="Log" owner="BuiltIn">
<msg time="2024-05-29T20:15:47.065718" level="INFO">username</msg>
<arg>${keyTwo}</arg>
<doc>Logs the given message with the given level.</doc>
<status status="PASS" start="2024-05-29T20:15:47.065592" elapsed="0.000162"/>
</kw>
<var name="${keyTwo}">username</var>
<status status="PASS" start="2024-05-29T20:15:47.063998" elapsed="0.001970"/>
</iter>
<iter>
<kw name="Dictionary Should Contain Key" owner="Collections">
<msg time="2024-05-29T20:15:47.066620" level="INFO">False</msg>
<arg>${json_data['results'][0]['login']}</arg>
<arg>${keyTwo}</arg>
<doc>Fails if ``key`` is not found from ``dictionary``.</doc>
<status status="PASS" start="2024-05-29T20:15:47.066245" elapsed="0.000411"/>
</kw>
<kw name="Dictionary Should Contain Key" owner="Collections">
<msg time="2024-05-29T20:15:47.067325" level="INFO">False</msg>
<arg>${json_data['results'][0]['login']}</arg>
<arg>${keyTwo}</arg>
<doc>Fails if ``key`` is not found from ``dictionary``.</doc>
<status status="PASS" start="2024-05-29T20:15:47.066945" elapsed="0.000416"/>
</kw>
<kw name="Log" owner="BuiltIn">
<msg time="2024-05-29T20:15:47.067775" level="INFO">password</msg>
<arg>${keyTwo}</arg>
<doc>Logs the given message with the given level.</doc>
<status status="PASS" start="2024-05-29T20:15:47.067651" elapsed="0.000160"/>
</kw>
<var name="${keyTwo}">password</var>
<status status="PASS" start="2024-05-29T20:15:47.066136" elapsed="0.001889"/>
</iter>
<var>${keyTwo}</var>
<value>@{expected_keysTwo}</value>
<status status="PASS" start="2024-05-29T20:15:47.063848" elapsed="0.004298"/>
</for>
<status status="PASS" start="2024-05-29T20:15:46.959978" elapsed="0.108352"/>
</kw>
<doc>Testa a estrutura da resposta da API.</doc>
<tag>testeEstruturaResposta</tag>
<status status="PASS" start="2024-05-29T20:15:46.959358" elapsed="0.109131"/>
</test>
<test id="s1-s1-t4" name="Validar tipos de dados" line="28">
<kw name="Teste de Tipos de Dados" owner="random-user-service">
<kw name="GET On Session" owner="RequestsLibrary">
<msg time="2024-05-29T20:15:47.178540" level="INFO">GET Request : url=https://randomuser.me/api 
 path_url=/api 
 headers={'User-Agent': 'python-requests/2.32.3', 'Accept-Encoding': 'gzip, deflate', 'Accept': '*/*', 'Connection': 'keep-alive'} 
 body=None 
 </msg>
<msg time="2024-05-29T20:15:47.178661" level="INFO">GET Response : url=https://randomuser.me/api 
 status=200, reason=OK 
 headers={'Date': 'Wed, 29 May 2024 20:15:47 GMT', 'Content-Type': 'application/json; charset=utf-8', 'Transfer-Encoding': 'chunked', 'Connection': 'keep-alive', 'X-Powered-By': 'Express', 'Access-Control-Allow-Origin': '*', 'Cache-Control': 'no-cache', 'ETag': 'W/"495-8koL6g6XbkpUFD3hDkhXydKDrYs"', 'Vary': 'Accept-Encoding', 'Content-Encoding': 'gzip', 'CF-Cache-Status': 'DYNAMIC', 'Report-To': '{"endpoints":[{"url":"https:\\/\\/a.nel.cloudflare.com\\/report\\/v4?s=%2FRSFmEZd8yjncYDwNFRkbqktOK793pIscY2T2X1LvORkc7OlQiteVJ%2BRSZOddV8W2tJBDsZ04Hx5sT2UZMV7JhCnhuB%2FfqI4W1MjFxFuQwsovkgXiF1lymp6FaNLuGJG"}],"group":"cf-nel","max_age":604800}', 'NEL': '{"success_fraction":0,"report_to":"cf-nel","max_age":604800}', 'Server': 'cloudflare', 'CF-RAY': '88b9288f3cee38a0-IAD', 'alt-svc': 'h3=":443"; ma=86400'} 
 body={"results":[{"gender":"female","name":{"title":"Mrs","first":"Olivia","last":"Lowe"},"location":{"street":{"number":2549,"name":"Washington Ave"},"city":"Norwalk","state":"Missouri","country":"United States","postcode":30025,"coordinates":{"latitude":"84.9261","longitude":"98.5727"},"timezone":{"offset":"-7:00","description":"Mountain Time (US &amp; Canada)"}},"email":"olivia.lowe@example.com","login":{"uuid":"b8524f97-3fbf-4833-a774-8d3a75e1a387","username":"goldenleopard852","password":"john316","salt":"9R8HonkD","md5":"dc615897b8fd784b89291207d65fbec2","sha1":"f79f19c016612cd22fef6e56df2cba95fc649268","sha256":"5d71bf8e61cad98c60a1985ea2e0b0912a03d5713c45286be03426837b41a9c5"},"dob":{"date":"1958-02-18T10:57:55.784Z","age":66},"registered":{"date":"2015-04-23T14:36:47.553Z","age":9},"phone":"(490) 725-4555","cell":"(815) 501-8578","id":{"name":"SSN","value":"090-19-3480"},"picture":{"large":"https://randomuser.me/api/portraits/women/47.jpg","medium":"https://randomuser.me/api/portraits/med/women/47.jpg","thumbnail":"https://randomuser.me/api/portraits/thumb/women/47.jpg"},"nat":"US"}],"info":{"seed":"b587c12d6e33910e","results":1,"page":1,"version":"1.4"}} 
 </msg>
<msg time="2024-05-29T20:15:47.178746" level="INFO">/opt/hostedtoolcache/Python/3.12.3/x64/lib/python3.12/site-packages/urllib3/connectionpool.py:1103: InsecureRequestWarning: Unverified HTTPS request is being made to host 'randomuser.me'. Adding certificate verification is strongly advised. See: https://urllib3.readthedocs.io/en/latest/advanced-usage.html#tls-warnings
  warnings.warn(</msg>
<msg time="2024-05-29T20:15:47.178889" level="INFO">${response} = &lt;Response [200]&gt;</msg>
<var>${response}</var>
<arg>consultarAPI</arg>
<arg>/api</arg>
<doc>Sends a GET request on a previously created HTTP Session.</doc>
<status status="PASS" start="2024-05-29T20:15:47.071111" elapsed="0.107818"/>
</kw>
<kw name="Set Variable" owner="BuiltIn">
<msg time="2024-05-29T20:15:47.180124" level="INFO">${json_data} = {'results': [{'gender': 'female', 'name': {'title': 'Mrs', 'first': 'Olivia', 'last': 'Lowe'}, 'location': {'street': {'number': 2549, 'name': 'Washington Ave'}, 'city': 'Norwalk', 'state': 'Missouri'...</msg>
<var>${json_data}</var>
<arg>${response.json()}</arg>
<doc>Returns the given values which can then be assigned to a variables.</doc>
<status status="PASS" start="2024-05-29T20:15:47.179557" elapsed="0.000597"/>
</kw>
<kw name="Log" owner="BuiltIn">
<msg time="2024-05-29T20:15:47.180735" level="INFO">{'results': [{'gender': 'female', 'name': {'title': 'Mrs', 'first': 'Olivia', 'last': 'Lowe'}, 'location': {'street': {'number': 2549, 'name': 'Washington Ave'}, 'city': 'Norwalk', 'state': 'Missouri', 'country': 'United States', 'postcode': 30025, 'coordinates': {'latitude': '84.9261', 'longitude': '98.5727'}, 'timezone': {'offset': '-7:00', 'description': 'Mountain Time (US &amp; Canada)'}}, 'email': 'olivia.lowe@example.com', 'login': {'uuid': 'b8524f97-3fbf-4833-a774-8d3a75e1a387', 'username': 'goldenleopard852', 'password': 'john316', 'salt': '9R8HonkD', 'md5': 'dc615897b8fd784b89291207d65fbec2', 'sha1': 'f79f19c016612cd22fef6e56df2cba95fc649268', 'sha256': '5d71bf8e61cad98c60a1985ea2e0b0912a03d5713c45286be03426837b41a9c5'}, 'dob': {'date': '1958-02-18T10:57:55.784Z', 'age': 66}, 'registered': {'date': '2015-04-23T14:36:47.553Z', 'age': 9}, 'phone': '(490) 725-4555', 'cell': '(815) 501-8578', 'id': {'name': 'SSN', 'value': '090-19-3480'}, 'picture': {'large': 'https://randomuser.me/api/portraits/women/47.jpg', 'medium': 'https://randomuser.me/api/portraits/med/women/47.jpg', 'thumbnail': 'https://randomuser.me/api/portraits/thumb/women/47.jpg'}, 'nat': 'US'}], 'info': {'seed': 'b587c12d6e33910e', 'results': 1, 'page': 1, 'version': '1.4'}}</msg>
<arg>${json_data}</arg>
<doc>Logs the given message with the given level.</doc>
<status status="PASS" start="2024-05-29T20:15:47.180561" elapsed="0.000262"/>
</kw>
<kw name="Should Be String" owner="String">
<arg>${json_data['results'][0]['gender']}</arg>
<doc>Fails if the given ``item`` is not a string.</doc>
<status status="PASS" start="2024-05-29T20:15:47.181137" elapsed="0.000394"/>
</kw>
<kw name="Should Match Regexp" owner="BuiltIn">
<arg>${json_data['results'][0]['email']}</arg>
<arg>^[a-zA-Z0-9._%+-]+@[a-zA-Z0-9.-]+\.[a-zA-Z]{2,}$</arg>
<doc>Fails if ``string`` does not match ``pattern`` as a regular expression.</doc>
<status status="PASS" start="2024-05-29T20:15:47.181734" elapsed="0.000686"/>
</kw>
<kw name="Should Match Regexp" owner="BuiltIn">
<arg>${json_data['results'][0]['dob']['date']}</arg>
<arg>\\d{4}-\\d{2}-\\d{2}T\\d{2}:\\d{2}:\\d{2}\\.\\d{3}Z</arg>
<doc>Fails if ``string`` does not match ``pattern`` as a regular expression.</doc>
<status status="PASS" start="2024-05-29T20:15:47.182680" elapsed="0.000800"/>
</kw>
<kw name="Should Match Regexp" owner="BuiltIn">
<arg>${json_data['results'][0]['registered']['date']}</arg>
<arg>\\d{4}-\\d{2}-\\d{2}T\\d{2}:\\d{2}:\\d{2}\\.\\d{3}Z</arg>
<doc>Fails if ``string`` does not match ``pattern`` as a regular expression.</doc>
<status status="PASS" start="2024-05-29T20:15:47.183700" elapsed="0.000385"/>
</kw>
<kw name="Should Match Regexp" owner="BuiltIn">
<arg>${json_data['results'][0]['picture']['large']}</arg>
<arg>^https?://.*\.(?:png|jpe?g|gif|bmp)$</arg>
<doc>Fails if ``string`` does not match ``pattern`` as a regular expression.</doc>
<status status="PASS" start="2024-05-29T20:15:47.184317" elapsed="0.000479"/>
</kw>
<kw name="Should Match Regexp" owner="BuiltIn">
<arg>${json_data['results'][0]['picture']['medium']}</arg>
<arg>^https?://.*\.(?:png|jpe?g|gif|bmp)$</arg>
<doc>Fails if ``string`` does not match ``pattern`` as a regular expression.</doc>
<status status="PASS" start="2024-05-29T20:15:47.184993" elapsed="0.000363"/>
</kw>
<kw name="Should Match Regexp" owner="BuiltIn">
<arg>${json_data['results'][0]['picture']['thumbnail']}</arg>
<arg>^https?://.*\.(?:png|jpe?g|gif|bmp)$</arg>
<doc>Fails if ``string`` does not match ``pattern`` as a regular expression.</doc>
<status status="PASS" start="2024-05-29T20:15:47.185546" elapsed="0.000347"/>
</kw>
<kw name="Log" owner="BuiltIn">
<msg time="2024-05-29T20:15:47.186401" level="INFO">{'large': 'https://randomuser.me/api/portraits/women/47.jpg', 'medium': 'https://randomuser.me/api/portraits/med/women/47.jpg', 'thumbnail': 'https://randomuser.me/api/portraits/thumb/women/47.jpg'}</msg>
<arg>${json_data['results'][0]['picture']}</arg>
<doc>Logs the given message with the given level.</doc>
<status status="PASS" start="2024-05-29T20:15:47.186076" elapsed="0.000368"/>
</kw>
<status status="PASS" start="2024-05-29T20:15:47.070845" elapsed="0.115873"/>
</kw>
<kw name="Teste de Tipos de Dados - Postcode" owner="random-user-service">
<kw name="GET On Session" owner="RequestsLibrary">
<msg time="2024-05-29T20:15:47.241958" level="INFO">GET Request : url=https://randomuser.me/api 
 path_url=/api 
 headers={'User-Agent': 'python-requests/2.32.3', 'Accept-Encoding': 'gzip, deflate', 'Accept': '*/*', 'Connection': 'keep-alive'} 
 body=None 
 </msg>
<msg time="2024-05-29T20:15:47.242058" level="INFO">GET Response : url=https://randomuser.me/api 
 status=200, reason=OK 
 headers={'Date': 'Wed, 29 May 2024 20:15:47 GMT', 'Content-Type': 'application/json; charset=utf-8', 'Transfer-Encoding': 'chunked', 'Connection': 'keep-alive', 'X-Powered-By': 'Express', 'Access-Control-Allow-Origin': '*', 'Cache-Control': 'no-cache', 'ETag': 'W/"498-aSnD56LPiNt16MaQeTKHNv4HVKo"', 'Vary': 'Accept-Encoding', 'Content-Encoding': 'gzip', 'CF-Cache-Status': 'DYNAMIC', 'Report-To': '{"endpoints":[{"url":"https:\\/\\/a.nel.cloudflare.com\\/report\\/v4?s=vo9L1SHz8btUBslwifR%2FN295iQ5sJyImL9im0CU61gU0%2FW%2Ber9dwnPOTxvVz9%2BlOJzvEeOjdmihlQE8U%2FuGexkneENm0AFhCS41Q2OL7FyMu6PW2ICrHnbj%2FBegDncH4"}],"group":"cf-nel","max_age":604800}', 'NEL': '{"success_fraction":0,"report_to":"cf-nel","max_age":604800}', 'Server': 'cloudflare', 'CF-RAY': '88b9288fedf138a0-IAD', 'alt-svc': 'h3=":443"; ma=86400'} 
 body={"results":[{"gender":"female","name":{"title":"Miss","first":"Pauline","last":"Legrand"},"location":{"street":{"number":320,"name":"Rue Denfert-Rochereau"},"city":"Nice","state":"Cher","country":"France","postcode":10100,"coordinates":{"latitude":"-13.0506","longitude":"48.8212"},"timezone":{"offset":"-7:00","description":"Mountain Time (US &amp; Canada)"}},"email":"pauline.legrand@example.com","login":{"uuid":"d8420a92-0104-44db-9d0b-76870173f725","username":"redkoala449","password":"12312312","salt":"ecqs1SeZ","md5":"1b40ed636da71a746f1f186b86adc412","sha1":"2aa0efea5c0520c1b8d1391d3af262c169d5a213","sha256":"0bcef8303cbfe3d1fc9f465285bdc5217ea85e662caecd812a945edcc816cf99"},"dob":{"date":"1974-12-07T19:28:07.585Z","age":49},"registered":{"date":"2011-10-24T17:13:22.673Z","age":12},"phone":"01-42-94-13-59","cell":"06-27-83-06-73","id":{"name":"INSEE","value":"2741188300777 11"},"picture":{"large":"https://randomuser.me/api/portraits/women/0.jpg","medium":"https://randomuser.me/api/portraits/med/women/0.jpg","thumbnail":"https://randomuser.me/api/portraits/thumb/women/0.jpg"},"nat":"FR"}],"info":{"seed":"13faae209578506f","results":1,"page":1,"version":"1.4"}} 
 </msg>
<msg time="2024-05-29T20:15:47.242129" level="INFO">/opt/hostedtoolcache/Python/3.12.3/x64/lib/python3.12/site-packages/urllib3/connectionpool.py:1103: InsecureRequestWarning: Unverified HTTPS request is being made to host 'randomuser.me'. Adding certificate verification is strongly advised. See: https://urllib3.readthedocs.io/en/latest/advanced-usage.html#tls-warnings
  warnings.warn(</msg>
<msg time="2024-05-29T20:15:47.242247" level="INFO">${response} = &lt;Response [200]&gt;</msg>
<var>${response}</var>
<arg>consultarAPI</arg>
<arg>/api</arg>
<doc>Sends a GET request on a previously created HTTP Session.</doc>
<status status="PASS" start="2024-05-29T20:15:47.187184" elapsed="0.055104"/>
</kw>
<kw name="Set Variable" owner="BuiltIn">
<msg time="2024-05-29T20:15:47.243366" level="INFO">${json_data} = {'results': [{'gender': 'female', 'name': {'title': 'Miss', 'first': 'Pauline', 'last': 'Legrand'}, 'location': {'street': {'number': 320, 'name': 'Rue Denfert-Rochereau'}, 'city': 'Nice', 'state': 'C...</msg>
<var>${json_data}</var>
<arg>${response.json()}</arg>
<doc>Returns the given values which can then be assigned to a variables.</doc>
<status status="PASS" start="2024-05-29T20:15:47.242830" elapsed="0.000565"/>
</kw>
<kw name="Log" owner="BuiltIn">
<msg time="2024-05-29T20:15:47.243917" level="INFO">{'results': [{'gender': 'female', 'name': {'title': 'Miss', 'first': 'Pauline', 'last': 'Legrand'}, 'location': {'street': {'number': 320, 'name': 'Rue Denfert-Rochereau'}, 'city': 'Nice', 'state': 'Cher', 'country': 'France', 'postcode': 10100, 'coordinates': {'latitude': '-13.0506', 'longitude': '48.8212'}, 'timezone': {'offset': '-7:00', 'description': 'Mountain Time (US &amp; Canada)'}}, 'email': 'pauline.legrand@example.com', 'login': {'uuid': 'd8420a92-0104-44db-9d0b-76870173f725', 'username': 'redkoala449', 'password': '12312312', 'salt': 'ecqs1SeZ', 'md5': '1b40ed636da71a746f1f186b86adc412', 'sha1': '2aa0efea5c0520c1b8d1391d3af262c169d5a213', 'sha256': '0bcef8303cbfe3d1fc9f465285bdc5217ea85e662caecd812a945edcc816cf99'}, 'dob': {'date': '1974-12-07T19:28:07.585Z', 'age': 49}, 'registered': {'date': '2011-10-24T17:13:22.673Z', 'age': 12}, 'phone': '01-42-94-13-59', 'cell': '06-27-83-06-73', 'id': {'name': 'INSEE', 'value': '2741188300777 11'}, 'picture': {'large': 'https://randomuser.me/api/portraits/women/0.jpg', 'medium': 'https://randomuser.me/api/portraits/med/women/0.jpg', 'thumbnail': 'https://randomuser.me/api/portraits/thumb/women/0.jpg'}, 'nat': 'FR'}], 'info': {'seed': '13faae209578506f', 'results': 1, 'page': 1, 'version': '1.4'}}</msg>
<arg>${json_data}</arg>
<doc>Logs the given message with the given level.</doc>
<status status="PASS" start="2024-05-29T20:15:47.243749" elapsed="0.000258"/>
</kw>
<kw name="Should Be Equal As Numbers" owner="BuiltIn">
<arg>${json_data['results'][0]['location']['postcode']}</arg>
<arg>${json_data['results'][0]['location']['postcode']}</arg>
<doc>Fails if objects are unequal after converting them to real numbers.</doc>
<status status="PASS" start="2024-05-29T20:15:47.244379" elapsed="0.000650"/>
</kw>
<kw name="Log" owner="BuiltIn">
<msg time="2024-05-29T20:15:47.245582" level="INFO">10100</msg>
<arg>${json_data['results'][0]['location']['postcode']}</arg>
<doc>Logs the given message with the given level.</doc>
<status status="PASS" start="2024-05-29T20:15:47.245233" elapsed="0.000390"/>
</kw>
<status status="PASS" start="2024-05-29T20:15:47.186949" elapsed="0.058937"/>
</kw>
<doc>Testa se os tipos de dados na resposta da API estão corretos.</doc>
<tag>testeTiposDados</tag>
<status status="PASS" start="2024-05-29T20:15:47.070301" elapsed="0.175757"/>
</test>
<test id="s1-s1-t5" name="Validar conteudo" line="35">
<kw name="Teste de Tipos de Conteudo" owner="random-user-service">
<kw name="GET On Session" owner="RequestsLibrary">
<msg time="2024-05-29T20:15:47.370119" level="INFO">GET Request : url=https://randomuser.me/api 
 path_url=/api 
 headers={'User-Agent': 'python-requests/2.32.3', 'Accept-Encoding': 'gzip, deflate', 'Accept': '*/*', 'Connection': 'keep-alive'} 
 body=None 
 </msg>
<msg time="2024-05-29T20:15:47.370215" level="INFO">GET Response : url=https://randomuser.me/api 
 status=200, reason=OK 
 headers={'Date': 'Wed, 29 May 2024 20:15:47 GMT', 'Content-Type': 'application/json; charset=utf-8', 'Transfer-Encoding': 'chunked', 'Connection': 'keep-alive', 'X-Powered-By': 'Express', 'Access-Control-Allow-Origin': '*', 'Cache-Control': 'no-cache', 'ETag': 'W/"482-aBU3mkBnpP5WR+wm8G1juOxqFEU"', 'Vary': 'Accept-Encoding', 'Content-Encoding': 'gzip', 'CF-Cache-Status': 'DYNAMIC', 'Report-To': '{"endpoints":[{"url":"https:\\/\\/a.nel.cloudflare.com\\/report\\/v4?s=HxXdwajMXbsJW4SHOLeOJ0DygiEGpSpRqK6QwQb8Wtx1Ramw%2B4jLcPinp7zv3efGe2UvUeGStuwnIxWf95NcZ5Al%2FHEFQ%2BlfbrpeuiM3ITqgE9b1%2FmxHTNKrg6%2FCZKdL"}],"group":"cf-nel","max_age":604800}', 'NEL': '{"success_fraction":0,"report_to":"cf-nel","max_age":604800}', 'Server': 'cloudflare', 'CF-RAY': '88b928905e5a38a0-IAD', 'alt-svc': 'h3=":443"; ma=86400'} 
 body={"results":[{"gender":"male","name":{"title":"Mr","first":"Onufriy","last":"Zaporozhec"},"location":{"street":{"number":9173,"name":"Zhashkivska"},"city":"Hrestivka","state":"Chernivecka","country":"Ukraine","postcode":89950,"coordinates":{"latitude":"79.3716","longitude":"-107.2396"},"timezone":{"offset":"+6:00","description":"Almaty, Dhaka, Colombo"}},"email":"onufriy.zaporozhec@example.com","login":{"uuid":"a5ce5efe-4e0b-48b4-b85d-eed50e64bc36","username":"greensnake903","password":"larry","salt":"p6aSIQr9","md5":"104bb52a833846de496161a78cb9d02e","sha1":"bcd67b153655d910354303c4795001b2596ddfb0","sha256":"5cf379dafbaf947922c77eb0fc53d1f835ba777789240a08b7498af9d0b0c898"},"dob":{"date":"1994-06-16T05:17:06.206Z","age":29},"registered":{"date":"2019-10-01T08:56:30.326Z","age":4},"phone":"(066) X42-7724","cell":"(098) O77-6640","id":{"name":"","value":null},"picture":{"large":"https://randomuser.me/api/portraits/men/31.jpg","medium":"https://randomuser.me/api/portraits/med/men/31.jpg","thumbnail":"https://randomuser.me/api/portraits/thumb/men/31.jpg"},"nat":"UA"}],"info":{"seed":"42d835d5ad05d0f9","results":1,"page":1,"version":"1.4"}} 
 </msg>
<msg time="2024-05-29T20:15:47.370281" level="INFO">/opt/hostedtoolcache/Python/3.12.3/x64/lib/python3.12/site-packages/urllib3/connectionpool.py:1103: InsecureRequestWarning: Unverified HTTPS request is being made to host 'randomuser.me'. Adding certificate verification is strongly advised. See: https://urllib3.readthedocs.io/en/latest/advanced-usage.html#tls-warnings
  warnings.warn(</msg>
<msg time="2024-05-29T20:15:47.370417" level="INFO">${response} = &lt;Response [200]&gt;</msg>
<var>${response}</var>
<arg>consultarAPI</arg>
<arg>/api</arg>
<doc>Sends a GET request on a previously created HTTP Session.</doc>
<status status="PASS" start="2024-05-29T20:15:47.248568" elapsed="0.121888"/>
</kw>
<kw name="Set Variable" owner="BuiltIn">
<msg time="2024-05-29T20:15:47.371600" level="INFO">${json_data} = {'results': [{'gender': 'male', 'name': {'title': 'Mr', 'first': 'Onufriy', 'last': 'Zaporozhec'}, 'location': {'street': {'number': 9173, 'name': 'Zhashkivska'}, 'city': 'Hrestivka', 'state': 'Cherni...</msg>
<var>${json_data}</var>
<arg>${response.json()}</arg>
<doc>Returns the given values which can then be assigned to a variables.</doc>
<status status="PASS" start="2024-05-29T20:15:47.371063" elapsed="0.000566"/>
</kw>
<kw name="Set Variable" owner="BuiltIn">
<msg time="2024-05-29T20:15:47.372367" level="INFO">${name_title} = Mr</msg>
<var>${name_title}</var>
<arg>${json_data["results"][0]["name"]["title"]}</arg>
<doc>Returns the given values which can then be assigned to a variables.</doc>
<status status="PASS" start="2024-05-29T20:15:47.371936" elapsed="0.000457"/>
</kw>
<kw name="Create List" owner="BuiltIn">
<msg time="2024-05-29T20:15:47.372850" level="INFO">${allowed_titles} = ['Mr', 'Ms', 'Miss', 'Mrs', 'Madame', 'Monsieur']</msg>
<var>${allowed_titles}</var>
<arg>Mr</arg>
<arg>Ms</arg>
<arg>Miss</arg>
<arg>Mrs</arg>
<arg>Madame</arg>
<arg>Monsieur</arg>
<doc>Returns a list containing given items.</doc>
<status status="PASS" start="2024-05-29T20:15:47.372700" elapsed="0.000175"/>
</kw>
<kw name="List Should Contain Value" owner="Collections">
<msg time="2024-05-29T20:15:47.373355" level="INFO">False</msg>
<arg>${allowed_titles}</arg>
<arg>${name_title}</arg>
<doc>Fails if the ``value`` is not found from ``list``.</doc>
<status status="PASS" start="2024-05-29T20:15:47.373180" elapsed="0.000211"/>
</kw>
<kw name="Set Variable" owner="BuiltIn">
<msg time="2024-05-29T20:15:47.374243" level="INFO">${name_country} = UA</msg>
<var>${name_country}</var>
<arg>${json_data["results"][0]["nat"]}</arg>
<doc>Returns the given values which can then be assigned to a variables.</doc>
<status status="PASS" start="2024-05-29T20:15:47.373685" elapsed="0.000584"/>
</kw>
<kw name="Create List" owner="BuiltIn">
<msg time="2024-05-29T20:15:47.375179" level="INFO">${list_country} = ['AD', 'AE', 'AF', 'AG', 'AI', 'AL', 'AM', 'AO', 'AQ', 'AR', 'AS', 'AT', 'AU', 'AW', 'AX', 'AZ', 'BA', 'BB', 'BD', 'BE', 'BF', 'BG', 'BH', 'BI', 'BJ', 'BL', 'BM', 'BN', 'BO', 'BQ', 'BR', 'BS', 'BT', '...</msg>
<var>${list_country}</var>
<arg>AD</arg>
<arg>AE</arg>
<arg>AF</arg>
<arg>AG</arg>
<arg>AI</arg>
<arg>AL</arg>
<arg>AM</arg>
<arg>AO</arg>
<arg>AQ</arg>
<arg>AR</arg>
<arg>AS</arg>
<arg>AT</arg>
<arg>AU</arg>
<arg>AW</arg>
<arg>AX</arg>
<arg>AZ</arg>
<arg>BA</arg>
<arg>BB</arg>
<arg>BD</arg>
<arg>BE</arg>
<arg>BF</arg>
<arg>BG</arg>
<arg>BH</arg>
<arg>BI</arg>
<arg>BJ</arg>
<arg>BL</arg>
<arg>BM</arg>
<arg>BN</arg>
<arg>BO</arg>
<arg>BQ</arg>
<arg>BR</arg>
<arg>BS</arg>
<arg>BT</arg>
<arg>BV</arg>
<arg>BW</arg>
<arg>BY</arg>
<arg>BZ</arg>
<arg>CA</arg>
<arg>CC</arg>
<arg>CD</arg>
<arg>CF</arg>
<arg>CG</arg>
<arg>CH</arg>
<arg>CI</arg>
<arg>CK</arg>
<arg>CL</arg>
<arg>CM</arg>
<arg>CN</arg>
<arg>CO</arg>
<arg>CR</arg>
<arg>CU</arg>
<arg>CV</arg>
<arg>CW</arg>
<arg>CX</arg>
<arg>CY</arg>
<arg>CZ</arg>
<arg>DE</arg>
<arg>DJ</arg>
<arg>DK</arg>
<arg>DM</arg>
<arg>DO</arg>
<arg>DZ</arg>
<arg>EC</arg>
<arg>EE</arg>
<arg>EG</arg>
<arg>EH</arg>
<arg>ER</arg>
<arg>ES</arg>
<arg>ET</arg>
<arg>FI</arg>
<arg>FJ</arg>
<arg>FK</arg>
<arg>FM</arg>
<arg>FO</arg>
<arg>FR</arg>
<arg>GA</arg>
<arg>GB</arg>
<arg>GD</arg>
<arg>GE</arg>
<arg>GF</arg>
<arg>GG</arg>
<arg>GH</arg>
<arg>GI</arg>
<arg>GL</arg>
<arg>GM</arg>
<arg>GN</arg>
<arg>GP</arg>
<arg>GQ</arg>
<arg>GR</arg>
<arg>GS</arg>
<arg>GT</arg>
<arg>GU</arg>
<arg>GW</arg>
<arg>GY</arg>
<arg>HK</arg>
<arg>HM</arg>
<arg>HN</arg>
<arg>HR</arg>
<arg>HT</arg>
<arg>HU</arg>
<arg>ID</arg>
<arg>IE</arg>
<arg>IL</arg>
<arg>IM</arg>
<arg>IN</arg>
<arg>IO</arg>
<arg>IQ</arg>
<arg>IR</arg>
<arg>IS</arg>
<arg>IT</arg>
<arg>JE</arg>
<arg>JM</arg>
<arg>JO</arg>
<arg>JP</arg>
<arg>KE</arg>
<arg>KG</arg>
<arg>KH</arg>
<arg>KI</arg>
<arg>KM</arg>
<arg>KN</arg>
<arg>KP</arg>
<arg>KR</arg>
<arg>KW</arg>
<arg>KY</arg>
<arg>KZ</arg>
<arg>LA</arg>
<arg>LB</arg>
<arg>LC</arg>
<arg>LI</arg>
<arg>LK</arg>
<arg>LR</arg>
<arg>LS</arg>
<arg>LT</arg>
<arg>LU</arg>
<arg>LV</arg>
<arg>LY</arg>
<arg>MA</arg>
<arg>MC</arg>
<arg>MD</arg>
<arg>ME</arg>
<arg>MF</arg>
<arg>MG</arg>
<arg>MH</arg>
<arg>MK</arg>
<arg>ML</arg>
<arg>MM</arg>
<arg>MN</arg>
<arg>MO</arg>
<arg>MP</arg>
<arg>MQ</arg>
<arg>MR</arg>
<arg>MS</arg>
<arg>MT</arg>
<arg>MU</arg>
<arg>MV</arg>
<arg>MW</arg>
<arg>MX</arg>
<arg>MY</arg>
<arg>MZ</arg>
<arg>NA</arg>
<arg>NC</arg>
<arg>NE</arg>
<arg>NF</arg>
<arg>NG</arg>
<arg>NI</arg>
<arg>NL</arg>
<arg>NO</arg>
<arg>NP</arg>
<arg>NR</arg>
<arg>NU</arg>
<arg>NZ</arg>
<arg>OM</arg>
<arg>PA</arg>
<arg>PE</arg>
<arg>PF</arg>
<arg>PG</arg>
<arg>PH</arg>
<arg>PK</arg>
<arg>PL</arg>
<arg>PM</arg>
<arg>PN</arg>
<arg>PR</arg>
<arg>PS</arg>
<arg>PT</arg>
<arg>PW</arg>
<arg>PY</arg>
<arg>QA</arg>
<arg>RE</arg>
<arg>RO</arg>
<arg>RS</arg>
<arg>RU</arg>
<arg>RW</arg>
<arg>SA</arg>
<arg>SB</arg>
<arg>SC</arg>
<arg>SD</arg>
<arg>SE</arg>
<arg>SG</arg>
<arg>SH</arg>
<arg>SI</arg>
<arg>SJ</arg>
<arg>SK</arg>
<arg>SL</arg>
<arg>SM</arg>
<arg>SN</arg>
<arg>SO</arg>
<arg>SR</arg>
<arg>SS</arg>
<arg>ST</arg>
<arg>SV</arg>
<arg>SX</arg>
<arg>SY</arg>
<arg>SZ</arg>
<arg>TC</arg>
<arg>TD</arg>
<arg>TF</arg>
<arg>TG</arg>
<arg>TH</arg>
<arg>TJ</arg>
<arg>TK</arg>
<arg>TL</arg>
<arg>TM</arg>
<arg>TN</arg>
<arg>TO</arg>
<arg>TR</arg>
<arg>TT</arg>
<arg>TV</arg>
<arg>TW</arg>
<arg>TZ</arg>
<arg>UA</arg>
<arg>UG</arg>
<arg>UM</arg>
<arg>US</arg>
<arg>UY</arg>
<arg>UZ</arg>
<arg>VA</arg>
<arg>VC</arg>
<arg>VE</arg>
<arg>VG</arg>
<arg>VI</arg>
<arg>VN</arg>
<arg>VU</arg>
<arg>WF</arg>
<arg>WS</arg>
<arg>XK</arg>
<arg>YE</arg>
<arg>YT</arg>
<arg>ZA</arg>
<arg>ZM</arg>
<arg>ZW</arg>
<doc>Returns a list containing given items.</doc>
<status status="PASS" start="2024-05-29T20:15:47.374579" elapsed="0.000626"/>
</kw>
<kw name="List Should Contain Value" owner="Collections">
<msg time="2024-05-29T20:15:47.376225" level="INFO">False</msg>
<arg>${list_country}</arg>
<arg>${name_country}</arg>
<doc>Fails if the ``value`` is not found from ``list``.</doc>
<status status="PASS" start="2024-05-29T20:15:47.375993" elapsed="0.000273"/>
</kw>
<kw name="Run Keyword If" owner="BuiltIn">
<kw name="Should Be True" owner="BuiltIn">
<arg>${True}</arg>
<doc>Fails if the given condition is not true.</doc>
<status status="PASS" start="2024-05-29T20:15:47.377354" elapsed="0.000145"/>
</kw>
<arg>${json_data["results"][0]["location"]["coordinates"]["latitude"]} &gt;= -90 and ${json_data["results"][0]["location"]["coordinates"]["latitude"]} &lt;= 90</arg>
<arg>Should Be True</arg>
<arg>${True}</arg>
<doc>Runs the given keyword with the given arguments, if ``condition`` is true.</doc>
<status status="PASS" start="2024-05-29T20:15:47.376602" elapsed="0.001023"/>
</kw>
<kw name="Run Keyword If" owner="BuiltIn">
<kw name="Should Be True" owner="BuiltIn">
<arg>${True}</arg>
<doc>Fails if the given condition is not true.</doc>
<status status="PASS" start="2024-05-29T20:15:47.378516" elapsed="0.000140"/>
</kw>
<arg>${json_data["results"][0]["location"]["coordinates"]["longitude"]} &gt;= -180 and ${json_data["results"][0]["location"]["coordinates"]["longitude"]} &lt;= 180</arg>
<arg>Should Be True</arg>
<arg>${True}</arg>
<doc>Runs the given keyword with the given arguments, if ``condition`` is true.</doc>
<status status="PASS" start="2024-05-29T20:15:47.377816" elapsed="0.000964"/>
</kw>
<status status="PASS" start="2024-05-29T20:15:47.248329" elapsed="0.130586"/>
</kw>
<doc>Testa o conteúdo específico dos campos retornados pela API.</doc>
<tag>testeConteudo</tag>
<status status="PASS" start="2024-05-29T20:15:47.247832" elapsed="0.131236"/>
</test>
<status status="PASS" start="2024-05-29T20:15:46.359906" elapsed="1.021210"/>
</suite>
<status status="PASS" start="2024-05-29T20:15:46.346365" elapsed="1.039932"/>
</suite>
<statistics>
<total>
<stat pass="5" fail="0" skip="0">All Tests</stat>
</total>
<tag>
<stat pass="1" fail="0" skip="0">testeConteudo</stat>
<stat pass="1" fail="0" skip="0">testeEstruturaResposta</stat>
<stat pass="1" fail="0" skip="0">testeRequisicaoBasica</stat>
<stat pass="1" fail="0" skip="0">testeTiposDados</stat>
</tag>
<suite>
<stat pass="5" fail="0" skip="0" id="s1" name="Tests">Tests</stat>
<stat pass="5" fail="0" skip="0" id="s1-s1" name="Random-User-Test">Tests.Random-User-Test</stat>
</suite>
</statistics>
<errors>
</errors>
</robot>
