<?xml version="1.0" encoding="UTF-8"?>
<robot generator="Robot 7.0.1 (Python 3.12.3 on linux)" generated="2024-06-19T09:19:11.531953" rpa="false" schemaversion="5">
<suite id="s1" name="Tests" source="/home/runner/work/ApiRandomUser/ApiRandomUser/RamdonUser/tests">
<suite id="s1-s1" name="Random-User-Test" source="/home/runner/work/ApiRandomUser/ApiRandomUser/RamdonUser/tests/random-user-test.robot">
<test id="s1-s1-t1" name="Conectar" line="13">
<kw name="Conectar API" owner="random-user-service">
<kw name="Create Session" owner="RequestsLibrary">
<msg time="2024-06-19T09:19:11.949230" level="INFO">Creating Session using : alias=consultarAPI, url=https://randomuser.me/, headers={},                     cookies={}, auth=None, timeout=None, proxies=None, verify=False,                     debug=0 </msg>
<arg>consultarAPI</arg>
<arg>${URL}</arg>
<doc>Create Session: create a HTTP session to a server</doc>
<status status="PASS" start="2024-06-19T09:19:11.949030" elapsed="0.000391"/>
</kw>
<status status="PASS" start="2024-06-19T09:19:11.947986" elapsed="0.001910"/>
</kw>
<status status="PASS" start="2024-06-19T09:19:11.947392" elapsed="0.002722"/>
</test>
<test id="s1-s1-t2" name="Validar retorno 200 e JSON Válido" line="16">
<kw name="Teste de Requisicao Basica" owner="random-user-service">
<kw name="GET On Session" owner="RequestsLibrary">
<msg time="2024-06-19T09:19:12.037520" level="INFO">GET Request : url=https://randomuser.me/api 
 path_url=/api 
 headers={'User-Agent': 'python-requests/2.32.3', 'Accept-Encoding': 'gzip, deflate', 'Accept': '*/*', 'Connection': 'keep-alive'} 
 body=None 
 </msg>
<msg time="2024-06-19T09:19:12.037673" level="INFO">GET Response : url=https://randomuser.me/api 
 status=200, reason=OK 
 headers={'Date': 'Wed, 19 Jun 2024 09:19:12 GMT', 'Content-Type': 'application/json; charset=utf-8', 'Transfer-Encoding': 'chunked', 'Connection': 'keep-alive', 'X-Powered-By': 'Express', 'Access-Control-Allow-Origin': '*', 'Cache-Control': 'no-cache', 'ETag': 'W/"48d-+NadNZAxpvyJhj16WaMnf7t66gM"', 'Vary': 'Accept-Encoding', 'Content-Encoding': 'gzip', 'CF-Cache-Status': 'DYNAMIC', 'Report-To': '{"endpoints":[{"url":"https:\\/\\/a.nel.cloudflare.com\\/report\\/v4?s=ZZ0FJahKV5G4DAAaTkpIBDF9sycCnxQ6ePOS8j88KCdHEqGnKD2mjZbWX%2F7Mox3AJJM1jUBRvoWpbG%2FLb4AGImlVgd7aW2APJaoZHO9azn1NTVmix2wknYW1JKeVMGTv"}],"group":"cf-nel","max_age":604800}', 'NEL': '{"success_fraction":0,"report_to":"cf-nel","max_age":604800}', 'Server': 'cloudflare', 'CF-RAY': '89626fa3eccc37ee-IAD', 'alt-svc': 'h3=":443"; ma=86400'} 
 body={"results":[{"gender":"male","name":{"title":"Mr","first":"Lance","last":"Vargas"},"location":{"street":{"number":4733,"name":"West Street"},"city":"Canterbury","state":"Borders","country":"United Kingdom","postcode":"G0K 3NJ","coordinates":{"latitude":"-9.3971","longitude":"-179.0433"},"timezone":{"offset":"+2:00","description":"Kaliningrad, South Africa"}},"email":"lance.vargas@example.com","login":{"uuid":"9e87f20e-64c8-4920-8a69-d0238f7c6870","username":"happylion874","password":"norman","salt":"yrUFKiab","md5":"edd2609f2bd54837e439883d09f512ab","sha1":"26a93a08a2500fc7c43cc3062075a9184f750122","sha256":"f31442b9f4431b5ecec3b970fcb3d835d903b5d8081431100e21cc5c5854161f"},"dob":{"date":"1946-07-07T06:29:35.347Z","age":77},"registered":{"date":"2005-01-21T22:47:37.949Z","age":19},"phone":"019467 62107","cell":"07296 799534","id":{"name":"NINO","value":"MC 98 65 86 E"},"picture":{"large":"https://randomuser.me/api/portraits/men/19.jpg","medium":"https://randomuser.me/api/portraits/med/men/19.jpg","thumbnail":"https://randomuser.me/api/portraits/thumb/men/19.jpg"},"nat":"GB"}],"info":{"seed":"01104b02c9a8e852","results":1,"page":1,"version":"1.4"}} 
 </msg>
<msg time="2024-06-19T09:19:12.037756" level="INFO">/opt/hostedtoolcache/Python/3.12.3/x64/lib/python3.12/site-packages/urllib3/connectionpool.py:1099: InsecureRequestWarning: Unverified HTTPS request is being made to host 'randomuser.me'. Adding certificate verification is strongly advised. See: https://urllib3.readthedocs.io/en/latest/advanced-usage.html#tls-warnings
  warnings.warn(</msg>
<msg time="2024-06-19T09:19:12.037900" level="INFO">${response} = &lt;Response [200]&gt;</msg>
<var>${response}</var>
<arg>consultarAPI</arg>
<arg>/api</arg>
<doc>Sends a GET request on a previously created HTTP Session.</doc>
<status status="PASS" start="2024-06-19T09:19:11.952882" elapsed="0.085060"/>
</kw>
<kw name="Should Be Equal As Numbers" owner="BuiltIn">
<msg time="2024-06-19T09:19:12.038933" level="INFO">Argument types are:
&lt;class 'int'&gt;
&lt;class 'str'&gt;</msg>
<arg>${response.status_code}</arg>
<arg>200</arg>
<doc>Fails if objects are unequal after converting them to real numbers.</doc>
<status status="PASS" start="2024-06-19T09:19:12.038474" elapsed="0.000527"/>
</kw>
<kw name="Log" owner="BuiltIn">
<msg time="2024-06-19T09:19:12.039691" level="INFO">200</msg>
<arg>${response.status_code}</arg>
<doc>Logs the given message with the given level.</doc>
<status status="PASS" start="2024-06-19T09:19:12.039338" elapsed="0.000398"/>
</kw>
<kw name="Set Variable" owner="BuiltIn">
<msg time="2024-06-19T09:19:12.040488" level="INFO">${json_data} = {'results': [{'gender': 'male', 'name': {'title': 'Mr', 'first': 'Lance', 'last': 'Vargas'}, 'location': {'street': {'number': 4733, 'name': 'West Street'}, 'city': 'Canterbury', 'state': 'Borders', '...</msg>
<var>${json_data}</var>
<arg>${response.json()}</arg>
<doc>Returns the given values which can then be assigned to a variables.</doc>
<status status="PASS" start="2024-06-19T09:19:12.040053" elapsed="0.000463"/>
</kw>
<kw name="Dictionary Should Contain Key" owner="Collections">
<arg>${json_data}</arg>
<arg>results</arg>
<doc>Fails if ``key`` is not found from ``dictionary``.</doc>
<status status="PASS" start="2024-06-19T09:19:12.040817" elapsed="0.000172"/>
</kw>
<status status="PASS" start="2024-06-19T09:19:11.952632" elapsed="0.088513"/>
</kw>
<doc>Testa se a API responde corretamente e retorna um objeto JSON válido.</doc>
<tag>testeRequisicaoBasica</tag>
<status status="PASS" start="2024-06-19T09:19:11.952123" elapsed="0.089201"/>
</test>
<test id="s1-s1-t3" name="Validar estrutura de resposta" line="22">
<kw name="Teste de Estrutura de Resposta" owner="random-user-service">
<kw name="GET On Session" owner="RequestsLibrary">
<msg time="2024-06-19T09:19:12.118267" level="INFO">GET Request : url=https://randomuser.me/api 
 path_url=/api 
 headers={'User-Agent': 'python-requests/2.32.3', 'Accept-Encoding': 'gzip, deflate', 'Accept': '*/*', 'Connection': 'keep-alive'} 
 body=None 
 </msg>
<msg time="2024-06-19T09:19:12.118365" level="INFO">GET Response : url=https://randomuser.me/api 
 status=200, reason=OK 
 headers={'Date': 'Wed, 19 Jun 2024 09:19:12 GMT', 'Content-Type': 'application/json; charset=utf-8', 'Transfer-Encoding': 'chunked', 'Connection': 'keep-alive', 'X-Powered-By': 'Express', 'Access-Control-Allow-Origin': '*', 'Cache-Control': 'no-cache', 'ETag': 'W/"482-FyZx4b8UASB1NHS4e4GVlAhvCYY"', 'Vary': 'Accept-Encoding', 'Content-Encoding': 'gzip', 'CF-Cache-Status': 'DYNAMIC', 'Report-To': '{"endpoints":[{"url":"https:\\/\\/a.nel.cloudflare.com\\/report\\/v4?s=IZuxYjuxg7wMo9cBuiSYBWqyGeDAvwHD%2FpZw5o3xzVnRNzieCNen%2BT8AMvIRacybPGbVs0wpTIjtcY%2Bw1vBPD%2BrHR9EyCc2JQnu1f0rh8iX3K0fe9d3tbs4cl2BJkSTQ"}],"group":"cf-nel","max_age":604800}', 'NEL': '{"success_fraction":0,"report_to":"cf-nel","max_age":604800}', 'Server': 'cloudflare', 'CF-RAY': '89626fa44d1c37ee-IAD', 'alt-svc': 'h3=":443"; ma=86400'} 
 body={"results":[{"gender":"female","name":{"title":"Miss","first":"Alex","last":"Frazier"},"location":{"street":{"number":867,"name":"School Lane"},"city":"Swansea","state":"East Sussex","country":"United Kingdom","postcode":"RG6 4YJ","coordinates":{"latitude":"-7.9573","longitude":"33.1236"},"timezone":{"offset":"+4:30","description":"Kabul"}},"email":"alex.frazier@example.com","login":{"uuid":"041a1bd5-b104-45b2-a1f5-23abba3647e3","username":"goldencat305","password":"wind","salt":"ectvQhlg","md5":"2c5e6237527c115328be841607bb6d88","sha1":"7c272658eab8e6d80255cb3e969eb21b75ed8f30","sha256":"6440cf208f93a13914340a161a87efaee52dacd775ae474cad94fb9555ead153"},"dob":{"date":"1981-06-11T06:36:07.201Z","age":43},"registered":{"date":"2016-06-22T15:55:11.326Z","age":7},"phone":"0113272 104 3671","cell":"07462 298657","id":{"name":"NINO","value":"TH 03 56 91 H"},"picture":{"large":"https://randomuser.me/api/portraits/women/67.jpg","medium":"https://randomuser.me/api/portraits/med/women/67.jpg","thumbnail":"https://randomuser.me/api/portraits/thumb/women/67.jpg"},"nat":"GB"}],"info":{"seed":"0dc39eb9cc9e0412","results":1,"page":1,"version":"1.4"}} 
 </msg>
<msg time="2024-06-19T09:19:12.118517" level="INFO">/opt/hostedtoolcache/Python/3.12.3/x64/lib/python3.12/site-packages/urllib3/connectionpool.py:1099: InsecureRequestWarning: Unverified HTTPS request is being made to host 'randomuser.me'. Adding certificate verification is strongly advised. See: https://urllib3.readthedocs.io/en/latest/advanced-usage.html#tls-warnings
  warnings.warn(</msg>
<msg time="2024-06-19T09:19:12.118641" level="INFO">${response} = &lt;Response [200]&gt;</msg>
<var>${response}</var>
<arg>consultarAPI</arg>
<arg>/api</arg>
<doc>Sends a GET request on a previously created HTTP Session.</doc>
<status status="PASS" start="2024-06-19T09:19:12.044249" elapsed="0.074426"/>
</kw>
<kw name="Set Variable" owner="BuiltIn">
<msg time="2024-06-19T09:19:12.119744" level="INFO">${json_data} = {'results': [{'gender': 'female', 'name': {'title': 'Miss', 'first': 'Alex', 'last': 'Frazier'}, 'location': {'street': {'number': 867, 'name': 'School Lane'}, 'city': 'Swansea', 'state': 'East Sussex...</msg>
<var>${json_data}</var>
<arg>${response.json()}</arg>
<doc>Returns the given values which can then be assigned to a variables.</doc>
<status status="PASS" start="2024-06-19T09:19:12.119238" elapsed="0.000536"/>
</kw>
<kw name="Log" owner="BuiltIn">
<msg time="2024-06-19T09:19:12.120241" level="INFO">{'results': [{'gender': 'female', 'name': {'title': 'Miss', 'first': 'Alex', 'last': 'Frazier'}, 'location': {'street': {'number': 867, 'name': 'School Lane'}, 'city': 'Swansea', 'state': 'East Sussex', 'country': 'United Kingdom', 'postcode': 'RG6 4YJ', 'coordinates': {'latitude': '-7.9573', 'longitude': '33.1236'}, 'timezone': {'offset': '+4:30', 'description': 'Kabul'}}, 'email': 'alex.frazier@example.com', 'login': {'uuid': '041a1bd5-b104-45b2-a1f5-23abba3647e3', 'username': 'goldencat305', 'password': 'wind', 'salt': 'ectvQhlg', 'md5': '2c5e6237527c115328be841607bb6d88', 'sha1': '7c272658eab8e6d80255cb3e969eb21b75ed8f30', 'sha256': '6440cf208f93a13914340a161a87efaee52dacd775ae474cad94fb9555ead153'}, 'dob': {'date': '1981-06-11T06:36:07.201Z', 'age': 43}, 'registered': {'date': '2016-06-22T15:55:11.326Z', 'age': 7}, 'phone': '0113272 104 3671', 'cell': '07462 298657', 'id': {'name': 'NINO', 'value': 'TH 03 56 91 H'}, 'picture': {'large': 'https://randomuser.me/api/portraits/women/67.jpg', 'medium': 'https://randomuser.me/api/portraits/med/women/67.jpg', 'thumbnail': 'https://randomuser.me/api/portraits/thumb/women/67.jpg'}, 'nat': 'GB'}], 'info': {'seed': '0dc39eb9cc9e0412', 'results': 1, 'page': 1, 'version': '1.4'}}</msg>
<arg>${json_data}</arg>
<doc>Logs the given message with the given level.</doc>
<status status="PASS" start="2024-06-19T09:19:12.120086" elapsed="0.000204"/>
</kw>
<kw name="Dictionary Should Contain Key" owner="Collections">
<arg>${json_data}</arg>
<arg>results</arg>
<doc>Fails if ``key`` is not found from ``dictionary``.</doc>
<status status="PASS" start="2024-06-19T09:19:12.120580" elapsed="0.000157"/>
</kw>
<kw name="Should Not Be Empty" owner="BuiltIn">
<msg time="2024-06-19T09:19:12.121043" level="INFO">Length is 2.</msg>
<arg>${json_data}</arg>
<doc>Verifies that the given item is not empty.</doc>
<status status="PASS" start="2024-06-19T09:19:12.120920" elapsed="0.000161"/>
</kw>
<kw name="Create List" owner="BuiltIn">
<msg time="2024-06-19T09:19:12.121553" level="INFO">${expected_keys} = ['gender', 'name', 'location', 'email', 'login']</msg>
<var>${expected_keys}</var>
<arg>gender</arg>
<arg>name</arg>
<arg>location</arg>
<arg>email</arg>
<arg>login</arg>
<doc>Returns a list containing given items.</doc>
<status status="PASS" start="2024-06-19T09:19:12.121374" elapsed="0.000205"/>
</kw>
<for flavor="IN">
<iter>
<kw name="Dictionary Should Contain Key" owner="Collections">
<arg>${json_data['results'][0]}</arg>
<arg>${key}</arg>
<doc>Fails if ``key`` is not found from ``dictionary``.</doc>
<status status="PASS" start="2024-06-19T09:19:12.122191" elapsed="0.000411"/>
</kw>
<kw name="Log" owner="BuiltIn">
<msg time="2024-06-19T09:19:12.123159" level="INFO">{'gender': 'female', 'name': {'title': 'Miss', 'first': 'Alex', 'last': 'Frazier'}, 'location': {'street': {'number': 867, 'name': 'School Lane'}, 'city': 'Swansea', 'state': 'East Sussex', 'country': 'United Kingdom', 'postcode': 'RG6 4YJ', 'coordinates': {'latitude': '-7.9573', 'longitude': '33.1236'}, 'timezone': {'offset': '+4:30', 'description': 'Kabul'}}, 'email': 'alex.frazier@example.com', 'login': {'uuid': '041a1bd5-b104-45b2-a1f5-23abba3647e3', 'username': 'goldencat305', 'password': 'wind', 'salt': 'ectvQhlg', 'md5': '2c5e6237527c115328be841607bb6d88', 'sha1': '7c272658eab8e6d80255cb3e969eb21b75ed8f30', 'sha256': '6440cf208f93a13914340a161a87efaee52dacd775ae474cad94fb9555ead153'}, 'dob': {'date': '1981-06-11T06:36:07.201Z', 'age': 43}, 'registered': {'date': '2016-06-22T15:55:11.326Z', 'age': 7}, 'phone': '0113272 104 3671', 'cell': '07462 298657', 'id': {'name': 'NINO', 'value': 'TH 03 56 91 H'}, 'picture': {'large': 'https://randomuser.me/api/portraits/women/67.jpg', 'medium': 'https://randomuser.me/api/portraits/med/women/67.jpg', 'thumbnail': 'https://randomuser.me/api/portraits/thumb/women/67.jpg'}, 'nat': 'GB'}</msg>
<arg>${json_data['results'][0]}</arg>
<doc>Logs the given message with the given level.</doc>
<status status="PASS" start="2024-06-19T09:19:12.122793" elapsed="0.000417"/>
</kw>
<kw name="Log" owner="BuiltIn">
<msg time="2024-06-19T09:19:12.123637" level="INFO">gender</msg>
<arg>${key}</arg>
<doc>Logs the given message with the given level.</doc>
<status status="PASS" start="2024-06-19T09:19:12.123508" elapsed="0.000167"/>
</kw>
<var name="${key}">gender</var>
<status status="PASS" start="2024-06-19T09:19:12.122057" elapsed="0.001838"/>
</iter>
<iter>
<kw name="Dictionary Should Contain Key" owner="Collections">
<arg>${json_data['results'][0]}</arg>
<arg>${key}</arg>
<doc>Fails if ``key`` is not found from ``dictionary``.</doc>
<status status="PASS" start="2024-06-19T09:19:12.124208" elapsed="0.000389"/>
</kw>
<kw name="Log" owner="BuiltIn">
<msg time="2024-06-19T09:19:12.125126" level="INFO">{'gender': 'female', 'name': {'title': 'Miss', 'first': 'Alex', 'last': 'Frazier'}, 'location': {'street': {'number': 867, 'name': 'School Lane'}, 'city': 'Swansea', 'state': 'East Sussex', 'country': 'United Kingdom', 'postcode': 'RG6 4YJ', 'coordinates': {'latitude': '-7.9573', 'longitude': '33.1236'}, 'timezone': {'offset': '+4:30', 'description': 'Kabul'}}, 'email': 'alex.frazier@example.com', 'login': {'uuid': '041a1bd5-b104-45b2-a1f5-23abba3647e3', 'username': 'goldencat305', 'password': 'wind', 'salt': 'ectvQhlg', 'md5': '2c5e6237527c115328be841607bb6d88', 'sha1': '7c272658eab8e6d80255cb3e969eb21b75ed8f30', 'sha256': '6440cf208f93a13914340a161a87efaee52dacd775ae474cad94fb9555ead153'}, 'dob': {'date': '1981-06-11T06:36:07.201Z', 'age': 43}, 'registered': {'date': '2016-06-22T15:55:11.326Z', 'age': 7}, 'phone': '0113272 104 3671', 'cell': '07462 298657', 'id': {'name': 'NINO', 'value': 'TH 03 56 91 H'}, 'picture': {'large': 'https://randomuser.me/api/portraits/women/67.jpg', 'medium': 'https://randomuser.me/api/portraits/med/women/67.jpg', 'thumbnail': 'https://randomuser.me/api/portraits/thumb/women/67.jpg'}, 'nat': 'GB'}</msg>
<arg>${json_data['results'][0]}</arg>
<doc>Logs the given message with the given level.</doc>
<status status="PASS" start="2024-06-19T09:19:12.124781" elapsed="0.000435"/>
</kw>
<kw name="Log" owner="BuiltIn">
<msg time="2024-06-19T09:19:12.125671" level="INFO">name</msg>
<arg>${key}</arg>
<doc>Logs the given message with the given level.</doc>
<status status="PASS" start="2024-06-19T09:19:12.125533" elapsed="0.000176"/>
</kw>
<var name="${key}">name</var>
<status status="PASS" start="2024-06-19T09:19:12.124085" elapsed="0.001851"/>
</iter>
<iter>
<kw name="Dictionary Should Contain Key" owner="Collections">
<arg>${json_data['results'][0]}</arg>
<arg>${key}</arg>
<doc>Fails if ``key`` is not found from ``dictionary``.</doc>
<status status="PASS" start="2024-06-19T09:19:12.126222" elapsed="0.000379"/>
</kw>
<kw name="Log" owner="BuiltIn">
<msg time="2024-06-19T09:19:12.127128" level="INFO">{'gender': 'female', 'name': {'title': 'Miss', 'first': 'Alex', 'last': 'Frazier'}, 'location': {'street': {'number': 867, 'name': 'School Lane'}, 'city': 'Swansea', 'state': 'East Sussex', 'country': 'United Kingdom', 'postcode': 'RG6 4YJ', 'coordinates': {'latitude': '-7.9573', 'longitude': '33.1236'}, 'timezone': {'offset': '+4:30', 'description': 'Kabul'}}, 'email': 'alex.frazier@example.com', 'login': {'uuid': '041a1bd5-b104-45b2-a1f5-23abba3647e3', 'username': 'goldencat305', 'password': 'wind', 'salt': 'ectvQhlg', 'md5': '2c5e6237527c115328be841607bb6d88', 'sha1': '7c272658eab8e6d80255cb3e969eb21b75ed8f30', 'sha256': '6440cf208f93a13914340a161a87efaee52dacd775ae474cad94fb9555ead153'}, 'dob': {'date': '1981-06-11T06:36:07.201Z', 'age': 43}, 'registered': {'date': '2016-06-22T15:55:11.326Z', 'age': 7}, 'phone': '0113272 104 3671', 'cell': '07462 298657', 'id': {'name': 'NINO', 'value': 'TH 03 56 91 H'}, 'picture': {'large': 'https://randomuser.me/api/portraits/women/67.jpg', 'medium': 'https://randomuser.me/api/portraits/med/women/67.jpg', 'thumbnail': 'https://randomuser.me/api/portraits/thumb/women/67.jpg'}, 'nat': 'GB'}</msg>
<arg>${json_data['results'][0]}</arg>
<doc>Logs the given message with the given level.</doc>
<status status="PASS" start="2024-06-19T09:19:12.126787" elapsed="0.000389"/>
</kw>
<kw name="Log" owner="BuiltIn">
<msg time="2024-06-19T09:19:12.127591" level="INFO">location</msg>
<arg>${key}</arg>
<doc>Logs the given message with the given level.</doc>
<status status="PASS" start="2024-06-19T09:19:12.127466" elapsed="0.000163"/>
</kw>
<var name="${key}">location</var>
<status status="PASS" start="2024-06-19T09:19:12.126115" elapsed="0.001733"/>
</iter>
<iter>
<kw name="Dictionary Should Contain Key" owner="Collections">
<arg>${json_data['results'][0]}</arg>
<arg>${key}</arg>
<doc>Fails if ``key`` is not found from ``dictionary``.</doc>
<status status="PASS" start="2024-06-19T09:19:12.128126" elapsed="0.000381"/>
</kw>
<kw name="Log" owner="BuiltIn">
<msg time="2024-06-19T09:19:12.129044" level="INFO">{'gender': 'female', 'name': {'title': 'Miss', 'first': 'Alex', 'last': 'Frazier'}, 'location': {'street': {'number': 867, 'name': 'School Lane'}, 'city': 'Swansea', 'state': 'East Sussex', 'country': 'United Kingdom', 'postcode': 'RG6 4YJ', 'coordinates': {'latitude': '-7.9573', 'longitude': '33.1236'}, 'timezone': {'offset': '+4:30', 'description': 'Kabul'}}, 'email': 'alex.frazier@example.com', 'login': {'uuid': '041a1bd5-b104-45b2-a1f5-23abba3647e3', 'username': 'goldencat305', 'password': 'wind', 'salt': 'ectvQhlg', 'md5': '2c5e6237527c115328be841607bb6d88', 'sha1': '7c272658eab8e6d80255cb3e969eb21b75ed8f30', 'sha256': '6440cf208f93a13914340a161a87efaee52dacd775ae474cad94fb9555ead153'}, 'dob': {'date': '1981-06-11T06:36:07.201Z', 'age': 43}, 'registered': {'date': '2016-06-22T15:55:11.326Z', 'age': 7}, 'phone': '0113272 104 3671', 'cell': '07462 298657', 'id': {'name': 'NINO', 'value': 'TH 03 56 91 H'}, 'picture': {'large': 'https://randomuser.me/api/portraits/women/67.jpg', 'medium': 'https://randomuser.me/api/portraits/med/women/67.jpg', 'thumbnail': 'https://randomuser.me/api/portraits/thumb/women/67.jpg'}, 'nat': 'GB'}</msg>
<arg>${json_data['results'][0]}</arg>
<doc>Logs the given message with the given level.</doc>
<status status="PASS" start="2024-06-19T09:19:12.128691" elapsed="0.000403"/>
</kw>
<kw name="Log" owner="BuiltIn">
<msg time="2024-06-19T09:19:12.129543" level="INFO">email</msg>
<arg>${key}</arg>
<doc>Logs the given message with the given level.</doc>
<status status="PASS" start="2024-06-19T09:19:12.129394" elapsed="0.000197"/>
</kw>
<var name="${key}">email</var>
<status status="PASS" start="2024-06-19T09:19:12.128020" elapsed="0.001788"/>
</iter>
<iter>
<kw name="Dictionary Should Contain Key" owner="Collections">
<arg>${json_data['results'][0]}</arg>
<arg>${key}</arg>
<doc>Fails if ``key`` is not found from ``dictionary``.</doc>
<status status="PASS" start="2024-06-19T09:19:12.130087" elapsed="0.000375"/>
</kw>
<kw name="Log" owner="BuiltIn">
<msg time="2024-06-19T09:19:12.130993" level="INFO">{'gender': 'female', 'name': {'title': 'Miss', 'first': 'Alex', 'last': 'Frazier'}, 'location': {'street': {'number': 867, 'name': 'School Lane'}, 'city': 'Swansea', 'state': 'East Sussex', 'country': 'United Kingdom', 'postcode': 'RG6 4YJ', 'coordinates': {'latitude': '-7.9573', 'longitude': '33.1236'}, 'timezone': {'offset': '+4:30', 'description': 'Kabul'}}, 'email': 'alex.frazier@example.com', 'login': {'uuid': '041a1bd5-b104-45b2-a1f5-23abba3647e3', 'username': 'goldencat305', 'password': 'wind', 'salt': 'ectvQhlg', 'md5': '2c5e6237527c115328be841607bb6d88', 'sha1': '7c272658eab8e6d80255cb3e969eb21b75ed8f30', 'sha256': '6440cf208f93a13914340a161a87efaee52dacd775ae474cad94fb9555ead153'}, 'dob': {'date': '1981-06-11T06:36:07.201Z', 'age': 43}, 'registered': {'date': '2016-06-22T15:55:11.326Z', 'age': 7}, 'phone': '0113272 104 3671', 'cell': '07462 298657', 'id': {'name': 'NINO', 'value': 'TH 03 56 91 H'}, 'picture': {'large': 'https://randomuser.me/api/portraits/women/67.jpg', 'medium': 'https://randomuser.me/api/portraits/med/women/67.jpg', 'thumbnail': 'https://randomuser.me/api/portraits/thumb/women/67.jpg'}, 'nat': 'GB'}</msg>
<arg>${json_data['results'][0]}</arg>
<doc>Logs the given message with the given level.</doc>
<status status="PASS" start="2024-06-19T09:19:12.130644" elapsed="0.000397"/>
</kw>
<kw name="Log" owner="BuiltIn">
<msg time="2024-06-19T09:19:12.131569" level="INFO">login</msg>
<arg>${key}</arg>
<doc>Logs the given message with the given level.</doc>
<status status="PASS" start="2024-06-19T09:19:12.131333" elapsed="0.000274"/>
</kw>
<var name="${key}">login</var>
<status status="PASS" start="2024-06-19T09:19:12.129979" elapsed="0.001851"/>
</iter>
<var>${key}</var>
<value>@{expected_keys}</value>
<status status="PASS" start="2024-06-19T09:19:12.121856" elapsed="0.010093"/>
</for>
<kw name="Create List" owner="BuiltIn">
<msg time="2024-06-19T09:19:12.132268" level="INFO">${expected_keysTwo} = ['username', 'password']</msg>
<var>${expected_keysTwo}</var>
<arg>username</arg>
<arg>password</arg>
<doc>Returns a list containing given items.</doc>
<status status="PASS" start="2024-06-19T09:19:12.132135" elapsed="0.000158"/>
</kw>
<for flavor="IN">
<iter>
<kw name="Dictionary Should Contain Key" owner="Collections">
<arg>${json_data['results'][0]['login']}</arg>
<arg>${keyTwo}</arg>
<doc>Fails if ``key`` is not found from ``dictionary``.</doc>
<status status="PASS" start="2024-06-19T09:19:12.132820" elapsed="0.000382"/>
</kw>
<kw name="Dictionary Should Contain Key" owner="Collections">
<arg>${json_data['results'][0]['login']}</arg>
<arg>${keyTwo}</arg>
<doc>Fails if ``key`` is not found from ``dictionary``.</doc>
<status status="PASS" start="2024-06-19T09:19:12.133384" elapsed="0.000409"/>
</kw>
<kw name="Log" owner="BuiltIn">
<msg time="2024-06-19T09:19:12.134098" level="INFO">username</msg>
<arg>${keyTwo}</arg>
<doc>Logs the given message with the given level.</doc>
<status status="PASS" start="2024-06-19T09:19:12.133975" elapsed="0.000160"/>
</kw>
<var name="${keyTwo}">username</var>
<status status="PASS" start="2024-06-19T09:19:12.132712" elapsed="0.001647"/>
</iter>
<iter>
<kw name="Dictionary Should Contain Key" owner="Collections">
<arg>${json_data['results'][0]['login']}</arg>
<arg>${keyTwo}</arg>
<doc>Fails if ``key`` is not found from ``dictionary``.</doc>
<status status="PASS" start="2024-06-19T09:19:12.134639" elapsed="0.000375"/>
</kw>
<kw name="Dictionary Should Contain Key" owner="Collections">
<arg>${json_data['results'][0]['login']}</arg>
<arg>${keyTwo}</arg>
<doc>Fails if ``key`` is not found from ``dictionary``.</doc>
<status status="PASS" start="2024-06-19T09:19:12.135192" elapsed="0.000367"/>
</kw>
<kw name="Log" owner="BuiltIn">
<msg time="2024-06-19T09:19:12.135854" level="INFO">password</msg>
<arg>${keyTwo}</arg>
<doc>Logs the given message with the given level.</doc>
<status status="PASS" start="2024-06-19T09:19:12.135737" elapsed="0.000154"/>
</kw>
<var name="${keyTwo}">password</var>
<status status="PASS" start="2024-06-19T09:19:12.134533" elapsed="0.001576"/>
</iter>
<var>${keyTwo}</var>
<value>@{expected_keysTwo}</value>
<status status="PASS" start="2024-06-19T09:19:12.132554" elapsed="0.003676"/>
</for>
<status status="PASS" start="2024-06-19T09:19:12.044015" elapsed="0.092356"/>
</kw>
<doc>Testa a estrutura da resposta da API.</doc>
<tag>testeEstruturaResposta</tag>
<status status="PASS" start="2024-06-19T09:19:12.043256" elapsed="0.093270"/>
</test>
<test id="s1-s1-t4" name="Validar tipos de dados" line="28">
<kw name="Teste de Tipos de Dados" owner="random-user-service">
<kw name="GET On Session" owner="RequestsLibrary">
<msg time="2024-06-19T09:19:12.217286" level="INFO">GET Request : url=https://randomuser.me/api 
 path_url=/api 
 headers={'User-Agent': 'python-requests/2.32.3', 'Accept-Encoding': 'gzip, deflate', 'Accept': '*/*', 'Connection': 'keep-alive'} 
 body=None 
 </msg>
<msg time="2024-06-19T09:19:12.217391" level="INFO">GET Response : url=https://randomuser.me/api 
 status=200, reason=OK 
 headers={'Date': 'Wed, 19 Jun 2024 09:19:12 GMT', 'Content-Type': 'application/json; charset=utf-8', 'Transfer-Encoding': 'chunked', 'Connection': 'keep-alive', 'X-Powered-By': 'Express', 'Access-Control-Allow-Origin': '*', 'Cache-Control': 'no-cache', 'ETag': 'W/"4ae-o/7osF7yjVvqy1fftC6xjgFzRx4"', 'Vary': 'Accept-Encoding', 'Content-Encoding': 'gzip', 'CF-Cache-Status': 'DYNAMIC', 'Report-To': '{"endpoints":[{"url":"https:\\/\\/a.nel.cloudflare.com\\/report\\/v4?s=E28KHUUvLkDfJO728oxAvEcUFFi9%2FbzxMv1KCy6np5xBkMjIYb9nVtYu6OLUlatxHKG6zB2fKidPsbwWZlvxTHrCgSXrZJwx6ozJOFwEzqEAOz1lI7pUrI%2Bc0A%2Fs274q"}],"group":"cf-nel","max_age":604800}', 'NEL': '{"success_fraction":0,"report_to":"cf-nel","max_age":604800}', 'Server': 'cloudflare', 'CF-RAY': '89626fa4ed6137ee-IAD', 'alt-svc': 'h3=":443"; ma=86400'} 
 body={"results":[{"gender":"female","name":{"title":"Mrs","first":"Gayathri","last":"Salian"},"location":{"street":{"number":6585,"name":"Dadabhai Naoroji Rd"},"city":"Tirupati","state":"Himachal Pradesh","country":"India","postcode":38081,"coordinates":{"latitude":"9.0081","longitude":"161.8979"},"timezone":{"offset":"+5:00","description":"Ekaterinburg, Islamabad, Karachi, Tashkent"}},"email":"gayathri.salian@example.com","login":{"uuid":"3c7aa4f6-44a5-4403-bce6-9085c6c80cd4","username":"greenmeercat137","password":"touching","salt":"tQxrdo7Y","md5":"b681ae0fd3f7d642c677b7317da509dc","sha1":"2ae945db6d19e96e1c659c8ec52f83eb1f9357fc","sha256":"3fabf2ac4176e20da26265b3884db90ea4f732e2f161dc799f79663bc518bff5"},"dob":{"date":"1975-07-28T10:20:40.276Z","age":48},"registered":{"date":"2008-12-17T04:06:55.202Z","age":15},"phone":"8750782754","cell":"8864092509","id":{"name":"UIDAI","value":"084800300177"},"picture":{"large":"https://randomuser.me/api/portraits/women/76.jpg","medium":"https://randomuser.me/api/portraits/med/women/76.jpg","thumbnail":"https://randomuser.me/api/portraits/thumb/women/76.jpg"},"nat":"IN"}],"info":{"seed":"9b27fa4f15637aa4","results":1,"page":1,"version":"1.4"}} 
 </msg>
<msg time="2024-06-19T09:19:12.217492" level="INFO">/opt/hostedtoolcache/Python/3.12.3/x64/lib/python3.12/site-packages/urllib3/connectionpool.py:1099: InsecureRequestWarning: Unverified HTTPS request is being made to host 'randomuser.me'. Adding certificate verification is strongly advised. See: https://urllib3.readthedocs.io/en/latest/advanced-usage.html#tls-warnings
  warnings.warn(</msg>
<msg time="2024-06-19T09:19:12.217612" level="INFO">${response} = &lt;Response [200]&gt;</msg>
<var>${response}</var>
<arg>consultarAPI</arg>
<arg>/api</arg>
<doc>Sends a GET request on a previously created HTTP Session.</doc>
<status status="PASS" start="2024-06-19T09:19:12.139026" elapsed="0.078628"/>
</kw>
<kw name="Set Variable" owner="BuiltIn">
<msg time="2024-06-19T09:19:12.218674" level="INFO">${json_data} = {'results': [{'gender': 'female', 'name': {'title': 'Mrs', 'first': 'Gayathri', 'last': 'Salian'}, 'location': {'street': {'number': 6585, 'name': 'Dadabhai Naoroji Rd'}, 'city': 'Tirupati', 'state': ...</msg>
<var>${json_data}</var>
<arg>${response.json()}</arg>
<doc>Returns the given values which can then be assigned to a variables.</doc>
<status status="PASS" start="2024-06-19T09:19:12.218155" elapsed="0.000550"/>
</kw>
<kw name="Log" owner="BuiltIn">
<msg time="2024-06-19T09:19:12.219164" level="INFO">{'results': [{'gender': 'female', 'name': {'title': 'Mrs', 'first': 'Gayathri', 'last': 'Salian'}, 'location': {'street': {'number': 6585, 'name': 'Dadabhai Naoroji Rd'}, 'city': 'Tirupati', 'state': 'Himachal Pradesh', 'country': 'India', 'postcode': 38081, 'coordinates': {'latitude': '9.0081', 'longitude': '161.8979'}, 'timezone': {'offset': '+5:00', 'description': 'Ekaterinburg, Islamabad, Karachi, Tashkent'}}, 'email': 'gayathri.salian@example.com', 'login': {'uuid': '3c7aa4f6-44a5-4403-bce6-9085c6c80cd4', 'username': 'greenmeercat137', 'password': 'touching', 'salt': 'tQxrdo7Y', 'md5': 'b681ae0fd3f7d642c677b7317da509dc', 'sha1': '2ae945db6d19e96e1c659c8ec52f83eb1f9357fc', 'sha256': '3fabf2ac4176e20da26265b3884db90ea4f732e2f161dc799f79663bc518bff5'}, 'dob': {'date': '1975-07-28T10:20:40.276Z', 'age': 48}, 'registered': {'date': '2008-12-17T04:06:55.202Z', 'age': 15}, 'phone': '8750782754', 'cell': '8864092509', 'id': {'name': 'UIDAI', 'value': '084800300177'}, 'picture': {'large': 'https://randomuser.me/api/portraits/women/76.jpg', 'medium': 'https://randomuser.me/api/portraits/med/women/76.jpg', 'thumbnail': 'https://randomuser.me/api/portraits/thumb/women/76.jpg'}, 'nat': 'IN'}], 'info': {'seed': '9b27fa4f15637aa4', 'results': 1, 'page': 1, 'version': '1.4'}}</msg>
<arg>${json_data}</arg>
<doc>Logs the given message with the given level.</doc>
<status status="PASS" start="2024-06-19T09:19:12.219012" elapsed="0.000201"/>
</kw>
<kw name="Should Be String" owner="String">
<arg>${json_data['results'][0]['gender']}</arg>
<doc>Fails if the given ``item`` is not a string.</doc>
<status status="PASS" start="2024-06-19T09:19:12.219499" elapsed="0.000361"/>
</kw>
<kw name="Should Match Regexp" owner="BuiltIn">
<arg>${json_data['results'][0]['email']}</arg>
<arg>^[a-zA-Z0-9._%+-]+@[a-zA-Z0-9.-]+\.[a-zA-Z]{2,}$</arg>
<doc>Fails if ``string`` does not match ``pattern`` as a regular expression.</doc>
<status status="PASS" start="2024-06-19T09:19:12.220047" elapsed="0.000512"/>
</kw>
<kw name="Should Match Regexp" owner="BuiltIn">
<arg>${json_data['results'][0]['dob']['date']}</arg>
<arg>\\d{4}-\\d{2}-\\d{2}T\\d{2}:\\d{2}:\\d{2}\\.\\d{3}Z</arg>
<doc>Fails if ``string`` does not match ``pattern`` as a regular expression.</doc>
<status status="PASS" start="2024-06-19T09:19:12.220802" elapsed="0.000495"/>
</kw>
<kw name="Should Match Regexp" owner="BuiltIn">
<arg>${json_data['results'][0]['registered']['date']}</arg>
<arg>\\d{4}-\\d{2}-\\d{2}T\\d{2}:\\d{2}:\\d{2}\\.\\d{3}Z</arg>
<doc>Fails if ``string`` does not match ``pattern`` as a regular expression.</doc>
<status status="PASS" start="2024-06-19T09:19:12.221521" elapsed="0.000380"/>
</kw>
<kw name="Should Match Regexp" owner="BuiltIn">
<arg>${json_data['results'][0]['picture']['large']}</arg>
<arg>^https?://.*\.(?:png|jpe?g|gif|bmp)$</arg>
<doc>Fails if ``string`` does not match ``pattern`` as a regular expression.</doc>
<status status="PASS" start="2024-06-19T09:19:12.222087" elapsed="0.000469"/>
</kw>
<kw name="Should Match Regexp" owner="BuiltIn">
<arg>${json_data['results'][0]['picture']['medium']}</arg>
<arg>^https?://.*\.(?:png|jpe?g|gif|bmp)$</arg>
<doc>Fails if ``string`` does not match ``pattern`` as a regular expression.</doc>
<status status="PASS" start="2024-06-19T09:19:12.222747" elapsed="0.000351"/>
</kw>
<kw name="Should Match Regexp" owner="BuiltIn">
<arg>${json_data['results'][0]['picture']['thumbnail']}</arg>
<arg>^https?://.*\.(?:png|jpe?g|gif|bmp)$</arg>
<doc>Fails if ``string`` does not match ``pattern`` as a regular expression.</doc>
<status status="PASS" start="2024-06-19T09:19:12.223284" elapsed="0.000342"/>
</kw>
<kw name="Log" owner="BuiltIn">
<msg time="2024-06-19T09:19:12.224133" level="INFO">{'large': 'https://randomuser.me/api/portraits/women/76.jpg', 'medium': 'https://randomuser.me/api/portraits/med/women/76.jpg', 'thumbnail': 'https://randomuser.me/api/portraits/thumb/women/76.jpg'}</msg>
<arg>${json_data['results'][0]['picture']}</arg>
<doc>Logs the given message with the given level.</doc>
<status status="PASS" start="2024-06-19T09:19:12.223806" elapsed="0.000370"/>
</kw>
<status status="PASS" start="2024-06-19T09:19:12.138797" elapsed="0.085639"/>
</kw>
<kw name="Teste de Tipos de Dados - Postcode" owner="random-user-service">
<kw name="GET On Session" owner="RequestsLibrary">
<msg time="2024-06-19T09:19:12.316148" level="INFO">GET Request : url=https://randomuser.me/api 
 path_url=/api 
 headers={'User-Agent': 'python-requests/2.32.3', 'Accept-Encoding': 'gzip, deflate', 'Accept': '*/*', 'Connection': 'keep-alive'} 
 body=None 
 </msg>
<msg time="2024-06-19T09:19:12.316255" level="INFO">GET Response : url=https://randomuser.me/api 
 status=200, reason=OK 
 headers={'Date': 'Wed, 19 Jun 2024 09:19:12 GMT', 'Content-Type': 'application/json; charset=utf-8', 'Transfer-Encoding': 'chunked', 'Connection': 'keep-alive', 'X-Powered-By': 'Express', 'Access-Control-Allow-Origin': '*', 'Cache-Control': 'no-cache', 'ETag': 'W/"49b-7SBAMJxDC5wO5KuftQxtJ6O9BBk"', 'Vary': 'Accept-Encoding', 'Content-Encoding': 'gzip', 'CF-Cache-Status': 'DYNAMIC', 'Report-To': '{"endpoints":[{"url":"https:\\/\\/a.nel.cloudflare.com\\/report\\/v4?s=0PZeyrwLVk2lqeHImjHe3QQCVpVW1f2TEoy2fYiImbzgysw8AXUEy6xxDXqyx7McdF67iwHmIB4CgC%2B02OaXysf%2BdElCJNyXVF68WhwgxwjPu9TNKNSCWXEQ1TLNPKP8"}],"group":"cf-nel","max_age":604800}', 'NEL': '{"success_fraction":0,"report_to":"cf-nel","max_age":604800}', 'Server': 'cloudflare', 'CF-RAY': '89626fa56d9e37ee-IAD', 'alt-svc': 'h3=":443"; ma=86400'} 
 body={"results":[{"gender":"female","name":{"title":"Miss","first":"ملینا","last":"جعفری"},"location":{"street":{"number":3313,"name":"آزادی"},"city":"کرج","state":"اردبیل","country":"Iran","postcode":47127,"coordinates":{"latitude":"14.4637","longitude":"155.0653"},"timezone":{"offset":"0:00","description":"Western Europe Time, London, Lisbon, Casablanca"}},"email":"mlyn.jaafry@example.com","login":{"uuid":"a00750e1-6350-4109-8ce2-a01cfda4269a","username":"blackostrich150","password":"tunafish","salt":"ptaeaLHX","md5":"9c8346c2be8cc56285440b57111ea536","sha1":"48fe5aee700c80219435bf4e735666f90ecbdca8","sha256":"61d1ec138978ac16515a6929c8bd8df24ff217484af08ace5aac45fbcc8a57ad"},"dob":{"date":"1948-12-04T00:19:25.018Z","age":75},"registered":{"date":"2017-06-12T17:57:05.771Z","age":7},"phone":"086-21456480","cell":"0943-132-9898","id":{"name":"","value":null},"picture":{"large":"https://randomuser.me/api/portraits/women/95.jpg","medium":"https://randomuser.me/api/portraits/med/women/95.jpg","thumbnail":"https://randomuser.me/api/portraits/thumb/women/95.jpg"},"nat":"IR"}],"info":{"seed":"8ba47c911c543e97","results":1,"page":1,"version":"1.4"}} 
 </msg>
<msg time="2024-06-19T09:19:12.316359" level="INFO">/opt/hostedtoolcache/Python/3.12.3/x64/lib/python3.12/site-packages/urllib3/connectionpool.py:1099: InsecureRequestWarning: Unverified HTTPS request is being made to host 'randomuser.me'. Adding certificate verification is strongly advised. See: https://urllib3.readthedocs.io/en/latest/advanced-usage.html#tls-warnings
  warnings.warn(</msg>
<msg time="2024-06-19T09:19:12.316492" level="INFO">${response} = &lt;Response [200]&gt;</msg>
<var>${response}</var>
<arg>consultarAPI</arg>
<arg>/api</arg>
<doc>Sends a GET request on a previously created HTTP Session.</doc>
<status status="PASS" start="2024-06-19T09:19:12.224900" elapsed="0.091638"/>
</kw>
<kw name="Set Variable" owner="BuiltIn">
<msg time="2024-06-19T09:19:12.317625" level="INFO">${json_data} = {'results': [{'gender': 'female', 'name': {'title': 'Miss', 'first': 'ملینا', 'last': 'جعفری'}, 'location': {'street': {'number': 3313, 'name': 'آزادی'}, 'city': 'کرج', 'state': 'اردبیل', 'country': '...</msg>
<var>${json_data}</var>
<arg>${response.json()}</arg>
<doc>Returns the given values which can then be assigned to a variables.</doc>
<status status="PASS" start="2024-06-19T09:19:12.317065" elapsed="0.000590"/>
</kw>
<kw name="Log" owner="BuiltIn">
<msg time="2024-06-19T09:19:12.318139" level="INFO">{'results': [{'gender': 'female', 'name': {'title': 'Miss', 'first': 'ملینا', 'last': 'جعفری'}, 'location': {'street': {'number': 3313, 'name': 'آزادی'}, 'city': 'کرج', 'state': 'اردبیل', 'country': 'Iran', 'postcode': 47127, 'coordinates': {'latitude': '14.4637', 'longitude': '155.0653'}, 'timezone': {'offset': '0:00', 'description': 'Western Europe Time, London, Lisbon, Casablanca'}}, 'email': 'mlyn.jaafry@example.com', 'login': {'uuid': 'a00750e1-6350-4109-8ce2-a01cfda4269a', 'username': 'blackostrich150', 'password': 'tunafish', 'salt': 'ptaeaLHX', 'md5': '9c8346c2be8cc56285440b57111ea536', 'sha1': '48fe5aee700c80219435bf4e735666f90ecbdca8', 'sha256': '61d1ec138978ac16515a6929c8bd8df24ff217484af08ace5aac45fbcc8a57ad'}, 'dob': {'date': '1948-12-04T00:19:25.018Z', 'age': 75}, 'registered': {'date': '2017-06-12T17:57:05.771Z', 'age': 7}, 'phone': '086-21456480', 'cell': '0943-132-9898', 'id': {'name': '', 'value': None}, 'picture': {'large': 'https://randomuser.me/api/portraits/women/95.jpg', 'medium': 'https://randomuser.me/api/portraits/med/women/95.jpg', 'thumbnail': 'https://randomuser.me/api/portraits/thumb/women/95.jpg'}, 'nat': 'IR'}], 'info': {'seed': '8ba47c911c543e97', 'results': 1, 'page': 1, 'version': '1.4'}}</msg>
<arg>${json_data}</arg>
<doc>Logs the given message with the given level.</doc>
<status status="PASS" start="2024-06-19T09:19:12.317975" elapsed="0.000215"/>
</kw>
<kw name="Should Be Equal As Numbers" owner="BuiltIn">
<arg>${json_data['results'][0]['location']['postcode']}</arg>
<arg>${json_data['results'][0]['location']['postcode']}</arg>
<doc>Fails if objects are unequal after converting them to real numbers.</doc>
<status status="PASS" start="2024-06-19T09:19:12.318488" elapsed="0.000618"/>
</kw>
<kw name="Log" owner="BuiltIn">
<msg time="2024-06-19T09:19:12.319629" level="INFO">47127</msg>
<arg>${json_data['results'][0]['location']['postcode']}</arg>
<doc>Logs the given message with the given level.</doc>
<status status="PASS" start="2024-06-19T09:19:12.319296" elapsed="0.000374"/>
</kw>
<status status="PASS" start="2024-06-19T09:19:12.224666" elapsed="0.095297"/>
</kw>
<doc>Testa se os tipos de dados na resposta da API estão corretos.</doc>
<tag>testeTiposDados</tag>
<status status="PASS" start="2024-06-19T09:19:12.138336" elapsed="0.181801"/>
</test>
<test id="s1-s1-t5" name="Validar conteudo" line="35">
<kw name="Teste de Tipos de Conteudo" owner="random-user-service">
<kw name="GET On Session" owner="RequestsLibrary">
<msg time="2024-06-19T09:19:12.416824" level="INFO">GET Request : url=https://randomuser.me/api 
 path_url=/api 
 headers={'User-Agent': 'python-requests/2.32.3', 'Accept-Encoding': 'gzip, deflate', 'Accept': '*/*', 'Connection': 'keep-alive'} 
 body=None 
 </msg>
<msg time="2024-06-19T09:19:12.416909" level="INFO">GET Response : url=https://randomuser.me/api 
 status=200, reason=OK 
 headers={'Date': 'Wed, 19 Jun 2024 09:19:12 GMT', 'Content-Type': 'application/json; charset=utf-8', 'Transfer-Encoding': 'chunked', 'Connection': 'keep-alive', 'X-Powered-By': 'Express', 'Access-Control-Allow-Origin': '*', 'Cache-Control': 'no-cache', 'ETag': 'W/"49a-JMFpD8+QAmsFRR1fCtWJyP4p0KE"', 'Vary': 'Accept-Encoding', 'Content-Encoding': 'gzip', 'CF-Cache-Status': 'DYNAMIC', 'Report-To': '{"endpoints":[{"url":"https:\\/\\/a.nel.cloudflare.com\\/report\\/v4?s=VKp0%2Ff%2BRC%2BXybPf%2B3rfPP7RNS7GqCAMhGLrd9jfUWGAxDeHTrcxyAFt1bdLpziGrJpPCe4gBy0a1NYwUcpFtKelZbg3dzWa0C%2BfXriKkw%2F%2BUtoealtaVBi1HZGhLXpgO"}],"group":"cf-nel","max_age":604800}', 'NEL': '{"success_fraction":0,"report_to":"cf-nel","max_age":604800}', 'Server': 'cloudflare', 'CF-RAY': '89626fa60deb37ee-IAD', 'alt-svc': 'h3=":443"; ma=86400'} 
 body={"results":[{"gender":"female","name":{"title":"Ms","first":"Dulce","last":"Gonçalves"},"location":{"street":{"number":3593,"name":"Rua Vinte E Quatro de Outubro"},"city":"Teresópolis","state":"Bahia","country":"Brazil","postcode":52576,"coordinates":{"latitude":"-76.2842","longitude":"105.7621"},"timezone":{"offset":"-10:00","description":"Hawaii"}},"email":"dulce.goncalves@example.com","login":{"uuid":"37d15fe2-74ef-4502-904d-6fd79dec8880","username":"ticklishgorilla992","password":"divine","salt":"p37vcigd","md5":"908e70e538af1ec1037ac9ab4195b7fc","sha1":"1cea6ad9a0c23d091bea7750f9d330ecc8408bc8","sha256":"df5af3abb3577d8760c2c6f4b6679362c912b4e4e92673e402f0413d36aeb63c"},"dob":{"date":"1993-07-04T13:51:43.032Z","age":30},"registered":{"date":"2011-11-04T14:08:03.362Z","age":12},"phone":"(88) 7555-0213","cell":"(61) 0380-1719","id":{"name":"CPF","value":"795.699.647-05"},"picture":{"large":"https://randomuser.me/api/portraits/women/54.jpg","medium":"https://randomuser.me/api/portraits/med/women/54.jpg","thumbnail":"https://randomuser.me/api/portraits/thumb/women/54.jpg"},"nat":"BR"}],"info":{"seed":"2a68fc3d6ee7159f","results":1,"page":1,"version":"1.4"}} 
 </msg>
<msg time="2024-06-19T09:19:12.416977" level="INFO">/opt/hostedtoolcache/Python/3.12.3/x64/lib/python3.12/site-packages/urllib3/connectionpool.py:1099: InsecureRequestWarning: Unverified HTTPS request is being made to host 'randomuser.me'. Adding certificate verification is strongly advised. See: https://urllib3.readthedocs.io/en/latest/advanced-usage.html#tls-warnings
  warnings.warn(</msg>
<msg time="2024-06-19T09:19:12.417080" level="INFO">${response} = &lt;Response [200]&gt;</msg>
<var>${response}</var>
<arg>consultarAPI</arg>
<arg>/api</arg>
<doc>Sends a GET request on a previously created HTTP Session.</doc>
<status status="PASS" start="2024-06-19T09:19:12.322618" elapsed="0.094487"/>
</kw>
<kw name="Set Variable" owner="BuiltIn">
<msg time="2024-06-19T09:19:12.418102" level="INFO">${json_data} = {'results': [{'gender': 'female', 'name': {'title': 'Ms', 'first': 'Dulce', 'last': 'Gonçalves'}, 'location': {'street': {'number': 3593, 'name': 'Rua Vinte E Quatro de Outubro'}, 'city': 'Teresópolis...</msg>
<var>${json_data}</var>
<arg>${response.json()}</arg>
<doc>Returns the given values which can then be assigned to a variables.</doc>
<status status="PASS" start="2024-06-19T09:19:12.417607" elapsed="0.000524"/>
</kw>
<kw name="Set Variable" owner="BuiltIn">
<msg time="2024-06-19T09:19:12.418814" level="INFO">${name_title} = Ms</msg>
<var>${name_title}</var>
<arg>${json_data["results"][0]["name"]["title"]}</arg>
<doc>Returns the given values which can then be assigned to a variables.</doc>
<status status="PASS" start="2024-06-19T09:19:12.418431" elapsed="0.000408"/>
</kw>
<kw name="Create List" owner="BuiltIn">
<msg time="2024-06-19T09:19:12.419280" level="INFO">${allowed_titles} = ['Mr', 'Ms', 'Miss', 'Mrs', 'Madame', 'Monsieur']</msg>
<var>${allowed_titles}</var>
<arg>Mr</arg>
<arg>Ms</arg>
<arg>Miss</arg>
<arg>Mrs</arg>
<arg>Madame</arg>
<arg>Monsieur</arg>
<doc>Returns a list containing given items.</doc>
<status status="PASS" start="2024-06-19T09:19:12.419133" elapsed="0.000171"/>
</kw>
<kw name="List Should Contain Value" owner="Collections">
<arg>${allowed_titles}</arg>
<arg>${name_title}</arg>
<doc>Fails if the ``value`` is not found from ``list``.</doc>
<status status="PASS" start="2024-06-19T09:19:12.419606" elapsed="0.000173"/>
</kw>
<kw name="Set Variable" owner="BuiltIn">
<msg time="2024-06-19T09:19:12.420326" level="INFO">${name_country} = BR</msg>
<var>${name_country}</var>
<arg>${json_data["results"][0]["nat"]}</arg>
<doc>Returns the given values which can then be assigned to a variables.</doc>
<status status="PASS" start="2024-06-19T09:19:12.419961" elapsed="0.000389"/>
</kw>
<kw name="Create List" owner="BuiltIn">
<msg time="2024-06-19T09:19:12.421235" level="INFO">${list_country} = ['AD', 'AE', 'AF', 'AG', 'AI', 'AL', 'AM', 'AO', 'AQ', 'AR', 'AS', 'AT', 'AU', 'AW', 'AX', 'AZ', 'BA', 'BB', 'BD', 'BE', 'BF', 'BG', 'BH', 'BI', 'BJ', 'BL', 'BM', 'BN', 'BO', 'BQ', 'BR', 'BS', 'BT', '...</msg>
<var>${list_country}</var>
<arg>AD</arg>
<arg>AE</arg>
<arg>AF</arg>
<arg>AG</arg>
<arg>AI</arg>
<arg>AL</arg>
<arg>AM</arg>
<arg>AO</arg>
<arg>AQ</arg>
<arg>AR</arg>
<arg>AS</arg>
<arg>AT</arg>
<arg>AU</arg>
<arg>AW</arg>
<arg>AX</arg>
<arg>AZ</arg>
<arg>BA</arg>
<arg>BB</arg>
<arg>BD</arg>
<arg>BE</arg>
<arg>BF</arg>
<arg>BG</arg>
<arg>BH</arg>
<arg>BI</arg>
<arg>BJ</arg>
<arg>BL</arg>
<arg>BM</arg>
<arg>BN</arg>
<arg>BO</arg>
<arg>BQ</arg>
<arg>BR</arg>
<arg>BS</arg>
<arg>BT</arg>
<arg>BV</arg>
<arg>BW</arg>
<arg>BY</arg>
<arg>BZ</arg>
<arg>CA</arg>
<arg>CC</arg>
<arg>CD</arg>
<arg>CF</arg>
<arg>CG</arg>
<arg>CH</arg>
<arg>CI</arg>
<arg>CK</arg>
<arg>CL</arg>
<arg>CM</arg>
<arg>CN</arg>
<arg>CO</arg>
<arg>CR</arg>
<arg>CU</arg>
<arg>CV</arg>
<arg>CW</arg>
<arg>CX</arg>
<arg>CY</arg>
<arg>CZ</arg>
<arg>DE</arg>
<arg>DJ</arg>
<arg>DK</arg>
<arg>DM</arg>
<arg>DO</arg>
<arg>DZ</arg>
<arg>EC</arg>
<arg>EE</arg>
<arg>EG</arg>
<arg>EH</arg>
<arg>ER</arg>
<arg>ES</arg>
<arg>ET</arg>
<arg>FI</arg>
<arg>FJ</arg>
<arg>FK</arg>
<arg>FM</arg>
<arg>FO</arg>
<arg>FR</arg>
<arg>GA</arg>
<arg>GB</arg>
<arg>GD</arg>
<arg>GE</arg>
<arg>GF</arg>
<arg>GG</arg>
<arg>GH</arg>
<arg>GI</arg>
<arg>GL</arg>
<arg>GM</arg>
<arg>GN</arg>
<arg>GP</arg>
<arg>GQ</arg>
<arg>GR</arg>
<arg>GS</arg>
<arg>GT</arg>
<arg>GU</arg>
<arg>GW</arg>
<arg>GY</arg>
<arg>HK</arg>
<arg>HM</arg>
<arg>HN</arg>
<arg>HR</arg>
<arg>HT</arg>
<arg>HU</arg>
<arg>ID</arg>
<arg>IE</arg>
<arg>IL</arg>
<arg>IM</arg>
<arg>IN</arg>
<arg>IO</arg>
<arg>IQ</arg>
<arg>IR</arg>
<arg>IS</arg>
<arg>IT</arg>
<arg>JE</arg>
<arg>JM</arg>
<arg>JO</arg>
<arg>JP</arg>
<arg>KE</arg>
<arg>KG</arg>
<arg>KH</arg>
<arg>KI</arg>
<arg>KM</arg>
<arg>KN</arg>
<arg>KP</arg>
<arg>KR</arg>
<arg>KW</arg>
<arg>KY</arg>
<arg>KZ</arg>
<arg>LA</arg>
<arg>LB</arg>
<arg>LC</arg>
<arg>LI</arg>
<arg>LK</arg>
<arg>LR</arg>
<arg>LS</arg>
<arg>LT</arg>
<arg>LU</arg>
<arg>LV</arg>
<arg>LY</arg>
<arg>MA</arg>
<arg>MC</arg>
<arg>MD</arg>
<arg>ME</arg>
<arg>MF</arg>
<arg>MG</arg>
<arg>MH</arg>
<arg>MK</arg>
<arg>ML</arg>
<arg>MM</arg>
<arg>MN</arg>
<arg>MO</arg>
<arg>MP</arg>
<arg>MQ</arg>
<arg>MR</arg>
<arg>MS</arg>
<arg>MT</arg>
<arg>MU</arg>
<arg>MV</arg>
<arg>MW</arg>
<arg>MX</arg>
<arg>MY</arg>
<arg>MZ</arg>
<arg>NA</arg>
<arg>NC</arg>
<arg>NE</arg>
<arg>NF</arg>
<arg>NG</arg>
<arg>NI</arg>
<arg>NL</arg>
<arg>NO</arg>
<arg>NP</arg>
<arg>NR</arg>
<arg>NU</arg>
<arg>NZ</arg>
<arg>OM</arg>
<arg>PA</arg>
<arg>PE</arg>
<arg>PF</arg>
<arg>PG</arg>
<arg>PH</arg>
<arg>PK</arg>
<arg>PL</arg>
<arg>PM</arg>
<arg>PN</arg>
<arg>PR</arg>
<arg>PS</arg>
<arg>PT</arg>
<arg>PW</arg>
<arg>PY</arg>
<arg>QA</arg>
<arg>RE</arg>
<arg>RO</arg>
<arg>RS</arg>
<arg>RU</arg>
<arg>RW</arg>
<arg>SA</arg>
<arg>SB</arg>
<arg>SC</arg>
<arg>SD</arg>
<arg>SE</arg>
<arg>SG</arg>
<arg>SH</arg>
<arg>SI</arg>
<arg>SJ</arg>
<arg>SK</arg>
<arg>SL</arg>
<arg>SM</arg>
<arg>SN</arg>
<arg>SO</arg>
<arg>SR</arg>
<arg>SS</arg>
<arg>ST</arg>
<arg>SV</arg>
<arg>SX</arg>
<arg>SY</arg>
<arg>SZ</arg>
<arg>TC</arg>
<arg>TD</arg>
<arg>TF</arg>
<arg>TG</arg>
<arg>TH</arg>
<arg>TJ</arg>
<arg>TK</arg>
<arg>TL</arg>
<arg>TM</arg>
<arg>TN</arg>
<arg>TO</arg>
<arg>TR</arg>
<arg>TT</arg>
<arg>TV</arg>
<arg>TW</arg>
<arg>TZ</arg>
<arg>UA</arg>
<arg>UG</arg>
<arg>UM</arg>
<arg>US</arg>
<arg>UY</arg>
<arg>UZ</arg>
<arg>VA</arg>
<arg>VC</arg>
<arg>VE</arg>
<arg>VG</arg>
<arg>VI</arg>
<arg>VN</arg>
<arg>VU</arg>
<arg>WF</arg>
<arg>WS</arg>
<arg>XK</arg>
<arg>YE</arg>
<arg>YT</arg>
<arg>ZA</arg>
<arg>ZM</arg>
<arg>ZW</arg>
<doc>Returns a list containing given items.</doc>
<status status="PASS" start="2024-06-19T09:19:12.420639" elapsed="0.000623"/>
</kw>
<kw name="List Should Contain Value" owner="Collections">
<arg>${list_country}</arg>
<arg>${name_country}</arg>
<doc>Fails if the ``value`` is not found from ``list``.</doc>
<status status="PASS" start="2024-06-19T09:19:12.422100" elapsed="0.000205"/>
</kw>
<kw name="Run Keyword If" owner="BuiltIn">
<kw name="Should Be True" owner="BuiltIn">
<arg>${True}</arg>
<doc>Fails if the given condition is not true.</doc>
<status status="PASS" start="2024-06-19T09:19:12.423373" elapsed="0.000146"/>
</kw>
<arg>${json_data["results"][0]["location"]["coordinates"]["latitude"]} &gt;= -90 and ${json_data["results"][0]["location"]["coordinates"]["latitude"]} &lt;= 90</arg>
<arg>Should Be True</arg>
<arg>${True}</arg>
<doc>Runs the given keyword with the given arguments, if ``condition`` is true.</doc>
<status status="PASS" start="2024-06-19T09:19:12.422504" elapsed="0.001142"/>
</kw>
<kw name="Run Keyword If" owner="BuiltIn">
<kw name="Should Be True" owner="BuiltIn">
<arg>${True}</arg>
<doc>Fails if the given condition is not true.</doc>
<status status="PASS" start="2024-06-19T09:19:12.424508" elapsed="0.000136"/>
</kw>
<arg>${json_data["results"][0]["location"]["coordinates"]["longitude"]} &gt;= -180 and ${json_data["results"][0]["location"]["coordinates"]["longitude"]} &lt;= 180</arg>
<arg>Should Be True</arg>
<arg>${True}</arg>
<doc>Runs the given keyword with the given arguments, if ``condition`` is true.</doc>
<status status="PASS" start="2024-06-19T09:19:12.423827" elapsed="0.000941"/>
</kw>
<status status="PASS" start="2024-06-19T09:19:12.322393" elapsed="0.102506"/>
</kw>
<doc>Testa o conteúdo específico dos campos retornados pela API.</doc>
<tag>testeConteudo</tag>
<status status="PASS" start="2024-06-19T09:19:12.321927" elapsed="0.103120"/>
</test>
<status status="PASS" start="2024-06-19T09:19:11.591372" elapsed="0.835600"/>
</suite>
<status status="PASS" start="2024-06-19T09:19:11.577405" elapsed="0.854517"/>
</suite>
<statistics>
<total>
<stat pass="5" fail="0" skip="0">All Tests</stat>
</total>
<tag>
<stat pass="1" fail="0" skip="0">testeConteudo</stat>
<stat pass="1" fail="0" skip="0">testeEstruturaResposta</stat>
<stat pass="1" fail="0" skip="0">testeRequisicaoBasica</stat>
<stat pass="1" fail="0" skip="0">testeTiposDados</stat>
</tag>
<suite>
<stat pass="5" fail="0" skip="0" id="s1" name="Tests">Tests</stat>
<stat pass="5" fail="0" skip="0" id="s1-s1" name="Random-User-Test">Tests.Random-User-Test</stat>
</suite>
</statistics>
<errors>
</errors>
</robot>
