<?xml version="1.0" encoding="UTF-8"?>
<robot generator="Robot 7.0 (Python 3.12.3 on linux)" generated="2024-05-13T15:15:40.643693" rpa="false" schemaversion="5">
<suite id="s1" name="Tests" source="/home/runner/work/DesafioQAItauRogerioJordao/DesafioQAItauRogerioJordao/RamdonUser/tests">
<suite id="s1-s1" name="Random-User-Test" source="/home/runner/work/DesafioQAItauRogerioJordao/DesafioQAItauRogerioJordao/RamdonUser/tests/random-user-test.robot">
<test id="s1-s1-t1" name="Conectar" line="13">
<kw name="Conectar API" owner="random-user-service">
<kw name="Create Session" owner="RequestsLibrary">
<msg time="2024-05-13T15:15:41.012633" level="INFO">Creating Session using : alias=consultarAPI, url=https://randomuser.me/, headers={},                     cookies={}, auth=None, timeout=None, proxies=None, verify=False,                     debug=0 </msg>
<arg>consultarAPI</arg>
<arg>${URL}</arg>
<doc>Create Session: create a HTTP session to a server</doc>
<status status="PASS" start="2024-05-13T15:15:41.012423" elapsed="0.000448"/>
</kw>
<status status="PASS" start="2024-05-13T15:15:41.011418" elapsed="0.001832"/>
</kw>
<status status="PASS" start="2024-05-13T15:15:41.010774" elapsed="0.002668"/>
</test>
<test id="s1-s1-t2" name="Validar retorno 200 e JSON Válido" line="16">
<kw name="Teste de Requisicao Basica" owner="random-user-service">
<kw name="GET On Session" owner="RequestsLibrary">
<msg time="2024-05-13T15:15:41.112875" level="INFO">GET Request : url=https://randomuser.me/api 
 path_url=/api 
 headers={'User-Agent': 'python-requests/2.31.0', 'Accept-Encoding': 'gzip, deflate', 'Accept': '*/*', 'Connection': 'keep-alive'} 
 body=None 
 </msg>
<msg time="2024-05-13T15:15:41.113053" level="INFO">GET Response : url=https://randomuser.me/api 
 status=200, reason=OK 
 headers={'Date': 'Mon, 13 May 2024 15:15:41 GMT', 'Content-Type': 'application/json; charset=utf-8', 'Transfer-Encoding': 'chunked', 'Connection': 'keep-alive', 'X-Powered-By': 'Express', 'Access-Control-Allow-Origin': '*', 'Cache-Control': 'no-cache', 'ETag': 'W/"494-rUUfb/FQnjEO5V9qcraU5Rs0Pvk"', 'Vary': 'Accept-Encoding', 'Content-Encoding': 'gzip', 'CF-Cache-Status': 'DYNAMIC', 'Report-To': '{"endpoints":[{"url":"https:\\/\\/a.nel.cloudflare.com\\/report\\/v4?s=KjVZAiYsFKcackmksIIMP%2BbDI%2BZz7Yf5JARIWPV5qiMaCgzvHQJODab9TkTrOaiQGeCMCRdTAHKcO3yFIYnOo2N4YsXVSSSHBUO0vCDDMKxe1vpHHUlEjQZxU7Kzdkxu"}],"group":"cf-nel","max_age":604800}', 'NEL': '{"success_fraction":0,"report_to":"cf-nel","max_age":604800}', 'Server': 'cloudflare', 'CF-RAY': '88339af5a9af57ca-IAD', 'alt-svc': 'h3=":443"; ma=86400'} 
 body={"results":[{"gender":"female","name":{"title":"Mrs","first":"Beverly","last":"Hall"},"location":{"street":{"number":5944,"name":"Marsh Ln"},"city":"Devonport","state":"Queensland","country":"Australia","postcode":2103,"coordinates":{"latitude":"-87.9844","longitude":"47.7269"},"timezone":{"offset":"-4:00","description":"Atlantic Time (Canada), Caracas, La Paz"}},"email":"beverly.hall@example.com","login":{"uuid":"15649757-134c-4578-9b9d-b66204be608f","username":"smallpeacock469","password":"massive","salt":"opVuCHgR","md5":"c2ba486dc9698d8057dab329c2b2cb08","sha1":"bc566c64f4b975d281bca99b4a7452c4106b4659","sha256":"bed7a5502b6f045c4eb4cbb4920fa9d52a1e91672bf09c108db64f9c0eef9657"},"dob":{"date":"1966-06-01T12:29:22.784Z","age":57},"registered":{"date":"2004-10-10T19:29:10.816Z","age":19},"phone":"02-7830-5918","cell":"0437-134-146","id":{"name":"TFN","value":"881282018"},"picture":{"large":"https://randomuser.me/api/portraits/women/0.jpg","medium":"https://randomuser.me/api/portraits/med/women/0.jpg","thumbnail":"https://randomuser.me/api/portraits/thumb/women/0.jpg"},"nat":"AU"}],"info":{"seed":"a04f6799ad129ee4","results":1,"page":1,"version":"1.4"}} 
 </msg>
<msg time="2024-05-13T15:15:41.113149" level="INFO">/opt/hostedtoolcache/Python/3.12.3/x64/lib/python3.12/site-packages/urllib3/connectionpool.py:1103: InsecureRequestWarning: Unverified HTTPS request is being made to host 'randomuser.me'. Adding certificate verification is strongly advised. See: https://urllib3.readthedocs.io/en/latest/advanced-usage.html#tls-warnings
  warnings.warn(</msg>
<msg time="2024-05-13T15:15:41.113296" level="INFO">${response} = &lt;Response [200]&gt;</msg>
<var>${response}</var>
<arg>consultarAPI</arg>
<arg>/api</arg>
<doc>Sends a GET request on a previously created HTTP Session.</doc>
<status status="PASS" start="2024-05-13T15:15:41.016179" elapsed="0.097160"/>
</kw>
<kw name="Should Be Equal As Numbers" owner="BuiltIn">
<msg time="2024-05-13T15:15:41.114615" level="INFO">Argument types are:
&lt;class 'int'&gt;
&lt;class 'str'&gt;</msg>
<arg>${response.status_code}</arg>
<arg>200</arg>
<doc>Fails if objects are unequal after converting them to real numbers.</doc>
<status status="PASS" start="2024-05-13T15:15:41.114068" elapsed="0.000616"/>
</kw>
<kw name="Log" owner="BuiltIn">
<msg time="2024-05-13T15:15:41.115380" level="INFO">200</msg>
<arg>${response.status_code}</arg>
<doc>Logs the given message with the given level.</doc>
<status status="PASS" start="2024-05-13T15:15:41.115022" elapsed="0.000401"/>
</kw>
<kw name="Set Variable" owner="BuiltIn">
<msg time="2024-05-13T15:15:41.116169" level="INFO">${json_data} = {'results': [{'gender': 'female', 'name': {'title': 'Mrs', 'first': 'Beverly', 'last': 'Hall'}, 'location': {'street': {'number': 5944, 'name': 'Marsh Ln'}, 'city': 'Devonport', 'state': 'Queensland',...</msg>
<var>${json_data}</var>
<arg>${response.json()}</arg>
<doc>Returns the given values which can then be assigned to a variables.</doc>
<status status="PASS" start="2024-05-13T15:15:41.115730" elapsed="0.000467"/>
</kw>
<kw name="Dictionary Should Contain Key" owner="Collections">
<msg time="2024-05-13T15:15:41.116669" level="INFO">False</msg>
<arg>${json_data}</arg>
<arg>results</arg>
<doc>Fails if ``key`` is not found from ``dictionary``.</doc>
<status status="PASS" start="2024-05-13T15:15:41.116497" elapsed="0.000211"/>
</kw>
<status status="PASS" start="2024-05-13T15:15:41.015923" elapsed="0.101118"/>
</kw>
<doc>Testa se a API responde corretamente e retorna um objeto JSON válido.</doc>
<tag>testeRequisicaoBasica</tag>
<status status="PASS" start="2024-05-13T15:15:41.015374" elapsed="0.101896"/>
</test>
<test id="s1-s1-t3" name="Validar estrutura de resposta" line="22">
<kw name="Teste de Estrutura de Resposta" owner="random-user-service">
<kw name="GET On Session" owner="RequestsLibrary">
<msg time="2024-05-13T15:15:41.215053" level="INFO">GET Request : url=https://randomuser.me/api 
 path_url=/api 
 headers={'User-Agent': 'python-requests/2.31.0', 'Accept-Encoding': 'gzip, deflate', 'Accept': '*/*', 'Connection': 'keep-alive'} 
 body=None 
 </msg>
<msg time="2024-05-13T15:15:41.215170" level="INFO">GET Response : url=https://randomuser.me/api 
 status=200, reason=OK 
 headers={'Date': 'Mon, 13 May 2024 15:15:41 GMT', 'Content-Type': 'application/json; charset=utf-8', 'Transfer-Encoding': 'chunked', 'Connection': 'keep-alive', 'X-Powered-By': 'Express', 'Access-Control-Allow-Origin': '*', 'Cache-Control': 'no-cache', 'ETag': 'W/"487-gNA75+Oj9jP56UpVj0ErgAiGqUU"', 'Vary': 'Accept-Encoding', 'Content-Encoding': 'gzip', 'CF-Cache-Status': 'DYNAMIC', 'Report-To': '{"endpoints":[{"url":"https:\\/\\/a.nel.cloudflare.com\\/report\\/v4?s=JoVOlmXZWllnY0SkHvXALxWJ1WroysUsDsppV1lgXAM1Rx69qCZCscJy6iAS%2Byixk%2F2I6aDN2bIX%2BBmgqS02AYu2quctwbMuTOsxVSPqaw%2Fov6jaGnVh5QprBM7SMUE%2B"}],"group":"cf-nel","max_age":604800}', 'NEL': '{"success_fraction":0,"report_to":"cf-nel","max_age":604800}', 'Server': 'cloudflare', 'CF-RAY': '88339af60a2057ca-IAD', 'alt-svc': 'h3=":443"; ma=86400'} 
 body={"results":[{"gender":"female","name":{"title":"Ms","first":"آیناز","last":"مرادی"},"location":{"street":{"number":2960,"name":"امیرکبیر"},"city":"یزد","state":"سیستان و بلوچستان","country":"Iran","postcode":70830,"coordinates":{"latitude":"14.5193","longitude":"58.9127"},"timezone":{"offset":"+5:45","description":"Kathmandu"}},"email":"aynz.mrdy@example.com","login":{"uuid":"29fc42f7-ab95-4d01-a304-64ecea62de4d","username":"crazygorilla357","password":"1236","salt":"SLu2dfzo","md5":"179adb054d0f042c85757e8cf10c196c","sha1":"eb6b59c7dad4c158169af9b46a21aba73abd7dcf","sha256":"e2d1c5b3d53f40ccc219f1835782119833c3125ff2f48872f6d8c06789f07989"},"dob":{"date":"1994-10-15T20:20:23.716Z","age":29},"registered":{"date":"2018-06-08T10:42:05.860Z","age":5},"phone":"064-18828162","cell":"0969-819-0360","id":{"name":"","value":null},"picture":{"large":"https://randomuser.me/api/portraits/women/87.jpg","medium":"https://randomuser.me/api/portraits/med/women/87.jpg","thumbnail":"https://randomuser.me/api/portraits/thumb/women/87.jpg"},"nat":"IR"}],"info":{"seed":"2685a3f01a747423","results":1,"page":1,"version":"1.4"}} 
 </msg>
<msg time="2024-05-13T15:15:41.215329" level="INFO">/opt/hostedtoolcache/Python/3.12.3/x64/lib/python3.12/site-packages/urllib3/connectionpool.py:1103: InsecureRequestWarning: Unverified HTTPS request is being made to host 'randomuser.me'. Adding certificate verification is strongly advised. See: https://urllib3.readthedocs.io/en/latest/advanced-usage.html#tls-warnings
  warnings.warn(</msg>
<msg time="2024-05-13T15:15:41.215461" level="INFO">${response} = &lt;Response [200]&gt;</msg>
<var>${response}</var>
<arg>consultarAPI</arg>
<arg>/api</arg>
<doc>Sends a GET request on a previously created HTTP Session.</doc>
<status status="PASS" start="2024-05-13T15:15:41.120023" elapsed="0.095479"/>
</kw>
<kw name="Set Variable" owner="BuiltIn">
<msg time="2024-05-13T15:15:41.216885" level="INFO">${json_data} = {'results': [{'gender': 'female', 'name': {'title': 'Ms', 'first': 'آیناز', 'last': 'مرادی'}, 'location': {'street': {'number': 2960, 'name': 'امیرکبیر'}, 'city': 'یزد', 'state': 'سیستان و بلوچستان', ...</msg>
<var>${json_data}</var>
<arg>${response.json()}</arg>
<doc>Returns the given values which can then be assigned to a variables.</doc>
<status status="PASS" start="2024-05-13T15:15:41.216171" elapsed="0.000746"/>
</kw>
<kw name="Log" owner="BuiltIn">
<msg time="2024-05-13T15:15:41.217407" level="INFO">{'results': [{'gender': 'female', 'name': {'title': 'Ms', 'first': 'آیناز', 'last': 'مرادی'}, 'location': {'street': {'number': 2960, 'name': 'امیرکبیر'}, 'city': 'یزد', 'state': 'سیستان و بلوچستان', 'country': 'Iran', 'postcode': 70830, 'coordinates': {'latitude': '14.5193', 'longitude': '58.9127'}, 'timezone': {'offset': '+5:45', 'description': 'Kathmandu'}}, 'email': 'aynz.mrdy@example.com', 'login': {'uuid': '29fc42f7-ab95-4d01-a304-64ecea62de4d', 'username': 'crazygorilla357', 'password': '1236', 'salt': 'SLu2dfzo', 'md5': '179adb054d0f042c85757e8cf10c196c', 'sha1': 'eb6b59c7dad4c158169af9b46a21aba73abd7dcf', 'sha256': 'e2d1c5b3d53f40ccc219f1835782119833c3125ff2f48872f6d8c06789f07989'}, 'dob': {'date': '1994-10-15T20:20:23.716Z', 'age': 29}, 'registered': {'date': '2018-06-08T10:42:05.860Z', 'age': 5}, 'phone': '064-18828162', 'cell': '0969-819-0360', 'id': {'name': '', 'value': None}, 'picture': {'large': 'https://randomuser.me/api/portraits/women/87.jpg', 'medium': 'https://randomuser.me/api/portraits/med/women/87.jpg', 'thumbnail': 'https://randomuser.me/api/portraits/thumb/women/87.jpg'}, 'nat': 'IR'}], 'info': {'seed': '2685a3f01a747423', 'results': 1, 'page': 1, 'version': '1.4'}}</msg>
<arg>${json_data}</arg>
<doc>Logs the given message with the given level.</doc>
<status status="PASS" start="2024-05-13T15:15:41.217235" elapsed="0.000224"/>
</kw>
<kw name="Dictionary Should Contain Key" owner="Collections">
<msg time="2024-05-13T15:15:41.217924" level="INFO">False</msg>
<arg>${json_data}</arg>
<arg>results</arg>
<doc>Fails if ``key`` is not found from ``dictionary``.</doc>
<status status="PASS" start="2024-05-13T15:15:41.217760" elapsed="0.000202"/>
</kw>
<kw name="Should Not Be Empty" owner="BuiltIn">
<msg time="2024-05-13T15:15:41.218394" level="INFO">Length is 2.</msg>
<arg>${json_data}</arg>
<doc>Verifies that the given item is not empty.</doc>
<status status="PASS" start="2024-05-13T15:15:41.218256" elapsed="0.000354"/>
</kw>
<kw name="Create List" owner="BuiltIn">
<msg time="2024-05-13T15:15:41.219078" level="INFO">${expected_keys} = ['gender', 'name', 'location', 'email', 'login']</msg>
<var>${expected_keys}</var>
<arg>gender</arg>
<arg>name</arg>
<arg>location</arg>
<arg>email</arg>
<arg>login</arg>
<doc>Returns a list containing given items.</doc>
<status status="PASS" start="2024-05-13T15:15:41.218922" elapsed="0.000182"/>
</kw>
<for flavor="IN">
<iter>
<kw name="Dictionary Should Contain Key" owner="Collections">
<msg time="2024-05-13T15:15:41.220125" level="INFO">False</msg>
<arg>${json_data['results'][0]}</arg>
<arg>${key}</arg>
<doc>Fails if ``key`` is not found from ``dictionary``.</doc>
<status status="PASS" start="2024-05-13T15:15:41.219692" elapsed="0.000473"/>
</kw>
<kw name="Log" owner="BuiltIn">
<msg time="2024-05-13T15:15:41.220869" level="INFO">{'gender': 'female', 'name': {'title': 'Ms', 'first': 'آیناز', 'last': 'مرادی'}, 'location': {'street': {'number': 2960, 'name': 'امیرکبیر'}, 'city': 'یزد', 'state': 'سیستان و بلوچستان', 'country': 'Iran', 'postcode': 70830, 'coordinates': {'latitude': '14.5193', 'longitude': '58.9127'}, 'timezone': {'offset': '+5:45', 'description': 'Kathmandu'}}, 'email': 'aynz.mrdy@example.com', 'login': {'uuid': '29fc42f7-ab95-4d01-a304-64ecea62de4d', 'username': 'crazygorilla357', 'password': '1236', 'salt': 'SLu2dfzo', 'md5': '179adb054d0f042c85757e8cf10c196c', 'sha1': 'eb6b59c7dad4c158169af9b46a21aba73abd7dcf', 'sha256': 'e2d1c5b3d53f40ccc219f1835782119833c3125ff2f48872f6d8c06789f07989'}, 'dob': {'date': '1994-10-15T20:20:23.716Z', 'age': 29}, 'registered': {'date': '2018-06-08T10:42:05.860Z', 'age': 5}, 'phone': '064-18828162', 'cell': '0969-819-0360', 'id': {'name': '', 'value': None}, 'picture': {'large': 'https://randomuser.me/api/portraits/women/87.jpg', 'medium': 'https://randomuser.me/api/portraits/med/women/87.jpg', 'thumbnail': 'https://randomuser.me/api/portraits/thumb/women/87.jpg'}, 'nat': 'IR'}</msg>
<arg>${json_data['results'][0]}</arg>
<doc>Logs the given message with the given level.</doc>
<status status="PASS" start="2024-05-13T15:15:41.220467" elapsed="0.000456"/>
</kw>
<kw name="Log" owner="BuiltIn">
<msg time="2024-05-13T15:15:41.221364" level="INFO">gender</msg>
<arg>${key}</arg>
<doc>Logs the given message with the given level.</doc>
<status status="PASS" start="2024-05-13T15:15:41.221232" elapsed="0.000170"/>
</kw>
<var name="${key}">gender</var>
<status status="PASS" start="2024-05-13T15:15:41.219566" elapsed="0.002052"/>
</iter>
<iter>
<kw name="Dictionary Should Contain Key" owner="Collections">
<msg time="2024-05-13T15:15:41.222339" level="INFO">False</msg>
<arg>${json_data['results'][0]}</arg>
<arg>${key}</arg>
<doc>Fails if ``key`` is not found from ``dictionary``.</doc>
<status status="PASS" start="2024-05-13T15:15:41.221937" elapsed="0.000440"/>
</kw>
<kw name="Log" owner="BuiltIn">
<msg time="2024-05-13T15:15:41.223071" level="INFO">{'gender': 'female', 'name': {'title': 'Ms', 'first': 'آیناز', 'last': 'مرادی'}, 'location': {'street': {'number': 2960, 'name': 'امیرکبیر'}, 'city': 'یزد', 'state': 'سیستان و بلوچستان', 'country': 'Iran', 'postcode': 70830, 'coordinates': {'latitude': '14.5193', 'longitude': '58.9127'}, 'timezone': {'offset': '+5:45', 'description': 'Kathmandu'}}, 'email': 'aynz.mrdy@example.com', 'login': {'uuid': '29fc42f7-ab95-4d01-a304-64ecea62de4d', 'username': 'crazygorilla357', 'password': '1236', 'salt': 'SLu2dfzo', 'md5': '179adb054d0f042c85757e8cf10c196c', 'sha1': 'eb6b59c7dad4c158169af9b46a21aba73abd7dcf', 'sha256': 'e2d1c5b3d53f40ccc219f1835782119833c3125ff2f48872f6d8c06789f07989'}, 'dob': {'date': '1994-10-15T20:20:23.716Z', 'age': 29}, 'registered': {'date': '2018-06-08T10:42:05.860Z', 'age': 5}, 'phone': '064-18828162', 'cell': '0969-819-0360', 'id': {'name': '', 'value': None}, 'picture': {'large': 'https://randomuser.me/api/portraits/women/87.jpg', 'medium': 'https://randomuser.me/api/portraits/med/women/87.jpg', 'thumbnail': 'https://randomuser.me/api/portraits/thumb/women/87.jpg'}, 'nat': 'IR'}</msg>
<arg>${json_data['results'][0]}</arg>
<doc>Logs the given message with the given level.</doc>
<status status="PASS" start="2024-05-13T15:15:41.222700" elapsed="0.000422"/>
</kw>
<kw name="Log" owner="BuiltIn">
<msg time="2024-05-13T15:15:41.223547" level="INFO">name</msg>
<arg>${key}</arg>
<doc>Logs the given message with the given level.</doc>
<status status="PASS" start="2024-05-13T15:15:41.223420" elapsed="0.000164"/>
</kw>
<var name="${key}">name</var>
<status status="PASS" start="2024-05-13T15:15:41.221816" elapsed="0.001986"/>
</iter>
<iter>
<kw name="Dictionary Should Contain Key" owner="Collections">
<msg time="2024-05-13T15:15:41.224482" level="INFO">False</msg>
<arg>${json_data['results'][0]}</arg>
<arg>${key}</arg>
<doc>Fails if ``key`` is not found from ``dictionary``.</doc>
<status status="PASS" start="2024-05-13T15:15:41.224096" elapsed="0.000424"/>
</kw>
<kw name="Log" owner="BuiltIn">
<msg time="2024-05-13T15:15:41.225232" level="INFO">{'gender': 'female', 'name': {'title': 'Ms', 'first': 'آیناز', 'last': 'مرادی'}, 'location': {'street': {'number': 2960, 'name': 'امیرکبیر'}, 'city': 'یزد', 'state': 'سیستان و بلوچستان', 'country': 'Iran', 'postcode': 70830, 'coordinates': {'latitude': '14.5193', 'longitude': '58.9127'}, 'timezone': {'offset': '+5:45', 'description': 'Kathmandu'}}, 'email': 'aynz.mrdy@example.com', 'login': {'uuid': '29fc42f7-ab95-4d01-a304-64ecea62de4d', 'username': 'crazygorilla357', 'password': '1236', 'salt': 'SLu2dfzo', 'md5': '179adb054d0f042c85757e8cf10c196c', 'sha1': 'eb6b59c7dad4c158169af9b46a21aba73abd7dcf', 'sha256': 'e2d1c5b3d53f40ccc219f1835782119833c3125ff2f48872f6d8c06789f07989'}, 'dob': {'date': '1994-10-15T20:20:23.716Z', 'age': 29}, 'registered': {'date': '2018-06-08T10:42:05.860Z', 'age': 5}, 'phone': '064-18828162', 'cell': '0969-819-0360', 'id': {'name': '', 'value': None}, 'picture': {'large': 'https://randomuser.me/api/portraits/women/87.jpg', 'medium': 'https://randomuser.me/api/portraits/med/women/87.jpg', 'thumbnail': 'https://randomuser.me/api/portraits/thumb/women/87.jpg'}, 'nat': 'IR'}</msg>
<arg>${json_data['results'][0]}</arg>
<doc>Logs the given message with the given level.</doc>
<status status="PASS" start="2024-05-13T15:15:41.224856" elapsed="0.000426"/>
</kw>
<kw name="Log" owner="BuiltIn">
<msg time="2024-05-13T15:15:41.225708" level="INFO">location</msg>
<arg>${key}</arg>
<doc>Logs the given message with the given level.</doc>
<status status="PASS" start="2024-05-13T15:15:41.225582" elapsed="0.000165"/>
</kw>
<var name="${key}">location</var>
<status status="PASS" start="2024-05-13T15:15:41.223983" elapsed="0.001978"/>
</iter>
<iter>
<kw name="Dictionary Should Contain Key" owner="Collections">
<msg time="2024-05-13T15:15:41.226640" level="INFO">False</msg>
<arg>${json_data['results'][0]}</arg>
<arg>${key}</arg>
<doc>Fails if ``key`` is not found from ``dictionary``.</doc>
<status status="PASS" start="2024-05-13T15:15:41.226246" elapsed="0.000431"/>
</kw>
<kw name="Log" owner="BuiltIn">
<msg time="2024-05-13T15:15:41.227344" level="INFO">{'gender': 'female', 'name': {'title': 'Ms', 'first': 'آیناز', 'last': 'مرادی'}, 'location': {'street': {'number': 2960, 'name': 'امیرکبیر'}, 'city': 'یزد', 'state': 'سیستان و بلوچستان', 'country': 'Iran', 'postcode': 70830, 'coordinates': {'latitude': '14.5193', 'longitude': '58.9127'}, 'timezone': {'offset': '+5:45', 'description': 'Kathmandu'}}, 'email': 'aynz.mrdy@example.com', 'login': {'uuid': '29fc42f7-ab95-4d01-a304-64ecea62de4d', 'username': 'crazygorilla357', 'password': '1236', 'salt': 'SLu2dfzo', 'md5': '179adb054d0f042c85757e8cf10c196c', 'sha1': 'eb6b59c7dad4c158169af9b46a21aba73abd7dcf', 'sha256': 'e2d1c5b3d53f40ccc219f1835782119833c3125ff2f48872f6d8c06789f07989'}, 'dob': {'date': '1994-10-15T20:20:23.716Z', 'age': 29}, 'registered': {'date': '2018-06-08T10:42:05.860Z', 'age': 5}, 'phone': '064-18828162', 'cell': '0969-819-0360', 'id': {'name': '', 'value': None}, 'picture': {'large': 'https://randomuser.me/api/portraits/women/87.jpg', 'medium': 'https://randomuser.me/api/portraits/med/women/87.jpg', 'thumbnail': 'https://randomuser.me/api/portraits/thumb/women/87.jpg'}, 'nat': 'IR'}</msg>
<arg>${json_data['results'][0]}</arg>
<doc>Logs the given message with the given level.</doc>
<status status="PASS" start="2024-05-13T15:15:41.226978" elapsed="0.000416"/>
</kw>
<kw name="Log" owner="BuiltIn">
<msg time="2024-05-13T15:15:41.227816" level="INFO">email</msg>
<arg>${key}</arg>
<doc>Logs the given message with the given level.</doc>
<status status="PASS" start="2024-05-13T15:15:41.227689" elapsed="0.000164"/>
</kw>
<var name="${key}">email</var>
<status status="PASS" start="2024-05-13T15:15:41.226135" elapsed="0.001929"/>
</iter>
<iter>
<kw name="Dictionary Should Contain Key" owner="Collections">
<msg time="2024-05-13T15:15:41.228742" level="INFO">False</msg>
<arg>${json_data['results'][0]}</arg>
<arg>${key}</arg>
<doc>Fails if ``key`` is not found from ``dictionary``.</doc>
<status status="PASS" start="2024-05-13T15:15:41.228349" elapsed="0.000462"/>
</kw>
<kw name="Log" owner="BuiltIn">
<msg time="2024-05-13T15:15:41.229483" level="INFO">{'gender': 'female', 'name': {'title': 'Ms', 'first': 'آیناز', 'last': 'مرادی'}, 'location': {'street': {'number': 2960, 'name': 'امیرکبیر'}, 'city': 'یزد', 'state': 'سیستان و بلوچستان', 'country': 'Iran', 'postcode': 70830, 'coordinates': {'latitude': '14.5193', 'longitude': '58.9127'}, 'timezone': {'offset': '+5:45', 'description': 'Kathmandu'}}, 'email': 'aynz.mrdy@example.com', 'login': {'uuid': '29fc42f7-ab95-4d01-a304-64ecea62de4d', 'username': 'crazygorilla357', 'password': '1236', 'salt': 'SLu2dfzo', 'md5': '179adb054d0f042c85757e8cf10c196c', 'sha1': 'eb6b59c7dad4c158169af9b46a21aba73abd7dcf', 'sha256': 'e2d1c5b3d53f40ccc219f1835782119833c3125ff2f48872f6d8c06789f07989'}, 'dob': {'date': '1994-10-15T20:20:23.716Z', 'age': 29}, 'registered': {'date': '2018-06-08T10:42:05.860Z', 'age': 5}, 'phone': '064-18828162', 'cell': '0969-819-0360', 'id': {'name': '', 'value': None}, 'picture': {'large': 'https://randomuser.me/api/portraits/women/87.jpg', 'medium': 'https://randomuser.me/api/portraits/med/women/87.jpg', 'thumbnail': 'https://randomuser.me/api/portraits/thumb/women/87.jpg'}, 'nat': 'IR'}</msg>
<arg>${json_data['results'][0]}</arg>
<doc>Logs the given message with the given level.</doc>
<status status="PASS" start="2024-05-13T15:15:41.229119" elapsed="0.000415"/>
</kw>
<kw name="Log" owner="BuiltIn">
<msg time="2024-05-13T15:15:41.229958" level="INFO">login</msg>
<arg>${key}</arg>
<doc>Logs the given message with the given level.</doc>
<status status="PASS" start="2024-05-13T15:15:41.229833" elapsed="0.000164"/>
</kw>
<var name="${key}">login</var>
<status status="PASS" start="2024-05-13T15:15:41.228237" elapsed="0.002004"/>
</iter>
<var>${key}</var>
<value>@{expected_keys}</value>
<status status="PASS" start="2024-05-13T15:15:41.219369" elapsed="0.011000"/>
</for>
<kw name="Create List" owner="BuiltIn">
<msg time="2024-05-13T15:15:41.230709" level="INFO">${expected_keysTwo} = ['username', 'password']</msg>
<var>${expected_keysTwo}</var>
<arg>username</arg>
<arg>password</arg>
<doc>Returns a list containing given items.</doc>
<status status="PASS" start="2024-05-13T15:15:41.230570" elapsed="0.000162"/>
</kw>
<for flavor="IN">
<iter>
<kw name="Dictionary Should Contain Key" owner="Collections">
<msg time="2024-05-13T15:15:41.231633" level="INFO">False</msg>
<arg>${json_data['results'][0]['login']}</arg>
<arg>${keyTwo}</arg>
<doc>Fails if ``key`` is not found from ``dictionary``.</doc>
<status status="PASS" start="2024-05-13T15:15:41.231239" elapsed="0.000431"/>
</kw>
<kw name="Dictionary Should Contain Key" owner="Collections">
<msg time="2024-05-13T15:15:41.232345" level="INFO">False</msg>
<arg>${json_data['results'][0]['login']}</arg>
<arg>${keyTwo}</arg>
<doc>Fails if ``key`` is not found from ``dictionary``.</doc>
<status status="PASS" start="2024-05-13T15:15:41.231964" elapsed="0.000419"/>
</kw>
<kw name="Log" owner="BuiltIn">
<msg time="2024-05-13T15:15:41.232863" level="INFO">username</msg>
<arg>${keyTwo}</arg>
<doc>Logs the given message with the given level.</doc>
<status status="PASS" start="2024-05-13T15:15:41.232687" elapsed="0.000222"/>
</kw>
<var name="${keyTwo}">username</var>
<status status="PASS" start="2024-05-13T15:15:41.231129" elapsed="0.002003"/>
</iter>
<iter>
<kw name="Dictionary Should Contain Key" owner="Collections">
<msg time="2024-05-13T15:15:41.233895" level="INFO">False</msg>
<arg>${json_data['results'][0]['login']}</arg>
<arg>${keyTwo}</arg>
<doc>Fails if ``key`` is not found from ``dictionary``.</doc>
<status status="PASS" start="2024-05-13T15:15:41.233423" elapsed="0.000512"/>
</kw>
<kw name="Dictionary Should Contain Key" owner="Collections">
<msg time="2024-05-13T15:15:41.234612" level="INFO">False</msg>
<arg>${json_data['results'][0]['login']}</arg>
<arg>${keyTwo}</arg>
<doc>Fails if ``key`` is not found from ``dictionary``.</doc>
<status status="PASS" start="2024-05-13T15:15:41.234231" elapsed="0.000419"/>
</kw>
<kw name="Log" owner="BuiltIn">
<msg time="2024-05-13T15:15:41.235071" level="INFO">password</msg>
<arg>${keyTwo}</arg>
<doc>Logs the given message with the given level.</doc>
<status status="PASS" start="2024-05-13T15:15:41.234943" elapsed="0.000166"/>
</kw>
<var name="${keyTwo}">password</var>
<status status="PASS" start="2024-05-13T15:15:41.233305" elapsed="0.002019"/>
</iter>
<var>${keyTwo}</var>
<value>@{expected_keysTwo}</value>
<status status="PASS" start="2024-05-13T15:15:41.230971" elapsed="0.004474"/>
</for>
<status status="PASS" start="2024-05-13T15:15:41.119778" elapsed="0.115811"/>
</kw>
<doc>Testa a estrutura da resposta da API.</doc>
<tag>testeEstruturaResposta</tag>
<status status="PASS" start="2024-05-13T15:15:41.119159" elapsed="0.116594"/>
</test>
<test id="s1-s1-t4" name="Validar tipos de dados" line="28">
<kw name="Teste de Tipos de Dados" owner="random-user-service">
<kw name="GET On Session" owner="RequestsLibrary">
<msg time="2024-05-13T15:15:41.313951" level="INFO">GET Request : url=https://randomuser.me/api 
 path_url=/api 
 headers={'User-Agent': 'python-requests/2.31.0', 'Accept-Encoding': 'gzip, deflate', 'Accept': '*/*', 'Connection': 'keep-alive'} 
 body=None 
 </msg>
<msg time="2024-05-13T15:15:41.314063" level="INFO">GET Response : url=https://randomuser.me/api 
 status=200, reason=OK 
 headers={'Date': 'Mon, 13 May 2024 15:15:41 GMT', 'Content-Type': 'application/json; charset=utf-8', 'Transfer-Encoding': 'chunked', 'Connection': 'keep-alive', 'X-Powered-By': 'Express', 'Access-Control-Allow-Origin': '*', 'Cache-Control': 'no-cache', 'ETag': 'W/"48b-YxYA3mLRn0Ie/raXgqnfubtOICA"', 'Vary': 'Accept-Encoding', 'Content-Encoding': 'gzip', 'CF-Cache-Status': 'DYNAMIC', 'Report-To': '{"endpoints":[{"url":"https:\\/\\/a.nel.cloudflare.com\\/report\\/v4?s=bV8mXaGlh1Vvk2kAql37yjdGEibvzXYDHfmyo4erNyDxbs4tlzF88X3bLrn4bTfiAZ%2F0G2IYrG6sjeyhbI0CxoNy5ybIzbY1yBA5QLFe0K%2BhQougrEjt9XunbCA5DBoU"}],"group":"cf-nel","max_age":604800}', 'NEL': '{"success_fraction":0,"report_to":"cf-nel","max_age":604800}', 'Server': 'cloudflare', 'CF-RAY': '88339af6cace57ca-IAD', 'alt-svc': 'h3=":443"; ma=86400'} 
 body={"results":[{"gender":"female","name":{"title":"Miss","first":"Maria-Theresia","last":"Kaluza"},"location":{"street":{"number":5566,"name":"Waldweg"},"city":"Osterburken","state":"Sachsen","country":"Germany","postcode":98590,"coordinates":{"latitude":"-51.2482","longitude":"72.4978"},"timezone":{"offset":"+4:30","description":"Kabul"}},"email":"maria-theresia.kaluza@example.com","login":{"uuid":"a61a8fac-fe58-4ecc-955a-fce630ca22ad","username":"purplewolf799","password":"formula1","salt":"4xH5YYww","md5":"9f64a80c2ceee50e17ea22cfbf6b7b75","sha1":"016e6dc4d04bdab59f01612738f2e85ebc411550","sha256":"b3a2a7b8995fe69fc8e96b0fd3e62a0b7dc21ef2065967df6a8abb9fe3f00232"},"dob":{"date":"1995-10-19T05:22:58.913Z","age":28},"registered":{"date":"2010-12-06T23:12:48.426Z","age":13},"phone":"0076-1168961","cell":"0178-3233441","id":{"name":"SVNR","value":"18 191095 K 777"},"picture":{"large":"https://randomuser.me/api/portraits/women/21.jpg","medium":"https://randomuser.me/api/portraits/med/women/21.jpg","thumbnail":"https://randomuser.me/api/portraits/thumb/women/21.jpg"},"nat":"DE"}],"info":{"seed":"8686568c771f66d5","results":1,"page":1,"version":"1.4"}} 
 </msg>
<msg time="2024-05-13T15:15:41.314154" level="INFO">/opt/hostedtoolcache/Python/3.12.3/x64/lib/python3.12/site-packages/urllib3/connectionpool.py:1103: InsecureRequestWarning: Unverified HTTPS request is being made to host 'randomuser.me'. Adding certificate verification is strongly advised. See: https://urllib3.readthedocs.io/en/latest/advanced-usage.html#tls-warnings
  warnings.warn(</msg>
<msg time="2024-05-13T15:15:41.314299" level="INFO">${response} = &lt;Response [200]&gt;</msg>
<var>${response}</var>
<arg>consultarAPI</arg>
<arg>/api</arg>
<doc>Sends a GET request on a previously created HTTP Session.</doc>
<status status="PASS" start="2024-05-13T15:15:41.238405" elapsed="0.075945"/>
</kw>
<kw name="Set Variable" owner="BuiltIn">
<msg time="2024-05-13T15:15:41.315795" level="INFO">${json_data} = {'results': [{'gender': 'female', 'name': {'title': 'Miss', 'first': 'Maria-Theresia', 'last': 'Kaluza'}, 'location': {'street': {'number': 5566, 'name': 'Waldweg'}, 'city': 'Osterburken', 'state': 'S...</msg>
<var>${json_data}</var>
<arg>${response.json()}</arg>
<doc>Returns the given values which can then be assigned to a variables.</doc>
<status status="PASS" start="2024-05-13T15:15:41.315080" elapsed="0.000743"/>
</kw>
<kw name="Log" owner="BuiltIn">
<msg time="2024-05-13T15:15:41.316296" level="INFO">{'results': [{'gender': 'female', 'name': {'title': 'Miss', 'first': 'Maria-Theresia', 'last': 'Kaluza'}, 'location': {'street': {'number': 5566, 'name': 'Waldweg'}, 'city': 'Osterburken', 'state': 'Sachsen', 'country': 'Germany', 'postcode': 98590, 'coordinates': {'latitude': '-51.2482', 'longitude': '72.4978'}, 'timezone': {'offset': '+4:30', 'description': 'Kabul'}}, 'email': 'maria-theresia.kaluza@example.com', 'login': {'uuid': 'a61a8fac-fe58-4ecc-955a-fce630ca22ad', 'username': 'purplewolf799', 'password': 'formula1', 'salt': '4xH5YYww', 'md5': '9f64a80c2ceee50e17ea22cfbf6b7b75', 'sha1': '016e6dc4d04bdab59f01612738f2e85ebc411550', 'sha256': 'b3a2a7b8995fe69fc8e96b0fd3e62a0b7dc21ef2065967df6a8abb9fe3f00232'}, 'dob': {'date': '1995-10-19T05:22:58.913Z', 'age': 28}, 'registered': {'date': '2010-12-06T23:12:48.426Z', 'age': 13}, 'phone': '0076-1168961', 'cell': '0178-3233441', 'id': {'name': 'SVNR', 'value': '18 191095 K 777'}, 'picture': {'large': 'https://randomuser.me/api/portraits/women/21.jpg', 'medium': 'https://randomuser.me/api/portraits/med/women/21.jpg', 'thumbnail': 'https://randomuser.me/api/portraits/thumb/women/21.jpg'}, 'nat': 'DE'}], 'info': {'seed': '8686568c771f66d5', 'results': 1, 'page': 1, 'version': '1.4'}}</msg>
<arg>${json_data}</arg>
<doc>Logs the given message with the given level.</doc>
<status status="PASS" start="2024-05-13T15:15:41.316139" elapsed="0.000246"/>
</kw>
<kw name="Should Be String" owner="String">
<arg>${json_data['results'][0]['gender']}</arg>
<doc>Fails if the given ``item`` is not a string.</doc>
<status status="PASS" start="2024-05-13T15:15:41.316684" elapsed="0.000414"/>
</kw>
<kw name="Should Match Regexp" owner="BuiltIn">
<arg>${json_data['results'][0]['email']}</arg>
<arg>^[a-zA-Z0-9._%+-]+@[a-zA-Z0-9.-]+\.[a-zA-Z]{2,}$</arg>
<doc>Fails if ``string`` does not match ``pattern`` as a regular expression.</doc>
<status status="PASS" start="2024-05-13T15:15:41.317293" elapsed="0.000519"/>
</kw>
<kw name="Should Match Regexp" owner="BuiltIn">
<arg>${json_data['results'][0]['dob']['date']}</arg>
<arg>\\d{4}-\\d{2}-\\d{2}T\\d{2}:\\d{2}:\\d{2}\\.\\d{3}Z</arg>
<doc>Fails if ``string`` does not match ``pattern`` as a regular expression.</doc>
<status status="PASS" start="2024-05-13T15:15:41.318018" elapsed="0.000487"/>
</kw>
<kw name="Should Match Regexp" owner="BuiltIn">
<arg>${json_data['results'][0]['registered']['date']}</arg>
<arg>\\d{4}-\\d{2}-\\d{2}T\\d{2}:\\d{2}:\\d{2}\\.\\d{3}Z</arg>
<doc>Fails if ``string`` does not match ``pattern`` as a regular expression.</doc>
<status status="PASS" start="2024-05-13T15:15:41.318697" elapsed="0.000381"/>
</kw>
<kw name="Should Match Regexp" owner="BuiltIn">
<arg>${json_data['results'][0]['picture']['large']}</arg>
<arg>^https?://.*\.(?:png|jpe?g|gif|bmp)$</arg>
<doc>Fails if ``string`` does not match ``pattern`` as a regular expression.</doc>
<status status="PASS" start="2024-05-13T15:15:41.319282" elapsed="0.000472"/>
</kw>
<kw name="Should Match Regexp" owner="BuiltIn">
<arg>${json_data['results'][0]['picture']['medium']}</arg>
<arg>^https?://.*\.(?:png|jpe?g|gif|bmp)$</arg>
<doc>Fails if ``string`` does not match ``pattern`` as a regular expression.</doc>
<status status="PASS" start="2024-05-13T15:15:41.319945" elapsed="0.000352"/>
</kw>
<kw name="Should Match Regexp" owner="BuiltIn">
<arg>${json_data['results'][0]['picture']['thumbnail']}</arg>
<arg>^https?://.*\.(?:png|jpe?g|gif|bmp)$</arg>
<doc>Fails if ``string`` does not match ``pattern`` as a regular expression.</doc>
<status status="PASS" start="2024-05-13T15:15:41.320485" elapsed="0.000385"/>
</kw>
<kw name="Log" owner="BuiltIn">
<msg time="2024-05-13T15:15:41.321396" level="INFO">{'large': 'https://randomuser.me/api/portraits/women/21.jpg', 'medium': 'https://randomuser.me/api/portraits/med/women/21.jpg', 'thumbnail': 'https://randomuser.me/api/portraits/thumb/women/21.jpg'}</msg>
<arg>${json_data['results'][0]['picture']}</arg>
<doc>Logs the given message with the given level.</doc>
<status status="PASS" start="2024-05-13T15:15:41.321060" elapsed="0.000378"/>
</kw>
<status status="PASS" start="2024-05-13T15:15:41.238164" elapsed="0.083535"/>
</kw>
<kw name="Teste de Tipos de Dados - Postcode" owner="random-user-service">
<kw name="GET On Session" owner="RequestsLibrary">
<msg time="2024-05-13T15:15:41.457491" level="INFO">GET Request : url=https://randomuser.me/api 
 path_url=/api 
 headers={'User-Agent': 'python-requests/2.31.0', 'Accept-Encoding': 'gzip, deflate', 'Accept': '*/*', 'Connection': 'keep-alive'} 
 body=None 
 </msg>
<msg time="2024-05-13T15:15:41.457603" level="INFO">GET Response : url=https://randomuser.me/api 
 status=200, reason=OK 
 headers={'Date': 'Mon, 13 May 2024 15:15:41 GMT', 'Content-Type': 'application/json; charset=utf-8', 'Transfer-Encoding': 'chunked', 'Connection': 'keep-alive', 'X-Powered-By': 'Express', 'Access-Control-Allow-Origin': '*', 'Cache-Control': 'no-cache', 'ETag': 'W/"49d-XoYaC8dUyKcwdkDqsks/50Sh2k0"', 'Vary': 'Accept-Encoding', 'Content-Encoding': 'gzip', 'CF-Cache-Status': 'DYNAMIC', 'Report-To': '{"endpoints":[{"url":"https:\\/\\/a.nel.cloudflare.com\\/report\\/v4?s=Ko0TnT3IfR8uaqavBb%2Ftso6nHAo5raQe1ljCR0hXULwV5%2FhaJmYQuYCOP8WPqY12FljUk%2BDkCac60o13O7yYUUptdeuIc%2BoIwCoFcAzG8jPi%2BpOHGqRcEEfbsUGbl%2Fgs"}],"group":"cf-nel","max_age":604800}', 'NEL': '{"success_fraction":0,"report_to":"cf-nel","max_age":604800}', 'Server': 'cloudflare', 'CF-RAY': '88339af74b7357ca-IAD', 'alt-svc': 'h3=":443"; ma=86400'} 
 body={"results":[{"gender":"female","name":{"title":"Miss","first":"Socorro","last":"Castellanos"},"location":{"street":{"number":156,"name":"Diagonal Nayarit"},"city":"Canelas","state":"Chihuahua","country":"Mexico","postcode":10163,"coordinates":{"latitude":"23.9288","longitude":"80.5845"},"timezone":{"offset":"+6:00","description":"Almaty, Dhaka, Colombo"}},"email":"socorro.castellanos@example.com","login":{"uuid":"e35c0912-0a78-4084-bb7f-7f5b1e65be99","username":"yellowkoala986","password":"jeremy","salt":"PBGbIsDT","md5":"7bd1728ab89ec84dccbcd9bc126698fe","sha1":"0c9970c088565a727d6f9c9efc86dcd4c6444300","sha256":"b52e427f6d44f26159f12a492ed47171ee9e38bb3d57c10aed6ee652fd382733"},"dob":{"date":"1962-09-01T22:53:16.778Z","age":61},"registered":{"date":"2016-09-06T01:28:44.026Z","age":7},"phone":"(684) 379 6578","cell":"(690) 323 4756","id":{"name":"NSS","value":"35 66 83 3791 6"},"picture":{"large":"https://randomuser.me/api/portraits/women/10.jpg","medium":"https://randomuser.me/api/portraits/med/women/10.jpg","thumbnail":"https://randomuser.me/api/portraits/thumb/women/10.jpg"},"nat":"MX"}],"info":{"seed":"44e80a3490797888","results":1,"page":1,"version":"1.4"}} 
 </msg>
<msg time="2024-05-13T15:15:41.457683" level="INFO">/opt/hostedtoolcache/Python/3.12.3/x64/lib/python3.12/site-packages/urllib3/connectionpool.py:1103: InsecureRequestWarning: Unverified HTTPS request is being made to host 'randomuser.me'. Adding certificate verification is strongly advised. See: https://urllib3.readthedocs.io/en/latest/advanced-usage.html#tls-warnings
  warnings.warn(</msg>
<msg time="2024-05-13T15:15:41.457819" level="INFO">${response} = &lt;Response [200]&gt;</msg>
<var>${response}</var>
<arg>consultarAPI</arg>
<arg>/api</arg>
<doc>Sends a GET request on a previously created HTTP Session.</doc>
<status status="PASS" start="2024-05-13T15:15:41.322169" elapsed="0.135691"/>
</kw>
<kw name="Set Variable" owner="BuiltIn">
<msg time="2024-05-13T15:15:41.459164" level="INFO">${json_data} = {'results': [{'gender': 'female', 'name': {'title': 'Miss', 'first': 'Socorro', 'last': 'Castellanos'}, 'location': {'street': {'number': 156, 'name': 'Diagonal Nayarit'}, 'city': 'Canelas', 'state': ...</msg>
<var>${json_data}</var>
<arg>${response.json()}</arg>
<doc>Returns the given values which can then be assigned to a variables.</doc>
<status status="PASS" start="2024-05-13T15:15:41.458544" elapsed="0.000648"/>
</kw>
<kw name="Log" owner="BuiltIn">
<msg time="2024-05-13T15:15:41.459678" level="INFO">{'results': [{'gender': 'female', 'name': {'title': 'Miss', 'first': 'Socorro', 'last': 'Castellanos'}, 'location': {'street': {'number': 156, 'name': 'Diagonal Nayarit'}, 'city': 'Canelas', 'state': 'Chihuahua', 'country': 'Mexico', 'postcode': 10163, 'coordinates': {'latitude': '23.9288', 'longitude': '80.5845'}, 'timezone': {'offset': '+6:00', 'description': 'Almaty, Dhaka, Colombo'}}, 'email': 'socorro.castellanos@example.com', 'login': {'uuid': 'e35c0912-0a78-4084-bb7f-7f5b1e65be99', 'username': 'yellowkoala986', 'password': 'jeremy', 'salt': 'PBGbIsDT', 'md5': '7bd1728ab89ec84dccbcd9bc126698fe', 'sha1': '0c9970c088565a727d6f9c9efc86dcd4c6444300', 'sha256': 'b52e427f6d44f26159f12a492ed47171ee9e38bb3d57c10aed6ee652fd382733'}, 'dob': {'date': '1962-09-01T22:53:16.778Z', 'age': 61}, 'registered': {'date': '2016-09-06T01:28:44.026Z', 'age': 7}, 'phone': '(684) 379 6578', 'cell': '(690) 323 4756', 'id': {'name': 'NSS', 'value': '35 66 83 3791 6'}, 'picture': {'large': 'https://randomuser.me/api/portraits/women/10.jpg', 'medium': 'https://randomuser.me/api/portraits/med/women/10.jpg', 'thumbnail': 'https://randomuser.me/api/portraits/thumb/women/10.jpg'}, 'nat': 'MX'}], 'info': {'seed': '44e80a3490797888', 'results': 1, 'page': 1, 'version': '1.4'}}</msg>
<arg>${json_data}</arg>
<doc>Logs the given message with the given level.</doc>
<status status="PASS" start="2024-05-13T15:15:41.459521" elapsed="0.000240"/>
</kw>
<kw name="Should Be Equal As Numbers" owner="BuiltIn">
<arg>${json_data['results'][0]['location']['postcode']}</arg>
<arg>${json_data['results'][0]['location']['postcode']}</arg>
<doc>Fails if objects are unequal after converting them to real numbers.</doc>
<status status="PASS" start="2024-05-13T15:15:41.460241" elapsed="0.000667"/>
</kw>
<kw name="Log" owner="BuiltIn">
<msg time="2024-05-13T15:15:41.461445" level="INFO">10163</msg>
<arg>${json_data['results'][0]['location']['postcode']}</arg>
<doc>Logs the given message with the given level.</doc>
<status status="PASS" start="2024-05-13T15:15:41.461104" elapsed="0.000381"/>
</kw>
<status status="PASS" start="2024-05-13T15:15:41.321938" elapsed="0.139804"/>
</kw>
<doc>Testa se os tipos de dados na resposta da API estão corretos.</doc>
<tag>testeTiposDados</tag>
<status status="PASS" start="2024-05-13T15:15:41.237563" elapsed="0.224348"/>
</test>
<test id="s1-s1-t5" name="Validar conteudo" line="35">
<kw name="Teste de Tipos de Conteudo" owner="random-user-service">
<kw name="GET On Session" owner="RequestsLibrary">
<msg time="2024-05-13T15:15:41.529030" level="INFO">GET Request : url=https://randomuser.me/api 
 path_url=/api 
 headers={'User-Agent': 'python-requests/2.31.0', 'Accept-Encoding': 'gzip, deflate', 'Accept': '*/*', 'Connection': 'keep-alive'} 
 body=None 
 </msg>
<msg time="2024-05-13T15:15:41.529128" level="INFO">GET Response : url=https://randomuser.me/api 
 status=200, reason=OK 
 headers={'Date': 'Mon, 13 May 2024 15:15:41 GMT', 'Content-Type': 'application/json; charset=utf-8', 'Transfer-Encoding': 'chunked', 'Connection': 'keep-alive', 'X-Powered-By': 'Express', 'Access-Control-Allow-Origin': '*', 'Cache-Control': 'no-cache', 'ETag': 'W/"493-3S+pfD7vFW0vCj+3ygOqtaZB5/Y"', 'Vary': 'Accept-Encoding', 'Content-Encoding': 'gzip', 'CF-Cache-Status': 'DYNAMIC', 'Report-To': '{"endpoints":[{"url":"https:\\/\\/a.nel.cloudflare.com\\/report\\/v4?s=HyWllIICl64%2BYL1FxrmkUcF9NuOLJP5Ld1%2BvHjJwJnJ4HLjXOpUeAa8D7barKNH4vZTd4Ow8QsEiyBQO%2Fw90i1hChXp2ZcAFvR8N3bATUDVBS8z4W2S492VJwsk%2F1Wkh"}],"group":"cf-nel","max_age":604800}', 'NEL': '{"success_fraction":0,"report_to":"cf-nel","max_age":604800}', 'Server': 'cloudflare', 'CF-RAY': '88339af82c8357ca-IAD', 'alt-svc': 'h3=":443"; ma=86400'} 
 body={"results":[{"gender":"female","name":{"title":"Miss","first":"Filippa","last":"Nielsen"},"location":{"street":{"number":2861,"name":"Violvej"},"city":"Randers Nv","state":"Midtjylland","country":"Denmark","postcode":60546,"coordinates":{"latitude":"-44.7691","longitude":"128.6969"},"timezone":{"offset":"+9:00","description":"Tokyo, Seoul, Osaka, Sapporo, Yakutsk"}},"email":"filippa.nielsen@example.com","login":{"uuid":"493e4f96-82e5-44c2-aae5-01dfb6f095d5","username":"goldenbear185","password":"tweety","salt":"i5wrVjAQ","md5":"7794243d169d0f7a218844d54c5411b2","sha1":"79715549b449cc5e6f1b9e499dd980344868512d","sha256":"f5a9e7e403ee993ed7edd84d5e243fbec2260c5fcf8ddec1d20174aee9a76e36"},"dob":{"date":"1993-07-28T23:17:49.408Z","age":30},"registered":{"date":"2021-05-07T16:18:38.017Z","age":3},"phone":"39063836","cell":"09526244","id":{"name":"CPR","value":"280793-0964"},"picture":{"large":"https://randomuser.me/api/portraits/women/67.jpg","medium":"https://randomuser.me/api/portraits/med/women/67.jpg","thumbnail":"https://randomuser.me/api/portraits/thumb/women/67.jpg"},"nat":"DK"}],"info":{"seed":"ec2e2dc093da210f","results":1,"page":1,"version":"1.4"}} 
 </msg>
<msg time="2024-05-13T15:15:41.529201" level="INFO">/opt/hostedtoolcache/Python/3.12.3/x64/lib/python3.12/site-packages/urllib3/connectionpool.py:1103: InsecureRequestWarning: Unverified HTTPS request is being made to host 'randomuser.me'. Adding certificate verification is strongly advised. See: https://urllib3.readthedocs.io/en/latest/advanced-usage.html#tls-warnings
  warnings.warn(</msg>
<msg time="2024-05-13T15:15:41.529329" level="INFO">${response} = &lt;Response [200]&gt;</msg>
<var>${response}</var>
<arg>consultarAPI</arg>
<arg>/api</arg>
<doc>Sends a GET request on a previously created HTTP Session.</doc>
<status status="PASS" start="2024-05-13T15:15:41.464436" elapsed="0.064932"/>
</kw>
<kw name="Set Variable" owner="BuiltIn">
<msg time="2024-05-13T15:15:41.530625" level="INFO">${json_data} = {'results': [{'gender': 'female', 'name': {'title': 'Miss', 'first': 'Filippa', 'last': 'Nielsen'}, 'location': {'street': {'number': 2861, 'name': 'Violvej'}, 'city': 'Randers Nv', 'state': 'Midtjyll...</msg>
<var>${json_data}</var>
<arg>${response.json()}</arg>
<doc>Returns the given values which can then be assigned to a variables.</doc>
<status status="PASS" start="2024-05-13T15:15:41.530050" elapsed="0.000604"/>
</kw>
<kw name="Set Variable" owner="BuiltIn">
<msg time="2024-05-13T15:15:41.531368" level="INFO">${name_title} = Miss</msg>
<var>${name_title}</var>
<arg>${json_data["results"][0]["name"]["title"]}</arg>
<doc>Returns the given values which can then be assigned to a variables.</doc>
<status status="PASS" start="2024-05-13T15:15:41.530969" elapsed="0.000425"/>
</kw>
<kw name="Create List" owner="BuiltIn">
<msg time="2024-05-13T15:15:41.531841" level="INFO">${allowed_titles} = ['Mr', 'Ms', 'Miss', 'Mrs', 'Madame', 'Monsieur']</msg>
<var>${allowed_titles}</var>
<arg>Mr</arg>
<arg>Ms</arg>
<arg>Miss</arg>
<arg>Mrs</arg>
<arg>Madame</arg>
<arg>Monsieur</arg>
<doc>Returns a list containing given items.</doc>
<status status="PASS" start="2024-05-13T15:15:41.531694" elapsed="0.000170"/>
</kw>
<kw name="List Should Contain Value" owner="Collections">
<msg time="2024-05-13T15:15:41.532335" level="INFO">False</msg>
<arg>${allowed_titles}</arg>
<arg>${name_title}</arg>
<doc>Fails if the ``value`` is not found from ``list``.</doc>
<status status="PASS" start="2024-05-13T15:15:41.532162" elapsed="0.000209"/>
</kw>
<kw name="Set Variable" owner="BuiltIn">
<msg time="2024-05-13T15:15:41.533095" level="INFO">${name_country} = DK</msg>
<var>${name_country}</var>
<arg>${json_data["results"][0]["nat"]}</arg>
<doc>Returns the given values which can then be assigned to a variables.</doc>
<status status="PASS" start="2024-05-13T15:15:41.532673" elapsed="0.000447"/>
</kw>
<kw name="Create List" owner="BuiltIn">
<msg time="2024-05-13T15:15:41.534004" level="INFO">${list_country} = ['AD', 'AE', 'AF', 'AG', 'AI', 'AL', 'AM', 'AO', 'AQ', 'AR', 'AS', 'AT', 'AU', 'AW', 'AX', 'AZ', 'BA', 'BB', 'BD', 'BE', 'BF', 'BG', 'BH', 'BI', 'BJ', 'BL', 'BM', 'BN', 'BO', 'BQ', 'BR', 'BS', 'BT', '...</msg>
<var>${list_country}</var>
<arg>AD</arg>
<arg>AE</arg>
<arg>AF</arg>
<arg>AG</arg>
<arg>AI</arg>
<arg>AL</arg>
<arg>AM</arg>
<arg>AO</arg>
<arg>AQ</arg>
<arg>AR</arg>
<arg>AS</arg>
<arg>AT</arg>
<arg>AU</arg>
<arg>AW</arg>
<arg>AX</arg>
<arg>AZ</arg>
<arg>BA</arg>
<arg>BB</arg>
<arg>BD</arg>
<arg>BE</arg>
<arg>BF</arg>
<arg>BG</arg>
<arg>BH</arg>
<arg>BI</arg>
<arg>BJ</arg>
<arg>BL</arg>
<arg>BM</arg>
<arg>BN</arg>
<arg>BO</arg>
<arg>BQ</arg>
<arg>BR</arg>
<arg>BS</arg>
<arg>BT</arg>
<arg>BV</arg>
<arg>BW</arg>
<arg>BY</arg>
<arg>BZ</arg>
<arg>CA</arg>
<arg>CC</arg>
<arg>CD</arg>
<arg>CF</arg>
<arg>CG</arg>
<arg>CH</arg>
<arg>CI</arg>
<arg>CK</arg>
<arg>CL</arg>
<arg>CM</arg>
<arg>CN</arg>
<arg>CO</arg>
<arg>CR</arg>
<arg>CU</arg>
<arg>CV</arg>
<arg>CW</arg>
<arg>CX</arg>
<arg>CY</arg>
<arg>CZ</arg>
<arg>DE</arg>
<arg>DJ</arg>
<arg>DK</arg>
<arg>DM</arg>
<arg>DO</arg>
<arg>DZ</arg>
<arg>EC</arg>
<arg>EE</arg>
<arg>EG</arg>
<arg>EH</arg>
<arg>ER</arg>
<arg>ES</arg>
<arg>ET</arg>
<arg>FI</arg>
<arg>FJ</arg>
<arg>FK</arg>
<arg>FM</arg>
<arg>FO</arg>
<arg>FR</arg>
<arg>GA</arg>
<arg>GB</arg>
<arg>GD</arg>
<arg>GE</arg>
<arg>GF</arg>
<arg>GG</arg>
<arg>GH</arg>
<arg>GI</arg>
<arg>GL</arg>
<arg>GM</arg>
<arg>GN</arg>
<arg>GP</arg>
<arg>GQ</arg>
<arg>GR</arg>
<arg>GS</arg>
<arg>GT</arg>
<arg>GU</arg>
<arg>GW</arg>
<arg>GY</arg>
<arg>HK</arg>
<arg>HM</arg>
<arg>HN</arg>
<arg>HR</arg>
<arg>HT</arg>
<arg>HU</arg>
<arg>ID</arg>
<arg>IE</arg>
<arg>IL</arg>
<arg>IM</arg>
<arg>IN</arg>
<arg>IO</arg>
<arg>IQ</arg>
<arg>IR</arg>
<arg>IS</arg>
<arg>IT</arg>
<arg>JE</arg>
<arg>JM</arg>
<arg>JO</arg>
<arg>JP</arg>
<arg>KE</arg>
<arg>KG</arg>
<arg>KH</arg>
<arg>KI</arg>
<arg>KM</arg>
<arg>KN</arg>
<arg>KP</arg>
<arg>KR</arg>
<arg>KW</arg>
<arg>KY</arg>
<arg>KZ</arg>
<arg>LA</arg>
<arg>LB</arg>
<arg>LC</arg>
<arg>LI</arg>
<arg>LK</arg>
<arg>LR</arg>
<arg>LS</arg>
<arg>LT</arg>
<arg>LU</arg>
<arg>LV</arg>
<arg>LY</arg>
<arg>MA</arg>
<arg>MC</arg>
<arg>MD</arg>
<arg>ME</arg>
<arg>MF</arg>
<arg>MG</arg>
<arg>MH</arg>
<arg>MK</arg>
<arg>ML</arg>
<arg>MM</arg>
<arg>MN</arg>
<arg>MO</arg>
<arg>MP</arg>
<arg>MQ</arg>
<arg>MR</arg>
<arg>MS</arg>
<arg>MT</arg>
<arg>MU</arg>
<arg>MV</arg>
<arg>MW</arg>
<arg>MX</arg>
<arg>MY</arg>
<arg>MZ</arg>
<arg>NA</arg>
<arg>NC</arg>
<arg>NE</arg>
<arg>NF</arg>
<arg>NG</arg>
<arg>NI</arg>
<arg>NL</arg>
<arg>NO</arg>
<arg>NP</arg>
<arg>NR</arg>
<arg>NU</arg>
<arg>NZ</arg>
<arg>OM</arg>
<arg>PA</arg>
<arg>PE</arg>
<arg>PF</arg>
<arg>PG</arg>
<arg>PH</arg>
<arg>PK</arg>
<arg>PL</arg>
<arg>PM</arg>
<arg>PN</arg>
<arg>PR</arg>
<arg>PS</arg>
<arg>PT</arg>
<arg>PW</arg>
<arg>PY</arg>
<arg>QA</arg>
<arg>RE</arg>
<arg>RO</arg>
<arg>RS</arg>
<arg>RU</arg>
<arg>RW</arg>
<arg>SA</arg>
<arg>SB</arg>
<arg>SC</arg>
<arg>SD</arg>
<arg>SE</arg>
<arg>SG</arg>
<arg>SH</arg>
<arg>SI</arg>
<arg>SJ</arg>
<arg>SK</arg>
<arg>SL</arg>
<arg>SM</arg>
<arg>SN</arg>
<arg>SO</arg>
<arg>SR</arg>
<arg>SS</arg>
<arg>ST</arg>
<arg>SV</arg>
<arg>SX</arg>
<arg>SY</arg>
<arg>SZ</arg>
<arg>TC</arg>
<arg>TD</arg>
<arg>TF</arg>
<arg>TG</arg>
<arg>TH</arg>
<arg>TJ</arg>
<arg>TK</arg>
<arg>TL</arg>
<arg>TM</arg>
<arg>TN</arg>
<arg>TO</arg>
<arg>TR</arg>
<arg>TT</arg>
<arg>TV</arg>
<arg>TW</arg>
<arg>TZ</arg>
<arg>UA</arg>
<arg>UG</arg>
<arg>UM</arg>
<arg>US</arg>
<arg>UY</arg>
<arg>UZ</arg>
<arg>VA</arg>
<arg>VC</arg>
<arg>VE</arg>
<arg>VG</arg>
<arg>VI</arg>
<arg>VN</arg>
<arg>VU</arg>
<arg>WF</arg>
<arg>WS</arg>
<arg>XK</arg>
<arg>YE</arg>
<arg>YT</arg>
<arg>ZA</arg>
<arg>ZM</arg>
<arg>ZW</arg>
<doc>Returns a list containing given items.</doc>
<status status="PASS" start="2024-05-13T15:15:41.533421" elapsed="0.000608"/>
</kw>
<kw name="List Should Contain Value" owner="Collections">
<msg time="2024-05-13T15:15:41.535022" level="INFO">False</msg>
<arg>${list_country}</arg>
<arg>${name_country}</arg>
<doc>Fails if the ``value`` is not found from ``list``.</doc>
<status status="PASS" start="2024-05-13T15:15:41.534822" elapsed="0.000236"/>
</kw>
<kw name="Run Keyword If" owner="BuiltIn">
<kw name="Should Be True" owner="BuiltIn">
<arg>${True}</arg>
<doc>Fails if the given condition is not true.</doc>
<status status="PASS" start="2024-05-13T15:15:41.536152" elapsed="0.000259"/>
</kw>
<arg>${json_data["results"][0]["location"]["coordinates"]["latitude"]} &gt;= -90 and ${json_data["results"][0]["location"]["coordinates"]["latitude"]} &lt;= 90</arg>
<arg>Should Be True</arg>
<arg>${True}</arg>
<doc>Runs the given keyword with the given arguments, if ``condition`` is true.</doc>
<status status="PASS" start="2024-05-13T15:15:41.535373" elapsed="0.001171"/>
</kw>
<kw name="Run Keyword If" owner="BuiltIn">
<kw name="Should Be True" owner="BuiltIn">
<arg>${True}</arg>
<doc>Fails if the given condition is not true.</doc>
<status status="PASS" start="2024-05-13T15:15:41.537460" elapsed="0.000147"/>
</kw>
<arg>${json_data["results"][0]["location"]["coordinates"]["longitude"]} &gt;= -180 and ${json_data["results"][0]["location"]["coordinates"]["longitude"]} &lt;= 180</arg>
<arg>Should Be True</arg>
<arg>${True}</arg>
<doc>Runs the given keyword with the given arguments, if ``condition`` is true.</doc>
<status status="PASS" start="2024-05-13T15:15:41.536731" elapsed="0.001001"/>
</kw>
<status status="PASS" start="2024-05-13T15:15:41.464206" elapsed="0.073659"/>
</kw>
<doc>Testa o conteúdo específico dos campos retornados pela API.</doc>
<tag>testeConteudo</tag>
<status status="PASS" start="2024-05-13T15:15:41.463664" elapsed="0.074354"/>
</test>
<status status="PASS" start="2024-05-13T15:15:40.702862" elapsed="0.837410"/>
</suite>
<status status="PASS" start="2024-05-13T15:15:40.689053" elapsed="0.856529"/>
</suite>
<statistics>
<total>
<stat pass="5" fail="0" skip="0">All Tests</stat>
</total>
<tag>
<stat pass="1" fail="0" skip="0">testeConteudo</stat>
<stat pass="1" fail="0" skip="0">testeEstruturaResposta</stat>
<stat pass="1" fail="0" skip="0">testeRequisicaoBasica</stat>
<stat pass="1" fail="0" skip="0">testeTiposDados</stat>
</tag>
<suite>
<stat pass="5" fail="0" skip="0" id="s1" name="Tests">Tests</stat>
<stat pass="5" fail="0" skip="0" id="s1-s1" name="Random-User-Test">Tests.Random-User-Test</stat>
</suite>
</statistics>
<errors>
</errors>
</robot>
