<?xml version="1.0" encoding="UTF-8"?>
<robot generator="Robot 7.0 (Python 3.12.2 on linux)" generated="2024-04-17T09:14:39.292580" rpa="false" schemaversion="5">
<suite id="s1" name="Tests" source="/home/runner/work/DesafioQAItauRogerioJordao/DesafioQAItauRogerioJordao/RamdonUser/tests">
<suite id="s1-s1" name="Random-User-Test" source="/home/runner/work/DesafioQAItauRogerioJordao/DesafioQAItauRogerioJordao/RamdonUser/tests/random-user-test.robot">
<test id="s1-s1-t1" name="Conectar" line="13">
<kw name="Conectar API" owner="random-user-service">
<kw name="Create Session" owner="RequestsLibrary">
<msg time="2024-04-17T09:14:39.653187" level="INFO">Creating Session using : alias=consultarAPI, url=https://randomuser.me/, headers={},                     cookies={}, auth=None, timeout=None, proxies=None, verify=False,                     debug=0 </msg>
<arg>consultarAPI</arg>
<arg>${URL}</arg>
<doc>Create Session: create a HTTP session to a server</doc>
<status status="PASS" start="2024-04-17T09:14:39.652982" elapsed="0.000405"/>
</kw>
<status status="PASS" start="2024-04-17T09:14:39.651972" elapsed="0.001785"/>
</kw>
<status status="PASS" start="2024-04-17T09:14:39.651395" elapsed="0.002566"/>
</test>
<test id="s1-s1-t2" name="Validar retorno 200 e JSON Válido" line="16">
<kw name="Teste de Requisicao Basica" owner="random-user-service">
<kw name="GET On Session" owner="RequestsLibrary">
<msg time="2024-04-17T09:14:39.782666" level="INFO">GET Request : url=https://randomuser.me/api 
 path_url=/api 
 headers={'User-Agent': 'python-requests/2.31.0', 'Accept-Encoding': 'gzip, deflate', 'Accept': '*/*', 'Connection': 'keep-alive'} 
 body=None 
 </msg>
<msg time="2024-04-17T09:14:39.782827" level="INFO">GET Response : url=https://randomuser.me/api 
 status=200, reason=OK 
 headers={'Date': 'Wed, 17 Apr 2024 09:14:39 GMT', 'Content-Type': 'application/json; charset=utf-8', 'Transfer-Encoding': 'chunked', 'Connection': 'keep-alive', 'X-Powered-By': 'Express', 'Access-Control-Allow-Origin': '*', 'Cache-Control': 'no-cache', 'ETag': 'W/"4a6-YkQVUrvnJ9+SCNWxKEQNMgkD/sE"', 'Vary': 'Accept-Encoding', 'Content-Encoding': 'gzip', 'CF-Cache-Status': 'DYNAMIC', 'Report-To': '{"endpoints":[{"url":"https:\\/\\/a.nel.cloudflare.com\\/report\\/v4?s=2WoEiHfTe2nuGE5IF9qu54fzZbUixFXz6gzlc6QDyF8En3hAa6d1QR0EZyOh%2BKmfN2%2FvQqW9%2BDq5weDZJ8Pnd4tELxllMToCRo%2F1In6w21WSmBDd6TltNELmAwDlrxb5"}],"group":"cf-nel","max_age":604800}', 'NEL': '{"success_fraction":0,"report_to":"cf-nel","max_age":604800}', 'Server': 'cloudflare', 'CF-RAY': '875b4e5e08c515a0-SJC', 'alt-svc': 'h3=":443"; ma=86400'} 
 body={"results":[{"gender":"female","name":{"title":"Miss","first":"Varvara","last":"Bilyavskiy"},"location":{"street":{"number":4960,"name":"Mitrofana Dovnar-Zapolskogo"},"city":"Tismenicya","state":"Kirovogradska","country":"Ukraine","postcode":99449,"coordinates":{"latitude":"73.1976","longitude":"9.2762"},"timezone":{"offset":"+4:00","description":"Abu Dhabi, Muscat, Baku, Tbilisi"}},"email":"varvara.bilyavskiy@example.com","login":{"uuid":"214974d7-fd1a-4478-b907-c5fde68a4906","username":"heavyrabbit412","password":"5424","salt":"1hNpBGUJ","md5":"2235b008702fae3406661be70923ef2d","sha1":"f662b1cbef7d8a2f67297b27502205a5758fa4ab","sha256":"fe894d9ada877821af615236a99f13812fa0cd1a2e7ebe31925ff493cf9d3210"},"dob":{"date":"1998-03-09T07:06:07.580Z","age":26},"registered":{"date":"2019-07-22T20:31:21.283Z","age":4},"phone":"(068) O62-5049","cell":"(096) B29-5511","id":{"name":"","value":null},"picture":{"large":"https://randomuser.me/api/portraits/women/86.jpg","medium":"https://randomuser.me/api/portraits/med/women/86.jpg","thumbnail":"https://randomuser.me/api/portraits/thumb/women/86.jpg"},"nat":"UA"}],"info":{"seed":"6761fcbc127b60e1","results":1,"page":1,"version":"1.4"}} 
 </msg>
<msg time="2024-04-17T09:14:39.782908" level="INFO">/opt/hostedtoolcache/Python/3.12.2/x64/lib/python3.12/site-packages/urllib3/connectionpool.py:1103: InsecureRequestWarning: Unverified HTTPS request is being made to host 'randomuser.me'. Adding certificate verification is strongly advised. See: https://urllib3.readthedocs.io/en/latest/advanced-usage.html#tls-warnings
  warnings.warn(</msg>
<msg time="2024-04-17T09:14:39.783078" level="INFO">${response} = &lt;Response [200]&gt;</msg>
<var>${response}</var>
<arg>consultarAPI</arg>
<arg>/api</arg>
<doc>Sends a GET request on a previously created HTTP Session.</doc>
<status status="PASS" start="2024-04-17T09:14:39.656597" elapsed="0.126525"/>
</kw>
<kw name="Should Be Equal As Numbers" owner="BuiltIn">
<msg time="2024-04-17T09:14:39.784140" level="INFO">Argument types are:
&lt;class 'int'&gt;
&lt;class 'str'&gt;</msg>
<arg>${response.status_code}</arg>
<arg>200</arg>
<doc>Fails if objects are unequal after converting them to real numbers.</doc>
<status status="PASS" start="2024-04-17T09:14:39.783676" elapsed="0.000531"/>
</kw>
<kw name="Log" owner="BuiltIn">
<msg time="2024-04-17T09:14:39.784892" level="INFO">200</msg>
<arg>${response.status_code}</arg>
<doc>Logs the given message with the given level.</doc>
<status status="PASS" start="2024-04-17T09:14:39.784527" elapsed="0.000409"/>
</kw>
<kw name="Set Variable" owner="BuiltIn">
<msg time="2024-04-17T09:14:39.785721" level="INFO">${json_data} = {'results': [{'gender': 'female', 'name': {'title': 'Miss', 'first': 'Varvara', 'last': 'Bilyavskiy'}, 'location': {'street': {'number': 4960, 'name': 'Mitrofana Dovnar-Zapolskogo'}, 'city': 'Tismenic...</msg>
<var>${json_data}</var>
<arg>${response.json()}</arg>
<doc>Returns the given values which can then be assigned to a variables.</doc>
<status status="PASS" start="2024-04-17T09:14:39.785272" elapsed="0.000478"/>
</kw>
<kw name="Dictionary Should Contain Key" owner="Collections">
<msg time="2024-04-17T09:14:39.786233" level="INFO">False</msg>
<arg>${json_data}</arg>
<arg>results</arg>
<doc>Fails if ``key`` is not found from ``dictionary``.</doc>
<status status="PASS" start="2024-04-17T09:14:39.786061" elapsed="0.000213"/>
</kw>
<status status="PASS" start="2024-04-17T09:14:39.656337" elapsed="0.130209"/>
</kw>
<doc>Testa se a API responde corretamente e retorna um objeto JSON válido.</doc>
<tag>testeRequisicaoBasica</tag>
<status status="PASS" start="2024-04-17T09:14:39.655855" elapsed="0.130885"/>
</test>
<test id="s1-s1-t3" name="Validar estrutura de resposta" line="22">
<kw name="Teste de Estrutura de Resposta" owner="random-user-service">
<kw name="GET On Session" owner="RequestsLibrary">
<msg time="2024-04-17T09:14:39.885562" level="INFO">GET Request : url=https://randomuser.me/api 
 path_url=/api 
 headers={'User-Agent': 'python-requests/2.31.0', 'Accept-Encoding': 'gzip, deflate', 'Accept': '*/*', 'Connection': 'keep-alive'} 
 body=None 
 </msg>
<msg time="2024-04-17T09:14:39.885684" level="INFO">GET Response : url=https://randomuser.me/api 
 status=200, reason=OK 
 headers={'Date': 'Wed, 17 Apr 2024 09:14:39 GMT', 'Content-Type': 'application/json; charset=utf-8', 'Transfer-Encoding': 'chunked', 'Connection': 'keep-alive', 'X-Powered-By': 'Express', 'Access-Control-Allow-Origin': '*', 'Cache-Control': 'no-cache', 'ETag': 'W/"474-wA3hpzCVRveFyN8AjAKapjQzHDo"', 'Vary': 'Accept-Encoding', 'Content-Encoding': 'gzip', 'CF-Cache-Status': 'DYNAMIC', 'Report-To': '{"endpoints":[{"url":"https:\\/\\/a.nel.cloudflare.com\\/report\\/v4?s=FSUHeH3pNiLZBOk8anQq%2BTlmD9fg%2Bf2yj5zMx3FsZ0iogq7MXuWbV1nhPm5PYFBNwNIAK6PIq%2FXOrbwt7lHGWtbPf%2FOxo156q9oydCqsxOUWqdKrzH0eop8gwXNY02XO"}],"group":"cf-nel","max_age":604800}', 'NEL': '{"success_fraction":0,"report_to":"cf-nel","max_age":604800}', 'Server': 'cloudflare', 'CF-RAY': '875b4e5eb93715a0-SJC', 'alt-svc': 'h3=":443"; ma=86400'} 
 body={"results":[{"gender":"female","name":{"title":"Ms","first":"بهار","last":"کوتی"},"location":{"street":{"number":7673,"name":"هلال احمر"},"city":"آبادان","state":"بوشهر","country":"Iran","postcode":72991,"coordinates":{"latitude":"20.2698","longitude":"130.9118"},"timezone":{"offset":"+4:30","description":"Kabul"}},"email":"bhr.khwty@example.com","login":{"uuid":"3eaacd03-bda7-443c-ba8f-71f2172bcdf1","username":"yellowladybug207","password":"leedsutd","salt":"2NEplVCN","md5":"0809c71d1d3404c64e0d8a9db4719a4f","sha1":"5ae6d12c368c9dd2f48cccb7e49f239015fbd287","sha256":"5d5ba863eabc04ab034db718576f65eca473be06af6c18d41b9911726fd5a1a9"},"dob":{"date":"1998-10-19T06:31:37.116Z","age":25},"registered":{"date":"2005-10-17T05:59:51.179Z","age":18},"phone":"041-77890267","cell":"0989-762-7724","id":{"name":"","value":null},"picture":{"large":"https://randomuser.me/api/portraits/women/6.jpg","medium":"https://randomuser.me/api/portraits/med/women/6.jpg","thumbnail":"https://randomuser.me/api/portraits/thumb/women/6.jpg"},"nat":"IR"}],"info":{"seed":"b92cc35400f19455","results":1,"page":1,"version":"1.4"}} 
 </msg>
<msg time="2024-04-17T09:14:39.885834" level="INFO">/opt/hostedtoolcache/Python/3.12.2/x64/lib/python3.12/site-packages/urllib3/connectionpool.py:1103: InsecureRequestWarning: Unverified HTTPS request is being made to host 'randomuser.me'. Adding certificate verification is strongly advised. See: https://urllib3.readthedocs.io/en/latest/advanced-usage.html#tls-warnings
  warnings.warn(</msg>
<msg time="2024-04-17T09:14:39.885985" level="INFO">${response} = &lt;Response [200]&gt;</msg>
<var>${response}</var>
<arg>consultarAPI</arg>
<arg>/api</arg>
<doc>Sends a GET request on a previously created HTTP Session.</doc>
<status status="PASS" start="2024-04-17T09:14:39.789381" elapsed="0.096645"/>
</kw>
<kw name="Set Variable" owner="BuiltIn">
<msg time="2024-04-17T09:14:39.887263" level="INFO">${json_data} = {'results': [{'gender': 'female', 'name': {'title': 'Ms', 'first': 'بهار', 'last': 'کوتی'}, 'location': {'street': {'number': 7673, 'name': 'هلال احمر'}, 'city': 'آبادان', 'state': 'بوشهر', 'country':...</msg>
<var>${json_data}</var>
<arg>${response.json()}</arg>
<doc>Returns the given values which can then be assigned to a variables.</doc>
<status status="PASS" start="2024-04-17T09:14:39.886665" elapsed="0.000630"/>
</kw>
<kw name="Log" owner="BuiltIn">
<msg time="2024-04-17T09:14:39.887784" level="INFO">{'results': [{'gender': 'female', 'name': {'title': 'Ms', 'first': 'بهار', 'last': 'کوتی'}, 'location': {'street': {'number': 7673, 'name': 'هلال احمر'}, 'city': 'آبادان', 'state': 'بوشهر', 'country': 'Iran', 'postcode': 72991, 'coordinates': {'latitude': '20.2698', 'longitude': '130.9118'}, 'timezone': {'offset': '+4:30', 'description': 'Kabul'}}, 'email': 'bhr.khwty@example.com', 'login': {'uuid': '3eaacd03-bda7-443c-ba8f-71f2172bcdf1', 'username': 'yellowladybug207', 'password': 'leedsutd', 'salt': '2NEplVCN', 'md5': '0809c71d1d3404c64e0d8a9db4719a4f', 'sha1': '5ae6d12c368c9dd2f48cccb7e49f239015fbd287', 'sha256': '5d5ba863eabc04ab034db718576f65eca473be06af6c18d41b9911726fd5a1a9'}, 'dob': {'date': '1998-10-19T06:31:37.116Z', 'age': 25}, 'registered': {'date': '2005-10-17T05:59:51.179Z', 'age': 18}, 'phone': '041-77890267', 'cell': '0989-762-7724', 'id': {'name': '', 'value': None}, 'picture': {'large': 'https://randomuser.me/api/portraits/women/6.jpg', 'medium': 'https://randomuser.me/api/portraits/med/women/6.jpg', 'thumbnail': 'https://randomuser.me/api/portraits/thumb/women/6.jpg'}, 'nat': 'IR'}], 'info': {'seed': 'b92cc35400f19455', 'results': 1, 'page': 1, 'version': '1.4'}}</msg>
<arg>${json_data}</arg>
<doc>Logs the given message with the given level.</doc>
<status status="PASS" start="2024-04-17T09:14:39.887617" elapsed="0.000218"/>
</kw>
<kw name="Dictionary Should Contain Key" owner="Collections">
<msg time="2024-04-17T09:14:39.888390" level="INFO">False</msg>
<arg>${json_data}</arg>
<arg>results</arg>
<doc>Fails if ``key`` is not found from ``dictionary``.</doc>
<status status="PASS" start="2024-04-17T09:14:39.888191" elapsed="0.000241"/>
</kw>
<kw name="Should Not Be Empty" owner="BuiltIn">
<msg time="2024-04-17T09:14:39.888902" level="INFO">Length is 2.</msg>
<arg>${json_data}</arg>
<doc>Verifies that the given item is not empty.</doc>
<status status="PASS" start="2024-04-17T09:14:39.888764" elapsed="0.000184"/>
</kw>
<kw name="Create List" owner="BuiltIn">
<msg time="2024-04-17T09:14:39.889573" level="INFO">${expected_keys} = ['gender', 'name', 'location', 'email', 'login']</msg>
<var>${expected_keys}</var>
<arg>gender</arg>
<arg>name</arg>
<arg>location</arg>
<arg>email</arg>
<arg>login</arg>
<doc>Returns a list containing given items.</doc>
<status status="PASS" start="2024-04-17T09:14:39.889252" elapsed="0.000346"/>
</kw>
<for flavor="IN">
<iter>
<kw name="Dictionary Should Contain Key" owner="Collections">
<msg time="2024-04-17T09:14:39.890636" level="INFO">False</msg>
<arg>${json_data['results'][0]}</arg>
<arg>${key}</arg>
<doc>Fails if ``key`` is not found from ``dictionary``.</doc>
<status status="PASS" start="2024-04-17T09:14:39.890213" elapsed="0.000462"/>
</kw>
<kw name="Log" owner="BuiltIn">
<msg time="2024-04-17T09:14:39.891383" level="INFO">{'gender': 'female', 'name': {'title': 'Ms', 'first': 'بهار', 'last': 'کوتی'}, 'location': {'street': {'number': 7673, 'name': 'هلال احمر'}, 'city': 'آبادان', 'state': 'بوشهر', 'country': 'Iran', 'postcode': 72991, 'coordinates': {'latitude': '20.2698', 'longitude': '130.9118'}, 'timezone': {'offset': '+4:30', 'description': 'Kabul'}}, 'email': 'bhr.khwty@example.com', 'login': {'uuid': '3eaacd03-bda7-443c-ba8f-71f2172bcdf1', 'username': 'yellowladybug207', 'password': 'leedsutd', 'salt': '2NEplVCN', 'md5': '0809c71d1d3404c64e0d8a9db4719a4f', 'sha1': '5ae6d12c368c9dd2f48cccb7e49f239015fbd287', 'sha256': '5d5ba863eabc04ab034db718576f65eca473be06af6c18d41b9911726fd5a1a9'}, 'dob': {'date': '1998-10-19T06:31:37.116Z', 'age': 25}, 'registered': {'date': '2005-10-17T05:59:51.179Z', 'age': 18}, 'phone': '041-77890267', 'cell': '0989-762-7724', 'id': {'name': '', 'value': None}, 'picture': {'large': 'https://randomuser.me/api/portraits/women/6.jpg', 'medium': 'https://randomuser.me/api/portraits/med/women/6.jpg', 'thumbnail': 'https://randomuser.me/api/portraits/thumb/women/6.jpg'}, 'nat': 'IR'}</msg>
<arg>${json_data['results'][0]}</arg>
<doc>Logs the given message with the given level.</doc>
<status status="PASS" start="2024-04-17T09:14:39.890978" elapsed="0.000457"/>
</kw>
<kw name="Log" owner="BuiltIn">
<msg time="2024-04-17T09:14:39.891875" level="INFO">gender</msg>
<arg>${key}</arg>
<doc>Logs the given message with the given level.</doc>
<status status="PASS" start="2024-04-17T09:14:39.891744" elapsed="0.000176"/>
</kw>
<var name="${key}">gender</var>
<status status="PASS" start="2024-04-17T09:14:39.890065" elapsed="0.002075"/>
</iter>
<iter>
<kw name="Dictionary Should Contain Key" owner="Collections">
<msg time="2024-04-17T09:14:39.892836" level="INFO">False</msg>
<arg>${json_data['results'][0]}</arg>
<arg>${key}</arg>
<doc>Fails if ``key`` is not found from ``dictionary``.</doc>
<status status="PASS" start="2024-04-17T09:14:39.892445" elapsed="0.000429"/>
</kw>
<kw name="Log" owner="BuiltIn">
<msg time="2024-04-17T09:14:39.893578" level="INFO">{'gender': 'female', 'name': {'title': 'Ms', 'first': 'بهار', 'last': 'کوتی'}, 'location': {'street': {'number': 7673, 'name': 'هلال احمر'}, 'city': 'آبادان', 'state': 'بوشهر', 'country': 'Iran', 'postcode': 72991, 'coordinates': {'latitude': '20.2698', 'longitude': '130.9118'}, 'timezone': {'offset': '+4:30', 'description': 'Kabul'}}, 'email': 'bhr.khwty@example.com', 'login': {'uuid': '3eaacd03-bda7-443c-ba8f-71f2172bcdf1', 'username': 'yellowladybug207', 'password': 'leedsutd', 'salt': '2NEplVCN', 'md5': '0809c71d1d3404c64e0d8a9db4719a4f', 'sha1': '5ae6d12c368c9dd2f48cccb7e49f239015fbd287', 'sha256': '5d5ba863eabc04ab034db718576f65eca473be06af6c18d41b9911726fd5a1a9'}, 'dob': {'date': '1998-10-19T06:31:37.116Z', 'age': 25}, 'registered': {'date': '2005-10-17T05:59:51.179Z', 'age': 18}, 'phone': '041-77890267', 'cell': '0989-762-7724', 'id': {'name': '', 'value': None}, 'picture': {'large': 'https://randomuser.me/api/portraits/women/6.jpg', 'medium': 'https://randomuser.me/api/portraits/med/women/6.jpg', 'thumbnail': 'https://randomuser.me/api/portraits/thumb/women/6.jpg'}, 'nat': 'IR'}</msg>
<arg>${json_data['results'][0]}</arg>
<doc>Logs the given message with the given level.</doc>
<status status="PASS" start="2024-04-17T09:14:39.893211" elapsed="0.000418"/>
</kw>
<kw name="Log" owner="BuiltIn">
<msg time="2024-04-17T09:14:39.894063" level="INFO">name</msg>
<arg>${key}</arg>
<doc>Logs the given message with the given level.</doc>
<status status="PASS" start="2024-04-17T09:14:39.893932" elapsed="0.000169"/>
</kw>
<var name="${key}">name</var>
<status status="PASS" start="2024-04-17T09:14:39.892330" elapsed="0.001994"/>
</iter>
<iter>
<kw name="Dictionary Should Contain Key" owner="Collections">
<msg time="2024-04-17T09:14:39.894994" level="INFO">False</msg>
<arg>${json_data['results'][0]}</arg>
<arg>${key}</arg>
<doc>Fails if ``key`` is not found from ``dictionary``.</doc>
<status status="PASS" start="2024-04-17T09:14:39.894613" elapsed="0.000419"/>
</kw>
<kw name="Log" owner="BuiltIn">
<msg time="2024-04-17T09:14:39.895735" level="INFO">{'gender': 'female', 'name': {'title': 'Ms', 'first': 'بهار', 'last': 'کوتی'}, 'location': {'street': {'number': 7673, 'name': 'هلال احمر'}, 'city': 'آبادان', 'state': 'بوشهر', 'country': 'Iran', 'postcode': 72991, 'coordinates': {'latitude': '20.2698', 'longitude': '130.9118'}, 'timezone': {'offset': '+4:30', 'description': 'Kabul'}}, 'email': 'bhr.khwty@example.com', 'login': {'uuid': '3eaacd03-bda7-443c-ba8f-71f2172bcdf1', 'username': 'yellowladybug207', 'password': 'leedsutd', 'salt': '2NEplVCN', 'md5': '0809c71d1d3404c64e0d8a9db4719a4f', 'sha1': '5ae6d12c368c9dd2f48cccb7e49f239015fbd287', 'sha256': '5d5ba863eabc04ab034db718576f65eca473be06af6c18d41b9911726fd5a1a9'}, 'dob': {'date': '1998-10-19T06:31:37.116Z', 'age': 25}, 'registered': {'date': '2005-10-17T05:59:51.179Z', 'age': 18}, 'phone': '041-77890267', 'cell': '0989-762-7724', 'id': {'name': '', 'value': None}, 'picture': {'large': 'https://randomuser.me/api/portraits/women/6.jpg', 'medium': 'https://randomuser.me/api/portraits/med/women/6.jpg', 'thumbnail': 'https://randomuser.me/api/portraits/thumb/women/6.jpg'}, 'nat': 'IR'}</msg>
<arg>${json_data['results'][0]}</arg>
<doc>Logs the given message with the given level.</doc>
<status status="PASS" start="2024-04-17T09:14:39.895368" elapsed="0.000417"/>
</kw>
<kw name="Log" owner="BuiltIn">
<msg time="2024-04-17T09:14:39.896218" level="INFO">location</msg>
<arg>${key}</arg>
<doc>Logs the given message with the given level.</doc>
<status status="PASS" start="2024-04-17T09:14:39.896090" elapsed="0.000167"/>
</kw>
<var name="${key}">location</var>
<status status="PASS" start="2024-04-17T09:14:39.894503" elapsed="0.001970"/>
</iter>
<iter>
<kw name="Dictionary Should Contain Key" owner="Collections">
<msg time="2024-04-17T09:14:39.897131" level="INFO">False</msg>
<arg>${json_data['results'][0]}</arg>
<arg>${key}</arg>
<doc>Fails if ``key`` is not found from ``dictionary``.</doc>
<status status="PASS" start="2024-04-17T09:14:39.896759" elapsed="0.000410"/>
</kw>
<kw name="Log" owner="BuiltIn">
<msg time="2024-04-17T09:14:39.897833" level="INFO">{'gender': 'female', 'name': {'title': 'Ms', 'first': 'بهار', 'last': 'کوتی'}, 'location': {'street': {'number': 7673, 'name': 'هلال احمر'}, 'city': 'آبادان', 'state': 'بوشهر', 'country': 'Iran', 'postcode': 72991, 'coordinates': {'latitude': '20.2698', 'longitude': '130.9118'}, 'timezone': {'offset': '+4:30', 'description': 'Kabul'}}, 'email': 'bhr.khwty@example.com', 'login': {'uuid': '3eaacd03-bda7-443c-ba8f-71f2172bcdf1', 'username': 'yellowladybug207', 'password': 'leedsutd', 'salt': '2NEplVCN', 'md5': '0809c71d1d3404c64e0d8a9db4719a4f', 'sha1': '5ae6d12c368c9dd2f48cccb7e49f239015fbd287', 'sha256': '5d5ba863eabc04ab034db718576f65eca473be06af6c18d41b9911726fd5a1a9'}, 'dob': {'date': '1998-10-19T06:31:37.116Z', 'age': 25}, 'registered': {'date': '2005-10-17T05:59:51.179Z', 'age': 18}, 'phone': '041-77890267', 'cell': '0989-762-7724', 'id': {'name': '', 'value': None}, 'picture': {'large': 'https://randomuser.me/api/portraits/women/6.jpg', 'medium': 'https://randomuser.me/api/portraits/med/women/6.jpg', 'thumbnail': 'https://randomuser.me/api/portraits/thumb/women/6.jpg'}, 'nat': 'IR'}</msg>
<arg>${json_data['results'][0]}</arg>
<doc>Logs the given message with the given level.</doc>
<status status="PASS" start="2024-04-17T09:14:39.897467" elapsed="0.000416"/>
</kw>
<kw name="Log" owner="BuiltIn">
<msg time="2024-04-17T09:14:39.898310" level="INFO">email</msg>
<arg>${key}</arg>
<doc>Logs the given message with the given level.</doc>
<status status="PASS" start="2024-04-17T09:14:39.898182" elapsed="0.000166"/>
</kw>
<var name="${key}">email</var>
<status status="PASS" start="2024-04-17T09:14:39.896648" elapsed="0.001914"/>
</iter>
<iter>
<kw name="Dictionary Should Contain Key" owner="Collections">
<msg time="2024-04-17T09:14:39.899268" level="INFO">False</msg>
<arg>${json_data['results'][0]}</arg>
<arg>${key}</arg>
<doc>Fails if ``key`` is not found from ``dictionary``.</doc>
<status status="PASS" start="2024-04-17T09:14:39.898850" elapsed="0.000457"/>
</kw>
<kw name="Log" owner="BuiltIn">
<msg time="2024-04-17T09:14:39.899975" level="INFO">{'gender': 'female', 'name': {'title': 'Ms', 'first': 'بهار', 'last': 'کوتی'}, 'location': {'street': {'number': 7673, 'name': 'هلال احمر'}, 'city': 'آبادان', 'state': 'بوشهر', 'country': 'Iran', 'postcode': 72991, 'coordinates': {'latitude': '20.2698', 'longitude': '130.9118'}, 'timezone': {'offset': '+4:30', 'description': 'Kabul'}}, 'email': 'bhr.khwty@example.com', 'login': {'uuid': '3eaacd03-bda7-443c-ba8f-71f2172bcdf1', 'username': 'yellowladybug207', 'password': 'leedsutd', 'salt': '2NEplVCN', 'md5': '0809c71d1d3404c64e0d8a9db4719a4f', 'sha1': '5ae6d12c368c9dd2f48cccb7e49f239015fbd287', 'sha256': '5d5ba863eabc04ab034db718576f65eca473be06af6c18d41b9911726fd5a1a9'}, 'dob': {'date': '1998-10-19T06:31:37.116Z', 'age': 25}, 'registered': {'date': '2005-10-17T05:59:51.179Z', 'age': 18}, 'phone': '041-77890267', 'cell': '0989-762-7724', 'id': {'name': '', 'value': None}, 'picture': {'large': 'https://randomuser.me/api/portraits/women/6.jpg', 'medium': 'https://randomuser.me/api/portraits/med/women/6.jpg', 'thumbnail': 'https://randomuser.me/api/portraits/thumb/women/6.jpg'}, 'nat': 'IR'}</msg>
<arg>${json_data['results'][0]}</arg>
<doc>Logs the given message with the given level.</doc>
<status status="PASS" start="2024-04-17T09:14:39.899607" elapsed="0.000419"/>
</kw>
<kw name="Log" owner="BuiltIn">
<msg time="2024-04-17T09:14:39.900448" level="INFO">login</msg>
<arg>${key}</arg>
<doc>Logs the given message with the given level.</doc>
<status status="PASS" start="2024-04-17T09:14:39.900323" elapsed="0.000163"/>
</kw>
<var name="${key}">login</var>
<status status="PASS" start="2024-04-17T09:14:39.898735" elapsed="0.001969"/>
</iter>
<var>${key}</var>
<value>@{expected_keys}</value>
<status status="PASS" start="2024-04-17T09:14:39.889871" elapsed="0.010954"/>
</for>
<kw name="Create List" owner="BuiltIn">
<msg time="2024-04-17T09:14:39.901190" level="INFO">${expected_keysTwo} = ['username', 'password']</msg>
<var>${expected_keysTwo}</var>
<arg>username</arg>
<arg>password</arg>
<doc>Returns a list containing given items.</doc>
<status status="PASS" start="2024-04-17T09:14:39.901050" elapsed="0.000164"/>
</kw>
<for flavor="IN">
<iter>
<kw name="Dictionary Should Contain Key" owner="Collections">
<msg time="2024-04-17T09:14:39.902127" level="INFO">False</msg>
<arg>${json_data['results'][0]['login']}</arg>
<arg>${keyTwo}</arg>
<doc>Fails if ``key`` is not found from ``dictionary``.</doc>
<status status="PASS" start="2024-04-17T09:14:39.901730" elapsed="0.000434"/>
</kw>
<kw name="Dictionary Should Contain Key" owner="Collections">
<msg time="2024-04-17T09:14:39.902847" level="INFO">False</msg>
<arg>${json_data['results'][0]['login']}</arg>
<arg>${keyTwo}</arg>
<doc>Fails if ``key`` is not found from ``dictionary``.</doc>
<status status="PASS" start="2024-04-17T09:14:39.902459" elapsed="0.000426"/>
</kw>
<kw name="Log" owner="BuiltIn">
<msg time="2024-04-17T09:14:39.903354" level="INFO">username</msg>
<arg>${keyTwo}</arg>
<doc>Logs the given message with the given level.</doc>
<status status="PASS" start="2024-04-17T09:14:39.903213" elapsed="0.000179"/>
</kw>
<var name="${keyTwo}">username</var>
<status status="PASS" start="2024-04-17T09:14:39.901621" elapsed="0.001989"/>
</iter>
<iter>
<kw name="Dictionary Should Contain Key" owner="Collections">
<msg time="2024-04-17T09:14:39.904279" level="INFO">False</msg>
<arg>${json_data['results'][0]['login']}</arg>
<arg>${keyTwo}</arg>
<doc>Fails if ``key`` is not found from ``dictionary``.</doc>
<status status="PASS" start="2024-04-17T09:14:39.903895" elapsed="0.000422"/>
</kw>
<kw name="Dictionary Should Contain Key" owner="Collections">
<msg time="2024-04-17T09:14:39.905077" level="INFO">False</msg>
<arg>${json_data['results'][0]['login']}</arg>
<arg>${keyTwo}</arg>
<doc>Fails if ``key`` is not found from ``dictionary``.</doc>
<status status="PASS" start="2024-04-17T09:14:39.904615" elapsed="0.000501"/>
</kw>
<kw name="Log" owner="BuiltIn">
<msg time="2024-04-17T09:14:39.905543" level="INFO">password</msg>
<arg>${keyTwo}</arg>
<doc>Logs the given message with the given level.</doc>
<status status="PASS" start="2024-04-17T09:14:39.905412" elapsed="0.000170"/>
</kw>
<var name="${keyTwo}">password</var>
<status status="PASS" start="2024-04-17T09:14:39.903785" elapsed="0.002015"/>
</iter>
<var>${keyTwo}</var>
<value>@{expected_keysTwo}</value>
<status status="PASS" start="2024-04-17T09:14:39.901467" elapsed="0.004455"/>
</for>
<status status="PASS" start="2024-04-17T09:14:39.789134" elapsed="0.116929"/>
</kw>
<doc>Testa a estrutura da resposta da API.</doc>
<tag>testeEstruturaResposta</tag>
<status status="PASS" start="2024-04-17T09:14:39.788608" elapsed="0.117615"/>
</test>
<test id="s1-s1-t4" name="Validar tipos de dados" line="28">
<kw name="Teste de Tipos de Dados" owner="random-user-service">
<kw name="GET On Session" owner="RequestsLibrary">
<msg time="2024-04-17T09:14:39.990307" level="INFO">GET Request : url=https://randomuser.me/api 
 path_url=/api 
 headers={'User-Agent': 'python-requests/2.31.0', 'Accept-Encoding': 'gzip, deflate', 'Accept': '*/*', 'Connection': 'keep-alive'} 
 body=None 
 </msg>
<msg time="2024-04-17T09:14:39.990407" level="INFO">GET Response : url=https://randomuser.me/api 
 status=200, reason=OK 
 headers={'Date': 'Wed, 17 Apr 2024 09:14:39 GMT', 'Content-Type': 'application/json; charset=utf-8', 'Transfer-Encoding': 'chunked', 'Connection': 'keep-alive', 'X-Powered-By': 'Express', 'Access-Control-Allow-Origin': '*', 'Cache-Control': 'no-cache', 'ETag': 'W/"473-j5z1QvtmDLCOxrDWahUVs90sb7w"', 'Vary': 'Accept-Encoding', 'Content-Encoding': 'gzip', 'CF-Cache-Status': 'DYNAMIC', 'Report-To': '{"endpoints":[{"url":"https:\\/\\/a.nel.cloudflare.com\\/report\\/v4?s=Hcaz%2BRXcMSgsegOMND8SI7t38KwC4SjX48Dm4c%2ByOIfQOt1HEv6gT7NCh5znvpKaJdYlvPe9Jm9KYpTju%2BNxM02ZMCNkdIn%2Bvd1yUgHaiqaHrGFPiNzALNBZipncUmcR"}],"group":"cf-nel","max_age":604800}', 'NEL': '{"success_fraction":0,"report_to":"cf-nel","max_age":604800}', 'Server': 'cloudflare', 'CF-RAY': '875b4e5f79f315a0-SJC', 'alt-svc': 'h3=":443"; ma=86400'} 
 body={"results":[{"gender":"female","name":{"title":"Miss","first":"Nurdan","last":"Erkekli"},"location":{"street":{"number":219,"name":"Talak Göktepe Cd"},"city":"Bilecik","state":"Yozgat","country":"Turkey","postcode":66492,"coordinates":{"latitude":"65.8324","longitude":"26.3290"},"timezone":{"offset":"-9:00","description":"Alaska"}},"email":"nurdan.erkekli@example.com","login":{"uuid":"c632042d-afea-47a0-808e-ab97212a657c","username":"tinyostrich754","password":"kestrel","salt":"76PCOdWd","md5":"ad97954ef4ef1e044973bab5268aa640","sha1":"078cda9e9d560bfb5719e2b9cb662a5ab8bc8337","sha256":"157d152098b6eea5db58787d3a52122d9307cecf5fc575953b9f760ca7d0c2c6"},"dob":{"date":"1978-08-08T10:54:15.777Z","age":45},"registered":{"date":"2011-01-29T07:50:26.584Z","age":13},"phone":"(016)-334-7924","cell":"(791)-897-5236","id":{"name":"","value":null},"picture":{"large":"https://randomuser.me/api/portraits/women/13.jpg","medium":"https://randomuser.me/api/portraits/med/women/13.jpg","thumbnail":"https://randomuser.me/api/portraits/thumb/women/13.jpg"},"nat":"TR"}],"info":{"seed":"79dedd7ac4f32949","results":1,"page":1,"version":"1.4"}} 
 </msg>
<msg time="2024-04-17T09:14:39.990477" level="INFO">/opt/hostedtoolcache/Python/3.12.2/x64/lib/python3.12/site-packages/urllib3/connectionpool.py:1103: InsecureRequestWarning: Unverified HTTPS request is being made to host 'randomuser.me'. Adding certificate verification is strongly advised. See: https://urllib3.readthedocs.io/en/latest/advanced-usage.html#tls-warnings
  warnings.warn(</msg>
<msg time="2024-04-17T09:14:39.990602" level="INFO">${response} = &lt;Response [200]&gt;</msg>
<var>${response}</var>
<arg>consultarAPI</arg>
<arg>/api</arg>
<doc>Sends a GET request on a previously created HTTP Session.</doc>
<status status="PASS" start="2024-04-17T09:14:39.908822" elapsed="0.081821"/>
</kw>
<kw name="Set Variable" owner="BuiltIn">
<msg time="2024-04-17T09:14:39.991862" level="INFO">${json_data} = {'results': [{'gender': 'female', 'name': {'title': 'Miss', 'first': 'Nurdan', 'last': 'Erkekli'}, 'location': {'street': {'number': 219, 'name': 'Talak Göktepe Cd'}, 'city': 'Bilecik', 'state': 'Yozg...</msg>
<var>${json_data}</var>
<arg>${response.json()}</arg>
<doc>Returns the given values which can then be assigned to a variables.</doc>
<status status="PASS" start="2024-04-17T09:14:39.991315" elapsed="0.000577"/>
</kw>
<kw name="Log" owner="BuiltIn">
<msg time="2024-04-17T09:14:39.992366" level="INFO">{'results': [{'gender': 'female', 'name': {'title': 'Miss', 'first': 'Nurdan', 'last': 'Erkekli'}, 'location': {'street': {'number': 219, 'name': 'Talak Göktepe Cd'}, 'city': 'Bilecik', 'state': 'Yozgat', 'country': 'Turkey', 'postcode': 66492, 'coordinates': {'latitude': '65.8324', 'longitude': '26.3290'}, 'timezone': {'offset': '-9:00', 'description': 'Alaska'}}, 'email': 'nurdan.erkekli@example.com', 'login': {'uuid': 'c632042d-afea-47a0-808e-ab97212a657c', 'username': 'tinyostrich754', 'password': 'kestrel', 'salt': '76PCOdWd', 'md5': 'ad97954ef4ef1e044973bab5268aa640', 'sha1': '078cda9e9d560bfb5719e2b9cb662a5ab8bc8337', 'sha256': '157d152098b6eea5db58787d3a52122d9307cecf5fc575953b9f760ca7d0c2c6'}, 'dob': {'date': '1978-08-08T10:54:15.777Z', 'age': 45}, 'registered': {'date': '2011-01-29T07:50:26.584Z', 'age': 13}, 'phone': '(016)-334-7924', 'cell': '(791)-897-5236', 'id': {'name': '', 'value': None}, 'picture': {'large': 'https://randomuser.me/api/portraits/women/13.jpg', 'medium': 'https://randomuser.me/api/portraits/med/women/13.jpg', 'thumbnail': 'https://randomuser.me/api/portraits/thumb/women/13.jpg'}, 'nat': 'TR'}], 'info': {'seed': '79dedd7ac4f32949', 'results': 1, 'page': 1, 'version': '1.4'}}</msg>
<arg>${json_data}</arg>
<doc>Logs the given message with the given level.</doc>
<status status="PASS" start="2024-04-17T09:14:39.992206" elapsed="0.000209"/>
</kw>
<kw name="Should Be String" owner="String">
<arg>${json_data['results'][0]['gender']}</arg>
<doc>Fails if the given ``item`` is not a string.</doc>
<status status="PASS" start="2024-04-17T09:14:39.992743" elapsed="0.000371"/>
</kw>
<kw name="Should Match Regexp" owner="BuiltIn">
<arg>${json_data['results'][0]['email']}</arg>
<arg>^[a-zA-Z0-9._%+-]+@[a-zA-Z0-9.-]+\.[a-zA-Z]{2,}$</arg>
<doc>Fails if ``string`` does not match ``pattern`` as a regular expression.</doc>
<status status="PASS" start="2024-04-17T09:14:39.993308" elapsed="0.000515"/>
</kw>
<kw name="Should Match Regexp" owner="BuiltIn">
<arg>${json_data['results'][0]['dob']['date']}</arg>
<arg>\\d{4}-\\d{2}-\\d{2}T\\d{2}:\\d{2}:\\d{2}\\.\\d{3}Z</arg>
<doc>Fails if ``string`` does not match ``pattern`` as a regular expression.</doc>
<status status="PASS" start="2024-04-17T09:14:39.994021" elapsed="0.000479"/>
</kw>
<kw name="Should Match Regexp" owner="BuiltIn">
<arg>${json_data['results'][0]['registered']['date']}</arg>
<arg>\\d{4}-\\d{2}-\\d{2}T\\d{2}:\\d{2}:\\d{2}\\.\\d{3}Z</arg>
<doc>Fails if ``string`` does not match ``pattern`` as a regular expression.</doc>
<status status="PASS" start="2024-04-17T09:14:39.994696" elapsed="0.000412"/>
</kw>
<kw name="Should Match Regexp" owner="BuiltIn">
<arg>${json_data['results'][0]['picture']['large']}</arg>
<arg>^https?://.*\.(?:png|jpe?g|gif|bmp)$</arg>
<doc>Fails if ``string`` does not match ``pattern`` as a regular expression.</doc>
<status status="PASS" start="2024-04-17T09:14:39.995308" elapsed="0.000468"/>
</kw>
<kw name="Should Match Regexp" owner="BuiltIn">
<arg>${json_data['results'][0]['picture']['medium']}</arg>
<arg>^https?://.*\.(?:png|jpe?g|gif|bmp)$</arg>
<doc>Fails if ``string`` does not match ``pattern`` as a regular expression.</doc>
<status status="PASS" start="2024-04-17T09:14:39.995968" elapsed="0.000357"/>
</kw>
<kw name="Should Match Regexp" owner="BuiltIn">
<arg>${json_data['results'][0]['picture']['thumbnail']}</arg>
<arg>^https?://.*\.(?:png|jpe?g|gif|bmp)$</arg>
<doc>Fails if ``string`` does not match ``pattern`` as a regular expression.</doc>
<status status="PASS" start="2024-04-17T09:14:39.996518" elapsed="0.000354"/>
</kw>
<kw name="Log" owner="BuiltIn">
<msg time="2024-04-17T09:14:39.997394" level="INFO">{'large': 'https://randomuser.me/api/portraits/women/13.jpg', 'medium': 'https://randomuser.me/api/portraits/med/women/13.jpg', 'thumbnail': 'https://randomuser.me/api/portraits/thumb/women/13.jpg'}</msg>
<arg>${json_data['results'][0]['picture']}</arg>
<doc>Logs the given message with the given level.</doc>
<status status="PASS" start="2024-04-17T09:14:39.997061" elapsed="0.000376"/>
</kw>
<status status="PASS" start="2024-04-17T09:14:39.908596" elapsed="0.089099"/>
</kw>
<kw name="Teste de Tipos de Dados - Postcode" owner="random-user-service">
<kw name="GET On Session" owner="RequestsLibrary">
<msg time="2024-04-17T09:14:40.342840" level="INFO">GET Request : url=https://randomuser.me/api 
 path_url=/api 
 headers={'User-Agent': 'python-requests/2.31.0', 'Accept-Encoding': 'gzip, deflate', 'Accept': '*/*', 'Connection': 'keep-alive'} 
 body=None 
 </msg>
<msg time="2024-04-17T09:14:40.342942" level="INFO">GET Response : url=https://randomuser.me/api 
 status=200, reason=OK 
 headers={'Date': 'Wed, 17 Apr 2024 09:14:40 GMT', 'Content-Type': 'application/json; charset=utf-8', 'Transfer-Encoding': 'chunked', 'Connection': 'keep-alive', 'X-Powered-By': 'Express', 'Access-Control-Allow-Origin': '*', 'Cache-Control': 'no-cache', 'ETag': 'W/"493-t3BI9B51etUcYMrqzxvXFo4GR6s"', 'Vary': 'Accept-Encoding', 'Content-Encoding': 'gzip', 'CF-Cache-Status': 'DYNAMIC', 'Report-To': '{"endpoints":[{"url":"https:\\/\\/a.nel.cloudflare.com\\/report\\/v4?s=Ldfpk1uU%2FAwfX2Z%2FGgqJysCCMojdhU55nv0sL811v%2F6N8mEMmd%2F6rpaBodGUQ8LFlvli4bD6ZwK0w9lbGqH%2F5RAgJOlDSqEc2QuHFTconIeV%2Bx88hUBSOJR6YAf6HWVs"}],"group":"cf-nel","max_age":604800}', 'NEL': '{"success_fraction":0,"report_to":"cf-nel","max_age":604800}', 'Server': 'cloudflare', 'CF-RAY': '875b4e600a6215a0-SJC', 'alt-svc': 'h3=":443"; ma=86400'} 
 body={"results":[{"gender":"male","name":{"title":"Mr","first":"Ajay","last":"Shenoy"},"location":{"street":{"number":8011,"name":"Bandstand Promenade"},"city":"Delhi","state":"Chandigarh","country":"India","postcode":68068,"coordinates":{"latitude":"4.9160","longitude":"-166.5161"},"timezone":{"offset":"+5:00","description":"Ekaterinburg, Islamabad, Karachi, Tashkent"}},"email":"ajay.shenoy@example.com","login":{"uuid":"1dbc042a-0ffb-41c0-9e9f-1954cb581d33","username":"purplezebra157","password":"twinkle","salt":"a98RfXcg","md5":"ad4daadb154c088dcc2538a94097533c","sha1":"bdb44c532490ef949ed226de02f7ee49acdaf3ca","sha256":"d54b8ecdc9618fe5f2ae07249ccbc97a40937666bbc644064124c3f2f01704c3"},"dob":{"date":"1979-05-26T20:54:25.752Z","age":44},"registered":{"date":"2009-07-21T02:27:36.567Z","age":14},"phone":"9735082205","cell":"7509805616","id":{"name":"UIDAI","value":"561027472025"},"picture":{"large":"https://randomuser.me/api/portraits/men/27.jpg","medium":"https://randomuser.me/api/portraits/med/men/27.jpg","thumbnail":"https://randomuser.me/api/portraits/thumb/men/27.jpg"},"nat":"IN"}],"info":{"seed":"9f3f268c01314cb7","results":1,"page":1,"version":"1.4"}} 
 </msg>
<msg time="2024-04-17T09:14:40.343010" level="INFO">/opt/hostedtoolcache/Python/3.12.2/x64/lib/python3.12/site-packages/urllib3/connectionpool.py:1103: InsecureRequestWarning: Unverified HTTPS request is being made to host 'randomuser.me'. Adding certificate verification is strongly advised. See: https://urllib3.readthedocs.io/en/latest/advanced-usage.html#tls-warnings
  warnings.warn(</msg>
<msg time="2024-04-17T09:14:40.343161" level="INFO">${response} = &lt;Response [200]&gt;</msg>
<var>${response}</var>
<arg>consultarAPI</arg>
<arg>/api</arg>
<doc>Sends a GET request on a previously created HTTP Session.</doc>
<status status="PASS" start="2024-04-17T09:14:39.998167" elapsed="0.345034"/>
</kw>
<kw name="Set Variable" owner="BuiltIn">
<msg time="2024-04-17T09:14:40.344399" level="INFO">${json_data} = {'results': [{'gender': 'male', 'name': {'title': 'Mr', 'first': 'Ajay', 'last': 'Shenoy'}, 'location': {'street': {'number': 8011, 'name': 'Bandstand Promenade'}, 'city': 'Delhi', 'state': 'Chandigar...</msg>
<var>${json_data}</var>
<arg>${response.json()}</arg>
<doc>Returns the given values which can then be assigned to a variables.</doc>
<status status="PASS" start="2024-04-17T09:14:40.343858" elapsed="0.000569"/>
</kw>
<kw name="Log" owner="BuiltIn">
<msg time="2024-04-17T09:14:40.344905" level="INFO">{'results': [{'gender': 'male', 'name': {'title': 'Mr', 'first': 'Ajay', 'last': 'Shenoy'}, 'location': {'street': {'number': 8011, 'name': 'Bandstand Promenade'}, 'city': 'Delhi', 'state': 'Chandigarh', 'country': 'India', 'postcode': 68068, 'coordinates': {'latitude': '4.9160', 'longitude': '-166.5161'}, 'timezone': {'offset': '+5:00', 'description': 'Ekaterinburg, Islamabad, Karachi, Tashkent'}}, 'email': 'ajay.shenoy@example.com', 'login': {'uuid': '1dbc042a-0ffb-41c0-9e9f-1954cb581d33', 'username': 'purplezebra157', 'password': 'twinkle', 'salt': 'a98RfXcg', 'md5': 'ad4daadb154c088dcc2538a94097533c', 'sha1': 'bdb44c532490ef949ed226de02f7ee49acdaf3ca', 'sha256': 'd54b8ecdc9618fe5f2ae07249ccbc97a40937666bbc644064124c3f2f01704c3'}, 'dob': {'date': '1979-05-26T20:54:25.752Z', 'age': 44}, 'registered': {'date': '2009-07-21T02:27:36.567Z', 'age': 14}, 'phone': '9735082205', 'cell': '7509805616', 'id': {'name': 'UIDAI', 'value': '561027472025'}, 'picture': {'large': 'https://randomuser.me/api/portraits/men/27.jpg', 'medium': 'https://randomuser.me/api/portraits/med/men/27.jpg', 'thumbnail': 'https://randomuser.me/api/portraits/thumb/men/27.jpg'}, 'nat': 'IN'}], 'info': {'seed': '9f3f268c01314cb7', 'results': 1, 'page': 1, 'version': '1.4'}}</msg>
<arg>${json_data}</arg>
<doc>Logs the given message with the given level.</doc>
<status status="PASS" start="2024-04-17T09:14:40.344742" elapsed="0.000210"/>
</kw>
<kw name="Should Be Equal As Numbers" owner="BuiltIn">
<arg>${json_data['results'][0]['location']['postcode']}</arg>
<arg>${json_data['results'][0]['location']['postcode']}</arg>
<doc>Fails if objects are unequal after converting them to real numbers.</doc>
<status status="PASS" start="2024-04-17T09:14:40.345255" elapsed="0.000816"/>
</kw>
<kw name="Log" owner="BuiltIn">
<msg time="2024-04-17T09:14:40.346659" level="INFO">68068</msg>
<arg>${json_data['results'][0]['location']['postcode']}</arg>
<doc>Logs the given message with the given level.</doc>
<status status="PASS" start="2024-04-17T09:14:40.346314" elapsed="0.000386"/>
</kw>
<status status="PASS" start="2024-04-17T09:14:39.997928" elapsed="0.349045"/>
</kw>
<doc>Testa se os tipos de dados na resposta da API estão corretos.</doc>
<tag>testeTiposDados</tag>
<status status="PASS" start="2024-04-17T09:14:39.908046" elapsed="0.439161"/>
</test>
<test id="s1-s1-t5" name="Validar conteudo" line="35">
<kw name="Teste de Tipos de Conteudo" owner="random-user-service">
<kw name="GET On Session" owner="RequestsLibrary">
<msg time="2024-04-17T09:14:40.448772" level="INFO">GET Request : url=https://randomuser.me/api 
 path_url=/api 
 headers={'User-Agent': 'python-requests/2.31.0', 'Accept-Encoding': 'gzip, deflate', 'Accept': '*/*', 'Connection': 'keep-alive'} 
 body=None 
 </msg>
<msg time="2024-04-17T09:14:40.448893" level="INFO">GET Response : url=https://randomuser.me/api 
 status=200, reason=OK 
 headers={'Date': 'Wed, 17 Apr 2024 09:14:40 GMT', 'Content-Type': 'application/json; charset=utf-8', 'Transfer-Encoding': 'chunked', 'Connection': 'keep-alive', 'X-Powered-By': 'Express', 'Access-Control-Allow-Origin': '*', 'Cache-Control': 'no-cache', 'ETag': 'W/"497-JL3ouin8pGpQash/VzHWqp3zuPw"', 'Vary': 'Accept-Encoding', 'Content-Encoding': 'gzip', 'CF-Cache-Status': 'DYNAMIC', 'Report-To': '{"endpoints":[{"url":"https:\\/\\/a.nel.cloudflare.com\\/report\\/v4?s=hZDlLMpfkFcPPSOmC201A7GPUwfEd1dNCl19pIHT2WnN0fAXU6YSv6J%2BECwVT1Q0SMK%2F%2BjBVW3rgrzpHw8NSFaXWF1G6HwkWKr9OXw%2FIsY5ZLAqQLyH6WmgMdzkEVN4w"}],"group":"cf-nel","max_age":604800}', 'NEL': '{"success_fraction":0,"report_to":"cf-nel","max_age":604800}', 'Server': 'cloudflare', 'CF-RAY': '875b4e623c1815a0-SJC', 'alt-svc': 'h3=":443"; ma=86400'} 
 body={"results":[{"gender":"male","name":{"title":"Mr","first":"آراد","last":"یاسمی"},"location":{"street":{"number":1567,"name":"شهید اکبر وصالی"},"city":"تهران","state":"فارس","country":"Iran","postcode":73311,"coordinates":{"latitude":"15.7237","longitude":"-112.0912"},"timezone":{"offset":"-5:00","description":"Eastern Time (US &amp; Canada), Bogota, Lima"}},"email":"ard.ysmy@example.com","login":{"uuid":"0f32657b-3a59-42b5-90a9-06fa1f2399da","username":"purplemeercat135","password":"24680","salt":"oPvLjRug","md5":"f64bccdb9390af2137a9014d26d9771b","sha1":"ee99bd59fcbdbc8fe860a416784dd92c215d38a2","sha256":"fc6e53c2a1de3a16cf5ad1a966b2eb88a5090a6e6f8da251088649d6370cab0b"},"dob":{"date":"1967-02-09T08:45:07.329Z","age":57},"registered":{"date":"2021-10-04T18:31:03.100Z","age":2},"phone":"019-12658658","cell":"0947-207-7076","id":{"name":"","value":null},"picture":{"large":"https://randomuser.me/api/portraits/men/66.jpg","medium":"https://randomuser.me/api/portraits/med/men/66.jpg","thumbnail":"https://randomuser.me/api/portraits/thumb/men/66.jpg"},"nat":"IR"}],"info":{"seed":"cc177c9cf19eced4","results":1,"page":1,"version":"1.4"}} 
 </msg>
<msg time="2024-04-17T09:14:40.448982" level="INFO">/opt/hostedtoolcache/Python/3.12.2/x64/lib/python3.12/site-packages/urllib3/connectionpool.py:1103: InsecureRequestWarning: Unverified HTTPS request is being made to host 'randomuser.me'. Adding certificate verification is strongly advised. See: https://urllib3.readthedocs.io/en/latest/advanced-usage.html#tls-warnings
  warnings.warn(</msg>
<msg time="2024-04-17T09:14:40.449107" level="INFO">${response} = &lt;Response [200]&gt;</msg>
<var>${response}</var>
<arg>consultarAPI</arg>
<arg>/api</arg>
<doc>Sends a GET request on a previously created HTTP Session.</doc>
<status status="PASS" start="2024-04-17T09:14:40.349755" elapsed="0.099388"/>
</kw>
<kw name="Set Variable" owner="BuiltIn">
<msg time="2024-04-17T09:14:40.450400" level="INFO">${json_data} = {'results': [{'gender': 'male', 'name': {'title': 'Mr', 'first': 'آراد', 'last': 'یاسمی'}, 'location': {'street': {'number': 1567, 'name': 'شهید اکبر وصالی'}, 'city': 'تهران', 'state': 'فارس', 'countr...</msg>
<var>${json_data}</var>
<arg>${response.json()}</arg>
<doc>Returns the given values which can then be assigned to a variables.</doc>
<status status="PASS" start="2024-04-17T09:14:40.449808" elapsed="0.000624"/>
</kw>
<kw name="Set Variable" owner="BuiltIn">
<msg time="2024-04-17T09:14:40.451179" level="INFO">${name_title} = Mr</msg>
<var>${name_title}</var>
<arg>${json_data["results"][0]["name"]["title"]}</arg>
<doc>Returns the given values which can then be assigned to a variables.</doc>
<status status="PASS" start="2024-04-17T09:14:40.450748" elapsed="0.000466"/>
</kw>
<kw name="Create List" owner="BuiltIn">
<msg time="2024-04-17T09:14:40.451674" level="INFO">${allowed_titles} = ['Mr', 'Ms', 'Miss', 'Mrs', 'Madame', 'Monsieur']</msg>
<var>${allowed_titles}</var>
<arg>Mr</arg>
<arg>Ms</arg>
<arg>Miss</arg>
<arg>Mrs</arg>
<arg>Madame</arg>
<arg>Monsieur</arg>
<doc>Returns a list containing given items.</doc>
<status status="PASS" start="2024-04-17T09:14:40.451520" elapsed="0.000179"/>
</kw>
<kw name="List Should Contain Value" owner="Collections">
<msg time="2024-04-17T09:14:40.452194" level="INFO">False</msg>
<arg>${allowed_titles}</arg>
<arg>${name_title}</arg>
<doc>Fails if the ``value`` is not found from ``list``.</doc>
<status status="PASS" start="2024-04-17T09:14:40.452006" elapsed="0.000226"/>
</kw>
<kw name="Set Variable" owner="BuiltIn">
<msg time="2024-04-17T09:14:40.452924" level="INFO">${name_country} = IR</msg>
<var>${name_country}</var>
<arg>${json_data["results"][0]["nat"]}</arg>
<doc>Returns the given values which can then be assigned to a variables.</doc>
<status status="PASS" start="2024-04-17T09:14:40.452533" elapsed="0.000416"/>
</kw>
<kw name="Create List" owner="BuiltIn">
<msg time="2024-04-17T09:14:40.453861" level="INFO">${list_country} = ['AD', 'AE', 'AF', 'AG', 'AI', 'AL', 'AM', 'AO', 'AQ', 'AR', 'AS', 'AT', 'AU', 'AW', 'AX', 'AZ', 'BA', 'BB', 'BD', 'BE', 'BF', 'BG', 'BH', 'BI', 'BJ', 'BL', 'BM', 'BN', 'BO', 'BQ', 'BR', 'BS', 'BT', '...</msg>
<var>${list_country}</var>
<arg>AD</arg>
<arg>AE</arg>
<arg>AF</arg>
<arg>AG</arg>
<arg>AI</arg>
<arg>AL</arg>
<arg>AM</arg>
<arg>AO</arg>
<arg>AQ</arg>
<arg>AR</arg>
<arg>AS</arg>
<arg>AT</arg>
<arg>AU</arg>
<arg>AW</arg>
<arg>AX</arg>
<arg>AZ</arg>
<arg>BA</arg>
<arg>BB</arg>
<arg>BD</arg>
<arg>BE</arg>
<arg>BF</arg>
<arg>BG</arg>
<arg>BH</arg>
<arg>BI</arg>
<arg>BJ</arg>
<arg>BL</arg>
<arg>BM</arg>
<arg>BN</arg>
<arg>BO</arg>
<arg>BQ</arg>
<arg>BR</arg>
<arg>BS</arg>
<arg>BT</arg>
<arg>BV</arg>
<arg>BW</arg>
<arg>BY</arg>
<arg>BZ</arg>
<arg>CA</arg>
<arg>CC</arg>
<arg>CD</arg>
<arg>CF</arg>
<arg>CG</arg>
<arg>CH</arg>
<arg>CI</arg>
<arg>CK</arg>
<arg>CL</arg>
<arg>CM</arg>
<arg>CN</arg>
<arg>CO</arg>
<arg>CR</arg>
<arg>CU</arg>
<arg>CV</arg>
<arg>CW</arg>
<arg>CX</arg>
<arg>CY</arg>
<arg>CZ</arg>
<arg>DE</arg>
<arg>DJ</arg>
<arg>DK</arg>
<arg>DM</arg>
<arg>DO</arg>
<arg>DZ</arg>
<arg>EC</arg>
<arg>EE</arg>
<arg>EG</arg>
<arg>EH</arg>
<arg>ER</arg>
<arg>ES</arg>
<arg>ET</arg>
<arg>FI</arg>
<arg>FJ</arg>
<arg>FK</arg>
<arg>FM</arg>
<arg>FO</arg>
<arg>FR</arg>
<arg>GA</arg>
<arg>GB</arg>
<arg>GD</arg>
<arg>GE</arg>
<arg>GF</arg>
<arg>GG</arg>
<arg>GH</arg>
<arg>GI</arg>
<arg>GL</arg>
<arg>GM</arg>
<arg>GN</arg>
<arg>GP</arg>
<arg>GQ</arg>
<arg>GR</arg>
<arg>GS</arg>
<arg>GT</arg>
<arg>GU</arg>
<arg>GW</arg>
<arg>GY</arg>
<arg>HK</arg>
<arg>HM</arg>
<arg>HN</arg>
<arg>HR</arg>
<arg>HT</arg>
<arg>HU</arg>
<arg>ID</arg>
<arg>IE</arg>
<arg>IL</arg>
<arg>IM</arg>
<arg>IN</arg>
<arg>IO</arg>
<arg>IQ</arg>
<arg>IR</arg>
<arg>IS</arg>
<arg>IT</arg>
<arg>JE</arg>
<arg>JM</arg>
<arg>JO</arg>
<arg>JP</arg>
<arg>KE</arg>
<arg>KG</arg>
<arg>KH</arg>
<arg>KI</arg>
<arg>KM</arg>
<arg>KN</arg>
<arg>KP</arg>
<arg>KR</arg>
<arg>KW</arg>
<arg>KY</arg>
<arg>KZ</arg>
<arg>LA</arg>
<arg>LB</arg>
<arg>LC</arg>
<arg>LI</arg>
<arg>LK</arg>
<arg>LR</arg>
<arg>LS</arg>
<arg>LT</arg>
<arg>LU</arg>
<arg>LV</arg>
<arg>LY</arg>
<arg>MA</arg>
<arg>MC</arg>
<arg>MD</arg>
<arg>ME</arg>
<arg>MF</arg>
<arg>MG</arg>
<arg>MH</arg>
<arg>MK</arg>
<arg>ML</arg>
<arg>MM</arg>
<arg>MN</arg>
<arg>MO</arg>
<arg>MP</arg>
<arg>MQ</arg>
<arg>MR</arg>
<arg>MS</arg>
<arg>MT</arg>
<arg>MU</arg>
<arg>MV</arg>
<arg>MW</arg>
<arg>MX</arg>
<arg>MY</arg>
<arg>MZ</arg>
<arg>NA</arg>
<arg>NC</arg>
<arg>NE</arg>
<arg>NF</arg>
<arg>NG</arg>
<arg>NI</arg>
<arg>NL</arg>
<arg>NO</arg>
<arg>NP</arg>
<arg>NR</arg>
<arg>NU</arg>
<arg>NZ</arg>
<arg>OM</arg>
<arg>PA</arg>
<arg>PE</arg>
<arg>PF</arg>
<arg>PG</arg>
<arg>PH</arg>
<arg>PK</arg>
<arg>PL</arg>
<arg>PM</arg>
<arg>PN</arg>
<arg>PR</arg>
<arg>PS</arg>
<arg>PT</arg>
<arg>PW</arg>
<arg>PY</arg>
<arg>QA</arg>
<arg>RE</arg>
<arg>RO</arg>
<arg>RS</arg>
<arg>RU</arg>
<arg>RW</arg>
<arg>SA</arg>
<arg>SB</arg>
<arg>SC</arg>
<arg>SD</arg>
<arg>SE</arg>
<arg>SG</arg>
<arg>SH</arg>
<arg>SI</arg>
<arg>SJ</arg>
<arg>SK</arg>
<arg>SL</arg>
<arg>SM</arg>
<arg>SN</arg>
<arg>SO</arg>
<arg>SR</arg>
<arg>SS</arg>
<arg>ST</arg>
<arg>SV</arg>
<arg>SX</arg>
<arg>SY</arg>
<arg>SZ</arg>
<arg>TC</arg>
<arg>TD</arg>
<arg>TF</arg>
<arg>TG</arg>
<arg>TH</arg>
<arg>TJ</arg>
<arg>TK</arg>
<arg>TL</arg>
<arg>TM</arg>
<arg>TN</arg>
<arg>TO</arg>
<arg>TR</arg>
<arg>TT</arg>
<arg>TV</arg>
<arg>TW</arg>
<arg>TZ</arg>
<arg>UA</arg>
<arg>UG</arg>
<arg>UM</arg>
<arg>US</arg>
<arg>UY</arg>
<arg>UZ</arg>
<arg>VA</arg>
<arg>VC</arg>
<arg>VE</arg>
<arg>VG</arg>
<arg>VI</arg>
<arg>VN</arg>
<arg>VU</arg>
<arg>WF</arg>
<arg>WS</arg>
<arg>XK</arg>
<arg>YE</arg>
<arg>YT</arg>
<arg>ZA</arg>
<arg>ZM</arg>
<arg>ZW</arg>
<doc>Returns a list containing given items.</doc>
<status status="PASS" start="2024-04-17T09:14:40.453255" elapsed="0.000632"/>
</kw>
<kw name="List Should Contain Value" owner="Collections">
<msg time="2024-04-17T09:14:40.454881" level="INFO">False</msg>
<arg>${list_country}</arg>
<arg>${name_country}</arg>
<doc>Fails if the ``value`` is not found from ``list``.</doc>
<status status="PASS" start="2024-04-17T09:14:40.454678" elapsed="0.000240"/>
</kw>
<kw name="Run Keyword If" owner="BuiltIn">
<kw name="Should Be True" owner="BuiltIn">
<arg>${True}</arg>
<doc>Fails if the given condition is not true.</doc>
<status status="PASS" start="2024-04-17T09:14:40.456039" elapsed="0.000147"/>
</kw>
<arg>${json_data["results"][0]["location"]["coordinates"]["latitude"]} &gt;= -90 and ${json_data["results"][0]["location"]["coordinates"]["latitude"]} &lt;= 90</arg>
<arg>Should Be True</arg>
<arg>${True}</arg>
<doc>Runs the given keyword with the given arguments, if ``condition`` is true.</doc>
<status status="PASS" start="2024-04-17T09:14:40.455285" elapsed="0.001030"/>
</kw>
<kw name="Run Keyword If" owner="BuiltIn">
<kw name="Should Be True" owner="BuiltIn">
<arg>${True}</arg>
<doc>Fails if the given condition is not true.</doc>
<status status="PASS" start="2024-04-17T09:14:40.457216" elapsed="0.000256"/>
</kw>
<arg>${json_data["results"][0]["location"]["coordinates"]["longitude"]} &gt;= -180 and ${json_data["results"][0]["location"]["coordinates"]["longitude"]} &lt;= 180</arg>
<arg>Should Be True</arg>
<arg>${True}</arg>
<doc>Runs the given keyword with the given arguments, if ``condition`` is true.</doc>
<status status="PASS" start="2024-04-17T09:14:40.456510" elapsed="0.001091"/>
</kw>
<status status="PASS" start="2024-04-17T09:14:40.349528" elapsed="0.108207"/>
</kw>
<doc>Testa o conteúdo específico dos campos retornados pela API.</doc>
<tag>testeConteudo</tag>
<status status="PASS" start="2024-04-17T09:14:40.348988" elapsed="0.108902"/>
</test>
<status status="PASS" start="2024-04-17T09:14:39.346024" elapsed="1.113901"/>
</suite>
<status status="PASS" start="2024-04-17T09:14:39.332146" elapsed="1.133151"/>
</suite>
<statistics>
<total>
<stat pass="5" fail="0" skip="0">All Tests</stat>
</total>
<tag>
<stat pass="1" fail="0" skip="0">testeConteudo</stat>
<stat pass="1" fail="0" skip="0">testeEstruturaResposta</stat>
<stat pass="1" fail="0" skip="0">testeRequisicaoBasica</stat>
<stat pass="1" fail="0" skip="0">testeTiposDados</stat>
</tag>
<suite>
<stat pass="5" fail="0" skip="0" id="s1" name="Tests">Tests</stat>
<stat pass="5" fail="0" skip="0" id="s1-s1" name="Random-User-Test">Tests.Random-User-Test</stat>
</suite>
</statistics>
<errors>
</errors>
</robot>
