<?xml version="1.0" encoding="UTF-8"?>
<robot generator="Robot 7.0.1 (Python 3.12.4 on linux)" generated="2024-07-24T22:14:51.847144" rpa="false" schemaversion="5">
<suite id="s1" name="Tests" source="/home/runner/work/ApiRandomUser/ApiRandomUser/RamdonUser/tests">
<suite id="s1-s1" name="Random-User-Test" source="/home/runner/work/ApiRandomUser/ApiRandomUser/RamdonUser/tests/random-user-test.robot">
<test id="s1-s1-t1" name="Conectar" line="13">
<kw name="Conectar API" owner="random-user-service">
<kw name="Create Session" owner="RequestsLibrary">
<msg time="2024-07-24T22:14:52.240090" level="INFO">Creating Session using : alias=consultarAPI, url=https://randomuser.me/, headers={},                     cookies={}, auth=None, timeout=None, proxies=None, verify=False,                     debug=0 </msg>
<arg>consultarAPI</arg>
<arg>${URL}</arg>
<doc>Create Session: create a HTTP session to a server</doc>
<status status="PASS" start="2024-07-24T22:14:52.239897" elapsed="0.000357"/>
</kw>
<status status="PASS" start="2024-07-24T22:14:52.238874" elapsed="0.001722"/>
</kw>
<status status="PASS" start="2024-07-24T22:14:52.238359" elapsed="0.002430"/>
</test>
<test id="s1-s1-t2" name="Validar retorno 200 e JSON Válido" line="16">
<kw name="Teste de Requisicao Basica" owner="random-user-service">
<kw name="GET On Session" owner="RequestsLibrary">
<msg time="2024-07-24T22:14:52.369972" level="INFO">GET Request : url=https://randomuser.me/api 
 path_url=/api 
 headers={'User-Agent': 'python-requests/2.32.3', 'Accept-Encoding': 'gzip, deflate', 'Accept': '*/*', 'Connection': 'keep-alive'} 
 body=None 
 </msg>
<msg time="2024-07-24T22:14:52.370114" level="INFO">GET Response : url=https://randomuser.me/api 
 status=200, reason=OK 
 headers={'Date': 'Wed, 24 Jul 2024 22:14:52 GMT', 'Content-Type': 'application/json; charset=utf-8', 'Transfer-Encoding': 'chunked', 'Connection': 'keep-alive', 'X-Powered-By': 'Express', 'Access-Control-Allow-Origin': '*', 'Cache-Control': 'no-cache', 'ETag': 'W/"492-SoK3uKxwMr8THRX/wdJs0xenNVw"', 'Vary': 'Accept-Encoding', 'Content-Encoding': 'gzip', 'CF-Cache-Status': 'DYNAMIC', 'Report-To': '{"endpoints":[{"url":"https:\\/\\/a.nel.cloudflare.com\\/report\\/v4?s=Q6XUWZ4OJDhMRRPh2bkCNHkyNRN7dJ73d6XovndqbI6qQiVFhrPGTY19lYUCzjq0zgh%2BOCLDcWnC5typYFGbDNbDMY5EgOWCwgsX%2FP0sXTEsAetD%2Fw6b52XoeSFxt8r8"}],"group":"cf-nel","max_age":604800}', 'NEL': '{"success_fraction":0,"report_to":"cf-nel","max_age":604800}', 'Server': 'cloudflare', 'CF-RAY': '8a874400bab115f7-SJC', 'alt-svc': 'h3=":443"; ma=86400'} 
 body={"results":[{"gender":"female","name":{"title":"Miss","first":"Neea","last":"Joki"},"location":{"street":{"number":1020,"name":"Siilitie"},"city":"Kemi","state":"Central Ostrobothnia","country":"Finland","postcode":92706,"coordinates":{"latitude":"-25.1349","longitude":"145.7797"},"timezone":{"offset":"+6:00","description":"Almaty, Dhaka, Colombo"}},"email":"neea.joki@example.com","login":{"uuid":"a33c1c40-e998-416c-b870-6f2db136d1c2","username":"beautifulgorilla967","password":"hotmail1","salt":"MKGfzVBG","md5":"670e8e0958d2ccefe9e8e5a52d0cbcc3","sha1":"4d5715e27ef6e64831f7de38c4e4ad759e3eddcf","sha256":"e8650406895e1e6a08d90112b40ed11cd23bebfc6ccd1e01a5785cee925ae3a2"},"dob":{"date":"1953-09-16T17:05:57.808Z","age":70},"registered":{"date":"2019-05-06T23:06:03.306Z","age":5},"phone":"02-238-171","cell":"047-999-77-50","id":{"name":"HETU","value":"NaNNA520undefined"},"picture":{"large":"https://randomuser.me/api/portraits/women/68.jpg","medium":"https://randomuser.me/api/portraits/med/women/68.jpg","thumbnail":"https://randomuser.me/api/portraits/thumb/women/68.jpg"},"nat":"FI"}],"info":{"seed":"0ef916a722461cf4","results":1,"page":1,"version":"1.4"}} 
 </msg>
<msg time="2024-07-24T22:14:52.370189" level="INFO">/opt/hostedtoolcache/Python/3.12.4/x64/lib/python3.12/site-packages/urllib3/connectionpool.py:1099: InsecureRequestWarning: Unverified HTTPS request is being made to host 'randomuser.me'. Adding certificate verification is strongly advised. See: https://urllib3.readthedocs.io/en/latest/advanced-usage.html#tls-warnings
  warnings.warn(</msg>
<msg time="2024-07-24T22:14:52.370331" level="INFO">${response} = &lt;Response [200]&gt;</msg>
<var>${response}</var>
<arg>consultarAPI</arg>
<arg>/api</arg>
<doc>Sends a GET request on a previously created HTTP Session.</doc>
<status status="PASS" start="2024-07-24T22:14:52.243364" elapsed="0.127012"/>
</kw>
<kw name="Should Be Equal As Numbers" owner="BuiltIn">
<msg time="2024-07-24T22:14:52.371262" level="INFO">Argument types are:
&lt;class 'int'&gt;
&lt;class 'str'&gt;</msg>
<arg>${response.status_code}</arg>
<arg>200</arg>
<doc>Fails if objects are unequal after converting them to real numbers.</doc>
<status status="PASS" start="2024-07-24T22:14:52.370794" elapsed="0.000553"/>
</kw>
<kw name="Log" owner="BuiltIn">
<msg time="2024-07-24T22:14:52.372049" level="INFO">200</msg>
<arg>${response.status_code}</arg>
<doc>Logs the given message with the given level.</doc>
<status status="PASS" start="2024-07-24T22:14:52.371685" elapsed="0.000408"/>
</kw>
<kw name="Set Variable" owner="BuiltIn">
<msg time="2024-07-24T22:14:52.372843" level="INFO">${json_data} = {'results': [{'gender': 'female', 'name': {'title': 'Miss', 'first': 'Neea', 'last': 'Joki'}, 'location': {'street': {'number': 1020, 'name': 'Siilitie'}, 'city': 'Kemi', 'state': 'Central Ostrobothni...</msg>
<var>${json_data}</var>
<arg>${response.json()}</arg>
<doc>Returns the given values which can then be assigned to a variables.</doc>
<status status="PASS" start="2024-07-24T22:14:52.372407" elapsed="0.000464"/>
</kw>
<kw name="Dictionary Should Contain Key" owner="Collections">
<arg>${json_data}</arg>
<arg>results</arg>
<doc>Fails if ``key`` is not found from ``dictionary``.</doc>
<status status="PASS" start="2024-07-24T22:14:52.373181" elapsed="0.000316"/>
</kw>
<status status="PASS" start="2024-07-24T22:14:52.243114" elapsed="0.130533"/>
</kw>
<doc>Testa se a API responde corretamente e retorna um objeto JSON válido.</doc>
<tag>testeRequisicaoBasica</tag>
<status status="PASS" start="2024-07-24T22:14:52.242617" elapsed="0.131198"/>
</test>
<test id="s1-s1-t3" name="Validar estrutura de resposta" line="22">
<kw name="Teste de Estrutura de Resposta" owner="random-user-service">
<kw name="GET On Session" owner="RequestsLibrary">
<msg time="2024-07-24T22:14:52.465174" level="INFO">GET Request : url=https://randomuser.me/api 
 path_url=/api 
 headers={'User-Agent': 'python-requests/2.32.3', 'Accept-Encoding': 'gzip, deflate', 'Accept': '*/*', 'Connection': 'keep-alive'} 
 body=None 
 </msg>
<msg time="2024-07-24T22:14:52.465256" level="INFO">GET Response : url=https://randomuser.me/api 
 status=200, reason=OK 
 headers={'Date': 'Wed, 24 Jul 2024 22:14:52 GMT', 'Content-Type': 'application/json; charset=utf-8', 'Transfer-Encoding': 'chunked', 'Connection': 'keep-alive', 'X-Powered-By': 'Express', 'Access-Control-Allow-Origin': '*', 'Cache-Control': 'no-cache', 'ETag': 'W/"47d-XLAPWAhOBKZhdRR5N6CZyOF+2Bc"', 'Vary': 'Accept-Encoding', 'Content-Encoding': 'gzip', 'CF-Cache-Status': 'DYNAMIC', 'Report-To': '{"endpoints":[{"url":"https:\\/\\/a.nel.cloudflare.com\\/report\\/v4?s=AHOVIXDqGBcT1oQUEyzW7wdoXCHaF20hwXY%2BSWSAZWLBjOLQdetA1G9XK8sb1BmG9SQlem0DY2e0AnduB4FxHXhVASoK%2BunRJwstbjWMdWOHv0T5AJYIxC3NOx6ewKD2"}],"group":"cf-nel","max_age":604800}', 'NEL': '{"success_fraction":0,"report_to":"cf-nel","max_age":604800}', 'Server': 'cloudflare', 'CF-RAY': '8a8744015b3f15f7-SJC', 'alt-svc': 'h3=":443"; ma=86400'} 
 body={"results":[{"gender":"male","name":{"title":"Mr","first":"Carter","last":"Johnson"},"location":{"street":{"number":2368,"name":"Seymour Street"},"city":"New Plymouth","state":"Southland","country":"New Zealand","postcode":86927,"coordinates":{"latitude":"50.8445","longitude":"-55.7431"},"timezone":{"offset":"+9:30","description":"Adelaide, Darwin"}},"email":"carter.johnson@example.com","login":{"uuid":"35e3c9ad-9653-46a5-8d5e-27c1bf3282f4","username":"greentiger261","password":"stanton","salt":"KAvoAOwr","md5":"79a2518157c815a7a12d8a6c156ad8f0","sha1":"5089bffcacd8f7ce7e96f7939fae9fdda99cc0c0","sha256":"18191e0b74d64bbfdc30755d77faf97d26e5fd3cd85400ea6f01c5447b945022"},"dob":{"date":"1970-10-22T06:06:46.855Z","age":53},"registered":{"date":"2017-05-10T08:44:45.951Z","age":7},"phone":"(791)-151-9245","cell":"(409)-663-4585","id":{"name":"","value":null},"picture":{"large":"https://randomuser.me/api/portraits/men/10.jpg","medium":"https://randomuser.me/api/portraits/med/men/10.jpg","thumbnail":"https://randomuser.me/api/portraits/thumb/men/10.jpg"},"nat":"NZ"}],"info":{"seed":"5a13acd2546854c6","results":1,"page":1,"version":"1.4"}} 
 </msg>
<msg time="2024-07-24T22:14:52.465365" level="INFO">/opt/hostedtoolcache/Python/3.12.4/x64/lib/python3.12/site-packages/urllib3/connectionpool.py:1099: InsecureRequestWarning: Unverified HTTPS request is being made to host 'randomuser.me'. Adding certificate verification is strongly advised. See: https://urllib3.readthedocs.io/en/latest/advanced-usage.html#tls-warnings
  warnings.warn(</msg>
<msg time="2024-07-24T22:14:52.465478" level="INFO">${response} = &lt;Response [200]&gt;</msg>
<var>${response}</var>
<arg>consultarAPI</arg>
<arg>/api</arg>
<doc>Sends a GET request on a previously created HTTP Session.</doc>
<status status="PASS" start="2024-07-24T22:14:52.376513" elapsed="0.089008"/>
</kw>
<kw name="Set Variable" owner="BuiltIn">
<msg time="2024-07-24T22:14:52.466326" level="INFO">${json_data} = {'results': [{'gender': 'male', 'name': {'title': 'Mr', 'first': 'Carter', 'last': 'Johnson'}, 'location': {'street': {'number': 2368, 'name': 'Seymour Street'}, 'city': 'New Plymouth', 'state': 'Sout...</msg>
<var>${json_data}</var>
<arg>${response.json()}</arg>
<doc>Returns the given values which can then be assigned to a variables.</doc>
<status status="PASS" start="2024-07-24T22:14:52.465877" elapsed="0.000478"/>
</kw>
<kw name="Log" owner="BuiltIn">
<msg time="2024-07-24T22:14:52.466821" level="INFO">{'results': [{'gender': 'male', 'name': {'title': 'Mr', 'first': 'Carter', 'last': 'Johnson'}, 'location': {'street': {'number': 2368, 'name': 'Seymour Street'}, 'city': 'New Plymouth', 'state': 'Southland', 'country': 'New Zealand', 'postcode': 86927, 'coordinates': {'latitude': '50.8445', 'longitude': '-55.7431'}, 'timezone': {'offset': '+9:30', 'description': 'Adelaide, Darwin'}}, 'email': 'carter.johnson@example.com', 'login': {'uuid': '35e3c9ad-9653-46a5-8d5e-27c1bf3282f4', 'username': 'greentiger261', 'password': 'stanton', 'salt': 'KAvoAOwr', 'md5': '79a2518157c815a7a12d8a6c156ad8f0', 'sha1': '5089bffcacd8f7ce7e96f7939fae9fdda99cc0c0', 'sha256': '18191e0b74d64bbfdc30755d77faf97d26e5fd3cd85400ea6f01c5447b945022'}, 'dob': {'date': '1970-10-22T06:06:46.855Z', 'age': 53}, 'registered': {'date': '2017-05-10T08:44:45.951Z', 'age': 7}, 'phone': '(791)-151-9245', 'cell': '(409)-663-4585', 'id': {'name': '', 'value': None}, 'picture': {'large': 'https://randomuser.me/api/portraits/men/10.jpg', 'medium': 'https://randomuser.me/api/portraits/med/men/10.jpg', 'thumbnail': 'https://randomuser.me/api/portraits/thumb/men/10.jpg'}, 'nat': 'NZ'}], 'info': {'seed': '5a13acd2546854c6', 'results': 1, 'page': 1, 'version': '1.4'}}</msg>
<arg>${json_data}</arg>
<doc>Logs the given message with the given level.</doc>
<status status="PASS" start="2024-07-24T22:14:52.466662" elapsed="0.000207"/>
</kw>
<kw name="Dictionary Should Contain Key" owner="Collections">
<arg>${json_data}</arg>
<arg>results</arg>
<doc>Fails if ``key`` is not found from ``dictionary``.</doc>
<status status="PASS" start="2024-07-24T22:14:52.467205" elapsed="0.000160"/>
</kw>
<kw name="Should Not Be Empty" owner="BuiltIn">
<msg time="2024-07-24T22:14:52.467680" level="INFO">Length is 2.</msg>
<arg>${json_data}</arg>
<doc>Verifies that the given item is not empty.</doc>
<status status="PASS" start="2024-07-24T22:14:52.467550" elapsed="0.000167"/>
</kw>
<kw name="Create List" owner="BuiltIn">
<msg time="2024-07-24T22:14:52.468159" level="INFO">${expected_keys} = ['gender', 'name', 'location', 'email', 'login']</msg>
<var>${expected_keys}</var>
<arg>gender</arg>
<arg>name</arg>
<arg>location</arg>
<arg>email</arg>
<arg>login</arg>
<doc>Returns a list containing given items.</doc>
<status status="PASS" start="2024-07-24T22:14:52.468004" elapsed="0.000179"/>
</kw>
<for flavor="IN">
<iter>
<kw name="Dictionary Should Contain Key" owner="Collections">
<arg>${json_data['results'][0]}</arg>
<arg>${key}</arg>
<doc>Fails if ``key`` is not found from ``dictionary``.</doc>
<status status="PASS" start="2024-07-24T22:14:52.468759" elapsed="0.000399"/>
</kw>
<kw name="Log" owner="BuiltIn">
<msg time="2024-07-24T22:14:52.469709" level="INFO">{'gender': 'male', 'name': {'title': 'Mr', 'first': 'Carter', 'last': 'Johnson'}, 'location': {'street': {'number': 2368, 'name': 'Seymour Street'}, 'city': 'New Plymouth', 'state': 'Southland', 'country': 'New Zealand', 'postcode': 86927, 'coordinates': {'latitude': '50.8445', 'longitude': '-55.7431'}, 'timezone': {'offset': '+9:30', 'description': 'Adelaide, Darwin'}}, 'email': 'carter.johnson@example.com', 'login': {'uuid': '35e3c9ad-9653-46a5-8d5e-27c1bf3282f4', 'username': 'greentiger261', 'password': 'stanton', 'salt': 'KAvoAOwr', 'md5': '79a2518157c815a7a12d8a6c156ad8f0', 'sha1': '5089bffcacd8f7ce7e96f7939fae9fdda99cc0c0', 'sha256': '18191e0b74d64bbfdc30755d77faf97d26e5fd3cd85400ea6f01c5447b945022'}, 'dob': {'date': '1970-10-22T06:06:46.855Z', 'age': 53}, 'registered': {'date': '2017-05-10T08:44:45.951Z', 'age': 7}, 'phone': '(791)-151-9245', 'cell': '(409)-663-4585', 'id': {'name': '', 'value': None}, 'picture': {'large': 'https://randomuser.me/api/portraits/men/10.jpg', 'medium': 'https://randomuser.me/api/portraits/med/men/10.jpg', 'thumbnail': 'https://randomuser.me/api/portraits/thumb/men/10.jpg'}, 'nat': 'NZ'}</msg>
<arg>${json_data['results'][0]}</arg>
<doc>Logs the given message with the given level.</doc>
<status status="PASS" start="2024-07-24T22:14:52.469353" elapsed="0.000408"/>
</kw>
<kw name="Log" owner="BuiltIn">
<msg time="2024-07-24T22:14:52.470196" level="INFO">gender</msg>
<arg>${key}</arg>
<doc>Logs the given message with the given level.</doc>
<status status="PASS" start="2024-07-24T22:14:52.470067" elapsed="0.000168"/>
</kw>
<var name="${key}">gender</var>
<status status="PASS" start="2024-07-24T22:14:52.468633" elapsed="0.001818"/>
</iter>
<iter>
<kw name="Dictionary Should Contain Key" owner="Collections">
<arg>${json_data['results'][0]}</arg>
<arg>${key}</arg>
<doc>Fails if ``key`` is not found from ``dictionary``.</doc>
<status status="PASS" start="2024-07-24T22:14:52.470744" elapsed="0.000404"/>
</kw>
<kw name="Log" owner="BuiltIn">
<msg time="2024-07-24T22:14:52.471694" level="INFO">{'gender': 'male', 'name': {'title': 'Mr', 'first': 'Carter', 'last': 'Johnson'}, 'location': {'street': {'number': 2368, 'name': 'Seymour Street'}, 'city': 'New Plymouth', 'state': 'Southland', 'country': 'New Zealand', 'postcode': 86927, 'coordinates': {'latitude': '50.8445', 'longitude': '-55.7431'}, 'timezone': {'offset': '+9:30', 'description': 'Adelaide, Darwin'}}, 'email': 'carter.johnson@example.com', 'login': {'uuid': '35e3c9ad-9653-46a5-8d5e-27c1bf3282f4', 'username': 'greentiger261', 'password': 'stanton', 'salt': 'KAvoAOwr', 'md5': '79a2518157c815a7a12d8a6c156ad8f0', 'sha1': '5089bffcacd8f7ce7e96f7939fae9fdda99cc0c0', 'sha256': '18191e0b74d64bbfdc30755d77faf97d26e5fd3cd85400ea6f01c5447b945022'}, 'dob': {'date': '1970-10-22T06:06:46.855Z', 'age': 53}, 'registered': {'date': '2017-05-10T08:44:45.951Z', 'age': 7}, 'phone': '(791)-151-9245', 'cell': '(409)-663-4585', 'id': {'name': '', 'value': None}, 'picture': {'large': 'https://randomuser.me/api/portraits/men/10.jpg', 'medium': 'https://randomuser.me/api/portraits/med/men/10.jpg', 'thumbnail': 'https://randomuser.me/api/portraits/thumb/men/10.jpg'}, 'nat': 'NZ'}</msg>
<arg>${json_data['results'][0]}</arg>
<doc>Logs the given message with the given level.</doc>
<status status="PASS" start="2024-07-24T22:14:52.471333" elapsed="0.000441"/>
</kw>
<kw name="Log" owner="BuiltIn">
<msg time="2024-07-24T22:14:52.472204" level="INFO">name</msg>
<arg>${key}</arg>
<doc>Logs the given message with the given level.</doc>
<status status="PASS" start="2024-07-24T22:14:52.472074" elapsed="0.000168"/>
</kw>
<var name="${key}">name</var>
<status status="PASS" start="2024-07-24T22:14:52.470634" elapsed="0.001824"/>
</iter>
<iter>
<kw name="Dictionary Should Contain Key" owner="Collections">
<arg>${json_data['results'][0]}</arg>
<arg>${key}</arg>
<doc>Fails if ``key`` is not found from ``dictionary``.</doc>
<status status="PASS" start="2024-07-24T22:14:52.472739" elapsed="0.000376"/>
</kw>
<kw name="Log" owner="BuiltIn">
<msg time="2024-07-24T22:14:52.473648" level="INFO">{'gender': 'male', 'name': {'title': 'Mr', 'first': 'Carter', 'last': 'Johnson'}, 'location': {'street': {'number': 2368, 'name': 'Seymour Street'}, 'city': 'New Plymouth', 'state': 'Southland', 'country': 'New Zealand', 'postcode': 86927, 'coordinates': {'latitude': '50.8445', 'longitude': '-55.7431'}, 'timezone': {'offset': '+9:30', 'description': 'Adelaide, Darwin'}}, 'email': 'carter.johnson@example.com', 'login': {'uuid': '35e3c9ad-9653-46a5-8d5e-27c1bf3282f4', 'username': 'greentiger261', 'password': 'stanton', 'salt': 'KAvoAOwr', 'md5': '79a2518157c815a7a12d8a6c156ad8f0', 'sha1': '5089bffcacd8f7ce7e96f7939fae9fdda99cc0c0', 'sha256': '18191e0b74d64bbfdc30755d77faf97d26e5fd3cd85400ea6f01c5447b945022'}, 'dob': {'date': '1970-10-22T06:06:46.855Z', 'age': 53}, 'registered': {'date': '2017-05-10T08:44:45.951Z', 'age': 7}, 'phone': '(791)-151-9245', 'cell': '(409)-663-4585', 'id': {'name': '', 'value': None}, 'picture': {'large': 'https://randomuser.me/api/portraits/men/10.jpg', 'medium': 'https://randomuser.me/api/portraits/med/men/10.jpg', 'thumbnail': 'https://randomuser.me/api/portraits/thumb/men/10.jpg'}, 'nat': 'NZ'}</msg>
<arg>${json_data['results'][0]}</arg>
<doc>Logs the given message with the given level.</doc>
<status status="PASS" start="2024-07-24T22:14:52.473302" elapsed="0.000394"/>
</kw>
<kw name="Log" owner="BuiltIn">
<msg time="2024-07-24T22:14:52.474124" level="INFO">location</msg>
<arg>${key}</arg>
<doc>Logs the given message with the given level.</doc>
<status status="PASS" start="2024-07-24T22:14:52.473997" elapsed="0.000166"/>
</kw>
<var name="${key}">location</var>
<status status="PASS" start="2024-07-24T22:14:52.472633" elapsed="0.001755"/>
</iter>
<iter>
<kw name="Dictionary Should Contain Key" owner="Collections">
<arg>${json_data['results'][0]}</arg>
<arg>${key}</arg>
<doc>Fails if ``key`` is not found from ``dictionary``.</doc>
<status status="PASS" start="2024-07-24T22:14:52.474664" elapsed="0.000424"/>
</kw>
<kw name="Log" owner="BuiltIn">
<msg time="2024-07-24T22:14:52.475748" level="INFO">{'gender': 'male', 'name': {'title': 'Mr', 'first': 'Carter', 'last': 'Johnson'}, 'location': {'street': {'number': 2368, 'name': 'Seymour Street'}, 'city': 'New Plymouth', 'state': 'Southland', 'country': 'New Zealand', 'postcode': 86927, 'coordinates': {'latitude': '50.8445', 'longitude': '-55.7431'}, 'timezone': {'offset': '+9:30', 'description': 'Adelaide, Darwin'}}, 'email': 'carter.johnson@example.com', 'login': {'uuid': '35e3c9ad-9653-46a5-8d5e-27c1bf3282f4', 'username': 'greentiger261', 'password': 'stanton', 'salt': 'KAvoAOwr', 'md5': '79a2518157c815a7a12d8a6c156ad8f0', 'sha1': '5089bffcacd8f7ce7e96f7939fae9fdda99cc0c0', 'sha256': '18191e0b74d64bbfdc30755d77faf97d26e5fd3cd85400ea6f01c5447b945022'}, 'dob': {'date': '1970-10-22T06:06:46.855Z', 'age': 53}, 'registered': {'date': '2017-05-10T08:44:45.951Z', 'age': 7}, 'phone': '(791)-151-9245', 'cell': '(409)-663-4585', 'id': {'name': '', 'value': None}, 'picture': {'large': 'https://randomuser.me/api/portraits/men/10.jpg', 'medium': 'https://randomuser.me/api/portraits/med/men/10.jpg', 'thumbnail': 'https://randomuser.me/api/portraits/thumb/men/10.jpg'}, 'nat': 'NZ'}</msg>
<arg>${json_data['results'][0]}</arg>
<doc>Logs the given message with the given level.</doc>
<status status="PASS" start="2024-07-24T22:14:52.475392" elapsed="0.000405"/>
</kw>
<kw name="Log" owner="BuiltIn">
<msg time="2024-07-24T22:14:52.476228" level="INFO">email</msg>
<arg>${key}</arg>
<doc>Logs the given message with the given level.</doc>
<status status="PASS" start="2024-07-24T22:14:52.476096" elapsed="0.000170"/>
</kw>
<var name="${key}">email</var>
<status status="PASS" start="2024-07-24T22:14:52.474559" elapsed="0.001925"/>
</iter>
<iter>
<kw name="Dictionary Should Contain Key" owner="Collections">
<arg>${json_data['results'][0]}</arg>
<arg>${key}</arg>
<doc>Fails if ``key`` is not found from ``dictionary``.</doc>
<status status="PASS" start="2024-07-24T22:14:52.476765" elapsed="0.000377"/>
</kw>
<kw name="Log" owner="BuiltIn">
<msg time="2024-07-24T22:14:52.477670" level="INFO">{'gender': 'male', 'name': {'title': 'Mr', 'first': 'Carter', 'last': 'Johnson'}, 'location': {'street': {'number': 2368, 'name': 'Seymour Street'}, 'city': 'New Plymouth', 'state': 'Southland', 'country': 'New Zealand', 'postcode': 86927, 'coordinates': {'latitude': '50.8445', 'longitude': '-55.7431'}, 'timezone': {'offset': '+9:30', 'description': 'Adelaide, Darwin'}}, 'email': 'carter.johnson@example.com', 'login': {'uuid': '35e3c9ad-9653-46a5-8d5e-27c1bf3282f4', 'username': 'greentiger261', 'password': 'stanton', 'salt': 'KAvoAOwr', 'md5': '79a2518157c815a7a12d8a6c156ad8f0', 'sha1': '5089bffcacd8f7ce7e96f7939fae9fdda99cc0c0', 'sha256': '18191e0b74d64bbfdc30755d77faf97d26e5fd3cd85400ea6f01c5447b945022'}, 'dob': {'date': '1970-10-22T06:06:46.855Z', 'age': 53}, 'registered': {'date': '2017-05-10T08:44:45.951Z', 'age': 7}, 'phone': '(791)-151-9245', 'cell': '(409)-663-4585', 'id': {'name': '', 'value': None}, 'picture': {'large': 'https://randomuser.me/api/portraits/men/10.jpg', 'medium': 'https://randomuser.me/api/portraits/med/men/10.jpg', 'thumbnail': 'https://randomuser.me/api/portraits/thumb/men/10.jpg'}, 'nat': 'NZ'}</msg>
<arg>${json_data['results'][0]}</arg>
<doc>Logs the given message with the given level.</doc>
<status status="PASS" start="2024-07-24T22:14:52.477325" elapsed="0.000402"/>
</kw>
<kw name="Log" owner="BuiltIn">
<msg time="2024-07-24T22:14:52.478158" level="INFO">login</msg>
<arg>${key}</arg>
<doc>Logs the given message with the given level.</doc>
<status status="PASS" start="2024-07-24T22:14:52.478029" elapsed="0.000166"/>
</kw>
<var name="${key}">login</var>
<status status="PASS" start="2024-07-24T22:14:52.476657" elapsed="0.001753"/>
</iter>
<var>${key}</var>
<value>@{expected_keys}</value>
<status status="PASS" start="2024-07-24T22:14:52.468440" elapsed="0.010089"/>
</for>
<kw name="Create List" owner="BuiltIn">
<msg time="2024-07-24T22:14:52.478917" level="INFO">${expected_keysTwo} = ['username', 'password']</msg>
<var>${expected_keysTwo}</var>
<arg>username</arg>
<arg>password</arg>
<doc>Returns a list containing given items.</doc>
<status status="PASS" start="2024-07-24T22:14:52.478717" elapsed="0.000237"/>
</kw>
<for flavor="IN">
<iter>
<kw name="Dictionary Should Contain Key" owner="Collections">
<arg>${json_data['results'][0]['login']}</arg>
<arg>${keyTwo}</arg>
<doc>Fails if ``key`` is not found from ``dictionary``.</doc>
<status status="PASS" start="2024-07-24T22:14:52.479499" elapsed="0.000387"/>
</kw>
<kw name="Dictionary Should Contain Key" owner="Collections">
<arg>${json_data['results'][0]['login']}</arg>
<arg>${keyTwo}</arg>
<doc>Fails if ``key`` is not found from ``dictionary``.</doc>
<status status="PASS" start="2024-07-24T22:14:52.480067" elapsed="0.000374"/>
</kw>
<kw name="Log" owner="BuiltIn">
<msg time="2024-07-24T22:14:52.480738" level="INFO">username</msg>
<arg>${keyTwo}</arg>
<doc>Logs the given message with the given level.</doc>
<status status="PASS" start="2024-07-24T22:14:52.480620" elapsed="0.000155"/>
</kw>
<var name="${keyTwo}">username</var>
<status status="PASS" start="2024-07-24T22:14:52.479382" elapsed="0.001614"/>
</iter>
<iter>
<kw name="Dictionary Should Contain Key" owner="Collections">
<arg>${json_data['results'][0]['login']}</arg>
<arg>${keyTwo}</arg>
<doc>Fails if ``key`` is not found from ``dictionary``.</doc>
<status status="PASS" start="2024-07-24T22:14:52.481276" elapsed="0.000376"/>
</kw>
<kw name="Dictionary Should Contain Key" owner="Collections">
<arg>${json_data['results'][0]['login']}</arg>
<arg>${keyTwo}</arg>
<doc>Fails if ``key`` is not found from ``dictionary``.</doc>
<status status="PASS" start="2024-07-24T22:14:52.481827" elapsed="0.000370"/>
</kw>
<kw name="Log" owner="BuiltIn">
<msg time="2024-07-24T22:14:52.482494" level="INFO">password</msg>
<arg>${keyTwo}</arg>
<doc>Logs the given message with the given level.</doc>
<status status="PASS" start="2024-07-24T22:14:52.482370" elapsed="0.000162"/>
</kw>
<var name="${keyTwo}">password</var>
<status status="PASS" start="2024-07-24T22:14:52.481166" elapsed="0.001586"/>
</iter>
<var>${keyTwo}</var>
<value>@{expected_keysTwo}</value>
<status status="PASS" start="2024-07-24T22:14:52.479228" elapsed="0.003643"/>
</for>
<status status="PASS" start="2024-07-24T22:14:52.376281" elapsed="0.106783"/>
</kw>
<doc>Testa a estrutura da resposta da API.</doc>
<tag>testeEstruturaResposta</tag>
<status status="PASS" start="2024-07-24T22:14:52.375707" elapsed="0.107504"/>
</test>
<test id="s1-s1-t4" name="Validar tipos de dados" line="28">
<kw name="Teste de Tipos de Dados" owner="random-user-service">
<kw name="GET On Session" owner="RequestsLibrary">
<msg time="2024-07-24T22:14:52.572206" level="INFO">GET Request : url=https://randomuser.me/api 
 path_url=/api 
 headers={'User-Agent': 'python-requests/2.32.3', 'Accept-Encoding': 'gzip, deflate', 'Accept': '*/*', 'Connection': 'keep-alive'} 
 body=None 
 </msg>
<msg time="2024-07-24T22:14:52.572290" level="INFO">GET Response : url=https://randomuser.me/api 
 status=200, reason=OK 
 headers={'Date': 'Wed, 24 Jul 2024 22:14:52 GMT', 'Content-Type': 'application/json; charset=utf-8', 'Transfer-Encoding': 'chunked', 'Connection': 'keep-alive', 'X-Powered-By': 'Express', 'Access-Control-Allow-Origin': '*', 'Cache-Control': 'no-cache', 'ETag': 'W/"47b-fTwNQbzbotHIqKY1zZwAYSpm08M"', 'Vary': 'Accept-Encoding', 'Content-Encoding': 'gzip', 'CF-Cache-Status': 'DYNAMIC', 'Report-To': '{"endpoints":[{"url":"https:\\/\\/a.nel.cloudflare.com\\/report\\/v4?s=cn7wFuJkYDGuokdKeTVylXaLPHzuun%2BjF6DI6QXRuxPDx4X7geZF6ernQT1cL1I9R3F0FHCWwNasXf5bKiM94%2BPDs2kDtRJldRmmrzC6V4ZhC7dCQzMpNoNjf0JV98ci"}],"group":"cf-nel","max_age":604800}', 'NEL': '{"success_fraction":0,"report_to":"cf-nel","max_age":604800}', 'Server': 'cloudflare', 'CF-RAY': '8a8744020bb115f7-SJC', 'alt-svc': 'h3=":443"; ma=86400'} 
 body={"results":[{"gender":"male","name":{"title":"Mr","first":"Perry","last":"Stewart"},"location":{"street":{"number":8401,"name":"Mill Road"},"city":"Skerries","state":"Wicklow","country":"Ireland","postcode":76824,"coordinates":{"latitude":"-1.4150","longitude":"-168.5309"},"timezone":{"offset":"+2:00","description":"Kaliningrad, South Africa"}},"email":"perry.stewart@example.com","login":{"uuid":"ce8d7dfb-2b60-46cb-ba30-7fddd9b5e933","username":"brownbear530","password":"peterson","salt":"iSAcyXQm","md5":"126cdbacd51c276c8d8618501211276b","sha1":"d16518c06a3cb1bd5b78c6c4fe12015b9f52dbc5","sha256":"19f40f0bbbe497bed021710700736935660347f889ae7eeed6246431fbf58915"},"dob":{"date":"2000-03-04T22:18:02.498Z","age":24},"registered":{"date":"2019-04-03T09:02:03.547Z","age":5},"phone":"061-673-8512","cell":"081-006-9053","id":{"name":"PPS","value":"9134769T"},"picture":{"large":"https://randomuser.me/api/portraits/men/82.jpg","medium":"https://randomuser.me/api/portraits/med/men/82.jpg","thumbnail":"https://randomuser.me/api/portraits/thumb/men/82.jpg"},"nat":"IE"}],"info":{"seed":"b02b0593fe4412be","results":1,"page":1,"version":"1.4"}} 
 </msg>
<msg time="2024-07-24T22:14:52.572370" level="INFO">/opt/hostedtoolcache/Python/3.12.4/x64/lib/python3.12/site-packages/urllib3/connectionpool.py:1099: InsecureRequestWarning: Unverified HTTPS request is being made to host 'randomuser.me'. Adding certificate verification is strongly advised. See: https://urllib3.readthedocs.io/en/latest/advanced-usage.html#tls-warnings
  warnings.warn(</msg>
<msg time="2024-07-24T22:14:52.572497" level="INFO">${response} = &lt;Response [200]&gt;</msg>
<var>${response}</var>
<arg>consultarAPI</arg>
<arg>/api</arg>
<doc>Sends a GET request on a previously created HTTP Session.</doc>
<status status="PASS" start="2024-07-24T22:14:52.485674" elapsed="0.086874"/>
</kw>
<kw name="Set Variable" owner="BuiltIn">
<msg time="2024-07-24T22:14:52.573394" level="INFO">${json_data} = {'results': [{'gender': 'male', 'name': {'title': 'Mr', 'first': 'Perry', 'last': 'Stewart'}, 'location': {'street': {'number': 8401, 'name': 'Mill Road'}, 'city': 'Skerries', 'state': 'Wicklow', 'cou...</msg>
<var>${json_data}</var>
<arg>${response.json()}</arg>
<doc>Returns the given values which can then be assigned to a variables.</doc>
<status status="PASS" start="2024-07-24T22:14:52.572905" elapsed="0.000518"/>
</kw>
<kw name="Log" owner="BuiltIn">
<msg time="2024-07-24T22:14:52.573876" level="INFO">{'results': [{'gender': 'male', 'name': {'title': 'Mr', 'first': 'Perry', 'last': 'Stewart'}, 'location': {'street': {'number': 8401, 'name': 'Mill Road'}, 'city': 'Skerries', 'state': 'Wicklow', 'country': 'Ireland', 'postcode': 76824, 'coordinates': {'latitude': '-1.4150', 'longitude': '-168.5309'}, 'timezone': {'offset': '+2:00', 'description': 'Kaliningrad, South Africa'}}, 'email': 'perry.stewart@example.com', 'login': {'uuid': 'ce8d7dfb-2b60-46cb-ba30-7fddd9b5e933', 'username': 'brownbear530', 'password': 'peterson', 'salt': 'iSAcyXQm', 'md5': '126cdbacd51c276c8d8618501211276b', 'sha1': 'd16518c06a3cb1bd5b78c6c4fe12015b9f52dbc5', 'sha256': '19f40f0bbbe497bed021710700736935660347f889ae7eeed6246431fbf58915'}, 'dob': {'date': '2000-03-04T22:18:02.498Z', 'age': 24}, 'registered': {'date': '2019-04-03T09:02:03.547Z', 'age': 5}, 'phone': '061-673-8512', 'cell': '081-006-9053', 'id': {'name': 'PPS', 'value': '9134769T'}, 'picture': {'large': 'https://randomuser.me/api/portraits/men/82.jpg', 'medium': 'https://randomuser.me/api/portraits/med/men/82.jpg', 'thumbnail': 'https://randomuser.me/api/portraits/thumb/men/82.jpg'}, 'nat': 'IE'}], 'info': {'seed': 'b02b0593fe4412be', 'results': 1, 'page': 1, 'version': '1.4'}}</msg>
<arg>${json_data}</arg>
<doc>Logs the given message with the given level.</doc>
<status status="PASS" start="2024-07-24T22:14:52.573726" elapsed="0.000196"/>
</kw>
<kw name="Should Be String" owner="String">
<arg>${json_data['results'][0]['gender']}</arg>
<doc>Fails if the given ``item`` is not a string.</doc>
<status status="PASS" start="2024-07-24T22:14:52.574213" elapsed="0.000366"/>
</kw>
<kw name="Should Match Regexp" owner="BuiltIn">
<arg>${json_data['results'][0]['email']}</arg>
<arg>^[a-zA-Z0-9._%+-]+@[a-zA-Z0-9.-]+\.[a-zA-Z]{2,}$</arg>
<doc>Fails if ``string`` does not match ``pattern`` as a regular expression.</doc>
<status status="PASS" start="2024-07-24T22:14:52.574767" elapsed="0.000571"/>
</kw>
<kw name="Should Match Regexp" owner="BuiltIn">
<arg>${json_data['results'][0]['dob']['date']}</arg>
<arg>\\d{4}-\\d{2}-\\d{2}T\\d{2}:\\d{2}:\\d{2}\\.\\d{3}Z</arg>
<doc>Fails if ``string`` does not match ``pattern`` as a regular expression.</doc>
<status status="PASS" start="2024-07-24T22:14:52.575564" elapsed="0.000597"/>
</kw>
<kw name="Should Match Regexp" owner="BuiltIn">
<arg>${json_data['results'][0]['registered']['date']}</arg>
<arg>\\d{4}-\\d{2}-\\d{2}T\\d{2}:\\d{2}:\\d{2}\\.\\d{3}Z</arg>
<doc>Fails if ``string`` does not match ``pattern`` as a regular expression.</doc>
<status status="PASS" start="2024-07-24T22:14:52.576356" elapsed="0.000375"/>
</kw>
<kw name="Should Match Regexp" owner="BuiltIn">
<arg>${json_data['results'][0]['picture']['large']}</arg>
<arg>^https?://.*\.(?:png|jpe?g|gif|bmp)$</arg>
<doc>Fails if ``string`` does not match ``pattern`` as a regular expression.</doc>
<status status="PASS" start="2024-07-24T22:14:52.576919" elapsed="0.000458"/>
</kw>
<kw name="Should Match Regexp" owner="BuiltIn">
<arg>${json_data['results'][0]['picture']['medium']}</arg>
<arg>^https?://.*\.(?:png|jpe?g|gif|bmp)$</arg>
<doc>Fails if ``string`` does not match ``pattern`` as a regular expression.</doc>
<status status="PASS" start="2024-07-24T22:14:52.577563" elapsed="0.000350"/>
</kw>
<kw name="Should Match Regexp" owner="BuiltIn">
<arg>${json_data['results'][0]['picture']['thumbnail']}</arg>
<arg>^https?://.*\.(?:png|jpe?g|gif|bmp)$</arg>
<doc>Fails if ``string`` does not match ``pattern`` as a regular expression.</doc>
<status status="PASS" start="2024-07-24T22:14:52.578095" elapsed="0.000346"/>
</kw>
<kw name="Log" owner="BuiltIn">
<msg time="2024-07-24T22:14:52.578966" level="INFO">{'large': 'https://randomuser.me/api/portraits/men/82.jpg', 'medium': 'https://randomuser.me/api/portraits/med/men/82.jpg', 'thumbnail': 'https://randomuser.me/api/portraits/thumb/men/82.jpg'}</msg>
<arg>${json_data['results'][0]['picture']}</arg>
<doc>Logs the given message with the given level.</doc>
<status status="PASS" start="2024-07-24T22:14:52.578620" elapsed="0.000398"/>
</kw>
<status status="PASS" start="2024-07-24T22:14:52.485455" elapsed="0.093817"/>
</kw>
<kw name="Teste de Tipos de Dados - Postcode" owner="random-user-service">
<kw name="GET On Session" owner="RequestsLibrary">
<msg time="2024-07-24T22:14:52.675847" level="INFO">GET Request : url=https://randomuser.me/api 
 path_url=/api 
 headers={'User-Agent': 'python-requests/2.32.3', 'Accept-Encoding': 'gzip, deflate', 'Accept': '*/*', 'Connection': 'keep-alive'} 
 body=None 
 </msg>
<msg time="2024-07-24T22:14:52.675925" level="INFO">GET Response : url=https://randomuser.me/api 
 status=200, reason=OK 
 headers={'Date': 'Wed, 24 Jul 2024 22:14:52 GMT', 'Content-Type': 'application/json; charset=utf-8', 'Transfer-Encoding': 'chunked', 'Connection': 'keep-alive', 'X-Powered-By': 'Express', 'Access-Control-Allow-Origin': '*', 'Cache-Control': 'no-cache', 'ETag': 'W/"4b4-2COxtMPHPS/t9U0ALd7jksiCGAc"', 'Vary': 'Accept-Encoding', 'Content-Encoding': 'gzip', 'CF-Cache-Status': 'DYNAMIC', 'Report-To': '{"endpoints":[{"url":"https:\\/\\/a.nel.cloudflare.com\\/report\\/v4?s=sIEmubj%2FpgVj9tDFoWxKFiCyl5%2FSwBkhLf%2FDJoOD9G6cPGxkdF4YOvO1Ut1h%2BJuN7clO7jC%2BfsqVVLGdFShoNxhYD7dN3w%2FFvLoDA6WBLiWypPwr09TcEuqoVrpk7HcN"}],"group":"cf-nel","max_age":604800}', 'NEL': '{"success_fraction":0,"report_to":"cf-nel","max_age":604800}', 'Server': 'cloudflare', 'CF-RAY': '8a874402ac1b15f7-SJC', 'alt-svc': 'h3=":443"; ma=86400'} 
 body={"results":[{"gender":"female","name":{"title":"Mrs","first":"Coline","last":"Sanchez"},"location":{"street":{"number":6268,"name":"Rue de L'Abbé-Groult"},"city":"Dijon","state":"Hauts-de-Seine","country":"France","postcode":97279,"coordinates":{"latitude":"-19.5185","longitude":"161.3777"},"timezone":{"offset":"-4:00","description":"Atlantic Time (Canada), Caracas, La Paz"}},"email":"coline.sanchez@example.com","login":{"uuid":"3f94a857-ff55-400c-b643-7d5c4317cd9f","username":"brownladybug849","password":"darklord","salt":"0vuccUmz","md5":"2b4385248a17a30936ceedd36ee81190","sha1":"93b27b515997b62f9933fb1c44d9b277616834ee","sha256":"bed4d35608fa8949a945beea56f811b3aed84bfd1310fddafb448334ca327a97"},"dob":{"date":"1965-11-01T16:44:34.305Z","age":58},"registered":{"date":"2018-08-11T01:09:12.002Z","age":5},"phone":"01-04-78-59-86","cell":"06-86-02-81-14","id":{"name":"INSEE","value":"2651076118894 89"},"picture":{"large":"https://randomuser.me/api/portraits/women/26.jpg","medium":"https://randomuser.me/api/portraits/med/women/26.jpg","thumbnail":"https://randomuser.me/api/portraits/thumb/women/26.jpg"},"nat":"FR"}],"info":{"seed":"a4a77fb242f89677","results":1,"page":1,"version":"1.4"}} 
 </msg>
<msg time="2024-07-24T22:14:52.675989" level="INFO">/opt/hostedtoolcache/Python/3.12.4/x64/lib/python3.12/site-packages/urllib3/connectionpool.py:1099: InsecureRequestWarning: Unverified HTTPS request is being made to host 'randomuser.me'. Adding certificate verification is strongly advised. See: https://urllib3.readthedocs.io/en/latest/advanced-usage.html#tls-warnings
  warnings.warn(</msg>
<msg time="2024-07-24T22:14:52.676112" level="INFO">${response} = &lt;Response [200]&gt;</msg>
<var>${response}</var>
<arg>consultarAPI</arg>
<arg>/api</arg>
<doc>Sends a GET request on a previously created HTTP Session.</doc>
<status status="PASS" start="2024-07-24T22:14:52.579699" elapsed="0.096457"/>
</kw>
<kw name="Set Variable" owner="BuiltIn">
<msg time="2024-07-24T22:14:52.677072" level="INFO">${json_data} = {'results': [{'gender': 'female', 'name': {'title': 'Mrs', 'first': 'Coline', 'last': 'Sanchez'}, 'location': {'street': {'number': 6268, 'name': "Rue de L'Abbé-Groult"}, 'city': 'Dijon', 'state': 'Ha...</msg>
<var>${json_data}</var>
<arg>${response.json()}</arg>
<doc>Returns the given values which can then be assigned to a variables.</doc>
<status status="PASS" start="2024-07-24T22:14:52.676577" elapsed="0.000526"/>
</kw>
<kw name="Log" owner="BuiltIn">
<msg time="2024-07-24T22:14:52.677597" level="INFO">{'results': [{'gender': 'female', 'name': {'title': 'Mrs', 'first': 'Coline', 'last': 'Sanchez'}, 'location': {'street': {'number': 6268, 'name': "Rue de L'Abbé-Groult"}, 'city': 'Dijon', 'state': 'Hauts-de-Seine', 'country': 'France', 'postcode': 97279, 'coordinates': {'latitude': '-19.5185', 'longitude': '161.3777'}, 'timezone': {'offset': '-4:00', 'description': 'Atlantic Time (Canada), Caracas, La Paz'}}, 'email': 'coline.sanchez@example.com', 'login': {'uuid': '3f94a857-ff55-400c-b643-7d5c4317cd9f', 'username': 'brownladybug849', 'password': 'darklord', 'salt': '0vuccUmz', 'md5': '2b4385248a17a30936ceedd36ee81190', 'sha1': '93b27b515997b62f9933fb1c44d9b277616834ee', 'sha256': 'bed4d35608fa8949a945beea56f811b3aed84bfd1310fddafb448334ca327a97'}, 'dob': {'date': '1965-11-01T16:44:34.305Z', 'age': 58}, 'registered': {'date': '2018-08-11T01:09:12.002Z', 'age': 5}, 'phone': '01-04-78-59-86', 'cell': '06-86-02-81-14', 'id': {'name': 'INSEE', 'value': '2651076118894 89'}, 'picture': {'large': 'https://randomuser.me/api/portraits/women/26.jpg', 'medium': 'https://randomuser.me/api/portraits/med/women/26.jpg', 'thumbnail': 'https://randomuser.me/api/portraits/thumb/women/26.jpg'}, 'nat': 'FR'}], 'info': {'seed': 'a4a77fb242f89677', 'results': 1, 'page': 1, 'version': '1.4'}}</msg>
<arg>${json_data}</arg>
<doc>Logs the given message with the given level.</doc>
<status status="PASS" start="2024-07-24T22:14:52.677432" elapsed="0.000216"/>
</kw>
<kw name="Should Be Equal As Numbers" owner="BuiltIn">
<arg>${json_data['results'][0]['location']['postcode']}</arg>
<arg>${json_data['results'][0]['location']['postcode']}</arg>
<doc>Fails if objects are unequal after converting them to real numbers.</doc>
<status status="PASS" start="2024-07-24T22:14:52.677950" elapsed="0.000645"/>
</kw>
<kw name="Log" owner="BuiltIn">
<msg time="2024-07-24T22:14:52.679173" level="INFO">97279</msg>
<arg>${json_data['results'][0]['location']['postcode']}</arg>
<doc>Logs the given message with the given level.</doc>
<status status="PASS" start="2024-07-24T22:14:52.678796" elapsed="0.000421"/>
</kw>
<status status="PASS" start="2024-07-24T22:14:52.579479" elapsed="0.100025"/>
</kw>
<doc>Testa se os tipos de dados na resposta da API estão corretos.</doc>
<tag>testeTiposDados</tag>
<status status="PASS" start="2024-07-24T22:14:52.484924" elapsed="0.194755"/>
</test>
<test id="s1-s1-t5" name="Validar conteudo" line="35">
<kw name="Teste de Tipos de Conteudo" owner="random-user-service">
<kw name="GET On Session" owner="RequestsLibrary">
<msg time="2024-07-24T22:14:52.772900" level="INFO">GET Request : url=https://randomuser.me/api 
 path_url=/api 
 headers={'User-Agent': 'python-requests/2.32.3', 'Accept-Encoding': 'gzip, deflate', 'Accept': '*/*', 'Connection': 'keep-alive'} 
 body=None 
 </msg>
<msg time="2024-07-24T22:14:52.772964" level="INFO">GET Response : url=https://randomuser.me/api 
 status=200, reason=OK 
 headers={'Date': 'Wed, 24 Jul 2024 22:14:52 GMT', 'Content-Type': 'application/json; charset=utf-8', 'Transfer-Encoding': 'chunked', 'Connection': 'keep-alive', 'X-Powered-By': 'Express', 'Access-Control-Allow-Origin': '*', 'Cache-Control': 'no-cache', 'ETag': 'W/"46d-ni7M2rqVPc6Rm01RWGnyvSmkL0s"', 'Vary': 'Accept-Encoding', 'Content-Encoding': 'gzip', 'CF-Cache-Status': 'DYNAMIC', 'Report-To': '{"endpoints":[{"url":"https:\\/\\/a.nel.cloudflare.com\\/report\\/v4?s=b30FiJiH6O8H5jBXdVHhRHKxLGD93jyRNAp6bppz4oIB%2FrezWlMMU8sNVrYROv%2BVvsG8lf%2FJvF4ObgSWBaXdzHxUKXLYREC0kc5J5Cl6aE2QjMmQkVv85VeG57WoW4Vr"}],"group":"cf-nel","max_age":604800}', 'NEL': '{"success_fraction":0,"report_to":"cf-nel","max_age":604800}', 'Server': 'cloudflare', 'CF-RAY': '8a8744034c9a15f7-SJC', 'alt-svc': 'h3=":443"; ma=86400'} 
 body={"results":[{"gender":"male","name":{"title":"Mr","first":"Logan","last":"Singh"},"location":{"street":{"number":6357,"name":"Kilmore Street"},"city":"Auckland","state":"West Coast","country":"New Zealand","postcode":91420,"coordinates":{"latitude":"53.8204","longitude":"-80.4651"},"timezone":{"offset":"-2:00","description":"Mid-Atlantic"}},"email":"logan.singh@example.com","login":{"uuid":"aa5a60fe-768f-4346-a073-94cff2c286a1","username":"lazyduck652","password":"655321","salt":"ByF0oqzy","md5":"2629e534deb4efc7c21378d6af085411","sha1":"349ce910257185491194d668265901aaefd0cab1","sha256":"56fd5bee37a3a03be4e3c127662ae855cd37848d5953c6fe27e39140d087dda3"},"dob":{"date":"1959-03-06T18:43:31.813Z","age":65},"registered":{"date":"2017-08-05T01:26:07.797Z","age":6},"phone":"(917)-153-6076","cell":"(731)-683-6138","id":{"name":"","value":null},"picture":{"large":"https://randomuser.me/api/portraits/men/99.jpg","medium":"https://randomuser.me/api/portraits/med/men/99.jpg","thumbnail":"https://randomuser.me/api/portraits/thumb/men/99.jpg"},"nat":"NZ"}],"info":{"seed":"baa7bb43474115aa","results":1,"page":1,"version":"1.4"}} 
 </msg>
<msg time="2024-07-24T22:14:52.773025" level="INFO">/opt/hostedtoolcache/Python/3.12.4/x64/lib/python3.12/site-packages/urllib3/connectionpool.py:1099: InsecureRequestWarning: Unverified HTTPS request is being made to host 'randomuser.me'. Adding certificate verification is strongly advised. See: https://urllib3.readthedocs.io/en/latest/advanced-usage.html#tls-warnings
  warnings.warn(</msg>
<msg time="2024-07-24T22:14:52.773133" level="INFO">${response} = &lt;Response [200]&gt;</msg>
<var>${response}</var>
<arg>consultarAPI</arg>
<arg>/api</arg>
<doc>Sends a GET request on a previously created HTTP Session.</doc>
<status status="PASS" start="2024-07-24T22:14:52.682211" elapsed="0.090965"/>
</kw>
<kw name="Set Variable" owner="BuiltIn">
<msg time="2024-07-24T22:14:52.774003" level="INFO">${json_data} = {'results': [{'gender': 'male', 'name': {'title': 'Mr', 'first': 'Logan', 'last': 'Singh'}, 'location': {'street': {'number': 6357, 'name': 'Kilmore Street'}, 'city': 'Auckland', 'state': 'West Coast'...</msg>
<var>${json_data}</var>
<arg>${response.json()}</arg>
<doc>Returns the given values which can then be assigned to a variables.</doc>
<status status="PASS" start="2024-07-24T22:14:52.773538" elapsed="0.000493"/>
</kw>
<kw name="Set Variable" owner="BuiltIn">
<msg time="2024-07-24T22:14:52.774735" level="INFO">${name_title} = Mr</msg>
<var>${name_title}</var>
<arg>${json_data["results"][0]["name"]["title"]}</arg>
<doc>Returns the given values which can then be assigned to a variables.</doc>
<status status="PASS" start="2024-07-24T22:14:52.774346" elapsed="0.000415"/>
</kw>
<kw name="Create List" owner="BuiltIn">
<msg time="2024-07-24T22:14:52.775262" level="INFO">${allowed_titles} = ['Mr', 'Ms', 'Miss', 'Mrs', 'Madame', 'Monsieur']</msg>
<var>${allowed_titles}</var>
<arg>Mr</arg>
<arg>Ms</arg>
<arg>Miss</arg>
<arg>Mrs</arg>
<arg>Madame</arg>
<arg>Monsieur</arg>
<doc>Returns a list containing given items.</doc>
<status status="PASS" start="2024-07-24T22:14:52.775106" elapsed="0.000182"/>
</kw>
<kw name="List Should Contain Value" owner="Collections">
<arg>${allowed_titles}</arg>
<arg>${name_title}</arg>
<doc>Fails if the ``value`` is not found from ``list``.</doc>
<status status="PASS" start="2024-07-24T22:14:52.775594" elapsed="0.000187"/>
</kw>
<kw name="Set Variable" owner="BuiltIn">
<msg time="2024-07-24T22:14:52.776345" level="INFO">${name_country} = NZ</msg>
<var>${name_country}</var>
<arg>${json_data["results"][0]["nat"]}</arg>
<doc>Returns the given values which can then be assigned to a variables.</doc>
<status status="PASS" start="2024-07-24T22:14:52.775965" elapsed="0.000406"/>
</kw>
<kw name="Create List" owner="BuiltIn">
<msg time="2024-07-24T22:14:52.777262" level="INFO">${list_country} = ['AD', 'AE', 'AF', 'AG', 'AI', 'AL', 'AM', 'AO', 'AQ', 'AR', 'AS', 'AT', 'AU', 'AW', 'AX', 'AZ', 'BA', 'BB', 'BD', 'BE', 'BF', 'BG', 'BH', 'BI', 'BJ', 'BL', 'BM', 'BN', 'BO', 'BQ', 'BR', 'BS', 'BT', '...</msg>
<var>${list_country}</var>
<arg>AD</arg>
<arg>AE</arg>
<arg>AF</arg>
<arg>AG</arg>
<arg>AI</arg>
<arg>AL</arg>
<arg>AM</arg>
<arg>AO</arg>
<arg>AQ</arg>
<arg>AR</arg>
<arg>AS</arg>
<arg>AT</arg>
<arg>AU</arg>
<arg>AW</arg>
<arg>AX</arg>
<arg>AZ</arg>
<arg>BA</arg>
<arg>BB</arg>
<arg>BD</arg>
<arg>BE</arg>
<arg>BF</arg>
<arg>BG</arg>
<arg>BH</arg>
<arg>BI</arg>
<arg>BJ</arg>
<arg>BL</arg>
<arg>BM</arg>
<arg>BN</arg>
<arg>BO</arg>
<arg>BQ</arg>
<arg>BR</arg>
<arg>BS</arg>
<arg>BT</arg>
<arg>BV</arg>
<arg>BW</arg>
<arg>BY</arg>
<arg>BZ</arg>
<arg>CA</arg>
<arg>CC</arg>
<arg>CD</arg>
<arg>CF</arg>
<arg>CG</arg>
<arg>CH</arg>
<arg>CI</arg>
<arg>CK</arg>
<arg>CL</arg>
<arg>CM</arg>
<arg>CN</arg>
<arg>CO</arg>
<arg>CR</arg>
<arg>CU</arg>
<arg>CV</arg>
<arg>CW</arg>
<arg>CX</arg>
<arg>CY</arg>
<arg>CZ</arg>
<arg>DE</arg>
<arg>DJ</arg>
<arg>DK</arg>
<arg>DM</arg>
<arg>DO</arg>
<arg>DZ</arg>
<arg>EC</arg>
<arg>EE</arg>
<arg>EG</arg>
<arg>EH</arg>
<arg>ER</arg>
<arg>ES</arg>
<arg>ET</arg>
<arg>FI</arg>
<arg>FJ</arg>
<arg>FK</arg>
<arg>FM</arg>
<arg>FO</arg>
<arg>FR</arg>
<arg>GA</arg>
<arg>GB</arg>
<arg>GD</arg>
<arg>GE</arg>
<arg>GF</arg>
<arg>GG</arg>
<arg>GH</arg>
<arg>GI</arg>
<arg>GL</arg>
<arg>GM</arg>
<arg>GN</arg>
<arg>GP</arg>
<arg>GQ</arg>
<arg>GR</arg>
<arg>GS</arg>
<arg>GT</arg>
<arg>GU</arg>
<arg>GW</arg>
<arg>GY</arg>
<arg>HK</arg>
<arg>HM</arg>
<arg>HN</arg>
<arg>HR</arg>
<arg>HT</arg>
<arg>HU</arg>
<arg>ID</arg>
<arg>IE</arg>
<arg>IL</arg>
<arg>IM</arg>
<arg>IN</arg>
<arg>IO</arg>
<arg>IQ</arg>
<arg>IR</arg>
<arg>IS</arg>
<arg>IT</arg>
<arg>JE</arg>
<arg>JM</arg>
<arg>JO</arg>
<arg>JP</arg>
<arg>KE</arg>
<arg>KG</arg>
<arg>KH</arg>
<arg>KI</arg>
<arg>KM</arg>
<arg>KN</arg>
<arg>KP</arg>
<arg>KR</arg>
<arg>KW</arg>
<arg>KY</arg>
<arg>KZ</arg>
<arg>LA</arg>
<arg>LB</arg>
<arg>LC</arg>
<arg>LI</arg>
<arg>LK</arg>
<arg>LR</arg>
<arg>LS</arg>
<arg>LT</arg>
<arg>LU</arg>
<arg>LV</arg>
<arg>LY</arg>
<arg>MA</arg>
<arg>MC</arg>
<arg>MD</arg>
<arg>ME</arg>
<arg>MF</arg>
<arg>MG</arg>
<arg>MH</arg>
<arg>MK</arg>
<arg>ML</arg>
<arg>MM</arg>
<arg>MN</arg>
<arg>MO</arg>
<arg>MP</arg>
<arg>MQ</arg>
<arg>MR</arg>
<arg>MS</arg>
<arg>MT</arg>
<arg>MU</arg>
<arg>MV</arg>
<arg>MW</arg>
<arg>MX</arg>
<arg>MY</arg>
<arg>MZ</arg>
<arg>NA</arg>
<arg>NC</arg>
<arg>NE</arg>
<arg>NF</arg>
<arg>NG</arg>
<arg>NI</arg>
<arg>NL</arg>
<arg>NO</arg>
<arg>NP</arg>
<arg>NR</arg>
<arg>NU</arg>
<arg>NZ</arg>
<arg>OM</arg>
<arg>PA</arg>
<arg>PE</arg>
<arg>PF</arg>
<arg>PG</arg>
<arg>PH</arg>
<arg>PK</arg>
<arg>PL</arg>
<arg>PM</arg>
<arg>PN</arg>
<arg>PR</arg>
<arg>PS</arg>
<arg>PT</arg>
<arg>PW</arg>
<arg>PY</arg>
<arg>QA</arg>
<arg>RE</arg>
<arg>RO</arg>
<arg>RS</arg>
<arg>RU</arg>
<arg>RW</arg>
<arg>SA</arg>
<arg>SB</arg>
<arg>SC</arg>
<arg>SD</arg>
<arg>SE</arg>
<arg>SG</arg>
<arg>SH</arg>
<arg>SI</arg>
<arg>SJ</arg>
<arg>SK</arg>
<arg>SL</arg>
<arg>SM</arg>
<arg>SN</arg>
<arg>SO</arg>
<arg>SR</arg>
<arg>SS</arg>
<arg>ST</arg>
<arg>SV</arg>
<arg>SX</arg>
<arg>SY</arg>
<arg>SZ</arg>
<arg>TC</arg>
<arg>TD</arg>
<arg>TF</arg>
<arg>TG</arg>
<arg>TH</arg>
<arg>TJ</arg>
<arg>TK</arg>
<arg>TL</arg>
<arg>TM</arg>
<arg>TN</arg>
<arg>TO</arg>
<arg>TR</arg>
<arg>TT</arg>
<arg>TV</arg>
<arg>TW</arg>
<arg>TZ</arg>
<arg>UA</arg>
<arg>UG</arg>
<arg>UM</arg>
<arg>US</arg>
<arg>UY</arg>
<arg>UZ</arg>
<arg>VA</arg>
<arg>VC</arg>
<arg>VE</arg>
<arg>VG</arg>
<arg>VI</arg>
<arg>VN</arg>
<arg>VU</arg>
<arg>WF</arg>
<arg>WS</arg>
<arg>XK</arg>
<arg>YE</arg>
<arg>YT</arg>
<arg>ZA</arg>
<arg>ZM</arg>
<arg>ZW</arg>
<doc>Returns a list containing given items.</doc>
<status status="PASS" start="2024-07-24T22:14:52.776668" elapsed="0.000620"/>
</kw>
<kw name="List Should Contain Value" owner="Collections">
<arg>${list_country}</arg>
<arg>${name_country}</arg>
<doc>Fails if the ``value`` is not found from ``list``.</doc>
<status status="PASS" start="2024-07-24T22:14:52.778229" elapsed="0.000215"/>
</kw>
<kw name="Run Keyword If" owner="BuiltIn">
<kw name="Should Be True" owner="BuiltIn">
<arg>${True}</arg>
<doc>Fails if the given condition is not true.</doc>
<status status="PASS" start="2024-07-24T22:14:52.779432" elapsed="0.000142"/>
</kw>
<arg>${json_data["results"][0]["location"]["coordinates"]["latitude"]} &gt;= -90 and ${json_data["results"][0]["location"]["coordinates"]["latitude"]} &lt;= 90</arg>
<arg>Should Be True</arg>
<arg>${True}</arg>
<doc>Runs the given keyword with the given arguments, if ``condition`` is true.</doc>
<status status="PASS" start="2024-07-24T22:14:52.778645" elapsed="0.001055"/>
</kw>
<kw name="Run Keyword If" owner="BuiltIn">
<kw name="Should Be True" owner="BuiltIn">
<arg>${True}</arg>
<doc>Fails if the given condition is not true.</doc>
<status status="PASS" start="2024-07-24T22:14:52.780568" elapsed="0.000138"/>
</kw>
<arg>${json_data["results"][0]["location"]["coordinates"]["longitude"]} &gt;= -180 and ${json_data["results"][0]["location"]["coordinates"]["longitude"]} &lt;= 180</arg>
<arg>Should Be True</arg>
<arg>${True}</arg>
<doc>Runs the given keyword with the given arguments, if ``condition`` is true.</doc>
<status status="PASS" start="2024-07-24T22:14:52.779882" elapsed="0.000948"/>
</kw>
<status status="PASS" start="2024-07-24T22:14:52.681984" elapsed="0.098977"/>
</kw>
<doc>Testa o conteúdo específico dos campos retornados pela API.</doc>
<tag>testeConteudo</tag>
<status status="PASS" start="2024-07-24T22:14:52.681452" elapsed="0.099654"/>
</test>
<status status="PASS" start="2024-07-24T22:14:51.905589" elapsed="0.877444"/>
</suite>
<status status="PASS" start="2024-07-24T22:14:51.891390" elapsed="0.896703"/>
</suite>
<statistics>
<total>
<stat pass="5" fail="0" skip="0">All Tests</stat>
</total>
<tag>
<stat pass="1" fail="0" skip="0">testeConteudo</stat>
<stat pass="1" fail="0" skip="0">testeEstruturaResposta</stat>
<stat pass="1" fail="0" skip="0">testeRequisicaoBasica</stat>
<stat pass="1" fail="0" skip="0">testeTiposDados</stat>
</tag>
<suite>
<stat pass="5" fail="0" skip="0" id="s1" name="Tests">Tests</stat>
<stat pass="5" fail="0" skip="0" id="s1-s1" name="Random-User-Test">Tests.Random-User-Test</stat>
</suite>
</statistics>
<errors>
</errors>
</robot>
