<?xml version="1.0" encoding="UTF-8"?>
<robot generator="Robot 7.0 (Python 3.12.3 on linux)" generated="2024-05-07T16:16:22.713008" rpa="false" schemaversion="5">
<suite id="s1" name="Tests" source="/home/runner/work/DesafioQAItauRogerioJordao/DesafioQAItauRogerioJordao/RamdonUser/tests">
<suite id="s1-s1" name="Random-User-Test" source="/home/runner/work/DesafioQAItauRogerioJordao/DesafioQAItauRogerioJordao/RamdonUser/tests/random-user-test.robot">
<test id="s1-s1-t1" name="Conectar" line="13">
<kw name="Conectar API" owner="random-user-service">
<kw name="Create Session" owner="RequestsLibrary">
<msg time="2024-05-07T16:16:23.078868" level="INFO">Creating Session using : alias=consultarAPI, url=https://randomuser.me/, headers={},                     cookies={}, auth=None, timeout=None, proxies=None, verify=False,                     debug=0 </msg>
<arg>consultarAPI</arg>
<arg>${URL}</arg>
<doc>Create Session: create a HTTP session to a server</doc>
<status status="PASS" start="2024-05-07T16:16:23.078677" elapsed="0.000357"/>
</kw>
<status status="PASS" start="2024-05-07T16:16:23.077748" elapsed="0.001627"/>
</kw>
<status status="PASS" start="2024-05-07T16:16:23.077219" elapsed="0.002348"/>
</test>
<test id="s1-s1-t2" name="Validar retorno 200 e JSON Válido" line="16">
<kw name="Teste de Requisicao Basica" owner="random-user-service">
<kw name="GET On Session" owner="RequestsLibrary">
<msg time="2024-05-07T16:16:23.210470" level="INFO">GET Request : url=https://randomuser.me/api 
 path_url=/api 
 headers={'User-Agent': 'python-requests/2.31.0', 'Accept-Encoding': 'gzip, deflate', 'Accept': '*/*', 'Connection': 'keep-alive'} 
 body=None 
 </msg>
<msg time="2024-05-07T16:16:23.210579" level="INFO">GET Response : url=https://randomuser.me/api 
 status=200, reason=OK 
 headers={'Date': 'Tue, 07 May 2024 16:16:23 GMT', 'Content-Type': 'application/json; charset=utf-8', 'Transfer-Encoding': 'chunked', 'Connection': 'keep-alive', 'X-Powered-By': 'Express', 'Access-Control-Allow-Origin': '*', 'Cache-Control': 'no-cache', 'ETag': 'W/"489-aez5du7bLP+b00hQEHS6LCkrlqE"', 'Vary': 'Accept-Encoding', 'Content-Encoding': 'gzip', 'CF-Cache-Status': 'DYNAMIC', 'Report-To': '{"endpoints":[{"url":"https:\\/\\/a.nel.cloudflare.com\\/report\\/v4?s=Bl%2Bjav1%2FbtuFHQrUDvX6mP7d49RC98rxeAYpjIQjkaexEzt44uxdntuBVQvp1xgVuoCKluHM%2B3qwWof8TS%2BWxbHqc3UTuq6MTKbWNMUsZY3WDUDh%2FwUZ6b1R%2FrmjThtM"}],"group":"cf-nel","max_age":604800}', 'NEL': '{"success_fraction":0,"report_to":"cf-nel","max_age":604800}', 'Server': 'cloudflare', 'CF-RAY': '880283a07f259e4d-SJC', 'alt-svc': 'h3=":443"; ma=86400'} 
 body={"results":[{"gender":"male","name":{"title":"Mr","first":"Lee","last":"Woods"},"location":{"street":{"number":8696,"name":"Richmond Road"},"city":"Lichfield","state":"Lancashire","country":"United Kingdom","postcode":"MV18 3EH","coordinates":{"latitude":"-5.8377","longitude":"-41.8327"},"timezone":{"offset":"-11:00","description":"Midway Island, Samoa"}},"email":"lee.woods@example.com","login":{"uuid":"9f0db798-b8a1-4a64-a05c-9afd9b8ad4af","username":"goldenrabbit632","password":"989898","salt":"UINeNypy","md5":"00181c87e6ab72f81a5241b407c2dd65","sha1":"8af324441a1c5492e1bb24f114f5126979e5b6a9","sha256":"89ac953dafd68a872eb139ab1ea47c2de976975ae9976e0a380b21420dac6185"},"dob":{"date":"1981-12-30T14:31:26.592Z","age":42},"registered":{"date":"2021-03-04T19:24:38.741Z","age":3},"phone":"016974 20340","cell":"07288 004575","id":{"name":"NINO","value":"SG 12 64 00 D"},"picture":{"large":"https://randomuser.me/api/portraits/men/84.jpg","medium":"https://randomuser.me/api/portraits/med/men/84.jpg","thumbnail":"https://randomuser.me/api/portraits/thumb/men/84.jpg"},"nat":"GB"}],"info":{"seed":"43d8287d8ffcad52","results":1,"page":1,"version":"1.4"}} 
 </msg>
<msg time="2024-05-07T16:16:23.210647" level="INFO">/opt/hostedtoolcache/Python/3.12.3/x64/lib/python3.12/site-packages/urllib3/connectionpool.py:1103: InsecureRequestWarning: Unverified HTTPS request is being made to host 'randomuser.me'. Adding certificate verification is strongly advised. See: https://urllib3.readthedocs.io/en/latest/advanced-usage.html#tls-warnings
  warnings.warn(</msg>
<msg time="2024-05-07T16:16:23.210749" level="INFO">${response} = &lt;Response [200]&gt;</msg>
<var>${response}</var>
<arg>consultarAPI</arg>
<arg>/api</arg>
<doc>Sends a GET request on a previously created HTTP Session.</doc>
<status status="PASS" start="2024-05-07T16:16:23.082158" elapsed="0.128631"/>
</kw>
<kw name="Should Be Equal As Numbers" owner="BuiltIn">
<msg time="2024-05-07T16:16:23.211617" level="INFO">Argument types are:
&lt;class 'int'&gt;
&lt;class 'str'&gt;</msg>
<arg>${response.status_code}</arg>
<arg>200</arg>
<doc>Fails if objects are unequal after converting them to real numbers.</doc>
<status status="PASS" start="2024-05-07T16:16:23.211201" elapsed="0.000480"/>
</kw>
<kw name="Log" owner="BuiltIn">
<msg time="2024-05-07T16:16:23.212383" level="INFO">200</msg>
<arg>${response.status_code}</arg>
<doc>Logs the given message with the given level.</doc>
<status status="PASS" start="2024-05-07T16:16:23.212025" elapsed="0.000400"/>
</kw>
<kw name="Set Variable" owner="BuiltIn">
<msg time="2024-05-07T16:16:23.213173" level="INFO">${json_data} = {'results': [{'gender': 'male', 'name': {'title': 'Mr', 'first': 'Lee', 'last': 'Woods'}, 'location': {'street': {'number': 8696, 'name': 'Richmond Road'}, 'city': 'Lichfield', 'state': 'Lancashire', ...</msg>
<var>${json_data}</var>
<arg>${response.json()}</arg>
<doc>Returns the given values which can then be assigned to a variables.</doc>
<status status="PASS" start="2024-05-07T16:16:23.212737" elapsed="0.000465"/>
</kw>
<kw name="Dictionary Should Contain Key" owner="Collections">
<msg time="2024-05-07T16:16:23.213678" level="INFO">False</msg>
<arg>${json_data}</arg>
<arg>results</arg>
<doc>Fails if ``key`` is not found from ``dictionary``.</doc>
<status status="PASS" start="2024-05-07T16:16:23.213508" elapsed="0.000210"/>
</kw>
<status status="PASS" start="2024-05-07T16:16:23.081917" elapsed="0.132053"/>
</kw>
<doc>Testa se a API responde corretamente e retorna um objeto JSON válido.</doc>
<tag>testeRequisicaoBasica</tag>
<status status="PASS" start="2024-05-07T16:16:23.081457" elapsed="0.132684"/>
</test>
<test id="s1-s1-t3" name="Validar estrutura de resposta" line="22">
<kw name="Teste de Estrutura de Resposta" owner="random-user-service">
<kw name="GET On Session" owner="RequestsLibrary">
<msg time="2024-05-07T16:16:23.303406" level="INFO">GET Request : url=https://randomuser.me/api 
 path_url=/api 
 headers={'User-Agent': 'python-requests/2.31.0', 'Accept-Encoding': 'gzip, deflate', 'Accept': '*/*', 'Connection': 'keep-alive'} 
 body=None 
 </msg>
<msg time="2024-05-07T16:16:23.303496" level="INFO">GET Response : url=https://randomuser.me/api 
 status=200, reason=OK 
 headers={'Date': 'Tue, 07 May 2024 16:16:23 GMT', 'Content-Type': 'application/json; charset=utf-8', 'Transfer-Encoding': 'chunked', 'Connection': 'keep-alive', 'X-Powered-By': 'Express', 'Access-Control-Allow-Origin': '*', 'Cache-Control': 'no-cache', 'ETag': 'W/"495-436Pgkr5xpMCggMQpYrwDIb7eSc"', 'Vary': 'Accept-Encoding', 'Content-Encoding': 'gzip', 'CF-Cache-Status': 'DYNAMIC', 'Report-To': '{"endpoints":[{"url":"https:\\/\\/a.nel.cloudflare.com\\/report\\/v4?s=IF4S4QNVz4V31g2rvedqtS%2FIoJUFbYEeL6N46OkbHjNmenYp0JuPkMuQ3QpDALUfEpdlhVaHzaVuGGT6W0tpf%2FCrPRNTh%2BvGpv4hOAOwBk5pl7cZKhOCgZW6y5xgsBDh"}],"group":"cf-nel","max_age":604800}', 'NEL': '{"success_fraction":0,"report_to":"cf-nel","max_age":604800}', 'Server': 'cloudflare', 'CF-RAY': '880283a11fa79e4d-SJC', 'alt-svc': 'h3=":443"; ma=86400'} 
 body={"results":[{"gender":"female","name":{"title":"Miss","first":"Ella","last":"James"},"location":{"street":{"number":710,"name":"King Street"},"city":"Gloucester","state":"Northamptonshire","country":"United Kingdom","postcode":"A11 7FA","coordinates":{"latitude":"-7.9081","longitude":"1.1531"},"timezone":{"offset":"+2:00","description":"Kaliningrad, South Africa"}},"email":"ella.james@example.com","login":{"uuid":"5718145a-809a-4f2b-89a7-2caf3e48b2f0","username":"heavydog788","password":"peach","salt":"cJO9kUIL","md5":"83591102cfa7c73477d409392286cedf","sha1":"b246c94a78394d8a2c728cb51053a258ff860d94","sha256":"d97033bba1f63186b62222c435c3fea33d77fca9d217dd740a0445111cf4c194"},"dob":{"date":"1983-07-18T22:45:38.708Z","age":40},"registered":{"date":"2022-02-26T14:54:50.815Z","age":2},"phone":"017683 94622","cell":"07362 837050","id":{"name":"NINO","value":"YN 01 89 11 O"},"picture":{"large":"https://randomuser.me/api/portraits/women/20.jpg","medium":"https://randomuser.me/api/portraits/med/women/20.jpg","thumbnail":"https://randomuser.me/api/portraits/thumb/women/20.jpg"},"nat":"GB"}],"info":{"seed":"5bfb5f89b155dac9","results":1,"page":1,"version":"1.4"}} 
 </msg>
<msg time="2024-05-07T16:16:23.303593" level="INFO">/opt/hostedtoolcache/Python/3.12.3/x64/lib/python3.12/site-packages/urllib3/connectionpool.py:1103: InsecureRequestWarning: Unverified HTTPS request is being made to host 'randomuser.me'. Adding certificate verification is strongly advised. See: https://urllib3.readthedocs.io/en/latest/advanced-usage.html#tls-warnings
  warnings.warn(</msg>
<msg time="2024-05-07T16:16:23.303692" level="INFO">${response} = &lt;Response [200]&gt;</msg>
<var>${response}</var>
<arg>consultarAPI</arg>
<arg>/api</arg>
<doc>Sends a GET request on a previously created HTTP Session.</doc>
<status status="PASS" start="2024-05-07T16:16:23.216739" elapsed="0.086996"/>
</kw>
<kw name="Set Variable" owner="BuiltIn">
<msg time="2024-05-07T16:16:23.304760" level="INFO">${json_data} = {'results': [{'gender': 'female', 'name': {'title': 'Miss', 'first': 'Ella', 'last': 'James'}, 'location': {'street': {'number': 710, 'name': 'King Street'}, 'city': 'Gloucester', 'state': 'Northampto...</msg>
<var>${json_data}</var>
<arg>${response.json()}</arg>
<doc>Returns the given values which can then be assigned to a variables.</doc>
<status status="PASS" start="2024-05-07T16:16:23.304195" elapsed="0.000595"/>
</kw>
<kw name="Log" owner="BuiltIn">
<msg time="2024-05-07T16:16:23.305267" level="INFO">{'results': [{'gender': 'female', 'name': {'title': 'Miss', 'first': 'Ella', 'last': 'James'}, 'location': {'street': {'number': 710, 'name': 'King Street'}, 'city': 'Gloucester', 'state': 'Northamptonshire', 'country': 'United Kingdom', 'postcode': 'A11 7FA', 'coordinates': {'latitude': '-7.9081', 'longitude': '1.1531'}, 'timezone': {'offset': '+2:00', 'description': 'Kaliningrad, South Africa'}}, 'email': 'ella.james@example.com', 'login': {'uuid': '5718145a-809a-4f2b-89a7-2caf3e48b2f0', 'username': 'heavydog788', 'password': 'peach', 'salt': 'cJO9kUIL', 'md5': '83591102cfa7c73477d409392286cedf', 'sha1': 'b246c94a78394d8a2c728cb51053a258ff860d94', 'sha256': 'd97033bba1f63186b62222c435c3fea33d77fca9d217dd740a0445111cf4c194'}, 'dob': {'date': '1983-07-18T22:45:38.708Z', 'age': 40}, 'registered': {'date': '2022-02-26T14:54:50.815Z', 'age': 2}, 'phone': '017683 94622', 'cell': '07362 837050', 'id': {'name': 'NINO', 'value': 'YN 01 89 11 O'}, 'picture': {'large': 'https://randomuser.me/api/portraits/women/20.jpg', 'medium': 'https://randomuser.me/api/portraits/med/women/20.jpg', 'thumbnail': 'https://randomuser.me/api/portraits/thumb/women/20.jpg'}, 'nat': 'GB'}], 'info': {'seed': '5bfb5f89b155dac9', 'results': 1, 'page': 1, 'version': '1.4'}}</msg>
<arg>${json_data}</arg>
<doc>Logs the given message with the given level.</doc>
<status status="PASS" start="2024-05-07T16:16:23.305105" elapsed="0.000211"/>
</kw>
<kw name="Dictionary Should Contain Key" owner="Collections">
<msg time="2024-05-07T16:16:23.305782" level="INFO">False</msg>
<arg>${json_data}</arg>
<arg>results</arg>
<doc>Fails if ``key`` is not found from ``dictionary``.</doc>
<status status="PASS" start="2024-05-07T16:16:23.305623" elapsed="0.000199"/>
</kw>
<kw name="Should Not Be Empty" owner="BuiltIn">
<msg time="2024-05-07T16:16:23.306254" level="INFO">Length is 2.</msg>
<arg>${json_data}</arg>
<doc>Verifies that the given item is not empty.</doc>
<status status="PASS" start="2024-05-07T16:16:23.306119" elapsed="0.000340"/>
</kw>
<kw name="Create List" owner="BuiltIn">
<msg time="2024-05-07T16:16:23.306937" level="INFO">${expected_keys} = ['gender', 'name', 'location', 'email', 'login']</msg>
<var>${expected_keys}</var>
<arg>gender</arg>
<arg>name</arg>
<arg>location</arg>
<arg>email</arg>
<arg>login</arg>
<doc>Returns a list containing given items.</doc>
<status status="PASS" start="2024-05-07T16:16:23.306777" elapsed="0.000185"/>
</kw>
<for flavor="IN">
<iter>
<kw name="Dictionary Should Contain Key" owner="Collections">
<msg time="2024-05-07T16:16:23.307949" level="INFO">False</msg>
<arg>${json_data['results'][0]}</arg>
<arg>${key}</arg>
<doc>Fails if ``key`` is not found from ``dictionary``.</doc>
<status status="PASS" start="2024-05-07T16:16:23.307538" elapsed="0.000450"/>
</kw>
<kw name="Log" owner="BuiltIn">
<msg time="2024-05-07T16:16:23.308666" level="INFO">{'gender': 'female', 'name': {'title': 'Miss', 'first': 'Ella', 'last': 'James'}, 'location': {'street': {'number': 710, 'name': 'King Street'}, 'city': 'Gloucester', 'state': 'Northamptonshire', 'country': 'United Kingdom', 'postcode': 'A11 7FA', 'coordinates': {'latitude': '-7.9081', 'longitude': '1.1531'}, 'timezone': {'offset': '+2:00', 'description': 'Kaliningrad, South Africa'}}, 'email': 'ella.james@example.com', 'login': {'uuid': '5718145a-809a-4f2b-89a7-2caf3e48b2f0', 'username': 'heavydog788', 'password': 'peach', 'salt': 'cJO9kUIL', 'md5': '83591102cfa7c73477d409392286cedf', 'sha1': 'b246c94a78394d8a2c728cb51053a258ff860d94', 'sha256': 'd97033bba1f63186b62222c435c3fea33d77fca9d217dd740a0445111cf4c194'}, 'dob': {'date': '1983-07-18T22:45:38.708Z', 'age': 40}, 'registered': {'date': '2022-02-26T14:54:50.815Z', 'age': 2}, 'phone': '017683 94622', 'cell': '07362 837050', 'id': {'name': 'NINO', 'value': 'YN 01 89 11 O'}, 'picture': {'large': 'https://randomuser.me/api/portraits/women/20.jpg', 'medium': 'https://randomuser.me/api/portraits/med/women/20.jpg', 'thumbnail': 'https://randomuser.me/api/portraits/thumb/women/20.jpg'}, 'nat': 'GB'}</msg>
<arg>${json_data['results'][0]}</arg>
<doc>Logs the given message with the given level.</doc>
<status status="PASS" start="2024-05-07T16:16:23.308292" elapsed="0.000423"/>
</kw>
<kw name="Log" owner="BuiltIn">
<msg time="2024-05-07T16:16:23.309147" level="INFO">gender</msg>
<arg>${key}</arg>
<doc>Logs the given message with the given level.</doc>
<status status="PASS" start="2024-05-07T16:16:23.309017" elapsed="0.000170"/>
</kw>
<var name="${key}">gender</var>
<status status="PASS" start="2024-05-07T16:16:23.307405" elapsed="0.001999"/>
</iter>
<iter>
<kw name="Dictionary Should Contain Key" owner="Collections">
<msg time="2024-05-07T16:16:23.310103" level="INFO">False</msg>
<arg>${json_data['results'][0]}</arg>
<arg>${key}</arg>
<doc>Fails if ``key`` is not found from ``dictionary``.</doc>
<status status="PASS" start="2024-05-07T16:16:23.309712" elapsed="0.000429"/>
</kw>
<kw name="Log" owner="BuiltIn">
<msg time="2024-05-07T16:16:23.310871" level="INFO">{'gender': 'female', 'name': {'title': 'Miss', 'first': 'Ella', 'last': 'James'}, 'location': {'street': {'number': 710, 'name': 'King Street'}, 'city': 'Gloucester', 'state': 'Northamptonshire', 'country': 'United Kingdom', 'postcode': 'A11 7FA', 'coordinates': {'latitude': '-7.9081', 'longitude': '1.1531'}, 'timezone': {'offset': '+2:00', 'description': 'Kaliningrad, South Africa'}}, 'email': 'ella.james@example.com', 'login': {'uuid': '5718145a-809a-4f2b-89a7-2caf3e48b2f0', 'username': 'heavydog788', 'password': 'peach', 'salt': 'cJO9kUIL', 'md5': '83591102cfa7c73477d409392286cedf', 'sha1': 'b246c94a78394d8a2c728cb51053a258ff860d94', 'sha256': 'd97033bba1f63186b62222c435c3fea33d77fca9d217dd740a0445111cf4c194'}, 'dob': {'date': '1983-07-18T22:45:38.708Z', 'age': 40}, 'registered': {'date': '2022-02-26T14:54:50.815Z', 'age': 2}, 'phone': '017683 94622', 'cell': '07362 837050', 'id': {'name': 'NINO', 'value': 'YN 01 89 11 O'}, 'picture': {'large': 'https://randomuser.me/api/portraits/women/20.jpg', 'medium': 'https://randomuser.me/api/portraits/med/women/20.jpg', 'thumbnail': 'https://randomuser.me/api/portraits/thumb/women/20.jpg'}, 'nat': 'GB'}</msg>
<arg>${json_data['results'][0]}</arg>
<doc>Logs the given message with the given level.</doc>
<status status="PASS" start="2024-05-07T16:16:23.310496" elapsed="0.000423"/>
</kw>
<kw name="Log" owner="BuiltIn">
<msg time="2024-05-07T16:16:23.311350" level="INFO">name</msg>
<arg>${key}</arg>
<doc>Logs the given message with the given level.</doc>
<status status="PASS" start="2024-05-07T16:16:23.311220" elapsed="0.000169"/>
</kw>
<var name="${key}">name</var>
<status status="PASS" start="2024-05-07T16:16:23.309594" elapsed="0.002011"/>
</iter>
<iter>
<kw name="Dictionary Should Contain Key" owner="Collections">
<msg time="2024-05-07T16:16:23.312298" level="INFO">False</msg>
<arg>${json_data['results'][0]}</arg>
<arg>${key}</arg>
<doc>Fails if ``key`` is not found from ``dictionary``.</doc>
<status status="PASS" start="2024-05-07T16:16:23.311904" elapsed="0.000432"/>
</kw>
<kw name="Log" owner="BuiltIn">
<msg time="2024-05-07T16:16:23.313004" level="INFO">{'gender': 'female', 'name': {'title': 'Miss', 'first': 'Ella', 'last': 'James'}, 'location': {'street': {'number': 710, 'name': 'King Street'}, 'city': 'Gloucester', 'state': 'Northamptonshire', 'country': 'United Kingdom', 'postcode': 'A11 7FA', 'coordinates': {'latitude': '-7.9081', 'longitude': '1.1531'}, 'timezone': {'offset': '+2:00', 'description': 'Kaliningrad, South Africa'}}, 'email': 'ella.james@example.com', 'login': {'uuid': '5718145a-809a-4f2b-89a7-2caf3e48b2f0', 'username': 'heavydog788', 'password': 'peach', 'salt': 'cJO9kUIL', 'md5': '83591102cfa7c73477d409392286cedf', 'sha1': 'b246c94a78394d8a2c728cb51053a258ff860d94', 'sha256': 'd97033bba1f63186b62222c435c3fea33d77fca9d217dd740a0445111cf4c194'}, 'dob': {'date': '1983-07-18T22:45:38.708Z', 'age': 40}, 'registered': {'date': '2022-02-26T14:54:50.815Z', 'age': 2}, 'phone': '017683 94622', 'cell': '07362 837050', 'id': {'name': 'NINO', 'value': 'YN 01 89 11 O'}, 'picture': {'large': 'https://randomuser.me/api/portraits/women/20.jpg', 'medium': 'https://randomuser.me/api/portraits/med/women/20.jpg', 'thumbnail': 'https://randomuser.me/api/portraits/thumb/women/20.jpg'}, 'nat': 'GB'}</msg>
<arg>${json_data['results'][0]}</arg>
<doc>Logs the given message with the given level.</doc>
<status status="PASS" start="2024-05-07T16:16:23.312637" elapsed="0.000415"/>
</kw>
<kw name="Log" owner="BuiltIn">
<msg time="2024-05-07T16:16:23.313481" level="INFO">location</msg>
<arg>${key}</arg>
<doc>Logs the given message with the given level.</doc>
<status status="PASS" start="2024-05-07T16:16:23.313353" elapsed="0.000166"/>
</kw>
<var name="${key}">location</var>
<status status="PASS" start="2024-05-07T16:16:23.311789" elapsed="0.001948"/>
</iter>
<iter>
<kw name="Dictionary Should Contain Key" owner="Collections">
<msg time="2024-05-07T16:16:23.314441" level="INFO">False</msg>
<arg>${json_data['results'][0]}</arg>
<arg>${key}</arg>
<doc>Fails if ``key`` is not found from ``dictionary``.</doc>
<status status="PASS" start="2024-05-07T16:16:23.314025" elapsed="0.000457"/>
</kw>
<kw name="Log" owner="BuiltIn">
<msg time="2024-05-07T16:16:23.315150" level="INFO">{'gender': 'female', 'name': {'title': 'Miss', 'first': 'Ella', 'last': 'James'}, 'location': {'street': {'number': 710, 'name': 'King Street'}, 'city': 'Gloucester', 'state': 'Northamptonshire', 'country': 'United Kingdom', 'postcode': 'A11 7FA', 'coordinates': {'latitude': '-7.9081', 'longitude': '1.1531'}, 'timezone': {'offset': '+2:00', 'description': 'Kaliningrad, South Africa'}}, 'email': 'ella.james@example.com', 'login': {'uuid': '5718145a-809a-4f2b-89a7-2caf3e48b2f0', 'username': 'heavydog788', 'password': 'peach', 'salt': 'cJO9kUIL', 'md5': '83591102cfa7c73477d409392286cedf', 'sha1': 'b246c94a78394d8a2c728cb51053a258ff860d94', 'sha256': 'd97033bba1f63186b62222c435c3fea33d77fca9d217dd740a0445111cf4c194'}, 'dob': {'date': '1983-07-18T22:45:38.708Z', 'age': 40}, 'registered': {'date': '2022-02-26T14:54:50.815Z', 'age': 2}, 'phone': '017683 94622', 'cell': '07362 837050', 'id': {'name': 'NINO', 'value': 'YN 01 89 11 O'}, 'picture': {'large': 'https://randomuser.me/api/portraits/women/20.jpg', 'medium': 'https://randomuser.me/api/portraits/med/women/20.jpg', 'thumbnail': 'https://randomuser.me/api/portraits/thumb/women/20.jpg'}, 'nat': 'GB'}</msg>
<arg>${json_data['results'][0]}</arg>
<doc>Logs the given message with the given level.</doc>
<status status="PASS" start="2024-05-07T16:16:23.314788" elapsed="0.000411"/>
</kw>
<kw name="Log" owner="BuiltIn">
<msg time="2024-05-07T16:16:23.315621" level="INFO">email</msg>
<arg>${key}</arg>
<doc>Logs the given message with the given level.</doc>
<status status="PASS" start="2024-05-07T16:16:23.315492" elapsed="0.000167"/>
</kw>
<var name="${key}">email</var>
<status status="PASS" start="2024-05-07T16:16:23.313913" elapsed="0.001960"/>
</iter>
<iter>
<kw name="Dictionary Should Contain Key" owner="Collections">
<msg time="2024-05-07T16:16:23.316553" level="INFO">False</msg>
<arg>${json_data['results'][0]}</arg>
<arg>${key}</arg>
<doc>Fails if ``key`` is not found from ``dictionary``.</doc>
<status status="PASS" start="2024-05-07T16:16:23.316159" elapsed="0.000433"/>
</kw>
<kw name="Log" owner="BuiltIn">
<msg time="2024-05-07T16:16:23.317262" level="INFO">{'gender': 'female', 'name': {'title': 'Miss', 'first': 'Ella', 'last': 'James'}, 'location': {'street': {'number': 710, 'name': 'King Street'}, 'city': 'Gloucester', 'state': 'Northamptonshire', 'country': 'United Kingdom', 'postcode': 'A11 7FA', 'coordinates': {'latitude': '-7.9081', 'longitude': '1.1531'}, 'timezone': {'offset': '+2:00', 'description': 'Kaliningrad, South Africa'}}, 'email': 'ella.james@example.com', 'login': {'uuid': '5718145a-809a-4f2b-89a7-2caf3e48b2f0', 'username': 'heavydog788', 'password': 'peach', 'salt': 'cJO9kUIL', 'md5': '83591102cfa7c73477d409392286cedf', 'sha1': 'b246c94a78394d8a2c728cb51053a258ff860d94', 'sha256': 'd97033bba1f63186b62222c435c3fea33d77fca9d217dd740a0445111cf4c194'}, 'dob': {'date': '1983-07-18T22:45:38.708Z', 'age': 40}, 'registered': {'date': '2022-02-26T14:54:50.815Z', 'age': 2}, 'phone': '017683 94622', 'cell': '07362 837050', 'id': {'name': 'NINO', 'value': 'YN 01 89 11 O'}, 'picture': {'large': 'https://randomuser.me/api/portraits/women/20.jpg', 'medium': 'https://randomuser.me/api/portraits/med/women/20.jpg', 'thumbnail': 'https://randomuser.me/api/portraits/thumb/women/20.jpg'}, 'nat': 'GB'}</msg>
<arg>${json_data['results'][0]}</arg>
<doc>Logs the given message with the given level.</doc>
<status status="PASS" start="2024-05-07T16:16:23.316891" elapsed="0.000421"/>
</kw>
<kw name="Log" owner="BuiltIn">
<msg time="2024-05-07T16:16:23.317741" level="INFO">login</msg>
<arg>${key}</arg>
<doc>Logs the given message with the given level.</doc>
<status status="PASS" start="2024-05-07T16:16:23.317612" elapsed="0.000168"/>
</kw>
<var name="${key}">login</var>
<status status="PASS" start="2024-05-07T16:16:23.316046" elapsed="0.001978"/>
</iter>
<var>${key}</var>
<value>@{expected_keys}</value>
<status status="PASS" start="2024-05-07T16:16:23.307219" elapsed="0.010931"/>
</for>
<kw name="Create List" owner="BuiltIn">
<msg time="2024-05-07T16:16:23.318520" level="INFO">${expected_keysTwo} = ['username', 'password']</msg>
<var>${expected_keysTwo}</var>
<arg>username</arg>
<arg>password</arg>
<doc>Returns a list containing given items.</doc>
<status status="PASS" start="2024-05-07T16:16:23.318345" elapsed="0.000201"/>
</kw>
<for flavor="IN">
<iter>
<kw name="Dictionary Should Contain Key" owner="Collections">
<msg time="2024-05-07T16:16:23.319456" level="INFO">False</msg>
<arg>${json_data['results'][0]['login']}</arg>
<arg>${keyTwo}</arg>
<doc>Fails if ``key`` is not found from ``dictionary``.</doc>
<status status="PASS" start="2024-05-07T16:16:23.319061" elapsed="0.000434"/>
</kw>
<kw name="Dictionary Should Contain Key" owner="Collections">
<msg time="2024-05-07T16:16:23.320179" level="INFO">False</msg>
<arg>${json_data['results'][0]['login']}</arg>
<arg>${keyTwo}</arg>
<doc>Fails if ``key`` is not found from ``dictionary``.</doc>
<status status="PASS" start="2024-05-07T16:16:23.319794" elapsed="0.000425"/>
</kw>
<kw name="Log" owner="BuiltIn">
<msg time="2024-05-07T16:16:23.320644" level="INFO">username</msg>
<arg>${keyTwo}</arg>
<doc>Logs the given message with the given level.</doc>
<status status="PASS" start="2024-05-07T16:16:23.320515" elapsed="0.000172"/>
</kw>
<var name="${keyTwo}">username</var>
<status status="PASS" start="2024-05-07T16:16:23.318948" elapsed="0.001955"/>
</iter>
<iter>
<kw name="Dictionary Should Contain Key" owner="Collections">
<msg time="2024-05-07T16:16:23.321660" level="INFO">False</msg>
<arg>${json_data['results'][0]['login']}</arg>
<arg>${keyTwo}</arg>
<doc>Fails if ``key`` is not found from ``dictionary``.</doc>
<status status="PASS" start="2024-05-07T16:16:23.321192" elapsed="0.000510"/>
</kw>
<kw name="Dictionary Should Contain Key" owner="Collections">
<msg time="2024-05-07T16:16:23.322405" level="INFO">False</msg>
<arg>${json_data['results'][0]['login']}</arg>
<arg>${keyTwo}</arg>
<doc>Fails if ``key`` is not found from ``dictionary``.</doc>
<status status="PASS" start="2024-05-07T16:16:23.321999" elapsed="0.000456"/>
</kw>
<kw name="Log" owner="BuiltIn">
<msg time="2024-05-07T16:16:23.322888" level="INFO">password</msg>
<arg>${keyTwo}</arg>
<doc>Logs the given message with the given level.</doc>
<status status="PASS" start="2024-05-07T16:16:23.322760" elapsed="0.000167"/>
</kw>
<var name="${keyTwo}">password</var>
<status status="PASS" start="2024-05-07T16:16:23.321080" elapsed="0.002065"/>
</iter>
<var>${keyTwo}</var>
<value>@{expected_keysTwo}</value>
<status status="PASS" start="2024-05-07T16:16:23.318790" elapsed="0.004478"/>
</for>
<status status="PASS" start="2024-05-07T16:16:23.216510" elapsed="0.106897"/>
</kw>
<doc>Testa a estrutura da resposta da API.</doc>
<tag>testeEstruturaResposta</tag>
<status status="PASS" start="2024-05-07T16:16:23.216023" elapsed="0.107533"/>
</test>
<test id="s1-s1-t4" name="Validar tipos de dados" line="28">
<kw name="Teste de Tipos de Dados" owner="random-user-service">
<kw name="GET On Session" owner="RequestsLibrary">
<msg time="2024-05-07T16:16:23.424564" level="INFO">GET Request : url=https://randomuser.me/api 
 path_url=/api 
 headers={'User-Agent': 'python-requests/2.31.0', 'Accept-Encoding': 'gzip, deflate', 'Accept': '*/*', 'Connection': 'keep-alive'} 
 body=None 
 </msg>
<msg time="2024-05-07T16:16:23.424649" level="INFO">GET Response : url=https://randomuser.me/api 
 status=200, reason=OK 
 headers={'Date': 'Tue, 07 May 2024 16:16:23 GMT', 'Content-Type': 'application/json; charset=utf-8', 'Transfer-Encoding': 'chunked', 'Connection': 'keep-alive', 'X-Powered-By': 'Express', 'Access-Control-Allow-Origin': '*', 'Cache-Control': 'no-cache', 'ETag': 'W/"484-NFgS0yYnZFOpZ1FR23E4ZSueNEg"', 'Vary': 'Accept-Encoding', 'Content-Encoding': 'gzip', 'CF-Cache-Status': 'DYNAMIC', 'Report-To': '{"endpoints":[{"url":"https:\\/\\/a.nel.cloudflare.com\\/report\\/v4?s=k0bemTzazPmu0ZsK%2Ff6LTeIn2j6rD7h%2FWffK2%2BjIyk5DZgszrNXOonv1Lf9gYEjwywfgd3ULBOe7rpm%2F3Bp52%2F%2BBq9afxhlHYe%2FYgO%2FzNu7IG7VIy4a2uRAPWoTUGyzP"}],"group":"cf-nel","max_age":604800}', 'NEL': '{"success_fraction":0,"report_to":"cf-nel","max_age":604800}', 'Server': 'cloudflare', 'CF-RAY': '880283a1c8339e4d-SJC', 'alt-svc': 'h3=":443"; ma=86400'} 
 body={"results":[{"gender":"male","name":{"title":"Mr","first":"Sebastian","last":"Newman"},"location":{"street":{"number":4235,"name":"Hillcrest Rd"},"city":"Mackay","state":"South Australia","country":"Australia","postcode":3549,"coordinates":{"latitude":"-89.6925","longitude":"-14.1305"},"timezone":{"offset":"-2:00","description":"Mid-Atlantic"}},"email":"sebastian.newman@example.com","login":{"uuid":"da66589b-49a5-4b9a-92dd-b6ba48db83a9","username":"ticklishsnake772","password":"beautiful","salt":"sLPtRJQ1","md5":"977dfdb6667bbbfb4b25125d76f95745","sha1":"206973670141e52d246793b0e0afadedfb066614","sha256":"2f5eaf19b663ad762fe0bc5d96820df62fba9b1b7fc760b8c29f62af8a3a108f"},"dob":{"date":"1968-07-15T00:18:47.976Z","age":55},"registered":{"date":"2017-04-23T12:20:01.971Z","age":7},"phone":"02-5875-2662","cell":"0464-547-545","id":{"name":"TFN","value":"793269671"},"picture":{"large":"https://randomuser.me/api/portraits/men/66.jpg","medium":"https://randomuser.me/api/portraits/med/men/66.jpg","thumbnail":"https://randomuser.me/api/portraits/thumb/men/66.jpg"},"nat":"AU"}],"info":{"seed":"3fe8a144b70b20ca","results":1,"page":1,"version":"1.4"}} 
 </msg>
<msg time="2024-05-07T16:16:23.424722" level="INFO">/opt/hostedtoolcache/Python/3.12.3/x64/lib/python3.12/site-packages/urllib3/connectionpool.py:1103: InsecureRequestWarning: Unverified HTTPS request is being made to host 'randomuser.me'. Adding certificate verification is strongly advised. See: https://urllib3.readthedocs.io/en/latest/advanced-usage.html#tls-warnings
  warnings.warn(</msg>
<msg time="2024-05-07T16:16:23.424824" level="INFO">${response} = &lt;Response [200]&gt;</msg>
<var>${response}</var>
<arg>consultarAPI</arg>
<arg>/api</arg>
<doc>Sends a GET request on a previously created HTTP Session.</doc>
<status status="PASS" start="2024-05-07T16:16:23.326085" elapsed="0.098781"/>
</kw>
<kw name="Set Variable" owner="BuiltIn">
<msg time="2024-05-07T16:16:23.425883" level="INFO">${json_data} = {'results': [{'gender': 'male', 'name': {'title': 'Mr', 'first': 'Sebastian', 'last': 'Newman'}, 'location': {'street': {'number': 4235, 'name': 'Hillcrest Rd'}, 'city': 'Mackay', 'state': 'South Aust...</msg>
<var>${json_data}</var>
<arg>${response.json()}</arg>
<doc>Returns the given values which can then be assigned to a variables.</doc>
<status status="PASS" start="2024-05-07T16:16:23.425321" elapsed="0.000591"/>
</kw>
<kw name="Log" owner="BuiltIn">
<msg time="2024-05-07T16:16:23.426380" level="INFO">{'results': [{'gender': 'male', 'name': {'title': 'Mr', 'first': 'Sebastian', 'last': 'Newman'}, 'location': {'street': {'number': 4235, 'name': 'Hillcrest Rd'}, 'city': 'Mackay', 'state': 'South Australia', 'country': 'Australia', 'postcode': 3549, 'coordinates': {'latitude': '-89.6925', 'longitude': '-14.1305'}, 'timezone': {'offset': '-2:00', 'description': 'Mid-Atlantic'}}, 'email': 'sebastian.newman@example.com', 'login': {'uuid': 'da66589b-49a5-4b9a-92dd-b6ba48db83a9', 'username': 'ticklishsnake772', 'password': 'beautiful', 'salt': 'sLPtRJQ1', 'md5': '977dfdb6667bbbfb4b25125d76f95745', 'sha1': '206973670141e52d246793b0e0afadedfb066614', 'sha256': '2f5eaf19b663ad762fe0bc5d96820df62fba9b1b7fc760b8c29f62af8a3a108f'}, 'dob': {'date': '1968-07-15T00:18:47.976Z', 'age': 55}, 'registered': {'date': '2017-04-23T12:20:01.971Z', 'age': 7}, 'phone': '02-5875-2662', 'cell': '0464-547-545', 'id': {'name': 'TFN', 'value': '793269671'}, 'picture': {'large': 'https://randomuser.me/api/portraits/men/66.jpg', 'medium': 'https://randomuser.me/api/portraits/med/men/66.jpg', 'thumbnail': 'https://randomuser.me/api/portraits/thumb/men/66.jpg'}, 'nat': 'AU'}], 'info': {'seed': '3fe8a144b70b20ca', 'results': 1, 'page': 1, 'version': '1.4'}}</msg>
<arg>${json_data}</arg>
<doc>Logs the given message with the given level.</doc>
<status status="PASS" start="2024-05-07T16:16:23.426224" elapsed="0.000284"/>
</kw>
<kw name="Should Be String" owner="String">
<arg>${json_data['results'][0]['gender']}</arg>
<doc>Fails if the given ``item`` is not a string.</doc>
<status status="PASS" start="2024-05-07T16:16:23.426819" elapsed="0.000373"/>
</kw>
<kw name="Should Match Regexp" owner="BuiltIn">
<arg>${json_data['results'][0]['email']}</arg>
<arg>^[a-zA-Z0-9._%+-]+@[a-zA-Z0-9.-]+\.[a-zA-Z]{2,}$</arg>
<doc>Fails if ``string`` does not match ``pattern`` as a regular expression.</doc>
<status status="PASS" start="2024-05-07T16:16:23.427388" elapsed="0.000513"/>
</kw>
<kw name="Should Match Regexp" owner="BuiltIn">
<arg>${json_data['results'][0]['dob']['date']}</arg>
<arg>\\d{4}-\\d{2}-\\d{2}T\\d{2}:\\d{2}:\\d{2}\\.\\d{3}Z</arg>
<doc>Fails if ``string`` does not match ``pattern`` as a regular expression.</doc>
<status status="PASS" start="2024-05-07T16:16:23.428099" elapsed="0.000495"/>
</kw>
<kw name="Should Match Regexp" owner="BuiltIn">
<arg>${json_data['results'][0]['registered']['date']}</arg>
<arg>\\d{4}-\\d{2}-\\d{2}T\\d{2}:\\d{2}:\\d{2}\\.\\d{3}Z</arg>
<doc>Fails if ``string`` does not match ``pattern`` as a regular expression.</doc>
<status status="PASS" start="2024-05-07T16:16:23.428787" elapsed="0.000378"/>
</kw>
<kw name="Should Match Regexp" owner="BuiltIn">
<arg>${json_data['results'][0]['picture']['large']}</arg>
<arg>^https?://.*\.(?:png|jpe?g|gif|bmp)$</arg>
<doc>Fails if ``string`` does not match ``pattern`` as a regular expression.</doc>
<status status="PASS" start="2024-05-07T16:16:23.429362" elapsed="0.000491"/>
</kw>
<kw name="Should Match Regexp" owner="BuiltIn">
<arg>${json_data['results'][0]['picture']['medium']}</arg>
<arg>^https?://.*\.(?:png|jpe?g|gif|bmp)$</arg>
<doc>Fails if ``string`` does not match ``pattern`` as a regular expression.</doc>
<status status="PASS" start="2024-05-07T16:16:23.430047" elapsed="0.000392"/>
</kw>
<kw name="Should Match Regexp" owner="BuiltIn">
<arg>${json_data['results'][0]['picture']['thumbnail']}</arg>
<arg>^https?://.*\.(?:png|jpe?g|gif|bmp)$</arg>
<doc>Fails if ``string`` does not match ``pattern`` as a regular expression.</doc>
<status status="PASS" start="2024-05-07T16:16:23.430638" elapsed="0.000359"/>
</kw>
<kw name="Log" owner="BuiltIn">
<msg time="2024-05-07T16:16:23.431511" level="INFO">{'large': 'https://randomuser.me/api/portraits/men/66.jpg', 'medium': 'https://randomuser.me/api/portraits/med/men/66.jpg', 'thumbnail': 'https://randomuser.me/api/portraits/thumb/men/66.jpg'}</msg>
<arg>${json_data['results'][0]['picture']}</arg>
<doc>Logs the given message with the given level.</doc>
<status status="PASS" start="2024-05-07T16:16:23.431181" elapsed="0.000372"/>
</kw>
<status status="PASS" start="2024-05-07T16:16:23.325862" elapsed="0.105946"/>
</kw>
<kw name="Teste de Tipos de Dados - Postcode" owner="random-user-service">
<kw name="GET On Session" owner="RequestsLibrary">
<msg time="2024-05-07T16:16:23.536568" level="INFO">GET Request : url=https://randomuser.me/api 
 path_url=/api 
 headers={'User-Agent': 'python-requests/2.31.0', 'Accept-Encoding': 'gzip, deflate', 'Accept': '*/*', 'Connection': 'keep-alive'} 
 body=None 
 </msg>
<msg time="2024-05-07T16:16:23.536654" level="INFO">GET Response : url=https://randomuser.me/api 
 status=200, reason=OK 
 headers={'Date': 'Tue, 07 May 2024 16:16:23 GMT', 'Content-Type': 'application/json; charset=utf-8', 'Transfer-Encoding': 'chunked', 'Connection': 'keep-alive', 'X-Powered-By': 'Express', 'Access-Control-Allow-Origin': '*', 'Cache-Control': 'no-cache', 'ETag': 'W/"49d-sDM/MWrzCEP0I90JxIv6JH1g3I4"', 'Vary': 'Accept-Encoding', 'Content-Encoding': 'gzip', 'CF-Cache-Status': 'DYNAMIC', 'Report-To': '{"endpoints":[{"url":"https:\\/\\/a.nel.cloudflare.com\\/report\\/v4?s=3RhXItGUbDqtZ4uXO8w%2Fzh1CHGn0v3yICF%2F3NYRagfDvpAd2Vq3wo1%2FjIPl13VsXpORD2MEjT8J6u4mLEPaB5QQauZ6MRdOuZGoEUwV0Ad5lGApF2PapgV%2FfeWMhs9ep"}],"group":"cf-nel","max_age":604800}', 'NEL': '{"success_fraction":0,"report_to":"cf-nel","max_age":604800}', 'Server': 'cloudflare', 'CF-RAY': '880283a279079e4d-SJC', 'alt-svc': 'h3=":443"; ma=86400'} 
 body={"results":[{"gender":"female","name":{"title":"Miss","first":"Lorena","last":"Herrero"},"location":{"street":{"number":3936,"name":"Calle de Atocha"},"city":"Gandía","state":"Andalucía","country":"Spain","postcode":98303,"coordinates":{"latitude":"-34.9650","longitude":"30.9742"},"timezone":{"offset":"-5:00","description":"Eastern Time (US &amp; Canada), Bogota, Lima"}},"email":"lorena.herrero@example.com","login":{"uuid":"86036640-fd21-4517-9d27-91e57293f63f","username":"heavymeercat163","password":"blabla","salt":"2ifxgDZ3","md5":"191f11eb7679d42573c225d52ec4c790","sha1":"cd040fd9f507e2a7c8fddf747bd47a75f02ce781","sha256":"697534a828918dfb20049f515706ed6e21affb450b26843427c06f917e415b05"},"dob":{"date":"1994-06-03T15:26:31.626Z","age":29},"registered":{"date":"2009-08-20T05:08:24.713Z","age":14},"phone":"916-294-297","cell":"670-958-962","id":{"name":"DNI","value":"35884425-M"},"picture":{"large":"https://randomuser.me/api/portraits/women/46.jpg","medium":"https://randomuser.me/api/portraits/med/women/46.jpg","thumbnail":"https://randomuser.me/api/portraits/thumb/women/46.jpg"},"nat":"ES"}],"info":{"seed":"39311ca837aad328","results":1,"page":1,"version":"1.4"}} 
 </msg>
<msg time="2024-05-07T16:16:23.536734" level="INFO">/opt/hostedtoolcache/Python/3.12.3/x64/lib/python3.12/site-packages/urllib3/connectionpool.py:1103: InsecureRequestWarning: Unverified HTTPS request is being made to host 'randomuser.me'. Adding certificate verification is strongly advised. See: https://urllib3.readthedocs.io/en/latest/advanced-usage.html#tls-warnings
  warnings.warn(</msg>
<msg time="2024-05-07T16:16:23.536849" level="INFO">${response} = &lt;Response [200]&gt;</msg>
<var>${response}</var>
<arg>consultarAPI</arg>
<arg>/api</arg>
<doc>Sends a GET request on a previously created HTTP Session.</doc>
<status status="PASS" start="2024-05-07T16:16:23.432244" elapsed="0.104651"/>
</kw>
<kw name="Set Variable" owner="BuiltIn">
<msg time="2024-05-07T16:16:23.537939" level="INFO">${json_data} = {'results': [{'gender': 'female', 'name': {'title': 'Miss', 'first': 'Lorena', 'last': 'Herrero'}, 'location': {'street': {'number': 3936, 'name': 'Calle de Atocha'}, 'city': 'Gandía', 'state': 'Andal...</msg>
<var>${json_data}</var>
<arg>${response.json()}</arg>
<doc>Returns the given values which can then be assigned to a variables.</doc>
<status status="PASS" start="2024-05-07T16:16:23.537374" elapsed="0.000595"/>
</kw>
<kw name="Log" owner="BuiltIn">
<msg time="2024-05-07T16:16:23.538480" level="INFO">{'results': [{'gender': 'female', 'name': {'title': 'Miss', 'first': 'Lorena', 'last': 'Herrero'}, 'location': {'street': {'number': 3936, 'name': 'Calle de Atocha'}, 'city': 'Gandía', 'state': 'Andalucía', 'country': 'Spain', 'postcode': 98303, 'coordinates': {'latitude': '-34.9650', 'longitude': '30.9742'}, 'timezone': {'offset': '-5:00', 'description': 'Eastern Time (US &amp; Canada), Bogota, Lima'}}, 'email': 'lorena.herrero@example.com', 'login': {'uuid': '86036640-fd21-4517-9d27-91e57293f63f', 'username': 'heavymeercat163', 'password': 'blabla', 'salt': '2ifxgDZ3', 'md5': '191f11eb7679d42573c225d52ec4c790', 'sha1': 'cd040fd9f507e2a7c8fddf747bd47a75f02ce781', 'sha256': '697534a828918dfb20049f515706ed6e21affb450b26843427c06f917e415b05'}, 'dob': {'date': '1994-06-03T15:26:31.626Z', 'age': 29}, 'registered': {'date': '2009-08-20T05:08:24.713Z', 'age': 14}, 'phone': '916-294-297', 'cell': '670-958-962', 'id': {'name': 'DNI', 'value': '35884425-M'}, 'picture': {'large': 'https://randomuser.me/api/portraits/women/46.jpg', 'medium': 'https://randomuser.me/api/portraits/med/women/46.jpg', 'thumbnail': 'https://randomuser.me/api/portraits/thumb/women/46.jpg'}, 'nat': 'ES'}], 'info': {'seed': '39311ca837aad328', 'results': 1, 'page': 1, 'version': '1.4'}}</msg>
<arg>${json_data}</arg>
<doc>Logs the given message with the given level.</doc>
<status status="PASS" start="2024-05-07T16:16:23.538286" elapsed="0.000277"/>
</kw>
<kw name="Should Be Equal As Numbers" owner="BuiltIn">
<arg>${json_data['results'][0]['location']['postcode']}</arg>
<arg>${json_data['results'][0]['location']['postcode']}</arg>
<doc>Fails if objects are unequal after converting them to real numbers.</doc>
<status status="PASS" start="2024-05-07T16:16:23.538998" elapsed="0.000630"/>
</kw>
<kw name="Log" owner="BuiltIn">
<msg time="2024-05-07T16:16:23.540170" level="INFO">98303</msg>
<arg>${json_data['results'][0]['location']['postcode']}</arg>
<doc>Logs the given message with the given level.</doc>
<status status="PASS" start="2024-05-07T16:16:23.539823" elapsed="0.000388"/>
</kw>
<status status="PASS" start="2024-05-07T16:16:23.432022" elapsed="0.108441"/>
</kw>
<doc>Testa se os tipos de dados na resposta da API estão corretos.</doc>
<tag>testeTiposDados</tag>
<status status="PASS" start="2024-05-07T16:16:23.325326" elapsed="0.215296"/>
</test>
<test id="s1-s1-t5" name="Validar conteudo" line="35">
<kw name="Teste de Tipos de Conteudo" owner="random-user-service">
<kw name="GET On Session" owner="RequestsLibrary">
<msg time="2024-05-07T16:16:23.639083" level="INFO">GET Request : url=https://randomuser.me/api 
 path_url=/api 
 headers={'User-Agent': 'python-requests/2.31.0', 'Accept-Encoding': 'gzip, deflate', 'Accept': '*/*', 'Connection': 'keep-alive'} 
 body=None 
 </msg>
<msg time="2024-05-07T16:16:23.639170" level="INFO">GET Response : url=https://randomuser.me/api 
 status=200, reason=OK 
 headers={'Date': 'Tue, 07 May 2024 16:16:23 GMT', 'Content-Type': 'application/json; charset=utf-8', 'Transfer-Encoding': 'chunked', 'Connection': 'keep-alive', 'X-Powered-By': 'Express', 'Access-Control-Allow-Origin': '*', 'Cache-Control': 'no-cache', 'ETag': 'W/"492-wtHKKkG46r8c67YGRAHv2TlrDL0"', 'Vary': 'Accept-Encoding', 'Content-Encoding': 'gzip', 'CF-Cache-Status': 'DYNAMIC', 'Report-To': '{"endpoints":[{"url":"https:\\/\\/a.nel.cloudflare.com\\/report\\/v4?s=pYGPEjIqKjhGJi4anMyxfH67nsh5ij%2F6yEYU8WPllkUIol4tG2UQ4YTaDQorqIF3OoUOPi2fl4rJ6XrjWECJSgE2VdCpPm89Kbgo2e%2F%2BK7pjp7N9qaZACRHgIPUKaHNj"}],"group":"cf-nel","max_age":604800}', 'NEL': '{"success_fraction":0,"report_to":"cf-nel","max_age":604800}', 'Server': 'cloudflare', 'CF-RAY': '880283a3297e9e4d-SJC', 'alt-svc': 'h3=":443"; ma=86400'} 
 body={"results":[{"gender":"female","name":{"title":"Mrs","first":"Valeria","last":"Šijan"},"location":{"street":{"number":1909,"name":"Miodraga Popovića"},"city":"Opovo","state":"Central Banat","country":"Serbia","postcode":65923,"coordinates":{"latitude":"56.3936","longitude":"117.7775"},"timezone":{"offset":"-1:00","description":"Azores, Cape Verde Islands"}},"email":"valeria.sijan@example.com","login":{"uuid":"ea663891-9b34-416a-9d4b-9257513f6e97","username":"sadmeercat222","password":"darlene","salt":"TnsexNhZ","md5":"c19bc3610cced6182312cff9a8e22095","sha1":"fb181e42df9e9a996da1485baa6b36df536b7553","sha256":"445701c40a9cce4b65fa22e4114a8a0fb4d37eb52b893619ad89e7efe781028d"},"dob":{"date":"1963-04-10T13:50:16.949Z","age":61},"registered":{"date":"2011-03-15T18:25:57.600Z","age":13},"phone":"012-9486-409","cell":"064-8634-414","id":{"name":"SID","value":"245354863"},"picture":{"large":"https://randomuser.me/api/portraits/women/34.jpg","medium":"https://randomuser.me/api/portraits/med/women/34.jpg","thumbnail":"https://randomuser.me/api/portraits/thumb/women/34.jpg"},"nat":"RS"}],"info":{"seed":"0aaafdc9d932fe34","results":1,"page":1,"version":"1.4"}} 
 </msg>
<msg time="2024-05-07T16:16:23.639227" level="INFO">/opt/hostedtoolcache/Python/3.12.3/x64/lib/python3.12/site-packages/urllib3/connectionpool.py:1103: InsecureRequestWarning: Unverified HTTPS request is being made to host 'randomuser.me'. Adding certificate verification is strongly advised. See: https://urllib3.readthedocs.io/en/latest/advanced-usage.html#tls-warnings
  warnings.warn(</msg>
<msg time="2024-05-07T16:16:23.639318" level="INFO">${response} = &lt;Response [200]&gt;</msg>
<var>${response}</var>
<arg>consultarAPI</arg>
<arg>/api</arg>
<doc>Sends a GET request on a previously created HTTP Session.</doc>
<status status="PASS" start="2024-05-07T16:16:23.543110" elapsed="0.096248"/>
</kw>
<kw name="Set Variable" owner="BuiltIn">
<msg time="2024-05-07T16:16:23.640267" level="INFO">${json_data} = {'results': [{'gender': 'female', 'name': {'title': 'Mrs', 'first': 'Valeria', 'last': 'Šijan'}, 'location': {'street': {'number': 1909, 'name': 'Miodraga Popovića'}, 'city': 'Opovo', 'state': 'Centra...</msg>
<var>${json_data}</var>
<arg>${response.json()}</arg>
<doc>Returns the given values which can then be assigned to a variables.</doc>
<status status="PASS" start="2024-05-07T16:16:23.639797" elapsed="0.000501"/>
</kw>
<kw name="Set Variable" owner="BuiltIn">
<msg time="2024-05-07T16:16:23.641007" level="INFO">${name_title} = Mrs</msg>
<var>${name_title}</var>
<arg>${json_data["results"][0]["name"]["title"]}</arg>
<doc>Returns the given values which can then be assigned to a variables.</doc>
<status status="PASS" start="2024-05-07T16:16:23.640608" elapsed="0.000425"/>
</kw>
<kw name="Create List" owner="BuiltIn">
<msg time="2024-05-07T16:16:23.641488" level="INFO">${allowed_titles} = ['Mr', 'Ms', 'Miss', 'Mrs', 'Madame', 'Monsieur']</msg>
<var>${allowed_titles}</var>
<arg>Mr</arg>
<arg>Ms</arg>
<arg>Miss</arg>
<arg>Mrs</arg>
<arg>Madame</arg>
<arg>Monsieur</arg>
<doc>Returns a list containing given items.</doc>
<status status="PASS" start="2024-05-07T16:16:23.641338" elapsed="0.000175"/>
</kw>
<kw name="List Should Contain Value" owner="Collections">
<msg time="2024-05-07T16:16:23.641995" level="INFO">False</msg>
<arg>${allowed_titles}</arg>
<arg>${name_title}</arg>
<doc>Fails if the ``value`` is not found from ``list``.</doc>
<status status="PASS" start="2024-05-07T16:16:23.641821" elapsed="0.000211"/>
</kw>
<kw name="Set Variable" owner="BuiltIn">
<msg time="2024-05-07T16:16:23.642757" level="INFO">${name_country} = RS</msg>
<var>${name_country}</var>
<arg>${json_data["results"][0]["nat"]}</arg>
<doc>Returns the given values which can then be assigned to a variables.</doc>
<status status="PASS" start="2024-05-07T16:16:23.642330" elapsed="0.000452"/>
</kw>
<kw name="Create List" owner="BuiltIn">
<msg time="2024-05-07T16:16:23.643684" level="INFO">${list_country} = ['AD', 'AE', 'AF', 'AG', 'AI', 'AL', 'AM', 'AO', 'AQ', 'AR', 'AS', 'AT', 'AU', 'AW', 'AX', 'AZ', 'BA', 'BB', 'BD', 'BE', 'BF', 'BG', 'BH', 'BI', 'BJ', 'BL', 'BM', 'BN', 'BO', 'BQ', 'BR', 'BS', 'BT', '...</msg>
<var>${list_country}</var>
<arg>AD</arg>
<arg>AE</arg>
<arg>AF</arg>
<arg>AG</arg>
<arg>AI</arg>
<arg>AL</arg>
<arg>AM</arg>
<arg>AO</arg>
<arg>AQ</arg>
<arg>AR</arg>
<arg>AS</arg>
<arg>AT</arg>
<arg>AU</arg>
<arg>AW</arg>
<arg>AX</arg>
<arg>AZ</arg>
<arg>BA</arg>
<arg>BB</arg>
<arg>BD</arg>
<arg>BE</arg>
<arg>BF</arg>
<arg>BG</arg>
<arg>BH</arg>
<arg>BI</arg>
<arg>BJ</arg>
<arg>BL</arg>
<arg>BM</arg>
<arg>BN</arg>
<arg>BO</arg>
<arg>BQ</arg>
<arg>BR</arg>
<arg>BS</arg>
<arg>BT</arg>
<arg>BV</arg>
<arg>BW</arg>
<arg>BY</arg>
<arg>BZ</arg>
<arg>CA</arg>
<arg>CC</arg>
<arg>CD</arg>
<arg>CF</arg>
<arg>CG</arg>
<arg>CH</arg>
<arg>CI</arg>
<arg>CK</arg>
<arg>CL</arg>
<arg>CM</arg>
<arg>CN</arg>
<arg>CO</arg>
<arg>CR</arg>
<arg>CU</arg>
<arg>CV</arg>
<arg>CW</arg>
<arg>CX</arg>
<arg>CY</arg>
<arg>CZ</arg>
<arg>DE</arg>
<arg>DJ</arg>
<arg>DK</arg>
<arg>DM</arg>
<arg>DO</arg>
<arg>DZ</arg>
<arg>EC</arg>
<arg>EE</arg>
<arg>EG</arg>
<arg>EH</arg>
<arg>ER</arg>
<arg>ES</arg>
<arg>ET</arg>
<arg>FI</arg>
<arg>FJ</arg>
<arg>FK</arg>
<arg>FM</arg>
<arg>FO</arg>
<arg>FR</arg>
<arg>GA</arg>
<arg>GB</arg>
<arg>GD</arg>
<arg>GE</arg>
<arg>GF</arg>
<arg>GG</arg>
<arg>GH</arg>
<arg>GI</arg>
<arg>GL</arg>
<arg>GM</arg>
<arg>GN</arg>
<arg>GP</arg>
<arg>GQ</arg>
<arg>GR</arg>
<arg>GS</arg>
<arg>GT</arg>
<arg>GU</arg>
<arg>GW</arg>
<arg>GY</arg>
<arg>HK</arg>
<arg>HM</arg>
<arg>HN</arg>
<arg>HR</arg>
<arg>HT</arg>
<arg>HU</arg>
<arg>ID</arg>
<arg>IE</arg>
<arg>IL</arg>
<arg>IM</arg>
<arg>IN</arg>
<arg>IO</arg>
<arg>IQ</arg>
<arg>IR</arg>
<arg>IS</arg>
<arg>IT</arg>
<arg>JE</arg>
<arg>JM</arg>
<arg>JO</arg>
<arg>JP</arg>
<arg>KE</arg>
<arg>KG</arg>
<arg>KH</arg>
<arg>KI</arg>
<arg>KM</arg>
<arg>KN</arg>
<arg>KP</arg>
<arg>KR</arg>
<arg>KW</arg>
<arg>KY</arg>
<arg>KZ</arg>
<arg>LA</arg>
<arg>LB</arg>
<arg>LC</arg>
<arg>LI</arg>
<arg>LK</arg>
<arg>LR</arg>
<arg>LS</arg>
<arg>LT</arg>
<arg>LU</arg>
<arg>LV</arg>
<arg>LY</arg>
<arg>MA</arg>
<arg>MC</arg>
<arg>MD</arg>
<arg>ME</arg>
<arg>MF</arg>
<arg>MG</arg>
<arg>MH</arg>
<arg>MK</arg>
<arg>ML</arg>
<arg>MM</arg>
<arg>MN</arg>
<arg>MO</arg>
<arg>MP</arg>
<arg>MQ</arg>
<arg>MR</arg>
<arg>MS</arg>
<arg>MT</arg>
<arg>MU</arg>
<arg>MV</arg>
<arg>MW</arg>
<arg>MX</arg>
<arg>MY</arg>
<arg>MZ</arg>
<arg>NA</arg>
<arg>NC</arg>
<arg>NE</arg>
<arg>NF</arg>
<arg>NG</arg>
<arg>NI</arg>
<arg>NL</arg>
<arg>NO</arg>
<arg>NP</arg>
<arg>NR</arg>
<arg>NU</arg>
<arg>NZ</arg>
<arg>OM</arg>
<arg>PA</arg>
<arg>PE</arg>
<arg>PF</arg>
<arg>PG</arg>
<arg>PH</arg>
<arg>PK</arg>
<arg>PL</arg>
<arg>PM</arg>
<arg>PN</arg>
<arg>PR</arg>
<arg>PS</arg>
<arg>PT</arg>
<arg>PW</arg>
<arg>PY</arg>
<arg>QA</arg>
<arg>RE</arg>
<arg>RO</arg>
<arg>RS</arg>
<arg>RU</arg>
<arg>RW</arg>
<arg>SA</arg>
<arg>SB</arg>
<arg>SC</arg>
<arg>SD</arg>
<arg>SE</arg>
<arg>SG</arg>
<arg>SH</arg>
<arg>SI</arg>
<arg>SJ</arg>
<arg>SK</arg>
<arg>SL</arg>
<arg>SM</arg>
<arg>SN</arg>
<arg>SO</arg>
<arg>SR</arg>
<arg>SS</arg>
<arg>ST</arg>
<arg>SV</arg>
<arg>SX</arg>
<arg>SY</arg>
<arg>SZ</arg>
<arg>TC</arg>
<arg>TD</arg>
<arg>TF</arg>
<arg>TG</arg>
<arg>TH</arg>
<arg>TJ</arg>
<arg>TK</arg>
<arg>TL</arg>
<arg>TM</arg>
<arg>TN</arg>
<arg>TO</arg>
<arg>TR</arg>
<arg>TT</arg>
<arg>TV</arg>
<arg>TW</arg>
<arg>TZ</arg>
<arg>UA</arg>
<arg>UG</arg>
<arg>UM</arg>
<arg>US</arg>
<arg>UY</arg>
<arg>UZ</arg>
<arg>VA</arg>
<arg>VC</arg>
<arg>VE</arg>
<arg>VG</arg>
<arg>VI</arg>
<arg>VN</arg>
<arg>VU</arg>
<arg>WF</arg>
<arg>WS</arg>
<arg>XK</arg>
<arg>YE</arg>
<arg>YT</arg>
<arg>ZA</arg>
<arg>ZM</arg>
<arg>ZW</arg>
<doc>Returns a list containing given items.</doc>
<status status="PASS" start="2024-05-07T16:16:23.643091" elapsed="0.000619"/>
</kw>
<kw name="List Should Contain Value" owner="Collections">
<msg time="2024-05-07T16:16:23.644710" level="INFO">False</msg>
<arg>${list_country}</arg>
<arg>${name_country}</arg>
<doc>Fails if the ``value`` is not found from ``list``.</doc>
<status status="PASS" start="2024-05-07T16:16:23.644508" elapsed="0.000239"/>
</kw>
<kw name="Run Keyword If" owner="BuiltIn">
<kw name="Should Be True" owner="BuiltIn">
<arg>${True}</arg>
<doc>Fails if the given condition is not true.</doc>
<status status="PASS" start="2024-05-07T16:16:23.645827" elapsed="0.000248"/>
</kw>
<arg>${json_data["results"][0]["location"]["coordinates"]["latitude"]} &gt;= -90 and ${json_data["results"][0]["location"]["coordinates"]["latitude"]} &lt;= 90</arg>
<arg>Should Be True</arg>
<arg>${True}</arg>
<doc>Runs the given keyword with the given arguments, if ``condition`` is true.</doc>
<status status="PASS" start="2024-05-07T16:16:23.645066" elapsed="0.001145"/>
</kw>
<kw name="Run Keyword If" owner="BuiltIn">
<kw name="Should Be True" owner="BuiltIn">
<arg>${True}</arg>
<doc>Fails if the given condition is not true.</doc>
<status status="PASS" start="2024-05-07T16:16:23.647156" elapsed="0.000141"/>
</kw>
<arg>${json_data["results"][0]["location"]["coordinates"]["longitude"]} &gt;= -180 and ${json_data["results"][0]["location"]["coordinates"]["longitude"]} &lt;= 180</arg>
<arg>Should Be True</arg>
<arg>${True}</arg>
<doc>Runs the given keyword with the given arguments, if ``condition`` is true.</doc>
<status status="PASS" start="2024-05-07T16:16:23.646431" elapsed="0.000992"/>
</kw>
<status status="PASS" start="2024-05-07T16:16:23.542886" elapsed="0.104667"/>
</kw>
<doc>Testa o conteúdo específico dos campos retornados pela API.</doc>
<tag>testeConteudo</tag>
<status status="PASS" start="2024-05-07T16:16:23.542376" elapsed="0.105319"/>
</test>
<status status="PASS" start="2024-05-07T16:16:22.770132" elapsed="0.879492"/>
</suite>
<status status="PASS" start="2024-05-07T16:16:22.756671" elapsed="0.898087"/>
</suite>
<statistics>
<total>
<stat pass="5" fail="0" skip="0">All Tests</stat>
</total>
<tag>
<stat pass="1" fail="0" skip="0">testeConteudo</stat>
<stat pass="1" fail="0" skip="0">testeEstruturaResposta</stat>
<stat pass="1" fail="0" skip="0">testeRequisicaoBasica</stat>
<stat pass="1" fail="0" skip="0">testeTiposDados</stat>
</tag>
<suite>
<stat pass="5" fail="0" skip="0" id="s1" name="Tests">Tests</stat>
<stat pass="5" fail="0" skip="0" id="s1-s1" name="Random-User-Test">Tests.Random-User-Test</stat>
</suite>
</statistics>
<errors>
</errors>
</robot>
