<?xml version="1.0" encoding="UTF-8"?>
<robot generator="Robot 7.0.1 (Python 3.12.4 on linux)" generated="2024-07-17T18:20:07.119851" rpa="false" schemaversion="5">
<suite id="s1" name="Tests" source="/home/runner/work/ApiRandomUser/ApiRandomUser/RamdonUser/tests">
<suite id="s1-s1" name="Random-User-Test" source="/home/runner/work/ApiRandomUser/ApiRandomUser/RamdonUser/tests/random-user-test.robot">
<test id="s1-s1-t1" name="Conectar" line="13">
<kw name="Conectar API" owner="random-user-service">
<kw name="Create Session" owner="RequestsLibrary">
<msg time="2024-07-17T18:20:07.507680" level="INFO">Creating Session using : alias=consultarAPI, url=https://randomuser.me/, headers={},                     cookies={}, auth=None, timeout=None, proxies=None, verify=False,                     debug=0 </msg>
<arg>consultarAPI</arg>
<arg>${URL}</arg>
<doc>Create Session: create a HTTP session to a server</doc>
<status status="PASS" start="2024-07-17T18:20:07.507477" elapsed="0.000375"/>
</kw>
<status status="PASS" start="2024-07-17T18:20:07.506532" elapsed="0.001679"/>
</kw>
<status status="PASS" start="2024-07-17T18:20:07.506009" elapsed="0.002397"/>
</test>
<test id="s1-s1-t2" name="Validar retorno 200 e JSON Válido" line="16">
<kw name="Teste de Requisicao Basica" owner="random-user-service">
<kw name="GET On Session" owner="RequestsLibrary">
<msg time="2024-07-17T18:20:07.667796" level="INFO">GET Request : url=https://randomuser.me/api 
 path_url=/api 
 headers={'User-Agent': 'python-requests/2.32.3', 'Accept-Encoding': 'gzip, deflate', 'Accept': '*/*', 'Connection': 'keep-alive'} 
 body=None 
 </msg>
<msg time="2024-07-17T18:20:07.667961" level="INFO">GET Response : url=https://randomuser.me/api 
 status=200, reason=OK 
 headers={'Date': 'Wed, 17 Jul 2024 18:20:07 GMT', 'Content-Type': 'application/json; charset=utf-8', 'Transfer-Encoding': 'chunked', 'Connection': 'keep-alive', 'X-Powered-By': 'Express', 'Access-Control-Allow-Origin': '*', 'Cache-Control': 'no-cache', 'ETag': 'W/"481-nSi50c5O8U3fXLJn/ZQdrnsqhgA"', 'Vary': 'Accept-Encoding', 'Content-Encoding': 'gzip', 'CF-Cache-Status': 'DYNAMIC', 'Report-To': '{"endpoints":[{"url":"https:\\/\\/a.nel.cloudflare.com\\/report\\/v4?s=fU7J9d%2BeLuRLEQIk8plOoVgxPa4bD9w2SQyRc4AeSwwoOdX8xSBL9qzopYwk2ssYerWAtMf1SeCBgy7EdXk23KiFRA4ODAWnXejNSAIAL4BoO4H9ipv0kUOYm%2Fkij%2FXJ"}],"group":"cf-nel","max_age":604800}', 'NEL': '{"success_fraction":0,"report_to":"cf-nel","max_age":604800}', 'Server': 'cloudflare', 'CF-RAY': '8a4c3e834b79312b-LAX', 'alt-svc': 'h3=":443"; ma=86400'} 
 body={"results":[{"gender":"male","name":{"title":"Mr","first":"Yaroslav","last":"Oleskiv"},"location":{"street":{"number":478,"name":"Zagirna"},"city":"Dnipro","state":"Hmelnicka","country":"Ukraine","postcode":60450,"coordinates":{"latitude":"80.0912","longitude":"-167.6459"},"timezone":{"offset":"+1:00","description":"Brussels, Copenhagen, Madrid, Paris"}},"email":"yaroslav.oleskiv@example.com","login":{"uuid":"f97054e8-e3c9-495d-b2e2-6084392c1a05","username":"whitecat452","password":"bella1","salt":"3oXMMuZD","md5":"ffc345bf66c0724c99fd50ef0da14ea1","sha1":"0478c3c717b781b3cc97820c999c75b61b4393dc","sha256":"6942dbaffdb2eb0321406aaeb6bb1fcf6db083c07709bc28825c361637758bc1"},"dob":{"date":"1947-06-12T07:22:32.143Z","age":77},"registered":{"date":"2013-05-28T22:21:43.492Z","age":11},"phone":"(067) P17-0603","cell":"(066) Z33-6217","id":{"name":"","value":null},"picture":{"large":"https://randomuser.me/api/portraits/men/25.jpg","medium":"https://randomuser.me/api/portraits/med/men/25.jpg","thumbnail":"https://randomuser.me/api/portraits/thumb/men/25.jpg"},"nat":"UA"}],"info":{"seed":"c81eeb067a338ade","results":1,"page":1,"version":"1.4"}} 
 </msg>
<msg time="2024-07-17T18:20:07.668056" level="INFO">/opt/hostedtoolcache/Python/3.12.4/x64/lib/python3.12/site-packages/urllib3/connectionpool.py:1099: InsecureRequestWarning: Unverified HTTPS request is being made to host 'randomuser.me'. Adding certificate verification is strongly advised. See: https://urllib3.readthedocs.io/en/latest/advanced-usage.html#tls-warnings
  warnings.warn(</msg>
<msg time="2024-07-17T18:20:07.668222" level="INFO">${response} = &lt;Response [200]&gt;</msg>
<var>${response}</var>
<arg>consultarAPI</arg>
<arg>/api</arg>
<doc>Sends a GET request on a previously created HTTP Session.</doc>
<status status="PASS" start="2024-07-17T18:20:07.511011" elapsed="0.157260"/>
</kw>
<kw name="Should Be Equal As Numbers" owner="BuiltIn">
<msg time="2024-07-17T18:20:07.669617" level="INFO">Argument types are:
&lt;class 'int'&gt;
&lt;class 'str'&gt;</msg>
<arg>${response.status_code}</arg>
<arg>200</arg>
<doc>Fails if objects are unequal after converting them to real numbers.</doc>
<status status="PASS" start="2024-07-17T18:20:07.669057" elapsed="0.000631"/>
</kw>
<kw name="Log" owner="BuiltIn">
<msg time="2024-07-17T18:20:07.670435" level="INFO">200</msg>
<arg>${response.status_code}</arg>
<doc>Logs the given message with the given level.</doc>
<status status="PASS" start="2024-07-17T18:20:07.670059" elapsed="0.000423"/>
</kw>
<kw name="Set Variable" owner="BuiltIn">
<msg time="2024-07-17T18:20:07.671272" level="INFO">${json_data} = {'results': [{'gender': 'male', 'name': {'title': 'Mr', 'first': 'Yaroslav', 'last': 'Oleskiv'}, 'location': {'street': {'number': 478, 'name': 'Zagirna'}, 'city': 'Dnipro', 'state': 'Hmelnicka', 'cou...</msg>
<var>${json_data}</var>
<arg>${response.json()}</arg>
<doc>Returns the given values which can then be assigned to a variables.</doc>
<status status="PASS" start="2024-07-17T18:20:07.670817" elapsed="0.000484"/>
</kw>
<kw name="Dictionary Should Contain Key" owner="Collections">
<arg>${json_data}</arg>
<arg>results</arg>
<doc>Fails if ``key`` is not found from ``dictionary``.</doc>
<status status="PASS" start="2024-07-17T18:20:07.671618" elapsed="0.000171"/>
</kw>
<status status="PASS" start="2024-07-17T18:20:07.510750" elapsed="0.161194"/>
</kw>
<doc>Testa se a API responde corretamente e retorna um objeto JSON válido.</doc>
<tag>testeRequisicaoBasica</tag>
<status status="PASS" start="2024-07-17T18:20:07.510304" elapsed="0.161831"/>
</test>
<test id="s1-s1-t3" name="Validar estrutura de resposta" line="22">
<kw name="Teste de Estrutura de Resposta" owner="random-user-service">
<kw name="GET On Session" owner="RequestsLibrary">
<msg time="2024-07-17T18:20:07.783747" level="INFO">GET Request : url=https://randomuser.me/api 
 path_url=/api 
 headers={'User-Agent': 'python-requests/2.32.3', 'Accept-Encoding': 'gzip, deflate', 'Accept': '*/*', 'Connection': 'keep-alive'} 
 body=None 
 </msg>
<msg time="2024-07-17T18:20:07.783853" level="INFO">GET Response : url=https://randomuser.me/api 
 status=200, reason=OK 
 headers={'Date': 'Wed, 17 Jul 2024 18:20:07 GMT', 'Content-Type': 'application/json; charset=utf-8', 'Transfer-Encoding': 'chunked', 'Connection': 'keep-alive', 'X-Powered-By': 'Express', 'Access-Control-Allow-Origin': '*', 'Cache-Control': 'no-cache', 'ETag': 'W/"487-vhAU9yo1B84blkXZboe2Q4n6CDQ"', 'Vary': 'Accept-Encoding', 'Content-Encoding': 'gzip', 'CF-Cache-Status': 'DYNAMIC', 'Report-To': '{"endpoints":[{"url":"https:\\/\\/a.nel.cloudflare.com\\/report\\/v4?s=U7wN5O35OKzy%2FNF8ol4yxCvszD3dLTCMm4oJ6XJavpbtGxcWk1eKEvhN6lgnXKe0NhIG0thNAjwtDd7VVZ1KOiAWxSdfDf6N5hZQQ2QmpkNzuYsReasV%2BEQr3xK2W4H7"}],"group":"cf-nel","max_age":604800}', 'NEL': '{"success_fraction":0,"report_to":"cf-nel","max_age":604800}', 'Server': 'cloudflare', 'CF-RAY': '8a4c3e83fc36312b-LAX', 'alt-svc': 'h3=":443"; ma=86400'} 
 body={"results":[{"gender":"female","name":{"title":"Ms","first":"Sarah","last":"Reinertsen"},"location":{"street":{"number":2345,"name":"Jarlsborgveien"},"city":"Ramsøy","state":"Akershus","country":"Norway","postcode":"2443","coordinates":{"latitude":"43.3841","longitude":"74.3235"},"timezone":{"offset":"-8:00","description":"Pacific Time (US &amp; Canada)"}},"email":"sarah.reinertsen@example.com","login":{"uuid":"dad23690-a5cb-4328-8292-5f90ec6929b5","username":"bluegoose948","password":"medical","salt":"wXUnlGbi","md5":"d4ae50ed95dd28bfb666c2deed04becf","sha1":"aebf45621886064acba5cefa9dcbd9c22ec289fb","sha256":"247cc11f1ab40fc34e0d65f43cc0575b171bfbebb38514130a1fd5a7276d58f0"},"dob":{"date":"1979-10-22T07:11:30.614Z","age":44},"registered":{"date":"2003-03-13T08:16:30.149Z","age":21},"phone":"73515739","cell":"40567413","id":{"name":"FN","value":"22107917822"},"picture":{"large":"https://randomuser.me/api/portraits/women/88.jpg","medium":"https://randomuser.me/api/portraits/med/women/88.jpg","thumbnail":"https://randomuser.me/api/portraits/thumb/women/88.jpg"},"nat":"NO"}],"info":{"seed":"4e4f44c07c8879ca","results":1,"page":1,"version":"1.4"}} 
 </msg>
<msg time="2024-07-17T18:20:07.784016" level="INFO">/opt/hostedtoolcache/Python/3.12.4/x64/lib/python3.12/site-packages/urllib3/connectionpool.py:1099: InsecureRequestWarning: Unverified HTTPS request is being made to host 'randomuser.me'. Adding certificate verification is strongly advised. See: https://urllib3.readthedocs.io/en/latest/advanced-usage.html#tls-warnings
  warnings.warn(</msg>
<msg time="2024-07-17T18:20:07.784136" level="INFO">${response} = &lt;Response [200]&gt;</msg>
<var>${response}</var>
<arg>consultarAPI</arg>
<arg>/api</arg>
<doc>Sends a GET request on a previously created HTTP Session.</doc>
<status status="PASS" start="2024-07-17T18:20:07.674951" elapsed="0.109227"/>
</kw>
<kw name="Set Variable" owner="BuiltIn">
<msg time="2024-07-17T18:20:07.785453" level="INFO">${json_data} = {'results': [{'gender': 'female', 'name': {'title': 'Ms', 'first': 'Sarah', 'last': 'Reinertsen'}, 'location': {'street': {'number': 2345, 'name': 'Jarlsborgveien'}, 'city': 'Ramsøy', 'state': 'Akersh...</msg>
<var>${json_data}</var>
<arg>${response.json()}</arg>
<doc>Returns the given values which can then be assigned to a variables.</doc>
<status status="PASS" start="2024-07-17T18:20:07.784796" elapsed="0.000687"/>
</kw>
<kw name="Log" owner="BuiltIn">
<msg time="2024-07-17T18:20:07.785962" level="INFO">{'results': [{'gender': 'female', 'name': {'title': 'Ms', 'first': 'Sarah', 'last': 'Reinertsen'}, 'location': {'street': {'number': 2345, 'name': 'Jarlsborgveien'}, 'city': 'Ramsøy', 'state': 'Akershus', 'country': 'Norway', 'postcode': '2443', 'coordinates': {'latitude': '43.3841', 'longitude': '74.3235'}, 'timezone': {'offset': '-8:00', 'description': 'Pacific Time (US &amp; Canada)'}}, 'email': 'sarah.reinertsen@example.com', 'login': {'uuid': 'dad23690-a5cb-4328-8292-5f90ec6929b5', 'username': 'bluegoose948', 'password': 'medical', 'salt': 'wXUnlGbi', 'md5': 'd4ae50ed95dd28bfb666c2deed04becf', 'sha1': 'aebf45621886064acba5cefa9dcbd9c22ec289fb', 'sha256': '247cc11f1ab40fc34e0d65f43cc0575b171bfbebb38514130a1fd5a7276d58f0'}, 'dob': {'date': '1979-10-22T07:11:30.614Z', 'age': 44}, 'registered': {'date': '2003-03-13T08:16:30.149Z', 'age': 21}, 'phone': '73515739', 'cell': '40567413', 'id': {'name': 'FN', 'value': '22107917822'}, 'picture': {'large': 'https://randomuser.me/api/portraits/women/88.jpg', 'medium': 'https://randomuser.me/api/portraits/med/women/88.jpg', 'thumbnail': 'https://randomuser.me/api/portraits/thumb/women/88.jpg'}, 'nat': 'NO'}], 'info': {'seed': '4e4f44c07c8879ca', 'results': 1, 'page': 1, 'version': '1.4'}}</msg>
<arg>${json_data}</arg>
<doc>Logs the given message with the given level.</doc>
<status status="PASS" start="2024-07-17T18:20:07.785799" elapsed="0.000226"/>
</kw>
<kw name="Dictionary Should Contain Key" owner="Collections">
<arg>${json_data}</arg>
<arg>results</arg>
<doc>Fails if ``key`` is not found from ``dictionary``.</doc>
<status status="PASS" start="2024-07-17T18:20:07.786321" elapsed="0.000160"/>
</kw>
<kw name="Should Not Be Empty" owner="BuiltIn">
<msg time="2024-07-17T18:20:07.786802" level="INFO">Length is 2.</msg>
<arg>${json_data}</arg>
<doc>Verifies that the given item is not empty.</doc>
<status status="PASS" start="2024-07-17T18:20:07.786666" elapsed="0.000176"/>
</kw>
<kw name="Create List" owner="BuiltIn">
<msg time="2024-07-17T18:20:07.787433" level="INFO">${expected_keys} = ['gender', 'name', 'location', 'email', 'login']</msg>
<var>${expected_keys}</var>
<arg>gender</arg>
<arg>name</arg>
<arg>location</arg>
<arg>email</arg>
<arg>login</arg>
<doc>Returns a list containing given items.</doc>
<status status="PASS" start="2024-07-17T18:20:07.787133" elapsed="0.000326"/>
</kw>
<for flavor="IN">
<iter>
<kw name="Dictionary Should Contain Key" owner="Collections">
<arg>${json_data['results'][0]}</arg>
<arg>${key}</arg>
<doc>Fails if ``key`` is not found from ``dictionary``.</doc>
<status status="PASS" start="2024-07-17T18:20:07.788057" elapsed="0.000414"/>
</kw>
<kw name="Log" owner="BuiltIn">
<msg time="2024-07-17T18:20:07.789086" level="INFO">{'gender': 'female', 'name': {'title': 'Ms', 'first': 'Sarah', 'last': 'Reinertsen'}, 'location': {'street': {'number': 2345, 'name': 'Jarlsborgveien'}, 'city': 'Ramsøy', 'state': 'Akershus', 'country': 'Norway', 'postcode': '2443', 'coordinates': {'latitude': '43.3841', 'longitude': '74.3235'}, 'timezone': {'offset': '-8:00', 'description': 'Pacific Time (US &amp; Canada)'}}, 'email': 'sarah.reinertsen@example.com', 'login': {'uuid': 'dad23690-a5cb-4328-8292-5f90ec6929b5', 'username': 'bluegoose948', 'password': 'medical', 'salt': 'wXUnlGbi', 'md5': 'd4ae50ed95dd28bfb666c2deed04becf', 'sha1': 'aebf45621886064acba5cefa9dcbd9c22ec289fb', 'sha256': '247cc11f1ab40fc34e0d65f43cc0575b171bfbebb38514130a1fd5a7276d58f0'}, 'dob': {'date': '1979-10-22T07:11:30.614Z', 'age': 44}, 'registered': {'date': '2003-03-13T08:16:30.149Z', 'age': 21}, 'phone': '73515739', 'cell': '40567413', 'id': {'name': 'FN', 'value': '22107917822'}, 'picture': {'large': 'https://randomuser.me/api/portraits/women/88.jpg', 'medium': 'https://randomuser.me/api/portraits/med/women/88.jpg', 'thumbnail': 'https://randomuser.me/api/portraits/thumb/women/88.jpg'}, 'nat': 'NO'}</msg>
<arg>${json_data['results'][0]}</arg>
<doc>Logs the given message with the given level.</doc>
<status status="PASS" start="2024-07-17T18:20:07.788712" elapsed="0.000427"/>
</kw>
<kw name="Log" owner="BuiltIn">
<msg time="2024-07-17T18:20:07.789578" level="INFO">gender</msg>
<arg>${key}</arg>
<doc>Logs the given message with the given level.</doc>
<status status="PASS" start="2024-07-17T18:20:07.789447" elapsed="0.000169"/>
</kw>
<var name="${key}">gender</var>
<status status="PASS" start="2024-07-17T18:20:07.787930" elapsed="0.001913"/>
</iter>
<iter>
<kw name="Dictionary Should Contain Key" owner="Collections">
<arg>${json_data['results'][0]}</arg>
<arg>${key}</arg>
<doc>Fails if ``key`` is not found from ``dictionary``.</doc>
<status status="PASS" start="2024-07-17T18:20:07.790146" elapsed="0.000393"/>
</kw>
<kw name="Log" owner="BuiltIn">
<msg time="2024-07-17T18:20:07.791076" level="INFO">{'gender': 'female', 'name': {'title': 'Ms', 'first': 'Sarah', 'last': 'Reinertsen'}, 'location': {'street': {'number': 2345, 'name': 'Jarlsborgveien'}, 'city': 'Ramsøy', 'state': 'Akershus', 'country': 'Norway', 'postcode': '2443', 'coordinates': {'latitude': '43.3841', 'longitude': '74.3235'}, 'timezone': {'offset': '-8:00', 'description': 'Pacific Time (US &amp; Canada)'}}, 'email': 'sarah.reinertsen@example.com', 'login': {'uuid': 'dad23690-a5cb-4328-8292-5f90ec6929b5', 'username': 'bluegoose948', 'password': 'medical', 'salt': 'wXUnlGbi', 'md5': 'd4ae50ed95dd28bfb666c2deed04becf', 'sha1': 'aebf45621886064acba5cefa9dcbd9c22ec289fb', 'sha256': '247cc11f1ab40fc34e0d65f43cc0575b171bfbebb38514130a1fd5a7276d58f0'}, 'dob': {'date': '1979-10-22T07:11:30.614Z', 'age': 44}, 'registered': {'date': '2003-03-13T08:16:30.149Z', 'age': 21}, 'phone': '73515739', 'cell': '40567413', 'id': {'name': 'FN', 'value': '22107917822'}, 'picture': {'large': 'https://randomuser.me/api/portraits/women/88.jpg', 'medium': 'https://randomuser.me/api/portraits/med/women/88.jpg', 'thumbnail': 'https://randomuser.me/api/portraits/thumb/women/88.jpg'}, 'nat': 'NO'}</msg>
<arg>${json_data['results'][0]}</arg>
<doc>Logs the given message with the given level.</doc>
<status status="PASS" start="2024-07-17T18:20:07.790725" elapsed="0.000435"/>
</kw>
<kw name="Log" owner="BuiltIn">
<msg time="2024-07-17T18:20:07.791592" level="INFO">name</msg>
<arg>${key}</arg>
<doc>Logs the given message with the given level.</doc>
<status status="PASS" start="2024-07-17T18:20:07.791463" elapsed="0.000168"/>
</kw>
<var name="${key}">name</var>
<status status="PASS" start="2024-07-17T18:20:07.790032" elapsed="0.001819"/>
</iter>
<iter>
<kw name="Dictionary Should Contain Key" owner="Collections">
<arg>${json_data['results'][0]}</arg>
<arg>${key}</arg>
<doc>Fails if ``key`` is not found from ``dictionary``.</doc>
<status status="PASS" start="2024-07-17T18:20:07.792140" elapsed="0.000423"/>
</kw>
<kw name="Log" owner="BuiltIn">
<msg time="2024-07-17T18:20:07.793116" level="INFO">{'gender': 'female', 'name': {'title': 'Ms', 'first': 'Sarah', 'last': 'Reinertsen'}, 'location': {'street': {'number': 2345, 'name': 'Jarlsborgveien'}, 'city': 'Ramsøy', 'state': 'Akershus', 'country': 'Norway', 'postcode': '2443', 'coordinates': {'latitude': '43.3841', 'longitude': '74.3235'}, 'timezone': {'offset': '-8:00', 'description': 'Pacific Time (US &amp; Canada)'}}, 'email': 'sarah.reinertsen@example.com', 'login': {'uuid': 'dad23690-a5cb-4328-8292-5f90ec6929b5', 'username': 'bluegoose948', 'password': 'medical', 'salt': 'wXUnlGbi', 'md5': 'd4ae50ed95dd28bfb666c2deed04becf', 'sha1': 'aebf45621886064acba5cefa9dcbd9c22ec289fb', 'sha256': '247cc11f1ab40fc34e0d65f43cc0575b171bfbebb38514130a1fd5a7276d58f0'}, 'dob': {'date': '1979-10-22T07:11:30.614Z', 'age': 44}, 'registered': {'date': '2003-03-13T08:16:30.149Z', 'age': 21}, 'phone': '73515739', 'cell': '40567413', 'id': {'name': 'FN', 'value': '22107917822'}, 'picture': {'large': 'https://randomuser.me/api/portraits/women/88.jpg', 'medium': 'https://randomuser.me/api/portraits/med/women/88.jpg', 'thumbnail': 'https://randomuser.me/api/portraits/thumb/women/88.jpg'}, 'nat': 'NO'}</msg>
<arg>${json_data['results'][0]}</arg>
<doc>Logs the given message with the given level.</doc>
<status status="PASS" start="2024-07-17T18:20:07.792758" elapsed="0.000408"/>
</kw>
<kw name="Log" owner="BuiltIn">
<msg time="2024-07-17T18:20:07.793597" level="INFO">location</msg>
<arg>${key}</arg>
<doc>Logs the given message with the given level.</doc>
<status status="PASS" start="2024-07-17T18:20:07.793467" elapsed="0.000168"/>
</kw>
<var name="${key}">location</var>
<status status="PASS" start="2024-07-17T18:20:07.792030" elapsed="0.001822"/>
</iter>
<iter>
<kw name="Dictionary Should Contain Key" owner="Collections">
<arg>${json_data['results'][0]}</arg>
<arg>${key}</arg>
<doc>Fails if ``key`` is not found from ``dictionary``.</doc>
<status status="PASS" start="2024-07-17T18:20:07.794131" elapsed="0.000390"/>
</kw>
<kw name="Log" owner="BuiltIn">
<msg time="2024-07-17T18:20:07.795051" level="INFO">{'gender': 'female', 'name': {'title': 'Ms', 'first': 'Sarah', 'last': 'Reinertsen'}, 'location': {'street': {'number': 2345, 'name': 'Jarlsborgveien'}, 'city': 'Ramsøy', 'state': 'Akershus', 'country': 'Norway', 'postcode': '2443', 'coordinates': {'latitude': '43.3841', 'longitude': '74.3235'}, 'timezone': {'offset': '-8:00', 'description': 'Pacific Time (US &amp; Canada)'}}, 'email': 'sarah.reinertsen@example.com', 'login': {'uuid': 'dad23690-a5cb-4328-8292-5f90ec6929b5', 'username': 'bluegoose948', 'password': 'medical', 'salt': 'wXUnlGbi', 'md5': 'd4ae50ed95dd28bfb666c2deed04becf', 'sha1': 'aebf45621886064acba5cefa9dcbd9c22ec289fb', 'sha256': '247cc11f1ab40fc34e0d65f43cc0575b171bfbebb38514130a1fd5a7276d58f0'}, 'dob': {'date': '1979-10-22T07:11:30.614Z', 'age': 44}, 'registered': {'date': '2003-03-13T08:16:30.149Z', 'age': 21}, 'phone': '73515739', 'cell': '40567413', 'id': {'name': 'FN', 'value': '22107917822'}, 'picture': {'large': 'https://randomuser.me/api/portraits/women/88.jpg', 'medium': 'https://randomuser.me/api/portraits/med/women/88.jpg', 'thumbnail': 'https://randomuser.me/api/portraits/thumb/women/88.jpg'}, 'nat': 'NO'}</msg>
<arg>${json_data['results'][0]}</arg>
<doc>Logs the given message with the given level.</doc>
<status status="PASS" start="2024-07-17T18:20:07.794702" elapsed="0.000402"/>
</kw>
<kw name="Log" owner="BuiltIn">
<msg time="2024-07-17T18:20:07.795542" level="INFO">email</msg>
<arg>${key}</arg>
<doc>Logs the given message with the given level.</doc>
<status status="PASS" start="2024-07-17T18:20:07.795407" elapsed="0.000174"/>
</kw>
<var name="${key}">email</var>
<status status="PASS" start="2024-07-17T18:20:07.794024" elapsed="0.001772"/>
</iter>
<iter>
<kw name="Dictionary Should Contain Key" owner="Collections">
<arg>${json_data['results'][0]}</arg>
<arg>${key}</arg>
<doc>Fails if ``key`` is not found from ``dictionary``.</doc>
<status status="PASS" start="2024-07-17T18:20:07.796083" elapsed="0.000385"/>
</kw>
<kw name="Log" owner="BuiltIn">
<msg time="2024-07-17T18:20:07.797055" level="INFO">{'gender': 'female', 'name': {'title': 'Ms', 'first': 'Sarah', 'last': 'Reinertsen'}, 'location': {'street': {'number': 2345, 'name': 'Jarlsborgveien'}, 'city': 'Ramsøy', 'state': 'Akershus', 'country': 'Norway', 'postcode': '2443', 'coordinates': {'latitude': '43.3841', 'longitude': '74.3235'}, 'timezone': {'offset': '-8:00', 'description': 'Pacific Time (US &amp; Canada)'}}, 'email': 'sarah.reinertsen@example.com', 'login': {'uuid': 'dad23690-a5cb-4328-8292-5f90ec6929b5', 'username': 'bluegoose948', 'password': 'medical', 'salt': 'wXUnlGbi', 'md5': 'd4ae50ed95dd28bfb666c2deed04becf', 'sha1': 'aebf45621886064acba5cefa9dcbd9c22ec289fb', 'sha256': '247cc11f1ab40fc34e0d65f43cc0575b171bfbebb38514130a1fd5a7276d58f0'}, 'dob': {'date': '1979-10-22T07:11:30.614Z', 'age': 44}, 'registered': {'date': '2003-03-13T08:16:30.149Z', 'age': 21}, 'phone': '73515739', 'cell': '40567413', 'id': {'name': 'FN', 'value': '22107917822'}, 'picture': {'large': 'https://randomuser.me/api/portraits/women/88.jpg', 'medium': 'https://randomuser.me/api/portraits/med/women/88.jpg', 'thumbnail': 'https://randomuser.me/api/portraits/thumb/women/88.jpg'}, 'nat': 'NO'}</msg>
<arg>${json_data['results'][0]}</arg>
<doc>Logs the given message with the given level.</doc>
<status status="PASS" start="2024-07-17T18:20:07.796700" elapsed="0.000409"/>
</kw>
<kw name="Log" owner="BuiltIn">
<msg time="2024-07-17T18:20:07.797532" level="INFO">login</msg>
<arg>${key}</arg>
<doc>Logs the given message with the given level.</doc>
<status status="PASS" start="2024-07-17T18:20:07.797404" elapsed="0.000165"/>
</kw>
<var name="${key}">login</var>
<status status="PASS" start="2024-07-17T18:20:07.795969" elapsed="0.001812"/>
</iter>
<var>${key}</var>
<value>@{expected_keys}</value>
<status status="PASS" start="2024-07-17T18:20:07.787726" elapsed="0.010184"/>
</for>
<kw name="Create List" owner="BuiltIn">
<msg time="2024-07-17T18:20:07.798240" level="INFO">${expected_keysTwo} = ['username', 'password']</msg>
<var>${expected_keysTwo}</var>
<arg>username</arg>
<arg>password</arg>
<doc>Returns a list containing given items.</doc>
<status status="PASS" start="2024-07-17T18:20:07.798099" elapsed="0.000166"/>
</kw>
<for flavor="IN">
<iter>
<kw name="Dictionary Should Contain Key" owner="Collections">
<arg>${json_data['results'][0]['login']}</arg>
<arg>${keyTwo}</arg>
<doc>Fails if ``key`` is not found from ``dictionary``.</doc>
<status status="PASS" start="2024-07-17T18:20:07.798790" elapsed="0.000384"/>
</kw>
<kw name="Dictionary Should Contain Key" owner="Collections">
<arg>${json_data['results'][0]['login']}</arg>
<arg>${keyTwo}</arg>
<doc>Fails if ``key`` is not found from ``dictionary``.</doc>
<status status="PASS" start="2024-07-17T18:20:07.799360" elapsed="0.000385"/>
</kw>
<kw name="Log" owner="BuiltIn">
<msg time="2024-07-17T18:20:07.800054" level="INFO">username</msg>
<arg>${keyTwo}</arg>
<doc>Logs the given message with the given level.</doc>
<status status="PASS" start="2024-07-17T18:20:07.799932" elapsed="0.000161"/>
</kw>
<var name="${keyTwo}">username</var>
<status status="PASS" start="2024-07-17T18:20:07.798682" elapsed="0.001634"/>
</iter>
<iter>
<kw name="Dictionary Should Contain Key" owner="Collections">
<arg>${json_data['results'][0]['login']}</arg>
<arg>${keyTwo}</arg>
<doc>Fails if ``key`` is not found from ``dictionary``.</doc>
<status status="PASS" start="2024-07-17T18:20:07.800642" elapsed="0.000399"/>
</kw>
<kw name="Dictionary Should Contain Key" owner="Collections">
<arg>${json_data['results'][0]['login']}</arg>
<arg>${keyTwo}</arg>
<doc>Fails if ``key`` is not found from ``dictionary``.</doc>
<status status="PASS" start="2024-07-17T18:20:07.801225" elapsed="0.000371"/>
</kw>
<kw name="Log" owner="BuiltIn">
<msg time="2024-07-17T18:20:07.801895" level="INFO">password</msg>
<arg>${keyTwo}</arg>
<doc>Logs the given message with the given level.</doc>
<status status="PASS" start="2024-07-17T18:20:07.801776" elapsed="0.000162"/>
</kw>
<var name="${keyTwo}">password</var>
<status status="PASS" start="2024-07-17T18:20:07.800491" elapsed="0.001758"/>
</iter>
<var>${keyTwo}</var>
<value>@{expected_keysTwo}</value>
<status status="PASS" start="2024-07-17T18:20:07.798528" elapsed="0.003844"/>
</for>
<status status="PASS" start="2024-07-17T18:20:07.674710" elapsed="0.127806"/>
</kw>
<doc>Testa a estrutura da resposta da API.</doc>
<tag>testeEstruturaResposta</tag>
<status status="PASS" start="2024-07-17T18:20:07.674098" elapsed="0.128571"/>
</test>
<test id="s1-s1-t4" name="Validar tipos de dados" line="28">
<kw name="Teste de Tipos de Dados" owner="random-user-service">
<kw name="GET On Session" owner="RequestsLibrary">
<msg time="2024-07-17T18:20:08.124482" level="INFO">GET Request : url=https://randomuser.me/api 
 path_url=/api 
 headers={'User-Agent': 'python-requests/2.32.3', 'Accept-Encoding': 'gzip, deflate', 'Accept': '*/*', 'Connection': 'keep-alive'} 
 body=None 
 </msg>
<msg time="2024-07-17T18:20:08.124656" level="INFO">GET Response : url=https://randomuser.me/api 
 status=200, reason=OK 
 headers={'Date': 'Wed, 17 Jul 2024 18:20:08 GMT', 'Content-Type': 'application/json; charset=utf-8', 'Transfer-Encoding': 'chunked', 'Connection': 'keep-alive', 'X-Powered-By': 'Express', 'Access-Control-Allow-Origin': '*', 'Cache-Control': 'no-cache', 'ETag': 'W/"476-XtL0OsU3oaXWP7skSs2LNKPhNvk"', 'Vary': 'Accept-Encoding', 'Content-Encoding': 'gzip', 'CF-Cache-Status': 'DYNAMIC', 'Report-To': '{"endpoints":[{"url":"https:\\/\\/a.nel.cloudflare.com\\/report\\/v4?s=7t0ds2IfgTHFqGvEHoEBZzkQhkZo4hHKvoaAB9%2FqELo33BLcE3BnGBjQwEtyhHoix5Z99%2FyS3O1UN0hNW76vzNsib7dybxpZlBtRhFXyKedTFuuxjfFkeG7%2BcBUB4s9p"}],"group":"cf-nel","max_age":604800}', 'NEL': '{"success_fraction":0,"report_to":"cf-nel","max_age":604800}', 'Server': 'cloudflare', 'CF-RAY': '8a4c3e84ccff312b-LAX', 'alt-svc': 'h3=":443"; ma=86400'} 
 body={"results":[{"gender":"male","name":{"title":"Mr","first":"Jack","last":"Lévesque"},"location":{"street":{"number":2467,"name":"Dundas Rd"},"city":"Hampstead","state":"Nova Scotia","country":"Canada","postcode":"S8M 0R6","coordinates":{"latitude":"-67.3974","longitude":"-150.1484"},"timezone":{"offset":"+5:45","description":"Kathmandu"}},"email":"jack.levesque@example.com","login":{"uuid":"69b3668f-5908-40cc-8e59-3571c25dd5b2","username":"goldenmeercat274","password":"trucks","salt":"vLdFcXUW","md5":"2dbd2ff1cf535b248c19ab640af5f514","sha1":"54983750c51f1a5db189ff3faf5a24a1d2f2f34a","sha256":"e11f759e1debe6ace204ef0a80857e29c9c2f818b7f655e3b79d22ec00163395"},"dob":{"date":"1963-05-14T06:06:48.866Z","age":61},"registered":{"date":"2012-02-07T05:04:13.082Z","age":12},"phone":"U13 V83-7133","cell":"N95 S84-6158","id":{"name":"SIN","value":"079071486"},"picture":{"large":"https://randomuser.me/api/portraits/men/7.jpg","medium":"https://randomuser.me/api/portraits/med/men/7.jpg","thumbnail":"https://randomuser.me/api/portraits/thumb/men/7.jpg"},"nat":"CA"}],"info":{"seed":"f8845560ac3dd724","results":1,"page":1,"version":"1.4"}} 
 </msg>
<msg time="2024-07-17T18:20:08.124757" level="INFO">/opt/hostedtoolcache/Python/3.12.4/x64/lib/python3.12/site-packages/urllib3/connectionpool.py:1099: InsecureRequestWarning: Unverified HTTPS request is being made to host 'randomuser.me'. Adding certificate verification is strongly advised. See: https://urllib3.readthedocs.io/en/latest/advanced-usage.html#tls-warnings
  warnings.warn(</msg>
<msg time="2024-07-17T18:20:08.124873" level="INFO">${response} = &lt;Response [200]&gt;</msg>
<var>${response}</var>
<arg>consultarAPI</arg>
<arg>/api</arg>
<doc>Sends a GET request on a previously created HTTP Session.</doc>
<status status="PASS" start="2024-07-17T18:20:07.805269" elapsed="0.319647"/>
</kw>
<kw name="Set Variable" owner="BuiltIn">
<msg time="2024-07-17T18:20:08.125989" level="INFO">${json_data} = {'results': [{'gender': 'male', 'name': {'title': 'Mr', 'first': 'Jack', 'last': 'Lévesque'}, 'location': {'street': {'number': 2467, 'name': 'Dundas Rd'}, 'city': 'Hampstead', 'state': 'Nova Scotia',...</msg>
<var>${json_data}</var>
<arg>${response.json()}</arg>
<doc>Returns the given values which can then be assigned to a variables.</doc>
<status status="PASS" start="2024-07-17T18:20:08.125432" elapsed="0.000586"/>
</kw>
<kw name="Log" owner="BuiltIn">
<msg time="2024-07-17T18:20:08.126486" level="INFO">{'results': [{'gender': 'male', 'name': {'title': 'Mr', 'first': 'Jack', 'last': 'Lévesque'}, 'location': {'street': {'number': 2467, 'name': 'Dundas Rd'}, 'city': 'Hampstead', 'state': 'Nova Scotia', 'country': 'Canada', 'postcode': 'S8M 0R6', 'coordinates': {'latitude': '-67.3974', 'longitude': '-150.1484'}, 'timezone': {'offset': '+5:45', 'description': 'Kathmandu'}}, 'email': 'jack.levesque@example.com', 'login': {'uuid': '69b3668f-5908-40cc-8e59-3571c25dd5b2', 'username': 'goldenmeercat274', 'password': 'trucks', 'salt': 'vLdFcXUW', 'md5': '2dbd2ff1cf535b248c19ab640af5f514', 'sha1': '54983750c51f1a5db189ff3faf5a24a1d2f2f34a', 'sha256': 'e11f759e1debe6ace204ef0a80857e29c9c2f818b7f655e3b79d22ec00163395'}, 'dob': {'date': '1963-05-14T06:06:48.866Z', 'age': 61}, 'registered': {'date': '2012-02-07T05:04:13.082Z', 'age': 12}, 'phone': 'U13 V83-7133', 'cell': 'N95 S84-6158', 'id': {'name': 'SIN', 'value': '079071486'}, 'picture': {'large': 'https://randomuser.me/api/portraits/men/7.jpg', 'medium': 'https://randomuser.me/api/portraits/med/men/7.jpg', 'thumbnail': 'https://randomuser.me/api/portraits/thumb/men/7.jpg'}, 'nat': 'CA'}], 'info': {'seed': 'f8845560ac3dd724', 'results': 1, 'page': 1, 'version': '1.4'}}</msg>
<arg>${json_data}</arg>
<doc>Logs the given message with the given level.</doc>
<status status="PASS" start="2024-07-17T18:20:08.126328" elapsed="0.000209"/>
</kw>
<kw name="Should Be String" owner="String">
<arg>${json_data['results'][0]['gender']}</arg>
<doc>Fails if the given ``item`` is not a string.</doc>
<status status="PASS" start="2024-07-17T18:20:08.126824" elapsed="0.000361"/>
</kw>
<kw name="Should Match Regexp" owner="BuiltIn">
<arg>${json_data['results'][0]['email']}</arg>
<arg>^[a-zA-Z0-9._%+-]+@[a-zA-Z0-9.-]+\.[a-zA-Z]{2,}$</arg>
<doc>Fails if ``string`` does not match ``pattern`` as a regular expression.</doc>
<status status="PASS" start="2024-07-17T18:20:08.127373" elapsed="0.000509"/>
</kw>
<kw name="Should Match Regexp" owner="BuiltIn">
<arg>${json_data['results'][0]['dob']['date']}</arg>
<arg>\\d{4}-\\d{2}-\\d{2}T\\d{2}:\\d{2}:\\d{2}\\.\\d{3}Z</arg>
<doc>Fails if ``string`` does not match ``pattern`` as a regular expression.</doc>
<status status="PASS" start="2024-07-17T18:20:08.128113" elapsed="0.000527"/>
</kw>
<kw name="Should Match Regexp" owner="BuiltIn">
<arg>${json_data['results'][0]['registered']['date']}</arg>
<arg>\\d{4}-\\d{2}-\\d{2}T\\d{2}:\\d{2}:\\d{2}\\.\\d{3}Z</arg>
<doc>Fails if ``string`` does not match ``pattern`` as a regular expression.</doc>
<status status="PASS" start="2024-07-17T18:20:08.128833" elapsed="0.000370"/>
</kw>
<kw name="Should Match Regexp" owner="BuiltIn">
<arg>${json_data['results'][0]['picture']['large']}</arg>
<arg>^https?://.*\.(?:png|jpe?g|gif|bmp)$</arg>
<doc>Fails if ``string`` does not match ``pattern`` as a regular expression.</doc>
<status status="PASS" start="2024-07-17T18:20:08.129386" elapsed="0.000459"/>
</kw>
<kw name="Should Match Regexp" owner="BuiltIn">
<arg>${json_data['results'][0]['picture']['medium']}</arg>
<arg>^https?://.*\.(?:png|jpe?g|gif|bmp)$</arg>
<doc>Fails if ``string`` does not match ``pattern`` as a regular expression.</doc>
<status status="PASS" start="2024-07-17T18:20:08.130032" elapsed="0.000349"/>
</kw>
<kw name="Should Match Regexp" owner="BuiltIn">
<arg>${json_data['results'][0]['picture']['thumbnail']}</arg>
<arg>^https?://.*\.(?:png|jpe?g|gif|bmp)$</arg>
<doc>Fails if ``string`` does not match ``pattern`` as a regular expression.</doc>
<status status="PASS" start="2024-07-17T18:20:08.130560" elapsed="0.000360"/>
</kw>
<kw name="Log" owner="BuiltIn">
<msg time="2024-07-17T18:20:08.131437" level="INFO">{'large': 'https://randomuser.me/api/portraits/men/7.jpg', 'medium': 'https://randomuser.me/api/portraits/med/men/7.jpg', 'thumbnail': 'https://randomuser.me/api/portraits/thumb/men/7.jpg'}</msg>
<arg>${json_data['results'][0]['picture']}</arg>
<doc>Logs the given message with the given level.</doc>
<status status="PASS" start="2024-07-17T18:20:08.131104" elapsed="0.000376"/>
</kw>
<status status="PASS" start="2024-07-17T18:20:07.805034" elapsed="0.326705"/>
</kw>
<kw name="Teste de Tipos de Dados - Postcode" owner="random-user-service">
<kw name="GET On Session" owner="RequestsLibrary">
<msg time="2024-07-17T18:20:08.237876" level="INFO">GET Request : url=https://randomuser.me/api 
 path_url=/api 
 headers={'User-Agent': 'python-requests/2.32.3', 'Accept-Encoding': 'gzip, deflate', 'Accept': '*/*', 'Connection': 'keep-alive'} 
 body=None 
 </msg>
<msg time="2024-07-17T18:20:08.237962" level="INFO">GET Response : url=https://randomuser.me/api 
 status=200, reason=OK 
 headers={'Date': 'Wed, 17 Jul 2024 18:20:08 GMT', 'Content-Type': 'application/json; charset=utf-8', 'Transfer-Encoding': 'chunked', 'Connection': 'keep-alive', 'X-Powered-By': 'Express', 'Access-Control-Allow-Origin': '*', 'Cache-Control': 'no-cache', 'ETag': 'W/"486-Wn+jrZz9WYzK++8RKYDrGc1JARk"', 'Vary': 'Accept-Encoding', 'Content-Encoding': 'gzip', 'CF-Cache-Status': 'DYNAMIC', 'Report-To': '{"endpoints":[{"url":"https:\\/\\/a.nel.cloudflare.com\\/report\\/v4?s=cMdOGJYTL7jEg7VYxyPHZWs0Ze%2BKYEhLl%2BgKQc8Cv90%2BUxUfaEDNB58vULBOELsAW0W4TNBMFL2GDc%2BcWLOCjDY9g918oIw0o1OKOY%2F6G4%2F02KgTU%2BiRkE0VWeCl65k3"}],"group":"cf-nel","max_age":604800}', 'NEL': '{"success_fraction":0,"report_to":"cf-nel","max_age":604800}', 'Server': 'cloudflare', 'CF-RAY': '8a4c3e86df53312b-LAX', 'alt-svc': 'h3=":443"; ma=86400'} 
 body={"results":[{"gender":"female","name":{"title":"Miss","first":"Elizabeth","last":"Walker"},"location":{"street":{"number":1870,"name":"Pakowhai Road"},"city":"Greymouth","state":"Auckland","country":"New Zealand","postcode":79432,"coordinates":{"latitude":"51.0616","longitude":"143.5476"},"timezone":{"offset":"-3:30","description":"Newfoundland"}},"email":"elizabeth.walker@example.com","login":{"uuid":"3c442a30-c7c0-466c-a27d-520fc7cc51e8","username":"ticklishgoose240","password":"jackjack","salt":"EYazBWil","md5":"6aea9128a433261552759870efcfecd3","sha1":"f41f9647b91183871c85d285032c20df3516e3eb","sha256":"700ac982fd82e2b11c3923f7f9fe35fd9dd8f4cdc4be2ac7d83931c605c77d7c"},"dob":{"date":"1947-10-28T17:43:24.283Z","age":76},"registered":{"date":"2021-04-05T09:00:15.692Z","age":3},"phone":"(477)-309-5378","cell":"(586)-848-0605","id":{"name":"","value":null},"picture":{"large":"https://randomuser.me/api/portraits/women/77.jpg","medium":"https://randomuser.me/api/portraits/med/women/77.jpg","thumbnail":"https://randomuser.me/api/portraits/thumb/women/77.jpg"},"nat":"NZ"}],"info":{"seed":"f54eebcd5bd934a2","results":1,"page":1,"version":"1.4"}} 
 </msg>
<msg time="2024-07-17T18:20:08.238030" level="INFO">/opt/hostedtoolcache/Python/3.12.4/x64/lib/python3.12/site-packages/urllib3/connectionpool.py:1099: InsecureRequestWarning: Unverified HTTPS request is being made to host 'randomuser.me'. Adding certificate verification is strongly advised. See: https://urllib3.readthedocs.io/en/latest/advanced-usage.html#tls-warnings
  warnings.warn(</msg>
<msg time="2024-07-17T18:20:08.238134" level="INFO">${response} = &lt;Response [200]&gt;</msg>
<var>${response}</var>
<arg>consultarAPI</arg>
<arg>/api</arg>
<doc>Sends a GET request on a previously created HTTP Session.</doc>
<status status="PASS" start="2024-07-17T18:20:08.132204" elapsed="0.105962"/>
</kw>
<kw name="Set Variable" owner="BuiltIn">
<msg time="2024-07-17T18:20:08.239138" level="INFO">${json_data} = {'results': [{'gender': 'female', 'name': {'title': 'Miss', 'first': 'Elizabeth', 'last': 'Walker'}, 'location': {'street': {'number': 1870, 'name': 'Pakowhai Road'}, 'city': 'Greymouth', 'state': 'Au...</msg>
<var>${json_data}</var>
<arg>${response.json()}</arg>
<doc>Returns the given values which can then be assigned to a variables.</doc>
<status status="PASS" start="2024-07-17T18:20:08.238640" elapsed="0.000526"/>
</kw>
<kw name="Log" owner="BuiltIn">
<msg time="2024-07-17T18:20:08.239625" level="INFO">{'results': [{'gender': 'female', 'name': {'title': 'Miss', 'first': 'Elizabeth', 'last': 'Walker'}, 'location': {'street': {'number': 1870, 'name': 'Pakowhai Road'}, 'city': 'Greymouth', 'state': 'Auckland', 'country': 'New Zealand', 'postcode': 79432, 'coordinates': {'latitude': '51.0616', 'longitude': '143.5476'}, 'timezone': {'offset': '-3:30', 'description': 'Newfoundland'}}, 'email': 'elizabeth.walker@example.com', 'login': {'uuid': '3c442a30-c7c0-466c-a27d-520fc7cc51e8', 'username': 'ticklishgoose240', 'password': 'jackjack', 'salt': 'EYazBWil', 'md5': '6aea9128a433261552759870efcfecd3', 'sha1': 'f41f9647b91183871c85d285032c20df3516e3eb', 'sha256': '700ac982fd82e2b11c3923f7f9fe35fd9dd8f4cdc4be2ac7d83931c605c77d7c'}, 'dob': {'date': '1947-10-28T17:43:24.283Z', 'age': 76}, 'registered': {'date': '2021-04-05T09:00:15.692Z', 'age': 3}, 'phone': '(477)-309-5378', 'cell': '(586)-848-0605', 'id': {'name': '', 'value': None}, 'picture': {'large': 'https://randomuser.me/api/portraits/women/77.jpg', 'medium': 'https://randomuser.me/api/portraits/med/women/77.jpg', 'thumbnail': 'https://randomuser.me/api/portraits/thumb/women/77.jpg'}, 'nat': 'NZ'}], 'info': {'seed': 'f54eebcd5bd934a2', 'results': 1, 'page': 1, 'version': '1.4'}}</msg>
<arg>${json_data}</arg>
<doc>Logs the given message with the given level.</doc>
<status status="PASS" start="2024-07-17T18:20:08.239471" elapsed="0.000200"/>
</kw>
<kw name="Should Be Equal As Numbers" owner="BuiltIn">
<arg>${json_data['results'][0]['location']['postcode']}</arg>
<arg>${json_data['results'][0]['location']['postcode']}</arg>
<doc>Fails if objects are unequal after converting them to real numbers.</doc>
<status status="PASS" start="2024-07-17T18:20:08.239960" elapsed="0.000672"/>
</kw>
<kw name="Log" owner="BuiltIn">
<msg time="2024-07-17T18:20:08.241326" level="INFO">79432</msg>
<arg>${json_data['results'][0]['location']['postcode']}</arg>
<doc>Logs the given message with the given level.</doc>
<status status="PASS" start="2024-07-17T18:20:08.240830" elapsed="0.000537"/>
</kw>
<status status="PASS" start="2024-07-17T18:20:08.131969" elapsed="0.109682"/>
</kw>
<doc>Testa se os tipos de dados na resposta da API estão corretos.</doc>
<tag>testeTiposDados</tag>
<status status="PASS" start="2024-07-17T18:20:07.804438" elapsed="0.437385"/>
</test>
<test id="s1-s1-t5" name="Validar conteudo" line="35">
<kw name="Teste de Tipos de Conteudo" owner="random-user-service">
<kw name="GET On Session" owner="RequestsLibrary">
<msg time="2024-07-17T18:20:08.353001" level="INFO">GET Request : url=https://randomuser.me/api 
 path_url=/api 
 headers={'User-Agent': 'python-requests/2.32.3', 'Accept-Encoding': 'gzip, deflate', 'Accept': '*/*', 'Connection': 'keep-alive'} 
 body=None 
 </msg>
<msg time="2024-07-17T18:20:08.353110" level="INFO">GET Response : url=https://randomuser.me/api 
 status=200, reason=OK 
 headers={'Date': 'Wed, 17 Jul 2024 18:20:08 GMT', 'Content-Type': 'application/json; charset=utf-8', 'Transfer-Encoding': 'chunked', 'Connection': 'keep-alive', 'X-Powered-By': 'Express', 'Access-Control-Allow-Origin': '*', 'Cache-Control': 'no-cache', 'ETag': 'W/"4a3-VNpbmTNxnhtlCifjKG3tjTWCaik"', 'Vary': 'Accept-Encoding', 'Content-Encoding': 'gzip', 'CF-Cache-Status': 'DYNAMIC', 'Report-To': '{"endpoints":[{"url":"https:\\/\\/a.nel.cloudflare.com\\/report\\/v4?s=iH0ACzspkTKedTDgxiFDYzd1t9eTs7%2BIRw4jx5ITQEv5xgncpVrHQz7TGjItP7%2Bb35EC3RtRZm95nCjuvlxJHtckLUw1%2B75%2FsLotLGZNeCwvPyEwYstpLGmBlPLNSv0R"}],"group":"cf-nel","max_age":604800}', 'NEL': '{"success_fraction":0,"report_to":"cf-nel","max_age":604800}', 'Server': 'cloudflare', 'CF-RAY': '8a4c3e87884c312b-LAX', 'alt-svc': 'h3=":443"; ma=86400'} 
 body={"results":[{"gender":"female","name":{"title":"Miss","first":"Carolina","last":"Santiago"},"location":{"street":{"number":3809,"name":"Cerrada Tlaxcala"},"city":"Linares","state":"Ciudad de Mexico","country":"Mexico","postcode":81359,"coordinates":{"latitude":"27.4262","longitude":"80.5064"},"timezone":{"offset":"+7:00","description":"Bangkok, Hanoi, Jakarta"}},"email":"carolina.santiago@example.com","login":{"uuid":"3d1d6573-c183-4359-bc1d-dc2f008ef81a","username":"ticklishsnake830","password":"alliance","salt":"fFlowLmW","md5":"adc7d5c3c5e44e26a1c9be77e2886ead","sha1":"2fdcb348cfe5334a01682a7643dc6df243dfa170","sha256":"af60fb4aa8cb26adf035266d72a20da8f97af6a6e7891e29ecd770f5fdfc8fa7"},"dob":{"date":"1952-03-19T16:24:15.456Z","age":72},"registered":{"date":"2021-04-20T05:49:36.460Z","age":3},"phone":"(605) 995 0621","cell":"(689) 259 7896","id":{"name":"NSS","value":"75 69 00 9458 9"},"picture":{"large":"https://randomuser.me/api/portraits/women/1.jpg","medium":"https://randomuser.me/api/portraits/med/women/1.jpg","thumbnail":"https://randomuser.me/api/portraits/thumb/women/1.jpg"},"nat":"MX"}],"info":{"seed":"afdb1a31d29ff351","results":1,"page":1,"version":"1.4"}} 
 </msg>
<msg time="2024-07-17T18:20:08.353185" level="INFO">/opt/hostedtoolcache/Python/3.12.4/x64/lib/python3.12/site-packages/urllib3/connectionpool.py:1099: InsecureRequestWarning: Unverified HTTPS request is being made to host 'randomuser.me'. Adding certificate verification is strongly advised. See: https://urllib3.readthedocs.io/en/latest/advanced-usage.html#tls-warnings
  warnings.warn(</msg>
<msg time="2024-07-17T18:20:08.353328" level="INFO">${response} = &lt;Response [200]&gt;</msg>
<var>${response}</var>
<arg>consultarAPI</arg>
<arg>/api</arg>
<doc>Sends a GET request on a previously created HTTP Session.</doc>
<status status="PASS" start="2024-07-17T18:20:08.244291" elapsed="0.109082"/>
</kw>
<kw name="Set Variable" owner="BuiltIn">
<msg time="2024-07-17T18:20:08.354435" level="INFO">${json_data} = {'results': [{'gender': 'female', 'name': {'title': 'Miss', 'first': 'Carolina', 'last': 'Santiago'}, 'location': {'street': {'number': 3809, 'name': 'Cerrada Tlaxcala'}, 'city': 'Linares', 'state': '...</msg>
<var>${json_data}</var>
<arg>${response.json()}</arg>
<doc>Returns the given values which can then be assigned to a variables.</doc>
<status status="PASS" start="2024-07-17T18:20:08.353914" elapsed="0.000552"/>
</kw>
<kw name="Set Variable" owner="BuiltIn">
<msg time="2024-07-17T18:20:08.355164" level="INFO">${name_title} = Miss</msg>
<var>${name_title}</var>
<arg>${json_data["results"][0]["name"]["title"]}</arg>
<doc>Returns the given values which can then be assigned to a variables.</doc>
<status status="PASS" start="2024-07-17T18:20:08.354777" elapsed="0.000414"/>
</kw>
<kw name="Create List" owner="BuiltIn">
<msg time="2024-07-17T18:20:08.355637" level="INFO">${allowed_titles} = ['Mr', 'Ms', 'Miss', 'Mrs', 'Madame', 'Monsieur']</msg>
<var>${allowed_titles}</var>
<arg>Mr</arg>
<arg>Ms</arg>
<arg>Miss</arg>
<arg>Mrs</arg>
<arg>Madame</arg>
<arg>Monsieur</arg>
<doc>Returns a list containing given items.</doc>
<status status="PASS" start="2024-07-17T18:20:08.355488" elapsed="0.000173"/>
</kw>
<kw name="List Should Contain Value" owner="Collections">
<arg>${allowed_titles}</arg>
<arg>${name_title}</arg>
<doc>Fails if the ``value`` is not found from ``list``.</doc>
<status status="PASS" start="2024-07-17T18:20:08.355952" elapsed="0.000178"/>
</kw>
<kw name="Set Variable" owner="BuiltIn">
<msg time="2024-07-17T18:20:08.356708" level="INFO">${name_country} = MX</msg>
<var>${name_country}</var>
<arg>${json_data["results"][0]["nat"]}</arg>
<doc>Returns the given values which can then be assigned to a variables.</doc>
<status status="PASS" start="2024-07-17T18:20:08.356307" elapsed="0.000426"/>
</kw>
<kw name="Create List" owner="BuiltIn">
<msg time="2024-07-17T18:20:08.357621" level="INFO">${list_country} = ['AD', 'AE', 'AF', 'AG', 'AI', 'AL', 'AM', 'AO', 'AQ', 'AR', 'AS', 'AT', 'AU', 'AW', 'AX', 'AZ', 'BA', 'BB', 'BD', 'BE', 'BF', 'BG', 'BH', 'BI', 'BJ', 'BL', 'BM', 'BN', 'BO', 'BQ', 'BR', 'BS', 'BT', '...</msg>
<var>${list_country}</var>
<arg>AD</arg>
<arg>AE</arg>
<arg>AF</arg>
<arg>AG</arg>
<arg>AI</arg>
<arg>AL</arg>
<arg>AM</arg>
<arg>AO</arg>
<arg>AQ</arg>
<arg>AR</arg>
<arg>AS</arg>
<arg>AT</arg>
<arg>AU</arg>
<arg>AW</arg>
<arg>AX</arg>
<arg>AZ</arg>
<arg>BA</arg>
<arg>BB</arg>
<arg>BD</arg>
<arg>BE</arg>
<arg>BF</arg>
<arg>BG</arg>
<arg>BH</arg>
<arg>BI</arg>
<arg>BJ</arg>
<arg>BL</arg>
<arg>BM</arg>
<arg>BN</arg>
<arg>BO</arg>
<arg>BQ</arg>
<arg>BR</arg>
<arg>BS</arg>
<arg>BT</arg>
<arg>BV</arg>
<arg>BW</arg>
<arg>BY</arg>
<arg>BZ</arg>
<arg>CA</arg>
<arg>CC</arg>
<arg>CD</arg>
<arg>CF</arg>
<arg>CG</arg>
<arg>CH</arg>
<arg>CI</arg>
<arg>CK</arg>
<arg>CL</arg>
<arg>CM</arg>
<arg>CN</arg>
<arg>CO</arg>
<arg>CR</arg>
<arg>CU</arg>
<arg>CV</arg>
<arg>CW</arg>
<arg>CX</arg>
<arg>CY</arg>
<arg>CZ</arg>
<arg>DE</arg>
<arg>DJ</arg>
<arg>DK</arg>
<arg>DM</arg>
<arg>DO</arg>
<arg>DZ</arg>
<arg>EC</arg>
<arg>EE</arg>
<arg>EG</arg>
<arg>EH</arg>
<arg>ER</arg>
<arg>ES</arg>
<arg>ET</arg>
<arg>FI</arg>
<arg>FJ</arg>
<arg>FK</arg>
<arg>FM</arg>
<arg>FO</arg>
<arg>FR</arg>
<arg>GA</arg>
<arg>GB</arg>
<arg>GD</arg>
<arg>GE</arg>
<arg>GF</arg>
<arg>GG</arg>
<arg>GH</arg>
<arg>GI</arg>
<arg>GL</arg>
<arg>GM</arg>
<arg>GN</arg>
<arg>GP</arg>
<arg>GQ</arg>
<arg>GR</arg>
<arg>GS</arg>
<arg>GT</arg>
<arg>GU</arg>
<arg>GW</arg>
<arg>GY</arg>
<arg>HK</arg>
<arg>HM</arg>
<arg>HN</arg>
<arg>HR</arg>
<arg>HT</arg>
<arg>HU</arg>
<arg>ID</arg>
<arg>IE</arg>
<arg>IL</arg>
<arg>IM</arg>
<arg>IN</arg>
<arg>IO</arg>
<arg>IQ</arg>
<arg>IR</arg>
<arg>IS</arg>
<arg>IT</arg>
<arg>JE</arg>
<arg>JM</arg>
<arg>JO</arg>
<arg>JP</arg>
<arg>KE</arg>
<arg>KG</arg>
<arg>KH</arg>
<arg>KI</arg>
<arg>KM</arg>
<arg>KN</arg>
<arg>KP</arg>
<arg>KR</arg>
<arg>KW</arg>
<arg>KY</arg>
<arg>KZ</arg>
<arg>LA</arg>
<arg>LB</arg>
<arg>LC</arg>
<arg>LI</arg>
<arg>LK</arg>
<arg>LR</arg>
<arg>LS</arg>
<arg>LT</arg>
<arg>LU</arg>
<arg>LV</arg>
<arg>LY</arg>
<arg>MA</arg>
<arg>MC</arg>
<arg>MD</arg>
<arg>ME</arg>
<arg>MF</arg>
<arg>MG</arg>
<arg>MH</arg>
<arg>MK</arg>
<arg>ML</arg>
<arg>MM</arg>
<arg>MN</arg>
<arg>MO</arg>
<arg>MP</arg>
<arg>MQ</arg>
<arg>MR</arg>
<arg>MS</arg>
<arg>MT</arg>
<arg>MU</arg>
<arg>MV</arg>
<arg>MW</arg>
<arg>MX</arg>
<arg>MY</arg>
<arg>MZ</arg>
<arg>NA</arg>
<arg>NC</arg>
<arg>NE</arg>
<arg>NF</arg>
<arg>NG</arg>
<arg>NI</arg>
<arg>NL</arg>
<arg>NO</arg>
<arg>NP</arg>
<arg>NR</arg>
<arg>NU</arg>
<arg>NZ</arg>
<arg>OM</arg>
<arg>PA</arg>
<arg>PE</arg>
<arg>PF</arg>
<arg>PG</arg>
<arg>PH</arg>
<arg>PK</arg>
<arg>PL</arg>
<arg>PM</arg>
<arg>PN</arg>
<arg>PR</arg>
<arg>PS</arg>
<arg>PT</arg>
<arg>PW</arg>
<arg>PY</arg>
<arg>QA</arg>
<arg>RE</arg>
<arg>RO</arg>
<arg>RS</arg>
<arg>RU</arg>
<arg>RW</arg>
<arg>SA</arg>
<arg>SB</arg>
<arg>SC</arg>
<arg>SD</arg>
<arg>SE</arg>
<arg>SG</arg>
<arg>SH</arg>
<arg>SI</arg>
<arg>SJ</arg>
<arg>SK</arg>
<arg>SL</arg>
<arg>SM</arg>
<arg>SN</arg>
<arg>SO</arg>
<arg>SR</arg>
<arg>SS</arg>
<arg>ST</arg>
<arg>SV</arg>
<arg>SX</arg>
<arg>SY</arg>
<arg>SZ</arg>
<arg>TC</arg>
<arg>TD</arg>
<arg>TF</arg>
<arg>TG</arg>
<arg>TH</arg>
<arg>TJ</arg>
<arg>TK</arg>
<arg>TL</arg>
<arg>TM</arg>
<arg>TN</arg>
<arg>TO</arg>
<arg>TR</arg>
<arg>TT</arg>
<arg>TV</arg>
<arg>TW</arg>
<arg>TZ</arg>
<arg>UA</arg>
<arg>UG</arg>
<arg>UM</arg>
<arg>US</arg>
<arg>UY</arg>
<arg>UZ</arg>
<arg>VA</arg>
<arg>VC</arg>
<arg>VE</arg>
<arg>VG</arg>
<arg>VI</arg>
<arg>VN</arg>
<arg>VU</arg>
<arg>WF</arg>
<arg>WS</arg>
<arg>XK</arg>
<arg>YE</arg>
<arg>YT</arg>
<arg>ZA</arg>
<arg>ZM</arg>
<arg>ZW</arg>
<doc>Returns a list containing given items.</doc>
<status status="PASS" start="2024-07-17T18:20:08.357024" elapsed="0.000623"/>
</kw>
<kw name="List Should Contain Value" owner="Collections">
<arg>${list_country}</arg>
<arg>${name_country}</arg>
<doc>Fails if the ``value`` is not found from ``list``.</doc>
<status status="PASS" start="2024-07-17T18:20:08.358444" elapsed="0.000200"/>
</kw>
<kw name="Run Keyword If" owner="BuiltIn">
<kw name="Should Be True" owner="BuiltIn">
<arg>${True}</arg>
<doc>Fails if the given condition is not true.</doc>
<status status="PASS" start="2024-07-17T18:20:08.359578" elapsed="0.000141"/>
</kw>
<arg>${json_data["results"][0]["location"]["coordinates"]["latitude"]} &gt;= -90 and ${json_data["results"][0]["location"]["coordinates"]["latitude"]} &lt;= 90</arg>
<arg>Should Be True</arg>
<arg>${True}</arg>
<doc>Runs the given keyword with the given arguments, if ``condition`` is true.</doc>
<status status="PASS" start="2024-07-17T18:20:08.358839" elapsed="0.001006"/>
</kw>
<kw name="Run Keyword If" owner="BuiltIn">
<kw name="Should Be True" owner="BuiltIn">
<arg>${True}</arg>
<doc>Fails if the given condition is not true.</doc>
<status status="PASS" start="2024-07-17T18:20:08.360756" elapsed="0.000252"/>
</kw>
<arg>${json_data["results"][0]["location"]["coordinates"]["longitude"]} &gt;= -180 and ${json_data["results"][0]["location"]["coordinates"]["longitude"]} &lt;= 180</arg>
<arg>Should Be True</arg>
<arg>${True}</arg>
<doc>Runs the given keyword with the given arguments, if ``condition`` is true.</doc>
<status status="PASS" start="2024-07-17T18:20:08.360023" elapsed="0.001112"/>
</kw>
<status status="PASS" start="2024-07-17T18:20:08.244060" elapsed="0.117210"/>
</kw>
<doc>Testa o conteúdo específico dos campos retornados pela API.</doc>
<tag>testeConteudo</tag>
<status status="PASS" start="2024-07-17T18:20:08.243615" elapsed="0.117810"/>
</test>
<status status="PASS" start="2024-07-17T18:20:07.178650" elapsed="1.184730"/>
</suite>
<status status="PASS" start="2024-07-17T18:20:07.164366" elapsed="1.204027"/>
</suite>
<statistics>
<total>
<stat pass="5" fail="0" skip="0">All Tests</stat>
</total>
<tag>
<stat pass="1" fail="0" skip="0">testeConteudo</stat>
<stat pass="1" fail="0" skip="0">testeEstruturaResposta</stat>
<stat pass="1" fail="0" skip="0">testeRequisicaoBasica</stat>
<stat pass="1" fail="0" skip="0">testeTiposDados</stat>
</tag>
<suite>
<stat pass="5" fail="0" skip="0" id="s1" name="Tests">Tests</stat>
<stat pass="5" fail="0" skip="0" id="s1-s1" name="Random-User-Test">Tests.Random-User-Test</stat>
</suite>
</statistics>
<errors>
</errors>
</robot>
