<?xml version="1.0" encoding="UTF-8"?>
<robot generator="Robot 7.0.1 (Python 3.12.4 on linux)" generated="2024-06-25T12:28:32.581677" rpa="false" schemaversion="5">
<suite id="s1" name="Tests" source="/home/runner/work/ApiRandomUser/ApiRandomUser/RamdonUser/tests">
<suite id="s1-s1" name="Random-User-Test" source="/home/runner/work/ApiRandomUser/ApiRandomUser/RamdonUser/tests/random-user-test.robot">
<test id="s1-s1-t1" name="Conectar" line="13">
<kw name="Conectar API" owner="random-user-service">
<kw name="Create Session" owner="RequestsLibrary">
<msg time="2024-06-25T12:28:33.008147" level="INFO">Creating Session using : alias=consultarAPI, url=https://randomuser.me/, headers={},                     cookies={}, auth=None, timeout=None, proxies=None, verify=False,                     debug=0 </msg>
<arg>consultarAPI</arg>
<arg>${URL}</arg>
<doc>Create Session: create a HTTP session to a server</doc>
<status status="PASS" start="2024-06-25T12:28:33.007879" elapsed="0.000470"/>
</kw>
<status status="PASS" start="2024-06-25T12:28:33.006830" elapsed="0.001905"/>
</kw>
<status status="PASS" start="2024-06-25T12:28:33.006237" elapsed="0.002698"/>
</test>
<test id="s1-s1-t2" name="Validar retorno 200 e JSON Válido" line="16">
<kw name="Teste de Requisicao Basica" owner="random-user-service">
<kw name="GET On Session" owner="RequestsLibrary">
<msg time="2024-06-25T12:28:33.210980" level="INFO">GET Request : url=https://randomuser.me/api 
 path_url=/api 
 headers={'User-Agent': 'python-requests/2.32.3', 'Accept-Encoding': 'gzip, deflate', 'Accept': '*/*', 'Connection': 'keep-alive'} 
 body=None 
 </msg>
<msg time="2024-06-25T12:28:33.211159" level="INFO">GET Response : url=https://randomuser.me/api 
 status=200, reason=OK 
 headers={'Date': 'Tue, 25 Jun 2024 12:28:33 GMT', 'Content-Type': 'application/json; charset=utf-8', 'Transfer-Encoding': 'chunked', 'Connection': 'keep-alive', 'X-Powered-By': 'Express', 'Access-Control-Allow-Origin': '*', 'Cache-Control': 'no-cache', 'ETag': 'W/"47a-j01qugnANorOcUeXcHrvd7y7QlE"', 'Vary': 'Accept-Encoding', 'Content-Encoding': 'gzip', 'CF-Cache-Status': 'DYNAMIC', 'Report-To': '{"endpoints":[{"url":"https:\\/\\/a.nel.cloudflare.com\\/report\\/v4?s=IQQrT1VZ6jxxGcUMpzKbHPhuhVaNYldZ1ONvwcyyXd4r6bHpJzrA4oz18pLhBEEWcHVlbOmg4YxA46VBrhif5ZW3i9gOy8l66qON4n7Tgei6Lbp0upFwwUMKGN1BRbzw"}],"group":"cf-nel","max_age":604800}', 'NEL': '{"success_fraction":0,"report_to":"cf-nel","max_age":604800}', 'Server': 'cloudflare', 'CF-RAY': '8994f5433fba1121-ORD', 'alt-svc': 'h3=":443"; ma=86400'} 
 body={"results":[{"gender":"male","name":{"title":"Mr","first":"Tristan","last":"Johansen"},"location":{"street":{"number":8097,"name":"Lærkevænget"},"city":"Esbjerg V","state":"Syddanmark","country":"Denmark","postcode":86014,"coordinates":{"latitude":"-38.6446","longitude":"-129.8416"},"timezone":{"offset":"-3:30","description":"Newfoundland"}},"email":"tristan.johansen@example.com","login":{"uuid":"e44c82dd-2114-4786-9a8c-0995c45884b8","username":"lazypeacock132","password":"netscape","salt":"idgsBFxe","md5":"c2147c5c7e96ae533d093778f2807e1d","sha1":"ea7fdf245ab57f24afec7be20dac581e345f7693","sha256":"f8d0be1bf0b8b05a5dbe1d10acb14c0aa0a8dd6184e8d261c6fb795e1c66282a"},"dob":{"date":"1979-11-19T23:08:38.629Z","age":44},"registered":{"date":"2014-09-05T22:47:04.696Z","age":9},"phone":"72355275","cell":"39573016","id":{"name":"CPR","value":"191179-6862"},"picture":{"large":"https://randomuser.me/api/portraits/men/34.jpg","medium":"https://randomuser.me/api/portraits/med/men/34.jpg","thumbnail":"https://randomuser.me/api/portraits/thumb/men/34.jpg"},"nat":"DK"}],"info":{"seed":"89850b4f135ec31a","results":1,"page":1,"version":"1.4"}} 
 </msg>
<msg time="2024-06-25T12:28:33.211261" level="INFO">/opt/hostedtoolcache/Python/3.12.4/x64/lib/python3.12/site-packages/urllib3/connectionpool.py:1099: InsecureRequestWarning: Unverified HTTPS request is being made to host 'randomuser.me'. Adding certificate verification is strongly advised. See: https://urllib3.readthedocs.io/en/latest/advanced-usage.html#tls-warnings
  warnings.warn(</msg>
<msg time="2024-06-25T12:28:33.211439" level="INFO">${response} = &lt;Response [200]&gt;</msg>
<var>${response}</var>
<arg>consultarAPI</arg>
<arg>/api</arg>
<doc>Sends a GET request on a previously created HTTP Session.</doc>
<status status="PASS" start="2024-06-25T12:28:33.011688" elapsed="0.199797"/>
</kw>
<kw name="Should Be Equal As Numbers" owner="BuiltIn">
<msg time="2024-06-25T12:28:33.212578" level="INFO">Argument types are:
&lt;class 'int'&gt;
&lt;class 'str'&gt;</msg>
<arg>${response.status_code}</arg>
<arg>200</arg>
<doc>Fails if objects are unequal after converting them to real numbers.</doc>
<status status="PASS" start="2024-06-25T12:28:33.212094" elapsed="0.000553"/>
</kw>
<kw name="Log" owner="BuiltIn">
<msg time="2024-06-25T12:28:33.213372" level="INFO">200</msg>
<arg>${response.status_code}</arg>
<doc>Logs the given message with the given level.</doc>
<status status="PASS" start="2024-06-25T12:28:33.213003" elapsed="0.000412"/>
</kw>
<kw name="Set Variable" owner="BuiltIn">
<msg time="2024-06-25T12:28:33.214173" level="INFO">${json_data} = {'results': [{'gender': 'male', 'name': {'title': 'Mr', 'first': 'Tristan', 'last': 'Johansen'}, 'location': {'street': {'number': 8097, 'name': 'Lærkevænget'}, 'city': 'Esbjerg V', 'state': 'Syddanma...</msg>
<var>${json_data}</var>
<arg>${response.json()}</arg>
<doc>Returns the given values which can then be assigned to a variables.</doc>
<status status="PASS" start="2024-06-25T12:28:33.213726" elapsed="0.000477"/>
</kw>
<kw name="Dictionary Should Contain Key" owner="Collections">
<arg>${json_data}</arg>
<arg>results</arg>
<doc>Fails if ``key`` is not found from ``dictionary``.</doc>
<status status="PASS" start="2024-06-25T12:28:33.214503" elapsed="0.000166"/>
</kw>
<status status="PASS" start="2024-06-25T12:28:33.011422" elapsed="0.203403"/>
</kw>
<doc>Testa se a API responde corretamente e retorna um objeto JSON válido.</doc>
<tag>testeRequisicaoBasica</tag>
<status status="PASS" start="2024-06-25T12:28:33.010848" elapsed="0.204157"/>
</test>
<test id="s1-s1-t3" name="Validar estrutura de resposta" line="22">
<kw name="Teste de Estrutura de Resposta" owner="random-user-service">
<kw name="GET On Session" owner="RequestsLibrary">
<msg time="2024-06-25T12:28:33.309508" level="INFO">GET Request : url=https://randomuser.me/api 
 path_url=/api 
 headers={'User-Agent': 'python-requests/2.32.3', 'Accept-Encoding': 'gzip, deflate', 'Accept': '*/*', 'Connection': 'keep-alive'} 
 body=None 
 </msg>
<msg time="2024-06-25T12:28:33.309587" level="INFO">GET Response : url=https://randomuser.me/api 
 status=200, reason=OK 
 headers={'Date': 'Tue, 25 Jun 2024 12:28:33 GMT', 'Content-Type': 'application/json; charset=utf-8', 'Transfer-Encoding': 'chunked', 'Connection': 'keep-alive', 'X-Powered-By': 'Express', 'Access-Control-Allow-Origin': '*', 'Cache-Control': 'no-cache', 'ETag': 'W/"4a0-2XLpcZLpAlcxlWjS8dM0dfl9yWk"', 'Vary': 'Accept-Encoding', 'Content-Encoding': 'gzip', 'CF-Cache-Status': 'DYNAMIC', 'Report-To': '{"endpoints":[{"url":"https:\\/\\/a.nel.cloudflare.com\\/report\\/v4?s=%2Bdnaxk80MzKUr4NyGEYDgV5rt7IEoenM5OQg%2FoTvv5nDJUdXsjGWnYTfnSAIHg9tdnWa17KOs0N%2Bq8lxZUZWaYLAJ2ugWdNQGs6kn7ly35Mcl3DRm9JqHoNMY99aDRAZ"}],"group":"cf-nel","max_age":604800}', 'NEL': '{"success_fraction":0,"report_to":"cf-nel","max_age":604800}', 'Server': 'cloudflare', 'CF-RAY': '8994f54398101121-ORD', 'alt-svc': 'h3=":443"; ma=86400'} 
 body={"results":[{"gender":"female","name":{"title":"Mrs","first":"Lucy","last":"Cox"},"location":{"street":{"number":5791,"name":"South Street"},"city":"Hereford","state":"Tyne and Wear","country":"United Kingdom","postcode":"PM5T 0YL","coordinates":{"latitude":"-4.9515","longitude":"93.2390"},"timezone":{"offset":"+10:00","description":"Eastern Australia, Guam, Vladivostok"}},"email":"lucy.cox@example.com","login":{"uuid":"a29f9b6e-bc59-4000-ad4d-b98fef221512","username":"ticklishpanda644","password":"dodge","salt":"WxLbdaiY","md5":"dcf0441945f33a96b138f9b192c68ec0","sha1":"4b226ba5571db18cbebae6cd41996145626bc8d6","sha256":"d6219110baba98d2eab0e11d4b64d1a0296117d051569907cdde3ce410df86f5"},"dob":{"date":"1975-09-14T01:03:27.089Z","age":48},"registered":{"date":"2021-07-14T15:58:07.532Z","age":2},"phone":"017687 28263","cell":"07876 819017","id":{"name":"NINO","value":"BC 99 57 57 E"},"picture":{"large":"https://randomuser.me/api/portraits/women/87.jpg","medium":"https://randomuser.me/api/portraits/med/women/87.jpg","thumbnail":"https://randomuser.me/api/portraits/thumb/women/87.jpg"},"nat":"GB"}],"info":{"seed":"52030f9b266ae142","results":1,"page":1,"version":"1.4"}} 
 </msg>
<msg time="2024-06-25T12:28:33.309707" level="INFO">/opt/hostedtoolcache/Python/3.12.4/x64/lib/python3.12/site-packages/urllib3/connectionpool.py:1099: InsecureRequestWarning: Unverified HTTPS request is being made to host 'randomuser.me'. Adding certificate verification is strongly advised. See: https://urllib3.readthedocs.io/en/latest/advanced-usage.html#tls-warnings
  warnings.warn(</msg>
<msg time="2024-06-25T12:28:33.309855" level="INFO">${response} = &lt;Response [200]&gt;</msg>
<var>${response}</var>
<arg>consultarAPI</arg>
<arg>/api</arg>
<doc>Sends a GET request on a previously created HTTP Session.</doc>
<status status="PASS" start="2024-06-25T12:28:33.217781" elapsed="0.092116"/>
</kw>
<kw name="Set Variable" owner="BuiltIn">
<msg time="2024-06-25T12:28:33.311035" level="INFO">${json_data} = {'results': [{'gender': 'female', 'name': {'title': 'Mrs', 'first': 'Lucy', 'last': 'Cox'}, 'location': {'street': {'number': 5791, 'name': 'South Street'}, 'city': 'Hereford', 'state': 'Tyne and Wear...</msg>
<var>${json_data}</var>
<arg>${response.json()}</arg>
<doc>Returns the given values which can then be assigned to a variables.</doc>
<status status="PASS" start="2024-06-25T12:28:33.310439" elapsed="0.000625"/>
</kw>
<kw name="Log" owner="BuiltIn">
<msg time="2024-06-25T12:28:33.311527" level="INFO">{'results': [{'gender': 'female', 'name': {'title': 'Mrs', 'first': 'Lucy', 'last': 'Cox'}, 'location': {'street': {'number': 5791, 'name': 'South Street'}, 'city': 'Hereford', 'state': 'Tyne and Wear', 'country': 'United Kingdom', 'postcode': 'PM5T 0YL', 'coordinates': {'latitude': '-4.9515', 'longitude': '93.2390'}, 'timezone': {'offset': '+10:00', 'description': 'Eastern Australia, Guam, Vladivostok'}}, 'email': 'lucy.cox@example.com', 'login': {'uuid': 'a29f9b6e-bc59-4000-ad4d-b98fef221512', 'username': 'ticklishpanda644', 'password': 'dodge', 'salt': 'WxLbdaiY', 'md5': 'dcf0441945f33a96b138f9b192c68ec0', 'sha1': '4b226ba5571db18cbebae6cd41996145626bc8d6', 'sha256': 'd6219110baba98d2eab0e11d4b64d1a0296117d051569907cdde3ce410df86f5'}, 'dob': {'date': '1975-09-14T01:03:27.089Z', 'age': 48}, 'registered': {'date': '2021-07-14T15:58:07.532Z', 'age': 2}, 'phone': '017687 28263', 'cell': '07876 819017', 'id': {'name': 'NINO', 'value': 'BC 99 57 57 E'}, 'picture': {'large': 'https://randomuser.me/api/portraits/women/87.jpg', 'medium': 'https://randomuser.me/api/portraits/med/women/87.jpg', 'thumbnail': 'https://randomuser.me/api/portraits/thumb/women/87.jpg'}, 'nat': 'GB'}], 'info': {'seed': '52030f9b266ae142', 'results': 1, 'page': 1, 'version': '1.4'}}</msg>
<arg>${json_data}</arg>
<doc>Logs the given message with the given level.</doc>
<status status="PASS" start="2024-06-25T12:28:33.311371" elapsed="0.000203"/>
</kw>
<kw name="Dictionary Should Contain Key" owner="Collections">
<arg>${json_data}</arg>
<arg>results</arg>
<doc>Fails if ``key`` is not found from ``dictionary``.</doc>
<status status="PASS" start="2024-06-25T12:28:33.311858" elapsed="0.000191"/>
</kw>
<kw name="Should Not Be Empty" owner="BuiltIn">
<msg time="2024-06-25T12:28:33.312377" level="INFO">Length is 2.</msg>
<arg>${json_data}</arg>
<doc>Verifies that the given item is not empty.</doc>
<status status="PASS" start="2024-06-25T12:28:33.312245" elapsed="0.000175"/>
</kw>
<kw name="Create List" owner="BuiltIn">
<msg time="2024-06-25T12:28:33.313018" level="INFO">${expected_keys} = ['gender', 'name', 'location', 'email', 'login']</msg>
<var>${expected_keys}</var>
<arg>gender</arg>
<arg>name</arg>
<arg>location</arg>
<arg>email</arg>
<arg>login</arg>
<doc>Returns a list containing given items.</doc>
<status status="PASS" start="2024-06-25T12:28:33.312718" elapsed="0.000325"/>
</kw>
<for flavor="IN">
<iter>
<kw name="Dictionary Should Contain Key" owner="Collections">
<arg>${json_data['results'][0]}</arg>
<arg>${key}</arg>
<doc>Fails if ``key`` is not found from ``dictionary``.</doc>
<status status="PASS" start="2024-06-25T12:28:33.313619" elapsed="0.000392"/>
</kw>
<kw name="Log" owner="BuiltIn">
<msg time="2024-06-25T12:28:33.314544" level="INFO">{'gender': 'female', 'name': {'title': 'Mrs', 'first': 'Lucy', 'last': 'Cox'}, 'location': {'street': {'number': 5791, 'name': 'South Street'}, 'city': 'Hereford', 'state': 'Tyne and Wear', 'country': 'United Kingdom', 'postcode': 'PM5T 0YL', 'coordinates': {'latitude': '-4.9515', 'longitude': '93.2390'}, 'timezone': {'offset': '+10:00', 'description': 'Eastern Australia, Guam, Vladivostok'}}, 'email': 'lucy.cox@example.com', 'login': {'uuid': 'a29f9b6e-bc59-4000-ad4d-b98fef221512', 'username': 'ticklishpanda644', 'password': 'dodge', 'salt': 'WxLbdaiY', 'md5': 'dcf0441945f33a96b138f9b192c68ec0', 'sha1': '4b226ba5571db18cbebae6cd41996145626bc8d6', 'sha256': 'd6219110baba98d2eab0e11d4b64d1a0296117d051569907cdde3ce410df86f5'}, 'dob': {'date': '1975-09-14T01:03:27.089Z', 'age': 48}, 'registered': {'date': '2021-07-14T15:58:07.532Z', 'age': 2}, 'phone': '017687 28263', 'cell': '07876 819017', 'id': {'name': 'NINO', 'value': 'BC 99 57 57 E'}, 'picture': {'large': 'https://randomuser.me/api/portraits/women/87.jpg', 'medium': 'https://randomuser.me/api/portraits/med/women/87.jpg', 'thumbnail': 'https://randomuser.me/api/portraits/thumb/women/87.jpg'}, 'nat': 'GB'}</msg>
<arg>${json_data['results'][0]}</arg>
<doc>Logs the given message with the given level.</doc>
<status status="PASS" start="2024-06-25T12:28:33.314192" elapsed="0.000399"/>
</kw>
<kw name="Log" owner="BuiltIn">
<msg time="2024-06-25T12:28:33.315011" level="INFO">gender</msg>
<arg>${key}</arg>
<doc>Logs the given message with the given level.</doc>
<status status="PASS" start="2024-06-25T12:28:33.314880" elapsed="0.000186"/>
</kw>
<var name="${key}">gender</var>
<status status="PASS" start="2024-06-25T12:28:33.313496" elapsed="0.001832"/>
</iter>
<iter>
<kw name="Dictionary Should Contain Key" owner="Collections">
<arg>${json_data['results'][0]}</arg>
<arg>${key}</arg>
<doc>Fails if ``key`` is not found from ``dictionary``.</doc>
<status status="PASS" start="2024-06-25T12:28:33.315619" elapsed="0.000414"/>
</kw>
<kw name="Log" owner="BuiltIn">
<msg time="2024-06-25T12:28:33.316612" level="INFO">{'gender': 'female', 'name': {'title': 'Mrs', 'first': 'Lucy', 'last': 'Cox'}, 'location': {'street': {'number': 5791, 'name': 'South Street'}, 'city': 'Hereford', 'state': 'Tyne and Wear', 'country': 'United Kingdom', 'postcode': 'PM5T 0YL', 'coordinates': {'latitude': '-4.9515', 'longitude': '93.2390'}, 'timezone': {'offset': '+10:00', 'description': 'Eastern Australia, Guam, Vladivostok'}}, 'email': 'lucy.cox@example.com', 'login': {'uuid': 'a29f9b6e-bc59-4000-ad4d-b98fef221512', 'username': 'ticklishpanda644', 'password': 'dodge', 'salt': 'WxLbdaiY', 'md5': 'dcf0441945f33a96b138f9b192c68ec0', 'sha1': '4b226ba5571db18cbebae6cd41996145626bc8d6', 'sha256': 'd6219110baba98d2eab0e11d4b64d1a0296117d051569907cdde3ce410df86f5'}, 'dob': {'date': '1975-09-14T01:03:27.089Z', 'age': 48}, 'registered': {'date': '2021-07-14T15:58:07.532Z', 'age': 2}, 'phone': '017687 28263', 'cell': '07876 819017', 'id': {'name': 'NINO', 'value': 'BC 99 57 57 E'}, 'picture': {'large': 'https://randomuser.me/api/portraits/women/87.jpg', 'medium': 'https://randomuser.me/api/portraits/med/women/87.jpg', 'thumbnail': 'https://randomuser.me/api/portraits/thumb/women/87.jpg'}, 'nat': 'GB'}</msg>
<arg>${json_data['results'][0]}</arg>
<doc>Logs the given message with the given level.</doc>
<status status="PASS" start="2024-06-25T12:28:33.316219" elapsed="0.000440"/>
</kw>
<kw name="Log" owner="BuiltIn">
<msg time="2024-06-25T12:28:33.317081" level="INFO">name</msg>
<arg>${key}</arg>
<doc>Logs the given message with the given level.</doc>
<status status="PASS" start="2024-06-25T12:28:33.316954" elapsed="0.000163"/>
</kw>
<var name="${key}">name</var>
<status status="PASS" start="2024-06-25T12:28:33.315508" elapsed="0.001822"/>
</iter>
<iter>
<kw name="Dictionary Should Contain Key" owner="Collections">
<arg>${json_data['results'][0]}</arg>
<arg>${key}</arg>
<doc>Fails if ``key`` is not found from ``dictionary``.</doc>
<status status="PASS" start="2024-06-25T12:28:33.317610" elapsed="0.000378"/>
</kw>
<kw name="Log" owner="BuiltIn">
<msg time="2024-06-25T12:28:33.318554" level="INFO">{'gender': 'female', 'name': {'title': 'Mrs', 'first': 'Lucy', 'last': 'Cox'}, 'location': {'street': {'number': 5791, 'name': 'South Street'}, 'city': 'Hereford', 'state': 'Tyne and Wear', 'country': 'United Kingdom', 'postcode': 'PM5T 0YL', 'coordinates': {'latitude': '-4.9515', 'longitude': '93.2390'}, 'timezone': {'offset': '+10:00', 'description': 'Eastern Australia, Guam, Vladivostok'}}, 'email': 'lucy.cox@example.com', 'login': {'uuid': 'a29f9b6e-bc59-4000-ad4d-b98fef221512', 'username': 'ticklishpanda644', 'password': 'dodge', 'salt': 'WxLbdaiY', 'md5': 'dcf0441945f33a96b138f9b192c68ec0', 'sha1': '4b226ba5571db18cbebae6cd41996145626bc8d6', 'sha256': 'd6219110baba98d2eab0e11d4b64d1a0296117d051569907cdde3ce410df86f5'}, 'dob': {'date': '1975-09-14T01:03:27.089Z', 'age': 48}, 'registered': {'date': '2021-07-14T15:58:07.532Z', 'age': 2}, 'phone': '017687 28263', 'cell': '07876 819017', 'id': {'name': 'NINO', 'value': 'BC 99 57 57 E'}, 'picture': {'large': 'https://randomuser.me/api/portraits/women/87.jpg', 'medium': 'https://randomuser.me/api/portraits/med/women/87.jpg', 'thumbnail': 'https://randomuser.me/api/portraits/thumb/women/87.jpg'}, 'nat': 'GB'}</msg>
<arg>${json_data['results'][0]}</arg>
<doc>Logs the given message with the given level.</doc>
<status status="PASS" start="2024-06-25T12:28:33.318166" elapsed="0.000434"/>
</kw>
<kw name="Log" owner="BuiltIn">
<msg time="2024-06-25T12:28:33.319019" level="INFO">location</msg>
<arg>${key}</arg>
<doc>Logs the given message with the given level.</doc>
<status status="PASS" start="2024-06-25T12:28:33.318896" elapsed="0.000158"/>
</kw>
<var name="${key}">location</var>
<status status="PASS" start="2024-06-25T12:28:33.317504" elapsed="0.001761"/>
</iter>
<iter>
<kw name="Dictionary Should Contain Key" owner="Collections">
<arg>${json_data['results'][0]}</arg>
<arg>${key}</arg>
<doc>Fails if ``key`` is not found from ``dictionary``.</doc>
<status status="PASS" start="2024-06-25T12:28:33.319563" elapsed="0.000382"/>
</kw>
<kw name="Log" owner="BuiltIn">
<msg time="2024-06-25T12:28:33.320530" level="INFO">{'gender': 'female', 'name': {'title': 'Mrs', 'first': 'Lucy', 'last': 'Cox'}, 'location': {'street': {'number': 5791, 'name': 'South Street'}, 'city': 'Hereford', 'state': 'Tyne and Wear', 'country': 'United Kingdom', 'postcode': 'PM5T 0YL', 'coordinates': {'latitude': '-4.9515', 'longitude': '93.2390'}, 'timezone': {'offset': '+10:00', 'description': 'Eastern Australia, Guam, Vladivostok'}}, 'email': 'lucy.cox@example.com', 'login': {'uuid': 'a29f9b6e-bc59-4000-ad4d-b98fef221512', 'username': 'ticklishpanda644', 'password': 'dodge', 'salt': 'WxLbdaiY', 'md5': 'dcf0441945f33a96b138f9b192c68ec0', 'sha1': '4b226ba5571db18cbebae6cd41996145626bc8d6', 'sha256': 'd6219110baba98d2eab0e11d4b64d1a0296117d051569907cdde3ce410df86f5'}, 'dob': {'date': '1975-09-14T01:03:27.089Z', 'age': 48}, 'registered': {'date': '2021-07-14T15:58:07.532Z', 'age': 2}, 'phone': '017687 28263', 'cell': '07876 819017', 'id': {'name': 'NINO', 'value': 'BC 99 57 57 E'}, 'picture': {'large': 'https://randomuser.me/api/portraits/women/87.jpg', 'medium': 'https://randomuser.me/api/portraits/med/women/87.jpg', 'thumbnail': 'https://randomuser.me/api/portraits/thumb/women/87.jpg'}, 'nat': 'GB'}</msg>
<arg>${json_data['results'][0]}</arg>
<doc>Logs the given message with the given level.</doc>
<status status="PASS" start="2024-06-25T12:28:33.320177" elapsed="0.000399"/>
</kw>
<kw name="Log" owner="BuiltIn">
<msg time="2024-06-25T12:28:33.320987" level="INFO">email</msg>
<arg>${key}</arg>
<doc>Logs the given message with the given level.</doc>
<status status="PASS" start="2024-06-25T12:28:33.320862" elapsed="0.000162"/>
</kw>
<var name="${key}">email</var>
<status status="PASS" start="2024-06-25T12:28:33.319434" elapsed="0.001801"/>
</iter>
<iter>
<kw name="Dictionary Should Contain Key" owner="Collections">
<arg>${json_data['results'][0]}</arg>
<arg>${key}</arg>
<doc>Fails if ``key`` is not found from ``dictionary``.</doc>
<status status="PASS" start="2024-06-25T12:28:33.321511" elapsed="0.000387"/>
</kw>
<kw name="Log" owner="BuiltIn">
<msg time="2024-06-25T12:28:33.322414" level="INFO">{'gender': 'female', 'name': {'title': 'Mrs', 'first': 'Lucy', 'last': 'Cox'}, 'location': {'street': {'number': 5791, 'name': 'South Street'}, 'city': 'Hereford', 'state': 'Tyne and Wear', 'country': 'United Kingdom', 'postcode': 'PM5T 0YL', 'coordinates': {'latitude': '-4.9515', 'longitude': '93.2390'}, 'timezone': {'offset': '+10:00', 'description': 'Eastern Australia, Guam, Vladivostok'}}, 'email': 'lucy.cox@example.com', 'login': {'uuid': 'a29f9b6e-bc59-4000-ad4d-b98fef221512', 'username': 'ticklishpanda644', 'password': 'dodge', 'salt': 'WxLbdaiY', 'md5': 'dcf0441945f33a96b138f9b192c68ec0', 'sha1': '4b226ba5571db18cbebae6cd41996145626bc8d6', 'sha256': 'd6219110baba98d2eab0e11d4b64d1a0296117d051569907cdde3ce410df86f5'}, 'dob': {'date': '1975-09-14T01:03:27.089Z', 'age': 48}, 'registered': {'date': '2021-07-14T15:58:07.532Z', 'age': 2}, 'phone': '017687 28263', 'cell': '07876 819017', 'id': {'name': 'NINO', 'value': 'BC 99 57 57 E'}, 'picture': {'large': 'https://randomuser.me/api/portraits/women/87.jpg', 'medium': 'https://randomuser.me/api/portraits/med/women/87.jpg', 'thumbnail': 'https://randomuser.me/api/portraits/thumb/women/87.jpg'}, 'nat': 'GB'}</msg>
<arg>${json_data['results'][0]}</arg>
<doc>Logs the given message with the given level.</doc>
<status status="PASS" start="2024-06-25T12:28:33.322074" elapsed="0.000396"/>
</kw>
<kw name="Log" owner="BuiltIn">
<msg time="2024-06-25T12:28:33.322886" level="INFO">login</msg>
<arg>${key}</arg>
<doc>Logs the given message with the given level.</doc>
<status status="PASS" start="2024-06-25T12:28:33.322761" elapsed="0.000162"/>
</kw>
<var name="${key}">login</var>
<status status="PASS" start="2024-06-25T12:28:33.321398" elapsed="0.001734"/>
</iter>
<var>${key}</var>
<value>@{expected_keys}</value>
<status status="PASS" start="2024-06-25T12:28:33.313302" elapsed="0.009947"/>
</for>
<kw name="Create List" owner="BuiltIn">
<msg time="2024-06-25T12:28:33.323603" level="INFO">${expected_keysTwo} = ['username', 'password']</msg>
<var>${expected_keysTwo}</var>
<arg>username</arg>
<arg>password</arg>
<doc>Returns a list containing given items.</doc>
<status status="PASS" start="2024-06-25T12:28:33.323465" elapsed="0.000162"/>
</kw>
<for flavor="IN">
<iter>
<kw name="Dictionary Should Contain Key" owner="Collections">
<arg>${json_data['results'][0]['login']}</arg>
<arg>${keyTwo}</arg>
<doc>Fails if ``key`` is not found from ``dictionary``.</doc>
<status status="PASS" start="2024-06-25T12:28:33.324163" elapsed="0.000395"/>
</kw>
<kw name="Dictionary Should Contain Key" owner="Collections">
<arg>${json_data['results'][0]['login']}</arg>
<arg>${keyTwo}</arg>
<doc>Fails if ``key`` is not found from ``dictionary``.</doc>
<status status="PASS" start="2024-06-25T12:28:33.324733" elapsed="0.000363"/>
</kw>
<kw name="Log" owner="BuiltIn">
<msg time="2024-06-25T12:28:33.325388" level="INFO">username</msg>
<arg>${keyTwo}</arg>
<doc>Logs the given message with the given level.</doc>
<status status="PASS" start="2024-06-25T12:28:33.325271" elapsed="0.000152"/>
</kw>
<var name="${keyTwo}">username</var>
<status status="PASS" start="2024-06-25T12:28:33.324044" elapsed="0.001600"/>
</iter>
<iter>
<kw name="Dictionary Should Contain Key" owner="Collections">
<arg>${json_data['results'][0]['login']}</arg>
<arg>${keyTwo}</arg>
<doc>Fails if ``key`` is not found from ``dictionary``.</doc>
<status status="PASS" start="2024-06-25T12:28:33.325918" elapsed="0.000376"/>
</kw>
<kw name="Dictionary Should Contain Key" owner="Collections">
<arg>${json_data['results'][0]['login']}</arg>
<arg>${keyTwo}</arg>
<doc>Fails if ``key`` is not found from ``dictionary``.</doc>
<status status="PASS" start="2024-06-25T12:28:33.326473" elapsed="0.000359"/>
</kw>
<kw name="Log" owner="BuiltIn">
<msg time="2024-06-25T12:28:33.327117" level="INFO">password</msg>
<arg>${keyTwo}</arg>
<doc>Logs the given message with the given level.</doc>
<status status="PASS" start="2024-06-25T12:28:33.327002" elapsed="0.000151"/>
</kw>
<var name="${keyTwo}">password</var>
<status status="PASS" start="2024-06-25T12:28:33.325810" elapsed="0.001648"/>
</iter>
<var>${keyTwo}</var>
<value>@{expected_keysTwo}</value>
<status status="PASS" start="2024-06-25T12:28:33.323862" elapsed="0.003715"/>
</for>
<status status="PASS" start="2024-06-25T12:28:33.217533" elapsed="0.110184"/>
</kw>
<doc>Testa a estrutura da resposta da API.</doc>
<tag>testeEstruturaResposta</tag>
<status status="PASS" start="2024-06-25T12:28:33.216890" elapsed="0.110981"/>
</test>
<test id="s1-s1-t4" name="Validar tipos de dados" line="28">
<kw name="Teste de Tipos de Dados" owner="random-user-service">
<kw name="GET On Session" owner="RequestsLibrary">
<msg time="2024-06-25T12:28:33.399026" level="INFO">GET Request : url=https://randomuser.me/api 
 path_url=/api 
 headers={'User-Agent': 'python-requests/2.32.3', 'Accept-Encoding': 'gzip, deflate', 'Accept': '*/*', 'Connection': 'keep-alive'} 
 body=None 
 </msg>
<msg time="2024-06-25T12:28:33.399124" level="INFO">GET Response : url=https://randomuser.me/api 
 status=200, reason=OK 
 headers={'Date': 'Tue, 25 Jun 2024 12:28:33 GMT', 'Content-Type': 'application/json; charset=utf-8', 'Transfer-Encoding': 'chunked', 'Connection': 'keep-alive', 'X-Powered-By': 'Express', 'Access-Control-Allow-Origin': '*', 'Cache-Control': 'no-cache', 'ETag': 'W/"4ae-IxmsBH2RsL7kEMcmIxFU18ZVEes"', 'Vary': 'Accept-Encoding', 'Content-Encoding': 'gzip', 'CF-Cache-Status': 'DYNAMIC', 'Report-To': '{"endpoints":[{"url":"https:\\/\\/a.nel.cloudflare.com\\/report\\/v4?s=KeGzeybT5nOoRhaZZuHSL0XHTYRiDvEeRC7SttxFwAstSX9Lq8p4afH5hfSzyDcLE5pU%2BCcgsJLyrt3%2B8crxA6tcysIXV1gVZv6GlkFMMt7NN8EaDajiI3xKfAC8dyjl"}],"group":"cf-nel","max_age":604800}', 'NEL': '{"success_fraction":0,"report_to":"cf-nel","max_age":604800}', 'Server': 'cloudflare', 'CF-RAY': '8994f54459021121-ORD', 'alt-svc': 'h3=":443"; ma=86400'} 
 body={"results":[{"gender":"female","name":{"title":"Ms","first":"Geneci","last":"da Luz"},"location":{"street":{"number":7115,"name":"Rua Tiradentes "},"city":"Francisco Morato","state":"Rio Grande do Norte","country":"Brazil","postcode":52787,"coordinates":{"latitude":"-79.1987","longitude":"44.9099"},"timezone":{"offset":"+1:00","description":"Brussels, Copenhagen, Madrid, Paris"}},"email":"geneci.daluz@example.com","login":{"uuid":"54f7bd5b-7605-40b2-9768-0ab838d78c3c","username":"orangebear665","password":"helium","salt":"zcwaRi1E","md5":"fa78b31b8fd6587aa7ba2d887c69b5f4","sha1":"8e8d47bfdd3e0eb74cd05c1eb283bba5514b2f2b","sha256":"1710485e2be7e8108c6a58082b4302c55edd6b26a9ecd68c66cf587596b954ca"},"dob":{"date":"1985-03-21T06:57:48.546Z","age":39},"registered":{"date":"2013-07-03T02:09:22.445Z","age":10},"phone":"(58) 4582-7735","cell":"(92) 0104-3550","id":{"name":"CPF","value":"997.924.291-50"},"picture":{"large":"https://randomuser.me/api/portraits/women/19.jpg","medium":"https://randomuser.me/api/portraits/med/women/19.jpg","thumbnail":"https://randomuser.me/api/portraits/thumb/women/19.jpg"},"nat":"BR"}],"info":{"seed":"6da14e4e84c16f8c","results":1,"page":1,"version":"1.4"}} 
 </msg>
<msg time="2024-06-25T12:28:33.399204" level="INFO">/opt/hostedtoolcache/Python/3.12.4/x64/lib/python3.12/site-packages/urllib3/connectionpool.py:1099: InsecureRequestWarning: Unverified HTTPS request is being made to host 'randomuser.me'. Adding certificate verification is strongly advised. See: https://urllib3.readthedocs.io/en/latest/advanced-usage.html#tls-warnings
  warnings.warn(</msg>
<msg time="2024-06-25T12:28:33.399327" level="INFO">${response} = &lt;Response [200]&gt;</msg>
<var>${response}</var>
<arg>consultarAPI</arg>
<arg>/api</arg>
<doc>Sends a GET request on a previously created HTTP Session.</doc>
<status status="PASS" start="2024-06-25T12:28:33.330518" elapsed="0.068860"/>
</kw>
<kw name="Set Variable" owner="BuiltIn">
<msg time="2024-06-25T12:28:33.400435" level="INFO">${json_data} = {'results': [{'gender': 'female', 'name': {'title': 'Ms', 'first': 'Geneci', 'last': 'da Luz'}, 'location': {'street': {'number': 7115, 'name': 'Rua Tiradentes '}, 'city': 'Francisco Morato', 'state':...</msg>
<var>${json_data}</var>
<arg>${response.json()}</arg>
<doc>Returns the given values which can then be assigned to a variables.</doc>
<status status="PASS" start="2024-06-25T12:28:33.399896" elapsed="0.000568"/>
</kw>
<kw name="Log" owner="BuiltIn">
<msg time="2024-06-25T12:28:33.400920" level="INFO">{'results': [{'gender': 'female', 'name': {'title': 'Ms', 'first': 'Geneci', 'last': 'da Luz'}, 'location': {'street': {'number': 7115, 'name': 'Rua Tiradentes '}, 'city': 'Francisco Morato', 'state': 'Rio Grande do Norte', 'country': 'Brazil', 'postcode': 52787, 'coordinates': {'latitude': '-79.1987', 'longitude': '44.9099'}, 'timezone': {'offset': '+1:00', 'description': 'Brussels, Copenhagen, Madrid, Paris'}}, 'email': 'geneci.daluz@example.com', 'login': {'uuid': '54f7bd5b-7605-40b2-9768-0ab838d78c3c', 'username': 'orangebear665', 'password': 'helium', 'salt': 'zcwaRi1E', 'md5': 'fa78b31b8fd6587aa7ba2d887c69b5f4', 'sha1': '8e8d47bfdd3e0eb74cd05c1eb283bba5514b2f2b', 'sha256': '1710485e2be7e8108c6a58082b4302c55edd6b26a9ecd68c66cf587596b954ca'}, 'dob': {'date': '1985-03-21T06:57:48.546Z', 'age': 39}, 'registered': {'date': '2013-07-03T02:09:22.445Z', 'age': 10}, 'phone': '(58) 4582-7735', 'cell': '(92) 0104-3550', 'id': {'name': 'CPF', 'value': '997.924.291-50'}, 'picture': {'large': 'https://randomuser.me/api/portraits/women/19.jpg', 'medium': 'https://randomuser.me/api/portraits/med/women/19.jpg', 'thumbnail': 'https://randomuser.me/api/portraits/thumb/women/19.jpg'}, 'nat': 'BR'}], 'info': {'seed': '6da14e4e84c16f8c', 'results': 1, 'page': 1, 'version': '1.4'}}</msg>
<arg>${json_data}</arg>
<doc>Logs the given message with the given level.</doc>
<status status="PASS" start="2024-06-25T12:28:33.400768" elapsed="0.000201"/>
</kw>
<kw name="Should Be String" owner="String">
<arg>${json_data['results'][0]['gender']}</arg>
<doc>Fails if the given ``item`` is not a string.</doc>
<status status="PASS" start="2024-06-25T12:28:33.401267" elapsed="0.000360"/>
</kw>
<kw name="Should Match Regexp" owner="BuiltIn">
<arg>${json_data['results'][0]['email']}</arg>
<arg>^[a-zA-Z0-9._%+-]+@[a-zA-Z0-9.-]+\.[a-zA-Z]{2,}$</arg>
<doc>Fails if ``string`` does not match ``pattern`` as a regular expression.</doc>
<status status="PASS" start="2024-06-25T12:28:33.401853" elapsed="0.000523"/>
</kw>
<kw name="Should Match Regexp" owner="BuiltIn">
<arg>${json_data['results'][0]['dob']['date']}</arg>
<arg>\\d{4}-\\d{2}-\\d{2}T\\d{2}:\\d{2}:\\d{2}\\.\\d{3}Z</arg>
<doc>Fails if ``string`` does not match ``pattern`` as a regular expression.</doc>
<status status="PASS" start="2024-06-25T12:28:33.402568" elapsed="0.000489"/>
</kw>
<kw name="Should Match Regexp" owner="BuiltIn">
<arg>${json_data['results'][0]['registered']['date']}</arg>
<arg>\\d{4}-\\d{2}-\\d{2}T\\d{2}:\\d{2}:\\d{2}\\.\\d{3}Z</arg>
<doc>Fails if ``string`` does not match ``pattern`` as a regular expression.</doc>
<status status="PASS" start="2024-06-25T12:28:33.403249" elapsed="0.000364"/>
</kw>
<kw name="Should Match Regexp" owner="BuiltIn">
<arg>${json_data['results'][0]['picture']['large']}</arg>
<arg>^https?://.*\.(?:png|jpe?g|gif|bmp)$</arg>
<doc>Fails if ``string`` does not match ``pattern`` as a regular expression.</doc>
<status status="PASS" start="2024-06-25T12:28:33.403797" elapsed="0.000482"/>
</kw>
<kw name="Should Match Regexp" owner="BuiltIn">
<arg>${json_data['results'][0]['picture']['medium']}</arg>
<arg>^https?://.*\.(?:png|jpe?g|gif|bmp)$</arg>
<doc>Fails if ``string`` does not match ``pattern`` as a regular expression.</doc>
<status status="PASS" start="2024-06-25T12:28:33.404465" elapsed="0.000351"/>
</kw>
<kw name="Should Match Regexp" owner="BuiltIn">
<arg>${json_data['results'][0]['picture']['thumbnail']}</arg>
<arg>^https?://.*\.(?:png|jpe?g|gif|bmp)$</arg>
<doc>Fails if ``string`` does not match ``pattern`` as a regular expression.</doc>
<status status="PASS" start="2024-06-25T12:28:33.405000" elapsed="0.000348"/>
</kw>
<kw name="Log" owner="BuiltIn">
<msg time="2024-06-25T12:28:33.405854" level="INFO">{'large': 'https://randomuser.me/api/portraits/women/19.jpg', 'medium': 'https://randomuser.me/api/portraits/med/women/19.jpg', 'thumbnail': 'https://randomuser.me/api/portraits/thumb/women/19.jpg'}</msg>
<arg>${json_data['results'][0]['picture']}</arg>
<doc>Logs the given message with the given level.</doc>
<status status="PASS" start="2024-06-25T12:28:33.405526" elapsed="0.000370"/>
</kw>
<status status="PASS" start="2024-06-25T12:28:33.330298" elapsed="0.075850"/>
</kw>
<kw name="Teste de Tipos de Dados - Postcode" owner="random-user-service">
<kw name="GET On Session" owner="RequestsLibrary">
<msg time="2024-06-25T12:28:33.509281" level="INFO">GET Request : url=https://randomuser.me/api 
 path_url=/api 
 headers={'User-Agent': 'python-requests/2.32.3', 'Accept-Encoding': 'gzip, deflate', 'Accept': '*/*', 'Connection': 'keep-alive'} 
 body=None 
 </msg>
<msg time="2024-06-25T12:28:33.509374" level="INFO">GET Response : url=https://randomuser.me/api 
 status=200, reason=OK 
 headers={'Date': 'Tue, 25 Jun 2024 12:28:33 GMT', 'Content-Type': 'application/json; charset=utf-8', 'Transfer-Encoding': 'chunked', 'Connection': 'keep-alive', 'X-Powered-By': 'Express', 'Access-Control-Allow-Origin': '*', 'Cache-Control': 'no-cache', 'ETag': 'W/"492-sVRpQsVV+9tCmWSYTdnJ9oX/bY4"', 'Vary': 'Accept-Encoding', 'Content-Encoding': 'gzip', 'CF-Cache-Status': 'DYNAMIC', 'Report-To': '{"endpoints":[{"url":"https:\\/\\/a.nel.cloudflare.com\\/report\\/v4?s=Ds%2FAH1dLZ0cUFX9QzgtyQSDcSC%2F0%2BLNbU3MQ1%2B4MlL0G1E9zD17QGd608OSkXCvWytaujj5NPoTg3uDcekoLsWhw3LQtS4q6UTDKrpwKqtpuez%2FLTTB7Od5NxImvyz8W"}],"group":"cf-nel","max_age":604800}', 'NEL': '{"success_fraction":0,"report_to":"cf-nel","max_age":604800}', 'Server': 'cloudflare', 'CF-RAY': '8994f544c98e1121-ORD', 'alt-svc': 'h3=":443"; ma=86400'} 
 body={"results":[{"gender":"female","name":{"title":"Miss","first":"بهاره","last":"سلطانی نژاد"},"location":{"street":{"number":2984,"name":"قدس"},"city":"کرمان","state":"آذربایجان شرقی","country":"Iran","postcode":80169,"coordinates":{"latitude":"14.7979","longitude":"163.2680"},"timezone":{"offset":"-2:00","description":"Mid-Atlantic"}},"email":"bhrh.sltnynjd@example.com","login":{"uuid":"354549e0-c9d5-48c4-a878-4b197db466b6","username":"orangefrog757","password":"jordan","salt":"K1uGXrxH","md5":"953cb361e3fd78221cbbdebf640869fa","sha1":"7952ee10e8dfb6d0de0226515bee8be2cebfde8b","sha256":"aaab288f2b8d6d6328b731da9e63f33a05f4fad087470319c4c7707ca0b0bc76"},"dob":{"date":"1950-09-17T01:59:49.003Z","age":73},"registered":{"date":"2014-05-14T14:39:15.244Z","age":10},"phone":"087-24374381","cell":"0926-729-0985","id":{"name":"","value":null},"picture":{"large":"https://randomuser.me/api/portraits/women/42.jpg","medium":"https://randomuser.me/api/portraits/med/women/42.jpg","thumbnail":"https://randomuser.me/api/portraits/thumb/women/42.jpg"},"nat":"IR"}],"info":{"seed":"b485b7b8c48e1ebf","results":1,"page":1,"version":"1.4"}} 
 </msg>
<msg time="2024-06-25T12:28:33.509456" level="INFO">/opt/hostedtoolcache/Python/3.12.4/x64/lib/python3.12/site-packages/urllib3/connectionpool.py:1099: InsecureRequestWarning: Unverified HTTPS request is being made to host 'randomuser.me'. Adding certificate verification is strongly advised. See: https://urllib3.readthedocs.io/en/latest/advanced-usage.html#tls-warnings
  warnings.warn(</msg>
<msg time="2024-06-25T12:28:33.509572" level="INFO">${response} = &lt;Response [200]&gt;</msg>
<var>${response}</var>
<arg>consultarAPI</arg>
<arg>/api</arg>
<doc>Sends a GET request on a previously created HTTP Session.</doc>
<status status="PASS" start="2024-06-25T12:28:33.406602" elapsed="0.103014"/>
</kw>
<kw name="Set Variable" owner="BuiltIn">
<msg time="2024-06-25T12:28:33.510576" level="INFO">${json_data} = {'results': [{'gender': 'female', 'name': {'title': 'Miss', 'first': 'بهاره', 'last': 'سلطانی نژاد'}, 'location': {'street': {'number': 2984, 'name': 'قدس'}, 'city': 'کرمان', 'state': 'آذربایجان شرقی'...</msg>
<var>${json_data}</var>
<arg>${response.json()}</arg>
<doc>Returns the given values which can then be assigned to a variables.</doc>
<status status="PASS" start="2024-06-25T12:28:33.510078" elapsed="0.000528"/>
</kw>
<kw name="Log" owner="BuiltIn">
<msg time="2024-06-25T12:28:33.511077" level="INFO">{'results': [{'gender': 'female', 'name': {'title': 'Miss', 'first': 'بهاره', 'last': 'سلطانی نژاد'}, 'location': {'street': {'number': 2984, 'name': 'قدس'}, 'city': 'کرمان', 'state': 'آذربایجان شرقی', 'country': 'Iran', 'postcode': 80169, 'coordinates': {'latitude': '14.7979', 'longitude': '163.2680'}, 'timezone': {'offset': '-2:00', 'description': 'Mid-Atlantic'}}, 'email': 'bhrh.sltnynjd@example.com', 'login': {'uuid': '354549e0-c9d5-48c4-a878-4b197db466b6', 'username': 'orangefrog757', 'password': 'jordan', 'salt': 'K1uGXrxH', 'md5': '953cb361e3fd78221cbbdebf640869fa', 'sha1': '7952ee10e8dfb6d0de0226515bee8be2cebfde8b', 'sha256': 'aaab288f2b8d6d6328b731da9e63f33a05f4fad087470319c4c7707ca0b0bc76'}, 'dob': {'date': '1950-09-17T01:59:49.003Z', 'age': 73}, 'registered': {'date': '2014-05-14T14:39:15.244Z', 'age': 10}, 'phone': '087-24374381', 'cell': '0926-729-0985', 'id': {'name': '', 'value': None}, 'picture': {'large': 'https://randomuser.me/api/portraits/women/42.jpg', 'medium': 'https://randomuser.me/api/portraits/med/women/42.jpg', 'thumbnail': 'https://randomuser.me/api/portraits/thumb/women/42.jpg'}, 'nat': 'IR'}], 'info': {'seed': 'b485b7b8c48e1ebf', 'results': 1, 'page': 1, 'version': '1.4'}}</msg>
<arg>${json_data}</arg>
<doc>Logs the given message with the given level.</doc>
<status status="PASS" start="2024-06-25T12:28:33.510914" elapsed="0.000211"/>
</kw>
<kw name="Should Be Equal As Numbers" owner="BuiltIn">
<arg>${json_data['results'][0]['location']['postcode']}</arg>
<arg>${json_data['results'][0]['location']['postcode']}</arg>
<doc>Fails if objects are unequal after converting them to real numbers.</doc>
<status status="PASS" start="2024-06-25T12:28:33.511415" elapsed="0.000652"/>
</kw>
<kw name="Log" owner="BuiltIn">
<msg time="2024-06-25T12:28:33.512781" level="INFO">80169</msg>
<arg>${json_data['results'][0]['location']['postcode']}</arg>
<doc>Logs the given message with the given level.</doc>
<status status="PASS" start="2024-06-25T12:28:33.512298" elapsed="0.000525"/>
</kw>
<status status="PASS" start="2024-06-25T12:28:33.406374" elapsed="0.106705"/>
</kw>
<doc>Testa se os tipos de dados na resposta da API estão corretos.</doc>
<tag>testeTiposDados</tag>
<status status="PASS" start="2024-06-25T12:28:33.329739" elapsed="0.183504"/>
</test>
<test id="s1-s1-t5" name="Validar conteudo" line="35">
<kw name="Teste de Tipos de Conteudo" owner="random-user-service">
<kw name="GET On Session" owner="RequestsLibrary">
<msg time="2024-06-25T12:28:33.604065" level="INFO">GET Request : url=https://randomuser.me/api 
 path_url=/api 
 headers={'User-Agent': 'python-requests/2.32.3', 'Accept-Encoding': 'gzip, deflate', 'Accept': '*/*', 'Connection': 'keep-alive'} 
 body=None 
 </msg>
<msg time="2024-06-25T12:28:33.604157" level="INFO">GET Response : url=https://randomuser.me/api 
 status=200, reason=OK 
 headers={'Date': 'Tue, 25 Jun 2024 12:28:33 GMT', 'Content-Type': 'application/json; charset=utf-8', 'Transfer-Encoding': 'chunked', 'Connection': 'keep-alive', 'X-Powered-By': 'Express', 'Access-Control-Allow-Origin': '*', 'Cache-Control': 'no-cache', 'ETag': 'W/"4a8-XOFP3wErETGrQ5q/A6lU2w+wB2o"', 'Vary': 'Accept-Encoding', 'Content-Encoding': 'gzip', 'CF-Cache-Status': 'DYNAMIC', 'Report-To': '{"endpoints":[{"url":"https:\\/\\/a.nel.cloudflare.com\\/report\\/v4?s=1DPULW6L8M%2F7%2BoGGLNG6S0cEx7Kao4sPK1gFSRCHpm3EZkC1Fn9hb8ElvdlOUUcsbM7W5IRcPDwWPLlSG%2F9rmLgViSeD0rgMiN2EIp6Tykdy%2BxAzC8qFSJ9QbYDGG5bU"}],"group":"cf-nel","max_age":604800}', 'NEL': '{"success_fraction":0,"report_to":"cf-nel","max_age":604800}', 'Server': 'cloudflare', 'CF-RAY': '8994f5457a3f1121-ORD', 'alt-svc': 'h3=":443"; ma=86400'} 
 body={"results":[{"gender":"male","name":{"title":"Mr","first":"Fortunato","last":"Moreira"},"location":{"street":{"number":2949,"name":"Rua Alagoas "},"city":"Conselheiro Lafaiete","state":"Rondônia","country":"Brazil","postcode":82164,"coordinates":{"latitude":"-76.3060","longitude":"-163.3059"},"timezone":{"offset":"+1:00","description":"Brussels, Copenhagen, Madrid, Paris"}},"email":"fortunato.moreira@example.com","login":{"uuid":"6a7414cc-567e-4523-b756-21b8453af0ee","username":"greenkoala254","password":"journey","salt":"uzD4wknm","md5":"08be66972fe6d942872660ba8653d2fa","sha1":"a46ca21e2ee8c9545308a217eb511b7c4bba9795","sha256":"5559e499188f81d822ac994ccfa97021dc6cc3220405893335d29ae47e964a16"},"dob":{"date":"1950-02-02T14:13:56.139Z","age":74},"registered":{"date":"2016-06-07T17:14:12.059Z","age":8},"phone":"(23) 1690-9952","cell":"(10) 3065-3089","id":{"name":"CPF","value":"062.933.901-27"},"picture":{"large":"https://randomuser.me/api/portraits/men/51.jpg","medium":"https://randomuser.me/api/portraits/med/men/51.jpg","thumbnail":"https://randomuser.me/api/portraits/thumb/men/51.jpg"},"nat":"BR"}],"info":{"seed":"533bdde5d1f2681d","results":1,"page":1,"version":"1.4"}} 
 </msg>
<msg time="2024-06-25T12:28:33.604224" level="INFO">/opt/hostedtoolcache/Python/3.12.4/x64/lib/python3.12/site-packages/urllib3/connectionpool.py:1099: InsecureRequestWarning: Unverified HTTPS request is being made to host 'randomuser.me'. Adding certificate verification is strongly advised. See: https://urllib3.readthedocs.io/en/latest/advanced-usage.html#tls-warnings
  warnings.warn(</msg>
<msg time="2024-06-25T12:28:33.604327" level="INFO">${response} = &lt;Response [200]&gt;</msg>
<var>${response}</var>
<arg>consultarAPI</arg>
<arg>/api</arg>
<doc>Sends a GET request on a previously created HTTP Session.</doc>
<status status="PASS" start="2024-06-25T12:28:33.515702" elapsed="0.088651"/>
</kw>
<kw name="Set Variable" owner="BuiltIn">
<msg time="2024-06-25T12:28:33.605376" level="INFO">${json_data} = {'results': [{'gender': 'male', 'name': {'title': 'Mr', 'first': 'Fortunato', 'last': 'Moreira'}, 'location': {'street': {'number': 2949, 'name': 'Rua Alagoas '}, 'city': 'Conselheiro Lafaiete', 'stat...</msg>
<var>${json_data}</var>
<arg>${response.json()}</arg>
<doc>Returns the given values which can then be assigned to a variables.</doc>
<status status="PASS" start="2024-06-25T12:28:33.604887" elapsed="0.000517"/>
</kw>
<kw name="Set Variable" owner="BuiltIn">
<msg time="2024-06-25T12:28:33.606079" level="INFO">${name_title} = Mr</msg>
<var>${name_title}</var>
<arg>${json_data["results"][0]["name"]["title"]}</arg>
<doc>Returns the given values which can then be assigned to a variables.</doc>
<status status="PASS" start="2024-06-25T12:28:33.605703" elapsed="0.000400"/>
</kw>
<kw name="Create List" owner="BuiltIn">
<msg time="2024-06-25T12:28:33.606547" level="INFO">${allowed_titles} = ['Mr', 'Ms', 'Miss', 'Mrs', 'Madame', 'Monsieur']</msg>
<var>${allowed_titles}</var>
<arg>Mr</arg>
<arg>Ms</arg>
<arg>Miss</arg>
<arg>Mrs</arg>
<arg>Madame</arg>
<arg>Monsieur</arg>
<doc>Returns a list containing given items.</doc>
<status status="PASS" start="2024-06-25T12:28:33.606401" elapsed="0.000169"/>
</kw>
<kw name="List Should Contain Value" owner="Collections">
<arg>${allowed_titles}</arg>
<arg>${name_title}</arg>
<doc>Fails if the ``value`` is not found from ``list``.</doc>
<status status="PASS" start="2024-06-25T12:28:33.606866" elapsed="0.000175"/>
</kw>
<kw name="Set Variable" owner="BuiltIn">
<msg time="2024-06-25T12:28:33.607580" level="INFO">${name_country} = BR</msg>
<var>${name_country}</var>
<arg>${json_data["results"][0]["nat"]}</arg>
<doc>Returns the given values which can then be assigned to a variables.</doc>
<status status="PASS" start="2024-06-25T12:28:33.607216" elapsed="0.000388"/>
</kw>
<kw name="Create List" owner="BuiltIn">
<msg time="2024-06-25T12:28:33.608532" level="INFO">${list_country} = ['AD', 'AE', 'AF', 'AG', 'AI', 'AL', 'AM', 'AO', 'AQ', 'AR', 'AS', 'AT', 'AU', 'AW', 'AX', 'AZ', 'BA', 'BB', 'BD', 'BE', 'BF', 'BG', 'BH', 'BI', 'BJ', 'BL', 'BM', 'BN', 'BO', 'BQ', 'BR', 'BS', 'BT', '...</msg>
<var>${list_country}</var>
<arg>AD</arg>
<arg>AE</arg>
<arg>AF</arg>
<arg>AG</arg>
<arg>AI</arg>
<arg>AL</arg>
<arg>AM</arg>
<arg>AO</arg>
<arg>AQ</arg>
<arg>AR</arg>
<arg>AS</arg>
<arg>AT</arg>
<arg>AU</arg>
<arg>AW</arg>
<arg>AX</arg>
<arg>AZ</arg>
<arg>BA</arg>
<arg>BB</arg>
<arg>BD</arg>
<arg>BE</arg>
<arg>BF</arg>
<arg>BG</arg>
<arg>BH</arg>
<arg>BI</arg>
<arg>BJ</arg>
<arg>BL</arg>
<arg>BM</arg>
<arg>BN</arg>
<arg>BO</arg>
<arg>BQ</arg>
<arg>BR</arg>
<arg>BS</arg>
<arg>BT</arg>
<arg>BV</arg>
<arg>BW</arg>
<arg>BY</arg>
<arg>BZ</arg>
<arg>CA</arg>
<arg>CC</arg>
<arg>CD</arg>
<arg>CF</arg>
<arg>CG</arg>
<arg>CH</arg>
<arg>CI</arg>
<arg>CK</arg>
<arg>CL</arg>
<arg>CM</arg>
<arg>CN</arg>
<arg>CO</arg>
<arg>CR</arg>
<arg>CU</arg>
<arg>CV</arg>
<arg>CW</arg>
<arg>CX</arg>
<arg>CY</arg>
<arg>CZ</arg>
<arg>DE</arg>
<arg>DJ</arg>
<arg>DK</arg>
<arg>DM</arg>
<arg>DO</arg>
<arg>DZ</arg>
<arg>EC</arg>
<arg>EE</arg>
<arg>EG</arg>
<arg>EH</arg>
<arg>ER</arg>
<arg>ES</arg>
<arg>ET</arg>
<arg>FI</arg>
<arg>FJ</arg>
<arg>FK</arg>
<arg>FM</arg>
<arg>FO</arg>
<arg>FR</arg>
<arg>GA</arg>
<arg>GB</arg>
<arg>GD</arg>
<arg>GE</arg>
<arg>GF</arg>
<arg>GG</arg>
<arg>GH</arg>
<arg>GI</arg>
<arg>GL</arg>
<arg>GM</arg>
<arg>GN</arg>
<arg>GP</arg>
<arg>GQ</arg>
<arg>GR</arg>
<arg>GS</arg>
<arg>GT</arg>
<arg>GU</arg>
<arg>GW</arg>
<arg>GY</arg>
<arg>HK</arg>
<arg>HM</arg>
<arg>HN</arg>
<arg>HR</arg>
<arg>HT</arg>
<arg>HU</arg>
<arg>ID</arg>
<arg>IE</arg>
<arg>IL</arg>
<arg>IM</arg>
<arg>IN</arg>
<arg>IO</arg>
<arg>IQ</arg>
<arg>IR</arg>
<arg>IS</arg>
<arg>IT</arg>
<arg>JE</arg>
<arg>JM</arg>
<arg>JO</arg>
<arg>JP</arg>
<arg>KE</arg>
<arg>KG</arg>
<arg>KH</arg>
<arg>KI</arg>
<arg>KM</arg>
<arg>KN</arg>
<arg>KP</arg>
<arg>KR</arg>
<arg>KW</arg>
<arg>KY</arg>
<arg>KZ</arg>
<arg>LA</arg>
<arg>LB</arg>
<arg>LC</arg>
<arg>LI</arg>
<arg>LK</arg>
<arg>LR</arg>
<arg>LS</arg>
<arg>LT</arg>
<arg>LU</arg>
<arg>LV</arg>
<arg>LY</arg>
<arg>MA</arg>
<arg>MC</arg>
<arg>MD</arg>
<arg>ME</arg>
<arg>MF</arg>
<arg>MG</arg>
<arg>MH</arg>
<arg>MK</arg>
<arg>ML</arg>
<arg>MM</arg>
<arg>MN</arg>
<arg>MO</arg>
<arg>MP</arg>
<arg>MQ</arg>
<arg>MR</arg>
<arg>MS</arg>
<arg>MT</arg>
<arg>MU</arg>
<arg>MV</arg>
<arg>MW</arg>
<arg>MX</arg>
<arg>MY</arg>
<arg>MZ</arg>
<arg>NA</arg>
<arg>NC</arg>
<arg>NE</arg>
<arg>NF</arg>
<arg>NG</arg>
<arg>NI</arg>
<arg>NL</arg>
<arg>NO</arg>
<arg>NP</arg>
<arg>NR</arg>
<arg>NU</arg>
<arg>NZ</arg>
<arg>OM</arg>
<arg>PA</arg>
<arg>PE</arg>
<arg>PF</arg>
<arg>PG</arg>
<arg>PH</arg>
<arg>PK</arg>
<arg>PL</arg>
<arg>PM</arg>
<arg>PN</arg>
<arg>PR</arg>
<arg>PS</arg>
<arg>PT</arg>
<arg>PW</arg>
<arg>PY</arg>
<arg>QA</arg>
<arg>RE</arg>
<arg>RO</arg>
<arg>RS</arg>
<arg>RU</arg>
<arg>RW</arg>
<arg>SA</arg>
<arg>SB</arg>
<arg>SC</arg>
<arg>SD</arg>
<arg>SE</arg>
<arg>SG</arg>
<arg>SH</arg>
<arg>SI</arg>
<arg>SJ</arg>
<arg>SK</arg>
<arg>SL</arg>
<arg>SM</arg>
<arg>SN</arg>
<arg>SO</arg>
<arg>SR</arg>
<arg>SS</arg>
<arg>ST</arg>
<arg>SV</arg>
<arg>SX</arg>
<arg>SY</arg>
<arg>SZ</arg>
<arg>TC</arg>
<arg>TD</arg>
<arg>TF</arg>
<arg>TG</arg>
<arg>TH</arg>
<arg>TJ</arg>
<arg>TK</arg>
<arg>TL</arg>
<arg>TM</arg>
<arg>TN</arg>
<arg>TO</arg>
<arg>TR</arg>
<arg>TT</arg>
<arg>TV</arg>
<arg>TW</arg>
<arg>TZ</arg>
<arg>UA</arg>
<arg>UG</arg>
<arg>UM</arg>
<arg>US</arg>
<arg>UY</arg>
<arg>UZ</arg>
<arg>VA</arg>
<arg>VC</arg>
<arg>VE</arg>
<arg>VG</arg>
<arg>VI</arg>
<arg>VN</arg>
<arg>VU</arg>
<arg>WF</arg>
<arg>WS</arg>
<arg>XK</arg>
<arg>YE</arg>
<arg>YT</arg>
<arg>ZA</arg>
<arg>ZM</arg>
<arg>ZW</arg>
<doc>Returns a list containing given items.</doc>
<status status="PASS" start="2024-06-25T12:28:33.607903" elapsed="0.000660"/>
</kw>
<kw name="List Should Contain Value" owner="Collections">
<arg>${list_country}</arg>
<arg>${name_country}</arg>
<doc>Fails if the ``value`` is not found from ``list``.</doc>
<status status="PASS" start="2024-06-25T12:28:33.609353" elapsed="0.000196"/>
</kw>
<kw name="Run Keyword If" owner="BuiltIn">
<kw name="Should Be True" owner="BuiltIn">
<arg>${True}</arg>
<doc>Fails if the given condition is not true.</doc>
<status status="PASS" start="2024-06-25T12:28:33.610477" elapsed="0.000143"/>
</kw>
<arg>${json_data["results"][0]["location"]["coordinates"]["latitude"]} &gt;= -90 and ${json_data["results"][0]["location"]["coordinates"]["latitude"]} &lt;= 90</arg>
<arg>Should Be True</arg>
<arg>${True}</arg>
<doc>Runs the given keyword with the given arguments, if ``condition`` is true.</doc>
<status status="PASS" start="2024-06-25T12:28:33.609742" elapsed="0.001007"/>
</kw>
<kw name="Run Keyword If" owner="BuiltIn">
<kw name="Should Be True" owner="BuiltIn">
<arg>${True}</arg>
<doc>Fails if the given condition is not true.</doc>
<status status="PASS" start="2024-06-25T12:28:33.611615" elapsed="0.000237"/>
</kw>
<arg>${json_data["results"][0]["location"]["coordinates"]["longitude"]} &gt;= -180 and ${json_data["results"][0]["location"]["coordinates"]["longitude"]} &lt;= 180</arg>
<arg>Should Be True</arg>
<arg>${True}</arg>
<doc>Runs the given keyword with the given arguments, if ``condition`` is true.</doc>
<status status="PASS" start="2024-06-25T12:28:33.610930" elapsed="0.001049"/>
</kw>
<status status="PASS" start="2024-06-25T12:28:33.515486" elapsed="0.096669"/>
</kw>
<doc>Testa o conteúdo específico dos campos retornados pela API.</doc>
<tag>testeConteudo</tag>
<status status="PASS" start="2024-06-25T12:28:33.514958" elapsed="0.097348"/>
</test>
<status status="PASS" start="2024-06-25T12:28:32.640089" elapsed="0.974123"/>
</suite>
<status status="PASS" start="2024-06-25T12:28:32.625697" elapsed="0.993567"/>
</suite>
<statistics>
<total>
<stat pass="5" fail="0" skip="0">All Tests</stat>
</total>
<tag>
<stat pass="1" fail="0" skip="0">testeConteudo</stat>
<stat pass="1" fail="0" skip="0">testeEstruturaResposta</stat>
<stat pass="1" fail="0" skip="0">testeRequisicaoBasica</stat>
<stat pass="1" fail="0" skip="0">testeTiposDados</stat>
</tag>
<suite>
<stat pass="5" fail="0" skip="0" id="s1" name="Tests">Tests</stat>
<stat pass="5" fail="0" skip="0" id="s1-s1" name="Random-User-Test">Tests.Random-User-Test</stat>
</suite>
</statistics>
<errors>
</errors>
</robot>
