<?xml version="1.0" encoding="UTF-8"?>
<robot generator="Robot 7.0.1 (Python 3.12.4 on linux)" generated="2024-07-04T08:19:32.230729" rpa="false" schemaversion="5">
<suite id="s1" name="Tests" source="/home/runner/work/ApiRandomUser/ApiRandomUser/RamdonUser/tests">
<suite id="s1-s1" name="Random-User-Test" source="/home/runner/work/ApiRandomUser/ApiRandomUser/RamdonUser/tests/random-user-test.robot">
<test id="s1-s1-t1" name="Conectar" line="13">
<kw name="Conectar API" owner="random-user-service">
<kw name="Create Session" owner="RequestsLibrary">
<msg time="2024-07-04T08:19:32.640737" level="INFO">Creating Session using : alias=consultarAPI, url=https://randomuser.me/, headers={},                     cookies={}, auth=None, timeout=None, proxies=None, verify=False,                     debug=0 </msg>
<arg>consultarAPI</arg>
<arg>${URL}</arg>
<doc>Create Session: create a HTTP session to a server</doc>
<status status="PASS" start="2024-07-04T08:19:32.640490" elapsed="0.000465"/>
</kw>
<status status="PASS" start="2024-07-04T08:19:32.639484" elapsed="0.001908"/>
</kw>
<status status="PASS" start="2024-07-04T08:19:32.638815" elapsed="0.002771"/>
</test>
<test id="s1-s1-t2" name="Validar retorno 200 e JSON Válido" line="16">
<kw name="Teste de Requisicao Basica" owner="random-user-service">
<kw name="GET On Session" owner="RequestsLibrary">
<msg time="2024-07-04T08:19:32.748424" level="INFO">GET Request : url=https://randomuser.me/api 
 path_url=/api 
 headers={'User-Agent': 'python-requests/2.32.3', 'Accept-Encoding': 'gzip, deflate', 'Accept': '*/*', 'Connection': 'keep-alive'} 
 body=None 
 </msg>
<msg time="2024-07-04T08:19:32.748566" level="INFO">GET Response : url=https://randomuser.me/api 
 status=200, reason=OK 
 headers={'Date': 'Thu, 04 Jul 2024 08:19:32 GMT', 'Content-Type': 'application/json; charset=utf-8', 'Transfer-Encoding': 'chunked', 'Connection': 'keep-alive', 'X-Powered-By': 'Express', 'Access-Control-Allow-Origin': '*', 'Cache-Control': 'no-cache', 'ETag': 'W/"486-zqJfyGkiOLB+clL/FXTDikl0Jxw"', 'Vary': 'Accept-Encoding', 'Content-Encoding': 'gzip', 'CF-Cache-Status': 'DYNAMIC', 'Report-To': '{"endpoints":[{"url":"https:\\/\\/a.nel.cloudflare.com\\/report\\/v4?s=RRLAl2QpeKspeXSbZu7PSrFkAZLmDNhP6ObDG%2BI1TYB0oDspgMgzw4%2F9sFCv5EaU%2BbHtlCyD%2FyoF4ZWisNaoC4tALaSqcNs1H%2B%2BkMcgk%2FziJ1JbgHuEJN%2BZROk8BnFvw"}],"group":"cf-nel","max_age":604800}', 'NEL': '{"success_fraction":0,"report_to":"cf-nel","max_age":604800}', 'Server': 'cloudflare', 'CF-RAY': '89ddb0e15bdf07f9-IAD', 'alt-svc': 'h3=":443"; ma=86400'} 
 body={"results":[{"gender":"female","name":{"title":"Ms","first":"Abby","last":"Campbell"},"location":{"street":{"number":558,"name":"North Street"},"city":"Leeds","state":"Cambridgeshire","country":"United Kingdom","postcode":"NC8 5ZB","coordinates":{"latitude":"-9.8950","longitude":"18.2409"},"timezone":{"offset":"-2:00","description":"Mid-Atlantic"}},"email":"abby.campbell@example.com","login":{"uuid":"01e60861-0ca7-4b56-bb1e-2c3a98433b8b","username":"tinydog780","password":"abcde","salt":"WPDSxyCR","md5":"bc42f1c0d65f70ccb10d7c7ca7e6a901","sha1":"5d42d8760a6ae48015e342963a933cfea00aaf75","sha256":"0582e69bebcb6ecfce8fdfe6dc45309f0fd9eb7f589848918817b0598daf96ab"},"dob":{"date":"1956-09-29T02:55:36.094Z","age":67},"registered":{"date":"2015-11-24T17:40:27.863Z","age":8},"phone":"015394 59220","cell":"07895 958602","id":{"name":"NINO","value":"LT 97 83 19 J"},"picture":{"large":"https://randomuser.me/api/portraits/women/57.jpg","medium":"https://randomuser.me/api/portraits/med/women/57.jpg","thumbnail":"https://randomuser.me/api/portraits/thumb/women/57.jpg"},"nat":"GB"}],"info":{"seed":"2e648daba0747cb1","results":1,"page":1,"version":"1.4"}} 
 </msg>
<msg time="2024-07-04T08:19:32.748647" level="INFO">/opt/hostedtoolcache/Python/3.12.4/x64/lib/python3.12/site-packages/urllib3/connectionpool.py:1099: InsecureRequestWarning: Unverified HTTPS request is being made to host 'randomuser.me'. Adding certificate verification is strongly advised. See: https://urllib3.readthedocs.io/en/latest/advanced-usage.html#tls-warnings
  warnings.warn(</msg>
<msg time="2024-07-04T08:19:32.748784" level="INFO">${response} = &lt;Response [200]&gt;</msg>
<var>${response}</var>
<arg>consultarAPI</arg>
<arg>/api</arg>
<doc>Sends a GET request on a previously created HTTP Session.</doc>
<status status="PASS" start="2024-07-04T08:19:32.644359" elapsed="0.104465"/>
</kw>
<kw name="Should Be Equal As Numbers" owner="BuiltIn">
<msg time="2024-07-04T08:19:32.749786" level="INFO">Argument types are:
&lt;class 'int'&gt;
&lt;class 'str'&gt;</msg>
<arg>${response.status_code}</arg>
<arg>200</arg>
<doc>Fails if objects are unequal after converting them to real numbers.</doc>
<status status="PASS" start="2024-07-04T08:19:32.749299" elapsed="0.000556"/>
</kw>
<kw name="Log" owner="BuiltIn">
<msg time="2024-07-04T08:19:32.750542" level="INFO">200</msg>
<arg>${response.status_code}</arg>
<doc>Logs the given message with the given level.</doc>
<status status="PASS" start="2024-07-04T08:19:32.750180" elapsed="0.000407"/>
</kw>
<kw name="Set Variable" owner="BuiltIn">
<msg time="2024-07-04T08:19:32.751358" level="INFO">${json_data} = {'results': [{'gender': 'female', 'name': {'title': 'Ms', 'first': 'Abby', 'last': 'Campbell'}, 'location': {'street': {'number': 558, 'name': 'North Street'}, 'city': 'Leeds', 'state': 'Cambridgeshir...</msg>
<var>${json_data}</var>
<arg>${response.json()}</arg>
<doc>Returns the given values which can then be assigned to a variables.</doc>
<status status="PASS" start="2024-07-04T08:19:32.750921" elapsed="0.000466"/>
</kw>
<kw name="Dictionary Should Contain Key" owner="Collections">
<arg>${json_data}</arg>
<arg>results</arg>
<doc>Fails if ``key`` is not found from ``dictionary``.</doc>
<status status="PASS" start="2024-07-04T08:19:32.751688" elapsed="0.000167"/>
</kw>
<status status="PASS" start="2024-07-04T08:19:32.644097" elapsed="0.107915"/>
</kw>
<doc>Testa se a API responde corretamente e retorna um objeto JSON válido.</doc>
<tag>testeRequisicaoBasica</tag>
<status status="PASS" start="2024-07-04T08:19:32.643509" elapsed="0.108679"/>
</test>
<test id="s1-s1-t3" name="Validar estrutura de resposta" line="22">
<kw name="Teste de Estrutura de Resposta" owner="random-user-service">
<kw name="GET On Session" owner="RequestsLibrary">
<msg time="2024-07-04T08:19:32.856121" level="INFO">GET Request : url=https://randomuser.me/api 
 path_url=/api 
 headers={'User-Agent': 'python-requests/2.32.3', 'Accept-Encoding': 'gzip, deflate', 'Accept': '*/*', 'Connection': 'keep-alive'} 
 body=None 
 </msg>
<msg time="2024-07-04T08:19:32.856210" level="INFO">GET Response : url=https://randomuser.me/api 
 status=200, reason=OK 
 headers={'Date': 'Thu, 04 Jul 2024 08:19:32 GMT', 'Content-Type': 'application/json; charset=utf-8', 'Transfer-Encoding': 'chunked', 'Connection': 'keep-alive', 'X-Powered-By': 'Express', 'Access-Control-Allow-Origin': '*', 'Cache-Control': 'no-cache', 'ETag': 'W/"464-ChMp8K5iF/+ioId5FL2Th4lqfWQ"', 'Vary': 'Accept-Encoding', 'Content-Encoding': 'gzip', 'CF-Cache-Status': 'DYNAMIC', 'Report-To': '{"endpoints":[{"url":"https:\\/\\/a.nel.cloudflare.com\\/report\\/v4?s=L1SdqStqnqdz0XUEzGJVMxnN2UvAft3BgtgkLC0frfbtnZO8uqhDmoccQhbriiJpfRcBM5UgaUdHh4maMJxeBdW2nh6X5Apzw4AcGLisM0QQnt2KgYDfQ8GYMhvpTrcC"}],"group":"cf-nel","max_age":604800}', 'NEL': '{"success_fraction":0,"report_to":"cf-nel","max_age":604800}', 'Server': 'cloudflare', 'CF-RAY': '89ddb0e1bc3007f9-IAD', 'alt-svc': 'h3=":443"; ma=86400'} 
 body={"results":[{"gender":"male","name":{"title":"Mr","first":"Arlo","last":"Singh"},"location":{"street":{"number":7370,"name":"Bealey Avenue"},"city":"Napier","state":"Canterbury","country":"New Zealand","postcode":47738,"coordinates":{"latitude":"52.6617","longitude":"-167.7285"},"timezone":{"offset":"-10:00","description":"Hawaii"}},"email":"arlo.singh@example.com","login":{"uuid":"1a1b1726-b68f-49cd-8ae4-d9c96641bcbf","username":"tinyfish884","password":"nofear","salt":"SzI0KX1p","md5":"b8ca10cc784dd12caaf190bd75d4d24c","sha1":"9d9421db90049c9c8fac340b4b76d88d0f06a119","sha256":"77aa3b11293d199d289d730eb094754671446a86c94ce4ab9352f49266db02b2"},"dob":{"date":"1977-11-13T13:55:50.314Z","age":46},"registered":{"date":"2018-04-14T04:23:59.843Z","age":6},"phone":"(342)-177-7975","cell":"(353)-336-9823","id":{"name":"","value":null},"picture":{"large":"https://randomuser.me/api/portraits/men/59.jpg","medium":"https://randomuser.me/api/portraits/med/men/59.jpg","thumbnail":"https://randomuser.me/api/portraits/thumb/men/59.jpg"},"nat":"NZ"}],"info":{"seed":"a723e1101b0bf6f3","results":1,"page":1,"version":"1.4"}} 
 </msg>
<msg time="2024-07-04T08:19:32.856338" level="INFO">/opt/hostedtoolcache/Python/3.12.4/x64/lib/python3.12/site-packages/urllib3/connectionpool.py:1099: InsecureRequestWarning: Unverified HTTPS request is being made to host 'randomuser.me'. Adding certificate verification is strongly advised. See: https://urllib3.readthedocs.io/en/latest/advanced-usage.html#tls-warnings
  warnings.warn(</msg>
<msg time="2024-07-04T08:19:32.856480" level="INFO">${response} = &lt;Response [200]&gt;</msg>
<var>${response}</var>
<arg>consultarAPI</arg>
<arg>/api</arg>
<doc>Sends a GET request on a previously created HTTP Session.</doc>
<status status="PASS" start="2024-07-04T08:19:32.754944" elapsed="0.101589"/>
</kw>
<kw name="Set Variable" owner="BuiltIn">
<msg time="2024-07-04T08:19:32.857617" level="INFO">${json_data} = {'results': [{'gender': 'male', 'name': {'title': 'Mr', 'first': 'Arlo', 'last': 'Singh'}, 'location': {'street': {'number': 7370, 'name': 'Bealey Avenue'}, 'city': 'Napier', 'state': 'Canterbury', 'c...</msg>
<var>${json_data}</var>
<arg>${response.json()}</arg>
<doc>Returns the given values which can then be assigned to a variables.</doc>
<status status="PASS" start="2024-07-04T08:19:32.857030" elapsed="0.000615"/>
</kw>
<kw name="Log" owner="BuiltIn">
<msg time="2024-07-04T08:19:32.858155" level="INFO">{'results': [{'gender': 'male', 'name': {'title': 'Mr', 'first': 'Arlo', 'last': 'Singh'}, 'location': {'street': {'number': 7370, 'name': 'Bealey Avenue'}, 'city': 'Napier', 'state': 'Canterbury', 'country': 'New Zealand', 'postcode': 47738, 'coordinates': {'latitude': '52.6617', 'longitude': '-167.7285'}, 'timezone': {'offset': '-10:00', 'description': 'Hawaii'}}, 'email': 'arlo.singh@example.com', 'login': {'uuid': '1a1b1726-b68f-49cd-8ae4-d9c96641bcbf', 'username': 'tinyfish884', 'password': 'nofear', 'salt': 'SzI0KX1p', 'md5': 'b8ca10cc784dd12caaf190bd75d4d24c', 'sha1': '9d9421db90049c9c8fac340b4b76d88d0f06a119', 'sha256': '77aa3b11293d199d289d730eb094754671446a86c94ce4ab9352f49266db02b2'}, 'dob': {'date': '1977-11-13T13:55:50.314Z', 'age': 46}, 'registered': {'date': '2018-04-14T04:23:59.843Z', 'age': 6}, 'phone': '(342)-177-7975', 'cell': '(353)-336-9823', 'id': {'name': '', 'value': None}, 'picture': {'large': 'https://randomuser.me/api/portraits/men/59.jpg', 'medium': 'https://randomuser.me/api/portraits/med/men/59.jpg', 'thumbnail': 'https://randomuser.me/api/portraits/thumb/men/59.jpg'}, 'nat': 'NZ'}], 'info': {'seed': 'a723e1101b0bf6f3', 'results': 1, 'page': 1, 'version': '1.4'}}</msg>
<arg>${json_data}</arg>
<doc>Logs the given message with the given level.</doc>
<status status="PASS" start="2024-07-04T08:19:32.857995" elapsed="0.000208"/>
</kw>
<kw name="Dictionary Should Contain Key" owner="Collections">
<arg>${json_data}</arg>
<arg>results</arg>
<doc>Fails if ``key`` is not found from ``dictionary``.</doc>
<status status="PASS" start="2024-07-04T08:19:32.858495" elapsed="0.000153"/>
</kw>
<kw name="Should Not Be Empty" owner="BuiltIn">
<msg time="2024-07-04T08:19:32.858964" level="INFO">Length is 2.</msg>
<arg>${json_data}</arg>
<doc>Verifies that the given item is not empty.</doc>
<status status="PASS" start="2024-07-04T08:19:32.858835" elapsed="0.000169"/>
</kw>
<kw name="Create List" owner="BuiltIn">
<msg time="2024-07-04T08:19:32.859587" level="INFO">${expected_keys} = ['gender', 'name', 'location', 'email', 'login']</msg>
<var>${expected_keys}</var>
<arg>gender</arg>
<arg>name</arg>
<arg>location</arg>
<arg>email</arg>
<arg>login</arg>
<doc>Returns a list containing given items.</doc>
<status status="PASS" start="2024-07-04T08:19:32.859306" elapsed="0.000306"/>
</kw>
<for flavor="IN">
<iter>
<kw name="Dictionary Should Contain Key" owner="Collections">
<arg>${json_data['results'][0]}</arg>
<arg>${key}</arg>
<doc>Fails if ``key`` is not found from ``dictionary``.</doc>
<status status="PASS" start="2024-07-04T08:19:32.860195" elapsed="0.000427"/>
</kw>
<kw name="Log" owner="BuiltIn">
<msg time="2024-07-04T08:19:32.861198" level="INFO">{'gender': 'male', 'name': {'title': 'Mr', 'first': 'Arlo', 'last': 'Singh'}, 'location': {'street': {'number': 7370, 'name': 'Bealey Avenue'}, 'city': 'Napier', 'state': 'Canterbury', 'country': 'New Zealand', 'postcode': 47738, 'coordinates': {'latitude': '52.6617', 'longitude': '-167.7285'}, 'timezone': {'offset': '-10:00', 'description': 'Hawaii'}}, 'email': 'arlo.singh@example.com', 'login': {'uuid': '1a1b1726-b68f-49cd-8ae4-d9c96641bcbf', 'username': 'tinyfish884', 'password': 'nofear', 'salt': 'SzI0KX1p', 'md5': 'b8ca10cc784dd12caaf190bd75d4d24c', 'sha1': '9d9421db90049c9c8fac340b4b76d88d0f06a119', 'sha256': '77aa3b11293d199d289d730eb094754671446a86c94ce4ab9352f49266db02b2'}, 'dob': {'date': '1977-11-13T13:55:50.314Z', 'age': 46}, 'registered': {'date': '2018-04-14T04:23:59.843Z', 'age': 6}, 'phone': '(342)-177-7975', 'cell': '(353)-336-9823', 'id': {'name': '', 'value': None}, 'picture': {'large': 'https://randomuser.me/api/portraits/men/59.jpg', 'medium': 'https://randomuser.me/api/portraits/med/men/59.jpg', 'thumbnail': 'https://randomuser.me/api/portraits/thumb/men/59.jpg'}, 'nat': 'NZ'}</msg>
<arg>${json_data['results'][0]}</arg>
<doc>Logs the given message with the given level.</doc>
<status status="PASS" start="2024-07-04T08:19:32.860831" elapsed="0.000417"/>
</kw>
<kw name="Log" owner="BuiltIn">
<msg time="2024-07-04T08:19:32.861672" level="INFO">gender</msg>
<arg>${key}</arg>
<doc>Logs the given message with the given level.</doc>
<status status="PASS" start="2024-07-04T08:19:32.861543" elapsed="0.000185"/>
</kw>
<var name="${key}">gender</var>
<status status="PASS" start="2024-07-04T08:19:32.860064" elapsed="0.001890"/>
</iter>
<iter>
<kw name="Dictionary Should Contain Key" owner="Collections">
<arg>${json_data['results'][0]}</arg>
<arg>${key}</arg>
<doc>Fails if ``key`` is not found from ``dictionary``.</doc>
<status status="PASS" start="2024-07-04T08:19:32.862258" elapsed="0.000395"/>
</kw>
<kw name="Log" owner="BuiltIn">
<msg time="2024-07-04T08:19:32.863189" level="INFO">{'gender': 'male', 'name': {'title': 'Mr', 'first': 'Arlo', 'last': 'Singh'}, 'location': {'street': {'number': 7370, 'name': 'Bealey Avenue'}, 'city': 'Napier', 'state': 'Canterbury', 'country': 'New Zealand', 'postcode': 47738, 'coordinates': {'latitude': '52.6617', 'longitude': '-167.7285'}, 'timezone': {'offset': '-10:00', 'description': 'Hawaii'}}, 'email': 'arlo.singh@example.com', 'login': {'uuid': '1a1b1726-b68f-49cd-8ae4-d9c96641bcbf', 'username': 'tinyfish884', 'password': 'nofear', 'salt': 'SzI0KX1p', 'md5': 'b8ca10cc784dd12caaf190bd75d4d24c', 'sha1': '9d9421db90049c9c8fac340b4b76d88d0f06a119', 'sha256': '77aa3b11293d199d289d730eb094754671446a86c94ce4ab9352f49266db02b2'}, 'dob': {'date': '1977-11-13T13:55:50.314Z', 'age': 46}, 'registered': {'date': '2018-04-14T04:23:59.843Z', 'age': 6}, 'phone': '(342)-177-7975', 'cell': '(353)-336-9823', 'id': {'name': '', 'value': None}, 'picture': {'large': 'https://randomuser.me/api/portraits/men/59.jpg', 'medium': 'https://randomuser.me/api/portraits/med/men/59.jpg', 'thumbnail': 'https://randomuser.me/api/portraits/thumb/men/59.jpg'}, 'nat': 'NZ'}</msg>
<arg>${json_data['results'][0]}</arg>
<doc>Logs the given message with the given level.</doc>
<status status="PASS" start="2024-07-04T08:19:32.862838" elapsed="0.000431"/>
</kw>
<kw name="Log" owner="BuiltIn">
<msg time="2024-07-04T08:19:32.863702" level="INFO">name</msg>
<arg>${key}</arg>
<doc>Logs the given message with the given level.</doc>
<status status="PASS" start="2024-07-04T08:19:32.863572" elapsed="0.000168"/>
</kw>
<var name="${key}">name</var>
<status status="PASS" start="2024-07-04T08:19:32.862140" elapsed="0.001815"/>
</iter>
<iter>
<kw name="Dictionary Should Contain Key" owner="Collections">
<arg>${json_data['results'][0]}</arg>
<arg>${key}</arg>
<doc>Fails if ``key`` is not found from ``dictionary``.</doc>
<status status="PASS" start="2024-07-04T08:19:32.864242" elapsed="0.000399"/>
</kw>
<kw name="Log" owner="BuiltIn">
<msg time="2024-07-04T08:19:32.865173" level="INFO">{'gender': 'male', 'name': {'title': 'Mr', 'first': 'Arlo', 'last': 'Singh'}, 'location': {'street': {'number': 7370, 'name': 'Bealey Avenue'}, 'city': 'Napier', 'state': 'Canterbury', 'country': 'New Zealand', 'postcode': 47738, 'coordinates': {'latitude': '52.6617', 'longitude': '-167.7285'}, 'timezone': {'offset': '-10:00', 'description': 'Hawaii'}}, 'email': 'arlo.singh@example.com', 'login': {'uuid': '1a1b1726-b68f-49cd-8ae4-d9c96641bcbf', 'username': 'tinyfish884', 'password': 'nofear', 'salt': 'SzI0KX1p', 'md5': 'b8ca10cc784dd12caaf190bd75d4d24c', 'sha1': '9d9421db90049c9c8fac340b4b76d88d0f06a119', 'sha256': '77aa3b11293d199d289d730eb094754671446a86c94ce4ab9352f49266db02b2'}, 'dob': {'date': '1977-11-13T13:55:50.314Z', 'age': 46}, 'registered': {'date': '2018-04-14T04:23:59.843Z', 'age': 6}, 'phone': '(342)-177-7975', 'cell': '(353)-336-9823', 'id': {'name': '', 'value': None}, 'picture': {'large': 'https://randomuser.me/api/portraits/men/59.jpg', 'medium': 'https://randomuser.me/api/portraits/med/men/59.jpg', 'thumbnail': 'https://randomuser.me/api/portraits/thumb/men/59.jpg'}, 'nat': 'NZ'}</msg>
<arg>${json_data['results'][0]}</arg>
<doc>Logs the given message with the given level.</doc>
<status status="PASS" start="2024-07-04T08:19:32.864824" elapsed="0.000396"/>
</kw>
<kw name="Log" owner="BuiltIn">
<msg time="2024-07-04T08:19:32.865661" level="INFO">location</msg>
<arg>${key}</arg>
<doc>Logs the given message with the given level.</doc>
<status status="PASS" start="2024-07-04T08:19:32.865530" elapsed="0.000168"/>
</kw>
<var name="${key}">location</var>
<status status="PASS" start="2024-07-04T08:19:32.864133" elapsed="0.001807"/>
</iter>
<iter>
<kw name="Dictionary Should Contain Key" owner="Collections">
<arg>${json_data['results'][0]}</arg>
<arg>${key}</arg>
<doc>Fails if ``key`` is not found from ``dictionary``.</doc>
<status status="PASS" start="2024-07-04T08:19:32.866224" elapsed="0.000392"/>
</kw>
<kw name="Log" owner="BuiltIn">
<msg time="2024-07-04T08:19:32.867155" level="INFO">{'gender': 'male', 'name': {'title': 'Mr', 'first': 'Arlo', 'last': 'Singh'}, 'location': {'street': {'number': 7370, 'name': 'Bealey Avenue'}, 'city': 'Napier', 'state': 'Canterbury', 'country': 'New Zealand', 'postcode': 47738, 'coordinates': {'latitude': '52.6617', 'longitude': '-167.7285'}, 'timezone': {'offset': '-10:00', 'description': 'Hawaii'}}, 'email': 'arlo.singh@example.com', 'login': {'uuid': '1a1b1726-b68f-49cd-8ae4-d9c96641bcbf', 'username': 'tinyfish884', 'password': 'nofear', 'salt': 'SzI0KX1p', 'md5': 'b8ca10cc784dd12caaf190bd75d4d24c', 'sha1': '9d9421db90049c9c8fac340b4b76d88d0f06a119', 'sha256': '77aa3b11293d199d289d730eb094754671446a86c94ce4ab9352f49266db02b2'}, 'dob': {'date': '1977-11-13T13:55:50.314Z', 'age': 46}, 'registered': {'date': '2018-04-14T04:23:59.843Z', 'age': 6}, 'phone': '(342)-177-7975', 'cell': '(353)-336-9823', 'id': {'name': '', 'value': None}, 'picture': {'large': 'https://randomuser.me/api/portraits/men/59.jpg', 'medium': 'https://randomuser.me/api/portraits/med/men/59.jpg', 'thumbnail': 'https://randomuser.me/api/portraits/thumb/men/59.jpg'}, 'nat': 'NZ'}</msg>
<arg>${json_data['results'][0]}</arg>
<doc>Logs the given message with the given level.</doc>
<status status="PASS" start="2024-07-04T08:19:32.866802" elapsed="0.000403"/>
</kw>
<kw name="Log" owner="BuiltIn">
<msg time="2024-07-04T08:19:32.867639" level="INFO">email</msg>
<arg>${key}</arg>
<doc>Logs the given message with the given level.</doc>
<status status="PASS" start="2024-07-04T08:19:32.867505" elapsed="0.000173"/>
</kw>
<var name="${key}">email</var>
<status status="PASS" start="2024-07-04T08:19:32.866113" elapsed="0.001776"/>
</iter>
<iter>
<kw name="Dictionary Should Contain Key" owner="Collections">
<arg>${json_data['results'][0]}</arg>
<arg>${key}</arg>
<doc>Fails if ``key`` is not found from ``dictionary``.</doc>
<status status="PASS" start="2024-07-04T08:19:32.868174" elapsed="0.000395"/>
</kw>
<kw name="Log" owner="BuiltIn">
<msg time="2024-07-04T08:19:32.869103" level="INFO">{'gender': 'male', 'name': {'title': 'Mr', 'first': 'Arlo', 'last': 'Singh'}, 'location': {'street': {'number': 7370, 'name': 'Bealey Avenue'}, 'city': 'Napier', 'state': 'Canterbury', 'country': 'New Zealand', 'postcode': 47738, 'coordinates': {'latitude': '52.6617', 'longitude': '-167.7285'}, 'timezone': {'offset': '-10:00', 'description': 'Hawaii'}}, 'email': 'arlo.singh@example.com', 'login': {'uuid': '1a1b1726-b68f-49cd-8ae4-d9c96641bcbf', 'username': 'tinyfish884', 'password': 'nofear', 'salt': 'SzI0KX1p', 'md5': 'b8ca10cc784dd12caaf190bd75d4d24c', 'sha1': '9d9421db90049c9c8fac340b4b76d88d0f06a119', 'sha256': '77aa3b11293d199d289d730eb094754671446a86c94ce4ab9352f49266db02b2'}, 'dob': {'date': '1977-11-13T13:55:50.314Z', 'age': 46}, 'registered': {'date': '2018-04-14T04:23:59.843Z', 'age': 6}, 'phone': '(342)-177-7975', 'cell': '(353)-336-9823', 'id': {'name': '', 'value': None}, 'picture': {'large': 'https://randomuser.me/api/portraits/men/59.jpg', 'medium': 'https://randomuser.me/api/portraits/med/men/59.jpg', 'thumbnail': 'https://randomuser.me/api/portraits/thumb/men/59.jpg'}, 'nat': 'NZ'}</msg>
<arg>${json_data['results'][0]}</arg>
<doc>Logs the given message with the given level.</doc>
<status status="PASS" start="2024-07-04T08:19:32.868752" elapsed="0.000399"/>
</kw>
<kw name="Log" owner="BuiltIn">
<msg time="2024-07-04T08:19:32.869572" level="INFO">login</msg>
<arg>${key}</arg>
<doc>Logs the given message with the given level.</doc>
<status status="PASS" start="2024-07-04T08:19:32.869443" elapsed="0.000166"/>
</kw>
<var name="${key}">login</var>
<status status="PASS" start="2024-07-04T08:19:32.868060" elapsed="0.001787"/>
</iter>
<var>${key}</var>
<value>@{expected_keys}</value>
<status status="PASS" start="2024-07-04T08:19:32.859874" elapsed="0.010092"/>
</for>
<kw name="Create List" owner="BuiltIn">
<msg time="2024-07-04T08:19:32.870297" level="INFO">${expected_keysTwo} = ['username', 'password']</msg>
<var>${expected_keysTwo}</var>
<arg>username</arg>
<arg>password</arg>
<doc>Returns a list containing given items.</doc>
<status status="PASS" start="2024-07-04T08:19:32.870156" elapsed="0.000165"/>
</kw>
<for flavor="IN">
<iter>
<kw name="Dictionary Should Contain Key" owner="Collections">
<arg>${json_data['results'][0]['login']}</arg>
<arg>${keyTwo}</arg>
<doc>Fails if ``key`` is not found from ``dictionary``.</doc>
<status status="PASS" start="2024-07-04T08:19:32.870849" elapsed="0.000385"/>
</kw>
<kw name="Dictionary Should Contain Key" owner="Collections">
<arg>${json_data['results'][0]['login']}</arg>
<arg>${keyTwo}</arg>
<doc>Fails if ``key`` is not found from ``dictionary``.</doc>
<status status="PASS" start="2024-07-04T08:19:32.871415" elapsed="0.000386"/>
</kw>
<kw name="Log" owner="BuiltIn">
<msg time="2024-07-04T08:19:32.872110" level="INFO">username</msg>
<arg>${keyTwo}</arg>
<doc>Logs the given message with the given level.</doc>
<status status="PASS" start="2024-07-04T08:19:32.871986" elapsed="0.000163"/>
</kw>
<var name="${keyTwo}">username</var>
<status status="PASS" start="2024-07-04T08:19:32.870741" elapsed="0.001636"/>
</iter>
<iter>
<kw name="Dictionary Should Contain Key" owner="Collections">
<arg>${json_data['results'][0]['login']}</arg>
<arg>${keyTwo}</arg>
<doc>Fails if ``key`` is not found from ``dictionary``.</doc>
<status status="PASS" start="2024-07-04T08:19:32.872660" elapsed="0.000387"/>
</kw>
<kw name="Dictionary Should Contain Key" owner="Collections">
<arg>${json_data['results'][0]['login']}</arg>
<arg>${keyTwo}</arg>
<doc>Fails if ``key`` is not found from ``dictionary``.</doc>
<status status="PASS" start="2024-07-04T08:19:32.873227" elapsed="0.000373"/>
</kw>
<kw name="Log" owner="BuiltIn">
<msg time="2024-07-04T08:19:32.873919" level="INFO">password</msg>
<arg>${keyTwo}</arg>
<doc>Logs the given message with the given level.</doc>
<status status="PASS" start="2024-07-04T08:19:32.873797" elapsed="0.000165"/>
</kw>
<var name="${keyTwo}">password</var>
<status status="PASS" start="2024-07-04T08:19:32.872552" elapsed="0.001726"/>
</iter>
<var>${keyTwo}</var>
<value>@{expected_keysTwo}</value>
<status status="PASS" start="2024-07-04T08:19:32.870585" elapsed="0.003817"/>
</for>
<status status="PASS" start="2024-07-04T08:19:32.754703" elapsed="0.119836"/>
</kw>
<doc>Testa a estrutura da resposta da API.</doc>
<tag>testeEstruturaResposta</tag>
<status status="PASS" start="2024-07-04T08:19:32.754108" elapsed="0.120576"/>
</test>
<test id="s1-s1-t4" name="Validar tipos de dados" line="28">
<kw name="Teste de Tipos de Dados" owner="random-user-service">
<kw name="GET On Session" owner="RequestsLibrary">
<msg time="2024-07-04T08:19:32.946939" level="INFO">GET Request : url=https://randomuser.me/api 
 path_url=/api 
 headers={'User-Agent': 'python-requests/2.32.3', 'Accept-Encoding': 'gzip, deflate', 'Accept': '*/*', 'Connection': 'keep-alive'} 
 body=None 
 </msg>
<msg time="2024-07-04T08:19:32.947005" level="INFO">GET Response : url=https://randomuser.me/api 
 status=200, reason=OK 
 headers={'Date': 'Thu, 04 Jul 2024 08:19:32 GMT', 'Content-Type': 'application/json; charset=utf-8', 'Transfer-Encoding': 'chunked', 'Connection': 'keep-alive', 'X-Powered-By': 'Express', 'Access-Control-Allow-Origin': '*', 'Cache-Control': 'no-cache', 'ETag': 'W/"47e-OQ49+7VGCwnMidVcR/qJEvxJCW8"', 'Vary': 'Accept-Encoding', 'Content-Encoding': 'gzip', 'CF-Cache-Status': 'DYNAMIC', 'Report-To': '{"endpoints":[{"url":"https:\\/\\/a.nel.cloudflare.com\\/report\\/v4?s=W1syfWVw0oovKBXYlYeC%2FRgt8MheA7iAXL3iLOSk7pkhEE3pG%2BKgJTtxsk37a0KTmKxhySm8lG%2F1%2FrOLWMGh6iZOH9U1dmd7pq1%2BVlydKtIu2dCTU55PK8QiVqzQ1pQw"}],"group":"cf-nel","max_age":604800}', 'NEL': '{"success_fraction":0,"report_to":"cf-nel","max_age":604800}', 'Server': 'cloudflare', 'CF-RAY': '89ddb0e28ce707f9-IAD', 'alt-svc': 'h3=":443"; ma=86400'} 
 body={"results":[{"gender":"male","name":{"title":"Mr","first":"Raúl","last":"Gonçalves"},"location":{"street":{"number":3531,"name":"Rua Quatro"},"city":"Porto Velho","state":"Amazonas","country":"Brazil","postcode":64405,"coordinates":{"latitude":"-74.1023","longitude":"-36.3939"},"timezone":{"offset":"-10:00","description":"Hawaii"}},"email":"raul.goncalves@example.com","login":{"uuid":"c8158b19-6c1d-406c-8ada-1b08e89facce","username":"ticklishmouse164","password":"pantie","salt":"zWg1azXq","md5":"7ee883fc2bf6f2d024a6b48856b20f4a","sha1":"b5feacc8375ffe43a3c9acca98b77aae8dc3f969","sha256":"ff28487121588a9e26f0f5ec9852e1328db021659e2d114c9e9d16a80aa444f6"},"dob":{"date":"1985-02-16T14:34:15.771Z","age":39},"registered":{"date":"2003-02-11T10:50:41.112Z","age":21},"phone":"(85) 5967-7825","cell":"(58) 9805-0208","id":{"name":"CPF","value":"970.081.277-95"},"picture":{"large":"https://randomuser.me/api/portraits/men/53.jpg","medium":"https://randomuser.me/api/portraits/med/men/53.jpg","thumbnail":"https://randomuser.me/api/portraits/thumb/men/53.jpg"},"nat":"BR"}],"info":{"seed":"a9e40ca46a287518","results":1,"page":1,"version":"1.4"}} 
 </msg>
<msg time="2024-07-04T08:19:32.947065" level="INFO">/opt/hostedtoolcache/Python/3.12.4/x64/lib/python3.12/site-packages/urllib3/connectionpool.py:1099: InsecureRequestWarning: Unverified HTTPS request is being made to host 'randomuser.me'. Adding certificate verification is strongly advised. See: https://urllib3.readthedocs.io/en/latest/advanced-usage.html#tls-warnings
  warnings.warn(</msg>
<msg time="2024-07-04T08:19:32.947154" level="INFO">${response} = &lt;Response [200]&gt;</msg>
<var>${response}</var>
<arg>consultarAPI</arg>
<arg>/api</arg>
<doc>Sends a GET request on a previously created HTTP Session.</doc>
<status status="PASS" start="2024-07-04T08:19:32.877196" elapsed="0.069999"/>
</kw>
<kw name="Set Variable" owner="BuiltIn">
<msg time="2024-07-04T08:19:32.948232" level="INFO">${json_data} = {'results': [{'gender': 'male', 'name': {'title': 'Mr', 'first': 'Raúl', 'last': 'Gonçalves'}, 'location': {'street': {'number': 3531, 'name': 'Rua Quatro'}, 'city': 'Porto Velho', 'state': 'Amazonas'...</msg>
<var>${json_data}</var>
<arg>${response.json()}</arg>
<doc>Returns the given values which can then be assigned to a variables.</doc>
<status status="PASS" start="2024-07-04T08:19:32.947660" elapsed="0.000601"/>
</kw>
<kw name="Log" owner="BuiltIn">
<msg time="2024-07-04T08:19:32.948752" level="INFO">{'results': [{'gender': 'male', 'name': {'title': 'Mr', 'first': 'Raúl', 'last': 'Gonçalves'}, 'location': {'street': {'number': 3531, 'name': 'Rua Quatro'}, 'city': 'Porto Velho', 'state': 'Amazonas', 'country': 'Brazil', 'postcode': 64405, 'coordinates': {'latitude': '-74.1023', 'longitude': '-36.3939'}, 'timezone': {'offset': '-10:00', 'description': 'Hawaii'}}, 'email': 'raul.goncalves@example.com', 'login': {'uuid': 'c8158b19-6c1d-406c-8ada-1b08e89facce', 'username': 'ticklishmouse164', 'password': 'pantie', 'salt': 'zWg1azXq', 'md5': '7ee883fc2bf6f2d024a6b48856b20f4a', 'sha1': 'b5feacc8375ffe43a3c9acca98b77aae8dc3f969', 'sha256': 'ff28487121588a9e26f0f5ec9852e1328db021659e2d114c9e9d16a80aa444f6'}, 'dob': {'date': '1985-02-16T14:34:15.771Z', 'age': 39}, 'registered': {'date': '2003-02-11T10:50:41.112Z', 'age': 21}, 'phone': '(85) 5967-7825', 'cell': '(58) 9805-0208', 'id': {'name': 'CPF', 'value': '970.081.277-95'}, 'picture': {'large': 'https://randomuser.me/api/portraits/men/53.jpg', 'medium': 'https://randomuser.me/api/portraits/med/men/53.jpg', 'thumbnail': 'https://randomuser.me/api/portraits/thumb/men/53.jpg'}, 'nat': 'BR'}], 'info': {'seed': 'a9e40ca46a287518', 'results': 1, 'page': 1, 'version': '1.4'}}</msg>
<arg>${json_data}</arg>
<doc>Logs the given message with the given level.</doc>
<status status="PASS" start="2024-07-04T08:19:32.948591" elapsed="0.000211"/>
</kw>
<kw name="Should Be String" owner="String">
<arg>${json_data['results'][0]['gender']}</arg>
<doc>Fails if the given ``item`` is not a string.</doc>
<status status="PASS" start="2024-07-04T08:19:32.949098" elapsed="0.000366"/>
</kw>
<kw name="Should Match Regexp" owner="BuiltIn">
<arg>${json_data['results'][0]['email']}</arg>
<arg>^[a-zA-Z0-9._%+-]+@[a-zA-Z0-9.-]+\.[a-zA-Z]{2,}$</arg>
<doc>Fails if ``string`` does not match ``pattern`` as a regular expression.</doc>
<status status="PASS" start="2024-07-04T08:19:32.949655" elapsed="0.000568"/>
</kw>
<kw name="Should Match Regexp" owner="BuiltIn">
<arg>${json_data['results'][0]['dob']['date']}</arg>
<arg>\\d{4}-\\d{2}-\\d{2}T\\d{2}:\\d{2}:\\d{2}\\.\\d{3}Z</arg>
<doc>Fails if ``string`` does not match ``pattern`` as a regular expression.</doc>
<status status="PASS" start="2024-07-04T08:19:32.950454" elapsed="0.000496"/>
</kw>
<kw name="Should Match Regexp" owner="BuiltIn">
<arg>${json_data['results'][0]['registered']['date']}</arg>
<arg>\\d{4}-\\d{2}-\\d{2}T\\d{2}:\\d{2}:\\d{2}\\.\\d{3}Z</arg>
<doc>Fails if ``string`` does not match ``pattern`` as a regular expression.</doc>
<status status="PASS" start="2024-07-04T08:19:32.951143" elapsed="0.000369"/>
</kw>
<kw name="Should Match Regexp" owner="BuiltIn">
<arg>${json_data['results'][0]['picture']['large']}</arg>
<arg>^https?://.*\.(?:png|jpe?g|gif|bmp)$</arg>
<doc>Fails if ``string`` does not match ``pattern`` as a regular expression.</doc>
<status status="PASS" start="2024-07-04T08:19:32.951699" elapsed="0.000466"/>
</kw>
<kw name="Should Match Regexp" owner="BuiltIn">
<arg>${json_data['results'][0]['picture']['medium']}</arg>
<arg>^https?://.*\.(?:png|jpe?g|gif|bmp)$</arg>
<doc>Fails if ``string`` does not match ``pattern`` as a regular expression.</doc>
<status status="PASS" start="2024-07-04T08:19:32.952354" elapsed="0.000352"/>
</kw>
<kw name="Should Match Regexp" owner="BuiltIn">
<arg>${json_data['results'][0]['picture']['thumbnail']}</arg>
<arg>^https?://.*\.(?:png|jpe?g|gif|bmp)$</arg>
<doc>Fails if ``string`` does not match ``pattern`` as a regular expression.</doc>
<status status="PASS" start="2024-07-04T08:19:32.952889" elapsed="0.000358"/>
</kw>
<kw name="Log" owner="BuiltIn">
<msg time="2024-07-04T08:19:32.953798" level="INFO">{'large': 'https://randomuser.me/api/portraits/men/53.jpg', 'medium': 'https://randomuser.me/api/portraits/med/men/53.jpg', 'thumbnail': 'https://randomuser.me/api/portraits/thumb/men/53.jpg'}</msg>
<arg>${json_data['results'][0]['picture']}</arg>
<doc>Logs the given message with the given level.</doc>
<status status="PASS" start="2024-07-04T08:19:32.953425" elapsed="0.000420"/>
</kw>
<status status="PASS" start="2024-07-04T08:19:32.876977" elapsed="0.077152"/>
</kw>
<kw name="Teste de Tipos de Dados - Postcode" owner="random-user-service">
<kw name="GET On Session" owner="RequestsLibrary">
<msg time="2024-07-04T08:19:33.026703" level="INFO">GET Request : url=https://randomuser.me/api 
 path_url=/api 
 headers={'User-Agent': 'python-requests/2.32.3', 'Accept-Encoding': 'gzip, deflate', 'Accept': '*/*', 'Connection': 'keep-alive'} 
 body=None 
 </msg>
<msg time="2024-07-04T08:19:33.026784" level="INFO">GET Response : url=https://randomuser.me/api 
 status=200, reason=OK 
 headers={'Date': 'Thu, 04 Jul 2024 08:19:33 GMT', 'Content-Type': 'application/json; charset=utf-8', 'Transfer-Encoding': 'chunked', 'Connection': 'keep-alive', 'X-Powered-By': 'Express', 'Access-Control-Allow-Origin': '*', 'Cache-Control': 'no-cache', 'ETag': 'W/"48e-POfOBN0SUi3qSa4lfkElgGRL5qI"', 'Vary': 'Accept-Encoding', 'Content-Encoding': 'gzip', 'CF-Cache-Status': 'DYNAMIC', 'Report-To': '{"endpoints":[{"url":"https:\\/\\/a.nel.cloudflare.com\\/report\\/v4?s=%2FiWI7LS9xpseTLQvLbe%2BPRMoiWqmPQGgVZfIyHJqwmmH0SIiNflUCarcDl9aWX58XSj1IZMIXwOhKjGmcgo%2BZJgrplrX%2BdpjfhywY37NKpe3wxVGEP0nrBD5bcW4%2FnrK"}],"group":"cf-nel","max_age":604800}', 'NEL': '{"success_fraction":0,"report_to":"cf-nel","max_age":604800}', 'Server': 'cloudflare', 'CF-RAY': '89ddb0e2fd5b07f9-IAD', 'alt-svc': 'h3=":443"; ma=86400'} 
 body={"results":[{"gender":"female","name":{"title":"Mrs","first":"Suraksha","last":"Pai"},"location":{"street":{"number":1857,"name":"S.A Rd"},"city":"Jaunpur","state":"Telangana","country":"India","postcode":48280,"coordinates":{"latitude":"5.8818","longitude":"2.2664"},"timezone":{"offset":"0:00","description":"Western Europe Time, London, Lisbon, Casablanca"}},"email":"suraksha.pai@example.com","login":{"uuid":"ea572c6e-6015-42f8-b3e8-0ad44b155a31","username":"lazybear679","password":"turbo","salt":"dgtj7G8m","md5":"c69b9b364a242aa51de417d45bae5fb3","sha1":"f809573e5b4c33e66b295812bae0b55e25ec491f","sha256":"489c1879d91a9a88e44dc40dc069329608c5b85d6e8771375d0e992362019f0a"},"dob":{"date":"1993-05-06T17:22:20.341Z","age":31},"registered":{"date":"2008-01-12T08:31:10.512Z","age":16},"phone":"9133620315","cell":"8394850665","id":{"name":"UIDAI","value":"317959706755"},"picture":{"large":"https://randomuser.me/api/portraits/women/29.jpg","medium":"https://randomuser.me/api/portraits/med/women/29.jpg","thumbnail":"https://randomuser.me/api/portraits/thumb/women/29.jpg"},"nat":"IN"}],"info":{"seed":"93dd65d1cd16d675","results":1,"page":1,"version":"1.4"}} 
 </msg>
<msg time="2024-07-04T08:19:33.026856" level="INFO">/opt/hostedtoolcache/Python/3.12.4/x64/lib/python3.12/site-packages/urllib3/connectionpool.py:1099: InsecureRequestWarning: Unverified HTTPS request is being made to host 'randomuser.me'. Adding certificate verification is strongly advised. See: https://urllib3.readthedocs.io/en/latest/advanced-usage.html#tls-warnings
  warnings.warn(</msg>
<msg time="2024-07-04T08:19:33.026973" level="INFO">${response} = &lt;Response [200]&gt;</msg>
<var>${response}</var>
<arg>consultarAPI</arg>
<arg>/api</arg>
<doc>Sends a GET request on a previously created HTTP Session.</doc>
<status status="PASS" start="2024-07-04T08:19:32.954568" elapsed="0.072446"/>
</kw>
<kw name="Set Variable" owner="BuiltIn">
<msg time="2024-07-04T08:19:33.028109" level="INFO">${json_data} = {'results': [{'gender': 'female', 'name': {'title': 'Mrs', 'first': 'Suraksha', 'last': 'Pai'}, 'location': {'street': {'number': 1857, 'name': 'S.A Rd'}, 'city': 'Jaunpur', 'state': 'Telangana', 'cou...</msg>
<var>${json_data}</var>
<arg>${response.json()}</arg>
<doc>Returns the given values which can then be assigned to a variables.</doc>
<status status="PASS" start="2024-07-04T08:19:33.027508" elapsed="0.000631"/>
</kw>
<kw name="Log" owner="BuiltIn">
<msg time="2024-07-04T08:19:33.028611" level="INFO">{'results': [{'gender': 'female', 'name': {'title': 'Mrs', 'first': 'Suraksha', 'last': 'Pai'}, 'location': {'street': {'number': 1857, 'name': 'S.A Rd'}, 'city': 'Jaunpur', 'state': 'Telangana', 'country': 'India', 'postcode': 48280, 'coordinates': {'latitude': '5.8818', 'longitude': '2.2664'}, 'timezone': {'offset': '0:00', 'description': 'Western Europe Time, London, Lisbon, Casablanca'}}, 'email': 'suraksha.pai@example.com', 'login': {'uuid': 'ea572c6e-6015-42f8-b3e8-0ad44b155a31', 'username': 'lazybear679', 'password': 'turbo', 'salt': 'dgtj7G8m', 'md5': 'c69b9b364a242aa51de417d45bae5fb3', 'sha1': 'f809573e5b4c33e66b295812bae0b55e25ec491f', 'sha256': '489c1879d91a9a88e44dc40dc069329608c5b85d6e8771375d0e992362019f0a'}, 'dob': {'date': '1993-05-06T17:22:20.341Z', 'age': 31}, 'registered': {'date': '2008-01-12T08:31:10.512Z', 'age': 16}, 'phone': '9133620315', 'cell': '8394850665', 'id': {'name': 'UIDAI', 'value': '317959706755'}, 'picture': {'large': 'https://randomuser.me/api/portraits/women/29.jpg', 'medium': 'https://randomuser.me/api/portraits/med/women/29.jpg', 'thumbnail': 'https://randomuser.me/api/portraits/thumb/women/29.jpg'}, 'nat': 'IN'}], 'info': {'seed': '93dd65d1cd16d675', 'results': 1, 'page': 1, 'version': '1.4'}}</msg>
<arg>${json_data}</arg>
<doc>Logs the given message with the given level.</doc>
<status status="PASS" start="2024-07-04T08:19:33.028451" elapsed="0.000209"/>
</kw>
<kw name="Should Be Equal As Numbers" owner="BuiltIn">
<arg>${json_data['results'][0]['location']['postcode']}</arg>
<arg>${json_data['results'][0]['location']['postcode']}</arg>
<doc>Fails if objects are unequal after converting them to real numbers.</doc>
<status status="PASS" start="2024-07-04T08:19:33.028955" elapsed="0.000630"/>
</kw>
<kw name="Log" owner="BuiltIn">
<msg time="2024-07-04T08:19:33.030319" level="INFO">48280</msg>
<arg>${json_data['results'][0]['location']['postcode']}</arg>
<doc>Logs the given message with the given level.</doc>
<status status="PASS" start="2024-07-04T08:19:33.029832" elapsed="0.000530"/>
</kw>
<status status="PASS" start="2024-07-04T08:19:32.954349" elapsed="0.076272"/>
</kw>
<doc>Testa se os tipos de dados na resposta da API estão corretos.</doc>
<tag>testeTiposDados</tag>
<status status="PASS" start="2024-07-04T08:19:32.876466" elapsed="0.154347"/>
</test>
<test id="s1-s1-t5" name="Validar conteudo" line="35">
<kw name="Teste de Tipos de Conteudo" owner="random-user-service">
<kw name="GET On Session" owner="RequestsLibrary">
<msg time="2024-07-04T08:19:33.133621" level="INFO">GET Request : url=https://randomuser.me/api 
 path_url=/api 
 headers={'User-Agent': 'python-requests/2.32.3', 'Accept-Encoding': 'gzip, deflate', 'Accept': '*/*', 'Connection': 'keep-alive'} 
 body=None 
 </msg>
<msg time="2024-07-04T08:19:33.133708" level="INFO">GET Response : url=https://randomuser.me/api 
 status=200, reason=OK 
 headers={'Date': 'Thu, 04 Jul 2024 08:19:33 GMT', 'Content-Type': 'application/json; charset=utf-8', 'Transfer-Encoding': 'chunked', 'Connection': 'keep-alive', 'X-Powered-By': 'Express', 'Access-Control-Allow-Origin': '*', 'Cache-Control': 'no-cache', 'ETag': 'W/"496-llTOqzd57gRBaj6GQprRujmMJj8"', 'Vary': 'Accept-Encoding', 'Content-Encoding': 'gzip', 'CF-Cache-Status': 'DYNAMIC', 'Report-To': '{"endpoints":[{"url":"https:\\/\\/a.nel.cloudflare.com\\/report\\/v4?s=qC0hH%2B1pYmmd3l8RS8OqFi08r11lKocz3xNzU6W5Tp71XTKi7e%2BxRDDD%2FrLDUF6rPWmPkkXpJ6yKVZJhmpl3N4Y4PKSJuDUqMNPf4CtLsiA%2BUJEOPsPjmeeqIYmbjCp8"}],"group":"cf-nel","max_age":604800}', 'NEL': '{"success_fraction":0,"report_to":"cf-nel","max_age":604800}', 'Server': 'cloudflare', 'CF-RAY': '89ddb0e37dc407f9-IAD', 'alt-svc': 'h3=":443"; ma=86400'} 
 body={"results":[{"gender":"female","name":{"title":"Mrs","first":"Rocío","last":"Caballero"},"location":{"street":{"number":9799,"name":"Avenida de Burgos"},"city":"Guadalajara","state":"Asturias","country":"Spain","postcode":54872,"coordinates":{"latitude":"-37.3701","longitude":"26.6557"},"timezone":{"offset":"+2:00","description":"Kaliningrad, South Africa"}},"email":"rocio.caballero@example.com","login":{"uuid":"d1a8f152-793a-4c29-b739-aba6bf25a72a","username":"organicmouse761","password":"clifford","salt":"JmQWkL7C","md5":"6bcd860b4d0dee265a16a9c22568b967","sha1":"3d1c10774c4281d354a22ef9bd120e89ec85bf57","sha256":"7c6275bed6b1d56a3c622fa30b98d0945339ccd32c73343d39d1fd21cfb22a4d"},"dob":{"date":"1982-07-24T13:52:44.084Z","age":41},"registered":{"date":"2010-09-05T02:45:48.887Z","age":13},"phone":"991-364-167","cell":"693-927-397","id":{"name":"DNI","value":"92540678-D"},"picture":{"large":"https://randomuser.me/api/portraits/women/67.jpg","medium":"https://randomuser.me/api/portraits/med/women/67.jpg","thumbnail":"https://randomuser.me/api/portraits/thumb/women/67.jpg"},"nat":"ES"}],"info":{"seed":"83e4d49b12136fd3","results":1,"page":1,"version":"1.4"}} 
 </msg>
<msg time="2024-07-04T08:19:33.133825" level="INFO">/opt/hostedtoolcache/Python/3.12.4/x64/lib/python3.12/site-packages/urllib3/connectionpool.py:1099: InsecureRequestWarning: Unverified HTTPS request is being made to host 'randomuser.me'. Adding certificate verification is strongly advised. See: https://urllib3.readthedocs.io/en/latest/advanced-usage.html#tls-warnings
  warnings.warn(</msg>
<msg time="2024-07-04T08:19:33.133949" level="INFO">${response} = &lt;Response [200]&gt;</msg>
<var>${response}</var>
<arg>consultarAPI</arg>
<arg>/api</arg>
<doc>Sends a GET request on a previously created HTTP Session.</doc>
<status status="PASS" start="2024-07-04T08:19:33.033385" elapsed="0.100612"/>
</kw>
<kw name="Set Variable" owner="BuiltIn">
<msg time="2024-07-04T08:19:33.135090" level="INFO">${json_data} = {'results': [{'gender': 'female', 'name': {'title': 'Mrs', 'first': 'Rocío', 'last': 'Caballero'}, 'location': {'street': {'number': 9799, 'name': 'Avenida de Burgos'}, 'city': 'Guadalajara', 'state':...</msg>
<var>${json_data}</var>
<arg>${response.json()}</arg>
<doc>Returns the given values which can then be assigned to a variables.</doc>
<status status="PASS" start="2024-07-04T08:19:33.134533" elapsed="0.000587"/>
</kw>
<kw name="Set Variable" owner="BuiltIn">
<msg time="2024-07-04T08:19:33.135816" level="INFO">${name_title} = Mrs</msg>
<var>${name_title}</var>
<arg>${json_data["results"][0]["name"]["title"]}</arg>
<doc>Returns the given values which can then be assigned to a variables.</doc>
<status status="PASS" start="2024-07-04T08:19:33.135429" elapsed="0.000413"/>
</kw>
<kw name="Create List" owner="BuiltIn">
<msg time="2024-07-04T08:19:33.136293" level="INFO">${allowed_titles} = ['Mr', 'Ms', 'Miss', 'Mrs', 'Madame', 'Monsieur']</msg>
<var>${allowed_titles}</var>
<arg>Mr</arg>
<arg>Ms</arg>
<arg>Miss</arg>
<arg>Mrs</arg>
<arg>Madame</arg>
<arg>Monsieur</arg>
<doc>Returns a list containing given items.</doc>
<status status="PASS" start="2024-07-04T08:19:33.136142" elapsed="0.000175"/>
</kw>
<kw name="List Should Contain Value" owner="Collections">
<arg>${allowed_titles}</arg>
<arg>${name_title}</arg>
<doc>Fails if the ``value`` is not found from ``list``.</doc>
<status status="PASS" start="2024-07-04T08:19:33.136625" elapsed="0.000177"/>
</kw>
<kw name="Set Variable" owner="BuiltIn">
<msg time="2024-07-04T08:19:33.137354" level="INFO">${name_country} = ES</msg>
<var>${name_country}</var>
<arg>${json_data["results"][0]["nat"]}</arg>
<doc>Returns the given values which can then be assigned to a variables.</doc>
<status status="PASS" start="2024-07-04T08:19:33.136986" elapsed="0.000393"/>
</kw>
<kw name="Create List" owner="BuiltIn">
<msg time="2024-07-04T08:19:33.138297" level="INFO">${list_country} = ['AD', 'AE', 'AF', 'AG', 'AI', 'AL', 'AM', 'AO', 'AQ', 'AR', 'AS', 'AT', 'AU', 'AW', 'AX', 'AZ', 'BA', 'BB', 'BD', 'BE', 'BF', 'BG', 'BH', 'BI', 'BJ', 'BL', 'BM', 'BN', 'BO', 'BQ', 'BR', 'BS', 'BT', '...</msg>
<var>${list_country}</var>
<arg>AD</arg>
<arg>AE</arg>
<arg>AF</arg>
<arg>AG</arg>
<arg>AI</arg>
<arg>AL</arg>
<arg>AM</arg>
<arg>AO</arg>
<arg>AQ</arg>
<arg>AR</arg>
<arg>AS</arg>
<arg>AT</arg>
<arg>AU</arg>
<arg>AW</arg>
<arg>AX</arg>
<arg>AZ</arg>
<arg>BA</arg>
<arg>BB</arg>
<arg>BD</arg>
<arg>BE</arg>
<arg>BF</arg>
<arg>BG</arg>
<arg>BH</arg>
<arg>BI</arg>
<arg>BJ</arg>
<arg>BL</arg>
<arg>BM</arg>
<arg>BN</arg>
<arg>BO</arg>
<arg>BQ</arg>
<arg>BR</arg>
<arg>BS</arg>
<arg>BT</arg>
<arg>BV</arg>
<arg>BW</arg>
<arg>BY</arg>
<arg>BZ</arg>
<arg>CA</arg>
<arg>CC</arg>
<arg>CD</arg>
<arg>CF</arg>
<arg>CG</arg>
<arg>CH</arg>
<arg>CI</arg>
<arg>CK</arg>
<arg>CL</arg>
<arg>CM</arg>
<arg>CN</arg>
<arg>CO</arg>
<arg>CR</arg>
<arg>CU</arg>
<arg>CV</arg>
<arg>CW</arg>
<arg>CX</arg>
<arg>CY</arg>
<arg>CZ</arg>
<arg>DE</arg>
<arg>DJ</arg>
<arg>DK</arg>
<arg>DM</arg>
<arg>DO</arg>
<arg>DZ</arg>
<arg>EC</arg>
<arg>EE</arg>
<arg>EG</arg>
<arg>EH</arg>
<arg>ER</arg>
<arg>ES</arg>
<arg>ET</arg>
<arg>FI</arg>
<arg>FJ</arg>
<arg>FK</arg>
<arg>FM</arg>
<arg>FO</arg>
<arg>FR</arg>
<arg>GA</arg>
<arg>GB</arg>
<arg>GD</arg>
<arg>GE</arg>
<arg>GF</arg>
<arg>GG</arg>
<arg>GH</arg>
<arg>GI</arg>
<arg>GL</arg>
<arg>GM</arg>
<arg>GN</arg>
<arg>GP</arg>
<arg>GQ</arg>
<arg>GR</arg>
<arg>GS</arg>
<arg>GT</arg>
<arg>GU</arg>
<arg>GW</arg>
<arg>GY</arg>
<arg>HK</arg>
<arg>HM</arg>
<arg>HN</arg>
<arg>HR</arg>
<arg>HT</arg>
<arg>HU</arg>
<arg>ID</arg>
<arg>IE</arg>
<arg>IL</arg>
<arg>IM</arg>
<arg>IN</arg>
<arg>IO</arg>
<arg>IQ</arg>
<arg>IR</arg>
<arg>IS</arg>
<arg>IT</arg>
<arg>JE</arg>
<arg>JM</arg>
<arg>JO</arg>
<arg>JP</arg>
<arg>KE</arg>
<arg>KG</arg>
<arg>KH</arg>
<arg>KI</arg>
<arg>KM</arg>
<arg>KN</arg>
<arg>KP</arg>
<arg>KR</arg>
<arg>KW</arg>
<arg>KY</arg>
<arg>KZ</arg>
<arg>LA</arg>
<arg>LB</arg>
<arg>LC</arg>
<arg>LI</arg>
<arg>LK</arg>
<arg>LR</arg>
<arg>LS</arg>
<arg>LT</arg>
<arg>LU</arg>
<arg>LV</arg>
<arg>LY</arg>
<arg>MA</arg>
<arg>MC</arg>
<arg>MD</arg>
<arg>ME</arg>
<arg>MF</arg>
<arg>MG</arg>
<arg>MH</arg>
<arg>MK</arg>
<arg>ML</arg>
<arg>MM</arg>
<arg>MN</arg>
<arg>MO</arg>
<arg>MP</arg>
<arg>MQ</arg>
<arg>MR</arg>
<arg>MS</arg>
<arg>MT</arg>
<arg>MU</arg>
<arg>MV</arg>
<arg>MW</arg>
<arg>MX</arg>
<arg>MY</arg>
<arg>MZ</arg>
<arg>NA</arg>
<arg>NC</arg>
<arg>NE</arg>
<arg>NF</arg>
<arg>NG</arg>
<arg>NI</arg>
<arg>NL</arg>
<arg>NO</arg>
<arg>NP</arg>
<arg>NR</arg>
<arg>NU</arg>
<arg>NZ</arg>
<arg>OM</arg>
<arg>PA</arg>
<arg>PE</arg>
<arg>PF</arg>
<arg>PG</arg>
<arg>PH</arg>
<arg>PK</arg>
<arg>PL</arg>
<arg>PM</arg>
<arg>PN</arg>
<arg>PR</arg>
<arg>PS</arg>
<arg>PT</arg>
<arg>PW</arg>
<arg>PY</arg>
<arg>QA</arg>
<arg>RE</arg>
<arg>RO</arg>
<arg>RS</arg>
<arg>RU</arg>
<arg>RW</arg>
<arg>SA</arg>
<arg>SB</arg>
<arg>SC</arg>
<arg>SD</arg>
<arg>SE</arg>
<arg>SG</arg>
<arg>SH</arg>
<arg>SI</arg>
<arg>SJ</arg>
<arg>SK</arg>
<arg>SL</arg>
<arg>SM</arg>
<arg>SN</arg>
<arg>SO</arg>
<arg>SR</arg>
<arg>SS</arg>
<arg>ST</arg>
<arg>SV</arg>
<arg>SX</arg>
<arg>SY</arg>
<arg>SZ</arg>
<arg>TC</arg>
<arg>TD</arg>
<arg>TF</arg>
<arg>TG</arg>
<arg>TH</arg>
<arg>TJ</arg>
<arg>TK</arg>
<arg>TL</arg>
<arg>TM</arg>
<arg>TN</arg>
<arg>TO</arg>
<arg>TR</arg>
<arg>TT</arg>
<arg>TV</arg>
<arg>TW</arg>
<arg>TZ</arg>
<arg>UA</arg>
<arg>UG</arg>
<arg>UM</arg>
<arg>US</arg>
<arg>UY</arg>
<arg>UZ</arg>
<arg>VA</arg>
<arg>VC</arg>
<arg>VE</arg>
<arg>VG</arg>
<arg>VI</arg>
<arg>VN</arg>
<arg>VU</arg>
<arg>WF</arg>
<arg>WS</arg>
<arg>XK</arg>
<arg>YE</arg>
<arg>YT</arg>
<arg>ZA</arg>
<arg>ZM</arg>
<arg>ZW</arg>
<doc>Returns a list containing given items.</doc>
<status status="PASS" start="2024-07-04T08:19:33.137672" elapsed="0.000652"/>
</kw>
<kw name="List Should Contain Value" owner="Collections">
<arg>${list_country}</arg>
<arg>${name_country}</arg>
<doc>Fails if the ``value`` is not found from ``list``.</doc>
<status status="PASS" start="2024-07-04T08:19:33.139126" elapsed="0.000203"/>
</kw>
<kw name="Run Keyword If" owner="BuiltIn">
<kw name="Should Be True" owner="BuiltIn">
<arg>${True}</arg>
<doc>Fails if the given condition is not true.</doc>
<status status="PASS" start="2024-07-04T08:19:33.140273" elapsed="0.000145"/>
</kw>
<arg>${json_data["results"][0]["location"]["coordinates"]["latitude"]} &gt;= -90 and ${json_data["results"][0]["location"]["coordinates"]["latitude"]} &lt;= 90</arg>
<arg>Should Be True</arg>
<arg>${True}</arg>
<doc>Runs the given keyword with the given arguments, if ``condition`` is true.</doc>
<status status="PASS" start="2024-07-04T08:19:33.139526" elapsed="0.001019"/>
</kw>
<kw name="Run Keyword If" owner="BuiltIn">
<kw name="Should Be True" owner="BuiltIn">
<arg>${True}</arg>
<doc>Fails if the given condition is not true.</doc>
<status status="PASS" start="2024-07-04T08:19:33.141420" elapsed="0.000267"/>
</kw>
<arg>${json_data["results"][0]["location"]["coordinates"]["longitude"]} &gt;= -180 and ${json_data["results"][0]["location"]["coordinates"]["longitude"]} &lt;= 180</arg>
<arg>Should Be True</arg>
<arg>${True}</arg>
<doc>Runs the given keyword with the given arguments, if ``condition`` is true.</doc>
<status status="PASS" start="2024-07-04T08:19:33.140730" elapsed="0.001124"/>
</kw>
<status status="PASS" start="2024-07-04T08:19:33.033159" elapsed="0.108833"/>
</kw>
<doc>Testa o conteúdo específico dos campos retornados pela API.</doc>
<tag>testeConteudo</tag>
<status status="PASS" start="2024-07-04T08:19:33.032624" elapsed="0.109518"/>
</test>
<status status="PASS" start="2024-07-04T08:19:32.290329" elapsed="0.853813"/>
</suite>
<status status="PASS" start="2024-07-04T08:19:32.274853" elapsed="0.874335"/>
</suite>
<statistics>
<total>
<stat pass="5" fail="0" skip="0">All Tests</stat>
</total>
<tag>
<stat pass="1" fail="0" skip="0">testeConteudo</stat>
<stat pass="1" fail="0" skip="0">testeEstruturaResposta</stat>
<stat pass="1" fail="0" skip="0">testeRequisicaoBasica</stat>
<stat pass="1" fail="0" skip="0">testeTiposDados</stat>
</tag>
<suite>
<stat pass="5" fail="0" skip="0" id="s1" name="Tests">Tests</stat>
<stat pass="5" fail="0" skip="0" id="s1-s1" name="Random-User-Test">Tests.Random-User-Test</stat>
</suite>
</statistics>
<errors>
</errors>
</robot>
