<?xml version="1.0" encoding="UTF-8"?>
<robot generator="Robot 7.0 (Python 3.12.2 on linux)" generated="2024-04-04T03:17:04.610336" rpa="false" schemaversion="5">
<suite id="s1" name="Tests" source="/home/runner/work/DesafioQAItauRogerioJordao/DesafioQAItauRogerioJordao/RamdonUser/tests">
<suite id="s1-s1" name="Random-User-Test" source="/home/runner/work/DesafioQAItauRogerioJordao/DesafioQAItauRogerioJordao/RamdonUser/tests/random-user-test.robot">
<test id="s1-s1-t1" name="Conectar" line="13">
<kw name="Conectar API" owner="random-user-service">
<kw name="Create Session" owner="RequestsLibrary">
<msg time="2024-04-04T03:17:05.099661" level="INFO">Creating Session using : alias=consultarAPI, url=https://randomuser.me/, headers={},                     cookies={}, auth=None, timeout=None, proxies=None, verify=False,                     debug=0 </msg>
<arg>consultarAPI</arg>
<arg>${URL}</arg>
<doc>Create Session: create a HTTP session to a server</doc>
<status status="PASS" start="2024-04-04T03:17:05.099421" elapsed="0.000443"/>
</kw>
<status status="PASS" start="2024-04-04T03:17:05.098281" elapsed="0.002002"/>
</kw>
<status status="PASS" start="2024-04-04T03:17:05.097482" elapsed="0.003031"/>
</test>
<test id="s1-s1-t2" name="Validar retorno 200 e JSON Válido" line="16">
<kw name="Teste de Requisicao Basica" owner="random-user-service">
<kw name="GET On Session" owner="RequestsLibrary">
<msg time="2024-04-04T03:17:05.174268" level="INFO">GET Request : url=https://randomuser.me/api 
 path_url=/api 
 headers={'User-Agent': 'python-requests/2.31.0', 'Accept-Encoding': 'gzip, deflate', 'Accept': '*/*', 'Connection': 'keep-alive'} 
 body=None 
 </msg>
<msg time="2024-04-04T03:17:05.174453" level="INFO">GET Response : url=https://randomuser.me/api 
 status=200, reason=OK 
 headers={'Date': 'Thu, 04 Apr 2024 03:17:05 GMT', 'Content-Type': 'application/json; charset=utf-8', 'Transfer-Encoding': 'chunked', 'Connection': 'keep-alive', 'X-Powered-By': 'Express', 'Access-Control-Allow-Origin': '*', 'Cache-Control': 'no-cache', 'ETag': 'W/"497-CUasVt37/lR0DLBr8Jt5UvcXRGA"', 'Vary': 'Accept-Encoding', 'Content-Encoding': 'gzip', 'CF-Cache-Status': 'DYNAMIC', 'Report-To': '{"endpoints":[{"url":"https:\\/\\/a.nel.cloudflare.com\\/report\\/v4?s=kzKi%2FU%2FelWBPpc5Gp5lWkjulqGKtxRWKZ4mxNiux7bD0SSOvWQEXExEw0TrNqHCKepatqnxcr4MXx3H8EWnRzBLZiBhN16m3ZZ7vBejAUbkG8eGaSPOXokFg%2FUcnFxnY"}],"group":"cf-nel","max_age":604800}', 'NEL': '{"success_fraction":0,"report_to":"cf-nel","max_age":604800}', 'Server': 'cloudflare', 'CF-RAY': '86ee24b32a86389a-IAD', 'alt-svc': 'h3=":443"; ma=86400'} 
 body={"results":[{"gender":"male","name":{"title":"Mr","first":"شایان","last":"قاسمی"},"location":{"street":{"number":1332,"name":"پارک 17 شهریور"},"city":"اصفهان","state":"مازندران","country":"Iran","postcode":29811,"coordinates":{"latitude":"13.2609","longitude":"-106.8861"},"timezone":{"offset":"+4:00","description":"Abu Dhabi, Muscat, Baku, Tbilisi"}},"email":"shyn.qsmy@example.com","login":{"uuid":"8892e1a3-c815-47e6-945a-d9281221938e","username":"goldenmouse851","password":"disco","salt":"UGfvC4yv","md5":"ef98ae00cac27a8b030633bee4bb04ed","sha1":"3234cab5ba15793d3b731f14ba5295c6d05f19cf","sha256":"0ab56f28e1a59fb39ab152d0d7524ad94038623b0c23b14bbea443a9a141f3c7"},"dob":{"date":"1978-07-14T13:01:45.601Z","age":45},"registered":{"date":"2005-08-10T20:17:56.048Z","age":18},"phone":"001-10625980","cell":"0924-020-8306","id":{"name":"","value":null},"picture":{"large":"https://randomuser.me/api/portraits/men/50.jpg","medium":"https://randomuser.me/api/portraits/med/men/50.jpg","thumbnail":"https://randomuser.me/api/portraits/thumb/men/50.jpg"},"nat":"IR"}],"info":{"seed":"64606400a81168e3","results":1,"page":1,"version":"1.4"}} 
 </msg>
<msg time="2024-04-04T03:17:05.174597" level="INFO">/opt/hostedtoolcache/Python/3.12.2/x64/lib/python3.12/site-packages/urllib3/connectionpool.py:1103: InsecureRequestWarning: Unverified HTTPS request is being made to host 'randomuser.me'. Adding certificate verification is strongly advised. See: https://urllib3.readthedocs.io/en/latest/advanced-usage.html#tls-warnings
  warnings.warn(</msg>
<msg time="2024-04-04T03:17:05.174806" level="INFO">${response} = &lt;Response [200]&gt;</msg>
<var>${response}</var>
<arg>consultarAPI</arg>
<arg>/api</arg>
<doc>Sends a GET request on a previously created HTTP Session.</doc>
<status status="PASS" start="2024-04-04T03:17:05.103387" elapsed="0.071484"/>
</kw>
<kw name="Should Be Equal As Numbers" owner="BuiltIn">
<msg time="2024-04-04T03:17:05.176010" level="INFO">Argument types are:
&lt;class 'int'&gt;
&lt;class 'str'&gt;</msg>
<arg>${response.status_code}</arg>
<arg>200</arg>
<doc>Fails if objects are unequal after converting them to real numbers.</doc>
<status status="PASS" start="2024-04-04T03:17:05.175499" elapsed="0.000587"/>
</kw>
<kw name="Log" owner="BuiltIn">
<msg time="2024-04-04T03:17:05.176885" level="INFO">200</msg>
<arg>${response.status_code}</arg>
<doc>Logs the given message with the given level.</doc>
<status status="PASS" start="2024-04-04T03:17:05.176484" elapsed="0.000448"/>
</kw>
<kw name="Set Variable" owner="BuiltIn">
<msg time="2024-04-04T03:17:05.177799" level="INFO">${json_data} = {'results': [{'gender': 'male', 'name': {'title': 'Mr', 'first': 'شایان', 'last': 'قاسمی'}, 'location': {'street': {'number': 1332, 'name': 'پارک 17 شهریور'}, 'city': 'اصفهان', 'state': 'مازندران', 'c...</msg>
<var>${json_data}</var>
<arg>${response.json()}</arg>
<doc>Returns the given values which can then be assigned to a variables.</doc>
<status status="PASS" start="2024-04-04T03:17:05.177303" elapsed="0.000527"/>
</kw>
<kw name="Dictionary Should Contain Key" owner="Collections">
<msg time="2024-04-04T03:17:05.178386" level="INFO">False</msg>
<arg>${json_data}</arg>
<arg>results</arg>
<doc>Fails if ``key`` is not found from ``dictionary``.</doc>
<status status="PASS" start="2024-04-04T03:17:05.178201" elapsed="0.000227"/>
</kw>
<status status="PASS" start="2024-04-04T03:17:05.103106" elapsed="0.075594"/>
</kw>
<doc>Testa se a API responde corretamente e retorna um objeto JSON válido.</doc>
<tag>testeRequisicaoBasica</tag>
<status status="PASS" start="2024-04-04T03:17:05.102461" elapsed="0.076440"/>
</test>
<test id="s1-s1-t3" name="Validar estrutura de resposta" line="22">
<kw name="Teste de Estrutura de Resposta" owner="random-user-service">
<kw name="GET On Session" owner="RequestsLibrary">
<msg time="2024-04-04T03:17:05.274582" level="INFO">GET Request : url=https://randomuser.me/api 
 path_url=/api 
 headers={'User-Agent': 'python-requests/2.31.0', 'Accept-Encoding': 'gzip, deflate', 'Accept': '*/*', 'Connection': 'keep-alive'} 
 body=None 
 </msg>
<msg time="2024-04-04T03:17:05.274692" level="INFO">GET Response : url=https://randomuser.me/api 
 status=200, reason=OK 
 headers={'Date': 'Thu, 04 Apr 2024 03:17:05 GMT', 'Content-Type': 'application/json; charset=utf-8', 'Transfer-Encoding': 'chunked', 'Connection': 'keep-alive', 'X-Powered-By': 'Express', 'Access-Control-Allow-Origin': '*', 'Cache-Control': 'no-cache', 'ETag': 'W/"48d-Fqlpf1ZilZgKQ3vrRBYOIWuWnpY"', 'Vary': 'Accept-Encoding', 'Content-Encoding': 'gzip', 'CF-Cache-Status': 'DYNAMIC', 'Report-To': '{"endpoints":[{"url":"https:\\/\\/a.nel.cloudflare.com\\/report\\/v4?s=60HSkEV6f%2FoQgkC3lh3jbDWHWlTwnr9BltfFC7Tovdat43nx8gEHwPzwbgkoJ3N4f5hjAIpHCltOWGtUbOkInHKAwlcij2rnagTHuF%2FxXv%2BjStZ5s6m55q%2B1lu92nuuR"}],"group":"cf-nel","max_age":604800}', 'NEL': '{"success_fraction":0,"report_to":"cf-nel","max_age":604800}', 'Server': 'cloudflare', 'CF-RAY': '86ee24b36aec389a-IAD', 'alt-svc': 'h3=":443"; ma=86400'} 
 body={"results":[{"gender":"female","name":{"title":"Ms","first":"Maeva","last":"Roy"},"location":{"street":{"number":7288,"name":"Cedar St"},"city":"St. Antoine","state":"Manitoba","country":"Canada","postcode":"L4N 0F5","coordinates":{"latitude":"-68.8160","longitude":"8.5539"},"timezone":{"offset":"+3:00","description":"Baghdad, Riyadh, Moscow, St. Petersburg"}},"email":"maeva.roy@example.com","login":{"uuid":"bce8b3d3-eb6f-4127-b504-85c82aeca0f8","username":"crazylion414","password":"5rxypn","salt":"SA0gjDEw","md5":"9bf6940e3ac076a6f07b4c1578b0b548","sha1":"663b2260739a808b36c5884770007de1800c313b","sha256":"d25b076aa112ce500fb797213b4bdcb42c43c7e04a8734002b79d2ff24a663e1"},"dob":{"date":"1989-07-04T00:56:05.602Z","age":34},"registered":{"date":"2013-01-17T06:37:44.196Z","age":11},"phone":"R87 Q09-5156","cell":"B49 Z53-1034","id":{"name":"SIN","value":"706372950"},"picture":{"large":"https://randomuser.me/api/portraits/women/14.jpg","medium":"https://randomuser.me/api/portraits/med/women/14.jpg","thumbnail":"https://randomuser.me/api/portraits/thumb/women/14.jpg"},"nat":"CA"}],"info":{"seed":"e3646d2d7215e57b","results":1,"page":1,"version":"1.4"}} 
 </msg>
<msg time="2024-04-04T03:17:05.274852" level="INFO">/opt/hostedtoolcache/Python/3.12.2/x64/lib/python3.12/site-packages/urllib3/connectionpool.py:1103: InsecureRequestWarning: Unverified HTTPS request is being made to host 'randomuser.me'. Adding certificate verification is strongly advised. See: https://urllib3.readthedocs.io/en/latest/advanced-usage.html#tls-warnings
  warnings.warn(</msg>
<msg time="2024-04-04T03:17:05.275018" level="INFO">${response} = &lt;Response [200]&gt;</msg>
<var>${response}</var>
<arg>consultarAPI</arg>
<arg>/api</arg>
<doc>Sends a GET request on a previously created HTTP Session.</doc>
<status status="PASS" start="2024-04-04T03:17:05.182263" elapsed="0.092805"/>
</kw>
<kw name="Set Variable" owner="BuiltIn">
<msg time="2024-04-04T03:17:05.276214" level="INFO">${json_data} = {'results': [{'gender': 'female', 'name': {'title': 'Ms', 'first': 'Maeva', 'last': 'Roy'}, 'location': {'street': {'number': 7288, 'name': 'Cedar St'}, 'city': 'St. Antoine', 'state': 'Manitoba', 'co...</msg>
<var>${json_data}</var>
<arg>${response.json()}</arg>
<doc>Returns the given values which can then be assigned to a variables.</doc>
<status status="PASS" start="2024-04-04T03:17:05.275624" elapsed="0.000622"/>
</kw>
<kw name="Log" owner="BuiltIn">
<msg time="2024-04-04T03:17:05.276872" level="INFO">{'results': [{'gender': 'female', 'name': {'title': 'Ms', 'first': 'Maeva', 'last': 'Roy'}, 'location': {'street': {'number': 7288, 'name': 'Cedar St'}, 'city': 'St. Antoine', 'state': 'Manitoba', 'country': 'Canada', 'postcode': 'L4N 0F5', 'coordinates': {'latitude': '-68.8160', 'longitude': '8.5539'}, 'timezone': {'offset': '+3:00', 'description': 'Baghdad, Riyadh, Moscow, St. Petersburg'}}, 'email': 'maeva.roy@example.com', 'login': {'uuid': 'bce8b3d3-eb6f-4127-b504-85c82aeca0f8', 'username': 'crazylion414', 'password': '5rxypn', 'salt': 'SA0gjDEw', 'md5': '9bf6940e3ac076a6f07b4c1578b0b548', 'sha1': '663b2260739a808b36c5884770007de1800c313b', 'sha256': 'd25b076aa112ce500fb797213b4bdcb42c43c7e04a8734002b79d2ff24a663e1'}, 'dob': {'date': '1989-07-04T00:56:05.602Z', 'age': 34}, 'registered': {'date': '2013-01-17T06:37:44.196Z', 'age': 11}, 'phone': 'R87 Q09-5156', 'cell': 'B49 Z53-1034', 'id': {'name': 'SIN', 'value': '706372950'}, 'picture': {'large': 'https://randomuser.me/api/portraits/women/14.jpg', 'medium': 'https://randomuser.me/api/portraits/med/women/14.jpg', 'thumbnail': 'https://randomuser.me/api/portraits/thumb/women/14.jpg'}, 'nat': 'CA'}], 'info': {'seed': 'e3646d2d7215e57b', 'results': 1, 'page': 1, 'version': '1.4'}}</msg>
<arg>${json_data}</arg>
<doc>Logs the given message with the given level.</doc>
<status status="PASS" start="2024-04-04T03:17:05.276671" elapsed="0.000260"/>
</kw>
<kw name="Dictionary Should Contain Key" owner="Collections">
<msg time="2024-04-04T03:17:05.277497" level="INFO">False</msg>
<arg>${json_data}</arg>
<arg>results</arg>
<doc>Fails if ``key`` is not found from ``dictionary``.</doc>
<status status="PASS" start="2024-04-04T03:17:05.277300" elapsed="0.000238"/>
</kw>
<kw name="Should Not Be Empty" owner="BuiltIn">
<msg time="2024-04-04T03:17:05.278062" level="INFO">Length is 2.</msg>
<arg>${json_data}</arg>
<doc>Verifies that the given item is not empty.</doc>
<status status="PASS" start="2024-04-04T03:17:05.277877" elapsed="0.000229"/>
</kw>
<kw name="Create List" owner="BuiltIn">
<msg time="2024-04-04T03:17:05.278611" level="INFO">${expected_keys} = ['gender', 'name', 'location', 'email', 'login']</msg>
<var>${expected_keys}</var>
<arg>gender</arg>
<arg>name</arg>
<arg>location</arg>
<arg>email</arg>
<arg>login</arg>
<doc>Returns a list containing given items.</doc>
<status status="PASS" start="2024-04-04T03:17:05.278446" elapsed="0.000190"/>
</kw>
<for flavor="IN">
<iter>
<kw name="Dictionary Should Contain Key" owner="Collections">
<msg time="2024-04-04T03:17:05.279738" level="INFO">False</msg>
<arg>${json_data['results'][0]}</arg>
<arg>${key}</arg>
<doc>Fails if ``key`` is not found from ``dictionary``.</doc>
<status status="PASS" start="2024-04-04T03:17:05.279282" elapsed="0.000498"/>
</kw>
<kw name="Log" owner="BuiltIn">
<msg time="2024-04-04T03:17:05.280509" level="INFO">{'gender': 'female', 'name': {'title': 'Ms', 'first': 'Maeva', 'last': 'Roy'}, 'location': {'street': {'number': 7288, 'name': 'Cedar St'}, 'city': 'St. Antoine', 'state': 'Manitoba', 'country': 'Canada', 'postcode': 'L4N 0F5', 'coordinates': {'latitude': '-68.8160', 'longitude': '8.5539'}, 'timezone': {'offset': '+3:00', 'description': 'Baghdad, Riyadh, Moscow, St. Petersburg'}}, 'email': 'maeva.roy@example.com', 'login': {'uuid': 'bce8b3d3-eb6f-4127-b504-85c82aeca0f8', 'username': 'crazylion414', 'password': '5rxypn', 'salt': 'SA0gjDEw', 'md5': '9bf6940e3ac076a6f07b4c1578b0b548', 'sha1': '663b2260739a808b36c5884770007de1800c313b', 'sha256': 'd25b076aa112ce500fb797213b4bdcb42c43c7e04a8734002b79d2ff24a663e1'}, 'dob': {'date': '1989-07-04T00:56:05.602Z', 'age': 34}, 'registered': {'date': '2013-01-17T06:37:44.196Z', 'age': 11}, 'phone': 'R87 Q09-5156', 'cell': 'B49 Z53-1034', 'id': {'name': 'SIN', 'value': '706372950'}, 'picture': {'large': 'https://randomuser.me/api/portraits/women/14.jpg', 'medium': 'https://randomuser.me/api/portraits/med/women/14.jpg', 'thumbnail': 'https://randomuser.me/api/portraits/thumb/women/14.jpg'}, 'nat': 'CA'}</msg>
<arg>${json_data['results'][0]}</arg>
<doc>Logs the given message with the given level.</doc>
<status status="PASS" start="2024-04-04T03:17:05.280104" elapsed="0.000464"/>
</kw>
<kw name="Log" owner="BuiltIn">
<msg time="2024-04-04T03:17:05.281031" level="INFO">gender</msg>
<arg>${key}</arg>
<doc>Logs the given message with the given level.</doc>
<status status="PASS" start="2024-04-04T03:17:05.280892" elapsed="0.000179"/>
</kw>
<var name="${key}">gender</var>
<status status="PASS" start="2024-04-04T03:17:05.279141" elapsed="0.002160"/>
</iter>
<iter>
<kw name="Dictionary Should Contain Key" owner="Collections">
<msg time="2024-04-04T03:17:05.282090" level="INFO">False</msg>
<arg>${json_data['results'][0]}</arg>
<arg>${key}</arg>
<doc>Fails if ``key`` is not found from ``dictionary``.</doc>
<status status="PASS" start="2024-04-04T03:17:05.281640" elapsed="0.000489"/>
</kw>
<kw name="Log" owner="BuiltIn">
<msg time="2024-04-04T03:17:05.282868" level="INFO">{'gender': 'female', 'name': {'title': 'Ms', 'first': 'Maeva', 'last': 'Roy'}, 'location': {'street': {'number': 7288, 'name': 'Cedar St'}, 'city': 'St. Antoine', 'state': 'Manitoba', 'country': 'Canada', 'postcode': 'L4N 0F5', 'coordinates': {'latitude': '-68.8160', 'longitude': '8.5539'}, 'timezone': {'offset': '+3:00', 'description': 'Baghdad, Riyadh, Moscow, St. Petersburg'}}, 'email': 'maeva.roy@example.com', 'login': {'uuid': 'bce8b3d3-eb6f-4127-b504-85c82aeca0f8', 'username': 'crazylion414', 'password': '5rxypn', 'salt': 'SA0gjDEw', 'md5': '9bf6940e3ac076a6f07b4c1578b0b548', 'sha1': '663b2260739a808b36c5884770007de1800c313b', 'sha256': 'd25b076aa112ce500fb797213b4bdcb42c43c7e04a8734002b79d2ff24a663e1'}, 'dob': {'date': '1989-07-04T00:56:05.602Z', 'age': 34}, 'registered': {'date': '2013-01-17T06:37:44.196Z', 'age': 11}, 'phone': 'R87 Q09-5156', 'cell': 'B49 Z53-1034', 'id': {'name': 'SIN', 'value': '706372950'}, 'picture': {'large': 'https://randomuser.me/api/portraits/women/14.jpg', 'medium': 'https://randomuser.me/api/portraits/med/women/14.jpg', 'thumbnail': 'https://randomuser.me/api/portraits/thumb/women/14.jpg'}, 'nat': 'CA'}</msg>
<arg>${json_data['results'][0]}</arg>
<doc>Logs the given message with the given level.</doc>
<status status="PASS" start="2024-04-04T03:17:05.282487" elapsed="0.000430"/>
</kw>
<kw name="Log" owner="BuiltIn">
<msg time="2024-04-04T03:17:05.283376" level="INFO">name</msg>
<arg>${key}</arg>
<doc>Logs the given message with the given level.</doc>
<status status="PASS" start="2024-04-04T03:17:05.283241" elapsed="0.000175"/>
</kw>
<var name="${key}">name</var>
<status status="PASS" start="2024-04-04T03:17:05.281515" elapsed="0.002121"/>
</iter>
<iter>
<kw name="Dictionary Should Contain Key" owner="Collections">
<msg time="2024-04-04T03:17:05.284344" level="INFO">False</msg>
<arg>${json_data['results'][0]}</arg>
<arg>${key}</arg>
<doc>Fails if ``key`` is not found from ``dictionary``.</doc>
<status status="PASS" start="2024-04-04T03:17:05.283948" elapsed="0.000436"/>
</kw>
<kw name="Log" owner="BuiltIn">
<msg time="2024-04-04T03:17:05.285068" level="INFO">{'gender': 'female', 'name': {'title': 'Ms', 'first': 'Maeva', 'last': 'Roy'}, 'location': {'street': {'number': 7288, 'name': 'Cedar St'}, 'city': 'St. Antoine', 'state': 'Manitoba', 'country': 'Canada', 'postcode': 'L4N 0F5', 'coordinates': {'latitude': '-68.8160', 'longitude': '8.5539'}, 'timezone': {'offset': '+3:00', 'description': 'Baghdad, Riyadh, Moscow, St. Petersburg'}}, 'email': 'maeva.roy@example.com', 'login': {'uuid': 'bce8b3d3-eb6f-4127-b504-85c82aeca0f8', 'username': 'crazylion414', 'password': '5rxypn', 'salt': 'SA0gjDEw', 'md5': '9bf6940e3ac076a6f07b4c1578b0b548', 'sha1': '663b2260739a808b36c5884770007de1800c313b', 'sha256': 'd25b076aa112ce500fb797213b4bdcb42c43c7e04a8734002b79d2ff24a663e1'}, 'dob': {'date': '1989-07-04T00:56:05.602Z', 'age': 34}, 'registered': {'date': '2013-01-17T06:37:44.196Z', 'age': 11}, 'phone': 'R87 Q09-5156', 'cell': 'B49 Z53-1034', 'id': {'name': 'SIN', 'value': '706372950'}, 'picture': {'large': 'https://randomuser.me/api/portraits/women/14.jpg', 'medium': 'https://randomuser.me/api/portraits/med/women/14.jpg', 'thumbnail': 'https://randomuser.me/api/portraits/thumb/women/14.jpg'}, 'nat': 'CA'}</msg>
<arg>${json_data['results'][0]}</arg>
<doc>Logs the given message with the given level.</doc>
<status status="PASS" start="2024-04-04T03:17:05.284695" elapsed="0.000427"/>
</kw>
<kw name="Log" owner="BuiltIn">
<msg time="2024-04-04T03:17:05.285555" level="INFO">location</msg>
<arg>${key}</arg>
<doc>Logs the given message with the given level.</doc>
<status status="PASS" start="2024-04-04T03:17:05.285423" elapsed="0.000172"/>
</kw>
<var name="${key}">location</var>
<status status="PASS" start="2024-04-04T03:17:05.283831" elapsed="0.001990"/>
</iter>
<iter>
<kw name="Dictionary Should Contain Key" owner="Collections">
<msg time="2024-04-04T03:17:05.286586" level="INFO">False</msg>
<arg>${json_data['results'][0]}</arg>
<arg>${key}</arg>
<doc>Fails if ``key`` is not found from ``dictionary``.</doc>
<status status="PASS" start="2024-04-04T03:17:05.286193" elapsed="0.000433"/>
</kw>
<kw name="Log" owner="BuiltIn">
<msg time="2024-04-04T03:17:05.287306" level="INFO">{'gender': 'female', 'name': {'title': 'Ms', 'first': 'Maeva', 'last': 'Roy'}, 'location': {'street': {'number': 7288, 'name': 'Cedar St'}, 'city': 'St. Antoine', 'state': 'Manitoba', 'country': 'Canada', 'postcode': 'L4N 0F5', 'coordinates': {'latitude': '-68.8160', 'longitude': '8.5539'}, 'timezone': {'offset': '+3:00', 'description': 'Baghdad, Riyadh, Moscow, St. Petersburg'}}, 'email': 'maeva.roy@example.com', 'login': {'uuid': 'bce8b3d3-eb6f-4127-b504-85c82aeca0f8', 'username': 'crazylion414', 'password': '5rxypn', 'salt': 'SA0gjDEw', 'md5': '9bf6940e3ac076a6f07b4c1578b0b548', 'sha1': '663b2260739a808b36c5884770007de1800c313b', 'sha256': 'd25b076aa112ce500fb797213b4bdcb42c43c7e04a8734002b79d2ff24a663e1'}, 'dob': {'date': '1989-07-04T00:56:05.602Z', 'age': 34}, 'registered': {'date': '2013-01-17T06:37:44.196Z', 'age': 11}, 'phone': 'R87 Q09-5156', 'cell': 'B49 Z53-1034', 'id': {'name': 'SIN', 'value': '706372950'}, 'picture': {'large': 'https://randomuser.me/api/portraits/women/14.jpg', 'medium': 'https://randomuser.me/api/portraits/med/women/14.jpg', 'thumbnail': 'https://randomuser.me/api/portraits/thumb/women/14.jpg'}, 'nat': 'CA'}</msg>
<arg>${json_data['results'][0]}</arg>
<doc>Logs the given message with the given level.</doc>
<status status="PASS" start="2024-04-04T03:17:05.286935" elapsed="0.000420"/>
</kw>
<kw name="Log" owner="BuiltIn">
<msg time="2024-04-04T03:17:05.287788" level="INFO">email</msg>
<arg>${key}</arg>
<doc>Logs the given message with the given level.</doc>
<status status="PASS" start="2024-04-04T03:17:05.287658" elapsed="0.000169"/>
</kw>
<var name="${key}">email</var>
<status status="PASS" start="2024-04-04T03:17:05.286057" elapsed="0.001987"/>
</iter>
<iter>
<kw name="Dictionary Should Contain Key" owner="Collections">
<msg time="2024-04-04T03:17:05.288737" level="INFO">False</msg>
<arg>${json_data['results'][0]}</arg>
<arg>${key}</arg>
<doc>Fails if ``key`` is not found from ``dictionary``.</doc>
<status status="PASS" start="2024-04-04T03:17:05.288349" elapsed="0.000426"/>
</kw>
<kw name="Log" owner="BuiltIn">
<msg time="2024-04-04T03:17:05.289435" level="INFO">{'gender': 'female', 'name': {'title': 'Ms', 'first': 'Maeva', 'last': 'Roy'}, 'location': {'street': {'number': 7288, 'name': 'Cedar St'}, 'city': 'St. Antoine', 'state': 'Manitoba', 'country': 'Canada', 'postcode': 'L4N 0F5', 'coordinates': {'latitude': '-68.8160', 'longitude': '8.5539'}, 'timezone': {'offset': '+3:00', 'description': 'Baghdad, Riyadh, Moscow, St. Petersburg'}}, 'email': 'maeva.roy@example.com', 'login': {'uuid': 'bce8b3d3-eb6f-4127-b504-85c82aeca0f8', 'username': 'crazylion414', 'password': '5rxypn', 'salt': 'SA0gjDEw', 'md5': '9bf6940e3ac076a6f07b4c1578b0b548', 'sha1': '663b2260739a808b36c5884770007de1800c313b', 'sha256': 'd25b076aa112ce500fb797213b4bdcb42c43c7e04a8734002b79d2ff24a663e1'}, 'dob': {'date': '1989-07-04T00:56:05.602Z', 'age': 34}, 'registered': {'date': '2013-01-17T06:37:44.196Z', 'age': 11}, 'phone': 'R87 Q09-5156', 'cell': 'B49 Z53-1034', 'id': {'name': 'SIN', 'value': '706372950'}, 'picture': {'large': 'https://randomuser.me/api/portraits/women/14.jpg', 'medium': 'https://randomuser.me/api/portraits/med/women/14.jpg', 'thumbnail': 'https://randomuser.me/api/portraits/thumb/women/14.jpg'}, 'nat': 'CA'}</msg>
<arg>${json_data['results'][0]}</arg>
<doc>Logs the given message with the given level.</doc>
<status status="PASS" start="2024-04-04T03:17:05.289073" elapsed="0.000410"/>
</kw>
<kw name="Log" owner="BuiltIn">
<msg time="2024-04-04T03:17:05.289903" level="INFO">login</msg>
<arg>${key}</arg>
<doc>Logs the given message with the given level.</doc>
<status status="PASS" start="2024-04-04T03:17:05.289775" elapsed="0.000366"/>
</kw>
<var name="${key}">login</var>
<status status="PASS" start="2024-04-04T03:17:05.288227" elapsed="0.002182"/>
</iter>
<var>${key}</var>
<value>@{expected_keys}</value>
<status status="PASS" start="2024-04-04T03:17:05.278925" elapsed="0.011615"/>
</for>
<kw name="Create List" owner="BuiltIn">
<msg time="2024-04-04T03:17:05.290903" level="INFO">${expected_keysTwo} = ['username', 'password']</msg>
<var>${expected_keysTwo}</var>
<arg>username</arg>
<arg>password</arg>
<doc>Returns a list containing given items.</doc>
<status status="PASS" start="2024-04-04T03:17:05.290753" elapsed="0.000175"/>
</kw>
<for flavor="IN">
<iter>
<kw name="Dictionary Should Contain Key" owner="Collections">
<msg time="2024-04-04T03:17:05.291880" level="INFO">False</msg>
<arg>${json_data['results'][0]['login']}</arg>
<arg>${keyTwo}</arg>
<doc>Fails if ``key`` is not found from ``dictionary``.</doc>
<status status="PASS" start="2024-04-04T03:17:05.291474" elapsed="0.000452"/>
</kw>
<kw name="Dictionary Should Contain Key" owner="Collections">
<msg time="2024-04-04T03:17:05.292650" level="INFO">False</msg>
<arg>${json_data['results'][0]['login']}</arg>
<arg>${keyTwo}</arg>
<doc>Fails if ``key`` is not found from ``dictionary``.</doc>
<status status="PASS" start="2024-04-04T03:17:05.292252" elapsed="0.000441"/>
</kw>
<kw name="Log" owner="BuiltIn">
<msg time="2024-04-04T03:17:05.293148" level="INFO">username</msg>
<arg>${keyTwo}</arg>
<doc>Logs the given message with the given level.</doc>
<status status="PASS" start="2024-04-04T03:17:05.293010" elapsed="0.000176"/>
</kw>
<var name="${keyTwo}">username</var>
<status status="PASS" start="2024-04-04T03:17:05.291357" elapsed="0.002051"/>
</iter>
<iter>
<kw name="Dictionary Should Contain Key" owner="Collections">
<msg time="2024-04-04T03:17:05.294143" level="INFO">False</msg>
<arg>${json_data['results'][0]['login']}</arg>
<arg>${keyTwo}</arg>
<doc>Fails if ``key`` is not found from ``dictionary``.</doc>
<status status="PASS" start="2024-04-04T03:17:05.293703" elapsed="0.000480"/>
</kw>
<kw name="Dictionary Should Contain Key" owner="Collections">
<msg time="2024-04-04T03:17:05.294876" level="INFO">False</msg>
<arg>${json_data['results'][0]['login']}</arg>
<arg>${keyTwo}</arg>
<doc>Fails if ``key`` is not found from ``dictionary``.</doc>
<status status="PASS" start="2024-04-04T03:17:05.294484" elapsed="0.000430"/>
</kw>
<kw name="Log" owner="BuiltIn">
<msg time="2024-04-04T03:17:05.295340" level="INFO">password</msg>
<arg>${keyTwo}</arg>
<doc>Logs the given message with the given level.</doc>
<status status="PASS" start="2024-04-04T03:17:05.295211" elapsed="0.000168"/>
</kw>
<var name="${keyTwo}">password</var>
<status status="PASS" start="2024-04-04T03:17:05.293590" elapsed="0.002009"/>
</iter>
<var>${keyTwo}</var>
<value>@{expected_keysTwo}</value>
<status status="PASS" start="2024-04-04T03:17:05.291183" elapsed="0.004540"/>
</for>
<status status="PASS" start="2024-04-04T03:17:05.181860" elapsed="0.114022"/>
</kw>
<doc>Testa a estrutura da resposta da API.</doc>
<tag>testeEstruturaResposta</tag>
<status status="PASS" start="2024-04-04T03:17:05.180780" elapsed="0.115276"/>
</test>
<test id="s1-s1-t4" name="Validar tipos de dados" line="28">
<kw name="Teste de Tipos de Dados" owner="random-user-service">
<kw name="GET On Session" owner="RequestsLibrary">
<msg time="2024-04-04T03:17:05.372764" level="INFO">GET Request : url=https://randomuser.me/api 
 path_url=/api 
 headers={'User-Agent': 'python-requests/2.31.0', 'Accept-Encoding': 'gzip, deflate', 'Accept': '*/*', 'Connection': 'keep-alive'} 
 body=None 
 </msg>
<msg time="2024-04-04T03:17:05.372872" level="INFO">GET Response : url=https://randomuser.me/api 
 status=200, reason=OK 
 headers={'Date': 'Thu, 04 Apr 2024 03:17:05 GMT', 'Content-Type': 'application/json; charset=utf-8', 'Transfer-Encoding': 'chunked', 'Connection': 'keep-alive', 'X-Powered-By': 'Express', 'Access-Control-Allow-Origin': '*', 'Cache-Control': 'no-cache', 'ETag': 'W/"481-tCWcHRptm/9PY1cOV/nX9AztwUc"', 'Vary': 'Accept-Encoding', 'Content-Encoding': 'gzip', 'CF-Cache-Status': 'DYNAMIC', 'Report-To': '{"endpoints":[{"url":"https:\\/\\/a.nel.cloudflare.com\\/report\\/v4?s=OSiFnGsPtqsgzIHgSATmTgqOoOaqnIpY01Ayy%2F1Sl4AP1V8a8zmUqdKcPmkmg8WyVNMgUTVlSEwilG2oD84EozDzzYuTzE7ZhHMcZ8wdwODnQOdDtZKIocQB67HqoVyZ"}],"group":"cf-nel","max_age":604800}', 'NEL': '{"success_fraction":0,"report_to":"cf-nel","max_age":604800}', 'Server': 'cloudflare', 'CF-RAY': '86ee24b42bc2389a-IAD', 'alt-svc': 'h3=":443"; ma=86400'} 
 body={"results":[{"gender":"male","name":{"title":"Mr","first":"Ricardo","last":"Soto"},"location":{"street":{"number":1566,"name":"Calle de Ángel García"},"city":"Mérida","state":"Cataluña","country":"Spain","postcode":76340,"coordinates":{"latitude":"-38.1684","longitude":"-71.0632"},"timezone":{"offset":"-12:00","description":"Eniwetok, Kwajalein"}},"email":"ricardo.soto@example.com","login":{"uuid":"de02b86b-8920-4f1f-b33c-318a690b7e7e","username":"bluerabbit298","password":"button","salt":"HJid8f8D","md5":"5e9d1e90ad66699a7a913a6131ae30e1","sha1":"1e2c2ca2acca150267f02c55363f184e6d9abc9d","sha256":"eb5022c49a97d528fa4a38695d6dc2f304404dc53639aa4c95a14e122f965b54"},"dob":{"date":"1950-04-11T01:30:15.362Z","age":73},"registered":{"date":"2013-02-06T16:34:16.352Z","age":11},"phone":"946-074-949","cell":"655-624-011","id":{"name":"DNI","value":"87413403-J"},"picture":{"large":"https://randomuser.me/api/portraits/men/63.jpg","medium":"https://randomuser.me/api/portraits/med/men/63.jpg","thumbnail":"https://randomuser.me/api/portraits/thumb/men/63.jpg"},"nat":"ES"}],"info":{"seed":"d40c1c6e4fc84125","results":1,"page":1,"version":"1.4"}} 
 </msg>
<msg time="2024-04-04T03:17:05.372955" level="INFO">/opt/hostedtoolcache/Python/3.12.2/x64/lib/python3.12/site-packages/urllib3/connectionpool.py:1103: InsecureRequestWarning: Unverified HTTPS request is being made to host 'randomuser.me'. Adding certificate verification is strongly advised. See: https://urllib3.readthedocs.io/en/latest/advanced-usage.html#tls-warnings
  warnings.warn(</msg>
<msg time="2024-04-04T03:17:05.373122" level="INFO">${response} = &lt;Response [200]&gt;</msg>
<var>${response}</var>
<arg>consultarAPI</arg>
<arg>/api</arg>
<doc>Sends a GET request on a previously created HTTP Session.</doc>
<status status="PASS" start="2024-04-04T03:17:05.298690" elapsed="0.074483"/>
</kw>
<kw name="Set Variable" owner="BuiltIn">
<msg time="2024-04-04T03:17:05.374469" level="INFO">${json_data} = {'results': [{'gender': 'male', 'name': {'title': 'Mr', 'first': 'Ricardo', 'last': 'Soto'}, 'location': {'street': {'number': 1566, 'name': 'Calle de Ángel García'}, 'city': 'Mérida', 'state': 'Catal...</msg>
<var>${json_data}</var>
<arg>${response.json()}</arg>
<doc>Returns the given values which can then be assigned to a variables.</doc>
<status status="PASS" start="2024-04-04T03:17:05.373778" elapsed="0.000724"/>
</kw>
<kw name="Log" owner="BuiltIn">
<msg time="2024-04-04T03:17:05.375109" level="INFO">{'results': [{'gender': 'male', 'name': {'title': 'Mr', 'first': 'Ricardo', 'last': 'Soto'}, 'location': {'street': {'number': 1566, 'name': 'Calle de Ángel García'}, 'city': 'Mérida', 'state': 'Cataluña', 'country': 'Spain', 'postcode': 76340, 'coordinates': {'latitude': '-38.1684', 'longitude': '-71.0632'}, 'timezone': {'offset': '-12:00', 'description': 'Eniwetok, Kwajalein'}}, 'email': 'ricardo.soto@example.com', 'login': {'uuid': 'de02b86b-8920-4f1f-b33c-318a690b7e7e', 'username': 'bluerabbit298', 'password': 'button', 'salt': 'HJid8f8D', 'md5': '5e9d1e90ad66699a7a913a6131ae30e1', 'sha1': '1e2c2ca2acca150267f02c55363f184e6d9abc9d', 'sha256': 'eb5022c49a97d528fa4a38695d6dc2f304404dc53639aa4c95a14e122f965b54'}, 'dob': {'date': '1950-04-11T01:30:15.362Z', 'age': 73}, 'registered': {'date': '2013-02-06T16:34:16.352Z', 'age': 11}, 'phone': '946-074-949', 'cell': '655-624-011', 'id': {'name': 'DNI', 'value': '87413403-J'}, 'picture': {'large': 'https://randomuser.me/api/portraits/men/63.jpg', 'medium': 'https://randomuser.me/api/portraits/med/men/63.jpg', 'thumbnail': 'https://randomuser.me/api/portraits/thumb/men/63.jpg'}, 'nat': 'ES'}], 'info': {'seed': 'd40c1c6e4fc84125', 'results': 1, 'page': 1, 'version': '1.4'}}</msg>
<arg>${json_data}</arg>
<doc>Logs the given message with the given level.</doc>
<status status="PASS" start="2024-04-04T03:17:05.374906" elapsed="0.000298"/>
</kw>
<kw name="Should Be String" owner="String">
<arg>${json_data['results'][0]['gender']}</arg>
<doc>Fails if the given ``item`` is not a string.</doc>
<status status="PASS" start="2024-04-04T03:17:05.375565" elapsed="0.000400"/>
</kw>
<kw name="Should Match Regexp" owner="BuiltIn">
<arg>${json_data['results'][0]['email']}</arg>
<arg>^[a-zA-Z0-9._%+-]+@[a-zA-Z0-9.-]+\.[a-zA-Z]{2,}$</arg>
<doc>Fails if ``string`` does not match ``pattern`` as a regular expression.</doc>
<status status="PASS" start="2024-04-04T03:17:05.376174" elapsed="0.000562"/>
</kw>
<kw name="Should Match Regexp" owner="BuiltIn">
<arg>${json_data['results'][0]['dob']['date']}</arg>
<arg>\\d{4}-\\d{2}-\\d{2}T\\d{2}:\\d{2}:\\d{2}\\.\\d{3}Z</arg>
<doc>Fails if ``string`` does not match ``pattern`` as a regular expression.</doc>
<status status="PASS" start="2024-04-04T03:17:05.376950" elapsed="0.000512"/>
</kw>
<kw name="Should Match Regexp" owner="BuiltIn">
<arg>${json_data['results'][0]['registered']['date']}</arg>
<arg>\\d{4}-\\d{2}-\\d{2}T\\d{2}:\\d{2}:\\d{2}\\.\\d{3}Z</arg>
<doc>Fails if ``string`` does not match ``pattern`` as a regular expression.</doc>
<status status="PASS" start="2024-04-04T03:17:05.377670" elapsed="0.000425"/>
</kw>
<kw name="Should Match Regexp" owner="BuiltIn">
<arg>${json_data['results'][0]['picture']['large']}</arg>
<arg>^https?://.*\.(?:png|jpe?g|gif|bmp)$</arg>
<doc>Fails if ``string`` does not match ``pattern`` as a regular expression.</doc>
<status status="PASS" start="2024-04-04T03:17:05.378303" elapsed="0.000485"/>
</kw>
<kw name="Should Match Regexp" owner="BuiltIn">
<arg>${json_data['results'][0]['picture']['medium']}</arg>
<arg>^https?://.*\.(?:png|jpe?g|gif|bmp)$</arg>
<doc>Fails if ``string`` does not match ``pattern`` as a regular expression.</doc>
<status status="PASS" start="2024-04-04T03:17:05.378987" elapsed="0.000377"/>
</kw>
<kw name="Should Match Regexp" owner="BuiltIn">
<arg>${json_data['results'][0]['picture']['thumbnail']}</arg>
<arg>^https?://.*\.(?:png|jpe?g|gif|bmp)$</arg>
<doc>Fails if ``string`` does not match ``pattern`` as a regular expression.</doc>
<status status="PASS" start="2024-04-04T03:17:05.379553" elapsed="0.000358"/>
</kw>
<kw name="Log" owner="BuiltIn">
<msg time="2024-04-04T03:17:05.380433" level="INFO">{'large': 'https://randomuser.me/api/portraits/men/63.jpg', 'medium': 'https://randomuser.me/api/portraits/med/men/63.jpg', 'thumbnail': 'https://randomuser.me/api/portraits/thumb/men/63.jpg'}</msg>
<arg>${json_data['results'][0]['picture']}</arg>
<doc>Logs the given message with the given level.</doc>
<status status="PASS" start="2024-04-04T03:17:05.380097" elapsed="0.000385"/>
</kw>
<status status="PASS" start="2024-04-04T03:17:05.298420" elapsed="0.082369"/>
</kw>
<kw name="Teste de Tipos de Dados - Postcode" owner="random-user-service">
<kw name="GET On Session" owner="RequestsLibrary">
<msg time="2024-04-04T03:17:05.491102" level="INFO">GET Request : url=https://randomuser.me/api 
 path_url=/api 
 headers={'User-Agent': 'python-requests/2.31.0', 'Accept-Encoding': 'gzip, deflate', 'Accept': '*/*', 'Connection': 'keep-alive'} 
 body=None 
 </msg>
<msg time="2024-04-04T03:17:05.491200" level="INFO">GET Response : url=https://randomuser.me/api 
 status=200, reason=OK 
 headers={'Date': 'Thu, 04 Apr 2024 03:17:05 GMT', 'Content-Type': 'application/json; charset=utf-8', 'Transfer-Encoding': 'chunked', 'Connection': 'keep-alive', 'X-Powered-By': 'Express', 'Access-Control-Allow-Origin': '*', 'Cache-Control': 'no-cache', 'ETag': 'W/"497-qqsccaAFCsYuCHqyfcFQhqN+L9A"', 'Vary': 'Accept-Encoding', 'Content-Encoding': 'gzip', 'CF-Cache-Status': 'DYNAMIC', 'Report-To': '{"endpoints":[{"url":"https:\\/\\/a.nel.cloudflare.com\\/report\\/v4?s=ZWg6wL0o6uxBqMltU3YPVvqKczBYi6RUJ9eEju0aPB8xetgwW%2F3tvmsSyZe6dVgjCLIeGqNmhlRKwVF2aXqA1ULAUNrkp5XSmMdHvVMYg6f0Z6gK6LlRFyTGkxiExeKO"}],"group":"cf-nel","max_age":604800}', 'NEL': '{"success_fraction":0,"report_to":"cf-nel","max_age":604800}', 'Server': 'cloudflare', 'CF-RAY': '86ee24b4ac3a389a-IAD', 'alt-svc': 'h3=":443"; ma=86400'} 
 body={"results":[{"gender":"female","name":{"title":"Madame","first":"Sonia","last":"Roger"},"location":{"street":{"number":2709,"name":"Rue Jean-Baldassini"},"city":"Hettlingen","state":"Glarus","country":"Switzerland","postcode":1658,"coordinates":{"latitude":"-59.7478","longitude":"103.4324"},"timezone":{"offset":"+6:00","description":"Almaty, Dhaka, Colombo"}},"email":"sonia.roger@example.com","login":{"uuid":"ee2c4e65-0a0b-43cf-961f-dc224d151ddc","username":"whitesnake817","password":"alpha","salt":"OaSmW73x","md5":"30fd47eadcd6000d2aa44ccaa2bde19b","sha1":"95891018abadf3ad59a71b1b634f542edf9a288b","sha256":"69549e384b692ba134edf41433fd588aad967d20acd968c511d887c1049691c8"},"dob":{"date":"1952-01-20T10:04:55.254Z","age":72},"registered":{"date":"2004-12-16T17:04:44.122Z","age":19},"phone":"076 188 75 78","cell":"075 743 61 10","id":{"name":"AVS","value":"756.1127.3474.35"},"picture":{"large":"https://randomuser.me/api/portraits/women/26.jpg","medium":"https://randomuser.me/api/portraits/med/women/26.jpg","thumbnail":"https://randomuser.me/api/portraits/thumb/women/26.jpg"},"nat":"CH"}],"info":{"seed":"44729773e2ac7c7a","results":1,"page":1,"version":"1.4"}} 
 </msg>
<msg time="2024-04-04T03:17:05.491285" level="INFO">/opt/hostedtoolcache/Python/3.12.2/x64/lib/python3.12/site-packages/urllib3/connectionpool.py:1103: InsecureRequestWarning: Unverified HTTPS request is being made to host 'randomuser.me'. Adding certificate verification is strongly advised. See: https://urllib3.readthedocs.io/en/latest/advanced-usage.html#tls-warnings
  warnings.warn(</msg>
<msg time="2024-04-04T03:17:05.491433" level="INFO">${response} = &lt;Response [200]&gt;</msg>
<var>${response}</var>
<arg>consultarAPI</arg>
<arg>/api</arg>
<doc>Sends a GET request on a previously created HTTP Session.</doc>
<status status="PASS" start="2024-04-04T03:17:05.381466" elapsed="0.110013"/>
</kw>
<kw name="Set Variable" owner="BuiltIn">
<msg time="2024-04-04T03:17:05.492557" level="INFO">${json_data} = {'results': [{'gender': 'female', 'name': {'title': 'Madame', 'first': 'Sonia', 'last': 'Roger'}, 'location': {'street': {'number': 2709, 'name': 'Rue Jean-Baldassini'}, 'city': 'Hettlingen', 'state':...</msg>
<var>${json_data}</var>
<arg>${response.json()}</arg>
<doc>Returns the given values which can then be assigned to a variables.</doc>
<status status="PASS" start="2024-04-04T03:17:05.492028" elapsed="0.000572"/>
</kw>
<kw name="Log" owner="BuiltIn">
<msg time="2024-04-04T03:17:05.493126" level="INFO">{'results': [{'gender': 'female', 'name': {'title': 'Madame', 'first': 'Sonia', 'last': 'Roger'}, 'location': {'street': {'number': 2709, 'name': 'Rue Jean-Baldassini'}, 'city': 'Hettlingen', 'state': 'Glarus', 'country': 'Switzerland', 'postcode': 1658, 'coordinates': {'latitude': '-59.7478', 'longitude': '103.4324'}, 'timezone': {'offset': '+6:00', 'description': 'Almaty, Dhaka, Colombo'}}, 'email': 'sonia.roger@example.com', 'login': {'uuid': 'ee2c4e65-0a0b-43cf-961f-dc224d151ddc', 'username': 'whitesnake817', 'password': 'alpha', 'salt': 'OaSmW73x', 'md5': '30fd47eadcd6000d2aa44ccaa2bde19b', 'sha1': '95891018abadf3ad59a71b1b634f542edf9a288b', 'sha256': '69549e384b692ba134edf41433fd588aad967d20acd968c511d887c1049691c8'}, 'dob': {'date': '1952-01-20T10:04:55.254Z', 'age': 72}, 'registered': {'date': '2004-12-16T17:04:44.122Z', 'age': 19}, 'phone': '076 188 75 78', 'cell': '075 743 61 10', 'id': {'name': 'AVS', 'value': '756.1127.3474.35'}, 'picture': {'large': 'https://randomuser.me/api/portraits/women/26.jpg', 'medium': 'https://randomuser.me/api/portraits/med/women/26.jpg', 'thumbnail': 'https://randomuser.me/api/portraits/thumb/women/26.jpg'}, 'nat': 'CH'}], 'info': {'seed': '44729773e2ac7c7a', 'results': 1, 'page': 1, 'version': '1.4'}}</msg>
<arg>${json_data}</arg>
<doc>Logs the given message with the given level.</doc>
<status status="PASS" start="2024-04-04T03:17:05.492961" elapsed="0.000248"/>
</kw>
<kw name="Should Be Equal As Numbers" owner="BuiltIn">
<arg>${json_data['results'][0]['location']['postcode']}</arg>
<arg>${json_data['results'][0]['location']['postcode']}</arg>
<doc>Fails if objects are unequal after converting them to real numbers.</doc>
<status status="PASS" start="2024-04-04T03:17:05.493511" elapsed="0.000699"/>
</kw>
<kw name="Log" owner="BuiltIn">
<msg time="2024-04-04T03:17:05.494741" level="INFO">1658</msg>
<arg>${json_data['results'][0]['location']['postcode']}</arg>
<doc>Logs the given message with the given level.</doc>
<status status="PASS" start="2024-04-04T03:17:05.494406" elapsed="0.000377"/>
</kw>
<status status="PASS" start="2024-04-04T03:17:05.381033" elapsed="0.114016"/>
</kw>
<doc>Testa se os tipos de dados na resposta da API estão corretos.</doc>
<tag>testeTiposDados</tag>
<status status="PASS" start="2024-04-04T03:17:05.297849" elapsed="0.197374"/>
</test>
<test id="s1-s1-t5" name="Validar conteudo" line="35">
<kw name="Teste de Tipos de Conteudo" owner="random-user-service">
<kw name="GET On Session" owner="RequestsLibrary">
<msg time="2024-04-04T03:17:05.575610" level="INFO">GET Request : url=https://randomuser.me/api 
 path_url=/api 
 headers={'User-Agent': 'python-requests/2.31.0', 'Accept-Encoding': 'gzip, deflate', 'Accept': '*/*', 'Connection': 'keep-alive'} 
 body=None 
 </msg>
<msg time="2024-04-04T03:17:05.575723" level="INFO">GET Response : url=https://randomuser.me/api 
 status=200, reason=OK 
 headers={'Date': 'Thu, 04 Apr 2024 03:17:05 GMT', 'Content-Type': 'application/json; charset=utf-8', 'Transfer-Encoding': 'chunked', 'Connection': 'keep-alive', 'X-Powered-By': 'Express', 'Access-Control-Allow-Origin': '*', 'Cache-Control': 'no-cache', 'ETag': 'W/"494-h/91tt4Udbe0D9H6t6kyz370U8Q"', 'Vary': 'Accept-Encoding', 'Content-Encoding': 'gzip', 'CF-Cache-Status': 'DYNAMIC', 'Report-To': '{"endpoints":[{"url":"https:\\/\\/a.nel.cloudflare.com\\/report\\/v4?s=sQgUTKsu7afLM1AeNPjvUG5%2BfE718f7RXVcFZlcx20ZZh5UtL8B3cI8VxDXL71O7CrR9%2FQF9LQEJWapBnkxeFWyDVHxlTI6T3sYQNLyjM0yNFrZppxwxEbQfBbnZ6XRX"}],"group":"cf-nel","max_age":604800}', 'NEL': '{"success_fraction":0,"report_to":"cf-nel","max_age":604800}', 'Server': 'cloudflare', 'CF-RAY': '86ee24b56d44389a-IAD', 'alt-svc': 'h3=":443"; ma=86400'} 
 body={"results":[{"gender":"male","name":{"title":"Mr","first":"Nazario","last":"Iglesias"},"location":{"street":{"number":8106,"name":"Retorno Malta"},"city":"Matanzas","state":"Nayarit","country":"Mexico","postcode":90941,"coordinates":{"latitude":"29.0722","longitude":"-138.2444"},"timezone":{"offset":"-8:00","description":"Pacific Time (US &amp; Canada)"}},"email":"nazario.iglesias@example.com","login":{"uuid":"b72ce78e-aa36-4f7b-83ac-06aecdabca41","username":"purplerabbit146","password":"butterfly","salt":"MNox8ERd","md5":"9cedefebc2c95ea82be39a86ee0fda38","sha1":"158c9d4a6ed157f781d7c2c15edd7096048e440a","sha256":"5f18a19cc53f47696f7cb3c294ae78ee3eb2f8b5727e33f2b103fe6f2529ebc1"},"dob":{"date":"1967-10-03T13:47:15.904Z","age":56},"registered":{"date":"2015-11-04T06:59:05.872Z","age":8},"phone":"(678) 677 6307","cell":"(645) 178 2103","id":{"name":"NSS","value":"02 43 94 6476 8"},"picture":{"large":"https://randomuser.me/api/portraits/men/92.jpg","medium":"https://randomuser.me/api/portraits/med/men/92.jpg","thumbnail":"https://randomuser.me/api/portraits/thumb/men/92.jpg"},"nat":"MX"}],"info":{"seed":"a2fc237ddf8b4f00","results":1,"page":1,"version":"1.4"}} 
 </msg>
<msg time="2024-04-04T03:17:05.575804" level="INFO">/opt/hostedtoolcache/Python/3.12.2/x64/lib/python3.12/site-packages/urllib3/connectionpool.py:1103: InsecureRequestWarning: Unverified HTTPS request is being made to host 'randomuser.me'. Adding certificate verification is strongly advised. See: https://urllib3.readthedocs.io/en/latest/advanced-usage.html#tls-warnings
  warnings.warn(</msg>
<msg time="2024-04-04T03:17:05.575968" level="INFO">${response} = &lt;Response [200]&gt;</msg>
<var>${response}</var>
<arg>consultarAPI</arg>
<arg>/api</arg>
<doc>Sends a GET request on a previously created HTTP Session.</doc>
<status status="PASS" start="2024-04-04T03:17:05.497828" elapsed="0.078183"/>
</kw>
<kw name="Set Variable" owner="BuiltIn">
<msg time="2024-04-04T03:17:05.577112" level="INFO">${json_data} = {'results': [{'gender': 'male', 'name': {'title': 'Mr', 'first': 'Nazario', 'last': 'Iglesias'}, 'location': {'street': {'number': 8106, 'name': 'Retorno Malta'}, 'city': 'Matanzas', 'state': 'Nayarit...</msg>
<var>${json_data}</var>
<arg>${response.json()}</arg>
<doc>Returns the given values which can then be assigned to a variables.</doc>
<status status="PASS" start="2024-04-04T03:17:05.576571" elapsed="0.000569"/>
</kw>
<kw name="Set Variable" owner="BuiltIn">
<msg time="2024-04-04T03:17:05.577850" level="INFO">${name_title} = Mr</msg>
<var>${name_title}</var>
<arg>${json_data["results"][0]["name"]["title"]}</arg>
<doc>Returns the given values which can then be assigned to a variables.</doc>
<status status="PASS" start="2024-04-04T03:17:05.577460" elapsed="0.000416"/>
</kw>
<kw name="Create List" owner="BuiltIn">
<msg time="2024-04-04T03:17:05.578382" level="INFO">${allowed_titles} = ['Mr', 'Ms', 'Miss', 'Mrs', 'Madame', 'Monsieur']</msg>
<var>${allowed_titles}</var>
<arg>Mr</arg>
<arg>Ms</arg>
<arg>Miss</arg>
<arg>Mrs</arg>
<arg>Madame</arg>
<arg>Monsieur</arg>
<doc>Returns a list containing given items.</doc>
<status status="PASS" start="2024-04-04T03:17:05.578228" elapsed="0.000178"/>
</kw>
<kw name="List Should Contain Value" owner="Collections">
<msg time="2024-04-04T03:17:05.578898" level="INFO">False</msg>
<arg>${allowed_titles}</arg>
<arg>${name_title}</arg>
<doc>Fails if the ``value`` is not found from ``list``.</doc>
<status status="PASS" start="2024-04-04T03:17:05.578719" elapsed="0.000216"/>
</kw>
<kw name="Set Variable" owner="BuiltIn">
<msg time="2024-04-04T03:17:05.579604" level="INFO">${name_country} = MX</msg>
<var>${name_country}</var>
<arg>${json_data["results"][0]["nat"]}</arg>
<doc>Returns the given values which can then be assigned to a variables.</doc>
<status status="PASS" start="2024-04-04T03:17:05.579224" elapsed="0.000405"/>
</kw>
<kw name="Create List" owner="BuiltIn">
<msg time="2024-04-04T03:17:05.580539" level="INFO">${list_country} = ['AD', 'AE', 'AF', 'AG', 'AI', 'AL', 'AM', 'AO', 'AQ', 'AR', 'AS', 'AT', 'AU', 'AW', 'AX', 'AZ', 'BA', 'BB', 'BD', 'BE', 'BF', 'BG', 'BH', 'BI', 'BJ', 'BL', 'BM', 'BN', 'BO', 'BQ', 'BR', 'BS', 'BT', '...</msg>
<var>${list_country}</var>
<arg>AD</arg>
<arg>AE</arg>
<arg>AF</arg>
<arg>AG</arg>
<arg>AI</arg>
<arg>AL</arg>
<arg>AM</arg>
<arg>AO</arg>
<arg>AQ</arg>
<arg>AR</arg>
<arg>AS</arg>
<arg>AT</arg>
<arg>AU</arg>
<arg>AW</arg>
<arg>AX</arg>
<arg>AZ</arg>
<arg>BA</arg>
<arg>BB</arg>
<arg>BD</arg>
<arg>BE</arg>
<arg>BF</arg>
<arg>BG</arg>
<arg>BH</arg>
<arg>BI</arg>
<arg>BJ</arg>
<arg>BL</arg>
<arg>BM</arg>
<arg>BN</arg>
<arg>BO</arg>
<arg>BQ</arg>
<arg>BR</arg>
<arg>BS</arg>
<arg>BT</arg>
<arg>BV</arg>
<arg>BW</arg>
<arg>BY</arg>
<arg>BZ</arg>
<arg>CA</arg>
<arg>CC</arg>
<arg>CD</arg>
<arg>CF</arg>
<arg>CG</arg>
<arg>CH</arg>
<arg>CI</arg>
<arg>CK</arg>
<arg>CL</arg>
<arg>CM</arg>
<arg>CN</arg>
<arg>CO</arg>
<arg>CR</arg>
<arg>CU</arg>
<arg>CV</arg>
<arg>CW</arg>
<arg>CX</arg>
<arg>CY</arg>
<arg>CZ</arg>
<arg>DE</arg>
<arg>DJ</arg>
<arg>DK</arg>
<arg>DM</arg>
<arg>DO</arg>
<arg>DZ</arg>
<arg>EC</arg>
<arg>EE</arg>
<arg>EG</arg>
<arg>EH</arg>
<arg>ER</arg>
<arg>ES</arg>
<arg>ET</arg>
<arg>FI</arg>
<arg>FJ</arg>
<arg>FK</arg>
<arg>FM</arg>
<arg>FO</arg>
<arg>FR</arg>
<arg>GA</arg>
<arg>GB</arg>
<arg>GD</arg>
<arg>GE</arg>
<arg>GF</arg>
<arg>GG</arg>
<arg>GH</arg>
<arg>GI</arg>
<arg>GL</arg>
<arg>GM</arg>
<arg>GN</arg>
<arg>GP</arg>
<arg>GQ</arg>
<arg>GR</arg>
<arg>GS</arg>
<arg>GT</arg>
<arg>GU</arg>
<arg>GW</arg>
<arg>GY</arg>
<arg>HK</arg>
<arg>HM</arg>
<arg>HN</arg>
<arg>HR</arg>
<arg>HT</arg>
<arg>HU</arg>
<arg>ID</arg>
<arg>IE</arg>
<arg>IL</arg>
<arg>IM</arg>
<arg>IN</arg>
<arg>IO</arg>
<arg>IQ</arg>
<arg>IR</arg>
<arg>IS</arg>
<arg>IT</arg>
<arg>JE</arg>
<arg>JM</arg>
<arg>JO</arg>
<arg>JP</arg>
<arg>KE</arg>
<arg>KG</arg>
<arg>KH</arg>
<arg>KI</arg>
<arg>KM</arg>
<arg>KN</arg>
<arg>KP</arg>
<arg>KR</arg>
<arg>KW</arg>
<arg>KY</arg>
<arg>KZ</arg>
<arg>LA</arg>
<arg>LB</arg>
<arg>LC</arg>
<arg>LI</arg>
<arg>LK</arg>
<arg>LR</arg>
<arg>LS</arg>
<arg>LT</arg>
<arg>LU</arg>
<arg>LV</arg>
<arg>LY</arg>
<arg>MA</arg>
<arg>MC</arg>
<arg>MD</arg>
<arg>ME</arg>
<arg>MF</arg>
<arg>MG</arg>
<arg>MH</arg>
<arg>MK</arg>
<arg>ML</arg>
<arg>MM</arg>
<arg>MN</arg>
<arg>MO</arg>
<arg>MP</arg>
<arg>MQ</arg>
<arg>MR</arg>
<arg>MS</arg>
<arg>MT</arg>
<arg>MU</arg>
<arg>MV</arg>
<arg>MW</arg>
<arg>MX</arg>
<arg>MY</arg>
<arg>MZ</arg>
<arg>NA</arg>
<arg>NC</arg>
<arg>NE</arg>
<arg>NF</arg>
<arg>NG</arg>
<arg>NI</arg>
<arg>NL</arg>
<arg>NO</arg>
<arg>NP</arg>
<arg>NR</arg>
<arg>NU</arg>
<arg>NZ</arg>
<arg>OM</arg>
<arg>PA</arg>
<arg>PE</arg>
<arg>PF</arg>
<arg>PG</arg>
<arg>PH</arg>
<arg>PK</arg>
<arg>PL</arg>
<arg>PM</arg>
<arg>PN</arg>
<arg>PR</arg>
<arg>PS</arg>
<arg>PT</arg>
<arg>PW</arg>
<arg>PY</arg>
<arg>QA</arg>
<arg>RE</arg>
<arg>RO</arg>
<arg>RS</arg>
<arg>RU</arg>
<arg>RW</arg>
<arg>SA</arg>
<arg>SB</arg>
<arg>SC</arg>
<arg>SD</arg>
<arg>SE</arg>
<arg>SG</arg>
<arg>SH</arg>
<arg>SI</arg>
<arg>SJ</arg>
<arg>SK</arg>
<arg>SL</arg>
<arg>SM</arg>
<arg>SN</arg>
<arg>SO</arg>
<arg>SR</arg>
<arg>SS</arg>
<arg>ST</arg>
<arg>SV</arg>
<arg>SX</arg>
<arg>SY</arg>
<arg>SZ</arg>
<arg>TC</arg>
<arg>TD</arg>
<arg>TF</arg>
<arg>TG</arg>
<arg>TH</arg>
<arg>TJ</arg>
<arg>TK</arg>
<arg>TL</arg>
<arg>TM</arg>
<arg>TN</arg>
<arg>TO</arg>
<arg>TR</arg>
<arg>TT</arg>
<arg>TV</arg>
<arg>TW</arg>
<arg>TZ</arg>
<arg>UA</arg>
<arg>UG</arg>
<arg>UM</arg>
<arg>US</arg>
<arg>UY</arg>
<arg>UZ</arg>
<arg>VA</arg>
<arg>VC</arg>
<arg>VE</arg>
<arg>VG</arg>
<arg>VI</arg>
<arg>VN</arg>
<arg>VU</arg>
<arg>WF</arg>
<arg>WS</arg>
<arg>XK</arg>
<arg>YE</arg>
<arg>YT</arg>
<arg>ZA</arg>
<arg>ZM</arg>
<arg>ZW</arg>
<doc>Returns a list containing given items.</doc>
<status status="PASS" start="2024-04-04T03:17:05.579939" elapsed="0.000625"/>
</kw>
<kw name="List Should Contain Value" owner="Collections">
<msg time="2024-04-04T03:17:05.581724" level="INFO">False</msg>
<arg>${list_country}</arg>
<arg>${name_country}</arg>
<doc>Fails if the ``value`` is not found from ``list``.</doc>
<status status="PASS" start="2024-04-04T03:17:05.581513" elapsed="0.000249"/>
</kw>
<kw name="Run Keyword If" owner="BuiltIn">
<kw name="Should Be True" owner="BuiltIn">
<arg>${True}</arg>
<doc>Fails if the given condition is not true.</doc>
<status status="PASS" start="2024-04-04T03:17:05.582909" elapsed="0.000149"/>
</kw>
<arg>${json_data["results"][0]["location"]["coordinates"]["latitude"]} &gt;= -90 and ${json_data["results"][0]["location"]["coordinates"]["latitude"]} &lt;= 90</arg>
<arg>Should Be True</arg>
<arg>${True}</arg>
<doc>Runs the given keyword with the given arguments, if ``condition`` is true.</doc>
<status status="PASS" start="2024-04-04T03:17:05.582131" elapsed="0.001056"/>
</kw>
<kw name="Run Keyword If" owner="BuiltIn">
<kw name="Should Be True" owner="BuiltIn">
<arg>${True}</arg>
<doc>Fails if the given condition is not true.</doc>
<status status="PASS" start="2024-04-04T03:17:05.584087" elapsed="0.000140"/>
</kw>
<arg>${json_data["results"][0]["location"]["coordinates"]["longitude"]} &gt;= -180 and ${json_data["results"][0]["location"]["coordinates"]["longitude"]} &lt;= 180</arg>
<arg>Should Be True</arg>
<arg>${True}</arg>
<doc>Runs the given keyword with the given arguments, if ``condition`` is true.</doc>
<status status="PASS" start="2024-04-04T03:17:05.583372" elapsed="0.000981"/>
</kw>
<status status="PASS" start="2024-04-04T03:17:05.497584" elapsed="0.086902"/>
</kw>
<doc>Testa o conteúdo específico dos campos retornados pela API.</doc>
<tag>testeConteudo</tag>
<status status="PASS" start="2024-04-04T03:17:05.496985" elapsed="0.087663"/>
</test>
<status status="PASS" start="2024-04-04T03:17:04.667355" elapsed="0.919274"/>
</suite>
<status status="PASS" start="2024-04-04T03:17:04.652588" elapsed="0.939866"/>
</suite>
<statistics>
<total>
<stat pass="5" fail="0" skip="0">All Tests</stat>
</total>
<tag>
<stat pass="1" fail="0" skip="0">testeConteudo</stat>
<stat pass="1" fail="0" skip="0">testeEstruturaResposta</stat>
<stat pass="1" fail="0" skip="0">testeRequisicaoBasica</stat>
<stat pass="1" fail="0" skip="0">testeTiposDados</stat>
</tag>
<suite>
<stat pass="5" fail="0" skip="0" id="s1" name="Tests">Tests</stat>
<stat pass="5" fail="0" skip="0" id="s1-s1" name="Random-User-Test">Tests.Random-User-Test</stat>
</suite>
</statistics>
<errors>
</errors>
</robot>
