<?xml version="1.0" encoding="UTF-8"?>
<robot generator="Robot 7.0 (Python 3.12.3 on linux)" generated="2024-04-22T08:18:47.304033" rpa="false" schemaversion="5">
<suite id="s1" name="Tests" source="/home/runner/work/DesafioQAItauRogerioJordao/DesafioQAItauRogerioJordao/RamdonUser/tests">
<suite id="s1-s1" name="Random-User-Test" source="/home/runner/work/DesafioQAItauRogerioJordao/DesafioQAItauRogerioJordao/RamdonUser/tests/random-user-test.robot">
<test id="s1-s1-t1" name="Conectar" line="13">
<kw name="Conectar API" owner="random-user-service">
<kw name="Create Session" owner="RequestsLibrary">
<msg time="2024-04-22T08:18:47.658906" level="INFO">Creating Session using : alias=consultarAPI, url=https://randomuser.me/, headers={},                     cookies={}, auth=None, timeout=None, proxies=None, verify=False,                     debug=0 </msg>
<arg>consultarAPI</arg>
<arg>${URL}</arg>
<doc>Create Session: create a HTTP session to a server</doc>
<status status="PASS" start="2024-04-22T08:18:47.658712" elapsed="0.000356"/>
</kw>
<status status="PASS" start="2024-04-22T08:18:47.657773" elapsed="0.001637"/>
</kw>
<status status="PASS" start="2024-04-22T08:18:47.657166" elapsed="0.002432"/>
</test>
<test id="s1-s1-t2" name="Validar retorno 200 e JSON Válido" line="16">
<kw name="Teste de Requisicao Basica" owner="random-user-service">
<kw name="GET On Session" owner="RequestsLibrary">
<msg time="2024-04-22T08:18:47.736030" level="INFO">GET Request : url=https://randomuser.me/api 
 path_url=/api 
 headers={'User-Agent': 'python-requests/2.31.0', 'Accept-Encoding': 'gzip, deflate', 'Accept': '*/*', 'Connection': 'keep-alive'} 
 body=None 
 </msg>
<msg time="2024-04-22T08:18:47.736167" level="INFO">GET Response : url=https://randomuser.me/api 
 status=200, reason=OK 
 headers={'Date': 'Mon, 22 Apr 2024 08:18:47 GMT', 'Content-Type': 'application/json; charset=utf-8', 'Transfer-Encoding': 'chunked', 'Connection': 'keep-alive', 'X-Powered-By': 'Express', 'Access-Control-Allow-Origin': '*', 'Cache-Control': 'no-cache', 'ETag': 'W/"48e-hETCefDVKOxdZ/av+8/aqCsPf9M"', 'Vary': 'Accept-Encoding', 'Content-Encoding': 'gzip', 'CF-Cache-Status': 'DYNAMIC', 'Report-To': '{"endpoints":[{"url":"https:\\/\\/a.nel.cloudflare.com\\/report\\/v4?s=dza0p7%2BOB0gVoqt6YllxX3XcJIpwBdGqdKOK4cgAe0SVj0PA9JfpLnD1vL%2Bxha7edKlM6eeLu7NeFuEVfHu2OXPW3vY4V9%2FI44C8dn3Kw2s6Jq8I9OC%2F04sVGwtmpCX2"}],"group":"cf-nel","max_age":604800}', 'NEL': '{"success_fraction":0,"report_to":"cf-nel","max_age":604800}', 'Server': 'cloudflare', 'CF-RAY': '87842f6828f56ff5-IAD', 'alt-svc': 'h3=":443"; ma=86400'} 
 body={"results":[{"gender":"male","name":{"title":"Mr","first":"Juho","last":"Lakso"},"location":{"street":{"number":9100,"name":"Otavalankatu"},"city":"Vehmaa","state":"Pirkanmaa","country":"Finland","postcode":77867,"coordinates":{"latitude":"-27.4799","longitude":"-15.7132"},"timezone":{"offset":"-6:00","description":"Central Time (US &amp; Canada), Mexico City"}},"email":"juho.lakso@example.com","login":{"uuid":"663e8f9c-99a5-4de5-9a33-d144f1ccac1c","username":"brownduck855","password":"parola","salt":"JJMv15xg","md5":"d83c63f0c7451bf829f64fa4c4defcf5","sha1":"e0bfa6f12bcd00e9d8afbb8aa9278ae1c9ed7e2d","sha256":"5c85591026ccc2295b8344de8095b614aa7359a0370562018f07ec3691157463"},"dob":{"date":"1949-05-09T12:09:01.836Z","age":74},"registered":{"date":"2007-10-07T01:32:09.162Z","age":16},"phone":"09-077-670","cell":"048-889-86-42","id":{"name":"HETU","value":"NaNNA753undefined"},"picture":{"large":"https://randomuser.me/api/portraits/men/27.jpg","medium":"https://randomuser.me/api/portraits/med/men/27.jpg","thumbnail":"https://randomuser.me/api/portraits/thumb/men/27.jpg"},"nat":"FI"}],"info":{"seed":"dbecb114234d1cb9","results":1,"page":1,"version":"1.4"}} 
 </msg>
<msg time="2024-04-22T08:18:47.736266" level="INFO">/opt/hostedtoolcache/Python/3.12.3/x64/lib/python3.12/site-packages/urllib3/connectionpool.py:1103: InsecureRequestWarning: Unverified HTTPS request is being made to host 'randomuser.me'. Adding certificate verification is strongly advised. See: https://urllib3.readthedocs.io/en/latest/advanced-usage.html#tls-warnings
  warnings.warn(</msg>
<msg time="2024-04-22T08:18:47.736436" level="INFO">${response} = &lt;Response [200]&gt;</msg>
<var>${response}</var>
<arg>consultarAPI</arg>
<arg>/api</arg>
<doc>Sends a GET request on a previously created HTTP Session.</doc>
<status status="PASS" start="2024-04-22T08:18:47.662293" elapsed="0.074202"/>
</kw>
<kw name="Should Be Equal As Numbers" owner="BuiltIn">
<msg time="2024-04-22T08:18:47.737371" level="INFO">Argument types are:
&lt;class 'int'&gt;
&lt;class 'str'&gt;</msg>
<arg>${response.status_code}</arg>
<arg>200</arg>
<doc>Fails if objects are unequal after converting them to real numbers.</doc>
<status status="PASS" start="2024-04-22T08:18:47.736939" elapsed="0.000496"/>
</kw>
<kw name="Log" owner="BuiltIn">
<msg time="2024-04-22T08:18:47.738150" level="INFO">200</msg>
<arg>${response.status_code}</arg>
<doc>Logs the given message with the given level.</doc>
<status status="PASS" start="2024-04-22T08:18:47.737782" elapsed="0.000442"/>
</kw>
<kw name="Set Variable" owner="BuiltIn">
<msg time="2024-04-22T08:18:47.738968" level="INFO">${json_data} = {'results': [{'gender': 'male', 'name': {'title': 'Mr', 'first': 'Juho', 'last': 'Lakso'}, 'location': {'street': {'number': 9100, 'name': 'Otavalankatu'}, 'city': 'Vehmaa', 'state': 'Pirkanmaa', 'cou...</msg>
<var>${json_data}</var>
<arg>${response.json()}</arg>
<doc>Returns the given values which can then be assigned to a variables.</doc>
<status status="PASS" start="2024-04-22T08:18:47.738535" elapsed="0.000461"/>
</kw>
<kw name="Dictionary Should Contain Key" owner="Collections">
<msg time="2024-04-22T08:18:47.739466" level="INFO">False</msg>
<arg>${json_data}</arg>
<arg>results</arg>
<doc>Fails if ``key`` is not found from ``dictionary``.</doc>
<status status="PASS" start="2024-04-22T08:18:47.739297" elapsed="0.000209"/>
</kw>
<status status="PASS" start="2024-04-22T08:18:47.662023" elapsed="0.077736"/>
</kw>
<doc>Testa se a API responde corretamente e retorna um objeto JSON válido.</doc>
<tag>testeRequisicaoBasica</tag>
<status status="PASS" start="2024-04-22T08:18:47.661476" elapsed="0.078449"/>
</test>
<test id="s1-s1-t3" name="Validar estrutura de resposta" line="22">
<kw name="Teste de Estrutura de Resposta" owner="random-user-service">
<kw name="GET On Session" owner="RequestsLibrary">
<msg time="2024-04-22T08:18:47.831971" level="INFO">GET Request : url=https://randomuser.me/api 
 path_url=/api 
 headers={'User-Agent': 'python-requests/2.31.0', 'Accept-Encoding': 'gzip, deflate', 'Accept': '*/*', 'Connection': 'keep-alive'} 
 body=None 
 </msg>
<msg time="2024-04-22T08:18:47.832057" level="INFO">GET Response : url=https://randomuser.me/api 
 status=200, reason=OK 
 headers={'Date': 'Mon, 22 Apr 2024 08:18:47 GMT', 'Content-Type': 'application/json; charset=utf-8', 'Transfer-Encoding': 'chunked', 'Connection': 'keep-alive', 'X-Powered-By': 'Express', 'Access-Control-Allow-Origin': '*', 'Cache-Control': 'no-cache', 'ETag': 'W/"4af-M6WWMc8Dk/WG0cOzOxCVhUr8pK8"', 'Vary': 'Accept-Encoding', 'Content-Encoding': 'gzip', 'CF-Cache-Status': 'DYNAMIC', 'Report-To': '{"endpoints":[{"url":"https:\\/\\/a.nel.cloudflare.com\\/report\\/v4?s=87jvmimyR%2BaYwBEa31dYO08FDFOv2BI%2BBwGHGInl8jYuH%2Bnil4wWo0aplmVd%2B9cOsrMIsvI%2FAHDp702ATJvsIcUF%2Bd1TOoE%2FMgKJehoxtj0iKrfNM1wi5Uo8Tm2YnlGE"}],"group":"cf-nel","max_age":604800}', 'NEL': '{"success_fraction":0,"report_to":"cf-nel","max_age":604800}', 'Server': 'cloudflare', 'CF-RAY': '87842f6869326ff5-IAD', 'alt-svc': 'h3=":443"; ma=86400'} 
 body={"results":[{"gender":"male","name":{"title":"Mr","first":"Dennis","last":"Fleming"},"location":{"street":{"number":2411,"name":"Alexander Road"},"city":"Canterbury","state":"Worcestershire","country":"United Kingdom","postcode":"CE67 2SJ","coordinates":{"latitude":"-9.3786","longitude":"-169.4589"},"timezone":{"offset":"+3:00","description":"Baghdad, Riyadh, Moscow, St. Petersburg"}},"email":"dennis.fleming@example.com","login":{"uuid":"349302f6-e9f7-4ed2-b610-07f6d345bdb1","username":"beautifulbear148","password":"hercules","salt":"6M0C31lD","md5":"9f411c2d8de009a5798a21754c7c5e45","sha1":"9105d2153391d1aad4cc9bd7a9f587f2879121b9","sha256":"3e318a0342236c08542b1d35815a138fc87b5d4023277e458953c4801336a712"},"dob":{"date":"1971-11-29T23:18:45.690Z","age":52},"registered":{"date":"2021-04-02T02:28:04.736Z","age":3},"phone":"013873 34754","cell":"07472 312645","id":{"name":"NINO","value":"YA 16 19 78 M"},"picture":{"large":"https://randomuser.me/api/portraits/men/40.jpg","medium":"https://randomuser.me/api/portraits/med/men/40.jpg","thumbnail":"https://randomuser.me/api/portraits/thumb/men/40.jpg"},"nat":"GB"}],"info":{"seed":"920c7cb796e2e8b6","results":1,"page":1,"version":"1.4"}} 
 </msg>
<msg time="2024-04-22T08:18:47.832179" level="INFO">/opt/hostedtoolcache/Python/3.12.3/x64/lib/python3.12/site-packages/urllib3/connectionpool.py:1103: InsecureRequestWarning: Unverified HTTPS request is being made to host 'randomuser.me'. Adding certificate verification is strongly advised. See: https://urllib3.readthedocs.io/en/latest/advanced-usage.html#tls-warnings
  warnings.warn(</msg>
<msg time="2024-04-22T08:18:47.832298" level="INFO">${response} = &lt;Response [200]&gt;</msg>
<var>${response}</var>
<arg>consultarAPI</arg>
<arg>/api</arg>
<doc>Sends a GET request on a previously created HTTP Session.</doc>
<status status="PASS" start="2024-04-22T08:18:47.742528" elapsed="0.089818"/>
</kw>
<kw name="Set Variable" owner="BuiltIn">
<msg time="2024-04-22T08:18:47.833378" level="INFO">${json_data} = {'results': [{'gender': 'male', 'name': {'title': 'Mr', 'first': 'Dennis', 'last': 'Fleming'}, 'location': {'street': {'number': 2411, 'name': 'Alexander Road'}, 'city': 'Canterbury', 'state': 'Worces...</msg>
<var>${json_data}</var>
<arg>${response.json()}</arg>
<doc>Returns the given values which can then be assigned to a variables.</doc>
<status status="PASS" start="2024-04-22T08:18:47.832902" elapsed="0.000505"/>
</kw>
<kw name="Log" owner="BuiltIn">
<msg time="2024-04-22T08:18:47.833873" level="INFO">{'results': [{'gender': 'male', 'name': {'title': 'Mr', 'first': 'Dennis', 'last': 'Fleming'}, 'location': {'street': {'number': 2411, 'name': 'Alexander Road'}, 'city': 'Canterbury', 'state': 'Worcestershire', 'country': 'United Kingdom', 'postcode': 'CE67 2SJ', 'coordinates': {'latitude': '-9.3786', 'longitude': '-169.4589'}, 'timezone': {'offset': '+3:00', 'description': 'Baghdad, Riyadh, Moscow, St. Petersburg'}}, 'email': 'dennis.fleming@example.com', 'login': {'uuid': '349302f6-e9f7-4ed2-b610-07f6d345bdb1', 'username': 'beautifulbear148', 'password': 'hercules', 'salt': '6M0C31lD', 'md5': '9f411c2d8de009a5798a21754c7c5e45', 'sha1': '9105d2153391d1aad4cc9bd7a9f587f2879121b9', 'sha256': '3e318a0342236c08542b1d35815a138fc87b5d4023277e458953c4801336a712'}, 'dob': {'date': '1971-11-29T23:18:45.690Z', 'age': 52}, 'registered': {'date': '2021-04-02T02:28:04.736Z', 'age': 3}, 'phone': '013873 34754', 'cell': '07472 312645', 'id': {'name': 'NINO', 'value': 'YA 16 19 78 M'}, 'picture': {'large': 'https://randomuser.me/api/portraits/men/40.jpg', 'medium': 'https://randomuser.me/api/portraits/med/men/40.jpg', 'thumbnail': 'https://randomuser.me/api/portraits/thumb/men/40.jpg'}, 'nat': 'GB'}], 'info': {'seed': '920c7cb796e2e8b6', 'results': 1, 'page': 1, 'version': '1.4'}}</msg>
<arg>${json_data}</arg>
<doc>Logs the given message with the given level.</doc>
<status status="PASS" start="2024-04-22T08:18:47.833716" elapsed="0.000205"/>
</kw>
<kw name="Dictionary Should Contain Key" owner="Collections">
<msg time="2024-04-22T08:18:47.834403" level="INFO">False</msg>
<arg>${json_data}</arg>
<arg>results</arg>
<doc>Fails if ``key`` is not found from ``dictionary``.</doc>
<status status="PASS" start="2024-04-22T08:18:47.834240" elapsed="0.000200"/>
</kw>
<kw name="Should Not Be Empty" owner="BuiltIn">
<msg time="2024-04-22T08:18:47.834859" level="INFO">Length is 2.</msg>
<arg>${json_data}</arg>
<doc>Verifies that the given item is not empty.</doc>
<status status="PASS" start="2024-04-22T08:18:47.834730" elapsed="0.000291"/>
</kw>
<kw name="Create List" owner="BuiltIn">
<msg time="2024-04-22T08:18:47.835467" level="INFO">${expected_keys} = ['gender', 'name', 'location', 'email', 'login']</msg>
<var>${expected_keys}</var>
<arg>gender</arg>
<arg>name</arg>
<arg>location</arg>
<arg>email</arg>
<arg>login</arg>
<doc>Returns a list containing given items.</doc>
<status status="PASS" start="2024-04-22T08:18:47.835316" elapsed="0.000174"/>
</kw>
<for flavor="IN">
<iter>
<kw name="Dictionary Should Contain Key" owner="Collections">
<msg time="2024-04-22T08:18:47.836448" level="INFO">False</msg>
<arg>${json_data['results'][0]}</arg>
<arg>${key}</arg>
<doc>Fails if ``key`` is not found from ``dictionary``.</doc>
<status status="PASS" start="2024-04-22T08:18:47.836053" elapsed="0.000434"/>
</kw>
<kw name="Log" owner="BuiltIn">
<msg time="2024-04-22T08:18:47.837151" level="INFO">{'gender': 'male', 'name': {'title': 'Mr', 'first': 'Dennis', 'last': 'Fleming'}, 'location': {'street': {'number': 2411, 'name': 'Alexander Road'}, 'city': 'Canterbury', 'state': 'Worcestershire', 'country': 'United Kingdom', 'postcode': 'CE67 2SJ', 'coordinates': {'latitude': '-9.3786', 'longitude': '-169.4589'}, 'timezone': {'offset': '+3:00', 'description': 'Baghdad, Riyadh, Moscow, St. Petersburg'}}, 'email': 'dennis.fleming@example.com', 'login': {'uuid': '349302f6-e9f7-4ed2-b610-07f6d345bdb1', 'username': 'beautifulbear148', 'password': 'hercules', 'salt': '6M0C31lD', 'md5': '9f411c2d8de009a5798a21754c7c5e45', 'sha1': '9105d2153391d1aad4cc9bd7a9f587f2879121b9', 'sha256': '3e318a0342236c08542b1d35815a138fc87b5d4023277e458953c4801336a712'}, 'dob': {'date': '1971-11-29T23:18:45.690Z', 'age': 52}, 'registered': {'date': '2021-04-02T02:28:04.736Z', 'age': 3}, 'phone': '013873 34754', 'cell': '07472 312645', 'id': {'name': 'NINO', 'value': 'YA 16 19 78 M'}, 'picture': {'large': 'https://randomuser.me/api/portraits/men/40.jpg', 'medium': 'https://randomuser.me/api/portraits/med/men/40.jpg', 'thumbnail': 'https://randomuser.me/api/portraits/thumb/men/40.jpg'}, 'nat': 'GB'}</msg>
<arg>${json_data['results'][0]}</arg>
<doc>Logs the given message with the given level.</doc>
<status status="PASS" start="2024-04-22T08:18:47.836787" elapsed="0.000412"/>
</kw>
<kw name="Log" owner="BuiltIn">
<msg time="2024-04-22T08:18:47.837616" level="INFO">gender</msg>
<arg>${key}</arg>
<doc>Logs the given message with the given level.</doc>
<status status="PASS" start="2024-04-22T08:18:47.837490" elapsed="0.000163"/>
</kw>
<var name="${key}">gender</var>
<status status="PASS" start="2024-04-22T08:18:47.835929" elapsed="0.001937"/>
</iter>
<iter>
<kw name="Dictionary Should Contain Key" owner="Collections">
<msg time="2024-04-22T08:18:47.838594" level="INFO">False</msg>
<arg>${json_data['results'][0]}</arg>
<arg>${key}</arg>
<doc>Fails if ``key`` is not found from ``dictionary``.</doc>
<status status="PASS" start="2024-04-22T08:18:47.838188" elapsed="0.000476"/>
</kw>
<kw name="Log" owner="BuiltIn">
<msg time="2024-04-22T08:18:47.839321" level="INFO">{'gender': 'male', 'name': {'title': 'Mr', 'first': 'Dennis', 'last': 'Fleming'}, 'location': {'street': {'number': 2411, 'name': 'Alexander Road'}, 'city': 'Canterbury', 'state': 'Worcestershire', 'country': 'United Kingdom', 'postcode': 'CE67 2SJ', 'coordinates': {'latitude': '-9.3786', 'longitude': '-169.4589'}, 'timezone': {'offset': '+3:00', 'description': 'Baghdad, Riyadh, Moscow, St. Petersburg'}}, 'email': 'dennis.fleming@example.com', 'login': {'uuid': '349302f6-e9f7-4ed2-b610-07f6d345bdb1', 'username': 'beautifulbear148', 'password': 'hercules', 'salt': '6M0C31lD', 'md5': '9f411c2d8de009a5798a21754c7c5e45', 'sha1': '9105d2153391d1aad4cc9bd7a9f587f2879121b9', 'sha256': '3e318a0342236c08542b1d35815a138fc87b5d4023277e458953c4801336a712'}, 'dob': {'date': '1971-11-29T23:18:45.690Z', 'age': 52}, 'registered': {'date': '2021-04-02T02:28:04.736Z', 'age': 3}, 'phone': '013873 34754', 'cell': '07472 312645', 'id': {'name': 'NINO', 'value': 'YA 16 19 78 M'}, 'picture': {'large': 'https://randomuser.me/api/portraits/men/40.jpg', 'medium': 'https://randomuser.me/api/portraits/med/men/40.jpg', 'thumbnail': 'https://randomuser.me/api/portraits/thumb/men/40.jpg'}, 'nat': 'GB'}</msg>
<arg>${json_data['results'][0]}</arg>
<doc>Logs the given message with the given level.</doc>
<status status="PASS" start="2024-04-22T08:18:47.838965" elapsed="0.000404"/>
</kw>
<kw name="Log" owner="BuiltIn">
<msg time="2024-04-22T08:18:47.839788" level="INFO">name</msg>
<arg>${key}</arg>
<doc>Logs the given message with the given level.</doc>
<status status="PASS" start="2024-04-22T08:18:47.839663" elapsed="0.000162"/>
</kw>
<var name="${key}">name</var>
<status status="PASS" start="2024-04-22T08:18:47.838054" elapsed="0.001985"/>
</iter>
<iter>
<kw name="Dictionary Should Contain Key" owner="Collections">
<msg time="2024-04-22T08:18:47.840716" level="INFO">False</msg>
<arg>${json_data['results'][0]}</arg>
<arg>${key}</arg>
<doc>Fails if ``key`` is not found from ``dictionary``.</doc>
<status status="PASS" start="2024-04-22T08:18:47.840330" elapsed="0.000423"/>
</kw>
<kw name="Log" owner="BuiltIn">
<msg time="2024-04-22T08:18:47.841412" level="INFO">{'gender': 'male', 'name': {'title': 'Mr', 'first': 'Dennis', 'last': 'Fleming'}, 'location': {'street': {'number': 2411, 'name': 'Alexander Road'}, 'city': 'Canterbury', 'state': 'Worcestershire', 'country': 'United Kingdom', 'postcode': 'CE67 2SJ', 'coordinates': {'latitude': '-9.3786', 'longitude': '-169.4589'}, 'timezone': {'offset': '+3:00', 'description': 'Baghdad, Riyadh, Moscow, St. Petersburg'}}, 'email': 'dennis.fleming@example.com', 'login': {'uuid': '349302f6-e9f7-4ed2-b610-07f6d345bdb1', 'username': 'beautifulbear148', 'password': 'hercules', 'salt': '6M0C31lD', 'md5': '9f411c2d8de009a5798a21754c7c5e45', 'sha1': '9105d2153391d1aad4cc9bd7a9f587f2879121b9', 'sha256': '3e318a0342236c08542b1d35815a138fc87b5d4023277e458953c4801336a712'}, 'dob': {'date': '1971-11-29T23:18:45.690Z', 'age': 52}, 'registered': {'date': '2021-04-02T02:28:04.736Z', 'age': 3}, 'phone': '013873 34754', 'cell': '07472 312645', 'id': {'name': 'NINO', 'value': 'YA 16 19 78 M'}, 'picture': {'large': 'https://randomuser.me/api/portraits/men/40.jpg', 'medium': 'https://randomuser.me/api/portraits/med/men/40.jpg', 'thumbnail': 'https://randomuser.me/api/portraits/thumb/men/40.jpg'}, 'nat': 'GB'}</msg>
<arg>${json_data['results'][0]}</arg>
<doc>Logs the given message with the given level.</doc>
<status status="PASS" start="2024-04-22T08:18:47.841054" elapsed="0.000405"/>
</kw>
<kw name="Log" owner="BuiltIn">
<msg time="2024-04-22T08:18:47.841874" level="INFO">location</msg>
<arg>${key}</arg>
<doc>Logs the given message with the given level.</doc>
<status status="PASS" start="2024-04-22T08:18:47.841751" elapsed="0.000161"/>
</kw>
<var name="${key}">location</var>
<status status="PASS" start="2024-04-22T08:18:47.840218" elapsed="0.001905"/>
</iter>
<iter>
<kw name="Dictionary Should Contain Key" owner="Collections">
<msg time="2024-04-22T08:18:47.842834" level="INFO">False</msg>
<arg>${json_data['results'][0]}</arg>
<arg>${key}</arg>
<doc>Fails if ``key`` is not found from ``dictionary``.</doc>
<status status="PASS" start="2024-04-22T08:18:47.842445" elapsed="0.000426"/>
</kw>
<kw name="Log" owner="BuiltIn">
<msg time="2024-04-22T08:18:47.843531" level="INFO">{'gender': 'male', 'name': {'title': 'Mr', 'first': 'Dennis', 'last': 'Fleming'}, 'location': {'street': {'number': 2411, 'name': 'Alexander Road'}, 'city': 'Canterbury', 'state': 'Worcestershire', 'country': 'United Kingdom', 'postcode': 'CE67 2SJ', 'coordinates': {'latitude': '-9.3786', 'longitude': '-169.4589'}, 'timezone': {'offset': '+3:00', 'description': 'Baghdad, Riyadh, Moscow, St. Petersburg'}}, 'email': 'dennis.fleming@example.com', 'login': {'uuid': '349302f6-e9f7-4ed2-b610-07f6d345bdb1', 'username': 'beautifulbear148', 'password': 'hercules', 'salt': '6M0C31lD', 'md5': '9f411c2d8de009a5798a21754c7c5e45', 'sha1': '9105d2153391d1aad4cc9bd7a9f587f2879121b9', 'sha256': '3e318a0342236c08542b1d35815a138fc87b5d4023277e458953c4801336a712'}, 'dob': {'date': '1971-11-29T23:18:45.690Z', 'age': 52}, 'registered': {'date': '2021-04-02T02:28:04.736Z', 'age': 3}, 'phone': '013873 34754', 'cell': '07472 312645', 'id': {'name': 'NINO', 'value': 'YA 16 19 78 M'}, 'picture': {'large': 'https://randomuser.me/api/portraits/men/40.jpg', 'medium': 'https://randomuser.me/api/portraits/med/men/40.jpg', 'thumbnail': 'https://randomuser.me/api/portraits/thumb/men/40.jpg'}, 'nat': 'GB'}</msg>
<arg>${json_data['results'][0]}</arg>
<doc>Logs the given message with the given level.</doc>
<status status="PASS" start="2024-04-22T08:18:47.843173" elapsed="0.000407"/>
</kw>
<kw name="Log" owner="BuiltIn">
<msg time="2024-04-22T08:18:47.843998" level="INFO">email</msg>
<arg>${key}</arg>
<doc>Logs the given message with the given level.</doc>
<status status="PASS" start="2024-04-22T08:18:47.843872" elapsed="0.000162"/>
</kw>
<var name="${key}">email</var>
<status status="PASS" start="2024-04-22T08:18:47.842333" elapsed="0.001912"/>
</iter>
<iter>
<kw name="Dictionary Should Contain Key" owner="Collections">
<msg time="2024-04-22T08:18:47.844925" level="INFO">False</msg>
<arg>${json_data['results'][0]}</arg>
<arg>${key}</arg>
<doc>Fails if ``key`` is not found from ``dictionary``.</doc>
<status status="PASS" start="2024-04-22T08:18:47.844527" elapsed="0.000435"/>
</kw>
<kw name="Log" owner="BuiltIn">
<msg time="2024-04-22T08:18:47.845630" level="INFO">{'gender': 'male', 'name': {'title': 'Mr', 'first': 'Dennis', 'last': 'Fleming'}, 'location': {'street': {'number': 2411, 'name': 'Alexander Road'}, 'city': 'Canterbury', 'state': 'Worcestershire', 'country': 'United Kingdom', 'postcode': 'CE67 2SJ', 'coordinates': {'latitude': '-9.3786', 'longitude': '-169.4589'}, 'timezone': {'offset': '+3:00', 'description': 'Baghdad, Riyadh, Moscow, St. Petersburg'}}, 'email': 'dennis.fleming@example.com', 'login': {'uuid': '349302f6-e9f7-4ed2-b610-07f6d345bdb1', 'username': 'beautifulbear148', 'password': 'hercules', 'salt': '6M0C31lD', 'md5': '9f411c2d8de009a5798a21754c7c5e45', 'sha1': '9105d2153391d1aad4cc9bd7a9f587f2879121b9', 'sha256': '3e318a0342236c08542b1d35815a138fc87b5d4023277e458953c4801336a712'}, 'dob': {'date': '1971-11-29T23:18:45.690Z', 'age': 52}, 'registered': {'date': '2021-04-02T02:28:04.736Z', 'age': 3}, 'phone': '013873 34754', 'cell': '07472 312645', 'id': {'name': 'NINO', 'value': 'YA 16 19 78 M'}, 'picture': {'large': 'https://randomuser.me/api/portraits/men/40.jpg', 'medium': 'https://randomuser.me/api/portraits/med/men/40.jpg', 'thumbnail': 'https://randomuser.me/api/portraits/thumb/men/40.jpg'}, 'nat': 'GB'}</msg>
<arg>${json_data['results'][0]}</arg>
<doc>Logs the given message with the given level.</doc>
<status status="PASS" start="2024-04-22T08:18:47.845260" elapsed="0.000417"/>
</kw>
<kw name="Log" owner="BuiltIn">
<msg time="2024-04-22T08:18:47.846123" level="INFO">login</msg>
<arg>${key}</arg>
<doc>Logs the given message with the given level.</doc>
<status status="PASS" start="2024-04-22T08:18:47.845996" elapsed="0.000165"/>
</kw>
<var name="${key}">login</var>
<status status="PASS" start="2024-04-22T08:18:47.844417" elapsed="0.001988"/>
</iter>
<var>${key}</var>
<value>@{expected_keys}</value>
<status status="PASS" start="2024-04-22T08:18:47.835748" elapsed="0.010778"/>
</for>
<kw name="Create List" owner="BuiltIn">
<msg time="2024-04-22T08:18:47.846856" level="INFO">${expected_keysTwo} = ['username', 'password']</msg>
<var>${expected_keysTwo}</var>
<arg>username</arg>
<arg>password</arg>
<doc>Returns a list containing given items.</doc>
<status status="PASS" start="2024-04-22T08:18:47.846718" elapsed="0.000161"/>
</kw>
<for flavor="IN">
<iter>
<kw name="Dictionary Should Contain Key" owner="Collections">
<msg time="2024-04-22T08:18:47.847770" level="INFO">False</msg>
<arg>${json_data['results'][0]['login']}</arg>
<arg>${keyTwo}</arg>
<doc>Fails if ``key`` is not found from ``dictionary``.</doc>
<status status="PASS" start="2024-04-22T08:18:47.847380" elapsed="0.000428"/>
</kw>
<kw name="Dictionary Should Contain Key" owner="Collections">
<msg time="2024-04-22T08:18:47.848483" level="INFO">False</msg>
<arg>${json_data['results'][0]['login']}</arg>
<arg>${keyTwo}</arg>
<doc>Fails if ``key`` is not found from ``dictionary``.</doc>
<status status="PASS" start="2024-04-22T08:18:47.848098" elapsed="0.000422"/>
</kw>
<kw name="Log" owner="BuiltIn">
<msg time="2024-04-22T08:18:47.848933" level="INFO">username</msg>
<arg>${keyTwo}</arg>
<doc>Logs the given message with the given level.</doc>
<status status="PASS" start="2024-04-22T08:18:47.848809" elapsed="0.000165"/>
</kw>
<var name="${keyTwo}">username</var>
<status status="PASS" start="2024-04-22T08:18:47.847264" elapsed="0.001926"/>
</iter>
<iter>
<kw name="Dictionary Should Contain Key" owner="Collections">
<msg time="2024-04-22T08:18:47.849931" level="INFO">False</msg>
<arg>${json_data['results'][0]['login']}</arg>
<arg>${keyTwo}</arg>
<doc>Fails if ``key`` is not found from ``dictionary``.</doc>
<status status="PASS" start="2024-04-22T08:18:47.849467" elapsed="0.000512"/>
</kw>
<kw name="Dictionary Should Contain Key" owner="Collections">
<msg time="2024-04-22T08:18:47.850679" level="INFO">False</msg>
<arg>${json_data['results'][0]['login']}</arg>
<arg>${keyTwo}</arg>
<doc>Fails if ``key`` is not found from ``dictionary``.</doc>
<status status="PASS" start="2024-04-22T08:18:47.850300" elapsed="0.000415"/>
</kw>
<kw name="Log" owner="BuiltIn">
<msg time="2024-04-22T08:18:47.851132" level="INFO">password</msg>
<arg>${keyTwo}</arg>
<doc>Logs the given message with the given level.</doc>
<status status="PASS" start="2024-04-22T08:18:47.851005" elapsed="0.000163"/>
</kw>
<var name="${keyTwo}">password</var>
<status status="PASS" start="2024-04-22T08:18:47.849358" elapsed="0.002024"/>
</iter>
<var>${keyTwo}</var>
<value>@{expected_keysTwo}</value>
<status status="PASS" start="2024-04-22T08:18:47.847112" elapsed="0.004390"/>
</for>
<status status="PASS" start="2024-04-22T08:18:47.742292" elapsed="0.109349"/>
</kw>
<doc>Testa a estrutura da resposta da API.</doc>
<tag>testeEstruturaResposta</tag>
<status status="PASS" start="2024-04-22T08:18:47.741712" elapsed="0.110073"/>
</test>
<test id="s1-s1-t4" name="Validar tipos de dados" line="28">
<kw name="Teste de Tipos de Dados" owner="random-user-service">
<kw name="GET On Session" owner="RequestsLibrary">
<msg time="2024-04-22T08:18:47.943171" level="INFO">GET Request : url=https://randomuser.me/api 
 path_url=/api 
 headers={'User-Agent': 'python-requests/2.31.0', 'Accept-Encoding': 'gzip, deflate', 'Accept': '*/*', 'Connection': 'keep-alive'} 
 body=None 
 </msg>
<msg time="2024-04-22T08:18:47.943249" level="INFO">GET Response : url=https://randomuser.me/api 
 status=200, reason=OK 
 headers={'Date': 'Mon, 22 Apr 2024 08:18:47 GMT', 'Content-Type': 'application/json; charset=utf-8', 'Transfer-Encoding': 'chunked', 'Connection': 'keep-alive', 'X-Powered-By': 'Express', 'Access-Control-Allow-Origin': '*', 'Cache-Control': 'no-cache', 'ETag': 'W/"479-mm7fCR0OboKavEAfcP+FAIvGAeA"', 'Vary': 'Accept-Encoding', 'Content-Encoding': 'gzip', 'CF-Cache-Status': 'DYNAMIC', 'Report-To': '{"endpoints":[{"url":"https:\\/\\/a.nel.cloudflare.com\\/report\\/v4?s=1CxDaMaAT76zHpo3OjVken70wwgHd90bHUmjgHKv9efLhRgHPXtqje%2BIQtrzg6Y%2BEq7X36lUM873NAh51tkNZwDjfuXR0Qt%2FRP%2B9VGftYvEdb0W%2BgjdBzfvAzIeBi9r9"}],"group":"cf-nel","max_age":604800}', 'NEL': '{"success_fraction":0,"report_to":"cf-nel","max_age":604800}', 'Server': 'cloudflare', 'CF-RAY': '87842f6919936ff5-IAD', 'alt-svc': 'h3=":443"; ma=86400'} 
 body={"results":[{"gender":"male","name":{"title":"Mr","first":"Falk","last":"Sandtorv"},"location":{"street":{"number":3390,"name":"Elvefaret"},"city":"Torget","state":"Trøndelag","country":"Norway","postcode":"3533","coordinates":{"latitude":"44.0932","longitude":"-61.3441"},"timezone":{"offset":"-3:00","description":"Brazil, Buenos Aires, Georgetown"}},"email":"falk.sandtorv@example.com","login":{"uuid":"4b552de5-64b6-40e3-acbf-a4dc3b2d1de8","username":"sadwolf693","password":"ronaldo","salt":"yqTyb5n3","md5":"4ead983540a655aa8f92b7bac64b85ae","sha1":"60a5f0c730293ede7ba653d4292a6eb42e33ce70","sha256":"3c45697929e601a13ce5e0d2d6256ed810ef6f4fb0355c7efb43c825074724cc"},"dob":{"date":"1960-02-09T00:37:14.408Z","age":64},"registered":{"date":"2018-10-22T18:32:21.553Z","age":5},"phone":"37180895","cell":"46316382","id":{"name":"FN","value":"09026004184"},"picture":{"large":"https://randomuser.me/api/portraits/men/77.jpg","medium":"https://randomuser.me/api/portraits/med/men/77.jpg","thumbnail":"https://randomuser.me/api/portraits/thumb/men/77.jpg"},"nat":"NO"}],"info":{"seed":"adea76b4451b634f","results":1,"page":1,"version":"1.4"}} 
 </msg>
<msg time="2024-04-22T08:18:47.943315" level="INFO">/opt/hostedtoolcache/Python/3.12.3/x64/lib/python3.12/site-packages/urllib3/connectionpool.py:1103: InsecureRequestWarning: Unverified HTTPS request is being made to host 'randomuser.me'. Adding certificate verification is strongly advised. See: https://urllib3.readthedocs.io/en/latest/advanced-usage.html#tls-warnings
  warnings.warn(</msg>
<msg time="2024-04-22T08:18:47.943410" level="INFO">${response} = &lt;Response [200]&gt;</msg>
<var>${response}</var>
<arg>consultarAPI</arg>
<arg>/api</arg>
<doc>Sends a GET request on a previously created HTTP Session.</doc>
<status status="PASS" start="2024-04-22T08:18:47.854241" elapsed="0.089600"/>
</kw>
<kw name="Set Variable" owner="BuiltIn">
<msg time="2024-04-22T08:18:47.944815" level="INFO">${json_data} = {'results': [{'gender': 'male', 'name': {'title': 'Mr', 'first': 'Falk', 'last': 'Sandtorv'}, 'location': {'street': {'number': 3390, 'name': 'Elvefaret'}, 'city': 'Torget', 'state': 'Trøndelag', 'cou...</msg>
<var>${json_data}</var>
<arg>${response.json()}</arg>
<doc>Returns the given values which can then be assigned to a variables.</doc>
<status status="PASS" start="2024-04-22T08:18:47.944328" elapsed="0.000516"/>
</kw>
<kw name="Log" owner="BuiltIn">
<msg time="2024-04-22T08:18:47.945312" level="INFO">{'results': [{'gender': 'male', 'name': {'title': 'Mr', 'first': 'Falk', 'last': 'Sandtorv'}, 'location': {'street': {'number': 3390, 'name': 'Elvefaret'}, 'city': 'Torget', 'state': 'Trøndelag', 'country': 'Norway', 'postcode': '3533', 'coordinates': {'latitude': '44.0932', 'longitude': '-61.3441'}, 'timezone': {'offset': '-3:00', 'description': 'Brazil, Buenos Aires, Georgetown'}}, 'email': 'falk.sandtorv@example.com', 'login': {'uuid': '4b552de5-64b6-40e3-acbf-a4dc3b2d1de8', 'username': 'sadwolf693', 'password': 'ronaldo', 'salt': 'yqTyb5n3', 'md5': '4ead983540a655aa8f92b7bac64b85ae', 'sha1': '60a5f0c730293ede7ba653d4292a6eb42e33ce70', 'sha256': '3c45697929e601a13ce5e0d2d6256ed810ef6f4fb0355c7efb43c825074724cc'}, 'dob': {'date': '1960-02-09T00:37:14.408Z', 'age': 64}, 'registered': {'date': '2018-10-22T18:32:21.553Z', 'age': 5}, 'phone': '37180895', 'cell': '46316382', 'id': {'name': 'FN', 'value': '09026004184'}, 'picture': {'large': 'https://randomuser.me/api/portraits/men/77.jpg', 'medium': 'https://randomuser.me/api/portraits/med/men/77.jpg', 'thumbnail': 'https://randomuser.me/api/portraits/thumb/men/77.jpg'}, 'nat': 'NO'}], 'info': {'seed': 'adea76b4451b634f', 'results': 1, 'page': 1, 'version': '1.4'}}</msg>
<arg>${json_data}</arg>
<doc>Logs the given message with the given level.</doc>
<status status="PASS" start="2024-04-22T08:18:47.945158" elapsed="0.000242"/>
</kw>
<kw name="Should Be String" owner="String">
<arg>${json_data['results'][0]['gender']}</arg>
<doc>Fails if the given ``item`` is not a string.</doc>
<status status="PASS" start="2024-04-22T08:18:47.945706" elapsed="0.000365"/>
</kw>
<kw name="Should Match Regexp" owner="BuiltIn">
<arg>${json_data['results'][0]['email']}</arg>
<arg>^[a-zA-Z0-9._%+-]+@[a-zA-Z0-9.-]+\.[a-zA-Z]{2,}$</arg>
<doc>Fails if ``string`` does not match ``pattern`` as a regular expression.</doc>
<status status="PASS" start="2024-04-22T08:18:47.946307" elapsed="0.000519"/>
</kw>
<kw name="Should Match Regexp" owner="BuiltIn">
<arg>${json_data['results'][0]['dob']['date']}</arg>
<arg>\\d{4}-\\d{2}-\\d{2}T\\d{2}:\\d{2}:\\d{2}\\.\\d{3}Z</arg>
<doc>Fails if ``string`` does not match ``pattern`` as a regular expression.</doc>
<status status="PASS" start="2024-04-22T08:18:47.947033" elapsed="0.000503"/>
</kw>
<kw name="Should Match Regexp" owner="BuiltIn">
<arg>${json_data['results'][0]['registered']['date']}</arg>
<arg>\\d{4}-\\d{2}-\\d{2}T\\d{2}:\\d{2}:\\d{2}\\.\\d{3}Z</arg>
<doc>Fails if ``string`` does not match ``pattern`` as a regular expression.</doc>
<status status="PASS" start="2024-04-22T08:18:47.947739" elapsed="0.000387"/>
</kw>
<kw name="Should Match Regexp" owner="BuiltIn">
<arg>${json_data['results'][0]['picture']['large']}</arg>
<arg>^https?://.*\.(?:png|jpe?g|gif|bmp)$</arg>
<doc>Fails if ``string`` does not match ``pattern`` as a regular expression.</doc>
<status status="PASS" start="2024-04-22T08:18:47.948324" elapsed="0.000481"/>
</kw>
<kw name="Should Match Regexp" owner="BuiltIn">
<arg>${json_data['results'][0]['picture']['medium']}</arg>
<arg>^https?://.*\.(?:png|jpe?g|gif|bmp)$</arg>
<doc>Fails if ``string`` does not match ``pattern`` as a regular expression.</doc>
<status status="PASS" start="2024-04-22T08:18:47.949005" elapsed="0.000380"/>
</kw>
<kw name="Should Match Regexp" owner="BuiltIn">
<arg>${json_data['results'][0]['picture']['thumbnail']}</arg>
<arg>^https?://.*\.(?:png|jpe?g|gif|bmp)$</arg>
<doc>Fails if ``string`` does not match ``pattern`` as a regular expression.</doc>
<status status="PASS" start="2024-04-22T08:18:47.949575" elapsed="0.000376"/>
</kw>
<kw name="Log" owner="BuiltIn">
<msg time="2024-04-22T08:18:47.950522" level="INFO">{'large': 'https://randomuser.me/api/portraits/men/77.jpg', 'medium': 'https://randomuser.me/api/portraits/med/men/77.jpg', 'thumbnail': 'https://randomuser.me/api/portraits/thumb/men/77.jpg'}</msg>
<arg>${json_data['results'][0]['picture']}</arg>
<doc>Logs the given message with the given level.</doc>
<status status="PASS" start="2024-04-22T08:18:47.950143" elapsed="0.000421"/>
</kw>
<status status="PASS" start="2024-04-22T08:18:47.853997" elapsed="0.096833"/>
</kw>
<kw name="Teste de Tipos de Dados - Postcode" owner="random-user-service">
<kw name="GET On Session" owner="RequestsLibrary">
<msg time="2024-04-22T08:18:48.048673" level="INFO">GET Request : url=https://randomuser.me/api 
 path_url=/api 
 headers={'User-Agent': 'python-requests/2.31.0', 'Accept-Encoding': 'gzip, deflate', 'Accept': '*/*', 'Connection': 'keep-alive'} 
 body=None 
 </msg>
<msg time="2024-04-22T08:18:48.048757" level="INFO">GET Response : url=https://randomuser.me/api 
 status=200, reason=OK 
 headers={'Date': 'Mon, 22 Apr 2024 08:18:48 GMT', 'Content-Type': 'application/json; charset=utf-8', 'Transfer-Encoding': 'chunked', 'Connection': 'keep-alive', 'X-Powered-By': 'Express', 'Access-Control-Allow-Origin': '*', 'Cache-Control': 'no-cache', 'ETag': 'W/"488-i2tOSrwxi8PzjMPEJlncp78QpB0"', 'Vary': 'Accept-Encoding', 'Content-Encoding': 'gzip', 'CF-Cache-Status': 'DYNAMIC', 'Report-To': '{"endpoints":[{"url":"https:\\/\\/a.nel.cloudflare.com\\/report\\/v4?s=4VtokFjufKkWObeVYEuQTyehK5McDut1%2BCUDz3hxxCorNG6Kz4Yz9I%2FBrBxee64QpRlJJ8ShIzrULjLXK9Cxt6A3%2BDjLT9MLBa2vr7M3IZDgZ6B5oFaKF6n6XIsVuha3"}],"group":"cf-nel","max_age":604800}', 'NEL': '{"success_fraction":0,"report_to":"cf-nel","max_age":604800}', 'Server': 'cloudflare', 'CF-RAY': '87842f69b9ff6ff5-IAD', 'alt-svc': 'h3=":443"; ma=86400'} 
 body={"results":[{"gender":"female","name":{"title":"Miss","first":"Sonali","last":"Gatty"},"location":{"street":{"number":8139,"name":"NAD X Rd"},"city":"Ludhiana","state":"Bihar","country":"India","postcode":98063,"coordinates":{"latitude":"5.1309","longitude":"104.0487"},"timezone":{"offset":"+4:00","description":"Abu Dhabi, Muscat, Baku, Tbilisi"}},"email":"sonali.gatty@example.com","login":{"uuid":"d439d982-f0ee-49e1-9c9d-5da8a5b8e140","username":"ticklishfrog858","password":"mancity","salt":"a53L6dfW","md5":"e69131165d419931682ba18f5af6b913","sha1":"6a11e2ea0d273d54f7cdce6f382b7eb9816957a9","sha256":"f10e6aaa8e8be28e749690c3068723b510a7931b5591bfafe9722ef8e75fa5a7"},"dob":{"date":"1982-11-09T21:56:14.242Z","age":41},"registered":{"date":"2013-05-15T17:14:43.326Z","age":10},"phone":"8759020372","cell":"8853910519","id":{"name":"UIDAI","value":"147726572192"},"picture":{"large":"https://randomuser.me/api/portraits/women/64.jpg","medium":"https://randomuser.me/api/portraits/med/women/64.jpg","thumbnail":"https://randomuser.me/api/portraits/thumb/women/64.jpg"},"nat":"IN"}],"info":{"seed":"af2d4395eebdb6ff","results":1,"page":1,"version":"1.4"}} 
 </msg>
<msg time="2024-04-22T08:18:48.048834" level="INFO">/opt/hostedtoolcache/Python/3.12.3/x64/lib/python3.12/site-packages/urllib3/connectionpool.py:1103: InsecureRequestWarning: Unverified HTTPS request is being made to host 'randomuser.me'. Adding certificate verification is strongly advised. See: https://urllib3.readthedocs.io/en/latest/advanced-usage.html#tls-warnings
  warnings.warn(</msg>
<msg time="2024-04-22T08:18:48.048964" level="INFO">${response} = &lt;Response [200]&gt;</msg>
<var>${response}</var>
<arg>consultarAPI</arg>
<arg>/api</arg>
<doc>Sends a GET request on a previously created HTTP Session.</doc>
<status status="PASS" start="2024-04-22T08:18:47.951272" elapsed="0.097779"/>
</kw>
<kw name="Set Variable" owner="BuiltIn">
<msg time="2024-04-22T08:18:48.050385" level="INFO">${json_data} = {'results': [{'gender': 'female', 'name': {'title': 'Miss', 'first': 'Sonali', 'last': 'Gatty'}, 'location': {'street': {'number': 8139, 'name': 'NAD X Rd'}, 'city': 'Ludhiana', 'state': 'Bihar', 'cou...</msg>
<var>${json_data}</var>
<arg>${response.json()}</arg>
<doc>Returns the given values which can then be assigned to a variables.</doc>
<status status="PASS" start="2024-04-22T08:18:48.049626" elapsed="0.000788"/>
</kw>
<kw name="Log" owner="BuiltIn">
<msg time="2024-04-22T08:18:48.050864" level="INFO">{'results': [{'gender': 'female', 'name': {'title': 'Miss', 'first': 'Sonali', 'last': 'Gatty'}, 'location': {'street': {'number': 8139, 'name': 'NAD X Rd'}, 'city': 'Ludhiana', 'state': 'Bihar', 'country': 'India', 'postcode': 98063, 'coordinates': {'latitude': '5.1309', 'longitude': '104.0487'}, 'timezone': {'offset': '+4:00', 'description': 'Abu Dhabi, Muscat, Baku, Tbilisi'}}, 'email': 'sonali.gatty@example.com', 'login': {'uuid': 'd439d982-f0ee-49e1-9c9d-5da8a5b8e140', 'username': 'ticklishfrog858', 'password': 'mancity', 'salt': 'a53L6dfW', 'md5': 'e69131165d419931682ba18f5af6b913', 'sha1': '6a11e2ea0d273d54f7cdce6f382b7eb9816957a9', 'sha256': 'f10e6aaa8e8be28e749690c3068723b510a7931b5591bfafe9722ef8e75fa5a7'}, 'dob': {'date': '1982-11-09T21:56:14.242Z', 'age': 41}, 'registered': {'date': '2013-05-15T17:14:43.326Z', 'age': 10}, 'phone': '8759020372', 'cell': '8853910519', 'id': {'name': 'UIDAI', 'value': '147726572192'}, 'picture': {'large': 'https://randomuser.me/api/portraits/women/64.jpg', 'medium': 'https://randomuser.me/api/portraits/med/women/64.jpg', 'thumbnail': 'https://randomuser.me/api/portraits/thumb/women/64.jpg'}, 'nat': 'IN'}], 'info': {'seed': 'af2d4395eebdb6ff', 'results': 1, 'page': 1, 'version': '1.4'}}</msg>
<arg>${json_data}</arg>
<doc>Logs the given message with the given level.</doc>
<status status="PASS" start="2024-04-22T08:18:48.050716" elapsed="0.000226"/>
</kw>
<kw name="Should Be Equal As Numbers" owner="BuiltIn">
<arg>${json_data['results'][0]['location']['postcode']}</arg>
<arg>${json_data['results'][0]['location']['postcode']}</arg>
<doc>Fails if objects are unequal after converting them to real numbers.</doc>
<status status="PASS" start="2024-04-22T08:18:48.051357" elapsed="0.000610"/>
</kw>
<kw name="Log" owner="BuiltIn">
<msg time="2024-04-22T08:18:48.052496" level="INFO">98063</msg>
<arg>${json_data['results'][0]['location']['postcode']}</arg>
<doc>Logs the given message with the given level.</doc>
<status status="PASS" start="2024-04-22T08:18:48.052158" elapsed="0.000377"/>
</kw>
<status status="PASS" start="2024-04-22T08:18:47.951038" elapsed="0.101744"/>
</kw>
<doc>Testa se os tipos de dados na resposta da API estão corretos.</doc>
<tag>testeTiposDados</tag>
<status status="PASS" start="2024-04-22T08:18:47.853485" elapsed="0.199452"/>
</test>
<test id="s1-s1-t5" name="Validar conteudo" line="35">
<kw name="Teste de Tipos de Conteudo" owner="random-user-service">
<kw name="GET On Session" owner="RequestsLibrary">
<msg time="2024-04-22T08:18:48.152896" level="INFO">GET Request : url=https://randomuser.me/api 
 path_url=/api 
 headers={'User-Agent': 'python-requests/2.31.0', 'Accept-Encoding': 'gzip, deflate', 'Accept': '*/*', 'Connection': 'keep-alive'} 
 body=None 
 </msg>
<msg time="2024-04-22T08:18:48.152979" level="INFO">GET Response : url=https://randomuser.me/api 
 status=200, reason=OK 
 headers={'Date': 'Mon, 22 Apr 2024 08:18:48 GMT', 'Content-Type': 'application/json; charset=utf-8', 'Transfer-Encoding': 'chunked', 'Connection': 'keep-alive', 'X-Powered-By': 'Express', 'Access-Control-Allow-Origin': '*', 'Cache-Control': 'no-cache', 'ETag': 'W/"496-ArZ1KXDyjDBFL/Lnh4oLM7KkjSU"', 'Vary': 'Accept-Encoding', 'Content-Encoding': 'gzip', 'CF-Cache-Status': 'DYNAMIC', 'Report-To': '{"endpoints":[{"url":"https:\\/\\/a.nel.cloudflare.com\\/report\\/v4?s=uup7mJb7wX4UGD2xaky6UfbjWpC2r0RRfBWvol6XVoXALNhEQS%2FWf5qgp%2BhIXSFCW3b0kmfQY4HYYRZg6%2FwnLqazP9SamUrEErcU1g7sCY8cadXmbKd%2BjtArRRp5myQN"}],"group":"cf-nel","max_age":604800}', 'NEL': '{"success_fraction":0,"report_to":"cf-nel","max_age":604800}', 'Server': 'cloudflare', 'CF-RAY': '87842f6a5a636ff5-IAD', 'alt-svc': 'h3=":443"; ma=86400'} 
 body={"results":[{"gender":"female","name":{"title":"Ms","first":"Elizabeth","last":"Clarke"},"location":{"street":{"number":8685,"name":"Prestons Road"},"city":"Blenheim","state":"Waikato","country":"New Zealand","postcode":97033,"coordinates":{"latitude":"54.3854","longitude":"75.6257"},"timezone":{"offset":"+5:30","description":"Bombay, Calcutta, Madras, New Delhi"}},"email":"elizabeth.clarke@example.com","login":{"uuid":"31cbdb0d-f790-43c0-91ec-d7c8e2ca51ef","username":"smallsnake543","password":"thegreat","salt":"ELbnUbuh","md5":"38efdaaf965419febcc9f3506ae9a91f","sha1":"d90b853de98b08ba871932b2a93f15615edf568d","sha256":"8acd03926fba19a1983025eb105047b8181b20bed52ee13264d7b6c39ef8829b"},"dob":{"date":"1989-10-31T02:47:35.918Z","age":34},"registered":{"date":"2012-11-19T00:20:46.401Z","age":11},"phone":"(176)-309-9805","cell":"(691)-923-9246","id":{"name":"","value":null},"picture":{"large":"https://randomuser.me/api/portraits/women/89.jpg","medium":"https://randomuser.me/api/portraits/med/women/89.jpg","thumbnail":"https://randomuser.me/api/portraits/thumb/women/89.jpg"},"nat":"NZ"}],"info":{"seed":"ef974a0c2c2f9d2e","results":1,"page":1,"version":"1.4"}} 
 </msg>
<msg time="2024-04-22T08:18:48.153051" level="INFO">/opt/hostedtoolcache/Python/3.12.3/x64/lib/python3.12/site-packages/urllib3/connectionpool.py:1103: InsecureRequestWarning: Unverified HTTPS request is being made to host 'randomuser.me'. Adding certificate verification is strongly advised. See: https://urllib3.readthedocs.io/en/latest/advanced-usage.html#tls-warnings
  warnings.warn(</msg>
<msg time="2024-04-22T08:18:48.153166" level="INFO">${response} = &lt;Response [200]&gt;</msg>
<var>${response}</var>
<arg>consultarAPI</arg>
<arg>/api</arg>
<doc>Sends a GET request on a previously created HTTP Session.</doc>
<status status="PASS" start="2024-04-22T08:18:48.055445" elapsed="0.097774"/>
</kw>
<kw name="Set Variable" owner="BuiltIn">
<msg time="2024-04-22T08:18:48.154430" level="INFO">${json_data} = {'results': [{'gender': 'female', 'name': {'title': 'Ms', 'first': 'Elizabeth', 'last': 'Clarke'}, 'location': {'street': {'number': 8685, 'name': 'Prestons Road'}, 'city': 'Blenheim', 'state': 'Waika...</msg>
<var>${json_data}</var>
<arg>${response.json()}</arg>
<doc>Returns the given values which can then be assigned to a variables.</doc>
<status status="PASS" start="2024-04-22T08:18:48.153776" elapsed="0.000682"/>
</kw>
<kw name="Set Variable" owner="BuiltIn">
<msg time="2024-04-22T08:18:48.155144" level="INFO">${name_title} = Ms</msg>
<var>${name_title}</var>
<arg>${json_data["results"][0]["name"]["title"]}</arg>
<doc>Returns the given values which can then be assigned to a variables.</doc>
<status status="PASS" start="2024-04-22T08:18:48.154762" elapsed="0.000408"/>
</kw>
<kw name="Create List" owner="BuiltIn">
<msg time="2024-04-22T08:18:48.155613" level="INFO">${allowed_titles} = ['Mr', 'Ms', 'Miss', 'Mrs', 'Madame', 'Monsieur']</msg>
<var>${allowed_titles}</var>
<arg>Mr</arg>
<arg>Ms</arg>
<arg>Miss</arg>
<arg>Mrs</arg>
<arg>Madame</arg>
<arg>Monsieur</arg>
<doc>Returns a list containing given items.</doc>
<status status="PASS" start="2024-04-22T08:18:48.155466" elapsed="0.000171"/>
</kw>
<kw name="List Should Contain Value" owner="Collections">
<msg time="2024-04-22T08:18:48.156103" level="INFO">False</msg>
<arg>${allowed_titles}</arg>
<arg>${name_title}</arg>
<doc>Fails if the ``value`` is not found from ``list``.</doc>
<status status="PASS" start="2024-04-22T08:18:48.155931" elapsed="0.000209"/>
</kw>
<kw name="Set Variable" owner="BuiltIn">
<msg time="2024-04-22T08:18:48.156806" level="INFO">${name_country} = NZ</msg>
<var>${name_country}</var>
<arg>${json_data["results"][0]["nat"]}</arg>
<doc>Returns the given values which can then be assigned to a variables.</doc>
<status status="PASS" start="2024-04-22T08:18:48.156424" elapsed="0.000407"/>
</kw>
<kw name="Create List" owner="BuiltIn">
<msg time="2024-04-22T08:18:48.157711" level="INFO">${list_country} = ['AD', 'AE', 'AF', 'AG', 'AI', 'AL', 'AM', 'AO', 'AQ', 'AR', 'AS', 'AT', 'AU', 'AW', 'AX', 'AZ', 'BA', 'BB', 'BD', 'BE', 'BF', 'BG', 'BH', 'BI', 'BJ', 'BL', 'BM', 'BN', 'BO', 'BQ', 'BR', 'BS', 'BT', '...</msg>
<var>${list_country}</var>
<arg>AD</arg>
<arg>AE</arg>
<arg>AF</arg>
<arg>AG</arg>
<arg>AI</arg>
<arg>AL</arg>
<arg>AM</arg>
<arg>AO</arg>
<arg>AQ</arg>
<arg>AR</arg>
<arg>AS</arg>
<arg>AT</arg>
<arg>AU</arg>
<arg>AW</arg>
<arg>AX</arg>
<arg>AZ</arg>
<arg>BA</arg>
<arg>BB</arg>
<arg>BD</arg>
<arg>BE</arg>
<arg>BF</arg>
<arg>BG</arg>
<arg>BH</arg>
<arg>BI</arg>
<arg>BJ</arg>
<arg>BL</arg>
<arg>BM</arg>
<arg>BN</arg>
<arg>BO</arg>
<arg>BQ</arg>
<arg>BR</arg>
<arg>BS</arg>
<arg>BT</arg>
<arg>BV</arg>
<arg>BW</arg>
<arg>BY</arg>
<arg>BZ</arg>
<arg>CA</arg>
<arg>CC</arg>
<arg>CD</arg>
<arg>CF</arg>
<arg>CG</arg>
<arg>CH</arg>
<arg>CI</arg>
<arg>CK</arg>
<arg>CL</arg>
<arg>CM</arg>
<arg>CN</arg>
<arg>CO</arg>
<arg>CR</arg>
<arg>CU</arg>
<arg>CV</arg>
<arg>CW</arg>
<arg>CX</arg>
<arg>CY</arg>
<arg>CZ</arg>
<arg>DE</arg>
<arg>DJ</arg>
<arg>DK</arg>
<arg>DM</arg>
<arg>DO</arg>
<arg>DZ</arg>
<arg>EC</arg>
<arg>EE</arg>
<arg>EG</arg>
<arg>EH</arg>
<arg>ER</arg>
<arg>ES</arg>
<arg>ET</arg>
<arg>FI</arg>
<arg>FJ</arg>
<arg>FK</arg>
<arg>FM</arg>
<arg>FO</arg>
<arg>FR</arg>
<arg>GA</arg>
<arg>GB</arg>
<arg>GD</arg>
<arg>GE</arg>
<arg>GF</arg>
<arg>GG</arg>
<arg>GH</arg>
<arg>GI</arg>
<arg>GL</arg>
<arg>GM</arg>
<arg>GN</arg>
<arg>GP</arg>
<arg>GQ</arg>
<arg>GR</arg>
<arg>GS</arg>
<arg>GT</arg>
<arg>GU</arg>
<arg>GW</arg>
<arg>GY</arg>
<arg>HK</arg>
<arg>HM</arg>
<arg>HN</arg>
<arg>HR</arg>
<arg>HT</arg>
<arg>HU</arg>
<arg>ID</arg>
<arg>IE</arg>
<arg>IL</arg>
<arg>IM</arg>
<arg>IN</arg>
<arg>IO</arg>
<arg>IQ</arg>
<arg>IR</arg>
<arg>IS</arg>
<arg>IT</arg>
<arg>JE</arg>
<arg>JM</arg>
<arg>JO</arg>
<arg>JP</arg>
<arg>KE</arg>
<arg>KG</arg>
<arg>KH</arg>
<arg>KI</arg>
<arg>KM</arg>
<arg>KN</arg>
<arg>KP</arg>
<arg>KR</arg>
<arg>KW</arg>
<arg>KY</arg>
<arg>KZ</arg>
<arg>LA</arg>
<arg>LB</arg>
<arg>LC</arg>
<arg>LI</arg>
<arg>LK</arg>
<arg>LR</arg>
<arg>LS</arg>
<arg>LT</arg>
<arg>LU</arg>
<arg>LV</arg>
<arg>LY</arg>
<arg>MA</arg>
<arg>MC</arg>
<arg>MD</arg>
<arg>ME</arg>
<arg>MF</arg>
<arg>MG</arg>
<arg>MH</arg>
<arg>MK</arg>
<arg>ML</arg>
<arg>MM</arg>
<arg>MN</arg>
<arg>MO</arg>
<arg>MP</arg>
<arg>MQ</arg>
<arg>MR</arg>
<arg>MS</arg>
<arg>MT</arg>
<arg>MU</arg>
<arg>MV</arg>
<arg>MW</arg>
<arg>MX</arg>
<arg>MY</arg>
<arg>MZ</arg>
<arg>NA</arg>
<arg>NC</arg>
<arg>NE</arg>
<arg>NF</arg>
<arg>NG</arg>
<arg>NI</arg>
<arg>NL</arg>
<arg>NO</arg>
<arg>NP</arg>
<arg>NR</arg>
<arg>NU</arg>
<arg>NZ</arg>
<arg>OM</arg>
<arg>PA</arg>
<arg>PE</arg>
<arg>PF</arg>
<arg>PG</arg>
<arg>PH</arg>
<arg>PK</arg>
<arg>PL</arg>
<arg>PM</arg>
<arg>PN</arg>
<arg>PR</arg>
<arg>PS</arg>
<arg>PT</arg>
<arg>PW</arg>
<arg>PY</arg>
<arg>QA</arg>
<arg>RE</arg>
<arg>RO</arg>
<arg>RS</arg>
<arg>RU</arg>
<arg>RW</arg>
<arg>SA</arg>
<arg>SB</arg>
<arg>SC</arg>
<arg>SD</arg>
<arg>SE</arg>
<arg>SG</arg>
<arg>SH</arg>
<arg>SI</arg>
<arg>SJ</arg>
<arg>SK</arg>
<arg>SL</arg>
<arg>SM</arg>
<arg>SN</arg>
<arg>SO</arg>
<arg>SR</arg>
<arg>SS</arg>
<arg>ST</arg>
<arg>SV</arg>
<arg>SX</arg>
<arg>SY</arg>
<arg>SZ</arg>
<arg>TC</arg>
<arg>TD</arg>
<arg>TF</arg>
<arg>TG</arg>
<arg>TH</arg>
<arg>TJ</arg>
<arg>TK</arg>
<arg>TL</arg>
<arg>TM</arg>
<arg>TN</arg>
<arg>TO</arg>
<arg>TR</arg>
<arg>TT</arg>
<arg>TV</arg>
<arg>TW</arg>
<arg>TZ</arg>
<arg>UA</arg>
<arg>UG</arg>
<arg>UM</arg>
<arg>US</arg>
<arg>UY</arg>
<arg>UZ</arg>
<arg>VA</arg>
<arg>VC</arg>
<arg>VE</arg>
<arg>VG</arg>
<arg>VI</arg>
<arg>VN</arg>
<arg>VU</arg>
<arg>WF</arg>
<arg>WS</arg>
<arg>XK</arg>
<arg>YE</arg>
<arg>YT</arg>
<arg>ZA</arg>
<arg>ZM</arg>
<arg>ZW</arg>
<doc>Returns a list containing given items.</doc>
<status status="PASS" start="2024-04-22T08:18:48.157128" elapsed="0.000608"/>
</kw>
<kw name="List Should Contain Value" owner="Collections">
<msg time="2024-04-22T08:18:48.158758" level="INFO">False</msg>
<arg>${list_country}</arg>
<arg>${name_country}</arg>
<doc>Fails if the ``value`` is not found from ``list``.</doc>
<status status="PASS" start="2024-04-22T08:18:48.158557" elapsed="0.000237"/>
</kw>
<kw name="Run Keyword If" owner="BuiltIn">
<kw name="Should Be True" owner="BuiltIn">
<arg>${True}</arg>
<doc>Fails if the given condition is not true.</doc>
<status status="PASS" start="2024-04-22T08:18:48.159839" elapsed="0.000236"/>
</kw>
<arg>${json_data["results"][0]["location"]["coordinates"]["latitude"]} &gt;= -90 and ${json_data["results"][0]["location"]["coordinates"]["latitude"]} &lt;= 90</arg>
<arg>Should Be True</arg>
<arg>${True}</arg>
<doc>Runs the given keyword with the given arguments, if ``condition`` is true.</doc>
<status status="PASS" start="2024-04-22T08:18:48.159099" elapsed="0.001106"/>
</kw>
<kw name="Run Keyword If" owner="BuiltIn">
<kw name="Should Be True" owner="BuiltIn">
<arg>${True}</arg>
<doc>Fails if the given condition is not true.</doc>
<status status="PASS" start="2024-04-22T08:18:48.161098" elapsed="0.000136"/>
</kw>
<arg>${json_data["results"][0]["location"]["coordinates"]["longitude"]} &gt;= -180 and ${json_data["results"][0]["location"]["coordinates"]["longitude"]} &lt;= 180</arg>
<arg>Should Be True</arg>
<arg>${True}</arg>
<doc>Runs the given keyword with the given arguments, if ``condition`` is true.</doc>
<status status="PASS" start="2024-04-22T08:18:48.160389" elapsed="0.000968"/>
</kw>
<status status="PASS" start="2024-04-22T08:18:48.055226" elapsed="0.106258"/>
</kw>
<doc>Testa o conteúdo específico dos campos retornados pela API.</doc>
<tag>testeConteudo</tag>
<status status="PASS" start="2024-04-22T08:18:48.054747" elapsed="0.106875"/>
</test>
<status status="PASS" start="2024-04-22T08:18:47.361730" elapsed="0.801869"/>
</suite>
<status status="PASS" start="2024-04-22T08:18:47.348276" elapsed="0.820336"/>
</suite>
<statistics>
<total>
<stat pass="5" fail="0" skip="0">All Tests</stat>
</total>
<tag>
<stat pass="1" fail="0" skip="0">testeConteudo</stat>
<stat pass="1" fail="0" skip="0">testeEstruturaResposta</stat>
<stat pass="1" fail="0" skip="0">testeRequisicaoBasica</stat>
<stat pass="1" fail="0" skip="0">testeTiposDados</stat>
</tag>
<suite>
<stat pass="5" fail="0" skip="0" id="s1" name="Tests">Tests</stat>
<stat pass="5" fail="0" skip="0" id="s1-s1" name="Random-User-Test">Tests.Random-User-Test</stat>
</suite>
</statistics>
<errors>
</errors>
</robot>
