<?xml version="1.0" encoding="UTF-8"?>
<robot generator="Robot 7.0 (Python 3.12.3 on linux)" generated="2024-05-19T19:10:54.158545" rpa="false" schemaversion="5">
<suite id="s1" name="Tests" source="/home/runner/work/DesafioQAItauRogerioJordao/DesafioQAItauRogerioJordao/RamdonUser/tests">
<suite id="s1-s1" name="Random-User-Test" source="/home/runner/work/DesafioQAItauRogerioJordao/DesafioQAItauRogerioJordao/RamdonUser/tests/random-user-test.robot">
<test id="s1-s1-t1" name="Conectar" line="13">
<kw name="Conectar API" owner="random-user-service">
<kw name="Create Session" owner="RequestsLibrary">
<msg time="2024-05-19T19:10:54.505655" level="INFO">Creating Session using : alias=consultarAPI, url=https://randomuser.me/, headers={},                     cookies={}, auth=None, timeout=None, proxies=None, verify=False,                     debug=0 </msg>
<arg>consultarAPI</arg>
<arg>${URL}</arg>
<doc>Create Session: create a HTTP session to a server</doc>
<status status="PASS" start="2024-05-19T19:10:54.505468" elapsed="0.000345"/>
</kw>
<status status="PASS" start="2024-05-19T19:10:54.504582" elapsed="0.001564"/>
</kw>
<status status="PASS" start="2024-05-19T19:10:54.504017" elapsed="0.002317"/>
</test>
<test id="s1-s1-t2" name="Validar retorno 200 e JSON Válido" line="16">
<kw name="Teste de Requisicao Basica" owner="random-user-service">
<kw name="GET On Session" owner="RequestsLibrary">
<msg time="2024-05-19T19:10:55.118447" level="INFO">GET Request : url=https://randomuser.me/api 
 path_url=/api 
 headers={'User-Agent': 'python-requests/2.31.0', 'Accept-Encoding': 'gzip, deflate', 'Accept': '*/*', 'Connection': 'keep-alive'} 
 body=None 
 </msg>
<msg time="2024-05-19T19:10:55.118600" level="INFO">GET Response : url=https://randomuser.me/api 
 status=200, reason=OK 
 headers={'Date': 'Sun, 19 May 2024 19:10:55 GMT', 'Content-Type': 'application/json; charset=utf-8', 'Transfer-Encoding': 'chunked', 'Connection': 'keep-alive', 'X-Powered-By': 'Express', 'Access-Control-Allow-Origin': '*', 'Cache-Control': 'no-cache', 'ETag': 'W/"47b-W5vc85P2DiCoPYJxrvU7eEq6wGw"', 'Vary': 'Accept-Encoding', 'Content-Encoding': 'gzip', 'CF-Cache-Status': 'DYNAMIC', 'Report-To': '{"endpoints":[{"url":"https:\\/\\/a.nel.cloudflare.com\\/report\\/v4?s=5ndH%2BuEO8ACm2tx17pFquQKR0Yqi2GpFLU2Czce8FvtqrYUCa7PfL25Ak71%2FOzCxU6cv0Kkz68nsIZ8xCOnf38kwhKA7KAhpWUYQxV5xiBbFGJEM1JRlsFrWtuocTrON"}],"group":"cf-nel","max_age":604800}', 'NEL': '{"success_fraction":0,"report_to":"cf-nel","max_age":604800}', 'Server': 'cloudflare', 'CF-RAY': '886663c78d911fda-IAD', 'alt-svc': 'h3=":443"; ma=86400'} 
 body={"results":[{"gender":"female","name":{"title":"Ms","first":"Anny","last":"Hipp"},"location":{"street":{"number":2783,"name":"Uhlandstraße"},"city":"Lemgo","state":"Sachsen-Anhalt","country":"Germany","postcode":74047,"coordinates":{"latitude":"-50.8197","longitude":"147.6131"},"timezone":{"offset":"+5:45","description":"Kathmandu"}},"email":"anny.hipp@example.com","login":{"uuid":"15fc4e7d-b4a9-4a4f-819b-be962300293d","username":"sadpanda890","password":"mariposa","salt":"pQKOs7qg","md5":"ba7bb192adc933ebf5829e282f6511bd","sha1":"dabdf719d878ec8c2067c7df2bb4149e06345de2","sha256":"5b7f7e61cd29ee007737ccae05bdc493ce9c01284d7d8d599cb489c817bc7877"},"dob":{"date":"1979-12-22T21:05:19.183Z","age":44},"registered":{"date":"2010-02-16T18:19:17.991Z","age":14},"phone":"0100-1528633","cell":"0175-5645148","id":{"name":"SVNR","value":"64 221279 H 805"},"picture":{"large":"https://randomuser.me/api/portraits/women/17.jpg","medium":"https://randomuser.me/api/portraits/med/women/17.jpg","thumbnail":"https://randomuser.me/api/portraits/thumb/women/17.jpg"},"nat":"DE"}],"info":{"seed":"3282657dfc30fc77","results":1,"page":1,"version":"1.4"}} 
 </msg>
<msg time="2024-05-19T19:10:55.118693" level="INFO">/opt/hostedtoolcache/Python/3.12.3/x64/lib/python3.12/site-packages/urllib3/connectionpool.py:1103: InsecureRequestWarning: Unverified HTTPS request is being made to host 'randomuser.me'. Adding certificate verification is strongly advised. See: https://urllib3.readthedocs.io/en/latest/advanced-usage.html#tls-warnings
  warnings.warn(</msg>
<msg time="2024-05-19T19:10:55.118893" level="INFO">${response} = &lt;Response [200]&gt;</msg>
<var>${response}</var>
<arg>consultarAPI</arg>
<arg>/api</arg>
<doc>Sends a GET request on a previously created HTTP Session.</doc>
<status status="PASS" start="2024-05-19T19:10:54.508967" elapsed="0.609965"/>
</kw>
<kw name="Should Be Equal As Numbers" owner="BuiltIn">
<msg time="2024-05-19T19:10:55.119779" level="INFO">Argument types are:
&lt;class 'int'&gt;
&lt;class 'str'&gt;</msg>
<arg>${response.status_code}</arg>
<arg>200</arg>
<doc>Fails if objects are unequal after converting them to real numbers.</doc>
<status status="PASS" start="2024-05-19T19:10:55.119363" elapsed="0.000480"/>
</kw>
<kw name="Log" owner="BuiltIn">
<msg time="2024-05-19T19:10:55.120526" level="INFO">200</msg>
<arg>${response.status_code}</arg>
<doc>Logs the given message with the given level.</doc>
<status status="PASS" start="2024-05-19T19:10:55.120179" elapsed="0.000389"/>
</kw>
<kw name="Set Variable" owner="BuiltIn">
<msg time="2024-05-19T19:10:55.121295" level="INFO">${json_data} = {'results': [{'gender': 'female', 'name': {'title': 'Ms', 'first': 'Anny', 'last': 'Hipp'}, 'location': {'street': {'number': 2783, 'name': 'Uhlandstraße'}, 'city': 'Lemgo', 'state': 'Sachsen-Anhalt',...</msg>
<var>${json_data}</var>
<arg>${response.json()}</arg>
<doc>Returns the given values which can then be assigned to a variables.</doc>
<status status="PASS" start="2024-05-19T19:10:55.120869" elapsed="0.000454"/>
</kw>
<kw name="Dictionary Should Contain Key" owner="Collections">
<msg time="2024-05-19T19:10:55.121792" level="INFO">False</msg>
<arg>${json_data}</arg>
<arg>results</arg>
<doc>Fails if ``key`` is not found from ``dictionary``.</doc>
<status status="PASS" start="2024-05-19T19:10:55.121624" elapsed="0.000209"/>
</kw>
<status status="PASS" start="2024-05-19T19:10:54.508731" elapsed="0.613354"/>
</kw>
<doc>Testa se a API responde corretamente e retorna um objeto JSON válido.</doc>
<tag>testeRequisicaoBasica</tag>
<status status="PASS" start="2024-05-19T19:10:54.508194" elapsed="0.614061"/>
</test>
<test id="s1-s1-t3" name="Validar estrutura de resposta" line="22">
<kw name="Teste de Estrutura de Resposta" owner="random-user-service">
<kw name="GET On Session" owner="RequestsLibrary">
<msg time="2024-05-19T19:10:55.760291" level="INFO">GET Request : url=https://randomuser.me/api 
 path_url=/api 
 headers={'User-Agent': 'python-requests/2.31.0', 'Accept-Encoding': 'gzip, deflate', 'Accept': '*/*', 'Connection': 'keep-alive'} 
 body=None 
 </msg>
<msg time="2024-05-19T19:10:55.760363" level="INFO">GET Response : url=https://randomuser.me/api 
 status=200, reason=OK 
 headers={'Date': 'Sun, 19 May 2024 19:10:55 GMT', 'Content-Type': 'application/json; charset=utf-8', 'Transfer-Encoding': 'chunked', 'Connection': 'keep-alive', 'X-Powered-By': 'Express', 'Access-Control-Allow-Origin': '*', 'Cache-Control': 'no-cache', 'ETag': 'W/"485-+aSOSBaN5DKw1D0Tf08g+XzUne4"', 'Vary': 'Accept-Encoding', 'Content-Encoding': 'gzip', 'CF-Cache-Status': 'DYNAMIC', 'Report-To': '{"endpoints":[{"url":"https:\\/\\/a.nel.cloudflare.com\\/report\\/v4?s=HvwurzMuuO8bh3z22kJKtACM3paJOg%2B%2BhZN132z6o3rKnmAGygUnSsLaWFsXsRuJMHolyCZUy6y5Z%2FtYhWe6ngWhcRVaG%2BP%2B6E115Dil1Z4AJYxsBWpuNHGs9P8vGs2h"}],"group":"cf-nel","max_age":604800}', 'NEL': '{"success_fraction":0,"report_to":"cf-nel","max_age":604800}', 'Server': 'cloudflare', 'CF-RAY': '886663ca891a1fda-IAD', 'alt-svc': 'h3=":443"; ma=86400'} 
 body={"results":[{"gender":"male","name":{"title":"Mr","first":"Sudivoy","last":"Brodackiy"},"location":{"street":{"number":1111,"name":"Kishinivska"},"city":"Liman","state":"Sumska","country":"Ukraine","postcode":98991,"coordinates":{"latitude":"79.7132","longitude":"-160.2341"},"timezone":{"offset":"+1:00","description":"Brussels, Copenhagen, Madrid, Paris"}},"email":"sudivoy.brodackiy@example.com","login":{"uuid":"d17167bf-3faf-4001-8249-57bc7c63007f","username":"crazymouse415","password":"braves","salt":"n0O9aceH","md5":"2c198eab5b7c8e3add528b95951ae04d","sha1":"8700072c73a63f2a31270554d5e8b768d376043b","sha256":"7ecf7858c6e3d5c35fc28c1d9b26d2fbe7a178e1db73b9f2be42586127935e79"},"dob":{"date":"1970-12-06T14:35:35.228Z","age":53},"registered":{"date":"2016-08-31T13:51:02.525Z","age":7},"phone":"(096) U31-0049","cell":"(068) G79-3022","id":{"name":"","value":null},"picture":{"large":"https://randomuser.me/api/portraits/men/80.jpg","medium":"https://randomuser.me/api/portraits/med/men/80.jpg","thumbnail":"https://randomuser.me/api/portraits/thumb/men/80.jpg"},"nat":"UA"}],"info":{"seed":"465aba43599afbd1","results":1,"page":1,"version":"1.4"}} 
 </msg>
<msg time="2024-05-19T19:10:55.760462" level="INFO">/opt/hostedtoolcache/Python/3.12.3/x64/lib/python3.12/site-packages/urllib3/connectionpool.py:1103: InsecureRequestWarning: Unverified HTTPS request is being made to host 'randomuser.me'. Adding certificate verification is strongly advised. See: https://urllib3.readthedocs.io/en/latest/advanced-usage.html#tls-warnings
  warnings.warn(</msg>
<msg time="2024-05-19T19:10:55.760581" level="INFO">${response} = &lt;Response [200]&gt;</msg>
<var>${response}</var>
<arg>consultarAPI</arg>
<arg>/api</arg>
<doc>Sends a GET request on a previously created HTTP Session.</doc>
<status status="PASS" start="2024-05-19T19:10:55.124791" elapsed="0.635833"/>
</kw>
<kw name="Set Variable" owner="BuiltIn">
<msg time="2024-05-19T19:10:55.761462" level="INFO">${json_data} = {'results': [{'gender': 'male', 'name': {'title': 'Mr', 'first': 'Sudivoy', 'last': 'Brodackiy'}, 'location': {'street': {'number': 1111, 'name': 'Kishinivska'}, 'city': 'Liman', 'state': 'Sumska', 'c...</msg>
<var>${json_data}</var>
<arg>${response.json()}</arg>
<doc>Returns the given values which can then be assigned to a variables.</doc>
<status status="PASS" start="2024-05-19T19:10:55.760995" elapsed="0.000496"/>
</kw>
<kw name="Log" owner="BuiltIn">
<msg time="2024-05-19T19:10:55.761952" level="INFO">{'results': [{'gender': 'male', 'name': {'title': 'Mr', 'first': 'Sudivoy', 'last': 'Brodackiy'}, 'location': {'street': {'number': 1111, 'name': 'Kishinivska'}, 'city': 'Liman', 'state': 'Sumska', 'country': 'Ukraine', 'postcode': 98991, 'coordinates': {'latitude': '79.7132', 'longitude': '-160.2341'}, 'timezone': {'offset': '+1:00', 'description': 'Brussels, Copenhagen, Madrid, Paris'}}, 'email': 'sudivoy.brodackiy@example.com', 'login': {'uuid': 'd17167bf-3faf-4001-8249-57bc7c63007f', 'username': 'crazymouse415', 'password': 'braves', 'salt': 'n0O9aceH', 'md5': '2c198eab5b7c8e3add528b95951ae04d', 'sha1': '8700072c73a63f2a31270554d5e8b768d376043b', 'sha256': '7ecf7858c6e3d5c35fc28c1d9b26d2fbe7a178e1db73b9f2be42586127935e79'}, 'dob': {'date': '1970-12-06T14:35:35.228Z', 'age': 53}, 'registered': {'date': '2016-08-31T13:51:02.525Z', 'age': 7}, 'phone': '(096) U31-0049', 'cell': '(068) G79-3022', 'id': {'name': '', 'value': None}, 'picture': {'large': 'https://randomuser.me/api/portraits/men/80.jpg', 'medium': 'https://randomuser.me/api/portraits/med/men/80.jpg', 'thumbnail': 'https://randomuser.me/api/portraits/thumb/men/80.jpg'}, 'nat': 'UA'}], 'info': {'seed': '465aba43599afbd1', 'results': 1, 'page': 1, 'version': '1.4'}}</msg>
<arg>${json_data}</arg>
<doc>Logs the given message with the given level.</doc>
<status status="PASS" start="2024-05-19T19:10:55.761795" elapsed="0.000205"/>
</kw>
<kw name="Dictionary Should Contain Key" owner="Collections">
<msg time="2024-05-19T19:10:55.762455" level="INFO">False</msg>
<arg>${json_data}</arg>
<arg>results</arg>
<doc>Fails if ``key`` is not found from ``dictionary``.</doc>
<status status="PASS" start="2024-05-19T19:10:55.762290" elapsed="0.000202"/>
</kw>
<kw name="Should Not Be Empty" owner="BuiltIn">
<msg time="2024-05-19T19:10:55.762965" level="INFO">Length is 2.</msg>
<arg>${json_data}</arg>
<doc>Verifies that the given item is not empty.</doc>
<status status="PASS" start="2024-05-19T19:10:55.762819" elapsed="0.000321"/>
</kw>
<kw name="Create List" owner="BuiltIn">
<msg time="2024-05-19T19:10:55.763595" level="INFO">${expected_keys} = ['gender', 'name', 'location', 'email', 'login']</msg>
<var>${expected_keys}</var>
<arg>gender</arg>
<arg>name</arg>
<arg>location</arg>
<arg>email</arg>
<arg>login</arg>
<doc>Returns a list containing given items.</doc>
<status status="PASS" start="2024-05-19T19:10:55.763442" elapsed="0.000177"/>
</kw>
<for flavor="IN">
<iter>
<kw name="Dictionary Should Contain Key" owner="Collections">
<msg time="2024-05-19T19:10:55.764582" level="INFO">False</msg>
<arg>${json_data['results'][0]}</arg>
<arg>${key}</arg>
<doc>Fails if ``key`` is not found from ``dictionary``.</doc>
<status status="PASS" start="2024-05-19T19:10:55.764183" elapsed="0.000437"/>
</kw>
<kw name="Log" owner="BuiltIn">
<msg time="2024-05-19T19:10:55.765271" level="INFO">{'gender': 'male', 'name': {'title': 'Mr', 'first': 'Sudivoy', 'last': 'Brodackiy'}, 'location': {'street': {'number': 1111, 'name': 'Kishinivska'}, 'city': 'Liman', 'state': 'Sumska', 'country': 'Ukraine', 'postcode': 98991, 'coordinates': {'latitude': '79.7132', 'longitude': '-160.2341'}, 'timezone': {'offset': '+1:00', 'description': 'Brussels, Copenhagen, Madrid, Paris'}}, 'email': 'sudivoy.brodackiy@example.com', 'login': {'uuid': 'd17167bf-3faf-4001-8249-57bc7c63007f', 'username': 'crazymouse415', 'password': 'braves', 'salt': 'n0O9aceH', 'md5': '2c198eab5b7c8e3add528b95951ae04d', 'sha1': '8700072c73a63f2a31270554d5e8b768d376043b', 'sha256': '7ecf7858c6e3d5c35fc28c1d9b26d2fbe7a178e1db73b9f2be42586127935e79'}, 'dob': {'date': '1970-12-06T14:35:35.228Z', 'age': 53}, 'registered': {'date': '2016-08-31T13:51:02.525Z', 'age': 7}, 'phone': '(096) U31-0049', 'cell': '(068) G79-3022', 'id': {'name': '', 'value': None}, 'picture': {'large': 'https://randomuser.me/api/portraits/men/80.jpg', 'medium': 'https://randomuser.me/api/portraits/med/men/80.jpg', 'thumbnail': 'https://randomuser.me/api/portraits/thumb/men/80.jpg'}, 'nat': 'UA'}</msg>
<arg>${json_data['results'][0]}</arg>
<doc>Logs the given message with the given level.</doc>
<status status="PASS" start="2024-05-19T19:10:55.764915" elapsed="0.000404"/>
</kw>
<kw name="Log" owner="BuiltIn">
<msg time="2024-05-19T19:10:55.765743" level="INFO">gender</msg>
<arg>${key}</arg>
<doc>Logs the given message with the given level.</doc>
<status status="PASS" start="2024-05-19T19:10:55.765615" elapsed="0.000164"/>
</kw>
<var name="${key}">gender</var>
<status status="PASS" start="2024-05-19T19:10:55.764058" elapsed="0.001935"/>
</iter>
<iter>
<kw name="Dictionary Should Contain Key" owner="Collections">
<msg time="2024-05-19T19:10:55.766670" level="INFO">False</msg>
<arg>${json_data['results'][0]}</arg>
<arg>${key}</arg>
<doc>Fails if ``key`` is not found from ``dictionary``.</doc>
<status status="PASS" start="2024-05-19T19:10:55.766291" elapsed="0.000416"/>
</kw>
<kw name="Log" owner="BuiltIn">
<msg time="2024-05-19T19:10:55.767406" level="INFO">{'gender': 'male', 'name': {'title': 'Mr', 'first': 'Sudivoy', 'last': 'Brodackiy'}, 'location': {'street': {'number': 1111, 'name': 'Kishinivska'}, 'city': 'Liman', 'state': 'Sumska', 'country': 'Ukraine', 'postcode': 98991, 'coordinates': {'latitude': '79.7132', 'longitude': '-160.2341'}, 'timezone': {'offset': '+1:00', 'description': 'Brussels, Copenhagen, Madrid, Paris'}}, 'email': 'sudivoy.brodackiy@example.com', 'login': {'uuid': 'd17167bf-3faf-4001-8249-57bc7c63007f', 'username': 'crazymouse415', 'password': 'braves', 'salt': 'n0O9aceH', 'md5': '2c198eab5b7c8e3add528b95951ae04d', 'sha1': '8700072c73a63f2a31270554d5e8b768d376043b', 'sha256': '7ecf7858c6e3d5c35fc28c1d9b26d2fbe7a178e1db73b9f2be42586127935e79'}, 'dob': {'date': '1970-12-06T14:35:35.228Z', 'age': 53}, 'registered': {'date': '2016-08-31T13:51:02.525Z', 'age': 7}, 'phone': '(096) U31-0049', 'cell': '(068) G79-3022', 'id': {'name': '', 'value': None}, 'picture': {'large': 'https://randomuser.me/api/portraits/men/80.jpg', 'medium': 'https://randomuser.me/api/portraits/med/men/80.jpg', 'thumbnail': 'https://randomuser.me/api/portraits/thumb/men/80.jpg'}, 'nat': 'UA'}</msg>
<arg>${json_data['results'][0]}</arg>
<doc>Logs the given message with the given level.</doc>
<status status="PASS" start="2024-05-19T19:10:55.767050" elapsed="0.000412"/>
</kw>
<kw name="Log" owner="BuiltIn">
<msg time="2024-05-19T19:10:55.767881" level="INFO">name</msg>
<arg>${key}</arg>
<doc>Logs the given message with the given level.</doc>
<status status="PASS" start="2024-05-19T19:10:55.767757" elapsed="0.000160"/>
</kw>
<var name="${key}">name</var>
<status status="PASS" start="2024-05-19T19:10:55.766176" elapsed="0.001952"/>
</iter>
<iter>
<kw name="Dictionary Should Contain Key" owner="Collections">
<msg time="2024-05-19T19:10:55.768791" level="INFO">False</msg>
<arg>${json_data['results'][0]}</arg>
<arg>${key}</arg>
<doc>Fails if ``key`` is not found from ``dictionary``.</doc>
<status status="PASS" start="2024-05-19T19:10:55.768414" elapsed="0.000413"/>
</kw>
<kw name="Log" owner="BuiltIn">
<msg time="2024-05-19T19:10:55.769476" level="INFO">{'gender': 'male', 'name': {'title': 'Mr', 'first': 'Sudivoy', 'last': 'Brodackiy'}, 'location': {'street': {'number': 1111, 'name': 'Kishinivska'}, 'city': 'Liman', 'state': 'Sumska', 'country': 'Ukraine', 'postcode': 98991, 'coordinates': {'latitude': '79.7132', 'longitude': '-160.2341'}, 'timezone': {'offset': '+1:00', 'description': 'Brussels, Copenhagen, Madrid, Paris'}}, 'email': 'sudivoy.brodackiy@example.com', 'login': {'uuid': 'd17167bf-3faf-4001-8249-57bc7c63007f', 'username': 'crazymouse415', 'password': 'braves', 'salt': 'n0O9aceH', 'md5': '2c198eab5b7c8e3add528b95951ae04d', 'sha1': '8700072c73a63f2a31270554d5e8b768d376043b', 'sha256': '7ecf7858c6e3d5c35fc28c1d9b26d2fbe7a178e1db73b9f2be42586127935e79'}, 'dob': {'date': '1970-12-06T14:35:35.228Z', 'age': 53}, 'registered': {'date': '2016-08-31T13:51:02.525Z', 'age': 7}, 'phone': '(096) U31-0049', 'cell': '(068) G79-3022', 'id': {'name': '', 'value': None}, 'picture': {'large': 'https://randomuser.me/api/portraits/men/80.jpg', 'medium': 'https://randomuser.me/api/portraits/med/men/80.jpg', 'thumbnail': 'https://randomuser.me/api/portraits/thumb/men/80.jpg'}, 'nat': 'UA'}</msg>
<arg>${json_data['results'][0]}</arg>
<doc>Logs the given message with the given level.</doc>
<status status="PASS" start="2024-05-19T19:10:55.769119" elapsed="0.000404"/>
</kw>
<kw name="Log" owner="BuiltIn">
<msg time="2024-05-19T19:10:55.769934" level="INFO">location</msg>
<arg>${key}</arg>
<doc>Logs the given message with the given level.</doc>
<status status="PASS" start="2024-05-19T19:10:55.769812" elapsed="0.000157"/>
</kw>
<var name="${key}">location</var>
<status status="PASS" start="2024-05-19T19:10:55.768304" elapsed="0.001874"/>
</iter>
<iter>
<kw name="Dictionary Should Contain Key" owner="Collections">
<msg time="2024-05-19T19:10:55.770867" level="INFO">False</msg>
<arg>${json_data['results'][0]}</arg>
<arg>${key}</arg>
<doc>Fails if ``key`` is not found from ``dictionary``.</doc>
<status status="PASS" start="2024-05-19T19:10:55.770472" elapsed="0.000440"/>
</kw>
<kw name="Log" owner="BuiltIn">
<msg time="2024-05-19T19:10:55.771552" level="INFO">{'gender': 'male', 'name': {'title': 'Mr', 'first': 'Sudivoy', 'last': 'Brodackiy'}, 'location': {'street': {'number': 1111, 'name': 'Kishinivska'}, 'city': 'Liman', 'state': 'Sumska', 'country': 'Ukraine', 'postcode': 98991, 'coordinates': {'latitude': '79.7132', 'longitude': '-160.2341'}, 'timezone': {'offset': '+1:00', 'description': 'Brussels, Copenhagen, Madrid, Paris'}}, 'email': 'sudivoy.brodackiy@example.com', 'login': {'uuid': 'd17167bf-3faf-4001-8249-57bc7c63007f', 'username': 'crazymouse415', 'password': 'braves', 'salt': 'n0O9aceH', 'md5': '2c198eab5b7c8e3add528b95951ae04d', 'sha1': '8700072c73a63f2a31270554d5e8b768d376043b', 'sha256': '7ecf7858c6e3d5c35fc28c1d9b26d2fbe7a178e1db73b9f2be42586127935e79'}, 'dob': {'date': '1970-12-06T14:35:35.228Z', 'age': 53}, 'registered': {'date': '2016-08-31T13:51:02.525Z', 'age': 7}, 'phone': '(096) U31-0049', 'cell': '(068) G79-3022', 'id': {'name': '', 'value': None}, 'picture': {'large': 'https://randomuser.me/api/portraits/men/80.jpg', 'medium': 'https://randomuser.me/api/portraits/med/men/80.jpg', 'thumbnail': 'https://randomuser.me/api/portraits/thumb/men/80.jpg'}, 'nat': 'UA'}</msg>
<arg>${json_data['results'][0]}</arg>
<doc>Logs the given message with the given level.</doc>
<status status="PASS" start="2024-05-19T19:10:55.771204" elapsed="0.000405"/>
</kw>
<kw name="Log" owner="BuiltIn">
<msg time="2024-05-19T19:10:55.772029" level="INFO">email</msg>
<arg>${key}</arg>
<doc>Logs the given message with the given level.</doc>
<status status="PASS" start="2024-05-19T19:10:55.771902" elapsed="0.000163"/>
</kw>
<var name="${key}">email</var>
<status status="PASS" start="2024-05-19T19:10:55.770352" elapsed="0.001927"/>
</iter>
<iter>
<kw name="Dictionary Should Contain Key" owner="Collections">
<msg time="2024-05-19T19:10:55.772944" level="INFO">False</msg>
<arg>${json_data['results'][0]}</arg>
<arg>${key}</arg>
<doc>Fails if ``key`` is not found from ``dictionary``.</doc>
<status status="PASS" start="2024-05-19T19:10:55.772565" elapsed="0.000415"/>
</kw>
<kw name="Log" owner="BuiltIn">
<msg time="2024-05-19T19:10:55.773634" level="INFO">{'gender': 'male', 'name': {'title': 'Mr', 'first': 'Sudivoy', 'last': 'Brodackiy'}, 'location': {'street': {'number': 1111, 'name': 'Kishinivska'}, 'city': 'Liman', 'state': 'Sumska', 'country': 'Ukraine', 'postcode': 98991, 'coordinates': {'latitude': '79.7132', 'longitude': '-160.2341'}, 'timezone': {'offset': '+1:00', 'description': 'Brussels, Copenhagen, Madrid, Paris'}}, 'email': 'sudivoy.brodackiy@example.com', 'login': {'uuid': 'd17167bf-3faf-4001-8249-57bc7c63007f', 'username': 'crazymouse415', 'password': 'braves', 'salt': 'n0O9aceH', 'md5': '2c198eab5b7c8e3add528b95951ae04d', 'sha1': '8700072c73a63f2a31270554d5e8b768d376043b', 'sha256': '7ecf7858c6e3d5c35fc28c1d9b26d2fbe7a178e1db73b9f2be42586127935e79'}, 'dob': {'date': '1970-12-06T14:35:35.228Z', 'age': 53}, 'registered': {'date': '2016-08-31T13:51:02.525Z', 'age': 7}, 'phone': '(096) U31-0049', 'cell': '(068) G79-3022', 'id': {'name': '', 'value': None}, 'picture': {'large': 'https://randomuser.me/api/portraits/men/80.jpg', 'medium': 'https://randomuser.me/api/portraits/med/men/80.jpg', 'thumbnail': 'https://randomuser.me/api/portraits/thumb/men/80.jpg'}, 'nat': 'UA'}</msg>
<arg>${json_data['results'][0]}</arg>
<doc>Logs the given message with the given level.</doc>
<status status="PASS" start="2024-05-19T19:10:55.773278" elapsed="0.000403"/>
</kw>
<kw name="Log" owner="BuiltIn">
<msg time="2024-05-19T19:10:55.774098" level="INFO">login</msg>
<arg>${key}</arg>
<doc>Logs the given message with the given level.</doc>
<status status="PASS" start="2024-05-19T19:10:55.773974" elapsed="0.000162"/>
</kw>
<var name="${key}">login</var>
<status status="PASS" start="2024-05-19T19:10:55.772455" elapsed="0.001896"/>
</iter>
<var>${key}</var>
<value>@{expected_keys}</value>
<status status="PASS" start="2024-05-19T19:10:55.763873" elapsed="0.010627"/>
</for>
<kw name="Create List" owner="BuiltIn">
<msg time="2024-05-19T19:10:55.774857" level="INFO">${expected_keysTwo} = ['username', 'password']</msg>
<var>${expected_keysTwo}</var>
<arg>username</arg>
<arg>password</arg>
<doc>Returns a list containing given items.</doc>
<status status="PASS" start="2024-05-19T19:10:55.774700" elapsed="0.000181"/>
</kw>
<for flavor="IN">
<iter>
<kw name="Dictionary Should Contain Key" owner="Collections">
<msg time="2024-05-19T19:10:55.775760" level="INFO">False</msg>
<arg>${json_data['results'][0]['login']}</arg>
<arg>${keyTwo}</arg>
<doc>Fails if ``key`` is not found from ``dictionary``.</doc>
<status status="PASS" start="2024-05-19T19:10:55.775374" elapsed="0.000423"/>
</kw>
<kw name="Dictionary Should Contain Key" owner="Collections">
<msg time="2024-05-19T19:10:55.776464" level="INFO">False</msg>
<arg>${json_data['results'][0]['login']}</arg>
<arg>${keyTwo}</arg>
<doc>Fails if ``key`` is not found from ``dictionary``.</doc>
<status status="PASS" start="2024-05-19T19:10:55.776090" elapsed="0.000410"/>
</kw>
<kw name="Log" owner="BuiltIn">
<msg time="2024-05-19T19:10:55.776909" level="INFO">username</msg>
<arg>${keyTwo}</arg>
<doc>Logs the given message with the given level.</doc>
<status status="PASS" start="2024-05-19T19:10:55.776786" elapsed="0.000167"/>
</kw>
<var name="${keyTwo}">username</var>
<status status="PASS" start="2024-05-19T19:10:55.775266" elapsed="0.001898"/>
</iter>
<iter>
<kw name="Dictionary Should Contain Key" owner="Collections">
<msg time="2024-05-19T19:10:55.777898" level="INFO">False</msg>
<arg>${json_data['results'][0]['login']}</arg>
<arg>${keyTwo}</arg>
<doc>Fails if ``key`` is not found from ``dictionary``.</doc>
<status status="PASS" start="2024-05-19T19:10:55.777439" elapsed="0.000499"/>
</kw>
<kw name="Dictionary Should Contain Key" owner="Collections">
<msg time="2024-05-19T19:10:55.778603" level="INFO">False</msg>
<arg>${json_data['results'][0]['login']}</arg>
<arg>${keyTwo}</arg>
<doc>Fails if ``key`` is not found from ``dictionary``.</doc>
<status status="PASS" start="2024-05-19T19:10:55.778231" elapsed="0.000409"/>
</kw>
<kw name="Log" owner="BuiltIn">
<msg time="2024-05-19T19:10:55.779087" level="INFO">password</msg>
<arg>${keyTwo}</arg>
<doc>Logs the given message with the given level.</doc>
<status status="PASS" start="2024-05-19T19:10:55.778960" elapsed="0.000163"/>
</kw>
<var name="${keyTwo}">password</var>
<status status="PASS" start="2024-05-19T19:10:55.777332" elapsed="0.002007"/>
</iter>
<var>${keyTwo}</var>
<value>@{expected_keysTwo}</value>
<status status="PASS" start="2024-05-19T19:10:55.775116" elapsed="0.004343"/>
</for>
<status status="PASS" start="2024-05-19T19:10:55.124564" elapsed="0.655032"/>
</kw>
<doc>Testa a estrutura da resposta da API.</doc>
<tag>testeEstruturaResposta</tag>
<status status="PASS" start="2024-05-19T19:10:55.124077" elapsed="0.655667"/>
</test>
<test id="s1-s1-t4" name="Validar tipos de dados" line="28">
<kw name="Teste de Tipos de Dados" owner="random-user-service">
<kw name="GET On Session" owner="RequestsLibrary">
<msg time="2024-05-19T19:10:56.128707" level="INFO">GET Request : url=https://randomuser.me/api 
 path_url=/api 
 headers={'User-Agent': 'python-requests/2.31.0', 'Accept-Encoding': 'gzip, deflate', 'Accept': '*/*', 'Connection': 'keep-alive'} 
 body=None 
 </msg>
<msg time="2024-05-19T19:10:56.128789" level="INFO">GET Response : url=https://randomuser.me/api 
 status=200, reason=OK 
 headers={'Date': 'Sun, 19 May 2024 19:10:56 GMT', 'Content-Type': 'application/json; charset=utf-8', 'Transfer-Encoding': 'chunked', 'Connection': 'keep-alive', 'X-Powered-By': 'Express', 'Access-Control-Allow-Origin': '*', 'Cache-Control': 'no-cache', 'ETag': 'W/"4a2-7CaqyaSiOSrM7XA/SX+OIKMcitc"', 'Vary': 'Accept-Encoding', 'Content-Encoding': 'gzip', 'CF-Cache-Status': 'DYNAMIC', 'Report-To': '{"endpoints":[{"url":"https:\\/\\/a.nel.cloudflare.com\\/report\\/v4?s=wLyZMFsFHFqbQ%2FuP9iuudiwD36eCGdFecCSiFjt%2B3LRjoiTN13gRzB8whQCD9ijs%2F65pUp9Nx83yQT8xciRTZ7FYcS%2FCwCjAdIFqpdKW0ZkKtPmxcx%2FT4Eb47vVsP3XA"}],"group":"cf-nel","max_age":604800}', 'NEL': '{"success_fraction":0,"report_to":"cf-nel","max_age":604800}', 'Server': 'cloudflare', 'CF-RAY': '886663cead4e1fda-IAD', 'alt-svc': 'h3=":443"; ma=86400'} 
 body={"results":[{"gender":"male","name":{"title":"Mr","first":"Josselino","last":"Barbosa"},"location":{"street":{"number":6777,"name":"Rua Paraná "},"city":"Montes Claros","state":"Mato Grosso","country":"Brazil","postcode":60504,"coordinates":{"latitude":"-76.1884","longitude":"-5.8615"},"timezone":{"offset":"+4:00","description":"Abu Dhabi, Muscat, Baku, Tbilisi"}},"email":"josselino.barbosa@example.com","login":{"uuid":"819a7968-e9e5-4b77-a8b6-670a5d618e40","username":"silvergorilla489","password":"lemmein","salt":"5K6wRCC6","md5":"001031fc9d6c4be14731a873dfe0f9ca","sha1":"beea522b591a3452a677d98b0751244c2394d606","sha256":"83440cd7f18ff7bd53f7d6ffc886a7b8e7882c69d67d0bc8fb21e8d7728cef57"},"dob":{"date":"1970-09-30T04:23:08.003Z","age":53},"registered":{"date":"2002-08-31T21:44:28.401Z","age":21},"phone":"(38) 3059-2004","cell":"(94) 9046-0306","id":{"name":"CPF","value":"329.381.952-98"},"picture":{"large":"https://randomuser.me/api/portraits/men/63.jpg","medium":"https://randomuser.me/api/portraits/med/men/63.jpg","thumbnail":"https://randomuser.me/api/portraits/thumb/men/63.jpg"},"nat":"BR"}],"info":{"seed":"4722fe5f8f5b3743","results":1,"page":1,"version":"1.4"}} 
 </msg>
<msg time="2024-05-19T19:10:56.128847" level="INFO">/opt/hostedtoolcache/Python/3.12.3/x64/lib/python3.12/site-packages/urllib3/connectionpool.py:1103: InsecureRequestWarning: Unverified HTTPS request is being made to host 'randomuser.me'. Adding certificate verification is strongly advised. See: https://urllib3.readthedocs.io/en/latest/advanced-usage.html#tls-warnings
  warnings.warn(</msg>
<msg time="2024-05-19T19:10:56.128949" level="INFO">${response} = &lt;Response [200]&gt;</msg>
<var>${response}</var>
<arg>consultarAPI</arg>
<arg>/api</arg>
<doc>Sends a GET request on a previously created HTTP Session.</doc>
<status status="PASS" start="2024-05-19T19:10:55.782223" elapsed="0.346767"/>
</kw>
<kw name="Set Variable" owner="BuiltIn">
<msg time="2024-05-19T19:10:56.129789" level="INFO">${json_data} = {'results': [{'gender': 'male', 'name': {'title': 'Mr', 'first': 'Josselino', 'last': 'Barbosa'}, 'location': {'street': {'number': 6777, 'name': 'Rua Paraná '}, 'city': 'Montes Claros', 'state': 'Mat...</msg>
<var>${json_data}</var>
<arg>${response.json()}</arg>
<doc>Returns the given values which can then be assigned to a variables.</doc>
<status status="PASS" start="2024-05-19T19:10:56.129336" elapsed="0.000482"/>
</kw>
<kw name="Log" owner="BuiltIn">
<msg time="2024-05-19T19:10:56.130274" level="INFO">{'results': [{'gender': 'male', 'name': {'title': 'Mr', 'first': 'Josselino', 'last': 'Barbosa'}, 'location': {'street': {'number': 6777, 'name': 'Rua Paraná '}, 'city': 'Montes Claros', 'state': 'Mato Grosso', 'country': 'Brazil', 'postcode': 60504, 'coordinates': {'latitude': '-76.1884', 'longitude': '-5.8615'}, 'timezone': {'offset': '+4:00', 'description': 'Abu Dhabi, Muscat, Baku, Tbilisi'}}, 'email': 'josselino.barbosa@example.com', 'login': {'uuid': '819a7968-e9e5-4b77-a8b6-670a5d618e40', 'username': 'silvergorilla489', 'password': 'lemmein', 'salt': '5K6wRCC6', 'md5': '001031fc9d6c4be14731a873dfe0f9ca', 'sha1': 'beea522b591a3452a677d98b0751244c2394d606', 'sha256': '83440cd7f18ff7bd53f7d6ffc886a7b8e7882c69d67d0bc8fb21e8d7728cef57'}, 'dob': {'date': '1970-09-30T04:23:08.003Z', 'age': 53}, 'registered': {'date': '2002-08-31T21:44:28.401Z', 'age': 21}, 'phone': '(38) 3059-2004', 'cell': '(94) 9046-0306', 'id': {'name': 'CPF', 'value': '329.381.952-98'}, 'picture': {'large': 'https://randomuser.me/api/portraits/men/63.jpg', 'medium': 'https://randomuser.me/api/portraits/med/men/63.jpg', 'thumbnail': 'https://randomuser.me/api/portraits/thumb/men/63.jpg'}, 'nat': 'BR'}], 'info': {'seed': '4722fe5f8f5b3743', 'results': 1, 'page': 1, 'version': '1.4'}}</msg>
<arg>${json_data}</arg>
<doc>Logs the given message with the given level.</doc>
<status status="PASS" start="2024-05-19T19:10:56.130121" elapsed="0.000232"/>
</kw>
<kw name="Should Be String" owner="String">
<arg>${json_data['results'][0]['gender']}</arg>
<doc>Fails if the given ``item`` is not a string.</doc>
<status status="PASS" start="2024-05-19T19:10:56.130651" elapsed="0.000406"/>
</kw>
<kw name="Should Match Regexp" owner="BuiltIn">
<arg>${json_data['results'][0]['email']}</arg>
<arg>^[a-zA-Z0-9._%+-]+@[a-zA-Z0-9.-]+\.[a-zA-Z]{2,}$</arg>
<doc>Fails if ``string`` does not match ``pattern`` as a regular expression.</doc>
<status status="PASS" start="2024-05-19T19:10:56.131248" elapsed="0.000514"/>
</kw>
<kw name="Should Match Regexp" owner="BuiltIn">
<arg>${json_data['results'][0]['dob']['date']}</arg>
<arg>\\d{4}-\\d{2}-\\d{2}T\\d{2}:\\d{2}:\\d{2}\\.\\d{3}Z</arg>
<doc>Fails if ``string`` does not match ``pattern`` as a regular expression.</doc>
<status status="PASS" start="2024-05-19T19:10:56.131955" elapsed="0.000481"/>
</kw>
<kw name="Should Match Regexp" owner="BuiltIn">
<arg>${json_data['results'][0]['registered']['date']}</arg>
<arg>\\d{4}-\\d{2}-\\d{2}T\\d{2}:\\d{2}:\\d{2}\\.\\d{3}Z</arg>
<doc>Fails if ``string`` does not match ``pattern`` as a regular expression.</doc>
<status status="PASS" start="2024-05-19T19:10:56.132626" elapsed="0.000363"/>
</kw>
<kw name="Should Match Regexp" owner="BuiltIn">
<arg>${json_data['results'][0]['picture']['large']}</arg>
<arg>^https?://.*\.(?:png|jpe?g|gif|bmp)$</arg>
<doc>Fails if ``string`` does not match ``pattern`` as a regular expression.</doc>
<status status="PASS" start="2024-05-19T19:10:56.133178" elapsed="0.000449"/>
</kw>
<kw name="Should Match Regexp" owner="BuiltIn">
<arg>${json_data['results'][0]['picture']['medium']}</arg>
<arg>^https?://.*\.(?:png|jpe?g|gif|bmp)$</arg>
<doc>Fails if ``string`` does not match ``pattern`` as a regular expression.</doc>
<status status="PASS" start="2024-05-19T19:10:56.133812" elapsed="0.000355"/>
</kw>
<kw name="Should Match Regexp" owner="BuiltIn">
<arg>${json_data['results'][0]['picture']['thumbnail']}</arg>
<arg>^https?://.*\.(?:png|jpe?g|gif|bmp)$</arg>
<doc>Fails if ``string`` does not match ``pattern`` as a regular expression.</doc>
<status status="PASS" start="2024-05-19T19:10:56.134353" elapsed="0.000358"/>
</kw>
<kw name="Log" owner="BuiltIn">
<msg time="2024-05-19T19:10:56.135246" level="INFO">{'large': 'https://randomuser.me/api/portraits/men/63.jpg', 'medium': 'https://randomuser.me/api/portraits/med/men/63.jpg', 'thumbnail': 'https://randomuser.me/api/portraits/thumb/men/63.jpg'}</msg>
<arg>${json_data['results'][0]['picture']}</arg>
<doc>Logs the given message with the given level.</doc>
<status status="PASS" start="2024-05-19T19:10:56.134925" elapsed="0.000362"/>
</kw>
<status status="PASS" start="2024-05-19T19:10:55.782002" elapsed="0.353549"/>
</kw>
<kw name="Teste de Tipos de Dados - Postcode" owner="random-user-service">
<kw name="GET On Session" owner="RequestsLibrary">
<msg time="2024-05-19T19:10:56.270638" level="INFO">GET Request : url=https://randomuser.me/api 
 path_url=/api 
 headers={'User-Agent': 'python-requests/2.31.0', 'Accept-Encoding': 'gzip, deflate', 'Accept': '*/*', 'Connection': 'keep-alive'} 
 body=None 
 </msg>
<msg time="2024-05-19T19:10:56.270721" level="INFO">GET Response : url=https://randomuser.me/api 
 status=200, reason=OK 
 headers={'Date': 'Sun, 19 May 2024 19:10:56 GMT', 'Content-Type': 'application/json; charset=utf-8', 'Transfer-Encoding': 'chunked', 'Connection': 'keep-alive', 'X-Powered-By': 'Express', 'Access-Control-Allow-Origin': '*', 'Cache-Control': 'no-cache', 'ETag': 'W/"4a3-2vsl/YKFahVjSKBueqwYjDrU4GA"', 'Vary': 'Accept-Encoding', 'Content-Encoding': 'gzip', 'CF-Cache-Status': 'DYNAMIC', 'Report-To': '{"endpoints":[{"url":"https:\\/\\/a.nel.cloudflare.com\\/report\\/v4?s=90IFJthZXm8IoN4p39N%2BLz5aDHJauHts3jEhjV6E4sbx30LV4AOChxmv%2BCh0sz3cWubzpa4V3ysj4keGmmyukbSJKfs%2FlhSQQIuIiXGfWmb0u4vsrXsMr%2FnZmpaeNJ%2BC"}],"group":"cf-nel","max_age":604800}', 'NEL': '{"success_fraction":0,"report_to":"cf-nel","max_age":604800}', 'Server': 'cloudflare', 'CF-RAY': '886663d0df871fda-IAD', 'alt-svc': 'h3=":443"; ma=86400'} 
 body={"results":[{"gender":"female","name":{"title":"Mrs","first":"Felicia","last":"Beck"},"location":{"street":{"number":8089,"name":"Edwards Rd"},"city":"Australian Capital Territory","state":"Queensland","country":"Australia","postcode":2505,"coordinates":{"latitude":"-86.5431","longitude":"14.5669"},"timezone":{"offset":"+5:30","description":"Bombay, Calcutta, Madras, New Delhi"}},"email":"felicia.beck@example.com","login":{"uuid":"507bc316-bb17-4712-b5bb-32b4e8ea949a","username":"sadduck239","password":"poochie","salt":"SfDDhlDu","md5":"f8dd96e146db5c56479eaa3ad8a0e6a9","sha1":"110db4efaafc6b33be8697092de3c00c7a92d4fc","sha256":"d5d400b552ef2ea37ee0b611307e9192b6d274e29665d3d57820305646f824dc"},"dob":{"date":"1983-12-07T02:46:33.353Z","age":40},"registered":{"date":"2007-09-03T18:08:54.420Z","age":16},"phone":"05-9662-6671","cell":"0485-468-466","id":{"name":"TFN","value":"822766028"},"picture":{"large":"https://randomuser.me/api/portraits/women/86.jpg","medium":"https://randomuser.me/api/portraits/med/women/86.jpg","thumbnail":"https://randomuser.me/api/portraits/thumb/women/86.jpg"},"nat":"AU"}],"info":{"seed":"89472f78278b25db","results":1,"page":1,"version":"1.4"}} 
 </msg>
<msg time="2024-05-19T19:10:56.270834" level="INFO">/opt/hostedtoolcache/Python/3.12.3/x64/lib/python3.12/site-packages/urllib3/connectionpool.py:1103: InsecureRequestWarning: Unverified HTTPS request is being made to host 'randomuser.me'. Adding certificate verification is strongly advised. See: https://urllib3.readthedocs.io/en/latest/advanced-usage.html#tls-warnings
  warnings.warn(</msg>
<msg time="2024-05-19T19:10:56.270976" level="INFO">${response} = &lt;Response [200]&gt;</msg>
<var>${response}</var>
<arg>consultarAPI</arg>
<arg>/api</arg>
<doc>Sends a GET request on a previously created HTTP Session.</doc>
<status status="PASS" start="2024-05-19T19:10:56.135982" elapsed="0.135051"/>
</kw>
<kw name="Set Variable" owner="BuiltIn">
<msg time="2024-05-19T19:10:56.271859" level="INFO">${json_data} = {'results': [{'gender': 'female', 'name': {'title': 'Mrs', 'first': 'Felicia', 'last': 'Beck'}, 'location': {'street': {'number': 8089, 'name': 'Edwards Rd'}, 'city': 'Australian Capital Territory', '...</msg>
<var>${json_data}</var>
<arg>${response.json()}</arg>
<doc>Returns the given values which can then be assigned to a variables.</doc>
<status status="PASS" start="2024-05-19T19:10:56.271422" elapsed="0.000465"/>
</kw>
<kw name="Log" owner="BuiltIn">
<msg time="2024-05-19T19:10:56.272343" level="INFO">{'results': [{'gender': 'female', 'name': {'title': 'Mrs', 'first': 'Felicia', 'last': 'Beck'}, 'location': {'street': {'number': 8089, 'name': 'Edwards Rd'}, 'city': 'Australian Capital Territory', 'state': 'Queensland', 'country': 'Australia', 'postcode': 2505, 'coordinates': {'latitude': '-86.5431', 'longitude': '14.5669'}, 'timezone': {'offset': '+5:30', 'description': 'Bombay, Calcutta, Madras, New Delhi'}}, 'email': 'felicia.beck@example.com', 'login': {'uuid': '507bc316-bb17-4712-b5bb-32b4e8ea949a', 'username': 'sadduck239', 'password': 'poochie', 'salt': 'SfDDhlDu', 'md5': 'f8dd96e146db5c56479eaa3ad8a0e6a9', 'sha1': '110db4efaafc6b33be8697092de3c00c7a92d4fc', 'sha256': 'd5d400b552ef2ea37ee0b611307e9192b6d274e29665d3d57820305646f824dc'}, 'dob': {'date': '1983-12-07T02:46:33.353Z', 'age': 40}, 'registered': {'date': '2007-09-03T18:08:54.420Z', 'age': 16}, 'phone': '05-9662-6671', 'cell': '0485-468-466', 'id': {'name': 'TFN', 'value': '822766028'}, 'picture': {'large': 'https://randomuser.me/api/portraits/women/86.jpg', 'medium': 'https://randomuser.me/api/portraits/med/women/86.jpg', 'thumbnail': 'https://randomuser.me/api/portraits/thumb/women/86.jpg'}, 'nat': 'AU'}], 'info': {'seed': '89472f78278b25db', 'results': 1, 'page': 1, 'version': '1.4'}}</msg>
<arg>${json_data}</arg>
<doc>Logs the given message with the given level.</doc>
<status status="PASS" start="2024-05-19T19:10:56.272192" elapsed="0.000227"/>
</kw>
<kw name="Should Be Equal As Numbers" owner="BuiltIn">
<arg>${json_data['results'][0]['location']['postcode']}</arg>
<arg>${json_data['results'][0]['location']['postcode']}</arg>
<doc>Fails if objects are unequal after converting them to real numbers.</doc>
<status status="PASS" start="2024-05-19T19:10:56.272841" elapsed="0.000605"/>
</kw>
<kw name="Log" owner="BuiltIn">
<msg time="2024-05-19T19:10:56.273966" level="INFO">2505</msg>
<arg>${json_data['results'][0]['location']['postcode']}</arg>
<doc>Logs the given message with the given level.</doc>
<status status="PASS" start="2024-05-19T19:10:56.273637" elapsed="0.000368"/>
</kw>
<status status="PASS" start="2024-05-19T19:10:56.135768" elapsed="0.138485"/>
</kw>
<doc>Testa se os tipos de dados na resposta da API estão corretos.</doc>
<tag>testeTiposDados</tag>
<status status="PASS" start="2024-05-19T19:10:55.781464" elapsed="0.492943"/>
</test>
<test id="s1-s1-t5" name="Validar conteudo" line="35">
<kw name="Teste de Tipos de Conteudo" owner="random-user-service">
<kw name="GET On Session" owner="RequestsLibrary">
<msg time="2024-05-19T19:10:56.436463" level="INFO">GET Request : url=https://randomuser.me/api 
 path_url=/api 
 headers={'User-Agent': 'python-requests/2.31.0', 'Accept-Encoding': 'gzip, deflate', 'Accept': '*/*', 'Connection': 'keep-alive'} 
 body=None 
 </msg>
<msg time="2024-05-19T19:10:56.436527" level="INFO">GET Response : url=https://randomuser.me/api 
 status=200, reason=OK 
 headers={'Date': 'Sun, 19 May 2024 19:10:56 GMT', 'Content-Type': 'application/json; charset=utf-8', 'Transfer-Encoding': 'chunked', 'Connection': 'keep-alive', 'X-Powered-By': 'Express', 'Access-Control-Allow-Origin': '*', 'Cache-Control': 'no-cache', 'ETag': 'W/"48f-aFOHgLebW+NtMnuJ4JbfvqrKNBE"', 'Vary': 'Accept-Encoding', 'Content-Encoding': 'gzip', 'CF-Cache-Status': 'DYNAMIC', 'Report-To': '{"endpoints":[{"url":"https:\\/\\/a.nel.cloudflare.com\\/report\\/v4?s=iCDBnyfCLVlWkE4SGgmdKNd%2BFjcmqoE%2F16caKZQnuw9IahpbEnVQBuCguNphNwS%2BIzuE1nQRWKFTBAvcUIJntIZfUOd3DeKHiD3uLrhy3kY69vF4M8cIQGkypg9T8kga"}],"group":"cf-nel","max_age":604800}', 'NEL': '{"success_fraction":0,"report_to":"cf-nel","max_age":604800}', 'Server': 'cloudflare', 'CF-RAY': '886663d1b89b1fda-IAD', 'alt-svc': 'h3=":443"; ma=86400'} 
 body={"results":[{"gender":"male","name":{"title":"Mr","first":"Milorad","last":"Spasić"},"location":{"street":{"number":9932,"name":"Porodice Josipović"},"city":"Jagodina","state":"Bor","country":"Serbia","postcode":41134,"coordinates":{"latitude":"61.4140","longitude":"-103.6144"},"timezone":{"offset":"+3:00","description":"Baghdad, Riyadh, Moscow, St. Petersburg"}},"email":"milorad.spasic@example.com","login":{"uuid":"7b8fa405-0e37-42f9-ba25-3bfb897166a1","username":"blackfrog290","password":"ninja","salt":"b4nCl7L0","md5":"4488818222111953f8368bc61c0b9218","sha1":"d2928507ba6f972bb15dc0a27961d9ef7317ebaf","sha256":"959f19dae7d5fb91ab44cdedeb0eb00468933311b6715221a2eb0c537ae06cc1"},"dob":{"date":"1986-02-03T19:02:45.863Z","age":38},"registered":{"date":"2021-11-16T20:14:36.538Z","age":2},"phone":"025-4034-602","cell":"060-6927-774","id":{"name":"SID","value":"642631811"},"picture":{"large":"https://randomuser.me/api/portraits/men/68.jpg","medium":"https://randomuser.me/api/portraits/med/men/68.jpg","thumbnail":"https://randomuser.me/api/portraits/thumb/men/68.jpg"},"nat":"RS"}],"info":{"seed":"ea7fa75a01b9db0c","results":1,"page":1,"version":"1.4"}} 
 </msg>
<msg time="2024-05-19T19:10:56.436592" level="INFO">/opt/hostedtoolcache/Python/3.12.3/x64/lib/python3.12/site-packages/urllib3/connectionpool.py:1103: InsecureRequestWarning: Unverified HTTPS request is being made to host 'randomuser.me'. Adding certificate verification is strongly advised. See: https://urllib3.readthedocs.io/en/latest/advanced-usage.html#tls-warnings
  warnings.warn(</msg>
<msg time="2024-05-19T19:10:56.436695" level="INFO">${response} = &lt;Response [200]&gt;</msg>
<var>${response}</var>
<arg>consultarAPI</arg>
<arg>/api</arg>
<doc>Sends a GET request on a previously created HTTP Session.</doc>
<status status="PASS" start="2024-05-19T19:10:56.276846" elapsed="0.159891"/>
</kw>
<kw name="Set Variable" owner="BuiltIn">
<msg time="2024-05-19T19:10:56.437576" level="INFO">${json_data} = {'results': [{'gender': 'male', 'name': {'title': 'Mr', 'first': 'Milorad', 'last': 'Spasić'}, 'location': {'street': {'number': 9932, 'name': 'Porodice Josipović'}, 'city': 'Jagodina', 'state': 'Bor'...</msg>
<var>${json_data}</var>
<arg>${response.json()}</arg>
<doc>Returns the given values which can then be assigned to a variables.</doc>
<status status="PASS" start="2024-05-19T19:10:56.437133" elapsed="0.000473"/>
</kw>
<kw name="Set Variable" owner="BuiltIn">
<msg time="2024-05-19T19:10:56.438285" level="INFO">${name_title} = Mr</msg>
<var>${name_title}</var>
<arg>${json_data["results"][0]["name"]["title"]}</arg>
<doc>Returns the given values which can then be assigned to a variables.</doc>
<status status="PASS" start="2024-05-19T19:10:56.437909" elapsed="0.000400"/>
</kw>
<kw name="Create List" owner="BuiltIn">
<msg time="2024-05-19T19:10:56.438752" level="INFO">${allowed_titles} = ['Mr', 'Ms', 'Miss', 'Mrs', 'Madame', 'Monsieur']</msg>
<var>${allowed_titles}</var>
<arg>Mr</arg>
<arg>Ms</arg>
<arg>Miss</arg>
<arg>Mrs</arg>
<arg>Madame</arg>
<arg>Monsieur</arg>
<doc>Returns a list containing given items.</doc>
<status status="PASS" start="2024-05-19T19:10:56.438605" elapsed="0.000170"/>
</kw>
<kw name="List Should Contain Value" owner="Collections">
<msg time="2024-05-19T19:10:56.439299" level="INFO">False</msg>
<arg>${allowed_titles}</arg>
<arg>${name_title}</arg>
<doc>Fails if the ``value`` is not found from ``list``.</doc>
<status status="PASS" start="2024-05-19T19:10:56.439128" elapsed="0.000208"/>
</kw>
<kw name="Set Variable" owner="BuiltIn">
<msg time="2024-05-19T19:10:56.440008" level="INFO">${name_country} = RS</msg>
<var>${name_country}</var>
<arg>${json_data["results"][0]["nat"]}</arg>
<doc>Returns the given values which can then be assigned to a variables.</doc>
<status status="PASS" start="2024-05-19T19:10:56.439628" elapsed="0.000406"/>
</kw>
<kw name="Create List" owner="BuiltIn">
<msg time="2024-05-19T19:10:56.440937" level="INFO">${list_country} = ['AD', 'AE', 'AF', 'AG', 'AI', 'AL', 'AM', 'AO', 'AQ', 'AR', 'AS', 'AT', 'AU', 'AW', 'AX', 'AZ', 'BA', 'BB', 'BD', 'BE', 'BF', 'BG', 'BH', 'BI', 'BJ', 'BL', 'BM', 'BN', 'BO', 'BQ', 'BR', 'BS', 'BT', '...</msg>
<var>${list_country}</var>
<arg>AD</arg>
<arg>AE</arg>
<arg>AF</arg>
<arg>AG</arg>
<arg>AI</arg>
<arg>AL</arg>
<arg>AM</arg>
<arg>AO</arg>
<arg>AQ</arg>
<arg>AR</arg>
<arg>AS</arg>
<arg>AT</arg>
<arg>AU</arg>
<arg>AW</arg>
<arg>AX</arg>
<arg>AZ</arg>
<arg>BA</arg>
<arg>BB</arg>
<arg>BD</arg>
<arg>BE</arg>
<arg>BF</arg>
<arg>BG</arg>
<arg>BH</arg>
<arg>BI</arg>
<arg>BJ</arg>
<arg>BL</arg>
<arg>BM</arg>
<arg>BN</arg>
<arg>BO</arg>
<arg>BQ</arg>
<arg>BR</arg>
<arg>BS</arg>
<arg>BT</arg>
<arg>BV</arg>
<arg>BW</arg>
<arg>BY</arg>
<arg>BZ</arg>
<arg>CA</arg>
<arg>CC</arg>
<arg>CD</arg>
<arg>CF</arg>
<arg>CG</arg>
<arg>CH</arg>
<arg>CI</arg>
<arg>CK</arg>
<arg>CL</arg>
<arg>CM</arg>
<arg>CN</arg>
<arg>CO</arg>
<arg>CR</arg>
<arg>CU</arg>
<arg>CV</arg>
<arg>CW</arg>
<arg>CX</arg>
<arg>CY</arg>
<arg>CZ</arg>
<arg>DE</arg>
<arg>DJ</arg>
<arg>DK</arg>
<arg>DM</arg>
<arg>DO</arg>
<arg>DZ</arg>
<arg>EC</arg>
<arg>EE</arg>
<arg>EG</arg>
<arg>EH</arg>
<arg>ER</arg>
<arg>ES</arg>
<arg>ET</arg>
<arg>FI</arg>
<arg>FJ</arg>
<arg>FK</arg>
<arg>FM</arg>
<arg>FO</arg>
<arg>FR</arg>
<arg>GA</arg>
<arg>GB</arg>
<arg>GD</arg>
<arg>GE</arg>
<arg>GF</arg>
<arg>GG</arg>
<arg>GH</arg>
<arg>GI</arg>
<arg>GL</arg>
<arg>GM</arg>
<arg>GN</arg>
<arg>GP</arg>
<arg>GQ</arg>
<arg>GR</arg>
<arg>GS</arg>
<arg>GT</arg>
<arg>GU</arg>
<arg>GW</arg>
<arg>GY</arg>
<arg>HK</arg>
<arg>HM</arg>
<arg>HN</arg>
<arg>HR</arg>
<arg>HT</arg>
<arg>HU</arg>
<arg>ID</arg>
<arg>IE</arg>
<arg>IL</arg>
<arg>IM</arg>
<arg>IN</arg>
<arg>IO</arg>
<arg>IQ</arg>
<arg>IR</arg>
<arg>IS</arg>
<arg>IT</arg>
<arg>JE</arg>
<arg>JM</arg>
<arg>JO</arg>
<arg>JP</arg>
<arg>KE</arg>
<arg>KG</arg>
<arg>KH</arg>
<arg>KI</arg>
<arg>KM</arg>
<arg>KN</arg>
<arg>KP</arg>
<arg>KR</arg>
<arg>KW</arg>
<arg>KY</arg>
<arg>KZ</arg>
<arg>LA</arg>
<arg>LB</arg>
<arg>LC</arg>
<arg>LI</arg>
<arg>LK</arg>
<arg>LR</arg>
<arg>LS</arg>
<arg>LT</arg>
<arg>LU</arg>
<arg>LV</arg>
<arg>LY</arg>
<arg>MA</arg>
<arg>MC</arg>
<arg>MD</arg>
<arg>ME</arg>
<arg>MF</arg>
<arg>MG</arg>
<arg>MH</arg>
<arg>MK</arg>
<arg>ML</arg>
<arg>MM</arg>
<arg>MN</arg>
<arg>MO</arg>
<arg>MP</arg>
<arg>MQ</arg>
<arg>MR</arg>
<arg>MS</arg>
<arg>MT</arg>
<arg>MU</arg>
<arg>MV</arg>
<arg>MW</arg>
<arg>MX</arg>
<arg>MY</arg>
<arg>MZ</arg>
<arg>NA</arg>
<arg>NC</arg>
<arg>NE</arg>
<arg>NF</arg>
<arg>NG</arg>
<arg>NI</arg>
<arg>NL</arg>
<arg>NO</arg>
<arg>NP</arg>
<arg>NR</arg>
<arg>NU</arg>
<arg>NZ</arg>
<arg>OM</arg>
<arg>PA</arg>
<arg>PE</arg>
<arg>PF</arg>
<arg>PG</arg>
<arg>PH</arg>
<arg>PK</arg>
<arg>PL</arg>
<arg>PM</arg>
<arg>PN</arg>
<arg>PR</arg>
<arg>PS</arg>
<arg>PT</arg>
<arg>PW</arg>
<arg>PY</arg>
<arg>QA</arg>
<arg>RE</arg>
<arg>RO</arg>
<arg>RS</arg>
<arg>RU</arg>
<arg>RW</arg>
<arg>SA</arg>
<arg>SB</arg>
<arg>SC</arg>
<arg>SD</arg>
<arg>SE</arg>
<arg>SG</arg>
<arg>SH</arg>
<arg>SI</arg>
<arg>SJ</arg>
<arg>SK</arg>
<arg>SL</arg>
<arg>SM</arg>
<arg>SN</arg>
<arg>SO</arg>
<arg>SR</arg>
<arg>SS</arg>
<arg>ST</arg>
<arg>SV</arg>
<arg>SX</arg>
<arg>SY</arg>
<arg>SZ</arg>
<arg>TC</arg>
<arg>TD</arg>
<arg>TF</arg>
<arg>TG</arg>
<arg>TH</arg>
<arg>TJ</arg>
<arg>TK</arg>
<arg>TL</arg>
<arg>TM</arg>
<arg>TN</arg>
<arg>TO</arg>
<arg>TR</arg>
<arg>TT</arg>
<arg>TV</arg>
<arg>TW</arg>
<arg>TZ</arg>
<arg>UA</arg>
<arg>UG</arg>
<arg>UM</arg>
<arg>US</arg>
<arg>UY</arg>
<arg>UZ</arg>
<arg>VA</arg>
<arg>VC</arg>
<arg>VE</arg>
<arg>VG</arg>
<arg>VI</arg>
<arg>VN</arg>
<arg>VU</arg>
<arg>WF</arg>
<arg>WS</arg>
<arg>XK</arg>
<arg>YE</arg>
<arg>YT</arg>
<arg>ZA</arg>
<arg>ZM</arg>
<arg>ZW</arg>
<doc>Returns a list containing given items.</doc>
<status status="PASS" start="2024-05-19T19:10:56.440339" elapsed="0.000624"/>
</kw>
<kw name="List Should Contain Value" owner="Collections">
<msg time="2024-05-19T19:10:56.441948" level="INFO">False</msg>
<arg>${list_country}</arg>
<arg>${name_country}</arg>
<doc>Fails if the ``value`` is not found from ``list``.</doc>
<status status="PASS" start="2024-05-19T19:10:56.441744" elapsed="0.000240"/>
</kw>
<kw name="Run Keyword If" owner="BuiltIn">
<kw name="Should Be True" owner="BuiltIn">
<arg>${True}</arg>
<doc>Fails if the given condition is not true.</doc>
<status status="PASS" start="2024-05-19T19:10:56.443079" elapsed="0.000243"/>
</kw>
<arg>${json_data["results"][0]["location"]["coordinates"]["latitude"]} &gt;= -90 and ${json_data["results"][0]["location"]["coordinates"]["latitude"]} &lt;= 90</arg>
<arg>Should Be True</arg>
<arg>${True}</arg>
<doc>Runs the given keyword with the given arguments, if ``condition`` is true.</doc>
<status status="PASS" start="2024-05-19T19:10:56.442298" elapsed="0.001156"/>
</kw>
<kw name="Run Keyword If" owner="BuiltIn">
<kw name="Should Be True" owner="BuiltIn">
<arg>${True}</arg>
<doc>Fails if the given condition is not true.</doc>
<status status="PASS" start="2024-05-19T19:10:56.444350" elapsed="0.000138"/>
</kw>
<arg>${json_data["results"][0]["location"]["coordinates"]["longitude"]} &gt;= -180 and ${json_data["results"][0]["location"]["coordinates"]["longitude"]} &lt;= 180</arg>
<arg>Should Be True</arg>
<arg>${True}</arg>
<doc>Runs the given keyword with the given arguments, if ``condition`` is true.</doc>
<status status="PASS" start="2024-05-19T19:10:56.443641" elapsed="0.000971"/>
</kw>
<status status="PASS" start="2024-05-19T19:10:56.276627" elapsed="0.168113"/>
</kw>
<doc>Testa o conteúdo específico dos campos retornados pela API.</doc>
<tag>testeConteudo</tag>
<status status="PASS" start="2024-05-19T19:10:56.276137" elapsed="0.168745"/>
</test>
<status status="PASS" start="2024-05-19T19:10:54.214949" elapsed="2.231765"/>
</suite>
<status status="PASS" start="2024-05-19T19:10:54.201672" elapsed="2.250116"/>
</suite>
<statistics>
<total>
<stat pass="5" fail="0" skip="0">All Tests</stat>
</total>
<tag>
<stat pass="1" fail="0" skip="0">testeConteudo</stat>
<stat pass="1" fail="0" skip="0">testeEstruturaResposta</stat>
<stat pass="1" fail="0" skip="0">testeRequisicaoBasica</stat>
<stat pass="1" fail="0" skip="0">testeTiposDados</stat>
</tag>
<suite>
<stat pass="5" fail="0" skip="0" id="s1" name="Tests">Tests</stat>
<stat pass="5" fail="0" skip="0" id="s1-s1" name="Random-User-Test">Tests.Random-User-Test</stat>
</suite>
</statistics>
<errors>
</errors>
</robot>
