<?xml version="1.0" encoding="UTF-8"?>
<robot generator="Robot 7.0 (Python 3.12.3 on linux)" generated="2024-04-21T09:15:00.036147" rpa="false" schemaversion="5">
<suite id="s1" name="Tests" source="/home/runner/work/DesafioQAItauRogerioJordao/DesafioQAItauRogerioJordao/RamdonUser/tests">
<suite id="s1-s1" name="Random-User-Test" source="/home/runner/work/DesafioQAItauRogerioJordao/DesafioQAItauRogerioJordao/RamdonUser/tests/random-user-test.robot">
<test id="s1-s1-t1" name="Conectar" line="13">
<kw name="Conectar API" owner="random-user-service">
<kw name="Create Session" owner="RequestsLibrary">
<msg time="2024-04-21T09:15:00.402108" level="INFO">Creating Session using : alias=consultarAPI, url=https://randomuser.me/, headers={},                     cookies={}, auth=None, timeout=None, proxies=None, verify=False,                     debug=0 </msg>
<arg>consultarAPI</arg>
<arg>${URL}</arg>
<doc>Create Session: create a HTTP session to a server</doc>
<status status="PASS" start="2024-04-21T09:15:00.401913" elapsed="0.000390"/>
</kw>
<status status="PASS" start="2024-04-21T09:15:00.400981" elapsed="0.001671"/>
</kw>
<status status="PASS" start="2024-04-21T09:15:00.400391" elapsed="0.002453"/>
</test>
<test id="s1-s1-t2" name="Validar retorno 200 e JSON Válido" line="16">
<kw name="Teste de Requisicao Basica" owner="random-user-service">
<kw name="GET On Session" owner="RequestsLibrary">
<msg time="2024-04-21T09:15:00.643702" level="INFO">GET Request : url=https://randomuser.me/api 
 path_url=/api 
 headers={'User-Agent': 'python-requests/2.31.0', 'Accept-Encoding': 'gzip, deflate', 'Accept': '*/*', 'Connection': 'keep-alive'} 
 body=None 
 </msg>
<msg time="2024-04-21T09:15:00.643842" level="INFO">GET Response : url=https://randomuser.me/api 
 status=200, reason=OK 
 headers={'Date': 'Sun, 21 Apr 2024 09:15:00 GMT', 'Content-Type': 'application/json; charset=utf-8', 'Transfer-Encoding': 'chunked', 'Connection': 'keep-alive', 'X-Powered-By': 'Express', 'Access-Control-Allow-Origin': '*', 'Cache-Control': 'no-cache', 'ETag': 'W/"49b-z6EzCshcCmqHqhNvFrQnA1ziUpY"', 'Vary': 'Accept-Encoding', 'Content-Encoding': 'gzip', 'CF-Cache-Status': 'DYNAMIC', 'Report-To': '{"endpoints":[{"url":"https:\\/\\/a.nel.cloudflare.com\\/report\\/v4?s=oEOWVo6pc9X0iERt9Nz2YFV2Ekehi9dU8494h9pXDJbQoYViklW4x4FXuaxDQ7Vj1DW9gi9Rafc8M37ilS4%2FubjFefuxInMwGAbZ0CtKBZNspXVyxtS1RrvQofi%2FLrfM"}],"group":"cf-nel","max_age":604800}', 'NEL': '{"success_fraction":0,"report_to":"cf-nel","max_age":604800}', 'Server': 'cloudflare', 'CF-RAY': '877c44606e6d82a4-IAD', 'alt-svc': 'h3=":443"; ma=86400'} 
 body={"results":[{"gender":"female","name":{"title":"Ms","first":"Vojislava","last":"Rodić"},"location":{"street":{"number":3668,"name":"Kosmetska"},"city":"Ada","state":"Kosovska Mitrovica","country":"Serbia","postcode":66342,"coordinates":{"latitude":"56.4045","longitude":"148.7066"},"timezone":{"offset":"-6:00","description":"Central Time (US &amp; Canada), Mexico City"}},"email":"vojislava.rodic@example.com","login":{"uuid":"faa35604-ac13-4759-b33f-236a7334e0a7","username":"yellowdog324","password":"caliente","salt":"YgnCwLnm","md5":"81019683152132cdf6ea2b8a5750d11f","sha1":"883d7ea8e6eefe3660d8b768afa9a6b0a33e369e","sha256":"86f066f6dcf5b39359bf1d53d9d94485ff6919eae5a8410490be80c611880d4a"},"dob":{"date":"1969-02-20T14:40:35.105Z","age":55},"registered":{"date":"2015-08-25T01:19:39.990Z","age":8},"phone":"012-3906-428","cell":"060-0656-568","id":{"name":"SID","value":"599435495"},"picture":{"large":"https://randomuser.me/api/portraits/women/44.jpg","medium":"https://randomuser.me/api/portraits/med/women/44.jpg","thumbnail":"https://randomuser.me/api/portraits/thumb/women/44.jpg"},"nat":"RS"}],"info":{"seed":"f6b594483c6684f4","results":1,"page":1,"version":"1.4"}} 
 </msg>
<msg time="2024-04-21T09:15:00.643939" level="INFO">/opt/hostedtoolcache/Python/3.12.3/x64/lib/python3.12/site-packages/urllib3/connectionpool.py:1103: InsecureRequestWarning: Unverified HTTPS request is being made to host 'randomuser.me'. Adding certificate verification is strongly advised. See: https://urllib3.readthedocs.io/en/latest/advanced-usage.html#tls-warnings
  warnings.warn(</msg>
<msg time="2024-04-21T09:15:00.644094" level="INFO">${response} = &lt;Response [200]&gt;</msg>
<var>${response}</var>
<arg>consultarAPI</arg>
<arg>/api</arg>
<doc>Sends a GET request on a previously created HTTP Session.</doc>
<status status="PASS" start="2024-04-21T09:15:00.405492" elapsed="0.238659"/>
</kw>
<kw name="Should Be Equal As Numbers" owner="BuiltIn">
<msg time="2024-04-21T09:15:00.645170" level="INFO">Argument types are:
&lt;class 'int'&gt;
&lt;class 'str'&gt;</msg>
<arg>${response.status_code}</arg>
<arg>200</arg>
<doc>Fails if objects are unequal after converting them to real numbers.</doc>
<status status="PASS" start="2024-04-21T09:15:00.644690" elapsed="0.000544"/>
</kw>
<kw name="Log" owner="BuiltIn">
<msg time="2024-04-21T09:15:00.645918" level="INFO">200</msg>
<arg>${response.status_code}</arg>
<doc>Logs the given message with the given level.</doc>
<status status="PASS" start="2024-04-21T09:15:00.645564" elapsed="0.000396"/>
</kw>
<kw name="Set Variable" owner="BuiltIn">
<msg time="2024-04-21T09:15:00.646759" level="INFO">${json_data} = {'results': [{'gender': 'female', 'name': {'title': 'Ms', 'first': 'Vojislava', 'last': 'Rodić'}, 'location': {'street': {'number': 3668, 'name': 'Kosmetska'}, 'city': 'Ada', 'state': 'Kosovska Mitrov...</msg>
<var>${json_data}</var>
<arg>${response.json()}</arg>
<doc>Returns the given values which can then be assigned to a variables.</doc>
<status status="PASS" start="2024-04-21T09:15:00.646303" elapsed="0.000486"/>
</kw>
<kw name="Dictionary Should Contain Key" owner="Collections">
<msg time="2024-04-21T09:15:00.647263" level="INFO">False</msg>
<arg>${json_data}</arg>
<arg>results</arg>
<doc>Fails if ``key`` is not found from ``dictionary``.</doc>
<status status="PASS" start="2024-04-21T09:15:00.647095" elapsed="0.000209"/>
</kw>
<status status="PASS" start="2024-04-21T09:15:00.405249" elapsed="0.242310"/>
</kw>
<doc>Testa se a API responde corretamente e retorna um objeto JSON válido.</doc>
<tag>testeRequisicaoBasica</tag>
<status status="PASS" start="2024-04-21T09:15:00.404725" elapsed="0.243007"/>
</test>
<test id="s1-s1-t3" name="Validar estrutura de resposta" line="22">
<kw name="Teste de Estrutura de Resposta" owner="random-user-service">
<kw name="GET On Session" owner="RequestsLibrary">
<msg time="2024-04-21T09:15:00.766174" level="INFO">GET Request : url=https://randomuser.me/api 
 path_url=/api 
 headers={'User-Agent': 'python-requests/2.31.0', 'Accept-Encoding': 'gzip, deflate', 'Accept': '*/*', 'Connection': 'keep-alive'} 
 body=None 
 </msg>
<msg time="2024-04-21T09:15:00.766281" level="INFO">GET Response : url=https://randomuser.me/api 
 status=200, reason=OK 
 headers={'Date': 'Sun, 21 Apr 2024 09:15:00 GMT', 'Content-Type': 'application/json; charset=utf-8', 'Transfer-Encoding': 'chunked', 'Connection': 'keep-alive', 'X-Powered-By': 'Express', 'Access-Control-Allow-Origin': '*', 'Cache-Control': 'no-cache', 'ETag': 'W/"4ae-aRYFAnSQIu+yS5keGP84T5WDs7M"', 'Vary': 'Accept-Encoding', 'Content-Encoding': 'gzip', 'CF-Cache-Status': 'DYNAMIC', 'Report-To': '{"endpoints":[{"url":"https:\\/\\/a.nel.cloudflare.com\\/report\\/v4?s=BqgECA2KvjVYD2O2X5Y%2BnMTk2%2B4VPwGGKZtEvKHMLAHzXFpP%2FmSOu1Z5BA15tBYb1cjgI72116JWuuIe5Jz%2BM3xoX8JO8dh1%2F8%2B2Cs3Sk8T9iBpaeLZa2lPk%2BG1HzZNt"}],"group":"cf-nel","max_age":604800}', 'NEL': '{"success_fraction":0,"report_to":"cf-nel","max_age":604800}', 'Server': 'cloudflare', 'CF-RAY': '877c44611ef882a4-IAD', 'alt-svc': 'h3=":443"; ma=86400'} 
 body={"results":[{"gender":"male","name":{"title":"Mr","first":"Gerald","last":"Hoffman"},"location":{"street":{"number":9927,"name":"High Street"},"city":"Plymouth","state":"Greater Manchester","country":"United Kingdom","postcode":"UB13 9PU","coordinates":{"latitude":"-10.6745","longitude":"-6.3296"},"timezone":{"offset":"+11:00","description":"Magadan, Solomon Islands, New Caledonia"}},"email":"gerald.hoffman@example.com","login":{"uuid":"56ff4a65-309f-47d3-9341-5d3c6c1de4ae","username":"crazycat399","password":"classics","salt":"ncM8D2lZ","md5":"c6fb8fbaca067c6a6a94a73db91cda7a","sha1":"947bb2959bbad826fc9c24dfdfb6ecbd281b2fb9","sha256":"faad20df9a8d35f28b86c660d8f399cedf49ab00669fbade876591d157093f87"},"dob":{"date":"1992-04-01T12:20:44.240Z","age":32},"registered":{"date":"2006-01-26T14:36:49.487Z","age":18},"phone":"0119859 090 2042","cell":"07886 893504","id":{"name":"NINO","value":"LP 27 29 89 X"},"picture":{"large":"https://randomuser.me/api/portraits/men/75.jpg","medium":"https://randomuser.me/api/portraits/med/men/75.jpg","thumbnail":"https://randomuser.me/api/portraits/thumb/men/75.jpg"},"nat":"GB"}],"info":{"seed":"3572c21dcd632eac","results":1,"page":1,"version":"1.4"}} 
 </msg>
<msg time="2024-04-21T09:15:00.766379" level="INFO">/opt/hostedtoolcache/Python/3.12.3/x64/lib/python3.12/site-packages/urllib3/connectionpool.py:1103: InsecureRequestWarning: Unverified HTTPS request is being made to host 'randomuser.me'. Adding certificate verification is strongly advised. See: https://urllib3.readthedocs.io/en/latest/advanced-usage.html#tls-warnings
  warnings.warn(</msg>
<msg time="2024-04-21T09:15:00.766473" level="INFO">${response} = &lt;Response [200]&gt;</msg>
<var>${response}</var>
<arg>consultarAPI</arg>
<arg>/api</arg>
<doc>Sends a GET request on a previously created HTTP Session.</doc>
<status status="PASS" start="2024-04-21T09:15:00.650397" elapsed="0.116117"/>
</kw>
<kw name="Set Variable" owner="BuiltIn">
<msg time="2024-04-21T09:15:00.767539" level="INFO">${json_data} = {'results': [{'gender': 'male', 'name': {'title': 'Mr', 'first': 'Gerald', 'last': 'Hoffman'}, 'location': {'street': {'number': 9927, 'name': 'High Street'}, 'city': 'Plymouth', 'state': 'Greater Man...</msg>
<var>${json_data}</var>
<arg>${response.json()}</arg>
<doc>Returns the given values which can then be assigned to a variables.</doc>
<status status="PASS" start="2024-04-21T09:15:00.766961" elapsed="0.000607"/>
</kw>
<kw name="Log" owner="BuiltIn">
<msg time="2024-04-21T09:15:00.768024" level="INFO">{'results': [{'gender': 'male', 'name': {'title': 'Mr', 'first': 'Gerald', 'last': 'Hoffman'}, 'location': {'street': {'number': 9927, 'name': 'High Street'}, 'city': 'Plymouth', 'state': 'Greater Manchester', 'country': 'United Kingdom', 'postcode': 'UB13 9PU', 'coordinates': {'latitude': '-10.6745', 'longitude': '-6.3296'}, 'timezone': {'offset': '+11:00', 'description': 'Magadan, Solomon Islands, New Caledonia'}}, 'email': 'gerald.hoffman@example.com', 'login': {'uuid': '56ff4a65-309f-47d3-9341-5d3c6c1de4ae', 'username': 'crazycat399', 'password': 'classics', 'salt': 'ncM8D2lZ', 'md5': 'c6fb8fbaca067c6a6a94a73db91cda7a', 'sha1': '947bb2959bbad826fc9c24dfdfb6ecbd281b2fb9', 'sha256': 'faad20df9a8d35f28b86c660d8f399cedf49ab00669fbade876591d157093f87'}, 'dob': {'date': '1992-04-01T12:20:44.240Z', 'age': 32}, 'registered': {'date': '2006-01-26T14:36:49.487Z', 'age': 18}, 'phone': '0119859 090 2042', 'cell': '07886 893504', 'id': {'name': 'NINO', 'value': 'LP 27 29 89 X'}, 'picture': {'large': 'https://randomuser.me/api/portraits/men/75.jpg', 'medium': 'https://randomuser.me/api/portraits/med/men/75.jpg', 'thumbnail': 'https://randomuser.me/api/portraits/thumb/men/75.jpg'}, 'nat': 'GB'}], 'info': {'seed': '3572c21dcd632eac', 'results': 1, 'page': 1, 'version': '1.4'}}</msg>
<arg>${json_data}</arg>
<doc>Logs the given message with the given level.</doc>
<status status="PASS" start="2024-04-21T09:15:00.767872" elapsed="0.000199"/>
</kw>
<kw name="Dictionary Should Contain Key" owner="Collections">
<msg time="2024-04-21T09:15:00.768508" level="INFO">False</msg>
<arg>${json_data}</arg>
<arg>results</arg>
<doc>Fails if ``key`` is not found from ``dictionary``.</doc>
<status status="PASS" start="2024-04-21T09:15:00.768357" elapsed="0.000187"/>
</kw>
<kw name="Should Not Be Empty" owner="BuiltIn">
<msg time="2024-04-21T09:15:00.768962" level="INFO">Length is 2.</msg>
<arg>${json_data}</arg>
<doc>Verifies that the given item is not empty.</doc>
<status status="PASS" start="2024-04-21T09:15:00.768829" elapsed="0.000294"/>
</kw>
<kw name="Create List" owner="BuiltIn">
<msg time="2024-04-21T09:15:00.769563" level="INFO">${expected_keys} = ['gender', 'name', 'location', 'email', 'login']</msg>
<var>${expected_keys}</var>
<arg>gender</arg>
<arg>name</arg>
<arg>location</arg>
<arg>email</arg>
<arg>login</arg>
<doc>Returns a list containing given items.</doc>
<status status="PASS" start="2024-04-21T09:15:00.769411" elapsed="0.000177"/>
</kw>
<for flavor="IN">
<iter>
<kw name="Dictionary Should Contain Key" owner="Collections">
<msg time="2024-04-21T09:15:00.770566" level="INFO">False</msg>
<arg>${json_data['results'][0]}</arg>
<arg>${key}</arg>
<doc>Fails if ``key`` is not found from ``dictionary``.</doc>
<status status="PASS" start="2024-04-21T09:15:00.770138" elapsed="0.000465"/>
</kw>
<kw name="Log" owner="BuiltIn">
<msg time="2024-04-21T09:15:00.771260" level="INFO">{'gender': 'male', 'name': {'title': 'Mr', 'first': 'Gerald', 'last': 'Hoffman'}, 'location': {'street': {'number': 9927, 'name': 'High Street'}, 'city': 'Plymouth', 'state': 'Greater Manchester', 'country': 'United Kingdom', 'postcode': 'UB13 9PU', 'coordinates': {'latitude': '-10.6745', 'longitude': '-6.3296'}, 'timezone': {'offset': '+11:00', 'description': 'Magadan, Solomon Islands, New Caledonia'}}, 'email': 'gerald.hoffman@example.com', 'login': {'uuid': '56ff4a65-309f-47d3-9341-5d3c6c1de4ae', 'username': 'crazycat399', 'password': 'classics', 'salt': 'ncM8D2lZ', 'md5': 'c6fb8fbaca067c6a6a94a73db91cda7a', 'sha1': '947bb2959bbad826fc9c24dfdfb6ecbd281b2fb9', 'sha256': 'faad20df9a8d35f28b86c660d8f399cedf49ab00669fbade876591d157093f87'}, 'dob': {'date': '1992-04-01T12:20:44.240Z', 'age': 32}, 'registered': {'date': '2006-01-26T14:36:49.487Z', 'age': 18}, 'phone': '0119859 090 2042', 'cell': '07886 893504', 'id': {'name': 'NINO', 'value': 'LP 27 29 89 X'}, 'picture': {'large': 'https://randomuser.me/api/portraits/men/75.jpg', 'medium': 'https://randomuser.me/api/portraits/med/men/75.jpg', 'thumbnail': 'https://randomuser.me/api/portraits/thumb/men/75.jpg'}, 'nat': 'GB'}</msg>
<arg>${json_data['results'][0]}</arg>
<doc>Logs the given message with the given level.</doc>
<status status="PASS" start="2024-04-21T09:15:00.770900" elapsed="0.000408"/>
</kw>
<kw name="Log" owner="BuiltIn">
<msg time="2024-04-21T09:15:00.771724" level="INFO">gender</msg>
<arg>${key}</arg>
<doc>Logs the given message with the given level.</doc>
<status status="PASS" start="2024-04-21T09:15:00.771598" elapsed="0.000162"/>
</kw>
<var name="${key}">gender</var>
<status status="PASS" start="2024-04-21T09:15:00.770015" elapsed="0.001964"/>
</iter>
<iter>
<kw name="Dictionary Should Contain Key" owner="Collections">
<msg time="2024-04-21T09:15:00.772663" level="INFO">False</msg>
<arg>${json_data['results'][0]}</arg>
<arg>${key}</arg>
<doc>Fails if ``key`` is not found from ``dictionary``.</doc>
<status status="PASS" start="2024-04-21T09:15:00.772276" elapsed="0.000455"/>
</kw>
<kw name="Log" owner="BuiltIn">
<msg time="2024-04-21T09:15:00.773381" level="INFO">{'gender': 'male', 'name': {'title': 'Mr', 'first': 'Gerald', 'last': 'Hoffman'}, 'location': {'street': {'number': 9927, 'name': 'High Street'}, 'city': 'Plymouth', 'state': 'Greater Manchester', 'country': 'United Kingdom', 'postcode': 'UB13 9PU', 'coordinates': {'latitude': '-10.6745', 'longitude': '-6.3296'}, 'timezone': {'offset': '+11:00', 'description': 'Magadan, Solomon Islands, New Caledonia'}}, 'email': 'gerald.hoffman@example.com', 'login': {'uuid': '56ff4a65-309f-47d3-9341-5d3c6c1de4ae', 'username': 'crazycat399', 'password': 'classics', 'salt': 'ncM8D2lZ', 'md5': 'c6fb8fbaca067c6a6a94a73db91cda7a', 'sha1': '947bb2959bbad826fc9c24dfdfb6ecbd281b2fb9', 'sha256': 'faad20df9a8d35f28b86c660d8f399cedf49ab00669fbade876591d157093f87'}, 'dob': {'date': '1992-04-01T12:20:44.240Z', 'age': 32}, 'registered': {'date': '2006-01-26T14:36:49.487Z', 'age': 18}, 'phone': '0119859 090 2042', 'cell': '07886 893504', 'id': {'name': 'NINO', 'value': 'LP 27 29 89 X'}, 'picture': {'large': 'https://randomuser.me/api/portraits/men/75.jpg', 'medium': 'https://randomuser.me/api/portraits/med/men/75.jpg', 'thumbnail': 'https://randomuser.me/api/portraits/thumb/men/75.jpg'}, 'nat': 'GB'}</msg>
<arg>${json_data['results'][0]}</arg>
<doc>Logs the given message with the given level.</doc>
<status status="PASS" start="2024-04-21T09:15:00.773025" elapsed="0.000404"/>
</kw>
<kw name="Log" owner="BuiltIn">
<msg time="2024-04-21T09:15:00.773844" level="INFO">name</msg>
<arg>${key}</arg>
<doc>Logs the given message with the given level.</doc>
<status status="PASS" start="2024-04-21T09:15:00.773719" elapsed="0.000162"/>
</kw>
<var name="${key}">name</var>
<status status="PASS" start="2024-04-21T09:15:00.772160" elapsed="0.001930"/>
</iter>
<iter>
<kw name="Dictionary Should Contain Key" owner="Collections">
<msg time="2024-04-21T09:15:00.774790" level="INFO">False</msg>
<arg>${json_data['results'][0]}</arg>
<arg>${key}</arg>
<doc>Fails if ``key`` is not found from ``dictionary``.</doc>
<status status="PASS" start="2024-04-21T09:15:00.774407" elapsed="0.000419"/>
</kw>
<kw name="Log" owner="BuiltIn">
<msg time="2024-04-21T09:15:00.775478" level="INFO">{'gender': 'male', 'name': {'title': 'Mr', 'first': 'Gerald', 'last': 'Hoffman'}, 'location': {'street': {'number': 9927, 'name': 'High Street'}, 'city': 'Plymouth', 'state': 'Greater Manchester', 'country': 'United Kingdom', 'postcode': 'UB13 9PU', 'coordinates': {'latitude': '-10.6745', 'longitude': '-6.3296'}, 'timezone': {'offset': '+11:00', 'description': 'Magadan, Solomon Islands, New Caledonia'}}, 'email': 'gerald.hoffman@example.com', 'login': {'uuid': '56ff4a65-309f-47d3-9341-5d3c6c1de4ae', 'username': 'crazycat399', 'password': 'classics', 'salt': 'ncM8D2lZ', 'md5': 'c6fb8fbaca067c6a6a94a73db91cda7a', 'sha1': '947bb2959bbad826fc9c24dfdfb6ecbd281b2fb9', 'sha256': 'faad20df9a8d35f28b86c660d8f399cedf49ab00669fbade876591d157093f87'}, 'dob': {'date': '1992-04-01T12:20:44.240Z', 'age': 32}, 'registered': {'date': '2006-01-26T14:36:49.487Z', 'age': 18}, 'phone': '0119859 090 2042', 'cell': '07886 893504', 'id': {'name': 'NINO', 'value': 'LP 27 29 89 X'}, 'picture': {'large': 'https://randomuser.me/api/portraits/men/75.jpg', 'medium': 'https://randomuser.me/api/portraits/med/men/75.jpg', 'thumbnail': 'https://randomuser.me/api/portraits/thumb/men/75.jpg'}, 'nat': 'GB'}</msg>
<arg>${json_data['results'][0]}</arg>
<doc>Logs the given message with the given level.</doc>
<status status="PASS" start="2024-04-21T09:15:00.775125" elapsed="0.000400"/>
</kw>
<kw name="Log" owner="BuiltIn">
<msg time="2024-04-21T09:15:00.775940" level="INFO">location</msg>
<arg>${key}</arg>
<doc>Logs the given message with the given level.</doc>
<status status="PASS" start="2024-04-21T09:15:00.775817" elapsed="0.000160"/>
</kw>
<var name="${key}">location</var>
<status status="PASS" start="2024-04-21T09:15:00.774293" elapsed="0.001894"/>
</iter>
<iter>
<kw name="Dictionary Should Contain Key" owner="Collections">
<msg time="2024-04-21T09:15:00.776844" level="INFO">False</msg>
<arg>${json_data['results'][0]}</arg>
<arg>${key}</arg>
<doc>Fails if ``key`` is not found from ``dictionary``.</doc>
<status status="PASS" start="2024-04-21T09:15:00.776466" elapsed="0.000414"/>
</kw>
<kw name="Log" owner="BuiltIn">
<msg time="2024-04-21T09:15:00.777529" level="INFO">{'gender': 'male', 'name': {'title': 'Mr', 'first': 'Gerald', 'last': 'Hoffman'}, 'location': {'street': {'number': 9927, 'name': 'High Street'}, 'city': 'Plymouth', 'state': 'Greater Manchester', 'country': 'United Kingdom', 'postcode': 'UB13 9PU', 'coordinates': {'latitude': '-10.6745', 'longitude': '-6.3296'}, 'timezone': {'offset': '+11:00', 'description': 'Magadan, Solomon Islands, New Caledonia'}}, 'email': 'gerald.hoffman@example.com', 'login': {'uuid': '56ff4a65-309f-47d3-9341-5d3c6c1de4ae', 'username': 'crazycat399', 'password': 'classics', 'salt': 'ncM8D2lZ', 'md5': 'c6fb8fbaca067c6a6a94a73db91cda7a', 'sha1': '947bb2959bbad826fc9c24dfdfb6ecbd281b2fb9', 'sha256': 'faad20df9a8d35f28b86c660d8f399cedf49ab00669fbade876591d157093f87'}, 'dob': {'date': '1992-04-01T12:20:44.240Z', 'age': 32}, 'registered': {'date': '2006-01-26T14:36:49.487Z', 'age': 18}, 'phone': '0119859 090 2042', 'cell': '07886 893504', 'id': {'name': 'NINO', 'value': 'LP 27 29 89 X'}, 'picture': {'large': 'https://randomuser.me/api/portraits/men/75.jpg', 'medium': 'https://randomuser.me/api/portraits/med/men/75.jpg', 'thumbnail': 'https://randomuser.me/api/portraits/thumb/men/75.jpg'}, 'nat': 'GB'}</msg>
<arg>${json_data['results'][0]}</arg>
<doc>Logs the given message with the given level.</doc>
<status status="PASS" start="2024-04-21T09:15:00.777178" elapsed="0.000399"/>
</kw>
<kw name="Log" owner="BuiltIn">
<msg time="2024-04-21T09:15:00.777990" level="INFO">email</msg>
<arg>${key}</arg>
<doc>Logs the given message with the given level.</doc>
<status status="PASS" start="2024-04-21T09:15:00.777867" elapsed="0.000160"/>
</kw>
<var name="${key}">email</var>
<status status="PASS" start="2024-04-21T09:15:00.776358" elapsed="0.001897"/>
</iter>
<iter>
<kw name="Dictionary Should Contain Key" owner="Collections">
<msg time="2024-04-21T09:15:00.778922" level="INFO">False</msg>
<arg>${json_data['results'][0]}</arg>
<arg>${key}</arg>
<doc>Fails if ``key`` is not found from ``dictionary``.</doc>
<status status="PASS" start="2024-04-21T09:15:00.778546" elapsed="0.000413"/>
</kw>
<kw name="Log" owner="BuiltIn">
<msg time="2024-04-21T09:15:00.779601" level="INFO">{'gender': 'male', 'name': {'title': 'Mr', 'first': 'Gerald', 'last': 'Hoffman'}, 'location': {'street': {'number': 9927, 'name': 'High Street'}, 'city': 'Plymouth', 'state': 'Greater Manchester', 'country': 'United Kingdom', 'postcode': 'UB13 9PU', 'coordinates': {'latitude': '-10.6745', 'longitude': '-6.3296'}, 'timezone': {'offset': '+11:00', 'description': 'Magadan, Solomon Islands, New Caledonia'}}, 'email': 'gerald.hoffman@example.com', 'login': {'uuid': '56ff4a65-309f-47d3-9341-5d3c6c1de4ae', 'username': 'crazycat399', 'password': 'classics', 'salt': 'ncM8D2lZ', 'md5': 'c6fb8fbaca067c6a6a94a73db91cda7a', 'sha1': '947bb2959bbad826fc9c24dfdfb6ecbd281b2fb9', 'sha256': 'faad20df9a8d35f28b86c660d8f399cedf49ab00669fbade876591d157093f87'}, 'dob': {'date': '1992-04-01T12:20:44.240Z', 'age': 32}, 'registered': {'date': '2006-01-26T14:36:49.487Z', 'age': 18}, 'phone': '0119859 090 2042', 'cell': '07886 893504', 'id': {'name': 'NINO', 'value': 'LP 27 29 89 X'}, 'picture': {'large': 'https://randomuser.me/api/portraits/men/75.jpg', 'medium': 'https://randomuser.me/api/portraits/med/men/75.jpg', 'thumbnail': 'https://randomuser.me/api/portraits/thumb/men/75.jpg'}, 'nat': 'GB'}</msg>
<arg>${json_data['results'][0]}</arg>
<doc>Logs the given message with the given level.</doc>
<status status="PASS" start="2024-04-21T09:15:00.779250" elapsed="0.000397"/>
</kw>
<kw name="Log" owner="BuiltIn">
<msg time="2024-04-21T09:15:00.780088" level="INFO">login</msg>
<arg>${key}</arg>
<doc>Logs the given message with the given level.</doc>
<status status="PASS" start="2024-04-21T09:15:00.779962" elapsed="0.000162"/>
</kw>
<var name="${key}">login</var>
<status status="PASS" start="2024-04-21T09:15:00.778435" elapsed="0.001900"/>
</iter>
<var>${key}</var>
<value>@{expected_keys}</value>
<status status="PASS" start="2024-04-21T09:15:00.769836" elapsed="0.010619"/>
</for>
<kw name="Create List" owner="BuiltIn">
<msg time="2024-04-21T09:15:00.780776" level="INFO">${expected_keysTwo} = ['username', 'password']</msg>
<var>${expected_keysTwo}</var>
<arg>username</arg>
<arg>password</arg>
<doc>Returns a list containing given items.</doc>
<status status="PASS" start="2024-04-21T09:15:00.780643" elapsed="0.000156"/>
</kw>
<for flavor="IN">
<iter>
<kw name="Dictionary Should Contain Key" owner="Collections">
<msg time="2024-04-21T09:15:00.781671" level="INFO">False</msg>
<arg>${json_data['results'][0]['login']}</arg>
<arg>${keyTwo}</arg>
<doc>Fails if ``key`` is not found from ``dictionary``.</doc>
<status status="PASS" start="2024-04-21T09:15:00.781289" elapsed="0.000418"/>
</kw>
<kw name="Dictionary Should Contain Key" owner="Collections">
<msg time="2024-04-21T09:15:00.782407" level="INFO">False</msg>
<arg>${json_data['results'][0]['login']}</arg>
<arg>${keyTwo}</arg>
<doc>Fails if ``key`` is not found from ``dictionary``.</doc>
<status status="PASS" start="2024-04-21T09:15:00.781996" elapsed="0.000448"/>
</kw>
<kw name="Log" owner="BuiltIn">
<msg time="2024-04-21T09:15:00.782855" level="INFO">username</msg>
<arg>${keyTwo}</arg>
<doc>Logs the given message with the given level.</doc>
<status status="PASS" start="2024-04-21T09:15:00.782731" elapsed="0.000165"/>
</kw>
<var name="${keyTwo}">username</var>
<status status="PASS" start="2024-04-21T09:15:00.781177" elapsed="0.001929"/>
</iter>
<iter>
<kw name="Dictionary Should Contain Key" owner="Collections">
<msg time="2024-04-21T09:15:00.783845" level="INFO">False</msg>
<arg>${json_data['results'][0]['login']}</arg>
<arg>${keyTwo}</arg>
<doc>Fails if ``key`` is not found from ``dictionary``.</doc>
<status status="PASS" start="2024-04-21T09:15:00.783387" elapsed="0.000506"/>
</kw>
<kw name="Dictionary Should Contain Key" owner="Collections">
<msg time="2024-04-21T09:15:00.784561" level="INFO">False</msg>
<arg>${json_data['results'][0]['login']}</arg>
<arg>${keyTwo}</arg>
<doc>Fails if ``key`` is not found from ``dictionary``.</doc>
<status status="PASS" start="2024-04-21T09:15:00.784186" elapsed="0.000411"/>
</kw>
<kw name="Log" owner="BuiltIn">
<msg time="2024-04-21T09:15:00.785010" level="INFO">password</msg>
<arg>${keyTwo}</arg>
<doc>Logs the given message with the given level.</doc>
<status status="PASS" start="2024-04-21T09:15:00.784886" elapsed="0.000159"/>
</kw>
<var name="${keyTwo}">password</var>
<status status="PASS" start="2024-04-21T09:15:00.783275" elapsed="0.001979"/>
</iter>
<var>${keyTwo}</var>
<value>@{expected_keysTwo}</value>
<status status="PASS" start="2024-04-21T09:15:00.781029" elapsed="0.004342"/>
</for>
<status status="PASS" start="2024-04-21T09:15:00.650131" elapsed="0.135374"/>
</kw>
<doc>Testa a estrutura da resposta da API.</doc>
<tag>testeEstruturaResposta</tag>
<status status="PASS" start="2024-04-21T09:15:00.649538" elapsed="0.136109"/>
</test>
<test id="s1-s1-t4" name="Validar tipos de dados" line="28">
<kw name="Teste de Tipos de Dados" owner="random-user-service">
<kw name="GET On Session" owner="RequestsLibrary">
<msg time="2024-04-21T09:15:00.953716" level="INFO">GET Request : url=https://randomuser.me/api 
 path_url=/api 
 headers={'User-Agent': 'python-requests/2.31.0', 'Accept-Encoding': 'gzip, deflate', 'Accept': '*/*', 'Connection': 'keep-alive'} 
 body=None 
 </msg>
<msg time="2024-04-21T09:15:00.953793" level="INFO">GET Response : url=https://randomuser.me/api 
 status=200, reason=OK 
 headers={'Date': 'Sun, 21 Apr 2024 09:15:00 GMT', 'Content-Type': 'application/json; charset=utf-8', 'Transfer-Encoding': 'chunked', 'Connection': 'keep-alive', 'X-Powered-By': 'Express', 'Access-Control-Allow-Origin': '*', 'Cache-Control': 'no-cache', 'ETag': 'W/"4ab-gt5lIOINh8pMdW0dCzx+22+Z7qY"', 'Vary': 'Accept-Encoding', 'Content-Encoding': 'gzip', 'CF-Cache-Status': 'DYNAMIC', 'Report-To': '{"endpoints":[{"url":"https:\\/\\/a.nel.cloudflare.com\\/report\\/v4?s=y946Q9Q2unGh8GleCQInXtdzvY%2FVBpiWU6OqjTca1QQnW6mJcWZO%2FjVLFNjL3OSG%2BDKns0fSDHmaybAY75W61Rf4j7BbDccg%2B0tVFlw4EtlxFwmDNtm9rQvZRdo7cv90"}],"group":"cf-nel","max_age":604800}', 'NEL': '{"success_fraction":0,"report_to":"cf-nel","max_age":604800}', 'Server': 'cloudflare', 'CF-RAY': '877c4461efae82a4-IAD', 'alt-svc': 'h3=":443"; ma=86400'} 
 body={"results":[{"gender":"female","name":{"title":"Ms","first":"Hilla","last":"Makinen"},"location":{"street":{"number":9318,"name":"Nordenskiöldinkatu"},"city":"Kaavi","state":"Satakunta","country":"Finland","postcode":65630,"coordinates":{"latitude":"-29.3200","longitude":"118.9481"},"timezone":{"offset":"0:00","description":"Western Europe Time, London, Lisbon, Casablanca"}},"email":"hilla.makinen@example.com","login":{"uuid":"58f6e73a-99c1-4db2-bff7-681bc3aa2a7e","username":"heavykoala599","password":"wrinkle1","salt":"LXe1Rim9","md5":"729a29f386d948ff29e8df8dda52cfba","sha1":"a4f6a855b45be635cdff3af109990eecd22b36b5","sha256":"00ab5412053fe6a3bad51642ee3c7df007d38315c4a7749ae1b03a8c014445fa"},"dob":{"date":"1948-12-14T09:38:27.620Z","age":75},"registered":{"date":"2017-01-31T13:34:39.548Z","age":7},"phone":"03-661-649","cell":"047-321-31-47","id":{"name":"HETU","value":"NaNNA584undefined"},"picture":{"large":"https://randomuser.me/api/portraits/women/76.jpg","medium":"https://randomuser.me/api/portraits/med/women/76.jpg","thumbnail":"https://randomuser.me/api/portraits/thumb/women/76.jpg"},"nat":"FI"}],"info":{"seed":"6cbb657d4b83433f","results":1,"page":1,"version":"1.4"}} 
 </msg>
<msg time="2024-04-21T09:15:00.953863" level="INFO">/opt/hostedtoolcache/Python/3.12.3/x64/lib/python3.12/site-packages/urllib3/connectionpool.py:1103: InsecureRequestWarning: Unverified HTTPS request is being made to host 'randomuser.me'. Adding certificate verification is strongly advised. See: https://urllib3.readthedocs.io/en/latest/advanced-usage.html#tls-warnings
  warnings.warn(</msg>
<msg time="2024-04-21T09:15:00.953974" level="INFO">${response} = &lt;Response [200]&gt;</msg>
<var>${response}</var>
<arg>consultarAPI</arg>
<arg>/api</arg>
<doc>Sends a GET request on a previously created HTTP Session.</doc>
<status status="PASS" start="2024-04-21T09:15:00.788313" elapsed="0.165711"/>
</kw>
<kw name="Set Variable" owner="BuiltIn">
<msg time="2024-04-21T09:15:00.955141" level="INFO">${json_data} = {'results': [{'gender': 'female', 'name': {'title': 'Ms', 'first': 'Hilla', 'last': 'Makinen'}, 'location': {'street': {'number': 9318, 'name': 'Nordenskiöldinkatu'}, 'city': 'Kaavi', 'state': 'Sataku...</msg>
<var>${json_data}</var>
<arg>${response.json()}</arg>
<doc>Returns the given values which can then be assigned to a variables.</doc>
<status status="PASS" start="2024-04-21T09:15:00.954599" elapsed="0.000572"/>
</kw>
<kw name="Log" owner="BuiltIn">
<msg time="2024-04-21T09:15:00.955625" level="INFO">{'results': [{'gender': 'female', 'name': {'title': 'Ms', 'first': 'Hilla', 'last': 'Makinen'}, 'location': {'street': {'number': 9318, 'name': 'Nordenskiöldinkatu'}, 'city': 'Kaavi', 'state': 'Satakunta', 'country': 'Finland', 'postcode': 65630, 'coordinates': {'latitude': '-29.3200', 'longitude': '118.9481'}, 'timezone': {'offset': '0:00', 'description': 'Western Europe Time, London, Lisbon, Casablanca'}}, 'email': 'hilla.makinen@example.com', 'login': {'uuid': '58f6e73a-99c1-4db2-bff7-681bc3aa2a7e', 'username': 'heavykoala599', 'password': 'wrinkle1', 'salt': 'LXe1Rim9', 'md5': '729a29f386d948ff29e8df8dda52cfba', 'sha1': 'a4f6a855b45be635cdff3af109990eecd22b36b5', 'sha256': '00ab5412053fe6a3bad51642ee3c7df007d38315c4a7749ae1b03a8c014445fa'}, 'dob': {'date': '1948-12-14T09:38:27.620Z', 'age': 75}, 'registered': {'date': '2017-01-31T13:34:39.548Z', 'age': 7}, 'phone': '03-661-649', 'cell': '047-321-31-47', 'id': {'name': 'HETU', 'value': 'NaNNA584undefined'}, 'picture': {'large': 'https://randomuser.me/api/portraits/women/76.jpg', 'medium': 'https://randomuser.me/api/portraits/med/women/76.jpg', 'thumbnail': 'https://randomuser.me/api/portraits/thumb/women/76.jpg'}, 'nat': 'FI'}], 'info': {'seed': '6cbb657d4b83433f', 'results': 1, 'page': 1, 'version': '1.4'}}</msg>
<arg>${json_data}</arg>
<doc>Logs the given message with the given level.</doc>
<status status="PASS" start="2024-04-21T09:15:00.955472" elapsed="0.000237"/>
</kw>
<kw name="Should Be String" owner="String">
<arg>${json_data['results'][0]['gender']}</arg>
<doc>Fails if the given ``item`` is not a string.</doc>
<status status="PASS" start="2024-04-21T09:15:00.956004" elapsed="0.000410"/>
</kw>
<kw name="Should Match Regexp" owner="BuiltIn">
<arg>${json_data['results'][0]['email']}</arg>
<arg>^[a-zA-Z0-9._%+-]+@[a-zA-Z0-9.-]+\.[a-zA-Z]{2,}$</arg>
<doc>Fails if ``string`` does not match ``pattern`` as a regular expression.</doc>
<status status="PASS" start="2024-04-21T09:15:00.956605" elapsed="0.000508"/>
</kw>
<kw name="Should Match Regexp" owner="BuiltIn">
<arg>${json_data['results'][0]['dob']['date']}</arg>
<arg>\\d{4}-\\d{2}-\\d{2}T\\d{2}:\\d{2}:\\d{2}\\.\\d{3}Z</arg>
<doc>Fails if ``string`` does not match ``pattern`` as a regular expression.</doc>
<status status="PASS" start="2024-04-21T09:15:00.957306" elapsed="0.000474"/>
</kw>
<kw name="Should Match Regexp" owner="BuiltIn">
<arg>${json_data['results'][0]['registered']['date']}</arg>
<arg>\\d{4}-\\d{2}-\\d{2}T\\d{2}:\\d{2}:\\d{2}\\.\\d{3}Z</arg>
<doc>Fails if ``string`` does not match ``pattern`` as a regular expression.</doc>
<status status="PASS" start="2024-04-21T09:15:00.957967" elapsed="0.000403"/>
</kw>
<kw name="Should Match Regexp" owner="BuiltIn">
<arg>${json_data['results'][0]['picture']['large']}</arg>
<arg>^https?://.*\.(?:png|jpe?g|gif|bmp)$</arg>
<doc>Fails if ``string`` does not match ``pattern`` as a regular expression.</doc>
<status status="PASS" start="2024-04-21T09:15:00.958566" elapsed="0.000474"/>
</kw>
<kw name="Should Match Regexp" owner="BuiltIn">
<arg>${json_data['results'][0]['picture']['medium']}</arg>
<arg>^https?://.*\.(?:png|jpe?g|gif|bmp)$</arg>
<doc>Fails if ``string`` does not match ``pattern`` as a regular expression.</doc>
<status status="PASS" start="2024-04-21T09:15:00.959237" elapsed="0.000361"/>
</kw>
<kw name="Should Match Regexp" owner="BuiltIn">
<arg>${json_data['results'][0]['picture']['thumbnail']}</arg>
<arg>^https?://.*\.(?:png|jpe?g|gif|bmp)$</arg>
<doc>Fails if ``string`` does not match ``pattern`` as a regular expression.</doc>
<status status="PASS" start="2024-04-21T09:15:00.959785" elapsed="0.000365"/>
</kw>
<kw name="Log" owner="BuiltIn">
<msg time="2024-04-21T09:15:00.960650" level="INFO">{'large': 'https://randomuser.me/api/portraits/women/76.jpg', 'medium': 'https://randomuser.me/api/portraits/med/women/76.jpg', 'thumbnail': 'https://randomuser.me/api/portraits/thumb/women/76.jpg'}</msg>
<arg>${json_data['results'][0]['picture']}</arg>
<doc>Logs the given message with the given level.</doc>
<status status="PASS" start="2024-04-21T09:15:00.960330" elapsed="0.000360"/>
</kw>
<status status="PASS" start="2024-04-21T09:15:00.787970" elapsed="0.172976"/>
</kw>
<kw name="Teste de Tipos de Dados - Postcode" owner="random-user-service">
<kw name="GET On Session" owner="RequestsLibrary">
<msg time="2024-04-21T09:15:01.034883" level="INFO">GET Request : url=https://randomuser.me/api 
 path_url=/api 
 headers={'User-Agent': 'python-requests/2.31.0', 'Accept-Encoding': 'gzip, deflate', 'Accept': '*/*', 'Connection': 'keep-alive'} 
 body=None 
 </msg>
<msg time="2024-04-21T09:15:01.034961" level="INFO">GET Response : url=https://randomuser.me/api 
 status=200, reason=OK 
 headers={'Date': 'Sun, 21 Apr 2024 09:15:01 GMT', 'Content-Type': 'application/json; charset=utf-8', 'Transfer-Encoding': 'chunked', 'Connection': 'keep-alive', 'X-Powered-By': 'Express', 'Access-Control-Allow-Origin': '*', 'Cache-Control': 'no-cache', 'ETag': 'W/"485-ZwjUEqJMA6M5ZfoCYv9+xoHEX5c"', 'Vary': 'Accept-Encoding', 'Content-Encoding': 'gzip', 'CF-Cache-Status': 'DYNAMIC', 'Report-To': '{"endpoints":[{"url":"https:\\/\\/a.nel.cloudflare.com\\/report\\/v4?s=alfOU2Uw0OHUVDZubiAvcd3G4NHZ40o4ikE6zzZ%2Bxxs64rcitkKqODJ4IcpPmLOVqO9KO3iSMqK%2F26VID%2BN%2B%2F4EK4Qiop50HH25Ay%2B4iAnHPdIxXAtXEa0kNR9yBLAYs"}],"group":"cf-nel","max_age":604800}', 'NEL': '{"success_fraction":0,"report_to":"cf-nel","max_age":604800}', 'Server': 'cloudflare', 'CF-RAY': '877c4463086e82a4-IAD', 'alt-svc': 'h3=":443"; ma=86400'} 
 body={"results":[{"gender":"male","name":{"title":"Mr","first":"Ümit","last":"Eronat"},"location":{"street":{"number":8953,"name":"Bağdat Cd"},"city":"Isparta","state":"Hakkâri","country":"Turkey","postcode":92913,"coordinates":{"latitude":"72.4393","longitude":"-167.5928"},"timezone":{"offset":"+3:00","description":"Baghdad, Riyadh, Moscow, St. Petersburg"}},"email":"umit.eronat@example.com","login":{"uuid":"f68ed65e-b86c-490a-9ddb-40be85bff2d9","username":"ticklishpeacock349","password":"smooth","salt":"RIxXLcOZ","md5":"de262e731060a5cb7859029bf7eeda25","sha1":"1319fd468181f75920478dcb0c021e18f0f9ed69","sha256":"22c7b68a4f8dcf64be067bbaf9aabf0b37684c1daa60d992bd6b94b840563659"},"dob":{"date":"1946-01-28T08:53:05.176Z","age":78},"registered":{"date":"2017-04-15T23:14:32.511Z","age":7},"phone":"(537)-991-8536","cell":"(928)-788-3746","id":{"name":"","value":null},"picture":{"large":"https://randomuser.me/api/portraits/men/89.jpg","medium":"https://randomuser.me/api/portraits/med/men/89.jpg","thumbnail":"https://randomuser.me/api/portraits/thumb/men/89.jpg"},"nat":"TR"}],"info":{"seed":"b228a5839aac3e98","results":1,"page":1,"version":"1.4"}} 
 </msg>
<msg time="2024-04-21T09:15:01.035031" level="INFO">/opt/hostedtoolcache/Python/3.12.3/x64/lib/python3.12/site-packages/urllib3/connectionpool.py:1103: InsecureRequestWarning: Unverified HTTPS request is being made to host 'randomuser.me'. Adding certificate verification is strongly advised. See: https://urllib3.readthedocs.io/en/latest/advanced-usage.html#tls-warnings
  warnings.warn(</msg>
<msg time="2024-04-21T09:15:01.035142" level="INFO">${response} = &lt;Response [200]&gt;</msg>
<var>${response}</var>
<arg>consultarAPI</arg>
<arg>/api</arg>
<doc>Sends a GET request on a previously created HTTP Session.</doc>
<status status="PASS" start="2024-04-21T09:15:00.961381" elapsed="0.073811"/>
</kw>
<kw name="Set Variable" owner="BuiltIn">
<msg time="2024-04-21T09:15:01.036277" level="INFO">${json_data} = {'results': [{'gender': 'male', 'name': {'title': 'Mr', 'first': 'Ümit', 'last': 'Eronat'}, 'location': {'street': {'number': 8953, 'name': 'Bağdat Cd'}, 'city': 'Isparta', 'state': 'Hakkâri', 'countr...</msg>
<var>${json_data}</var>
<arg>${response.json()}</arg>
<doc>Returns the given values which can then be assigned to a variables.</doc>
<status status="PASS" start="2024-04-21T09:15:01.035722" elapsed="0.000585"/>
</kw>
<kw name="Log" owner="BuiltIn">
<msg time="2024-04-21T09:15:01.036775" level="INFO">{'results': [{'gender': 'male', 'name': {'title': 'Mr', 'first': 'Ümit', 'last': 'Eronat'}, 'location': {'street': {'number': 8953, 'name': 'Bağdat Cd'}, 'city': 'Isparta', 'state': 'Hakkâri', 'country': 'Turkey', 'postcode': 92913, 'coordinates': {'latitude': '72.4393', 'longitude': '-167.5928'}, 'timezone': {'offset': '+3:00', 'description': 'Baghdad, Riyadh, Moscow, St. Petersburg'}}, 'email': 'umit.eronat@example.com', 'login': {'uuid': 'f68ed65e-b86c-490a-9ddb-40be85bff2d9', 'username': 'ticklishpeacock349', 'password': 'smooth', 'salt': 'RIxXLcOZ', 'md5': 'de262e731060a5cb7859029bf7eeda25', 'sha1': '1319fd468181f75920478dcb0c021e18f0f9ed69', 'sha256': '22c7b68a4f8dcf64be067bbaf9aabf0b37684c1daa60d992bd6b94b840563659'}, 'dob': {'date': '1946-01-28T08:53:05.176Z', 'age': 78}, 'registered': {'date': '2017-04-15T23:14:32.511Z', 'age': 7}, 'phone': '(537)-991-8536', 'cell': '(928)-788-3746', 'id': {'name': '', 'value': None}, 'picture': {'large': 'https://randomuser.me/api/portraits/men/89.jpg', 'medium': 'https://randomuser.me/api/portraits/med/men/89.jpg', 'thumbnail': 'https://randomuser.me/api/portraits/thumb/men/89.jpg'}, 'nat': 'TR'}], 'info': {'seed': 'b228a5839aac3e98', 'results': 1, 'page': 1, 'version': '1.4'}}</msg>
<arg>${json_data}</arg>
<doc>Logs the given message with the given level.</doc>
<status status="PASS" start="2024-04-21T09:15:01.036617" elapsed="0.000235"/>
</kw>
<kw name="Should Be Equal As Numbers" owner="BuiltIn">
<arg>${json_data['results'][0]['location']['postcode']}</arg>
<arg>${json_data['results'][0]['location']['postcode']}</arg>
<doc>Fails if objects are unequal after converting them to real numbers.</doc>
<status status="PASS" start="2024-04-21T09:15:01.037277" elapsed="0.000616"/>
</kw>
<kw name="Log" owner="BuiltIn">
<msg time="2024-04-21T09:15:01.038475" level="INFO">92913</msg>
<arg>${json_data['results'][0]['location']['postcode']}</arg>
<doc>Logs the given message with the given level.</doc>
<status status="PASS" start="2024-04-21T09:15:01.038082" elapsed="0.000442"/>
</kw>
<status status="PASS" start="2024-04-21T09:15:00.961160" elapsed="0.077674"/>
</kw>
<doc>Testa se os tipos de dados na resposta da API estão corretos.</doc>
<tag>testeTiposDados</tag>
<status status="PASS" start="2024-04-21T09:15:00.787451" elapsed="0.251543"/>
</test>
<test id="s1-s1-t5" name="Validar conteudo" line="35">
<kw name="Teste de Tipos de Conteudo" owner="random-user-service">
<kw name="GET On Session" owner="RequestsLibrary">
<msg time="2024-04-21T09:15:01.129481" level="INFO">GET Request : url=https://randomuser.me/api 
 path_url=/api 
 headers={'User-Agent': 'python-requests/2.31.0', 'Accept-Encoding': 'gzip, deflate', 'Accept': '*/*', 'Connection': 'keep-alive'} 
 body=None 
 </msg>
<msg time="2024-04-21T09:15:01.129564" level="INFO">GET Response : url=https://randomuser.me/api 
 status=200, reason=OK 
 headers={'Date': 'Sun, 21 Apr 2024 09:15:01 GMT', 'Content-Type': 'application/json; charset=utf-8', 'Transfer-Encoding': 'chunked', 'Connection': 'keep-alive', 'X-Powered-By': 'Express', 'Access-Control-Allow-Origin': '*', 'Cache-Control': 'no-cache', 'ETag': 'W/"49e-+UbSMn/bZO6HCkTDB5MYsZ3OvWM"', 'Vary': 'Accept-Encoding', 'Content-Encoding': 'gzip', 'CF-Cache-Status': 'DYNAMIC', 'Report-To': '{"endpoints":[{"url":"https:\\/\\/a.nel.cloudflare.com\\/report\\/v4?s=xTWaa5jEgIDlAc%2BS%2FwE6GAPveJfgXNHpt%2BoEesdYoBs7NNta0YpENjRHfHeF9xO8Xf0AWF2bw5BzE1n9%2FKYlkGhidNFLunn6rgx0H7O%2BMKmKf5W%2FNpYDX97jYCQxGEzg"}],"group":"cf-nel","max_age":604800}', 'NEL': '{"success_fraction":0,"report_to":"cf-nel","max_age":604800}', 'Server': 'cloudflare', 'CF-RAY': '877c446388be82a4-IAD', 'alt-svc': 'h3=":443"; ma=86400'} 
 body={"results":[{"gender":"male","name":{"title":"Mr","first":"Baptiste","last":"Rolland"},"location":{"street":{"number":6791,"name":"Rue Paul-Duvivier"},"city":"Paris","state":"Charente-Maritime","country":"France","postcode":19648,"coordinates":{"latitude":"-19.4764","longitude":"-43.0018"},"timezone":{"offset":"-7:00","description":"Mountain Time (US &amp; Canada)"}},"email":"baptiste.rolland@example.com","login":{"uuid":"2e3afa21-0f2a-438d-bcb5-7622358050a3","username":"silverfrog513","password":"score","salt":"a8lOmH1m","md5":"3c73c45cd5ee025c53bf2621a2233e04","sha1":"95a704bf7479409eaf52f14726b5e00da6418dc9","sha256":"8f5e89713d42b29e4e43a2fb9f5f28b0d60f845156da1179674c61babd3f5d9e"},"dob":{"date":"1968-01-26T07:59:41.119Z","age":56},"registered":{"date":"2005-04-27T01:15:45.646Z","age":18},"phone":"02-35-03-06-10","cell":"06-93-52-06-14","id":{"name":"INSEE","value":"1680060370262 29"},"picture":{"large":"https://randomuser.me/api/portraits/men/13.jpg","medium":"https://randomuser.me/api/portraits/med/men/13.jpg","thumbnail":"https://randomuser.me/api/portraits/thumb/men/13.jpg"},"nat":"FR"}],"info":{"seed":"f83e515595bf3360","results":1,"page":1,"version":"1.4"}} 
 </msg>
<msg time="2024-04-21T09:15:01.129640" level="INFO">/opt/hostedtoolcache/Python/3.12.3/x64/lib/python3.12/site-packages/urllib3/connectionpool.py:1103: InsecureRequestWarning: Unverified HTTPS request is being made to host 'randomuser.me'. Adding certificate verification is strongly advised. See: https://urllib3.readthedocs.io/en/latest/advanced-usage.html#tls-warnings
  warnings.warn(</msg>
<msg time="2024-04-21T09:15:01.129760" level="INFO">${response} = &lt;Response [200]&gt;</msg>
<var>${response}</var>
<arg>consultarAPI</arg>
<arg>/api</arg>
<doc>Sends a GET request on a previously created HTTP Session.</doc>
<status status="PASS" start="2024-04-21T09:15:01.041433" elapsed="0.088383"/>
</kw>
<kw name="Set Variable" owner="BuiltIn">
<msg time="2024-04-21T09:15:01.130878" level="INFO">${json_data} = {'results': [{'gender': 'male', 'name': {'title': 'Mr', 'first': 'Baptiste', 'last': 'Rolland'}, 'location': {'street': {'number': 6791, 'name': 'Rue Paul-Duvivier'}, 'city': 'Paris', 'state': 'Charen...</msg>
<var>${json_data}</var>
<arg>${response.json()}</arg>
<doc>Returns the given values which can then be assigned to a variables.</doc>
<status status="PASS" start="2024-04-21T09:15:01.130328" elapsed="0.000579"/>
</kw>
<kw name="Set Variable" owner="BuiltIn">
<msg time="2024-04-21T09:15:01.131589" level="INFO">${name_title} = Mr</msg>
<var>${name_title}</var>
<arg>${json_data["results"][0]["name"]["title"]}</arg>
<doc>Returns the given values which can then be assigned to a variables.</doc>
<status status="PASS" start="2024-04-21T09:15:01.131210" elapsed="0.000403"/>
</kw>
<kw name="Create List" owner="BuiltIn">
<msg time="2024-04-21T09:15:01.132052" level="INFO">${allowed_titles} = ['Mr', 'Ms', 'Miss', 'Mrs', 'Madame', 'Monsieur']</msg>
<var>${allowed_titles}</var>
<arg>Mr</arg>
<arg>Ms</arg>
<arg>Miss</arg>
<arg>Mrs</arg>
<arg>Madame</arg>
<arg>Monsieur</arg>
<doc>Returns a list containing given items.</doc>
<status status="PASS" start="2024-04-21T09:15:01.131906" elapsed="0.000169"/>
</kw>
<kw name="List Should Contain Value" owner="Collections">
<msg time="2024-04-21T09:15:01.132531" level="INFO">False</msg>
<arg>${allowed_titles}</arg>
<arg>${name_title}</arg>
<doc>Fails if the ``value`` is not found from ``list``.</doc>
<status status="PASS" start="2024-04-21T09:15:01.132366" elapsed="0.000200"/>
</kw>
<kw name="Set Variable" owner="BuiltIn">
<msg time="2024-04-21T09:15:01.133228" level="INFO">${name_country} = FR</msg>
<var>${name_country}</var>
<arg>${json_data["results"][0]["nat"]}</arg>
<doc>Returns the given values which can then be assigned to a variables.</doc>
<status status="PASS" start="2024-04-21T09:15:01.132849" elapsed="0.000403"/>
</kw>
<kw name="Create List" owner="BuiltIn">
<msg time="2024-04-21T09:15:01.134130" level="INFO">${list_country} = ['AD', 'AE', 'AF', 'AG', 'AI', 'AL', 'AM', 'AO', 'AQ', 'AR', 'AS', 'AT', 'AU', 'AW', 'AX', 'AZ', 'BA', 'BB', 'BD', 'BE', 'BF', 'BG', 'BH', 'BI', 'BJ', 'BL', 'BM', 'BN', 'BO', 'BQ', 'BR', 'BS', 'BT', '...</msg>
<var>${list_country}</var>
<arg>AD</arg>
<arg>AE</arg>
<arg>AF</arg>
<arg>AG</arg>
<arg>AI</arg>
<arg>AL</arg>
<arg>AM</arg>
<arg>AO</arg>
<arg>AQ</arg>
<arg>AR</arg>
<arg>AS</arg>
<arg>AT</arg>
<arg>AU</arg>
<arg>AW</arg>
<arg>AX</arg>
<arg>AZ</arg>
<arg>BA</arg>
<arg>BB</arg>
<arg>BD</arg>
<arg>BE</arg>
<arg>BF</arg>
<arg>BG</arg>
<arg>BH</arg>
<arg>BI</arg>
<arg>BJ</arg>
<arg>BL</arg>
<arg>BM</arg>
<arg>BN</arg>
<arg>BO</arg>
<arg>BQ</arg>
<arg>BR</arg>
<arg>BS</arg>
<arg>BT</arg>
<arg>BV</arg>
<arg>BW</arg>
<arg>BY</arg>
<arg>BZ</arg>
<arg>CA</arg>
<arg>CC</arg>
<arg>CD</arg>
<arg>CF</arg>
<arg>CG</arg>
<arg>CH</arg>
<arg>CI</arg>
<arg>CK</arg>
<arg>CL</arg>
<arg>CM</arg>
<arg>CN</arg>
<arg>CO</arg>
<arg>CR</arg>
<arg>CU</arg>
<arg>CV</arg>
<arg>CW</arg>
<arg>CX</arg>
<arg>CY</arg>
<arg>CZ</arg>
<arg>DE</arg>
<arg>DJ</arg>
<arg>DK</arg>
<arg>DM</arg>
<arg>DO</arg>
<arg>DZ</arg>
<arg>EC</arg>
<arg>EE</arg>
<arg>EG</arg>
<arg>EH</arg>
<arg>ER</arg>
<arg>ES</arg>
<arg>ET</arg>
<arg>FI</arg>
<arg>FJ</arg>
<arg>FK</arg>
<arg>FM</arg>
<arg>FO</arg>
<arg>FR</arg>
<arg>GA</arg>
<arg>GB</arg>
<arg>GD</arg>
<arg>GE</arg>
<arg>GF</arg>
<arg>GG</arg>
<arg>GH</arg>
<arg>GI</arg>
<arg>GL</arg>
<arg>GM</arg>
<arg>GN</arg>
<arg>GP</arg>
<arg>GQ</arg>
<arg>GR</arg>
<arg>GS</arg>
<arg>GT</arg>
<arg>GU</arg>
<arg>GW</arg>
<arg>GY</arg>
<arg>HK</arg>
<arg>HM</arg>
<arg>HN</arg>
<arg>HR</arg>
<arg>HT</arg>
<arg>HU</arg>
<arg>ID</arg>
<arg>IE</arg>
<arg>IL</arg>
<arg>IM</arg>
<arg>IN</arg>
<arg>IO</arg>
<arg>IQ</arg>
<arg>IR</arg>
<arg>IS</arg>
<arg>IT</arg>
<arg>JE</arg>
<arg>JM</arg>
<arg>JO</arg>
<arg>JP</arg>
<arg>KE</arg>
<arg>KG</arg>
<arg>KH</arg>
<arg>KI</arg>
<arg>KM</arg>
<arg>KN</arg>
<arg>KP</arg>
<arg>KR</arg>
<arg>KW</arg>
<arg>KY</arg>
<arg>KZ</arg>
<arg>LA</arg>
<arg>LB</arg>
<arg>LC</arg>
<arg>LI</arg>
<arg>LK</arg>
<arg>LR</arg>
<arg>LS</arg>
<arg>LT</arg>
<arg>LU</arg>
<arg>LV</arg>
<arg>LY</arg>
<arg>MA</arg>
<arg>MC</arg>
<arg>MD</arg>
<arg>ME</arg>
<arg>MF</arg>
<arg>MG</arg>
<arg>MH</arg>
<arg>MK</arg>
<arg>ML</arg>
<arg>MM</arg>
<arg>MN</arg>
<arg>MO</arg>
<arg>MP</arg>
<arg>MQ</arg>
<arg>MR</arg>
<arg>MS</arg>
<arg>MT</arg>
<arg>MU</arg>
<arg>MV</arg>
<arg>MW</arg>
<arg>MX</arg>
<arg>MY</arg>
<arg>MZ</arg>
<arg>NA</arg>
<arg>NC</arg>
<arg>NE</arg>
<arg>NF</arg>
<arg>NG</arg>
<arg>NI</arg>
<arg>NL</arg>
<arg>NO</arg>
<arg>NP</arg>
<arg>NR</arg>
<arg>NU</arg>
<arg>NZ</arg>
<arg>OM</arg>
<arg>PA</arg>
<arg>PE</arg>
<arg>PF</arg>
<arg>PG</arg>
<arg>PH</arg>
<arg>PK</arg>
<arg>PL</arg>
<arg>PM</arg>
<arg>PN</arg>
<arg>PR</arg>
<arg>PS</arg>
<arg>PT</arg>
<arg>PW</arg>
<arg>PY</arg>
<arg>QA</arg>
<arg>RE</arg>
<arg>RO</arg>
<arg>RS</arg>
<arg>RU</arg>
<arg>RW</arg>
<arg>SA</arg>
<arg>SB</arg>
<arg>SC</arg>
<arg>SD</arg>
<arg>SE</arg>
<arg>SG</arg>
<arg>SH</arg>
<arg>SI</arg>
<arg>SJ</arg>
<arg>SK</arg>
<arg>SL</arg>
<arg>SM</arg>
<arg>SN</arg>
<arg>SO</arg>
<arg>SR</arg>
<arg>SS</arg>
<arg>ST</arg>
<arg>SV</arg>
<arg>SX</arg>
<arg>SY</arg>
<arg>SZ</arg>
<arg>TC</arg>
<arg>TD</arg>
<arg>TF</arg>
<arg>TG</arg>
<arg>TH</arg>
<arg>TJ</arg>
<arg>TK</arg>
<arg>TL</arg>
<arg>TM</arg>
<arg>TN</arg>
<arg>TO</arg>
<arg>TR</arg>
<arg>TT</arg>
<arg>TV</arg>
<arg>TW</arg>
<arg>TZ</arg>
<arg>UA</arg>
<arg>UG</arg>
<arg>UM</arg>
<arg>US</arg>
<arg>UY</arg>
<arg>UZ</arg>
<arg>VA</arg>
<arg>VC</arg>
<arg>VE</arg>
<arg>VG</arg>
<arg>VI</arg>
<arg>VN</arg>
<arg>VU</arg>
<arg>WF</arg>
<arg>WS</arg>
<arg>XK</arg>
<arg>YE</arg>
<arg>YT</arg>
<arg>ZA</arg>
<arg>ZM</arg>
<arg>ZW</arg>
<doc>Returns a list containing given items.</doc>
<status status="PASS" start="2024-04-21T09:15:01.133549" elapsed="0.000605"/>
</kw>
<kw name="List Should Contain Value" owner="Collections">
<msg time="2024-04-21T09:15:01.135171" level="INFO">False</msg>
<arg>${list_country}</arg>
<arg>${name_country}</arg>
<doc>Fails if the ``value`` is not found from ``list``.</doc>
<status status="PASS" start="2024-04-21T09:15:01.134974" elapsed="0.000233"/>
</kw>
<kw name="Run Keyword If" owner="BuiltIn">
<kw name="Should Be True" owner="BuiltIn">
<arg>${True}</arg>
<doc>Fails if the given condition is not true.</doc>
<status status="PASS" start="2024-04-21T09:15:01.136266" elapsed="0.000242"/>
</kw>
<arg>${json_data["results"][0]["location"]["coordinates"]["latitude"]} &gt;= -90 and ${json_data["results"][0]["location"]["coordinates"]["latitude"]} &lt;= 90</arg>
<arg>Should Be True</arg>
<arg>${True}</arg>
<doc>Runs the given keyword with the given arguments, if ``condition`` is true.</doc>
<status status="PASS" start="2024-04-21T09:15:01.135514" elapsed="0.001124"/>
</kw>
<kw name="Run Keyword If" owner="BuiltIn">
<kw name="Should Be True" owner="BuiltIn">
<arg>${True}</arg>
<doc>Fails if the given condition is not true.</doc>
<status status="PASS" start="2024-04-21T09:15:01.137537" elapsed="0.000139"/>
</kw>
<arg>${json_data["results"][0]["location"]["coordinates"]["longitude"]} &gt;= -180 and ${json_data["results"][0]["location"]["coordinates"]["longitude"]} &lt;= 180</arg>
<arg>Should Be True</arg>
<arg>${True}</arg>
<doc>Runs the given keyword with the given arguments, if ``condition`` is true.</doc>
<status status="PASS" start="2024-04-21T09:15:01.136826" elapsed="0.000971"/>
</kw>
<status status="PASS" start="2024-04-21T09:15:01.041216" elapsed="0.096707"/>
</kw>
<doc>Testa o conteúdo específico dos campos retornados pela API.</doc>
<tag>testeConteudo</tag>
<status status="PASS" start="2024-04-21T09:15:01.040737" elapsed="0.097323"/>
</test>
<status status="PASS" start="2024-04-21T09:15:00.094334" elapsed="1.045684"/>
</suite>
<status status="PASS" start="2024-04-21T09:15:00.080692" elapsed="1.064424"/>
</suite>
<statistics>
<total>
<stat pass="5" fail="0" skip="0">All Tests</stat>
</total>
<tag>
<stat pass="1" fail="0" skip="0">testeConteudo</stat>
<stat pass="1" fail="0" skip="0">testeEstruturaResposta</stat>
<stat pass="1" fail="0" skip="0">testeRequisicaoBasica</stat>
<stat pass="1" fail="0" skip="0">testeTiposDados</stat>
</tag>
<suite>
<stat pass="5" fail="0" skip="0" id="s1" name="Tests">Tests</stat>
<stat pass="5" fail="0" skip="0" id="s1-s1" name="Random-User-Test">Tests.Random-User-Test</stat>
</suite>
</statistics>
<errors>
</errors>
</robot>
