<?xml version="1.0" encoding="UTF-8"?>
<robot generator="Robot 7.0.1 (Python 3.12.4 on linux)" generated="2024-07-27T20:15:04.588366" rpa="false" schemaversion="5">
<suite id="s1" name="Tests" source="/home/runner/work/ApiRandomUser/ApiRandomUser/RamdonUser/tests">
<suite id="s1-s1" name="Random-User-Test" source="/home/runner/work/ApiRandomUser/ApiRandomUser/RamdonUser/tests/random-user-test.robot">
<test id="s1-s1-t1" name="Conectar" line="13">
<kw name="Conectar API" owner="random-user-service">
<kw name="Create Session" owner="RequestsLibrary">
<msg time="2024-07-27T20:15:04.987284" level="INFO">Creating Session using : alias=consultarAPI, url=https://randomuser.me/, headers={},                     cookies={}, auth=None, timeout=None, proxies=None, verify=False,                     debug=0 </msg>
<arg>consultarAPI</arg>
<arg>${URL}</arg>
<doc>Create Session: create a HTTP session to a server</doc>
<status status="PASS" start="2024-07-27T20:15:04.987071" elapsed="0.000409"/>
</kw>
<status status="PASS" start="2024-07-27T20:15:04.985934" elapsed="0.001913"/>
</kw>
<status status="PASS" start="2024-07-27T20:15:04.985377" elapsed="0.002674"/>
</test>
<test id="s1-s1-t2" name="Validar retorno 200 e JSON Válido" line="16">
<kw name="Teste de Requisicao Basica" owner="random-user-service">
<kw name="GET On Session" owner="RequestsLibrary">
<msg time="2024-07-27T20:15:05.473665" level="INFO">GET Request : url=https://randomuser.me/api 
 path_url=/api 
 headers={'User-Agent': 'python-requests/2.32.3', 'Accept-Encoding': 'gzip, deflate', 'Accept': '*/*', 'Connection': 'keep-alive'} 
 body=None 
 </msg>
<msg time="2024-07-27T20:15:05.473828" level="INFO">GET Response : url=https://randomuser.me/api 
 status=200, reason=OK 
 headers={'Date': 'Sat, 27 Jul 2024 20:15:05 GMT', 'Content-Type': 'application/json; charset=utf-8', 'Transfer-Encoding': 'chunked', 'Connection': 'keep-alive', 'X-Powered-By': 'Express', 'Access-Control-Allow-Origin': '*', 'Cache-Control': 'no-cache', 'ETag': 'W/"4a7-ASBuJJXqsT7YfmbnY98fwQzqGNw"', 'Vary': 'Accept-Encoding', 'Content-Encoding': 'gzip', 'CF-Cache-Status': 'DYNAMIC', 'Report-To': '{"endpoints":[{"url":"https:\\/\\/a.nel.cloudflare.com\\/report\\/v4?s=ajocxYLeAorjEL66lFJ83OqEHVRNOLsWuZaoGJZY8%2FjeiZb5bwPeaaj%2F6a8xlDncn%2BcULuaPIKYF%2BFuOtsth%2FI50zEID9%2BWOyVMy%2BzLATf5GKXVWRCD%2BRmZ842PKT9Sc"}],"group":"cf-nel","max_age":604800}', 'NEL': '{"success_fraction":0,"report_to":"cf-nel","max_age":604800}', 'Server': 'cloudflare', 'CF-RAY': '8a9f4ca9ddd028a0-IAD', 'alt-svc': 'h3=":443"; ma=86400'} 
 body={"results":[{"gender":"female","name":{"title":"Mrs","first":"Jasmine","last":"Martin"},"location":{"street":{"number":8525,"name":"Wellington St"},"city":"Red Rock","state":"Prince Edward Island","country":"Canada","postcode":"K3C 0Z8","coordinates":{"latitude":"-68.5980","longitude":"115.9130"},"timezone":{"offset":"-6:00","description":"Central Time (US &amp; Canada), Mexico City"}},"email":"jasmine.martin@example.com","login":{"uuid":"9a93dfab-e90f-4ebf-8012-084a93c4be97","username":"blackbear563","password":"arrows","salt":"Ib05R9Xa","md5":"2e4bc65519c7eaab732156862bd3058c","sha1":"9e73408385af75cc6ffb166dbf179241b161c623","sha256":"95c250761662612dc4a2068c437df0b2fca8dd0a7cd2b623906abfaca31eecae"},"dob":{"date":"1961-04-15T00:36:45.887Z","age":63},"registered":{"date":"2014-11-22T06:38:07.711Z","age":9},"phone":"G72 R96-4050","cell":"G46 V28-5333","id":{"name":"SIN","value":"610428955"},"picture":{"large":"https://randomuser.me/api/portraits/women/59.jpg","medium":"https://randomuser.me/api/portraits/med/women/59.jpg","thumbnail":"https://randomuser.me/api/portraits/thumb/women/59.jpg"},"nat":"CA"}],"info":{"seed":"f87f4eae09f60922","results":1,"page":1,"version":"1.4"}} 
 </msg>
<msg time="2024-07-27T20:15:05.473910" level="INFO">/opt/hostedtoolcache/Python/3.12.4/x64/lib/python3.12/site-packages/urllib3/connectionpool.py:1099: InsecureRequestWarning: Unverified HTTPS request is being made to host 'randomuser.me'. Adding certificate verification is strongly advised. See: https://urllib3.readthedocs.io/en/latest/advanced-usage.html#tls-warnings
  warnings.warn(</msg>
<msg time="2024-07-27T20:15:05.474052" level="INFO">${response} = &lt;Response [200]&gt;</msg>
<var>${response}</var>
<arg>consultarAPI</arg>
<arg>/api</arg>
<doc>Sends a GET request on a previously created HTTP Session.</doc>
<status status="PASS" start="2024-07-27T20:15:04.990788" elapsed="0.483307"/>
</kw>
<kw name="Should Be Equal As Numbers" owner="BuiltIn">
<msg time="2024-07-27T20:15:05.475281" level="INFO">Argument types are:
&lt;class 'int'&gt;
&lt;class 'str'&gt;</msg>
<arg>${response.status_code}</arg>
<arg>200</arg>
<doc>Fails if objects are unequal after converting them to real numbers.</doc>
<status status="PASS" start="2024-07-27T20:15:05.474784" elapsed="0.000564"/>
</kw>
<kw name="Log" owner="BuiltIn">
<msg time="2024-07-27T20:15:05.476068" level="INFO">200</msg>
<arg>${response.status_code}</arg>
<doc>Logs the given message with the given level.</doc>
<status status="PASS" start="2024-07-27T20:15:05.475706" elapsed="0.000404"/>
</kw>
<kw name="Set Variable" owner="BuiltIn">
<msg time="2024-07-27T20:15:05.476926" level="INFO">${json_data} = {'results': [{'gender': 'female', 'name': {'title': 'Mrs', 'first': 'Jasmine', 'last': 'Martin'}, 'location': {'street': {'number': 8525, 'name': 'Wellington St'}, 'city': 'Red Rock', 'state': 'Prince...</msg>
<var>${json_data}</var>
<arg>${response.json()}</arg>
<doc>Returns the given values which can then be assigned to a variables.</doc>
<status status="PASS" start="2024-07-27T20:15:05.476480" elapsed="0.000476"/>
</kw>
<kw name="Dictionary Should Contain Key" owner="Collections">
<arg>${json_data}</arg>
<arg>results</arg>
<doc>Fails if ``key`` is not found from ``dictionary``.</doc>
<status status="PASS" start="2024-07-27T20:15:05.477264" elapsed="0.000323"/>
</kw>
<status status="PASS" start="2024-07-27T20:15:04.990531" elapsed="0.487211"/>
</kw>
<doc>Testa se a API responde corretamente e retorna um objeto JSON válido.</doc>
<tag>testeRequisicaoBasica</tag>
<status status="PASS" start="2024-07-27T20:15:04.989989" elapsed="0.487928"/>
</test>
<test id="s1-s1-t3" name="Validar estrutura de resposta" line="22">
<kw name="Teste de Estrutura de Resposta" owner="random-user-service">
<kw name="GET On Session" owner="RequestsLibrary">
<msg time="2024-07-27T20:15:05.583712" level="INFO">GET Request : url=https://randomuser.me/api 
 path_url=/api 
 headers={'User-Agent': 'python-requests/2.32.3', 'Accept-Encoding': 'gzip, deflate', 'Accept': '*/*', 'Connection': 'keep-alive'} 
 body=None 
 </msg>
<msg time="2024-07-27T20:15:05.583810" level="INFO">GET Response : url=https://randomuser.me/api 
 status=200, reason=OK 
 headers={'Date': 'Sat, 27 Jul 2024 20:15:05 GMT', 'Content-Type': 'application/json; charset=utf-8', 'Transfer-Encoding': 'chunked', 'Connection': 'keep-alive', 'X-Powered-By': 'Express', 'Access-Control-Allow-Origin': '*', 'Cache-Control': 'no-cache', 'ETag': 'W/"49d-vFvGmCUgG4s/1hxBc5cmUxpAKqI"', 'Vary': 'Accept-Encoding', 'Content-Encoding': 'gzip', 'CF-Cache-Status': 'DYNAMIC', 'Report-To': '{"endpoints":[{"url":"https:\\/\\/a.nel.cloudflare.com\\/report\\/v4?s=Vf3hCKfXLomvrneGutdWq%2BOIlkq%2Fqy4YmsJwvpTIaR0R5CIGBQ8zRPIOASfXv0oqawrMHj2usSGgmNTrWw7xMM7mGNQmtc2q7l76L8SQdmy5zwUBskw%2FVza1foRVIpFh"}],"group":"cf-nel","max_age":604800}', 'NEL': '{"success_fraction":0,"report_to":"cf-nel","max_age":604800}', 'Server': 'cloudflare', 'CF-RAY': '8a9f4cab4f1f28a0-IAD', 'alt-svc': 'h3=":443"; ma=86400'} 
 body={"results":[{"gender":"female","name":{"title":"Miss","first":"Charlotte","last":"Barnett"},"location":{"street":{"number":8739,"name":"Timber Wolf Trail"},"city":"Bozeman","state":"Illinois","country":"United States","postcode":37292,"coordinates":{"latitude":"82.4258","longitude":"49.7758"},"timezone":{"offset":"-11:00","description":"Midway Island, Samoa"}},"email":"charlotte.barnett@example.com","login":{"uuid":"2010dd13-4803-4225-bb04-1a0f4ce00ea5","username":"brownbutterfly684","password":"2469","salt":"FcnlivTR","md5":"f45bb1ee618f2ae20c76973171875a2c","sha1":"41d83a7aa6a9f441b12290f15845e6e677fff8b5","sha256":"7aaebb7261240a667d4231c9d83ed7f1c9a405bca9eea42a0b27cf387e12714d"},"dob":{"date":"1947-10-03T15:15:03.825Z","age":76},"registered":{"date":"2021-10-28T15:32:43.138Z","age":2},"phone":"(890) 296-3139","cell":"(791) 562-9075","id":{"name":"SSN","value":"456-13-8567"},"picture":{"large":"https://randomuser.me/api/portraits/women/29.jpg","medium":"https://randomuser.me/api/portraits/med/women/29.jpg","thumbnail":"https://randomuser.me/api/portraits/thumb/women/29.jpg"},"nat":"US"}],"info":{"seed":"b9013004ecebee30","results":1,"page":1,"version":"1.4"}} 
 </msg>
<msg time="2024-07-27T20:15:05.583936" level="INFO">/opt/hostedtoolcache/Python/3.12.4/x64/lib/python3.12/site-packages/urllib3/connectionpool.py:1099: InsecureRequestWarning: Unverified HTTPS request is being made to host 'randomuser.me'. Adding certificate verification is strongly advised. See: https://urllib3.readthedocs.io/en/latest/advanced-usage.html#tls-warnings
  warnings.warn(</msg>
<msg time="2024-07-27T20:15:05.584061" level="INFO">${response} = &lt;Response [200]&gt;</msg>
<var>${response}</var>
<arg>consultarAPI</arg>
<arg>/api</arg>
<doc>Sends a GET request on a previously created HTTP Session.</doc>
<status status="PASS" start="2024-07-27T20:15:05.480651" elapsed="0.103452"/>
</kw>
<kw name="Set Variable" owner="BuiltIn">
<msg time="2024-07-27T20:15:05.585321" level="INFO">${json_data} = {'results': [{'gender': 'female', 'name': {'title': 'Miss', 'first': 'Charlotte', 'last': 'Barnett'}, 'location': {'street': {'number': 8739, 'name': 'Timber Wolf Trail'}, 'city': 'Bozeman', 'state': ...</msg>
<var>${json_data}</var>
<arg>${response.json()}</arg>
<doc>Returns the given values which can then be assigned to a variables.</doc>
<status status="PASS" start="2024-07-27T20:15:05.584747" elapsed="0.000603"/>
</kw>
<kw name="Log" owner="BuiltIn">
<msg time="2024-07-27T20:15:05.585832" level="INFO">{'results': [{'gender': 'female', 'name': {'title': 'Miss', 'first': 'Charlotte', 'last': 'Barnett'}, 'location': {'street': {'number': 8739, 'name': 'Timber Wolf Trail'}, 'city': 'Bozeman', 'state': 'Illinois', 'country': 'United States', 'postcode': 37292, 'coordinates': {'latitude': '82.4258', 'longitude': '49.7758'}, 'timezone': {'offset': '-11:00', 'description': 'Midway Island, Samoa'}}, 'email': 'charlotte.barnett@example.com', 'login': {'uuid': '2010dd13-4803-4225-bb04-1a0f4ce00ea5', 'username': 'brownbutterfly684', 'password': '2469', 'salt': 'FcnlivTR', 'md5': 'f45bb1ee618f2ae20c76973171875a2c', 'sha1': '41d83a7aa6a9f441b12290f15845e6e677fff8b5', 'sha256': '7aaebb7261240a667d4231c9d83ed7f1c9a405bca9eea42a0b27cf387e12714d'}, 'dob': {'date': '1947-10-03T15:15:03.825Z', 'age': 76}, 'registered': {'date': '2021-10-28T15:32:43.138Z', 'age': 2}, 'phone': '(890) 296-3139', 'cell': '(791) 562-9075', 'id': {'name': 'SSN', 'value': '456-13-8567'}, 'picture': {'large': 'https://randomuser.me/api/portraits/women/29.jpg', 'medium': 'https://randomuser.me/api/portraits/med/women/29.jpg', 'thumbnail': 'https://randomuser.me/api/portraits/thumb/women/29.jpg'}, 'nat': 'US'}], 'info': {'seed': 'b9013004ecebee30', 'results': 1, 'page': 1, 'version': '1.4'}}</msg>
<arg>${json_data}</arg>
<doc>Logs the given message with the given level.</doc>
<status status="PASS" start="2024-07-27T20:15:05.585666" elapsed="0.000214"/>
</kw>
<kw name="Dictionary Should Contain Key" owner="Collections">
<arg>${json_data}</arg>
<arg>results</arg>
<doc>Fails if ``key`` is not found from ``dictionary``.</doc>
<status status="PASS" start="2024-07-27T20:15:05.586181" elapsed="0.000168"/>
</kw>
<kw name="Should Not Be Empty" owner="BuiltIn">
<msg time="2024-07-27T20:15:05.586664" level="INFO">Length is 2.</msg>
<arg>${json_data}</arg>
<doc>Verifies that the given item is not empty.</doc>
<status status="PASS" start="2024-07-27T20:15:05.586538" elapsed="0.000164"/>
</kw>
<kw name="Create List" owner="BuiltIn">
<msg time="2024-07-27T20:15:05.587145" level="INFO">${expected_keys} = ['gender', 'name', 'location', 'email', 'login']</msg>
<var>${expected_keys}</var>
<arg>gender</arg>
<arg>name</arg>
<arg>location</arg>
<arg>email</arg>
<arg>login</arg>
<doc>Returns a list containing given items.</doc>
<status status="PASS" start="2024-07-27T20:15:05.586993" elapsed="0.000176"/>
</kw>
<for flavor="IN">
<iter>
<kw name="Dictionary Should Contain Key" owner="Collections">
<arg>${json_data['results'][0]}</arg>
<arg>${key}</arg>
<doc>Fails if ``key`` is not found from ``dictionary``.</doc>
<status status="PASS" start="2024-07-27T20:15:05.587765" elapsed="0.000405"/>
</kw>
<kw name="Log" owner="BuiltIn">
<msg time="2024-07-27T20:15:05.588781" level="INFO">{'gender': 'female', 'name': {'title': 'Miss', 'first': 'Charlotte', 'last': 'Barnett'}, 'location': {'street': {'number': 8739, 'name': 'Timber Wolf Trail'}, 'city': 'Bozeman', 'state': 'Illinois', 'country': 'United States', 'postcode': 37292, 'coordinates': {'latitude': '82.4258', 'longitude': '49.7758'}, 'timezone': {'offset': '-11:00', 'description': 'Midway Island, Samoa'}}, 'email': 'charlotte.barnett@example.com', 'login': {'uuid': '2010dd13-4803-4225-bb04-1a0f4ce00ea5', 'username': 'brownbutterfly684', 'password': '2469', 'salt': 'FcnlivTR', 'md5': 'f45bb1ee618f2ae20c76973171875a2c', 'sha1': '41d83a7aa6a9f441b12290f15845e6e677fff8b5', 'sha256': '7aaebb7261240a667d4231c9d83ed7f1c9a405bca9eea42a0b27cf387e12714d'}, 'dob': {'date': '1947-10-03T15:15:03.825Z', 'age': 76}, 'registered': {'date': '2021-10-28T15:32:43.138Z', 'age': 2}, 'phone': '(890) 296-3139', 'cell': '(791) 562-9075', 'id': {'name': 'SSN', 'value': '456-13-8567'}, 'picture': {'large': 'https://randomuser.me/api/portraits/women/29.jpg', 'medium': 'https://randomuser.me/api/portraits/med/women/29.jpg', 'thumbnail': 'https://randomuser.me/api/portraits/thumb/women/29.jpg'}, 'nat': 'US'}</msg>
<arg>${json_data['results'][0]}</arg>
<doc>Logs the given message with the given level.</doc>
<status status="PASS" start="2024-07-27T20:15:05.588415" elapsed="0.000414"/>
</kw>
<kw name="Log" owner="BuiltIn">
<msg time="2024-07-27T20:15:05.589259" level="INFO">gender</msg>
<arg>${key}</arg>
<doc>Logs the given message with the given level.</doc>
<status status="PASS" start="2024-07-27T20:15:05.589128" elapsed="0.000169"/>
</kw>
<var name="${key}">gender</var>
<status status="PASS" start="2024-07-27T20:15:05.587635" elapsed="0.001882"/>
</iter>
<iter>
<kw name="Dictionary Should Contain Key" owner="Collections">
<arg>${json_data['results'][0]}</arg>
<arg>${key}</arg>
<doc>Fails if ``key`` is not found from ``dictionary``.</doc>
<status status="PASS" start="2024-07-27T20:15:05.589818" elapsed="0.000392"/>
</kw>
<kw name="Log" owner="BuiltIn">
<msg time="2024-07-27T20:15:05.590791" level="INFO">{'gender': 'female', 'name': {'title': 'Miss', 'first': 'Charlotte', 'last': 'Barnett'}, 'location': {'street': {'number': 8739, 'name': 'Timber Wolf Trail'}, 'city': 'Bozeman', 'state': 'Illinois', 'country': 'United States', 'postcode': 37292, 'coordinates': {'latitude': '82.4258', 'longitude': '49.7758'}, 'timezone': {'offset': '-11:00', 'description': 'Midway Island, Samoa'}}, 'email': 'charlotte.barnett@example.com', 'login': {'uuid': '2010dd13-4803-4225-bb04-1a0f4ce00ea5', 'username': 'brownbutterfly684', 'password': '2469', 'salt': 'FcnlivTR', 'md5': 'f45bb1ee618f2ae20c76973171875a2c', 'sha1': '41d83a7aa6a9f441b12290f15845e6e677fff8b5', 'sha256': '7aaebb7261240a667d4231c9d83ed7f1c9a405bca9eea42a0b27cf387e12714d'}, 'dob': {'date': '1947-10-03T15:15:03.825Z', 'age': 76}, 'registered': {'date': '2021-10-28T15:32:43.138Z', 'age': 2}, 'phone': '(890) 296-3139', 'cell': '(791) 562-9075', 'id': {'name': 'SSN', 'value': '456-13-8567'}, 'picture': {'large': 'https://randomuser.me/api/portraits/women/29.jpg', 'medium': 'https://randomuser.me/api/portraits/med/women/29.jpg', 'thumbnail': 'https://randomuser.me/api/portraits/thumb/women/29.jpg'}, 'nat': 'US'}</msg>
<arg>${json_data['results'][0]}</arg>
<doc>Logs the given message with the given level.</doc>
<status status="PASS" start="2024-07-27T20:15:05.590397" elapsed="0.000453"/>
</kw>
<kw name="Log" owner="BuiltIn">
<msg time="2024-07-27T20:15:05.591278" level="INFO">name</msg>
<arg>${key}</arg>
<doc>Logs the given message with the given level.</doc>
<status status="PASS" start="2024-07-27T20:15:05.591148" elapsed="0.000168"/>
</kw>
<var name="${key}">name</var>
<status status="PASS" start="2024-07-27T20:15:05.589705" elapsed="0.001828"/>
</iter>
<iter>
<kw name="Dictionary Should Contain Key" owner="Collections">
<arg>${json_data['results'][0]}</arg>
<arg>${key}</arg>
<doc>Fails if ``key`` is not found from ``dictionary``.</doc>
<status status="PASS" start="2024-07-27T20:15:05.591819" elapsed="0.000388"/>
</kw>
<kw name="Log" owner="BuiltIn">
<msg time="2024-07-27T20:15:05.592797" level="INFO">{'gender': 'female', 'name': {'title': 'Miss', 'first': 'Charlotte', 'last': 'Barnett'}, 'location': {'street': {'number': 8739, 'name': 'Timber Wolf Trail'}, 'city': 'Bozeman', 'state': 'Illinois', 'country': 'United States', 'postcode': 37292, 'coordinates': {'latitude': '82.4258', 'longitude': '49.7758'}, 'timezone': {'offset': '-11:00', 'description': 'Midway Island, Samoa'}}, 'email': 'charlotte.barnett@example.com', 'login': {'uuid': '2010dd13-4803-4225-bb04-1a0f4ce00ea5', 'username': 'brownbutterfly684', 'password': '2469', 'salt': 'FcnlivTR', 'md5': 'f45bb1ee618f2ae20c76973171875a2c', 'sha1': '41d83a7aa6a9f441b12290f15845e6e677fff8b5', 'sha256': '7aaebb7261240a667d4231c9d83ed7f1c9a405bca9eea42a0b27cf387e12714d'}, 'dob': {'date': '1947-10-03T15:15:03.825Z', 'age': 76}, 'registered': {'date': '2021-10-28T15:32:43.138Z', 'age': 2}, 'phone': '(890) 296-3139', 'cell': '(791) 562-9075', 'id': {'name': 'SSN', 'value': '456-13-8567'}, 'picture': {'large': 'https://randomuser.me/api/portraits/women/29.jpg', 'medium': 'https://randomuser.me/api/portraits/med/women/29.jpg', 'thumbnail': 'https://randomuser.me/api/portraits/thumb/women/29.jpg'}, 'nat': 'US'}</msg>
<arg>${json_data['results'][0]}</arg>
<doc>Logs the given message with the given level.</doc>
<status status="PASS" start="2024-07-27T20:15:05.592442" elapsed="0.000401"/>
</kw>
<kw name="Log" owner="BuiltIn">
<msg time="2024-07-27T20:15:05.593272" level="INFO">location</msg>
<arg>${key}</arg>
<doc>Logs the given message with the given level.</doc>
<status status="PASS" start="2024-07-27T20:15:05.593141" elapsed="0.000168"/>
</kw>
<var name="${key}">location</var>
<status status="PASS" start="2024-07-27T20:15:05.591711" elapsed="0.001815"/>
</iter>
<iter>
<kw name="Dictionary Should Contain Key" owner="Collections">
<arg>${json_data['results'][0]}</arg>
<arg>${key}</arg>
<doc>Fails if ``key`` is not found from ``dictionary``.</doc>
<status status="PASS" start="2024-07-27T20:15:05.593810" elapsed="0.000388"/>
</kw>
<kw name="Log" owner="BuiltIn">
<msg time="2024-07-27T20:15:05.594875" level="INFO">{'gender': 'female', 'name': {'title': 'Miss', 'first': 'Charlotte', 'last': 'Barnett'}, 'location': {'street': {'number': 8739, 'name': 'Timber Wolf Trail'}, 'city': 'Bozeman', 'state': 'Illinois', 'country': 'United States', 'postcode': 37292, 'coordinates': {'latitude': '82.4258', 'longitude': '49.7758'}, 'timezone': {'offset': '-11:00', 'description': 'Midway Island, Samoa'}}, 'email': 'charlotte.barnett@example.com', 'login': {'uuid': '2010dd13-4803-4225-bb04-1a0f4ce00ea5', 'username': 'brownbutterfly684', 'password': '2469', 'salt': 'FcnlivTR', 'md5': 'f45bb1ee618f2ae20c76973171875a2c', 'sha1': '41d83a7aa6a9f441b12290f15845e6e677fff8b5', 'sha256': '7aaebb7261240a667d4231c9d83ed7f1c9a405bca9eea42a0b27cf387e12714d'}, 'dob': {'date': '1947-10-03T15:15:03.825Z', 'age': 76}, 'registered': {'date': '2021-10-28T15:32:43.138Z', 'age': 2}, 'phone': '(890) 296-3139', 'cell': '(791) 562-9075', 'id': {'name': 'SSN', 'value': '456-13-8567'}, 'picture': {'large': 'https://randomuser.me/api/portraits/women/29.jpg', 'medium': 'https://randomuser.me/api/portraits/med/women/29.jpg', 'thumbnail': 'https://randomuser.me/api/portraits/thumb/women/29.jpg'}, 'nat': 'US'}</msg>
<arg>${json_data['results'][0]}</arg>
<doc>Logs the given message with the given level.</doc>
<status status="PASS" start="2024-07-27T20:15:05.594518" elapsed="0.000406"/>
</kw>
<kw name="Log" owner="BuiltIn">
<msg time="2024-07-27T20:15:05.595355" level="INFO">email</msg>
<arg>${key}</arg>
<doc>Logs the given message with the given level.</doc>
<status status="PASS" start="2024-07-27T20:15:05.595222" elapsed="0.000171"/>
</kw>
<var name="${key}">email</var>
<status status="PASS" start="2024-07-27T20:15:05.593700" elapsed="0.001913"/>
</iter>
<iter>
<kw name="Dictionary Should Contain Key" owner="Collections">
<arg>${json_data['results'][0]}</arg>
<arg>${key}</arg>
<doc>Fails if ``key`` is not found from ``dictionary``.</doc>
<status status="PASS" start="2024-07-27T20:15:05.595903" elapsed="0.000411"/>
</kw>
<kw name="Log" owner="BuiltIn">
<msg time="2024-07-27T20:15:05.596877" level="INFO">{'gender': 'female', 'name': {'title': 'Miss', 'first': 'Charlotte', 'last': 'Barnett'}, 'location': {'street': {'number': 8739, 'name': 'Timber Wolf Trail'}, 'city': 'Bozeman', 'state': 'Illinois', 'country': 'United States', 'postcode': 37292, 'coordinates': {'latitude': '82.4258', 'longitude': '49.7758'}, 'timezone': {'offset': '-11:00', 'description': 'Midway Island, Samoa'}}, 'email': 'charlotte.barnett@example.com', 'login': {'uuid': '2010dd13-4803-4225-bb04-1a0f4ce00ea5', 'username': 'brownbutterfly684', 'password': '2469', 'salt': 'FcnlivTR', 'md5': 'f45bb1ee618f2ae20c76973171875a2c', 'sha1': '41d83a7aa6a9f441b12290f15845e6e677fff8b5', 'sha256': '7aaebb7261240a667d4231c9d83ed7f1c9a405bca9eea42a0b27cf387e12714d'}, 'dob': {'date': '1947-10-03T15:15:03.825Z', 'age': 76}, 'registered': {'date': '2021-10-28T15:32:43.138Z', 'age': 2}, 'phone': '(890) 296-3139', 'cell': '(791) 562-9075', 'id': {'name': 'SSN', 'value': '456-13-8567'}, 'picture': {'large': 'https://randomuser.me/api/portraits/women/29.jpg', 'medium': 'https://randomuser.me/api/portraits/med/women/29.jpg', 'thumbnail': 'https://randomuser.me/api/portraits/thumb/women/29.jpg'}, 'nat': 'US'}</msg>
<arg>${json_data['results'][0]}</arg>
<doc>Logs the given message with the given level.</doc>
<status status="PASS" start="2024-07-27T20:15:05.596515" elapsed="0.000408"/>
</kw>
<kw name="Log" owner="BuiltIn">
<msg time="2024-07-27T20:15:05.597346" level="INFO">login</msg>
<arg>${key}</arg>
<doc>Logs the given message with the given level.</doc>
<status status="PASS" start="2024-07-27T20:15:05.597216" elapsed="0.000167"/>
</kw>
<var name="${key}">login</var>
<status status="PASS" start="2024-07-27T20:15:05.595793" elapsed="0.001805"/>
</iter>
<var>${key}</var>
<value>@{expected_keys}</value>
<status status="PASS" start="2024-07-27T20:15:05.587439" elapsed="0.010282"/>
</for>
<kw name="Create List" owner="BuiltIn">
<msg time="2024-07-27T20:15:05.598082" level="INFO">${expected_keysTwo} = ['username', 'password']</msg>
<var>${expected_keysTwo}</var>
<arg>username</arg>
<arg>password</arg>
<doc>Returns a list containing given items.</doc>
<status status="PASS" start="2024-07-27T20:15:05.597942" elapsed="0.000164"/>
</kw>
<for flavor="IN">
<iter>
<kw name="Dictionary Should Contain Key" owner="Collections">
<arg>${json_data['results'][0]['login']}</arg>
<arg>${keyTwo}</arg>
<doc>Fails if ``key`` is not found from ``dictionary``.</doc>
<status status="PASS" start="2024-07-27T20:15:05.598606" elapsed="0.000385"/>
</kw>
<kw name="Dictionary Should Contain Key" owner="Collections">
<arg>${json_data['results'][0]['login']}</arg>
<arg>${keyTwo}</arg>
<doc>Fails if ``key`` is not found from ``dictionary``.</doc>
<status status="PASS" start="2024-07-27T20:15:05.599175" elapsed="0.000375"/>
</kw>
<kw name="Log" owner="BuiltIn">
<msg time="2024-07-27T20:15:05.599855" level="INFO">username</msg>
<arg>${keyTwo}</arg>
<doc>Logs the given message with the given level.</doc>
<status status="PASS" start="2024-07-27T20:15:05.599732" elapsed="0.000160"/>
</kw>
<var name="${keyTwo}">username</var>
<status status="PASS" start="2024-07-27T20:15:05.598497" elapsed="0.001614"/>
</iter>
<iter>
<kw name="Dictionary Should Contain Key" owner="Collections">
<arg>${json_data['results'][0]['login']}</arg>
<arg>${keyTwo}</arg>
<doc>Fails if ``key`` is not found from ``dictionary``.</doc>
<status status="PASS" start="2024-07-27T20:15:05.600444" elapsed="0.000390"/>
</kw>
<kw name="Dictionary Should Contain Key" owner="Collections">
<arg>${json_data['results'][0]['login']}</arg>
<arg>${keyTwo}</arg>
<doc>Fails if ``key`` is not found from ``dictionary``.</doc>
<status status="PASS" start="2024-07-27T20:15:05.601015" elapsed="0.000374"/>
</kw>
<kw name="Log" owner="BuiltIn">
<msg time="2024-07-27T20:15:05.601689" level="INFO">password</msg>
<arg>${keyTwo}</arg>
<doc>Logs the given message with the given level.</doc>
<status status="PASS" start="2024-07-27T20:15:05.601564" elapsed="0.000162"/>
</kw>
<var name="${keyTwo}">password</var>
<status status="PASS" start="2024-07-27T20:15:05.600320" elapsed="0.001629"/>
</iter>
<var>${keyTwo}</var>
<value>@{expected_keysTwo}</value>
<status status="PASS" start="2024-07-27T20:15:05.598342" elapsed="0.003729"/>
</for>
<status status="PASS" start="2024-07-27T20:15:05.480411" elapsed="0.121799"/>
</kw>
<doc>Testa a estrutura da resposta da API.</doc>
<tag>testeEstruturaResposta</tag>
<status status="PASS" start="2024-07-27T20:15:05.479771" elapsed="0.122597"/>
</test>
<test id="s1-s1-t4" name="Validar tipos de dados" line="28">
<kw name="Teste de Tipos de Dados" owner="random-user-service">
<kw name="GET On Session" owner="RequestsLibrary">
<msg time="2024-07-27T20:15:05.711657" level="INFO">GET Request : url=https://randomuser.me/api 
 path_url=/api 
 headers={'User-Agent': 'python-requests/2.32.3', 'Accept-Encoding': 'gzip, deflate', 'Accept': '*/*', 'Connection': 'keep-alive'} 
 body=None 
 </msg>
<msg time="2024-07-27T20:15:05.711764" level="INFO">GET Response : url=https://randomuser.me/api 
 status=200, reason=OK 
 headers={'Date': 'Sat, 27 Jul 2024 20:15:05 GMT', 'Content-Type': 'application/json; charset=utf-8', 'Transfer-Encoding': 'chunked', 'Connection': 'keep-alive', 'X-Powered-By': 'Express', 'Access-Control-Allow-Origin': '*', 'Cache-Control': 'no-cache', 'ETag': 'W/"479-GeAMAEPhTNYElaJjzB7dbm3s42s"', 'Vary': 'Accept-Encoding', 'Content-Encoding': 'gzip', 'CF-Cache-Status': 'DYNAMIC', 'Report-To': '{"endpoints":[{"url":"https:\\/\\/a.nel.cloudflare.com\\/report\\/v4?s=n4oTIpgdTtz6hgvxnrgYHlMGoALtp%2B4iF0HQWEPq%2BJ2h3TNZhAdXzf9A0tk5LY%2FTmx2VK2rIkA5DRL7aul2bdiFmCVlbLmvHDOa5TFruBHKTIsO9fcEUp0uTiyT%2Bw2Kd"}],"group":"cf-nel","max_age":604800}', 'NEL': '{"success_fraction":0,"report_to":"cf-nel","max_age":604800}', 'Server': 'cloudflare', 'CF-RAY': '8a9f4cac180228a0-IAD', 'alt-svc': 'h3=":443"; ma=86400'} 
 body={"results":[{"gender":"male","name":{"title":"Mr","first":"Wallace","last":"Schmidt"},"location":{"street":{"number":401,"name":"W Sherman Dr"},"city":"Sydney","state":"Western Australia","country":"Australia","postcode":2701,"coordinates":{"latitude":"-81.8658","longitude":"-105.6226"},"timezone":{"offset":"-2:00","description":"Mid-Atlantic"}},"email":"wallace.schmidt@example.com","login":{"uuid":"fd60ecfb-4056-4fe3-aca1-26cb1c3204bb","username":"redcat230","password":"shuan","salt":"pbtz96mN","md5":"6357762cd997e86301f2e43fc5c82f80","sha1":"299f963b98b1d8850ec5fc72d1629b8b738a051c","sha256":"3b799be94e10bcc009543af5aff158bdba892146ba79a76863c2bc3e8977b0e3"},"dob":{"date":"1966-03-07T05:35:45.177Z","age":58},"registered":{"date":"2018-01-07T17:03:34.362Z","age":6},"phone":"01-8210-2776","cell":"0454-697-170","id":{"name":"TFN","value":"707119449"},"picture":{"large":"https://randomuser.me/api/portraits/men/69.jpg","medium":"https://randomuser.me/api/portraits/med/men/69.jpg","thumbnail":"https://randomuser.me/api/portraits/thumb/men/69.jpg"},"nat":"AU"}],"info":{"seed":"331f6450693635f0","results":1,"page":1,"version":"1.4"}} 
 </msg>
<msg time="2024-07-27T20:15:05.711844" level="INFO">/opt/hostedtoolcache/Python/3.12.4/x64/lib/python3.12/site-packages/urllib3/connectionpool.py:1099: InsecureRequestWarning: Unverified HTTPS request is being made to host 'randomuser.me'. Adding certificate verification is strongly advised. See: https://urllib3.readthedocs.io/en/latest/advanced-usage.html#tls-warnings
  warnings.warn(</msg>
<msg time="2024-07-27T20:15:05.711971" level="INFO">${response} = &lt;Response [200]&gt;</msg>
<var>${response}</var>
<arg>consultarAPI</arg>
<arg>/api</arg>
<doc>Sends a GET request on a previously created HTTP Session.</doc>
<status status="PASS" start="2024-07-27T20:15:05.604930" elapsed="0.107081"/>
</kw>
<kw name="Set Variable" owner="BuiltIn">
<msg time="2024-07-27T20:15:05.713229" level="INFO">${json_data} = {'results': [{'gender': 'male', 'name': {'title': 'Mr', 'first': 'Wallace', 'last': 'Schmidt'}, 'location': {'street': {'number': 401, 'name': 'W Sherman Dr'}, 'city': 'Sydney', 'state': 'Western Aust...</msg>
<var>${json_data}</var>
<arg>${response.json()}</arg>
<doc>Returns the given values which can then be assigned to a variables.</doc>
<status status="PASS" start="2024-07-27T20:15:05.712663" elapsed="0.000596"/>
</kw>
<kw name="Log" owner="BuiltIn">
<msg time="2024-07-27T20:15:05.713728" level="INFO">{'results': [{'gender': 'male', 'name': {'title': 'Mr', 'first': 'Wallace', 'last': 'Schmidt'}, 'location': {'street': {'number': 401, 'name': 'W Sherman Dr'}, 'city': 'Sydney', 'state': 'Western Australia', 'country': 'Australia', 'postcode': 2701, 'coordinates': {'latitude': '-81.8658', 'longitude': '-105.6226'}, 'timezone': {'offset': '-2:00', 'description': 'Mid-Atlantic'}}, 'email': 'wallace.schmidt@example.com', 'login': {'uuid': 'fd60ecfb-4056-4fe3-aca1-26cb1c3204bb', 'username': 'redcat230', 'password': 'shuan', 'salt': 'pbtz96mN', 'md5': '6357762cd997e86301f2e43fc5c82f80', 'sha1': '299f963b98b1d8850ec5fc72d1629b8b738a051c', 'sha256': '3b799be94e10bcc009543af5aff158bdba892146ba79a76863c2bc3e8977b0e3'}, 'dob': {'date': '1966-03-07T05:35:45.177Z', 'age': 58}, 'registered': {'date': '2018-01-07T17:03:34.362Z', 'age': 6}, 'phone': '01-8210-2776', 'cell': '0454-697-170', 'id': {'name': 'TFN', 'value': '707119449'}, 'picture': {'large': 'https://randomuser.me/api/portraits/men/69.jpg', 'medium': 'https://randomuser.me/api/portraits/med/men/69.jpg', 'thumbnail': 'https://randomuser.me/api/portraits/thumb/men/69.jpg'}, 'nat': 'AU'}], 'info': {'seed': '331f6450693635f0', 'results': 1, 'page': 1, 'version': '1.4'}}</msg>
<arg>${json_data}</arg>
<doc>Logs the given message with the given level.</doc>
<status status="PASS" start="2024-07-27T20:15:05.713571" elapsed="0.000205"/>
</kw>
<kw name="Should Be String" owner="String">
<arg>${json_data['results'][0]['gender']}</arg>
<doc>Fails if the given ``item`` is not a string.</doc>
<status status="PASS" start="2024-07-27T20:15:05.714071" elapsed="0.000367"/>
</kw>
<kw name="Should Match Regexp" owner="BuiltIn">
<arg>${json_data['results'][0]['email']}</arg>
<arg>^[a-zA-Z0-9._%+-]+@[a-zA-Z0-9.-]+\.[a-zA-Z]{2,}$</arg>
<doc>Fails if ``string`` does not match ``pattern`` as a regular expression.</doc>
<status status="PASS" start="2024-07-27T20:15:05.714626" elapsed="0.000571"/>
</kw>
<kw name="Should Match Regexp" owner="BuiltIn">
<arg>${json_data['results'][0]['dob']['date']}</arg>
<arg>\\d{4}-\\d{2}-\\d{2}T\\d{2}:\\d{2}:\\d{2}\\.\\d{3}Z</arg>
<doc>Fails if ``string`` does not match ``pattern`` as a regular expression.</doc>
<status status="PASS" start="2024-07-27T20:15:05.715396" elapsed="0.000636"/>
</kw>
<kw name="Should Match Regexp" owner="BuiltIn">
<arg>${json_data['results'][0]['registered']['date']}</arg>
<arg>\\d{4}-\\d{2}-\\d{2}T\\d{2}:\\d{2}:\\d{2}\\.\\d{3}Z</arg>
<doc>Fails if ``string`` does not match ``pattern`` as a regular expression.</doc>
<status status="PASS" start="2024-07-27T20:15:05.716252" elapsed="0.000388"/>
</kw>
<kw name="Should Match Regexp" owner="BuiltIn">
<arg>${json_data['results'][0]['picture']['large']}</arg>
<arg>^https?://.*\.(?:png|jpe?g|gif|bmp)$</arg>
<doc>Fails if ``string`` does not match ``pattern`` as a regular expression.</doc>
<status status="PASS" start="2024-07-27T20:15:05.716828" elapsed="0.000464"/>
</kw>
<kw name="Should Match Regexp" owner="BuiltIn">
<arg>${json_data['results'][0]['picture']['medium']}</arg>
<arg>^https?://.*\.(?:png|jpe?g|gif|bmp)$</arg>
<doc>Fails if ``string`` does not match ``pattern`` as a regular expression.</doc>
<status status="PASS" start="2024-07-27T20:15:05.717479" elapsed="0.000352"/>
</kw>
<kw name="Should Match Regexp" owner="BuiltIn">
<arg>${json_data['results'][0]['picture']['thumbnail']}</arg>
<arg>^https?://.*\.(?:png|jpe?g|gif|bmp)$</arg>
<doc>Fails if ``string`` does not match ``pattern`` as a regular expression.</doc>
<status status="PASS" start="2024-07-27T20:15:05.718016" elapsed="0.000348"/>
</kw>
<kw name="Log" owner="BuiltIn">
<msg time="2024-07-27T20:15:05.718872" level="INFO">{'large': 'https://randomuser.me/api/portraits/men/69.jpg', 'medium': 'https://randomuser.me/api/portraits/med/men/69.jpg', 'thumbnail': 'https://randomuser.me/api/portraits/thumb/men/69.jpg'}</msg>
<arg>${json_data['results'][0]['picture']}</arg>
<doc>Logs the given message with the given level.</doc>
<status status="PASS" start="2024-07-27T20:15:05.718547" elapsed="0.000367"/>
</kw>
<status status="PASS" start="2024-07-27T20:15:05.604704" elapsed="0.114475"/>
</kw>
<kw name="Teste de Tipos de Dados - Postcode" owner="random-user-service">
<kw name="GET On Session" owner="RequestsLibrary">
<msg time="2024-07-27T20:15:05.759718" level="INFO">GET Request : url=https://randomuser.me/api 
 path_url=/api 
 headers={'User-Agent': 'python-requests/2.32.3', 'Accept-Encoding': 'gzip, deflate', 'Accept': '*/*', 'Connection': 'keep-alive'} 
 body=None 
 </msg>
<msg time="2024-07-27T20:15:05.759802" level="INFO">GET Response : url=https://randomuser.me/api 
 status=200, reason=OK 
 headers={'Date': 'Sat, 27 Jul 2024 20:15:05 GMT', 'Content-Type': 'application/json; charset=utf-8', 'Transfer-Encoding': 'chunked', 'Connection': 'keep-alive', 'X-Powered-By': 'Express', 'Access-Control-Allow-Origin': '*', 'Cache-Control': 'no-cache', 'ETag': 'W/"4a3-fATTBMlvWmBvnsw4EFZd1/BOgT4"', 'Vary': 'Accept-Encoding', 'Content-Encoding': 'gzip', 'CF-Cache-Status': 'DYNAMIC', 'Report-To': '{"endpoints":[{"url":"https:\\/\\/a.nel.cloudflare.com\\/report\\/v4?s=cGMAlBx7rpfGzUSMvr2cxDbLkw1WIjiBzpMUGGkS7iv4bVggBd4%2BVLE%2BwbRUdNYe2HpS%2BfDQNU2Syq7awI1Vp1CRX67fThls6fPS1wM66xNpQyY3p0GDhdCXPg1HRLfA"}],"group":"cf-nel","max_age":604800}', 'NEL': '{"success_fraction":0,"report_to":"cf-nel","max_age":604800}', 'Server': 'cloudflare', 'CF-RAY': '8a9f4cacc8cb28a0-IAD', 'alt-svc': 'h3=":443"; ma=86400'} 
 body={"results":[{"gender":"female","name":{"title":"Mrs","first":"Vita","last":"Martins"},"location":{"street":{"number":1758,"name":"Rua Dom Pedro Ii "},"city":"Volta Redonda","state":"Acre","country":"Brazil","postcode":24551,"coordinates":{"latitude":"-73.6055","longitude":"4.8256"},"timezone":{"offset":"-4:00","description":"Atlantic Time (Canada), Caracas, La Paz"}},"email":"vita.martins@example.com","login":{"uuid":"f8a424f0-24a2-4e20-97db-4922cf6fd5e3","username":"sadelephant625","password":"stefano","salt":"rNj6iahC","md5":"695f599863836b53c53af613edecdf1a","sha1":"6e3a64fa25f46460f594203a8f5c7710db769e52","sha256":"67ab7fe882720684c4c5d349c3ca66b38bb03fa9181385677a45d2b1ea80092e"},"dob":{"date":"1954-08-20T20:35:28.569Z","age":69},"registered":{"date":"2005-10-03T21:19:11.085Z","age":18},"phone":"(94) 9839-1088","cell":"(24) 1903-8319","id":{"name":"CPF","value":"685.939.550-46"},"picture":{"large":"https://randomuser.me/api/portraits/women/77.jpg","medium":"https://randomuser.me/api/portraits/med/women/77.jpg","thumbnail":"https://randomuser.me/api/portraits/thumb/women/77.jpg"},"nat":"BR"}],"info":{"seed":"1388fa06e457c178","results":1,"page":1,"version":"1.4"}} 
 </msg>
<msg time="2024-07-27T20:15:05.759866" level="INFO">/opt/hostedtoolcache/Python/3.12.4/x64/lib/python3.12/site-packages/urllib3/connectionpool.py:1099: InsecureRequestWarning: Unverified HTTPS request is being made to host 'randomuser.me'. Adding certificate verification is strongly advised. See: https://urllib3.readthedocs.io/en/latest/advanced-usage.html#tls-warnings
  warnings.warn(</msg>
<msg time="2024-07-27T20:15:05.759975" level="INFO">${response} = &lt;Response [200]&gt;</msg>
<var>${response}</var>
<arg>consultarAPI</arg>
<arg>/api</arg>
<doc>Sends a GET request on a previously created HTTP Session.</doc>
<status status="PASS" start="2024-07-27T20:15:05.719641" elapsed="0.040376"/>
</kw>
<kw name="Set Variable" owner="BuiltIn">
<msg time="2024-07-27T20:15:05.761165" level="INFO">${json_data} = {'results': [{'gender': 'female', 'name': {'title': 'Mrs', 'first': 'Vita', 'last': 'Martins'}, 'location': {'street': {'number': 1758, 'name': 'Rua Dom Pedro Ii '}, 'city': 'Volta Redonda', 'state': ...</msg>
<var>${json_data}</var>
<arg>${response.json()}</arg>
<doc>Returns the given values which can then be assigned to a variables.</doc>
<status status="PASS" start="2024-07-27T20:15:05.760618" elapsed="0.000577"/>
</kw>
<kw name="Log" owner="BuiltIn">
<msg time="2024-07-27T20:15:05.761680" level="INFO">{'results': [{'gender': 'female', 'name': {'title': 'Mrs', 'first': 'Vita', 'last': 'Martins'}, 'location': {'street': {'number': 1758, 'name': 'Rua Dom Pedro Ii '}, 'city': 'Volta Redonda', 'state': 'Acre', 'country': 'Brazil', 'postcode': 24551, 'coordinates': {'latitude': '-73.6055', 'longitude': '4.8256'}, 'timezone': {'offset': '-4:00', 'description': 'Atlantic Time (Canada), Caracas, La Paz'}}, 'email': 'vita.martins@example.com', 'login': {'uuid': 'f8a424f0-24a2-4e20-97db-4922cf6fd5e3', 'username': 'sadelephant625', 'password': 'stefano', 'salt': 'rNj6iahC', 'md5': '695f599863836b53c53af613edecdf1a', 'sha1': '6e3a64fa25f46460f594203a8f5c7710db769e52', 'sha256': '67ab7fe882720684c4c5d349c3ca66b38bb03fa9181385677a45d2b1ea80092e'}, 'dob': {'date': '1954-08-20T20:35:28.569Z', 'age': 69}, 'registered': {'date': '2005-10-03T21:19:11.085Z', 'age': 18}, 'phone': '(94) 9839-1088', 'cell': '(24) 1903-8319', 'id': {'name': 'CPF', 'value': '685.939.550-46'}, 'picture': {'large': 'https://randomuser.me/api/portraits/women/77.jpg', 'medium': 'https://randomuser.me/api/portraits/med/women/77.jpg', 'thumbnail': 'https://randomuser.me/api/portraits/thumb/women/77.jpg'}, 'nat': 'BR'}], 'info': {'seed': '1388fa06e457c178', 'results': 1, 'page': 1, 'version': '1.4'}}</msg>
<arg>${json_data}</arg>
<doc>Logs the given message with the given level.</doc>
<status status="PASS" start="2024-07-27T20:15:05.761514" elapsed="0.000214"/>
</kw>
<kw name="Should Be Equal As Numbers" owner="BuiltIn">
<arg>${json_data['results'][0]['location']['postcode']}</arg>
<arg>${json_data['results'][0]['location']['postcode']}</arg>
<doc>Fails if objects are unequal after converting them to real numbers.</doc>
<status status="PASS" start="2024-07-27T20:15:05.762034" elapsed="0.000645"/>
</kw>
<kw name="Log" owner="BuiltIn">
<msg time="2024-07-27T20:15:05.763219" level="INFO">24551</msg>
<arg>${json_data['results'][0]['location']['postcode']}</arg>
<doc>Logs the given message with the given level.</doc>
<status status="PASS" start="2024-07-27T20:15:05.762875" elapsed="0.000421"/>
</kw>
<status status="PASS" start="2024-07-27T20:15:05.719413" elapsed="0.044141"/>
</kw>
<doc>Testa se os tipos de dados na resposta da API estão corretos.</doc>
<tag>testeTiposDados</tag>
<status status="PASS" start="2024-07-27T20:15:05.604118" elapsed="0.159609"/>
</test>
<test id="s1-s1-t5" name="Validar conteudo" line="35">
<kw name="Teste de Tipos de Conteudo" owner="random-user-service">
<kw name="GET On Session" owner="RequestsLibrary">
<msg time="2024-07-27T20:15:05.867753" level="INFO">GET Request : url=https://randomuser.me/api 
 path_url=/api 
 headers={'User-Agent': 'python-requests/2.32.3', 'Accept-Encoding': 'gzip, deflate', 'Accept': '*/*', 'Connection': 'keep-alive'} 
 body=None 
 </msg>
<msg time="2024-07-27T20:15:05.867859" level="INFO">GET Response : url=https://randomuser.me/api 
 status=200, reason=OK 
 headers={'Date': 'Sat, 27 Jul 2024 20:15:05 GMT', 'Content-Type': 'application/json; charset=utf-8', 'Transfer-Encoding': 'chunked', 'Connection': 'keep-alive', 'X-Powered-By': 'Express', 'Access-Control-Allow-Origin': '*', 'Cache-Control': 'no-cache', 'ETag': 'W/"484-rquk3Xx0GFg15WWtwR5WKA4CX1U"', 'Vary': 'Accept-Encoding', 'Content-Encoding': 'gzip', 'CF-Cache-Status': 'DYNAMIC', 'Report-To': '{"endpoints":[{"url":"https:\\/\\/a.nel.cloudflare.com\\/report\\/v4?s=ZaX6chNCU1%2Bts5AKn%2F2Uwivwhfb%2FgdxKGVQZ4UqAV6xEBCTmImBYFDfCUMVukdPX68DavV8kxSvfSfjwYR%2B%2BGar2b3KDxocbsgPKc%2BbZbnH%2BBwL05WzO7RtrUhnw7Guk"}],"group":"cf-nel","max_age":604800}', 'NEL': '{"success_fraction":0,"report_to":"cf-nel","max_age":604800}', 'Server': 'cloudflare', 'CF-RAY': '8a9f4cad190f28a0-IAD', 'alt-svc': 'h3=":443"; ma=86400'} 
 body={"results":[{"gender":"female","name":{"title":"Mrs","first":"هستی","last":"کوتی"},"location":{"street":{"number":8431,"name":"فداییان اسلام"},"city":"بیرجند","state":"یزد","country":"Iran","postcode":59155,"coordinates":{"latitude":"20.5906","longitude":"96.1236"},"timezone":{"offset":"-11:00","description":"Midway Island, Samoa"}},"email":"hsty.khwty@example.com","login":{"uuid":"ce60d94f-8942-4376-8000-f835c06ada9f","username":"angrywolf570","password":"1952","salt":"JslmCxra","md5":"4e4fded097d13bfd1f846e60a48f3135","sha1":"85b76dcfd40648fbd3fd86fc67291df578ea372f","sha256":"104541dee40268634171282fdcfb073932b4be94428b8c58c9d66715fdd0e058"},"dob":{"date":"1955-08-02T19:03:40.334Z","age":68},"registered":{"date":"2009-09-03T17:46:15.719Z","age":14},"phone":"003-68659536","cell":"0943-618-6699","id":{"name":"","value":null},"picture":{"large":"https://randomuser.me/api/portraits/women/75.jpg","medium":"https://randomuser.me/api/portraits/med/women/75.jpg","thumbnail":"https://randomuser.me/api/portraits/thumb/women/75.jpg"},"nat":"IR"}],"info":{"seed":"b78cbb69f0ca5f69","results":1,"page":1,"version":"1.4"}} 
 </msg>
<msg time="2024-07-27T20:15:05.867943" level="INFO">/opt/hostedtoolcache/Python/3.12.4/x64/lib/python3.12/site-packages/urllib3/connectionpool.py:1099: InsecureRequestWarning: Unverified HTTPS request is being made to host 'randomuser.me'. Adding certificate verification is strongly advised. See: https://urllib3.readthedocs.io/en/latest/advanced-usage.html#tls-warnings
  warnings.warn(</msg>
<msg time="2024-07-27T20:15:05.868084" level="INFO">${response} = &lt;Response [200]&gt;</msg>
<var>${response}</var>
<arg>consultarAPI</arg>
<arg>/api</arg>
<doc>Sends a GET request on a previously created HTTP Session.</doc>
<status status="PASS" start="2024-07-27T20:15:05.766366" elapsed="0.101767"/>
</kw>
<kw name="Set Variable" owner="BuiltIn">
<msg time="2024-07-27T20:15:05.869360" level="INFO">${json_data} = {'results': [{'gender': 'female', 'name': {'title': 'Mrs', 'first': 'هستی', 'last': 'کوتی'}, 'location': {'street': {'number': 8431, 'name': 'فداییان اسلام'}, 'city': 'بیرجند', 'state': 'یزد', 'countr...</msg>
<var>${json_data}</var>
<arg>${response.json()}</arg>
<doc>Returns the given values which can then be assigned to a variables.</doc>
<status status="PASS" start="2024-07-27T20:15:05.868777" elapsed="0.000615"/>
</kw>
<kw name="Set Variable" owner="BuiltIn">
<msg time="2024-07-27T20:15:05.870090" level="INFO">${name_title} = Mrs</msg>
<var>${name_title}</var>
<arg>${json_data["results"][0]["name"]["title"]}</arg>
<doc>Returns the given values which can then be assigned to a variables.</doc>
<status status="PASS" start="2024-07-27T20:15:05.869704" elapsed="0.000411"/>
</kw>
<kw name="Create List" owner="BuiltIn">
<msg time="2024-07-27T20:15:05.870558" level="INFO">${allowed_titles} = ['Mr', 'Ms', 'Miss', 'Mrs', 'Madame', 'Monsieur']</msg>
<var>${allowed_titles}</var>
<arg>Mr</arg>
<arg>Ms</arg>
<arg>Miss</arg>
<arg>Mrs</arg>
<arg>Madame</arg>
<arg>Monsieur</arg>
<doc>Returns a list containing given items.</doc>
<status status="PASS" start="2024-07-27T20:15:05.870407" elapsed="0.000175"/>
</kw>
<kw name="List Should Contain Value" owner="Collections">
<arg>${allowed_titles}</arg>
<arg>${name_title}</arg>
<doc>Fails if the ``value`` is not found from ``list``.</doc>
<status status="PASS" start="2024-07-27T20:15:05.870876" elapsed="0.000187"/>
</kw>
<kw name="Set Variable" owner="BuiltIn">
<msg time="2024-07-27T20:15:05.871632" level="INFO">${name_country} = IR</msg>
<var>${name_country}</var>
<arg>${json_data["results"][0]["nat"]}</arg>
<doc>Returns the given values which can then be assigned to a variables.</doc>
<status status="PASS" start="2024-07-27T20:15:05.871253" elapsed="0.000404"/>
</kw>
<kw name="Create List" owner="BuiltIn">
<msg time="2024-07-27T20:15:05.872583" level="INFO">${list_country} = ['AD', 'AE', 'AF', 'AG', 'AI', 'AL', 'AM', 'AO', 'AQ', 'AR', 'AS', 'AT', 'AU', 'AW', 'AX', 'AZ', 'BA', 'BB', 'BD', 'BE', 'BF', 'BG', 'BH', 'BI', 'BJ', 'BL', 'BM', 'BN', 'BO', 'BQ', 'BR', 'BS', 'BT', '...</msg>
<var>${list_country}</var>
<arg>AD</arg>
<arg>AE</arg>
<arg>AF</arg>
<arg>AG</arg>
<arg>AI</arg>
<arg>AL</arg>
<arg>AM</arg>
<arg>AO</arg>
<arg>AQ</arg>
<arg>AR</arg>
<arg>AS</arg>
<arg>AT</arg>
<arg>AU</arg>
<arg>AW</arg>
<arg>AX</arg>
<arg>AZ</arg>
<arg>BA</arg>
<arg>BB</arg>
<arg>BD</arg>
<arg>BE</arg>
<arg>BF</arg>
<arg>BG</arg>
<arg>BH</arg>
<arg>BI</arg>
<arg>BJ</arg>
<arg>BL</arg>
<arg>BM</arg>
<arg>BN</arg>
<arg>BO</arg>
<arg>BQ</arg>
<arg>BR</arg>
<arg>BS</arg>
<arg>BT</arg>
<arg>BV</arg>
<arg>BW</arg>
<arg>BY</arg>
<arg>BZ</arg>
<arg>CA</arg>
<arg>CC</arg>
<arg>CD</arg>
<arg>CF</arg>
<arg>CG</arg>
<arg>CH</arg>
<arg>CI</arg>
<arg>CK</arg>
<arg>CL</arg>
<arg>CM</arg>
<arg>CN</arg>
<arg>CO</arg>
<arg>CR</arg>
<arg>CU</arg>
<arg>CV</arg>
<arg>CW</arg>
<arg>CX</arg>
<arg>CY</arg>
<arg>CZ</arg>
<arg>DE</arg>
<arg>DJ</arg>
<arg>DK</arg>
<arg>DM</arg>
<arg>DO</arg>
<arg>DZ</arg>
<arg>EC</arg>
<arg>EE</arg>
<arg>EG</arg>
<arg>EH</arg>
<arg>ER</arg>
<arg>ES</arg>
<arg>ET</arg>
<arg>FI</arg>
<arg>FJ</arg>
<arg>FK</arg>
<arg>FM</arg>
<arg>FO</arg>
<arg>FR</arg>
<arg>GA</arg>
<arg>GB</arg>
<arg>GD</arg>
<arg>GE</arg>
<arg>GF</arg>
<arg>GG</arg>
<arg>GH</arg>
<arg>GI</arg>
<arg>GL</arg>
<arg>GM</arg>
<arg>GN</arg>
<arg>GP</arg>
<arg>GQ</arg>
<arg>GR</arg>
<arg>GS</arg>
<arg>GT</arg>
<arg>GU</arg>
<arg>GW</arg>
<arg>GY</arg>
<arg>HK</arg>
<arg>HM</arg>
<arg>HN</arg>
<arg>HR</arg>
<arg>HT</arg>
<arg>HU</arg>
<arg>ID</arg>
<arg>IE</arg>
<arg>IL</arg>
<arg>IM</arg>
<arg>IN</arg>
<arg>IO</arg>
<arg>IQ</arg>
<arg>IR</arg>
<arg>IS</arg>
<arg>IT</arg>
<arg>JE</arg>
<arg>JM</arg>
<arg>JO</arg>
<arg>JP</arg>
<arg>KE</arg>
<arg>KG</arg>
<arg>KH</arg>
<arg>KI</arg>
<arg>KM</arg>
<arg>KN</arg>
<arg>KP</arg>
<arg>KR</arg>
<arg>KW</arg>
<arg>KY</arg>
<arg>KZ</arg>
<arg>LA</arg>
<arg>LB</arg>
<arg>LC</arg>
<arg>LI</arg>
<arg>LK</arg>
<arg>LR</arg>
<arg>LS</arg>
<arg>LT</arg>
<arg>LU</arg>
<arg>LV</arg>
<arg>LY</arg>
<arg>MA</arg>
<arg>MC</arg>
<arg>MD</arg>
<arg>ME</arg>
<arg>MF</arg>
<arg>MG</arg>
<arg>MH</arg>
<arg>MK</arg>
<arg>ML</arg>
<arg>MM</arg>
<arg>MN</arg>
<arg>MO</arg>
<arg>MP</arg>
<arg>MQ</arg>
<arg>MR</arg>
<arg>MS</arg>
<arg>MT</arg>
<arg>MU</arg>
<arg>MV</arg>
<arg>MW</arg>
<arg>MX</arg>
<arg>MY</arg>
<arg>MZ</arg>
<arg>NA</arg>
<arg>NC</arg>
<arg>NE</arg>
<arg>NF</arg>
<arg>NG</arg>
<arg>NI</arg>
<arg>NL</arg>
<arg>NO</arg>
<arg>NP</arg>
<arg>NR</arg>
<arg>NU</arg>
<arg>NZ</arg>
<arg>OM</arg>
<arg>PA</arg>
<arg>PE</arg>
<arg>PF</arg>
<arg>PG</arg>
<arg>PH</arg>
<arg>PK</arg>
<arg>PL</arg>
<arg>PM</arg>
<arg>PN</arg>
<arg>PR</arg>
<arg>PS</arg>
<arg>PT</arg>
<arg>PW</arg>
<arg>PY</arg>
<arg>QA</arg>
<arg>RE</arg>
<arg>RO</arg>
<arg>RS</arg>
<arg>RU</arg>
<arg>RW</arg>
<arg>SA</arg>
<arg>SB</arg>
<arg>SC</arg>
<arg>SD</arg>
<arg>SE</arg>
<arg>SG</arg>
<arg>SH</arg>
<arg>SI</arg>
<arg>SJ</arg>
<arg>SK</arg>
<arg>SL</arg>
<arg>SM</arg>
<arg>SN</arg>
<arg>SO</arg>
<arg>SR</arg>
<arg>SS</arg>
<arg>ST</arg>
<arg>SV</arg>
<arg>SX</arg>
<arg>SY</arg>
<arg>SZ</arg>
<arg>TC</arg>
<arg>TD</arg>
<arg>TF</arg>
<arg>TG</arg>
<arg>TH</arg>
<arg>TJ</arg>
<arg>TK</arg>
<arg>TL</arg>
<arg>TM</arg>
<arg>TN</arg>
<arg>TO</arg>
<arg>TR</arg>
<arg>TT</arg>
<arg>TV</arg>
<arg>TW</arg>
<arg>TZ</arg>
<arg>UA</arg>
<arg>UG</arg>
<arg>UM</arg>
<arg>US</arg>
<arg>UY</arg>
<arg>UZ</arg>
<arg>VA</arg>
<arg>VC</arg>
<arg>VE</arg>
<arg>VG</arg>
<arg>VI</arg>
<arg>VN</arg>
<arg>VU</arg>
<arg>WF</arg>
<arg>WS</arg>
<arg>XK</arg>
<arg>YE</arg>
<arg>YT</arg>
<arg>ZA</arg>
<arg>ZM</arg>
<arg>ZW</arg>
<doc>Returns a list containing given items.</doc>
<status status="PASS" start="2024-07-27T20:15:05.871955" elapsed="0.000654"/>
</kw>
<kw name="List Should Contain Value" owner="Collections">
<arg>${list_country}</arg>
<arg>${name_country}</arg>
<doc>Fails if the ``value`` is not found from ``list``.</doc>
<status status="PASS" start="2024-07-27T20:15:05.873593" elapsed="0.000211"/>
</kw>
<kw name="Run Keyword If" owner="BuiltIn">
<kw name="Should Be True" owner="BuiltIn">
<arg>${True}</arg>
<doc>Fails if the given condition is not true.</doc>
<status status="PASS" start="2024-07-27T20:15:05.874751" elapsed="0.000142"/>
</kw>
<arg>${json_data["results"][0]["location"]["coordinates"]["latitude"]} &gt;= -90 and ${json_data["results"][0]["location"]["coordinates"]["latitude"]} &lt;= 90</arg>
<arg>Should Be True</arg>
<arg>${True}</arg>
<doc>Runs the given keyword with the given arguments, if ``condition`` is true.</doc>
<status status="PASS" start="2024-07-27T20:15:05.874007" elapsed="0.001010"/>
</kw>
<kw name="Run Keyword If" owner="BuiltIn">
<kw name="Should Be True" owner="BuiltIn">
<arg>${True}</arg>
<doc>Fails if the given condition is not true.</doc>
<status status="PASS" start="2024-07-27T20:15:05.875888" elapsed="0.000136"/>
</kw>
<arg>${json_data["results"][0]["location"]["coordinates"]["longitude"]} &gt;= -180 and ${json_data["results"][0]["location"]["coordinates"]["longitude"]} &lt;= 180</arg>
<arg>Should Be True</arg>
<arg>${True}</arg>
<doc>Runs the given keyword with the given arguments, if ``condition`` is true.</doc>
<status status="PASS" start="2024-07-27T20:15:05.875199" elapsed="0.000948"/>
</kw>
<status status="PASS" start="2024-07-27T20:15:05.766129" elapsed="0.110186"/>
</kw>
<doc>Testa o conteúdo específico dos campos retornados pela API.</doc>
<tag>testeConteudo</tag>
<status status="PASS" start="2024-07-27T20:15:05.765578" elapsed="0.110901"/>
</test>
<status status="PASS" start="2024-07-27T20:15:04.648403" elapsed="1.230057"/>
</suite>
<status status="PASS" start="2024-07-27T20:15:04.633817" elapsed="1.249769"/>
</suite>
<statistics>
<total>
<stat pass="5" fail="0" skip="0">All Tests</stat>
</total>
<tag>
<stat pass="1" fail="0" skip="0">testeConteudo</stat>
<stat pass="1" fail="0" skip="0">testeEstruturaResposta</stat>
<stat pass="1" fail="0" skip="0">testeRequisicaoBasica</stat>
<stat pass="1" fail="0" skip="0">testeTiposDados</stat>
</tag>
<suite>
<stat pass="5" fail="0" skip="0" id="s1" name="Tests">Tests</stat>
<stat pass="5" fail="0" skip="0" id="s1-s1" name="Random-User-Test">Tests.Random-User-Test</stat>
</suite>
</statistics>
<errors>
</errors>
</robot>
