<?xml version="1.0" encoding="UTF-8"?>
<robot generator="Robot 7.0 (Python 3.12.3 on linux)" generated="2024-04-29T04:17:05.284372" rpa="false" schemaversion="5">
<suite id="s1" name="Tests" source="/home/runner/work/DesafioQAItauRogerioJordao/DesafioQAItauRogerioJordao/RamdonUser/tests">
<suite id="s1-s1" name="Random-User-Test" source="/home/runner/work/DesafioQAItauRogerioJordao/DesafioQAItauRogerioJordao/RamdonUser/tests/random-user-test.robot">
<test id="s1-s1-t1" name="Conectar" line="13">
<kw name="Conectar API" owner="random-user-service">
<kw name="Create Session" owner="RequestsLibrary">
<msg time="2024-04-29T04:17:05.658174" level="INFO">Creating Session using : alias=consultarAPI, url=https://randomuser.me/, headers={},                     cookies={}, auth=None, timeout=None, proxies=None, verify=False,                     debug=0 </msg>
<arg>consultarAPI</arg>
<arg>${URL}</arg>
<doc>Create Session: create a HTTP session to a server</doc>
<status status="PASS" start="2024-04-29T04:17:05.657971" elapsed="0.000384"/>
</kw>
<status status="PASS" start="2024-04-29T04:17:05.656994" elapsed="0.001764"/>
</kw>
<status status="PASS" start="2024-04-29T04:17:05.656383" elapsed="0.002572"/>
</test>
<test id="s1-s1-t2" name="Validar retorno 200 e JSON Válido" line="16">
<kw name="Teste de Requisicao Basica" owner="random-user-service">
<kw name="GET On Session" owner="RequestsLibrary">
<msg time="2024-04-29T04:17:06.337890" level="INFO">GET Request : url=https://randomuser.me/api 
 path_url=/api 
 headers={'User-Agent': 'python-requests/2.31.0', 'Accept-Encoding': 'gzip, deflate', 'Accept': '*/*', 'Connection': 'keep-alive'} 
 body=None 
 </msg>
<msg time="2024-04-29T04:17:06.338038" level="INFO">GET Response : url=https://randomuser.me/api 
 status=200, reason=OK 
 headers={'Date': 'Mon, 29 Apr 2024 04:17:06 GMT', 'Content-Type': 'application/json; charset=utf-8', 'Transfer-Encoding': 'chunked', 'Connection': 'keep-alive', 'X-Powered-By': 'Express', 'Access-Control-Allow-Origin': '*', 'Cache-Control': 'no-cache', 'ETag': 'W/"48a-jYVd+wO3EnCuPb5KKSt+ED0w0sk"', 'Vary': 'Accept-Encoding', 'Content-Encoding': 'gzip', 'CF-Cache-Status': 'DYNAMIC', 'Report-To': '{"endpoints":[{"url":"https:\\/\\/a.nel.cloudflare.com\\/report\\/v4?s=yrVhJq10CpvBc2i6qLTLU3s%2BN6hVcOkUdlclV%2F0lRelEQAKnr5V6hqztnkOkucCN8pTqe8KGXKEeeM%2BNXCaJyiVnJwOLf3Qgocj9YoTB1PTU6sNaddB7GeVGgyVTVZGk"}],"group":"cf-nel","max_age":604800}', 'NEL': '{"success_fraction":0,"report_to":"cf-nel","max_age":604800}', 'Server': 'cloudflare', 'CF-RAY': '87bc7afb99cc2ee5-LAX', 'alt-svc': 'h3=":443"; ma=86400'} 
 body={"results":[{"gender":"male","name":{"title":"Mr","first":"Borja","last":"Ortiz"},"location":{"street":{"number":6352,"name":"Calle del Prado"},"city":"Madrid","state":"Castilla la Mancha","country":"Spain","postcode":40698,"coordinates":{"latitude":"-30.2752","longitude":"-127.8959"},"timezone":{"offset":"+4:00","description":"Abu Dhabi, Muscat, Baku, Tbilisi"}},"email":"borja.ortiz@example.com","login":{"uuid":"2a9ad845-76c7-473c-91bd-73c82c5c6940","username":"redsnake547","password":"bailey1","salt":"EzVBBnVY","md5":"b006dfdc227dfac24e801272670b993a","sha1":"5a0ab8cb6e1ef53923470d07460f847c7a5b273a","sha256":"8fb50933845c2f904e322711283f81b56043c9dbd2bdea9ec6f3f7500013c1ea"},"dob":{"date":"1957-06-01T12:30:35.296Z","age":66},"registered":{"date":"2018-07-16T23:16:31.945Z","age":5},"phone":"917-383-620","cell":"650-189-069","id":{"name":"DNI","value":"88077419-L"},"picture":{"large":"https://randomuser.me/api/portraits/men/50.jpg","medium":"https://randomuser.me/api/portraits/med/men/50.jpg","thumbnail":"https://randomuser.me/api/portraits/thumb/men/50.jpg"},"nat":"ES"}],"info":{"seed":"324ee66291f81a2d","results":1,"page":1,"version":"1.4"}} 
 </msg>
<msg time="2024-04-29T04:17:06.338117" level="INFO">/opt/hostedtoolcache/Python/3.12.3/x64/lib/python3.12/site-packages/urllib3/connectionpool.py:1103: InsecureRequestWarning: Unverified HTTPS request is being made to host 'randomuser.me'. Adding certificate verification is strongly advised. See: https://urllib3.readthedocs.io/en/latest/advanced-usage.html#tls-warnings
  warnings.warn(</msg>
<msg time="2024-04-29T04:17:06.338276" level="INFO">${response} = &lt;Response [200]&gt;</msg>
<var>${response}</var>
<arg>consultarAPI</arg>
<arg>/api</arg>
<doc>Sends a GET request on a previously created HTTP Session.</doc>
<status status="PASS" start="2024-04-29T04:17:05.661632" elapsed="0.676689"/>
</kw>
<kw name="Should Be Equal As Numbers" owner="BuiltIn">
<msg time="2024-04-29T04:17:06.339337" level="INFO">Argument types are:
&lt;class 'int'&gt;
&lt;class 'str'&gt;</msg>
<arg>${response.status_code}</arg>
<arg>200</arg>
<doc>Fails if objects are unequal after converting them to real numbers.</doc>
<status status="PASS" start="2024-04-29T04:17:06.338885" elapsed="0.000516"/>
</kw>
<kw name="Log" owner="BuiltIn">
<msg time="2024-04-29T04:17:06.340060" level="INFO">200</msg>
<arg>${response.status_code}</arg>
<doc>Logs the given message with the given level.</doc>
<status status="PASS" start="2024-04-29T04:17:06.339716" elapsed="0.000385"/>
</kw>
<kw name="Set Variable" owner="BuiltIn">
<msg time="2024-04-29T04:17:06.340826" level="INFO">${json_data} = {'results': [{'gender': 'male', 'name': {'title': 'Mr', 'first': 'Borja', 'last': 'Ortiz'}, 'location': {'street': {'number': 6352, 'name': 'Calle del Prado'}, 'city': 'Madrid', 'state': 'Castilla la ...</msg>
<var>${json_data}</var>
<arg>${response.json()}</arg>
<doc>Returns the given values which can then be assigned to a variables.</doc>
<status status="PASS" start="2024-04-29T04:17:06.340395" elapsed="0.000458"/>
</kw>
<kw name="Dictionary Should Contain Key" owner="Collections">
<msg time="2024-04-29T04:17:06.341320" level="INFO">False</msg>
<arg>${json_data}</arg>
<arg>results</arg>
<doc>Fails if ``key`` is not found from ``dictionary``.</doc>
<status status="PASS" start="2024-04-29T04:17:06.341148" elapsed="0.000213"/>
</kw>
<status status="PASS" start="2024-04-29T04:17:05.661388" elapsed="0.680227"/>
</kw>
<doc>Testa se a API responde corretamente e retorna um objeto JSON válido.</doc>
<tag>testeRequisicaoBasica</tag>
<status status="PASS" start="2024-04-29T04:17:05.660857" elapsed="0.680938"/>
</test>
<test id="s1-s1-t3" name="Validar estrutura de resposta" line="22">
<kw name="Teste de Estrutura de Resposta" owner="random-user-service">
<kw name="GET On Session" owner="RequestsLibrary">
<msg time="2024-04-29T04:17:06.446438" level="INFO">GET Request : url=https://randomuser.me/api 
 path_url=/api 
 headers={'User-Agent': 'python-requests/2.31.0', 'Accept-Encoding': 'gzip, deflate', 'Accept': '*/*', 'Connection': 'keep-alive'} 
 body=None 
 </msg>
<msg time="2024-04-29T04:17:06.446556" level="INFO">GET Response : url=https://randomuser.me/api 
 status=200, reason=OK 
 headers={'Date': 'Mon, 29 Apr 2024 04:17:06 GMT', 'Content-Type': 'application/json; charset=utf-8', 'Transfer-Encoding': 'chunked', 'Connection': 'keep-alive', 'X-Powered-By': 'Express', 'Access-Control-Allow-Origin': '*', 'Cache-Control': 'no-cache', 'ETag': 'W/"49c-3goCiDTZewahtXW31UFtLoPNSFE"', 'Vary': 'Accept-Encoding', 'Content-Encoding': 'gzip', 'CF-Cache-Status': 'DYNAMIC', 'Report-To': '{"endpoints":[{"url":"https:\\/\\/a.nel.cloudflare.com\\/report\\/v4?s=NeNYlCAX%2Fmb8bxB1bG98ep8uK6CZoEitYjdmn0TBK88WGQeQQX8tfQBbrYSPE5cZk9qRfNe4mPptaG8MSdvP5DxG7BBAN5EtSdTk6oxyS5f5taUw9MEIrLZzAnp4akRH"}],"group":"cf-nel","max_age":604800}', 'NEL': '{"success_fraction":0,"report_to":"cf-nel","max_age":604800}', 'Server': 'cloudflare', 'CF-RAY': '87bc7afead692ee5-LAX', 'alt-svc': 'h3=":443"; ma=86400'} 
 body={"results":[{"gender":"male","name":{"title":"Mr","first":"Victor","last":"Arnaud"},"location":{"street":{"number":930,"name":"Avenue Jean-Jaurès"},"city":"Pau","state":"Guadeloupe","country":"France","postcode":65494,"coordinates":{"latitude":"-20.6607","longitude":"-177.6778"},"timezone":{"offset":"-6:00","description":"Central Time (US &amp; Canada), Mexico City"}},"email":"victor.arnaud@example.com","login":{"uuid":"f0311a59-2f6b-41df-99a0-a685d53c61a3","username":"redbird696","password":"magneto","salt":"j9ARhY0M","md5":"01456c2dfaa512b5bdde8ca74225e0cd","sha1":"2b4088c4cf8b67a937a4194f3a5407cccb45305d","sha256":"ec390f1f7da3edd4e127cf179924f84f8cdab36bfd21dd9f8a0e6f6a11b5b335"},"dob":{"date":"1965-12-22T09:11:27.830Z","age":58},"registered":{"date":"2013-03-20T11:15:02.728Z","age":11},"phone":"05-32-74-06-21","cell":"06-94-38-65-94","id":{"name":"INSEE","value":"1651109763386 97"},"picture":{"large":"https://randomuser.me/api/portraits/men/36.jpg","medium":"https://randomuser.me/api/portraits/med/men/36.jpg","thumbnail":"https://randomuser.me/api/portraits/thumb/men/36.jpg"},"nat":"FR"}],"info":{"seed":"b4d329e1ae39c221","results":1,"page":1,"version":"1.4"}} 
 </msg>
<msg time="2024-04-29T04:17:06.446756" level="INFO">/opt/hostedtoolcache/Python/3.12.3/x64/lib/python3.12/site-packages/urllib3/connectionpool.py:1103: InsecureRequestWarning: Unverified HTTPS request is being made to host 'randomuser.me'. Adding certificate verification is strongly advised. See: https://urllib3.readthedocs.io/en/latest/advanced-usage.html#tls-warnings
  warnings.warn(</msg>
<msg time="2024-04-29T04:17:06.446927" level="INFO">${response} = &lt;Response [200]&gt;</msg>
<var>${response}</var>
<arg>consultarAPI</arg>
<arg>/api</arg>
<doc>Sends a GET request on a previously created HTTP Session.</doc>
<status status="PASS" start="2024-04-29T04:17:06.344425" elapsed="0.102546"/>
</kw>
<kw name="Set Variable" owner="BuiltIn">
<msg time="2024-04-29T04:17:06.448004" level="INFO">${json_data} = {'results': [{'gender': 'male', 'name': {'title': 'Mr', 'first': 'Victor', 'last': 'Arnaud'}, 'location': {'street': {'number': 930, 'name': 'Avenue Jean-Jaurès'}, 'city': 'Pau', 'state': 'Guadeloupe'...</msg>
<var>${json_data}</var>
<arg>${response.json()}</arg>
<doc>Returns the given values which can then be assigned to a variables.</doc>
<status status="PASS" start="2024-04-29T04:17:06.447464" elapsed="0.000570"/>
</kw>
<kw name="Log" owner="BuiltIn">
<msg time="2024-04-29T04:17:06.448503" level="INFO">{'results': [{'gender': 'male', 'name': {'title': 'Mr', 'first': 'Victor', 'last': 'Arnaud'}, 'location': {'street': {'number': 930, 'name': 'Avenue Jean-Jaurès'}, 'city': 'Pau', 'state': 'Guadeloupe', 'country': 'France', 'postcode': 65494, 'coordinates': {'latitude': '-20.6607', 'longitude': '-177.6778'}, 'timezone': {'offset': '-6:00', 'description': 'Central Time (US &amp; Canada), Mexico City'}}, 'email': 'victor.arnaud@example.com', 'login': {'uuid': 'f0311a59-2f6b-41df-99a0-a685d53c61a3', 'username': 'redbird696', 'password': 'magneto', 'salt': 'j9ARhY0M', 'md5': '01456c2dfaa512b5bdde8ca74225e0cd', 'sha1': '2b4088c4cf8b67a937a4194f3a5407cccb45305d', 'sha256': 'ec390f1f7da3edd4e127cf179924f84f8cdab36bfd21dd9f8a0e6f6a11b5b335'}, 'dob': {'date': '1965-12-22T09:11:27.830Z', 'age': 58}, 'registered': {'date': '2013-03-20T11:15:02.728Z', 'age': 11}, 'phone': '05-32-74-06-21', 'cell': '06-94-38-65-94', 'id': {'name': 'INSEE', 'value': '1651109763386 97'}, 'picture': {'large': 'https://randomuser.me/api/portraits/men/36.jpg', 'medium': 'https://randomuser.me/api/portraits/med/men/36.jpg', 'thumbnail': 'https://randomuser.me/api/portraits/thumb/men/36.jpg'}, 'nat': 'FR'}], 'info': {'seed': 'b4d329e1ae39c221', 'results': 1, 'page': 1, 'version': '1.4'}}</msg>
<arg>${json_data}</arg>
<doc>Logs the given message with the given level.</doc>
<status status="PASS" start="2024-04-29T04:17:06.448343" elapsed="0.000210"/>
</kw>
<kw name="Dictionary Should Contain Key" owner="Collections">
<msg time="2024-04-29T04:17:06.449005" level="INFO">False</msg>
<arg>${json_data}</arg>
<arg>results</arg>
<doc>Fails if ``key`` is not found from ``dictionary``.</doc>
<status status="PASS" start="2024-04-29T04:17:06.448844" elapsed="0.000198"/>
</kw>
<kw name="Should Not Be Empty" owner="BuiltIn">
<msg time="2024-04-29T04:17:06.449458" level="INFO">Length is 2.</msg>
<arg>${json_data}</arg>
<doc>Verifies that the given item is not empty.</doc>
<status status="PASS" start="2024-04-29T04:17:06.449327" elapsed="0.000328"/>
</kw>
<kw name="Create List" owner="BuiltIn">
<msg time="2024-04-29T04:17:06.450110" level="INFO">${expected_keys} = ['gender', 'name', 'location', 'email', 'login']</msg>
<var>${expected_keys}</var>
<arg>gender</arg>
<arg>name</arg>
<arg>location</arg>
<arg>email</arg>
<arg>login</arg>
<doc>Returns a list containing given items.</doc>
<status status="PASS" start="2024-04-29T04:17:06.449957" elapsed="0.000177"/>
</kw>
<for flavor="IN">
<iter>
<kw name="Dictionary Should Contain Key" owner="Collections">
<msg time="2024-04-29T04:17:06.451161" level="INFO">False</msg>
<arg>${json_data['results'][0]}</arg>
<arg>${key}</arg>
<doc>Fails if ``key`` is not found from ``dictionary``.</doc>
<status status="PASS" start="2024-04-29T04:17:06.450758" elapsed="0.000441"/>
</kw>
<kw name="Log" owner="BuiltIn">
<msg time="2024-04-29T04:17:06.451864" level="INFO">{'gender': 'male', 'name': {'title': 'Mr', 'first': 'Victor', 'last': 'Arnaud'}, 'location': {'street': {'number': 930, 'name': 'Avenue Jean-Jaurès'}, 'city': 'Pau', 'state': 'Guadeloupe', 'country': 'France', 'postcode': 65494, 'coordinates': {'latitude': '-20.6607', 'longitude': '-177.6778'}, 'timezone': {'offset': '-6:00', 'description': 'Central Time (US &amp; Canada), Mexico City'}}, 'email': 'victor.arnaud@example.com', 'login': {'uuid': 'f0311a59-2f6b-41df-99a0-a685d53c61a3', 'username': 'redbird696', 'password': 'magneto', 'salt': 'j9ARhY0M', 'md5': '01456c2dfaa512b5bdde8ca74225e0cd', 'sha1': '2b4088c4cf8b67a937a4194f3a5407cccb45305d', 'sha256': 'ec390f1f7da3edd4e127cf179924f84f8cdab36bfd21dd9f8a0e6f6a11b5b335'}, 'dob': {'date': '1965-12-22T09:11:27.830Z', 'age': 58}, 'registered': {'date': '2013-03-20T11:15:02.728Z', 'age': 11}, 'phone': '05-32-74-06-21', 'cell': '06-94-38-65-94', 'id': {'name': 'INSEE', 'value': '1651109763386 97'}, 'picture': {'large': 'https://randomuser.me/api/portraits/men/36.jpg', 'medium': 'https://randomuser.me/api/portraits/med/men/36.jpg', 'thumbnail': 'https://randomuser.me/api/portraits/thumb/men/36.jpg'}, 'nat': 'FR'}</msg>
<arg>${json_data['results'][0]}</arg>
<doc>Logs the given message with the given level.</doc>
<status status="PASS" start="2024-04-29T04:17:06.451501" elapsed="0.000415"/>
</kw>
<kw name="Log" owner="BuiltIn">
<msg time="2024-04-29T04:17:06.452328" level="INFO">gender</msg>
<arg>${key}</arg>
<doc>Logs the given message with the given level.</doc>
<status status="PASS" start="2024-04-29T04:17:06.452205" elapsed="0.000158"/>
</kw>
<var name="${key}">gender</var>
<status status="PASS" start="2024-04-29T04:17:06.450587" elapsed="0.001985"/>
</iter>
<iter>
<kw name="Dictionary Should Contain Key" owner="Collections">
<msg time="2024-04-29T04:17:06.453248" level="INFO">False</msg>
<arg>${json_data['results'][0]}</arg>
<arg>${key}</arg>
<doc>Fails if ``key`` is not found from ``dictionary``.</doc>
<status status="PASS" start="2024-04-29T04:17:06.452864" elapsed="0.000421"/>
</kw>
<kw name="Log" owner="BuiltIn">
<msg time="2024-04-29T04:17:06.453967" level="INFO">{'gender': 'male', 'name': {'title': 'Mr', 'first': 'Victor', 'last': 'Arnaud'}, 'location': {'street': {'number': 930, 'name': 'Avenue Jean-Jaurès'}, 'city': 'Pau', 'state': 'Guadeloupe', 'country': 'France', 'postcode': 65494, 'coordinates': {'latitude': '-20.6607', 'longitude': '-177.6778'}, 'timezone': {'offset': '-6:00', 'description': 'Central Time (US &amp; Canada), Mexico City'}}, 'email': 'victor.arnaud@example.com', 'login': {'uuid': 'f0311a59-2f6b-41df-99a0-a685d53c61a3', 'username': 'redbird696', 'password': 'magneto', 'salt': 'j9ARhY0M', 'md5': '01456c2dfaa512b5bdde8ca74225e0cd', 'sha1': '2b4088c4cf8b67a937a4194f3a5407cccb45305d', 'sha256': 'ec390f1f7da3edd4e127cf179924f84f8cdab36bfd21dd9f8a0e6f6a11b5b335'}, 'dob': {'date': '1965-12-22T09:11:27.830Z', 'age': 58}, 'registered': {'date': '2013-03-20T11:15:02.728Z', 'age': 11}, 'phone': '05-32-74-06-21', 'cell': '06-94-38-65-94', 'id': {'name': 'INSEE', 'value': '1651109763386 97'}, 'picture': {'large': 'https://randomuser.me/api/portraits/men/36.jpg', 'medium': 'https://randomuser.me/api/portraits/med/men/36.jpg', 'thumbnail': 'https://randomuser.me/api/portraits/thumb/men/36.jpg'}, 'nat': 'FR'}</msg>
<arg>${json_data['results'][0]}</arg>
<doc>Logs the given message with the given level.</doc>
<status status="PASS" start="2024-04-29T04:17:06.453602" elapsed="0.000416"/>
</kw>
<kw name="Log" owner="BuiltIn">
<msg time="2024-04-29T04:17:06.454432" level="INFO">name</msg>
<arg>${key}</arg>
<doc>Logs the given message with the given level.</doc>
<status status="PASS" start="2024-04-29T04:17:06.454309" elapsed="0.000159"/>
</kw>
<var name="${key}">name</var>
<status status="PASS" start="2024-04-29T04:17:06.452753" elapsed="0.001943"/>
</iter>
<iter>
<kw name="Dictionary Should Contain Key" owner="Collections">
<msg time="2024-04-29T04:17:06.455374" level="INFO">False</msg>
<arg>${json_data['results'][0]}</arg>
<arg>${key}</arg>
<doc>Fails if ``key`` is not found from ``dictionary``.</doc>
<status status="PASS" start="2024-04-29T04:17:06.454996" elapsed="0.000414"/>
</kw>
<kw name="Log" owner="BuiltIn">
<msg time="2024-04-29T04:17:06.456074" level="INFO">{'gender': 'male', 'name': {'title': 'Mr', 'first': 'Victor', 'last': 'Arnaud'}, 'location': {'street': {'number': 930, 'name': 'Avenue Jean-Jaurès'}, 'city': 'Pau', 'state': 'Guadeloupe', 'country': 'France', 'postcode': 65494, 'coordinates': {'latitude': '-20.6607', 'longitude': '-177.6778'}, 'timezone': {'offset': '-6:00', 'description': 'Central Time (US &amp; Canada), Mexico City'}}, 'email': 'victor.arnaud@example.com', 'login': {'uuid': 'f0311a59-2f6b-41df-99a0-a685d53c61a3', 'username': 'redbird696', 'password': 'magneto', 'salt': 'j9ARhY0M', 'md5': '01456c2dfaa512b5bdde8ca74225e0cd', 'sha1': '2b4088c4cf8b67a937a4194f3a5407cccb45305d', 'sha256': 'ec390f1f7da3edd4e127cf179924f84f8cdab36bfd21dd9f8a0e6f6a11b5b335'}, 'dob': {'date': '1965-12-22T09:11:27.830Z', 'age': 58}, 'registered': {'date': '2013-03-20T11:15:02.728Z', 'age': 11}, 'phone': '05-32-74-06-21', 'cell': '06-94-38-65-94', 'id': {'name': 'INSEE', 'value': '1651109763386 97'}, 'picture': {'large': 'https://randomuser.me/api/portraits/men/36.jpg', 'medium': 'https://randomuser.me/api/portraits/med/men/36.jpg', 'thumbnail': 'https://randomuser.me/api/portraits/thumb/men/36.jpg'}, 'nat': 'FR'}</msg>
<arg>${json_data['results'][0]}</arg>
<doc>Logs the given message with the given level.</doc>
<status status="PASS" start="2024-04-29T04:17:06.455704" elapsed="0.000422"/>
</kw>
<kw name="Log" owner="BuiltIn">
<msg time="2024-04-29T04:17:06.456538" level="INFO">location</msg>
<arg>${key}</arg>
<doc>Logs the given message with the given level.</doc>
<status status="PASS" start="2024-04-29T04:17:06.456415" elapsed="0.000160"/>
</kw>
<var name="${key}">location</var>
<status status="PASS" start="2024-04-29T04:17:06.454885" elapsed="0.001899"/>
</iter>
<iter>
<kw name="Dictionary Should Contain Key" owner="Collections">
<msg time="2024-04-29T04:17:06.457444" level="INFO">False</msg>
<arg>${json_data['results'][0]}</arg>
<arg>${key}</arg>
<doc>Fails if ``key`` is not found from ``dictionary``.</doc>
<status status="PASS" start="2024-04-29T04:17:06.457062" elapsed="0.000419"/>
</kw>
<kw name="Log" owner="BuiltIn">
<msg time="2024-04-29T04:17:06.458128" level="INFO">{'gender': 'male', 'name': {'title': 'Mr', 'first': 'Victor', 'last': 'Arnaud'}, 'location': {'street': {'number': 930, 'name': 'Avenue Jean-Jaurès'}, 'city': 'Pau', 'state': 'Guadeloupe', 'country': 'France', 'postcode': 65494, 'coordinates': {'latitude': '-20.6607', 'longitude': '-177.6778'}, 'timezone': {'offset': '-6:00', 'description': 'Central Time (US &amp; Canada), Mexico City'}}, 'email': 'victor.arnaud@example.com', 'login': {'uuid': 'f0311a59-2f6b-41df-99a0-a685d53c61a3', 'username': 'redbird696', 'password': 'magneto', 'salt': 'j9ARhY0M', 'md5': '01456c2dfaa512b5bdde8ca74225e0cd', 'sha1': '2b4088c4cf8b67a937a4194f3a5407cccb45305d', 'sha256': 'ec390f1f7da3edd4e127cf179924f84f8cdab36bfd21dd9f8a0e6f6a11b5b335'}, 'dob': {'date': '1965-12-22T09:11:27.830Z', 'age': 58}, 'registered': {'date': '2013-03-20T11:15:02.728Z', 'age': 11}, 'phone': '05-32-74-06-21', 'cell': '06-94-38-65-94', 'id': {'name': 'INSEE', 'value': '1651109763386 97'}, 'picture': {'large': 'https://randomuser.me/api/portraits/men/36.jpg', 'medium': 'https://randomuser.me/api/portraits/med/men/36.jpg', 'thumbnail': 'https://randomuser.me/api/portraits/thumb/men/36.jpg'}, 'nat': 'FR'}</msg>
<arg>${json_data['results'][0]}</arg>
<doc>Logs the given message with the given level.</doc>
<status status="PASS" start="2024-04-29T04:17:06.457772" elapsed="0.000407"/>
</kw>
<kw name="Log" owner="BuiltIn">
<msg time="2024-04-29T04:17:06.458596" level="INFO">email</msg>
<arg>${key}</arg>
<doc>Logs the given message with the given level.</doc>
<status status="PASS" start="2024-04-29T04:17:06.458472" elapsed="0.000161"/>
</kw>
<var name="${key}">email</var>
<status status="PASS" start="2024-04-29T04:17:06.456954" elapsed="0.001946"/>
</iter>
<iter>
<kw name="Dictionary Should Contain Key" owner="Collections">
<msg time="2024-04-29T04:17:06.459557" level="INFO">False</msg>
<arg>${json_data['results'][0]}</arg>
<arg>${key}</arg>
<doc>Fails if ``key`` is not found from ``dictionary``.</doc>
<status status="PASS" start="2024-04-29T04:17:06.459177" elapsed="0.000416"/>
</kw>
<kw name="Log" owner="BuiltIn">
<msg time="2024-04-29T04:17:06.460245" level="INFO">{'gender': 'male', 'name': {'title': 'Mr', 'first': 'Victor', 'last': 'Arnaud'}, 'location': {'street': {'number': 930, 'name': 'Avenue Jean-Jaurès'}, 'city': 'Pau', 'state': 'Guadeloupe', 'country': 'France', 'postcode': 65494, 'coordinates': {'latitude': '-20.6607', 'longitude': '-177.6778'}, 'timezone': {'offset': '-6:00', 'description': 'Central Time (US &amp; Canada), Mexico City'}}, 'email': 'victor.arnaud@example.com', 'login': {'uuid': 'f0311a59-2f6b-41df-99a0-a685d53c61a3', 'username': 'redbird696', 'password': 'magneto', 'salt': 'j9ARhY0M', 'md5': '01456c2dfaa512b5bdde8ca74225e0cd', 'sha1': '2b4088c4cf8b67a937a4194f3a5407cccb45305d', 'sha256': 'ec390f1f7da3edd4e127cf179924f84f8cdab36bfd21dd9f8a0e6f6a11b5b335'}, 'dob': {'date': '1965-12-22T09:11:27.830Z', 'age': 58}, 'registered': {'date': '2013-03-20T11:15:02.728Z', 'age': 11}, 'phone': '05-32-74-06-21', 'cell': '06-94-38-65-94', 'id': {'name': 'INSEE', 'value': '1651109763386 97'}, 'picture': {'large': 'https://randomuser.me/api/portraits/men/36.jpg', 'medium': 'https://randomuser.me/api/portraits/med/men/36.jpg', 'thumbnail': 'https://randomuser.me/api/portraits/thumb/men/36.jpg'}, 'nat': 'FR'}</msg>
<arg>${json_data['results'][0]}</arg>
<doc>Logs the given message with the given level.</doc>
<status status="PASS" start="2024-04-29T04:17:06.459880" elapsed="0.000416"/>
</kw>
<kw name="Log" owner="BuiltIn">
<msg time="2024-04-29T04:17:06.460711" level="INFO">login</msg>
<arg>${key}</arg>
<doc>Logs the given message with the given level.</doc>
<status status="PASS" start="2024-04-29T04:17:06.460588" elapsed="0.000160"/>
</kw>
<var name="${key}">login</var>
<status status="PASS" start="2024-04-29T04:17:06.459070" elapsed="0.001914"/>
</iter>
<var>${key}</var>
<value>@{expected_keys}</value>
<status status="PASS" start="2024-04-29T04:17:06.450390" elapsed="0.010716"/>
</for>
<kw name="Create List" owner="BuiltIn">
<msg time="2024-04-29T04:17:06.461429" level="INFO">${expected_keysTwo} = ['username', 'password']</msg>
<var>${expected_keysTwo}</var>
<arg>username</arg>
<arg>password</arg>
<doc>Returns a list containing given items.</doc>
<status status="PASS" start="2024-04-29T04:17:06.461293" elapsed="0.000160"/>
</kw>
<for flavor="IN">
<iter>
<kw name="Dictionary Should Contain Key" owner="Collections">
<msg time="2024-04-29T04:17:06.462331" level="INFO">False</msg>
<arg>${json_data['results'][0]['login']}</arg>
<arg>${keyTwo}</arg>
<doc>Fails if ``key`` is not found from ``dictionary``.</doc>
<status status="PASS" start="2024-04-29T04:17:06.461942" elapsed="0.000426"/>
</kw>
<kw name="Dictionary Should Contain Key" owner="Collections">
<msg time="2024-04-29T04:17:06.463070" level="INFO">False</msg>
<arg>${json_data['results'][0]['login']}</arg>
<arg>${keyTwo}</arg>
<doc>Fails if ``key`` is not found from ``dictionary``.</doc>
<status status="PASS" start="2024-04-29T04:17:06.462676" elapsed="0.000429"/>
</kw>
<kw name="Log" owner="BuiltIn">
<msg time="2024-04-29T04:17:06.463512" level="INFO">username</msg>
<arg>${keyTwo}</arg>
<doc>Logs the given message with the given level.</doc>
<status status="PASS" start="2024-04-29T04:17:06.463389" elapsed="0.000164"/>
</kw>
<var name="${keyTwo}">username</var>
<status status="PASS" start="2024-04-29T04:17:06.461836" elapsed="0.001925"/>
</iter>
<iter>
<kw name="Dictionary Should Contain Key" owner="Collections">
<msg time="2024-04-29T04:17:06.464494" level="INFO">False</msg>
<arg>${json_data['results'][0]['login']}</arg>
<arg>${keyTwo}</arg>
<doc>Fails if ``key`` is not found from ``dictionary``.</doc>
<status status="PASS" start="2024-04-29T04:17:06.464034" elapsed="0.000503"/>
</kw>
<kw name="Dictionary Should Contain Key" owner="Collections">
<msg time="2024-04-29T04:17:06.465210" level="INFO">False</msg>
<arg>${json_data['results'][0]['login']}</arg>
<arg>${keyTwo}</arg>
<doc>Fails if ``key`` is not found from ``dictionary``.</doc>
<status status="PASS" start="2024-04-29T04:17:06.464833" elapsed="0.000413"/>
</kw>
<kw name="Log" owner="BuiltIn">
<msg time="2024-04-29T04:17:06.465717" level="INFO">password</msg>
<arg>${keyTwo}</arg>
<doc>Logs the given message with the given level.</doc>
<status status="PASS" start="2024-04-29T04:17:06.465592" elapsed="0.000161"/>
</kw>
<var name="${keyTwo}">password</var>
<status status="PASS" start="2024-04-29T04:17:06.463928" elapsed="0.002037"/>
</iter>
<var>${keyTwo}</var>
<value>@{expected_keysTwo}</value>
<status status="PASS" start="2024-04-29T04:17:06.461684" elapsed="0.004398"/>
</for>
<status status="PASS" start="2024-04-29T04:17:06.344190" elapsed="0.122031"/>
</kw>
<doc>Testa a estrutura da resposta da API.</doc>
<tag>testeEstruturaResposta</tag>
<status status="PASS" start="2024-04-29T04:17:06.343682" elapsed="0.122694"/>
</test>
<test id="s1-s1-t4" name="Validar tipos de dados" line="28">
<kw name="Teste de Tipos de Dados" owner="random-user-service">
<kw name="GET On Session" owner="RequestsLibrary">
<msg time="2024-04-29T04:17:06.563508" level="INFO">GET Request : url=https://randomuser.me/api 
 path_url=/api 
 headers={'User-Agent': 'python-requests/2.31.0', 'Accept-Encoding': 'gzip, deflate', 'Accept': '*/*', 'Connection': 'keep-alive'} 
 body=None 
 </msg>
<msg time="2024-04-29T04:17:06.563616" level="INFO">GET Response : url=https://randomuser.me/api 
 status=200, reason=OK 
 headers={'Date': 'Mon, 29 Apr 2024 04:17:06 GMT', 'Content-Type': 'application/json; charset=utf-8', 'Transfer-Encoding': 'chunked', 'Connection': 'keep-alive', 'X-Powered-By': 'Express', 'Access-Control-Allow-Origin': '*', 'Cache-Control': 'no-cache', 'ETag': 'W/"49d-kkwOcHbx2OWu2iS6cWSnZlEc1hw"', 'Vary': 'Accept-Encoding', 'Content-Encoding': 'gzip', 'CF-Cache-Status': 'DYNAMIC', 'Report-To': '{"endpoints":[{"url":"https:\\/\\/a.nel.cloudflare.com\\/report\\/v4?s=K9dnnYN%2FeiTCgEeByVGUNjt6AROEqAWj%2FpHGYWi1u4Z1OcilNj2iZqGR5V8RBt%2Fc7EZx6Ocmdp%2Bn%2Ba9bWUgOUI8KZaXtjv4uSZDSQt4VIs3EWAL418MPvtEwPrMP9xLX"}],"group":"cf-nel","max_age":604800}', 'NEL': '{"success_fraction":0,"report_to":"cf-nel","max_age":604800}', 'Server': 'cloudflare', 'CF-RAY': '87bc7aff7e422ee5-LAX', 'alt-svc': 'h3=":443"; ma=86400'} 
 body={"results":[{"gender":"female","name":{"title":"Miss","first":"Sophia","last":"Carlson"},"location":{"street":{"number":9793,"name":"Killarney Road"},"city":"Carrickmacross","state":"Wexford","country":"Ireland","postcode":63271,"coordinates":{"latitude":"-1.1127","longitude":"147.3891"},"timezone":{"offset":"+1:00","description":"Brussels, Copenhagen, Madrid, Paris"}},"email":"sophia.carlson@example.com","login":{"uuid":"e107f52f-967c-40f1-9afb-9626a873ab10","username":"sadmeercat445","password":"william1","salt":"ADWc0ggO","md5":"761d6a9b862ddd71b6db0b0b9a461f2d","sha1":"a56e5afc162cc9d0fb9b76a8d8943cd14eda0d74","sha256":"9da8189f129a6526f6ef6e500cefeb9bb73d912caff6cc44506f8a1eed625674"},"dob":{"date":"1952-04-17T08:51:35.841Z","age":72},"registered":{"date":"2010-12-11T03:32:32.567Z","age":13},"phone":"041-426-6002","cell":"081-065-8968","id":{"name":"PPS","value":"1002613T"},"picture":{"large":"https://randomuser.me/api/portraits/women/63.jpg","medium":"https://randomuser.me/api/portraits/med/women/63.jpg","thumbnail":"https://randomuser.me/api/portraits/thumb/women/63.jpg"},"nat":"IE"}],"info":{"seed":"d2c5c60fc1887146","results":1,"page":1,"version":"1.4"}} 
 </msg>
<msg time="2024-04-29T04:17:06.563703" level="INFO">/opt/hostedtoolcache/Python/3.12.3/x64/lib/python3.12/site-packages/urllib3/connectionpool.py:1103: InsecureRequestWarning: Unverified HTTPS request is being made to host 'randomuser.me'. Adding certificate verification is strongly advised. See: https://urllib3.readthedocs.io/en/latest/advanced-usage.html#tls-warnings
  warnings.warn(</msg>
<msg time="2024-04-29T04:17:06.563860" level="INFO">${response} = &lt;Response [200]&gt;</msg>
<var>${response}</var>
<arg>consultarAPI</arg>
<arg>/api</arg>
<doc>Sends a GET request on a previously created HTTP Session.</doc>
<status status="PASS" start="2024-04-29T04:17:06.468836" elapsed="0.095080"/>
</kw>
<kw name="Set Variable" owner="BuiltIn">
<msg time="2024-04-29T04:17:06.564947" level="INFO">${json_data} = {'results': [{'gender': 'female', 'name': {'title': 'Miss', 'first': 'Sophia', 'last': 'Carlson'}, 'location': {'street': {'number': 9793, 'name': 'Killarney Road'}, 'city': 'Carrickmacross', 'state':...</msg>
<var>${json_data}</var>
<arg>${response.json()}</arg>
<doc>Returns the given values which can then be assigned to a variables.</doc>
<status status="PASS" start="2024-04-29T04:17:06.564418" elapsed="0.000558"/>
</kw>
<kw name="Log" owner="BuiltIn">
<msg time="2024-04-29T04:17:06.565436" level="INFO">{'results': [{'gender': 'female', 'name': {'title': 'Miss', 'first': 'Sophia', 'last': 'Carlson'}, 'location': {'street': {'number': 9793, 'name': 'Killarney Road'}, 'city': 'Carrickmacross', 'state': 'Wexford', 'country': 'Ireland', 'postcode': 63271, 'coordinates': {'latitude': '-1.1127', 'longitude': '147.3891'}, 'timezone': {'offset': '+1:00', 'description': 'Brussels, Copenhagen, Madrid, Paris'}}, 'email': 'sophia.carlson@example.com', 'login': {'uuid': 'e107f52f-967c-40f1-9afb-9626a873ab10', 'username': 'sadmeercat445', 'password': 'william1', 'salt': 'ADWc0ggO', 'md5': '761d6a9b862ddd71b6db0b0b9a461f2d', 'sha1': 'a56e5afc162cc9d0fb9b76a8d8943cd14eda0d74', 'sha256': '9da8189f129a6526f6ef6e500cefeb9bb73d912caff6cc44506f8a1eed625674'}, 'dob': {'date': '1952-04-17T08:51:35.841Z', 'age': 72}, 'registered': {'date': '2010-12-11T03:32:32.567Z', 'age': 13}, 'phone': '041-426-6002', 'cell': '081-065-8968', 'id': {'name': 'PPS', 'value': '1002613T'}, 'picture': {'large': 'https://randomuser.me/api/portraits/women/63.jpg', 'medium': 'https://randomuser.me/api/portraits/med/women/63.jpg', 'thumbnail': 'https://randomuser.me/api/portraits/thumb/women/63.jpg'}, 'nat': 'IE'}], 'info': {'seed': 'd2c5c60fc1887146', 'results': 1, 'page': 1, 'version': '1.4'}}</msg>
<arg>${json_data}</arg>
<doc>Logs the given message with the given level.</doc>
<status status="PASS" start="2024-04-29T04:17:06.565284" elapsed="0.000238"/>
</kw>
<kw name="Should Be String" owner="String">
<arg>${json_data['results'][0]['gender']}</arg>
<doc>Fails if the given ``item`` is not a string.</doc>
<status status="PASS" start="2024-04-29T04:17:06.565821" elapsed="0.000355"/>
</kw>
<kw name="Should Match Regexp" owner="BuiltIn">
<arg>${json_data['results'][0]['email']}</arg>
<arg>^[a-zA-Z0-9._%+-]+@[a-zA-Z0-9.-]+\.[a-zA-Z]{2,}$</arg>
<doc>Fails if ``string`` does not match ``pattern`` as a regular expression.</doc>
<status status="PASS" start="2024-04-29T04:17:06.566365" elapsed="0.000556"/>
</kw>
<kw name="Should Match Regexp" owner="BuiltIn">
<arg>${json_data['results'][0]['dob']['date']}</arg>
<arg>\\d{4}-\\d{2}-\\d{2}T\\d{2}:\\d{2}:\\d{2}\\.\\d{3}Z</arg>
<doc>Fails if ``string`` does not match ``pattern`` as a regular expression.</doc>
<status status="PASS" start="2024-04-29T04:17:06.567119" elapsed="0.000500"/>
</kw>
<kw name="Should Match Regexp" owner="BuiltIn">
<arg>${json_data['results'][0]['registered']['date']}</arg>
<arg>\\d{4}-\\d{2}-\\d{2}T\\d{2}:\\d{2}:\\d{2}\\.\\d{3}Z</arg>
<doc>Fails if ``string`` does not match ``pattern`` as a regular expression.</doc>
<status status="PASS" start="2024-04-29T04:17:06.567812" elapsed="0.000398"/>
</kw>
<kw name="Should Match Regexp" owner="BuiltIn">
<arg>${json_data['results'][0]['picture']['large']}</arg>
<arg>^https?://.*\.(?:png|jpe?g|gif|bmp)$</arg>
<doc>Fails if ``string`` does not match ``pattern`` as a regular expression.</doc>
<status status="PASS" start="2024-04-29T04:17:06.568406" elapsed="0.000476"/>
</kw>
<kw name="Should Match Regexp" owner="BuiltIn">
<arg>${json_data['results'][0]['picture']['medium']}</arg>
<arg>^https?://.*\.(?:png|jpe?g|gif|bmp)$</arg>
<doc>Fails if ``string`` does not match ``pattern`` as a regular expression.</doc>
<status status="PASS" start="2024-04-29T04:17:06.569076" elapsed="0.000358"/>
</kw>
<kw name="Should Match Regexp" owner="BuiltIn">
<arg>${json_data['results'][0]['picture']['thumbnail']}</arg>
<arg>^https?://.*\.(?:png|jpe?g|gif|bmp)$</arg>
<doc>Fails if ``string`` does not match ``pattern`` as a regular expression.</doc>
<status status="PASS" start="2024-04-29T04:17:06.569624" elapsed="0.000354"/>
</kw>
<kw name="Log" owner="BuiltIn">
<msg time="2024-04-29T04:17:06.570483" level="INFO">{'large': 'https://randomuser.me/api/portraits/women/63.jpg', 'medium': 'https://randomuser.me/api/portraits/med/women/63.jpg', 'thumbnail': 'https://randomuser.me/api/portraits/thumb/women/63.jpg'}</msg>
<arg>${json_data['results'][0]['picture']}</arg>
<doc>Logs the given message with the given level.</doc>
<status status="PASS" start="2024-04-29T04:17:06.570161" elapsed="0.000364"/>
</kw>
<status status="PASS" start="2024-04-29T04:17:06.468616" elapsed="0.102183"/>
</kw>
<kw name="Teste de Tipos de Dados - Postcode" owner="random-user-service">
<kw name="GET On Session" owner="RequestsLibrary">
<msg time="2024-04-29T04:17:06.678997" level="INFO">GET Request : url=https://randomuser.me/api 
 path_url=/api 
 headers={'User-Agent': 'python-requests/2.31.0', 'Accept-Encoding': 'gzip, deflate', 'Accept': '*/*', 'Connection': 'keep-alive'} 
 body=None 
 </msg>
<msg time="2024-04-29T04:17:06.679112" level="INFO">GET Response : url=https://randomuser.me/api 
 status=200, reason=OK 
 headers={'Date': 'Mon, 29 Apr 2024 04:17:06 GMT', 'Content-Type': 'application/json; charset=utf-8', 'Transfer-Encoding': 'chunked', 'Connection': 'keep-alive', 'X-Powered-By': 'Express', 'Access-Control-Allow-Origin': '*', 'Cache-Control': 'no-cache', 'ETag': 'W/"470-qXJLR1ljmJABwnco8P09VFOzzn8"', 'Vary': 'Accept-Encoding', 'Content-Encoding': 'gzip', 'CF-Cache-Status': 'DYNAMIC', 'Report-To': '{"endpoints":[{"url":"https:\\/\\/a.nel.cloudflare.com\\/report\\/v4?s=D8N73PKf43WfIfZ4ubErFq%2FnNK204itF%2FAl5F%2Bt1HjKprUp9UZYH0dNA5kdqyETqLRgSUlbs03LRR4czBeidC06ThiCj%2FOul5hiy%2BxlqlQ44tDv8oFgTPkgLUsznDhmN"}],"group":"cf-nel","max_age":604800}', 'NEL': '{"success_fraction":0,"report_to":"cf-nel","max_age":604800}', 'Server': 'cloudflare', 'CF-RAY': '87bc7b001ec22ee5-LAX', 'alt-svc': 'h3=":443"; ma=86400'} 
 body={"results":[{"gender":"male","name":{"title":"Mr","first":"Jim","last":"Chapman"},"location":{"street":{"number":2302,"name":"Hogan St"},"city":"Bowral","state":"South Australia","country":"Australia","postcode":5199,"coordinates":{"latitude":"-88.7725","longitude":"-55.0021"},"timezone":{"offset":"+5:45","description":"Kathmandu"}},"email":"jim.chapman@example.com","login":{"uuid":"82b36288-87db-4d7b-bc01-156289875d76","username":"beautifulcat183","password":"romano","salt":"GEYT1BU8","md5":"9641c9a53b59d7bb3761b76c36bf233c","sha1":"3123acf86e1893009ba89405737f3957cb3ea4e0","sha256":"88934d4ba6e2db6cc7bcf44e9c71339ea5c0970616e35a81578456e650ace4a3"},"dob":{"date":"1962-06-25T05:58:19.996Z","age":61},"registered":{"date":"2010-12-16T18:46:30.826Z","age":13},"phone":"05-6543-8441","cell":"0438-678-086","id":{"name":"TFN","value":"816679460"},"picture":{"large":"https://randomuser.me/api/portraits/men/12.jpg","medium":"https://randomuser.me/api/portraits/med/men/12.jpg","thumbnail":"https://randomuser.me/api/portraits/thumb/men/12.jpg"},"nat":"AU"}],"info":{"seed":"f5bfff1901594804","results":1,"page":1,"version":"1.4"}} 
 </msg>
<msg time="2024-04-29T04:17:06.679206" level="INFO">/opt/hostedtoolcache/Python/3.12.3/x64/lib/python3.12/site-packages/urllib3/connectionpool.py:1103: InsecureRequestWarning: Unverified HTTPS request is being made to host 'randomuser.me'. Adding certificate verification is strongly advised. See: https://urllib3.readthedocs.io/en/latest/advanced-usage.html#tls-warnings
  warnings.warn(</msg>
<msg time="2024-04-29T04:17:06.679363" level="INFO">${response} = &lt;Response [200]&gt;</msg>
<var>${response}</var>
<arg>consultarAPI</arg>
<arg>/api</arg>
<doc>Sends a GET request on a previously created HTTP Session.</doc>
<status status="PASS" start="2024-04-29T04:17:06.571270" elapsed="0.108137"/>
</kw>
<kw name="Set Variable" owner="BuiltIn">
<msg time="2024-04-29T04:17:06.680475" level="INFO">${json_data} = {'results': [{'gender': 'male', 'name': {'title': 'Mr', 'first': 'Jim', 'last': 'Chapman'}, 'location': {'street': {'number': 2302, 'name': 'Hogan St'}, 'city': 'Bowral', 'state': 'South Australia', '...</msg>
<var>${json_data}</var>
<arg>${response.json()}</arg>
<doc>Returns the given values which can then be assigned to a variables.</doc>
<status status="PASS" start="2024-04-29T04:17:06.679913" elapsed="0.000591"/>
</kw>
<kw name="Log" owner="BuiltIn">
<msg time="2024-04-29T04:17:06.680975" level="INFO">{'results': [{'gender': 'male', 'name': {'title': 'Mr', 'first': 'Jim', 'last': 'Chapman'}, 'location': {'street': {'number': 2302, 'name': 'Hogan St'}, 'city': 'Bowral', 'state': 'South Australia', 'country': 'Australia', 'postcode': 5199, 'coordinates': {'latitude': '-88.7725', 'longitude': '-55.0021'}, 'timezone': {'offset': '+5:45', 'description': 'Kathmandu'}}, 'email': 'jim.chapman@example.com', 'login': {'uuid': '82b36288-87db-4d7b-bc01-156289875d76', 'username': 'beautifulcat183', 'password': 'romano', 'salt': 'GEYT1BU8', 'md5': '9641c9a53b59d7bb3761b76c36bf233c', 'sha1': '3123acf86e1893009ba89405737f3957cb3ea4e0', 'sha256': '88934d4ba6e2db6cc7bcf44e9c71339ea5c0970616e35a81578456e650ace4a3'}, 'dob': {'date': '1962-06-25T05:58:19.996Z', 'age': 61}, 'registered': {'date': '2010-12-16T18:46:30.826Z', 'age': 13}, 'phone': '05-6543-8441', 'cell': '0438-678-086', 'id': {'name': 'TFN', 'value': '816679460'}, 'picture': {'large': 'https://randomuser.me/api/portraits/men/12.jpg', 'medium': 'https://randomuser.me/api/portraits/med/men/12.jpg', 'thumbnail': 'https://randomuser.me/api/portraits/thumb/men/12.jpg'}, 'nat': 'AU'}], 'info': {'seed': 'f5bfff1901594804', 'results': 1, 'page': 1, 'version': '1.4'}}</msg>
<arg>${json_data}</arg>
<doc>Logs the given message with the given level.</doc>
<status status="PASS" start="2024-04-29T04:17:06.680818" elapsed="0.000239"/>
</kw>
<kw name="Should Be Equal As Numbers" owner="BuiltIn">
<arg>${json_data['results'][0]['location']['postcode']}</arg>
<arg>${json_data['results'][0]['location']['postcode']}</arg>
<doc>Fails if objects are unequal after converting them to real numbers.</doc>
<status status="PASS" start="2024-04-29T04:17:06.681539" elapsed="0.000621"/>
</kw>
<kw name="Log" owner="BuiltIn">
<msg time="2024-04-29T04:17:06.682722" level="INFO">5199</msg>
<arg>${json_data['results'][0]['location']['postcode']}</arg>
<doc>Logs the given message with the given level.</doc>
<status status="PASS" start="2024-04-29T04:17:06.682351" elapsed="0.000420"/>
</kw>
<status status="PASS" start="2024-04-29T04:17:06.571033" elapsed="0.111995"/>
</kw>
<doc>Testa se os tipos de dados na resposta da API estão corretos.</doc>
<tag>testeTiposDados</tag>
<status status="PASS" start="2024-04-29T04:17:06.468150" elapsed="0.215049"/>
</test>
<test id="s1-s1-t5" name="Validar conteudo" line="35">
<kw name="Teste de Tipos de Conteudo" owner="random-user-service">
<kw name="GET On Session" owner="RequestsLibrary">
<msg time="2024-04-29T04:17:06.819676" level="INFO">GET Request : url=https://randomuser.me/api 
 path_url=/api 
 headers={'User-Agent': 'python-requests/2.31.0', 'Accept-Encoding': 'gzip, deflate', 'Accept': '*/*', 'Connection': 'keep-alive'} 
 body=None 
 </msg>
<msg time="2024-04-29T04:17:06.819775" level="INFO">GET Response : url=https://randomuser.me/api 
 status=200, reason=OK 
 headers={'Date': 'Mon, 29 Apr 2024 04:17:06 GMT', 'Content-Type': 'application/json; charset=utf-8', 'Transfer-Encoding': 'chunked', 'Connection': 'keep-alive', 'X-Powered-By': 'Express', 'Access-Control-Allow-Origin': '*', 'Cache-Control': 'no-cache', 'ETag': 'W/"4b1-Za5SP7rKt4iGRR+1ji4k6Ylp5VA"', 'Vary': 'Accept-Encoding', 'Content-Encoding': 'gzip', 'CF-Cache-Status': 'DYNAMIC', 'Report-To': '{"endpoints":[{"url":"https:\\/\\/a.nel.cloudflare.com\\/report\\/v4?s=mEujRakWPWWzfftCbQOqUvp%2B36nFT3OuHJdEVhHBX3YY%2FL1TZDoTwFPqE7VtNvFNSo8V8FWmpvB6GB0gNz%2FbK9xNi63w%2FRBCzQawcJOFPaM4SGW31Luw4Re0GH%2Bza2fL"}],"group":"cf-nel","max_age":604800}', 'NEL': '{"success_fraction":0,"report_to":"cf-nel","max_age":604800}', 'Server': 'cloudflare', 'CF-RAY': '87bc7b00cf682ee5-LAX', 'alt-svc': 'h3=":443"; ma=86400'} 
 body={"results":[{"gender":"female","name":{"title":"Miss","first":"Kerttu","last":"Hamalainen"},"location":{"street":{"number":2635,"name":"Satakennankatu"},"city":"Laukaa","state":"Northern Ostrobothnia","country":"Finland","postcode":49564,"coordinates":{"latitude":"-28.7999","longitude":"40.9041"},"timezone":{"offset":"+8:00","description":"Beijing, Perth, Singapore, Hong Kong"}},"email":"kerttu.hamalainen@example.com","login":{"uuid":"713d4c66-7ec0-48ec-a8ae-ee2268d298fd","username":"tinyswan888","password":"nathanie","salt":"4XbF4UQI","md5":"06e0b5fb2fc2e1bd893d43f600b7bd34","sha1":"4d6911741573c144b3a8f80bc26e675605cc130b","sha256":"cc2aa0a9a3ab8d69c9fc06a40956a24e1bf9777abc087cb884fb78fdad4dba82"},"dob":{"date":"1953-10-23T22:14:08.728Z","age":70},"registered":{"date":"2005-08-05T00:09:37.314Z","age":18},"phone":"06-815-598","cell":"047-058-06-19","id":{"name":"HETU","value":"NaNNA746undefined"},"picture":{"large":"https://randomuser.me/api/portraits/women/40.jpg","medium":"https://randomuser.me/api/portraits/med/women/40.jpg","thumbnail":"https://randomuser.me/api/portraits/thumb/women/40.jpg"},"nat":"FI"}],"info":{"seed":"b4fdc54bfa4a232f","results":1,"page":1,"version":"1.4"}} 
 </msg>
<msg time="2024-04-29T04:17:06.819854" level="INFO">/opt/hostedtoolcache/Python/3.12.3/x64/lib/python3.12/site-packages/urllib3/connectionpool.py:1103: InsecureRequestWarning: Unverified HTTPS request is being made to host 'randomuser.me'. Adding certificate verification is strongly advised. See: https://urllib3.readthedocs.io/en/latest/advanced-usage.html#tls-warnings
  warnings.warn(</msg>
<msg time="2024-04-29T04:17:06.819997" level="INFO">${response} = &lt;Response [200]&gt;</msg>
<var>${response}</var>
<arg>consultarAPI</arg>
<arg>/api</arg>
<doc>Sends a GET request on a previously created HTTP Session.</doc>
<status status="PASS" start="2024-04-29T04:17:06.685598" elapsed="0.134444"/>
</kw>
<kw name="Set Variable" owner="BuiltIn">
<msg time="2024-04-29T04:17:06.821073" level="INFO">${json_data} = {'results': [{'gender': 'female', 'name': {'title': 'Miss', 'first': 'Kerttu', 'last': 'Hamalainen'}, 'location': {'street': {'number': 2635, 'name': 'Satakennankatu'}, 'city': 'Laukaa', 'state': 'Nor...</msg>
<var>${json_data}</var>
<arg>${response.json()}</arg>
<doc>Returns the given values which can then be assigned to a variables.</doc>
<status status="PASS" start="2024-04-29T04:17:06.820566" elapsed="0.000535"/>
</kw>
<kw name="Set Variable" owner="BuiltIn">
<msg time="2024-04-29T04:17:06.821785" level="INFO">${name_title} = Miss</msg>
<var>${name_title}</var>
<arg>${json_data["results"][0]["name"]["title"]}</arg>
<doc>Returns the given values which can then be assigned to a variables.</doc>
<status status="PASS" start="2024-04-29T04:17:06.821403" elapsed="0.000407"/>
</kw>
<kw name="Create List" owner="BuiltIn">
<msg time="2024-04-29T04:17:06.822248" level="INFO">${allowed_titles} = ['Mr', 'Ms', 'Miss', 'Mrs', 'Madame', 'Monsieur']</msg>
<var>${allowed_titles}</var>
<arg>Mr</arg>
<arg>Ms</arg>
<arg>Miss</arg>
<arg>Mrs</arg>
<arg>Madame</arg>
<arg>Monsieur</arg>
<doc>Returns a list containing given items.</doc>
<status status="PASS" start="2024-04-29T04:17:06.822104" elapsed="0.000169"/>
</kw>
<kw name="List Should Contain Value" owner="Collections">
<msg time="2024-04-29T04:17:06.822810" level="INFO">False</msg>
<arg>${allowed_titles}</arg>
<arg>${name_title}</arg>
<doc>Fails if the ``value`` is not found from ``list``.</doc>
<status status="PASS" start="2024-04-29T04:17:06.822570" elapsed="0.000278"/>
</kw>
<kw name="Set Variable" owner="BuiltIn">
<msg time="2024-04-29T04:17:06.823521" level="INFO">${name_country} = FI</msg>
<var>${name_country}</var>
<arg>${json_data["results"][0]["nat"]}</arg>
<doc>Returns the given values which can then be assigned to a variables.</doc>
<status status="PASS" start="2024-04-29T04:17:06.823142" elapsed="0.000405"/>
</kw>
<kw name="Create List" owner="BuiltIn">
<msg time="2024-04-29T04:17:06.824423" level="INFO">${list_country} = ['AD', 'AE', 'AF', 'AG', 'AI', 'AL', 'AM', 'AO', 'AQ', 'AR', 'AS', 'AT', 'AU', 'AW', 'AX', 'AZ', 'BA', 'BB', 'BD', 'BE', 'BF', 'BG', 'BH', 'BI', 'BJ', 'BL', 'BM', 'BN', 'BO', 'BQ', 'BR', 'BS', 'BT', '...</msg>
<var>${list_country}</var>
<arg>AD</arg>
<arg>AE</arg>
<arg>AF</arg>
<arg>AG</arg>
<arg>AI</arg>
<arg>AL</arg>
<arg>AM</arg>
<arg>AO</arg>
<arg>AQ</arg>
<arg>AR</arg>
<arg>AS</arg>
<arg>AT</arg>
<arg>AU</arg>
<arg>AW</arg>
<arg>AX</arg>
<arg>AZ</arg>
<arg>BA</arg>
<arg>BB</arg>
<arg>BD</arg>
<arg>BE</arg>
<arg>BF</arg>
<arg>BG</arg>
<arg>BH</arg>
<arg>BI</arg>
<arg>BJ</arg>
<arg>BL</arg>
<arg>BM</arg>
<arg>BN</arg>
<arg>BO</arg>
<arg>BQ</arg>
<arg>BR</arg>
<arg>BS</arg>
<arg>BT</arg>
<arg>BV</arg>
<arg>BW</arg>
<arg>BY</arg>
<arg>BZ</arg>
<arg>CA</arg>
<arg>CC</arg>
<arg>CD</arg>
<arg>CF</arg>
<arg>CG</arg>
<arg>CH</arg>
<arg>CI</arg>
<arg>CK</arg>
<arg>CL</arg>
<arg>CM</arg>
<arg>CN</arg>
<arg>CO</arg>
<arg>CR</arg>
<arg>CU</arg>
<arg>CV</arg>
<arg>CW</arg>
<arg>CX</arg>
<arg>CY</arg>
<arg>CZ</arg>
<arg>DE</arg>
<arg>DJ</arg>
<arg>DK</arg>
<arg>DM</arg>
<arg>DO</arg>
<arg>DZ</arg>
<arg>EC</arg>
<arg>EE</arg>
<arg>EG</arg>
<arg>EH</arg>
<arg>ER</arg>
<arg>ES</arg>
<arg>ET</arg>
<arg>FI</arg>
<arg>FJ</arg>
<arg>FK</arg>
<arg>FM</arg>
<arg>FO</arg>
<arg>FR</arg>
<arg>GA</arg>
<arg>GB</arg>
<arg>GD</arg>
<arg>GE</arg>
<arg>GF</arg>
<arg>GG</arg>
<arg>GH</arg>
<arg>GI</arg>
<arg>GL</arg>
<arg>GM</arg>
<arg>GN</arg>
<arg>GP</arg>
<arg>GQ</arg>
<arg>GR</arg>
<arg>GS</arg>
<arg>GT</arg>
<arg>GU</arg>
<arg>GW</arg>
<arg>GY</arg>
<arg>HK</arg>
<arg>HM</arg>
<arg>HN</arg>
<arg>HR</arg>
<arg>HT</arg>
<arg>HU</arg>
<arg>ID</arg>
<arg>IE</arg>
<arg>IL</arg>
<arg>IM</arg>
<arg>IN</arg>
<arg>IO</arg>
<arg>IQ</arg>
<arg>IR</arg>
<arg>IS</arg>
<arg>IT</arg>
<arg>JE</arg>
<arg>JM</arg>
<arg>JO</arg>
<arg>JP</arg>
<arg>KE</arg>
<arg>KG</arg>
<arg>KH</arg>
<arg>KI</arg>
<arg>KM</arg>
<arg>KN</arg>
<arg>KP</arg>
<arg>KR</arg>
<arg>KW</arg>
<arg>KY</arg>
<arg>KZ</arg>
<arg>LA</arg>
<arg>LB</arg>
<arg>LC</arg>
<arg>LI</arg>
<arg>LK</arg>
<arg>LR</arg>
<arg>LS</arg>
<arg>LT</arg>
<arg>LU</arg>
<arg>LV</arg>
<arg>LY</arg>
<arg>MA</arg>
<arg>MC</arg>
<arg>MD</arg>
<arg>ME</arg>
<arg>MF</arg>
<arg>MG</arg>
<arg>MH</arg>
<arg>MK</arg>
<arg>ML</arg>
<arg>MM</arg>
<arg>MN</arg>
<arg>MO</arg>
<arg>MP</arg>
<arg>MQ</arg>
<arg>MR</arg>
<arg>MS</arg>
<arg>MT</arg>
<arg>MU</arg>
<arg>MV</arg>
<arg>MW</arg>
<arg>MX</arg>
<arg>MY</arg>
<arg>MZ</arg>
<arg>NA</arg>
<arg>NC</arg>
<arg>NE</arg>
<arg>NF</arg>
<arg>NG</arg>
<arg>NI</arg>
<arg>NL</arg>
<arg>NO</arg>
<arg>NP</arg>
<arg>NR</arg>
<arg>NU</arg>
<arg>NZ</arg>
<arg>OM</arg>
<arg>PA</arg>
<arg>PE</arg>
<arg>PF</arg>
<arg>PG</arg>
<arg>PH</arg>
<arg>PK</arg>
<arg>PL</arg>
<arg>PM</arg>
<arg>PN</arg>
<arg>PR</arg>
<arg>PS</arg>
<arg>PT</arg>
<arg>PW</arg>
<arg>PY</arg>
<arg>QA</arg>
<arg>RE</arg>
<arg>RO</arg>
<arg>RS</arg>
<arg>RU</arg>
<arg>RW</arg>
<arg>SA</arg>
<arg>SB</arg>
<arg>SC</arg>
<arg>SD</arg>
<arg>SE</arg>
<arg>SG</arg>
<arg>SH</arg>
<arg>SI</arg>
<arg>SJ</arg>
<arg>SK</arg>
<arg>SL</arg>
<arg>SM</arg>
<arg>SN</arg>
<arg>SO</arg>
<arg>SR</arg>
<arg>SS</arg>
<arg>ST</arg>
<arg>SV</arg>
<arg>SX</arg>
<arg>SY</arg>
<arg>SZ</arg>
<arg>TC</arg>
<arg>TD</arg>
<arg>TF</arg>
<arg>TG</arg>
<arg>TH</arg>
<arg>TJ</arg>
<arg>TK</arg>
<arg>TL</arg>
<arg>TM</arg>
<arg>TN</arg>
<arg>TO</arg>
<arg>TR</arg>
<arg>TT</arg>
<arg>TV</arg>
<arg>TW</arg>
<arg>TZ</arg>
<arg>UA</arg>
<arg>UG</arg>
<arg>UM</arg>
<arg>US</arg>
<arg>UY</arg>
<arg>UZ</arg>
<arg>VA</arg>
<arg>VC</arg>
<arg>VE</arg>
<arg>VG</arg>
<arg>VI</arg>
<arg>VN</arg>
<arg>VU</arg>
<arg>WF</arg>
<arg>WS</arg>
<arg>XK</arg>
<arg>YE</arg>
<arg>YT</arg>
<arg>ZA</arg>
<arg>ZM</arg>
<arg>ZW</arg>
<doc>Returns a list containing given items.</doc>
<status status="PASS" start="2024-04-29T04:17:06.823842" elapsed="0.000606"/>
</kw>
<kw name="List Should Contain Value" owner="Collections">
<msg time="2024-04-29T04:17:06.825437" level="INFO">False</msg>
<arg>${list_country}</arg>
<arg>${name_country}</arg>
<doc>Fails if the ``value`` is not found from ``list``.</doc>
<status status="PASS" start="2024-04-29T04:17:06.825239" elapsed="0.000234"/>
</kw>
<kw name="Run Keyword If" owner="BuiltIn">
<kw name="Should Be True" owner="BuiltIn">
<arg>${True}</arg>
<doc>Fails if the given condition is not true.</doc>
<status status="PASS" start="2024-04-29T04:17:06.826530" elapsed="0.000284"/>
</kw>
<arg>${json_data["results"][0]["location"]["coordinates"]["latitude"]} &gt;= -90 and ${json_data["results"][0]["location"]["coordinates"]["latitude"]} &lt;= 90</arg>
<arg>Should Be True</arg>
<arg>${True}</arg>
<doc>Runs the given keyword with the given arguments, if ``condition`` is true.</doc>
<status status="PASS" start="2024-04-29T04:17:06.825782" elapsed="0.001164"/>
</kw>
<kw name="Run Keyword If" owner="BuiltIn">
<kw name="Should Be True" owner="BuiltIn">
<arg>${True}</arg>
<doc>Fails if the given condition is not true.</doc>
<status status="PASS" start="2024-04-29T04:17:06.827831" elapsed="0.000147"/>
</kw>
<arg>${json_data["results"][0]["location"]["coordinates"]["longitude"]} &gt;= -180 and ${json_data["results"][0]["location"]["coordinates"]["longitude"]} &lt;= 180</arg>
<arg>Should Be True</arg>
<arg>${True}</arg>
<doc>Runs the given keyword with the given arguments, if ``condition`` is true.</doc>
<status status="PASS" start="2024-04-29T04:17:06.827132" elapsed="0.000975"/>
</kw>
<status status="PASS" start="2024-04-29T04:17:06.685377" elapsed="0.142859"/>
</kw>
<doc>Testa o conteúdo específico dos campos retornados pela API.</doc>
<tag>testeConteudo</tag>
<status status="PASS" start="2024-04-29T04:17:06.684925" elapsed="0.143460"/>
</test>
<status status="PASS" start="2024-04-29T04:17:05.341837" elapsed="1.488461"/>
</suite>
<status status="PASS" start="2024-04-29T04:17:05.328401" elapsed="1.507012"/>
</suite>
<statistics>
<total>
<stat pass="5" fail="0" skip="0">All Tests</stat>
</total>
<tag>
<stat pass="1" fail="0" skip="0">testeConteudo</stat>
<stat pass="1" fail="0" skip="0">testeEstruturaResposta</stat>
<stat pass="1" fail="0" skip="0">testeRequisicaoBasica</stat>
<stat pass="1" fail="0" skip="0">testeTiposDados</stat>
</tag>
<suite>
<stat pass="5" fail="0" skip="0" id="s1" name="Tests">Tests</stat>
<stat pass="5" fail="0" skip="0" id="s1-s1" name="Random-User-Test">Tests.Random-User-Test</stat>
</suite>
</statistics>
<errors>
</errors>
</robot>
