<?xml version="1.0" encoding="UTF-8"?>
<robot generator="Robot 7.0 (Python 3.12.3 on linux)" generated="2024-05-20T19:11:33.761273" rpa="false" schemaversion="5">
<suite id="s1" name="Tests" source="/home/runner/work/DesafioQAItauRogerioJordao/DesafioQAItauRogerioJordao/RamdonUser/tests">
<suite id="s1-s1" name="Random-User-Test" source="/home/runner/work/DesafioQAItauRogerioJordao/DesafioQAItauRogerioJordao/RamdonUser/tests/random-user-test.robot">
<test id="s1-s1-t1" name="Conectar" line="13">
<kw name="Conectar API" owner="random-user-service">
<kw name="Create Session" owner="RequestsLibrary">
<msg time="2024-05-20T19:11:34.146511" level="INFO">Creating Session using : alias=consultarAPI, url=https://randomuser.me/, headers={},                     cookies={}, auth=None, timeout=None, proxies=None, verify=False,                     debug=0 </msg>
<arg>consultarAPI</arg>
<arg>${URL}</arg>
<doc>Create Session: create a HTTP session to a server</doc>
<status status="PASS" start="2024-05-20T19:11:34.146304" elapsed="0.000405"/>
</kw>
<status status="PASS" start="2024-05-20T19:11:34.145352" elapsed="0.001717"/>
</kw>
<status status="PASS" start="2024-05-20T19:11:34.144768" elapsed="0.002497"/>
</test>
<test id="s1-s1-t2" name="Validar retorno 200 e JSON Válido" line="16">
<kw name="Teste de Requisicao Basica" owner="random-user-service">
<kw name="GET On Session" owner="RequestsLibrary">
<msg time="2024-05-20T19:11:34.391614" level="INFO">GET Request : url=https://randomuser.me/api 
 path_url=/api 
 headers={'User-Agent': 'python-requests/2.32.0', 'Accept-Encoding': 'gzip, deflate', 'Accept': '*/*', 'Connection': 'keep-alive'} 
 body=None 
 </msg>
<msg time="2024-05-20T19:11:34.391727" level="INFO">GET Response : url=https://randomuser.me/api 
 status=200, reason=OK 
 headers={'Date': 'Mon, 20 May 2024 19:11:34 GMT', 'Content-Type': 'application/json; charset=utf-8', 'Transfer-Encoding': 'chunked', 'Connection': 'keep-alive', 'X-Powered-By': 'Express', 'Access-Control-Allow-Origin': '*', 'Cache-Control': 'no-cache', 'ETag': 'W/"492-DRNo+iq8mNc3JyTJnrDmOnSTdLo"', 'Vary': 'Accept-Encoding', 'Content-Encoding': 'gzip', 'CF-Cache-Status': 'DYNAMIC', 'Report-To': '{"endpoints":[{"url":"https:\\/\\/a.nel.cloudflare.com\\/report\\/v4?s=9inzeoYHqNhpu6OWLkhHxbJcxPRvejqekbc5FNonzNDiv56WkqRA5Zq4lp1JWyxMeJujhk3H3mughAQ1uqkmGVbdeUOYsIWoI5trFOItg6Ul3fNgVdVWBStXuMO9pXrm"}],"group":"cf-nel","max_age":604800}', 'NEL': '{"success_fraction":0,"report_to":"cf-nel","max_age":604800}', 'Server': 'cloudflare', 'CF-RAY': '886ea21f9bf3393e-IAD', 'alt-svc': 'h3=":443"; ma=86400'} 
 body={"results":[{"gender":"female","name":{"title":"Ms","first":"Swathi","last":"Acharya"},"location":{"street":{"number":7187,"name":"Sitabuldi Main Rd"},"city":"Mumbai","state":"Punjab","country":"India","postcode":83570,"coordinates":{"latitude":"7.5856","longitude":"101.7458"},"timezone":{"offset":"-5:00","description":"Eastern Time (US &amp; Canada), Bogota, Lima"}},"email":"swathi.acharya@example.com","login":{"uuid":"e0e4be9c-d12f-4c98-97f1-0775251af1e5","username":"bigbird504","password":"xiao","salt":"ej9XKFME","md5":"11824f9e42063cd5b49a2d984336f539","sha1":"9d52ff2dec6ccabe1a705f60acb263c25ff3a7e1","sha256":"03fff268458e10df1d07f6b4907c36e0571a2c889d73b8737c120daeffdbc086"},"dob":{"date":"1971-05-30T02:26:26.855Z","age":52},"registered":{"date":"2009-02-01T06:25:46.899Z","age":15},"phone":"7069093083","cell":"7138127880","id":{"name":"UIDAI","value":"385565329791"},"picture":{"large":"https://randomuser.me/api/portraits/women/16.jpg","medium":"https://randomuser.me/api/portraits/med/women/16.jpg","thumbnail":"https://randomuser.me/api/portraits/thumb/women/16.jpg"},"nat":"IN"}],"info":{"seed":"0baa34db91714a9a","results":1,"page":1,"version":"1.4"}} 
 </msg>
<msg time="2024-05-20T19:11:34.391800" level="INFO">/opt/hostedtoolcache/Python/3.12.3/x64/lib/python3.12/site-packages/urllib3/connectionpool.py:1103: InsecureRequestWarning: Unverified HTTPS request is being made to host 'randomuser.me'. Adding certificate verification is strongly advised. See: https://urllib3.readthedocs.io/en/latest/advanced-usage.html#tls-warnings
  warnings.warn(</msg>
<msg time="2024-05-20T19:11:34.391920" level="INFO">${response} = &lt;Response [200]&gt;</msg>
<var>${response}</var>
<arg>consultarAPI</arg>
<arg>/api</arg>
<doc>Sends a GET request on a previously created HTTP Session.</doc>
<status status="PASS" start="2024-05-20T19:11:34.149889" elapsed="0.242073"/>
</kw>
<kw name="Should Be Equal As Numbers" owner="BuiltIn">
<msg time="2024-05-20T19:11:34.392987" level="INFO">Argument types are:
&lt;class 'int'&gt;
&lt;class 'str'&gt;</msg>
<arg>${response.status_code}</arg>
<arg>200</arg>
<doc>Fails if objects are unequal after converting them to real numbers.</doc>
<status status="PASS" start="2024-05-20T19:11:34.392493" elapsed="0.000559"/>
</kw>
<kw name="Log" owner="BuiltIn">
<msg time="2024-05-20T19:11:34.393753" level="INFO">200</msg>
<arg>${response.status_code}</arg>
<doc>Logs the given message with the given level.</doc>
<status status="PASS" start="2024-05-20T19:11:34.393403" elapsed="0.000398"/>
</kw>
<kw name="Set Variable" owner="BuiltIn">
<msg time="2024-05-20T19:11:34.394554" level="INFO">${json_data} = {'results': [{'gender': 'female', 'name': {'title': 'Ms', 'first': 'Swathi', 'last': 'Acharya'}, 'location': {'street': {'number': 7187, 'name': 'Sitabuldi Main Rd'}, 'city': 'Mumbai', 'state': 'Punja...</msg>
<var>${json_data}</var>
<arg>${response.json()}</arg>
<doc>Returns the given values which can then be assigned to a variables.</doc>
<status status="PASS" start="2024-05-20T19:11:34.394110" elapsed="0.000504"/>
</kw>
<kw name="Dictionary Should Contain Key" owner="Collections">
<msg time="2024-05-20T19:11:34.395098" level="INFO">False</msg>
<arg>${json_data}</arg>
<arg>results</arg>
<doc>Fails if ``key`` is not found from ``dictionary``.</doc>
<status status="PASS" start="2024-05-20T19:11:34.394931" elapsed="0.000205"/>
</kw>
<status status="PASS" start="2024-05-20T19:11:34.149651" elapsed="0.245737"/>
</kw>
<doc>Testa se a API responde corretamente e retorna um objeto JSON válido.</doc>
<tag>testeRequisicaoBasica</tag>
<status status="PASS" start="2024-05-20T19:11:34.149150" elapsed="0.246415"/>
</test>
<test id="s1-s1-t3" name="Validar estrutura de resposta" line="22">
<kw name="Teste de Estrutura de Resposta" owner="random-user-service">
<kw name="GET On Session" owner="RequestsLibrary">
<msg time="2024-05-20T19:11:34.493782" level="INFO">GET Request : url=https://randomuser.me/api 
 path_url=/api 
 headers={'User-Agent': 'python-requests/2.32.0', 'Accept-Encoding': 'gzip, deflate', 'Accept': '*/*', 'Connection': 'keep-alive'} 
 body=None 
 </msg>
<msg time="2024-05-20T19:11:34.493870" level="INFO">GET Response : url=https://randomuser.me/api 
 status=200, reason=OK 
 headers={'Date': 'Mon, 20 May 2024 19:11:34 GMT', 'Content-Type': 'application/json; charset=utf-8', 'Transfer-Encoding': 'chunked', 'Connection': 'keep-alive', 'X-Powered-By': 'Express', 'Access-Control-Allow-Origin': '*', 'Cache-Control': 'no-cache', 'ETag': 'W/"46f-nyiQctrdX3h4zwwvwLQFUaOMap8"', 'Vary': 'Accept-Encoding', 'Content-Encoding': 'gzip', 'CF-Cache-Status': 'DYNAMIC', 'Report-To': '{"endpoints":[{"url":"https:\\/\\/a.nel.cloudflare.com\\/report\\/v4?s=1AUKmGUaaDt8DTRm2HZT0xaE4CjTbfLMc%2BvfuxEHAGj2XMSIShwD8CZluM%2BI%2BYBDKtPCAD18Uor9tcvGUjho3gQjRjND%2F4SsRdDLTEU2l8eXIF%2F78Xdb%2FBht8ne7K97x"}],"group":"cf-nel","max_age":604800}', 'NEL': '{"success_fraction":0,"report_to":"cf-nel","max_age":604800}', 'Server': 'cloudflare', 'CF-RAY': '886ea21ffc67393e-IAD', 'alt-svc': 'h3=":443"; ma=86400'} 
 body={"results":[{"gender":"female","name":{"title":"Miss","first":"Isla","last":"Zhang"},"location":{"street":{"number":6891,"name":"Totara Avenue"},"city":"Masterton","state":"Otago","country":"New Zealand","postcode":56536,"coordinates":{"latitude":"49.3494","longitude":"155.1042"},"timezone":{"offset":"-10:00","description":"Hawaii"}},"email":"isla.zhang@example.com","login":{"uuid":"7f31be79-8a2e-4fcf-b20d-6c2a0cdbc811","username":"ticklishgorilla814","password":"362436","salt":"Nk58V0Dh","md5":"cfb1a4de5f0f4ec2d6b2cb19d0d82968","sha1":"884e8686baf31e780c5d031b849c54271dc4db38","sha256":"0bd0fa06d6bfdfad6bbd0f29f53653049d7ff1c7ed2fdb387007600b526179eb"},"dob":{"date":"1954-11-11T00:31:46.657Z","age":69},"registered":{"date":"2015-04-16T18:22:02.125Z","age":9},"phone":"(887)-750-1013","cell":"(991)-763-8976","id":{"name":"","value":null},"picture":{"large":"https://randomuser.me/api/portraits/women/0.jpg","medium":"https://randomuser.me/api/portraits/med/women/0.jpg","thumbnail":"https://randomuser.me/api/portraits/thumb/women/0.jpg"},"nat":"NZ"}],"info":{"seed":"984c3c6307bd5553","results":1,"page":1,"version":"1.4"}} 
 </msg>
<msg time="2024-05-20T19:11:34.493991" level="INFO">/opt/hostedtoolcache/Python/3.12.3/x64/lib/python3.12/site-packages/urllib3/connectionpool.py:1103: InsecureRequestWarning: Unverified HTTPS request is being made to host 'randomuser.me'. Adding certificate verification is strongly advised. See: https://urllib3.readthedocs.io/en/latest/advanced-usage.html#tls-warnings
  warnings.warn(</msg>
<msg time="2024-05-20T19:11:34.494120" level="INFO">${response} = &lt;Response [200]&gt;</msg>
<var>${response}</var>
<arg>consultarAPI</arg>
<arg>/api</arg>
<doc>Sends a GET request on a previously created HTTP Session.</doc>
<status status="PASS" start="2024-05-20T19:11:34.398189" elapsed="0.095987"/>
</kw>
<kw name="Set Variable" owner="BuiltIn">
<msg time="2024-05-20T19:11:34.495272" level="INFO">${json_data} = {'results': [{'gender': 'female', 'name': {'title': 'Miss', 'first': 'Isla', 'last': 'Zhang'}, 'location': {'street': {'number': 6891, 'name': 'Totara Avenue'}, 'city': 'Masterton', 'state': 'Otago', ...</msg>
<var>${json_data}</var>
<arg>${response.json()}</arg>
<doc>Returns the given values which can then be assigned to a variables.</doc>
<status status="PASS" start="2024-05-20T19:11:34.494707" elapsed="0.000593"/>
</kw>
<kw name="Log" owner="BuiltIn">
<msg time="2024-05-20T19:11:34.495766" level="INFO">{'results': [{'gender': 'female', 'name': {'title': 'Miss', 'first': 'Isla', 'last': 'Zhang'}, 'location': {'street': {'number': 6891, 'name': 'Totara Avenue'}, 'city': 'Masterton', 'state': 'Otago', 'country': 'New Zealand', 'postcode': 56536, 'coordinates': {'latitude': '49.3494', 'longitude': '155.1042'}, 'timezone': {'offset': '-10:00', 'description': 'Hawaii'}}, 'email': 'isla.zhang@example.com', 'login': {'uuid': '7f31be79-8a2e-4fcf-b20d-6c2a0cdbc811', 'username': 'ticklishgorilla814', 'password': '362436', 'salt': 'Nk58V0Dh', 'md5': 'cfb1a4de5f0f4ec2d6b2cb19d0d82968', 'sha1': '884e8686baf31e780c5d031b849c54271dc4db38', 'sha256': '0bd0fa06d6bfdfad6bbd0f29f53653049d7ff1c7ed2fdb387007600b526179eb'}, 'dob': {'date': '1954-11-11T00:31:46.657Z', 'age': 69}, 'registered': {'date': '2015-04-16T18:22:02.125Z', 'age': 9}, 'phone': '(887)-750-1013', 'cell': '(991)-763-8976', 'id': {'name': '', 'value': None}, 'picture': {'large': 'https://randomuser.me/api/portraits/women/0.jpg', 'medium': 'https://randomuser.me/api/portraits/med/women/0.jpg', 'thumbnail': 'https://randomuser.me/api/portraits/thumb/women/0.jpg'}, 'nat': 'NZ'}], 'info': {'seed': '984c3c6307bd5553', 'results': 1, 'page': 1, 'version': '1.4'}}</msg>
<arg>${json_data}</arg>
<doc>Logs the given message with the given level.</doc>
<status status="PASS" start="2024-05-20T19:11:34.495609" elapsed="0.000209"/>
</kw>
<kw name="Dictionary Should Contain Key" owner="Collections">
<msg time="2024-05-20T19:11:34.496264" level="INFO">False</msg>
<arg>${json_data}</arg>
<arg>results</arg>
<doc>Fails if ``key`` is not found from ``dictionary``.</doc>
<status status="PASS" start="2024-05-20T19:11:34.496111" elapsed="0.000190"/>
</kw>
<kw name="Should Not Be Empty" owner="BuiltIn">
<msg time="2024-05-20T19:11:34.496725" level="INFO">Length is 2.</msg>
<arg>${json_data}</arg>
<doc>Verifies that the given item is not empty.</doc>
<status status="PASS" start="2024-05-20T19:11:34.496595" elapsed="0.000167"/>
</kw>
<kw name="Create List" owner="BuiltIn">
<msg time="2024-05-20T19:11:34.497329" level="INFO">${expected_keys} = ['gender', 'name', 'location', 'email', 'login']</msg>
<var>${expected_keys}</var>
<arg>gender</arg>
<arg>name</arg>
<arg>location</arg>
<arg>email</arg>
<arg>login</arg>
<doc>Returns a list containing given items.</doc>
<status status="PASS" start="2024-05-20T19:11:34.497053" elapsed="0.000300"/>
</kw>
<for flavor="IN">
<iter>
<kw name="Dictionary Should Contain Key" owner="Collections">
<msg time="2024-05-20T19:11:34.498330" level="INFO">False</msg>
<arg>${json_data['results'][0]}</arg>
<arg>${key}</arg>
<doc>Fails if ``key`` is not found from ``dictionary``.</doc>
<status status="PASS" start="2024-05-20T19:11:34.497918" elapsed="0.000453"/>
</kw>
<kw name="Log" owner="BuiltIn">
<msg time="2024-05-20T19:11:34.499076" level="INFO">{'gender': 'female', 'name': {'title': 'Miss', 'first': 'Isla', 'last': 'Zhang'}, 'location': {'street': {'number': 6891, 'name': 'Totara Avenue'}, 'city': 'Masterton', 'state': 'Otago', 'country': 'New Zealand', 'postcode': 56536, 'coordinates': {'latitude': '49.3494', 'longitude': '155.1042'}, 'timezone': {'offset': '-10:00', 'description': 'Hawaii'}}, 'email': 'isla.zhang@example.com', 'login': {'uuid': '7f31be79-8a2e-4fcf-b20d-6c2a0cdbc811', 'username': 'ticklishgorilla814', 'password': '362436', 'salt': 'Nk58V0Dh', 'md5': 'cfb1a4de5f0f4ec2d6b2cb19d0d82968', 'sha1': '884e8686baf31e780c5d031b849c54271dc4db38', 'sha256': '0bd0fa06d6bfdfad6bbd0f29f53653049d7ff1c7ed2fdb387007600b526179eb'}, 'dob': {'date': '1954-11-11T00:31:46.657Z', 'age': 69}, 'registered': {'date': '2015-04-16T18:22:02.125Z', 'age': 9}, 'phone': '(887)-750-1013', 'cell': '(991)-763-8976', 'id': {'name': '', 'value': None}, 'picture': {'large': 'https://randomuser.me/api/portraits/women/0.jpg', 'medium': 'https://randomuser.me/api/portraits/med/women/0.jpg', 'thumbnail': 'https://randomuser.me/api/portraits/thumb/women/0.jpg'}, 'nat': 'NZ'}</msg>
<arg>${json_data['results'][0]}</arg>
<doc>Logs the given message with the given level.</doc>
<status status="PASS" start="2024-05-20T19:11:34.498713" elapsed="0.000411"/>
</kw>
<kw name="Log" owner="BuiltIn">
<msg time="2024-05-20T19:11:34.499549" level="INFO">gender</msg>
<arg>${key}</arg>
<doc>Logs the given message with the given level.</doc>
<status status="PASS" start="2024-05-20T19:11:34.499421" elapsed="0.000164"/>
</kw>
<var name="${key}">gender</var>
<status status="PASS" start="2024-05-20T19:11:34.497792" elapsed="0.002007"/>
</iter>
<iter>
<kw name="Dictionary Should Contain Key" owner="Collections">
<msg time="2024-05-20T19:11:34.500480" level="INFO">False</msg>
<arg>${json_data['results'][0]}</arg>
<arg>${key}</arg>
<doc>Fails if ``key`` is not found from ``dictionary``.</doc>
<status status="PASS" start="2024-05-20T19:11:34.500098" elapsed="0.000419"/>
</kw>
<kw name="Log" owner="BuiltIn">
<msg time="2024-05-20T19:11:34.501230" level="INFO">{'gender': 'female', 'name': {'title': 'Miss', 'first': 'Isla', 'last': 'Zhang'}, 'location': {'street': {'number': 6891, 'name': 'Totara Avenue'}, 'city': 'Masterton', 'state': 'Otago', 'country': 'New Zealand', 'postcode': 56536, 'coordinates': {'latitude': '49.3494', 'longitude': '155.1042'}, 'timezone': {'offset': '-10:00', 'description': 'Hawaii'}}, 'email': 'isla.zhang@example.com', 'login': {'uuid': '7f31be79-8a2e-4fcf-b20d-6c2a0cdbc811', 'username': 'ticklishgorilla814', 'password': '362436', 'salt': 'Nk58V0Dh', 'md5': 'cfb1a4de5f0f4ec2d6b2cb19d0d82968', 'sha1': '884e8686baf31e780c5d031b849c54271dc4db38', 'sha256': '0bd0fa06d6bfdfad6bbd0f29f53653049d7ff1c7ed2fdb387007600b526179eb'}, 'dob': {'date': '1954-11-11T00:31:46.657Z', 'age': 69}, 'registered': {'date': '2015-04-16T18:22:02.125Z', 'age': 9}, 'phone': '(887)-750-1013', 'cell': '(991)-763-8976', 'id': {'name': '', 'value': None}, 'picture': {'large': 'https://randomuser.me/api/portraits/women/0.jpg', 'medium': 'https://randomuser.me/api/portraits/med/women/0.jpg', 'thumbnail': 'https://randomuser.me/api/portraits/thumb/women/0.jpg'}, 'nat': 'NZ'}</msg>
<arg>${json_data['results'][0]}</arg>
<doc>Logs the given message with the given level.</doc>
<status status="PASS" start="2024-05-20T19:11:34.500868" elapsed="0.000409"/>
</kw>
<kw name="Log" owner="BuiltIn">
<msg time="2024-05-20T19:11:34.501699" level="INFO">name</msg>
<arg>${key}</arg>
<doc>Logs the given message with the given level.</doc>
<status status="PASS" start="2024-05-20T19:11:34.501573" elapsed="0.000162"/>
</kw>
<var name="${key}">name</var>
<status status="PASS" start="2024-05-20T19:11:34.499983" elapsed="0.001967"/>
</iter>
<iter>
<kw name="Dictionary Should Contain Key" owner="Collections">
<msg time="2024-05-20T19:11:34.502649" level="INFO">False</msg>
<arg>${json_data['results'][0]}</arg>
<arg>${key}</arg>
<doc>Fails if ``key`` is not found from ``dictionary``.</doc>
<status status="PASS" start="2024-05-20T19:11:34.502237" elapsed="0.000457"/>
</kw>
<kw name="Log" owner="BuiltIn">
<msg time="2024-05-20T19:11:34.503478" level="INFO">{'gender': 'female', 'name': {'title': 'Miss', 'first': 'Isla', 'last': 'Zhang'}, 'location': {'street': {'number': 6891, 'name': 'Totara Avenue'}, 'city': 'Masterton', 'state': 'Otago', 'country': 'New Zealand', 'postcode': 56536, 'coordinates': {'latitude': '49.3494', 'longitude': '155.1042'}, 'timezone': {'offset': '-10:00', 'description': 'Hawaii'}}, 'email': 'isla.zhang@example.com', 'login': {'uuid': '7f31be79-8a2e-4fcf-b20d-6c2a0cdbc811', 'username': 'ticklishgorilla814', 'password': '362436', 'salt': 'Nk58V0Dh', 'md5': 'cfb1a4de5f0f4ec2d6b2cb19d0d82968', 'sha1': '884e8686baf31e780c5d031b849c54271dc4db38', 'sha256': '0bd0fa06d6bfdfad6bbd0f29f53653049d7ff1c7ed2fdb387007600b526179eb'}, 'dob': {'date': '1954-11-11T00:31:46.657Z', 'age': 69}, 'registered': {'date': '2015-04-16T18:22:02.125Z', 'age': 9}, 'phone': '(887)-750-1013', 'cell': '(991)-763-8976', 'id': {'name': '', 'value': None}, 'picture': {'large': 'https://randomuser.me/api/portraits/women/0.jpg', 'medium': 'https://randomuser.me/api/portraits/med/women/0.jpg', 'thumbnail': 'https://randomuser.me/api/portraits/thumb/women/0.jpg'}, 'nat': 'NZ'}</msg>
<arg>${json_data['results'][0]}</arg>
<doc>Logs the given message with the given level.</doc>
<status status="PASS" start="2024-05-20T19:11:34.503061" elapsed="0.000464"/>
</kw>
<kw name="Log" owner="BuiltIn">
<msg time="2024-05-20T19:11:34.503955" level="INFO">location</msg>
<arg>${key}</arg>
<doc>Logs the given message with the given level.</doc>
<status status="PASS" start="2024-05-20T19:11:34.503827" elapsed="0.000165"/>
</kw>
<var name="${key}">location</var>
<status status="PASS" start="2024-05-20T19:11:34.502126" elapsed="0.002081"/>
</iter>
<iter>
<kw name="Dictionary Should Contain Key" owner="Collections">
<msg time="2024-05-20T19:11:34.504869" level="INFO">False</msg>
<arg>${json_data['results'][0]}</arg>
<arg>${key}</arg>
<doc>Fails if ``key`` is not found from ``dictionary``.</doc>
<status status="PASS" start="2024-05-20T19:11:34.504493" elapsed="0.000413"/>
</kw>
<kw name="Log" owner="BuiltIn">
<msg time="2024-05-20T19:11:34.505567" level="INFO">{'gender': 'female', 'name': {'title': 'Miss', 'first': 'Isla', 'last': 'Zhang'}, 'location': {'street': {'number': 6891, 'name': 'Totara Avenue'}, 'city': 'Masterton', 'state': 'Otago', 'country': 'New Zealand', 'postcode': 56536, 'coordinates': {'latitude': '49.3494', 'longitude': '155.1042'}, 'timezone': {'offset': '-10:00', 'description': 'Hawaii'}}, 'email': 'isla.zhang@example.com', 'login': {'uuid': '7f31be79-8a2e-4fcf-b20d-6c2a0cdbc811', 'username': 'ticklishgorilla814', 'password': '362436', 'salt': 'Nk58V0Dh', 'md5': 'cfb1a4de5f0f4ec2d6b2cb19d0d82968', 'sha1': '884e8686baf31e780c5d031b849c54271dc4db38', 'sha256': '0bd0fa06d6bfdfad6bbd0f29f53653049d7ff1c7ed2fdb387007600b526179eb'}, 'dob': {'date': '1954-11-11T00:31:46.657Z', 'age': 69}, 'registered': {'date': '2015-04-16T18:22:02.125Z', 'age': 9}, 'phone': '(887)-750-1013', 'cell': '(991)-763-8976', 'id': {'name': '', 'value': None}, 'picture': {'large': 'https://randomuser.me/api/portraits/women/0.jpg', 'medium': 'https://randomuser.me/api/portraits/med/women/0.jpg', 'thumbnail': 'https://randomuser.me/api/portraits/thumb/women/0.jpg'}, 'nat': 'NZ'}</msg>
<arg>${json_data['results'][0]}</arg>
<doc>Logs the given message with the given level.</doc>
<status status="PASS" start="2024-05-20T19:11:34.505203" elapsed="0.000412"/>
</kw>
<kw name="Log" owner="BuiltIn">
<msg time="2024-05-20T19:11:34.506044" level="INFO">email</msg>
<arg>${key}</arg>
<doc>Logs the given message with the given level.</doc>
<status status="PASS" start="2024-05-20T19:11:34.505918" elapsed="0.000162"/>
</kw>
<var name="${key}">email</var>
<status status="PASS" start="2024-05-20T19:11:34.504378" elapsed="0.001920"/>
</iter>
<iter>
<kw name="Dictionary Should Contain Key" owner="Collections">
<msg time="2024-05-20T19:11:34.507006" level="INFO">False</msg>
<arg>${json_data['results'][0]}</arg>
<arg>${key}</arg>
<doc>Fails if ``key`` is not found from ``dictionary``.</doc>
<status status="PASS" start="2024-05-20T19:11:34.506609" elapsed="0.000434"/>
</kw>
<kw name="Log" owner="BuiltIn">
<msg time="2024-05-20T19:11:34.507701" level="INFO">{'gender': 'female', 'name': {'title': 'Miss', 'first': 'Isla', 'last': 'Zhang'}, 'location': {'street': {'number': 6891, 'name': 'Totara Avenue'}, 'city': 'Masterton', 'state': 'Otago', 'country': 'New Zealand', 'postcode': 56536, 'coordinates': {'latitude': '49.3494', 'longitude': '155.1042'}, 'timezone': {'offset': '-10:00', 'description': 'Hawaii'}}, 'email': 'isla.zhang@example.com', 'login': {'uuid': '7f31be79-8a2e-4fcf-b20d-6c2a0cdbc811', 'username': 'ticklishgorilla814', 'password': '362436', 'salt': 'Nk58V0Dh', 'md5': 'cfb1a4de5f0f4ec2d6b2cb19d0d82968', 'sha1': '884e8686baf31e780c5d031b849c54271dc4db38', 'sha256': '0bd0fa06d6bfdfad6bbd0f29f53653049d7ff1c7ed2fdb387007600b526179eb'}, 'dob': {'date': '1954-11-11T00:31:46.657Z', 'age': 69}, 'registered': {'date': '2015-04-16T18:22:02.125Z', 'age': 9}, 'phone': '(887)-750-1013', 'cell': '(991)-763-8976', 'id': {'name': '', 'value': None}, 'picture': {'large': 'https://randomuser.me/api/portraits/women/0.jpg', 'medium': 'https://randomuser.me/api/portraits/med/women/0.jpg', 'thumbnail': 'https://randomuser.me/api/portraits/thumb/women/0.jpg'}, 'nat': 'NZ'}</msg>
<arg>${json_data['results'][0]}</arg>
<doc>Logs the given message with the given level.</doc>
<status status="PASS" start="2024-05-20T19:11:34.507340" elapsed="0.000407"/>
</kw>
<kw name="Log" owner="BuiltIn">
<msg time="2024-05-20T19:11:34.508166" level="INFO">login</msg>
<arg>${key}</arg>
<doc>Logs the given message with the given level.</doc>
<status status="PASS" start="2024-05-20T19:11:34.508039" elapsed="0.000163"/>
</kw>
<var name="${key}">login</var>
<status status="PASS" start="2024-05-20T19:11:34.506469" elapsed="0.001960"/>
</iter>
<var>${key}</var>
<value>@{expected_keys}</value>
<status status="PASS" start="2024-05-20T19:11:34.497611" elapsed="0.010939"/>
</for>
<kw name="Create List" owner="BuiltIn">
<msg time="2024-05-20T19:11:34.508911" level="INFO">${expected_keysTwo} = ['username', 'password']</msg>
<var>${expected_keysTwo}</var>
<arg>username</arg>
<arg>password</arg>
<doc>Returns a list containing given items.</doc>
<status status="PASS" start="2024-05-20T19:11:34.508774" elapsed="0.000159"/>
</kw>
<for flavor="IN">
<iter>
<kw name="Dictionary Should Contain Key" owner="Collections">
<msg time="2024-05-20T19:11:34.509801" level="INFO">False</msg>
<arg>${json_data['results'][0]['login']}</arg>
<arg>${keyTwo}</arg>
<doc>Fails if ``key`` is not found from ``dictionary``.</doc>
<status status="PASS" start="2024-05-20T19:11:34.509424" elapsed="0.000414"/>
</kw>
<kw name="Dictionary Should Contain Key" owner="Collections">
<msg time="2024-05-20T19:11:34.510497" level="INFO">False</msg>
<arg>${json_data['results'][0]['login']}</arg>
<arg>${keyTwo}</arg>
<doc>Fails if ``key`` is not found from ``dictionary``.</doc>
<status status="PASS" start="2024-05-20T19:11:34.510129" elapsed="0.000404"/>
</kw>
<kw name="Log" owner="BuiltIn">
<msg time="2024-05-20T19:11:34.511005" level="INFO">username</msg>
<arg>${keyTwo}</arg>
<doc>Logs the given message with the given level.</doc>
<status status="PASS" start="2024-05-20T19:11:34.510877" elapsed="0.000164"/>
</kw>
<var name="${keyTwo}">username</var>
<status status="PASS" start="2024-05-20T19:11:34.509315" elapsed="0.001943"/>
</iter>
<iter>
<kw name="Dictionary Should Contain Key" owner="Collections">
<msg time="2024-05-20T19:11:34.511908" level="INFO">False</msg>
<arg>${json_data['results'][0]['login']}</arg>
<arg>${keyTwo}</arg>
<doc>Fails if ``key`` is not found from ``dictionary``.</doc>
<status status="PASS" start="2024-05-20T19:11:34.511533" elapsed="0.000410"/>
</kw>
<kw name="Dictionary Should Contain Key" owner="Collections">
<msg time="2024-05-20T19:11:34.512691" level="INFO">False</msg>
<arg>${json_data['results'][0]['login']}</arg>
<arg>${keyTwo}</arg>
<doc>Fails if ``key`` is not found from ``dictionary``.</doc>
<status status="PASS" start="2024-05-20T19:11:34.512232" elapsed="0.000495"/>
</kw>
<kw name="Log" owner="BuiltIn">
<msg time="2024-05-20T19:11:34.513148" level="INFO">password</msg>
<arg>${keyTwo}</arg>
<doc>Logs the given message with the given level.</doc>
<status status="PASS" start="2024-05-20T19:11:34.513022" elapsed="0.000162"/>
</kw>
<var name="${keyTwo}">password</var>
<status status="PASS" start="2024-05-20T19:11:34.511423" elapsed="0.001978"/>
</iter>
<var>${keyTwo}</var>
<value>@{expected_keysTwo}</value>
<status status="PASS" start="2024-05-20T19:11:34.509168" elapsed="0.004356"/>
</for>
<status status="PASS" start="2024-05-20T19:11:34.397948" elapsed="0.115714"/>
</kw>
<doc>Testa a estrutura da resposta da API.</doc>
<tag>testeEstruturaResposta</tag>
<status status="PASS" start="2024-05-20T19:11:34.397363" elapsed="0.116446"/>
</test>
<test id="s1-s1-t4" name="Validar tipos de dados" line="28">
<kw name="Teste de Tipos de Dados" owner="random-user-service">
<kw name="GET On Session" owner="RequestsLibrary">
<msg time="2024-05-20T19:11:34.603092" level="INFO">GET Request : url=https://randomuser.me/api 
 path_url=/api 
 headers={'User-Agent': 'python-requests/2.32.0', 'Accept-Encoding': 'gzip, deflate', 'Accept': '*/*', 'Connection': 'keep-alive'} 
 body=None 
 </msg>
<msg time="2024-05-20T19:11:34.603156" level="INFO">GET Response : url=https://randomuser.me/api 
 status=200, reason=OK 
 headers={'Date': 'Mon, 20 May 2024 19:11:34 GMT', 'Content-Type': 'application/json; charset=utf-8', 'Transfer-Encoding': 'chunked', 'Connection': 'keep-alive', 'X-Powered-By': 'Express', 'Access-Control-Allow-Origin': '*', 'Cache-Control': 'no-cache', 'ETag': 'W/"47f-U1+O2mF0jdmxrGjGRMRXoJLLNUM"', 'Vary': 'Accept-Encoding', 'Content-Encoding': 'gzip', 'CF-Cache-Status': 'DYNAMIC', 'Report-To': '{"endpoints":[{"url":"https:\\/\\/a.nel.cloudflare.com\\/report\\/v4?s=vQZjU4noo9myxY%2FQHoOjhvcGn4CytFNWkqz0IcSjCI0pKHSEiZczdkqMA7sq45k22JgaBbajoguxtEkDPTAH90TUjepoZMtxPliLaz9RxOqL65KmIw3Q9UQwiWX40Tsj"}],"group":"cf-nel","max_age":604800}', 'NEL': '{"success_fraction":0,"report_to":"cf-nel","max_age":604800}', 'Server': 'cloudflare', 'CF-RAY': '886ea220bd7e393e-IAD', 'alt-svc': 'h3=":443"; ma=86400'} 
 body={"results":[{"gender":"male","name":{"title":"Mr","first":"طاها","last":"گلشن"},"location":{"street":{"number":6220,"name":"بلال حبشی"},"city":"قم","state":"خراسان شمالی","country":"Iran","postcode":99548,"coordinates":{"latitude":"18.0525","longitude":"-44.4899"},"timezone":{"offset":"-11:00","description":"Midway Island, Samoa"}},"email":"th.glshn@example.com","login":{"uuid":"8e092b5f-97c1-4f74-9b6d-e12af0e91c45","username":"happyswan926","password":"printing","salt":"KBVe0Erf","md5":"e889bfc24f5019682a912514e3a46b54","sha1":"698f5b0c72c4ccdafd93edc93dd9d4c16f14feab","sha256":"0c53765a28b5cd1d4fdb921528bce7f05b16c791e44202aceee1edaf7a22d683"},"dob":{"date":"1950-03-19T04:13:03.899Z","age":74},"registered":{"date":"2004-11-26T02:58:03.378Z","age":19},"phone":"090-85182381","cell":"0969-799-2848","id":{"name":"","value":null},"picture":{"large":"https://randomuser.me/api/portraits/men/66.jpg","medium":"https://randomuser.me/api/portraits/med/men/66.jpg","thumbnail":"https://randomuser.me/api/portraits/thumb/men/66.jpg"},"nat":"IR"}],"info":{"seed":"ae4e5f3502f6312a","results":1,"page":1,"version":"1.4"}} 
 </msg>
<msg time="2024-05-20T19:11:34.603215" level="INFO">/opt/hostedtoolcache/Python/3.12.3/x64/lib/python3.12/site-packages/urllib3/connectionpool.py:1103: InsecureRequestWarning: Unverified HTTPS request is being made to host 'randomuser.me'. Adding certificate verification is strongly advised. See: https://urllib3.readthedocs.io/en/latest/advanced-usage.html#tls-warnings
  warnings.warn(</msg>
<msg time="2024-05-20T19:11:34.603302" level="INFO">${response} = &lt;Response [200]&gt;</msg>
<var>${response}</var>
<arg>consultarAPI</arg>
<arg>/api</arg>
<doc>Sends a GET request on a previously created HTTP Session.</doc>
<status status="PASS" start="2024-05-20T19:11:34.516339" elapsed="0.087002"/>
</kw>
<kw name="Set Variable" owner="BuiltIn">
<msg time="2024-05-20T19:11:34.604411" level="INFO">${json_data} = {'results': [{'gender': 'male', 'name': {'title': 'Mr', 'first': 'طاها', 'last': 'گلشن'}, 'location': {'street': {'number': 6220, 'name': 'بلال حبشی'}, 'city': 'قم', 'state': 'خراسان شمالی', 'country'...</msg>
<var>${json_data}</var>
<arg>${response.json()}</arg>
<doc>Returns the given values which can then be assigned to a variables.</doc>
<status status="PASS" start="2024-05-20T19:11:34.603808" elapsed="0.000634"/>
</kw>
<kw name="Log" owner="BuiltIn">
<msg time="2024-05-20T19:11:34.604910" level="INFO">{'results': [{'gender': 'male', 'name': {'title': 'Mr', 'first': 'طاها', 'last': 'گلشن'}, 'location': {'street': {'number': 6220, 'name': 'بلال حبشی'}, 'city': 'قم', 'state': 'خراسان شمالی', 'country': 'Iran', 'postcode': 99548, 'coordinates': {'latitude': '18.0525', 'longitude': '-44.4899'}, 'timezone': {'offset': '-11:00', 'description': 'Midway Island, Samoa'}}, 'email': 'th.glshn@example.com', 'login': {'uuid': '8e092b5f-97c1-4f74-9b6d-e12af0e91c45', 'username': 'happyswan926', 'password': 'printing', 'salt': 'KBVe0Erf', 'md5': 'e889bfc24f5019682a912514e3a46b54', 'sha1': '698f5b0c72c4ccdafd93edc93dd9d4c16f14feab', 'sha256': '0c53765a28b5cd1d4fdb921528bce7f05b16c791e44202aceee1edaf7a22d683'}, 'dob': {'date': '1950-03-19T04:13:03.899Z', 'age': 74}, 'registered': {'date': '2004-11-26T02:58:03.378Z', 'age': 19}, 'phone': '090-85182381', 'cell': '0969-799-2848', 'id': {'name': '', 'value': None}, 'picture': {'large': 'https://randomuser.me/api/portraits/men/66.jpg', 'medium': 'https://randomuser.me/api/portraits/med/men/66.jpg', 'thumbnail': 'https://randomuser.me/api/portraits/thumb/men/66.jpg'}, 'nat': 'IR'}], 'info': {'seed': 'ae4e5f3502f6312a', 'results': 1, 'page': 1, 'version': '1.4'}}</msg>
<arg>${json_data}</arg>
<doc>Logs the given message with the given level.</doc>
<status status="PASS" start="2024-05-20T19:11:34.604748" elapsed="0.000210"/>
</kw>
<kw name="Should Be String" owner="String">
<arg>${json_data['results'][0]['gender']}</arg>
<doc>Fails if the given ``item`` is not a string.</doc>
<status status="PASS" start="2024-05-20T19:11:34.605289" elapsed="0.000354"/>
</kw>
<kw name="Should Match Regexp" owner="BuiltIn">
<arg>${json_data['results'][0]['email']}</arg>
<arg>^[a-zA-Z0-9._%+-]+@[a-zA-Z0-9.-]+\.[a-zA-Z]{2,}$</arg>
<doc>Fails if ``string`` does not match ``pattern`` as a regular expression.</doc>
<status status="PASS" start="2024-05-20T19:11:34.605831" elapsed="0.000500"/>
</kw>
<kw name="Should Match Regexp" owner="BuiltIn">
<arg>${json_data['results'][0]['dob']['date']}</arg>
<arg>\\d{4}-\\d{2}-\\d{2}T\\d{2}:\\d{2}:\\d{2}\\.\\d{3}Z</arg>
<doc>Fails if ``string`` does not match ``pattern`` as a regular expression.</doc>
<status status="PASS" start="2024-05-20T19:11:34.606526" elapsed="0.000530"/>
</kw>
<kw name="Should Match Regexp" owner="BuiltIn">
<arg>${json_data['results'][0]['registered']['date']}</arg>
<arg>\\d{4}-\\d{2}-\\d{2}T\\d{2}:\\d{2}:\\d{2}\\.\\d{3}Z</arg>
<doc>Fails if ``string`` does not match ``pattern`` as a regular expression.</doc>
<status status="PASS" start="2024-05-20T19:11:34.607251" elapsed="0.000362"/>
</kw>
<kw name="Should Match Regexp" owner="BuiltIn">
<arg>${json_data['results'][0]['picture']['large']}</arg>
<arg>^https?://.*\.(?:png|jpe?g|gif|bmp)$</arg>
<doc>Fails if ``string`` does not match ``pattern`` as a regular expression.</doc>
<status status="PASS" start="2024-05-20T19:11:34.607798" elapsed="0.000457"/>
</kw>
<kw name="Should Match Regexp" owner="BuiltIn">
<arg>${json_data['results'][0]['picture']['medium']}</arg>
<arg>^https?://.*\.(?:png|jpe?g|gif|bmp)$</arg>
<doc>Fails if ``string`` does not match ``pattern`` as a regular expression.</doc>
<status status="PASS" start="2024-05-20T19:11:34.608440" elapsed="0.000350"/>
</kw>
<kw name="Should Match Regexp" owner="BuiltIn">
<arg>${json_data['results'][0]['picture']['thumbnail']}</arg>
<arg>^https?://.*\.(?:png|jpe?g|gif|bmp)$</arg>
<doc>Fails if ``string`` does not match ``pattern`` as a regular expression.</doc>
<status status="PASS" start="2024-05-20T19:11:34.608973" elapsed="0.000350"/>
</kw>
<kw name="Log" owner="BuiltIn">
<msg time="2024-05-20T19:11:34.609847" level="INFO">{'large': 'https://randomuser.me/api/portraits/men/66.jpg', 'medium': 'https://randomuser.me/api/portraits/med/men/66.jpg', 'thumbnail': 'https://randomuser.me/api/portraits/thumb/men/66.jpg'}</msg>
<arg>${json_data['results'][0]['picture']}</arg>
<doc>Logs the given message with the given level.</doc>
<status status="PASS" start="2024-05-20T19:11:34.609510" elapsed="0.000378"/>
</kw>
<status status="PASS" start="2024-05-20T19:11:34.516114" elapsed="0.094023"/>
</kw>
<kw name="Teste de Tipos de Dados - Postcode" owner="random-user-service">
<kw name="GET On Session" owner="RequestsLibrary">
<msg time="2024-05-20T19:11:34.687728" level="INFO">GET Request : url=https://randomuser.me/api 
 path_url=/api 
 headers={'User-Agent': 'python-requests/2.32.0', 'Accept-Encoding': 'gzip, deflate', 'Accept': '*/*', 'Connection': 'keep-alive'} 
 body=None 
 </msg>
<msg time="2024-05-20T19:11:34.687818" level="INFO">GET Response : url=https://randomuser.me/api 
 status=200, reason=OK 
 headers={'Date': 'Mon, 20 May 2024 19:11:34 GMT', 'Content-Type': 'application/json; charset=utf-8', 'Transfer-Encoding': 'chunked', 'Connection': 'keep-alive', 'X-Powered-By': 'Express', 'Access-Control-Allow-Origin': '*', 'Cache-Control': 'no-cache', 'ETag': 'W/"49a-7/n87nJk4KubZPEw4PPKvx/0in4"', 'Vary': 'Accept-Encoding', 'Content-Encoding': 'gzip', 'CF-Cache-Status': 'DYNAMIC', 'Report-To': '{"endpoints":[{"url":"https:\\/\\/a.nel.cloudflare.com\\/report\\/v4?s=OAb4AkRmrbGON7OvjFQa4b3lHCbrGa5rr8z%2FpoHulFdCS5NKnZGJOXWHGUp%2BjD7AYYkyOVRVYcZuiP0Emdb8bxNFQvr9rDkkhfhV%2Bqze69SJZ7OJetY67DokG9A6ljCr"}],"group":"cf-nel","max_age":604800}', 'NEL': '{"success_fraction":0,"report_to":"cf-nel","max_age":604800}', 'Server': 'cloudflare', 'CF-RAY': '886ea2215e75393e-IAD', 'alt-svc': 'h3=":443"; ma=86400'} 
 body={"results":[{"gender":"female","name":{"title":"Miss","first":"Heidrun","last":"Stobbe"},"location":{"street":{"number":4741,"name":"Mühlweg"},"city":"Schleswig","state":"Sachsen","country":"Germany","postcode":95903,"coordinates":{"latitude":"-51.9660","longitude":"146.3587"},"timezone":{"offset":"+9:00","description":"Tokyo, Seoul, Osaka, Sapporo, Yakutsk"}},"email":"heidrun.stobbe@example.com","login":{"uuid":"6d0e7bcc-fad9-4a93-8714-0f073fb7e214","username":"crazybear995","password":"barron","salt":"Q2LNJncD","md5":"c114bec1024acb5e6208184c00134db9","sha1":"c8b2909348f13385b1091823338dd94ca619a740","sha256":"f4cc2e0d161e87090ae55ca30863cb72993ee257659189ee41556144da1cef41"},"dob":{"date":"1945-04-21T12:44:57.190Z","age":79},"registered":{"date":"2011-05-20T19:39:08.645Z","age":12},"phone":"0974-9102510","cell":"0179-2926831","id":{"name":"SVNR","value":"65 210445 S 670"},"picture":{"large":"https://randomuser.me/api/portraits/women/23.jpg","medium":"https://randomuser.me/api/portraits/med/women/23.jpg","thumbnail":"https://randomuser.me/api/portraits/thumb/women/23.jpg"},"nat":"DE"}],"info":{"seed":"28c2f6bb691d9d14","results":1,"page":1,"version":"1.4"}} 
 </msg>
<msg time="2024-05-20T19:11:34.687885" level="INFO">/opt/hostedtoolcache/Python/3.12.3/x64/lib/python3.12/site-packages/urllib3/connectionpool.py:1103: InsecureRequestWarning: Unverified HTTPS request is being made to host 'randomuser.me'. Adding certificate verification is strongly advised. See: https://urllib3.readthedocs.io/en/latest/advanced-usage.html#tls-warnings
  warnings.warn(</msg>
<msg time="2024-05-20T19:11:34.687992" level="INFO">${response} = &lt;Response [200]&gt;</msg>
<var>${response}</var>
<arg>consultarAPI</arg>
<arg>/api</arg>
<doc>Sends a GET request on a previously created HTTP Session.</doc>
<status status="PASS" start="2024-05-20T19:11:34.610562" elapsed="0.077462"/>
</kw>
<kw name="Set Variable" owner="BuiltIn">
<msg time="2024-05-20T19:11:34.689029" level="INFO">${json_data} = {'results': [{'gender': 'female', 'name': {'title': 'Miss', 'first': 'Heidrun', 'last': 'Stobbe'}, 'location': {'street': {'number': 4741, 'name': 'Mühlweg'}, 'city': 'Schleswig', 'state': 'Sachsen', ...</msg>
<var>${json_data}</var>
<arg>${response.json()}</arg>
<doc>Returns the given values which can then be assigned to a variables.</doc>
<status status="PASS" start="2024-05-20T19:11:34.688518" elapsed="0.000541"/>
</kw>
<kw name="Log" owner="BuiltIn">
<msg time="2024-05-20T19:11:34.689535" level="INFO">{'results': [{'gender': 'female', 'name': {'title': 'Miss', 'first': 'Heidrun', 'last': 'Stobbe'}, 'location': {'street': {'number': 4741, 'name': 'Mühlweg'}, 'city': 'Schleswig', 'state': 'Sachsen', 'country': 'Germany', 'postcode': 95903, 'coordinates': {'latitude': '-51.9660', 'longitude': '146.3587'}, 'timezone': {'offset': '+9:00', 'description': 'Tokyo, Seoul, Osaka, Sapporo, Yakutsk'}}, 'email': 'heidrun.stobbe@example.com', 'login': {'uuid': '6d0e7bcc-fad9-4a93-8714-0f073fb7e214', 'username': 'crazybear995', 'password': 'barron', 'salt': 'Q2LNJncD', 'md5': 'c114bec1024acb5e6208184c00134db9', 'sha1': 'c8b2909348f13385b1091823338dd94ca619a740', 'sha256': 'f4cc2e0d161e87090ae55ca30863cb72993ee257659189ee41556144da1cef41'}, 'dob': {'date': '1945-04-21T12:44:57.190Z', 'age': 79}, 'registered': {'date': '2011-05-20T19:39:08.645Z', 'age': 12}, 'phone': '0974-9102510', 'cell': '0179-2926831', 'id': {'name': 'SVNR', 'value': '65 210445 S 670'}, 'picture': {'large': 'https://randomuser.me/api/portraits/women/23.jpg', 'medium': 'https://randomuser.me/api/portraits/med/women/23.jpg', 'thumbnail': 'https://randomuser.me/api/portraits/thumb/women/23.jpg'}, 'nat': 'DE'}], 'info': {'seed': '28c2f6bb691d9d14', 'results': 1, 'page': 1, 'version': '1.4'}}</msg>
<arg>${json_data}</arg>
<doc>Logs the given message with the given level.</doc>
<status status="PASS" start="2024-05-20T19:11:34.689375" elapsed="0.000208"/>
</kw>
<kw name="Should Be Equal As Numbers" owner="BuiltIn">
<arg>${json_data['results'][0]['location']['postcode']}</arg>
<arg>${json_data['results'][0]['location']['postcode']}</arg>
<doc>Fails if objects are unequal after converting them to real numbers.</doc>
<status status="PASS" start="2024-05-20T19:11:34.689881" elapsed="0.000874"/>
</kw>
<kw name="Log" owner="BuiltIn">
<msg time="2024-05-20T19:11:34.691292" level="INFO">95903</msg>
<arg>${json_data['results'][0]['location']['postcode']}</arg>
<doc>Logs the given message with the given level.</doc>
<status status="PASS" start="2024-05-20T19:11:34.690951" elapsed="0.000381"/>
</kw>
<status status="PASS" start="2024-05-20T19:11:34.610347" elapsed="0.081241"/>
</kw>
<doc>Testa se os tipos de dados na resposta da API estão corretos.</doc>
<tag>testeTiposDados</tag>
<status status="PASS" start="2024-05-20T19:11:34.515596" elapsed="0.176158"/>
</test>
<test id="s1-s1-t5" name="Validar conteudo" line="35">
<kw name="Teste de Tipos de Conteudo" owner="random-user-service">
<kw name="GET On Session" owner="RequestsLibrary">
<msg time="2024-05-20T19:11:34.793760" level="INFO">GET Request : url=https://randomuser.me/api 
 path_url=/api 
 headers={'User-Agent': 'python-requests/2.32.0', 'Accept-Encoding': 'gzip, deflate', 'Accept': '*/*', 'Connection': 'keep-alive'} 
 body=None 
 </msg>
<msg time="2024-05-20T19:11:34.793850" level="INFO">GET Response : url=https://randomuser.me/api 
 status=200, reason=OK 
 headers={'Date': 'Mon, 20 May 2024 19:11:34 GMT', 'Content-Type': 'application/json; charset=utf-8', 'Transfer-Encoding': 'chunked', 'Connection': 'keep-alive', 'X-Powered-By': 'Express', 'Access-Control-Allow-Origin': '*', 'Cache-Control': 'no-cache', 'ETag': 'W/"4a1-2SAMChvTM/AV55htSutnOEqpaoM"', 'Vary': 'Accept-Encoding', 'Content-Encoding': 'gzip', 'CF-Cache-Status': 'DYNAMIC', 'Report-To': '{"endpoints":[{"url":"https:\\/\\/a.nel.cloudflare.com\\/report\\/v4?s=CVz4%2BUBUJLewDk4NOdpTKQKzl8tMpT%2Ff6B%2B46Vfl61cQ1sY12IRYF9WgauPQU7g%2BfS0p6rfisVxBsqUVYmPCd%2FjBEE8EEun4pjf%2FOCxwV3yW5KCdJqV8ejPn%2B5vmnFhM"}],"group":"cf-nel","max_age":604800}', 'NEL': '{"success_fraction":0,"report_to":"cf-nel","max_age":604800}', 'Server': 'cloudflare', 'CF-RAY': '886ea221df1a393e-IAD', 'alt-svc': 'h3=":443"; ma=86400'} 
 body={"results":[{"gender":"male","name":{"title":"Mr","first":"نيما","last":"زارعی"},"location":{"street":{"number":7271,"name":"شیخ فضل الله نوری"},"city":"قائم‌شهر","state":"یزد","country":"Iran","postcode":48628,"coordinates":{"latitude":"20.2118","longitude":"-89.5248"},"timezone":{"offset":"+5:00","description":"Ekaterinburg, Islamabad, Karachi, Tashkent"}},"email":"nym.zraay@example.com","login":{"uuid":"e4ab8af6-e740-4ace-9340-4b2bb6c2b662","username":"crazybear353","password":"chicken1","salt":"6DqbOW5t","md5":"11d0f17c2dea1ae2ad6c4bd994e1cfbc","sha1":"17babefa73008b0d2f4880769f4d23774c356732","sha256":"b8add31315554d836c9534bd1a59e81f2f3ff169d966b6d65c7f7f3febd624cf"},"dob":{"date":"1986-10-14T10:50:26.772Z","age":37},"registered":{"date":"2004-10-09T03:07:02.181Z","age":19},"phone":"074-71644169","cell":"0978-873-1822","id":{"name":"","value":null},"picture":{"large":"https://randomuser.me/api/portraits/men/71.jpg","medium":"https://randomuser.me/api/portraits/med/men/71.jpg","thumbnail":"https://randomuser.me/api/portraits/thumb/men/71.jpg"},"nat":"IR"}],"info":{"seed":"258d86efef4d5b5d","results":1,"page":1,"version":"1.4"}} 
 </msg>
<msg time="2024-05-20T19:11:34.793931" level="INFO">/opt/hostedtoolcache/Python/3.12.3/x64/lib/python3.12/site-packages/urllib3/connectionpool.py:1103: InsecureRequestWarning: Unverified HTTPS request is being made to host 'randomuser.me'. Adding certificate verification is strongly advised. See: https://urllib3.readthedocs.io/en/latest/advanced-usage.html#tls-warnings
  warnings.warn(</msg>
<msg time="2024-05-20T19:11:34.794051" level="INFO">${response} = &lt;Response [200]&gt;</msg>
<var>${response}</var>
<arg>consultarAPI</arg>
<arg>/api</arg>
<doc>Sends a GET request on a previously created HTTP Session.</doc>
<status status="PASS" start="2024-05-20T19:11:34.694236" elapsed="0.099870"/>
</kw>
<kw name="Set Variable" owner="BuiltIn">
<msg time="2024-05-20T19:11:34.795259" level="INFO">${json_data} = {'results': [{'gender': 'male', 'name': {'title': 'Mr', 'first': 'نيما', 'last': 'زارعی'}, 'location': {'street': {'number': 7271, 'name': 'شیخ فضل الله نوری'}, 'city': 'قائم\u200cشهر', 'state': 'یزد'...</msg>
<var>${json_data}</var>
<arg>${response.json()}</arg>
<doc>Returns the given values which can then be assigned to a variables.</doc>
<status status="PASS" start="2024-05-20T19:11:34.794658" elapsed="0.000633"/>
</kw>
<kw name="Set Variable" owner="BuiltIn">
<msg time="2024-05-20T19:11:34.796003" level="INFO">${name_title} = Mr</msg>
<var>${name_title}</var>
<arg>${json_data["results"][0]["name"]["title"]}</arg>
<doc>Returns the given values which can then be assigned to a variables.</doc>
<status status="PASS" start="2024-05-20T19:11:34.795608" elapsed="0.000420"/>
</kw>
<kw name="Create List" owner="BuiltIn">
<msg time="2024-05-20T19:11:34.796489" level="INFO">${allowed_titles} = ['Mr', 'Ms', 'Miss', 'Mrs', 'Madame', 'Monsieur']</msg>
<var>${allowed_titles}</var>
<arg>Mr</arg>
<arg>Ms</arg>
<arg>Miss</arg>
<arg>Mrs</arg>
<arg>Madame</arg>
<arg>Monsieur</arg>
<doc>Returns a list containing given items.</doc>
<status status="PASS" start="2024-05-20T19:11:34.796338" elapsed="0.000175"/>
</kw>
<kw name="List Should Contain Value" owner="Collections">
<msg time="2024-05-20T19:11:34.796998" level="INFO">False</msg>
<arg>${allowed_titles}</arg>
<arg>${name_title}</arg>
<doc>Fails if the ``value`` is not found from ``list``.</doc>
<status status="PASS" start="2024-05-20T19:11:34.796823" elapsed="0.000212"/>
</kw>
<kw name="Set Variable" owner="BuiltIn">
<msg time="2024-05-20T19:11:34.797698" level="INFO">${name_country} = IR</msg>
<var>${name_country}</var>
<arg>${json_data["results"][0]["nat"]}</arg>
<doc>Returns the given values which can then be assigned to a variables.</doc>
<status status="PASS" start="2024-05-20T19:11:34.797326" elapsed="0.000398"/>
</kw>
<kw name="Create List" owner="BuiltIn">
<msg time="2024-05-20T19:11:34.798663" level="INFO">${list_country} = ['AD', 'AE', 'AF', 'AG', 'AI', 'AL', 'AM', 'AO', 'AQ', 'AR', 'AS', 'AT', 'AU', 'AW', 'AX', 'AZ', 'BA', 'BB', 'BD', 'BE', 'BF', 'BG', 'BH', 'BI', 'BJ', 'BL', 'BM', 'BN', 'BO', 'BQ', 'BR', 'BS', 'BT', '...</msg>
<var>${list_country}</var>
<arg>AD</arg>
<arg>AE</arg>
<arg>AF</arg>
<arg>AG</arg>
<arg>AI</arg>
<arg>AL</arg>
<arg>AM</arg>
<arg>AO</arg>
<arg>AQ</arg>
<arg>AR</arg>
<arg>AS</arg>
<arg>AT</arg>
<arg>AU</arg>
<arg>AW</arg>
<arg>AX</arg>
<arg>AZ</arg>
<arg>BA</arg>
<arg>BB</arg>
<arg>BD</arg>
<arg>BE</arg>
<arg>BF</arg>
<arg>BG</arg>
<arg>BH</arg>
<arg>BI</arg>
<arg>BJ</arg>
<arg>BL</arg>
<arg>BM</arg>
<arg>BN</arg>
<arg>BO</arg>
<arg>BQ</arg>
<arg>BR</arg>
<arg>BS</arg>
<arg>BT</arg>
<arg>BV</arg>
<arg>BW</arg>
<arg>BY</arg>
<arg>BZ</arg>
<arg>CA</arg>
<arg>CC</arg>
<arg>CD</arg>
<arg>CF</arg>
<arg>CG</arg>
<arg>CH</arg>
<arg>CI</arg>
<arg>CK</arg>
<arg>CL</arg>
<arg>CM</arg>
<arg>CN</arg>
<arg>CO</arg>
<arg>CR</arg>
<arg>CU</arg>
<arg>CV</arg>
<arg>CW</arg>
<arg>CX</arg>
<arg>CY</arg>
<arg>CZ</arg>
<arg>DE</arg>
<arg>DJ</arg>
<arg>DK</arg>
<arg>DM</arg>
<arg>DO</arg>
<arg>DZ</arg>
<arg>EC</arg>
<arg>EE</arg>
<arg>EG</arg>
<arg>EH</arg>
<arg>ER</arg>
<arg>ES</arg>
<arg>ET</arg>
<arg>FI</arg>
<arg>FJ</arg>
<arg>FK</arg>
<arg>FM</arg>
<arg>FO</arg>
<arg>FR</arg>
<arg>GA</arg>
<arg>GB</arg>
<arg>GD</arg>
<arg>GE</arg>
<arg>GF</arg>
<arg>GG</arg>
<arg>GH</arg>
<arg>GI</arg>
<arg>GL</arg>
<arg>GM</arg>
<arg>GN</arg>
<arg>GP</arg>
<arg>GQ</arg>
<arg>GR</arg>
<arg>GS</arg>
<arg>GT</arg>
<arg>GU</arg>
<arg>GW</arg>
<arg>GY</arg>
<arg>HK</arg>
<arg>HM</arg>
<arg>HN</arg>
<arg>HR</arg>
<arg>HT</arg>
<arg>HU</arg>
<arg>ID</arg>
<arg>IE</arg>
<arg>IL</arg>
<arg>IM</arg>
<arg>IN</arg>
<arg>IO</arg>
<arg>IQ</arg>
<arg>IR</arg>
<arg>IS</arg>
<arg>IT</arg>
<arg>JE</arg>
<arg>JM</arg>
<arg>JO</arg>
<arg>JP</arg>
<arg>KE</arg>
<arg>KG</arg>
<arg>KH</arg>
<arg>KI</arg>
<arg>KM</arg>
<arg>KN</arg>
<arg>KP</arg>
<arg>KR</arg>
<arg>KW</arg>
<arg>KY</arg>
<arg>KZ</arg>
<arg>LA</arg>
<arg>LB</arg>
<arg>LC</arg>
<arg>LI</arg>
<arg>LK</arg>
<arg>LR</arg>
<arg>LS</arg>
<arg>LT</arg>
<arg>LU</arg>
<arg>LV</arg>
<arg>LY</arg>
<arg>MA</arg>
<arg>MC</arg>
<arg>MD</arg>
<arg>ME</arg>
<arg>MF</arg>
<arg>MG</arg>
<arg>MH</arg>
<arg>MK</arg>
<arg>ML</arg>
<arg>MM</arg>
<arg>MN</arg>
<arg>MO</arg>
<arg>MP</arg>
<arg>MQ</arg>
<arg>MR</arg>
<arg>MS</arg>
<arg>MT</arg>
<arg>MU</arg>
<arg>MV</arg>
<arg>MW</arg>
<arg>MX</arg>
<arg>MY</arg>
<arg>MZ</arg>
<arg>NA</arg>
<arg>NC</arg>
<arg>NE</arg>
<arg>NF</arg>
<arg>NG</arg>
<arg>NI</arg>
<arg>NL</arg>
<arg>NO</arg>
<arg>NP</arg>
<arg>NR</arg>
<arg>NU</arg>
<arg>NZ</arg>
<arg>OM</arg>
<arg>PA</arg>
<arg>PE</arg>
<arg>PF</arg>
<arg>PG</arg>
<arg>PH</arg>
<arg>PK</arg>
<arg>PL</arg>
<arg>PM</arg>
<arg>PN</arg>
<arg>PR</arg>
<arg>PS</arg>
<arg>PT</arg>
<arg>PW</arg>
<arg>PY</arg>
<arg>QA</arg>
<arg>RE</arg>
<arg>RO</arg>
<arg>RS</arg>
<arg>RU</arg>
<arg>RW</arg>
<arg>SA</arg>
<arg>SB</arg>
<arg>SC</arg>
<arg>SD</arg>
<arg>SE</arg>
<arg>SG</arg>
<arg>SH</arg>
<arg>SI</arg>
<arg>SJ</arg>
<arg>SK</arg>
<arg>SL</arg>
<arg>SM</arg>
<arg>SN</arg>
<arg>SO</arg>
<arg>SR</arg>
<arg>SS</arg>
<arg>ST</arg>
<arg>SV</arg>
<arg>SX</arg>
<arg>SY</arg>
<arg>SZ</arg>
<arg>TC</arg>
<arg>TD</arg>
<arg>TF</arg>
<arg>TG</arg>
<arg>TH</arg>
<arg>TJ</arg>
<arg>TK</arg>
<arg>TL</arg>
<arg>TM</arg>
<arg>TN</arg>
<arg>TO</arg>
<arg>TR</arg>
<arg>TT</arg>
<arg>TV</arg>
<arg>TW</arg>
<arg>TZ</arg>
<arg>UA</arg>
<arg>UG</arg>
<arg>UM</arg>
<arg>US</arg>
<arg>UY</arg>
<arg>UZ</arg>
<arg>VA</arg>
<arg>VC</arg>
<arg>VE</arg>
<arg>VG</arg>
<arg>VI</arg>
<arg>VN</arg>
<arg>VU</arg>
<arg>WF</arg>
<arg>WS</arg>
<arg>XK</arg>
<arg>YE</arg>
<arg>YT</arg>
<arg>ZA</arg>
<arg>ZM</arg>
<arg>ZW</arg>
<doc>Returns a list containing given items.</doc>
<status status="PASS" start="2024-05-20T19:11:34.798027" elapsed="0.000664"/>
</kw>
<kw name="List Should Contain Value" owner="Collections">
<msg time="2024-05-20T19:11:34.799726" level="INFO">False</msg>
<arg>${list_country}</arg>
<arg>${name_country}</arg>
<doc>Fails if the ``value`` is not found from ``list``.</doc>
<status status="PASS" start="2024-05-20T19:11:34.799521" elapsed="0.000242"/>
</kw>
<kw name="Run Keyword If" owner="BuiltIn">
<kw name="Should Be True" owner="BuiltIn">
<arg>${True}</arg>
<doc>Fails if the given condition is not true.</doc>
<status status="PASS" start="2024-05-20T19:11:34.800836" elapsed="0.000144"/>
</kw>
<arg>${json_data["results"][0]["location"]["coordinates"]["latitude"]} &gt;= -90 and ${json_data["results"][0]["location"]["coordinates"]["latitude"]} &lt;= 90</arg>
<arg>Should Be True</arg>
<arg>${True}</arg>
<doc>Runs the given keyword with the given arguments, if ``condition`` is true.</doc>
<status status="PASS" start="2024-05-20T19:11:34.800081" elapsed="0.001025"/>
</kw>
<kw name="Run Keyword If" owner="BuiltIn">
<kw name="Should Be True" owner="BuiltIn">
<arg>${True}</arg>
<doc>Fails if the given condition is not true.</doc>
<status status="PASS" start="2024-05-20T19:11:34.801986" elapsed="0.000243"/>
</kw>
<arg>${json_data["results"][0]["location"]["coordinates"]["longitude"]} &gt;= -180 and ${json_data["results"][0]["location"]["coordinates"]["longitude"]} &lt;= 180</arg>
<arg>Should Be True</arg>
<arg>${True}</arg>
<doc>Runs the given keyword with the given arguments, if ``condition`` is true.</doc>
<status status="PASS" start="2024-05-20T19:11:34.801288" elapsed="0.001068"/>
</kw>
<status status="PASS" start="2024-05-20T19:11:34.694007" elapsed="0.108481"/>
</kw>
<doc>Testa o conteúdo específico dos campos retornados pela API.</doc>
<tag>testeConteudo</tag>
<status status="PASS" start="2024-05-20T19:11:34.693474" elapsed="0.109204"/>
</test>
<status status="PASS" start="2024-05-20T19:11:33.820360" elapsed="0.984270"/>
</suite>
<status status="PASS" start="2024-05-20T19:11:33.806895" elapsed="1.002910"/>
</suite>
<statistics>
<total>
<stat pass="5" fail="0" skip="0">All Tests</stat>
</total>
<tag>
<stat pass="1" fail="0" skip="0">testeConteudo</stat>
<stat pass="1" fail="0" skip="0">testeEstruturaResposta</stat>
<stat pass="1" fail="0" skip="0">testeRequisicaoBasica</stat>
<stat pass="1" fail="0" skip="0">testeTiposDados</stat>
</tag>
<suite>
<stat pass="5" fail="0" skip="0" id="s1" name="Tests">Tests</stat>
<stat pass="5" fail="0" skip="0" id="s1-s1" name="Random-User-Test">Tests.Random-User-Test</stat>
</suite>
</statistics>
<errors>
</errors>
</robot>
