<?xml version="1.0" encoding="UTF-8"?>
<robot generator="Robot 7.0.1 (Python 3.12.4 on linux)" generated="2024-06-28T20:15:16.503254" rpa="false" schemaversion="5">
<suite id="s1" name="Tests" source="/home/runner/work/ApiRandomUser/ApiRandomUser/RamdonUser/tests">
<suite id="s1-s1" name="Random-User-Test" source="/home/runner/work/ApiRandomUser/ApiRandomUser/RamdonUser/tests/random-user-test.robot">
<test id="s1-s1-t1" name="Conectar" line="13">
<kw name="Conectar API" owner="random-user-service">
<kw name="Create Session" owner="RequestsLibrary">
<msg time="2024-06-28T20:15:16.888767" level="INFO">Creating Session using : alias=consultarAPI, url=https://randomuser.me/, headers={},                     cookies={}, auth=None, timeout=None, proxies=None, verify=False,                     debug=0 </msg>
<arg>consultarAPI</arg>
<arg>${URL}</arg>
<doc>Create Session: create a HTTP session to a server</doc>
<status status="PASS" start="2024-06-28T20:15:16.888574" elapsed="0.000360"/>
</kw>
<status status="PASS" start="2024-06-28T20:15:16.887664" elapsed="0.001606"/>
</kw>
<status status="PASS" start="2024-06-28T20:15:16.887076" elapsed="0.002384"/>
</test>
<test id="s1-s1-t2" name="Validar retorno 200 e JSON Válido" line="16">
<kw name="Teste de Requisicao Basica" owner="random-user-service">
<kw name="GET On Session" owner="RequestsLibrary">
<msg time="2024-06-28T20:15:17.074653" level="INFO">GET Request : url=https://randomuser.me/api 
 path_url=/api 
 headers={'User-Agent': 'python-requests/2.32.3', 'Accept-Encoding': 'gzip, deflate', 'Accept': '*/*', 'Connection': 'keep-alive'} 
 body=None 
 </msg>
<msg time="2024-06-28T20:15:17.074793" level="INFO">GET Response : url=https://randomuser.me/api 
 status=200, reason=OK 
 headers={'Date': 'Fri, 28 Jun 2024 20:15:17 GMT', 'Content-Type': 'application/json; charset=utf-8', 'Transfer-Encoding': 'chunked', 'Connection': 'keep-alive', 'X-Powered-By': 'Express', 'Access-Control-Allow-Origin': '*', 'Cache-Control': 'no-cache', 'ETag': 'W/"481-x2BMKrS+hxDAKVO4qEdhDw/3cHY"', 'Vary': 'Accept-Encoding', 'Content-Encoding': 'gzip', 'CF-Cache-Status': 'DYNAMIC', 'Report-To': '{"endpoints":[{"url":"https:\\/\\/a.nel.cloudflare.com\\/report\\/v4?s=6TSF5fPfPty9NOq1fc6l6euXTeL0dDVPwNeN4c3hyOap7IvoiQ3wd26IDXIQ7dQhFcyVosqjV4ucgFmYSpM8jp0Fw6nRhdI3XF26jzh9trmCzAIbqj%2BZCJzhqux1eNG%2F"}],"group":"cf-nel","max_age":604800}', 'NEL': '{"success_fraction":0,"report_to":"cf-nel","max_age":604800}', 'Server': 'cloudflare', 'CF-RAY': '89b059138f745860-IAD', 'alt-svc': 'h3=":443"; ma=86400'} 
 body={"results":[{"gender":"female","name":{"title":"Mrs","first":"Anja","last":"Zelenović"},"location":{"street":{"number":5929,"name":"Kneza Vlastimira "},"city":"Novi Pazar","state":"Central Banat","country":"Serbia","postcode":21111,"coordinates":{"latitude":"57.7054","longitude":"124.5774"},"timezone":{"offset":"-9:00","description":"Alaska"}},"email":"anja.zelenovic@example.com","login":{"uuid":"1f719581-1ea2-4ce0-954b-7aea06bb832c","username":"sadladybug683","password":"director","salt":"4OiV7cfu","md5":"82e19954c0159faa2e5023a15552377e","sha1":"2be616161cb9402b269cd11592c8638d9af6454f","sha256":"36e6a22817179185b861ad8f967526488a29e4af17a168ff578738db243c70f6"},"dob":{"date":"1994-05-11T21:24:56.779Z","age":30},"registered":{"date":"2015-11-15T04:29:09.258Z","age":8},"phone":"027-7511-807","cell":"060-0353-396","id":{"name":"SID","value":"675342293"},"picture":{"large":"https://randomuser.me/api/portraits/women/1.jpg","medium":"https://randomuser.me/api/portraits/med/women/1.jpg","thumbnail":"https://randomuser.me/api/portraits/thumb/women/1.jpg"},"nat":"RS"}],"info":{"seed":"15d9a8d57917bf3e","results":1,"page":1,"version":"1.4"}} 
 </msg>
<msg time="2024-06-28T20:15:17.074894" level="INFO">/opt/hostedtoolcache/Python/3.12.4/x64/lib/python3.12/site-packages/urllib3/connectionpool.py:1099: InsecureRequestWarning: Unverified HTTPS request is being made to host 'randomuser.me'. Adding certificate verification is strongly advised. See: https://urllib3.readthedocs.io/en/latest/advanced-usage.html#tls-warnings
  warnings.warn(</msg>
<msg time="2024-06-28T20:15:17.075016" level="INFO">${response} = &lt;Response [200]&gt;</msg>
<var>${response}</var>
<arg>consultarAPI</arg>
<arg>/api</arg>
<doc>Sends a GET request on a previously created HTTP Session.</doc>
<status status="PASS" start="2024-06-28T20:15:16.892204" elapsed="0.182851"/>
</kw>
<kw name="Should Be Equal As Numbers" owner="BuiltIn">
<msg time="2024-06-28T20:15:17.075864" level="INFO">Argument types are:
&lt;class 'int'&gt;
&lt;class 'str'&gt;</msg>
<arg>${response.status_code}</arg>
<arg>200</arg>
<doc>Fails if objects are unequal after converting them to real numbers.</doc>
<status status="PASS" start="2024-06-28T20:15:17.075463" elapsed="0.000464"/>
</kw>
<kw name="Log" owner="BuiltIn">
<msg time="2024-06-28T20:15:17.076597" level="INFO">200</msg>
<arg>${response.status_code}</arg>
<doc>Logs the given message with the given level.</doc>
<status status="PASS" start="2024-06-28T20:15:17.076243" elapsed="0.000397"/>
</kw>
<kw name="Set Variable" owner="BuiltIn">
<msg time="2024-06-28T20:15:17.077386" level="INFO">${json_data} = {'results': [{'gender': 'female', 'name': {'title': 'Mrs', 'first': 'Anja', 'last': 'Zelenović'}, 'location': {'street': {'number': 5929, 'name': 'Kneza Vlastimira '}, 'city': 'Novi Pazar', 'state': '...</msg>
<var>${json_data}</var>
<arg>${response.json()}</arg>
<doc>Returns the given values which can then be assigned to a variables.</doc>
<status status="PASS" start="2024-06-28T20:15:17.076940" elapsed="0.000475"/>
</kw>
<kw name="Dictionary Should Contain Key" owner="Collections">
<arg>${json_data}</arg>
<arg>results</arg>
<doc>Fails if ``key`` is not found from ``dictionary``.</doc>
<status status="PASS" start="2024-06-28T20:15:17.077716" elapsed="0.000162"/>
</kw>
<status status="PASS" start="2024-06-28T20:15:16.891955" elapsed="0.186090"/>
</kw>
<doc>Testa se a API responde corretamente e retorna um objeto JSON válido.</doc>
<tag>testeRequisicaoBasica</tag>
<status status="PASS" start="2024-06-28T20:15:16.891364" elapsed="0.186843"/>
</test>
<test id="s1-s1-t3" name="Validar estrutura de resposta" line="22">
<kw name="Teste de Estrutura de Resposta" owner="random-user-service">
<kw name="GET On Session" owner="RequestsLibrary">
<msg time="2024-06-28T20:15:17.200991" level="INFO">GET Request : url=https://randomuser.me/api 
 path_url=/api 
 headers={'User-Agent': 'python-requests/2.32.3', 'Accept-Encoding': 'gzip, deflate', 'Accept': '*/*', 'Connection': 'keep-alive'} 
 body=None 
 </msg>
<msg time="2024-06-28T20:15:17.201081" level="INFO">GET Response : url=https://randomuser.me/api 
 status=200, reason=OK 
 headers={'Date': 'Fri, 28 Jun 2024 20:15:17 GMT', 'Content-Type': 'application/json; charset=utf-8', 'Transfer-Encoding': 'chunked', 'Connection': 'keep-alive', 'X-Powered-By': 'Express', 'Access-Control-Allow-Origin': '*', 'Cache-Control': 'no-cache', 'ETag': 'W/"4af-mG4Tuw/JXSv5om69EycM/PhxD0g"', 'Vary': 'Accept-Encoding', 'Content-Encoding': 'gzip', 'CF-Cache-Status': 'DYNAMIC', 'Report-To': '{"endpoints":[{"url":"https:\\/\\/a.nel.cloudflare.com\\/report\\/v4?s=qH4P4xknoMEs1%2FqNOriZO%2FbvAVHzOZY2%2Fd2ArNYxumdmsJB%2FhCsQTckNQuaMFd7eVcNHgTXzot7db4jP7rHXABtc3jupDLmRbAAlb91h8lN%2BpGNW%2B0AR9%2FPtd8ya2VKr"}],"group":"cf-nel","max_age":604800}', 'NEL': '{"success_fraction":0,"report_to":"cf-nel","max_age":604800}', 'Server': 'cloudflare', 'CF-RAY': '89b05913cfb85860-IAD', 'alt-svc': 'h3=":443"; ma=86400'} 
 body={"results":[{"gender":"female","name":{"title":"Miss","first":"Jocemara","last":"Campos"},"location":{"street":{"number":5532,"name":"Rua Vinte E Um"},"city":"São Bernardo do Campo","state":"Piauí","country":"Brazil","postcode":50158,"coordinates":{"latitude":"-73.3359","longitude":"18.7813"},"timezone":{"offset":"+5:00","description":"Ekaterinburg, Islamabad, Karachi, Tashkent"}},"email":"jocemara.campos@example.com","login":{"uuid":"713a8fda-7193-4479-a72b-03010e4c7283","username":"sadbird298","password":"bowling","salt":"fLnsBK4B","md5":"6fd35fbf8b335b4c58e3c9d403eb5b6e","sha1":"f73d0a7adc3671a5a27ba6665b47b845b1e4dd0f","sha256":"f76df1ac65b74dbc1e3b6a8c654b2e4be301530f7043cb8920cf2b33c59447e8"},"dob":{"date":"1945-06-11T23:16:58.831Z","age":79},"registered":{"date":"2004-01-13T22:46:48.827Z","age":20},"phone":"(92) 7415-2776","cell":"(77) 9743-2497","id":{"name":"CPF","value":"706.679.525-90"},"picture":{"large":"https://randomuser.me/api/portraits/women/4.jpg","medium":"https://randomuser.me/api/portraits/med/women/4.jpg","thumbnail":"https://randomuser.me/api/portraits/thumb/women/4.jpg"},"nat":"BR"}],"info":{"seed":"8bae6dce41260178","results":1,"page":1,"version":"1.4"}} 
 </msg>
<msg time="2024-06-28T20:15:17.201200" level="INFO">/opt/hostedtoolcache/Python/3.12.4/x64/lib/python3.12/site-packages/urllib3/connectionpool.py:1099: InsecureRequestWarning: Unverified HTTPS request is being made to host 'randomuser.me'. Adding certificate verification is strongly advised. See: https://urllib3.readthedocs.io/en/latest/advanced-usage.html#tls-warnings
  warnings.warn(</msg>
<msg time="2024-06-28T20:15:17.201296" level="INFO">${response} = &lt;Response [200]&gt;</msg>
<var>${response}</var>
<arg>consultarAPI</arg>
<arg>/api</arg>
<doc>Sends a GET request on a previously created HTTP Session.</doc>
<status status="PASS" start="2024-06-28T20:15:17.080717" elapsed="0.120621"/>
</kw>
<kw name="Set Variable" owner="BuiltIn">
<msg time="2024-06-28T20:15:17.202367" level="INFO">${json_data} = {'results': [{'gender': 'female', 'name': {'title': 'Miss', 'first': 'Jocemara', 'last': 'Campos'}, 'location': {'street': {'number': 5532, 'name': 'Rua Vinte E Um'}, 'city': 'São Bernardo do Campo', ...</msg>
<var>${json_data}</var>
<arg>${response.json()}</arg>
<doc>Returns the given values which can then be assigned to a variables.</doc>
<status status="PASS" start="2024-06-28T20:15:17.201786" elapsed="0.000611"/>
</kw>
<kw name="Log" owner="BuiltIn">
<msg time="2024-06-28T20:15:17.202870" level="INFO">{'results': [{'gender': 'female', 'name': {'title': 'Miss', 'first': 'Jocemara', 'last': 'Campos'}, 'location': {'street': {'number': 5532, 'name': 'Rua Vinte E Um'}, 'city': 'São Bernardo do Campo', 'state': 'Piauí', 'country': 'Brazil', 'postcode': 50158, 'coordinates': {'latitude': '-73.3359', 'longitude': '18.7813'}, 'timezone': {'offset': '+5:00', 'description': 'Ekaterinburg, Islamabad, Karachi, Tashkent'}}, 'email': 'jocemara.campos@example.com', 'login': {'uuid': '713a8fda-7193-4479-a72b-03010e4c7283', 'username': 'sadbird298', 'password': 'bowling', 'salt': 'fLnsBK4B', 'md5': '6fd35fbf8b335b4c58e3c9d403eb5b6e', 'sha1': 'f73d0a7adc3671a5a27ba6665b47b845b1e4dd0f', 'sha256': 'f76df1ac65b74dbc1e3b6a8c654b2e4be301530f7043cb8920cf2b33c59447e8'}, 'dob': {'date': '1945-06-11T23:16:58.831Z', 'age': 79}, 'registered': {'date': '2004-01-13T22:46:48.827Z', 'age': 20}, 'phone': '(92) 7415-2776', 'cell': '(77) 9743-2497', 'id': {'name': 'CPF', 'value': '706.679.525-90'}, 'picture': {'large': 'https://randomuser.me/api/portraits/women/4.jpg', 'medium': 'https://randomuser.me/api/portraits/med/women/4.jpg', 'thumbnail': 'https://randomuser.me/api/portraits/thumb/women/4.jpg'}, 'nat': 'BR'}], 'info': {'seed': '8bae6dce41260178', 'results': 1, 'page': 1, 'version': '1.4'}}</msg>
<arg>${json_data}</arg>
<doc>Logs the given message with the given level.</doc>
<status status="PASS" start="2024-06-28T20:15:17.202710" elapsed="0.000209"/>
</kw>
<kw name="Dictionary Should Contain Key" owner="Collections">
<arg>${json_data}</arg>
<arg>results</arg>
<doc>Fails if ``key`` is not found from ``dictionary``.</doc>
<status status="PASS" start="2024-06-28T20:15:17.203211" elapsed="0.000156"/>
</kw>
<kw name="Should Not Be Empty" owner="BuiltIn">
<msg time="2024-06-28T20:15:17.203681" level="INFO">Length is 2.</msg>
<arg>${json_data}</arg>
<doc>Verifies that the given item is not empty.</doc>
<status status="PASS" start="2024-06-28T20:15:17.203551" elapsed="0.000168"/>
</kw>
<kw name="Create List" owner="BuiltIn">
<msg time="2024-06-28T20:15:17.204297" level="INFO">${expected_keys} = ['gender', 'name', 'location', 'email', 'login']</msg>
<var>${expected_keys}</var>
<arg>gender</arg>
<arg>name</arg>
<arg>location</arg>
<arg>email</arg>
<arg>login</arg>
<doc>Returns a list containing given items.</doc>
<status status="PASS" start="2024-06-28T20:15:17.204014" elapsed="0.000308"/>
</kw>
<for flavor="IN">
<iter>
<kw name="Dictionary Should Contain Key" owner="Collections">
<arg>${json_data['results'][0]}</arg>
<arg>${key}</arg>
<doc>Fails if ``key`` is not found from ``dictionary``.</doc>
<status status="PASS" start="2024-06-28T20:15:17.204881" elapsed="0.000397"/>
</kw>
<kw name="Log" owner="BuiltIn">
<msg time="2024-06-28T20:15:17.205825" level="INFO">{'gender': 'female', 'name': {'title': 'Miss', 'first': 'Jocemara', 'last': 'Campos'}, 'location': {'street': {'number': 5532, 'name': 'Rua Vinte E Um'}, 'city': 'São Bernardo do Campo', 'state': 'Piauí', 'country': 'Brazil', 'postcode': 50158, 'coordinates': {'latitude': '-73.3359', 'longitude': '18.7813'}, 'timezone': {'offset': '+5:00', 'description': 'Ekaterinburg, Islamabad, Karachi, Tashkent'}}, 'email': 'jocemara.campos@example.com', 'login': {'uuid': '713a8fda-7193-4479-a72b-03010e4c7283', 'username': 'sadbird298', 'password': 'bowling', 'salt': 'fLnsBK4B', 'md5': '6fd35fbf8b335b4c58e3c9d403eb5b6e', 'sha1': 'f73d0a7adc3671a5a27ba6665b47b845b1e4dd0f', 'sha256': 'f76df1ac65b74dbc1e3b6a8c654b2e4be301530f7043cb8920cf2b33c59447e8'}, 'dob': {'date': '1945-06-11T23:16:58.831Z', 'age': 79}, 'registered': {'date': '2004-01-13T22:46:48.827Z', 'age': 20}, 'phone': '(92) 7415-2776', 'cell': '(77) 9743-2497', 'id': {'name': 'CPF', 'value': '706.679.525-90'}, 'picture': {'large': 'https://randomuser.me/api/portraits/women/4.jpg', 'medium': 'https://randomuser.me/api/portraits/med/women/4.jpg', 'thumbnail': 'https://randomuser.me/api/portraits/thumb/women/4.jpg'}, 'nat': 'BR'}</msg>
<arg>${json_data['results'][0]}</arg>
<doc>Logs the given message with the given level.</doc>
<status status="PASS" start="2024-06-28T20:15:17.205462" elapsed="0.000412"/>
</kw>
<kw name="Log" owner="BuiltIn">
<msg time="2024-06-28T20:15:17.206339" level="INFO">gender</msg>
<arg>${key}</arg>
<doc>Logs the given message with the given level.</doc>
<status status="PASS" start="2024-06-28T20:15:17.206210" elapsed="0.000166"/>
</kw>
<var name="${key}">gender</var>
<status status="PASS" start="2024-06-28T20:15:17.204759" elapsed="0.001833"/>
</iter>
<iter>
<kw name="Dictionary Should Contain Key" owner="Collections">
<arg>${json_data['results'][0]}</arg>
<arg>${key}</arg>
<doc>Fails if ``key`` is not found from ``dictionary``.</doc>
<status status="PASS" start="2024-06-28T20:15:17.206883" elapsed="0.000396"/>
</kw>
<kw name="Log" owner="BuiltIn">
<msg time="2024-06-28T20:15:17.207857" level="INFO">{'gender': 'female', 'name': {'title': 'Miss', 'first': 'Jocemara', 'last': 'Campos'}, 'location': {'street': {'number': 5532, 'name': 'Rua Vinte E Um'}, 'city': 'São Bernardo do Campo', 'state': 'Piauí', 'country': 'Brazil', 'postcode': 50158, 'coordinates': {'latitude': '-73.3359', 'longitude': '18.7813'}, 'timezone': {'offset': '+5:00', 'description': 'Ekaterinburg, Islamabad, Karachi, Tashkent'}}, 'email': 'jocemara.campos@example.com', 'login': {'uuid': '713a8fda-7193-4479-a72b-03010e4c7283', 'username': 'sadbird298', 'password': 'bowling', 'salt': 'fLnsBK4B', 'md5': '6fd35fbf8b335b4c58e3c9d403eb5b6e', 'sha1': 'f73d0a7adc3671a5a27ba6665b47b845b1e4dd0f', 'sha256': 'f76df1ac65b74dbc1e3b6a8c654b2e4be301530f7043cb8920cf2b33c59447e8'}, 'dob': {'date': '1945-06-11T23:16:58.831Z', 'age': 79}, 'registered': {'date': '2004-01-13T22:46:48.827Z', 'age': 20}, 'phone': '(92) 7415-2776', 'cell': '(77) 9743-2497', 'id': {'name': 'CPF', 'value': '706.679.525-90'}, 'picture': {'large': 'https://randomuser.me/api/portraits/women/4.jpg', 'medium': 'https://randomuser.me/api/portraits/med/women/4.jpg', 'thumbnail': 'https://randomuser.me/api/portraits/thumb/women/4.jpg'}, 'nat': 'BR'}</msg>
<arg>${json_data['results'][0]}</arg>
<doc>Logs the given message with the given level.</doc>
<status status="PASS" start="2024-06-28T20:15:17.207493" elapsed="0.000412"/>
</kw>
<kw name="Log" owner="BuiltIn">
<msg time="2024-06-28T20:15:17.208327" level="INFO">name</msg>
<arg>${key}</arg>
<doc>Logs the given message with the given level.</doc>
<status status="PASS" start="2024-06-28T20:15:17.208201" elapsed="0.000163"/>
</kw>
<var name="${key}">name</var>
<status status="PASS" start="2024-06-28T20:15:17.206772" elapsed="0.001803"/>
</iter>
<iter>
<kw name="Dictionary Should Contain Key" owner="Collections">
<arg>${json_data['results'][0]}</arg>
<arg>${key}</arg>
<doc>Fails if ``key`` is not found from ``dictionary``.</doc>
<status status="PASS" start="2024-06-28T20:15:17.208856" elapsed="0.000373"/>
</kw>
<kw name="Log" owner="BuiltIn">
<msg time="2024-06-28T20:15:17.209755" level="INFO">{'gender': 'female', 'name': {'title': 'Miss', 'first': 'Jocemara', 'last': 'Campos'}, 'location': {'street': {'number': 5532, 'name': 'Rua Vinte E Um'}, 'city': 'São Bernardo do Campo', 'state': 'Piauí', 'country': 'Brazil', 'postcode': 50158, 'coordinates': {'latitude': '-73.3359', 'longitude': '18.7813'}, 'timezone': {'offset': '+5:00', 'description': 'Ekaterinburg, Islamabad, Karachi, Tashkent'}}, 'email': 'jocemara.campos@example.com', 'login': {'uuid': '713a8fda-7193-4479-a72b-03010e4c7283', 'username': 'sadbird298', 'password': 'bowling', 'salt': 'fLnsBK4B', 'md5': '6fd35fbf8b335b4c58e3c9d403eb5b6e', 'sha1': 'f73d0a7adc3671a5a27ba6665b47b845b1e4dd0f', 'sha256': 'f76df1ac65b74dbc1e3b6a8c654b2e4be301530f7043cb8920cf2b33c59447e8'}, 'dob': {'date': '1945-06-11T23:16:58.831Z', 'age': 79}, 'registered': {'date': '2004-01-13T22:46:48.827Z', 'age': 20}, 'phone': '(92) 7415-2776', 'cell': '(77) 9743-2497', 'id': {'name': 'CPF', 'value': '706.679.525-90'}, 'picture': {'large': 'https://randomuser.me/api/portraits/women/4.jpg', 'medium': 'https://randomuser.me/api/portraits/med/women/4.jpg', 'thumbnail': 'https://randomuser.me/api/portraits/thumb/women/4.jpg'}, 'nat': 'BR'}</msg>
<arg>${json_data['results'][0]}</arg>
<doc>Logs the given message with the given level.</doc>
<status status="PASS" start="2024-06-28T20:15:17.209407" elapsed="0.000395"/>
</kw>
<kw name="Log" owner="BuiltIn">
<msg time="2024-06-28T20:15:17.210269" level="INFO">location</msg>
<arg>${key}</arg>
<doc>Logs the given message with the given level.</doc>
<status status="PASS" start="2024-06-28T20:15:17.210139" elapsed="0.000167"/>
</kw>
<var name="${key}">location</var>
<status status="PASS" start="2024-06-28T20:15:17.208749" elapsed="0.001772"/>
</iter>
<iter>
<kw name="Dictionary Should Contain Key" owner="Collections">
<arg>${json_data['results'][0]}</arg>
<arg>${key}</arg>
<doc>Fails if ``key`` is not found from ``dictionary``.</doc>
<status status="PASS" start="2024-06-28T20:15:17.210798" elapsed="0.000387"/>
</kw>
<kw name="Log" owner="BuiltIn">
<msg time="2024-06-28T20:15:17.211717" level="INFO">{'gender': 'female', 'name': {'title': 'Miss', 'first': 'Jocemara', 'last': 'Campos'}, 'location': {'street': {'number': 5532, 'name': 'Rua Vinte E Um'}, 'city': 'São Bernardo do Campo', 'state': 'Piauí', 'country': 'Brazil', 'postcode': 50158, 'coordinates': {'latitude': '-73.3359', 'longitude': '18.7813'}, 'timezone': {'offset': '+5:00', 'description': 'Ekaterinburg, Islamabad, Karachi, Tashkent'}}, 'email': 'jocemara.campos@example.com', 'login': {'uuid': '713a8fda-7193-4479-a72b-03010e4c7283', 'username': 'sadbird298', 'password': 'bowling', 'salt': 'fLnsBK4B', 'md5': '6fd35fbf8b335b4c58e3c9d403eb5b6e', 'sha1': 'f73d0a7adc3671a5a27ba6665b47b845b1e4dd0f', 'sha256': 'f76df1ac65b74dbc1e3b6a8c654b2e4be301530f7043cb8920cf2b33c59447e8'}, 'dob': {'date': '1945-06-11T23:16:58.831Z', 'age': 79}, 'registered': {'date': '2004-01-13T22:46:48.827Z', 'age': 20}, 'phone': '(92) 7415-2776', 'cell': '(77) 9743-2497', 'id': {'name': 'CPF', 'value': '706.679.525-90'}, 'picture': {'large': 'https://randomuser.me/api/portraits/women/4.jpg', 'medium': 'https://randomuser.me/api/portraits/med/women/4.jpg', 'thumbnail': 'https://randomuser.me/api/portraits/thumb/women/4.jpg'}, 'nat': 'BR'}</msg>
<arg>${json_data['results'][0]}</arg>
<doc>Logs the given message with the given level.</doc>
<status status="PASS" start="2024-06-28T20:15:17.211363" elapsed="0.000402"/>
</kw>
<kw name="Log" owner="BuiltIn">
<msg time="2024-06-28T20:15:17.212187" level="INFO">email</msg>
<arg>${key}</arg>
<doc>Logs the given message with the given level.</doc>
<status status="PASS" start="2024-06-28T20:15:17.212061" elapsed="0.000163"/>
</kw>
<var name="${key}">email</var>
<status status="PASS" start="2024-06-28T20:15:17.210692" elapsed="0.001750"/>
</iter>
<iter>
<kw name="Dictionary Should Contain Key" owner="Collections">
<arg>${json_data['results'][0]}</arg>
<arg>${key}</arg>
<doc>Fails if ``key`` is not found from ``dictionary``.</doc>
<status status="PASS" start="2024-06-28T20:15:17.212724" elapsed="0.000382"/>
</kw>
<kw name="Log" owner="BuiltIn">
<msg time="2024-06-28T20:15:17.213640" level="INFO">{'gender': 'female', 'name': {'title': 'Miss', 'first': 'Jocemara', 'last': 'Campos'}, 'location': {'street': {'number': 5532, 'name': 'Rua Vinte E Um'}, 'city': 'São Bernardo do Campo', 'state': 'Piauí', 'country': 'Brazil', 'postcode': 50158, 'coordinates': {'latitude': '-73.3359', 'longitude': '18.7813'}, 'timezone': {'offset': '+5:00', 'description': 'Ekaterinburg, Islamabad, Karachi, Tashkent'}}, 'email': 'jocemara.campos@example.com', 'login': {'uuid': '713a8fda-7193-4479-a72b-03010e4c7283', 'username': 'sadbird298', 'password': 'bowling', 'salt': 'fLnsBK4B', 'md5': '6fd35fbf8b335b4c58e3c9d403eb5b6e', 'sha1': 'f73d0a7adc3671a5a27ba6665b47b845b1e4dd0f', 'sha256': 'f76df1ac65b74dbc1e3b6a8c654b2e4be301530f7043cb8920cf2b33c59447e8'}, 'dob': {'date': '1945-06-11T23:16:58.831Z', 'age': 79}, 'registered': {'date': '2004-01-13T22:46:48.827Z', 'age': 20}, 'phone': '(92) 7415-2776', 'cell': '(77) 9743-2497', 'id': {'name': 'CPF', 'value': '706.679.525-90'}, 'picture': {'large': 'https://randomuser.me/api/portraits/women/4.jpg', 'medium': 'https://randomuser.me/api/portraits/med/women/4.jpg', 'thumbnail': 'https://randomuser.me/api/portraits/thumb/women/4.jpg'}, 'nat': 'BR'}</msg>
<arg>${json_data['results'][0]}</arg>
<doc>Logs the given message with the given level.</doc>
<status status="PASS" start="2024-06-28T20:15:17.213284" elapsed="0.000404"/>
</kw>
<kw name="Log" owner="BuiltIn">
<msg time="2024-06-28T20:15:17.214149" level="INFO">login</msg>
<arg>${key}</arg>
<doc>Logs the given message with the given level.</doc>
<status status="PASS" start="2024-06-28T20:15:17.214008" elapsed="0.000179"/>
</kw>
<var name="${key}">login</var>
<status status="PASS" start="2024-06-28T20:15:17.212610" elapsed="0.001790"/>
</iter>
<var>${key}</var>
<value>@{expected_keys}</value>
<status status="PASS" start="2024-06-28T20:15:17.204581" elapsed="0.009967"/>
</for>
<kw name="Create List" owner="BuiltIn">
<msg time="2024-06-28T20:15:17.214878" level="INFO">${expected_keysTwo} = ['username', 'password']</msg>
<var>${expected_keysTwo}</var>
<arg>username</arg>
<arg>password</arg>
<doc>Returns a list containing given items.</doc>
<status status="PASS" start="2024-06-28T20:15:17.214739" elapsed="0.000163"/>
</kw>
<for flavor="IN">
<iter>
<kw name="Dictionary Should Contain Key" owner="Collections">
<arg>${json_data['results'][0]['login']}</arg>
<arg>${keyTwo}</arg>
<doc>Fails if ``key`` is not found from ``dictionary``.</doc>
<status status="PASS" start="2024-06-28T20:15:17.215389" elapsed="0.000381"/>
</kw>
<kw name="Dictionary Should Contain Key" owner="Collections">
<arg>${json_data['results'][0]['login']}</arg>
<arg>${keyTwo}</arg>
<doc>Fails if ``key`` is not found from ``dictionary``.</doc>
<status status="PASS" start="2024-06-28T20:15:17.215948" elapsed="0.000377"/>
</kw>
<kw name="Log" owner="BuiltIn">
<msg time="2024-06-28T20:15:17.216627" level="INFO">username</msg>
<arg>${keyTwo}</arg>
<doc>Logs the given message with the given level.</doc>
<status status="PASS" start="2024-06-28T20:15:17.216506" elapsed="0.000157"/>
</kw>
<var name="${keyTwo}">username</var>
<status status="PASS" start="2024-06-28T20:15:17.215283" elapsed="0.001599"/>
</iter>
<iter>
<kw name="Dictionary Should Contain Key" owner="Collections">
<arg>${json_data['results'][0]['login']}</arg>
<arg>${keyTwo}</arg>
<doc>Fails if ``key`` is not found from ``dictionary``.</doc>
<status status="PASS" start="2024-06-28T20:15:17.217158" elapsed="0.000378"/>
</kw>
<kw name="Dictionary Should Contain Key" owner="Collections">
<arg>${json_data['results'][0]['login']}</arg>
<arg>${keyTwo}</arg>
<doc>Fails if ``key`` is not found from ``dictionary``.</doc>
<status status="PASS" start="2024-06-28T20:15:17.217710" elapsed="0.000405"/>
</kw>
<kw name="Log" owner="BuiltIn">
<msg time="2024-06-28T20:15:17.218411" level="INFO">password</msg>
<arg>${keyTwo}</arg>
<doc>Logs the given message with the given level.</doc>
<status status="PASS" start="2024-06-28T20:15:17.218292" elapsed="0.000160"/>
</kw>
<var name="${keyTwo}">password</var>
<status status="PASS" start="2024-06-28T20:15:17.217052" elapsed="0.001708"/>
</iter>
<var>${keyTwo}</var>
<value>@{expected_keysTwo}</value>
<status status="PASS" start="2024-06-28T20:15:17.215134" elapsed="0.003744"/>
</for>
<status status="PASS" start="2024-06-28T20:15:17.080489" elapsed="0.138522"/>
</kw>
<doc>Testa a estrutura da resposta da API.</doc>
<tag>testeEstruturaResposta</tag>
<status status="PASS" start="2024-06-28T20:15:17.080015" elapsed="0.139137"/>
</test>
<test id="s1-s1-t4" name="Validar tipos de dados" line="28">
<kw name="Teste de Tipos de Dados" owner="random-user-service">
<kw name="GET On Session" owner="RequestsLibrary">
<msg time="2024-06-28T20:15:17.279737" level="INFO">GET Request : url=https://randomuser.me/api 
 path_url=/api 
 headers={'User-Agent': 'python-requests/2.32.3', 'Accept-Encoding': 'gzip, deflate', 'Accept': '*/*', 'Connection': 'keep-alive'} 
 body=None 
 </msg>
<msg time="2024-06-28T20:15:17.279826" level="INFO">GET Response : url=https://randomuser.me/api 
 status=200, reason=OK 
 headers={'Date': 'Fri, 28 Jun 2024 20:15:17 GMT', 'Content-Type': 'application/json; charset=utf-8', 'Transfer-Encoding': 'chunked', 'Connection': 'keep-alive', 'X-Powered-By': 'Express', 'Access-Control-Allow-Origin': '*', 'Cache-Control': 'no-cache', 'ETag': 'W/"4aa-jZSIDFAJUEYLVXp9Eov+hsdgIWA"', 'Vary': 'Accept-Encoding', 'Content-Encoding': 'gzip', 'CF-Cache-Status': 'DYNAMIC', 'Report-To': '{"endpoints":[{"url":"https:\\/\\/a.nel.cloudflare.com\\/report\\/v4?s=VdlTfO6pXmPRbbOd0UL2P5o1IshT4HLdupMlU%2BTaMtLgZbpJEbkhXAw2LrJla43DUzFTByAgBgnnp%2B3HZgUMe%2F3mu7qvGyZtItpLHGMwN1jG0u1hYlnpJYTv6w94W50v"}],"group":"cf-nel","max_age":604800}', 'NEL': '{"success_fraction":0,"report_to":"cf-nel","max_age":604800}', 'Server': 'cloudflare', 'CF-RAY': '89b05914a8c65860-IAD', 'alt-svc': 'h3=":443"; ma=86400'} 
 body={"results":[{"gender":"female","name":{"title":"Miss","first":"Lola","last":"Lowe"},"location":{"street":{"number":7485,"name":"High Street"},"city":"Southampton","state":"County Antrim","country":"United Kingdom","postcode":"P81 7XX","coordinates":{"latitude":"-9.5374","longitude":"138.1717"},"timezone":{"offset":"+11:00","description":"Magadan, Solomon Islands, New Caledonia"}},"email":"lola.lowe@example.com","login":{"uuid":"a84fb4c2-69b9-4414-99ba-e466d18d3227","username":"purpletiger359","password":"phillips","salt":"KTKphqYJ","md5":"0342a15de8d739310c5fb68e735f5562","sha1":"69feb3d71a348aee35a97c7f7da9b61e60cb883e","sha256":"53b6e71f1c5a66871454f2392ae671b2b6599d109b520dba594a8679064555fd"},"dob":{"date":"1966-06-24T00:24:37.747Z","age":58},"registered":{"date":"2010-08-28T22:21:22.351Z","age":13},"phone":"016974 15377","cell":"07456 777913","id":{"name":"NINO","value":"BA 32 51 61 K"},"picture":{"large":"https://randomuser.me/api/portraits/women/80.jpg","medium":"https://randomuser.me/api/portraits/med/women/80.jpg","thumbnail":"https://randomuser.me/api/portraits/thumb/women/80.jpg"},"nat":"GB"}],"info":{"seed":"12dbe7e74cd1145b","results":1,"page":1,"version":"1.4"}} 
 </msg>
<msg time="2024-06-28T20:15:17.279914" level="INFO">/opt/hostedtoolcache/Python/3.12.4/x64/lib/python3.12/site-packages/urllib3/connectionpool.py:1099: InsecureRequestWarning: Unverified HTTPS request is being made to host 'randomuser.me'. Adding certificate verification is strongly advised. See: https://urllib3.readthedocs.io/en/latest/advanced-usage.html#tls-warnings
  warnings.warn(</msg>
<msg time="2024-06-28T20:15:17.280032" level="INFO">${response} = &lt;Response [200]&gt;</msg>
<var>${response}</var>
<arg>consultarAPI</arg>
<arg>/api</arg>
<doc>Sends a GET request on a previously created HTTP Session.</doc>
<status status="PASS" start="2024-06-28T20:15:17.221644" elapsed="0.058422"/>
</kw>
<kw name="Set Variable" owner="BuiltIn">
<msg time="2024-06-28T20:15:17.281266" level="INFO">${json_data} = {'results': [{'gender': 'female', 'name': {'title': 'Miss', 'first': 'Lola', 'last': 'Lowe'}, 'location': {'street': {'number': 7485, 'name': 'High Street'}, 'city': 'Southampton', 'state': 'County An...</msg>
<var>${json_data}</var>
<arg>${response.json()}</arg>
<doc>Returns the given values which can then be assigned to a variables.</doc>
<status status="PASS" start="2024-06-28T20:15:17.280542" elapsed="0.000771"/>
</kw>
<kw name="Log" owner="BuiltIn">
<msg time="2024-06-28T20:15:17.281880" level="INFO">{'results': [{'gender': 'female', 'name': {'title': 'Miss', 'first': 'Lola', 'last': 'Lowe'}, 'location': {'street': {'number': 7485, 'name': 'High Street'}, 'city': 'Southampton', 'state': 'County Antrim', 'country': 'United Kingdom', 'postcode': 'P81 7XX', 'coordinates': {'latitude': '-9.5374', 'longitude': '138.1717'}, 'timezone': {'offset': '+11:00', 'description': 'Magadan, Solomon Islands, New Caledonia'}}, 'email': 'lola.lowe@example.com', 'login': {'uuid': 'a84fb4c2-69b9-4414-99ba-e466d18d3227', 'username': 'purpletiger359', 'password': 'phillips', 'salt': 'KTKphqYJ', 'md5': '0342a15de8d739310c5fb68e735f5562', 'sha1': '69feb3d71a348aee35a97c7f7da9b61e60cb883e', 'sha256': '53b6e71f1c5a66871454f2392ae671b2b6599d109b520dba594a8679064555fd'}, 'dob': {'date': '1966-06-24T00:24:37.747Z', 'age': 58}, 'registered': {'date': '2010-08-28T22:21:22.351Z', 'age': 13}, 'phone': '016974 15377', 'cell': '07456 777913', 'id': {'name': 'NINO', 'value': 'BA 32 51 61 K'}, 'picture': {'large': 'https://randomuser.me/api/portraits/women/80.jpg', 'medium': 'https://randomuser.me/api/portraits/med/women/80.jpg', 'thumbnail': 'https://randomuser.me/api/portraits/thumb/women/80.jpg'}, 'nat': 'GB'}], 'info': {'seed': '12dbe7e74cd1145b', 'results': 1, 'page': 1, 'version': '1.4'}}</msg>
<arg>${json_data}</arg>
<doc>Logs the given message with the given level.</doc>
<status status="PASS" start="2024-06-28T20:15:17.281716" elapsed="0.000211"/>
</kw>
<kw name="Should Be String" owner="String">
<arg>${json_data['results'][0]['gender']}</arg>
<doc>Fails if the given ``item`` is not a string.</doc>
<status status="PASS" start="2024-06-28T20:15:17.282292" elapsed="0.000371"/>
</kw>
<kw name="Should Match Regexp" owner="BuiltIn">
<arg>${json_data['results'][0]['email']}</arg>
<arg>^[a-zA-Z0-9._%+-]+@[a-zA-Z0-9.-]+\.[a-zA-Z]{2,}$</arg>
<doc>Fails if ``string`` does not match ``pattern`` as a regular expression.</doc>
<status status="PASS" start="2024-06-28T20:15:17.282857" elapsed="0.000510"/>
</kw>
<kw name="Should Match Regexp" owner="BuiltIn">
<arg>${json_data['results'][0]['dob']['date']}</arg>
<arg>\\d{4}-\\d{2}-\\d{2}T\\d{2}:\\d{2}:\\d{2}\\.\\d{3}Z</arg>
<doc>Fails if ``string`` does not match ``pattern`` as a regular expression.</doc>
<status status="PASS" start="2024-06-28T20:15:17.283564" elapsed="0.000484"/>
</kw>
<kw name="Should Match Regexp" owner="BuiltIn">
<arg>${json_data['results'][0]['registered']['date']}</arg>
<arg>\\d{4}-\\d{2}-\\d{2}T\\d{2}:\\d{2}:\\d{2}\\.\\d{3}Z</arg>
<doc>Fails if ``string`` does not match ``pattern`` as a regular expression.</doc>
<status status="PASS" start="2024-06-28T20:15:17.284237" elapsed="0.000365"/>
</kw>
<kw name="Should Match Regexp" owner="BuiltIn">
<arg>${json_data['results'][0]['picture']['large']}</arg>
<arg>^https?://.*\.(?:png|jpe?g|gif|bmp)$</arg>
<doc>Fails if ``string`` does not match ``pattern`` as a regular expression.</doc>
<status status="PASS" start="2024-06-28T20:15:17.284783" elapsed="0.000458"/>
</kw>
<kw name="Should Match Regexp" owner="BuiltIn">
<arg>${json_data['results'][0]['picture']['medium']}</arg>
<arg>^https?://.*\.(?:png|jpe?g|gif|bmp)$</arg>
<doc>Fails if ``string`` does not match ``pattern`` as a regular expression.</doc>
<status status="PASS" start="2024-06-28T20:15:17.285427" elapsed="0.000349"/>
</kw>
<kw name="Should Match Regexp" owner="BuiltIn">
<arg>${json_data['results'][0]['picture']['thumbnail']}</arg>
<arg>^https?://.*\.(?:png|jpe?g|gif|bmp)$</arg>
<doc>Fails if ``string`` does not match ``pattern`` as a regular expression.</doc>
<status status="PASS" start="2024-06-28T20:15:17.285983" elapsed="0.000376"/>
</kw>
<kw name="Log" owner="BuiltIn">
<msg time="2024-06-28T20:15:17.286874" level="INFO">{'large': 'https://randomuser.me/api/portraits/women/80.jpg', 'medium': 'https://randomuser.me/api/portraits/med/women/80.jpg', 'thumbnail': 'https://randomuser.me/api/portraits/thumb/women/80.jpg'}</msg>
<arg>${json_data['results'][0]['picture']}</arg>
<doc>Logs the given message with the given level.</doc>
<status status="PASS" start="2024-06-28T20:15:17.286544" elapsed="0.000373"/>
</kw>
<status status="PASS" start="2024-06-28T20:15:17.221427" elapsed="0.065743"/>
</kw>
<kw name="Teste de Tipos de Dados - Postcode" owner="random-user-service">
<kw name="GET On Session" owner="RequestsLibrary">
<msg time="2024-06-28T20:15:17.376381" level="INFO">GET Request : url=https://randomuser.me/api 
 path_url=/api 
 headers={'User-Agent': 'python-requests/2.32.3', 'Accept-Encoding': 'gzip, deflate', 'Accept': '*/*', 'Connection': 'keep-alive'} 
 body=None 
 </msg>
<msg time="2024-06-28T20:15:17.376464" level="INFO">GET Response : url=https://randomuser.me/api 
 status=200, reason=OK 
 headers={'Date': 'Fri, 28 Jun 2024 20:15:17 GMT', 'Content-Type': 'application/json; charset=utf-8', 'Transfer-Encoding': 'chunked', 'Connection': 'keep-alive', 'X-Powered-By': 'Express', 'Access-Control-Allow-Origin': '*', 'Cache-Control': 'no-cache', 'ETag': 'W/"47c-DUXnxfFHb+Od0LVtCNsc/bO9T60"', 'Vary': 'Accept-Encoding', 'Content-Encoding': 'gzip', 'CF-Cache-Status': 'DYNAMIC', 'Report-To': '{"endpoints":[{"url":"https:\\/\\/a.nel.cloudflare.com\\/report\\/v4?s=rTWTAyEaACKYCihvKJrAytk894J1J9GXi7dIQn5iPVwsPVED3TidRXccc71IHUX6s2oVVt0BBd%2BC6JqMCsPdmLd0emGt8GUPfn3I99rMC%2BtSgzBTSdOP9zwPA48oJRRL"}],"group":"cf-nel","max_age":604800}', 'NEL': '{"success_fraction":0,"report_to":"cf-nel","max_age":604800}', 'Server': 'cloudflare', 'CF-RAY': '89b0591519355860-IAD', 'alt-svc': 'h3=":443"; ma=86400'} 
 body={"results":[{"gender":"male","name":{"title":"Monsieur","first":"Nick","last":"Guillot"},"location":{"street":{"number":5892,"name":"Rue Desaix"},"city":"Ramsen","state":"Graubünden","country":"Switzerland","postcode":8503,"coordinates":{"latitude":"-61.2494","longitude":"-66.5175"},"timezone":{"offset":"+3:30","description":"Tehran"}},"email":"nick.guillot@example.com","login":{"uuid":"b699ba53-1046-4470-a75f-af98deab4020","username":"goldenwolf696","password":"hun999","salt":"gcsxqBal","md5":"2903430d40ebc5333074eac8b0bc6d2d","sha1":"c80c4f44ca509a32f2ed21bb41ddee182768b488","sha256":"c8639338491212c04e987eeeea14aebd2dda70256684cbd67902aec9485c9808"},"dob":{"date":"2000-04-10T16:08:03.087Z","age":24},"registered":{"date":"2014-04-18T05:55:42.165Z","age":10},"phone":"079 672 01 07","cell":"078 186 17 61","id":{"name":"AVS","value":"756.4329.5089.80"},"picture":{"large":"https://randomuser.me/api/portraits/men/51.jpg","medium":"https://randomuser.me/api/portraits/med/men/51.jpg","thumbnail":"https://randomuser.me/api/portraits/thumb/men/51.jpg"},"nat":"CH"}],"info":{"seed":"325f83281496937c","results":1,"page":1,"version":"1.4"}} 
 </msg>
<msg time="2024-06-28T20:15:17.376536" level="INFO">/opt/hostedtoolcache/Python/3.12.4/x64/lib/python3.12/site-packages/urllib3/connectionpool.py:1099: InsecureRequestWarning: Unverified HTTPS request is being made to host 'randomuser.me'. Adding certificate verification is strongly advised. See: https://urllib3.readthedocs.io/en/latest/advanced-usage.html#tls-warnings
  warnings.warn(</msg>
<msg time="2024-06-28T20:15:17.376645" level="INFO">${response} = &lt;Response [200]&gt;</msg>
<var>${response}</var>
<arg>consultarAPI</arg>
<arg>/api</arg>
<doc>Sends a GET request on a previously created HTTP Session.</doc>
<status status="PASS" start="2024-06-28T20:15:17.287591" elapsed="0.089092"/>
</kw>
<kw name="Set Variable" owner="BuiltIn">
<msg time="2024-06-28T20:15:17.377601" level="INFO">${json_data} = {'results': [{'gender': 'male', 'name': {'title': 'Monsieur', 'first': 'Nick', 'last': 'Guillot'}, 'location': {'street': {'number': 5892, 'name': 'Rue Desaix'}, 'city': 'Ramsen', 'state': 'Graubünden...</msg>
<var>${json_data}</var>
<arg>${response.json()}</arg>
<doc>Returns the given values which can then be assigned to a variables.</doc>
<status status="PASS" start="2024-06-28T20:15:17.377161" elapsed="0.000468"/>
</kw>
<kw name="Log" owner="BuiltIn">
<msg time="2024-06-28T20:15:17.378126" level="INFO">{'results': [{'gender': 'male', 'name': {'title': 'Monsieur', 'first': 'Nick', 'last': 'Guillot'}, 'location': {'street': {'number': 5892, 'name': 'Rue Desaix'}, 'city': 'Ramsen', 'state': 'Graubünden', 'country': 'Switzerland', 'postcode': 8503, 'coordinates': {'latitude': '-61.2494', 'longitude': '-66.5175'}, 'timezone': {'offset': '+3:30', 'description': 'Tehran'}}, 'email': 'nick.guillot@example.com', 'login': {'uuid': 'b699ba53-1046-4470-a75f-af98deab4020', 'username': 'goldenwolf696', 'password': 'hun999', 'salt': 'gcsxqBal', 'md5': '2903430d40ebc5333074eac8b0bc6d2d', 'sha1': 'c80c4f44ca509a32f2ed21bb41ddee182768b488', 'sha256': 'c8639338491212c04e987eeeea14aebd2dda70256684cbd67902aec9485c9808'}, 'dob': {'date': '2000-04-10T16:08:03.087Z', 'age': 24}, 'registered': {'date': '2014-04-18T05:55:42.165Z', 'age': 10}, 'phone': '079 672 01 07', 'cell': '078 186 17 61', 'id': {'name': 'AVS', 'value': '756.4329.5089.80'}, 'picture': {'large': 'https://randomuser.me/api/portraits/men/51.jpg', 'medium': 'https://randomuser.me/api/portraits/med/men/51.jpg', 'thumbnail': 'https://randomuser.me/api/portraits/thumb/men/51.jpg'}, 'nat': 'CH'}], 'info': {'seed': '325f83281496937c', 'results': 1, 'page': 1, 'version': '1.4'}}</msg>
<arg>${json_data}</arg>
<doc>Logs the given message with the given level.</doc>
<status status="PASS" start="2024-06-28T20:15:17.377930" elapsed="0.000244"/>
</kw>
<kw name="Should Be Equal As Numbers" owner="BuiltIn">
<arg>${json_data['results'][0]['location']['postcode']}</arg>
<arg>${json_data['results'][0]['location']['postcode']}</arg>
<doc>Fails if objects are unequal after converting them to real numbers.</doc>
<status status="PASS" start="2024-06-28T20:15:17.378469" elapsed="0.000624"/>
</kw>
<kw name="Log" owner="BuiltIn">
<msg time="2024-06-28T20:15:17.379787" level="INFO">8503</msg>
<arg>${json_data['results'][0]['location']['postcode']}</arg>
<doc>Logs the given message with the given level.</doc>
<status status="PASS" start="2024-06-28T20:15:17.379317" elapsed="0.000512"/>
</kw>
<status status="PASS" start="2024-06-28T20:15:17.287376" elapsed="0.092710"/>
</kw>
<doc>Testa se os tipos de dados na resposta da API estão corretos.</doc>
<tag>testeTiposDados</tag>
<status status="PASS" start="2024-06-28T20:15:17.220887" elapsed="0.159355"/>
</test>
<test id="s1-s1-t5" name="Validar conteudo" line="35">
<kw name="Teste de Tipos de Conteudo" owner="random-user-service">
<kw name="GET On Session" owner="RequestsLibrary">
<msg time="2024-06-28T20:15:17.474995" level="INFO">GET Request : url=https://randomuser.me/api 
 path_url=/api 
 headers={'User-Agent': 'python-requests/2.32.3', 'Accept-Encoding': 'gzip, deflate', 'Accept': '*/*', 'Connection': 'keep-alive'} 
 body=None 
 </msg>
<msg time="2024-06-28T20:15:17.475080" level="INFO">GET Response : url=https://randomuser.me/api 
 status=200, reason=OK 
 headers={'Date': 'Fri, 28 Jun 2024 20:15:17 GMT', 'Content-Type': 'application/json; charset=utf-8', 'Transfer-Encoding': 'chunked', 'Connection': 'keep-alive', 'X-Powered-By': 'Express', 'Access-Control-Allow-Origin': '*', 'Cache-Control': 'no-cache', 'ETag': 'W/"494-/lYf4KhPt39i9ogGSfmQprT+uMw"', 'Vary': 'Accept-Encoding', 'Content-Encoding': 'gzip', 'CF-Cache-Status': 'DYNAMIC', 'Report-To': '{"endpoints":[{"url":"https:\\/\\/a.nel.cloudflare.com\\/report\\/v4?s=mpocLJQBhXoGPtsvRMweidChXecsEr%2Fe5W7zWMbO3eucIKN6gKSvpcWlHB9jpMMypJMiITcJz6Mov34R4lhDphPYXI2rg0iNzC32fzHAwtL7%2F3mmdF4Qbmy%2BOLcEvrqE"}],"group":"cf-nel","max_age":604800}', 'NEL': '{"success_fraction":0,"report_to":"cf-nel","max_age":604800}', 'Server': 'cloudflare', 'CF-RAY': '89b05915a9e75860-IAD', 'alt-svc': 'h3=":443"; ma=86400'} 
 body={"results":[{"gender":"male","name":{"title":"Mr","first":"Jostein","last":"Westerlund"},"location":{"street":{"number":3563,"name":"Granittveien"},"city":"Selvik","state":"Aust-Agder","country":"Norway","postcode":"8390","coordinates":{"latitude":"45.1450","longitude":"-65.1424"},"timezone":{"offset":"+5:00","description":"Ekaterinburg, Islamabad, Karachi, Tashkent"}},"email":"jostein.westerlund@example.com","login":{"uuid":"7fa54a11-0024-4154-ba5b-f2e132f26cf0","username":"greenpanda955","password":"pa55word","salt":"dbirfvsn","md5":"cea2181629c63fcfd6a21183446be183","sha1":"06517604c86f6815de21cf587316b4b33891ade3","sha256":"e94799568d38cc64c348fa163264f35a4920dbe93ea7b04d93efffba8b8b14a5"},"dob":{"date":"1954-07-11T12:03:41.293Z","age":69},"registered":{"date":"2021-01-29T13:23:51.912Z","age":3},"phone":"31914790","cell":"43431072","id":{"name":"FN","value":"11075409135"},"picture":{"large":"https://randomuser.me/api/portraits/men/11.jpg","medium":"https://randomuser.me/api/portraits/med/men/11.jpg","thumbnail":"https://randomuser.me/api/portraits/thumb/men/11.jpg"},"nat":"NO"}],"info":{"seed":"11eb3b80627d95c1","results":1,"page":1,"version":"1.4"}} 
 </msg>
<msg time="2024-06-28T20:15:17.475152" level="INFO">/opt/hostedtoolcache/Python/3.12.4/x64/lib/python3.12/site-packages/urllib3/connectionpool.py:1099: InsecureRequestWarning: Unverified HTTPS request is being made to host 'randomuser.me'. Adding certificate verification is strongly advised. See: https://urllib3.readthedocs.io/en/latest/advanced-usage.html#tls-warnings
  warnings.warn(</msg>
<msg time="2024-06-28T20:15:17.475264" level="INFO">${response} = &lt;Response [200]&gt;</msg>
<var>${response}</var>
<arg>consultarAPI</arg>
<arg>/api</arg>
<doc>Sends a GET request on a previously created HTTP Session.</doc>
<status status="PASS" start="2024-06-28T20:15:17.382697" elapsed="0.092608"/>
</kw>
<kw name="Set Variable" owner="BuiltIn">
<msg time="2024-06-28T20:15:17.476187" level="INFO">${json_data} = {'results': [{'gender': 'male', 'name': {'title': 'Mr', 'first': 'Jostein', 'last': 'Westerlund'}, 'location': {'street': {'number': 3563, 'name': 'Granittveien'}, 'city': 'Selvik', 'state': 'Aust-Agd...</msg>
<var>${json_data}</var>
<arg>${response.json()}</arg>
<doc>Returns the given values which can then be assigned to a variables.</doc>
<status status="PASS" start="2024-06-28T20:15:17.475763" elapsed="0.000451"/>
</kw>
<kw name="Set Variable" owner="BuiltIn">
<msg time="2024-06-28T20:15:17.476884" level="INFO">${name_title} = Mr</msg>
<var>${name_title}</var>
<arg>${json_data["results"][0]["name"]["title"]}</arg>
<doc>Returns the given values which can then be assigned to a variables.</doc>
<status status="PASS" start="2024-06-28T20:15:17.476510" elapsed="0.000398"/>
</kw>
<kw name="Create List" owner="BuiltIn">
<msg time="2024-06-28T20:15:17.477344" level="INFO">${allowed_titles} = ['Mr', 'Ms', 'Miss', 'Mrs', 'Madame', 'Monsieur']</msg>
<var>${allowed_titles}</var>
<arg>Mr</arg>
<arg>Ms</arg>
<arg>Miss</arg>
<arg>Mrs</arg>
<arg>Madame</arg>
<arg>Monsieur</arg>
<doc>Returns a list containing given items.</doc>
<status status="PASS" start="2024-06-28T20:15:17.477198" elapsed="0.000169"/>
</kw>
<kw name="List Should Contain Value" owner="Collections">
<arg>${allowed_titles}</arg>
<arg>${name_title}</arg>
<doc>Fails if the ``value`` is not found from ``list``.</doc>
<status status="PASS" start="2024-06-28T20:15:17.477657" elapsed="0.000174"/>
</kw>
<kw name="Set Variable" owner="BuiltIn">
<msg time="2024-06-28T20:15:17.478431" level="INFO">${name_country} = NO</msg>
<var>${name_country}</var>
<arg>${json_data["results"][0]["nat"]}</arg>
<doc>Returns the given values which can then be assigned to a variables.</doc>
<status status="PASS" start="2024-06-28T20:15:17.478059" elapsed="0.000397"/>
</kw>
<kw name="Create List" owner="BuiltIn">
<msg time="2024-06-28T20:15:17.479335" level="INFO">${list_country} = ['AD', 'AE', 'AF', 'AG', 'AI', 'AL', 'AM', 'AO', 'AQ', 'AR', 'AS', 'AT', 'AU', 'AW', 'AX', 'AZ', 'BA', 'BB', 'BD', 'BE', 'BF', 'BG', 'BH', 'BI', 'BJ', 'BL', 'BM', 'BN', 'BO', 'BQ', 'BR', 'BS', 'BT', '...</msg>
<var>${list_country}</var>
<arg>AD</arg>
<arg>AE</arg>
<arg>AF</arg>
<arg>AG</arg>
<arg>AI</arg>
<arg>AL</arg>
<arg>AM</arg>
<arg>AO</arg>
<arg>AQ</arg>
<arg>AR</arg>
<arg>AS</arg>
<arg>AT</arg>
<arg>AU</arg>
<arg>AW</arg>
<arg>AX</arg>
<arg>AZ</arg>
<arg>BA</arg>
<arg>BB</arg>
<arg>BD</arg>
<arg>BE</arg>
<arg>BF</arg>
<arg>BG</arg>
<arg>BH</arg>
<arg>BI</arg>
<arg>BJ</arg>
<arg>BL</arg>
<arg>BM</arg>
<arg>BN</arg>
<arg>BO</arg>
<arg>BQ</arg>
<arg>BR</arg>
<arg>BS</arg>
<arg>BT</arg>
<arg>BV</arg>
<arg>BW</arg>
<arg>BY</arg>
<arg>BZ</arg>
<arg>CA</arg>
<arg>CC</arg>
<arg>CD</arg>
<arg>CF</arg>
<arg>CG</arg>
<arg>CH</arg>
<arg>CI</arg>
<arg>CK</arg>
<arg>CL</arg>
<arg>CM</arg>
<arg>CN</arg>
<arg>CO</arg>
<arg>CR</arg>
<arg>CU</arg>
<arg>CV</arg>
<arg>CW</arg>
<arg>CX</arg>
<arg>CY</arg>
<arg>CZ</arg>
<arg>DE</arg>
<arg>DJ</arg>
<arg>DK</arg>
<arg>DM</arg>
<arg>DO</arg>
<arg>DZ</arg>
<arg>EC</arg>
<arg>EE</arg>
<arg>EG</arg>
<arg>EH</arg>
<arg>ER</arg>
<arg>ES</arg>
<arg>ET</arg>
<arg>FI</arg>
<arg>FJ</arg>
<arg>FK</arg>
<arg>FM</arg>
<arg>FO</arg>
<arg>FR</arg>
<arg>GA</arg>
<arg>GB</arg>
<arg>GD</arg>
<arg>GE</arg>
<arg>GF</arg>
<arg>GG</arg>
<arg>GH</arg>
<arg>GI</arg>
<arg>GL</arg>
<arg>GM</arg>
<arg>GN</arg>
<arg>GP</arg>
<arg>GQ</arg>
<arg>GR</arg>
<arg>GS</arg>
<arg>GT</arg>
<arg>GU</arg>
<arg>GW</arg>
<arg>GY</arg>
<arg>HK</arg>
<arg>HM</arg>
<arg>HN</arg>
<arg>HR</arg>
<arg>HT</arg>
<arg>HU</arg>
<arg>ID</arg>
<arg>IE</arg>
<arg>IL</arg>
<arg>IM</arg>
<arg>IN</arg>
<arg>IO</arg>
<arg>IQ</arg>
<arg>IR</arg>
<arg>IS</arg>
<arg>IT</arg>
<arg>JE</arg>
<arg>JM</arg>
<arg>JO</arg>
<arg>JP</arg>
<arg>KE</arg>
<arg>KG</arg>
<arg>KH</arg>
<arg>KI</arg>
<arg>KM</arg>
<arg>KN</arg>
<arg>KP</arg>
<arg>KR</arg>
<arg>KW</arg>
<arg>KY</arg>
<arg>KZ</arg>
<arg>LA</arg>
<arg>LB</arg>
<arg>LC</arg>
<arg>LI</arg>
<arg>LK</arg>
<arg>LR</arg>
<arg>LS</arg>
<arg>LT</arg>
<arg>LU</arg>
<arg>LV</arg>
<arg>LY</arg>
<arg>MA</arg>
<arg>MC</arg>
<arg>MD</arg>
<arg>ME</arg>
<arg>MF</arg>
<arg>MG</arg>
<arg>MH</arg>
<arg>MK</arg>
<arg>ML</arg>
<arg>MM</arg>
<arg>MN</arg>
<arg>MO</arg>
<arg>MP</arg>
<arg>MQ</arg>
<arg>MR</arg>
<arg>MS</arg>
<arg>MT</arg>
<arg>MU</arg>
<arg>MV</arg>
<arg>MW</arg>
<arg>MX</arg>
<arg>MY</arg>
<arg>MZ</arg>
<arg>NA</arg>
<arg>NC</arg>
<arg>NE</arg>
<arg>NF</arg>
<arg>NG</arg>
<arg>NI</arg>
<arg>NL</arg>
<arg>NO</arg>
<arg>NP</arg>
<arg>NR</arg>
<arg>NU</arg>
<arg>NZ</arg>
<arg>OM</arg>
<arg>PA</arg>
<arg>PE</arg>
<arg>PF</arg>
<arg>PG</arg>
<arg>PH</arg>
<arg>PK</arg>
<arg>PL</arg>
<arg>PM</arg>
<arg>PN</arg>
<arg>PR</arg>
<arg>PS</arg>
<arg>PT</arg>
<arg>PW</arg>
<arg>PY</arg>
<arg>QA</arg>
<arg>RE</arg>
<arg>RO</arg>
<arg>RS</arg>
<arg>RU</arg>
<arg>RW</arg>
<arg>SA</arg>
<arg>SB</arg>
<arg>SC</arg>
<arg>SD</arg>
<arg>SE</arg>
<arg>SG</arg>
<arg>SH</arg>
<arg>SI</arg>
<arg>SJ</arg>
<arg>SK</arg>
<arg>SL</arg>
<arg>SM</arg>
<arg>SN</arg>
<arg>SO</arg>
<arg>SR</arg>
<arg>SS</arg>
<arg>ST</arg>
<arg>SV</arg>
<arg>SX</arg>
<arg>SY</arg>
<arg>SZ</arg>
<arg>TC</arg>
<arg>TD</arg>
<arg>TF</arg>
<arg>TG</arg>
<arg>TH</arg>
<arg>TJ</arg>
<arg>TK</arg>
<arg>TL</arg>
<arg>TM</arg>
<arg>TN</arg>
<arg>TO</arg>
<arg>TR</arg>
<arg>TT</arg>
<arg>TV</arg>
<arg>TW</arg>
<arg>TZ</arg>
<arg>UA</arg>
<arg>UG</arg>
<arg>UM</arg>
<arg>US</arg>
<arg>UY</arg>
<arg>UZ</arg>
<arg>VA</arg>
<arg>VC</arg>
<arg>VE</arg>
<arg>VG</arg>
<arg>VI</arg>
<arg>VN</arg>
<arg>VU</arg>
<arg>WF</arg>
<arg>WS</arg>
<arg>XK</arg>
<arg>YE</arg>
<arg>YT</arg>
<arg>ZA</arg>
<arg>ZM</arg>
<arg>ZW</arg>
<doc>Returns a list containing given items.</doc>
<status status="PASS" start="2024-06-28T20:15:17.478743" elapsed="0.000617"/>
</kw>
<kw name="List Should Contain Value" owner="Collections">
<arg>${list_country}</arg>
<arg>${name_country}</arg>
<doc>Fails if the ``value`` is not found from ``list``.</doc>
<status status="PASS" start="2024-06-28T20:15:17.480141" elapsed="0.000197"/>
</kw>
<kw name="Run Keyword If" owner="BuiltIn">
<kw name="Should Be True" owner="BuiltIn">
<arg>${True}</arg>
<doc>Fails if the given condition is not true.</doc>
<status status="PASS" start="2024-06-28T20:15:17.481251" elapsed="0.000138"/>
</kw>
<arg>${json_data["results"][0]["location"]["coordinates"]["latitude"]} &gt;= -90 and ${json_data["results"][0]["location"]["coordinates"]["latitude"]} &lt;= 90</arg>
<arg>Should Be True</arg>
<arg>${True}</arg>
<doc>Runs the given keyword with the given arguments, if ``condition`` is true.</doc>
<status status="PASS" start="2024-06-28T20:15:17.480535" elapsed="0.000974"/>
</kw>
<kw name="Run Keyword If" owner="BuiltIn">
<kw name="Should Be True" owner="BuiltIn">
<arg>${True}</arg>
<doc>Fails if the given condition is not true.</doc>
<status status="PASS" start="2024-06-28T20:15:17.482421" elapsed="0.000230"/>
</kw>
<arg>${json_data["results"][0]["location"]["coordinates"]["longitude"]} &gt;= -180 and ${json_data["results"][0]["location"]["coordinates"]["longitude"]} &lt;= 180</arg>
<arg>Should Be True</arg>
<arg>${True}</arg>
<doc>Runs the given keyword with the given arguments, if ``condition`` is true.</doc>
<status status="PASS" start="2024-06-28T20:15:17.481683" elapsed="0.001094"/>
</kw>
<status status="PASS" start="2024-06-28T20:15:17.382483" elapsed="0.100423"/>
</kw>
<doc>Testa o conteúdo específico dos campos retornados pela API.</doc>
<tag>testeConteudo</tag>
<status status="PASS" start="2024-06-28T20:15:17.381951" elapsed="0.101093"/>
</test>
<status status="PASS" start="2024-06-28T20:15:16.561020" elapsed="0.923926"/>
</suite>
<status status="PASS" start="2024-06-28T20:15:16.546892" elapsed="0.943106"/>
</suite>
<statistics>
<total>
<stat pass="5" fail="0" skip="0">All Tests</stat>
</total>
<tag>
<stat pass="1" fail="0" skip="0">testeConteudo</stat>
<stat pass="1" fail="0" skip="0">testeEstruturaResposta</stat>
<stat pass="1" fail="0" skip="0">testeRequisicaoBasica</stat>
<stat pass="1" fail="0" skip="0">testeTiposDados</stat>
</tag>
<suite>
<stat pass="5" fail="0" skip="0" id="s1" name="Tests">Tests</stat>
<stat pass="5" fail="0" skip="0" id="s1-s1" name="Random-User-Test">Tests.Random-User-Test</stat>
</suite>
</statistics>
<errors>
</errors>
</robot>
