<?xml version="1.0" encoding="UTF-8"?>
<robot generator="Robot 7.0 (Python 3.12.2 on linux)" generated="2024-03-27T17:11:45.854715" rpa="false" schemaversion="5">
<suite id="s1" name="Tests" source="/home/runner/work/DesafioQAItauRogerioJordao/DesafioQAItauRogerioJordao/RamdonUser/tests">
<suite id="s1-s1" name="Random-User-Test" source="/home/runner/work/DesafioQAItauRogerioJordao/DesafioQAItauRogerioJordao/RamdonUser/tests/random-user-test.robot">
<test id="s1-s1-t1" name="Conectar" line="13">
<kw name="Conectar API" owner="random-user-service">
<kw name="Create Session" owner="RequestsLibrary">
<msg time="2024-03-27T17:11:46.226543" level="INFO">Creating Session using : alias=consultarAPI, url=https://randomuser.me/, headers={},                     cookies={}, auth=None, timeout=None, proxies=None, verify=False,                     debug=0 </msg>
<arg>consultarAPI</arg>
<arg>${URL}</arg>
<doc>Create Session: create a HTTP session to a server</doc>
<status status="PASS" start="2024-03-27T17:11:46.226328" elapsed="0.000382"/>
</kw>
<status status="PASS" start="2024-03-27T17:11:46.224930" elapsed="0.002142"/>
</kw>
<status status="PASS" start="2024-03-27T17:11:46.224181" elapsed="0.003096"/>
</test>
<test id="s1-s1-t2" name="Validar retorno 200 e JSON Válido" line="16">
<kw name="Teste de Requisicao Basica" owner="random-user-service">
<kw name="GET On Session" owner="RequestsLibrary">
<msg time="2024-03-27T17:11:46.457221" level="INFO">GET Request : url=https://randomuser.me/api 
 path_url=/api 
 headers={'User-Agent': 'python-requests/2.31.0', 'Accept-Encoding': 'gzip, deflate', 'Accept': '*/*', 'Connection': 'keep-alive'} 
 body=None 
 </msg>
<msg time="2024-03-27T17:11:46.457347" level="INFO">GET Response : url=https://randomuser.me/api 
 status=200, reason=OK 
 headers={'Date': 'Wed, 27 Mar 2024 17:11:46 GMT', 'Content-Type': 'application/json; charset=utf-8', 'Transfer-Encoding': 'chunked', 'Connection': 'keep-alive', 'X-Powered-By': 'Express', 'Access-Control-Allow-Origin': '*', 'Cache-Control': 'no-cache', 'ETag': 'W/"4a6-UWeBFb8oAjmgSyW/DZGgVqKmSrI"', 'Vary': 'Accept-Encoding', 'Content-Encoding': 'gzip', 'CF-Cache-Status': 'DYNAMIC', 'Report-To': '{"endpoints":[{"url":"https:\\/\\/a.nel.cloudflare.com\\/report\\/v4?s=qF94hx3N7iGWWEgQ%2F3mPZ%2B6Iimt0GHlNcMRCrMAUAzQfip4Ibz%2BtK3M8r94BDJSJ1EvEv0P7DY89HpNn%2FgXfz6hxhzYYRA6gJGAw9E0A0l1LBBlHW%2FeBG7UuH1v%2BhsoU"}],"group":"cf-nel","max_age":604800}', 'NEL': '{"success_fraction":0,"report_to":"cf-nel","max_age":604800}', 'Server': 'cloudflare', 'CF-RAY': '86b100621e1696a2-SJC', 'alt-svc': 'h3=":443"; ma=86400'} 
 body={"results":[{"gender":"female","name":{"title":"Mademoiselle","first":"Leandra","last":"Jean"},"location":{"street":{"number":5998,"name":"Boulevard de Balmont"},"city":"Leuk","state":"Schwyz","country":"Switzerland","postcode":2656,"coordinates":{"latitude":"-63.4781","longitude":"104.3411"},"timezone":{"offset":"-3:00","description":"Brazil, Buenos Aires, Georgetown"}},"email":"leandra.jean@example.com","login":{"uuid":"8725927a-f248-4509-9e5f-2575a6200410","username":"yellowdog392","password":"ffffffff","salt":"kqIuaJY5","md5":"95f1e84dc1db2c7133b17de1ab35da37","sha1":"93269ab7e994d1959f8eb3221ac9a49104ad40d8","sha256":"fd2dd5ee47cbff4046e37f686424411707669c416c935aabcf07b629cd13ceaa"},"dob":{"date":"1969-08-20T06:08:47.287Z","age":54},"registered":{"date":"2009-06-26T04:25:19.827Z","age":14},"phone":"075 031 06 82","cell":"078 783 44 38","id":{"name":"AVS","value":"756.2109.8953.64"},"picture":{"large":"https://randomuser.me/api/portraits/women/66.jpg","medium":"https://randomuser.me/api/portraits/med/women/66.jpg","thumbnail":"https://randomuser.me/api/portraits/thumb/women/66.jpg"},"nat":"CH"}],"info":{"seed":"54e5002af2b14186","results":1,"page":1,"version":"1.4"}} 
 </msg>
<msg time="2024-03-27T17:11:46.457462" level="INFO">/opt/hostedtoolcache/Python/3.12.2/x64/lib/python3.12/site-packages/urllib3/connectionpool.py:1103: InsecureRequestWarning: Unverified HTTPS request is being made to host 'randomuser.me'. Adding certificate verification is strongly advised. See: https://urllib3.readthedocs.io/en/latest/advanced-usage.html#tls-warnings
  warnings.warn(</msg>
<msg time="2024-03-27T17:11:46.457584" level="INFO">${response} = &lt;Response [200]&gt;</msg>
<var>${response}</var>
<arg>consultarAPI</arg>
<arg>/api</arg>
<doc>Sends a GET request on a previously created HTTP Session.</doc>
<status status="PASS" start="2024-03-27T17:11:46.229823" elapsed="0.227804"/>
</kw>
<kw name="Should Be Equal As Numbers" owner="BuiltIn">
<msg time="2024-03-27T17:11:46.458694" level="INFO">Argument types are:
&lt;class 'int'&gt;
&lt;class 'str'&gt;</msg>
<arg>${response.status_code}</arg>
<arg>200</arg>
<doc>Fails if objects are unequal after converting them to real numbers.</doc>
<status status="PASS" start="2024-03-27T17:11:46.458150" elapsed="0.000609"/>
</kw>
<kw name="Log" owner="BuiltIn">
<msg time="2024-03-27T17:11:46.459460" level="INFO">200</msg>
<arg>${response.status_code}</arg>
<doc>Logs the given message with the given level.</doc>
<status status="PASS" start="2024-03-27T17:11:46.459095" elapsed="0.000409"/>
</kw>
<kw name="Set Variable" owner="BuiltIn">
<msg time="2024-03-27T17:11:46.460272" level="INFO">${json_data} = {'results': [{'gender': 'female', 'name': {'title': 'Mademoiselle', 'first': 'Leandra', 'last': 'Jean'}, 'location': {'street': {'number': 5998, 'name': 'Boulevard de Balmont'}, 'city': 'Leuk', 'state...</msg>
<var>${json_data}</var>
<arg>${response.json()}</arg>
<doc>Returns the given values which can then be assigned to a variables.</doc>
<status status="PASS" start="2024-03-27T17:11:46.459822" elapsed="0.000479"/>
</kw>
<kw name="Dictionary Should Contain Key" owner="Collections">
<msg time="2024-03-27T17:11:46.460772" level="INFO">False</msg>
<arg>${json_data}</arg>
<arg>results</arg>
<doc>Fails if ``key`` is not found from ``dictionary``.</doc>
<status status="PASS" start="2024-03-27T17:11:46.460606" elapsed="0.000205"/>
</kw>
<status status="PASS" start="2024-03-27T17:11:46.229574" elapsed="0.231491"/>
</kw>
<doc>Testa se a API responde corretamente e retorna um objeto JSON válido.</doc>
<tag>testeRequisicaoBasica</tag>
<status status="PASS" start="2024-03-27T17:11:46.229099" elapsed="0.232141"/>
</test>
<test id="s1-s1-t3" name="Validar estrutura de resposta" line="22">
<kw name="Teste de Estrutura de Resposta" owner="random-user-service">
<kw name="GET On Session" owner="RequestsLibrary">
<msg time="2024-03-27T17:11:46.557523" level="INFO">GET Request : url=https://randomuser.me/api 
 path_url=/api 
 headers={'User-Agent': 'python-requests/2.31.0', 'Accept-Encoding': 'gzip, deflate', 'Accept': '*/*', 'Connection': 'keep-alive'} 
 body=None 
 </msg>
<msg time="2024-03-27T17:11:46.557612" level="INFO">GET Response : url=https://randomuser.me/api 
 status=200, reason=OK 
 headers={'Date': 'Wed, 27 Mar 2024 17:11:46 GMT', 'Content-Type': 'application/json; charset=utf-8', 'Transfer-Encoding': 'chunked', 'Connection': 'keep-alive', 'X-Powered-By': 'Express', 'Access-Control-Allow-Origin': '*', 'Cache-Control': 'no-cache', 'ETag': 'W/"4a7-3GJcaUiAYqn6ZCZ7xVswl1wvQ94"', 'Vary': 'Accept-Encoding', 'Content-Encoding': 'gzip', 'CF-Cache-Status': 'DYNAMIC', 'Report-To': '{"endpoints":[{"url":"https:\\/\\/a.nel.cloudflare.com\\/report\\/v4?s=5u131ky5XUK4is2zMtZ17uttQvGrhGgHq%2FYaozLlF%2BcDR6OlEvYud0%2BYQ710q5NUyTOAcv2If4%2FhKrosO0po6wWMmGfK0nISHeefDIHapx6aVEw84pwfjpWOKecL7oX5"}],"group":"cf-nel","max_age":604800}', 'NEL': '{"success_fraction":0,"report_to":"cf-nel","max_age":604800}', 'Server': 'cloudflare', 'CF-RAY': '86b100636f5f96a2-SJC', 'alt-svc': 'h3=":443"; ma=86400'} 
 body={"results":[{"gender":"male","name":{"title":"Mr","first":"Matias","last":"Saarinen"},"location":{"street":{"number":271,"name":"Mannerheimintie"},"city":"Parkano","state":"Kymenlaakso","country":"Finland","postcode":48245,"coordinates":{"latitude":"-27.5258","longitude":"-33.1060"},"timezone":{"offset":"+5:00","description":"Ekaterinburg, Islamabad, Karachi, Tashkent"}},"email":"matias.saarinen@example.com","login":{"uuid":"9da05936-fc0a-4ff6-88db-c65bef39b33b","username":"ticklishostrich796","password":"kerouac","salt":"9YdN90xq","md5":"0da7026d4dc5d875604c2e8afa54c735","sha1":"e097fcc9217cefb37c48b1a4eef4d0b15a626e48","sha256":"b1fb8e862f5306620abc1e9ef21b93fc5d371d6fef0083ac9847939ec5345d6f"},"dob":{"date":"1966-12-10T04:51:17.196Z","age":57},"registered":{"date":"2008-12-31T17:35:19.499Z","age":15},"phone":"09-916-722","cell":"046-297-03-68","id":{"name":"HETU","value":"NaNNA461undefined"},"picture":{"large":"https://randomuser.me/api/portraits/men/72.jpg","medium":"https://randomuser.me/api/portraits/med/men/72.jpg","thumbnail":"https://randomuser.me/api/portraits/thumb/men/72.jpg"},"nat":"FI"}],"info":{"seed":"5c1fa096232857df","results":1,"page":1,"version":"1.4"}} 
 </msg>
<msg time="2024-03-27T17:11:46.557735" level="INFO">/opt/hostedtoolcache/Python/3.12.2/x64/lib/python3.12/site-packages/urllib3/connectionpool.py:1103: InsecureRequestWarning: Unverified HTTPS request is being made to host 'randomuser.me'. Adding certificate verification is strongly advised. See: https://urllib3.readthedocs.io/en/latest/advanced-usage.html#tls-warnings
  warnings.warn(</msg>
<msg time="2024-03-27T17:11:46.557832" level="INFO">${response} = &lt;Response [200]&gt;</msg>
<var>${response}</var>
<arg>consultarAPI</arg>
<arg>/api</arg>
<doc>Sends a GET request on a previously created HTTP Session.</doc>
<status status="PASS" start="2024-03-27T17:11:46.464052" elapsed="0.093821"/>
</kw>
<kw name="Set Variable" owner="BuiltIn">
<msg time="2024-03-27T17:11:46.558948" level="INFO">${json_data} = {'results': [{'gender': 'male', 'name': {'title': 'Mr', 'first': 'Matias', 'last': 'Saarinen'}, 'location': {'street': {'number': 271, 'name': 'Mannerheimintie'}, 'city': 'Parkano', 'state': 'Kymenlaa...</msg>
<var>${json_data}</var>
<arg>${response.json()}</arg>
<doc>Returns the given values which can then be assigned to a variables.</doc>
<status status="PASS" start="2024-03-27T17:11:46.558376" elapsed="0.000602"/>
</kw>
<kw name="Log" owner="BuiltIn">
<msg time="2024-03-27T17:11:46.559465" level="INFO">{'results': [{'gender': 'male', 'name': {'title': 'Mr', 'first': 'Matias', 'last': 'Saarinen'}, 'location': {'street': {'number': 271, 'name': 'Mannerheimintie'}, 'city': 'Parkano', 'state': 'Kymenlaakso', 'country': 'Finland', 'postcode': 48245, 'coordinates': {'latitude': '-27.5258', 'longitude': '-33.1060'}, 'timezone': {'offset': '+5:00', 'description': 'Ekaterinburg, Islamabad, Karachi, Tashkent'}}, 'email': 'matias.saarinen@example.com', 'login': {'uuid': '9da05936-fc0a-4ff6-88db-c65bef39b33b', 'username': 'ticklishostrich796', 'password': 'kerouac', 'salt': '9YdN90xq', 'md5': '0da7026d4dc5d875604c2e8afa54c735', 'sha1': 'e097fcc9217cefb37c48b1a4eef4d0b15a626e48', 'sha256': 'b1fb8e862f5306620abc1e9ef21b93fc5d371d6fef0083ac9847939ec5345d6f'}, 'dob': {'date': '1966-12-10T04:51:17.196Z', 'age': 57}, 'registered': {'date': '2008-12-31T17:35:19.499Z', 'age': 15}, 'phone': '09-916-722', 'cell': '046-297-03-68', 'id': {'name': 'HETU', 'value': 'NaNNA461undefined'}, 'picture': {'large': 'https://randomuser.me/api/portraits/men/72.jpg', 'medium': 'https://randomuser.me/api/portraits/med/men/72.jpg', 'thumbnail': 'https://randomuser.me/api/portraits/thumb/men/72.jpg'}, 'nat': 'FI'}], 'info': {'seed': '5c1fa096232857df', 'results': 1, 'page': 1, 'version': '1.4'}}</msg>
<arg>${json_data}</arg>
<doc>Logs the given message with the given level.</doc>
<status status="PASS" start="2024-03-27T17:11:46.559301" elapsed="0.000213"/>
</kw>
<kw name="Dictionary Should Contain Key" owner="Collections">
<msg time="2024-03-27T17:11:46.559978" level="INFO">False</msg>
<arg>${json_data}</arg>
<arg>results</arg>
<doc>Fails if ``key`` is not found from ``dictionary``.</doc>
<status status="PASS" start="2024-03-27T17:11:46.559820" elapsed="0.000197"/>
</kw>
<kw name="Should Not Be Empty" owner="BuiltIn">
<msg time="2024-03-27T17:11:46.560454" level="INFO">Length is 2.</msg>
<arg>${json_data}</arg>
<doc>Verifies that the given item is not empty.</doc>
<status status="PASS" start="2024-03-27T17:11:46.560318" elapsed="0.000176"/>
</kw>
<kw name="Create List" owner="BuiltIn">
<msg time="2024-03-27T17:11:46.560958" level="INFO">${expected_keys} = ['gender', 'name', 'location', 'email', 'login']</msg>
<var>${expected_keys}</var>
<arg>gender</arg>
<arg>name</arg>
<arg>location</arg>
<arg>email</arg>
<arg>login</arg>
<doc>Returns a list containing given items.</doc>
<status status="PASS" start="2024-03-27T17:11:46.560795" elapsed="0.000189"/>
</kw>
<for flavor="IN">
<iter>
<kw name="Dictionary Should Contain Key" owner="Collections">
<msg time="2024-03-27T17:11:46.561966" level="INFO">False</msg>
<arg>${json_data['results'][0]}</arg>
<arg>${key}</arg>
<doc>Fails if ``key`` is not found from ``dictionary``.</doc>
<status status="PASS" start="2024-03-27T17:11:46.561551" elapsed="0.000455"/>
</kw>
<kw name="Log" owner="BuiltIn">
<msg time="2024-03-27T17:11:46.562730" level="INFO">{'gender': 'male', 'name': {'title': 'Mr', 'first': 'Matias', 'last': 'Saarinen'}, 'location': {'street': {'number': 271, 'name': 'Mannerheimintie'}, 'city': 'Parkano', 'state': 'Kymenlaakso', 'country': 'Finland', 'postcode': 48245, 'coordinates': {'latitude': '-27.5258', 'longitude': '-33.1060'}, 'timezone': {'offset': '+5:00', 'description': 'Ekaterinburg, Islamabad, Karachi, Tashkent'}}, 'email': 'matias.saarinen@example.com', 'login': {'uuid': '9da05936-fc0a-4ff6-88db-c65bef39b33b', 'username': 'ticklishostrich796', 'password': 'kerouac', 'salt': '9YdN90xq', 'md5': '0da7026d4dc5d875604c2e8afa54c735', 'sha1': 'e097fcc9217cefb37c48b1a4eef4d0b15a626e48', 'sha256': 'b1fb8e862f5306620abc1e9ef21b93fc5d371d6fef0083ac9847939ec5345d6f'}, 'dob': {'date': '1966-12-10T04:51:17.196Z', 'age': 57}, 'registered': {'date': '2008-12-31T17:35:19.499Z', 'age': 15}, 'phone': '09-916-722', 'cell': '046-297-03-68', 'id': {'name': 'HETU', 'value': 'NaNNA461undefined'}, 'picture': {'large': 'https://randomuser.me/api/portraits/men/72.jpg', 'medium': 'https://randomuser.me/api/portraits/med/men/72.jpg', 'thumbnail': 'https://randomuser.me/api/portraits/thumb/men/72.jpg'}, 'nat': 'FI'}</msg>
<arg>${json_data['results'][0]}</arg>
<doc>Logs the given message with the given level.</doc>
<status status="PASS" start="2024-03-27T17:11:46.562350" elapsed="0.000436"/>
</kw>
<kw name="Log" owner="BuiltIn">
<msg time="2024-03-27T17:11:46.563231" level="INFO">gender</msg>
<arg>${key}</arg>
<doc>Logs the given message with the given level.</doc>
<status status="PASS" start="2024-03-27T17:11:46.563096" elapsed="0.000175"/>
</kw>
<var name="${key}">gender</var>
<status status="PASS" start="2024-03-27T17:11:46.561427" elapsed="0.002064"/>
</iter>
<iter>
<kw name="Dictionary Should Contain Key" owner="Collections">
<msg time="2024-03-27T17:11:46.564195" level="INFO">False</msg>
<arg>${json_data['results'][0]}</arg>
<arg>${key}</arg>
<doc>Fails if ``key`` is not found from ``dictionary``.</doc>
<status status="PASS" start="2024-03-27T17:11:46.563803" elapsed="0.000431"/>
</kw>
<kw name="Log" owner="BuiltIn">
<msg time="2024-03-27T17:11:46.564949" level="INFO">{'gender': 'male', 'name': {'title': 'Mr', 'first': 'Matias', 'last': 'Saarinen'}, 'location': {'street': {'number': 271, 'name': 'Mannerheimintie'}, 'city': 'Parkano', 'state': 'Kymenlaakso', 'country': 'Finland', 'postcode': 48245, 'coordinates': {'latitude': '-27.5258', 'longitude': '-33.1060'}, 'timezone': {'offset': '+5:00', 'description': 'Ekaterinburg, Islamabad, Karachi, Tashkent'}}, 'email': 'matias.saarinen@example.com', 'login': {'uuid': '9da05936-fc0a-4ff6-88db-c65bef39b33b', 'username': 'ticklishostrich796', 'password': 'kerouac', 'salt': '9YdN90xq', 'md5': '0da7026d4dc5d875604c2e8afa54c735', 'sha1': 'e097fcc9217cefb37c48b1a4eef4d0b15a626e48', 'sha256': 'b1fb8e862f5306620abc1e9ef21b93fc5d371d6fef0083ac9847939ec5345d6f'}, 'dob': {'date': '1966-12-10T04:51:17.196Z', 'age': 57}, 'registered': {'date': '2008-12-31T17:35:19.499Z', 'age': 15}, 'phone': '09-916-722', 'cell': '046-297-03-68', 'id': {'name': 'HETU', 'value': 'NaNNA461undefined'}, 'picture': {'large': 'https://randomuser.me/api/portraits/men/72.jpg', 'medium': 'https://randomuser.me/api/portraits/med/men/72.jpg', 'thumbnail': 'https://randomuser.me/api/portraits/thumb/men/72.jpg'}, 'nat': 'FI'}</msg>
<arg>${json_data['results'][0]}</arg>
<doc>Logs the given message with the given level.</doc>
<status status="PASS" start="2024-03-27T17:11:46.564573" elapsed="0.000426"/>
</kw>
<kw name="Log" owner="BuiltIn">
<msg time="2024-03-27T17:11:46.565437" level="INFO">name</msg>
<arg>${key}</arg>
<doc>Logs the given message with the given level.</doc>
<status status="PASS" start="2024-03-27T17:11:46.565303" elapsed="0.000176"/>
</kw>
<var name="${key}">name</var>
<status status="PASS" start="2024-03-27T17:11:46.563685" elapsed="0.002013"/>
</iter>
<iter>
<kw name="Dictionary Should Contain Key" owner="Collections">
<msg time="2024-03-27T17:11:46.566415" level="INFO">False</msg>
<arg>${json_data['results'][0]}</arg>
<arg>${key}</arg>
<doc>Fails if ``key`` is not found from ``dictionary``.</doc>
<status status="PASS" start="2024-03-27T17:11:46.565998" elapsed="0.000456"/>
</kw>
<kw name="Log" owner="BuiltIn">
<msg time="2024-03-27T17:11:46.567137" level="INFO">{'gender': 'male', 'name': {'title': 'Mr', 'first': 'Matias', 'last': 'Saarinen'}, 'location': {'street': {'number': 271, 'name': 'Mannerheimintie'}, 'city': 'Parkano', 'state': 'Kymenlaakso', 'country': 'Finland', 'postcode': 48245, 'coordinates': {'latitude': '-27.5258', 'longitude': '-33.1060'}, 'timezone': {'offset': '+5:00', 'description': 'Ekaterinburg, Islamabad, Karachi, Tashkent'}}, 'email': 'matias.saarinen@example.com', 'login': {'uuid': '9da05936-fc0a-4ff6-88db-c65bef39b33b', 'username': 'ticklishostrich796', 'password': 'kerouac', 'salt': '9YdN90xq', 'md5': '0da7026d4dc5d875604c2e8afa54c735', 'sha1': 'e097fcc9217cefb37c48b1a4eef4d0b15a626e48', 'sha256': 'b1fb8e862f5306620abc1e9ef21b93fc5d371d6fef0083ac9847939ec5345d6f'}, 'dob': {'date': '1966-12-10T04:51:17.196Z', 'age': 57}, 'registered': {'date': '2008-12-31T17:35:19.499Z', 'age': 15}, 'phone': '09-916-722', 'cell': '046-297-03-68', 'id': {'name': 'HETU', 'value': 'NaNNA461undefined'}, 'picture': {'large': 'https://randomuser.me/api/portraits/men/72.jpg', 'medium': 'https://randomuser.me/api/portraits/med/men/72.jpg', 'thumbnail': 'https://randomuser.me/api/portraits/thumb/men/72.jpg'}, 'nat': 'FI'}</msg>
<arg>${json_data['results'][0]}</arg>
<doc>Logs the given message with the given level.</doc>
<status status="PASS" start="2024-03-27T17:11:46.566764" elapsed="0.000426"/>
</kw>
<kw name="Log" owner="BuiltIn">
<msg time="2024-03-27T17:11:46.567614" level="INFO">location</msg>
<arg>${key}</arg>
<doc>Logs the given message with the given level.</doc>
<status status="PASS" start="2024-03-27T17:11:46.567485" elapsed="0.000168"/>
</kw>
<var name="${key}">location</var>
<status status="PASS" start="2024-03-27T17:11:46.565883" elapsed="0.001985"/>
</iter>
<iter>
<kw name="Dictionary Should Contain Key" owner="Collections">
<msg time="2024-03-27T17:11:46.568562" level="INFO">False</msg>
<arg>${json_data['results'][0]}</arg>
<arg>${key}</arg>
<doc>Fails if ``key`` is not found from ``dictionary``.</doc>
<status status="PASS" start="2024-03-27T17:11:46.568163" elapsed="0.000437"/>
</kw>
<kw name="Log" owner="BuiltIn">
<msg time="2024-03-27T17:11:46.569261" level="INFO">{'gender': 'male', 'name': {'title': 'Mr', 'first': 'Matias', 'last': 'Saarinen'}, 'location': {'street': {'number': 271, 'name': 'Mannerheimintie'}, 'city': 'Parkano', 'state': 'Kymenlaakso', 'country': 'Finland', 'postcode': 48245, 'coordinates': {'latitude': '-27.5258', 'longitude': '-33.1060'}, 'timezone': {'offset': '+5:00', 'description': 'Ekaterinburg, Islamabad, Karachi, Tashkent'}}, 'email': 'matias.saarinen@example.com', 'login': {'uuid': '9da05936-fc0a-4ff6-88db-c65bef39b33b', 'username': 'ticklishostrich796', 'password': 'kerouac', 'salt': '9YdN90xq', 'md5': '0da7026d4dc5d875604c2e8afa54c735', 'sha1': 'e097fcc9217cefb37c48b1a4eef4d0b15a626e48', 'sha256': 'b1fb8e862f5306620abc1e9ef21b93fc5d371d6fef0083ac9847939ec5345d6f'}, 'dob': {'date': '1966-12-10T04:51:17.196Z', 'age': 57}, 'registered': {'date': '2008-12-31T17:35:19.499Z', 'age': 15}, 'phone': '09-916-722', 'cell': '046-297-03-68', 'id': {'name': 'HETU', 'value': 'NaNNA461undefined'}, 'picture': {'large': 'https://randomuser.me/api/portraits/men/72.jpg', 'medium': 'https://randomuser.me/api/portraits/med/men/72.jpg', 'thumbnail': 'https://randomuser.me/api/portraits/thumb/men/72.jpg'}, 'nat': 'FI'}</msg>
<arg>${json_data['results'][0]}</arg>
<doc>Logs the given message with the given level.</doc>
<status status="PASS" start="2024-03-27T17:11:46.568899" elapsed="0.000411"/>
</kw>
<kw name="Log" owner="BuiltIn">
<msg time="2024-03-27T17:11:46.569738" level="INFO">email</msg>
<arg>${key}</arg>
<doc>Logs the given message with the given level.</doc>
<status status="PASS" start="2024-03-27T17:11:46.569609" elapsed="0.000169"/>
</kw>
<var name="${key}">email</var>
<status status="PASS" start="2024-03-27T17:11:46.568049" elapsed="0.001950"/>
</iter>
<iter>
<kw name="Dictionary Should Contain Key" owner="Collections">
<msg time="2024-03-27T17:11:46.570710" level="INFO">False</msg>
<arg>${json_data['results'][0]}</arg>
<arg>${key}</arg>
<doc>Fails if ``key`` is not found from ``dictionary``.</doc>
<status status="PASS" start="2024-03-27T17:11:46.570321" elapsed="0.000426"/>
</kw>
<kw name="Log" owner="BuiltIn">
<msg time="2024-03-27T17:11:46.571414" level="INFO">{'gender': 'male', 'name': {'title': 'Mr', 'first': 'Matias', 'last': 'Saarinen'}, 'location': {'street': {'number': 271, 'name': 'Mannerheimintie'}, 'city': 'Parkano', 'state': 'Kymenlaakso', 'country': 'Finland', 'postcode': 48245, 'coordinates': {'latitude': '-27.5258', 'longitude': '-33.1060'}, 'timezone': {'offset': '+5:00', 'description': 'Ekaterinburg, Islamabad, Karachi, Tashkent'}}, 'email': 'matias.saarinen@example.com', 'login': {'uuid': '9da05936-fc0a-4ff6-88db-c65bef39b33b', 'username': 'ticklishostrich796', 'password': 'kerouac', 'salt': '9YdN90xq', 'md5': '0da7026d4dc5d875604c2e8afa54c735', 'sha1': 'e097fcc9217cefb37c48b1a4eef4d0b15a626e48', 'sha256': 'b1fb8e862f5306620abc1e9ef21b93fc5d371d6fef0083ac9847939ec5345d6f'}, 'dob': {'date': '1966-12-10T04:51:17.196Z', 'age': 57}, 'registered': {'date': '2008-12-31T17:35:19.499Z', 'age': 15}, 'phone': '09-916-722', 'cell': '046-297-03-68', 'id': {'name': 'HETU', 'value': 'NaNNA461undefined'}, 'picture': {'large': 'https://randomuser.me/api/portraits/men/72.jpg', 'medium': 'https://randomuser.me/api/portraits/med/men/72.jpg', 'thumbnail': 'https://randomuser.me/api/portraits/thumb/men/72.jpg'}, 'nat': 'FI'}</msg>
<arg>${json_data['results'][0]}</arg>
<doc>Logs the given message with the given level.</doc>
<status status="PASS" start="2024-03-27T17:11:46.571045" elapsed="0.000417"/>
</kw>
<kw name="Log" owner="BuiltIn">
<msg time="2024-03-27T17:11:46.571891" level="INFO">login</msg>
<arg>${key}</arg>
<doc>Logs the given message with the given level.</doc>
<status status="PASS" start="2024-03-27T17:11:46.571762" elapsed="0.000300"/>
</kw>
<var name="${key}">login</var>
<status status="PASS" start="2024-03-27T17:11:46.570181" elapsed="0.002113"/>
</iter>
<var>${key}</var>
<value>@{expected_keys}</value>
<status status="PASS" start="2024-03-27T17:11:46.561244" elapsed="0.011177"/>
</for>
<kw name="Create List" owner="BuiltIn">
<msg time="2024-03-27T17:11:46.572753" level="INFO">${expected_keysTwo} = ['username', 'password']</msg>
<var>${expected_keysTwo}</var>
<arg>username</arg>
<arg>password</arg>
<doc>Returns a list containing given items.</doc>
<status status="PASS" start="2024-03-27T17:11:46.572616" elapsed="0.000161"/>
</kw>
<for flavor="IN">
<iter>
<kw name="Dictionary Should Contain Key" owner="Collections">
<msg time="2024-03-27T17:11:46.573662" level="INFO">False</msg>
<arg>${json_data['results'][0]['login']}</arg>
<arg>${keyTwo}</arg>
<doc>Fails if ``key`` is not found from ``dictionary``.</doc>
<status status="PASS" start="2024-03-27T17:11:46.573280" elapsed="0.000420"/>
</kw>
<kw name="Dictionary Should Contain Key" owner="Collections">
<msg time="2024-03-27T17:11:46.574416" level="INFO">False</msg>
<arg>${json_data['results'][0]['login']}</arg>
<arg>${keyTwo}</arg>
<doc>Fails if ``key`` is not found from ``dictionary``.</doc>
<status status="PASS" start="2024-03-27T17:11:46.573998" elapsed="0.000457"/>
</kw>
<kw name="Log" owner="BuiltIn">
<msg time="2024-03-27T17:11:46.574883" level="INFO">username</msg>
<arg>${keyTwo}</arg>
<doc>Logs the given message with the given level.</doc>
<status status="PASS" start="2024-03-27T17:11:46.574752" elapsed="0.000170"/>
</kw>
<var name="${keyTwo}">username</var>
<status status="PASS" start="2024-03-27T17:11:46.573170" elapsed="0.001968"/>
</iter>
<iter>
<kw name="Dictionary Should Contain Key" owner="Collections">
<msg time="2024-03-27T17:11:46.575809" level="INFO">False</msg>
<arg>${json_data['results'][0]['login']}</arg>
<arg>${keyTwo}</arg>
<doc>Fails if ``key`` is not found from ``dictionary``.</doc>
<status status="PASS" start="2024-03-27T17:11:46.575430" elapsed="0.000416"/>
</kw>
<kw name="Dictionary Should Contain Key" owner="Collections">
<msg time="2024-03-27T17:11:46.576535" level="INFO">False</msg>
<arg>${json_data['results'][0]['login']}</arg>
<arg>${keyTwo}</arg>
<doc>Fails if ``key`` is not found from ``dictionary``.</doc>
<status status="PASS" start="2024-03-27T17:11:46.576145" elapsed="0.000427"/>
</kw>
<kw name="Log" owner="BuiltIn">
<msg time="2024-03-27T17:11:46.576996" level="INFO">password</msg>
<arg>${keyTwo}</arg>
<doc>Logs the given message with the given level.</doc>
<status status="PASS" start="2024-03-27T17:11:46.576867" elapsed="0.000168"/>
</kw>
<var name="${keyTwo}">password</var>
<status status="PASS" start="2024-03-27T17:11:46.575318" elapsed="0.001936"/>
</iter>
<var>${keyTwo}</var>
<value>@{expected_keysTwo}</value>
<status status="PASS" start="2024-03-27T17:11:46.573016" elapsed="0.004362"/>
</for>
<status status="PASS" start="2024-03-27T17:11:46.463816" elapsed="0.113704"/>
</kw>
<doc>Testa a estrutura da resposta da API.</doc>
<tag>testeEstruturaResposta</tag>
<status status="PASS" start="2024-03-27T17:11:46.463105" elapsed="0.114570"/>
</test>
<test id="s1-s1-t4" name="Validar tipos de dados" line="28">
<kw name="Teste de Tipos de Dados" owner="random-user-service">
<kw name="GET On Session" owner="RequestsLibrary">
<msg time="2024-03-27T17:11:46.667793" level="INFO">GET Request : url=https://randomuser.me/api 
 path_url=/api 
 headers={'User-Agent': 'python-requests/2.31.0', 'Accept-Encoding': 'gzip, deflate', 'Accept': '*/*', 'Connection': 'keep-alive'} 
 body=None 
 </msg>
<msg time="2024-03-27T17:11:46.667877" level="INFO">GET Response : url=https://randomuser.me/api 
 status=200, reason=OK 
 headers={'Date': 'Wed, 27 Mar 2024 17:11:46 GMT', 'Content-Type': 'application/json; charset=utf-8', 'Transfer-Encoding': 'chunked', 'Connection': 'keep-alive', 'X-Powered-By': 'Express', 'Access-Control-Allow-Origin': '*', 'Cache-Control': 'no-cache', 'ETag': 'W/"4b1-KeiI3IuOly+1vEIQrS0JSswk5R0"', 'Vary': 'Accept-Encoding', 'Content-Encoding': 'gzip', 'CF-Cache-Status': 'DYNAMIC', 'Report-To': '{"endpoints":[{"url":"https:\\/\\/a.nel.cloudflare.com\\/report\\/v4?s=yJwbWXy9JmYXyLHveCHKdLl1E0r17F0R4C%2FRhNOLuif6NqdfQ12buKOwZUswNo41Eb7Hoev5a%2B4f7XZ58PHpF4Oi9VIh7yMS9KioenhgjCKDHKwReVlNFbQ%2FDqOVZY4v"}],"group":"cf-nel","max_age":604800}', 'NEL': '{"success_fraction":0,"report_to":"cf-nel","max_age":604800}', 'Server': 'cloudflare', 'CF-RAY': '86b10064280696a2-SJC', 'alt-svc': 'h3=":443"; ma=86400'} 
 body={"results":[{"gender":"female","name":{"title":"Ms","first":"Britt","last":"Gaßner"},"location":{"street":{"number":9887,"name":"Heideweg"},"city":"Rendsburg-Eckernförde","state":"Nordrhein-Westfalen","country":"Germany","postcode":20144,"coordinates":{"latitude":"-52.4948","longitude":"64.3514"},"timezone":{"offset":"+3:00","description":"Baghdad, Riyadh, Moscow, St. Petersburg"}},"email":"britt.gassner@example.com","login":{"uuid":"23f8f6b9-1d98-43a9-8f58-9c355851d90b","username":"orangelion799","password":"fester","salt":"1JFlMJG0","md5":"7f98569c53d60ef1585221b6a410f876","sha1":"be0dc6946fa06e708fa6b9c3b3ddf6cd9aa7a037","sha256":"247c1ada697414cc85b173d59082c47180b26f626a89069f8dfbc9f22651f553"},"dob":{"date":"1958-04-02T17:32:36.852Z","age":65},"registered":{"date":"2008-08-27T23:52:21.324Z","age":15},"phone":"0531-8607303","cell":"0171-1993136","id":{"name":"SVNR","value":"61 020458 G 590"},"picture":{"large":"https://randomuser.me/api/portraits/women/35.jpg","medium":"https://randomuser.me/api/portraits/med/women/35.jpg","thumbnail":"https://randomuser.me/api/portraits/thumb/women/35.jpg"},"nat":"DE"}],"info":{"seed":"89b4ee4e87a2b92f","results":1,"page":1,"version":"1.4"}} 
 </msg>
<msg time="2024-03-27T17:11:46.667935" level="INFO">/opt/hostedtoolcache/Python/3.12.2/x64/lib/python3.12/site-packages/urllib3/connectionpool.py:1103: InsecureRequestWarning: Unverified HTTPS request is being made to host 'randomuser.me'. Adding certificate verification is strongly advised. See: https://urllib3.readthedocs.io/en/latest/advanced-usage.html#tls-warnings
  warnings.warn(</msg>
<msg time="2024-03-27T17:11:46.668022" level="INFO">${response} = &lt;Response [200]&gt;</msg>
<var>${response}</var>
<arg>consultarAPI</arg>
<arg>/api</arg>
<doc>Sends a GET request on a previously created HTTP Session.</doc>
<status status="PASS" start="2024-03-27T17:11:46.580239" elapsed="0.087824"/>
</kw>
<kw name="Set Variable" owner="BuiltIn">
<msg time="2024-03-27T17:11:46.669107" level="INFO">${json_data} = {'results': [{'gender': 'female', 'name': {'title': 'Ms', 'first': 'Britt', 'last': 'Gaßner'}, 'location': {'street': {'number': 9887, 'name': 'Heideweg'}, 'city': 'Rendsburg-Eckernförde', 'state': 'N...</msg>
<var>${json_data}</var>
<arg>${response.json()}</arg>
<doc>Returns the given values which can then be assigned to a variables.</doc>
<status status="PASS" start="2024-03-27T17:11:46.668530" elapsed="0.000606"/>
</kw>
<kw name="Log" owner="BuiltIn">
<msg time="2024-03-27T17:11:46.669609" level="INFO">{'results': [{'gender': 'female', 'name': {'title': 'Ms', 'first': 'Britt', 'last': 'Gaßner'}, 'location': {'street': {'number': 9887, 'name': 'Heideweg'}, 'city': 'Rendsburg-Eckernförde', 'state': 'Nordrhein-Westfalen', 'country': 'Germany', 'postcode': 20144, 'coordinates': {'latitude': '-52.4948', 'longitude': '64.3514'}, 'timezone': {'offset': '+3:00', 'description': 'Baghdad, Riyadh, Moscow, St. Petersburg'}}, 'email': 'britt.gassner@example.com', 'login': {'uuid': '23f8f6b9-1d98-43a9-8f58-9c355851d90b', 'username': 'orangelion799', 'password': 'fester', 'salt': '1JFlMJG0', 'md5': '7f98569c53d60ef1585221b6a410f876', 'sha1': 'be0dc6946fa06e708fa6b9c3b3ddf6cd9aa7a037', 'sha256': '247c1ada697414cc85b173d59082c47180b26f626a89069f8dfbc9f22651f553'}, 'dob': {'date': '1958-04-02T17:32:36.852Z', 'age': 65}, 'registered': {'date': '2008-08-27T23:52:21.324Z', 'age': 15}, 'phone': '0531-8607303', 'cell': '0171-1993136', 'id': {'name': 'SVNR', 'value': '61 020458 G 590'}, 'picture': {'large': 'https://randomuser.me/api/portraits/women/35.jpg', 'medium': 'https://randomuser.me/api/portraits/med/women/35.jpg', 'thumbnail': 'https://randomuser.me/api/portraits/thumb/women/35.jpg'}, 'nat': 'DE'}], 'info': {'seed': '89b4ee4e87a2b92f', 'results': 1, 'page': 1, 'version': '1.4'}}</msg>
<arg>${json_data}</arg>
<doc>Logs the given message with the given level.</doc>
<status status="PASS" start="2024-03-27T17:11:46.669451" elapsed="0.000239"/>
</kw>
<kw name="Should Be String" owner="String">
<arg>${json_data['results'][0]['gender']}</arg>
<doc>Fails if the given ``item`` is not a string.</doc>
<status status="PASS" start="2024-03-27T17:11:46.669997" elapsed="0.000419"/>
</kw>
<kw name="Should Match Regexp" owner="BuiltIn">
<arg>${json_data['results'][0]['email']}</arg>
<arg>^[a-zA-Z0-9._%+-]+@[a-zA-Z0-9.-]+\.[a-zA-Z]{2,}$</arg>
<doc>Fails if ``string`` does not match ``pattern`` as a regular expression.</doc>
<status status="PASS" start="2024-03-27T17:11:46.670614" elapsed="0.000511"/>
</kw>
<kw name="Should Match Regexp" owner="BuiltIn">
<arg>${json_data['results'][0]['dob']['date']}</arg>
<arg>\\d{4}-\\d{2}-\\d{2}T\\d{2}:\\d{2}:\\d{2}\\.\\d{3}Z</arg>
<doc>Fails if ``string`` does not match ``pattern`` as a regular expression.</doc>
<status status="PASS" start="2024-03-27T17:11:46.671325" elapsed="0.000489"/>
</kw>
<kw name="Should Match Regexp" owner="BuiltIn">
<arg>${json_data['results'][0]['registered']['date']}</arg>
<arg>\\d{4}-\\d{2}-\\d{2}T\\d{2}:\\d{2}:\\d{2}\\.\\d{3}Z</arg>
<doc>Fails if ``string`` does not match ``pattern`` as a regular expression.</doc>
<status status="PASS" start="2024-03-27T17:11:46.672007" elapsed="0.000366"/>
</kw>
<kw name="Should Match Regexp" owner="BuiltIn">
<arg>${json_data['results'][0]['picture']['large']}</arg>
<arg>^https?://.*\.(?:png|jpe?g|gif|bmp)$</arg>
<doc>Fails if ``string`` does not match ``pattern`` as a regular expression.</doc>
<status status="PASS" start="2024-03-27T17:11:46.672567" elapsed="0.000467"/>
</kw>
<kw name="Should Match Regexp" owner="BuiltIn">
<arg>${json_data['results'][0]['picture']['medium']}</arg>
<arg>^https?://.*\.(?:png|jpe?g|gif|bmp)$</arg>
<doc>Fails if ``string`` does not match ``pattern`` as a regular expression.</doc>
<status status="PASS" start="2024-03-27T17:11:46.673223" elapsed="0.000359"/>
</kw>
<kw name="Should Match Regexp" owner="BuiltIn">
<arg>${json_data['results'][0]['picture']['thumbnail']}</arg>
<arg>^https?://.*\.(?:png|jpe?g|gif|bmp)$</arg>
<doc>Fails if ``string`` does not match ``pattern`` as a regular expression.</doc>
<status status="PASS" start="2024-03-27T17:11:46.673765" elapsed="0.000352"/>
</kw>
<kw name="Log" owner="BuiltIn">
<msg time="2024-03-27T17:11:46.674698" level="INFO">{'large': 'https://randomuser.me/api/portraits/women/35.jpg', 'medium': 'https://randomuser.me/api/portraits/med/women/35.jpg', 'thumbnail': 'https://randomuser.me/api/portraits/thumb/women/35.jpg'}</msg>
<arg>${json_data['results'][0]['picture']}</arg>
<doc>Logs the given message with the given level.</doc>
<status status="PASS" start="2024-03-27T17:11:46.674350" elapsed="0.000397"/>
</kw>
<status status="PASS" start="2024-03-27T17:11:46.580015" elapsed="0.094996"/>
</kw>
<kw name="Teste de Tipos de Dados - Postcode" owner="random-user-service">
<kw name="GET On Session" owner="RequestsLibrary">
<msg time="2024-03-27T17:11:46.769989" level="INFO">GET Request : url=https://randomuser.me/api 
 path_url=/api 
 headers={'User-Agent': 'python-requests/2.31.0', 'Accept-Encoding': 'gzip, deflate', 'Accept': '*/*', 'Connection': 'keep-alive'} 
 body=None 
 </msg>
<msg time="2024-03-27T17:11:46.770065" level="INFO">GET Response : url=https://randomuser.me/api 
 status=200, reason=OK 
 headers={'Date': 'Wed, 27 Mar 2024 17:11:46 GMT', 'Content-Type': 'application/json; charset=utf-8', 'Transfer-Encoding': 'chunked', 'Connection': 'keep-alive', 'X-Powered-By': 'Express', 'Access-Control-Allow-Origin': '*', 'Cache-Control': 'no-cache', 'ETag': 'W/"49c-Mwz6if+d71RGt02jJHgL951YfAg"', 'Vary': 'Accept-Encoding', 'Content-Encoding': 'gzip', 'CF-Cache-Status': 'DYNAMIC', 'Report-To': '{"endpoints":[{"url":"https:\\/\\/a.nel.cloudflare.com\\/report\\/v4?s=MtHi83rOgUi49TEt%2BJRtFvQddTqR%2BOtJgVC%2BU4hL9BHMndhUUa%2FTT4QjycIXXY0RrSWEPiKiKXjs%2FYdSNkzDojc4cgggwX9f5rJ148P9GlJXi0pc6BJCVVxWgXk01hSf"}],"group":"cf-nel","max_age":604800}', 'NEL': '{"success_fraction":0,"report_to":"cf-nel","max_age":604800}', 'Server': 'cloudflare', 'CF-RAY': '86b10064b89a96a2-SJC', 'alt-svc': 'h3=":443"; ma=86400'} 
 body={"results":[{"gender":"female","name":{"title":"Miss","first":"Krisha","last":"Mathew"},"location":{"street":{"number":6650,"name":"China Bazaar Rd"},"city":"Kavali","state":"Daman and Diu","country":"India","postcode":53974,"coordinates":{"latitude":"11.4114","longitude":"18.7894"},"timezone":{"offset":"+9:00","description":"Tokyo, Seoul, Osaka, Sapporo, Yakutsk"}},"email":"krisha.mathew@example.com","login":{"uuid":"584ea273-7aa4-465e-9237-b117b1d2c320","username":"heavypanda163","password":"christmas","salt":"NNtAt3Li","md5":"0b941eb305945fc6869f8a996579631f","sha1":"db60f1f9810d305208f4a63e7fee7ce0fcc1f2a4","sha256":"ef98d53c120f4ddea401ede02101c7136a1ca9a59583e094952b3aee6d779277"},"dob":{"date":"1951-09-09T11:21:43.603Z","age":72},"registered":{"date":"2011-03-07T15:02:56.033Z","age":13},"phone":"7817210429","cell":"7341359552","id":{"name":"UIDAI","value":"574475621046"},"picture":{"large":"https://randomuser.me/api/portraits/women/67.jpg","medium":"https://randomuser.me/api/portraits/med/women/67.jpg","thumbnail":"https://randomuser.me/api/portraits/thumb/women/67.jpg"},"nat":"IN"}],"info":{"seed":"2030633bb0b97b99","results":1,"page":1,"version":"1.4"}} 
 </msg>
<msg time="2024-03-27T17:11:46.770145" level="INFO">/opt/hostedtoolcache/Python/3.12.2/x64/lib/python3.12/site-packages/urllib3/connectionpool.py:1103: InsecureRequestWarning: Unverified HTTPS request is being made to host 'randomuser.me'. Adding certificate verification is strongly advised. See: https://urllib3.readthedocs.io/en/latest/advanced-usage.html#tls-warnings
  warnings.warn(</msg>
<msg time="2024-03-27T17:11:46.770298" level="INFO">${response} = &lt;Response [200]&gt;</msg>
<var>${response}</var>
<arg>consultarAPI</arg>
<arg>/api</arg>
<doc>Sends a GET request on a previously created HTTP Session.</doc>
<status status="PASS" start="2024-03-27T17:11:46.675561" elapsed="0.094785"/>
</kw>
<kw name="Set Variable" owner="BuiltIn">
<msg time="2024-03-27T17:11:46.771405" level="INFO">${json_data} = {'results': [{'gender': 'female', 'name': {'title': 'Miss', 'first': 'Krisha', 'last': 'Mathew'}, 'location': {'street': {'number': 6650, 'name': 'China Bazaar Rd'}, 'city': 'Kavali', 'state': 'Daman ...</msg>
<var>${json_data}</var>
<arg>${response.json()}</arg>
<doc>Returns the given values which can then be assigned to a variables.</doc>
<status status="PASS" start="2024-03-27T17:11:46.770858" elapsed="0.000576"/>
</kw>
<kw name="Log" owner="BuiltIn">
<msg time="2024-03-27T17:11:46.771896" level="INFO">{'results': [{'gender': 'female', 'name': {'title': 'Miss', 'first': 'Krisha', 'last': 'Mathew'}, 'location': {'street': {'number': 6650, 'name': 'China Bazaar Rd'}, 'city': 'Kavali', 'state': 'Daman and Diu', 'country': 'India', 'postcode': 53974, 'coordinates': {'latitude': '11.4114', 'longitude': '18.7894'}, 'timezone': {'offset': '+9:00', 'description': 'Tokyo, Seoul, Osaka, Sapporo, Yakutsk'}}, 'email': 'krisha.mathew@example.com', 'login': {'uuid': '584ea273-7aa4-465e-9237-b117b1d2c320', 'username': 'heavypanda163', 'password': 'christmas', 'salt': 'NNtAt3Li', 'md5': '0b941eb305945fc6869f8a996579631f', 'sha1': 'db60f1f9810d305208f4a63e7fee7ce0fcc1f2a4', 'sha256': 'ef98d53c120f4ddea401ede02101c7136a1ca9a59583e094952b3aee6d779277'}, 'dob': {'date': '1951-09-09T11:21:43.603Z', 'age': 72}, 'registered': {'date': '2011-03-07T15:02:56.033Z', 'age': 13}, 'phone': '7817210429', 'cell': '7341359552', 'id': {'name': 'UIDAI', 'value': '574475621046'}, 'picture': {'large': 'https://randomuser.me/api/portraits/women/67.jpg', 'medium': 'https://randomuser.me/api/portraits/med/women/67.jpg', 'thumbnail': 'https://randomuser.me/api/portraits/thumb/women/67.jpg'}, 'nat': 'IN'}], 'info': {'seed': '2030633bb0b97b99', 'results': 1, 'page': 1, 'version': '1.4'}}</msg>
<arg>${json_data}</arg>
<doc>Logs the given message with the given level.</doc>
<status status="PASS" start="2024-03-27T17:11:46.771742" elapsed="0.000232"/>
</kw>
<kw name="Should Be Equal As Numbers" owner="BuiltIn">
<arg>${json_data['results'][0]['location']['postcode']}</arg>
<arg>${json_data['results'][0]['location']['postcode']}</arg>
<doc>Fails if objects are unequal after converting them to real numbers.</doc>
<status status="PASS" start="2024-03-27T17:11:46.772277" elapsed="0.000639"/>
</kw>
<kw name="Log" owner="BuiltIn">
<msg time="2024-03-27T17:11:46.773458" level="INFO">53974</msg>
<arg>${json_data['results'][0]['location']['postcode']}</arg>
<doc>Logs the given message with the given level.</doc>
<status status="PASS" start="2024-03-27T17:11:46.773110" elapsed="0.000389"/>
</kw>
<status status="PASS" start="2024-03-27T17:11:46.675222" elapsed="0.098537"/>
</kw>
<doc>Testa se os tipos de dados na resposta da API estão corretos.</doc>
<tag>testeTiposDados</tag>
<status status="PASS" start="2024-03-27T17:11:46.579467" elapsed="0.194459"/>
</test>
<test id="s1-s1-t5" name="Validar conteudo" line="35">
<kw name="Teste de Tipos de Conteudo" owner="random-user-service">
<kw name="GET On Session" owner="RequestsLibrary">
<msg time="2024-03-27T17:11:46.888074" level="INFO">GET Request : url=https://randomuser.me/api 
 path_url=/api 
 headers={'User-Agent': 'python-requests/2.31.0', 'Accept-Encoding': 'gzip, deflate', 'Accept': '*/*', 'Connection': 'keep-alive'} 
 body=None 
 </msg>
<msg time="2024-03-27T17:11:46.888158" level="INFO">GET Response : url=https://randomuser.me/api 
 status=200, reason=OK 
 headers={'Date': 'Wed, 27 Mar 2024 17:11:46 GMT', 'Content-Type': 'application/json; charset=utf-8', 'Transfer-Encoding': 'chunked', 'Connection': 'keep-alive', 'X-Powered-By': 'Express', 'Access-Control-Allow-Origin': '*', 'Cache-Control': 'no-cache', 'ETag': 'W/"48f-dkpkkpzNIwQ7IEtU4N8QsyO8qe8"', 'Vary': 'Accept-Encoding', 'Content-Encoding': 'gzip', 'CF-Cache-Status': 'DYNAMIC', 'Report-To': '{"endpoints":[{"url":"https:\\/\\/a.nel.cloudflare.com\\/report\\/v4?s=61WLD8E3TuPu47vl0klftIBuMnSIr51aev7UCYiS7jiYO%2BtqhLlYz%2Fe8hntkcZGbgzC0kSAJLLJ2UNpRMe5HQRiU%2BZ4n4NrSA0v4iei5%2Fm7cu07FLzu5B8qPSgQmHU6n"}],"group":"cf-nel","max_age":604800}', 'NEL': '{"success_fraction":0,"report_to":"cf-nel","max_age":604800}', 'Server': 'cloudflare', 'CF-RAY': '86b10065593996a2-SJC', 'alt-svc': 'h3=":443"; ma=86400'} 
 body={"results":[{"gender":"male","name":{"title":"Mr","first":"Angel","last":"Barrett"},"location":{"street":{"number":7550,"name":"Manor Road"},"city":"Bradford","state":"Strathclyde","country":"United Kingdom","postcode":"G7X 3PZ","coordinates":{"latitude":"-11.7734","longitude":"-18.8683"},"timezone":{"offset":"+6:00","description":"Almaty, Dhaka, Colombo"}},"email":"angel.barrett@example.com","login":{"uuid":"00cc61dc-800a-4638-b90a-955b0d61784a","username":"angrymouse628","password":"manning","salt":"FbcPAmGl","md5":"51b5d948f476c503aa56a3580a3df5fd","sha1":"452fb1bd6742872e5261ee7c9eb4f2ac18b96c87","sha256":"b4cd1167d42ad6b90c367546bd36771bdb8feae2c0f11cec81b63799fcd99ba5"},"dob":{"date":"1962-05-30T17:42:34.657Z","age":61},"registered":{"date":"2008-12-01T04:42:18.187Z","age":15},"phone":"015242 11302","cell":"07894 993786","id":{"name":"NINO","value":"GA 64 16 95 O"},"picture":{"large":"https://randomuser.me/api/portraits/men/74.jpg","medium":"https://randomuser.me/api/portraits/med/men/74.jpg","thumbnail":"https://randomuser.me/api/portraits/thumb/men/74.jpg"},"nat":"GB"}],"info":{"seed":"d15b0ebd887275c5","results":1,"page":1,"version":"1.4"}} 
 </msg>
<msg time="2024-03-27T17:11:46.888229" level="INFO">/opt/hostedtoolcache/Python/3.12.2/x64/lib/python3.12/site-packages/urllib3/connectionpool.py:1103: InsecureRequestWarning: Unverified HTTPS request is being made to host 'randomuser.me'. Adding certificate verification is strongly advised. See: https://urllib3.readthedocs.io/en/latest/advanced-usage.html#tls-warnings
  warnings.warn(</msg>
<msg time="2024-03-27T17:11:46.888328" level="INFO">${response} = &lt;Response [200]&gt;</msg>
<var>${response}</var>
<arg>consultarAPI</arg>
<arg>/api</arg>
<doc>Sends a GET request on a previously created HTTP Session.</doc>
<status status="PASS" start="2024-03-27T17:11:46.776445" elapsed="0.111915"/>
</kw>
<kw name="Set Variable" owner="BuiltIn">
<msg time="2024-03-27T17:11:46.889166" level="INFO">${json_data} = {'results': [{'gender': 'male', 'name': {'title': 'Mr', 'first': 'Angel', 'last': 'Barrett'}, 'location': {'street': {'number': 7550, 'name': 'Manor Road'}, 'city': 'Bradford', 'state': 'Strathclyde',...</msg>
<var>${json_data}</var>
<arg>${response.json()}</arg>
<doc>Returns the given values which can then be assigned to a variables.</doc>
<status status="PASS" start="2024-03-27T17:11:46.888732" elapsed="0.000462"/>
</kw>
<kw name="Set Variable" owner="BuiltIn">
<msg time="2024-03-27T17:11:46.889877" level="INFO">${name_title} = Mr</msg>
<var>${name_title}</var>
<arg>${json_data["results"][0]["name"]["title"]}</arg>
<doc>Returns the given values which can then be assigned to a variables.</doc>
<status status="PASS" start="2024-03-27T17:11:46.889493" elapsed="0.000409"/>
</kw>
<kw name="Create List" owner="BuiltIn">
<msg time="2024-03-27T17:11:46.890392" level="INFO">${allowed_titles} = ['Mr', 'Ms', 'Miss', 'Mrs', 'Madame', 'Monsieur']</msg>
<var>${allowed_titles}</var>
<arg>Mr</arg>
<arg>Ms</arg>
<arg>Miss</arg>
<arg>Mrs</arg>
<arg>Madame</arg>
<arg>Monsieur</arg>
<doc>Returns a list containing given items.</doc>
<status status="PASS" start="2024-03-27T17:11:46.890197" elapsed="0.000220"/>
</kw>
<kw name="List Should Contain Value" owner="Collections">
<msg time="2024-03-27T17:11:46.890897" level="INFO">False</msg>
<arg>${allowed_titles}</arg>
<arg>${name_title}</arg>
<doc>Fails if the ``value`` is not found from ``list``.</doc>
<status status="PASS" start="2024-03-27T17:11:46.890725" elapsed="0.000208"/>
</kw>
<kw name="Set Variable" owner="BuiltIn">
<msg time="2024-03-27T17:11:46.891599" level="INFO">${name_country} = GB</msg>
<var>${name_country}</var>
<arg>${json_data["results"][0]["nat"]}</arg>
<doc>Returns the given values which can then be assigned to a variables.</doc>
<status status="PASS" start="2024-03-27T17:11:46.891224" elapsed="0.000400"/>
</kw>
<kw name="Create List" owner="BuiltIn">
<msg time="2024-03-27T17:11:46.892537" level="INFO">${list_country} = ['AD', 'AE', 'AF', 'AG', 'AI', 'AL', 'AM', 'AO', 'AQ', 'AR', 'AS', 'AT', 'AU', 'AW', 'AX', 'AZ', 'BA', 'BB', 'BD', 'BE', 'BF', 'BG', 'BH', 'BI', 'BJ', 'BL', 'BM', 'BN', 'BO', 'BQ', 'BR', 'BS', 'BT', '...</msg>
<var>${list_country}</var>
<arg>AD</arg>
<arg>AE</arg>
<arg>AF</arg>
<arg>AG</arg>
<arg>AI</arg>
<arg>AL</arg>
<arg>AM</arg>
<arg>AO</arg>
<arg>AQ</arg>
<arg>AR</arg>
<arg>AS</arg>
<arg>AT</arg>
<arg>AU</arg>
<arg>AW</arg>
<arg>AX</arg>
<arg>AZ</arg>
<arg>BA</arg>
<arg>BB</arg>
<arg>BD</arg>
<arg>BE</arg>
<arg>BF</arg>
<arg>BG</arg>
<arg>BH</arg>
<arg>BI</arg>
<arg>BJ</arg>
<arg>BL</arg>
<arg>BM</arg>
<arg>BN</arg>
<arg>BO</arg>
<arg>BQ</arg>
<arg>BR</arg>
<arg>BS</arg>
<arg>BT</arg>
<arg>BV</arg>
<arg>BW</arg>
<arg>BY</arg>
<arg>BZ</arg>
<arg>CA</arg>
<arg>CC</arg>
<arg>CD</arg>
<arg>CF</arg>
<arg>CG</arg>
<arg>CH</arg>
<arg>CI</arg>
<arg>CK</arg>
<arg>CL</arg>
<arg>CM</arg>
<arg>CN</arg>
<arg>CO</arg>
<arg>CR</arg>
<arg>CU</arg>
<arg>CV</arg>
<arg>CW</arg>
<arg>CX</arg>
<arg>CY</arg>
<arg>CZ</arg>
<arg>DE</arg>
<arg>DJ</arg>
<arg>DK</arg>
<arg>DM</arg>
<arg>DO</arg>
<arg>DZ</arg>
<arg>EC</arg>
<arg>EE</arg>
<arg>EG</arg>
<arg>EH</arg>
<arg>ER</arg>
<arg>ES</arg>
<arg>ET</arg>
<arg>FI</arg>
<arg>FJ</arg>
<arg>FK</arg>
<arg>FM</arg>
<arg>FO</arg>
<arg>FR</arg>
<arg>GA</arg>
<arg>GB</arg>
<arg>GD</arg>
<arg>GE</arg>
<arg>GF</arg>
<arg>GG</arg>
<arg>GH</arg>
<arg>GI</arg>
<arg>GL</arg>
<arg>GM</arg>
<arg>GN</arg>
<arg>GP</arg>
<arg>GQ</arg>
<arg>GR</arg>
<arg>GS</arg>
<arg>GT</arg>
<arg>GU</arg>
<arg>GW</arg>
<arg>GY</arg>
<arg>HK</arg>
<arg>HM</arg>
<arg>HN</arg>
<arg>HR</arg>
<arg>HT</arg>
<arg>HU</arg>
<arg>ID</arg>
<arg>IE</arg>
<arg>IL</arg>
<arg>IM</arg>
<arg>IN</arg>
<arg>IO</arg>
<arg>IQ</arg>
<arg>IR</arg>
<arg>IS</arg>
<arg>IT</arg>
<arg>JE</arg>
<arg>JM</arg>
<arg>JO</arg>
<arg>JP</arg>
<arg>KE</arg>
<arg>KG</arg>
<arg>KH</arg>
<arg>KI</arg>
<arg>KM</arg>
<arg>KN</arg>
<arg>KP</arg>
<arg>KR</arg>
<arg>KW</arg>
<arg>KY</arg>
<arg>KZ</arg>
<arg>LA</arg>
<arg>LB</arg>
<arg>LC</arg>
<arg>LI</arg>
<arg>LK</arg>
<arg>LR</arg>
<arg>LS</arg>
<arg>LT</arg>
<arg>LU</arg>
<arg>LV</arg>
<arg>LY</arg>
<arg>MA</arg>
<arg>MC</arg>
<arg>MD</arg>
<arg>ME</arg>
<arg>MF</arg>
<arg>MG</arg>
<arg>MH</arg>
<arg>MK</arg>
<arg>ML</arg>
<arg>MM</arg>
<arg>MN</arg>
<arg>MO</arg>
<arg>MP</arg>
<arg>MQ</arg>
<arg>MR</arg>
<arg>MS</arg>
<arg>MT</arg>
<arg>MU</arg>
<arg>MV</arg>
<arg>MW</arg>
<arg>MX</arg>
<arg>MY</arg>
<arg>MZ</arg>
<arg>NA</arg>
<arg>NC</arg>
<arg>NE</arg>
<arg>NF</arg>
<arg>NG</arg>
<arg>NI</arg>
<arg>NL</arg>
<arg>NO</arg>
<arg>NP</arg>
<arg>NR</arg>
<arg>NU</arg>
<arg>NZ</arg>
<arg>OM</arg>
<arg>PA</arg>
<arg>PE</arg>
<arg>PF</arg>
<arg>PG</arg>
<arg>PH</arg>
<arg>PK</arg>
<arg>PL</arg>
<arg>PM</arg>
<arg>PN</arg>
<arg>PR</arg>
<arg>PS</arg>
<arg>PT</arg>
<arg>PW</arg>
<arg>PY</arg>
<arg>QA</arg>
<arg>RE</arg>
<arg>RO</arg>
<arg>RS</arg>
<arg>RU</arg>
<arg>RW</arg>
<arg>SA</arg>
<arg>SB</arg>
<arg>SC</arg>
<arg>SD</arg>
<arg>SE</arg>
<arg>SG</arg>
<arg>SH</arg>
<arg>SI</arg>
<arg>SJ</arg>
<arg>SK</arg>
<arg>SL</arg>
<arg>SM</arg>
<arg>SN</arg>
<arg>SO</arg>
<arg>SR</arg>
<arg>SS</arg>
<arg>ST</arg>
<arg>SV</arg>
<arg>SX</arg>
<arg>SY</arg>
<arg>SZ</arg>
<arg>TC</arg>
<arg>TD</arg>
<arg>TF</arg>
<arg>TG</arg>
<arg>TH</arg>
<arg>TJ</arg>
<arg>TK</arg>
<arg>TL</arg>
<arg>TM</arg>
<arg>TN</arg>
<arg>TO</arg>
<arg>TR</arg>
<arg>TT</arg>
<arg>TV</arg>
<arg>TW</arg>
<arg>TZ</arg>
<arg>UA</arg>
<arg>UG</arg>
<arg>UM</arg>
<arg>US</arg>
<arg>UY</arg>
<arg>UZ</arg>
<arg>VA</arg>
<arg>VC</arg>
<arg>VE</arg>
<arg>VG</arg>
<arg>VI</arg>
<arg>VN</arg>
<arg>VU</arg>
<arg>WF</arg>
<arg>WS</arg>
<arg>XK</arg>
<arg>YE</arg>
<arg>YT</arg>
<arg>ZA</arg>
<arg>ZM</arg>
<arg>ZW</arg>
<doc>Returns a list containing given items.</doc>
<status status="PASS" start="2024-03-27T17:11:46.891935" elapsed="0.000628"/>
</kw>
<kw name="List Should Contain Value" owner="Collections">
<msg time="2024-03-27T17:11:46.893666" level="INFO">False</msg>
<arg>${list_country}</arg>
<arg>${name_country}</arg>
<doc>Fails if the ``value`` is not found from ``list``.</doc>
<status status="PASS" start="2024-03-27T17:11:46.893461" elapsed="0.000242"/>
</kw>
<kw name="Run Keyword If" owner="BuiltIn">
<kw name="Should Be True" owner="BuiltIn">
<arg>${True}</arg>
<doc>Fails if the given condition is not true.</doc>
<status status="PASS" start="2024-03-27T17:11:46.894798" elapsed="0.000147"/>
</kw>
<arg>${json_data["results"][0]["location"]["coordinates"]["latitude"]} &gt;= -90 and ${json_data["results"][0]["location"]["coordinates"]["latitude"]} &lt;= 90</arg>
<arg>Should Be True</arg>
<arg>${True}</arg>
<doc>Runs the given keyword with the given arguments, if ``condition`` is true.</doc>
<status status="PASS" start="2024-03-27T17:11:46.894015" elapsed="0.001059"/>
</kw>
<kw name="Run Keyword If" owner="BuiltIn">
<kw name="Should Be True" owner="BuiltIn">
<arg>${True}</arg>
<doc>Fails if the given condition is not true.</doc>
<status status="PASS" start="2024-03-27T17:11:46.895958" elapsed="0.000139"/>
</kw>
<arg>${json_data["results"][0]["location"]["coordinates"]["longitude"]} &gt;= -180 and ${json_data["results"][0]["location"]["coordinates"]["longitude"]} &lt;= 180</arg>
<arg>Should Be True</arg>
<arg>${True}</arg>
<doc>Runs the given keyword with the given arguments, if ``condition`` is true.</doc>
<status status="PASS" start="2024-03-27T17:11:46.895262" elapsed="0.000960"/>
</kw>
<status status="PASS" start="2024-03-27T17:11:46.776224" elapsed="0.120128"/>
</kw>
<doc>Testa o conteúdo específico dos campos retornados pela API.</doc>
<tag>testeConteudo</tag>
<status status="PASS" start="2024-03-27T17:11:46.775732" elapsed="0.120767"/>
</test>
<status status="PASS" start="2024-03-27T17:11:45.906926" elapsed="0.991447"/>
</suite>
<status status="PASS" start="2024-03-27T17:11:45.893232" elapsed="1.010376"/>
</suite>
<statistics>
<total>
<stat pass="5" fail="0" skip="0">All Tests</stat>
</total>
<tag>
<stat pass="1" fail="0" skip="0">testeConteudo</stat>
<stat pass="1" fail="0" skip="0">testeEstruturaResposta</stat>
<stat pass="1" fail="0" skip="0">testeRequisicaoBasica</stat>
<stat pass="1" fail="0" skip="0">testeTiposDados</stat>
</tag>
<suite>
<stat pass="5" fail="0" skip="0" id="s1" name="Tests">Tests</stat>
<stat pass="5" fail="0" skip="0" id="s1-s1" name="Random-User-Test">Tests.Random-User-Test</stat>
</suite>
</statistics>
<errors>
</errors>
</robot>
