<?xml version="1.0" encoding="UTF-8"?>
<robot generator="Robot 7.0 (Python 3.12.3 on linux)" generated="2024-05-14T19:11:28.654861" rpa="false" schemaversion="5">
<suite id="s1" name="Tests" source="/home/runner/work/DesafioQAItauRogerioJordao/DesafioQAItauRogerioJordao/RamdonUser/tests">
<suite id="s1-s1" name="Random-User-Test" source="/home/runner/work/DesafioQAItauRogerioJordao/DesafioQAItauRogerioJordao/RamdonUser/tests/random-user-test.robot">
<test id="s1-s1-t1" name="Conectar" line="13">
<kw name="Conectar API" owner="random-user-service">
<kw name="Create Session" owner="RequestsLibrary">
<msg time="2024-05-14T19:11:29.013871" level="INFO">Creating Session using : alias=consultarAPI, url=https://randomuser.me/, headers={},                     cookies={}, auth=None, timeout=None, proxies=None, verify=False,                     debug=0 </msg>
<arg>consultarAPI</arg>
<arg>${URL}</arg>
<doc>Create Session: create a HTTP session to a server</doc>
<status status="PASS" start="2024-05-14T19:11:29.013682" elapsed="0.000352"/>
</kw>
<status status="PASS" start="2024-05-14T19:11:29.012792" elapsed="0.001575"/>
</kw>
<status status="PASS" start="2024-05-14T19:11:29.012260" elapsed="0.002322"/>
</test>
<test id="s1-s1-t2" name="Validar retorno 200 e JSON Válido" line="16">
<kw name="Teste de Requisicao Basica" owner="random-user-service">
<kw name="GET On Session" owner="RequestsLibrary">
<msg time="2024-05-14T19:11:29.133208" level="INFO">GET Request : url=https://randomuser.me/api 
 path_url=/api 
 headers={'User-Agent': 'python-requests/2.31.0', 'Accept-Encoding': 'gzip, deflate', 'Accept': '*/*', 'Connection': 'keep-alive'} 
 body=None 
 </msg>
<msg time="2024-05-14T19:11:29.133315" level="INFO">GET Response : url=https://randomuser.me/api 
 status=200, reason=OK 
 headers={'Date': 'Tue, 14 May 2024 19:11:29 GMT', 'Content-Type': 'application/json; charset=utf-8', 'Transfer-Encoding': 'chunked', 'Connection': 'keep-alive', 'X-Powered-By': 'Express', 'Access-Control-Allow-Origin': '*', 'Cache-Control': 'no-cache', 'ETag': 'W/"488-3JyUzIptja21mGED5nf7H/YOAlc"', 'Vary': 'Accept-Encoding', 'Content-Encoding': 'gzip', 'CF-Cache-Status': 'DYNAMIC', 'Report-To': '{"endpoints":[{"url":"https:\\/\\/a.nel.cloudflare.com\\/report\\/v4?s=98j29Kx1rNIxSB35z7Q9APTPEWYk3kERXAvQX3mlJ8vFl1P2q0PCwE%2B6RKWtoiyis79pAbUbwnuQDoMENpFLQRuJv%2Fgriznc3IBB6eYDXcBahD42RCGDGUUB9I9kL1vw"}],"group":"cf-nel","max_age":604800}', 'NEL': '{"success_fraction":0,"report_to":"cf-nel","max_age":604800}', 'Server': 'cloudflare', 'CF-RAY': '883d31be9f048728-ORD', 'alt-svc': 'h3=":443"; ma=86400'} 
 body={"results":[{"gender":"female","name":{"title":"Mrs","first":"Silke","last":"Nielsen"},"location":{"street":{"number":4374,"name":"Landevejen"},"city":"Sønder Stenderup","state":"Sjælland","country":"Denmark","postcode":36462,"coordinates":{"latitude":"-45.7819","longitude":"54.0888"},"timezone":{"offset":"-12:00","description":"Eniwetok, Kwajalein"}},"email":"silke.nielsen@example.com","login":{"uuid":"eaa067db-4597-4d44-94d5-a38c95207af3","username":"greenostrich305","password":"sunflowe","salt":"vKEZtqwq","md5":"fa6fb3492eaf74494307e12c2706a2e1","sha1":"3840cf02e6594ac8543a12a0460245bbedb14eb9","sha256":"34298268a6d5b8c6aa9d5ebbded1c13e944b66f5e9b2ec2c9446954f1bc52f5f"},"dob":{"date":"1973-04-29T08:55:59.456Z","age":51},"registered":{"date":"2018-05-21T06:47:26.925Z","age":5},"phone":"31046925","cell":"35412206","id":{"name":"CPR","value":"290473-4358"},"picture":{"large":"https://randomuser.me/api/portraits/women/58.jpg","medium":"https://randomuser.me/api/portraits/med/women/58.jpg","thumbnail":"https://randomuser.me/api/portraits/thumb/women/58.jpg"},"nat":"DK"}],"info":{"seed":"96dae6993cd7cf6c","results":1,"page":1,"version":"1.4"}} 
 </msg>
<msg time="2024-05-14T19:11:29.133390" level="INFO">/opt/hostedtoolcache/Python/3.12.3/x64/lib/python3.12/site-packages/urllib3/connectionpool.py:1103: InsecureRequestWarning: Unverified HTTPS request is being made to host 'randomuser.me'. Adding certificate verification is strongly advised. See: https://urllib3.readthedocs.io/en/latest/advanced-usage.html#tls-warnings
  warnings.warn(</msg>
<msg time="2024-05-14T19:11:29.133511" level="INFO">${response} = &lt;Response [200]&gt;</msg>
<var>${response}</var>
<arg>consultarAPI</arg>
<arg>/api</arg>
<doc>Sends a GET request on a previously created HTTP Session.</doc>
<status status="PASS" start="2024-05-14T19:11:29.017290" elapsed="0.116263"/>
</kw>
<kw name="Should Be Equal As Numbers" owner="BuiltIn">
<msg time="2024-05-14T19:11:29.134546" level="INFO">Argument types are:
&lt;class 'int'&gt;
&lt;class 'str'&gt;</msg>
<arg>${response.status_code}</arg>
<arg>200</arg>
<doc>Fails if objects are unequal after converting them to real numbers.</doc>
<status status="PASS" start="2024-05-14T19:11:29.134055" elapsed="0.000552"/>
</kw>
<kw name="Log" owner="BuiltIn">
<msg time="2024-05-14T19:11:29.135334" level="INFO">200</msg>
<arg>${response.status_code}</arg>
<doc>Logs the given message with the given level.</doc>
<status status="PASS" start="2024-05-14T19:11:29.134985" elapsed="0.000390"/>
</kw>
<kw name="Set Variable" owner="BuiltIn">
<msg time="2024-05-14T19:11:29.136104" level="INFO">${json_data} = {'results': [{'gender': 'female', 'name': {'title': 'Mrs', 'first': 'Silke', 'last': 'Nielsen'}, 'location': {'street': {'number': 4374, 'name': 'Landevejen'}, 'city': 'Sønder Stenderup', 'state': 'Sj...</msg>
<var>${json_data}</var>
<arg>${response.json()}</arg>
<doc>Returns the given values which can then be assigned to a variables.</doc>
<status status="PASS" start="2024-05-14T19:11:29.135674" elapsed="0.000459"/>
</kw>
<kw name="Dictionary Should Contain Key" owner="Collections">
<msg time="2024-05-14T19:11:29.136598" level="INFO">False</msg>
<arg>${json_data}</arg>
<arg>results</arg>
<doc>Fails if ``key`` is not found from ``dictionary``.</doc>
<status status="PASS" start="2024-05-14T19:11:29.136433" elapsed="0.000204"/>
</kw>
<status status="PASS" start="2024-05-14T19:11:29.017050" elapsed="0.119835"/>
</kw>
<doc>Testa se a API responde corretamente e retorna um objeto JSON válido.</doc>
<tag>testeRequisicaoBasica</tag>
<status status="PASS" start="2024-05-14T19:11:29.016567" elapsed="0.120486"/>
</test>
<test id="s1-s1-t3" name="Validar estrutura de resposta" line="22">
<kw name="Teste de Estrutura de Resposta" owner="random-user-service">
<kw name="GET On Session" owner="RequestsLibrary">
<msg time="2024-05-14T19:11:29.214726" level="INFO">GET Request : url=https://randomuser.me/api 
 path_url=/api 
 headers={'User-Agent': 'python-requests/2.31.0', 'Accept-Encoding': 'gzip, deflate', 'Accept': '*/*', 'Connection': 'keep-alive'} 
 body=None 
 </msg>
<msg time="2024-05-14T19:11:29.214841" level="INFO">GET Response : url=https://randomuser.me/api 
 status=200, reason=OK 
 headers={'Date': 'Tue, 14 May 2024 19:11:29 GMT', 'Content-Type': 'application/json; charset=utf-8', 'Transfer-Encoding': 'chunked', 'Connection': 'keep-alive', 'X-Powered-By': 'Express', 'Access-Control-Allow-Origin': '*', 'Cache-Control': 'no-cache', 'ETag': 'W/"4ba-BN1cRDmTteYuXNWLNARRgdpk9s8"', 'Vary': 'Accept-Encoding', 'Content-Encoding': 'gzip', 'CF-Cache-Status': 'DYNAMIC', 'Report-To': '{"endpoints":[{"url":"https:\\/\\/a.nel.cloudflare.com\\/report\\/v4?s=EnV4z%2F1z%2B4GFFsvmsm1py8IrsMBpTcaPqGcgf%2BjdXqQwbBFXHB91FxIHlKd9kGBM0IB2pdlu5OHf7zuRo0dvkqXvGROK81k0kBdxFcXzHD3VhnT%2ByJiz2Zh9XISQZIIY"}],"group":"cf-nel","max_age":604800}', 'NEL': '{"success_fraction":0,"report_to":"cf-nel","max_age":604800}', 'Server': 'cloudflare', 'CF-RAY': '883d31bf1fe28728-ORD', 'alt-svc': 'h3=":443"; ma=86400'} 
 body={"results":[{"gender":"female","name":{"title":"Mrs","first":"Constance","last":"Blanc"},"location":{"street":{"number":8951,"name":"Quai Charles-De-Gaulle"},"city":"Rueil-Malmaison","state":"Lot-et-Garonne","country":"France","postcode":72683,"coordinates":{"latitude":"-15.7575","longitude":"47.6258"},"timezone":{"offset":"+9:00","description":"Tokyo, Seoul, Osaka, Sapporo, Yakutsk"}},"email":"constance.blanc@example.com","login":{"uuid":"318de4c9-b4a0-4961-8e0b-ba2c8a3b8ba1","username":"sadostrich711","password":"898989","salt":"rPdKAgU4","md5":"ad1d9196df8d08a2427a5a0907b9577e","sha1":"da48f187e5c2c3994947f543e0d0ead67843f59b","sha256":"15c810e519038abef93122df31bde51e01e89900ede11e3aee549a7a8d04d321"},"dob":{"date":"1953-03-29T13:31:57.454Z","age":71},"registered":{"date":"2018-03-24T08:06:06.208Z","age":6},"phone":"04-27-57-61-76","cell":"06-13-60-09-43","id":{"name":"INSEE","value":"2530237252467 46"},"picture":{"large":"https://randomuser.me/api/portraits/women/49.jpg","medium":"https://randomuser.me/api/portraits/med/women/49.jpg","thumbnail":"https://randomuser.me/api/portraits/thumb/women/49.jpg"},"nat":"FR"}],"info":{"seed":"1b7828b642ac6f55","results":1,"page":1,"version":"1.4"}} 
 </msg>
<msg time="2024-05-14T19:11:29.214954" level="INFO">/opt/hostedtoolcache/Python/3.12.3/x64/lib/python3.12/site-packages/urllib3/connectionpool.py:1103: InsecureRequestWarning: Unverified HTTPS request is being made to host 'randomuser.me'. Adding certificate verification is strongly advised. See: https://urllib3.readthedocs.io/en/latest/advanced-usage.html#tls-warnings
  warnings.warn(</msg>
<msg time="2024-05-14T19:11:29.215081" level="INFO">${response} = &lt;Response [200]&gt;</msg>
<var>${response}</var>
<arg>consultarAPI</arg>
<arg>/api</arg>
<doc>Sends a GET request on a previously created HTTP Session.</doc>
<status status="PASS" start="2024-05-14T19:11:29.139700" elapsed="0.075431"/>
</kw>
<kw name="Set Variable" owner="BuiltIn">
<msg time="2024-05-14T19:11:29.216159" level="INFO">${json_data} = {'results': [{'gender': 'female', 'name': {'title': 'Mrs', 'first': 'Constance', 'last': 'Blanc'}, 'location': {'street': {'number': 8951, 'name': 'Quai Charles-De-Gaulle'}, 'city': 'Rueil-Malmaison',...</msg>
<var>${json_data}</var>
<arg>${response.json()}</arg>
<doc>Returns the given values which can then be assigned to a variables.</doc>
<status status="PASS" start="2024-05-14T19:11:29.215581" elapsed="0.000606"/>
</kw>
<kw name="Log" owner="BuiltIn">
<msg time="2024-05-14T19:11:29.216643" level="INFO">{'results': [{'gender': 'female', 'name': {'title': 'Mrs', 'first': 'Constance', 'last': 'Blanc'}, 'location': {'street': {'number': 8951, 'name': 'Quai Charles-De-Gaulle'}, 'city': 'Rueil-Malmaison', 'state': 'Lot-et-Garonne', 'country': 'France', 'postcode': 72683, 'coordinates': {'latitude': '-15.7575', 'longitude': '47.6258'}, 'timezone': {'offset': '+9:00', 'description': 'Tokyo, Seoul, Osaka, Sapporo, Yakutsk'}}, 'email': 'constance.blanc@example.com', 'login': {'uuid': '318de4c9-b4a0-4961-8e0b-ba2c8a3b8ba1', 'username': 'sadostrich711', 'password': '898989', 'salt': 'rPdKAgU4', 'md5': 'ad1d9196df8d08a2427a5a0907b9577e', 'sha1': 'da48f187e5c2c3994947f543e0d0ead67843f59b', 'sha256': '15c810e519038abef93122df31bde51e01e89900ede11e3aee549a7a8d04d321'}, 'dob': {'date': '1953-03-29T13:31:57.454Z', 'age': 71}, 'registered': {'date': '2018-03-24T08:06:06.208Z', 'age': 6}, 'phone': '04-27-57-61-76', 'cell': '06-13-60-09-43', 'id': {'name': 'INSEE', 'value': '2530237252467 46'}, 'picture': {'large': 'https://randomuser.me/api/portraits/women/49.jpg', 'medium': 'https://randomuser.me/api/portraits/med/women/49.jpg', 'thumbnail': 'https://randomuser.me/api/portraits/thumb/women/49.jpg'}, 'nat': 'FR'}], 'info': {'seed': '1b7828b642ac6f55', 'results': 1, 'page': 1, 'version': '1.4'}}</msg>
<arg>${json_data}</arg>
<doc>Logs the given message with the given level.</doc>
<status status="PASS" start="2024-05-14T19:11:29.216489" elapsed="0.000201"/>
</kw>
<kw name="Dictionary Should Contain Key" owner="Collections">
<msg time="2024-05-14T19:11:29.217137" level="INFO">False</msg>
<arg>${json_data}</arg>
<arg>results</arg>
<doc>Fails if ``key`` is not found from ``dictionary``.</doc>
<status status="PASS" start="2024-05-14T19:11:29.216985" elapsed="0.000188"/>
</kw>
<kw name="Should Not Be Empty" owner="BuiltIn">
<msg time="2024-05-14T19:11:29.217591" level="INFO">Length is 2.</msg>
<arg>${json_data}</arg>
<doc>Verifies that the given item is not empty.</doc>
<status status="PASS" start="2024-05-14T19:11:29.217458" elapsed="0.000287"/>
</kw>
<kw name="Create List" owner="BuiltIn">
<msg time="2024-05-14T19:11:29.218186" level="INFO">${expected_keys} = ['gender', 'name', 'location', 'email', 'login']</msg>
<var>${expected_keys}</var>
<arg>gender</arg>
<arg>name</arg>
<arg>location</arg>
<arg>email</arg>
<arg>login</arg>
<doc>Returns a list containing given items.</doc>
<status status="PASS" start="2024-05-14T19:11:29.218035" elapsed="0.000175"/>
</kw>
<for flavor="IN">
<iter>
<kw name="Dictionary Should Contain Key" owner="Collections">
<msg time="2024-05-14T19:11:29.219197" level="INFO">False</msg>
<arg>${json_data['results'][0]}</arg>
<arg>${key}</arg>
<doc>Fails if ``key`` is not found from ``dictionary``.</doc>
<status status="PASS" start="2024-05-14T19:11:29.218789" elapsed="0.000446"/>
</kw>
<kw name="Log" owner="BuiltIn">
<msg time="2024-05-14T19:11:29.219895" level="INFO">{'gender': 'female', 'name': {'title': 'Mrs', 'first': 'Constance', 'last': 'Blanc'}, 'location': {'street': {'number': 8951, 'name': 'Quai Charles-De-Gaulle'}, 'city': 'Rueil-Malmaison', 'state': 'Lot-et-Garonne', 'country': 'France', 'postcode': 72683, 'coordinates': {'latitude': '-15.7575', 'longitude': '47.6258'}, 'timezone': {'offset': '+9:00', 'description': 'Tokyo, Seoul, Osaka, Sapporo, Yakutsk'}}, 'email': 'constance.blanc@example.com', 'login': {'uuid': '318de4c9-b4a0-4961-8e0b-ba2c8a3b8ba1', 'username': 'sadostrich711', 'password': '898989', 'salt': 'rPdKAgU4', 'md5': 'ad1d9196df8d08a2427a5a0907b9577e', 'sha1': 'da48f187e5c2c3994947f543e0d0ead67843f59b', 'sha256': '15c810e519038abef93122df31bde51e01e89900ede11e3aee549a7a8d04d321'}, 'dob': {'date': '1953-03-29T13:31:57.454Z', 'age': 71}, 'registered': {'date': '2018-03-24T08:06:06.208Z', 'age': 6}, 'phone': '04-27-57-61-76', 'cell': '06-13-60-09-43', 'id': {'name': 'INSEE', 'value': '2530237252467 46'}, 'picture': {'large': 'https://randomuser.me/api/portraits/women/49.jpg', 'medium': 'https://randomuser.me/api/portraits/med/women/49.jpg', 'thumbnail': 'https://randomuser.me/api/portraits/thumb/women/49.jpg'}, 'nat': 'FR'}</msg>
<arg>${json_data['results'][0]}</arg>
<doc>Logs the given message with the given level.</doc>
<status status="PASS" start="2024-05-14T19:11:29.219531" elapsed="0.000410"/>
</kw>
<kw name="Log" owner="BuiltIn">
<msg time="2024-05-14T19:11:29.220435" level="INFO">gender</msg>
<arg>${key}</arg>
<doc>Logs the given message with the given level.</doc>
<status status="PASS" start="2024-05-14T19:11:29.220232" elapsed="0.000255"/>
</kw>
<var name="${key}">gender</var>
<status status="PASS" start="2024-05-14T19:11:29.218634" elapsed="0.002158"/>
</iter>
<iter>
<kw name="Dictionary Should Contain Key" owner="Collections">
<msg time="2024-05-14T19:11:29.221568" level="INFO">False</msg>
<arg>${json_data['results'][0]}</arg>
<arg>${key}</arg>
<doc>Fails if ``key`` is not found from ``dictionary``.</doc>
<status status="PASS" start="2024-05-14T19:11:29.221184" elapsed="0.000457"/>
</kw>
<kw name="Log" owner="BuiltIn">
<msg time="2024-05-14T19:11:29.222298" level="INFO">{'gender': 'female', 'name': {'title': 'Mrs', 'first': 'Constance', 'last': 'Blanc'}, 'location': {'street': {'number': 8951, 'name': 'Quai Charles-De-Gaulle'}, 'city': 'Rueil-Malmaison', 'state': 'Lot-et-Garonne', 'country': 'France', 'postcode': 72683, 'coordinates': {'latitude': '-15.7575', 'longitude': '47.6258'}, 'timezone': {'offset': '+9:00', 'description': 'Tokyo, Seoul, Osaka, Sapporo, Yakutsk'}}, 'email': 'constance.blanc@example.com', 'login': {'uuid': '318de4c9-b4a0-4961-8e0b-ba2c8a3b8ba1', 'username': 'sadostrich711', 'password': '898989', 'salt': 'rPdKAgU4', 'md5': 'ad1d9196df8d08a2427a5a0907b9577e', 'sha1': 'da48f187e5c2c3994947f543e0d0ead67843f59b', 'sha256': '15c810e519038abef93122df31bde51e01e89900ede11e3aee549a7a8d04d321'}, 'dob': {'date': '1953-03-29T13:31:57.454Z', 'age': 71}, 'registered': {'date': '2018-03-24T08:06:06.208Z', 'age': 6}, 'phone': '04-27-57-61-76', 'cell': '06-13-60-09-43', 'id': {'name': 'INSEE', 'value': '2530237252467 46'}, 'picture': {'large': 'https://randomuser.me/api/portraits/women/49.jpg', 'medium': 'https://randomuser.me/api/portraits/med/women/49.jpg', 'thumbnail': 'https://randomuser.me/api/portraits/thumb/women/49.jpg'}, 'nat': 'FR'}</msg>
<arg>${json_data['results'][0]}</arg>
<doc>Logs the given message with the given level.</doc>
<status status="PASS" start="2024-05-14T19:11:29.221939" elapsed="0.000406"/>
</kw>
<kw name="Log" owner="BuiltIn">
<msg time="2024-05-14T19:11:29.222803" level="INFO">name</msg>
<arg>${key}</arg>
<doc>Logs the given message with the given level.</doc>
<status status="PASS" start="2024-05-14T19:11:29.222644" elapsed="0.000199"/>
</kw>
<var name="${key}">name</var>
<status status="PASS" start="2024-05-14T19:11:29.221061" elapsed="0.002002"/>
</iter>
<iter>
<kw name="Dictionary Should Contain Key" owner="Collections">
<msg time="2024-05-14T19:11:29.223740" level="INFO">False</msg>
<arg>${json_data['results'][0]}</arg>
<arg>${key}</arg>
<doc>Fails if ``key`` is not found from ``dictionary``.</doc>
<status status="PASS" start="2024-05-14T19:11:29.223354" elapsed="0.000423"/>
</kw>
<kw name="Log" owner="BuiltIn">
<msg time="2024-05-14T19:11:29.224426" level="INFO">{'gender': 'female', 'name': {'title': 'Mrs', 'first': 'Constance', 'last': 'Blanc'}, 'location': {'street': {'number': 8951, 'name': 'Quai Charles-De-Gaulle'}, 'city': 'Rueil-Malmaison', 'state': 'Lot-et-Garonne', 'country': 'France', 'postcode': 72683, 'coordinates': {'latitude': '-15.7575', 'longitude': '47.6258'}, 'timezone': {'offset': '+9:00', 'description': 'Tokyo, Seoul, Osaka, Sapporo, Yakutsk'}}, 'email': 'constance.blanc@example.com', 'login': {'uuid': '318de4c9-b4a0-4961-8e0b-ba2c8a3b8ba1', 'username': 'sadostrich711', 'password': '898989', 'salt': 'rPdKAgU4', 'md5': 'ad1d9196df8d08a2427a5a0907b9577e', 'sha1': 'da48f187e5c2c3994947f543e0d0ead67843f59b', 'sha256': '15c810e519038abef93122df31bde51e01e89900ede11e3aee549a7a8d04d321'}, 'dob': {'date': '1953-03-29T13:31:57.454Z', 'age': 71}, 'registered': {'date': '2018-03-24T08:06:06.208Z', 'age': 6}, 'phone': '04-27-57-61-76', 'cell': '06-13-60-09-43', 'id': {'name': 'INSEE', 'value': '2530237252467 46'}, 'picture': {'large': 'https://randomuser.me/api/portraits/women/49.jpg', 'medium': 'https://randomuser.me/api/portraits/med/women/49.jpg', 'thumbnail': 'https://randomuser.me/api/portraits/thumb/women/49.jpg'}, 'nat': 'FR'}</msg>
<arg>${json_data['results'][0]}</arg>
<doc>Logs the given message with the given level.</doc>
<status status="PASS" start="2024-05-14T19:11:29.224071" elapsed="0.000401"/>
</kw>
<kw name="Log" owner="BuiltIn">
<msg time="2024-05-14T19:11:29.224887" level="INFO">location</msg>
<arg>${key}</arg>
<doc>Logs the given message with the given level.</doc>
<status status="PASS" start="2024-05-14T19:11:29.224761" elapsed="0.000163"/>
</kw>
<var name="${key}">location</var>
<status status="PASS" start="2024-05-14T19:11:29.223240" elapsed="0.001895"/>
</iter>
<iter>
<kw name="Dictionary Should Contain Key" owner="Collections">
<msg time="2024-05-14T19:11:29.225796" level="INFO">False</msg>
<arg>${json_data['results'][0]}</arg>
<arg>${key}</arg>
<doc>Fails if ``key`` is not found from ``dictionary``.</doc>
<status status="PASS" start="2024-05-14T19:11:29.225418" elapsed="0.000414"/>
</kw>
<kw name="Log" owner="BuiltIn">
<msg time="2024-05-14T19:11:29.226489" level="INFO">{'gender': 'female', 'name': {'title': 'Mrs', 'first': 'Constance', 'last': 'Blanc'}, 'location': {'street': {'number': 8951, 'name': 'Quai Charles-De-Gaulle'}, 'city': 'Rueil-Malmaison', 'state': 'Lot-et-Garonne', 'country': 'France', 'postcode': 72683, 'coordinates': {'latitude': '-15.7575', 'longitude': '47.6258'}, 'timezone': {'offset': '+9:00', 'description': 'Tokyo, Seoul, Osaka, Sapporo, Yakutsk'}}, 'email': 'constance.blanc@example.com', 'login': {'uuid': '318de4c9-b4a0-4961-8e0b-ba2c8a3b8ba1', 'username': 'sadostrich711', 'password': '898989', 'salt': 'rPdKAgU4', 'md5': 'ad1d9196df8d08a2427a5a0907b9577e', 'sha1': 'da48f187e5c2c3994947f543e0d0ead67843f59b', 'sha256': '15c810e519038abef93122df31bde51e01e89900ede11e3aee549a7a8d04d321'}, 'dob': {'date': '1953-03-29T13:31:57.454Z', 'age': 71}, 'registered': {'date': '2018-03-24T08:06:06.208Z', 'age': 6}, 'phone': '04-27-57-61-76', 'cell': '06-13-60-09-43', 'id': {'name': 'INSEE', 'value': '2530237252467 46'}, 'picture': {'large': 'https://randomuser.me/api/portraits/women/49.jpg', 'medium': 'https://randomuser.me/api/portraits/med/women/49.jpg', 'thumbnail': 'https://randomuser.me/api/portraits/thumb/women/49.jpg'}, 'nat': 'FR'}</msg>
<arg>${json_data['results'][0]}</arg>
<doc>Logs the given message with the given level.</doc>
<status status="PASS" start="2024-05-14T19:11:29.226122" elapsed="0.000413"/>
</kw>
<kw name="Log" owner="BuiltIn">
<msg time="2024-05-14T19:11:29.226986" level="INFO">email</msg>
<arg>${key}</arg>
<doc>Logs the given message with the given level.</doc>
<status status="PASS" start="2024-05-14T19:11:29.226859" elapsed="0.000163"/>
</kw>
<var name="${key}">email</var>
<status status="PASS" start="2024-05-14T19:11:29.225308" elapsed="0.001924"/>
</iter>
<iter>
<kw name="Dictionary Should Contain Key" owner="Collections">
<msg time="2024-05-14T19:11:29.227891" level="INFO">False</msg>
<arg>${json_data['results'][0]}</arg>
<arg>${key}</arg>
<doc>Fails if ``key`` is not found from ``dictionary``.</doc>
<status status="PASS" start="2024-05-14T19:11:29.227505" elapsed="0.000422"/>
</kw>
<kw name="Log" owner="BuiltIn">
<msg time="2024-05-14T19:11:29.228572" level="INFO">{'gender': 'female', 'name': {'title': 'Mrs', 'first': 'Constance', 'last': 'Blanc'}, 'location': {'street': {'number': 8951, 'name': 'Quai Charles-De-Gaulle'}, 'city': 'Rueil-Malmaison', 'state': 'Lot-et-Garonne', 'country': 'France', 'postcode': 72683, 'coordinates': {'latitude': '-15.7575', 'longitude': '47.6258'}, 'timezone': {'offset': '+9:00', 'description': 'Tokyo, Seoul, Osaka, Sapporo, Yakutsk'}}, 'email': 'constance.blanc@example.com', 'login': {'uuid': '318de4c9-b4a0-4961-8e0b-ba2c8a3b8ba1', 'username': 'sadostrich711', 'password': '898989', 'salt': 'rPdKAgU4', 'md5': 'ad1d9196df8d08a2427a5a0907b9577e', 'sha1': 'da48f187e5c2c3994947f543e0d0ead67843f59b', 'sha256': '15c810e519038abef93122df31bde51e01e89900ede11e3aee549a7a8d04d321'}, 'dob': {'date': '1953-03-29T13:31:57.454Z', 'age': 71}, 'registered': {'date': '2018-03-24T08:06:06.208Z', 'age': 6}, 'phone': '04-27-57-61-76', 'cell': '06-13-60-09-43', 'id': {'name': 'INSEE', 'value': '2530237252467 46'}, 'picture': {'large': 'https://randomuser.me/api/portraits/women/49.jpg', 'medium': 'https://randomuser.me/api/portraits/med/women/49.jpg', 'thumbnail': 'https://randomuser.me/api/portraits/thumb/women/49.jpg'}, 'nat': 'FR'}</msg>
<arg>${json_data['results'][0]}</arg>
<doc>Logs the given message with the given level.</doc>
<status status="PASS" start="2024-05-14T19:11:29.228214" elapsed="0.000404"/>
</kw>
<kw name="Log" owner="BuiltIn">
<msg time="2024-05-14T19:11:29.229061" level="INFO">login</msg>
<arg>${key}</arg>
<doc>Logs the given message with the given level.</doc>
<status status="PASS" start="2024-05-14T19:11:29.228934" elapsed="0.000165"/>
</kw>
<var name="${key}">login</var>
<status status="PASS" start="2024-05-14T19:11:29.227396" elapsed="0.001920"/>
</iter>
<var>${key}</var>
<value>@{expected_keys}</value>
<status status="PASS" start="2024-05-14T19:11:29.218458" elapsed="0.010978"/>
</for>
<kw name="Create List" owner="BuiltIn">
<msg time="2024-05-14T19:11:29.229758" level="INFO">${expected_keysTwo} = ['username', 'password']</msg>
<var>${expected_keysTwo}</var>
<arg>username</arg>
<arg>password</arg>
<doc>Returns a list containing given items.</doc>
<status status="PASS" start="2024-05-14T19:11:29.229624" elapsed="0.000157"/>
</kw>
<for flavor="IN">
<iter>
<kw name="Dictionary Should Contain Key" owner="Collections">
<msg time="2024-05-14T19:11:29.230665" level="INFO">False</msg>
<arg>${json_data['results'][0]['login']}</arg>
<arg>${keyTwo}</arg>
<doc>Fails if ``key`` is not found from ``dictionary``.</doc>
<status status="PASS" start="2024-05-14T19:11:29.230278" elapsed="0.000424"/>
</kw>
<kw name="Dictionary Should Contain Key" owner="Collections">
<msg time="2024-05-14T19:11:29.231418" level="INFO">False</msg>
<arg>${json_data['results'][0]['login']}</arg>
<arg>${keyTwo}</arg>
<doc>Fails if ``key`` is not found from ``dictionary``.</doc>
<status status="PASS" start="2024-05-14T19:11:29.231039" elapsed="0.000416"/>
</kw>
<kw name="Log" owner="BuiltIn">
<msg time="2024-05-14T19:11:29.231868" level="INFO">username</msg>
<arg>${keyTwo}</arg>
<doc>Logs the given message with the given level.</doc>
<status status="PASS" start="2024-05-14T19:11:29.231742" elapsed="0.000168"/>
</kw>
<var name="${keyTwo}">username</var>
<status status="PASS" start="2024-05-14T19:11:29.230169" elapsed="0.001951"/>
</iter>
<iter>
<kw name="Dictionary Should Contain Key" owner="Collections">
<msg time="2024-05-14T19:11:29.232865" level="INFO">False</msg>
<arg>${json_data['results'][0]['login']}</arg>
<arg>${keyTwo}</arg>
<doc>Fails if ``key`` is not found from ``dictionary``.</doc>
<status status="PASS" start="2024-05-14T19:11:29.232404" elapsed="0.000501"/>
</kw>
<kw name="Dictionary Should Contain Key" owner="Collections">
<msg time="2024-05-14T19:11:29.233573" level="INFO">False</msg>
<arg>${json_data['results'][0]['login']}</arg>
<arg>${keyTwo}</arg>
<doc>Fails if ``key`` is not found from ``dictionary``.</doc>
<status status="PASS" start="2024-05-14T19:11:29.233196" elapsed="0.000413"/>
</kw>
<kw name="Log" owner="BuiltIn">
<msg time="2024-05-14T19:11:29.234022" level="INFO">password</msg>
<arg>${keyTwo}</arg>
<doc>Logs the given message with the given level.</doc>
<status status="PASS" start="2024-05-14T19:11:29.233897" elapsed="0.000161"/>
</kw>
<var name="${keyTwo}">password</var>
<status status="PASS" start="2024-05-14T19:11:29.232290" elapsed="0.001978"/>
</iter>
<var>${keyTwo}</var>
<value>@{expected_keysTwo}</value>
<status status="PASS" start="2024-05-14T19:11:29.230018" elapsed="0.004369"/>
</for>
<status status="PASS" start="2024-05-14T19:11:29.139472" elapsed="0.095048"/>
</kw>
<doc>Testa a estrutura da resposta da API.</doc>
<tag>testeEstruturaResposta</tag>
<status status="PASS" start="2024-05-14T19:11:29.138927" elapsed="0.095738"/>
</test>
<test id="s1-s1-t4" name="Validar tipos de dados" line="28">
<kw name="Teste de Tipos de Dados" owner="random-user-service">
<kw name="GET On Session" owner="RequestsLibrary">
<msg time="2024-05-14T19:11:29.316359" level="INFO">GET Request : url=https://randomuser.me/api 
 path_url=/api 
 headers={'User-Agent': 'python-requests/2.31.0', 'Accept-Encoding': 'gzip, deflate', 'Accept': '*/*', 'Connection': 'keep-alive'} 
 body=None 
 </msg>
<msg time="2024-05-14T19:11:29.316425" level="INFO">GET Response : url=https://randomuser.me/api 
 status=200, reason=OK 
 headers={'Date': 'Tue, 14 May 2024 19:11:29 GMT', 'Content-Type': 'application/json; charset=utf-8', 'Transfer-Encoding': 'chunked', 'Connection': 'keep-alive', 'X-Powered-By': 'Express', 'Access-Control-Allow-Origin': '*', 'Cache-Control': 'no-cache', 'ETag': 'W/"483-9OnZCQuH013O+saP/oGc/Zja0Zo"', 'Vary': 'Accept-Encoding', 'Content-Encoding': 'gzip', 'CF-Cache-Status': 'DYNAMIC', 'Report-To': '{"endpoints":[{"url":"https:\\/\\/a.nel.cloudflare.com\\/report\\/v4?s=Zqx3U%2BMWVneqgeotdPvokCUxe1F2uyyTLHAWPu16srkUgTPXvEh08ckgD5oXXR0Z2959P%2FWEXo%2B%2B5OxaPZHCB8z9G983mlzelqfLFd3UIUHkWmonXIZUmwQzRPkdBrvH"}],"group":"cf-nel","max_age":604800}', 'NEL': '{"success_fraction":0,"report_to":"cf-nel","max_age":604800}', 'Server': 'cloudflare', 'CF-RAY': '883d31bfb8f98728-ORD', 'alt-svc': 'h3=":443"; ma=86400'} 
 body={"results":[{"gender":"female","name":{"title":"Ms","first":"Ceyhan","last":"Öztürk"},"location":{"street":{"number":7152,"name":"Kushimoto Sk"},"city":"Gümüşhane","state":"Kırşehir","country":"Turkey","postcode":21419,"coordinates":{"latitude":"70.6014","longitude":"64.0953"},"timezone":{"offset":"-12:00","description":"Eniwetok, Kwajalein"}},"email":"ceyhan.ozturk@example.com","login":{"uuid":"3ff0b357-2ac9-4d83-8f3f-ee41e4e56389","username":"yellowswan900","password":"chuckie","salt":"NXL2Hlp0","md5":"d403b50a93abb458ade3e1a55f36a235","sha1":"b0372317852154bf2f1d7bcb9b95488358461b67","sha256":"7665efaa6266b959e3cdf457cb8e6712631aee369a9d7fd1de3d4f30eb79fa08"},"dob":{"date":"1959-08-02T19:30:07.572Z","age":64},"registered":{"date":"2004-01-06T05:03:35.610Z","age":20},"phone":"(293)-425-6071","cell":"(233)-821-1436","id":{"name":"","value":null},"picture":{"large":"https://randomuser.me/api/portraits/women/89.jpg","medium":"https://randomuser.me/api/portraits/med/women/89.jpg","thumbnail":"https://randomuser.me/api/portraits/thumb/women/89.jpg"},"nat":"TR"}],"info":{"seed":"1deefa99e80862b6","results":1,"page":1,"version":"1.4"}} 
 </msg>
<msg time="2024-05-14T19:11:29.316485" level="INFO">/opt/hostedtoolcache/Python/3.12.3/x64/lib/python3.12/site-packages/urllib3/connectionpool.py:1103: InsecureRequestWarning: Unverified HTTPS request is being made to host 'randomuser.me'. Adding certificate verification is strongly advised. See: https://urllib3.readthedocs.io/en/latest/advanced-usage.html#tls-warnings
  warnings.warn(</msg>
<msg time="2024-05-14T19:11:29.316571" level="INFO">${response} = &lt;Response [200]&gt;</msg>
<var>${response}</var>
<arg>consultarAPI</arg>
<arg>/api</arg>
<doc>Sends a GET request on a previously created HTTP Session.</doc>
<status status="PASS" start="2024-05-14T19:11:29.237148" elapsed="0.079461"/>
</kw>
<kw name="Set Variable" owner="BuiltIn">
<msg time="2024-05-14T19:11:29.317431" level="INFO">${json_data} = {'results': [{'gender': 'female', 'name': {'title': 'Ms', 'first': 'Ceyhan', 'last': 'Öztürk'}, 'location': {'street': {'number': 7152, 'name': 'Kushimoto Sk'}, 'city': 'Gümüşhane', 'state': 'Kırşehir...</msg>
<var>${json_data}</var>
<arg>${response.json()}</arg>
<doc>Returns the given values which can then be assigned to a variables.</doc>
<status status="PASS" start="2024-05-14T19:11:29.316972" elapsed="0.000490"/>
</kw>
<kw name="Log" owner="BuiltIn">
<msg time="2024-05-14T19:11:29.317925" level="INFO">{'results': [{'gender': 'female', 'name': {'title': 'Ms', 'first': 'Ceyhan', 'last': 'Öztürk'}, 'location': {'street': {'number': 7152, 'name': 'Kushimoto Sk'}, 'city': 'Gümüşhane', 'state': 'Kırşehir', 'country': 'Turkey', 'postcode': 21419, 'coordinates': {'latitude': '70.6014', 'longitude': '64.0953'}, 'timezone': {'offset': '-12:00', 'description': 'Eniwetok, Kwajalein'}}, 'email': 'ceyhan.ozturk@example.com', 'login': {'uuid': '3ff0b357-2ac9-4d83-8f3f-ee41e4e56389', 'username': 'yellowswan900', 'password': 'chuckie', 'salt': 'NXL2Hlp0', 'md5': 'd403b50a93abb458ade3e1a55f36a235', 'sha1': 'b0372317852154bf2f1d7bcb9b95488358461b67', 'sha256': '7665efaa6266b959e3cdf457cb8e6712631aee369a9d7fd1de3d4f30eb79fa08'}, 'dob': {'date': '1959-08-02T19:30:07.572Z', 'age': 64}, 'registered': {'date': '2004-01-06T05:03:35.610Z', 'age': 20}, 'phone': '(293)-425-6071', 'cell': '(233)-821-1436', 'id': {'name': '', 'value': None}, 'picture': {'large': 'https://randomuser.me/api/portraits/women/89.jpg', 'medium': 'https://randomuser.me/api/portraits/med/women/89.jpg', 'thumbnail': 'https://randomuser.me/api/portraits/thumb/women/89.jpg'}, 'nat': 'TR'}], 'info': {'seed': '1deefa99e80862b6', 'results': 1, 'page': 1, 'version': '1.4'}}</msg>
<arg>${json_data}</arg>
<doc>Logs the given message with the given level.</doc>
<status status="PASS" start="2024-05-14T19:11:29.317770" elapsed="0.000236"/>
</kw>
<kw name="Should Be String" owner="String">
<arg>${json_data['results'][0]['gender']}</arg>
<doc>Fails if the given ``item`` is not a string.</doc>
<status status="PASS" start="2024-05-14T19:11:29.318308" elapsed="0.000367"/>
</kw>
<kw name="Should Match Regexp" owner="BuiltIn">
<arg>${json_data['results'][0]['email']}</arg>
<arg>^[a-zA-Z0-9._%+-]+@[a-zA-Z0-9.-]+\.[a-zA-Z]{2,}$</arg>
<doc>Fails if ``string`` does not match ``pattern`` as a regular expression.</doc>
<status status="PASS" start="2024-05-14T19:11:29.318903" elapsed="0.000508"/>
</kw>
<kw name="Should Match Regexp" owner="BuiltIn">
<arg>${json_data['results'][0]['dob']['date']}</arg>
<arg>\\d{4}-\\d{2}-\\d{2}T\\d{2}:\\d{2}:\\d{2}\\.\\d{3}Z</arg>
<doc>Fails if ``string`` does not match ``pattern`` as a regular expression.</doc>
<status status="PASS" start="2024-05-14T19:11:29.319607" elapsed="0.000494"/>
</kw>
<kw name="Should Match Regexp" owner="BuiltIn">
<arg>${json_data['results'][0]['registered']['date']}</arg>
<arg>\\d{4}-\\d{2}-\\d{2}T\\d{2}:\\d{2}:\\d{2}\\.\\d{3}Z</arg>
<doc>Fails if ``string`` does not match ``pattern`` as a regular expression.</doc>
<status status="PASS" start="2024-05-14T19:11:29.320289" elapsed="0.000370"/>
</kw>
<kw name="Should Match Regexp" owner="BuiltIn">
<arg>${json_data['results'][0]['picture']['large']}</arg>
<arg>^https?://.*\.(?:png|jpe?g|gif|bmp)$</arg>
<doc>Fails if ``string`` does not match ``pattern`` as a regular expression.</doc>
<status status="PASS" start="2024-05-14T19:11:29.320849" elapsed="0.000457"/>
</kw>
<kw name="Should Match Regexp" owner="BuiltIn">
<arg>${json_data['results'][0]['picture']['medium']}</arg>
<arg>^https?://.*\.(?:png|jpe?g|gif|bmp)$</arg>
<doc>Fails if ``string`` does not match ``pattern`` as a regular expression.</doc>
<status status="PASS" start="2024-05-14T19:11:29.321492" elapsed="0.000358"/>
</kw>
<kw name="Should Match Regexp" owner="BuiltIn">
<arg>${json_data['results'][0]['picture']['thumbnail']}</arg>
<arg>^https?://.*\.(?:png|jpe?g|gif|bmp)$</arg>
<doc>Fails if ``string`` does not match ``pattern`` as a regular expression.</doc>
<status status="PASS" start="2024-05-14T19:11:29.322037" elapsed="0.000352"/>
</kw>
<kw name="Log" owner="BuiltIn">
<msg time="2024-05-14T19:11:29.322912" level="INFO">{'large': 'https://randomuser.me/api/portraits/women/89.jpg', 'medium': 'https://randomuser.me/api/portraits/med/women/89.jpg', 'thumbnail': 'https://randomuser.me/api/portraits/thumb/women/89.jpg'}</msg>
<arg>${json_data['results'][0]['picture']}</arg>
<doc>Logs the given message with the given level.</doc>
<status status="PASS" start="2024-05-14T19:11:29.322567" elapsed="0.000386"/>
</kw>
<status status="PASS" start="2024-05-14T19:11:29.236915" elapsed="0.086289"/>
</kw>
<kw name="Teste de Tipos de Dados - Postcode" owner="random-user-service">
<kw name="GET On Session" owner="RequestsLibrary">
<msg time="2024-05-14T19:11:29.445066" level="INFO">GET Request : url=https://randomuser.me/api 
 path_url=/api 
 headers={'User-Agent': 'python-requests/2.31.0', 'Accept-Encoding': 'gzip, deflate', 'Accept': '*/*', 'Connection': 'keep-alive'} 
 body=None 
 </msg>
<msg time="2024-05-14T19:11:29.445143" level="INFO">GET Response : url=https://randomuser.me/api 
 status=200, reason=OK 
 headers={'Date': 'Tue, 14 May 2024 19:11:29 GMT', 'Content-Type': 'application/json; charset=utf-8', 'Transfer-Encoding': 'chunked', 'Connection': 'keep-alive', 'X-Powered-By': 'Express', 'Access-Control-Allow-Origin': '*', 'Cache-Control': 'no-cache', 'ETag': 'W/"499-P8fV2noLEVEWNzRMOCWScSyV4bU"', 'Vary': 'Accept-Encoding', 'Content-Encoding': 'gzip', 'CF-Cache-Status': 'DYNAMIC', 'Report-To': '{"endpoints":[{"url":"https:\\/\\/a.nel.cloudflare.com\\/report\\/v4?s=c602uK594FZWBolX7%2BzHTRVl1H%2FMc972eDWJJgrZYjWLKOJX0Q0ijurlu%2B6zVWkicEOLle1vq0j60jO1Xsx7Bc49GZbqnJyKxsULliWw86LfcLxQUuYQYnoXDkRPRhce"}],"group":"cf-nel","max_age":604800}', 'NEL': '{"success_fraction":0,"report_to":"cf-nel","max_age":604800}', 'Server': 'cloudflare', 'CF-RAY': '883d31c049c08728-ORD', 'alt-svc': 'h3=":443"; ma=86400'} 
 body={"results":[{"gender":"female","name":{"title":"Ms","first":"Notburga","last":"Glas"},"location":{"street":{"number":1573,"name":"Mittelstraße"},"city":"Dransfeld","state":"Saarland","country":"Germany","postcode":62406,"coordinates":{"latitude":"-52.5030","longitude":"91.2728"},"timezone":{"offset":"+3:00","description":"Baghdad, Riyadh, Moscow, St. Petersburg"}},"email":"notburga.glas@example.com","login":{"uuid":"c3d82a3b-923d-470a-a109-bafc115d4dfb","username":"purplepanda680","password":"1015","salt":"jm2EcPye","md5":"139743d9f6bed95cf6040f3c9f8ff97a","sha1":"d148ab0a3dff139b7c6b056a5ffbfd80e2741900","sha256":"435b9e266e8aa4392b342444f13e1d55bbbf3d087b9eb1ae8b524277bb7693af"},"dob":{"date":"1998-04-07T08:50:35.472Z","age":26},"registered":{"date":"2017-05-23T17:14:48.940Z","age":6},"phone":"0038-2896760","cell":"0170-0702343","id":{"name":"SVNR","value":"68 070498 G 799"},"picture":{"large":"https://randomuser.me/api/portraits/women/6.jpg","medium":"https://randomuser.me/api/portraits/med/women/6.jpg","thumbnail":"https://randomuser.me/api/portraits/thumb/women/6.jpg"},"nat":"DE"}],"info":{"seed":"5542348aa81761e4","results":1,"page":1,"version":"1.4"}} 
 </msg>
<msg time="2024-05-14T19:11:29.445214" level="INFO">/opt/hostedtoolcache/Python/3.12.3/x64/lib/python3.12/site-packages/urllib3/connectionpool.py:1103: InsecureRequestWarning: Unverified HTTPS request is being made to host 'randomuser.me'. Adding certificate verification is strongly advised. See: https://urllib3.readthedocs.io/en/latest/advanced-usage.html#tls-warnings
  warnings.warn(</msg>
<msg time="2024-05-14T19:11:29.445326" level="INFO">${response} = &lt;Response [200]&gt;</msg>
<var>${response}</var>
<arg>consultarAPI</arg>
<arg>/api</arg>
<doc>Sends a GET request on a previously created HTTP Session.</doc>
<status status="PASS" start="2024-05-14T19:11:29.323629" elapsed="0.121744"/>
</kw>
<kw name="Set Variable" owner="BuiltIn">
<msg time="2024-05-14T19:11:29.446408" level="INFO">${json_data} = {'results': [{'gender': 'female', 'name': {'title': 'Ms', 'first': 'Notburga', 'last': 'Glas'}, 'location': {'street': {'number': 1573, 'name': 'Mittelstraße'}, 'city': 'Dransfeld', 'state': 'Saarland...</msg>
<var>${json_data}</var>
<arg>${response.json()}</arg>
<doc>Returns the given values which can then be assigned to a variables.</doc>
<status status="PASS" start="2024-05-14T19:11:29.445844" elapsed="0.000594"/>
</kw>
<kw name="Log" owner="BuiltIn">
<msg time="2024-05-14T19:11:29.446946" level="INFO">{'results': [{'gender': 'female', 'name': {'title': 'Ms', 'first': 'Notburga', 'last': 'Glas'}, 'location': {'street': {'number': 1573, 'name': 'Mittelstraße'}, 'city': 'Dransfeld', 'state': 'Saarland', 'country': 'Germany', 'postcode': 62406, 'coordinates': {'latitude': '-52.5030', 'longitude': '91.2728'}, 'timezone': {'offset': '+3:00', 'description': 'Baghdad, Riyadh, Moscow, St. Petersburg'}}, 'email': 'notburga.glas@example.com', 'login': {'uuid': 'c3d82a3b-923d-470a-a109-bafc115d4dfb', 'username': 'purplepanda680', 'password': '1015', 'salt': 'jm2EcPye', 'md5': '139743d9f6bed95cf6040f3c9f8ff97a', 'sha1': 'd148ab0a3dff139b7c6b056a5ffbfd80e2741900', 'sha256': '435b9e266e8aa4392b342444f13e1d55bbbf3d087b9eb1ae8b524277bb7693af'}, 'dob': {'date': '1998-04-07T08:50:35.472Z', 'age': 26}, 'registered': {'date': '2017-05-23T17:14:48.940Z', 'age': 6}, 'phone': '0038-2896760', 'cell': '0170-0702343', 'id': {'name': 'SVNR', 'value': '68 070498 G 799'}, 'picture': {'large': 'https://randomuser.me/api/portraits/women/6.jpg', 'medium': 'https://randomuser.me/api/portraits/med/women/6.jpg', 'thumbnail': 'https://randomuser.me/api/portraits/thumb/women/6.jpg'}, 'nat': 'DE'}], 'info': {'seed': '5542348aa81761e4', 'results': 1, 'page': 1, 'version': '1.4'}}</msg>
<arg>${json_data}</arg>
<doc>Logs the given message with the given level.</doc>
<status status="PASS" start="2024-05-14T19:11:29.446783" elapsed="0.000248"/>
</kw>
<kw name="Should Be Equal As Numbers" owner="BuiltIn">
<arg>${json_data['results'][0]['location']['postcode']}</arg>
<arg>${json_data['results'][0]['location']['postcode']}</arg>
<doc>Fails if objects are unequal after converting them to real numbers.</doc>
<status status="PASS" start="2024-05-14T19:11:29.447453" elapsed="0.000622"/>
</kw>
<kw name="Log" owner="BuiltIn">
<msg time="2024-05-14T19:11:29.448603" level="INFO">62406</msg>
<arg>${json_data['results'][0]['location']['postcode']}</arg>
<doc>Logs the given message with the given level.</doc>
<status status="PASS" start="2024-05-14T19:11:29.448264" elapsed="0.000378"/>
</kw>
<status status="PASS" start="2024-05-14T19:11:29.323413" elapsed="0.125476"/>
</kw>
<doc>Testa se os tipos de dados na resposta da API estão corretos.</doc>
<tag>testeTiposDados</tag>
<status status="PASS" start="2024-05-14T19:11:29.236415" elapsed="0.212630"/>
</test>
<test id="s1-s1-t5" name="Validar conteudo" line="35">
<kw name="Teste de Tipos de Conteudo" owner="random-user-service">
<kw name="GET On Session" owner="RequestsLibrary">
<msg time="2024-05-14T19:11:29.518499" level="INFO">GET Request : url=https://randomuser.me/api 
 path_url=/api 
 headers={'User-Agent': 'python-requests/2.31.0', 'Accept-Encoding': 'gzip, deflate', 'Accept': '*/*', 'Connection': 'keep-alive'} 
 body=None 
 </msg>
<msg time="2024-05-14T19:11:29.518582" level="INFO">GET Response : url=https://randomuser.me/api 
 status=200, reason=OK 
 headers={'Date': 'Tue, 14 May 2024 19:11:29 GMT', 'Content-Type': 'application/json; charset=utf-8', 'Transfer-Encoding': 'chunked', 'Connection': 'keep-alive', 'X-Powered-By': 'Express', 'Access-Control-Allow-Origin': '*', 'Cache-Control': 'no-cache', 'ETag': 'W/"488-sjAkniovf21m4y790qN1UQPlTho"', 'Vary': 'Accept-Encoding', 'Content-Encoding': 'gzip', 'CF-Cache-Status': 'DYNAMIC', 'Report-To': '{"endpoints":[{"url":"https:\\/\\/a.nel.cloudflare.com\\/report\\/v4?s=aY7ivypl8t5XCVfxSvqSshEL588Hvhs0E66A5o7rJSXyIv0i3fTZwTLLZFRUbMd7C%2FfvQCtZXmZhTstTAJWdYm%2F%2BuW8T%2Bwn7rd%2FE5t8Q3g6KIaz%2FQ75IkW7pxq4v2TIv"}],"group":"cf-nel","max_age":604800}', 'NEL': '{"success_fraction":0,"report_to":"cf-nel","max_age":604800}', 'Server': 'cloudflare', 'CF-RAY': '883d31c11b0e8728-ORD', 'alt-svc': 'h3=":443"; ma=86400'} 
 body={"results":[{"gender":"male","name":{"title":"Mr","first":"Sam","last":"Richards"},"location":{"street":{"number":410,"name":"The Green"},"city":"Carrickmacross","state":"Fingal","country":"Ireland","postcode":14738,"coordinates":{"latitude":"0.9519","longitude":"-92.1127"},"timezone":{"offset":"+10:00","description":"Eastern Australia, Guam, Vladivostok"}},"email":"sam.richards@example.com","login":{"uuid":"dcf0e240-d059-4428-b468-c35ae71c38c2","username":"happyleopard821","password":"coral","salt":"ZcxKrjG7","md5":"b02547962aaee7e7b46b31a25508f0d2","sha1":"1eaa29c2a366823483cb2887bdfcbc41c97dda29","sha256":"625d6b2a53d30011bbd747d893020667da85015618e5bcbb1821804565018fa8"},"dob":{"date":"1957-05-25T22:11:23.759Z","age":66},"registered":{"date":"2009-06-08T05:28:10.513Z","age":14},"phone":"071-418-2571","cell":"081-187-1756","id":{"name":"PPS","value":"9391963T"},"picture":{"large":"https://randomuser.me/api/portraits/men/62.jpg","medium":"https://randomuser.me/api/portraits/med/men/62.jpg","thumbnail":"https://randomuser.me/api/portraits/thumb/men/62.jpg"},"nat":"IE"}],"info":{"seed":"326085dde03d5f2e","results":1,"page":1,"version":"1.4"}} 
 </msg>
<msg time="2024-05-14T19:11:29.518656" level="INFO">/opt/hostedtoolcache/Python/3.12.3/x64/lib/python3.12/site-packages/urllib3/connectionpool.py:1103: InsecureRequestWarning: Unverified HTTPS request is being made to host 'randomuser.me'. Adding certificate verification is strongly advised. See: https://urllib3.readthedocs.io/en/latest/advanced-usage.html#tls-warnings
  warnings.warn(</msg>
<msg time="2024-05-14T19:11:29.518794" level="INFO">${response} = &lt;Response [200]&gt;</msg>
<var>${response}</var>
<arg>consultarAPI</arg>
<arg>/api</arg>
<doc>Sends a GET request on a previously created HTTP Session.</doc>
<status status="PASS" start="2024-05-14T19:11:29.451482" elapsed="0.067352"/>
</kw>
<kw name="Set Variable" owner="BuiltIn">
<msg time="2024-05-14T19:11:29.519841" level="INFO">${json_data} = {'results': [{'gender': 'male', 'name': {'title': 'Mr', 'first': 'Sam', 'last': 'Richards'}, 'location': {'street': {'number': 410, 'name': 'The Green'}, 'city': 'Carrickmacross', 'state': 'Fingal', '...</msg>
<var>${json_data}</var>
<arg>${response.json()}</arg>
<doc>Returns the given values which can then be assigned to a variables.</doc>
<status status="PASS" start="2024-05-14T19:11:29.519276" elapsed="0.000594"/>
</kw>
<kw name="Set Variable" owner="BuiltIn">
<msg time="2024-05-14T19:11:29.520563" level="INFO">${name_title} = Mr</msg>
<var>${name_title}</var>
<arg>${json_data["results"][0]["name"]["title"]}</arg>
<doc>Returns the given values which can then be assigned to a variables.</doc>
<status status="PASS" start="2024-05-14T19:11:29.520176" elapsed="0.000413"/>
</kw>
<kw name="Create List" owner="BuiltIn">
<msg time="2024-05-14T19:11:29.521029" level="INFO">${allowed_titles} = ['Mr', 'Ms', 'Miss', 'Mrs', 'Madame', 'Monsieur']</msg>
<var>${allowed_titles}</var>
<arg>Mr</arg>
<arg>Ms</arg>
<arg>Miss</arg>
<arg>Mrs</arg>
<arg>Madame</arg>
<arg>Monsieur</arg>
<doc>Returns a list containing given items.</doc>
<status status="PASS" start="2024-05-14T19:11:29.520882" elapsed="0.000171"/>
</kw>
<kw name="List Should Contain Value" owner="Collections">
<msg time="2024-05-14T19:11:29.521511" level="INFO">False</msg>
<arg>${allowed_titles}</arg>
<arg>${name_title}</arg>
<doc>Fails if the ``value`` is not found from ``list``.</doc>
<status status="PASS" start="2024-05-14T19:11:29.521345" elapsed="0.000203"/>
</kw>
<kw name="Set Variable" owner="BuiltIn">
<msg time="2024-05-14T19:11:29.522215" level="INFO">${name_country} = IE</msg>
<var>${name_country}</var>
<arg>${json_data["results"][0]["nat"]}</arg>
<doc>Returns the given values which can then be assigned to a variables.</doc>
<status status="PASS" start="2024-05-14T19:11:29.521839" elapsed="0.000401"/>
</kw>
<kw name="Create List" owner="BuiltIn">
<msg time="2024-05-14T19:11:29.523180" level="INFO">${list_country} = ['AD', 'AE', 'AF', 'AG', 'AI', 'AL', 'AM', 'AO', 'AQ', 'AR', 'AS', 'AT', 'AU', 'AW', 'AX', 'AZ', 'BA', 'BB', 'BD', 'BE', 'BF', 'BG', 'BH', 'BI', 'BJ', 'BL', 'BM', 'BN', 'BO', 'BQ', 'BR', 'BS', 'BT', '...</msg>
<var>${list_country}</var>
<arg>AD</arg>
<arg>AE</arg>
<arg>AF</arg>
<arg>AG</arg>
<arg>AI</arg>
<arg>AL</arg>
<arg>AM</arg>
<arg>AO</arg>
<arg>AQ</arg>
<arg>AR</arg>
<arg>AS</arg>
<arg>AT</arg>
<arg>AU</arg>
<arg>AW</arg>
<arg>AX</arg>
<arg>AZ</arg>
<arg>BA</arg>
<arg>BB</arg>
<arg>BD</arg>
<arg>BE</arg>
<arg>BF</arg>
<arg>BG</arg>
<arg>BH</arg>
<arg>BI</arg>
<arg>BJ</arg>
<arg>BL</arg>
<arg>BM</arg>
<arg>BN</arg>
<arg>BO</arg>
<arg>BQ</arg>
<arg>BR</arg>
<arg>BS</arg>
<arg>BT</arg>
<arg>BV</arg>
<arg>BW</arg>
<arg>BY</arg>
<arg>BZ</arg>
<arg>CA</arg>
<arg>CC</arg>
<arg>CD</arg>
<arg>CF</arg>
<arg>CG</arg>
<arg>CH</arg>
<arg>CI</arg>
<arg>CK</arg>
<arg>CL</arg>
<arg>CM</arg>
<arg>CN</arg>
<arg>CO</arg>
<arg>CR</arg>
<arg>CU</arg>
<arg>CV</arg>
<arg>CW</arg>
<arg>CX</arg>
<arg>CY</arg>
<arg>CZ</arg>
<arg>DE</arg>
<arg>DJ</arg>
<arg>DK</arg>
<arg>DM</arg>
<arg>DO</arg>
<arg>DZ</arg>
<arg>EC</arg>
<arg>EE</arg>
<arg>EG</arg>
<arg>EH</arg>
<arg>ER</arg>
<arg>ES</arg>
<arg>ET</arg>
<arg>FI</arg>
<arg>FJ</arg>
<arg>FK</arg>
<arg>FM</arg>
<arg>FO</arg>
<arg>FR</arg>
<arg>GA</arg>
<arg>GB</arg>
<arg>GD</arg>
<arg>GE</arg>
<arg>GF</arg>
<arg>GG</arg>
<arg>GH</arg>
<arg>GI</arg>
<arg>GL</arg>
<arg>GM</arg>
<arg>GN</arg>
<arg>GP</arg>
<arg>GQ</arg>
<arg>GR</arg>
<arg>GS</arg>
<arg>GT</arg>
<arg>GU</arg>
<arg>GW</arg>
<arg>GY</arg>
<arg>HK</arg>
<arg>HM</arg>
<arg>HN</arg>
<arg>HR</arg>
<arg>HT</arg>
<arg>HU</arg>
<arg>ID</arg>
<arg>IE</arg>
<arg>IL</arg>
<arg>IM</arg>
<arg>IN</arg>
<arg>IO</arg>
<arg>IQ</arg>
<arg>IR</arg>
<arg>IS</arg>
<arg>IT</arg>
<arg>JE</arg>
<arg>JM</arg>
<arg>JO</arg>
<arg>JP</arg>
<arg>KE</arg>
<arg>KG</arg>
<arg>KH</arg>
<arg>KI</arg>
<arg>KM</arg>
<arg>KN</arg>
<arg>KP</arg>
<arg>KR</arg>
<arg>KW</arg>
<arg>KY</arg>
<arg>KZ</arg>
<arg>LA</arg>
<arg>LB</arg>
<arg>LC</arg>
<arg>LI</arg>
<arg>LK</arg>
<arg>LR</arg>
<arg>LS</arg>
<arg>LT</arg>
<arg>LU</arg>
<arg>LV</arg>
<arg>LY</arg>
<arg>MA</arg>
<arg>MC</arg>
<arg>MD</arg>
<arg>ME</arg>
<arg>MF</arg>
<arg>MG</arg>
<arg>MH</arg>
<arg>MK</arg>
<arg>ML</arg>
<arg>MM</arg>
<arg>MN</arg>
<arg>MO</arg>
<arg>MP</arg>
<arg>MQ</arg>
<arg>MR</arg>
<arg>MS</arg>
<arg>MT</arg>
<arg>MU</arg>
<arg>MV</arg>
<arg>MW</arg>
<arg>MX</arg>
<arg>MY</arg>
<arg>MZ</arg>
<arg>NA</arg>
<arg>NC</arg>
<arg>NE</arg>
<arg>NF</arg>
<arg>NG</arg>
<arg>NI</arg>
<arg>NL</arg>
<arg>NO</arg>
<arg>NP</arg>
<arg>NR</arg>
<arg>NU</arg>
<arg>NZ</arg>
<arg>OM</arg>
<arg>PA</arg>
<arg>PE</arg>
<arg>PF</arg>
<arg>PG</arg>
<arg>PH</arg>
<arg>PK</arg>
<arg>PL</arg>
<arg>PM</arg>
<arg>PN</arg>
<arg>PR</arg>
<arg>PS</arg>
<arg>PT</arg>
<arg>PW</arg>
<arg>PY</arg>
<arg>QA</arg>
<arg>RE</arg>
<arg>RO</arg>
<arg>RS</arg>
<arg>RU</arg>
<arg>RW</arg>
<arg>SA</arg>
<arg>SB</arg>
<arg>SC</arg>
<arg>SD</arg>
<arg>SE</arg>
<arg>SG</arg>
<arg>SH</arg>
<arg>SI</arg>
<arg>SJ</arg>
<arg>SK</arg>
<arg>SL</arg>
<arg>SM</arg>
<arg>SN</arg>
<arg>SO</arg>
<arg>SR</arg>
<arg>SS</arg>
<arg>ST</arg>
<arg>SV</arg>
<arg>SX</arg>
<arg>SY</arg>
<arg>SZ</arg>
<arg>TC</arg>
<arg>TD</arg>
<arg>TF</arg>
<arg>TG</arg>
<arg>TH</arg>
<arg>TJ</arg>
<arg>TK</arg>
<arg>TL</arg>
<arg>TM</arg>
<arg>TN</arg>
<arg>TO</arg>
<arg>TR</arg>
<arg>TT</arg>
<arg>TV</arg>
<arg>TW</arg>
<arg>TZ</arg>
<arg>UA</arg>
<arg>UG</arg>
<arg>UM</arg>
<arg>US</arg>
<arg>UY</arg>
<arg>UZ</arg>
<arg>VA</arg>
<arg>VC</arg>
<arg>VE</arg>
<arg>VG</arg>
<arg>VI</arg>
<arg>VN</arg>
<arg>VU</arg>
<arg>WF</arg>
<arg>WS</arg>
<arg>XK</arg>
<arg>YE</arg>
<arg>YT</arg>
<arg>ZA</arg>
<arg>ZM</arg>
<arg>ZW</arg>
<doc>Returns a list containing given items.</doc>
<status status="PASS" start="2024-05-14T19:11:29.522545" elapsed="0.000662"/>
</kw>
<kw name="List Should Contain Value" owner="Collections">
<msg time="2024-05-14T19:11:29.524193" level="INFO">False</msg>
<arg>${list_country}</arg>
<arg>${name_country}</arg>
<doc>Fails if the ``value`` is not found from ``list``.</doc>
<status status="PASS" start="2024-05-14T19:11:29.523996" elapsed="0.000233"/>
</kw>
<kw name="Run Keyword If" owner="BuiltIn">
<kw name="Should Be True" owner="BuiltIn">
<arg>${True}</arg>
<doc>Fails if the given condition is not true.</doc>
<status status="PASS" start="2024-05-14T19:11:29.525275" elapsed="0.000236"/>
</kw>
<arg>${json_data["results"][0]["location"]["coordinates"]["latitude"]} &gt;= -90 and ${json_data["results"][0]["location"]["coordinates"]["latitude"]} &lt;= 90</arg>
<arg>Should Be True</arg>
<arg>${True}</arg>
<doc>Runs the given keyword with the given arguments, if ``condition`` is true.</doc>
<status status="PASS" start="2024-05-14T19:11:29.524534" elapsed="0.001105"/>
</kw>
<kw name="Run Keyword If" owner="BuiltIn">
<kw name="Should Be True" owner="BuiltIn">
<arg>${True}</arg>
<doc>Fails if the given condition is not true.</doc>
<status status="PASS" start="2024-05-14T19:11:29.526520" elapsed="0.000133"/>
</kw>
<arg>${json_data["results"][0]["location"]["coordinates"]["longitude"]} &gt;= -180 and ${json_data["results"][0]["location"]["coordinates"]["longitude"]} &lt;= 180</arg>
<arg>Should Be True</arg>
<arg>${True}</arg>
<doc>Runs the given keyword with the given arguments, if ``condition`` is true.</doc>
<status status="PASS" start="2024-05-14T19:11:29.525823" elapsed="0.000981"/>
</kw>
<status status="PASS" start="2024-05-14T19:11:29.451262" elapsed="0.075676"/>
</kw>
<doc>Testa o conteúdo específico dos campos retornados pela API.</doc>
<tag>testeConteudo</tag>
<status status="PASS" start="2024-05-14T19:11:29.450767" elapsed="0.076311"/>
</test>
<status status="PASS" start="2024-05-14T19:11:28.711517" elapsed="0.817491"/>
</suite>
<status status="PASS" start="2024-05-14T19:11:28.698078" elapsed="0.835995"/>
</suite>
<statistics>
<total>
<stat pass="5" fail="0" skip="0">All Tests</stat>
</total>
<tag>
<stat pass="1" fail="0" skip="0">testeConteudo</stat>
<stat pass="1" fail="0" skip="0">testeEstruturaResposta</stat>
<stat pass="1" fail="0" skip="0">testeRequisicaoBasica</stat>
<stat pass="1" fail="0" skip="0">testeTiposDados</stat>
</tag>
<suite>
<stat pass="5" fail="0" skip="0" id="s1" name="Tests">Tests</stat>
<stat pass="5" fail="0" skip="0" id="s1-s1" name="Random-User-Test">Tests.Random-User-Test</stat>
</suite>
</statistics>
<errors>
</errors>
</robot>
