<?xml version="1.0" encoding="UTF-8"?>
<robot generator="Robot 7.0 (Python 3.12.2 on linux)" generated="2024-03-31T14:11:12.720136" rpa="false" schemaversion="5">
<suite id="s1" name="Tests" source="/home/runner/work/DesafioQAItauRogerioJordao/DesafioQAItauRogerioJordao/RamdonUser/tests">
<suite id="s1-s1" name="Random-User-Test" source="/home/runner/work/DesafioQAItauRogerioJordao/DesafioQAItauRogerioJordao/RamdonUser/tests/random-user-test.robot">
<test id="s1-s1-t1" name="Conectar" line="13">
<kw name="Conectar API" owner="random-user-service">
<kw name="Create Session" owner="RequestsLibrary">
<msg time="2024-03-31T14:11:13.109741" level="INFO">Creating Session using : alias=consultarAPI, url=https://randomuser.me/, headers={},                     cookies={}, auth=None, timeout=None, proxies=None, verify=False,                     debug=0 </msg>
<arg>consultarAPI</arg>
<arg>${URL}</arg>
<doc>Create Session: create a HTTP session to a server</doc>
<status status="PASS" start="2024-03-31T14:11:13.109537" elapsed="0.000375"/>
</kw>
<status status="PASS" start="2024-03-31T14:11:13.108522" elapsed="0.001736"/>
</kw>
<status status="PASS" start="2024-03-31T14:11:13.108026" elapsed="0.002436"/>
</test>
<test id="s1-s1-t2" name="Validar retorno 200 e JSON Válido" line="16">
<kw name="Teste de Requisicao Basica" owner="random-user-service">
<kw name="GET On Session" owner="RequestsLibrary">
<msg time="2024-03-31T14:11:13.192271" level="INFO">GET Request : url=https://randomuser.me/api 
 path_url=/api 
 headers={'User-Agent': 'python-requests/2.31.0', 'Accept-Encoding': 'gzip, deflate', 'Accept': '*/*', 'Connection': 'keep-alive'} 
 body=None 
 </msg>
<msg time="2024-03-31T14:11:13.192419" level="INFO">GET Response : url=https://randomuser.me/api 
 status=200, reason=OK 
 headers={'Date': 'Sun, 31 Mar 2024 14:11:13 GMT', 'Content-Type': 'application/json; charset=utf-8', 'Transfer-Encoding': 'chunked', 'Connection': 'keep-alive', 'X-Powered-By': 'Express', 'Access-Control-Allow-Origin': '*', 'Cache-Control': 'no-cache', 'ETag': 'W/"47b-5O8IQxA40GEuPR9w5gW8hXEkAKc"', 'Vary': 'Accept-Encoding', 'Content-Encoding': 'gzip', 'CF-Cache-Status': 'DYNAMIC', 'Report-To': '{"endpoints":[{"url":"https:\\/\\/a.nel.cloudflare.com\\/report\\/v4?s=evTvdFwwDUamHNCmGR05WGM6EVaMrXBNMjOtOlF%2FO6CI0OdD1%2Fcjp2hgBLYHPo%2FtULTRvwkU%2FOeIO7CJY6M6esOf0pxZWbe0jAATpT2%2BibpZGlyujzArqNdasNr04obQ"}],"group":"cf-nel","max_age":604800}', 'NEL': '{"success_fraction":0,"report_to":"cf-nel","max_age":604800}', 'Server': 'cloudflare', 'CF-RAY': '86d0ed672fe82a36-ORD', 'alt-svc': 'h3=":443"; ma=86400'} 
 body={"results":[{"gender":"male","name":{"title":"Mr","first":"Alex","last":"Cruz"},"location":{"street":{"number":731,"name":"E Center St"},"city":"Honolulu","state":"Alaska","country":"United States","postcode":65707,"coordinates":{"latitude":"82.9766","longitude":"-112.0146"},"timezone":{"offset":"-3:30","description":"Newfoundland"}},"email":"alex.cruz@example.com","login":{"uuid":"02412609-141f-43f6-8499-d57287b98e15","username":"organiclion872","password":"contortionist","salt":"gte8m8zr","md5":"68e8daae06f1dc6c3a43574eece4ff8f","sha1":"0fc7a9ff9a792cca4c9fd4c8620213eae546c97d","sha256":"d32be049fe6e152023d6d507064baf64963c49050d2c482e0c411b3cfdb7c779"},"dob":{"date":"1965-10-11T04:37:47.006Z","age":58},"registered":{"date":"2011-06-23T01:45:29.637Z","age":12},"phone":"(647) 659-1301","cell":"(438) 469-8931","id":{"name":"SSN","value":"672-20-9816"},"picture":{"large":"https://randomuser.me/api/portraits/men/16.jpg","medium":"https://randomuser.me/api/portraits/med/men/16.jpg","thumbnail":"https://randomuser.me/api/portraits/thumb/men/16.jpg"},"nat":"US"}],"info":{"seed":"e53fec77be64bb82","results":1,"page":1,"version":"1.4"}} 
 </msg>
<msg time="2024-03-31T14:11:13.192561" level="INFO">/opt/hostedtoolcache/Python/3.12.2/x64/lib/python3.12/site-packages/urllib3/connectionpool.py:1103: InsecureRequestWarning: Unverified HTTPS request is being made to host 'randomuser.me'. Adding certificate verification is strongly advised. See: https://urllib3.readthedocs.io/en/latest/advanced-usage.html#tls-warnings
  warnings.warn(</msg>
<msg time="2024-03-31T14:11:13.192729" level="INFO">${response} = &lt;Response [200]&gt;</msg>
<var>${response}</var>
<arg>consultarAPI</arg>
<arg>/api</arg>
<doc>Sends a GET request on a previously created HTTP Session.</doc>
<status status="PASS" start="2024-03-31T14:11:13.113018" elapsed="0.079759"/>
</kw>
<kw name="Should Be Equal As Numbers" owner="BuiltIn">
<msg time="2024-03-31T14:11:13.193709" level="INFO">Argument types are:
&lt;class 'int'&gt;
&lt;class 'str'&gt;</msg>
<arg>${response.status_code}</arg>
<arg>200</arg>
<doc>Fails if objects are unequal after converting them to real numbers.</doc>
<status status="PASS" start="2024-03-31T14:11:13.193213" elapsed="0.000558"/>
</kw>
<kw name="Log" owner="BuiltIn">
<msg time="2024-03-31T14:11:13.194442" level="INFO">200</msg>
<arg>${response.status_code}</arg>
<doc>Logs the given message with the given level.</doc>
<status status="PASS" start="2024-03-31T14:11:13.194086" elapsed="0.000398"/>
</kw>
<kw name="Set Variable" owner="BuiltIn">
<msg time="2024-03-31T14:11:13.195239" level="INFO">${json_data} = {'results': [{'gender': 'male', 'name': {'title': 'Mr', 'first': 'Alex', 'last': 'Cruz'}, 'location': {'street': {'number': 731, 'name': 'E Center St'}, 'city': 'Honolulu', 'state': 'Alaska', 'country...</msg>
<var>${json_data}</var>
<arg>${response.json()}</arg>
<doc>Returns the given values which can then be assigned to a variables.</doc>
<status status="PASS" start="2024-03-31T14:11:13.194810" elapsed="0.000456"/>
</kw>
<kw name="Dictionary Should Contain Key" owner="Collections">
<msg time="2024-03-31T14:11:13.195725" level="INFO">False</msg>
<arg>${json_data}</arg>
<arg>results</arg>
<doc>Fails if ``key`` is not found from ``dictionary``.</doc>
<status status="PASS" start="2024-03-31T14:11:13.195564" elapsed="0.000199"/>
</kw>
<status status="PASS" start="2024-03-31T14:11:13.112769" elapsed="0.083242"/>
</kw>
<doc>Testa se a API responde corretamente e retorna um objeto JSON válido.</doc>
<tag>testeRequisicaoBasica</tag>
<status status="PASS" start="2024-03-31T14:11:13.112295" elapsed="0.083882"/>
</test>
<test id="s1-s1-t3" name="Validar estrutura de resposta" line="22">
<kw name="Teste de Estrutura de Resposta" owner="random-user-service">
<kw name="GET On Session" owner="RequestsLibrary">
<msg time="2024-03-31T14:11:13.288577" level="INFO">GET Request : url=https://randomuser.me/api 
 path_url=/api 
 headers={'User-Agent': 'python-requests/2.31.0', 'Accept-Encoding': 'gzip, deflate', 'Accept': '*/*', 'Connection': 'keep-alive'} 
 body=None 
 </msg>
<msg time="2024-03-31T14:11:13.288654" level="INFO">GET Response : url=https://randomuser.me/api 
 status=200, reason=OK 
 headers={'Date': 'Sun, 31 Mar 2024 14:11:13 GMT', 'Content-Type': 'application/json; charset=utf-8', 'Transfer-Encoding': 'chunked', 'Connection': 'keep-alive', 'X-Powered-By': 'Express', 'Access-Control-Allow-Origin': '*', 'Cache-Control': 'no-cache', 'ETag': 'W/"48e-f9YHAwWzsUSq40dlWMTPxXLceuk"', 'Vary': 'Accept-Encoding', 'Content-Encoding': 'gzip', 'CF-Cache-Status': 'DYNAMIC', 'Report-To': '{"endpoints":[{"url":"https:\\/\\/a.nel.cloudflare.com\\/report\\/v4?s=sqAP%2FXPWlWviLv6mXM5iGmyLeHTUK0NVfW1I8cP2nOqQZcUp%2BeiKY7UzfEwsjbyiOqKm%2BHjQSVqltqxyROmQIMxKxxhihNawvcWDpl6Q6bq7pPBjlj36JnunBY8bs69f"}],"group":"cf-nel","max_age":604800}', 'NEL': '{"success_fraction":0,"report_to":"cf-nel","max_age":604800}', 'Server': 'cloudflare', 'CF-RAY': '86d0ed6778242a36-ORD', 'alt-svc': 'h3=":443"; ma=86400'} 
 body={"results":[{"gender":"female","name":{"title":"Mrs","first":"Molly","last":"Morris"},"location":{"street":{"number":190,"name":"Armagh Street"},"city":"Dunedin","state":"Taranaki","country":"New Zealand","postcode":20647,"coordinates":{"latitude":"52.5501","longitude":"135.3847"},"timezone":{"offset":"+5:30","description":"Bombay, Calcutta, Madras, New Delhi"}},"email":"molly.morris@example.com","login":{"uuid":"b87b002b-12d9-483d-9852-c506d713f9e8","username":"blackrabbit423","password":"excess","salt":"i1JFo1KF","md5":"9d4f3d31fefe5127655ad4baeca84c5e","sha1":"576ed5b0d4726f422bb93cf91d583e0593d897e9","sha256":"c3dc7f12f92915bc1924eb97462c81fe349bd0c1b4895da312ad74860db9144b"},"dob":{"date":"1946-12-12T17:06:22.459Z","age":77},"registered":{"date":"2010-11-26T18:30:11.033Z","age":13},"phone":"(411)-958-5509","cell":"(743)-466-1776","id":{"name":"","value":null},"picture":{"large":"https://randomuser.me/api/portraits/women/78.jpg","medium":"https://randomuser.me/api/portraits/med/women/78.jpg","thumbnail":"https://randomuser.me/api/portraits/thumb/women/78.jpg"},"nat":"NZ"}],"info":{"seed":"d0d3c90f3eb116f3","results":1,"page":1,"version":"1.4"}} 
 </msg>
<msg time="2024-03-31T14:11:13.288776" level="INFO">/opt/hostedtoolcache/Python/3.12.2/x64/lib/python3.12/site-packages/urllib3/connectionpool.py:1103: InsecureRequestWarning: Unverified HTTPS request is being made to host 'randomuser.me'. Adding certificate verification is strongly advised. See: https://urllib3.readthedocs.io/en/latest/advanced-usage.html#tls-warnings
  warnings.warn(</msg>
<msg time="2024-03-31T14:11:13.288888" level="INFO">${response} = &lt;Response [200]&gt;</msg>
<var>${response}</var>
<arg>consultarAPI</arg>
<arg>/api</arg>
<doc>Sends a GET request on a previously created HTTP Session.</doc>
<status status="PASS" start="2024-03-31T14:11:13.198883" elapsed="0.090053"/>
</kw>
<kw name="Set Variable" owner="BuiltIn">
<msg time="2024-03-31T14:11:13.290297" level="INFO">${json_data} = {'results': [{'gender': 'female', 'name': {'title': 'Mrs', 'first': 'Molly', 'last': 'Morris'}, 'location': {'street': {'number': 190, 'name': 'Armagh Street'}, 'city': 'Dunedin', 'state': 'Taranaki',...</msg>
<var>${json_data}</var>
<arg>${response.json()}</arg>
<doc>Returns the given values which can then be assigned to a variables.</doc>
<status status="PASS" start="2024-03-31T14:11:13.289573" elapsed="0.000754"/>
</kw>
<kw name="Log" owner="BuiltIn">
<msg time="2024-03-31T14:11:13.290809" level="INFO">{'results': [{'gender': 'female', 'name': {'title': 'Mrs', 'first': 'Molly', 'last': 'Morris'}, 'location': {'street': {'number': 190, 'name': 'Armagh Street'}, 'city': 'Dunedin', 'state': 'Taranaki', 'country': 'New Zealand', 'postcode': 20647, 'coordinates': {'latitude': '52.5501', 'longitude': '135.3847'}, 'timezone': {'offset': '+5:30', 'description': 'Bombay, Calcutta, Madras, New Delhi'}}, 'email': 'molly.morris@example.com', 'login': {'uuid': 'b87b002b-12d9-483d-9852-c506d713f9e8', 'username': 'blackrabbit423', 'password': 'excess', 'salt': 'i1JFo1KF', 'md5': '9d4f3d31fefe5127655ad4baeca84c5e', 'sha1': '576ed5b0d4726f422bb93cf91d583e0593d897e9', 'sha256': 'c3dc7f12f92915bc1924eb97462c81fe349bd0c1b4895da312ad74860db9144b'}, 'dob': {'date': '1946-12-12T17:06:22.459Z', 'age': 77}, 'registered': {'date': '2010-11-26T18:30:11.033Z', 'age': 13}, 'phone': '(411)-958-5509', 'cell': '(743)-466-1776', 'id': {'name': '', 'value': None}, 'picture': {'large': 'https://randomuser.me/api/portraits/women/78.jpg', 'medium': 'https://randomuser.me/api/portraits/med/women/78.jpg', 'thumbnail': 'https://randomuser.me/api/portraits/thumb/women/78.jpg'}, 'nat': 'NZ'}], 'info': {'seed': 'd0d3c90f3eb116f3', 'results': 1, 'page': 1, 'version': '1.4'}}</msg>
<arg>${json_data}</arg>
<doc>Logs the given message with the given level.</doc>
<status status="PASS" start="2024-03-31T14:11:13.290648" elapsed="0.000211"/>
</kw>
<kw name="Dictionary Should Contain Key" owner="Collections">
<msg time="2024-03-31T14:11:13.291312" level="INFO">False</msg>
<arg>${json_data}</arg>
<arg>results</arg>
<doc>Fails if ``key`` is not found from ``dictionary``.</doc>
<status status="PASS" start="2024-03-31T14:11:13.291158" elapsed="0.000192"/>
</kw>
<kw name="Should Not Be Empty" owner="BuiltIn">
<msg time="2024-03-31T14:11:13.291780" level="INFO">Length is 2.</msg>
<arg>${json_data}</arg>
<doc>Verifies that the given item is not empty.</doc>
<status status="PASS" start="2024-03-31T14:11:13.291646" elapsed="0.000173"/>
</kw>
<kw name="Create List" owner="BuiltIn">
<msg time="2024-03-31T14:11:13.292269" level="INFO">${expected_keys} = ['gender', 'name', 'location', 'email', 'login']</msg>
<var>${expected_keys}</var>
<arg>gender</arg>
<arg>name</arg>
<arg>location</arg>
<arg>email</arg>
<arg>login</arg>
<doc>Returns a list containing given items.</doc>
<status status="PASS" start="2024-03-31T14:11:13.292112" elapsed="0.000181"/>
</kw>
<for flavor="IN">
<iter>
<kw name="Dictionary Should Contain Key" owner="Collections">
<msg time="2024-03-31T14:11:13.293268" level="INFO">False</msg>
<arg>${json_data['results'][0]}</arg>
<arg>${key}</arg>
<doc>Fails if ``key`` is not found from ``dictionary``.</doc>
<status status="PASS" start="2024-03-31T14:11:13.292854" elapsed="0.000453"/>
</kw>
<kw name="Log" owner="BuiltIn">
<msg time="2024-03-31T14:11:13.294013" level="INFO">{'gender': 'female', 'name': {'title': 'Mrs', 'first': 'Molly', 'last': 'Morris'}, 'location': {'street': {'number': 190, 'name': 'Armagh Street'}, 'city': 'Dunedin', 'state': 'Taranaki', 'country': 'New Zealand', 'postcode': 20647, 'coordinates': {'latitude': '52.5501', 'longitude': '135.3847'}, 'timezone': {'offset': '+5:30', 'description': 'Bombay, Calcutta, Madras, New Delhi'}}, 'email': 'molly.morris@example.com', 'login': {'uuid': 'b87b002b-12d9-483d-9852-c506d713f9e8', 'username': 'blackrabbit423', 'password': 'excess', 'salt': 'i1JFo1KF', 'md5': '9d4f3d31fefe5127655ad4baeca84c5e', 'sha1': '576ed5b0d4726f422bb93cf91d583e0593d897e9', 'sha256': 'c3dc7f12f92915bc1924eb97462c81fe349bd0c1b4895da312ad74860db9144b'}, 'dob': {'date': '1946-12-12T17:06:22.459Z', 'age': 77}, 'registered': {'date': '2010-11-26T18:30:11.033Z', 'age': 13}, 'phone': '(411)-958-5509', 'cell': '(743)-466-1776', 'id': {'name': '', 'value': None}, 'picture': {'large': 'https://randomuser.me/api/portraits/women/78.jpg', 'medium': 'https://randomuser.me/api/portraits/med/women/78.jpg', 'thumbnail': 'https://randomuser.me/api/portraits/thumb/women/78.jpg'}, 'nat': 'NZ'}</msg>
<arg>${json_data['results'][0]}</arg>
<doc>Logs the given message with the given level.</doc>
<status status="PASS" start="2024-03-31T14:11:13.293640" elapsed="0.000428"/>
</kw>
<kw name="Log" owner="BuiltIn">
<msg time="2024-03-31T14:11:13.294506" level="INFO">gender</msg>
<arg>${key}</arg>
<doc>Logs the given message with the given level.</doc>
<status status="PASS" start="2024-03-31T14:11:13.294375" elapsed="0.000169"/>
</kw>
<var name="${key}">gender</var>
<status status="PASS" start="2024-03-31T14:11:13.292732" elapsed="0.002038"/>
</iter>
<iter>
<kw name="Dictionary Should Contain Key" owner="Collections">
<msg time="2024-03-31T14:11:13.295469" level="INFO">False</msg>
<arg>${json_data['results'][0]}</arg>
<arg>${key}</arg>
<doc>Fails if ``key`` is not found from ``dictionary``.</doc>
<status status="PASS" start="2024-03-31T14:11:13.295082" elapsed="0.000426"/>
</kw>
<kw name="Log" owner="BuiltIn">
<msg time="2024-03-31T14:11:13.296203" level="INFO">{'gender': 'female', 'name': {'title': 'Mrs', 'first': 'Molly', 'last': 'Morris'}, 'location': {'street': {'number': 190, 'name': 'Armagh Street'}, 'city': 'Dunedin', 'state': 'Taranaki', 'country': 'New Zealand', 'postcode': 20647, 'coordinates': {'latitude': '52.5501', 'longitude': '135.3847'}, 'timezone': {'offset': '+5:30', 'description': 'Bombay, Calcutta, Madras, New Delhi'}}, 'email': 'molly.morris@example.com', 'login': {'uuid': 'b87b002b-12d9-483d-9852-c506d713f9e8', 'username': 'blackrabbit423', 'password': 'excess', 'salt': 'i1JFo1KF', 'md5': '9d4f3d31fefe5127655ad4baeca84c5e', 'sha1': '576ed5b0d4726f422bb93cf91d583e0593d897e9', 'sha256': 'c3dc7f12f92915bc1924eb97462c81fe349bd0c1b4895da312ad74860db9144b'}, 'dob': {'date': '1946-12-12T17:06:22.459Z', 'age': 77}, 'registered': {'date': '2010-11-26T18:30:11.033Z', 'age': 13}, 'phone': '(411)-958-5509', 'cell': '(743)-466-1776', 'id': {'name': '', 'value': None}, 'picture': {'large': 'https://randomuser.me/api/portraits/women/78.jpg', 'medium': 'https://randomuser.me/api/portraits/med/women/78.jpg', 'thumbnail': 'https://randomuser.me/api/portraits/thumb/women/78.jpg'}, 'nat': 'NZ'}</msg>
<arg>${json_data['results'][0]}</arg>
<doc>Logs the given message with the given level.</doc>
<status status="PASS" start="2024-03-31T14:11:13.295839" elapsed="0.000413"/>
</kw>
<kw name="Log" owner="BuiltIn">
<msg time="2024-03-31T14:11:13.296690" level="INFO">name</msg>
<arg>${key}</arg>
<doc>Logs the given message with the given level.</doc>
<status status="PASS" start="2024-03-31T14:11:13.296558" elapsed="0.000171"/>
</kw>
<var name="${key}">name</var>
<status status="PASS" start="2024-03-31T14:11:13.294963" elapsed="0.001990"/>
</iter>
<iter>
<kw name="Dictionary Should Contain Key" owner="Collections">
<msg time="2024-03-31T14:11:13.297685" level="INFO">False</msg>
<arg>${json_data['results'][0]}</arg>
<arg>${key}</arg>
<doc>Fails if ``key`` is not found from ``dictionary``.</doc>
<status status="PASS" start="2024-03-31T14:11:13.297252" elapsed="0.000472"/>
</kw>
<kw name="Log" owner="BuiltIn">
<msg time="2024-03-31T14:11:13.298403" level="INFO">{'gender': 'female', 'name': {'title': 'Mrs', 'first': 'Molly', 'last': 'Morris'}, 'location': {'street': {'number': 190, 'name': 'Armagh Street'}, 'city': 'Dunedin', 'state': 'Taranaki', 'country': 'New Zealand', 'postcode': 20647, 'coordinates': {'latitude': '52.5501', 'longitude': '135.3847'}, 'timezone': {'offset': '+5:30', 'description': 'Bombay, Calcutta, Madras, New Delhi'}}, 'email': 'molly.morris@example.com', 'login': {'uuid': 'b87b002b-12d9-483d-9852-c506d713f9e8', 'username': 'blackrabbit423', 'password': 'excess', 'salt': 'i1JFo1KF', 'md5': '9d4f3d31fefe5127655ad4baeca84c5e', 'sha1': '576ed5b0d4726f422bb93cf91d583e0593d897e9', 'sha256': 'c3dc7f12f92915bc1924eb97462c81fe349bd0c1b4895da312ad74860db9144b'}, 'dob': {'date': '1946-12-12T17:06:22.459Z', 'age': 77}, 'registered': {'date': '2010-11-26T18:30:11.033Z', 'age': 13}, 'phone': '(411)-958-5509', 'cell': '(743)-466-1776', 'id': {'name': '', 'value': None}, 'picture': {'large': 'https://randomuser.me/api/portraits/women/78.jpg', 'medium': 'https://randomuser.me/api/portraits/med/women/78.jpg', 'thumbnail': 'https://randomuser.me/api/portraits/thumb/women/78.jpg'}, 'nat': 'NZ'}</msg>
<arg>${json_data['results'][0]}</arg>
<doc>Logs the given message with the given level.</doc>
<status status="PASS" start="2024-03-31T14:11:13.298034" elapsed="0.000423"/>
</kw>
<kw name="Log" owner="BuiltIn">
<msg time="2024-03-31T14:11:13.298886" level="INFO">location</msg>
<arg>${key}</arg>
<doc>Logs the given message with the given level.</doc>
<status status="PASS" start="2024-03-31T14:11:13.298756" elapsed="0.000169"/>
</kw>
<var name="${key}">location</var>
<status status="PASS" start="2024-03-31T14:11:13.297138" elapsed="0.002007"/>
</iter>
<iter>
<kw name="Dictionary Should Contain Key" owner="Collections">
<msg time="2024-03-31T14:11:13.299810" level="INFO">False</msg>
<arg>${json_data['results'][0]}</arg>
<arg>${key}</arg>
<doc>Fails if ``key`` is not found from ``dictionary``.</doc>
<status status="PASS" start="2024-03-31T14:11:13.299432" elapsed="0.000416"/>
</kw>
<kw name="Log" owner="BuiltIn">
<msg time="2024-03-31T14:11:13.300523" level="INFO">{'gender': 'female', 'name': {'title': 'Mrs', 'first': 'Molly', 'last': 'Morris'}, 'location': {'street': {'number': 190, 'name': 'Armagh Street'}, 'city': 'Dunedin', 'state': 'Taranaki', 'country': 'New Zealand', 'postcode': 20647, 'coordinates': {'latitude': '52.5501', 'longitude': '135.3847'}, 'timezone': {'offset': '+5:30', 'description': 'Bombay, Calcutta, Madras, New Delhi'}}, 'email': 'molly.morris@example.com', 'login': {'uuid': 'b87b002b-12d9-483d-9852-c506d713f9e8', 'username': 'blackrabbit423', 'password': 'excess', 'salt': 'i1JFo1KF', 'md5': '9d4f3d31fefe5127655ad4baeca84c5e', 'sha1': '576ed5b0d4726f422bb93cf91d583e0593d897e9', 'sha256': 'c3dc7f12f92915bc1924eb97462c81fe349bd0c1b4895da312ad74860db9144b'}, 'dob': {'date': '1946-12-12T17:06:22.459Z', 'age': 77}, 'registered': {'date': '2010-11-26T18:30:11.033Z', 'age': 13}, 'phone': '(411)-958-5509', 'cell': '(743)-466-1776', 'id': {'name': '', 'value': None}, 'picture': {'large': 'https://randomuser.me/api/portraits/women/78.jpg', 'medium': 'https://randomuser.me/api/portraits/med/women/78.jpg', 'thumbnail': 'https://randomuser.me/api/portraits/thumb/women/78.jpg'}, 'nat': 'NZ'}</msg>
<arg>${json_data['results'][0]}</arg>
<doc>Logs the given message with the given level.</doc>
<status status="PASS" start="2024-03-31T14:11:13.300149" elapsed="0.000423"/>
</kw>
<kw name="Log" owner="BuiltIn">
<msg time="2024-03-31T14:11:13.300997" level="INFO">email</msg>
<arg>${key}</arg>
<doc>Logs the given message with the given level.</doc>
<status status="PASS" start="2024-03-31T14:11:13.300869" elapsed="0.000167"/>
</kw>
<var name="${key}">email</var>
<status status="PASS" start="2024-03-31T14:11:13.299320" elapsed="0.001931"/>
</iter>
<iter>
<kw name="Dictionary Should Contain Key" owner="Collections">
<msg time="2024-03-31T14:11:13.301946" level="INFO">False</msg>
<arg>${json_data['results'][0]}</arg>
<arg>${key}</arg>
<doc>Fails if ``key`` is not found from ``dictionary``.</doc>
<status status="PASS" start="2024-03-31T14:11:13.301556" elapsed="0.000427"/>
</kw>
<kw name="Log" owner="BuiltIn">
<msg time="2024-03-31T14:11:13.302635" level="INFO">{'gender': 'female', 'name': {'title': 'Mrs', 'first': 'Molly', 'last': 'Morris'}, 'location': {'street': {'number': 190, 'name': 'Armagh Street'}, 'city': 'Dunedin', 'state': 'Taranaki', 'country': 'New Zealand', 'postcode': 20647, 'coordinates': {'latitude': '52.5501', 'longitude': '135.3847'}, 'timezone': {'offset': '+5:30', 'description': 'Bombay, Calcutta, Madras, New Delhi'}}, 'email': 'molly.morris@example.com', 'login': {'uuid': 'b87b002b-12d9-483d-9852-c506d713f9e8', 'username': 'blackrabbit423', 'password': 'excess', 'salt': 'i1JFo1KF', 'md5': '9d4f3d31fefe5127655ad4baeca84c5e', 'sha1': '576ed5b0d4726f422bb93cf91d583e0593d897e9', 'sha256': 'c3dc7f12f92915bc1924eb97462c81fe349bd0c1b4895da312ad74860db9144b'}, 'dob': {'date': '1946-12-12T17:06:22.459Z', 'age': 77}, 'registered': {'date': '2010-11-26T18:30:11.033Z', 'age': 13}, 'phone': '(411)-958-5509', 'cell': '(743)-466-1776', 'id': {'name': '', 'value': None}, 'picture': {'large': 'https://randomuser.me/api/portraits/women/78.jpg', 'medium': 'https://randomuser.me/api/portraits/med/women/78.jpg', 'thumbnail': 'https://randomuser.me/api/portraits/thumb/women/78.jpg'}, 'nat': 'NZ'}</msg>
<arg>${json_data['results'][0]}</arg>
<doc>Logs the given message with the given level.</doc>
<status status="PASS" start="2024-03-31T14:11:13.302280" elapsed="0.000403"/>
</kw>
<kw name="Log" owner="BuiltIn">
<msg time="2024-03-31T14:11:13.303104" level="INFO">login</msg>
<arg>${key}</arg>
<doc>Logs the given message with the given level.</doc>
<status status="PASS" start="2024-03-31T14:11:13.302977" elapsed="0.000280"/>
</kw>
<var name="${key}">login</var>
<status status="PASS" start="2024-03-31T14:11:13.301425" elapsed="0.002095"/>
</iter>
<var>${key}</var>
<value>@{expected_keys}</value>
<status status="PASS" start="2024-03-31T14:11:13.292554" elapsed="0.011097"/>
</for>
<kw name="Create List" owner="BuiltIn">
<msg time="2024-03-31T14:11:13.303989" level="INFO">${expected_keysTwo} = ['username', 'password']</msg>
<var>${expected_keysTwo}</var>
<arg>username</arg>
<arg>password</arg>
<doc>Returns a list containing given items.</doc>
<status status="PASS" start="2024-03-31T14:11:13.303849" elapsed="0.000164"/>
</kw>
<for flavor="IN">
<iter>
<kw name="Dictionary Should Contain Key" owner="Collections">
<msg time="2024-03-31T14:11:13.304924" level="INFO">False</msg>
<arg>${json_data['results'][0]['login']}</arg>
<arg>${keyTwo}</arg>
<doc>Fails if ``key`` is not found from ``dictionary``.</doc>
<status status="PASS" start="2024-03-31T14:11:13.304536" elapsed="0.000427"/>
</kw>
<kw name="Dictionary Should Contain Key" owner="Collections">
<msg time="2024-03-31T14:11:13.305687" level="INFO">False</msg>
<arg>${json_data['results'][0]['login']}</arg>
<arg>${keyTwo}</arg>
<doc>Fails if ``key`` is not found from ``dictionary``.</doc>
<status status="PASS" start="2024-03-31T14:11:13.305262" elapsed="0.000463"/>
</kw>
<kw name="Log" owner="BuiltIn">
<msg time="2024-03-31T14:11:13.306158" level="INFO">username</msg>
<arg>${keyTwo}</arg>
<doc>Logs the given message with the given level.</doc>
<status status="PASS" start="2024-03-31T14:11:13.306026" elapsed="0.000171"/>
</kw>
<var name="${keyTwo}">username</var>
<status status="PASS" start="2024-03-31T14:11:13.304423" elapsed="0.001994"/>
</iter>
<iter>
<kw name="Dictionary Should Contain Key" owner="Collections">
<msg time="2024-03-31T14:11:13.307087" level="INFO">False</msg>
<arg>${json_data['results'][0]['login']}</arg>
<arg>${keyTwo}</arg>
<doc>Fails if ``key`` is not found from ``dictionary``.</doc>
<status status="PASS" start="2024-03-31T14:11:13.306703" elapsed="0.000423"/>
</kw>
<kw name="Dictionary Should Contain Key" owner="Collections">
<msg time="2024-03-31T14:11:13.307800" level="INFO">False</msg>
<arg>${json_data['results'][0]['login']}</arg>
<arg>${keyTwo}</arg>
<doc>Fails if ``key`` is not found from ``dictionary``.</doc>
<status status="PASS" start="2024-03-31T14:11:13.307420" elapsed="0.000417"/>
</kw>
<kw name="Log" owner="BuiltIn">
<msg time="2024-03-31T14:11:13.308257" level="INFO">password</msg>
<arg>${keyTwo}</arg>
<doc>Logs the given message with the given level.</doc>
<status status="PASS" start="2024-03-31T14:11:13.308129" elapsed="0.000166"/>
</kw>
<var name="${keyTwo}">password</var>
<status status="PASS" start="2024-03-31T14:11:13.306592" elapsed="0.001923"/>
</iter>
<var>${keyTwo}</var>
<value>@{expected_keysTwo}</value>
<status status="PASS" start="2024-03-31T14:11:13.304260" elapsed="0.004379"/>
</for>
<status status="PASS" start="2024-03-31T14:11:13.198654" elapsed="0.110128"/>
</kw>
<doc>Testa a estrutura da resposta da API.</doc>
<tag>testeEstruturaResposta</tag>
<status status="PASS" start="2024-03-31T14:11:13.197970" elapsed="0.110966"/>
</test>
<test id="s1-s1-t4" name="Validar tipos de dados" line="28">
<kw name="Teste de Tipos de Dados" owner="random-user-service">
<kw name="GET On Session" owner="RequestsLibrary">
<msg time="2024-03-31T14:11:13.407476" level="INFO">GET Request : url=https://randomuser.me/api 
 path_url=/api 
 headers={'User-Agent': 'python-requests/2.31.0', 'Accept-Encoding': 'gzip, deflate', 'Accept': '*/*', 'Connection': 'keep-alive'} 
 body=None 
 </msg>
<msg time="2024-03-31T14:11:13.407573" level="INFO">GET Response : url=https://randomuser.me/api 
 status=200, reason=OK 
 headers={'Date': 'Sun, 31 Mar 2024 14:11:13 GMT', 'Content-Type': 'application/json; charset=utf-8', 'Transfer-Encoding': 'chunked', 'Connection': 'keep-alive', 'X-Powered-By': 'Express', 'Access-Control-Allow-Origin': '*', 'Cache-Control': 'no-cache', 'ETag': 'W/"48e-sxL/lZ+WzA6GmWdXs9b8oEmGF7c"', 'Vary': 'Accept-Encoding', 'Content-Encoding': 'gzip', 'CF-Cache-Status': 'DYNAMIC', 'Report-To': '{"endpoints":[{"url":"https:\\/\\/a.nel.cloudflare.com\\/report\\/v4?s=eAYwO%2B0f8jNRTICq62n0AseTyEq6rnm5Mdj%2B%2BczZ38SnsxPhjGfUPYA81Ynd6Bq2tNQ6Mud0B7hGFsSmoGFhUmWwWbAcVeadQlTeLTGyBCU1swAwgEN37wW1kAuxLM5L"}],"group":"cf-nel","max_age":604800}', 'NEL': '{"success_fraction":0,"report_to":"cf-nel","max_age":604800}', 'Server': 'cloudflare', 'CF-RAY': '86d0ed6828bd2a36-ORD', 'alt-svc': 'h3=":443"; ma=86400'} 
 body={"results":[{"gender":"male","name":{"title":"Mr","first":"Jin","last":"Koenis"},"location":{"street":{"number":6131,"name":"Drakeboch"},"city":"Grouw","state":"Zuid-Holland","country":"Netherlands","postcode":"0077 UO","coordinates":{"latitude":"36.4369","longitude":"-165.6875"},"timezone":{"offset":"+10:00","description":"Eastern Australia, Guam, Vladivostok"}},"email":"jin.koenis@example.com","login":{"uuid":"76f974fa-3f9c-47a6-b693-a58fe3a204aa","username":"organicduck692","password":"harold","salt":"m8JWEPyo","md5":"8d6129f4ecf688d03a9fa46a96972142","sha1":"e22915643643fe24eaa871e25e888a11b5e5a02e","sha256":"0eea3e0256d311a103751de802816dda3bb5046183da202b65ab9c45f4223557"},"dob":{"date":"1965-05-16T05:09:54.334Z","age":58},"registered":{"date":"2012-08-05T11:23:29.414Z","age":11},"phone":"(0838) 008369","cell":"(06) 22449563","id":{"name":"BSN","value":"68889951"},"picture":{"large":"https://randomuser.me/api/portraits/men/96.jpg","medium":"https://randomuser.me/api/portraits/med/men/96.jpg","thumbnail":"https://randomuser.me/api/portraits/thumb/men/96.jpg"},"nat":"NL"}],"info":{"seed":"2e70af287ebb5492","results":1,"page":1,"version":"1.4"}} 
 </msg>
<msg time="2024-03-31T14:11:13.407663" level="INFO">/opt/hostedtoolcache/Python/3.12.2/x64/lib/python3.12/site-packages/urllib3/connectionpool.py:1103: InsecureRequestWarning: Unverified HTTPS request is being made to host 'randomuser.me'. Adding certificate verification is strongly advised. See: https://urllib3.readthedocs.io/en/latest/advanced-usage.html#tls-warnings
  warnings.warn(</msg>
<msg time="2024-03-31T14:11:13.407798" level="INFO">${response} = &lt;Response [200]&gt;</msg>
<var>${response}</var>
<arg>consultarAPI</arg>
<arg>/api</arg>
<doc>Sends a GET request on a previously created HTTP Session.</doc>
<status status="PASS" start="2024-03-31T14:11:13.311355" elapsed="0.096507"/>
</kw>
<kw name="Set Variable" owner="BuiltIn">
<msg time="2024-03-31T14:11:13.409344" level="INFO">${json_data} = {'results': [{'gender': 'male', 'name': {'title': 'Mr', 'first': 'Jin', 'last': 'Koenis'}, 'location': {'street': {'number': 6131, 'name': 'Drakeboch'}, 'city': 'Grouw', 'state': 'Zuid-Holland', 'coun...</msg>
<var>${json_data}</var>
<arg>${response.json()}</arg>
<doc>Returns the given values which can then be assigned to a variables.</doc>
<status status="PASS" start="2024-03-31T14:11:13.408528" elapsed="0.000846"/>
</kw>
<kw name="Log" owner="BuiltIn">
<msg time="2024-03-31T14:11:13.409894" level="INFO">{'results': [{'gender': 'male', 'name': {'title': 'Mr', 'first': 'Jin', 'last': 'Koenis'}, 'location': {'street': {'number': 6131, 'name': 'Drakeboch'}, 'city': 'Grouw', 'state': 'Zuid-Holland', 'country': 'Netherlands', 'postcode': '0077 UO', 'coordinates': {'latitude': '36.4369', 'longitude': '-165.6875'}, 'timezone': {'offset': '+10:00', 'description': 'Eastern Australia, Guam, Vladivostok'}}, 'email': 'jin.koenis@example.com', 'login': {'uuid': '76f974fa-3f9c-47a6-b693-a58fe3a204aa', 'username': 'organicduck692', 'password': 'harold', 'salt': 'm8JWEPyo', 'md5': '8d6129f4ecf688d03a9fa46a96972142', 'sha1': 'e22915643643fe24eaa871e25e888a11b5e5a02e', 'sha256': '0eea3e0256d311a103751de802816dda3bb5046183da202b65ab9c45f4223557'}, 'dob': {'date': '1965-05-16T05:09:54.334Z', 'age': 58}, 'registered': {'date': '2012-08-05T11:23:29.414Z', 'age': 11}, 'phone': '(0838) 008369', 'cell': '(06) 22449563', 'id': {'name': 'BSN', 'value': '68889951'}, 'picture': {'large': 'https://randomuser.me/api/portraits/men/96.jpg', 'medium': 'https://randomuser.me/api/portraits/med/men/96.jpg', 'thumbnail': 'https://randomuser.me/api/portraits/thumb/men/96.jpg'}, 'nat': 'NL'}], 'info': {'seed': '2e70af287ebb5492', 'results': 1, 'page': 1, 'version': '1.4'}}</msg>
<arg>${json_data}</arg>
<doc>Logs the given message with the given level.</doc>
<status status="PASS" start="2024-03-31T14:11:13.409738" elapsed="0.000237"/>
</kw>
<kw name="Should Be String" owner="String">
<arg>${json_data['results'][0]['gender']}</arg>
<doc>Fails if the given ``item`` is not a string.</doc>
<status status="PASS" start="2024-03-31T14:11:13.410279" elapsed="0.000361"/>
</kw>
<kw name="Should Match Regexp" owner="BuiltIn">
<arg>${json_data['results'][0]['email']}</arg>
<arg>^[a-zA-Z0-9._%+-]+@[a-zA-Z0-9.-]+\.[a-zA-Z]{2,}$</arg>
<doc>Fails if ``string`` does not match ``pattern`` as a regular expression.</doc>
<status status="PASS" start="2024-03-31T14:11:13.410841" elapsed="0.000513"/>
</kw>
<kw name="Should Match Regexp" owner="BuiltIn">
<arg>${json_data['results'][0]['dob']['date']}</arg>
<arg>\\d{4}-\\d{2}-\\d{2}T\\d{2}:\\d{2}:\\d{2}\\.\\d{3}Z</arg>
<doc>Fails if ``string`` does not match ``pattern`` as a regular expression.</doc>
<status status="PASS" start="2024-03-31T14:11:13.411556" elapsed="0.000486"/>
</kw>
<kw name="Should Match Regexp" owner="BuiltIn">
<arg>${json_data['results'][0]['registered']['date']}</arg>
<arg>\\d{4}-\\d{2}-\\d{2}T\\d{2}:\\d{2}:\\d{2}\\.\\d{3}Z</arg>
<doc>Fails if ``string`` does not match ``pattern`` as a regular expression.</doc>
<status status="PASS" start="2024-03-31T14:11:13.412239" elapsed="0.000388"/>
</kw>
<kw name="Should Match Regexp" owner="BuiltIn">
<arg>${json_data['results'][0]['picture']['large']}</arg>
<arg>^https?://.*\.(?:png|jpe?g|gif|bmp)$</arg>
<doc>Fails if ``string`` does not match ``pattern`` as a regular expression.</doc>
<status status="PASS" start="2024-03-31T14:11:13.412818" elapsed="0.000459"/>
</kw>
<kw name="Should Match Regexp" owner="BuiltIn">
<arg>${json_data['results'][0]['picture']['medium']}</arg>
<arg>^https?://.*\.(?:png|jpe?g|gif|bmp)$</arg>
<doc>Fails if ``string`` does not match ``pattern`` as a regular expression.</doc>
<status status="PASS" start="2024-03-31T14:11:13.413497" elapsed="0.000368"/>
</kw>
<kw name="Should Match Regexp" owner="BuiltIn">
<arg>${json_data['results'][0]['picture']['thumbnail']}</arg>
<arg>^https?://.*\.(?:png|jpe?g|gif|bmp)$</arg>
<doc>Fails if ``string`` does not match ``pattern`` as a regular expression.</doc>
<status status="PASS" start="2024-03-31T14:11:13.414055" elapsed="0.000358"/>
</kw>
<kw name="Log" owner="BuiltIn">
<msg time="2024-03-31T14:11:13.414928" level="INFO">{'large': 'https://randomuser.me/api/portraits/men/96.jpg', 'medium': 'https://randomuser.me/api/portraits/med/men/96.jpg', 'thumbnail': 'https://randomuser.me/api/portraits/thumb/men/96.jpg'}</msg>
<arg>${json_data['results'][0]['picture']}</arg>
<doc>Logs the given message with the given level.</doc>
<status status="PASS" start="2024-03-31T14:11:13.414595" elapsed="0.000381"/>
</kw>
<status status="PASS" start="2024-03-31T14:11:13.311133" elapsed="0.104099"/>
</kw>
<kw name="Teste de Tipos de Dados - Postcode" owner="random-user-service">
<kw name="GET On Session" owner="RequestsLibrary">
<msg time="2024-03-31T14:11:13.494362" level="INFO">GET Request : url=https://randomuser.me/api 
 path_url=/api 
 headers={'User-Agent': 'python-requests/2.31.0', 'Accept-Encoding': 'gzip, deflate', 'Accept': '*/*', 'Connection': 'keep-alive'} 
 body=None 
 </msg>
<msg time="2024-03-31T14:11:13.494434" level="INFO">GET Response : url=https://randomuser.me/api 
 status=200, reason=OK 
 headers={'Date': 'Sun, 31 Mar 2024 14:11:13 GMT', 'Content-Type': 'application/json; charset=utf-8', 'Transfer-Encoding': 'chunked', 'Connection': 'keep-alive', 'X-Powered-By': 'Express', 'Access-Control-Allow-Origin': '*', 'Cache-Control': 'no-cache', 'ETag': 'W/"484-enIcatfJAJQoHkmUhphONGDZhJI"', 'Vary': 'Accept-Encoding', 'Content-Encoding': 'gzip', 'CF-Cache-Status': 'DYNAMIC', 'Report-To': '{"endpoints":[{"url":"https:\\/\\/a.nel.cloudflare.com\\/report\\/v4?s=%2FyCk%2F80fjwTu1Woq6aEFCXbP1MLmY1QugL5Jr%2FbJM65DwhbRh8blQdPyfUkKQPSeqiQPGUGgv0hzk7LXXPj2YHImistQw66z8R0k9npGd1iwdhumNpyeQsv2qFdT1iKo"}],"group":"cf-nel","max_age":604800}', 'NEL': '{"success_fraction":0,"report_to":"cf-nel","max_age":604800}', 'Server': 'cloudflare', 'CF-RAY': '86d0ed68d9472a36-ORD', 'alt-svc': 'h3=":443"; ma=86400'} 
 body={"results":[{"gender":"male","name":{"title":"Mr","first":"Elian","last":"Eng"},"location":{"street":{"number":3166,"name":"Olav Aukrusts vei"},"city":"Vikøy","state":"Akershus","country":"Norway","postcode":"4515","coordinates":{"latitude":"46.0775","longitude":"-106.4783"},"timezone":{"offset":"+9:00","description":"Tokyo, Seoul, Osaka, Sapporo, Yakutsk"}},"email":"elian.eng@example.com","login":{"uuid":"32e5af0f-d60e-4052-a498-0b58f4f5ca3a","username":"organicleopard141","password":"damien","salt":"Zxc4cthy","md5":"53a4c2bf4450515b4e2cda76058efef3","sha1":"43eba65b1bc7cd7018d7b8f0eaa69be5f0d85cd7","sha256":"02fe898fe79c5d355d6e49136f776fdb7c3bfde76631af3cfd835571f8811b83"},"dob":{"date":"1987-02-14T17:58:29.523Z","age":37},"registered":{"date":"2009-07-27T11:07:54.006Z","age":14},"phone":"83938626","cell":"99602438","id":{"name":"FN","value":"14028704748"},"picture":{"large":"https://randomuser.me/api/portraits/men/55.jpg","medium":"https://randomuser.me/api/portraits/med/men/55.jpg","thumbnail":"https://randomuser.me/api/portraits/thumb/men/55.jpg"},"nat":"NO"}],"info":{"seed":"a589bac369b59ae3","results":1,"page":1,"version":"1.4"}} 
 </msg>
<msg time="2024-03-31T14:11:13.494518" level="INFO">/opt/hostedtoolcache/Python/3.12.2/x64/lib/python3.12/site-packages/urllib3/connectionpool.py:1103: InsecureRequestWarning: Unverified HTTPS request is being made to host 'randomuser.me'. Adding certificate verification is strongly advised. See: https://urllib3.readthedocs.io/en/latest/advanced-usage.html#tls-warnings
  warnings.warn(</msg>
<msg time="2024-03-31T14:11:13.494618" level="INFO">${response} = &lt;Response [200]&gt;</msg>
<var>${response}</var>
<arg>consultarAPI</arg>
<arg>/api</arg>
<doc>Sends a GET request on a previously created HTTP Session.</doc>
<status status="PASS" start="2024-03-31T14:11:13.415789" elapsed="0.078875"/>
</kw>
<kw name="Set Variable" owner="BuiltIn">
<msg time="2024-03-31T14:11:13.495929" level="INFO">${json_data} = {'results': [{'gender': 'male', 'name': {'title': 'Mr', 'first': 'Elian', 'last': 'Eng'}, 'location': {'street': {'number': 3166, 'name': 'Olav Aukrusts vei'}, 'city': 'Vikøy', 'state': 'Akershus', 'c...</msg>
<var>${json_data}</var>
<arg>${response.json()}</arg>
<doc>Returns the given values which can then be assigned to a variables.</doc>
<status status="PASS" start="2024-03-31T14:11:13.495279" elapsed="0.000681"/>
</kw>
<kw name="Log" owner="BuiltIn">
<msg time="2024-03-31T14:11:13.496432" level="INFO">{'results': [{'gender': 'male', 'name': {'title': 'Mr', 'first': 'Elian', 'last': 'Eng'}, 'location': {'street': {'number': 3166, 'name': 'Olav Aukrusts vei'}, 'city': 'Vikøy', 'state': 'Akershus', 'country': 'Norway', 'postcode': '4515', 'coordinates': {'latitude': '46.0775', 'longitude': '-106.4783'}, 'timezone': {'offset': '+9:00', 'description': 'Tokyo, Seoul, Osaka, Sapporo, Yakutsk'}}, 'email': 'elian.eng@example.com', 'login': {'uuid': '32e5af0f-d60e-4052-a498-0b58f4f5ca3a', 'username': 'organicleopard141', 'password': 'damien', 'salt': 'Zxc4cthy', 'md5': '53a4c2bf4450515b4e2cda76058efef3', 'sha1': '43eba65b1bc7cd7018d7b8f0eaa69be5f0d85cd7', 'sha256': '02fe898fe79c5d355d6e49136f776fdb7c3bfde76631af3cfd835571f8811b83'}, 'dob': {'date': '1987-02-14T17:58:29.523Z', 'age': 37}, 'registered': {'date': '2009-07-27T11:07:54.006Z', 'age': 14}, 'phone': '83938626', 'cell': '99602438', 'id': {'name': 'FN', 'value': '14028704748'}, 'picture': {'large': 'https://randomuser.me/api/portraits/men/55.jpg', 'medium': 'https://randomuser.me/api/portraits/med/men/55.jpg', 'thumbnail': 'https://randomuser.me/api/portraits/thumb/men/55.jpg'}, 'nat': 'NO'}], 'info': {'seed': 'a589bac369b59ae3', 'results': 1, 'page': 1, 'version': '1.4'}}</msg>
<arg>${json_data}</arg>
<doc>Logs the given message with the given level.</doc>
<status status="PASS" start="2024-03-31T14:11:13.496274" elapsed="0.000237"/>
</kw>
<kw name="Should Be Equal As Numbers" owner="BuiltIn">
<arg>${json_data['results'][0]['location']['postcode']}</arg>
<arg>${json_data['results'][0]['location']['postcode']}</arg>
<doc>Fails if objects are unequal after converting them to real numbers.</doc>
<status status="PASS" start="2024-03-31T14:11:13.496819" elapsed="0.000679"/>
</kw>
<kw name="Log" owner="BuiltIn">
<msg time="2024-03-31T14:11:13.498047" level="INFO">4515</msg>
<arg>${json_data['results'][0]['location']['postcode']}</arg>
<doc>Logs the given message with the given level.</doc>
<status status="PASS" start="2024-03-31T14:11:13.497705" elapsed="0.000383"/>
</kw>
<status status="PASS" start="2024-03-31T14:11:13.415446" elapsed="0.082898"/>
</kw>
<doc>Testa se os tipos de dados na resposta da API estão corretos.</doc>
<tag>testeTiposDados</tag>
<status status="PASS" start="2024-03-31T14:11:13.310705" elapsed="0.187800"/>
</test>
<test id="s1-s1-t5" name="Validar conteudo" line="35">
<kw name="Teste de Tipos de Conteudo" owner="random-user-service">
<kw name="GET On Session" owner="RequestsLibrary">
<msg time="2024-03-31T14:11:14.217764" level="INFO">GET Request : url=https://randomuser.me/api 
 path_url=/api 
 headers={'User-Agent': 'python-requests/2.31.0', 'Accept-Encoding': 'gzip, deflate', 'Accept': '*/*', 'Connection': 'keep-alive'} 
 body=None 
 </msg>
<msg time="2024-03-31T14:11:14.217841" level="INFO">GET Response : url=https://randomuser.me/api 
 status=200, reason=OK 
 headers={'Date': 'Sun, 31 Mar 2024 14:11:14 GMT', 'Content-Type': 'application/json; charset=utf-8', 'Transfer-Encoding': 'chunked', 'Connection': 'keep-alive', 'X-Powered-By': 'Express', 'Access-Control-Allow-Origin': '*', 'Cache-Control': 'no-cache', 'ETag': 'W/"488-whdJAyVVm0A3kc/imMSMYyn+QaY"', 'Vary': 'Accept-Encoding', 'Content-Encoding': 'gzip', 'CF-Cache-Status': 'DYNAMIC', 'Report-To': '{"endpoints":[{"url":"https:\\/\\/a.nel.cloudflare.com\\/report\\/v4?s=cuIv62%2BDjShUYC31s6b74AOrI%2FNIQ1DfVpB6J6yZC9GPRioxqz3i%2BQ6J9ImXOSsZ%2FS8fezL%2F52%2BnU0aPPTTNkLGsiaW5v7SRaZwVY6u9Gsen2U6IQ%2FAgfVG5rgj7xEcN"}],"group":"cf-nel","max_age":604800}', 'NEL': '{"success_fraction":0,"report_to":"cf-nel","max_age":604800}', 'Server': 'cloudflare', 'CF-RAY': '86d0ed6959bf2a36-ORD', 'alt-svc': 'h3=":443"; ma=86400'} 
 body={"results":[{"gender":"female","name":{"title":"Miss","first":"Olivia","last":"Li"},"location":{"street":{"number":1949,"name":"Lyttelton Avenue"},"city":"Upper Hutt","state":"Gisborne","country":"New Zealand","postcode":70913,"coordinates":{"latitude":"54.2606","longitude":"54.1657"},"timezone":{"offset":"+5:30","description":"Bombay, Calcutta, Madras, New Delhi"}},"email":"olivia.li@example.com","login":{"uuid":"c74b37d3-afec-4d1d-9acc-e7440101f7bf","username":"smallswan498","password":"room","salt":"03VYf1eO","md5":"989afb11a47e1f04fd2a7f717aac19ec","sha1":"e9d920025c529296b45779e4adca6964a3b866fb","sha256":"415815e459d7c0469559cb9996dec2dc027647be30255a5ac0a6843b81ba3eff"},"dob":{"date":"1960-08-22T03:19:09.692Z","age":63},"registered":{"date":"2007-12-06T10:21:17.469Z","age":16},"phone":"(101)-947-9343","cell":"(599)-365-3549","id":{"name":"","value":null},"picture":{"large":"https://randomuser.me/api/portraits/women/1.jpg","medium":"https://randomuser.me/api/portraits/med/women/1.jpg","thumbnail":"https://randomuser.me/api/portraits/thumb/women/1.jpg"},"nat":"NZ"}],"info":{"seed":"7fbb7276dc74f752","results":1,"page":1,"version":"1.4"}} 
 </msg>
<msg time="2024-03-31T14:11:14.217910" level="INFO">/opt/hostedtoolcache/Python/3.12.2/x64/lib/python3.12/site-packages/urllib3/connectionpool.py:1103: InsecureRequestWarning: Unverified HTTPS request is being made to host 'randomuser.me'. Adding certificate verification is strongly advised. See: https://urllib3.readthedocs.io/en/latest/advanced-usage.html#tls-warnings
  warnings.warn(</msg>
<msg time="2024-03-31T14:11:14.218014" level="INFO">${response} = &lt;Response [200]&gt;</msg>
<var>${response}</var>
<arg>consultarAPI</arg>
<arg>/api</arg>
<doc>Sends a GET request on a previously created HTTP Session.</doc>
<status status="PASS" start="2024-03-31T14:11:13.500865" elapsed="0.717194"/>
</kw>
<kw name="Set Variable" owner="BuiltIn">
<msg time="2024-03-31T14:11:14.219378" level="INFO">${json_data} = {'results': [{'gender': 'female', 'name': {'title': 'Miss', 'first': 'Olivia', 'last': 'Li'}, 'location': {'street': {'number': 1949, 'name': 'Lyttelton Avenue'}, 'city': 'Upper Hutt', 'state': 'Gisbo...</msg>
<var>${json_data}</var>
<arg>${response.json()}</arg>
<doc>Returns the given values which can then be assigned to a variables.</doc>
<status status="PASS" start="2024-03-31T14:11:14.218683" elapsed="0.000725"/>
</kw>
<kw name="Set Variable" owner="BuiltIn">
<msg time="2024-03-31T14:11:14.220110" level="INFO">${name_title} = Miss</msg>
<var>${name_title}</var>
<arg>${json_data["results"][0]["name"]["title"]}</arg>
<doc>Returns the given values which can then be assigned to a variables.</doc>
<status status="PASS" start="2024-03-31T14:11:14.219718" elapsed="0.000417"/>
</kw>
<kw name="Create List" owner="BuiltIn">
<msg time="2024-03-31T14:11:14.220590" level="INFO">${allowed_titles} = ['Mr', 'Ms', 'Miss', 'Mrs', 'Madame', 'Monsieur']</msg>
<var>${allowed_titles}</var>
<arg>Mr</arg>
<arg>Ms</arg>
<arg>Miss</arg>
<arg>Mrs</arg>
<arg>Madame</arg>
<arg>Monsieur</arg>
<doc>Returns a list containing given items.</doc>
<status status="PASS" start="2024-03-31T14:11:14.220439" elapsed="0.000176"/>
</kw>
<kw name="List Should Contain Value" owner="Collections">
<msg time="2024-03-31T14:11:14.221100" level="INFO">False</msg>
<arg>${allowed_titles}</arg>
<arg>${name_title}</arg>
<doc>Fails if the ``value`` is not found from ``list``.</doc>
<status status="PASS" start="2024-03-31T14:11:14.220920" elapsed="0.000217"/>
</kw>
<kw name="Set Variable" owner="BuiltIn">
<msg time="2024-03-31T14:11:14.221844" level="INFO">${name_country} = NZ</msg>
<var>${name_country}</var>
<arg>${json_data["results"][0]["nat"]}</arg>
<doc>Returns the given values which can then be assigned to a variables.</doc>
<status status="PASS" start="2024-03-31T14:11:14.221429" elapsed="0.000441"/>
</kw>
<kw name="Create List" owner="BuiltIn">
<msg time="2024-03-31T14:11:14.222781" level="INFO">${list_country} = ['AD', 'AE', 'AF', 'AG', 'AI', 'AL', 'AM', 'AO', 'AQ', 'AR', 'AS', 'AT', 'AU', 'AW', 'AX', 'AZ', 'BA', 'BB', 'BD', 'BE', 'BF', 'BG', 'BH', 'BI', 'BJ', 'BL', 'BM', 'BN', 'BO', 'BQ', 'BR', 'BS', 'BT', '...</msg>
<var>${list_country}</var>
<arg>AD</arg>
<arg>AE</arg>
<arg>AF</arg>
<arg>AG</arg>
<arg>AI</arg>
<arg>AL</arg>
<arg>AM</arg>
<arg>AO</arg>
<arg>AQ</arg>
<arg>AR</arg>
<arg>AS</arg>
<arg>AT</arg>
<arg>AU</arg>
<arg>AW</arg>
<arg>AX</arg>
<arg>AZ</arg>
<arg>BA</arg>
<arg>BB</arg>
<arg>BD</arg>
<arg>BE</arg>
<arg>BF</arg>
<arg>BG</arg>
<arg>BH</arg>
<arg>BI</arg>
<arg>BJ</arg>
<arg>BL</arg>
<arg>BM</arg>
<arg>BN</arg>
<arg>BO</arg>
<arg>BQ</arg>
<arg>BR</arg>
<arg>BS</arg>
<arg>BT</arg>
<arg>BV</arg>
<arg>BW</arg>
<arg>BY</arg>
<arg>BZ</arg>
<arg>CA</arg>
<arg>CC</arg>
<arg>CD</arg>
<arg>CF</arg>
<arg>CG</arg>
<arg>CH</arg>
<arg>CI</arg>
<arg>CK</arg>
<arg>CL</arg>
<arg>CM</arg>
<arg>CN</arg>
<arg>CO</arg>
<arg>CR</arg>
<arg>CU</arg>
<arg>CV</arg>
<arg>CW</arg>
<arg>CX</arg>
<arg>CY</arg>
<arg>CZ</arg>
<arg>DE</arg>
<arg>DJ</arg>
<arg>DK</arg>
<arg>DM</arg>
<arg>DO</arg>
<arg>DZ</arg>
<arg>EC</arg>
<arg>EE</arg>
<arg>EG</arg>
<arg>EH</arg>
<arg>ER</arg>
<arg>ES</arg>
<arg>ET</arg>
<arg>FI</arg>
<arg>FJ</arg>
<arg>FK</arg>
<arg>FM</arg>
<arg>FO</arg>
<arg>FR</arg>
<arg>GA</arg>
<arg>GB</arg>
<arg>GD</arg>
<arg>GE</arg>
<arg>GF</arg>
<arg>GG</arg>
<arg>GH</arg>
<arg>GI</arg>
<arg>GL</arg>
<arg>GM</arg>
<arg>GN</arg>
<arg>GP</arg>
<arg>GQ</arg>
<arg>GR</arg>
<arg>GS</arg>
<arg>GT</arg>
<arg>GU</arg>
<arg>GW</arg>
<arg>GY</arg>
<arg>HK</arg>
<arg>HM</arg>
<arg>HN</arg>
<arg>HR</arg>
<arg>HT</arg>
<arg>HU</arg>
<arg>ID</arg>
<arg>IE</arg>
<arg>IL</arg>
<arg>IM</arg>
<arg>IN</arg>
<arg>IO</arg>
<arg>IQ</arg>
<arg>IR</arg>
<arg>IS</arg>
<arg>IT</arg>
<arg>JE</arg>
<arg>JM</arg>
<arg>JO</arg>
<arg>JP</arg>
<arg>KE</arg>
<arg>KG</arg>
<arg>KH</arg>
<arg>KI</arg>
<arg>KM</arg>
<arg>KN</arg>
<arg>KP</arg>
<arg>KR</arg>
<arg>KW</arg>
<arg>KY</arg>
<arg>KZ</arg>
<arg>LA</arg>
<arg>LB</arg>
<arg>LC</arg>
<arg>LI</arg>
<arg>LK</arg>
<arg>LR</arg>
<arg>LS</arg>
<arg>LT</arg>
<arg>LU</arg>
<arg>LV</arg>
<arg>LY</arg>
<arg>MA</arg>
<arg>MC</arg>
<arg>MD</arg>
<arg>ME</arg>
<arg>MF</arg>
<arg>MG</arg>
<arg>MH</arg>
<arg>MK</arg>
<arg>ML</arg>
<arg>MM</arg>
<arg>MN</arg>
<arg>MO</arg>
<arg>MP</arg>
<arg>MQ</arg>
<arg>MR</arg>
<arg>MS</arg>
<arg>MT</arg>
<arg>MU</arg>
<arg>MV</arg>
<arg>MW</arg>
<arg>MX</arg>
<arg>MY</arg>
<arg>MZ</arg>
<arg>NA</arg>
<arg>NC</arg>
<arg>NE</arg>
<arg>NF</arg>
<arg>NG</arg>
<arg>NI</arg>
<arg>NL</arg>
<arg>NO</arg>
<arg>NP</arg>
<arg>NR</arg>
<arg>NU</arg>
<arg>NZ</arg>
<arg>OM</arg>
<arg>PA</arg>
<arg>PE</arg>
<arg>PF</arg>
<arg>PG</arg>
<arg>PH</arg>
<arg>PK</arg>
<arg>PL</arg>
<arg>PM</arg>
<arg>PN</arg>
<arg>PR</arg>
<arg>PS</arg>
<arg>PT</arg>
<arg>PW</arg>
<arg>PY</arg>
<arg>QA</arg>
<arg>RE</arg>
<arg>RO</arg>
<arg>RS</arg>
<arg>RU</arg>
<arg>RW</arg>
<arg>SA</arg>
<arg>SB</arg>
<arg>SC</arg>
<arg>SD</arg>
<arg>SE</arg>
<arg>SG</arg>
<arg>SH</arg>
<arg>SI</arg>
<arg>SJ</arg>
<arg>SK</arg>
<arg>SL</arg>
<arg>SM</arg>
<arg>SN</arg>
<arg>SO</arg>
<arg>SR</arg>
<arg>SS</arg>
<arg>ST</arg>
<arg>SV</arg>
<arg>SX</arg>
<arg>SY</arg>
<arg>SZ</arg>
<arg>TC</arg>
<arg>TD</arg>
<arg>TF</arg>
<arg>TG</arg>
<arg>TH</arg>
<arg>TJ</arg>
<arg>TK</arg>
<arg>TL</arg>
<arg>TM</arg>
<arg>TN</arg>
<arg>TO</arg>
<arg>TR</arg>
<arg>TT</arg>
<arg>TV</arg>
<arg>TW</arg>
<arg>TZ</arg>
<arg>UA</arg>
<arg>UG</arg>
<arg>UM</arg>
<arg>US</arg>
<arg>UY</arg>
<arg>UZ</arg>
<arg>VA</arg>
<arg>VC</arg>
<arg>VE</arg>
<arg>VG</arg>
<arg>VI</arg>
<arg>VN</arg>
<arg>VU</arg>
<arg>WF</arg>
<arg>WS</arg>
<arg>XK</arg>
<arg>YE</arg>
<arg>YT</arg>
<arg>ZA</arg>
<arg>ZM</arg>
<arg>ZW</arg>
<doc>Returns a list containing given items.</doc>
<status status="PASS" start="2024-03-31T14:11:14.222181" elapsed="0.000625"/>
</kw>
<kw name="List Should Contain Value" owner="Collections">
<msg time="2024-03-31T14:11:14.223918" level="INFO">False</msg>
<arg>${list_country}</arg>
<arg>${name_country}</arg>
<doc>Fails if the ``value`` is not found from ``list``.</doc>
<status status="PASS" start="2024-03-31T14:11:14.223711" elapsed="0.000244"/>
</kw>
<kw name="Run Keyword If" owner="BuiltIn">
<kw name="Should Be True" owner="BuiltIn">
<arg>${True}</arg>
<doc>Fails if the given condition is not true.</doc>
<status status="PASS" start="2024-03-31T14:11:14.225026" elapsed="0.000145"/>
</kw>
<arg>${json_data["results"][0]["location"]["coordinates"]["latitude"]} &gt;= -90 and ${json_data["results"][0]["location"]["coordinates"]["latitude"]} &lt;= 90</arg>
<arg>Should Be True</arg>
<arg>${True}</arg>
<doc>Runs the given keyword with the given arguments, if ``condition`` is true.</doc>
<status status="PASS" start="2024-03-31T14:11:14.224266" elapsed="0.001034"/>
</kw>
<kw name="Run Keyword If" owner="BuiltIn">
<kw name="Should Be True" owner="BuiltIn">
<arg>${True}</arg>
<doc>Fails if the given condition is not true.</doc>
<status status="PASS" start="2024-03-31T14:11:14.226234" elapsed="0.000140"/>
</kw>
<arg>${json_data["results"][0]["location"]["coordinates"]["longitude"]} &gt;= -180 and ${json_data["results"][0]["location"]["coordinates"]["longitude"]} &lt;= 180</arg>
<arg>Should Be True</arg>
<arg>${True}</arg>
<doc>Runs the given keyword with the given arguments, if ``condition`` is true.</doc>
<status status="PASS" start="2024-03-31T14:11:14.225514" elapsed="0.000987"/>
</kw>
<status status="PASS" start="2024-03-31T14:11:13.500646" elapsed="0.725987"/>
</kw>
<doc>Testa o conteúdo específico dos campos retornados pela API.</doc>
<tag>testeConteudo</tag>
<status status="PASS" start="2024-03-31T14:11:13.500219" elapsed="0.726565"/>
</test>
<status status="PASS" start="2024-03-31T14:11:12.772993" elapsed="1.455701"/>
</suite>
<status status="PASS" start="2024-03-31T14:11:12.759329" elapsed="1.474762"/>
</suite>
<statistics>
<total>
<stat pass="5" fail="0" skip="0">All Tests</stat>
</total>
<tag>
<stat pass="1" fail="0" skip="0">testeConteudo</stat>
<stat pass="1" fail="0" skip="0">testeEstruturaResposta</stat>
<stat pass="1" fail="0" skip="0">testeRequisicaoBasica</stat>
<stat pass="1" fail="0" skip="0">testeTiposDados</stat>
</tag>
<suite>
<stat pass="5" fail="0" skip="0" id="s1" name="Tests">Tests</stat>
<stat pass="5" fail="0" skip="0" id="s1-s1" name="Random-User-Test">Tests.Random-User-Test</stat>
</suite>
</statistics>
<errors>
</errors>
</robot>
