<?xml version="1.0" encoding="UTF-8"?>
<robot generator="Robot 7.0 (Python 3.12.3 on linux)" generated="2024-05-10T05:13:47.158351" rpa="false" schemaversion="5">
<suite id="s1" name="Tests" source="/home/runner/work/DesafioQAItauRogerioJordao/DesafioQAItauRogerioJordao/RamdonUser/tests">
<suite id="s1-s1" name="Random-User-Test" source="/home/runner/work/DesafioQAItauRogerioJordao/DesafioQAItauRogerioJordao/RamdonUser/tests/random-user-test.robot">
<test id="s1-s1-t1" name="Conectar" line="13">
<kw name="Conectar API" owner="random-user-service">
<kw name="Create Session" owner="RequestsLibrary">
<msg time="2024-05-10T05:13:47.526315" level="INFO">Creating Session using : alias=consultarAPI, url=https://randomuser.me/, headers={},                     cookies={}, auth=None, timeout=None, proxies=None, verify=False,                     debug=0 </msg>
<arg>consultarAPI</arg>
<arg>${URL}</arg>
<doc>Create Session: create a HTTP session to a server</doc>
<status status="PASS" start="2024-05-10T05:13:47.526105" elapsed="0.000413"/>
</kw>
<status status="PASS" start="2024-05-10T05:13:47.525088" elapsed="0.001882"/>
</kw>
<status status="PASS" start="2024-05-10T05:13:47.524384" elapsed="0.002850"/>
</test>
<test id="s1-s1-t2" name="Validar retorno 200 e JSON Válido" line="16">
<kw name="Teste de Requisicao Basica" owner="random-user-service">
<kw name="GET On Session" owner="RequestsLibrary">
<msg time="2024-05-10T05:13:47.697628" level="INFO">GET Request : url=https://randomuser.me/api 
 path_url=/api 
 headers={'User-Agent': 'python-requests/2.31.0', 'Accept-Encoding': 'gzip, deflate', 'Accept': '*/*', 'Connection': 'keep-alive'} 
 body=None 
 </msg>
<msg time="2024-05-10T05:13:47.697786" level="INFO">GET Response : url=https://randomuser.me/api 
 status=200, reason=OK 
 headers={'Date': 'Fri, 10 May 2024 05:13:47 GMT', 'Content-Type': 'application/json; charset=utf-8', 'Transfer-Encoding': 'chunked', 'Connection': 'keep-alive', 'X-Powered-By': 'Express', 'Access-Control-Allow-Origin': '*', 'Cache-Control': 'no-cache', 'ETag': 'W/"492-7xjGiisHtjJd6EPE3oAsSuUUats"', 'Vary': 'Accept-Encoding', 'Content-Encoding': 'gzip', 'CF-Cache-Status': 'DYNAMIC', 'Report-To': '{"endpoints":[{"url":"https:\\/\\/a.nel.cloudflare.com\\/report\\/v4?s=2trbFSWNfDEQ7O%2BMmPGXCLNI5pi60pxunHW9hU5c248AyaF1DhESoxT9JOQMKxTYQVF3NbFDzKj908cK1GrWDfeXV9fDeN%2FLusQnj6RA9um90XneleoncQd%2BG4V1unwW"}],"group":"cf-nel","max_age":604800}', 'NEL': '{"success_fraction":0,"report_to":"cf-nel","max_age":604800}', 'Server': 'cloudflare', 'CF-RAY': '881771287f9f2f7a-LAX', 'alt-svc': 'h3=":443"; ma=86400'} 
 body={"results":[{"gender":"male","name":{"title":"Mr","first":"Maurice","last":"Wilson"},"location":{"street":{"number":5910,"name":"Fincher Rd"},"city":"Hialeah","state":"Alabama","country":"United States","postcode":25098,"coordinates":{"latitude":"88.9242","longitude":"-30.9910"},"timezone":{"offset":"+1:00","description":"Brussels, Copenhagen, Madrid, Paris"}},"email":"maurice.wilson@example.com","login":{"uuid":"bf794602-de07-46c7-8362-0ba7b22ca54f","username":"happycat135","password":"cbr900rr","salt":"13dEAUBG","md5":"903e09f62c894d1a2c254cced21526b4","sha1":"58d6ba964cea45bf332172bd9ce64c04e66c1d48","sha256":"43742c115d9413db670c71d5a2a8130dc7bd9c04068f73732fff84561498125f"},"dob":{"date":"1984-08-30T20:20:12.567Z","age":39},"registered":{"date":"2014-12-06T20:13:11.940Z","age":9},"phone":"(711) 863-2926","cell":"(402) 721-0075","id":{"name":"SSN","value":"295-46-1651"},"picture":{"large":"https://randomuser.me/api/portraits/men/49.jpg","medium":"https://randomuser.me/api/portraits/med/men/49.jpg","thumbnail":"https://randomuser.me/api/portraits/thumb/men/49.jpg"},"nat":"US"}],"info":{"seed":"a76528ce40a3827d","results":1,"page":1,"version":"1.4"}} 
 </msg>
<msg time="2024-05-10T05:13:47.697874" level="INFO">/opt/hostedtoolcache/Python/3.12.3/x64/lib/python3.12/site-packages/urllib3/connectionpool.py:1103: InsecureRequestWarning: Unverified HTTPS request is being made to host 'randomuser.me'. Adding certificate verification is strongly advised. See: https://urllib3.readthedocs.io/en/latest/advanced-usage.html#tls-warnings
  warnings.warn(</msg>
<msg time="2024-05-10T05:13:47.698048" level="INFO">${response} = &lt;Response [200]&gt;</msg>
<var>${response}</var>
<arg>consultarAPI</arg>
<arg>/api</arg>
<doc>Sends a GET request on a previously created HTTP Session.</doc>
<status status="PASS" start="2024-05-10T05:13:47.529951" elapsed="0.168137"/>
</kw>
<kw name="Should Be Equal As Numbers" owner="BuiltIn">
<msg time="2024-05-10T05:13:47.699111" level="INFO">Argument types are:
&lt;class 'int'&gt;
&lt;class 'str'&gt;</msg>
<arg>${response.status_code}</arg>
<arg>200</arg>
<doc>Fails if objects are unequal after converting them to real numbers.</doc>
<status status="PASS" start="2024-05-10T05:13:47.698637" elapsed="0.000542"/>
</kw>
<kw name="Log" owner="BuiltIn">
<msg time="2024-05-10T05:13:47.699881" level="INFO">200</msg>
<arg>${response.status_code}</arg>
<doc>Logs the given message with the given level.</doc>
<status status="PASS" start="2024-05-10T05:13:47.699521" elapsed="0.000402"/>
</kw>
<kw name="Set Variable" owner="BuiltIn">
<msg time="2024-05-10T05:13:47.700692" level="INFO">${json_data} = {'results': [{'gender': 'male', 'name': {'title': 'Mr', 'first': 'Maurice', 'last': 'Wilson'}, 'location': {'street': {'number': 5910, 'name': 'Fincher Rd'}, 'city': 'Hialeah', 'state': 'Alabama', 'co...</msg>
<var>${json_data}</var>
<arg>${response.json()}</arg>
<doc>Returns the given values which can then be assigned to a variables.</doc>
<status status="PASS" start="2024-05-10T05:13:47.700240" elapsed="0.000482"/>
</kw>
<kw name="Dictionary Should Contain Key" owner="Collections">
<msg time="2024-05-10T05:13:47.701223" level="INFO">False</msg>
<arg>${json_data}</arg>
<arg>results</arg>
<doc>Fails if ``key`` is not found from ``dictionary``.</doc>
<status status="PASS" start="2024-05-10T05:13:47.701049" elapsed="0.000214"/>
</kw>
<status status="PASS" start="2024-05-10T05:13:47.529698" elapsed="0.171829"/>
</kw>
<doc>Testa se a API responde corretamente e retorna um objeto JSON válido.</doc>
<tag>testeRequisicaoBasica</tag>
<status status="PASS" start="2024-05-10T05:13:47.529167" elapsed="0.172558"/>
</test>
<test id="s1-s1-t3" name="Validar estrutura de resposta" line="22">
<kw name="Teste de Estrutura de Resposta" owner="random-user-service">
<kw name="GET On Session" owner="RequestsLibrary">
<msg time="2024-05-10T05:13:47.813446" level="INFO">GET Request : url=https://randomuser.me/api 
 path_url=/api 
 headers={'User-Agent': 'python-requests/2.31.0', 'Accept-Encoding': 'gzip, deflate', 'Accept': '*/*', 'Connection': 'keep-alive'} 
 body=None 
 </msg>
<msg time="2024-05-10T05:13:47.813550" level="INFO">GET Response : url=https://randomuser.me/api 
 status=200, reason=OK 
 headers={'Date': 'Fri, 10 May 2024 05:13:47 GMT', 'Content-Type': 'application/json; charset=utf-8', 'Transfer-Encoding': 'chunked', 'Connection': 'keep-alive', 'X-Powered-By': 'Express', 'Access-Control-Allow-Origin': '*', 'Cache-Control': 'no-cache', 'ETag': 'W/"4a5-+p2EpiZCSOhHO/nCOMA3pDifL8o"', 'Vary': 'Accept-Encoding', 'Content-Encoding': 'gzip', 'CF-Cache-Status': 'DYNAMIC', 'Report-To': '{"endpoints":[{"url":"https:\\/\\/a.nel.cloudflare.com\\/report\\/v4?s=crImQayG6JjOAN68B1ar4jwe%2BhLmxvC3FR1cK3BvIZk50ysAzXEv1PmtxYf4%2FFSCSCtSmv4CMoypp8Yd89mv83h0YFMnESpnuRh1bf7I%2FWuwyqAOKcM5dqnkvWPT3zA%2B"}],"group":"cf-nel","max_age":604800}', 'NEL': '{"success_fraction":0,"report_to":"cf-nel","max_age":604800}', 'Server': 'cloudflare', 'CF-RAY': '8817712938f82f7a-LAX', 'alt-svc': 'h3=":443"; ma=86400'} 
 body={"results":[{"gender":"female","name":{"title":"Mrs","first":"Simona","last":"Haberland"},"location":{"street":{"number":1443,"name":"Danziger Straße"},"city":"Schüttorf","state":"Nordrhein-Westfalen","country":"Germany","postcode":37201,"coordinates":{"latitude":"-52.3526","longitude":"142.7611"},"timezone":{"offset":"-11:00","description":"Midway Island, Samoa"}},"email":"simona.haberland@example.com","login":{"uuid":"d48023c9-48eb-4247-80f4-a96532974fae","username":"crazyostrich634","password":"wibble","salt":"F3UksDsc","md5":"c927abd28d9e80e050f0f4ff135b8ffb","sha1":"e5e532f5762f1d10fbbb44c91249b614716cbbc8","sha256":"ddd52f14c41868fa2dc08f3d304f989025da649e588c0bd6e60afea21a033ade"},"dob":{"date":"1967-05-30T01:23:47.359Z","age":56},"registered":{"date":"2008-11-03T17:42:45.818Z","age":15},"phone":"0164-2969220","cell":"0179-1955214","id":{"name":"SVNR","value":"57 290567 H 778"},"picture":{"large":"https://randomuser.me/api/portraits/women/20.jpg","medium":"https://randomuser.me/api/portraits/med/women/20.jpg","thumbnail":"https://randomuser.me/api/portraits/thumb/women/20.jpg"},"nat":"DE"}],"info":{"seed":"318f474bd3c63a4e","results":1,"page":1,"version":"1.4"}} 
 </msg>
<msg time="2024-05-10T05:13:47.813683" level="INFO">/opt/hostedtoolcache/Python/3.12.3/x64/lib/python3.12/site-packages/urllib3/connectionpool.py:1103: InsecureRequestWarning: Unverified HTTPS request is being made to host 'randomuser.me'. Adding certificate verification is strongly advised. See: https://urllib3.readthedocs.io/en/latest/advanced-usage.html#tls-warnings
  warnings.warn(</msg>
<msg time="2024-05-10T05:13:47.813840" level="INFO">${response} = &lt;Response [200]&gt;</msg>
<var>${response}</var>
<arg>consultarAPI</arg>
<arg>/api</arg>
<doc>Sends a GET request on a previously created HTTP Session.</doc>
<status status="PASS" start="2024-05-10T05:13:47.704747" elapsed="0.109137"/>
</kw>
<kw name="Set Variable" owner="BuiltIn">
<msg time="2024-05-10T05:13:47.814964" level="INFO">${json_data} = {'results': [{'gender': 'female', 'name': {'title': 'Mrs', 'first': 'Simona', 'last': 'Haberland'}, 'location': {'street': {'number': 1443, 'name': 'Danziger Straße'}, 'city': 'Schüttorf', 'state': 'N...</msg>
<var>${json_data}</var>
<arg>${response.json()}</arg>
<doc>Returns the given values which can then be assigned to a variables.</doc>
<status status="PASS" start="2024-05-10T05:13:47.814412" elapsed="0.000581"/>
</kw>
<kw name="Log" owner="BuiltIn">
<msg time="2024-05-10T05:13:47.815494" level="INFO">{'results': [{'gender': 'female', 'name': {'title': 'Mrs', 'first': 'Simona', 'last': 'Haberland'}, 'location': {'street': {'number': 1443, 'name': 'Danziger Straße'}, 'city': 'Schüttorf', 'state': 'Nordrhein-Westfalen', 'country': 'Germany', 'postcode': 37201, 'coordinates': {'latitude': '-52.3526', 'longitude': '142.7611'}, 'timezone': {'offset': '-11:00', 'description': 'Midway Island, Samoa'}}, 'email': 'simona.haberland@example.com', 'login': {'uuid': 'd48023c9-48eb-4247-80f4-a96532974fae', 'username': 'crazyostrich634', 'password': 'wibble', 'salt': 'F3UksDsc', 'md5': 'c927abd28d9e80e050f0f4ff135b8ffb', 'sha1': 'e5e532f5762f1d10fbbb44c91249b614716cbbc8', 'sha256': 'ddd52f14c41868fa2dc08f3d304f989025da649e588c0bd6e60afea21a033ade'}, 'dob': {'date': '1967-05-30T01:23:47.359Z', 'age': 56}, 'registered': {'date': '2008-11-03T17:42:45.818Z', 'age': 15}, 'phone': '0164-2969220', 'cell': '0179-1955214', 'id': {'name': 'SVNR', 'value': '57 290567 H 778'}, 'picture': {'large': 'https://randomuser.me/api/portraits/women/20.jpg', 'medium': 'https://randomuser.me/api/portraits/med/women/20.jpg', 'thumbnail': 'https://randomuser.me/api/portraits/thumb/women/20.jpg'}, 'nat': 'DE'}], 'info': {'seed': '318f474bd3c63a4e', 'results': 1, 'page': 1, 'version': '1.4'}}</msg>
<arg>${json_data}</arg>
<doc>Logs the given message with the given level.</doc>
<status status="PASS" start="2024-05-10T05:13:47.815323" elapsed="0.000223"/>
</kw>
<kw name="Dictionary Should Contain Key" owner="Collections">
<msg time="2024-05-10T05:13:47.816013" level="INFO">False</msg>
<arg>${json_data}</arg>
<arg>results</arg>
<doc>Fails if ``key`` is not found from ``dictionary``.</doc>
<status status="PASS" start="2024-05-10T05:13:47.815851" elapsed="0.000201"/>
</kw>
<kw name="Should Not Be Empty" owner="BuiltIn">
<msg time="2024-05-10T05:13:47.816482" level="INFO">Length is 2.</msg>
<arg>${json_data}</arg>
<doc>Verifies that the given item is not empty.</doc>
<status status="PASS" start="2024-05-10T05:13:47.816349" elapsed="0.000172"/>
</kw>
<kw name="Create List" owner="BuiltIn">
<msg time="2024-05-10T05:13:47.817177" level="INFO">${expected_keys} = ['gender', 'name', 'location', 'email', 'login']</msg>
<var>${expected_keys}</var>
<arg>gender</arg>
<arg>name</arg>
<arg>location</arg>
<arg>email</arg>
<arg>login</arg>
<doc>Returns a list containing given items.</doc>
<status status="PASS" start="2024-05-10T05:13:47.816814" elapsed="0.000390"/>
</kw>
<for flavor="IN">
<iter>
<kw name="Dictionary Should Contain Key" owner="Collections">
<msg time="2024-05-10T05:13:47.818231" level="INFO">False</msg>
<arg>${json_data['results'][0]}</arg>
<arg>${key}</arg>
<doc>Fails if ``key`` is not found from ``dictionary``.</doc>
<status status="PASS" start="2024-05-10T05:13:47.817827" elapsed="0.000447"/>
</kw>
<kw name="Log" owner="BuiltIn">
<msg time="2024-05-10T05:13:47.818951" level="INFO">{'gender': 'female', 'name': {'title': 'Mrs', 'first': 'Simona', 'last': 'Haberland'}, 'location': {'street': {'number': 1443, 'name': 'Danziger Straße'}, 'city': 'Schüttorf', 'state': 'Nordrhein-Westfalen', 'country': 'Germany', 'postcode': 37201, 'coordinates': {'latitude': '-52.3526', 'longitude': '142.7611'}, 'timezone': {'offset': '-11:00', 'description': 'Midway Island, Samoa'}}, 'email': 'simona.haberland@example.com', 'login': {'uuid': 'd48023c9-48eb-4247-80f4-a96532974fae', 'username': 'crazyostrich634', 'password': 'wibble', 'salt': 'F3UksDsc', 'md5': 'c927abd28d9e80e050f0f4ff135b8ffb', 'sha1': 'e5e532f5762f1d10fbbb44c91249b614716cbbc8', 'sha256': 'ddd52f14c41868fa2dc08f3d304f989025da649e588c0bd6e60afea21a033ade'}, 'dob': {'date': '1967-05-30T01:23:47.359Z', 'age': 56}, 'registered': {'date': '2008-11-03T17:42:45.818Z', 'age': 15}, 'phone': '0164-2969220', 'cell': '0179-1955214', 'id': {'name': 'SVNR', 'value': '57 290567 H 778'}, 'picture': {'large': 'https://randomuser.me/api/portraits/women/20.jpg', 'medium': 'https://randomuser.me/api/portraits/med/women/20.jpg', 'thumbnail': 'https://randomuser.me/api/portraits/thumb/women/20.jpg'}, 'nat': 'DE'}</msg>
<arg>${json_data['results'][0]}</arg>
<doc>Logs the given message with the given level.</doc>
<status status="PASS" start="2024-05-10T05:13:47.818580" elapsed="0.000421"/>
</kw>
<kw name="Log" owner="BuiltIn">
<msg time="2024-05-10T05:13:47.819435" level="INFO">gender</msg>
<arg>${key}</arg>
<doc>Logs the given message with the given level.</doc>
<status status="PASS" start="2024-05-10T05:13:47.819305" elapsed="0.000167"/>
</kw>
<var name="${key}">gender</var>
<status status="PASS" start="2024-05-10T05:13:47.817689" elapsed="0.001998"/>
</iter>
<iter>
<kw name="Dictionary Should Contain Key" owner="Collections">
<msg time="2024-05-10T05:13:47.820380" level="INFO">False</msg>
<arg>${json_data['results'][0]}</arg>
<arg>${key}</arg>
<doc>Fails if ``key`` is not found from ``dictionary``.</doc>
<status status="PASS" start="2024-05-10T05:13:47.819992" elapsed="0.000426"/>
</kw>
<kw name="Log" owner="BuiltIn">
<msg time="2024-05-10T05:13:47.821157" level="INFO">{'gender': 'female', 'name': {'title': 'Mrs', 'first': 'Simona', 'last': 'Haberland'}, 'location': {'street': {'number': 1443, 'name': 'Danziger Straße'}, 'city': 'Schüttorf', 'state': 'Nordrhein-Westfalen', 'country': 'Germany', 'postcode': 37201, 'coordinates': {'latitude': '-52.3526', 'longitude': '142.7611'}, 'timezone': {'offset': '-11:00', 'description': 'Midway Island, Samoa'}}, 'email': 'simona.haberland@example.com', 'login': {'uuid': 'd48023c9-48eb-4247-80f4-a96532974fae', 'username': 'crazyostrich634', 'password': 'wibble', 'salt': 'F3UksDsc', 'md5': 'c927abd28d9e80e050f0f4ff135b8ffb', 'sha1': 'e5e532f5762f1d10fbbb44c91249b614716cbbc8', 'sha256': 'ddd52f14c41868fa2dc08f3d304f989025da649e588c0bd6e60afea21a033ade'}, 'dob': {'date': '1967-05-30T01:23:47.359Z', 'age': 56}, 'registered': {'date': '2008-11-03T17:42:45.818Z', 'age': 15}, 'phone': '0164-2969220', 'cell': '0179-1955214', 'id': {'name': 'SVNR', 'value': '57 290567 H 778'}, 'picture': {'large': 'https://randomuser.me/api/portraits/women/20.jpg', 'medium': 'https://randomuser.me/api/portraits/med/women/20.jpg', 'thumbnail': 'https://randomuser.me/api/portraits/thumb/women/20.jpg'}, 'nat': 'DE'}</msg>
<arg>${json_data['results'][0]}</arg>
<doc>Logs the given message with the given level.</doc>
<status status="PASS" start="2024-05-10T05:13:47.820741" elapsed="0.000466"/>
</kw>
<kw name="Log" owner="BuiltIn">
<msg time="2024-05-10T05:13:47.821637" level="INFO">name</msg>
<arg>${key}</arg>
<doc>Logs the given message with the given level.</doc>
<status status="PASS" start="2024-05-10T05:13:47.821509" elapsed="0.000165"/>
</kw>
<var name="${key}">name</var>
<status status="PASS" start="2024-05-10T05:13:47.819877" elapsed="0.002015"/>
</iter>
<iter>
<kw name="Dictionary Should Contain Key" owner="Collections">
<msg time="2024-05-10T05:13:47.822573" level="INFO">False</msg>
<arg>${json_data['results'][0]}</arg>
<arg>${key}</arg>
<doc>Fails if ``key`` is not found from ``dictionary``.</doc>
<status status="PASS" start="2024-05-10T05:13:47.822183" elapsed="0.000428"/>
</kw>
<kw name="Log" owner="BuiltIn">
<msg time="2024-05-10T05:13:47.823281" level="INFO">{'gender': 'female', 'name': {'title': 'Mrs', 'first': 'Simona', 'last': 'Haberland'}, 'location': {'street': {'number': 1443, 'name': 'Danziger Straße'}, 'city': 'Schüttorf', 'state': 'Nordrhein-Westfalen', 'country': 'Germany', 'postcode': 37201, 'coordinates': {'latitude': '-52.3526', 'longitude': '142.7611'}, 'timezone': {'offset': '-11:00', 'description': 'Midway Island, Samoa'}}, 'email': 'simona.haberland@example.com', 'login': {'uuid': 'd48023c9-48eb-4247-80f4-a96532974fae', 'username': 'crazyostrich634', 'password': 'wibble', 'salt': 'F3UksDsc', 'md5': 'c927abd28d9e80e050f0f4ff135b8ffb', 'sha1': 'e5e532f5762f1d10fbbb44c91249b614716cbbc8', 'sha256': 'ddd52f14c41868fa2dc08f3d304f989025da649e588c0bd6e60afea21a033ade'}, 'dob': {'date': '1967-05-30T01:23:47.359Z', 'age': 56}, 'registered': {'date': '2008-11-03T17:42:45.818Z', 'age': 15}, 'phone': '0164-2969220', 'cell': '0179-1955214', 'id': {'name': 'SVNR', 'value': '57 290567 H 778'}, 'picture': {'large': 'https://randomuser.me/api/portraits/women/20.jpg', 'medium': 'https://randomuser.me/api/portraits/med/women/20.jpg', 'thumbnail': 'https://randomuser.me/api/portraits/thumb/women/20.jpg'}, 'nat': 'DE'}</msg>
<arg>${json_data['results'][0]}</arg>
<doc>Logs the given message with the given level.</doc>
<status status="PASS" start="2024-05-10T05:13:47.822916" elapsed="0.000415"/>
</kw>
<kw name="Log" owner="BuiltIn">
<msg time="2024-05-10T05:13:47.823753" level="INFO">location</msg>
<arg>${key}</arg>
<doc>Logs the given message with the given level.</doc>
<status status="PASS" start="2024-05-10T05:13:47.823627" elapsed="0.000165"/>
</kw>
<var name="${key}">location</var>
<status status="PASS" start="2024-05-10T05:13:47.822072" elapsed="0.001933"/>
</iter>
<iter>
<kw name="Dictionary Should Contain Key" owner="Collections">
<msg time="2024-05-10T05:13:47.824679" level="INFO">False</msg>
<arg>${json_data['results'][0]}</arg>
<arg>${key}</arg>
<doc>Fails if ``key`` is not found from ``dictionary``.</doc>
<status status="PASS" start="2024-05-10T05:13:47.824291" elapsed="0.000426"/>
</kw>
<kw name="Log" owner="BuiltIn">
<msg time="2024-05-10T05:13:47.825446" level="INFO">{'gender': 'female', 'name': {'title': 'Mrs', 'first': 'Simona', 'last': 'Haberland'}, 'location': {'street': {'number': 1443, 'name': 'Danziger Straße'}, 'city': 'Schüttorf', 'state': 'Nordrhein-Westfalen', 'country': 'Germany', 'postcode': 37201, 'coordinates': {'latitude': '-52.3526', 'longitude': '142.7611'}, 'timezone': {'offset': '-11:00', 'description': 'Midway Island, Samoa'}}, 'email': 'simona.haberland@example.com', 'login': {'uuid': 'd48023c9-48eb-4247-80f4-a96532974fae', 'username': 'crazyostrich634', 'password': 'wibble', 'salt': 'F3UksDsc', 'md5': 'c927abd28d9e80e050f0f4ff135b8ffb', 'sha1': 'e5e532f5762f1d10fbbb44c91249b614716cbbc8', 'sha256': 'ddd52f14c41868fa2dc08f3d304f989025da649e588c0bd6e60afea21a033ade'}, 'dob': {'date': '1967-05-30T01:23:47.359Z', 'age': 56}, 'registered': {'date': '2008-11-03T17:42:45.818Z', 'age': 15}, 'phone': '0164-2969220', 'cell': '0179-1955214', 'id': {'name': 'SVNR', 'value': '57 290567 H 778'}, 'picture': {'large': 'https://randomuser.me/api/portraits/women/20.jpg', 'medium': 'https://randomuser.me/api/portraits/med/women/20.jpg', 'thumbnail': 'https://randomuser.me/api/portraits/thumb/women/20.jpg'}, 'nat': 'DE'}</msg>
<arg>${json_data['results'][0]}</arg>
<doc>Logs the given message with the given level.</doc>
<status status="PASS" start="2024-05-10T05:13:47.825066" elapsed="0.000432"/>
</kw>
<kw name="Log" owner="BuiltIn">
<msg time="2024-05-10T05:13:47.825927" level="INFO">email</msg>
<arg>${key}</arg>
<doc>Logs the given message with the given level.</doc>
<status status="PASS" start="2024-05-10T05:13:47.825797" elapsed="0.000168"/>
</kw>
<var name="${key}">email</var>
<status status="PASS" start="2024-05-10T05:13:47.824179" elapsed="0.002012"/>
</iter>
<iter>
<kw name="Dictionary Should Contain Key" owner="Collections">
<msg time="2024-05-10T05:13:47.826866" level="INFO">False</msg>
<arg>${json_data['results'][0]}</arg>
<arg>${key}</arg>
<doc>Fails if ``key`` is not found from ``dictionary``.</doc>
<status status="PASS" start="2024-05-10T05:13:47.826478" elapsed="0.000426"/>
</kw>
<kw name="Log" owner="BuiltIn">
<msg time="2024-05-10T05:13:47.827577" level="INFO">{'gender': 'female', 'name': {'title': 'Mrs', 'first': 'Simona', 'last': 'Haberland'}, 'location': {'street': {'number': 1443, 'name': 'Danziger Straße'}, 'city': 'Schüttorf', 'state': 'Nordrhein-Westfalen', 'country': 'Germany', 'postcode': 37201, 'coordinates': {'latitude': '-52.3526', 'longitude': '142.7611'}, 'timezone': {'offset': '-11:00', 'description': 'Midway Island, Samoa'}}, 'email': 'simona.haberland@example.com', 'login': {'uuid': 'd48023c9-48eb-4247-80f4-a96532974fae', 'username': 'crazyostrich634', 'password': 'wibble', 'salt': 'F3UksDsc', 'md5': 'c927abd28d9e80e050f0f4ff135b8ffb', 'sha1': 'e5e532f5762f1d10fbbb44c91249b614716cbbc8', 'sha256': 'ddd52f14c41868fa2dc08f3d304f989025da649e588c0bd6e60afea21a033ade'}, 'dob': {'date': '1967-05-30T01:23:47.359Z', 'age': 56}, 'registered': {'date': '2008-11-03T17:42:45.818Z', 'age': 15}, 'phone': '0164-2969220', 'cell': '0179-1955214', 'id': {'name': 'SVNR', 'value': '57 290567 H 778'}, 'picture': {'large': 'https://randomuser.me/api/portraits/women/20.jpg', 'medium': 'https://randomuser.me/api/portraits/med/women/20.jpg', 'thumbnail': 'https://randomuser.me/api/portraits/thumb/women/20.jpg'}, 'nat': 'DE'}</msg>
<arg>${json_data['results'][0]}</arg>
<doc>Logs the given message with the given level.</doc>
<status status="PASS" start="2024-05-10T05:13:47.827202" elapsed="0.000430"/>
</kw>
<kw name="Log" owner="BuiltIn">
<msg time="2024-05-10T05:13:47.828064" level="INFO">login</msg>
<arg>${key}</arg>
<doc>Logs the given message with the given level.</doc>
<status status="PASS" start="2024-05-10T05:13:47.827934" elapsed="0.000198"/>
</kw>
<var name="${key}">login</var>
<status status="PASS" start="2024-05-10T05:13:47.826367" elapsed="0.001990"/>
</iter>
<var>${key}</var>
<value>@{expected_keys}</value>
<status status="PASS" start="2024-05-10T05:13:47.817483" elapsed="0.010997"/>
</for>
<kw name="Create List" owner="BuiltIn">
<msg time="2024-05-10T05:13:47.828811" level="INFO">${expected_keysTwo} = ['username', 'password']</msg>
<var>${expected_keysTwo}</var>
<arg>username</arg>
<arg>password</arg>
<doc>Returns a list containing given items.</doc>
<status status="PASS" start="2024-05-10T05:13:47.828674" elapsed="0.000161"/>
</kw>
<for flavor="IN">
<iter>
<kw name="Dictionary Should Contain Key" owner="Collections">
<msg time="2024-05-10T05:13:47.829792" level="INFO">False</msg>
<arg>${json_data['results'][0]['login']}</arg>
<arg>${keyTwo}</arg>
<doc>Fails if ``key`` is not found from ``dictionary``.</doc>
<status status="PASS" start="2024-05-10T05:13:47.829400" elapsed="0.000430"/>
</kw>
<kw name="Dictionary Should Contain Key" owner="Collections">
<msg time="2024-05-10T05:13:47.830516" level="INFO">False</msg>
<arg>${json_data['results'][0]['login']}</arg>
<arg>${keyTwo}</arg>
<doc>Fails if ``key`` is not found from ``dictionary``.</doc>
<status status="PASS" start="2024-05-10T05:13:47.830128" elapsed="0.000427"/>
</kw>
<kw name="Log" owner="BuiltIn">
<msg time="2024-05-10T05:13:47.830998" level="INFO">username</msg>
<arg>${keyTwo}</arg>
<doc>Logs the given message with the given level.</doc>
<status status="PASS" start="2024-05-10T05:13:47.830866" elapsed="0.000175"/>
</kw>
<var name="${keyTwo}">username</var>
<status status="PASS" start="2024-05-10T05:13:47.829288" elapsed="0.001968"/>
</iter>
<iter>
<kw name="Dictionary Should Contain Key" owner="Collections">
<msg time="2024-05-10T05:13:47.831923" level="INFO">False</msg>
<arg>${json_data['results'][0]['login']}</arg>
<arg>${keyTwo}</arg>
<doc>Fails if ``key`` is not found from ``dictionary``.</doc>
<status status="PASS" start="2024-05-10T05:13:47.831538" elapsed="0.000423"/>
</kw>
<kw name="Dictionary Should Contain Key" owner="Collections">
<msg time="2024-05-10T05:13:47.832733" level="INFO">False</msg>
<arg>${json_data['results'][0]['login']}</arg>
<arg>${keyTwo}</arg>
<doc>Fails if ``key`` is not found from ``dictionary``.</doc>
<status status="PASS" start="2024-05-10T05:13:47.832259" elapsed="0.000514"/>
</kw>
<kw name="Log" owner="BuiltIn">
<msg time="2024-05-10T05:13:47.833251" level="INFO">password</msg>
<arg>${keyTwo}</arg>
<doc>Logs the given message with the given level.</doc>
<status status="PASS" start="2024-05-10T05:13:47.833120" elapsed="0.000170"/>
</kw>
<var name="${keyTwo}">password</var>
<status status="PASS" start="2024-05-10T05:13:47.831429" elapsed="0.002077"/>
</iter>
<var>${keyTwo}</var>
<value>@{expected_keysTwo}</value>
<status status="PASS" start="2024-05-10T05:13:47.829133" elapsed="0.004495"/>
</for>
<status status="PASS" start="2024-05-10T05:13:47.704366" elapsed="0.129407"/>
</kw>
<doc>Testa a estrutura da resposta da API.</doc>
<tag>testeEstruturaResposta</tag>
<status status="PASS" start="2024-05-10T05:13:47.703592" elapsed="0.130343"/>
</test>
<test id="s1-s1-t4" name="Validar tipos de dados" line="28">
<kw name="Teste de Tipos de Dados" owner="random-user-service">
<kw name="GET On Session" owner="RequestsLibrary">
<msg time="2024-05-10T05:13:48.149319" level="INFO">GET Request : url=https://randomuser.me/api 
 path_url=/api 
 headers={'User-Agent': 'python-requests/2.31.0', 'Accept-Encoding': 'gzip, deflate', 'Accept': '*/*', 'Connection': 'keep-alive'} 
 body=None 
 </msg>
<msg time="2024-05-10T05:13:48.149431" level="INFO">GET Response : url=https://randomuser.me/api 
 status=200, reason=OK 
 headers={'Date': 'Fri, 10 May 2024 05:13:48 GMT', 'Content-Type': 'application/json; charset=utf-8', 'Transfer-Encoding': 'chunked', 'Connection': 'keep-alive', 'X-Powered-By': 'Express', 'Access-Control-Allow-Origin': '*', 'Cache-Control': 'no-cache', 'ETag': 'W/"491-9miRbOeo07UNs1wp8QoomyVpxZU"', 'Vary': 'Accept-Encoding', 'Content-Encoding': 'gzip', 'CF-Cache-Status': 'DYNAMIC', 'Report-To': '{"endpoints":[{"url":"https:\\/\\/a.nel.cloudflare.com\\/report\\/v4?s=7jaYPMA0xXfQwOk%2Bpqfi07o91apNTOzbTem7MWUD1SGm%2BIsouuohehTPnG%2BLAolHTMTso9ix9tm7OnTJeGFJea3EHCYDwUIxyC9HqGkmMO750SdmIEZW1s7mH2AXe8Bz"}],"group":"cf-nel","max_age":604800}', 'NEL': '{"success_fraction":0,"report_to":"cf-nel","max_age":604800}', 'Server': 'cloudflare', 'CF-RAY': '8817712a0a022f7a-LAX', 'alt-svc': 'h3=":443"; ma=86400'} 
 body={"results":[{"gender":"male","name":{"title":"Mr","first":"Antoni","last":"Bakkeli"},"location":{"street":{"number":2745,"name":"Etterstadsletta"},"city":"Sistranda","state":"Oppland","country":"Norway","postcode":"5209","coordinates":{"latitude":"39.1245","longitude":"-131.0838"},"timezone":{"offset":"+11:00","description":"Magadan, Solomon Islands, New Caledonia"}},"email":"antoni.bakkeli@example.com","login":{"uuid":"10f43b81-18f4-4b88-ac31-057a8bd22bef","username":"brownbutterfly154","password":"rockie","salt":"hH7tRFI6","md5":"14194ee89f8e2f557d32490ea635df9c","sha1":"67f6a5c50ede270f9c078f9c1a5904ae16827008","sha256":"e009da5eba25c1321af9d3a335363619d3e9b4f03caa1bfc56bcea52441a81cd"},"dob":{"date":"1963-09-20T07:21:58.582Z","age":60},"registered":{"date":"2011-10-17T12:08:27.785Z","age":12},"phone":"66811799","cell":"90208062","id":{"name":"FN","value":"20096337141"},"picture":{"large":"https://randomuser.me/api/portraits/men/64.jpg","medium":"https://randomuser.me/api/portraits/med/men/64.jpg","thumbnail":"https://randomuser.me/api/portraits/thumb/men/64.jpg"},"nat":"NO"}],"info":{"seed":"9e5e2608eaf0ad74","results":1,"page":1,"version":"1.4"}} 
 </msg>
<msg time="2024-05-10T05:13:48.149520" level="INFO">/opt/hostedtoolcache/Python/3.12.3/x64/lib/python3.12/site-packages/urllib3/connectionpool.py:1103: InsecureRequestWarning: Unverified HTTPS request is being made to host 'randomuser.me'. Adding certificate verification is strongly advised. See: https://urllib3.readthedocs.io/en/latest/advanced-usage.html#tls-warnings
  warnings.warn(</msg>
<msg time="2024-05-10T05:13:48.149674" level="INFO">${response} = &lt;Response [200]&gt;</msg>
<var>${response}</var>
<arg>consultarAPI</arg>
<arg>/api</arg>
<doc>Sends a GET request on a previously created HTTP Session.</doc>
<status status="PASS" start="2024-05-10T05:13:47.836436" elapsed="0.313278"/>
</kw>
<kw name="Set Variable" owner="BuiltIn">
<msg time="2024-05-10T05:13:48.150783" level="INFO">${json_data} = {'results': [{'gender': 'male', 'name': {'title': 'Mr', 'first': 'Antoni', 'last': 'Bakkeli'}, 'location': {'street': {'number': 2745, 'name': 'Etterstadsletta'}, 'city': 'Sistranda', 'state': 'Opplan...</msg>
<var>${json_data}</var>
<arg>${response.json()}</arg>
<doc>Returns the given values which can then be assigned to a variables.</doc>
<status status="PASS" start="2024-05-10T05:13:48.150252" elapsed="0.000573"/>
</kw>
<kw name="Log" owner="BuiltIn">
<msg time="2024-05-10T05:13:48.151380" level="INFO">{'results': [{'gender': 'male', 'name': {'title': 'Mr', 'first': 'Antoni', 'last': 'Bakkeli'}, 'location': {'street': {'number': 2745, 'name': 'Etterstadsletta'}, 'city': 'Sistranda', 'state': 'Oppland', 'country': 'Norway', 'postcode': '5209', 'coordinates': {'latitude': '39.1245', 'longitude': '-131.0838'}, 'timezone': {'offset': '+11:00', 'description': 'Magadan, Solomon Islands, New Caledonia'}}, 'email': 'antoni.bakkeli@example.com', 'login': {'uuid': '10f43b81-18f4-4b88-ac31-057a8bd22bef', 'username': 'brownbutterfly154', 'password': 'rockie', 'salt': 'hH7tRFI6', 'md5': '14194ee89f8e2f557d32490ea635df9c', 'sha1': '67f6a5c50ede270f9c078f9c1a5904ae16827008', 'sha256': 'e009da5eba25c1321af9d3a335363619d3e9b4f03caa1bfc56bcea52441a81cd'}, 'dob': {'date': '1963-09-20T07:21:58.582Z', 'age': 60}, 'registered': {'date': '2011-10-17T12:08:27.785Z', 'age': 12}, 'phone': '66811799', 'cell': '90208062', 'id': {'name': 'FN', 'value': '20096337141'}, 'picture': {'large': 'https://randomuser.me/api/portraits/men/64.jpg', 'medium': 'https://randomuser.me/api/portraits/med/men/64.jpg', 'thumbnail': 'https://randomuser.me/api/portraits/thumb/men/64.jpg'}, 'nat': 'NO'}], 'info': {'seed': '9e5e2608eaf0ad74', 'results': 1, 'page': 1, 'version': '1.4'}}</msg>
<arg>${json_data}</arg>
<doc>Logs the given message with the given level.</doc>
<status status="PASS" start="2024-05-10T05:13:48.151194" elapsed="0.000289"/>
</kw>
<kw name="Should Be String" owner="String">
<arg>${json_data['results'][0]['gender']}</arg>
<doc>Fails if the given ``item`` is not a string.</doc>
<status status="PASS" start="2024-05-10T05:13:48.151847" elapsed="0.000372"/>
</kw>
<kw name="Should Match Regexp" owner="BuiltIn">
<arg>${json_data['results'][0]['email']}</arg>
<arg>^[a-zA-Z0-9._%+-]+@[a-zA-Z0-9.-]+\.[a-zA-Z]{2,}$</arg>
<doc>Fails if ``string`` does not match ``pattern`` as a regular expression.</doc>
<status status="PASS" start="2024-05-10T05:13:48.152409" elapsed="0.000553"/>
</kw>
<kw name="Should Match Regexp" owner="BuiltIn">
<arg>${json_data['results'][0]['dob']['date']}</arg>
<arg>\\d{4}-\\d{2}-\\d{2}T\\d{2}:\\d{2}:\\d{2}\\.\\d{3}Z</arg>
<doc>Fails if ``string`` does not match ``pattern`` as a regular expression.</doc>
<status status="PASS" start="2024-05-10T05:13:48.153158" elapsed="0.000496"/>
</kw>
<kw name="Should Match Regexp" owner="BuiltIn">
<arg>${json_data['results'][0]['registered']['date']}</arg>
<arg>\\d{4}-\\d{2}-\\d{2}T\\d{2}:\\d{2}:\\d{2}\\.\\d{3}Z</arg>
<doc>Fails if ``string`` does not match ``pattern`` as a regular expression.</doc>
<status status="PASS" start="2024-05-10T05:13:48.153841" elapsed="0.000364"/>
</kw>
<kw name="Should Match Regexp" owner="BuiltIn">
<arg>${json_data['results'][0]['picture']['large']}</arg>
<arg>^https?://.*\.(?:png|jpe?g|gif|bmp)$</arg>
<doc>Fails if ``string`` does not match ``pattern`` as a regular expression.</doc>
<status status="PASS" start="2024-05-10T05:13:48.154389" elapsed="0.000450"/>
</kw>
<kw name="Should Match Regexp" owner="BuiltIn">
<arg>${json_data['results'][0]['picture']['medium']}</arg>
<arg>^https?://.*\.(?:png|jpe?g|gif|bmp)$</arg>
<doc>Fails if ``string`` does not match ``pattern`` as a regular expression.</doc>
<status status="PASS" start="2024-05-10T05:13:48.155025" elapsed="0.000356"/>
</kw>
<kw name="Should Match Regexp" owner="BuiltIn">
<arg>${json_data['results'][0]['picture']['thumbnail']}</arg>
<arg>^https?://.*\.(?:png|jpe?g|gif|bmp)$</arg>
<doc>Fails if ``string`` does not match ``pattern`` as a regular expression.</doc>
<status status="PASS" start="2024-05-10T05:13:48.155566" elapsed="0.000346"/>
</kw>
<kw name="Log" owner="BuiltIn">
<msg time="2024-05-10T05:13:48.156411" level="INFO">{'large': 'https://randomuser.me/api/portraits/men/64.jpg', 'medium': 'https://randomuser.me/api/portraits/med/men/64.jpg', 'thumbnail': 'https://randomuser.me/api/portraits/thumb/men/64.jpg'}</msg>
<arg>${json_data['results'][0]['picture']}</arg>
<doc>Logs the given message with the given level.</doc>
<status status="PASS" start="2024-05-10T05:13:48.156087" elapsed="0.000364"/>
</kw>
<status status="PASS" start="2024-05-10T05:13:47.836208" elapsed="0.320510"/>
</kw>
<kw name="Teste de Tipos de Dados - Postcode" owner="random-user-service">
<kw name="GET On Session" owner="RequestsLibrary">
<msg time="2024-05-10T05:13:48.266236" level="INFO">GET Request : url=https://randomuser.me/api 
 path_url=/api 
 headers={'User-Agent': 'python-requests/2.31.0', 'Accept-Encoding': 'gzip, deflate', 'Accept': '*/*', 'Connection': 'keep-alive'} 
 body=None 
 </msg>
<msg time="2024-05-10T05:13:48.266339" level="INFO">GET Response : url=https://randomuser.me/api 
 status=200, reason=OK 
 headers={'Date': 'Fri, 10 May 2024 05:13:48 GMT', 'Content-Type': 'application/json; charset=utf-8', 'Transfer-Encoding': 'chunked', 'Connection': 'keep-alive', 'X-Powered-By': 'Express', 'Access-Control-Allow-Origin': '*', 'Cache-Control': 'no-cache', 'ETag': 'W/"4a9-HR3hbYRmTqoLkTRduy8hbCMfS2M"', 'Vary': 'Accept-Encoding', 'Content-Encoding': 'gzip', 'CF-Cache-Status': 'DYNAMIC', 'Report-To': '{"endpoints":[{"url":"https:\\/\\/a.nel.cloudflare.com\\/report\\/v4?s=%2Bn78eBPBwjOLgYZ%2BvdvJZ6w%2FUt4%2Fhl4ow5KaM%2BR0FSq7uQTH5%2BPFBoighRFksXfqG2%2BDHymd5gBDI3qXx0qFFmDDGBvep1KWzjApBca4mnT9%2FgUWTa6zeqEuYFzddtvo"}],"group":"cf-nel","max_age":604800}', 'NEL': '{"success_fraction":0,"report_to":"cf-nel","max_age":604800}', 'Server': 'cloudflare', 'CF-RAY': '8817712c0c5a2f7a-LAX', 'alt-svc': 'h3=":443"; ma=86400'} 
 body={"results":[{"gender":"male","name":{"title":"Mr","first":"Želimir","last":"Mišković"},"location":{"street":{"number":5546,"name":"Sretena Stojanovića"},"city":"Bačka Topola","state":"South Bačka","country":"Serbia","postcode":54330,"coordinates":{"latitude":"57.8159","longitude":"-152.0135"},"timezone":{"offset":"-6:00","description":"Central Time (US &amp; Canada), Mexico City"}},"email":"zelimir.miskovic@example.com","login":{"uuid":"f638c1c7-7728-4049-a5db-dbe7f675276e","username":"ticklishpanda870","password":"fatima","salt":"DBjHdqM4","md5":"a2d5626226db6ca7c86c757b58fac270","sha1":"55ce997ef3ae296825a1e3d3db786ea9d9719370","sha256":"f24b5b569c4f93241c18c887c1b704678601cfc799a4e14e95c09dcad14e92e7"},"dob":{"date":"1984-08-27T00:56:02.349Z","age":39},"registered":{"date":"2020-05-31T11:16:42.973Z","age":3},"phone":"033-4314-494","cell":"065-7607-822","id":{"name":"SID","value":"568683238"},"picture":{"large":"https://randomuser.me/api/portraits/men/48.jpg","medium":"https://randomuser.me/api/portraits/med/men/48.jpg","thumbnail":"https://randomuser.me/api/portraits/thumb/men/48.jpg"},"nat":"RS"}],"info":{"seed":"d01d6708b2c9bde2","results":1,"page":1,"version":"1.4"}} 
 </msg>
<msg time="2024-05-10T05:13:48.266419" level="INFO">/opt/hostedtoolcache/Python/3.12.3/x64/lib/python3.12/site-packages/urllib3/connectionpool.py:1103: InsecureRequestWarning: Unverified HTTPS request is being made to host 'randomuser.me'. Adding certificate verification is strongly advised. See: https://urllib3.readthedocs.io/en/latest/advanced-usage.html#tls-warnings
  warnings.warn(</msg>
<msg time="2024-05-10T05:13:48.266562" level="INFO">${response} = &lt;Response [200]&gt;</msg>
<var>${response}</var>
<arg>consultarAPI</arg>
<arg>/api</arg>
<doc>Sends a GET request on a previously created HTTP Session.</doc>
<status status="PASS" start="2024-05-10T05:13:48.157210" elapsed="0.109392"/>
</kw>
<kw name="Set Variable" owner="BuiltIn">
<msg time="2024-05-10T05:13:48.267703" level="INFO">${json_data} = {'results': [{'gender': 'male', 'name': {'title': 'Mr', 'first': 'Želimir', 'last': 'Mišković'}, 'location': {'street': {'number': 5546, 'name': 'Sretena Stojanovića'}, 'city': 'Bačka Topola', 'state'...</msg>
<var>${json_data}</var>
<arg>${response.json()}</arg>
<doc>Returns the given values which can then be assigned to a variables.</doc>
<status status="PASS" start="2024-05-10T05:13:48.267165" elapsed="0.000568"/>
</kw>
<kw name="Log" owner="BuiltIn">
<msg time="2024-05-10T05:13:48.268202" level="INFO">{'results': [{'gender': 'male', 'name': {'title': 'Mr', 'first': 'Želimir', 'last': 'Mišković'}, 'location': {'street': {'number': 5546, 'name': 'Sretena Stojanovića'}, 'city': 'Bačka Topola', 'state': 'South Bačka', 'country': 'Serbia', 'postcode': 54330, 'coordinates': {'latitude': '57.8159', 'longitude': '-152.0135'}, 'timezone': {'offset': '-6:00', 'description': 'Central Time (US &amp; Canada), Mexico City'}}, 'email': 'zelimir.miskovic@example.com', 'login': {'uuid': 'f638c1c7-7728-4049-a5db-dbe7f675276e', 'username': 'ticklishpanda870', 'password': 'fatima', 'salt': 'DBjHdqM4', 'md5': 'a2d5626226db6ca7c86c757b58fac270', 'sha1': '55ce997ef3ae296825a1e3d3db786ea9d9719370', 'sha256': 'f24b5b569c4f93241c18c887c1b704678601cfc799a4e14e95c09dcad14e92e7'}, 'dob': {'date': '1984-08-27T00:56:02.349Z', 'age': 39}, 'registered': {'date': '2020-05-31T11:16:42.973Z', 'age': 3}, 'phone': '033-4314-494', 'cell': '065-7607-822', 'id': {'name': 'SID', 'value': '568683238'}, 'picture': {'large': 'https://randomuser.me/api/portraits/men/48.jpg', 'medium': 'https://randomuser.me/api/portraits/med/men/48.jpg', 'thumbnail': 'https://randomuser.me/api/portraits/thumb/men/48.jpg'}, 'nat': 'RS'}], 'info': {'seed': 'd01d6708b2c9bde2', 'results': 1, 'page': 1, 'version': '1.4'}}</msg>
<arg>${json_data}</arg>
<doc>Logs the given message with the given level.</doc>
<status status="PASS" start="2024-05-10T05:13:48.268043" elapsed="0.000253"/>
</kw>
<kw name="Should Be Equal As Numbers" owner="BuiltIn">
<arg>${json_data['results'][0]['location']['postcode']}</arg>
<arg>${json_data['results'][0]['location']['postcode']}</arg>
<doc>Fails if objects are unequal after converting them to real numbers.</doc>
<status status="PASS" start="2024-05-10T05:13:48.268599" elapsed="0.000861"/>
</kw>
<kw name="Log" owner="BuiltIn">
<msg time="2024-05-10T05:13:48.269991" level="INFO">54330</msg>
<arg>${json_data['results'][0]['location']['postcode']}</arg>
<doc>Logs the given message with the given level.</doc>
<status status="PASS" start="2024-05-10T05:13:48.269655" elapsed="0.000375"/>
</kw>
<status status="PASS" start="2024-05-10T05:13:48.156974" elapsed="0.113310"/>
</kw>
<doc>Testa se os tipos de dados na resposta da API estão corretos.</doc>
<tag>testeTiposDados</tag>
<status status="PASS" start="2024-05-10T05:13:47.835738" elapsed="0.434719"/>
</test>
<test id="s1-s1-t5" name="Validar conteudo" line="35">
<kw name="Teste de Tipos de Conteudo" owner="random-user-service">
<kw name="GET On Session" owner="RequestsLibrary">
<msg time="2024-05-10T05:13:48.369958" level="INFO">GET Request : url=https://randomuser.me/api 
 path_url=/api 
 headers={'User-Agent': 'python-requests/2.31.0', 'Accept-Encoding': 'gzip, deflate', 'Accept': '*/*', 'Connection': 'keep-alive'} 
 body=None 
 </msg>
<msg time="2024-05-10T05:13:48.370092" level="INFO">GET Response : url=https://randomuser.me/api 
 status=200, reason=OK 
 headers={'Date': 'Fri, 10 May 2024 05:13:48 GMT', 'Content-Type': 'application/json; charset=utf-8', 'Transfer-Encoding': 'chunked', 'Connection': 'keep-alive', 'X-Powered-By': 'Express', 'Access-Control-Allow-Origin': '*', 'Cache-Control': 'no-cache', 'ETag': 'W/"498-8CBwTS8OtSGMMtT7mrnydFelxGE"', 'Vary': 'Accept-Encoding', 'Content-Encoding': 'gzip', 'CF-Cache-Status': 'DYNAMIC', 'Report-To': '{"endpoints":[{"url":"https:\\/\\/a.nel.cloudflare.com\\/report\\/v4?s=ibRvZnrH80BctE4TqCKeV%2BF6Cl90WHkFoHDovPEgX8B6J6Tj4ZlzWMT2WyKTBUY2Ku0VTNmZ9tp9Nqlqsph4okKf%2BaiNoreR%2BUI6zqqqA%2FRdoekTKIyqVosO4aody7gq"}],"group":"cf-nel","max_age":604800}', 'NEL': '{"success_fraction":0,"report_to":"cf-nel","max_age":604800}', 'Server': 'cloudflare', 'CF-RAY': '8817712cbd292f7a-LAX', 'alt-svc': 'h3=":443"; ma=86400'} 
 body={"results":[{"gender":"female","name":{"title":"Mrs","first":"Leta","last":"Holland"},"location":{"street":{"number":1759,"name":"Eason Rd"},"city":"Hervey Bay","state":"Western Australia","country":"Australia","postcode":4706,"coordinates":{"latitude":"-89.4002","longitude":"10.3226"},"timezone":{"offset":"+4:00","description":"Abu Dhabi, Muscat, Baku, Tbilisi"}},"email":"leta.holland@example.com","login":{"uuid":"96aa237f-4f83-4df0-a6a5-96e062fa1607","username":"goldenmeercat466","password":"nitram","salt":"9Fo18ajy","md5":"419d06ec24eb1fba3b4e4b1a9d241024","sha1":"77d7a06f183c908c173962211fb3cb370b06b635","sha256":"720183e6c75d0051b7a13f4d044b118eb76d1c13269f6f18117eaa82d23b638d"},"dob":{"date":"1995-12-03T10:52:31.502Z","age":28},"registered":{"date":"2003-02-06T05:18:04.441Z","age":21},"phone":"01-9614-0421","cell":"0440-901-963","id":{"name":"TFN","value":"363537805"},"picture":{"large":"https://randomuser.me/api/portraits/women/37.jpg","medium":"https://randomuser.me/api/portraits/med/women/37.jpg","thumbnail":"https://randomuser.me/api/portraits/thumb/women/37.jpg"},"nat":"AU"}],"info":{"seed":"7300e4a69996d930","results":1,"page":1,"version":"1.4"}} 
 </msg>
<msg time="2024-05-10T05:13:48.370198" level="INFO">/opt/hostedtoolcache/Python/3.12.3/x64/lib/python3.12/site-packages/urllib3/connectionpool.py:1103: InsecureRequestWarning: Unverified HTTPS request is being made to host 'randomuser.me'. Adding certificate verification is strongly advised. See: https://urllib3.readthedocs.io/en/latest/advanced-usage.html#tls-warnings
  warnings.warn(</msg>
<msg time="2024-05-10T05:13:48.370359" level="INFO">${response} = &lt;Response [200]&gt;</msg>
<var>${response}</var>
<arg>consultarAPI</arg>
<arg>/api</arg>
<doc>Sends a GET request on a previously created HTTP Session.</doc>
<status status="PASS" start="2024-05-10T05:13:48.272891" elapsed="0.097511"/>
</kw>
<kw name="Set Variable" owner="BuiltIn">
<msg time="2024-05-10T05:13:48.371748" level="INFO">${json_data} = {'results': [{'gender': 'female', 'name': {'title': 'Mrs', 'first': 'Leta', 'last': 'Holland'}, 'location': {'street': {'number': 1759, 'name': 'Eason Rd'}, 'city': 'Hervey Bay', 'state': 'Western Aus...</msg>
<var>${json_data}</var>
<arg>${response.json()}</arg>
<doc>Returns the given values which can then be assigned to a variables.</doc>
<status status="PASS" start="2024-05-10T05:13:48.371064" elapsed="0.000713"/>
</kw>
<kw name="Set Variable" owner="BuiltIn">
<msg time="2024-05-10T05:13:48.372493" level="INFO">${name_title} = Mrs</msg>
<var>${name_title}</var>
<arg>${json_data["results"][0]["name"]["title"]}</arg>
<doc>Returns the given values which can then be assigned to a variables.</doc>
<status status="PASS" start="2024-05-10T05:13:48.372097" elapsed="0.000422"/>
</kw>
<kw name="Create List" owner="BuiltIn">
<msg time="2024-05-10T05:13:48.373020" level="INFO">${allowed_titles} = ['Mr', 'Ms', 'Miss', 'Mrs', 'Madame', 'Monsieur']</msg>
<var>${allowed_titles}</var>
<arg>Mr</arg>
<arg>Ms</arg>
<arg>Miss</arg>
<arg>Mrs</arg>
<arg>Madame</arg>
<arg>Monsieur</arg>
<doc>Returns a list containing given items.</doc>
<status status="PASS" start="2024-05-10T05:13:48.372824" elapsed="0.000222"/>
</kw>
<kw name="List Should Contain Value" owner="Collections">
<msg time="2024-05-10T05:13:48.373536" level="INFO">False</msg>
<arg>${allowed_titles}</arg>
<arg>${name_title}</arg>
<doc>Fails if the ``value`` is not found from ``list``.</doc>
<status status="PASS" start="2024-05-10T05:13:48.373356" elapsed="0.000217"/>
</kw>
<kw name="Set Variable" owner="BuiltIn">
<msg time="2024-05-10T05:13:48.374260" level="INFO">${name_country} = AU</msg>
<var>${name_country}</var>
<arg>${json_data["results"][0]["nat"]}</arg>
<doc>Returns the given values which can then be assigned to a variables.</doc>
<status status="PASS" start="2024-05-10T05:13:48.373876" elapsed="0.000409"/>
</kw>
<kw name="Create List" owner="BuiltIn">
<msg time="2024-05-10T05:13:48.375178" level="INFO">${list_country} = ['AD', 'AE', 'AF', 'AG', 'AI', 'AL', 'AM', 'AO', 'AQ', 'AR', 'AS', 'AT', 'AU', 'AW', 'AX', 'AZ', 'BA', 'BB', 'BD', 'BE', 'BF', 'BG', 'BH', 'BI', 'BJ', 'BL', 'BM', 'BN', 'BO', 'BQ', 'BR', 'BS', 'BT', '...</msg>
<var>${list_country}</var>
<arg>AD</arg>
<arg>AE</arg>
<arg>AF</arg>
<arg>AG</arg>
<arg>AI</arg>
<arg>AL</arg>
<arg>AM</arg>
<arg>AO</arg>
<arg>AQ</arg>
<arg>AR</arg>
<arg>AS</arg>
<arg>AT</arg>
<arg>AU</arg>
<arg>AW</arg>
<arg>AX</arg>
<arg>AZ</arg>
<arg>BA</arg>
<arg>BB</arg>
<arg>BD</arg>
<arg>BE</arg>
<arg>BF</arg>
<arg>BG</arg>
<arg>BH</arg>
<arg>BI</arg>
<arg>BJ</arg>
<arg>BL</arg>
<arg>BM</arg>
<arg>BN</arg>
<arg>BO</arg>
<arg>BQ</arg>
<arg>BR</arg>
<arg>BS</arg>
<arg>BT</arg>
<arg>BV</arg>
<arg>BW</arg>
<arg>BY</arg>
<arg>BZ</arg>
<arg>CA</arg>
<arg>CC</arg>
<arg>CD</arg>
<arg>CF</arg>
<arg>CG</arg>
<arg>CH</arg>
<arg>CI</arg>
<arg>CK</arg>
<arg>CL</arg>
<arg>CM</arg>
<arg>CN</arg>
<arg>CO</arg>
<arg>CR</arg>
<arg>CU</arg>
<arg>CV</arg>
<arg>CW</arg>
<arg>CX</arg>
<arg>CY</arg>
<arg>CZ</arg>
<arg>DE</arg>
<arg>DJ</arg>
<arg>DK</arg>
<arg>DM</arg>
<arg>DO</arg>
<arg>DZ</arg>
<arg>EC</arg>
<arg>EE</arg>
<arg>EG</arg>
<arg>EH</arg>
<arg>ER</arg>
<arg>ES</arg>
<arg>ET</arg>
<arg>FI</arg>
<arg>FJ</arg>
<arg>FK</arg>
<arg>FM</arg>
<arg>FO</arg>
<arg>FR</arg>
<arg>GA</arg>
<arg>GB</arg>
<arg>GD</arg>
<arg>GE</arg>
<arg>GF</arg>
<arg>GG</arg>
<arg>GH</arg>
<arg>GI</arg>
<arg>GL</arg>
<arg>GM</arg>
<arg>GN</arg>
<arg>GP</arg>
<arg>GQ</arg>
<arg>GR</arg>
<arg>GS</arg>
<arg>GT</arg>
<arg>GU</arg>
<arg>GW</arg>
<arg>GY</arg>
<arg>HK</arg>
<arg>HM</arg>
<arg>HN</arg>
<arg>HR</arg>
<arg>HT</arg>
<arg>HU</arg>
<arg>ID</arg>
<arg>IE</arg>
<arg>IL</arg>
<arg>IM</arg>
<arg>IN</arg>
<arg>IO</arg>
<arg>IQ</arg>
<arg>IR</arg>
<arg>IS</arg>
<arg>IT</arg>
<arg>JE</arg>
<arg>JM</arg>
<arg>JO</arg>
<arg>JP</arg>
<arg>KE</arg>
<arg>KG</arg>
<arg>KH</arg>
<arg>KI</arg>
<arg>KM</arg>
<arg>KN</arg>
<arg>KP</arg>
<arg>KR</arg>
<arg>KW</arg>
<arg>KY</arg>
<arg>KZ</arg>
<arg>LA</arg>
<arg>LB</arg>
<arg>LC</arg>
<arg>LI</arg>
<arg>LK</arg>
<arg>LR</arg>
<arg>LS</arg>
<arg>LT</arg>
<arg>LU</arg>
<arg>LV</arg>
<arg>LY</arg>
<arg>MA</arg>
<arg>MC</arg>
<arg>MD</arg>
<arg>ME</arg>
<arg>MF</arg>
<arg>MG</arg>
<arg>MH</arg>
<arg>MK</arg>
<arg>ML</arg>
<arg>MM</arg>
<arg>MN</arg>
<arg>MO</arg>
<arg>MP</arg>
<arg>MQ</arg>
<arg>MR</arg>
<arg>MS</arg>
<arg>MT</arg>
<arg>MU</arg>
<arg>MV</arg>
<arg>MW</arg>
<arg>MX</arg>
<arg>MY</arg>
<arg>MZ</arg>
<arg>NA</arg>
<arg>NC</arg>
<arg>NE</arg>
<arg>NF</arg>
<arg>NG</arg>
<arg>NI</arg>
<arg>NL</arg>
<arg>NO</arg>
<arg>NP</arg>
<arg>NR</arg>
<arg>NU</arg>
<arg>NZ</arg>
<arg>OM</arg>
<arg>PA</arg>
<arg>PE</arg>
<arg>PF</arg>
<arg>PG</arg>
<arg>PH</arg>
<arg>PK</arg>
<arg>PL</arg>
<arg>PM</arg>
<arg>PN</arg>
<arg>PR</arg>
<arg>PS</arg>
<arg>PT</arg>
<arg>PW</arg>
<arg>PY</arg>
<arg>QA</arg>
<arg>RE</arg>
<arg>RO</arg>
<arg>RS</arg>
<arg>RU</arg>
<arg>RW</arg>
<arg>SA</arg>
<arg>SB</arg>
<arg>SC</arg>
<arg>SD</arg>
<arg>SE</arg>
<arg>SG</arg>
<arg>SH</arg>
<arg>SI</arg>
<arg>SJ</arg>
<arg>SK</arg>
<arg>SL</arg>
<arg>SM</arg>
<arg>SN</arg>
<arg>SO</arg>
<arg>SR</arg>
<arg>SS</arg>
<arg>ST</arg>
<arg>SV</arg>
<arg>SX</arg>
<arg>SY</arg>
<arg>SZ</arg>
<arg>TC</arg>
<arg>TD</arg>
<arg>TF</arg>
<arg>TG</arg>
<arg>TH</arg>
<arg>TJ</arg>
<arg>TK</arg>
<arg>TL</arg>
<arg>TM</arg>
<arg>TN</arg>
<arg>TO</arg>
<arg>TR</arg>
<arg>TT</arg>
<arg>TV</arg>
<arg>TW</arg>
<arg>TZ</arg>
<arg>UA</arg>
<arg>UG</arg>
<arg>UM</arg>
<arg>US</arg>
<arg>UY</arg>
<arg>UZ</arg>
<arg>VA</arg>
<arg>VC</arg>
<arg>VE</arg>
<arg>VG</arg>
<arg>VI</arg>
<arg>VN</arg>
<arg>VU</arg>
<arg>WF</arg>
<arg>WS</arg>
<arg>XK</arg>
<arg>YE</arg>
<arg>YT</arg>
<arg>ZA</arg>
<arg>ZM</arg>
<arg>ZW</arg>
<doc>Returns a list containing given items.</doc>
<status status="PASS" start="2024-05-10T05:13:48.374587" elapsed="0.000617"/>
</kw>
<kw name="List Should Contain Value" owner="Collections">
<msg time="2024-05-10T05:13:48.376196" level="INFO">False</msg>
<arg>${list_country}</arg>
<arg>${name_country}</arg>
<doc>Fails if the ``value`` is not found from ``list``.</doc>
<status status="PASS" start="2024-05-10T05:13:48.375997" elapsed="0.000236"/>
</kw>
<kw name="Run Keyword If" owner="BuiltIn">
<kw name="Should Be True" owner="BuiltIn">
<arg>${True}</arg>
<doc>Fails if the given condition is not true.</doc>
<status status="PASS" start="2024-05-10T05:13:48.377358" elapsed="0.000149"/>
</kw>
<arg>${json_data["results"][0]["location"]["coordinates"]["latitude"]} &gt;= -90 and ${json_data["results"][0]["location"]["coordinates"]["latitude"]} &lt;= 90</arg>
<arg>Should Be True</arg>
<arg>${True}</arg>
<doc>Runs the given keyword with the given arguments, if ``condition`` is true.</doc>
<status status="PASS" start="2024-05-10T05:13:48.376545" elapsed="0.001095"/>
</kw>
<kw name="Run Keyword If" owner="BuiltIn">
<kw name="Should Be True" owner="BuiltIn">
<arg>${True}</arg>
<doc>Fails if the given condition is not true.</doc>
<status status="PASS" start="2024-05-10T05:13:48.378524" elapsed="0.000260"/>
</kw>
<arg>${json_data["results"][0]["location"]["coordinates"]["longitude"]} &gt;= -180 and ${json_data["results"][0]["location"]["coordinates"]["longitude"]} &lt;= 180</arg>
<arg>Should Be True</arg>
<arg>${True}</arg>
<doc>Runs the given keyword with the given arguments, if ``condition`` is true.</doc>
<status status="PASS" start="2024-05-10T05:13:48.377827" elapsed="0.001085"/>
</kw>
<status status="PASS" start="2024-05-10T05:13:48.272646" elapsed="0.106399"/>
</kw>
<doc>Testa o conteúdo específico dos campos retornados pela API.</doc>
<tag>testeConteudo</tag>
<status status="PASS" start="2024-05-10T05:13:48.272192" elapsed="0.107010"/>
</test>
<status status="PASS" start="2024-05-10T05:13:47.217560" elapsed="1.163619"/>
</suite>
<status status="PASS" start="2024-05-10T05:13:47.204086" elapsed="1.182154"/>
</suite>
<statistics>
<total>
<stat pass="5" fail="0" skip="0">All Tests</stat>
</total>
<tag>
<stat pass="1" fail="0" skip="0">testeConteudo</stat>
<stat pass="1" fail="0" skip="0">testeEstruturaResposta</stat>
<stat pass="1" fail="0" skip="0">testeRequisicaoBasica</stat>
<stat pass="1" fail="0" skip="0">testeTiposDados</stat>
</tag>
<suite>
<stat pass="5" fail="0" skip="0" id="s1" name="Tests">Tests</stat>
<stat pass="5" fail="0" skip="0" id="s1-s1" name="Random-User-Test">Tests.Random-User-Test</stat>
</suite>
</statistics>
<errors>
</errors>
</robot>
