<?xml version="1.0" encoding="UTF-8"?>
<robot generator="Robot 7.0.1 (Python 3.12.4 on linux)" generated="2024-07-13T19:12:13.704731" rpa="false" schemaversion="5">
<suite id="s1" name="Tests" source="/home/runner/work/ApiRandomUser/ApiRandomUser/RamdonUser/tests">
<suite id="s1-s1" name="Random-User-Test" source="/home/runner/work/ApiRandomUser/ApiRandomUser/RamdonUser/tests/random-user-test.robot">
<test id="s1-s1-t1" name="Conectar" line="13">
<kw name="Conectar API" owner="random-user-service">
<kw name="Create Session" owner="RequestsLibrary">
<msg time="2024-07-13T19:12:14.092355" level="INFO">Creating Session using : alias=consultarAPI, url=https://randomuser.me/, headers={},                     cookies={}, auth=None, timeout=None, proxies=None, verify=False,                     debug=0 </msg>
<arg>consultarAPI</arg>
<arg>${URL}</arg>
<doc>Create Session: create a HTTP session to a server</doc>
<status status="PASS" start="2024-07-13T19:12:14.092144" elapsed="0.000383"/>
</kw>
<status status="PASS" start="2024-07-13T19:12:14.091207" elapsed="0.001669"/>
</kw>
<status status="PASS" start="2024-07-13T19:12:14.090619" elapsed="0.002448"/>
</test>
<test id="s1-s1-t2" name="Validar retorno 200 e JSON Válido" line="16">
<kw name="Teste de Requisicao Basica" owner="random-user-service">
<kw name="GET On Session" owner="RequestsLibrary">
<msg time="2024-07-13T19:12:14.291082" level="INFO">GET Request : url=https://randomuser.me/api 
 path_url=/api 
 headers={'User-Agent': 'python-requests/2.32.3', 'Accept-Encoding': 'gzip, deflate', 'Accept': '*/*', 'Connection': 'keep-alive'} 
 body=None 
 </msg>
<msg time="2024-07-13T19:12:14.291212" level="INFO">GET Response : url=https://randomuser.me/api 
 status=200, reason=OK 
 headers={'Date': 'Sat, 13 Jul 2024 19:12:14 GMT', 'Content-Type': 'application/json; charset=utf-8', 'Transfer-Encoding': 'chunked', 'Connection': 'keep-alive', 'X-Powered-By': 'Express', 'Access-Control-Allow-Origin': '*', 'Cache-Control': 'no-cache', 'ETag': 'W/"490-Uc6fkZ8PBZRzwmFonqtxaaUPvsw"', 'Vary': 'Accept-Encoding', 'Content-Encoding': 'gzip', 'CF-Cache-Status': 'DYNAMIC', 'Report-To': '{"endpoints":[{"url":"https:\\/\\/a.nel.cloudflare.com\\/report\\/v4?s=nxamYzpVeh82L5pplxtN1LLEiMCZC7OzGakgBmsTY5t00wKXgV5YH%2BXBLOnCPSQ8jr1g6CQ1NW6wTnaPD%2Blqc%2B6qaSc2To9%2F9lRBKXXD2qcEvikFMms4johuM8N6fUhx"}],"group":"cf-nel","max_age":604800}', 'NEL': '{"success_fraction":0,"report_to":"cf-nel","max_age":604800}', 'Server': 'cloudflare', 'CF-RAY': '8a2b955898c62b91-LAX', 'alt-svc': 'h3=":443"; ma=86400'} 
 body={"results":[{"gender":"female","name":{"title":"Ms","first":"Mechthild","last":"Lukas"},"location":{"street":{"number":4735,"name":"Feldstraße"},"city":"Fehmarn","state":"Baden-Württemberg","country":"Germany","postcode":50899,"coordinates":{"latitude":"-50.4977","longitude":"20.9828"},"timezone":{"offset":"-3:30","description":"Newfoundland"}},"email":"mechthild.lukas@example.com","login":{"uuid":"b8d57430-7759-4302-b89f-cc056a64213e","username":"whiterabbit789","password":"mongoose","salt":"CvJmcl8F","md5":"00c8045c0a831dbe996a38e1192f2865","sha1":"130a5e87ee4fb9a107badc4a65160d3bff3ab4be","sha256":"377dafee4e7820df5f298c943867c57a096249665ceefaf920565fe78d0f035f"},"dob":{"date":"1946-09-04T11:13:27.776Z","age":77},"registered":{"date":"2008-09-18T13:13:54.102Z","age":15},"phone":"0642-1029251","cell":"0172-7730916","id":{"name":"SVNR","value":"61 040946 L 965"},"picture":{"large":"https://randomuser.me/api/portraits/women/39.jpg","medium":"https://randomuser.me/api/portraits/med/women/39.jpg","thumbnail":"https://randomuser.me/api/portraits/thumb/women/39.jpg"},"nat":"DE"}],"info":{"seed":"f9eb3206093d5ca2","results":1,"page":1,"version":"1.4"}} 
 </msg>
<msg time="2024-07-13T19:12:14.291293" level="INFO">/opt/hostedtoolcache/Python/3.12.4/x64/lib/python3.12/site-packages/urllib3/connectionpool.py:1099: InsecureRequestWarning: Unverified HTTPS request is being made to host 'randomuser.me'. Adding certificate verification is strongly advised. See: https://urllib3.readthedocs.io/en/latest/advanced-usage.html#tls-warnings
  warnings.warn(</msg>
<msg time="2024-07-13T19:12:14.291421" level="INFO">${response} = &lt;Response [200]&gt;</msg>
<var>${response}</var>
<arg>consultarAPI</arg>
<arg>/api</arg>
<doc>Sends a GET request on a previously created HTTP Session.</doc>
<status status="PASS" start="2024-07-13T19:12:14.095712" elapsed="0.195748"/>
</kw>
<kw name="Should Be Equal As Numbers" owner="BuiltIn">
<msg time="2024-07-13T19:12:14.292316" level="INFO">Argument types are:
&lt;class 'int'&gt;
&lt;class 'str'&gt;</msg>
<arg>${response.status_code}</arg>
<arg>200</arg>
<doc>Fails if objects are unequal after converting them to real numbers.</doc>
<status status="PASS" start="2024-07-13T19:12:14.291900" elapsed="0.000478"/>
</kw>
<kw name="Log" owner="BuiltIn">
<msg time="2024-07-13T19:12:14.293028" level="INFO">200</msg>
<arg>${response.status_code}</arg>
<doc>Logs the given message with the given level.</doc>
<status status="PASS" start="2024-07-13T19:12:14.292688" elapsed="0.000381"/>
</kw>
<kw name="Set Variable" owner="BuiltIn">
<msg time="2024-07-13T19:12:14.293790" level="INFO">${json_data} = {'results': [{'gender': 'female', 'name': {'title': 'Ms', 'first': 'Mechthild', 'last': 'Lukas'}, 'location': {'street': {'number': 4735, 'name': 'Feldstraße'}, 'city': 'Fehmarn', 'state': 'Baden-Würt...</msg>
<var>${json_data}</var>
<arg>${response.json()}</arg>
<doc>Returns the given values which can then be assigned to a variables.</doc>
<status status="PASS" start="2024-07-13T19:12:14.293364" elapsed="0.000454"/>
</kw>
<kw name="Dictionary Should Contain Key" owner="Collections">
<arg>${json_data}</arg>
<arg>results</arg>
<doc>Fails if ``key`` is not found from ``dictionary``.</doc>
<status status="PASS" start="2024-07-13T19:12:14.294112" elapsed="0.000162"/>
</kw>
<status status="PASS" start="2024-07-13T19:12:14.095452" elapsed="0.198965"/>
</kw>
<doc>Testa se a API responde corretamente e retorna um objeto JSON válido.</doc>
<tag>testeRequisicaoBasica</tag>
<status status="PASS" start="2024-07-13T19:12:14.094981" elapsed="0.199603"/>
</test>
<test id="s1-s1-t3" name="Validar estrutura de resposta" line="22">
<kw name="Teste de Estrutura de Resposta" owner="random-user-service">
<kw name="GET On Session" owner="RequestsLibrary">
<msg time="2024-07-13T19:12:14.416857" level="INFO">GET Request : url=https://randomuser.me/api 
 path_url=/api 
 headers={'User-Agent': 'python-requests/2.32.3', 'Accept-Encoding': 'gzip, deflate', 'Accept': '*/*', 'Connection': 'keep-alive'} 
 body=None 
 </msg>
<msg time="2024-07-13T19:12:14.416947" level="INFO">GET Response : url=https://randomuser.me/api 
 status=200, reason=OK 
 headers={'Date': 'Sat, 13 Jul 2024 19:12:14 GMT', 'Content-Type': 'application/json; charset=utf-8', 'Transfer-Encoding': 'chunked', 'Connection': 'keep-alive', 'X-Powered-By': 'Express', 'Access-Control-Allow-Origin': '*', 'Cache-Control': 'no-cache', 'ETag': 'W/"47b-UHw2UUNAXilCGp5o6wp7SSdUtWw"', 'Vary': 'Accept-Encoding', 'Content-Encoding': 'gzip', 'CF-Cache-Status': 'DYNAMIC', 'Report-To': '{"endpoints":[{"url":"https:\\/\\/a.nel.cloudflare.com\\/report\\/v4?s=8rhACUCnefW8MbUBJshQy1M8wEmx3X2e76IT6Us3CsHc9p754iw4YRKDx6ilOr%2Fh2ih2A%2BYCAKZIeWBlCOM2JF1YtjYSABmVS1HDD3riL1X9PhBHvVbzZaY9cIk9Rn%2Bh"}],"group":"cf-nel","max_age":604800}', 'NEL': '{"success_fraction":0,"report_to":"cf-nel","max_age":604800}', 'Server': 'cloudflare', 'CF-RAY': '8a2b955969982b91-LAX', 'alt-svc': 'h3=":443"; ma=86400'} 
 body={"results":[{"gender":"male","name":{"title":"Mr","first":"Nedeljko","last":"Zekić"},"location":{"street":{"number":8625,"name":"Žike Živkovića"},"city":"Trstenik","state":"Pčinja","country":"Serbia","postcode":51805,"coordinates":{"latitude":"56.3531","longitude":"-38.3928"},"timezone":{"offset":"-2:00","description":"Mid-Atlantic"}},"email":"nedeljko.zekic@example.com","login":{"uuid":"8f6dfda7-1871-4fbb-968a-08042eac4941","username":"orangeostrich113","password":"graham","salt":"gGCg8QRe","md5":"cd51020d305700ab57230ad88ad260a1","sha1":"f6bfdcabec634cefb6772aed198ed4c70b0136c5","sha256":"cca14dc4bf4dd60e335c4aad32fd3d11df0ccb5bc36991a0ba8f76d32593570d"},"dob":{"date":"1975-11-08T02:34:30.461Z","age":48},"registered":{"date":"2002-07-14T18:11:00.901Z","age":21},"phone":"019-6735-216","cell":"060-9958-601","id":{"name":"SID","value":"118735636"},"picture":{"large":"https://randomuser.me/api/portraits/men/28.jpg","medium":"https://randomuser.me/api/portraits/med/men/28.jpg","thumbnail":"https://randomuser.me/api/portraits/thumb/men/28.jpg"},"nat":"RS"}],"info":{"seed":"774a6af945953ca9","results":1,"page":1,"version":"1.4"}} 
 </msg>
<msg time="2024-07-13T19:12:14.417079" level="INFO">/opt/hostedtoolcache/Python/3.12.4/x64/lib/python3.12/site-packages/urllib3/connectionpool.py:1099: InsecureRequestWarning: Unverified HTTPS request is being made to host 'randomuser.me'. Adding certificate verification is strongly advised. See: https://urllib3.readthedocs.io/en/latest/advanced-usage.html#tls-warnings
  warnings.warn(</msg>
<msg time="2024-07-13T19:12:14.417214" level="INFO">${response} = &lt;Response [200]&gt;</msg>
<var>${response}</var>
<arg>consultarAPI</arg>
<arg>/api</arg>
<doc>Sends a GET request on a previously created HTTP Session.</doc>
<status status="PASS" start="2024-07-13T19:12:14.297223" elapsed="0.120046"/>
</kw>
<kw name="Set Variable" owner="BuiltIn">
<msg time="2024-07-13T19:12:14.418444" level="INFO">${json_data} = {'results': [{'gender': 'male', 'name': {'title': 'Mr', 'first': 'Nedeljko', 'last': 'Zekić'}, 'location': {'street': {'number': 8625, 'name': 'Žike Živkovića'}, 'city': 'Trstenik', 'state': 'Pčinja',...</msg>
<var>${json_data}</var>
<arg>${response.json()}</arg>
<doc>Returns the given values which can then be assigned to a variables.</doc>
<status status="PASS" start="2024-07-13T19:12:14.417863" elapsed="0.000612"/>
</kw>
<kw name="Log" owner="BuiltIn">
<msg time="2024-07-13T19:12:14.418987" level="INFO">{'results': [{'gender': 'male', 'name': {'title': 'Mr', 'first': 'Nedeljko', 'last': 'Zekić'}, 'location': {'street': {'number': 8625, 'name': 'Žike Živkovića'}, 'city': 'Trstenik', 'state': 'Pčinja', 'country': 'Serbia', 'postcode': 51805, 'coordinates': {'latitude': '56.3531', 'longitude': '-38.3928'}, 'timezone': {'offset': '-2:00', 'description': 'Mid-Atlantic'}}, 'email': 'nedeljko.zekic@example.com', 'login': {'uuid': '8f6dfda7-1871-4fbb-968a-08042eac4941', 'username': 'orangeostrich113', 'password': 'graham', 'salt': 'gGCg8QRe', 'md5': 'cd51020d305700ab57230ad88ad260a1', 'sha1': 'f6bfdcabec634cefb6772aed198ed4c70b0136c5', 'sha256': 'cca14dc4bf4dd60e335c4aad32fd3d11df0ccb5bc36991a0ba8f76d32593570d'}, 'dob': {'date': '1975-11-08T02:34:30.461Z', 'age': 48}, 'registered': {'date': '2002-07-14T18:11:00.901Z', 'age': 21}, 'phone': '019-6735-216', 'cell': '060-9958-601', 'id': {'name': 'SID', 'value': '118735636'}, 'picture': {'large': 'https://randomuser.me/api/portraits/men/28.jpg', 'medium': 'https://randomuser.me/api/portraits/med/men/28.jpg', 'thumbnail': 'https://randomuser.me/api/portraits/thumb/men/28.jpg'}, 'nat': 'RS'}], 'info': {'seed': '774a6af945953ca9', 'results': 1, 'page': 1, 'version': '1.4'}}</msg>
<arg>${json_data}</arg>
<doc>Logs the given message with the given level.</doc>
<status status="PASS" start="2024-07-13T19:12:14.418823" elapsed="0.000216"/>
</kw>
<kw name="Dictionary Should Contain Key" owner="Collections">
<arg>${json_data}</arg>
<arg>results</arg>
<doc>Fails if ``key`` is not found from ``dictionary``.</doc>
<status status="PASS" start="2024-07-13T19:12:14.419333" elapsed="0.000158"/>
</kw>
<kw name="Should Not Be Empty" owner="BuiltIn">
<msg time="2024-07-13T19:12:14.419800" level="INFO">Length is 2.</msg>
<arg>${json_data}</arg>
<doc>Verifies that the given item is not empty.</doc>
<status status="PASS" start="2024-07-13T19:12:14.419670" elapsed="0.000168"/>
</kw>
<kw name="Create List" owner="BuiltIn">
<msg time="2024-07-13T19:12:14.420388" level="INFO">${expected_keys} = ['gender', 'name', 'location', 'email', 'login']</msg>
<var>${expected_keys}</var>
<arg>gender</arg>
<arg>name</arg>
<arg>location</arg>
<arg>email</arg>
<arg>login</arg>
<doc>Returns a list containing given items.</doc>
<status status="PASS" start="2024-07-13T19:12:14.420116" elapsed="0.000296"/>
</kw>
<for flavor="IN">
<iter>
<kw name="Dictionary Should Contain Key" owner="Collections">
<arg>${json_data['results'][0]}</arg>
<arg>${key}</arg>
<doc>Fails if ``key`` is not found from ``dictionary``.</doc>
<status status="PASS" start="2024-07-13T19:12:14.420973" elapsed="0.000398"/>
</kw>
<kw name="Log" owner="BuiltIn">
<msg time="2024-07-13T19:12:14.421918" level="INFO">{'gender': 'male', 'name': {'title': 'Mr', 'first': 'Nedeljko', 'last': 'Zekić'}, 'location': {'street': {'number': 8625, 'name': 'Žike Živkovića'}, 'city': 'Trstenik', 'state': 'Pčinja', 'country': 'Serbia', 'postcode': 51805, 'coordinates': {'latitude': '56.3531', 'longitude': '-38.3928'}, 'timezone': {'offset': '-2:00', 'description': 'Mid-Atlantic'}}, 'email': 'nedeljko.zekic@example.com', 'login': {'uuid': '8f6dfda7-1871-4fbb-968a-08042eac4941', 'username': 'orangeostrich113', 'password': 'graham', 'salt': 'gGCg8QRe', 'md5': 'cd51020d305700ab57230ad88ad260a1', 'sha1': 'f6bfdcabec634cefb6772aed198ed4c70b0136c5', 'sha256': 'cca14dc4bf4dd60e335c4aad32fd3d11df0ccb5bc36991a0ba8f76d32593570d'}, 'dob': {'date': '1975-11-08T02:34:30.461Z', 'age': 48}, 'registered': {'date': '2002-07-14T18:11:00.901Z', 'age': 21}, 'phone': '019-6735-216', 'cell': '060-9958-601', 'id': {'name': 'SID', 'value': '118735636'}, 'picture': {'large': 'https://randomuser.me/api/portraits/men/28.jpg', 'medium': 'https://randomuser.me/api/portraits/med/men/28.jpg', 'thumbnail': 'https://randomuser.me/api/portraits/thumb/men/28.jpg'}, 'nat': 'RS'}</msg>
<arg>${json_data['results'][0]}</arg>
<doc>Logs the given message with the given level.</doc>
<status status="PASS" start="2024-07-13T19:12:14.421553" elapsed="0.000418"/>
</kw>
<kw name="Log" owner="BuiltIn">
<msg time="2024-07-13T19:12:14.422395" level="INFO">gender</msg>
<arg>${key}</arg>
<doc>Logs the given message with the given level.</doc>
<status status="PASS" start="2024-07-13T19:12:14.422269" elapsed="0.000164"/>
</kw>
<var name="${key}">gender</var>
<status status="PASS" start="2024-07-13T19:12:14.420853" elapsed="0.001798"/>
</iter>
<iter>
<kw name="Dictionary Should Contain Key" owner="Collections">
<arg>${json_data['results'][0]}</arg>
<arg>${key}</arg>
<doc>Fails if ``key`` is not found from ``dictionary``.</doc>
<status status="PASS" start="2024-07-13T19:12:14.423058" elapsed="0.000578"/>
</kw>
<kw name="Log" owner="BuiltIn">
<msg time="2024-07-13T19:12:14.424343" level="INFO">{'gender': 'male', 'name': {'title': 'Mr', 'first': 'Nedeljko', 'last': 'Zekić'}, 'location': {'street': {'number': 8625, 'name': 'Žike Živkovića'}, 'city': 'Trstenik', 'state': 'Pčinja', 'country': 'Serbia', 'postcode': 51805, 'coordinates': {'latitude': '56.3531', 'longitude': '-38.3928'}, 'timezone': {'offset': '-2:00', 'description': 'Mid-Atlantic'}}, 'email': 'nedeljko.zekic@example.com', 'login': {'uuid': '8f6dfda7-1871-4fbb-968a-08042eac4941', 'username': 'orangeostrich113', 'password': 'graham', 'salt': 'gGCg8QRe', 'md5': 'cd51020d305700ab57230ad88ad260a1', 'sha1': 'f6bfdcabec634cefb6772aed198ed4c70b0136c5', 'sha256': 'cca14dc4bf4dd60e335c4aad32fd3d11df0ccb5bc36991a0ba8f76d32593570d'}, 'dob': {'date': '1975-11-08T02:34:30.461Z', 'age': 48}, 'registered': {'date': '2002-07-14T18:11:00.901Z', 'age': 21}, 'phone': '019-6735-216', 'cell': '060-9958-601', 'id': {'name': 'SID', 'value': '118735636'}, 'picture': {'large': 'https://randomuser.me/api/portraits/men/28.jpg', 'medium': 'https://randomuser.me/api/portraits/med/men/28.jpg', 'thumbnail': 'https://randomuser.me/api/portraits/thumb/men/28.jpg'}, 'nat': 'RS'}</msg>
<arg>${json_data['results'][0]}</arg>
<doc>Logs the given message with the given level.</doc>
<status status="PASS" start="2024-07-13T19:12:14.423927" elapsed="0.000501"/>
</kw>
<kw name="Log" owner="BuiltIn">
<msg time="2024-07-13T19:12:14.424859" level="INFO">name</msg>
<arg>${key}</arg>
<doc>Logs the given message with the given level.</doc>
<status status="PASS" start="2024-07-13T19:12:14.424730" elapsed="0.000165"/>
</kw>
<var name="${key}">name</var>
<status status="PASS" start="2024-07-13T19:12:14.422887" elapsed="0.002222"/>
</iter>
<iter>
<kw name="Dictionary Should Contain Key" owner="Collections">
<arg>${json_data['results'][0]}</arg>
<arg>${key}</arg>
<doc>Fails if ``key`` is not found from ``dictionary``.</doc>
<status status="PASS" start="2024-07-13T19:12:14.425394" elapsed="0.000386"/>
</kw>
<kw name="Log" owner="BuiltIn">
<msg time="2024-07-13T19:12:14.426313" level="INFO">{'gender': 'male', 'name': {'title': 'Mr', 'first': 'Nedeljko', 'last': 'Zekić'}, 'location': {'street': {'number': 8625, 'name': 'Žike Živkovića'}, 'city': 'Trstenik', 'state': 'Pčinja', 'country': 'Serbia', 'postcode': 51805, 'coordinates': {'latitude': '56.3531', 'longitude': '-38.3928'}, 'timezone': {'offset': '-2:00', 'description': 'Mid-Atlantic'}}, 'email': 'nedeljko.zekic@example.com', 'login': {'uuid': '8f6dfda7-1871-4fbb-968a-08042eac4941', 'username': 'orangeostrich113', 'password': 'graham', 'salt': 'gGCg8QRe', 'md5': 'cd51020d305700ab57230ad88ad260a1', 'sha1': 'f6bfdcabec634cefb6772aed198ed4c70b0136c5', 'sha256': 'cca14dc4bf4dd60e335c4aad32fd3d11df0ccb5bc36991a0ba8f76d32593570d'}, 'dob': {'date': '1975-11-08T02:34:30.461Z', 'age': 48}, 'registered': {'date': '2002-07-14T18:11:00.901Z', 'age': 21}, 'phone': '019-6735-216', 'cell': '060-9958-601', 'id': {'name': 'SID', 'value': '118735636'}, 'picture': {'large': 'https://randomuser.me/api/portraits/men/28.jpg', 'medium': 'https://randomuser.me/api/portraits/med/men/28.jpg', 'thumbnail': 'https://randomuser.me/api/portraits/thumb/men/28.jpg'}, 'nat': 'RS'}</msg>
<arg>${json_data['results'][0]}</arg>
<doc>Logs the given message with the given level.</doc>
<status status="PASS" start="2024-07-13T19:12:14.425961" elapsed="0.000403"/>
</kw>
<kw name="Log" owner="BuiltIn">
<msg time="2024-07-13T19:12:14.426818" level="INFO">location</msg>
<arg>${key}</arg>
<doc>Logs the given message with the given level.</doc>
<status status="PASS" start="2024-07-13T19:12:14.426660" elapsed="0.000197"/>
</kw>
<var name="${key}">location</var>
<status status="PASS" start="2024-07-13T19:12:14.425285" elapsed="0.001793"/>
</iter>
<iter>
<kw name="Dictionary Should Contain Key" owner="Collections">
<arg>${json_data['results'][0]}</arg>
<arg>${key}</arg>
<doc>Fails if ``key`` is not found from ``dictionary``.</doc>
<status status="PASS" start="2024-07-13T19:12:14.427362" elapsed="0.000386"/>
</kw>
<kw name="Log" owner="BuiltIn">
<msg time="2024-07-13T19:12:14.428289" level="INFO">{'gender': 'male', 'name': {'title': 'Mr', 'first': 'Nedeljko', 'last': 'Zekić'}, 'location': {'street': {'number': 8625, 'name': 'Žike Živkovića'}, 'city': 'Trstenik', 'state': 'Pčinja', 'country': 'Serbia', 'postcode': 51805, 'coordinates': {'latitude': '56.3531', 'longitude': '-38.3928'}, 'timezone': {'offset': '-2:00', 'description': 'Mid-Atlantic'}}, 'email': 'nedeljko.zekic@example.com', 'login': {'uuid': '8f6dfda7-1871-4fbb-968a-08042eac4941', 'username': 'orangeostrich113', 'password': 'graham', 'salt': 'gGCg8QRe', 'md5': 'cd51020d305700ab57230ad88ad260a1', 'sha1': 'f6bfdcabec634cefb6772aed198ed4c70b0136c5', 'sha256': 'cca14dc4bf4dd60e335c4aad32fd3d11df0ccb5bc36991a0ba8f76d32593570d'}, 'dob': {'date': '1975-11-08T02:34:30.461Z', 'age': 48}, 'registered': {'date': '2002-07-14T18:11:00.901Z', 'age': 21}, 'phone': '019-6735-216', 'cell': '060-9958-601', 'id': {'name': 'SID', 'value': '118735636'}, 'picture': {'large': 'https://randomuser.me/api/portraits/men/28.jpg', 'medium': 'https://randomuser.me/api/portraits/med/men/28.jpg', 'thumbnail': 'https://randomuser.me/api/portraits/thumb/men/28.jpg'}, 'nat': 'RS'}</msg>
<arg>${json_data['results'][0]}</arg>
<doc>Logs the given message with the given level.</doc>
<status status="PASS" start="2024-07-13T19:12:14.427936" elapsed="0.000403"/>
</kw>
<kw name="Log" owner="BuiltIn">
<msg time="2024-07-13T19:12:14.428761" level="INFO">email</msg>
<arg>${key}</arg>
<doc>Logs the given message with the given level.</doc>
<status status="PASS" start="2024-07-13T19:12:14.428630" elapsed="0.000168"/>
</kw>
<var name="${key}">email</var>
<status status="PASS" start="2024-07-13T19:12:14.427255" elapsed="0.001757"/>
</iter>
<iter>
<kw name="Dictionary Should Contain Key" owner="Collections">
<arg>${json_data['results'][0]}</arg>
<arg>${key}</arg>
<doc>Fails if ``key`` is not found from ``dictionary``.</doc>
<status status="PASS" start="2024-07-13T19:12:14.429291" elapsed="0.000382"/>
</kw>
<kw name="Log" owner="BuiltIn">
<msg time="2024-07-13T19:12:14.430197" level="INFO">{'gender': 'male', 'name': {'title': 'Mr', 'first': 'Nedeljko', 'last': 'Zekić'}, 'location': {'street': {'number': 8625, 'name': 'Žike Živkovića'}, 'city': 'Trstenik', 'state': 'Pčinja', 'country': 'Serbia', 'postcode': 51805, 'coordinates': {'latitude': '56.3531', 'longitude': '-38.3928'}, 'timezone': {'offset': '-2:00', 'description': 'Mid-Atlantic'}}, 'email': 'nedeljko.zekic@example.com', 'login': {'uuid': '8f6dfda7-1871-4fbb-968a-08042eac4941', 'username': 'orangeostrich113', 'password': 'graham', 'salt': 'gGCg8QRe', 'md5': 'cd51020d305700ab57230ad88ad260a1', 'sha1': 'f6bfdcabec634cefb6772aed198ed4c70b0136c5', 'sha256': 'cca14dc4bf4dd60e335c4aad32fd3d11df0ccb5bc36991a0ba8f76d32593570d'}, 'dob': {'date': '1975-11-08T02:34:30.461Z', 'age': 48}, 'registered': {'date': '2002-07-14T18:11:00.901Z', 'age': 21}, 'phone': '019-6735-216', 'cell': '060-9958-601', 'id': {'name': 'SID', 'value': '118735636'}, 'picture': {'large': 'https://randomuser.me/api/portraits/men/28.jpg', 'medium': 'https://randomuser.me/api/portraits/med/men/28.jpg', 'thumbnail': 'https://randomuser.me/api/portraits/thumb/men/28.jpg'}, 'nat': 'RS'}</msg>
<arg>${json_data['results'][0]}</arg>
<doc>Logs the given message with the given level.</doc>
<status status="PASS" start="2024-07-13T19:12:14.429851" elapsed="0.000397"/>
</kw>
<kw name="Log" owner="BuiltIn">
<msg time="2024-07-13T19:12:14.430664" level="INFO">login</msg>
<arg>${key}</arg>
<doc>Logs the given message with the given level.</doc>
<status status="PASS" start="2024-07-13T19:12:14.430540" elapsed="0.000160"/>
</kw>
<var name="${key}">login</var>
<status status="PASS" start="2024-07-13T19:12:14.429180" elapsed="0.001769"/>
</iter>
<var>${key}</var>
<value>@{expected_keys}</value>
<status status="PASS" start="2024-07-13T19:12:14.420672" elapsed="0.010397"/>
</for>
<kw name="Create List" owner="BuiltIn">
<msg time="2024-07-13T19:12:14.431391" level="INFO">${expected_keysTwo} = ['username', 'password']</msg>
<var>${expected_keysTwo}</var>
<arg>username</arg>
<arg>password</arg>
<doc>Returns a list containing given items.</doc>
<status status="PASS" start="2024-07-13T19:12:14.431253" elapsed="0.000162"/>
</kw>
<for flavor="IN">
<iter>
<kw name="Dictionary Should Contain Key" owner="Collections">
<arg>${json_data['results'][0]['login']}</arg>
<arg>${keyTwo}</arg>
<doc>Fails if ``key`` is not found from ``dictionary``.</doc>
<status status="PASS" start="2024-07-13T19:12:14.431933" elapsed="0.000384"/>
</kw>
<kw name="Dictionary Should Contain Key" owner="Collections">
<arg>${json_data['results'][0]['login']}</arg>
<arg>${keyTwo}</arg>
<doc>Fails if ``key`` is not found from ``dictionary``.</doc>
<status status="PASS" start="2024-07-13T19:12:14.432496" elapsed="0.000371"/>
</kw>
<kw name="Log" owner="BuiltIn">
<msg time="2024-07-13T19:12:14.433164" level="INFO">username</msg>
<arg>${keyTwo}</arg>
<doc>Logs the given message with the given level.</doc>
<status status="PASS" start="2024-07-13T19:12:14.433046" elapsed="0.000155"/>
</kw>
<var name="${keyTwo}">username</var>
<status status="PASS" start="2024-07-13T19:12:14.431820" elapsed="0.001598"/>
</iter>
<iter>
<kw name="Dictionary Should Contain Key" owner="Collections">
<arg>${json_data['results'][0]['login']}</arg>
<arg>${keyTwo}</arg>
<doc>Fails if ``key`` is not found from ``dictionary``.</doc>
<status status="PASS" start="2024-07-13T19:12:14.433690" elapsed="0.000381"/>
</kw>
<kw name="Dictionary Should Contain Key" owner="Collections">
<arg>${json_data['results'][0]['login']}</arg>
<arg>${keyTwo}</arg>
<doc>Fails if ``key`` is not found from ``dictionary``.</doc>
<status status="PASS" start="2024-07-13T19:12:14.434245" elapsed="0.000363"/>
</kw>
<kw name="Log" owner="BuiltIn">
<msg time="2024-07-13T19:12:14.434940" level="INFO">password</msg>
<arg>${keyTwo}</arg>
<doc>Logs the given message with the given level.</doc>
<status status="PASS" start="2024-07-13T19:12:14.434815" elapsed="0.000167"/>
</kw>
<var name="${keyTwo}">password</var>
<status status="PASS" start="2024-07-13T19:12:14.433585" elapsed="0.001706"/>
</iter>
<var>${keyTwo}</var>
<value>@{expected_keysTwo}</value>
<status status="PASS" start="2024-07-13T19:12:14.431671" elapsed="0.003741"/>
</for>
<status status="PASS" start="2024-07-13T19:12:14.296995" elapsed="0.138552"/>
</kw>
<doc>Testa a estrutura da resposta da API.</doc>
<tag>testeEstruturaResposta</tag>
<status status="PASS" start="2024-07-13T19:12:14.296426" elapsed="0.139267"/>
</test>
<test id="s1-s1-t4" name="Validar tipos de dados" line="28">
<kw name="Teste de Tipos de Dados" owner="random-user-service">
<kw name="GET On Session" owner="RequestsLibrary">
<msg time="2024-07-13T19:12:14.545434" level="INFO">GET Request : url=https://randomuser.me/api 
 path_url=/api 
 headers={'User-Agent': 'python-requests/2.32.3', 'Accept-Encoding': 'gzip, deflate', 'Accept': '*/*', 'Connection': 'keep-alive'} 
 body=None 
 </msg>
<msg time="2024-07-13T19:12:14.545527" level="INFO">GET Response : url=https://randomuser.me/api 
 status=200, reason=OK 
 headers={'Date': 'Sat, 13 Jul 2024 19:12:14 GMT', 'Content-Type': 'application/json; charset=utf-8', 'Transfer-Encoding': 'chunked', 'Connection': 'keep-alive', 'X-Powered-By': 'Express', 'Access-Control-Allow-Origin': '*', 'Cache-Control': 'no-cache', 'ETag': 'W/"489-g+rplg+hlUiBMcfWx9F5jFsKfC4"', 'Vary': 'Accept-Encoding', 'Content-Encoding': 'gzip', 'CF-Cache-Status': 'DYNAMIC', 'Report-To': '{"endpoints":[{"url":"https:\\/\\/a.nel.cloudflare.com\\/report\\/v4?s=vK178Qd%2BZRGGfJkRCXVg4UBxtQg5lIAO2ZHVhHXG96eXE6%2BxZVBc8oxVwX2ofO9uTWfd0sxjs9m7N9FebvO3S1XOV83kSXPvkshe9wjTBh2JLBDjeFJVOtjve0dPx0ZJ"}],"group":"cf-nel","max_age":604800}', 'NEL': '{"success_fraction":0,"report_to":"cf-nel","max_age":604800}', 'Server': 'cloudflare', 'CF-RAY': '8a2b955a4a972b91-LAX', 'alt-svc': 'h3=":443"; ma=86400'} 
 body={"results":[{"gender":"female","name":{"title":"Miss","first":"Jadey","last":"Kolk"},"location":{"street":{"number":4473,"name":"Goudsmedengilde"},"city":"Boornzwaag","state":"Utrecht","country":"Netherlands","postcode":"6826 NH","coordinates":{"latitude":"35.6381","longitude":"162.0649"},"timezone":{"offset":"-11:00","description":"Midway Island, Samoa"}},"email":"jadey.kolk@example.com","login":{"uuid":"6640791c-9156-4a96-883a-fe2ad9fa5dd4","username":"redwolf918","password":"ccccccc","salt":"euyOKzqI","md5":"2445563d9b80f621bdf447614cbbbde0","sha1":"7e0f18bc6bd017b2ca340427b38c5dc163b58b3a","sha256":"d4ab72cd3f1499489242e07ff69129ed6f508e1c04624b15d15ede05a15a7008"},"dob":{"date":"1951-12-09T18:01:14.658Z","age":72},"registered":{"date":"2014-12-30T10:01:24.653Z","age":9},"phone":"(0145) 139904","cell":"(06) 96822223","id":{"name":"BSN","value":"35276512"},"picture":{"large":"https://randomuser.me/api/portraits/women/83.jpg","medium":"https://randomuser.me/api/portraits/med/women/83.jpg","thumbnail":"https://randomuser.me/api/portraits/thumb/women/83.jpg"},"nat":"NL"}],"info":{"seed":"045e8cdfd32f9fa7","results":1,"page":1,"version":"1.4"}} 
 </msg>
<msg time="2024-07-13T19:12:14.545604" level="INFO">/opt/hostedtoolcache/Python/3.12.4/x64/lib/python3.12/site-packages/urllib3/connectionpool.py:1099: InsecureRequestWarning: Unverified HTTPS request is being made to host 'randomuser.me'. Adding certificate verification is strongly advised. See: https://urllib3.readthedocs.io/en/latest/advanced-usage.html#tls-warnings
  warnings.warn(</msg>
<msg time="2024-07-13T19:12:14.545708" level="INFO">${response} = &lt;Response [200]&gt;</msg>
<var>${response}</var>
<arg>consultarAPI</arg>
<arg>/api</arg>
<doc>Sends a GET request on a previously created HTTP Session.</doc>
<status status="PASS" start="2024-07-13T19:12:14.438163" elapsed="0.107585"/>
</kw>
<kw name="Set Variable" owner="BuiltIn">
<msg time="2024-07-13T19:12:14.546858" level="INFO">${json_data} = {'results': [{'gender': 'female', 'name': {'title': 'Miss', 'first': 'Jadey', 'last': 'Kolk'}, 'location': {'street': {'number': 4473, 'name': 'Goudsmedengilde'}, 'city': 'Boornzwaag', 'state': 'Utrec...</msg>
<var>${json_data}</var>
<arg>${response.json()}</arg>
<doc>Returns the given values which can then be assigned to a variables.</doc>
<status status="PASS" start="2024-07-13T19:12:14.546250" elapsed="0.000638"/>
</kw>
<kw name="Log" owner="BuiltIn">
<msg time="2024-07-13T19:12:14.547371" level="INFO">{'results': [{'gender': 'female', 'name': {'title': 'Miss', 'first': 'Jadey', 'last': 'Kolk'}, 'location': {'street': {'number': 4473, 'name': 'Goudsmedengilde'}, 'city': 'Boornzwaag', 'state': 'Utrecht', 'country': 'Netherlands', 'postcode': '6826 NH', 'coordinates': {'latitude': '35.6381', 'longitude': '162.0649'}, 'timezone': {'offset': '-11:00', 'description': 'Midway Island, Samoa'}}, 'email': 'jadey.kolk@example.com', 'login': {'uuid': '6640791c-9156-4a96-883a-fe2ad9fa5dd4', 'username': 'redwolf918', 'password': 'ccccccc', 'salt': 'euyOKzqI', 'md5': '2445563d9b80f621bdf447614cbbbde0', 'sha1': '7e0f18bc6bd017b2ca340427b38c5dc163b58b3a', 'sha256': 'd4ab72cd3f1499489242e07ff69129ed6f508e1c04624b15d15ede05a15a7008'}, 'dob': {'date': '1951-12-09T18:01:14.658Z', 'age': 72}, 'registered': {'date': '2014-12-30T10:01:24.653Z', 'age': 9}, 'phone': '(0145) 139904', 'cell': '(06) 96822223', 'id': {'name': 'BSN', 'value': '35276512'}, 'picture': {'large': 'https://randomuser.me/api/portraits/women/83.jpg', 'medium': 'https://randomuser.me/api/portraits/med/women/83.jpg', 'thumbnail': 'https://randomuser.me/api/portraits/thumb/women/83.jpg'}, 'nat': 'NL'}], 'info': {'seed': '045e8cdfd32f9fa7', 'results': 1, 'page': 1, 'version': '1.4'}}</msg>
<arg>${json_data}</arg>
<doc>Logs the given message with the given level.</doc>
<status status="PASS" start="2024-07-13T19:12:14.547213" elapsed="0.000205"/>
</kw>
<kw name="Should Be String" owner="String">
<arg>${json_data['results'][0]['gender']}</arg>
<doc>Fails if the given ``item`` is not a string.</doc>
<status status="PASS" start="2024-07-13T19:12:14.547716" elapsed="0.000372"/>
</kw>
<kw name="Should Match Regexp" owner="BuiltIn">
<arg>${json_data['results'][0]['email']}</arg>
<arg>^[a-zA-Z0-9._%+-]+@[a-zA-Z0-9.-]+\.[a-zA-Z]{2,}$</arg>
<doc>Fails if ``string`` does not match ``pattern`` as a regular expression.</doc>
<status status="PASS" start="2024-07-13T19:12:14.548277" elapsed="0.000509"/>
</kw>
<kw name="Should Match Regexp" owner="BuiltIn">
<arg>${json_data['results'][0]['dob']['date']}</arg>
<arg>\\d{4}-\\d{2}-\\d{2}T\\d{2}:\\d{2}:\\d{2}\\.\\d{3}Z</arg>
<doc>Fails if ``string`` does not match ``pattern`` as a regular expression.</doc>
<status status="PASS" start="2024-07-13T19:12:14.549018" elapsed="0.000496"/>
</kw>
<kw name="Should Match Regexp" owner="BuiltIn">
<arg>${json_data['results'][0]['registered']['date']}</arg>
<arg>\\d{4}-\\d{2}-\\d{2}T\\d{2}:\\d{2}:\\d{2}\\.\\d{3}Z</arg>
<doc>Fails if ``string`` does not match ``pattern`` as a regular expression.</doc>
<status status="PASS" start="2024-07-13T19:12:14.549704" elapsed="0.000364"/>
</kw>
<kw name="Should Match Regexp" owner="BuiltIn">
<arg>${json_data['results'][0]['picture']['large']}</arg>
<arg>^https?://.*\.(?:png|jpe?g|gif|bmp)$</arg>
<doc>Fails if ``string`` does not match ``pattern`` as a regular expression.</doc>
<status status="PASS" start="2024-07-13T19:12:14.550253" elapsed="0.000464"/>
</kw>
<kw name="Should Match Regexp" owner="BuiltIn">
<arg>${json_data['results'][0]['picture']['medium']}</arg>
<arg>^https?://.*\.(?:png|jpe?g|gif|bmp)$</arg>
<doc>Fails if ``string`` does not match ``pattern`` as a regular expression.</doc>
<status status="PASS" start="2024-07-13T19:12:14.550938" elapsed="0.000354"/>
</kw>
<kw name="Should Match Regexp" owner="BuiltIn">
<arg>${json_data['results'][0]['picture']['thumbnail']}</arg>
<arg>^https?://.*\.(?:png|jpe?g|gif|bmp)$</arg>
<doc>Fails if ``string`` does not match ``pattern`` as a regular expression.</doc>
<status status="PASS" start="2024-07-13T19:12:14.551474" elapsed="0.000343"/>
</kw>
<kw name="Log" owner="BuiltIn">
<msg time="2024-07-13T19:12:14.552330" level="INFO">{'large': 'https://randomuser.me/api/portraits/women/83.jpg', 'medium': 'https://randomuser.me/api/portraits/med/women/83.jpg', 'thumbnail': 'https://randomuser.me/api/portraits/thumb/women/83.jpg'}</msg>
<arg>${json_data['results'][0]['picture']}</arg>
<doc>Logs the given message with the given level.</doc>
<status status="PASS" start="2024-07-13T19:12:14.552002" elapsed="0.000370"/>
</kw>
<status status="PASS" start="2024-07-13T19:12:14.437945" elapsed="0.114696"/>
</kw>
<kw name="Teste de Tipos de Dados - Postcode" owner="random-user-service">
<kw name="GET On Session" owner="RequestsLibrary">
<msg time="2024-07-13T19:12:14.647581" level="INFO">GET Request : url=https://randomuser.me/api 
 path_url=/api 
 headers={'User-Agent': 'python-requests/2.32.3', 'Accept-Encoding': 'gzip, deflate', 'Accept': '*/*', 'Connection': 'keep-alive'} 
 body=None 
 </msg>
<msg time="2024-07-13T19:12:14.647665" level="INFO">GET Response : url=https://randomuser.me/api 
 status=200, reason=OK 
 headers={'Date': 'Sat, 13 Jul 2024 19:12:14 GMT', 'Content-Type': 'application/json; charset=utf-8', 'Transfer-Encoding': 'chunked', 'Connection': 'keep-alive', 'X-Powered-By': 'Express', 'Access-Control-Allow-Origin': '*', 'Cache-Control': 'no-cache', 'ETag': 'W/"48e-CXWPAT9JPe9aOKpEzWOYStuyARg"', 'Vary': 'Accept-Encoding', 'Content-Encoding': 'gzip', 'CF-Cache-Status': 'DYNAMIC', 'Report-To': '{"endpoints":[{"url":"https:\\/\\/a.nel.cloudflare.com\\/report\\/v4?s=xMjM6HOzwBUhPPEtxP7RGmKxgpHVMqN2au8Wf20HBzoPUgAG10xa%2Bv0jqPiWbqaqa1fsMu%2BAtf%2FadNA2X2GEJ7%2F3pt3ZIeWGh5FXYgRDvnk4fIekUXMnj9vRvGpF0ajD"}],"group":"cf-nel","max_age":604800}', 'NEL': '{"success_fraction":0,"report_to":"cf-nel","max_age":604800}', 'Server': 'cloudflare', 'CF-RAY': '8a2b955afb932b91-LAX', 'alt-svc': 'h3=":443"; ma=86400'} 
 body={"results":[{"gender":"female","name":{"title":"Ms","first":"Alexandra","last":"Wang"},"location":{"street":{"number":9129,"name":"Peachgrove Road"},"city":"Porirua","state":"Manawatu-Wanganui","country":"New Zealand","postcode":45539,"coordinates":{"latitude":"53.3103","longitude":"6.8379"},"timezone":{"offset":"-1:00","description":"Azores, Cape Verde Islands"}},"email":"alexandra.wang@example.com","login":{"uuid":"0db6eaa5-6e3d-48b2-ab11-2da9fd216914","username":"bigdog839","password":"angelus","salt":"4n2HUj3S","md5":"b460ceaf3ed043d13279a28c0070be65","sha1":"08b68aff4c81ec8923ae7b73cc9061b02e905c17","sha256":"569ad649846ecd40cec3ab855751ec4d250603095015e8653e3bdc23aaaa4735"},"dob":{"date":"1983-04-08T07:03:36.725Z","age":41},"registered":{"date":"2013-09-14T21:49:08.048Z","age":10},"phone":"(810)-350-2981","cell":"(566)-255-7957","id":{"name":"","value":null},"picture":{"large":"https://randomuser.me/api/portraits/women/93.jpg","medium":"https://randomuser.me/api/portraits/med/women/93.jpg","thumbnail":"https://randomuser.me/api/portraits/thumb/women/93.jpg"},"nat":"NZ"}],"info":{"seed":"c2e570152a4336b4","results":1,"page":1,"version":"1.4"}} 
 </msg>
<msg time="2024-07-13T19:12:14.647738" level="INFO">/opt/hostedtoolcache/Python/3.12.4/x64/lib/python3.12/site-packages/urllib3/connectionpool.py:1099: InsecureRequestWarning: Unverified HTTPS request is being made to host 'randomuser.me'. Adding certificate verification is strongly advised. See: https://urllib3.readthedocs.io/en/latest/advanced-usage.html#tls-warnings
  warnings.warn(</msg>
<msg time="2024-07-13T19:12:14.647853" level="INFO">${response} = &lt;Response [200]&gt;</msg>
<var>${response}</var>
<arg>consultarAPI</arg>
<arg>/api</arg>
<doc>Sends a GET request on a previously created HTTP Session.</doc>
<status status="PASS" start="2024-07-13T19:12:14.553089" elapsed="0.094805"/>
</kw>
<kw name="Set Variable" owner="BuiltIn">
<msg time="2024-07-13T19:12:14.648932" level="INFO">${json_data} = {'results': [{'gender': 'female', 'name': {'title': 'Ms', 'first': 'Alexandra', 'last': 'Wang'}, 'location': {'street': {'number': 9129, 'name': 'Peachgrove Road'}, 'city': 'Porirua', 'state': 'Manawa...</msg>
<var>${json_data}</var>
<arg>${response.json()}</arg>
<doc>Returns the given values which can then be assigned to a variables.</doc>
<status status="PASS" start="2024-07-13T19:12:14.648359" elapsed="0.000601"/>
</kw>
<kw name="Log" owner="BuiltIn">
<msg time="2024-07-13T19:12:14.649421" level="INFO">{'results': [{'gender': 'female', 'name': {'title': 'Ms', 'first': 'Alexandra', 'last': 'Wang'}, 'location': {'street': {'number': 9129, 'name': 'Peachgrove Road'}, 'city': 'Porirua', 'state': 'Manawatu-Wanganui', 'country': 'New Zealand', 'postcode': 45539, 'coordinates': {'latitude': '53.3103', 'longitude': '6.8379'}, 'timezone': {'offset': '-1:00', 'description': 'Azores, Cape Verde Islands'}}, 'email': 'alexandra.wang@example.com', 'login': {'uuid': '0db6eaa5-6e3d-48b2-ab11-2da9fd216914', 'username': 'bigdog839', 'password': 'angelus', 'salt': '4n2HUj3S', 'md5': 'b460ceaf3ed043d13279a28c0070be65', 'sha1': '08b68aff4c81ec8923ae7b73cc9061b02e905c17', 'sha256': '569ad649846ecd40cec3ab855751ec4d250603095015e8653e3bdc23aaaa4735'}, 'dob': {'date': '1983-04-08T07:03:36.725Z', 'age': 41}, 'registered': {'date': '2013-09-14T21:49:08.048Z', 'age': 10}, 'phone': '(810)-350-2981', 'cell': '(566)-255-7957', 'id': {'name': '', 'value': None}, 'picture': {'large': 'https://randomuser.me/api/portraits/women/93.jpg', 'medium': 'https://randomuser.me/api/portraits/med/women/93.jpg', 'thumbnail': 'https://randomuser.me/api/portraits/thumb/women/93.jpg'}, 'nat': 'NZ'}], 'info': {'seed': 'c2e570152a4336b4', 'results': 1, 'page': 1, 'version': '1.4'}}</msg>
<arg>${json_data}</arg>
<doc>Logs the given message with the given level.</doc>
<status status="PASS" start="2024-07-13T19:12:14.649266" elapsed="0.000202"/>
</kw>
<kw name="Should Be Equal As Numbers" owner="BuiltIn">
<arg>${json_data['results'][0]['location']['postcode']}</arg>
<arg>${json_data['results'][0]['location']['postcode']}</arg>
<doc>Fails if objects are unequal after converting them to real numbers.</doc>
<status status="PASS" start="2024-07-13T19:12:14.649756" elapsed="0.000614"/>
</kw>
<kw name="Log" owner="BuiltIn">
<msg time="2024-07-13T19:12:14.651062" level="INFO">45539</msg>
<arg>${json_data['results'][0]['location']['postcode']}</arg>
<doc>Logs the given message with the given level.</doc>
<status status="PASS" start="2024-07-13T19:12:14.650557" elapsed="0.000547"/>
</kw>
<status status="PASS" start="2024-07-13T19:12:14.552868" elapsed="0.098494"/>
</kw>
<doc>Testa se os tipos de dados na resposta da API estão corretos.</doc>
<tag>testeTiposDados</tag>
<status status="PASS" start="2024-07-13T19:12:14.437436" elapsed="0.214119"/>
</test>
<test id="s1-s1-t5" name="Validar conteudo" line="35">
<kw name="Teste de Tipos de Conteudo" owner="random-user-service">
<kw name="GET On Session" owner="RequestsLibrary">
<msg time="2024-07-13T19:12:14.752955" level="INFO">GET Request : url=https://randomuser.me/api 
 path_url=/api 
 headers={'User-Agent': 'python-requests/2.32.3', 'Accept-Encoding': 'gzip, deflate', 'Accept': '*/*', 'Connection': 'keep-alive'} 
 body=None 
 </msg>
<msg time="2024-07-13T19:12:14.753032" level="INFO">GET Response : url=https://randomuser.me/api 
 status=200, reason=OK 
 headers={'Date': 'Sat, 13 Jul 2024 19:12:14 GMT', 'Content-Type': 'application/json; charset=utf-8', 'Transfer-Encoding': 'chunked', 'Connection': 'keep-alive', 'X-Powered-By': 'Express', 'Access-Control-Allow-Origin': '*', 'Cache-Control': 'no-cache', 'ETag': 'W/"489-cKCoTLtffMXLI8qPtW1Ai4qkU3g"', 'Vary': 'Accept-Encoding', 'Content-Encoding': 'gzip', 'CF-Cache-Status': 'DYNAMIC', 'Report-To': '{"endpoints":[{"url":"https:\\/\\/a.nel.cloudflare.com\\/report\\/v4?s=5ueldCwg0enPKfcfGuWb9T3lYDySp2Nk7BZfpZmcNeE8jKe25bx6eaDlVwowJTtW1qOglGIkEFpLuNsE8W2r37JiAVH7lreNy1%2FtiP8EZqF3OO%2FiZCMxZD95HdHRaLj3"}],"group":"cf-nel","max_age":604800}', 'NEL': '{"success_fraction":0,"report_to":"cf-nel","max_age":604800}', 'Server': 'cloudflare', 'CF-RAY': '8a2b955bac2f2b91-LAX', 'alt-svc': 'h3=":443"; ma=86400'} 
 body={"results":[{"gender":"male","name":{"title":"Mr","first":"ایلیا","last":"محمدخان"},"location":{"street":{"number":4162,"name":"بلال حبشی"},"city":"خرم‌آباد","state":"هرمزگان","country":"Iran","postcode":68159,"coordinates":{"latitude":"13.2586","longitude":"-51.3613"},"timezone":{"offset":"-12:00","description":"Eniwetok, Kwajalein"}},"email":"yly.mhmdkhn@example.com","login":{"uuid":"390625ba-8ee7-4d86-a3a2-896d0de569da","username":"reddog579","password":"buzzard","salt":"F43B2HzN","md5":"1989ee1e8bbee3321661a7b981487f2f","sha1":"c8723a7adadc4d46e73e6e835cdf8193471a5a68","sha256":"1b3d785cd60f8b8a2c4226d67a6e18e7774f2596e0c44c97621ef63e05ce88d4"},"dob":{"date":"1979-10-09T15:07:24.241Z","age":44},"registered":{"date":"2010-07-07T01:12:23.687Z","age":14},"phone":"008-93468643","cell":"0960-819-7680","id":{"name":"","value":null},"picture":{"large":"https://randomuser.me/api/portraits/men/84.jpg","medium":"https://randomuser.me/api/portraits/med/men/84.jpg","thumbnail":"https://randomuser.me/api/portraits/thumb/men/84.jpg"},"nat":"IR"}],"info":{"seed":"b8388243655396f0","results":1,"page":1,"version":"1.4"}} 
 </msg>
<msg time="2024-07-13T19:12:14.753090" level="INFO">/opt/hostedtoolcache/Python/3.12.4/x64/lib/python3.12/site-packages/urllib3/connectionpool.py:1099: InsecureRequestWarning: Unverified HTTPS request is being made to host 'randomuser.me'. Adding certificate verification is strongly advised. See: https://urllib3.readthedocs.io/en/latest/advanced-usage.html#tls-warnings
  warnings.warn(</msg>
<msg time="2024-07-13T19:12:14.753179" level="INFO">${response} = &lt;Response [200]&gt;</msg>
<var>${response}</var>
<arg>consultarAPI</arg>
<arg>/api</arg>
<doc>Sends a GET request on a previously created HTTP Session.</doc>
<status status="PASS" start="2024-07-13T19:12:14.654764" elapsed="0.098456"/>
</kw>
<kw name="Set Variable" owner="BuiltIn">
<msg time="2024-07-13T19:12:14.754208" level="INFO">${json_data} = {'results': [{'gender': 'male', 'name': {'title': 'Mr', 'first': 'ایلیا', 'last': 'محمدخان'}, 'location': {'street': {'number': 4162, 'name': 'بلال حبشی'}, 'city': 'خرم\u200cآباد', 'state': 'هرمزگان',...</msg>
<var>${json_data}</var>
<arg>${response.json()}</arg>
<doc>Returns the given values which can then be assigned to a variables.</doc>
<status status="PASS" start="2024-07-13T19:12:14.753665" elapsed="0.000574"/>
</kw>
<kw name="Set Variable" owner="BuiltIn">
<msg time="2024-07-13T19:12:14.754974" level="INFO">${name_title} = Mr</msg>
<var>${name_title}</var>
<arg>${json_data["results"][0]["name"]["title"]}</arg>
<doc>Returns the given values which can then be assigned to a variables.</doc>
<status status="PASS" start="2024-07-13T19:12:14.754545" elapsed="0.000455"/>
</kw>
<kw name="Create List" owner="BuiltIn">
<msg time="2024-07-13T19:12:14.755447" level="INFO">${allowed_titles} = ['Mr', 'Ms', 'Miss', 'Mrs', 'Madame', 'Monsieur']</msg>
<var>${allowed_titles}</var>
<arg>Mr</arg>
<arg>Ms</arg>
<arg>Miss</arg>
<arg>Mrs</arg>
<arg>Madame</arg>
<arg>Monsieur</arg>
<doc>Returns a list containing given items.</doc>
<status status="PASS" start="2024-07-13T19:12:14.755300" elapsed="0.000171"/>
</kw>
<kw name="List Should Contain Value" owner="Collections">
<arg>${allowed_titles}</arg>
<arg>${name_title}</arg>
<doc>Fails if the ``value`` is not found from ``list``.</doc>
<status status="PASS" start="2024-07-13T19:12:14.755771" elapsed="0.000176"/>
</kw>
<kw name="Set Variable" owner="BuiltIn">
<msg time="2024-07-13T19:12:14.756486" level="INFO">${name_country} = IR</msg>
<var>${name_country}</var>
<arg>${json_data["results"][0]["nat"]}</arg>
<doc>Returns the given values which can then be assigned to a variables.</doc>
<status status="PASS" start="2024-07-13T19:12:14.756124" elapsed="0.000386"/>
</kw>
<kw name="Create List" owner="BuiltIn">
<msg time="2024-07-13T19:12:14.757410" level="INFO">${list_country} = ['AD', 'AE', 'AF', 'AG', 'AI', 'AL', 'AM', 'AO', 'AQ', 'AR', 'AS', 'AT', 'AU', 'AW', 'AX', 'AZ', 'BA', 'BB', 'BD', 'BE', 'BF', 'BG', 'BH', 'BI', 'BJ', 'BL', 'BM', 'BN', 'BO', 'BQ', 'BR', 'BS', 'BT', '...</msg>
<var>${list_country}</var>
<arg>AD</arg>
<arg>AE</arg>
<arg>AF</arg>
<arg>AG</arg>
<arg>AI</arg>
<arg>AL</arg>
<arg>AM</arg>
<arg>AO</arg>
<arg>AQ</arg>
<arg>AR</arg>
<arg>AS</arg>
<arg>AT</arg>
<arg>AU</arg>
<arg>AW</arg>
<arg>AX</arg>
<arg>AZ</arg>
<arg>BA</arg>
<arg>BB</arg>
<arg>BD</arg>
<arg>BE</arg>
<arg>BF</arg>
<arg>BG</arg>
<arg>BH</arg>
<arg>BI</arg>
<arg>BJ</arg>
<arg>BL</arg>
<arg>BM</arg>
<arg>BN</arg>
<arg>BO</arg>
<arg>BQ</arg>
<arg>BR</arg>
<arg>BS</arg>
<arg>BT</arg>
<arg>BV</arg>
<arg>BW</arg>
<arg>BY</arg>
<arg>BZ</arg>
<arg>CA</arg>
<arg>CC</arg>
<arg>CD</arg>
<arg>CF</arg>
<arg>CG</arg>
<arg>CH</arg>
<arg>CI</arg>
<arg>CK</arg>
<arg>CL</arg>
<arg>CM</arg>
<arg>CN</arg>
<arg>CO</arg>
<arg>CR</arg>
<arg>CU</arg>
<arg>CV</arg>
<arg>CW</arg>
<arg>CX</arg>
<arg>CY</arg>
<arg>CZ</arg>
<arg>DE</arg>
<arg>DJ</arg>
<arg>DK</arg>
<arg>DM</arg>
<arg>DO</arg>
<arg>DZ</arg>
<arg>EC</arg>
<arg>EE</arg>
<arg>EG</arg>
<arg>EH</arg>
<arg>ER</arg>
<arg>ES</arg>
<arg>ET</arg>
<arg>FI</arg>
<arg>FJ</arg>
<arg>FK</arg>
<arg>FM</arg>
<arg>FO</arg>
<arg>FR</arg>
<arg>GA</arg>
<arg>GB</arg>
<arg>GD</arg>
<arg>GE</arg>
<arg>GF</arg>
<arg>GG</arg>
<arg>GH</arg>
<arg>GI</arg>
<arg>GL</arg>
<arg>GM</arg>
<arg>GN</arg>
<arg>GP</arg>
<arg>GQ</arg>
<arg>GR</arg>
<arg>GS</arg>
<arg>GT</arg>
<arg>GU</arg>
<arg>GW</arg>
<arg>GY</arg>
<arg>HK</arg>
<arg>HM</arg>
<arg>HN</arg>
<arg>HR</arg>
<arg>HT</arg>
<arg>HU</arg>
<arg>ID</arg>
<arg>IE</arg>
<arg>IL</arg>
<arg>IM</arg>
<arg>IN</arg>
<arg>IO</arg>
<arg>IQ</arg>
<arg>IR</arg>
<arg>IS</arg>
<arg>IT</arg>
<arg>JE</arg>
<arg>JM</arg>
<arg>JO</arg>
<arg>JP</arg>
<arg>KE</arg>
<arg>KG</arg>
<arg>KH</arg>
<arg>KI</arg>
<arg>KM</arg>
<arg>KN</arg>
<arg>KP</arg>
<arg>KR</arg>
<arg>KW</arg>
<arg>KY</arg>
<arg>KZ</arg>
<arg>LA</arg>
<arg>LB</arg>
<arg>LC</arg>
<arg>LI</arg>
<arg>LK</arg>
<arg>LR</arg>
<arg>LS</arg>
<arg>LT</arg>
<arg>LU</arg>
<arg>LV</arg>
<arg>LY</arg>
<arg>MA</arg>
<arg>MC</arg>
<arg>MD</arg>
<arg>ME</arg>
<arg>MF</arg>
<arg>MG</arg>
<arg>MH</arg>
<arg>MK</arg>
<arg>ML</arg>
<arg>MM</arg>
<arg>MN</arg>
<arg>MO</arg>
<arg>MP</arg>
<arg>MQ</arg>
<arg>MR</arg>
<arg>MS</arg>
<arg>MT</arg>
<arg>MU</arg>
<arg>MV</arg>
<arg>MW</arg>
<arg>MX</arg>
<arg>MY</arg>
<arg>MZ</arg>
<arg>NA</arg>
<arg>NC</arg>
<arg>NE</arg>
<arg>NF</arg>
<arg>NG</arg>
<arg>NI</arg>
<arg>NL</arg>
<arg>NO</arg>
<arg>NP</arg>
<arg>NR</arg>
<arg>NU</arg>
<arg>NZ</arg>
<arg>OM</arg>
<arg>PA</arg>
<arg>PE</arg>
<arg>PF</arg>
<arg>PG</arg>
<arg>PH</arg>
<arg>PK</arg>
<arg>PL</arg>
<arg>PM</arg>
<arg>PN</arg>
<arg>PR</arg>
<arg>PS</arg>
<arg>PT</arg>
<arg>PW</arg>
<arg>PY</arg>
<arg>QA</arg>
<arg>RE</arg>
<arg>RO</arg>
<arg>RS</arg>
<arg>RU</arg>
<arg>RW</arg>
<arg>SA</arg>
<arg>SB</arg>
<arg>SC</arg>
<arg>SD</arg>
<arg>SE</arg>
<arg>SG</arg>
<arg>SH</arg>
<arg>SI</arg>
<arg>SJ</arg>
<arg>SK</arg>
<arg>SL</arg>
<arg>SM</arg>
<arg>SN</arg>
<arg>SO</arg>
<arg>SR</arg>
<arg>SS</arg>
<arg>ST</arg>
<arg>SV</arg>
<arg>SX</arg>
<arg>SY</arg>
<arg>SZ</arg>
<arg>TC</arg>
<arg>TD</arg>
<arg>TF</arg>
<arg>TG</arg>
<arg>TH</arg>
<arg>TJ</arg>
<arg>TK</arg>
<arg>TL</arg>
<arg>TM</arg>
<arg>TN</arg>
<arg>TO</arg>
<arg>TR</arg>
<arg>TT</arg>
<arg>TV</arg>
<arg>TW</arg>
<arg>TZ</arg>
<arg>UA</arg>
<arg>UG</arg>
<arg>UM</arg>
<arg>US</arg>
<arg>UY</arg>
<arg>UZ</arg>
<arg>VA</arg>
<arg>VC</arg>
<arg>VE</arg>
<arg>VG</arg>
<arg>VI</arg>
<arg>VN</arg>
<arg>VU</arg>
<arg>WF</arg>
<arg>WS</arg>
<arg>XK</arg>
<arg>YE</arg>
<arg>YT</arg>
<arg>ZA</arg>
<arg>ZM</arg>
<arg>ZW</arg>
<doc>Returns a list containing given items.</doc>
<status status="PASS" start="2024-07-13T19:12:14.756824" elapsed="0.000611"/>
</kw>
<kw name="List Should Contain Value" owner="Collections">
<arg>${list_country}</arg>
<arg>${name_country}</arg>
<doc>Fails if the ``value`` is not found from ``list``.</doc>
<status status="PASS" start="2024-07-13T19:12:14.758224" elapsed="0.000199"/>
</kw>
<kw name="Run Keyword If" owner="BuiltIn">
<kw name="Should Be True" owner="BuiltIn">
<arg>${True}</arg>
<doc>Fails if the given condition is not true.</doc>
<status status="PASS" start="2024-07-13T19:12:14.759371" elapsed="0.000141"/>
</kw>
<arg>${json_data["results"][0]["location"]["coordinates"]["latitude"]} &gt;= -90 and ${json_data["results"][0]["location"]["coordinates"]["latitude"]} &lt;= 90</arg>
<arg>Should Be True</arg>
<arg>${True}</arg>
<doc>Runs the given keyword with the given arguments, if ``condition`` is true.</doc>
<status status="PASS" start="2024-07-13T19:12:14.758614" elapsed="0.001028"/>
</kw>
<kw name="Run Keyword If" owner="BuiltIn">
<kw name="Should Be True" owner="BuiltIn">
<arg>${True}</arg>
<doc>Fails if the given condition is not true.</doc>
<status status="PASS" start="2024-07-13T19:12:14.760514" elapsed="0.000224"/>
</kw>
<arg>${json_data["results"][0]["location"]["coordinates"]["longitude"]} &gt;= -180 and ${json_data["results"][0]["location"]["coordinates"]["longitude"]} &lt;= 180</arg>
<arg>Should Be True</arg>
<arg>${True}</arg>
<doc>Runs the given keyword with the given arguments, if ``condition`` is true.</doc>
<status status="PASS" start="2024-07-13T19:12:14.759819" elapsed="0.001051"/>
</kw>
<status status="PASS" start="2024-07-13T19:12:14.654379" elapsed="0.106620"/>
</kw>
<doc>Testa o conteúdo específico dos campos retornados pela API.</doc>
<tag>testeConteudo</tag>
<status status="PASS" start="2024-07-13T19:12:14.653703" elapsed="0.107436"/>
</test>
<status status="PASS" start="2024-07-13T19:12:13.762483" elapsed="1.000603"/>
</suite>
<status status="PASS" start="2024-07-13T19:12:13.748273" elapsed="1.019807"/>
</suite>
<statistics>
<total>
<stat pass="5" fail="0" skip="0">All Tests</stat>
</total>
<tag>
<stat pass="1" fail="0" skip="0">testeConteudo</stat>
<stat pass="1" fail="0" skip="0">testeEstruturaResposta</stat>
<stat pass="1" fail="0" skip="0">testeRequisicaoBasica</stat>
<stat pass="1" fail="0" skip="0">testeTiposDados</stat>
</tag>
<suite>
<stat pass="5" fail="0" skip="0" id="s1" name="Tests">Tests</stat>
<stat pass="5" fail="0" skip="0" id="s1-s1" name="Random-User-Test">Tests.Random-User-Test</stat>
</suite>
</statistics>
<errors>
</errors>
</robot>
