<?xml version="1.0" encoding="UTF-8"?>
<robot generator="Robot 7.0.1 (Python 3.12.4 on linux)" generated="2024-07-09T20:16:17.928131" rpa="false" schemaversion="5">
<suite id="s1" name="Tests" source="/home/runner/work/ApiRandomUser/ApiRandomUser/RamdonUser/tests">
<suite id="s1-s1" name="Random-User-Test" source="/home/runner/work/ApiRandomUser/ApiRandomUser/RamdonUser/tests/random-user-test.robot">
<test id="s1-s1-t1" name="Conectar" line="13">
<kw name="Conectar API" owner="random-user-service">
<kw name="Create Session" owner="RequestsLibrary">
<msg time="2024-07-09T20:16:18.319200" level="INFO">Creating Session using : alias=consultarAPI, url=https://randomuser.me/, headers={},                     cookies={}, auth=None, timeout=None, proxies=None, verify=False,                     debug=0 </msg>
<arg>consultarAPI</arg>
<arg>${URL}</arg>
<doc>Create Session: create a HTTP session to a server</doc>
<status status="PASS" start="2024-07-09T20:16:18.318991" elapsed="0.000388"/>
</kw>
<status status="PASS" start="2024-07-09T20:16:18.317496" elapsed="0.002238"/>
</kw>
<status status="PASS" start="2024-07-09T20:16:18.316719" elapsed="0.003205"/>
</test>
<test id="s1-s1-t2" name="Validar retorno 200 e JSON Válido" line="16">
<kw name="Teste de Requisicao Basica" owner="random-user-service">
<kw name="GET On Session" owner="RequestsLibrary">
<msg time="2024-07-09T20:16:18.567601" level="INFO">GET Request : url=https://randomuser.me/api 
 path_url=/api 
 headers={'User-Agent': 'python-requests/2.32.3', 'Accept-Encoding': 'gzip, deflate', 'Accept': '*/*', 'Connection': 'keep-alive'} 
 body=None 
 </msg>
<msg time="2024-07-09T20:16:18.567741" level="INFO">GET Response : url=https://randomuser.me/api 
 status=200, reason=OK 
 headers={'Date': 'Tue, 09 Jul 2024 20:16:18 GMT', 'Content-Type': 'application/json; charset=utf-8', 'Transfer-Encoding': 'chunked', 'Connection': 'keep-alive', 'X-Powered-By': 'Express', 'Access-Control-Allow-Origin': '*', 'Cache-Control': 'no-cache', 'ETag': 'W/"49a-UgiV/YObIXgxj5gz07+VyGWThzc"', 'Vary': 'Accept-Encoding', 'Content-Encoding': 'gzip', 'CF-Cache-Status': 'DYNAMIC', 'Report-To': '{"endpoints":[{"url":"https:\\/\\/a.nel.cloudflare.com\\/report\\/v4?s=Wpg6bO3pJkbOzvetvBMLy14vU2XwCA%2FPvx24bHHBQQ%2FM%2F61rnyCwcy48%2BFieBMcPzVeKfmSteiRlcc53ZkzsqRS5n6MeGRibbOW%2Fnk5VwTH4iL1eZaREWgyCAFP2Ftm9"}],"group":"cf-nel","max_age":604800}', 'NEL': '{"success_fraction":0,"report_to":"cf-nel","max_age":604800}', 'Server': 'cloudflare', 'CF-RAY': '8a0afdb3acda1cde-ORD', 'alt-svc': 'h3=":443"; ma=86400'} 
 body={"results":[{"gender":"male","name":{"title":"Mr","first":"Benjamim","last":"Silveira"},"location":{"street":{"number":4991,"name":"Rua José Bonifácio "},"city":"São Luís","state":"Sergipe","country":"Brazil","postcode":12036,"coordinates":{"latitude":"-80.9049","longitude":"-22.1939"},"timezone":{"offset":"-8:00","description":"Pacific Time (US &amp; Canada)"}},"email":"benjamim.silveira@example.com","login":{"uuid":"2e275ee0-a2d8-4922-afcf-06bc0237767e","username":"silverzebra123","password":"woman","salt":"QjYGLii6","md5":"b0db9f415512485ceea12207fed8931e","sha1":"3404f76fdd85c5e9e964badf9fe157d468c05c4d","sha256":"f6a076c66615dac1a71ef1c00c6e83305c34faa1603d7dae33010aa77b3d3a96"},"dob":{"date":"1966-04-07T11:45:45.159Z","age":58},"registered":{"date":"2016-07-03T15:34:34.115Z","age":8},"phone":"(01) 1444-4915","cell":"(54) 0482-8014","id":{"name":"CPF","value":"832.808.537-26"},"picture":{"large":"https://randomuser.me/api/portraits/men/76.jpg","medium":"https://randomuser.me/api/portraits/med/men/76.jpg","thumbnail":"https://randomuser.me/api/portraits/thumb/men/76.jpg"},"nat":"BR"}],"info":{"seed":"e417514b1f9c7367","results":1,"page":1,"version":"1.4"}} 
 </msg>
<msg time="2024-07-09T20:16:18.567839" level="INFO">/opt/hostedtoolcache/Python/3.12.4/x64/lib/python3.12/site-packages/urllib3/connectionpool.py:1099: InsecureRequestWarning: Unverified HTTPS request is being made to host 'randomuser.me'. Adding certificate verification is strongly advised. See: https://urllib3.readthedocs.io/en/latest/advanced-usage.html#tls-warnings
  warnings.warn(</msg>
<msg time="2024-07-09T20:16:18.567975" level="INFO">${response} = &lt;Response [200]&gt;</msg>
<var>${response}</var>
<arg>consultarAPI</arg>
<arg>/api</arg>
<doc>Sends a GET request on a previously created HTTP Session.</doc>
<status status="PASS" start="2024-07-09T20:16:18.322578" elapsed="0.245444"/>
</kw>
<kw name="Should Be Equal As Numbers" owner="BuiltIn">
<msg time="2024-07-09T20:16:18.569182" level="INFO">Argument types are:
&lt;class 'int'&gt;
&lt;class 'str'&gt;</msg>
<arg>${response.status_code}</arg>
<arg>200</arg>
<doc>Fails if objects are unequal after converting them to real numbers.</doc>
<status status="PASS" start="2024-07-09T20:16:18.568611" elapsed="0.000635"/>
</kw>
<kw name="Log" owner="BuiltIn">
<msg time="2024-07-09T20:16:18.569906" level="INFO">200</msg>
<arg>${response.status_code}</arg>
<doc>Logs the given message with the given level.</doc>
<status status="PASS" start="2024-07-09T20:16:18.569563" elapsed="0.000385"/>
</kw>
<kw name="Set Variable" owner="BuiltIn">
<msg time="2024-07-09T20:16:18.570711" level="INFO">${json_data} = {'results': [{'gender': 'male', 'name': {'title': 'Mr', 'first': 'Benjamim', 'last': 'Silveira'}, 'location': {'street': {'number': 4991, 'name': 'Rua José Bonifácio '}, 'city': 'São Luís', 'state': '...</msg>
<var>${json_data}</var>
<arg>${response.json()}</arg>
<doc>Returns the given values which can then be assigned to a variables.</doc>
<status status="PASS" start="2024-07-09T20:16:18.570245" elapsed="0.000506"/>
</kw>
<kw name="Dictionary Should Contain Key" owner="Collections">
<arg>${json_data}</arg>
<arg>results</arg>
<doc>Fails if ``key`` is not found from ``dictionary``.</doc>
<status status="PASS" start="2024-07-09T20:16:18.571057" elapsed="0.000167"/>
</kw>
<status status="PASS" start="2024-07-09T20:16:18.322335" elapsed="0.249033"/>
</kw>
<doc>Testa se a API responde corretamente e retorna um objeto JSON válido.</doc>
<tag>testeRequisicaoBasica</tag>
<status status="PASS" start="2024-07-09T20:16:18.321821" elapsed="0.249713"/>
</test>
<test id="s1-s1-t3" name="Validar estrutura de resposta" line="22">
<kw name="Teste de Estrutura de Resposta" owner="random-user-service">
<kw name="GET On Session" owner="RequestsLibrary">
<msg time="2024-07-09T20:16:18.671904" level="INFO">GET Request : url=https://randomuser.me/api 
 path_url=/api 
 headers={'User-Agent': 'python-requests/2.32.3', 'Accept-Encoding': 'gzip, deflate', 'Accept': '*/*', 'Connection': 'keep-alive'} 
 body=None 
 </msg>
<msg time="2024-07-09T20:16:18.671986" level="INFO">GET Response : url=https://randomuser.me/api 
 status=200, reason=OK 
 headers={'Date': 'Tue, 09 Jul 2024 20:16:18 GMT', 'Content-Type': 'application/json; charset=utf-8', 'Transfer-Encoding': 'chunked', 'Connection': 'keep-alive', 'X-Powered-By': 'Express', 'Access-Control-Allow-Origin': '*', 'Cache-Control': 'no-cache', 'ETag': 'W/"471-wElnJrq4hasqI83dAion7db4QFQ"', 'Vary': 'Accept-Encoding', 'Content-Encoding': 'gzip', 'CF-Cache-Status': 'DYNAMIC', 'Report-To': '{"endpoints":[{"url":"https:\\/\\/a.nel.cloudflare.com\\/report\\/v4?s=9mZ6OqOpNH9KpqEkCcc9NGBjJV8toxhBh5yw9oHfaC7e4O7Kstw7pBoQRF6dRrsu55IVp6h7YT7Sltw9BdyPFsymh1kHVwSkmI7F1F%2F479SVIrIGErpjk0bFqIoeBqAJ"}],"group":"cf-nel","max_age":604800}', 'NEL': '{"success_fraction":0,"report_to":"cf-nel","max_age":604800}', 'Server': 'cloudflare', 'CF-RAY': '8a0afdb41d8a1cde-ORD', 'alt-svc': 'h3=":443"; ma=86400'} 
 body={"results":[{"gender":"male","name":{"title":"Mr","first":"Eugene","last":"Rhodes"},"location":{"street":{"number":5353,"name":"Spring St"},"city":"Tamworth","state":"South Australia","country":"Australia","postcode":1916,"coordinates":{"latitude":"-89.5261","longitude":"-99.4300"},"timezone":{"offset":"-10:00","description":"Hawaii"}},"email":"eugene.rhodes@example.com","login":{"uuid":"5c18cd8c-f58b-4836-8352-02ced68eb547","username":"goldendog136","password":"champ1","salt":"7wFRFmAH","md5":"f5f72346e28add930bb08ed4eeae8fd0","sha1":"f90e6d2fb51d2b8336dfde53d10af2be616a18de","sha256":"a04bbe7762b0dd39b8d8a804f5461bfea1a79cebd819e0c576b1067b04be60dd"},"dob":{"date":"1952-05-14T15:16:47.346Z","age":72},"registered":{"date":"2017-11-05T23:41:48.549Z","age":6},"phone":"08-4597-3243","cell":"0432-388-126","id":{"name":"TFN","value":"898908565"},"picture":{"large":"https://randomuser.me/api/portraits/men/90.jpg","medium":"https://randomuser.me/api/portraits/med/men/90.jpg","thumbnail":"https://randomuser.me/api/portraits/thumb/men/90.jpg"},"nat":"AU"}],"info":{"seed":"c8d0350ba4890922","results":1,"page":1,"version":"1.4"}} 
 </msg>
<msg time="2024-07-09T20:16:18.672100" level="INFO">/opt/hostedtoolcache/Python/3.12.4/x64/lib/python3.12/site-packages/urllib3/connectionpool.py:1099: InsecureRequestWarning: Unverified HTTPS request is being made to host 'randomuser.me'. Adding certificate verification is strongly advised. See: https://urllib3.readthedocs.io/en/latest/advanced-usage.html#tls-warnings
  warnings.warn(</msg>
<msg time="2024-07-09T20:16:18.672205" level="INFO">${response} = &lt;Response [200]&gt;</msg>
<var>${response}</var>
<arg>consultarAPI</arg>
<arg>/api</arg>
<doc>Sends a GET request on a previously created HTTP Session.</doc>
<status status="PASS" start="2024-07-09T20:16:18.574148" elapsed="0.098099"/>
</kw>
<kw name="Set Variable" owner="BuiltIn">
<msg time="2024-07-09T20:16:18.673337" level="INFO">${json_data} = {'results': [{'gender': 'male', 'name': {'title': 'Mr', 'first': 'Eugene', 'last': 'Rhodes'}, 'location': {'street': {'number': 5353, 'name': 'Spring St'}, 'city': 'Tamworth', 'state': 'South Australi...</msg>
<var>${json_data}</var>
<arg>${response.json()}</arg>
<doc>Returns the given values which can then be assigned to a variables.</doc>
<status status="PASS" start="2024-07-09T20:16:18.672720" elapsed="0.000645"/>
</kw>
<kw name="Log" owner="BuiltIn">
<msg time="2024-07-09T20:16:18.673816" level="INFO">{'results': [{'gender': 'male', 'name': {'title': 'Mr', 'first': 'Eugene', 'last': 'Rhodes'}, 'location': {'street': {'number': 5353, 'name': 'Spring St'}, 'city': 'Tamworth', 'state': 'South Australia', 'country': 'Australia', 'postcode': 1916, 'coordinates': {'latitude': '-89.5261', 'longitude': '-99.4300'}, 'timezone': {'offset': '-10:00', 'description': 'Hawaii'}}, 'email': 'eugene.rhodes@example.com', 'login': {'uuid': '5c18cd8c-f58b-4836-8352-02ced68eb547', 'username': 'goldendog136', 'password': 'champ1', 'salt': '7wFRFmAH', 'md5': 'f5f72346e28add930bb08ed4eeae8fd0', 'sha1': 'f90e6d2fb51d2b8336dfde53d10af2be616a18de', 'sha256': 'a04bbe7762b0dd39b8d8a804f5461bfea1a79cebd819e0c576b1067b04be60dd'}, 'dob': {'date': '1952-05-14T15:16:47.346Z', 'age': 72}, 'registered': {'date': '2017-11-05T23:41:48.549Z', 'age': 6}, 'phone': '08-4597-3243', 'cell': '0432-388-126', 'id': {'name': 'TFN', 'value': '898908565'}, 'picture': {'large': 'https://randomuser.me/api/portraits/men/90.jpg', 'medium': 'https://randomuser.me/api/portraits/med/men/90.jpg', 'thumbnail': 'https://randomuser.me/api/portraits/thumb/men/90.jpg'}, 'nat': 'AU'}], 'info': {'seed': 'c8d0350ba4890922', 'results': 1, 'page': 1, 'version': '1.4'}}</msg>
<arg>${json_data}</arg>
<doc>Logs the given message with the given level.</doc>
<status status="PASS" start="2024-07-09T20:16:18.673665" elapsed="0.000195"/>
</kw>
<kw name="Dictionary Should Contain Key" owner="Collections">
<arg>${json_data}</arg>
<arg>results</arg>
<doc>Fails if ``key`` is not found from ``dictionary``.</doc>
<status status="PASS" start="2024-07-09T20:16:18.674142" elapsed="0.000153"/>
</kw>
<kw name="Should Not Be Empty" owner="BuiltIn">
<msg time="2024-07-09T20:16:18.674602" level="INFO">Length is 2.</msg>
<arg>${json_data}</arg>
<doc>Verifies that the given item is not empty.</doc>
<status status="PASS" start="2024-07-09T20:16:18.674479" elapsed="0.000160"/>
</kw>
<kw name="Create List" owner="BuiltIn">
<msg time="2024-07-09T20:16:18.675130" level="INFO">${expected_keys} = ['gender', 'name', 'location', 'email', 'login']</msg>
<var>${expected_keys}</var>
<arg>gender</arg>
<arg>name</arg>
<arg>location</arg>
<arg>email</arg>
<arg>login</arg>
<doc>Returns a list containing given items.</doc>
<status status="PASS" start="2024-07-09T20:16:18.674982" elapsed="0.000171"/>
</kw>
<for flavor="IN">
<iter>
<kw name="Dictionary Should Contain Key" owner="Collections">
<arg>${json_data['results'][0]}</arg>
<arg>${key}</arg>
<doc>Fails if ``key`` is not found from ``dictionary``.</doc>
<status status="PASS" start="2024-07-09T20:16:18.675835" elapsed="0.000393"/>
</kw>
<kw name="Log" owner="BuiltIn">
<msg time="2024-07-09T20:16:18.676767" level="INFO">{'gender': 'male', 'name': {'title': 'Mr', 'first': 'Eugene', 'last': 'Rhodes'}, 'location': {'street': {'number': 5353, 'name': 'Spring St'}, 'city': 'Tamworth', 'state': 'South Australia', 'country': 'Australia', 'postcode': 1916, 'coordinates': {'latitude': '-89.5261', 'longitude': '-99.4300'}, 'timezone': {'offset': '-10:00', 'description': 'Hawaii'}}, 'email': 'eugene.rhodes@example.com', 'login': {'uuid': '5c18cd8c-f58b-4836-8352-02ced68eb547', 'username': 'goldendog136', 'password': 'champ1', 'salt': '7wFRFmAH', 'md5': 'f5f72346e28add930bb08ed4eeae8fd0', 'sha1': 'f90e6d2fb51d2b8336dfde53d10af2be616a18de', 'sha256': 'a04bbe7762b0dd39b8d8a804f5461bfea1a79cebd819e0c576b1067b04be60dd'}, 'dob': {'date': '1952-05-14T15:16:47.346Z', 'age': 72}, 'registered': {'date': '2017-11-05T23:41:48.549Z', 'age': 6}, 'phone': '08-4597-3243', 'cell': '0432-388-126', 'id': {'name': 'TFN', 'value': '898908565'}, 'picture': {'large': 'https://randomuser.me/api/portraits/men/90.jpg', 'medium': 'https://randomuser.me/api/portraits/med/men/90.jpg', 'thumbnail': 'https://randomuser.me/api/portraits/thumb/men/90.jpg'}, 'nat': 'AU'}</msg>
<arg>${json_data['results'][0]}</arg>
<doc>Logs the given message with the given level.</doc>
<status status="PASS" start="2024-07-09T20:16:18.676416" elapsed="0.000400"/>
</kw>
<kw name="Log" owner="BuiltIn">
<msg time="2024-07-09T20:16:18.677243" level="INFO">gender</msg>
<arg>${key}</arg>
<doc>Logs the given message with the given level.</doc>
<status status="PASS" start="2024-07-09T20:16:18.677115" elapsed="0.000165"/>
</kw>
<var name="${key}">gender</var>
<status status="PASS" start="2024-07-09T20:16:18.675714" elapsed="0.001781"/>
</iter>
<iter>
<kw name="Dictionary Should Contain Key" owner="Collections">
<arg>${json_data['results'][0]}</arg>
<arg>${key}</arg>
<doc>Fails if ``key`` is not found from ``dictionary``.</doc>
<status status="PASS" start="2024-07-09T20:16:18.677787" elapsed="0.000387"/>
</kw>
<kw name="Log" owner="BuiltIn">
<msg time="2024-07-09T20:16:18.678721" level="INFO">{'gender': 'male', 'name': {'title': 'Mr', 'first': 'Eugene', 'last': 'Rhodes'}, 'location': {'street': {'number': 5353, 'name': 'Spring St'}, 'city': 'Tamworth', 'state': 'South Australia', 'country': 'Australia', 'postcode': 1916, 'coordinates': {'latitude': '-89.5261', 'longitude': '-99.4300'}, 'timezone': {'offset': '-10:00', 'description': 'Hawaii'}}, 'email': 'eugene.rhodes@example.com', 'login': {'uuid': '5c18cd8c-f58b-4836-8352-02ced68eb547', 'username': 'goldendog136', 'password': 'champ1', 'salt': '7wFRFmAH', 'md5': 'f5f72346e28add930bb08ed4eeae8fd0', 'sha1': 'f90e6d2fb51d2b8336dfde53d10af2be616a18de', 'sha256': 'a04bbe7762b0dd39b8d8a804f5461bfea1a79cebd819e0c576b1067b04be60dd'}, 'dob': {'date': '1952-05-14T15:16:47.346Z', 'age': 72}, 'registered': {'date': '2017-11-05T23:41:48.549Z', 'age': 6}, 'phone': '08-4597-3243', 'cell': '0432-388-126', 'id': {'name': 'TFN', 'value': '898908565'}, 'picture': {'large': 'https://randomuser.me/api/portraits/men/90.jpg', 'medium': 'https://randomuser.me/api/portraits/med/men/90.jpg', 'thumbnail': 'https://randomuser.me/api/portraits/thumb/men/90.jpg'}, 'nat': 'AU'}</msg>
<arg>${json_data['results'][0]}</arg>
<doc>Logs the given message with the given level.</doc>
<status status="PASS" start="2024-07-09T20:16:18.678353" elapsed="0.000451"/>
</kw>
<kw name="Log" owner="BuiltIn">
<msg time="2024-07-09T20:16:18.679230" level="INFO">name</msg>
<arg>${key}</arg>
<doc>Logs the given message with the given level.</doc>
<status status="PASS" start="2024-07-09T20:16:18.679103" elapsed="0.000164"/>
</kw>
<var name="${key}">name</var>
<status status="PASS" start="2024-07-09T20:16:18.677677" elapsed="0.001803"/>
</iter>
<iter>
<kw name="Dictionary Should Contain Key" owner="Collections">
<arg>${json_data['results'][0]}</arg>
<arg>${key}</arg>
<doc>Fails if ``key`` is not found from ``dictionary``.</doc>
<status status="PASS" start="2024-07-09T20:16:18.679765" elapsed="0.000381"/>
</kw>
<kw name="Log" owner="BuiltIn">
<msg time="2024-07-09T20:16:18.680670" level="INFO">{'gender': 'male', 'name': {'title': 'Mr', 'first': 'Eugene', 'last': 'Rhodes'}, 'location': {'street': {'number': 5353, 'name': 'Spring St'}, 'city': 'Tamworth', 'state': 'South Australia', 'country': 'Australia', 'postcode': 1916, 'coordinates': {'latitude': '-89.5261', 'longitude': '-99.4300'}, 'timezone': {'offset': '-10:00', 'description': 'Hawaii'}}, 'email': 'eugene.rhodes@example.com', 'login': {'uuid': '5c18cd8c-f58b-4836-8352-02ced68eb547', 'username': 'goldendog136', 'password': 'champ1', 'salt': '7wFRFmAH', 'md5': 'f5f72346e28add930bb08ed4eeae8fd0', 'sha1': 'f90e6d2fb51d2b8336dfde53d10af2be616a18de', 'sha256': 'a04bbe7762b0dd39b8d8a804f5461bfea1a79cebd819e0c576b1067b04be60dd'}, 'dob': {'date': '1952-05-14T15:16:47.346Z', 'age': 72}, 'registered': {'date': '2017-11-05T23:41:48.549Z', 'age': 6}, 'phone': '08-4597-3243', 'cell': '0432-388-126', 'id': {'name': 'TFN', 'value': '898908565'}, 'picture': {'large': 'https://randomuser.me/api/portraits/men/90.jpg', 'medium': 'https://randomuser.me/api/portraits/med/men/90.jpg', 'thumbnail': 'https://randomuser.me/api/portraits/thumb/men/90.jpg'}, 'nat': 'AU'}</msg>
<arg>${json_data['results'][0]}</arg>
<doc>Logs the given message with the given level.</doc>
<status status="PASS" start="2024-07-09T20:16:18.680327" elapsed="0.000390"/>
</kw>
<kw name="Log" owner="BuiltIn">
<msg time="2024-07-09T20:16:18.681135" level="INFO">location</msg>
<arg>${key}</arg>
<doc>Logs the given message with the given level.</doc>
<status status="PASS" start="2024-07-09T20:16:18.681009" elapsed="0.000162"/>
</kw>
<var name="${key}">location</var>
<status status="PASS" start="2024-07-09T20:16:18.679658" elapsed="0.001724"/>
</iter>
<iter>
<kw name="Dictionary Should Contain Key" owner="Collections">
<arg>${json_data['results'][0]}</arg>
<arg>${key}</arg>
<doc>Fails if ``key`` is not found from ``dictionary``.</doc>
<status status="PASS" start="2024-07-09T20:16:18.681656" elapsed="0.000380"/>
</kw>
<kw name="Log" owner="BuiltIn">
<msg time="2024-07-09T20:16:18.682563" level="INFO">{'gender': 'male', 'name': {'title': 'Mr', 'first': 'Eugene', 'last': 'Rhodes'}, 'location': {'street': {'number': 5353, 'name': 'Spring St'}, 'city': 'Tamworth', 'state': 'South Australia', 'country': 'Australia', 'postcode': 1916, 'coordinates': {'latitude': '-89.5261', 'longitude': '-99.4300'}, 'timezone': {'offset': '-10:00', 'description': 'Hawaii'}}, 'email': 'eugene.rhodes@example.com', 'login': {'uuid': '5c18cd8c-f58b-4836-8352-02ced68eb547', 'username': 'goldendog136', 'password': 'champ1', 'salt': '7wFRFmAH', 'md5': 'f5f72346e28add930bb08ed4eeae8fd0', 'sha1': 'f90e6d2fb51d2b8336dfde53d10af2be616a18de', 'sha256': 'a04bbe7762b0dd39b8d8a804f5461bfea1a79cebd819e0c576b1067b04be60dd'}, 'dob': {'date': '1952-05-14T15:16:47.346Z', 'age': 72}, 'registered': {'date': '2017-11-05T23:41:48.549Z', 'age': 6}, 'phone': '08-4597-3243', 'cell': '0432-388-126', 'id': {'name': 'TFN', 'value': '898908565'}, 'picture': {'large': 'https://randomuser.me/api/portraits/men/90.jpg', 'medium': 'https://randomuser.me/api/portraits/med/men/90.jpg', 'thumbnail': 'https://randomuser.me/api/portraits/thumb/men/90.jpg'}, 'nat': 'AU'}</msg>
<arg>${json_data['results'][0]}</arg>
<doc>Logs the given message with the given level.</doc>
<status status="PASS" start="2024-07-09T20:16:18.682216" elapsed="0.000395"/>
</kw>
<kw name="Log" owner="BuiltIn">
<msg time="2024-07-09T20:16:18.683077" level="INFO">email</msg>
<arg>${key}</arg>
<doc>Logs the given message with the given level.</doc>
<status status="PASS" start="2024-07-09T20:16:18.682949" elapsed="0.000167"/>
</kw>
<var name="${key}">email</var>
<status status="PASS" start="2024-07-09T20:16:18.681551" elapsed="0.001779"/>
</iter>
<iter>
<kw name="Dictionary Should Contain Key" owner="Collections">
<arg>${json_data['results'][0]}</arg>
<arg>${key}</arg>
<doc>Fails if ``key`` is not found from ``dictionary``.</doc>
<status status="PASS" start="2024-07-09T20:16:18.683612" elapsed="0.000395"/>
</kw>
<kw name="Log" owner="BuiltIn">
<msg time="2024-07-09T20:16:18.684538" level="INFO">{'gender': 'male', 'name': {'title': 'Mr', 'first': 'Eugene', 'last': 'Rhodes'}, 'location': {'street': {'number': 5353, 'name': 'Spring St'}, 'city': 'Tamworth', 'state': 'South Australia', 'country': 'Australia', 'postcode': 1916, 'coordinates': {'latitude': '-89.5261', 'longitude': '-99.4300'}, 'timezone': {'offset': '-10:00', 'description': 'Hawaii'}}, 'email': 'eugene.rhodes@example.com', 'login': {'uuid': '5c18cd8c-f58b-4836-8352-02ced68eb547', 'username': 'goldendog136', 'password': 'champ1', 'salt': '7wFRFmAH', 'md5': 'f5f72346e28add930bb08ed4eeae8fd0', 'sha1': 'f90e6d2fb51d2b8336dfde53d10af2be616a18de', 'sha256': 'a04bbe7762b0dd39b8d8a804f5461bfea1a79cebd819e0c576b1067b04be60dd'}, 'dob': {'date': '1952-05-14T15:16:47.346Z', 'age': 72}, 'registered': {'date': '2017-11-05T23:41:48.549Z', 'age': 6}, 'phone': '08-4597-3243', 'cell': '0432-388-126', 'id': {'name': 'TFN', 'value': '898908565'}, 'picture': {'large': 'https://randomuser.me/api/portraits/men/90.jpg', 'medium': 'https://randomuser.me/api/portraits/med/men/90.jpg', 'thumbnail': 'https://randomuser.me/api/portraits/thumb/men/90.jpg'}, 'nat': 'AU'}</msg>
<arg>${json_data['results'][0]}</arg>
<doc>Logs the given message with the given level.</doc>
<status status="PASS" start="2024-07-09T20:16:18.684190" elapsed="0.000397"/>
</kw>
<kw name="Log" owner="BuiltIn">
<msg time="2024-07-09T20:16:18.685004" level="INFO">login</msg>
<arg>${key}</arg>
<doc>Logs the given message with the given level.</doc>
<status status="PASS" start="2024-07-09T20:16:18.684878" elapsed="0.000163"/>
</kw>
<var name="${key}">login</var>
<status status="PASS" start="2024-07-09T20:16:18.683498" elapsed="0.001769"/>
</iter>
<var>${key}</var>
<value>@{expected_keys}</value>
<status status="PASS" start="2024-07-09T20:16:18.675533" elapsed="0.009855"/>
</for>
<kw name="Create List" owner="BuiltIn">
<msg time="2024-07-09T20:16:18.685709" level="INFO">${expected_keysTwo} = ['username', 'password']</msg>
<var>${expected_keysTwo}</var>
<arg>username</arg>
<arg>password</arg>
<doc>Returns a list containing given items.</doc>
<status status="PASS" start="2024-07-09T20:16:18.685577" elapsed="0.000156"/>
</kw>
<for flavor="IN">
<iter>
<kw name="Dictionary Should Contain Key" owner="Collections">
<arg>${json_data['results'][0]['login']}</arg>
<arg>${keyTwo}</arg>
<doc>Fails if ``key`` is not found from ``dictionary``.</doc>
<status status="PASS" start="2024-07-09T20:16:18.686249" elapsed="0.000379"/>
</kw>
<kw name="Dictionary Should Contain Key" owner="Collections">
<arg>${json_data['results'][0]['login']}</arg>
<arg>${keyTwo}</arg>
<doc>Fails if ``key`` is not found from ``dictionary``.</doc>
<status status="PASS" start="2024-07-09T20:16:18.686843" elapsed="0.000383"/>
</kw>
<kw name="Log" owner="BuiltIn">
<msg time="2024-07-09T20:16:18.687534" level="INFO">username</msg>
<arg>${keyTwo}</arg>
<doc>Logs the given message with the given level.</doc>
<status status="PASS" start="2024-07-09T20:16:18.687411" elapsed="0.000161"/>
</kw>
<var name="${keyTwo}">username</var>
<status status="PASS" start="2024-07-09T20:16:18.686141" elapsed="0.001657"/>
</iter>
<iter>
<kw name="Dictionary Should Contain Key" owner="Collections">
<arg>${json_data['results'][0]['login']}</arg>
<arg>${keyTwo}</arg>
<doc>Fails if ``key`` is not found from ``dictionary``.</doc>
<status status="PASS" start="2024-07-09T20:16:18.688073" elapsed="0.000381"/>
</kw>
<kw name="Dictionary Should Contain Key" owner="Collections">
<arg>${json_data['results'][0]['login']}</arg>
<arg>${keyTwo}</arg>
<doc>Fails if ``key`` is not found from ``dictionary``.</doc>
<status status="PASS" start="2024-07-09T20:16:18.688631" elapsed="0.000366"/>
</kw>
<kw name="Log" owner="BuiltIn">
<msg time="2024-07-09T20:16:18.689290" level="INFO">password</msg>
<arg>${keyTwo}</arg>
<doc>Logs the given message with the given level.</doc>
<status status="PASS" start="2024-07-09T20:16:18.689173" elapsed="0.000159"/>
</kw>
<var name="${keyTwo}">password</var>
<status status="PASS" start="2024-07-09T20:16:18.687967" elapsed="0.001583"/>
</iter>
<var>${keyTwo}</var>
<value>@{expected_keysTwo}</value>
<status status="PASS" start="2024-07-09T20:16:18.685990" elapsed="0.003680"/>
</for>
<status status="PASS" start="2024-07-09T20:16:18.573921" elapsed="0.115890"/>
</kw>
<doc>Testa a estrutura da resposta da API.</doc>
<tag>testeEstruturaResposta</tag>
<status status="PASS" start="2024-07-09T20:16:18.573352" elapsed="0.116605"/>
</test>
<test id="s1-s1-t4" name="Validar tipos de dados" line="28">
<kw name="Teste de Tipos de Dados" owner="random-user-service">
<kw name="GET On Session" owner="RequestsLibrary">
<msg time="2024-07-09T20:16:18.770844" level="INFO">GET Request : url=https://randomuser.me/api 
 path_url=/api 
 headers={'User-Agent': 'python-requests/2.32.3', 'Accept-Encoding': 'gzip, deflate', 'Accept': '*/*', 'Connection': 'keep-alive'} 
 body=None 
 </msg>
<msg time="2024-07-09T20:16:18.770927" level="INFO">GET Response : url=https://randomuser.me/api 
 status=200, reason=OK 
 headers={'Date': 'Tue, 09 Jul 2024 20:16:18 GMT', 'Content-Type': 'application/json; charset=utf-8', 'Transfer-Encoding': 'chunked', 'Connection': 'keep-alive', 'X-Powered-By': 'Express', 'Access-Control-Allow-Origin': '*', 'Cache-Control': 'no-cache', 'ETag': 'W/"494-vCbM39lwzssonOu9kKQMPBSU7W0"', 'Vary': 'Accept-Encoding', 'Content-Encoding': 'gzip', 'CF-Cache-Status': 'DYNAMIC', 'Report-To': '{"endpoints":[{"url":"https:\\/\\/a.nel.cloudflare.com\\/report\\/v4?s=8pAIkfBx9%2FEBr4nGW8ssa1V0TCUH2yx9MIH4%2B865PWztp4Cpy85RK9zySeC1roSIFBigvXAn4Fz7mDIDyzcKqfE4s%2F40twmE3ze0o%2BaKn2DQOz4H%2BKkvkcd0c7p1t0If"}],"group":"cf-nel","max_age":604800}', 'NEL': '{"success_fraction":0,"report_to":"cf-nel","max_age":604800}', 'Server': 'cloudflare', 'CF-RAY': '8a0afdb4deb51cde-ORD', 'alt-svc': 'h3=":443"; ma=86400'} 
 body={"results":[{"gender":"female","name":{"title":"Ms","first":"Delphine","last":"Bergeron"},"location":{"street":{"number":9566,"name":"Main St"},"city":"Lafontaine","state":"New Brunswick","country":"Canada","postcode":"D3L 2F5","coordinates":{"latitude":"-68.3835","longitude":"84.4759"},"timezone":{"offset":"-8:00","description":"Pacific Time (US &amp; Canada)"}},"email":"delphine.bergeron@example.com","login":{"uuid":"51b2f983-b1f1-429c-9c7b-9a8ed99b6453","username":"redmeercat695","password":"indigo","salt":"f9fjJVeV","md5":"3975f603ef3db65ee93c217533c9c938","sha1":"5811e0b04a2732eea14bbeab4cec6e4c10ffad00","sha256":"7fe73837b90c064e2bac24737d0469304b0843626919dfff9f74cafc57fd29e3"},"dob":{"date":"1973-02-08T11:51:40.908Z","age":51},"registered":{"date":"2020-05-01T07:23:35.158Z","age":4},"phone":"P57 K23-2963","cell":"G39 M47-1212","id":{"name":"SIN","value":"553355942"},"picture":{"large":"https://randomuser.me/api/portraits/women/84.jpg","medium":"https://randomuser.me/api/portraits/med/women/84.jpg","thumbnail":"https://randomuser.me/api/portraits/thumb/women/84.jpg"},"nat":"CA"}],"info":{"seed":"04c3db48c56ca2b4","results":1,"page":1,"version":"1.4"}} 
 </msg>
<msg time="2024-07-09T20:16:18.771003" level="INFO">/opt/hostedtoolcache/Python/3.12.4/x64/lib/python3.12/site-packages/urllib3/connectionpool.py:1099: InsecureRequestWarning: Unverified HTTPS request is being made to host 'randomuser.me'. Adding certificate verification is strongly advised. See: https://urllib3.readthedocs.io/en/latest/advanced-usage.html#tls-warnings
  warnings.warn(</msg>
<msg time="2024-07-09T20:16:18.771110" level="INFO">${response} = &lt;Response [200]&gt;</msg>
<var>${response}</var>
<arg>consultarAPI</arg>
<arg>/api</arg>
<doc>Sends a GET request on a previously created HTTP Session.</doc>
<status status="PASS" start="2024-07-09T20:16:18.692549" elapsed="0.078613"/>
</kw>
<kw name="Set Variable" owner="BuiltIn">
<msg time="2024-07-09T20:16:18.772368" level="INFO">${json_data} = {'results': [{'gender': 'female', 'name': {'title': 'Ms', 'first': 'Delphine', 'last': 'Bergeron'}, 'location': {'street': {'number': 9566, 'name': 'Main St'}, 'city': 'Lafontaine', 'state': 'New Brun...</msg>
<var>${json_data}</var>
<arg>${response.json()}</arg>
<doc>Returns the given values which can then be assigned to a variables.</doc>
<status status="PASS" start="2024-07-09T20:16:18.771682" elapsed="0.000716"/>
</kw>
<kw name="Log" owner="BuiltIn">
<msg time="2024-07-09T20:16:18.772852" level="INFO">{'results': [{'gender': 'female', 'name': {'title': 'Ms', 'first': 'Delphine', 'last': 'Bergeron'}, 'location': {'street': {'number': 9566, 'name': 'Main St'}, 'city': 'Lafontaine', 'state': 'New Brunswick', 'country': 'Canada', 'postcode': 'D3L 2F5', 'coordinates': {'latitude': '-68.3835', 'longitude': '84.4759'}, 'timezone': {'offset': '-8:00', 'description': 'Pacific Time (US &amp; Canada)'}}, 'email': 'delphine.bergeron@example.com', 'login': {'uuid': '51b2f983-b1f1-429c-9c7b-9a8ed99b6453', 'username': 'redmeercat695', 'password': 'indigo', 'salt': 'f9fjJVeV', 'md5': '3975f603ef3db65ee93c217533c9c938', 'sha1': '5811e0b04a2732eea14bbeab4cec6e4c10ffad00', 'sha256': '7fe73837b90c064e2bac24737d0469304b0843626919dfff9f74cafc57fd29e3'}, 'dob': {'date': '1973-02-08T11:51:40.908Z', 'age': 51}, 'registered': {'date': '2020-05-01T07:23:35.158Z', 'age': 4}, 'phone': 'P57 K23-2963', 'cell': 'G39 M47-1212', 'id': {'name': 'SIN', 'value': '553355942'}, 'picture': {'large': 'https://randomuser.me/api/portraits/women/84.jpg', 'medium': 'https://randomuser.me/api/portraits/med/women/84.jpg', 'thumbnail': 'https://randomuser.me/api/portraits/thumb/women/84.jpg'}, 'nat': 'CA'}], 'info': {'seed': '04c3db48c56ca2b4', 'results': 1, 'page': 1, 'version': '1.4'}}</msg>
<arg>${json_data}</arg>
<doc>Logs the given message with the given level.</doc>
<status status="PASS" start="2024-07-09T20:16:18.772702" elapsed="0.000198"/>
</kw>
<kw name="Should Be String" owner="String">
<arg>${json_data['results'][0]['gender']}</arg>
<doc>Fails if the given ``item`` is not a string.</doc>
<status status="PASS" start="2024-07-09T20:16:18.773194" elapsed="0.000357"/>
</kw>
<kw name="Should Match Regexp" owner="BuiltIn">
<arg>${json_data['results'][0]['email']}</arg>
<arg>^[a-zA-Z0-9._%+-]+@[a-zA-Z0-9.-]+\.[a-zA-Z]{2,}$</arg>
<doc>Fails if ``string`` does not match ``pattern`` as a regular expression.</doc>
<status status="PASS" start="2024-07-09T20:16:18.773740" elapsed="0.000514"/>
</kw>
<kw name="Should Match Regexp" owner="BuiltIn">
<arg>${json_data['results'][0]['dob']['date']}</arg>
<arg>\\d{4}-\\d{2}-\\d{2}T\\d{2}:\\d{2}:\\d{2}\\.\\d{3}Z</arg>
<doc>Fails if ``string`` does not match ``pattern`` as a regular expression.</doc>
<status status="PASS" start="2024-07-09T20:16:18.774482" elapsed="0.000543"/>
</kw>
<kw name="Should Match Regexp" owner="BuiltIn">
<arg>${json_data['results'][0]['registered']['date']}</arg>
<arg>\\d{4}-\\d{2}-\\d{2}T\\d{2}:\\d{2}:\\d{2}\\.\\d{3}Z</arg>
<doc>Fails if ``string`` does not match ``pattern`` as a regular expression.</doc>
<status status="PASS" start="2024-07-09T20:16:18.775221" elapsed="0.000370"/>
</kw>
<kw name="Should Match Regexp" owner="BuiltIn">
<arg>${json_data['results'][0]['picture']['large']}</arg>
<arg>^https?://.*\.(?:png|jpe?g|gif|bmp)$</arg>
<doc>Fails if ``string`` does not match ``pattern`` as a regular expression.</doc>
<status status="PASS" start="2024-07-09T20:16:18.775777" elapsed="0.000455"/>
</kw>
<kw name="Should Match Regexp" owner="BuiltIn">
<arg>${json_data['results'][0]['picture']['medium']}</arg>
<arg>^https?://.*\.(?:png|jpe?g|gif|bmp)$</arg>
<doc>Fails if ``string`` does not match ``pattern`` as a regular expression.</doc>
<status status="PASS" start="2024-07-09T20:16:18.776426" elapsed="0.000351"/>
</kw>
<kw name="Should Match Regexp" owner="BuiltIn">
<arg>${json_data['results'][0]['picture']['thumbnail']}</arg>
<arg>^https?://.*\.(?:png|jpe?g|gif|bmp)$</arg>
<doc>Fails if ``string`` does not match ``pattern`` as a regular expression.</doc>
<status status="PASS" start="2024-07-09T20:16:18.776959" elapsed="0.000353"/>
</kw>
<kw name="Log" owner="BuiltIn">
<msg time="2024-07-09T20:16:18.777824" level="INFO">{'large': 'https://randomuser.me/api/portraits/women/84.jpg', 'medium': 'https://randomuser.me/api/portraits/med/women/84.jpg', 'thumbnail': 'https://randomuser.me/api/portraits/thumb/women/84.jpg'}</msg>
<arg>${json_data['results'][0]['picture']}</arg>
<doc>Logs the given message with the given level.</doc>
<status status="PASS" start="2024-07-09T20:16:18.777495" elapsed="0.000372"/>
</kw>
<status status="PASS" start="2024-07-09T20:16:18.692330" elapsed="0.085789"/>
</kw>
<kw name="Teste de Tipos de Dados - Postcode" owner="random-user-service">
<kw name="GET On Session" owner="RequestsLibrary">
<msg time="2024-07-09T20:16:18.868927" level="INFO">GET Request : url=https://randomuser.me/api 
 path_url=/api 
 headers={'User-Agent': 'python-requests/2.32.3', 'Accept-Encoding': 'gzip, deflate', 'Accept': '*/*', 'Connection': 'keep-alive'} 
 body=None 
 </msg>
<msg time="2024-07-09T20:16:18.869035" level="INFO">GET Response : url=https://randomuser.me/api 
 status=200, reason=OK 
 headers={'Date': 'Tue, 09 Jul 2024 20:16:18 GMT', 'Content-Type': 'application/json; charset=utf-8', 'Transfer-Encoding': 'chunked', 'Connection': 'keep-alive', 'X-Powered-By': 'Express', 'Access-Control-Allow-Origin': '*', 'Cache-Control': 'no-cache', 'ETag': 'W/"497-47M+BL98809dEEUszBYF/UykgU4"', 'Vary': 'Accept-Encoding', 'Content-Encoding': 'gzip', 'CF-Cache-Status': 'DYNAMIC', 'Report-To': '{"endpoints":[{"url":"https:\\/\\/a.nel.cloudflare.com\\/report\\/v4?s=6jU59EVUUoTxLotbGGPK3I3p8gYJXZRbKam1VVyLUO5lN1CoLwMWLbEKDS6xjEtTUUaAvKeNywsMYeB60e%2FA5NJNqziJkb%2F7COQNEsqhY0H0o41EkzlYa8icFjnfbz%2B9"}],"group":"cf-nel","max_age":604800}', 'NEL': '{"success_fraction":0,"report_to":"cf-nel","max_age":604800}', 'Server': 'cloudflare', 'CF-RAY': '8a0afdb56f781cde-ORD', 'alt-svc': 'h3=":443"; ma=86400'} 
 body={"results":[{"gender":"male","name":{"title":"Mr","first":"Marcus","last":"Green"},"location":{"street":{"number":5536,"name":"Waipuna Road"},"city":"Christchurch","state":"Manawatu-Wanganui","country":"New Zealand","postcode":80863,"coordinates":{"latitude":"50.7427","longitude":"-149.4271"},"timezone":{"offset":"+5:30","description":"Bombay, Calcutta, Madras, New Delhi"}},"email":"marcus.green@example.com","login":{"uuid":"b3b8f15c-95ae-4496-93d8-9dd72b7af91b","username":"ticklishleopard612","password":"cheers","salt":"MvP3qJAJ","md5":"ad738ec0d756be21f3ba86470f91cb82","sha1":"fdcf7955f39e87115ea1232405dc7b5b56429d4b","sha256":"3d791fc8cfccbc2315e4d1f93d34fe45ddeee6c0557ef2c04be36eff6745762e"},"dob":{"date":"1992-05-06T21:45:15.033Z","age":32},"registered":{"date":"2019-10-13T11:57:58.376Z","age":4},"phone":"(174)-695-0706","cell":"(696)-397-0015","id":{"name":"","value":null},"picture":{"large":"https://randomuser.me/api/portraits/men/46.jpg","medium":"https://randomuser.me/api/portraits/med/men/46.jpg","thumbnail":"https://randomuser.me/api/portraits/thumb/men/46.jpg"},"nat":"NZ"}],"info":{"seed":"67300242e5c0a4f7","results":1,"page":1,"version":"1.4"}} 
 </msg>
<msg time="2024-07-09T20:16:18.869117" level="INFO">/opt/hostedtoolcache/Python/3.12.4/x64/lib/python3.12/site-packages/urllib3/connectionpool.py:1099: InsecureRequestWarning: Unverified HTTPS request is being made to host 'randomuser.me'. Adding certificate verification is strongly advised. See: https://urllib3.readthedocs.io/en/latest/advanced-usage.html#tls-warnings
  warnings.warn(</msg>
<msg time="2024-07-09T20:16:18.869260" level="INFO">${response} = &lt;Response [200]&gt;</msg>
<var>${response}</var>
<arg>consultarAPI</arg>
<arg>/api</arg>
<doc>Sends a GET request on a previously created HTTP Session.</doc>
<status status="PASS" start="2024-07-09T20:16:18.778549" elapsed="0.090905"/>
</kw>
<kw name="Set Variable" owner="BuiltIn">
<msg time="2024-07-09T20:16:18.870582" level="INFO">${json_data} = {'results': [{'gender': 'male', 'name': {'title': 'Mr', 'first': 'Marcus', 'last': 'Green'}, 'location': {'street': {'number': 5536, 'name': 'Waipuna Road'}, 'city': 'Christchurch', 'state': 'Manawatu...</msg>
<var>${json_data}</var>
<arg>${response.json()}</arg>
<doc>Returns the given values which can then be assigned to a variables.</doc>
<status status="PASS" start="2024-07-09T20:16:18.870056" elapsed="0.000554"/>
</kw>
<kw name="Log" owner="BuiltIn">
<msg time="2024-07-09T20:16:18.871116" level="INFO">{'results': [{'gender': 'male', 'name': {'title': 'Mr', 'first': 'Marcus', 'last': 'Green'}, 'location': {'street': {'number': 5536, 'name': 'Waipuna Road'}, 'city': 'Christchurch', 'state': 'Manawatu-Wanganui', 'country': 'New Zealand', 'postcode': 80863, 'coordinates': {'latitude': '50.7427', 'longitude': '-149.4271'}, 'timezone': {'offset': '+5:30', 'description': 'Bombay, Calcutta, Madras, New Delhi'}}, 'email': 'marcus.green@example.com', 'login': {'uuid': 'b3b8f15c-95ae-4496-93d8-9dd72b7af91b', 'username': 'ticklishleopard612', 'password': 'cheers', 'salt': 'MvP3qJAJ', 'md5': 'ad738ec0d756be21f3ba86470f91cb82', 'sha1': 'fdcf7955f39e87115ea1232405dc7b5b56429d4b', 'sha256': '3d791fc8cfccbc2315e4d1f93d34fe45ddeee6c0557ef2c04be36eff6745762e'}, 'dob': {'date': '1992-05-06T21:45:15.033Z', 'age': 32}, 'registered': {'date': '2019-10-13T11:57:58.376Z', 'age': 4}, 'phone': '(174)-695-0706', 'cell': '(696)-397-0015', 'id': {'name': '', 'value': None}, 'picture': {'large': 'https://randomuser.me/api/portraits/men/46.jpg', 'medium': 'https://randomuser.me/api/portraits/med/men/46.jpg', 'thumbnail': 'https://randomuser.me/api/portraits/thumb/men/46.jpg'}, 'nat': 'NZ'}], 'info': {'seed': '67300242e5c0a4f7', 'results': 1, 'page': 1, 'version': '1.4'}}</msg>
<arg>${json_data}</arg>
<doc>Logs the given message with the given level.</doc>
<status status="PASS" start="2024-07-09T20:16:18.870949" elapsed="0.000214"/>
</kw>
<kw name="Should Be Equal As Numbers" owner="BuiltIn">
<arg>${json_data['results'][0]['location']['postcode']}</arg>
<arg>${json_data['results'][0]['location']['postcode']}</arg>
<doc>Fails if objects are unequal after converting them to real numbers.</doc>
<status status="PASS" start="2024-07-09T20:16:18.871451" elapsed="0.000626"/>
</kw>
<kw name="Log" owner="BuiltIn">
<msg time="2024-07-09T20:16:18.872599" level="INFO">80863</msg>
<arg>${json_data['results'][0]['location']['postcode']}</arg>
<doc>Logs the given message with the given level.</doc>
<status status="PASS" start="2024-07-09T20:16:18.872267" elapsed="0.000371"/>
</kw>
<status status="PASS" start="2024-07-09T20:16:18.778332" elapsed="0.094586"/>
</kw>
<doc>Testa se os tipos de dados na resposta da API estão corretos.</doc>
<tag>testeTiposDados</tag>
<status status="PASS" start="2024-07-09T20:16:18.691739" elapsed="0.181353"/>
</test>
<test id="s1-s1-t5" name="Validar conteudo" line="35">
<kw name="Teste de Tipos de Conteudo" owner="random-user-service">
<kw name="GET On Session" owner="RequestsLibrary">
<msg time="2024-07-09T20:16:18.967080" level="INFO">GET Request : url=https://randomuser.me/api 
 path_url=/api 
 headers={'User-Agent': 'python-requests/2.32.3', 'Accept-Encoding': 'gzip, deflate', 'Accept': '*/*', 'Connection': 'keep-alive'} 
 body=None 
 </msg>
<msg time="2024-07-09T20:16:18.967194" level="INFO">GET Response : url=https://randomuser.me/api 
 status=200, reason=OK 
 headers={'Date': 'Tue, 09 Jul 2024 20:16:18 GMT', 'Content-Type': 'application/json; charset=utf-8', 'Transfer-Encoding': 'chunked', 'Connection': 'keep-alive', 'X-Powered-By': 'Express', 'Access-Control-Allow-Origin': '*', 'Cache-Control': 'no-cache', 'ETag': 'W/"498-J0mTlwgeHgBH/cdgb5jnk147/C8"', 'Vary': 'Accept-Encoding', 'Content-Encoding': 'gzip', 'CF-Cache-Status': 'DYNAMIC', 'Report-To': '{"endpoints":[{"url":"https:\\/\\/a.nel.cloudflare.com\\/report\\/v4?s=2Vj9l%2BZpGllVIYi1kU1uJ5gV2hqxU013zlw0KtAVDMceyP2I7iz4WpVzmmwWYV5OQDQdMWhi2fC9hJacCqi5bxRntWCIZRKDmSh%2FbESgmwRoOmxJtdrkWuPvAAJpNin4"}],"group":"cf-nel","max_age":604800}', 'NEL': '{"success_fraction":0,"report_to":"cf-nel","max_age":604800}', 'Server': 'cloudflare', 'CF-RAY': '8a0afdb5f8831cde-ORD', 'alt-svc': 'h3=":443"; ma=86400'} 
 body={"results":[{"gender":"male","name":{"title":"Mr","first":"Anselmo","last":"das Neves"},"location":{"street":{"number":9098,"name":"Rua da Saudade"},"city":"Barretos","state":"Paraíba","country":"Brazil","postcode":22621,"coordinates":{"latitude":"-75.8137","longitude":"-139.6389"},"timezone":{"offset":"-3:00","description":"Brazil, Buenos Aires, Georgetown"}},"email":"anselmo.dasneves@example.com","login":{"uuid":"155e3182-1ac7-4053-8547-f09031d60d80","username":"crazyladybug960","password":"ducati","salt":"eNXCatpb","md5":"59aacfe3e620195bf54b27bbc403911c","sha1":"5c8cf98819946adc2d00d642759840adba7825bf","sha256":"ac95cef18a85f22d7b8b734ce2b92a3945b2388d95cf6890b0b0e91099f1da99"},"dob":{"date":"1947-08-16T14:45:31.748Z","age":76},"registered":{"date":"2013-10-30T09:41:49.121Z","age":10},"phone":"(21) 8308-5028","cell":"(72) 3838-7593","id":{"name":"CPF","value":"964.283.301-63"},"picture":{"large":"https://randomuser.me/api/portraits/men/2.jpg","medium":"https://randomuser.me/api/portraits/med/men/2.jpg","thumbnail":"https://randomuser.me/api/portraits/thumb/men/2.jpg"},"nat":"BR"}],"info":{"seed":"5493b622335d682a","results":1,"page":1,"version":"1.4"}} 
 </msg>
<msg time="2024-07-09T20:16:18.967301" level="INFO">/opt/hostedtoolcache/Python/3.12.4/x64/lib/python3.12/site-packages/urllib3/connectionpool.py:1099: InsecureRequestWarning: Unverified HTTPS request is being made to host 'randomuser.me'. Adding certificate verification is strongly advised. See: https://urllib3.readthedocs.io/en/latest/advanced-usage.html#tls-warnings
  warnings.warn(</msg>
<msg time="2024-07-09T20:16:18.967441" level="INFO">${response} = &lt;Response [200]&gt;</msg>
<var>${response}</var>
<arg>consultarAPI</arg>
<arg>/api</arg>
<doc>Sends a GET request on a previously created HTTP Session.</doc>
<status status="PASS" start="2024-07-09T20:16:18.875843" elapsed="0.091647"/>
</kw>
<kw name="Set Variable" owner="BuiltIn">
<msg time="2024-07-09T20:16:18.968606" level="INFO">${json_data} = {'results': [{'gender': 'male', 'name': {'title': 'Mr', 'first': 'Anselmo', 'last': 'das Neves'}, 'location': {'street': {'number': 9098, 'name': 'Rua da Saudade'}, 'city': 'Barretos', 'state': 'Paraí...</msg>
<var>${json_data}</var>
<arg>${response.json()}</arg>
<doc>Returns the given values which can then be assigned to a variables.</doc>
<status status="PASS" start="2024-07-09T20:16:18.968053" elapsed="0.000583"/>
</kw>
<kw name="Set Variable" owner="BuiltIn">
<msg time="2024-07-09T20:16:18.969316" level="INFO">${name_title} = Mr</msg>
<var>${name_title}</var>
<arg>${json_data["results"][0]["name"]["title"]}</arg>
<doc>Returns the given values which can then be assigned to a variables.</doc>
<status status="PASS" start="2024-07-09T20:16:18.968941" elapsed="0.000401"/>
</kw>
<kw name="Create List" owner="BuiltIn">
<msg time="2024-07-09T20:16:18.969785" level="INFO">${allowed_titles} = ['Mr', 'Ms', 'Miss', 'Mrs', 'Madame', 'Monsieur']</msg>
<var>${allowed_titles}</var>
<arg>Mr</arg>
<arg>Ms</arg>
<arg>Miss</arg>
<arg>Mrs</arg>
<arg>Madame</arg>
<arg>Monsieur</arg>
<doc>Returns a list containing given items.</doc>
<status status="PASS" start="2024-07-09T20:16:18.969635" elapsed="0.000174"/>
</kw>
<kw name="List Should Contain Value" owner="Collections">
<arg>${allowed_titles}</arg>
<arg>${name_title}</arg>
<doc>Fails if the ``value`` is not found from ``list``.</doc>
<status status="PASS" start="2024-07-09T20:16:18.970108" elapsed="0.000176"/>
</kw>
<kw name="Set Variable" owner="BuiltIn">
<msg time="2024-07-09T20:16:18.970874" level="INFO">${name_country} = BR</msg>
<var>${name_country}</var>
<arg>${json_data["results"][0]["nat"]}</arg>
<doc>Returns the given values which can then be assigned to a variables.</doc>
<status status="PASS" start="2024-07-09T20:16:18.970460" elapsed="0.000439"/>
</kw>
<kw name="Create List" owner="BuiltIn">
<msg time="2024-07-09T20:16:18.971782" level="INFO">${list_country} = ['AD', 'AE', 'AF', 'AG', 'AI', 'AL', 'AM', 'AO', 'AQ', 'AR', 'AS', 'AT', 'AU', 'AW', 'AX', 'AZ', 'BA', 'BB', 'BD', 'BE', 'BF', 'BG', 'BH', 'BI', 'BJ', 'BL', 'BM', 'BN', 'BO', 'BQ', 'BR', 'BS', 'BT', '...</msg>
<var>${list_country}</var>
<arg>AD</arg>
<arg>AE</arg>
<arg>AF</arg>
<arg>AG</arg>
<arg>AI</arg>
<arg>AL</arg>
<arg>AM</arg>
<arg>AO</arg>
<arg>AQ</arg>
<arg>AR</arg>
<arg>AS</arg>
<arg>AT</arg>
<arg>AU</arg>
<arg>AW</arg>
<arg>AX</arg>
<arg>AZ</arg>
<arg>BA</arg>
<arg>BB</arg>
<arg>BD</arg>
<arg>BE</arg>
<arg>BF</arg>
<arg>BG</arg>
<arg>BH</arg>
<arg>BI</arg>
<arg>BJ</arg>
<arg>BL</arg>
<arg>BM</arg>
<arg>BN</arg>
<arg>BO</arg>
<arg>BQ</arg>
<arg>BR</arg>
<arg>BS</arg>
<arg>BT</arg>
<arg>BV</arg>
<arg>BW</arg>
<arg>BY</arg>
<arg>BZ</arg>
<arg>CA</arg>
<arg>CC</arg>
<arg>CD</arg>
<arg>CF</arg>
<arg>CG</arg>
<arg>CH</arg>
<arg>CI</arg>
<arg>CK</arg>
<arg>CL</arg>
<arg>CM</arg>
<arg>CN</arg>
<arg>CO</arg>
<arg>CR</arg>
<arg>CU</arg>
<arg>CV</arg>
<arg>CW</arg>
<arg>CX</arg>
<arg>CY</arg>
<arg>CZ</arg>
<arg>DE</arg>
<arg>DJ</arg>
<arg>DK</arg>
<arg>DM</arg>
<arg>DO</arg>
<arg>DZ</arg>
<arg>EC</arg>
<arg>EE</arg>
<arg>EG</arg>
<arg>EH</arg>
<arg>ER</arg>
<arg>ES</arg>
<arg>ET</arg>
<arg>FI</arg>
<arg>FJ</arg>
<arg>FK</arg>
<arg>FM</arg>
<arg>FO</arg>
<arg>FR</arg>
<arg>GA</arg>
<arg>GB</arg>
<arg>GD</arg>
<arg>GE</arg>
<arg>GF</arg>
<arg>GG</arg>
<arg>GH</arg>
<arg>GI</arg>
<arg>GL</arg>
<arg>GM</arg>
<arg>GN</arg>
<arg>GP</arg>
<arg>GQ</arg>
<arg>GR</arg>
<arg>GS</arg>
<arg>GT</arg>
<arg>GU</arg>
<arg>GW</arg>
<arg>GY</arg>
<arg>HK</arg>
<arg>HM</arg>
<arg>HN</arg>
<arg>HR</arg>
<arg>HT</arg>
<arg>HU</arg>
<arg>ID</arg>
<arg>IE</arg>
<arg>IL</arg>
<arg>IM</arg>
<arg>IN</arg>
<arg>IO</arg>
<arg>IQ</arg>
<arg>IR</arg>
<arg>IS</arg>
<arg>IT</arg>
<arg>JE</arg>
<arg>JM</arg>
<arg>JO</arg>
<arg>JP</arg>
<arg>KE</arg>
<arg>KG</arg>
<arg>KH</arg>
<arg>KI</arg>
<arg>KM</arg>
<arg>KN</arg>
<arg>KP</arg>
<arg>KR</arg>
<arg>KW</arg>
<arg>KY</arg>
<arg>KZ</arg>
<arg>LA</arg>
<arg>LB</arg>
<arg>LC</arg>
<arg>LI</arg>
<arg>LK</arg>
<arg>LR</arg>
<arg>LS</arg>
<arg>LT</arg>
<arg>LU</arg>
<arg>LV</arg>
<arg>LY</arg>
<arg>MA</arg>
<arg>MC</arg>
<arg>MD</arg>
<arg>ME</arg>
<arg>MF</arg>
<arg>MG</arg>
<arg>MH</arg>
<arg>MK</arg>
<arg>ML</arg>
<arg>MM</arg>
<arg>MN</arg>
<arg>MO</arg>
<arg>MP</arg>
<arg>MQ</arg>
<arg>MR</arg>
<arg>MS</arg>
<arg>MT</arg>
<arg>MU</arg>
<arg>MV</arg>
<arg>MW</arg>
<arg>MX</arg>
<arg>MY</arg>
<arg>MZ</arg>
<arg>NA</arg>
<arg>NC</arg>
<arg>NE</arg>
<arg>NF</arg>
<arg>NG</arg>
<arg>NI</arg>
<arg>NL</arg>
<arg>NO</arg>
<arg>NP</arg>
<arg>NR</arg>
<arg>NU</arg>
<arg>NZ</arg>
<arg>OM</arg>
<arg>PA</arg>
<arg>PE</arg>
<arg>PF</arg>
<arg>PG</arg>
<arg>PH</arg>
<arg>PK</arg>
<arg>PL</arg>
<arg>PM</arg>
<arg>PN</arg>
<arg>PR</arg>
<arg>PS</arg>
<arg>PT</arg>
<arg>PW</arg>
<arg>PY</arg>
<arg>QA</arg>
<arg>RE</arg>
<arg>RO</arg>
<arg>RS</arg>
<arg>RU</arg>
<arg>RW</arg>
<arg>SA</arg>
<arg>SB</arg>
<arg>SC</arg>
<arg>SD</arg>
<arg>SE</arg>
<arg>SG</arg>
<arg>SH</arg>
<arg>SI</arg>
<arg>SJ</arg>
<arg>SK</arg>
<arg>SL</arg>
<arg>SM</arg>
<arg>SN</arg>
<arg>SO</arg>
<arg>SR</arg>
<arg>SS</arg>
<arg>ST</arg>
<arg>SV</arg>
<arg>SX</arg>
<arg>SY</arg>
<arg>SZ</arg>
<arg>TC</arg>
<arg>TD</arg>
<arg>TF</arg>
<arg>TG</arg>
<arg>TH</arg>
<arg>TJ</arg>
<arg>TK</arg>
<arg>TL</arg>
<arg>TM</arg>
<arg>TN</arg>
<arg>TO</arg>
<arg>TR</arg>
<arg>TT</arg>
<arg>TV</arg>
<arg>TW</arg>
<arg>TZ</arg>
<arg>UA</arg>
<arg>UG</arg>
<arg>UM</arg>
<arg>US</arg>
<arg>UY</arg>
<arg>UZ</arg>
<arg>VA</arg>
<arg>VC</arg>
<arg>VE</arg>
<arg>VG</arg>
<arg>VI</arg>
<arg>VN</arg>
<arg>VU</arg>
<arg>WF</arg>
<arg>WS</arg>
<arg>XK</arg>
<arg>YE</arg>
<arg>YT</arg>
<arg>ZA</arg>
<arg>ZM</arg>
<arg>ZW</arg>
<doc>Returns a list containing given items.</doc>
<status status="PASS" start="2024-07-09T20:16:18.971198" elapsed="0.000609"/>
</kw>
<kw name="List Should Contain Value" owner="Collections">
<arg>${list_country}</arg>
<arg>${name_country}</arg>
<doc>Fails if the ``value`` is not found from ``list``.</doc>
<status status="PASS" start="2024-07-09T20:16:18.972592" elapsed="0.000211"/>
</kw>
<kw name="Run Keyword If" owner="BuiltIn">
<kw name="Should Be True" owner="BuiltIn">
<arg>${True}</arg>
<doc>Fails if the given condition is not true.</doc>
<status status="PASS" start="2024-07-09T20:16:18.973742" elapsed="0.000143"/>
</kw>
<arg>${json_data["results"][0]["location"]["coordinates"]["latitude"]} &gt;= -90 and ${json_data["results"][0]["location"]["coordinates"]["latitude"]} &lt;= 90</arg>
<arg>Should Be True</arg>
<arg>${True}</arg>
<doc>Runs the given keyword with the given arguments, if ``condition`` is true.</doc>
<status status="PASS" start="2024-07-09T20:16:18.973001" elapsed="0.001011"/>
</kw>
<kw name="Run Keyword If" owner="BuiltIn">
<kw name="Should Be True" owner="BuiltIn">
<arg>${True}</arg>
<doc>Fails if the given condition is not true.</doc>
<status status="PASS" start="2024-07-09T20:16:18.974970" elapsed="0.000142"/>
</kw>
<arg>${json_data["results"][0]["location"]["coordinates"]["longitude"]} &gt;= -180 and ${json_data["results"][0]["location"]["coordinates"]["longitude"]} &lt;= 180</arg>
<arg>Should Be True</arg>
<arg>${True}</arg>
<doc>Runs the given keyword with the given arguments, if ``condition`` is true.</doc>
<status status="PASS" start="2024-07-09T20:16:18.974193" elapsed="0.001041"/>
</kw>
<status status="PASS" start="2024-07-09T20:16:18.875459" elapsed="0.099907"/>
</kw>
<doc>Testa o conteúdo específico dos campos retornados pela API.</doc>
<tag>testeConteudo</tag>
<status status="PASS" start="2024-07-09T20:16:18.874915" elapsed="0.100604"/>
</test>
<status status="PASS" start="2024-07-09T20:16:17.987125" elapsed="0.990364"/>
</suite>
<status status="PASS" start="2024-07-09T20:16:17.972508" elapsed="1.010255"/>
</suite>
<statistics>
<total>
<stat pass="5" fail="0" skip="0">All Tests</stat>
</total>
<tag>
<stat pass="1" fail="0" skip="0">testeConteudo</stat>
<stat pass="1" fail="0" skip="0">testeEstruturaResposta</stat>
<stat pass="1" fail="0" skip="0">testeRequisicaoBasica</stat>
<stat pass="1" fail="0" skip="0">testeTiposDados</stat>
</tag>
<suite>
<stat pass="5" fail="0" skip="0" id="s1" name="Tests">Tests</stat>
<stat pass="5" fail="0" skip="0" id="s1-s1" name="Random-User-Test">Tests.Random-User-Test</stat>
</suite>
</statistics>
<errors>
</errors>
</robot>
