<?xml version="1.0" encoding="UTF-8"?>
<robot generator="Robot 7.0.1 (Python 3.12.3 on linux)" generated="2024-06-12T21:14:22.555319" rpa="false" schemaversion="5">
<suite id="s1" name="Tests" source="/home/runner/work/ApiRandomUser/ApiRandomUser/RamdonUser/tests">
<suite id="s1-s1" name="Random-User-Test" source="/home/runner/work/ApiRandomUser/ApiRandomUser/RamdonUser/tests/random-user-test.robot">
<test id="s1-s1-t1" name="Conectar" line="13">
<kw name="Conectar API" owner="random-user-service">
<kw name="Create Session" owner="RequestsLibrary">
<msg time="2024-06-12T21:14:23.046254" level="INFO">Creating Session using : alias=consultarAPI, url=https://randomuser.me/, headers={},                     cookies={}, auth=None, timeout=None, proxies=None, verify=False,                     debug=0 </msg>
<arg>consultarAPI</arg>
<arg>${URL}</arg>
<doc>Create Session: create a HTTP session to a server</doc>
<status status="PASS" start="2024-06-12T21:14:23.045977" elapsed="0.000551"/>
</kw>
<status status="PASS" start="2024-06-12T21:14:23.044631" elapsed="0.002478"/>
</kw>
<status status="PASS" start="2024-06-12T21:14:23.043779" elapsed="0.003580"/>
</test>
<test id="s1-s1-t2" name="Validar retorno 200 e JSON Válido" line="16">
<kw name="Teste de Requisicao Basica" owner="random-user-service">
<kw name="GET On Session" owner="RequestsLibrary">
<msg time="2024-06-12T21:14:23.224839" level="INFO">GET Request : url=https://randomuser.me/api 
 path_url=/api 
 headers={'User-Agent': 'python-requests/2.32.3', 'Accept-Encoding': 'gzip, deflate', 'Accept': '*/*', 'Connection': 'keep-alive'} 
 body=None 
 </msg>
<msg time="2024-06-12T21:14:23.225099" level="INFO">GET Response : url=https://randomuser.me/api 
 status=200, reason=OK 
 headers={'Date': 'Wed, 12 Jun 2024 21:14:23 GMT', 'Content-Type': 'application/json; charset=utf-8', 'Transfer-Encoding': 'chunked', 'Connection': 'keep-alive', 'X-Powered-By': 'Express', 'Access-Control-Allow-Origin': '*', 'Cache-Control': 'no-cache', 'ETag': 'W/"4aa-VUGEL2TSz2y0qGtb5b3pDrC0LdA"', 'Vary': 'Accept-Encoding', 'Content-Encoding': 'gzip', 'CF-Cache-Status': 'DYNAMIC', 'Report-To': '{"endpoints":[{"url":"https:\\/\\/a.nel.cloudflare.com\\/report\\/v4?s=BANBy4kOOhJbVz5EkalEQtDUuHwty2l94v9IG6lF7thcK5iSThuxSfLKhmzh48Zvc77Xc9UmQJJo3VCPhY2TXUKWIl%2Bybe02pxhDUvvP1TWpdnf5mlI3wY8sQezXqcrE"}],"group":"cf-nel","max_age":604800}', 'NEL': '{"success_fraction":0,"report_to":"cf-nel","max_age":604800}', 'Server': 'cloudflare', 'CF-RAY': '892cd9a6ecb88191-IAD', 'alt-svc': 'h3=":443"; ma=86400'} 
 body={"results":[{"gender":"female","name":{"title":"Miss","first":"Adália","last":"Teixeira"},"location":{"street":{"number":1408,"name":"Rua Santa Maria "},"city":"Três Lagoas","state":"Paraná","country":"Brazil","postcode":92838,"coordinates":{"latitude":"-77.7833","longitude":"35.1665"},"timezone":{"offset":"+4:00","description":"Abu Dhabi, Muscat, Baku, Tbilisi"}},"email":"adalia.teixeira@example.com","login":{"uuid":"0f592ae8-e9f7-422a-9345-13881924e114","username":"goldenbutterfly318","password":"dilbert","salt":"M7CkiOgp","md5":"96744a6b72141a4d08cc8eb753636efd","sha1":"9179a13843d183072309a335f3c7cd8b5104ba9a","sha256":"bea1768bdd63b6fa75a3ddfd25121ddcb18ab74c6fac299d44116085fdcc3899"},"dob":{"date":"1976-05-18T21:31:40.604Z","age":48},"registered":{"date":"2012-06-30T21:06:00.839Z","age":11},"phone":"(51) 2810-2628","cell":"(71) 1079-5715","id":{"name":"CPF","value":"921.894.807-31"},"picture":{"large":"https://randomuser.me/api/portraits/women/11.jpg","medium":"https://randomuser.me/api/portraits/med/women/11.jpg","thumbnail":"https://randomuser.me/api/portraits/thumb/women/11.jpg"},"nat":"BR"}],"info":{"seed":"2d0ccad2b028ac23","results":1,"page":1,"version":"1.4"}} 
 </msg>
<msg time="2024-06-12T21:14:23.225237" level="INFO">/opt/hostedtoolcache/Python/3.12.3/x64/lib/python3.12/site-packages/urllib3/connectionpool.py:1103: InsecureRequestWarning: Unverified HTTPS request is being made to host 'randomuser.me'. Adding certificate verification is strongly advised. See: https://urllib3.readthedocs.io/en/latest/advanced-usage.html#tls-warnings
  warnings.warn(</msg>
<msg time="2024-06-12T21:14:23.225486" level="INFO">${response} = &lt;Response [200]&gt;</msg>
<var>${response}</var>
<arg>consultarAPI</arg>
<arg>/api</arg>
<doc>Sends a GET request on a previously created HTTP Session.</doc>
<status status="PASS" start="2024-06-12T21:14:23.050492" elapsed="0.175058"/>
</kw>
<kw name="Should Be Equal As Numbers" owner="BuiltIn">
<msg time="2024-06-12T21:14:23.227413" level="INFO">Argument types are:
&lt;class 'int'&gt;
&lt;class 'str'&gt;</msg>
<arg>${response.status_code}</arg>
<arg>200</arg>
<doc>Fails if objects are unequal after converting them to real numbers.</doc>
<status status="PASS" start="2024-06-12T21:14:23.226565" elapsed="0.000960"/>
</kw>
<kw name="Log" owner="BuiltIn">
<msg time="2024-06-12T21:14:23.228682" level="INFO">200</msg>
<arg>${response.status_code}</arg>
<doc>Logs the given message with the given level.</doc>
<status status="PASS" start="2024-06-12T21:14:23.228132" elapsed="0.000617"/>
</kw>
<kw name="Set Variable" owner="BuiltIn">
<msg time="2024-06-12T21:14:23.229754" level="INFO">${json_data} = {'results': [{'gender': 'female', 'name': {'title': 'Miss', 'first': 'Adália', 'last': 'Teixeira'}, 'location': {'street': {'number': 1408, 'name': 'Rua Santa Maria '}, 'city': 'Três Lagoas', 'state':...</msg>
<var>${json_data}</var>
<arg>${response.json()}</arg>
<doc>Returns the given values which can then be assigned to a variables.</doc>
<status status="PASS" start="2024-06-12T21:14:23.229151" elapsed="0.000636"/>
</kw>
<kw name="Dictionary Should Contain Key" owner="Collections">
<arg>${json_data}</arg>
<arg>results</arg>
<doc>Fails if ``key`` is not found from ``dictionary``.</doc>
<status status="PASS" start="2024-06-12T21:14:23.230138" elapsed="0.000238"/>
</kw>
<status status="PASS" start="2024-06-12T21:14:23.050181" elapsed="0.180425"/>
</kw>
<doc>Testa se a API responde corretamente e retorna um objeto JSON válido.</doc>
<tag>testeRequisicaoBasica</tag>
<status status="PASS" start="2024-06-12T21:14:23.049524" elapsed="0.181316"/>
</test>
<test id="s1-s1-t3" name="Validar estrutura de resposta" line="22">
<kw name="Teste de Estrutura de Resposta" owner="random-user-service">
<kw name="GET On Session" owner="RequestsLibrary">
<msg time="2024-06-12T21:14:23.321548" level="INFO">GET Request : url=https://randomuser.me/api 
 path_url=/api 
 headers={'User-Agent': 'python-requests/2.32.3', 'Accept-Encoding': 'gzip, deflate', 'Accept': '*/*', 'Connection': 'keep-alive'} 
 body=None 
 </msg>
<msg time="2024-06-12T21:14:23.321704" level="INFO">GET Response : url=https://randomuser.me/api 
 status=200, reason=OK 
 headers={'Date': 'Wed, 12 Jun 2024 21:14:23 GMT', 'Content-Type': 'application/json; charset=utf-8', 'Transfer-Encoding': 'chunked', 'Connection': 'keep-alive', 'X-Powered-By': 'Express', 'Access-Control-Allow-Origin': '*', 'Cache-Control': 'no-cache', 'ETag': 'W/"484-lRT+GeY2WWRCz4D05wf+dCZMT70"', 'Vary': 'Accept-Encoding', 'Content-Encoding': 'gzip', 'CF-Cache-Status': 'DYNAMIC', 'Report-To': '{"endpoints":[{"url":"https:\\/\\/a.nel.cloudflare.com\\/report\\/v4?s=tvNqUwRGf%2BQ0OQn5%2BkBEKFFGsG44saQ4jNUzFw5ATW5hFplLzARK4Y20xrQD%2FM2gIoeX2AjMarMUVUh8jjPaReWGFtRGqOHPf8qbHLSMZTzoNc%2BdZanO%2FJgJeFHa%2BF%2Bo"}],"group":"cf-nel","max_age":604800}', 'NEL': '{"success_fraction":0,"report_to":"cf-nel","max_age":604800}', 'Server': 'cloudflare', 'CF-RAY': '892cd9a73d368191-IAD', 'alt-svc': 'h3=":443"; ma=86400'} 
 body={"results":[{"gender":"female","name":{"title":"Ms","first":"Celina","last":"Johnson"},"location":{"street":{"number":1578,"name":"Homestead Rd"},"city":"Philadelphia","state":"Arkansas","country":"United States","postcode":11417,"coordinates":{"latitude":"82.0234","longitude":"18.5828"},"timezone":{"offset":"+4:30","description":"Kabul"}},"email":"celina.johnson@example.com","login":{"uuid":"27da26a1-04c5-4aef-bcda-efe39d876178","username":"purpleswan971","password":"spoons","salt":"sVtO67QW","md5":"eae224ab2c3965253f2b5805959413e3","sha1":"031ed38a9f8a651e1e6664f0fd812f243e6e8481","sha256":"fe71dd82f226cca5e0f38d6584371b28b1776db08fbc0aadd7174a7e6c540bf2"},"dob":{"date":"1997-05-24T11:52:25.448Z","age":27},"registered":{"date":"2006-01-02T11:54:37.462Z","age":18},"phone":"(854) 514-5307","cell":"(740) 696-4476","id":{"name":"SSN","value":"868-23-2306"},"picture":{"large":"https://randomuser.me/api/portraits/women/56.jpg","medium":"https://randomuser.me/api/portraits/med/women/56.jpg","thumbnail":"https://randomuser.me/api/portraits/thumb/women/56.jpg"},"nat":"US"}],"info":{"seed":"d8caedce437bab1c","results":1,"page":1,"version":"1.4"}} 
 </msg>
<msg time="2024-06-12T21:14:23.321933" level="INFO">/opt/hostedtoolcache/Python/3.12.3/x64/lib/python3.12/site-packages/urllib3/connectionpool.py:1103: InsecureRequestWarning: Unverified HTTPS request is being made to host 'randomuser.me'. Adding certificate verification is strongly advised. See: https://urllib3.readthedocs.io/en/latest/advanced-usage.html#tls-warnings
  warnings.warn(</msg>
<msg time="2024-06-12T21:14:23.322163" level="INFO">${response} = &lt;Response [200]&gt;</msg>
<var>${response}</var>
<arg>consultarAPI</arg>
<arg>/api</arg>
<doc>Sends a GET request on a previously created HTTP Session.</doc>
<status status="PASS" start="2024-06-12T21:14:23.234309" elapsed="0.087901"/>
</kw>
<kw name="Set Variable" owner="BuiltIn">
<msg time="2024-06-12T21:14:23.323756" level="INFO">${json_data} = {'results': [{'gender': 'female', 'name': {'title': 'Ms', 'first': 'Celina', 'last': 'Johnson'}, 'location': {'street': {'number': 1578, 'name': 'Homestead Rd'}, 'city': 'Philadelphia', 'state': 'Arka...</msg>
<var>${json_data}</var>
<arg>${response.json()}</arg>
<doc>Returns the given values which can then be assigned to a variables.</doc>
<status status="PASS" start="2024-06-12T21:14:23.322971" elapsed="0.000826"/>
</kw>
<kw name="Log" owner="BuiltIn">
<msg time="2024-06-12T21:14:23.324421" level="INFO">{'results': [{'gender': 'female', 'name': {'title': 'Ms', 'first': 'Celina', 'last': 'Johnson'}, 'location': {'street': {'number': 1578, 'name': 'Homestead Rd'}, 'city': 'Philadelphia', 'state': 'Arkansas', 'country': 'United States', 'postcode': 11417, 'coordinates': {'latitude': '82.0234', 'longitude': '18.5828'}, 'timezone': {'offset': '+4:30', 'description': 'Kabul'}}, 'email': 'celina.johnson@example.com', 'login': {'uuid': '27da26a1-04c5-4aef-bcda-efe39d876178', 'username': 'purpleswan971', 'password': 'spoons', 'salt': 'sVtO67QW', 'md5': 'eae224ab2c3965253f2b5805959413e3', 'sha1': '031ed38a9f8a651e1e6664f0fd812f243e6e8481', 'sha256': 'fe71dd82f226cca5e0f38d6584371b28b1776db08fbc0aadd7174a7e6c540bf2'}, 'dob': {'date': '1997-05-24T11:52:25.448Z', 'age': 27}, 'registered': {'date': '2006-01-02T11:54:37.462Z', 'age': 18}, 'phone': '(854) 514-5307', 'cell': '(740) 696-4476', 'id': {'name': 'SSN', 'value': '868-23-2306'}, 'picture': {'large': 'https://randomuser.me/api/portraits/women/56.jpg', 'medium': 'https://randomuser.me/api/portraits/med/women/56.jpg', 'thumbnail': 'https://randomuser.me/api/portraits/thumb/women/56.jpg'}, 'nat': 'US'}], 'info': {'seed': 'd8caedce437bab1c', 'results': 1, 'page': 1, 'version': '1.4'}}</msg>
<arg>${json_data}</arg>
<doc>Logs the given message with the given level.</doc>
<status status="PASS" start="2024-06-12T21:14:23.324222" elapsed="0.000261"/>
</kw>
<kw name="Dictionary Should Contain Key" owner="Collections">
<arg>${json_data}</arg>
<arg>results</arg>
<doc>Fails if ``key`` is not found from ``dictionary``.</doc>
<status status="PASS" start="2024-06-12T21:14:23.324848" elapsed="0.000194"/>
</kw>
<kw name="Should Not Be Empty" owner="BuiltIn">
<msg time="2024-06-12T21:14:23.325424" level="INFO">Length is 2.</msg>
<arg>${json_data}</arg>
<doc>Verifies that the given item is not empty.</doc>
<status status="PASS" start="2024-06-12T21:14:23.325277" elapsed="0.000192"/>
</kw>
<kw name="Create List" owner="BuiltIn">
<msg time="2024-06-12T21:14:23.325984" level="INFO">${expected_keys} = ['gender', 'name', 'location', 'email', 'login']</msg>
<var>${expected_keys}</var>
<arg>gender</arg>
<arg>name</arg>
<arg>location</arg>
<arg>email</arg>
<arg>login</arg>
<doc>Returns a list containing given items.</doc>
<status status="PASS" start="2024-06-12T21:14:23.325817" elapsed="0.000193"/>
</kw>
<for flavor="IN">
<iter>
<kw name="Dictionary Should Contain Key" owner="Collections">
<arg>${json_data['results'][0]}</arg>
<arg>${key}</arg>
<doc>Fails if ``key`` is not found from ``dictionary``.</doc>
<status status="PASS" start="2024-06-12T21:14:23.326793" elapsed="0.000518"/>
</kw>
<kw name="Log" owner="BuiltIn">
<msg time="2024-06-12T21:14:23.327959" level="INFO">{'gender': 'female', 'name': {'title': 'Ms', 'first': 'Celina', 'last': 'Johnson'}, 'location': {'street': {'number': 1578, 'name': 'Homestead Rd'}, 'city': 'Philadelphia', 'state': 'Arkansas', 'country': 'United States', 'postcode': 11417, 'coordinates': {'latitude': '82.0234', 'longitude': '18.5828'}, 'timezone': {'offset': '+4:30', 'description': 'Kabul'}}, 'email': 'celina.johnson@example.com', 'login': {'uuid': '27da26a1-04c5-4aef-bcda-efe39d876178', 'username': 'purpleswan971', 'password': 'spoons', 'salt': 'sVtO67QW', 'md5': 'eae224ab2c3965253f2b5805959413e3', 'sha1': '031ed38a9f8a651e1e6664f0fd812f243e6e8481', 'sha256': 'fe71dd82f226cca5e0f38d6584371b28b1776db08fbc0aadd7174a7e6c540bf2'}, 'dob': {'date': '1997-05-24T11:52:25.448Z', 'age': 27}, 'registered': {'date': '2006-01-02T11:54:37.462Z', 'age': 18}, 'phone': '(854) 514-5307', 'cell': '(740) 696-4476', 'id': {'name': 'SSN', 'value': '868-23-2306'}, 'picture': {'large': 'https://randomuser.me/api/portraits/women/56.jpg', 'medium': 'https://randomuser.me/api/portraits/med/women/56.jpg', 'thumbnail': 'https://randomuser.me/api/portraits/thumb/women/56.jpg'}, 'nat': 'US'}</msg>
<arg>${json_data['results'][0]}</arg>
<doc>Logs the given message with the given level.</doc>
<status status="PASS" start="2024-06-12T21:14:23.327527" elapsed="0.000487"/>
</kw>
<kw name="Log" owner="BuiltIn">
<msg time="2024-06-12T21:14:23.328477" level="INFO">gender</msg>
<arg>${key}</arg>
<doc>Logs the given message with the given level.</doc>
<status status="PASS" start="2024-06-12T21:14:23.328341" elapsed="0.000177"/>
</kw>
<var name="${key}">gender</var>
<status status="PASS" start="2024-06-12T21:14:23.326636" elapsed="0.002125"/>
</iter>
<iter>
<kw name="Dictionary Should Contain Key" owner="Collections">
<arg>${json_data['results'][0]}</arg>
<arg>${key}</arg>
<doc>Fails if ``key`` is not found from ``dictionary``.</doc>
<status status="PASS" start="2024-06-12T21:14:23.329114" elapsed="0.000448"/>
</kw>
<kw name="Log" owner="BuiltIn">
<msg time="2024-06-12T21:14:23.330139" level="INFO">{'gender': 'female', 'name': {'title': 'Ms', 'first': 'Celina', 'last': 'Johnson'}, 'location': {'street': {'number': 1578, 'name': 'Homestead Rd'}, 'city': 'Philadelphia', 'state': 'Arkansas', 'country': 'United States', 'postcode': 11417, 'coordinates': {'latitude': '82.0234', 'longitude': '18.5828'}, 'timezone': {'offset': '+4:30', 'description': 'Kabul'}}, 'email': 'celina.johnson@example.com', 'login': {'uuid': '27da26a1-04c5-4aef-bcda-efe39d876178', 'username': 'purpleswan971', 'password': 'spoons', 'salt': 'sVtO67QW', 'md5': 'eae224ab2c3965253f2b5805959413e3', 'sha1': '031ed38a9f8a651e1e6664f0fd812f243e6e8481', 'sha256': 'fe71dd82f226cca5e0f38d6584371b28b1776db08fbc0aadd7174a7e6c540bf2'}, 'dob': {'date': '1997-05-24T11:52:25.448Z', 'age': 27}, 'registered': {'date': '2006-01-02T11:54:37.462Z', 'age': 18}, 'phone': '(854) 514-5307', 'cell': '(740) 696-4476', 'id': {'name': 'SSN', 'value': '868-23-2306'}, 'picture': {'large': 'https://randomuser.me/api/portraits/women/56.jpg', 'medium': 'https://randomuser.me/api/portraits/med/women/56.jpg', 'thumbnail': 'https://randomuser.me/api/portraits/thumb/women/56.jpg'}, 'nat': 'US'}</msg>
<arg>${json_data['results'][0]}</arg>
<doc>Logs the given message with the given level.</doc>
<status status="PASS" start="2024-06-12T21:14:23.329757" elapsed="0.000476"/>
</kw>
<kw name="Log" owner="BuiltIn">
<msg time="2024-06-12T21:14:23.330709" level="INFO">name</msg>
<arg>${key}</arg>
<doc>Logs the given message with the given level.</doc>
<status status="PASS" start="2024-06-12T21:14:23.330567" elapsed="0.000183"/>
</kw>
<var name="${key}">name</var>
<status status="PASS" start="2024-06-12T21:14:23.328985" elapsed="0.001997"/>
</iter>
<iter>
<kw name="Dictionary Should Contain Key" owner="Collections">
<arg>${json_data['results'][0]}</arg>
<arg>${key}</arg>
<doc>Fails if ``key`` is not found from ``dictionary``.</doc>
<status status="PASS" start="2024-06-12T21:14:23.331304" elapsed="0.000416"/>
</kw>
<kw name="Log" owner="BuiltIn">
<msg time="2024-06-12T21:14:23.332330" level="INFO">{'gender': 'female', 'name': {'title': 'Ms', 'first': 'Celina', 'last': 'Johnson'}, 'location': {'street': {'number': 1578, 'name': 'Homestead Rd'}, 'city': 'Philadelphia', 'state': 'Arkansas', 'country': 'United States', 'postcode': 11417, 'coordinates': {'latitude': '82.0234', 'longitude': '18.5828'}, 'timezone': {'offset': '+4:30', 'description': 'Kabul'}}, 'email': 'celina.johnson@example.com', 'login': {'uuid': '27da26a1-04c5-4aef-bcda-efe39d876178', 'username': 'purpleswan971', 'password': 'spoons', 'salt': 'sVtO67QW', 'md5': 'eae224ab2c3965253f2b5805959413e3', 'sha1': '031ed38a9f8a651e1e6664f0fd812f243e6e8481', 'sha256': 'fe71dd82f226cca5e0f38d6584371b28b1776db08fbc0aadd7174a7e6c540bf2'}, 'dob': {'date': '1997-05-24T11:52:25.448Z', 'age': 27}, 'registered': {'date': '2006-01-02T11:54:37.462Z', 'age': 18}, 'phone': '(854) 514-5307', 'cell': '(740) 696-4476', 'id': {'name': 'SSN', 'value': '868-23-2306'}, 'picture': {'large': 'https://randomuser.me/api/portraits/women/56.jpg', 'medium': 'https://randomuser.me/api/portraits/med/women/56.jpg', 'thumbnail': 'https://randomuser.me/api/portraits/thumb/women/56.jpg'}, 'nat': 'US'}</msg>
<arg>${json_data['results'][0]}</arg>
<doc>Logs the given message with the given level.</doc>
<status status="PASS" start="2024-06-12T21:14:23.331919" elapsed="0.000491"/>
</kw>
<kw name="Log" owner="BuiltIn">
<msg time="2024-06-12T21:14:23.332901" level="INFO">location</msg>
<arg>${key}</arg>
<doc>Logs the given message with the given level.</doc>
<status status="PASS" start="2024-06-12T21:14:23.332770" elapsed="0.000169"/>
</kw>
<var name="${key}">location</var>
<status status="PASS" start="2024-06-12T21:14:23.331185" elapsed="0.001984"/>
</iter>
<iter>
<kw name="Dictionary Should Contain Key" owner="Collections">
<arg>${json_data['results'][0]}</arg>
<arg>${key}</arg>
<doc>Fails if ``key`` is not found from ``dictionary``.</doc>
<status status="PASS" start="2024-06-12T21:14:23.333464" elapsed="0.000396"/>
</kw>
<kw name="Log" owner="BuiltIn">
<msg time="2024-06-12T21:14:23.334419" level="INFO">{'gender': 'female', 'name': {'title': 'Ms', 'first': 'Celina', 'last': 'Johnson'}, 'location': {'street': {'number': 1578, 'name': 'Homestead Rd'}, 'city': 'Philadelphia', 'state': 'Arkansas', 'country': 'United States', 'postcode': 11417, 'coordinates': {'latitude': '82.0234', 'longitude': '18.5828'}, 'timezone': {'offset': '+4:30', 'description': 'Kabul'}}, 'email': 'celina.johnson@example.com', 'login': {'uuid': '27da26a1-04c5-4aef-bcda-efe39d876178', 'username': 'purpleswan971', 'password': 'spoons', 'salt': 'sVtO67QW', 'md5': 'eae224ab2c3965253f2b5805959413e3', 'sha1': '031ed38a9f8a651e1e6664f0fd812f243e6e8481', 'sha256': 'fe71dd82f226cca5e0f38d6584371b28b1776db08fbc0aadd7174a7e6c540bf2'}, 'dob': {'date': '1997-05-24T11:52:25.448Z', 'age': 27}, 'registered': {'date': '2006-01-02T11:54:37.462Z', 'age': 18}, 'phone': '(854) 514-5307', 'cell': '(740) 696-4476', 'id': {'name': 'SSN', 'value': '868-23-2306'}, 'picture': {'large': 'https://randomuser.me/api/portraits/women/56.jpg', 'medium': 'https://randomuser.me/api/portraits/med/women/56.jpg', 'thumbnail': 'https://randomuser.me/api/portraits/thumb/women/56.jpg'}, 'nat': 'US'}</msg>
<arg>${json_data['results'][0]}</arg>
<doc>Logs the given message with the given level.</doc>
<status status="PASS" start="2024-06-12T21:14:23.334048" elapsed="0.000420"/>
</kw>
<kw name="Log" owner="BuiltIn">
<msg time="2024-06-12T21:14:23.334943" level="INFO">email</msg>
<arg>${key}</arg>
<doc>Logs the given message with the given level.</doc>
<status status="PASS" start="2024-06-12T21:14:23.334812" elapsed="0.000170"/>
</kw>
<var name="${key}">email</var>
<status status="PASS" start="2024-06-12T21:14:23.333353" elapsed="0.001852"/>
</iter>
<iter>
<kw name="Dictionary Should Contain Key" owner="Collections">
<arg>${json_data['results'][0]}</arg>
<arg>${key}</arg>
<doc>Fails if ``key`` is not found from ``dictionary``.</doc>
<status status="PASS" start="2024-06-12T21:14:23.335515" elapsed="0.000388"/>
</kw>
<kw name="Log" owner="BuiltIn">
<msg time="2024-06-12T21:14:23.336460" level="INFO">{'gender': 'female', 'name': {'title': 'Ms', 'first': 'Celina', 'last': 'Johnson'}, 'location': {'street': {'number': 1578, 'name': 'Homestead Rd'}, 'city': 'Philadelphia', 'state': 'Arkansas', 'country': 'United States', 'postcode': 11417, 'coordinates': {'latitude': '82.0234', 'longitude': '18.5828'}, 'timezone': {'offset': '+4:30', 'description': 'Kabul'}}, 'email': 'celina.johnson@example.com', 'login': {'uuid': '27da26a1-04c5-4aef-bcda-efe39d876178', 'username': 'purpleswan971', 'password': 'spoons', 'salt': 'sVtO67QW', 'md5': 'eae224ab2c3965253f2b5805959413e3', 'sha1': '031ed38a9f8a651e1e6664f0fd812f243e6e8481', 'sha256': 'fe71dd82f226cca5e0f38d6584371b28b1776db08fbc0aadd7174a7e6c540bf2'}, 'dob': {'date': '1997-05-24T11:52:25.448Z', 'age': 27}, 'registered': {'date': '2006-01-02T11:54:37.462Z', 'age': 18}, 'phone': '(854) 514-5307', 'cell': '(740) 696-4476', 'id': {'name': 'SSN', 'value': '868-23-2306'}, 'picture': {'large': 'https://randomuser.me/api/portraits/women/56.jpg', 'medium': 'https://randomuser.me/api/portraits/med/women/56.jpg', 'thumbnail': 'https://randomuser.me/api/portraits/thumb/women/56.jpg'}, 'nat': 'US'}</msg>
<arg>${json_data['results'][0]}</arg>
<doc>Logs the given message with the given level.</doc>
<status status="PASS" start="2024-06-12T21:14:23.336096" elapsed="0.000413"/>
</kw>
<kw name="Log" owner="BuiltIn">
<msg time="2024-06-12T21:14:23.337110" level="INFO">login</msg>
<arg>${key}</arg>
<doc>Logs the given message with the given level.</doc>
<status status="PASS" start="2024-06-12T21:14:23.336809" elapsed="0.000340"/>
</kw>
<var name="${key}">login</var>
<status status="PASS" start="2024-06-12T21:14:23.335392" elapsed="0.001987"/>
</iter>
<var>${key}</var>
<value>@{expected_keys}</value>
<status status="PASS" start="2024-06-12T21:14:23.326319" elapsed="0.011187"/>
</for>
<kw name="Create List" owner="BuiltIn">
<msg time="2024-06-12T21:14:23.337874" level="INFO">${expected_keysTwo} = ['username', 'password']</msg>
<var>${expected_keysTwo}</var>
<arg>username</arg>
<arg>password</arg>
<doc>Returns a list containing given items.</doc>
<status status="PASS" start="2024-06-12T21:14:23.337730" elapsed="0.000169"/>
</kw>
<for flavor="IN">
<iter>
<kw name="Dictionary Should Contain Key" owner="Collections">
<arg>${json_data['results'][0]['login']}</arg>
<arg>${keyTwo}</arg>
<doc>Fails if ``key`` is not found from ``dictionary``.</doc>
<status status="PASS" start="2024-06-12T21:14:23.338478" elapsed="0.000430"/>
</kw>
<kw name="Dictionary Should Contain Key" owner="Collections">
<arg>${json_data['results'][0]['login']}</arg>
<arg>${keyTwo}</arg>
<doc>Fails if ``key`` is not found from ``dictionary``.</doc>
<status status="PASS" start="2024-06-12T21:14:23.339094" elapsed="0.000405"/>
</kw>
<kw name="Log" owner="BuiltIn">
<msg time="2024-06-12T21:14:23.339809" level="INFO">username</msg>
<arg>${keyTwo}</arg>
<doc>Logs the given message with the given level.</doc>
<status status="PASS" start="2024-06-12T21:14:23.339685" elapsed="0.000161"/>
</kw>
<var name="${keyTwo}">username</var>
<status status="PASS" start="2024-06-12T21:14:23.338367" elapsed="0.001709"/>
</iter>
<iter>
<kw name="Dictionary Should Contain Key" owner="Collections">
<arg>${json_data['results'][0]['login']}</arg>
<arg>${keyTwo}</arg>
<doc>Fails if ``key`` is not found from ``dictionary``.</doc>
<status status="PASS" start="2024-06-12T21:14:23.340380" elapsed="0.000390"/>
</kw>
<kw name="Dictionary Should Contain Key" owner="Collections">
<arg>${json_data['results'][0]['login']}</arg>
<arg>${keyTwo}</arg>
<doc>Fails if ``key`` is not found from ``dictionary``.</doc>
<status status="PASS" start="2024-06-12T21:14:23.340954" elapsed="0.000380"/>
</kw>
<kw name="Log" owner="BuiltIn">
<msg time="2024-06-12T21:14:23.341645" level="INFO">password</msg>
<arg>${keyTwo}</arg>
<doc>Logs the given message with the given level.</doc>
<status status="PASS" start="2024-06-12T21:14:23.341520" elapsed="0.000163"/>
</kw>
<var name="${keyTwo}">password</var>
<status status="PASS" start="2024-06-12T21:14:23.340267" elapsed="0.001644"/>
</iter>
<var>${keyTwo}</var>
<value>@{expected_keysTwo}</value>
<status status="PASS" start="2024-06-12T21:14:23.338190" elapsed="0.003846"/>
</for>
<status status="PASS" start="2024-06-12T21:14:23.234010" elapsed="0.108194"/>
</kw>
<doc>Testa a estrutura da resposta da API.</doc>
<tag>testeEstruturaResposta</tag>
<status status="PASS" start="2024-06-12T21:14:23.233004" elapsed="0.109391"/>
</test>
<test id="s1-s1-t4" name="Validar tipos de dados" line="28">
<kw name="Teste de Tipos de Dados" owner="random-user-service">
<kw name="GET On Session" owner="RequestsLibrary">
<msg time="2024-06-12T21:14:23.439207" level="INFO">GET Request : url=https://randomuser.me/api 
 path_url=/api 
 headers={'User-Agent': 'python-requests/2.32.3', 'Accept-Encoding': 'gzip, deflate', 'Accept': '*/*', 'Connection': 'keep-alive'} 
 body=None 
 </msg>
<msg time="2024-06-12T21:14:23.439361" level="INFO">GET Response : url=https://randomuser.me/api 
 status=200, reason=OK 
 headers={'Date': 'Wed, 12 Jun 2024 21:14:23 GMT', 'Content-Type': 'application/json; charset=utf-8', 'Transfer-Encoding': 'chunked', 'Connection': 'keep-alive', 'X-Powered-By': 'Express', 'Access-Control-Allow-Origin': '*', 'Cache-Control': 'no-cache', 'ETag': 'W/"4a3-4q89NWfCCLmklUd4x7EFOc/rOiI"', 'Vary': 'Accept-Encoding', 'Content-Encoding': 'gzip', 'CF-Cache-Status': 'DYNAMIC', 'Report-To': '{"endpoints":[{"url":"https:\\/\\/a.nel.cloudflare.com\\/report\\/v4?s=7cdEKw3JJsSuYl6720Rw3Gl2cbHvV%2BTyAMDR%2BJxooqBEQ85ATpAVDQblpgYFeNacAFyyzWYNf446poBCVz2cDik%2BpCtl2x2T%2F1G%2B%2FpejVl8qivwtzGfVVUlmdtJWilSB"}],"group":"cf-nel","max_age":604800}', 'NEL': '{"success_fraction":0,"report_to":"cf-nel","max_age":604800}', 'Server': 'cloudflare', 'CF-RAY': '892cd9a7ee118191-IAD', 'alt-svc': 'h3=":443"; ma=86400'} 
 body={"results":[{"gender":"female","name":{"title":"Mrs","first":"Lucy","last":"Bell"},"location":{"street":{"number":2576,"name":"London Road"},"city":"Lincoln","state":"North Yorkshire","country":"United Kingdom","postcode":"WT4Z 1WH","coordinates":{"latitude":"-11.2385","longitude":"71.7354"},"timezone":{"offset":"+10:00","description":"Eastern Australia, Guam, Vladivostok"}},"email":"lucy.bell@example.com","login":{"uuid":"a0af457a-7a06-4f77-a106-4257bd825a7a","username":"happyfrog258","password":"2525","salt":"Ncz7BC7f","md5":"758e19fc71047006b571b7b5d696322c","sha1":"45a8e2a0c61af053bd83222248c6c33420a243f6","sha256":"0df3ca8d6aa2c7e3854096d9fd25361162a1ff1953590897b697e283c814d83c"},"dob":{"date":"1964-03-28T21:26:56.528Z","age":60},"registered":{"date":"2012-01-29T09:13:54.955Z","age":12},"phone":"0110728 504 4743","cell":"07639 510136","id":{"name":"NINO","value":"HZ 08 13 27 K"},"picture":{"large":"https://randomuser.me/api/portraits/women/69.jpg","medium":"https://randomuser.me/api/portraits/med/women/69.jpg","thumbnail":"https://randomuser.me/api/portraits/thumb/women/69.jpg"},"nat":"GB"}],"info":{"seed":"ab705f66438cbf8a","results":1,"page":1,"version":"1.4"}} 
 </msg>
<msg time="2024-06-12T21:14:23.439475" level="INFO">/opt/hostedtoolcache/Python/3.12.3/x64/lib/python3.12/site-packages/urllib3/connectionpool.py:1103: InsecureRequestWarning: Unverified HTTPS request is being made to host 'randomuser.me'. Adding certificate verification is strongly advised. See: https://urllib3.readthedocs.io/en/latest/advanced-usage.html#tls-warnings
  warnings.warn(</msg>
<msg time="2024-06-12T21:14:23.439673" level="INFO">${response} = &lt;Response [200]&gt;</msg>
<var>${response}</var>
<arg>consultarAPI</arg>
<arg>/api</arg>
<doc>Sends a GET request on a previously created HTTP Session.</doc>
<status status="PASS" start="2024-06-12T21:14:23.345386" elapsed="0.094347"/>
</kw>
<kw name="Set Variable" owner="BuiltIn">
<msg time="2024-06-12T21:14:23.441412" level="INFO">${json_data} = {'results': [{'gender': 'female', 'name': {'title': 'Mrs', 'first': 'Lucy', 'last': 'Bell'}, 'location': {'street': {'number': 2576, 'name': 'London Road'}, 'city': 'Lincoln', 'state': 'North Yorkshir...</msg>
<var>${json_data}</var>
<arg>${response.json()}</arg>
<doc>Returns the given values which can then be assigned to a variables.</doc>
<status status="PASS" start="2024-06-12T21:14:23.440578" elapsed="0.000876"/>
</kw>
<kw name="Log" owner="BuiltIn">
<msg time="2024-06-12T21:14:23.442143" level="INFO">{'results': [{'gender': 'female', 'name': {'title': 'Mrs', 'first': 'Lucy', 'last': 'Bell'}, 'location': {'street': {'number': 2576, 'name': 'London Road'}, 'city': 'Lincoln', 'state': 'North Yorkshire', 'country': 'United Kingdom', 'postcode': 'WT4Z 1WH', 'coordinates': {'latitude': '-11.2385', 'longitude': '71.7354'}, 'timezone': {'offset': '+10:00', 'description': 'Eastern Australia, Guam, Vladivostok'}}, 'email': 'lucy.bell@example.com', 'login': {'uuid': 'a0af457a-7a06-4f77-a106-4257bd825a7a', 'username': 'happyfrog258', 'password': '2525', 'salt': 'Ncz7BC7f', 'md5': '758e19fc71047006b571b7b5d696322c', 'sha1': '45a8e2a0c61af053bd83222248c6c33420a243f6', 'sha256': '0df3ca8d6aa2c7e3854096d9fd25361162a1ff1953590897b697e283c814d83c'}, 'dob': {'date': '1964-03-28T21:26:56.528Z', 'age': 60}, 'registered': {'date': '2012-01-29T09:13:54.955Z', 'age': 12}, 'phone': '0110728 504 4743', 'cell': '07639 510136', 'id': {'name': 'NINO', 'value': 'HZ 08 13 27 K'}, 'picture': {'large': 'https://randomuser.me/api/portraits/women/69.jpg', 'medium': 'https://randomuser.me/api/portraits/med/women/69.jpg', 'thumbnail': 'https://randomuser.me/api/portraits/thumb/women/69.jpg'}, 'nat': 'GB'}], 'info': {'seed': 'ab705f66438cbf8a', 'results': 1, 'page': 1, 'version': '1.4'}}</msg>
<arg>${json_data}</arg>
<doc>Logs the given message with the given level.</doc>
<status status="PASS" start="2024-06-12T21:14:23.441931" elapsed="0.000275"/>
</kw>
<kw name="Should Be String" owner="String">
<arg>${json_data['results'][0]['gender']}</arg>
<doc>Fails if the given ``item`` is not a string.</doc>
<status status="PASS" start="2024-06-12T21:14:23.442600" elapsed="0.000535"/>
</kw>
<kw name="Should Match Regexp" owner="BuiltIn">
<arg>${json_data['results'][0]['email']}</arg>
<arg>^[a-zA-Z0-9._%+-]+@[a-zA-Z0-9.-]+\.[a-zA-Z]{2,}$</arg>
<doc>Fails if ``string`` does not match ``pattern`` as a regular expression.</doc>
<status status="PASS" start="2024-06-12T21:14:23.443361" elapsed="0.000698"/>
</kw>
<kw name="Should Match Regexp" owner="BuiltIn">
<arg>${json_data['results'][0]['dob']['date']}</arg>
<arg>\\d{4}-\\d{2}-\\d{2}T\\d{2}:\\d{2}:\\d{2}\\.\\d{3}Z</arg>
<doc>Fails if ``string`` does not match ``pattern`` as a regular expression.</doc>
<status status="PASS" start="2024-06-12T21:14:23.444362" elapsed="0.000588"/>
</kw>
<kw name="Should Match Regexp" owner="BuiltIn">
<arg>${json_data['results'][0]['registered']['date']}</arg>
<arg>\\d{4}-\\d{2}-\\d{2}T\\d{2}:\\d{2}:\\d{2}\\.\\d{3}Z</arg>
<doc>Fails if ``string`` does not match ``pattern`` as a regular expression.</doc>
<status status="PASS" start="2024-06-12T21:14:23.445156" elapsed="0.000400"/>
</kw>
<kw name="Should Match Regexp" owner="BuiltIn">
<arg>${json_data['results'][0]['picture']['large']}</arg>
<arg>^https?://.*\.(?:png|jpe?g|gif|bmp)$</arg>
<doc>Fails if ``string`` does not match ``pattern`` as a regular expression.</doc>
<status status="PASS" start="2024-06-12T21:14:23.445752" elapsed="0.000514"/>
</kw>
<kw name="Should Match Regexp" owner="BuiltIn">
<arg>${json_data['results'][0]['picture']['medium']}</arg>
<arg>^https?://.*\.(?:png|jpe?g|gif|bmp)$</arg>
<doc>Fails if ``string`` does not match ``pattern`` as a regular expression.</doc>
<status status="PASS" start="2024-06-12T21:14:23.446470" elapsed="0.000391"/>
</kw>
<kw name="Should Match Regexp" owner="BuiltIn">
<arg>${json_data['results'][0]['picture']['thumbnail']}</arg>
<arg>^https?://.*\.(?:png|jpe?g|gif|bmp)$</arg>
<doc>Fails if ``string`` does not match ``pattern`` as a regular expression.</doc>
<status status="PASS" start="2024-06-12T21:14:23.447060" elapsed="0.000363"/>
</kw>
<kw name="Log" owner="BuiltIn">
<msg time="2024-06-12T21:14:23.447959" level="INFO">{'large': 'https://randomuser.me/api/portraits/women/69.jpg', 'medium': 'https://randomuser.me/api/portraits/med/women/69.jpg', 'thumbnail': 'https://randomuser.me/api/portraits/thumb/women/69.jpg'}</msg>
<arg>${json_data['results'][0]['picture']}</arg>
<doc>Logs the given message with the given level.</doc>
<status status="PASS" start="2024-06-12T21:14:23.447611" elapsed="0.000391"/>
</kw>
<status status="PASS" start="2024-06-12T21:14:23.345111" elapsed="0.103187"/>
</kw>
<kw name="Teste de Tipos de Dados - Postcode" owner="random-user-service">
<kw name="GET On Session" owner="RequestsLibrary">
<msg time="2024-06-12T21:14:23.531188" level="INFO">GET Request : url=https://randomuser.me/api 
 path_url=/api 
 headers={'User-Agent': 'python-requests/2.32.3', 'Accept-Encoding': 'gzip, deflate', 'Accept': '*/*', 'Connection': 'keep-alive'} 
 body=None 
 </msg>
<msg time="2024-06-12T21:14:23.531333" level="INFO">GET Response : url=https://randomuser.me/api 
 status=200, reason=OK 
 headers={'Date': 'Wed, 12 Jun 2024 21:14:23 GMT', 'Content-Type': 'application/json; charset=utf-8', 'Transfer-Encoding': 'chunked', 'Connection': 'keep-alive', 'X-Powered-By': 'Express', 'Access-Control-Allow-Origin': '*', 'Cache-Control': 'no-cache', 'ETag': 'W/"49a-xPTEXT8AYE2ilchEa/XWwJouBWw"', 'Vary': 'Accept-Encoding', 'Content-Encoding': 'gzip', 'CF-Cache-Status': 'DYNAMIC', 'Report-To': '{"endpoints":[{"url":"https:\\/\\/a.nel.cloudflare.com\\/report\\/v4?s=47xvAfD85lMB8xUPqSDXoxYJSBCypzJxQMffsJAC01rwwwcUjui0kl%2FD788t32Nm%2FUkUeoIl9dmbgfLGP%2BIuCMOwbrciOOgrAF1fSrA94q%2FUK4j3KBjScEfObGlIyGiW"}],"group":"cf-nel","max_age":604800}', 'NEL': '{"success_fraction":0,"report_to":"cf-nel","max_age":604800}', 'Server': 'cloudflare', 'CF-RAY': '892cd9a89eeb8191-IAD', 'alt-svc': 'h3=":443"; ma=86400'} 
 body={"results":[{"gender":"male","name":{"title":"Mr","first":"مانی","last":"نكو نظر"},"location":{"street":{"number":6330,"name":"کوی نصر"},"city":"نیشابور","state":"خراسان جنوبی","country":"Iran","postcode":10642,"coordinates":{"latitude":"17.2013","longitude":"-174.4608"},"timezone":{"offset":"+8:00","description":"Beijing, Perth, Singapore, Hong Kong"}},"email":"mny.nkwnzr@example.com","login":{"uuid":"abdafc40-0a0d-4cfd-9a1c-dcde89427bf9","username":"bigrabbit884","password":"oatmeal","salt":"aOaZW01d","md5":"401ebfcadfbb87da7464fd3115ae05e3","sha1":"73319ed3605fdcb320d304300b995b37c7a0fe7d","sha256":"4a0ac59749fb3ffb98254ffe2aa9e17909c68fb47af657397f711a7c850a9503"},"dob":{"date":"1990-04-11T22:21:44.197Z","age":34},"registered":{"date":"2019-09-02T18:47:06.596Z","age":4},"phone":"055-21479565","cell":"0970-692-4091","id":{"name":"","value":null},"picture":{"large":"https://randomuser.me/api/portraits/men/92.jpg","medium":"https://randomuser.me/api/portraits/med/men/92.jpg","thumbnail":"https://randomuser.me/api/portraits/thumb/men/92.jpg"},"nat":"IR"}],"info":{"seed":"59cbfd17b011f757","results":1,"page":1,"version":"1.4"}} 
 </msg>
<msg time="2024-06-12T21:14:23.531476" level="INFO">/opt/hostedtoolcache/Python/3.12.3/x64/lib/python3.12/site-packages/urllib3/connectionpool.py:1103: InsecureRequestWarning: Unverified HTTPS request is being made to host 'randomuser.me'. Adding certificate verification is strongly advised. See: https://urllib3.readthedocs.io/en/latest/advanced-usage.html#tls-warnings
  warnings.warn(</msg>
<msg time="2024-06-12T21:14:23.531676" level="INFO">${response} = &lt;Response [200]&gt;</msg>
<var>${response}</var>
<arg>consultarAPI</arg>
<arg>/api</arg>
<doc>Sends a GET request on a previously created HTTP Session.</doc>
<status status="PASS" start="2024-06-12T21:14:23.448849" elapsed="0.082887"/>
</kw>
<kw name="Set Variable" owner="BuiltIn">
<msg time="2024-06-12T21:14:23.533334" level="INFO">${json_data} = {'results': [{'gender': 'male', 'name': {'title': 'Mr', 'first': 'مانی', 'last': 'نكو نظر'}, 'location': {'street': {'number': 6330, 'name': 'کوی نصر'}, 'city': 'نیشابور', 'state': 'خراسان جنوبی', 'co...</msg>
<var>${json_data}</var>
<arg>${response.json()}</arg>
<doc>Returns the given values which can then be assigned to a variables.</doc>
<status status="PASS" start="2024-06-12T21:14:23.532519" elapsed="0.000857"/>
</kw>
<kw name="Log" owner="BuiltIn">
<msg time="2024-06-12T21:14:23.534167" level="INFO">{'results': [{'gender': 'male', 'name': {'title': 'Mr', 'first': 'مانی', 'last': 'نكو نظر'}, 'location': {'street': {'number': 6330, 'name': 'کوی نصر'}, 'city': 'نیشابور', 'state': 'خراسان جنوبی', 'country': 'Iran', 'postcode': 10642, 'coordinates': {'latitude': '17.2013', 'longitude': '-174.4608'}, 'timezone': {'offset': '+8:00', 'description': 'Beijing, Perth, Singapore, Hong Kong'}}, 'email': 'mny.nkwnzr@example.com', 'login': {'uuid': 'abdafc40-0a0d-4cfd-9a1c-dcde89427bf9', 'username': 'bigrabbit884', 'password': 'oatmeal', 'salt': 'aOaZW01d', 'md5': '401ebfcadfbb87da7464fd3115ae05e3', 'sha1': '73319ed3605fdcb320d304300b995b37c7a0fe7d', 'sha256': '4a0ac59749fb3ffb98254ffe2aa9e17909c68fb47af657397f711a7c850a9503'}, 'dob': {'date': '1990-04-11T22:21:44.197Z', 'age': 34}, 'registered': {'date': '2019-09-02T18:47:06.596Z', 'age': 4}, 'phone': '055-21479565', 'cell': '0970-692-4091', 'id': {'name': '', 'value': None}, 'picture': {'large': 'https://randomuser.me/api/portraits/men/92.jpg', 'medium': 'https://randomuser.me/api/portraits/med/men/92.jpg', 'thumbnail': 'https://randomuser.me/api/portraits/thumb/men/92.jpg'}, 'nat': 'IR'}], 'info': {'seed': '59cbfd17b011f757', 'results': 1, 'page': 1, 'version': '1.4'}}</msg>
<arg>${json_data}</arg>
<doc>Logs the given message with the given level.</doc>
<status status="PASS" start="2024-06-12T21:14:23.533890" elapsed="0.000354"/>
</kw>
<kw name="Should Be Equal As Numbers" owner="BuiltIn">
<arg>${json_data['results'][0]['location']['postcode']}</arg>
<arg>${json_data['results'][0]['location']['postcode']}</arg>
<doc>Fails if objects are unequal after converting them to real numbers.</doc>
<status status="PASS" start="2024-06-12T21:14:23.534688" elapsed="0.000852"/>
</kw>
<kw name="Log" owner="BuiltIn">
<msg time="2024-06-12T21:14:23.536215" level="INFO">10642</msg>
<arg>${json_data['results'][0]['location']['postcode']}</arg>
<doc>Logs the given message with the given level.</doc>
<status status="PASS" start="2024-06-12T21:14:23.535782" elapsed="0.000478"/>
</kw>
<status status="PASS" start="2024-06-12T21:14:23.448574" elapsed="0.088020"/>
</kw>
<doc>Testa se os tipos de dados na resposta da API estão corretos.</doc>
<tag>testeTiposDados</tag>
<status status="PASS" start="2024-06-12T21:14:23.344404" elapsed="0.192398"/>
</test>
<test id="s1-s1-t5" name="Validar conteudo" line="35">
<kw name="Teste de Tipos de Conteudo" owner="random-user-service">
<kw name="GET On Session" owner="RequestsLibrary">
<msg time="2024-06-12T21:14:23.626587" level="INFO">GET Request : url=https://randomuser.me/api 
 path_url=/api 
 headers={'User-Agent': 'python-requests/2.32.3', 'Accept-Encoding': 'gzip, deflate', 'Accept': '*/*', 'Connection': 'keep-alive'} 
 body=None 
 </msg>
<msg time="2024-06-12T21:14:23.626750" level="INFO">GET Response : url=https://randomuser.me/api 
 status=200, reason=OK 
 headers={'Date': 'Wed, 12 Jun 2024 21:14:23 GMT', 'Content-Type': 'application/json; charset=utf-8', 'Transfer-Encoding': 'chunked', 'Connection': 'keep-alive', 'X-Powered-By': 'Express', 'Access-Control-Allow-Origin': '*', 'Cache-Control': 'no-cache', 'ETag': 'W/"464-dyN85lgKktkk0WbvlojwM71TuPo"', 'Vary': 'Accept-Encoding', 'Content-Encoding': 'gzip', 'CF-Cache-Status': 'DYNAMIC', 'Report-To': '{"endpoints":[{"url":"https:\\/\\/a.nel.cloudflare.com\\/report\\/v4?s=HgvVR3gLJQ4D1mxlwJtnGn9QTlso9yzMI%2B0d19y31Q2AuO9XEuzQ9LWrCzZi27ssS%2BwvypRFKZWKGdV54kmHN4rEOzJFd1b%2FAuWjBjGRkvzkCwUKEtA6MO3QQvLBqrjq"}],"group":"cf-nel","max_age":604800}', 'NEL': '{"success_fraction":0,"report_to":"cf-nel","max_age":604800}', 'Server': 'cloudflare', 'CF-RAY': '892cd9a92f778191-IAD', 'alt-svc': 'h3=":443"; ma=86400'} 
 body={"results":[{"gender":"female","name":{"title":"Miss","first":"Carol","last":"May"},"location":{"street":{"number":3983,"name":"Church Lane"},"city":"Wicklow","state":"Meath","country":"Ireland","postcode":51951,"coordinates":{"latitude":"-3.8781","longitude":"36.2021"},"timezone":{"offset":"-9:00","description":"Alaska"}},"email":"carol.may@example.com","login":{"uuid":"390261fa-7f18-4b03-a328-16eb4fd4c41d","username":"lazybird443","password":"brewer","salt":"9gFQdoPm","md5":"5d3590c746fe00b812232942095e5826","sha1":"aa995ae8477514d901dc930c3c3d52bb0d3c8839","sha256":"c350766b2c6a8fe4510dc4372b03c2fa632a64c59d3b3eadd5c4bfc3b3c0a7c8"},"dob":{"date":"1995-11-22T04:43:48.248Z","age":28},"registered":{"date":"2016-04-14T22:05:20.676Z","age":8},"phone":"071-827-2083","cell":"081-034-6321","id":{"name":"PPS","value":"6717000T"},"picture":{"large":"https://randomuser.me/api/portraits/women/28.jpg","medium":"https://randomuser.me/api/portraits/med/women/28.jpg","thumbnail":"https://randomuser.me/api/portraits/thumb/women/28.jpg"},"nat":"IE"}],"info":{"seed":"51aa6a177eefd880","results":1,"page":1,"version":"1.4"}} 
 </msg>
<msg time="2024-06-12T21:14:23.626861" level="INFO">/opt/hostedtoolcache/Python/3.12.3/x64/lib/python3.12/site-packages/urllib3/connectionpool.py:1103: InsecureRequestWarning: Unverified HTTPS request is being made to host 'randomuser.me'. Adding certificate verification is strongly advised. See: https://urllib3.readthedocs.io/en/latest/advanced-usage.html#tls-warnings
  warnings.warn(</msg>
<msg time="2024-06-12T21:14:23.627059" level="INFO">${response} = &lt;Response [200]&gt;</msg>
<var>${response}</var>
<arg>consultarAPI</arg>
<arg>/api</arg>
<doc>Sends a GET request on a previously created HTTP Session.</doc>
<status status="PASS" start="2024-06-12T21:14:23.539737" elapsed="0.087375"/>
</kw>
<kw name="Set Variable" owner="BuiltIn">
<msg time="2024-06-12T21:14:23.628596" level="INFO">${json_data} = {'results': [{'gender': 'female', 'name': {'title': 'Miss', 'first': 'Carol', 'last': 'May'}, 'location': {'street': {'number': 3983, 'name': 'Church Lane'}, 'city': 'Wicklow', 'state': 'Meath', 'coun...</msg>
<var>${json_data}</var>
<arg>${response.json()}</arg>
<doc>Returns the given values which can then be assigned to a variables.</doc>
<status status="PASS" start="2024-06-12T21:14:23.627869" elapsed="0.000762"/>
</kw>
<kw name="Set Variable" owner="BuiltIn">
<msg time="2024-06-12T21:14:23.629474" level="INFO">${name_title} = Miss</msg>
<var>${name_title}</var>
<arg>${json_data["results"][0]["name"]["title"]}</arg>
<doc>Returns the given values which can then be assigned to a variables.</doc>
<status status="PASS" start="2024-06-12T21:14:23.628989" elapsed="0.000513"/>
</kw>
<kw name="Create List" owner="BuiltIn">
<msg time="2024-06-12T21:14:23.629996" level="INFO">${allowed_titles} = ['Mr', 'Ms', 'Miss', 'Mrs', 'Madame', 'Monsieur']</msg>
<var>${allowed_titles}</var>
<arg>Mr</arg>
<arg>Ms</arg>
<arg>Miss</arg>
<arg>Mrs</arg>
<arg>Madame</arg>
<arg>Monsieur</arg>
<doc>Returns a list containing given items.</doc>
<status status="PASS" start="2024-06-12T21:14:23.629831" elapsed="0.000191"/>
</kw>
<kw name="List Should Contain Value" owner="Collections">
<arg>${allowed_titles}</arg>
<arg>${name_title}</arg>
<doc>Fails if the ``value`` is not found from ``list``.</doc>
<status status="PASS" start="2024-06-12T21:14:23.630357" elapsed="0.000240"/>
</kw>
<kw name="Set Variable" owner="BuiltIn">
<msg time="2024-06-12T21:14:23.631205" level="INFO">${name_country} = IE</msg>
<var>${name_country}</var>
<arg>${json_data["results"][0]["nat"]}</arg>
<doc>Returns the given values which can then be assigned to a variables.</doc>
<status status="PASS" start="2024-06-12T21:14:23.630799" elapsed="0.000433"/>
</kw>
<kw name="Create List" owner="BuiltIn">
<msg time="2024-06-12T21:14:23.632263" level="INFO">${list_country} = ['AD', 'AE', 'AF', 'AG', 'AI', 'AL', 'AM', 'AO', 'AQ', 'AR', 'AS', 'AT', 'AU', 'AW', 'AX', 'AZ', 'BA', 'BB', 'BD', 'BE', 'BF', 'BG', 'BH', 'BI', 'BJ', 'BL', 'BM', 'BN', 'BO', 'BQ', 'BR', 'BS', 'BT', '...</msg>
<var>${list_country}</var>
<arg>AD</arg>
<arg>AE</arg>
<arg>AF</arg>
<arg>AG</arg>
<arg>AI</arg>
<arg>AL</arg>
<arg>AM</arg>
<arg>AO</arg>
<arg>AQ</arg>
<arg>AR</arg>
<arg>AS</arg>
<arg>AT</arg>
<arg>AU</arg>
<arg>AW</arg>
<arg>AX</arg>
<arg>AZ</arg>
<arg>BA</arg>
<arg>BB</arg>
<arg>BD</arg>
<arg>BE</arg>
<arg>BF</arg>
<arg>BG</arg>
<arg>BH</arg>
<arg>BI</arg>
<arg>BJ</arg>
<arg>BL</arg>
<arg>BM</arg>
<arg>BN</arg>
<arg>BO</arg>
<arg>BQ</arg>
<arg>BR</arg>
<arg>BS</arg>
<arg>BT</arg>
<arg>BV</arg>
<arg>BW</arg>
<arg>BY</arg>
<arg>BZ</arg>
<arg>CA</arg>
<arg>CC</arg>
<arg>CD</arg>
<arg>CF</arg>
<arg>CG</arg>
<arg>CH</arg>
<arg>CI</arg>
<arg>CK</arg>
<arg>CL</arg>
<arg>CM</arg>
<arg>CN</arg>
<arg>CO</arg>
<arg>CR</arg>
<arg>CU</arg>
<arg>CV</arg>
<arg>CW</arg>
<arg>CX</arg>
<arg>CY</arg>
<arg>CZ</arg>
<arg>DE</arg>
<arg>DJ</arg>
<arg>DK</arg>
<arg>DM</arg>
<arg>DO</arg>
<arg>DZ</arg>
<arg>EC</arg>
<arg>EE</arg>
<arg>EG</arg>
<arg>EH</arg>
<arg>ER</arg>
<arg>ES</arg>
<arg>ET</arg>
<arg>FI</arg>
<arg>FJ</arg>
<arg>FK</arg>
<arg>FM</arg>
<arg>FO</arg>
<arg>FR</arg>
<arg>GA</arg>
<arg>GB</arg>
<arg>GD</arg>
<arg>GE</arg>
<arg>GF</arg>
<arg>GG</arg>
<arg>GH</arg>
<arg>GI</arg>
<arg>GL</arg>
<arg>GM</arg>
<arg>GN</arg>
<arg>GP</arg>
<arg>GQ</arg>
<arg>GR</arg>
<arg>GS</arg>
<arg>GT</arg>
<arg>GU</arg>
<arg>GW</arg>
<arg>GY</arg>
<arg>HK</arg>
<arg>HM</arg>
<arg>HN</arg>
<arg>HR</arg>
<arg>HT</arg>
<arg>HU</arg>
<arg>ID</arg>
<arg>IE</arg>
<arg>IL</arg>
<arg>IM</arg>
<arg>IN</arg>
<arg>IO</arg>
<arg>IQ</arg>
<arg>IR</arg>
<arg>IS</arg>
<arg>IT</arg>
<arg>JE</arg>
<arg>JM</arg>
<arg>JO</arg>
<arg>JP</arg>
<arg>KE</arg>
<arg>KG</arg>
<arg>KH</arg>
<arg>KI</arg>
<arg>KM</arg>
<arg>KN</arg>
<arg>KP</arg>
<arg>KR</arg>
<arg>KW</arg>
<arg>KY</arg>
<arg>KZ</arg>
<arg>LA</arg>
<arg>LB</arg>
<arg>LC</arg>
<arg>LI</arg>
<arg>LK</arg>
<arg>LR</arg>
<arg>LS</arg>
<arg>LT</arg>
<arg>LU</arg>
<arg>LV</arg>
<arg>LY</arg>
<arg>MA</arg>
<arg>MC</arg>
<arg>MD</arg>
<arg>ME</arg>
<arg>MF</arg>
<arg>MG</arg>
<arg>MH</arg>
<arg>MK</arg>
<arg>ML</arg>
<arg>MM</arg>
<arg>MN</arg>
<arg>MO</arg>
<arg>MP</arg>
<arg>MQ</arg>
<arg>MR</arg>
<arg>MS</arg>
<arg>MT</arg>
<arg>MU</arg>
<arg>MV</arg>
<arg>MW</arg>
<arg>MX</arg>
<arg>MY</arg>
<arg>MZ</arg>
<arg>NA</arg>
<arg>NC</arg>
<arg>NE</arg>
<arg>NF</arg>
<arg>NG</arg>
<arg>NI</arg>
<arg>NL</arg>
<arg>NO</arg>
<arg>NP</arg>
<arg>NR</arg>
<arg>NU</arg>
<arg>NZ</arg>
<arg>OM</arg>
<arg>PA</arg>
<arg>PE</arg>
<arg>PF</arg>
<arg>PG</arg>
<arg>PH</arg>
<arg>PK</arg>
<arg>PL</arg>
<arg>PM</arg>
<arg>PN</arg>
<arg>PR</arg>
<arg>PS</arg>
<arg>PT</arg>
<arg>PW</arg>
<arg>PY</arg>
<arg>QA</arg>
<arg>RE</arg>
<arg>RO</arg>
<arg>RS</arg>
<arg>RU</arg>
<arg>RW</arg>
<arg>SA</arg>
<arg>SB</arg>
<arg>SC</arg>
<arg>SD</arg>
<arg>SE</arg>
<arg>SG</arg>
<arg>SH</arg>
<arg>SI</arg>
<arg>SJ</arg>
<arg>SK</arg>
<arg>SL</arg>
<arg>SM</arg>
<arg>SN</arg>
<arg>SO</arg>
<arg>SR</arg>
<arg>SS</arg>
<arg>ST</arg>
<arg>SV</arg>
<arg>SX</arg>
<arg>SY</arg>
<arg>SZ</arg>
<arg>TC</arg>
<arg>TD</arg>
<arg>TF</arg>
<arg>TG</arg>
<arg>TH</arg>
<arg>TJ</arg>
<arg>TK</arg>
<arg>TL</arg>
<arg>TM</arg>
<arg>TN</arg>
<arg>TO</arg>
<arg>TR</arg>
<arg>TT</arg>
<arg>TV</arg>
<arg>TW</arg>
<arg>TZ</arg>
<arg>UA</arg>
<arg>UG</arg>
<arg>UM</arg>
<arg>US</arg>
<arg>UY</arg>
<arg>UZ</arg>
<arg>VA</arg>
<arg>VC</arg>
<arg>VE</arg>
<arg>VG</arg>
<arg>VI</arg>
<arg>VN</arg>
<arg>VU</arg>
<arg>WF</arg>
<arg>WS</arg>
<arg>XK</arg>
<arg>YE</arg>
<arg>YT</arg>
<arg>ZA</arg>
<arg>ZM</arg>
<arg>ZW</arg>
<doc>Returns a list containing given items.</doc>
<status status="PASS" start="2024-06-12T21:14:23.631544" elapsed="0.000746"/>
</kw>
<kw name="List Should Contain Value" owner="Collections">
<arg>${list_country}</arg>
<arg>${name_country}</arg>
<doc>Fails if the ``value`` is not found from ``list``.</doc>
<status status="PASS" start="2024-06-12T21:14:23.633192" elapsed="0.000233"/>
</kw>
<kw name="Run Keyword If" owner="BuiltIn">
<kw name="Should Be True" owner="BuiltIn">
<arg>${True}</arg>
<doc>Fails if the given condition is not true.</doc>
<status status="PASS" start="2024-06-12T21:14:23.634689" elapsed="0.000152"/>
</kw>
<arg>${json_data["results"][0]["location"]["coordinates"]["latitude"]} &gt;= -90 and ${json_data["results"][0]["location"]["coordinates"]["latitude"]} &lt;= 90</arg>
<arg>Should Be True</arg>
<arg>${True}</arg>
<doc>Runs the given keyword with the given arguments, if ``condition`` is true.</doc>
<status status="PASS" start="2024-06-12T21:14:23.633649" elapsed="0.001325"/>
</kw>
<kw name="Run Keyword If" owner="BuiltIn">
<kw name="Should Be True" owner="BuiltIn">
<arg>${True}</arg>
<doc>Fails if the given condition is not true.</doc>
<status status="PASS" start="2024-06-12T21:14:23.635900" elapsed="0.000145"/>
</kw>
<arg>${json_data["results"][0]["location"]["coordinates"]["longitude"]} &gt;= -180 and ${json_data["results"][0]["location"]["coordinates"]["longitude"]} &lt;= 180</arg>
<arg>Should Be True</arg>
<arg>${True}</arg>
<doc>Runs the given keyword with the given arguments, if ``condition`` is true.</doc>
<status status="PASS" start="2024-06-12T21:14:23.635165" elapsed="0.001010"/>
</kw>
<status status="PASS" start="2024-06-12T21:14:23.539460" elapsed="0.096863"/>
</kw>
<doc>Testa o conteúdo específico dos campos retornados pela API.</doc>
<tag>testeConteudo</tag>
<status status="PASS" start="2024-06-12T21:14:23.538878" elapsed="0.097619"/>
</test>
<status status="PASS" start="2024-06-12T21:14:22.624762" elapsed="1.013907"/>
</suite>
<status status="PASS" start="2024-06-12T21:14:22.608759" elapsed="1.035614"/>
</suite>
<statistics>
<total>
<stat pass="5" fail="0" skip="0">All Tests</stat>
</total>
<tag>
<stat pass="1" fail="0" skip="0">testeConteudo</stat>
<stat pass="1" fail="0" skip="0">testeEstruturaResposta</stat>
<stat pass="1" fail="0" skip="0">testeRequisicaoBasica</stat>
<stat pass="1" fail="0" skip="0">testeTiposDados</stat>
</tag>
<suite>
<stat pass="5" fail="0" skip="0" id="s1" name="Tests">Tests</stat>
<stat pass="5" fail="0" skip="0" id="s1-s1" name="Random-User-Test">Tests.Random-User-Test</stat>
</suite>
</statistics>
<errors>
</errors>
</robot>
