<?xml version="1.0" encoding="UTF-8"?>
<robot generator="Robot 7.0.1 (Python 3.12.4 on linux)" generated="2024-06-24T18:19:46.884929" rpa="false" schemaversion="5">
<suite id="s1" name="Tests" source="/home/runner/work/ApiRandomUser/ApiRandomUser/RamdonUser/tests">
<suite id="s1-s1" name="Random-User-Test" source="/home/runner/work/ApiRandomUser/ApiRandomUser/RamdonUser/tests/random-user-test.robot">
<test id="s1-s1-t1" name="Conectar" line="13">
<kw name="Conectar API" owner="random-user-service">
<kw name="Create Session" owner="RequestsLibrary">
<msg time="2024-06-24T18:19:47.276910" level="INFO">Creating Session using : alias=consultarAPI, url=https://randomuser.me/, headers={},                     cookies={}, auth=None, timeout=None, proxies=None, verify=False,                     debug=0 </msg>
<arg>consultarAPI</arg>
<arg>${URL}</arg>
<doc>Create Session: create a HTTP session to a server</doc>
<status status="PASS" start="2024-06-24T18:19:47.276714" elapsed="0.000363"/>
</kw>
<status status="PASS" start="2024-06-24T18:19:47.275793" elapsed="0.001629"/>
</kw>
<status status="PASS" start="2024-06-24T18:19:47.275218" elapsed="0.002395"/>
</test>
<test id="s1-s1-t2" name="Validar retorno 200 e JSON Válido" line="16">
<kw name="Teste de Requisicao Basica" owner="random-user-service">
<kw name="GET On Session" owner="RequestsLibrary">
<msg time="2024-06-24T18:19:47.475937" level="INFO">GET Request : url=https://randomuser.me/api 
 path_url=/api 
 headers={'User-Agent': 'python-requests/2.32.3', 'Accept-Encoding': 'gzip, deflate', 'Accept': '*/*', 'Connection': 'keep-alive'} 
 body=None 
 </msg>
<msg time="2024-06-24T18:19:47.476109" level="INFO">GET Response : url=https://randomuser.me/api 
 status=200, reason=OK 
 headers={'Date': 'Mon, 24 Jun 2024 18:19:47 GMT', 'Content-Type': 'application/json; charset=utf-8', 'Transfer-Encoding': 'chunked', 'Connection': 'keep-alive', 'X-Powered-By': 'Express', 'Access-Control-Allow-Origin': '*', 'Cache-Control': 'no-cache', 'ETag': 'W/"490-owcCIEIgSo0M0tUEcjYZlylLlGA"', 'Vary': 'Accept-Encoding', 'Content-Encoding': 'gzip', 'CF-Cache-Status': 'DYNAMIC', 'Report-To': '{"endpoints":[{"url":"https:\\/\\/a.nel.cloudflare.com\\/report\\/v4?s=va8hJDXFwvuuMR3JKYK3A%2FtSSRKH4JoQtwWwSzVb0kQzs4Fn5dwvTGHGbZVdarFz6RXj2gqI2T2y5oD3Axh16EP%2Fv6vQONOQEzNc%2BPoV2%2FJcK66w7R3Szl7KQwOP7cs4"}],"group":"cf-nel","max_age":604800}', 'NEL': '{"success_fraction":0,"report_to":"cf-nel","max_age":604800}', 'Server': 'cloudflare', 'CF-RAY': '898eba656ff581a9-IAD', 'alt-svc': 'h3=":443"; ma=86400'} 
 body={"results":[{"gender":"male","name":{"title":"Mr","first":"رادین","last":"احمدی"},"location":{"street":{"number":3919,"name":"میدان انقلاب"},"city":"بیرجند","state":"ایلام","country":"Iran","postcode":23003,"coordinates":{"latitude":"14.8166","longitude":"-13.4069"},"timezone":{"offset":"+10:00","description":"Eastern Australia, Guam, Vladivostok"}},"email":"rdyn.hmdy@example.com","login":{"uuid":"50f6b422-ebc6-4511-a650-d1f7b7691425","username":"greenbear867","password":"gina","salt":"4SVAxhhy","md5":"d7279dcbdd61cb9b6900ccc136e209f3","sha1":"309e8cf112989cf0468aa6a1c8e86aff3e0bfaa1","sha256":"1642624b99ac0fd27f65424da24b9031bba686bde88d231e6cd448ab205aabd7"},"dob":{"date":"1951-09-16T05:34:15.760Z","age":72},"registered":{"date":"2021-09-11T10:55:43.040Z","age":2},"phone":"064-35021354","cell":"0964-101-0028","id":{"name":"","value":null},"picture":{"large":"https://randomuser.me/api/portraits/men/49.jpg","medium":"https://randomuser.me/api/portraits/med/men/49.jpg","thumbnail":"https://randomuser.me/api/portraits/thumb/men/49.jpg"},"nat":"IR"}],"info":{"seed":"d67f2b2361bb3f85","results":1,"page":1,"version":"1.4"}} 
 </msg>
<msg time="2024-06-24T18:19:47.476216" level="INFO">/opt/hostedtoolcache/Python/3.12.4/x64/lib/python3.12/site-packages/urllib3/connectionpool.py:1099: InsecureRequestWarning: Unverified HTTPS request is being made to host 'randomuser.me'. Adding certificate verification is strongly advised. See: https://urllib3.readthedocs.io/en/latest/advanced-usage.html#tls-warnings
  warnings.warn(</msg>
<msg time="2024-06-24T18:19:47.476395" level="INFO">${response} = &lt;Response [200]&gt;</msg>
<var>${response}</var>
<arg>consultarAPI</arg>
<arg>/api</arg>
<doc>Sends a GET request on a previously created HTTP Session.</doc>
<status status="PASS" start="2024-06-24T18:19:47.280302" elapsed="0.196149"/>
</kw>
<kw name="Should Be Equal As Numbers" owner="BuiltIn">
<msg time="2024-06-24T18:19:47.477611" level="INFO">Argument types are:
&lt;class 'int'&gt;
&lt;class 'str'&gt;</msg>
<arg>${response.status_code}</arg>
<arg>200</arg>
<doc>Fails if objects are unequal after converting them to real numbers.</doc>
<status status="PASS" start="2024-06-24T18:19:47.477100" elapsed="0.000584"/>
</kw>
<kw name="Log" owner="BuiltIn">
<msg time="2024-06-24T18:19:47.478395" level="INFO">200</msg>
<arg>${response.status_code}</arg>
<doc>Logs the given message with the given level.</doc>
<status status="PASS" start="2024-06-24T18:19:47.478005" elapsed="0.000438"/>
</kw>
<kw name="Set Variable" owner="BuiltIn">
<msg time="2024-06-24T18:19:47.479196" level="INFO">${json_data} = {'results': [{'gender': 'male', 'name': {'title': 'Mr', 'first': 'رادین', 'last': 'احمدی'}, 'location': {'street': {'number': 3919, 'name': 'میدان انقلاب'}, 'city': 'بیرجند', 'state': 'ایلام', 'countr...</msg>
<var>${json_data}</var>
<arg>${response.json()}</arg>
<doc>Returns the given values which can then be assigned to a variables.</doc>
<status status="PASS" start="2024-06-24T18:19:47.478751" elapsed="0.000476"/>
</kw>
<kw name="Dictionary Should Contain Key" owner="Collections">
<arg>${json_data}</arg>
<arg>results</arg>
<doc>Fails if ``key`` is not found from ``dictionary``.</doc>
<status status="PASS" start="2024-06-24T18:19:47.479534" elapsed="0.000165"/>
</kw>
<status status="PASS" start="2024-06-24T18:19:47.280060" elapsed="0.199792"/>
</kw>
<doc>Testa se a API responde corretamente e retorna um objeto JSON válido.</doc>
<tag>testeRequisicaoBasica</tag>
<status status="PASS" start="2024-06-24T18:19:47.279547" elapsed="0.200481"/>
</test>
<test id="s1-s1-t3" name="Validar estrutura de resposta" line="22">
<kw name="Teste de Estrutura de Resposta" owner="random-user-service">
<kw name="GET On Session" owner="RequestsLibrary">
<msg time="2024-06-24T18:19:47.562036" level="INFO">GET Request : url=https://randomuser.me/api 
 path_url=/api 
 headers={'User-Agent': 'python-requests/2.32.3', 'Accept-Encoding': 'gzip, deflate', 'Accept': '*/*', 'Connection': 'keep-alive'} 
 body=None 
 </msg>
<msg time="2024-06-24T18:19:47.562120" level="INFO">GET Response : url=https://randomuser.me/api 
 status=200, reason=OK 
 headers={'Date': 'Mon, 24 Jun 2024 18:19:47 GMT', 'Content-Type': 'application/json; charset=utf-8', 'Transfer-Encoding': 'chunked', 'Connection': 'keep-alive', 'X-Powered-By': 'Express', 'Access-Control-Allow-Origin': '*', 'Cache-Control': 'no-cache', 'ETag': 'W/"48f-Gyh7BmrpYMSHH6qZ5i9wZXpdP1g"', 'Vary': 'Accept-Encoding', 'Content-Encoding': 'gzip', 'CF-Cache-Status': 'DYNAMIC', 'Report-To': '{"endpoints":[{"url":"https:\\/\\/a.nel.cloudflare.com\\/report\\/v4?s=LCAZSLFkDOakqkKwOG9sO%2FCP3pcnQsrm4UxiYgkyk76Xg8LGcHaAJ9DBlRzLq4uTsPzulEmVPY6ViAuaD73bsqVfG3FFq5QB1jvP31VAeAbW2dNEjDx9xno8wat4PJWL"}],"group":"cf-nel","max_age":604800}', 'NEL': '{"success_fraction":0,"report_to":"cf-nel","max_age":604800}', 'Server': 'cloudflare', 'CF-RAY': '898eba65c85c81a9-IAD', 'alt-svc': 'h3=":443"; ma=86400'} 
 body={"results":[{"gender":"male","name":{"title":"Mr","first":"Vasco","last":"Van Erkel"},"location":{"street":{"number":70,"name":"De Bus"},"city":"Velp","state":"Zuid-Holland","country":"Netherlands","postcode":"7260 NN","coordinates":{"latitude":"32.2909","longitude":"-95.1606"},"timezone":{"offset":"+3:00","description":"Baghdad, Riyadh, Moscow, St. Petersburg"}},"email":"vasco.vanerkel@example.com","login":{"uuid":"ed805df1-cfb0-44ce-b713-c4b1bb8bb6fa","username":"bigelephant776","password":"joel","salt":"W8ScsV6C","md5":"8d942e4992ced67d8c4052350ddd9f76","sha1":"c65df49bbf80f2bbd5524b4e921bea12eb26ea98","sha256":"a4726af7b74c9116e5d56354c38f1a3936ffe22c144a293220c5a6861e620088"},"dob":{"date":"1961-01-28T12:55:15.717Z","age":63},"registered":{"date":"2017-04-24T20:50:32.933Z","age":7},"phone":"(077) 5763960","cell":"(06) 79593109","id":{"name":"BSN","value":"71215996"},"picture":{"large":"https://randomuser.me/api/portraits/men/11.jpg","medium":"https://randomuser.me/api/portraits/med/men/11.jpg","thumbnail":"https://randomuser.me/api/portraits/thumb/men/11.jpg"},"nat":"NL"}],"info":{"seed":"d201f98dffcdf33a","results":1,"page":1,"version":"1.4"}} 
 </msg>
<msg time="2024-06-24T18:19:47.562245" level="INFO">/opt/hostedtoolcache/Python/3.12.4/x64/lib/python3.12/site-packages/urllib3/connectionpool.py:1099: InsecureRequestWarning: Unverified HTTPS request is being made to host 'randomuser.me'. Adding certificate verification is strongly advised. See: https://urllib3.readthedocs.io/en/latest/advanced-usage.html#tls-warnings
  warnings.warn(</msg>
<msg time="2024-06-24T18:19:47.562393" level="INFO">${response} = &lt;Response [200]&gt;</msg>
<var>${response}</var>
<arg>consultarAPI</arg>
<arg>/api</arg>
<doc>Sends a GET request on a previously created HTTP Session.</doc>
<status status="PASS" start="2024-06-24T18:19:47.482752" elapsed="0.079690"/>
</kw>
<kw name="Set Variable" owner="BuiltIn">
<msg time="2024-06-24T18:19:47.563589" level="INFO">${json_data} = {'results': [{'gender': 'male', 'name': {'title': 'Mr', 'first': 'Vasco', 'last': 'Van Erkel'}, 'location': {'street': {'number': 70, 'name': 'De Bus'}, 'city': 'Velp', 'state': 'Zuid-Holland', 'count...</msg>
<var>${json_data}</var>
<arg>${response.json()}</arg>
<doc>Returns the given values which can then be assigned to a variables.</doc>
<status status="PASS" start="2024-06-24T18:19:47.562937" elapsed="0.000684"/>
</kw>
<kw name="Log" owner="BuiltIn">
<msg time="2024-06-24T18:19:47.564086" level="INFO">{'results': [{'gender': 'male', 'name': {'title': 'Mr', 'first': 'Vasco', 'last': 'Van Erkel'}, 'location': {'street': {'number': 70, 'name': 'De Bus'}, 'city': 'Velp', 'state': 'Zuid-Holland', 'country': 'Netherlands', 'postcode': '7260 NN', 'coordinates': {'latitude': '32.2909', 'longitude': '-95.1606'}, 'timezone': {'offset': '+3:00', 'description': 'Baghdad, Riyadh, Moscow, St. Petersburg'}}, 'email': 'vasco.vanerkel@example.com', 'login': {'uuid': 'ed805df1-cfb0-44ce-b713-c4b1bb8bb6fa', 'username': 'bigelephant776', 'password': 'joel', 'salt': 'W8ScsV6C', 'md5': '8d942e4992ced67d8c4052350ddd9f76', 'sha1': 'c65df49bbf80f2bbd5524b4e921bea12eb26ea98', 'sha256': 'a4726af7b74c9116e5d56354c38f1a3936ffe22c144a293220c5a6861e620088'}, 'dob': {'date': '1961-01-28T12:55:15.717Z', 'age': 63}, 'registered': {'date': '2017-04-24T20:50:32.933Z', 'age': 7}, 'phone': '(077) 5763960', 'cell': '(06) 79593109', 'id': {'name': 'BSN', 'value': '71215996'}, 'picture': {'large': 'https://randomuser.me/api/portraits/men/11.jpg', 'medium': 'https://randomuser.me/api/portraits/med/men/11.jpg', 'thumbnail': 'https://randomuser.me/api/portraits/thumb/men/11.jpg'}, 'nat': 'NL'}], 'info': {'seed': 'd201f98dffcdf33a', 'results': 1, 'page': 1, 'version': '1.4'}}</msg>
<arg>${json_data}</arg>
<doc>Logs the given message with the given level.</doc>
<status status="PASS" start="2024-06-24T18:19:47.563930" elapsed="0.000206"/>
</kw>
<kw name="Dictionary Should Contain Key" owner="Collections">
<arg>${json_data}</arg>
<arg>results</arg>
<doc>Fails if ``key`` is not found from ``dictionary``.</doc>
<status status="PASS" start="2024-06-24T18:19:47.564422" elapsed="0.000163"/>
</kw>
<kw name="Should Not Be Empty" owner="BuiltIn">
<msg time="2024-06-24T18:19:47.564892" level="INFO">Length is 2.</msg>
<arg>${json_data}</arg>
<doc>Verifies that the given item is not empty.</doc>
<status status="PASS" start="2024-06-24T18:19:47.564768" elapsed="0.000162"/>
</kw>
<kw name="Create List" owner="BuiltIn">
<msg time="2024-06-24T18:19:47.565510" level="INFO">${expected_keys} = ['gender', 'name', 'location', 'email', 'login']</msg>
<var>${expected_keys}</var>
<arg>gender</arg>
<arg>name</arg>
<arg>location</arg>
<arg>email</arg>
<arg>login</arg>
<doc>Returns a list containing given items.</doc>
<status status="PASS" start="2024-06-24T18:19:47.565216" elapsed="0.000319"/>
</kw>
<for flavor="IN">
<iter>
<kw name="Dictionary Should Contain Key" owner="Collections">
<arg>${json_data['results'][0]}</arg>
<arg>${key}</arg>
<doc>Fails if ``key`` is not found from ``dictionary``.</doc>
<status status="PASS" start="2024-06-24T18:19:47.566114" elapsed="0.000449"/>
</kw>
<kw name="Log" owner="BuiltIn">
<msg time="2024-06-24T18:19:47.567115" level="INFO">{'gender': 'male', 'name': {'title': 'Mr', 'first': 'Vasco', 'last': 'Van Erkel'}, 'location': {'street': {'number': 70, 'name': 'De Bus'}, 'city': 'Velp', 'state': 'Zuid-Holland', 'country': 'Netherlands', 'postcode': '7260 NN', 'coordinates': {'latitude': '32.2909', 'longitude': '-95.1606'}, 'timezone': {'offset': '+3:00', 'description': 'Baghdad, Riyadh, Moscow, St. Petersburg'}}, 'email': 'vasco.vanerkel@example.com', 'login': {'uuid': 'ed805df1-cfb0-44ce-b713-c4b1bb8bb6fa', 'username': 'bigelephant776', 'password': 'joel', 'salt': 'W8ScsV6C', 'md5': '8d942e4992ced67d8c4052350ddd9f76', 'sha1': 'c65df49bbf80f2bbd5524b4e921bea12eb26ea98', 'sha256': 'a4726af7b74c9116e5d56354c38f1a3936ffe22c144a293220c5a6861e620088'}, 'dob': {'date': '1961-01-28T12:55:15.717Z', 'age': 63}, 'registered': {'date': '2017-04-24T20:50:32.933Z', 'age': 7}, 'phone': '(077) 5763960', 'cell': '(06) 79593109', 'id': {'name': 'BSN', 'value': '71215996'}, 'picture': {'large': 'https://randomuser.me/api/portraits/men/11.jpg', 'medium': 'https://randomuser.me/api/portraits/med/men/11.jpg', 'thumbnail': 'https://randomuser.me/api/portraits/thumb/men/11.jpg'}, 'nat': 'NL'}</msg>
<arg>${json_data['results'][0]}</arg>
<doc>Logs the given message with the given level.</doc>
<status status="PASS" start="2024-06-24T18:19:47.566755" elapsed="0.000418"/>
</kw>
<kw name="Log" owner="BuiltIn">
<msg time="2024-06-24T18:19:47.567598" level="INFO">gender</msg>
<arg>${key}</arg>
<doc>Logs the given message with the given level.</doc>
<status status="PASS" start="2024-06-24T18:19:47.567471" elapsed="0.000165"/>
</kw>
<var name="${key}">gender</var>
<status status="PASS" start="2024-06-24T18:19:47.565991" elapsed="0.001860"/>
</iter>
<iter>
<kw name="Dictionary Should Contain Key" owner="Collections">
<arg>${json_data['results'][0]}</arg>
<arg>${key}</arg>
<doc>Fails if ``key`` is not found from ``dictionary``.</doc>
<status status="PASS" start="2024-06-24T18:19:47.568144" elapsed="0.000388"/>
</kw>
<kw name="Log" owner="BuiltIn">
<msg time="2024-06-24T18:19:47.569073" level="INFO">{'gender': 'male', 'name': {'title': 'Mr', 'first': 'Vasco', 'last': 'Van Erkel'}, 'location': {'street': {'number': 70, 'name': 'De Bus'}, 'city': 'Velp', 'state': 'Zuid-Holland', 'country': 'Netherlands', 'postcode': '7260 NN', 'coordinates': {'latitude': '32.2909', 'longitude': '-95.1606'}, 'timezone': {'offset': '+3:00', 'description': 'Baghdad, Riyadh, Moscow, St. Petersburg'}}, 'email': 'vasco.vanerkel@example.com', 'login': {'uuid': 'ed805df1-cfb0-44ce-b713-c4b1bb8bb6fa', 'username': 'bigelephant776', 'password': 'joel', 'salt': 'W8ScsV6C', 'md5': '8d942e4992ced67d8c4052350ddd9f76', 'sha1': 'c65df49bbf80f2bbd5524b4e921bea12eb26ea98', 'sha256': 'a4726af7b74c9116e5d56354c38f1a3936ffe22c144a293220c5a6861e620088'}, 'dob': {'date': '1961-01-28T12:55:15.717Z', 'age': 63}, 'registered': {'date': '2017-04-24T20:50:32.933Z', 'age': 7}, 'phone': '(077) 5763960', 'cell': '(06) 79593109', 'id': {'name': 'BSN', 'value': '71215996'}, 'picture': {'large': 'https://randomuser.me/api/portraits/men/11.jpg', 'medium': 'https://randomuser.me/api/portraits/med/men/11.jpg', 'thumbnail': 'https://randomuser.me/api/portraits/thumb/men/11.jpg'}, 'nat': 'NL'}</msg>
<arg>${json_data['results'][0]}</arg>
<doc>Logs the given message with the given level.</doc>
<status status="PASS" start="2024-06-24T18:19:47.568718" elapsed="0.000438"/>
</kw>
<kw name="Log" owner="BuiltIn">
<msg time="2024-06-24T18:19:47.569584" level="INFO">name</msg>
<arg>${key}</arg>
<doc>Logs the given message with the given level.</doc>
<status status="PASS" start="2024-06-24T18:19:47.569454" elapsed="0.000168"/>
</kw>
<var name="${key}">name</var>
<status status="PASS" start="2024-06-24T18:19:47.568034" elapsed="0.001805"/>
</iter>
<iter>
<kw name="Dictionary Should Contain Key" owner="Collections">
<arg>${json_data['results'][0]}</arg>
<arg>${key}</arg>
<doc>Fails if ``key`` is not found from ``dictionary``.</doc>
<status status="PASS" start="2024-06-24T18:19:47.570126" elapsed="0.000425"/>
</kw>
<kw name="Log" owner="BuiltIn">
<msg time="2024-06-24T18:19:47.571103" level="INFO">{'gender': 'male', 'name': {'title': 'Mr', 'first': 'Vasco', 'last': 'Van Erkel'}, 'location': {'street': {'number': 70, 'name': 'De Bus'}, 'city': 'Velp', 'state': 'Zuid-Holland', 'country': 'Netherlands', 'postcode': '7260 NN', 'coordinates': {'latitude': '32.2909', 'longitude': '-95.1606'}, 'timezone': {'offset': '+3:00', 'description': 'Baghdad, Riyadh, Moscow, St. Petersburg'}}, 'email': 'vasco.vanerkel@example.com', 'login': {'uuid': 'ed805df1-cfb0-44ce-b713-c4b1bb8bb6fa', 'username': 'bigelephant776', 'password': 'joel', 'salt': 'W8ScsV6C', 'md5': '8d942e4992ced67d8c4052350ddd9f76', 'sha1': 'c65df49bbf80f2bbd5524b4e921bea12eb26ea98', 'sha256': 'a4726af7b74c9116e5d56354c38f1a3936ffe22c144a293220c5a6861e620088'}, 'dob': {'date': '1961-01-28T12:55:15.717Z', 'age': 63}, 'registered': {'date': '2017-04-24T20:50:32.933Z', 'age': 7}, 'phone': '(077) 5763960', 'cell': '(06) 79593109', 'id': {'name': 'BSN', 'value': '71215996'}, 'picture': {'large': 'https://randomuser.me/api/portraits/men/11.jpg', 'medium': 'https://randomuser.me/api/portraits/med/men/11.jpg', 'thumbnail': 'https://randomuser.me/api/portraits/thumb/men/11.jpg'}, 'nat': 'NL'}</msg>
<arg>${json_data['results'][0]}</arg>
<doc>Logs the given message with the given level.</doc>
<status status="PASS" start="2024-06-24T18:19:47.570738" elapsed="0.000414"/>
</kw>
<kw name="Log" owner="BuiltIn">
<msg time="2024-06-24T18:19:47.571576" level="INFO">location</msg>
<arg>${key}</arg>
<doc>Logs the given message with the given level.</doc>
<status status="PASS" start="2024-06-24T18:19:47.571446" elapsed="0.000168"/>
</kw>
<var name="${key}">location</var>
<status status="PASS" start="2024-06-24T18:19:47.570017" elapsed="0.001812"/>
</iter>
<iter>
<kw name="Dictionary Should Contain Key" owner="Collections">
<arg>${json_data['results'][0]}</arg>
<arg>${key}</arg>
<doc>Fails if ``key`` is not found from ``dictionary``.</doc>
<status status="PASS" start="2024-06-24T18:19:47.572107" elapsed="0.000393"/>
</kw>
<kw name="Log" owner="BuiltIn">
<msg time="2024-06-24T18:19:47.573039" level="INFO">{'gender': 'male', 'name': {'title': 'Mr', 'first': 'Vasco', 'last': 'Van Erkel'}, 'location': {'street': {'number': 70, 'name': 'De Bus'}, 'city': 'Velp', 'state': 'Zuid-Holland', 'country': 'Netherlands', 'postcode': '7260 NN', 'coordinates': {'latitude': '32.2909', 'longitude': '-95.1606'}, 'timezone': {'offset': '+3:00', 'description': 'Baghdad, Riyadh, Moscow, St. Petersburg'}}, 'email': 'vasco.vanerkel@example.com', 'login': {'uuid': 'ed805df1-cfb0-44ce-b713-c4b1bb8bb6fa', 'username': 'bigelephant776', 'password': 'joel', 'salt': 'W8ScsV6C', 'md5': '8d942e4992ced67d8c4052350ddd9f76', 'sha1': 'c65df49bbf80f2bbd5524b4e921bea12eb26ea98', 'sha256': 'a4726af7b74c9116e5d56354c38f1a3936ffe22c144a293220c5a6861e620088'}, 'dob': {'date': '1961-01-28T12:55:15.717Z', 'age': 63}, 'registered': {'date': '2017-04-24T20:50:32.933Z', 'age': 7}, 'phone': '(077) 5763960', 'cell': '(06) 79593109', 'id': {'name': 'BSN', 'value': '71215996'}, 'picture': {'large': 'https://randomuser.me/api/portraits/men/11.jpg', 'medium': 'https://randomuser.me/api/portraits/med/men/11.jpg', 'thumbnail': 'https://randomuser.me/api/portraits/thumb/men/11.jpg'}, 'nat': 'NL'}</msg>
<arg>${json_data['results'][0]}</arg>
<doc>Logs the given message with the given level.</doc>
<status status="PASS" start="2024-06-24T18:19:47.572687" elapsed="0.000411"/>
</kw>
<kw name="Log" owner="BuiltIn">
<msg time="2024-06-24T18:19:47.573524" level="INFO">email</msg>
<arg>${key}</arg>
<doc>Logs the given message with the given level.</doc>
<status status="PASS" start="2024-06-24T18:19:47.573397" elapsed="0.000165"/>
</kw>
<var name="${key}">email</var>
<status status="PASS" start="2024-06-24T18:19:47.572000" elapsed="0.001773"/>
</iter>
<iter>
<kw name="Dictionary Should Contain Key" owner="Collections">
<arg>${json_data['results'][0]}</arg>
<arg>${key}</arg>
<doc>Fails if ``key`` is not found from ``dictionary``.</doc>
<status status="PASS" start="2024-06-24T18:19:47.574047" elapsed="0.000436"/>
</kw>
<kw name="Log" owner="BuiltIn">
<msg time="2024-06-24T18:19:47.575025" level="INFO">{'gender': 'male', 'name': {'title': 'Mr', 'first': 'Vasco', 'last': 'Van Erkel'}, 'location': {'street': {'number': 70, 'name': 'De Bus'}, 'city': 'Velp', 'state': 'Zuid-Holland', 'country': 'Netherlands', 'postcode': '7260 NN', 'coordinates': {'latitude': '32.2909', 'longitude': '-95.1606'}, 'timezone': {'offset': '+3:00', 'description': 'Baghdad, Riyadh, Moscow, St. Petersburg'}}, 'email': 'vasco.vanerkel@example.com', 'login': {'uuid': 'ed805df1-cfb0-44ce-b713-c4b1bb8bb6fa', 'username': 'bigelephant776', 'password': 'joel', 'salt': 'W8ScsV6C', 'md5': '8d942e4992ced67d8c4052350ddd9f76', 'sha1': 'c65df49bbf80f2bbd5524b4e921bea12eb26ea98', 'sha256': 'a4726af7b74c9116e5d56354c38f1a3936ffe22c144a293220c5a6861e620088'}, 'dob': {'date': '1961-01-28T12:55:15.717Z', 'age': 63}, 'registered': {'date': '2017-04-24T20:50:32.933Z', 'age': 7}, 'phone': '(077) 5763960', 'cell': '(06) 79593109', 'id': {'name': 'BSN', 'value': '71215996'}, 'picture': {'large': 'https://randomuser.me/api/portraits/men/11.jpg', 'medium': 'https://randomuser.me/api/portraits/med/men/11.jpg', 'thumbnail': 'https://randomuser.me/api/portraits/thumb/men/11.jpg'}, 'nat': 'NL'}</msg>
<arg>${json_data['results'][0]}</arg>
<doc>Logs the given message with the given level.</doc>
<status status="PASS" start="2024-06-24T18:19:47.574672" elapsed="0.000411"/>
</kw>
<kw name="Log" owner="BuiltIn">
<msg time="2024-06-24T18:19:47.575512" level="INFO">login</msg>
<arg>${key}</arg>
<doc>Logs the given message with the given level.</doc>
<status status="PASS" start="2024-06-24T18:19:47.575384" elapsed="0.000166"/>
</kw>
<var name="${key}">login</var>
<status status="PASS" start="2024-06-24T18:19:47.573942" elapsed="0.001822"/>
</iter>
<var>${key}</var>
<value>@{expected_keys}</value>
<status status="PASS" start="2024-06-24T18:19:47.565798" elapsed="0.010102"/>
</for>
<kw name="Create List" owner="BuiltIn">
<msg time="2024-06-24T18:19:47.576222" level="INFO">${expected_keysTwo} = ['username', 'password']</msg>
<var>${expected_keysTwo}</var>
<arg>username</arg>
<arg>password</arg>
<doc>Returns a list containing given items.</doc>
<status status="PASS" start="2024-06-24T18:19:47.576088" elapsed="0.000185"/>
</kw>
<for flavor="IN">
<iter>
<kw name="Dictionary Should Contain Key" owner="Collections">
<arg>${json_data['results'][0]['login']}</arg>
<arg>${keyTwo}</arg>
<doc>Fails if ``key`` is not found from ``dictionary``.</doc>
<status status="PASS" start="2024-06-24T18:19:47.576774" elapsed="0.000383"/>
</kw>
<kw name="Dictionary Should Contain Key" owner="Collections">
<arg>${json_data['results'][0]['login']}</arg>
<arg>${keyTwo}</arg>
<doc>Fails if ``key`` is not found from ``dictionary``.</doc>
<status status="PASS" start="2024-06-24T18:19:47.577343" elapsed="0.000380"/>
</kw>
<kw name="Log" owner="BuiltIn">
<msg time="2024-06-24T18:19:47.578019" level="INFO">username</msg>
<arg>${keyTwo}</arg>
<doc>Logs the given message with the given level.</doc>
<status status="PASS" start="2024-06-24T18:19:47.577899" elapsed="0.000158"/>
</kw>
<var name="${keyTwo}">username</var>
<status status="PASS" start="2024-06-24T18:19:47.576667" elapsed="0.001616"/>
</iter>
<iter>
<kw name="Dictionary Should Contain Key" owner="Collections">
<arg>${json_data['results'][0]['login']}</arg>
<arg>${keyTwo}</arg>
<doc>Fails if ``key`` is not found from ``dictionary``.</doc>
<status status="PASS" start="2024-06-24T18:19:47.578607" elapsed="0.000392"/>
</kw>
<kw name="Dictionary Should Contain Key" owner="Collections">
<arg>${json_data['results'][0]['login']}</arg>
<arg>${keyTwo}</arg>
<doc>Fails if ``key`` is not found from ``dictionary``.</doc>
<status status="PASS" start="2024-06-24T18:19:47.579182" elapsed="0.000382"/>
</kw>
<kw name="Log" owner="BuiltIn">
<msg time="2024-06-24T18:19:47.579861" level="INFO">password</msg>
<arg>${keyTwo}</arg>
<doc>Logs the given message with the given level.</doc>
<status status="PASS" start="2024-06-24T18:19:47.579741" elapsed="0.000157"/>
</kw>
<var name="${keyTwo}">password</var>
<status status="PASS" start="2024-06-24T18:19:47.578499" elapsed="0.001710"/>
</iter>
<var>${keyTwo}</var>
<value>@{expected_keysTwo}</value>
<status status="PASS" start="2024-06-24T18:19:47.576515" elapsed="0.003816"/>
</for>
<status status="PASS" start="2024-06-24T18:19:47.482512" elapsed="0.097958"/>
</kw>
<doc>Testa a estrutura da resposta da API.</doc>
<tag>testeEstruturaResposta</tag>
<status status="PASS" start="2024-06-24T18:19:47.481867" elapsed="0.098751"/>
</test>
<test id="s1-s1-t4" name="Validar tipos de dados" line="28">
<kw name="Teste de Tipos de Dados" owner="random-user-service">
<kw name="GET On Session" owner="RequestsLibrary">
<msg time="2024-06-24T18:19:47.666749" level="INFO">GET Request : url=https://randomuser.me/api 
 path_url=/api 
 headers={'User-Agent': 'python-requests/2.32.3', 'Accept-Encoding': 'gzip, deflate', 'Accept': '*/*', 'Connection': 'keep-alive'} 
 body=None 
 </msg>
<msg time="2024-06-24T18:19:47.666814" level="INFO">GET Response : url=https://randomuser.me/api 
 status=200, reason=OK 
 headers={'Date': 'Mon, 24 Jun 2024 18:19:47 GMT', 'Content-Type': 'application/json; charset=utf-8', 'Transfer-Encoding': 'chunked', 'Connection': 'keep-alive', 'X-Powered-By': 'Express', 'Access-Control-Allow-Origin': '*', 'Cache-Control': 'no-cache', 'ETag': 'W/"475-RrzdwMBa6tRqd4dQlhu3pTWOf6M"', 'Vary': 'Accept-Encoding', 'Content-Encoding': 'gzip', 'CF-Cache-Status': 'DYNAMIC', 'Report-To': '{"endpoints":[{"url":"https:\\/\\/a.nel.cloudflare.com\\/report\\/v4?s=nwvM28UxwFixs7omfAblo6qVKbIIwe%2FtWuRFVBvvLijUcGse2W%2FfFs%2FoHqQH9aS%2FDrcHAJGVmd9ARX2eK%2FCDjo0R%2Bry%2Fhaqv02VbwVWchYgq%2FTbVoESETsNHIrOsNDhS"}],"group":"cf-nel","max_age":604800}', 'NEL': '{"success_fraction":0,"report_to":"cf-nel","max_age":604800}', 'Server': 'cloudflare', 'CF-RAY': '898eba66693c81a9-IAD', 'alt-svc': 'h3=":443"; ma=86400'} 
 body={"results":[{"gender":"female","name":{"title":"Mrs","first":"Nurdan","last":"Hamzaoğlu"},"location":{"street":{"number":4351,"name":"Bağdat Cd"},"city":"İzmir","state":"Kars","country":"Turkey","postcode":88407,"coordinates":{"latitude":"68.2974","longitude":"98.7016"},"timezone":{"offset":"+9:30","description":"Adelaide, Darwin"}},"email":"nurdan.hamzaoglu@example.com","login":{"uuid":"b67e6d67-d8ae-4075-a1f5-77e6197f4723","username":"greenladybug499","password":"wibble","salt":"GO6bDtxg","md5":"005bd69b0ef54518fcc38e6b25138f47","sha1":"e0ceb37d5366568a37b7ca7ef37ae5e56156a006","sha256":"47642e31c619740c0888adf0ae1a09ed6caa43da3c2e0abbda487ce9de1c66c7"},"dob":{"date":"1996-07-08T12:59:31.838Z","age":27},"registered":{"date":"2009-11-10T21:04:38.971Z","age":14},"phone":"(649)-241-2165","cell":"(563)-626-9697","id":{"name":"","value":null},"picture":{"large":"https://randomuser.me/api/portraits/women/6.jpg","medium":"https://randomuser.me/api/portraits/med/women/6.jpg","thumbnail":"https://randomuser.me/api/portraits/thumb/women/6.jpg"},"nat":"TR"}],"info":{"seed":"141b8ca59dee7846","results":1,"page":1,"version":"1.4"}} 
 </msg>
<msg time="2024-06-24T18:19:47.666875" level="INFO">/opt/hostedtoolcache/Python/3.12.4/x64/lib/python3.12/site-packages/urllib3/connectionpool.py:1099: InsecureRequestWarning: Unverified HTTPS request is being made to host 'randomuser.me'. Adding certificate verification is strongly advised. See: https://urllib3.readthedocs.io/en/latest/advanced-usage.html#tls-warnings
  warnings.warn(</msg>
<msg time="2024-06-24T18:19:47.666965" level="INFO">${response} = &lt;Response [200]&gt;</msg>
<var>${response}</var>
<arg>consultarAPI</arg>
<arg>/api</arg>
<doc>Sends a GET request on a previously created HTTP Session.</doc>
<status status="PASS" start="2024-06-24T18:19:47.583153" elapsed="0.083855"/>
</kw>
<kw name="Set Variable" owner="BuiltIn">
<msg time="2024-06-24T18:19:47.668070" level="INFO">${json_data} = {'results': [{'gender': 'female', 'name': {'title': 'Mrs', 'first': 'Nurdan', 'last': 'Hamzaoğlu'}, 'location': {'street': {'number': 4351, 'name': 'Bağdat Cd'}, 'city': 'İzmir', 'state': 'Kars', 'cou...</msg>
<var>${json_data}</var>
<arg>${response.json()}</arg>
<doc>Returns the given values which can then be assigned to a variables.</doc>
<status status="PASS" start="2024-06-24T18:19:47.667486" elapsed="0.000615"/>
</kw>
<kw name="Log" owner="BuiltIn">
<msg time="2024-06-24T18:19:47.668565" level="INFO">{'results': [{'gender': 'female', 'name': {'title': 'Mrs', 'first': 'Nurdan', 'last': 'Hamzaoğlu'}, 'location': {'street': {'number': 4351, 'name': 'Bağdat Cd'}, 'city': 'İzmir', 'state': 'Kars', 'country': 'Turkey', 'postcode': 88407, 'coordinates': {'latitude': '68.2974', 'longitude': '98.7016'}, 'timezone': {'offset': '+9:30', 'description': 'Adelaide, Darwin'}}, 'email': 'nurdan.hamzaoglu@example.com', 'login': {'uuid': 'b67e6d67-d8ae-4075-a1f5-77e6197f4723', 'username': 'greenladybug499', 'password': 'wibble', 'salt': 'GO6bDtxg', 'md5': '005bd69b0ef54518fcc38e6b25138f47', 'sha1': 'e0ceb37d5366568a37b7ca7ef37ae5e56156a006', 'sha256': '47642e31c619740c0888adf0ae1a09ed6caa43da3c2e0abbda487ce9de1c66c7'}, 'dob': {'date': '1996-07-08T12:59:31.838Z', 'age': 27}, 'registered': {'date': '2009-11-10T21:04:38.971Z', 'age': 14}, 'phone': '(649)-241-2165', 'cell': '(563)-626-9697', 'id': {'name': '', 'value': None}, 'picture': {'large': 'https://randomuser.me/api/portraits/women/6.jpg', 'medium': 'https://randomuser.me/api/portraits/med/women/6.jpg', 'thumbnail': 'https://randomuser.me/api/portraits/thumb/women/6.jpg'}, 'nat': 'TR'}], 'info': {'seed': '141b8ca59dee7846', 'results': 1, 'page': 1, 'version': '1.4'}}</msg>
<arg>${json_data}</arg>
<doc>Logs the given message with the given level.</doc>
<status status="PASS" start="2024-06-24T18:19:47.668410" elapsed="0.000205"/>
</kw>
<kw name="Should Be String" owner="String">
<arg>${json_data['results'][0]['gender']}</arg>
<doc>Fails if the given ``item`` is not a string.</doc>
<status status="PASS" start="2024-06-24T18:19:47.668907" elapsed="0.000372"/>
</kw>
<kw name="Should Match Regexp" owner="BuiltIn">
<arg>${json_data['results'][0]['email']}</arg>
<arg>^[a-zA-Z0-9._%+-]+@[a-zA-Z0-9.-]+\.[a-zA-Z]{2,}$</arg>
<doc>Fails if ``string`` does not match ``pattern`` as a regular expression.</doc>
<status status="PASS" start="2024-06-24T18:19:47.669467" elapsed="0.000534"/>
</kw>
<kw name="Should Match Regexp" owner="BuiltIn">
<arg>${json_data['results'][0]['dob']['date']}</arg>
<arg>\\d{4}-\\d{2}-\\d{2}T\\d{2}:\\d{2}:\\d{2}\\.\\d{3}Z</arg>
<doc>Fails if ``string`` does not match ``pattern`` as a regular expression.</doc>
<status status="PASS" start="2024-06-24T18:19:47.670228" elapsed="0.000551"/>
</kw>
<kw name="Should Match Regexp" owner="BuiltIn">
<arg>${json_data['results'][0]['registered']['date']}</arg>
<arg>\\d{4}-\\d{2}-\\d{2}T\\d{2}:\\d{2}:\\d{2}\\.\\d{3}Z</arg>
<doc>Fails if ``string`` does not match ``pattern`` as a regular expression.</doc>
<status status="PASS" start="2024-06-24T18:19:47.670971" elapsed="0.000375"/>
</kw>
<kw name="Should Match Regexp" owner="BuiltIn">
<arg>${json_data['results'][0]['picture']['large']}</arg>
<arg>^https?://.*\.(?:png|jpe?g|gif|bmp)$</arg>
<doc>Fails if ``string`` does not match ``pattern`` as a regular expression.</doc>
<status status="PASS" start="2024-06-24T18:19:47.671535" elapsed="0.000461"/>
</kw>
<kw name="Should Match Regexp" owner="BuiltIn">
<arg>${json_data['results'][0]['picture']['medium']}</arg>
<arg>^https?://.*\.(?:png|jpe?g|gif|bmp)$</arg>
<doc>Fails if ``string`` does not match ``pattern`` as a regular expression.</doc>
<status status="PASS" start="2024-06-24T18:19:47.672185" elapsed="0.000352"/>
</kw>
<kw name="Should Match Regexp" owner="BuiltIn">
<arg>${json_data['results'][0]['picture']['thumbnail']}</arg>
<arg>^https?://.*\.(?:png|jpe?g|gif|bmp)$</arg>
<doc>Fails if ``string`` does not match ``pattern`` as a regular expression.</doc>
<status status="PASS" start="2024-06-24T18:19:47.672720" elapsed="0.000349"/>
</kw>
<kw name="Log" owner="BuiltIn">
<msg time="2024-06-24T18:19:47.673580" level="INFO">{'large': 'https://randomuser.me/api/portraits/women/6.jpg', 'medium': 'https://randomuser.me/api/portraits/med/women/6.jpg', 'thumbnail': 'https://randomuser.me/api/portraits/thumb/women/6.jpg'}</msg>
<arg>${json_data['results'][0]['picture']}</arg>
<doc>Logs the given message with the given level.</doc>
<status status="PASS" start="2024-06-24T18:19:47.673249" elapsed="0.000374"/>
</kw>
<status status="PASS" start="2024-06-24T18:19:47.582931" elapsed="0.090945"/>
</kw>
<kw name="Teste de Tipos de Dados - Postcode" owner="random-user-service">
<kw name="GET On Session" owner="RequestsLibrary">
<msg time="2024-06-24T18:19:47.763760" level="INFO">GET Request : url=https://randomuser.me/api 
 path_url=/api 
 headers={'User-Agent': 'python-requests/2.32.3', 'Accept-Encoding': 'gzip, deflate', 'Accept': '*/*', 'Connection': 'keep-alive'} 
 body=None 
 </msg>
<msg time="2024-06-24T18:19:47.763842" level="INFO">GET Response : url=https://randomuser.me/api 
 status=200, reason=OK 
 headers={'Date': 'Mon, 24 Jun 2024 18:19:47 GMT', 'Content-Type': 'application/json; charset=utf-8', 'Transfer-Encoding': 'chunked', 'Connection': 'keep-alive', 'X-Powered-By': 'Express', 'Access-Control-Allow-Origin': '*', 'Cache-Control': 'no-cache', 'ETag': 'W/"472-GEcntlAQMC1dasJDjyH8pMtNOfg"', 'Vary': 'Accept-Encoding', 'Content-Encoding': 'gzip', 'CF-Cache-Status': 'DYNAMIC', 'Report-To': '{"endpoints":[{"url":"https:\\/\\/a.nel.cloudflare.com\\/report\\/v4?s=5pkebd5MET0WxGUmWCM6VUwJWdHfnMLQbcG5S2feeBCin2rbQ7zki5NxcUHzKj6tmbEKPgnGPM7aR7ys%2FkmkRlmmXPxiRg2JTfuVgf8qWAgeDytlFc%2Bfo%2B%2B7ob6p5ObE"}],"group":"cf-nel","max_age":604800}', 'NEL': '{"success_fraction":0,"report_to":"cf-nel","max_age":604800}', 'Server': 'cloudflare', 'CF-RAY': '898eba66f9e881a9-IAD', 'alt-svc': 'h3=":443"; ma=86400'} 
 body={"results":[{"gender":"female","name":{"title":"Miss","first":"Shabari","last":"Singh"},"location":{"street":{"number":8175,"name":"Ashoka Rd"},"city":"Dhule","state":"Gujarat","country":"India","postcode":14657,"coordinates":{"latitude":"4.8193","longitude":"162.2459"},"timezone":{"offset":"+5:45","description":"Kathmandu"}},"email":"shabari.singh@example.com","login":{"uuid":"be3cd045-0a5d-4e54-9910-9b30da78bc45","username":"angrymeercat735","password":"archie","salt":"PvZ3wpxM","md5":"0405828c1a6789edea696f75c4a81c04","sha1":"01cbbe7b9ac332932b8a322920cf9ca8e0dd1f06","sha256":"d3d18b12844db6e4ba23de46441509708503ac91f9e14b830a9807f17910072e"},"dob":{"date":"1955-10-22T13:13:34.510Z","age":68},"registered":{"date":"2002-07-27T05:08:10.912Z","age":21},"phone":"9457723232","cell":"9701293567","id":{"name":"UIDAI","value":"994583390344"},"picture":{"large":"https://randomuser.me/api/portraits/women/84.jpg","medium":"https://randomuser.me/api/portraits/med/women/84.jpg","thumbnail":"https://randomuser.me/api/portraits/thumb/women/84.jpg"},"nat":"IN"}],"info":{"seed":"1abebc0e858b70a5","results":1,"page":1,"version":"1.4"}} 
 </msg>
<msg time="2024-06-24T18:19:47.763917" level="INFO">/opt/hostedtoolcache/Python/3.12.4/x64/lib/python3.12/site-packages/urllib3/connectionpool.py:1099: InsecureRequestWarning: Unverified HTTPS request is being made to host 'randomuser.me'. Adding certificate verification is strongly advised. See: https://urllib3.readthedocs.io/en/latest/advanced-usage.html#tls-warnings
  warnings.warn(</msg>
<msg time="2024-06-24T18:19:47.764006" level="INFO">${response} = &lt;Response [200]&gt;</msg>
<var>${response}</var>
<arg>consultarAPI</arg>
<arg>/api</arg>
<doc>Sends a GET request on a previously created HTTP Session.</doc>
<status status="PASS" start="2024-06-24T18:19:47.674303" elapsed="0.089745"/>
</kw>
<kw name="Set Variable" owner="BuiltIn">
<msg time="2024-06-24T18:19:47.765083" level="INFO">${json_data} = {'results': [{'gender': 'female', 'name': {'title': 'Miss', 'first': 'Shabari', 'last': 'Singh'}, 'location': {'street': {'number': 8175, 'name': 'Ashoka Rd'}, 'city': 'Dhule', 'state': 'Gujarat', 'co...</msg>
<var>${json_data}</var>
<arg>${response.json()}</arg>
<doc>Returns the given values which can then be assigned to a variables.</doc>
<status status="PASS" start="2024-06-24T18:19:47.764503" elapsed="0.000609"/>
</kw>
<kw name="Log" owner="BuiltIn">
<msg time="2024-06-24T18:19:47.765557" level="INFO">{'results': [{'gender': 'female', 'name': {'title': 'Miss', 'first': 'Shabari', 'last': 'Singh'}, 'location': {'street': {'number': 8175, 'name': 'Ashoka Rd'}, 'city': 'Dhule', 'state': 'Gujarat', 'country': 'India', 'postcode': 14657, 'coordinates': {'latitude': '4.8193', 'longitude': '162.2459'}, 'timezone': {'offset': '+5:45', 'description': 'Kathmandu'}}, 'email': 'shabari.singh@example.com', 'login': {'uuid': 'be3cd045-0a5d-4e54-9910-9b30da78bc45', 'username': 'angrymeercat735', 'password': 'archie', 'salt': 'PvZ3wpxM', 'md5': '0405828c1a6789edea696f75c4a81c04', 'sha1': '01cbbe7b9ac332932b8a322920cf9ca8e0dd1f06', 'sha256': 'd3d18b12844db6e4ba23de46441509708503ac91f9e14b830a9807f17910072e'}, 'dob': {'date': '1955-10-22T13:13:34.510Z', 'age': 68}, 'registered': {'date': '2002-07-27T05:08:10.912Z', 'age': 21}, 'phone': '9457723232', 'cell': '9701293567', 'id': {'name': 'UIDAI', 'value': '994583390344'}, 'picture': {'large': 'https://randomuser.me/api/portraits/women/84.jpg', 'medium': 'https://randomuser.me/api/portraits/med/women/84.jpg', 'thumbnail': 'https://randomuser.me/api/portraits/thumb/women/84.jpg'}, 'nat': 'IN'}], 'info': {'seed': '1abebc0e858b70a5', 'results': 1, 'page': 1, 'version': '1.4'}}</msg>
<arg>${json_data}</arg>
<doc>Logs the given message with the given level.</doc>
<status status="PASS" start="2024-06-24T18:19:47.765407" elapsed="0.000196"/>
</kw>
<kw name="Should Be Equal As Numbers" owner="BuiltIn">
<arg>${json_data['results'][0]['location']['postcode']}</arg>
<arg>${json_data['results'][0]['location']['postcode']}</arg>
<doc>Fails if objects are unequal after converting them to real numbers.</doc>
<status status="PASS" start="2024-06-24T18:19:47.765891" elapsed="0.000673"/>
</kw>
<kw name="Log" owner="BuiltIn">
<msg time="2024-06-24T18:19:47.767216" level="INFO">14657</msg>
<arg>${json_data['results'][0]['location']['postcode']}</arg>
<doc>Logs the given message with the given level.</doc>
<status status="PASS" start="2024-06-24T18:19:47.766752" elapsed="0.000505"/>
</kw>
<status status="PASS" start="2024-06-24T18:19:47.674091" elapsed="0.093444"/>
</kw>
<doc>Testa se os tipos de dados na resposta da API estão corretos.</doc>
<tag>testeTiposDados</tag>
<status status="PASS" start="2024-06-24T18:19:47.582400" elapsed="0.185291"/>
</test>
<test id="s1-s1-t5" name="Validar conteudo" line="35">
<kw name="Teste de Tipos de Conteudo" owner="random-user-service">
<kw name="GET On Session" owner="RequestsLibrary">
<msg time="2024-06-24T18:19:47.861221" level="INFO">GET Request : url=https://randomuser.me/api 
 path_url=/api 
 headers={'User-Agent': 'python-requests/2.32.3', 'Accept-Encoding': 'gzip, deflate', 'Accept': '*/*', 'Connection': 'keep-alive'} 
 body=None 
 </msg>
<msg time="2024-06-24T18:19:47.861296" level="INFO">GET Response : url=https://randomuser.me/api 
 status=200, reason=OK 
 headers={'Date': 'Mon, 24 Jun 2024 18:19:47 GMT', 'Content-Type': 'application/json; charset=utf-8', 'Transfer-Encoding': 'chunked', 'Connection': 'keep-alive', 'X-Powered-By': 'Express', 'Access-Control-Allow-Origin': '*', 'Cache-Control': 'no-cache', 'ETag': 'W/"486-jmb54yZjBCWGa7UFcUvEDjFfyHU"', 'Vary': 'Accept-Encoding', 'Content-Encoding': 'gzip', 'CF-Cache-Status': 'DYNAMIC', 'Report-To': '{"endpoints":[{"url":"https:\\/\\/a.nel.cloudflare.com\\/report\\/v4?s=syUsYtcxmxeu2loWuzMMkWMSKsojyT4Zdz0r6u7ljhjcU%2Fuh89xSp0p2DsmoNXEkOUTh0iPWqIkk3xNv7FTrndnmRtO3E79hgLT2Sd8R8TD4NDgSyIdpmqmQKWZT44Pj"}],"group":"cf-nel","max_age":604800}', 'NEL': '{"success_fraction":0,"report_to":"cf-nel","max_age":604800}', 'Server': 'cloudflare', 'CF-RAY': '898eba679ade81a9-IAD', 'alt-svc': 'h3=":443"; ma=86400'} 
 body={"results":[{"gender":"female","name":{"title":"Ms","first":"Kayla","last":"Lee"},"location":{"street":{"number":2422,"name":"Clyde Street"},"city":"Invercargill","state":"Southland","country":"New Zealand","postcode":22136,"coordinates":{"latitude":"51.9216","longitude":"173.7080"},"timezone":{"offset":"-7:00","description":"Mountain Time (US &amp; Canada)"}},"email":"kayla.lee@example.com","login":{"uuid":"86a2325a-22d8-44be-9d74-b6f4a62134e9","username":"crazypanda463","password":"jonathan","salt":"j2IsR5hZ","md5":"affc8a3d1e0b3b7da4c02dfa64e6b66a","sha1":"ee49ccf33cb804695dd1f40641a2aa570d79ddb0","sha256":"d260ea65f02a3013dd667bf55e709e137ab88fc2c96460c3511af53ab1a15963"},"dob":{"date":"1998-01-13T16:39:47.188Z","age":26},"registered":{"date":"2007-06-14T14:36:22.240Z","age":17},"phone":"(310)-129-6067","cell":"(552)-502-3077","id":{"name":"","value":null},"picture":{"large":"https://randomuser.me/api/portraits/women/65.jpg","medium":"https://randomuser.me/api/portraits/med/women/65.jpg","thumbnail":"https://randomuser.me/api/portraits/thumb/women/65.jpg"},"nat":"NZ"}],"info":{"seed":"1c535cb3a6b99049","results":1,"page":1,"version":"1.4"}} 
 </msg>
<msg time="2024-06-24T18:19:47.861361" level="INFO">/opt/hostedtoolcache/Python/3.12.4/x64/lib/python3.12/site-packages/urllib3/connectionpool.py:1099: InsecureRequestWarning: Unverified HTTPS request is being made to host 'randomuser.me'. Adding certificate verification is strongly advised. See: https://urllib3.readthedocs.io/en/latest/advanced-usage.html#tls-warnings
  warnings.warn(</msg>
<msg time="2024-06-24T18:19:47.861459" level="INFO">${response} = &lt;Response [200]&gt;</msg>
<var>${response}</var>
<arg>consultarAPI</arg>
<arg>/api</arg>
<doc>Sends a GET request on a previously created HTTP Session.</doc>
<status status="PASS" start="2024-06-24T18:19:47.770092" elapsed="0.091405"/>
</kw>
<kw name="Set Variable" owner="BuiltIn">
<msg time="2024-06-24T18:19:47.862431" level="INFO">${json_data} = {'results': [{'gender': 'female', 'name': {'title': 'Ms', 'first': 'Kayla', 'last': 'Lee'}, 'location': {'street': {'number': 2422, 'name': 'Clyde Street'}, 'city': 'Invercargill', 'state': 'Southland...</msg>
<var>${json_data}</var>
<arg>${response.json()}</arg>
<doc>Returns the given values which can then be assigned to a variables.</doc>
<status status="PASS" start="2024-06-24T18:19:47.861922" elapsed="0.000542"/>
</kw>
<kw name="Set Variable" owner="BuiltIn">
<msg time="2024-06-24T18:19:47.863146" level="INFO">${name_title} = Ms</msg>
<var>${name_title}</var>
<arg>${json_data["results"][0]["name"]["title"]}</arg>
<doc>Returns the given values which can then be assigned to a variables.</doc>
<status status="PASS" start="2024-06-24T18:19:47.862764" elapsed="0.000408"/>
</kw>
<kw name="Create List" owner="BuiltIn">
<msg time="2024-06-24T18:19:47.863611" level="INFO">${allowed_titles} = ['Mr', 'Ms', 'Miss', 'Mrs', 'Madame', 'Monsieur']</msg>
<var>${allowed_titles}</var>
<arg>Mr</arg>
<arg>Ms</arg>
<arg>Miss</arg>
<arg>Mrs</arg>
<arg>Madame</arg>
<arg>Monsieur</arg>
<doc>Returns a list containing given items.</doc>
<status status="PASS" start="2024-06-24T18:19:47.863463" elapsed="0.000172"/>
</kw>
<kw name="List Should Contain Value" owner="Collections">
<arg>${allowed_titles}</arg>
<arg>${name_title}</arg>
<doc>Fails if the ``value`` is not found from ``list``.</doc>
<status status="PASS" start="2024-06-24T18:19:47.863925" elapsed="0.000179"/>
</kw>
<kw name="Set Variable" owner="BuiltIn">
<msg time="2024-06-24T18:19:47.864645" level="INFO">${name_country} = NZ</msg>
<var>${name_country}</var>
<arg>${json_data["results"][0]["nat"]}</arg>
<doc>Returns the given values which can then be assigned to a variables.</doc>
<status status="PASS" start="2024-06-24T18:19:47.864279" elapsed="0.000391"/>
</kw>
<kw name="Create List" owner="BuiltIn">
<msg time="2024-06-24T18:19:47.865548" level="INFO">${list_country} = ['AD', 'AE', 'AF', 'AG', 'AI', 'AL', 'AM', 'AO', 'AQ', 'AR', 'AS', 'AT', 'AU', 'AW', 'AX', 'AZ', 'BA', 'BB', 'BD', 'BE', 'BF', 'BG', 'BH', 'BI', 'BJ', 'BL', 'BM', 'BN', 'BO', 'BQ', 'BR', 'BS', 'BT', '...</msg>
<var>${list_country}</var>
<arg>AD</arg>
<arg>AE</arg>
<arg>AF</arg>
<arg>AG</arg>
<arg>AI</arg>
<arg>AL</arg>
<arg>AM</arg>
<arg>AO</arg>
<arg>AQ</arg>
<arg>AR</arg>
<arg>AS</arg>
<arg>AT</arg>
<arg>AU</arg>
<arg>AW</arg>
<arg>AX</arg>
<arg>AZ</arg>
<arg>BA</arg>
<arg>BB</arg>
<arg>BD</arg>
<arg>BE</arg>
<arg>BF</arg>
<arg>BG</arg>
<arg>BH</arg>
<arg>BI</arg>
<arg>BJ</arg>
<arg>BL</arg>
<arg>BM</arg>
<arg>BN</arg>
<arg>BO</arg>
<arg>BQ</arg>
<arg>BR</arg>
<arg>BS</arg>
<arg>BT</arg>
<arg>BV</arg>
<arg>BW</arg>
<arg>BY</arg>
<arg>BZ</arg>
<arg>CA</arg>
<arg>CC</arg>
<arg>CD</arg>
<arg>CF</arg>
<arg>CG</arg>
<arg>CH</arg>
<arg>CI</arg>
<arg>CK</arg>
<arg>CL</arg>
<arg>CM</arg>
<arg>CN</arg>
<arg>CO</arg>
<arg>CR</arg>
<arg>CU</arg>
<arg>CV</arg>
<arg>CW</arg>
<arg>CX</arg>
<arg>CY</arg>
<arg>CZ</arg>
<arg>DE</arg>
<arg>DJ</arg>
<arg>DK</arg>
<arg>DM</arg>
<arg>DO</arg>
<arg>DZ</arg>
<arg>EC</arg>
<arg>EE</arg>
<arg>EG</arg>
<arg>EH</arg>
<arg>ER</arg>
<arg>ES</arg>
<arg>ET</arg>
<arg>FI</arg>
<arg>FJ</arg>
<arg>FK</arg>
<arg>FM</arg>
<arg>FO</arg>
<arg>FR</arg>
<arg>GA</arg>
<arg>GB</arg>
<arg>GD</arg>
<arg>GE</arg>
<arg>GF</arg>
<arg>GG</arg>
<arg>GH</arg>
<arg>GI</arg>
<arg>GL</arg>
<arg>GM</arg>
<arg>GN</arg>
<arg>GP</arg>
<arg>GQ</arg>
<arg>GR</arg>
<arg>GS</arg>
<arg>GT</arg>
<arg>GU</arg>
<arg>GW</arg>
<arg>GY</arg>
<arg>HK</arg>
<arg>HM</arg>
<arg>HN</arg>
<arg>HR</arg>
<arg>HT</arg>
<arg>HU</arg>
<arg>ID</arg>
<arg>IE</arg>
<arg>IL</arg>
<arg>IM</arg>
<arg>IN</arg>
<arg>IO</arg>
<arg>IQ</arg>
<arg>IR</arg>
<arg>IS</arg>
<arg>IT</arg>
<arg>JE</arg>
<arg>JM</arg>
<arg>JO</arg>
<arg>JP</arg>
<arg>KE</arg>
<arg>KG</arg>
<arg>KH</arg>
<arg>KI</arg>
<arg>KM</arg>
<arg>KN</arg>
<arg>KP</arg>
<arg>KR</arg>
<arg>KW</arg>
<arg>KY</arg>
<arg>KZ</arg>
<arg>LA</arg>
<arg>LB</arg>
<arg>LC</arg>
<arg>LI</arg>
<arg>LK</arg>
<arg>LR</arg>
<arg>LS</arg>
<arg>LT</arg>
<arg>LU</arg>
<arg>LV</arg>
<arg>LY</arg>
<arg>MA</arg>
<arg>MC</arg>
<arg>MD</arg>
<arg>ME</arg>
<arg>MF</arg>
<arg>MG</arg>
<arg>MH</arg>
<arg>MK</arg>
<arg>ML</arg>
<arg>MM</arg>
<arg>MN</arg>
<arg>MO</arg>
<arg>MP</arg>
<arg>MQ</arg>
<arg>MR</arg>
<arg>MS</arg>
<arg>MT</arg>
<arg>MU</arg>
<arg>MV</arg>
<arg>MW</arg>
<arg>MX</arg>
<arg>MY</arg>
<arg>MZ</arg>
<arg>NA</arg>
<arg>NC</arg>
<arg>NE</arg>
<arg>NF</arg>
<arg>NG</arg>
<arg>NI</arg>
<arg>NL</arg>
<arg>NO</arg>
<arg>NP</arg>
<arg>NR</arg>
<arg>NU</arg>
<arg>NZ</arg>
<arg>OM</arg>
<arg>PA</arg>
<arg>PE</arg>
<arg>PF</arg>
<arg>PG</arg>
<arg>PH</arg>
<arg>PK</arg>
<arg>PL</arg>
<arg>PM</arg>
<arg>PN</arg>
<arg>PR</arg>
<arg>PS</arg>
<arg>PT</arg>
<arg>PW</arg>
<arg>PY</arg>
<arg>QA</arg>
<arg>RE</arg>
<arg>RO</arg>
<arg>RS</arg>
<arg>RU</arg>
<arg>RW</arg>
<arg>SA</arg>
<arg>SB</arg>
<arg>SC</arg>
<arg>SD</arg>
<arg>SE</arg>
<arg>SG</arg>
<arg>SH</arg>
<arg>SI</arg>
<arg>SJ</arg>
<arg>SK</arg>
<arg>SL</arg>
<arg>SM</arg>
<arg>SN</arg>
<arg>SO</arg>
<arg>SR</arg>
<arg>SS</arg>
<arg>ST</arg>
<arg>SV</arg>
<arg>SX</arg>
<arg>SY</arg>
<arg>SZ</arg>
<arg>TC</arg>
<arg>TD</arg>
<arg>TF</arg>
<arg>TG</arg>
<arg>TH</arg>
<arg>TJ</arg>
<arg>TK</arg>
<arg>TL</arg>
<arg>TM</arg>
<arg>TN</arg>
<arg>TO</arg>
<arg>TR</arg>
<arg>TT</arg>
<arg>TV</arg>
<arg>TW</arg>
<arg>TZ</arg>
<arg>UA</arg>
<arg>UG</arg>
<arg>UM</arg>
<arg>US</arg>
<arg>UY</arg>
<arg>UZ</arg>
<arg>VA</arg>
<arg>VC</arg>
<arg>VE</arg>
<arg>VG</arg>
<arg>VI</arg>
<arg>VN</arg>
<arg>VU</arg>
<arg>WF</arg>
<arg>WS</arg>
<arg>XK</arg>
<arg>YE</arg>
<arg>YT</arg>
<arg>ZA</arg>
<arg>ZM</arg>
<arg>ZW</arg>
<doc>Returns a list containing given items.</doc>
<status status="PASS" start="2024-06-24T18:19:47.864951" elapsed="0.000622"/>
</kw>
<kw name="List Should Contain Value" owner="Collections">
<arg>${list_country}</arg>
<arg>${name_country}</arg>
<doc>Fails if the ``value`` is not found from ``list``.</doc>
<status status="PASS" start="2024-06-24T18:19:47.866390" elapsed="0.000212"/>
</kw>
<kw name="Run Keyword If" owner="BuiltIn">
<kw name="Should Be True" owner="BuiltIn">
<arg>${True}</arg>
<doc>Fails if the given condition is not true.</doc>
<status status="PASS" start="2024-06-24T18:19:47.867537" elapsed="0.000139"/>
</kw>
<arg>${json_data["results"][0]["location"]["coordinates"]["latitude"]} &gt;= -90 and ${json_data["results"][0]["location"]["coordinates"]["latitude"]} &lt;= 90</arg>
<arg>Should Be True</arg>
<arg>${True}</arg>
<doc>Runs the given keyword with the given arguments, if ``condition`` is true.</doc>
<status status="PASS" start="2024-06-24T18:19:47.866798" elapsed="0.001003"/>
</kw>
<kw name="Run Keyword If" owner="BuiltIn">
<kw name="Should Be True" owner="BuiltIn">
<arg>${True}</arg>
<doc>Fails if the given condition is not true.</doc>
<status status="PASS" start="2024-06-24T18:19:47.868676" elapsed="0.000231"/>
</kw>
<arg>${json_data["results"][0]["location"]["coordinates"]["longitude"]} &gt;= -180 and ${json_data["results"][0]["location"]["coordinates"]["longitude"]} &lt;= 180</arg>
<arg>Should Be True</arg>
<arg>${True}</arg>
<doc>Runs the given keyword with the given arguments, if ``condition`` is true.</doc>
<status status="PASS" start="2024-06-24T18:19:47.867980" elapsed="0.001055"/>
</kw>
<status status="PASS" start="2024-06-24T18:19:47.769880" elapsed="0.099285"/>
</kw>
<doc>Testa o conteúdo específico dos campos retornados pela API.</doc>
<tag>testeConteudo</tag>
<status status="PASS" start="2024-06-24T18:19:47.769381" elapsed="0.099930"/>
</test>
<status status="PASS" start="2024-06-24T18:19:46.943540" elapsed="0.927776"/>
</suite>
<status status="PASS" start="2024-06-24T18:19:46.929205" elapsed="0.947216"/>
</suite>
<statistics>
<total>
<stat pass="5" fail="0" skip="0">All Tests</stat>
</total>
<tag>
<stat pass="1" fail="0" skip="0">testeConteudo</stat>
<stat pass="1" fail="0" skip="0">testeEstruturaResposta</stat>
<stat pass="1" fail="0" skip="0">testeRequisicaoBasica</stat>
<stat pass="1" fail="0" skip="0">testeTiposDados</stat>
</tag>
<suite>
<stat pass="5" fail="0" skip="0" id="s1" name="Tests">Tests</stat>
<stat pass="5" fail="0" skip="0" id="s1-s1" name="Random-User-Test">Tests.Random-User-Test</stat>
</suite>
</statistics>
<errors>
</errors>
</robot>
