<?xml version="1.0" encoding="UTF-8"?>
<robot generator="Robot 7.0 (Python 3.12.3 on linux)" generated="2024-05-03T06:18:59.659595" rpa="false" schemaversion="5">
<suite id="s1" name="Tests" source="/home/runner/work/DesafioQAItauRogerioJordao/DesafioQAItauRogerioJordao/RamdonUser/tests">
<suite id="s1-s1" name="Random-User-Test" source="/home/runner/work/DesafioQAItauRogerioJordao/DesafioQAItauRogerioJordao/RamdonUser/tests/random-user-test.robot">
<test id="s1-s1-t1" name="Conectar" line="13">
<kw name="Conectar API" owner="random-user-service">
<kw name="Create Session" owner="RequestsLibrary">
<msg time="2024-05-03T06:19:00.040850" level="INFO">Creating Session using : alias=consultarAPI, url=https://randomuser.me/, headers={},                     cookies={}, auth=None, timeout=None, proxies=None, verify=False,                     debug=0 </msg>
<arg>consultarAPI</arg>
<arg>${URL}</arg>
<doc>Create Session: create a HTTP session to a server</doc>
<status status="PASS" start="2024-05-03T06:19:00.040646" elapsed="0.000387"/>
</kw>
<status status="PASS" start="2024-05-03T06:19:00.039668" elapsed="0.001724"/>
</kw>
<status status="PASS" start="2024-05-03T06:19:00.038946" elapsed="0.002643"/>
</test>
<test id="s1-s1-t2" name="Validar retorno 200 e JSON Válido" line="16">
<kw name="Teste de Requisicao Basica" owner="random-user-service">
<kw name="GET On Session" owner="RequestsLibrary">
<msg time="2024-05-03T06:19:00.124107" level="INFO">GET Request : url=https://randomuser.me/api 
 path_url=/api 
 headers={'User-Agent': 'python-requests/2.31.0', 'Accept-Encoding': 'gzip, deflate', 'Accept': '*/*', 'Connection': 'keep-alive'} 
 body=None 
 </msg>
<msg time="2024-05-03T06:19:00.124235" level="INFO">GET Response : url=https://randomuser.me/api 
 status=200, reason=OK 
 headers={'Date': 'Fri, 03 May 2024 06:19:00 GMT', 'Content-Type': 'application/json; charset=utf-8', 'Transfer-Encoding': 'chunked', 'Connection': 'keep-alive', 'X-Powered-By': 'Express', 'Access-Control-Allow-Origin': '*', 'Cache-Control': 'no-cache', 'ETag': 'W/"47f-xoHZGaVbj/S72rdYz5j9qdKI6og"', 'Vary': 'Accept-Encoding', 'Content-Encoding': 'gzip', 'CF-Cache-Status': 'DYNAMIC', 'Report-To': '{"endpoints":[{"url":"https:\\/\\/a.nel.cloudflare.com\\/report\\/v4?s=UFaWVfu4UHhpiA7NYKnOOLO6SW1bGtT1fhoS1d1b%2BNkPVSXkYHToSBoJP6kCbomj7KSU0q9Rm6VhqgP4tKhEApUf9jUJ%2FVF%2FUTWVqUVXSZIoDKt896e29uKg7qhV8SYV"}],"group":"cf-nel","max_age":604800}', 'NEL': '{"success_fraction":0,"report_to":"cf-nel","max_age":604800}', 'Server': 'cloudflare', 'CF-RAY': '87de230d881c8f4e-ORD', 'alt-svc': 'h3=":443"; ma=86400'} 
 body={"results":[{"gender":"male","name":{"title":"Mr","first":"Morris","last":"Lopez"},"location":{"street":{"number":1422,"name":"Brown Terrace"},"city":"Broken Arrow","state":"South Dakota","country":"United States","postcode":30042,"coordinates":{"latitude":"88.3346","longitude":"-167.8020"},"timezone":{"offset":"-9:00","description":"Alaska"}},"email":"morris.lopez@example.com","login":{"uuid":"b81201c3-25cd-456d-8e73-54146baf64d8","username":"lazydog420","password":"threesom","salt":"huW2uzZH","md5":"5903f901b5d4e9cd269e0b3bbc4ac35b","sha1":"8310ec43305ee87b98ba7e522cf93e878d3aa0c6","sha256":"2eafae4e954b40fe344a774ea02df641c191dfb2ca28b91835ade507fb58a62b"},"dob":{"date":"1959-03-01T03:31:43.349Z","age":65},"registered":{"date":"2004-09-09T23:36:01.451Z","age":19},"phone":"(576) 942-8537","cell":"(482) 375-5597","id":{"name":"SSN","value":"086-90-4079"},"picture":{"large":"https://randomuser.me/api/portraits/men/26.jpg","medium":"https://randomuser.me/api/portraits/med/men/26.jpg","thumbnail":"https://randomuser.me/api/portraits/thumb/men/26.jpg"},"nat":"US"}],"info":{"seed":"c5027dfa1bc780c4","results":1,"page":1,"version":"1.4"}} 
 </msg>
<msg time="2024-05-03T06:19:00.124309" level="INFO">/opt/hostedtoolcache/Python/3.12.3/x64/lib/python3.12/site-packages/urllib3/connectionpool.py:1103: InsecureRequestWarning: Unverified HTTPS request is being made to host 'randomuser.me'. Adding certificate verification is strongly advised. See: https://urllib3.readthedocs.io/en/latest/advanced-usage.html#tls-warnings
  warnings.warn(</msg>
<msg time="2024-05-03T06:19:00.124446" level="INFO">${response} = &lt;Response [200]&gt;</msg>
<var>${response}</var>
<arg>consultarAPI</arg>
<arg>/api</arg>
<doc>Sends a GET request on a previously created HTTP Session.</doc>
<status status="PASS" start="2024-05-03T06:19:00.044292" elapsed="0.080185"/>
</kw>
<kw name="Should Be Equal As Numbers" owner="BuiltIn">
<msg time="2024-05-03T06:19:00.125329" level="INFO">Argument types are:
&lt;class 'int'&gt;
&lt;class 'str'&gt;</msg>
<arg>${response.status_code}</arg>
<arg>200</arg>
<doc>Fails if objects are unequal after converting them to real numbers.</doc>
<status status="PASS" start="2024-05-03T06:19:00.124899" elapsed="0.000495"/>
</kw>
<kw name="Log" owner="BuiltIn">
<msg time="2024-05-03T06:19:00.126162" level="INFO">200</msg>
<arg>${response.status_code}</arg>
<doc>Logs the given message with the given level.</doc>
<status status="PASS" start="2024-05-03T06:19:00.125789" elapsed="0.000428"/>
</kw>
<kw name="Set Variable" owner="BuiltIn">
<msg time="2024-05-03T06:19:00.126975" level="INFO">${json_data} = {'results': [{'gender': 'male', 'name': {'title': 'Mr', 'first': 'Morris', 'last': 'Lopez'}, 'location': {'street': {'number': 1422, 'name': 'Brown Terrace'}, 'city': 'Broken Arrow', 'state': 'South D...</msg>
<var>${json_data}</var>
<arg>${response.json()}</arg>
<doc>Returns the given values which can then be assigned to a variables.</doc>
<status status="PASS" start="2024-05-03T06:19:00.126528" elapsed="0.000476"/>
</kw>
<kw name="Dictionary Should Contain Key" owner="Collections">
<msg time="2024-05-03T06:19:00.127477" level="INFO">False</msg>
<arg>${json_data}</arg>
<arg>results</arg>
<doc>Fails if ``key`` is not found from ``dictionary``.</doc>
<status status="PASS" start="2024-05-03T06:19:00.127308" elapsed="0.000208"/>
</kw>
<status status="PASS" start="2024-05-03T06:19:00.044046" elapsed="0.083723"/>
</kw>
<doc>Testa se a API responde corretamente e retorna um objeto JSON válido.</doc>
<tag>testeRequisicaoBasica</tag>
<status status="PASS" start="2024-05-03T06:19:00.043592" elapsed="0.084353"/>
</test>
<test id="s1-s1-t3" name="Validar estrutura de resposta" line="22">
<kw name="Teste de Estrutura de Resposta" owner="random-user-service">
<kw name="GET On Session" owner="RequestsLibrary">
<msg time="2024-05-03T06:19:00.222608" level="INFO">GET Request : url=https://randomuser.me/api 
 path_url=/api 
 headers={'User-Agent': 'python-requests/2.31.0', 'Accept-Encoding': 'gzip, deflate', 'Accept': '*/*', 'Connection': 'keep-alive'} 
 body=None 
 </msg>
<msg time="2024-05-03T06:19:00.222674" level="INFO">GET Response : url=https://randomuser.me/api 
 status=200, reason=OK 
 headers={'Date': 'Fri, 03 May 2024 06:19:00 GMT', 'Content-Type': 'application/json; charset=utf-8', 'Transfer-Encoding': 'chunked', 'Connection': 'keep-alive', 'X-Powered-By': 'Express', 'Access-Control-Allow-Origin': '*', 'Cache-Control': 'no-cache', 'ETag': 'W/"482-9CxsOSHIyBEQDApx6AIKS+21huE"', 'Vary': 'Accept-Encoding', 'Content-Encoding': 'gzip', 'CF-Cache-Status': 'DYNAMIC', 'Report-To': '{"endpoints":[{"url":"https:\\/\\/a.nel.cloudflare.com\\/report\\/v4?s=gSF6Fvh9XnKudDQwdJERyIwbHaTjC4PV2sEYPtEFz9FnGiAy5ndJ0r4A24t0P9DNcxMFeiUJquBSdR7UvUH4Xzo23o%2BKC4Zf3uJeeZjZxCniUcfyVpM9%2FDbiMmArxJKV"}],"group":"cf-nel","max_age":604800}', 'NEL': '{"success_fraction":0,"report_to":"cf-nel","max_age":604800}', 'Server': 'cloudflare', 'CF-RAY': '87de230dd84a8f4e-ORD', 'alt-svc': 'h3=":443"; ma=86400'} 
 body={"results":[{"gender":"male","name":{"title":"Mr","first":"Radoslav","last":"Kmicikevich"},"location":{"street":{"number":8123,"name":"Buznika"},"city":"Chortkiv","state":"Zaporizka","country":"Ukraine","postcode":87900,"coordinates":{"latitude":"75.5583","longitude":"-39.9086"},"timezone":{"offset":"-12:00","description":"Eniwetok, Kwajalein"}},"email":"radoslav.kmicikevich@example.com","login":{"uuid":"b60c2f4d-c108-4925-9606-e9612bfb138b","username":"angrygorilla911","password":"gordon24","salt":"UgdFMkxZ","md5":"8be741ff616647cf72b776de95572c52","sha1":"fdb583c13dc2fa0ae76865bef1f8adfe2a60dd26","sha256":"3c2b69dce604ba95fc50b5ef712d7185b83912da930462a4214f26e06f4ff6c2"},"dob":{"date":"1978-05-24T07:24:53.558Z","age":45},"registered":{"date":"2010-01-16T11:21:18.691Z","age":14},"phone":"(067) R97-1156","cell":"(097) Q42-3613","id":{"name":"","value":null},"picture":{"large":"https://randomuser.me/api/portraits/men/11.jpg","medium":"https://randomuser.me/api/portraits/med/men/11.jpg","thumbnail":"https://randomuser.me/api/portraits/thumb/men/11.jpg"},"nat":"UA"}],"info":{"seed":"25eaeb76fa632e01","results":1,"page":1,"version":"1.4"}} 
 </msg>
<msg time="2024-05-03T06:19:00.222770" level="INFO">/opt/hostedtoolcache/Python/3.12.3/x64/lib/python3.12/site-packages/urllib3/connectionpool.py:1103: InsecureRequestWarning: Unverified HTTPS request is being made to host 'randomuser.me'. Adding certificate verification is strongly advised. See: https://urllib3.readthedocs.io/en/latest/advanced-usage.html#tls-warnings
  warnings.warn(</msg>
<msg time="2024-05-03T06:19:00.222884" level="INFO">${response} = &lt;Response [200]&gt;</msg>
<var>${response}</var>
<arg>consultarAPI</arg>
<arg>/api</arg>
<doc>Sends a GET request on a previously created HTTP Session.</doc>
<status status="PASS" start="2024-05-03T06:19:00.130658" elapsed="0.092269"/>
</kw>
<kw name="Set Variable" owner="BuiltIn">
<msg time="2024-05-03T06:19:00.223746" level="INFO">${json_data} = {'results': [{'gender': 'male', 'name': {'title': 'Mr', 'first': 'Radoslav', 'last': 'Kmicikevich'}, 'location': {'street': {'number': 8123, 'name': 'Buznika'}, 'city': 'Chortkiv', 'state': 'Zaporizka...</msg>
<var>${json_data}</var>
<arg>${response.json()}</arg>
<doc>Returns the given values which can then be assigned to a variables.</doc>
<status status="PASS" start="2024-05-03T06:19:00.223282" elapsed="0.000493"/>
</kw>
<kw name="Log" owner="BuiltIn">
<msg time="2024-05-03T06:19:00.224266" level="INFO">{'results': [{'gender': 'male', 'name': {'title': 'Mr', 'first': 'Radoslav', 'last': 'Kmicikevich'}, 'location': {'street': {'number': 8123, 'name': 'Buznika'}, 'city': 'Chortkiv', 'state': 'Zaporizka', 'country': 'Ukraine', 'postcode': 87900, 'coordinates': {'latitude': '75.5583', 'longitude': '-39.9086'}, 'timezone': {'offset': '-12:00', 'description': 'Eniwetok, Kwajalein'}}, 'email': 'radoslav.kmicikevich@example.com', 'login': {'uuid': 'b60c2f4d-c108-4925-9606-e9612bfb138b', 'username': 'angrygorilla911', 'password': 'gordon24', 'salt': 'UgdFMkxZ', 'md5': '8be741ff616647cf72b776de95572c52', 'sha1': 'fdb583c13dc2fa0ae76865bef1f8adfe2a60dd26', 'sha256': '3c2b69dce604ba95fc50b5ef712d7185b83912da930462a4214f26e06f4ff6c2'}, 'dob': {'date': '1978-05-24T07:24:53.558Z', 'age': 45}, 'registered': {'date': '2010-01-16T11:21:18.691Z', 'age': 14}, 'phone': '(067) R97-1156', 'cell': '(097) Q42-3613', 'id': {'name': '', 'value': None}, 'picture': {'large': 'https://randomuser.me/api/portraits/men/11.jpg', 'medium': 'https://randomuser.me/api/portraits/med/men/11.jpg', 'thumbnail': 'https://randomuser.me/api/portraits/thumb/men/11.jpg'}, 'nat': 'UA'}], 'info': {'seed': '25eaeb76fa632e01', 'results': 1, 'page': 1, 'version': '1.4'}}</msg>
<arg>${json_data}</arg>
<doc>Logs the given message with the given level.</doc>
<status status="PASS" start="2024-05-03T06:19:00.224104" elapsed="0.000211"/>
</kw>
<kw name="Dictionary Should Contain Key" owner="Collections">
<msg time="2024-05-03T06:19:00.224766" level="INFO">False</msg>
<arg>${json_data}</arg>
<arg>results</arg>
<doc>Fails if ``key`` is not found from ``dictionary``.</doc>
<status status="PASS" start="2024-05-03T06:19:00.224611" elapsed="0.000192"/>
</kw>
<kw name="Should Not Be Empty" owner="BuiltIn">
<msg time="2024-05-03T06:19:00.225240" level="INFO">Length is 2.</msg>
<arg>${json_data}</arg>
<doc>Verifies that the given item is not empty.</doc>
<status status="PASS" start="2024-05-03T06:19:00.225100" elapsed="0.000179"/>
</kw>
<kw name="Create List" owner="BuiltIn">
<msg time="2024-05-03T06:19:00.225894" level="INFO">${expected_keys} = ['gender', 'name', 'location', 'email', 'login']</msg>
<var>${expected_keys}</var>
<arg>gender</arg>
<arg>name</arg>
<arg>location</arg>
<arg>email</arg>
<arg>login</arg>
<doc>Returns a list containing given items.</doc>
<status status="PASS" start="2024-05-03T06:19:00.225570" elapsed="0.000350"/>
</kw>
<for flavor="IN">
<iter>
<kw name="Dictionary Should Contain Key" owner="Collections">
<msg time="2024-05-03T06:19:00.226911" level="INFO">False</msg>
<arg>${json_data['results'][0]}</arg>
<arg>${key}</arg>
<doc>Fails if ``key`` is not found from ``dictionary``.</doc>
<status status="PASS" start="2024-05-03T06:19:00.226509" elapsed="0.000441"/>
</kw>
<kw name="Log" owner="BuiltIn">
<msg time="2024-05-03T06:19:00.227622" level="INFO">{'gender': 'male', 'name': {'title': 'Mr', 'first': 'Radoslav', 'last': 'Kmicikevich'}, 'location': {'street': {'number': 8123, 'name': 'Buznika'}, 'city': 'Chortkiv', 'state': 'Zaporizka', 'country': 'Ukraine', 'postcode': 87900, 'coordinates': {'latitude': '75.5583', 'longitude': '-39.9086'}, 'timezone': {'offset': '-12:00', 'description': 'Eniwetok, Kwajalein'}}, 'email': 'radoslav.kmicikevich@example.com', 'login': {'uuid': 'b60c2f4d-c108-4925-9606-e9612bfb138b', 'username': 'angrygorilla911', 'password': 'gordon24', 'salt': 'UgdFMkxZ', 'md5': '8be741ff616647cf72b776de95572c52', 'sha1': 'fdb583c13dc2fa0ae76865bef1f8adfe2a60dd26', 'sha256': '3c2b69dce604ba95fc50b5ef712d7185b83912da930462a4214f26e06f4ff6c2'}, 'dob': {'date': '1978-05-24T07:24:53.558Z', 'age': 45}, 'registered': {'date': '2010-01-16T11:21:18.691Z', 'age': 14}, 'phone': '(067) R97-1156', 'cell': '(097) Q42-3613', 'id': {'name': '', 'value': None}, 'picture': {'large': 'https://randomuser.me/api/portraits/men/11.jpg', 'medium': 'https://randomuser.me/api/portraits/med/men/11.jpg', 'thumbnail': 'https://randomuser.me/api/portraits/thumb/men/11.jpg'}, 'nat': 'UA'}</msg>
<arg>${json_data['results'][0]}</arg>
<doc>Logs the given message with the given level.</doc>
<status status="PASS" start="2024-05-03T06:19:00.227247" elapsed="0.000424"/>
</kw>
<kw name="Log" owner="BuiltIn">
<msg time="2024-05-03T06:19:00.228099" level="INFO">gender</msg>
<arg>${key}</arg>
<doc>Logs the given message with the given level.</doc>
<status status="PASS" start="2024-05-03T06:19:00.227968" elapsed="0.000169"/>
</kw>
<var name="${key}">gender</var>
<status status="PASS" start="2024-05-03T06:19:00.226383" elapsed="0.001971"/>
</iter>
<iter>
<kw name="Dictionary Should Contain Key" owner="Collections">
<msg time="2024-05-03T06:19:00.229045" level="INFO">False</msg>
<arg>${json_data['results'][0]}</arg>
<arg>${key}</arg>
<doc>Fails if ``key`` is not found from ``dictionary``.</doc>
<status status="PASS" start="2024-05-03T06:19:00.228658" elapsed="0.000425"/>
</kw>
<kw name="Log" owner="BuiltIn">
<msg time="2024-05-03T06:19:00.229806" level="INFO">{'gender': 'male', 'name': {'title': 'Mr', 'first': 'Radoslav', 'last': 'Kmicikevich'}, 'location': {'street': {'number': 8123, 'name': 'Buznika'}, 'city': 'Chortkiv', 'state': 'Zaporizka', 'country': 'Ukraine', 'postcode': 87900, 'coordinates': {'latitude': '75.5583', 'longitude': '-39.9086'}, 'timezone': {'offset': '-12:00', 'description': 'Eniwetok, Kwajalein'}}, 'email': 'radoslav.kmicikevich@example.com', 'login': {'uuid': 'b60c2f4d-c108-4925-9606-e9612bfb138b', 'username': 'angrygorilla911', 'password': 'gordon24', 'salt': 'UgdFMkxZ', 'md5': '8be741ff616647cf72b776de95572c52', 'sha1': 'fdb583c13dc2fa0ae76865bef1f8adfe2a60dd26', 'sha256': '3c2b69dce604ba95fc50b5ef712d7185b83912da930462a4214f26e06f4ff6c2'}, 'dob': {'date': '1978-05-24T07:24:53.558Z', 'age': 45}, 'registered': {'date': '2010-01-16T11:21:18.691Z', 'age': 14}, 'phone': '(067) R97-1156', 'cell': '(097) Q42-3613', 'id': {'name': '', 'value': None}, 'picture': {'large': 'https://randomuser.me/api/portraits/men/11.jpg', 'medium': 'https://randomuser.me/api/portraits/med/men/11.jpg', 'thumbnail': 'https://randomuser.me/api/portraits/thumb/men/11.jpg'}, 'nat': 'UA'}</msg>
<arg>${json_data['results'][0]}</arg>
<doc>Logs the given message with the given level.</doc>
<status status="PASS" start="2024-05-03T06:19:00.229408" elapsed="0.000465"/>
</kw>
<kw name="Log" owner="BuiltIn">
<msg time="2024-05-03T06:19:00.230306" level="INFO">name</msg>
<arg>${key}</arg>
<doc>Logs the given message with the given level.</doc>
<status status="PASS" start="2024-05-03T06:19:00.230178" elapsed="0.000166"/>
</kw>
<var name="${key}">name</var>
<status status="PASS" start="2024-05-03T06:19:00.228542" elapsed="0.002017"/>
</iter>
<iter>
<kw name="Dictionary Should Contain Key" owner="Collections">
<msg time="2024-05-03T06:19:00.231244" level="INFO">False</msg>
<arg>${json_data['results'][0]}</arg>
<arg>${key}</arg>
<doc>Fails if ``key`` is not found from ``dictionary``.</doc>
<status status="PASS" start="2024-05-03T06:19:00.230857" elapsed="0.000425"/>
</kw>
<kw name="Log" owner="BuiltIn">
<msg time="2024-05-03T06:19:00.231941" level="INFO">{'gender': 'male', 'name': {'title': 'Mr', 'first': 'Radoslav', 'last': 'Kmicikevich'}, 'location': {'street': {'number': 8123, 'name': 'Buznika'}, 'city': 'Chortkiv', 'state': 'Zaporizka', 'country': 'Ukraine', 'postcode': 87900, 'coordinates': {'latitude': '75.5583', 'longitude': '-39.9086'}, 'timezone': {'offset': '-12:00', 'description': 'Eniwetok, Kwajalein'}}, 'email': 'radoslav.kmicikevich@example.com', 'login': {'uuid': 'b60c2f4d-c108-4925-9606-e9612bfb138b', 'username': 'angrygorilla911', 'password': 'gordon24', 'salt': 'UgdFMkxZ', 'md5': '8be741ff616647cf72b776de95572c52', 'sha1': 'fdb583c13dc2fa0ae76865bef1f8adfe2a60dd26', 'sha256': '3c2b69dce604ba95fc50b5ef712d7185b83912da930462a4214f26e06f4ff6c2'}, 'dob': {'date': '1978-05-24T07:24:53.558Z', 'age': 45}, 'registered': {'date': '2010-01-16T11:21:18.691Z', 'age': 14}, 'phone': '(067) R97-1156', 'cell': '(097) Q42-3613', 'id': {'name': '', 'value': None}, 'picture': {'large': 'https://randomuser.me/api/portraits/men/11.jpg', 'medium': 'https://randomuser.me/api/portraits/med/men/11.jpg', 'thumbnail': 'https://randomuser.me/api/portraits/thumb/men/11.jpg'}, 'nat': 'UA'}</msg>
<arg>${json_data['results'][0]}</arg>
<doc>Logs the given message with the given level.</doc>
<status status="PASS" start="2024-05-03T06:19:00.231580" elapsed="0.000408"/>
</kw>
<kw name="Log" owner="BuiltIn">
<msg time="2024-05-03T06:19:00.232410" level="INFO">location</msg>
<arg>${key}</arg>
<doc>Logs the given message with the given level.</doc>
<status status="PASS" start="2024-05-03T06:19:00.232283" elapsed="0.000165"/>
</kw>
<var name="${key}">location</var>
<status status="PASS" start="2024-05-03T06:19:00.230742" elapsed="0.001921"/>
</iter>
<iter>
<kw name="Dictionary Should Contain Key" owner="Collections">
<msg time="2024-05-03T06:19:00.233332" level="INFO">False</msg>
<arg>${json_data['results'][0]}</arg>
<arg>${key}</arg>
<doc>Fails if ``key`` is not found from ``dictionary``.</doc>
<status status="PASS" start="2024-05-03T06:19:00.232947" elapsed="0.000422"/>
</kw>
<kw name="Log" owner="BuiltIn">
<msg time="2024-05-03T06:19:00.234055" level="INFO">{'gender': 'male', 'name': {'title': 'Mr', 'first': 'Radoslav', 'last': 'Kmicikevich'}, 'location': {'street': {'number': 8123, 'name': 'Buznika'}, 'city': 'Chortkiv', 'state': 'Zaporizka', 'country': 'Ukraine', 'postcode': 87900, 'coordinates': {'latitude': '75.5583', 'longitude': '-39.9086'}, 'timezone': {'offset': '-12:00', 'description': 'Eniwetok, Kwajalein'}}, 'email': 'radoslav.kmicikevich@example.com', 'login': {'uuid': 'b60c2f4d-c108-4925-9606-e9612bfb138b', 'username': 'angrygorilla911', 'password': 'gordon24', 'salt': 'UgdFMkxZ', 'md5': '8be741ff616647cf72b776de95572c52', 'sha1': 'fdb583c13dc2fa0ae76865bef1f8adfe2a60dd26', 'sha256': '3c2b69dce604ba95fc50b5ef712d7185b83912da930462a4214f26e06f4ff6c2'}, 'dob': {'date': '1978-05-24T07:24:53.558Z', 'age': 45}, 'registered': {'date': '2010-01-16T11:21:18.691Z', 'age': 14}, 'phone': '(067) R97-1156', 'cell': '(097) Q42-3613', 'id': {'name': '', 'value': None}, 'picture': {'large': 'https://randomuser.me/api/portraits/men/11.jpg', 'medium': 'https://randomuser.me/api/portraits/med/men/11.jpg', 'thumbnail': 'https://randomuser.me/api/portraits/thumb/men/11.jpg'}, 'nat': 'UA'}</msg>
<arg>${json_data['results'][0]}</arg>
<doc>Logs the given message with the given level.</doc>
<status status="PASS" start="2024-05-03T06:19:00.233665" elapsed="0.000438"/>
</kw>
<kw name="Log" owner="BuiltIn">
<msg time="2024-05-03T06:19:00.234524" level="INFO">email</msg>
<arg>${key}</arg>
<doc>Logs the given message with the given level.</doc>
<status status="PASS" start="2024-05-03T06:19:00.234398" elapsed="0.000163"/>
</kw>
<var name="${key}">email</var>
<status status="PASS" start="2024-05-03T06:19:00.232837" elapsed="0.001940"/>
</iter>
<iter>
<kw name="Dictionary Should Contain Key" owner="Collections">
<msg time="2024-05-03T06:19:00.235450" level="INFO">False</msg>
<arg>${json_data['results'][0]}</arg>
<arg>${key}</arg>
<doc>Fails if ``key`` is not found from ``dictionary``.</doc>
<status status="PASS" start="2024-05-03T06:19:00.235060" elapsed="0.000428"/>
</kw>
<kw name="Log" owner="BuiltIn">
<msg time="2024-05-03T06:19:00.236147" level="INFO">{'gender': 'male', 'name': {'title': 'Mr', 'first': 'Radoslav', 'last': 'Kmicikevich'}, 'location': {'street': {'number': 8123, 'name': 'Buznika'}, 'city': 'Chortkiv', 'state': 'Zaporizka', 'country': 'Ukraine', 'postcode': 87900, 'coordinates': {'latitude': '75.5583', 'longitude': '-39.9086'}, 'timezone': {'offset': '-12:00', 'description': 'Eniwetok, Kwajalein'}}, 'email': 'radoslav.kmicikevich@example.com', 'login': {'uuid': 'b60c2f4d-c108-4925-9606-e9612bfb138b', 'username': 'angrygorilla911', 'password': 'gordon24', 'salt': 'UgdFMkxZ', 'md5': '8be741ff616647cf72b776de95572c52', 'sha1': 'fdb583c13dc2fa0ae76865bef1f8adfe2a60dd26', 'sha256': '3c2b69dce604ba95fc50b5ef712d7185b83912da930462a4214f26e06f4ff6c2'}, 'dob': {'date': '1978-05-24T07:24:53.558Z', 'age': 45}, 'registered': {'date': '2010-01-16T11:21:18.691Z', 'age': 14}, 'phone': '(067) R97-1156', 'cell': '(097) Q42-3613', 'id': {'name': '', 'value': None}, 'picture': {'large': 'https://randomuser.me/api/portraits/men/11.jpg', 'medium': 'https://randomuser.me/api/portraits/med/men/11.jpg', 'thumbnail': 'https://randomuser.me/api/portraits/thumb/men/11.jpg'}, 'nat': 'UA'}</msg>
<arg>${json_data['results'][0]}</arg>
<doc>Logs the given message with the given level.</doc>
<status status="PASS" start="2024-05-03T06:19:00.235780" elapsed="0.000415"/>
</kw>
<kw name="Log" owner="BuiltIn">
<msg time="2024-05-03T06:19:00.236619" level="INFO">login</msg>
<arg>${key}</arg>
<doc>Logs the given message with the given level.</doc>
<status status="PASS" start="2024-05-03T06:19:00.236491" elapsed="0.000165"/>
</kw>
<var name="${key}">login</var>
<status status="PASS" start="2024-05-03T06:19:00.234949" elapsed="0.001922"/>
</iter>
<var>${key}</var>
<value>@{expected_keys}</value>
<status status="PASS" start="2024-05-03T06:19:00.226196" elapsed="0.010831"/>
</for>
<kw name="Create List" owner="BuiltIn">
<msg time="2024-05-03T06:19:00.237366" level="INFO">${expected_keysTwo} = ['username', 'password']</msg>
<var>${expected_keysTwo}</var>
<arg>username</arg>
<arg>password</arg>
<doc>Returns a list containing given items.</doc>
<status status="PASS" start="2024-05-03T06:19:00.237228" elapsed="0.000163"/>
</kw>
<for flavor="IN">
<iter>
<kw name="Dictionary Should Contain Key" owner="Collections">
<msg time="2024-05-03T06:19:00.238337" level="INFO">False</msg>
<arg>${json_data['results'][0]['login']}</arg>
<arg>${keyTwo}</arg>
<doc>Fails if ``key`` is not found from ``dictionary``.</doc>
<status status="PASS" start="2024-05-03T06:19:00.237931" elapsed="0.000444"/>
</kw>
<kw name="Dictionary Should Contain Key" owner="Collections">
<msg time="2024-05-03T06:19:00.239061" level="INFO">False</msg>
<arg>${json_data['results'][0]['login']}</arg>
<arg>${keyTwo}</arg>
<doc>Fails if ``key`` is not found from ``dictionary``.</doc>
<status status="PASS" start="2024-05-03T06:19:00.238671" elapsed="0.000428"/>
</kw>
<kw name="Log" owner="BuiltIn">
<msg time="2024-05-03T06:19:00.239526" level="INFO">username</msg>
<arg>${keyTwo}</arg>
<doc>Logs the given message with the given level.</doc>
<status status="PASS" start="2024-05-03T06:19:00.239397" elapsed="0.000175"/>
</kw>
<var name="${keyTwo}">username</var>
<status status="PASS" start="2024-05-03T06:19:00.237814" elapsed="0.001972"/>
</iter>
<iter>
<kw name="Dictionary Should Contain Key" owner="Collections">
<msg time="2024-05-03T06:19:00.240452" level="INFO">False</msg>
<arg>${json_data['results'][0]['login']}</arg>
<arg>${keyTwo}</arg>
<doc>Fails if ``key`` is not found from ``dictionary``.</doc>
<status status="PASS" start="2024-05-03T06:19:00.240072" elapsed="0.000417"/>
</kw>
<kw name="Dictionary Should Contain Key" owner="Collections">
<msg time="2024-05-03T06:19:00.241249" level="INFO">False</msg>
<arg>${json_data['results'][0]['login']}</arg>
<arg>${keyTwo}</arg>
<doc>Fails if ``key`` is not found from ``dictionary``.</doc>
<status status="PASS" start="2024-05-03T06:19:00.240785" elapsed="0.000502"/>
</kw>
<kw name="Log" owner="BuiltIn">
<msg time="2024-05-03T06:19:00.241712" level="INFO">password</msg>
<arg>${keyTwo}</arg>
<doc>Logs the given message with the given level.</doc>
<status status="PASS" start="2024-05-03T06:19:00.241583" elapsed="0.000191"/>
</kw>
<var name="${keyTwo}">password</var>
<status status="PASS" start="2024-05-03T06:19:00.239958" elapsed="0.002045"/>
</iter>
<var>${keyTwo}</var>
<value>@{expected_keysTwo}</value>
<status status="PASS" start="2024-05-03T06:19:00.237626" elapsed="0.004516"/>
</for>
<status status="PASS" start="2024-05-03T06:19:00.130418" elapsed="0.111862"/>
</kw>
<doc>Testa a estrutura da resposta da API.</doc>
<tag>testeEstruturaResposta</tag>
<status status="PASS" start="2024-05-03T06:19:00.129823" elapsed="0.112606"/>
</test>
<test id="s1-s1-t4" name="Validar tipos de dados" line="28">
<kw name="Teste de Tipos de Dados" owner="random-user-service">
<kw name="GET On Session" owner="RequestsLibrary">
<msg time="2024-05-03T06:19:00.323100" level="INFO">GET Request : url=https://randomuser.me/api 
 path_url=/api 
 headers={'User-Agent': 'python-requests/2.31.0', 'Accept-Encoding': 'gzip, deflate', 'Accept': '*/*', 'Connection': 'keep-alive'} 
 body=None 
 </msg>
<msg time="2024-05-03T06:19:00.323184" level="INFO">GET Response : url=https://randomuser.me/api 
 status=200, reason=OK 
 headers={'Date': 'Fri, 03 May 2024 06:19:00 GMT', 'Content-Type': 'application/json; charset=utf-8', 'Transfer-Encoding': 'chunked', 'Connection': 'keep-alive', 'X-Powered-By': 'Express', 'Access-Control-Allow-Origin': '*', 'Cache-Control': 'no-cache', 'ETag': 'W/"49f-cPKJteVeqGRjFXpMrOB/d8tK/+0"', 'Vary': 'Accept-Encoding', 'Content-Encoding': 'gzip', 'CF-Cache-Status': 'DYNAMIC', 'Report-To': '{"endpoints":[{"url":"https:\\/\\/a.nel.cloudflare.com\\/report\\/v4?s=Mbw7%2B6K%2FlX%2FaO7RgeLoBJZU6Z0d04619b3gAlIWI%2BVLeIQ%2B6VBdFiLhyAMK6I9LK3E3W8M5OiThKNO1z8l%2FcM9DwQGNX2KvIEg2T%2F6jzcMidwYUyUYTKyr8TGoF2I3Yy"}],"group":"cf-nel","max_age":604800}', 'NEL': '{"success_fraction":0,"report_to":"cf-nel","max_age":604800}', 'Server': 'cloudflare', 'CF-RAY': '87de230e88ac8f4e-ORD', 'alt-svc': 'h3=":443"; ma=86400'} 
 body={"results":[{"gender":"female","name":{"title":"Miss","first":"Jesús","last":"Herrero"},"location":{"street":{"number":1475,"name":"Calle de Ángel García"},"city":"Guadalajara","state":"Región de Murcia","country":"Spain","postcode":88489,"coordinates":{"latitude":"-36.1281","longitude":"39.4208"},"timezone":{"offset":"-11:00","description":"Midway Island, Samoa"}},"email":"jesus.herrero@example.com","login":{"uuid":"76312b5f-d57e-4d59-8b79-43caea245b7c","username":"organicelephant297","password":"install","salt":"tC5ZvJdU","md5":"4d1548a86ffcf5453a7ecb97ca150f38","sha1":"d8639975f6ce2290ddac061b2ed3c700d5e4b4b0","sha256":"302a8c013c509b504a7b1f4435abbb6017befec79009378d932a96d10095493f"},"dob":{"date":"1989-09-19T16:34:41.916Z","age":34},"registered":{"date":"2014-12-16T18:23:25.047Z","age":9},"phone":"961-236-488","cell":"641-872-086","id":{"name":"DNI","value":"02438384-S"},"picture":{"large":"https://randomuser.me/api/portraits/women/87.jpg","medium":"https://randomuser.me/api/portraits/med/women/87.jpg","thumbnail":"https://randomuser.me/api/portraits/thumb/women/87.jpg"},"nat":"ES"}],"info":{"seed":"5b481ec279a061af","results":1,"page":1,"version":"1.4"}} 
 </msg>
<msg time="2024-05-03T06:19:00.323263" level="INFO">/opt/hostedtoolcache/Python/3.12.3/x64/lib/python3.12/site-packages/urllib3/connectionpool.py:1103: InsecureRequestWarning: Unverified HTTPS request is being made to host 'randomuser.me'. Adding certificate verification is strongly advised. See: https://urllib3.readthedocs.io/en/latest/advanced-usage.html#tls-warnings
  warnings.warn(</msg>
<msg time="2024-05-03T06:19:00.323400" level="INFO">${response} = &lt;Response [200]&gt;</msg>
<var>${response}</var>
<arg>consultarAPI</arg>
<arg>/api</arg>
<doc>Sends a GET request on a previously created HTTP Session.</doc>
<status status="PASS" start="2024-05-03T06:19:00.244963" elapsed="0.078494"/>
</kw>
<kw name="Set Variable" owner="BuiltIn">
<msg time="2024-05-03T06:19:00.324351" level="INFO">${json_data} = {'results': [{'gender': 'female', 'name': {'title': 'Miss', 'first': 'Jesús', 'last': 'Herrero'}, 'location': {'street': {'number': 1475, 'name': 'Calle de Ángel García'}, 'city': 'Guadalajara', 'stat...</msg>
<var>${json_data}</var>
<arg>${response.json()}</arg>
<doc>Returns the given values which can then be assigned to a variables.</doc>
<status status="PASS" start="2024-05-03T06:19:00.323865" elapsed="0.000516"/>
</kw>
<kw name="Log" owner="BuiltIn">
<msg time="2024-05-03T06:19:00.324855" level="INFO">{'results': [{'gender': 'female', 'name': {'title': 'Miss', 'first': 'Jesús', 'last': 'Herrero'}, 'location': {'street': {'number': 1475, 'name': 'Calle de Ángel García'}, 'city': 'Guadalajara', 'state': 'Región de Murcia', 'country': 'Spain', 'postcode': 88489, 'coordinates': {'latitude': '-36.1281', 'longitude': '39.4208'}, 'timezone': {'offset': '-11:00', 'description': 'Midway Island, Samoa'}}, 'email': 'jesus.herrero@example.com', 'login': {'uuid': '76312b5f-d57e-4d59-8b79-43caea245b7c', 'username': 'organicelephant297', 'password': 'install', 'salt': 'tC5ZvJdU', 'md5': '4d1548a86ffcf5453a7ecb97ca150f38', 'sha1': 'd8639975f6ce2290ddac061b2ed3c700d5e4b4b0', 'sha256': '302a8c013c509b504a7b1f4435abbb6017befec79009378d932a96d10095493f'}, 'dob': {'date': '1989-09-19T16:34:41.916Z', 'age': 34}, 'registered': {'date': '2014-12-16T18:23:25.047Z', 'age': 9}, 'phone': '961-236-488', 'cell': '641-872-086', 'id': {'name': 'DNI', 'value': '02438384-S'}, 'picture': {'large': 'https://randomuser.me/api/portraits/women/87.jpg', 'medium': 'https://randomuser.me/api/portraits/med/women/87.jpg', 'thumbnail': 'https://randomuser.me/api/portraits/thumb/women/87.jpg'}, 'nat': 'ES'}], 'info': {'seed': '5b481ec279a061af', 'results': 1, 'page': 1, 'version': '1.4'}}</msg>
<arg>${json_data}</arg>
<doc>Logs the given message with the given level.</doc>
<status status="PASS" start="2024-05-03T06:19:00.324695" elapsed="0.000242"/>
</kw>
<kw name="Should Be String" owner="String">
<arg>${json_data['results'][0]['gender']}</arg>
<doc>Fails if the given ``item`` is not a string.</doc>
<status status="PASS" start="2024-05-03T06:19:00.325244" elapsed="0.000373"/>
</kw>
<kw name="Should Match Regexp" owner="BuiltIn">
<arg>${json_data['results'][0]['email']}</arg>
<arg>^[a-zA-Z0-9._%+-]+@[a-zA-Z0-9.-]+\.[a-zA-Z]{2,}$</arg>
<doc>Fails if ``string`` does not match ``pattern`` as a regular expression.</doc>
<status status="PASS" start="2024-05-03T06:19:00.325873" elapsed="0.000529"/>
</kw>
<kw name="Should Match Regexp" owner="BuiltIn">
<arg>${json_data['results'][0]['dob']['date']}</arg>
<arg>\\d{4}-\\d{2}-\\d{2}T\\d{2}:\\d{2}:\\d{2}\\.\\d{3}Z</arg>
<doc>Fails if ``string`` does not match ``pattern`` as a regular expression.</doc>
<status status="PASS" start="2024-05-03T06:19:00.326602" elapsed="0.000496"/>
</kw>
<kw name="Should Match Regexp" owner="BuiltIn">
<arg>${json_data['results'][0]['registered']['date']}</arg>
<arg>\\d{4}-\\d{2}-\\d{2}T\\d{2}:\\d{2}:\\d{2}\\.\\d{3}Z</arg>
<doc>Fails if ``string`` does not match ``pattern`` as a regular expression.</doc>
<status status="PASS" start="2024-05-03T06:19:00.327292" elapsed="0.000367"/>
</kw>
<kw name="Should Match Regexp" owner="BuiltIn">
<arg>${json_data['results'][0]['picture']['large']}</arg>
<arg>^https?://.*\.(?:png|jpe?g|gif|bmp)$</arg>
<doc>Fails if ``string`` does not match ``pattern`` as a regular expression.</doc>
<status status="PASS" start="2024-05-03T06:19:00.327849" elapsed="0.000466"/>
</kw>
<kw name="Should Match Regexp" owner="BuiltIn">
<arg>${json_data['results'][0]['picture']['medium']}</arg>
<arg>^https?://.*\.(?:png|jpe?g|gif|bmp)$</arg>
<doc>Fails if ``string`` does not match ``pattern`` as a regular expression.</doc>
<status status="PASS" start="2024-05-03T06:19:00.328506" elapsed="0.000362"/>
</kw>
<kw name="Should Match Regexp" owner="BuiltIn">
<arg>${json_data['results'][0]['picture']['thumbnail']}</arg>
<arg>^https?://.*\.(?:png|jpe?g|gif|bmp)$</arg>
<doc>Fails if ``string`` does not match ``pattern`` as a regular expression.</doc>
<status status="PASS" start="2024-05-03T06:19:00.329058" elapsed="0.000358"/>
</kw>
<kw name="Log" owner="BuiltIn">
<msg time="2024-05-03T06:19:00.329950" level="INFO">{'large': 'https://randomuser.me/api/portraits/women/87.jpg', 'medium': 'https://randomuser.me/api/portraits/med/women/87.jpg', 'thumbnail': 'https://randomuser.me/api/portraits/thumb/women/87.jpg'}</msg>
<arg>${json_data['results'][0]['picture']}</arg>
<doc>Logs the given message with the given level.</doc>
<status status="PASS" start="2024-05-03T06:19:00.329595" elapsed="0.000397"/>
</kw>
<status status="PASS" start="2024-05-03T06:19:00.244737" elapsed="0.085534"/>
</kw>
<kw name="Teste de Tipos de Dados - Postcode" owner="random-user-service">
<kw name="GET On Session" owner="RequestsLibrary">
<msg time="2024-05-03T06:19:00.432481" level="INFO">GET Request : url=https://randomuser.me/api 
 path_url=/api 
 headers={'User-Agent': 'python-requests/2.31.0', 'Accept-Encoding': 'gzip, deflate', 'Accept': '*/*', 'Connection': 'keep-alive'} 
 body=None 
 </msg>
<msg time="2024-05-03T06:19:00.432561" level="INFO">GET Response : url=https://randomuser.me/api 
 status=200, reason=OK 
 headers={'Date': 'Fri, 03 May 2024 06:19:00 GMT', 'Content-Type': 'application/json; charset=utf-8', 'Transfer-Encoding': 'chunked', 'Connection': 'keep-alive', 'X-Powered-By': 'Express', 'Access-Control-Allow-Origin': '*', 'Cache-Control': 'no-cache', 'ETag': 'W/"484-Cudd0SY2Ai5fMphSo5ofxsHKx30"', 'Vary': 'Accept-Encoding', 'Content-Encoding': 'gzip', 'CF-Cache-Status': 'DYNAMIC', 'Report-To': '{"endpoints":[{"url":"https:\\/\\/a.nel.cloudflare.com\\/report\\/v4?s=uWN5wfHMG08YI6qmRz9TvKdJlJPPWTPH4UXOi%2BNROo%2B0svbz9orud1U05PiLEAS2ahVwfA6IwJ6tUAp4LiaeN2VKW3GLu6%2BJl3OKXw3QKKBmjD22jSKlclzZiIiET1IV"}],"group":"cf-nel","max_age":604800}', 'NEL': '{"success_fraction":0,"report_to":"cf-nel","max_age":604800}', 'Server': 'cloudflare', 'CF-RAY': '87de230f19018f4e-ORD', 'alt-svc': 'h3=":443"; ma=86400'} 
 body={"results":[{"gender":"female","name":{"title":"Miss","first":"Vilma","last":"Leino"},"location":{"street":{"number":1154,"name":"Aleksanterinkatu"},"city":"Multia","state":"Ostrobothnia","country":"Finland","postcode":73214,"coordinates":{"latitude":"-21.8636","longitude":"90.1097"},"timezone":{"offset":"-9:00","description":"Alaska"}},"email":"vilma.leino@example.com","login":{"uuid":"f8211087-bcb1-4da5-ad6f-3de175bce122","username":"yellowelephant868","password":"guitar","salt":"XTeZNvk2","md5":"21f27480104160e1db6789024f2e141a","sha1":"93786bbf264375cbef71863edb253457c4ede3b0","sha256":"83567adc2bff4fe67b05b35617d73cd2157e3dd177d3ac5fe94223307ede05ab"},"dob":{"date":"1995-01-07T14:51:01.195Z","age":29},"registered":{"date":"2004-09-14T06:11:20.617Z","age":19},"phone":"04-779-011","cell":"043-182-09-20","id":{"name":"HETU","value":"NaNNA364undefined"},"picture":{"large":"https://randomuser.me/api/portraits/women/47.jpg","medium":"https://randomuser.me/api/portraits/med/women/47.jpg","thumbnail":"https://randomuser.me/api/portraits/thumb/women/47.jpg"},"nat":"FI"}],"info":{"seed":"da14b36d962b168a","results":1,"page":1,"version":"1.4"}} 
 </msg>
<msg time="2024-05-03T06:19:00.432632" level="INFO">/opt/hostedtoolcache/Python/3.12.3/x64/lib/python3.12/site-packages/urllib3/connectionpool.py:1103: InsecureRequestWarning: Unverified HTTPS request is being made to host 'randomuser.me'. Adding certificate verification is strongly advised. See: https://urllib3.readthedocs.io/en/latest/advanced-usage.html#tls-warnings
  warnings.warn(</msg>
<msg time="2024-05-03T06:19:00.432762" level="INFO">${response} = &lt;Response [200]&gt;</msg>
<var>${response}</var>
<arg>consultarAPI</arg>
<arg>/api</arg>
<doc>Sends a GET request on a previously created HTTP Session.</doc>
<status status="PASS" start="2024-05-03T06:19:00.330708" elapsed="0.102098"/>
</kw>
<kw name="Set Variable" owner="BuiltIn">
<msg time="2024-05-03T06:19:00.433629" level="INFO">${json_data} = {'results': [{'gender': 'female', 'name': {'title': 'Miss', 'first': 'Vilma', 'last': 'Leino'}, 'location': {'street': {'number': 1154, 'name': 'Aleksanterinkatu'}, 'city': 'Multia', 'state': 'Ostrobo...</msg>
<var>${json_data}</var>
<arg>${response.json()}</arg>
<doc>Returns the given values which can then be assigned to a variables.</doc>
<status status="PASS" start="2024-05-03T06:19:00.433161" elapsed="0.000495"/>
</kw>
<kw name="Log" owner="BuiltIn">
<msg time="2024-05-03T06:19:00.434152" level="INFO">{'results': [{'gender': 'female', 'name': {'title': 'Miss', 'first': 'Vilma', 'last': 'Leino'}, 'location': {'street': {'number': 1154, 'name': 'Aleksanterinkatu'}, 'city': 'Multia', 'state': 'Ostrobothnia', 'country': 'Finland', 'postcode': 73214, 'coordinates': {'latitude': '-21.8636', 'longitude': '90.1097'}, 'timezone': {'offset': '-9:00', 'description': 'Alaska'}}, 'email': 'vilma.leino@example.com', 'login': {'uuid': 'f8211087-bcb1-4da5-ad6f-3de175bce122', 'username': 'yellowelephant868', 'password': 'guitar', 'salt': 'XTeZNvk2', 'md5': '21f27480104160e1db6789024f2e141a', 'sha1': '93786bbf264375cbef71863edb253457c4ede3b0', 'sha256': '83567adc2bff4fe67b05b35617d73cd2157e3dd177d3ac5fe94223307ede05ab'}, 'dob': {'date': '1995-01-07T14:51:01.195Z', 'age': 29}, 'registered': {'date': '2004-09-14T06:11:20.617Z', 'age': 19}, 'phone': '04-779-011', 'cell': '043-182-09-20', 'id': {'name': 'HETU', 'value': 'NaNNA364undefined'}, 'picture': {'large': 'https://randomuser.me/api/portraits/women/47.jpg', 'medium': 'https://randomuser.me/api/portraits/med/women/47.jpg', 'thumbnail': 'https://randomuser.me/api/portraits/thumb/women/47.jpg'}, 'nat': 'FI'}], 'info': {'seed': 'da14b36d962b168a', 'results': 1, 'page': 1, 'version': '1.4'}}</msg>
<arg>${json_data}</arg>
<doc>Logs the given message with the given level.</doc>
<status status="PASS" start="2024-05-03T06:19:00.434001" elapsed="0.000232"/>
</kw>
<kw name="Should Be Equal As Numbers" owner="BuiltIn">
<arg>${json_data['results'][0]['location']['postcode']}</arg>
<arg>${json_data['results'][0]['location']['postcode']}</arg>
<doc>Fails if objects are unequal after converting them to real numbers.</doc>
<status status="PASS" start="2024-05-03T06:19:00.434532" elapsed="0.000771"/>
</kw>
<kw name="Log" owner="BuiltIn">
<msg time="2024-05-03T06:19:00.435840" level="INFO">73214</msg>
<arg>${json_data['results'][0]['location']['postcode']}</arg>
<doc>Logs the given message with the given level.</doc>
<status status="PASS" start="2024-05-03T06:19:00.435499" elapsed="0.000381"/>
</kw>
<status status="PASS" start="2024-05-03T06:19:00.330488" elapsed="0.105643"/>
</kw>
<doc>Testa se os tipos de dados na resposta da API estão corretos.</doc>
<tag>testeTiposDados</tag>
<status status="PASS" start="2024-05-03T06:19:00.244197" elapsed="0.192097"/>
</test>
<test id="s1-s1-t5" name="Validar conteudo" line="35">
<kw name="Teste de Tipos de Conteudo" owner="random-user-service">
<kw name="GET On Session" owner="RequestsLibrary">
<msg time="2024-05-03T06:19:00.808672" level="INFO">GET Request : url=https://randomuser.me/api 
 path_url=/api 
 headers={'User-Agent': 'python-requests/2.31.0', 'Accept-Encoding': 'gzip, deflate', 'Accept': '*/*', 'Connection': 'keep-alive'} 
 body=None 
 </msg>
<msg time="2024-05-03T06:19:00.808745" level="INFO">GET Response : url=https://randomuser.me/api 
 status=200, reason=OK 
 headers={'Date': 'Fri, 03 May 2024 06:19:00 GMT', 'Content-Type': 'application/json; charset=utf-8', 'Transfer-Encoding': 'chunked', 'Connection': 'keep-alive', 'X-Powered-By': 'Express', 'Access-Control-Allow-Origin': '*', 'Cache-Control': 'no-cache', 'ETag': 'W/"499-TmJGPJnqBNyPLX4FybXEwEw+VAQ"', 'Vary': 'Accept-Encoding', 'Content-Encoding': 'gzip', 'CF-Cache-Status': 'DYNAMIC', 'Report-To': '{"endpoints":[{"url":"https:\\/\\/a.nel.cloudflare.com\\/report\\/v4?s=u%2F%2BaOsqqEnX46jlgOmC20TNfU0uqSvp3s7FUM4ZQ7mEQh%2FFmcuAy%2BGsVqeD%2FxBTtvsaU7tpe5AxyCVFQsNV9V482qwXq6k14B3wHXqMLjtbh9Nzf6iqutLNE5d6Z9Wln"}],"group":"cf-nel","max_age":604800}', 'NEL': '{"success_fraction":0,"report_to":"cf-nel","max_age":604800}', 'Server': 'cloudflare', 'CF-RAY': '87de230fc96f8f4e-ORD', 'alt-svc': 'h3=":443"; ma=86400'} 
 body={"results":[{"gender":"male","name":{"title":"Mr","first":"Carlos","last":"Navarro"},"location":{"street":{"number":4307,"name":"Ronda de Toledo"},"city":"Vitoria","state":"Castilla y León","country":"Spain","postcode":28843,"coordinates":{"latitude":"-31.1656","longitude":"-165.2239"},"timezone":{"offset":"-5:00","description":"Eastern Time (US &amp; Canada), Bogota, Lima"}},"email":"carlos.navarro@example.com","login":{"uuid":"3a36ff53-bf74-45d1-b6c2-25771d3d5990","username":"smalldog227","password":"greenday","salt":"S0Cpu1gC","md5":"826b0999651cd3f7fb952e64fa8063d4","sha1":"efd26b761fa989ca00860f086246769a1b4157bb","sha256":"b05b7bb10e934fb14dcf112be17eeb5aaacaa8a77cfd2d0c5c764332e5526bce"},"dob":{"date":"1963-09-28T13:54:23.292Z","age":60},"registered":{"date":"2011-08-03T02:22:19.838Z","age":12},"phone":"908-283-550","cell":"640-207-908","id":{"name":"DNI","value":"36025935-M"},"picture":{"large":"https://randomuser.me/api/portraits/men/48.jpg","medium":"https://randomuser.me/api/portraits/med/men/48.jpg","thumbnail":"https://randomuser.me/api/portraits/thumb/men/48.jpg"},"nat":"ES"}],"info":{"seed":"cba43b87cb0c0794","results":1,"page":1,"version":"1.4"}} 
 </msg>
<msg time="2024-05-03T06:19:00.808812" level="INFO">/opt/hostedtoolcache/Python/3.12.3/x64/lib/python3.12/site-packages/urllib3/connectionpool.py:1103: InsecureRequestWarning: Unverified HTTPS request is being made to host 'randomuser.me'. Adding certificate verification is strongly advised. See: https://urllib3.readthedocs.io/en/latest/advanced-usage.html#tls-warnings
  warnings.warn(</msg>
<msg time="2024-05-03T06:19:00.808912" level="INFO">${response} = &lt;Response [200]&gt;</msg>
<var>${response}</var>
<arg>consultarAPI</arg>
<arg>/api</arg>
<doc>Sends a GET request on a previously created HTTP Session.</doc>
<status status="PASS" start="2024-05-03T06:19:00.439607" elapsed="0.369346"/>
</kw>
<kw name="Set Variable" owner="BuiltIn">
<msg time="2024-05-03T06:19:00.810087" level="INFO">${json_data} = {'results': [{'gender': 'male', 'name': {'title': 'Mr', 'first': 'Carlos', 'last': 'Navarro'}, 'location': {'street': {'number': 4307, 'name': 'Ronda de Toledo'}, 'city': 'Vitoria', 'state': 'Castilla...</msg>
<var>${json_data}</var>
<arg>${response.json()}</arg>
<doc>Returns the given values which can then be assigned to a variables.</doc>
<status status="PASS" start="2024-05-03T06:19:00.809467" elapsed="0.000648"/>
</kw>
<kw name="Set Variable" owner="BuiltIn">
<msg time="2024-05-03T06:19:00.810805" level="INFO">${name_title} = Mr</msg>
<var>${name_title}</var>
<arg>${json_data["results"][0]["name"]["title"]}</arg>
<doc>Returns the given values which can then be assigned to a variables.</doc>
<status status="PASS" start="2024-05-03T06:19:00.810421" elapsed="0.000410"/>
</kw>
<kw name="Create List" owner="BuiltIn">
<msg time="2024-05-03T06:19:00.811278" level="INFO">${allowed_titles} = ['Mr', 'Ms', 'Miss', 'Mrs', 'Madame', 'Monsieur']</msg>
<var>${allowed_titles}</var>
<arg>Mr</arg>
<arg>Ms</arg>
<arg>Miss</arg>
<arg>Mrs</arg>
<arg>Madame</arg>
<arg>Monsieur</arg>
<doc>Returns a list containing given items.</doc>
<status status="PASS" start="2024-05-03T06:19:00.811130" elapsed="0.000172"/>
</kw>
<kw name="List Should Contain Value" owner="Collections">
<msg time="2024-05-03T06:19:00.811771" level="INFO">False</msg>
<arg>${allowed_titles}</arg>
<arg>${name_title}</arg>
<doc>Fails if the ``value`` is not found from ``list``.</doc>
<status status="PASS" start="2024-05-03T06:19:00.811600" elapsed="0.000207"/>
</kw>
<kw name="Set Variable" owner="BuiltIn">
<msg time="2024-05-03T06:19:00.812478" level="INFO">${name_country} = ES</msg>
<var>${name_country}</var>
<arg>${json_data["results"][0]["nat"]}</arg>
<doc>Returns the given values which can then be assigned to a variables.</doc>
<status status="PASS" start="2024-05-03T06:19:00.812096" elapsed="0.000407"/>
</kw>
<kw name="Create List" owner="BuiltIn">
<msg time="2024-05-03T06:19:00.813381" level="INFO">${list_country} = ['AD', 'AE', 'AF', 'AG', 'AI', 'AL', 'AM', 'AO', 'AQ', 'AR', 'AS', 'AT', 'AU', 'AW', 'AX', 'AZ', 'BA', 'BB', 'BD', 'BE', 'BF', 'BG', 'BH', 'BI', 'BJ', 'BL', 'BM', 'BN', 'BO', 'BQ', 'BR', 'BS', 'BT', '...</msg>
<var>${list_country}</var>
<arg>AD</arg>
<arg>AE</arg>
<arg>AF</arg>
<arg>AG</arg>
<arg>AI</arg>
<arg>AL</arg>
<arg>AM</arg>
<arg>AO</arg>
<arg>AQ</arg>
<arg>AR</arg>
<arg>AS</arg>
<arg>AT</arg>
<arg>AU</arg>
<arg>AW</arg>
<arg>AX</arg>
<arg>AZ</arg>
<arg>BA</arg>
<arg>BB</arg>
<arg>BD</arg>
<arg>BE</arg>
<arg>BF</arg>
<arg>BG</arg>
<arg>BH</arg>
<arg>BI</arg>
<arg>BJ</arg>
<arg>BL</arg>
<arg>BM</arg>
<arg>BN</arg>
<arg>BO</arg>
<arg>BQ</arg>
<arg>BR</arg>
<arg>BS</arg>
<arg>BT</arg>
<arg>BV</arg>
<arg>BW</arg>
<arg>BY</arg>
<arg>BZ</arg>
<arg>CA</arg>
<arg>CC</arg>
<arg>CD</arg>
<arg>CF</arg>
<arg>CG</arg>
<arg>CH</arg>
<arg>CI</arg>
<arg>CK</arg>
<arg>CL</arg>
<arg>CM</arg>
<arg>CN</arg>
<arg>CO</arg>
<arg>CR</arg>
<arg>CU</arg>
<arg>CV</arg>
<arg>CW</arg>
<arg>CX</arg>
<arg>CY</arg>
<arg>CZ</arg>
<arg>DE</arg>
<arg>DJ</arg>
<arg>DK</arg>
<arg>DM</arg>
<arg>DO</arg>
<arg>DZ</arg>
<arg>EC</arg>
<arg>EE</arg>
<arg>EG</arg>
<arg>EH</arg>
<arg>ER</arg>
<arg>ES</arg>
<arg>ET</arg>
<arg>FI</arg>
<arg>FJ</arg>
<arg>FK</arg>
<arg>FM</arg>
<arg>FO</arg>
<arg>FR</arg>
<arg>GA</arg>
<arg>GB</arg>
<arg>GD</arg>
<arg>GE</arg>
<arg>GF</arg>
<arg>GG</arg>
<arg>GH</arg>
<arg>GI</arg>
<arg>GL</arg>
<arg>GM</arg>
<arg>GN</arg>
<arg>GP</arg>
<arg>GQ</arg>
<arg>GR</arg>
<arg>GS</arg>
<arg>GT</arg>
<arg>GU</arg>
<arg>GW</arg>
<arg>GY</arg>
<arg>HK</arg>
<arg>HM</arg>
<arg>HN</arg>
<arg>HR</arg>
<arg>HT</arg>
<arg>HU</arg>
<arg>ID</arg>
<arg>IE</arg>
<arg>IL</arg>
<arg>IM</arg>
<arg>IN</arg>
<arg>IO</arg>
<arg>IQ</arg>
<arg>IR</arg>
<arg>IS</arg>
<arg>IT</arg>
<arg>JE</arg>
<arg>JM</arg>
<arg>JO</arg>
<arg>JP</arg>
<arg>KE</arg>
<arg>KG</arg>
<arg>KH</arg>
<arg>KI</arg>
<arg>KM</arg>
<arg>KN</arg>
<arg>KP</arg>
<arg>KR</arg>
<arg>KW</arg>
<arg>KY</arg>
<arg>KZ</arg>
<arg>LA</arg>
<arg>LB</arg>
<arg>LC</arg>
<arg>LI</arg>
<arg>LK</arg>
<arg>LR</arg>
<arg>LS</arg>
<arg>LT</arg>
<arg>LU</arg>
<arg>LV</arg>
<arg>LY</arg>
<arg>MA</arg>
<arg>MC</arg>
<arg>MD</arg>
<arg>ME</arg>
<arg>MF</arg>
<arg>MG</arg>
<arg>MH</arg>
<arg>MK</arg>
<arg>ML</arg>
<arg>MM</arg>
<arg>MN</arg>
<arg>MO</arg>
<arg>MP</arg>
<arg>MQ</arg>
<arg>MR</arg>
<arg>MS</arg>
<arg>MT</arg>
<arg>MU</arg>
<arg>MV</arg>
<arg>MW</arg>
<arg>MX</arg>
<arg>MY</arg>
<arg>MZ</arg>
<arg>NA</arg>
<arg>NC</arg>
<arg>NE</arg>
<arg>NF</arg>
<arg>NG</arg>
<arg>NI</arg>
<arg>NL</arg>
<arg>NO</arg>
<arg>NP</arg>
<arg>NR</arg>
<arg>NU</arg>
<arg>NZ</arg>
<arg>OM</arg>
<arg>PA</arg>
<arg>PE</arg>
<arg>PF</arg>
<arg>PG</arg>
<arg>PH</arg>
<arg>PK</arg>
<arg>PL</arg>
<arg>PM</arg>
<arg>PN</arg>
<arg>PR</arg>
<arg>PS</arg>
<arg>PT</arg>
<arg>PW</arg>
<arg>PY</arg>
<arg>QA</arg>
<arg>RE</arg>
<arg>RO</arg>
<arg>RS</arg>
<arg>RU</arg>
<arg>RW</arg>
<arg>SA</arg>
<arg>SB</arg>
<arg>SC</arg>
<arg>SD</arg>
<arg>SE</arg>
<arg>SG</arg>
<arg>SH</arg>
<arg>SI</arg>
<arg>SJ</arg>
<arg>SK</arg>
<arg>SL</arg>
<arg>SM</arg>
<arg>SN</arg>
<arg>SO</arg>
<arg>SR</arg>
<arg>SS</arg>
<arg>ST</arg>
<arg>SV</arg>
<arg>SX</arg>
<arg>SY</arg>
<arg>SZ</arg>
<arg>TC</arg>
<arg>TD</arg>
<arg>TF</arg>
<arg>TG</arg>
<arg>TH</arg>
<arg>TJ</arg>
<arg>TK</arg>
<arg>TL</arg>
<arg>TM</arg>
<arg>TN</arg>
<arg>TO</arg>
<arg>TR</arg>
<arg>TT</arg>
<arg>TV</arg>
<arg>TW</arg>
<arg>TZ</arg>
<arg>UA</arg>
<arg>UG</arg>
<arg>UM</arg>
<arg>US</arg>
<arg>UY</arg>
<arg>UZ</arg>
<arg>VA</arg>
<arg>VC</arg>
<arg>VE</arg>
<arg>VG</arg>
<arg>VI</arg>
<arg>VN</arg>
<arg>VU</arg>
<arg>WF</arg>
<arg>WS</arg>
<arg>XK</arg>
<arg>YE</arg>
<arg>YT</arg>
<arg>ZA</arg>
<arg>ZM</arg>
<arg>ZW</arg>
<doc>Returns a list containing given items.</doc>
<status status="PASS" start="2024-05-03T06:19:00.812800" elapsed="0.000606"/>
</kw>
<kw name="List Should Contain Value" owner="Collections">
<msg time="2024-05-03T06:19:00.814422" level="INFO">False</msg>
<arg>${list_country}</arg>
<arg>${name_country}</arg>
<doc>Fails if the ``value`` is not found from ``list``.</doc>
<status status="PASS" start="2024-05-03T06:19:00.814223" elapsed="0.000234"/>
</kw>
<kw name="Run Keyword If" owner="BuiltIn">
<kw name="Should Be True" owner="BuiltIn">
<arg>${True}</arg>
<doc>Fails if the given condition is not true.</doc>
<status status="PASS" start="2024-05-03T06:19:00.815526" elapsed="0.000142"/>
</kw>
<arg>${json_data["results"][0]["location"]["coordinates"]["latitude"]} &gt;= -90 and ${json_data["results"][0]["location"]["coordinates"]["latitude"]} &lt;= 90</arg>
<arg>Should Be True</arg>
<arg>${True}</arg>
<doc>Runs the given keyword with the given arguments, if ``condition`` is true.</doc>
<status status="PASS" start="2024-05-03T06:19:00.814769" elapsed="0.001025"/>
</kw>
<kw name="Run Keyword If" owner="BuiltIn">
<kw name="Should Be True" owner="BuiltIn">
<arg>${True}</arg>
<doc>Fails if the given condition is not true.</doc>
<status status="PASS" start="2024-05-03T06:19:00.816673" elapsed="0.000241"/>
</kw>
<arg>${json_data["results"][0]["location"]["coordinates"]["longitude"]} &gt;= -180 and ${json_data["results"][0]["location"]["coordinates"]["longitude"]} &lt;= 180</arg>
<arg>Should Be True</arg>
<arg>${True}</arg>
<doc>Runs the given keyword with the given arguments, if ``condition`` is true.</doc>
<status status="PASS" start="2024-05-03T06:19:00.815977" elapsed="0.001062"/>
</kw>
<status status="PASS" start="2024-05-03T06:19:00.439230" elapsed="0.377937"/>
</kw>
<doc>Testa o conteúdo específico dos campos retornados pela API.</doc>
<tag>testeConteudo</tag>
<status status="PASS" start="2024-05-03T06:19:00.438528" elapsed="0.378784"/>
</test>
<status status="PASS" start="2024-05-03T06:18:59.717062" elapsed="1.102259"/>
</suite>
<status status="PASS" start="2024-05-03T06:18:59.703497" elapsed="1.121038"/>
</suite>
<statistics>
<total>
<stat pass="5" fail="0" skip="0">All Tests</stat>
</total>
<tag>
<stat pass="1" fail="0" skip="0">testeConteudo</stat>
<stat pass="1" fail="0" skip="0">testeEstruturaResposta</stat>
<stat pass="1" fail="0" skip="0">testeRequisicaoBasica</stat>
<stat pass="1" fail="0" skip="0">testeTiposDados</stat>
</tag>
<suite>
<stat pass="5" fail="0" skip="0" id="s1" name="Tests">Tests</stat>
<stat pass="5" fail="0" skip="0" id="s1-s1" name="Random-User-Test">Tests.Random-User-Test</stat>
</suite>
</statistics>
<errors>
</errors>
</robot>
