<?xml version="1.0" encoding="UTF-8"?>
<robot generator="Robot 7.0 (Python 3.12.3 on linux)" generated="2024-04-22T03:15:21.124267" rpa="false" schemaversion="5">
<suite id="s1" name="Tests" source="/home/runner/work/DesafioQAItauRogerioJordao/DesafioQAItauRogerioJordao/RamdonUser/tests">
<suite id="s1-s1" name="Random-User-Test" source="/home/runner/work/DesafioQAItauRogerioJordao/DesafioQAItauRogerioJordao/RamdonUser/tests/random-user-test.robot">
<test id="s1-s1-t1" name="Conectar" line="13">
<kw name="Conectar API" owner="random-user-service">
<kw name="Create Session" owner="RequestsLibrary">
<msg time="2024-04-22T03:15:21.507501" level="INFO">Creating Session using : alias=consultarAPI, url=https://randomuser.me/, headers={},                     cookies={}, auth=None, timeout=None, proxies=None, verify=False,                     debug=0 </msg>
<arg>consultarAPI</arg>
<arg>${URL}</arg>
<doc>Create Session: create a HTTP session to a server</doc>
<status status="PASS" start="2024-04-22T03:15:21.507291" elapsed="0.000420"/>
</kw>
<status status="PASS" start="2024-04-22T03:15:21.506253" elapsed="0.001834"/>
</kw>
<status status="PASS" start="2024-04-22T03:15:21.505552" elapsed="0.002731"/>
</test>
<test id="s1-s1-t2" name="Validar retorno 200 e JSON Válido" line="16">
<kw name="Teste de Requisicao Basica" owner="random-user-service">
<kw name="GET On Session" owner="RequestsLibrary">
<msg time="2024-04-22T03:15:21.634479" level="INFO">GET Request : url=https://randomuser.me/api 
 path_url=/api 
 headers={'User-Agent': 'python-requests/2.31.0', 'Accept-Encoding': 'gzip, deflate', 'Accept': '*/*', 'Connection': 'keep-alive'} 
 body=None 
 </msg>
<msg time="2024-04-22T03:15:21.634633" level="INFO">GET Response : url=https://randomuser.me/api 
 status=200, reason=OK 
 headers={'Date': 'Mon, 22 Apr 2024 03:15:21 GMT', 'Content-Type': 'application/json; charset=utf-8', 'Transfer-Encoding': 'chunked', 'Connection': 'keep-alive', 'X-Powered-By': 'Express', 'Access-Control-Allow-Origin': '*', 'Cache-Control': 'no-cache', 'ETag': 'W/"495-O/kBOGn5LxW3UawGtQwXDHm+fnw"', 'Vary': 'Accept-Encoding', 'Content-Encoding': 'gzip', 'CF-Cache-Status': 'DYNAMIC', 'Report-To': '{"endpoints":[{"url":"https:\\/\\/a.nel.cloudflare.com\\/report\\/v4?s=gl%2FtC95eKkcIZtvfjV8dpcc0IPIooxPbd5VcX1XnpDNYXmsrHrNCx7cLvL7oIddv7r5mOzWbZeWtazKivP1FVwNanZF0LM1NHR3kXmWUSDS6IhzqGfjOG0l0sW4vQNBm"}],"group":"cf-nel","max_age":604800}', 'NEL': '{"success_fraction":0,"report_to":"cf-nel","max_age":604800}', 'Server': 'cloudflare', 'CF-RAY': '878272ebaef69e6e-SJC', 'alt-svc': 'h3=":443"; ma=86400'} 
 body={"results":[{"gender":"male","name":{"title":"Mr","first":"Nicklas","last":"Christiansen"},"location":{"street":{"number":5571,"name":"Højbjergvej"},"city":"Sundby","state":"Syddanmark","country":"Denmark","postcode":83751,"coordinates":{"latitude":"-42.0260","longitude":"-104.3635"},"timezone":{"offset":"-4:00","description":"Atlantic Time (Canada), Caracas, La Paz"}},"email":"nicklas.christiansen@example.com","login":{"uuid":"a2485ded-2a8e-4140-95b0-070501ae8760","username":"sadbird146","password":"freeway","salt":"jPF3ftau","md5":"6ffce8812a1cd57991385041c5ccbef6","sha1":"c650d9a9e14b59f108f6590c7bee359b5ccf3863","sha256":"8ddb106fe82fbe72f16ef72d5bb0be19e5cd6870ecc516d41333776a2c269376"},"dob":{"date":"1972-09-06T11:21:21.478Z","age":51},"registered":{"date":"2002-11-19T17:27:01.232Z","age":21},"phone":"01685440","cell":"83007892","id":{"name":"CPR","value":"060972-6856"},"picture":{"large":"https://randomuser.me/api/portraits/men/36.jpg","medium":"https://randomuser.me/api/portraits/med/men/36.jpg","thumbnail":"https://randomuser.me/api/portraits/thumb/men/36.jpg"},"nat":"DK"}],"info":{"seed":"dab52f8ac73b93df","results":1,"page":1,"version":"1.4"}} 
 </msg>
<msg time="2024-04-22T03:15:21.634718" level="INFO">/opt/hostedtoolcache/Python/3.12.3/x64/lib/python3.12/site-packages/urllib3/connectionpool.py:1103: InsecureRequestWarning: Unverified HTTPS request is being made to host 'randomuser.me'. Adding certificate verification is strongly advised. See: https://urllib3.readthedocs.io/en/latest/advanced-usage.html#tls-warnings
  warnings.warn(</msg>
<msg time="2024-04-22T03:15:21.634881" level="INFO">${response} = &lt;Response [200]&gt;</msg>
<var>${response}</var>
<arg>consultarAPI</arg>
<arg>/api</arg>
<doc>Sends a GET request on a previously created HTTP Session.</doc>
<status status="PASS" start="2024-04-22T03:15:21.511055" elapsed="0.123872"/>
</kw>
<kw name="Should Be Equal As Numbers" owner="BuiltIn">
<msg time="2024-04-22T03:15:21.635942" level="INFO">Argument types are:
&lt;class 'int'&gt;
&lt;class 'str'&gt;</msg>
<arg>${response.status_code}</arg>
<arg>200</arg>
<doc>Fails if objects are unequal after converting them to real numbers.</doc>
<status status="PASS" start="2024-04-22T03:15:21.635477" elapsed="0.000531"/>
</kw>
<kw name="Log" owner="BuiltIn">
<msg time="2024-04-22T03:15:21.636703" level="INFO">200</msg>
<arg>${response.status_code}</arg>
<doc>Logs the given message with the given level.</doc>
<status status="PASS" start="2024-04-22T03:15:21.636348" elapsed="0.000398"/>
</kw>
<kw name="Set Variable" owner="BuiltIn">
<msg time="2024-04-22T03:15:21.637528" level="INFO">${json_data} = {'results': [{'gender': 'male', 'name': {'title': 'Mr', 'first': 'Nicklas', 'last': 'Christiansen'}, 'location': {'street': {'number': 5571, 'name': 'Højbjergvej'}, 'city': 'Sundby', 'state': 'Syddanm...</msg>
<var>${json_data}</var>
<arg>${response.json()}</arg>
<doc>Returns the given values which can then be assigned to a variables.</doc>
<status status="PASS" start="2024-04-22T03:15:21.637053" elapsed="0.000505"/>
</kw>
<kw name="Dictionary Should Contain Key" owner="Collections">
<msg time="2024-04-22T03:15:21.638041" level="INFO">False</msg>
<arg>${json_data}</arg>
<arg>results</arg>
<doc>Fails if ``key`` is not found from ``dictionary``.</doc>
<status status="PASS" start="2024-04-22T03:15:21.637871" elapsed="0.000210"/>
</kw>
<status status="PASS" start="2024-04-22T03:15:21.510794" elapsed="0.127586"/>
</kw>
<doc>Testa se a API responde corretamente e retorna um objeto JSON válido.</doc>
<tag>testeRequisicaoBasica</tag>
<status status="PASS" start="2024-04-22T03:15:21.510205" elapsed="0.128367"/>
</test>
<test id="s1-s1-t3" name="Validar estrutura de resposta" line="22">
<kw name="Teste de Estrutura de Resposta" owner="random-user-service">
<kw name="GET On Session" owner="RequestsLibrary">
<msg time="2024-04-22T03:15:21.736233" level="INFO">GET Request : url=https://randomuser.me/api 
 path_url=/api 
 headers={'User-Agent': 'python-requests/2.31.0', 'Accept-Encoding': 'gzip, deflate', 'Accept': '*/*', 'Connection': 'keep-alive'} 
 body=None 
 </msg>
<msg time="2024-04-22T03:15:21.736380" level="INFO">GET Response : url=https://randomuser.me/api 
 status=200, reason=OK 
 headers={'Date': 'Mon, 22 Apr 2024 03:15:21 GMT', 'Content-Type': 'application/json; charset=utf-8', 'Transfer-Encoding': 'chunked', 'Connection': 'keep-alive', 'X-Powered-By': 'Express', 'Access-Control-Allow-Origin': '*', 'Cache-Control': 'no-cache', 'ETag': 'W/"489-fzK4TWIXz241oZNhYraX6BOI5Hs"', 'Vary': 'Accept-Encoding', 'Content-Encoding': 'gzip', 'CF-Cache-Status': 'DYNAMIC', 'Report-To': '{"endpoints":[{"url":"https:\\/\\/a.nel.cloudflare.com\\/report\\/v4?s=P%2BraU24Vi%2B%2F40rppcAmIrRsw%2B5RAFBesB4G3PJu1soRQogI3zfTNGNwB4HCIxgNSIiipORKlXhAxEeeNwRudz3vKWKVr11xigwxFW7%2FZlbNtNwy%2Fl%2B8a%2BnZZE7XqW7eI"}],"group":"cf-nel","max_age":604800}', 'NEL': '{"success_fraction":0,"report_to":"cf-nel","max_age":604800}', 'Server': 'cloudflare', 'CF-RAY': '878272ec4f7a9e6e-SJC', 'alt-svc': 'h3=":443"; ma=86400'} 
 body={"results":[{"gender":"male","name":{"title":"Mr","first":"Ilham","last":"De Beurs"},"location":{"street":{"number":4085,"name":"Elbelaan"},"city":"Rijsoord","state":"Groningen","country":"Netherlands","postcode":"6412 FY","coordinates":{"latitude":"31.9671","longitude":"-160.4434"},"timezone":{"offset":"-8:00","description":"Pacific Time (US &amp; Canada)"}},"email":"ilham.debeurs@example.com","login":{"uuid":"62268b57-fa80-4ba5-9fa7-347559a046da","username":"purpleladybug308","password":"wave","salt":"7MHdSOtf","md5":"df6fd7d6cc4a897275dfd12c6dce6f68","sha1":"8be7642f68ef53972e900e1d5d0d894050269b0a","sha256":"07a3c8c7f04a5d753cf1969ac8d282d4e1f3e40d257e03a9f2038a6a5391311a"},"dob":{"date":"1960-08-15T22:38:08.815Z","age":63},"registered":{"date":"2011-10-23T13:48:09.451Z","age":12},"phone":"(036) 6024862","cell":"(06) 98124159","id":{"name":"BSN","value":"36159889"},"picture":{"large":"https://randomuser.me/api/portraits/men/33.jpg","medium":"https://randomuser.me/api/portraits/med/men/33.jpg","thumbnail":"https://randomuser.me/api/portraits/thumb/men/33.jpg"},"nat":"NL"}],"info":{"seed":"3091ae4dd90809dd","results":1,"page":1,"version":"1.4"}} 
 </msg>
<msg time="2024-04-22T03:15:21.736594" level="INFO">/opt/hostedtoolcache/Python/3.12.3/x64/lib/python3.12/site-packages/urllib3/connectionpool.py:1103: InsecureRequestWarning: Unverified HTTPS request is being made to host 'randomuser.me'. Adding certificate verification is strongly advised. See: https://urllib3.readthedocs.io/en/latest/advanced-usage.html#tls-warnings
  warnings.warn(</msg>
<msg time="2024-04-22T03:15:21.736764" level="INFO">${response} = &lt;Response [200]&gt;</msg>
<var>${response}</var>
<arg>consultarAPI</arg>
<arg>/api</arg>
<doc>Sends a GET request on a previously created HTTP Session.</doc>
<status status="PASS" start="2024-04-22T03:15:21.641585" elapsed="0.095222"/>
</kw>
<kw name="Set Variable" owner="BuiltIn">
<msg time="2024-04-22T03:15:21.738042" level="INFO">${json_data} = {'results': [{'gender': 'male', 'name': {'title': 'Mr', 'first': 'Ilham', 'last': 'De Beurs'}, 'location': {'street': {'number': 4085, 'name': 'Elbelaan'}, 'city': 'Rijsoord', 'state': 'Groningen', 'c...</msg>
<var>${json_data}</var>
<arg>${response.json()}</arg>
<doc>Returns the given values which can then be assigned to a variables.</doc>
<status status="PASS" start="2024-04-22T03:15:21.737464" elapsed="0.000607"/>
</kw>
<kw name="Log" owner="BuiltIn">
<msg time="2024-04-22T03:15:21.738616" level="INFO">{'results': [{'gender': 'male', 'name': {'title': 'Mr', 'first': 'Ilham', 'last': 'De Beurs'}, 'location': {'street': {'number': 4085, 'name': 'Elbelaan'}, 'city': 'Rijsoord', 'state': 'Groningen', 'country': 'Netherlands', 'postcode': '6412 FY', 'coordinates': {'latitude': '31.9671', 'longitude': '-160.4434'}, 'timezone': {'offset': '-8:00', 'description': 'Pacific Time (US &amp; Canada)'}}, 'email': 'ilham.debeurs@example.com', 'login': {'uuid': '62268b57-fa80-4ba5-9fa7-347559a046da', 'username': 'purpleladybug308', 'password': 'wave', 'salt': '7MHdSOtf', 'md5': 'df6fd7d6cc4a897275dfd12c6dce6f68', 'sha1': '8be7642f68ef53972e900e1d5d0d894050269b0a', 'sha256': '07a3c8c7f04a5d753cf1969ac8d282d4e1f3e40d257e03a9f2038a6a5391311a'}, 'dob': {'date': '1960-08-15T22:38:08.815Z', 'age': 63}, 'registered': {'date': '2011-10-23T13:48:09.451Z', 'age': 12}, 'phone': '(036) 6024862', 'cell': '(06) 98124159', 'id': {'name': 'BSN', 'value': '36159889'}, 'picture': {'large': 'https://randomuser.me/api/portraits/men/33.jpg', 'medium': 'https://randomuser.me/api/portraits/med/men/33.jpg', 'thumbnail': 'https://randomuser.me/api/portraits/thumb/men/33.jpg'}, 'nat': 'NL'}], 'info': {'seed': '3091ae4dd90809dd', 'results': 1, 'page': 1, 'version': '1.4'}}</msg>
<arg>${json_data}</arg>
<doc>Logs the given message with the given level.</doc>
<status status="PASS" start="2024-04-22T03:15:21.738446" elapsed="0.000222"/>
</kw>
<kw name="Dictionary Should Contain Key" owner="Collections">
<msg time="2024-04-22T03:15:21.739138" level="INFO">False</msg>
<arg>${json_data}</arg>
<arg>results</arg>
<doc>Fails if ``key`` is not found from ``dictionary``.</doc>
<status status="PASS" start="2024-04-22T03:15:21.738974" elapsed="0.000202"/>
</kw>
<kw name="Should Not Be Empty" owner="BuiltIn">
<msg time="2024-04-22T03:15:21.739610" level="INFO">Length is 2.</msg>
<arg>${json_data}</arg>
<doc>Verifies that the given item is not empty.</doc>
<status status="PASS" start="2024-04-22T03:15:21.739476" elapsed="0.000174"/>
</kw>
<kw name="Create List" owner="BuiltIn">
<msg time="2024-04-22T03:15:21.740258" level="INFO">${expected_keys} = ['gender', 'name', 'location', 'email', 'login']</msg>
<var>${expected_keys}</var>
<arg>gender</arg>
<arg>name</arg>
<arg>location</arg>
<arg>email</arg>
<arg>login</arg>
<doc>Returns a list containing given items.</doc>
<status status="PASS" start="2024-04-22T03:15:21.739939" elapsed="0.000345"/>
</kw>
<for flavor="IN">
<iter>
<kw name="Dictionary Should Contain Key" owner="Collections">
<msg time="2024-04-22T03:15:21.741302" level="INFO">False</msg>
<arg>${json_data['results'][0]}</arg>
<arg>${key}</arg>
<doc>Fails if ``key`` is not found from ``dictionary``.</doc>
<status status="PASS" start="2024-04-22T03:15:21.740885" elapsed="0.000456"/>
</kw>
<kw name="Log" owner="BuiltIn">
<msg time="2024-04-22T03:15:21.742017" level="INFO">{'gender': 'male', 'name': {'title': 'Mr', 'first': 'Ilham', 'last': 'De Beurs'}, 'location': {'street': {'number': 4085, 'name': 'Elbelaan'}, 'city': 'Rijsoord', 'state': 'Groningen', 'country': 'Netherlands', 'postcode': '6412 FY', 'coordinates': {'latitude': '31.9671', 'longitude': '-160.4434'}, 'timezone': {'offset': '-8:00', 'description': 'Pacific Time (US &amp; Canada)'}}, 'email': 'ilham.debeurs@example.com', 'login': {'uuid': '62268b57-fa80-4ba5-9fa7-347559a046da', 'username': 'purpleladybug308', 'password': 'wave', 'salt': '7MHdSOtf', 'md5': 'df6fd7d6cc4a897275dfd12c6dce6f68', 'sha1': '8be7642f68ef53972e900e1d5d0d894050269b0a', 'sha256': '07a3c8c7f04a5d753cf1969ac8d282d4e1f3e40d257e03a9f2038a6a5391311a'}, 'dob': {'date': '1960-08-15T22:38:08.815Z', 'age': 63}, 'registered': {'date': '2011-10-23T13:48:09.451Z', 'age': 12}, 'phone': '(036) 6024862', 'cell': '(06) 98124159', 'id': {'name': 'BSN', 'value': '36159889'}, 'picture': {'large': 'https://randomuser.me/api/portraits/men/33.jpg', 'medium': 'https://randomuser.me/api/portraits/med/men/33.jpg', 'thumbnail': 'https://randomuser.me/api/portraits/thumb/men/33.jpg'}, 'nat': 'NL'}</msg>
<arg>${json_data['results'][0]}</arg>
<doc>Logs the given message with the given level.</doc>
<status status="PASS" start="2024-04-22T03:15:21.741650" elapsed="0.000418"/>
</kw>
<kw name="Log" owner="BuiltIn">
<msg time="2024-04-22T03:15:21.742534" level="INFO">gender</msg>
<arg>${key}</arg>
<doc>Logs the given message with the given level.</doc>
<status status="PASS" start="2024-04-22T03:15:21.742401" elapsed="0.000171"/>
</kw>
<var name="${key}">gender</var>
<status status="PASS" start="2024-04-22T03:15:21.740759" elapsed="0.002030"/>
</iter>
<iter>
<kw name="Dictionary Should Contain Key" owner="Collections">
<msg time="2024-04-22T03:15:21.743487" level="INFO">False</msg>
<arg>${json_data['results'][0]}</arg>
<arg>${key}</arg>
<doc>Fails if ``key`` is not found from ``dictionary``.</doc>
<status status="PASS" start="2024-04-22T03:15:21.743091" elapsed="0.000435"/>
</kw>
<kw name="Log" owner="BuiltIn">
<msg time="2024-04-22T03:15:21.744224" level="INFO">{'gender': 'male', 'name': {'title': 'Mr', 'first': 'Ilham', 'last': 'De Beurs'}, 'location': {'street': {'number': 4085, 'name': 'Elbelaan'}, 'city': 'Rijsoord', 'state': 'Groningen', 'country': 'Netherlands', 'postcode': '6412 FY', 'coordinates': {'latitude': '31.9671', 'longitude': '-160.4434'}, 'timezone': {'offset': '-8:00', 'description': 'Pacific Time (US &amp; Canada)'}}, 'email': 'ilham.debeurs@example.com', 'login': {'uuid': '62268b57-fa80-4ba5-9fa7-347559a046da', 'username': 'purpleladybug308', 'password': 'wave', 'salt': '7MHdSOtf', 'md5': 'df6fd7d6cc4a897275dfd12c6dce6f68', 'sha1': '8be7642f68ef53972e900e1d5d0d894050269b0a', 'sha256': '07a3c8c7f04a5d753cf1969ac8d282d4e1f3e40d257e03a9f2038a6a5391311a'}, 'dob': {'date': '1960-08-15T22:38:08.815Z', 'age': 63}, 'registered': {'date': '2011-10-23T13:48:09.451Z', 'age': 12}, 'phone': '(036) 6024862', 'cell': '(06) 98124159', 'id': {'name': 'BSN', 'value': '36159889'}, 'picture': {'large': 'https://randomuser.me/api/portraits/men/33.jpg', 'medium': 'https://randomuser.me/api/portraits/med/men/33.jpg', 'thumbnail': 'https://randomuser.me/api/portraits/thumb/men/33.jpg'}, 'nat': 'NL'}</msg>
<arg>${json_data['results'][0]}</arg>
<doc>Logs the given message with the given level.</doc>
<status status="PASS" start="2024-04-22T03:15:21.743855" elapsed="0.000418"/>
</kw>
<kw name="Log" owner="BuiltIn">
<msg time="2024-04-22T03:15:21.744701" level="INFO">name</msg>
<arg>${key}</arg>
<doc>Logs the given message with the given level.</doc>
<status status="PASS" start="2024-04-22T03:15:21.744573" elapsed="0.000167"/>
</kw>
<var name="${key}">name</var>
<status status="PASS" start="2024-04-22T03:15:21.742974" elapsed="0.001981"/>
</iter>
<iter>
<kw name="Dictionary Should Contain Key" owner="Collections">
<msg time="2024-04-22T03:15:21.745650" level="INFO">False</msg>
<arg>${json_data['results'][0]}</arg>
<arg>${key}</arg>
<doc>Fails if ``key`` is not found from ``dictionary``.</doc>
<status status="PASS" start="2024-04-22T03:15:21.745249" elapsed="0.000439"/>
</kw>
<kw name="Log" owner="BuiltIn">
<msg time="2024-04-22T03:15:21.746384" level="INFO">{'gender': 'male', 'name': {'title': 'Mr', 'first': 'Ilham', 'last': 'De Beurs'}, 'location': {'street': {'number': 4085, 'name': 'Elbelaan'}, 'city': 'Rijsoord', 'state': 'Groningen', 'country': 'Netherlands', 'postcode': '6412 FY', 'coordinates': {'latitude': '31.9671', 'longitude': '-160.4434'}, 'timezone': {'offset': '-8:00', 'description': 'Pacific Time (US &amp; Canada)'}}, 'email': 'ilham.debeurs@example.com', 'login': {'uuid': '62268b57-fa80-4ba5-9fa7-347559a046da', 'username': 'purpleladybug308', 'password': 'wave', 'salt': '7MHdSOtf', 'md5': 'df6fd7d6cc4a897275dfd12c6dce6f68', 'sha1': '8be7642f68ef53972e900e1d5d0d894050269b0a', 'sha256': '07a3c8c7f04a5d753cf1969ac8d282d4e1f3e40d257e03a9f2038a6a5391311a'}, 'dob': {'date': '1960-08-15T22:38:08.815Z', 'age': 63}, 'registered': {'date': '2011-10-23T13:48:09.451Z', 'age': 12}, 'phone': '(036) 6024862', 'cell': '(06) 98124159', 'id': {'name': 'BSN', 'value': '36159889'}, 'picture': {'large': 'https://randomuser.me/api/portraits/men/33.jpg', 'medium': 'https://randomuser.me/api/portraits/med/men/33.jpg', 'thumbnail': 'https://randomuser.me/api/portraits/thumb/men/33.jpg'}, 'nat': 'NL'}</msg>
<arg>${json_data['results'][0]}</arg>
<doc>Logs the given message with the given level.</doc>
<status status="PASS" start="2024-04-22T03:15:21.745988" elapsed="0.000446"/>
</kw>
<kw name="Log" owner="BuiltIn">
<msg time="2024-04-22T03:15:21.746862" level="INFO">location</msg>
<arg>${key}</arg>
<doc>Logs the given message with the given level.</doc>
<status status="PASS" start="2024-04-22T03:15:21.746731" elapsed="0.000171"/>
</kw>
<var name="${key}">location</var>
<status status="PASS" start="2024-04-22T03:15:21.745137" elapsed="0.001984"/>
</iter>
<iter>
<kw name="Dictionary Should Contain Key" owner="Collections">
<msg time="2024-04-22T03:15:21.747809" level="INFO">False</msg>
<arg>${json_data['results'][0]}</arg>
<arg>${key}</arg>
<doc>Fails if ``key`` is not found from ``dictionary``.</doc>
<status status="PASS" start="2024-04-22T03:15:21.747410" elapsed="0.000437"/>
</kw>
<kw name="Log" owner="BuiltIn">
<msg time="2024-04-22T03:15:21.748530" level="INFO">{'gender': 'male', 'name': {'title': 'Mr', 'first': 'Ilham', 'last': 'De Beurs'}, 'location': {'street': {'number': 4085, 'name': 'Elbelaan'}, 'city': 'Rijsoord', 'state': 'Groningen', 'country': 'Netherlands', 'postcode': '6412 FY', 'coordinates': {'latitude': '31.9671', 'longitude': '-160.4434'}, 'timezone': {'offset': '-8:00', 'description': 'Pacific Time (US &amp; Canada)'}}, 'email': 'ilham.debeurs@example.com', 'login': {'uuid': '62268b57-fa80-4ba5-9fa7-347559a046da', 'username': 'purpleladybug308', 'password': 'wave', 'salt': '7MHdSOtf', 'md5': 'df6fd7d6cc4a897275dfd12c6dce6f68', 'sha1': '8be7642f68ef53972e900e1d5d0d894050269b0a', 'sha256': '07a3c8c7f04a5d753cf1969ac8d282d4e1f3e40d257e03a9f2038a6a5391311a'}, 'dob': {'date': '1960-08-15T22:38:08.815Z', 'age': 63}, 'registered': {'date': '2011-10-23T13:48:09.451Z', 'age': 12}, 'phone': '(036) 6024862', 'cell': '(06) 98124159', 'id': {'name': 'BSN', 'value': '36159889'}, 'picture': {'large': 'https://randomuser.me/api/portraits/men/33.jpg', 'medium': 'https://randomuser.me/api/portraits/med/men/33.jpg', 'thumbnail': 'https://randomuser.me/api/portraits/thumb/men/33.jpg'}, 'nat': 'NL'}</msg>
<arg>${json_data['results'][0]}</arg>
<doc>Logs the given message with the given level.</doc>
<status status="PASS" start="2024-04-22T03:15:21.748151" elapsed="0.000430"/>
</kw>
<kw name="Log" owner="BuiltIn">
<msg time="2024-04-22T03:15:21.749005" level="INFO">email</msg>
<arg>${key}</arg>
<doc>Logs the given message with the given level.</doc>
<status status="PASS" start="2024-04-22T03:15:21.748876" elapsed="0.000167"/>
</kw>
<var name="${key}">email</var>
<status status="PASS" start="2024-04-22T03:15:21.747297" elapsed="0.001963"/>
</iter>
<iter>
<kw name="Dictionary Should Contain Key" owner="Collections">
<msg time="2024-04-22T03:15:21.749940" level="INFO">False</msg>
<arg>${json_data['results'][0]}</arg>
<arg>${key}</arg>
<doc>Fails if ``key`` is not found from ``dictionary``.</doc>
<status status="PASS" start="2024-04-22T03:15:21.749546" elapsed="0.000432"/>
</kw>
<kw name="Log" owner="BuiltIn">
<msg time="2024-04-22T03:15:21.750672" level="INFO">{'gender': 'male', 'name': {'title': 'Mr', 'first': 'Ilham', 'last': 'De Beurs'}, 'location': {'street': {'number': 4085, 'name': 'Elbelaan'}, 'city': 'Rijsoord', 'state': 'Groningen', 'country': 'Netherlands', 'postcode': '6412 FY', 'coordinates': {'latitude': '31.9671', 'longitude': '-160.4434'}, 'timezone': {'offset': '-8:00', 'description': 'Pacific Time (US &amp; Canada)'}}, 'email': 'ilham.debeurs@example.com', 'login': {'uuid': '62268b57-fa80-4ba5-9fa7-347559a046da', 'username': 'purpleladybug308', 'password': 'wave', 'salt': '7MHdSOtf', 'md5': 'df6fd7d6cc4a897275dfd12c6dce6f68', 'sha1': '8be7642f68ef53972e900e1d5d0d894050269b0a', 'sha256': '07a3c8c7f04a5d753cf1969ac8d282d4e1f3e40d257e03a9f2038a6a5391311a'}, 'dob': {'date': '1960-08-15T22:38:08.815Z', 'age': 63}, 'registered': {'date': '2011-10-23T13:48:09.451Z', 'age': 12}, 'phone': '(036) 6024862', 'cell': '(06) 98124159', 'id': {'name': 'BSN', 'value': '36159889'}, 'picture': {'large': 'https://randomuser.me/api/portraits/men/33.jpg', 'medium': 'https://randomuser.me/api/portraits/med/men/33.jpg', 'thumbnail': 'https://randomuser.me/api/portraits/thumb/men/33.jpg'}, 'nat': 'NL'}</msg>
<arg>${json_data['results'][0]}</arg>
<doc>Logs the given message with the given level.</doc>
<status status="PASS" start="2024-04-22T03:15:21.750299" elapsed="0.000423"/>
</kw>
<kw name="Log" owner="BuiltIn">
<msg time="2024-04-22T03:15:21.751146" level="INFO">login</msg>
<arg>${key}</arg>
<doc>Logs the given message with the given level.</doc>
<status status="PASS" start="2024-04-22T03:15:21.751019" elapsed="0.000176"/>
</kw>
<var name="${key}">login</var>
<status status="PASS" start="2024-04-22T03:15:21.749435" elapsed="0.001999"/>
</iter>
<var>${key}</var>
<value>@{expected_keys}</value>
<status status="PASS" start="2024-04-22T03:15:21.740560" elapsed="0.011002"/>
</for>
<kw name="Create List" owner="BuiltIn">
<msg time="2024-04-22T03:15:21.751900" level="INFO">${expected_keysTwo} = ['username', 'password']</msg>
<var>${expected_keysTwo}</var>
<arg>username</arg>
<arg>password</arg>
<doc>Returns a list containing given items.</doc>
<status status="PASS" start="2024-04-22T03:15:21.751760" elapsed="0.000164"/>
</kw>
<for flavor="IN">
<iter>
<kw name="Dictionary Should Contain Key" owner="Collections">
<msg time="2024-04-22T03:15:21.752829" level="INFO">False</msg>
<arg>${json_data['results'][0]['login']}</arg>
<arg>${keyTwo}</arg>
<doc>Fails if ``key`` is not found from ``dictionary``.</doc>
<status status="PASS" start="2024-04-22T03:15:21.752434" elapsed="0.000434"/>
</kw>
<kw name="Dictionary Should Contain Key" owner="Collections">
<msg time="2024-04-22T03:15:21.753555" level="INFO">False</msg>
<arg>${json_data['results'][0]['login']}</arg>
<arg>${keyTwo}</arg>
<doc>Fails if ``key`` is not found from ``dictionary``.</doc>
<status status="PASS" start="2024-04-22T03:15:21.753166" elapsed="0.000427"/>
</kw>
<kw name="Log" owner="BuiltIn">
<msg time="2024-04-22T03:15:21.754010" level="INFO">username</msg>
<arg>${keyTwo}</arg>
<doc>Logs the given message with the given level.</doc>
<status status="PASS" start="2024-04-22T03:15:21.753883" elapsed="0.000170"/>
</kw>
<var name="${keyTwo}">username</var>
<status status="PASS" start="2024-04-22T03:15:21.752324" elapsed="0.001972"/>
</iter>
<iter>
<kw name="Dictionary Should Contain Key" owner="Collections">
<msg time="2024-04-22T03:15:21.754979" level="INFO">False</msg>
<arg>${json_data['results'][0]['login']}</arg>
<arg>${keyTwo}</arg>
<doc>Fails if ``key`` is not found from ``dictionary``.</doc>
<status status="PASS" start="2024-04-22T03:15:21.754591" elapsed="0.000433"/>
</kw>
<kw name="Dictionary Should Contain Key" owner="Collections">
<msg time="2024-04-22T03:15:21.755787" level="INFO">False</msg>
<arg>${json_data['results'][0]['login']}</arg>
<arg>${keyTwo}</arg>
<doc>Fails if ``key`` is not found from ``dictionary``.</doc>
<status status="PASS" start="2024-04-22T03:15:21.755325" elapsed="0.000501"/>
</kw>
<kw name="Log" owner="BuiltIn">
<msg time="2024-04-22T03:15:21.756253" level="INFO">password</msg>
<arg>${keyTwo}</arg>
<doc>Logs the given message with the given level.</doc>
<status status="PASS" start="2024-04-22T03:15:21.756123" elapsed="0.000168"/>
</kw>
<var name="${keyTwo}">password</var>
<status status="PASS" start="2024-04-22T03:15:21.754479" elapsed="0.002030"/>
</iter>
<var>${keyTwo}</var>
<value>@{expected_keysTwo}</value>
<status status="PASS" start="2024-04-22T03:15:21.752168" elapsed="0.004463"/>
</for>
<status status="PASS" start="2024-04-22T03:15:21.641236" elapsed="0.115538"/>
</kw>
<doc>Testa a estrutura da resposta da API.</doc>
<tag>testeEstruturaResposta</tag>
<status status="PASS" start="2024-04-22T03:15:21.640446" elapsed="0.116487"/>
</test>
<test id="s1-s1-t4" name="Validar tipos de dados" line="28">
<kw name="Teste de Tipos de Dados" owner="random-user-service">
<kw name="GET On Session" owner="RequestsLibrary">
<msg time="2024-04-22T03:15:21.853623" level="INFO">GET Request : url=https://randomuser.me/api 
 path_url=/api 
 headers={'User-Agent': 'python-requests/2.31.0', 'Accept-Encoding': 'gzip, deflate', 'Accept': '*/*', 'Connection': 'keep-alive'} 
 body=None 
 </msg>
<msg time="2024-04-22T03:15:21.853736" level="INFO">GET Response : url=https://randomuser.me/api 
 status=200, reason=OK 
 headers={'Date': 'Mon, 22 Apr 2024 03:15:21 GMT', 'Content-Type': 'application/json; charset=utf-8', 'Transfer-Encoding': 'chunked', 'Connection': 'keep-alive', 'X-Powered-By': 'Express', 'Access-Control-Allow-Origin': '*', 'Cache-Control': 'no-cache', 'ETag': 'W/"49d-CYEoZXrcJ8LKqtLUwSYK/IPBKmw"', 'Vary': 'Accept-Encoding', 'Content-Encoding': 'gzip', 'CF-Cache-Status': 'DYNAMIC', 'Report-To': '{"endpoints":[{"url":"https:\\/\\/a.nel.cloudflare.com\\/report\\/v4?s=6axxlX%2Bqh9r5A2%2B1kqIWi6xRiMOVYkY%2BgRKmb25xK6OwRruOWoYwtBr5UUMng0QHHPxKmWbSEiee7YMZAonbSFd8uMlkLkF%2By1mG3LNPE0Ta7moi8eXUNKl7ix8E0bfR"}],"group":"cf-nel","max_age":604800}', 'NEL': '{"success_fraction":0,"report_to":"cf-nel","max_age":604800}', 'Server': 'cloudflare', 'CF-RAY': '878272ed083f9e6e-SJC', 'alt-svc': 'h3=":443"; ma=86400'} 
 body={"results":[{"gender":"female","name":{"title":"Ms","first":"Sologuba","last":"Illienko"},"location":{"street":{"number":596,"name":"Batumskiy provulok"},"city":"Dergachi","state":"Ivano-Frankivska","country":"Ukraine","postcode":80963,"coordinates":{"latitude":"74.5739","longitude":"45.9680"},"timezone":{"offset":"+1:00","description":"Brussels, Copenhagen, Madrid, Paris"}},"email":"sologuba.illienko@example.com","login":{"uuid":"d5f70045-c885-4009-b784-eff81088f1f8","username":"goldentiger965","password":"karina","salt":"FGuccKDC","md5":"3bfc5c8fdce1850f12ca3835e83286fe","sha1":"80f05eafc95ebac199a407e2c3406200a0bb1143","sha256":"ea13628f76b97cab91902e66af7ec826565e62b3234beecd76621990f786f7a5"},"dob":{"date":"2000-08-08T17:28:20.482Z","age":23},"registered":{"date":"2013-03-01T15:56:03.468Z","age":11},"phone":"(066) N59-0951","cell":"(067) S65-3327","id":{"name":"","value":null},"picture":{"large":"https://randomuser.me/api/portraits/women/9.jpg","medium":"https://randomuser.me/api/portraits/med/women/9.jpg","thumbnail":"https://randomuser.me/api/portraits/thumb/women/9.jpg"},"nat":"UA"}],"info":{"seed":"9a83494273af6a9a","results":1,"page":1,"version":"1.4"}} 
 </msg>
<msg time="2024-04-22T03:15:21.853820" level="INFO">/opt/hostedtoolcache/Python/3.12.3/x64/lib/python3.12/site-packages/urllib3/connectionpool.py:1103: InsecureRequestWarning: Unverified HTTPS request is being made to host 'randomuser.me'. Adding certificate verification is strongly advised. See: https://urllib3.readthedocs.io/en/latest/advanced-usage.html#tls-warnings
  warnings.warn(</msg>
<msg time="2024-04-22T03:15:21.853946" level="INFO">${response} = &lt;Response [200]&gt;</msg>
<var>${response}</var>
<arg>consultarAPI</arg>
<arg>/api</arg>
<doc>Sends a GET request on a previously created HTTP Session.</doc>
<status status="PASS" start="2024-04-22T03:15:21.759551" elapsed="0.094431"/>
</kw>
<kw name="Set Variable" owner="BuiltIn">
<msg time="2024-04-22T03:15:21.855152" level="INFO">${json_data} = {'results': [{'gender': 'female', 'name': {'title': 'Ms', 'first': 'Sologuba', 'last': 'Illienko'}, 'location': {'street': {'number': 596, 'name': 'Batumskiy provulok'}, 'city': 'Dergachi', 'state': '...</msg>
<var>${json_data}</var>
<arg>${response.json()}</arg>
<doc>Returns the given values which can then be assigned to a variables.</doc>
<status status="PASS" start="2024-04-22T03:15:21.854593" elapsed="0.000589"/>
</kw>
<kw name="Log" owner="BuiltIn">
<msg time="2024-04-22T03:15:21.855739" level="INFO">{'results': [{'gender': 'female', 'name': {'title': 'Ms', 'first': 'Sologuba', 'last': 'Illienko'}, 'location': {'street': {'number': 596, 'name': 'Batumskiy provulok'}, 'city': 'Dergachi', 'state': 'Ivano-Frankivska', 'country': 'Ukraine', 'postcode': 80963, 'coordinates': {'latitude': '74.5739', 'longitude': '45.9680'}, 'timezone': {'offset': '+1:00', 'description': 'Brussels, Copenhagen, Madrid, Paris'}}, 'email': 'sologuba.illienko@example.com', 'login': {'uuid': 'd5f70045-c885-4009-b784-eff81088f1f8', 'username': 'goldentiger965', 'password': 'karina', 'salt': 'FGuccKDC', 'md5': '3bfc5c8fdce1850f12ca3835e83286fe', 'sha1': '80f05eafc95ebac199a407e2c3406200a0bb1143', 'sha256': 'ea13628f76b97cab91902e66af7ec826565e62b3234beecd76621990f786f7a5'}, 'dob': {'date': '2000-08-08T17:28:20.482Z', 'age': 23}, 'registered': {'date': '2013-03-01T15:56:03.468Z', 'age': 11}, 'phone': '(066) N59-0951', 'cell': '(067) S65-3327', 'id': {'name': '', 'value': None}, 'picture': {'large': 'https://randomuser.me/api/portraits/women/9.jpg', 'medium': 'https://randomuser.me/api/portraits/med/women/9.jpg', 'thumbnail': 'https://randomuser.me/api/portraits/thumb/women/9.jpg'}, 'nat': 'UA'}], 'info': {'seed': '9a83494273af6a9a', 'results': 1, 'page': 1, 'version': '1.4'}}</msg>
<arg>${json_data}</arg>
<doc>Logs the given message with the given level.</doc>
<status status="PASS" start="2024-04-22T03:15:21.855555" elapsed="0.000276"/>
</kw>
<kw name="Should Be String" owner="String">
<arg>${json_data['results'][0]['gender']}</arg>
<doc>Fails if the given ``item`` is not a string.</doc>
<status status="PASS" start="2024-04-22T03:15:21.856181" elapsed="0.000402"/>
</kw>
<kw name="Should Match Regexp" owner="BuiltIn">
<arg>${json_data['results'][0]['email']}</arg>
<arg>^[a-zA-Z0-9._%+-]+@[a-zA-Z0-9.-]+\.[a-zA-Z]{2,}$</arg>
<doc>Fails if ``string`` does not match ``pattern`` as a regular expression.</doc>
<status status="PASS" start="2024-04-22T03:15:21.856862" elapsed="0.000561"/>
</kw>
<kw name="Should Match Regexp" owner="BuiltIn">
<arg>${json_data['results'][0]['dob']['date']}</arg>
<arg>\\d{4}-\\d{2}-\\d{2}T\\d{2}:\\d{2}:\\d{2}\\.\\d{3}Z</arg>
<doc>Fails if ``string`` does not match ``pattern`` as a regular expression.</doc>
<status status="PASS" start="2024-04-22T03:15:21.857645" elapsed="0.000538"/>
</kw>
<kw name="Should Match Regexp" owner="BuiltIn">
<arg>${json_data['results'][0]['registered']['date']}</arg>
<arg>\\d{4}-\\d{2}-\\d{2}T\\d{2}:\\d{2}:\\d{2}\\.\\d{3}Z</arg>
<doc>Fails if ``string`` does not match ``pattern`` as a regular expression.</doc>
<status status="PASS" start="2024-04-22T03:15:21.858440" elapsed="0.000399"/>
</kw>
<kw name="Should Match Regexp" owner="BuiltIn">
<arg>${json_data['results'][0]['picture']['large']}</arg>
<arg>^https?://.*\.(?:png|jpe?g|gif|bmp)$</arg>
<doc>Fails if ``string`` does not match ``pattern`` as a regular expression.</doc>
<status status="PASS" start="2024-04-22T03:15:21.859035" elapsed="0.000485"/>
</kw>
<kw name="Should Match Regexp" owner="BuiltIn">
<arg>${json_data['results'][0]['picture']['medium']}</arg>
<arg>^https?://.*\.(?:png|jpe?g|gif|bmp)$</arg>
<doc>Fails if ``string`` does not match ``pattern`` as a regular expression.</doc>
<status status="PASS" start="2024-04-22T03:15:21.859723" elapsed="0.000372"/>
</kw>
<kw name="Should Match Regexp" owner="BuiltIn">
<arg>${json_data['results'][0]['picture']['thumbnail']}</arg>
<arg>^https?://.*\.(?:png|jpe?g|gif|bmp)$</arg>
<doc>Fails if ``string`` does not match ``pattern`` as a regular expression.</doc>
<status status="PASS" start="2024-04-22T03:15:21.860288" elapsed="0.000355"/>
</kw>
<kw name="Log" owner="BuiltIn">
<msg time="2024-04-22T03:15:21.861162" level="INFO">{'large': 'https://randomuser.me/api/portraits/women/9.jpg', 'medium': 'https://randomuser.me/api/portraits/med/women/9.jpg', 'thumbnail': 'https://randomuser.me/api/portraits/thumb/women/9.jpg'}</msg>
<arg>${json_data['results'][0]['picture']}</arg>
<doc>Logs the given message with the given level.</doc>
<status status="PASS" start="2024-04-22T03:15:21.860826" elapsed="0.000378"/>
</kw>
<status status="PASS" start="2024-04-22T03:15:21.759310" elapsed="0.102181"/>
</kw>
<kw name="Teste de Tipos de Dados - Postcode" owner="random-user-service">
<kw name="GET On Session" owner="RequestsLibrary">
<msg time="2024-04-22T03:15:21.967429" level="INFO">GET Request : url=https://randomuser.me/api 
 path_url=/api 
 headers={'User-Agent': 'python-requests/2.31.0', 'Accept-Encoding': 'gzip, deflate', 'Accept': '*/*', 'Connection': 'keep-alive'} 
 body=None 
 </msg>
<msg time="2024-04-22T03:15:21.967538" level="INFO">GET Response : url=https://randomuser.me/api 
 status=200, reason=OK 
 headers={'Date': 'Mon, 22 Apr 2024 03:15:21 GMT', 'Content-Type': 'application/json; charset=utf-8', 'Transfer-Encoding': 'chunked', 'Connection': 'keep-alive', 'X-Powered-By': 'Express', 'Access-Control-Allow-Origin': '*', 'Cache-Control': 'no-cache', 'ETag': 'W/"48c-q4XHdNHX/3LlTZ10uccKA1nIFjQ"', 'Vary': 'Accept-Encoding', 'Content-Encoding': 'gzip', 'CF-Cache-Status': 'DYNAMIC', 'Report-To': '{"endpoints":[{"url":"https:\\/\\/a.nel.cloudflare.com\\/report\\/v4?s=TBiE1GH5tEjwLALrMU9C5IjM%2Fmj9IchGiogXRlCKk%2FzUKUmmgNdx2PmW7GMdKXM40Py7KnMdJ%2FJ7C8X1lyugGHXsyYFM9ShF%2Bjnl1ndEPaUcZBGm6M0LObDEi38pBFRd"}],"group":"cf-nel","max_age":604800}', 'NEL': '{"success_fraction":0,"report_to":"cf-nel","max_age":604800}', 'Server': 'cloudflare', 'CF-RAY': '878272eda8a99e6e-SJC', 'alt-svc': 'h3=":443"; ma=86400'} 
 body={"results":[{"gender":"female","name":{"title":"Miss","first":"Angie","last":"Wright"},"location":{"street":{"number":7894,"name":"High Street"},"city":"Naas","state":"Clare","country":"Ireland","postcode":31074,"coordinates":{"latitude":"3.1191","longitude":"41.1289"},"timezone":{"offset":"-5:00","description":"Eastern Time (US &amp; Canada), Bogota, Lima"}},"email":"angie.wright@example.com","login":{"uuid":"1f04c4a1-3a17-4821-b8ba-69098e5c109f","username":"redgorilla656","password":"ramones","salt":"NfBGjhQH","md5":"162cf4c76dd67a788fd5236e8dd4cf9b","sha1":"135b6d5adcd658e71dd8506c6c6b00c0fa21e49b","sha256":"5748ef5639e07fc1cd97ce85b7b261f5d55d23ae73262718404de4834aa9ccc6"},"dob":{"date":"1948-02-05T05:25:32.981Z","age":76},"registered":{"date":"2014-04-14T01:53:07.946Z","age":10},"phone":"071-370-0697","cell":"081-782-8662","id":{"name":"PPS","value":"0262269T"},"picture":{"large":"https://randomuser.me/api/portraits/women/54.jpg","medium":"https://randomuser.me/api/portraits/med/women/54.jpg","thumbnail":"https://randomuser.me/api/portraits/thumb/women/54.jpg"},"nat":"IE"}],"info":{"seed":"fb7c81c048022050","results":1,"page":1,"version":"1.4"}} 
 </msg>
<msg time="2024-04-22T03:15:21.967623" level="INFO">/opt/hostedtoolcache/Python/3.12.3/x64/lib/python3.12/site-packages/urllib3/connectionpool.py:1103: InsecureRequestWarning: Unverified HTTPS request is being made to host 'randomuser.me'. Adding certificate verification is strongly advised. See: https://urllib3.readthedocs.io/en/latest/advanced-usage.html#tls-warnings
  warnings.warn(</msg>
<msg time="2024-04-22T03:15:21.967757" level="INFO">${response} = &lt;Response [200]&gt;</msg>
<var>${response}</var>
<arg>consultarAPI</arg>
<arg>/api</arg>
<doc>Sends a GET request on a previously created HTTP Session.</doc>
<status status="PASS" start="2024-04-22T03:15:21.861987" elapsed="0.105801"/>
</kw>
<kw name="Set Variable" owner="BuiltIn">
<msg time="2024-04-22T03:15:21.968897" level="INFO">${json_data} = {'results': [{'gender': 'female', 'name': {'title': 'Miss', 'first': 'Angie', 'last': 'Wright'}, 'location': {'street': {'number': 7894, 'name': 'High Street'}, 'city': 'Naas', 'state': 'Clare', 'coun...</msg>
<var>${json_data}</var>
<arg>${response.json()}</arg>
<doc>Returns the given values which can then be assigned to a variables.</doc>
<status status="PASS" start="2024-04-22T03:15:21.968383" elapsed="0.000542"/>
</kw>
<kw name="Log" owner="BuiltIn">
<msg time="2024-04-22T03:15:21.969392" level="INFO">{'results': [{'gender': 'female', 'name': {'title': 'Miss', 'first': 'Angie', 'last': 'Wright'}, 'location': {'street': {'number': 7894, 'name': 'High Street'}, 'city': 'Naas', 'state': 'Clare', 'country': 'Ireland', 'postcode': 31074, 'coordinates': {'latitude': '3.1191', 'longitude': '41.1289'}, 'timezone': {'offset': '-5:00', 'description': 'Eastern Time (US &amp; Canada), Bogota, Lima'}}, 'email': 'angie.wright@example.com', 'login': {'uuid': '1f04c4a1-3a17-4821-b8ba-69098e5c109f', 'username': 'redgorilla656', 'password': 'ramones', 'salt': 'NfBGjhQH', 'md5': '162cf4c76dd67a788fd5236e8dd4cf9b', 'sha1': '135b6d5adcd658e71dd8506c6c6b00c0fa21e49b', 'sha256': '5748ef5639e07fc1cd97ce85b7b261f5d55d23ae73262718404de4834aa9ccc6'}, 'dob': {'date': '1948-02-05T05:25:32.981Z', 'age': 76}, 'registered': {'date': '2014-04-14T01:53:07.946Z', 'age': 10}, 'phone': '071-370-0697', 'cell': '081-782-8662', 'id': {'name': 'PPS', 'value': '0262269T'}, 'picture': {'large': 'https://randomuser.me/api/portraits/women/54.jpg', 'medium': 'https://randomuser.me/api/portraits/med/women/54.jpg', 'thumbnail': 'https://randomuser.me/api/portraits/thumb/women/54.jpg'}, 'nat': 'IE'}], 'info': {'seed': 'fb7c81c048022050', 'results': 1, 'page': 1, 'version': '1.4'}}</msg>
<arg>${json_data}</arg>
<doc>Logs the given message with the given level.</doc>
<status status="PASS" start="2024-04-22T03:15:21.969236" elapsed="0.000237"/>
</kw>
<kw name="Should Be Equal As Numbers" owner="BuiltIn">
<arg>${json_data['results'][0]['location']['postcode']}</arg>
<arg>${json_data['results'][0]['location']['postcode']}</arg>
<doc>Fails if objects are unequal after converting them to real numbers.</doc>
<status status="PASS" start="2024-04-22T03:15:21.969769" elapsed="0.000845"/>
</kw>
<kw name="Log" owner="BuiltIn">
<msg time="2024-04-22T03:15:21.971150" level="INFO">31074</msg>
<arg>${json_data['results'][0]['location']['postcode']}</arg>
<doc>Logs the given message with the given level.</doc>
<status status="PASS" start="2024-04-22T03:15:21.970811" elapsed="0.000378"/>
</kw>
<status status="PASS" start="2024-04-22T03:15:21.861740" elapsed="0.109706"/>
</kw>
<doc>Testa se os tipos de dados na resposta da API estão corretos.</doc>
<tag>testeTiposDados</tag>
<status status="PASS" start="2024-04-22T03:15:21.758811" elapsed="0.212803"/>
</test>
<test id="s1-s1-t5" name="Validar conteudo" line="35">
<kw name="Teste de Tipos de Conteudo" owner="random-user-service">
<kw name="GET On Session" owner="RequestsLibrary">
<msg time="2024-04-22T03:15:22.181464" level="INFO">GET Request : url=https://randomuser.me/api 
 path_url=/api 
 headers={'User-Agent': 'python-requests/2.31.0', 'Accept-Encoding': 'gzip, deflate', 'Accept': '*/*', 'Connection': 'keep-alive'} 
 body=None 
 </msg>
<msg time="2024-04-22T03:15:22.181561" level="INFO">GET Response : url=https://randomuser.me/api 
 status=200, reason=OK 
 headers={'Date': 'Mon, 22 Apr 2024 03:15:22 GMT', 'Content-Type': 'application/json; charset=utf-8', 'Transfer-Encoding': 'chunked', 'Connection': 'keep-alive', 'X-Powered-By': 'Express', 'Access-Control-Allow-Origin': '*', 'Cache-Control': 'no-cache', 'ETag': 'W/"4a5-Rm70uVLJ9xrh8268+CLfQx1HRMg"', 'Vary': 'Accept-Encoding', 'Content-Encoding': 'gzip', 'CF-Cache-Status': 'DYNAMIC', 'Report-To': '{"endpoints":[{"url":"https:\\/\\/a.nel.cloudflare.com\\/report\\/v4?s=UA3jRgrGaSslBdSd6%2BcMpQuk8jemxs%2Fw4Wp8uQgT9%2BMcRRGvce9%2BvBZ64rVrad65oUq1CPDPhmoGDLNMfXjegdNrJuo6PkazOUX4lACtSuKO114EPjrdIvMiefuO8%2FAY"}],"group":"cf-nel","max_age":604800}', 'NEL': '{"success_fraction":0,"report_to":"cf-nel","max_age":604800}', 'Server': 'cloudflare', 'CF-RAY': '878272ee594d9e6e-SJC', 'alt-svc': 'h3=":443"; ma=86400'} 
 body={"results":[{"gender":"male","name":{"title":"Mr","first":"José Emilio","last":"Haro"},"location":{"street":{"number":6609,"name":"Calzada Barrera"},"city":"Mazamitla","state":"Baja California Sur","country":"Mexico","postcode":68364,"coordinates":{"latitude":"23.7388","longitude":"-40.0323"},"timezone":{"offset":"+5:30","description":"Bombay, Calcutta, Madras, New Delhi"}},"email":"joseemilio.haro@example.com","login":{"uuid":"86ba471a-d037-4ba0-9eb5-20db26a88b63","username":"redfrog219","password":"theforce","salt":"1bnBRPdZ","md5":"8852917a12166e88d6841429541b90f8","sha1":"90e0a908ceccde28ea40a9f4a605f85d74d148c7","sha256":"deeaa864563867253a661008e7817c746b21bea3a95f71c9a471428bfc97720e"},"dob":{"date":"1945-02-15T21:23:27.328Z","age":79},"registered":{"date":"2019-01-29T21:32:33.131Z","age":5},"phone":"(614) 655 7420","cell":"(618) 461 2424","id":{"name":"NSS","value":"91 42 43 9350 3"},"picture":{"large":"https://randomuser.me/api/portraits/men/69.jpg","medium":"https://randomuser.me/api/portraits/med/men/69.jpg","thumbnail":"https://randomuser.me/api/portraits/thumb/men/69.jpg"},"nat":"MX"}],"info":{"seed":"8d193ed3c011bf71","results":1,"page":1,"version":"1.4"}} 
 </msg>
<msg time="2024-04-22T03:15:22.181634" level="INFO">/opt/hostedtoolcache/Python/3.12.3/x64/lib/python3.12/site-packages/urllib3/connectionpool.py:1103: InsecureRequestWarning: Unverified HTTPS request is being made to host 'randomuser.me'. Adding certificate verification is strongly advised. See: https://urllib3.readthedocs.io/en/latest/advanced-usage.html#tls-warnings
  warnings.warn(</msg>
<msg time="2024-04-22T03:15:22.181750" level="INFO">${response} = &lt;Response [200]&gt;</msg>
<var>${response}</var>
<arg>consultarAPI</arg>
<arg>/api</arg>
<doc>Sends a GET request on a previously created HTTP Session.</doc>
<status status="PASS" start="2024-04-22T03:15:21.974177" elapsed="0.207599"/>
</kw>
<kw name="Set Variable" owner="BuiltIn">
<msg time="2024-04-22T03:15:22.182874" level="INFO">${json_data} = {'results': [{'gender': 'male', 'name': {'title': 'Mr', 'first': 'José Emilio', 'last': 'Haro'}, 'location': {'street': {'number': 6609, 'name': 'Calzada Barrera'}, 'city': 'Mazamitla', 'state': 'Baja...</msg>
<var>${json_data}</var>
<arg>${response.json()}</arg>
<doc>Returns the given values which can then be assigned to a variables.</doc>
<status status="PASS" start="2024-04-22T03:15:22.182348" elapsed="0.000555"/>
</kw>
<kw name="Set Variable" owner="BuiltIn">
<msg time="2024-04-22T03:15:22.183598" level="INFO">${name_title} = Mr</msg>
<var>${name_title}</var>
<arg>${json_data["results"][0]["name"]["title"]}</arg>
<doc>Returns the given values which can then be assigned to a variables.</doc>
<status status="PASS" start="2024-04-22T03:15:22.183209" elapsed="0.000414"/>
</kw>
<kw name="Create List" owner="BuiltIn">
<msg time="2024-04-22T03:15:22.184072" level="INFO">${allowed_titles} = ['Mr', 'Ms', 'Miss', 'Mrs', 'Madame', 'Monsieur']</msg>
<var>${allowed_titles}</var>
<arg>Mr</arg>
<arg>Ms</arg>
<arg>Miss</arg>
<arg>Mrs</arg>
<arg>Madame</arg>
<arg>Monsieur</arg>
<doc>Returns a list containing given items.</doc>
<status status="PASS" start="2024-04-22T03:15:22.183925" elapsed="0.000171"/>
</kw>
<kw name="List Should Contain Value" owner="Collections">
<msg time="2024-04-22T03:15:22.184569" level="INFO">False</msg>
<arg>${allowed_titles}</arg>
<arg>${name_title}</arg>
<doc>Fails if the ``value`` is not found from ``list``.</doc>
<status status="PASS" start="2024-04-22T03:15:22.184397" elapsed="0.000209"/>
</kw>
<kw name="Set Variable" owner="BuiltIn">
<msg time="2024-04-22T03:15:22.185267" level="INFO">${name_country} = MX</msg>
<var>${name_country}</var>
<arg>${json_data["results"][0]["nat"]}</arg>
<doc>Returns the given values which can then be assigned to a variables.</doc>
<status status="PASS" start="2024-04-22T03:15:22.184890" elapsed="0.000402"/>
</kw>
<kw name="Create List" owner="BuiltIn">
<msg time="2024-04-22T03:15:22.186170" level="INFO">${list_country} = ['AD', 'AE', 'AF', 'AG', 'AI', 'AL', 'AM', 'AO', 'AQ', 'AR', 'AS', 'AT', 'AU', 'AW', 'AX', 'AZ', 'BA', 'BB', 'BD', 'BE', 'BF', 'BG', 'BH', 'BI', 'BJ', 'BL', 'BM', 'BN', 'BO', 'BQ', 'BR', 'BS', 'BT', '...</msg>
<var>${list_country}</var>
<arg>AD</arg>
<arg>AE</arg>
<arg>AF</arg>
<arg>AG</arg>
<arg>AI</arg>
<arg>AL</arg>
<arg>AM</arg>
<arg>AO</arg>
<arg>AQ</arg>
<arg>AR</arg>
<arg>AS</arg>
<arg>AT</arg>
<arg>AU</arg>
<arg>AW</arg>
<arg>AX</arg>
<arg>AZ</arg>
<arg>BA</arg>
<arg>BB</arg>
<arg>BD</arg>
<arg>BE</arg>
<arg>BF</arg>
<arg>BG</arg>
<arg>BH</arg>
<arg>BI</arg>
<arg>BJ</arg>
<arg>BL</arg>
<arg>BM</arg>
<arg>BN</arg>
<arg>BO</arg>
<arg>BQ</arg>
<arg>BR</arg>
<arg>BS</arg>
<arg>BT</arg>
<arg>BV</arg>
<arg>BW</arg>
<arg>BY</arg>
<arg>BZ</arg>
<arg>CA</arg>
<arg>CC</arg>
<arg>CD</arg>
<arg>CF</arg>
<arg>CG</arg>
<arg>CH</arg>
<arg>CI</arg>
<arg>CK</arg>
<arg>CL</arg>
<arg>CM</arg>
<arg>CN</arg>
<arg>CO</arg>
<arg>CR</arg>
<arg>CU</arg>
<arg>CV</arg>
<arg>CW</arg>
<arg>CX</arg>
<arg>CY</arg>
<arg>CZ</arg>
<arg>DE</arg>
<arg>DJ</arg>
<arg>DK</arg>
<arg>DM</arg>
<arg>DO</arg>
<arg>DZ</arg>
<arg>EC</arg>
<arg>EE</arg>
<arg>EG</arg>
<arg>EH</arg>
<arg>ER</arg>
<arg>ES</arg>
<arg>ET</arg>
<arg>FI</arg>
<arg>FJ</arg>
<arg>FK</arg>
<arg>FM</arg>
<arg>FO</arg>
<arg>FR</arg>
<arg>GA</arg>
<arg>GB</arg>
<arg>GD</arg>
<arg>GE</arg>
<arg>GF</arg>
<arg>GG</arg>
<arg>GH</arg>
<arg>GI</arg>
<arg>GL</arg>
<arg>GM</arg>
<arg>GN</arg>
<arg>GP</arg>
<arg>GQ</arg>
<arg>GR</arg>
<arg>GS</arg>
<arg>GT</arg>
<arg>GU</arg>
<arg>GW</arg>
<arg>GY</arg>
<arg>HK</arg>
<arg>HM</arg>
<arg>HN</arg>
<arg>HR</arg>
<arg>HT</arg>
<arg>HU</arg>
<arg>ID</arg>
<arg>IE</arg>
<arg>IL</arg>
<arg>IM</arg>
<arg>IN</arg>
<arg>IO</arg>
<arg>IQ</arg>
<arg>IR</arg>
<arg>IS</arg>
<arg>IT</arg>
<arg>JE</arg>
<arg>JM</arg>
<arg>JO</arg>
<arg>JP</arg>
<arg>KE</arg>
<arg>KG</arg>
<arg>KH</arg>
<arg>KI</arg>
<arg>KM</arg>
<arg>KN</arg>
<arg>KP</arg>
<arg>KR</arg>
<arg>KW</arg>
<arg>KY</arg>
<arg>KZ</arg>
<arg>LA</arg>
<arg>LB</arg>
<arg>LC</arg>
<arg>LI</arg>
<arg>LK</arg>
<arg>LR</arg>
<arg>LS</arg>
<arg>LT</arg>
<arg>LU</arg>
<arg>LV</arg>
<arg>LY</arg>
<arg>MA</arg>
<arg>MC</arg>
<arg>MD</arg>
<arg>ME</arg>
<arg>MF</arg>
<arg>MG</arg>
<arg>MH</arg>
<arg>MK</arg>
<arg>ML</arg>
<arg>MM</arg>
<arg>MN</arg>
<arg>MO</arg>
<arg>MP</arg>
<arg>MQ</arg>
<arg>MR</arg>
<arg>MS</arg>
<arg>MT</arg>
<arg>MU</arg>
<arg>MV</arg>
<arg>MW</arg>
<arg>MX</arg>
<arg>MY</arg>
<arg>MZ</arg>
<arg>NA</arg>
<arg>NC</arg>
<arg>NE</arg>
<arg>NF</arg>
<arg>NG</arg>
<arg>NI</arg>
<arg>NL</arg>
<arg>NO</arg>
<arg>NP</arg>
<arg>NR</arg>
<arg>NU</arg>
<arg>NZ</arg>
<arg>OM</arg>
<arg>PA</arg>
<arg>PE</arg>
<arg>PF</arg>
<arg>PG</arg>
<arg>PH</arg>
<arg>PK</arg>
<arg>PL</arg>
<arg>PM</arg>
<arg>PN</arg>
<arg>PR</arg>
<arg>PS</arg>
<arg>PT</arg>
<arg>PW</arg>
<arg>PY</arg>
<arg>QA</arg>
<arg>RE</arg>
<arg>RO</arg>
<arg>RS</arg>
<arg>RU</arg>
<arg>RW</arg>
<arg>SA</arg>
<arg>SB</arg>
<arg>SC</arg>
<arg>SD</arg>
<arg>SE</arg>
<arg>SG</arg>
<arg>SH</arg>
<arg>SI</arg>
<arg>SJ</arg>
<arg>SK</arg>
<arg>SL</arg>
<arg>SM</arg>
<arg>SN</arg>
<arg>SO</arg>
<arg>SR</arg>
<arg>SS</arg>
<arg>ST</arg>
<arg>SV</arg>
<arg>SX</arg>
<arg>SY</arg>
<arg>SZ</arg>
<arg>TC</arg>
<arg>TD</arg>
<arg>TF</arg>
<arg>TG</arg>
<arg>TH</arg>
<arg>TJ</arg>
<arg>TK</arg>
<arg>TL</arg>
<arg>TM</arg>
<arg>TN</arg>
<arg>TO</arg>
<arg>TR</arg>
<arg>TT</arg>
<arg>TV</arg>
<arg>TW</arg>
<arg>TZ</arg>
<arg>UA</arg>
<arg>UG</arg>
<arg>UM</arg>
<arg>US</arg>
<arg>UY</arg>
<arg>UZ</arg>
<arg>VA</arg>
<arg>VC</arg>
<arg>VE</arg>
<arg>VG</arg>
<arg>VI</arg>
<arg>VN</arg>
<arg>VU</arg>
<arg>WF</arg>
<arg>WS</arg>
<arg>XK</arg>
<arg>YE</arg>
<arg>YT</arg>
<arg>ZA</arg>
<arg>ZM</arg>
<arg>ZW</arg>
<doc>Returns a list containing given items.</doc>
<status status="PASS" start="2024-04-22T03:15:22.185591" elapsed="0.000605"/>
</kw>
<kw name="List Should Contain Value" owner="Collections">
<msg time="2024-04-22T03:15:22.187223" level="INFO">False</msg>
<arg>${list_country}</arg>
<arg>${name_country}</arg>
<doc>Fails if the ``value`` is not found from ``list``.</doc>
<status status="PASS" start="2024-04-22T03:15:22.187025" elapsed="0.000234"/>
</kw>
<kw name="Run Keyword If" owner="BuiltIn">
<kw name="Should Be True" owner="BuiltIn">
<arg>${True}</arg>
<doc>Fails if the given condition is not true.</doc>
<status status="PASS" start="2024-04-22T03:15:22.188332" elapsed="0.000142"/>
</kw>
<arg>${json_data["results"][0]["location"]["coordinates"]["latitude"]} &gt;= -90 and ${json_data["results"][0]["location"]["coordinates"]["latitude"]} &lt;= 90</arg>
<arg>Should Be True</arg>
<arg>${True}</arg>
<doc>Runs the given keyword with the given arguments, if ``condition`` is true.</doc>
<status status="PASS" start="2024-04-22T03:15:22.187569" elapsed="0.001031"/>
</kw>
<kw name="Run Keyword If" owner="BuiltIn">
<kw name="Should Be True" owner="BuiltIn">
<arg>${True}</arg>
<doc>Fails if the given condition is not true.</doc>
<status status="PASS" start="2024-04-22T03:15:22.189478" elapsed="0.000257"/>
</kw>
<arg>${json_data["results"][0]["location"]["coordinates"]["longitude"]} &gt;= -180 and ${json_data["results"][0]["location"]["coordinates"]["longitude"]} &lt;= 180</arg>
<arg>Should Be True</arg>
<arg>${True}</arg>
<doc>Runs the given keyword with the given arguments, if ``condition`` is true.</doc>
<status status="PASS" start="2024-04-22T03:15:22.188785" elapsed="0.001075"/>
</kw>
<status status="PASS" start="2024-04-22T03:15:21.973944" elapsed="0.216048"/>
</kw>
<doc>Testa o conteúdo específico dos campos retornados pela API.</doc>
<tag>testeConteudo</tag>
<status status="PASS" start="2024-04-22T03:15:21.973394" elapsed="0.216751"/>
</test>
<status status="PASS" start="2024-04-22T03:15:21.183070" elapsed="1.009086"/>
</suite>
<status status="PASS" start="2024-04-22T03:15:21.169410" elapsed="1.027843"/>
</suite>
<statistics>
<total>
<stat pass="5" fail="0" skip="0">All Tests</stat>
</total>
<tag>
<stat pass="1" fail="0" skip="0">testeConteudo</stat>
<stat pass="1" fail="0" skip="0">testeEstruturaResposta</stat>
<stat pass="1" fail="0" skip="0">testeRequisicaoBasica</stat>
<stat pass="1" fail="0" skip="0">testeTiposDados</stat>
</tag>
<suite>
<stat pass="5" fail="0" skip="0" id="s1" name="Tests">Tests</stat>
<stat pass="5" fail="0" skip="0" id="s1-s1" name="Random-User-Test">Tests.Random-User-Test</stat>
</suite>
</statistics>
<errors>
</errors>
</robot>
