<?xml version="1.0" encoding="UTF-8"?>
<robot generator="Robot 7.0.1 (Python 3.12.4 on linux)" generated="2024-08-07T18:20:49.515457" rpa="false" schemaversion="5">
<suite id="s1" name="Tests" source="/home/runner/work/ApiRandomUser/ApiRandomUser/RamdonUser/tests">
<suite id="s1-s1" name="Random-User-Test" source="/home/runner/work/ApiRandomUser/ApiRandomUser/RamdonUser/tests/random-user-test.robot">
<test id="s1-s1-t1" name="Conectar" line="13">
<kw name="Conectar API" owner="random-user-service">
<kw name="Create Session" owner="RequestsLibrary">
<msg time="2024-08-07T18:20:49.952783" level="INFO">Creating Session using : alias=consultarAPI, url=https://randomuser.me/, headers={},                     cookies={}, auth=None, timeout=None, proxies=None, verify=False,                     debug=0 </msg>
<arg>consultarAPI</arg>
<arg>${URL}</arg>
<doc>Create Session: create a HTTP session to a server</doc>
<status status="PASS" start="2024-08-07T18:20:49.952541" elapsed="0.000458"/>
</kw>
<status status="PASS" start="2024-08-07T18:20:49.951369" elapsed="0.002096"/>
</kw>
<status status="PASS" start="2024-08-07T18:20:49.950633" elapsed="0.003050"/>
</test>
<test id="s1-s1-t2" name="Validar retorno 200 e JSON Válido" line="16">
<kw name="Teste de Requisicao Basica" owner="random-user-service">
<kw name="GET On Session" owner="RequestsLibrary">
<msg time="2024-08-07T18:20:50.180505" level="INFO">GET Request : url=https://randomuser.me/api 
 path_url=/api 
 headers={'User-Agent': 'python-requests/2.32.3', 'Accept-Encoding': 'gzip, deflate', 'Accept': '*/*', 'Connection': 'keep-alive'} 
 body=None 
 </msg>
<msg time="2024-08-07T18:20:50.180690" level="INFO">GET Response : url=https://randomuser.me/api 
 status=200, reason=OK 
 headers={'Date': 'Wed, 07 Aug 2024 18:20:50 GMT', 'Content-Type': 'application/json; charset=utf-8', 'Transfer-Encoding': 'chunked', 'Connection': 'keep-alive', 'X-Powered-By': 'Express', 'Access-Control-Allow-Origin': '*', 'Cache-Control': 'no-cache', 'ETag': 'W/"482-PPliNvkk1/FtqZMX7owJ//xm3ew"', 'Vary': 'Accept-Encoding', 'Content-Encoding': 'gzip', 'CF-Cache-Status': 'DYNAMIC', 'Report-To': '{"endpoints":[{"url":"https:\\/\\/a.nel.cloudflare.com\\/report\\/v4?s=YS35HLlHY5KhBJTD5p0lH%2BmlChnCjlaCJf2IJ8nElkwE6oQ3vNVKRQNMLQ4XBap1LXi7nwL4ckyIUZxBCKziDoRIIMPtmnHH4otvOmXHGXu%2BPncVk3VDXLaR038ix73p"}],"group":"cf-nel","max_age":604800}', 'NEL': '{"success_fraction":0,"report_to":"cf-nel","max_age":604800}', 'Server': 'cloudflare', 'CF-RAY': '8af9486d698b581e-IAD', 'alt-svc': 'h3=":443"; ma=86400'} 
 body={"results":[{"gender":"female","name":{"title":"Miss","first":"Sinooka","last":"Ribalko"},"location":{"street":{"number":8779,"name":"Movi"},"city":"Hrestivka","state":"Vinnicka","country":"Ukraine","postcode":70380,"coordinates":{"latitude":"72.9221","longitude":"15.7552"},"timezone":{"offset":"-7:00","description":"Mountain Time (US &amp; Canada)"}},"email":"sinooka.ribalko@example.com","login":{"uuid":"db13e9e0-a2f0-4518-b33f-a517e3f1423d","username":"yellowostrich395","password":"chen","salt":"j9bvfGmp","md5":"6b831c1be94ba76466bbdac064b68849","sha1":"7c408efa9e969bfb97471bf0710be0b92fc1a833","sha256":"48209949cb62be0fed024dfaaf5164f67c836f9d4152fce7e7687106c5406ebb"},"dob":{"date":"1949-02-24T12:22:20.777Z","age":75},"registered":{"date":"2011-05-01T04:06:53.363Z","age":13},"phone":"(067) Z02-1188","cell":"(066) S87-8015","id":{"name":"","value":null},"picture":{"large":"https://randomuser.me/api/portraits/women/88.jpg","medium":"https://randomuser.me/api/portraits/med/women/88.jpg","thumbnail":"https://randomuser.me/api/portraits/thumb/women/88.jpg"},"nat":"UA"}],"info":{"seed":"1c565b67a2374416","results":1,"page":1,"version":"1.4"}} 
 </msg>
<msg time="2024-08-07T18:20:50.180787" level="INFO">/opt/hostedtoolcache/Python/3.12.4/x64/lib/python3.12/site-packages/urllib3/connectionpool.py:1099: InsecureRequestWarning: Unverified HTTPS request is being made to host 'randomuser.me'. Adding certificate verification is strongly advised. See: https://urllib3.readthedocs.io/en/latest/advanced-usage.html#tls-warnings
  warnings.warn(</msg>
<msg time="2024-08-07T18:20:50.180981" level="INFO">${response} = &lt;Response [200]&gt;</msg>
<var>${response}</var>
<arg>consultarAPI</arg>
<arg>/api</arg>
<doc>Sends a GET request on a previously created HTTP Session.</doc>
<status status="PASS" start="2024-08-07T18:20:49.956522" elapsed="0.224517"/>
</kw>
<kw name="Should Be Equal As Numbers" owner="BuiltIn">
<msg time="2024-08-07T18:20:50.182315" level="INFO">Argument types are:
&lt;class 'int'&gt;
&lt;class 'str'&gt;</msg>
<arg>${response.status_code}</arg>
<arg>200</arg>
<doc>Fails if objects are unequal after converting them to real numbers.</doc>
<status status="PASS" start="2024-08-07T18:20:50.181799" elapsed="0.000592"/>
</kw>
<kw name="Log" owner="BuiltIn">
<msg time="2024-08-07T18:20:50.183221" level="INFO">200</msg>
<arg>${response.status_code}</arg>
<doc>Logs the given message with the given level.</doc>
<status status="PASS" start="2024-08-07T18:20:50.182805" elapsed="0.000466"/>
</kw>
<kw name="Set Variable" owner="BuiltIn">
<msg time="2024-08-07T18:20:50.184138" level="INFO">${json_data} = {'results': [{'gender': 'female', 'name': {'title': 'Miss', 'first': 'Sinooka', 'last': 'Ribalko'}, 'location': {'street': {'number': 8779, 'name': 'Movi'}, 'city': 'Hrestivka', 'state': 'Vinnicka', '...</msg>
<var>${json_data}</var>
<arg>${response.json()}</arg>
<doc>Returns the given values which can then be assigned to a variables.</doc>
<status status="PASS" start="2024-08-07T18:20:50.183650" elapsed="0.000517"/>
</kw>
<kw name="Dictionary Should Contain Key" owner="Collections">
<arg>${json_data}</arg>
<arg>results</arg>
<doc>Fails if ``key`` is not found from ``dictionary``.</doc>
<status status="PASS" start="2024-08-07T18:20:50.184524" elapsed="0.000400"/>
</kw>
<status status="PASS" start="2024-08-07T18:20:49.956230" elapsed="0.228864"/>
</kw>
<doc>Testa se a API responde corretamente e retorna um objeto JSON válido.</doc>
<tag>testeRequisicaoBasica</tag>
<status status="PASS" start="2024-08-07T18:20:49.955618" elapsed="0.229678"/>
</test>
<test id="s1-s1-t3" name="Validar estrutura de resposta" line="22">
<kw name="Teste de Estrutura de Resposta" owner="random-user-service">
<kw name="GET On Session" owner="RequestsLibrary">
<msg time="2024-08-07T18:20:50.277878" level="INFO">GET Request : url=https://randomuser.me/api 
 path_url=/api 
 headers={'User-Agent': 'python-requests/2.32.3', 'Accept-Encoding': 'gzip, deflate', 'Accept': '*/*', 'Connection': 'keep-alive'} 
 body=None 
 </msg>
<msg time="2024-08-07T18:20:50.277994" level="INFO">GET Response : url=https://randomuser.me/api 
 status=200, reason=OK 
 headers={'Date': 'Wed, 07 Aug 2024 18:20:50 GMT', 'Content-Type': 'application/json; charset=utf-8', 'Transfer-Encoding': 'chunked', 'Connection': 'keep-alive', 'X-Powered-By': 'Express', 'Access-Control-Allow-Origin': '*', 'Cache-Control': 'no-cache', 'ETag': 'W/"489-2DyHZxYpuZGMH3UUnsyEUWH8PFE"', 'Vary': 'Accept-Encoding', 'Content-Encoding': 'gzip', 'CF-Cache-Status': 'DYNAMIC', 'Report-To': '{"endpoints":[{"url":"https:\\/\\/a.nel.cloudflare.com\\/report\\/v4?s=QTNM5f5e0IWyX1i8E7qLKA2YrzDcG0Yvp3uiHmp8iaAl%2BbHJGTidL%2BRAQKEmGvV%2F44atGqQnBlFsufsv2%2B1OcWSydZOLkEIE76rX94Nnbpu0LM%2BI4v4n8HWttmNvYnWU"}],"group":"cf-nel","max_age":604800}', 'NEL': '{"success_fraction":0,"report_to":"cf-nel","max_age":604800}', 'Server': 'cloudflare', 'CF-RAY': '8af9486da9ca581e-IAD', 'alt-svc': 'h3=":443"; ma=86400'} 
 body={"results":[{"gender":"male","name":{"title":"Mr","first":"Baljiwan","last":"Dhamdhame"},"location":{"street":{"number":761,"name":"Jagadamba Centre"},"city":"Khora","state":"Chandigarh","country":"India","postcode":17872,"coordinates":{"latitude":"4.3341","longitude":"-67.3647"},"timezone":{"offset":"-11:00","description":"Midway Island, Samoa"}},"email":"baljiwan.dhamdhame@example.com","login":{"uuid":"34015721-f52b-46bd-bd74-57f7102e9479","username":"heavyelephant420","password":"stallion","salt":"8thUyT3D","md5":"f5650e0cb3a6d6eb1fd16aa2aba7c8ad","sha1":"08a8e4ecd517ed1bbaf9a822f490d2feff6c5f43","sha256":"e4217f8873e6110384e913df74d296ae71f0265db1bddd18406129ce27cb7ce8"},"dob":{"date":"1970-09-02T20:53:14.873Z","age":53},"registered":{"date":"2022-02-02T17:45:00.719Z","age":2},"phone":"7018524666","cell":"7577159527","id":{"name":"UIDAI","value":"525365960160"},"picture":{"large":"https://randomuser.me/api/portraits/men/47.jpg","medium":"https://randomuser.me/api/portraits/med/men/47.jpg","thumbnail":"https://randomuser.me/api/portraits/thumb/men/47.jpg"},"nat":"IN"}],"info":{"seed":"0ea2f19a016a095e","results":1,"page":1,"version":"1.4"}} 
 </msg>
<msg time="2024-08-07T18:20:50.278154" level="INFO">/opt/hostedtoolcache/Python/3.12.4/x64/lib/python3.12/site-packages/urllib3/connectionpool.py:1099: InsecureRequestWarning: Unverified HTTPS request is being made to host 'randomuser.me'. Adding certificate verification is strongly advised. See: https://urllib3.readthedocs.io/en/latest/advanced-usage.html#tls-warnings
  warnings.warn(</msg>
<msg time="2024-08-07T18:20:50.278316" level="INFO">${response} = &lt;Response [200]&gt;</msg>
<var>${response}</var>
<arg>consultarAPI</arg>
<arg>/api</arg>
<doc>Sends a GET request on a previously created HTTP Session.</doc>
<status status="PASS" start="2024-08-07T18:20:50.188206" elapsed="0.090152"/>
</kw>
<kw name="Set Variable" owner="BuiltIn">
<msg time="2024-08-07T18:20:50.279454" level="INFO">${json_data} = {'results': [{'gender': 'male', 'name': {'title': 'Mr', 'first': 'Baljiwan', 'last': 'Dhamdhame'}, 'location': {'street': {'number': 761, 'name': 'Jagadamba Centre'}, 'city': 'Khora', 'state': 'Chandi...</msg>
<var>${json_data}</var>
<arg>${response.json()}</arg>
<doc>Returns the given values which can then be assigned to a variables.</doc>
<status status="PASS" start="2024-08-07T18:20:50.278887" elapsed="0.000597"/>
</kw>
<kw name="Log" owner="BuiltIn">
<msg time="2024-08-07T18:20:50.280053" level="INFO">{'results': [{'gender': 'male', 'name': {'title': 'Mr', 'first': 'Baljiwan', 'last': 'Dhamdhame'}, 'location': {'street': {'number': 761, 'name': 'Jagadamba Centre'}, 'city': 'Khora', 'state': 'Chandigarh', 'country': 'India', 'postcode': 17872, 'coordinates': {'latitude': '4.3341', 'longitude': '-67.3647'}, 'timezone': {'offset': '-11:00', 'description': 'Midway Island, Samoa'}}, 'email': 'baljiwan.dhamdhame@example.com', 'login': {'uuid': '34015721-f52b-46bd-bd74-57f7102e9479', 'username': 'heavyelephant420', 'password': 'stallion', 'salt': '8thUyT3D', 'md5': 'f5650e0cb3a6d6eb1fd16aa2aba7c8ad', 'sha1': '08a8e4ecd517ed1bbaf9a822f490d2feff6c5f43', 'sha256': 'e4217f8873e6110384e913df74d296ae71f0265db1bddd18406129ce27cb7ce8'}, 'dob': {'date': '1970-09-02T20:53:14.873Z', 'age': 53}, 'registered': {'date': '2022-02-02T17:45:00.719Z', 'age': 2}, 'phone': '7018524666', 'cell': '7577159527', 'id': {'name': 'UIDAI', 'value': '525365960160'}, 'picture': {'large': 'https://randomuser.me/api/portraits/men/47.jpg', 'medium': 'https://randomuser.me/api/portraits/med/men/47.jpg', 'thumbnail': 'https://randomuser.me/api/portraits/thumb/men/47.jpg'}, 'nat': 'IN'}], 'info': {'seed': '0ea2f19a016a095e', 'results': 1, 'page': 1, 'version': '1.4'}}</msg>
<arg>${json_data}</arg>
<doc>Logs the given message with the given level.</doc>
<status status="PASS" start="2024-08-07T18:20:50.279868" elapsed="0.000236"/>
</kw>
<kw name="Dictionary Should Contain Key" owner="Collections">
<arg>${json_data}</arg>
<arg>results</arg>
<doc>Fails if ``key`` is not found from ``dictionary``.</doc>
<status status="PASS" start="2024-08-07T18:20:50.280450" elapsed="0.000185"/>
</kw>
<kw name="Should Not Be Empty" owner="BuiltIn">
<msg time="2024-08-07T18:20:50.280981" level="INFO">Length is 2.</msg>
<arg>${json_data}</arg>
<doc>Verifies that the given item is not empty.</doc>
<status status="PASS" start="2024-08-07T18:20:50.280837" elapsed="0.000185"/>
</kw>
<kw name="Create List" owner="BuiltIn">
<msg time="2024-08-07T18:20:50.281546" level="INFO">${expected_keys} = ['gender', 'name', 'location', 'email', 'login']</msg>
<var>${expected_keys}</var>
<arg>gender</arg>
<arg>name</arg>
<arg>location</arg>
<arg>email</arg>
<arg>login</arg>
<doc>Returns a list containing given items.</doc>
<status status="PASS" start="2024-08-07T18:20:50.281344" elapsed="0.000227"/>
</kw>
<for flavor="IN">
<iter>
<kw name="Dictionary Should Contain Key" owner="Collections">
<arg>${json_data['results'][0]}</arg>
<arg>${key}</arg>
<doc>Fails if ``key`` is not found from ``dictionary``.</doc>
<status status="PASS" start="2024-08-07T18:20:50.282187" elapsed="0.000454"/>
</kw>
<kw name="Log" owner="BuiltIn">
<msg time="2024-08-07T18:20:50.283227" level="INFO">{'gender': 'male', 'name': {'title': 'Mr', 'first': 'Baljiwan', 'last': 'Dhamdhame'}, 'location': {'street': {'number': 761, 'name': 'Jagadamba Centre'}, 'city': 'Khora', 'state': 'Chandigarh', 'country': 'India', 'postcode': 17872, 'coordinates': {'latitude': '4.3341', 'longitude': '-67.3647'}, 'timezone': {'offset': '-11:00', 'description': 'Midway Island, Samoa'}}, 'email': 'baljiwan.dhamdhame@example.com', 'login': {'uuid': '34015721-f52b-46bd-bd74-57f7102e9479', 'username': 'heavyelephant420', 'password': 'stallion', 'salt': '8thUyT3D', 'md5': 'f5650e0cb3a6d6eb1fd16aa2aba7c8ad', 'sha1': '08a8e4ecd517ed1bbaf9a822f490d2feff6c5f43', 'sha256': 'e4217f8873e6110384e913df74d296ae71f0265db1bddd18406129ce27cb7ce8'}, 'dob': {'date': '1970-09-02T20:53:14.873Z', 'age': 53}, 'registered': {'date': '2022-02-02T17:45:00.719Z', 'age': 2}, 'phone': '7018524666', 'cell': '7577159527', 'id': {'name': 'UIDAI', 'value': '525365960160'}, 'picture': {'large': 'https://randomuser.me/api/portraits/men/47.jpg', 'medium': 'https://randomuser.me/api/portraits/med/men/47.jpg', 'thumbnail': 'https://randomuser.me/api/portraits/thumb/men/47.jpg'}, 'nat': 'IN'}</msg>
<arg>${json_data['results'][0]}</arg>
<doc>Logs the given message with the given level.</doc>
<status status="PASS" start="2024-08-07T18:20:50.282844" elapsed="0.000433"/>
</kw>
<kw name="Log" owner="BuiltIn">
<msg time="2024-08-07T18:20:50.283730" level="INFO">gender</msg>
<arg>${key}</arg>
<doc>Logs the given message with the given level.</doc>
<status status="PASS" start="2024-08-07T18:20:50.283592" elapsed="0.000178"/>
</kw>
<var name="${key}">gender</var>
<status status="PASS" start="2024-08-07T18:20:50.282053" elapsed="0.001949"/>
</iter>
<iter>
<kw name="Dictionary Should Contain Key" owner="Collections">
<arg>${json_data['results'][0]}</arg>
<arg>${key}</arg>
<doc>Fails if ``key`` is not found from ``dictionary``.</doc>
<status status="PASS" start="2024-08-07T18:20:50.284330" elapsed="0.000411"/>
</kw>
<kw name="Log" owner="BuiltIn">
<msg time="2024-08-07T18:20:50.285309" level="INFO">{'gender': 'male', 'name': {'title': 'Mr', 'first': 'Baljiwan', 'last': 'Dhamdhame'}, 'location': {'street': {'number': 761, 'name': 'Jagadamba Centre'}, 'city': 'Khora', 'state': 'Chandigarh', 'country': 'India', 'postcode': 17872, 'coordinates': {'latitude': '4.3341', 'longitude': '-67.3647'}, 'timezone': {'offset': '-11:00', 'description': 'Midway Island, Samoa'}}, 'email': 'baljiwan.dhamdhame@example.com', 'login': {'uuid': '34015721-f52b-46bd-bd74-57f7102e9479', 'username': 'heavyelephant420', 'password': 'stallion', 'salt': '8thUyT3D', 'md5': 'f5650e0cb3a6d6eb1fd16aa2aba7c8ad', 'sha1': '08a8e4ecd517ed1bbaf9a822f490d2feff6c5f43', 'sha256': 'e4217f8873e6110384e913df74d296ae71f0265db1bddd18406129ce27cb7ce8'}, 'dob': {'date': '1970-09-02T20:53:14.873Z', 'age': 53}, 'registered': {'date': '2022-02-02T17:45:00.719Z', 'age': 2}, 'phone': '7018524666', 'cell': '7577159527', 'id': {'name': 'UIDAI', 'value': '525365960160'}, 'picture': {'large': 'https://randomuser.me/api/portraits/men/47.jpg', 'medium': 'https://randomuser.me/api/portraits/med/men/47.jpg', 'thumbnail': 'https://randomuser.me/api/portraits/thumb/men/47.jpg'}, 'nat': 'IN'}</msg>
<arg>${json_data['results'][0]}</arg>
<doc>Logs the given message with the given level.</doc>
<status status="PASS" start="2024-08-07T18:20:50.284931" elapsed="0.000493"/>
</kw>
<kw name="Log" owner="BuiltIn">
<msg time="2024-08-07T18:20:50.285879" level="INFO">name</msg>
<arg>${key}</arg>
<doc>Logs the given message with the given level.</doc>
<status status="PASS" start="2024-08-07T18:20:50.285745" elapsed="0.000173"/>
</kw>
<var name="${key}">name</var>
<status status="PASS" start="2024-08-07T18:20:50.284205" elapsed="0.001938"/>
</iter>
<iter>
<kw name="Dictionary Should Contain Key" owner="Collections">
<arg>${json_data['results'][0]}</arg>
<arg>${key}</arg>
<doc>Fails if ``key`` is not found from ``dictionary``.</doc>
<status status="PASS" start="2024-08-07T18:20:50.286453" elapsed="0.000401"/>
</kw>
<kw name="Log" owner="BuiltIn">
<msg time="2024-08-07T18:20:50.287397" level="INFO">{'gender': 'male', 'name': {'title': 'Mr', 'first': 'Baljiwan', 'last': 'Dhamdhame'}, 'location': {'street': {'number': 761, 'name': 'Jagadamba Centre'}, 'city': 'Khora', 'state': 'Chandigarh', 'country': 'India', 'postcode': 17872, 'coordinates': {'latitude': '4.3341', 'longitude': '-67.3647'}, 'timezone': {'offset': '-11:00', 'description': 'Midway Island, Samoa'}}, 'email': 'baljiwan.dhamdhame@example.com', 'login': {'uuid': '34015721-f52b-46bd-bd74-57f7102e9479', 'username': 'heavyelephant420', 'password': 'stallion', 'salt': '8thUyT3D', 'md5': 'f5650e0cb3a6d6eb1fd16aa2aba7c8ad', 'sha1': '08a8e4ecd517ed1bbaf9a822f490d2feff6c5f43', 'sha256': 'e4217f8873e6110384e913df74d296ae71f0265db1bddd18406129ce27cb7ce8'}, 'dob': {'date': '1970-09-02T20:53:14.873Z', 'age': 53}, 'registered': {'date': '2022-02-02T17:45:00.719Z', 'age': 2}, 'phone': '7018524666', 'cell': '7577159527', 'id': {'name': 'UIDAI', 'value': '525365960160'}, 'picture': {'large': 'https://randomuser.me/api/portraits/men/47.jpg', 'medium': 'https://randomuser.me/api/portraits/med/men/47.jpg', 'thumbnail': 'https://randomuser.me/api/portraits/thumb/men/47.jpg'}, 'nat': 'IN'}</msg>
<arg>${json_data['results'][0]}</arg>
<doc>Logs the given message with the given level.</doc>
<status status="PASS" start="2024-08-07T18:20:50.287038" elapsed="0.000409"/>
</kw>
<kw name="Log" owner="BuiltIn">
<msg time="2024-08-07T18:20:50.287899" level="INFO">location</msg>
<arg>${key}</arg>
<doc>Logs the given message with the given level.</doc>
<status status="PASS" start="2024-08-07T18:20:50.287770" elapsed="0.000168"/>
</kw>
<var name="${key}">location</var>
<status status="PASS" start="2024-08-07T18:20:50.286337" elapsed="0.001824"/>
</iter>
<iter>
<kw name="Dictionary Should Contain Key" owner="Collections">
<arg>${json_data['results'][0]}</arg>
<arg>${key}</arg>
<doc>Fails if ``key`` is not found from ``dictionary``.</doc>
<status status="PASS" start="2024-08-07T18:20:50.288456" elapsed="0.000403"/>
</kw>
<kw name="Log" owner="BuiltIn">
<msg time="2024-08-07T18:20:50.289615" level="INFO">{'gender': 'male', 'name': {'title': 'Mr', 'first': 'Baljiwan', 'last': 'Dhamdhame'}, 'location': {'street': {'number': 761, 'name': 'Jagadamba Centre'}, 'city': 'Khora', 'state': 'Chandigarh', 'country': 'India', 'postcode': 17872, 'coordinates': {'latitude': '4.3341', 'longitude': '-67.3647'}, 'timezone': {'offset': '-11:00', 'description': 'Midway Island, Samoa'}}, 'email': 'baljiwan.dhamdhame@example.com', 'login': {'uuid': '34015721-f52b-46bd-bd74-57f7102e9479', 'username': 'heavyelephant420', 'password': 'stallion', 'salt': '8thUyT3D', 'md5': 'f5650e0cb3a6d6eb1fd16aa2aba7c8ad', 'sha1': '08a8e4ecd517ed1bbaf9a822f490d2feff6c5f43', 'sha256': 'e4217f8873e6110384e913df74d296ae71f0265db1bddd18406129ce27cb7ce8'}, 'dob': {'date': '1970-09-02T20:53:14.873Z', 'age': 53}, 'registered': {'date': '2022-02-02T17:45:00.719Z', 'age': 2}, 'phone': '7018524666', 'cell': '7577159527', 'id': {'name': 'UIDAI', 'value': '525365960160'}, 'picture': {'large': 'https://randomuser.me/api/portraits/men/47.jpg', 'medium': 'https://randomuser.me/api/portraits/med/men/47.jpg', 'thumbnail': 'https://randomuser.me/api/portraits/thumb/men/47.jpg'}, 'nat': 'IN'}</msg>
<arg>${json_data['results'][0]}</arg>
<doc>Logs the given message with the given level.</doc>
<status status="PASS" start="2024-08-07T18:20:50.289209" elapsed="0.000455"/>
</kw>
<kw name="Log" owner="BuiltIn">
<msg time="2024-08-07T18:20:50.290112" level="INFO">email</msg>
<arg>${key}</arg>
<doc>Logs the given message with the given level.</doc>
<status status="PASS" start="2024-08-07T18:20:50.289978" elapsed="0.000175"/>
</kw>
<var name="${key}">email</var>
<status status="PASS" start="2024-08-07T18:20:50.288345" elapsed="0.002036"/>
</iter>
<iter>
<kw name="Dictionary Should Contain Key" owner="Collections">
<arg>${json_data['results'][0]}</arg>
<arg>${key}</arg>
<doc>Fails if ``key`` is not found from ``dictionary``.</doc>
<status status="PASS" start="2024-08-07T18:20:50.290683" elapsed="0.000398"/>
</kw>
<kw name="Log" owner="BuiltIn">
<msg time="2024-08-07T18:20:50.291610" level="INFO">{'gender': 'male', 'name': {'title': 'Mr', 'first': 'Baljiwan', 'last': 'Dhamdhame'}, 'location': {'street': {'number': 761, 'name': 'Jagadamba Centre'}, 'city': 'Khora', 'state': 'Chandigarh', 'country': 'India', 'postcode': 17872, 'coordinates': {'latitude': '4.3341', 'longitude': '-67.3647'}, 'timezone': {'offset': '-11:00', 'description': 'Midway Island, Samoa'}}, 'email': 'baljiwan.dhamdhame@example.com', 'login': {'uuid': '34015721-f52b-46bd-bd74-57f7102e9479', 'username': 'heavyelephant420', 'password': 'stallion', 'salt': '8thUyT3D', 'md5': 'f5650e0cb3a6d6eb1fd16aa2aba7c8ad', 'sha1': '08a8e4ecd517ed1bbaf9a822f490d2feff6c5f43', 'sha256': 'e4217f8873e6110384e913df74d296ae71f0265db1bddd18406129ce27cb7ce8'}, 'dob': {'date': '1970-09-02T20:53:14.873Z', 'age': 53}, 'registered': {'date': '2022-02-02T17:45:00.719Z', 'age': 2}, 'phone': '7018524666', 'cell': '7577159527', 'id': {'name': 'UIDAI', 'value': '525365960160'}, 'picture': {'large': 'https://randomuser.me/api/portraits/men/47.jpg', 'medium': 'https://randomuser.me/api/portraits/med/men/47.jpg', 'thumbnail': 'https://randomuser.me/api/portraits/thumb/men/47.jpg'}, 'nat': 'IN'}</msg>
<arg>${json_data['results'][0]}</arg>
<doc>Logs the given message with the given level.</doc>
<status status="PASS" start="2024-08-07T18:20:50.291263" elapsed="0.000394"/>
</kw>
<kw name="Log" owner="BuiltIn">
<msg time="2024-08-07T18:20:50.292089" level="INFO">login</msg>
<arg>${key}</arg>
<doc>Logs the given message with the given level.</doc>
<status status="PASS" start="2024-08-07T18:20:50.291959" elapsed="0.000169"/>
</kw>
<var name="${key}">login</var>
<status status="PASS" start="2024-08-07T18:20:50.290572" elapsed="0.001777"/>
</iter>
<var>${key}</var>
<value>@{expected_keys}</value>
<status status="PASS" start="2024-08-07T18:20:50.281847" elapsed="0.010623"/>
</for>
<kw name="Create List" owner="BuiltIn">
<msg time="2024-08-07T18:20:50.292818" level="INFO">${expected_keysTwo} = ['username', 'password']</msg>
<var>${expected_keysTwo}</var>
<arg>username</arg>
<arg>password</arg>
<doc>Returns a list containing given items.</doc>
<status status="PASS" start="2024-08-07T18:20:50.292677" elapsed="0.000167"/>
</kw>
<for flavor="IN">
<iter>
<kw name="Dictionary Should Contain Key" owner="Collections">
<arg>${json_data['results'][0]['login']}</arg>
<arg>${keyTwo}</arg>
<doc>Fails if ``key`` is not found from ``dictionary``.</doc>
<status status="PASS" start="2024-08-07T18:20:50.293433" elapsed="0.000411"/>
</kw>
<kw name="Dictionary Should Contain Key" owner="Collections">
<arg>${json_data['results'][0]['login']}</arg>
<arg>${keyTwo}</arg>
<doc>Fails if ``key`` is not found from ``dictionary``.</doc>
<status status="PASS" start="2024-08-07T18:20:50.294024" elapsed="0.000379"/>
</kw>
<kw name="Log" owner="BuiltIn">
<msg time="2024-08-07T18:20:50.294702" level="INFO">username</msg>
<arg>${keyTwo}</arg>
<doc>Logs the given message with the given level.</doc>
<status status="PASS" start="2024-08-07T18:20:50.294580" elapsed="0.000160"/>
</kw>
<var name="${keyTwo}">username</var>
<status status="PASS" start="2024-08-07T18:20:50.293297" elapsed="0.001666"/>
</iter>
<iter>
<kw name="Dictionary Should Contain Key" owner="Collections">
<arg>${json_data['results'][0]['login']}</arg>
<arg>${keyTwo}</arg>
<doc>Fails if ``key`` is not found from ``dictionary``.</doc>
<status status="PASS" start="2024-08-07T18:20:50.295250" elapsed="0.000397"/>
</kw>
<kw name="Dictionary Should Contain Key" owner="Collections">
<arg>${json_data['results'][0]['login']}</arg>
<arg>${keyTwo}</arg>
<doc>Fails if ``key`` is not found from ``dictionary``.</doc>
<status status="PASS" start="2024-08-07T18:20:50.295827" elapsed="0.000371"/>
</kw>
<kw name="Log" owner="BuiltIn">
<msg time="2024-08-07T18:20:50.296500" level="INFO">password</msg>
<arg>${keyTwo}</arg>
<doc>Logs the given message with the given level.</doc>
<status status="PASS" start="2024-08-07T18:20:50.296375" elapsed="0.000163"/>
</kw>
<var name="${keyTwo}">password</var>
<status status="PASS" start="2024-08-07T18:20:50.295144" elapsed="0.001616"/>
</iter>
<var>${keyTwo}</var>
<value>@{expected_keysTwo}</value>
<status status="PASS" start="2024-08-07T18:20:50.293129" elapsed="0.003754"/>
</for>
<status status="PASS" start="2024-08-07T18:20:50.187928" elapsed="0.109112"/>
</kw>
<doc>Testa a estrutura da resposta da API.</doc>
<tag>testeEstruturaResposta</tag>
<status status="PASS" start="2024-08-07T18:20:50.187240" elapsed="0.109965"/>
</test>
<test id="s1-s1-t4" name="Validar tipos de dados" line="28">
<kw name="Teste de Tipos de Dados" owner="random-user-service">
<kw name="GET On Session" owner="RequestsLibrary">
<msg time="2024-08-07T18:20:50.381940" level="INFO">GET Request : url=https://randomuser.me/api 
 path_url=/api 
 headers={'User-Agent': 'python-requests/2.32.3', 'Accept-Encoding': 'gzip, deflate', 'Accept': '*/*', 'Connection': 'keep-alive'} 
 body=None 
 </msg>
<msg time="2024-08-07T18:20:50.382048" level="INFO">GET Response : url=https://randomuser.me/api 
 status=200, reason=OK 
 headers={'Date': 'Wed, 07 Aug 2024 18:20:50 GMT', 'Content-Type': 'application/json; charset=utf-8', 'Transfer-Encoding': 'chunked', 'Connection': 'keep-alive', 'X-Powered-By': 'Express', 'Access-Control-Allow-Origin': '*', 'Cache-Control': 'no-cache', 'ETag': 'W/"486-GZcecQBNQ17CQ5FyPCRcAAz5Vk0"', 'Vary': 'Accept-Encoding', 'Content-Encoding': 'gzip', 'CF-Cache-Status': 'DYNAMIC', 'Report-To': '{"endpoints":[{"url":"https:\\/\\/a.nel.cloudflare.com\\/report\\/v4?s=N%2BP7%2FaIuJu05P3xO2lmTw%2FvVs1oVrDTmo2suAx6%2FLDqVBO6KYz2x7QnYrxCcBXYEAvp9vNhBcQivlpKnpEgxtFXa3JW6CoCQK7vZlnJJW9a0Rl9MwKQ5345pMaS1c3R5"}],"group":"cf-nel","max_age":604800}', 'NEL': '{"success_fraction":0,"report_to":"cf-nel","max_age":604800}', 'Server': 'cloudflare', 'CF-RAY': '8af9486e6a5b581e-IAD', 'alt-svc': 'h3=":443"; ma=86400'} 
 body={"results":[{"gender":"male","name":{"title":"Mr","first":"Kadir","last":"Düşenkalkar"},"location":{"street":{"number":497,"name":"Istiklal Cd"},"city":"Batman","state":"Kırklareli","country":"Turkey","postcode":19246,"coordinates":{"latitude":"66.0733","longitude":"-53.1563"},"timezone":{"offset":"-8:00","description":"Pacific Time (US &amp; Canada)"}},"email":"kadir.dusenkalkar@example.com","login":{"uuid":"75207e71-bad6-4942-8d53-a12dcb833f62","username":"goldenelephant662","password":"string","salt":"SO2xLpkV","md5":"b94c56429398ae048474ad2f4bc3bd6a","sha1":"b7b102abb0f6eb4f80101f3304e7df1140ed35d1","sha256":"47f18f5beebcfa3cec4a01ca72ca9cf2f6aad1c8c71d7be4652972a6a5a7cc87"},"dob":{"date":"1949-07-04T11:03:59.683Z","age":75},"registered":{"date":"2004-11-11T23:17:54.091Z","age":19},"phone":"(775)-129-3198","cell":"(146)-886-6358","id":{"name":"","value":null},"picture":{"large":"https://randomuser.me/api/portraits/men/86.jpg","medium":"https://randomuser.me/api/portraits/med/men/86.jpg","thumbnail":"https://randomuser.me/api/portraits/thumb/men/86.jpg"},"nat":"TR"}],"info":{"seed":"9ade2b4e7e731321","results":1,"page":1,"version":"1.4"}} 
 </msg>
<msg time="2024-08-07T18:20:50.382132" level="INFO">/opt/hostedtoolcache/Python/3.12.4/x64/lib/python3.12/site-packages/urllib3/connectionpool.py:1099: InsecureRequestWarning: Unverified HTTPS request is being made to host 'randomuser.me'. Adding certificate verification is strongly advised. See: https://urllib3.readthedocs.io/en/latest/advanced-usage.html#tls-warnings
  warnings.warn(</msg>
<msg time="2024-08-07T18:20:50.382285" level="INFO">${response} = &lt;Response [200]&gt;</msg>
<var>${response}</var>
<arg>consultarAPI</arg>
<arg>/api</arg>
<doc>Sends a GET request on a previously created HTTP Session.</doc>
<status status="PASS" start="2024-08-07T18:20:50.299936" elapsed="0.082403"/>
</kw>
<kw name="Set Variable" owner="BuiltIn">
<msg time="2024-08-07T18:20:50.383504" level="INFO">${json_data} = {'results': [{'gender': 'male', 'name': {'title': 'Mr', 'first': 'Kadir', 'last': 'Düşenkalkar'}, 'location': {'street': {'number': 497, 'name': 'Istiklal Cd'}, 'city': 'Batman', 'state': 'Kırklareli'...</msg>
<var>${json_data}</var>
<arg>${response.json()}</arg>
<doc>Returns the given values which can then be assigned to a variables.</doc>
<status status="PASS" start="2024-08-07T18:20:50.382925" elapsed="0.000615"/>
</kw>
<kw name="Log" owner="BuiltIn">
<msg time="2024-08-07T18:20:50.384135" level="INFO">{'results': [{'gender': 'male', 'name': {'title': 'Mr', 'first': 'Kadir', 'last': 'Düşenkalkar'}, 'location': {'street': {'number': 497, 'name': 'Istiklal Cd'}, 'city': 'Batman', 'state': 'Kırklareli', 'country': 'Turkey', 'postcode': 19246, 'coordinates': {'latitude': '66.0733', 'longitude': '-53.1563'}, 'timezone': {'offset': '-8:00', 'description': 'Pacific Time (US &amp; Canada)'}}, 'email': 'kadir.dusenkalkar@example.com', 'login': {'uuid': '75207e71-bad6-4942-8d53-a12dcb833f62', 'username': 'goldenelephant662', 'password': 'string', 'salt': 'SO2xLpkV', 'md5': 'b94c56429398ae048474ad2f4bc3bd6a', 'sha1': 'b7b102abb0f6eb4f80101f3304e7df1140ed35d1', 'sha256': '47f18f5beebcfa3cec4a01ca72ca9cf2f6aad1c8c71d7be4652972a6a5a7cc87'}, 'dob': {'date': '1949-07-04T11:03:59.683Z', 'age': 75}, 'registered': {'date': '2004-11-11T23:17:54.091Z', 'age': 19}, 'phone': '(775)-129-3198', 'cell': '(146)-886-6358', 'id': {'name': '', 'value': None}, 'picture': {'large': 'https://randomuser.me/api/portraits/men/86.jpg', 'medium': 'https://randomuser.me/api/portraits/med/men/86.jpg', 'thumbnail': 'https://randomuser.me/api/portraits/thumb/men/86.jpg'}, 'nat': 'TR'}], 'info': {'seed': '9ade2b4e7e731321', 'results': 1, 'page': 1, 'version': '1.4'}}</msg>
<arg>${json_data}</arg>
<doc>Logs the given message with the given level.</doc>
<status status="PASS" start="2024-08-07T18:20:50.383939" elapsed="0.000253"/>
</kw>
<kw name="Should Be String" owner="String">
<arg>${json_data['results'][0]['gender']}</arg>
<doc>Fails if the given ``item`` is not a string.</doc>
<status status="PASS" start="2024-08-07T18:20:50.384543" elapsed="0.000418"/>
</kw>
<kw name="Should Match Regexp" owner="BuiltIn">
<arg>${json_data['results'][0]['email']}</arg>
<arg>^[a-zA-Z0-9._%+-]+@[a-zA-Z0-9.-]+\.[a-zA-Z]{2,}$</arg>
<doc>Fails if ``string`` does not match ``pattern`` as a regular expression.</doc>
<status status="PASS" start="2024-08-07T18:20:50.385179" elapsed="0.000609"/>
</kw>
<kw name="Should Match Regexp" owner="BuiltIn">
<arg>${json_data['results'][0]['dob']['date']}</arg>
<arg>\\d{4}-\\d{2}-\\d{2}T\\d{2}:\\d{2}:\\d{2}\\.\\d{3}Z</arg>
<doc>Fails if ``string`` does not match ``pattern`` as a regular expression.</doc>
<status status="PASS" start="2024-08-07T18:20:50.386048" elapsed="0.000701"/>
</kw>
<kw name="Should Match Regexp" owner="BuiltIn">
<arg>${json_data['results'][0]['registered']['date']}</arg>
<arg>\\d{4}-\\d{2}-\\d{2}T\\d{2}:\\d{2}:\\d{2}\\.\\d{3}Z</arg>
<doc>Fails if ``string`` does not match ``pattern`` as a regular expression.</doc>
<status status="PASS" start="2024-08-07T18:20:50.386962" elapsed="0.000402"/>
</kw>
<kw name="Should Match Regexp" owner="BuiltIn">
<arg>${json_data['results'][0]['picture']['large']}</arg>
<arg>^https?://.*\.(?:png|jpe?g|gif|bmp)$</arg>
<doc>Fails if ``string`` does not match ``pattern`` as a regular expression.</doc>
<status status="PASS" start="2024-08-07T18:20:50.387562" elapsed="0.000496"/>
</kw>
<kw name="Should Match Regexp" owner="BuiltIn">
<arg>${json_data['results'][0]['picture']['medium']}</arg>
<arg>^https?://.*\.(?:png|jpe?g|gif|bmp)$</arg>
<doc>Fails if ``string`` does not match ``pattern`` as a regular expression.</doc>
<status status="PASS" start="2024-08-07T18:20:50.388255" elapsed="0.000375"/>
</kw>
<kw name="Should Match Regexp" owner="BuiltIn">
<arg>${json_data['results'][0]['picture']['thumbnail']}</arg>
<arg>^https?://.*\.(?:png|jpe?g|gif|bmp)$</arg>
<doc>Fails if ``string`` does not match ``pattern`` as a regular expression.</doc>
<status status="PASS" start="2024-08-07T18:20:50.388820" elapsed="0.000361"/>
</kw>
<kw name="Log" owner="BuiltIn">
<msg time="2024-08-07T18:20:50.389733" level="INFO">{'large': 'https://randomuser.me/api/portraits/men/86.jpg', 'medium': 'https://randomuser.me/api/portraits/med/men/86.jpg', 'thumbnail': 'https://randomuser.me/api/portraits/thumb/men/86.jpg'}</msg>
<arg>${json_data['results'][0]['picture']}</arg>
<doc>Logs the given message with the given level.</doc>
<status status="PASS" start="2024-08-07T18:20:50.389392" elapsed="0.000386"/>
</kw>
<status status="PASS" start="2024-08-07T18:20:50.299694" elapsed="0.090394"/>
</kw>
<kw name="Teste de Tipos de Dados - Postcode" owner="random-user-service">
<kw name="GET On Session" owner="RequestsLibrary">
<msg time="2024-08-07T18:20:50.485324" level="INFO">GET Request : url=https://randomuser.me/api 
 path_url=/api 
 headers={'User-Agent': 'python-requests/2.32.3', 'Accept-Encoding': 'gzip, deflate', 'Accept': '*/*', 'Connection': 'keep-alive'} 
 body=None 
 </msg>
<msg time="2024-08-07T18:20:50.485460" level="INFO">GET Response : url=https://randomuser.me/api 
 status=200, reason=OK 
 headers={'Date': 'Wed, 07 Aug 2024 18:20:50 GMT', 'Content-Type': 'application/json; charset=utf-8', 'Transfer-Encoding': 'chunked', 'Connection': 'keep-alive', 'X-Powered-By': 'Express', 'Access-Control-Allow-Origin': '*', 'Cache-Control': 'no-cache', 'ETag': 'W/"46c-R5CKCVS4wQ27GoSVVH9z8AosZko"', 'Vary': 'Accept-Encoding', 'Content-Encoding': 'gzip', 'CF-Cache-Status': 'DYNAMIC', 'Report-To': '{"endpoints":[{"url":"https:\\/\\/a.nel.cloudflare.com\\/report\\/v4?s=Ln4u7ddCHc377CdgNr0bI3Gdz1ahef0iO5cUw10ODziQdsvEOGKPbgCUAQsejoeG69s37h921gHHeabL6DjrJfgH83czR9yZ3E6uBH7ANZWEUnhdDHH8Wp0w1egKUucw"}],"group":"cf-nel","max_age":604800}', 'NEL': '{"success_fraction":0,"report_to":"cf-nel","max_age":604800}', 'Server': 'cloudflare', 'CF-RAY': '8af9486efaf0581e-IAD', 'alt-svc': 'h3=":443"; ma=86400'} 
 body={"results":[{"gender":"female","name":{"title":"Miss","first":"Ella","last":"Thomsen"},"location":{"street":{"number":7188,"name":"Uglevej"},"city":"Esbjerg V","state":"Nordjylland","country":"Denmark","postcode":37533,"coordinates":{"latitude":"-46.7801","longitude":"2.5762"},"timezone":{"offset":"+3:30","description":"Tehran"}},"email":"ella.thomsen@example.com","login":{"uuid":"3f39be28-4536-488e-8ddd-4b29469d801d","username":"ticklishfish721","password":"surf","salt":"wnAGI6W2","md5":"9e5c73f71bdbae7167a3a69893034bf4","sha1":"2581ee935083ad361883bc3bf89200c46e4335de","sha256":"1c2dc49c7de54bd037f126379085e83574e211c95e630f944aac7bd89e0f4fd3"},"dob":{"date":"1953-05-08T16:56:34.522Z","age":71},"registered":{"date":"2013-08-07T17:36:42.011Z","age":11},"phone":"35850089","cell":"13636429","id":{"name":"CPR","value":"080553-7014"},"picture":{"large":"https://randomuser.me/api/portraits/women/28.jpg","medium":"https://randomuser.me/api/portraits/med/women/28.jpg","thumbnail":"https://randomuser.me/api/portraits/thumb/women/28.jpg"},"nat":"DK"}],"info":{"seed":"c7bba99e8b7c36cb","results":1,"page":1,"version":"1.4"}} 
 </msg>
<msg time="2024-08-07T18:20:50.485538" level="INFO">/opt/hostedtoolcache/Python/3.12.4/x64/lib/python3.12/site-packages/urllib3/connectionpool.py:1099: InsecureRequestWarning: Unverified HTTPS request is being made to host 'randomuser.me'. Adding certificate verification is strongly advised. See: https://urllib3.readthedocs.io/en/latest/advanced-usage.html#tls-warnings
  warnings.warn(</msg>
<msg time="2024-08-07T18:20:50.485679" level="INFO">${response} = &lt;Response [200]&gt;</msg>
<var>${response}</var>
<arg>consultarAPI</arg>
<arg>/api</arg>
<doc>Sends a GET request on a previously created HTTP Session.</doc>
<status status="PASS" start="2024-08-07T18:20:50.390569" elapsed="0.095160"/>
</kw>
<kw name="Set Variable" owner="BuiltIn">
<msg time="2024-08-07T18:20:50.486812" level="INFO">${json_data} = {'results': [{'gender': 'female', 'name': {'title': 'Miss', 'first': 'Ella', 'last': 'Thomsen'}, 'location': {'street': {'number': 7188, 'name': 'Uglevej'}, 'city': 'Esbjerg V', 'state': 'Nordjylland'...</msg>
<var>${json_data}</var>
<arg>${response.json()}</arg>
<doc>Returns the given values which can then be assigned to a variables.</doc>
<status status="PASS" start="2024-08-07T18:20:50.486283" elapsed="0.000557"/>
</kw>
<kw name="Log" owner="BuiltIn">
<msg time="2024-08-07T18:20:50.487315" level="INFO">{'results': [{'gender': 'female', 'name': {'title': 'Miss', 'first': 'Ella', 'last': 'Thomsen'}, 'location': {'street': {'number': 7188, 'name': 'Uglevej'}, 'city': 'Esbjerg V', 'state': 'Nordjylland', 'country': 'Denmark', 'postcode': 37533, 'coordinates': {'latitude': '-46.7801', 'longitude': '2.5762'}, 'timezone': {'offset': '+3:30', 'description': 'Tehran'}}, 'email': 'ella.thomsen@example.com', 'login': {'uuid': '3f39be28-4536-488e-8ddd-4b29469d801d', 'username': 'ticklishfish721', 'password': 'surf', 'salt': 'wnAGI6W2', 'md5': '9e5c73f71bdbae7167a3a69893034bf4', 'sha1': '2581ee935083ad361883bc3bf89200c46e4335de', 'sha256': '1c2dc49c7de54bd037f126379085e83574e211c95e630f944aac7bd89e0f4fd3'}, 'dob': {'date': '1953-05-08T16:56:34.522Z', 'age': 71}, 'registered': {'date': '2013-08-07T17:36:42.011Z', 'age': 11}, 'phone': '35850089', 'cell': '13636429', 'id': {'name': 'CPR', 'value': '080553-7014'}, 'picture': {'large': 'https://randomuser.me/api/portraits/women/28.jpg', 'medium': 'https://randomuser.me/api/portraits/med/women/28.jpg', 'thumbnail': 'https://randomuser.me/api/portraits/thumb/women/28.jpg'}, 'nat': 'DK'}], 'info': {'seed': 'c7bba99e8b7c36cb', 'results': 1, 'page': 1, 'version': '1.4'}}</msg>
<arg>${json_data}</arg>
<doc>Logs the given message with the given level.</doc>
<status status="PASS" start="2024-08-07T18:20:50.487156" elapsed="0.000204"/>
</kw>
<kw name="Should Be Equal As Numbers" owner="BuiltIn">
<arg>${json_data['results'][0]['location']['postcode']}</arg>
<arg>${json_data['results'][0]['location']['postcode']}</arg>
<doc>Fails if objects are unequal after converting them to real numbers.</doc>
<status status="PASS" start="2024-08-07T18:20:50.487651" elapsed="0.000631"/>
</kw>
<kw name="Log" owner="BuiltIn">
<msg time="2024-08-07T18:20:50.488811" level="INFO">37533</msg>
<arg>${json_data['results'][0]['location']['postcode']}</arg>
<doc>Logs the given message with the given level.</doc>
<status status="PASS" start="2024-08-07T18:20:50.488470" elapsed="0.000381"/>
</kw>
<status status="PASS" start="2024-08-07T18:20:50.390329" elapsed="0.098779"/>
</kw>
<doc>Testa se os tipos de dados na resposta da API estão corretos.</doc>
<tag>testeTiposDados</tag>
<status status="PASS" start="2024-08-07T18:20:50.299074" elapsed="0.190246"/>
</test>
<test id="s1-s1-t5" name="Validar conteudo" line="35">
<kw name="Teste de Tipos de Conteudo" owner="random-user-service">
<kw name="GET On Session" owner="RequestsLibrary">
<msg time="2024-08-07T18:20:50.586738" level="INFO">GET Request : url=https://randomuser.me/api 
 path_url=/api 
 headers={'User-Agent': 'python-requests/2.32.3', 'Accept-Encoding': 'gzip, deflate', 'Accept': '*/*', 'Connection': 'keep-alive'} 
 body=None 
 </msg>
<msg time="2024-08-07T18:20:50.586874" level="INFO">GET Response : url=https://randomuser.me/api 
 status=200, reason=OK 
 headers={'Date': 'Wed, 07 Aug 2024 18:20:50 GMT', 'Content-Type': 'application/json; charset=utf-8', 'Transfer-Encoding': 'chunked', 'Connection': 'keep-alive', 'X-Powered-By': 'Express', 'Access-Control-Allow-Origin': '*', 'Cache-Control': 'no-cache', 'ETag': 'W/"47f-uGXqkUJnQWR3Uq6vBheQ0/ixu6E"', 'Vary': 'Accept-Encoding', 'Content-Encoding': 'gzip', 'CF-Cache-Status': 'DYNAMIC', 'Report-To': '{"endpoints":[{"url":"https:\\/\\/a.nel.cloudflare.com\\/report\\/v4?s=dc9trk2%2Fu4D2EZKZzI0YGtVMxDQNUStQOhxowyzsD5UntUDSFHXyUJKeW2pGB8m3j2iyBhad7qsoO6iBqa80iHoyN4K9ddaXHnb1mDE3VlnZ10Ki4M%2FNE8bUogeZwBBf"}],"group":"cf-nel","max_age":604800}', 'NEL': '{"success_fraction":0,"report_to":"cf-nel","max_age":604800}', 'Server': 'cloudflare', 'CF-RAY': '8af9486f9b78581e-IAD', 'alt-svc': 'h3=":443"; ma=86400'} 
 body={"results":[{"gender":"male","name":{"title":"Mr","first":"Alfredo","last":"Ruiz"},"location":{"street":{"number":3565,"name":"Calle Nebrija"},"city":"Málaga","state":"La Rioja","country":"Spain","postcode":34024,"coordinates":{"latitude":"-37.1504","longitude":"-174.2714"},"timezone":{"offset":"-7:00","description":"Mountain Time (US &amp; Canada)"}},"email":"alfredo.ruiz@example.com","login":{"uuid":"1d35e8c4-36b4-4b08-b2d0-94c40c0d3191","username":"ticklishbird613","password":"bummer","salt":"mATqUdFT","md5":"c466c6f5f9e5edb66fae5c8381b72cf7","sha1":"9b9885b6339f87505129a2fc9ffe056735293ae0","sha256":"32f1b2636701f33d3a22d9716368dbf277eaa6e3eed5270e7c30f9952319d973"},"dob":{"date":"1961-01-04T12:01:15.808Z","age":63},"registered":{"date":"2017-07-24T04:53:49.847Z","age":7},"phone":"908-082-050","cell":"672-156-168","id":{"name":"DNI","value":"42923592-M"},"picture":{"large":"https://randomuser.me/api/portraits/men/28.jpg","medium":"https://randomuser.me/api/portraits/med/men/28.jpg","thumbnail":"https://randomuser.me/api/portraits/thumb/men/28.jpg"},"nat":"ES"}],"info":{"seed":"db2a82c1eefb71bf","results":1,"page":1,"version":"1.4"}} 
 </msg>
<msg time="2024-08-07T18:20:50.586969" level="INFO">/opt/hostedtoolcache/Python/3.12.4/x64/lib/python3.12/site-packages/urllib3/connectionpool.py:1099: InsecureRequestWarning: Unverified HTTPS request is being made to host 'randomuser.me'. Adding certificate verification is strongly advised. See: https://urllib3.readthedocs.io/en/latest/advanced-usage.html#tls-warnings
  warnings.warn(</msg>
<msg time="2024-08-07T18:20:50.587166" level="INFO">${response} = &lt;Response [200]&gt;</msg>
<var>${response}</var>
<arg>consultarAPI</arg>
<arg>/api</arg>
<doc>Sends a GET request on a previously created HTTP Session.</doc>
<status status="PASS" start="2024-08-07T18:20:50.491964" elapsed="0.095246"/>
</kw>
<kw name="Set Variable" owner="BuiltIn">
<msg time="2024-08-07T18:20:50.588356" level="INFO">${json_data} = {'results': [{'gender': 'male', 'name': {'title': 'Mr', 'first': 'Alfredo', 'last': 'Ruiz'}, 'location': {'street': {'number': 3565, 'name': 'Calle Nebrija'}, 'city': 'Málaga', 'state': 'La Rioja', 'c...</msg>
<var>${json_data}</var>
<arg>${response.json()}</arg>
<doc>Returns the given values which can then be assigned to a variables.</doc>
<status status="PASS" start="2024-08-07T18:20:50.587790" elapsed="0.000596"/>
</kw>
<kw name="Set Variable" owner="BuiltIn">
<msg time="2024-08-07T18:20:50.589124" level="INFO">${name_title} = Mr</msg>
<var>${name_title}</var>
<arg>${json_data["results"][0]["name"]["title"]}</arg>
<doc>Returns the given values which can then be assigned to a variables.</doc>
<status status="PASS" start="2024-08-07T18:20:50.588721" elapsed="0.000429"/>
</kw>
<kw name="Create List" owner="BuiltIn">
<msg time="2024-08-07T18:20:50.589656" level="INFO">${allowed_titles} = ['Mr', 'Ms', 'Miss', 'Mrs', 'Madame', 'Monsieur']</msg>
<var>${allowed_titles}</var>
<arg>Mr</arg>
<arg>Ms</arg>
<arg>Miss</arg>
<arg>Mrs</arg>
<arg>Madame</arg>
<arg>Monsieur</arg>
<doc>Returns a list containing given items.</doc>
<status status="PASS" start="2024-08-07T18:20:50.589500" elapsed="0.000181"/>
</kw>
<kw name="List Should Contain Value" owner="Collections">
<arg>${allowed_titles}</arg>
<arg>${name_title}</arg>
<doc>Fails if the ``value`` is not found from ``list``.</doc>
<status status="PASS" start="2024-08-07T18:20:50.589990" elapsed="0.000179"/>
</kw>
<kw name="Set Variable" owner="BuiltIn">
<msg time="2024-08-07T18:20:50.590742" level="INFO">${name_country} = ES</msg>
<var>${name_country}</var>
<arg>${json_data["results"][0]["nat"]}</arg>
<doc>Returns the given values which can then be assigned to a variables.</doc>
<status status="PASS" start="2024-08-07T18:20:50.590357" elapsed="0.000410"/>
</kw>
<kw name="Create List" owner="BuiltIn">
<msg time="2024-08-07T18:20:50.591673" level="INFO">${list_country} = ['AD', 'AE', 'AF', 'AG', 'AI', 'AL', 'AM', 'AO', 'AQ', 'AR', 'AS', 'AT', 'AU', 'AW', 'AX', 'AZ', 'BA', 'BB', 'BD', 'BE', 'BF', 'BG', 'BH', 'BI', 'BJ', 'BL', 'BM', 'BN', 'BO', 'BQ', 'BR', 'BS', 'BT', '...</msg>
<var>${list_country}</var>
<arg>AD</arg>
<arg>AE</arg>
<arg>AF</arg>
<arg>AG</arg>
<arg>AI</arg>
<arg>AL</arg>
<arg>AM</arg>
<arg>AO</arg>
<arg>AQ</arg>
<arg>AR</arg>
<arg>AS</arg>
<arg>AT</arg>
<arg>AU</arg>
<arg>AW</arg>
<arg>AX</arg>
<arg>AZ</arg>
<arg>BA</arg>
<arg>BB</arg>
<arg>BD</arg>
<arg>BE</arg>
<arg>BF</arg>
<arg>BG</arg>
<arg>BH</arg>
<arg>BI</arg>
<arg>BJ</arg>
<arg>BL</arg>
<arg>BM</arg>
<arg>BN</arg>
<arg>BO</arg>
<arg>BQ</arg>
<arg>BR</arg>
<arg>BS</arg>
<arg>BT</arg>
<arg>BV</arg>
<arg>BW</arg>
<arg>BY</arg>
<arg>BZ</arg>
<arg>CA</arg>
<arg>CC</arg>
<arg>CD</arg>
<arg>CF</arg>
<arg>CG</arg>
<arg>CH</arg>
<arg>CI</arg>
<arg>CK</arg>
<arg>CL</arg>
<arg>CM</arg>
<arg>CN</arg>
<arg>CO</arg>
<arg>CR</arg>
<arg>CU</arg>
<arg>CV</arg>
<arg>CW</arg>
<arg>CX</arg>
<arg>CY</arg>
<arg>CZ</arg>
<arg>DE</arg>
<arg>DJ</arg>
<arg>DK</arg>
<arg>DM</arg>
<arg>DO</arg>
<arg>DZ</arg>
<arg>EC</arg>
<arg>EE</arg>
<arg>EG</arg>
<arg>EH</arg>
<arg>ER</arg>
<arg>ES</arg>
<arg>ET</arg>
<arg>FI</arg>
<arg>FJ</arg>
<arg>FK</arg>
<arg>FM</arg>
<arg>FO</arg>
<arg>FR</arg>
<arg>GA</arg>
<arg>GB</arg>
<arg>GD</arg>
<arg>GE</arg>
<arg>GF</arg>
<arg>GG</arg>
<arg>GH</arg>
<arg>GI</arg>
<arg>GL</arg>
<arg>GM</arg>
<arg>GN</arg>
<arg>GP</arg>
<arg>GQ</arg>
<arg>GR</arg>
<arg>GS</arg>
<arg>GT</arg>
<arg>GU</arg>
<arg>GW</arg>
<arg>GY</arg>
<arg>HK</arg>
<arg>HM</arg>
<arg>HN</arg>
<arg>HR</arg>
<arg>HT</arg>
<arg>HU</arg>
<arg>ID</arg>
<arg>IE</arg>
<arg>IL</arg>
<arg>IM</arg>
<arg>IN</arg>
<arg>IO</arg>
<arg>IQ</arg>
<arg>IR</arg>
<arg>IS</arg>
<arg>IT</arg>
<arg>JE</arg>
<arg>JM</arg>
<arg>JO</arg>
<arg>JP</arg>
<arg>KE</arg>
<arg>KG</arg>
<arg>KH</arg>
<arg>KI</arg>
<arg>KM</arg>
<arg>KN</arg>
<arg>KP</arg>
<arg>KR</arg>
<arg>KW</arg>
<arg>KY</arg>
<arg>KZ</arg>
<arg>LA</arg>
<arg>LB</arg>
<arg>LC</arg>
<arg>LI</arg>
<arg>LK</arg>
<arg>LR</arg>
<arg>LS</arg>
<arg>LT</arg>
<arg>LU</arg>
<arg>LV</arg>
<arg>LY</arg>
<arg>MA</arg>
<arg>MC</arg>
<arg>MD</arg>
<arg>ME</arg>
<arg>MF</arg>
<arg>MG</arg>
<arg>MH</arg>
<arg>MK</arg>
<arg>ML</arg>
<arg>MM</arg>
<arg>MN</arg>
<arg>MO</arg>
<arg>MP</arg>
<arg>MQ</arg>
<arg>MR</arg>
<arg>MS</arg>
<arg>MT</arg>
<arg>MU</arg>
<arg>MV</arg>
<arg>MW</arg>
<arg>MX</arg>
<arg>MY</arg>
<arg>MZ</arg>
<arg>NA</arg>
<arg>NC</arg>
<arg>NE</arg>
<arg>NF</arg>
<arg>NG</arg>
<arg>NI</arg>
<arg>NL</arg>
<arg>NO</arg>
<arg>NP</arg>
<arg>NR</arg>
<arg>NU</arg>
<arg>NZ</arg>
<arg>OM</arg>
<arg>PA</arg>
<arg>PE</arg>
<arg>PF</arg>
<arg>PG</arg>
<arg>PH</arg>
<arg>PK</arg>
<arg>PL</arg>
<arg>PM</arg>
<arg>PN</arg>
<arg>PR</arg>
<arg>PS</arg>
<arg>PT</arg>
<arg>PW</arg>
<arg>PY</arg>
<arg>QA</arg>
<arg>RE</arg>
<arg>RO</arg>
<arg>RS</arg>
<arg>RU</arg>
<arg>RW</arg>
<arg>SA</arg>
<arg>SB</arg>
<arg>SC</arg>
<arg>SD</arg>
<arg>SE</arg>
<arg>SG</arg>
<arg>SH</arg>
<arg>SI</arg>
<arg>SJ</arg>
<arg>SK</arg>
<arg>SL</arg>
<arg>SM</arg>
<arg>SN</arg>
<arg>SO</arg>
<arg>SR</arg>
<arg>SS</arg>
<arg>ST</arg>
<arg>SV</arg>
<arg>SX</arg>
<arg>SY</arg>
<arg>SZ</arg>
<arg>TC</arg>
<arg>TD</arg>
<arg>TF</arg>
<arg>TG</arg>
<arg>TH</arg>
<arg>TJ</arg>
<arg>TK</arg>
<arg>TL</arg>
<arg>TM</arg>
<arg>TN</arg>
<arg>TO</arg>
<arg>TR</arg>
<arg>TT</arg>
<arg>TV</arg>
<arg>TW</arg>
<arg>TZ</arg>
<arg>UA</arg>
<arg>UG</arg>
<arg>UM</arg>
<arg>US</arg>
<arg>UY</arg>
<arg>UZ</arg>
<arg>VA</arg>
<arg>VC</arg>
<arg>VE</arg>
<arg>VG</arg>
<arg>VI</arg>
<arg>VN</arg>
<arg>VU</arg>
<arg>WF</arg>
<arg>WS</arg>
<arg>XK</arg>
<arg>YE</arg>
<arg>YT</arg>
<arg>ZA</arg>
<arg>ZM</arg>
<arg>ZW</arg>
<doc>Returns a list containing given items.</doc>
<status status="PASS" start="2024-08-07T18:20:50.591065" elapsed="0.000636"/>
</kw>
<kw name="List Should Contain Value" owner="Collections">
<arg>${list_country}</arg>
<arg>${name_country}</arg>
<doc>Fails if the ``value`` is not found from ``list``.</doc>
<status status="PASS" start="2024-08-07T18:20:50.592708" elapsed="0.000216"/>
</kw>
<kw name="Run Keyword If" owner="BuiltIn">
<kw name="Should Be True" owner="BuiltIn">
<arg>${True}</arg>
<doc>Fails if the given condition is not true.</doc>
<status status="PASS" start="2024-08-07T18:20:50.593930" elapsed="0.000145"/>
</kw>
<arg>${json_data["results"][0]["location"]["coordinates"]["latitude"]} &gt;= -90 and ${json_data["results"][0]["location"]["coordinates"]["latitude"]} &lt;= 90</arg>
<arg>Should Be True</arg>
<arg>${True}</arg>
<doc>Runs the given keyword with the given arguments, if ``condition`` is true.</doc>
<status status="PASS" start="2024-08-07T18:20:50.593127" elapsed="0.001074"/>
</kw>
<kw name="Run Keyword If" owner="BuiltIn">
<kw name="Should Be True" owner="BuiltIn">
<arg>${True}</arg>
<doc>Fails if the given condition is not true.</doc>
<status status="PASS" start="2024-08-07T18:20:50.595069" elapsed="0.000138"/>
</kw>
<arg>${json_data["results"][0]["location"]["coordinates"]["longitude"]} &gt;= -180 and ${json_data["results"][0]["location"]["coordinates"]["longitude"]} &lt;= 180</arg>
<arg>Should Be True</arg>
<arg>${True}</arg>
<doc>Runs the given keyword with the given arguments, if ``condition`` is true.</doc>
<status status="PASS" start="2024-08-07T18:20:50.594383" elapsed="0.000946"/>
</kw>
<status status="PASS" start="2024-08-07T18:20:50.491712" elapsed="0.103748"/>
</kw>
<doc>Testa o conteúdo específico dos campos retornados pela API.</doc>
<tag>testeConteudo</tag>
<status status="PASS" start="2024-08-07T18:20:50.491110" elapsed="0.104506"/>
</test>
<status status="PASS" start="2024-08-07T18:20:49.578367" elapsed="1.019276"/>
</suite>
<status status="PASS" start="2024-08-07T18:20:49.562950" elapsed="1.040135"/>
</suite>
<statistics>
<total>
<stat pass="5" fail="0" skip="0">All Tests</stat>
</total>
<tag>
<stat pass="1" fail="0" skip="0">testeConteudo</stat>
<stat pass="1" fail="0" skip="0">testeEstruturaResposta</stat>
<stat pass="1" fail="0" skip="0">testeRequisicaoBasica</stat>
<stat pass="1" fail="0" skip="0">testeTiposDados</stat>
</tag>
<suite>
<stat pass="5" fail="0" skip="0" id="s1" name="Tests">Tests</stat>
<stat pass="5" fail="0" skip="0" id="s1-s1" name="Random-User-Test">Tests.Random-User-Test</stat>
</suite>
</statistics>
<errors>
</errors>
</robot>
