<?xml version="1.0" encoding="UTF-8"?>
<robot generator="Robot 7.0 (Python 3.12.3 on linux)" generated="2024-05-21T20:15:50.826885" rpa="false" schemaversion="5">
<suite id="s1" name="Tests" source="/home/runner/work/DesafioQAItauRogerioJordao/DesafioQAItauRogerioJordao/RamdonUser/tests">
<suite id="s1-s1" name="Random-User-Test" source="/home/runner/work/DesafioQAItauRogerioJordao/DesafioQAItauRogerioJordao/RamdonUser/tests/random-user-test.robot">
<test id="s1-s1-t1" name="Conectar" line="13">
<kw name="Conectar API" owner="random-user-service">
<kw name="Create Session" owner="RequestsLibrary">
<msg time="2024-05-21T20:15:51.232186" level="INFO">Creating Session using : alias=consultarAPI, url=https://randomuser.me/, headers={},                     cookies={}, auth=None, timeout=None, proxies=None, verify=False,                     debug=0 </msg>
<arg>consultarAPI</arg>
<arg>${URL}</arg>
<doc>Create Session: create a HTTP session to a server</doc>
<status status="PASS" start="2024-05-21T20:15:51.231938" elapsed="0.000435"/>
</kw>
<status status="PASS" start="2024-05-21T20:15:51.230946" elapsed="0.001794"/>
</kw>
<status status="PASS" start="2024-05-21T20:15:51.230358" elapsed="0.002574"/>
</test>
<test id="s1-s1-t2" name="Validar retorno 200 e JSON Válido" line="16">
<kw name="Teste de Requisicao Basica" owner="random-user-service">
<kw name="GET On Session" owner="RequestsLibrary">
<msg time="2024-05-21T20:15:53.297088" level="INFO">GET Request : url=https://randomuser.me/api 
 path_url=/api 
 headers={'User-Agent': 'python-requests/2.32.2', 'Accept-Encoding': 'gzip, deflate', 'Accept': '*/*', 'Connection': 'keep-alive'} 
 body=None 
 </msg>
<msg time="2024-05-21T20:15:53.297264" level="INFO">GET Response : url=https://randomuser.me/api 
 status=200, reason=OK 
 headers={'Date': 'Tue, 21 May 2024 20:15:53 GMT', 'Content-Type': 'application/json; charset=utf-8', 'Transfer-Encoding': 'chunked', 'Connection': 'keep-alive', 'X-Powered-By': 'Express', 'Access-Control-Allow-Origin': '*', 'Cache-Control': 'no-cache', 'ETag': 'W/"491-MJ+aYJiAv6rm45WB5Bswf5MCxWg"', 'Vary': 'Accept-Encoding', 'Content-Encoding': 'gzip', 'CF-Cache-Status': 'DYNAMIC', 'Report-To': '{"endpoints":[{"url":"https:\\/\\/a.nel.cloudflare.com\\/report\\/v4?s=opRNu4bBUg63RWvbw73i0ugywxwv%2FXbMFOGCPFR31x999yflIJzcrrWtPTiMMPXjUxtLn4nP3rS%2FtWtpuqr1He7DZa8WCT1XLNRUbwfxpUm4g262XrjAYkX4eTp7ifwu"}],"group":"cf-nel","max_age":604800}', 'NEL': '{"success_fraction":0,"report_to":"cf-nel","max_age":604800}', 'Server': 'cloudflare', 'CF-RAY': '88773da97a407fff-IAD', 'alt-svc': 'h3=":443"; ma=86400'} 
 body={"results":[{"gender":"male","name":{"title":"Mr","first":"Samu","last":"Keranen"},"location":{"street":{"number":1115,"name":"Hermiankatu"},"city":"Valkeakoski","state":"Central Ostrobothnia","country":"Finland","postcode":10464,"coordinates":{"latitude":"-24.3675","longitude":"-58.9439"},"timezone":{"offset":"+7:00","description":"Bangkok, Hanoi, Jakarta"}},"email":"samu.keranen@example.com","login":{"uuid":"d4c13e10-65db-48f5-a739-e46ef7e40acb","username":"bluelion891","password":"homerun","salt":"xv2UH7wk","md5":"1867c18676e8cc8074a25e9c9fd1048d","sha1":"7503edd95d1250fa5c0f68f32b73d6d6395ccda3","sha256":"541cee376abe4a143ae7b03cb4a404b6e3f98ffc6d9bba20451c92ed20309c45"},"dob":{"date":"1961-11-09T23:22:43.831Z","age":62},"registered":{"date":"2010-01-16T02:24:05.433Z","age":14},"phone":"09-482-068","cell":"046-240-66-22","id":{"name":"HETU","value":"NaNNA625undefined"},"picture":{"large":"https://randomuser.me/api/portraits/men/91.jpg","medium":"https://randomuser.me/api/portraits/med/men/91.jpg","thumbnail":"https://randomuser.me/api/portraits/thumb/men/91.jpg"},"nat":"FI"}],"info":{"seed":"d9c2786691dde598","results":1,"page":1,"version":"1.4"}} 
 </msg>
<msg time="2024-05-21T20:15:53.297348" level="INFO">/opt/hostedtoolcache/Python/3.12.3/x64/lib/python3.12/site-packages/urllib3/connectionpool.py:1103: InsecureRequestWarning: Unverified HTTPS request is being made to host 'randomuser.me'. Adding certificate verification is strongly advised. See: https://urllib3.readthedocs.io/en/latest/advanced-usage.html#tls-warnings
  warnings.warn(</msg>
<msg time="2024-05-21T20:15:53.297484" level="INFO">${response} = &lt;Response [200]&gt;</msg>
<var>${response}</var>
<arg>consultarAPI</arg>
<arg>/api</arg>
<doc>Sends a GET request on a previously created HTTP Session.</doc>
<status status="PASS" start="2024-05-21T20:15:51.235524" elapsed="2.062002"/>
</kw>
<kw name="Should Be Equal As Numbers" owner="BuiltIn">
<msg time="2024-05-21T20:15:53.298741" level="INFO">Argument types are:
&lt;class 'int'&gt;
&lt;class 'str'&gt;</msg>
<arg>${response.status_code}</arg>
<arg>200</arg>
<doc>Fails if objects are unequal after converting them to real numbers.</doc>
<status status="PASS" start="2024-05-21T20:15:53.298219" elapsed="0.000588"/>
</kw>
<kw name="Log" owner="BuiltIn">
<msg time="2024-05-21T20:15:53.299509" level="INFO">200</msg>
<arg>${response.status_code}</arg>
<doc>Logs the given message with the given level.</doc>
<status status="PASS" start="2024-05-21T20:15:53.299152" elapsed="0.000404"/>
</kw>
<kw name="Set Variable" owner="BuiltIn">
<msg time="2024-05-21T20:15:53.300329" level="INFO">${json_data} = {'results': [{'gender': 'male', 'name': {'title': 'Mr', 'first': 'Samu', 'last': 'Keranen'}, 'location': {'street': {'number': 1115, 'name': 'Hermiankatu'}, 'city': 'Valkeakoski', 'state': 'Central Os...</msg>
<var>${json_data}</var>
<arg>${response.json()}</arg>
<doc>Returns the given values which can then be assigned to a variables.</doc>
<status status="PASS" start="2024-05-21T20:15:53.299860" elapsed="0.000497"/>
</kw>
<kw name="Dictionary Should Contain Key" owner="Collections">
<msg time="2024-05-21T20:15:53.300821" level="INFO">False</msg>
<arg>${json_data}</arg>
<arg>results</arg>
<doc>Fails if ``key`` is not found from ``dictionary``.</doc>
<status status="PASS" start="2024-05-21T20:15:53.300656" elapsed="0.000203"/>
</kw>
<status status="PASS" start="2024-05-21T20:15:51.235283" elapsed="2.065831"/>
</kw>
<doc>Testa se a API responde corretamente e retorna um objeto JSON válido.</doc>
<tag>testeRequisicaoBasica</tag>
<status status="PASS" start="2024-05-21T20:15:51.234817" elapsed="2.066480"/>
</test>
<test id="s1-s1-t3" name="Validar estrutura de resposta" line="22">
<kw name="Teste de Estrutura de Resposta" owner="random-user-service">
<kw name="GET On Session" owner="RequestsLibrary">
<msg time="2024-05-21T20:15:54.225100" level="INFO">GET Request : url=https://randomuser.me/api 
 path_url=/api 
 headers={'User-Agent': 'python-requests/2.32.2', 'Accept-Encoding': 'gzip, deflate', 'Accept': '*/*', 'Connection': 'keep-alive'} 
 body=None 
 </msg>
<msg time="2024-05-21T20:15:54.225203" level="INFO">GET Response : url=https://randomuser.me/api 
 status=200, reason=OK 
 headers={'Date': 'Tue, 21 May 2024 20:15:54 GMT', 'Content-Type': 'application/json; charset=utf-8', 'Transfer-Encoding': 'chunked', 'Connection': 'keep-alive', 'X-Powered-By': 'Express', 'Access-Control-Allow-Origin': '*', 'Cache-Control': 'no-cache', 'ETag': 'W/"4a3-BVtWuh9L1Nj4Q+ygbnPLZ1yjJSY"', 'Vary': 'Accept-Encoding', 'Content-Encoding': 'gzip', 'CF-Cache-Status': 'DYNAMIC', 'Report-To': '{"endpoints":[{"url":"https:\\/\\/a.nel.cloudflare.com\\/report\\/v4?s=GIPAkiMGkm%2FCiAL7ktiZcCE6RS%2BCZtPRjulq%2F0n0MqSgQZvNXh1%2BSkGhOXhBFjLxdwHHhFYec7DUVswPk3rMIWo%2FJ2xSwSNJ74nswUTJxOQJBkuOcM4B50Ow6svXb%2BKd"}],"group":"cf-nel","max_age":604800}', 'NEL': '{"success_fraction":0,"report_to":"cf-nel","max_age":604800}', 'Server': 'cloudflare', 'CF-RAY': '88773db629ae7fff-IAD', 'alt-svc': 'h3=":443"; ma=86400'} 
 body={"results":[{"gender":"female","name":{"title":"Mademoiselle","first":"Inès","last":"Leclerc"},"location":{"street":{"number":685,"name":"Esplanade du 9 Novembre 1989"},"city":"Yvonand","state":"Zug","country":"Switzerland","postcode":2534,"coordinates":{"latitude":"-61.3552","longitude":"164.6630"},"timezone":{"offset":"-1:00","description":"Azores, Cape Verde Islands"}},"email":"ines.leclerc@example.com","login":{"uuid":"68b612ff-9c6c-449d-aed4-e139052c142a","username":"crazytiger209","password":"skirt","salt":"VAXrL2Q6","md5":"6db11fe1e63127a2d6db9d48b6bd5a5d","sha1":"7936158af42e77de2b3ff8bd065650bdc87abad8","sha256":"4b9407753955bc8bfdb6b3954fc9ffaeb730acc9023e0bd25adba5332aa63d43"},"dob":{"date":"1958-05-19T13:22:55.225Z","age":66},"registered":{"date":"2014-02-23T18:48:00.040Z","age":10},"phone":"079 021 68 64","cell":"076 454 11 78","id":{"name":"AVS","value":"756.6585.3251.05"},"picture":{"large":"https://randomuser.me/api/portraits/women/5.jpg","medium":"https://randomuser.me/api/portraits/med/women/5.jpg","thumbnail":"https://randomuser.me/api/portraits/thumb/women/5.jpg"},"nat":"CH"}],"info":{"seed":"037edf6f28b4bbf8","results":1,"page":1,"version":"1.4"}} 
 </msg>
<msg time="2024-05-21T20:15:54.225333" level="INFO">/opt/hostedtoolcache/Python/3.12.3/x64/lib/python3.12/site-packages/urllib3/connectionpool.py:1103: InsecureRequestWarning: Unverified HTTPS request is being made to host 'randomuser.me'. Adding certificate verification is strongly advised. See: https://urllib3.readthedocs.io/en/latest/advanced-usage.html#tls-warnings
  warnings.warn(</msg>
<msg time="2024-05-21T20:15:54.225465" level="INFO">${response} = &lt;Response [200]&gt;</msg>
<var>${response}</var>
<arg>consultarAPI</arg>
<arg>/api</arg>
<doc>Sends a GET request on a previously created HTTP Session.</doc>
<status status="PASS" start="2024-05-21T20:15:53.303931" elapsed="0.921574"/>
</kw>
<kw name="Set Variable" owner="BuiltIn">
<msg time="2024-05-21T20:15:54.226707" level="INFO">${json_data} = {'results': [{'gender': 'female', 'name': {'title': 'Mademoiselle', 'first': 'Inès', 'last': 'Leclerc'}, 'location': {'street': {'number': 685, 'name': 'Esplanade du 9 Novembre 1989'}, 'city': 'Yvonan...</msg>
<var>${json_data}</var>
<arg>${response.json()}</arg>
<doc>Returns the given values which can then be assigned to a variables.</doc>
<status status="PASS" start="2024-05-21T20:15:54.226125" elapsed="0.000612"/>
</kw>
<kw name="Log" owner="BuiltIn">
<msg time="2024-05-21T20:15:54.227209" level="INFO">{'results': [{'gender': 'female', 'name': {'title': 'Mademoiselle', 'first': 'Inès', 'last': 'Leclerc'}, 'location': {'street': {'number': 685, 'name': 'Esplanade du 9 Novembre 1989'}, 'city': 'Yvonand', 'state': 'Zug', 'country': 'Switzerland', 'postcode': 2534, 'coordinates': {'latitude': '-61.3552', 'longitude': '164.6630'}, 'timezone': {'offset': '-1:00', 'description': 'Azores, Cape Verde Islands'}}, 'email': 'ines.leclerc@example.com', 'login': {'uuid': '68b612ff-9c6c-449d-aed4-e139052c142a', 'username': 'crazytiger209', 'password': 'skirt', 'salt': 'VAXrL2Q6', 'md5': '6db11fe1e63127a2d6db9d48b6bd5a5d', 'sha1': '7936158af42e77de2b3ff8bd065650bdc87abad8', 'sha256': '4b9407753955bc8bfdb6b3954fc9ffaeb730acc9023e0bd25adba5332aa63d43'}, 'dob': {'date': '1958-05-19T13:22:55.225Z', 'age': 66}, 'registered': {'date': '2014-02-23T18:48:00.040Z', 'age': 10}, 'phone': '079 021 68 64', 'cell': '076 454 11 78', 'id': {'name': 'AVS', 'value': '756.6585.3251.05'}, 'picture': {'large': 'https://randomuser.me/api/portraits/women/5.jpg', 'medium': 'https://randomuser.me/api/portraits/med/women/5.jpg', 'thumbnail': 'https://randomuser.me/api/portraits/thumb/women/5.jpg'}, 'nat': 'CH'}], 'info': {'seed': '037edf6f28b4bbf8', 'results': 1, 'page': 1, 'version': '1.4'}}</msg>
<arg>${json_data}</arg>
<doc>Logs the given message with the given level.</doc>
<status status="PASS" start="2024-05-21T20:15:54.227045" elapsed="0.000220"/>
</kw>
<kw name="Dictionary Should Contain Key" owner="Collections">
<msg time="2024-05-21T20:15:54.227723" level="INFO">False</msg>
<arg>${json_data}</arg>
<arg>results</arg>
<doc>Fails if ``key`` is not found from ``dictionary``.</doc>
<status status="PASS" start="2024-05-21T20:15:54.227567" elapsed="0.000194"/>
</kw>
<kw name="Should Not Be Empty" owner="BuiltIn">
<msg time="2024-05-21T20:15:54.228229" level="INFO">Length is 2.</msg>
<arg>${json_data}</arg>
<doc>Verifies that the given item is not empty.</doc>
<status status="PASS" start="2024-05-21T20:15:54.228090" elapsed="0.000177"/>
</kw>
<kw name="Create List" owner="BuiltIn">
<msg time="2024-05-21T20:15:54.228878" level="INFO">${expected_keys} = ['gender', 'name', 'location', 'email', 'login']</msg>
<var>${expected_keys}</var>
<arg>gender</arg>
<arg>name</arg>
<arg>location</arg>
<arg>email</arg>
<arg>login</arg>
<doc>Returns a list containing given items.</doc>
<status status="PASS" start="2024-05-21T20:15:54.228556" elapsed="0.000347"/>
</kw>
<for flavor="IN">
<iter>
<kw name="Dictionary Should Contain Key" owner="Collections">
<msg time="2024-05-21T20:15:54.229880" level="INFO">False</msg>
<arg>${json_data['results'][0]}</arg>
<arg>${key}</arg>
<doc>Fails if ``key`` is not found from ``dictionary``.</doc>
<status status="PASS" start="2024-05-21T20:15:54.229491" elapsed="0.000426"/>
</kw>
<kw name="Log" owner="BuiltIn">
<msg time="2024-05-21T20:15:54.230579" level="INFO">{'gender': 'female', 'name': {'title': 'Mademoiselle', 'first': 'Inès', 'last': 'Leclerc'}, 'location': {'street': {'number': 685, 'name': 'Esplanade du 9 Novembre 1989'}, 'city': 'Yvonand', 'state': 'Zug', 'country': 'Switzerland', 'postcode': 2534, 'coordinates': {'latitude': '-61.3552', 'longitude': '164.6630'}, 'timezone': {'offset': '-1:00', 'description': 'Azores, Cape Verde Islands'}}, 'email': 'ines.leclerc@example.com', 'login': {'uuid': '68b612ff-9c6c-449d-aed4-e139052c142a', 'username': 'crazytiger209', 'password': 'skirt', 'salt': 'VAXrL2Q6', 'md5': '6db11fe1e63127a2d6db9d48b6bd5a5d', 'sha1': '7936158af42e77de2b3ff8bd065650bdc87abad8', 'sha256': '4b9407753955bc8bfdb6b3954fc9ffaeb730acc9023e0bd25adba5332aa63d43'}, 'dob': {'date': '1958-05-19T13:22:55.225Z', 'age': 66}, 'registered': {'date': '2014-02-23T18:48:00.040Z', 'age': 10}, 'phone': '079 021 68 64', 'cell': '076 454 11 78', 'id': {'name': 'AVS', 'value': '756.6585.3251.05'}, 'picture': {'large': 'https://randomuser.me/api/portraits/women/5.jpg', 'medium': 'https://randomuser.me/api/portraits/med/women/5.jpg', 'thumbnail': 'https://randomuser.me/api/portraits/thumb/women/5.jpg'}, 'nat': 'CH'}</msg>
<arg>${json_data['results'][0]}</arg>
<doc>Logs the given message with the given level.</doc>
<status status="PASS" start="2024-05-21T20:15:54.230211" elapsed="0.000418"/>
</kw>
<kw name="Log" owner="BuiltIn">
<msg time="2024-05-21T20:15:54.231045" level="INFO">gender</msg>
<arg>${key}</arg>
<doc>Logs the given message with the given level.</doc>
<status status="PASS" start="2024-05-21T20:15:54.230917" elapsed="0.000165"/>
</kw>
<var name="${key}">gender</var>
<status status="PASS" start="2024-05-21T20:15:54.229366" elapsed="0.001931"/>
</iter>
<iter>
<kw name="Dictionary Should Contain Key" owner="Collections">
<msg time="2024-05-21T20:15:54.232018" level="INFO">False</msg>
<arg>${json_data['results'][0]}</arg>
<arg>${key}</arg>
<doc>Fails if ``key`` is not found from ``dictionary``.</doc>
<status status="PASS" start="2024-05-21T20:15:54.231596" elapsed="0.000461"/>
</kw>
<kw name="Log" owner="BuiltIn">
<msg time="2024-05-21T20:15:54.232750" level="INFO">{'gender': 'female', 'name': {'title': 'Mademoiselle', 'first': 'Inès', 'last': 'Leclerc'}, 'location': {'street': {'number': 685, 'name': 'Esplanade du 9 Novembre 1989'}, 'city': 'Yvonand', 'state': 'Zug', 'country': 'Switzerland', 'postcode': 2534, 'coordinates': {'latitude': '-61.3552', 'longitude': '164.6630'}, 'timezone': {'offset': '-1:00', 'description': 'Azores, Cape Verde Islands'}}, 'email': 'ines.leclerc@example.com', 'login': {'uuid': '68b612ff-9c6c-449d-aed4-e139052c142a', 'username': 'crazytiger209', 'password': 'skirt', 'salt': 'VAXrL2Q6', 'md5': '6db11fe1e63127a2d6db9d48b6bd5a5d', 'sha1': '7936158af42e77de2b3ff8bd065650bdc87abad8', 'sha256': '4b9407753955bc8bfdb6b3954fc9ffaeb730acc9023e0bd25adba5332aa63d43'}, 'dob': {'date': '1958-05-19T13:22:55.225Z', 'age': 66}, 'registered': {'date': '2014-02-23T18:48:00.040Z', 'age': 10}, 'phone': '079 021 68 64', 'cell': '076 454 11 78', 'id': {'name': 'AVS', 'value': '756.6585.3251.05'}, 'picture': {'large': 'https://randomuser.me/api/portraits/women/5.jpg', 'medium': 'https://randomuser.me/api/portraits/med/women/5.jpg', 'thumbnail': 'https://randomuser.me/api/portraits/thumb/women/5.jpg'}, 'nat': 'CH'}</msg>
<arg>${json_data['results'][0]}</arg>
<doc>Logs the given message with the given level.</doc>
<status status="PASS" start="2024-05-21T20:15:54.232388" elapsed="0.000411"/>
</kw>
<kw name="Log" owner="BuiltIn">
<msg time="2024-05-21T20:15:54.233220" level="INFO">name</msg>
<arg>${key}</arg>
<doc>Logs the given message with the given level.</doc>
<status status="PASS" start="2024-05-21T20:15:54.233093" elapsed="0.000162"/>
</kw>
<var name="${key}">name</var>
<status status="PASS" start="2024-05-21T20:15:54.231483" elapsed="0.001993"/>
</iter>
<iter>
<kw name="Dictionary Should Contain Key" owner="Collections">
<msg time="2024-05-21T20:15:54.234143" level="INFO">False</msg>
<arg>${json_data['results'][0]}</arg>
<arg>${key}</arg>
<doc>Fails if ``key`` is not found from ``dictionary``.</doc>
<status status="PASS" start="2024-05-21T20:15:54.233766" elapsed="0.000414"/>
</kw>
<kw name="Log" owner="BuiltIn">
<msg time="2024-05-21T20:15:54.234826" level="INFO">{'gender': 'female', 'name': {'title': 'Mademoiselle', 'first': 'Inès', 'last': 'Leclerc'}, 'location': {'street': {'number': 685, 'name': 'Esplanade du 9 Novembre 1989'}, 'city': 'Yvonand', 'state': 'Zug', 'country': 'Switzerland', 'postcode': 2534, 'coordinates': {'latitude': '-61.3552', 'longitude': '164.6630'}, 'timezone': {'offset': '-1:00', 'description': 'Azores, Cape Verde Islands'}}, 'email': 'ines.leclerc@example.com', 'login': {'uuid': '68b612ff-9c6c-449d-aed4-e139052c142a', 'username': 'crazytiger209', 'password': 'skirt', 'salt': 'VAXrL2Q6', 'md5': '6db11fe1e63127a2d6db9d48b6bd5a5d', 'sha1': '7936158af42e77de2b3ff8bd065650bdc87abad8', 'sha256': '4b9407753955bc8bfdb6b3954fc9ffaeb730acc9023e0bd25adba5332aa63d43'}, 'dob': {'date': '1958-05-19T13:22:55.225Z', 'age': 66}, 'registered': {'date': '2014-02-23T18:48:00.040Z', 'age': 10}, 'phone': '079 021 68 64', 'cell': '076 454 11 78', 'id': {'name': 'AVS', 'value': '756.6585.3251.05'}, 'picture': {'large': 'https://randomuser.me/api/portraits/women/5.jpg', 'medium': 'https://randomuser.me/api/portraits/med/women/5.jpg', 'thumbnail': 'https://randomuser.me/api/portraits/thumb/women/5.jpg'}, 'nat': 'CH'}</msg>
<arg>${json_data['results'][0]}</arg>
<doc>Logs the given message with the given level.</doc>
<status status="PASS" start="2024-05-21T20:15:54.234468" elapsed="0.000406"/>
</kw>
<kw name="Log" owner="BuiltIn">
<msg time="2024-05-21T20:15:54.235289" level="INFO">location</msg>
<arg>${key}</arg>
<doc>Logs the given message with the given level.</doc>
<status status="PASS" start="2024-05-21T20:15:54.235165" elapsed="0.000161"/>
</kw>
<var name="${key}">location</var>
<status status="PASS" start="2024-05-21T20:15:54.233652" elapsed="0.001886"/>
</iter>
<iter>
<kw name="Dictionary Should Contain Key" owner="Collections">
<msg time="2024-05-21T20:15:54.236225" level="INFO">False</msg>
<arg>${json_data['results'][0]}</arg>
<arg>${key}</arg>
<doc>Fails if ``key`` is not found from ``dictionary``.</doc>
<status status="PASS" start="2024-05-21T20:15:54.235817" elapsed="0.000445"/>
</kw>
<kw name="Log" owner="BuiltIn">
<msg time="2024-05-21T20:15:54.236922" level="INFO">{'gender': 'female', 'name': {'title': 'Mademoiselle', 'first': 'Inès', 'last': 'Leclerc'}, 'location': {'street': {'number': 685, 'name': 'Esplanade du 9 Novembre 1989'}, 'city': 'Yvonand', 'state': 'Zug', 'country': 'Switzerland', 'postcode': 2534, 'coordinates': {'latitude': '-61.3552', 'longitude': '164.6630'}, 'timezone': {'offset': '-1:00', 'description': 'Azores, Cape Verde Islands'}}, 'email': 'ines.leclerc@example.com', 'login': {'uuid': '68b612ff-9c6c-449d-aed4-e139052c142a', 'username': 'crazytiger209', 'password': 'skirt', 'salt': 'VAXrL2Q6', 'md5': '6db11fe1e63127a2d6db9d48b6bd5a5d', 'sha1': '7936158af42e77de2b3ff8bd065650bdc87abad8', 'sha256': '4b9407753955bc8bfdb6b3954fc9ffaeb730acc9023e0bd25adba5332aa63d43'}, 'dob': {'date': '1958-05-19T13:22:55.225Z', 'age': 66}, 'registered': {'date': '2014-02-23T18:48:00.040Z', 'age': 10}, 'phone': '079 021 68 64', 'cell': '076 454 11 78', 'id': {'name': 'AVS', 'value': '756.6585.3251.05'}, 'picture': {'large': 'https://randomuser.me/api/portraits/women/5.jpg', 'medium': 'https://randomuser.me/api/portraits/med/women/5.jpg', 'thumbnail': 'https://randomuser.me/api/portraits/thumb/women/5.jpg'}, 'nat': 'CH'}</msg>
<arg>${json_data['results'][0]}</arg>
<doc>Logs the given message with the given level.</doc>
<status status="PASS" start="2024-05-21T20:15:54.236560" elapsed="0.000411"/>
</kw>
<kw name="Log" owner="BuiltIn">
<msg time="2024-05-21T20:15:54.237387" level="INFO">email</msg>
<arg>${key}</arg>
<doc>Logs the given message with the given level.</doc>
<status status="PASS" start="2024-05-21T20:15:54.237262" elapsed="0.000162"/>
</kw>
<var name="${key}">email</var>
<status status="PASS" start="2024-05-21T20:15:54.235707" elapsed="0.001931"/>
</iter>
<iter>
<kw name="Dictionary Should Contain Key" owner="Collections">
<msg time="2024-05-21T20:15:54.238478" level="INFO">False</msg>
<arg>${json_data['results'][0]}</arg>
<arg>${key}</arg>
<doc>Fails if ``key`` is not found from ``dictionary``.</doc>
<status status="PASS" start="2024-05-21T20:15:54.237920" elapsed="0.000596"/>
</kw>
<kw name="Log" owner="BuiltIn">
<msg time="2024-05-21T20:15:54.239178" level="INFO">{'gender': 'female', 'name': {'title': 'Mademoiselle', 'first': 'Inès', 'last': 'Leclerc'}, 'location': {'street': {'number': 685, 'name': 'Esplanade du 9 Novembre 1989'}, 'city': 'Yvonand', 'state': 'Zug', 'country': 'Switzerland', 'postcode': 2534, 'coordinates': {'latitude': '-61.3552', 'longitude': '164.6630'}, 'timezone': {'offset': '-1:00', 'description': 'Azores, Cape Verde Islands'}}, 'email': 'ines.leclerc@example.com', 'login': {'uuid': '68b612ff-9c6c-449d-aed4-e139052c142a', 'username': 'crazytiger209', 'password': 'skirt', 'salt': 'VAXrL2Q6', 'md5': '6db11fe1e63127a2d6db9d48b6bd5a5d', 'sha1': '7936158af42e77de2b3ff8bd065650bdc87abad8', 'sha256': '4b9407753955bc8bfdb6b3954fc9ffaeb730acc9023e0bd25adba5332aa63d43'}, 'dob': {'date': '1958-05-19T13:22:55.225Z', 'age': 66}, 'registered': {'date': '2014-02-23T18:48:00.040Z', 'age': 10}, 'phone': '079 021 68 64', 'cell': '076 454 11 78', 'id': {'name': 'AVS', 'value': '756.6585.3251.05'}, 'picture': {'large': 'https://randomuser.me/api/portraits/women/5.jpg', 'medium': 'https://randomuser.me/api/portraits/med/women/5.jpg', 'thumbnail': 'https://randomuser.me/api/portraits/thumb/women/5.jpg'}, 'nat': 'CH'}</msg>
<arg>${json_data['results'][0]}</arg>
<doc>Logs the given message with the given level.</doc>
<status status="PASS" start="2024-05-21T20:15:54.238816" elapsed="0.000410"/>
</kw>
<kw name="Log" owner="BuiltIn">
<msg time="2024-05-21T20:15:54.239643" level="INFO">login</msg>
<arg>${key}</arg>
<doc>Logs the given message with the given level.</doc>
<status status="PASS" start="2024-05-21T20:15:54.239517" elapsed="0.000194"/>
</kw>
<var name="${key}">login</var>
<status status="PASS" start="2024-05-21T20:15:54.237807" elapsed="0.002130"/>
</iter>
<var>${key}</var>
<value>@{expected_keys}</value>
<status status="PASS" start="2024-05-21T20:15:54.229167" elapsed="0.010925"/>
</for>
<kw name="Create List" owner="BuiltIn">
<msg time="2024-05-21T20:15:54.240421" level="INFO">${expected_keysTwo} = ['username', 'password']</msg>
<var>${expected_keysTwo}</var>
<arg>username</arg>
<arg>password</arg>
<doc>Returns a list containing given items.</doc>
<status status="PASS" start="2024-05-21T20:15:54.240286" elapsed="0.000159"/>
</kw>
<for flavor="IN">
<iter>
<kw name="Dictionary Should Contain Key" owner="Collections">
<msg time="2024-05-21T20:15:54.241319" level="INFO">False</msg>
<arg>${json_data['results'][0]['login']}</arg>
<arg>${keyTwo}</arg>
<doc>Fails if ``key`` is not found from ``dictionary``.</doc>
<status status="PASS" start="2024-05-21T20:15:54.240937" elapsed="0.000418"/>
</kw>
<kw name="Dictionary Should Contain Key" owner="Collections">
<msg time="2024-05-21T20:15:54.242026" level="INFO">False</msg>
<arg>${json_data['results'][0]['login']}</arg>
<arg>${keyTwo}</arg>
<doc>Fails if ``key`` is not found from ``dictionary``.</doc>
<status status="PASS" start="2024-05-21T20:15:54.241647" elapsed="0.000416"/>
</kw>
<kw name="Log" owner="BuiltIn">
<msg time="2024-05-21T20:15:54.242478" level="INFO">username</msg>
<arg>${keyTwo}</arg>
<doc>Logs the given message with the given level.</doc>
<status status="PASS" start="2024-05-21T20:15:54.242353" elapsed="0.000162"/>
</kw>
<var name="${keyTwo}">username</var>
<status status="PASS" start="2024-05-21T20:15:54.240829" elapsed="0.001899"/>
</iter>
<iter>
<kw name="Dictionary Should Contain Key" owner="Collections">
<msg time="2024-05-21T20:15:54.243387" level="INFO">False</msg>
<arg>${json_data['results'][0]['login']}</arg>
<arg>${keyTwo}</arg>
<doc>Fails if ``key`` is not found from ``dictionary``.</doc>
<status status="PASS" start="2024-05-21T20:15:54.243006" elapsed="0.000418"/>
</kw>
<kw name="Dictionary Should Contain Key" owner="Collections">
<msg time="2024-05-21T20:15:54.244232" level="INFO">False</msg>
<arg>${json_data['results'][0]['login']}</arg>
<arg>${keyTwo}</arg>
<doc>Fails if ``key`` is not found from ``dictionary``.</doc>
<status status="PASS" start="2024-05-21T20:15:54.243735" elapsed="0.000537"/>
</kw>
<kw name="Log" owner="BuiltIn">
<msg time="2024-05-21T20:15:54.244698" level="INFO">password</msg>
<arg>${keyTwo}</arg>
<doc>Logs the given message with the given level.</doc>
<status status="PASS" start="2024-05-21T20:15:54.244571" elapsed="0.000164"/>
</kw>
<var name="${keyTwo}">password</var>
<status status="PASS" start="2024-05-21T20:15:54.242897" elapsed="0.002054"/>
</iter>
<var>${keyTwo}</var>
<value>@{expected_keysTwo}</value>
<status status="PASS" start="2024-05-21T20:15:54.240680" elapsed="0.004391"/>
</for>
<status status="PASS" start="2024-05-21T20:15:53.303697" elapsed="0.941512"/>
</kw>
<doc>Testa a estrutura da resposta da API.</doc>
<tag>testeEstruturaResposta</tag>
<status status="PASS" start="2024-05-21T20:15:53.303097" elapsed="0.942268"/>
</test>
<test id="s1-s1-t4" name="Validar tipos de dados" line="28">
<kw name="Teste de Tipos de Dados" owner="random-user-service">
<kw name="GET On Session" owner="RequestsLibrary">
<msg time="2024-05-21T20:15:54.690498" level="INFO">GET Request : url=https://randomuser.me/api 
 path_url=/api 
 headers={'User-Agent': 'python-requests/2.32.2', 'Accept-Encoding': 'gzip, deflate', 'Accept': '*/*', 'Connection': 'keep-alive'} 
 body=None 
 </msg>
<msg time="2024-05-21T20:15:54.690607" level="INFO">GET Response : url=https://randomuser.me/api 
 status=200, reason=OK 
 headers={'Date': 'Tue, 21 May 2024 20:15:54 GMT', 'Content-Type': 'application/json; charset=utf-8', 'Transfer-Encoding': 'chunked', 'Connection': 'keep-alive', 'X-Powered-By': 'Express', 'Access-Control-Allow-Origin': '*', 'Cache-Control': 'no-cache', 'ETag': 'W/"478-FwQiRrX/rMyM7bTdZhuaC9EUzgI"', 'Vary': 'Accept-Encoding', 'Content-Encoding': 'gzip', 'CF-Cache-Status': 'DYNAMIC', 'Report-To': '{"endpoints":[{"url":"https:\\/\\/a.nel.cloudflare.com\\/report\\/v4?s=ER4xY3on5g3%2Fo3gz6Wjk5CTGS4%2FqERSA5VE4WePtuxakma0BA%2Fjo1K%2Fa2XpTum0vkzX4o%2B7yPJIToytEV31gQZ2TIwU7f4hJZ2u0rBKOtdqt9sWp%2B98sjCG%2FTmOSH9Hx"}],"group":"cf-nel","max_age":604800}', 'NEL': '{"success_fraction":0,"report_to":"cf-nel","max_age":604800}', 'Server': 'cloudflare', 'CF-RAY': '88773dbc197b7fff-IAD', 'alt-svc': 'h3=":443"; ma=86400'} 
 body={"results":[{"gender":"female","name":{"title":"Ms","first":"Edel","last":"Hestvik"},"location":{"street":{"number":587,"name":"Bukken Bruses vei"},"city":"Vormsund","state":"Aust-Agder","country":"Norway","postcode":"3223","coordinates":{"latitude":"39.7819","longitude":"35.2150"},"timezone":{"offset":"+9:30","description":"Adelaide, Darwin"}},"email":"edel.hestvik@example.com","login":{"uuid":"35ce01f0-e899-4acf-85b3-fedf9c7c57ac","username":"brownzebra923","password":"picks","salt":"FMMNV9Uw","md5":"b47f3c189846cec8bc27d587b047f140","sha1":"36bc760ebd416541394ded99e75ebae4ec2c763a","sha256":"8c21652301689d8c1212d10173f8aaedfd66683d837e244042c1d5514b1b0cd3"},"dob":{"date":"1992-07-19T02:52:48.747Z","age":31},"registered":{"date":"2022-02-06T07:27:48.977Z","age":2},"phone":"74834688","cell":"95259091","id":{"name":"FN","value":"19079231072"},"picture":{"large":"https://randomuser.me/api/portraits/women/57.jpg","medium":"https://randomuser.me/api/portraits/med/women/57.jpg","thumbnail":"https://randomuser.me/api/portraits/thumb/women/57.jpg"},"nat":"NO"}],"info":{"seed":"c339eb4e79066ef8","results":1,"page":1,"version":"1.4"}} 
 </msg>
<msg time="2024-05-21T20:15:54.690685" level="INFO">/opt/hostedtoolcache/Python/3.12.3/x64/lib/python3.12/site-packages/urllib3/connectionpool.py:1103: InsecureRequestWarning: Unverified HTTPS request is being made to host 'randomuser.me'. Adding certificate verification is strongly advised. See: https://urllib3.readthedocs.io/en/latest/advanced-usage.html#tls-warnings
  warnings.warn(</msg>
<msg time="2024-05-21T20:15:54.690829" level="INFO">${response} = &lt;Response [200]&gt;</msg>
<var>${response}</var>
<arg>consultarAPI</arg>
<arg>/api</arg>
<doc>Sends a GET request on a previously created HTTP Session.</doc>
<status status="PASS" start="2024-05-21T20:15:54.247882" elapsed="0.442995"/>
</kw>
<kw name="Set Variable" owner="BuiltIn">
<msg time="2024-05-21T20:15:54.692050" level="INFO">${json_data} = {'results': [{'gender': 'female', 'name': {'title': 'Ms', 'first': 'Edel', 'last': 'Hestvik'}, 'location': {'street': {'number': 587, 'name': 'Bukken Bruses vei'}, 'city': 'Vormsund', 'state': 'Aust-A...</msg>
<var>${json_data}</var>
<arg>${response.json()}</arg>
<doc>Returns the given values which can then be assigned to a variables.</doc>
<status status="PASS" start="2024-05-21T20:15:54.691487" elapsed="0.000592"/>
</kw>
<kw name="Log" owner="BuiltIn">
<msg time="2024-05-21T20:15:54.692552" level="INFO">{'results': [{'gender': 'female', 'name': {'title': 'Ms', 'first': 'Edel', 'last': 'Hestvik'}, 'location': {'street': {'number': 587, 'name': 'Bukken Bruses vei'}, 'city': 'Vormsund', 'state': 'Aust-Agder', 'country': 'Norway', 'postcode': '3223', 'coordinates': {'latitude': '39.7819', 'longitude': '35.2150'}, 'timezone': {'offset': '+9:30', 'description': 'Adelaide, Darwin'}}, 'email': 'edel.hestvik@example.com', 'login': {'uuid': '35ce01f0-e899-4acf-85b3-fedf9c7c57ac', 'username': 'brownzebra923', 'password': 'picks', 'salt': 'FMMNV9Uw', 'md5': 'b47f3c189846cec8bc27d587b047f140', 'sha1': '36bc760ebd416541394ded99e75ebae4ec2c763a', 'sha256': '8c21652301689d8c1212d10173f8aaedfd66683d837e244042c1d5514b1b0cd3'}, 'dob': {'date': '1992-07-19T02:52:48.747Z', 'age': 31}, 'registered': {'date': '2022-02-06T07:27:48.977Z', 'age': 2}, 'phone': '74834688', 'cell': '95259091', 'id': {'name': 'FN', 'value': '19079231072'}, 'picture': {'large': 'https://randomuser.me/api/portraits/women/57.jpg', 'medium': 'https://randomuser.me/api/portraits/med/women/57.jpg', 'thumbnail': 'https://randomuser.me/api/portraits/thumb/women/57.jpg'}, 'nat': 'NO'}], 'info': {'seed': 'c339eb4e79066ef8', 'results': 1, 'page': 1, 'version': '1.4'}}</msg>
<arg>${json_data}</arg>
<doc>Logs the given message with the given level.</doc>
<status status="PASS" start="2024-05-21T20:15:54.692396" elapsed="0.000243"/>
</kw>
<kw name="Should Be String" owner="String">
<arg>${json_data['results'][0]['gender']}</arg>
<doc>Fails if the given ``item`` is not a string.</doc>
<status status="PASS" start="2024-05-21T20:15:54.692933" elapsed="0.000366"/>
</kw>
<kw name="Should Match Regexp" owner="BuiltIn">
<arg>${json_data['results'][0]['email']}</arg>
<arg>^[a-zA-Z0-9._%+-]+@[a-zA-Z0-9.-]+\.[a-zA-Z]{2,}$</arg>
<doc>Fails if ``string`` does not match ``pattern`` as a regular expression.</doc>
<status status="PASS" start="2024-05-21T20:15:54.693491" elapsed="0.000513"/>
</kw>
<kw name="Should Match Regexp" owner="BuiltIn">
<arg>${json_data['results'][0]['dob']['date']}</arg>
<arg>\\d{4}-\\d{2}-\\d{2}T\\d{2}:\\d{2}:\\d{2}\\.\\d{3}Z</arg>
<doc>Fails if ``string`` does not match ``pattern`` as a regular expression.</doc>
<status status="PASS" start="2024-05-21T20:15:54.694205" elapsed="0.000482"/>
</kw>
<kw name="Should Match Regexp" owner="BuiltIn">
<arg>${json_data['results'][0]['registered']['date']}</arg>
<arg>\\d{4}-\\d{2}-\\d{2}T\\d{2}:\\d{2}:\\d{2}\\.\\d{3}Z</arg>
<doc>Fails if ``string`` does not match ``pattern`` as a regular expression.</doc>
<status status="PASS" start="2024-05-21T20:15:54.694877" elapsed="0.000356"/>
</kw>
<kw name="Should Match Regexp" owner="BuiltIn">
<arg>${json_data['results'][0]['picture']['large']}</arg>
<arg>^https?://.*\.(?:png|jpe?g|gif|bmp)$</arg>
<doc>Fails if ``string`` does not match ``pattern`` as a regular expression.</doc>
<status status="PASS" start="2024-05-21T20:15:54.695421" elapsed="0.000456"/>
</kw>
<kw name="Should Match Regexp" owner="BuiltIn">
<arg>${json_data['results'][0]['picture']['medium']}</arg>
<arg>^https?://.*\.(?:png|jpe?g|gif|bmp)$</arg>
<doc>Fails if ``string`` does not match ``pattern`` as a regular expression.</doc>
<status status="PASS" start="2024-05-21T20:15:54.696105" elapsed="0.000360"/>
</kw>
<kw name="Should Match Regexp" owner="BuiltIn">
<arg>${json_data['results'][0]['picture']['thumbnail']}</arg>
<arg>^https?://.*\.(?:png|jpe?g|gif|bmp)$</arg>
<doc>Fails if ``string`` does not match ``pattern`` as a regular expression.</doc>
<status status="PASS" start="2024-05-21T20:15:54.696652" elapsed="0.000345"/>
</kw>
<kw name="Log" owner="BuiltIn">
<msg time="2024-05-21T20:15:54.697510" level="INFO">{'large': 'https://randomuser.me/api/portraits/women/57.jpg', 'medium': 'https://randomuser.me/api/portraits/med/women/57.jpg', 'thumbnail': 'https://randomuser.me/api/portraits/thumb/women/57.jpg'}</msg>
<arg>${json_data['results'][0]['picture']}</arg>
<doc>Logs the given message with the given level.</doc>
<status status="PASS" start="2024-05-21T20:15:54.697184" elapsed="0.000368"/>
</kw>
<status status="PASS" start="2024-05-21T20:15:54.247649" elapsed="0.450158"/>
</kw>
<kw name="Teste de Tipos de Dados - Postcode" owner="random-user-service">
<kw name="GET On Session" owner="RequestsLibrary">
<msg time="2024-05-21T20:15:54.893753" level="INFO">GET Request : url=https://randomuser.me/api 
 path_url=/api 
 headers={'User-Agent': 'python-requests/2.32.2', 'Accept-Encoding': 'gzip, deflate', 'Accept': '*/*', 'Connection': 'keep-alive'} 
 body=None 
 </msg>
<msg time="2024-05-21T20:15:54.893866" level="INFO">GET Response : url=https://randomuser.me/api 
 status=200, reason=OK 
 headers={'Date': 'Tue, 21 May 2024 20:15:54 GMT', 'Content-Type': 'application/json; charset=utf-8', 'Transfer-Encoding': 'chunked', 'Connection': 'keep-alive', 'X-Powered-By': 'Express', 'Access-Control-Allow-Origin': '*', 'Cache-Control': 'no-cache', 'ETag': 'W/"4a3-T05GDwmAEgW5qG2hn+BUiwv/luA"', 'Vary': 'Accept-Encoding', 'Content-Encoding': 'gzip', 'CF-Cache-Status': 'DYNAMIC', 'Report-To': '{"endpoints":[{"url":"https:\\/\\/a.nel.cloudflare.com\\/report\\/v4?s=OLhiLZcu3h%2FzuAtIU4R5shhsq5MGX0kMcV80oWMOMQ1sJgr5ufA81XcNEU21hJLzD0qY%2FdP%2FpkD3W9cartp0RhkDBRxXEwZ1FPTyDfP4oFkch8Il7D7dP8iEAA05vDP%2B"}],"group":"cf-nel","max_age":604800}', 'NEL': '{"success_fraction":0,"report_to":"cf-nel","max_age":604800}', 'Server': 'cloudflare', 'CF-RAY': '88773dbeed117fff-IAD', 'alt-svc': 'h3=":443"; ma=86400'} 
 body={"results":[{"gender":"male","name":{"title":"Mr","first":"Emilian","last":"Salamonsen"},"location":{"street":{"number":7398,"name":"Johan Throne Holsts plass"},"city":"Kampå","state":"Møre og Romsdal","country":"Norway","postcode":"7502","coordinates":{"latitude":"41.0285","longitude":"-88.5372"},"timezone":{"offset":"+5:00","description":"Ekaterinburg, Islamabad, Karachi, Tashkent"}},"email":"emilian.salamonsen@example.com","login":{"uuid":"4bab6569-7043-4f34-853f-c3d36997ec08","username":"bluezebra813","password":"eight","salt":"Capn8msr","md5":"d06b302a9c8d059377517b2a238ad5ab","sha1":"7d0be3ebac5bd762bceaffc8e59be907fea76647","sha256":"57782bde5b53fc52cbecf13949686a42da52893b17de0340619a08e4d0cb2aa9"},"dob":{"date":"1957-07-25T06:49:48.034Z","age":66},"registered":{"date":"2019-07-14T09:29:16.847Z","age":4},"phone":"55649805","cell":"46571902","id":{"name":"FN","value":"25075749913"},"picture":{"large":"https://randomuser.me/api/portraits/men/19.jpg","medium":"https://randomuser.me/api/portraits/med/men/19.jpg","thumbnail":"https://randomuser.me/api/portraits/thumb/men/19.jpg"},"nat":"NO"}],"info":{"seed":"6bbaa417b8e9d938","results":1,"page":1,"version":"1.4"}} 
 </msg>
<msg time="2024-05-21T20:15:54.893954" level="INFO">/opt/hostedtoolcache/Python/3.12.3/x64/lib/python3.12/site-packages/urllib3/connectionpool.py:1103: InsecureRequestWarning: Unverified HTTPS request is being made to host 'randomuser.me'. Adding certificate verification is strongly advised. See: https://urllib3.readthedocs.io/en/latest/advanced-usage.html#tls-warnings
  warnings.warn(</msg>
<msg time="2024-05-21T20:15:54.894100" level="INFO">${response} = &lt;Response [200]&gt;</msg>
<var>${response}</var>
<arg>consultarAPI</arg>
<arg>/api</arg>
<doc>Sends a GET request on a previously created HTTP Session.</doc>
<status status="PASS" start="2024-05-21T20:15:54.698265" elapsed="0.195884"/>
</kw>
<kw name="Set Variable" owner="BuiltIn">
<msg time="2024-05-21T20:15:54.895443" level="INFO">${json_data} = {'results': [{'gender': 'male', 'name': {'title': 'Mr', 'first': 'Emilian', 'last': 'Salamonsen'}, 'location': {'street': {'number': 7398, 'name': 'Johan Throne Holsts plass'}, 'city': 'Kampå', 'state...</msg>
<var>${json_data}</var>
<arg>${response.json()}</arg>
<doc>Returns the given values which can then be assigned to a variables.</doc>
<status status="PASS" start="2024-05-21T20:15:54.894827" elapsed="0.000645"/>
</kw>
<kw name="Log" owner="BuiltIn">
<msg time="2024-05-21T20:15:54.895941" level="INFO">{'results': [{'gender': 'male', 'name': {'title': 'Mr', 'first': 'Emilian', 'last': 'Salamonsen'}, 'location': {'street': {'number': 7398, 'name': 'Johan Throne Holsts plass'}, 'city': 'Kampå', 'state': 'Møre og Romsdal', 'country': 'Norway', 'postcode': '7502', 'coordinates': {'latitude': '41.0285', 'longitude': '-88.5372'}, 'timezone': {'offset': '+5:00', 'description': 'Ekaterinburg, Islamabad, Karachi, Tashkent'}}, 'email': 'emilian.salamonsen@example.com', 'login': {'uuid': '4bab6569-7043-4f34-853f-c3d36997ec08', 'username': 'bluezebra813', 'password': 'eight', 'salt': 'Capn8msr', 'md5': 'd06b302a9c8d059377517b2a238ad5ab', 'sha1': '7d0be3ebac5bd762bceaffc8e59be907fea76647', 'sha256': '57782bde5b53fc52cbecf13949686a42da52893b17de0340619a08e4d0cb2aa9'}, 'dob': {'date': '1957-07-25T06:49:48.034Z', 'age': 66}, 'registered': {'date': '2019-07-14T09:29:16.847Z', 'age': 4}, 'phone': '55649805', 'cell': '46571902', 'id': {'name': 'FN', 'value': '25075749913'}, 'picture': {'large': 'https://randomuser.me/api/portraits/men/19.jpg', 'medium': 'https://randomuser.me/api/portraits/med/men/19.jpg', 'thumbnail': 'https://randomuser.me/api/portraits/thumb/men/19.jpg'}, 'nat': 'NO'}], 'info': {'seed': '6bbaa417b8e9d938', 'results': 1, 'page': 1, 'version': '1.4'}}</msg>
<arg>${json_data}</arg>
<doc>Logs the given message with the given level.</doc>
<status status="PASS" start="2024-05-21T20:15:54.895781" elapsed="0.000293"/>
</kw>
<kw name="Should Be Equal As Numbers" owner="BuiltIn">
<arg>${json_data['results'][0]['location']['postcode']}</arg>
<arg>${json_data['results'][0]['location']['postcode']}</arg>
<doc>Fails if objects are unequal after converting them to real numbers.</doc>
<status status="PASS" start="2024-05-21T20:15:54.896396" elapsed="0.000793"/>
</kw>
<kw name="Log" owner="BuiltIn">
<msg time="2024-05-21T20:15:54.897725" level="INFO">7502</msg>
<arg>${json_data['results'][0]['location']['postcode']}</arg>
<doc>Logs the given message with the given level.</doc>
<status status="PASS" start="2024-05-21T20:15:54.897387" elapsed="0.000378"/>
</kw>
<status status="PASS" start="2024-05-21T20:15:54.698033" elapsed="0.199986"/>
</kw>
<doc>Testa se os tipos de dados na resposta da API estão corretos.</doc>
<tag>testeTiposDados</tag>
<status status="PASS" start="2024-05-21T20:15:54.247093" elapsed="0.651096"/>
</test>
<test id="s1-s1-t5" name="Validar conteudo" line="35">
<kw name="Teste de Tipos de Conteudo" owner="random-user-service">
<kw name="GET On Session" owner="RequestsLibrary">
<msg time="2024-05-21T20:15:55.060305" level="INFO">GET Request : url=https://randomuser.me/api 
 path_url=/api 
 headers={'User-Agent': 'python-requests/2.32.2', 'Accept-Encoding': 'gzip, deflate', 'Accept': '*/*', 'Connection': 'keep-alive'} 
 body=None 
 </msg>
<msg time="2024-05-21T20:15:55.060417" level="INFO">GET Response : url=https://randomuser.me/api 
 status=200, reason=OK 
 headers={'Date': 'Tue, 21 May 2024 20:15:55 GMT', 'Content-Type': 'application/json; charset=utf-8', 'Transfer-Encoding': 'chunked', 'Connection': 'keep-alive', 'X-Powered-By': 'Express', 'Access-Control-Allow-Origin': '*', 'Cache-Control': 'no-cache', 'ETag': 'W/"497-zHkAbBlaS8g58pDLph/YnG7blw0"', 'Vary': 'Accept-Encoding', 'Content-Encoding': 'gzip', 'CF-Cache-Status': 'DYNAMIC', 'Report-To': '{"endpoints":[{"url":"https:\\/\\/a.nel.cloudflare.com\\/report\\/v4?s=%2FHyNg0Z9f0xbi6fbXDFTC%2F3Dxrk%2FiHoWltVszS0Qu6Ttxy3%2BO7ZF%2BbUNTv7c5MVnAEaHqOkhaxiFMDx76nXdxOVjTRTrA8cl4jmUthHAOv2rNQFjUm%2BgIA7yo3h%2Bxx2m"}],"group":"cf-nel","max_age":604800}', 'NEL': '{"success_fraction":0,"report_to":"cf-nel","max_age":604800}', 'Server': 'cloudflare', 'CF-RAY': '88773dc02f397fff-IAD', 'alt-svc': 'h3=":443"; ma=86400'} 
 body={"results":[{"gender":"female","name":{"title":"Miss","first":"Katherine","last":"Berry"},"location":{"street":{"number":1032,"name":"Cherry St"},"city":"Brisbane","state":"South Australia","country":"Australia","postcode":6845,"coordinates":{"latitude":"-85.9170","longitude":"121.6329"},"timezone":{"offset":"+2:00","description":"Kaliningrad, South Africa"}},"email":"katherine.berry@example.com","login":{"uuid":"81581138-677c-44ec-88dc-18c58587e9dd","username":"smallbutterfly554","password":"speed1","salt":"EBVs4XIG","md5":"47ebb44895bf5ab095ec2390d1103784","sha1":"d2f762ab61207dcebc259c31135c1b54ac84f9c1","sha256":"5174f83e6c55f84c989d1ca4977490eea1c3d41b18447cebd734b340e5423d0d"},"dob":{"date":"1990-09-28T00:52:50.685Z","age":33},"registered":{"date":"2009-05-02T09:26:30.019Z","age":15},"phone":"03-5485-8824","cell":"0468-034-169","id":{"name":"TFN","value":"597555784"},"picture":{"large":"https://randomuser.me/api/portraits/women/48.jpg","medium":"https://randomuser.me/api/portraits/med/women/48.jpg","thumbnail":"https://randomuser.me/api/portraits/thumb/women/48.jpg"},"nat":"AU"}],"info":{"seed":"20cc6be575291726","results":1,"page":1,"version":"1.4"}} 
 </msg>
<msg time="2024-05-21T20:15:55.060502" level="INFO">/opt/hostedtoolcache/Python/3.12.3/x64/lib/python3.12/site-packages/urllib3/connectionpool.py:1103: InsecureRequestWarning: Unverified HTTPS request is being made to host 'randomuser.me'. Adding certificate verification is strongly advised. See: https://urllib3.readthedocs.io/en/latest/advanced-usage.html#tls-warnings
  warnings.warn(</msg>
<msg time="2024-05-21T20:15:55.060638" level="INFO">${response} = &lt;Response [200]&gt;</msg>
<var>${response}</var>
<arg>consultarAPI</arg>
<arg>/api</arg>
<doc>Sends a GET request on a previously created HTTP Session.</doc>
<status status="PASS" start="2024-05-21T20:15:54.900701" elapsed="0.159977"/>
</kw>
<kw name="Set Variable" owner="BuiltIn">
<msg time="2024-05-21T20:15:55.061901" level="INFO">${json_data} = {'results': [{'gender': 'female', 'name': {'title': 'Miss', 'first': 'Katherine', 'last': 'Berry'}, 'location': {'street': {'number': 1032, 'name': 'Cherry St'}, 'city': 'Brisbane', 'state': 'South Au...</msg>
<var>${json_data}</var>
<arg>${response.json()}</arg>
<doc>Returns the given values which can then be assigned to a variables.</doc>
<status status="PASS" start="2024-05-21T20:15:55.061321" elapsed="0.000608"/>
</kw>
<kw name="Set Variable" owner="BuiltIn">
<msg time="2024-05-21T20:15:55.062617" level="INFO">${name_title} = Miss</msg>
<var>${name_title}</var>
<arg>${json_data["results"][0]["name"]["title"]}</arg>
<doc>Returns the given values which can then be assigned to a variables.</doc>
<status status="PASS" start="2024-05-21T20:15:55.062231" elapsed="0.000411"/>
</kw>
<kw name="Create List" owner="BuiltIn">
<msg time="2024-05-21T20:15:55.063083" level="INFO">${allowed_titles} = ['Mr', 'Ms', 'Miss', 'Mrs', 'Madame', 'Monsieur']</msg>
<var>${allowed_titles}</var>
<arg>Mr</arg>
<arg>Ms</arg>
<arg>Miss</arg>
<arg>Mrs</arg>
<arg>Madame</arg>
<arg>Monsieur</arg>
<doc>Returns a list containing given items.</doc>
<status status="PASS" start="2024-05-21T20:15:55.062936" elapsed="0.000171"/>
</kw>
<kw name="List Should Contain Value" owner="Collections">
<msg time="2024-05-21T20:15:55.063577" level="INFO">False</msg>
<arg>${allowed_titles}</arg>
<arg>${name_title}</arg>
<doc>Fails if the ``value`` is not found from ``list``.</doc>
<status status="PASS" start="2024-05-21T20:15:55.063403" elapsed="0.000211"/>
</kw>
<kw name="Set Variable" owner="BuiltIn">
<msg time="2024-05-21T20:15:55.064314" level="INFO">${name_country} = AU</msg>
<var>${name_country}</var>
<arg>${json_data["results"][0]["nat"]}</arg>
<doc>Returns the given values which can then be assigned to a variables.</doc>
<status status="PASS" start="2024-05-21T20:15:55.063904" elapsed="0.000435"/>
</kw>
<kw name="Create List" owner="BuiltIn">
<msg time="2024-05-21T20:15:55.065232" level="INFO">${list_country} = ['AD', 'AE', 'AF', 'AG', 'AI', 'AL', 'AM', 'AO', 'AQ', 'AR', 'AS', 'AT', 'AU', 'AW', 'AX', 'AZ', 'BA', 'BB', 'BD', 'BE', 'BF', 'BG', 'BH', 'BI', 'BJ', 'BL', 'BM', 'BN', 'BO', 'BQ', 'BR', 'BS', 'BT', '...</msg>
<var>${list_country}</var>
<arg>AD</arg>
<arg>AE</arg>
<arg>AF</arg>
<arg>AG</arg>
<arg>AI</arg>
<arg>AL</arg>
<arg>AM</arg>
<arg>AO</arg>
<arg>AQ</arg>
<arg>AR</arg>
<arg>AS</arg>
<arg>AT</arg>
<arg>AU</arg>
<arg>AW</arg>
<arg>AX</arg>
<arg>AZ</arg>
<arg>BA</arg>
<arg>BB</arg>
<arg>BD</arg>
<arg>BE</arg>
<arg>BF</arg>
<arg>BG</arg>
<arg>BH</arg>
<arg>BI</arg>
<arg>BJ</arg>
<arg>BL</arg>
<arg>BM</arg>
<arg>BN</arg>
<arg>BO</arg>
<arg>BQ</arg>
<arg>BR</arg>
<arg>BS</arg>
<arg>BT</arg>
<arg>BV</arg>
<arg>BW</arg>
<arg>BY</arg>
<arg>BZ</arg>
<arg>CA</arg>
<arg>CC</arg>
<arg>CD</arg>
<arg>CF</arg>
<arg>CG</arg>
<arg>CH</arg>
<arg>CI</arg>
<arg>CK</arg>
<arg>CL</arg>
<arg>CM</arg>
<arg>CN</arg>
<arg>CO</arg>
<arg>CR</arg>
<arg>CU</arg>
<arg>CV</arg>
<arg>CW</arg>
<arg>CX</arg>
<arg>CY</arg>
<arg>CZ</arg>
<arg>DE</arg>
<arg>DJ</arg>
<arg>DK</arg>
<arg>DM</arg>
<arg>DO</arg>
<arg>DZ</arg>
<arg>EC</arg>
<arg>EE</arg>
<arg>EG</arg>
<arg>EH</arg>
<arg>ER</arg>
<arg>ES</arg>
<arg>ET</arg>
<arg>FI</arg>
<arg>FJ</arg>
<arg>FK</arg>
<arg>FM</arg>
<arg>FO</arg>
<arg>FR</arg>
<arg>GA</arg>
<arg>GB</arg>
<arg>GD</arg>
<arg>GE</arg>
<arg>GF</arg>
<arg>GG</arg>
<arg>GH</arg>
<arg>GI</arg>
<arg>GL</arg>
<arg>GM</arg>
<arg>GN</arg>
<arg>GP</arg>
<arg>GQ</arg>
<arg>GR</arg>
<arg>GS</arg>
<arg>GT</arg>
<arg>GU</arg>
<arg>GW</arg>
<arg>GY</arg>
<arg>HK</arg>
<arg>HM</arg>
<arg>HN</arg>
<arg>HR</arg>
<arg>HT</arg>
<arg>HU</arg>
<arg>ID</arg>
<arg>IE</arg>
<arg>IL</arg>
<arg>IM</arg>
<arg>IN</arg>
<arg>IO</arg>
<arg>IQ</arg>
<arg>IR</arg>
<arg>IS</arg>
<arg>IT</arg>
<arg>JE</arg>
<arg>JM</arg>
<arg>JO</arg>
<arg>JP</arg>
<arg>KE</arg>
<arg>KG</arg>
<arg>KH</arg>
<arg>KI</arg>
<arg>KM</arg>
<arg>KN</arg>
<arg>KP</arg>
<arg>KR</arg>
<arg>KW</arg>
<arg>KY</arg>
<arg>KZ</arg>
<arg>LA</arg>
<arg>LB</arg>
<arg>LC</arg>
<arg>LI</arg>
<arg>LK</arg>
<arg>LR</arg>
<arg>LS</arg>
<arg>LT</arg>
<arg>LU</arg>
<arg>LV</arg>
<arg>LY</arg>
<arg>MA</arg>
<arg>MC</arg>
<arg>MD</arg>
<arg>ME</arg>
<arg>MF</arg>
<arg>MG</arg>
<arg>MH</arg>
<arg>MK</arg>
<arg>ML</arg>
<arg>MM</arg>
<arg>MN</arg>
<arg>MO</arg>
<arg>MP</arg>
<arg>MQ</arg>
<arg>MR</arg>
<arg>MS</arg>
<arg>MT</arg>
<arg>MU</arg>
<arg>MV</arg>
<arg>MW</arg>
<arg>MX</arg>
<arg>MY</arg>
<arg>MZ</arg>
<arg>NA</arg>
<arg>NC</arg>
<arg>NE</arg>
<arg>NF</arg>
<arg>NG</arg>
<arg>NI</arg>
<arg>NL</arg>
<arg>NO</arg>
<arg>NP</arg>
<arg>NR</arg>
<arg>NU</arg>
<arg>NZ</arg>
<arg>OM</arg>
<arg>PA</arg>
<arg>PE</arg>
<arg>PF</arg>
<arg>PG</arg>
<arg>PH</arg>
<arg>PK</arg>
<arg>PL</arg>
<arg>PM</arg>
<arg>PN</arg>
<arg>PR</arg>
<arg>PS</arg>
<arg>PT</arg>
<arg>PW</arg>
<arg>PY</arg>
<arg>QA</arg>
<arg>RE</arg>
<arg>RO</arg>
<arg>RS</arg>
<arg>RU</arg>
<arg>RW</arg>
<arg>SA</arg>
<arg>SB</arg>
<arg>SC</arg>
<arg>SD</arg>
<arg>SE</arg>
<arg>SG</arg>
<arg>SH</arg>
<arg>SI</arg>
<arg>SJ</arg>
<arg>SK</arg>
<arg>SL</arg>
<arg>SM</arg>
<arg>SN</arg>
<arg>SO</arg>
<arg>SR</arg>
<arg>SS</arg>
<arg>ST</arg>
<arg>SV</arg>
<arg>SX</arg>
<arg>SY</arg>
<arg>SZ</arg>
<arg>TC</arg>
<arg>TD</arg>
<arg>TF</arg>
<arg>TG</arg>
<arg>TH</arg>
<arg>TJ</arg>
<arg>TK</arg>
<arg>TL</arg>
<arg>TM</arg>
<arg>TN</arg>
<arg>TO</arg>
<arg>TR</arg>
<arg>TT</arg>
<arg>TV</arg>
<arg>TW</arg>
<arg>TZ</arg>
<arg>UA</arg>
<arg>UG</arg>
<arg>UM</arg>
<arg>US</arg>
<arg>UY</arg>
<arg>UZ</arg>
<arg>VA</arg>
<arg>VC</arg>
<arg>VE</arg>
<arg>VG</arg>
<arg>VI</arg>
<arg>VN</arg>
<arg>VU</arg>
<arg>WF</arg>
<arg>WS</arg>
<arg>XK</arg>
<arg>YE</arg>
<arg>YT</arg>
<arg>ZA</arg>
<arg>ZM</arg>
<arg>ZW</arg>
<doc>Returns a list containing given items.</doc>
<status status="PASS" start="2024-05-21T20:15:55.064639" elapsed="0.000618"/>
</kw>
<kw name="List Should Contain Value" owner="Collections">
<msg time="2024-05-21T20:15:55.066253" level="INFO">False</msg>
<arg>${list_country}</arg>
<arg>${name_country}</arg>
<doc>Fails if the ``value`` is not found from ``list``.</doc>
<status status="PASS" start="2024-05-21T20:15:55.066044" elapsed="0.000250"/>
</kw>
<kw name="Run Keyword If" owner="BuiltIn">
<kw name="Should Be True" owner="BuiltIn">
<arg>${True}</arg>
<doc>Fails if the given condition is not true.</doc>
<status status="PASS" start="2024-05-21T20:15:55.067349" elapsed="0.000144"/>
</kw>
<arg>${json_data["results"][0]["location"]["coordinates"]["latitude"]} &gt;= -90 and ${json_data["results"][0]["location"]["coordinates"]["latitude"]} &lt;= 90</arg>
<arg>Should Be True</arg>
<arg>${True}</arg>
<doc>Runs the given keyword with the given arguments, if ``condition`` is true.</doc>
<status status="PASS" start="2024-05-21T20:15:55.066598" elapsed="0.001018"/>
</kw>
<kw name="Run Keyword If" owner="BuiltIn">
<kw name="Should Be True" owner="BuiltIn">
<arg>${True}</arg>
<doc>Fails if the given condition is not true.</doc>
<status status="PASS" start="2024-05-21T20:15:55.068531" elapsed="0.000256"/>
</kw>
<arg>${json_data["results"][0]["location"]["coordinates"]["longitude"]} &gt;= -180 and ${json_data["results"][0]["location"]["coordinates"]["longitude"]} &lt;= 180</arg>
<arg>Should Be True</arg>
<arg>${True}</arg>
<doc>Runs the given keyword with the given arguments, if ``condition`` is true.</doc>
<status status="PASS" start="2024-05-21T20:15:55.067796" elapsed="0.001116"/>
</kw>
<status status="PASS" start="2024-05-21T20:15:54.900475" elapsed="0.168569"/>
</kw>
<doc>Testa o conteúdo específico dos campos retornados pela API.</doc>
<tag>testeConteudo</tag>
<status status="PASS" start="2024-05-21T20:15:54.899913" elapsed="0.169283"/>
</test>
<status status="PASS" start="2024-05-21T20:15:50.895701" elapsed="4.175445"/>
</suite>
<status status="PASS" start="2024-05-21T20:15:50.882159" elapsed="4.194210"/>
</suite>
<statistics>
<total>
<stat pass="5" fail="0" skip="0">All Tests</stat>
</total>
<tag>
<stat pass="1" fail="0" skip="0">testeConteudo</stat>
<stat pass="1" fail="0" skip="0">testeEstruturaResposta</stat>
<stat pass="1" fail="0" skip="0">testeRequisicaoBasica</stat>
<stat pass="1" fail="0" skip="0">testeTiposDados</stat>
</tag>
<suite>
<stat pass="5" fail="0" skip="0" id="s1" name="Tests">Tests</stat>
<stat pass="5" fail="0" skip="0" id="s1-s1" name="Random-User-Test">Tests.Random-User-Test</stat>
</suite>
</statistics>
<errors>
</errors>
</robot>
