<?xml version="1.0" encoding="UTF-8"?>
<robot generator="Robot 7.0 (Python 3.12.3 on linux)" generated="2024-06-03T11:12:58.383661" rpa="false" schemaversion="5">
<suite id="s1" name="Tests" source="/home/runner/work/ApiRandomUser/ApiRandomUser/RamdonUser/tests">
<suite id="s1-s1" name="Random-User-Test" source="/home/runner/work/ApiRandomUser/ApiRandomUser/RamdonUser/tests/random-user-test.robot">
<test id="s1-s1-t1" name="Conectar" line="13">
<kw name="Conectar API" owner="random-user-service">
<kw name="Create Session" owner="RequestsLibrary">
<msg time="2024-06-03T11:12:58.744662" level="INFO">Creating Session using : alias=consultarAPI, url=https://randomuser.me/, headers={},                     cookies={}, auth=None, timeout=None, proxies=None, verify=False,                     debug=0 </msg>
<arg>consultarAPI</arg>
<arg>${URL}</arg>
<doc>Create Session: create a HTTP session to a server</doc>
<status status="PASS" start="2024-06-03T11:12:58.744463" elapsed="0.000363"/>
</kw>
<status status="PASS" start="2024-06-03T11:12:58.743477" elapsed="0.001699"/>
</kw>
<status status="PASS" start="2024-06-03T11:12:58.742997" elapsed="0.002356"/>
</test>
<test id="s1-s1-t2" name="Validar retorno 200 e JSON Válido" line="16">
<kw name="Teste de Requisicao Basica" owner="random-user-service">
<kw name="GET On Session" owner="RequestsLibrary">
<msg time="2024-06-03T11:12:59.442220" level="INFO">GET Request : url=https://randomuser.me/api 
 path_url=/api 
 headers={'User-Agent': 'python-requests/2.32.3', 'Accept-Encoding': 'gzip, deflate', 'Accept': '*/*', 'Connection': 'keep-alive'} 
 body=None 
 </msg>
<msg time="2024-06-03T11:12:59.442376" level="INFO">GET Response : url=https://randomuser.me/api 
 status=200, reason=OK 
 headers={'Date': 'Mon, 03 Jun 2024 11:12:59 GMT', 'Content-Type': 'application/json; charset=utf-8', 'Transfer-Encoding': 'chunked', 'Connection': 'keep-alive', 'X-Powered-By': 'Express', 'Access-Control-Allow-Origin': '*', 'Cache-Control': 'no-cache', 'ETag': 'W/"4a0-spiVcEbrFPAF3mD75flNjd3HfBk"', 'Vary': 'Accept-Encoding', 'Content-Encoding': 'gzip', 'CF-Cache-Status': 'DYNAMIC', 'Report-To': '{"endpoints":[{"url":"https:\\/\\/a.nel.cloudflare.com\\/report\\/v4?s=VH5o3v3SynUXoRostxvo21OfgctRdxn34UpKp9q3n01Il%2B4kvRtOD%2B%2FjZp91u1mw2CHlv3JS9CebdUQ79jOWlzHN%2BAK5RvSrTB1kh9UEvY0Fm3cXkWMqH%2F3pf6nxwCok"}],"group":"cf-nel","max_age":604800}', 'NEL': '{"success_fraction":0,"report_to":"cf-nel","max_age":604800}', 'Server': 'cloudflare', 'CF-RAY': '88df40500b5f6076-ORD', 'alt-svc': 'h3=":443"; ma=86400'} 
 body={"results":[{"gender":"female","name":{"title":"Miss","first":"Filomena","last":"Castro"},"location":{"street":{"number":847,"name":"Avenida Vinícius de Morais"},"city":"Parnamirim","state":"Goiás","country":"Brazil","postcode":18429,"coordinates":{"latitude":"-79.2239","longitude":"19.7404"},"timezone":{"offset":"+6:00","description":"Almaty, Dhaka, Colombo"}},"email":"filomena.castro@example.com","login":{"uuid":"524c11a5-199c-4642-8850-7e8ed023cd11","username":"angryladybug940","password":"flesh","salt":"JKVzslWG","md5":"ce9b4905b723cc7f682e33e09659a7e0","sha1":"dda8356d844b62d68fc7e002308d6d886dd882c7","sha256":"fb96ff7ad06c4847f13187da02bbbb3d74d112b3e24a84cb570a100e97887305"},"dob":{"date":"1975-06-26T20:02:46.726Z","age":48},"registered":{"date":"2019-12-07T09:07:09.400Z","age":4},"phone":"(01) 2880-0638","cell":"(59) 2114-9251","id":{"name":"CPF","value":"438.230.863-53"},"picture":{"large":"https://randomuser.me/api/portraits/women/83.jpg","medium":"https://randomuser.me/api/portraits/med/women/83.jpg","thumbnail":"https://randomuser.me/api/portraits/thumb/women/83.jpg"},"nat":"BR"}],"info":{"seed":"72c1bc48b1f1dce0","results":1,"page":1,"version":"1.4"}} 
 </msg>
<msg time="2024-06-03T11:12:59.442462" level="INFO">/opt/hostedtoolcache/Python/3.12.3/x64/lib/python3.12/site-packages/urllib3/connectionpool.py:1103: InsecureRequestWarning: Unverified HTTPS request is being made to host 'randomuser.me'. Adding certificate verification is strongly advised. See: https://urllib3.readthedocs.io/en/latest/advanced-usage.html#tls-warnings
  warnings.warn(</msg>
<msg time="2024-06-03T11:12:59.442584" level="INFO">${response} = &lt;Response [200]&gt;</msg>
<var>${response}</var>
<arg>consultarAPI</arg>
<arg>/api</arg>
<doc>Sends a GET request on a previously created HTTP Session.</doc>
<status status="PASS" start="2024-06-03T11:12:58.747696" elapsed="0.694929"/>
</kw>
<kw name="Should Be Equal As Numbers" owner="BuiltIn">
<msg time="2024-06-03T11:12:59.443638" level="INFO">Argument types are:
&lt;class 'int'&gt;
&lt;class 'str'&gt;</msg>
<arg>${response.status_code}</arg>
<arg>200</arg>
<doc>Fails if objects are unequal after converting them to real numbers.</doc>
<status status="PASS" start="2024-06-03T11:12:59.443167" elapsed="0.000535"/>
</kw>
<kw name="Log" owner="BuiltIn">
<msg time="2024-06-03T11:12:59.444407" level="INFO">200</msg>
<arg>${response.status_code}</arg>
<doc>Logs the given message with the given level.</doc>
<status status="PASS" start="2024-06-03T11:12:59.444063" elapsed="0.000389"/>
</kw>
<kw name="Set Variable" owner="BuiltIn">
<msg time="2024-06-03T11:12:59.445194" level="INFO">${json_data} = {'results': [{'gender': 'female', 'name': {'title': 'Miss', 'first': 'Filomena', 'last': 'Castro'}, 'location': {'street': {'number': 847, 'name': 'Avenida Vinícius de Morais'}, 'city': 'Parnamirim', ...</msg>
<var>${json_data}</var>
<arg>${response.json()}</arg>
<doc>Returns the given values which can then be assigned to a variables.</doc>
<status status="PASS" start="2024-06-03T11:12:59.444756" elapsed="0.000467"/>
</kw>
<kw name="Dictionary Should Contain Key" owner="Collections">
<msg time="2024-06-03T11:12:59.445690" level="INFO">False</msg>
<arg>${json_data}</arg>
<arg>results</arg>
<doc>Fails if ``key`` is not found from ``dictionary``.</doc>
<status status="PASS" start="2024-06-03T11:12:59.445526" elapsed="0.000341"/>
</kw>
<status status="PASS" start="2024-06-03T11:12:58.747471" elapsed="0.698663"/>
</kw>
<doc>Testa se a API responde corretamente e retorna um objeto JSON válido.</doc>
<tag>testeRequisicaoBasica</tag>
<status status="PASS" start="2024-06-03T11:12:58.747036" elapsed="0.699270"/>
</test>
<test id="s1-s1-t3" name="Validar estrutura de resposta" line="22">
<kw name="Teste de Estrutura de Resposta" owner="random-user-service">
<kw name="GET On Session" owner="RequestsLibrary">
<msg time="2024-06-03T11:12:59.677486" level="INFO">GET Request : url=https://randomuser.me/api 
 path_url=/api 
 headers={'User-Agent': 'python-requests/2.32.3', 'Accept-Encoding': 'gzip, deflate', 'Accept': '*/*', 'Connection': 'keep-alive'} 
 body=None 
 </msg>
<msg time="2024-06-03T11:12:59.677589" level="INFO">GET Response : url=https://randomuser.me/api 
 status=200, reason=OK 
 headers={'Date': 'Mon, 03 Jun 2024 11:12:59 GMT', 'Content-Type': 'application/json; charset=utf-8', 'Transfer-Encoding': 'chunked', 'Connection': 'keep-alive', 'X-Powered-By': 'Express', 'Access-Control-Allow-Origin': '*', 'Cache-Control': 'no-cache', 'ETag': 'W/"46d-eBNdE+eaLj+u8bf5o88ZrBJnoYw"', 'Vary': 'Accept-Encoding', 'Content-Encoding': 'gzip', 'CF-Cache-Status': 'DYNAMIC', 'Report-To': '{"endpoints":[{"url":"https:\\/\\/a.nel.cloudflare.com\\/report\\/v4?s=WDK%2BShwEa6zq%2FqwdBvkQRuOjjKRG%2BVPKZDJaepD9jl4BFCBoWHgpLgpd9TD3GacFQexJOnwKe8YaYOKzpRD99EAJefOLFABld2LaiBMKz3xR2sCYjxxVuIAb4OM9OnRM"}],"group":"cf-nel","max_age":604800}', 'NEL': '{"success_fraction":0,"report_to":"cf-nel","max_age":604800}', 'Server': 'cloudflare', 'CF-RAY': '88df40538e2f6076-ORD', 'alt-svc': 'h3=":443"; ma=86400'} 
 body={"results":[{"gender":"male","name":{"title":"Mr","first":"Aatu","last":"Salonen"},"location":{"street":{"number":7310,"name":"Hämeentie"},"city":"Karijoki","state":"Kainuu","country":"Finland","postcode":56557,"coordinates":{"latitude":"-24.0957","longitude":"-21.7954"},"timezone":{"offset":"-9:00","description":"Alaska"}},"email":"aatu.salonen@example.com","login":{"uuid":"0d1b4328-4977-4a1b-84bf-48efe091a81c","username":"sadzebra346","password":"corrado","salt":"rLDEPfQc","md5":"9e5fbf0a1756b53da350c9e4f39375e9","sha1":"d38d7a87bff9d4ddba1338ee1e46ae73eba6ca71","sha256":"8065602c8492977aeda7105d2570ebdac9d970c980750899a776bf392ca61b85"},"dob":{"date":"1974-10-21T16:43:42.313Z","age":49},"registered":{"date":"2020-09-22T17:43:33.551Z","age":3},"phone":"09-051-651","cell":"047-466-59-02","id":{"name":"HETU","value":"NaNNA521undefined"},"picture":{"large":"https://randomuser.me/api/portraits/men/98.jpg","medium":"https://randomuser.me/api/portraits/med/men/98.jpg","thumbnail":"https://randomuser.me/api/portraits/thumb/men/98.jpg"},"nat":"FI"}],"info":{"seed":"1e71ee26d10b182c","results":1,"page":1,"version":"1.4"}} 
 </msg>
<msg time="2024-06-03T11:12:59.677709" level="INFO">/opt/hostedtoolcache/Python/3.12.3/x64/lib/python3.12/site-packages/urllib3/connectionpool.py:1103: InsecureRequestWarning: Unverified HTTPS request is being made to host 'randomuser.me'. Adding certificate verification is strongly advised. See: https://urllib3.readthedocs.io/en/latest/advanced-usage.html#tls-warnings
  warnings.warn(</msg>
<msg time="2024-06-03T11:12:59.677829" level="INFO">${response} = &lt;Response [200]&gt;</msg>
<var>${response}</var>
<arg>consultarAPI</arg>
<arg>/api</arg>
<doc>Sends a GET request on a previously created HTTP Session.</doc>
<status status="PASS" start="2024-06-03T11:12:59.448898" elapsed="0.228968"/>
</kw>
<kw name="Set Variable" owner="BuiltIn">
<msg time="2024-06-03T11:12:59.678853" level="INFO">${json_data} = {'results': [{'gender': 'male', 'name': {'title': 'Mr', 'first': 'Aatu', 'last': 'Salonen'}, 'location': {'street': {'number': 7310, 'name': 'Hämeentie'}, 'city': 'Karijoki', 'state': 'Kainuu', 'count...</msg>
<var>${json_data}</var>
<arg>${response.json()}</arg>
<doc>Returns the given values which can then be assigned to a variables.</doc>
<status status="PASS" start="2024-06-03T11:12:59.678401" elapsed="0.000483"/>
</kw>
<kw name="Log" owner="BuiltIn">
<msg time="2024-06-03T11:12:59.679319" level="INFO">{'results': [{'gender': 'male', 'name': {'title': 'Mr', 'first': 'Aatu', 'last': 'Salonen'}, 'location': {'street': {'number': 7310, 'name': 'Hämeentie'}, 'city': 'Karijoki', 'state': 'Kainuu', 'country': 'Finland', 'postcode': 56557, 'coordinates': {'latitude': '-24.0957', 'longitude': '-21.7954'}, 'timezone': {'offset': '-9:00', 'description': 'Alaska'}}, 'email': 'aatu.salonen@example.com', 'login': {'uuid': '0d1b4328-4977-4a1b-84bf-48efe091a81c', 'username': 'sadzebra346', 'password': 'corrado', 'salt': 'rLDEPfQc', 'md5': '9e5fbf0a1756b53da350c9e4f39375e9', 'sha1': 'd38d7a87bff9d4ddba1338ee1e46ae73eba6ca71', 'sha256': '8065602c8492977aeda7105d2570ebdac9d970c980750899a776bf392ca61b85'}, 'dob': {'date': '1974-10-21T16:43:42.313Z', 'age': 49}, 'registered': {'date': '2020-09-22T17:43:33.551Z', 'age': 3}, 'phone': '09-051-651', 'cell': '047-466-59-02', 'id': {'name': 'HETU', 'value': 'NaNNA521undefined'}, 'picture': {'large': 'https://randomuser.me/api/portraits/men/98.jpg', 'medium': 'https://randomuser.me/api/portraits/med/men/98.jpg', 'thumbnail': 'https://randomuser.me/api/portraits/thumb/men/98.jpg'}, 'nat': 'FI'}], 'info': {'seed': '1e71ee26d10b182c', 'results': 1, 'page': 1, 'version': '1.4'}}</msg>
<arg>${json_data}</arg>
<doc>Logs the given message with the given level.</doc>
<status status="PASS" start="2024-06-03T11:12:59.679175" elapsed="0.000192"/>
</kw>
<kw name="Dictionary Should Contain Key" owner="Collections">
<msg time="2024-06-03T11:12:59.679854" level="INFO">False</msg>
<arg>${json_data}</arg>
<arg>results</arg>
<doc>Fails if ``key`` is not found from ``dictionary``.</doc>
<status status="PASS" start="2024-06-03T11:12:59.679663" elapsed="0.000238"/>
</kw>
<kw name="Should Not Be Empty" owner="BuiltIn">
<msg time="2024-06-03T11:12:59.680327" level="INFO">Length is 2.</msg>
<arg>${json_data}</arg>
<doc>Verifies that the given item is not empty.</doc>
<status status="PASS" start="2024-06-03T11:12:59.680198" elapsed="0.000166"/>
</kw>
<kw name="Create List" owner="BuiltIn">
<msg time="2024-06-03T11:12:59.680807" level="INFO">${expected_keys} = ['gender', 'name', 'location', 'email', 'login']</msg>
<var>${expected_keys}</var>
<arg>gender</arg>
<arg>name</arg>
<arg>location</arg>
<arg>email</arg>
<arg>login</arg>
<doc>Returns a list containing given items.</doc>
<status status="PASS" start="2024-06-03T11:12:59.680654" elapsed="0.000176"/>
</kw>
<for flavor="IN">
<iter>
<kw name="Dictionary Should Contain Key" owner="Collections">
<msg time="2024-06-03T11:12:59.681718" level="INFO">False</msg>
<arg>${json_data['results'][0]}</arg>
<arg>${key}</arg>
<doc>Fails if ``key`` is not found from ``dictionary``.</doc>
<status status="PASS" start="2024-06-03T11:12:59.681348" elapsed="0.000409"/>
</kw>
<kw name="Log" owner="BuiltIn">
<msg time="2024-06-03T11:12:59.682393" level="INFO">{'gender': 'male', 'name': {'title': 'Mr', 'first': 'Aatu', 'last': 'Salonen'}, 'location': {'street': {'number': 7310, 'name': 'Hämeentie'}, 'city': 'Karijoki', 'state': 'Kainuu', 'country': 'Finland', 'postcode': 56557, 'coordinates': {'latitude': '-24.0957', 'longitude': '-21.7954'}, 'timezone': {'offset': '-9:00', 'description': 'Alaska'}}, 'email': 'aatu.salonen@example.com', 'login': {'uuid': '0d1b4328-4977-4a1b-84bf-48efe091a81c', 'username': 'sadzebra346', 'password': 'corrado', 'salt': 'rLDEPfQc', 'md5': '9e5fbf0a1756b53da350c9e4f39375e9', 'sha1': 'd38d7a87bff9d4ddba1338ee1e46ae73eba6ca71', 'sha256': '8065602c8492977aeda7105d2570ebdac9d970c980750899a776bf392ca61b85'}, 'dob': {'date': '1974-10-21T16:43:42.313Z', 'age': 49}, 'registered': {'date': '2020-09-22T17:43:33.551Z', 'age': 3}, 'phone': '09-051-651', 'cell': '047-466-59-02', 'id': {'name': 'HETU', 'value': 'NaNNA521undefined'}, 'picture': {'large': 'https://randomuser.me/api/portraits/men/98.jpg', 'medium': 'https://randomuser.me/api/portraits/med/men/98.jpg', 'thumbnail': 'https://randomuser.me/api/portraits/thumb/men/98.jpg'}, 'nat': 'FI'}</msg>
<arg>${json_data['results'][0]}</arg>
<doc>Logs the given message with the given level.</doc>
<status status="PASS" start="2024-06-03T11:12:59.682041" elapsed="0.000402"/>
</kw>
<kw name="Log" owner="BuiltIn">
<msg time="2024-06-03T11:12:59.682874" level="INFO">gender</msg>
<arg>${key}</arg>
<doc>Logs the given message with the given level.</doc>
<status status="PASS" start="2024-06-03T11:12:59.682746" elapsed="0.000166"/>
</kw>
<var name="${key}">gender</var>
<status status="PASS" start="2024-06-03T11:12:59.681233" elapsed="0.001896"/>
</iter>
<iter>
<kw name="Dictionary Should Contain Key" owner="Collections">
<msg time="2024-06-03T11:12:59.683831" level="INFO">False</msg>
<arg>${json_data['results'][0]}</arg>
<arg>${key}</arg>
<doc>Fails if ``key`` is not found from ``dictionary``.</doc>
<status status="PASS" start="2024-06-03T11:12:59.683429" elapsed="0.000449"/>
</kw>
<kw name="Log" owner="BuiltIn">
<msg time="2024-06-03T11:12:59.684509" level="INFO">{'gender': 'male', 'name': {'title': 'Mr', 'first': 'Aatu', 'last': 'Salonen'}, 'location': {'street': {'number': 7310, 'name': 'Hämeentie'}, 'city': 'Karijoki', 'state': 'Kainuu', 'country': 'Finland', 'postcode': 56557, 'coordinates': {'latitude': '-24.0957', 'longitude': '-21.7954'}, 'timezone': {'offset': '-9:00', 'description': 'Alaska'}}, 'email': 'aatu.salonen@example.com', 'login': {'uuid': '0d1b4328-4977-4a1b-84bf-48efe091a81c', 'username': 'sadzebra346', 'password': 'corrado', 'salt': 'rLDEPfQc', 'md5': '9e5fbf0a1756b53da350c9e4f39375e9', 'sha1': 'd38d7a87bff9d4ddba1338ee1e46ae73eba6ca71', 'sha256': '8065602c8492977aeda7105d2570ebdac9d970c980750899a776bf392ca61b85'}, 'dob': {'date': '1974-10-21T16:43:42.313Z', 'age': 49}, 'registered': {'date': '2020-09-22T17:43:33.551Z', 'age': 3}, 'phone': '09-051-651', 'cell': '047-466-59-02', 'id': {'name': 'HETU', 'value': 'NaNNA521undefined'}, 'picture': {'large': 'https://randomuser.me/api/portraits/men/98.jpg', 'medium': 'https://randomuser.me/api/portraits/med/men/98.jpg', 'thumbnail': 'https://randomuser.me/api/portraits/thumb/men/98.jpg'}, 'nat': 'FI'}</msg>
<arg>${json_data['results'][0]}</arg>
<doc>Logs the given message with the given level.</doc>
<status status="PASS" start="2024-06-03T11:12:59.684177" elapsed="0.000377"/>
</kw>
<kw name="Log" owner="BuiltIn">
<msg time="2024-06-03T11:12:59.684952" level="INFO">name</msg>
<arg>${key}</arg>
<doc>Logs the given message with the given level.</doc>
<status status="PASS" start="2024-06-03T11:12:59.684831" elapsed="0.000156"/>
</kw>
<var name="${key}">name</var>
<status status="PASS" start="2024-06-03T11:12:59.683313" elapsed="0.001874"/>
</iter>
<iter>
<kw name="Dictionary Should Contain Key" owner="Collections">
<msg time="2024-06-03T11:12:59.685793" level="INFO">False</msg>
<arg>${json_data['results'][0]}</arg>
<arg>${key}</arg>
<doc>Fails if ``key`` is not found from ``dictionary``.</doc>
<status status="PASS" start="2024-06-03T11:12:59.685451" elapsed="0.000376"/>
</kw>
<kw name="Log" owner="BuiltIn">
<msg time="2024-06-03T11:12:59.686440" level="INFO">{'gender': 'male', 'name': {'title': 'Mr', 'first': 'Aatu', 'last': 'Salonen'}, 'location': {'street': {'number': 7310, 'name': 'Hämeentie'}, 'city': 'Karijoki', 'state': 'Kainuu', 'country': 'Finland', 'postcode': 56557, 'coordinates': {'latitude': '-24.0957', 'longitude': '-21.7954'}, 'timezone': {'offset': '-9:00', 'description': 'Alaska'}}, 'email': 'aatu.salonen@example.com', 'login': {'uuid': '0d1b4328-4977-4a1b-84bf-48efe091a81c', 'username': 'sadzebra346', 'password': 'corrado', 'salt': 'rLDEPfQc', 'md5': '9e5fbf0a1756b53da350c9e4f39375e9', 'sha1': 'd38d7a87bff9d4ddba1338ee1e46ae73eba6ca71', 'sha256': '8065602c8492977aeda7105d2570ebdac9d970c980750899a776bf392ca61b85'}, 'dob': {'date': '1974-10-21T16:43:42.313Z', 'age': 49}, 'registered': {'date': '2020-09-22T17:43:33.551Z', 'age': 3}, 'phone': '09-051-651', 'cell': '047-466-59-02', 'id': {'name': 'HETU', 'value': 'NaNNA521undefined'}, 'picture': {'large': 'https://randomuser.me/api/portraits/men/98.jpg', 'medium': 'https://randomuser.me/api/portraits/med/men/98.jpg', 'thumbnail': 'https://randomuser.me/api/portraits/thumb/men/98.jpg'}, 'nat': 'FI'}</msg>
<arg>${json_data['results'][0]}</arg>
<doc>Logs the given message with the given level.</doc>
<status status="PASS" start="2024-06-03T11:12:59.686103" elapsed="0.000392"/>
</kw>
<kw name="Log" owner="BuiltIn">
<msg time="2024-06-03T11:12:59.686887" level="INFO">location</msg>
<arg>${key}</arg>
<doc>Logs the given message with the given level.</doc>
<status status="PASS" start="2024-06-03T11:12:59.686772" elapsed="0.000150"/>
</kw>
<var name="${key}">location</var>
<status status="PASS" start="2024-06-03T11:12:59.685349" elapsed="0.001770"/>
</iter>
<iter>
<kw name="Dictionary Should Contain Key" owner="Collections">
<msg time="2024-06-03T11:12:59.687882" level="INFO">False</msg>
<arg>${json_data['results'][0]}</arg>
<arg>${key}</arg>
<doc>Fails if ``key`` is not found from ``dictionary``.</doc>
<status status="PASS" start="2024-06-03T11:12:59.687403" elapsed="0.000515"/>
</kw>
<kw name="Log" owner="BuiltIn">
<msg time="2024-06-03T11:12:59.688565" level="INFO">{'gender': 'male', 'name': {'title': 'Mr', 'first': 'Aatu', 'last': 'Salonen'}, 'location': {'street': {'number': 7310, 'name': 'Hämeentie'}, 'city': 'Karijoki', 'state': 'Kainuu', 'country': 'Finland', 'postcode': 56557, 'coordinates': {'latitude': '-24.0957', 'longitude': '-21.7954'}, 'timezone': {'offset': '-9:00', 'description': 'Alaska'}}, 'email': 'aatu.salonen@example.com', 'login': {'uuid': '0d1b4328-4977-4a1b-84bf-48efe091a81c', 'username': 'sadzebra346', 'password': 'corrado', 'salt': 'rLDEPfQc', 'md5': '9e5fbf0a1756b53da350c9e4f39375e9', 'sha1': 'd38d7a87bff9d4ddba1338ee1e46ae73eba6ca71', 'sha256': '8065602c8492977aeda7105d2570ebdac9d970c980750899a776bf392ca61b85'}, 'dob': {'date': '1974-10-21T16:43:42.313Z', 'age': 49}, 'registered': {'date': '2020-09-22T17:43:33.551Z', 'age': 3}, 'phone': '09-051-651', 'cell': '047-466-59-02', 'id': {'name': 'HETU', 'value': 'NaNNA521undefined'}, 'picture': {'large': 'https://randomuser.me/api/portraits/men/98.jpg', 'medium': 'https://randomuser.me/api/portraits/med/men/98.jpg', 'thumbnail': 'https://randomuser.me/api/portraits/thumb/men/98.jpg'}, 'nat': 'FI'}</msg>
<arg>${json_data['results'][0]}</arg>
<doc>Logs the given message with the given level.</doc>
<status status="PASS" start="2024-06-03T11:12:59.688205" elapsed="0.000410"/>
</kw>
<kw name="Log" owner="BuiltIn">
<msg time="2024-06-03T11:12:59.689041" level="INFO">email</msg>
<arg>${key}</arg>
<doc>Logs the given message with the given level.</doc>
<status status="PASS" start="2024-06-03T11:12:59.688914" elapsed="0.000163"/>
</kw>
<var name="${key}">email</var>
<status status="PASS" start="2024-06-03T11:12:59.687296" elapsed="0.001996"/>
</iter>
<iter>
<kw name="Dictionary Should Contain Key" owner="Collections">
<msg time="2024-06-03T11:12:59.689950" level="INFO">False</msg>
<arg>${json_data['results'][0]}</arg>
<arg>${key}</arg>
<doc>Fails if ``key`` is not found from ``dictionary``.</doc>
<status status="PASS" start="2024-06-03T11:12:59.689576" elapsed="0.000407"/>
</kw>
<kw name="Log" owner="BuiltIn">
<msg time="2024-06-03T11:12:59.690591" level="INFO">{'gender': 'male', 'name': {'title': 'Mr', 'first': 'Aatu', 'last': 'Salonen'}, 'location': {'street': {'number': 7310, 'name': 'Hämeentie'}, 'city': 'Karijoki', 'state': 'Kainuu', 'country': 'Finland', 'postcode': 56557, 'coordinates': {'latitude': '-24.0957', 'longitude': '-21.7954'}, 'timezone': {'offset': '-9:00', 'description': 'Alaska'}}, 'email': 'aatu.salonen@example.com', 'login': {'uuid': '0d1b4328-4977-4a1b-84bf-48efe091a81c', 'username': 'sadzebra346', 'password': 'corrado', 'salt': 'rLDEPfQc', 'md5': '9e5fbf0a1756b53da350c9e4f39375e9', 'sha1': 'd38d7a87bff9d4ddba1338ee1e46ae73eba6ca71', 'sha256': '8065602c8492977aeda7105d2570ebdac9d970c980750899a776bf392ca61b85'}, 'dob': {'date': '1974-10-21T16:43:42.313Z', 'age': 49}, 'registered': {'date': '2020-09-22T17:43:33.551Z', 'age': 3}, 'phone': '09-051-651', 'cell': '047-466-59-02', 'id': {'name': 'HETU', 'value': 'NaNNA521undefined'}, 'picture': {'large': 'https://randomuser.me/api/portraits/men/98.jpg', 'medium': 'https://randomuser.me/api/portraits/med/men/98.jpg', 'thumbnail': 'https://randomuser.me/api/portraits/thumb/men/98.jpg'}, 'nat': 'FI'}</msg>
<arg>${json_data['results'][0]}</arg>
<doc>Logs the given message with the given level.</doc>
<status status="PASS" start="2024-06-03T11:12:59.690253" elapsed="0.000383"/>
</kw>
<kw name="Log" owner="BuiltIn">
<msg time="2024-06-03T11:12:59.691022" level="INFO">login</msg>
<arg>${key}</arg>
<doc>Logs the given message with the given level.</doc>
<status status="PASS" start="2024-06-03T11:12:59.690905" elapsed="0.000151"/>
</kw>
<var name="${key}">login</var>
<status status="PASS" start="2024-06-03T11:12:59.689463" elapsed="0.001801"/>
</iter>
<var>${key}</var>
<value>@{expected_keys}</value>
<status status="PASS" start="2024-06-03T11:12:59.681067" elapsed="0.010315"/>
</for>
<kw name="Create List" owner="BuiltIn">
<msg time="2024-06-03T11:12:59.691737" level="INFO">${expected_keysTwo} = ['username', 'password']</msg>
<var>${expected_keysTwo}</var>
<arg>username</arg>
<arg>password</arg>
<doc>Returns a list containing given items.</doc>
<status status="PASS" start="2024-06-03T11:12:59.691601" elapsed="0.000159"/>
</kw>
<for flavor="IN">
<iter>
<kw name="Dictionary Should Contain Key" owner="Collections">
<msg time="2024-06-03T11:12:59.692660" level="INFO">False</msg>
<arg>${json_data['results'][0]['login']}</arg>
<arg>${keyTwo}</arg>
<doc>Fails if ``key`` is not found from ``dictionary``.</doc>
<status status="PASS" start="2024-06-03T11:12:59.692284" elapsed="0.000413"/>
</kw>
<kw name="Dictionary Should Contain Key" owner="Collections">
<msg time="2024-06-03T11:12:59.693395" level="INFO">False</msg>
<arg>${json_data['results'][0]['login']}</arg>
<arg>${keyTwo}</arg>
<doc>Fails if ``key`` is not found from ``dictionary``.</doc>
<status status="PASS" start="2024-06-03T11:12:59.692990" elapsed="0.000442"/>
</kw>
<kw name="Log" owner="BuiltIn">
<msg time="2024-06-03T11:12:59.693852" level="INFO">username</msg>
<arg>${keyTwo}</arg>
<doc>Logs the given message with the given level.</doc>
<status status="PASS" start="2024-06-03T11:12:59.693727" elapsed="0.000175"/>
</kw>
<var name="${keyTwo}">username</var>
<status status="PASS" start="2024-06-03T11:12:59.692174" elapsed="0.001963"/>
</iter>
<iter>
<kw name="Dictionary Should Contain Key" owner="Collections">
<msg time="2024-06-03T11:12:59.694780" level="INFO">False</msg>
<arg>${json_data['results'][0]['login']}</arg>
<arg>${keyTwo}</arg>
<doc>Fails if ``key`` is not found from ``dictionary``.</doc>
<status status="PASS" start="2024-06-03T11:12:59.694426" elapsed="0.000389"/>
</kw>
<kw name="Dictionary Should Contain Key" owner="Collections">
<msg time="2024-06-03T11:12:59.695482" level="INFO">False</msg>
<arg>${json_data['results'][0]['login']}</arg>
<arg>${keyTwo}</arg>
<doc>Fails if ``key`` is not found from ``dictionary``.</doc>
<status status="PASS" start="2024-06-03T11:12:59.695107" elapsed="0.000411"/>
</kw>
<kw name="Log" owner="BuiltIn">
<msg time="2024-06-03T11:12:59.695965" level="INFO">password</msg>
<arg>${keyTwo}</arg>
<doc>Logs the given message with the given level.</doc>
<status status="PASS" start="2024-06-03T11:12:59.695834" elapsed="0.000167"/>
</kw>
<var name="${keyTwo}">password</var>
<status status="PASS" start="2024-06-03T11:12:59.694320" elapsed="0.001897"/>
</iter>
<var>${keyTwo}</var>
<value>@{expected_keysTwo}</value>
<status status="PASS" start="2024-06-03T11:12:59.692023" elapsed="0.004312"/>
</for>
<status status="PASS" start="2024-06-03T11:12:59.448662" elapsed="0.247809"/>
</kw>
<doc>Testa a estrutura da resposta da API.</doc>
<tag>testeEstruturaResposta</tag>
<status status="PASS" start="2024-06-03T11:12:59.448082" elapsed="0.248533"/>
</test>
<test id="s1-s1-t4" name="Validar tipos de dados" line="28">
<kw name="Teste de Tipos de Dados" owner="random-user-service">
<kw name="GET On Session" owner="RequestsLibrary">
<msg time="2024-06-03T11:12:59.848765" level="INFO">GET Request : url=https://randomuser.me/api 
 path_url=/api 
 headers={'User-Agent': 'python-requests/2.32.3', 'Accept-Encoding': 'gzip, deflate', 'Accept': '*/*', 'Connection': 'keep-alive'} 
 body=None 
 </msg>
<msg time="2024-06-03T11:12:59.848845" level="INFO">GET Response : url=https://randomuser.me/api 
 status=200, reason=OK 
 headers={'Date': 'Mon, 03 Jun 2024 11:12:59 GMT', 'Content-Type': 'application/json; charset=utf-8', 'Transfer-Encoding': 'chunked', 'Connection': 'keep-alive', 'X-Powered-By': 'Express', 'Access-Control-Allow-Origin': '*', 'Cache-Control': 'no-cache', 'ETag': 'W/"49e-kp+fmVjfQ6qaq+bgGPE9TKlsPno"', 'Vary': 'Accept-Encoding', 'Content-Encoding': 'gzip', 'CF-Cache-Status': 'DYNAMIC', 'Report-To': '{"endpoints":[{"url":"https:\\/\\/a.nel.cloudflare.com\\/report\\/v4?s=OfukglulaiITib%2BtG8aBv6Wsl8ehF4uWrebe0%2BrNw8worvJjBC2WzalfF62mj2b8cUb6xHBVxB%2FrS4yL1YU9aYKwEaF5FagJGI8rl8pULsTLfQyDlzEcVoEszZwlC%2Fwz"}],"group":"cf-nel","max_age":604800}', 'NEL': '{"success_fraction":0,"report_to":"cf-nel","max_age":604800}', 'Server': 'cloudflare', 'CF-RAY': '88df40551f526076-ORD', 'alt-svc': 'h3=":443"; ma=86400'} 
 body={"results":[{"gender":"female","name":{"title":"Mrs","first":"Helmi","last":"Korpela"},"location":{"street":{"number":5656,"name":"Mannerheimintie"},"city":"Kontiolahti","state":"Southern Ostrobothnia","country":"Finland","postcode":73580,"coordinates":{"latitude":"-25.8527","longitude":"55.3797"},"timezone":{"offset":"+9:30","description":"Adelaide, Darwin"}},"email":"helmi.korpela@example.com","login":{"uuid":"45ae965b-b20b-4a4c-8fb1-c18e24ec916b","username":"beautifulpeacock197","password":"place","salt":"jaTPrUH7","md5":"90483eea6f47919eb3e502a698351550","sha1":"5fc698d67933ea8543972fa68fb0130e42ed6fc0","sha256":"7ac2411442596bcb02c2b10fb093dc973ef37e6d027bfe9f35af2783f2bc0db3"},"dob":{"date":"1976-06-04T05:50:21.718Z","age":47},"registered":{"date":"2019-11-28T21:34:41.402Z","age":4},"phone":"04-985-147","cell":"041-986-06-15","id":{"name":"HETU","value":"NaNNA870undefined"},"picture":{"large":"https://randomuser.me/api/portraits/women/16.jpg","medium":"https://randomuser.me/api/portraits/med/women/16.jpg","thumbnail":"https://randomuser.me/api/portraits/thumb/women/16.jpg"},"nat":"FI"}],"info":{"seed":"a277010cc2147858","results":1,"page":1,"version":"1.4"}} 
 </msg>
<msg time="2024-06-03T11:12:59.848915" level="INFO">/opt/hostedtoolcache/Python/3.12.3/x64/lib/python3.12/site-packages/urllib3/connectionpool.py:1103: InsecureRequestWarning: Unverified HTTPS request is being made to host 'randomuser.me'. Adding certificate verification is strongly advised. See: https://urllib3.readthedocs.io/en/latest/advanced-usage.html#tls-warnings
  warnings.warn(</msg>
<msg time="2024-06-03T11:12:59.849034" level="INFO">${response} = &lt;Response [200]&gt;</msg>
<var>${response}</var>
<arg>consultarAPI</arg>
<arg>/api</arg>
<doc>Sends a GET request on a previously created HTTP Session.</doc>
<status status="PASS" start="2024-06-03T11:12:59.698892" elapsed="0.150196"/>
</kw>
<kw name="Set Variable" owner="BuiltIn">
<msg time="2024-06-03T11:12:59.850183" level="INFO">${json_data} = {'results': [{'gender': 'female', 'name': {'title': 'Mrs', 'first': 'Helmi', 'last': 'Korpela'}, 'location': {'street': {'number': 5656, 'name': 'Mannerheimintie'}, 'city': 'Kontiolahti', 'state': 'So...</msg>
<var>${json_data}</var>
<arg>${response.json()}</arg>
<doc>Returns the given values which can then be assigned to a variables.</doc>
<status status="PASS" start="2024-06-03T11:12:59.849687" elapsed="0.000523"/>
</kw>
<kw name="Log" owner="BuiltIn">
<msg time="2024-06-03T11:12:59.850638" level="INFO">{'results': [{'gender': 'female', 'name': {'title': 'Mrs', 'first': 'Helmi', 'last': 'Korpela'}, 'location': {'street': {'number': 5656, 'name': 'Mannerheimintie'}, 'city': 'Kontiolahti', 'state': 'Southern Ostrobothnia', 'country': 'Finland', 'postcode': 73580, 'coordinates': {'latitude': '-25.8527', 'longitude': '55.3797'}, 'timezone': {'offset': '+9:30', 'description': 'Adelaide, Darwin'}}, 'email': 'helmi.korpela@example.com', 'login': {'uuid': '45ae965b-b20b-4a4c-8fb1-c18e24ec916b', 'username': 'beautifulpeacock197', 'password': 'place', 'salt': 'jaTPrUH7', 'md5': '90483eea6f47919eb3e502a698351550', 'sha1': '5fc698d67933ea8543972fa68fb0130e42ed6fc0', 'sha256': '7ac2411442596bcb02c2b10fb093dc973ef37e6d027bfe9f35af2783f2bc0db3'}, 'dob': {'date': '1976-06-04T05:50:21.718Z', 'age': 47}, 'registered': {'date': '2019-11-28T21:34:41.402Z', 'age': 4}, 'phone': '04-985-147', 'cell': '041-986-06-15', 'id': {'name': 'HETU', 'value': 'NaNNA870undefined'}, 'picture': {'large': 'https://randomuser.me/api/portraits/women/16.jpg', 'medium': 'https://randomuser.me/api/portraits/med/women/16.jpg', 'thumbnail': 'https://randomuser.me/api/portraits/thumb/women/16.jpg'}, 'nat': 'FI'}], 'info': {'seed': 'a277010cc2147858', 'results': 1, 'page': 1, 'version': '1.4'}}</msg>
<arg>${json_data}</arg>
<doc>Logs the given message with the given level.</doc>
<status status="PASS" start="2024-06-03T11:12:59.850495" elapsed="0.000185"/>
</kw>
<kw name="Should Be String" owner="String">
<arg>${json_data['results'][0]['gender']}</arg>
<doc>Fails if the given ``item`` is not a string.</doc>
<status status="PASS" start="2024-06-03T11:12:59.850977" elapsed="0.000326"/>
</kw>
<kw name="Should Match Regexp" owner="BuiltIn">
<arg>${json_data['results'][0]['email']}</arg>
<arg>^[a-zA-Z0-9._%+-]+@[a-zA-Z0-9.-]+\.[a-zA-Z]{2,}$</arg>
<doc>Fails if ``string`` does not match ``pattern`` as a regular expression.</doc>
<status status="PASS" start="2024-06-03T11:12:59.851486" elapsed="0.000633"/>
</kw>
<kw name="Should Match Regexp" owner="BuiltIn">
<arg>${json_data['results'][0]['dob']['date']}</arg>
<arg>\\d{4}-\\d{2}-\\d{2}T\\d{2}:\\d{2}:\\d{2}\\.\\d{3}Z</arg>
<doc>Fails if ``string`` does not match ``pattern`` as a regular expression.</doc>
<status status="PASS" start="2024-06-03T11:12:59.852323" elapsed="0.000489"/>
</kw>
<kw name="Should Match Regexp" owner="BuiltIn">
<arg>${json_data['results'][0]['registered']['date']}</arg>
<arg>\\d{4}-\\d{2}-\\d{2}T\\d{2}:\\d{2}:\\d{2}\\.\\d{3}Z</arg>
<doc>Fails if ``string`` does not match ``pattern`` as a regular expression.</doc>
<status status="PASS" start="2024-06-03T11:12:59.853005" elapsed="0.000364"/>
</kw>
<kw name="Should Match Regexp" owner="BuiltIn">
<arg>${json_data['results'][0]['picture']['large']}</arg>
<arg>^https?://.*\.(?:png|jpe?g|gif|bmp)$</arg>
<doc>Fails if ``string`` does not match ``pattern`` as a regular expression.</doc>
<status status="PASS" start="2024-06-03T11:12:59.853556" elapsed="0.000453"/>
</kw>
<kw name="Should Match Regexp" owner="BuiltIn">
<arg>${json_data['results'][0]['picture']['medium']}</arg>
<arg>^https?://.*\.(?:png|jpe?g|gif|bmp)$</arg>
<doc>Fails if ``string`` does not match ``pattern`` as a regular expression.</doc>
<status status="PASS" start="2024-06-03T11:12:59.854198" elapsed="0.000319"/>
</kw>
<kw name="Should Match Regexp" owner="BuiltIn">
<arg>${json_data['results'][0]['picture']['thumbnail']}</arg>
<arg>^https?://.*\.(?:png|jpe?g|gif|bmp)$</arg>
<doc>Fails if ``string`` does not match ``pattern`` as a regular expression.</doc>
<status status="PASS" start="2024-06-03T11:12:59.854687" elapsed="0.000311"/>
</kw>
<kw name="Log" owner="BuiltIn">
<msg time="2024-06-03T11:12:59.855457" level="INFO">{'large': 'https://randomuser.me/api/portraits/women/16.jpg', 'medium': 'https://randomuser.me/api/portraits/med/women/16.jpg', 'thumbnail': 'https://randomuser.me/api/portraits/thumb/women/16.jpg'}</msg>
<arg>${json_data['results'][0]['picture']}</arg>
<doc>Logs the given message with the given level.</doc>
<status status="PASS" start="2024-06-03T11:12:59.855162" elapsed="0.000333"/>
</kw>
<status status="PASS" start="2024-06-03T11:12:59.698687" elapsed="0.157042"/>
</kw>
<kw name="Teste de Tipos de Dados - Postcode" owner="random-user-service">
<kw name="GET On Session" owner="RequestsLibrary">
<msg time="2024-06-03T11:12:59.918369" level="INFO">GET Request : url=https://randomuser.me/api 
 path_url=/api 
 headers={'User-Agent': 'python-requests/2.32.3', 'Accept-Encoding': 'gzip, deflate', 'Accept': '*/*', 'Connection': 'keep-alive'} 
 body=None 
 </msg>
<msg time="2024-06-03T11:12:59.918424" level="INFO">GET Response : url=https://randomuser.me/api 
 status=200, reason=OK 
 headers={'Date': 'Mon, 03 Jun 2024 11:12:59 GMT', 'Content-Type': 'application/json; charset=utf-8', 'Transfer-Encoding': 'chunked', 'Connection': 'keep-alive', 'X-Powered-By': 'Express', 'Access-Control-Allow-Origin': '*', 'Cache-Control': 'no-cache', 'ETag': 'W/"491-2+mYDBZoZ8U4AczYONEdreW3exk"', 'Vary': 'Accept-Encoding', 'Content-Encoding': 'gzip', 'CF-Cache-Status': 'DYNAMIC', 'Report-To': '{"endpoints":[{"url":"https:\\/\\/a.nel.cloudflare.com\\/report\\/v4?s=%2F6h5AXnd4oAuI1OURlWfJp3LBuyzNZ%2BwZwLyoftwsVSLkh%2BERJsC%2FgthaDe90ctXhn80BLNqxvUrg%2BhdLAhRMYJCaXkUpVjv3uRi6bXUiWDNM2pCq3UVXMsI7%2BgulG4f"}],"group":"cf-nel","max_age":604800}', 'NEL': '{"success_fraction":0,"report_to":"cf-nel","max_age":604800}', 'Server': 'cloudflare', 'CF-RAY': '88df405618066076-ORD', 'alt-svc': 'h3=":443"; ma=86400'} 
 body={"results":[{"gender":"male","name":{"title":"Monsieur","first":"Nicolas","last":"Picard"},"location":{"street":{"number":5150,"name":"Rue Paul-Duvivier"},"city":"Oberdorf (Nw)","state":"St. Gallen","country":"Switzerland","postcode":8512,"coordinates":{"latitude":"-58.9935","longitude":"-129.4226"},"timezone":{"offset":"+5:45","description":"Kathmandu"}},"email":"nicolas.picard@example.com","login":{"uuid":"bcb8f9b6-df5c-4dc4-b379-d3c1d09d6ed4","username":"heavymouse837","password":"cantona","salt":"Z0tV3VsU","md5":"20eb59005e6bcd4f24ee20c60432dc91","sha1":"9d42a5e8778325aa11d9f159bcfe3d3e479eac2a","sha256":"553c87daefeabd9aafa97d29c50bb03fe2ffd3d1e4fb1d7ad028fc4860518d07"},"dob":{"date":"1955-04-23T18:24:04.255Z","age":69},"registered":{"date":"2017-12-12T08:10:12.353Z","age":6},"phone":"075 584 98 27","cell":"077 381 25 23","id":{"name":"AVS","value":"756.8564.7986.69"},"picture":{"large":"https://randomuser.me/api/portraits/men/11.jpg","medium":"https://randomuser.me/api/portraits/med/men/11.jpg","thumbnail":"https://randomuser.me/api/portraits/thumb/men/11.jpg"},"nat":"CH"}],"info":{"seed":"cf4053addd18c6d1","results":1,"page":1,"version":"1.4"}} 
 </msg>
<msg time="2024-06-03T11:12:59.918472" level="INFO">/opt/hostedtoolcache/Python/3.12.3/x64/lib/python3.12/site-packages/urllib3/connectionpool.py:1103: InsecureRequestWarning: Unverified HTTPS request is being made to host 'randomuser.me'. Adding certificate verification is strongly advised. See: https://urllib3.readthedocs.io/en/latest/advanced-usage.html#tls-warnings
  warnings.warn(</msg>
<msg time="2024-06-03T11:12:59.918551" level="INFO">${response} = &lt;Response [200]&gt;</msg>
<var>${response}</var>
<arg>consultarAPI</arg>
<arg>/api</arg>
<doc>Sends a GET request on a previously created HTTP Session.</doc>
<status status="PASS" start="2024-06-03T11:12:59.856162" elapsed="0.062427"/>
</kw>
<kw name="Set Variable" owner="BuiltIn">
<msg time="2024-06-03T11:12:59.919485" level="INFO">${json_data} = {'results': [{'gender': 'male', 'name': {'title': 'Monsieur', 'first': 'Nicolas', 'last': 'Picard'}, 'location': {'street': {'number': 5150, 'name': 'Rue Paul-Duvivier'}, 'city': 'Oberdorf (Nw)', 'sta...</msg>
<var>${json_data}</var>
<arg>${response.json()}</arg>
<doc>Returns the given values which can then be assigned to a variables.</doc>
<status status="PASS" start="2024-06-03T11:12:59.918995" elapsed="0.000516"/>
</kw>
<kw name="Log" owner="BuiltIn">
<msg time="2024-06-03T11:12:59.919975" level="INFO">{'results': [{'gender': 'male', 'name': {'title': 'Monsieur', 'first': 'Nicolas', 'last': 'Picard'}, 'location': {'street': {'number': 5150, 'name': 'Rue Paul-Duvivier'}, 'city': 'Oberdorf (Nw)', 'state': 'St. Gallen', 'country': 'Switzerland', 'postcode': 8512, 'coordinates': {'latitude': '-58.9935', 'longitude': '-129.4226'}, 'timezone': {'offset': '+5:45', 'description': 'Kathmandu'}}, 'email': 'nicolas.picard@example.com', 'login': {'uuid': 'bcb8f9b6-df5c-4dc4-b379-d3c1d09d6ed4', 'username': 'heavymouse837', 'password': 'cantona', 'salt': 'Z0tV3VsU', 'md5': '20eb59005e6bcd4f24ee20c60432dc91', 'sha1': '9d42a5e8778325aa11d9f159bcfe3d3e479eac2a', 'sha256': '553c87daefeabd9aafa97d29c50bb03fe2ffd3d1e4fb1d7ad028fc4860518d07'}, 'dob': {'date': '1955-04-23T18:24:04.255Z', 'age': 69}, 'registered': {'date': '2017-12-12T08:10:12.353Z', 'age': 6}, 'phone': '075 584 98 27', 'cell': '077 381 25 23', 'id': {'name': 'AVS', 'value': '756.8564.7986.69'}, 'picture': {'large': 'https://randomuser.me/api/portraits/men/11.jpg', 'medium': 'https://randomuser.me/api/portraits/med/men/11.jpg', 'thumbnail': 'https://randomuser.me/api/portraits/thumb/men/11.jpg'}, 'nat': 'CH'}], 'info': {'seed': 'cf4053addd18c6d1', 'results': 1, 'page': 1, 'version': '1.4'}}</msg>
<arg>${json_data}</arg>
<doc>Logs the given message with the given level.</doc>
<status status="PASS" start="2024-06-03T11:12:59.919822" elapsed="0.000201"/>
</kw>
<kw name="Should Be Equal As Numbers" owner="BuiltIn">
<arg>${json_data['results'][0]['location']['postcode']}</arg>
<arg>${json_data['results'][0]['location']['postcode']}</arg>
<doc>Fails if objects are unequal after converting them to real numbers.</doc>
<status status="PASS" start="2024-06-03T11:12:59.920301" elapsed="0.000588"/>
</kw>
<kw name="Log" owner="BuiltIn">
<msg time="2024-06-03T11:12:59.921381" level="INFO">8512</msg>
<arg>${json_data['results'][0]['location']['postcode']}</arg>
<doc>Logs the given message with the given level.</doc>
<status status="PASS" start="2024-06-03T11:12:59.921071" elapsed="0.000347"/>
</kw>
<status status="PASS" start="2024-06-03T11:12:59.855961" elapsed="0.065690"/>
</kw>
<doc>Testa se os tipos de dados na resposta da API estão corretos.</doc>
<tag>testeTiposDados</tag>
<status status="PASS" start="2024-06-03T11:12:59.698192" elapsed="0.223603"/>
</test>
<test id="s1-s1-t5" name="Validar conteudo" line="35">
<kw name="Teste de Tipos de Conteudo" owner="random-user-service">
<kw name="GET On Session" owner="RequestsLibrary">
<msg time="2024-06-03T11:13:00.034364" level="INFO">GET Request : url=https://randomuser.me/api 
 path_url=/api 
 headers={'User-Agent': 'python-requests/2.32.3', 'Accept-Encoding': 'gzip, deflate', 'Accept': '*/*', 'Connection': 'keep-alive'} 
 body=None 
 </msg>
<msg time="2024-06-03T11:13:00.034446" level="INFO">GET Response : url=https://randomuser.me/api 
 status=200, reason=OK 
 headers={'Date': 'Mon, 03 Jun 2024 11:13:00 GMT', 'Content-Type': 'application/json; charset=utf-8', 'Transfer-Encoding': 'chunked', 'Connection': 'keep-alive', 'X-Powered-By': 'Express', 'Access-Control-Allow-Origin': '*', 'Cache-Control': 'no-cache', 'ETag': 'W/"472-ZkLUfNMwWDmg+PSWOxrSEol1pq8"', 'Vary': 'Accept-Encoding', 'Content-Encoding': 'gzip', 'CF-Cache-Status': 'DYNAMIC', 'Report-To': '{"endpoints":[{"url":"https:\\/\\/a.nel.cloudflare.com\\/report\\/v4?s=jP%2FHStAoUbbiNFfEs8DV%2Bj16m9j2MpC08NqXQd%2Bn3fuVO7L2KuyZgs%2BvREeK%2FYfQT5ECQA0hih5iT2wsbutOXsSUExO4SGVvKtb%2FJ1cekjSQ8SsIKtZWTpVYKiOokhhB"}],"group":"cf-nel","max_age":604800}', 'NEL': '{"success_fraction":0,"report_to":"cf-nel","max_age":604800}', 'Server': 'cloudflare', 'CF-RAY': '88df405688596076-ORD', 'alt-svc': 'h3=":443"; ma=86400'} 
 body={"results":[{"gender":"male","name":{"title":"Mr","first":"Anthony","last":"Gagnon"},"location":{"street":{"number":4757,"name":"9th St"},"city":"Maidstone","state":"Alberta","country":"Canada","postcode":"X8O 5V4","coordinates":{"latitude":"-72.6741","longitude":"-128.2326"},"timezone":{"offset":"-2:00","description":"Mid-Atlantic"}},"email":"anthony.gagnon@example.com","login":{"uuid":"1567180d-071e-487d-b6e8-d13729b11223","username":"tinylion878","password":"hillary","salt":"dEg4IB2C","md5":"159f4c1c212467a9f1e7bd905dc56d0c","sha1":"70ea6b665f9ddb2190853007bedeb2c4dbdaa157","sha256":"882f39c8adfd3d3b47e29e3108db0350050ba7ff654821f80f8096c80b176f76"},"dob":{"date":"1949-09-16T14:59:24.645Z","age":74},"registered":{"date":"2006-01-26T23:01:24.439Z","age":18},"phone":"E67 D11-1217","cell":"C37 B87-1947","id":{"name":"SIN","value":"095117719"},"picture":{"large":"https://randomuser.me/api/portraits/men/48.jpg","medium":"https://randomuser.me/api/portraits/med/men/48.jpg","thumbnail":"https://randomuser.me/api/portraits/thumb/men/48.jpg"},"nat":"CA"}],"info":{"seed":"c6a1b9446f78fe8f","results":1,"page":1,"version":"1.4"}} 
 </msg>
<msg time="2024-06-03T11:13:00.034518" level="INFO">/opt/hostedtoolcache/Python/3.12.3/x64/lib/python3.12/site-packages/urllib3/connectionpool.py:1103: InsecureRequestWarning: Unverified HTTPS request is being made to host 'randomuser.me'. Adding certificate verification is strongly advised. See: https://urllib3.readthedocs.io/en/latest/advanced-usage.html#tls-warnings
  warnings.warn(</msg>
<msg time="2024-06-03T11:13:00.034611" level="INFO">${response} = &lt;Response [200]&gt;</msg>
<var>${response}</var>
<arg>consultarAPI</arg>
<arg>/api</arg>
<doc>Sends a GET request on a previously created HTTP Session.</doc>
<status status="PASS" start="2024-06-03T11:12:59.924131" elapsed="0.110523"/>
</kw>
<kw name="Set Variable" owner="BuiltIn">
<msg time="2024-06-03T11:13:00.035627" level="INFO">${json_data} = {'results': [{'gender': 'male', 'name': {'title': 'Mr', 'first': 'Anthony', 'last': 'Gagnon'}, 'location': {'street': {'number': 4757, 'name': '9th St'}, 'city': 'Maidstone', 'state': 'Alberta', 'coun...</msg>
<var>${json_data}</var>
<arg>${response.json()}</arg>
<doc>Returns the given values which can then be assigned to a variables.</doc>
<status status="PASS" start="2024-06-03T11:13:00.035094" elapsed="0.000561"/>
</kw>
<kw name="Set Variable" owner="BuiltIn">
<msg time="2024-06-03T11:13:00.036375" level="INFO">${name_title} = Mr</msg>
<var>${name_title}</var>
<arg>${json_data["results"][0]["name"]["title"]}</arg>
<doc>Returns the given values which can then be assigned to a variables.</doc>
<status status="PASS" start="2024-06-03T11:13:00.035992" elapsed="0.000409"/>
</kw>
<kw name="Create List" owner="BuiltIn">
<msg time="2024-06-03T11:13:00.036847" level="INFO">${allowed_titles} = ['Mr', 'Ms', 'Miss', 'Mrs', 'Madame', 'Monsieur']</msg>
<var>${allowed_titles}</var>
<arg>Mr</arg>
<arg>Ms</arg>
<arg>Miss</arg>
<arg>Mrs</arg>
<arg>Madame</arg>
<arg>Monsieur</arg>
<doc>Returns a list containing given items.</doc>
<status status="PASS" start="2024-06-03T11:13:00.036699" elapsed="0.000172"/>
</kw>
<kw name="List Should Contain Value" owner="Collections">
<msg time="2024-06-03T11:13:00.037340" level="INFO">False</msg>
<arg>${allowed_titles}</arg>
<arg>${name_title}</arg>
<doc>Fails if the ``value`` is not found from ``list``.</doc>
<status status="PASS" start="2024-06-03T11:13:00.037173" elapsed="0.000203"/>
</kw>
<kw name="Set Variable" owner="BuiltIn">
<msg time="2024-06-03T11:13:00.038175" level="INFO">${name_country} = CA</msg>
<var>${name_country}</var>
<arg>${json_data["results"][0]["nat"]}</arg>
<doc>Returns the given values which can then be assigned to a variables.</doc>
<status status="PASS" start="2024-06-03T11:13:00.037670" elapsed="0.000530"/>
</kw>
<kw name="Create List" owner="BuiltIn">
<msg time="2024-06-03T11:13:00.039100" level="INFO">${list_country} = ['AD', 'AE', 'AF', 'AG', 'AI', 'AL', 'AM', 'AO', 'AQ', 'AR', 'AS', 'AT', 'AU', 'AW', 'AX', 'AZ', 'BA', 'BB', 'BD', 'BE', 'BF', 'BG', 'BH', 'BI', 'BJ', 'BL', 'BM', 'BN', 'BO', 'BQ', 'BR', 'BS', 'BT', '...</msg>
<var>${list_country}</var>
<arg>AD</arg>
<arg>AE</arg>
<arg>AF</arg>
<arg>AG</arg>
<arg>AI</arg>
<arg>AL</arg>
<arg>AM</arg>
<arg>AO</arg>
<arg>AQ</arg>
<arg>AR</arg>
<arg>AS</arg>
<arg>AT</arg>
<arg>AU</arg>
<arg>AW</arg>
<arg>AX</arg>
<arg>AZ</arg>
<arg>BA</arg>
<arg>BB</arg>
<arg>BD</arg>
<arg>BE</arg>
<arg>BF</arg>
<arg>BG</arg>
<arg>BH</arg>
<arg>BI</arg>
<arg>BJ</arg>
<arg>BL</arg>
<arg>BM</arg>
<arg>BN</arg>
<arg>BO</arg>
<arg>BQ</arg>
<arg>BR</arg>
<arg>BS</arg>
<arg>BT</arg>
<arg>BV</arg>
<arg>BW</arg>
<arg>BY</arg>
<arg>BZ</arg>
<arg>CA</arg>
<arg>CC</arg>
<arg>CD</arg>
<arg>CF</arg>
<arg>CG</arg>
<arg>CH</arg>
<arg>CI</arg>
<arg>CK</arg>
<arg>CL</arg>
<arg>CM</arg>
<arg>CN</arg>
<arg>CO</arg>
<arg>CR</arg>
<arg>CU</arg>
<arg>CV</arg>
<arg>CW</arg>
<arg>CX</arg>
<arg>CY</arg>
<arg>CZ</arg>
<arg>DE</arg>
<arg>DJ</arg>
<arg>DK</arg>
<arg>DM</arg>
<arg>DO</arg>
<arg>DZ</arg>
<arg>EC</arg>
<arg>EE</arg>
<arg>EG</arg>
<arg>EH</arg>
<arg>ER</arg>
<arg>ES</arg>
<arg>ET</arg>
<arg>FI</arg>
<arg>FJ</arg>
<arg>FK</arg>
<arg>FM</arg>
<arg>FO</arg>
<arg>FR</arg>
<arg>GA</arg>
<arg>GB</arg>
<arg>GD</arg>
<arg>GE</arg>
<arg>GF</arg>
<arg>GG</arg>
<arg>GH</arg>
<arg>GI</arg>
<arg>GL</arg>
<arg>GM</arg>
<arg>GN</arg>
<arg>GP</arg>
<arg>GQ</arg>
<arg>GR</arg>
<arg>GS</arg>
<arg>GT</arg>
<arg>GU</arg>
<arg>GW</arg>
<arg>GY</arg>
<arg>HK</arg>
<arg>HM</arg>
<arg>HN</arg>
<arg>HR</arg>
<arg>HT</arg>
<arg>HU</arg>
<arg>ID</arg>
<arg>IE</arg>
<arg>IL</arg>
<arg>IM</arg>
<arg>IN</arg>
<arg>IO</arg>
<arg>IQ</arg>
<arg>IR</arg>
<arg>IS</arg>
<arg>IT</arg>
<arg>JE</arg>
<arg>JM</arg>
<arg>JO</arg>
<arg>JP</arg>
<arg>KE</arg>
<arg>KG</arg>
<arg>KH</arg>
<arg>KI</arg>
<arg>KM</arg>
<arg>KN</arg>
<arg>KP</arg>
<arg>KR</arg>
<arg>KW</arg>
<arg>KY</arg>
<arg>KZ</arg>
<arg>LA</arg>
<arg>LB</arg>
<arg>LC</arg>
<arg>LI</arg>
<arg>LK</arg>
<arg>LR</arg>
<arg>LS</arg>
<arg>LT</arg>
<arg>LU</arg>
<arg>LV</arg>
<arg>LY</arg>
<arg>MA</arg>
<arg>MC</arg>
<arg>MD</arg>
<arg>ME</arg>
<arg>MF</arg>
<arg>MG</arg>
<arg>MH</arg>
<arg>MK</arg>
<arg>ML</arg>
<arg>MM</arg>
<arg>MN</arg>
<arg>MO</arg>
<arg>MP</arg>
<arg>MQ</arg>
<arg>MR</arg>
<arg>MS</arg>
<arg>MT</arg>
<arg>MU</arg>
<arg>MV</arg>
<arg>MW</arg>
<arg>MX</arg>
<arg>MY</arg>
<arg>MZ</arg>
<arg>NA</arg>
<arg>NC</arg>
<arg>NE</arg>
<arg>NF</arg>
<arg>NG</arg>
<arg>NI</arg>
<arg>NL</arg>
<arg>NO</arg>
<arg>NP</arg>
<arg>NR</arg>
<arg>NU</arg>
<arg>NZ</arg>
<arg>OM</arg>
<arg>PA</arg>
<arg>PE</arg>
<arg>PF</arg>
<arg>PG</arg>
<arg>PH</arg>
<arg>PK</arg>
<arg>PL</arg>
<arg>PM</arg>
<arg>PN</arg>
<arg>PR</arg>
<arg>PS</arg>
<arg>PT</arg>
<arg>PW</arg>
<arg>PY</arg>
<arg>QA</arg>
<arg>RE</arg>
<arg>RO</arg>
<arg>RS</arg>
<arg>RU</arg>
<arg>RW</arg>
<arg>SA</arg>
<arg>SB</arg>
<arg>SC</arg>
<arg>SD</arg>
<arg>SE</arg>
<arg>SG</arg>
<arg>SH</arg>
<arg>SI</arg>
<arg>SJ</arg>
<arg>SK</arg>
<arg>SL</arg>
<arg>SM</arg>
<arg>SN</arg>
<arg>SO</arg>
<arg>SR</arg>
<arg>SS</arg>
<arg>ST</arg>
<arg>SV</arg>
<arg>SX</arg>
<arg>SY</arg>
<arg>SZ</arg>
<arg>TC</arg>
<arg>TD</arg>
<arg>TF</arg>
<arg>TG</arg>
<arg>TH</arg>
<arg>TJ</arg>
<arg>TK</arg>
<arg>TL</arg>
<arg>TM</arg>
<arg>TN</arg>
<arg>TO</arg>
<arg>TR</arg>
<arg>TT</arg>
<arg>TV</arg>
<arg>TW</arg>
<arg>TZ</arg>
<arg>UA</arg>
<arg>UG</arg>
<arg>UM</arg>
<arg>US</arg>
<arg>UY</arg>
<arg>UZ</arg>
<arg>VA</arg>
<arg>VC</arg>
<arg>VE</arg>
<arg>VG</arg>
<arg>VI</arg>
<arg>VN</arg>
<arg>VU</arg>
<arg>WF</arg>
<arg>WS</arg>
<arg>XK</arg>
<arg>YE</arg>
<arg>YT</arg>
<arg>ZA</arg>
<arg>ZM</arg>
<arg>ZW</arg>
<doc>Returns a list containing given items.</doc>
<status status="PASS" start="2024-06-03T11:13:00.038503" elapsed="0.000623"/>
</kw>
<kw name="List Should Contain Value" owner="Collections">
<msg time="2024-06-03T11:13:00.040136" level="INFO">False</msg>
<arg>${list_country}</arg>
<arg>${name_country}</arg>
<doc>Fails if the ``value`` is not found from ``list``.</doc>
<status status="PASS" start="2024-06-03T11:13:00.039934" elapsed="0.000237"/>
</kw>
<kw name="Run Keyword If" owner="BuiltIn">
<kw name="Should Be True" owner="BuiltIn">
<arg>${True}</arg>
<doc>Fails if the given condition is not true.</doc>
<status status="PASS" start="2024-06-03T11:13:00.041206" elapsed="0.000141"/>
</kw>
<arg>${json_data["results"][0]["location"]["coordinates"]["latitude"]} &gt;= -90 and ${json_data["results"][0]["location"]["coordinates"]["latitude"]} &lt;= 90</arg>
<arg>Should Be True</arg>
<arg>${True}</arg>
<doc>Runs the given keyword with the given arguments, if ``condition`` is true.</doc>
<status status="PASS" start="2024-06-03T11:13:00.040481" elapsed="0.000990"/>
</kw>
<kw name="Run Keyword If" owner="BuiltIn">
<kw name="Should Be True" owner="BuiltIn">
<arg>${True}</arg>
<doc>Fails if the given condition is not true.</doc>
<status status="PASS" start="2024-06-03T11:13:00.042338" elapsed="0.000134"/>
</kw>
<arg>${json_data["results"][0]["location"]["coordinates"]["longitude"]} &gt;= -180 and ${json_data["results"][0]["location"]["coordinates"]["longitude"]} &lt;= 180</arg>
<arg>Should Be True</arg>
<arg>${True}</arg>
<doc>Runs the given keyword with the given arguments, if ``condition`` is true.</doc>
<status status="PASS" start="2024-06-03T11:13:00.041652" elapsed="0.000941"/>
</kw>
<status status="PASS" start="2024-06-03T11:12:59.923911" elapsed="0.118806"/>
</kw>
<doc>Testa o conteúdo específico dos campos retornados pela API.</doc>
<tag>testeConteudo</tag>
<status status="PASS" start="2024-06-03T11:12:59.923388" elapsed="0.119467"/>
</test>
<status status="PASS" start="2024-06-03T11:12:58.439350" elapsed="1.605435"/>
</suite>
<status status="PASS" start="2024-06-03T11:12:58.426750" elapsed="1.623127"/>
</suite>
<statistics>
<total>
<stat pass="5" fail="0" skip="0">All Tests</stat>
</total>
<tag>
<stat pass="1" fail="0" skip="0">testeConteudo</stat>
<stat pass="1" fail="0" skip="0">testeEstruturaResposta</stat>
<stat pass="1" fail="0" skip="0">testeRequisicaoBasica</stat>
<stat pass="1" fail="0" skip="0">testeTiposDados</stat>
</tag>
<suite>
<stat pass="5" fail="0" skip="0" id="s1" name="Tests">Tests</stat>
<stat pass="5" fail="0" skip="0" id="s1-s1" name="Random-User-Test">Tests.Random-User-Test</stat>
</suite>
</statistics>
<errors>
</errors>
</robot>
