<?xml version="1.0" encoding="UTF-8"?>
<robot generator="Robot 7.0 (Python 3.12.2 on linux)" generated="2024-03-25T11:12:48.409060" rpa="false" schemaversion="5">
<suite id="s1" name="Tests" source="/home/runner/work/DesafioQAItauRogerioJordao/DesafioQAItauRogerioJordao/RamdonUser/tests">
<suite id="s1-s1" name="Random-User-Test" source="/home/runner/work/DesafioQAItauRogerioJordao/DesafioQAItauRogerioJordao/RamdonUser/tests/random-user-test.robot">
<test id="s1-s1-t1" name="Conectar" line="13">
<kw name="Conectar API" owner="random-user-service">
<kw name="Create Session" owner="RequestsLibrary">
<msg time="2024-03-25T11:12:48.769362" level="INFO">Creating Session using : alias=consultarAPI, url=https://randomuser.me/, headers={},                     cookies={}, auth=None, timeout=None, proxies=None, verify=False,                     debug=0 </msg>
<arg>consultarAPI</arg>
<arg>${URL}</arg>
<doc>Create Session: create a HTTP session to a server</doc>
<status status="PASS" start="2024-03-25T11:12:48.769155" elapsed="0.000400"/>
</kw>
<status status="PASS" start="2024-03-25T11:12:48.768079" elapsed="0.001849"/>
</kw>
<status status="PASS" start="2024-03-25T11:12:48.767473" elapsed="0.002662"/>
</test>
<test id="s1-s1-t2" name="Validar retorno 200 e JSON Válido" line="16">
<kw name="Teste de Requisicao Basica" owner="random-user-service">
<kw name="GET On Session" owner="RequestsLibrary">
<msg time="2024-03-25T11:12:48.979504" level="INFO">GET Request : url=https://randomuser.me/api 
 path_url=/api 
 headers={'User-Agent': 'python-requests/2.31.0', 'Accept-Encoding': 'gzip, deflate', 'Accept': '*/*', 'Connection': 'keep-alive'} 
 body=None 
 </msg>
<msg time="2024-03-25T11:12:48.979720" level="INFO">GET Response : url=https://randomuser.me/api 
 status=200, reason=OK 
 headers={'Date': 'Mon, 25 Mar 2024 11:12:48 GMT', 'Content-Type': 'application/json; charset=utf-8', 'Transfer-Encoding': 'chunked', 'Connection': 'keep-alive', 'X-Powered-By': 'Express', 'Access-Control-Allow-Origin': '*', 'Cache-Control': 'no-cache', 'ETag': 'W/"4a0-nDftVN3wImiejHsAYBelJLYCRBY"', 'Vary': 'Accept-Encoding', 'Content-Encoding': 'gzip', 'CF-Cache-Status': 'DYNAMIC', 'Report-To': '{"endpoints":[{"url":"https:\\/\\/a.nel.cloudflare.com\\/report\\/v4?s=oUJgdkxWvBUw2WgzUUbeBBvK1%2FDQXhxUPZ3kXd1O0aJwQYPscSTltsflydA2Qma4k6MM1j5CgRhE2Oxw6vGOKIb5UWv3B8%2FgKHoyZyvhnGyLDXmvdX7%2FofyRWe8GtmCD"}],"group":"cf-nel","max_age":604800}', 'NEL': '{"success_fraction":0,"report_to":"cf-nel","max_age":604800}', 'Server': 'cloudflare', 'CF-RAY': '869e77d19869270e-SJC', 'alt-svc': 'h3=":443"; ma=86400'} 
 body={"results":[{"gender":"female","name":{"title":"Ms","first":"Mia","last":"Renaud"},"location":{"street":{"number":3085,"name":"Avenue Tony-Garnier"},"city":"Toulon","state":"Hautes-Pyrénées","country":"France","postcode":41883,"coordinates":{"latitude":"-13.4993","longitude":"129.1136"},"timezone":{"offset":"+4:00","description":"Abu Dhabi, Muscat, Baku, Tbilisi"}},"email":"mia.renaud@example.com","login":{"uuid":"cdf941e7-57e8-428d-9f52-21f6c96a57b2","username":"bigcat158","password":"flying","salt":"B5HjH1I9","md5":"9d34ddfb7608e65dc519aac6178c2c8f","sha1":"d286b931555ab0ed7919c28e36d6b85448460784","sha256":"8cbb9bf4e87bcef767c7f2351a7923d80c5f1b8c1571147c1e0915a4a443c28a"},"dob":{"date":"2001-01-28T05:17:28.855Z","age":23},"registered":{"date":"2010-04-08T13:32:45.819Z","age":13},"phone":"03-46-34-71-24","cell":"06-55-40-54-42","id":{"name":"INSEE","value":"21010013917702 20"},"picture":{"large":"https://randomuser.me/api/portraits/women/76.jpg","medium":"https://randomuser.me/api/portraits/med/women/76.jpg","thumbnail":"https://randomuser.me/api/portraits/thumb/women/76.jpg"},"nat":"FR"}],"info":{"seed":"2da0e0c5bf0aa528","results":1,"page":1,"version":"1.4"}} 
 </msg>
<msg time="2024-03-25T11:12:48.979849" level="INFO">/opt/hostedtoolcache/Python/3.12.2/x64/lib/python3.12/site-packages/urllib3/connectionpool.py:1103: InsecureRequestWarning: Unverified HTTPS request is being made to host 'randomuser.me'. Adding certificate verification is strongly advised. See: https://urllib3.readthedocs.io/en/latest/advanced-usage.html#tls-warnings
  warnings.warn(</msg>
<msg time="2024-03-25T11:12:48.980018" level="INFO">${response} = &lt;Response [200]&gt;</msg>
<var>${response}</var>
<arg>consultarAPI</arg>
<arg>/api</arg>
<doc>Sends a GET request on a previously created HTTP Session.</doc>
<status status="PASS" start="2024-03-25T11:12:48.772745" elapsed="0.207320"/>
</kw>
<kw name="Should Be Equal As Numbers" owner="BuiltIn">
<msg time="2024-03-25T11:12:48.981096" level="INFO">Argument types are:
&lt;class 'int'&gt;
&lt;class 'str'&gt;</msg>
<arg>${response.status_code}</arg>
<arg>200</arg>
<doc>Fails if objects are unequal after converting them to real numbers.</doc>
<status status="PASS" start="2024-03-25T11:12:48.980614" elapsed="0.000551"/>
</kw>
<kw name="Log" owner="BuiltIn">
<msg time="2024-03-25T11:12:48.981862" level="INFO">200</msg>
<arg>${response.status_code}</arg>
<doc>Logs the given message with the given level.</doc>
<status status="PASS" start="2024-03-25T11:12:48.981492" elapsed="0.000414"/>
</kw>
<kw name="Set Variable" owner="BuiltIn">
<msg time="2024-03-25T11:12:48.982713" level="INFO">${json_data} = {'results': [{'gender': 'female', 'name': {'title': 'Ms', 'first': 'Mia', 'last': 'Renaud'}, 'location': {'street': {'number': 3085, 'name': 'Avenue Tony-Garnier'}, 'city': 'Toulon', 'state': 'Hautes-...</msg>
<var>${json_data}</var>
<arg>${response.json()}</arg>
<doc>Returns the given values which can then be assigned to a variables.</doc>
<status status="PASS" start="2024-03-25T11:12:48.982258" elapsed="0.000484"/>
</kw>
<kw name="Dictionary Should Contain Key" owner="Collections">
<msg time="2024-03-25T11:12:48.983217" level="INFO">False</msg>
<arg>${json_data}</arg>
<arg>results</arg>
<doc>Fails if ``key`` is not found from ``dictionary``.</doc>
<status status="PASS" start="2024-03-25T11:12:48.983048" elapsed="0.000210"/>
</kw>
<status status="PASS" start="2024-03-25T11:12:48.772492" elapsed="0.211029"/>
</kw>
<doc>Testa se a API responde corretamente e retorna um objeto JSON válido.</doc>
<tag>testeRequisicaoBasica</tag>
<status status="PASS" start="2024-03-25T11:12:48.772025" elapsed="0.211746"/>
</test>
<test id="s1-s1-t3" name="Validar estrutura de resposta" line="22">
<kw name="Teste de Estrutura de Resposta" owner="random-user-service">
<kw name="GET On Session" owner="RequestsLibrary">
<msg time="2024-03-25T11:12:49.089995" level="INFO">GET Request : url=https://randomuser.me/api 
 path_url=/api 
 headers={'User-Agent': 'python-requests/2.31.0', 'Accept-Encoding': 'gzip, deflate', 'Accept': '*/*', 'Connection': 'keep-alive'} 
 body=None 
 </msg>
<msg time="2024-03-25T11:12:49.090099" level="INFO">GET Response : url=https://randomuser.me/api 
 status=200, reason=OK 
 headers={'Date': 'Mon, 25 Mar 2024 11:12:49 GMT', 'Content-Type': 'application/json; charset=utf-8', 'Transfer-Encoding': 'chunked', 'Connection': 'keep-alive', 'X-Powered-By': 'Express', 'Access-Control-Allow-Origin': '*', 'Cache-Control': 'no-cache', 'ETag': 'W/"4a2-7X2xVsqzMorJ1AiOVZB0vQIAkfc"', 'Vary': 'Accept-Encoding', 'Content-Encoding': 'gzip', 'CF-Cache-Status': 'DYNAMIC', 'Report-To': '{"endpoints":[{"url":"https:\\/\\/a.nel.cloudflare.com\\/report\\/v4?s=HQBXoDwNR17r5n9jSL1VQ57EY4wZg2FU1M7b2CYM3VNDWpDIorlX2PMBtIVUiiYCKKK8EsYvmqM7AEbJYucjh%2Fz2pmWDXU9NASiD3fSRFsNtgOZasC%2B6zrWuoGwmtIQV"}],"group":"cf-nel","max_age":604800}', 'NEL': '{"success_fraction":0,"report_to":"cf-nel","max_age":604800}', 'Server': 'cloudflare', 'CF-RAY': '869e77d238c7270e-SJC', 'alt-svc': 'h3=":443"; ma=86400'} 
 body={"results":[{"gender":"female","name":{"title":"Mademoiselle","first":"Lotti","last":"Lemaire"},"location":{"street":{"number":1443,"name":"Rue Paul Bert"},"city":"Finsterhennen","state":"Schwyz","country":"Switzerland","postcode":2523,"coordinates":{"latitude":"-63.8795","longitude":"102.2938"},"timezone":{"offset":"-12:00","description":"Eniwetok, Kwajalein"}},"email":"lotti.lemaire@example.com","login":{"uuid":"98602f4a-4adf-4b21-b471-be1b6127fed7","username":"beautifulpanda909","password":"hollywoo","salt":"O18RlgUt","md5":"faffdff3dd8b9d124fe0a13e0cd688a5","sha1":"1d6fe6cda446543120827b88d73065d4e10898d1","sha256":"dd03c60d10b5353ec24a1579b23915909a25ec14b34ecbec1e9fe884f001a8e4"},"dob":{"date":"1948-12-07T08:13:58.074Z","age":75},"registered":{"date":"2016-11-16T06:33:28.125Z","age":7},"phone":"077 998 44 47","cell":"078 859 71 79","id":{"name":"AVS","value":"756.9026.8177.89"},"picture":{"large":"https://randomuser.me/api/portraits/women/40.jpg","medium":"https://randomuser.me/api/portraits/med/women/40.jpg","thumbnail":"https://randomuser.me/api/portraits/thumb/women/40.jpg"},"nat":"CH"}],"info":{"seed":"e531b8049223fe64","results":1,"page":1,"version":"1.4"}} 
 </msg>
<msg time="2024-03-25T11:12:49.090248" level="INFO">/opt/hostedtoolcache/Python/3.12.2/x64/lib/python3.12/site-packages/urllib3/connectionpool.py:1103: InsecureRequestWarning: Unverified HTTPS request is being made to host 'randomuser.me'. Adding certificate verification is strongly advised. See: https://urllib3.readthedocs.io/en/latest/advanced-usage.html#tls-warnings
  warnings.warn(</msg>
<msg time="2024-03-25T11:12:49.090400" level="INFO">${response} = &lt;Response [200]&gt;</msg>
<var>${response}</var>
<arg>consultarAPI</arg>
<arg>/api</arg>
<doc>Sends a GET request on a previously created HTTP Session.</doc>
<status status="PASS" start="2024-03-25T11:12:48.986712" elapsed="0.103735"/>
</kw>
<kw name="Set Variable" owner="BuiltIn">
<msg time="2024-03-25T11:12:49.091499" level="INFO">${json_data} = {'results': [{'gender': 'female', 'name': {'title': 'Mademoiselle', 'first': 'Lotti', 'last': 'Lemaire'}, 'location': {'street': {'number': 1443, 'name': 'Rue Paul Bert'}, 'city': 'Finsterhennen', 'st...</msg>
<var>${json_data}</var>
<arg>${response.json()}</arg>
<doc>Returns the given values which can then be assigned to a variables.</doc>
<status status="PASS" start="2024-03-25T11:12:49.090968" elapsed="0.000560"/>
</kw>
<kw name="Log" owner="BuiltIn">
<msg time="2024-03-25T11:12:49.092057" level="INFO">{'results': [{'gender': 'female', 'name': {'title': 'Mademoiselle', 'first': 'Lotti', 'last': 'Lemaire'}, 'location': {'street': {'number': 1443, 'name': 'Rue Paul Bert'}, 'city': 'Finsterhennen', 'state': 'Schwyz', 'country': 'Switzerland', 'postcode': 2523, 'coordinates': {'latitude': '-63.8795', 'longitude': '102.2938'}, 'timezone': {'offset': '-12:00', 'description': 'Eniwetok, Kwajalein'}}, 'email': 'lotti.lemaire@example.com', 'login': {'uuid': '98602f4a-4adf-4b21-b471-be1b6127fed7', 'username': 'beautifulpanda909', 'password': 'hollywoo', 'salt': 'O18RlgUt', 'md5': 'faffdff3dd8b9d124fe0a13e0cd688a5', 'sha1': '1d6fe6cda446543120827b88d73065d4e10898d1', 'sha256': 'dd03c60d10b5353ec24a1579b23915909a25ec14b34ecbec1e9fe884f001a8e4'}, 'dob': {'date': '1948-12-07T08:13:58.074Z', 'age': 75}, 'registered': {'date': '2016-11-16T06:33:28.125Z', 'age': 7}, 'phone': '077 998 44 47', 'cell': '078 859 71 79', 'id': {'name': 'AVS', 'value': '756.9026.8177.89'}, 'picture': {'large': 'https://randomuser.me/api/portraits/women/40.jpg', 'medium': 'https://randomuser.me/api/portraits/med/women/40.jpg', 'thumbnail': 'https://randomuser.me/api/portraits/thumb/women/40.jpg'}, 'nat': 'CH'}], 'info': {'seed': 'e531b8049223fe64', 'results': 1, 'page': 1, 'version': '1.4'}}</msg>
<arg>${json_data}</arg>
<doc>Logs the given message with the given level.</doc>
<status status="PASS" start="2024-03-25T11:12:49.091894" elapsed="0.000212"/>
</kw>
<kw name="Dictionary Should Contain Key" owner="Collections">
<msg time="2024-03-25T11:12:49.092565" level="INFO">False</msg>
<arg>${json_data}</arg>
<arg>results</arg>
<doc>Fails if ``key`` is not found from ``dictionary``.</doc>
<status status="PASS" start="2024-03-25T11:12:49.092406" elapsed="0.000197"/>
</kw>
<kw name="Should Not Be Empty" owner="BuiltIn">
<msg time="2024-03-25T11:12:49.093026" level="INFO">Length is 2.</msg>
<arg>${json_data}</arg>
<doc>Verifies that the given item is not empty.</doc>
<status status="PASS" start="2024-03-25T11:12:49.092895" elapsed="0.000170"/>
</kw>
<kw name="Create List" owner="BuiltIn">
<msg time="2024-03-25T11:12:49.093506" level="INFO">${expected_keys} = ['gender', 'name', 'location', 'email', 'login']</msg>
<var>${expected_keys}</var>
<arg>gender</arg>
<arg>name</arg>
<arg>location</arg>
<arg>email</arg>
<arg>login</arg>
<doc>Returns a list containing given items.</doc>
<status status="PASS" start="2024-03-25T11:12:49.093356" elapsed="0.000174"/>
</kw>
<for flavor="IN">
<iter>
<kw name="Dictionary Should Contain Key" owner="Collections">
<msg time="2024-03-25T11:12:49.094529" level="INFO">False</msg>
<arg>${json_data['results'][0]}</arg>
<arg>${key}</arg>
<doc>Fails if ``key`` is not found from ``dictionary``.</doc>
<status status="PASS" start="2024-03-25T11:12:49.094118" elapsed="0.000451"/>
</kw>
<kw name="Log" owner="BuiltIn">
<msg time="2024-03-25T11:12:49.095245" level="INFO">{'gender': 'female', 'name': {'title': 'Mademoiselle', 'first': 'Lotti', 'last': 'Lemaire'}, 'location': {'street': {'number': 1443, 'name': 'Rue Paul Bert'}, 'city': 'Finsterhennen', 'state': 'Schwyz', 'country': 'Switzerland', 'postcode': 2523, 'coordinates': {'latitude': '-63.8795', 'longitude': '102.2938'}, 'timezone': {'offset': '-12:00', 'description': 'Eniwetok, Kwajalein'}}, 'email': 'lotti.lemaire@example.com', 'login': {'uuid': '98602f4a-4adf-4b21-b471-be1b6127fed7', 'username': 'beautifulpanda909', 'password': 'hollywoo', 'salt': 'O18RlgUt', 'md5': 'faffdff3dd8b9d124fe0a13e0cd688a5', 'sha1': '1d6fe6cda446543120827b88d73065d4e10898d1', 'sha256': 'dd03c60d10b5353ec24a1579b23915909a25ec14b34ecbec1e9fe884f001a8e4'}, 'dob': {'date': '1948-12-07T08:13:58.074Z', 'age': 75}, 'registered': {'date': '2016-11-16T06:33:28.125Z', 'age': 7}, 'phone': '077 998 44 47', 'cell': '078 859 71 79', 'id': {'name': 'AVS', 'value': '756.9026.8177.89'}, 'picture': {'large': 'https://randomuser.me/api/portraits/women/40.jpg', 'medium': 'https://randomuser.me/api/portraits/med/women/40.jpg', 'thumbnail': 'https://randomuser.me/api/portraits/thumb/women/40.jpg'}, 'nat': 'CH'}</msg>
<arg>${json_data['results'][0]}</arg>
<doc>Logs the given message with the given level.</doc>
<status status="PASS" start="2024-03-25T11:12:49.094877" elapsed="0.000425"/>
</kw>
<kw name="Log" owner="BuiltIn">
<msg time="2024-03-25T11:12:49.095760" level="INFO">gender</msg>
<arg>${key}</arg>
<doc>Logs the given message with the given level.</doc>
<status status="PASS" start="2024-03-25T11:12:49.095626" elapsed="0.000173"/>
</kw>
<var name="${key}">gender</var>
<status status="PASS" start="2024-03-25T11:12:49.093992" elapsed="0.002034"/>
</iter>
<iter>
<kw name="Dictionary Should Contain Key" owner="Collections">
<msg time="2024-03-25T11:12:49.096724" level="INFO">False</msg>
<arg>${json_data['results'][0]}</arg>
<arg>${key}</arg>
<doc>Fails if ``key`` is not found from ``dictionary``.</doc>
<status status="PASS" start="2024-03-25T11:12:49.096335" elapsed="0.000428"/>
</kw>
<kw name="Log" owner="BuiltIn">
<msg time="2024-03-25T11:12:49.097462" level="INFO">{'gender': 'female', 'name': {'title': 'Mademoiselle', 'first': 'Lotti', 'last': 'Lemaire'}, 'location': {'street': {'number': 1443, 'name': 'Rue Paul Bert'}, 'city': 'Finsterhennen', 'state': 'Schwyz', 'country': 'Switzerland', 'postcode': 2523, 'coordinates': {'latitude': '-63.8795', 'longitude': '102.2938'}, 'timezone': {'offset': '-12:00', 'description': 'Eniwetok, Kwajalein'}}, 'email': 'lotti.lemaire@example.com', 'login': {'uuid': '98602f4a-4adf-4b21-b471-be1b6127fed7', 'username': 'beautifulpanda909', 'password': 'hollywoo', 'salt': 'O18RlgUt', 'md5': 'faffdff3dd8b9d124fe0a13e0cd688a5', 'sha1': '1d6fe6cda446543120827b88d73065d4e10898d1', 'sha256': 'dd03c60d10b5353ec24a1579b23915909a25ec14b34ecbec1e9fe884f001a8e4'}, 'dob': {'date': '1948-12-07T08:13:58.074Z', 'age': 75}, 'registered': {'date': '2016-11-16T06:33:28.125Z', 'age': 7}, 'phone': '077 998 44 47', 'cell': '078 859 71 79', 'id': {'name': 'AVS', 'value': '756.9026.8177.89'}, 'picture': {'large': 'https://randomuser.me/api/portraits/women/40.jpg', 'medium': 'https://randomuser.me/api/portraits/med/women/40.jpg', 'thumbnail': 'https://randomuser.me/api/portraits/thumb/women/40.jpg'}, 'nat': 'CH'}</msg>
<arg>${json_data['results'][0]}</arg>
<doc>Logs the given message with the given level.</doc>
<status status="PASS" start="2024-03-25T11:12:49.097094" elapsed="0.000416"/>
</kw>
<kw name="Log" owner="BuiltIn">
<msg time="2024-03-25T11:12:49.097940" level="INFO">name</msg>
<arg>${key}</arg>
<doc>Logs the given message with the given level.</doc>
<status status="PASS" start="2024-03-25T11:12:49.097810" elapsed="0.000168"/>
</kw>
<var name="${key}">name</var>
<status status="PASS" start="2024-03-25T11:12:49.096219" elapsed="0.001980"/>
</iter>
<iter>
<kw name="Dictionary Should Contain Key" owner="Collections">
<msg time="2024-03-25T11:12:49.098881" level="INFO">False</msg>
<arg>${json_data['results'][0]}</arg>
<arg>${key}</arg>
<doc>Fails if ``key`` is not found from ``dictionary``.</doc>
<status status="PASS" start="2024-03-25T11:12:49.098495" elapsed="0.000426"/>
</kw>
<kw name="Log" owner="BuiltIn">
<msg time="2024-03-25T11:12:49.099612" level="INFO">{'gender': 'female', 'name': {'title': 'Mademoiselle', 'first': 'Lotti', 'last': 'Lemaire'}, 'location': {'street': {'number': 1443, 'name': 'Rue Paul Bert'}, 'city': 'Finsterhennen', 'state': 'Schwyz', 'country': 'Switzerland', 'postcode': 2523, 'coordinates': {'latitude': '-63.8795', 'longitude': '102.2938'}, 'timezone': {'offset': '-12:00', 'description': 'Eniwetok, Kwajalein'}}, 'email': 'lotti.lemaire@example.com', 'login': {'uuid': '98602f4a-4adf-4b21-b471-be1b6127fed7', 'username': 'beautifulpanda909', 'password': 'hollywoo', 'salt': 'O18RlgUt', 'md5': 'faffdff3dd8b9d124fe0a13e0cd688a5', 'sha1': '1d6fe6cda446543120827b88d73065d4e10898d1', 'sha256': 'dd03c60d10b5353ec24a1579b23915909a25ec14b34ecbec1e9fe884f001a8e4'}, 'dob': {'date': '1948-12-07T08:13:58.074Z', 'age': 75}, 'registered': {'date': '2016-11-16T06:33:28.125Z', 'age': 7}, 'phone': '077 998 44 47', 'cell': '078 859 71 79', 'id': {'name': 'AVS', 'value': '756.9026.8177.89'}, 'picture': {'large': 'https://randomuser.me/api/portraits/women/40.jpg', 'medium': 'https://randomuser.me/api/portraits/med/women/40.jpg', 'thumbnail': 'https://randomuser.me/api/portraits/thumb/women/40.jpg'}, 'nat': 'CH'}</msg>
<arg>${json_data['results'][0]}</arg>
<doc>Logs the given message with the given level.</doc>
<status status="PASS" start="2024-03-25T11:12:49.099228" elapsed="0.000452"/>
</kw>
<kw name="Log" owner="BuiltIn">
<msg time="2024-03-25T11:12:49.100106" level="INFO">location</msg>
<arg>${key}</arg>
<doc>Logs the given message with the given level.</doc>
<status status="PASS" start="2024-03-25T11:12:49.099980" elapsed="0.000165"/>
</kw>
<var name="${key}">location</var>
<status status="PASS" start="2024-03-25T11:12:49.098383" elapsed="0.001980"/>
</iter>
<iter>
<kw name="Dictionary Should Contain Key" owner="Collections">
<msg time="2024-03-25T11:12:49.101034" level="INFO">False</msg>
<arg>${json_data['results'][0]}</arg>
<arg>${key}</arg>
<doc>Fails if ``key`` is not found from ``dictionary``.</doc>
<status status="PASS" start="2024-03-25T11:12:49.100649" elapsed="0.000422"/>
</kw>
<kw name="Log" owner="BuiltIn">
<msg time="2024-03-25T11:12:49.101729" level="INFO">{'gender': 'female', 'name': {'title': 'Mademoiselle', 'first': 'Lotti', 'last': 'Lemaire'}, 'location': {'street': {'number': 1443, 'name': 'Rue Paul Bert'}, 'city': 'Finsterhennen', 'state': 'Schwyz', 'country': 'Switzerland', 'postcode': 2523, 'coordinates': {'latitude': '-63.8795', 'longitude': '102.2938'}, 'timezone': {'offset': '-12:00', 'description': 'Eniwetok, Kwajalein'}}, 'email': 'lotti.lemaire@example.com', 'login': {'uuid': '98602f4a-4adf-4b21-b471-be1b6127fed7', 'username': 'beautifulpanda909', 'password': 'hollywoo', 'salt': 'O18RlgUt', 'md5': 'faffdff3dd8b9d124fe0a13e0cd688a5', 'sha1': '1d6fe6cda446543120827b88d73065d4e10898d1', 'sha256': 'dd03c60d10b5353ec24a1579b23915909a25ec14b34ecbec1e9fe884f001a8e4'}, 'dob': {'date': '1948-12-07T08:13:58.074Z', 'age': 75}, 'registered': {'date': '2016-11-16T06:33:28.125Z', 'age': 7}, 'phone': '077 998 44 47', 'cell': '078 859 71 79', 'id': {'name': 'AVS', 'value': '756.9026.8177.89'}, 'picture': {'large': 'https://randomuser.me/api/portraits/women/40.jpg', 'medium': 'https://randomuser.me/api/portraits/med/women/40.jpg', 'thumbnail': 'https://randomuser.me/api/portraits/thumb/women/40.jpg'}, 'nat': 'CH'}</msg>
<arg>${json_data['results'][0]}</arg>
<doc>Logs the given message with the given level.</doc>
<status status="PASS" start="2024-03-25T11:12:49.101369" elapsed="0.000407"/>
</kw>
<kw name="Log" owner="BuiltIn">
<msg time="2024-03-25T11:12:49.102195" level="INFO">email</msg>
<arg>${key}</arg>
<doc>Logs the given message with the given level.</doc>
<status status="PASS" start="2024-03-25T11:12:49.102068" elapsed="0.000166"/>
</kw>
<var name="${key}">email</var>
<status status="PASS" start="2024-03-25T11:12:49.100538" elapsed="0.001910"/>
</iter>
<iter>
<kw name="Dictionary Should Contain Key" owner="Collections">
<msg time="2024-03-25T11:12:49.103126" level="INFO">False</msg>
<arg>${json_data['results'][0]}</arg>
<arg>${key}</arg>
<doc>Fails if ``key`` is not found from ``dictionary``.</doc>
<status status="PASS" start="2024-03-25T11:12:49.102738" elapsed="0.000425"/>
</kw>
<kw name="Log" owner="BuiltIn">
<msg time="2024-03-25T11:12:49.103848" level="INFO">{'gender': 'female', 'name': {'title': 'Mademoiselle', 'first': 'Lotti', 'last': 'Lemaire'}, 'location': {'street': {'number': 1443, 'name': 'Rue Paul Bert'}, 'city': 'Finsterhennen', 'state': 'Schwyz', 'country': 'Switzerland', 'postcode': 2523, 'coordinates': {'latitude': '-63.8795', 'longitude': '102.2938'}, 'timezone': {'offset': '-12:00', 'description': 'Eniwetok, Kwajalein'}}, 'email': 'lotti.lemaire@example.com', 'login': {'uuid': '98602f4a-4adf-4b21-b471-be1b6127fed7', 'username': 'beautifulpanda909', 'password': 'hollywoo', 'salt': 'O18RlgUt', 'md5': 'faffdff3dd8b9d124fe0a13e0cd688a5', 'sha1': '1d6fe6cda446543120827b88d73065d4e10898d1', 'sha256': 'dd03c60d10b5353ec24a1579b23915909a25ec14b34ecbec1e9fe884f001a8e4'}, 'dob': {'date': '1948-12-07T08:13:58.074Z', 'age': 75}, 'registered': {'date': '2016-11-16T06:33:28.125Z', 'age': 7}, 'phone': '077 998 44 47', 'cell': '078 859 71 79', 'id': {'name': 'AVS', 'value': '756.9026.8177.89'}, 'picture': {'large': 'https://randomuser.me/api/portraits/women/40.jpg', 'medium': 'https://randomuser.me/api/portraits/med/women/40.jpg', 'thumbnail': 'https://randomuser.me/api/portraits/thumb/women/40.jpg'}, 'nat': 'CH'}</msg>
<arg>${json_data['results'][0]}</arg>
<doc>Logs the given message with the given level.</doc>
<status status="PASS" start="2024-03-25T11:12:49.103454" elapsed="0.000441"/>
</kw>
<kw name="Log" owner="BuiltIn">
<msg time="2024-03-25T11:12:49.104314" level="INFO">login</msg>
<arg>${key}</arg>
<doc>Logs the given message with the given level.</doc>
<status status="PASS" start="2024-03-25T11:12:49.104187" elapsed="0.000309"/>
</kw>
<var name="${key}">login</var>
<status status="PASS" start="2024-03-25T11:12:49.102623" elapsed="0.002100"/>
</iter>
<var>${key}</var>
<value>@{expected_keys}</value>
<status status="PASS" start="2024-03-25T11:12:49.093793" elapsed="0.011056"/>
</for>
<kw name="Create List" owner="BuiltIn">
<msg time="2024-03-25T11:12:49.105188" level="INFO">${expected_keysTwo} = ['username', 'password']</msg>
<var>${expected_keysTwo}</var>
<arg>username</arg>
<arg>password</arg>
<doc>Returns a list containing given items.</doc>
<status status="PASS" start="2024-03-25T11:12:49.105049" elapsed="0.000164"/>
</kw>
<for flavor="IN">
<iter>
<kw name="Dictionary Should Contain Key" owner="Collections">
<msg time="2024-03-25T11:12:49.106096" level="INFO">False</msg>
<arg>${json_data['results'][0]['login']}</arg>
<arg>${keyTwo}</arg>
<doc>Fails if ``key`` is not found from ``dictionary``.</doc>
<status status="PASS" start="2024-03-25T11:12:49.105717" elapsed="0.000417"/>
</kw>
<kw name="Dictionary Should Contain Key" owner="Collections">
<msg time="2024-03-25T11:12:49.106818" level="INFO">False</msg>
<arg>${json_data['results'][0]['login']}</arg>
<arg>${keyTwo}</arg>
<doc>Fails if ``key`` is not found from ``dictionary``.</doc>
<status status="PASS" start="2024-03-25T11:12:49.106429" elapsed="0.000427"/>
</kw>
<kw name="Log" owner="BuiltIn">
<msg time="2024-03-25T11:12:49.107274" level="INFO">username</msg>
<arg>${keyTwo}</arg>
<doc>Logs the given message with the given level.</doc>
<status status="PASS" start="2024-03-25T11:12:49.107147" elapsed="0.000165"/>
</kw>
<var name="${keyTwo}">username</var>
<status status="PASS" start="2024-03-25T11:12:49.105607" elapsed="0.001917"/>
</iter>
<iter>
<kw name="Dictionary Should Contain Key" owner="Collections">
<msg time="2024-03-25T11:12:49.108213" level="INFO">False</msg>
<arg>${json_data['results'][0]['login']}</arg>
<arg>${keyTwo}</arg>
<doc>Fails if ``key`` is not found from ``dictionary``.</doc>
<status status="PASS" start="2024-03-25T11:12:49.107838" elapsed="0.000413"/>
</kw>
<kw name="Dictionary Should Contain Key" owner="Collections">
<msg time="2024-03-25T11:12:49.108937" level="INFO">False</msg>
<arg>${json_data['results'][0]['login']}</arg>
<arg>${keyTwo}</arg>
<doc>Fails if ``key`` is not found from ``dictionary``.</doc>
<status status="PASS" start="2024-03-25T11:12:49.108540" elapsed="0.000434"/>
</kw>
<kw name="Log" owner="BuiltIn">
<msg time="2024-03-25T11:12:49.109389" level="INFO">password</msg>
<arg>${keyTwo}</arg>
<doc>Logs the given message with the given level.</doc>
<status status="PASS" start="2024-03-25T11:12:49.109263" elapsed="0.000163"/>
</kw>
<var name="${keyTwo}">password</var>
<status status="PASS" start="2024-03-25T11:12:49.107728" elapsed="0.001911"/>
</iter>
<var>${keyTwo}</var>
<value>@{expected_keysTwo}</value>
<status status="PASS" start="2024-03-25T11:12:49.105452" elapsed="0.004308"/>
</for>
<status status="PASS" start="2024-03-25T11:12:48.986467" elapsed="0.123437"/>
</kw>
<doc>Testa a estrutura da resposta da API.</doc>
<tag>testeEstruturaResposta</tag>
<status status="PASS" start="2024-03-25T11:12:48.985658" elapsed="0.124413"/>
</test>
<test id="s1-s1-t4" name="Validar tipos de dados" line="28">
<kw name="Teste de Tipos de Dados" owner="random-user-service">
<kw name="GET On Session" owner="RequestsLibrary">
<msg time="2024-03-25T11:12:49.198222" level="INFO">GET Request : url=https://randomuser.me/api 
 path_url=/api 
 headers={'User-Agent': 'python-requests/2.31.0', 'Accept-Encoding': 'gzip, deflate', 'Accept': '*/*', 'Connection': 'keep-alive'} 
 body=None 
 </msg>
<msg time="2024-03-25T11:12:49.198321" level="INFO">GET Response : url=https://randomuser.me/api 
 status=200, reason=OK 
 headers={'Date': 'Mon, 25 Mar 2024 11:12:49 GMT', 'Content-Type': 'application/json; charset=utf-8', 'Transfer-Encoding': 'chunked', 'Connection': 'keep-alive', 'X-Powered-By': 'Express', 'Access-Control-Allow-Origin': '*', 'Cache-Control': 'no-cache', 'ETag': 'W/"490-p+V/L5oGm+JNbIVJIVv4gQo55Bo"', 'Vary': 'Accept-Encoding', 'Content-Encoding': 'gzip', 'CF-Cache-Status': 'DYNAMIC', 'Report-To': '{"endpoints":[{"url":"https:\\/\\/a.nel.cloudflare.com\\/report\\/v4?s=aCP1l8tckQ2Wmn%2BTZHOsxmNIdNcsQiBm1GzclWIFQz5VR1ESludTqVNokftALD%2Fi6dh2UvW9%2B9H1LSK9CEd%2BJjqzTUervtODhfgX33Pz00nInv8mpcK%2F926THt8WQYBQ"}],"group":"cf-nel","max_age":604800}', 'NEL': '{"success_fraction":0,"report_to":"cf-nel","max_age":604800}', 'Server': 'cloudflare', 'CF-RAY': '869e77d2f962270e-SJC', 'alt-svc': 'h3=":443"; ma=86400'} 
 body={"results":[{"gender":"male","name":{"title":"Mr","first":"Nicolay","last":"Selmer"},"location":{"street":{"number":596,"name":"Holmliaveien"},"city":"Trondheim","state":"Nord-Trøndelag","country":"Norway","postcode":"6083","coordinates":{"latitude":"39.2820","longitude":"-145.5915"},"timezone":{"offset":"+9:00","description":"Tokyo, Seoul, Osaka, Sapporo, Yakutsk"}},"email":"nicolay.selmer@example.com","login":{"uuid":"bbe05d7d-0b8c-4fd1-a76b-2d0dc565fa7a","username":"greenpanda264","password":"iiiiiiii","salt":"aUFW9Zei","md5":"26ee69474a71bf92553efdfb0d9adf55","sha1":"2ddedd87858f90ee572e1c98eb94436bdf289051","sha256":"36dbfdfd38ccbae9e88eda5105efd0a524f8acd6eb156762c157e56b6fbe0ac0"},"dob":{"date":"1992-12-01T15:41:44.503Z","age":31},"registered":{"date":"2003-02-08T02:37:45.216Z","age":21},"phone":"73439646","cell":"96367813","id":{"name":"FN","value":"01129238328"},"picture":{"large":"https://randomuser.me/api/portraits/men/83.jpg","medium":"https://randomuser.me/api/portraits/med/men/83.jpg","thumbnail":"https://randomuser.me/api/portraits/thumb/men/83.jpg"},"nat":"NO"}],"info":{"seed":"680c2942ae4f43f7","results":1,"page":1,"version":"1.4"}} 
 </msg>
<msg time="2024-03-25T11:12:49.198394" level="INFO">/opt/hostedtoolcache/Python/3.12.2/x64/lib/python3.12/site-packages/urllib3/connectionpool.py:1103: InsecureRequestWarning: Unverified HTTPS request is being made to host 'randomuser.me'. Adding certificate verification is strongly advised. See: https://urllib3.readthedocs.io/en/latest/advanced-usage.html#tls-warnings
  warnings.warn(</msg>
<msg time="2024-03-25T11:12:49.198536" level="INFO">${response} = &lt;Response [200]&gt;</msg>
<var>${response}</var>
<arg>consultarAPI</arg>
<arg>/api</arg>
<doc>Sends a GET request on a previously created HTTP Session.</doc>
<status status="PASS" start="2024-03-25T11:12:49.112695" elapsed="0.085885"/>
</kw>
<kw name="Set Variable" owner="BuiltIn">
<msg time="2024-03-25T11:12:49.199707" level="INFO">${json_data} = {'results': [{'gender': 'male', 'name': {'title': 'Mr', 'first': 'Nicolay', 'last': 'Selmer'}, 'location': {'street': {'number': 596, 'name': 'Holmliaveien'}, 'city': 'Trondheim', 'state': 'Nord-Trønd...</msg>
<var>${json_data}</var>
<arg>${response.json()}</arg>
<doc>Returns the given values which can then be assigned to a variables.</doc>
<status status="PASS" start="2024-03-25T11:12:49.199116" elapsed="0.000621"/>
</kw>
<kw name="Log" owner="BuiltIn">
<msg time="2024-03-25T11:12:49.200213" level="INFO">{'results': [{'gender': 'male', 'name': {'title': 'Mr', 'first': 'Nicolay', 'last': 'Selmer'}, 'location': {'street': {'number': 596, 'name': 'Holmliaveien'}, 'city': 'Trondheim', 'state': 'Nord-Trøndelag', 'country': 'Norway', 'postcode': '6083', 'coordinates': {'latitude': '39.2820', 'longitude': '-145.5915'}, 'timezone': {'offset': '+9:00', 'description': 'Tokyo, Seoul, Osaka, Sapporo, Yakutsk'}}, 'email': 'nicolay.selmer@example.com', 'login': {'uuid': 'bbe05d7d-0b8c-4fd1-a76b-2d0dc565fa7a', 'username': 'greenpanda264', 'password': 'iiiiiiii', 'salt': 'aUFW9Zei', 'md5': '26ee69474a71bf92553efdfb0d9adf55', 'sha1': '2ddedd87858f90ee572e1c98eb94436bdf289051', 'sha256': '36dbfdfd38ccbae9e88eda5105efd0a524f8acd6eb156762c157e56b6fbe0ac0'}, 'dob': {'date': '1992-12-01T15:41:44.503Z', 'age': 31}, 'registered': {'date': '2003-02-08T02:37:45.216Z', 'age': 21}, 'phone': '73439646', 'cell': '96367813', 'id': {'name': 'FN', 'value': '01129238328'}, 'picture': {'large': 'https://randomuser.me/api/portraits/men/83.jpg', 'medium': 'https://randomuser.me/api/portraits/med/men/83.jpg', 'thumbnail': 'https://randomuser.me/api/portraits/thumb/men/83.jpg'}, 'nat': 'NO'}], 'info': {'seed': '680c2942ae4f43f7', 'results': 1, 'page': 1, 'version': '1.4'}}</msg>
<arg>${json_data}</arg>
<doc>Logs the given message with the given level.</doc>
<status status="PASS" start="2024-03-25T11:12:49.200052" elapsed="0.000249"/>
</kw>
<kw name="Should Be String" owner="String">
<arg>${json_data['results'][0]['gender']}</arg>
<doc>Fails if the given ``item`` is not a string.</doc>
<status status="PASS" start="2024-03-25T11:12:49.200606" elapsed="0.000368"/>
</kw>
<kw name="Should Match Regexp" owner="BuiltIn">
<arg>${json_data['results'][0]['email']}</arg>
<arg>^[a-zA-Z0-9._%+-]+@[a-zA-Z0-9.-]+\.[a-zA-Z]{2,}$</arg>
<doc>Fails if ``string`` does not match ``pattern`` as a regular expression.</doc>
<status status="PASS" start="2024-03-25T11:12:49.201170" elapsed="0.000522"/>
</kw>
<kw name="Should Match Regexp" owner="BuiltIn">
<arg>${json_data['results'][0]['dob']['date']}</arg>
<arg>\\d{4}-\\d{2}-\\d{2}T\\d{2}:\\d{2}:\\d{2}\\.\\d{3}Z</arg>
<doc>Fails if ``string`` does not match ``pattern`` as a regular expression.</doc>
<status status="PASS" start="2024-03-25T11:12:49.201889" elapsed="0.000511"/>
</kw>
<kw name="Should Match Regexp" owner="BuiltIn">
<arg>${json_data['results'][0]['registered']['date']}</arg>
<arg>\\d{4}-\\d{2}-\\d{2}T\\d{2}:\\d{2}:\\d{2}\\.\\d{3}Z</arg>
<doc>Fails if ``string`` does not match ``pattern`` as a regular expression.</doc>
<status status="PASS" start="2024-03-25T11:12:49.202599" elapsed="0.000374"/>
</kw>
<kw name="Should Match Regexp" owner="BuiltIn">
<arg>${json_data['results'][0]['picture']['large']}</arg>
<arg>^https?://.*\.(?:png|jpe?g|gif|bmp)$</arg>
<doc>Fails if ``string`` does not match ``pattern`` as a regular expression.</doc>
<status status="PASS" start="2024-03-25T11:12:49.203161" elapsed="0.000515"/>
</kw>
<kw name="Should Match Regexp" owner="BuiltIn">
<arg>${json_data['results'][0]['picture']['medium']}</arg>
<arg>^https?://.*\.(?:png|jpe?g|gif|bmp)$</arg>
<doc>Fails if ``string`` does not match ``pattern`` as a regular expression.</doc>
<status status="PASS" start="2024-03-25T11:12:49.203872" elapsed="0.000366"/>
</kw>
<kw name="Should Match Regexp" owner="BuiltIn">
<arg>${json_data['results'][0]['picture']['thumbnail']}</arg>
<arg>^https?://.*\.(?:png|jpe?g|gif|bmp)$</arg>
<doc>Fails if ``string`` does not match ``pattern`` as a regular expression.</doc>
<status status="PASS" start="2024-03-25T11:12:49.204427" elapsed="0.000360"/>
</kw>
<kw name="Log" owner="BuiltIn">
<msg time="2024-03-25T11:12:49.205378" level="INFO">{'large': 'https://randomuser.me/api/portraits/men/83.jpg', 'medium': 'https://randomuser.me/api/portraits/med/men/83.jpg', 'thumbnail': 'https://randomuser.me/api/portraits/thumb/men/83.jpg'}</msg>
<arg>${json_data['results'][0]['picture']}</arg>
<doc>Logs the given message with the given level.</doc>
<status status="PASS" start="2024-03-25T11:12:49.204974" elapsed="0.000455"/>
</kw>
<status status="PASS" start="2024-03-25T11:12:49.112462" elapsed="0.093231"/>
</kw>
<kw name="Teste de Tipos de Dados - Postcode" owner="random-user-service">
<kw name="GET On Session" owner="RequestsLibrary">
<msg time="2024-03-25T11:12:49.294964" level="INFO">GET Request : url=https://randomuser.me/api 
 path_url=/api 
 headers={'User-Agent': 'python-requests/2.31.0', 'Accept-Encoding': 'gzip, deflate', 'Accept': '*/*', 'Connection': 'keep-alive'} 
 body=None 
 </msg>
<msg time="2024-03-25T11:12:49.295080" level="INFO">GET Response : url=https://randomuser.me/api 
 status=200, reason=OK 
 headers={'Date': 'Mon, 25 Mar 2024 11:12:49 GMT', 'Content-Type': 'application/json; charset=utf-8', 'Transfer-Encoding': 'chunked', 'Connection': 'keep-alive', 'X-Powered-By': 'Express', 'Access-Control-Allow-Origin': '*', 'Cache-Control': 'no-cache', 'ETag': 'W/"493-hA/ZDTk722H35aeMymE+IMUNrJc"', 'Vary': 'Accept-Encoding', 'Content-Encoding': 'gzip', 'CF-Cache-Status': 'DYNAMIC', 'Report-To': '{"endpoints":[{"url":"https:\\/\\/a.nel.cloudflare.com\\/report\\/v4?s=F905qZKnmMtgC9sF6EkqKkEvWRy7se3t4YzS74fhTY4Cg2hVc88Q2ziaf1k2Spt9%2BGlcyFi5fGLo0wn4uenMim%2FJf%2BreO6FhTPpsEosGg2hSyLHcqVEIO7dM4EaAS3YW"}],"group":"cf-nel","max_age":604800}', 'NEL': '{"success_fraction":0,"report_to":"cf-nel","max_age":604800}', 'Server': 'cloudflare', 'CF-RAY': '869e77d389db270e-SJC', 'alt-svc': 'h3=":443"; ma=86400'} 
 body={"results":[{"gender":"male","name":{"title":"Mr","first":"Avgustin","last":"Shlemkevich"},"location":{"street":{"number":3745,"name":"Piterska"},"city":"Chernivci","state":"Cherkaska","country":"Ukraine","postcode":61468,"coordinates":{"latitude":"75.9235","longitude":"-146.5271"},"timezone":{"offset":"-4:00","description":"Atlantic Time (Canada), Caracas, La Paz"}},"email":"avgustin.shlemkevich@example.com","login":{"uuid":"0f45bff9-ebe6-42d0-ba5c-83e1cc1898b6","username":"goldensnake592","password":"passmast","salt":"4S6ykZc9","md5":"7fd21c2956071ebc85123cb47d2f8f02","sha1":"fbb3875957de9be4af64abe40da748e85f94a6b1","sha256":"eac792ada6eb424d997f73b0f6a7cfd2674b8d835101fc60367bf04dd8fb5102"},"dob":{"date":"1956-03-16T21:38:43.845Z","age":68},"registered":{"date":"2020-06-23T10:18:34.887Z","age":3},"phone":"(098) T05-6573","cell":"(096) O67-9055","id":{"name":"","value":null},"picture":{"large":"https://randomuser.me/api/portraits/men/7.jpg","medium":"https://randomuser.me/api/portraits/med/men/7.jpg","thumbnail":"https://randomuser.me/api/portraits/thumb/men/7.jpg"},"nat":"UA"}],"info":{"seed":"0e5cf9f198fd20a7","results":1,"page":1,"version":"1.4"}} 
 </msg>
<msg time="2024-03-25T11:12:49.295190" level="INFO">/opt/hostedtoolcache/Python/3.12.2/x64/lib/python3.12/site-packages/urllib3/connectionpool.py:1103: InsecureRequestWarning: Unverified HTTPS request is being made to host 'randomuser.me'. Adding certificate verification is strongly advised. See: https://urllib3.readthedocs.io/en/latest/advanced-usage.html#tls-warnings
  warnings.warn(</msg>
<msg time="2024-03-25T11:12:49.295363" level="INFO">${response} = &lt;Response [200]&gt;</msg>
<var>${response}</var>
<arg>consultarAPI</arg>
<arg>/api</arg>
<doc>Sends a GET request on a previously created HTTP Session.</doc>
<status status="PASS" start="2024-03-25T11:12:49.206338" elapsed="0.089072"/>
</kw>
<kw name="Set Variable" owner="BuiltIn">
<msg time="2024-03-25T11:12:49.296522" level="INFO">${json_data} = {'results': [{'gender': 'male', 'name': {'title': 'Mr', 'first': 'Avgustin', 'last': 'Shlemkevich'}, 'location': {'street': {'number': 3745, 'name': 'Piterska'}, 'city': 'Chernivci', 'state': 'Cherkas...</msg>
<var>${json_data}</var>
<arg>${response.json()}</arg>
<doc>Returns the given values which can then be assigned to a variables.</doc>
<status status="PASS" start="2024-03-25T11:12:49.295981" elapsed="0.000570"/>
</kw>
<kw name="Log" owner="BuiltIn">
<msg time="2024-03-25T11:12:49.297033" level="INFO">{'results': [{'gender': 'male', 'name': {'title': 'Mr', 'first': 'Avgustin', 'last': 'Shlemkevich'}, 'location': {'street': {'number': 3745, 'name': 'Piterska'}, 'city': 'Chernivci', 'state': 'Cherkaska', 'country': 'Ukraine', 'postcode': 61468, 'coordinates': {'latitude': '75.9235', 'longitude': '-146.5271'}, 'timezone': {'offset': '-4:00', 'description': 'Atlantic Time (Canada), Caracas, La Paz'}}, 'email': 'avgustin.shlemkevich@example.com', 'login': {'uuid': '0f45bff9-ebe6-42d0-ba5c-83e1cc1898b6', 'username': 'goldensnake592', 'password': 'passmast', 'salt': '4S6ykZc9', 'md5': '7fd21c2956071ebc85123cb47d2f8f02', 'sha1': 'fbb3875957de9be4af64abe40da748e85f94a6b1', 'sha256': 'eac792ada6eb424d997f73b0f6a7cfd2674b8d835101fc60367bf04dd8fb5102'}, 'dob': {'date': '1956-03-16T21:38:43.845Z', 'age': 68}, 'registered': {'date': '2020-06-23T10:18:34.887Z', 'age': 3}, 'phone': '(098) T05-6573', 'cell': '(096) O67-9055', 'id': {'name': '', 'value': None}, 'picture': {'large': 'https://randomuser.me/api/portraits/men/7.jpg', 'medium': 'https://randomuser.me/api/portraits/med/men/7.jpg', 'thumbnail': 'https://randomuser.me/api/portraits/thumb/men/7.jpg'}, 'nat': 'UA'}], 'info': {'seed': '0e5cf9f198fd20a7', 'results': 1, 'page': 1, 'version': '1.4'}}</msg>
<arg>${json_data}</arg>
<doc>Logs the given message with the given level.</doc>
<status status="PASS" start="2024-03-25T11:12:49.296870" elapsed="0.000249"/>
</kw>
<kw name="Should Be Equal As Numbers" owner="BuiltIn">
<arg>${json_data['results'][0]['location']['postcode']}</arg>
<arg>${json_data['results'][0]['location']['postcode']}</arg>
<doc>Fails if objects are unequal after converting them to real numbers.</doc>
<status status="PASS" start="2024-03-25T11:12:49.297430" elapsed="0.000648"/>
</kw>
<kw name="Log" owner="BuiltIn">
<msg time="2024-03-25T11:12:49.298617" level="INFO">61468</msg>
<arg>${json_data['results'][0]['location']['postcode']}</arg>
<doc>Logs the given message with the given level.</doc>
<status status="PASS" start="2024-03-25T11:12:49.298275" elapsed="0.000383"/>
</kw>
<status status="PASS" start="2024-03-25T11:12:49.205931" elapsed="0.092986"/>
</kw>
<doc>Testa se os tipos de dados na resposta da API estão corretos.</doc>
<tag>testeTiposDados</tag>
<status status="PASS" start="2024-03-25T11:12:49.111879" elapsed="0.187220"/>
</test>
<test id="s1-s1-t5" name="Validar conteudo" line="35">
<kw name="Teste de Tipos de Conteudo" owner="random-user-service">
<kw name="GET On Session" owner="RequestsLibrary">
<msg time="2024-03-25T11:12:49.400374" level="INFO">GET Request : url=https://randomuser.me/api 
 path_url=/api 
 headers={'User-Agent': 'python-requests/2.31.0', 'Accept-Encoding': 'gzip, deflate', 'Accept': '*/*', 'Connection': 'keep-alive'} 
 body=None 
 </msg>
<msg time="2024-03-25T11:12:49.400492" level="INFO">GET Response : url=https://randomuser.me/api 
 status=200, reason=OK 
 headers={'Date': 'Mon, 25 Mar 2024 11:12:49 GMT', 'Content-Type': 'application/json; charset=utf-8', 'Transfer-Encoding': 'chunked', 'Connection': 'keep-alive', 'X-Powered-By': 'Express', 'Access-Control-Allow-Origin': '*', 'Cache-Control': 'no-cache', 'ETag': 'W/"475-h3OCBB7NmzYTUBIBZquwWArTIF4"', 'Vary': 'Accept-Encoding', 'Content-Encoding': 'gzip', 'CF-Cache-Status': 'DYNAMIC', 'Report-To': '{"endpoints":[{"url":"https:\\/\\/a.nel.cloudflare.com\\/report\\/v4?s=0KgMUb54UuZ1GvrrPKoT93lptMyXL08K9ffwqd8M8ypbaYndOW6WoMp1PjYCQ%2F9opIVdMQvzcXSINfhMVqn1AWPY7UCuKq8hk%2FD4q5V6GJao1Xy%2Bmqpt1765wa9acW7L"}],"group":"cf-nel","max_age":604800}', 'NEL': '{"success_fraction":0,"report_to":"cf-nel","max_age":604800}', 'Server': 'cloudflare', 'CF-RAY': '869e77d42a49270e-SJC', 'alt-svc': 'h3=":443"; ma=86400'} 
 body={"results":[{"gender":"male","name":{"title":"Mr","first":"Evan","last":"Dean"},"location":{"street":{"number":1317,"name":"Marsh Ln"},"city":"Amarillo","state":"Tennessee","country":"United States","postcode":15904,"coordinates":{"latitude":"86.0257","longitude":"-92.9127"},"timezone":{"offset":"-3:30","description":"Newfoundland"}},"email":"evan.dean@example.com","login":{"uuid":"535270d1-9918-4a9b-81cc-561f43d0dcc3","username":"smallrabbit395","password":"antoine","salt":"KIdINKSa","md5":"232dfcfc55c5a20c601d2ccc706e42bc","sha1":"f934736fd22763849de958d448dcae19e069ad1c","sha256":"1c5bf66328d6d7ae329826c421986a164e30570c728aaa859151af2b785e4eda"},"dob":{"date":"1969-02-22T04:55:56.448Z","age":55},"registered":{"date":"2003-11-28T15:07:49.695Z","age":20},"phone":"(428) 287-7241","cell":"(544) 661-3702","id":{"name":"SSN","value":"328-32-8146"},"picture":{"large":"https://randomuser.me/api/portraits/men/95.jpg","medium":"https://randomuser.me/api/portraits/med/men/95.jpg","thumbnail":"https://randomuser.me/api/portraits/thumb/men/95.jpg"},"nat":"US"}],"info":{"seed":"88530b03958a2678","results":1,"page":1,"version":"1.4"}} 
 </msg>
<msg time="2024-03-25T11:12:49.400579" level="INFO">/opt/hostedtoolcache/Python/3.12.2/x64/lib/python3.12/site-packages/urllib3/connectionpool.py:1103: InsecureRequestWarning: Unverified HTTPS request is being made to host 'randomuser.me'. Adding certificate verification is strongly advised. See: https://urllib3.readthedocs.io/en/latest/advanced-usage.html#tls-warnings
  warnings.warn(</msg>
<msg time="2024-03-25T11:12:49.400730" level="INFO">${response} = &lt;Response [200]&gt;</msg>
<var>${response}</var>
<arg>consultarAPI</arg>
<arg>/api</arg>
<doc>Sends a GET request on a previously created HTTP Session.</doc>
<status status="PASS" start="2024-03-25T11:12:49.301762" elapsed="0.099014"/>
</kw>
<kw name="Set Variable" owner="BuiltIn">
<msg time="2024-03-25T11:12:49.401905" level="INFO">${json_data} = {'results': [{'gender': 'male', 'name': {'title': 'Mr', 'first': 'Evan', 'last': 'Dean'}, 'location': {'street': {'number': 1317, 'name': 'Marsh Ln'}, 'city': 'Amarillo', 'state': 'Tennessee', 'countr...</msg>
<var>${json_data}</var>
<arg>${response.json()}</arg>
<doc>Returns the given values which can then be assigned to a variables.</doc>
<status status="PASS" start="2024-03-25T11:12:49.401341" elapsed="0.000593"/>
</kw>
<kw name="Set Variable" owner="BuiltIn">
<msg time="2024-03-25T11:12:49.402648" level="INFO">${name_title} = Mr</msg>
<var>${name_title}</var>
<arg>${json_data["results"][0]["name"]["title"]}</arg>
<doc>Returns the given values which can then be assigned to a variables.</doc>
<status status="PASS" start="2024-03-25T11:12:49.402251" elapsed="0.000431"/>
</kw>
<kw name="Create List" owner="BuiltIn">
<msg time="2024-03-25T11:12:49.403135" level="INFO">${allowed_titles} = ['Mr', 'Ms', 'Miss', 'Mrs', 'Madame', 'Monsieur']</msg>
<var>${allowed_titles}</var>
<arg>Mr</arg>
<arg>Ms</arg>
<arg>Miss</arg>
<arg>Mrs</arg>
<arg>Madame</arg>
<arg>Monsieur</arg>
<doc>Returns a list containing given items.</doc>
<status status="PASS" start="2024-03-25T11:12:49.402985" elapsed="0.000175"/>
</kw>
<kw name="List Should Contain Value" owner="Collections">
<msg time="2024-03-25T11:12:49.403737" level="INFO">False</msg>
<arg>${allowed_titles}</arg>
<arg>${name_title}</arg>
<doc>Fails if the ``value`` is not found from ``list``.</doc>
<status status="PASS" start="2024-03-25T11:12:49.403474" elapsed="0.000304"/>
</kw>
<kw name="Set Variable" owner="BuiltIn">
<msg time="2024-03-25T11:12:49.404468" level="INFO">${name_country} = US</msg>
<var>${name_country}</var>
<arg>${json_data["results"][0]["nat"]}</arg>
<doc>Returns the given values which can then be assigned to a variables.</doc>
<status status="PASS" start="2024-03-25T11:12:49.404086" elapsed="0.000408"/>
</kw>
<kw name="Create List" owner="BuiltIn">
<msg time="2024-03-25T11:12:49.405408" level="INFO">${list_country} = ['AD', 'AE', 'AF', 'AG', 'AI', 'AL', 'AM', 'AO', 'AQ', 'AR', 'AS', 'AT', 'AU', 'AW', 'AX', 'AZ', 'BA', 'BB', 'BD', 'BE', 'BF', 'BG', 'BH', 'BI', 'BJ', 'BL', 'BM', 'BN', 'BO', 'BQ', 'BR', 'BS', 'BT', '...</msg>
<var>${list_country}</var>
<arg>AD</arg>
<arg>AE</arg>
<arg>AF</arg>
<arg>AG</arg>
<arg>AI</arg>
<arg>AL</arg>
<arg>AM</arg>
<arg>AO</arg>
<arg>AQ</arg>
<arg>AR</arg>
<arg>AS</arg>
<arg>AT</arg>
<arg>AU</arg>
<arg>AW</arg>
<arg>AX</arg>
<arg>AZ</arg>
<arg>BA</arg>
<arg>BB</arg>
<arg>BD</arg>
<arg>BE</arg>
<arg>BF</arg>
<arg>BG</arg>
<arg>BH</arg>
<arg>BI</arg>
<arg>BJ</arg>
<arg>BL</arg>
<arg>BM</arg>
<arg>BN</arg>
<arg>BO</arg>
<arg>BQ</arg>
<arg>BR</arg>
<arg>BS</arg>
<arg>BT</arg>
<arg>BV</arg>
<arg>BW</arg>
<arg>BY</arg>
<arg>BZ</arg>
<arg>CA</arg>
<arg>CC</arg>
<arg>CD</arg>
<arg>CF</arg>
<arg>CG</arg>
<arg>CH</arg>
<arg>CI</arg>
<arg>CK</arg>
<arg>CL</arg>
<arg>CM</arg>
<arg>CN</arg>
<arg>CO</arg>
<arg>CR</arg>
<arg>CU</arg>
<arg>CV</arg>
<arg>CW</arg>
<arg>CX</arg>
<arg>CY</arg>
<arg>CZ</arg>
<arg>DE</arg>
<arg>DJ</arg>
<arg>DK</arg>
<arg>DM</arg>
<arg>DO</arg>
<arg>DZ</arg>
<arg>EC</arg>
<arg>EE</arg>
<arg>EG</arg>
<arg>EH</arg>
<arg>ER</arg>
<arg>ES</arg>
<arg>ET</arg>
<arg>FI</arg>
<arg>FJ</arg>
<arg>FK</arg>
<arg>FM</arg>
<arg>FO</arg>
<arg>FR</arg>
<arg>GA</arg>
<arg>GB</arg>
<arg>GD</arg>
<arg>GE</arg>
<arg>GF</arg>
<arg>GG</arg>
<arg>GH</arg>
<arg>GI</arg>
<arg>GL</arg>
<arg>GM</arg>
<arg>GN</arg>
<arg>GP</arg>
<arg>GQ</arg>
<arg>GR</arg>
<arg>GS</arg>
<arg>GT</arg>
<arg>GU</arg>
<arg>GW</arg>
<arg>GY</arg>
<arg>HK</arg>
<arg>HM</arg>
<arg>HN</arg>
<arg>HR</arg>
<arg>HT</arg>
<arg>HU</arg>
<arg>ID</arg>
<arg>IE</arg>
<arg>IL</arg>
<arg>IM</arg>
<arg>IN</arg>
<arg>IO</arg>
<arg>IQ</arg>
<arg>IR</arg>
<arg>IS</arg>
<arg>IT</arg>
<arg>JE</arg>
<arg>JM</arg>
<arg>JO</arg>
<arg>JP</arg>
<arg>KE</arg>
<arg>KG</arg>
<arg>KH</arg>
<arg>KI</arg>
<arg>KM</arg>
<arg>KN</arg>
<arg>KP</arg>
<arg>KR</arg>
<arg>KW</arg>
<arg>KY</arg>
<arg>KZ</arg>
<arg>LA</arg>
<arg>LB</arg>
<arg>LC</arg>
<arg>LI</arg>
<arg>LK</arg>
<arg>LR</arg>
<arg>LS</arg>
<arg>LT</arg>
<arg>LU</arg>
<arg>LV</arg>
<arg>LY</arg>
<arg>MA</arg>
<arg>MC</arg>
<arg>MD</arg>
<arg>ME</arg>
<arg>MF</arg>
<arg>MG</arg>
<arg>MH</arg>
<arg>MK</arg>
<arg>ML</arg>
<arg>MM</arg>
<arg>MN</arg>
<arg>MO</arg>
<arg>MP</arg>
<arg>MQ</arg>
<arg>MR</arg>
<arg>MS</arg>
<arg>MT</arg>
<arg>MU</arg>
<arg>MV</arg>
<arg>MW</arg>
<arg>MX</arg>
<arg>MY</arg>
<arg>MZ</arg>
<arg>NA</arg>
<arg>NC</arg>
<arg>NE</arg>
<arg>NF</arg>
<arg>NG</arg>
<arg>NI</arg>
<arg>NL</arg>
<arg>NO</arg>
<arg>NP</arg>
<arg>NR</arg>
<arg>NU</arg>
<arg>NZ</arg>
<arg>OM</arg>
<arg>PA</arg>
<arg>PE</arg>
<arg>PF</arg>
<arg>PG</arg>
<arg>PH</arg>
<arg>PK</arg>
<arg>PL</arg>
<arg>PM</arg>
<arg>PN</arg>
<arg>PR</arg>
<arg>PS</arg>
<arg>PT</arg>
<arg>PW</arg>
<arg>PY</arg>
<arg>QA</arg>
<arg>RE</arg>
<arg>RO</arg>
<arg>RS</arg>
<arg>RU</arg>
<arg>RW</arg>
<arg>SA</arg>
<arg>SB</arg>
<arg>SC</arg>
<arg>SD</arg>
<arg>SE</arg>
<arg>SG</arg>
<arg>SH</arg>
<arg>SI</arg>
<arg>SJ</arg>
<arg>SK</arg>
<arg>SL</arg>
<arg>SM</arg>
<arg>SN</arg>
<arg>SO</arg>
<arg>SR</arg>
<arg>SS</arg>
<arg>ST</arg>
<arg>SV</arg>
<arg>SX</arg>
<arg>SY</arg>
<arg>SZ</arg>
<arg>TC</arg>
<arg>TD</arg>
<arg>TF</arg>
<arg>TG</arg>
<arg>TH</arg>
<arg>TJ</arg>
<arg>TK</arg>
<arg>TL</arg>
<arg>TM</arg>
<arg>TN</arg>
<arg>TO</arg>
<arg>TR</arg>
<arg>TT</arg>
<arg>TV</arg>
<arg>TW</arg>
<arg>TZ</arg>
<arg>UA</arg>
<arg>UG</arg>
<arg>UM</arg>
<arg>US</arg>
<arg>UY</arg>
<arg>UZ</arg>
<arg>VA</arg>
<arg>VC</arg>
<arg>VE</arg>
<arg>VG</arg>
<arg>VI</arg>
<arg>VN</arg>
<arg>VU</arg>
<arg>WF</arg>
<arg>WS</arg>
<arg>XK</arg>
<arg>YE</arg>
<arg>YT</arg>
<arg>ZA</arg>
<arg>ZM</arg>
<arg>ZW</arg>
<doc>Returns a list containing given items.</doc>
<status status="PASS" start="2024-03-25T11:12:49.404804" elapsed="0.000630"/>
</kw>
<kw name="List Should Contain Value" owner="Collections">
<msg time="2024-03-25T11:12:49.406582" level="INFO">False</msg>
<arg>${list_country}</arg>
<arg>${name_country}</arg>
<doc>Fails if the ``value`` is not found from ``list``.</doc>
<status status="PASS" start="2024-03-25T11:12:49.406375" elapsed="0.000244"/>
</kw>
<kw name="Run Keyword If" owner="BuiltIn">
<kw name="Should Be True" owner="BuiltIn">
<arg>${True}</arg>
<doc>Fails if the given condition is not true.</doc>
<status status="PASS" start="2024-03-25T11:12:49.407736" elapsed="0.000148"/>
</kw>
<arg>${json_data["results"][0]["location"]["coordinates"]["latitude"]} &gt;= -90 and ${json_data["results"][0]["location"]["coordinates"]["latitude"]} &lt;= 90</arg>
<arg>Should Be True</arg>
<arg>${True}</arg>
<doc>Runs the given keyword with the given arguments, if ``condition`` is true.</doc>
<status status="PASS" start="2024-03-25T11:12:49.406934" elapsed="0.001081"/>
</kw>
<kw name="Run Keyword If" owner="BuiltIn">
<kw name="Should Be True" owner="BuiltIn">
<arg>${True}</arg>
<doc>Fails if the given condition is not true.</doc>
<status status="PASS" start="2024-03-25T11:12:49.408916" elapsed="0.000140"/>
</kw>
<arg>${json_data["results"][0]["location"]["coordinates"]["longitude"]} &gt;= -180 and ${json_data["results"][0]["location"]["coordinates"]["longitude"]} &lt;= 180</arg>
<arg>Should Be True</arg>
<arg>${True}</arg>
<doc>Runs the given keyword with the given arguments, if ``condition`` is true.</doc>
<status status="PASS" start="2024-03-25T11:12:49.408204" elapsed="0.000978"/>
</kw>
<status status="PASS" start="2024-03-25T11:12:49.301529" elapsed="0.107788"/>
</kw>
<doc>Testa o conteúdo específico dos campos retornados pela API.</doc>
<tag>testeConteudo</tag>
<status status="PASS" start="2024-03-25T11:12:49.300957" elapsed="0.108520"/>
</test>
<status status="PASS" start="2024-03-25T11:12:48.462420" elapsed="0.948987"/>
</suite>
<status status="PASS" start="2024-03-25T11:12:48.448568" elapsed="0.968224"/>
</suite>
<statistics>
<total>
<stat pass="5" fail="0" skip="0">All Tests</stat>
</total>
<tag>
<stat pass="1" fail="0" skip="0">testeConteudo</stat>
<stat pass="1" fail="0" skip="0">testeEstruturaResposta</stat>
<stat pass="1" fail="0" skip="0">testeRequisicaoBasica</stat>
<stat pass="1" fail="0" skip="0">testeTiposDados</stat>
</tag>
<suite>
<stat pass="5" fail="0" skip="0" id="s1" name="Tests">Tests</stat>
<stat pass="5" fail="0" skip="0" id="s1-s1" name="Random-User-Test">Tests.Random-User-Test</stat>
</suite>
</statistics>
<errors>
</errors>
</robot>
