<?xml version="1.0" encoding="UTF-8"?>
<robot generator="Robot 7.0 (Python 3.12.3 on linux)" generated="2024-06-10T17:12:46.643117" rpa="false" schemaversion="5">
<suite id="s1" name="Tests" source="/home/runner/work/ApiRandomUser/ApiRandomUser/RamdonUser/tests">
<suite id="s1-s1" name="Random-User-Test" source="/home/runner/work/ApiRandomUser/ApiRandomUser/RamdonUser/tests/random-user-test.robot">
<test id="s1-s1-t1" name="Conectar" line="13">
<kw name="Conectar API" owner="random-user-service">
<kw name="Create Session" owner="RequestsLibrary">
<msg time="2024-06-10T17:12:47.036373" level="INFO">Creating Session using : alias=consultarAPI, url=https://randomuser.me/, headers={},                     cookies={}, auth=None, timeout=None, proxies=None, verify=False,                     debug=0 </msg>
<arg>consultarAPI</arg>
<arg>${URL}</arg>
<doc>Create Session: create a HTTP session to a server</doc>
<status status="PASS" start="2024-06-10T17:12:47.036165" elapsed="0.000380"/>
</kw>
<status status="PASS" start="2024-06-10T17:12:47.035098" elapsed="0.001812"/>
</kw>
<status status="PASS" start="2024-06-10T17:12:47.034584" elapsed="0.002525"/>
</test>
<test id="s1-s1-t2" name="Validar retorno 200 e JSON Válido" line="16">
<kw name="Teste de Requisicao Basica" owner="random-user-service">
<kw name="GET On Session" owner="RequestsLibrary">
<msg time="2024-06-10T17:12:47.118856" level="INFO">GET Request : url=https://randomuser.me/api 
 path_url=/api 
 headers={'User-Agent': 'python-requests/2.32.3', 'Accept-Encoding': 'gzip, deflate', 'Accept': '*/*', 'Connection': 'keep-alive'} 
 body=None 
 </msg>
<msg time="2024-06-10T17:12:47.118980" level="INFO">GET Response : url=https://randomuser.me/api 
 status=200, reason=OK 
 headers={'Date': 'Mon, 10 Jun 2024 17:12:47 GMT', 'Content-Type': 'application/json; charset=utf-8', 'Transfer-Encoding': 'chunked', 'Connection': 'keep-alive', 'X-Powered-By': 'Express', 'Access-Control-Allow-Origin': '*', 'Cache-Control': 'no-cache', 'ETag': 'W/"48c-fdsAbmwN0hRV/onRZNslLPA8RPM"', 'Vary': 'Accept-Encoding', 'Content-Encoding': 'gzip', 'CF-Cache-Status': 'DYNAMIC', 'Report-To': '{"endpoints":[{"url":"https:\\/\\/a.nel.cloudflare.com\\/report\\/v4?s=hrzEUQSw40AaYU%2B74Hg8zq%2FQBp92aQmWa1iTOgxc%2FBSYg9TuWObt1ip5pob6esNFt%2Blc6aG2oWvq3aAEkFi%2FhxXIvWATByZhWscmGwbsqXcfw2vCcl96%2BQSXlyjiKSPU"}],"group":"cf-nel","max_age":604800}', 'NEL': '{"success_fraction":0,"report_to":"cf-nel","max_age":604800}', 'Server': 'cloudflare', 'CF-RAY': '891afcfe3dd32030-IAD', 'alt-svc': 'h3=":443"; ma=86400'} 
 body={"results":[{"gender":"male","name":{"title":"Mr","first":"Terrance","last":"Hanson"},"location":{"street":{"number":1025,"name":"Spring Hill Rd"},"city":"Port St. Lucie","state":"Montana","country":"United States","postcode":22168,"coordinates":{"latitude":"83.3793","longitude":"-87.2123"},"timezone":{"offset":"-3:30","description":"Newfoundland"}},"email":"terrance.hanson@example.com","login":{"uuid":"e541cb82-6ded-4023-b956-f898d1de7a63","username":"greengorilla958","password":"maximum","salt":"zY6ZalmT","md5":"3724a7f6d440058a5227014d317158f3","sha1":"8816ee8f9ca6026f4f4c5b333239c9fb9800b63d","sha256":"9ab00fe059bbb523cb12c811612c213d5b5693d4f23da4bc1fe50362afc3be5c"},"dob":{"date":"1975-08-31T17:19:52.511Z","age":48},"registered":{"date":"2013-08-12T07:57:43.980Z","age":10},"phone":"(808) 946-3138","cell":"(968) 303-0109","id":{"name":"SSN","value":"129-96-1915"},"picture":{"large":"https://randomuser.me/api/portraits/men/55.jpg","medium":"https://randomuser.me/api/portraits/med/men/55.jpg","thumbnail":"https://randomuser.me/api/portraits/thumb/men/55.jpg"},"nat":"US"}],"info":{"seed":"95100683827f7ef4","results":1,"page":1,"version":"1.4"}} 
 </msg>
<msg time="2024-06-10T17:12:47.119050" level="INFO">/opt/hostedtoolcache/Python/3.12.3/x64/lib/python3.12/site-packages/urllib3/connectionpool.py:1103: InsecureRequestWarning: Unverified HTTPS request is being made to host 'randomuser.me'. Adding certificate verification is strongly advised. See: https://urllib3.readthedocs.io/en/latest/advanced-usage.html#tls-warnings
  warnings.warn(</msg>
<msg time="2024-06-10T17:12:47.119174" level="INFO">${response} = &lt;Response [200]&gt;</msg>
<var>${response}</var>
<arg>consultarAPI</arg>
<arg>/api</arg>
<doc>Sends a GET request on a previously created HTTP Session.</doc>
<status status="PASS" start="2024-06-10T17:12:47.039802" elapsed="0.079411"/>
</kw>
<kw name="Should Be Equal As Numbers" owner="BuiltIn">
<msg time="2024-06-10T17:12:47.120276" level="INFO">Argument types are:
&lt;class 'int'&gt;
&lt;class 'str'&gt;</msg>
<arg>${response.status_code}</arg>
<arg>200</arg>
<doc>Fails if objects are unequal after converting them to real numbers.</doc>
<status status="PASS" start="2024-06-10T17:12:47.119741" elapsed="0.000601"/>
</kw>
<kw name="Log" owner="BuiltIn">
<msg time="2024-06-10T17:12:47.121011" level="INFO">200</msg>
<arg>${response.status_code}</arg>
<doc>Logs the given message with the given level.</doc>
<status status="PASS" start="2024-06-10T17:12:47.120662" elapsed="0.000397"/>
</kw>
<kw name="Set Variable" owner="BuiltIn">
<msg time="2024-06-10T17:12:47.121801" level="INFO">${json_data} = {'results': [{'gender': 'male', 'name': {'title': 'Mr', 'first': 'Terrance', 'last': 'Hanson'}, 'location': {'street': {'number': 1025, 'name': 'Spring Hill Rd'}, 'city': 'Port St. Lucie', 'state': 'M...</msg>
<var>${json_data}</var>
<arg>${response.json()}</arg>
<doc>Returns the given values which can then be assigned to a variables.</doc>
<status status="PASS" start="2024-06-10T17:12:47.121368" elapsed="0.000464"/>
</kw>
<kw name="Dictionary Should Contain Key" owner="Collections">
<msg time="2024-06-10T17:12:47.122310" level="INFO">False</msg>
<arg>${json_data}</arg>
<arg>results</arg>
<doc>Fails if ``key`` is not found from ``dictionary``.</doc>
<status status="PASS" start="2024-06-10T17:12:47.122136" elapsed="0.000349"/>
</kw>
<status status="PASS" start="2024-06-10T17:12:47.039540" elapsed="0.083209"/>
</kw>
<doc>Testa se a API responde corretamente e retorna um objeto JSON válido.</doc>
<tag>testeRequisicaoBasica</tag>
<status status="PASS" start="2024-06-10T17:12:47.039011" elapsed="0.083915"/>
</test>
<test id="s1-s1-t3" name="Validar estrutura de resposta" line="22">
<kw name="Teste de Estrutura de Resposta" owner="random-user-service">
<kw name="GET On Session" owner="RequestsLibrary">
<msg time="2024-06-10T17:12:47.220890" level="INFO">GET Request : url=https://randomuser.me/api 
 path_url=/api 
 headers={'User-Agent': 'python-requests/2.32.3', 'Accept-Encoding': 'gzip, deflate', 'Accept': '*/*', 'Connection': 'keep-alive'} 
 body=None 
 </msg>
<msg time="2024-06-10T17:12:47.220966" level="INFO">GET Response : url=https://randomuser.me/api 
 status=200, reason=OK 
 headers={'Date': 'Mon, 10 Jun 2024 17:12:47 GMT', 'Content-Type': 'application/json; charset=utf-8', 'Transfer-Encoding': 'chunked', 'Connection': 'keep-alive', 'X-Powered-By': 'Express', 'Access-Control-Allow-Origin': '*', 'Cache-Control': 'no-cache', 'ETag': 'W/"489-cR6WaTN8wrHd9ZHp8HT/2P91kG4"', 'Vary': 'Accept-Encoding', 'Content-Encoding': 'gzip', 'CF-Cache-Status': 'DYNAMIC', 'Report-To': '{"endpoints":[{"url":"https:\\/\\/a.nel.cloudflare.com\\/report\\/v4?s=Fs08oifyzJkFecVjno8qD7lZpErJOGJb56juCdef9MgTv%2FxEbR5OghLs9VdUsKAq8wr6iIx1QmQHx%2FZdAyVvG9ffGQ5VL5EtaSKP14xxaLBtWtkMlfW8o7XPsSzAPSzY"}],"group":"cf-nel","max_age":604800}', 'NEL': '{"success_fraction":0,"report_to":"cf-nel","max_age":604800}', 'Server': 'cloudflare', 'CF-RAY': '891afcfe8e4e2030-IAD', 'alt-svc': 'h3=":443"; ma=86400'} 
 body={"results":[{"gender":"male","name":{"title":"Mr","first":"Zlatko","last":"Vilotić"},"location":{"street":{"number":7464,"name":"Takovskog Grofa"},"city":"Rača","state":"North Bačka","country":"Serbia","postcode":66297,"coordinates":{"latitude":"56.3951","longitude":"-153.2667"},"timezone":{"offset":"-8:00","description":"Pacific Time (US &amp; Canada)"}},"email":"zlatko.vilotic@example.com","login":{"uuid":"fe2bda7a-c4c8-4d16-a58e-3e182df1400c","username":"orangeswan309","password":"front242","salt":"YrVG2gxx","md5":"51a1bf15463035ca793369ac171e5dc7","sha1":"ea73428015d9057ce5a1ca07c505ab105a3b856f","sha256":"7e216f8df015d8c4c264e7d12114756381878d2c49d247c742eabd03e2b645a6"},"dob":{"date":"1994-06-29T14:13:54.093Z","age":29},"registered":{"date":"2004-03-12T15:25:36.311Z","age":20},"phone":"018-9120-071","cell":"064-6573-412","id":{"name":"SID","value":"971828014"},"picture":{"large":"https://randomuser.me/api/portraits/men/55.jpg","medium":"https://randomuser.me/api/portraits/med/men/55.jpg","thumbnail":"https://randomuser.me/api/portraits/thumb/men/55.jpg"},"nat":"RS"}],"info":{"seed":"c841f6b096531f25","results":1,"page":1,"version":"1.4"}} 
 </msg>
<msg time="2024-06-10T17:12:47.221070" level="INFO">/opt/hostedtoolcache/Python/3.12.3/x64/lib/python3.12/site-packages/urllib3/connectionpool.py:1103: InsecureRequestWarning: Unverified HTTPS request is being made to host 'randomuser.me'. Adding certificate verification is strongly advised. See: https://urllib3.readthedocs.io/en/latest/advanced-usage.html#tls-warnings
  warnings.warn(</msg>
<msg time="2024-06-10T17:12:47.221169" level="INFO">${response} = &lt;Response [200]&gt;</msg>
<var>${response}</var>
<arg>consultarAPI</arg>
<arg>/api</arg>
<doc>Sends a GET request on a previously created HTTP Session.</doc>
<status status="PASS" start="2024-06-10T17:12:47.125623" elapsed="0.095587"/>
</kw>
<kw name="Set Variable" owner="BuiltIn">
<msg time="2024-06-10T17:12:47.222263" level="INFO">${json_data} = {'results': [{'gender': 'male', 'name': {'title': 'Mr', 'first': 'Zlatko', 'last': 'Vilotić'}, 'location': {'street': {'number': 7464, 'name': 'Takovskog Grofa'}, 'city': 'Rača', 'state': 'North Bačka...</msg>
<var>${json_data}</var>
<arg>${response.json()}</arg>
<doc>Returns the given values which can then be assigned to a variables.</doc>
<status status="PASS" start="2024-06-10T17:12:47.221692" elapsed="0.000603"/>
</kw>
<kw name="Log" owner="BuiltIn">
<msg time="2024-06-10T17:12:47.222769" level="INFO">{'results': [{'gender': 'male', 'name': {'title': 'Mr', 'first': 'Zlatko', 'last': 'Vilotić'}, 'location': {'street': {'number': 7464, 'name': 'Takovskog Grofa'}, 'city': 'Rača', 'state': 'North Bačka', 'country': 'Serbia', 'postcode': 66297, 'coordinates': {'latitude': '56.3951', 'longitude': '-153.2667'}, 'timezone': {'offset': '-8:00', 'description': 'Pacific Time (US &amp; Canada)'}}, 'email': 'zlatko.vilotic@example.com', 'login': {'uuid': 'fe2bda7a-c4c8-4d16-a58e-3e182df1400c', 'username': 'orangeswan309', 'password': 'front242', 'salt': 'YrVG2gxx', 'md5': '51a1bf15463035ca793369ac171e5dc7', 'sha1': 'ea73428015d9057ce5a1ca07c505ab105a3b856f', 'sha256': '7e216f8df015d8c4c264e7d12114756381878d2c49d247c742eabd03e2b645a6'}, 'dob': {'date': '1994-06-29T14:13:54.093Z', 'age': 29}, 'registered': {'date': '2004-03-12T15:25:36.311Z', 'age': 20}, 'phone': '018-9120-071', 'cell': '064-6573-412', 'id': {'name': 'SID', 'value': '971828014'}, 'picture': {'large': 'https://randomuser.me/api/portraits/men/55.jpg', 'medium': 'https://randomuser.me/api/portraits/med/men/55.jpg', 'thumbnail': 'https://randomuser.me/api/portraits/thumb/men/55.jpg'}, 'nat': 'RS'}], 'info': {'seed': 'c841f6b096531f25', 'results': 1, 'page': 1, 'version': '1.4'}}</msg>
<arg>${json_data}</arg>
<doc>Logs the given message with the given level.</doc>
<status status="PASS" start="2024-06-10T17:12:47.222606" elapsed="0.000215"/>
</kw>
<kw name="Dictionary Should Contain Key" owner="Collections">
<msg time="2024-06-10T17:12:47.223278" level="INFO">False</msg>
<arg>${json_data}</arg>
<arg>results</arg>
<doc>Fails if ``key`` is not found from ``dictionary``.</doc>
<status status="PASS" start="2024-06-10T17:12:47.223123" elapsed="0.000192"/>
</kw>
<kw name="Should Not Be Empty" owner="BuiltIn">
<msg time="2024-06-10T17:12:47.223745" level="INFO">Length is 2.</msg>
<arg>${json_data}</arg>
<doc>Verifies that the given item is not empty.</doc>
<status status="PASS" start="2024-06-10T17:12:47.223607" elapsed="0.000211"/>
</kw>
<kw name="Create List" owner="BuiltIn">
<msg time="2024-06-10T17:12:47.224277" level="INFO">${expected_keys} = ['gender', 'name', 'location', 'email', 'login']</msg>
<var>${expected_keys}</var>
<arg>gender</arg>
<arg>name</arg>
<arg>location</arg>
<arg>email</arg>
<arg>login</arg>
<doc>Returns a list containing given items.</doc>
<status status="PASS" start="2024-06-10T17:12:47.224125" elapsed="0.000176"/>
</kw>
<for flavor="IN">
<iter>
<kw name="Dictionary Should Contain Key" owner="Collections">
<msg time="2024-06-10T17:12:47.225279" level="INFO">False</msg>
<arg>${json_data['results'][0]}</arg>
<arg>${key}</arg>
<doc>Fails if ``key`` is not found from ``dictionary``.</doc>
<status status="PASS" start="2024-06-10T17:12:47.224868" elapsed="0.000453"/>
</kw>
<kw name="Log" owner="BuiltIn">
<msg time="2024-06-10T17:12:47.225999" level="INFO">{'gender': 'male', 'name': {'title': 'Mr', 'first': 'Zlatko', 'last': 'Vilotić'}, 'location': {'street': {'number': 7464, 'name': 'Takovskog Grofa'}, 'city': 'Rača', 'state': 'North Bačka', 'country': 'Serbia', 'postcode': 66297, 'coordinates': {'latitude': '56.3951', 'longitude': '-153.2667'}, 'timezone': {'offset': '-8:00', 'description': 'Pacific Time (US &amp; Canada)'}}, 'email': 'zlatko.vilotic@example.com', 'login': {'uuid': 'fe2bda7a-c4c8-4d16-a58e-3e182df1400c', 'username': 'orangeswan309', 'password': 'front242', 'salt': 'YrVG2gxx', 'md5': '51a1bf15463035ca793369ac171e5dc7', 'sha1': 'ea73428015d9057ce5a1ca07c505ab105a3b856f', 'sha256': '7e216f8df015d8c4c264e7d12114756381878d2c49d247c742eabd03e2b645a6'}, 'dob': {'date': '1994-06-29T14:13:54.093Z', 'age': 29}, 'registered': {'date': '2004-03-12T15:25:36.311Z', 'age': 20}, 'phone': '018-9120-071', 'cell': '064-6573-412', 'id': {'name': 'SID', 'value': '971828014'}, 'picture': {'large': 'https://randomuser.me/api/portraits/men/55.jpg', 'medium': 'https://randomuser.me/api/portraits/med/men/55.jpg', 'thumbnail': 'https://randomuser.me/api/portraits/thumb/men/55.jpg'}, 'nat': 'RS'}</msg>
<arg>${json_data['results'][0]}</arg>
<doc>Logs the given message with the given level.</doc>
<status status="PASS" start="2024-06-10T17:12:47.225622" elapsed="0.000430"/>
</kw>
<kw name="Log" owner="BuiltIn">
<msg time="2024-06-10T17:12:47.226486" level="INFO">gender</msg>
<arg>${key}</arg>
<doc>Logs the given message with the given level.</doc>
<status status="PASS" start="2024-06-10T17:12:47.226357" elapsed="0.000166"/>
</kw>
<var name="${key}">gender</var>
<status status="PASS" start="2024-06-10T17:12:47.224743" elapsed="0.001994"/>
</iter>
<iter>
<kw name="Dictionary Should Contain Key" owner="Collections">
<msg time="2024-06-10T17:12:47.227420" level="INFO">False</msg>
<arg>${json_data['results'][0]}</arg>
<arg>${key}</arg>
<doc>Fails if ``key`` is not found from ``dictionary``.</doc>
<status status="PASS" start="2024-06-10T17:12:47.227038" elapsed="0.000419"/>
</kw>
<kw name="Log" owner="BuiltIn">
<msg time="2024-06-10T17:12:47.228171" level="INFO">{'gender': 'male', 'name': {'title': 'Mr', 'first': 'Zlatko', 'last': 'Vilotić'}, 'location': {'street': {'number': 7464, 'name': 'Takovskog Grofa'}, 'city': 'Rača', 'state': 'North Bačka', 'country': 'Serbia', 'postcode': 66297, 'coordinates': {'latitude': '56.3951', 'longitude': '-153.2667'}, 'timezone': {'offset': '-8:00', 'description': 'Pacific Time (US &amp; Canada)'}}, 'email': 'zlatko.vilotic@example.com', 'login': {'uuid': 'fe2bda7a-c4c8-4d16-a58e-3e182df1400c', 'username': 'orangeswan309', 'password': 'front242', 'salt': 'YrVG2gxx', 'md5': '51a1bf15463035ca793369ac171e5dc7', 'sha1': 'ea73428015d9057ce5a1ca07c505ab105a3b856f', 'sha256': '7e216f8df015d8c4c264e7d12114756381878d2c49d247c742eabd03e2b645a6'}, 'dob': {'date': '1994-06-29T14:13:54.093Z', 'age': 29}, 'registered': {'date': '2004-03-12T15:25:36.311Z', 'age': 20}, 'phone': '018-9120-071', 'cell': '064-6573-412', 'id': {'name': 'SID', 'value': '971828014'}, 'picture': {'large': 'https://randomuser.me/api/portraits/men/55.jpg', 'medium': 'https://randomuser.me/api/portraits/med/men/55.jpg', 'thumbnail': 'https://randomuser.me/api/portraits/thumb/men/55.jpg'}, 'nat': 'RS'}</msg>
<arg>${json_data['results'][0]}</arg>
<doc>Logs the given message with the given level.</doc>
<status status="PASS" start="2024-06-10T17:12:47.227803" elapsed="0.000420"/>
</kw>
<kw name="Log" owner="BuiltIn">
<msg time="2024-06-10T17:12:47.228653" level="INFO">name</msg>
<arg>${key}</arg>
<doc>Logs the given message with the given level.</doc>
<status status="PASS" start="2024-06-10T17:12:47.228524" elapsed="0.000166"/>
</kw>
<var name="${key}">name</var>
<status status="PASS" start="2024-06-10T17:12:47.226924" elapsed="0.001985"/>
</iter>
<iter>
<kw name="Dictionary Should Contain Key" owner="Collections">
<msg time="2024-06-10T17:12:47.229576" level="INFO">False</msg>
<arg>${json_data['results'][0]}</arg>
<arg>${key}</arg>
<doc>Fails if ``key`` is not found from ``dictionary``.</doc>
<status status="PASS" start="2024-06-10T17:12:47.229199" elapsed="0.000414"/>
</kw>
<kw name="Log" owner="BuiltIn">
<msg time="2024-06-10T17:12:47.230285" level="INFO">{'gender': 'male', 'name': {'title': 'Mr', 'first': 'Zlatko', 'last': 'Vilotić'}, 'location': {'street': {'number': 7464, 'name': 'Takovskog Grofa'}, 'city': 'Rača', 'state': 'North Bačka', 'country': 'Serbia', 'postcode': 66297, 'coordinates': {'latitude': '56.3951', 'longitude': '-153.2667'}, 'timezone': {'offset': '-8:00', 'description': 'Pacific Time (US &amp; Canada)'}}, 'email': 'zlatko.vilotic@example.com', 'login': {'uuid': 'fe2bda7a-c4c8-4d16-a58e-3e182df1400c', 'username': 'orangeswan309', 'password': 'front242', 'salt': 'YrVG2gxx', 'md5': '51a1bf15463035ca793369ac171e5dc7', 'sha1': 'ea73428015d9057ce5a1ca07c505ab105a3b856f', 'sha256': '7e216f8df015d8c4c264e7d12114756381878d2c49d247c742eabd03e2b645a6'}, 'dob': {'date': '1994-06-29T14:13:54.093Z', 'age': 29}, 'registered': {'date': '2004-03-12T15:25:36.311Z', 'age': 20}, 'phone': '018-9120-071', 'cell': '064-6573-412', 'id': {'name': 'SID', 'value': '971828014'}, 'picture': {'large': 'https://randomuser.me/api/portraits/men/55.jpg', 'medium': 'https://randomuser.me/api/portraits/med/men/55.jpg', 'thumbnail': 'https://randomuser.me/api/portraits/thumb/men/55.jpg'}, 'nat': 'RS'}</msg>
<arg>${json_data['results'][0]}</arg>
<doc>Logs the given message with the given level.</doc>
<status status="PASS" start="2024-06-10T17:12:47.229916" elapsed="0.000420"/>
</kw>
<kw name="Log" owner="BuiltIn">
<msg time="2024-06-10T17:12:47.230765" level="INFO">location</msg>
<arg>${key}</arg>
<doc>Logs the given message with the given level.</doc>
<status status="PASS" start="2024-06-10T17:12:47.230639" elapsed="0.000164"/>
</kw>
<var name="${key}">location</var>
<status status="PASS" start="2024-06-10T17:12:47.229087" elapsed="0.001944"/>
</iter>
<iter>
<kw name="Dictionary Should Contain Key" owner="Collections">
<msg time="2024-06-10T17:12:47.231819" level="INFO">False</msg>
<arg>${json_data['results'][0]}</arg>
<arg>${key}</arg>
<doc>Fails if ``key`` is not found from ``dictionary``.</doc>
<status status="PASS" start="2024-06-10T17:12:47.231312" elapsed="0.000557"/>
</kw>
<kw name="Log" owner="BuiltIn">
<msg time="2024-06-10T17:12:47.232811" level="INFO">{'gender': 'male', 'name': {'title': 'Mr', 'first': 'Zlatko', 'last': 'Vilotić'}, 'location': {'street': {'number': 7464, 'name': 'Takovskog Grofa'}, 'city': 'Rača', 'state': 'North Bačka', 'country': 'Serbia', 'postcode': 66297, 'coordinates': {'latitude': '56.3951', 'longitude': '-153.2667'}, 'timezone': {'offset': '-8:00', 'description': 'Pacific Time (US &amp; Canada)'}}, 'email': 'zlatko.vilotic@example.com', 'login': {'uuid': 'fe2bda7a-c4c8-4d16-a58e-3e182df1400c', 'username': 'orangeswan309', 'password': 'front242', 'salt': 'YrVG2gxx', 'md5': '51a1bf15463035ca793369ac171e5dc7', 'sha1': 'ea73428015d9057ce5a1ca07c505ab105a3b856f', 'sha256': '7e216f8df015d8c4c264e7d12114756381878d2c49d247c742eabd03e2b645a6'}, 'dob': {'date': '1994-06-29T14:13:54.093Z', 'age': 29}, 'registered': {'date': '2004-03-12T15:25:36.311Z', 'age': 20}, 'phone': '018-9120-071', 'cell': '064-6573-412', 'id': {'name': 'SID', 'value': '971828014'}, 'picture': {'large': 'https://randomuser.me/api/portraits/men/55.jpg', 'medium': 'https://randomuser.me/api/portraits/med/men/55.jpg', 'thumbnail': 'https://randomuser.me/api/portraits/thumb/men/55.jpg'}, 'nat': 'RS'}</msg>
<arg>${json_data['results'][0]}</arg>
<doc>Logs the given message with the given level.</doc>
<status status="PASS" start="2024-06-10T17:12:47.232223" elapsed="0.000681"/>
</kw>
<kw name="Log" owner="BuiltIn">
<msg time="2024-06-10T17:12:47.233622" level="INFO">email</msg>
<arg>${key}</arg>
<doc>Logs the given message with the given level.</doc>
<status status="PASS" start="2024-06-10T17:12:47.233388" elapsed="0.000303"/>
</kw>
<var name="${key}">email</var>
<status status="PASS" start="2024-06-10T17:12:47.231202" elapsed="0.002827"/>
</iter>
<iter>
<kw name="Dictionary Should Contain Key" owner="Collections">
<msg time="2024-06-10T17:12:47.235132" level="INFO">False</msg>
<arg>${json_data['results'][0]}</arg>
<arg>${key}</arg>
<doc>Fails if ``key`` is not found from ``dictionary``.</doc>
<status status="PASS" start="2024-06-10T17:12:47.234518" elapsed="0.000670"/>
</kw>
<kw name="Log" owner="BuiltIn">
<msg time="2024-06-10T17:12:47.236257" level="INFO">{'gender': 'male', 'name': {'title': 'Mr', 'first': 'Zlatko', 'last': 'Vilotić'}, 'location': {'street': {'number': 7464, 'name': 'Takovskog Grofa'}, 'city': 'Rača', 'state': 'North Bačka', 'country': 'Serbia', 'postcode': 66297, 'coordinates': {'latitude': '56.3951', 'longitude': '-153.2667'}, 'timezone': {'offset': '-8:00', 'description': 'Pacific Time (US &amp; Canada)'}}, 'email': 'zlatko.vilotic@example.com', 'login': {'uuid': 'fe2bda7a-c4c8-4d16-a58e-3e182df1400c', 'username': 'orangeswan309', 'password': 'front242', 'salt': 'YrVG2gxx', 'md5': '51a1bf15463035ca793369ac171e5dc7', 'sha1': 'ea73428015d9057ce5a1ca07c505ab105a3b856f', 'sha256': '7e216f8df015d8c4c264e7d12114756381878d2c49d247c742eabd03e2b645a6'}, 'dob': {'date': '1994-06-29T14:13:54.093Z', 'age': 29}, 'registered': {'date': '2004-03-12T15:25:36.311Z', 'age': 20}, 'phone': '018-9120-071', 'cell': '064-6573-412', 'id': {'name': 'SID', 'value': '971828014'}, 'picture': {'large': 'https://randomuser.me/api/portraits/men/55.jpg', 'medium': 'https://randomuser.me/api/portraits/med/men/55.jpg', 'thumbnail': 'https://randomuser.me/api/portraits/thumb/men/55.jpg'}, 'nat': 'RS'}</msg>
<arg>${json_data['results'][0]}</arg>
<doc>Logs the given message with the given level.</doc>
<status status="PASS" start="2024-06-10T17:12:47.235632" elapsed="0.000714"/>
</kw>
<kw name="Log" owner="BuiltIn">
<msg time="2024-06-10T17:12:47.237034" level="INFO">login</msg>
<arg>${key}</arg>
<doc>Logs the given message with the given level.</doc>
<status status="PASS" start="2024-06-10T17:12:47.236823" elapsed="0.000281"/>
</kw>
<var name="${key}">login</var>
<status status="PASS" start="2024-06-10T17:12:47.234323" elapsed="0.003168"/>
</iter>
<var>${key}</var>
<value>@{expected_keys}</value>
<status status="PASS" start="2024-06-10T17:12:47.224557" elapsed="0.013151"/>
</for>
<kw name="Create List" owner="BuiltIn">
<msg time="2024-06-10T17:12:47.238214" level="INFO">${expected_keysTwo} = ['username', 'password']</msg>
<var>${expected_keysTwo}</var>
<arg>username</arg>
<arg>password</arg>
<doc>Returns a list containing given items.</doc>
<status status="PASS" start="2024-06-10T17:12:47.238011" elapsed="0.000240"/>
</kw>
<for flavor="IN">
<iter>
<kw name="Dictionary Should Contain Key" owner="Collections">
<msg time="2024-06-10T17:12:47.239654" level="INFO">False</msg>
<arg>${json_data['results'][0]['login']}</arg>
<arg>${keyTwo}</arg>
<doc>Fails if ``key`` is not found from ``dictionary``.</doc>
<status status="PASS" start="2024-06-10T17:12:47.238978" elapsed="0.000742"/>
</kw>
<kw name="Dictionary Should Contain Key" owner="Collections">
<msg time="2024-06-10T17:12:47.240559" level="INFO">False</msg>
<arg>${json_data['results'][0]['login']}</arg>
<arg>${keyTwo}</arg>
<doc>Fails if ``key`` is not found from ``dictionary``.</doc>
<status status="PASS" start="2024-06-10T17:12:47.240123" elapsed="0.000478"/>
</kw>
<kw name="Log" owner="BuiltIn">
<msg time="2024-06-10T17:12:47.241133" level="INFO">username</msg>
<arg>${keyTwo}</arg>
<doc>Logs the given message with the given level.</doc>
<status status="PASS" start="2024-06-10T17:12:47.240978" elapsed="0.000210"/>
</kw>
<var name="${keyTwo}">username</var>
<status status="PASS" start="2024-06-10T17:12:47.238811" elapsed="0.002605"/>
</iter>
<iter>
<kw name="Dictionary Should Contain Key" owner="Collections">
<msg time="2024-06-10T17:12:47.242103" level="INFO">False</msg>
<arg>${json_data['results'][0]['login']}</arg>
<arg>${keyTwo}</arg>
<doc>Fails if ``key`` is not found from ``dictionary``.</doc>
<status status="PASS" start="2024-06-10T17:12:47.241709" elapsed="0.000433"/>
</kw>
<kw name="Dictionary Should Contain Key" owner="Collections">
<msg time="2024-06-10T17:12:47.242831" level="INFO">False</msg>
<arg>${json_data['results'][0]['login']}</arg>
<arg>${keyTwo}</arg>
<doc>Fails if ``key`` is not found from ``dictionary``.</doc>
<status status="PASS" start="2024-06-10T17:12:47.242443" elapsed="0.000425"/>
</kw>
<kw name="Log" owner="BuiltIn">
<msg time="2024-06-10T17:12:47.243292" level="INFO">password</msg>
<arg>${keyTwo}</arg>
<doc>Logs the given message with the given level.</doc>
<status status="PASS" start="2024-06-10T17:12:47.243163" elapsed="0.000166"/>
</kw>
<var name="${keyTwo}">password</var>
<status status="PASS" start="2024-06-10T17:12:47.241595" elapsed="0.001949"/>
</iter>
<var>${keyTwo}</var>
<value>@{expected_keysTwo}</value>
<status status="PASS" start="2024-06-10T17:12:47.238591" elapsed="0.005075"/>
</for>
<status status="PASS" start="2024-06-10T17:12:47.125386" elapsed="0.118454"/>
</kw>
<doc>Testa a estrutura da resposta da API.</doc>
<tag>testeEstruturaResposta</tag>
<status status="PASS" start="2024-06-10T17:12:47.124789" elapsed="0.119211"/>
</test>
<test id="s1-s1-t4" name="Validar tipos de dados" line="28">
<kw name="Teste de Tipos de Dados" owner="random-user-service">
<kw name="GET On Session" owner="RequestsLibrary">
<msg time="2024-06-10T17:12:47.318982" level="INFO">GET Request : url=https://randomuser.me/api 
 path_url=/api 
 headers={'User-Agent': 'python-requests/2.32.3', 'Accept-Encoding': 'gzip, deflate', 'Accept': '*/*', 'Connection': 'keep-alive'} 
 body=None 
 </msg>
<msg time="2024-06-10T17:12:47.319061" level="INFO">GET Response : url=https://randomuser.me/api 
 status=200, reason=OK 
 headers={'Date': 'Mon, 10 Jun 2024 17:12:47 GMT', 'Content-Type': 'application/json; charset=utf-8', 'Transfer-Encoding': 'chunked', 'Connection': 'keep-alive', 'X-Powered-By': 'Express', 'Access-Control-Allow-Origin': '*', 'Cache-Control': 'no-cache', 'ETag': 'W/"4bc-hPuaiAHBWv1qbkE6Pq7u5mnm+tk"', 'Vary': 'Accept-Encoding', 'Content-Encoding': 'gzip', 'CF-Cache-Status': 'DYNAMIC', 'Report-To': '{"endpoints":[{"url":"https:\\/\\/a.nel.cloudflare.com\\/report\\/v4?s=8B0Q5E4jNii8Rntu%2BVDlXm6ivW10sakRx1VdfOeDyUlTqTaZnq62hS6MXSCRg0qtbvqMvR5QCmdDGS9NqY%2BEFbt7pHex%2BfVMsRicp7q0%2BkTT0Z6q7d7JNDPV78J4q9Fl"}],"group":"cf-nel","max_age":604800}', 'NEL': '{"success_fraction":0,"report_to":"cf-nel","max_age":604800}', 'Server': 'cloudflare', 'CF-RAY': '891afcff4f552030-IAD', 'alt-svc': 'h3=":443"; ma=86400'} 
 body={"results":[{"gender":"male","name":{"title":"Mr","first":"اميرمحمد","last":"جعفری"},"location":{"street":{"number":1786,"name":"شهید آرش مهر"},"city":"زنجان","state":"آذربایجان شرقی","country":"Iran","postcode":40534,"coordinates":{"latitude":"19.6121","longitude":"-28.7518"},"timezone":{"offset":"0:00","description":"Western Europe Time, London, Lisbon, Casablanca"}},"email":"myrmhmd.jaafry@example.com","login":{"uuid":"31726705-4c39-4494-bf41-0c7cab8e1b8a","username":"crazybutterfly132","password":"yogibear","salt":"qYoMqLq8","md5":"6b8672e471f43717926ad8c76d590241","sha1":"58757b862949ee3c8dd6cd8aa4924ed3852beb8d","sha256":"0db3bdfef2f4feea3c0967839dd609f5c0d381b19ca26c94406b6b650d26c33f"},"dob":{"date":"1989-11-25T11:52:46.979Z","age":34},"registered":{"date":"2012-03-07T00:32:40.061Z","age":12},"phone":"067-58065687","cell":"0925-573-4783","id":{"name":"","value":null},"picture":{"large":"https://randomuser.me/api/portraits/men/79.jpg","medium":"https://randomuser.me/api/portraits/med/men/79.jpg","thumbnail":"https://randomuser.me/api/portraits/thumb/men/79.jpg"},"nat":"IR"}],"info":{"seed":"70f9c66eb7821b4c","results":1,"page":1,"version":"1.4"}} 
 </msg>
<msg time="2024-06-10T17:12:47.319126" level="INFO">/opt/hostedtoolcache/Python/3.12.3/x64/lib/python3.12/site-packages/urllib3/connectionpool.py:1103: InsecureRequestWarning: Unverified HTTPS request is being made to host 'randomuser.me'. Adding certificate verification is strongly advised. See: https://urllib3.readthedocs.io/en/latest/advanced-usage.html#tls-warnings
  warnings.warn(</msg>
<msg time="2024-06-10T17:12:47.319233" level="INFO">${response} = &lt;Response [200]&gt;</msg>
<var>${response}</var>
<arg>consultarAPI</arg>
<arg>/api</arg>
<doc>Sends a GET request on a previously created HTTP Session.</doc>
<status status="PASS" start="2024-06-10T17:12:47.246419" elapsed="0.072854"/>
</kw>
<kw name="Set Variable" owner="BuiltIn">
<msg time="2024-06-10T17:12:47.320387" level="INFO">${json_data} = {'results': [{'gender': 'male', 'name': {'title': 'Mr', 'first': 'اميرمحمد', 'last': 'جعفری'}, 'location': {'street': {'number': 1786, 'name': 'شهید آرش مهر'}, 'city': 'زنجان', 'state': 'آذربایجان شرق...</msg>
<var>${json_data}</var>
<arg>${response.json()}</arg>
<doc>Returns the given values which can then be assigned to a variables.</doc>
<status status="PASS" start="2024-06-10T17:12:47.319829" elapsed="0.000589"/>
</kw>
<kw name="Log" owner="BuiltIn">
<msg time="2024-06-10T17:12:47.320911" level="INFO">{'results': [{'gender': 'male', 'name': {'title': 'Mr', 'first': 'اميرمحمد', 'last': 'جعفری'}, 'location': {'street': {'number': 1786, 'name': 'شهید آرش مهر'}, 'city': 'زنجان', 'state': 'آذربایجان شرقی', 'country': 'Iran', 'postcode': 40534, 'coordinates': {'latitude': '19.6121', 'longitude': '-28.7518'}, 'timezone': {'offset': '0:00', 'description': 'Western Europe Time, London, Lisbon, Casablanca'}}, 'email': 'myrmhmd.jaafry@example.com', 'login': {'uuid': '31726705-4c39-4494-bf41-0c7cab8e1b8a', 'username': 'crazybutterfly132', 'password': 'yogibear', 'salt': 'qYoMqLq8', 'md5': '6b8672e471f43717926ad8c76d590241', 'sha1': '58757b862949ee3c8dd6cd8aa4924ed3852beb8d', 'sha256': '0db3bdfef2f4feea3c0967839dd609f5c0d381b19ca26c94406b6b650d26c33f'}, 'dob': {'date': '1989-11-25T11:52:46.979Z', 'age': 34}, 'registered': {'date': '2012-03-07T00:32:40.061Z', 'age': 12}, 'phone': '067-58065687', 'cell': '0925-573-4783', 'id': {'name': '', 'value': None}, 'picture': {'large': 'https://randomuser.me/api/portraits/men/79.jpg', 'medium': 'https://randomuser.me/api/portraits/med/men/79.jpg', 'thumbnail': 'https://randomuser.me/api/portraits/thumb/men/79.jpg'}, 'nat': 'IR'}], 'info': {'seed': '70f9c66eb7821b4c', 'results': 1, 'page': 1, 'version': '1.4'}}</msg>
<arg>${json_data}</arg>
<doc>Logs the given message with the given level.</doc>
<status status="PASS" start="2024-06-10T17:12:47.320736" elapsed="0.000261"/>
</kw>
<kw name="Should Be String" owner="String">
<arg>${json_data['results'][0]['gender']}</arg>
<doc>Fails if the given ``item`` is not a string.</doc>
<status status="PASS" start="2024-06-10T17:12:47.321303" elapsed="0.000379"/>
</kw>
<kw name="Should Match Regexp" owner="BuiltIn">
<arg>${json_data['results'][0]['email']}</arg>
<arg>^[a-zA-Z0-9._%+-]+@[a-zA-Z0-9.-]+\.[a-zA-Z]{2,}$</arg>
<doc>Fails if ``string`` does not match ``pattern`` as a regular expression.</doc>
<status status="PASS" start="2024-06-10T17:12:47.321875" elapsed="0.000651"/>
</kw>
<kw name="Should Match Regexp" owner="BuiltIn">
<arg>${json_data['results'][0]['dob']['date']}</arg>
<arg>\\d{4}-\\d{2}-\\d{2}T\\d{2}:\\d{2}:\\d{2}\\.\\d{3}Z</arg>
<doc>Fails if ``string`` does not match ``pattern`` as a regular expression.</doc>
<status status="PASS" start="2024-06-10T17:12:47.322722" elapsed="0.000524"/>
</kw>
<kw name="Should Match Regexp" owner="BuiltIn">
<arg>${json_data['results'][0]['registered']['date']}</arg>
<arg>\\d{4}-\\d{2}-\\d{2}T\\d{2}:\\d{2}:\\d{2}\\.\\d{3}Z</arg>
<doc>Fails if ``string`` does not match ``pattern`` as a regular expression.</doc>
<status status="PASS" start="2024-06-10T17:12:47.323442" elapsed="0.000395"/>
</kw>
<kw name="Should Match Regexp" owner="BuiltIn">
<arg>${json_data['results'][0]['picture']['large']}</arg>
<arg>^https?://.*\.(?:png|jpe?g|gif|bmp)$</arg>
<doc>Fails if ``string`` does not match ``pattern`` as a regular expression.</doc>
<status status="PASS" start="2024-06-10T17:12:47.324030" elapsed="0.000463"/>
</kw>
<kw name="Should Match Regexp" owner="BuiltIn">
<arg>${json_data['results'][0]['picture']['medium']}</arg>
<arg>^https?://.*\.(?:png|jpe?g|gif|bmp)$</arg>
<doc>Fails if ``string`` does not match ``pattern`` as a regular expression.</doc>
<status status="PASS" start="2024-06-10T17:12:47.324692" elapsed="0.000353"/>
</kw>
<kw name="Should Match Regexp" owner="BuiltIn">
<arg>${json_data['results'][0]['picture']['thumbnail']}</arg>
<arg>^https?://.*\.(?:png|jpe?g|gif|bmp)$</arg>
<doc>Fails if ``string`` does not match ``pattern`` as a regular expression.</doc>
<status status="PASS" start="2024-06-10T17:12:47.325233" elapsed="0.000351"/>
</kw>
<kw name="Log" owner="BuiltIn">
<msg time="2024-06-10T17:12:47.326091" level="INFO">{'large': 'https://randomuser.me/api/portraits/men/79.jpg', 'medium': 'https://randomuser.me/api/portraits/med/men/79.jpg', 'thumbnail': 'https://randomuser.me/api/portraits/thumb/men/79.jpg'}</msg>
<arg>${json_data['results'][0]['picture']}</arg>
<doc>Logs the given message with the given level.</doc>
<status status="PASS" start="2024-06-10T17:12:47.325770" elapsed="0.000361"/>
</kw>
<status status="PASS" start="2024-06-10T17:12:47.246187" elapsed="0.080198"/>
</kw>
<kw name="Teste de Tipos de Dados - Postcode" owner="random-user-service">
<kw name="GET On Session" owner="RequestsLibrary">
<msg time="2024-06-10T17:12:47.424571" level="INFO">GET Request : url=https://randomuser.me/api 
 path_url=/api 
 headers={'User-Agent': 'python-requests/2.32.3', 'Accept-Encoding': 'gzip, deflate', 'Accept': '*/*', 'Connection': 'keep-alive'} 
 body=None 
 </msg>
<msg time="2024-06-10T17:12:47.424679" level="INFO">GET Response : url=https://randomuser.me/api 
 status=200, reason=OK 
 headers={'Date': 'Mon, 10 Jun 2024 17:12:47 GMT', 'Content-Type': 'application/json; charset=utf-8', 'Transfer-Encoding': 'chunked', 'Connection': 'keep-alive', 'X-Powered-By': 'Express', 'Access-Control-Allow-Origin': '*', 'Cache-Control': 'no-cache', 'ETag': 'W/"481-4Y/qe+0Vwe8HSQVtCQ/K2mr0cKE"', 'Vary': 'Accept-Encoding', 'Content-Encoding': 'gzip', 'CF-Cache-Status': 'DYNAMIC', 'Report-To': '{"endpoints":[{"url":"https:\\/\\/a.nel.cloudflare.com\\/report\\/v4?s=tFvE%2FiSnPUNOlylLfZtzMINZooZweH2%2BhmNGLUMJ7hWjeHoHTYlDqnBw3d6p9NpUzhm6CfR9c5LZJojA9d1vBUmEKDFcrCG52XK2ryLuZ%2BHQ2OXFWshwWEygdId%2BkjFo"}],"group":"cf-nel","max_age":604800}', 'NEL': '{"success_fraction":0,"report_to":"cf-nel","max_age":604800}', 'Server': 'cloudflare', 'CF-RAY': '891afcffcff22030-IAD', 'alt-svc': 'h3=":443"; ma=86400'} 
 body={"results":[{"gender":"female","name":{"title":"Ms","first":"Tilde","last":"Petersen"},"location":{"street":{"number":6296,"name":"Knudskovparken"},"city":"Viby Sj.","state":"Syddanmark","country":"Denmark","postcode":91520,"coordinates":{"latitude":"-42.7250","longitude":"5.7551"},"timezone":{"offset":"-12:00","description":"Eniwetok, Kwajalein"}},"email":"tilde.petersen@example.com","login":{"uuid":"fcb0a6ff-e50a-4923-9374-5696ba412a86","username":"crazygoose475","password":"jenny1","salt":"ucNMjm3l","md5":"963efbbab200a8764a948c312e5e506d","sha1":"78f2921a15e7cfac73ad17cda2012e13f55503db","sha256":"c3d7663800d300b9ba4527bf48588cb4fe32c0d2d2478e40f367a530bfc69dda"},"dob":{"date":"1978-12-09T14:45:27.681Z","age":45},"registered":{"date":"2010-02-02T12:03:09.423Z","age":14},"phone":"63016542","cell":"01382129","id":{"name":"CPR","value":"091278-0691"},"picture":{"large":"https://randomuser.me/api/portraits/women/69.jpg","medium":"https://randomuser.me/api/portraits/med/women/69.jpg","thumbnail":"https://randomuser.me/api/portraits/thumb/women/69.jpg"},"nat":"DK"}],"info":{"seed":"60aa6062cb7015d0","results":1,"page":1,"version":"1.4"}} 
 </msg>
<msg time="2024-06-10T17:12:47.424755" level="INFO">/opt/hostedtoolcache/Python/3.12.3/x64/lib/python3.12/site-packages/urllib3/connectionpool.py:1103: InsecureRequestWarning: Unverified HTTPS request is being made to host 'randomuser.me'. Adding certificate verification is strongly advised. See: https://urllib3.readthedocs.io/en/latest/advanced-usage.html#tls-warnings
  warnings.warn(</msg>
<msg time="2024-06-10T17:12:47.424889" level="INFO">${response} = &lt;Response [200]&gt;</msg>
<var>${response}</var>
<arg>consultarAPI</arg>
<arg>/api</arg>
<doc>Sends a GET request on a previously created HTTP Session.</doc>
<status status="PASS" start="2024-06-10T17:12:47.326839" elapsed="0.098105"/>
</kw>
<kw name="Set Variable" owner="BuiltIn">
<msg time="2024-06-10T17:12:47.426050" level="INFO">${json_data} = {'results': [{'gender': 'female', 'name': {'title': 'Ms', 'first': 'Tilde', 'last': 'Petersen'}, 'location': {'street': {'number': 6296, 'name': 'Knudskovparken'}, 'city': 'Viby Sj.', 'state': 'Syddan...</msg>
<var>${json_data}</var>
<arg>${response.json()}</arg>
<doc>Returns the given values which can then be assigned to a variables.</doc>
<status status="PASS" start="2024-06-10T17:12:47.425506" elapsed="0.000574"/>
</kw>
<kw name="Log" owner="BuiltIn">
<msg time="2024-06-10T17:12:47.426544" level="INFO">{'results': [{'gender': 'female', 'name': {'title': 'Ms', 'first': 'Tilde', 'last': 'Petersen'}, 'location': {'street': {'number': 6296, 'name': 'Knudskovparken'}, 'city': 'Viby Sj.', 'state': 'Syddanmark', 'country': 'Denmark', 'postcode': 91520, 'coordinates': {'latitude': '-42.7250', 'longitude': '5.7551'}, 'timezone': {'offset': '-12:00', 'description': 'Eniwetok, Kwajalein'}}, 'email': 'tilde.petersen@example.com', 'login': {'uuid': 'fcb0a6ff-e50a-4923-9374-5696ba412a86', 'username': 'crazygoose475', 'password': 'jenny1', 'salt': 'ucNMjm3l', 'md5': '963efbbab200a8764a948c312e5e506d', 'sha1': '78f2921a15e7cfac73ad17cda2012e13f55503db', 'sha256': 'c3d7663800d300b9ba4527bf48588cb4fe32c0d2d2478e40f367a530bfc69dda'}, 'dob': {'date': '1978-12-09T14:45:27.681Z', 'age': 45}, 'registered': {'date': '2010-02-02T12:03:09.423Z', 'age': 14}, 'phone': '63016542', 'cell': '01382129', 'id': {'name': 'CPR', 'value': '091278-0691'}, 'picture': {'large': 'https://randomuser.me/api/portraits/women/69.jpg', 'medium': 'https://randomuser.me/api/portraits/med/women/69.jpg', 'thumbnail': 'https://randomuser.me/api/portraits/thumb/women/69.jpg'}, 'nat': 'DK'}], 'info': {'seed': '60aa6062cb7015d0', 'results': 1, 'page': 1, 'version': '1.4'}}</msg>
<arg>${json_data}</arg>
<doc>Logs the given message with the given level.</doc>
<status status="PASS" start="2024-06-10T17:12:47.426389" elapsed="0.000237"/>
</kw>
<kw name="Should Be Equal As Numbers" owner="BuiltIn">
<arg>${json_data['results'][0]['location']['postcode']}</arg>
<arg>${json_data['results'][0]['location']['postcode']}</arg>
<doc>Fails if objects are unequal after converting them to real numbers.</doc>
<status status="PASS" start="2024-06-10T17:12:47.426932" elapsed="0.000614"/>
</kw>
<kw name="Log" owner="BuiltIn">
<msg time="2024-06-10T17:12:47.428130" level="INFO">91520</msg>
<arg>${json_data['results'][0]['location']['postcode']}</arg>
<doc>Logs the given message with the given level.</doc>
<status status="PASS" start="2024-06-10T17:12:47.427744" elapsed="0.000426"/>
</kw>
<status status="PASS" start="2024-06-10T17:12:47.326608" elapsed="0.101837"/>
</kw>
<doc>Testa se os tipos de dados na resposta da API estão corretos.</doc>
<tag>testeTiposDados</tag>
<status status="PASS" start="2024-06-10T17:12:47.245741" elapsed="0.182871"/>
</test>
<test id="s1-s1-t5" name="Validar conteudo" line="35">
<kw name="Teste de Tipos de Conteudo" owner="random-user-service">
<kw name="GET On Session" owner="RequestsLibrary">
<msg time="2024-06-10T17:12:47.519053" level="INFO">GET Request : url=https://randomuser.me/api 
 path_url=/api 
 headers={'User-Agent': 'python-requests/2.32.3', 'Accept-Encoding': 'gzip, deflate', 'Accept': '*/*', 'Connection': 'keep-alive'} 
 body=None 
 </msg>
<msg time="2024-06-10T17:12:47.519132" level="INFO">GET Response : url=https://randomuser.me/api 
 status=200, reason=OK 
 headers={'Date': 'Mon, 10 Jun 2024 17:12:47 GMT', 'Content-Type': 'application/json; charset=utf-8', 'Transfer-Encoding': 'chunked', 'Connection': 'keep-alive', 'X-Powered-By': 'Express', 'Access-Control-Allow-Origin': '*', 'Cache-Control': 'no-cache', 'ETag': 'W/"47d-rRFVIsjDMlpg/jQgR2C1huWnUgw"', 'Vary': 'Accept-Encoding', 'Content-Encoding': 'gzip', 'CF-Cache-Status': 'DYNAMIC', 'Report-To': '{"endpoints":[{"url":"https:\\/\\/a.nel.cloudflare.com\\/report\\/v4?s=54MwAy%2FTpqQymkppyXe9ndhw12fk7GxrFZkxKbLuDbcIXRGNKOp3uJ4eYVJM%2FLOnOl%2BAXWJSiLFk3goC4B5ylGwG8ngAG7rflUgolr00Cycf5IkwjiggJxNnqoltbMk3"}],"group":"cf-nel","max_age":604800}', 'NEL': '{"success_fraction":0,"report_to":"cf-nel","max_age":604800}', 'Server': 'cloudflare', 'CF-RAY': '891afd0078ef2030-IAD', 'alt-svc': 'h3=":443"; ma=86400'} 
 body={"results":[{"gender":"male","name":{"title":"Mr","first":"Frank","last":"Klakegg"},"location":{"street":{"number":2120,"name":"Linneaveien"},"city":"Løken","state":"Hordaland","country":"Norway","postcode":"8614","coordinates":{"latitude":"45.3328","longitude":"-139.7728"},"timezone":{"offset":"+5:30","description":"Bombay, Calcutta, Madras, New Delhi"}},"email":"frank.klakegg@example.com","login":{"uuid":"46b38758-5198-4b6d-a7b3-e9110578b21e","username":"silverduck905","password":"honor","salt":"veKHTz2x","md5":"7356907b76f0c7c8a44e4b18d95f7d72","sha1":"ed886e6f413843f2f4434e7764cf5c6e4d86f91b","sha256":"e219062d53a02d4386ec93403cd678fe06031f535f3a2bfd2574ac9f56aef963"},"dob":{"date":"1978-12-20T21:52:03.463Z","age":45},"registered":{"date":"2003-06-30T18:21:04.727Z","age":20},"phone":"23457108","cell":"43822031","id":{"name":"FN","value":"20127836389"},"picture":{"large":"https://randomuser.me/api/portraits/men/9.jpg","medium":"https://randomuser.me/api/portraits/med/men/9.jpg","thumbnail":"https://randomuser.me/api/portraits/thumb/men/9.jpg"},"nat":"NO"}],"info":{"seed":"4031b0cd87dfa490","results":1,"page":1,"version":"1.4"}} 
 </msg>
<msg time="2024-06-10T17:12:47.519199" level="INFO">/opt/hostedtoolcache/Python/3.12.3/x64/lib/python3.12/site-packages/urllib3/connectionpool.py:1103: InsecureRequestWarning: Unverified HTTPS request is being made to host 'randomuser.me'. Adding certificate verification is strongly advised. See: https://urllib3.readthedocs.io/en/latest/advanced-usage.html#tls-warnings
  warnings.warn(</msg>
<msg time="2024-06-10T17:12:47.519313" level="INFO">${response} = &lt;Response [200]&gt;</msg>
<var>${response}</var>
<arg>consultarAPI</arg>
<arg>/api</arg>
<doc>Sends a GET request on a previously created HTTP Session.</doc>
<status status="PASS" start="2024-06-10T17:12:47.431145" elapsed="0.088217"/>
</kw>
<kw name="Set Variable" owner="BuiltIn">
<msg time="2024-06-10T17:12:47.520408" level="INFO">${json_data} = {'results': [{'gender': 'male', 'name': {'title': 'Mr', 'first': 'Frank', 'last': 'Klakegg'}, 'location': {'street': {'number': 2120, 'name': 'Linneaveien'}, 'city': 'Løken', 'state': 'Hordaland', 'co...</msg>
<var>${json_data}</var>
<arg>${response.json()}</arg>
<doc>Returns the given values which can then be assigned to a variables.</doc>
<status status="PASS" start="2024-06-10T17:12:47.519851" elapsed="0.000586"/>
</kw>
<kw name="Set Variable" owner="BuiltIn">
<msg time="2024-06-10T17:12:47.521127" level="INFO">${name_title} = Mr</msg>
<var>${name_title}</var>
<arg>${json_data["results"][0]["name"]["title"]}</arg>
<doc>Returns the given values which can then be assigned to a variables.</doc>
<status status="PASS" start="2024-06-10T17:12:47.520743" elapsed="0.000409"/>
</kw>
<kw name="Create List" owner="BuiltIn">
<msg time="2024-06-10T17:12:47.521603" level="INFO">${allowed_titles} = ['Mr', 'Ms', 'Miss', 'Mrs', 'Madame', 'Monsieur']</msg>
<var>${allowed_titles}</var>
<arg>Mr</arg>
<arg>Ms</arg>
<arg>Miss</arg>
<arg>Mrs</arg>
<arg>Madame</arg>
<arg>Monsieur</arg>
<doc>Returns a list containing given items.</doc>
<status status="PASS" start="2024-06-10T17:12:47.521454" elapsed="0.000172"/>
</kw>
<kw name="List Should Contain Value" owner="Collections">
<msg time="2024-06-10T17:12:47.522115" level="INFO">False</msg>
<arg>${allowed_titles}</arg>
<arg>${name_title}</arg>
<doc>Fails if the ``value`` is not found from ``list``.</doc>
<status status="PASS" start="2024-06-10T17:12:47.521930" elapsed="0.000221"/>
</kw>
<kw name="Set Variable" owner="BuiltIn">
<msg time="2024-06-10T17:12:47.522982" level="INFO">${name_country} = NO</msg>
<var>${name_country}</var>
<arg>${json_data["results"][0]["nat"]}</arg>
<doc>Returns the given values which can then be assigned to a variables.</doc>
<status status="PASS" start="2024-06-10T17:12:47.522462" elapsed="0.000545"/>
</kw>
<kw name="Create List" owner="BuiltIn">
<msg time="2024-06-10T17:12:47.523954" level="INFO">${list_country} = ['AD', 'AE', 'AF', 'AG', 'AI', 'AL', 'AM', 'AO', 'AQ', 'AR', 'AS', 'AT', 'AU', 'AW', 'AX', 'AZ', 'BA', 'BB', 'BD', 'BE', 'BF', 'BG', 'BH', 'BI', 'BJ', 'BL', 'BM', 'BN', 'BO', 'BQ', 'BR', 'BS', 'BT', '...</msg>
<var>${list_country}</var>
<arg>AD</arg>
<arg>AE</arg>
<arg>AF</arg>
<arg>AG</arg>
<arg>AI</arg>
<arg>AL</arg>
<arg>AM</arg>
<arg>AO</arg>
<arg>AQ</arg>
<arg>AR</arg>
<arg>AS</arg>
<arg>AT</arg>
<arg>AU</arg>
<arg>AW</arg>
<arg>AX</arg>
<arg>AZ</arg>
<arg>BA</arg>
<arg>BB</arg>
<arg>BD</arg>
<arg>BE</arg>
<arg>BF</arg>
<arg>BG</arg>
<arg>BH</arg>
<arg>BI</arg>
<arg>BJ</arg>
<arg>BL</arg>
<arg>BM</arg>
<arg>BN</arg>
<arg>BO</arg>
<arg>BQ</arg>
<arg>BR</arg>
<arg>BS</arg>
<arg>BT</arg>
<arg>BV</arg>
<arg>BW</arg>
<arg>BY</arg>
<arg>BZ</arg>
<arg>CA</arg>
<arg>CC</arg>
<arg>CD</arg>
<arg>CF</arg>
<arg>CG</arg>
<arg>CH</arg>
<arg>CI</arg>
<arg>CK</arg>
<arg>CL</arg>
<arg>CM</arg>
<arg>CN</arg>
<arg>CO</arg>
<arg>CR</arg>
<arg>CU</arg>
<arg>CV</arg>
<arg>CW</arg>
<arg>CX</arg>
<arg>CY</arg>
<arg>CZ</arg>
<arg>DE</arg>
<arg>DJ</arg>
<arg>DK</arg>
<arg>DM</arg>
<arg>DO</arg>
<arg>DZ</arg>
<arg>EC</arg>
<arg>EE</arg>
<arg>EG</arg>
<arg>EH</arg>
<arg>ER</arg>
<arg>ES</arg>
<arg>ET</arg>
<arg>FI</arg>
<arg>FJ</arg>
<arg>FK</arg>
<arg>FM</arg>
<arg>FO</arg>
<arg>FR</arg>
<arg>GA</arg>
<arg>GB</arg>
<arg>GD</arg>
<arg>GE</arg>
<arg>GF</arg>
<arg>GG</arg>
<arg>GH</arg>
<arg>GI</arg>
<arg>GL</arg>
<arg>GM</arg>
<arg>GN</arg>
<arg>GP</arg>
<arg>GQ</arg>
<arg>GR</arg>
<arg>GS</arg>
<arg>GT</arg>
<arg>GU</arg>
<arg>GW</arg>
<arg>GY</arg>
<arg>HK</arg>
<arg>HM</arg>
<arg>HN</arg>
<arg>HR</arg>
<arg>HT</arg>
<arg>HU</arg>
<arg>ID</arg>
<arg>IE</arg>
<arg>IL</arg>
<arg>IM</arg>
<arg>IN</arg>
<arg>IO</arg>
<arg>IQ</arg>
<arg>IR</arg>
<arg>IS</arg>
<arg>IT</arg>
<arg>JE</arg>
<arg>JM</arg>
<arg>JO</arg>
<arg>JP</arg>
<arg>KE</arg>
<arg>KG</arg>
<arg>KH</arg>
<arg>KI</arg>
<arg>KM</arg>
<arg>KN</arg>
<arg>KP</arg>
<arg>KR</arg>
<arg>KW</arg>
<arg>KY</arg>
<arg>KZ</arg>
<arg>LA</arg>
<arg>LB</arg>
<arg>LC</arg>
<arg>LI</arg>
<arg>LK</arg>
<arg>LR</arg>
<arg>LS</arg>
<arg>LT</arg>
<arg>LU</arg>
<arg>LV</arg>
<arg>LY</arg>
<arg>MA</arg>
<arg>MC</arg>
<arg>MD</arg>
<arg>ME</arg>
<arg>MF</arg>
<arg>MG</arg>
<arg>MH</arg>
<arg>MK</arg>
<arg>ML</arg>
<arg>MM</arg>
<arg>MN</arg>
<arg>MO</arg>
<arg>MP</arg>
<arg>MQ</arg>
<arg>MR</arg>
<arg>MS</arg>
<arg>MT</arg>
<arg>MU</arg>
<arg>MV</arg>
<arg>MW</arg>
<arg>MX</arg>
<arg>MY</arg>
<arg>MZ</arg>
<arg>NA</arg>
<arg>NC</arg>
<arg>NE</arg>
<arg>NF</arg>
<arg>NG</arg>
<arg>NI</arg>
<arg>NL</arg>
<arg>NO</arg>
<arg>NP</arg>
<arg>NR</arg>
<arg>NU</arg>
<arg>NZ</arg>
<arg>OM</arg>
<arg>PA</arg>
<arg>PE</arg>
<arg>PF</arg>
<arg>PG</arg>
<arg>PH</arg>
<arg>PK</arg>
<arg>PL</arg>
<arg>PM</arg>
<arg>PN</arg>
<arg>PR</arg>
<arg>PS</arg>
<arg>PT</arg>
<arg>PW</arg>
<arg>PY</arg>
<arg>QA</arg>
<arg>RE</arg>
<arg>RO</arg>
<arg>RS</arg>
<arg>RU</arg>
<arg>RW</arg>
<arg>SA</arg>
<arg>SB</arg>
<arg>SC</arg>
<arg>SD</arg>
<arg>SE</arg>
<arg>SG</arg>
<arg>SH</arg>
<arg>SI</arg>
<arg>SJ</arg>
<arg>SK</arg>
<arg>SL</arg>
<arg>SM</arg>
<arg>SN</arg>
<arg>SO</arg>
<arg>SR</arg>
<arg>SS</arg>
<arg>ST</arg>
<arg>SV</arg>
<arg>SX</arg>
<arg>SY</arg>
<arg>SZ</arg>
<arg>TC</arg>
<arg>TD</arg>
<arg>TF</arg>
<arg>TG</arg>
<arg>TH</arg>
<arg>TJ</arg>
<arg>TK</arg>
<arg>TL</arg>
<arg>TM</arg>
<arg>TN</arg>
<arg>TO</arg>
<arg>TR</arg>
<arg>TT</arg>
<arg>TV</arg>
<arg>TW</arg>
<arg>TZ</arg>
<arg>UA</arg>
<arg>UG</arg>
<arg>UM</arg>
<arg>US</arg>
<arg>UY</arg>
<arg>UZ</arg>
<arg>VA</arg>
<arg>VC</arg>
<arg>VE</arg>
<arg>VG</arg>
<arg>VI</arg>
<arg>VN</arg>
<arg>VU</arg>
<arg>WF</arg>
<arg>WS</arg>
<arg>XK</arg>
<arg>YE</arg>
<arg>YT</arg>
<arg>ZA</arg>
<arg>ZM</arg>
<arg>ZW</arg>
<doc>Returns a list containing given items.</doc>
<status status="PASS" start="2024-06-10T17:12:47.523316" elapsed="0.000670"/>
</kw>
<kw name="List Should Contain Value" owner="Collections">
<msg time="2024-06-10T17:12:47.524981" level="INFO">False</msg>
<arg>${list_country}</arg>
<arg>${name_country}</arg>
<doc>Fails if the ``value`` is not found from ``list``.</doc>
<status status="PASS" start="2024-06-10T17:12:47.524776" elapsed="0.000241"/>
</kw>
<kw name="Run Keyword If" owner="BuiltIn">
<kw name="Should Be True" owner="BuiltIn">
<arg>${True}</arg>
<doc>Fails if the given condition is not true.</doc>
<status status="PASS" start="2024-06-10T17:12:47.526069" elapsed="0.000144"/>
</kw>
<arg>${json_data["results"][0]["location"]["coordinates"]["latitude"]} &gt;= -90 and ${json_data["results"][0]["location"]["coordinates"]["latitude"]} &lt;= 90</arg>
<arg>Should Be True</arg>
<arg>${True}</arg>
<doc>Runs the given keyword with the given arguments, if ``condition`` is true.</doc>
<status status="PASS" start="2024-06-10T17:12:47.525333" elapsed="0.001005"/>
</kw>
<kw name="Run Keyword If" owner="BuiltIn">
<kw name="Should Be True" owner="BuiltIn">
<arg>${True}</arg>
<doc>Fails if the given condition is not true.</doc>
<status status="PASS" start="2024-06-10T17:12:47.527208" elapsed="0.000138"/>
</kw>
<arg>${json_data["results"][0]["location"]["coordinates"]["longitude"]} &gt;= -180 and ${json_data["results"][0]["location"]["coordinates"]["longitude"]} &lt;= 180</arg>
<arg>Should Be True</arg>
<arg>${True}</arg>
<doc>Runs the given keyword with the given arguments, if ``condition`` is true.</doc>
<status status="PASS" start="2024-06-10T17:12:47.526522" elapsed="0.000945"/>
</kw>
<status status="PASS" start="2024-06-10T17:12:47.430913" elapsed="0.096678"/>
</kw>
<doc>Testa o conteúdo específico dos campos retornados pela API.</doc>
<tag>testeConteudo</tag>
<status status="PASS" start="2024-06-10T17:12:47.430363" elapsed="0.097371"/>
</test>
<status status="PASS" start="2024-06-10T17:12:46.700518" elapsed="0.829178"/>
</suite>
<status status="PASS" start="2024-06-10T17:12:46.687143" elapsed="0.847760"/>
</suite>
<statistics>
<total>
<stat pass="5" fail="0" skip="0">All Tests</stat>
</total>
<tag>
<stat pass="1" fail="0" skip="0">testeConteudo</stat>
<stat pass="1" fail="0" skip="0">testeEstruturaResposta</stat>
<stat pass="1" fail="0" skip="0">testeRequisicaoBasica</stat>
<stat pass="1" fail="0" skip="0">testeTiposDados</stat>
</tag>
<suite>
<stat pass="5" fail="0" skip="0" id="s1" name="Tests">Tests</stat>
<stat pass="5" fail="0" skip="0" id="s1-s1" name="Random-User-Test">Tests.Random-User-Test</stat>
</suite>
</statistics>
<errors>
</errors>
</robot>
