<?xml version="1.0" encoding="UTF-8"?>
<robot generator="Robot 7.0 (Python 3.12.3 on linux)" generated="2024-04-22T19:12:17.078152" rpa="false" schemaversion="5">
<suite id="s1" name="Tests" source="/home/runner/work/DesafioQAItauRogerioJordao/DesafioQAItauRogerioJordao/RamdonUser/tests">
<suite id="s1-s1" name="Random-User-Test" source="/home/runner/work/DesafioQAItauRogerioJordao/DesafioQAItauRogerioJordao/RamdonUser/tests/random-user-test.robot">
<test id="s1-s1-t1" name="Conectar" line="13">
<kw name="Conectar API" owner="random-user-service">
<kw name="Create Session" owner="RequestsLibrary">
<msg time="2024-04-22T19:12:17.427017" level="INFO">Creating Session using : alias=consultarAPI, url=https://randomuser.me/, headers={},                     cookies={}, auth=None, timeout=None, proxies=None, verify=False,                     debug=0 </msg>
<arg>consultarAPI</arg>
<arg>${URL}</arg>
<doc>Create Session: create a HTTP session to a server</doc>
<status status="PASS" start="2024-04-22T19:12:17.426828" elapsed="0.000388"/>
</kw>
<status status="PASS" start="2024-04-22T19:12:17.425893" elapsed="0.001672"/>
</kw>
<status status="PASS" start="2024-04-22T19:12:17.425300" elapsed="0.002450"/>
</test>
<test id="s1-s1-t2" name="Validar retorno 200 e JSON Válido" line="16">
<kw name="Teste de Requisicao Basica" owner="random-user-service">
<kw name="GET On Session" owner="RequestsLibrary">
<msg time="2024-04-22T19:12:17.703482" level="INFO">GET Request : url=https://randomuser.me/api 
 path_url=/api 
 headers={'User-Agent': 'python-requests/2.31.0', 'Accept-Encoding': 'gzip, deflate', 'Accept': '*/*', 'Connection': 'keep-alive'} 
 body=None 
 </msg>
<msg time="2024-04-22T19:12:17.703653" level="INFO">GET Response : url=https://randomuser.me/api 
 status=200, reason=OK 
 headers={'Date': 'Mon, 22 Apr 2024 19:12:17 GMT', 'Content-Type': 'application/json; charset=utf-8', 'Transfer-Encoding': 'chunked', 'Connection': 'keep-alive', 'X-Powered-By': 'Express', 'Access-Control-Allow-Origin': '*', 'Cache-Control': 'no-cache', 'ETag': 'W/"494-8J2KQ1+diwbM8LNb7QZ+Q25YvGI"', 'Vary': 'Accept-Encoding', 'Content-Encoding': 'gzip', 'CF-Cache-Status': 'DYNAMIC', 'Report-To': '{"endpoints":[{"url":"https:\\/\\/a.nel.cloudflare.com\\/report\\/v4?s=zHdpn6Br6b2AWxyVrXcHGBTNZkwcVlFyN2qGVV4FSkyOG09GDBsBU7XeFbvj%2FO8mHAPz1McZl2P7oImXa54xjQTyJqrBoXpBAkoSi9aN6tW5AoZNC6OdT9AQRB2h7ymh"}],"group":"cf-nel","max_age":604800}', 'NEL': '{"success_fraction":0,"report_to":"cf-nel","max_age":604800}', 'Server': 'cloudflare', 'CF-RAY': '8787ecae2bc23185-LAX', 'alt-svc': 'h3=":443"; ma=86400'} 
 body={"results":[{"gender":"female","name":{"title":"Mrs","first":"Laurie","last":"Mackay"},"location":{"street":{"number":7774,"name":"West Ave"},"city":"Lumsden","state":"Ontario","country":"Canada","postcode":"M1X 4Y1","coordinates":{"latitude":"-66.4155","longitude":"83.2851"},"timezone":{"offset":"-5:00","description":"Eastern Time (US &amp; Canada), Bogota, Lima"}},"email":"laurie.mackay@example.com","login":{"uuid":"a983cf8a-2e12-44cb-ba63-ce7c800778d3","username":"brownrabbit914","password":"getoff","salt":"4hjqWQEP","md5":"573f2263e4c2bdb3503ebee94a056ad8","sha1":"1bb6ce157224c2290dabcc02e5443661e495041d","sha256":"f056d8c700c1e314d878576b3f7c47c9630c8b0da33b3420ccf927f7cd0bf4d7"},"dob":{"date":"1971-08-06T13:29:18.644Z","age":52},"registered":{"date":"2017-11-26T03:44:53.163Z","age":6},"phone":"A04 M58-2718","cell":"X52 W49-9660","id":{"name":"SIN","value":"972794622"},"picture":{"large":"https://randomuser.me/api/portraits/women/54.jpg","medium":"https://randomuser.me/api/portraits/med/women/54.jpg","thumbnail":"https://randomuser.me/api/portraits/thumb/women/54.jpg"},"nat":"CA"}],"info":{"seed":"71738c90fc99d828","results":1,"page":1,"version":"1.4"}} 
 </msg>
<msg time="2024-04-22T19:12:17.703745" level="INFO">/opt/hostedtoolcache/Python/3.12.3/x64/lib/python3.12/site-packages/urllib3/connectionpool.py:1103: InsecureRequestWarning: Unverified HTTPS request is being made to host 'randomuser.me'. Adding certificate verification is strongly advised. See: https://urllib3.readthedocs.io/en/latest/advanced-usage.html#tls-warnings
  warnings.warn(</msg>
<msg time="2024-04-22T19:12:17.703907" level="INFO">${response} = &lt;Response [200]&gt;</msg>
<var>${response}</var>
<arg>consultarAPI</arg>
<arg>/api</arg>
<doc>Sends a GET request on a previously created HTTP Session.</doc>
<status status="PASS" start="2024-04-22T19:12:17.430413" elapsed="0.273539"/>
</kw>
<kw name="Should Be Equal As Numbers" owner="BuiltIn">
<msg time="2024-04-22T19:12:17.705360" level="INFO">Argument types are:
&lt;class 'int'&gt;
&lt;class 'str'&gt;</msg>
<arg>${response.status_code}</arg>
<arg>200</arg>
<doc>Fails if objects are unequal after converting them to real numbers.</doc>
<status status="PASS" start="2024-04-22T19:12:17.704669" elapsed="0.000783"/>
</kw>
<kw name="Log" owner="BuiltIn">
<msg time="2024-04-22T19:12:17.706293" level="INFO">200</msg>
<arg>${response.status_code}</arg>
<doc>Logs the given message with the given level.</doc>
<status status="PASS" start="2024-04-22T19:12:17.705928" elapsed="0.000408"/>
</kw>
<kw name="Set Variable" owner="BuiltIn">
<msg time="2024-04-22T19:12:17.707088" level="INFO">${json_data} = {'results': [{'gender': 'female', 'name': {'title': 'Mrs', 'first': 'Laurie', 'last': 'Mackay'}, 'location': {'street': {'number': 7774, 'name': 'West Ave'}, 'city': 'Lumsden', 'state': 'Ontario', 'co...</msg>
<var>${json_data}</var>
<arg>${response.json()}</arg>
<doc>Returns the given values which can then be assigned to a variables.</doc>
<status status="PASS" start="2024-04-22T19:12:17.706645" elapsed="0.000470"/>
</kw>
<kw name="Dictionary Should Contain Key" owner="Collections">
<msg time="2024-04-22T19:12:17.707625" level="INFO">False</msg>
<arg>${json_data}</arg>
<arg>results</arg>
<doc>Fails if ``key`` is not found from ``dictionary``.</doc>
<status status="PASS" start="2024-04-22T19:12:17.707453" elapsed="0.000224"/>
</kw>
<status status="PASS" start="2024-04-22T19:12:17.430174" elapsed="0.277765"/>
</kw>
<doc>Testa se a API responde corretamente e retorna um objeto JSON válido.</doc>
<tag>testeRequisicaoBasica</tag>
<status status="PASS" start="2024-04-22T19:12:17.429616" elapsed="0.278513"/>
</test>
<test id="s1-s1-t3" name="Validar estrutura de resposta" line="22">
<kw name="Teste de Estrutura de Resposta" owner="random-user-service">
<kw name="GET On Session" owner="RequestsLibrary">
<msg time="2024-04-22T19:12:17.822287" level="INFO">GET Request : url=https://randomuser.me/api 
 path_url=/api 
 headers={'User-Agent': 'python-requests/2.31.0', 'Accept-Encoding': 'gzip, deflate', 'Accept': '*/*', 'Connection': 'keep-alive'} 
 body=None 
 </msg>
<msg time="2024-04-22T19:12:17.822402" level="INFO">GET Response : url=https://randomuser.me/api 
 status=200, reason=OK 
 headers={'Date': 'Mon, 22 Apr 2024 19:12:17 GMT', 'Content-Type': 'application/json; charset=utf-8', 'Transfer-Encoding': 'chunked', 'Connection': 'keep-alive', 'X-Powered-By': 'Express', 'Access-Control-Allow-Origin': '*', 'Cache-Control': 'no-cache', 'ETag': 'W/"490-OUEsGVOHkiFJ90IziaZIS7OEGnw"', 'Vary': 'Accept-Encoding', 'Content-Encoding': 'gzip', 'CF-Cache-Status': 'DYNAMIC', 'Report-To': '{"endpoints":[{"url":"https:\\/\\/a.nel.cloudflare.com\\/report\\/v4?s=PslHCOfN2oaF4ecHQv3LpQ%2F0dAFShgki%2B76w7X97pyGSuyPtQbYNSp7g2%2BDhzpdBbygT2tdyRwQhq2KRdw5ThwdI4xgUQ8JRA6gket1HOr%2BPIvbuwtAM8%2FFVHHINovHM"}],"group":"cf-nel","max_age":604800}', 'NEL': '{"success_fraction":0,"report_to":"cf-nel","max_age":604800}', 'Server': 'cloudflare', 'CF-RAY': '8787ecaecc593185-LAX', 'alt-svc': 'h3=":443"; ma=86400'} 
 body={"results":[{"gender":"male","name":{"title":"Mr","first":"Cohen","last":"Thompson"},"location":{"street":{"number":7662,"name":"Rangitikei Street"},"city":"Taupo","state":"Nelson","country":"New Zealand","postcode":13979,"coordinates":{"latitude":"52.7017","longitude":"-22.9298"},"timezone":{"offset":"+10:00","description":"Eastern Australia, Guam, Vladivostok"}},"email":"cohen.thompson@example.com","login":{"uuid":"3bfcbb70-7724-481c-8b14-f4573786f1e8","username":"beautifulelephant999","password":"race","salt":"CCksHeVI","md5":"beae4308a48a5777f31c33458eaf97bd","sha1":"d0aa275d23136b06c914b5025b365ea434efe4f4","sha256":"e86e96ff23c760cace1505dd2424b321772f4d29baa65f96e8c01fe166dced08"},"dob":{"date":"1958-11-28T19:51:07.186Z","age":65},"registered":{"date":"2009-02-17T12:36:29.708Z","age":15},"phone":"(245)-490-8591","cell":"(264)-874-7100","id":{"name":"","value":null},"picture":{"large":"https://randomuser.me/api/portraits/men/45.jpg","medium":"https://randomuser.me/api/portraits/med/men/45.jpg","thumbnail":"https://randomuser.me/api/portraits/thumb/men/45.jpg"},"nat":"NZ"}],"info":{"seed":"6be55aa09de14458","results":1,"page":1,"version":"1.4"}} 
 </msg>
<msg time="2024-04-22T19:12:17.822546" level="INFO">/opt/hostedtoolcache/Python/3.12.3/x64/lib/python3.12/site-packages/urllib3/connectionpool.py:1103: InsecureRequestWarning: Unverified HTTPS request is being made to host 'randomuser.me'. Adding certificate verification is strongly advised. See: https://urllib3.readthedocs.io/en/latest/advanced-usage.html#tls-warnings
  warnings.warn(</msg>
<msg time="2024-04-22T19:12:17.822718" level="INFO">${response} = &lt;Response [200]&gt;</msg>
<var>${response}</var>
<arg>consultarAPI</arg>
<arg>/api</arg>
<doc>Sends a GET request on a previously created HTTP Session.</doc>
<status status="PASS" start="2024-04-22T19:12:17.710729" elapsed="0.112041"/>
</kw>
<kw name="Set Variable" owner="BuiltIn">
<msg time="2024-04-22T19:12:17.823850" level="INFO">${json_data} = {'results': [{'gender': 'male', 'name': {'title': 'Mr', 'first': 'Cohen', 'last': 'Thompson'}, 'location': {'street': {'number': 7662, 'name': 'Rangitikei Street'}, 'city': 'Taupo', 'state': 'Nelson',...</msg>
<var>${json_data}</var>
<arg>${response.json()}</arg>
<doc>Returns the given values which can then be assigned to a variables.</doc>
<status status="PASS" start="2024-04-22T19:12:17.823321" elapsed="0.000558"/>
</kw>
<kw name="Log" owner="BuiltIn">
<msg time="2024-04-22T19:12:17.824334" level="INFO">{'results': [{'gender': 'male', 'name': {'title': 'Mr', 'first': 'Cohen', 'last': 'Thompson'}, 'location': {'street': {'number': 7662, 'name': 'Rangitikei Street'}, 'city': 'Taupo', 'state': 'Nelson', 'country': 'New Zealand', 'postcode': 13979, 'coordinates': {'latitude': '52.7017', 'longitude': '-22.9298'}, 'timezone': {'offset': '+10:00', 'description': 'Eastern Australia, Guam, Vladivostok'}}, 'email': 'cohen.thompson@example.com', 'login': {'uuid': '3bfcbb70-7724-481c-8b14-f4573786f1e8', 'username': 'beautifulelephant999', 'password': 'race', 'salt': 'CCksHeVI', 'md5': 'beae4308a48a5777f31c33458eaf97bd', 'sha1': 'd0aa275d23136b06c914b5025b365ea434efe4f4', 'sha256': 'e86e96ff23c760cace1505dd2424b321772f4d29baa65f96e8c01fe166dced08'}, 'dob': {'date': '1958-11-28T19:51:07.186Z', 'age': 65}, 'registered': {'date': '2009-02-17T12:36:29.708Z', 'age': 15}, 'phone': '(245)-490-8591', 'cell': '(264)-874-7100', 'id': {'name': '', 'value': None}, 'picture': {'large': 'https://randomuser.me/api/portraits/men/45.jpg', 'medium': 'https://randomuser.me/api/portraits/med/men/45.jpg', 'thumbnail': 'https://randomuser.me/api/portraits/thumb/men/45.jpg'}, 'nat': 'NZ'}], 'info': {'seed': '6be55aa09de14458', 'results': 1, 'page': 1, 'version': '1.4'}}</msg>
<arg>${json_data}</arg>
<doc>Logs the given message with the given level.</doc>
<status status="PASS" start="2024-04-22T19:12:17.824179" elapsed="0.000202"/>
</kw>
<kw name="Dictionary Should Contain Key" owner="Collections">
<msg time="2024-04-22T19:12:17.824822" level="INFO">False</msg>
<arg>${json_data}</arg>
<arg>results</arg>
<doc>Fails if ``key`` is not found from ``dictionary``.</doc>
<status status="PASS" start="2024-04-22T19:12:17.824666" elapsed="0.000192"/>
</kw>
<kw name="Should Not Be Empty" owner="BuiltIn">
<msg time="2024-04-22T19:12:17.825276" level="INFO">Length is 2.</msg>
<arg>${json_data}</arg>
<doc>Verifies that the given item is not empty.</doc>
<status status="PASS" start="2024-04-22T19:12:17.825148" elapsed="0.000322"/>
</kw>
<kw name="Create List" owner="BuiltIn">
<msg time="2024-04-22T19:12:17.825916" level="INFO">${expected_keys} = ['gender', 'name', 'location', 'email', 'login']</msg>
<var>${expected_keys}</var>
<arg>gender</arg>
<arg>name</arg>
<arg>location</arg>
<arg>email</arg>
<arg>login</arg>
<doc>Returns a list containing given items.</doc>
<status status="PASS" start="2024-04-22T19:12:17.825764" elapsed="0.000176"/>
</kw>
<for flavor="IN">
<iter>
<kw name="Dictionary Should Contain Key" owner="Collections">
<msg time="2024-04-22T19:12:17.826898" level="INFO">False</msg>
<arg>${json_data['results'][0]}</arg>
<arg>${key}</arg>
<doc>Fails if ``key`` is not found from ``dictionary``.</doc>
<status status="PASS" start="2024-04-22T19:12:17.826512" elapsed="0.000423"/>
</kw>
<kw name="Log" owner="BuiltIn">
<msg time="2024-04-22T19:12:17.827625" level="INFO">{'gender': 'male', 'name': {'title': 'Mr', 'first': 'Cohen', 'last': 'Thompson'}, 'location': {'street': {'number': 7662, 'name': 'Rangitikei Street'}, 'city': 'Taupo', 'state': 'Nelson', 'country': 'New Zealand', 'postcode': 13979, 'coordinates': {'latitude': '52.7017', 'longitude': '-22.9298'}, 'timezone': {'offset': '+10:00', 'description': 'Eastern Australia, Guam, Vladivostok'}}, 'email': 'cohen.thompson@example.com', 'login': {'uuid': '3bfcbb70-7724-481c-8b14-f4573786f1e8', 'username': 'beautifulelephant999', 'password': 'race', 'salt': 'CCksHeVI', 'md5': 'beae4308a48a5777f31c33458eaf97bd', 'sha1': 'd0aa275d23136b06c914b5025b365ea434efe4f4', 'sha256': 'e86e96ff23c760cace1505dd2424b321772f4d29baa65f96e8c01fe166dced08'}, 'dob': {'date': '1958-11-28T19:51:07.186Z', 'age': 65}, 'registered': {'date': '2009-02-17T12:36:29.708Z', 'age': 15}, 'phone': '(245)-490-8591', 'cell': '(264)-874-7100', 'id': {'name': '', 'value': None}, 'picture': {'large': 'https://randomuser.me/api/portraits/men/45.jpg', 'medium': 'https://randomuser.me/api/portraits/med/men/45.jpg', 'thumbnail': 'https://randomuser.me/api/portraits/thumb/men/45.jpg'}, 'nat': 'NZ'}</msg>
<arg>${json_data['results'][0]}</arg>
<doc>Logs the given message with the given level.</doc>
<status status="PASS" start="2024-04-22T19:12:17.827250" elapsed="0.000421"/>
</kw>
<kw name="Log" owner="BuiltIn">
<msg time="2024-04-22T19:12:17.828086" level="INFO">gender</msg>
<arg>${key}</arg>
<doc>Logs the given message with the given level.</doc>
<status status="PASS" start="2024-04-22T19:12:17.827962" elapsed="0.000160"/>
</kw>
<var name="${key}">gender</var>
<status status="PASS" start="2024-04-22T19:12:17.826388" elapsed="0.001944"/>
</iter>
<iter>
<kw name="Dictionary Should Contain Key" owner="Collections">
<msg time="2024-04-22T19:12:17.829005" level="INFO">False</msg>
<arg>${json_data['results'][0]}</arg>
<arg>${key}</arg>
<doc>Fails if ``key`` is not found from ``dictionary``.</doc>
<status status="PASS" start="2024-04-22T19:12:17.828628" elapsed="0.000413"/>
</kw>
<kw name="Log" owner="BuiltIn">
<msg time="2024-04-22T19:12:17.829721" level="INFO">{'gender': 'male', 'name': {'title': 'Mr', 'first': 'Cohen', 'last': 'Thompson'}, 'location': {'street': {'number': 7662, 'name': 'Rangitikei Street'}, 'city': 'Taupo', 'state': 'Nelson', 'country': 'New Zealand', 'postcode': 13979, 'coordinates': {'latitude': '52.7017', 'longitude': '-22.9298'}, 'timezone': {'offset': '+10:00', 'description': 'Eastern Australia, Guam, Vladivostok'}}, 'email': 'cohen.thompson@example.com', 'login': {'uuid': '3bfcbb70-7724-481c-8b14-f4573786f1e8', 'username': 'beautifulelephant999', 'password': 'race', 'salt': 'CCksHeVI', 'md5': 'beae4308a48a5777f31c33458eaf97bd', 'sha1': 'd0aa275d23136b06c914b5025b365ea434efe4f4', 'sha256': 'e86e96ff23c760cace1505dd2424b321772f4d29baa65f96e8c01fe166dced08'}, 'dob': {'date': '1958-11-28T19:51:07.186Z', 'age': 65}, 'registered': {'date': '2009-02-17T12:36:29.708Z', 'age': 15}, 'phone': '(245)-490-8591', 'cell': '(264)-874-7100', 'id': {'name': '', 'value': None}, 'picture': {'large': 'https://randomuser.me/api/portraits/men/45.jpg', 'medium': 'https://randomuser.me/api/portraits/med/men/45.jpg', 'thumbnail': 'https://randomuser.me/api/portraits/thumb/men/45.jpg'}, 'nat': 'NZ'}</msg>
<arg>${json_data['results'][0]}</arg>
<doc>Logs the given message with the given level.</doc>
<status status="PASS" start="2024-04-22T19:12:17.829365" elapsed="0.000403"/>
</kw>
<kw name="Log" owner="BuiltIn">
<msg time="2024-04-22T19:12:17.830182" level="INFO">name</msg>
<arg>${key}</arg>
<doc>Logs the given message with the given level.</doc>
<status status="PASS" start="2024-04-22T19:12:17.830059" elapsed="0.000159"/>
</kw>
<var name="${key}">name</var>
<status status="PASS" start="2024-04-22T19:12:17.828515" elapsed="0.001912"/>
</iter>
<iter>
<kw name="Dictionary Should Contain Key" owner="Collections">
<msg time="2024-04-22T19:12:17.831088" level="INFO">False</msg>
<arg>${json_data['results'][0]}</arg>
<arg>${key}</arg>
<doc>Fails if ``key`` is not found from ``dictionary``.</doc>
<status status="PASS" start="2024-04-22T19:12:17.830708" elapsed="0.000415"/>
</kw>
<kw name="Log" owner="BuiltIn">
<msg time="2024-04-22T19:12:17.831817" level="INFO">{'gender': 'male', 'name': {'title': 'Mr', 'first': 'Cohen', 'last': 'Thompson'}, 'location': {'street': {'number': 7662, 'name': 'Rangitikei Street'}, 'city': 'Taupo', 'state': 'Nelson', 'country': 'New Zealand', 'postcode': 13979, 'coordinates': {'latitude': '52.7017', 'longitude': '-22.9298'}, 'timezone': {'offset': '+10:00', 'description': 'Eastern Australia, Guam, Vladivostok'}}, 'email': 'cohen.thompson@example.com', 'login': {'uuid': '3bfcbb70-7724-481c-8b14-f4573786f1e8', 'username': 'beautifulelephant999', 'password': 'race', 'salt': 'CCksHeVI', 'md5': 'beae4308a48a5777f31c33458eaf97bd', 'sha1': 'd0aa275d23136b06c914b5025b365ea434efe4f4', 'sha256': 'e86e96ff23c760cace1505dd2424b321772f4d29baa65f96e8c01fe166dced08'}, 'dob': {'date': '1958-11-28T19:51:07.186Z', 'age': 65}, 'registered': {'date': '2009-02-17T12:36:29.708Z', 'age': 15}, 'phone': '(245)-490-8591', 'cell': '(264)-874-7100', 'id': {'name': '', 'value': None}, 'picture': {'large': 'https://randomuser.me/api/portraits/men/45.jpg', 'medium': 'https://randomuser.me/api/portraits/med/men/45.jpg', 'thumbnail': 'https://randomuser.me/api/portraits/thumb/men/45.jpg'}, 'nat': 'NZ'}</msg>
<arg>${json_data['results'][0]}</arg>
<doc>Logs the given message with the given level.</doc>
<status status="PASS" start="2024-04-22T19:12:17.831463" elapsed="0.000400"/>
</kw>
<kw name="Log" owner="BuiltIn">
<msg time="2024-04-22T19:12:17.832272" level="INFO">location</msg>
<arg>${key}</arg>
<doc>Logs the given message with the given level.</doc>
<status status="PASS" start="2024-04-22T19:12:17.832150" elapsed="0.000158"/>
</kw>
<var name="${key}">location</var>
<status status="PASS" start="2024-04-22T19:12:17.830600" elapsed="0.001914"/>
</iter>
<iter>
<kw name="Dictionary Should Contain Key" owner="Collections">
<msg time="2024-04-22T19:12:17.833170" level="INFO">False</msg>
<arg>${json_data['results'][0]}</arg>
<arg>${key}</arg>
<doc>Fails if ``key`` is not found from ``dictionary``.</doc>
<status status="PASS" start="2024-04-22T19:12:17.832794" elapsed="0.000412"/>
</kw>
<kw name="Log" owner="BuiltIn">
<msg time="2024-04-22T19:12:17.833849" level="INFO">{'gender': 'male', 'name': {'title': 'Mr', 'first': 'Cohen', 'last': 'Thompson'}, 'location': {'street': {'number': 7662, 'name': 'Rangitikei Street'}, 'city': 'Taupo', 'state': 'Nelson', 'country': 'New Zealand', 'postcode': 13979, 'coordinates': {'latitude': '52.7017', 'longitude': '-22.9298'}, 'timezone': {'offset': '+10:00', 'description': 'Eastern Australia, Guam, Vladivostok'}}, 'email': 'cohen.thompson@example.com', 'login': {'uuid': '3bfcbb70-7724-481c-8b14-f4573786f1e8', 'username': 'beautifulelephant999', 'password': 'race', 'salt': 'CCksHeVI', 'md5': 'beae4308a48a5777f31c33458eaf97bd', 'sha1': 'd0aa275d23136b06c914b5025b365ea434efe4f4', 'sha256': 'e86e96ff23c760cace1505dd2424b321772f4d29baa65f96e8c01fe166dced08'}, 'dob': {'date': '1958-11-28T19:51:07.186Z', 'age': 65}, 'registered': {'date': '2009-02-17T12:36:29.708Z', 'age': 15}, 'phone': '(245)-490-8591', 'cell': '(264)-874-7100', 'id': {'name': '', 'value': None}, 'picture': {'large': 'https://randomuser.me/api/portraits/men/45.jpg', 'medium': 'https://randomuser.me/api/portraits/med/men/45.jpg', 'thumbnail': 'https://randomuser.me/api/portraits/thumb/men/45.jpg'}, 'nat': 'NZ'}</msg>
<arg>${json_data['results'][0]}</arg>
<doc>Logs the given message with the given level.</doc>
<status status="PASS" start="2024-04-22T19:12:17.833495" elapsed="0.000400"/>
</kw>
<kw name="Log" owner="BuiltIn">
<msg time="2024-04-22T19:12:17.834303" level="INFO">email</msg>
<arg>${key}</arg>
<doc>Logs the given message with the given level.</doc>
<status status="PASS" start="2024-04-22T19:12:17.834181" elapsed="0.000158"/>
</kw>
<var name="${key}">email</var>
<status status="PASS" start="2024-04-22T19:12:17.832684" elapsed="0.001862"/>
</iter>
<iter>
<kw name="Dictionary Should Contain Key" owner="Collections">
<msg time="2024-04-22T19:12:17.835217" level="INFO">False</msg>
<arg>${json_data['results'][0]}</arg>
<arg>${key}</arg>
<doc>Fails if ``key`` is not found from ``dictionary``.</doc>
<status status="PASS" start="2024-04-22T19:12:17.834817" elapsed="0.000437"/>
</kw>
<kw name="Log" owner="BuiltIn">
<msg time="2024-04-22T19:12:17.835901" level="INFO">{'gender': 'male', 'name': {'title': 'Mr', 'first': 'Cohen', 'last': 'Thompson'}, 'location': {'street': {'number': 7662, 'name': 'Rangitikei Street'}, 'city': 'Taupo', 'state': 'Nelson', 'country': 'New Zealand', 'postcode': 13979, 'coordinates': {'latitude': '52.7017', 'longitude': '-22.9298'}, 'timezone': {'offset': '+10:00', 'description': 'Eastern Australia, Guam, Vladivostok'}}, 'email': 'cohen.thompson@example.com', 'login': {'uuid': '3bfcbb70-7724-481c-8b14-f4573786f1e8', 'username': 'beautifulelephant999', 'password': 'race', 'salt': 'CCksHeVI', 'md5': 'beae4308a48a5777f31c33458eaf97bd', 'sha1': 'd0aa275d23136b06c914b5025b365ea434efe4f4', 'sha256': 'e86e96ff23c760cace1505dd2424b321772f4d29baa65f96e8c01fe166dced08'}, 'dob': {'date': '1958-11-28T19:51:07.186Z', 'age': 65}, 'registered': {'date': '2009-02-17T12:36:29.708Z', 'age': 15}, 'phone': '(245)-490-8591', 'cell': '(264)-874-7100', 'id': {'name': '', 'value': None}, 'picture': {'large': 'https://randomuser.me/api/portraits/men/45.jpg', 'medium': 'https://randomuser.me/api/portraits/med/men/45.jpg', 'thumbnail': 'https://randomuser.me/api/portraits/thumb/men/45.jpg'}, 'nat': 'NZ'}</msg>
<arg>${json_data['results'][0]}</arg>
<doc>Logs the given message with the given level.</doc>
<status status="PASS" start="2024-04-22T19:12:17.835553" elapsed="0.000394"/>
</kw>
<kw name="Log" owner="BuiltIn">
<msg time="2024-04-22T19:12:17.836361" level="INFO">login</msg>
<arg>${key}</arg>
<doc>Logs the given message with the given level.</doc>
<status status="PASS" start="2024-04-22T19:12:17.836238" elapsed="0.000160"/>
</kw>
<var name="${key}">login</var>
<status status="PASS" start="2024-04-22T19:12:17.834711" elapsed="0.001921"/>
</iter>
<var>${key}</var>
<value>@{expected_keys}</value>
<status status="PASS" start="2024-04-22T19:12:17.826199" elapsed="0.010556"/>
</for>
<kw name="Create List" owner="BuiltIn">
<msg time="2024-04-22T19:12:17.837080" level="INFO">${expected_keysTwo} = ['username', 'password']</msg>
<var>${expected_keysTwo}</var>
<arg>username</arg>
<arg>password</arg>
<doc>Returns a list containing given items.</doc>
<status status="PASS" start="2024-04-22T19:12:17.836946" elapsed="0.000157"/>
</kw>
<for flavor="IN">
<iter>
<kw name="Dictionary Should Contain Key" owner="Collections">
<msg time="2024-04-22T19:12:17.838004" level="INFO">False</msg>
<arg>${json_data['results'][0]['login']}</arg>
<arg>${keyTwo}</arg>
<doc>Fails if ``key`` is not found from ``dictionary``.</doc>
<status status="PASS" start="2024-04-22T19:12:17.837592" elapsed="0.000452"/>
</kw>
<kw name="Dictionary Should Contain Key" owner="Collections">
<msg time="2024-04-22T19:12:17.838711" level="INFO">False</msg>
<arg>${json_data['results'][0]['login']}</arg>
<arg>${keyTwo}</arg>
<doc>Fails if ``key`` is not found from ``dictionary``.</doc>
<status status="PASS" start="2024-04-22T19:12:17.838335" elapsed="0.000412"/>
</kw>
<kw name="Log" owner="BuiltIn">
<msg time="2024-04-22T19:12:17.839156" level="INFO">username</msg>
<arg>${keyTwo}</arg>
<doc>Logs the given message with the given level.</doc>
<status status="PASS" start="2024-04-22T19:12:17.839033" elapsed="0.000199"/>
</kw>
<var name="${keyTwo}">username</var>
<status status="PASS" start="2024-04-22T19:12:17.837485" elapsed="0.001971"/>
</iter>
<iter>
<kw name="Dictionary Should Contain Key" owner="Collections">
<msg time="2024-04-22T19:12:17.840193" level="INFO">False</msg>
<arg>${json_data['results'][0]['login']}</arg>
<arg>${keyTwo}</arg>
<doc>Fails if ``key`` is not found from ``dictionary``.</doc>
<status status="PASS" start="2024-04-22T19:12:17.839732" elapsed="0.000506"/>
</kw>
<kw name="Dictionary Should Contain Key" owner="Collections">
<msg time="2024-04-22T19:12:17.840899" level="INFO">False</msg>
<arg>${json_data['results'][0]['login']}</arg>
<arg>${keyTwo}</arg>
<doc>Fails if ``key`` is not found from ``dictionary``.</doc>
<status status="PASS" start="2024-04-22T19:12:17.840528" elapsed="0.000406"/>
</kw>
<kw name="Log" owner="BuiltIn">
<msg time="2024-04-22T19:12:17.841345" level="INFO">password</msg>
<arg>${keyTwo}</arg>
<doc>Logs the given message with the given level.</doc>
<status status="PASS" start="2024-04-22T19:12:17.841221" elapsed="0.000160"/>
</kw>
<var name="${keyTwo}">password</var>
<status status="PASS" start="2024-04-22T19:12:17.839624" elapsed="0.001968"/>
</iter>
<var>${keyTwo}</var>
<value>@{expected_keysTwo}</value>
<status status="PASS" start="2024-04-22T19:12:17.837333" elapsed="0.004376"/>
</for>
<status status="PASS" start="2024-04-22T19:12:17.710496" elapsed="0.131349"/>
</kw>
<doc>Testa a estrutura da resposta da API.</doc>
<tag>testeEstruturaResposta</tag>
<status status="PASS" start="2024-04-22T19:12:17.709986" elapsed="0.132014"/>
</test>
<test id="s1-s1-t4" name="Validar tipos de dados" line="28">
<kw name="Teste de Tipos de Dados" owner="random-user-service">
<kw name="GET On Session" owner="RequestsLibrary">
<msg time="2024-04-22T19:12:18.469723" level="INFO">GET Request : url=https://randomuser.me/api 
 path_url=/api 
 headers={'User-Agent': 'python-requests/2.31.0', 'Accept-Encoding': 'gzip, deflate', 'Accept': '*/*', 'Connection': 'keep-alive'} 
 body=None 
 </msg>
<msg time="2024-04-22T19:12:18.469831" level="INFO">GET Response : url=https://randomuser.me/api 
 status=200, reason=OK 
 headers={'Date': 'Mon, 22 Apr 2024 19:12:18 GMT', 'Content-Type': 'application/json; charset=utf-8', 'Transfer-Encoding': 'chunked', 'Connection': 'keep-alive', 'X-Powered-By': 'Express', 'Access-Control-Allow-Origin': '*', 'Cache-Control': 'no-cache', 'ETag': 'W/"49e-UdjKEfOnBZhK4DjKMdyKTenhat0"', 'Vary': 'Accept-Encoding', 'Content-Encoding': 'gzip', 'CF-Cache-Status': 'DYNAMIC', 'Report-To': '{"endpoints":[{"url":"https:\\/\\/a.nel.cloudflare.com\\/report\\/v4?s=HnmaeVzY%2BA%2FIAgtbgA6prYKaAk3XU9bw%2FfECPYU91L11tYygEV95ClveWF8s23jvGrDxc4T%2FsdJY72A57WdiTJt%2FJjmFu2VDf2M6Dy%2B%2FSUUu0lAe3vgkeDZLAOSK5CeH"}],"group":"cf-nel","max_age":604800}', 'NEL': '{"success_fraction":0,"report_to":"cf-nel","max_age":604800}', 'Server': 'cloudflare', 'CF-RAY': '8787ecaf9d1d3185-LAX', 'alt-svc': 'h3=":443"; ma=86400'} 
 body={"results":[{"gender":"male","name":{"title":"Monsieur","first":"Dorian","last":"Blanchard"},"location":{"street":{"number":1500,"name":"Rue Baraban"},"city":"Binn","state":"Ticino","country":"Switzerland","postcode":5287,"coordinates":{"latitude":"-63.4446","longitude":"-82.0568"},"timezone":{"offset":"-4:00","description":"Atlantic Time (Canada), Caracas, La Paz"}},"email":"dorian.blanchard@example.com","login":{"uuid":"314261cb-aace-4226-b45e-8eb57710813f","username":"greenswan566","password":"doggies","salt":"NOY6kjzD","md5":"23b4d47589e0577e36ca40bd963c0c0c","sha1":"5fa43f3c0e50383e88d8d84362e43689022af9bb","sha256":"b6a407c2cf434182411db19a0b57064e05c250cc3a7f1d3cb16ce2a80f260aa6"},"dob":{"date":"1995-08-30T21:26:42.529Z","age":28},"registered":{"date":"2016-04-30T03:51:49.513Z","age":7},"phone":"077 105 02 91","cell":"078 208 45 02","id":{"name":"AVS","value":"756.0756.2200.91"},"picture":{"large":"https://randomuser.me/api/portraits/men/35.jpg","medium":"https://randomuser.me/api/portraits/med/men/35.jpg","thumbnail":"https://randomuser.me/api/portraits/thumb/men/35.jpg"},"nat":"CH"}],"info":{"seed":"c074152702b7cf3c","results":1,"page":1,"version":"1.4"}} 
 </msg>
<msg time="2024-04-22T19:12:18.469913" level="INFO">/opt/hostedtoolcache/Python/3.12.3/x64/lib/python3.12/site-packages/urllib3/connectionpool.py:1103: InsecureRequestWarning: Unverified HTTPS request is being made to host 'randomuser.me'. Adding certificate verification is strongly advised. See: https://urllib3.readthedocs.io/en/latest/advanced-usage.html#tls-warnings
  warnings.warn(</msg>
<msg time="2024-04-22T19:12:18.470073" level="INFO">${response} = &lt;Response [200]&gt;</msg>
<var>${response}</var>
<arg>consultarAPI</arg>
<arg>/api</arg>
<doc>Sends a GET request on a previously created HTTP Session.</doc>
<status status="PASS" start="2024-04-22T19:12:17.844491" elapsed="0.625630"/>
</kw>
<kw name="Set Variable" owner="BuiltIn">
<msg time="2024-04-22T19:12:18.471105" level="INFO">${json_data} = {'results': [{'gender': 'male', 'name': {'title': 'Monsieur', 'first': 'Dorian', 'last': 'Blanchard'}, 'location': {'street': {'number': 1500, 'name': 'Rue Baraban'}, 'city': 'Binn', 'state': 'Ticino'...</msg>
<var>${json_data}</var>
<arg>${response.json()}</arg>
<doc>Returns the given values which can then be assigned to a variables.</doc>
<status status="PASS" start="2024-04-22T19:12:18.470600" elapsed="0.000533"/>
</kw>
<kw name="Log" owner="BuiltIn">
<msg time="2024-04-22T19:12:18.471629" level="INFO">{'results': [{'gender': 'male', 'name': {'title': 'Monsieur', 'first': 'Dorian', 'last': 'Blanchard'}, 'location': {'street': {'number': 1500, 'name': 'Rue Baraban'}, 'city': 'Binn', 'state': 'Ticino', 'country': 'Switzerland', 'postcode': 5287, 'coordinates': {'latitude': '-63.4446', 'longitude': '-82.0568'}, 'timezone': {'offset': '-4:00', 'description': 'Atlantic Time (Canada), Caracas, La Paz'}}, 'email': 'dorian.blanchard@example.com', 'login': {'uuid': '314261cb-aace-4226-b45e-8eb57710813f', 'username': 'greenswan566', 'password': 'doggies', 'salt': 'NOY6kjzD', 'md5': '23b4d47589e0577e36ca40bd963c0c0c', 'sha1': '5fa43f3c0e50383e88d8d84362e43689022af9bb', 'sha256': 'b6a407c2cf434182411db19a0b57064e05c250cc3a7f1d3cb16ce2a80f260aa6'}, 'dob': {'date': '1995-08-30T21:26:42.529Z', 'age': 28}, 'registered': {'date': '2016-04-30T03:51:49.513Z', 'age': 7}, 'phone': '077 105 02 91', 'cell': '078 208 45 02', 'id': {'name': 'AVS', 'value': '756.0756.2200.91'}, 'picture': {'large': 'https://randomuser.me/api/portraits/men/35.jpg', 'medium': 'https://randomuser.me/api/portraits/med/men/35.jpg', 'thumbnail': 'https://randomuser.me/api/portraits/thumb/men/35.jpg'}, 'nat': 'CH'}], 'info': {'seed': 'c074152702b7cf3c', 'results': 1, 'page': 1, 'version': '1.4'}}</msg>
<arg>${json_data}</arg>
<doc>Logs the given message with the given level.</doc>
<status status="PASS" start="2024-04-22T19:12:18.471478" elapsed="0.000233"/>
</kw>
<kw name="Should Be String" owner="String">
<arg>${json_data['results'][0]['gender']}</arg>
<doc>Fails if the given ``item`` is not a string.</doc>
<status status="PASS" start="2024-04-22T19:12:18.472001" elapsed="0.000355"/>
</kw>
<kw name="Should Match Regexp" owner="BuiltIn">
<arg>${json_data['results'][0]['email']}</arg>
<arg>^[a-zA-Z0-9._%+-]+@[a-zA-Z0-9.-]+\.[a-zA-Z]{2,}$</arg>
<doc>Fails if ``string`` does not match ``pattern`` as a regular expression.</doc>
<status status="PASS" start="2024-04-22T19:12:18.472543" elapsed="0.000511"/>
</kw>
<kw name="Should Match Regexp" owner="BuiltIn">
<arg>${json_data['results'][0]['dob']['date']}</arg>
<arg>\\d{4}-\\d{2}-\\d{2}T\\d{2}:\\d{2}:\\d{2}\\.\\d{3}Z</arg>
<doc>Fails if ``string`` does not match ``pattern`` as a regular expression.</doc>
<status status="PASS" start="2024-04-22T19:12:18.473244" elapsed="0.000479"/>
</kw>
<kw name="Should Match Regexp" owner="BuiltIn">
<arg>${json_data['results'][0]['registered']['date']}</arg>
<arg>\\d{4}-\\d{2}-\\d{2}T\\d{2}:\\d{2}:\\d{2}\\.\\d{3}Z</arg>
<doc>Fails if ``string`` does not match ``pattern`` as a regular expression.</doc>
<status status="PASS" start="2024-04-22T19:12:18.473906" elapsed="0.000364"/>
</kw>
<kw name="Should Match Regexp" owner="BuiltIn">
<arg>${json_data['results'][0]['picture']['large']}</arg>
<arg>^https?://.*\.(?:png|jpe?g|gif|bmp)$</arg>
<doc>Fails if ``string`` does not match ``pattern`` as a regular expression.</doc>
<status status="PASS" start="2024-04-22T19:12:18.474451" elapsed="0.000456"/>
</kw>
<kw name="Should Match Regexp" owner="BuiltIn">
<arg>${json_data['results'][0]['picture']['medium']}</arg>
<arg>^https?://.*\.(?:png|jpe?g|gif|bmp)$</arg>
<doc>Fails if ``string`` does not match ``pattern`` as a regular expression.</doc>
<status status="PASS" start="2024-04-22T19:12:18.475090" elapsed="0.000389"/>
</kw>
<kw name="Should Match Regexp" owner="BuiltIn">
<arg>${json_data['results'][0]['picture']['thumbnail']}</arg>
<arg>^https?://.*\.(?:png|jpe?g|gif|bmp)$</arg>
<doc>Fails if ``string`` does not match ``pattern`` as a regular expression.</doc>
<status status="PASS" start="2024-04-22T19:12:18.475665" elapsed="0.000343"/>
</kw>
<kw name="Log" owner="BuiltIn">
<msg time="2024-04-22T19:12:18.476502" level="INFO">{'large': 'https://randomuser.me/api/portraits/men/35.jpg', 'medium': 'https://randomuser.me/api/portraits/med/men/35.jpg', 'thumbnail': 'https://randomuser.me/api/portraits/thumb/men/35.jpg'}</msg>
<arg>${json_data['results'][0]['picture']}</arg>
<doc>Logs the given message with the given level.</doc>
<status status="PASS" start="2024-04-22T19:12:18.476183" elapsed="0.000360"/>
</kw>
<status status="PASS" start="2024-04-22T19:12:17.844262" elapsed="0.632534"/>
</kw>
<kw name="Teste de Tipos de Dados - Postcode" owner="random-user-service">
<kw name="GET On Session" owner="RequestsLibrary">
<msg time="2024-04-22T19:12:18.619644" level="INFO">GET Request : url=https://randomuser.me/api 
 path_url=/api 
 headers={'User-Agent': 'python-requests/2.31.0', 'Accept-Encoding': 'gzip, deflate', 'Accept': '*/*', 'Connection': 'keep-alive'} 
 body=None 
 </msg>
<msg time="2024-04-22T19:12:18.619734" level="INFO">GET Response : url=https://randomuser.me/api 
 status=200, reason=OK 
 headers={'Date': 'Mon, 22 Apr 2024 19:12:18 GMT', 'Content-Type': 'application/json; charset=utf-8', 'Transfer-Encoding': 'chunked', 'Connection': 'keep-alive', 'X-Powered-By': 'Express', 'Access-Control-Allow-Origin': '*', 'Cache-Control': 'no-cache', 'ETag': 'W/"4a6-ZB/xPzfgU8t2EixHEP/jo02Lia8"', 'Vary': 'Accept-Encoding', 'Content-Encoding': 'gzip', 'CF-Cache-Status': 'DYNAMIC', 'Report-To': '{"endpoints":[{"url":"https:\\/\\/a.nel.cloudflare.com\\/report\\/v4?s=FQCoVawT0P3UfWnph65AGJiKNZU2DCistCWbHAPSK%2BSJIJZJQXyOZpcpuOsJe9zdCehrNUDLaE0eI0LbyoAHNmXAv5oaRRPZUQunFYekC6l67UwZ9suYnFfYhVA4wAxI"}],"group":"cf-nel","max_age":604800}', 'NEL': '{"success_fraction":0,"report_to":"cf-nel","max_age":604800}', 'Server': 'cloudflare', 'CF-RAY': '8787ecb39fd03185-LAX', 'alt-svc': 'h3=":443"; ma=86400'} 
 body={"results":[{"gender":"female","name":{"title":"Ms","first":"Zoé","last":"Leclercq"},"location":{"street":{"number":8552,"name":"Rue Duquesne"},"city":"Bordeaux","state":"Indre-et-Loire","country":"France","postcode":13403,"coordinates":{"latitude":"-20.2042","longitude":"19.9594"},"timezone":{"offset":"+11:00","description":"Magadan, Solomon Islands, New Caledonia"}},"email":"zoe.leclercq@example.com","login":{"uuid":"f8cfde27-0b98-4de8-9852-fbbca8b88860","username":"bluewolf740","password":"drummer1","salt":"RJIZ4FZH","md5":"14f0c1017343b1379126bf52492ee6b1","sha1":"7184fee075829eb7536455062ef2d1bffbbdc3f4","sha256":"7049ee277a58238ec282ef3851ae9420711f8dd6b6b6a8c2a084dd5b4a045bfb"},"dob":{"date":"1983-12-07T05:24:55.993Z","age":40},"registered":{"date":"2017-08-14T22:37:31.773Z","age":6},"phone":"03-75-55-30-80","cell":"06-26-20-52-06","id":{"name":"INSEE","value":"2831190119959 11"},"picture":{"large":"https://randomuser.me/api/portraits/women/65.jpg","medium":"https://randomuser.me/api/portraits/med/women/65.jpg","thumbnail":"https://randomuser.me/api/portraits/thumb/women/65.jpg"},"nat":"FR"}],"info":{"seed":"4b3493708c931409","results":1,"page":1,"version":"1.4"}} 
 </msg>
<msg time="2024-04-22T19:12:18.619806" level="INFO">/opt/hostedtoolcache/Python/3.12.3/x64/lib/python3.12/site-packages/urllib3/connectionpool.py:1103: InsecureRequestWarning: Unverified HTTPS request is being made to host 'randomuser.me'. Adding certificate verification is strongly advised. See: https://urllib3.readthedocs.io/en/latest/advanced-usage.html#tls-warnings
  warnings.warn(</msg>
<msg time="2024-04-22T19:12:18.619937" level="INFO">${response} = &lt;Response [200]&gt;</msg>
<var>${response}</var>
<arg>consultarAPI</arg>
<arg>/api</arg>
<doc>Sends a GET request on a previously created HTTP Session.</doc>
<status status="PASS" start="2024-04-22T19:12:18.477253" elapsed="0.142725"/>
</kw>
<kw name="Set Variable" owner="BuiltIn">
<msg time="2024-04-22T19:12:18.620954" level="INFO">${json_data} = {'results': [{'gender': 'female', 'name': {'title': 'Ms', 'first': 'Zoé', 'last': 'Leclercq'}, 'location': {'street': {'number': 8552, 'name': 'Rue Duquesne'}, 'city': 'Bordeaux', 'state': 'Indre-et-L...</msg>
<var>${json_data}</var>
<arg>${response.json()}</arg>
<doc>Returns the given values which can then be assigned to a variables.</doc>
<status status="PASS" start="2024-04-22T19:12:18.620446" elapsed="0.000536"/>
</kw>
<kw name="Log" owner="BuiltIn">
<msg time="2024-04-22T19:12:18.621440" level="INFO">{'results': [{'gender': 'female', 'name': {'title': 'Ms', 'first': 'Zoé', 'last': 'Leclercq'}, 'location': {'street': {'number': 8552, 'name': 'Rue Duquesne'}, 'city': 'Bordeaux', 'state': 'Indre-et-Loire', 'country': 'France', 'postcode': 13403, 'coordinates': {'latitude': '-20.2042', 'longitude': '19.9594'}, 'timezone': {'offset': '+11:00', 'description': 'Magadan, Solomon Islands, New Caledonia'}}, 'email': 'zoe.leclercq@example.com', 'login': {'uuid': 'f8cfde27-0b98-4de8-9852-fbbca8b88860', 'username': 'bluewolf740', 'password': 'drummer1', 'salt': 'RJIZ4FZH', 'md5': '14f0c1017343b1379126bf52492ee6b1', 'sha1': '7184fee075829eb7536455062ef2d1bffbbdc3f4', 'sha256': '7049ee277a58238ec282ef3851ae9420711f8dd6b6b6a8c2a084dd5b4a045bfb'}, 'dob': {'date': '1983-12-07T05:24:55.993Z', 'age': 40}, 'registered': {'date': '2017-08-14T22:37:31.773Z', 'age': 6}, 'phone': '03-75-55-30-80', 'cell': '06-26-20-52-06', 'id': {'name': 'INSEE', 'value': '2831190119959 11'}, 'picture': {'large': 'https://randomuser.me/api/portraits/women/65.jpg', 'medium': 'https://randomuser.me/api/portraits/med/women/65.jpg', 'thumbnail': 'https://randomuser.me/api/portraits/thumb/women/65.jpg'}, 'nat': 'FR'}], 'info': {'seed': '4b3493708c931409', 'results': 1, 'page': 1, 'version': '1.4'}}</msg>
<arg>${json_data}</arg>
<doc>Logs the given message with the given level.</doc>
<status status="PASS" start="2024-04-22T19:12:18.621284" elapsed="0.000241"/>
</kw>
<kw name="Should Be Equal As Numbers" owner="BuiltIn">
<arg>${json_data['results'][0]['location']['postcode']}</arg>
<arg>${json_data['results'][0]['location']['postcode']}</arg>
<doc>Fails if objects are unequal after converting them to real numbers.</doc>
<status status="PASS" start="2024-04-22T19:12:18.621986" elapsed="0.000606"/>
</kw>
<kw name="Log" owner="BuiltIn">
<msg time="2024-04-22T19:12:18.623113" level="INFO">13403</msg>
<arg>${json_data['results'][0]['location']['postcode']}</arg>
<doc>Logs the given message with the given level.</doc>
<status status="PASS" start="2024-04-22T19:12:18.622781" elapsed="0.000370"/>
</kw>
<status status="PASS" start="2024-04-22T19:12:18.477018" elapsed="0.146435"/>
</kw>
<doc>Testa se os tipos de dados na resposta da API estão corretos.</doc>
<tag>testeTiposDados</tag>
<status status="PASS" start="2024-04-22T19:12:17.843782" elapsed="0.779835"/>
</test>
<test id="s1-s1-t5" name="Validar conteudo" line="35">
<kw name="Teste de Tipos de Conteudo" owner="random-user-service">
<kw name="GET On Session" owner="RequestsLibrary">
<msg time="2024-04-22T19:12:18.725027" level="INFO">GET Request : url=https://randomuser.me/api 
 path_url=/api 
 headers={'User-Agent': 'python-requests/2.31.0', 'Accept-Encoding': 'gzip, deflate', 'Accept': '*/*', 'Connection': 'keep-alive'} 
 body=None 
 </msg>
<msg time="2024-04-22T19:12:18.725105" level="INFO">GET Response : url=https://randomuser.me/api 
 status=200, reason=OK 
 headers={'Date': 'Mon, 22 Apr 2024 19:12:18 GMT', 'Content-Type': 'application/json; charset=utf-8', 'Transfer-Encoding': 'chunked', 'Connection': 'keep-alive', 'X-Powered-By': 'Express', 'Access-Control-Allow-Origin': '*', 'Cache-Control': 'no-cache', 'ETag': 'W/"497-R+CVUcLfh4LLndWUcHGDLNPQMr8"', 'Vary': 'Accept-Encoding', 'Content-Encoding': 'gzip', 'CF-Cache-Status': 'DYNAMIC', 'Report-To': '{"endpoints":[{"url":"https:\\/\\/a.nel.cloudflare.com\\/report\\/v4?s=BCGYjo0vucKNrlHMrYM8It4qW6vMQj4nVmJ1%2BOq8pZFAB2Epjlji4DNBf57hgDPGJPoAa3Z56Xz6LVUwmgKxGBhWMUklomyvBOJYraLBcPLio6bH1%2F4vr68mM%2BDNBnL%2B"}],"group":"cf-nel","max_age":604800}', 'NEL': '{"success_fraction":0,"report_to":"cf-nel","max_age":604800}', 'Server': 'cloudflare', 'CF-RAY': '8787ecb4888a3185-LAX', 'alt-svc': 'h3=":443"; ma=86400'} 
 body={"results":[{"gender":"female","name":{"title":"Miss","first":"Isabel","last":"Hidalgo"},"location":{"street":{"number":7401,"name":"Calle de La Luna"},"city":"Guadalajara","state":"Melilla","country":"Spain","postcode":29640,"coordinates":{"latitude":"-35.9466","longitude":"57.2898"},"timezone":{"offset":"-3:00","description":"Brazil, Buenos Aires, Georgetown"}},"email":"isabel.hidalgo@example.com","login":{"uuid":"7605b85c-3085-402c-9c47-1a9fa52126a5","username":"heavybutterfly708","password":"cream","salt":"bFwckXLW","md5":"1d4bdfd530c7b88182bc333013672d32","sha1":"218de9e891867a8545a2b6ebeafc2c38aec13ffe","sha256":"042e019f7a66488ea97baa0d8966c57aaba2a2351fec6c63fe428d0d4b4c868b"},"dob":{"date":"1979-12-02T00:34:52.847Z","age":44},"registered":{"date":"2021-03-13T12:38:49.286Z","age":3},"phone":"931-113-638","cell":"685-734-635","id":{"name":"DNI","value":"26918182-O"},"picture":{"large":"https://randomuser.me/api/portraits/women/61.jpg","medium":"https://randomuser.me/api/portraits/med/women/61.jpg","thumbnail":"https://randomuser.me/api/portraits/thumb/women/61.jpg"},"nat":"ES"}],"info":{"seed":"7dddf1110e1f8684","results":1,"page":1,"version":"1.4"}} 
 </msg>
<msg time="2024-04-22T19:12:18.725175" level="INFO">/opt/hostedtoolcache/Python/3.12.3/x64/lib/python3.12/site-packages/urllib3/connectionpool.py:1103: InsecureRequestWarning: Unverified HTTPS request is being made to host 'randomuser.me'. Adding certificate verification is strongly advised. See: https://urllib3.readthedocs.io/en/latest/advanced-usage.html#tls-warnings
  warnings.warn(</msg>
<msg time="2024-04-22T19:12:18.725300" level="INFO">${response} = &lt;Response [200]&gt;</msg>
<var>${response}</var>
<arg>consultarAPI</arg>
<arg>/api</arg>
<doc>Sends a GET request on a previously created HTTP Session.</doc>
<status status="PASS" start="2024-04-22T19:12:18.626017" elapsed="0.099334"/>
</kw>
<kw name="Set Variable" owner="BuiltIn">
<msg time="2024-04-22T19:12:18.726169" level="INFO">${json_data} = {'results': [{'gender': 'female', 'name': {'title': 'Miss', 'first': 'Isabel', 'last': 'Hidalgo'}, 'location': {'street': {'number': 7401, 'name': 'Calle de La Luna'}, 'city': 'Guadalajara', 'state': ...</msg>
<var>${json_data}</var>
<arg>${response.json()}</arg>
<doc>Returns the given values which can then be assigned to a variables.</doc>
<status status="PASS" start="2024-04-22T19:12:18.725733" elapsed="0.000463"/>
</kw>
<kw name="Set Variable" owner="BuiltIn">
<msg time="2024-04-22T19:12:18.726873" level="INFO">${name_title} = Miss</msg>
<var>${name_title}</var>
<arg>${json_data["results"][0]["name"]["title"]}</arg>
<doc>Returns the given values which can then be assigned to a variables.</doc>
<status status="PASS" start="2024-04-22T19:12:18.726499" elapsed="0.000399"/>
</kw>
<kw name="Create List" owner="BuiltIn">
<msg time="2024-04-22T19:12:18.727382" level="INFO">${allowed_titles} = ['Mr', 'Ms', 'Miss', 'Mrs', 'Madame', 'Monsieur']</msg>
<var>${allowed_titles}</var>
<arg>Mr</arg>
<arg>Ms</arg>
<arg>Miss</arg>
<arg>Mrs</arg>
<arg>Madame</arg>
<arg>Monsieur</arg>
<doc>Returns a list containing given items.</doc>
<status status="PASS" start="2024-04-22T19:12:18.727225" elapsed="0.000181"/>
</kw>
<kw name="List Should Contain Value" owner="Collections">
<msg time="2024-04-22T19:12:18.727872" level="INFO">False</msg>
<arg>${allowed_titles}</arg>
<arg>${name_title}</arg>
<doc>Fails if the ``value`` is not found from ``list``.</doc>
<status status="PASS" start="2024-04-22T19:12:18.727703" elapsed="0.000204"/>
</kw>
<kw name="Set Variable" owner="BuiltIn">
<msg time="2024-04-22T19:12:18.728563" level="INFO">${name_country} = ES</msg>
<var>${name_country}</var>
<arg>${json_data["results"][0]["nat"]}</arg>
<doc>Returns the given values which can then be assigned to a variables.</doc>
<status status="PASS" start="2024-04-22T19:12:18.728189" elapsed="0.000400"/>
</kw>
<kw name="Create List" owner="BuiltIn">
<msg time="2024-04-22T19:12:18.729518" level="INFO">${list_country} = ['AD', 'AE', 'AF', 'AG', 'AI', 'AL', 'AM', 'AO', 'AQ', 'AR', 'AS', 'AT', 'AU', 'AW', 'AX', 'AZ', 'BA', 'BB', 'BD', 'BE', 'BF', 'BG', 'BH', 'BI', 'BJ', 'BL', 'BM', 'BN', 'BO', 'BQ', 'BR', 'BS', 'BT', '...</msg>
<var>${list_country}</var>
<arg>AD</arg>
<arg>AE</arg>
<arg>AF</arg>
<arg>AG</arg>
<arg>AI</arg>
<arg>AL</arg>
<arg>AM</arg>
<arg>AO</arg>
<arg>AQ</arg>
<arg>AR</arg>
<arg>AS</arg>
<arg>AT</arg>
<arg>AU</arg>
<arg>AW</arg>
<arg>AX</arg>
<arg>AZ</arg>
<arg>BA</arg>
<arg>BB</arg>
<arg>BD</arg>
<arg>BE</arg>
<arg>BF</arg>
<arg>BG</arg>
<arg>BH</arg>
<arg>BI</arg>
<arg>BJ</arg>
<arg>BL</arg>
<arg>BM</arg>
<arg>BN</arg>
<arg>BO</arg>
<arg>BQ</arg>
<arg>BR</arg>
<arg>BS</arg>
<arg>BT</arg>
<arg>BV</arg>
<arg>BW</arg>
<arg>BY</arg>
<arg>BZ</arg>
<arg>CA</arg>
<arg>CC</arg>
<arg>CD</arg>
<arg>CF</arg>
<arg>CG</arg>
<arg>CH</arg>
<arg>CI</arg>
<arg>CK</arg>
<arg>CL</arg>
<arg>CM</arg>
<arg>CN</arg>
<arg>CO</arg>
<arg>CR</arg>
<arg>CU</arg>
<arg>CV</arg>
<arg>CW</arg>
<arg>CX</arg>
<arg>CY</arg>
<arg>CZ</arg>
<arg>DE</arg>
<arg>DJ</arg>
<arg>DK</arg>
<arg>DM</arg>
<arg>DO</arg>
<arg>DZ</arg>
<arg>EC</arg>
<arg>EE</arg>
<arg>EG</arg>
<arg>EH</arg>
<arg>ER</arg>
<arg>ES</arg>
<arg>ET</arg>
<arg>FI</arg>
<arg>FJ</arg>
<arg>FK</arg>
<arg>FM</arg>
<arg>FO</arg>
<arg>FR</arg>
<arg>GA</arg>
<arg>GB</arg>
<arg>GD</arg>
<arg>GE</arg>
<arg>GF</arg>
<arg>GG</arg>
<arg>GH</arg>
<arg>GI</arg>
<arg>GL</arg>
<arg>GM</arg>
<arg>GN</arg>
<arg>GP</arg>
<arg>GQ</arg>
<arg>GR</arg>
<arg>GS</arg>
<arg>GT</arg>
<arg>GU</arg>
<arg>GW</arg>
<arg>GY</arg>
<arg>HK</arg>
<arg>HM</arg>
<arg>HN</arg>
<arg>HR</arg>
<arg>HT</arg>
<arg>HU</arg>
<arg>ID</arg>
<arg>IE</arg>
<arg>IL</arg>
<arg>IM</arg>
<arg>IN</arg>
<arg>IO</arg>
<arg>IQ</arg>
<arg>IR</arg>
<arg>IS</arg>
<arg>IT</arg>
<arg>JE</arg>
<arg>JM</arg>
<arg>JO</arg>
<arg>JP</arg>
<arg>KE</arg>
<arg>KG</arg>
<arg>KH</arg>
<arg>KI</arg>
<arg>KM</arg>
<arg>KN</arg>
<arg>KP</arg>
<arg>KR</arg>
<arg>KW</arg>
<arg>KY</arg>
<arg>KZ</arg>
<arg>LA</arg>
<arg>LB</arg>
<arg>LC</arg>
<arg>LI</arg>
<arg>LK</arg>
<arg>LR</arg>
<arg>LS</arg>
<arg>LT</arg>
<arg>LU</arg>
<arg>LV</arg>
<arg>LY</arg>
<arg>MA</arg>
<arg>MC</arg>
<arg>MD</arg>
<arg>ME</arg>
<arg>MF</arg>
<arg>MG</arg>
<arg>MH</arg>
<arg>MK</arg>
<arg>ML</arg>
<arg>MM</arg>
<arg>MN</arg>
<arg>MO</arg>
<arg>MP</arg>
<arg>MQ</arg>
<arg>MR</arg>
<arg>MS</arg>
<arg>MT</arg>
<arg>MU</arg>
<arg>MV</arg>
<arg>MW</arg>
<arg>MX</arg>
<arg>MY</arg>
<arg>MZ</arg>
<arg>NA</arg>
<arg>NC</arg>
<arg>NE</arg>
<arg>NF</arg>
<arg>NG</arg>
<arg>NI</arg>
<arg>NL</arg>
<arg>NO</arg>
<arg>NP</arg>
<arg>NR</arg>
<arg>NU</arg>
<arg>NZ</arg>
<arg>OM</arg>
<arg>PA</arg>
<arg>PE</arg>
<arg>PF</arg>
<arg>PG</arg>
<arg>PH</arg>
<arg>PK</arg>
<arg>PL</arg>
<arg>PM</arg>
<arg>PN</arg>
<arg>PR</arg>
<arg>PS</arg>
<arg>PT</arg>
<arg>PW</arg>
<arg>PY</arg>
<arg>QA</arg>
<arg>RE</arg>
<arg>RO</arg>
<arg>RS</arg>
<arg>RU</arg>
<arg>RW</arg>
<arg>SA</arg>
<arg>SB</arg>
<arg>SC</arg>
<arg>SD</arg>
<arg>SE</arg>
<arg>SG</arg>
<arg>SH</arg>
<arg>SI</arg>
<arg>SJ</arg>
<arg>SK</arg>
<arg>SL</arg>
<arg>SM</arg>
<arg>SN</arg>
<arg>SO</arg>
<arg>SR</arg>
<arg>SS</arg>
<arg>ST</arg>
<arg>SV</arg>
<arg>SX</arg>
<arg>SY</arg>
<arg>SZ</arg>
<arg>TC</arg>
<arg>TD</arg>
<arg>TF</arg>
<arg>TG</arg>
<arg>TH</arg>
<arg>TJ</arg>
<arg>TK</arg>
<arg>TL</arg>
<arg>TM</arg>
<arg>TN</arg>
<arg>TO</arg>
<arg>TR</arg>
<arg>TT</arg>
<arg>TV</arg>
<arg>TW</arg>
<arg>TZ</arg>
<arg>UA</arg>
<arg>UG</arg>
<arg>UM</arg>
<arg>US</arg>
<arg>UY</arg>
<arg>UZ</arg>
<arg>VA</arg>
<arg>VC</arg>
<arg>VE</arg>
<arg>VG</arg>
<arg>VI</arg>
<arg>VN</arg>
<arg>VU</arg>
<arg>WF</arg>
<arg>WS</arg>
<arg>XK</arg>
<arg>YE</arg>
<arg>YT</arg>
<arg>ZA</arg>
<arg>ZM</arg>
<arg>ZW</arg>
<doc>Returns a list containing given items.</doc>
<status status="PASS" start="2024-04-22T19:12:18.728886" elapsed="0.000659"/>
</kw>
<kw name="List Should Contain Value" owner="Collections">
<msg time="2024-04-22T19:12:18.730540" level="INFO">False</msg>
<arg>${list_country}</arg>
<arg>${name_country}</arg>
<doc>Fails if the ``value`` is not found from ``list``.</doc>
<status status="PASS" start="2024-04-22T19:12:18.730343" elapsed="0.000233"/>
</kw>
<kw name="Run Keyword If" owner="BuiltIn">
<kw name="Should Be True" owner="BuiltIn">
<arg>${True}</arg>
<doc>Fails if the given condition is not true.</doc>
<status status="PASS" start="2024-04-22T19:12:18.731652" elapsed="0.000238"/>
</kw>
<arg>${json_data["results"][0]["location"]["coordinates"]["latitude"]} &gt;= -90 and ${json_data["results"][0]["location"]["coordinates"]["latitude"]} &lt;= 90</arg>
<arg>Should Be True</arg>
<arg>${True}</arg>
<doc>Runs the given keyword with the given arguments, if ``condition`` is true.</doc>
<status status="PASS" start="2024-04-22T19:12:18.730885" elapsed="0.001136"/>
</kw>
<kw name="Run Keyword If" owner="BuiltIn">
<kw name="Should Be True" owner="BuiltIn">
<arg>${True}</arg>
<doc>Fails if the given condition is not true.</doc>
<status status="PASS" start="2024-04-22T19:12:18.732900" elapsed="0.000134"/>
</kw>
<arg>${json_data["results"][0]["location"]["coordinates"]["longitude"]} &gt;= -180 and ${json_data["results"][0]["location"]["coordinates"]["longitude"]} &lt;= 180</arg>
<arg>Should Be True</arg>
<arg>${True}</arg>
<doc>Runs the given keyword with the given arguments, if ``condition`` is true.</doc>
<status status="PASS" start="2024-04-22T19:12:18.732206" elapsed="0.000949"/>
</kw>
<status status="PASS" start="2024-04-22T19:12:18.625793" elapsed="0.107487"/>
</kw>
<doc>Testa o conteúdo específico dos campos retornados pela API.</doc>
<tag>testeConteudo</tag>
<status status="PASS" start="2024-04-22T19:12:18.625355" elapsed="0.108062"/>
</test>
<status status="PASS" start="2024-04-22T19:12:17.134959" elapsed="1.600365"/>
</suite>
<status status="PASS" start="2024-04-22T19:12:17.121583" elapsed="1.618840"/>
</suite>
<statistics>
<total>
<stat pass="5" fail="0" skip="0">All Tests</stat>
</total>
<tag>
<stat pass="1" fail="0" skip="0">testeConteudo</stat>
<stat pass="1" fail="0" skip="0">testeEstruturaResposta</stat>
<stat pass="1" fail="0" skip="0">testeRequisicaoBasica</stat>
<stat pass="1" fail="0" skip="0">testeTiposDados</stat>
</tag>
<suite>
<stat pass="5" fail="0" skip="0" id="s1" name="Tests">Tests</stat>
<stat pass="5" fail="0" skip="0" id="s1-s1" name="Random-User-Test">Tests.Random-User-Test</stat>
</suite>
</statistics>
<errors>
</errors>
</robot>
