<?xml version="1.0" encoding="UTF-8"?>
<robot generator="Robot 7.0 (Python 3.12.3 on linux)" generated="2024-05-10T21:14:54.210476" rpa="false" schemaversion="5">
<suite id="s1" name="Tests" source="/home/runner/work/DesafioQAItauRogerioJordao/DesafioQAItauRogerioJordao/RamdonUser/tests">
<suite id="s1-s1" name="Random-User-Test" source="/home/runner/work/DesafioQAItauRogerioJordao/DesafioQAItauRogerioJordao/RamdonUser/tests/random-user-test.robot">
<test id="s1-s1-t1" name="Conectar" line="13">
<kw name="Conectar API" owner="random-user-service">
<kw name="Create Session" owner="RequestsLibrary">
<msg time="2024-05-10T21:14:54.595559" level="INFO">Creating Session using : alias=consultarAPI, url=https://randomuser.me/, headers={},                     cookies={}, auth=None, timeout=None, proxies=None, verify=False,                     debug=0 </msg>
<arg>consultarAPI</arg>
<arg>${URL}</arg>
<doc>Create Session: create a HTTP session to a server</doc>
<status status="PASS" start="2024-05-10T21:14:54.595367" elapsed="0.000359"/>
</kw>
<status status="PASS" start="2024-05-10T21:14:54.594424" elapsed="0.001640"/>
</kw>
<status status="PASS" start="2024-05-10T21:14:54.593846" elapsed="0.002406"/>
</test>
<test id="s1-s1-t2" name="Validar retorno 200 e JSON Válido" line="16">
<kw name="Teste de Requisicao Basica" owner="random-user-service">
<kw name="GET On Session" owner="RequestsLibrary">
<msg time="2024-05-10T21:14:54.810986" level="INFO">GET Request : url=https://randomuser.me/api 
 path_url=/api 
 headers={'User-Agent': 'python-requests/2.31.0', 'Accept-Encoding': 'gzip, deflate', 'Accept': '*/*', 'Connection': 'keep-alive'} 
 body=None 
 </msg>
<msg time="2024-05-10T21:14:54.811131" level="INFO">GET Response : url=https://randomuser.me/api 
 status=200, reason=OK 
 headers={'Date': 'Fri, 10 May 2024 21:14:54 GMT', 'Content-Type': 'application/json; charset=utf-8', 'Transfer-Encoding': 'chunked', 'Connection': 'keep-alive', 'X-Powered-By': 'Express', 'Access-Control-Allow-Origin': '*', 'Cache-Control': 'no-cache', 'ETag': 'W/"49a-dUjTvrhjFd+EMyp0XWxXP+cYJnQ"', 'Vary': 'Accept-Encoding', 'Content-Encoding': 'gzip', 'CF-Cache-Status': 'DYNAMIC', 'Report-To': '{"endpoints":[{"url":"https:\\/\\/a.nel.cloudflare.com\\/report\\/v4?s=7YUGkJTMORNZyxsjzFEoZ1grML%2FX7nXyPDp9GxEliY8QspghutSLZ5PiCTRIavR5yMZ8BPGpuI1jw1t5bxmFsdjT8yLbwtW4gKRzrX4Sgyle71fr1xuMuv6WbvFJ9w4Q"}],"group":"cf-nel","max_age":604800}', 'NEL': '{"success_fraction":0,"report_to":"cf-nel","max_age":604800}', 'Server': 'cloudflare', 'CF-RAY': '881cf10bada00cab-LAX', 'alt-svc': 'h3=":443"; ma=86400'} 
 body={"results":[{"gender":"female","name":{"title":"Miss","first":"Victoria","last":"Andersen"},"location":{"street":{"number":2751,"name":"Syrenvej"},"city":"Amager","state":"Sjælland","country":"Denmark","postcode":95433,"coordinates":{"latitude":"-41.3522","longitude":"25.9057"},"timezone":{"offset":"0:00","description":"Western Europe Time, London, Lisbon, Casablanca"}},"email":"victoria.andersen@example.com","login":{"uuid":"f0274d1c-f981-4ff6-8a6b-9233134e549f","username":"redmouse226","password":"golfpro","salt":"MGg07xaO","md5":"a14295dbf09334bf0ebcfe75bed7fa99","sha1":"f47d27614d7c974c70117f6320b197bba4326af5","sha256":"27a7a112b97dd07859341788a84c4ca9e08879e70517584551690fdc4f85db8e"},"dob":{"date":"1956-04-27T20:35:32.123Z","age":68},"registered":{"date":"2007-01-17T14:56:05.548Z","age":17},"phone":"12832599","cell":"18407755","id":{"name":"CPR","value":"270456-6138"},"picture":{"large":"https://randomuser.me/api/portraits/women/10.jpg","medium":"https://randomuser.me/api/portraits/med/women/10.jpg","thumbnail":"https://randomuser.me/api/portraits/thumb/women/10.jpg"},"nat":"DK"}],"info":{"seed":"8c14719e8e8bdd0e","results":1,"page":1,"version":"1.4"}} 
 </msg>
<msg time="2024-05-10T21:14:54.811223" level="INFO">/opt/hostedtoolcache/Python/3.12.3/x64/lib/python3.12/site-packages/urllib3/connectionpool.py:1103: InsecureRequestWarning: Unverified HTTPS request is being made to host 'randomuser.me'. Adding certificate verification is strongly advised. See: https://urllib3.readthedocs.io/en/latest/advanced-usage.html#tls-warnings
  warnings.warn(</msg>
<msg time="2024-05-10T21:14:54.811392" level="INFO">${response} = &lt;Response [200]&gt;</msg>
<var>${response}</var>
<arg>consultarAPI</arg>
<arg>/api</arg>
<doc>Sends a GET request on a previously created HTTP Session.</doc>
<status status="PASS" start="2024-05-10T21:14:54.598902" elapsed="0.212543"/>
</kw>
<kw name="Should Be Equal As Numbers" owner="BuiltIn">
<msg time="2024-05-10T21:14:54.812384" level="INFO">Argument types are:
&lt;class 'int'&gt;
&lt;class 'str'&gt;</msg>
<arg>${response.status_code}</arg>
<arg>200</arg>
<doc>Fails if objects are unequal after converting them to real numbers.</doc>
<status status="PASS" start="2024-05-10T21:14:54.811939" elapsed="0.000508"/>
</kw>
<kw name="Log" owner="BuiltIn">
<msg time="2024-05-10T21:14:54.813113" level="INFO">200</msg>
<arg>${response.status_code}</arg>
<doc>Logs the given message with the given level.</doc>
<status status="PASS" start="2024-05-10T21:14:54.812765" elapsed="0.000388"/>
</kw>
<kw name="Set Variable" owner="BuiltIn">
<msg time="2024-05-10T21:14:54.813894" level="INFO">${json_data} = {'results': [{'gender': 'female', 'name': {'title': 'Miss', 'first': 'Victoria', 'last': 'Andersen'}, 'location': {'street': {'number': 2751, 'name': 'Syrenvej'}, 'city': 'Amager', 'state': 'Sjælland'...</msg>
<var>${json_data}</var>
<arg>${response.json()}</arg>
<doc>Returns the given values which can then be assigned to a variables.</doc>
<status status="PASS" start="2024-05-10T21:14:54.813455" elapsed="0.000500"/>
</kw>
<kw name="Dictionary Should Contain Key" owner="Collections">
<msg time="2024-05-10T21:14:54.814432" level="INFO">False</msg>
<arg>${json_data}</arg>
<arg>results</arg>
<doc>Fails if ``key`` is not found from ``dictionary``.</doc>
<status status="PASS" start="2024-05-10T21:14:54.814266" elapsed="0.000204"/>
</kw>
<status status="PASS" start="2024-05-10T21:14:54.598653" elapsed="0.216071"/>
</kw>
<doc>Testa se a API responde corretamente e retorna um objeto JSON válido.</doc>
<tag>testeRequisicaoBasica</tag>
<status status="PASS" start="2024-05-10T21:14:54.598187" elapsed="0.216711"/>
</test>
<test id="s1-s1-t3" name="Validar estrutura de resposta" line="22">
<kw name="Teste de Estrutura de Resposta" owner="random-user-service">
<kw name="GET On Session" owner="RequestsLibrary">
<msg time="2024-05-10T21:14:54.919375" level="INFO">GET Request : url=https://randomuser.me/api 
 path_url=/api 
 headers={'User-Agent': 'python-requests/2.31.0', 'Accept-Encoding': 'gzip, deflate', 'Accept': '*/*', 'Connection': 'keep-alive'} 
 body=None 
 </msg>
<msg time="2024-05-10T21:14:54.919445" level="INFO">GET Response : url=https://randomuser.me/api 
 status=200, reason=OK 
 headers={'Date': 'Fri, 10 May 2024 21:14:54 GMT', 'Content-Type': 'application/json; charset=utf-8', 'Transfer-Encoding': 'chunked', 'Connection': 'keep-alive', 'X-Powered-By': 'Express', 'Access-Control-Allow-Origin': '*', 'Cache-Control': 'no-cache', 'ETag': 'W/"483-+9AsfQwuC/S4CZ8G1Xu+oLPQXAY"', 'Vary': 'Accept-Encoding', 'Content-Encoding': 'gzip', 'CF-Cache-Status': 'DYNAMIC', 'Report-To': '{"endpoints":[{"url":"https:\\/\\/a.nel.cloudflare.com\\/report\\/v4?s=hvDmR6KAjss3qVuuE%2BO85ukNqLZXWn7VHSbNoru6TD0SBLQvKSOoLbP5HFngfmo5Mm5udo8%2FIp%2B3xC3euM5wu4fZqStu%2Fd9WZKgUtKgaFlj1jsAEsGp%2Berkqqp594Vah"}],"group":"cf-nel","max_age":604800}', 'NEL': '{"success_fraction":0,"report_to":"cf-nel","max_age":604800}', 'Server': 'cloudflare', 'CF-RAY': '881cf10caee40cab-LAX', 'alt-svc': 'h3=":443"; ma=86400'} 
 body={"results":[{"gender":"female","name":{"title":"Miss","first":"Maëlle","last":"Petit"},"location":{"street":{"number":2469,"name":"Place du 8 Février 1962"},"city":"Metz","state":"Nord","country":"France","postcode":42472,"coordinates":{"latitude":"-16.2461","longitude":"144.2587"},"timezone":{"offset":"+4:30","description":"Kabul"}},"email":"maelle.petit@example.com","login":{"uuid":"cc2a347b-5b49-4435-8460-a35897c8be67","username":"angrymouse296","password":"hill","salt":"UqMrowFs","md5":"5a4c7fe3acf8a91c1a507e4b5e0e19cb","sha1":"1e592223f42fadaacea6cef84aa51ed8bd4046f1","sha256":"c66249d6213dd71ba5c4ea254d750cd395acb194a9af99326cf4e6a0f9636b04"},"dob":{"date":"1963-10-12T00:44:43.621Z","age":60},"registered":{"date":"2012-08-25T18:19:15.809Z","age":11},"phone":"03-75-68-44-45","cell":"06-79-89-78-66","id":{"name":"INSEE","value":"2630936868645 49"},"picture":{"large":"https://randomuser.me/api/portraits/women/58.jpg","medium":"https://randomuser.me/api/portraits/med/women/58.jpg","thumbnail":"https://randomuser.me/api/portraits/thumb/women/58.jpg"},"nat":"FR"}],"info":{"seed":"d4caa4d50c18e568","results":1,"page":1,"version":"1.4"}} 
 </msg>
<msg time="2024-05-10T21:14:54.919545" level="INFO">/opt/hostedtoolcache/Python/3.12.3/x64/lib/python3.12/site-packages/urllib3/connectionpool.py:1103: InsecureRequestWarning: Unverified HTTPS request is being made to host 'randomuser.me'. Adding certificate verification is strongly advised. See: https://urllib3.readthedocs.io/en/latest/advanced-usage.html#tls-warnings
  warnings.warn(</msg>
<msg time="2024-05-10T21:14:54.919661" level="INFO">${response} = &lt;Response [200]&gt;</msg>
<var>${response}</var>
<arg>consultarAPI</arg>
<arg>/api</arg>
<doc>Sends a GET request on a previously created HTTP Session.</doc>
<status status="PASS" start="2024-05-10T21:14:54.817503" elapsed="0.102202"/>
</kw>
<kw name="Set Variable" owner="BuiltIn">
<msg time="2024-05-10T21:14:54.920567" level="INFO">${json_data} = {'results': [{'gender': 'female', 'name': {'title': 'Miss', 'first': 'Maëlle', 'last': 'Petit'}, 'location': {'street': {'number': 2469, 'name': 'Place du 8 Février 1962'}, 'city': 'Metz', 'state': 'N...</msg>
<var>${json_data}</var>
<arg>${response.json()}</arg>
<doc>Returns the given values which can then be assigned to a variables.</doc>
<status status="PASS" start="2024-05-10T21:14:54.920086" elapsed="0.000512"/>
</kw>
<kw name="Log" owner="BuiltIn">
<msg time="2024-05-10T21:14:54.921076" level="INFO">{'results': [{'gender': 'female', 'name': {'title': 'Miss', 'first': 'Maëlle', 'last': 'Petit'}, 'location': {'street': {'number': 2469, 'name': 'Place du 8 Février 1962'}, 'city': 'Metz', 'state': 'Nord', 'country': 'France', 'postcode': 42472, 'coordinates': {'latitude': '-16.2461', 'longitude': '144.2587'}, 'timezone': {'offset': '+4:30', 'description': 'Kabul'}}, 'email': 'maelle.petit@example.com', 'login': {'uuid': 'cc2a347b-5b49-4435-8460-a35897c8be67', 'username': 'angrymouse296', 'password': 'hill', 'salt': 'UqMrowFs', 'md5': '5a4c7fe3acf8a91c1a507e4b5e0e19cb', 'sha1': '1e592223f42fadaacea6cef84aa51ed8bd4046f1', 'sha256': 'c66249d6213dd71ba5c4ea254d750cd395acb194a9af99326cf4e6a0f9636b04'}, 'dob': {'date': '1963-10-12T00:44:43.621Z', 'age': 60}, 'registered': {'date': '2012-08-25T18:19:15.809Z', 'age': 11}, 'phone': '03-75-68-44-45', 'cell': '06-79-89-78-66', 'id': {'name': 'INSEE', 'value': '2630936868645 49'}, 'picture': {'large': 'https://randomuser.me/api/portraits/women/58.jpg', 'medium': 'https://randomuser.me/api/portraits/med/women/58.jpg', 'thumbnail': 'https://randomuser.me/api/portraits/thumb/women/58.jpg'}, 'nat': 'FR'}], 'info': {'seed': 'd4caa4d50c18e568', 'results': 1, 'page': 1, 'version': '1.4'}}</msg>
<arg>${json_data}</arg>
<doc>Logs the given message with the given level.</doc>
<status status="PASS" start="2024-05-10T21:14:54.920908" elapsed="0.000221"/>
</kw>
<kw name="Dictionary Should Contain Key" owner="Collections">
<msg time="2024-05-10T21:14:54.921584" level="INFO">False</msg>
<arg>${json_data}</arg>
<arg>results</arg>
<doc>Fails if ``key`` is not found from ``dictionary``.</doc>
<status status="PASS" start="2024-05-10T21:14:54.921430" elapsed="0.000190"/>
</kw>
<kw name="Should Not Be Empty" owner="BuiltIn">
<msg time="2024-05-10T21:14:54.922107" level="INFO">Length is 2.</msg>
<arg>${json_data}</arg>
<doc>Verifies that the given item is not empty.</doc>
<status status="PASS" start="2024-05-10T21:14:54.921953" elapsed="0.000193"/>
</kw>
<kw name="Create List" owner="BuiltIn">
<msg time="2024-05-10T21:14:54.922713" level="INFO">${expected_keys} = ['gender', 'name', 'location', 'email', 'login']</msg>
<var>${expected_keys}</var>
<arg>gender</arg>
<arg>name</arg>
<arg>location</arg>
<arg>email</arg>
<arg>login</arg>
<doc>Returns a list containing given items.</doc>
<status status="PASS" start="2024-05-10T21:14:54.922439" elapsed="0.000300"/>
</kw>
<for flavor="IN">
<iter>
<kw name="Dictionary Should Contain Key" owner="Collections">
<msg time="2024-05-10T21:14:54.923727" level="INFO">False</msg>
<arg>${json_data['results'][0]}</arg>
<arg>${key}</arg>
<doc>Fails if ``key`` is not found from ``dictionary``.</doc>
<status status="PASS" start="2024-05-10T21:14:54.923318" elapsed="0.000447"/>
</kw>
<kw name="Log" owner="BuiltIn">
<msg time="2024-05-10T21:14:54.924435" level="INFO">{'gender': 'female', 'name': {'title': 'Miss', 'first': 'Maëlle', 'last': 'Petit'}, 'location': {'street': {'number': 2469, 'name': 'Place du 8 Février 1962'}, 'city': 'Metz', 'state': 'Nord', 'country': 'France', 'postcode': 42472, 'coordinates': {'latitude': '-16.2461', 'longitude': '144.2587'}, 'timezone': {'offset': '+4:30', 'description': 'Kabul'}}, 'email': 'maelle.petit@example.com', 'login': {'uuid': 'cc2a347b-5b49-4435-8460-a35897c8be67', 'username': 'angrymouse296', 'password': 'hill', 'salt': 'UqMrowFs', 'md5': '5a4c7fe3acf8a91c1a507e4b5e0e19cb', 'sha1': '1e592223f42fadaacea6cef84aa51ed8bd4046f1', 'sha256': 'c66249d6213dd71ba5c4ea254d750cd395acb194a9af99326cf4e6a0f9636b04'}, 'dob': {'date': '1963-10-12T00:44:43.621Z', 'age': 60}, 'registered': {'date': '2012-08-25T18:19:15.809Z', 'age': 11}, 'phone': '03-75-68-44-45', 'cell': '06-79-89-78-66', 'id': {'name': 'INSEE', 'value': '2630936868645 49'}, 'picture': {'large': 'https://randomuser.me/api/portraits/women/58.jpg', 'medium': 'https://randomuser.me/api/portraits/med/women/58.jpg', 'thumbnail': 'https://randomuser.me/api/portraits/thumb/women/58.jpg'}, 'nat': 'FR'}</msg>
<arg>${json_data['results'][0]}</arg>
<doc>Logs the given message with the given level.</doc>
<status status="PASS" start="2024-05-10T21:14:54.924065" elapsed="0.000422"/>
</kw>
<kw name="Log" owner="BuiltIn">
<msg time="2024-05-10T21:14:54.924915" level="INFO">gender</msg>
<arg>${key}</arg>
<doc>Logs the given message with the given level.</doc>
<status status="PASS" start="2024-05-10T21:14:54.924787" elapsed="0.000165"/>
</kw>
<var name="${key}">gender</var>
<status status="PASS" start="2024-05-10T21:14:54.923192" elapsed="0.001975"/>
</iter>
<iter>
<kw name="Dictionary Should Contain Key" owner="Collections">
<msg time="2024-05-10T21:14:54.925848" level="INFO">False</msg>
<arg>${json_data['results'][0]}</arg>
<arg>${key}</arg>
<doc>Fails if ``key`` is not found from ``dictionary``.</doc>
<status status="PASS" start="2024-05-10T21:14:54.925466" elapsed="0.000419"/>
</kw>
<kw name="Log" owner="BuiltIn">
<msg time="2024-05-10T21:14:54.926654" level="INFO">{'gender': 'female', 'name': {'title': 'Miss', 'first': 'Maëlle', 'last': 'Petit'}, 'location': {'street': {'number': 2469, 'name': 'Place du 8 Février 1962'}, 'city': 'Metz', 'state': 'Nord', 'country': 'France', 'postcode': 42472, 'coordinates': {'latitude': '-16.2461', 'longitude': '144.2587'}, 'timezone': {'offset': '+4:30', 'description': 'Kabul'}}, 'email': 'maelle.petit@example.com', 'login': {'uuid': 'cc2a347b-5b49-4435-8460-a35897c8be67', 'username': 'angrymouse296', 'password': 'hill', 'salt': 'UqMrowFs', 'md5': '5a4c7fe3acf8a91c1a507e4b5e0e19cb', 'sha1': '1e592223f42fadaacea6cef84aa51ed8bd4046f1', 'sha256': 'c66249d6213dd71ba5c4ea254d750cd395acb194a9af99326cf4e6a0f9636b04'}, 'dob': {'date': '1963-10-12T00:44:43.621Z', 'age': 60}, 'registered': {'date': '2012-08-25T18:19:15.809Z', 'age': 11}, 'phone': '03-75-68-44-45', 'cell': '06-79-89-78-66', 'id': {'name': 'INSEE', 'value': '2630936868645 49'}, 'picture': {'large': 'https://randomuser.me/api/portraits/women/58.jpg', 'medium': 'https://randomuser.me/api/portraits/med/women/58.jpg', 'thumbnail': 'https://randomuser.me/api/portraits/thumb/women/58.jpg'}, 'nat': 'FR'}</msg>
<arg>${json_data['results'][0]}</arg>
<doc>Logs the given message with the given level.</doc>
<status status="PASS" start="2024-05-10T21:14:54.926273" elapsed="0.000431"/>
</kw>
<kw name="Log" owner="BuiltIn">
<msg time="2024-05-10T21:14:54.927130" level="INFO">name</msg>
<arg>${key}</arg>
<doc>Logs the given message with the given level.</doc>
<status status="PASS" start="2024-05-10T21:14:54.927002" elapsed="0.000163"/>
</kw>
<var name="${key}">name</var>
<status status="PASS" start="2024-05-10T21:14:54.925351" elapsed="0.002030"/>
</iter>
<iter>
<kw name="Dictionary Should Contain Key" owner="Collections">
<msg time="2024-05-10T21:14:54.928054" level="INFO">False</msg>
<arg>${json_data['results'][0]}</arg>
<arg>${key}</arg>
<doc>Fails if ``key`` is not found from ``dictionary``.</doc>
<status status="PASS" start="2024-05-10T21:14:54.927672" elapsed="0.000418"/>
</kw>
<kw name="Log" owner="BuiltIn">
<msg time="2024-05-10T21:14:54.928757" level="INFO">{'gender': 'female', 'name': {'title': 'Miss', 'first': 'Maëlle', 'last': 'Petit'}, 'location': {'street': {'number': 2469, 'name': 'Place du 8 Février 1962'}, 'city': 'Metz', 'state': 'Nord', 'country': 'France', 'postcode': 42472, 'coordinates': {'latitude': '-16.2461', 'longitude': '144.2587'}, 'timezone': {'offset': '+4:30', 'description': 'Kabul'}}, 'email': 'maelle.petit@example.com', 'login': {'uuid': 'cc2a347b-5b49-4435-8460-a35897c8be67', 'username': 'angrymouse296', 'password': 'hill', 'salt': 'UqMrowFs', 'md5': '5a4c7fe3acf8a91c1a507e4b5e0e19cb', 'sha1': '1e592223f42fadaacea6cef84aa51ed8bd4046f1', 'sha256': 'c66249d6213dd71ba5c4ea254d750cd395acb194a9af99326cf4e6a0f9636b04'}, 'dob': {'date': '1963-10-12T00:44:43.621Z', 'age': 60}, 'registered': {'date': '2012-08-25T18:19:15.809Z', 'age': 11}, 'phone': '03-75-68-44-45', 'cell': '06-79-89-78-66', 'id': {'name': 'INSEE', 'value': '2630936868645 49'}, 'picture': {'large': 'https://randomuser.me/api/portraits/women/58.jpg', 'medium': 'https://randomuser.me/api/portraits/med/women/58.jpg', 'thumbnail': 'https://randomuser.me/api/portraits/thumb/women/58.jpg'}, 'nat': 'FR'}</msg>
<arg>${json_data['results'][0]}</arg>
<doc>Logs the given message with the given level.</doc>
<status status="PASS" start="2024-05-10T21:14:54.928390" elapsed="0.000416"/>
</kw>
<kw name="Log" owner="BuiltIn">
<msg time="2024-05-10T21:14:54.929225" level="INFO">location</msg>
<arg>${key}</arg>
<doc>Logs the given message with the given level.</doc>
<status status="PASS" start="2024-05-10T21:14:54.929101" elapsed="0.000160"/>
</kw>
<var name="${key}">location</var>
<status status="PASS" start="2024-05-10T21:14:54.927560" elapsed="0.001913"/>
</iter>
<iter>
<kw name="Dictionary Should Contain Key" owner="Collections">
<msg time="2024-05-10T21:14:54.930185" level="INFO">False</msg>
<arg>${json_data['results'][0]}</arg>
<arg>${key}</arg>
<doc>Fails if ``key`` is not found from ``dictionary``.</doc>
<status status="PASS" start="2024-05-10T21:14:54.929754" elapsed="0.000469"/>
</kw>
<kw name="Log" owner="BuiltIn">
<msg time="2024-05-10T21:14:54.930888" level="INFO">{'gender': 'female', 'name': {'title': 'Miss', 'first': 'Maëlle', 'last': 'Petit'}, 'location': {'street': {'number': 2469, 'name': 'Place du 8 Février 1962'}, 'city': 'Metz', 'state': 'Nord', 'country': 'France', 'postcode': 42472, 'coordinates': {'latitude': '-16.2461', 'longitude': '144.2587'}, 'timezone': {'offset': '+4:30', 'description': 'Kabul'}}, 'email': 'maelle.petit@example.com', 'login': {'uuid': 'cc2a347b-5b49-4435-8460-a35897c8be67', 'username': 'angrymouse296', 'password': 'hill', 'salt': 'UqMrowFs', 'md5': '5a4c7fe3acf8a91c1a507e4b5e0e19cb', 'sha1': '1e592223f42fadaacea6cef84aa51ed8bd4046f1', 'sha256': 'c66249d6213dd71ba5c4ea254d750cd395acb194a9af99326cf4e6a0f9636b04'}, 'dob': {'date': '1963-10-12T00:44:43.621Z', 'age': 60}, 'registered': {'date': '2012-08-25T18:19:15.809Z', 'age': 11}, 'phone': '03-75-68-44-45', 'cell': '06-79-89-78-66', 'id': {'name': 'INSEE', 'value': '2630936868645 49'}, 'picture': {'large': 'https://randomuser.me/api/portraits/women/58.jpg', 'medium': 'https://randomuser.me/api/portraits/med/women/58.jpg', 'thumbnail': 'https://randomuser.me/api/portraits/thumb/women/58.jpg'}, 'nat': 'FR'}</msg>
<arg>${json_data['results'][0]}</arg>
<doc>Logs the given message with the given level.</doc>
<status status="PASS" start="2024-05-10T21:14:54.930521" elapsed="0.000415"/>
</kw>
<kw name="Log" owner="BuiltIn">
<msg time="2024-05-10T21:14:54.931358" level="INFO">email</msg>
<arg>${key}</arg>
<doc>Logs the given message with the given level.</doc>
<status status="PASS" start="2024-05-10T21:14:54.931231" elapsed="0.000164"/>
</kw>
<var name="${key}">email</var>
<status status="PASS" start="2024-05-10T21:14:54.929646" elapsed="0.001960"/>
</iter>
<iter>
<kw name="Dictionary Should Contain Key" owner="Collections">
<msg time="2024-05-10T21:14:54.932276" level="INFO">False</msg>
<arg>${json_data['results'][0]}</arg>
<arg>${key}</arg>
<doc>Fails if ``key`` is not found from ``dictionary``.</doc>
<status status="PASS" start="2024-05-10T21:14:54.931895" elapsed="0.000418"/>
</kw>
<kw name="Log" owner="BuiltIn">
<msg time="2024-05-10T21:14:54.932977" level="INFO">{'gender': 'female', 'name': {'title': 'Miss', 'first': 'Maëlle', 'last': 'Petit'}, 'location': {'street': {'number': 2469, 'name': 'Place du 8 Février 1962'}, 'city': 'Metz', 'state': 'Nord', 'country': 'France', 'postcode': 42472, 'coordinates': {'latitude': '-16.2461', 'longitude': '144.2587'}, 'timezone': {'offset': '+4:30', 'description': 'Kabul'}}, 'email': 'maelle.petit@example.com', 'login': {'uuid': 'cc2a347b-5b49-4435-8460-a35897c8be67', 'username': 'angrymouse296', 'password': 'hill', 'salt': 'UqMrowFs', 'md5': '5a4c7fe3acf8a91c1a507e4b5e0e19cb', 'sha1': '1e592223f42fadaacea6cef84aa51ed8bd4046f1', 'sha256': 'c66249d6213dd71ba5c4ea254d750cd395acb194a9af99326cf4e6a0f9636b04'}, 'dob': {'date': '1963-10-12T00:44:43.621Z', 'age': 60}, 'registered': {'date': '2012-08-25T18:19:15.809Z', 'age': 11}, 'phone': '03-75-68-44-45', 'cell': '06-79-89-78-66', 'id': {'name': 'INSEE', 'value': '2630936868645 49'}, 'picture': {'large': 'https://randomuser.me/api/portraits/women/58.jpg', 'medium': 'https://randomuser.me/api/portraits/med/women/58.jpg', 'thumbnail': 'https://randomuser.me/api/portraits/thumb/women/58.jpg'}, 'nat': 'FR'}</msg>
<arg>${json_data['results'][0]}</arg>
<doc>Logs the given message with the given level.</doc>
<status status="PASS" start="2024-05-10T21:14:54.932607" elapsed="0.000418"/>
</kw>
<kw name="Log" owner="BuiltIn">
<msg time="2024-05-10T21:14:54.933452" level="INFO">login</msg>
<arg>${key}</arg>
<doc>Logs the given message with the given level.</doc>
<status status="PASS" start="2024-05-10T21:14:54.933327" elapsed="0.000162"/>
</kw>
<var name="${key}">login</var>
<status status="PASS" start="2024-05-10T21:14:54.931779" elapsed="0.001924"/>
</iter>
<var>${key}</var>
<value>@{expected_keys}</value>
<status status="PASS" start="2024-05-10T21:14:54.923007" elapsed="0.010842"/>
</for>
<kw name="Create List" owner="BuiltIn">
<msg time="2024-05-10T21:14:54.934246" level="INFO">${expected_keysTwo} = ['username', 'password']</msg>
<var>${expected_keysTwo}</var>
<arg>username</arg>
<arg>password</arg>
<doc>Returns a list containing given items.</doc>
<status status="PASS" start="2024-05-10T21:14:54.934108" elapsed="0.000161"/>
</kw>
<for flavor="IN">
<iter>
<kw name="Dictionary Should Contain Key" owner="Collections">
<msg time="2024-05-10T21:14:54.935149" level="INFO">False</msg>
<arg>${json_data['results'][0]['login']}</arg>
<arg>${keyTwo}</arg>
<doc>Fails if ``key`` is not found from ``dictionary``.</doc>
<status status="PASS" start="2024-05-10T21:14:54.934764" elapsed="0.000421"/>
</kw>
<kw name="Dictionary Should Contain Key" owner="Collections">
<msg time="2024-05-10T21:14:54.935863" level="INFO">False</msg>
<arg>${json_data['results'][0]['login']}</arg>
<arg>${keyTwo}</arg>
<doc>Fails if ``key`` is not found from ``dictionary``.</doc>
<status status="PASS" start="2024-05-10T21:14:54.935477" elapsed="0.000422"/>
</kw>
<kw name="Log" owner="BuiltIn">
<msg time="2024-05-10T21:14:54.936312" level="INFO">username</msg>
<arg>${keyTwo}</arg>
<doc>Logs the given message with the given level.</doc>
<status status="PASS" start="2024-05-10T21:14:54.936187" elapsed="0.000178"/>
</kw>
<var name="${keyTwo}">username</var>
<status status="PASS" start="2024-05-10T21:14:54.934654" elapsed="0.001938"/>
</iter>
<iter>
<kw name="Dictionary Should Contain Key" owner="Collections">
<msg time="2024-05-10T21:14:54.937250" level="INFO">False</msg>
<arg>${json_data['results'][0]['login']}</arg>
<arg>${keyTwo}</arg>
<doc>Fails if ``key`` is not found from ``dictionary``.</doc>
<status status="PASS" start="2024-05-10T21:14:54.936870" elapsed="0.000416"/>
</kw>
<kw name="Dictionary Should Contain Key" owner="Collections">
<msg time="2024-05-10T21:14:54.938074" level="INFO">False</msg>
<arg>${json_data['results'][0]['login']}</arg>
<arg>${keyTwo}</arg>
<doc>Fails if ``key`` is not found from ``dictionary``.</doc>
<status status="PASS" start="2024-05-10T21:14:54.937572" elapsed="0.000542"/>
</kw>
<kw name="Log" owner="BuiltIn">
<msg time="2024-05-10T21:14:54.938538" level="INFO">password</msg>
<arg>${keyTwo}</arg>
<doc>Logs the given message with the given level.</doc>
<status status="PASS" start="2024-05-10T21:14:54.938411" elapsed="0.000164"/>
</kw>
<var name="${keyTwo}">password</var>
<status status="PASS" start="2024-05-10T21:14:54.936761" elapsed="0.002029"/>
</iter>
<var>${keyTwo}</var>
<value>@{expected_keysTwo}</value>
<status status="PASS" start="2024-05-10T21:14:54.934504" elapsed="0.004405"/>
</for>
<status status="PASS" start="2024-05-10T21:14:54.817267" elapsed="0.121777"/>
</kw>
<doc>Testa a estrutura da resposta da API.</doc>
<tag>testeEstruturaResposta</tag>
<status status="PASS" start="2024-05-10T21:14:54.816763" elapsed="0.122428"/>
</test>
<test id="s1-s1-t4" name="Validar tipos de dados" line="28">
<kw name="Teste de Tipos de Dados" owner="random-user-service">
<kw name="GET On Session" owner="RequestsLibrary">
<msg time="2024-05-10T21:14:55.042168" level="INFO">GET Request : url=https://randomuser.me/api 
 path_url=/api 
 headers={'User-Agent': 'python-requests/2.31.0', 'Accept-Encoding': 'gzip, deflate', 'Accept': '*/*', 'Connection': 'keep-alive'} 
 body=None 
 </msg>
<msg time="2024-05-10T21:14:55.042252" level="INFO">GET Response : url=https://randomuser.me/api 
 status=200, reason=OK 
 headers={'Date': 'Fri, 10 May 2024 21:14:55 GMT', 'Content-Type': 'application/json; charset=utf-8', 'Transfer-Encoding': 'chunked', 'Connection': 'keep-alive', 'X-Powered-By': 'Express', 'Access-Control-Allow-Origin': '*', 'Cache-Control': 'no-cache', 'ETag': 'W/"48e-W83bLDTxWK+GFd9BZ+KN9s4JQUM"', 'Vary': 'Accept-Encoding', 'Content-Encoding': 'gzip', 'CF-Cache-Status': 'DYNAMIC', 'Report-To': '{"endpoints":[{"url":"https:\\/\\/a.nel.cloudflare.com\\/report\\/v4?s=wa%2FdfPiuP3w4fJnOLhbfQprueMtI8PCXnJumqhgxbqXZfZ1CYoU1EGlOYzVj1h3OQO52ZPTO9USmpenb7HPz4oam7L4eix0Wjfrr04Oax4XxRJG6sZyWyk%2F%2BNBGviqRd"}],"group":"cf-nel","max_age":604800}', 'NEL': '{"success_fraction":0,"report_to":"cf-nel","max_age":604800}', 'Server': 'cloudflare', 'CF-RAY': '881cf10d6f9c0cab-LAX', 'alt-svc': 'h3=":443"; ma=86400'} 
 body={"results":[{"gender":"female","name":{"title":"Mrs","first":"Elif","last":"Beşerler"},"location":{"street":{"number":7801,"name":"Filistin Cd"},"city":"Afyonkarahisar","state":"Iğdır","country":"Turkey","postcode":77955,"coordinates":{"latitude":"71.2647","longitude":"45.5676"},"timezone":{"offset":"+5:30","description":"Bombay, Calcutta, Madras, New Delhi"}},"email":"elif.beserler@example.com","login":{"uuid":"538bc90f-c968-4364-ac14-fecfc4f36da7","username":"crazyzebra914","password":"almond","salt":"KxInyq4V","md5":"df472e3abdc0d9aa65ee04288337e05d","sha1":"36212be3e19cfe8278108bf941cf0f127fffbff0","sha256":"765497bb1e8c8b9d3a4d0df0eccf7c20902d5f8145f969dfb2f04f86f5ebe778"},"dob":{"date":"1990-04-21T19:44:04.092Z","age":34},"registered":{"date":"2022-04-23T10:37:33.936Z","age":2},"phone":"(292)-486-4622","cell":"(240)-530-0285","id":{"name":"","value":null},"picture":{"large":"https://randomuser.me/api/portraits/women/76.jpg","medium":"https://randomuser.me/api/portraits/med/women/76.jpg","thumbnail":"https://randomuser.me/api/portraits/thumb/women/76.jpg"},"nat":"TR"}],"info":{"seed":"1c1493215e5e3cd7","results":1,"page":1,"version":"1.4"}} 
 </msg>
<msg time="2024-05-10T21:14:55.042328" level="INFO">/opt/hostedtoolcache/Python/3.12.3/x64/lib/python3.12/site-packages/urllib3/connectionpool.py:1103: InsecureRequestWarning: Unverified HTTPS request is being made to host 'randomuser.me'. Adding certificate verification is strongly advised. See: https://urllib3.readthedocs.io/en/latest/advanced-usage.html#tls-warnings
  warnings.warn(</msg>
<msg time="2024-05-10T21:14:55.042437" level="INFO">${response} = &lt;Response [200]&gt;</msg>
<var>${response}</var>
<arg>consultarAPI</arg>
<arg>/api</arg>
<doc>Sends a GET request on a previously created HTTP Session.</doc>
<status status="PASS" start="2024-05-10T21:14:54.941587" elapsed="0.100888"/>
</kw>
<kw name="Set Variable" owner="BuiltIn">
<msg time="2024-05-10T21:14:55.043483" level="INFO">${json_data} = {'results': [{'gender': 'female', 'name': {'title': 'Mrs', 'first': 'Elif', 'last': 'Beşerler'}, 'location': {'street': {'number': 7801, 'name': 'Filistin Cd'}, 'city': 'Afyonkarahisar', 'state': 'Iğd...</msg>
<var>${json_data}</var>
<arg>${response.json()}</arg>
<doc>Returns the given values which can then be assigned to a variables.</doc>
<status status="PASS" start="2024-05-10T21:14:55.043015" elapsed="0.000497"/>
</kw>
<kw name="Log" owner="BuiltIn">
<msg time="2024-05-10T21:14:55.043982" level="INFO">{'results': [{'gender': 'female', 'name': {'title': 'Mrs', 'first': 'Elif', 'last': 'Beşerler'}, 'location': {'street': {'number': 7801, 'name': 'Filistin Cd'}, 'city': 'Afyonkarahisar', 'state': 'Iğdır', 'country': 'Turkey', 'postcode': 77955, 'coordinates': {'latitude': '71.2647', 'longitude': '45.5676'}, 'timezone': {'offset': '+5:30', 'description': 'Bombay, Calcutta, Madras, New Delhi'}}, 'email': 'elif.beserler@example.com', 'login': {'uuid': '538bc90f-c968-4364-ac14-fecfc4f36da7', 'username': 'crazyzebra914', 'password': 'almond', 'salt': 'KxInyq4V', 'md5': 'df472e3abdc0d9aa65ee04288337e05d', 'sha1': '36212be3e19cfe8278108bf941cf0f127fffbff0', 'sha256': '765497bb1e8c8b9d3a4d0df0eccf7c20902d5f8145f969dfb2f04f86f5ebe778'}, 'dob': {'date': '1990-04-21T19:44:04.092Z', 'age': 34}, 'registered': {'date': '2022-04-23T10:37:33.936Z', 'age': 2}, 'phone': '(292)-486-4622', 'cell': '(240)-530-0285', 'id': {'name': '', 'value': None}, 'picture': {'large': 'https://randomuser.me/api/portraits/women/76.jpg', 'medium': 'https://randomuser.me/api/portraits/med/women/76.jpg', 'thumbnail': 'https://randomuser.me/api/portraits/thumb/women/76.jpg'}, 'nat': 'TR'}], 'info': {'seed': '1c1493215e5e3cd7', 'results': 1, 'page': 1, 'version': '1.4'}}</msg>
<arg>${json_data}</arg>
<doc>Logs the given message with the given level.</doc>
<status status="PASS" start="2024-05-10T21:14:55.043827" elapsed="0.000235"/>
</kw>
<kw name="Should Be String" owner="String">
<arg>${json_data['results'][0]['gender']}</arg>
<doc>Fails if the given ``item`` is not a string.</doc>
<status status="PASS" start="2024-05-10T21:14:55.044364" elapsed="0.000356"/>
</kw>
<kw name="Should Match Regexp" owner="BuiltIn">
<arg>${json_data['results'][0]['email']}</arg>
<arg>^[a-zA-Z0-9._%+-]+@[a-zA-Z0-9.-]+\.[a-zA-Z]{2,}$</arg>
<doc>Fails if ``string`` does not match ``pattern`` as a regular expression.</doc>
<status status="PASS" start="2024-05-10T21:14:55.044910" elapsed="0.000504"/>
</kw>
<kw name="Should Match Regexp" owner="BuiltIn">
<arg>${json_data['results'][0]['dob']['date']}</arg>
<arg>\\d{4}-\\d{2}-\\d{2}T\\d{2}:\\d{2}:\\d{2}\\.\\d{3}Z</arg>
<doc>Fails if ``string`` does not match ``pattern`` as a regular expression.</doc>
<status status="PASS" start="2024-05-10T21:14:55.045606" elapsed="0.000514"/>
</kw>
<kw name="Should Match Regexp" owner="BuiltIn">
<arg>${json_data['results'][0]['registered']['date']}</arg>
<arg>\\d{4}-\\d{2}-\\d{2}T\\d{2}:\\d{2}:\\d{2}\\.\\d{3}Z</arg>
<doc>Fails if ``string`` does not match ``pattern`` as a regular expression.</doc>
<status status="PASS" start="2024-05-10T21:14:55.046311" elapsed="0.000374"/>
</kw>
<kw name="Should Match Regexp" owner="BuiltIn">
<arg>${json_data['results'][0]['picture']['large']}</arg>
<arg>^https?://.*\.(?:png|jpe?g|gif|bmp)$</arg>
<doc>Fails if ``string`` does not match ``pattern`` as a regular expression.</doc>
<status status="PASS" start="2024-05-10T21:14:55.046870" elapsed="0.000505"/>
</kw>
<kw name="Should Match Regexp" owner="BuiltIn">
<arg>${json_data['results'][0]['picture']['medium']}</arg>
<arg>^https?://.*\.(?:png|jpe?g|gif|bmp)$</arg>
<doc>Fails if ``string`` does not match ``pattern`` as a regular expression.</doc>
<status status="PASS" start="2024-05-10T21:14:55.047565" elapsed="0.000357"/>
</kw>
<kw name="Should Match Regexp" owner="BuiltIn">
<arg>${json_data['results'][0]['picture']['thumbnail']}</arg>
<arg>^https?://.*\.(?:png|jpe?g|gif|bmp)$</arg>
<doc>Fails if ``string`` does not match ``pattern`` as a regular expression.</doc>
<status status="PASS" start="2024-05-10T21:14:55.048131" elapsed="0.000369"/>
</kw>
<kw name="Log" owner="BuiltIn">
<msg time="2024-05-10T21:14:55.049000" level="INFO">{'large': 'https://randomuser.me/api/portraits/women/76.jpg', 'medium': 'https://randomuser.me/api/portraits/med/women/76.jpg', 'thumbnail': 'https://randomuser.me/api/portraits/thumb/women/76.jpg'}</msg>
<arg>${json_data['results'][0]['picture']}</arg>
<doc>Logs the given message with the given level.</doc>
<status status="PASS" start="2024-05-10T21:14:55.048680" elapsed="0.000360"/>
</kw>
<status status="PASS" start="2024-05-10T21:14:54.941368" elapsed="0.107924"/>
</kw>
<kw name="Teste de Tipos de Dados - Postcode" owner="random-user-service">
<kw name="GET On Session" owner="RequestsLibrary">
<msg time="2024-05-10T21:14:55.149342" level="INFO">GET Request : url=https://randomuser.me/api 
 path_url=/api 
 headers={'User-Agent': 'python-requests/2.31.0', 'Accept-Encoding': 'gzip, deflate', 'Accept': '*/*', 'Connection': 'keep-alive'} 
 body=None 
 </msg>
<msg time="2024-05-10T21:14:55.149405" level="INFO">GET Response : url=https://randomuser.me/api 
 status=200, reason=OK 
 headers={'Date': 'Fri, 10 May 2024 21:14:55 GMT', 'Content-Type': 'application/json; charset=utf-8', 'Transfer-Encoding': 'chunked', 'Connection': 'keep-alive', 'X-Powered-By': 'Express', 'Access-Control-Allow-Origin': '*', 'Cache-Control': 'no-cache', 'ETag': 'W/"46e-oS3NtidS6nzFUw3yyHqPNAHmUI0"', 'Vary': 'Accept-Encoding', 'Content-Encoding': 'gzip', 'CF-Cache-Status': 'DYNAMIC', 'Report-To': '{"endpoints":[{"url":"https:\\/\\/a.nel.cloudflare.com\\/report\\/v4?s=%2FBhwUsFMAawQGNABJiJRPEYu9w%2BpNbh3gOKr86OajrNlCRXoMpcZhq%2FeNh1Ky7FuTM1jukzZl7Jkb2LpkOB6ZfTqkoBfNSmn%2FPWmVoDkWpfSU4U4RsBWyDuZGT%2BsW8FC"}],"group":"cf-nel","max_age":604800}', 'NEL': '{"success_fraction":0,"report_to":"cf-nel","max_age":604800}', 'Server': 'cloudflare', 'CF-RAY': '881cf10e188f0cab-LAX', 'alt-svc': 'h3=":443"; ma=86400'} 
 body={"results":[{"gender":"female","name":{"title":"Mrs","first":"Sundus","last":"Liu"},"location":{"street":{"number":8417,"name":"Skillebekk"},"city":"Småland","state":"Troms - Romsa","country":"Norway","postcode":"7744","coordinates":{"latitude":"42.7860","longitude":"62.4353"},"timezone":{"offset":"-2:00","description":"Mid-Atlantic"}},"email":"sundus.liu@example.com","login":{"uuid":"e766dcbd-3c62-40f3-9309-5a89900841ae","username":"purplefrog699","password":"1948","salt":"Wxka0mMo","md5":"2afeded2dbf87a72c6f1323fdf081e09","sha1":"70e870ec97520c2b9d00ba72a102d45120b8297b","sha256":"7e6573e70d0da10479dafadedd99571ebe8e8c6993c53c529da893cd8997a7db"},"dob":{"date":"1973-08-31T21:10:39.387Z","age":50},"registered":{"date":"2013-11-01T06:52:50.932Z","age":10},"phone":"20530699","cell":"48622049","id":{"name":"FN","value":"31087342266"},"picture":{"large":"https://randomuser.me/api/portraits/women/58.jpg","medium":"https://randomuser.me/api/portraits/med/women/58.jpg","thumbnail":"https://randomuser.me/api/portraits/thumb/women/58.jpg"},"nat":"NO"}],"info":{"seed":"a563642ce4a228a8","results":1,"page":1,"version":"1.4"}} 
 </msg>
<msg time="2024-05-10T21:14:55.149464" level="INFO">/opt/hostedtoolcache/Python/3.12.3/x64/lib/python3.12/site-packages/urllib3/connectionpool.py:1103: InsecureRequestWarning: Unverified HTTPS request is being made to host 'randomuser.me'. Adding certificate verification is strongly advised. See: https://urllib3.readthedocs.io/en/latest/advanced-usage.html#tls-warnings
  warnings.warn(</msg>
<msg time="2024-05-10T21:14:55.149547" level="INFO">${response} = &lt;Response [200]&gt;</msg>
<var>${response}</var>
<arg>consultarAPI</arg>
<arg>/api</arg>
<doc>Sends a GET request on a previously created HTTP Session.</doc>
<status status="PASS" start="2024-05-10T21:14:55.049718" elapsed="0.099854"/>
</kw>
<kw name="Set Variable" owner="BuiltIn">
<msg time="2024-05-10T21:14:55.150429" level="INFO">${json_data} = {'results': [{'gender': 'female', 'name': {'title': 'Mrs', 'first': 'Sundus', 'last': 'Liu'}, 'location': {'street': {'number': 8417, 'name': 'Skillebekk'}, 'city': 'Småland', 'state': 'Troms - Romsa'...</msg>
<var>${json_data}</var>
<arg>${response.json()}</arg>
<doc>Returns the given values which can then be assigned to a variables.</doc>
<status status="PASS" start="2024-05-10T21:14:55.149978" elapsed="0.000479"/>
</kw>
<kw name="Log" owner="BuiltIn">
<msg time="2024-05-10T21:14:55.150911" level="INFO">{'results': [{'gender': 'female', 'name': {'title': 'Mrs', 'first': 'Sundus', 'last': 'Liu'}, 'location': {'street': {'number': 8417, 'name': 'Skillebekk'}, 'city': 'Småland', 'state': 'Troms - Romsa', 'country': 'Norway', 'postcode': '7744', 'coordinates': {'latitude': '42.7860', 'longitude': '62.4353'}, 'timezone': {'offset': '-2:00', 'description': 'Mid-Atlantic'}}, 'email': 'sundus.liu@example.com', 'login': {'uuid': 'e766dcbd-3c62-40f3-9309-5a89900841ae', 'username': 'purplefrog699', 'password': '1948', 'salt': 'Wxka0mMo', 'md5': '2afeded2dbf87a72c6f1323fdf081e09', 'sha1': '70e870ec97520c2b9d00ba72a102d45120b8297b', 'sha256': '7e6573e70d0da10479dafadedd99571ebe8e8c6993c53c529da893cd8997a7db'}, 'dob': {'date': '1973-08-31T21:10:39.387Z', 'age': 50}, 'registered': {'date': '2013-11-01T06:52:50.932Z', 'age': 10}, 'phone': '20530699', 'cell': '48622049', 'id': {'name': 'FN', 'value': '31087342266'}, 'picture': {'large': 'https://randomuser.me/api/portraits/women/58.jpg', 'medium': 'https://randomuser.me/api/portraits/med/women/58.jpg', 'thumbnail': 'https://randomuser.me/api/portraits/thumb/women/58.jpg'}, 'nat': 'NO'}], 'info': {'seed': 'a563642ce4a228a8', 'results': 1, 'page': 1, 'version': '1.4'}}</msg>
<arg>${json_data}</arg>
<doc>Logs the given message with the given level.</doc>
<status status="PASS" start="2024-05-10T21:14:55.150759" elapsed="0.000229"/>
</kw>
<kw name="Should Be Equal As Numbers" owner="BuiltIn">
<arg>${json_data['results'][0]['location']['postcode']}</arg>
<arg>${json_data['results'][0]['location']['postcode']}</arg>
<doc>Fails if objects are unequal after converting them to real numbers.</doc>
<status status="PASS" start="2024-05-10T21:14:55.151287" elapsed="0.000739"/>
</kw>
<kw name="Log" owner="BuiltIn">
<msg time="2024-05-10T21:14:55.152553" level="INFO">7744</msg>
<arg>${json_data['results'][0]['location']['postcode']}</arg>
<doc>Logs the given message with the given level.</doc>
<status status="PASS" start="2024-05-10T21:14:55.152220" elapsed="0.000372"/>
</kw>
<status status="PASS" start="2024-05-10T21:14:55.049501" elapsed="0.103337"/>
</kw>
<doc>Testa se os tipos de dados na resposta da API estão corretos.</doc>
<tag>testeTiposDados</tag>
<status status="PASS" start="2024-05-10T21:14:54.940942" elapsed="0.212048"/>
</test>
<test id="s1-s1-t5" name="Validar conteudo" line="35">
<kw name="Teste de Tipos de Conteudo" owner="random-user-service">
<kw name="GET On Session" owner="RequestsLibrary">
<msg time="2024-05-10T21:14:55.274750" level="INFO">GET Request : url=https://randomuser.me/api 
 path_url=/api 
 headers={'User-Agent': 'python-requests/2.31.0', 'Accept-Encoding': 'gzip, deflate', 'Accept': '*/*', 'Connection': 'keep-alive'} 
 body=None 
 </msg>
<msg time="2024-05-10T21:14:55.274871" level="INFO">GET Response : url=https://randomuser.me/api 
 status=200, reason=OK 
 headers={'Date': 'Fri, 10 May 2024 21:14:55 GMT', 'Content-Type': 'application/json; charset=utf-8', 'Transfer-Encoding': 'chunked', 'Connection': 'keep-alive', 'X-Powered-By': 'Express', 'Access-Control-Allow-Origin': '*', 'Cache-Control': 'no-cache', 'ETag': 'W/"4a6-LDluTXaFfmrDFez/imHPw2pW6lg"', 'Vary': 'Accept-Encoding', 'Content-Encoding': 'gzip', 'CF-Cache-Status': 'DYNAMIC', 'Report-To': '{"endpoints":[{"url":"https:\\/\\/a.nel.cloudflare.com\\/report\\/v4?s=qd1jskkPlnGO0P3YlPKDoCZ2bptczxjiErVUTe%2FFhzGDXyk1NrZANJ21hZz2EPmbJ9QvE6n4Cp%2FjOnYekPezqaIfDrDF1FNlUHUgOPXff%2BFFGbb%2BjC%2Bvzi2nz2M7wCxa"}],"group":"cf-nel","max_age":604800}', 'NEL': '{"success_fraction":0,"report_to":"cf-nel","max_age":604800}', 'Server': 'cloudflare', 'CF-RAY': '881cf10eb9000cab-LAX', 'alt-svc': 'h3=":443"; ma=86400'} 
 body={"results":[{"gender":"female","name":{"title":"Miss","first":"Brielle","last":"Lévesque"},"location":{"street":{"number":8149,"name":"Cedar St"},"city":"New Glasgow","state":"New Brunswick","country":"Canada","postcode":"G1T 6Z8","coordinates":{"latitude":"-71.8865","longitude":"155.6286"},"timezone":{"offset":"-5:00","description":"Eastern Time (US &amp; Canada), Bogota, Lima"}},"email":"brielle.levesque@example.com","login":{"uuid":"3934d394-e460-4b35-8e5e-0c922cef293b","username":"tinybird792","password":"eduardo","salt":"szdTptd4","md5":"31f72093ad5648f5d447d3b945d3a7d6","sha1":"b7ce0b1867d8264bd2e0e4436403535a1843c224","sha256":"633aee8b15aecb88f202c4ff521b58328ffa5601e71a4e1dd91c0feb67fb1dc9"},"dob":{"date":"1978-06-11T15:09:04.834Z","age":45},"registered":{"date":"2005-08-09T18:03:00.054Z","age":18},"phone":"U89 D51-6631","cell":"U15 C70-5435","id":{"name":"SIN","value":"107239253"},"picture":{"large":"https://randomuser.me/api/portraits/women/12.jpg","medium":"https://randomuser.me/api/portraits/med/women/12.jpg","thumbnail":"https://randomuser.me/api/portraits/thumb/women/12.jpg"},"nat":"CA"}],"info":{"seed":"d4ec468bc2b7ddbf","results":1,"page":1,"version":"1.4"}} 
 </msg>
<msg time="2024-05-10T21:14:55.274963" level="INFO">/opt/hostedtoolcache/Python/3.12.3/x64/lib/python3.12/site-packages/urllib3/connectionpool.py:1103: InsecureRequestWarning: Unverified HTTPS request is being made to host 'randomuser.me'. Adding certificate verification is strongly advised. See: https://urllib3.readthedocs.io/en/latest/advanced-usage.html#tls-warnings
  warnings.warn(</msg>
<msg time="2024-05-10T21:14:55.275109" level="INFO">${response} = &lt;Response [200]&gt;</msg>
<var>${response}</var>
<arg>consultarAPI</arg>
<arg>/api</arg>
<doc>Sends a GET request on a previously created HTTP Session.</doc>
<status status="PASS" start="2024-05-10T21:14:55.155898" elapsed="0.119260"/>
</kw>
<kw name="Set Variable" owner="BuiltIn">
<msg time="2024-05-10T21:14:55.276227" level="INFO">${json_data} = {'results': [{'gender': 'female', 'name': {'title': 'Miss', 'first': 'Brielle', 'last': 'Lévesque'}, 'location': {'street': {'number': 8149, 'name': 'Cedar St'}, 'city': 'New Glasgow', 'state': 'New B...</msg>
<var>${json_data}</var>
<arg>${response.json()}</arg>
<doc>Returns the given values which can then be assigned to a variables.</doc>
<status status="PASS" start="2024-05-10T21:14:55.275711" elapsed="0.000545"/>
</kw>
<kw name="Set Variable" owner="BuiltIn">
<msg time="2024-05-10T21:14:55.276948" level="INFO">${name_title} = Miss</msg>
<var>${name_title}</var>
<arg>${json_data["results"][0]["name"]["title"]}</arg>
<doc>Returns the given values which can then be assigned to a variables.</doc>
<status status="PASS" start="2024-05-10T21:14:55.276564" elapsed="0.000409"/>
</kw>
<kw name="Create List" owner="BuiltIn">
<msg time="2024-05-10T21:14:55.277418" level="INFO">${allowed_titles} = ['Mr', 'Ms', 'Miss', 'Mrs', 'Madame', 'Monsieur']</msg>
<var>${allowed_titles}</var>
<arg>Mr</arg>
<arg>Ms</arg>
<arg>Miss</arg>
<arg>Mrs</arg>
<arg>Madame</arg>
<arg>Monsieur</arg>
<doc>Returns a list containing given items.</doc>
<status status="PASS" start="2024-05-10T21:14:55.277270" elapsed="0.000172"/>
</kw>
<kw name="List Should Contain Value" owner="Collections">
<msg time="2024-05-10T21:14:55.277953" level="INFO">False</msg>
<arg>${allowed_titles}</arg>
<arg>${name_title}</arg>
<doc>Fails if the ``value`` is not found from ``list``.</doc>
<status status="PASS" start="2024-05-10T21:14:55.277742" elapsed="0.000254"/>
</kw>
<kw name="Set Variable" owner="BuiltIn">
<msg time="2024-05-10T21:14:55.278679" level="INFO">${name_country} = CA</msg>
<var>${name_country}</var>
<arg>${json_data["results"][0]["nat"]}</arg>
<doc>Returns the given values which can then be assigned to a variables.</doc>
<status status="PASS" start="2024-05-10T21:14:55.278299" elapsed="0.000405"/>
</kw>
<kw name="Create List" owner="BuiltIn">
<msg time="2024-05-10T21:14:55.279617" level="INFO">${list_country} = ['AD', 'AE', 'AF', 'AG', 'AI', 'AL', 'AM', 'AO', 'AQ', 'AR', 'AS', 'AT', 'AU', 'AW', 'AX', 'AZ', 'BA', 'BB', 'BD', 'BE', 'BF', 'BG', 'BH', 'BI', 'BJ', 'BL', 'BM', 'BN', 'BO', 'BQ', 'BR', 'BS', 'BT', '...</msg>
<var>${list_country}</var>
<arg>AD</arg>
<arg>AE</arg>
<arg>AF</arg>
<arg>AG</arg>
<arg>AI</arg>
<arg>AL</arg>
<arg>AM</arg>
<arg>AO</arg>
<arg>AQ</arg>
<arg>AR</arg>
<arg>AS</arg>
<arg>AT</arg>
<arg>AU</arg>
<arg>AW</arg>
<arg>AX</arg>
<arg>AZ</arg>
<arg>BA</arg>
<arg>BB</arg>
<arg>BD</arg>
<arg>BE</arg>
<arg>BF</arg>
<arg>BG</arg>
<arg>BH</arg>
<arg>BI</arg>
<arg>BJ</arg>
<arg>BL</arg>
<arg>BM</arg>
<arg>BN</arg>
<arg>BO</arg>
<arg>BQ</arg>
<arg>BR</arg>
<arg>BS</arg>
<arg>BT</arg>
<arg>BV</arg>
<arg>BW</arg>
<arg>BY</arg>
<arg>BZ</arg>
<arg>CA</arg>
<arg>CC</arg>
<arg>CD</arg>
<arg>CF</arg>
<arg>CG</arg>
<arg>CH</arg>
<arg>CI</arg>
<arg>CK</arg>
<arg>CL</arg>
<arg>CM</arg>
<arg>CN</arg>
<arg>CO</arg>
<arg>CR</arg>
<arg>CU</arg>
<arg>CV</arg>
<arg>CW</arg>
<arg>CX</arg>
<arg>CY</arg>
<arg>CZ</arg>
<arg>DE</arg>
<arg>DJ</arg>
<arg>DK</arg>
<arg>DM</arg>
<arg>DO</arg>
<arg>DZ</arg>
<arg>EC</arg>
<arg>EE</arg>
<arg>EG</arg>
<arg>EH</arg>
<arg>ER</arg>
<arg>ES</arg>
<arg>ET</arg>
<arg>FI</arg>
<arg>FJ</arg>
<arg>FK</arg>
<arg>FM</arg>
<arg>FO</arg>
<arg>FR</arg>
<arg>GA</arg>
<arg>GB</arg>
<arg>GD</arg>
<arg>GE</arg>
<arg>GF</arg>
<arg>GG</arg>
<arg>GH</arg>
<arg>GI</arg>
<arg>GL</arg>
<arg>GM</arg>
<arg>GN</arg>
<arg>GP</arg>
<arg>GQ</arg>
<arg>GR</arg>
<arg>GS</arg>
<arg>GT</arg>
<arg>GU</arg>
<arg>GW</arg>
<arg>GY</arg>
<arg>HK</arg>
<arg>HM</arg>
<arg>HN</arg>
<arg>HR</arg>
<arg>HT</arg>
<arg>HU</arg>
<arg>ID</arg>
<arg>IE</arg>
<arg>IL</arg>
<arg>IM</arg>
<arg>IN</arg>
<arg>IO</arg>
<arg>IQ</arg>
<arg>IR</arg>
<arg>IS</arg>
<arg>IT</arg>
<arg>JE</arg>
<arg>JM</arg>
<arg>JO</arg>
<arg>JP</arg>
<arg>KE</arg>
<arg>KG</arg>
<arg>KH</arg>
<arg>KI</arg>
<arg>KM</arg>
<arg>KN</arg>
<arg>KP</arg>
<arg>KR</arg>
<arg>KW</arg>
<arg>KY</arg>
<arg>KZ</arg>
<arg>LA</arg>
<arg>LB</arg>
<arg>LC</arg>
<arg>LI</arg>
<arg>LK</arg>
<arg>LR</arg>
<arg>LS</arg>
<arg>LT</arg>
<arg>LU</arg>
<arg>LV</arg>
<arg>LY</arg>
<arg>MA</arg>
<arg>MC</arg>
<arg>MD</arg>
<arg>ME</arg>
<arg>MF</arg>
<arg>MG</arg>
<arg>MH</arg>
<arg>MK</arg>
<arg>ML</arg>
<arg>MM</arg>
<arg>MN</arg>
<arg>MO</arg>
<arg>MP</arg>
<arg>MQ</arg>
<arg>MR</arg>
<arg>MS</arg>
<arg>MT</arg>
<arg>MU</arg>
<arg>MV</arg>
<arg>MW</arg>
<arg>MX</arg>
<arg>MY</arg>
<arg>MZ</arg>
<arg>NA</arg>
<arg>NC</arg>
<arg>NE</arg>
<arg>NF</arg>
<arg>NG</arg>
<arg>NI</arg>
<arg>NL</arg>
<arg>NO</arg>
<arg>NP</arg>
<arg>NR</arg>
<arg>NU</arg>
<arg>NZ</arg>
<arg>OM</arg>
<arg>PA</arg>
<arg>PE</arg>
<arg>PF</arg>
<arg>PG</arg>
<arg>PH</arg>
<arg>PK</arg>
<arg>PL</arg>
<arg>PM</arg>
<arg>PN</arg>
<arg>PR</arg>
<arg>PS</arg>
<arg>PT</arg>
<arg>PW</arg>
<arg>PY</arg>
<arg>QA</arg>
<arg>RE</arg>
<arg>RO</arg>
<arg>RS</arg>
<arg>RU</arg>
<arg>RW</arg>
<arg>SA</arg>
<arg>SB</arg>
<arg>SC</arg>
<arg>SD</arg>
<arg>SE</arg>
<arg>SG</arg>
<arg>SH</arg>
<arg>SI</arg>
<arg>SJ</arg>
<arg>SK</arg>
<arg>SL</arg>
<arg>SM</arg>
<arg>SN</arg>
<arg>SO</arg>
<arg>SR</arg>
<arg>SS</arg>
<arg>ST</arg>
<arg>SV</arg>
<arg>SX</arg>
<arg>SY</arg>
<arg>SZ</arg>
<arg>TC</arg>
<arg>TD</arg>
<arg>TF</arg>
<arg>TG</arg>
<arg>TH</arg>
<arg>TJ</arg>
<arg>TK</arg>
<arg>TL</arg>
<arg>TM</arg>
<arg>TN</arg>
<arg>TO</arg>
<arg>TR</arg>
<arg>TT</arg>
<arg>TV</arg>
<arg>TW</arg>
<arg>TZ</arg>
<arg>UA</arg>
<arg>UG</arg>
<arg>UM</arg>
<arg>US</arg>
<arg>UY</arg>
<arg>UZ</arg>
<arg>VA</arg>
<arg>VC</arg>
<arg>VE</arg>
<arg>VG</arg>
<arg>VI</arg>
<arg>VN</arg>
<arg>VU</arg>
<arg>WF</arg>
<arg>WS</arg>
<arg>XK</arg>
<arg>YE</arg>
<arg>YT</arg>
<arg>ZA</arg>
<arg>ZM</arg>
<arg>ZW</arg>
<doc>Returns a list containing given items.</doc>
<status status="PASS" start="2024-05-10T21:14:55.279031" elapsed="0.000611"/>
</kw>
<kw name="List Should Contain Value" owner="Collections">
<msg time="2024-05-10T21:14:55.280625" level="INFO">False</msg>
<arg>${list_country}</arg>
<arg>${name_country}</arg>
<doc>Fails if the ``value`` is not found from ``list``.</doc>
<status status="PASS" start="2024-05-10T21:14:55.280429" elapsed="0.000233"/>
</kw>
<kw name="Run Keyword If" owner="BuiltIn">
<kw name="Should Be True" owner="BuiltIn">
<arg>${True}</arg>
<doc>Fails if the given condition is not true.</doc>
<status status="PASS" start="2024-05-10T21:14:55.281735" elapsed="0.000145"/>
</kw>
<arg>${json_data["results"][0]["location"]["coordinates"]["latitude"]} &gt;= -90 and ${json_data["results"][0]["location"]["coordinates"]["latitude"]} &lt;= 90</arg>
<arg>Should Be True</arg>
<arg>${True}</arg>
<doc>Runs the given keyword with the given arguments, if ``condition`` is true.</doc>
<status status="PASS" start="2024-05-10T21:14:55.280974" elapsed="0.001055"/>
</kw>
<kw name="Run Keyword If" owner="BuiltIn">
<kw name="Should Be True" owner="BuiltIn">
<arg>${True}</arg>
<doc>Fails if the given condition is not true.</doc>
<status status="PASS" start="2024-05-10T21:14:55.282939" elapsed="0.000263"/>
</kw>
<arg>${json_data["results"][0]["location"]["coordinates"]["longitude"]} &gt;= -180 and ${json_data["results"][0]["location"]["coordinates"]["longitude"]} &lt;= 180</arg>
<arg>Should Be True</arg>
<arg>${True}</arg>
<doc>Runs the given keyword with the given arguments, if ``condition`` is true.</doc>
<status status="PASS" start="2024-05-10T21:14:55.282226" elapsed="0.001103"/>
</kw>
<status status="PASS" start="2024-05-10T21:14:55.155535" elapsed="0.127924"/>
</kw>
<doc>Testa o conteúdo específico dos campos retornados pela API.</doc>
<tag>testeConteudo</tag>
<status status="PASS" start="2024-05-10T21:14:55.154878" elapsed="0.128732"/>
</test>
<status status="PASS" start="2024-05-10T21:14:54.268571" elapsed="1.016991"/>
</suite>
<status status="PASS" start="2024-05-10T21:14:54.255248" elapsed="1.035424"/>
</suite>
<statistics>
<total>
<stat pass="5" fail="0" skip="0">All Tests</stat>
</total>
<tag>
<stat pass="1" fail="0" skip="0">testeConteudo</stat>
<stat pass="1" fail="0" skip="0">testeEstruturaResposta</stat>
<stat pass="1" fail="0" skip="0">testeRequisicaoBasica</stat>
<stat pass="1" fail="0" skip="0">testeTiposDados</stat>
</tag>
<suite>
<stat pass="5" fail="0" skip="0" id="s1" name="Tests">Tests</stat>
<stat pass="5" fail="0" skip="0" id="s1-s1" name="Random-User-Test">Tests.Random-User-Test</stat>
</suite>
</statistics>
<errors>
</errors>
</robot>
