<?xml version="1.0" encoding="UTF-8"?>
<robot generator="Robot 7.0 (Python 3.12.2 on linux)" generated="2024-04-10T03:16:19.979702" rpa="false" schemaversion="5">
<suite id="s1" name="Tests" source="/home/runner/work/DesafioQAItauRogerioJordao/DesafioQAItauRogerioJordao/RamdonUser/tests">
<suite id="s1-s1" name="Random-User-Test" source="/home/runner/work/DesafioQAItauRogerioJordao/DesafioQAItauRogerioJordao/RamdonUser/tests/random-user-test.robot">
<test id="s1-s1-t1" name="Conectar" line="13">
<kw name="Conectar API" owner="random-user-service">
<kw name="Create Session" owner="RequestsLibrary">
<msg time="2024-04-10T03:16:20.350487" level="INFO">Creating Session using : alias=consultarAPI, url=https://randomuser.me/, headers={},                     cookies={}, auth=None, timeout=None, proxies=None, verify=False,                     debug=0 </msg>
<arg>consultarAPI</arg>
<arg>${URL}</arg>
<doc>Create Session: create a HTTP session to a server</doc>
<status status="PASS" start="2024-04-10T03:16:20.350294" elapsed="0.000347"/>
</kw>
<status status="PASS" start="2024-04-10T03:16:20.349328" elapsed="0.001653"/>
</kw>
<status status="PASS" start="2024-04-10T03:16:20.348700" elapsed="0.002485"/>
</test>
<test id="s1-s1-t2" name="Validar retorno 200 e JSON Válido" line="16">
<kw name="Teste de Requisicao Basica" owner="random-user-service">
<kw name="GET On Session" owner="RequestsLibrary">
<msg time="2024-04-10T03:16:20.591769" level="INFO">GET Request : url=https://randomuser.me/api 
 path_url=/api 
 headers={'User-Agent': 'python-requests/2.31.0', 'Accept-Encoding': 'gzip, deflate', 'Accept': '*/*', 'Connection': 'keep-alive'} 
 body=None 
 </msg>
<msg time="2024-04-10T03:16:20.591875" level="INFO">GET Response : url=https://randomuser.me/api 
 status=200, reason=OK 
 headers={'Date': 'Wed, 10 Apr 2024 03:16:20 GMT', 'Content-Type': 'application/json; charset=utf-8', 'Transfer-Encoding': 'chunked', 'Connection': 'keep-alive', 'X-Powered-By': 'Express', 'Access-Control-Allow-Origin': '*', 'Cache-Control': 'no-cache', 'ETag': 'W/"483-+JutRX2CjC/5g9az1wO4Qttb4ys"', 'Vary': 'Accept-Encoding', 'Content-Encoding': 'gzip', 'CF-Cache-Status': 'DYNAMIC', 'Report-To': '{"endpoints":[{"url":"https:\\/\\/a.nel.cloudflare.com\\/report\\/v4?s=UX0g9pMPOyTt0VuTz%2BfVo2NCTLQHCaaT%2B5NsqdH0QLf991qLIMqen7aUdwhpUmUnTksrTUHJfZJp4xbk0xS8KytnjB1rjVmKY17lz3S4lnu4zWTJVSH1IF75cyyZGCFa"}],"group":"cf-nel","max_age":604800}', 'NEL': '{"success_fraction":0,"report_to":"cf-nel","max_age":604800}', 'Server': 'cloudflare', 'CF-RAY': '871f93dc6f925553-ORD', 'alt-svc': 'h3=":443"; ma=86400'} 
 body={"results":[{"gender":"female","name":{"title":"Ms","first":"Christiane","last":"Skjæveland"},"location":{"street":{"number":1164,"name":"Nyjordstubben"},"city":"Ikornnes","state":"Trøndelag","country":"Norway","postcode":"4274","coordinates":{"latitude":"39.0749","longitude":"89.5449"},"timezone":{"offset":"+4:30","description":"Kabul"}},"email":"christiane.skjaeveland@example.com","login":{"uuid":"3cca195e-b226-403a-b07a-18e45bf13639","username":"redbutterfly596","password":"jayhawk","salt":"jiyalO9c","md5":"ff2b699658c907b3dc94e68525c12aab","sha1":"683d3dd7a4198da2997b36990723ab98f7332034","sha256":"23fbc0fec2f8729fdaecc27d7a4bce3c327801998fe508ae387650491f1de935"},"dob":{"date":"1997-02-03T10:52:02.397Z","age":27},"registered":{"date":"2008-07-06T06:09:33.590Z","age":15},"phone":"79023252","cell":"40910655","id":{"name":"FN","value":"03029741246"},"picture":{"large":"https://randomuser.me/api/portraits/women/35.jpg","medium":"https://randomuser.me/api/portraits/med/women/35.jpg","thumbnail":"https://randomuser.me/api/portraits/thumb/women/35.jpg"},"nat":"NO"}],"info":{"seed":"50db24cb77c67788","results":1,"page":1,"version":"1.4"}} 
 </msg>
<msg time="2024-04-10T03:16:20.591944" level="INFO">/opt/hostedtoolcache/Python/3.12.2/x64/lib/python3.12/site-packages/urllib3/connectionpool.py:1103: InsecureRequestWarning: Unverified HTTPS request is being made to host 'randomuser.me'. Adding certificate verification is strongly advised. See: https://urllib3.readthedocs.io/en/latest/advanced-usage.html#tls-warnings
  warnings.warn(</msg>
<msg time="2024-04-10T03:16:20.592077" level="INFO">${response} = &lt;Response [200]&gt;</msg>
<var>${response}</var>
<arg>consultarAPI</arg>
<arg>/api</arg>
<doc>Sends a GET request on a previously created HTTP Session.</doc>
<status status="PASS" start="2024-04-10T03:16:20.353798" elapsed="0.238321"/>
</kw>
<kw name="Should Be Equal As Numbers" owner="BuiltIn">
<msg time="2024-04-10T03:16:20.592957" level="INFO">Argument types are:
&lt;class 'int'&gt;
&lt;class 'str'&gt;</msg>
<arg>${response.status_code}</arg>
<arg>200</arg>
<doc>Fails if objects are unequal after converting them to real numbers.</doc>
<status status="PASS" start="2024-04-10T03:16:20.592518" elapsed="0.000503"/>
</kw>
<kw name="Log" owner="BuiltIn">
<msg time="2024-04-10T03:16:20.593693" level="INFO">200</msg>
<arg>${response.status_code}</arg>
<doc>Logs the given message with the given level.</doc>
<status status="PASS" start="2024-04-10T03:16:20.593344" elapsed="0.000392"/>
</kw>
<kw name="Set Variable" owner="BuiltIn">
<msg time="2024-04-10T03:16:20.594495" level="INFO">${json_data} = {'results': [{'gender': 'female', 'name': {'title': 'Ms', 'first': 'Christiane', 'last': 'Skjæveland'}, 'location': {'street': {'number': 1164, 'name': 'Nyjordstubben'}, 'city': 'Ikornnes', 'state': '...</msg>
<var>${json_data}</var>
<arg>${response.json()}</arg>
<doc>Returns the given values which can then be assigned to a variables.</doc>
<status status="PASS" start="2024-04-10T03:16:20.594057" elapsed="0.000467"/>
</kw>
<kw name="Dictionary Should Contain Key" owner="Collections">
<msg time="2024-04-10T03:16:20.594999" level="INFO">False</msg>
<arg>${json_data}</arg>
<arg>results</arg>
<doc>Fails if ``key`` is not found from ``dictionary``.</doc>
<status status="PASS" start="2024-04-10T03:16:20.594834" elapsed="0.000204"/>
</kw>
<status status="PASS" start="2024-04-10T03:16:20.353552" elapsed="0.241738"/>
</kw>
<doc>Testa se a API responde corretamente e retorna um objeto JSON válido.</doc>
<tag>testeRequisicaoBasica</tag>
<status status="PASS" start="2024-04-10T03:16:20.353018" elapsed="0.242447"/>
</test>
<test id="s1-s1-t3" name="Validar estrutura de resposta" line="22">
<kw name="Teste de Estrutura de Resposta" owner="random-user-service">
<kw name="GET On Session" owner="RequestsLibrary">
<msg time="2024-04-10T03:16:20.681800" level="INFO">GET Request : url=https://randomuser.me/api 
 path_url=/api 
 headers={'User-Agent': 'python-requests/2.31.0', 'Accept-Encoding': 'gzip, deflate', 'Accept': '*/*', 'Connection': 'keep-alive'} 
 body=None 
 </msg>
<msg time="2024-04-10T03:16:20.681886" level="INFO">GET Response : url=https://randomuser.me/api 
 status=200, reason=OK 
 headers={'Date': 'Wed, 10 Apr 2024 03:16:20 GMT', 'Content-Type': 'application/json; charset=utf-8', 'Transfer-Encoding': 'chunked', 'Connection': 'keep-alive', 'X-Powered-By': 'Express', 'Access-Control-Allow-Origin': '*', 'Cache-Control': 'no-cache', 'ETag': 'W/"477-FJ8fIagj2DNdpP7fQXTq14ROCyA"', 'Vary': 'Accept-Encoding', 'Content-Encoding': 'gzip', 'CF-Cache-Status': 'DYNAMIC', 'Report-To': '{"endpoints":[{"url":"https:\\/\\/a.nel.cloudflare.com\\/report\\/v4?s=kwcS02GzdyKj%2BS%2Blfsn4oW8LhCUOZi7OInoAJTM3m%2FkvLU1BFB7QEpvUlDkMM%2Fi12q%2Bb78BsJ0bLoxh9vMylRYNHEM68zh1r8CxSGGVgU9FwVSphYiCVqIuw1Ji2BB3T"}],"group":"cf-nel","max_age":604800}', 'NEL': '{"success_fraction":0,"report_to":"cf-nel","max_age":604800}', 'Server': 'cloudflare', 'CF-RAY': '871f93dcc80a5553-ORD', 'alt-svc': 'h3=":443"; ma=86400'} 
 body={"results":[{"gender":"male","name":{"title":"Mr","first":"Trygve","last":"Demir"},"location":{"street":{"number":9469,"name":"Storkenebbveien"},"city":"Heggedal","state":"Buskerud","country":"Norway","postcode":"5291","coordinates":{"latitude":"45.4108","longitude":"-65.2449"},"timezone":{"offset":"+2:00","description":"Kaliningrad, South Africa"}},"email":"trygve.demir@example.com","login":{"uuid":"e28fd425-866f-4fb6-9b14-ca3236e70b7c","username":"bigfish795","password":"redfish","salt":"Hyy99Tzg","md5":"3123a2f4f8814b91b28e3bccbb025a67","sha1":"e77338e0d7125e95e5123b0fb3051f91d4185df9","sha256":"4f328f5d84bee6407fc58ac929f0c1d57b5f7e6e36c2b5dac3a492565189a980"},"dob":{"date":"1980-08-29T21:59:55.997Z","age":43},"registered":{"date":"2007-01-27T18:18:04.616Z","age":17},"phone":"34840748","cell":"41565004","id":{"name":"FN","value":"29088030956"},"picture":{"large":"https://randomuser.me/api/portraits/men/13.jpg","medium":"https://randomuser.me/api/portraits/med/men/13.jpg","thumbnail":"https://randomuser.me/api/portraits/thumb/men/13.jpg"},"nat":"NO"}],"info":{"seed":"7fce9ca5a8f24b79","results":1,"page":1,"version":"1.4"}} 
 </msg>
<msg time="2024-04-10T03:16:20.681997" level="INFO">/opt/hostedtoolcache/Python/3.12.2/x64/lib/python3.12/site-packages/urllib3/connectionpool.py:1103: InsecureRequestWarning: Unverified HTTPS request is being made to host 'randomuser.me'. Adding certificate verification is strongly advised. See: https://urllib3.readthedocs.io/en/latest/advanced-usage.html#tls-warnings
  warnings.warn(</msg>
<msg time="2024-04-10T03:16:20.682109" level="INFO">${response} = &lt;Response [200]&gt;</msg>
<var>${response}</var>
<arg>consultarAPI</arg>
<arg>/api</arg>
<doc>Sends a GET request on a previously created HTTP Session.</doc>
<status status="PASS" start="2024-04-10T03:16:20.598524" elapsed="0.083628"/>
</kw>
<kw name="Set Variable" owner="BuiltIn">
<msg time="2024-04-10T03:16:20.682951" level="INFO">${json_data} = {'results': [{'gender': 'male', 'name': {'title': 'Mr', 'first': 'Trygve', 'last': 'Demir'}, 'location': {'street': {'number': 9469, 'name': 'Storkenebbveien'}, 'city': 'Heggedal', 'state': 'Buskerud'...</msg>
<var>${json_data}</var>
<arg>${response.json()}</arg>
<doc>Returns the given values which can then be assigned to a variables.</doc>
<status status="PASS" start="2024-04-10T03:16:20.682505" elapsed="0.000474"/>
</kw>
<kw name="Log" owner="BuiltIn">
<msg time="2024-04-10T03:16:20.683440" level="INFO">{'results': [{'gender': 'male', 'name': {'title': 'Mr', 'first': 'Trygve', 'last': 'Demir'}, 'location': {'street': {'number': 9469, 'name': 'Storkenebbveien'}, 'city': 'Heggedal', 'state': 'Buskerud', 'country': 'Norway', 'postcode': '5291', 'coordinates': {'latitude': '45.4108', 'longitude': '-65.2449'}, 'timezone': {'offset': '+2:00', 'description': 'Kaliningrad, South Africa'}}, 'email': 'trygve.demir@example.com', 'login': {'uuid': 'e28fd425-866f-4fb6-9b14-ca3236e70b7c', 'username': 'bigfish795', 'password': 'redfish', 'salt': 'Hyy99Tzg', 'md5': '3123a2f4f8814b91b28e3bccbb025a67', 'sha1': 'e77338e0d7125e95e5123b0fb3051f91d4185df9', 'sha256': '4f328f5d84bee6407fc58ac929f0c1d57b5f7e6e36c2b5dac3a492565189a980'}, 'dob': {'date': '1980-08-29T21:59:55.997Z', 'age': 43}, 'registered': {'date': '2007-01-27T18:18:04.616Z', 'age': 17}, 'phone': '34840748', 'cell': '41565004', 'id': {'name': 'FN', 'value': '29088030956'}, 'picture': {'large': 'https://randomuser.me/api/portraits/men/13.jpg', 'medium': 'https://randomuser.me/api/portraits/med/men/13.jpg', 'thumbnail': 'https://randomuser.me/api/portraits/thumb/men/13.jpg'}, 'nat': 'NO'}], 'info': {'seed': '7fce9ca5a8f24b79', 'results': 1, 'page': 1, 'version': '1.4'}}</msg>
<arg>${json_data}</arg>
<doc>Logs the given message with the given level.</doc>
<status status="PASS" start="2024-04-10T03:16:20.683286" elapsed="0.000200"/>
</kw>
<kw name="Dictionary Should Contain Key" owner="Collections">
<msg time="2024-04-10T03:16:20.683925" level="INFO">False</msg>
<arg>${json_data}</arg>
<arg>results</arg>
<doc>Fails if ``key`` is not found from ``dictionary``.</doc>
<status status="PASS" start="2024-04-10T03:16:20.683776" elapsed="0.000186"/>
</kw>
<kw name="Should Not Be Empty" owner="BuiltIn">
<msg time="2024-04-10T03:16:20.684382" level="INFO">Length is 2.</msg>
<arg>${json_data}</arg>
<doc>Verifies that the given item is not empty.</doc>
<status status="PASS" start="2024-04-10T03:16:20.684250" elapsed="0.000169"/>
</kw>
<kw name="Create List" owner="BuiltIn">
<msg time="2024-04-10T03:16:20.684848" level="INFO">${expected_keys} = ['gender', 'name', 'location', 'email', 'login']</msg>
<var>${expected_keys}</var>
<arg>gender</arg>
<arg>name</arg>
<arg>location</arg>
<arg>email</arg>
<arg>login</arg>
<doc>Returns a list containing given items.</doc>
<status status="PASS" start="2024-04-10T03:16:20.684701" elapsed="0.000198"/>
</kw>
<for flavor="IN">
<iter>
<kw name="Dictionary Should Contain Key" owner="Collections">
<msg time="2024-04-10T03:16:20.685858" level="INFO">False</msg>
<arg>${json_data['results'][0]}</arg>
<arg>${key}</arg>
<doc>Fails if ``key`` is not found from ``dictionary``.</doc>
<status status="PASS" start="2024-04-10T03:16:20.685460" elapsed="0.000436"/>
</kw>
<kw name="Log" owner="BuiltIn">
<msg time="2024-04-10T03:16:20.686565" level="INFO">{'gender': 'male', 'name': {'title': 'Mr', 'first': 'Trygve', 'last': 'Demir'}, 'location': {'street': {'number': 9469, 'name': 'Storkenebbveien'}, 'city': 'Heggedal', 'state': 'Buskerud', 'country': 'Norway', 'postcode': '5291', 'coordinates': {'latitude': '45.4108', 'longitude': '-65.2449'}, 'timezone': {'offset': '+2:00', 'description': 'Kaliningrad, South Africa'}}, 'email': 'trygve.demir@example.com', 'login': {'uuid': 'e28fd425-866f-4fb6-9b14-ca3236e70b7c', 'username': 'bigfish795', 'password': 'redfish', 'salt': 'Hyy99Tzg', 'md5': '3123a2f4f8814b91b28e3bccbb025a67', 'sha1': 'e77338e0d7125e95e5123b0fb3051f91d4185df9', 'sha256': '4f328f5d84bee6407fc58ac929f0c1d57b5f7e6e36c2b5dac3a492565189a980'}, 'dob': {'date': '1980-08-29T21:59:55.997Z', 'age': 43}, 'registered': {'date': '2007-01-27T18:18:04.616Z', 'age': 17}, 'phone': '34840748', 'cell': '41565004', 'id': {'name': 'FN', 'value': '29088030956'}, 'picture': {'large': 'https://randomuser.me/api/portraits/men/13.jpg', 'medium': 'https://randomuser.me/api/portraits/med/men/13.jpg', 'thumbnail': 'https://randomuser.me/api/portraits/thumb/men/13.jpg'}, 'nat': 'NO'}</msg>
<arg>${json_data['results'][0]}</arg>
<doc>Logs the given message with the given level.</doc>
<status status="PASS" start="2024-04-10T03:16:20.686201" elapsed="0.000418"/>
</kw>
<kw name="Log" owner="BuiltIn">
<msg time="2024-04-10T03:16:20.687051" level="INFO">gender</msg>
<arg>${key}</arg>
<doc>Logs the given message with the given level.</doc>
<status status="PASS" start="2024-04-10T03:16:20.686920" elapsed="0.000170"/>
</kw>
<var name="${key}">gender</var>
<status status="PASS" start="2024-04-10T03:16:20.685338" elapsed="0.001973"/>
</iter>
<iter>
<kw name="Dictionary Should Contain Key" owner="Collections">
<msg time="2024-04-10T03:16:20.687997" level="INFO">False</msg>
<arg>${json_data['results'][0]}</arg>
<arg>${key}</arg>
<doc>Fails if ``key`` is not found from ``dictionary``.</doc>
<status status="PASS" start="2024-04-10T03:16:20.687615" elapsed="0.000419"/>
</kw>
<kw name="Log" owner="BuiltIn">
<msg time="2024-04-10T03:16:20.688708" level="INFO">{'gender': 'male', 'name': {'title': 'Mr', 'first': 'Trygve', 'last': 'Demir'}, 'location': {'street': {'number': 9469, 'name': 'Storkenebbveien'}, 'city': 'Heggedal', 'state': 'Buskerud', 'country': 'Norway', 'postcode': '5291', 'coordinates': {'latitude': '45.4108', 'longitude': '-65.2449'}, 'timezone': {'offset': '+2:00', 'description': 'Kaliningrad, South Africa'}}, 'email': 'trygve.demir@example.com', 'login': {'uuid': 'e28fd425-866f-4fb6-9b14-ca3236e70b7c', 'username': 'bigfish795', 'password': 'redfish', 'salt': 'Hyy99Tzg', 'md5': '3123a2f4f8814b91b28e3bccbb025a67', 'sha1': 'e77338e0d7125e95e5123b0fb3051f91d4185df9', 'sha256': '4f328f5d84bee6407fc58ac929f0c1d57b5f7e6e36c2b5dac3a492565189a980'}, 'dob': {'date': '1980-08-29T21:59:55.997Z', 'age': 43}, 'registered': {'date': '2007-01-27T18:18:04.616Z', 'age': 17}, 'phone': '34840748', 'cell': '41565004', 'id': {'name': 'FN', 'value': '29088030956'}, 'picture': {'large': 'https://randomuser.me/api/portraits/men/13.jpg', 'medium': 'https://randomuser.me/api/portraits/med/men/13.jpg', 'thumbnail': 'https://randomuser.me/api/portraits/thumb/men/13.jpg'}, 'nat': 'NO'}</msg>
<arg>${json_data['results'][0]}</arg>
<doc>Logs the given message with the given level.</doc>
<status status="PASS" start="2024-04-10T03:16:20.688357" elapsed="0.000398"/>
</kw>
<kw name="Log" owner="BuiltIn">
<msg time="2024-04-10T03:16:20.689220" level="INFO">name</msg>
<arg>${key}</arg>
<doc>Logs the given message with the given level.</doc>
<status status="PASS" start="2024-04-10T03:16:20.689090" elapsed="0.000167"/>
</kw>
<var name="${key}">name</var>
<status status="PASS" start="2024-04-10T03:16:20.687496" elapsed="0.001977"/>
</iter>
<iter>
<kw name="Dictionary Should Contain Key" owner="Collections">
<msg time="2024-04-10T03:16:20.690128" level="INFO">False</msg>
<arg>${json_data['results'][0]}</arg>
<arg>${key}</arg>
<doc>Fails if ``key`` is not found from ``dictionary``.</doc>
<status status="PASS" start="2024-04-10T03:16:20.689760" elapsed="0.000405"/>
</kw>
<kw name="Log" owner="BuiltIn">
<msg time="2024-04-10T03:16:20.690816" level="INFO">{'gender': 'male', 'name': {'title': 'Mr', 'first': 'Trygve', 'last': 'Demir'}, 'location': {'street': {'number': 9469, 'name': 'Storkenebbveien'}, 'city': 'Heggedal', 'state': 'Buskerud', 'country': 'Norway', 'postcode': '5291', 'coordinates': {'latitude': '45.4108', 'longitude': '-65.2449'}, 'timezone': {'offset': '+2:00', 'description': 'Kaliningrad, South Africa'}}, 'email': 'trygve.demir@example.com', 'login': {'uuid': 'e28fd425-866f-4fb6-9b14-ca3236e70b7c', 'username': 'bigfish795', 'password': 'redfish', 'salt': 'Hyy99Tzg', 'md5': '3123a2f4f8814b91b28e3bccbb025a67', 'sha1': 'e77338e0d7125e95e5123b0fb3051f91d4185df9', 'sha256': '4f328f5d84bee6407fc58ac929f0c1d57b5f7e6e36c2b5dac3a492565189a980'}, 'dob': {'date': '1980-08-29T21:59:55.997Z', 'age': 43}, 'registered': {'date': '2007-01-27T18:18:04.616Z', 'age': 17}, 'phone': '34840748', 'cell': '41565004', 'id': {'name': 'FN', 'value': '29088030956'}, 'picture': {'large': 'https://randomuser.me/api/portraits/men/13.jpg', 'medium': 'https://randomuser.me/api/portraits/med/men/13.jpg', 'thumbnail': 'https://randomuser.me/api/portraits/thumb/men/13.jpg'}, 'nat': 'NO'}</msg>
<arg>${json_data['results'][0]}</arg>
<doc>Logs the given message with the given level.</doc>
<status status="PASS" start="2024-04-10T03:16:20.690466" elapsed="0.000400"/>
</kw>
<kw name="Log" owner="BuiltIn">
<msg time="2024-04-10T03:16:20.691281" level="INFO">location</msg>
<arg>${key}</arg>
<doc>Logs the given message with the given level.</doc>
<status status="PASS" start="2024-04-10T03:16:20.691156" elapsed="0.000162"/>
</kw>
<var name="${key}">location</var>
<status status="PASS" start="2024-04-10T03:16:20.689649" elapsed="0.001881"/>
</iter>
<iter>
<kw name="Dictionary Should Contain Key" owner="Collections">
<msg time="2024-04-10T03:16:20.692184" level="INFO">False</msg>
<arg>${json_data['results'][0]}</arg>
<arg>${key}</arg>
<doc>Fails if ``key`` is not found from ``dictionary``.</doc>
<status status="PASS" start="2024-04-10T03:16:20.691810" elapsed="0.000411"/>
</kw>
<kw name="Log" owner="BuiltIn">
<msg time="2024-04-10T03:16:20.692895" level="INFO">{'gender': 'male', 'name': {'title': 'Mr', 'first': 'Trygve', 'last': 'Demir'}, 'location': {'street': {'number': 9469, 'name': 'Storkenebbveien'}, 'city': 'Heggedal', 'state': 'Buskerud', 'country': 'Norway', 'postcode': '5291', 'coordinates': {'latitude': '45.4108', 'longitude': '-65.2449'}, 'timezone': {'offset': '+2:00', 'description': 'Kaliningrad, South Africa'}}, 'email': 'trygve.demir@example.com', 'login': {'uuid': 'e28fd425-866f-4fb6-9b14-ca3236e70b7c', 'username': 'bigfish795', 'password': 'redfish', 'salt': 'Hyy99Tzg', 'md5': '3123a2f4f8814b91b28e3bccbb025a67', 'sha1': 'e77338e0d7125e95e5123b0fb3051f91d4185df9', 'sha256': '4f328f5d84bee6407fc58ac929f0c1d57b5f7e6e36c2b5dac3a492565189a980'}, 'dob': {'date': '1980-08-29T21:59:55.997Z', 'age': 43}, 'registered': {'date': '2007-01-27T18:18:04.616Z', 'age': 17}, 'phone': '34840748', 'cell': '41565004', 'id': {'name': 'FN', 'value': '29088030956'}, 'picture': {'large': 'https://randomuser.me/api/portraits/men/13.jpg', 'medium': 'https://randomuser.me/api/portraits/med/men/13.jpg', 'thumbnail': 'https://randomuser.me/api/portraits/thumb/men/13.jpg'}, 'nat': 'NO'}</msg>
<arg>${json_data['results'][0]}</arg>
<doc>Logs the given message with the given level.</doc>
<status status="PASS" start="2024-04-10T03:16:20.692517" elapsed="0.000428"/>
</kw>
<kw name="Log" owner="BuiltIn">
<msg time="2024-04-10T03:16:20.693379" level="INFO">email</msg>
<arg>${key}</arg>
<doc>Logs the given message with the given level.</doc>
<status status="PASS" start="2024-04-10T03:16:20.693251" elapsed="0.000165"/>
</kw>
<var name="${key}">email</var>
<status status="PASS" start="2024-04-10T03:16:20.691701" elapsed="0.001924"/>
</iter>
<iter>
<kw name="Dictionary Should Contain Key" owner="Collections">
<msg time="2024-04-10T03:16:20.694270" level="INFO">False</msg>
<arg>${json_data['results'][0]}</arg>
<arg>${key}</arg>
<doc>Fails if ``key`` is not found from ``dictionary``.</doc>
<status status="PASS" start="2024-04-10T03:16:20.693903" elapsed="0.000403"/>
</kw>
<kw name="Log" owner="BuiltIn">
<msg time="2024-04-10T03:16:20.694950" level="INFO">{'gender': 'male', 'name': {'title': 'Mr', 'first': 'Trygve', 'last': 'Demir'}, 'location': {'street': {'number': 9469, 'name': 'Storkenebbveien'}, 'city': 'Heggedal', 'state': 'Buskerud', 'country': 'Norway', 'postcode': '5291', 'coordinates': {'latitude': '45.4108', 'longitude': '-65.2449'}, 'timezone': {'offset': '+2:00', 'description': 'Kaliningrad, South Africa'}}, 'email': 'trygve.demir@example.com', 'login': {'uuid': 'e28fd425-866f-4fb6-9b14-ca3236e70b7c', 'username': 'bigfish795', 'password': 'redfish', 'salt': 'Hyy99Tzg', 'md5': '3123a2f4f8814b91b28e3bccbb025a67', 'sha1': 'e77338e0d7125e95e5123b0fb3051f91d4185df9', 'sha256': '4f328f5d84bee6407fc58ac929f0c1d57b5f7e6e36c2b5dac3a492565189a980'}, 'dob': {'date': '1980-08-29T21:59:55.997Z', 'age': 43}, 'registered': {'date': '2007-01-27T18:18:04.616Z', 'age': 17}, 'phone': '34840748', 'cell': '41565004', 'id': {'name': 'FN', 'value': '29088030956'}, 'picture': {'large': 'https://randomuser.me/api/portraits/men/13.jpg', 'medium': 'https://randomuser.me/api/portraits/med/men/13.jpg', 'thumbnail': 'https://randomuser.me/api/portraits/thumb/men/13.jpg'}, 'nat': 'NO'}</msg>
<arg>${json_data['results'][0]}</arg>
<doc>Logs the given message with the given level.</doc>
<status status="PASS" start="2024-04-10T03:16:20.694592" elapsed="0.000404"/>
</kw>
<kw name="Log" owner="BuiltIn">
<msg time="2024-04-10T03:16:20.695408" level="INFO">login</msg>
<arg>${key}</arg>
<doc>Logs the given message with the given level.</doc>
<status status="PASS" start="2024-04-10T03:16:20.695283" elapsed="0.000168"/>
</kw>
<var name="${key}">login</var>
<status status="PASS" start="2024-04-10T03:16:20.693794" elapsed="0.001870"/>
</iter>
<var>${key}</var>
<value>@{expected_keys}</value>
<status status="PASS" start="2024-04-10T03:16:20.685162" elapsed="0.010620"/>
</for>
<kw name="Create List" owner="BuiltIn">
<msg time="2024-04-10T03:16:20.696138" level="INFO">${expected_keysTwo} = ['username', 'password']</msg>
<var>${expected_keysTwo}</var>
<arg>username</arg>
<arg>password</arg>
<doc>Returns a list containing given items.</doc>
<status status="PASS" start="2024-04-10T03:16:20.696001" elapsed="0.000161"/>
</kw>
<for flavor="IN">
<iter>
<kw name="Dictionary Should Contain Key" owner="Collections">
<msg time="2024-04-10T03:16:20.697186" level="INFO">False</msg>
<arg>${json_data['results'][0]['login']}</arg>
<arg>${keyTwo}</arg>
<doc>Fails if ``key`` is not found from ``dictionary``.</doc>
<status status="PASS" start="2024-04-10T03:16:20.696757" elapsed="0.000466"/>
</kw>
<kw name="Dictionary Should Contain Key" owner="Collections">
<msg time="2024-04-10T03:16:20.697903" level="INFO">False</msg>
<arg>${json_data['results'][0]['login']}</arg>
<arg>${keyTwo}</arg>
<doc>Fails if ``key`` is not found from ``dictionary``.</doc>
<status status="PASS" start="2024-04-10T03:16:20.697516" elapsed="0.000424"/>
</kw>
<kw name="Log" owner="BuiltIn">
<msg time="2024-04-10T03:16:20.698355" level="INFO">username</msg>
<arg>${keyTwo}</arg>
<doc>Logs the given message with the given level.</doc>
<status status="PASS" start="2024-04-10T03:16:20.698229" elapsed="0.000163"/>
</kw>
<var name="${keyTwo}">username</var>
<status status="PASS" start="2024-04-10T03:16:20.696643" elapsed="0.001961"/>
</iter>
<iter>
<kw name="Dictionary Should Contain Key" owner="Collections">
<msg time="2024-04-10T03:16:20.699253" level="INFO">False</msg>
<arg>${json_data['results'][0]['login']}</arg>
<arg>${keyTwo}</arg>
<doc>Fails if ``key`` is not found from ``dictionary``.</doc>
<status status="PASS" start="2024-04-10T03:16:20.698884" elapsed="0.000406"/>
</kw>
<kw name="Dictionary Should Contain Key" owner="Collections">
<msg time="2024-04-10T03:16:20.699946" level="INFO">False</msg>
<arg>${json_data['results'][0]['login']}</arg>
<arg>${keyTwo}</arg>
<doc>Fails if ``key`` is not found from ``dictionary``.</doc>
<status status="PASS" start="2024-04-10T03:16:20.699576" elapsed="0.000406"/>
</kw>
<kw name="Log" owner="BuiltIn">
<msg time="2024-04-10T03:16:20.700393" level="INFO">password</msg>
<arg>${keyTwo}</arg>
<doc>Logs the given message with the given level.</doc>
<status status="PASS" start="2024-04-10T03:16:20.700268" elapsed="0.000163"/>
</kw>
<var name="${keyTwo}">password</var>
<status status="PASS" start="2024-04-10T03:16:20.698775" elapsed="0.001870"/>
</iter>
<var>${keyTwo}</var>
<value>@{expected_keysTwo}</value>
<status status="PASS" start="2024-04-10T03:16:20.696393" elapsed="0.004371"/>
</for>
<status status="PASS" start="2024-04-10T03:16:20.598165" elapsed="0.102754"/>
</kw>
<doc>Testa a estrutura da resposta da API.</doc>
<tag>testeEstruturaResposta</tag>
<status status="PASS" start="2024-04-10T03:16:20.597293" elapsed="0.103789"/>
</test>
<test id="s1-s1-t4" name="Validar tipos de dados" line="28">
<kw name="Teste de Tipos de Dados" owner="random-user-service">
<kw name="GET On Session" owner="RequestsLibrary">
<msg time="2024-04-10T03:16:20.792019" level="INFO">GET Request : url=https://randomuser.me/api 
 path_url=/api 
 headers={'User-Agent': 'python-requests/2.31.0', 'Accept-Encoding': 'gzip, deflate', 'Accept': '*/*', 'Connection': 'keep-alive'} 
 body=None 
 </msg>
<msg time="2024-04-10T03:16:20.792102" level="INFO">GET Response : url=https://randomuser.me/api 
 status=200, reason=OK 
 headers={'Date': 'Wed, 10 Apr 2024 03:16:20 GMT', 'Content-Type': 'application/json; charset=utf-8', 'Transfer-Encoding': 'chunked', 'Connection': 'keep-alive', 'X-Powered-By': 'Express', 'Access-Control-Allow-Origin': '*', 'Cache-Control': 'no-cache', 'ETag': 'W/"48f-cLh0TBFMt5hmWf13qSdTajl99pA"', 'Vary': 'Accept-Encoding', 'Content-Encoding': 'gzip', 'CF-Cache-Status': 'DYNAMIC', 'Report-To': '{"endpoints":[{"url":"https:\\/\\/a.nel.cloudflare.com\\/report\\/v4?s=skRcLxUKm4PZ%2F3oY6lHpBXfZne2h6DAKxl4%2FeVnVEDwPjQIX74CfjucS9nTnV9uIlNQbEEmLFgtgcU5Lw8kAPThkeM4Ba1%2FjWrog3VLruVkGiHCuig6GpLK3icyRTskv"}],"group":"cf-nel","max_age":604800}', 'NEL': '{"success_fraction":0,"report_to":"cf-nel","max_age":604800}', 'Server': 'cloudflare', 'CF-RAY': '871f93dd69455553-ORD', 'alt-svc': 'h3=":443"; ma=86400'} 
 body={"results":[{"gender":"female","name":{"title":"Miss","first":"Mila","last":"Morris"},"location":{"street":{"number":5280,"name":"Guyton Street"},"city":"Lower Hutt","state":"Nelson","country":"New Zealand","postcode":69716,"coordinates":{"latitude":"49.7355","longitude":"3.2433"},"timezone":{"offset":"+8:00","description":"Beijing, Perth, Singapore, Hong Kong"}},"email":"mila.morris@example.com","login":{"uuid":"a84d8567-aa3f-4aa7-8a83-33d27b30e7ae","username":"blueelephant303","password":"liquid","salt":"Pp0ONDdN","md5":"273c3142aa6e407b0ee4b758dc90a393","sha1":"a1865b69f8d3271a31f66e71fbf2fab54e67f881","sha256":"dd67882017e112b502abf412509a966626bfc27dcb36d3b6d616a8d81fc300d3"},"dob":{"date":"1993-02-02T13:15:25.131Z","age":31},"registered":{"date":"2005-08-14T01:13:38.804Z","age":18},"phone":"(720)-846-9892","cell":"(421)-756-9645","id":{"name":"","value":null},"picture":{"large":"https://randomuser.me/api/portraits/women/44.jpg","medium":"https://randomuser.me/api/portraits/med/women/44.jpg","thumbnail":"https://randomuser.me/api/portraits/thumb/women/44.jpg"},"nat":"NZ"}],"info":{"seed":"39be92c426502364","results":1,"page":1,"version":"1.4"}} 
 </msg>
<msg time="2024-04-10T03:16:20.792160" level="INFO">/opt/hostedtoolcache/Python/3.12.2/x64/lib/python3.12/site-packages/urllib3/connectionpool.py:1103: InsecureRequestWarning: Unverified HTTPS request is being made to host 'randomuser.me'. Adding certificate verification is strongly advised. See: https://urllib3.readthedocs.io/en/latest/advanced-usage.html#tls-warnings
  warnings.warn(</msg>
<msg time="2024-04-10T03:16:20.792264" level="INFO">${response} = &lt;Response [200]&gt;</msg>
<var>${response}</var>
<arg>consultarAPI</arg>
<arg>/api</arg>
<doc>Sends a GET request on a previously created HTTP Session.</doc>
<status status="PASS" start="2024-04-10T03:16:20.703436" elapsed="0.088871"/>
</kw>
<kw name="Set Variable" owner="BuiltIn">
<msg time="2024-04-10T03:16:20.793105" level="INFO">${json_data} = {'results': [{'gender': 'female', 'name': {'title': 'Miss', 'first': 'Mila', 'last': 'Morris'}, 'location': {'street': {'number': 5280, 'name': 'Guyton Street'}, 'city': 'Lower Hutt', 'state': 'Nelson...</msg>
<var>${json_data}</var>
<arg>${response.json()}</arg>
<doc>Returns the given values which can then be assigned to a variables.</doc>
<status status="PASS" start="2024-04-10T03:16:20.792650" elapsed="0.000483"/>
</kw>
<kw name="Log" owner="BuiltIn">
<msg time="2024-04-10T03:16:20.793597" level="INFO">{'results': [{'gender': 'female', 'name': {'title': 'Miss', 'first': 'Mila', 'last': 'Morris'}, 'location': {'street': {'number': 5280, 'name': 'Guyton Street'}, 'city': 'Lower Hutt', 'state': 'Nelson', 'country': 'New Zealand', 'postcode': 69716, 'coordinates': {'latitude': '49.7355', 'longitude': '3.2433'}, 'timezone': {'offset': '+8:00', 'description': 'Beijing, Perth, Singapore, Hong Kong'}}, 'email': 'mila.morris@example.com', 'login': {'uuid': 'a84d8567-aa3f-4aa7-8a83-33d27b30e7ae', 'username': 'blueelephant303', 'password': 'liquid', 'salt': 'Pp0ONDdN', 'md5': '273c3142aa6e407b0ee4b758dc90a393', 'sha1': 'a1865b69f8d3271a31f66e71fbf2fab54e67f881', 'sha256': 'dd67882017e112b502abf412509a966626bfc27dcb36d3b6d616a8d81fc300d3'}, 'dob': {'date': '1993-02-02T13:15:25.131Z', 'age': 31}, 'registered': {'date': '2005-08-14T01:13:38.804Z', 'age': 18}, 'phone': '(720)-846-9892', 'cell': '(421)-756-9645', 'id': {'name': '', 'value': None}, 'picture': {'large': 'https://randomuser.me/api/portraits/women/44.jpg', 'medium': 'https://randomuser.me/api/portraits/med/women/44.jpg', 'thumbnail': 'https://randomuser.me/api/portraits/thumb/women/44.jpg'}, 'nat': 'NZ'}], 'info': {'seed': '39be92c426502364', 'results': 1, 'page': 1, 'version': '1.4'}}</msg>
<arg>${json_data}</arg>
<doc>Logs the given message with the given level.</doc>
<status status="PASS" start="2024-04-10T03:16:20.793441" elapsed="0.000203"/>
</kw>
<kw name="Should Be String" owner="String">
<arg>${json_data['results'][0]['gender']}</arg>
<doc>Fails if the given ``item`` is not a string.</doc>
<status status="PASS" start="2024-04-10T03:16:20.793966" elapsed="0.000365"/>
</kw>
<kw name="Should Match Regexp" owner="BuiltIn">
<arg>${json_data['results'][0]['email']}</arg>
<arg>^[a-zA-Z0-9._%+-]+@[a-zA-Z0-9.-]+\.[a-zA-Z]{2,}$</arg>
<doc>Fails if ``string`` does not match ``pattern`` as a regular expression.</doc>
<status status="PASS" start="2024-04-10T03:16:20.794522" elapsed="0.000496"/>
</kw>
<kw name="Should Match Regexp" owner="BuiltIn">
<arg>${json_data['results'][0]['dob']['date']}</arg>
<arg>\\d{4}-\\d{2}-\\d{2}T\\d{2}:\\d{2}:\\d{2}\\.\\d{3}Z</arg>
<doc>Fails if ``string`` does not match ``pattern`` as a regular expression.</doc>
<status status="PASS" start="2024-04-10T03:16:20.795214" elapsed="0.000507"/>
</kw>
<kw name="Should Match Regexp" owner="BuiltIn">
<arg>${json_data['results'][0]['registered']['date']}</arg>
<arg>\\d{4}-\\d{2}-\\d{2}T\\d{2}:\\d{2}:\\d{2}\\.\\d{3}Z</arg>
<doc>Fails if ``string`` does not match ``pattern`` as a regular expression.</doc>
<status status="PASS" start="2024-04-10T03:16:20.795920" elapsed="0.000365"/>
</kw>
<kw name="Should Match Regexp" owner="BuiltIn">
<arg>${json_data['results'][0]['picture']['large']}</arg>
<arg>^https?://.*\.(?:png|jpe?g|gif|bmp)$</arg>
<doc>Fails if ``string`` does not match ``pattern`` as a regular expression.</doc>
<status status="PASS" start="2024-04-10T03:16:20.796475" elapsed="0.000482"/>
</kw>
<kw name="Should Match Regexp" owner="BuiltIn">
<arg>${json_data['results'][0]['picture']['medium']}</arg>
<arg>^https?://.*\.(?:png|jpe?g|gif|bmp)$</arg>
<doc>Fails if ``string`` does not match ``pattern`` as a regular expression.</doc>
<status status="PASS" start="2024-04-10T03:16:20.797150" elapsed="0.000361"/>
</kw>
<kw name="Should Match Regexp" owner="BuiltIn">
<arg>${json_data['results'][0]['picture']['thumbnail']}</arg>
<arg>^https?://.*\.(?:png|jpe?g|gif|bmp)$</arg>
<doc>Fails if ``string`` does not match ``pattern`` as a regular expression.</doc>
<status status="PASS" start="2024-04-10T03:16:20.797698" elapsed="0.000358"/>
</kw>
<kw name="Log" owner="BuiltIn">
<msg time="2024-04-10T03:16:20.798568" level="INFO">{'large': 'https://randomuser.me/api/portraits/women/44.jpg', 'medium': 'https://randomuser.me/api/portraits/med/women/44.jpg', 'thumbnail': 'https://randomuser.me/api/portraits/thumb/women/44.jpg'}</msg>
<arg>${json_data['results'][0]['picture']}</arg>
<doc>Logs the given message with the given level.</doc>
<status status="PASS" start="2024-04-10T03:16:20.798239" elapsed="0.000371"/>
</kw>
<status status="PASS" start="2024-04-10T03:16:20.703210" elapsed="0.095650"/>
</kw>
<kw name="Teste de Tipos de Dados - Postcode" owner="random-user-service">
<kw name="GET On Session" owner="RequestsLibrary">
<msg time="2024-04-10T03:16:20.881158" level="INFO">GET Request : url=https://randomuser.me/api 
 path_url=/api 
 headers={'User-Agent': 'python-requests/2.31.0', 'Accept-Encoding': 'gzip, deflate', 'Accept': '*/*', 'Connection': 'keep-alive'} 
 body=None 
 </msg>
<msg time="2024-04-10T03:16:20.881245" level="INFO">GET Response : url=https://randomuser.me/api 
 status=200, reason=OK 
 headers={'Date': 'Wed, 10 Apr 2024 03:16:20 GMT', 'Content-Type': 'application/json; charset=utf-8', 'Transfer-Encoding': 'chunked', 'Connection': 'keep-alive', 'X-Powered-By': 'Express', 'Access-Control-Allow-Origin': '*', 'Cache-Control': 'no-cache', 'ETag': 'W/"481-6+O5FmieMvCllDgs0eEhjD8YjlA"', 'Vary': 'Accept-Encoding', 'Content-Encoding': 'gzip', 'CF-Cache-Status': 'DYNAMIC', 'Report-To': '{"endpoints":[{"url":"https:\\/\\/a.nel.cloudflare.com\\/report\\/v4?s=SMbaqzRIbny50OPUxee9PcwPiZ%2F%2FUu%2FS%2FOEHOYlQ27fea3eM2BpsuuTBDM1HaPY7YBrVZgSYUBngLe59rkaWInThFNei%2Bo4P5q%2F2NVA5EOK1zbm3CKnWqlSrbfJ4EBXL"}],"group":"cf-nel","max_age":604800}', 'NEL': '{"success_fraction":0,"report_to":"cf-nel","max_age":604800}', 'Server': 'cloudflare', 'CF-RAY': '871f93de0ac65553-ORD', 'alt-svc': 'h3=":443"; ma=86400'} 
 body={"results":[{"gender":"female","name":{"title":"Ms","first":"Josefine","last":"Nielsen"},"location":{"street":{"number":9827,"name":"Kærbyvej"},"city":"Snertinge","state":"Hovedstaden","country":"Denmark","postcode":16264,"coordinates":{"latitude":"-42.0449","longitude":"104.0913"},"timezone":{"offset":"+9:30","description":"Adelaide, Darwin"}},"email":"josefine.nielsen@example.com","login":{"uuid":"6acef7c2-1fdf-4f70-9c5e-b2c8c5604339","username":"tinypanda230","password":"freefree","salt":"0190EdZY","md5":"5140dd44bc674f88fd67ad992ee2720d","sha1":"ea442ce27447066affb0d81d72a9a4150d772feb","sha256":"c4f1b6a36f79e59fa5da56bd7a5063a2a8413919b8df3b474f453d9360052524"},"dob":{"date":"1988-05-31T22:18:31.662Z","age":35},"registered":{"date":"2013-05-19T23:47:43.598Z","age":10},"phone":"34022267","cell":"29422188","id":{"name":"CPR","value":"310588-6417"},"picture":{"large":"https://randomuser.me/api/portraits/women/76.jpg","medium":"https://randomuser.me/api/portraits/med/women/76.jpg","thumbnail":"https://randomuser.me/api/portraits/thumb/women/76.jpg"},"nat":"DK"}],"info":{"seed":"6277d8bc0ffae25e","results":1,"page":1,"version":"1.4"}} 
 </msg>
<msg time="2024-04-10T03:16:20.881322" level="INFO">/opt/hostedtoolcache/Python/3.12.2/x64/lib/python3.12/site-packages/urllib3/connectionpool.py:1103: InsecureRequestWarning: Unverified HTTPS request is being made to host 'randomuser.me'. Adding certificate verification is strongly advised. See: https://urllib3.readthedocs.io/en/latest/advanced-usage.html#tls-warnings
  warnings.warn(</msg>
<msg time="2024-04-10T03:16:20.881431" level="INFO">${response} = &lt;Response [200]&gt;</msg>
<var>${response}</var>
<arg>consultarAPI</arg>
<arg>/api</arg>
<doc>Sends a GET request on a previously created HTTP Session.</doc>
<status status="PASS" start="2024-04-10T03:16:20.799294" elapsed="0.082182"/>
</kw>
<kw name="Set Variable" owner="BuiltIn">
<msg time="2024-04-10T03:16:20.882286" level="INFO">${json_data} = {'results': [{'gender': 'female', 'name': {'title': 'Ms', 'first': 'Josefine', 'last': 'Nielsen'}, 'location': {'street': {'number': 9827, 'name': 'Kærbyvej'}, 'city': 'Snertinge', 'state': 'Hovedstad...</msg>
<var>${json_data}</var>
<arg>${response.json()}</arg>
<doc>Returns the given values which can then be assigned to a variables.</doc>
<status status="PASS" start="2024-04-10T03:16:20.881829" elapsed="0.000487"/>
</kw>
<kw name="Log" owner="BuiltIn">
<msg time="2024-04-10T03:16:20.882781" level="INFO">{'results': [{'gender': 'female', 'name': {'title': 'Ms', 'first': 'Josefine', 'last': 'Nielsen'}, 'location': {'street': {'number': 9827, 'name': 'Kærbyvej'}, 'city': 'Snertinge', 'state': 'Hovedstaden', 'country': 'Denmark', 'postcode': 16264, 'coordinates': {'latitude': '-42.0449', 'longitude': '104.0913'}, 'timezone': {'offset': '+9:30', 'description': 'Adelaide, Darwin'}}, 'email': 'josefine.nielsen@example.com', 'login': {'uuid': '6acef7c2-1fdf-4f70-9c5e-b2c8c5604339', 'username': 'tinypanda230', 'password': 'freefree', 'salt': '0190EdZY', 'md5': '5140dd44bc674f88fd67ad992ee2720d', 'sha1': 'ea442ce27447066affb0d81d72a9a4150d772feb', 'sha256': 'c4f1b6a36f79e59fa5da56bd7a5063a2a8413919b8df3b474f453d9360052524'}, 'dob': {'date': '1988-05-31T22:18:31.662Z', 'age': 35}, 'registered': {'date': '2013-05-19T23:47:43.598Z', 'age': 10}, 'phone': '34022267', 'cell': '29422188', 'id': {'name': 'CPR', 'value': '310588-6417'}, 'picture': {'large': 'https://randomuser.me/api/portraits/women/76.jpg', 'medium': 'https://randomuser.me/api/portraits/med/women/76.jpg', 'thumbnail': 'https://randomuser.me/api/portraits/thumb/women/76.jpg'}, 'nat': 'DK'}], 'info': {'seed': '6277d8bc0ffae25e', 'results': 1, 'page': 1, 'version': '1.4'}}</msg>
<arg>${json_data}</arg>
<doc>Logs the given message with the given level.</doc>
<status status="PASS" start="2024-04-10T03:16:20.882624" elapsed="0.000207"/>
</kw>
<kw name="Should Be Equal As Numbers" owner="BuiltIn">
<arg>${json_data['results'][0]['location']['postcode']}</arg>
<arg>${json_data['results'][0]['location']['postcode']}</arg>
<doc>Fails if objects are unequal after converting them to real numbers.</doc>
<status status="PASS" start="2024-04-10T03:16:20.883130" elapsed="0.000661"/>
</kw>
<kw name="Log" owner="BuiltIn">
<msg time="2024-04-10T03:16:20.884328" level="INFO">16264</msg>
<arg>${json_data['results'][0]['location']['postcode']}</arg>
<doc>Logs the given message with the given level.</doc>
<status status="PASS" start="2024-04-10T03:16:20.883989" elapsed="0.000380"/>
</kw>
<status status="PASS" start="2024-04-10T03:16:20.799069" elapsed="0.085556"/>
</kw>
<doc>Testa se os tipos de dados na resposta da API estão corretos.</doc>
<tag>testeTiposDados</tag>
<status status="PASS" start="2024-04-10T03:16:20.702767" elapsed="0.182020"/>
</test>
<test id="s1-s1-t5" name="Validar conteudo" line="35">
<kw name="Teste de Tipos de Conteudo" owner="random-user-service">
<kw name="GET On Session" owner="RequestsLibrary">
<msg time="2024-04-10T03:16:20.981040" level="INFO">GET Request : url=https://randomuser.me/api 
 path_url=/api 
 headers={'User-Agent': 'python-requests/2.31.0', 'Accept-Encoding': 'gzip, deflate', 'Accept': '*/*', 'Connection': 'keep-alive'} 
 body=None 
 </msg>
<msg time="2024-04-10T03:16:20.981126" level="INFO">GET Response : url=https://randomuser.me/api 
 status=200, reason=OK 
 headers={'Date': 'Wed, 10 Apr 2024 03:16:20 GMT', 'Content-Type': 'application/json; charset=utf-8', 'Transfer-Encoding': 'chunked', 'Connection': 'keep-alive', 'X-Powered-By': 'Express', 'Access-Control-Allow-Origin': '*', 'Cache-Control': 'no-cache', 'ETag': 'W/"4a9-mnLBoEBIEnVGzATQjtj+M55h8Cw"', 'Vary': 'Accept-Encoding', 'Content-Encoding': 'gzip', 'CF-Cache-Status': 'DYNAMIC', 'Report-To': '{"endpoints":[{"url":"https:\\/\\/a.nel.cloudflare.com\\/report\\/v4?s=rZSPi7%2BerAMUCt8FpMcpBxUs4oztpC8KZ64bol1%2F0Y5QPvKymB9vgk4LocPYcDWE4M6ZZmJHM9ovRyIDd6aSXDQ5ej1YcxdMSDlepzxFwjX8enzyMKHrAU6nPB4znCh8"}],"group":"cf-nel","max_age":604800}', 'NEL': '{"success_fraction":0,"report_to":"cf-nel","max_age":604800}', 'Server': 'cloudflare', 'CF-RAY': '871f93de8b855553-ORD', 'alt-svc': 'h3=":443"; ma=86400'} 
 body={"results":[{"gender":"female","name":{"title":"Mrs","first":"Helga","last":"das Neves"},"location":{"street":{"number":2791,"name":"Avenida Vinícius de Morais"},"city":"Ponta Grossa","state":"Acre","country":"Brazil","postcode":50292,"coordinates":{"latitude":"-80.4391","longitude":"64.5768"},"timezone":{"offset":"-1:00","description":"Azores, Cape Verde Islands"}},"email":"helga.dasneves@example.com","login":{"uuid":"658641a0-7f44-4088-9fa9-ce59e297233c","username":"organicpeacock896","password":"paintbal","salt":"7rqbFFJ7","md5":"27373ee02f6282b40dedaa1ed955739e","sha1":"b06b6b4c8531dc87c5bdb598aaa27bca1178e467","sha256":"529856931059ea71720c346b7d0d29c37db0455cb1d7100c54d1f5553285e92b"},"dob":{"date":"1962-08-31T11:01:08.970Z","age":61},"registered":{"date":"2013-09-08T22:40:48.912Z","age":10},"phone":"(16) 4122-7612","cell":"(30) 7298-7413","id":{"name":"CPF","value":"558.706.096-15"},"picture":{"large":"https://randomuser.me/api/portraits/women/85.jpg","medium":"https://randomuser.me/api/portraits/med/women/85.jpg","thumbnail":"https://randomuser.me/api/portraits/thumb/women/85.jpg"},"nat":"BR"}],"info":{"seed":"ea07765c3c538e12","results":1,"page":1,"version":"1.4"}} 
 </msg>
<msg time="2024-04-10T03:16:20.981203" level="INFO">/opt/hostedtoolcache/Python/3.12.2/x64/lib/python3.12/site-packages/urllib3/connectionpool.py:1103: InsecureRequestWarning: Unverified HTTPS request is being made to host 'randomuser.me'. Adding certificate verification is strongly advised. See: https://urllib3.readthedocs.io/en/latest/advanced-usage.html#tls-warnings
  warnings.warn(</msg>
<msg time="2024-04-10T03:16:20.981345" level="INFO">${response} = &lt;Response [200]&gt;</msg>
<var>${response}</var>
<arg>consultarAPI</arg>
<arg>/api</arg>
<doc>Sends a GET request on a previously created HTTP Session.</doc>
<status status="PASS" start="2024-04-10T03:16:20.887646" elapsed="0.093759"/>
</kw>
<kw name="Set Variable" owner="BuiltIn">
<msg time="2024-04-10T03:16:20.982233" level="INFO">${json_data} = {'results': [{'gender': 'female', 'name': {'title': 'Mrs', 'first': 'Helga', 'last': 'das Neves'}, 'location': {'street': {'number': 2791, 'name': 'Avenida Vinícius de Morais'}, 'city': 'Ponta Grossa'...</msg>
<var>${json_data}</var>
<arg>${response.json()}</arg>
<doc>Returns the given values which can then be assigned to a variables.</doc>
<status status="PASS" start="2024-04-10T03:16:20.981776" elapsed="0.000486"/>
</kw>
<kw name="Set Variable" owner="BuiltIn">
<msg time="2024-04-10T03:16:20.982957" level="INFO">${name_title} = Mrs</msg>
<var>${name_title}</var>
<arg>${json_data["results"][0]["name"]["title"]}</arg>
<doc>Returns the given values which can then be assigned to a variables.</doc>
<status status="PASS" start="2024-04-10T03:16:20.982573" elapsed="0.000410"/>
</kw>
<kw name="Create List" owner="BuiltIn">
<msg time="2024-04-10T03:16:20.983438" level="INFO">${allowed_titles} = ['Mr', 'Ms', 'Miss', 'Mrs', 'Madame', 'Monsieur']</msg>
<var>${allowed_titles}</var>
<arg>Mr</arg>
<arg>Ms</arg>
<arg>Miss</arg>
<arg>Mrs</arg>
<arg>Madame</arg>
<arg>Monsieur</arg>
<doc>Returns a list containing given items.</doc>
<status status="PASS" start="2024-04-10T03:16:20.983287" elapsed="0.000177"/>
</kw>
<kw name="List Should Contain Value" owner="Collections">
<msg time="2024-04-10T03:16:20.983941" level="INFO">False</msg>
<arg>${allowed_titles}</arg>
<arg>${name_title}</arg>
<doc>Fails if the ``value`` is not found from ``list``.</doc>
<status status="PASS" start="2024-04-10T03:16:20.983771" elapsed="0.000206"/>
</kw>
<kw name="Set Variable" owner="BuiltIn">
<msg time="2024-04-10T03:16:20.984658" level="INFO">${name_country} = BR</msg>
<var>${name_country}</var>
<arg>${json_data["results"][0]["nat"]}</arg>
<doc>Returns the given values which can then be assigned to a variables.</doc>
<status status="PASS" start="2024-04-10T03:16:20.984275" elapsed="0.000407"/>
</kw>
<kw name="Create List" owner="BuiltIn">
<msg time="2024-04-10T03:16:20.985614" level="INFO">${list_country} = ['AD', 'AE', 'AF', 'AG', 'AI', 'AL', 'AM', 'AO', 'AQ', 'AR', 'AS', 'AT', 'AU', 'AW', 'AX', 'AZ', 'BA', 'BB', 'BD', 'BE', 'BF', 'BG', 'BH', 'BI', 'BJ', 'BL', 'BM', 'BN', 'BO', 'BQ', 'BR', 'BS', 'BT', '...</msg>
<var>${list_country}</var>
<arg>AD</arg>
<arg>AE</arg>
<arg>AF</arg>
<arg>AG</arg>
<arg>AI</arg>
<arg>AL</arg>
<arg>AM</arg>
<arg>AO</arg>
<arg>AQ</arg>
<arg>AR</arg>
<arg>AS</arg>
<arg>AT</arg>
<arg>AU</arg>
<arg>AW</arg>
<arg>AX</arg>
<arg>AZ</arg>
<arg>BA</arg>
<arg>BB</arg>
<arg>BD</arg>
<arg>BE</arg>
<arg>BF</arg>
<arg>BG</arg>
<arg>BH</arg>
<arg>BI</arg>
<arg>BJ</arg>
<arg>BL</arg>
<arg>BM</arg>
<arg>BN</arg>
<arg>BO</arg>
<arg>BQ</arg>
<arg>BR</arg>
<arg>BS</arg>
<arg>BT</arg>
<arg>BV</arg>
<arg>BW</arg>
<arg>BY</arg>
<arg>BZ</arg>
<arg>CA</arg>
<arg>CC</arg>
<arg>CD</arg>
<arg>CF</arg>
<arg>CG</arg>
<arg>CH</arg>
<arg>CI</arg>
<arg>CK</arg>
<arg>CL</arg>
<arg>CM</arg>
<arg>CN</arg>
<arg>CO</arg>
<arg>CR</arg>
<arg>CU</arg>
<arg>CV</arg>
<arg>CW</arg>
<arg>CX</arg>
<arg>CY</arg>
<arg>CZ</arg>
<arg>DE</arg>
<arg>DJ</arg>
<arg>DK</arg>
<arg>DM</arg>
<arg>DO</arg>
<arg>DZ</arg>
<arg>EC</arg>
<arg>EE</arg>
<arg>EG</arg>
<arg>EH</arg>
<arg>ER</arg>
<arg>ES</arg>
<arg>ET</arg>
<arg>FI</arg>
<arg>FJ</arg>
<arg>FK</arg>
<arg>FM</arg>
<arg>FO</arg>
<arg>FR</arg>
<arg>GA</arg>
<arg>GB</arg>
<arg>GD</arg>
<arg>GE</arg>
<arg>GF</arg>
<arg>GG</arg>
<arg>GH</arg>
<arg>GI</arg>
<arg>GL</arg>
<arg>GM</arg>
<arg>GN</arg>
<arg>GP</arg>
<arg>GQ</arg>
<arg>GR</arg>
<arg>GS</arg>
<arg>GT</arg>
<arg>GU</arg>
<arg>GW</arg>
<arg>GY</arg>
<arg>HK</arg>
<arg>HM</arg>
<arg>HN</arg>
<arg>HR</arg>
<arg>HT</arg>
<arg>HU</arg>
<arg>ID</arg>
<arg>IE</arg>
<arg>IL</arg>
<arg>IM</arg>
<arg>IN</arg>
<arg>IO</arg>
<arg>IQ</arg>
<arg>IR</arg>
<arg>IS</arg>
<arg>IT</arg>
<arg>JE</arg>
<arg>JM</arg>
<arg>JO</arg>
<arg>JP</arg>
<arg>KE</arg>
<arg>KG</arg>
<arg>KH</arg>
<arg>KI</arg>
<arg>KM</arg>
<arg>KN</arg>
<arg>KP</arg>
<arg>KR</arg>
<arg>KW</arg>
<arg>KY</arg>
<arg>KZ</arg>
<arg>LA</arg>
<arg>LB</arg>
<arg>LC</arg>
<arg>LI</arg>
<arg>LK</arg>
<arg>LR</arg>
<arg>LS</arg>
<arg>LT</arg>
<arg>LU</arg>
<arg>LV</arg>
<arg>LY</arg>
<arg>MA</arg>
<arg>MC</arg>
<arg>MD</arg>
<arg>ME</arg>
<arg>MF</arg>
<arg>MG</arg>
<arg>MH</arg>
<arg>MK</arg>
<arg>ML</arg>
<arg>MM</arg>
<arg>MN</arg>
<arg>MO</arg>
<arg>MP</arg>
<arg>MQ</arg>
<arg>MR</arg>
<arg>MS</arg>
<arg>MT</arg>
<arg>MU</arg>
<arg>MV</arg>
<arg>MW</arg>
<arg>MX</arg>
<arg>MY</arg>
<arg>MZ</arg>
<arg>NA</arg>
<arg>NC</arg>
<arg>NE</arg>
<arg>NF</arg>
<arg>NG</arg>
<arg>NI</arg>
<arg>NL</arg>
<arg>NO</arg>
<arg>NP</arg>
<arg>NR</arg>
<arg>NU</arg>
<arg>NZ</arg>
<arg>OM</arg>
<arg>PA</arg>
<arg>PE</arg>
<arg>PF</arg>
<arg>PG</arg>
<arg>PH</arg>
<arg>PK</arg>
<arg>PL</arg>
<arg>PM</arg>
<arg>PN</arg>
<arg>PR</arg>
<arg>PS</arg>
<arg>PT</arg>
<arg>PW</arg>
<arg>PY</arg>
<arg>QA</arg>
<arg>RE</arg>
<arg>RO</arg>
<arg>RS</arg>
<arg>RU</arg>
<arg>RW</arg>
<arg>SA</arg>
<arg>SB</arg>
<arg>SC</arg>
<arg>SD</arg>
<arg>SE</arg>
<arg>SG</arg>
<arg>SH</arg>
<arg>SI</arg>
<arg>SJ</arg>
<arg>SK</arg>
<arg>SL</arg>
<arg>SM</arg>
<arg>SN</arg>
<arg>SO</arg>
<arg>SR</arg>
<arg>SS</arg>
<arg>ST</arg>
<arg>SV</arg>
<arg>SX</arg>
<arg>SY</arg>
<arg>SZ</arg>
<arg>TC</arg>
<arg>TD</arg>
<arg>TF</arg>
<arg>TG</arg>
<arg>TH</arg>
<arg>TJ</arg>
<arg>TK</arg>
<arg>TL</arg>
<arg>TM</arg>
<arg>TN</arg>
<arg>TO</arg>
<arg>TR</arg>
<arg>TT</arg>
<arg>TV</arg>
<arg>TW</arg>
<arg>TZ</arg>
<arg>UA</arg>
<arg>UG</arg>
<arg>UM</arg>
<arg>US</arg>
<arg>UY</arg>
<arg>UZ</arg>
<arg>VA</arg>
<arg>VC</arg>
<arg>VE</arg>
<arg>VG</arg>
<arg>VI</arg>
<arg>VN</arg>
<arg>VU</arg>
<arg>WF</arg>
<arg>WS</arg>
<arg>XK</arg>
<arg>YE</arg>
<arg>YT</arg>
<arg>ZA</arg>
<arg>ZM</arg>
<arg>ZW</arg>
<doc>Returns a list containing given items.</doc>
<status status="PASS" start="2024-04-10T03:16:20.985012" elapsed="0.000628"/>
</kw>
<kw name="List Should Contain Value" owner="Collections">
<msg time="2024-04-10T03:16:20.986639" level="INFO">False</msg>
<arg>${list_country}</arg>
<arg>${name_country}</arg>
<doc>Fails if the ``value`` is not found from ``list``.</doc>
<status status="PASS" start="2024-04-10T03:16:20.986436" elapsed="0.000241"/>
</kw>
<kw name="Run Keyword If" owner="BuiltIn">
<kw name="Should Be True" owner="BuiltIn">
<arg>${True}</arg>
<doc>Fails if the given condition is not true.</doc>
<status status="PASS" start="2024-04-10T03:16:20.987850" elapsed="0.000147"/>
</kw>
<arg>${json_data["results"][0]["location"]["coordinates"]["latitude"]} &gt;= -90 and ${json_data["results"][0]["location"]["coordinates"]["latitude"]} &lt;= 90</arg>
<arg>Should Be True</arg>
<arg>${True}</arg>
<doc>Runs the given keyword with the given arguments, if ``condition`` is true.</doc>
<status status="PASS" start="2024-04-10T03:16:20.986988" elapsed="0.001139"/>
</kw>
<kw name="Run Keyword If" owner="BuiltIn">
<kw name="Should Be True" owner="BuiltIn">
<arg>${True}</arg>
<doc>Fails if the given condition is not true.</doc>
<status status="PASS" start="2024-04-10T03:16:20.989054" elapsed="0.000160"/>
</kw>
<arg>${json_data["results"][0]["location"]["coordinates"]["longitude"]} &gt;= -180 and ${json_data["results"][0]["location"]["coordinates"]["longitude"]} &lt;= 180</arg>
<arg>Should Be True</arg>
<arg>${True}</arg>
<doc>Runs the given keyword with the given arguments, if ``condition`` is true.</doc>
<status status="PASS" start="2024-04-10T03:16:20.988324" elapsed="0.001015"/>
</kw>
<status status="PASS" start="2024-04-10T03:16:20.887270" elapsed="0.102199"/>
</kw>
<doc>Testa o conteúdo específico dos campos retornados pela API.</doc>
<tag>testeConteudo</tag>
<status status="PASS" start="2024-04-10T03:16:20.886602" elapsed="0.103012"/>
</test>
<status status="PASS" start="2024-04-10T03:16:20.031886" elapsed="0.959604"/>
</suite>
<status status="PASS" start="2024-04-10T03:16:20.018316" elapsed="0.978435"/>
</suite>
<statistics>
<total>
<stat pass="5" fail="0" skip="0">All Tests</stat>
</total>
<tag>
<stat pass="1" fail="0" skip="0">testeConteudo</stat>
<stat pass="1" fail="0" skip="0">testeEstruturaResposta</stat>
<stat pass="1" fail="0" skip="0">testeRequisicaoBasica</stat>
<stat pass="1" fail="0" skip="0">testeTiposDados</stat>
</tag>
<suite>
<stat pass="5" fail="0" skip="0" id="s1" name="Tests">Tests</stat>
<stat pass="5" fail="0" skip="0" id="s1-s1" name="Random-User-Test">Tests.Random-User-Test</stat>
</suite>
</statistics>
<errors>
</errors>
</robot>
