<?xml version="1.0" encoding="UTF-8"?>
<robot generator="Robot 7.0 (Python 3.12.2 on linux)" generated="2024-03-22T19:12:46.668844" rpa="false" schemaversion="5">
<suite id="s1" name="Tests" source="/home/runner/work/DesafioQAItauRogerioJordao/DesafioQAItauRogerioJordao/RamdonUser/tests">
<suite id="s1-s1" name="Random-User-Test" source="/home/runner/work/DesafioQAItauRogerioJordao/DesafioQAItauRogerioJordao/RamdonUser/tests/random-user-test.robot">
<test id="s1-s1-t1" name="Conectar" line="13">
<kw name="Conectar API" owner="random-user-service">
<kw name="Create Session" owner="RequestsLibrary">
<msg time="2024-03-22T19:12:47.030636" level="INFO">Creating Session using : alias=consultarAPI, url=https://randomuser.me/, headers={},                     cookies={}, auth=None, timeout=None, proxies=None, verify=False,                     debug=0 </msg>
<arg>consultarAPI</arg>
<arg>${URL}</arg>
<doc>Create Session: create a HTTP session to a server</doc>
<status status="PASS" start="2024-03-22T19:12:47.030418" elapsed="0.000412"/>
</kw>
<status status="PASS" start="2024-03-22T19:12:47.029334" elapsed="0.001882"/>
</kw>
<status status="PASS" start="2024-03-22T19:12:47.028684" elapsed="0.002744"/>
</test>
<test id="s1-s1-t2" name="Validar retorno 200 e JSON Válido" line="16">
<kw name="Teste de Requisicao Basica" owner="random-user-service">
<kw name="GET On Session" owner="RequestsLibrary">
<msg time="2024-03-22T19:12:47.274011" level="INFO">GET Request : url=https://randomuser.me/api 
 path_url=/api 
 headers={'User-Agent': 'python-requests/2.31.0', 'Accept-Encoding': 'gzip, deflate', 'Accept': '*/*', 'Connection': 'keep-alive'} 
 body=None 
 </msg>
<msg time="2024-03-22T19:12:47.274157" level="INFO">GET Response : url=https://randomuser.me/api 
 status=200, reason=OK 
 headers={'Date': 'Fri, 22 Mar 2024 19:12:47 GMT', 'Content-Type': 'application/json; charset=utf-8', 'Transfer-Encoding': 'chunked', 'Connection': 'keep-alive', 'X-Powered-By': 'Express', 'Access-Control-Allow-Origin': '*', 'Cache-Control': 'no-cache', 'ETag': 'W/"492-D4c5pPY3jxbfCSpsDI4iWf6RpnA"', 'Vary': 'Accept-Encoding', 'Content-Encoding': 'gzip', 'CF-Cache-Status': 'DYNAMIC', 'Report-To': '{"endpoints":[{"url":"https:\\/\\/a.nel.cloudflare.com\\/report\\/v4?s=6Udgh1dQpyJVJ5aJ3Ipmi0z8sNdT57g%2FyQv0rjYCwrV76Au3xkfpycDMcoNUQ5HnhccpHeLUDlq6S%2BN%2B%2B7B89mfZtYWeJ1Z2md84A4fkwNykmWj3eKuBVRX3JkzcAHsa"}],"group":"cf-nel","max_age":604800}', 'NEL': '{"success_fraction":0,"report_to":"cf-nel","max_age":604800}', 'Server': 'cloudflare', 'CF-RAY': '86887ec72b7e223a-ORD', 'alt-svc': 'h3=":443"; ma=86400'} 
 body={"results":[{"gender":"male","name":{"title":"Mr","first":"اميرعلي","last":"گلشن"},"location":{"street":{"number":2999,"name":"فاطمی"},"city":"کرمانشاه","state":"لرستان","country":"Iran","postcode":57123,"coordinates":{"latitude":"20.1671","longitude":"-84.8709"},"timezone":{"offset":"+10:00","description":"Eastern Australia, Guam, Vladivostok"}},"email":"myraaly.glshn@example.com","login":{"uuid":"2ff48e98-ebf6-43e7-9b60-75a931ada93d","username":"heavybird536","password":"picasso","salt":"5S9zo6DY","md5":"53eebf4293cb158a9b94993b743f4e8c","sha1":"b10b8f8e5bf945f3599e43a25bc32360cc44ddaa","sha256":"41be819e73f6f4ec25c1a71b2bb11e1c47dac3162cf258ac318cc25fdcd0439f"},"dob":{"date":"1964-10-07T12:17:04.104Z","age":59},"registered":{"date":"2015-03-26T22:50:21.928Z","age":8},"phone":"020-68662856","cell":"0980-677-0420","id":{"name":"","value":null},"picture":{"large":"https://randomuser.me/api/portraits/men/59.jpg","medium":"https://randomuser.me/api/portraits/med/men/59.jpg","thumbnail":"https://randomuser.me/api/portraits/thumb/men/59.jpg"},"nat":"IR"}],"info":{"seed":"abd91c873c9bbc87","results":1,"page":1,"version":"1.4"}} 
 </msg>
<msg time="2024-03-22T19:12:47.274264" level="INFO">/opt/hostedtoolcache/Python/3.12.2/x64/lib/python3.12/site-packages/urllib3/connectionpool.py:1103: InsecureRequestWarning: Unverified HTTPS request is being made to host 'randomuser.me'. Adding certificate verification is strongly advised. See: https://urllib3.readthedocs.io/en/latest/advanced-usage.html#tls-warnings
  warnings.warn(</msg>
<msg time="2024-03-22T19:12:47.274418" level="INFO">${response} = &lt;Response [200]&gt;</msg>
<var>${response}</var>
<arg>consultarAPI</arg>
<arg>/api</arg>
<doc>Sends a GET request on a previously created HTTP Session.</doc>
<status status="PASS" start="2024-03-22T19:12:47.034171" elapsed="0.240288"/>
</kw>
<kw name="Should Be Equal As Numbers" owner="BuiltIn">
<msg time="2024-03-22T19:12:47.275569" level="INFO">Argument types are:
&lt;class 'int'&gt;
&lt;class 'str'&gt;</msg>
<arg>${response.status_code}</arg>
<arg>200</arg>
<doc>Fails if objects are unequal after converting them to real numbers.</doc>
<status status="PASS" start="2024-03-22T19:12:47.275088" elapsed="0.000553"/>
</kw>
<kw name="Log" owner="BuiltIn">
<msg time="2024-03-22T19:12:47.276354" level="INFO">200</msg>
<arg>${response.status_code}</arg>
<doc>Logs the given message with the given level.</doc>
<status status="PASS" start="2024-03-22T19:12:47.275961" elapsed="0.000436"/>
</kw>
<kw name="Set Variable" owner="BuiltIn">
<msg time="2024-03-22T19:12:47.277173" level="INFO">${json_data} = {'results': [{'gender': 'male', 'name': {'title': 'Mr', 'first': 'اميرعلي', 'last': 'گلشن'}, 'location': {'street': {'number': 2999, 'name': 'فاطمی'}, 'city': 'کرمانشاه', 'state': 'لرستان', 'country':...</msg>
<var>${json_data}</var>
<arg>${response.json()}</arg>
<doc>Returns the given values which can then be assigned to a variables.</doc>
<status status="PASS" start="2024-03-22T19:12:47.276721" elapsed="0.000482"/>
</kw>
<kw name="Dictionary Should Contain Key" owner="Collections">
<msg time="2024-03-22T19:12:47.277672" level="INFO">False</msg>
<arg>${json_data}</arg>
<arg>results</arg>
<doc>Fails if ``key`` is not found from ``dictionary``.</doc>
<status status="PASS" start="2024-03-22T19:12:47.277507" elapsed="0.000205"/>
</kw>
<status status="PASS" start="2024-03-22T19:12:47.033911" elapsed="0.244058"/>
</kw>
<doc>Testa se a API responde corretamente e retorna um objeto JSON válido.</doc>
<tag>testeRequisicaoBasica</tag>
<status status="PASS" start="2024-03-22T19:12:47.033363" elapsed="0.244794"/>
</test>
<test id="s1-s1-t3" name="Validar estrutura de resposta" line="22">
<kw name="Teste de Estrutura de Resposta" owner="random-user-service">
<kw name="GET On Session" owner="RequestsLibrary">
<msg time="2024-03-22T19:12:47.375195" level="INFO">GET Request : url=https://randomuser.me/api 
 path_url=/api 
 headers={'User-Agent': 'python-requests/2.31.0', 'Accept-Encoding': 'gzip, deflate', 'Accept': '*/*', 'Connection': 'keep-alive'} 
 body=None 
 </msg>
<msg time="2024-03-22T19:12:47.375313" level="INFO">GET Response : url=https://randomuser.me/api 
 status=200, reason=OK 
 headers={'Date': 'Fri, 22 Mar 2024 19:12:47 GMT', 'Content-Type': 'application/json; charset=utf-8', 'Transfer-Encoding': 'chunked', 'Connection': 'keep-alive', 'X-Powered-By': 'Express', 'Access-Control-Allow-Origin': '*', 'Cache-Control': 'no-cache', 'ETag': 'W/"4aa-ODqUmm+sfANnNxUBb4y5X+Ibpo4"', 'Vary': 'Accept-Encoding', 'Content-Encoding': 'gzip', 'CF-Cache-Status': 'DYNAMIC', 'Report-To': '{"endpoints":[{"url":"https:\\/\\/a.nel.cloudflare.com\\/report\\/v4?s=71xFuGx0S0Iwctlp5mnmHWWB%2BzT73Qlvd75FizAdNpm%2BpQcFbatVu5DVkW1js5uakGStiAaAdgn1aaA74Qq5YK5mrVaFTSjIQnj%2F12zbXC0t6apM8Wp0NTkL5u%2BQRooJ"}],"group":"cf-nel","max_age":604800}', 'NEL': '{"success_fraction":0,"report_to":"cf-nel","max_age":604800}', 'Server': 'cloudflare', 'CF-RAY': '86887ec77c20223a-ORD', 'alt-svc': 'h3=":443"; ma=86400'} 
 body={"results":[{"gender":"female","name":{"title":"Ms","first":"Aagtje","last":"Veurink"},"location":{"street":{"number":835,"name":"Franciscanerpoort"},"city":"Sterksel","state":"Noord-Holland","country":"Netherlands","postcode":"1589 GN","coordinates":{"latitude":"31.4877","longitude":"163.8280"},"timezone":{"offset":"-5:00","description":"Eastern Time (US &amp; Canada), Bogota, Lima"}},"email":"aagtje.veurink@example.com","login":{"uuid":"0ee418ca-cd06-44f4-854d-51cedbfa155e","username":"ticklishfrog186","password":"cross","salt":"3dzr7pVw","md5":"75bc5ffdfb4eb11eef3f299758d5bd20","sha1":"97fdeb5527004d5664c2074764ba181344b6b3e3","sha256":"3f2268b648d71d72b129b9db30ce8d0780047106104b6a37f6afcaa962a5a32c"},"dob":{"date":"1990-03-01T21:37:50.389Z","age":34},"registered":{"date":"2019-12-28T11:50:25.451Z","age":4},"phone":"(0230) 375835","cell":"(06) 00207811","id":{"name":"BSN","value":"27181811"},"picture":{"large":"https://randomuser.me/api/portraits/women/81.jpg","medium":"https://randomuser.me/api/portraits/med/women/81.jpg","thumbnail":"https://randomuser.me/api/portraits/thumb/women/81.jpg"},"nat":"NL"}],"info":{"seed":"6dc08c890aa8c719","results":1,"page":1,"version":"1.4"}} 
 </msg>
<msg time="2024-03-22T19:12:47.375462" level="INFO">/opt/hostedtoolcache/Python/3.12.2/x64/lib/python3.12/site-packages/urllib3/connectionpool.py:1103: InsecureRequestWarning: Unverified HTTPS request is being made to host 'randomuser.me'. Adding certificate verification is strongly advised. See: https://urllib3.readthedocs.io/en/latest/advanced-usage.html#tls-warnings
  warnings.warn(</msg>
<msg time="2024-03-22T19:12:47.375595" level="INFO">${response} = &lt;Response [200]&gt;</msg>
<var>${response}</var>
<arg>consultarAPI</arg>
<arg>/api</arg>
<doc>Sends a GET request on a previously created HTTP Session.</doc>
<status status="PASS" start="2024-03-22T19:12:47.280975" elapsed="0.094661"/>
</kw>
<kw name="Set Variable" owner="BuiltIn">
<msg time="2024-03-22T19:12:47.376893" level="INFO">${json_data} = {'results': [{'gender': 'female', 'name': {'title': 'Ms', 'first': 'Aagtje', 'last': 'Veurink'}, 'location': {'street': {'number': 835, 'name': 'Franciscanerpoort'}, 'city': 'Sterksel', 'state': 'Noor...</msg>
<var>${json_data}</var>
<arg>${response.json()}</arg>
<doc>Returns the given values which can then be assigned to a variables.</doc>
<status status="PASS" start="2024-03-22T19:12:47.376300" elapsed="0.000622"/>
</kw>
<kw name="Log" owner="BuiltIn">
<msg time="2024-03-22T19:12:47.377405" level="INFO">{'results': [{'gender': 'female', 'name': {'title': 'Ms', 'first': 'Aagtje', 'last': 'Veurink'}, 'location': {'street': {'number': 835, 'name': 'Franciscanerpoort'}, 'city': 'Sterksel', 'state': 'Noord-Holland', 'country': 'Netherlands', 'postcode': '1589 GN', 'coordinates': {'latitude': '31.4877', 'longitude': '163.8280'}, 'timezone': {'offset': '-5:00', 'description': 'Eastern Time (US &amp; Canada), Bogota, Lima'}}, 'email': 'aagtje.veurink@example.com', 'login': {'uuid': '0ee418ca-cd06-44f4-854d-51cedbfa155e', 'username': 'ticklishfrog186', 'password': 'cross', 'salt': '3dzr7pVw', 'md5': '75bc5ffdfb4eb11eef3f299758d5bd20', 'sha1': '97fdeb5527004d5664c2074764ba181344b6b3e3', 'sha256': '3f2268b648d71d72b129b9db30ce8d0780047106104b6a37f6afcaa962a5a32c'}, 'dob': {'date': '1990-03-01T21:37:50.389Z', 'age': 34}, 'registered': {'date': '2019-12-28T11:50:25.451Z', 'age': 4}, 'phone': '(0230) 375835', 'cell': '(06) 00207811', 'id': {'name': 'BSN', 'value': '27181811'}, 'picture': {'large': 'https://randomuser.me/api/portraits/women/81.jpg', 'medium': 'https://randomuser.me/api/portraits/med/women/81.jpg', 'thumbnail': 'https://randomuser.me/api/portraits/thumb/women/81.jpg'}, 'nat': 'NL'}], 'info': {'seed': '6dc08c890aa8c719', 'results': 1, 'page': 1, 'version': '1.4'}}</msg>
<arg>${json_data}</arg>
<doc>Logs the given message with the given level.</doc>
<status status="PASS" start="2024-03-22T19:12:47.377243" elapsed="0.000211"/>
</kw>
<kw name="Dictionary Should Contain Key" owner="Collections">
<msg time="2024-03-22T19:12:47.377928" level="INFO">False</msg>
<arg>${json_data}</arg>
<arg>results</arg>
<doc>Fails if ``key`` is not found from ``dictionary``.</doc>
<status status="PASS" start="2024-03-22T19:12:47.377767" elapsed="0.000197"/>
</kw>
<kw name="Should Not Be Empty" owner="BuiltIn">
<msg time="2024-03-22T19:12:47.378400" level="INFO">Length is 2.</msg>
<arg>${json_data}</arg>
<doc>Verifies that the given item is not empty.</doc>
<status status="PASS" start="2024-03-22T19:12:47.378267" elapsed="0.000171"/>
</kw>
<kw name="Create List" owner="BuiltIn">
<msg time="2024-03-22T19:12:47.378891" level="INFO">${expected_keys} = ['gender', 'name', 'location', 'email', 'login']</msg>
<var>${expected_keys}</var>
<arg>gender</arg>
<arg>name</arg>
<arg>location</arg>
<arg>email</arg>
<arg>login</arg>
<doc>Returns a list containing given items.</doc>
<status status="PASS" start="2024-03-22T19:12:47.378729" elapsed="0.000186"/>
</kw>
<for flavor="IN">
<iter>
<kw name="Dictionary Should Contain Key" owner="Collections">
<msg time="2024-03-22T19:12:47.379918" level="INFO">False</msg>
<arg>${json_data['results'][0]}</arg>
<arg>${key}</arg>
<doc>Fails if ``key`` is not found from ``dictionary``.</doc>
<status status="PASS" start="2024-03-22T19:12:47.379502" elapsed="0.000455"/>
</kw>
<kw name="Log" owner="BuiltIn">
<msg time="2024-03-22T19:12:47.380669" level="INFO">{'gender': 'female', 'name': {'title': 'Ms', 'first': 'Aagtje', 'last': 'Veurink'}, 'location': {'street': {'number': 835, 'name': 'Franciscanerpoort'}, 'city': 'Sterksel', 'state': 'Noord-Holland', 'country': 'Netherlands', 'postcode': '1589 GN', 'coordinates': {'latitude': '31.4877', 'longitude': '163.8280'}, 'timezone': {'offset': '-5:00', 'description': 'Eastern Time (US &amp; Canada), Bogota, Lima'}}, 'email': 'aagtje.veurink@example.com', 'login': {'uuid': '0ee418ca-cd06-44f4-854d-51cedbfa155e', 'username': 'ticklishfrog186', 'password': 'cross', 'salt': '3dzr7pVw', 'md5': '75bc5ffdfb4eb11eef3f299758d5bd20', 'sha1': '97fdeb5527004d5664c2074764ba181344b6b3e3', 'sha256': '3f2268b648d71d72b129b9db30ce8d0780047106104b6a37f6afcaa962a5a32c'}, 'dob': {'date': '1990-03-01T21:37:50.389Z', 'age': 34}, 'registered': {'date': '2019-12-28T11:50:25.451Z', 'age': 4}, 'phone': '(0230) 375835', 'cell': '(06) 00207811', 'id': {'name': 'BSN', 'value': '27181811'}, 'picture': {'large': 'https://randomuser.me/api/portraits/women/81.jpg', 'medium': 'https://randomuser.me/api/portraits/med/women/81.jpg', 'thumbnail': 'https://randomuser.me/api/portraits/thumb/women/81.jpg'}, 'nat': 'NL'}</msg>
<arg>${json_data['results'][0]}</arg>
<doc>Logs the given message with the given level.</doc>
<status status="PASS" start="2024-03-22T19:12:47.380296" elapsed="0.000427"/>
</kw>
<kw name="Log" owner="BuiltIn">
<msg time="2024-03-22T19:12:47.381160" level="INFO">gender</msg>
<arg>${key}</arg>
<doc>Logs the given message with the given level.</doc>
<status status="PASS" start="2024-03-22T19:12:47.381027" elapsed="0.000171"/>
</kw>
<var name="${key}">gender</var>
<status status="PASS" start="2024-03-22T19:12:47.379375" elapsed="0.002041"/>
</iter>
<iter>
<kw name="Dictionary Should Contain Key" owner="Collections">
<msg time="2024-03-22T19:12:47.382098" level="INFO">False</msg>
<arg>${json_data['results'][0]}</arg>
<arg>${key}</arg>
<doc>Fails if ``key`` is not found from ``dictionary``.</doc>
<status status="PASS" start="2024-03-22T19:12:47.381723" elapsed="0.000452"/>
</kw>
<kw name="Log" owner="BuiltIn">
<msg time="2024-03-22T19:12:47.382833" level="INFO">{'gender': 'female', 'name': {'title': 'Ms', 'first': 'Aagtje', 'last': 'Veurink'}, 'location': {'street': {'number': 835, 'name': 'Franciscanerpoort'}, 'city': 'Sterksel', 'state': 'Noord-Holland', 'country': 'Netherlands', 'postcode': '1589 GN', 'coordinates': {'latitude': '31.4877', 'longitude': '163.8280'}, 'timezone': {'offset': '-5:00', 'description': 'Eastern Time (US &amp; Canada), Bogota, Lima'}}, 'email': 'aagtje.veurink@example.com', 'login': {'uuid': '0ee418ca-cd06-44f4-854d-51cedbfa155e', 'username': 'ticklishfrog186', 'password': 'cross', 'salt': '3dzr7pVw', 'md5': '75bc5ffdfb4eb11eef3f299758d5bd20', 'sha1': '97fdeb5527004d5664c2074764ba181344b6b3e3', 'sha256': '3f2268b648d71d72b129b9db30ce8d0780047106104b6a37f6afcaa962a5a32c'}, 'dob': {'date': '1990-03-01T21:37:50.389Z', 'age': 34}, 'registered': {'date': '2019-12-28T11:50:25.451Z', 'age': 4}, 'phone': '(0230) 375835', 'cell': '(06) 00207811', 'id': {'name': 'BSN', 'value': '27181811'}, 'picture': {'large': 'https://randomuser.me/api/portraits/women/81.jpg', 'medium': 'https://randomuser.me/api/portraits/med/women/81.jpg', 'thumbnail': 'https://randomuser.me/api/portraits/thumb/women/81.jpg'}, 'nat': 'NL'}</msg>
<arg>${json_data['results'][0]}</arg>
<doc>Logs the given message with the given level.</doc>
<status status="PASS" start="2024-03-22T19:12:47.382479" elapsed="0.000402"/>
</kw>
<kw name="Log" owner="BuiltIn">
<msg time="2024-03-22T19:12:47.383299" level="INFO">name</msg>
<arg>${key}</arg>
<doc>Logs the given message with the given level.</doc>
<status status="PASS" start="2024-03-22T19:12:47.383173" elapsed="0.000163"/>
</kw>
<var name="${key}">name</var>
<status status="PASS" start="2024-03-22T19:12:47.381606" elapsed="0.001945"/>
</iter>
<iter>
<kw name="Dictionary Should Contain Key" owner="Collections">
<msg time="2024-03-22T19:12:47.384258" level="INFO">False</msg>
<arg>${json_data['results'][0]}</arg>
<arg>${key}</arg>
<doc>Fails if ``key`` is not found from ``dictionary``.</doc>
<status status="PASS" start="2024-03-22T19:12:47.383839" elapsed="0.000464"/>
</kw>
<kw name="Log" owner="BuiltIn">
<msg time="2024-03-22T19:12:47.384963" level="INFO">{'gender': 'female', 'name': {'title': 'Ms', 'first': 'Aagtje', 'last': 'Veurink'}, 'location': {'street': {'number': 835, 'name': 'Franciscanerpoort'}, 'city': 'Sterksel', 'state': 'Noord-Holland', 'country': 'Netherlands', 'postcode': '1589 GN', 'coordinates': {'latitude': '31.4877', 'longitude': '163.8280'}, 'timezone': {'offset': '-5:00', 'description': 'Eastern Time (US &amp; Canada), Bogota, Lima'}}, 'email': 'aagtje.veurink@example.com', 'login': {'uuid': '0ee418ca-cd06-44f4-854d-51cedbfa155e', 'username': 'ticklishfrog186', 'password': 'cross', 'salt': '3dzr7pVw', 'md5': '75bc5ffdfb4eb11eef3f299758d5bd20', 'sha1': '97fdeb5527004d5664c2074764ba181344b6b3e3', 'sha256': '3f2268b648d71d72b129b9db30ce8d0780047106104b6a37f6afcaa962a5a32c'}, 'dob': {'date': '1990-03-01T21:37:50.389Z', 'age': 34}, 'registered': {'date': '2019-12-28T11:50:25.451Z', 'age': 4}, 'phone': '(0230) 375835', 'cell': '(06) 00207811', 'id': {'name': 'BSN', 'value': '27181811'}, 'picture': {'large': 'https://randomuser.me/api/portraits/women/81.jpg', 'medium': 'https://randomuser.me/api/portraits/med/women/81.jpg', 'thumbnail': 'https://randomuser.me/api/portraits/thumb/women/81.jpg'}, 'nat': 'NL'}</msg>
<arg>${json_data['results'][0]}</arg>
<doc>Logs the given message with the given level.</doc>
<status status="PASS" start="2024-03-22T19:12:47.384605" elapsed="0.000411"/>
</kw>
<kw name="Log" owner="BuiltIn">
<msg time="2024-03-22T19:12:47.385445" level="INFO">location</msg>
<arg>${key}</arg>
<doc>Logs the given message with the given level.</doc>
<status status="PASS" start="2024-03-22T19:12:47.385309" elapsed="0.000174"/>
</kw>
<var name="${key}">location</var>
<status status="PASS" start="2024-03-22T19:12:47.383727" elapsed="0.001967"/>
</iter>
<iter>
<kw name="Dictionary Should Contain Key" owner="Collections">
<msg time="2024-03-22T19:12:47.386346" level="INFO">False</msg>
<arg>${json_data['results'][0]}</arg>
<arg>${key}</arg>
<doc>Fails if ``key`` is not found from ``dictionary``.</doc>
<status status="PASS" start="2024-03-22T19:12:47.385973" elapsed="0.000410"/>
</kw>
<kw name="Log" owner="BuiltIn">
<msg time="2024-03-22T19:12:47.387036" level="INFO">{'gender': 'female', 'name': {'title': 'Ms', 'first': 'Aagtje', 'last': 'Veurink'}, 'location': {'street': {'number': 835, 'name': 'Franciscanerpoort'}, 'city': 'Sterksel', 'state': 'Noord-Holland', 'country': 'Netherlands', 'postcode': '1589 GN', 'coordinates': {'latitude': '31.4877', 'longitude': '163.8280'}, 'timezone': {'offset': '-5:00', 'description': 'Eastern Time (US &amp; Canada), Bogota, Lima'}}, 'email': 'aagtje.veurink@example.com', 'login': {'uuid': '0ee418ca-cd06-44f4-854d-51cedbfa155e', 'username': 'ticklishfrog186', 'password': 'cross', 'salt': '3dzr7pVw', 'md5': '75bc5ffdfb4eb11eef3f299758d5bd20', 'sha1': '97fdeb5527004d5664c2074764ba181344b6b3e3', 'sha256': '3f2268b648d71d72b129b9db30ce8d0780047106104b6a37f6afcaa962a5a32c'}, 'dob': {'date': '1990-03-01T21:37:50.389Z', 'age': 34}, 'registered': {'date': '2019-12-28T11:50:25.451Z', 'age': 4}, 'phone': '(0230) 375835', 'cell': '(06) 00207811', 'id': {'name': 'BSN', 'value': '27181811'}, 'picture': {'large': 'https://randomuser.me/api/portraits/women/81.jpg', 'medium': 'https://randomuser.me/api/portraits/med/women/81.jpg', 'thumbnail': 'https://randomuser.me/api/portraits/thumb/women/81.jpg'}, 'nat': 'NL'}</msg>
<arg>${json_data['results'][0]}</arg>
<doc>Logs the given message with the given level.</doc>
<status status="PASS" start="2024-03-22T19:12:47.386680" elapsed="0.000404"/>
</kw>
<kw name="Log" owner="BuiltIn">
<msg time="2024-03-22T19:12:47.387495" level="INFO">email</msg>
<arg>${key}</arg>
<doc>Logs the given message with the given level.</doc>
<status status="PASS" start="2024-03-22T19:12:47.387371" elapsed="0.000160"/>
</kw>
<var name="${key}">email</var>
<status status="PASS" start="2024-03-22T19:12:47.385863" elapsed="0.001881"/>
</iter>
<iter>
<kw name="Dictionary Should Contain Key" owner="Collections">
<msg time="2024-03-22T19:12:47.388468" level="INFO">False</msg>
<arg>${json_data['results'][0]}</arg>
<arg>${key}</arg>
<doc>Fails if ``key`` is not found from ``dictionary``.</doc>
<status status="PASS" start="2024-03-22T19:12:47.388037" elapsed="0.000469"/>
</kw>
<kw name="Log" owner="BuiltIn">
<msg time="2024-03-22T19:12:47.389156" level="INFO">{'gender': 'female', 'name': {'title': 'Ms', 'first': 'Aagtje', 'last': 'Veurink'}, 'location': {'street': {'number': 835, 'name': 'Franciscanerpoort'}, 'city': 'Sterksel', 'state': 'Noord-Holland', 'country': 'Netherlands', 'postcode': '1589 GN', 'coordinates': {'latitude': '31.4877', 'longitude': '163.8280'}, 'timezone': {'offset': '-5:00', 'description': 'Eastern Time (US &amp; Canada), Bogota, Lima'}}, 'email': 'aagtje.veurink@example.com', 'login': {'uuid': '0ee418ca-cd06-44f4-854d-51cedbfa155e', 'username': 'ticklishfrog186', 'password': 'cross', 'salt': '3dzr7pVw', 'md5': '75bc5ffdfb4eb11eef3f299758d5bd20', 'sha1': '97fdeb5527004d5664c2074764ba181344b6b3e3', 'sha256': '3f2268b648d71d72b129b9db30ce8d0780047106104b6a37f6afcaa962a5a32c'}, 'dob': {'date': '1990-03-01T21:37:50.389Z', 'age': 34}, 'registered': {'date': '2019-12-28T11:50:25.451Z', 'age': 4}, 'phone': '(0230) 375835', 'cell': '(06) 00207811', 'id': {'name': 'BSN', 'value': '27181811'}, 'picture': {'large': 'https://randomuser.me/api/portraits/women/81.jpg', 'medium': 'https://randomuser.me/api/portraits/med/women/81.jpg', 'thumbnail': 'https://randomuser.me/api/portraits/thumb/women/81.jpg'}, 'nat': 'NL'}</msg>
<arg>${json_data['results'][0]}</arg>
<doc>Logs the given message with the given level.</doc>
<status status="PASS" start="2024-03-22T19:12:47.388801" elapsed="0.000402"/>
</kw>
<kw name="Log" owner="BuiltIn">
<msg time="2024-03-22T19:12:47.389647" level="INFO">login</msg>
<arg>${key}</arg>
<doc>Logs the given message with the given level.</doc>
<status status="PASS" start="2024-03-22T19:12:47.389517" elapsed="0.000272"/>
</kw>
<var name="${key}">login</var>
<status status="PASS" start="2024-03-22T19:12:47.387915" elapsed="0.002098"/>
</iter>
<var>${key}</var>
<value>@{expected_keys}</value>
<status status="PASS" start="2024-03-22T19:12:47.379176" elapsed="0.010959"/>
</for>
<kw name="Create List" owner="BuiltIn">
<msg time="2024-03-22T19:12:47.390465" level="INFO">${expected_keysTwo} = ['username', 'password']</msg>
<var>${expected_keysTwo}</var>
<arg>username</arg>
<arg>password</arg>
<doc>Returns a list containing given items.</doc>
<status status="PASS" start="2024-03-22T19:12:47.390327" elapsed="0.000163"/>
</kw>
<for flavor="IN">
<iter>
<kw name="Dictionary Should Contain Key" owner="Collections">
<msg time="2024-03-22T19:12:47.391377" level="INFO">False</msg>
<arg>${json_data['results'][0]['login']}</arg>
<arg>${keyTwo}</arg>
<doc>Fails if ``key`` is not found from ``dictionary``.</doc>
<status status="PASS" start="2024-03-22T19:12:47.390996" elapsed="0.000418"/>
</kw>
<kw name="Dictionary Should Contain Key" owner="Collections">
<msg time="2024-03-22T19:12:47.392091" level="INFO">False</msg>
<arg>${json_data['results'][0]['login']}</arg>
<arg>${keyTwo}</arg>
<doc>Fails if ``key`` is not found from ``dictionary``.</doc>
<status status="PASS" start="2024-03-22T19:12:47.391709" elapsed="0.000418"/>
</kw>
<kw name="Log" owner="BuiltIn">
<msg time="2024-03-22T19:12:47.392638" level="INFO">username</msg>
<arg>${keyTwo}</arg>
<doc>Logs the given message with the given level.</doc>
<status status="PASS" start="2024-03-22T19:12:47.392464" elapsed="0.000228"/>
</kw>
<var name="${keyTwo}">username</var>
<status status="PASS" start="2024-03-22T19:12:47.390888" elapsed="0.002106"/>
</iter>
<iter>
<kw name="Dictionary Should Contain Key" owner="Collections">
<msg time="2024-03-22T19:12:47.393676" level="INFO">False</msg>
<arg>${json_data['results'][0]['login']}</arg>
<arg>${keyTwo}</arg>
<doc>Fails if ``key`` is not found from ``dictionary``.</doc>
<status status="PASS" start="2024-03-22T19:12:47.393289" elapsed="0.000424"/>
</kw>
<kw name="Dictionary Should Contain Key" owner="Collections">
<msg time="2024-03-22T19:12:47.394388" level="INFO">False</msg>
<arg>${json_data['results'][0]['login']}</arg>
<arg>${keyTwo}</arg>
<doc>Fails if ``key`` is not found from ``dictionary``.</doc>
<status status="PASS" start="2024-03-22T19:12:47.394008" elapsed="0.000416"/>
</kw>
<kw name="Log" owner="BuiltIn">
<msg time="2024-03-22T19:12:47.394838" level="INFO">password</msg>
<arg>${keyTwo}</arg>
<doc>Logs the given message with the given level.</doc>
<status status="PASS" start="2024-03-22T19:12:47.394713" elapsed="0.000162"/>
</kw>
<var name="${keyTwo}">password</var>
<status status="PASS" start="2024-03-22T19:12:47.393175" elapsed="0.001914"/>
</iter>
<var>${keyTwo}</var>
<value>@{expected_keysTwo}</value>
<status status="PASS" start="2024-03-22T19:12:47.390736" elapsed="0.004472"/>
</for>
<status status="PASS" start="2024-03-22T19:12:47.280734" elapsed="0.114615"/>
</kw>
<doc>Testa a estrutura da resposta da API.</doc>
<tag>testeEstruturaResposta</tag>
<status status="PASS" start="2024-03-22T19:12:47.279969" elapsed="0.115544"/>
</test>
<test id="s1-s1-t4" name="Validar tipos de dados" line="28">
<kw name="Teste de Tipos de Dados" owner="random-user-service">
<kw name="GET On Session" owner="RequestsLibrary">
<msg time="2024-03-22T19:12:47.473318" level="INFO">GET Request : url=https://randomuser.me/api 
 path_url=/api 
 headers={'User-Agent': 'python-requests/2.31.0', 'Accept-Encoding': 'gzip, deflate', 'Accept': '*/*', 'Connection': 'keep-alive'} 
 body=None 
 </msg>
<msg time="2024-03-22T19:12:47.473409" level="INFO">GET Response : url=https://randomuser.me/api 
 status=200, reason=OK 
 headers={'Date': 'Fri, 22 Mar 2024 19:12:47 GMT', 'Content-Type': 'application/json; charset=utf-8', 'Transfer-Encoding': 'chunked', 'Connection': 'keep-alive', 'X-Powered-By': 'Express', 'Access-Control-Allow-Origin': '*', 'Cache-Control': 'no-cache', 'ETag': 'W/"47d-6dBZHFpc5VM7pDTOt/OHoD5VeFE"', 'Vary': 'Accept-Encoding', 'Content-Encoding': 'gzip', 'CF-Cache-Status': 'DYNAMIC', 'Report-To': '{"endpoints":[{"url":"https:\\/\\/a.nel.cloudflare.com\\/report\\/v4?s=fKxCyIMnEgLEetmrWC%2F7CMhDwHeSiCpAsGqWT%2FowPSyf54EDzaBF7LTob4fPRC%2BE63Cb3axxkxLbhlJoDWaBxPUFd3WS0ZbOCygE%2FVZUDGYWD65wie%2F3LTtgTmfPCFWf"}],"group":"cf-nel","max_age":604800}', 'NEL': '{"success_fraction":0,"report_to":"cf-nel","max_age":604800}', 'Server': 'cloudflare', 'CF-RAY': '86887ec83d6c223a-ORD', 'alt-svc': 'h3=":443"; ma=86400'} 
 body={"results":[{"gender":"male","name":{"title":"Mr","first":"Mehdi","last":"Huhn"},"location":{"street":{"number":7784,"name":"Jahnstraße"},"city":"Aach","state":"Bremen","country":"Germany","postcode":78990,"coordinates":{"latitude":"-53.6911","longitude":"-37.6663"},"timezone":{"offset":"+4:00","description":"Abu Dhabi, Muscat, Baku, Tbilisi"}},"email":"mehdi.huhn@example.com","login":{"uuid":"a59c704c-866e-46c5-b80f-e3bc863cc5c9","username":"angrywolf917","password":"kuai","salt":"GzA5xWw0","md5":"ece60ad8474f021aea23d22cfb10abac","sha1":"a95ed452dc3b80c9f75b19237455c85ed018983c","sha256":"ba649cb804746c251d4e74462a59223a85fe3e32aeb3ed878f59e503c64018c4"},"dob":{"date":"1958-08-23T10:58:14.431Z","age":65},"registered":{"date":"2017-01-15T15:59:52.377Z","age":7},"phone":"0542-7837596","cell":"0173-8062747","id":{"name":"SVNR","value":"25 230858 H 036"},"picture":{"large":"https://randomuser.me/api/portraits/men/80.jpg","medium":"https://randomuser.me/api/portraits/med/men/80.jpg","thumbnail":"https://randomuser.me/api/portraits/thumb/men/80.jpg"},"nat":"DE"}],"info":{"seed":"cc49459a18ca558a","results":1,"page":1,"version":"1.4"}} 
 </msg>
<msg time="2024-03-22T19:12:47.473477" level="INFO">/opt/hostedtoolcache/Python/3.12.2/x64/lib/python3.12/site-packages/urllib3/connectionpool.py:1103: InsecureRequestWarning: Unverified HTTPS request is being made to host 'randomuser.me'. Adding certificate verification is strongly advised. See: https://urllib3.readthedocs.io/en/latest/advanced-usage.html#tls-warnings
  warnings.warn(</msg>
<msg time="2024-03-22T19:12:47.473594" level="INFO">${response} = &lt;Response [200]&gt;</msg>
<var>${response}</var>
<arg>consultarAPI</arg>
<arg>/api</arg>
<doc>Sends a GET request on a previously created HTTP Session.</doc>
<status status="PASS" start="2024-03-22T19:12:47.398147" elapsed="0.075485"/>
</kw>
<kw name="Set Variable" owner="BuiltIn">
<msg time="2024-03-22T19:12:47.474837" level="INFO">${json_data} = {'results': [{'gender': 'male', 'name': {'title': 'Mr', 'first': 'Mehdi', 'last': 'Huhn'}, 'location': {'street': {'number': 7784, 'name': 'Jahnstraße'}, 'city': 'Aach', 'state': 'Bremen', 'country': ...</msg>
<var>${json_data}</var>
<arg>${response.json()}</arg>
<doc>Returns the given values which can then be assigned to a variables.</doc>
<status status="PASS" start="2024-03-22T19:12:47.474258" elapsed="0.000608"/>
</kw>
<kw name="Log" owner="BuiltIn">
<msg time="2024-03-22T19:12:47.475348" level="INFO">{'results': [{'gender': 'male', 'name': {'title': 'Mr', 'first': 'Mehdi', 'last': 'Huhn'}, 'location': {'street': {'number': 7784, 'name': 'Jahnstraße'}, 'city': 'Aach', 'state': 'Bremen', 'country': 'Germany', 'postcode': 78990, 'coordinates': {'latitude': '-53.6911', 'longitude': '-37.6663'}, 'timezone': {'offset': '+4:00', 'description': 'Abu Dhabi, Muscat, Baku, Tbilisi'}}, 'email': 'mehdi.huhn@example.com', 'login': {'uuid': 'a59c704c-866e-46c5-b80f-e3bc863cc5c9', 'username': 'angrywolf917', 'password': 'kuai', 'salt': 'GzA5xWw0', 'md5': 'ece60ad8474f021aea23d22cfb10abac', 'sha1': 'a95ed452dc3b80c9f75b19237455c85ed018983c', 'sha256': 'ba649cb804746c251d4e74462a59223a85fe3e32aeb3ed878f59e503c64018c4'}, 'dob': {'date': '1958-08-23T10:58:14.431Z', 'age': 65}, 'registered': {'date': '2017-01-15T15:59:52.377Z', 'age': 7}, 'phone': '0542-7837596', 'cell': '0173-8062747', 'id': {'name': 'SVNR', 'value': '25 230858 H 036'}, 'picture': {'large': 'https://randomuser.me/api/portraits/men/80.jpg', 'medium': 'https://randomuser.me/api/portraits/med/men/80.jpg', 'thumbnail': 'https://randomuser.me/api/portraits/thumb/men/80.jpg'}, 'nat': 'DE'}], 'info': {'seed': 'cc49459a18ca558a', 'results': 1, 'page': 1, 'version': '1.4'}}</msg>
<arg>${json_data}</arg>
<doc>Logs the given message with the given level.</doc>
<status status="PASS" start="2024-03-22T19:12:47.475187" elapsed="0.000248"/>
</kw>
<kw name="Should Be String" owner="String">
<arg>${json_data['results'][0]['gender']}</arg>
<doc>Fails if the given ``item`` is not a string.</doc>
<status status="PASS" start="2024-03-22T19:12:47.475744" elapsed="0.000361"/>
</kw>
<kw name="Should Match Regexp" owner="BuiltIn">
<arg>${json_data['results'][0]['email']}</arg>
<arg>^[a-zA-Z0-9._%+-]+@[a-zA-Z0-9.-]+\.[a-zA-Z]{2,}$</arg>
<doc>Fails if ``string`` does not match ``pattern`` as a regular expression.</doc>
<status status="PASS" start="2024-03-22T19:12:47.476333" elapsed="0.000530"/>
</kw>
<kw name="Should Match Regexp" owner="BuiltIn">
<arg>${json_data['results'][0]['dob']['date']}</arg>
<arg>\\d{4}-\\d{2}-\\d{2}T\\d{2}:\\d{2}:\\d{2}\\.\\d{3}Z</arg>
<doc>Fails if ``string`` does not match ``pattern`` as a regular expression.</doc>
<status status="PASS" start="2024-03-22T19:12:47.477063" elapsed="0.000490"/>
</kw>
<kw name="Should Match Regexp" owner="BuiltIn">
<arg>${json_data['results'][0]['registered']['date']}</arg>
<arg>\\d{4}-\\d{2}-\\d{2}T\\d{2}:\\d{2}:\\d{2}\\.\\d{3}Z</arg>
<doc>Fails if ``string`` does not match ``pattern`` as a regular expression.</doc>
<status status="PASS" start="2024-03-22T19:12:47.477746" elapsed="0.000374"/>
</kw>
<kw name="Should Match Regexp" owner="BuiltIn">
<arg>${json_data['results'][0]['picture']['large']}</arg>
<arg>^https?://.*\.(?:png|jpe?g|gif|bmp)$</arg>
<doc>Fails if ``string`` does not match ``pattern`` as a regular expression.</doc>
<status status="PASS" start="2024-03-22T19:12:47.478309" elapsed="0.000461"/>
</kw>
<kw name="Should Match Regexp" owner="BuiltIn">
<arg>${json_data['results'][0]['picture']['medium']}</arg>
<arg>^https?://.*\.(?:png|jpe?g|gif|bmp)$</arg>
<doc>Fails if ``string`` does not match ``pattern`` as a regular expression.</doc>
<status status="PASS" start="2024-03-22T19:12:47.478959" elapsed="0.000355"/>
</kw>
<kw name="Should Match Regexp" owner="BuiltIn">
<arg>${json_data['results'][0]['picture']['thumbnail']}</arg>
<arg>^https?://.*\.(?:png|jpe?g|gif|bmp)$</arg>
<doc>Fails if ``string`` does not match ``pattern`` as a regular expression.</doc>
<status status="PASS" start="2024-03-22T19:12:47.479499" elapsed="0.000356"/>
</kw>
<kw name="Log" owner="BuiltIn">
<msg time="2024-03-22T19:12:47.480394" level="INFO">{'large': 'https://randomuser.me/api/portraits/men/80.jpg', 'medium': 'https://randomuser.me/api/portraits/med/men/80.jpg', 'thumbnail': 'https://randomuser.me/api/portraits/thumb/men/80.jpg'}</msg>
<arg>${json_data['results'][0]['picture']}</arg>
<doc>Logs the given message with the given level.</doc>
<status status="PASS" start="2024-03-22T19:12:47.480034" elapsed="0.000406"/>
</kw>
<status status="PASS" start="2024-03-22T19:12:47.397904" elapsed="0.082793"/>
</kw>
<kw name="Teste de Tipos de Dados - Postcode" owner="random-user-service">
<kw name="GET On Session" owner="RequestsLibrary">
<msg time="2024-03-22T19:12:47.580235" level="INFO">GET Request : url=https://randomuser.me/api 
 path_url=/api 
 headers={'User-Agent': 'python-requests/2.31.0', 'Accept-Encoding': 'gzip, deflate', 'Accept': '*/*', 'Connection': 'keep-alive'} 
 body=None 
 </msg>
<msg time="2024-03-22T19:12:47.580342" level="INFO">GET Response : url=https://randomuser.me/api 
 status=200, reason=OK 
 headers={'Date': 'Fri, 22 Mar 2024 19:12:47 GMT', 'Content-Type': 'application/json; charset=utf-8', 'Transfer-Encoding': 'chunked', 'Connection': 'keep-alive', 'X-Powered-By': 'Express', 'Access-Control-Allow-Origin': '*', 'Cache-Control': 'no-cache', 'ETag': 'W/"48b-yCgfgEHL1QQtTSKLXG2fHewLsSI"', 'Vary': 'Accept-Encoding', 'Content-Encoding': 'gzip', 'CF-Cache-Status': 'DYNAMIC', 'Report-To': '{"endpoints":[{"url":"https:\\/\\/a.nel.cloudflare.com\\/report\\/v4?s=8HPtGGUUv9sP%2FFO%2B2qh7W%2FY7ElJytpqfjkgGqNZ7K%2F4uJ2GPHNpWlB9M94hpCg9F7IXE4o2HZ31YOvjCo%2BaUI7aYPphvwdgxrRIMV5atUCPnUwJAy7Vq7VpGGiOzODwn"}],"group":"cf-nel","max_age":604800}', 'NEL': '{"success_fraction":0,"report_to":"cf-nel","max_age":604800}', 'Server': 'cloudflare', 'CF-RAY': '86887ec8be3b223a-ORD', 'alt-svc': 'h3=":443"; ma=86400'} 
 body={"results":[{"gender":"female","name":{"title":"Mrs","first":"Caroline","last":"Palmer"},"location":{"street":{"number":9973,"name":"Edwards Rd"},"city":"Maitland","state":"Victoria","country":"Australia","postcode":7907,"coordinates":{"latitude":"-83.2500","longitude":"100.4562"},"timezone":{"offset":"+2:00","description":"Kaliningrad, South Africa"}},"email":"caroline.palmer@example.com","login":{"uuid":"2a88f38c-f492-4534-a2f3-6e27a3f708ef","username":"browngoose906","password":"weird","salt":"pLlvot5h","md5":"0ba1986c2b4d9128fca2e130c3cdecf9","sha1":"16cad1efd72c11b3144bc6204b4b583f20368fb0","sha256":"8d331bb1e83649ee713fc424723ee4d490fb6832451781562a03d56268fe2a84"},"dob":{"date":"1953-02-11T17:27:02.004Z","age":71},"registered":{"date":"2012-02-01T23:28:35.567Z","age":12},"phone":"02-9405-8967","cell":"0493-803-596","id":{"name":"TFN","value":"755344415"},"picture":{"large":"https://randomuser.me/api/portraits/women/61.jpg","medium":"https://randomuser.me/api/portraits/med/women/61.jpg","thumbnail":"https://randomuser.me/api/portraits/thumb/women/61.jpg"},"nat":"AU"}],"info":{"seed":"92ed91cea6ebce35","results":1,"page":1,"version":"1.4"}} 
 </msg>
<msg time="2024-03-22T19:12:47.580436" level="INFO">/opt/hostedtoolcache/Python/3.12.2/x64/lib/python3.12/site-packages/urllib3/connectionpool.py:1103: InsecureRequestWarning: Unverified HTTPS request is being made to host 'randomuser.me'. Adding certificate verification is strongly advised. See: https://urllib3.readthedocs.io/en/latest/advanced-usage.html#tls-warnings
  warnings.warn(</msg>
<msg time="2024-03-22T19:12:47.580545" level="INFO">${response} = &lt;Response [200]&gt;</msg>
<var>${response}</var>
<arg>consultarAPI</arg>
<arg>/api</arg>
<doc>Sends a GET request on a previously created HTTP Session.</doc>
<status status="PASS" start="2024-03-22T19:12:47.481296" elapsed="0.099288"/>
</kw>
<kw name="Set Variable" owner="BuiltIn">
<msg time="2024-03-22T19:12:47.581793" level="INFO">${json_data} = {'results': [{'gender': 'female', 'name': {'title': 'Mrs', 'first': 'Caroline', 'last': 'Palmer'}, 'location': {'street': {'number': 9973, 'name': 'Edwards Rd'}, 'city': 'Maitland', 'state': 'Victoria...</msg>
<var>${json_data}</var>
<arg>${response.json()}</arg>
<doc>Returns the given values which can then be assigned to a variables.</doc>
<status status="PASS" start="2024-03-22T19:12:47.581168" elapsed="0.000653"/>
</kw>
<kw name="Log" owner="BuiltIn">
<msg time="2024-03-22T19:12:47.582284" level="INFO">{'results': [{'gender': 'female', 'name': {'title': 'Mrs', 'first': 'Caroline', 'last': 'Palmer'}, 'location': {'street': {'number': 9973, 'name': 'Edwards Rd'}, 'city': 'Maitland', 'state': 'Victoria', 'country': 'Australia', 'postcode': 7907, 'coordinates': {'latitude': '-83.2500', 'longitude': '100.4562'}, 'timezone': {'offset': '+2:00', 'description': 'Kaliningrad, South Africa'}}, 'email': 'caroline.palmer@example.com', 'login': {'uuid': '2a88f38c-f492-4534-a2f3-6e27a3f708ef', 'username': 'browngoose906', 'password': 'weird', 'salt': 'pLlvot5h', 'md5': '0ba1986c2b4d9128fca2e130c3cdecf9', 'sha1': '16cad1efd72c11b3144bc6204b4b583f20368fb0', 'sha256': '8d331bb1e83649ee713fc424723ee4d490fb6832451781562a03d56268fe2a84'}, 'dob': {'date': '1953-02-11T17:27:02.004Z', 'age': 71}, 'registered': {'date': '2012-02-01T23:28:35.567Z', 'age': 12}, 'phone': '02-9405-8967', 'cell': '0493-803-596', 'id': {'name': 'TFN', 'value': '755344415'}, 'picture': {'large': 'https://randomuser.me/api/portraits/women/61.jpg', 'medium': 'https://randomuser.me/api/portraits/med/women/61.jpg', 'thumbnail': 'https://randomuser.me/api/portraits/thumb/women/61.jpg'}, 'nat': 'AU'}], 'info': {'seed': '92ed91cea6ebce35', 'results': 1, 'page': 1, 'version': '1.4'}}</msg>
<arg>${json_data}</arg>
<doc>Logs the given message with the given level.</doc>
<status status="PASS" start="2024-03-22T19:12:47.582128" elapsed="0.000240"/>
</kw>
<kw name="Should Be Equal As Numbers" owner="BuiltIn">
<arg>${json_data['results'][0]['location']['postcode']}</arg>
<arg>${json_data['results'][0]['location']['postcode']}</arg>
<doc>Fails if objects are unequal after converting them to real numbers.</doc>
<status status="PASS" start="2024-03-22T19:12:47.582671" elapsed="0.000635"/>
</kw>
<kw name="Log" owner="BuiltIn">
<msg time="2024-03-22T19:12:47.583835" level="INFO">7907</msg>
<arg>${json_data['results'][0]['location']['postcode']}</arg>
<doc>Logs the given message with the given level.</doc>
<status status="PASS" start="2024-03-22T19:12:47.583500" elapsed="0.000377"/>
</kw>
<status status="PASS" start="2024-03-22T19:12:47.480926" elapsed="0.103207"/>
</kw>
<doc>Testa se os tipos de dados na resposta da API estão corretos.</doc>
<tag>testeTiposDados</tag>
<status status="PASS" start="2024-03-22T19:12:47.397347" elapsed="0.187007"/>
</test>
<test id="s1-s1-t5" name="Validar conteudo" line="35">
<kw name="Teste de Tipos de Conteudo" owner="random-user-service">
<kw name="GET On Session" owner="RequestsLibrary">
<msg time="2024-03-22T19:12:47.671822" level="INFO">GET Request : url=https://randomuser.me/api 
 path_url=/api 
 headers={'User-Agent': 'python-requests/2.31.0', 'Accept-Encoding': 'gzip, deflate', 'Accept': '*/*', 'Connection': 'keep-alive'} 
 body=None 
 </msg>
<msg time="2024-03-22T19:12:47.671914" level="INFO">GET Response : url=https://randomuser.me/api 
 status=200, reason=OK 
 headers={'Date': 'Fri, 22 Mar 2024 19:12:47 GMT', 'Content-Type': 'application/json; charset=utf-8', 'Transfer-Encoding': 'chunked', 'Connection': 'keep-alive', 'X-Powered-By': 'Express', 'Access-Control-Allow-Origin': '*', 'Cache-Control': 'no-cache', 'ETag': 'W/"476-1bBXAonwBugESLi0pOJ3PnmMx6M"', 'Vary': 'Accept-Encoding', 'Content-Encoding': 'gzip', 'CF-Cache-Status': 'DYNAMIC', 'Report-To': '{"endpoints":[{"url":"https:\\/\\/a.nel.cloudflare.com\\/report\\/v4?s=%2B6grsDBw%2BPhwdt3X4gSPm2PVuP966vgUWLVbALfd7d747Kb6on8sPzVYuiOMH%2F4cV9fgKmleaZ5JEh7hG6gXLaOTDWaRN4rFsY4pzSNvY%2FmBtMLmsJ0pSPxfbdz5JR%2B8"}],"group":"cf-nel","max_age":604800}', 'NEL': '{"success_fraction":0,"report_to":"cf-nel","max_age":604800}', 'Server': 'cloudflare', 'CF-RAY': '86887ec96f39223a-ORD', 'alt-svc': 'h3=":443"; ma=86400'} 
 body={"results":[{"gender":"male","name":{"title":"Mr","first":"José","last":"Pastor"},"location":{"street":{"number":7160,"name":"Avenida de Salamanca"},"city":"Arrecife","state":"Andalucía","country":"Spain","postcode":19008,"coordinates":{"latitude":"-34.5964","longitude":"-170.2382"},"timezone":{"offset":"+3:30","description":"Tehran"}},"email":"jose.pastor@example.com","login":{"uuid":"9b9b2101-a4da-4cb4-ae51-3cdfb7abafbc","username":"goldenbutterfly273","password":"teresa","salt":"Pr2MXTri","md5":"460a3d77cc0d135322be66cadb401526","sha1":"5e296c36da779b3cdc3506d78e59a4bb1681b309","sha256":"004c2a7a17c61832ce06a709be111fb0186b218a7102a25ce0f43958e71e2582"},"dob":{"date":"1989-01-11T18:37:21.202Z","age":35},"registered":{"date":"2019-10-30T06:26:49.340Z","age":4},"phone":"964-676-977","cell":"674-364-453","id":{"name":"DNI","value":"46569655-T"},"picture":{"large":"https://randomuser.me/api/portraits/men/96.jpg","medium":"https://randomuser.me/api/portraits/med/men/96.jpg","thumbnail":"https://randomuser.me/api/portraits/thumb/men/96.jpg"},"nat":"ES"}],"info":{"seed":"8228fe31d8e0ddbb","results":1,"page":1,"version":"1.4"}} 
 </msg>
<msg time="2024-03-22T19:12:47.671981" level="INFO">/opt/hostedtoolcache/Python/3.12.2/x64/lib/python3.12/site-packages/urllib3/connectionpool.py:1103: InsecureRequestWarning: Unverified HTTPS request is being made to host 'randomuser.me'. Adding certificate verification is strongly advised. See: https://urllib3.readthedocs.io/en/latest/advanced-usage.html#tls-warnings
  warnings.warn(</msg>
<msg time="2024-03-22T19:12:47.672098" level="INFO">${response} = &lt;Response [200]&gt;</msg>
<var>${response}</var>
<arg>consultarAPI</arg>
<arg>/api</arg>
<doc>Sends a GET request on a previously created HTTP Session.</doc>
<status status="PASS" start="2024-03-22T19:12:47.586858" elapsed="0.085279"/>
</kw>
<kw name="Set Variable" owner="BuiltIn">
<msg time="2024-03-22T19:12:47.673324" level="INFO">${json_data} = {'results': [{'gender': 'male', 'name': {'title': 'Mr', 'first': 'José', 'last': 'Pastor'}, 'location': {'street': {'number': 7160, 'name': 'Avenida de Salamanca'}, 'city': 'Arrecife', 'state': 'Andal...</msg>
<var>${json_data}</var>
<arg>${response.json()}</arg>
<doc>Returns the given values which can then be assigned to a variables.</doc>
<status status="PASS" start="2024-03-22T19:12:47.672771" elapsed="0.000583"/>
</kw>
<kw name="Set Variable" owner="BuiltIn">
<msg time="2024-03-22T19:12:47.674051" level="INFO">${name_title} = Mr</msg>
<var>${name_title}</var>
<arg>${json_data["results"][0]["name"]["title"]}</arg>
<doc>Returns the given values which can then be assigned to a variables.</doc>
<status status="PASS" start="2024-03-22T19:12:47.673661" elapsed="0.000415"/>
</kw>
<kw name="Create List" owner="BuiltIn">
<msg time="2024-03-22T19:12:47.674527" level="INFO">${allowed_titles} = ['Mr', 'Ms', 'Miss', 'Mrs', 'Madame', 'Monsieur']</msg>
<var>${allowed_titles}</var>
<arg>Mr</arg>
<arg>Ms</arg>
<arg>Miss</arg>
<arg>Mrs</arg>
<arg>Madame</arg>
<arg>Monsieur</arg>
<doc>Returns a list containing given items.</doc>
<status status="PASS" start="2024-03-22T19:12:47.674377" elapsed="0.000174"/>
</kw>
<kw name="List Should Contain Value" owner="Collections">
<msg time="2024-03-22T19:12:47.675040" level="INFO">False</msg>
<arg>${allowed_titles}</arg>
<arg>${name_title}</arg>
<doc>Fails if the ``value`` is not found from ``list``.</doc>
<status status="PASS" start="2024-03-22T19:12:47.674857" elapsed="0.000221"/>
</kw>
<kw name="Set Variable" owner="BuiltIn">
<msg time="2024-03-22T19:12:47.675736" level="INFO">${name_country} = ES</msg>
<var>${name_country}</var>
<arg>${json_data["results"][0]["nat"]}</arg>
<doc>Returns the given values which can then be assigned to a variables.</doc>
<status status="PASS" start="2024-03-22T19:12:47.675367" elapsed="0.000394"/>
</kw>
<kw name="Create List" owner="BuiltIn">
<msg time="2024-03-22T19:12:47.676710" level="INFO">${list_country} = ['AD', 'AE', 'AF', 'AG', 'AI', 'AL', 'AM', 'AO', 'AQ', 'AR', 'AS', 'AT', 'AU', 'AW', 'AX', 'AZ', 'BA', 'BB', 'BD', 'BE', 'BF', 'BG', 'BH', 'BI', 'BJ', 'BL', 'BM', 'BN', 'BO', 'BQ', 'BR', 'BS', 'BT', '...</msg>
<var>${list_country}</var>
<arg>AD</arg>
<arg>AE</arg>
<arg>AF</arg>
<arg>AG</arg>
<arg>AI</arg>
<arg>AL</arg>
<arg>AM</arg>
<arg>AO</arg>
<arg>AQ</arg>
<arg>AR</arg>
<arg>AS</arg>
<arg>AT</arg>
<arg>AU</arg>
<arg>AW</arg>
<arg>AX</arg>
<arg>AZ</arg>
<arg>BA</arg>
<arg>BB</arg>
<arg>BD</arg>
<arg>BE</arg>
<arg>BF</arg>
<arg>BG</arg>
<arg>BH</arg>
<arg>BI</arg>
<arg>BJ</arg>
<arg>BL</arg>
<arg>BM</arg>
<arg>BN</arg>
<arg>BO</arg>
<arg>BQ</arg>
<arg>BR</arg>
<arg>BS</arg>
<arg>BT</arg>
<arg>BV</arg>
<arg>BW</arg>
<arg>BY</arg>
<arg>BZ</arg>
<arg>CA</arg>
<arg>CC</arg>
<arg>CD</arg>
<arg>CF</arg>
<arg>CG</arg>
<arg>CH</arg>
<arg>CI</arg>
<arg>CK</arg>
<arg>CL</arg>
<arg>CM</arg>
<arg>CN</arg>
<arg>CO</arg>
<arg>CR</arg>
<arg>CU</arg>
<arg>CV</arg>
<arg>CW</arg>
<arg>CX</arg>
<arg>CY</arg>
<arg>CZ</arg>
<arg>DE</arg>
<arg>DJ</arg>
<arg>DK</arg>
<arg>DM</arg>
<arg>DO</arg>
<arg>DZ</arg>
<arg>EC</arg>
<arg>EE</arg>
<arg>EG</arg>
<arg>EH</arg>
<arg>ER</arg>
<arg>ES</arg>
<arg>ET</arg>
<arg>FI</arg>
<arg>FJ</arg>
<arg>FK</arg>
<arg>FM</arg>
<arg>FO</arg>
<arg>FR</arg>
<arg>GA</arg>
<arg>GB</arg>
<arg>GD</arg>
<arg>GE</arg>
<arg>GF</arg>
<arg>GG</arg>
<arg>GH</arg>
<arg>GI</arg>
<arg>GL</arg>
<arg>GM</arg>
<arg>GN</arg>
<arg>GP</arg>
<arg>GQ</arg>
<arg>GR</arg>
<arg>GS</arg>
<arg>GT</arg>
<arg>GU</arg>
<arg>GW</arg>
<arg>GY</arg>
<arg>HK</arg>
<arg>HM</arg>
<arg>HN</arg>
<arg>HR</arg>
<arg>HT</arg>
<arg>HU</arg>
<arg>ID</arg>
<arg>IE</arg>
<arg>IL</arg>
<arg>IM</arg>
<arg>IN</arg>
<arg>IO</arg>
<arg>IQ</arg>
<arg>IR</arg>
<arg>IS</arg>
<arg>IT</arg>
<arg>JE</arg>
<arg>JM</arg>
<arg>JO</arg>
<arg>JP</arg>
<arg>KE</arg>
<arg>KG</arg>
<arg>KH</arg>
<arg>KI</arg>
<arg>KM</arg>
<arg>KN</arg>
<arg>KP</arg>
<arg>KR</arg>
<arg>KW</arg>
<arg>KY</arg>
<arg>KZ</arg>
<arg>LA</arg>
<arg>LB</arg>
<arg>LC</arg>
<arg>LI</arg>
<arg>LK</arg>
<arg>LR</arg>
<arg>LS</arg>
<arg>LT</arg>
<arg>LU</arg>
<arg>LV</arg>
<arg>LY</arg>
<arg>MA</arg>
<arg>MC</arg>
<arg>MD</arg>
<arg>ME</arg>
<arg>MF</arg>
<arg>MG</arg>
<arg>MH</arg>
<arg>MK</arg>
<arg>ML</arg>
<arg>MM</arg>
<arg>MN</arg>
<arg>MO</arg>
<arg>MP</arg>
<arg>MQ</arg>
<arg>MR</arg>
<arg>MS</arg>
<arg>MT</arg>
<arg>MU</arg>
<arg>MV</arg>
<arg>MW</arg>
<arg>MX</arg>
<arg>MY</arg>
<arg>MZ</arg>
<arg>NA</arg>
<arg>NC</arg>
<arg>NE</arg>
<arg>NF</arg>
<arg>NG</arg>
<arg>NI</arg>
<arg>NL</arg>
<arg>NO</arg>
<arg>NP</arg>
<arg>NR</arg>
<arg>NU</arg>
<arg>NZ</arg>
<arg>OM</arg>
<arg>PA</arg>
<arg>PE</arg>
<arg>PF</arg>
<arg>PG</arg>
<arg>PH</arg>
<arg>PK</arg>
<arg>PL</arg>
<arg>PM</arg>
<arg>PN</arg>
<arg>PR</arg>
<arg>PS</arg>
<arg>PT</arg>
<arg>PW</arg>
<arg>PY</arg>
<arg>QA</arg>
<arg>RE</arg>
<arg>RO</arg>
<arg>RS</arg>
<arg>RU</arg>
<arg>RW</arg>
<arg>SA</arg>
<arg>SB</arg>
<arg>SC</arg>
<arg>SD</arg>
<arg>SE</arg>
<arg>SG</arg>
<arg>SH</arg>
<arg>SI</arg>
<arg>SJ</arg>
<arg>SK</arg>
<arg>SL</arg>
<arg>SM</arg>
<arg>SN</arg>
<arg>SO</arg>
<arg>SR</arg>
<arg>SS</arg>
<arg>ST</arg>
<arg>SV</arg>
<arg>SX</arg>
<arg>SY</arg>
<arg>SZ</arg>
<arg>TC</arg>
<arg>TD</arg>
<arg>TF</arg>
<arg>TG</arg>
<arg>TH</arg>
<arg>TJ</arg>
<arg>TK</arg>
<arg>TL</arg>
<arg>TM</arg>
<arg>TN</arg>
<arg>TO</arg>
<arg>TR</arg>
<arg>TT</arg>
<arg>TV</arg>
<arg>TW</arg>
<arg>TZ</arg>
<arg>UA</arg>
<arg>UG</arg>
<arg>UM</arg>
<arg>US</arg>
<arg>UY</arg>
<arg>UZ</arg>
<arg>VA</arg>
<arg>VC</arg>
<arg>VE</arg>
<arg>VG</arg>
<arg>VI</arg>
<arg>VN</arg>
<arg>VU</arg>
<arg>WF</arg>
<arg>WS</arg>
<arg>XK</arg>
<arg>YE</arg>
<arg>YT</arg>
<arg>ZA</arg>
<arg>ZM</arg>
<arg>ZW</arg>
<doc>Returns a list containing given items.</doc>
<status status="PASS" start="2024-03-22T19:12:47.676076" elapsed="0.000662"/>
</kw>
<kw name="List Should Contain Value" owner="Collections">
<msg time="2024-03-22T19:12:47.677867" level="INFO">False</msg>
<arg>${list_country}</arg>
<arg>${name_country}</arg>
<doc>Fails if the ``value`` is not found from ``list``.</doc>
<status status="PASS" start="2024-03-22T19:12:47.677662" elapsed="0.000243"/>
</kw>
<kw name="Run Keyword If" owner="BuiltIn">
<kw name="Should Be True" owner="BuiltIn">
<arg>${True}</arg>
<doc>Fails if the given condition is not true.</doc>
<status status="PASS" start="2024-03-22T19:12:47.678973" elapsed="0.000145"/>
</kw>
<arg>${json_data["results"][0]["location"]["coordinates"]["latitude"]} &gt;= -90 and ${json_data["results"][0]["location"]["coordinates"]["latitude"]} &lt;= 90</arg>
<arg>Should Be True</arg>
<arg>${True}</arg>
<doc>Runs the given keyword with the given arguments, if ``condition`` is true.</doc>
<status status="PASS" start="2024-03-22T19:12:47.678217" elapsed="0.001028"/>
</kw>
<kw name="Run Keyword If" owner="BuiltIn">
<kw name="Should Be True" owner="BuiltIn">
<arg>${True}</arg>
<doc>Fails if the given condition is not true.</doc>
<status status="PASS" start="2024-03-22T19:12:47.680124" elapsed="0.000182"/>
</kw>
<arg>${json_data["results"][0]["location"]["coordinates"]["longitude"]} &gt;= -180 and ${json_data["results"][0]["location"]["coordinates"]["longitude"]} &lt;= 180</arg>
<arg>Should Be True</arg>
<arg>${True}</arg>
<doc>Runs the given keyword with the given arguments, if ``condition`` is true.</doc>
<status status="PASS" start="2024-03-22T19:12:47.679429" elapsed="0.001003"/>
</kw>
<status status="PASS" start="2024-03-22T19:12:47.586627" elapsed="0.093942"/>
</kw>
<doc>Testa o conteúdo específico dos campos retornados pela API.</doc>
<tag>testeConteudo</tag>
<status status="PASS" start="2024-03-22T19:12:47.586084" elapsed="0.094642"/>
</test>
<status status="PASS" start="2024-03-22T19:12:46.721415" elapsed="0.961267"/>
</suite>
<status status="PASS" start="2024-03-22T19:12:46.707660" elapsed="0.980371"/>
</suite>
<statistics>
<total>
<stat pass="5" fail="0" skip="0">All Tests</stat>
</total>
<tag>
<stat pass="1" fail="0" skip="0">testeConteudo</stat>
<stat pass="1" fail="0" skip="0">testeEstruturaResposta</stat>
<stat pass="1" fail="0" skip="0">testeRequisicaoBasica</stat>
<stat pass="1" fail="0" skip="0">testeTiposDados</stat>
</tag>
<suite>
<stat pass="5" fail="0" skip="0" id="s1" name="Tests">Tests</stat>
<stat pass="5" fail="0" skip="0" id="s1-s1" name="Random-User-Test">Tests.Random-User-Test</stat>
</suite>
</statistics>
<errors>
</errors>
</robot>
