<?xml version="1.0" encoding="UTF-8"?>
<robot generator="Robot 7.0.1 (Python 3.12.4 on linux)" generated="2024-07-02T16:20:24.210521" rpa="false" schemaversion="5">
<suite id="s1" name="Tests" source="/home/runner/work/ApiRandomUser/ApiRandomUser/RamdonUser/tests">
<suite id="s1-s1" name="Random-User-Test" source="/home/runner/work/ApiRandomUser/ApiRandomUser/RamdonUser/tests/random-user-test.robot">
<test id="s1-s1-t1" name="Conectar" line="13">
<kw name="Conectar API" owner="random-user-service">
<kw name="Create Session" owner="RequestsLibrary">
<msg time="2024-07-02T16:20:24.599077" level="INFO">Creating Session using : alias=consultarAPI, url=https://randomuser.me/, headers={},                     cookies={}, auth=None, timeout=None, proxies=None, verify=False,                     debug=0 </msg>
<arg>consultarAPI</arg>
<arg>${URL}</arg>
<doc>Create Session: create a HTTP session to a server</doc>
<status status="PASS" start="2024-07-02T16:20:24.598879" elapsed="0.000362"/>
</kw>
<status status="PASS" start="2024-07-02T16:20:24.597954" elapsed="0.001623"/>
</kw>
<status status="PASS" start="2024-07-02T16:20:24.597420" elapsed="0.002346"/>
</test>
<test id="s1-s1-t2" name="Validar retorno 200 e JSON Válido" line="16">
<kw name="Teste de Requisicao Basica" owner="random-user-service">
<kw name="GET On Session" owner="RequestsLibrary">
<msg time="2024-07-02T16:20:24.787934" level="INFO">GET Request : url=https://randomuser.me/api 
 path_url=/api 
 headers={'User-Agent': 'python-requests/2.32.3', 'Accept-Encoding': 'gzip, deflate', 'Accept': '*/*', 'Connection': 'keep-alive'} 
 body=None 
 </msg>
<msg time="2024-07-02T16:20:24.788058" level="INFO">GET Response : url=https://randomuser.me/api 
 status=200, reason=OK 
 headers={'Date': 'Tue, 02 Jul 2024 16:20:24 GMT', 'Content-Type': 'application/json; charset=utf-8', 'Transfer-Encoding': 'chunked', 'Connection': 'keep-alive', 'X-Powered-By': 'Express', 'Access-Control-Allow-Origin': '*', 'Cache-Control': 'no-cache', 'ETag': 'W/"49a-7rDos3oJ7fGfs0qFXdgDzH4g2tw"', 'Vary': 'Accept-Encoding', 'Content-Encoding': 'gzip', 'CF-Cache-Status': 'DYNAMIC', 'Report-To': '{"endpoints":[{"url":"https:\\/\\/a.nel.cloudflare.com\\/report\\/v4?s=km30PpOMTifQLVD%2BFASl69D6XZ%2FrW3p7LwtArG%2BYdyK9B57kFUqtN7IqneYQiTBFF2Ib4Mt76FHeF5Y7ub1tTxVSOYxfSE9sYp82iERbjxB%2FwBRfCdybh2m86lLUNDju"}],"group":"cf-nel","max_age":604800}', 'NEL': '{"success_fraction":0,"report_to":"cf-nel","max_age":604800}', 'Server': 'cloudflare', 'CF-RAY': '89cff6869ada3b66-IAD', 'alt-svc': 'h3=":443"; ma=86400'} 
 body={"results":[{"gender":"female","name":{"title":"Ms","first":"Clémence","last":"Bourgeois"},"location":{"street":{"number":2678,"name":"Rue de la Baleine"},"city":"Le Mans","state":"Var","country":"France","postcode":35024,"coordinates":{"latitude":"-21.0795","longitude":"18.8099"},"timezone":{"offset":"+2:00","description":"Kaliningrad, South Africa"}},"email":"clemence.bourgeois@example.com","login":{"uuid":"31f84a6e-44ff-425c-9bd1-670f3ea2761d","username":"biggoose511","password":"submit","salt":"t99ivUfR","md5":"1bfa0d8daf554e4075a7827e4740c176","sha1":"c4c1925f17a0d553b9550bb32c9de85496684c31","sha256":"84684c61f0394f1bc667250123fef403cfd5a6fb1199fe18b98ebbaab24a7ac3"},"dob":{"date":"1945-11-22T20:25:37.250Z","age":78},"registered":{"date":"2021-04-12T01:36:33.472Z","age":3},"phone":"05-61-44-18-58","cell":"06-67-15-77-37","id":{"name":"INSEE","value":"2451000282491 59"},"picture":{"large":"https://randomuser.me/api/portraits/women/23.jpg","medium":"https://randomuser.me/api/portraits/med/women/23.jpg","thumbnail":"https://randomuser.me/api/portraits/thumb/women/23.jpg"},"nat":"FR"}],"info":{"seed":"381e2d56d5b08109","results":1,"page":1,"version":"1.4"}} 
 </msg>
<msg time="2024-07-02T16:20:24.788137" level="INFO">/opt/hostedtoolcache/Python/3.12.4/x64/lib/python3.12/site-packages/urllib3/connectionpool.py:1099: InsecureRequestWarning: Unverified HTTPS request is being made to host 'randomuser.me'. Adding certificate verification is strongly advised. See: https://urllib3.readthedocs.io/en/latest/advanced-usage.html#tls-warnings
  warnings.warn(</msg>
<msg time="2024-07-02T16:20:24.788262" level="INFO">${response} = &lt;Response [200]&gt;</msg>
<var>${response}</var>
<arg>consultarAPI</arg>
<arg>/api</arg>
<doc>Sends a GET request on a previously created HTTP Session.</doc>
<status status="PASS" start="2024-07-02T16:20:24.602326" elapsed="0.185979"/>
</kw>
<kw name="Should Be Equal As Numbers" owner="BuiltIn">
<msg time="2024-07-02T16:20:24.789162" level="INFO">Argument types are:
&lt;class 'int'&gt;
&lt;class 'str'&gt;</msg>
<arg>${response.status_code}</arg>
<arg>200</arg>
<doc>Fails if objects are unequal after converting them to real numbers.</doc>
<status status="PASS" start="2024-07-02T16:20:24.788743" elapsed="0.000480"/>
</kw>
<kw name="Log" owner="BuiltIn">
<msg time="2024-07-02T16:20:24.789911" level="INFO">200</msg>
<arg>${response.status_code}</arg>
<doc>Logs the given message with the given level.</doc>
<status status="PASS" start="2024-07-02T16:20:24.789534" elapsed="0.000418"/>
</kw>
<kw name="Set Variable" owner="BuiltIn">
<msg time="2024-07-02T16:20:24.790679" level="INFO">${json_data} = {'results': [{'gender': 'female', 'name': {'title': 'Ms', 'first': 'Clémence', 'last': 'Bourgeois'}, 'location': {'street': {'number': 2678, 'name': 'Rue de la Baleine'}, 'city': 'Le Mans', 'state': '...</msg>
<var>${json_data}</var>
<arg>${response.json()}</arg>
<doc>Returns the given values which can then be assigned to a variables.</doc>
<status status="PASS" start="2024-07-02T16:20:24.790249" elapsed="0.000459"/>
</kw>
<kw name="Dictionary Should Contain Key" owner="Collections">
<arg>${json_data}</arg>
<arg>results</arg>
<doc>Fails if ``key`` is not found from ``dictionary``.</doc>
<status status="PASS" start="2024-07-02T16:20:24.791000" elapsed="0.000159"/>
</kw>
<status status="PASS" start="2024-07-02T16:20:24.602080" elapsed="0.189221"/>
</kw>
<doc>Testa se a API responde corretamente e retorna um objeto JSON válido.</doc>
<tag>testeRequisicaoBasica</tag>
<status status="PASS" start="2024-07-02T16:20:24.601606" elapsed="0.189859"/>
</test>
<test id="s1-s1-t3" name="Validar estrutura de resposta" line="22">
<kw name="Teste de Estrutura de Resposta" owner="random-user-service">
<kw name="GET On Session" owner="RequestsLibrary">
<msg time="2024-07-02T16:20:24.884741" level="INFO">GET Request : url=https://randomuser.me/api 
 path_url=/api 
 headers={'User-Agent': 'python-requests/2.32.3', 'Accept-Encoding': 'gzip, deflate', 'Accept': '*/*', 'Connection': 'keep-alive'} 
 body=None 
 </msg>
<msg time="2024-07-02T16:20:24.884831" level="INFO">GET Response : url=https://randomuser.me/api 
 status=200, reason=OK 
 headers={'Date': 'Tue, 02 Jul 2024 16:20:24 GMT', 'Content-Type': 'application/json; charset=utf-8', 'Transfer-Encoding': 'chunked', 'Connection': 'keep-alive', 'X-Powered-By': 'Express', 'Access-Control-Allow-Origin': '*', 'Cache-Control': 'no-cache', 'ETag': 'W/"48a-j95+x8wCNv45wm/XZ0xEFYVx3WA"', 'Vary': 'Accept-Encoding', 'Content-Encoding': 'gzip', 'CF-Cache-Status': 'DYNAMIC', 'Report-To': '{"endpoints":[{"url":"https:\\/\\/a.nel.cloudflare.com\\/report\\/v4?s=pY%2Bz4xhdv4cseeH0LxT3CKxttAHBEZAFeTvjW8Axq5jtA%2Fr1y%2FeYCityPdz26ONgAwi6L2vbRNQyqQeYR3KiRutm2Gg1diGtxEnS1XYG%2B1ea5ZfdZxF7cMbyalOOAfr%2F"}],"group":"cf-nel","max_age":604800}', 'NEL': '{"success_fraction":0,"report_to":"cf-nel","max_age":604800}', 'Server': 'cloudflare', 'CF-RAY': '89cff686fb4c3b66-IAD', 'alt-svc': 'h3=":443"; ma=86400'} 
 body={"results":[{"gender":"male","name":{"title":"Mr","first":"Nicholas","last":"Moore"},"location":{"street":{"number":8733,"name":"The Drive"},"city":"Oxford","state":"Cheshire","country":"United Kingdom","postcode":"ME3R 6BB","coordinates":{"latitude":"-4.7659","longitude":"-2.3256"},"timezone":{"offset":"-12:00","description":"Eniwetok, Kwajalein"}},"email":"nicholas.moore@example.com","login":{"uuid":"b90dda12-e3bf-491f-bc67-1d915ad37de4","username":"happyladybug210","password":"scorpio1","salt":"3pR7Kh0m","md5":"4b4b2f06870426f99c75ac3c19f047ec","sha1":"4fb576aefa9e1cdd59eaaacbfdceb39d7ad21858","sha256":"67c989a7d2730d642a970c594187101499d73a9df7f3c8bd35b6098ebdb09859"},"dob":{"date":"1993-03-18T23:01:11.253Z","age":31},"registered":{"date":"2014-09-24T02:54:52.082Z","age":9},"phone":"015395 64664","cell":"07295 673558","id":{"name":"NINO","value":"ZL 48 40 70 M"},"picture":{"large":"https://randomuser.me/api/portraits/men/10.jpg","medium":"https://randomuser.me/api/portraits/med/men/10.jpg","thumbnail":"https://randomuser.me/api/portraits/thumb/men/10.jpg"},"nat":"GB"}],"info":{"seed":"a380abe69dc9f2c3","results":1,"page":1,"version":"1.4"}} 
 </msg>
<msg time="2024-07-02T16:20:24.884959" level="INFO">/opt/hostedtoolcache/Python/3.12.4/x64/lib/python3.12/site-packages/urllib3/connectionpool.py:1099: InsecureRequestWarning: Unverified HTTPS request is being made to host 'randomuser.me'. Adding certificate verification is strongly advised. See: https://urllib3.readthedocs.io/en/latest/advanced-usage.html#tls-warnings
  warnings.warn(</msg>
<msg time="2024-07-02T16:20:24.885086" level="INFO">${response} = &lt;Response [200]&gt;</msg>
<var>${response}</var>
<arg>consultarAPI</arg>
<arg>/api</arg>
<doc>Sends a GET request on a previously created HTTP Session.</doc>
<status status="PASS" start="2024-07-02T16:20:24.794364" elapsed="0.090763"/>
</kw>
<kw name="Set Variable" owner="BuiltIn">
<msg time="2024-07-02T16:20:24.886187" level="INFO">${json_data} = {'results': [{'gender': 'male', 'name': {'title': 'Mr', 'first': 'Nicholas', 'last': 'Moore'}, 'location': {'street': {'number': 8733, 'name': 'The Drive'}, 'city': 'Oxford', 'state': 'Cheshire', 'cou...</msg>
<var>${json_data}</var>
<arg>${response.json()}</arg>
<doc>Returns the given values which can then be assigned to a variables.</doc>
<status status="PASS" start="2024-07-02T16:20:24.885578" elapsed="0.000637"/>
</kw>
<kw name="Log" owner="BuiltIn">
<msg time="2024-07-02T16:20:24.886674" level="INFO">{'results': [{'gender': 'male', 'name': {'title': 'Mr', 'first': 'Nicholas', 'last': 'Moore'}, 'location': {'street': {'number': 8733, 'name': 'The Drive'}, 'city': 'Oxford', 'state': 'Cheshire', 'country': 'United Kingdom', 'postcode': 'ME3R 6BB', 'coordinates': {'latitude': '-4.7659', 'longitude': '-2.3256'}, 'timezone': {'offset': '-12:00', 'description': 'Eniwetok, Kwajalein'}}, 'email': 'nicholas.moore@example.com', 'login': {'uuid': 'b90dda12-e3bf-491f-bc67-1d915ad37de4', 'username': 'happyladybug210', 'password': 'scorpio1', 'salt': '3pR7Kh0m', 'md5': '4b4b2f06870426f99c75ac3c19f047ec', 'sha1': '4fb576aefa9e1cdd59eaaacbfdceb39d7ad21858', 'sha256': '67c989a7d2730d642a970c594187101499d73a9df7f3c8bd35b6098ebdb09859'}, 'dob': {'date': '1993-03-18T23:01:11.253Z', 'age': 31}, 'registered': {'date': '2014-09-24T02:54:52.082Z', 'age': 9}, 'phone': '015395 64664', 'cell': '07295 673558', 'id': {'name': 'NINO', 'value': 'ZL 48 40 70 M'}, 'picture': {'large': 'https://randomuser.me/api/portraits/men/10.jpg', 'medium': 'https://randomuser.me/api/portraits/med/men/10.jpg', 'thumbnail': 'https://randomuser.me/api/portraits/thumb/men/10.jpg'}, 'nat': 'GB'}], 'info': {'seed': 'a380abe69dc9f2c3', 'results': 1, 'page': 1, 'version': '1.4'}}</msg>
<arg>${json_data}</arg>
<doc>Logs the given message with the given level.</doc>
<status status="PASS" start="2024-07-02T16:20:24.886521" elapsed="0.000199"/>
</kw>
<kw name="Dictionary Should Contain Key" owner="Collections">
<arg>${json_data}</arg>
<arg>results</arg>
<doc>Fails if ``key`` is not found from ``dictionary``.</doc>
<status status="PASS" start="2024-07-02T16:20:24.887008" elapsed="0.000154"/>
</kw>
<kw name="Should Not Be Empty" owner="BuiltIn">
<msg time="2024-07-02T16:20:24.887470" level="INFO">Length is 2.</msg>
<arg>${json_data}</arg>
<doc>Verifies that the given item is not empty.</doc>
<status status="PASS" start="2024-07-02T16:20:24.887340" elapsed="0.000167"/>
</kw>
<kw name="Create List" owner="BuiltIn">
<msg time="2024-07-02T16:20:24.888077" level="INFO">${expected_keys} = ['gender', 'name', 'location', 'email', 'login']</msg>
<var>${expected_keys}</var>
<arg>gender</arg>
<arg>name</arg>
<arg>location</arg>
<arg>email</arg>
<arg>login</arg>
<doc>Returns a list containing given items.</doc>
<status status="PASS" start="2024-07-02T16:20:24.887805" elapsed="0.000296"/>
</kw>
<for flavor="IN">
<iter>
<kw name="Dictionary Should Contain Key" owner="Collections">
<arg>${json_data['results'][0]}</arg>
<arg>${key}</arg>
<doc>Fails if ``key`` is not found from ``dictionary``.</doc>
<status status="PASS" start="2024-07-02T16:20:24.888663" elapsed="0.000388"/>
</kw>
<kw name="Log" owner="BuiltIn">
<msg time="2024-07-02T16:20:24.889597" level="INFO">{'gender': 'male', 'name': {'title': 'Mr', 'first': 'Nicholas', 'last': 'Moore'}, 'location': {'street': {'number': 8733, 'name': 'The Drive'}, 'city': 'Oxford', 'state': 'Cheshire', 'country': 'United Kingdom', 'postcode': 'ME3R 6BB', 'coordinates': {'latitude': '-4.7659', 'longitude': '-2.3256'}, 'timezone': {'offset': '-12:00', 'description': 'Eniwetok, Kwajalein'}}, 'email': 'nicholas.moore@example.com', 'login': {'uuid': 'b90dda12-e3bf-491f-bc67-1d915ad37de4', 'username': 'happyladybug210', 'password': 'scorpio1', 'salt': '3pR7Kh0m', 'md5': '4b4b2f06870426f99c75ac3c19f047ec', 'sha1': '4fb576aefa9e1cdd59eaaacbfdceb39d7ad21858', 'sha256': '67c989a7d2730d642a970c594187101499d73a9df7f3c8bd35b6098ebdb09859'}, 'dob': {'date': '1993-03-18T23:01:11.253Z', 'age': 31}, 'registered': {'date': '2014-09-24T02:54:52.082Z', 'age': 9}, 'phone': '015395 64664', 'cell': '07295 673558', 'id': {'name': 'NINO', 'value': 'ZL 48 40 70 M'}, 'picture': {'large': 'https://randomuser.me/api/portraits/men/10.jpg', 'medium': 'https://randomuser.me/api/portraits/med/men/10.jpg', 'thumbnail': 'https://randomuser.me/api/portraits/thumb/men/10.jpg'}, 'nat': 'GB'}</msg>
<arg>${json_data['results'][0]}</arg>
<doc>Logs the given message with the given level.</doc>
<status status="PASS" start="2024-07-02T16:20:24.889236" elapsed="0.000409"/>
</kw>
<kw name="Log" owner="BuiltIn">
<msg time="2024-07-02T16:20:24.890115" level="INFO">gender</msg>
<arg>${key}</arg>
<doc>Logs the given message with the given level.</doc>
<status status="PASS" start="2024-07-02T16:20:24.889983" elapsed="0.000170"/>
</kw>
<var name="${key}">gender</var>
<status status="PASS" start="2024-07-02T16:20:24.888542" elapsed="0.001828"/>
</iter>
<iter>
<kw name="Dictionary Should Contain Key" owner="Collections">
<arg>${json_data['results'][0]}</arg>
<arg>${key}</arg>
<doc>Fails if ``key`` is not found from ``dictionary``.</doc>
<status status="PASS" start="2024-07-02T16:20:24.890664" elapsed="0.000389"/>
</kw>
<kw name="Log" owner="BuiltIn">
<msg time="2024-07-02T16:20:24.891578" level="INFO">{'gender': 'male', 'name': {'title': 'Mr', 'first': 'Nicholas', 'last': 'Moore'}, 'location': {'street': {'number': 8733, 'name': 'The Drive'}, 'city': 'Oxford', 'state': 'Cheshire', 'country': 'United Kingdom', 'postcode': 'ME3R 6BB', 'coordinates': {'latitude': '-4.7659', 'longitude': '-2.3256'}, 'timezone': {'offset': '-12:00', 'description': 'Eniwetok, Kwajalein'}}, 'email': 'nicholas.moore@example.com', 'login': {'uuid': 'b90dda12-e3bf-491f-bc67-1d915ad37de4', 'username': 'happyladybug210', 'password': 'scorpio1', 'salt': '3pR7Kh0m', 'md5': '4b4b2f06870426f99c75ac3c19f047ec', 'sha1': '4fb576aefa9e1cdd59eaaacbfdceb39d7ad21858', 'sha256': '67c989a7d2730d642a970c594187101499d73a9df7f3c8bd35b6098ebdb09859'}, 'dob': {'date': '1993-03-18T23:01:11.253Z', 'age': 31}, 'registered': {'date': '2014-09-24T02:54:52.082Z', 'age': 9}, 'phone': '015395 64664', 'cell': '07295 673558', 'id': {'name': 'NINO', 'value': 'ZL 48 40 70 M'}, 'picture': {'large': 'https://randomuser.me/api/portraits/men/10.jpg', 'medium': 'https://randomuser.me/api/portraits/med/men/10.jpg', 'thumbnail': 'https://randomuser.me/api/portraits/thumb/men/10.jpg'}, 'nat': 'GB'}</msg>
<arg>${json_data['results'][0]}</arg>
<doc>Logs the given message with the given level.</doc>
<status status="PASS" start="2024-07-02T16:20:24.891234" elapsed="0.000423"/>
</kw>
<kw name="Log" owner="BuiltIn">
<msg time="2024-07-02T16:20:24.892087" level="INFO">name</msg>
<arg>${key}</arg>
<doc>Logs the given message with the given level.</doc>
<status status="PASS" start="2024-07-02T16:20:24.891959" elapsed="0.000165"/>
</kw>
<var name="${key}">name</var>
<status status="PASS" start="2024-07-02T16:20:24.890552" elapsed="0.001788"/>
</iter>
<iter>
<kw name="Dictionary Should Contain Key" owner="Collections">
<arg>${json_data['results'][0]}</arg>
<arg>${key}</arg>
<doc>Fails if ``key`` is not found from ``dictionary``.</doc>
<status status="PASS" start="2024-07-02T16:20:24.892622" elapsed="0.000377"/>
</kw>
<kw name="Log" owner="BuiltIn">
<msg time="2024-07-02T16:20:24.893524" level="INFO">{'gender': 'male', 'name': {'title': 'Mr', 'first': 'Nicholas', 'last': 'Moore'}, 'location': {'street': {'number': 8733, 'name': 'The Drive'}, 'city': 'Oxford', 'state': 'Cheshire', 'country': 'United Kingdom', 'postcode': 'ME3R 6BB', 'coordinates': {'latitude': '-4.7659', 'longitude': '-2.3256'}, 'timezone': {'offset': '-12:00', 'description': 'Eniwetok, Kwajalein'}}, 'email': 'nicholas.moore@example.com', 'login': {'uuid': 'b90dda12-e3bf-491f-bc67-1d915ad37de4', 'username': 'happyladybug210', 'password': 'scorpio1', 'salt': '3pR7Kh0m', 'md5': '4b4b2f06870426f99c75ac3c19f047ec', 'sha1': '4fb576aefa9e1cdd59eaaacbfdceb39d7ad21858', 'sha256': '67c989a7d2730d642a970c594187101499d73a9df7f3c8bd35b6098ebdb09859'}, 'dob': {'date': '1993-03-18T23:01:11.253Z', 'age': 31}, 'registered': {'date': '2014-09-24T02:54:52.082Z', 'age': 9}, 'phone': '015395 64664', 'cell': '07295 673558', 'id': {'name': 'NINO', 'value': 'ZL 48 40 70 M'}, 'picture': {'large': 'https://randomuser.me/api/portraits/men/10.jpg', 'medium': 'https://randomuser.me/api/portraits/med/men/10.jpg', 'thumbnail': 'https://randomuser.me/api/portraits/thumb/men/10.jpg'}, 'nat': 'GB'}</msg>
<arg>${json_data['results'][0]}</arg>
<doc>Logs the given message with the given level.</doc>
<status status="PASS" start="2024-07-02T16:20:24.893180" elapsed="0.000391"/>
</kw>
<kw name="Log" owner="BuiltIn">
<msg time="2024-07-02T16:20:24.894037" level="INFO">location</msg>
<arg>${key}</arg>
<doc>Logs the given message with the given level.</doc>
<status status="PASS" start="2024-07-02T16:20:24.893905" elapsed="0.000169"/>
</kw>
<var name="${key}">location</var>
<status status="PASS" start="2024-07-02T16:20:24.892515" elapsed="0.001775"/>
</iter>
<iter>
<kw name="Dictionary Should Contain Key" owner="Collections">
<arg>${json_data['results'][0]}</arg>
<arg>${key}</arg>
<doc>Fails if ``key`` is not found from ``dictionary``.</doc>
<status status="PASS" start="2024-07-02T16:20:24.894569" elapsed="0.000389"/>
</kw>
<kw name="Log" owner="BuiltIn">
<msg time="2024-07-02T16:20:24.895492" level="INFO">{'gender': 'male', 'name': {'title': 'Mr', 'first': 'Nicholas', 'last': 'Moore'}, 'location': {'street': {'number': 8733, 'name': 'The Drive'}, 'city': 'Oxford', 'state': 'Cheshire', 'country': 'United Kingdom', 'postcode': 'ME3R 6BB', 'coordinates': {'latitude': '-4.7659', 'longitude': '-2.3256'}, 'timezone': {'offset': '-12:00', 'description': 'Eniwetok, Kwajalein'}}, 'email': 'nicholas.moore@example.com', 'login': {'uuid': 'b90dda12-e3bf-491f-bc67-1d915ad37de4', 'username': 'happyladybug210', 'password': 'scorpio1', 'salt': '3pR7Kh0m', 'md5': '4b4b2f06870426f99c75ac3c19f047ec', 'sha1': '4fb576aefa9e1cdd59eaaacbfdceb39d7ad21858', 'sha256': '67c989a7d2730d642a970c594187101499d73a9df7f3c8bd35b6098ebdb09859'}, 'dob': {'date': '1993-03-18T23:01:11.253Z', 'age': 31}, 'registered': {'date': '2014-09-24T02:54:52.082Z', 'age': 9}, 'phone': '015395 64664', 'cell': '07295 673558', 'id': {'name': 'NINO', 'value': 'ZL 48 40 70 M'}, 'picture': {'large': 'https://randomuser.me/api/portraits/men/10.jpg', 'medium': 'https://randomuser.me/api/portraits/med/men/10.jpg', 'thumbnail': 'https://randomuser.me/api/portraits/thumb/men/10.jpg'}, 'nat': 'GB'}</msg>
<arg>${json_data['results'][0]}</arg>
<doc>Logs the given message with the given level.</doc>
<status status="PASS" start="2024-07-02T16:20:24.895145" elapsed="0.000394"/>
</kw>
<kw name="Log" owner="BuiltIn">
<msg time="2024-07-02T16:20:24.895965" level="INFO">email</msg>
<arg>${key}</arg>
<doc>Logs the given message with the given level.</doc>
<status status="PASS" start="2024-07-02T16:20:24.895839" elapsed="0.000165"/>
</kw>
<var name="${key}">email</var>
<status status="PASS" start="2024-07-02T16:20:24.894461" elapsed="0.001757"/>
</iter>
<iter>
<kw name="Dictionary Should Contain Key" owner="Collections">
<arg>${json_data['results'][0]}</arg>
<arg>${key}</arg>
<doc>Fails if ``key`` is not found from ``dictionary``.</doc>
<status status="PASS" start="2024-07-02T16:20:24.896506" elapsed="0.000382"/>
</kw>
<kw name="Log" owner="BuiltIn">
<msg time="2024-07-02T16:20:24.897413" level="INFO">{'gender': 'male', 'name': {'title': 'Mr', 'first': 'Nicholas', 'last': 'Moore'}, 'location': {'street': {'number': 8733, 'name': 'The Drive'}, 'city': 'Oxford', 'state': 'Cheshire', 'country': 'United Kingdom', 'postcode': 'ME3R 6BB', 'coordinates': {'latitude': '-4.7659', 'longitude': '-2.3256'}, 'timezone': {'offset': '-12:00', 'description': 'Eniwetok, Kwajalein'}}, 'email': 'nicholas.moore@example.com', 'login': {'uuid': 'b90dda12-e3bf-491f-bc67-1d915ad37de4', 'username': 'happyladybug210', 'password': 'scorpio1', 'salt': '3pR7Kh0m', 'md5': '4b4b2f06870426f99c75ac3c19f047ec', 'sha1': '4fb576aefa9e1cdd59eaaacbfdceb39d7ad21858', 'sha256': '67c989a7d2730d642a970c594187101499d73a9df7f3c8bd35b6098ebdb09859'}, 'dob': {'date': '1993-03-18T23:01:11.253Z', 'age': 31}, 'registered': {'date': '2014-09-24T02:54:52.082Z', 'age': 9}, 'phone': '015395 64664', 'cell': '07295 673558', 'id': {'name': 'NINO', 'value': 'ZL 48 40 70 M'}, 'picture': {'large': 'https://randomuser.me/api/portraits/men/10.jpg', 'medium': 'https://randomuser.me/api/portraits/med/men/10.jpg', 'thumbnail': 'https://randomuser.me/api/portraits/thumb/men/10.jpg'}, 'nat': 'GB'}</msg>
<arg>${json_data['results'][0]}</arg>
<doc>Logs the given message with the given level.</doc>
<status status="PASS" start="2024-07-02T16:20:24.897070" elapsed="0.000389"/>
</kw>
<kw name="Log" owner="BuiltIn">
<msg time="2024-07-02T16:20:24.897967" level="INFO">login</msg>
<arg>${key}</arg>
<doc>Logs the given message with the given level.</doc>
<status status="PASS" start="2024-07-02T16:20:24.897782" elapsed="0.000239"/>
</kw>
<var name="${key}">login</var>
<status status="PASS" start="2024-07-02T16:20:24.896387" elapsed="0.001913"/>
</iter>
<var>${key}</var>
<value>@{expected_keys}</value>
<status status="PASS" start="2024-07-02T16:20:24.888359" elapsed="0.010107"/>
</for>
<kw name="Create List" owner="BuiltIn">
<msg time="2024-07-02T16:20:24.898937" level="INFO">${expected_keysTwo} = ['username', 'password']</msg>
<var>${expected_keysTwo}</var>
<arg>username</arg>
<arg>password</arg>
<doc>Returns a list containing given items.</doc>
<status status="PASS" start="2024-07-02T16:20:24.898739" elapsed="0.000269"/>
</kw>
<for flavor="IN">
<iter>
<kw name="Dictionary Should Contain Key" owner="Collections">
<arg>${json_data['results'][0]['login']}</arg>
<arg>${keyTwo}</arg>
<doc>Fails if ``key`` is not found from ``dictionary``.</doc>
<status status="PASS" start="2024-07-02T16:20:24.899708" elapsed="0.000576"/>
</kw>
<kw name="Dictionary Should Contain Key" owner="Collections">
<arg>${json_data['results'][0]['login']}</arg>
<arg>${keyTwo}</arg>
<doc>Fails if ``key`` is not found from ``dictionary``.</doc>
<status status="PASS" start="2024-07-02T16:20:24.900547" elapsed="0.000567"/>
</kw>
<kw name="Log" owner="BuiltIn">
<msg time="2024-07-02T16:20:24.901548" level="INFO">username</msg>
<arg>${keyTwo}</arg>
<doc>Logs the given message with the given level.</doc>
<status status="PASS" start="2024-07-02T16:20:24.901380" elapsed="0.000221"/>
</kw>
<var name="${keyTwo}">username</var>
<status status="PASS" start="2024-07-02T16:20:24.899555" elapsed="0.002381"/>
</iter>
<iter>
<kw name="Dictionary Should Contain Key" owner="Collections">
<arg>${json_data['results'][0]['login']}</arg>
<arg>${keyTwo}</arg>
<doc>Fails if ``key`` is not found from ``dictionary``.</doc>
<status status="PASS" start="2024-07-02T16:20:24.902338" elapsed="0.000587"/>
</kw>
<kw name="Dictionary Should Contain Key" owner="Collections">
<arg>${json_data['results'][0]['login']}</arg>
<arg>${keyTwo}</arg>
<doc>Fails if ``key`` is not found from ``dictionary``.</doc>
<status status="PASS" start="2024-07-02T16:20:24.903190" elapsed="0.000568"/>
</kw>
<kw name="Log" owner="BuiltIn">
<msg time="2024-07-02T16:20:24.904190" level="INFO">password</msg>
<arg>${keyTwo}</arg>
<doc>Logs the given message with the given level.</doc>
<status status="PASS" start="2024-07-02T16:20:24.904023" elapsed="0.000224"/>
</kw>
<var name="${keyTwo}">password</var>
<status status="PASS" start="2024-07-02T16:20:24.902184" elapsed="0.002478"/>
</iter>
<var>${keyTwo}</var>
<value>@{expected_keysTwo}</value>
<status status="PASS" start="2024-07-02T16:20:24.899343" elapsed="0.005496"/>
</for>
<status status="PASS" start="2024-07-02T16:20:24.794033" elapsed="0.111007"/>
</kw>
<doc>Testa a estrutura da resposta da API.</doc>
<tag>testeEstruturaResposta</tag>
<status status="PASS" start="2024-07-02T16:20:24.793254" elapsed="0.111955"/>
</test>
<test id="s1-s1-t4" name="Validar tipos de dados" line="28">
<kw name="Teste de Tipos de Dados" owner="random-user-service">
<kw name="GET On Session" owner="RequestsLibrary">
<msg time="2024-07-02T16:20:24.987761" level="INFO">GET Request : url=https://randomuser.me/api 
 path_url=/api 
 headers={'User-Agent': 'python-requests/2.32.3', 'Accept-Encoding': 'gzip, deflate', 'Accept': '*/*', 'Connection': 'keep-alive'} 
 body=None 
 </msg>
<msg time="2024-07-02T16:20:24.987846" level="INFO">GET Response : url=https://randomuser.me/api 
 status=200, reason=OK 
 headers={'Date': 'Tue, 02 Jul 2024 16:20:24 GMT', 'Content-Type': 'application/json; charset=utf-8', 'Transfer-Encoding': 'chunked', 'Connection': 'keep-alive', 'X-Powered-By': 'Express', 'Access-Control-Allow-Origin': '*', 'Cache-Control': 'no-cache', 'ETag': 'W/"48a-tYIHj1V7L0zCbEnqeMUuH0KNm2o"', 'Vary': 'Accept-Encoding', 'Content-Encoding': 'gzip', 'CF-Cache-Status': 'DYNAMIC', 'Report-To': '{"endpoints":[{"url":"https:\\/\\/a.nel.cloudflare.com\\/report\\/v4?s=wArToRW2%2FBzChEYspZS1wSaJ2dMjL9y9TJ9oyosfxvO5LXNhgo3yHXfZnl4MGNCSGpDA2%2FwQHKPA9KAj2eubwQhevsKpuQZzOeoNVNNXYVWhX19HpjtQgDImd8D4WJ%2Fb"}],"group":"cf-nel","max_age":604800}', 'NEL': '{"success_fraction":0,"report_to":"cf-nel","max_age":604800}', 'Server': 'cloudflare', 'CF-RAY': '89cff687ac263b66-IAD', 'alt-svc': 'h3=":443"; ma=86400'} 
 body={"results":[{"gender":"female","name":{"title":"Ms","first":"Sofia","last":"Chan"},"location":{"street":{"number":4108,"name":"Peel St"},"city":"Vanier","state":"Ontario","country":"Canada","postcode":"X5S 0J5","coordinates":{"latitude":"-66.2841","longitude":"42.7837"},"timezone":{"offset":"-5:00","description":"Eastern Time (US &amp; Canada), Bogota, Lima"}},"email":"sofia.chan@example.com","login":{"uuid":"e2d36bea-e9e7-4ed6-9105-d1a005a9bedd","username":"goldenswan191","password":"88888888","salt":"L4C6ZxZe","md5":"4f60558327b7b2fc2689d0bf6e668a8d","sha1":"fe527e2549ccdec2ad792319c12c00396488ab20","sha256":"d1950759cdb5a09e3a060323627800d4663ad9bce7bb51cc7dd46c0ad48e689e"},"dob":{"date":"1980-07-31T19:54:28.705Z","age":43},"registered":{"date":"2002-06-30T10:13:09.433Z","age":22},"phone":"J65 S88-8294","cell":"X16 T23-8207","id":{"name":"SIN","value":"894838754"},"picture":{"large":"https://randomuser.me/api/portraits/women/6.jpg","medium":"https://randomuser.me/api/portraits/med/women/6.jpg","thumbnail":"https://randomuser.me/api/portraits/thumb/women/6.jpg"},"nat":"CA"}],"info":{"seed":"6108e5cd57864ff9","results":1,"page":1,"version":"1.4"}} 
 </msg>
<msg time="2024-07-02T16:20:24.987923" level="INFO">/opt/hostedtoolcache/Python/3.12.4/x64/lib/python3.12/site-packages/urllib3/connectionpool.py:1099: InsecureRequestWarning: Unverified HTTPS request is being made to host 'randomuser.me'. Adding certificate verification is strongly advised. See: https://urllib3.readthedocs.io/en/latest/advanced-usage.html#tls-warnings
  warnings.warn(</msg>
<msg time="2024-07-02T16:20:24.988057" level="INFO">${response} = &lt;Response [200]&gt;</msg>
<var>${response}</var>
<arg>consultarAPI</arg>
<arg>/api</arg>
<doc>Sends a GET request on a previously created HTTP Session.</doc>
<status status="PASS" start="2024-07-02T16:20:24.908005" elapsed="0.080109"/>
</kw>
<kw name="Set Variable" owner="BuiltIn">
<msg time="2024-07-02T16:20:24.989204" level="INFO">${json_data} = {'results': [{'gender': 'female', 'name': {'title': 'Ms', 'first': 'Sofia', 'last': 'Chan'}, 'location': {'street': {'number': 4108, 'name': 'Peel St'}, 'city': 'Vanier', 'state': 'Ontario', 'country'...</msg>
<var>${json_data}</var>
<arg>${response.json()}</arg>
<doc>Returns the given values which can then be assigned to a variables.</doc>
<status status="PASS" start="2024-07-02T16:20:24.988620" elapsed="0.000613"/>
</kw>
<kw name="Log" owner="BuiltIn">
<msg time="2024-07-02T16:20:24.989711" level="INFO">{'results': [{'gender': 'female', 'name': {'title': 'Ms', 'first': 'Sofia', 'last': 'Chan'}, 'location': {'street': {'number': 4108, 'name': 'Peel St'}, 'city': 'Vanier', 'state': 'Ontario', 'country': 'Canada', 'postcode': 'X5S 0J5', 'coordinates': {'latitude': '-66.2841', 'longitude': '42.7837'}, 'timezone': {'offset': '-5:00', 'description': 'Eastern Time (US &amp; Canada), Bogota, Lima'}}, 'email': 'sofia.chan@example.com', 'login': {'uuid': 'e2d36bea-e9e7-4ed6-9105-d1a005a9bedd', 'username': 'goldenswan191', 'password': '88888888', 'salt': 'L4C6ZxZe', 'md5': '4f60558327b7b2fc2689d0bf6e668a8d', 'sha1': 'fe527e2549ccdec2ad792319c12c00396488ab20', 'sha256': 'd1950759cdb5a09e3a060323627800d4663ad9bce7bb51cc7dd46c0ad48e689e'}, 'dob': {'date': '1980-07-31T19:54:28.705Z', 'age': 43}, 'registered': {'date': '2002-06-30T10:13:09.433Z', 'age': 22}, 'phone': 'J65 S88-8294', 'cell': 'X16 T23-8207', 'id': {'name': 'SIN', 'value': '894838754'}, 'picture': {'large': 'https://randomuser.me/api/portraits/women/6.jpg', 'medium': 'https://randomuser.me/api/portraits/med/women/6.jpg', 'thumbnail': 'https://randomuser.me/api/portraits/thumb/women/6.jpg'}, 'nat': 'CA'}], 'info': {'seed': '6108e5cd57864ff9', 'results': 1, 'page': 1, 'version': '1.4'}}</msg>
<arg>${json_data}</arg>
<doc>Logs the given message with the given level.</doc>
<status status="PASS" start="2024-07-02T16:20:24.989554" elapsed="0.000242"/>
</kw>
<kw name="Should Be String" owner="String">
<arg>${json_data['results'][0]['gender']}</arg>
<doc>Fails if the given ``item`` is not a string.</doc>
<status status="PASS" start="2024-07-02T16:20:24.990101" elapsed="0.000441"/>
</kw>
<kw name="Should Match Regexp" owner="BuiltIn">
<arg>${json_data['results'][0]['email']}</arg>
<arg>^[a-zA-Z0-9._%+-]+@[a-zA-Z0-9.-]+\.[a-zA-Z]{2,}$</arg>
<doc>Fails if ``string`` does not match ``pattern`` as a regular expression.</doc>
<status status="PASS" start="2024-07-02T16:20:24.990735" elapsed="0.000517"/>
</kw>
<kw name="Should Match Regexp" owner="BuiltIn">
<arg>${json_data['results'][0]['dob']['date']}</arg>
<arg>\\d{4}-\\d{2}-\\d{2}T\\d{2}:\\d{2}:\\d{2}\\.\\d{3}Z</arg>
<doc>Fails if ``string`` does not match ``pattern`` as a regular expression.</doc>
<status status="PASS" start="2024-07-02T16:20:24.991482" elapsed="0.000495"/>
</kw>
<kw name="Should Match Regexp" owner="BuiltIn">
<arg>${json_data['results'][0]['registered']['date']}</arg>
<arg>\\d{4}-\\d{2}-\\d{2}T\\d{2}:\\d{2}:\\d{2}\\.\\d{3}Z</arg>
<doc>Fails if ``string`` does not match ``pattern`` as a regular expression.</doc>
<status status="PASS" start="2024-07-02T16:20:24.992170" elapsed="0.000369"/>
</kw>
<kw name="Should Match Regexp" owner="BuiltIn">
<arg>${json_data['results'][0]['picture']['large']}</arg>
<arg>^https?://.*\.(?:png|jpe?g|gif|bmp)$</arg>
<doc>Fails if ``string`` does not match ``pattern`` as a regular expression.</doc>
<status status="PASS" start="2024-07-02T16:20:24.992724" elapsed="0.000451"/>
</kw>
<kw name="Should Match Regexp" owner="BuiltIn">
<arg>${json_data['results'][0]['picture']['medium']}</arg>
<arg>^https?://.*\.(?:png|jpe?g|gif|bmp)$</arg>
<doc>Fails if ``string`` does not match ``pattern`` as a regular expression.</doc>
<status status="PASS" start="2024-07-02T16:20:24.993360" elapsed="0.000351"/>
</kw>
<kw name="Should Match Regexp" owner="BuiltIn">
<arg>${json_data['results'][0]['picture']['thumbnail']}</arg>
<arg>^https?://.*\.(?:png|jpe?g|gif|bmp)$</arg>
<doc>Fails if ``string`` does not match ``pattern`` as a regular expression.</doc>
<status status="PASS" start="2024-07-02T16:20:24.993929" elapsed="0.000351"/>
</kw>
<kw name="Log" owner="BuiltIn">
<msg time="2024-07-02T16:20:24.994796" level="INFO">{'large': 'https://randomuser.me/api/portraits/women/6.jpg', 'medium': 'https://randomuser.me/api/portraits/med/women/6.jpg', 'thumbnail': 'https://randomuser.me/api/portraits/thumb/women/6.jpg'}</msg>
<arg>${json_data['results'][0]['picture']}</arg>
<doc>Logs the given message with the given level.</doc>
<status status="PASS" start="2024-07-02T16:20:24.994469" elapsed="0.000369"/>
</kw>
<status status="PASS" start="2024-07-02T16:20:24.907781" elapsed="0.087309"/>
</kw>
<kw name="Teste de Tipos de Dados - Postcode" owner="random-user-service">
<kw name="GET On Session" owner="RequestsLibrary">
<msg time="2024-07-02T16:20:25.086969" level="INFO">GET Request : url=https://randomuser.me/api 
 path_url=/api 
 headers={'User-Agent': 'python-requests/2.32.3', 'Accept-Encoding': 'gzip, deflate', 'Accept': '*/*', 'Connection': 'keep-alive'} 
 body=None 
 </msg>
<msg time="2024-07-02T16:20:25.087053" level="INFO">GET Response : url=https://randomuser.me/api 
 status=200, reason=OK 
 headers={'Date': 'Tue, 02 Jul 2024 16:20:25 GMT', 'Content-Type': 'application/json; charset=utf-8', 'Transfer-Encoding': 'chunked', 'Connection': 'keep-alive', 'X-Powered-By': 'Express', 'Access-Control-Allow-Origin': '*', 'Cache-Control': 'no-cache', 'ETag': 'W/"490-NuU99H6/ratRJkj8mo2Yac6Icm0"', 'Vary': 'Accept-Encoding', 'Content-Encoding': 'gzip', 'CF-Cache-Status': 'DYNAMIC', 'Report-To': '{"endpoints":[{"url":"https:\\/\\/a.nel.cloudflare.com\\/report\\/v4?s=YNN0P5kIYh99YhcqTQwRxUkL4FUpH%2Fb8ihv8we8TtNf5H%2FGZVL7hGpnDAj1kNsCC3ebF2qcNwIVrqHamtX3YhE04XJIt8OnJBh07OPWCgYLns%2FS%2BOkKSBb4WMNw9KN%2Bc"}],"group":"cf-nel","max_age":604800}', 'NEL': '{"success_fraction":0,"report_to":"cf-nel","max_age":604800}', 'Server': 'cloudflare', 'CF-RAY': '89cff6883caa3b66-IAD', 'alt-svc': 'h3=":443"; ma=86400'} 
 body={"results":[{"gender":"female","name":{"title":"Ms","first":"Esfir","last":"Taran"},"location":{"street":{"number":467,"name":"Prospekt Vatutina"},"city":"Alushta","state":"Volinska","country":"Ukraine","postcode":28303,"coordinates":{"latitude":"79.3599","longitude":"51.9560"},"timezone":{"offset":"-6:00","description":"Central Time (US &amp; Canada), Mexico City"}},"email":"esfir.taran@example.com","login":{"uuid":"4de30101-3af9-4ad0-9230-4e82eeeb7ab7","username":"beautifulfish914","password":"chopin","salt":"P9MPYavi","md5":"bcf4e830b1161de1f1743760c8ac3527","sha1":"66c4486124ff391f04f619a874037f4e8d698bad","sha256":"ae07ec0b3c9e43e4cdd9fd5d09561d768782e0ff59c66b5b94dea3586e37b266"},"dob":{"date":"1974-01-11T00:57:36.156Z","age":50},"registered":{"date":"2005-04-07T10:26:01.304Z","age":19},"phone":"(099) Y74-6647","cell":"(067) O51-6306","id":{"name":"","value":null},"picture":{"large":"https://randomuser.me/api/portraits/women/87.jpg","medium":"https://randomuser.me/api/portraits/med/women/87.jpg","thumbnail":"https://randomuser.me/api/portraits/thumb/women/87.jpg"},"nat":"UA"}],"info":{"seed":"3a20f2d2b5849d04","results":1,"page":1,"version":"1.4"}} 
 </msg>
<msg time="2024-07-02T16:20:25.087125" level="INFO">/opt/hostedtoolcache/Python/3.12.4/x64/lib/python3.12/site-packages/urllib3/connectionpool.py:1099: InsecureRequestWarning: Unverified HTTPS request is being made to host 'randomuser.me'. Adding certificate verification is strongly advised. See: https://urllib3.readthedocs.io/en/latest/advanced-usage.html#tls-warnings
  warnings.warn(</msg>
<msg time="2024-07-02T16:20:25.087234" level="INFO">${response} = &lt;Response [200]&gt;</msg>
<var>${response}</var>
<arg>consultarAPI</arg>
<arg>/api</arg>
<doc>Sends a GET request on a previously created HTTP Session.</doc>
<status status="PASS" start="2024-07-02T16:20:24.995514" elapsed="0.091768"/>
</kw>
<kw name="Set Variable" owner="BuiltIn">
<msg time="2024-07-02T16:20:25.088138" level="INFO">${json_data} = {'results': [{'gender': 'female', 'name': {'title': 'Ms', 'first': 'Esfir', 'last': 'Taran'}, 'location': {'street': {'number': 467, 'name': 'Prospekt Vatutina'}, 'city': 'Alushta', 'state': 'Volinska...</msg>
<var>${json_data}</var>
<arg>${response.json()}</arg>
<doc>Returns the given values which can then be assigned to a variables.</doc>
<status status="PASS" start="2024-07-02T16:20:25.087680" elapsed="0.000486"/>
</kw>
<kw name="Log" owner="BuiltIn">
<msg time="2024-07-02T16:20:25.088621" level="INFO">{'results': [{'gender': 'female', 'name': {'title': 'Ms', 'first': 'Esfir', 'last': 'Taran'}, 'location': {'street': {'number': 467, 'name': 'Prospekt Vatutina'}, 'city': 'Alushta', 'state': 'Volinska', 'country': 'Ukraine', 'postcode': 28303, 'coordinates': {'latitude': '79.3599', 'longitude': '51.9560'}, 'timezone': {'offset': '-6:00', 'description': 'Central Time (US &amp; Canada), Mexico City'}}, 'email': 'esfir.taran@example.com', 'login': {'uuid': '4de30101-3af9-4ad0-9230-4e82eeeb7ab7', 'username': 'beautifulfish914', 'password': 'chopin', 'salt': 'P9MPYavi', 'md5': 'bcf4e830b1161de1f1743760c8ac3527', 'sha1': '66c4486124ff391f04f619a874037f4e8d698bad', 'sha256': 'ae07ec0b3c9e43e4cdd9fd5d09561d768782e0ff59c66b5b94dea3586e37b266'}, 'dob': {'date': '1974-01-11T00:57:36.156Z', 'age': 50}, 'registered': {'date': '2005-04-07T10:26:01.304Z', 'age': 19}, 'phone': '(099) Y74-6647', 'cell': '(067) O51-6306', 'id': {'name': '', 'value': None}, 'picture': {'large': 'https://randomuser.me/api/portraits/women/87.jpg', 'medium': 'https://randomuser.me/api/portraits/med/women/87.jpg', 'thumbnail': 'https://randomuser.me/api/portraits/thumb/women/87.jpg'}, 'nat': 'UA'}], 'info': {'seed': '3a20f2d2b5849d04', 'results': 1, 'page': 1, 'version': '1.4'}}</msg>
<arg>${json_data}</arg>
<doc>Logs the given message with the given level.</doc>
<status status="PASS" start="2024-07-02T16:20:25.088466" elapsed="0.000204"/>
</kw>
<kw name="Should Be Equal As Numbers" owner="BuiltIn">
<arg>${json_data['results'][0]['location']['postcode']}</arg>
<arg>${json_data['results'][0]['location']['postcode']}</arg>
<doc>Fails if objects are unequal after converting them to real numbers.</doc>
<status status="PASS" start="2024-07-02T16:20:25.088965" elapsed="0.000616"/>
</kw>
<kw name="Log" owner="BuiltIn">
<msg time="2024-07-02T16:20:25.090279" level="INFO">28303</msg>
<arg>${json_data['results'][0]['location']['postcode']}</arg>
<doc>Logs the given message with the given level.</doc>
<status status="PASS" start="2024-07-02T16:20:25.089802" elapsed="0.000517"/>
</kw>
<status status="PASS" start="2024-07-02T16:20:24.995297" elapsed="0.095299"/>
</kw>
<doc>Testa se os tipos de dados na resposta da API estão corretos.</doc>
<tag>testeTiposDados</tag>
<status status="PASS" start="2024-07-02T16:20:24.907223" elapsed="0.183533"/>
</test>
<test id="s1-s1-t5" name="Validar conteudo" line="35">
<kw name="Teste de Tipos de Conteudo" owner="random-user-service">
<kw name="GET On Session" owner="RequestsLibrary">
<msg time="2024-07-02T16:20:25.203947" level="INFO">GET Request : url=https://randomuser.me/api 
 path_url=/api 
 headers={'User-Agent': 'python-requests/2.32.3', 'Accept-Encoding': 'gzip, deflate', 'Accept': '*/*', 'Connection': 'keep-alive'} 
 body=None 
 </msg>
<msg time="2024-07-02T16:20:25.204035" level="INFO">GET Response : url=https://randomuser.me/api 
 status=200, reason=OK 
 headers={'Date': 'Tue, 02 Jul 2024 16:20:25 GMT', 'Content-Type': 'application/json; charset=utf-8', 'Transfer-Encoding': 'chunked', 'Connection': 'keep-alive', 'X-Powered-By': 'Express', 'Access-Control-Allow-Origin': '*', 'Cache-Control': 'no-cache', 'ETag': 'W/"49a-d0x90AacV52ibbA+GDfHK9DRco4"', 'Vary': 'Accept-Encoding', 'Content-Encoding': 'gzip', 'CF-Cache-Status': 'DYNAMIC', 'Report-To': '{"endpoints":[{"url":"https:\\/\\/a.nel.cloudflare.com\\/report\\/v4?s=LOpR%2Fm7R6agry33NElymGb3hvxP9sZpd84li0hlokp%2Fz6Gw8g9EedRuEoy5cGzKKoGYxGRPgSdA%2FVU3AN4i9dqQGmaDzYFWpJkS1B%2B3N9V87h00M78rr5uVNPfNr6ZC0"}],"group":"cf-nel","max_age":604800}', 'NEL': '{"success_fraction":0,"report_to":"cf-nel","max_age":604800}', 'Server': 'cloudflare', 'CF-RAY': '89cff688dd7b3b66-IAD', 'alt-svc': 'h3=":443"; ma=86400'} 
 body={"results":[{"gender":"female","name":{"title":"Miss","first":"Pilar","last":"Ortiz"},"location":{"street":{"number":4375,"name":"Avenida de La Albufera"},"city":"Alicante","state":"Cantabria","country":"Spain","postcode":15537,"coordinates":{"latitude":"-37.1464","longitude":"120.8633"},"timezone":{"offset":"+11:00","description":"Magadan, Solomon Islands, New Caledonia"}},"email":"pilar.ortiz@example.com","login":{"uuid":"ca2f7203-0828-49e1-8f86-35df949fff91","username":"greenduck395","password":"liang","salt":"GjGJ5fI8","md5":"5769aa44c1a629f5cc309560b77aaee8","sha1":"08e3d0f50d67231c072c1f36038bc26c519f4f8e","sha256":"a53ad35218af744b13b933ec72bd8448210665a035c5214df1c43baa97ef0762"},"dob":{"date":"1991-05-05T08:39:11.950Z","age":33},"registered":{"date":"2021-07-26T23:04:18.057Z","age":2},"phone":"926-999-518","cell":"617-270-199","id":{"name":"DNI","value":"60675670-Y"},"picture":{"large":"https://randomuser.me/api/portraits/women/59.jpg","medium":"https://randomuser.me/api/portraits/med/women/59.jpg","thumbnail":"https://randomuser.me/api/portraits/thumb/women/59.jpg"},"nat":"ES"}],"info":{"seed":"79f0a1d9b4d3c171","results":1,"page":1,"version":"1.4"}} 
 </msg>
<msg time="2024-07-02T16:20:25.204110" level="INFO">/opt/hostedtoolcache/Python/3.12.4/x64/lib/python3.12/site-packages/urllib3/connectionpool.py:1099: InsecureRequestWarning: Unverified HTTPS request is being made to host 'randomuser.me'. Adding certificate verification is strongly advised. See: https://urllib3.readthedocs.io/en/latest/advanced-usage.html#tls-warnings
  warnings.warn(</msg>
<msg time="2024-07-02T16:20:25.204223" level="INFO">${response} = &lt;Response [200]&gt;</msg>
<var>${response}</var>
<arg>consultarAPI</arg>
<arg>/api</arg>
<doc>Sends a GET request on a previously created HTTP Session.</doc>
<status status="PASS" start="2024-07-02T16:20:25.093206" elapsed="0.111063"/>
</kw>
<kw name="Set Variable" owner="BuiltIn">
<msg time="2024-07-02T16:20:25.205223" level="INFO">${json_data} = {'results': [{'gender': 'female', 'name': {'title': 'Miss', 'first': 'Pilar', 'last': 'Ortiz'}, 'location': {'street': {'number': 4375, 'name': 'Avenida de La Albufera'}, 'city': 'Alicante', 'state': ...</msg>
<var>${json_data}</var>
<arg>${response.json()}</arg>
<doc>Returns the given values which can then be assigned to a variables.</doc>
<status status="PASS" start="2024-07-02T16:20:25.204748" elapsed="0.000504"/>
</kw>
<kw name="Set Variable" owner="BuiltIn">
<msg time="2024-07-02T16:20:25.205986" level="INFO">${name_title} = Miss</msg>
<var>${name_title}</var>
<arg>${json_data["results"][0]["name"]["title"]}</arg>
<doc>Returns the given values which can then be assigned to a variables.</doc>
<status status="PASS" start="2024-07-02T16:20:25.205556" elapsed="0.000456"/>
</kw>
<kw name="Create List" owner="BuiltIn">
<msg time="2024-07-02T16:20:25.206467" level="INFO">${allowed_titles} = ['Mr', 'Ms', 'Miss', 'Mrs', 'Madame', 'Monsieur']</msg>
<var>${allowed_titles}</var>
<arg>Mr</arg>
<arg>Ms</arg>
<arg>Miss</arg>
<arg>Mrs</arg>
<arg>Madame</arg>
<arg>Monsieur</arg>
<doc>Returns a list containing given items.</doc>
<status status="PASS" start="2024-07-02T16:20:25.206315" elapsed="0.000176"/>
</kw>
<kw name="List Should Contain Value" owner="Collections">
<arg>${allowed_titles}</arg>
<arg>${name_title}</arg>
<doc>Fails if the ``value`` is not found from ``list``.</doc>
<status status="PASS" start="2024-07-02T16:20:25.206790" elapsed="0.000185"/>
</kw>
<kw name="Set Variable" owner="BuiltIn">
<msg time="2024-07-02T16:20:25.207523" level="INFO">${name_country} = ES</msg>
<var>${name_country}</var>
<arg>${json_data["results"][0]["nat"]}</arg>
<doc>Returns the given values which can then be assigned to a variables.</doc>
<status status="PASS" start="2024-07-02T16:20:25.207155" elapsed="0.000392"/>
</kw>
<kw name="Create List" owner="BuiltIn">
<msg time="2024-07-02T16:20:25.208437" level="INFO">${list_country} = ['AD', 'AE', 'AF', 'AG', 'AI', 'AL', 'AM', 'AO', 'AQ', 'AR', 'AS', 'AT', 'AU', 'AW', 'AX', 'AZ', 'BA', 'BB', 'BD', 'BE', 'BF', 'BG', 'BH', 'BI', 'BJ', 'BL', 'BM', 'BN', 'BO', 'BQ', 'BR', 'BS', 'BT', '...</msg>
<var>${list_country}</var>
<arg>AD</arg>
<arg>AE</arg>
<arg>AF</arg>
<arg>AG</arg>
<arg>AI</arg>
<arg>AL</arg>
<arg>AM</arg>
<arg>AO</arg>
<arg>AQ</arg>
<arg>AR</arg>
<arg>AS</arg>
<arg>AT</arg>
<arg>AU</arg>
<arg>AW</arg>
<arg>AX</arg>
<arg>AZ</arg>
<arg>BA</arg>
<arg>BB</arg>
<arg>BD</arg>
<arg>BE</arg>
<arg>BF</arg>
<arg>BG</arg>
<arg>BH</arg>
<arg>BI</arg>
<arg>BJ</arg>
<arg>BL</arg>
<arg>BM</arg>
<arg>BN</arg>
<arg>BO</arg>
<arg>BQ</arg>
<arg>BR</arg>
<arg>BS</arg>
<arg>BT</arg>
<arg>BV</arg>
<arg>BW</arg>
<arg>BY</arg>
<arg>BZ</arg>
<arg>CA</arg>
<arg>CC</arg>
<arg>CD</arg>
<arg>CF</arg>
<arg>CG</arg>
<arg>CH</arg>
<arg>CI</arg>
<arg>CK</arg>
<arg>CL</arg>
<arg>CM</arg>
<arg>CN</arg>
<arg>CO</arg>
<arg>CR</arg>
<arg>CU</arg>
<arg>CV</arg>
<arg>CW</arg>
<arg>CX</arg>
<arg>CY</arg>
<arg>CZ</arg>
<arg>DE</arg>
<arg>DJ</arg>
<arg>DK</arg>
<arg>DM</arg>
<arg>DO</arg>
<arg>DZ</arg>
<arg>EC</arg>
<arg>EE</arg>
<arg>EG</arg>
<arg>EH</arg>
<arg>ER</arg>
<arg>ES</arg>
<arg>ET</arg>
<arg>FI</arg>
<arg>FJ</arg>
<arg>FK</arg>
<arg>FM</arg>
<arg>FO</arg>
<arg>FR</arg>
<arg>GA</arg>
<arg>GB</arg>
<arg>GD</arg>
<arg>GE</arg>
<arg>GF</arg>
<arg>GG</arg>
<arg>GH</arg>
<arg>GI</arg>
<arg>GL</arg>
<arg>GM</arg>
<arg>GN</arg>
<arg>GP</arg>
<arg>GQ</arg>
<arg>GR</arg>
<arg>GS</arg>
<arg>GT</arg>
<arg>GU</arg>
<arg>GW</arg>
<arg>GY</arg>
<arg>HK</arg>
<arg>HM</arg>
<arg>HN</arg>
<arg>HR</arg>
<arg>HT</arg>
<arg>HU</arg>
<arg>ID</arg>
<arg>IE</arg>
<arg>IL</arg>
<arg>IM</arg>
<arg>IN</arg>
<arg>IO</arg>
<arg>IQ</arg>
<arg>IR</arg>
<arg>IS</arg>
<arg>IT</arg>
<arg>JE</arg>
<arg>JM</arg>
<arg>JO</arg>
<arg>JP</arg>
<arg>KE</arg>
<arg>KG</arg>
<arg>KH</arg>
<arg>KI</arg>
<arg>KM</arg>
<arg>KN</arg>
<arg>KP</arg>
<arg>KR</arg>
<arg>KW</arg>
<arg>KY</arg>
<arg>KZ</arg>
<arg>LA</arg>
<arg>LB</arg>
<arg>LC</arg>
<arg>LI</arg>
<arg>LK</arg>
<arg>LR</arg>
<arg>LS</arg>
<arg>LT</arg>
<arg>LU</arg>
<arg>LV</arg>
<arg>LY</arg>
<arg>MA</arg>
<arg>MC</arg>
<arg>MD</arg>
<arg>ME</arg>
<arg>MF</arg>
<arg>MG</arg>
<arg>MH</arg>
<arg>MK</arg>
<arg>ML</arg>
<arg>MM</arg>
<arg>MN</arg>
<arg>MO</arg>
<arg>MP</arg>
<arg>MQ</arg>
<arg>MR</arg>
<arg>MS</arg>
<arg>MT</arg>
<arg>MU</arg>
<arg>MV</arg>
<arg>MW</arg>
<arg>MX</arg>
<arg>MY</arg>
<arg>MZ</arg>
<arg>NA</arg>
<arg>NC</arg>
<arg>NE</arg>
<arg>NF</arg>
<arg>NG</arg>
<arg>NI</arg>
<arg>NL</arg>
<arg>NO</arg>
<arg>NP</arg>
<arg>NR</arg>
<arg>NU</arg>
<arg>NZ</arg>
<arg>OM</arg>
<arg>PA</arg>
<arg>PE</arg>
<arg>PF</arg>
<arg>PG</arg>
<arg>PH</arg>
<arg>PK</arg>
<arg>PL</arg>
<arg>PM</arg>
<arg>PN</arg>
<arg>PR</arg>
<arg>PS</arg>
<arg>PT</arg>
<arg>PW</arg>
<arg>PY</arg>
<arg>QA</arg>
<arg>RE</arg>
<arg>RO</arg>
<arg>RS</arg>
<arg>RU</arg>
<arg>RW</arg>
<arg>SA</arg>
<arg>SB</arg>
<arg>SC</arg>
<arg>SD</arg>
<arg>SE</arg>
<arg>SG</arg>
<arg>SH</arg>
<arg>SI</arg>
<arg>SJ</arg>
<arg>SK</arg>
<arg>SL</arg>
<arg>SM</arg>
<arg>SN</arg>
<arg>SO</arg>
<arg>SR</arg>
<arg>SS</arg>
<arg>ST</arg>
<arg>SV</arg>
<arg>SX</arg>
<arg>SY</arg>
<arg>SZ</arg>
<arg>TC</arg>
<arg>TD</arg>
<arg>TF</arg>
<arg>TG</arg>
<arg>TH</arg>
<arg>TJ</arg>
<arg>TK</arg>
<arg>TL</arg>
<arg>TM</arg>
<arg>TN</arg>
<arg>TO</arg>
<arg>TR</arg>
<arg>TT</arg>
<arg>TV</arg>
<arg>TW</arg>
<arg>TZ</arg>
<arg>UA</arg>
<arg>UG</arg>
<arg>UM</arg>
<arg>US</arg>
<arg>UY</arg>
<arg>UZ</arg>
<arg>VA</arg>
<arg>VC</arg>
<arg>VE</arg>
<arg>VG</arg>
<arg>VI</arg>
<arg>VN</arg>
<arg>VU</arg>
<arg>WF</arg>
<arg>WS</arg>
<arg>XK</arg>
<arg>YE</arg>
<arg>YT</arg>
<arg>ZA</arg>
<arg>ZM</arg>
<arg>ZW</arg>
<doc>Returns a list containing given items.</doc>
<status status="PASS" start="2024-07-02T16:20:25.207845" elapsed="0.000617"/>
</kw>
<kw name="List Should Contain Value" owner="Collections">
<arg>${list_country}</arg>
<arg>${name_country}</arg>
<doc>Fails if the ``value`` is not found from ``list``.</doc>
<status status="PASS" start="2024-07-02T16:20:25.209261" elapsed="0.000204"/>
</kw>
<kw name="Run Keyword If" owner="BuiltIn">
<kw name="Should Be True" owner="BuiltIn">
<arg>${True}</arg>
<doc>Fails if the given condition is not true.</doc>
<status status="PASS" start="2024-07-02T16:20:25.210437" elapsed="0.000143"/>
</kw>
<arg>${json_data["results"][0]["location"]["coordinates"]["latitude"]} &gt;= -90 and ${json_data["results"][0]["location"]["coordinates"]["latitude"]} &lt;= 90</arg>
<arg>Should Be True</arg>
<arg>${True}</arg>
<doc>Runs the given keyword with the given arguments, if ``condition`` is true.</doc>
<status status="PASS" start="2024-07-02T16:20:25.209663" elapsed="0.001043"/>
</kw>
<kw name="Run Keyword If" owner="BuiltIn">
<kw name="Should Be True" owner="BuiltIn">
<arg>${True}</arg>
<doc>Fails if the given condition is not true.</doc>
<status status="PASS" start="2024-07-02T16:20:25.211585" elapsed="0.000233"/>
</kw>
<arg>${json_data["results"][0]["location"]["coordinates"]["longitude"]} &gt;= -180 and ${json_data["results"][0]["location"]["coordinates"]["longitude"]} &lt;= 180</arg>
<arg>Should Be True</arg>
<arg>${True}</arg>
<doc>Runs the given keyword with the given arguments, if ``condition`` is true.</doc>
<status status="PASS" start="2024-07-02T16:20:25.210889" elapsed="0.001058"/>
</kw>
<status status="PASS" start="2024-07-02T16:20:25.092988" elapsed="0.119093"/>
</kw>
<doc>Testa o conteúdo específico dos campos retornados pela API.</doc>
<tag>testeConteudo</tag>
<status status="PASS" start="2024-07-02T16:20:25.092466" elapsed="0.119761"/>
</test>
<status status="PASS" start="2024-07-02T16:20:24.269522" elapsed="0.944723"/>
</suite>
<status status="PASS" start="2024-07-02T16:20:24.255175" elapsed="0.964205"/>
</suite>
<statistics>
<total>
<stat pass="5" fail="0" skip="0">All Tests</stat>
</total>
<tag>
<stat pass="1" fail="0" skip="0">testeConteudo</stat>
<stat pass="1" fail="0" skip="0">testeEstruturaResposta</stat>
<stat pass="1" fail="0" skip="0">testeRequisicaoBasica</stat>
<stat pass="1" fail="0" skip="0">testeTiposDados</stat>
</tag>
<suite>
<stat pass="5" fail="0" skip="0" id="s1" name="Tests">Tests</stat>
<stat pass="5" fail="0" skip="0" id="s1-s1" name="Random-User-Test">Tests.Random-User-Test</stat>
</suite>
</statistics>
<errors>
</errors>
</robot>
