<?xml version="1.0" encoding="UTF-8"?>
<robot generator="Robot 7.0.1 (Python 3.12.4 on linux)" generated="2024-07-01T14:13:39.910706" rpa="false" schemaversion="5">
<suite id="s1" name="Tests" source="/home/runner/work/ApiRandomUser/ApiRandomUser/RamdonUser/tests">
<suite id="s1-s1" name="Random-User-Test" source="/home/runner/work/ApiRandomUser/ApiRandomUser/RamdonUser/tests/random-user-test.robot">
<test id="s1-s1-t1" name="Conectar" line="13">
<kw name="Conectar API" owner="random-user-service">
<kw name="Create Session" owner="RequestsLibrary">
<msg time="2024-07-01T14:13:40.318434" level="INFO">Creating Session using : alias=consultarAPI, url=https://randomuser.me/, headers={},                     cookies={}, auth=None, timeout=None, proxies=None, verify=False,                     debug=0 </msg>
<arg>consultarAPI</arg>
<arg>${URL}</arg>
<doc>Create Session: create a HTTP session to a server</doc>
<status status="PASS" start="2024-07-01T14:13:40.318184" elapsed="0.000437"/>
</kw>
<status status="PASS" start="2024-07-01T14:13:40.317211" elapsed="0.001763"/>
</kw>
<status status="PASS" start="2024-07-01T14:13:40.316599" elapsed="0.002569"/>
</test>
<test id="s1-s1-t2" name="Validar retorno 200 e JSON Válido" line="16">
<kw name="Teste de Requisicao Basica" owner="random-user-service">
<kw name="GET On Session" owner="RequestsLibrary">
<msg time="2024-07-01T14:13:40.601633" level="INFO">GET Request : url=https://randomuser.me/api 
 path_url=/api 
 headers={'User-Agent': 'python-requests/2.32.3', 'Accept-Encoding': 'gzip, deflate', 'Accept': '*/*', 'Connection': 'keep-alive'} 
 body=None 
 </msg>
<msg time="2024-07-01T14:13:40.601791" level="INFO">GET Response : url=https://randomuser.me/api 
 status=200, reason=OK 
 headers={'Date': 'Mon, 01 Jul 2024 14:13:40 GMT', 'Content-Type': 'application/json; charset=utf-8', 'Transfer-Encoding': 'chunked', 'Connection': 'keep-alive', 'X-Powered-By': 'Express', 'Access-Control-Allow-Origin': '*', 'Cache-Control': 'no-cache', 'ETag': 'W/"498-AHp+a8XzLRabtcdTxykYn3et57A"', 'Vary': 'Accept-Encoding', 'Content-Encoding': 'gzip', 'CF-Cache-Status': 'DYNAMIC', 'Report-To': '{"endpoints":[{"url":"https:\\/\\/a.nel.cloudflare.com\\/report\\/v4?s=39FYsS0h3z8Q4VaKNR2j200F%2FsgWynFoaYAZWUMiY2zNLHSKD1uqO9eXwwR9WYegULACXg3mjXn3fVnWEAQAJ%2BqhQBac2aLjWsMkXEm1MXIV2wprMxVZX8Tm40qgNnCG"}],"group":"cf-nel","max_age":604800}', 'NEL': '{"success_fraction":0,"report_to":"cf-nel","max_age":604800}', 'Server': 'cloudflare', 'CF-RAY': '89c6ff80496c2051-IAD', 'alt-svc': 'h3=":443"; ma=86400'} 
 body={"results":[{"gender":"female","name":{"title":"Ms","first":"Lesa","last":"Patterson"},"location":{"street":{"number":843,"name":"Lakeshore Rd"},"city":"Tallahassee","state":"Kentucky","country":"United States","postcode":16621,"coordinates":{"latitude":"82.3519","longitude":"142.3051"},"timezone":{"offset":"-7:00","description":"Mountain Time (US &amp; Canada)"}},"email":"lesa.patterson@example.com","login":{"uuid":"9af216e5-1c45-4786-8037-6e40711ecb00","username":"lazygoose933","password":"camera","salt":"YpxCGyXc","md5":"435e56ee1eaae9d9773babd418cf0376","sha1":"3292067328348c61f6b4f9b7d23236378ebcaea5","sha256":"b90aa0a6fa011058048a150c8222e573acfad092cd12726b3c51174886a0df7f"},"dob":{"date":"1958-12-27T05:58:02.387Z","age":65},"registered":{"date":"2003-01-01T20:36:12.128Z","age":21},"phone":"(209) 870-0971","cell":"(385) 330-8400","id":{"name":"SSN","value":"496-01-1568"},"picture":{"large":"https://randomuser.me/api/portraits/women/46.jpg","medium":"https://randomuser.me/api/portraits/med/women/46.jpg","thumbnail":"https://randomuser.me/api/portraits/thumb/women/46.jpg"},"nat":"US"}],"info":{"seed":"bffb9db61de10117","results":1,"page":1,"version":"1.4"}} 
 </msg>
<msg time="2024-07-01T14:13:40.601879" level="INFO">/opt/hostedtoolcache/Python/3.12.4/x64/lib/python3.12/site-packages/urllib3/connectionpool.py:1099: InsecureRequestWarning: Unverified HTTPS request is being made to host 'randomuser.me'. Adding certificate verification is strongly advised. See: https://urllib3.readthedocs.io/en/latest/advanced-usage.html#tls-warnings
  warnings.warn(</msg>
<msg time="2024-07-01T14:13:40.602042" level="INFO">${response} = &lt;Response [200]&gt;</msg>
<var>${response}</var>
<arg>consultarAPI</arg>
<arg>/api</arg>
<doc>Sends a GET request on a previously created HTTP Session.</doc>
<status status="PASS" start="2024-07-01T14:13:40.321783" elapsed="0.280301"/>
</kw>
<kw name="Should Be Equal As Numbers" owner="BuiltIn">
<msg time="2024-07-01T14:13:40.603091" level="INFO">Argument types are:
&lt;class 'int'&gt;
&lt;class 'str'&gt;</msg>
<arg>${response.status_code}</arg>
<arg>200</arg>
<doc>Fails if objects are unequal after converting them to real numbers.</doc>
<status status="PASS" start="2024-07-01T14:13:40.602634" elapsed="0.000522"/>
</kw>
<kw name="Log" owner="BuiltIn">
<msg time="2024-07-01T14:13:40.603827" level="INFO">200</msg>
<arg>${response.status_code}</arg>
<doc>Logs the given message with the given level.</doc>
<status status="PASS" start="2024-07-01T14:13:40.603474" elapsed="0.000396"/>
</kw>
<kw name="Set Variable" owner="BuiltIn">
<msg time="2024-07-01T14:13:40.604602" level="INFO">${json_data} = {'results': [{'gender': 'female', 'name': {'title': 'Ms', 'first': 'Lesa', 'last': 'Patterson'}, 'location': {'street': {'number': 843, 'name': 'Lakeshore Rd'}, 'city': 'Tallahassee', 'state': 'Kentuc...</msg>
<var>${json_data}</var>
<arg>${response.json()}</arg>
<doc>Returns the given values which can then be assigned to a variables.</doc>
<status status="PASS" start="2024-07-01T14:13:40.604173" elapsed="0.000456"/>
</kw>
<kw name="Dictionary Should Contain Key" owner="Collections">
<arg>${json_data}</arg>
<arg>results</arg>
<doc>Fails if ``key`` is not found from ``dictionary``.</doc>
<status status="PASS" start="2024-07-01T14:13:40.604924" elapsed="0.000162"/>
</kw>
<status status="PASS" start="2024-07-01T14:13:40.321533" elapsed="0.283705"/>
</kw>
<doc>Testa se a API responde corretamente e retorna um objeto JSON válido.</doc>
<tag>testeRequisicaoBasica</tag>
<status status="PASS" start="2024-07-01T14:13:40.321028" elapsed="0.284387"/>
</test>
<test id="s1-s1-t3" name="Validar estrutura de resposta" line="22">
<kw name="Teste de Estrutura de Resposta" owner="random-user-service">
<kw name="GET On Session" owner="RequestsLibrary">
<msg time="2024-07-01T14:13:40.678426" level="INFO">GET Request : url=https://randomuser.me/api 
 path_url=/api 
 headers={'User-Agent': 'python-requests/2.32.3', 'Accept-Encoding': 'gzip, deflate', 'Accept': '*/*', 'Connection': 'keep-alive'} 
 body=None 
 </msg>
<msg time="2024-07-01T14:13:40.678511" level="INFO">GET Response : url=https://randomuser.me/api 
 status=200, reason=OK 
 headers={'Date': 'Mon, 01 Jul 2024 14:13:40 GMT', 'Content-Type': 'application/json; charset=utf-8', 'Transfer-Encoding': 'chunked', 'Connection': 'keep-alive', 'X-Powered-By': 'Express', 'Access-Control-Allow-Origin': '*', 'Cache-Control': 'no-cache', 'ETag': 'W/"492-cHTz2NJTRWkne44aWiijfKIBrM0"', 'Vary': 'Accept-Encoding', 'Content-Encoding': 'gzip', 'CF-Cache-Status': 'DYNAMIC', 'Report-To': '{"endpoints":[{"url":"https:\\/\\/a.nel.cloudflare.com\\/report\\/v4?s=qL1j%2BSncYEeJ%2BzY4hTJx1EZPiz2sb0CX9iVw7GqyTa68HNA5apIE%2FkWNfPJtQxadgC%2FYh5Fk8wQnvh4GffwUHY%2FGoYMQ5OkkUVZpOGN6J6Ypi66kFuH%2FbvMqhalNRk5s"}],"group":"cf-nel","max_age":604800}', 'NEL': '{"success_fraction":0,"report_to":"cf-nel","max_age":604800}', 'Server': 'cloudflare', 'CF-RAY': '89c6ff80c9f62051-IAD', 'alt-svc': 'h3=":443"; ma=86400'} 
 body={"results":[{"gender":"female","name":{"title":"Miss","first":"Laura","last":"Førland"},"location":{"street":{"number":9788,"name":"Øvre Myrhaugen"},"city":"Røldal","state":"Description","country":"Norway","postcode":"1659","coordinates":{"latitude":"43.5762","longitude":"78.1645"},"timezone":{"offset":"+8:00","description":"Beijing, Perth, Singapore, Hong Kong"}},"email":"laura.forland@example.com","login":{"uuid":"831dffa3-4353-4e8d-af4c-5f4d4e709122","username":"smallfrog998","password":"director","salt":"nxn5IYN9","md5":"4182f2c9010247c81fb02bf937dc073e","sha1":"0e8bc5aa6f7ef9821def5e484b401621b1756fdf","sha256":"446e14c38f90449117daf44c35f27d05b258e2906412576039c309bf17f1e3f5"},"dob":{"date":"1962-02-21T04:01:10.643Z","age":62},"registered":{"date":"2019-10-02T10:39:54.274Z","age":4},"phone":"84060114","cell":"48022531","id":{"name":"FN","value":"21026200072"},"picture":{"large":"https://randomuser.me/api/portraits/women/25.jpg","medium":"https://randomuser.me/api/portraits/med/women/25.jpg","thumbnail":"https://randomuser.me/api/portraits/thumb/women/25.jpg"},"nat":"NO"}],"info":{"seed":"d60ef290fd898d85","results":1,"page":1,"version":"1.4"}} 
 </msg>
<msg time="2024-07-01T14:13:40.678633" level="INFO">/opt/hostedtoolcache/Python/3.12.4/x64/lib/python3.12/site-packages/urllib3/connectionpool.py:1099: InsecureRequestWarning: Unverified HTTPS request is being made to host 'randomuser.me'. Adding certificate verification is strongly advised. See: https://urllib3.readthedocs.io/en/latest/advanced-usage.html#tls-warnings
  warnings.warn(</msg>
<msg time="2024-07-01T14:13:40.678765" level="INFO">${response} = &lt;Response [200]&gt;</msg>
<var>${response}</var>
<arg>consultarAPI</arg>
<arg>/api</arg>
<doc>Sends a GET request on a previously created HTTP Session.</doc>
<status status="PASS" start="2024-07-01T14:13:40.608137" elapsed="0.070670"/>
</kw>
<kw name="Set Variable" owner="BuiltIn">
<msg time="2024-07-01T14:13:40.679769" level="INFO">${json_data} = {'results': [{'gender': 'female', 'name': {'title': 'Miss', 'first': 'Laura', 'last': 'Førland'}, 'location': {'street': {'number': 9788, 'name': 'Øvre Myrhaugen'}, 'city': 'Røldal', 'state': 'Descrip...</msg>
<var>${json_data}</var>
<arg>${response.json()}</arg>
<doc>Returns the given values which can then be assigned to a variables.</doc>
<status status="PASS" start="2024-07-01T14:13:40.679260" elapsed="0.000540"/>
</kw>
<kw name="Log" owner="BuiltIn">
<msg time="2024-07-01T14:13:40.680276" level="INFO">{'results': [{'gender': 'female', 'name': {'title': 'Miss', 'first': 'Laura', 'last': 'Førland'}, 'location': {'street': {'number': 9788, 'name': 'Øvre Myrhaugen'}, 'city': 'Røldal', 'state': 'Description', 'country': 'Norway', 'postcode': '1659', 'coordinates': {'latitude': '43.5762', 'longitude': '78.1645'}, 'timezone': {'offset': '+8:00', 'description': 'Beijing, Perth, Singapore, Hong Kong'}}, 'email': 'laura.forland@example.com', 'login': {'uuid': '831dffa3-4353-4e8d-af4c-5f4d4e709122', 'username': 'smallfrog998', 'password': 'director', 'salt': 'nxn5IYN9', 'md5': '4182f2c9010247c81fb02bf937dc073e', 'sha1': '0e8bc5aa6f7ef9821def5e484b401621b1756fdf', 'sha256': '446e14c38f90449117daf44c35f27d05b258e2906412576039c309bf17f1e3f5'}, 'dob': {'date': '1962-02-21T04:01:10.643Z', 'age': 62}, 'registered': {'date': '2019-10-02T10:39:54.274Z', 'age': 4}, 'phone': '84060114', 'cell': '48022531', 'id': {'name': 'FN', 'value': '21026200072'}, 'picture': {'large': 'https://randomuser.me/api/portraits/women/25.jpg', 'medium': 'https://randomuser.me/api/portraits/med/women/25.jpg', 'thumbnail': 'https://randomuser.me/api/portraits/thumb/women/25.jpg'}, 'nat': 'NO'}], 'info': {'seed': 'd60ef290fd898d85', 'results': 1, 'page': 1, 'version': '1.4'}}</msg>
<arg>${json_data}</arg>
<doc>Logs the given message with the given level.</doc>
<status status="PASS" start="2024-07-01T14:13:40.680114" elapsed="0.000212"/>
</kw>
<kw name="Dictionary Should Contain Key" owner="Collections">
<arg>${json_data}</arg>
<arg>results</arg>
<doc>Fails if ``key`` is not found from ``dictionary``.</doc>
<status status="PASS" start="2024-07-01T14:13:40.680617" elapsed="0.000165"/>
</kw>
<kw name="Should Not Be Empty" owner="BuiltIn">
<msg time="2024-07-01T14:13:40.681097" level="INFO">Length is 2.</msg>
<arg>${json_data}</arg>
<doc>Verifies that the given item is not empty.</doc>
<status status="PASS" start="2024-07-01T14:13:40.680964" elapsed="0.000173"/>
</kw>
<kw name="Create List" owner="BuiltIn">
<msg time="2024-07-01T14:13:40.681733" level="INFO">${expected_keys} = ['gender', 'name', 'location', 'email', 'login']</msg>
<var>${expected_keys}</var>
<arg>gender</arg>
<arg>name</arg>
<arg>location</arg>
<arg>email</arg>
<arg>login</arg>
<doc>Returns a list containing given items.</doc>
<status status="PASS" start="2024-07-01T14:13:40.681432" elapsed="0.000326"/>
</kw>
<for flavor="IN">
<iter>
<kw name="Dictionary Should Contain Key" owner="Collections">
<arg>${json_data['results'][0]}</arg>
<arg>${key}</arg>
<doc>Fails if ``key`` is not found from ``dictionary``.</doc>
<status status="PASS" start="2024-07-01T14:13:40.682386" elapsed="0.000406"/>
</kw>
<kw name="Log" owner="BuiltIn">
<msg time="2024-07-01T14:13:40.683334" level="INFO">{'gender': 'female', 'name': {'title': 'Miss', 'first': 'Laura', 'last': 'Førland'}, 'location': {'street': {'number': 9788, 'name': 'Øvre Myrhaugen'}, 'city': 'Røldal', 'state': 'Description', 'country': 'Norway', 'postcode': '1659', 'coordinates': {'latitude': '43.5762', 'longitude': '78.1645'}, 'timezone': {'offset': '+8:00', 'description': 'Beijing, Perth, Singapore, Hong Kong'}}, 'email': 'laura.forland@example.com', 'login': {'uuid': '831dffa3-4353-4e8d-af4c-5f4d4e709122', 'username': 'smallfrog998', 'password': 'director', 'salt': 'nxn5IYN9', 'md5': '4182f2c9010247c81fb02bf937dc073e', 'sha1': '0e8bc5aa6f7ef9821def5e484b401621b1756fdf', 'sha256': '446e14c38f90449117daf44c35f27d05b258e2906412576039c309bf17f1e3f5'}, 'dob': {'date': '1962-02-21T04:01:10.643Z', 'age': 62}, 'registered': {'date': '2019-10-02T10:39:54.274Z', 'age': 4}, 'phone': '84060114', 'cell': '48022531', 'id': {'name': 'FN', 'value': '21026200072'}, 'picture': {'large': 'https://randomuser.me/api/portraits/women/25.jpg', 'medium': 'https://randomuser.me/api/portraits/med/women/25.jpg', 'thumbnail': 'https://randomuser.me/api/portraits/thumb/women/25.jpg'}, 'nat': 'NO'}</msg>
<arg>${json_data['results'][0]}</arg>
<doc>Logs the given message with the given level.</doc>
<status status="PASS" start="2024-07-01T14:13:40.682979" elapsed="0.000415"/>
</kw>
<kw name="Log" owner="BuiltIn">
<msg time="2024-07-01T14:13:40.683824" level="INFO">gender</msg>
<arg>${key}</arg>
<doc>Logs the given message with the given level.</doc>
<status status="PASS" start="2024-07-01T14:13:40.683696" elapsed="0.000167"/>
</kw>
<var name="${key}">gender</var>
<status status="PASS" start="2024-07-01T14:13:40.682223" elapsed="0.001857"/>
</iter>
<iter>
<kw name="Dictionary Should Contain Key" owner="Collections">
<arg>${json_data['results'][0]}</arg>
<arg>${key}</arg>
<doc>Fails if ``key`` is not found from ``dictionary``.</doc>
<status status="PASS" start="2024-07-01T14:13:40.684374" elapsed="0.000386"/>
</kw>
<kw name="Log" owner="BuiltIn">
<msg time="2024-07-01T14:13:40.685286" level="INFO">{'gender': 'female', 'name': {'title': 'Miss', 'first': 'Laura', 'last': 'Førland'}, 'location': {'street': {'number': 9788, 'name': 'Øvre Myrhaugen'}, 'city': 'Røldal', 'state': 'Description', 'country': 'Norway', 'postcode': '1659', 'coordinates': {'latitude': '43.5762', 'longitude': '78.1645'}, 'timezone': {'offset': '+8:00', 'description': 'Beijing, Perth, Singapore, Hong Kong'}}, 'email': 'laura.forland@example.com', 'login': {'uuid': '831dffa3-4353-4e8d-af4c-5f4d4e709122', 'username': 'smallfrog998', 'password': 'director', 'salt': 'nxn5IYN9', 'md5': '4182f2c9010247c81fb02bf937dc073e', 'sha1': '0e8bc5aa6f7ef9821def5e484b401621b1756fdf', 'sha256': '446e14c38f90449117daf44c35f27d05b258e2906412576039c309bf17f1e3f5'}, 'dob': {'date': '1962-02-21T04:01:10.643Z', 'age': 62}, 'registered': {'date': '2019-10-02T10:39:54.274Z', 'age': 4}, 'phone': '84060114', 'cell': '48022531', 'id': {'name': 'FN', 'value': '21026200072'}, 'picture': {'large': 'https://randomuser.me/api/portraits/women/25.jpg', 'medium': 'https://randomuser.me/api/portraits/med/women/25.jpg', 'thumbnail': 'https://randomuser.me/api/portraits/thumb/women/25.jpg'}, 'nat': 'NO'}</msg>
<arg>${json_data['results'][0]}</arg>
<doc>Logs the given message with the given level.</doc>
<status status="PASS" start="2024-07-01T14:13:40.684941" elapsed="0.000426"/>
</kw>
<kw name="Log" owner="BuiltIn">
<msg time="2024-07-01T14:13:40.685789" level="INFO">name</msg>
<arg>${key}</arg>
<doc>Logs the given message with the given level.</doc>
<status status="PASS" start="2024-07-01T14:13:40.685664" elapsed="0.000162"/>
</kw>
<var name="${key}">name</var>
<status status="PASS" start="2024-07-01T14:13:40.684264" elapsed="0.001775"/>
</iter>
<iter>
<kw name="Dictionary Should Contain Key" owner="Collections">
<arg>${json_data['results'][0]}</arg>
<arg>${key}</arg>
<doc>Fails if ``key`` is not found from ``dictionary``.</doc>
<status status="PASS" start="2024-07-01T14:13:40.686364" elapsed="0.000384"/>
</kw>
<kw name="Log" owner="BuiltIn">
<msg time="2024-07-01T14:13:40.687278" level="INFO">{'gender': 'female', 'name': {'title': 'Miss', 'first': 'Laura', 'last': 'Førland'}, 'location': {'street': {'number': 9788, 'name': 'Øvre Myrhaugen'}, 'city': 'Røldal', 'state': 'Description', 'country': 'Norway', 'postcode': '1659', 'coordinates': {'latitude': '43.5762', 'longitude': '78.1645'}, 'timezone': {'offset': '+8:00', 'description': 'Beijing, Perth, Singapore, Hong Kong'}}, 'email': 'laura.forland@example.com', 'login': {'uuid': '831dffa3-4353-4e8d-af4c-5f4d4e709122', 'username': 'smallfrog998', 'password': 'director', 'salt': 'nxn5IYN9', 'md5': '4182f2c9010247c81fb02bf937dc073e', 'sha1': '0e8bc5aa6f7ef9821def5e484b401621b1756fdf', 'sha256': '446e14c38f90449117daf44c35f27d05b258e2906412576039c309bf17f1e3f5'}, 'dob': {'date': '1962-02-21T04:01:10.643Z', 'age': 62}, 'registered': {'date': '2019-10-02T10:39:54.274Z', 'age': 4}, 'phone': '84060114', 'cell': '48022531', 'id': {'name': 'FN', 'value': '21026200072'}, 'picture': {'large': 'https://randomuser.me/api/portraits/women/25.jpg', 'medium': 'https://randomuser.me/api/portraits/med/women/25.jpg', 'thumbnail': 'https://randomuser.me/api/portraits/thumb/women/25.jpg'}, 'nat': 'NO'}</msg>
<arg>${json_data['results'][0]}</arg>
<doc>Logs the given message with the given level.</doc>
<status status="PASS" start="2024-07-01T14:13:40.686930" elapsed="0.000396"/>
</kw>
<kw name="Log" owner="BuiltIn">
<msg time="2024-07-01T14:13:40.687758" level="INFO">location</msg>
<arg>${key}</arg>
<doc>Logs the given message with the given level.</doc>
<status status="PASS" start="2024-07-01T14:13:40.687631" elapsed="0.000164"/>
</kw>
<var name="${key}">location</var>
<status status="PASS" start="2024-07-01T14:13:40.686213" elapsed="0.001802"/>
</iter>
<iter>
<kw name="Dictionary Should Contain Key" owner="Collections">
<arg>${json_data['results'][0]}</arg>
<arg>${key}</arg>
<doc>Fails if ``key`` is not found from ``dictionary``.</doc>
<status status="PASS" start="2024-07-01T14:13:40.688292" elapsed="0.000382"/>
</kw>
<kw name="Log" owner="BuiltIn">
<msg time="2024-07-01T14:13:40.689212" level="INFO">{'gender': 'female', 'name': {'title': 'Miss', 'first': 'Laura', 'last': 'Førland'}, 'location': {'street': {'number': 9788, 'name': 'Øvre Myrhaugen'}, 'city': 'Røldal', 'state': 'Description', 'country': 'Norway', 'postcode': '1659', 'coordinates': {'latitude': '43.5762', 'longitude': '78.1645'}, 'timezone': {'offset': '+8:00', 'description': 'Beijing, Perth, Singapore, Hong Kong'}}, 'email': 'laura.forland@example.com', 'login': {'uuid': '831dffa3-4353-4e8d-af4c-5f4d4e709122', 'username': 'smallfrog998', 'password': 'director', 'salt': 'nxn5IYN9', 'md5': '4182f2c9010247c81fb02bf937dc073e', 'sha1': '0e8bc5aa6f7ef9821def5e484b401621b1756fdf', 'sha256': '446e14c38f90449117daf44c35f27d05b258e2906412576039c309bf17f1e3f5'}, 'dob': {'date': '1962-02-21T04:01:10.643Z', 'age': 62}, 'registered': {'date': '2019-10-02T10:39:54.274Z', 'age': 4}, 'phone': '84060114', 'cell': '48022531', 'id': {'name': 'FN', 'value': '21026200072'}, 'picture': {'large': 'https://randomuser.me/api/portraits/women/25.jpg', 'medium': 'https://randomuser.me/api/portraits/med/women/25.jpg', 'thumbnail': 'https://randomuser.me/api/portraits/thumb/women/25.jpg'}, 'nat': 'NO'}</msg>
<arg>${json_data['results'][0]}</arg>
<doc>Logs the given message with the given level.</doc>
<status status="PASS" start="2024-07-01T14:13:40.688860" elapsed="0.000410"/>
</kw>
<kw name="Log" owner="BuiltIn">
<msg time="2024-07-01T14:13:40.689687" level="INFO">email</msg>
<arg>${key}</arg>
<doc>Logs the given message with the given level.</doc>
<status status="PASS" start="2024-07-01T14:13:40.689562" elapsed="0.000164"/>
</kw>
<var name="${key}">email</var>
<status status="PASS" start="2024-07-01T14:13:40.688186" elapsed="0.001760"/>
</iter>
<iter>
<kw name="Dictionary Should Contain Key" owner="Collections">
<arg>${json_data['results'][0]}</arg>
<arg>${key}</arg>
<doc>Fails if ``key`` is not found from ``dictionary``.</doc>
<status status="PASS" start="2024-07-01T14:13:40.690253" elapsed="0.000395"/>
</kw>
<kw name="Log" owner="BuiltIn">
<msg time="2024-07-01T14:13:40.691181" level="INFO">{'gender': 'female', 'name': {'title': 'Miss', 'first': 'Laura', 'last': 'Førland'}, 'location': {'street': {'number': 9788, 'name': 'Øvre Myrhaugen'}, 'city': 'Røldal', 'state': 'Description', 'country': 'Norway', 'postcode': '1659', 'coordinates': {'latitude': '43.5762', 'longitude': '78.1645'}, 'timezone': {'offset': '+8:00', 'description': 'Beijing, Perth, Singapore, Hong Kong'}}, 'email': 'laura.forland@example.com', 'login': {'uuid': '831dffa3-4353-4e8d-af4c-5f4d4e709122', 'username': 'smallfrog998', 'password': 'director', 'salt': 'nxn5IYN9', 'md5': '4182f2c9010247c81fb02bf937dc073e', 'sha1': '0e8bc5aa6f7ef9821def5e484b401621b1756fdf', 'sha256': '446e14c38f90449117daf44c35f27d05b258e2906412576039c309bf17f1e3f5'}, 'dob': {'date': '1962-02-21T04:01:10.643Z', 'age': 62}, 'registered': {'date': '2019-10-02T10:39:54.274Z', 'age': 4}, 'phone': '84060114', 'cell': '48022531', 'id': {'name': 'FN', 'value': '21026200072'}, 'picture': {'large': 'https://randomuser.me/api/portraits/women/25.jpg', 'medium': 'https://randomuser.me/api/portraits/med/women/25.jpg', 'thumbnail': 'https://randomuser.me/api/portraits/thumb/women/25.jpg'}, 'nat': 'NO'}</msg>
<arg>${json_data['results'][0]}</arg>
<doc>Logs the given message with the given level.</doc>
<status status="PASS" start="2024-07-01T14:13:40.690831" elapsed="0.000399"/>
</kw>
<kw name="Log" owner="BuiltIn">
<msg time="2024-07-01T14:13:40.691657" level="INFO">login</msg>
<arg>${key}</arg>
<doc>Logs the given message with the given level.</doc>
<status status="PASS" start="2024-07-01T14:13:40.691533" elapsed="0.000163"/>
</kw>
<var name="${key}">login</var>
<status status="PASS" start="2024-07-01T14:13:40.690116" elapsed="0.001794"/>
</iter>
<var>${key}</var>
<value>@{expected_keys}</value>
<status status="PASS" start="2024-07-01T14:13:40.682032" elapsed="0.010011"/>
</for>
<kw name="Create List" owner="BuiltIn">
<msg time="2024-07-01T14:13:40.692368" level="INFO">${expected_keysTwo} = ['username', 'password']</msg>
<var>${expected_keysTwo}</var>
<arg>username</arg>
<arg>password</arg>
<doc>Returns a list containing given items.</doc>
<status status="PASS" start="2024-07-01T14:13:40.692229" elapsed="0.000191"/>
</kw>
<for flavor="IN">
<iter>
<kw name="Dictionary Should Contain Key" owner="Collections">
<arg>${json_data['results'][0]['login']}</arg>
<arg>${keyTwo}</arg>
<doc>Fails if ``key`` is not found from ``dictionary``.</doc>
<status status="PASS" start="2024-07-01T14:13:40.692925" elapsed="0.000385"/>
</kw>
<kw name="Dictionary Should Contain Key" owner="Collections">
<arg>${json_data['results'][0]['login']}</arg>
<arg>${keyTwo}</arg>
<doc>Fails if ``key`` is not found from ``dictionary``.</doc>
<status status="PASS" start="2024-07-01T14:13:40.693489" elapsed="0.000370"/>
</kw>
<kw name="Log" owner="BuiltIn">
<msg time="2024-07-01T14:13:40.694153" level="INFO">username</msg>
<arg>${keyTwo}</arg>
<doc>Logs the given message with the given level.</doc>
<status status="PASS" start="2024-07-01T14:13:40.694035" elapsed="0.000156"/>
</kw>
<var name="${keyTwo}">username</var>
<status status="PASS" start="2024-07-01T14:13:40.692818" elapsed="0.001657"/>
</iter>
<iter>
<kw name="Dictionary Should Contain Key" owner="Collections">
<arg>${json_data['results'][0]['login']}</arg>
<arg>${keyTwo}</arg>
<doc>Fails if ``key`` is not found from ``dictionary``.</doc>
<status status="PASS" start="2024-07-01T14:13:40.694752" elapsed="0.000382"/>
</kw>
<kw name="Dictionary Should Contain Key" owner="Collections">
<arg>${json_data['results'][0]['login']}</arg>
<arg>${keyTwo}</arg>
<doc>Fails if ``key`` is not found from ``dictionary``.</doc>
<status status="PASS" start="2024-07-01T14:13:40.695311" elapsed="0.000363"/>
</kw>
<kw name="Log" owner="BuiltIn">
<msg time="2024-07-01T14:13:40.695965" level="INFO">password</msg>
<arg>${keyTwo}</arg>
<doc>Logs the given message with the given level.</doc>
<status status="PASS" start="2024-07-01T14:13:40.695847" elapsed="0.000159"/>
</kw>
<var name="${keyTwo}">password</var>
<status status="PASS" start="2024-07-01T14:13:40.694647" elapsed="0.001670"/>
</iter>
<var>${keyTwo}</var>
<value>@{expected_keysTwo}</value>
<status status="PASS" start="2024-07-01T14:13:40.692665" elapsed="0.003773"/>
</for>
<status status="PASS" start="2024-07-01T14:13:40.607902" elapsed="0.088674"/>
</kw>
<doc>Testa a estrutura da resposta da API.</doc>
<tag>testeEstruturaResposta</tag>
<status status="PASS" start="2024-07-01T14:13:40.607313" elapsed="0.089412"/>
</test>
<test id="s1-s1-t4" name="Validar tipos de dados" line="28">
<kw name="Teste de Tipos de Dados" owner="random-user-service">
<kw name="GET On Session" owner="RequestsLibrary">
<msg time="2024-07-01T14:13:40.782328" level="INFO">GET Request : url=https://randomuser.me/api 
 path_url=/api 
 headers={'User-Agent': 'python-requests/2.32.3', 'Accept-Encoding': 'gzip, deflate', 'Accept': '*/*', 'Connection': 'keep-alive'} 
 body=None 
 </msg>
<msg time="2024-07-01T14:13:40.782431" level="INFO">GET Response : url=https://randomuser.me/api 
 status=200, reason=OK 
 headers={'Date': 'Mon, 01 Jul 2024 14:13:40 GMT', 'Content-Type': 'application/json; charset=utf-8', 'Transfer-Encoding': 'chunked', 'Connection': 'keep-alive', 'X-Powered-By': 'Express', 'Access-Control-Allow-Origin': '*', 'Cache-Control': 'no-cache', 'ETag': 'W/"46d-qdcK8UHPFckY2DPO7b+f858FDpA"', 'Vary': 'Accept-Encoding', 'Content-Encoding': 'gzip', 'CF-Cache-Status': 'DYNAMIC', 'Report-To': '{"endpoints":[{"url":"https:\\/\\/a.nel.cloudflare.com\\/report\\/v4?s=zt%2FkRAeO0f1a%2BykZ%2BARIK7X9RO%2B6M6YZU1AAqP%2FCoZfaLBXYtCAWCw9GLjYpi0%2BtgNuX7x6g%2BuSwqwpmFgeNSJMGMg2t%2FLEMoJfopZzR8Ejl6bVpu5fW6y2swP7DcvE2"}],"group":"cf-nel","max_age":604800}', 'NEL': '{"success_fraction":0,"report_to":"cf-nel","max_age":604800}', 'Server': 'cloudflare', 'CF-RAY': '89c6ff815a9f2051-IAD', 'alt-svc': 'h3=":443"; ma=86400'} 
 body={"results":[{"gender":"male","name":{"title":"Mr","first":"Virgil","last":"Obrien"},"location":{"street":{"number":3652,"name":"Galway Road"},"city":"Tipperary","state":"Louth","country":"Ireland","postcode":16553,"coordinates":{"latitude":"3.0192","longitude":"-71.9778"},"timezone":{"offset":"+5:45","description":"Kathmandu"}},"email":"virgil.obrien@example.com","login":{"uuid":"fab52e91-6fa5-462d-b2da-268f45049d5d","username":"ticklishostrich240","password":"beat","salt":"A0Pxzk1n","md5":"91d68f047ae28648491cb945f330def2","sha1":"8c44c47a9d59353057feeaf6b97ec73adc28761b","sha256":"6d10c21c3ccd1babd6e84ae28ca9ffe0dd0ec9314115eee6316b1ea3066f3046"},"dob":{"date":"1967-04-14T06:10:48.301Z","age":57},"registered":{"date":"2012-06-28T23:51:37.135Z","age":12},"phone":"031-302-5838","cell":"081-969-1592","id":{"name":"PPS","value":"2285542T"},"picture":{"large":"https://randomuser.me/api/portraits/men/99.jpg","medium":"https://randomuser.me/api/portraits/med/men/99.jpg","thumbnail":"https://randomuser.me/api/portraits/thumb/men/99.jpg"},"nat":"IE"}],"info":{"seed":"ec6fc2250f844fa4","results":1,"page":1,"version":"1.4"}} 
 </msg>
<msg time="2024-07-01T14:13:40.782513" level="INFO">/opt/hostedtoolcache/Python/3.12.4/x64/lib/python3.12/site-packages/urllib3/connectionpool.py:1099: InsecureRequestWarning: Unverified HTTPS request is being made to host 'randomuser.me'. Adding certificate verification is strongly advised. See: https://urllib3.readthedocs.io/en/latest/advanced-usage.html#tls-warnings
  warnings.warn(</msg>
<msg time="2024-07-01T14:13:40.782654" level="INFO">${response} = &lt;Response [200]&gt;</msg>
<var>${response}</var>
<arg>consultarAPI</arg>
<arg>/api</arg>
<doc>Sends a GET request on a previously created HTTP Session.</doc>
<status status="PASS" start="2024-07-01T14:13:40.699223" elapsed="0.083470"/>
</kw>
<kw name="Set Variable" owner="BuiltIn">
<msg time="2024-07-01T14:13:40.783833" level="INFO">${json_data} = {'results': [{'gender': 'male', 'name': {'title': 'Mr', 'first': 'Virgil', 'last': 'Obrien'}, 'location': {'street': {'number': 3652, 'name': 'Galway Road'}, 'city': 'Tipperary', 'state': 'Louth', 'co...</msg>
<var>${json_data}</var>
<arg>${response.json()}</arg>
<doc>Returns the given values which can then be assigned to a variables.</doc>
<status status="PASS" start="2024-07-01T14:13:40.783286" elapsed="0.000583"/>
</kw>
<kw name="Log" owner="BuiltIn">
<msg time="2024-07-01T14:13:40.784336" level="INFO">{'results': [{'gender': 'male', 'name': {'title': 'Mr', 'first': 'Virgil', 'last': 'Obrien'}, 'location': {'street': {'number': 3652, 'name': 'Galway Road'}, 'city': 'Tipperary', 'state': 'Louth', 'country': 'Ireland', 'postcode': 16553, 'coordinates': {'latitude': '3.0192', 'longitude': '-71.9778'}, 'timezone': {'offset': '+5:45', 'description': 'Kathmandu'}}, 'email': 'virgil.obrien@example.com', 'login': {'uuid': 'fab52e91-6fa5-462d-b2da-268f45049d5d', 'username': 'ticklishostrich240', 'password': 'beat', 'salt': 'A0Pxzk1n', 'md5': '91d68f047ae28648491cb945f330def2', 'sha1': '8c44c47a9d59353057feeaf6b97ec73adc28761b', 'sha256': '6d10c21c3ccd1babd6e84ae28ca9ffe0dd0ec9314115eee6316b1ea3066f3046'}, 'dob': {'date': '1967-04-14T06:10:48.301Z', 'age': 57}, 'registered': {'date': '2012-06-28T23:51:37.135Z', 'age': 12}, 'phone': '031-302-5838', 'cell': '081-969-1592', 'id': {'name': 'PPS', 'value': '2285542T'}, 'picture': {'large': 'https://randomuser.me/api/portraits/men/99.jpg', 'medium': 'https://randomuser.me/api/portraits/med/men/99.jpg', 'thumbnail': 'https://randomuser.me/api/portraits/thumb/men/99.jpg'}, 'nat': 'IE'}], 'info': {'seed': 'ec6fc2250f844fa4', 'results': 1, 'page': 1, 'version': '1.4'}}</msg>
<arg>${json_data}</arg>
<doc>Logs the given message with the given level.</doc>
<status status="PASS" start="2024-07-01T14:13:40.784180" elapsed="0.000203"/>
</kw>
<kw name="Should Be String" owner="String">
<arg>${json_data['results'][0]['gender']}</arg>
<doc>Fails if the given ``item`` is not a string.</doc>
<status status="PASS" start="2024-07-01T14:13:40.784671" elapsed="0.000353"/>
</kw>
<kw name="Should Match Regexp" owner="BuiltIn">
<arg>${json_data['results'][0]['email']}</arg>
<arg>^[a-zA-Z0-9._%+-]+@[a-zA-Z0-9.-]+\.[a-zA-Z]{2,}$</arg>
<doc>Fails if ``string`` does not match ``pattern`` as a regular expression.</doc>
<status status="PASS" start="2024-07-01T14:13:40.785205" elapsed="0.000507"/>
</kw>
<kw name="Should Match Regexp" owner="BuiltIn">
<arg>${json_data['results'][0]['dob']['date']}</arg>
<arg>\\d{4}-\\d{2}-\\d{2}T\\d{2}:\\d{2}:\\d{2}\\.\\d{3}Z</arg>
<doc>Fails if ``string`` does not match ``pattern`` as a regular expression.</doc>
<status status="PASS" start="2024-07-01T14:13:40.785938" elapsed="0.000502"/>
</kw>
<kw name="Should Match Regexp" owner="BuiltIn">
<arg>${json_data['results'][0]['registered']['date']}</arg>
<arg>\\d{4}-\\d{2}-\\d{2}T\\d{2}:\\d{2}:\\d{2}\\.\\d{3}Z</arg>
<doc>Fails if ``string`` does not match ``pattern`` as a regular expression.</doc>
<status status="PASS" start="2024-07-01T14:13:40.786627" elapsed="0.000376"/>
</kw>
<kw name="Should Match Regexp" owner="BuiltIn">
<arg>${json_data['results'][0]['picture']['large']}</arg>
<arg>^https?://.*\.(?:png|jpe?g|gif|bmp)$</arg>
<doc>Fails if ``string`` does not match ``pattern`` as a regular expression.</doc>
<status status="PASS" start="2024-07-01T14:13:40.787183" elapsed="0.000445"/>
</kw>
<kw name="Should Match Regexp" owner="BuiltIn">
<arg>${json_data['results'][0]['picture']['medium']}</arg>
<arg>^https?://.*\.(?:png|jpe?g|gif|bmp)$</arg>
<doc>Fails if ``string`` does not match ``pattern`` as a regular expression.</doc>
<status status="PASS" start="2024-07-01T14:13:40.787808" elapsed="0.000346"/>
</kw>
<kw name="Should Match Regexp" owner="BuiltIn">
<arg>${json_data['results'][0]['picture']['thumbnail']}</arg>
<arg>^https?://.*\.(?:png|jpe?g|gif|bmp)$</arg>
<doc>Fails if ``string`` does not match ``pattern`` as a regular expression.</doc>
<status status="PASS" start="2024-07-01T14:13:40.788340" elapsed="0.000339"/>
</kw>
<kw name="Log" owner="BuiltIn">
<msg time="2024-07-01T14:13:40.789180" level="INFO">{'large': 'https://randomuser.me/api/portraits/men/99.jpg', 'medium': 'https://randomuser.me/api/portraits/med/men/99.jpg', 'thumbnail': 'https://randomuser.me/api/portraits/thumb/men/99.jpg'}</msg>
<arg>${json_data['results'][0]['picture']}</arg>
<doc>Logs the given message with the given level.</doc>
<status status="PASS" start="2024-07-01T14:13:40.788858" elapsed="0.000364"/>
</kw>
<status status="PASS" start="2024-07-01T14:13:40.698997" elapsed="0.090479"/>
</kw>
<kw name="Teste de Tipos de Dados - Postcode" owner="random-user-service">
<kw name="GET On Session" owner="RequestsLibrary">
<msg time="2024-07-01T14:13:40.879154" level="INFO">GET Request : url=https://randomuser.me/api 
 path_url=/api 
 headers={'User-Agent': 'python-requests/2.32.3', 'Accept-Encoding': 'gzip, deflate', 'Accept': '*/*', 'Connection': 'keep-alive'} 
 body=None 
 </msg>
<msg time="2024-07-01T14:13:40.879246" level="INFO">GET Response : url=https://randomuser.me/api 
 status=200, reason=OK 
 headers={'Date': 'Mon, 01 Jul 2024 14:13:40 GMT', 'Content-Type': 'application/json; charset=utf-8', 'Transfer-Encoding': 'chunked', 'Connection': 'keep-alive', 'X-Powered-By': 'Express', 'Access-Control-Allow-Origin': '*', 'Cache-Control': 'no-cache', 'ETag': 'W/"4b8-KNbIrKi34uU1iM7JeO7D1dGZDsk"', 'Vary': 'Accept-Encoding', 'Content-Encoding': 'gzip', 'CF-Cache-Status': 'DYNAMIC', 'Report-To': '{"endpoints":[{"url":"https:\\/\\/a.nel.cloudflare.com\\/report\\/v4?s=ch6PXvXlM%2B0bqBb1b%2ByM3buYo6%2FYSUATBIWxaAL5mqKbqrf%2FiiscWdkhAg6ZLTOuunfgqdwNpCQC9T992XQaU0zAJ2w3qwDiI6WnWyGmcElrxJnzHsHUmB4B6FAyumsr"}],"group":"cf-nel","max_age":604800}', 'NEL': '{"success_fraction":0,"report_to":"cf-nel","max_age":604800}', 'Server': 'cloudflare', 'CF-RAY': '89c6ff81fb4d2051-IAD', 'alt-svc': 'h3=":443"; ma=86400'} 
 body={"results":[{"gender":"female","name":{"title":"Madame","first":"Delphine","last":"Arnaud"},"location":{"street":{"number":6881,"name":"Avenue Paul Eluard"},"city":"Gottlieben","state":"Ticino","country":"Switzerland","postcode":6477,"coordinates":{"latitude":"-60.6902","longitude":"31.7252"},"timezone":{"offset":"0:00","description":"Western Europe Time, London, Lisbon, Casablanca"}},"email":"delphine.arnaud@example.com","login":{"uuid":"3017b15c-2498-4ba7-92df-966ac99b7b59","username":"yellowmeercat484","password":"snuffy","salt":"sLFTMB1j","md5":"556d9319ba596e2e394afb48040d5ed3","sha1":"57b5e4131088d3bda97956ec19171f39bdebcc8e","sha256":"3a6aa8596aa68601717d450f17a7e0b4f726ba2dbc9cc2b815782e3529d51bd2"},"dob":{"date":"1967-07-29T23:00:26.639Z","age":56},"registered":{"date":"2015-11-25T19:28:03.215Z","age":8},"phone":"078 463 56 23","cell":"076 431 00 97","id":{"name":"AVS","value":"756.1535.6502.77"},"picture":{"large":"https://randomuser.me/api/portraits/women/75.jpg","medium":"https://randomuser.me/api/portraits/med/women/75.jpg","thumbnail":"https://randomuser.me/api/portraits/thumb/women/75.jpg"},"nat":"CH"}],"info":{"seed":"4e83a7f63d4fd121","results":1,"page":1,"version":"1.4"}} 
 </msg>
<msg time="2024-07-01T14:13:40.879314" level="INFO">/opt/hostedtoolcache/Python/3.12.4/x64/lib/python3.12/site-packages/urllib3/connectionpool.py:1099: InsecureRequestWarning: Unverified HTTPS request is being made to host 'randomuser.me'. Adding certificate verification is strongly advised. See: https://urllib3.readthedocs.io/en/latest/advanced-usage.html#tls-warnings
  warnings.warn(</msg>
<msg time="2024-07-01T14:13:40.879438" level="INFO">${response} = &lt;Response [200]&gt;</msg>
<var>${response}</var>
<arg>consultarAPI</arg>
<arg>/api</arg>
<doc>Sends a GET request on a previously created HTTP Session.</doc>
<status status="PASS" start="2024-07-01T14:13:40.789929" elapsed="0.089548"/>
</kw>
<kw name="Set Variable" owner="BuiltIn">
<msg time="2024-07-01T14:13:40.880613" level="INFO">${json_data} = {'results': [{'gender': 'female', 'name': {'title': 'Madame', 'first': 'Delphine', 'last': 'Arnaud'}, 'location': {'street': {'number': 6881, 'name': 'Avenue Paul Eluard'}, 'city': 'Gottlieben', 'stat...</msg>
<var>${json_data}</var>
<arg>${response.json()}</arg>
<doc>Returns the given values which can then be assigned to a variables.</doc>
<status status="PASS" start="2024-07-01T14:13:40.880043" elapsed="0.000598"/>
</kw>
<kw name="Log" owner="BuiltIn">
<msg time="2024-07-01T14:13:40.881097" level="INFO">{'results': [{'gender': 'female', 'name': {'title': 'Madame', 'first': 'Delphine', 'last': 'Arnaud'}, 'location': {'street': {'number': 6881, 'name': 'Avenue Paul Eluard'}, 'city': 'Gottlieben', 'state': 'Ticino', 'country': 'Switzerland', 'postcode': 6477, 'coordinates': {'latitude': '-60.6902', 'longitude': '31.7252'}, 'timezone': {'offset': '0:00', 'description': 'Western Europe Time, London, Lisbon, Casablanca'}}, 'email': 'delphine.arnaud@example.com', 'login': {'uuid': '3017b15c-2498-4ba7-92df-966ac99b7b59', 'username': 'yellowmeercat484', 'password': 'snuffy', 'salt': 'sLFTMB1j', 'md5': '556d9319ba596e2e394afb48040d5ed3', 'sha1': '57b5e4131088d3bda97956ec19171f39bdebcc8e', 'sha256': '3a6aa8596aa68601717d450f17a7e0b4f726ba2dbc9cc2b815782e3529d51bd2'}, 'dob': {'date': '1967-07-29T23:00:26.639Z', 'age': 56}, 'registered': {'date': '2015-11-25T19:28:03.215Z', 'age': 8}, 'phone': '078 463 56 23', 'cell': '076 431 00 97', 'id': {'name': 'AVS', 'value': '756.1535.6502.77'}, 'picture': {'large': 'https://randomuser.me/api/portraits/women/75.jpg', 'medium': 'https://randomuser.me/api/portraits/med/women/75.jpg', 'thumbnail': 'https://randomuser.me/api/portraits/thumb/women/75.jpg'}, 'nat': 'CH'}], 'info': {'seed': '4e83a7f63d4fd121', 'results': 1, 'page': 1, 'version': '1.4'}}</msg>
<arg>${json_data}</arg>
<doc>Logs the given message with the given level.</doc>
<status status="PASS" start="2024-07-01T14:13:40.880944" elapsed="0.000200"/>
</kw>
<kw name="Should Be Equal As Numbers" owner="BuiltIn">
<arg>${json_data['results'][0]['location']['postcode']}</arg>
<arg>${json_data['results'][0]['location']['postcode']}</arg>
<doc>Fails if objects are unequal after converting them to real numbers.</doc>
<status status="PASS" start="2024-07-01T14:13:40.881453" elapsed="0.000626"/>
</kw>
<kw name="Log" owner="BuiltIn">
<msg time="2024-07-01T14:13:40.882801" level="INFO">6477</msg>
<arg>${json_data['results'][0]['location']['postcode']}</arg>
<doc>Logs the given message with the given level.</doc>
<status status="PASS" start="2024-07-01T14:13:40.882306" elapsed="0.000568"/>
</kw>
<status status="PASS" start="2024-07-01T14:13:40.789702" elapsed="0.093432"/>
</kw>
<doc>Testa se os tipos de dados na resposta da API estão corretos.</doc>
<tag>testeTiposDados</tag>
<status status="PASS" start="2024-07-01T14:13:40.698548" elapsed="0.184746"/>
</test>
<test id="s1-s1-t5" name="Validar conteudo" line="35">
<kw name="Teste de Tipos de Conteudo" owner="random-user-service">
<kw name="GET On Session" owner="RequestsLibrary">
<msg time="2024-07-01T14:13:40.975693" level="INFO">GET Request : url=https://randomuser.me/api 
 path_url=/api 
 headers={'User-Agent': 'python-requests/2.32.3', 'Accept-Encoding': 'gzip, deflate', 'Accept': '*/*', 'Connection': 'keep-alive'} 
 body=None 
 </msg>
<msg time="2024-07-01T14:13:40.975797" level="INFO">GET Response : url=https://randomuser.me/api 
 status=200, reason=OK 
 headers={'Date': 'Mon, 01 Jul 2024 14:13:40 GMT', 'Content-Type': 'application/json; charset=utf-8', 'Transfer-Encoding': 'chunked', 'Connection': 'keep-alive', 'X-Powered-By': 'Express', 'Access-Control-Allow-Origin': '*', 'Cache-Control': 'no-cache', 'ETag': 'W/"4a4-Y/BA0Cp74GiH2s5Us1ytGNV4XRw"', 'Vary': 'Accept-Encoding', 'Content-Encoding': 'gzip', 'CF-Cache-Status': 'DYNAMIC', 'Report-To': '{"endpoints":[{"url":"https:\\/\\/a.nel.cloudflare.com\\/report\\/v4?s=BfkzQ%2BVqAjE9w7XYmyA4DFrioRQN00u74i6Kpj2N5uv85RvuLFfUFHGPtb2%2BCQVkA0TekYNA%2Fv9ZrYLWOM66EQKAUEIAk3tT5RA598uw7HtlsvFGJdb0m2PTq2BswzHB"}],"group":"cf-nel","max_age":604800}', 'NEL': '{"success_fraction":0,"report_to":"cf-nel","max_age":604800}', 'Server': 'cloudflare', 'CF-RAY': '89c6ff828bfb2051-IAD', 'alt-svc': 'h3=":443"; ma=86400'} 
 body={"results":[{"gender":"female","name":{"title":"Mrs","first":"Inès","last":"Michel"},"location":{"street":{"number":1684,"name":"Rue Docteur-Bonhomme"},"city":"Le Havre","state":"Doubs","country":"France","postcode":82396,"coordinates":{"latitude":"-20.6799","longitude":"74.5316"},"timezone":{"offset":"+4:00","description":"Abu Dhabi, Muscat, Baku, Tbilisi"}},"email":"ines.michel@example.com","login":{"uuid":"7b892c64-c037-4ac2-afa4-34ff95b11a42","username":"goldenelephant370","password":"password1","salt":"dlCMWly7","md5":"aef1aeaff5e70b3caf6edcb46009abe5","sha1":"00a73c589a20aaae6aacc099d898e727d2bcd98f","sha256":"2812a1c14be84a124f504f9e0c860b3f9323b2e32f43e2b4eb4c294f5dfa82ec"},"dob":{"date":"2000-10-05T15:13:29.611Z","age":23},"registered":{"date":"2022-01-16T23:03:32.136Z","age":2},"phone":"02-61-06-21-22","cell":"06-12-86-40-41","id":{"name":"INSEE","value":"21000924851915 34"},"picture":{"large":"https://randomuser.me/api/portraits/women/57.jpg","medium":"https://randomuser.me/api/portraits/med/women/57.jpg","thumbnail":"https://randomuser.me/api/portraits/thumb/women/57.jpg"},"nat":"FR"}],"info":{"seed":"1d79a79433966e5c","results":1,"page":1,"version":"1.4"}} 
 </msg>
<msg time="2024-07-01T14:13:40.975885" level="INFO">/opt/hostedtoolcache/Python/3.12.4/x64/lib/python3.12/site-packages/urllib3/connectionpool.py:1099: InsecureRequestWarning: Unverified HTTPS request is being made to host 'randomuser.me'. Adding certificate verification is strongly advised. See: https://urllib3.readthedocs.io/en/latest/advanced-usage.html#tls-warnings
  warnings.warn(</msg>
<msg time="2024-07-01T14:13:40.976027" level="INFO">${response} = &lt;Response [200]&gt;</msg>
<var>${response}</var>
<arg>consultarAPI</arg>
<arg>/api</arg>
<doc>Sends a GET request on a previously created HTTP Session.</doc>
<status status="PASS" start="2024-07-01T14:13:40.886046" elapsed="0.090021"/>
</kw>
<kw name="Set Variable" owner="BuiltIn">
<msg time="2024-07-01T14:13:40.977243" level="INFO">${json_data} = {'results': [{'gender': 'female', 'name': {'title': 'Mrs', 'first': 'Inès', 'last': 'Michel'}, 'location': {'street': {'number': 1684, 'name': 'Rue Docteur-Bonhomme'}, 'city': 'Le Havre', 'state': 'Do...</msg>
<var>${json_data}</var>
<arg>${response.json()}</arg>
<doc>Returns the given values which can then be assigned to a variables.</doc>
<status status="PASS" start="2024-07-01T14:13:40.976658" elapsed="0.000613"/>
</kw>
<kw name="Set Variable" owner="BuiltIn">
<msg time="2024-07-01T14:13:40.977976" level="INFO">${name_title} = Mrs</msg>
<var>${name_title}</var>
<arg>${json_data["results"][0]["name"]["title"]}</arg>
<doc>Returns the given values which can then be assigned to a variables.</doc>
<status status="PASS" start="2024-07-01T14:13:40.977591" elapsed="0.000410"/>
</kw>
<kw name="Create List" owner="BuiltIn">
<msg time="2024-07-01T14:13:40.978472" level="INFO">${allowed_titles} = ['Mr', 'Ms', 'Miss', 'Mrs', 'Madame', 'Monsieur']</msg>
<var>${allowed_titles}</var>
<arg>Mr</arg>
<arg>Ms</arg>
<arg>Miss</arg>
<arg>Mrs</arg>
<arg>Madame</arg>
<arg>Monsieur</arg>
<doc>Returns a list containing given items.</doc>
<status status="PASS" start="2024-07-01T14:13:40.978323" elapsed="0.000173"/>
</kw>
<kw name="List Should Contain Value" owner="Collections">
<arg>${allowed_titles}</arg>
<arg>${name_title}</arg>
<doc>Fails if the ``value`` is not found from ``list``.</doc>
<status status="PASS" start="2024-07-01T14:13:40.978790" elapsed="0.000178"/>
</kw>
<kw name="Set Variable" owner="BuiltIn">
<msg time="2024-07-01T14:13:40.979555" level="INFO">${name_country} = FR</msg>
<var>${name_country}</var>
<arg>${json_data["results"][0]["nat"]}</arg>
<doc>Returns the given values which can then be assigned to a variables.</doc>
<status status="PASS" start="2024-07-01T14:13:40.979157" elapsed="0.000423"/>
</kw>
<kw name="Create List" owner="BuiltIn">
<msg time="2024-07-01T14:13:40.980461" level="INFO">${list_country} = ['AD', 'AE', 'AF', 'AG', 'AI', 'AL', 'AM', 'AO', 'AQ', 'AR', 'AS', 'AT', 'AU', 'AW', 'AX', 'AZ', 'BA', 'BB', 'BD', 'BE', 'BF', 'BG', 'BH', 'BI', 'BJ', 'BL', 'BM', 'BN', 'BO', 'BQ', 'BR', 'BS', 'BT', '...</msg>
<var>${list_country}</var>
<arg>AD</arg>
<arg>AE</arg>
<arg>AF</arg>
<arg>AG</arg>
<arg>AI</arg>
<arg>AL</arg>
<arg>AM</arg>
<arg>AO</arg>
<arg>AQ</arg>
<arg>AR</arg>
<arg>AS</arg>
<arg>AT</arg>
<arg>AU</arg>
<arg>AW</arg>
<arg>AX</arg>
<arg>AZ</arg>
<arg>BA</arg>
<arg>BB</arg>
<arg>BD</arg>
<arg>BE</arg>
<arg>BF</arg>
<arg>BG</arg>
<arg>BH</arg>
<arg>BI</arg>
<arg>BJ</arg>
<arg>BL</arg>
<arg>BM</arg>
<arg>BN</arg>
<arg>BO</arg>
<arg>BQ</arg>
<arg>BR</arg>
<arg>BS</arg>
<arg>BT</arg>
<arg>BV</arg>
<arg>BW</arg>
<arg>BY</arg>
<arg>BZ</arg>
<arg>CA</arg>
<arg>CC</arg>
<arg>CD</arg>
<arg>CF</arg>
<arg>CG</arg>
<arg>CH</arg>
<arg>CI</arg>
<arg>CK</arg>
<arg>CL</arg>
<arg>CM</arg>
<arg>CN</arg>
<arg>CO</arg>
<arg>CR</arg>
<arg>CU</arg>
<arg>CV</arg>
<arg>CW</arg>
<arg>CX</arg>
<arg>CY</arg>
<arg>CZ</arg>
<arg>DE</arg>
<arg>DJ</arg>
<arg>DK</arg>
<arg>DM</arg>
<arg>DO</arg>
<arg>DZ</arg>
<arg>EC</arg>
<arg>EE</arg>
<arg>EG</arg>
<arg>EH</arg>
<arg>ER</arg>
<arg>ES</arg>
<arg>ET</arg>
<arg>FI</arg>
<arg>FJ</arg>
<arg>FK</arg>
<arg>FM</arg>
<arg>FO</arg>
<arg>FR</arg>
<arg>GA</arg>
<arg>GB</arg>
<arg>GD</arg>
<arg>GE</arg>
<arg>GF</arg>
<arg>GG</arg>
<arg>GH</arg>
<arg>GI</arg>
<arg>GL</arg>
<arg>GM</arg>
<arg>GN</arg>
<arg>GP</arg>
<arg>GQ</arg>
<arg>GR</arg>
<arg>GS</arg>
<arg>GT</arg>
<arg>GU</arg>
<arg>GW</arg>
<arg>GY</arg>
<arg>HK</arg>
<arg>HM</arg>
<arg>HN</arg>
<arg>HR</arg>
<arg>HT</arg>
<arg>HU</arg>
<arg>ID</arg>
<arg>IE</arg>
<arg>IL</arg>
<arg>IM</arg>
<arg>IN</arg>
<arg>IO</arg>
<arg>IQ</arg>
<arg>IR</arg>
<arg>IS</arg>
<arg>IT</arg>
<arg>JE</arg>
<arg>JM</arg>
<arg>JO</arg>
<arg>JP</arg>
<arg>KE</arg>
<arg>KG</arg>
<arg>KH</arg>
<arg>KI</arg>
<arg>KM</arg>
<arg>KN</arg>
<arg>KP</arg>
<arg>KR</arg>
<arg>KW</arg>
<arg>KY</arg>
<arg>KZ</arg>
<arg>LA</arg>
<arg>LB</arg>
<arg>LC</arg>
<arg>LI</arg>
<arg>LK</arg>
<arg>LR</arg>
<arg>LS</arg>
<arg>LT</arg>
<arg>LU</arg>
<arg>LV</arg>
<arg>LY</arg>
<arg>MA</arg>
<arg>MC</arg>
<arg>MD</arg>
<arg>ME</arg>
<arg>MF</arg>
<arg>MG</arg>
<arg>MH</arg>
<arg>MK</arg>
<arg>ML</arg>
<arg>MM</arg>
<arg>MN</arg>
<arg>MO</arg>
<arg>MP</arg>
<arg>MQ</arg>
<arg>MR</arg>
<arg>MS</arg>
<arg>MT</arg>
<arg>MU</arg>
<arg>MV</arg>
<arg>MW</arg>
<arg>MX</arg>
<arg>MY</arg>
<arg>MZ</arg>
<arg>NA</arg>
<arg>NC</arg>
<arg>NE</arg>
<arg>NF</arg>
<arg>NG</arg>
<arg>NI</arg>
<arg>NL</arg>
<arg>NO</arg>
<arg>NP</arg>
<arg>NR</arg>
<arg>NU</arg>
<arg>NZ</arg>
<arg>OM</arg>
<arg>PA</arg>
<arg>PE</arg>
<arg>PF</arg>
<arg>PG</arg>
<arg>PH</arg>
<arg>PK</arg>
<arg>PL</arg>
<arg>PM</arg>
<arg>PN</arg>
<arg>PR</arg>
<arg>PS</arg>
<arg>PT</arg>
<arg>PW</arg>
<arg>PY</arg>
<arg>QA</arg>
<arg>RE</arg>
<arg>RO</arg>
<arg>RS</arg>
<arg>RU</arg>
<arg>RW</arg>
<arg>SA</arg>
<arg>SB</arg>
<arg>SC</arg>
<arg>SD</arg>
<arg>SE</arg>
<arg>SG</arg>
<arg>SH</arg>
<arg>SI</arg>
<arg>SJ</arg>
<arg>SK</arg>
<arg>SL</arg>
<arg>SM</arg>
<arg>SN</arg>
<arg>SO</arg>
<arg>SR</arg>
<arg>SS</arg>
<arg>ST</arg>
<arg>SV</arg>
<arg>SX</arg>
<arg>SY</arg>
<arg>SZ</arg>
<arg>TC</arg>
<arg>TD</arg>
<arg>TF</arg>
<arg>TG</arg>
<arg>TH</arg>
<arg>TJ</arg>
<arg>TK</arg>
<arg>TL</arg>
<arg>TM</arg>
<arg>TN</arg>
<arg>TO</arg>
<arg>TR</arg>
<arg>TT</arg>
<arg>TV</arg>
<arg>TW</arg>
<arg>TZ</arg>
<arg>UA</arg>
<arg>UG</arg>
<arg>UM</arg>
<arg>US</arg>
<arg>UY</arg>
<arg>UZ</arg>
<arg>VA</arg>
<arg>VC</arg>
<arg>VE</arg>
<arg>VG</arg>
<arg>VI</arg>
<arg>VN</arg>
<arg>VU</arg>
<arg>WF</arg>
<arg>WS</arg>
<arg>XK</arg>
<arg>YE</arg>
<arg>YT</arg>
<arg>ZA</arg>
<arg>ZM</arg>
<arg>ZW</arg>
<doc>Returns a list containing given items.</doc>
<status status="PASS" start="2024-07-01T14:13:40.979868" elapsed="0.000617"/>
</kw>
<kw name="List Should Contain Value" owner="Collections">
<arg>${list_country}</arg>
<arg>${name_country}</arg>
<doc>Fails if the ``value`` is not found from ``list``.</doc>
<status status="PASS" start="2024-07-01T14:13:40.981275" elapsed="0.000198"/>
</kw>
<kw name="Run Keyword If" owner="BuiltIn">
<kw name="Should Be True" owner="BuiltIn">
<arg>${True}</arg>
<doc>Fails if the given condition is not true.</doc>
<status status="PASS" start="2024-07-01T14:13:40.982430" elapsed="0.000141"/>
</kw>
<arg>${json_data["results"][0]["location"]["coordinates"]["latitude"]} &gt;= -90 and ${json_data["results"][0]["location"]["coordinates"]["latitude"]} &lt;= 90</arg>
<arg>Should Be True</arg>
<arg>${True}</arg>
<doc>Runs the given keyword with the given arguments, if ``condition`` is true.</doc>
<status status="PASS" start="2024-07-01T14:13:40.981666" elapsed="0.001027"/>
</kw>
<kw name="Run Keyword If" owner="BuiltIn">
<kw name="Should Be True" owner="BuiltIn">
<arg>${True}</arg>
<doc>Fails if the given condition is not true.</doc>
<status status="PASS" start="2024-07-01T14:13:40.983544" elapsed="0.000237"/>
</kw>
<arg>${json_data["results"][0]["location"]["coordinates"]["longitude"]} &gt;= -180 and ${json_data["results"][0]["location"]["coordinates"]["longitude"]} &lt;= 180</arg>
<arg>Should Be True</arg>
<arg>${True}</arg>
<doc>Runs the given keyword with the given arguments, if ``condition`` is true.</doc>
<status status="PASS" start="2024-07-01T14:13:40.982868" elapsed="0.001038"/>
</kw>
<status status="PASS" start="2024-07-01T14:13:40.885681" elapsed="0.098354"/>
</kw>
<doc>Testa o conteúdo específico dos campos retornados pela API.</doc>
<tag>testeConteudo</tag>
<status status="PASS" start="2024-07-01T14:13:40.885033" elapsed="0.099153"/>
</test>
<status status="PASS" start="2024-07-01T14:13:39.969086" elapsed="1.017065"/>
</suite>
<status status="PASS" start="2024-07-01T14:13:39.954817" elapsed="1.036409"/>
</suite>
<statistics>
<total>
<stat pass="5" fail="0" skip="0">All Tests</stat>
</total>
<tag>
<stat pass="1" fail="0" skip="0">testeConteudo</stat>
<stat pass="1" fail="0" skip="0">testeEstruturaResposta</stat>
<stat pass="1" fail="0" skip="0">testeRequisicaoBasica</stat>
<stat pass="1" fail="0" skip="0">testeTiposDados</stat>
</tag>
<suite>
<stat pass="5" fail="0" skip="0" id="s1" name="Tests">Tests</stat>
<stat pass="5" fail="0" skip="0" id="s1-s1" name="Random-User-Test">Tests.Random-User-Test</stat>
</suite>
</statistics>
<errors>
</errors>
</robot>
