<?xml version="1.0" encoding="UTF-8"?>
<robot generator="Robot 7.0 (Python 3.12.2 on linux)" generated="2024-04-15T22:12:43.520364" rpa="false" schemaversion="5">
<suite id="s1" name="Tests" source="/home/runner/work/DesafioQAItauRogerioJordao/DesafioQAItauRogerioJordao/RamdonUser/tests">
<suite id="s1-s1" name="Random-User-Test" source="/home/runner/work/DesafioQAItauRogerioJordao/DesafioQAItauRogerioJordao/RamdonUser/tests/random-user-test.robot">
<test id="s1-s1-t1" name="Conectar" line="13">
<kw name="Conectar API" owner="random-user-service">
<kw name="Create Session" owner="RequestsLibrary">
<msg time="2024-04-15T22:12:43.889307" level="INFO">Creating Session using : alias=consultarAPI, url=https://randomuser.me/, headers={},                     cookies={}, auth=None, timeout=None, proxies=None, verify=False,                     debug=0 </msg>
<arg>consultarAPI</arg>
<arg>${URL}</arg>
<doc>Create Session: create a HTTP session to a server</doc>
<status status="PASS" start="2024-04-15T22:12:43.889114" elapsed="0.000359"/>
</kw>
<status status="PASS" start="2024-04-15T22:12:43.888140" elapsed="0.001666"/>
</kw>
<status status="PASS" start="2024-04-15T22:12:43.887621" elapsed="0.002387"/>
</test>
<test id="s1-s1-t2" name="Validar retorno 200 e JSON Válido" line="16">
<kw name="Teste de Requisicao Basica" owner="random-user-service">
<kw name="GET On Session" owner="RequestsLibrary">
<msg time="2024-04-15T22:12:44.131245" level="INFO">GET Request : url=https://randomuser.me/api 
 path_url=/api 
 headers={'User-Agent': 'python-requests/2.31.0', 'Accept-Encoding': 'gzip, deflate', 'Accept': '*/*', 'Connection': 'keep-alive'} 
 body=None 
 </msg>
<msg time="2024-04-15T22:12:44.131385" level="INFO">GET Response : url=https://randomuser.me/api 
 status=200, reason=OK 
 headers={'Date': 'Mon, 15 Apr 2024 22:12:44 GMT', 'Content-Type': 'application/json; charset=utf-8', 'Transfer-Encoding': 'chunked', 'Connection': 'keep-alive', 'X-Powered-By': 'Express', 'Access-Control-Allow-Origin': '*', 'Cache-Control': 'no-cache', 'ETag': 'W/"499-jd8x6mQu9SLJfCOqCxTPJHDTmPc"', 'Vary': 'Accept-Encoding', 'Content-Encoding': 'gzip', 'CF-Cache-Status': 'DYNAMIC', 'Report-To': '{"endpoints":[{"url":"https:\\/\\/a.nel.cloudflare.com\\/report\\/v4?s=KU7B%2Fshpq%2FJJ66M50pgWGhJP%2FpU4yI01k%2BSpqqwBgB9QMoXGoGjR6M9RUYrFxQ%2B7oWsuZSj9GoSoE3zTsAe4p4mZhexYqeUviKmTJvKV0iZqH2KgdXTo6dpA0dVqVI8A"}],"group":"cf-nel","max_age":604800}', 'NEL': '{"success_fraction":0,"report_to":"cf-nel","max_age":604800}', 'Server': 'cloudflare', 'CF-RAY': '874f475f79753916-IAD', 'alt-svc': 'h3=":443"; ma=86400'} 
 body={"results":[{"gender":"female","name":{"title":"Miss","first":"ستایش","last":"محمدخان"},"location":{"street":{"number":7134,"name":"شهید آقاسرمدیان"},"city":"اسلام‌شهر","state":"مرکزی","country":"Iran","postcode":85614,"coordinates":{"latitude":"13.8373","longitude":"152.6923"},"timezone":{"offset":"-3:30","description":"Newfoundland"}},"email":"stysh.mhmdkhn@example.com","login":{"uuid":"7954b61a-d558-44dc-8c50-51b3a63563e6","username":"angryfrog210","password":"elvis1","salt":"utHq2VFV","md5":"3ba6cfe888cdcebc805c872dad4cf71c","sha1":"2c61e52d75c5497dd1854a5bc7852673b092affb","sha256":"2c03aec82bac5e23d0733c81451f7e154b6eb79f41257fab79929efcaccdba99"},"dob":{"date":"1985-11-15T06:38:14.672Z","age":38},"registered":{"date":"2006-07-24T11:40:02.627Z","age":17},"phone":"042-34283083","cell":"0965-492-2178","id":{"name":"","value":null},"picture":{"large":"https://randomuser.me/api/portraits/women/64.jpg","medium":"https://randomuser.me/api/portraits/med/women/64.jpg","thumbnail":"https://randomuser.me/api/portraits/thumb/women/64.jpg"},"nat":"IR"}],"info":{"seed":"69f833673ff6898b","results":1,"page":1,"version":"1.4"}} 
 </msg>
<msg time="2024-04-15T22:12:44.131478" level="INFO">/opt/hostedtoolcache/Python/3.12.2/x64/lib/python3.12/site-packages/urllib3/connectionpool.py:1103: InsecureRequestWarning: Unverified HTTPS request is being made to host 'randomuser.me'. Adding certificate verification is strongly advised. See: https://urllib3.readthedocs.io/en/latest/advanced-usage.html#tls-warnings
  warnings.warn(</msg>
<msg time="2024-04-15T22:12:44.131618" level="INFO">${response} = &lt;Response [200]&gt;</msg>
<var>${response}</var>
<arg>consultarAPI</arg>
<arg>/api</arg>
<doc>Sends a GET request on a previously created HTTP Session.</doc>
<status status="PASS" start="2024-04-15T22:12:43.892624" elapsed="0.239038"/>
</kw>
<kw name="Should Be Equal As Numbers" owner="BuiltIn">
<msg time="2024-04-15T22:12:44.132459" level="INFO">Argument types are:
&lt;class 'int'&gt;
&lt;class 'str'&gt;</msg>
<arg>${response.status_code}</arg>
<arg>200</arg>
<doc>Fails if objects are unequal after converting them to real numbers.</doc>
<status status="PASS" start="2024-04-15T22:12:44.132056" elapsed="0.000466"/>
</kw>
<kw name="Log" owner="BuiltIn">
<msg time="2024-04-15T22:12:44.133195" level="INFO">200</msg>
<arg>${response.status_code}</arg>
<doc>Logs the given message with the given level.</doc>
<status status="PASS" start="2024-04-15T22:12:44.132845" elapsed="0.000394"/>
</kw>
<kw name="Set Variable" owner="BuiltIn">
<msg time="2024-04-15T22:12:44.134059" level="INFO">${json_data} = {'results': [{'gender': 'female', 'name': {'title': 'Miss', 'first': 'ستایش', 'last': 'محمدخان'}, 'location': {'street': {'number': 7134, 'name': 'شهید آقاسرمدیان'}, 'city': 'اسلام\u200cشهر', 'state':...</msg>
<var>${json_data}</var>
<arg>${response.json()}</arg>
<doc>Returns the given values which can then be assigned to a variables.</doc>
<status status="PASS" start="2024-04-15T22:12:44.133553" elapsed="0.000537"/>
</kw>
<kw name="Dictionary Should Contain Key" owner="Collections">
<msg time="2024-04-15T22:12:44.134565" level="INFO">False</msg>
<arg>${json_data}</arg>
<arg>results</arg>
<doc>Fails if ``key`` is not found from ``dictionary``.</doc>
<status status="PASS" start="2024-04-15T22:12:44.134400" elapsed="0.000209"/>
</kw>
<status status="PASS" start="2024-04-15T22:12:43.892372" elapsed="0.242529"/>
</kw>
<doc>Testa se a API responde corretamente e retorna um objeto JSON válido.</doc>
<tag>testeRequisicaoBasica</tag>
<status status="PASS" start="2024-04-15T22:12:43.891896" elapsed="0.243180"/>
</test>
<test id="s1-s1-t3" name="Validar estrutura de resposta" line="22">
<kw name="Teste de Estrutura de Resposta" owner="random-user-service">
<kw name="GET On Session" owner="RequestsLibrary">
<msg time="2024-04-15T22:12:44.226627" level="INFO">GET Request : url=https://randomuser.me/api 
 path_url=/api 
 headers={'User-Agent': 'python-requests/2.31.0', 'Accept-Encoding': 'gzip, deflate', 'Accept': '*/*', 'Connection': 'keep-alive'} 
 body=None 
 </msg>
<msg time="2024-04-15T22:12:44.226747" level="INFO">GET Response : url=https://randomuser.me/api 
 status=200, reason=OK 
 headers={'Date': 'Mon, 15 Apr 2024 22:12:44 GMT', 'Content-Type': 'application/json; charset=utf-8', 'Transfer-Encoding': 'chunked', 'Connection': 'keep-alive', 'X-Powered-By': 'Express', 'Access-Control-Allow-Origin': '*', 'Cache-Control': 'no-cache', 'ETag': 'W/"482-DF2mFiS3IXdggzCv1k5sYslBHms"', 'Vary': 'Accept-Encoding', 'Content-Encoding': 'gzip', 'CF-Cache-Status': 'DYNAMIC', 'Report-To': '{"endpoints":[{"url":"https:\\/\\/a.nel.cloudflare.com\\/report\\/v4?s=7BLMqicTVmtO2gJUYcP3OOfq2Np2M3ceAd9oWnifJo6iy1gJoV4xZ%2B%2FnVPXwiK180lbHS%2FXpFFnhxjNk5m%2Bak1IWEc%2FW4gRekqTM5ocagnYeF6QhTHsih1HoMSTMM7kB"}],"group":"cf-nel","max_age":604800}', 'NEL': '{"success_fraction":0,"report_to":"cf-nel","max_age":604800}', 'Server': 'cloudflare', 'CF-RAY': '874f475fd9d83916-IAD', 'alt-svc': 'h3=":443"; ma=86400'} 
 body={"results":[{"gender":"male","name":{"title":"Mr","first":"Yatan","last":"Acharya"},"location":{"street":{"number":3377,"name":"Carter Rd Promenade"},"city":"Bhusawal","state":"Mizoram","country":"India","postcode":42501,"coordinates":{"latitude":"5.6966","longitude":"-166.6421"},"timezone":{"offset":"-8:00","description":"Pacific Time (US &amp; Canada)"}},"email":"yatan.acharya@example.com","login":{"uuid":"f02522a5-0948-49d9-bcbd-68fc55959728","username":"sadsnake479","password":"rodman","salt":"bJpFJ2J9","md5":"9d512c1a98072404231616b39b20b4dc","sha1":"c7930b6abb365213a102a514620ddcc001e2edcc","sha256":"253c19ee15f5e00608ef68a6d1a007a494f5ea5d22a68b684385eb0da44e956f"},"dob":{"date":"1973-07-05T03:10:19.610Z","age":50},"registered":{"date":"2021-09-04T05:11:19.686Z","age":2},"phone":"7363541556","cell":"7191132591","id":{"name":"UIDAI","value":"134467714004"},"picture":{"large":"https://randomuser.me/api/portraits/men/79.jpg","medium":"https://randomuser.me/api/portraits/med/men/79.jpg","thumbnail":"https://randomuser.me/api/portraits/thumb/men/79.jpg"},"nat":"IN"}],"info":{"seed":"12dd460c70cafee9","results":1,"page":1,"version":"1.4"}} 
 </msg>
<msg time="2024-04-15T22:12:44.226855" level="INFO">/opt/hostedtoolcache/Python/3.12.2/x64/lib/python3.12/site-packages/urllib3/connectionpool.py:1103: InsecureRequestWarning: Unverified HTTPS request is being made to host 'randomuser.me'. Adding certificate verification is strongly advised. See: https://urllib3.readthedocs.io/en/latest/advanced-usage.html#tls-warnings
  warnings.warn(</msg>
<msg time="2024-04-15T22:12:44.226966" level="INFO">${response} = &lt;Response [200]&gt;</msg>
<var>${response}</var>
<arg>consultarAPI</arg>
<arg>/api</arg>
<doc>Sends a GET request on a previously created HTTP Session.</doc>
<status status="PASS" start="2024-04-15T22:12:44.137730" elapsed="0.089279"/>
</kw>
<kw name="Set Variable" owner="BuiltIn">
<msg time="2024-04-15T22:12:44.227816" level="INFO">${json_data} = {'results': [{'gender': 'male', 'name': {'title': 'Mr', 'first': 'Yatan', 'last': 'Acharya'}, 'location': {'street': {'number': 3377, 'name': 'Carter Rd Promenade'}, 'city': 'Bhusawal', 'state': 'Mizo...</msg>
<var>${json_data}</var>
<arg>${response.json()}</arg>
<doc>Returns the given values which can then be assigned to a variables.</doc>
<status status="PASS" start="2024-04-15T22:12:44.227372" elapsed="0.000472"/>
</kw>
<kw name="Log" owner="BuiltIn">
<msg time="2024-04-15T22:12:44.228302" level="INFO">{'results': [{'gender': 'male', 'name': {'title': 'Mr', 'first': 'Yatan', 'last': 'Acharya'}, 'location': {'street': {'number': 3377, 'name': 'Carter Rd Promenade'}, 'city': 'Bhusawal', 'state': 'Mizoram', 'country': 'India', 'postcode': 42501, 'coordinates': {'latitude': '5.6966', 'longitude': '-166.6421'}, 'timezone': {'offset': '-8:00', 'description': 'Pacific Time (US &amp; Canada)'}}, 'email': 'yatan.acharya@example.com', 'login': {'uuid': 'f02522a5-0948-49d9-bcbd-68fc55959728', 'username': 'sadsnake479', 'password': 'rodman', 'salt': 'bJpFJ2J9', 'md5': '9d512c1a98072404231616b39b20b4dc', 'sha1': 'c7930b6abb365213a102a514620ddcc001e2edcc', 'sha256': '253c19ee15f5e00608ef68a6d1a007a494f5ea5d22a68b684385eb0da44e956f'}, 'dob': {'date': '1973-07-05T03:10:19.610Z', 'age': 50}, 'registered': {'date': '2021-09-04T05:11:19.686Z', 'age': 2}, 'phone': '7363541556', 'cell': '7191132591', 'id': {'name': 'UIDAI', 'value': '134467714004'}, 'picture': {'large': 'https://randomuser.me/api/portraits/men/79.jpg', 'medium': 'https://randomuser.me/api/portraits/med/men/79.jpg', 'thumbnail': 'https://randomuser.me/api/portraits/thumb/men/79.jpg'}, 'nat': 'IN'}], 'info': {'seed': '12dd460c70cafee9', 'results': 1, 'page': 1, 'version': '1.4'}}</msg>
<arg>${json_data}</arg>
<doc>Logs the given message with the given level.</doc>
<status status="PASS" start="2024-04-15T22:12:44.228148" elapsed="0.000202"/>
</kw>
<kw name="Dictionary Should Contain Key" owner="Collections">
<msg time="2024-04-15T22:12:44.228788" level="INFO">False</msg>
<arg>${json_data}</arg>
<arg>results</arg>
<doc>Fails if ``key`` is not found from ``dictionary``.</doc>
<status status="PASS" start="2024-04-15T22:12:44.228640" elapsed="0.000185"/>
</kw>
<kw name="Should Not Be Empty" owner="BuiltIn">
<msg time="2024-04-15T22:12:44.229241" level="INFO">Length is 2.</msg>
<arg>${json_data}</arg>
<doc>Verifies that the given item is not empty.</doc>
<status status="PASS" start="2024-04-15T22:12:44.229112" elapsed="0.000167"/>
</kw>
<kw name="Create List" owner="BuiltIn">
<msg time="2024-04-15T22:12:44.229725" level="INFO">${expected_keys} = ['gender', 'name', 'location', 'email', 'login']</msg>
<var>${expected_keys}</var>
<arg>gender</arg>
<arg>name</arg>
<arg>location</arg>
<arg>email</arg>
<arg>login</arg>
<doc>Returns a list containing given items.</doc>
<status status="PASS" start="2024-04-15T22:12:44.229570" elapsed="0.000179"/>
</kw>
<for flavor="IN">
<iter>
<kw name="Dictionary Should Contain Key" owner="Collections">
<msg time="2024-04-15T22:12:44.230722" level="INFO">False</msg>
<arg>${json_data['results'][0]}</arg>
<arg>${key}</arg>
<doc>Fails if ``key`` is not found from ``dictionary``.</doc>
<status status="PASS" start="2024-04-15T22:12:44.230292" elapsed="0.000481"/>
</kw>
<kw name="Log" owner="BuiltIn">
<msg time="2024-04-15T22:12:44.231430" level="INFO">{'gender': 'male', 'name': {'title': 'Mr', 'first': 'Yatan', 'last': 'Acharya'}, 'location': {'street': {'number': 3377, 'name': 'Carter Rd Promenade'}, 'city': 'Bhusawal', 'state': 'Mizoram', 'country': 'India', 'postcode': 42501, 'coordinates': {'latitude': '5.6966', 'longitude': '-166.6421'}, 'timezone': {'offset': '-8:00', 'description': 'Pacific Time (US &amp; Canada)'}}, 'email': 'yatan.acharya@example.com', 'login': {'uuid': 'f02522a5-0948-49d9-bcbd-68fc55959728', 'username': 'sadsnake479', 'password': 'rodman', 'salt': 'bJpFJ2J9', 'md5': '9d512c1a98072404231616b39b20b4dc', 'sha1': 'c7930b6abb365213a102a514620ddcc001e2edcc', 'sha256': '253c19ee15f5e00608ef68a6d1a007a494f5ea5d22a68b684385eb0da44e956f'}, 'dob': {'date': '1973-07-05T03:10:19.610Z', 'age': 50}, 'registered': {'date': '2021-09-04T05:11:19.686Z', 'age': 2}, 'phone': '7363541556', 'cell': '7191132591', 'id': {'name': 'UIDAI', 'value': '134467714004'}, 'picture': {'large': 'https://randomuser.me/api/portraits/men/79.jpg', 'medium': 'https://randomuser.me/api/portraits/med/men/79.jpg', 'thumbnail': 'https://randomuser.me/api/portraits/thumb/men/79.jpg'}, 'nat': 'IN'}</msg>
<arg>${json_data['results'][0]}</arg>
<doc>Logs the given message with the given level.</doc>
<status status="PASS" start="2024-04-15T22:12:44.231073" elapsed="0.000406"/>
</kw>
<kw name="Log" owner="BuiltIn">
<msg time="2024-04-15T22:12:44.231899" level="INFO">gender</msg>
<arg>${key}</arg>
<doc>Logs the given message with the given level.</doc>
<status status="PASS" start="2024-04-15T22:12:44.231772" elapsed="0.000165"/>
</kw>
<var name="${key}">gender</var>
<status status="PASS" start="2024-04-15T22:12:44.230172" elapsed="0.001986"/>
</iter>
<iter>
<kw name="Dictionary Should Contain Key" owner="Collections">
<msg time="2024-04-15T22:12:44.232832" level="INFO">False</msg>
<arg>${json_data['results'][0]}</arg>
<arg>${key}</arg>
<doc>Fails if ``key`` is not found from ``dictionary``.</doc>
<status status="PASS" start="2024-04-15T22:12:44.232455" elapsed="0.000414"/>
</kw>
<kw name="Log" owner="BuiltIn">
<msg time="2024-04-15T22:12:44.233559" level="INFO">{'gender': 'male', 'name': {'title': 'Mr', 'first': 'Yatan', 'last': 'Acharya'}, 'location': {'street': {'number': 3377, 'name': 'Carter Rd Promenade'}, 'city': 'Bhusawal', 'state': 'Mizoram', 'country': 'India', 'postcode': 42501, 'coordinates': {'latitude': '5.6966', 'longitude': '-166.6421'}, 'timezone': {'offset': '-8:00', 'description': 'Pacific Time (US &amp; Canada)'}}, 'email': 'yatan.acharya@example.com', 'login': {'uuid': 'f02522a5-0948-49d9-bcbd-68fc55959728', 'username': 'sadsnake479', 'password': 'rodman', 'salt': 'bJpFJ2J9', 'md5': '9d512c1a98072404231616b39b20b4dc', 'sha1': 'c7930b6abb365213a102a514620ddcc001e2edcc', 'sha256': '253c19ee15f5e00608ef68a6d1a007a494f5ea5d22a68b684385eb0da44e956f'}, 'dob': {'date': '1973-07-05T03:10:19.610Z', 'age': 50}, 'registered': {'date': '2021-09-04T05:11:19.686Z', 'age': 2}, 'phone': '7363541556', 'cell': '7191132591', 'id': {'name': 'UIDAI', 'value': '134467714004'}, 'picture': {'large': 'https://randomuser.me/api/portraits/men/79.jpg', 'medium': 'https://randomuser.me/api/portraits/med/men/79.jpg', 'thumbnail': 'https://randomuser.me/api/portraits/thumb/men/79.jpg'}, 'nat': 'IN'}</msg>
<arg>${json_data['results'][0]}</arg>
<doc>Logs the given message with the given level.</doc>
<status status="PASS" start="2024-04-15T22:12:44.233189" elapsed="0.000423"/>
</kw>
<kw name="Log" owner="BuiltIn">
<msg time="2024-04-15T22:12:44.234042" level="INFO">name</msg>
<arg>${key}</arg>
<doc>Logs the given message with the given level.</doc>
<status status="PASS" start="2024-04-15T22:12:44.233914" elapsed="0.000166"/>
</kw>
<var name="${key}">name</var>
<status status="PASS" start="2024-04-15T22:12:44.232342" elapsed="0.001954"/>
</iter>
<iter>
<kw name="Dictionary Should Contain Key" owner="Collections">
<msg time="2024-04-15T22:12:44.235008" level="INFO">False</msg>
<arg>${json_data['results'][0]}</arg>
<arg>${key}</arg>
<doc>Fails if ``key`` is not found from ``dictionary``.</doc>
<status status="PASS" start="2024-04-15T22:12:44.234589" elapsed="0.000457"/>
</kw>
<kw name="Log" owner="BuiltIn">
<msg time="2024-04-15T22:12:44.235697" level="INFO">{'gender': 'male', 'name': {'title': 'Mr', 'first': 'Yatan', 'last': 'Acharya'}, 'location': {'street': {'number': 3377, 'name': 'Carter Rd Promenade'}, 'city': 'Bhusawal', 'state': 'Mizoram', 'country': 'India', 'postcode': 42501, 'coordinates': {'latitude': '5.6966', 'longitude': '-166.6421'}, 'timezone': {'offset': '-8:00', 'description': 'Pacific Time (US &amp; Canada)'}}, 'email': 'yatan.acharya@example.com', 'login': {'uuid': 'f02522a5-0948-49d9-bcbd-68fc55959728', 'username': 'sadsnake479', 'password': 'rodman', 'salt': 'bJpFJ2J9', 'md5': '9d512c1a98072404231616b39b20b4dc', 'sha1': 'c7930b6abb365213a102a514620ddcc001e2edcc', 'sha256': '253c19ee15f5e00608ef68a6d1a007a494f5ea5d22a68b684385eb0da44e956f'}, 'dob': {'date': '1973-07-05T03:10:19.610Z', 'age': 50}, 'registered': {'date': '2021-09-04T05:11:19.686Z', 'age': 2}, 'phone': '7363541556', 'cell': '7191132591', 'id': {'name': 'UIDAI', 'value': '134467714004'}, 'picture': {'large': 'https://randomuser.me/api/portraits/men/79.jpg', 'medium': 'https://randomuser.me/api/portraits/med/men/79.jpg', 'thumbnail': 'https://randomuser.me/api/portraits/thumb/men/79.jpg'}, 'nat': 'IN'}</msg>
<arg>${json_data['results'][0]}</arg>
<doc>Logs the given message with the given level.</doc>
<status status="PASS" start="2024-04-15T22:12:44.235342" elapsed="0.000403"/>
</kw>
<kw name="Log" owner="BuiltIn">
<msg time="2024-04-15T22:12:44.236165" level="INFO">location</msg>
<arg>${key}</arg>
<doc>Logs the given message with the given level.</doc>
<status status="PASS" start="2024-04-15T22:12:44.236039" elapsed="0.000164"/>
</kw>
<var name="${key}">location</var>
<status status="PASS" start="2024-04-15T22:12:44.234477" elapsed="0.001941"/>
</iter>
<iter>
<kw name="Dictionary Should Contain Key" owner="Collections">
<msg time="2024-04-15T22:12:44.237083" level="INFO">False</msg>
<arg>${json_data['results'][0]}</arg>
<arg>${key}</arg>
<doc>Fails if ``key`` is not found from ``dictionary``.</doc>
<status status="PASS" start="2024-04-15T22:12:44.236702" elapsed="0.000423"/>
</kw>
<kw name="Log" owner="BuiltIn">
<msg time="2024-04-15T22:12:44.237774" level="INFO">{'gender': 'male', 'name': {'title': 'Mr', 'first': 'Yatan', 'last': 'Acharya'}, 'location': {'street': {'number': 3377, 'name': 'Carter Rd Promenade'}, 'city': 'Bhusawal', 'state': 'Mizoram', 'country': 'India', 'postcode': 42501, 'coordinates': {'latitude': '5.6966', 'longitude': '-166.6421'}, 'timezone': {'offset': '-8:00', 'description': 'Pacific Time (US &amp; Canada)'}}, 'email': 'yatan.acharya@example.com', 'login': {'uuid': 'f02522a5-0948-49d9-bcbd-68fc55959728', 'username': 'sadsnake479', 'password': 'rodman', 'salt': 'bJpFJ2J9', 'md5': '9d512c1a98072404231616b39b20b4dc', 'sha1': 'c7930b6abb365213a102a514620ddcc001e2edcc', 'sha256': '253c19ee15f5e00608ef68a6d1a007a494f5ea5d22a68b684385eb0da44e956f'}, 'dob': {'date': '1973-07-05T03:10:19.610Z', 'age': 50}, 'registered': {'date': '2021-09-04T05:11:19.686Z', 'age': 2}, 'phone': '7363541556', 'cell': '7191132591', 'id': {'name': 'UIDAI', 'value': '134467714004'}, 'picture': {'large': 'https://randomuser.me/api/portraits/men/79.jpg', 'medium': 'https://randomuser.me/api/portraits/med/men/79.jpg', 'thumbnail': 'https://randomuser.me/api/portraits/thumb/men/79.jpg'}, 'nat': 'IN'}</msg>
<arg>${json_data['results'][0]}</arg>
<doc>Logs the given message with the given level.</doc>
<status status="PASS" start="2024-04-15T22:12:44.237420" elapsed="0.000403"/>
</kw>
<kw name="Log" owner="BuiltIn">
<msg time="2024-04-15T22:12:44.238247" level="INFO">email</msg>
<arg>${key}</arg>
<doc>Logs the given message with the given level.</doc>
<status status="PASS" start="2024-04-15T22:12:44.238119" elapsed="0.000168"/>
</kw>
<var name="${key}">email</var>
<status status="PASS" start="2024-04-15T22:12:44.236591" elapsed="0.001910"/>
</iter>
<iter>
<kw name="Dictionary Should Contain Key" owner="Collections">
<msg time="2024-04-15T22:12:44.239204" level="INFO">False</msg>
<arg>${json_data['results'][0]}</arg>
<arg>${key}</arg>
<doc>Fails if ``key`` is not found from ``dictionary``.</doc>
<status status="PASS" start="2024-04-15T22:12:44.238828" elapsed="0.000414"/>
</kw>
<kw name="Log" owner="BuiltIn">
<msg time="2024-04-15T22:12:44.239887" level="INFO">{'gender': 'male', 'name': {'title': 'Mr', 'first': 'Yatan', 'last': 'Acharya'}, 'location': {'street': {'number': 3377, 'name': 'Carter Rd Promenade'}, 'city': 'Bhusawal', 'state': 'Mizoram', 'country': 'India', 'postcode': 42501, 'coordinates': {'latitude': '5.6966', 'longitude': '-166.6421'}, 'timezone': {'offset': '-8:00', 'description': 'Pacific Time (US &amp; Canada)'}}, 'email': 'yatan.acharya@example.com', 'login': {'uuid': 'f02522a5-0948-49d9-bcbd-68fc55959728', 'username': 'sadsnake479', 'password': 'rodman', 'salt': 'bJpFJ2J9', 'md5': '9d512c1a98072404231616b39b20b4dc', 'sha1': 'c7930b6abb365213a102a514620ddcc001e2edcc', 'sha256': '253c19ee15f5e00608ef68a6d1a007a494f5ea5d22a68b684385eb0da44e956f'}, 'dob': {'date': '1973-07-05T03:10:19.610Z', 'age': 50}, 'registered': {'date': '2021-09-04T05:11:19.686Z', 'age': 2}, 'phone': '7363541556', 'cell': '7191132591', 'id': {'name': 'UIDAI', 'value': '134467714004'}, 'picture': {'large': 'https://randomuser.me/api/portraits/men/79.jpg', 'medium': 'https://randomuser.me/api/portraits/med/men/79.jpg', 'thumbnail': 'https://randomuser.me/api/portraits/thumb/men/79.jpg'}, 'nat': 'IN'}</msg>
<arg>${json_data['results'][0]}</arg>
<doc>Logs the given message with the given level.</doc>
<status status="PASS" start="2024-04-15T22:12:44.239537" elapsed="0.000398"/>
</kw>
<kw name="Log" owner="BuiltIn">
<msg time="2024-04-15T22:12:44.240348" level="INFO">login</msg>
<arg>${key}</arg>
<doc>Logs the given message with the given level.</doc>
<status status="PASS" start="2024-04-15T22:12:44.240224" elapsed="0.000162"/>
</kw>
<var name="${key}">login</var>
<status status="PASS" start="2024-04-15T22:12:44.238703" elapsed="0.001897"/>
</iter>
<var>${key}</var>
<value>@{expected_keys}</value>
<status status="PASS" start="2024-04-15T22:12:44.229999" elapsed="0.010749"/>
</for>
<kw name="Create List" owner="BuiltIn">
<msg time="2024-04-15T22:12:44.241080" level="INFO">${expected_keysTwo} = ['username', 'password']</msg>
<var>${expected_keysTwo}</var>
<arg>username</arg>
<arg>password</arg>
<doc>Returns a list containing given items.</doc>
<status status="PASS" start="2024-04-15T22:12:44.240943" elapsed="0.000161"/>
</kw>
<for flavor="IN">
<iter>
<kw name="Dictionary Should Contain Key" owner="Collections">
<msg time="2024-04-15T22:12:44.242084" level="INFO">False</msg>
<arg>${json_data['results'][0]['login']}</arg>
<arg>${keyTwo}</arg>
<doc>Fails if ``key`` is not found from ``dictionary``.</doc>
<status status="PASS" start="2024-04-15T22:12:44.241705" elapsed="0.000418"/>
</kw>
<kw name="Dictionary Should Contain Key" owner="Collections">
<msg time="2024-04-15T22:12:44.242838" level="INFO">False</msg>
<arg>${json_data['results'][0]['login']}</arg>
<arg>${keyTwo}</arg>
<doc>Fails if ``key`` is not found from ``dictionary``.</doc>
<status status="PASS" start="2024-04-15T22:12:44.242417" elapsed="0.000460"/>
</kw>
<kw name="Log" owner="BuiltIn">
<msg time="2024-04-15T22:12:44.243311" level="INFO">username</msg>
<arg>${keyTwo}</arg>
<doc>Logs the given message with the given level.</doc>
<status status="PASS" start="2024-04-15T22:12:44.243177" elapsed="0.000173"/>
</kw>
<var name="${keyTwo}">username</var>
<status status="PASS" start="2024-04-15T22:12:44.241592" elapsed="0.001971"/>
</iter>
<iter>
<kw name="Dictionary Should Contain Key" owner="Collections">
<msg time="2024-04-15T22:12:44.244217" level="INFO">False</msg>
<arg>${json_data['results'][0]['login']}</arg>
<arg>${keyTwo}</arg>
<doc>Fails if ``key`` is not found from ``dictionary``.</doc>
<status status="PASS" start="2024-04-15T22:12:44.243848" elapsed="0.000408"/>
</kw>
<kw name="Dictionary Should Contain Key" owner="Collections">
<msg time="2024-04-15T22:12:44.244925" level="INFO">False</msg>
<arg>${json_data['results'][0]['login']}</arg>
<arg>${keyTwo}</arg>
<doc>Fails if ``key`` is not found from ``dictionary``.</doc>
<status status="PASS" start="2024-04-15T22:12:44.244546" elapsed="0.000417"/>
</kw>
<kw name="Log" owner="BuiltIn">
<msg time="2024-04-15T22:12:44.245385" level="INFO">password</msg>
<arg>${keyTwo}</arg>
<doc>Logs the given message with the given level.</doc>
<status status="PASS" start="2024-04-15T22:12:44.245258" elapsed="0.000166"/>
</kw>
<var name="${keyTwo}">password</var>
<status status="PASS" start="2024-04-15T22:12:44.243738" elapsed="0.001905"/>
</iter>
<var>${keyTwo}</var>
<value>@{expected_keysTwo}</value>
<status status="PASS" start="2024-04-15T22:12:44.241341" elapsed="0.004426"/>
</for>
<status status="PASS" start="2024-04-15T22:12:44.137496" elapsed="0.108410"/>
</kw>
<doc>Testa a estrutura da resposta da API.</doc>
<tag>testeEstruturaResposta</tag>
<status status="PASS" start="2024-04-15T22:12:44.136888" elapsed="0.109170"/>
</test>
<test id="s1-s1-t4" name="Validar tipos de dados" line="28">
<kw name="Teste de Tipos de Dados" owner="random-user-service">
<kw name="GET On Session" owner="RequestsLibrary">
<msg time="2024-04-15T22:12:44.327680" level="INFO">GET Request : url=https://randomuser.me/api 
 path_url=/api 
 headers={'User-Agent': 'python-requests/2.31.0', 'Accept-Encoding': 'gzip, deflate', 'Accept': '*/*', 'Connection': 'keep-alive'} 
 body=None 
 </msg>
<msg time="2024-04-15T22:12:44.327762" level="INFO">GET Response : url=https://randomuser.me/api 
 status=200, reason=OK 
 headers={'Date': 'Mon, 15 Apr 2024 22:12:44 GMT', 'Content-Type': 'application/json; charset=utf-8', 'Transfer-Encoding': 'chunked', 'Connection': 'keep-alive', 'X-Powered-By': 'Express', 'Access-Control-Allow-Origin': '*', 'Cache-Control': 'no-cache', 'ETag': 'W/"47e-YwRa3GWzZEY+Q9+Uv7+mfU4mzlI"', 'Vary': 'Accept-Encoding', 'Content-Encoding': 'gzip', 'CF-Cache-Status': 'DYNAMIC', 'Report-To': '{"endpoints":[{"url":"https:\\/\\/a.nel.cloudflare.com\\/report\\/v4?s=yYcU3W8HG5YaKWkVw1DM0bUTkuinRNh%2F3issx94x6UhBgPtJX9HzC61kpqq4vX5LsvkaEv%2FKvqcw2hvrNZ4stkLaEdE8V%2FChuV7j2j2HIRfHmRX9%2FzIB0Qow8%2FRNNBMO"}],"group":"cf-nel","max_age":604800}', 'NEL': '{"success_fraction":0,"report_to":"cf-nel","max_age":604800}', 'Server': 'cloudflare', 'CF-RAY': '874f47609a943916-IAD', 'alt-svc': 'h3=":443"; ma=86400'} 
 body={"results":[{"gender":"male","name":{"title":"Mr","first":"Arthur","last":"Denys"},"location":{"street":{"number":8635,"name":"Dufferin St"},"city":"Summerside","state":"Alberta","country":"Canada","postcode":"Y7M 6O5","coordinates":{"latitude":"-70.1226","longitude":"-69.4624"},"timezone":{"offset":"+2:00","description":"Kaliningrad, South Africa"}},"email":"arthur.denys@example.com","login":{"uuid":"248d6d11-3130-46bd-9485-fe607c024e4c","username":"lazyfrog983","password":"coolhand","salt":"pgpbAR2L","md5":"7ad70c9ec8145492d4aed93796f8559c","sha1":"7c39fcee19fe238c3e1de570f7241fbcb59fb760","sha256":"2b9a37966dac4ed0e7ea72feb1805c028f58d8229925f836615e3d644663ce74"},"dob":{"date":"1995-09-06T22:34:12.044Z","age":28},"registered":{"date":"2010-12-11T17:34:43.554Z","age":13},"phone":"L70 E28-2766","cell":"F22 A96-4563","id":{"name":"SIN","value":"398540641"},"picture":{"large":"https://randomuser.me/api/portraits/men/5.jpg","medium":"https://randomuser.me/api/portraits/med/men/5.jpg","thumbnail":"https://randomuser.me/api/portraits/thumb/men/5.jpg"},"nat":"CA"}],"info":{"seed":"31040e72a9d8d583","results":1,"page":1,"version":"1.4"}} 
 </msg>
<msg time="2024-04-15T22:12:44.327836" level="INFO">/opt/hostedtoolcache/Python/3.12.2/x64/lib/python3.12/site-packages/urllib3/connectionpool.py:1103: InsecureRequestWarning: Unverified HTTPS request is being made to host 'randomuser.me'. Adding certificate verification is strongly advised. See: https://urllib3.readthedocs.io/en/latest/advanced-usage.html#tls-warnings
  warnings.warn(</msg>
<msg time="2024-04-15T22:12:44.327964" level="INFO">${response} = &lt;Response [200]&gt;</msg>
<var>${response}</var>
<arg>consultarAPI</arg>
<arg>/api</arg>
<doc>Sends a GET request on a previously created HTTP Session.</doc>
<status status="PASS" start="2024-04-15T22:12:44.248521" elapsed="0.079483"/>
</kw>
<kw name="Set Variable" owner="BuiltIn">
<msg time="2024-04-15T22:12:44.328811" level="INFO">${json_data} = {'results': [{'gender': 'male', 'name': {'title': 'Mr', 'first': 'Arthur', 'last': 'Denys'}, 'location': {'street': {'number': 8635, 'name': 'Dufferin St'}, 'city': 'Summerside', 'state': 'Alberta', '...</msg>
<var>${json_data}</var>
<arg>${response.json()}</arg>
<doc>Returns the given values which can then be assigned to a variables.</doc>
<status status="PASS" start="2024-04-15T22:12:44.328362" elapsed="0.000478"/>
</kw>
<kw name="Log" owner="BuiltIn">
<msg time="2024-04-15T22:12:44.329291" level="INFO">{'results': [{'gender': 'male', 'name': {'title': 'Mr', 'first': 'Arthur', 'last': 'Denys'}, 'location': {'street': {'number': 8635, 'name': 'Dufferin St'}, 'city': 'Summerside', 'state': 'Alberta', 'country': 'Canada', 'postcode': 'Y7M 6O5', 'coordinates': {'latitude': '-70.1226', 'longitude': '-69.4624'}, 'timezone': {'offset': '+2:00', 'description': 'Kaliningrad, South Africa'}}, 'email': 'arthur.denys@example.com', 'login': {'uuid': '248d6d11-3130-46bd-9485-fe607c024e4c', 'username': 'lazyfrog983', 'password': 'coolhand', 'salt': 'pgpbAR2L', 'md5': '7ad70c9ec8145492d4aed93796f8559c', 'sha1': '7c39fcee19fe238c3e1de570f7241fbcb59fb760', 'sha256': '2b9a37966dac4ed0e7ea72feb1805c028f58d8229925f836615e3d644663ce74'}, 'dob': {'date': '1995-09-06T22:34:12.044Z', 'age': 28}, 'registered': {'date': '2010-12-11T17:34:43.554Z', 'age': 13}, 'phone': 'L70 E28-2766', 'cell': 'F22 A96-4563', 'id': {'name': 'SIN', 'value': '398540641'}, 'picture': {'large': 'https://randomuser.me/api/portraits/men/5.jpg', 'medium': 'https://randomuser.me/api/portraits/med/men/5.jpg', 'thumbnail': 'https://randomuser.me/api/portraits/thumb/men/5.jpg'}, 'nat': 'CA'}], 'info': {'seed': '31040e72a9d8d583', 'results': 1, 'page': 1, 'version': '1.4'}}</msg>
<arg>${json_data}</arg>
<doc>Logs the given message with the given level.</doc>
<status status="PASS" start="2024-04-15T22:12:44.329141" elapsed="0.000229"/>
</kw>
<kw name="Should Be String" owner="String">
<arg>${json_data['results'][0]['gender']}</arg>
<doc>Fails if the given ``item`` is not a string.</doc>
<status status="PASS" start="2024-04-15T22:12:44.329664" elapsed="0.000357"/>
</kw>
<kw name="Should Match Regexp" owner="BuiltIn">
<arg>${json_data['results'][0]['email']}</arg>
<arg>^[a-zA-Z0-9._%+-]+@[a-zA-Z0-9.-]+\.[a-zA-Z]{2,}$</arg>
<doc>Fails if ``string`` does not match ``pattern`` as a regular expression.</doc>
<status status="PASS" start="2024-04-15T22:12:44.330212" elapsed="0.000543"/>
</kw>
<kw name="Should Match Regexp" owner="BuiltIn">
<arg>${json_data['results'][0]['dob']['date']}</arg>
<arg>\\d{4}-\\d{2}-\\d{2}T\\d{2}:\\d{2}:\\d{2}\\.\\d{3}Z</arg>
<doc>Fails if ``string`` does not match ``pattern`` as a regular expression.</doc>
<status status="PASS" start="2024-04-15T22:12:44.330955" elapsed="0.000489"/>
</kw>
<kw name="Should Match Regexp" owner="BuiltIn">
<arg>${json_data['results'][0]['registered']['date']}</arg>
<arg>\\d{4}-\\d{2}-\\d{2}T\\d{2}:\\d{2}:\\d{2}\\.\\d{3}Z</arg>
<doc>Fails if ``string`` does not match ``pattern`` as a regular expression.</doc>
<status status="PASS" start="2024-04-15T22:12:44.331642" elapsed="0.000369"/>
</kw>
<kw name="Should Match Regexp" owner="BuiltIn">
<arg>${json_data['results'][0]['picture']['large']}</arg>
<arg>^https?://.*\.(?:png|jpe?g|gif|bmp)$</arg>
<doc>Fails if ``string`` does not match ``pattern`` as a regular expression.</doc>
<status status="PASS" start="2024-04-15T22:12:44.332198" elapsed="0.000451"/>
</kw>
<kw name="Should Match Regexp" owner="BuiltIn">
<arg>${json_data['results'][0]['picture']['medium']}</arg>
<arg>^https?://.*\.(?:png|jpe?g|gif|bmp)$</arg>
<doc>Fails if ``string`` does not match ``pattern`` as a regular expression.</doc>
<status status="PASS" start="2024-04-15T22:12:44.332835" elapsed="0.000344"/>
</kw>
<kw name="Should Match Regexp" owner="BuiltIn">
<arg>${json_data['results'][0]['picture']['thumbnail']}</arg>
<arg>^https?://.*\.(?:png|jpe?g|gif|bmp)$</arg>
<doc>Fails if ``string`` does not match ``pattern`` as a regular expression.</doc>
<status status="PASS" start="2024-04-15T22:12:44.333363" elapsed="0.000354"/>
</kw>
<kw name="Log" owner="BuiltIn">
<msg time="2024-04-15T22:12:44.334223" level="INFO">{'large': 'https://randomuser.me/api/portraits/men/5.jpg', 'medium': 'https://randomuser.me/api/portraits/med/men/5.jpg', 'thumbnail': 'https://randomuser.me/api/portraits/thumb/men/5.jpg'}</msg>
<arg>${json_data['results'][0]['picture']}</arg>
<doc>Logs the given message with the given level.</doc>
<status status="PASS" start="2024-04-15T22:12:44.333896" elapsed="0.000370"/>
</kw>
<status status="PASS" start="2024-04-15T22:12:44.248294" elapsed="0.086223"/>
</kw>
<kw name="Teste de Tipos de Dados - Postcode" owner="random-user-service">
<kw name="GET On Session" owner="RequestsLibrary">
<msg time="2024-04-15T22:12:44.426316" level="INFO">GET Request : url=https://randomuser.me/api 
 path_url=/api 
 headers={'User-Agent': 'python-requests/2.31.0', 'Accept-Encoding': 'gzip, deflate', 'Accept': '*/*', 'Connection': 'keep-alive'} 
 body=None 
 </msg>
<msg time="2024-04-15T22:12:44.426387" level="INFO">GET Response : url=https://randomuser.me/api 
 status=200, reason=OK 
 headers={'Date': 'Mon, 15 Apr 2024 22:12:44 GMT', 'Content-Type': 'application/json; charset=utf-8', 'Transfer-Encoding': 'chunked', 'Connection': 'keep-alive', 'X-Powered-By': 'Express', 'Access-Control-Allow-Origin': '*', 'Cache-Control': 'no-cache', 'ETag': 'W/"491-485IucrGGYRMe/y5CDfhE1FDn5E"', 'Vary': 'Accept-Encoding', 'Content-Encoding': 'gzip', 'CF-Cache-Status': 'DYNAMIC', 'Report-To': '{"endpoints":[{"url":"https:\\/\\/a.nel.cloudflare.com\\/report\\/v4?s=TuONDg88YS32lWMgG1lMuQGWK2i6bdMw1NY1ZjaJFuo6JXN8gYMMOUmDDTNiWj7bGqLlcTcpiB%2BZIPUbuUkQwO0J7n5rJJjrK4cuPSBIa9DujklT5EsoG0U4FJs2LDny"}],"group":"cf-nel","max_age":604800}', 'NEL': '{"success_fraction":0,"report_to":"cf-nel","max_age":604800}', 'Server': 'cloudflare', 'CF-RAY': '874f47611b553916-IAD', 'alt-svc': 'h3=":443"; ma=86400'} 
 body={"results":[{"gender":"female","name":{"title":"Ms","first":"Sofie","last":"Børve"},"location":{"street":{"number":3444,"name":"Risløkkfaret"},"city":"Røstlandet","state":"Buskerud","country":"Norway","postcode":"5892","coordinates":{"latitude":"46.6004","longitude":"150.4976"},"timezone":{"offset":"-6:00","description":"Central Time (US &amp; Canada), Mexico City"}},"email":"sofie.borve@example.com","login":{"uuid":"d1b35ba2-a41c-4fd9-a51a-9ece7add3c81","username":"purplemeercat938","password":"barfly","salt":"tgY03Lzt","md5":"8fcb9902d9f78687960d85517a64a450","sha1":"44429f27016e0d68cf3b82a847dfdb64f75ce497","sha256":"38c9309ff8896c5f4745130160298026e76b5e05abc01aa9411723f13cca734d"},"dob":{"date":"1987-04-10T16:26:05.229Z","age":37},"registered":{"date":"2021-02-13T21:22:59.674Z","age":3},"phone":"68827505","cell":"43906014","id":{"name":"FN","value":"10048744228"},"picture":{"large":"https://randomuser.me/api/portraits/women/48.jpg","medium":"https://randomuser.me/api/portraits/med/women/48.jpg","thumbnail":"https://randomuser.me/api/portraits/thumb/women/48.jpg"},"nat":"NO"}],"info":{"seed":"54360528fbed1af4","results":1,"page":1,"version":"1.4"}} 
 </msg>
<msg time="2024-04-15T22:12:44.426457" level="INFO">/opt/hostedtoolcache/Python/3.12.2/x64/lib/python3.12/site-packages/urllib3/connectionpool.py:1103: InsecureRequestWarning: Unverified HTTPS request is being made to host 'randomuser.me'. Adding certificate verification is strongly advised. See: https://urllib3.readthedocs.io/en/latest/advanced-usage.html#tls-warnings
  warnings.warn(</msg>
<msg time="2024-04-15T22:12:44.426544" level="INFO">${response} = &lt;Response [200]&gt;</msg>
<var>${response}</var>
<arg>consultarAPI</arg>
<arg>/api</arg>
<doc>Sends a GET request on a previously created HTTP Session.</doc>
<status status="PASS" start="2024-04-15T22:12:44.334987" elapsed="0.091594"/>
</kw>
<kw name="Set Variable" owner="BuiltIn">
<msg time="2024-04-15T22:12:44.427403" level="INFO">${json_data} = {'results': [{'gender': 'female', 'name': {'title': 'Ms', 'first': 'Sofie', 'last': 'Børve'}, 'location': {'street': {'number': 3444, 'name': 'Risløkkfaret'}, 'city': 'Røstlandet', 'state': 'Buskerud'...</msg>
<var>${json_data}</var>
<arg>${response.json()}</arg>
<doc>Returns the given values which can then be assigned to a variables.</doc>
<status status="PASS" start="2024-04-15T22:12:44.426965" elapsed="0.000467"/>
</kw>
<kw name="Log" owner="BuiltIn">
<msg time="2024-04-15T22:12:44.427887" level="INFO">{'results': [{'gender': 'female', 'name': {'title': 'Ms', 'first': 'Sofie', 'last': 'Børve'}, 'location': {'street': {'number': 3444, 'name': 'Risløkkfaret'}, 'city': 'Røstlandet', 'state': 'Buskerud', 'country': 'Norway', 'postcode': '5892', 'coordinates': {'latitude': '46.6004', 'longitude': '150.4976'}, 'timezone': {'offset': '-6:00', 'description': 'Central Time (US &amp; Canada), Mexico City'}}, 'email': 'sofie.borve@example.com', 'login': {'uuid': 'd1b35ba2-a41c-4fd9-a51a-9ece7add3c81', 'username': 'purplemeercat938', 'password': 'barfly', 'salt': 'tgY03Lzt', 'md5': '8fcb9902d9f78687960d85517a64a450', 'sha1': '44429f27016e0d68cf3b82a847dfdb64f75ce497', 'sha256': '38c9309ff8896c5f4745130160298026e76b5e05abc01aa9411723f13cca734d'}, 'dob': {'date': '1987-04-10T16:26:05.229Z', 'age': 37}, 'registered': {'date': '2021-02-13T21:22:59.674Z', 'age': 3}, 'phone': '68827505', 'cell': '43906014', 'id': {'name': 'FN', 'value': '10048744228'}, 'picture': {'large': 'https://randomuser.me/api/portraits/women/48.jpg', 'medium': 'https://randomuser.me/api/portraits/med/women/48.jpg', 'thumbnail': 'https://randomuser.me/api/portraits/thumb/women/48.jpg'}, 'nat': 'NO'}], 'info': {'seed': '54360528fbed1af4', 'results': 1, 'page': 1, 'version': '1.4'}}</msg>
<arg>${json_data}</arg>
<doc>Logs the given message with the given level.</doc>
<status status="PASS" start="2024-04-15T22:12:44.427734" elapsed="0.000233"/>
</kw>
<kw name="Should Be Equal As Numbers" owner="BuiltIn">
<arg>${json_data['results'][0]['location']['postcode']}</arg>
<arg>${json_data['results'][0]['location']['postcode']}</arg>
<doc>Fails if objects are unequal after converting them to real numbers.</doc>
<status status="PASS" start="2024-04-15T22:12:44.428274" elapsed="0.000608"/>
</kw>
<kw name="Log" owner="BuiltIn">
<msg time="2024-04-15T22:12:44.429407" level="INFO">5892</msg>
<arg>${json_data['results'][0]['location']['postcode']}</arg>
<doc>Logs the given message with the given level.</doc>
<status status="PASS" start="2024-04-15T22:12:44.429074" elapsed="0.000374"/>
</kw>
<status status="PASS" start="2024-04-15T22:12:44.334759" elapsed="0.094938"/>
</kw>
<doc>Testa se os tipos de dados na resposta da API estão corretos.</doc>
<tag>testeTiposDados</tag>
<status status="PASS" start="2024-04-15T22:12:44.247848" elapsed="0.182010"/>
</test>
<test id="s1-s1-t5" name="Validar conteudo" line="35">
<kw name="Teste de Tipos de Conteudo" owner="random-user-service">
<kw name="GET On Session" owner="RequestsLibrary">
<msg time="2024-04-15T22:12:44.535538" level="INFO">GET Request : url=https://randomuser.me/api 
 path_url=/api 
 headers={'User-Agent': 'python-requests/2.31.0', 'Accept-Encoding': 'gzip, deflate', 'Accept': '*/*', 'Connection': 'keep-alive'} 
 body=None 
 </msg>
<msg time="2024-04-15T22:12:44.535623" level="INFO">GET Response : url=https://randomuser.me/api 
 status=200, reason=OK 
 headers={'Date': 'Mon, 15 Apr 2024 22:12:44 GMT', 'Content-Type': 'application/json; charset=utf-8', 'Transfer-Encoding': 'chunked', 'Connection': 'keep-alive', 'X-Powered-By': 'Express', 'Access-Control-Allow-Origin': '*', 'Cache-Control': 'no-cache', 'ETag': 'W/"496-vkX7npkElTWTEHh5ubaF2Xmhd2w"', 'Vary': 'Accept-Encoding', 'Content-Encoding': 'gzip', 'CF-Cache-Status': 'DYNAMIC', 'Report-To': '{"endpoints":[{"url":"https:\\/\\/a.nel.cloudflare.com\\/report\\/v4?s=Ce3P076QQywOJnxLTGpwTlsPbjRm3JyLS7bm%2Bp012V3KbwDqzHiaBTRQMWtyv1mGU7ODsqzRTOTzQyadKnFk%2B2KLaw%2BJnlskZcDFOoa4gJvNuO8rsMStt%2BQCwYP65QP5"}],"group":"cf-nel","max_age":604800}', 'NEL': '{"success_fraction":0,"report_to":"cf-nel","max_age":604800}', 'Server': 'cloudflare', 'CF-RAY': '874f4761bc123916-IAD', 'alt-svc': 'h3=":443"; ma=86400'} 
 body={"results":[{"gender":"female","name":{"title":"Miss","first":"Norma","last":"Toro"},"location":{"street":{"number":7788,"name":"Continuación Puebla"},"city":"San Mateo Ayecac","state":"Hidalgo","country":"Mexico","postcode":25498,"coordinates":{"latitude":"28.7037","longitude":"105.8669"},"timezone":{"offset":"+7:00","description":"Bangkok, Hanoi, Jakarta"}},"email":"norma.toro@example.com","login":{"uuid":"ce0dc7b6-2347-4120-ba18-247277b60872","username":"lazydog342","password":"banane","salt":"mqDhkbnN","md5":"f622a0f838879077646f2c824f769168","sha1":"3a75c22de4f9445c023ff34edc16413daec31792","sha256":"bf399f548135b12ba8fa60e84affb858651d3988357697bb9d2b24a179a8daa5"},"dob":{"date":"1970-11-18T04:18:04.904Z","age":53},"registered":{"date":"2005-10-21T05:01:37.145Z","age":18},"phone":"(647) 305 4196","cell":"(604) 156 6821","id":{"name":"NSS","value":"80 67 24 2196 6"},"picture":{"large":"https://randomuser.me/api/portraits/women/46.jpg","medium":"https://randomuser.me/api/portraits/med/women/46.jpg","thumbnail":"https://randomuser.me/api/portraits/thumb/women/46.jpg"},"nat":"MX"}],"info":{"seed":"f5d750196c5fac53","results":1,"page":1,"version":"1.4"}} 
 </msg>
<msg time="2024-04-15T22:12:44.535698" level="INFO">/opt/hostedtoolcache/Python/3.12.2/x64/lib/python3.12/site-packages/urllib3/connectionpool.py:1103: InsecureRequestWarning: Unverified HTTPS request is being made to host 'randomuser.me'. Adding certificate verification is strongly advised. See: https://urllib3.readthedocs.io/en/latest/advanced-usage.html#tls-warnings
  warnings.warn(</msg>
<msg time="2024-04-15T22:12:44.535812" level="INFO">${response} = &lt;Response [200]&gt;</msg>
<var>${response}</var>
<arg>consultarAPI</arg>
<arg>/api</arg>
<doc>Sends a GET request on a previously created HTTP Session.</doc>
<status status="PASS" start="2024-04-15T22:12:44.432264" elapsed="0.103597"/>
</kw>
<kw name="Set Variable" owner="BuiltIn">
<msg time="2024-04-15T22:12:44.536786" level="INFO">${json_data} = {'results': [{'gender': 'female', 'name': {'title': 'Miss', 'first': 'Norma', 'last': 'Toro'}, 'location': {'street': {'number': 7788, 'name': 'Continuación Puebla'}, 'city': 'San Mateo Ayecac', 'stat...</msg>
<var>${json_data}</var>
<arg>${response.json()}</arg>
<doc>Returns the given values which can then be assigned to a variables.</doc>
<status status="PASS" start="2024-04-15T22:12:44.536342" elapsed="0.000472"/>
</kw>
<kw name="Set Variable" owner="BuiltIn">
<msg time="2024-04-15T22:12:44.537493" level="INFO">${name_title} = Miss</msg>
<var>${name_title}</var>
<arg>${json_data["results"][0]["name"]["title"]}</arg>
<doc>Returns the given values which can then be assigned to a variables.</doc>
<status status="PASS" start="2024-04-15T22:12:44.537119" elapsed="0.000399"/>
</kw>
<kw name="Create List" owner="BuiltIn">
<msg time="2024-04-15T22:12:44.537959" level="INFO">${allowed_titles} = ['Mr', 'Ms', 'Miss', 'Mrs', 'Madame', 'Monsieur']</msg>
<var>${allowed_titles}</var>
<arg>Mr</arg>
<arg>Ms</arg>
<arg>Miss</arg>
<arg>Mrs</arg>
<arg>Madame</arg>
<arg>Monsieur</arg>
<doc>Returns a list containing given items.</doc>
<status status="PASS" start="2024-04-15T22:12:44.537813" elapsed="0.000170"/>
</kw>
<kw name="List Should Contain Value" owner="Collections">
<msg time="2024-04-15T22:12:44.538450" level="INFO">False</msg>
<arg>${allowed_titles}</arg>
<arg>${name_title}</arg>
<doc>Fails if the ``value`` is not found from ``list``.</doc>
<status status="PASS" start="2024-04-15T22:12:44.538277" elapsed="0.000211"/>
</kw>
<kw name="Set Variable" owner="BuiltIn">
<msg time="2024-04-15T22:12:44.539191" level="INFO">${name_country} = MX</msg>
<var>${name_country}</var>
<arg>${json_data["results"][0]["nat"]}</arg>
<doc>Returns the given values which can then be assigned to a variables.</doc>
<status status="PASS" start="2024-04-15T22:12:44.538811" elapsed="0.000405"/>
</kw>
<kw name="Create List" owner="BuiltIn">
<msg time="2024-04-15T22:12:44.540124" level="INFO">${list_country} = ['AD', 'AE', 'AF', 'AG', 'AI', 'AL', 'AM', 'AO', 'AQ', 'AR', 'AS', 'AT', 'AU', 'AW', 'AX', 'AZ', 'BA', 'BB', 'BD', 'BE', 'BF', 'BG', 'BH', 'BI', 'BJ', 'BL', 'BM', 'BN', 'BO', 'BQ', 'BR', 'BS', 'BT', '...</msg>
<var>${list_country}</var>
<arg>AD</arg>
<arg>AE</arg>
<arg>AF</arg>
<arg>AG</arg>
<arg>AI</arg>
<arg>AL</arg>
<arg>AM</arg>
<arg>AO</arg>
<arg>AQ</arg>
<arg>AR</arg>
<arg>AS</arg>
<arg>AT</arg>
<arg>AU</arg>
<arg>AW</arg>
<arg>AX</arg>
<arg>AZ</arg>
<arg>BA</arg>
<arg>BB</arg>
<arg>BD</arg>
<arg>BE</arg>
<arg>BF</arg>
<arg>BG</arg>
<arg>BH</arg>
<arg>BI</arg>
<arg>BJ</arg>
<arg>BL</arg>
<arg>BM</arg>
<arg>BN</arg>
<arg>BO</arg>
<arg>BQ</arg>
<arg>BR</arg>
<arg>BS</arg>
<arg>BT</arg>
<arg>BV</arg>
<arg>BW</arg>
<arg>BY</arg>
<arg>BZ</arg>
<arg>CA</arg>
<arg>CC</arg>
<arg>CD</arg>
<arg>CF</arg>
<arg>CG</arg>
<arg>CH</arg>
<arg>CI</arg>
<arg>CK</arg>
<arg>CL</arg>
<arg>CM</arg>
<arg>CN</arg>
<arg>CO</arg>
<arg>CR</arg>
<arg>CU</arg>
<arg>CV</arg>
<arg>CW</arg>
<arg>CX</arg>
<arg>CY</arg>
<arg>CZ</arg>
<arg>DE</arg>
<arg>DJ</arg>
<arg>DK</arg>
<arg>DM</arg>
<arg>DO</arg>
<arg>DZ</arg>
<arg>EC</arg>
<arg>EE</arg>
<arg>EG</arg>
<arg>EH</arg>
<arg>ER</arg>
<arg>ES</arg>
<arg>ET</arg>
<arg>FI</arg>
<arg>FJ</arg>
<arg>FK</arg>
<arg>FM</arg>
<arg>FO</arg>
<arg>FR</arg>
<arg>GA</arg>
<arg>GB</arg>
<arg>GD</arg>
<arg>GE</arg>
<arg>GF</arg>
<arg>GG</arg>
<arg>GH</arg>
<arg>GI</arg>
<arg>GL</arg>
<arg>GM</arg>
<arg>GN</arg>
<arg>GP</arg>
<arg>GQ</arg>
<arg>GR</arg>
<arg>GS</arg>
<arg>GT</arg>
<arg>GU</arg>
<arg>GW</arg>
<arg>GY</arg>
<arg>HK</arg>
<arg>HM</arg>
<arg>HN</arg>
<arg>HR</arg>
<arg>HT</arg>
<arg>HU</arg>
<arg>ID</arg>
<arg>IE</arg>
<arg>IL</arg>
<arg>IM</arg>
<arg>IN</arg>
<arg>IO</arg>
<arg>IQ</arg>
<arg>IR</arg>
<arg>IS</arg>
<arg>IT</arg>
<arg>JE</arg>
<arg>JM</arg>
<arg>JO</arg>
<arg>JP</arg>
<arg>KE</arg>
<arg>KG</arg>
<arg>KH</arg>
<arg>KI</arg>
<arg>KM</arg>
<arg>KN</arg>
<arg>KP</arg>
<arg>KR</arg>
<arg>KW</arg>
<arg>KY</arg>
<arg>KZ</arg>
<arg>LA</arg>
<arg>LB</arg>
<arg>LC</arg>
<arg>LI</arg>
<arg>LK</arg>
<arg>LR</arg>
<arg>LS</arg>
<arg>LT</arg>
<arg>LU</arg>
<arg>LV</arg>
<arg>LY</arg>
<arg>MA</arg>
<arg>MC</arg>
<arg>MD</arg>
<arg>ME</arg>
<arg>MF</arg>
<arg>MG</arg>
<arg>MH</arg>
<arg>MK</arg>
<arg>ML</arg>
<arg>MM</arg>
<arg>MN</arg>
<arg>MO</arg>
<arg>MP</arg>
<arg>MQ</arg>
<arg>MR</arg>
<arg>MS</arg>
<arg>MT</arg>
<arg>MU</arg>
<arg>MV</arg>
<arg>MW</arg>
<arg>MX</arg>
<arg>MY</arg>
<arg>MZ</arg>
<arg>NA</arg>
<arg>NC</arg>
<arg>NE</arg>
<arg>NF</arg>
<arg>NG</arg>
<arg>NI</arg>
<arg>NL</arg>
<arg>NO</arg>
<arg>NP</arg>
<arg>NR</arg>
<arg>NU</arg>
<arg>NZ</arg>
<arg>OM</arg>
<arg>PA</arg>
<arg>PE</arg>
<arg>PF</arg>
<arg>PG</arg>
<arg>PH</arg>
<arg>PK</arg>
<arg>PL</arg>
<arg>PM</arg>
<arg>PN</arg>
<arg>PR</arg>
<arg>PS</arg>
<arg>PT</arg>
<arg>PW</arg>
<arg>PY</arg>
<arg>QA</arg>
<arg>RE</arg>
<arg>RO</arg>
<arg>RS</arg>
<arg>RU</arg>
<arg>RW</arg>
<arg>SA</arg>
<arg>SB</arg>
<arg>SC</arg>
<arg>SD</arg>
<arg>SE</arg>
<arg>SG</arg>
<arg>SH</arg>
<arg>SI</arg>
<arg>SJ</arg>
<arg>SK</arg>
<arg>SL</arg>
<arg>SM</arg>
<arg>SN</arg>
<arg>SO</arg>
<arg>SR</arg>
<arg>SS</arg>
<arg>ST</arg>
<arg>SV</arg>
<arg>SX</arg>
<arg>SY</arg>
<arg>SZ</arg>
<arg>TC</arg>
<arg>TD</arg>
<arg>TF</arg>
<arg>TG</arg>
<arg>TH</arg>
<arg>TJ</arg>
<arg>TK</arg>
<arg>TL</arg>
<arg>TM</arg>
<arg>TN</arg>
<arg>TO</arg>
<arg>TR</arg>
<arg>TT</arg>
<arg>TV</arg>
<arg>TW</arg>
<arg>TZ</arg>
<arg>UA</arg>
<arg>UG</arg>
<arg>UM</arg>
<arg>US</arg>
<arg>UY</arg>
<arg>UZ</arg>
<arg>VA</arg>
<arg>VC</arg>
<arg>VE</arg>
<arg>VG</arg>
<arg>VI</arg>
<arg>VN</arg>
<arg>VU</arg>
<arg>WF</arg>
<arg>WS</arg>
<arg>XK</arg>
<arg>YE</arg>
<arg>YT</arg>
<arg>ZA</arg>
<arg>ZM</arg>
<arg>ZW</arg>
<doc>Returns a list containing given items.</doc>
<status status="PASS" start="2024-04-15T22:12:44.539518" elapsed="0.000632"/>
</kw>
<kw name="List Should Contain Value" owner="Collections">
<msg time="2024-04-15T22:12:44.541136" level="INFO">False</msg>
<arg>${list_country}</arg>
<arg>${name_country}</arg>
<doc>Fails if the ``value`` is not found from ``list``.</doc>
<status status="PASS" start="2024-04-15T22:12:44.540931" elapsed="0.000242"/>
</kw>
<kw name="Run Keyword If" owner="BuiltIn">
<kw name="Should Be True" owner="BuiltIn">
<arg>${True}</arg>
<doc>Fails if the given condition is not true.</doc>
<status status="PASS" start="2024-04-15T22:12:44.542341" elapsed="0.000145"/>
</kw>
<arg>${json_data["results"][0]["location"]["coordinates"]["latitude"]} &gt;= -90 and ${json_data["results"][0]["location"]["coordinates"]["latitude"]} &lt;= 90</arg>
<arg>Should Be True</arg>
<arg>${True}</arg>
<doc>Runs the given keyword with the given arguments, if ``condition`` is true.</doc>
<status status="PASS" start="2024-04-15T22:12:44.541484" elapsed="0.001129"/>
</kw>
<kw name="Run Keyword If" owner="BuiltIn">
<kw name="Should Be True" owner="BuiltIn">
<arg>${True}</arg>
<doc>Fails if the given condition is not true.</doc>
<status status="PASS" start="2024-04-15T22:12:44.543538" elapsed="0.000136"/>
</kw>
<arg>${json_data["results"][0]["location"]["coordinates"]["longitude"]} &gt;= -180 and ${json_data["results"][0]["location"]["coordinates"]["longitude"]} &lt;= 180</arg>
<arg>Should Be True</arg>
<arg>${True}</arg>
<doc>Runs the given keyword with the given arguments, if ``condition`` is true.</doc>
<status status="PASS" start="2024-04-15T22:12:44.542837" elapsed="0.000960"/>
</kw>
<status status="PASS" start="2024-04-15T22:12:44.432042" elapsed="0.111884"/>
</kw>
<doc>Testa o conteúdo específico dos campos retornados pela API.</doc>
<tag>testeConteudo</tag>
<status status="PASS" start="2024-04-15T22:12:44.431633" elapsed="0.112437"/>
</test>
<status status="PASS" start="2024-04-15T22:12:43.580767" elapsed="0.965162"/>
</suite>
<status status="PASS" start="2024-04-15T22:12:43.566935" elapsed="0.984251"/>
</suite>
<statistics>
<total>
<stat pass="5" fail="0" skip="0">All Tests</stat>
</total>
<tag>
<stat pass="1" fail="0" skip="0">testeConteudo</stat>
<stat pass="1" fail="0" skip="0">testeEstruturaResposta</stat>
<stat pass="1" fail="0" skip="0">testeRequisicaoBasica</stat>
<stat pass="1" fail="0" skip="0">testeTiposDados</stat>
</tag>
<suite>
<stat pass="5" fail="0" skip="0" id="s1" name="Tests">Tests</stat>
<stat pass="5" fail="0" skip="0" id="s1-s1" name="Random-User-Test">Tests.Random-User-Test</stat>
</suite>
</statistics>
<errors>
</errors>
</robot>
