<?xml version="1.0" encoding="UTF-8"?>
<robot generator="Robot 7.0 (Python 3.12.2 on linux)" generated="2024-04-03T13:16:54.690395" rpa="false" schemaversion="5">
<suite id="s1" name="Tests" source="/home/runner/work/DesafioQAItauRogerioJordao/DesafioQAItauRogerioJordao/RamdonUser/tests">
<suite id="s1-s1" name="Random-User-Test" source="/home/runner/work/DesafioQAItauRogerioJordao/DesafioQAItauRogerioJordao/RamdonUser/tests/random-user-test.robot">
<test id="s1-s1-t1" name="Conectar" line="13">
<kw name="Conectar API" owner="random-user-service">
<kw name="Create Session" owner="RequestsLibrary">
<msg time="2024-04-03T13:16:55.084422" level="INFO">Creating Session using : alias=consultarAPI, url=https://randomuser.me/, headers={},                     cookies={}, auth=None, timeout=None, proxies=None, verify=False,                     debug=0 </msg>
<arg>consultarAPI</arg>
<arg>${URL}</arg>
<doc>Create Session: create a HTTP session to a server</doc>
<status status="PASS" start="2024-04-03T13:16:55.084136" elapsed="0.000533"/>
</kw>
<status status="PASS" start="2024-04-03T13:16:55.082302" elapsed="0.002860"/>
</kw>
<status status="PASS" start="2024-04-03T13:16:55.081418" elapsed="0.004057"/>
</test>
<test id="s1-s1-t2" name="Validar retorno 200 e JSON Válido" line="16">
<kw name="Teste de Requisicao Basica" owner="random-user-service">
<kw name="GET On Session" owner="RequestsLibrary">
<msg time="2024-04-03T13:16:55.176851" level="INFO">GET Request : url=https://randomuser.me/api 
 path_url=/api 
 headers={'User-Agent': 'python-requests/2.31.0', 'Accept-Encoding': 'gzip, deflate', 'Accept': '*/*', 'Connection': 'keep-alive'} 
 body=None 
 </msg>
<msg time="2024-04-03T13:16:55.177001" level="INFO">GET Response : url=https://randomuser.me/api 
 status=200, reason=OK 
 headers={'Date': 'Wed, 03 Apr 2024 13:16:55 GMT', 'Content-Type': 'application/json; charset=utf-8', 'Transfer-Encoding': 'chunked', 'Connection': 'keep-alive', 'X-Powered-By': 'Express', 'Access-Control-Allow-Origin': '*', 'Cache-Control': 'no-cache', 'ETag': 'W/"48e-rt9b3lKS77gtjTzlJ98AKIgdClc"', 'Vary': 'Accept-Encoding', 'Content-Encoding': 'gzip', 'CF-Cache-Status': 'DYNAMIC', 'Report-To': '{"endpoints":[{"url":"https:\\/\\/a.nel.cloudflare.com\\/report\\/v4?s=%2FNfkE1JbFU35knxw1IqM7RkgYWi%2BWGQbZjGQdqxJglKm%2FViD53v46IV%2FHQNnJi7zaUzgG1ixT8uOEahgaXu9BO802663%2Be1Xx6enNlLqV%2BQQWIkt6UKUZOrqcheT6Tvc"}],"group":"cf-nel","max_age":604800}', 'NEL': '{"success_fraction":0,"report_to":"cf-nel","max_age":604800}', 'Server': 'cloudflare', 'CF-RAY': '86e955fc796a3b8c-IAD', 'alt-svc': 'h3=":443"; ma=86400'} 
 body={"results":[{"gender":"female","name":{"title":"Miss","first":"Brooklyn","last":"Wang"},"location":{"street":{"number":2098,"name":"Moray Place"},"city":"Masterton","state":"Auckland","country":"New Zealand","postcode":87236,"coordinates":{"latitude":"54.3958","longitude":"25.5659"},"timezone":{"offset":"+9:00","description":"Tokyo, Seoul, Osaka, Sapporo, Yakutsk"}},"email":"brooklyn.wang@example.com","login":{"uuid":"2d0e3860-d842-4177-8cb7-e37bf5b44b1c","username":"lazytiger288","password":"rene","salt":"GrjfBEdX","md5":"843d8e27098dcfd63decf4f7157e5443","sha1":"5190e8645742622b28f4d07499ab5a86bded48a9","sha256":"1d4e1af393a47ba106d648e510450ad43fe9dcf4071bbb025123999dedc16da7"},"dob":{"date":"1970-03-04T07:30:17.563Z","age":54},"registered":{"date":"2016-02-20T18:07:26.833Z","age":8},"phone":"(372)-271-7038","cell":"(902)-349-1338","id":{"name":"","value":null},"picture":{"large":"https://randomuser.me/api/portraits/women/91.jpg","medium":"https://randomuser.me/api/portraits/med/women/91.jpg","thumbnail":"https://randomuser.me/api/portraits/thumb/women/91.jpg"},"nat":"NZ"}],"info":{"seed":"8c429201f8da5b04","results":1,"page":1,"version":"1.4"}} 
 </msg>
<msg time="2024-04-03T13:16:55.177106" level="INFO">/opt/hostedtoolcache/Python/3.12.2/x64/lib/python3.12/site-packages/urllib3/connectionpool.py:1103: InsecureRequestWarning: Unverified HTTPS request is being made to host 'randomuser.me'. Adding certificate verification is strongly advised. See: https://urllib3.readthedocs.io/en/latest/advanced-usage.html#tls-warnings
  warnings.warn(</msg>
<msg time="2024-04-03T13:16:55.177265" level="INFO">${response} = &lt;Response [200]&gt;</msg>
<var>${response}</var>
<arg>consultarAPI</arg>
<arg>/api</arg>
<doc>Sends a GET request on a previously created HTTP Session.</doc>
<status status="PASS" start="2024-04-03T13:16:55.089572" elapsed="0.087752"/>
</kw>
<kw name="Should Be Equal As Numbers" owner="BuiltIn">
<msg time="2024-04-03T13:16:55.178326" level="INFO">Argument types are:
&lt;class 'int'&gt;
&lt;class 'str'&gt;</msg>
<arg>${response.status_code}</arg>
<arg>200</arg>
<doc>Fails if objects are unequal after converting them to real numbers.</doc>
<status status="PASS" start="2024-04-03T13:16:55.177843" elapsed="0.000552"/>
</kw>
<kw name="Log" owner="BuiltIn">
<msg time="2024-04-03T13:16:55.179064" level="INFO">200</msg>
<arg>${response.status_code}</arg>
<doc>Logs the given message with the given level.</doc>
<status status="PASS" start="2024-04-03T13:16:55.178712" elapsed="0.000394"/>
</kw>
<kw name="Set Variable" owner="BuiltIn">
<msg time="2024-04-03T13:16:55.179866" level="INFO">${json_data} = {'results': [{'gender': 'female', 'name': {'title': 'Miss', 'first': 'Brooklyn', 'last': 'Wang'}, 'location': {'street': {'number': 2098, 'name': 'Moray Place'}, 'city': 'Masterton', 'state': 'Aucklan...</msg>
<var>${json_data}</var>
<arg>${response.json()}</arg>
<doc>Returns the given values which can then be assigned to a variables.</doc>
<status status="PASS" start="2024-04-03T13:16:55.179437" elapsed="0.000457"/>
</kw>
<kw name="Dictionary Should Contain Key" owner="Collections">
<msg time="2024-04-03T13:16:55.180354" level="INFO">False</msg>
<arg>${json_data}</arg>
<arg>results</arg>
<doc>Fails if ``key`` is not found from ``dictionary``.</doc>
<status status="PASS" start="2024-04-03T13:16:55.180189" elapsed="0.000204"/>
</kw>
<status status="PASS" start="2024-04-03T13:16:55.089180" elapsed="0.091464"/>
</kw>
<doc>Testa se a API responde corretamente e retorna um objeto JSON válido.</doc>
<tag>testeRequisicaoBasica</tag>
<status status="PASS" start="2024-04-03T13:16:55.088487" elapsed="0.092344"/>
</test>
<test id="s1-s1-t3" name="Validar estrutura de resposta" line="22">
<kw name="Teste de Estrutura de Resposta" owner="random-user-service">
<kw name="GET On Session" owner="RequestsLibrary">
<msg time="2024-04-03T13:16:55.257933" level="INFO">GET Request : url=https://randomuser.me/api 
 path_url=/api 
 headers={'User-Agent': 'python-requests/2.31.0', 'Accept-Encoding': 'gzip, deflate', 'Accept': '*/*', 'Connection': 'keep-alive'} 
 body=None 
 </msg>
<msg time="2024-04-03T13:16:55.258056" level="INFO">GET Response : url=https://randomuser.me/api 
 status=200, reason=OK 
 headers={'Date': 'Wed, 03 Apr 2024 13:16:55 GMT', 'Content-Type': 'application/json; charset=utf-8', 'Transfer-Encoding': 'chunked', 'Connection': 'keep-alive', 'X-Powered-By': 'Express', 'Access-Control-Allow-Origin': '*', 'Cache-Control': 'no-cache', 'ETag': 'W/"498-K3EWmACtnNQEktHyWbhulchyJJ8"', 'Vary': 'Accept-Encoding', 'Content-Encoding': 'gzip', 'CF-Cache-Status': 'DYNAMIC', 'Report-To': '{"endpoints":[{"url":"https:\\/\\/a.nel.cloudflare.com\\/report\\/v4?s=YwFrvDlFjTP%2BkrGX9go225vKhVdbsIvYLPEqkRiqBtb%2FXU1PS64DjydXazM65DwcGGW1nQ2d6ZybcaCfN6ASGlWVWvE1Zg6cVpArtmlC73SUP6AGjH3cr1SsOJJwoc9K"}],"group":"cf-nel","max_age":604800}', 'NEL': '{"success_fraction":0,"report_to":"cf-nel","max_age":604800}', 'Server': 'cloudflare', 'CF-RAY': '86e955fce9de3b8c-IAD', 'alt-svc': 'h3=":443"; ma=86400'} 
 body={"results":[{"gender":"female","name":{"title":"Mrs","first":"Helene","last":"Aragão"},"location":{"street":{"number":9939,"name":"Rua São João "},"city":"Timon","state":"Rio Grande do Sul","country":"Brazil","postcode":57706,"coordinates":{"latitude":"-75.6278","longitude":"37.9496"},"timezone":{"offset":"+7:00","description":"Bangkok, Hanoi, Jakarta"}},"email":"helene.aragao@example.com","login":{"uuid":"605dfcec-8949-434b-b5ff-840c8668d2bf","username":"whiteleopard380","password":"zxcvb","salt":"JqJmrTou","md5":"a2440405696cb25d1ef5592cbddea020","sha1":"e1e61dece3902523f8eb85243dd2ec1c22903ba5","sha256":"bb9d01b1ea524b5e8c3e2b5c93ed1133b8b4db2e9f81e5e80ff76765fbe4b28d"},"dob":{"date":"1946-05-15T23:16:13.062Z","age":77},"registered":{"date":"2017-09-10T11:43:58.025Z","age":6},"phone":"(34) 5817-9669","cell":"(87) 0484-0234","id":{"name":"CPF","value":"355.225.851-11"},"picture":{"large":"https://randomuser.me/api/portraits/women/53.jpg","medium":"https://randomuser.me/api/portraits/med/women/53.jpg","thumbnail":"https://randomuser.me/api/portraits/thumb/women/53.jpg"},"nat":"BR"}],"info":{"seed":"f8c30a6796a3e780","results":1,"page":1,"version":"1.4"}} 
 </msg>
<msg time="2024-04-03T13:16:55.258230" level="INFO">/opt/hostedtoolcache/Python/3.12.2/x64/lib/python3.12/site-packages/urllib3/connectionpool.py:1103: InsecureRequestWarning: Unverified HTTPS request is being made to host 'randomuser.me'. Adding certificate verification is strongly advised. See: https://urllib3.readthedocs.io/en/latest/advanced-usage.html#tls-warnings
  warnings.warn(</msg>
<msg time="2024-04-03T13:16:55.258452" level="INFO">${response} = &lt;Response [200]&gt;</msg>
<var>${response}</var>
<arg>consultarAPI</arg>
<arg>/api</arg>
<doc>Sends a GET request on a previously created HTTP Session.</doc>
<status status="PASS" start="2024-04-03T13:16:55.183670" elapsed="0.074835"/>
</kw>
<kw name="Set Variable" owner="BuiltIn">
<msg time="2024-04-03T13:16:55.259554" level="INFO">${json_data} = {'results': [{'gender': 'female', 'name': {'title': 'Mrs', 'first': 'Helene', 'last': 'Aragão'}, 'location': {'street': {'number': 9939, 'name': 'Rua São João '}, 'city': 'Timon', 'state': 'Rio Grande...</msg>
<var>${json_data}</var>
<arg>${response.json()}</arg>
<doc>Returns the given values which can then be assigned to a variables.</doc>
<status status="PASS" start="2024-04-03T13:16:55.259037" elapsed="0.000546"/>
</kw>
<kw name="Log" owner="BuiltIn">
<msg time="2024-04-03T13:16:55.260058" level="INFO">{'results': [{'gender': 'female', 'name': {'title': 'Mrs', 'first': 'Helene', 'last': 'Aragão'}, 'location': {'street': {'number': 9939, 'name': 'Rua São João '}, 'city': 'Timon', 'state': 'Rio Grande do Sul', 'country': 'Brazil', 'postcode': 57706, 'coordinates': {'latitude': '-75.6278', 'longitude': '37.9496'}, 'timezone': {'offset': '+7:00', 'description': 'Bangkok, Hanoi, Jakarta'}}, 'email': 'helene.aragao@example.com', 'login': {'uuid': '605dfcec-8949-434b-b5ff-840c8668d2bf', 'username': 'whiteleopard380', 'password': 'zxcvb', 'salt': 'JqJmrTou', 'md5': 'a2440405696cb25d1ef5592cbddea020', 'sha1': 'e1e61dece3902523f8eb85243dd2ec1c22903ba5', 'sha256': 'bb9d01b1ea524b5e8c3e2b5c93ed1133b8b4db2e9f81e5e80ff76765fbe4b28d'}, 'dob': {'date': '1946-05-15T23:16:13.062Z', 'age': 77}, 'registered': {'date': '2017-09-10T11:43:58.025Z', 'age': 6}, 'phone': '(34) 5817-9669', 'cell': '(87) 0484-0234', 'id': {'name': 'CPF', 'value': '355.225.851-11'}, 'picture': {'large': 'https://randomuser.me/api/portraits/women/53.jpg', 'medium': 'https://randomuser.me/api/portraits/med/women/53.jpg', 'thumbnail': 'https://randomuser.me/api/portraits/thumb/women/53.jpg'}, 'nat': 'BR'}], 'info': {'seed': 'f8c30a6796a3e780', 'results': 1, 'page': 1, 'version': '1.4'}}</msg>
<arg>${json_data}</arg>
<doc>Logs the given message with the given level.</doc>
<status status="PASS" start="2024-04-03T13:16:55.259897" elapsed="0.000211"/>
</kw>
<kw name="Dictionary Should Contain Key" owner="Collections">
<msg time="2024-04-03T13:16:55.260560" level="INFO">False</msg>
<arg>${json_data}</arg>
<arg>results</arg>
<doc>Fails if ``key`` is not found from ``dictionary``.</doc>
<status status="PASS" start="2024-04-03T13:16:55.260403" elapsed="0.000194"/>
</kw>
<kw name="Should Not Be Empty" owner="BuiltIn">
<msg time="2024-04-03T13:16:55.261020" level="INFO">Length is 2.</msg>
<arg>${json_data}</arg>
<doc>Verifies that the given item is not empty.</doc>
<status status="PASS" start="2024-04-03T13:16:55.260888" elapsed="0.000170"/>
</kw>
<kw name="Create List" owner="BuiltIn">
<msg time="2024-04-03T13:16:55.261507" level="INFO">${expected_keys} = ['gender', 'name', 'location', 'email', 'login']</msg>
<var>${expected_keys}</var>
<arg>gender</arg>
<arg>name</arg>
<arg>location</arg>
<arg>email</arg>
<arg>login</arg>
<doc>Returns a list containing given items.</doc>
<status status="PASS" start="2024-04-03T13:16:55.261343" elapsed="0.000189"/>
</kw>
<for flavor="IN">
<iter>
<kw name="Dictionary Should Contain Key" owner="Collections">
<msg time="2024-04-03T13:16:55.262548" level="INFO">False</msg>
<arg>${json_data['results'][0]}</arg>
<arg>${key}</arg>
<doc>Fails if ``key`` is not found from ``dictionary``.</doc>
<status status="PASS" start="2024-04-03T13:16:55.262106" elapsed="0.000482"/>
</kw>
<kw name="Log" owner="BuiltIn">
<msg time="2024-04-03T13:16:55.263266" level="INFO">{'gender': 'female', 'name': {'title': 'Mrs', 'first': 'Helene', 'last': 'Aragão'}, 'location': {'street': {'number': 9939, 'name': 'Rua São João '}, 'city': 'Timon', 'state': 'Rio Grande do Sul', 'country': 'Brazil', 'postcode': 57706, 'coordinates': {'latitude': '-75.6278', 'longitude': '37.9496'}, 'timezone': {'offset': '+7:00', 'description': 'Bangkok, Hanoi, Jakarta'}}, 'email': 'helene.aragao@example.com', 'login': {'uuid': '605dfcec-8949-434b-b5ff-840c8668d2bf', 'username': 'whiteleopard380', 'password': 'zxcvb', 'salt': 'JqJmrTou', 'md5': 'a2440405696cb25d1ef5592cbddea020', 'sha1': 'e1e61dece3902523f8eb85243dd2ec1c22903ba5', 'sha256': 'bb9d01b1ea524b5e8c3e2b5c93ed1133b8b4db2e9f81e5e80ff76765fbe4b28d'}, 'dob': {'date': '1946-05-15T23:16:13.062Z', 'age': 77}, 'registered': {'date': '2017-09-10T11:43:58.025Z', 'age': 6}, 'phone': '(34) 5817-9669', 'cell': '(87) 0484-0234', 'id': {'name': 'CPF', 'value': '355.225.851-11'}, 'picture': {'large': 'https://randomuser.me/api/portraits/women/53.jpg', 'medium': 'https://randomuser.me/api/portraits/med/women/53.jpg', 'thumbnail': 'https://randomuser.me/api/portraits/thumb/women/53.jpg'}, 'nat': 'BR'}</msg>
<arg>${json_data['results'][0]}</arg>
<doc>Logs the given message with the given level.</doc>
<status status="PASS" start="2024-04-03T13:16:55.262896" elapsed="0.000427"/>
</kw>
<kw name="Log" owner="BuiltIn">
<msg time="2024-04-03T13:16:55.263768" level="INFO">gender</msg>
<arg>${key}</arg>
<doc>Logs the given message with the given level.</doc>
<status status="PASS" start="2024-04-03T13:16:55.263637" elapsed="0.000169"/>
</kw>
<var name="${key}">gender</var>
<status status="PASS" start="2024-04-03T13:16:55.261982" elapsed="0.002042"/>
</iter>
<iter>
<kw name="Dictionary Should Contain Key" owner="Collections">
<msg time="2024-04-03T13:16:55.264712" level="INFO">False</msg>
<arg>${json_data['results'][0]}</arg>
<arg>${key}</arg>
<doc>Fails if ``key`` is not found from ``dictionary``.</doc>
<status status="PASS" start="2024-04-03T13:16:55.264325" elapsed="0.000424"/>
</kw>
<kw name="Log" owner="BuiltIn">
<msg time="2024-04-03T13:16:55.265442" level="INFO">{'gender': 'female', 'name': {'title': 'Mrs', 'first': 'Helene', 'last': 'Aragão'}, 'location': {'street': {'number': 9939, 'name': 'Rua São João '}, 'city': 'Timon', 'state': 'Rio Grande do Sul', 'country': 'Brazil', 'postcode': 57706, 'coordinates': {'latitude': '-75.6278', 'longitude': '37.9496'}, 'timezone': {'offset': '+7:00', 'description': 'Bangkok, Hanoi, Jakarta'}}, 'email': 'helene.aragao@example.com', 'login': {'uuid': '605dfcec-8949-434b-b5ff-840c8668d2bf', 'username': 'whiteleopard380', 'password': 'zxcvb', 'salt': 'JqJmrTou', 'md5': 'a2440405696cb25d1ef5592cbddea020', 'sha1': 'e1e61dece3902523f8eb85243dd2ec1c22903ba5', 'sha256': 'bb9d01b1ea524b5e8c3e2b5c93ed1133b8b4db2e9f81e5e80ff76765fbe4b28d'}, 'dob': {'date': '1946-05-15T23:16:13.062Z', 'age': 77}, 'registered': {'date': '2017-09-10T11:43:58.025Z', 'age': 6}, 'phone': '(34) 5817-9669', 'cell': '(87) 0484-0234', 'id': {'name': 'CPF', 'value': '355.225.851-11'}, 'picture': {'large': 'https://randomuser.me/api/portraits/women/53.jpg', 'medium': 'https://randomuser.me/api/portraits/med/women/53.jpg', 'thumbnail': 'https://randomuser.me/api/portraits/thumb/women/53.jpg'}, 'nat': 'BR'}</msg>
<arg>${json_data['results'][0]}</arg>
<doc>Logs the given message with the given level.</doc>
<status status="PASS" start="2024-04-03T13:16:55.265077" elapsed="0.000414"/>
</kw>
<kw name="Log" owner="BuiltIn">
<msg time="2024-04-03T13:16:55.265914" level="INFO">name</msg>
<arg>${key}</arg>
<doc>Logs the given message with the given level.</doc>
<status status="PASS" start="2024-04-03T13:16:55.265787" elapsed="0.000164"/>
</kw>
<var name="${key}">name</var>
<status status="PASS" start="2024-04-03T13:16:55.264212" elapsed="0.001955"/>
</iter>
<iter>
<kw name="Dictionary Should Contain Key" owner="Collections">
<msg time="2024-04-03T13:16:55.266882" level="INFO">False</msg>
<arg>${json_data['results'][0]}</arg>
<arg>${key}</arg>
<doc>Fails if ``key`` is not found from ``dictionary``.</doc>
<status status="PASS" start="2024-04-03T13:16:55.266501" elapsed="0.000419"/>
</kw>
<kw name="Log" owner="BuiltIn">
<msg time="2024-04-03T13:16:55.267577" level="INFO">{'gender': 'female', 'name': {'title': 'Mrs', 'first': 'Helene', 'last': 'Aragão'}, 'location': {'street': {'number': 9939, 'name': 'Rua São João '}, 'city': 'Timon', 'state': 'Rio Grande do Sul', 'country': 'Brazil', 'postcode': 57706, 'coordinates': {'latitude': '-75.6278', 'longitude': '37.9496'}, 'timezone': {'offset': '+7:00', 'description': 'Bangkok, Hanoi, Jakarta'}}, 'email': 'helene.aragao@example.com', 'login': {'uuid': '605dfcec-8949-434b-b5ff-840c8668d2bf', 'username': 'whiteleopard380', 'password': 'zxcvb', 'salt': 'JqJmrTou', 'md5': 'a2440405696cb25d1ef5592cbddea020', 'sha1': 'e1e61dece3902523f8eb85243dd2ec1c22903ba5', 'sha256': 'bb9d01b1ea524b5e8c3e2b5c93ed1133b8b4db2e9f81e5e80ff76765fbe4b28d'}, 'dob': {'date': '1946-05-15T23:16:13.062Z', 'age': 77}, 'registered': {'date': '2017-09-10T11:43:58.025Z', 'age': 6}, 'phone': '(34) 5817-9669', 'cell': '(87) 0484-0234', 'id': {'name': 'CPF', 'value': '355.225.851-11'}, 'picture': {'large': 'https://randomuser.me/api/portraits/women/53.jpg', 'medium': 'https://randomuser.me/api/portraits/med/women/53.jpg', 'thumbnail': 'https://randomuser.me/api/portraits/thumb/women/53.jpg'}, 'nat': 'BR'}</msg>
<arg>${json_data['results'][0]}</arg>
<doc>Logs the given message with the given level.</doc>
<status status="PASS" start="2024-04-03T13:16:55.267219" elapsed="0.000415"/>
</kw>
<kw name="Log" owner="BuiltIn">
<msg time="2024-04-03T13:16:55.268054" level="INFO">location</msg>
<arg>${key}</arg>
<doc>Logs the given message with the given level.</doc>
<status status="PASS" start="2024-04-03T13:16:55.267928" elapsed="0.000165"/>
</kw>
<var name="${key}">location</var>
<status status="PASS" start="2024-04-03T13:16:55.266388" elapsed="0.001919"/>
</iter>
<iter>
<kw name="Dictionary Should Contain Key" owner="Collections">
<msg time="2024-04-03T13:16:55.268969" level="INFO">False</msg>
<arg>${json_data['results'][0]}</arg>
<arg>${key}</arg>
<doc>Fails if ``key`` is not found from ``dictionary``.</doc>
<status status="PASS" start="2024-04-03T13:16:55.268590" elapsed="0.000417"/>
</kw>
<kw name="Log" owner="BuiltIn">
<msg time="2024-04-03T13:16:55.269663" level="INFO">{'gender': 'female', 'name': {'title': 'Mrs', 'first': 'Helene', 'last': 'Aragão'}, 'location': {'street': {'number': 9939, 'name': 'Rua São João '}, 'city': 'Timon', 'state': 'Rio Grande do Sul', 'country': 'Brazil', 'postcode': 57706, 'coordinates': {'latitude': '-75.6278', 'longitude': '37.9496'}, 'timezone': {'offset': '+7:00', 'description': 'Bangkok, Hanoi, Jakarta'}}, 'email': 'helene.aragao@example.com', 'login': {'uuid': '605dfcec-8949-434b-b5ff-840c8668d2bf', 'username': 'whiteleopard380', 'password': 'zxcvb', 'salt': 'JqJmrTou', 'md5': 'a2440405696cb25d1ef5592cbddea020', 'sha1': 'e1e61dece3902523f8eb85243dd2ec1c22903ba5', 'sha256': 'bb9d01b1ea524b5e8c3e2b5c93ed1133b8b4db2e9f81e5e80ff76765fbe4b28d'}, 'dob': {'date': '1946-05-15T23:16:13.062Z', 'age': 77}, 'registered': {'date': '2017-09-10T11:43:58.025Z', 'age': 6}, 'phone': '(34) 5817-9669', 'cell': '(87) 0484-0234', 'id': {'name': 'CPF', 'value': '355.225.851-11'}, 'picture': {'large': 'https://randomuser.me/api/portraits/women/53.jpg', 'medium': 'https://randomuser.me/api/portraits/med/women/53.jpg', 'thumbnail': 'https://randomuser.me/api/portraits/thumb/women/53.jpg'}, 'nat': 'BR'}</msg>
<arg>${json_data['results'][0]}</arg>
<doc>Logs the given message with the given level.</doc>
<status status="PASS" start="2024-04-03T13:16:55.269302" elapsed="0.000410"/>
</kw>
<kw name="Log" owner="BuiltIn">
<msg time="2024-04-03T13:16:55.270129" level="INFO">email</msg>
<arg>${key}</arg>
<doc>Logs the given message with the given level.</doc>
<status status="PASS" start="2024-04-03T13:16:55.270003" elapsed="0.000163"/>
</kw>
<var name="${key}">email</var>
<status status="PASS" start="2024-04-03T13:16:55.268479" elapsed="0.001926"/>
</iter>
<iter>
<kw name="Dictionary Should Contain Key" owner="Collections">
<msg time="2024-04-03T13:16:55.271075" level="INFO">False</msg>
<arg>${json_data['results'][0]}</arg>
<arg>${key}</arg>
<doc>Fails if ``key`` is not found from ``dictionary``.</doc>
<status status="PASS" start="2024-04-03T13:16:55.270694" elapsed="0.000418"/>
</kw>
<kw name="Log" owner="BuiltIn">
<msg time="2024-04-03T13:16:55.271763" level="INFO">{'gender': 'female', 'name': {'title': 'Mrs', 'first': 'Helene', 'last': 'Aragão'}, 'location': {'street': {'number': 9939, 'name': 'Rua São João '}, 'city': 'Timon', 'state': 'Rio Grande do Sul', 'country': 'Brazil', 'postcode': 57706, 'coordinates': {'latitude': '-75.6278', 'longitude': '37.9496'}, 'timezone': {'offset': '+7:00', 'description': 'Bangkok, Hanoi, Jakarta'}}, 'email': 'helene.aragao@example.com', 'login': {'uuid': '605dfcec-8949-434b-b5ff-840c8668d2bf', 'username': 'whiteleopard380', 'password': 'zxcvb', 'salt': 'JqJmrTou', 'md5': 'a2440405696cb25d1ef5592cbddea020', 'sha1': 'e1e61dece3902523f8eb85243dd2ec1c22903ba5', 'sha256': 'bb9d01b1ea524b5e8c3e2b5c93ed1133b8b4db2e9f81e5e80ff76765fbe4b28d'}, 'dob': {'date': '1946-05-15T23:16:13.062Z', 'age': 77}, 'registered': {'date': '2017-09-10T11:43:58.025Z', 'age': 6}, 'phone': '(34) 5817-9669', 'cell': '(87) 0484-0234', 'id': {'name': 'CPF', 'value': '355.225.851-11'}, 'picture': {'large': 'https://randomuser.me/api/portraits/women/53.jpg', 'medium': 'https://randomuser.me/api/portraits/med/women/53.jpg', 'thumbnail': 'https://randomuser.me/api/portraits/thumb/women/53.jpg'}, 'nat': 'BR'}</msg>
<arg>${json_data['results'][0]}</arg>
<doc>Logs the given message with the given level.</doc>
<status status="PASS" start="2024-04-03T13:16:55.271405" elapsed="0.000406"/>
</kw>
<kw name="Log" owner="BuiltIn">
<msg time="2024-04-03T13:16:55.272232" level="INFO">login</msg>
<arg>${key}</arg>
<doc>Logs the given message with the given level.</doc>
<status status="PASS" start="2024-04-03T13:16:55.272106" elapsed="0.000272"/>
</kw>
<var name="${key}">login</var>
<status status="PASS" start="2024-04-03T13:16:55.270578" elapsed="0.002050"/>
</iter>
<var>${key}</var>
<value>@{expected_keys}</value>
<status status="PASS" start="2024-04-03T13:16:55.261790" elapsed="0.010968"/>
</for>
<kw name="Create List" owner="BuiltIn">
<msg time="2024-04-03T13:16:55.273094" level="INFO">${expected_keysTwo} = ['username', 'password']</msg>
<var>${expected_keysTwo}</var>
<arg>username</arg>
<arg>password</arg>
<doc>Returns a list containing given items.</doc>
<status status="PASS" start="2024-04-03T13:16:55.272954" elapsed="0.000164"/>
</kw>
<for flavor="IN">
<iter>
<kw name="Dictionary Should Contain Key" owner="Collections">
<msg time="2024-04-03T13:16:55.274003" level="INFO">False</msg>
<arg>${json_data['results'][0]['login']}</arg>
<arg>${keyTwo}</arg>
<doc>Fails if ``key`` is not found from ``dictionary``.</doc>
<status status="PASS" start="2024-04-03T13:16:55.273619" elapsed="0.000421"/>
</kw>
<kw name="Dictionary Should Contain Key" owner="Collections">
<msg time="2024-04-03T13:16:55.274752" level="INFO">False</msg>
<arg>${json_data['results'][0]['login']}</arg>
<arg>${keyTwo}</arg>
<doc>Fails if ``key`` is not found from ``dictionary``.</doc>
<status status="PASS" start="2024-04-03T13:16:55.274362" elapsed="0.000428"/>
</kw>
<kw name="Log" owner="BuiltIn">
<msg time="2024-04-03T13:16:55.275213" level="INFO">username</msg>
<arg>${keyTwo}</arg>
<doc>Logs the given message with the given level.</doc>
<status status="PASS" start="2024-04-03T13:16:55.275085" elapsed="0.000165"/>
</kw>
<var name="${keyTwo}">username</var>
<status status="PASS" start="2024-04-03T13:16:55.273509" elapsed="0.001958"/>
</iter>
<iter>
<kw name="Dictionary Should Contain Key" owner="Collections">
<msg time="2024-04-03T13:16:55.276241" level="INFO">False</msg>
<arg>${json_data['results'][0]['login']}</arg>
<arg>${keyTwo}</arg>
<doc>Fails if ``key`` is not found from ``dictionary``.</doc>
<status status="PASS" start="2024-04-03T13:16:55.275750" elapsed="0.000550"/>
</kw>
<kw name="Dictionary Should Contain Key" owner="Collections">
<msg time="2024-04-03T13:16:55.277062" level="INFO">False</msg>
<arg>${json_data['results'][0]['login']}</arg>
<arg>${keyTwo}</arg>
<doc>Fails if ``key`` is not found from ``dictionary``.</doc>
<status status="PASS" start="2024-04-03T13:16:55.276680" elapsed="0.000421"/>
</kw>
<kw name="Log" owner="BuiltIn">
<msg time="2024-04-03T13:16:55.277524" level="INFO">password</msg>
<arg>${keyTwo}</arg>
<doc>Logs the given message with the given level.</doc>
<status status="PASS" start="2024-04-03T13:16:55.277394" elapsed="0.000169"/>
</kw>
<var name="${keyTwo}">password</var>
<status status="PASS" start="2024-04-03T13:16:55.275641" elapsed="0.002138"/>
</iter>
<var>${keyTwo}</var>
<value>@{expected_keysTwo}</value>
<status status="PASS" start="2024-04-03T13:16:55.273356" elapsed="0.004544"/>
</for>
<status status="PASS" start="2024-04-03T13:16:55.183433" elapsed="0.094610"/>
</kw>
<doc>Testa a estrutura da resposta da API.</doc>
<tag>testeEstruturaResposta</tag>
<status status="PASS" start="2024-04-03T13:16:55.182688" elapsed="0.095519"/>
</test>
<test id="s1-s1-t4" name="Validar tipos de dados" line="28">
<kw name="Teste de Tipos de Dados" owner="random-user-service">
<kw name="GET On Session" owner="RequestsLibrary">
<msg time="2024-04-03T13:16:55.347188" level="INFO">GET Request : url=https://randomuser.me/api 
 path_url=/api 
 headers={'User-Agent': 'python-requests/2.31.0', 'Accept-Encoding': 'gzip, deflate', 'Accept': '*/*', 'Connection': 'keep-alive'} 
 body=None 
 </msg>
<msg time="2024-04-03T13:16:55.347296" level="INFO">GET Response : url=https://randomuser.me/api 
 status=200, reason=OK 
 headers={'Date': 'Wed, 03 Apr 2024 13:16:55 GMT', 'Content-Type': 'application/json; charset=utf-8', 'Transfer-Encoding': 'chunked', 'Connection': 'keep-alive', 'X-Powered-By': 'Express', 'Access-Control-Allow-Origin': '*', 'Cache-Control': 'no-cache', 'ETag': 'W/"48b-nLvQswVjSd+JZ+6JkM8nlB3AgA0"', 'Vary': 'Accept-Encoding', 'Content-Encoding': 'gzip', 'CF-Cache-Status': 'DYNAMIC', 'Report-To': '{"endpoints":[{"url":"https:\\/\\/a.nel.cloudflare.com\\/report\\/v4?s=1jRtfxmrwX6gGclBLhP02KsrRd6DYHJB3XmJ31SZN9I31MOVaxajH9kiSFQWFcbimrdtZLPrtvB8rgB%2BVhY8nN6Ub3dqZP1eKduiELEEITiqQZiJWFKFd99IjxBI0kP3"}],"group":"cf-nel","max_age":604800}', 'NEL': '{"success_fraction":0,"report_to":"cf-nel","max_age":604800}', 'Server': 'cloudflare', 'CF-RAY': '86e955fd8a863b8c-IAD', 'alt-svc': 'h3=":443"; ma=86400'} 
 body={"results":[{"gender":"female","name":{"title":"Miss","first":"Lily","last":"Lo"},"location":{"street":{"number":3500,"name":"Lake of Bays Road"},"city":"Alma","state":"British Columbia","country":"Canada","postcode":"L6U 0T1","coordinates":{"latitude":"-69.5303","longitude":"76.6006"},"timezone":{"offset":"-7:00","description":"Mountain Time (US &amp; Canada)"}},"email":"lily.lo@example.com","login":{"uuid":"b9335901-fd43-4ba4-a852-ed7566e9fe53","username":"blacktiger870","password":"europa","salt":"3plSQs6I","md5":"bf9d407c995460c609a727d458db24e8","sha1":"7bc8f48b4b9f6b3dad5e93b5170719ffd58cf0e2","sha256":"fe572e9c465a5b54c936754aee08b0fd1aa07ae4aeac2d2d166ca21cc6d6176b"},"dob":{"date":"1971-07-29T20:38:47.826Z","age":52},"registered":{"date":"2008-07-25T01:04:33.805Z","age":15},"phone":"K95 Z93-1681","cell":"E56 K84-7959","id":{"name":"SIN","value":"458132982"},"picture":{"large":"https://randomuser.me/api/portraits/women/38.jpg","medium":"https://randomuser.me/api/portraits/med/women/38.jpg","thumbnail":"https://randomuser.me/api/portraits/thumb/women/38.jpg"},"nat":"CA"}],"info":{"seed":"738ff19034218bdb","results":1,"page":1,"version":"1.4"}} 
 </msg>
<msg time="2024-04-03T13:16:55.347379" level="INFO">/opt/hostedtoolcache/Python/3.12.2/x64/lib/python3.12/site-packages/urllib3/connectionpool.py:1103: InsecureRequestWarning: Unverified HTTPS request is being made to host 'randomuser.me'. Adding certificate verification is strongly advised. See: https://urllib3.readthedocs.io/en/latest/advanced-usage.html#tls-warnings
  warnings.warn(</msg>
<msg time="2024-04-03T13:16:55.347542" level="INFO">${response} = &lt;Response [200]&gt;</msg>
<var>${response}</var>
<arg>consultarAPI</arg>
<arg>/api</arg>
<doc>Sends a GET request on a previously created HTTP Session.</doc>
<status status="PASS" start="2024-04-03T13:16:55.280785" elapsed="0.066810"/>
</kw>
<kw name="Set Variable" owner="BuiltIn">
<msg time="2024-04-03T13:16:55.348602" level="INFO">${json_data} = {'results': [{'gender': 'female', 'name': {'title': 'Miss', 'first': 'Lily', 'last': 'Lo'}, 'location': {'street': {'number': 3500, 'name': 'Lake of Bays Road'}, 'city': 'Alma', 'state': 'British Colu...</msg>
<var>${json_data}</var>
<arg>${response.json()}</arg>
<doc>Returns the given values which can then be assigned to a variables.</doc>
<status status="PASS" start="2024-04-03T13:16:55.348103" elapsed="0.000527"/>
</kw>
<kw name="Log" owner="BuiltIn">
<msg time="2024-04-03T13:16:55.349101" level="INFO">{'results': [{'gender': 'female', 'name': {'title': 'Miss', 'first': 'Lily', 'last': 'Lo'}, 'location': {'street': {'number': 3500, 'name': 'Lake of Bays Road'}, 'city': 'Alma', 'state': 'British Columbia', 'country': 'Canada', 'postcode': 'L6U 0T1', 'coordinates': {'latitude': '-69.5303', 'longitude': '76.6006'}, 'timezone': {'offset': '-7:00', 'description': 'Mountain Time (US &amp; Canada)'}}, 'email': 'lily.lo@example.com', 'login': {'uuid': 'b9335901-fd43-4ba4-a852-ed7566e9fe53', 'username': 'blacktiger870', 'password': 'europa', 'salt': '3plSQs6I', 'md5': 'bf9d407c995460c609a727d458db24e8', 'sha1': '7bc8f48b4b9f6b3dad5e93b5170719ffd58cf0e2', 'sha256': 'fe572e9c465a5b54c936754aee08b0fd1aa07ae4aeac2d2d166ca21cc6d6176b'}, 'dob': {'date': '1971-07-29T20:38:47.826Z', 'age': 52}, 'registered': {'date': '2008-07-25T01:04:33.805Z', 'age': 15}, 'phone': 'K95 Z93-1681', 'cell': 'E56 K84-7959', 'id': {'name': 'SIN', 'value': '458132982'}, 'picture': {'large': 'https://randomuser.me/api/portraits/women/38.jpg', 'medium': 'https://randomuser.me/api/portraits/med/women/38.jpg', 'thumbnail': 'https://randomuser.me/api/portraits/thumb/women/38.jpg'}, 'nat': 'CA'}], 'info': {'seed': '738ff19034218bdb', 'results': 1, 'page': 1, 'version': '1.4'}}</msg>
<arg>${json_data}</arg>
<doc>Logs the given message with the given level.</doc>
<status status="PASS" start="2024-04-03T13:16:55.348942" elapsed="0.000245"/>
</kw>
<kw name="Should Be String" owner="String">
<arg>${json_data['results'][0]['gender']}</arg>
<doc>Fails if the given ``item`` is not a string.</doc>
<status status="PASS" start="2024-04-03T13:16:55.349489" elapsed="0.000362"/>
</kw>
<kw name="Should Match Regexp" owner="BuiltIn">
<arg>${json_data['results'][0]['email']}</arg>
<arg>^[a-zA-Z0-9._%+-]+@[a-zA-Z0-9.-]+\.[a-zA-Z]{2,}$</arg>
<doc>Fails if ``string`` does not match ``pattern`` as a regular expression.</doc>
<status status="PASS" start="2024-04-03T13:16:55.350051" elapsed="0.000572"/>
</kw>
<kw name="Should Match Regexp" owner="BuiltIn">
<arg>${json_data['results'][0]['dob']['date']}</arg>
<arg>\\d{4}-\\d{2}-\\d{2}T\\d{2}:\\d{2}:\\d{2}\\.\\d{3}Z</arg>
<doc>Fails if ``string`` does not match ``pattern`` as a regular expression.</doc>
<status status="PASS" start="2024-04-03T13:16:55.350823" elapsed="0.000499"/>
</kw>
<kw name="Should Match Regexp" owner="BuiltIn">
<arg>${json_data['results'][0]['registered']['date']}</arg>
<arg>\\d{4}-\\d{2}-\\d{2}T\\d{2}:\\d{2}:\\d{2}\\.\\d{3}Z</arg>
<doc>Fails if ``string`` does not match ``pattern`` as a regular expression.</doc>
<status status="PASS" start="2024-04-03T13:16:55.351516" elapsed="0.000367"/>
</kw>
<kw name="Should Match Regexp" owner="BuiltIn">
<arg>${json_data['results'][0]['picture']['large']}</arg>
<arg>^https?://.*\.(?:png|jpe?g|gif|bmp)$</arg>
<doc>Fails if ``string`` does not match ``pattern`` as a regular expression.</doc>
<status status="PASS" start="2024-04-03T13:16:55.352067" elapsed="0.000451"/>
</kw>
<kw name="Should Match Regexp" owner="BuiltIn">
<arg>${json_data['results'][0]['picture']['medium']}</arg>
<arg>^https?://.*\.(?:png|jpe?g|gif|bmp)$</arg>
<doc>Fails if ``string`` does not match ``pattern`` as a regular expression.</doc>
<status status="PASS" start="2024-04-03T13:16:55.352705" elapsed="0.000359"/>
</kw>
<kw name="Should Match Regexp" owner="BuiltIn">
<arg>${json_data['results'][0]['picture']['thumbnail']}</arg>
<arg>^https?://.*\.(?:png|jpe?g|gif|bmp)$</arg>
<doc>Fails if ``string`` does not match ``pattern`` as a regular expression.</doc>
<status status="PASS" start="2024-04-03T13:16:55.353246" elapsed="0.000348"/>
</kw>
<kw name="Log" owner="BuiltIn">
<msg time="2024-04-03T13:16:55.354095" level="INFO">{'large': 'https://randomuser.me/api/portraits/women/38.jpg', 'medium': 'https://randomuser.me/api/portraits/med/women/38.jpg', 'thumbnail': 'https://randomuser.me/api/portraits/thumb/women/38.jpg'}</msg>
<arg>${json_data['results'][0]['picture']}</arg>
<doc>Logs the given message with the given level.</doc>
<status status="PASS" start="2024-04-03T13:16:55.353773" elapsed="0.000369"/>
</kw>
<status status="PASS" start="2024-04-03T13:16:55.280546" elapsed="0.073875"/>
</kw>
<kw name="Teste de Tipos de Dados - Postcode" owner="random-user-service">
<kw name="GET On Session" owner="RequestsLibrary">
<msg time="2024-04-03T13:16:55.457016" level="INFO">GET Request : url=https://randomuser.me/api 
 path_url=/api 
 headers={'User-Agent': 'python-requests/2.31.0', 'Accept-Encoding': 'gzip, deflate', 'Accept': '*/*', 'Connection': 'keep-alive'} 
 body=None 
 </msg>
<msg time="2024-04-03T13:16:55.457114" level="INFO">GET Response : url=https://randomuser.me/api 
 status=200, reason=OK 
 headers={'Date': 'Wed, 03 Apr 2024 13:16:55 GMT', 'Content-Type': 'application/json; charset=utf-8', 'Transfer-Encoding': 'chunked', 'Connection': 'keep-alive', 'X-Powered-By': 'Express', 'Access-Control-Allow-Origin': '*', 'Cache-Control': 'no-cache', 'ETag': 'W/"45e-x8wkdmjJzSNG7N8oStKcMOGd0IE"', 'Vary': 'Accept-Encoding', 'Content-Encoding': 'gzip', 'CF-Cache-Status': 'DYNAMIC', 'Report-To': '{"endpoints":[{"url":"https:\\/\\/a.nel.cloudflare.com\\/report\\/v4?s=Dj%2F8Bzk2ZSNXYz8I3DJmqX2m%2F7I%2Fi%2BsJB44NIcp8qJuxAZ6KguztQVLszvuCqsHgJSU6LRctfHuf2hfoVaE9P5rbKX%2FnDrdc%2Feedfw24RGaSGs8hkNZd1YTCn63KDsXn"}],"group":"cf-nel","max_age":604800}', 'NEL': '{"success_fraction":0,"report_to":"cf-nel","max_age":604800}', 'Server': 'cloudflare', 'CF-RAY': '86e955fdfb123b8c-IAD', 'alt-svc': 'h3=":443"; ma=86400'} 
 body={"results":[{"gender":"female","name":{"title":"Miss","first":"Ayşe","last":"Erbay"},"location":{"street":{"number":5101,"name":"Necatibey Cd"},"city":"Artvin","state":"Rize","country":"Turkey","postcode":22945,"coordinates":{"latitude":"64.5676","longitude":"22.1978"},"timezone":{"offset":"+3:30","description":"Tehran"}},"email":"ayse.erbay@example.com","login":{"uuid":"0519881a-2626-48b4-af03-2a4a395a65a9","username":"browndog665","password":"1941","salt":"AkAGRqO9","md5":"f263ebd893a1c115c56af9274c06a253","sha1":"f6954b160265fb08b133c63789cf707524eea811","sha256":"8ea11ed9db6a96baca009e5fcd6fbe93df267d5221f147c881eef2826fd146f3"},"dob":{"date":"1960-02-03T00:12:41.578Z","age":64},"registered":{"date":"2015-08-22T16:32:06.118Z","age":8},"phone":"(536)-436-6071","cell":"(260)-738-1744","id":{"name":"","value":null},"picture":{"large":"https://randomuser.me/api/portraits/women/21.jpg","medium":"https://randomuser.me/api/portraits/med/women/21.jpg","thumbnail":"https://randomuser.me/api/portraits/thumb/women/21.jpg"},"nat":"TR"}],"info":{"seed":"71c7fda1e56ad79f","results":1,"page":1,"version":"1.4"}} 
 </msg>
<msg time="2024-04-03T13:16:55.457205" level="INFO">/opt/hostedtoolcache/Python/3.12.2/x64/lib/python3.12/site-packages/urllib3/connectionpool.py:1103: InsecureRequestWarning: Unverified HTTPS request is being made to host 'randomuser.me'. Adding certificate verification is strongly advised. See: https://urllib3.readthedocs.io/en/latest/advanced-usage.html#tls-warnings
  warnings.warn(</msg>
<msg time="2024-04-03T13:16:55.457351" level="INFO">${response} = &lt;Response [200]&gt;</msg>
<var>${response}</var>
<arg>consultarAPI</arg>
<arg>/api</arg>
<doc>Sends a GET request on a previously created HTTP Session.</doc>
<status status="PASS" start="2024-04-03T13:16:55.355026" elapsed="0.102369"/>
</kw>
<kw name="Set Variable" owner="BuiltIn">
<msg time="2024-04-03T13:16:55.458500" level="INFO">${json_data} = {'results': [{'gender': 'female', 'name': {'title': 'Miss', 'first': 'Ayşe', 'last': 'Erbay'}, 'location': {'street': {'number': 5101, 'name': 'Necatibey Cd'}, 'city': 'Artvin', 'state': 'Rize', 'coun...</msg>
<var>${json_data}</var>
<arg>${response.json()}</arg>
<doc>Returns the given values which can then be assigned to a variables.</doc>
<status status="PASS" start="2024-04-03T13:16:55.457943" elapsed="0.000586"/>
</kw>
<kw name="Log" owner="BuiltIn">
<msg time="2024-04-03T13:16:55.459009" level="INFO">{'results': [{'gender': 'female', 'name': {'title': 'Miss', 'first': 'Ayşe', 'last': 'Erbay'}, 'location': {'street': {'number': 5101, 'name': 'Necatibey Cd'}, 'city': 'Artvin', 'state': 'Rize', 'country': 'Turkey', 'postcode': 22945, 'coordinates': {'latitude': '64.5676', 'longitude': '22.1978'}, 'timezone': {'offset': '+3:30', 'description': 'Tehran'}}, 'email': 'ayse.erbay@example.com', 'login': {'uuid': '0519881a-2626-48b4-af03-2a4a395a65a9', 'username': 'browndog665', 'password': '1941', 'salt': 'AkAGRqO9', 'md5': 'f263ebd893a1c115c56af9274c06a253', 'sha1': 'f6954b160265fb08b133c63789cf707524eea811', 'sha256': '8ea11ed9db6a96baca009e5fcd6fbe93df267d5221f147c881eef2826fd146f3'}, 'dob': {'date': '1960-02-03T00:12:41.578Z', 'age': 64}, 'registered': {'date': '2015-08-22T16:32:06.118Z', 'age': 8}, 'phone': '(536)-436-6071', 'cell': '(260)-738-1744', 'id': {'name': '', 'value': None}, 'picture': {'large': 'https://randomuser.me/api/portraits/women/21.jpg', 'medium': 'https://randomuser.me/api/portraits/med/women/21.jpg', 'thumbnail': 'https://randomuser.me/api/portraits/thumb/women/21.jpg'}, 'nat': 'TR'}], 'info': {'seed': '71c7fda1e56ad79f', 'results': 1, 'page': 1, 'version': '1.4'}}</msg>
<arg>${json_data}</arg>
<doc>Logs the given message with the given level.</doc>
<status status="PASS" start="2024-04-03T13:16:55.458853" elapsed="0.000245"/>
</kw>
<kw name="Should Be Equal As Numbers" owner="BuiltIn">
<arg>${json_data['results'][0]['location']['postcode']}</arg>
<arg>${json_data['results'][0]['location']['postcode']}</arg>
<doc>Fails if objects are unequal after converting them to real numbers.</doc>
<status status="PASS" start="2024-04-03T13:16:55.459402" elapsed="0.000634"/>
</kw>
<kw name="Log" owner="BuiltIn">
<msg time="2024-04-03T13:16:55.460566" level="INFO">22945</msg>
<arg>${json_data['results'][0]['location']['postcode']}</arg>
<doc>Logs the given message with the given level.</doc>
<status status="PASS" start="2024-04-03T13:16:55.460229" elapsed="0.000377"/>
</kw>
<status status="PASS" start="2024-04-03T13:16:55.354649" elapsed="0.106213"/>
</kw>
<doc>Testa se os tipos de dados na resposta da API estão corretos.</doc>
<tag>testeTiposDados</tag>
<status status="PASS" start="2024-04-03T13:16:55.280013" elapsed="0.181024"/>
</test>
<test id="s1-s1-t5" name="Validar conteudo" line="35">
<kw name="Teste de Tipos de Conteudo" owner="random-user-service">
<kw name="GET On Session" owner="RequestsLibrary">
<msg time="2024-04-03T13:16:55.558208" level="INFO">GET Request : url=https://randomuser.me/api 
 path_url=/api 
 headers={'User-Agent': 'python-requests/2.31.0', 'Accept-Encoding': 'gzip, deflate', 'Accept': '*/*', 'Connection': 'keep-alive'} 
 body=None 
 </msg>
<msg time="2024-04-03T13:16:55.558323" level="INFO">GET Response : url=https://randomuser.me/api 
 status=200, reason=OK 
 headers={'Date': 'Wed, 03 Apr 2024 13:16:55 GMT', 'Content-Type': 'application/json; charset=utf-8', 'Transfer-Encoding': 'chunked', 'Connection': 'keep-alive', 'X-Powered-By': 'Express', 'Access-Control-Allow-Origin': '*', 'Cache-Control': 'no-cache', 'ETag': 'W/"48b-C7GUmovtSaCxZJ5KWYhHRq08Fh0"', 'Vary': 'Accept-Encoding', 'Content-Encoding': 'gzip', 'CF-Cache-Status': 'DYNAMIC', 'Report-To': '{"endpoints":[{"url":"https:\\/\\/a.nel.cloudflare.com\\/report\\/v4?s=ceMy3gj68JDP2DTrQkRfhaA6zO%2BQeNXt%2B3jQ3XEBoy1sAJL6Chs%2FyC4AoZbnmrSXIZRK3K3wppG7vLQ7cDhhFwvA4POaXl94fNV72b%2FUomjgWVfd5cFfPECwxUorwp0t"}],"group":"cf-nel","max_age":604800}', 'NEL': '{"success_fraction":0,"report_to":"cf-nel","max_age":604800}', 'Server': 'cloudflare', 'CF-RAY': '86e955feabe83b8c-IAD', 'alt-svc': 'h3=":443"; ma=86400'} 
 body={"results":[{"gender":"male","name":{"title":"Mr","first":"Nathan","last":"Finseth"},"location":{"street":{"number":6754,"name":"Blåbærsvingen"},"city":"Fagernes","state":"Finnmark - Finnmárku","country":"Norway","postcode":"1338","coordinates":{"latitude":"44.7462","longitude":"-17.9207"},"timezone":{"offset":"+2:00","description":"Kaliningrad, South Africa"}},"email":"nathan.finseth@example.com","login":{"uuid":"a38a1243-7938-4228-a17b-ff453ff41afb","username":"lazypanda979","password":"aardvark","salt":"ELlIjkIj","md5":"2e557f975f4599cf42fa103e68de9c06","sha1":"d2d70ddede373de2979da745d28a01c587004d2e","sha256":"c46f292e29d00014938a7f5fa1f80b8a9b474efc846fe0960184da00b8f457d4"},"dob":{"date":"2001-01-14T00:57:38.891Z","age":23},"registered":{"date":"2008-02-09T14:08:34.739Z","age":16},"phone":"39921697","cell":"40332302","id":{"name":"FN","value":"14010189544"},"picture":{"large":"https://randomuser.me/api/portraits/men/33.jpg","medium":"https://randomuser.me/api/portraits/med/men/33.jpg","thumbnail":"https://randomuser.me/api/portraits/thumb/men/33.jpg"},"nat":"NO"}],"info":{"seed":"d5abedf9f18c7f27","results":1,"page":1,"version":"1.4"}} 
 </msg>
<msg time="2024-04-03T13:16:55.558395" level="INFO">/opt/hostedtoolcache/Python/3.12.2/x64/lib/python3.12/site-packages/urllib3/connectionpool.py:1103: InsecureRequestWarning: Unverified HTTPS request is being made to host 'randomuser.me'. Adding certificate verification is strongly advised. See: https://urllib3.readthedocs.io/en/latest/advanced-usage.html#tls-warnings
  warnings.warn(</msg>
<msg time="2024-04-03T13:16:55.558526" level="INFO">${response} = &lt;Response [200]&gt;</msg>
<var>${response}</var>
<arg>consultarAPI</arg>
<arg>/api</arg>
<doc>Sends a GET request on a previously created HTTP Session.</doc>
<status status="PASS" start="2024-04-03T13:16:55.463596" elapsed="0.094973"/>
</kw>
<kw name="Set Variable" owner="BuiltIn">
<msg time="2024-04-03T13:16:55.559573" level="INFO">${json_data} = {'results': [{'gender': 'male', 'name': {'title': 'Mr', 'first': 'Nathan', 'last': 'Finseth'}, 'location': {'street': {'number': 6754, 'name': 'Blåbærsvingen'}, 'city': 'Fagernes', 'state': 'Finnmark ...</msg>
<var>${json_data}</var>
<arg>${response.json()}</arg>
<doc>Returns the given values which can then be assigned to a variables.</doc>
<status status="PASS" start="2024-04-03T13:16:55.559057" elapsed="0.000545"/>
</kw>
<kw name="Set Variable" owner="BuiltIn">
<msg time="2024-04-03T13:16:55.560293" level="INFO">${name_title} = Mr</msg>
<var>${name_title}</var>
<arg>${json_data["results"][0]["name"]["title"]}</arg>
<doc>Returns the given values which can then be assigned to a variables.</doc>
<status status="PASS" start="2024-04-03T13:16:55.559906" elapsed="0.000412"/>
</kw>
<kw name="Create List" owner="BuiltIn">
<msg time="2024-04-03T13:16:55.560764" level="INFO">${allowed_titles} = ['Mr', 'Ms', 'Miss', 'Mrs', 'Madame', 'Monsieur']</msg>
<var>${allowed_titles}</var>
<arg>Mr</arg>
<arg>Ms</arg>
<arg>Miss</arg>
<arg>Mrs</arg>
<arg>Madame</arg>
<arg>Monsieur</arg>
<doc>Returns a list containing given items.</doc>
<status status="PASS" start="2024-04-03T13:16:55.560616" elapsed="0.000173"/>
</kw>
<kw name="List Should Contain Value" owner="Collections">
<msg time="2024-04-03T13:16:55.561265" level="INFO">False</msg>
<arg>${allowed_titles}</arg>
<arg>${name_title}</arg>
<doc>Fails if the ``value`` is not found from ``list``.</doc>
<status status="PASS" start="2024-04-03T13:16:55.561094" elapsed="0.000208"/>
</kw>
<kw name="Set Variable" owner="BuiltIn">
<msg time="2024-04-03T13:16:55.561968" level="INFO">${name_country} = NO</msg>
<var>${name_country}</var>
<arg>${json_data["results"][0]["nat"]}</arg>
<doc>Returns the given values which can then be assigned to a variables.</doc>
<status status="PASS" start="2024-04-03T13:16:55.561593" elapsed="0.000400"/>
</kw>
<kw name="Create List" owner="BuiltIn">
<msg time="2024-04-03T13:16:55.562949" level="INFO">${list_country} = ['AD', 'AE', 'AF', 'AG', 'AI', 'AL', 'AM', 'AO', 'AQ', 'AR', 'AS', 'AT', 'AU', 'AW', 'AX', 'AZ', 'BA', 'BB', 'BD', 'BE', 'BF', 'BG', 'BH', 'BI', 'BJ', 'BL', 'BM', 'BN', 'BO', 'BQ', 'BR', 'BS', 'BT', '...</msg>
<var>${list_country}</var>
<arg>AD</arg>
<arg>AE</arg>
<arg>AF</arg>
<arg>AG</arg>
<arg>AI</arg>
<arg>AL</arg>
<arg>AM</arg>
<arg>AO</arg>
<arg>AQ</arg>
<arg>AR</arg>
<arg>AS</arg>
<arg>AT</arg>
<arg>AU</arg>
<arg>AW</arg>
<arg>AX</arg>
<arg>AZ</arg>
<arg>BA</arg>
<arg>BB</arg>
<arg>BD</arg>
<arg>BE</arg>
<arg>BF</arg>
<arg>BG</arg>
<arg>BH</arg>
<arg>BI</arg>
<arg>BJ</arg>
<arg>BL</arg>
<arg>BM</arg>
<arg>BN</arg>
<arg>BO</arg>
<arg>BQ</arg>
<arg>BR</arg>
<arg>BS</arg>
<arg>BT</arg>
<arg>BV</arg>
<arg>BW</arg>
<arg>BY</arg>
<arg>BZ</arg>
<arg>CA</arg>
<arg>CC</arg>
<arg>CD</arg>
<arg>CF</arg>
<arg>CG</arg>
<arg>CH</arg>
<arg>CI</arg>
<arg>CK</arg>
<arg>CL</arg>
<arg>CM</arg>
<arg>CN</arg>
<arg>CO</arg>
<arg>CR</arg>
<arg>CU</arg>
<arg>CV</arg>
<arg>CW</arg>
<arg>CX</arg>
<arg>CY</arg>
<arg>CZ</arg>
<arg>DE</arg>
<arg>DJ</arg>
<arg>DK</arg>
<arg>DM</arg>
<arg>DO</arg>
<arg>DZ</arg>
<arg>EC</arg>
<arg>EE</arg>
<arg>EG</arg>
<arg>EH</arg>
<arg>ER</arg>
<arg>ES</arg>
<arg>ET</arg>
<arg>FI</arg>
<arg>FJ</arg>
<arg>FK</arg>
<arg>FM</arg>
<arg>FO</arg>
<arg>FR</arg>
<arg>GA</arg>
<arg>GB</arg>
<arg>GD</arg>
<arg>GE</arg>
<arg>GF</arg>
<arg>GG</arg>
<arg>GH</arg>
<arg>GI</arg>
<arg>GL</arg>
<arg>GM</arg>
<arg>GN</arg>
<arg>GP</arg>
<arg>GQ</arg>
<arg>GR</arg>
<arg>GS</arg>
<arg>GT</arg>
<arg>GU</arg>
<arg>GW</arg>
<arg>GY</arg>
<arg>HK</arg>
<arg>HM</arg>
<arg>HN</arg>
<arg>HR</arg>
<arg>HT</arg>
<arg>HU</arg>
<arg>ID</arg>
<arg>IE</arg>
<arg>IL</arg>
<arg>IM</arg>
<arg>IN</arg>
<arg>IO</arg>
<arg>IQ</arg>
<arg>IR</arg>
<arg>IS</arg>
<arg>IT</arg>
<arg>JE</arg>
<arg>JM</arg>
<arg>JO</arg>
<arg>JP</arg>
<arg>KE</arg>
<arg>KG</arg>
<arg>KH</arg>
<arg>KI</arg>
<arg>KM</arg>
<arg>KN</arg>
<arg>KP</arg>
<arg>KR</arg>
<arg>KW</arg>
<arg>KY</arg>
<arg>KZ</arg>
<arg>LA</arg>
<arg>LB</arg>
<arg>LC</arg>
<arg>LI</arg>
<arg>LK</arg>
<arg>LR</arg>
<arg>LS</arg>
<arg>LT</arg>
<arg>LU</arg>
<arg>LV</arg>
<arg>LY</arg>
<arg>MA</arg>
<arg>MC</arg>
<arg>MD</arg>
<arg>ME</arg>
<arg>MF</arg>
<arg>MG</arg>
<arg>MH</arg>
<arg>MK</arg>
<arg>ML</arg>
<arg>MM</arg>
<arg>MN</arg>
<arg>MO</arg>
<arg>MP</arg>
<arg>MQ</arg>
<arg>MR</arg>
<arg>MS</arg>
<arg>MT</arg>
<arg>MU</arg>
<arg>MV</arg>
<arg>MW</arg>
<arg>MX</arg>
<arg>MY</arg>
<arg>MZ</arg>
<arg>NA</arg>
<arg>NC</arg>
<arg>NE</arg>
<arg>NF</arg>
<arg>NG</arg>
<arg>NI</arg>
<arg>NL</arg>
<arg>NO</arg>
<arg>NP</arg>
<arg>NR</arg>
<arg>NU</arg>
<arg>NZ</arg>
<arg>OM</arg>
<arg>PA</arg>
<arg>PE</arg>
<arg>PF</arg>
<arg>PG</arg>
<arg>PH</arg>
<arg>PK</arg>
<arg>PL</arg>
<arg>PM</arg>
<arg>PN</arg>
<arg>PR</arg>
<arg>PS</arg>
<arg>PT</arg>
<arg>PW</arg>
<arg>PY</arg>
<arg>QA</arg>
<arg>RE</arg>
<arg>RO</arg>
<arg>RS</arg>
<arg>RU</arg>
<arg>RW</arg>
<arg>SA</arg>
<arg>SB</arg>
<arg>SC</arg>
<arg>SD</arg>
<arg>SE</arg>
<arg>SG</arg>
<arg>SH</arg>
<arg>SI</arg>
<arg>SJ</arg>
<arg>SK</arg>
<arg>SL</arg>
<arg>SM</arg>
<arg>SN</arg>
<arg>SO</arg>
<arg>SR</arg>
<arg>SS</arg>
<arg>ST</arg>
<arg>SV</arg>
<arg>SX</arg>
<arg>SY</arg>
<arg>SZ</arg>
<arg>TC</arg>
<arg>TD</arg>
<arg>TF</arg>
<arg>TG</arg>
<arg>TH</arg>
<arg>TJ</arg>
<arg>TK</arg>
<arg>TL</arg>
<arg>TM</arg>
<arg>TN</arg>
<arg>TO</arg>
<arg>TR</arg>
<arg>TT</arg>
<arg>TV</arg>
<arg>TW</arg>
<arg>TZ</arg>
<arg>UA</arg>
<arg>UG</arg>
<arg>UM</arg>
<arg>US</arg>
<arg>UY</arg>
<arg>UZ</arg>
<arg>VA</arg>
<arg>VC</arg>
<arg>VE</arg>
<arg>VG</arg>
<arg>VI</arg>
<arg>VN</arg>
<arg>VU</arg>
<arg>WF</arg>
<arg>WS</arg>
<arg>XK</arg>
<arg>YE</arg>
<arg>YT</arg>
<arg>ZA</arg>
<arg>ZM</arg>
<arg>ZW</arg>
<doc>Returns a list containing given items.</doc>
<status status="PASS" start="2024-04-03T13:16:55.562338" elapsed="0.000637"/>
</kw>
<kw name="List Should Contain Value" owner="Collections">
<msg time="2024-04-03T13:16:55.564115" level="INFO">False</msg>
<arg>${list_country}</arg>
<arg>${name_country}</arg>
<doc>Fails if the ``value`` is not found from ``list``.</doc>
<status status="PASS" start="2024-04-03T13:16:55.563910" elapsed="0.000242"/>
</kw>
<kw name="Run Keyword If" owner="BuiltIn">
<kw name="Should Be True" owner="BuiltIn">
<arg>${True}</arg>
<doc>Fails if the given condition is not true.</doc>
<status status="PASS" start="2024-04-03T13:16:55.565234" elapsed="0.000145"/>
</kw>
<arg>${json_data["results"][0]["location"]["coordinates"]["latitude"]} &gt;= -90 and ${json_data["results"][0]["location"]["coordinates"]["latitude"]} &lt;= 90</arg>
<arg>Should Be True</arg>
<arg>${True}</arg>
<doc>Runs the given keyword with the given arguments, if ``condition`` is true.</doc>
<status status="PASS" start="2024-04-03T13:16:55.564463" elapsed="0.001071"/>
</kw>
<kw name="Run Keyword If" owner="BuiltIn">
<kw name="Should Be True" owner="BuiltIn">
<arg>${True}</arg>
<doc>Fails if the given condition is not true.</doc>
<status status="PASS" start="2024-04-03T13:16:55.566445" elapsed="0.000141"/>
</kw>
<arg>${json_data["results"][0]["location"]["coordinates"]["longitude"]} &gt;= -180 and ${json_data["results"][0]["location"]["coordinates"]["longitude"]} &lt;= 180</arg>
<arg>Should Be True</arg>
<arg>${True}</arg>
<doc>Runs the given keyword with the given arguments, if ``condition`` is true.</doc>
<status status="PASS" start="2024-04-03T13:16:55.565723" elapsed="0.000989"/>
</kw>
<status status="PASS" start="2024-04-03T13:16:55.463365" elapsed="0.103479"/>
</kw>
<doc>Testa o conteúdo específico dos campos retornados pela API.</doc>
<tag>testeConteudo</tag>
<status status="PASS" start="2024-04-03T13:16:55.462827" elapsed="0.104172"/>
</test>
<status status="PASS" start="2024-04-03T13:16:54.747833" elapsed="0.821244"/>
</suite>
<status status="PASS" start="2024-04-03T13:16:54.732141" elapsed="0.842308"/>
</suite>
<statistics>
<total>
<stat pass="5" fail="0" skip="0">All Tests</stat>
</total>
<tag>
<stat pass="1" fail="0" skip="0">testeConteudo</stat>
<stat pass="1" fail="0" skip="0">testeEstruturaResposta</stat>
<stat pass="1" fail="0" skip="0">testeRequisicaoBasica</stat>
<stat pass="1" fail="0" skip="0">testeTiposDados</stat>
</tag>
<suite>
<stat pass="5" fail="0" skip="0" id="s1" name="Tests">Tests</stat>
<stat pass="5" fail="0" skip="0" id="s1-s1" name="Random-User-Test">Tests.Random-User-Test</stat>
</suite>
</statistics>
<errors>
</errors>
</robot>
