<?xml version="1.0" encoding="UTF-8"?>
<robot generator="Robot 7.0.1 (Python 3.12.4 on linux)" generated="2024-07-03T02:30:48.290021" rpa="false" schemaversion="5">
<suite id="s1" name="Tests" source="/home/runner/work/ApiRandomUser/ApiRandomUser/RamdonUser/tests">
<suite id="s1-s1" name="Random-User-Test" source="/home/runner/work/ApiRandomUser/ApiRandomUser/RamdonUser/tests/random-user-test.robot">
<test id="s1-s1-t1" name="Conectar" line="13">
<kw name="Conectar API" owner="random-user-service">
<kw name="Create Session" owner="RequestsLibrary">
<msg time="2024-07-03T02:30:48.751314" level="INFO">Creating Session using : alias=consultarAPI, url=https://randomuser.me/, headers={},                     cookies={}, auth=None, timeout=None, proxies=None, verify=False,                     debug=0 </msg>
<arg>consultarAPI</arg>
<arg>${URL}</arg>
<doc>Create Session: create a HTTP session to a server</doc>
<status status="PASS" start="2024-07-03T02:30:48.751096" elapsed="0.000410"/>
</kw>
<status status="PASS" start="2024-07-03T02:30:48.750111" elapsed="0.001761"/>
</kw>
<status status="PASS" start="2024-07-03T02:30:48.749540" elapsed="0.002531"/>
</test>
<test id="s1-s1-t2" name="Validar retorno 200 e JSON Válido" line="16">
<kw name="Teste de Requisicao Basica" owner="random-user-service">
<kw name="GET On Session" owner="RequestsLibrary">
<msg time="2024-07-03T02:30:49.005246" level="INFO">GET Request : url=https://randomuser.me/api 
 path_url=/api 
 headers={'User-Agent': 'python-requests/2.32.3', 'Accept-Encoding': 'gzip, deflate', 'Accept': '*/*', 'Connection': 'keep-alive'} 
 body=None 
 </msg>
<msg time="2024-07-03T02:30:49.005444" level="INFO">GET Response : url=https://randomuser.me/api 
 status=200, reason=OK 
 headers={'Date': 'Wed, 03 Jul 2024 02:30:48 GMT', 'Content-Type': 'application/json; charset=utf-8', 'Transfer-Encoding': 'chunked', 'Connection': 'keep-alive', 'X-Powered-By': 'Express', 'Access-Control-Allow-Origin': '*', 'Cache-Control': 'no-cache', 'ETag': 'W/"48e-n/HNlABTzoGXEBxaVYyckHqg10U"', 'Vary': 'Accept-Encoding', 'Content-Encoding': 'gzip', 'CF-Cache-Status': 'DYNAMIC', 'Report-To': '{"endpoints":[{"url":"https:\\/\\/a.nel.cloudflare.com\\/report\\/v4?s=Om4xFDE4U%2B5OWlinUxTa2RavbEA2KLJjHhut9MQmqS7gcxpJJZwAlYi%2FnpWN7SixZjwW7p9Jzql6YLQMwVhJrRGx7y45QIN5mshxDroE6cbCOOj9QFGRQccUG7KsNjnv"}],"group":"cf-nel","max_age":604800}', 'NEL': '{"success_fraction":0,"report_to":"cf-nel","max_age":604800}', 'Server': 'cloudflare', 'CF-RAY': '89d374ab9ec80830-IAD', 'alt-svc': 'h3=":443"; ma=86400'} 
 body={"results":[{"gender":"male","name":{"title":"Mr","first":"Andrey","last":"Röder"},"location":{"street":{"number":6587,"name":"Birkenstraße"},"city":"Neckarsulm","state":"Saarland","country":"Germany","postcode":57091,"coordinates":{"latitude":"-52.5633","longitude":"-100.0218"},"timezone":{"offset":"-1:00","description":"Azores, Cape Verde Islands"}},"email":"andrey.roder@example.com","login":{"uuid":"0b6a29b8-937f-40f1-a48b-c77ebdd78928","username":"orangepanda805","password":"delaware","salt":"LpC7a9hi","md5":"8e907573782ca936c0af23deab149d9f","sha1":"bb9e8fdfba60009a277aaa66abbf5fe767da7902","sha256":"d67d9ab7387c791d9551a75fbda58c3dae274240cd44060a43a176586779cce2"},"dob":{"date":"1971-11-18T01:05:42.967Z","age":52},"registered":{"date":"2011-11-27T19:33:13.472Z","age":12},"phone":"0788-4551554","cell":"0176-6325509","id":{"name":"SVNR","value":"66 171171 R 250"},"picture":{"large":"https://randomuser.me/api/portraits/men/91.jpg","medium":"https://randomuser.me/api/portraits/med/men/91.jpg","thumbnail":"https://randomuser.me/api/portraits/thumb/men/91.jpg"},"nat":"DE"}],"info":{"seed":"49dda9df02c5f16b","results":1,"page":1,"version":"1.4"}} 
 </msg>
<msg time="2024-07-03T02:30:49.005564" level="INFO">/opt/hostedtoolcache/Python/3.12.4/x64/lib/python3.12/site-packages/urllib3/connectionpool.py:1099: InsecureRequestWarning: Unverified HTTPS request is being made to host 'randomuser.me'. Adding certificate verification is strongly advised. See: https://urllib3.readthedocs.io/en/latest/advanced-usage.html#tls-warnings
  warnings.warn(</msg>
<msg time="2024-07-03T02:30:49.005752" level="INFO">${response} = &lt;Response [200]&gt;</msg>
<var>${response}</var>
<arg>consultarAPI</arg>
<arg>/api</arg>
<doc>Sends a GET request on a previously created HTTP Session.</doc>
<status status="PASS" start="2024-07-03T02:30:48.754710" elapsed="0.251087"/>
</kw>
<kw name="Should Be Equal As Numbers" owner="BuiltIn">
<msg time="2024-07-03T02:30:49.007008" level="INFO">Argument types are:
&lt;class 'int'&gt;
&lt;class 'str'&gt;</msg>
<arg>${response.status_code}</arg>
<arg>200</arg>
<doc>Fails if objects are unequal after converting them to real numbers.</doc>
<status status="PASS" start="2024-07-03T02:30:49.006495" elapsed="0.000583"/>
</kw>
<kw name="Log" owner="BuiltIn">
<msg time="2024-07-03T02:30:49.007826" level="INFO">200</msg>
<arg>${response.status_code}</arg>
<doc>Logs the given message with the given level.</doc>
<status status="PASS" start="2024-07-03T02:30:49.007453" elapsed="0.000419"/>
</kw>
<kw name="Set Variable" owner="BuiltIn">
<msg time="2024-07-03T02:30:49.008653" level="INFO">${json_data} = {'results': [{'gender': 'male', 'name': {'title': 'Mr', 'first': 'Andrey', 'last': 'Röder'}, 'location': {'street': {'number': 6587, 'name': 'Birkenstraße'}, 'city': 'Neckarsulm', 'state': 'Saarland',...</msg>
<var>${json_data}</var>
<arg>${response.json()}</arg>
<doc>Returns the given values which can then be assigned to a variables.</doc>
<status status="PASS" start="2024-07-03T02:30:49.008194" elapsed="0.000489"/>
</kw>
<kw name="Dictionary Should Contain Key" owner="Collections">
<arg>${json_data}</arg>
<arg>results</arg>
<doc>Fails if ``key`` is not found from ``dictionary``.</doc>
<status status="PASS" start="2024-07-03T02:30:49.009033" elapsed="0.000172"/>
</kw>
<status status="PASS" start="2024-07-03T02:30:48.754454" elapsed="0.254910"/>
</kw>
<doc>Testa se a API responde corretamente e retorna um objeto JSON válido.</doc>
<tag>testeRequisicaoBasica</tag>
<status status="PASS" start="2024-07-03T02:30:48.753978" elapsed="0.255566"/>
</test>
<test id="s1-s1-t3" name="Validar estrutura de resposta" line="22">
<kw name="Teste de Estrutura de Resposta" owner="random-user-service">
<kw name="GET On Session" owner="RequestsLibrary">
<msg time="2024-07-03T02:30:49.047031" level="INFO">GET Request : url=https://randomuser.me/api 
 path_url=/api 
 headers={'User-Agent': 'python-requests/2.32.3', 'Accept-Encoding': 'gzip, deflate', 'Accept': '*/*', 'Connection': 'keep-alive'} 
 body=None 
 </msg>
<msg time="2024-07-03T02:30:49.047116" level="INFO">GET Response : url=https://randomuser.me/api 
 status=200, reason=OK 
 headers={'Date': 'Wed, 03 Jul 2024 02:30:49 GMT', 'Content-Type': 'application/json; charset=utf-8', 'Transfer-Encoding': 'chunked', 'Connection': 'keep-alive', 'X-Powered-By': 'Express', 'Access-Control-Allow-Origin': '*', 'Cache-Control': 'no-cache', 'ETag': 'W/"4a3-SDsznzewNFygtXcsHlKWznTOeV0"', 'Vary': 'Accept-Encoding', 'Content-Encoding': 'gzip', 'CF-Cache-Status': 'DYNAMIC', 'Report-To': '{"endpoints":[{"url":"https:\\/\\/a.nel.cloudflare.com\\/report\\/v4?s=LL5pHTJCJCKn3iKup7eAdVV0YFfIvE%2FMV0bFlO3c41P3%2Fk1zWuE%2FYfu2NrfpyAKDPGxHjZ3M2z1ya8nwpJeMdshlu229zClm%2FNw2JH9L0G65GZa5V7sStzpc9sBWpNdx"}],"group":"cf-nel","max_age":604800}', 'NEL': '{"success_fraction":0,"report_to":"cf-nel","max_age":604800}', 'Server': 'cloudflare', 'CF-RAY': '89d374ac5fc30830-IAD', 'alt-svc': 'h3=":443"; ma=86400'} 
 body={"results":[{"gender":"female","name":{"title":"Ms","first":"Amelia","last":"Grewal"},"location":{"street":{"number":2321,"name":"St. Catherine St"},"city":"Notre Dame de Lourdes","state":"Nunavut","country":"Canada","postcode":"O1M 5B4","coordinates":{"latitude":"-65.0934","longitude":"68.7450"},"timezone":{"offset":"+9:00","description":"Tokyo, Seoul, Osaka, Sapporo, Yakutsk"}},"email":"amelia.grewal@example.com","login":{"uuid":"16ce3d98-ee58-42f2-b883-9effe350253f","username":"bluelion940","password":"latino","salt":"4wIj8jCI","md5":"e633851fd39c5038fe5254d7bd1dd443","sha1":"7ef7c74165a555fdebb5663b1df61ed44671fee5","sha256":"cfab00fd71ee7650ee1694a56bb22563038a83e33aa287b03f656a16e084f306"},"dob":{"date":"2000-07-06T21:30:48.488Z","age":23},"registered":{"date":"2022-01-29T18:09:58.500Z","age":2},"phone":"F30 D32-9935","cell":"M02 E74-6291","id":{"name":"SIN","value":"142464049"},"picture":{"large":"https://randomuser.me/api/portraits/women/88.jpg","medium":"https://randomuser.me/api/portraits/med/women/88.jpg","thumbnail":"https://randomuser.me/api/portraits/thumb/women/88.jpg"},"nat":"CA"}],"info":{"seed":"ec5e531bfb76c14c","results":1,"page":1,"version":"1.4"}} 
 </msg>
<msg time="2024-07-03T02:30:49.047239" level="INFO">/opt/hostedtoolcache/Python/3.12.4/x64/lib/python3.12/site-packages/urllib3/connectionpool.py:1099: InsecureRequestWarning: Unverified HTTPS request is being made to host 'randomuser.me'. Adding certificate verification is strongly advised. See: https://urllib3.readthedocs.io/en/latest/advanced-usage.html#tls-warnings
  warnings.warn(</msg>
<msg time="2024-07-03T02:30:49.047362" level="INFO">${response} = &lt;Response [200]&gt;</msg>
<var>${response}</var>
<arg>consultarAPI</arg>
<arg>/api</arg>
<doc>Sends a GET request on a previously created HTTP Session.</doc>
<status status="PASS" start="2024-07-03T02:30:49.012247" elapsed="0.035156"/>
</kw>
<kw name="Set Variable" owner="BuiltIn">
<msg time="2024-07-03T02:30:49.048519" level="INFO">${json_data} = {'results': [{'gender': 'female', 'name': {'title': 'Ms', 'first': 'Amelia', 'last': 'Grewal'}, 'location': {'street': {'number': 2321, 'name': 'St. Catherine St'}, 'city': 'Notre Dame de Lourdes', 's...</msg>
<var>${json_data}</var>
<arg>${response.json()}</arg>
<doc>Returns the given values which can then be assigned to a variables.</doc>
<status status="PASS" start="2024-07-03T02:30:49.047948" elapsed="0.000600"/>
</kw>
<kw name="Log" owner="BuiltIn">
<msg time="2024-07-03T02:30:49.049085" level="INFO">{'results': [{'gender': 'female', 'name': {'title': 'Ms', 'first': 'Amelia', 'last': 'Grewal'}, 'location': {'street': {'number': 2321, 'name': 'St. Catherine St'}, 'city': 'Notre Dame de Lourdes', 'state': 'Nunavut', 'country': 'Canada', 'postcode': 'O1M 5B4', 'coordinates': {'latitude': '-65.0934', 'longitude': '68.7450'}, 'timezone': {'offset': '+9:00', 'description': 'Tokyo, Seoul, Osaka, Sapporo, Yakutsk'}}, 'email': 'amelia.grewal@example.com', 'login': {'uuid': '16ce3d98-ee58-42f2-b883-9effe350253f', 'username': 'bluelion940', 'password': 'latino', 'salt': '4wIj8jCI', 'md5': 'e633851fd39c5038fe5254d7bd1dd443', 'sha1': '7ef7c74165a555fdebb5663b1df61ed44671fee5', 'sha256': 'cfab00fd71ee7650ee1694a56bb22563038a83e33aa287b03f656a16e084f306'}, 'dob': {'date': '2000-07-06T21:30:48.488Z', 'age': 23}, 'registered': {'date': '2022-01-29T18:09:58.500Z', 'age': 2}, 'phone': 'F30 D32-9935', 'cell': 'M02 E74-6291', 'id': {'name': 'SIN', 'value': '142464049'}, 'picture': {'large': 'https://randomuser.me/api/portraits/women/88.jpg', 'medium': 'https://randomuser.me/api/portraits/med/women/88.jpg', 'thumbnail': 'https://randomuser.me/api/portraits/thumb/women/88.jpg'}, 'nat': 'CA'}], 'info': {'seed': 'ec5e531bfb76c14c', 'results': 1, 'page': 1, 'version': '1.4'}}</msg>
<arg>${json_data}</arg>
<doc>Logs the given message with the given level.</doc>
<status status="PASS" start="2024-07-03T02:30:49.048909" elapsed="0.000225"/>
</kw>
<kw name="Dictionary Should Contain Key" owner="Collections">
<arg>${json_data}</arg>
<arg>results</arg>
<doc>Fails if ``key`` is not found from ``dictionary``.</doc>
<status status="PASS" start="2024-07-03T02:30:49.049437" elapsed="0.000162"/>
</kw>
<kw name="Should Not Be Empty" owner="BuiltIn">
<msg time="2024-07-03T02:30:49.049919" level="INFO">Length is 2.</msg>
<arg>${json_data}</arg>
<doc>Verifies that the given item is not empty.</doc>
<status status="PASS" start="2024-07-03T02:30:49.049788" elapsed="0.000170"/>
</kw>
<kw name="Create List" owner="BuiltIn">
<msg time="2024-07-03T02:30:49.050565" level="INFO">${expected_keys} = ['gender', 'name', 'location', 'email', 'login']</msg>
<var>${expected_keys}</var>
<arg>gender</arg>
<arg>name</arg>
<arg>location</arg>
<arg>email</arg>
<arg>login</arg>
<doc>Returns a list containing given items.</doc>
<status status="PASS" start="2024-07-03T02:30:49.050255" elapsed="0.000336"/>
</kw>
<for flavor="IN">
<iter>
<kw name="Dictionary Should Contain Key" owner="Collections">
<arg>${json_data['results'][0]}</arg>
<arg>${key}</arg>
<doc>Fails if ``key`` is not found from ``dictionary``.</doc>
<status status="PASS" start="2024-07-03T02:30:49.051176" elapsed="0.000415"/>
</kw>
<kw name="Log" owner="BuiltIn">
<msg time="2024-07-03T02:30:49.052142" level="INFO">{'gender': 'female', 'name': {'title': 'Ms', 'first': 'Amelia', 'last': 'Grewal'}, 'location': {'street': {'number': 2321, 'name': 'St. Catherine St'}, 'city': 'Notre Dame de Lourdes', 'state': 'Nunavut', 'country': 'Canada', 'postcode': 'O1M 5B4', 'coordinates': {'latitude': '-65.0934', 'longitude': '68.7450'}, 'timezone': {'offset': '+9:00', 'description': 'Tokyo, Seoul, Osaka, Sapporo, Yakutsk'}}, 'email': 'amelia.grewal@example.com', 'login': {'uuid': '16ce3d98-ee58-42f2-b883-9effe350253f', 'username': 'bluelion940', 'password': 'latino', 'salt': '4wIj8jCI', 'md5': 'e633851fd39c5038fe5254d7bd1dd443', 'sha1': '7ef7c74165a555fdebb5663b1df61ed44671fee5', 'sha256': 'cfab00fd71ee7650ee1694a56bb22563038a83e33aa287b03f656a16e084f306'}, 'dob': {'date': '2000-07-06T21:30:48.488Z', 'age': 23}, 'registered': {'date': '2022-01-29T18:09:58.500Z', 'age': 2}, 'phone': 'F30 D32-9935', 'cell': 'M02 E74-6291', 'id': {'name': 'SIN', 'value': '142464049'}, 'picture': {'large': 'https://randomuser.me/api/portraits/women/88.jpg', 'medium': 'https://randomuser.me/api/portraits/med/women/88.jpg', 'thumbnail': 'https://randomuser.me/api/portraits/thumb/women/88.jpg'}, 'nat': 'CA'}</msg>
<arg>${json_data['results'][0]}</arg>
<doc>Logs the given message with the given level.</doc>
<status status="PASS" start="2024-07-03T02:30:49.051778" elapsed="0.000412"/>
</kw>
<kw name="Log" owner="BuiltIn">
<msg time="2024-07-03T02:30:49.052627" level="INFO">gender</msg>
<arg>${key}</arg>
<doc>Logs the given message with the given level.</doc>
<status status="PASS" start="2024-07-03T02:30:49.052490" elapsed="0.000190"/>
</kw>
<var name="${key}">gender</var>
<status status="PASS" start="2024-07-03T02:30:49.051052" elapsed="0.001881"/>
</iter>
<iter>
<kw name="Dictionary Should Contain Key" owner="Collections">
<arg>${json_data['results'][0]}</arg>
<arg>${key}</arg>
<doc>Fails if ``key`` is not found from ``dictionary``.</doc>
<status status="PASS" start="2024-07-03T02:30:49.053243" elapsed="0.000395"/>
</kw>
<kw name="Log" owner="BuiltIn">
<msg time="2024-07-03T02:30:49.054206" level="INFO">{'gender': 'female', 'name': {'title': 'Ms', 'first': 'Amelia', 'last': 'Grewal'}, 'location': {'street': {'number': 2321, 'name': 'St. Catherine St'}, 'city': 'Notre Dame de Lourdes', 'state': 'Nunavut', 'country': 'Canada', 'postcode': 'O1M 5B4', 'coordinates': {'latitude': '-65.0934', 'longitude': '68.7450'}, 'timezone': {'offset': '+9:00', 'description': 'Tokyo, Seoul, Osaka, Sapporo, Yakutsk'}}, 'email': 'amelia.grewal@example.com', 'login': {'uuid': '16ce3d98-ee58-42f2-b883-9effe350253f', 'username': 'bluelion940', 'password': 'latino', 'salt': '4wIj8jCI', 'md5': 'e633851fd39c5038fe5254d7bd1dd443', 'sha1': '7ef7c74165a555fdebb5663b1df61ed44671fee5', 'sha256': 'cfab00fd71ee7650ee1694a56bb22563038a83e33aa287b03f656a16e084f306'}, 'dob': {'date': '2000-07-06T21:30:48.488Z', 'age': 23}, 'registered': {'date': '2022-01-29T18:09:58.500Z', 'age': 2}, 'phone': 'F30 D32-9935', 'cell': 'M02 E74-6291', 'id': {'name': 'SIN', 'value': '142464049'}, 'picture': {'large': 'https://randomuser.me/api/portraits/women/88.jpg', 'medium': 'https://randomuser.me/api/portraits/med/women/88.jpg', 'thumbnail': 'https://randomuser.me/api/portraits/thumb/women/88.jpg'}, 'nat': 'CA'}</msg>
<arg>${json_data['results'][0]}</arg>
<doc>Logs the given message with the given level.</doc>
<status status="PASS" start="2024-07-03T02:30:49.053820" elapsed="0.000434"/>
</kw>
<kw name="Log" owner="BuiltIn">
<msg time="2024-07-03T02:30:49.054674" level="INFO">name</msg>
<arg>${key}</arg>
<doc>Logs the given message with the given level.</doc>
<status status="PASS" start="2024-07-03T02:30:49.054549" elapsed="0.000163"/>
</kw>
<var name="${key}">name</var>
<status status="PASS" start="2024-07-03T02:30:49.053130" elapsed="0.001797"/>
</iter>
<iter>
<kw name="Dictionary Should Contain Key" owner="Collections">
<arg>${json_data['results'][0]}</arg>
<arg>${key}</arg>
<doc>Fails if ``key`` is not found from ``dictionary``.</doc>
<status status="PASS" start="2024-07-03T02:30:49.055214" elapsed="0.000377"/>
</kw>
<kw name="Log" owner="BuiltIn">
<msg time="2024-07-03T02:30:49.056120" level="INFO">{'gender': 'female', 'name': {'title': 'Ms', 'first': 'Amelia', 'last': 'Grewal'}, 'location': {'street': {'number': 2321, 'name': 'St. Catherine St'}, 'city': 'Notre Dame de Lourdes', 'state': 'Nunavut', 'country': 'Canada', 'postcode': 'O1M 5B4', 'coordinates': {'latitude': '-65.0934', 'longitude': '68.7450'}, 'timezone': {'offset': '+9:00', 'description': 'Tokyo, Seoul, Osaka, Sapporo, Yakutsk'}}, 'email': 'amelia.grewal@example.com', 'login': {'uuid': '16ce3d98-ee58-42f2-b883-9effe350253f', 'username': 'bluelion940', 'password': 'latino', 'salt': '4wIj8jCI', 'md5': 'e633851fd39c5038fe5254d7bd1dd443', 'sha1': '7ef7c74165a555fdebb5663b1df61ed44671fee5', 'sha256': 'cfab00fd71ee7650ee1694a56bb22563038a83e33aa287b03f656a16e084f306'}, 'dob': {'date': '2000-07-06T21:30:48.488Z', 'age': 23}, 'registered': {'date': '2022-01-29T18:09:58.500Z', 'age': 2}, 'phone': 'F30 D32-9935', 'cell': 'M02 E74-6291', 'id': {'name': 'SIN', 'value': '142464049'}, 'picture': {'large': 'https://randomuser.me/api/portraits/women/88.jpg', 'medium': 'https://randomuser.me/api/portraits/med/women/88.jpg', 'thumbnail': 'https://randomuser.me/api/portraits/thumb/women/88.jpg'}, 'nat': 'CA'}</msg>
<arg>${json_data['results'][0]}</arg>
<doc>Logs the given message with the given level.</doc>
<status status="PASS" start="2024-07-03T02:30:49.055772" elapsed="0.000395"/>
</kw>
<kw name="Log" owner="BuiltIn">
<msg time="2024-07-03T02:30:49.056589" level="INFO">location</msg>
<arg>${key}</arg>
<doc>Logs the given message with the given level.</doc>
<status status="PASS" start="2024-07-03T02:30:49.056462" elapsed="0.000164"/>
</kw>
<var name="${key}">location</var>
<status status="PASS" start="2024-07-03T02:30:49.055106" elapsed="0.001735"/>
</iter>
<iter>
<kw name="Dictionary Should Contain Key" owner="Collections">
<arg>${json_data['results'][0]}</arg>
<arg>${key}</arg>
<doc>Fails if ``key`` is not found from ``dictionary``.</doc>
<status status="PASS" start="2024-07-03T02:30:49.057161" elapsed="0.000398"/>
</kw>
<kw name="Log" owner="BuiltIn">
<msg time="2024-07-03T02:30:49.058084" level="INFO">{'gender': 'female', 'name': {'title': 'Ms', 'first': 'Amelia', 'last': 'Grewal'}, 'location': {'street': {'number': 2321, 'name': 'St. Catherine St'}, 'city': 'Notre Dame de Lourdes', 'state': 'Nunavut', 'country': 'Canada', 'postcode': 'O1M 5B4', 'coordinates': {'latitude': '-65.0934', 'longitude': '68.7450'}, 'timezone': {'offset': '+9:00', 'description': 'Tokyo, Seoul, Osaka, Sapporo, Yakutsk'}}, 'email': 'amelia.grewal@example.com', 'login': {'uuid': '16ce3d98-ee58-42f2-b883-9effe350253f', 'username': 'bluelion940', 'password': 'latino', 'salt': '4wIj8jCI', 'md5': 'e633851fd39c5038fe5254d7bd1dd443', 'sha1': '7ef7c74165a555fdebb5663b1df61ed44671fee5', 'sha256': 'cfab00fd71ee7650ee1694a56bb22563038a83e33aa287b03f656a16e084f306'}, 'dob': {'date': '2000-07-06T21:30:48.488Z', 'age': 23}, 'registered': {'date': '2022-01-29T18:09:58.500Z', 'age': 2}, 'phone': 'F30 D32-9935', 'cell': 'M02 E74-6291', 'id': {'name': 'SIN', 'value': '142464049'}, 'picture': {'large': 'https://randomuser.me/api/portraits/women/88.jpg', 'medium': 'https://randomuser.me/api/portraits/med/women/88.jpg', 'thumbnail': 'https://randomuser.me/api/portraits/thumb/women/88.jpg'}, 'nat': 'CA'}</msg>
<arg>${json_data['results'][0]}</arg>
<doc>Logs the given message with the given level.</doc>
<status status="PASS" start="2024-07-03T02:30:49.057739" elapsed="0.000392"/>
</kw>
<kw name="Log" owner="BuiltIn">
<msg time="2024-07-03T02:30:49.058551" level="INFO">email</msg>
<arg>${key}</arg>
<doc>Logs the given message with the given level.</doc>
<status status="PASS" start="2024-07-03T02:30:49.058426" elapsed="0.000163"/>
</kw>
<var name="${key}">email</var>
<status status="PASS" start="2024-07-03T02:30:49.057052" elapsed="0.001783"/>
</iter>
<iter>
<kw name="Dictionary Should Contain Key" owner="Collections">
<arg>${json_data['results'][0]}</arg>
<arg>${key}</arg>
<doc>Fails if ``key`` is not found from ``dictionary``.</doc>
<status status="PASS" start="2024-07-03T02:30:49.059132" elapsed="0.000391"/>
</kw>
<kw name="Log" owner="BuiltIn">
<msg time="2024-07-03T02:30:49.060052" level="INFO">{'gender': 'female', 'name': {'title': 'Ms', 'first': 'Amelia', 'last': 'Grewal'}, 'location': {'street': {'number': 2321, 'name': 'St. Catherine St'}, 'city': 'Notre Dame de Lourdes', 'state': 'Nunavut', 'country': 'Canada', 'postcode': 'O1M 5B4', 'coordinates': {'latitude': '-65.0934', 'longitude': '68.7450'}, 'timezone': {'offset': '+9:00', 'description': 'Tokyo, Seoul, Osaka, Sapporo, Yakutsk'}}, 'email': 'amelia.grewal@example.com', 'login': {'uuid': '16ce3d98-ee58-42f2-b883-9effe350253f', 'username': 'bluelion940', 'password': 'latino', 'salt': '4wIj8jCI', 'md5': 'e633851fd39c5038fe5254d7bd1dd443', 'sha1': '7ef7c74165a555fdebb5663b1df61ed44671fee5', 'sha256': 'cfab00fd71ee7650ee1694a56bb22563038a83e33aa287b03f656a16e084f306'}, 'dob': {'date': '2000-07-06T21:30:48.488Z', 'age': 23}, 'registered': {'date': '2022-01-29T18:09:58.500Z', 'age': 2}, 'phone': 'F30 D32-9935', 'cell': 'M02 E74-6291', 'id': {'name': 'SIN', 'value': '142464049'}, 'picture': {'large': 'https://randomuser.me/api/portraits/women/88.jpg', 'medium': 'https://randomuser.me/api/portraits/med/women/88.jpg', 'thumbnail': 'https://randomuser.me/api/portraits/thumb/women/88.jpg'}, 'nat': 'CA'}</msg>
<arg>${json_data['results'][0]}</arg>
<doc>Logs the given message with the given level.</doc>
<status status="PASS" start="2024-07-03T02:30:49.059704" elapsed="0.000396"/>
</kw>
<kw name="Log" owner="BuiltIn">
<msg time="2024-07-03T02:30:49.060519" level="INFO">login</msg>
<arg>${key}</arg>
<doc>Logs the given message with the given level.</doc>
<status status="PASS" start="2024-07-03T02:30:49.060391" elapsed="0.000166"/>
</kw>
<var name="${key}">login</var>
<status status="PASS" start="2024-07-03T02:30:49.059014" elapsed="0.001757"/>
</iter>
<var>${key}</var>
<value>@{expected_keys}</value>
<status status="PASS" start="2024-07-03T02:30:49.050856" elapsed="0.010065"/>
</for>
<kw name="Create List" owner="BuiltIn">
<msg time="2024-07-03T02:30:49.061304" level="INFO">${expected_keysTwo} = ['username', 'password']</msg>
<var>${expected_keysTwo}</var>
<arg>username</arg>
<arg>password</arg>
<doc>Returns a list containing given items.</doc>
<status status="PASS" start="2024-07-03T02:30:49.061156" elapsed="0.000172"/>
</kw>
<for flavor="IN">
<iter>
<kw name="Dictionary Should Contain Key" owner="Collections">
<arg>${json_data['results'][0]['login']}</arg>
<arg>${keyTwo}</arg>
<doc>Fails if ``key`` is not found from ``dictionary``.</doc>
<status status="PASS" start="2024-07-03T02:30:49.061829" elapsed="0.000385"/>
</kw>
<kw name="Dictionary Should Contain Key" owner="Collections">
<arg>${json_data['results'][0]['login']}</arg>
<arg>${keyTwo}</arg>
<doc>Fails if ``key`` is not found from ``dictionary``.</doc>
<status status="PASS" start="2024-07-03T02:30:49.062393" elapsed="0.000381"/>
</kw>
<kw name="Log" owner="BuiltIn">
<msg time="2024-07-03T02:30:49.063075" level="INFO">username</msg>
<arg>${keyTwo}</arg>
<doc>Logs the given message with the given level.</doc>
<status status="PASS" start="2024-07-03T02:30:49.062955" elapsed="0.000158"/>
</kw>
<var name="${keyTwo}">username</var>
<status status="PASS" start="2024-07-03T02:30:49.061723" elapsed="0.001612"/>
</iter>
<iter>
<kw name="Dictionary Should Contain Key" owner="Collections">
<arg>${json_data['results'][0]['login']}</arg>
<arg>${keyTwo}</arg>
<doc>Fails if ``key`` is not found from ``dictionary``.</doc>
<status status="PASS" start="2024-07-03T02:30:49.063615" elapsed="0.000387"/>
</kw>
<kw name="Dictionary Should Contain Key" owner="Collections">
<arg>${json_data['results'][0]['login']}</arg>
<arg>${keyTwo}</arg>
<doc>Fails if ``key`` is not found from ``dictionary``.</doc>
<status status="PASS" start="2024-07-03T02:30:49.064179" elapsed="0.000368"/>
</kw>
<kw name="Log" owner="BuiltIn">
<msg time="2024-07-03T02:30:49.064842" level="INFO">password</msg>
<arg>${keyTwo}</arg>
<doc>Logs the given message with the given level.</doc>
<status status="PASS" start="2024-07-03T02:30:49.064722" elapsed="0.000182"/>
</kw>
<var name="${keyTwo}">password</var>
<status status="PASS" start="2024-07-03T02:30:49.063509" elapsed="0.001713"/>
</iter>
<var>${keyTwo}</var>
<value>@{expected_keysTwo}</value>
<status status="PASS" start="2024-07-03T02:30:49.061568" elapsed="0.003777"/>
</for>
<status status="PASS" start="2024-07-03T02:30:49.012004" elapsed="0.053485"/>
</kw>
<doc>Testa a estrutura da resposta da API.</doc>
<tag>testeEstruturaResposta</tag>
<status status="PASS" start="2024-07-03T02:30:49.011382" elapsed="0.054262"/>
</test>
<test id="s1-s1-t4" name="Validar tipos de dados" line="28">
<kw name="Teste de Tipos de Dados" owner="random-user-service">
<kw name="GET On Session" owner="RequestsLibrary">
<msg time="2024-07-03T02:30:49.145536" level="INFO">GET Request : url=https://randomuser.me/api 
 path_url=/api 
 headers={'User-Agent': 'python-requests/2.32.3', 'Accept-Encoding': 'gzip, deflate', 'Accept': '*/*', 'Connection': 'keep-alive'} 
 body=None 
 </msg>
<msg time="2024-07-03T02:30:49.145631" level="INFO">GET Response : url=https://randomuser.me/api 
 status=200, reason=OK 
 headers={'Date': 'Wed, 03 Jul 2024 02:30:49 GMT', 'Content-Type': 'application/json; charset=utf-8', 'Transfer-Encoding': 'chunked', 'Connection': 'keep-alive', 'X-Powered-By': 'Express', 'Access-Control-Allow-Origin': '*', 'Cache-Control': 'no-cache', 'ETag': 'W/"48c-NKWGOuyPLA12mtNV8oEzQHIFXRw"', 'Vary': 'Accept-Encoding', 'Content-Encoding': 'gzip', 'CF-Cache-Status': 'DYNAMIC', 'Report-To': '{"endpoints":[{"url":"https:\\/\\/a.nel.cloudflare.com\\/report\\/v4?s=sum5bwKc3Zjm0tsLqTfT%2Ff5IQerDkdnJMD%2FEnF55tISAdOlLhp3rEnVV%2FF11I4RppJEQfHWHXfLx2UetoMlCisDxzmk7fw6mYax2qjWyQFs0iZ2EvM%2FiSat%2BVLfrLu8W"}],"group":"cf-nel","max_age":604800}', 'NEL': '{"success_fraction":0,"report_to":"cf-nel","max_age":604800}', 'Server': 'cloudflare', 'CF-RAY': '89d374aca8360830-IAD', 'alt-svc': 'h3=":443"; ma=86400'} 
 body={"results":[{"gender":"female","name":{"title":"Ms","first":"Lumi","last":"Ojala"},"location":{"street":{"number":2311,"name":"Mannerheimintie"},"city":"Lemland","state":"Tavastia Proper","country":"Finland","postcode":89869,"coordinates":{"latitude":"-24.8714","longitude":"10.5214"},"timezone":{"offset":"-12:00","description":"Eniwetok, Kwajalein"}},"email":"lumi.ojala@example.com","login":{"uuid":"8ad0357e-ed61-450e-b532-21eb308d907b","username":"blackdog162","password":"butterfl","salt":"2zgwd6Sx","md5":"03937d92f449240bbae89164ca4bb517","sha1":"f9d3a13c46f8174f2c7a26358f8d8b5e57e637ea","sha256":"aa3f566b819964673346b25507b5577eadfc596d9fc7d2ac4e6a270e95446f89"},"dob":{"date":"1994-05-04T11:51:09.843Z","age":30},"registered":{"date":"2016-03-21T02:42:05.840Z","age":8},"phone":"02-585-047","cell":"047-083-30-58","id":{"name":"HETU","value":"NaNNA000undefined"},"picture":{"large":"https://randomuser.me/api/portraits/women/18.jpg","medium":"https://randomuser.me/api/portraits/med/women/18.jpg","thumbnail":"https://randomuser.me/api/portraits/thumb/women/18.jpg"},"nat":"FI"}],"info":{"seed":"547bc048ec7935cb","results":1,"page":1,"version":"1.4"}} 
 </msg>
<msg time="2024-07-03T02:30:49.145707" level="INFO">/opt/hostedtoolcache/Python/3.12.4/x64/lib/python3.12/site-packages/urllib3/connectionpool.py:1099: InsecureRequestWarning: Unverified HTTPS request is being made to host 'randomuser.me'. Adding certificate verification is strongly advised. See: https://urllib3.readthedocs.io/en/latest/advanced-usage.html#tls-warnings
  warnings.warn(</msg>
<msg time="2024-07-03T02:30:49.145837" level="INFO">${response} = &lt;Response [200]&gt;</msg>
<var>${response}</var>
<arg>consultarAPI</arg>
<arg>/api</arg>
<doc>Sends a GET request on a previously created HTTP Session.</doc>
<status status="PASS" start="2024-07-03T02:30:49.068215" elapsed="0.077672"/>
</kw>
<kw name="Set Variable" owner="BuiltIn">
<msg time="2024-07-03T02:30:49.147046" level="INFO">${json_data} = {'results': [{'gender': 'female', 'name': {'title': 'Ms', 'first': 'Lumi', 'last': 'Ojala'}, 'location': {'street': {'number': 2311, 'name': 'Mannerheimintie'}, 'city': 'Lemland', 'state': 'Tavastia P...</msg>
<var>${json_data}</var>
<arg>${response.json()}</arg>
<doc>Returns the given values which can then be assigned to a variables.</doc>
<status status="PASS" start="2024-07-03T02:30:49.146470" elapsed="0.000606"/>
</kw>
<kw name="Log" owner="BuiltIn">
<msg time="2024-07-03T02:30:49.147572" level="INFO">{'results': [{'gender': 'female', 'name': {'title': 'Ms', 'first': 'Lumi', 'last': 'Ojala'}, 'location': {'street': {'number': 2311, 'name': 'Mannerheimintie'}, 'city': 'Lemland', 'state': 'Tavastia Proper', 'country': 'Finland', 'postcode': 89869, 'coordinates': {'latitude': '-24.8714', 'longitude': '10.5214'}, 'timezone': {'offset': '-12:00', 'description': 'Eniwetok, Kwajalein'}}, 'email': 'lumi.ojala@example.com', 'login': {'uuid': '8ad0357e-ed61-450e-b532-21eb308d907b', 'username': 'blackdog162', 'password': 'butterfl', 'salt': '2zgwd6Sx', 'md5': '03937d92f449240bbae89164ca4bb517', 'sha1': 'f9d3a13c46f8174f2c7a26358f8d8b5e57e637ea', 'sha256': 'aa3f566b819964673346b25507b5577eadfc596d9fc7d2ac4e6a270e95446f89'}, 'dob': {'date': '1994-05-04T11:51:09.843Z', 'age': 30}, 'registered': {'date': '2016-03-21T02:42:05.840Z', 'age': 8}, 'phone': '02-585-047', 'cell': '047-083-30-58', 'id': {'name': 'HETU', 'value': 'NaNNA000undefined'}, 'picture': {'large': 'https://randomuser.me/api/portraits/women/18.jpg', 'medium': 'https://randomuser.me/api/portraits/med/women/18.jpg', 'thumbnail': 'https://randomuser.me/api/portraits/thumb/women/18.jpg'}, 'nat': 'FI'}], 'info': {'seed': '547bc048ec7935cb', 'results': 1, 'page': 1, 'version': '1.4'}}</msg>
<arg>${json_data}</arg>
<doc>Logs the given message with the given level.</doc>
<status status="PASS" start="2024-07-03T02:30:49.147403" elapsed="0.000222"/>
</kw>
<kw name="Should Be String" owner="String">
<arg>${json_data['results'][0]['gender']}</arg>
<doc>Fails if the given ``item`` is not a string.</doc>
<status status="PASS" start="2024-07-03T02:30:49.147925" elapsed="0.000364"/>
</kw>
<kw name="Should Match Regexp" owner="BuiltIn">
<arg>${json_data['results'][0]['email']}</arg>
<arg>^[a-zA-Z0-9._%+-]+@[a-zA-Z0-9.-]+\.[a-zA-Z]{2,}$</arg>
<doc>Fails if ``string`` does not match ``pattern`` as a regular expression.</doc>
<status status="PASS" start="2024-07-03T02:30:49.148517" elapsed="0.000580"/>
</kw>
<kw name="Should Match Regexp" owner="BuiltIn">
<arg>${json_data['results'][0]['dob']['date']}</arg>
<arg>\\d{4}-\\d{2}-\\d{2}T\\d{2}:\\d{2}:\\d{2}\\.\\d{3}Z</arg>
<doc>Fails if ``string`` does not match ``pattern`` as a regular expression.</doc>
<status status="PASS" start="2024-07-03T02:30:49.149301" elapsed="0.000535"/>
</kw>
<kw name="Should Match Regexp" owner="BuiltIn">
<arg>${json_data['results'][0]['registered']['date']}</arg>
<arg>\\d{4}-\\d{2}-\\d{2}T\\d{2}:\\d{2}:\\d{2}\\.\\d{3}Z</arg>
<doc>Fails if ``string`` does not match ``pattern`` as a regular expression.</doc>
<status status="PASS" start="2024-07-03T02:30:49.150031" elapsed="0.000374"/>
</kw>
<kw name="Should Match Regexp" owner="BuiltIn">
<arg>${json_data['results'][0]['picture']['large']}</arg>
<arg>^https?://.*\.(?:png|jpe?g|gif|bmp)$</arg>
<doc>Fails if ``string`` does not match ``pattern`` as a regular expression.</doc>
<status status="PASS" start="2024-07-03T02:30:49.150588" elapsed="0.000462"/>
</kw>
<kw name="Should Match Regexp" owner="BuiltIn">
<arg>${json_data['results'][0]['picture']['medium']}</arg>
<arg>^https?://.*\.(?:png|jpe?g|gif|bmp)$</arg>
<doc>Fails if ``string`` does not match ``pattern`` as a regular expression.</doc>
<status status="PASS" start="2024-07-03T02:30:49.151234" elapsed="0.000360"/>
</kw>
<kw name="Should Match Regexp" owner="BuiltIn">
<arg>${json_data['results'][0]['picture']['thumbnail']}</arg>
<arg>^https?://.*\.(?:png|jpe?g|gif|bmp)$</arg>
<doc>Fails if ``string`` does not match ``pattern`` as a regular expression.</doc>
<status status="PASS" start="2024-07-03T02:30:49.151776" elapsed="0.000359"/>
</kw>
<kw name="Log" owner="BuiltIn">
<msg time="2024-07-03T02:30:49.152734" level="INFO">{'large': 'https://randomuser.me/api/portraits/women/18.jpg', 'medium': 'https://randomuser.me/api/portraits/med/women/18.jpg', 'thumbnail': 'https://randomuser.me/api/portraits/thumb/women/18.jpg'}</msg>
<arg>${json_data['results'][0]['picture']}</arg>
<doc>Logs the given message with the given level.</doc>
<status status="PASS" start="2024-07-03T02:30:49.152342" elapsed="0.000437"/>
</kw>
<status status="PASS" start="2024-07-03T02:30:49.067982" elapsed="0.085088"/>
</kw>
<kw name="Teste de Tipos de Dados - Postcode" owner="random-user-service">
<kw name="GET On Session" owner="RequestsLibrary">
<msg time="2024-07-03T02:30:49.377681" level="INFO">GET Request : url=https://randomuser.me/api 
 path_url=/api 
 headers={'User-Agent': 'python-requests/2.32.3', 'Accept-Encoding': 'gzip, deflate', 'Accept': '*/*', 'Connection': 'keep-alive'} 
 body=None 
 </msg>
<msg time="2024-07-03T02:30:49.377776" level="INFO">GET Response : url=https://randomuser.me/api 
 status=200, reason=OK 
 headers={'Date': 'Wed, 03 Jul 2024 02:30:49 GMT', 'Content-Type': 'application/json; charset=utf-8', 'Transfer-Encoding': 'chunked', 'Connection': 'keep-alive', 'X-Powered-By': 'Express', 'Access-Control-Allow-Origin': '*', 'Cache-Control': 'no-cache', 'ETag': 'W/"489-fVd9h6e6lotTdQdVFp9xDwzGRiI"', 'Vary': 'Accept-Encoding', 'Content-Encoding': 'gzip', 'CF-Cache-Status': 'DYNAMIC', 'Report-To': '{"endpoints":[{"url":"https:\\/\\/a.nel.cloudflare.com\\/report\\/v4?s=uyNrVsGg1F1ljuEqgpELc6UlfpsYGkWkEVKSpjPe9ew99Vm2KR2LpXEpXtXg5nWrswary%2FcKvOHCdtV%2BBBNNdjLfrYgc5PBh9kv%2BTuWy3IJFspPcfOZqExZXqnCWHvzN"}],"group":"cf-nel","max_age":604800}', 'NEL': '{"success_fraction":0,"report_to":"cf-nel","max_age":604800}', 'Server': 'cloudflare', 'CF-RAY': '89d374ad38c20830-IAD', 'alt-svc': 'h3=":443"; ma=86400'} 
 body={"results":[{"gender":"female","name":{"title":"Miss","first":"Rhonda","last":"Jackson"},"location":{"street":{"number":8036,"name":"Miller Ave"},"city":"Orange","state":"Australian Capital Territory","country":"Australia","postcode":5756,"coordinates":{"latitude":"-87.0106","longitude":"72.2304"},"timezone":{"offset":"-9:00","description":"Alaska"}},"email":"rhonda.jackson@example.com","login":{"uuid":"c751c8a0-1e75-4e43-9555-c4cd80d86f90","username":"greenrabbit348","password":"eagles","salt":"5Bw4soIt","md5":"d4163ded4150af3e559da022c459cf14","sha1":"850dc9c7c0f2d3f49f128ff4b4bc7a5edc583fdc","sha256":"0aadc9b2e57c46e260f14c2871faa547c72aa0d92ed3cd9f35787577fb4d0a37"},"dob":{"date":"1988-05-17T19:28:14.169Z","age":36},"registered":{"date":"2018-12-01T00:55:19.581Z","age":5},"phone":"00-8549-5029","cell":"0444-098-605","id":{"name":"TFN","value":"436598982"},"picture":{"large":"https://randomuser.me/api/portraits/women/52.jpg","medium":"https://randomuser.me/api/portraits/med/women/52.jpg","thumbnail":"https://randomuser.me/api/portraits/thumb/women/52.jpg"},"nat":"AU"}],"info":{"seed":"01666fd3c82771da","results":1,"page":1,"version":"1.4"}} 
 </msg>
<msg time="2024-07-03T02:30:49.377843" level="INFO">/opt/hostedtoolcache/Python/3.12.4/x64/lib/python3.12/site-packages/urllib3/connectionpool.py:1099: InsecureRequestWarning: Unverified HTTPS request is being made to host 'randomuser.me'. Adding certificate verification is strongly advised. See: https://urllib3.readthedocs.io/en/latest/advanced-usage.html#tls-warnings
  warnings.warn(</msg>
<msg time="2024-07-03T02:30:49.377957" level="INFO">${response} = &lt;Response [200]&gt;</msg>
<var>${response}</var>
<arg>consultarAPI</arg>
<arg>/api</arg>
<doc>Sends a GET request on a previously created HTTP Session.</doc>
<status status="PASS" start="2024-07-03T02:30:49.153537" elapsed="0.224446"/>
</kw>
<kw name="Set Variable" owner="BuiltIn">
<msg time="2024-07-03T02:30:49.378994" level="INFO">${json_data} = {'results': [{'gender': 'female', 'name': {'title': 'Miss', 'first': 'Rhonda', 'last': 'Jackson'}, 'location': {'street': {'number': 8036, 'name': 'Miller Ave'}, 'city': 'Orange', 'state': 'Australian...</msg>
<var>${json_data}</var>
<arg>${response.json()}</arg>
<doc>Returns the given values which can then be assigned to a variables.</doc>
<status status="PASS" start="2024-07-03T02:30:49.378497" elapsed="0.000526"/>
</kw>
<kw name="Log" owner="BuiltIn">
<msg time="2024-07-03T02:30:49.379487" level="INFO">{'results': [{'gender': 'female', 'name': {'title': 'Miss', 'first': 'Rhonda', 'last': 'Jackson'}, 'location': {'street': {'number': 8036, 'name': 'Miller Ave'}, 'city': 'Orange', 'state': 'Australian Capital Territory', 'country': 'Australia', 'postcode': 5756, 'coordinates': {'latitude': '-87.0106', 'longitude': '72.2304'}, 'timezone': {'offset': '-9:00', 'description': 'Alaska'}}, 'email': 'rhonda.jackson@example.com', 'login': {'uuid': 'c751c8a0-1e75-4e43-9555-c4cd80d86f90', 'username': 'greenrabbit348', 'password': 'eagles', 'salt': '5Bw4soIt', 'md5': 'd4163ded4150af3e559da022c459cf14', 'sha1': '850dc9c7c0f2d3f49f128ff4b4bc7a5edc583fdc', 'sha256': '0aadc9b2e57c46e260f14c2871faa547c72aa0d92ed3cd9f35787577fb4d0a37'}, 'dob': {'date': '1988-05-17T19:28:14.169Z', 'age': 36}, 'registered': {'date': '2018-12-01T00:55:19.581Z', 'age': 5}, 'phone': '00-8549-5029', 'cell': '0444-098-605', 'id': {'name': 'TFN', 'value': '436598982'}, 'picture': {'large': 'https://randomuser.me/api/portraits/women/52.jpg', 'medium': 'https://randomuser.me/api/portraits/med/women/52.jpg', 'thumbnail': 'https://randomuser.me/api/portraits/thumb/women/52.jpg'}, 'nat': 'AU'}], 'info': {'seed': '01666fd3c82771da', 'results': 1, 'page': 1, 'version': '1.4'}}</msg>
<arg>${json_data}</arg>
<doc>Logs the given message with the given level.</doc>
<status status="PASS" start="2024-07-03T02:30:49.379330" elapsed="0.000205"/>
</kw>
<kw name="Should Be Equal As Numbers" owner="BuiltIn">
<arg>${json_data['results'][0]['location']['postcode']}</arg>
<arg>${json_data['results'][0]['location']['postcode']}</arg>
<doc>Fails if objects are unequal after converting them to real numbers.</doc>
<status status="PASS" start="2024-07-03T02:30:49.379822" elapsed="0.000624"/>
</kw>
<kw name="Log" owner="BuiltIn">
<msg time="2024-07-03T02:30:49.381233" level="INFO">5756</msg>
<arg>${json_data['results'][0]['location']['postcode']}</arg>
<doc>Logs the given message with the given level.</doc>
<status status="PASS" start="2024-07-03T02:30:49.380639" elapsed="0.000637"/>
</kw>
<status status="PASS" start="2024-07-03T02:30:49.153305" elapsed="0.228229"/>
</kw>
<doc>Testa se os tipos de dados na resposta da API estão corretos.</doc>
<tag>testeTiposDados</tag>
<status status="PASS" start="2024-07-03T02:30:49.067413" elapsed="0.314285"/>
</test>
<test id="s1-s1-t5" name="Validar conteudo" line="35">
<kw name="Teste de Tipos de Conteudo" owner="random-user-service">
<kw name="GET On Session" owner="RequestsLibrary">
<msg time="2024-07-03T02:30:49.561917" level="INFO">GET Request : url=https://randomuser.me/api 
 path_url=/api 
 headers={'User-Agent': 'python-requests/2.32.3', 'Accept-Encoding': 'gzip, deflate', 'Accept': '*/*', 'Connection': 'keep-alive'} 
 body=None 
 </msg>
<msg time="2024-07-03T02:30:49.562017" level="INFO">GET Response : url=https://randomuser.me/api 
 status=200, reason=OK 
 headers={'Date': 'Wed, 03 Jul 2024 02:30:49 GMT', 'Content-Type': 'application/json; charset=utf-8', 'Transfer-Encoding': 'chunked', 'Connection': 'keep-alive', 'X-Powered-By': 'Express', 'Access-Control-Allow-Origin': '*', 'Cache-Control': 'no-cache', 'ETag': 'W/"477-ICgnZ15VSJuUT8hlEU9UZTj2YPY"', 'Vary': 'Accept-Encoding', 'Content-Encoding': 'gzip', 'CF-Cache-Status': 'DYNAMIC', 'Report-To': '{"endpoints":[{"url":"https:\\/\\/a.nel.cloudflare.com\\/report\\/v4?s=qP%2B47Dznn1kvljV9%2FPNt83CF2Nwi5%2BPCyGnr0Q5WRm8jCT9%2Fv2R4w9l1qRRv8UCYdk%2B%2BjS%2B7DnF11BX8YhaLwjIJ65IlfsAvlB%2BSl9TUvBtvw3BY3wc01WNfQLFJIIeT"}],"group":"cf-nel","max_age":604800}', 'NEL': '{"success_fraction":0,"report_to":"cf-nel","max_age":604800}', 'Server': 'cloudflare', 'CF-RAY': '89d374aeaa510830-IAD', 'alt-svc': 'h3=":443"; ma=86400'} 
 body={"results":[{"gender":"female","name":{"title":"Miss","first":"Mathilde","last":"Thomsen"},"location":{"street":{"number":3381,"name":"Havbakken"},"city":"Amager","state":"Sjælland","country":"Denmark","postcode":41656,"coordinates":{"latitude":"-46.1544","longitude":"43.9153"},"timezone":{"offset":"-3:30","description":"Newfoundland"}},"email":"mathilde.thomsen@example.com","login":{"uuid":"af15541b-5fa0-490d-a423-b34c5f7b2f9f","username":"brownpeacock317","password":"bird","salt":"0NdKdZ5s","md5":"596630a4ae09969c64006f73c2aaded7","sha1":"98d424b8f3a0cab1c12c19cf53117e7b416a082e","sha256":"1df392998472417830419722e2b74777d20410aaff1f257e71934483cbba5563"},"dob":{"date":"1961-02-21T12:31:31.255Z","age":63},"registered":{"date":"2017-10-30T10:55:19.250Z","age":6},"phone":"94719699","cell":"98219436","id":{"name":"CPR","value":"210261-5544"},"picture":{"large":"https://randomuser.me/api/portraits/women/33.jpg","medium":"https://randomuser.me/api/portraits/med/women/33.jpg","thumbnail":"https://randomuser.me/api/portraits/thumb/women/33.jpg"},"nat":"DK"}],"info":{"seed":"8c4960a02ec44868","results":1,"page":1,"version":"1.4"}} 
 </msg>
<msg time="2024-07-03T02:30:49.562088" level="INFO">/opt/hostedtoolcache/Python/3.12.4/x64/lib/python3.12/site-packages/urllib3/connectionpool.py:1099: InsecureRequestWarning: Unverified HTTPS request is being made to host 'randomuser.me'. Adding certificate verification is strongly advised. See: https://urllib3.readthedocs.io/en/latest/advanced-usage.html#tls-warnings
  warnings.warn(</msg>
<msg time="2024-07-03T02:30:49.562203" level="INFO">${response} = &lt;Response [200]&gt;</msg>
<var>${response}</var>
<arg>consultarAPI</arg>
<arg>/api</arg>
<doc>Sends a GET request on a previously created HTTP Session.</doc>
<status status="PASS" start="2024-07-03T02:30:49.384090" elapsed="0.178140"/>
</kw>
<kw name="Set Variable" owner="BuiltIn">
<msg time="2024-07-03T02:30:49.563274" level="INFO">${json_data} = {'results': [{'gender': 'female', 'name': {'title': 'Miss', 'first': 'Mathilde', 'last': 'Thomsen'}, 'location': {'street': {'number': 3381, 'name': 'Havbakken'}, 'city': 'Amager', 'state': 'Sjælland'...</msg>
<var>${json_data}</var>
<arg>${response.json()}</arg>
<doc>Returns the given values which can then be assigned to a variables.</doc>
<status status="PASS" start="2024-07-03T02:30:49.562753" elapsed="0.000550"/>
</kw>
<kw name="Set Variable" owner="BuiltIn">
<msg time="2024-07-03T02:30:49.563991" level="INFO">${name_title} = Miss</msg>
<var>${name_title}</var>
<arg>${json_data["results"][0]["name"]["title"]}</arg>
<doc>Returns the given values which can then be assigned to a variables.</doc>
<status status="PASS" start="2024-07-03T02:30:49.563609" elapsed="0.000407"/>
</kw>
<kw name="Create List" owner="BuiltIn">
<msg time="2024-07-03T02:30:49.564458" level="INFO">${allowed_titles} = ['Mr', 'Ms', 'Miss', 'Mrs', 'Madame', 'Monsieur']</msg>
<var>${allowed_titles}</var>
<arg>Mr</arg>
<arg>Ms</arg>
<arg>Miss</arg>
<arg>Mrs</arg>
<arg>Madame</arg>
<arg>Monsieur</arg>
<doc>Returns a list containing given items.</doc>
<status status="PASS" start="2024-07-03T02:30:49.564308" elapsed="0.000174"/>
</kw>
<kw name="List Should Contain Value" owner="Collections">
<arg>${allowed_titles}</arg>
<arg>${name_title}</arg>
<doc>Fails if the ``value`` is not found from ``list``.</doc>
<status status="PASS" start="2024-07-03T02:30:49.564782" elapsed="0.000230"/>
</kw>
<kw name="Set Variable" owner="BuiltIn">
<msg time="2024-07-03T02:30:49.565567" level="INFO">${name_country} = DK</msg>
<var>${name_country}</var>
<arg>${json_data["results"][0]["nat"]}</arg>
<doc>Returns the given values which can then be assigned to a variables.</doc>
<status status="PASS" start="2024-07-03T02:30:49.565200" elapsed="0.000392"/>
</kw>
<kw name="Create List" owner="BuiltIn">
<msg time="2024-07-03T02:30:49.566477" level="INFO">${list_country} = ['AD', 'AE', 'AF', 'AG', 'AI', 'AL', 'AM', 'AO', 'AQ', 'AR', 'AS', 'AT', 'AU', 'AW', 'AX', 'AZ', 'BA', 'BB', 'BD', 'BE', 'BF', 'BG', 'BH', 'BI', 'BJ', 'BL', 'BM', 'BN', 'BO', 'BQ', 'BR', 'BS', 'BT', '...</msg>
<var>${list_country}</var>
<arg>AD</arg>
<arg>AE</arg>
<arg>AF</arg>
<arg>AG</arg>
<arg>AI</arg>
<arg>AL</arg>
<arg>AM</arg>
<arg>AO</arg>
<arg>AQ</arg>
<arg>AR</arg>
<arg>AS</arg>
<arg>AT</arg>
<arg>AU</arg>
<arg>AW</arg>
<arg>AX</arg>
<arg>AZ</arg>
<arg>BA</arg>
<arg>BB</arg>
<arg>BD</arg>
<arg>BE</arg>
<arg>BF</arg>
<arg>BG</arg>
<arg>BH</arg>
<arg>BI</arg>
<arg>BJ</arg>
<arg>BL</arg>
<arg>BM</arg>
<arg>BN</arg>
<arg>BO</arg>
<arg>BQ</arg>
<arg>BR</arg>
<arg>BS</arg>
<arg>BT</arg>
<arg>BV</arg>
<arg>BW</arg>
<arg>BY</arg>
<arg>BZ</arg>
<arg>CA</arg>
<arg>CC</arg>
<arg>CD</arg>
<arg>CF</arg>
<arg>CG</arg>
<arg>CH</arg>
<arg>CI</arg>
<arg>CK</arg>
<arg>CL</arg>
<arg>CM</arg>
<arg>CN</arg>
<arg>CO</arg>
<arg>CR</arg>
<arg>CU</arg>
<arg>CV</arg>
<arg>CW</arg>
<arg>CX</arg>
<arg>CY</arg>
<arg>CZ</arg>
<arg>DE</arg>
<arg>DJ</arg>
<arg>DK</arg>
<arg>DM</arg>
<arg>DO</arg>
<arg>DZ</arg>
<arg>EC</arg>
<arg>EE</arg>
<arg>EG</arg>
<arg>EH</arg>
<arg>ER</arg>
<arg>ES</arg>
<arg>ET</arg>
<arg>FI</arg>
<arg>FJ</arg>
<arg>FK</arg>
<arg>FM</arg>
<arg>FO</arg>
<arg>FR</arg>
<arg>GA</arg>
<arg>GB</arg>
<arg>GD</arg>
<arg>GE</arg>
<arg>GF</arg>
<arg>GG</arg>
<arg>GH</arg>
<arg>GI</arg>
<arg>GL</arg>
<arg>GM</arg>
<arg>GN</arg>
<arg>GP</arg>
<arg>GQ</arg>
<arg>GR</arg>
<arg>GS</arg>
<arg>GT</arg>
<arg>GU</arg>
<arg>GW</arg>
<arg>GY</arg>
<arg>HK</arg>
<arg>HM</arg>
<arg>HN</arg>
<arg>HR</arg>
<arg>HT</arg>
<arg>HU</arg>
<arg>ID</arg>
<arg>IE</arg>
<arg>IL</arg>
<arg>IM</arg>
<arg>IN</arg>
<arg>IO</arg>
<arg>IQ</arg>
<arg>IR</arg>
<arg>IS</arg>
<arg>IT</arg>
<arg>JE</arg>
<arg>JM</arg>
<arg>JO</arg>
<arg>JP</arg>
<arg>KE</arg>
<arg>KG</arg>
<arg>KH</arg>
<arg>KI</arg>
<arg>KM</arg>
<arg>KN</arg>
<arg>KP</arg>
<arg>KR</arg>
<arg>KW</arg>
<arg>KY</arg>
<arg>KZ</arg>
<arg>LA</arg>
<arg>LB</arg>
<arg>LC</arg>
<arg>LI</arg>
<arg>LK</arg>
<arg>LR</arg>
<arg>LS</arg>
<arg>LT</arg>
<arg>LU</arg>
<arg>LV</arg>
<arg>LY</arg>
<arg>MA</arg>
<arg>MC</arg>
<arg>MD</arg>
<arg>ME</arg>
<arg>MF</arg>
<arg>MG</arg>
<arg>MH</arg>
<arg>MK</arg>
<arg>ML</arg>
<arg>MM</arg>
<arg>MN</arg>
<arg>MO</arg>
<arg>MP</arg>
<arg>MQ</arg>
<arg>MR</arg>
<arg>MS</arg>
<arg>MT</arg>
<arg>MU</arg>
<arg>MV</arg>
<arg>MW</arg>
<arg>MX</arg>
<arg>MY</arg>
<arg>MZ</arg>
<arg>NA</arg>
<arg>NC</arg>
<arg>NE</arg>
<arg>NF</arg>
<arg>NG</arg>
<arg>NI</arg>
<arg>NL</arg>
<arg>NO</arg>
<arg>NP</arg>
<arg>NR</arg>
<arg>NU</arg>
<arg>NZ</arg>
<arg>OM</arg>
<arg>PA</arg>
<arg>PE</arg>
<arg>PF</arg>
<arg>PG</arg>
<arg>PH</arg>
<arg>PK</arg>
<arg>PL</arg>
<arg>PM</arg>
<arg>PN</arg>
<arg>PR</arg>
<arg>PS</arg>
<arg>PT</arg>
<arg>PW</arg>
<arg>PY</arg>
<arg>QA</arg>
<arg>RE</arg>
<arg>RO</arg>
<arg>RS</arg>
<arg>RU</arg>
<arg>RW</arg>
<arg>SA</arg>
<arg>SB</arg>
<arg>SC</arg>
<arg>SD</arg>
<arg>SE</arg>
<arg>SG</arg>
<arg>SH</arg>
<arg>SI</arg>
<arg>SJ</arg>
<arg>SK</arg>
<arg>SL</arg>
<arg>SM</arg>
<arg>SN</arg>
<arg>SO</arg>
<arg>SR</arg>
<arg>SS</arg>
<arg>ST</arg>
<arg>SV</arg>
<arg>SX</arg>
<arg>SY</arg>
<arg>SZ</arg>
<arg>TC</arg>
<arg>TD</arg>
<arg>TF</arg>
<arg>TG</arg>
<arg>TH</arg>
<arg>TJ</arg>
<arg>TK</arg>
<arg>TL</arg>
<arg>TM</arg>
<arg>TN</arg>
<arg>TO</arg>
<arg>TR</arg>
<arg>TT</arg>
<arg>TV</arg>
<arg>TW</arg>
<arg>TZ</arg>
<arg>UA</arg>
<arg>UG</arg>
<arg>UM</arg>
<arg>US</arg>
<arg>UY</arg>
<arg>UZ</arg>
<arg>VA</arg>
<arg>VC</arg>
<arg>VE</arg>
<arg>VG</arg>
<arg>VI</arg>
<arg>VN</arg>
<arg>VU</arg>
<arg>WF</arg>
<arg>WS</arg>
<arg>XK</arg>
<arg>YE</arg>
<arg>YT</arg>
<arg>ZA</arg>
<arg>ZM</arg>
<arg>ZW</arg>
<doc>Returns a list containing given items.</doc>
<status status="PASS" start="2024-07-03T02:30:49.565883" elapsed="0.000619"/>
</kw>
<kw name="List Should Contain Value" owner="Collections">
<arg>${list_country}</arg>
<arg>${name_country}</arg>
<doc>Fails if the ``value`` is not found from ``list``.</doc>
<status status="PASS" start="2024-07-03T02:30:49.567297" elapsed="0.000200"/>
</kw>
<kw name="Run Keyword If" owner="BuiltIn">
<kw name="Should Be True" owner="BuiltIn">
<arg>${True}</arg>
<doc>Fails if the given condition is not true.</doc>
<status status="PASS" start="2024-07-03T02:30:49.568426" elapsed="0.000140"/>
</kw>
<arg>${json_data["results"][0]["location"]["coordinates"]["latitude"]} &gt;= -90 and ${json_data["results"][0]["location"]["coordinates"]["latitude"]} &lt;= 90</arg>
<arg>Should Be True</arg>
<arg>${True}</arg>
<doc>Runs the given keyword with the given arguments, if ``condition`` is true.</doc>
<status status="PASS" start="2024-07-03T02:30:49.567691" elapsed="0.000998"/>
</kw>
<kw name="Run Keyword If" owner="BuiltIn">
<kw name="Should Be True" owner="BuiltIn">
<arg>${True}</arg>
<doc>Fails if the given condition is not true.</doc>
<status status="PASS" start="2024-07-03T02:30:49.569580" elapsed="0.000243"/>
</kw>
<arg>${json_data["results"][0]["location"]["coordinates"]["longitude"]} &gt;= -180 and ${json_data["results"][0]["location"]["coordinates"]["longitude"]} &lt;= 180</arg>
<arg>Should Be True</arg>
<arg>${True}</arg>
<doc>Runs the given keyword with the given arguments, if ``condition`` is true.</doc>
<status status="PASS" start="2024-07-03T02:30:49.568867" elapsed="0.001084"/>
</kw>
<status status="PASS" start="2024-07-03T02:30:49.383866" elapsed="0.186218"/>
</kw>
<doc>Testa o conteúdo específico dos campos retornados pela API.</doc>
<tag>testeConteudo</tag>
<status status="PASS" start="2024-07-03T02:30:49.383410" elapsed="0.186828"/>
</test>
<status status="PASS" start="2024-07-03T02:30:48.349300" elapsed="1.222878"/>
</suite>
<status status="PASS" start="2024-07-03T02:30:48.334907" elapsed="1.242290"/>
</suite>
<statistics>
<total>
<stat pass="5" fail="0" skip="0">All Tests</stat>
</total>
<tag>
<stat pass="1" fail="0" skip="0">testeConteudo</stat>
<stat pass="1" fail="0" skip="0">testeEstruturaResposta</stat>
<stat pass="1" fail="0" skip="0">testeRequisicaoBasica</stat>
<stat pass="1" fail="0" skip="0">testeTiposDados</stat>
</tag>
<suite>
<stat pass="5" fail="0" skip="0" id="s1" name="Tests">Tests</stat>
<stat pass="5" fail="0" skip="0" id="s1-s1" name="Random-User-Test">Tests.Random-User-Test</stat>
</suite>
</statistics>
<errors>
</errors>
</robot>
