<?xml version="1.0" encoding="UTF-8"?>
<robot generator="Robot 7.0 (Python 3.12.2 on linux)" generated="2024-04-06T01:50:02.543902" rpa="false" schemaversion="5">
<suite id="s1" name="Tests" source="/home/runner/work/DesafioQAItauRogerioJordao/DesafioQAItauRogerioJordao/RamdonUser/tests">
<suite id="s1-s1" name="Random-User-Test" source="/home/runner/work/DesafioQAItauRogerioJordao/DesafioQAItauRogerioJordao/RamdonUser/tests/random-user-test.robot">
<test id="s1-s1-t1" name="Conectar" line="13">
<kw name="Conectar API" owner="random-user-service">
<kw name="Create Session" owner="RequestsLibrary">
<msg time="2024-04-06T01:50:02.902650" level="INFO">Creating Session using : alias=consultarAPI, url=https://randomuser.me/, headers={},                     cookies={}, auth=None, timeout=None, proxies=None, verify=False,                     debug=0 </msg>
<arg>consultarAPI</arg>
<arg>${URL}</arg>
<doc>Create Session: create a HTTP session to a server</doc>
<status status="PASS" start="2024-04-06T01:50:02.902442" elapsed="0.000380"/>
</kw>
<status status="PASS" start="2024-04-06T01:50:02.901344" elapsed="0.001837"/>
</kw>
<status status="PASS" start="2024-04-06T01:50:02.900705" elapsed="0.002683"/>
</test>
<test id="s1-s1-t2" name="Validar retorno 200 e JSON Válido" line="16">
<kw name="Teste de Requisicao Basica" owner="random-user-service">
<kw name="GET On Session" owner="RequestsLibrary">
<msg time="2024-04-06T01:50:03.285274" level="INFO">GET Request : url=https://randomuser.me/api 
 path_url=/api 
 headers={'User-Agent': 'python-requests/2.31.0', 'Accept-Encoding': 'gzip, deflate', 'Accept': '*/*', 'Connection': 'keep-alive'} 
 body=None 
 </msg>
<msg time="2024-04-06T01:50:03.285430" level="INFO">GET Response : url=https://randomuser.me/api 
 status=200, reason=OK 
 headers={'Date': 'Sat, 06 Apr 2024 01:50:03 GMT', 'Content-Type': 'application/json; charset=utf-8', 'Transfer-Encoding': 'chunked', 'Connection': 'keep-alive', 'X-Powered-By': 'Express', 'Access-Control-Allow-Origin': '*', 'Cache-Control': 'no-cache', 'ETag': 'W/"490-rFlHzmZ6BC+gA6n22yJLMU6fyJ8"', 'Vary': 'Accept-Encoding', 'Content-Encoding': 'gzip', 'CF-Cache-Status': 'DYNAMIC', 'Report-To': '{"endpoints":[{"url":"https:\\/\\/a.nel.cloudflare.com\\/report\\/v4?s=OJ3Zx8lOI5KQnRrp9qDs9dGk1ovoS4589BH59jOCD3dQyeNR92B1waoM%2FI3y4TCqCSN1H8MBtNO5P5ytp1pEVdLOlfgeN21uUXvo2HwLtwSKdvIrERCuqaCAF1FU1KJi"}],"group":"cf-nel","max_age":604800}', 'NEL': '{"success_fraction":0,"report_to":"cf-nel","max_age":604800}', 'Server': 'cloudflare', 'CF-RAY': '86fe1ff54d372ad7-LAX', 'alt-svc': 'h3=":443"; ma=86400'} 
 body={"results":[{"gender":"male","name":{"title":"Mr","first":"Archer","last":"Li"},"location":{"street":{"number":7387,"name":"Highbrook Drive"},"city":"New Plymouth","state":"Bay of Plenty","country":"New Zealand","postcode":77455,"coordinates":{"latitude":"52.6779","longitude":"-126.6310"},"timezone":{"offset":"+11:00","description":"Magadan, Solomon Islands, New Caledonia"}},"email":"archer.li@example.com","login":{"uuid":"17fb681b-3a13-4f24-a517-77025ed60301","username":"bigkoala510","password":"farmboy","salt":"mNen7jqy","md5":"56bd0c47d4e54d910106f8c2f09cea50","sha1":"abfdbafd454d00aec23c16ec518d85cb2015b4e9","sha256":"709f4627556d4486527bd1caf7d40dd111345b9aed8f4317dc33c78abd4c721f"},"dob":{"date":"1970-11-14T00:17:58.024Z","age":53},"registered":{"date":"2002-11-16T22:23:21.024Z","age":21},"phone":"(398)-402-0029","cell":"(575)-953-5452","id":{"name":"","value":null},"picture":{"large":"https://randomuser.me/api/portraits/men/15.jpg","medium":"https://randomuser.me/api/portraits/med/men/15.jpg","thumbnail":"https://randomuser.me/api/portraits/thumb/men/15.jpg"},"nat":"NZ"}],"info":{"seed":"463090d3bbf726fb","results":1,"page":1,"version":"1.4"}} 
 </msg>
<msg time="2024-04-06T01:50:03.285541" level="INFO">/opt/hostedtoolcache/Python/3.12.2/x64/lib/python3.12/site-packages/urllib3/connectionpool.py:1103: InsecureRequestWarning: Unverified HTTPS request is being made to host 'randomuser.me'. Adding certificate verification is strongly advised. See: https://urllib3.readthedocs.io/en/latest/advanced-usage.html#tls-warnings
  warnings.warn(</msg>
<msg time="2024-04-06T01:50:03.285686" level="INFO">${response} = &lt;Response [200]&gt;</msg>
<var>${response}</var>
<arg>consultarAPI</arg>
<arg>/api</arg>
<doc>Sends a GET request on a previously created HTTP Session.</doc>
<status status="PASS" start="2024-04-06T01:50:02.906072" elapsed="0.379657"/>
</kw>
<kw name="Should Be Equal As Numbers" owner="BuiltIn">
<msg time="2024-04-06T01:50:03.286749" level="INFO">Argument types are:
&lt;class 'int'&gt;
&lt;class 'str'&gt;</msg>
<arg>${response.status_code}</arg>
<arg>200</arg>
<doc>Fails if objects are unequal after converting them to real numbers.</doc>
<status status="PASS" start="2024-04-06T01:50:03.286282" elapsed="0.000538"/>
</kw>
<kw name="Log" owner="BuiltIn">
<msg time="2024-04-06T01:50:03.287483" level="INFO">200</msg>
<arg>${response.status_code}</arg>
<doc>Logs the given message with the given level.</doc>
<status status="PASS" start="2024-04-06T01:50:03.287138" elapsed="0.000387"/>
</kw>
<kw name="Set Variable" owner="BuiltIn">
<msg time="2024-04-06T01:50:03.288297" level="INFO">${json_data} = {'results': [{'gender': 'male', 'name': {'title': 'Mr', 'first': 'Archer', 'last': 'Li'}, 'location': {'street': {'number': 7387, 'name': 'Highbrook Drive'}, 'city': 'New Plymouth', 'state': 'Bay of P...</msg>
<var>${json_data}</var>
<arg>${response.json()}</arg>
<doc>Returns the given values which can then be assigned to a variables.</doc>
<status status="PASS" start="2024-04-06T01:50:03.287861" elapsed="0.000465"/>
</kw>
<kw name="Dictionary Should Contain Key" owner="Collections">
<msg time="2024-04-06T01:50:03.288866" level="INFO">False</msg>
<arg>${json_data}</arg>
<arg>results</arg>
<doc>Fails if ``key`` is not found from ``dictionary``.</doc>
<status status="PASS" start="2024-04-06T01:50:03.288685" elapsed="0.000222"/>
</kw>
<status status="PASS" start="2024-04-06T01:50:02.905819" elapsed="0.383351"/>
</kw>
<doc>Testa se a API responde corretamente e retorna um objeto JSON válido.</doc>
<tag>testeRequisicaoBasica</tag>
<status status="PASS" start="2024-04-06T01:50:02.905285" elapsed="0.384076"/>
</test>
<test id="s1-s1-t3" name="Validar estrutura de resposta" line="22">
<kw name="Teste de Estrutura de Resposta" owner="random-user-service">
<kw name="GET On Session" owner="RequestsLibrary">
<msg time="2024-04-06T01:50:03.508153" level="INFO">GET Request : url=https://randomuser.me/api 
 path_url=/api 
 headers={'User-Agent': 'python-requests/2.31.0', 'Accept-Encoding': 'gzip, deflate', 'Accept': '*/*', 'Connection': 'keep-alive'} 
 body=None 
 </msg>
<msg time="2024-04-06T01:50:03.508266" level="INFO">GET Response : url=https://randomuser.me/api 
 status=200, reason=OK 
 headers={'Date': 'Sat, 06 Apr 2024 01:50:03 GMT', 'Content-Type': 'application/json; charset=utf-8', 'Transfer-Encoding': 'chunked', 'Connection': 'keep-alive', 'X-Powered-By': 'Express', 'Access-Control-Allow-Origin': '*', 'Cache-Control': 'no-cache', 'ETag': 'W/"4c5-LU58XhmKaq1Cx+4RuB5l6glkzFI"', 'Vary': 'Accept-Encoding', 'Content-Encoding': 'gzip', 'CF-Cache-Status': 'DYNAMIC', 'Report-To': '{"endpoints":[{"url":"https:\\/\\/a.nel.cloudflare.com\\/report\\/v4?s=MlsUnkEdV7J17xTHl%2BXdGbeyJz5Bqfivjhafq3CAoUmXRDCUuVyAFHN906khIBsrc7wYUk2COV5FVMZ%2BRtXxCXqGzaxgoTgvoWpS49DGxgmJymYlDuesu2SdJQ4iwFf9"}],"group":"cf-nel","max_age":604800}', 'NEL': '{"success_fraction":0,"report_to":"cf-nel","max_age":604800}', 'Server': 'cloudflare', 'CF-RAY': '86fe1ff69f8c2ad7-LAX', 'alt-svc': 'h3=":443"; ma=86400'} 
 body={"results":[{"gender":"male","name":{"title":"Mr","first":"Adalberto","last":"Guevara"},"location":{"street":{"number":7301,"name":"Prolongación Anguiano"},"city":"Concepción de Buenos Aires","state":"Nuevo Leon","country":"Mexico","postcode":75266,"coordinates":{"latitude":"23.0256","longitude":"-104.2963"},"timezone":{"offset":"0:00","description":"Western Europe Time, London, Lisbon, Casablanca"}},"email":"adalberto.guevara@example.com","login":{"uuid":"067bd39b-8adc-4f5a-908a-bae7fc066c2a","username":"orangemouse720","password":"951753","salt":"IQ1V8uN3","md5":"4e32e6d5ac67c74e1fe169cd9f05aa3c","sha1":"715e35b1c5fc8bfbf34a1dff6fde2f63f8b07bd1","sha256":"ac9747265e77e556208ae1c71c88b108ed772786b5f3486b84840d95e4c00306"},"dob":{"date":"1983-08-17T01:57:22.289Z","age":40},"registered":{"date":"2021-01-30T18:44:39.324Z","age":3},"phone":"(698) 033 8165","cell":"(605) 215 7001","id":{"name":"NSS","value":"59 18 13 0921 7"},"picture":{"large":"https://randomuser.me/api/portraits/men/49.jpg","medium":"https://randomuser.me/api/portraits/med/men/49.jpg","thumbnail":"https://randomuser.me/api/portraits/thumb/men/49.jpg"},"nat":"MX"}],"info":{"seed":"c80ac86d8602ba35","results":1,"page":1,"version":"1.4"}} 
 </msg>
<msg time="2024-04-06T01:50:03.508427" level="INFO">/opt/hostedtoolcache/Python/3.12.2/x64/lib/python3.12/site-packages/urllib3/connectionpool.py:1103: InsecureRequestWarning: Unverified HTTPS request is being made to host 'randomuser.me'. Adding certificate verification is strongly advised. See: https://urllib3.readthedocs.io/en/latest/advanced-usage.html#tls-warnings
  warnings.warn(</msg>
<msg time="2024-04-06T01:50:03.508612" level="INFO">${response} = &lt;Response [200]&gt;</msg>
<var>${response}</var>
<arg>consultarAPI</arg>
<arg>/api</arg>
<doc>Sends a GET request on a previously created HTTP Session.</doc>
<status status="PASS" start="2024-04-06T01:50:03.292102" elapsed="0.216550"/>
</kw>
<kw name="Set Variable" owner="BuiltIn">
<msg time="2024-04-06T01:50:03.509800" level="INFO">${json_data} = {'results': [{'gender': 'male', 'name': {'title': 'Mr', 'first': 'Adalberto', 'last': 'Guevara'}, 'location': {'street': {'number': 7301, 'name': 'Prolongación Anguiano'}, 'city': 'Concepción de Bueno...</msg>
<var>${json_data}</var>
<arg>${response.json()}</arg>
<doc>Returns the given values which can then be assigned to a variables.</doc>
<status status="PASS" start="2024-04-06T01:50:03.509252" elapsed="0.000579"/>
</kw>
<kw name="Log" owner="BuiltIn">
<msg time="2024-04-06T01:50:03.510309" level="INFO">{'results': [{'gender': 'male', 'name': {'title': 'Mr', 'first': 'Adalberto', 'last': 'Guevara'}, 'location': {'street': {'number': 7301, 'name': 'Prolongación Anguiano'}, 'city': 'Concepción de Buenos Aires', 'state': 'Nuevo Leon', 'country': 'Mexico', 'postcode': 75266, 'coordinates': {'latitude': '23.0256', 'longitude': '-104.2963'}, 'timezone': {'offset': '0:00', 'description': 'Western Europe Time, London, Lisbon, Casablanca'}}, 'email': 'adalberto.guevara@example.com', 'login': {'uuid': '067bd39b-8adc-4f5a-908a-bae7fc066c2a', 'username': 'orangemouse720', 'password': '951753', 'salt': 'IQ1V8uN3', 'md5': '4e32e6d5ac67c74e1fe169cd9f05aa3c', 'sha1': '715e35b1c5fc8bfbf34a1dff6fde2f63f8b07bd1', 'sha256': 'ac9747265e77e556208ae1c71c88b108ed772786b5f3486b84840d95e4c00306'}, 'dob': {'date': '1983-08-17T01:57:22.289Z', 'age': 40}, 'registered': {'date': '2021-01-30T18:44:39.324Z', 'age': 3}, 'phone': '(698) 033 8165', 'cell': '(605) 215 7001', 'id': {'name': 'NSS', 'value': '59 18 13 0921 7'}, 'picture': {'large': 'https://randomuser.me/api/portraits/men/49.jpg', 'medium': 'https://randomuser.me/api/portraits/med/men/49.jpg', 'thumbnail': 'https://randomuser.me/api/portraits/thumb/men/49.jpg'}, 'nat': 'MX'}], 'info': {'seed': 'c80ac86d8602ba35', 'results': 1, 'page': 1, 'version': '1.4'}}</msg>
<arg>${json_data}</arg>
<doc>Logs the given message with the given level.</doc>
<status status="PASS" start="2024-04-06T01:50:03.510145" elapsed="0.000213"/>
</kw>
<kw name="Dictionary Should Contain Key" owner="Collections">
<msg time="2024-04-06T01:50:03.510818" level="INFO">False</msg>
<arg>${json_data}</arg>
<arg>results</arg>
<doc>Fails if ``key`` is not found from ``dictionary``.</doc>
<status status="PASS" start="2024-04-06T01:50:03.510664" elapsed="0.000191"/>
</kw>
<kw name="Should Not Be Empty" owner="BuiltIn">
<msg time="2024-04-06T01:50:03.511279" level="INFO">Length is 2.</msg>
<arg>${json_data}</arg>
<doc>Verifies that the given item is not empty.</doc>
<status status="PASS" start="2024-04-06T01:50:03.511147" elapsed="0.000171"/>
</kw>
<kw name="Create List" owner="BuiltIn">
<msg time="2024-04-06T01:50:03.511755" level="INFO">${expected_keys} = ['gender', 'name', 'location', 'email', 'login']</msg>
<var>${expected_keys}</var>
<arg>gender</arg>
<arg>name</arg>
<arg>location</arg>
<arg>email</arg>
<arg>login</arg>
<doc>Returns a list containing given items.</doc>
<status status="PASS" start="2024-04-06T01:50:03.511606" elapsed="0.000172"/>
</kw>
<for flavor="IN">
<iter>
<kw name="Dictionary Should Contain Key" owner="Collections">
<msg time="2024-04-06T01:50:03.512815" level="INFO">False</msg>
<arg>${json_data['results'][0]}</arg>
<arg>${key}</arg>
<doc>Fails if ``key`` is not found from ``dictionary``.</doc>
<status status="PASS" start="2024-04-06T01:50:03.512362" elapsed="0.000492"/>
</kw>
<kw name="Log" owner="BuiltIn">
<msg time="2024-04-06T01:50:03.513536" level="INFO">{'gender': 'male', 'name': {'title': 'Mr', 'first': 'Adalberto', 'last': 'Guevara'}, 'location': {'street': {'number': 7301, 'name': 'Prolongación Anguiano'}, 'city': 'Concepción de Buenos Aires', 'state': 'Nuevo Leon', 'country': 'Mexico', 'postcode': 75266, 'coordinates': {'latitude': '23.0256', 'longitude': '-104.2963'}, 'timezone': {'offset': '0:00', 'description': 'Western Europe Time, London, Lisbon, Casablanca'}}, 'email': 'adalberto.guevara@example.com', 'login': {'uuid': '067bd39b-8adc-4f5a-908a-bae7fc066c2a', 'username': 'orangemouse720', 'password': '951753', 'salt': 'IQ1V8uN3', 'md5': '4e32e6d5ac67c74e1fe169cd9f05aa3c', 'sha1': '715e35b1c5fc8bfbf34a1dff6fde2f63f8b07bd1', 'sha256': 'ac9747265e77e556208ae1c71c88b108ed772786b5f3486b84840d95e4c00306'}, 'dob': {'date': '1983-08-17T01:57:22.289Z', 'age': 40}, 'registered': {'date': '2021-01-30T18:44:39.324Z', 'age': 3}, 'phone': '(698) 033 8165', 'cell': '(605) 215 7001', 'id': {'name': 'NSS', 'value': '59 18 13 0921 7'}, 'picture': {'large': 'https://randomuser.me/api/portraits/men/49.jpg', 'medium': 'https://randomuser.me/api/portraits/med/men/49.jpg', 'thumbnail': 'https://randomuser.me/api/portraits/thumb/men/49.jpg'}, 'nat': 'MX'}</msg>
<arg>${json_data['results'][0]}</arg>
<doc>Logs the given message with the given level.</doc>
<status status="PASS" start="2024-04-06T01:50:03.513163" elapsed="0.000423"/>
</kw>
<kw name="Log" owner="BuiltIn">
<msg time="2024-04-06T01:50:03.514019" level="INFO">gender</msg>
<arg>${key}</arg>
<doc>Logs the given message with the given level.</doc>
<status status="PASS" start="2024-04-06T01:50:03.513889" elapsed="0.000168"/>
</kw>
<var name="${key}">gender</var>
<status status="PASS" start="2024-04-06T01:50:03.512236" elapsed="0.002036"/>
</iter>
<iter>
<kw name="Dictionary Should Contain Key" owner="Collections">
<msg time="2024-04-06T01:50:03.514995" level="INFO">False</msg>
<arg>${json_data['results'][0]}</arg>
<arg>${key}</arg>
<doc>Fails if ``key`` is not found from ``dictionary``.</doc>
<status status="PASS" start="2024-04-06T01:50:03.514575" elapsed="0.000458"/>
</kw>
<kw name="Log" owner="BuiltIn">
<msg time="2024-04-06T01:50:03.515711" level="INFO">{'gender': 'male', 'name': {'title': 'Mr', 'first': 'Adalberto', 'last': 'Guevara'}, 'location': {'street': {'number': 7301, 'name': 'Prolongación Anguiano'}, 'city': 'Concepción de Buenos Aires', 'state': 'Nuevo Leon', 'country': 'Mexico', 'postcode': 75266, 'coordinates': {'latitude': '23.0256', 'longitude': '-104.2963'}, 'timezone': {'offset': '0:00', 'description': 'Western Europe Time, London, Lisbon, Casablanca'}}, 'email': 'adalberto.guevara@example.com', 'login': {'uuid': '067bd39b-8adc-4f5a-908a-bae7fc066c2a', 'username': 'orangemouse720', 'password': '951753', 'salt': 'IQ1V8uN3', 'md5': '4e32e6d5ac67c74e1fe169cd9f05aa3c', 'sha1': '715e35b1c5fc8bfbf34a1dff6fde2f63f8b07bd1', 'sha256': 'ac9747265e77e556208ae1c71c88b108ed772786b5f3486b84840d95e4c00306'}, 'dob': {'date': '1983-08-17T01:57:22.289Z', 'age': 40}, 'registered': {'date': '2021-01-30T18:44:39.324Z', 'age': 3}, 'phone': '(698) 033 8165', 'cell': '(605) 215 7001', 'id': {'name': 'NSS', 'value': '59 18 13 0921 7'}, 'picture': {'large': 'https://randomuser.me/api/portraits/men/49.jpg', 'medium': 'https://randomuser.me/api/portraits/med/men/49.jpg', 'thumbnail': 'https://randomuser.me/api/portraits/thumb/men/49.jpg'}, 'nat': 'MX'}</msg>
<arg>${json_data['results'][0]}</arg>
<doc>Logs the given message with the given level.</doc>
<status status="PASS" start="2024-04-06T01:50:03.515342" elapsed="0.000417"/>
</kw>
<kw name="Log" owner="BuiltIn">
<msg time="2024-04-06T01:50:03.516186" level="INFO">name</msg>
<arg>${key}</arg>
<doc>Logs the given message with the given level.</doc>
<status status="PASS" start="2024-04-06T01:50:03.516058" elapsed="0.000166"/>
</kw>
<var name="${key}">name</var>
<status status="PASS" start="2024-04-06T01:50:03.514460" elapsed="0.001980"/>
</iter>
<iter>
<kw name="Dictionary Should Contain Key" owner="Collections">
<msg time="2024-04-06T01:50:03.517148" level="INFO">False</msg>
<arg>${json_data['results'][0]}</arg>
<arg>${key}</arg>
<doc>Fails if ``key`` is not found from ``dictionary``.</doc>
<status status="PASS" start="2024-04-06T01:50:03.516771" elapsed="0.000414"/>
</kw>
<kw name="Log" owner="BuiltIn">
<msg time="2024-04-06T01:50:03.517851" level="INFO">{'gender': 'male', 'name': {'title': 'Mr', 'first': 'Adalberto', 'last': 'Guevara'}, 'location': {'street': {'number': 7301, 'name': 'Prolongación Anguiano'}, 'city': 'Concepción de Buenos Aires', 'state': 'Nuevo Leon', 'country': 'Mexico', 'postcode': 75266, 'coordinates': {'latitude': '23.0256', 'longitude': '-104.2963'}, 'timezone': {'offset': '0:00', 'description': 'Western Europe Time, London, Lisbon, Casablanca'}}, 'email': 'adalberto.guevara@example.com', 'login': {'uuid': '067bd39b-8adc-4f5a-908a-bae7fc066c2a', 'username': 'orangemouse720', 'password': '951753', 'salt': 'IQ1V8uN3', 'md5': '4e32e6d5ac67c74e1fe169cd9f05aa3c', 'sha1': '715e35b1c5fc8bfbf34a1dff6fde2f63f8b07bd1', 'sha256': 'ac9747265e77e556208ae1c71c88b108ed772786b5f3486b84840d95e4c00306'}, 'dob': {'date': '1983-08-17T01:57:22.289Z', 'age': 40}, 'registered': {'date': '2021-01-30T18:44:39.324Z', 'age': 3}, 'phone': '(698) 033 8165', 'cell': '(605) 215 7001', 'id': {'name': 'NSS', 'value': '59 18 13 0921 7'}, 'picture': {'large': 'https://randomuser.me/api/portraits/men/49.jpg', 'medium': 'https://randomuser.me/api/portraits/med/men/49.jpg', 'thumbnail': 'https://randomuser.me/api/portraits/thumb/men/49.jpg'}, 'nat': 'MX'}</msg>
<arg>${json_data['results'][0]}</arg>
<doc>Logs the given message with the given level.</doc>
<status status="PASS" start="2024-04-06T01:50:03.517493" elapsed="0.000412"/>
</kw>
<kw name="Log" owner="BuiltIn">
<msg time="2024-04-06T01:50:03.518332" level="INFO">location</msg>
<arg>${key}</arg>
<doc>Logs the given message with the given level.</doc>
<status status="PASS" start="2024-04-06T01:50:03.518206" elapsed="0.000163"/>
</kw>
<var name="${key}">location</var>
<status status="PASS" start="2024-04-06T01:50:03.516648" elapsed="0.001935"/>
</iter>
<iter>
<kw name="Dictionary Should Contain Key" owner="Collections">
<msg time="2024-04-06T01:50:03.519243" level="INFO">False</msg>
<arg>${json_data['results'][0]}</arg>
<arg>${key}</arg>
<doc>Fails if ``key`` is not found from ``dictionary``.</doc>
<status status="PASS" start="2024-04-06T01:50:03.518864" elapsed="0.000425"/>
</kw>
<kw name="Log" owner="BuiltIn">
<msg time="2024-04-06T01:50:03.519945" level="INFO">{'gender': 'male', 'name': {'title': 'Mr', 'first': 'Adalberto', 'last': 'Guevara'}, 'location': {'street': {'number': 7301, 'name': 'Prolongación Anguiano'}, 'city': 'Concepción de Buenos Aires', 'state': 'Nuevo Leon', 'country': 'Mexico', 'postcode': 75266, 'coordinates': {'latitude': '23.0256', 'longitude': '-104.2963'}, 'timezone': {'offset': '0:00', 'description': 'Western Europe Time, London, Lisbon, Casablanca'}}, 'email': 'adalberto.guevara@example.com', 'login': {'uuid': '067bd39b-8adc-4f5a-908a-bae7fc066c2a', 'username': 'orangemouse720', 'password': '951753', 'salt': 'IQ1V8uN3', 'md5': '4e32e6d5ac67c74e1fe169cd9f05aa3c', 'sha1': '715e35b1c5fc8bfbf34a1dff6fde2f63f8b07bd1', 'sha256': 'ac9747265e77e556208ae1c71c88b108ed772786b5f3486b84840d95e4c00306'}, 'dob': {'date': '1983-08-17T01:57:22.289Z', 'age': 40}, 'registered': {'date': '2021-01-30T18:44:39.324Z', 'age': 3}, 'phone': '(698) 033 8165', 'cell': '(605) 215 7001', 'id': {'name': 'NSS', 'value': '59 18 13 0921 7'}, 'picture': {'large': 'https://randomuser.me/api/portraits/men/49.jpg', 'medium': 'https://randomuser.me/api/portraits/med/men/49.jpg', 'thumbnail': 'https://randomuser.me/api/portraits/thumb/men/49.jpg'}, 'nat': 'MX'}</msg>
<arg>${json_data['results'][0]}</arg>
<doc>Logs the given message with the given level.</doc>
<status status="PASS" start="2024-04-06T01:50:03.519589" elapsed="0.000404"/>
</kw>
<kw name="Log" owner="BuiltIn">
<msg time="2024-04-06T01:50:03.520409" level="INFO">email</msg>
<arg>${key}</arg>
<doc>Logs the given message with the given level.</doc>
<status status="PASS" start="2024-04-06T01:50:03.520283" elapsed="0.000163"/>
</kw>
<var name="${key}">email</var>
<status status="PASS" start="2024-04-06T01:50:03.518754" elapsed="0.001963"/>
</iter>
<iter>
<kw name="Dictionary Should Contain Key" owner="Collections">
<msg time="2024-04-06T01:50:03.521398" level="INFO">False</msg>
<arg>${json_data['results'][0]}</arg>
<arg>${key}</arg>
<doc>Fails if ``key`` is not found from ``dictionary``.</doc>
<status status="PASS" start="2024-04-06T01:50:03.521017" elapsed="0.000418"/>
</kw>
<kw name="Log" owner="BuiltIn">
<msg time="2024-04-06T01:50:03.522078" level="INFO">{'gender': 'male', 'name': {'title': 'Mr', 'first': 'Adalberto', 'last': 'Guevara'}, 'location': {'street': {'number': 7301, 'name': 'Prolongación Anguiano'}, 'city': 'Concepción de Buenos Aires', 'state': 'Nuevo Leon', 'country': 'Mexico', 'postcode': 75266, 'coordinates': {'latitude': '23.0256', 'longitude': '-104.2963'}, 'timezone': {'offset': '0:00', 'description': 'Western Europe Time, London, Lisbon, Casablanca'}}, 'email': 'adalberto.guevara@example.com', 'login': {'uuid': '067bd39b-8adc-4f5a-908a-bae7fc066c2a', 'username': 'orangemouse720', 'password': '951753', 'salt': 'IQ1V8uN3', 'md5': '4e32e6d5ac67c74e1fe169cd9f05aa3c', 'sha1': '715e35b1c5fc8bfbf34a1dff6fde2f63f8b07bd1', 'sha256': 'ac9747265e77e556208ae1c71c88b108ed772786b5f3486b84840d95e4c00306'}, 'dob': {'date': '1983-08-17T01:57:22.289Z', 'age': 40}, 'registered': {'date': '2021-01-30T18:44:39.324Z', 'age': 3}, 'phone': '(698) 033 8165', 'cell': '(605) 215 7001', 'id': {'name': 'NSS', 'value': '59 18 13 0921 7'}, 'picture': {'large': 'https://randomuser.me/api/portraits/men/49.jpg', 'medium': 'https://randomuser.me/api/portraits/med/men/49.jpg', 'thumbnail': 'https://randomuser.me/api/portraits/thumb/men/49.jpg'}, 'nat': 'MX'}</msg>
<arg>${json_data['results'][0]}</arg>
<doc>Logs the given message with the given level.</doc>
<status status="PASS" start="2024-04-06T01:50:03.521724" elapsed="0.000432"/>
</kw>
<kw name="Log" owner="BuiltIn">
<msg time="2024-04-06T01:50:03.522590" level="INFO">login</msg>
<arg>${key}</arg>
<doc>Logs the given message with the given level.</doc>
<status status="PASS" start="2024-04-06T01:50:03.522463" elapsed="0.000271"/>
</kw>
<var name="${key}">login</var>
<status status="PASS" start="2024-04-06T01:50:03.520890" elapsed="0.002070"/>
</iter>
<var>${key}</var>
<value>@{expected_keys}</value>
<status status="PASS" start="2024-04-06T01:50:03.512037" elapsed="0.011046"/>
</for>
<kw name="Create List" owner="BuiltIn">
<msg time="2024-04-06T01:50:03.523416" level="INFO">${expected_keysTwo} = ['username', 'password']</msg>
<var>${expected_keysTwo}</var>
<arg>username</arg>
<arg>password</arg>
<doc>Returns a list containing given items.</doc>
<status status="PASS" start="2024-04-06T01:50:03.523279" elapsed="0.000160"/>
</kw>
<for flavor="IN">
<iter>
<kw name="Dictionary Should Contain Key" owner="Collections">
<msg time="2024-04-06T01:50:03.524319" level="INFO">False</msg>
<arg>${json_data['results'][0]['login']}</arg>
<arg>${keyTwo}</arg>
<doc>Fails if ``key`` is not found from ``dictionary``.</doc>
<status status="PASS" start="2024-04-06T01:50:03.523940" elapsed="0.000417"/>
</kw>
<kw name="Dictionary Should Contain Key" owner="Collections">
<msg time="2024-04-06T01:50:03.525094" level="INFO">False</msg>
<arg>${json_data['results'][0]['login']}</arg>
<arg>${keyTwo}</arg>
<doc>Fails if ``key`` is not found from ``dictionary``.</doc>
<status status="PASS" start="2024-04-06T01:50:03.524704" elapsed="0.000429"/>
</kw>
<kw name="Log" owner="BuiltIn">
<msg time="2024-04-06T01:50:03.525555" level="INFO">username</msg>
<arg>${keyTwo}</arg>
<doc>Logs the given message with the given level.</doc>
<status status="PASS" start="2024-04-06T01:50:03.525427" elapsed="0.000166"/>
</kw>
<var name="${keyTwo}">username</var>
<status status="PASS" start="2024-04-06T01:50:03.523828" elapsed="0.001976"/>
</iter>
<iter>
<kw name="Dictionary Should Contain Key" owner="Collections">
<msg time="2024-04-06T01:50:03.526463" level="INFO">False</msg>
<arg>${json_data['results'][0]['login']}</arg>
<arg>${keyTwo}</arg>
<doc>Fails if ``key`` is not found from ``dictionary``.</doc>
<status status="PASS" start="2024-04-06T01:50:03.526093" elapsed="0.000408"/>
</kw>
<kw name="Dictionary Should Contain Key" owner="Collections">
<msg time="2024-04-06T01:50:03.527161" level="INFO">False</msg>
<arg>${json_data['results'][0]['login']}</arg>
<arg>${keyTwo}</arg>
<doc>Fails if ``key`` is not found from ``dictionary``.</doc>
<status status="PASS" start="2024-04-06T01:50:03.526794" elapsed="0.000403"/>
</kw>
<kw name="Log" owner="BuiltIn">
<msg time="2024-04-06T01:50:03.527607" level="INFO">password</msg>
<arg>${keyTwo}</arg>
<doc>Logs the given message with the given level.</doc>
<status status="PASS" start="2024-04-06T01:50:03.527484" elapsed="0.000160"/>
</kw>
<var name="${keyTwo}">password</var>
<status status="PASS" start="2024-04-06T01:50:03.525986" elapsed="0.001890"/>
</iter>
<var>${keyTwo}</var>
<value>@{expected_keysTwo}</value>
<status status="PASS" start="2024-04-06T01:50:03.523677" elapsed="0.004333"/>
</for>
<status status="PASS" start="2024-04-06T01:50:03.291852" elapsed="0.236299"/>
</kw>
<doc>Testa a estrutura da resposta da API.</doc>
<tag>testeEstruturaResposta</tag>
<status status="PASS" start="2024-04-06T01:50:03.291181" elapsed="0.237134"/>
</test>
<test id="s1-s1-t4" name="Validar tipos de dados" line="28">
<kw name="Teste de Tipos de Dados" owner="random-user-service">
<kw name="GET On Session" owner="RequestsLibrary">
<msg time="2024-04-06T01:50:03.642019" level="INFO">GET Request : url=https://randomuser.me/api 
 path_url=/api 
 headers={'User-Agent': 'python-requests/2.31.0', 'Accept-Encoding': 'gzip, deflate', 'Accept': '*/*', 'Connection': 'keep-alive'} 
 body=None 
 </msg>
<msg time="2024-04-06T01:50:03.642089" level="INFO">GET Response : url=https://randomuser.me/api 
 status=200, reason=OK 
 headers={'Date': 'Sat, 06 Apr 2024 01:50:03 GMT', 'Content-Type': 'application/json; charset=utf-8', 'Transfer-Encoding': 'chunked', 'Connection': 'keep-alive', 'X-Powered-By': 'Express', 'Access-Control-Allow-Origin': '*', 'Cache-Control': 'no-cache', 'ETag': 'W/"48b-+MFWMj6adauZ9LHpY+WktsVcWdw"', 'Vary': 'Accept-Encoding', 'Content-Encoding': 'gzip', 'CF-Cache-Status': 'DYNAMIC', 'Report-To': '{"endpoints":[{"url":"https:\\/\\/a.nel.cloudflare.com\\/report\\/v4?s=U7zUD%2Fjz0zh1XrO7KHO25joAfnHIAPcmOtSnRQEd1HLtfvQkM9sIK5A6snXvg5DJsCgYrH4DeFdr0r25lvlnXc24cQtbWOtA8UkFAajah57rLJe9b4%2F%2BPl73Sh%2FwsWxt"}],"group":"cf-nel","max_age":604800}', 'NEL': '{"success_fraction":0,"report_to":"cf-nel","max_age":604800}', 'Server': 'cloudflare', 'CF-RAY': '86fe1ff819af2ad7-LAX', 'alt-svc': 'h3=":443"; ma=86400'} 
 body={"results":[{"gender":"female","name":{"title":"Miss","first":"Lily","last":"Reynolds"},"location":{"street":{"number":8739,"name":"Queens Road"},"city":"Armagh","state":"Worcestershire","country":"United Kingdom","postcode":"S8U 8RT","coordinates":{"latitude":"-9.6981","longitude":"39.9745"},"timezone":{"offset":"-10:00","description":"Hawaii"}},"email":"lily.reynolds@example.com","login":{"uuid":"9c11da0f-33a4-4d11-a302-44d52dd70089","username":"blackfish364","password":"12344321","salt":"nOr2ehho","md5":"b07db49208ce64c83f2fd8d4344a76b7","sha1":"8ca09c94bc2b07f59ec8c0617b105788cc5dd42b","sha256":"d00569760c98a189e031d07861273a36a12b5b6b392bb9a3fa7cbcf0db25f029"},"dob":{"date":"1993-05-05T20:21:49.554Z","age":30},"registered":{"date":"2009-05-02T04:12:05.892Z","age":14},"phone":"020 3099 4907","cell":"07104 222277","id":{"name":"NINO","value":"RX 38 97 02 O"},"picture":{"large":"https://randomuser.me/api/portraits/women/13.jpg","medium":"https://randomuser.me/api/portraits/med/women/13.jpg","thumbnail":"https://randomuser.me/api/portraits/thumb/women/13.jpg"},"nat":"GB"}],"info":{"seed":"165a7fe7ab2fc859","results":1,"page":1,"version":"1.4"}} 
 </msg>
<msg time="2024-04-06T01:50:03.642148" level="INFO">/opt/hostedtoolcache/Python/3.12.2/x64/lib/python3.12/site-packages/urllib3/connectionpool.py:1103: InsecureRequestWarning: Unverified HTTPS request is being made to host 'randomuser.me'. Adding certificate verification is strongly advised. See: https://urllib3.readthedocs.io/en/latest/advanced-usage.html#tls-warnings
  warnings.warn(</msg>
<msg time="2024-04-06T01:50:03.642245" level="INFO">${response} = &lt;Response [200]&gt;</msg>
<var>${response}</var>
<arg>consultarAPI</arg>
<arg>/api</arg>
<doc>Sends a GET request on a previously created HTTP Session.</doc>
<status status="PASS" start="2024-04-06T01:50:03.531593" elapsed="0.110703"/>
</kw>
<kw name="Set Variable" owner="BuiltIn">
<msg time="2024-04-06T01:50:03.643403" level="INFO">${json_data} = {'results': [{'gender': 'female', 'name': {'title': 'Miss', 'first': 'Lily', 'last': 'Reynolds'}, 'location': {'street': {'number': 8739, 'name': 'Queens Road'}, 'city': 'Armagh', 'state': 'Worcesters...</msg>
<var>${json_data}</var>
<arg>${response.json()}</arg>
<doc>Returns the given values which can then be assigned to a variables.</doc>
<status status="PASS" start="2024-04-06T01:50:03.642822" elapsed="0.000617"/>
</kw>
<kw name="Log" owner="BuiltIn">
<msg time="2024-04-06T01:50:03.643902" level="INFO">{'results': [{'gender': 'female', 'name': {'title': 'Miss', 'first': 'Lily', 'last': 'Reynolds'}, 'location': {'street': {'number': 8739, 'name': 'Queens Road'}, 'city': 'Armagh', 'state': 'Worcestershire', 'country': 'United Kingdom', 'postcode': 'S8U 8RT', 'coordinates': {'latitude': '-9.6981', 'longitude': '39.9745'}, 'timezone': {'offset': '-10:00', 'description': 'Hawaii'}}, 'email': 'lily.reynolds@example.com', 'login': {'uuid': '9c11da0f-33a4-4d11-a302-44d52dd70089', 'username': 'blackfish364', 'password': '12344321', 'salt': 'nOr2ehho', 'md5': 'b07db49208ce64c83f2fd8d4344a76b7', 'sha1': '8ca09c94bc2b07f59ec8c0617b105788cc5dd42b', 'sha256': 'd00569760c98a189e031d07861273a36a12b5b6b392bb9a3fa7cbcf0db25f029'}, 'dob': {'date': '1993-05-05T20:21:49.554Z', 'age': 30}, 'registered': {'date': '2009-05-02T04:12:05.892Z', 'age': 14}, 'phone': '020 3099 4907', 'cell': '07104 222277', 'id': {'name': 'NINO', 'value': 'RX 38 97 02 O'}, 'picture': {'large': 'https://randomuser.me/api/portraits/women/13.jpg', 'medium': 'https://randomuser.me/api/portraits/med/women/13.jpg', 'thumbnail': 'https://randomuser.me/api/portraits/thumb/women/13.jpg'}, 'nat': 'GB'}], 'info': {'seed': '165a7fe7ab2fc859', 'results': 1, 'page': 1, 'version': '1.4'}}</msg>
<arg>${json_data}</arg>
<doc>Logs the given message with the given level.</doc>
<status status="PASS" start="2024-04-06T01:50:03.643749" elapsed="0.000235"/>
</kw>
<kw name="Should Be String" owner="String">
<arg>${json_data['results'][0]['gender']}</arg>
<doc>Fails if the given ``item`` is not a string.</doc>
<status status="PASS" start="2024-04-06T01:50:03.644294" elapsed="0.000400"/>
</kw>
<kw name="Should Match Regexp" owner="BuiltIn">
<arg>${json_data['results'][0]['email']}</arg>
<arg>^[a-zA-Z0-9._%+-]+@[a-zA-Z0-9.-]+\.[a-zA-Z]{2,}$</arg>
<doc>Fails if ``string`` does not match ``pattern`` as a regular expression.</doc>
<status status="PASS" start="2024-04-06T01:50:03.644889" elapsed="0.000515"/>
</kw>
<kw name="Should Match Regexp" owner="BuiltIn">
<arg>${json_data['results'][0]['dob']['date']}</arg>
<arg>\\d{4}-\\d{2}-\\d{2}T\\d{2}:\\d{2}:\\d{2}\\.\\d{3}Z</arg>
<doc>Fails if ``string`` does not match ``pattern`` as a regular expression.</doc>
<status status="PASS" start="2024-04-06T01:50:03.645601" elapsed="0.000488"/>
</kw>
<kw name="Should Match Regexp" owner="BuiltIn">
<arg>${json_data['results'][0]['registered']['date']}</arg>
<arg>\\d{4}-\\d{2}-\\d{2}T\\d{2}:\\d{2}:\\d{2}\\.\\d{3}Z</arg>
<doc>Fails if ``string`` does not match ``pattern`` as a regular expression.</doc>
<status status="PASS" start="2024-04-06T01:50:03.646283" elapsed="0.000365"/>
</kw>
<kw name="Should Match Regexp" owner="BuiltIn">
<arg>${json_data['results'][0]['picture']['large']}</arg>
<arg>^https?://.*\.(?:png|jpe?g|gif|bmp)$</arg>
<doc>Fails if ``string`` does not match ``pattern`` as a regular expression.</doc>
<status status="PASS" start="2024-04-06T01:50:03.646837" elapsed="0.000451"/>
</kw>
<kw name="Should Match Regexp" owner="BuiltIn">
<arg>${json_data['results'][0]['picture']['medium']}</arg>
<arg>^https?://.*\.(?:png|jpe?g|gif|bmp)$</arg>
<doc>Fails if ``string`` does not match ``pattern`` as a regular expression.</doc>
<status status="PASS" start="2024-04-06T01:50:03.647482" elapsed="0.000362"/>
</kw>
<kw name="Should Match Regexp" owner="BuiltIn">
<arg>${json_data['results'][0]['picture']['thumbnail']}</arg>
<arg>^https?://.*\.(?:png|jpe?g|gif|bmp)$</arg>
<doc>Fails if ``string`` does not match ``pattern`` as a regular expression.</doc>
<status status="PASS" start="2024-04-06T01:50:03.648029" elapsed="0.000345"/>
</kw>
<kw name="Log" owner="BuiltIn">
<msg time="2024-04-06T01:50:03.648922" level="INFO">{'large': 'https://randomuser.me/api/portraits/women/13.jpg', 'medium': 'https://randomuser.me/api/portraits/med/women/13.jpg', 'thumbnail': 'https://randomuser.me/api/portraits/thumb/women/13.jpg'}</msg>
<arg>${json_data['results'][0]['picture']}</arg>
<doc>Logs the given message with the given level.</doc>
<status status="PASS" start="2024-04-06T01:50:03.648578" elapsed="0.000386"/>
</kw>
<status status="PASS" start="2024-04-06T01:50:03.531298" elapsed="0.117917"/>
</kw>
<kw name="Teste de Tipos de Dados - Postcode" owner="random-user-service">
<kw name="GET On Session" owner="RequestsLibrary">
<msg time="2024-04-06T01:50:03.757233" level="INFO">GET Request : url=https://randomuser.me/api 
 path_url=/api 
 headers={'User-Agent': 'python-requests/2.31.0', 'Accept-Encoding': 'gzip, deflate', 'Accept': '*/*', 'Connection': 'keep-alive'} 
 body=None 
 </msg>
<msg time="2024-04-06T01:50:03.757309" level="INFO">GET Response : url=https://randomuser.me/api 
 status=200, reason=OK 
 headers={'Date': 'Sat, 06 Apr 2024 01:50:03 GMT', 'Content-Type': 'application/json; charset=utf-8', 'Transfer-Encoding': 'chunked', 'Connection': 'keep-alive', 'X-Powered-By': 'Express', 'Access-Control-Allow-Origin': '*', 'Cache-Control': 'no-cache', 'ETag': 'W/"48c-6I7as8YxPc55K2TZroOtmfBJS84"', 'Vary': 'Accept-Encoding', 'Content-Encoding': 'gzip', 'CF-Cache-Status': 'DYNAMIC', 'Report-To': '{"endpoints":[{"url":"https:\\/\\/a.nel.cloudflare.com\\/report\\/v4?s=YxnPw9xI3ORGGTO5SK0bX7fdT%2B0scgYqxH6MfGpeBL20GhdyyehNTthYj1FTkyf0VdV9Iw9ubs%2BAW5DfjmYNyTc5tNja3M0Fd1gu9ZDmtj93FfZLft9dkyYfA5B3ZAk%2B"}],"group":"cf-nel","max_age":604800}', 'NEL': '{"success_fraction":0,"report_to":"cf-nel","max_age":604800}', 'Server': 'cloudflare', 'CF-RAY': '86fe1ff8daff2ad7-LAX', 'alt-svc': 'h3=":443"; ma=86400'} 
 body={"results":[{"gender":"female","name":{"title":"Miss","first":"Adine","last":"Gjerdrum"},"location":{"street":{"number":9574,"name":"Kleiva"},"city":"Spetalen","state":"Vest-Agder","country":"Norway","postcode":"3204","coordinates":{"latitude":"45.7622","longitude":"136.5802"},"timezone":{"offset":"+5:30","description":"Bombay, Calcutta, Madras, New Delhi"}},"email":"adine.gjerdrum@example.com","login":{"uuid":"034bf7cf-6971-4702-bbd8-fe1c94191cfa","username":"orangezebra912","password":"simpsons","salt":"MEfDdkBR","md5":"9cab1d90ca21d722b76e2c064278cfce","sha1":"9be07d84bbf52ca16589deb2b11149dc415996a6","sha256":"448be1f3e4418f9b9a0a4944f0f6b767c4bb52b48f49212c5024e738dc7d9d8a"},"dob":{"date":"1951-07-29T15:59:19.148Z","age":72},"registered":{"date":"2017-10-11T20:08:19.550Z","age":6},"phone":"30607968","cell":"98790894","id":{"name":"FN","value":"29075116819"},"picture":{"large":"https://randomuser.me/api/portraits/women/56.jpg","medium":"https://randomuser.me/api/portraits/med/women/56.jpg","thumbnail":"https://randomuser.me/api/portraits/thumb/women/56.jpg"},"nat":"NO"}],"info":{"seed":"a0ae002236a47451","results":1,"page":1,"version":"1.4"}} 
 </msg>
<msg time="2024-04-06T01:50:03.757389" level="INFO">/opt/hostedtoolcache/Python/3.12.2/x64/lib/python3.12/site-packages/urllib3/connectionpool.py:1103: InsecureRequestWarning: Unverified HTTPS request is being made to host 'randomuser.me'. Adding certificate verification is strongly advised. See: https://urllib3.readthedocs.io/en/latest/advanced-usage.html#tls-warnings
  warnings.warn(</msg>
<msg time="2024-04-06T01:50:03.757510" level="INFO">${response} = &lt;Response [200]&gt;</msg>
<var>${response}</var>
<arg>consultarAPI</arg>
<arg>/api</arg>
<doc>Sends a GET request on a previously created HTTP Session.</doc>
<status status="PASS" start="2024-04-06T01:50:03.649790" elapsed="0.107759"/>
</kw>
<kw name="Set Variable" owner="BuiltIn">
<msg time="2024-04-06T01:50:03.758672" level="INFO">${json_data} = {'results': [{'gender': 'female', 'name': {'title': 'Miss', 'first': 'Adine', 'last': 'Gjerdrum'}, 'location': {'street': {'number': 9574, 'name': 'Kleiva'}, 'city': 'Spetalen', 'state': 'Vest-Agder',...</msg>
<var>${json_data}</var>
<arg>${response.json()}</arg>
<doc>Returns the given values which can then be assigned to a variables.</doc>
<status status="PASS" start="2024-04-06T01:50:03.758101" elapsed="0.000599"/>
</kw>
<kw name="Log" owner="BuiltIn">
<msg time="2024-04-06T01:50:03.759162" level="INFO">{'results': [{'gender': 'female', 'name': {'title': 'Miss', 'first': 'Adine', 'last': 'Gjerdrum'}, 'location': {'street': {'number': 9574, 'name': 'Kleiva'}, 'city': 'Spetalen', 'state': 'Vest-Agder', 'country': 'Norway', 'postcode': '3204', 'coordinates': {'latitude': '45.7622', 'longitude': '136.5802'}, 'timezone': {'offset': '+5:30', 'description': 'Bombay, Calcutta, Madras, New Delhi'}}, 'email': 'adine.gjerdrum@example.com', 'login': {'uuid': '034bf7cf-6971-4702-bbd8-fe1c94191cfa', 'username': 'orangezebra912', 'password': 'simpsons', 'salt': 'MEfDdkBR', 'md5': '9cab1d90ca21d722b76e2c064278cfce', 'sha1': '9be07d84bbf52ca16589deb2b11149dc415996a6', 'sha256': '448be1f3e4418f9b9a0a4944f0f6b767c4bb52b48f49212c5024e738dc7d9d8a'}, 'dob': {'date': '1951-07-29T15:59:19.148Z', 'age': 72}, 'registered': {'date': '2017-10-11T20:08:19.550Z', 'age': 6}, 'phone': '30607968', 'cell': '98790894', 'id': {'name': 'FN', 'value': '29075116819'}, 'picture': {'large': 'https://randomuser.me/api/portraits/women/56.jpg', 'medium': 'https://randomuser.me/api/portraits/med/women/56.jpg', 'thumbnail': 'https://randomuser.me/api/portraits/thumb/women/56.jpg'}, 'nat': 'NO'}], 'info': {'seed': 'a0ae002236a47451', 'results': 1, 'page': 1, 'version': '1.4'}}</msg>
<arg>${json_data}</arg>
<doc>Logs the given message with the given level.</doc>
<status status="PASS" start="2024-04-06T01:50:03.759009" elapsed="0.000232"/>
</kw>
<kw name="Should Be Equal As Numbers" owner="BuiltIn">
<arg>${json_data['results'][0]['location']['postcode']}</arg>
<arg>${json_data['results'][0]['location']['postcode']}</arg>
<doc>Fails if objects are unequal after converting them to real numbers.</doc>
<status status="PASS" start="2024-04-06T01:50:03.759541" elapsed="0.000622"/>
</kw>
<kw name="Log" owner="BuiltIn">
<msg time="2024-04-06T01:50:03.760741" level="INFO">3204</msg>
<arg>${json_data['results'][0]['location']['postcode']}</arg>
<doc>Logs the given message with the given level.</doc>
<status status="PASS" start="2024-04-06T01:50:03.760366" elapsed="0.000416"/>
</kw>
<status status="PASS" start="2024-04-06T01:50:03.649434" elapsed="0.111603"/>
</kw>
<doc>Testa se os tipos de dados na resposta da API estão corretos.</doc>
<tag>testeTiposDados</tag>
<status status="PASS" start="2024-04-06T01:50:03.530712" elapsed="0.230494"/>
</test>
<test id="s1-s1-t5" name="Validar conteudo" line="35">
<kw name="Teste de Tipos de Conteudo" owner="random-user-service">
<kw name="GET On Session" owner="RequestsLibrary">
<msg time="2024-04-06T01:50:03.867150" level="INFO">GET Request : url=https://randomuser.me/api 
 path_url=/api 
 headers={'User-Agent': 'python-requests/2.31.0', 'Accept-Encoding': 'gzip, deflate', 'Accept': '*/*', 'Connection': 'keep-alive'} 
 body=None 
 </msg>
<msg time="2024-04-06T01:50:03.867247" level="INFO">GET Response : url=https://randomuser.me/api 
 status=200, reason=OK 
 headers={'Date': 'Sat, 06 Apr 2024 01:50:03 GMT', 'Content-Type': 'application/json; charset=utf-8', 'Transfer-Encoding': 'chunked', 'Connection': 'keep-alive', 'X-Powered-By': 'Express', 'Access-Control-Allow-Origin': '*', 'Cache-Control': 'no-cache', 'ETag': 'W/"483-wtp/SeG6INQNYWawspjP7qrys2E"', 'Vary': 'Accept-Encoding', 'Content-Encoding': 'gzip', 'CF-Cache-Status': 'DYNAMIC', 'Report-To': '{"endpoints":[{"url":"https:\\/\\/a.nel.cloudflare.com\\/report\\/v4?s=3oe0SbBIbBCA1d7b6fiv%2Fpml8og7WNq6qVlc4eZTMvN3DeJareZHJZJXmSYEXpD6SfP8AtaWrvGy468enbzcefx0yBIpt%2BK0Tms3bnLiShi4l473zFknOiZx9oAk7fWc"}],"group":"cf-nel","max_age":604800}', 'NEL': '{"success_fraction":0,"report_to":"cf-nel","max_age":604800}', 'Server': 'cloudflare', 'CF-RAY': '86fe1ff98bdc2ad7-LAX', 'alt-svc': 'h3=":443"; ma=86400'} 
 body={"results":[{"gender":"male","name":{"title":"Mr","first":"Adam","last":"Thomsen"},"location":{"street":{"number":2184,"name":"Kærvej"},"city":"Sandved","state":"Midtjylland","country":"Denmark","postcode":82812,"coordinates":{"latitude":"-45.6781","longitude":"-89.7304"},"timezone":{"offset":"+11:00","description":"Magadan, Solomon Islands, New Caledonia"}},"email":"adam.thomsen@example.com","login":{"uuid":"0ff37b6c-d5cf-4bbf-9f4f-56050977924f","username":"crazywolf433","password":"volcom","salt":"3wU0TT8d","md5":"8d1d8549bafd72d51b5b9e5d5430761c","sha1":"6dffa9b67397e41de374374f46cfa4a917c913f6","sha256":"b2d270971aecc6f426d3c8fa16684192f68e537b0bca83dbe48c47212a12f986"},"dob":{"date":"1967-08-30T12:48:46.602Z","age":56},"registered":{"date":"2003-03-08T06:09:18.752Z","age":21},"phone":"06446129","cell":"01901765","id":{"name":"CPR","value":"300867-6422"},"picture":{"large":"https://randomuser.me/api/portraits/men/36.jpg","medium":"https://randomuser.me/api/portraits/med/men/36.jpg","thumbnail":"https://randomuser.me/api/portraits/thumb/men/36.jpg"},"nat":"DK"}],"info":{"seed":"0b6273394994317a","results":1,"page":1,"version":"1.4"}} 
 </msg>
<msg time="2024-04-06T01:50:03.867316" level="INFO">/opt/hostedtoolcache/Python/3.12.2/x64/lib/python3.12/site-packages/urllib3/connectionpool.py:1103: InsecureRequestWarning: Unverified HTTPS request is being made to host 'randomuser.me'. Adding certificate verification is strongly advised. See: https://urllib3.readthedocs.io/en/latest/advanced-usage.html#tls-warnings
  warnings.warn(</msg>
<msg time="2024-04-06T01:50:03.867431" level="INFO">${response} = &lt;Response [200]&gt;</msg>
<var>${response}</var>
<arg>consultarAPI</arg>
<arg>/api</arg>
<doc>Sends a GET request on a previously created HTTP Session.</doc>
<status status="PASS" start="2024-04-06T01:50:03.763719" elapsed="0.103753"/>
</kw>
<kw name="Set Variable" owner="BuiltIn">
<msg time="2024-04-06T01:50:03.868716" level="INFO">${json_data} = {'results': [{'gender': 'male', 'name': {'title': 'Mr', 'first': 'Adam', 'last': 'Thomsen'}, 'location': {'street': {'number': 2184, 'name': 'Kærvej'}, 'city': 'Sandved', 'state': 'Midtjylland', 'coun...</msg>
<var>${json_data}</var>
<arg>${response.json()}</arg>
<doc>Returns the given values which can then be assigned to a variables.</doc>
<status status="PASS" start="2024-04-06T01:50:03.868083" elapsed="0.000663"/>
</kw>
<kw name="Set Variable" owner="BuiltIn">
<msg time="2024-04-06T01:50:03.869440" level="INFO">${name_title} = Mr</msg>
<var>${name_title}</var>
<arg>${json_data["results"][0]["name"]["title"]}</arg>
<doc>Returns the given values which can then be assigned to a variables.</doc>
<status status="PASS" start="2024-04-06T01:50:03.869054" elapsed="0.000412"/>
</kw>
<kw name="Create List" owner="BuiltIn">
<msg time="2024-04-06T01:50:03.869932" level="INFO">${allowed_titles} = ['Mr', 'Ms', 'Miss', 'Mrs', 'Madame', 'Monsieur']</msg>
<var>${allowed_titles}</var>
<arg>Mr</arg>
<arg>Ms</arg>
<arg>Miss</arg>
<arg>Mrs</arg>
<arg>Madame</arg>
<arg>Monsieur</arg>
<doc>Returns a list containing given items.</doc>
<status status="PASS" start="2024-04-06T01:50:03.869771" elapsed="0.000185"/>
</kw>
<kw name="List Should Contain Value" owner="Collections">
<msg time="2024-04-06T01:50:03.870434" level="INFO">False</msg>
<arg>${allowed_titles}</arg>
<arg>${name_title}</arg>
<doc>Fails if the ``value`` is not found from ``list``.</doc>
<status status="PASS" start="2024-04-06T01:50:03.870258" elapsed="0.000213"/>
</kw>
<kw name="Set Variable" owner="BuiltIn">
<msg time="2024-04-06T01:50:03.871143" level="INFO">${name_country} = DK</msg>
<var>${name_country}</var>
<arg>${json_data["results"][0]["nat"]}</arg>
<doc>Returns the given values which can then be assigned to a variables.</doc>
<status status="PASS" start="2024-04-06T01:50:03.870763" elapsed="0.000405"/>
</kw>
<kw name="Create List" owner="BuiltIn">
<msg time="2024-04-06T01:50:03.872079" level="INFO">${list_country} = ['AD', 'AE', 'AF', 'AG', 'AI', 'AL', 'AM', 'AO', 'AQ', 'AR', 'AS', 'AT', 'AU', 'AW', 'AX', 'AZ', 'BA', 'BB', 'BD', 'BE', 'BF', 'BG', 'BH', 'BI', 'BJ', 'BL', 'BM', 'BN', 'BO', 'BQ', 'BR', 'BS', 'BT', '...</msg>
<var>${list_country}</var>
<arg>AD</arg>
<arg>AE</arg>
<arg>AF</arg>
<arg>AG</arg>
<arg>AI</arg>
<arg>AL</arg>
<arg>AM</arg>
<arg>AO</arg>
<arg>AQ</arg>
<arg>AR</arg>
<arg>AS</arg>
<arg>AT</arg>
<arg>AU</arg>
<arg>AW</arg>
<arg>AX</arg>
<arg>AZ</arg>
<arg>BA</arg>
<arg>BB</arg>
<arg>BD</arg>
<arg>BE</arg>
<arg>BF</arg>
<arg>BG</arg>
<arg>BH</arg>
<arg>BI</arg>
<arg>BJ</arg>
<arg>BL</arg>
<arg>BM</arg>
<arg>BN</arg>
<arg>BO</arg>
<arg>BQ</arg>
<arg>BR</arg>
<arg>BS</arg>
<arg>BT</arg>
<arg>BV</arg>
<arg>BW</arg>
<arg>BY</arg>
<arg>BZ</arg>
<arg>CA</arg>
<arg>CC</arg>
<arg>CD</arg>
<arg>CF</arg>
<arg>CG</arg>
<arg>CH</arg>
<arg>CI</arg>
<arg>CK</arg>
<arg>CL</arg>
<arg>CM</arg>
<arg>CN</arg>
<arg>CO</arg>
<arg>CR</arg>
<arg>CU</arg>
<arg>CV</arg>
<arg>CW</arg>
<arg>CX</arg>
<arg>CY</arg>
<arg>CZ</arg>
<arg>DE</arg>
<arg>DJ</arg>
<arg>DK</arg>
<arg>DM</arg>
<arg>DO</arg>
<arg>DZ</arg>
<arg>EC</arg>
<arg>EE</arg>
<arg>EG</arg>
<arg>EH</arg>
<arg>ER</arg>
<arg>ES</arg>
<arg>ET</arg>
<arg>FI</arg>
<arg>FJ</arg>
<arg>FK</arg>
<arg>FM</arg>
<arg>FO</arg>
<arg>FR</arg>
<arg>GA</arg>
<arg>GB</arg>
<arg>GD</arg>
<arg>GE</arg>
<arg>GF</arg>
<arg>GG</arg>
<arg>GH</arg>
<arg>GI</arg>
<arg>GL</arg>
<arg>GM</arg>
<arg>GN</arg>
<arg>GP</arg>
<arg>GQ</arg>
<arg>GR</arg>
<arg>GS</arg>
<arg>GT</arg>
<arg>GU</arg>
<arg>GW</arg>
<arg>GY</arg>
<arg>HK</arg>
<arg>HM</arg>
<arg>HN</arg>
<arg>HR</arg>
<arg>HT</arg>
<arg>HU</arg>
<arg>ID</arg>
<arg>IE</arg>
<arg>IL</arg>
<arg>IM</arg>
<arg>IN</arg>
<arg>IO</arg>
<arg>IQ</arg>
<arg>IR</arg>
<arg>IS</arg>
<arg>IT</arg>
<arg>JE</arg>
<arg>JM</arg>
<arg>JO</arg>
<arg>JP</arg>
<arg>KE</arg>
<arg>KG</arg>
<arg>KH</arg>
<arg>KI</arg>
<arg>KM</arg>
<arg>KN</arg>
<arg>KP</arg>
<arg>KR</arg>
<arg>KW</arg>
<arg>KY</arg>
<arg>KZ</arg>
<arg>LA</arg>
<arg>LB</arg>
<arg>LC</arg>
<arg>LI</arg>
<arg>LK</arg>
<arg>LR</arg>
<arg>LS</arg>
<arg>LT</arg>
<arg>LU</arg>
<arg>LV</arg>
<arg>LY</arg>
<arg>MA</arg>
<arg>MC</arg>
<arg>MD</arg>
<arg>ME</arg>
<arg>MF</arg>
<arg>MG</arg>
<arg>MH</arg>
<arg>MK</arg>
<arg>ML</arg>
<arg>MM</arg>
<arg>MN</arg>
<arg>MO</arg>
<arg>MP</arg>
<arg>MQ</arg>
<arg>MR</arg>
<arg>MS</arg>
<arg>MT</arg>
<arg>MU</arg>
<arg>MV</arg>
<arg>MW</arg>
<arg>MX</arg>
<arg>MY</arg>
<arg>MZ</arg>
<arg>NA</arg>
<arg>NC</arg>
<arg>NE</arg>
<arg>NF</arg>
<arg>NG</arg>
<arg>NI</arg>
<arg>NL</arg>
<arg>NO</arg>
<arg>NP</arg>
<arg>NR</arg>
<arg>NU</arg>
<arg>NZ</arg>
<arg>OM</arg>
<arg>PA</arg>
<arg>PE</arg>
<arg>PF</arg>
<arg>PG</arg>
<arg>PH</arg>
<arg>PK</arg>
<arg>PL</arg>
<arg>PM</arg>
<arg>PN</arg>
<arg>PR</arg>
<arg>PS</arg>
<arg>PT</arg>
<arg>PW</arg>
<arg>PY</arg>
<arg>QA</arg>
<arg>RE</arg>
<arg>RO</arg>
<arg>RS</arg>
<arg>RU</arg>
<arg>RW</arg>
<arg>SA</arg>
<arg>SB</arg>
<arg>SC</arg>
<arg>SD</arg>
<arg>SE</arg>
<arg>SG</arg>
<arg>SH</arg>
<arg>SI</arg>
<arg>SJ</arg>
<arg>SK</arg>
<arg>SL</arg>
<arg>SM</arg>
<arg>SN</arg>
<arg>SO</arg>
<arg>SR</arg>
<arg>SS</arg>
<arg>ST</arg>
<arg>SV</arg>
<arg>SX</arg>
<arg>SY</arg>
<arg>SZ</arg>
<arg>TC</arg>
<arg>TD</arg>
<arg>TF</arg>
<arg>TG</arg>
<arg>TH</arg>
<arg>TJ</arg>
<arg>TK</arg>
<arg>TL</arg>
<arg>TM</arg>
<arg>TN</arg>
<arg>TO</arg>
<arg>TR</arg>
<arg>TT</arg>
<arg>TV</arg>
<arg>TW</arg>
<arg>TZ</arg>
<arg>UA</arg>
<arg>UG</arg>
<arg>UM</arg>
<arg>US</arg>
<arg>UY</arg>
<arg>UZ</arg>
<arg>VA</arg>
<arg>VC</arg>
<arg>VE</arg>
<arg>VG</arg>
<arg>VI</arg>
<arg>VN</arg>
<arg>VU</arg>
<arg>WF</arg>
<arg>WS</arg>
<arg>XK</arg>
<arg>YE</arg>
<arg>YT</arg>
<arg>ZA</arg>
<arg>ZM</arg>
<arg>ZW</arg>
<doc>Returns a list containing given items.</doc>
<status status="PASS" start="2024-04-06T01:50:03.871475" elapsed="0.000630"/>
</kw>
<kw name="List Should Contain Value" owner="Collections">
<msg time="2024-04-06T01:50:03.873273" level="INFO">False</msg>
<arg>${list_country}</arg>
<arg>${name_country}</arg>
<doc>Fails if the ``value`` is not found from ``list``.</doc>
<status status="PASS" start="2024-04-06T01:50:03.873064" elapsed="0.000247"/>
</kw>
<kw name="Run Keyword If" owner="BuiltIn">
<kw name="Should Be True" owner="BuiltIn">
<arg>${True}</arg>
<doc>Fails if the given condition is not true.</doc>
<status status="PASS" start="2024-04-06T01:50:03.874419" elapsed="0.000149"/>
</kw>
<arg>${json_data["results"][0]["location"]["coordinates"]["latitude"]} &gt;= -90 and ${json_data["results"][0]["location"]["coordinates"]["latitude"]} &lt;= 90</arg>
<arg>Should Be True</arg>
<arg>${True}</arg>
<doc>Runs the given keyword with the given arguments, if ``condition`` is true.</doc>
<status status="PASS" start="2024-04-06T01:50:03.873634" elapsed="0.001063"/>
</kw>
<kw name="Run Keyword If" owner="BuiltIn">
<kw name="Should Be True" owner="BuiltIn">
<arg>${True}</arg>
<doc>Fails if the given condition is not true.</doc>
<status status="PASS" start="2024-04-06T01:50:03.875588" elapsed="0.000141"/>
</kw>
<arg>${json_data["results"][0]["location"]["coordinates"]["longitude"]} &gt;= -180 and ${json_data["results"][0]["location"]["coordinates"]["longitude"]} &lt;= 180</arg>
<arg>Should Be True</arg>
<arg>${True}</arg>
<doc>Runs the given keyword with the given arguments, if ``condition`` is true.</doc>
<status status="PASS" start="2024-04-06T01:50:03.874883" elapsed="0.000969"/>
</kw>
<status status="PASS" start="2024-04-06T01:50:03.763493" elapsed="0.112490"/>
</kw>
<doc>Testa o conteúdo específico dos campos retornados pela API.</doc>
<tag>testeConteudo</tag>
<status status="PASS" start="2024-04-06T01:50:03.762943" elapsed="0.113196"/>
</test>
<status status="PASS" start="2024-04-06T01:50:02.597024" elapsed="1.281144"/>
</suite>
<status status="PASS" start="2024-04-06T01:50:02.583126" elapsed="1.300466"/>
</suite>
<statistics>
<total>
<stat pass="5" fail="0" skip="0">All Tests</stat>
</total>
<tag>
<stat pass="1" fail="0" skip="0">testeConteudo</stat>
<stat pass="1" fail="0" skip="0">testeEstruturaResposta</stat>
<stat pass="1" fail="0" skip="0">testeRequisicaoBasica</stat>
<stat pass="1" fail="0" skip="0">testeTiposDados</stat>
</tag>
<suite>
<stat pass="5" fail="0" skip="0" id="s1" name="Tests">Tests</stat>
<stat pass="5" fail="0" skip="0" id="s1-s1" name="Random-User-Test">Tests.Random-User-Test</stat>
</suite>
</statistics>
<errors>
</errors>
</robot>
