<?xml version="1.0" encoding="UTF-8"?>
<robot generator="Robot 7.0 (Python 3.12.3 on linux)" generated="2024-06-04T02:30:21.069848" rpa="false" schemaversion="5">
<suite id="s1" name="Tests" source="/home/runner/work/ApiRandomUser/ApiRandomUser/RamdonUser/tests">
<suite id="s1-s1" name="Random-User-Test" source="/home/runner/work/ApiRandomUser/ApiRandomUser/RamdonUser/tests/random-user-test.robot">
<test id="s1-s1-t1" name="Conectar" line="13">
<kw name="Conectar API" owner="random-user-service">
<kw name="Create Session" owner="RequestsLibrary">
<msg time="2024-06-04T02:30:21.523525" level="INFO">Creating Session using : alias=consultarAPI, url=https://randomuser.me/, headers={},                     cookies={}, auth=None, timeout=None, proxies=None, verify=False,                     debug=0 </msg>
<arg>consultarAPI</arg>
<arg>${URL}</arg>
<doc>Create Session: create a HTTP session to a server</doc>
<status status="PASS" start="2024-06-04T02:30:21.523327" elapsed="0.000368"/>
</kw>
<status status="PASS" start="2024-06-04T02:30:21.522340" elapsed="0.001696"/>
</kw>
<status status="PASS" start="2024-06-04T02:30:21.521819" elapsed="0.002410"/>
</test>
<test id="s1-s1-t2" name="Validar retorno 200 e JSON Válido" line="16">
<kw name="Teste de Requisicao Basica" owner="random-user-service">
<kw name="GET On Session" owner="RequestsLibrary">
<msg time="2024-06-04T02:30:21.599706" level="INFO">GET Request : url=https://randomuser.me/api 
 path_url=/api 
 headers={'User-Agent': 'python-requests/2.32.3', 'Accept-Encoding': 'gzip, deflate', 'Accept': '*/*', 'Connection': 'keep-alive'} 
 body=None 
 </msg>
<msg time="2024-06-04T02:30:21.599808" level="INFO">GET Response : url=https://randomuser.me/api 
 status=200, reason=OK 
 headers={'Date': 'Tue, 04 Jun 2024 02:30:21 GMT', 'Content-Type': 'application/json; charset=utf-8', 'Transfer-Encoding': 'chunked', 'Connection': 'keep-alive', 'X-Powered-By': 'Express', 'Access-Control-Allow-Origin': '*', 'Cache-Control': 'no-cache', 'ETag': 'W/"489-dEZ9lYIb2vw5CM3oczfIkA0jczU"', 'Vary': 'Accept-Encoding', 'Content-Encoding': 'gzip', 'CF-Cache-Status': 'DYNAMIC', 'Report-To': '{"endpoints":[{"url":"https:\\/\\/a.nel.cloudflare.com\\/report\\/v4?s=4UXHQvRW47nH0kms11MJ9AqGuZOECZw4DysT3MPltXMYENaaaz%2BnjIb%2BJ8dYOuP92fYWt2uH41g0C2yO%2FoO6bDv9DLMzBBRY1bwjxCMWZ9sckoWdLBSWev1wIMgvP2ot"}],"group":"cf-nel","max_age":604800}', 'NEL': '{"success_fraction":0,"report_to":"cf-nel","max_age":604800}', 'Server': 'cloudflare', 'CF-RAY': '88e48020c9642084-IAD', 'alt-svc': 'h3=":443"; ma=86400'} 
 body={"results":[{"gender":"male","name":{"title":"Mr","first":"Mikael","last":"Tuomi"},"location":{"street":{"number":4414,"name":"Tehtaankatu"},"city":"Föglö","state":"Kymenlaakso","country":"Finland","postcode":21211,"coordinates":{"latitude":"-26.1023","longitude":"-35.7061"},"timezone":{"offset":"+7:00","description":"Bangkok, Hanoi, Jakarta"}},"email":"mikael.tuomi@example.com","login":{"uuid":"9ed7e031-cecf-4179-a6c9-48147a3aeb5c","username":"smallmeercat377","password":"gonzales","salt":"U3W8gEKP","md5":"a1476776670de1a0ddf1815ef51ecabb","sha1":"fc9136e04345ba280b76899da2d67cd20b7ef60f","sha256":"8b92e90b5da4941d79443c294a13677dc322408dbd2cbf696b4cee347c03c2de"},"dob":{"date":"1974-02-24T07:22:32.896Z","age":50},"registered":{"date":"2004-09-03T05:12:07.680Z","age":19},"phone":"05-626-873","cell":"047-108-59-62","id":{"name":"HETU","value":"NaNNA729undefined"},"picture":{"large":"https://randomuser.me/api/portraits/men/27.jpg","medium":"https://randomuser.me/api/portraits/med/men/27.jpg","thumbnail":"https://randomuser.me/api/portraits/thumb/men/27.jpg"},"nat":"FI"}],"info":{"seed":"fc921481a9863934","results":1,"page":1,"version":"1.4"}} 
 </msg>
<msg time="2024-06-04T02:30:21.599876" level="INFO">/opt/hostedtoolcache/Python/3.12.3/x64/lib/python3.12/site-packages/urllib3/connectionpool.py:1103: InsecureRequestWarning: Unverified HTTPS request is being made to host 'randomuser.me'. Adding certificate verification is strongly advised. See: https://urllib3.readthedocs.io/en/latest/advanced-usage.html#tls-warnings
  warnings.warn(</msg>
<msg time="2024-06-04T02:30:21.599974" level="INFO">${response} = &lt;Response [200]&gt;</msg>
<var>${response}</var>
<arg>consultarAPI</arg>
<arg>/api</arg>
<doc>Sends a GET request on a previously created HTTP Session.</doc>
<status status="PASS" start="2024-06-04T02:30:21.526827" elapsed="0.073183"/>
</kw>
<kw name="Should Be Equal As Numbers" owner="BuiltIn">
<msg time="2024-06-04T02:30:21.600796" level="INFO">Argument types are:
&lt;class 'int'&gt;
&lt;class 'str'&gt;</msg>
<arg>${response.status_code}</arg>
<arg>200</arg>
<doc>Fails if objects are unequal after converting them to real numbers.</doc>
<status status="PASS" start="2024-06-04T02:30:21.600403" elapsed="0.000455"/>
</kw>
<kw name="Log" owner="BuiltIn">
<msg time="2024-06-04T02:30:21.601608" level="INFO">200</msg>
<arg>${response.status_code}</arg>
<doc>Logs the given message with the given level.</doc>
<status status="PASS" start="2024-06-04T02:30:21.601215" elapsed="0.000442"/>
</kw>
<kw name="Set Variable" owner="BuiltIn">
<msg time="2024-06-04T02:30:21.602417" level="INFO">${json_data} = {'results': [{'gender': 'male', 'name': {'title': 'Mr', 'first': 'Mikael', 'last': 'Tuomi'}, 'location': {'street': {'number': 4414, 'name': 'Tehtaankatu'}, 'city': 'Föglö', 'state': 'Kymenlaakso', 'c...</msg>
<var>${json_data}</var>
<arg>${response.json()}</arg>
<doc>Returns the given values which can then be assigned to a variables.</doc>
<status status="PASS" start="2024-06-04T02:30:21.601972" elapsed="0.000476"/>
</kw>
<kw name="Dictionary Should Contain Key" owner="Collections">
<msg time="2024-06-04T02:30:21.602924" level="INFO">False</msg>
<arg>${json_data}</arg>
<arg>results</arg>
<doc>Fails if ``key`` is not found from ``dictionary``.</doc>
<status status="PASS" start="2024-06-04T02:30:21.602759" elapsed="0.000328"/>
</kw>
<status status="PASS" start="2024-06-04T02:30:21.526588" elapsed="0.076762"/>
</kw>
<doc>Testa se a API responde corretamente e retorna um objeto JSON válido.</doc>
<tag>testeRequisicaoBasica</tag>
<status status="PASS" start="2024-06-04T02:30:21.526131" elapsed="0.077391"/>
</test>
<test id="s1-s1-t3" name="Validar estrutura de resposta" line="22">
<kw name="Teste de Estrutura de Resposta" owner="random-user-service">
<kw name="GET On Session" owner="RequestsLibrary">
<msg time="2024-06-04T02:30:21.705273" level="INFO">GET Request : url=https://randomuser.me/api 
 path_url=/api 
 headers={'User-Agent': 'python-requests/2.32.3', 'Accept-Encoding': 'gzip, deflate', 'Accept': '*/*', 'Connection': 'keep-alive'} 
 body=None 
 </msg>
<msg time="2024-06-04T02:30:21.705403" level="INFO">GET Response : url=https://randomuser.me/api 
 status=200, reason=OK 
 headers={'Date': 'Tue, 04 Jun 2024 02:30:21 GMT', 'Content-Type': 'application/json; charset=utf-8', 'Transfer-Encoding': 'chunked', 'Connection': 'keep-alive', 'X-Powered-By': 'Express', 'Access-Control-Allow-Origin': '*', 'Cache-Control': 'no-cache', 'ETag': 'W/"492-EJ9yEpeewEOC5QFZ/l544O2ruO8"', 'Vary': 'Accept-Encoding', 'Content-Encoding': 'gzip', 'CF-Cache-Status': 'DYNAMIC', 'Report-To': '{"endpoints":[{"url":"https:\\/\\/a.nel.cloudflare.com\\/report\\/v4?s=vYF%2F%2F3kmPD3AsZTM4mjTOVp9DtZE1RZpjT%2BEjrqgvZbRs4u07Rd9YMci1JPyuBt%2FSSyP4PC%2Bweo0YzGyr0CW9v5%2BSbfkofsCulAazhKgSRw%2BjKM%2Bj7LvgRmG5DxEzGOf"}],"group":"cf-nel","max_age":604800}', 'NEL': '{"success_fraction":0,"report_to":"cf-nel","max_age":604800}', 'Server': 'cloudflare', 'CF-RAY': '88e480210a092084-IAD', 'alt-svc': 'h3=":443"; ma=86400'} 
 body={"results":[{"gender":"female","name":{"title":"Mrs","first":"Marina","last":"Kralj"},"location":{"street":{"number":7269,"name":"Ivana Aksakova "},"city":"Vrbas","state":"Moravica","country":"Serbia","postcode":67813,"coordinates":{"latitude":"62.5743","longitude":"43.9057"},"timezone":{"offset":"-4:00","description":"Atlantic Time (Canada), Caracas, La Paz"}},"email":"marina.kralj@example.com","login":{"uuid":"8594b4e5-aae0-4a72-a110-ea7c447bf0cb","username":"angrytiger702","password":"amadeus","salt":"N4cNBjze","md5":"0987673db4fea0a35ff9fe8cc28aef3b","sha1":"bcdd43ad42978f3801d8e1c171cc84a186b2ab7e","sha256":"c7b5138bea58ef22ebe529dbd937eecf2878055563e7bee58ce9fb54c78353d7"},"dob":{"date":"1972-09-08T06:24:21.203Z","age":51},"registered":{"date":"2018-08-08T00:15:21.550Z","age":5},"phone":"014-6907-796","cell":"061-5934-533","id":{"name":"SID","value":"208087778"},"picture":{"large":"https://randomuser.me/api/portraits/women/25.jpg","medium":"https://randomuser.me/api/portraits/med/women/25.jpg","thumbnail":"https://randomuser.me/api/portraits/thumb/women/25.jpg"},"nat":"RS"}],"info":{"seed":"576192caa3311be8","results":1,"page":1,"version":"1.4"}} 
 </msg>
<msg time="2024-06-04T02:30:21.705527" level="INFO">/opt/hostedtoolcache/Python/3.12.3/x64/lib/python3.12/site-packages/urllib3/connectionpool.py:1103: InsecureRequestWarning: Unverified HTTPS request is being made to host 'randomuser.me'. Adding certificate verification is strongly advised. See: https://urllib3.readthedocs.io/en/latest/advanced-usage.html#tls-warnings
  warnings.warn(</msg>
<msg time="2024-06-04T02:30:21.705648" level="INFO">${response} = &lt;Response [200]&gt;</msg>
<var>${response}</var>
<arg>consultarAPI</arg>
<arg>/api</arg>
<doc>Sends a GET request on a previously created HTTP Session.</doc>
<status status="PASS" start="2024-06-04T02:30:21.606132" elapsed="0.099561"/>
</kw>
<kw name="Set Variable" owner="BuiltIn">
<msg time="2024-06-04T02:30:21.706540" level="INFO">${json_data} = {'results': [{'gender': 'female', 'name': {'title': 'Mrs', 'first': 'Marina', 'last': 'Kralj'}, 'location': {'street': {'number': 7269, 'name': 'Ivana Aksakova '}, 'city': 'Vrbas', 'state': 'Moravica'...</msg>
<var>${json_data}</var>
<arg>${response.json()}</arg>
<doc>Returns the given values which can then be assigned to a variables.</doc>
<status status="PASS" start="2024-06-04T02:30:21.706089" elapsed="0.000479"/>
</kw>
<kw name="Log" owner="BuiltIn">
<msg time="2024-06-04T02:30:21.707036" level="INFO">{'results': [{'gender': 'female', 'name': {'title': 'Mrs', 'first': 'Marina', 'last': 'Kralj'}, 'location': {'street': {'number': 7269, 'name': 'Ivana Aksakova '}, 'city': 'Vrbas', 'state': 'Moravica', 'country': 'Serbia', 'postcode': 67813, 'coordinates': {'latitude': '62.5743', 'longitude': '43.9057'}, 'timezone': {'offset': '-4:00', 'description': 'Atlantic Time (Canada), Caracas, La Paz'}}, 'email': 'marina.kralj@example.com', 'login': {'uuid': '8594b4e5-aae0-4a72-a110-ea7c447bf0cb', 'username': 'angrytiger702', 'password': 'amadeus', 'salt': 'N4cNBjze', 'md5': '0987673db4fea0a35ff9fe8cc28aef3b', 'sha1': 'bcdd43ad42978f3801d8e1c171cc84a186b2ab7e', 'sha256': 'c7b5138bea58ef22ebe529dbd937eecf2878055563e7bee58ce9fb54c78353d7'}, 'dob': {'date': '1972-09-08T06:24:21.203Z', 'age': 51}, 'registered': {'date': '2018-08-08T00:15:21.550Z', 'age': 5}, 'phone': '014-6907-796', 'cell': '061-5934-533', 'id': {'name': 'SID', 'value': '208087778'}, 'picture': {'large': 'https://randomuser.me/api/portraits/women/25.jpg', 'medium': 'https://randomuser.me/api/portraits/med/women/25.jpg', 'thumbnail': 'https://randomuser.me/api/portraits/thumb/women/25.jpg'}, 'nat': 'RS'}], 'info': {'seed': '576192caa3311be8', 'results': 1, 'page': 1, 'version': '1.4'}}</msg>
<arg>${json_data}</arg>
<doc>Logs the given message with the given level.</doc>
<status status="PASS" start="2024-06-04T02:30:21.706880" elapsed="0.000203"/>
</kw>
<kw name="Dictionary Should Contain Key" owner="Collections">
<msg time="2024-06-04T02:30:21.707539" level="INFO">False</msg>
<arg>${json_data}</arg>
<arg>results</arg>
<doc>Fails if ``key`` is not found from ``dictionary``.</doc>
<status status="PASS" start="2024-06-04T02:30:21.707385" elapsed="0.000191"/>
</kw>
<kw name="Should Not Be Empty" owner="BuiltIn">
<msg time="2024-06-04T02:30:21.707998" level="INFO">Length is 2.</msg>
<arg>${json_data}</arg>
<doc>Verifies that the given item is not empty.</doc>
<status status="PASS" start="2024-06-04T02:30:21.707868" elapsed="0.000168"/>
</kw>
<kw name="Create List" owner="BuiltIn">
<msg time="2024-06-04T02:30:21.708480" level="INFO">${expected_keys} = ['gender', 'name', 'location', 'email', 'login']</msg>
<var>${expected_keys}</var>
<arg>gender</arg>
<arg>name</arg>
<arg>location</arg>
<arg>email</arg>
<arg>login</arg>
<doc>Returns a list containing given items.</doc>
<status status="PASS" start="2024-06-04T02:30:21.708331" elapsed="0.000173"/>
</kw>
<for flavor="IN">
<iter>
<kw name="Dictionary Should Contain Key" owner="Collections">
<msg time="2024-06-04T02:30:21.709490" level="INFO">False</msg>
<arg>${json_data['results'][0]}</arg>
<arg>${key}</arg>
<doc>Fails if ``key`` is not found from ``dictionary``.</doc>
<status status="PASS" start="2024-06-04T02:30:21.709061" elapsed="0.000475"/>
</kw>
<kw name="Log" owner="BuiltIn">
<msg time="2024-06-04T02:30:21.710211" level="INFO">{'gender': 'female', 'name': {'title': 'Mrs', 'first': 'Marina', 'last': 'Kralj'}, 'location': {'street': {'number': 7269, 'name': 'Ivana Aksakova '}, 'city': 'Vrbas', 'state': 'Moravica', 'country': 'Serbia', 'postcode': 67813, 'coordinates': {'latitude': '62.5743', 'longitude': '43.9057'}, 'timezone': {'offset': '-4:00', 'description': 'Atlantic Time (Canada), Caracas, La Paz'}}, 'email': 'marina.kralj@example.com', 'login': {'uuid': '8594b4e5-aae0-4a72-a110-ea7c447bf0cb', 'username': 'angrytiger702', 'password': 'amadeus', 'salt': 'N4cNBjze', 'md5': '0987673db4fea0a35ff9fe8cc28aef3b', 'sha1': 'bcdd43ad42978f3801d8e1c171cc84a186b2ab7e', 'sha256': 'c7b5138bea58ef22ebe529dbd937eecf2878055563e7bee58ce9fb54c78353d7'}, 'dob': {'date': '1972-09-08T06:24:21.203Z', 'age': 51}, 'registered': {'date': '2018-08-08T00:15:21.550Z', 'age': 5}, 'phone': '014-6907-796', 'cell': '061-5934-533', 'id': {'name': 'SID', 'value': '208087778'}, 'picture': {'large': 'https://randomuser.me/api/portraits/women/25.jpg', 'medium': 'https://randomuser.me/api/portraits/med/women/25.jpg', 'thumbnail': 'https://randomuser.me/api/portraits/thumb/women/25.jpg'}, 'nat': 'RS'}</msg>
<arg>${json_data['results'][0]}</arg>
<doc>Logs the given message with the given level.</doc>
<status status="PASS" start="2024-06-04T02:30:21.709841" elapsed="0.000421"/>
</kw>
<kw name="Log" owner="BuiltIn">
<msg time="2024-06-04T02:30:21.710695" level="INFO">gender</msg>
<arg>${key}</arg>
<doc>Logs the given message with the given level.</doc>
<status status="PASS" start="2024-06-04T02:30:21.710567" elapsed="0.000166"/>
</kw>
<var name="${key}">gender</var>
<status status="PASS" start="2024-06-04T02:30:21.708930" elapsed="0.002017"/>
</iter>
<iter>
<kw name="Dictionary Should Contain Key" owner="Collections">
<msg time="2024-06-04T02:30:21.711637" level="INFO">False</msg>
<arg>${json_data['results'][0]}</arg>
<arg>${key}</arg>
<doc>Fails if ``key`` is not found from ``dictionary``.</doc>
<status status="PASS" start="2024-06-04T02:30:21.711247" elapsed="0.000428"/>
</kw>
<kw name="Log" owner="BuiltIn">
<msg time="2024-06-04T02:30:21.712358" level="INFO">{'gender': 'female', 'name': {'title': 'Mrs', 'first': 'Marina', 'last': 'Kralj'}, 'location': {'street': {'number': 7269, 'name': 'Ivana Aksakova '}, 'city': 'Vrbas', 'state': 'Moravica', 'country': 'Serbia', 'postcode': 67813, 'coordinates': {'latitude': '62.5743', 'longitude': '43.9057'}, 'timezone': {'offset': '-4:00', 'description': 'Atlantic Time (Canada), Caracas, La Paz'}}, 'email': 'marina.kralj@example.com', 'login': {'uuid': '8594b4e5-aae0-4a72-a110-ea7c447bf0cb', 'username': 'angrytiger702', 'password': 'amadeus', 'salt': 'N4cNBjze', 'md5': '0987673db4fea0a35ff9fe8cc28aef3b', 'sha1': 'bcdd43ad42978f3801d8e1c171cc84a186b2ab7e', 'sha256': 'c7b5138bea58ef22ebe529dbd937eecf2878055563e7bee58ce9fb54c78353d7'}, 'dob': {'date': '1972-09-08T06:24:21.203Z', 'age': 51}, 'registered': {'date': '2018-08-08T00:15:21.550Z', 'age': 5}, 'phone': '014-6907-796', 'cell': '061-5934-533', 'id': {'name': 'SID', 'value': '208087778'}, 'picture': {'large': 'https://randomuser.me/api/portraits/women/25.jpg', 'medium': 'https://randomuser.me/api/portraits/med/women/25.jpg', 'thumbnail': 'https://randomuser.me/api/portraits/thumb/women/25.jpg'}, 'nat': 'RS'}</msg>
<arg>${json_data['results'][0]}</arg>
<doc>Logs the given message with the given level.</doc>
<status status="PASS" start="2024-06-04T02:30:21.712000" elapsed="0.000407"/>
</kw>
<kw name="Log" owner="BuiltIn">
<msg time="2024-06-04T02:30:21.712834" level="INFO">name</msg>
<arg>${key}</arg>
<doc>Logs the given message with the given level.</doc>
<status status="PASS" start="2024-06-04T02:30:21.712707" elapsed="0.000163"/>
</kw>
<var name="${key}">name</var>
<status status="PASS" start="2024-06-04T02:30:21.711130" elapsed="0.001961"/>
</iter>
<iter>
<kw name="Dictionary Should Contain Key" owner="Collections">
<msg time="2024-06-04T02:30:21.713793" level="INFO">False</msg>
<arg>${json_data['results'][0]}</arg>
<arg>${key}</arg>
<doc>Fails if ``key`` is not found from ``dictionary``.</doc>
<status status="PASS" start="2024-06-04T02:30:21.713405" elapsed="0.000426"/>
</kw>
<kw name="Log" owner="BuiltIn">
<msg time="2024-06-04T02:30:21.714496" level="INFO">{'gender': 'female', 'name': {'title': 'Mrs', 'first': 'Marina', 'last': 'Kralj'}, 'location': {'street': {'number': 7269, 'name': 'Ivana Aksakova '}, 'city': 'Vrbas', 'state': 'Moravica', 'country': 'Serbia', 'postcode': 67813, 'coordinates': {'latitude': '62.5743', 'longitude': '43.9057'}, 'timezone': {'offset': '-4:00', 'description': 'Atlantic Time (Canada), Caracas, La Paz'}}, 'email': 'marina.kralj@example.com', 'login': {'uuid': '8594b4e5-aae0-4a72-a110-ea7c447bf0cb', 'username': 'angrytiger702', 'password': 'amadeus', 'salt': 'N4cNBjze', 'md5': '0987673db4fea0a35ff9fe8cc28aef3b', 'sha1': 'bcdd43ad42978f3801d8e1c171cc84a186b2ab7e', 'sha256': 'c7b5138bea58ef22ebe529dbd937eecf2878055563e7bee58ce9fb54c78353d7'}, 'dob': {'date': '1972-09-08T06:24:21.203Z', 'age': 51}, 'registered': {'date': '2018-08-08T00:15:21.550Z', 'age': 5}, 'phone': '014-6907-796', 'cell': '061-5934-533', 'id': {'name': 'SID', 'value': '208087778'}, 'picture': {'large': 'https://randomuser.me/api/portraits/women/25.jpg', 'medium': 'https://randomuser.me/api/portraits/med/women/25.jpg', 'thumbnail': 'https://randomuser.me/api/portraits/thumb/women/25.jpg'}, 'nat': 'RS'}</msg>
<arg>${json_data['results'][0]}</arg>
<doc>Logs the given message with the given level.</doc>
<status status="PASS" start="2024-06-04T02:30:21.714134" elapsed="0.000412"/>
</kw>
<kw name="Log" owner="BuiltIn">
<msg time="2024-06-04T02:30:21.714968" level="INFO">location</msg>
<arg>${key}</arg>
<doc>Logs the given message with the given level.</doc>
<status status="PASS" start="2024-06-04T02:30:21.714844" elapsed="0.000161"/>
</kw>
<var name="${key}">location</var>
<status status="PASS" start="2024-06-04T02:30:21.713268" elapsed="0.001948"/>
</iter>
<iter>
<kw name="Dictionary Should Contain Key" owner="Collections">
<msg time="2024-06-04T02:30:21.715983" level="INFO">False</msg>
<arg>${json_data['results'][0]}</arg>
<arg>${key}</arg>
<doc>Fails if ``key`` is not found from ``dictionary``.</doc>
<status status="PASS" start="2024-06-04T02:30:21.715502" elapsed="0.000519"/>
</kw>
<kw name="Log" owner="BuiltIn">
<msg time="2024-06-04T02:30:21.716677" level="INFO">{'gender': 'female', 'name': {'title': 'Mrs', 'first': 'Marina', 'last': 'Kralj'}, 'location': {'street': {'number': 7269, 'name': 'Ivana Aksakova '}, 'city': 'Vrbas', 'state': 'Moravica', 'country': 'Serbia', 'postcode': 67813, 'coordinates': {'latitude': '62.5743', 'longitude': '43.9057'}, 'timezone': {'offset': '-4:00', 'description': 'Atlantic Time (Canada), Caracas, La Paz'}}, 'email': 'marina.kralj@example.com', 'login': {'uuid': '8594b4e5-aae0-4a72-a110-ea7c447bf0cb', 'username': 'angrytiger702', 'password': 'amadeus', 'salt': 'N4cNBjze', 'md5': '0987673db4fea0a35ff9fe8cc28aef3b', 'sha1': 'bcdd43ad42978f3801d8e1c171cc84a186b2ab7e', 'sha256': 'c7b5138bea58ef22ebe529dbd937eecf2878055563e7bee58ce9fb54c78353d7'}, 'dob': {'date': '1972-09-08T06:24:21.203Z', 'age': 51}, 'registered': {'date': '2018-08-08T00:15:21.550Z', 'age': 5}, 'phone': '014-6907-796', 'cell': '061-5934-533', 'id': {'name': 'SID', 'value': '208087778'}, 'picture': {'large': 'https://randomuser.me/api/portraits/women/25.jpg', 'medium': 'https://randomuser.me/api/portraits/med/women/25.jpg', 'thumbnail': 'https://randomuser.me/api/portraits/thumb/women/25.jpg'}, 'nat': 'RS'}</msg>
<arg>${json_data['results'][0]}</arg>
<doc>Logs the given message with the given level.</doc>
<status status="PASS" start="2024-06-04T02:30:21.716319" elapsed="0.000416"/>
</kw>
<kw name="Log" owner="BuiltIn">
<msg time="2024-06-04T02:30:21.717162" level="INFO">email</msg>
<arg>${key}</arg>
<doc>Logs the given message with the given level.</doc>
<status status="PASS" start="2024-06-04T02:30:21.717035" elapsed="0.000164"/>
</kw>
<var name="${key}">email</var>
<status status="PASS" start="2024-06-04T02:30:21.715390" elapsed="0.002052"/>
</iter>
<iter>
<kw name="Dictionary Should Contain Key" owner="Collections">
<msg time="2024-06-04T02:30:21.718111" level="INFO">False</msg>
<arg>${json_data['results'][0]}</arg>
<arg>${key}</arg>
<doc>Fails if ``key`` is not found from ``dictionary``.</doc>
<status status="PASS" start="2024-06-04T02:30:21.717732" elapsed="0.000416"/>
</kw>
<kw name="Log" owner="BuiltIn">
<msg time="2024-06-04T02:30:21.718799" level="INFO">{'gender': 'female', 'name': {'title': 'Mrs', 'first': 'Marina', 'last': 'Kralj'}, 'location': {'street': {'number': 7269, 'name': 'Ivana Aksakova '}, 'city': 'Vrbas', 'state': 'Moravica', 'country': 'Serbia', 'postcode': 67813, 'coordinates': {'latitude': '62.5743', 'longitude': '43.9057'}, 'timezone': {'offset': '-4:00', 'description': 'Atlantic Time (Canada), Caracas, La Paz'}}, 'email': 'marina.kralj@example.com', 'login': {'uuid': '8594b4e5-aae0-4a72-a110-ea7c447bf0cb', 'username': 'angrytiger702', 'password': 'amadeus', 'salt': 'N4cNBjze', 'md5': '0987673db4fea0a35ff9fe8cc28aef3b', 'sha1': 'bcdd43ad42978f3801d8e1c171cc84a186b2ab7e', 'sha256': 'c7b5138bea58ef22ebe529dbd937eecf2878055563e7bee58ce9fb54c78353d7'}, 'dob': {'date': '1972-09-08T06:24:21.203Z', 'age': 51}, 'registered': {'date': '2018-08-08T00:15:21.550Z', 'age': 5}, 'phone': '014-6907-796', 'cell': '061-5934-533', 'id': {'name': 'SID', 'value': '208087778'}, 'picture': {'large': 'https://randomuser.me/api/portraits/women/25.jpg', 'medium': 'https://randomuser.me/api/portraits/med/women/25.jpg', 'thumbnail': 'https://randomuser.me/api/portraits/thumb/women/25.jpg'}, 'nat': 'RS'}</msg>
<arg>${json_data['results'][0]}</arg>
<doc>Logs the given message with the given level.</doc>
<status status="PASS" start="2024-06-04T02:30:21.718446" elapsed="0.000401"/>
</kw>
<kw name="Log" owner="BuiltIn">
<msg time="2024-06-04T02:30:21.719266" level="INFO">login</msg>
<arg>${key}</arg>
<doc>Logs the given message with the given level.</doc>
<status status="PASS" start="2024-06-04T02:30:21.719141" elapsed="0.000162"/>
</kw>
<var name="${key}">login</var>
<status status="PASS" start="2024-06-04T02:30:21.717617" elapsed="0.001926"/>
</iter>
<var>${key}</var>
<value>@{expected_keys}</value>
<status status="PASS" start="2024-06-04T02:30:21.708755" elapsed="0.010919"/>
</for>
<kw name="Create List" owner="BuiltIn">
<msg time="2024-06-04T02:30:21.720015" level="INFO">${expected_keysTwo} = ['username', 'password']</msg>
<var>${expected_keysTwo}</var>
<arg>username</arg>
<arg>password</arg>
<doc>Returns a list containing given items.</doc>
<status status="PASS" start="2024-06-04T02:30:21.719871" elapsed="0.000168"/>
</kw>
<for flavor="IN">
<iter>
<kw name="Dictionary Should Contain Key" owner="Collections">
<msg time="2024-06-04T02:30:21.720925" level="INFO">False</msg>
<arg>${json_data['results'][0]['login']}</arg>
<arg>${keyTwo}</arg>
<doc>Fails if ``key`` is not found from ``dictionary``.</doc>
<status status="PASS" start="2024-06-04T02:30:21.720538" elapsed="0.000424"/>
</kw>
<kw name="Dictionary Should Contain Key" owner="Collections">
<msg time="2024-06-04T02:30:21.721662" level="INFO">False</msg>
<arg>${json_data['results'][0]['login']}</arg>
<arg>${keyTwo}</arg>
<doc>Fails if ``key`` is not found from ``dictionary``.</doc>
<status status="PASS" start="2024-06-04T02:30:21.721261" elapsed="0.000439"/>
</kw>
<kw name="Log" owner="BuiltIn">
<msg time="2024-06-04T02:30:21.722120" level="INFO">username</msg>
<arg>${keyTwo}</arg>
<doc>Logs the given message with the given level.</doc>
<status status="PASS" start="2024-06-04T02:30:21.721993" elapsed="0.000164"/>
</kw>
<var name="${keyTwo}">username</var>
<status status="PASS" start="2024-06-04T02:30:21.720425" elapsed="0.001943"/>
</iter>
<iter>
<kw name="Dictionary Should Contain Key" owner="Collections">
<msg time="2024-06-04T02:30:21.723040" level="INFO">False</msg>
<arg>${json_data['results'][0]['login']}</arg>
<arg>${keyTwo}</arg>
<doc>Fails if ``key`` is not found from ``dictionary``.</doc>
<status status="PASS" start="2024-06-04T02:30:21.722657" elapsed="0.000421"/>
</kw>
<kw name="Dictionary Should Contain Key" owner="Collections">
<msg time="2024-06-04T02:30:21.723749" level="INFO">False</msg>
<arg>${json_data['results'][0]['login']}</arg>
<arg>${keyTwo}</arg>
<doc>Fails if ``key`` is not found from ``dictionary``.</doc>
<status status="PASS" start="2024-06-04T02:30:21.723369" elapsed="0.000417"/>
</kw>
<kw name="Log" owner="BuiltIn">
<msg time="2024-06-04T02:30:21.724203" level="INFO">password</msg>
<arg>${keyTwo}</arg>
<doc>Logs the given message with the given level.</doc>
<status status="PASS" start="2024-06-04T02:30:21.724077" elapsed="0.000163"/>
</kw>
<var name="${keyTwo}">password</var>
<status status="PASS" start="2024-06-04T02:30:21.722539" elapsed="0.001912"/>
</iter>
<var>${keyTwo}</var>
<value>@{expected_keysTwo}</value>
<status status="PASS" start="2024-06-04T02:30:21.720275" elapsed="0.004298"/>
</for>
<status status="PASS" start="2024-06-04T02:30:21.605898" elapsed="0.118813"/>
</kw>
<doc>Testa a estrutura da resposta da API.</doc>
<tag>testeEstruturaResposta</tag>
<status status="PASS" start="2024-06-04T02:30:21.605331" elapsed="0.119528"/>
</test>
<test id="s1-s1-t4" name="Validar tipos de dados" line="28">
<kw name="Teste de Tipos de Dados" owner="random-user-service">
<kw name="GET On Session" owner="RequestsLibrary">
<msg time="2024-06-04T02:30:21.804721" level="INFO">GET Request : url=https://randomuser.me/api 
 path_url=/api 
 headers={'User-Agent': 'python-requests/2.32.3', 'Accept-Encoding': 'gzip, deflate', 'Accept': '*/*', 'Connection': 'keep-alive'} 
 body=None 
 </msg>
<msg time="2024-06-04T02:30:21.804805" level="INFO">GET Response : url=https://randomuser.me/api 
 status=200, reason=OK 
 headers={'Date': 'Tue, 04 Jun 2024 02:30:21 GMT', 'Content-Type': 'application/json; charset=utf-8', 'Transfer-Encoding': 'chunked', 'Connection': 'keep-alive', 'X-Powered-By': 'Express', 'Access-Control-Allow-Origin': '*', 'Cache-Control': 'no-cache', 'ETag': 'W/"489-tNGGfY1wNDkigtchm1a6gW8PI5s"', 'Vary': 'Accept-Encoding', 'Content-Encoding': 'gzip', 'CF-Cache-Status': 'DYNAMIC', 'Report-To': '{"endpoints":[{"url":"https:\\/\\/a.nel.cloudflare.com\\/report\\/v4?s=SFhAYfbzQbqf0mIIN3o4qFZSmxnAxj4cXqp8Q4YYhVO6lUoCkx5sXP4pl6reZ8oZTWxEjsAMVKY5UJfNoKhWHf4O7d2gLte98gWfAP1FORVoPkedX%2FgaLEQgzzBD8dGi"}],"group":"cf-nel","max_age":604800}', 'NEL': '{"success_fraction":0,"report_to":"cf-nel","max_age":604800}', 'Server': 'cloudflare', 'CF-RAY': '88e48021dafc2084-IAD', 'alt-svc': 'h3=":443"; ma=86400'} 
 body={"results":[{"gender":"female","name":{"title":"Mrs","first":"José","last":"Reyes"},"location":{"street":{"number":1512,"name":"Calle de Arturo Soria"},"city":"Santiago de Compostela","state":"Ceuta","country":"Spain","postcode":12922,"coordinates":{"latitude":"-35.3009","longitude":"69.0803"},"timezone":{"offset":"+5:45","description":"Kathmandu"}},"email":"jose.reyes@example.com","login":{"uuid":"7c8c25c6-0f0e-4ef4-bb10-af7139a46918","username":"beautifulostrich946","password":"aisan","salt":"9b447s0Q","md5":"c38c2969a87ea881d50e29b00ef53a2d","sha1":"c10c5abb4ebd26deb6f8c9dbd1008a21c21c581d","sha256":"7055f5c9488309eccb99e5a53836cd5c82d58bad280c6fa9441ad0339ecb8e52"},"dob":{"date":"1970-04-02T11:54:20.656Z","age":54},"registered":{"date":"2003-12-31T09:25:45.033Z","age":20},"phone":"956-346-150","cell":"661-298-810","id":{"name":"DNI","value":"99791637-Y"},"picture":{"large":"https://randomuser.me/api/portraits/women/23.jpg","medium":"https://randomuser.me/api/portraits/med/women/23.jpg","thumbnail":"https://randomuser.me/api/portraits/thumb/women/23.jpg"},"nat":"ES"}],"info":{"seed":"bdd2213c1ec5bd9a","results":1,"page":1,"version":"1.4"}} 
 </msg>
<msg time="2024-06-04T02:30:21.804882" level="INFO">/opt/hostedtoolcache/Python/3.12.3/x64/lib/python3.12/site-packages/urllib3/connectionpool.py:1103: InsecureRequestWarning: Unverified HTTPS request is being made to host 'randomuser.me'. Adding certificate verification is strongly advised. See: https://urllib3.readthedocs.io/en/latest/advanced-usage.html#tls-warnings
  warnings.warn(</msg>
<msg time="2024-06-04T02:30:21.804975" level="INFO">${response} = &lt;Response [200]&gt;</msg>
<var>${response}</var>
<arg>consultarAPI</arg>
<arg>/api</arg>
<doc>Sends a GET request on a previously created HTTP Session.</doc>
<status status="PASS" start="2024-06-04T02:30:21.727277" elapsed="0.077728"/>
</kw>
<kw name="Set Variable" owner="BuiltIn">
<msg time="2024-06-04T02:30:21.805870" level="INFO">${json_data} = {'results': [{'gender': 'female', 'name': {'title': 'Mrs', 'first': 'José', 'last': 'Reyes'}, 'location': {'street': {'number': 1512, 'name': 'Calle de Arturo Soria'}, 'city': 'Santiago de Compostela'...</msg>
<var>${json_data}</var>
<arg>${response.json()}</arg>
<doc>Returns the given values which can then be assigned to a variables.</doc>
<status status="PASS" start="2024-06-04T02:30:21.805411" elapsed="0.000490"/>
</kw>
<kw name="Log" owner="BuiltIn">
<msg time="2024-06-04T02:30:21.806379" level="INFO">{'results': [{'gender': 'female', 'name': {'title': 'Mrs', 'first': 'José', 'last': 'Reyes'}, 'location': {'street': {'number': 1512, 'name': 'Calle de Arturo Soria'}, 'city': 'Santiago de Compostela', 'state': 'Ceuta', 'country': 'Spain', 'postcode': 12922, 'coordinates': {'latitude': '-35.3009', 'longitude': '69.0803'}, 'timezone': {'offset': '+5:45', 'description': 'Kathmandu'}}, 'email': 'jose.reyes@example.com', 'login': {'uuid': '7c8c25c6-0f0e-4ef4-bb10-af7139a46918', 'username': 'beautifulostrich946', 'password': 'aisan', 'salt': '9b447s0Q', 'md5': 'c38c2969a87ea881d50e29b00ef53a2d', 'sha1': 'c10c5abb4ebd26deb6f8c9dbd1008a21c21c581d', 'sha256': '7055f5c9488309eccb99e5a53836cd5c82d58bad280c6fa9441ad0339ecb8e52'}, 'dob': {'date': '1970-04-02T11:54:20.656Z', 'age': 54}, 'registered': {'date': '2003-12-31T09:25:45.033Z', 'age': 20}, 'phone': '956-346-150', 'cell': '661-298-810', 'id': {'name': 'DNI', 'value': '99791637-Y'}, 'picture': {'large': 'https://randomuser.me/api/portraits/women/23.jpg', 'medium': 'https://randomuser.me/api/portraits/med/women/23.jpg', 'thumbnail': 'https://randomuser.me/api/portraits/thumb/women/23.jpg'}, 'nat': 'ES'}], 'info': {'seed': 'bdd2213c1ec5bd9a', 'results': 1, 'page': 1, 'version': '1.4'}}</msg>
<arg>${json_data}</arg>
<doc>Logs the given message with the given level.</doc>
<status status="PASS" start="2024-06-04T02:30:21.806221" elapsed="0.000242"/>
</kw>
<kw name="Should Be String" owner="String">
<arg>${json_data['results'][0]['gender']}</arg>
<doc>Fails if the given ``item`` is not a string.</doc>
<status status="PASS" start="2024-06-04T02:30:21.806770" elapsed="0.000364"/>
</kw>
<kw name="Should Match Regexp" owner="BuiltIn">
<arg>${json_data['results'][0]['email']}</arg>
<arg>^[a-zA-Z0-9._%+-]+@[a-zA-Z0-9.-]+\.[a-zA-Z]{2,}$</arg>
<doc>Fails if ``string`` does not match ``pattern`` as a regular expression.</doc>
<status status="PASS" start="2024-06-04T02:30:21.807328" elapsed="0.000608"/>
</kw>
<kw name="Should Match Regexp" owner="BuiltIn">
<arg>${json_data['results'][0]['dob']['date']}</arg>
<arg>\\d{4}-\\d{2}-\\d{2}T\\d{2}:\\d{2}:\\d{2}\\.\\d{3}Z</arg>
<doc>Fails if ``string`` does not match ``pattern`` as a regular expression.</doc>
<status status="PASS" start="2024-06-04T02:30:21.808139" elapsed="0.000485"/>
</kw>
<kw name="Should Match Regexp" owner="BuiltIn">
<arg>${json_data['results'][0]['registered']['date']}</arg>
<arg>\\d{4}-\\d{2}-\\d{2}T\\d{2}:\\d{2}:\\d{2}\\.\\d{3}Z</arg>
<doc>Fails if ``string`` does not match ``pattern`` as a regular expression.</doc>
<status status="PASS" start="2024-06-04T02:30:21.808823" elapsed="0.000368"/>
</kw>
<kw name="Should Match Regexp" owner="BuiltIn">
<arg>${json_data['results'][0]['picture']['large']}</arg>
<arg>^https?://.*\.(?:png|jpe?g|gif|bmp)$</arg>
<doc>Fails if ``string`` does not match ``pattern`` as a regular expression.</doc>
<status status="PASS" start="2024-06-04T02:30:21.809427" elapsed="0.000476"/>
</kw>
<kw name="Should Match Regexp" owner="BuiltIn">
<arg>${json_data['results'][0]['picture']['medium']}</arg>
<arg>^https?://.*\.(?:png|jpe?g|gif|bmp)$</arg>
<doc>Fails if ``string`` does not match ``pattern`` as a regular expression.</doc>
<status status="PASS" start="2024-06-04T02:30:21.810099" elapsed="0.000354"/>
</kw>
<kw name="Should Match Regexp" owner="BuiltIn">
<arg>${json_data['results'][0]['picture']['thumbnail']}</arg>
<arg>^https?://.*\.(?:png|jpe?g|gif|bmp)$</arg>
<doc>Fails if ``string`` does not match ``pattern`` as a regular expression.</doc>
<status status="PASS" start="2024-06-04T02:30:21.810645" elapsed="0.000346"/>
</kw>
<kw name="Log" owner="BuiltIn">
<msg time="2024-06-04T02:30:21.811507" level="INFO">{'large': 'https://randomuser.me/api/portraits/women/23.jpg', 'medium': 'https://randomuser.me/api/portraits/med/women/23.jpg', 'thumbnail': 'https://randomuser.me/api/portraits/thumb/women/23.jpg'}</msg>
<arg>${json_data['results'][0]['picture']}</arg>
<doc>Logs the given message with the given level.</doc>
<status status="PASS" start="2024-06-04T02:30:21.811178" elapsed="0.000372"/>
</kw>
<status status="PASS" start="2024-06-04T02:30:21.727051" elapsed="0.084767"/>
</kw>
<kw name="Teste de Tipos de Dados - Postcode" owner="random-user-service">
<kw name="GET On Session" owner="RequestsLibrary">
<msg time="2024-06-04T02:30:21.899022" level="INFO">GET Request : url=https://randomuser.me/api 
 path_url=/api 
 headers={'User-Agent': 'python-requests/2.32.3', 'Accept-Encoding': 'gzip, deflate', 'Accept': '*/*', 'Connection': 'keep-alive'} 
 body=None 
 </msg>
<msg time="2024-06-04T02:30:21.899128" level="INFO">GET Response : url=https://randomuser.me/api 
 status=200, reason=OK 
 headers={'Date': 'Tue, 04 Jun 2024 02:30:21 GMT', 'Content-Type': 'application/json; charset=utf-8', 'Transfer-Encoding': 'chunked', 'Connection': 'keep-alive', 'X-Powered-By': 'Express', 'Access-Control-Allow-Origin': '*', 'Cache-Control': 'no-cache', 'ETag': 'W/"47f-FY3QKr0EwPmSgeOsZB8xiZr3hpo"', 'Vary': 'Accept-Encoding', 'Content-Encoding': 'gzip', 'CF-Cache-Status': 'DYNAMIC', 'Report-To': '{"endpoints":[{"url":"https:\\/\\/a.nel.cloudflare.com\\/report\\/v4?s=78FJnrhGQZ4ldFIz5ggnYdUdMI6C1hqZJLOKS3ExqPZsYwoUPbx5UW%2FHRLUY56h8e%2BVDPZ1sB9nK3biQeUkpRa9FsCtcm1RJxR4HWgnAxw2ho6jWz3JGxBVbpdJR2mj7"}],"group":"cf-nel","max_age":604800}', 'NEL': '{"success_fraction":0,"report_to":"cf-nel","max_age":604800}', 'Server': 'cloudflare', 'CF-RAY': '88e480225bc92084-IAD', 'alt-svc': 'h3=":443"; ma=86400'} 
 body={"results":[{"gender":"male","name":{"title":"Mr","first":"Ahmet","last":"Adıvar"},"location":{"street":{"number":9247,"name":"Istiklal Cd"},"city":"Antalya","state":"Karaman","country":"Turkey","postcode":21803,"coordinates":{"latitude":"68.3727","longitude":"-164.4833"},"timezone":{"offset":"+9:00","description":"Tokyo, Seoul, Osaka, Sapporo, Yakutsk"}},"email":"ahmet.adivar@example.com","login":{"uuid":"00ee71d2-e4e4-44a5-a6b6-2c677f09cdcf","username":"sadgoose217","password":"helium","salt":"3r6srOtz","md5":"e1f2baa746b447732451ff6f329889dc","sha1":"e7c2d639b9a41c6f6d78a5547ef66ab5d53e70ff","sha256":"e5f160fe6249195f27d1eb1aa1fbe9dd7a399372c604f1f8c42e7341910a303d"},"dob":{"date":"1987-09-29T09:55:58.102Z","age":36},"registered":{"date":"2010-07-01T13:12:18.899Z","age":13},"phone":"(490)-578-7938","cell":"(770)-824-1881","id":{"name":"","value":null},"picture":{"large":"https://randomuser.me/api/portraits/men/46.jpg","medium":"https://randomuser.me/api/portraits/med/men/46.jpg","thumbnail":"https://randomuser.me/api/portraits/thumb/men/46.jpg"},"nat":"TR"}],"info":{"seed":"22965557a023748c","results":1,"page":1,"version":"1.4"}} 
 </msg>
<msg time="2024-06-04T02:30:21.899211" level="INFO">/opt/hostedtoolcache/Python/3.12.3/x64/lib/python3.12/site-packages/urllib3/connectionpool.py:1103: InsecureRequestWarning: Unverified HTTPS request is being made to host 'randomuser.me'. Adding certificate verification is strongly advised. See: https://urllib3.readthedocs.io/en/latest/advanced-usage.html#tls-warnings
  warnings.warn(</msg>
<msg time="2024-06-04T02:30:21.899318" level="INFO">${response} = &lt;Response [200]&gt;</msg>
<var>${response}</var>
<arg>consultarAPI</arg>
<arg>/api</arg>
<doc>Sends a GET request on a previously created HTTP Session.</doc>
<status status="PASS" start="2024-06-04T02:30:21.812250" elapsed="0.087095"/>
</kw>
<kw name="Set Variable" owner="BuiltIn">
<msg time="2024-06-04T02:30:21.900169" level="INFO">${json_data} = {'results': [{'gender': 'male', 'name': {'title': 'Mr', 'first': 'Ahmet', 'last': 'Adıvar'}, 'location': {'street': {'number': 9247, 'name': 'Istiklal Cd'}, 'city': 'Antalya', 'state': 'Karaman', 'cou...</msg>
<var>${json_data}</var>
<arg>${response.json()}</arg>
<doc>Returns the given values which can then be assigned to a variables.</doc>
<status status="PASS" start="2024-06-04T02:30:21.899724" elapsed="0.000474"/>
</kw>
<kw name="Log" owner="BuiltIn">
<msg time="2024-06-04T02:30:21.900659" level="INFO">{'results': [{'gender': 'male', 'name': {'title': 'Mr', 'first': 'Ahmet', 'last': 'Adıvar'}, 'location': {'street': {'number': 9247, 'name': 'Istiklal Cd'}, 'city': 'Antalya', 'state': 'Karaman', 'country': 'Turkey', 'postcode': 21803, 'coordinates': {'latitude': '68.3727', 'longitude': '-164.4833'}, 'timezone': {'offset': '+9:00', 'description': 'Tokyo, Seoul, Osaka, Sapporo, Yakutsk'}}, 'email': 'ahmet.adivar@example.com', 'login': {'uuid': '00ee71d2-e4e4-44a5-a6b6-2c677f09cdcf', 'username': 'sadgoose217', 'password': 'helium', 'salt': '3r6srOtz', 'md5': 'e1f2baa746b447732451ff6f329889dc', 'sha1': 'e7c2d639b9a41c6f6d78a5547ef66ab5d53e70ff', 'sha256': 'e5f160fe6249195f27d1eb1aa1fbe9dd7a399372c604f1f8c42e7341910a303d'}, 'dob': {'date': '1987-09-29T09:55:58.102Z', 'age': 36}, 'registered': {'date': '2010-07-01T13:12:18.899Z', 'age': 13}, 'phone': '(490)-578-7938', 'cell': '(770)-824-1881', 'id': {'name': '', 'value': None}, 'picture': {'large': 'https://randomuser.me/api/portraits/men/46.jpg', 'medium': 'https://randomuser.me/api/portraits/med/men/46.jpg', 'thumbnail': 'https://randomuser.me/api/portraits/thumb/men/46.jpg'}, 'nat': 'TR'}], 'info': {'seed': '22965557a023748c', 'results': 1, 'page': 1, 'version': '1.4'}}</msg>
<arg>${json_data}</arg>
<doc>Logs the given message with the given level.</doc>
<status status="PASS" start="2024-06-04T02:30:21.900505" elapsed="0.000233"/>
</kw>
<kw name="Should Be Equal As Numbers" owner="BuiltIn">
<arg>${json_data['results'][0]['location']['postcode']}</arg>
<arg>${json_data['results'][0]['location']['postcode']}</arg>
<doc>Fails if objects are unequal after converting them to real numbers.</doc>
<status status="PASS" start="2024-06-04T02:30:21.901040" elapsed="0.000693"/>
</kw>
<kw name="Log" owner="BuiltIn">
<msg time="2024-06-04T02:30:21.902272" level="INFO">21803</msg>
<arg>${json_data['results'][0]['location']['postcode']}</arg>
<doc>Logs the given message with the given level.</doc>
<status status="PASS" start="2024-06-04T02:30:21.901930" elapsed="0.000383"/>
</kw>
<status status="PASS" start="2024-06-04T02:30:21.812031" elapsed="0.090535"/>
</kw>
<doc>Testa se os tipos de dados na resposta da API estão corretos.</doc>
<tag>testeTiposDados</tag>
<status status="PASS" start="2024-06-04T02:30:21.726609" elapsed="0.176118"/>
</test>
<test id="s1-s1-t5" name="Validar conteudo" line="35">
<kw name="Teste de Tipos de Conteudo" owner="random-user-service">
<kw name="GET On Session" owner="RequestsLibrary">
<msg time="2024-06-04T02:30:22.006396" level="INFO">GET Request : url=https://randomuser.me/api 
 path_url=/api 
 headers={'User-Agent': 'python-requests/2.32.3', 'Accept-Encoding': 'gzip, deflate', 'Accept': '*/*', 'Connection': 'keep-alive'} 
 body=None 
 </msg>
<msg time="2024-06-04T02:30:22.006460" level="INFO">GET Response : url=https://randomuser.me/api 
 status=200, reason=OK 
 headers={'Date': 'Tue, 04 Jun 2024 02:30:22 GMT', 'Content-Type': 'application/json; charset=utf-8', 'Transfer-Encoding': 'chunked', 'Connection': 'keep-alive', 'X-Powered-By': 'Express', 'Access-Control-Allow-Origin': '*', 'Cache-Control': 'no-cache', 'ETag': 'W/"461-TLsgHhi1iorratDKAf9JyyqEsbw"', 'Vary': 'Accept-Encoding', 'Content-Encoding': 'gzip', 'CF-Cache-Status': 'DYNAMIC', 'Report-To': '{"endpoints":[{"url":"https:\\/\\/a.nel.cloudflare.com\\/report\\/v4?s=vLvTGTUa54xHokHzLpXlivVcdQFDo4r3qOgS9BxFpBOGHwSpyU35B53Vj4wr9%2FNQJD4fLU5CfeRgQljmfPx0WTodb3O2vhlNBjz%2B0GfUXjIchoeIHYPFTmLB20yR65gp"}],"group":"cf-nel","max_age":604800}', 'NEL': '{"success_fraction":0,"report_to":"cf-nel","max_age":604800}', 'Server': 'cloudflare', 'CF-RAY': '88e48022ec7c2084-IAD', 'alt-svc': 'h3=":443"; ma=86400'} 
 body={"results":[{"gender":"male","name":{"title":"Mr","first":"Ayub","last":"Fjelde"},"location":{"street":{"number":1925,"name":"Holtveien"},"city":"Knarvik","state":"Trøndelag","country":"Norway","postcode":"5054","coordinates":{"latitude":"44.8794","longitude":"-119.1897"},"timezone":{"offset":"-10:00","description":"Hawaii"}},"email":"ayub.fjelde@example.com","login":{"uuid":"131356e1-74ff-4723-9660-a2edf26669c7","username":"happybird678","password":"goodluck","salt":"Ct88Diot","md5":"bfd5205c971ee0472d9ad88c571a4be2","sha1":"518fbbed41525ffebe7071ab8dc73edbbcf33c58","sha256":"dff953329c9daf6396226fe8249e2c627012f21ed8c13c88e542e589165ae0d0"},"dob":{"date":"1953-11-25T05:50:09.251Z","age":70},"registered":{"date":"2020-03-14T06:16:31.054Z","age":4},"phone":"81443674","cell":"41441907","id":{"name":"FN","value":"25115303107"},"picture":{"large":"https://randomuser.me/api/portraits/men/83.jpg","medium":"https://randomuser.me/api/portraits/med/men/83.jpg","thumbnail":"https://randomuser.me/api/portraits/thumb/men/83.jpg"},"nat":"NO"}],"info":{"seed":"fdf5a5b4a7f6da6a","results":1,"page":1,"version":"1.4"}} 
 </msg>
<msg time="2024-06-04T02:30:22.006518" level="INFO">/opt/hostedtoolcache/Python/3.12.3/x64/lib/python3.12/site-packages/urllib3/connectionpool.py:1103: InsecureRequestWarning: Unverified HTTPS request is being made to host 'randomuser.me'. Adding certificate verification is strongly advised. See: https://urllib3.readthedocs.io/en/latest/advanced-usage.html#tls-warnings
  warnings.warn(</msg>
<msg time="2024-06-04T02:30:22.006605" level="INFO">${response} = &lt;Response [200]&gt;</msg>
<var>${response}</var>
<arg>consultarAPI</arg>
<arg>/api</arg>
<doc>Sends a GET request on a previously created HTTP Session.</doc>
<status status="PASS" start="2024-06-04T02:30:21.905492" elapsed="0.101143"/>
</kw>
<kw name="Set Variable" owner="BuiltIn">
<msg time="2024-06-04T02:30:22.007453" level="INFO">${json_data} = {'results': [{'gender': 'male', 'name': {'title': 'Mr', 'first': 'Ayub', 'last': 'Fjelde'}, 'location': {'street': {'number': 1925, 'name': 'Holtveien'}, 'city': 'Knarvik', 'state': 'Trøndelag', 'coun...</msg>
<var>${json_data}</var>
<arg>${response.json()}</arg>
<doc>Returns the given values which can then be assigned to a variables.</doc>
<status status="PASS" start="2024-06-04T02:30:22.007009" elapsed="0.000472"/>
</kw>
<kw name="Set Variable" owner="BuiltIn">
<msg time="2024-06-04T02:30:22.008165" level="INFO">${name_title} = Mr</msg>
<var>${name_title}</var>
<arg>${json_data["results"][0]["name"]["title"]}</arg>
<doc>Returns the given values which can then be assigned to a variables.</doc>
<status status="PASS" start="2024-06-04T02:30:22.007784" elapsed="0.000405"/>
</kw>
<kw name="Create List" owner="BuiltIn">
<msg time="2024-06-04T02:30:22.008638" level="INFO">${allowed_titles} = ['Mr', 'Ms', 'Miss', 'Mrs', 'Madame', 'Monsieur']</msg>
<var>${allowed_titles}</var>
<arg>Mr</arg>
<arg>Ms</arg>
<arg>Miss</arg>
<arg>Mrs</arg>
<arg>Madame</arg>
<arg>Monsieur</arg>
<doc>Returns a list containing given items.</doc>
<status status="PASS" start="2024-06-04T02:30:22.008489" elapsed="0.000172"/>
</kw>
<kw name="List Should Contain Value" owner="Collections">
<msg time="2024-06-04T02:30:22.009134" level="INFO">False</msg>
<arg>${allowed_titles}</arg>
<arg>${name_title}</arg>
<doc>Fails if the ``value`` is not found from ``list``.</doc>
<status status="PASS" start="2024-06-04T02:30:22.008960" elapsed="0.000210"/>
</kw>
<kw name="Set Variable" owner="BuiltIn">
<msg time="2024-06-04T02:30:22.010031" level="INFO">${name_country} = NO</msg>
<var>${name_country}</var>
<arg>${json_data["results"][0]["nat"]}</arg>
<doc>Returns the given values which can then be assigned to a variables.</doc>
<status status="PASS" start="2024-06-04T02:30:22.009524" elapsed="0.000533"/>
</kw>
<kw name="Create List" owner="BuiltIn">
<msg time="2024-06-04T02:30:22.010962" level="INFO">${list_country} = ['AD', 'AE', 'AF', 'AG', 'AI', 'AL', 'AM', 'AO', 'AQ', 'AR', 'AS', 'AT', 'AU', 'AW', 'AX', 'AZ', 'BA', 'BB', 'BD', 'BE', 'BF', 'BG', 'BH', 'BI', 'BJ', 'BL', 'BM', 'BN', 'BO', 'BQ', 'BR', 'BS', 'BT', '...</msg>
<var>${list_country}</var>
<arg>AD</arg>
<arg>AE</arg>
<arg>AF</arg>
<arg>AG</arg>
<arg>AI</arg>
<arg>AL</arg>
<arg>AM</arg>
<arg>AO</arg>
<arg>AQ</arg>
<arg>AR</arg>
<arg>AS</arg>
<arg>AT</arg>
<arg>AU</arg>
<arg>AW</arg>
<arg>AX</arg>
<arg>AZ</arg>
<arg>BA</arg>
<arg>BB</arg>
<arg>BD</arg>
<arg>BE</arg>
<arg>BF</arg>
<arg>BG</arg>
<arg>BH</arg>
<arg>BI</arg>
<arg>BJ</arg>
<arg>BL</arg>
<arg>BM</arg>
<arg>BN</arg>
<arg>BO</arg>
<arg>BQ</arg>
<arg>BR</arg>
<arg>BS</arg>
<arg>BT</arg>
<arg>BV</arg>
<arg>BW</arg>
<arg>BY</arg>
<arg>BZ</arg>
<arg>CA</arg>
<arg>CC</arg>
<arg>CD</arg>
<arg>CF</arg>
<arg>CG</arg>
<arg>CH</arg>
<arg>CI</arg>
<arg>CK</arg>
<arg>CL</arg>
<arg>CM</arg>
<arg>CN</arg>
<arg>CO</arg>
<arg>CR</arg>
<arg>CU</arg>
<arg>CV</arg>
<arg>CW</arg>
<arg>CX</arg>
<arg>CY</arg>
<arg>CZ</arg>
<arg>DE</arg>
<arg>DJ</arg>
<arg>DK</arg>
<arg>DM</arg>
<arg>DO</arg>
<arg>DZ</arg>
<arg>EC</arg>
<arg>EE</arg>
<arg>EG</arg>
<arg>EH</arg>
<arg>ER</arg>
<arg>ES</arg>
<arg>ET</arg>
<arg>FI</arg>
<arg>FJ</arg>
<arg>FK</arg>
<arg>FM</arg>
<arg>FO</arg>
<arg>FR</arg>
<arg>GA</arg>
<arg>GB</arg>
<arg>GD</arg>
<arg>GE</arg>
<arg>GF</arg>
<arg>GG</arg>
<arg>GH</arg>
<arg>GI</arg>
<arg>GL</arg>
<arg>GM</arg>
<arg>GN</arg>
<arg>GP</arg>
<arg>GQ</arg>
<arg>GR</arg>
<arg>GS</arg>
<arg>GT</arg>
<arg>GU</arg>
<arg>GW</arg>
<arg>GY</arg>
<arg>HK</arg>
<arg>HM</arg>
<arg>HN</arg>
<arg>HR</arg>
<arg>HT</arg>
<arg>HU</arg>
<arg>ID</arg>
<arg>IE</arg>
<arg>IL</arg>
<arg>IM</arg>
<arg>IN</arg>
<arg>IO</arg>
<arg>IQ</arg>
<arg>IR</arg>
<arg>IS</arg>
<arg>IT</arg>
<arg>JE</arg>
<arg>JM</arg>
<arg>JO</arg>
<arg>JP</arg>
<arg>KE</arg>
<arg>KG</arg>
<arg>KH</arg>
<arg>KI</arg>
<arg>KM</arg>
<arg>KN</arg>
<arg>KP</arg>
<arg>KR</arg>
<arg>KW</arg>
<arg>KY</arg>
<arg>KZ</arg>
<arg>LA</arg>
<arg>LB</arg>
<arg>LC</arg>
<arg>LI</arg>
<arg>LK</arg>
<arg>LR</arg>
<arg>LS</arg>
<arg>LT</arg>
<arg>LU</arg>
<arg>LV</arg>
<arg>LY</arg>
<arg>MA</arg>
<arg>MC</arg>
<arg>MD</arg>
<arg>ME</arg>
<arg>MF</arg>
<arg>MG</arg>
<arg>MH</arg>
<arg>MK</arg>
<arg>ML</arg>
<arg>MM</arg>
<arg>MN</arg>
<arg>MO</arg>
<arg>MP</arg>
<arg>MQ</arg>
<arg>MR</arg>
<arg>MS</arg>
<arg>MT</arg>
<arg>MU</arg>
<arg>MV</arg>
<arg>MW</arg>
<arg>MX</arg>
<arg>MY</arg>
<arg>MZ</arg>
<arg>NA</arg>
<arg>NC</arg>
<arg>NE</arg>
<arg>NF</arg>
<arg>NG</arg>
<arg>NI</arg>
<arg>NL</arg>
<arg>NO</arg>
<arg>NP</arg>
<arg>NR</arg>
<arg>NU</arg>
<arg>NZ</arg>
<arg>OM</arg>
<arg>PA</arg>
<arg>PE</arg>
<arg>PF</arg>
<arg>PG</arg>
<arg>PH</arg>
<arg>PK</arg>
<arg>PL</arg>
<arg>PM</arg>
<arg>PN</arg>
<arg>PR</arg>
<arg>PS</arg>
<arg>PT</arg>
<arg>PW</arg>
<arg>PY</arg>
<arg>QA</arg>
<arg>RE</arg>
<arg>RO</arg>
<arg>RS</arg>
<arg>RU</arg>
<arg>RW</arg>
<arg>SA</arg>
<arg>SB</arg>
<arg>SC</arg>
<arg>SD</arg>
<arg>SE</arg>
<arg>SG</arg>
<arg>SH</arg>
<arg>SI</arg>
<arg>SJ</arg>
<arg>SK</arg>
<arg>SL</arg>
<arg>SM</arg>
<arg>SN</arg>
<arg>SO</arg>
<arg>SR</arg>
<arg>SS</arg>
<arg>ST</arg>
<arg>SV</arg>
<arg>SX</arg>
<arg>SY</arg>
<arg>SZ</arg>
<arg>TC</arg>
<arg>TD</arg>
<arg>TF</arg>
<arg>TG</arg>
<arg>TH</arg>
<arg>TJ</arg>
<arg>TK</arg>
<arg>TL</arg>
<arg>TM</arg>
<arg>TN</arg>
<arg>TO</arg>
<arg>TR</arg>
<arg>TT</arg>
<arg>TV</arg>
<arg>TW</arg>
<arg>TZ</arg>
<arg>UA</arg>
<arg>UG</arg>
<arg>UM</arg>
<arg>US</arg>
<arg>UY</arg>
<arg>UZ</arg>
<arg>VA</arg>
<arg>VC</arg>
<arg>VE</arg>
<arg>VG</arg>
<arg>VI</arg>
<arg>VN</arg>
<arg>VU</arg>
<arg>WF</arg>
<arg>WS</arg>
<arg>XK</arg>
<arg>YE</arg>
<arg>YT</arg>
<arg>ZA</arg>
<arg>ZM</arg>
<arg>ZW</arg>
<doc>Returns a list containing given items.</doc>
<status status="PASS" start="2024-06-04T02:30:22.010370" elapsed="0.000617"/>
</kw>
<kw name="List Should Contain Value" owner="Collections">
<msg time="2024-06-04T02:30:22.011968" level="INFO">False</msg>
<arg>${list_country}</arg>
<arg>${name_country}</arg>
<doc>Fails if the ``value`` is not found from ``list``.</doc>
<status status="PASS" start="2024-06-04T02:30:22.011768" elapsed="0.000235"/>
</kw>
<kw name="Run Keyword If" owner="BuiltIn">
<kw name="Should Be True" owner="BuiltIn">
<arg>${True}</arg>
<doc>Fails if the given condition is not true.</doc>
<status status="PASS" start="2024-06-04T02:30:22.013035" elapsed="0.000141"/>
</kw>
<arg>${json_data["results"][0]["location"]["coordinates"]["latitude"]} &gt;= -90 and ${json_data["results"][0]["location"]["coordinates"]["latitude"]} &lt;= 90</arg>
<arg>Should Be True</arg>
<arg>${True}</arg>
<doc>Runs the given keyword with the given arguments, if ``condition`` is true.</doc>
<status status="PASS" start="2024-06-04T02:30:22.012314" elapsed="0.000988"/>
</kw>
<kw name="Run Keyword If" owner="BuiltIn">
<kw name="Should Be True" owner="BuiltIn">
<arg>${True}</arg>
<doc>Fails if the given condition is not true.</doc>
<status status="PASS" start="2024-06-04T02:30:22.014212" elapsed="0.000135"/>
</kw>
<arg>${json_data["results"][0]["location"]["coordinates"]["longitude"]} &gt;= -180 and ${json_data["results"][0]["location"]["coordinates"]["longitude"]} &lt;= 180</arg>
<arg>Should Be True</arg>
<arg>${True}</arg>
<doc>Runs the given keyword with the given arguments, if ``condition`` is true.</doc>
<status status="PASS" start="2024-06-04T02:30:22.013526" elapsed="0.000942"/>
</kw>
<status status="PASS" start="2024-06-04T02:30:21.905089" elapsed="0.109502"/>
</kw>
<doc>Testa o conteúdo específico dos campos retornados pela API.</doc>
<tag>testeConteudo</tag>
<status status="PASS" start="2024-06-04T02:30:21.904451" elapsed="0.110277"/>
</test>
<status status="PASS" start="2024-06-04T02:30:21.126729" elapsed="0.889877"/>
</suite>
<status status="PASS" start="2024-06-04T02:30:21.113341" elapsed="0.908451"/>
</suite>
<statistics>
<total>
<stat pass="5" fail="0" skip="0">All Tests</stat>
</total>
<tag>
<stat pass="1" fail="0" skip="0">testeConteudo</stat>
<stat pass="1" fail="0" skip="0">testeEstruturaResposta</stat>
<stat pass="1" fail="0" skip="0">testeRequisicaoBasica</stat>
<stat pass="1" fail="0" skip="0">testeTiposDados</stat>
</tag>
<suite>
<stat pass="5" fail="0" skip="0" id="s1" name="Tests">Tests</stat>
<stat pass="5" fail="0" skip="0" id="s1-s1" name="Random-User-Test">Tests.Random-User-Test</stat>
</suite>
</statistics>
<errors>
</errors>
</robot>
