<?xml version="1.0" encoding="UTF-8"?>
<robot generator="Robot 7.0 (Python 3.12.3 on linux)" generated="2024-04-29T20:15:00.346275" rpa="false" schemaversion="5">
<suite id="s1" name="Tests" source="/home/runner/work/DesafioQAItauRogerioJordao/DesafioQAItauRogerioJordao/RamdonUser/tests">
<suite id="s1-s1" name="Random-User-Test" source="/home/runner/work/DesafioQAItauRogerioJordao/DesafioQAItauRogerioJordao/RamdonUser/tests/random-user-test.robot">
<test id="s1-s1-t1" name="Conectar" line="13">
<kw name="Conectar API" owner="random-user-service">
<kw name="Create Session" owner="RequestsLibrary">
<msg time="2024-04-29T20:15:00.769069" level="INFO">Creating Session using : alias=consultarAPI, url=https://randomuser.me/, headers={},                     cookies={}, auth=None, timeout=None, proxies=None, verify=False,                     debug=0 </msg>
<arg>consultarAPI</arg>
<arg>${URL}</arg>
<doc>Create Session: create a HTTP session to a server</doc>
<status status="PASS" start="2024-04-29T20:15:00.768868" elapsed="0.000414"/>
</kw>
<status status="PASS" start="2024-04-29T20:15:00.767874" elapsed="0.001780"/>
</kw>
<status status="PASS" start="2024-04-29T20:15:00.767295" elapsed="0.002553"/>
</test>
<test id="s1-s1-t2" name="Validar retorno 200 e JSON Válido" line="16">
<kw name="Teste de Requisicao Basica" owner="random-user-service">
<kw name="GET On Session" owner="RequestsLibrary">
<msg time="2024-04-29T20:15:00.973728" level="INFO">GET Request : url=https://randomuser.me/api 
 path_url=/api 
 headers={'User-Agent': 'python-requests/2.31.0', 'Accept-Encoding': 'gzip, deflate', 'Accept': '*/*', 'Connection': 'keep-alive'} 
 body=None 
 </msg>
<msg time="2024-04-29T20:15:00.973874" level="INFO">GET Response : url=https://randomuser.me/api 
 status=200, reason=OK 
 headers={'Date': 'Mon, 29 Apr 2024 20:15:00 GMT', 'Content-Type': 'application/json; charset=utf-8', 'Transfer-Encoding': 'chunked', 'Connection': 'keep-alive', 'X-Powered-By': 'Express', 'Access-Control-Allow-Origin': '*', 'Cache-Control': 'no-cache', 'ETag': 'W/"48f-yLZf0ocwk5KTtKsPeOLD6D899Eo"', 'Vary': 'Accept-Encoding', 'Content-Encoding': 'gzip', 'CF-Cache-Status': 'DYNAMIC', 'Report-To': '{"endpoints":[{"url":"https:\\/\\/a.nel.cloudflare.com\\/report\\/v4?s=yWUPTLxn1CeAC%2F8p3ZanJU1Z6xYf%2F19YK%2FCvktS5NQwRoyR7dE35n%2BGgABh4EWxvgw6goCNo%2BvBkk0fbtGvU7h%2B2J9T4PZSjotIqBo2GnPjZ9ORhFWHxcb%2Bo2yFjccn%2F"}],"group":"cf-nel","max_age":604800}', 'NEL': '{"success_fraction":0,"report_to":"cf-nel","max_age":604800}', 'Server': 'cloudflare', 'CF-RAY': '87c1f62ebe301197-ORD', 'alt-svc': 'h3=":443"; ma=86400'} 
 body={"results":[{"gender":"female","name":{"title":"Ms","first":"Rosario","last":"Luevano"},"location":{"street":{"number":8862,"name":"Circuito Tabasco"},"city":"Tulum","state":"Queretaro","country":"Mexico","postcode":59224,"coordinates":{"latitude":"24.6905","longitude":"53.3381"},"timezone":{"offset":"-11:00","description":"Midway Island, Samoa"}},"email":"rosario.luevano@example.com","login":{"uuid":"d8b0e6ea-8a50-4b51-a670-bc570aeb8972","username":"angrypanda823","password":"johanna","salt":"NwdSufkB","md5":"5a41206abb5cde45332da4fd14a8a2ba","sha1":"0b2bdc52dccb6948b180c2b745c9b4629c83e00c","sha256":"319aa3b6346774faed464d1675e8885e2ab0f01cad722754a704b034d4050c78"},"dob":{"date":"1963-08-03T17:55:08.966Z","age":60},"registered":{"date":"2011-05-31T22:21:23.489Z","age":12},"phone":"(669) 755 4129","cell":"(646) 203 0790","id":{"name":"NSS","value":"13 82 13 2065 8"},"picture":{"large":"https://randomuser.me/api/portraits/women/2.jpg","medium":"https://randomuser.me/api/portraits/med/women/2.jpg","thumbnail":"https://randomuser.me/api/portraits/thumb/women/2.jpg"},"nat":"MX"}],"info":{"seed":"059b88a226a31e4b","results":1,"page":1,"version":"1.4"}} 
 </msg>
<msg time="2024-04-29T20:15:00.973956" level="INFO">/opt/hostedtoolcache/Python/3.12.3/x64/lib/python3.12/site-packages/urllib3/connectionpool.py:1103: InsecureRequestWarning: Unverified HTTPS request is being made to host 'randomuser.me'. Adding certificate verification is strongly advised. See: https://urllib3.readthedocs.io/en/latest/advanced-usage.html#tls-warnings
  warnings.warn(</msg>
<msg time="2024-04-29T20:15:00.974108" level="INFO">${response} = &lt;Response [200]&gt;</msg>
<var>${response}</var>
<arg>consultarAPI</arg>
<arg>/api</arg>
<doc>Sends a GET request on a previously created HTTP Session.</doc>
<status status="PASS" start="2024-04-29T20:15:00.772484" elapsed="0.201666"/>
</kw>
<kw name="Should Be Equal As Numbers" owner="BuiltIn">
<msg time="2024-04-29T20:15:00.975165" level="INFO">Argument types are:
&lt;class 'int'&gt;
&lt;class 'str'&gt;</msg>
<arg>${response.status_code}</arg>
<arg>200</arg>
<doc>Fails if objects are unequal after converting them to real numbers.</doc>
<status status="PASS" start="2024-04-29T20:15:00.974704" elapsed="0.000528"/>
</kw>
<kw name="Log" owner="BuiltIn">
<msg time="2024-04-29T20:15:00.975941" level="INFO">200</msg>
<arg>${response.status_code}</arg>
<doc>Logs the given message with the given level.</doc>
<status status="PASS" start="2024-04-29T20:15:00.975582" elapsed="0.000402"/>
</kw>
<kw name="Set Variable" owner="BuiltIn">
<msg time="2024-04-29T20:15:00.976735" level="INFO">${json_data} = {'results': [{'gender': 'female', 'name': {'title': 'Ms', 'first': 'Rosario', 'last': 'Luevano'}, 'location': {'street': {'number': 8862, 'name': 'Circuito Tabasco'}, 'city': 'Tulum', 'state': 'Queret...</msg>
<var>${json_data}</var>
<arg>${response.json()}</arg>
<doc>Returns the given values which can then be assigned to a variables.</doc>
<status status="PASS" start="2024-04-29T20:15:00.976289" elapsed="0.000475"/>
</kw>
<kw name="Dictionary Should Contain Key" owner="Collections">
<msg time="2024-04-29T20:15:00.977233" level="INFO">False</msg>
<arg>${json_data}</arg>
<arg>results</arg>
<doc>Fails if ``key`` is not found from ``dictionary``.</doc>
<status status="PASS" start="2024-04-29T20:15:00.977068" elapsed="0.000232"/>
</kw>
<status status="PASS" start="2024-04-29T20:15:00.772240" elapsed="0.205327"/>
</kw>
<doc>Testa se a API responde corretamente e retorna um objeto JSON válido.</doc>
<tag>testeRequisicaoBasica</tag>
<status status="PASS" start="2024-04-29T20:15:00.771755" elapsed="0.206001"/>
</test>
<test id="s1-s1-t3" name="Validar estrutura de resposta" line="22">
<kw name="Teste de Estrutura de Resposta" owner="random-user-service">
<kw name="GET On Session" owner="RequestsLibrary">
<msg time="2024-04-29T20:15:01.075066" level="INFO">GET Request : url=https://randomuser.me/api 
 path_url=/api 
 headers={'User-Agent': 'python-requests/2.31.0', 'Accept-Encoding': 'gzip, deflate', 'Accept': '*/*', 'Connection': 'keep-alive'} 
 body=None 
 </msg>
<msg time="2024-04-29T20:15:01.075165" level="INFO">GET Response : url=https://randomuser.me/api 
 status=200, reason=OK 
 headers={'Date': 'Mon, 29 Apr 2024 20:15:01 GMT', 'Content-Type': 'application/json; charset=utf-8', 'Transfer-Encoding': 'chunked', 'Connection': 'keep-alive', 'X-Powered-By': 'Express', 'Access-Control-Allow-Origin': '*', 'Cache-Control': 'no-cache', 'ETag': 'W/"494-xq4sgUUZ08OOrBatR2s7ILfiSYA"', 'Vary': 'Accept-Encoding', 'Content-Encoding': 'gzip', 'CF-Cache-Status': 'DYNAMIC', 'Report-To': '{"endpoints":[{"url":"https:\\/\\/a.nel.cloudflare.com\\/report\\/v4?s=%2FvNERCup2YztiZVzdnYngLH48tnQWH%2FN7uBWASTTaRXw9P%2BpPriuv8FDPeBvjF8ZtgmYUBda%2FIE41oDnPxH69O7RmzcI6uSxKPAWHnuTx5d7XbXkBkOwdEnLdExrgtqE"}],"group":"cf-nel","max_age":604800}', 'NEL': '{"success_fraction":0,"report_to":"cf-nel","max_age":604800}', 'Server': 'cloudflare', 'CF-RAY': '87c1f62f2ec41197-ORD', 'alt-svc': 'h3=":443"; ma=86400'} 
 body={"results":[{"gender":"female","name":{"title":"Miss","first":"Tomine","last":"Aglen"},"location":{"street":{"number":1044,"name":"Nordengstubben"},"city":"Hansnes","state":"Hordaland","country":"Norway","postcode":"4262","coordinates":{"latitude":"43.1614","longitude":"174.1887"},"timezone":{"offset":"-6:00","description":"Central Time (US &amp; Canada), Mexico City"}},"email":"tomine.aglen@example.com","login":{"uuid":"e0431935-1bd3-4adb-885d-1796d151b696","username":"ticklishbird499","password":"fishing1","salt":"RZnO1TpG","md5":"3c8157e7a5e21545376d054f671048f4","sha1":"5fd084d4420a138406c8c4a0ff0f47baf246d7f3","sha256":"4acfee5b380d8028c822022be7df05397b1593ec84014a0c0e5188530dd0ff78"},"dob":{"date":"1976-11-18T13:34:10.530Z","age":47},"registered":{"date":"2010-05-21T21:37:50.873Z","age":13},"phone":"23074533","cell":"99992511","id":{"name":"FN","value":"18117636026"},"picture":{"large":"https://randomuser.me/api/portraits/women/80.jpg","medium":"https://randomuser.me/api/portraits/med/women/80.jpg","thumbnail":"https://randomuser.me/api/portraits/thumb/women/80.jpg"},"nat":"NO"}],"info":{"seed":"c6cb3d2c9d542da7","results":1,"page":1,"version":"1.4"}} 
 </msg>
<msg time="2024-04-29T20:15:01.075290" level="INFO">/opt/hostedtoolcache/Python/3.12.3/x64/lib/python3.12/site-packages/urllib3/connectionpool.py:1103: InsecureRequestWarning: Unverified HTTPS request is being made to host 'randomuser.me'. Adding certificate verification is strongly advised. See: https://urllib3.readthedocs.io/en/latest/advanced-usage.html#tls-warnings
  warnings.warn(</msg>
<msg time="2024-04-29T20:15:01.075422" level="INFO">${response} = &lt;Response [200]&gt;</msg>
<var>${response}</var>
<arg>consultarAPI</arg>
<arg>/api</arg>
<doc>Sends a GET request on a previously created HTTP Session.</doc>
<status status="PASS" start="2024-04-29T20:15:00.980344" elapsed="0.095118"/>
</kw>
<kw name="Set Variable" owner="BuiltIn">
<msg time="2024-04-29T20:15:01.076649" level="INFO">${json_data} = {'results': [{'gender': 'female', 'name': {'title': 'Miss', 'first': 'Tomine', 'last': 'Aglen'}, 'location': {'street': {'number': 1044, 'name': 'Nordengstubben'}, 'city': 'Hansnes', 'state': 'Hordala...</msg>
<var>${json_data}</var>
<arg>${response.json()}</arg>
<doc>Returns the given values which can then be assigned to a variables.</doc>
<status status="PASS" start="2024-04-29T20:15:01.076065" elapsed="0.000614"/>
</kw>
<kw name="Log" owner="BuiltIn">
<msg time="2024-04-29T20:15:01.077156" level="INFO">{'results': [{'gender': 'female', 'name': {'title': 'Miss', 'first': 'Tomine', 'last': 'Aglen'}, 'location': {'street': {'number': 1044, 'name': 'Nordengstubben'}, 'city': 'Hansnes', 'state': 'Hordaland', 'country': 'Norway', 'postcode': '4262', 'coordinates': {'latitude': '43.1614', 'longitude': '174.1887'}, 'timezone': {'offset': '-6:00', 'description': 'Central Time (US &amp; Canada), Mexico City'}}, 'email': 'tomine.aglen@example.com', 'login': {'uuid': 'e0431935-1bd3-4adb-885d-1796d151b696', 'username': 'ticklishbird499', 'password': 'fishing1', 'salt': 'RZnO1TpG', 'md5': '3c8157e7a5e21545376d054f671048f4', 'sha1': '5fd084d4420a138406c8c4a0ff0f47baf246d7f3', 'sha256': '4acfee5b380d8028c822022be7df05397b1593ec84014a0c0e5188530dd0ff78'}, 'dob': {'date': '1976-11-18T13:34:10.530Z', 'age': 47}, 'registered': {'date': '2010-05-21T21:37:50.873Z', 'age': 13}, 'phone': '23074533', 'cell': '99992511', 'id': {'name': 'FN', 'value': '18117636026'}, 'picture': {'large': 'https://randomuser.me/api/portraits/women/80.jpg', 'medium': 'https://randomuser.me/api/portraits/med/women/80.jpg', 'thumbnail': 'https://randomuser.me/api/portraits/thumb/women/80.jpg'}, 'nat': 'NO'}], 'info': {'seed': 'c6cb3d2c9d542da7', 'results': 1, 'page': 1, 'version': '1.4'}}</msg>
<arg>${json_data}</arg>
<doc>Logs the given message with the given level.</doc>
<status status="PASS" start="2024-04-29T20:15:01.076994" elapsed="0.000214"/>
</kw>
<kw name="Dictionary Should Contain Key" owner="Collections">
<msg time="2024-04-29T20:15:01.077726" level="INFO">False</msg>
<arg>${json_data}</arg>
<arg>results</arg>
<doc>Fails if ``key`` is not found from ``dictionary``.</doc>
<status status="PASS" start="2024-04-29T20:15:01.077567" elapsed="0.000197"/>
</kw>
<kw name="Should Not Be Empty" owner="BuiltIn">
<msg time="2024-04-29T20:15:01.078207" level="INFO">Length is 2.</msg>
<arg>${json_data}</arg>
<doc>Verifies that the given item is not empty.</doc>
<status status="PASS" start="2024-04-29T20:15:01.078072" elapsed="0.000174"/>
</kw>
<kw name="Create List" owner="BuiltIn">
<msg time="2024-04-29T20:15:01.078849" level="INFO">${expected_keys} = ['gender', 'name', 'location', 'email', 'login']</msg>
<var>${expected_keys}</var>
<arg>gender</arg>
<arg>name</arg>
<arg>location</arg>
<arg>email</arg>
<arg>login</arg>
<doc>Returns a list containing given items.</doc>
<status status="PASS" start="2024-04-29T20:15:01.078533" elapsed="0.000341"/>
</kw>
<for flavor="IN">
<iter>
<kw name="Dictionary Should Contain Key" owner="Collections">
<msg time="2024-04-29T20:15:01.079865" level="INFO">False</msg>
<arg>${json_data['results'][0]}</arg>
<arg>${key}</arg>
<doc>Fails if ``key`` is not found from ``dictionary``.</doc>
<status status="PASS" start="2024-04-29T20:15:01.079461" elapsed="0.000442"/>
</kw>
<kw name="Log" owner="BuiltIn">
<msg time="2024-04-29T20:15:01.080574" level="INFO">{'gender': 'female', 'name': {'title': 'Miss', 'first': 'Tomine', 'last': 'Aglen'}, 'location': {'street': {'number': 1044, 'name': 'Nordengstubben'}, 'city': 'Hansnes', 'state': 'Hordaland', 'country': 'Norway', 'postcode': '4262', 'coordinates': {'latitude': '43.1614', 'longitude': '174.1887'}, 'timezone': {'offset': '-6:00', 'description': 'Central Time (US &amp; Canada), Mexico City'}}, 'email': 'tomine.aglen@example.com', 'login': {'uuid': 'e0431935-1bd3-4adb-885d-1796d151b696', 'username': 'ticklishbird499', 'password': 'fishing1', 'salt': 'RZnO1TpG', 'md5': '3c8157e7a5e21545376d054f671048f4', 'sha1': '5fd084d4420a138406c8c4a0ff0f47baf246d7f3', 'sha256': '4acfee5b380d8028c822022be7df05397b1593ec84014a0c0e5188530dd0ff78'}, 'dob': {'date': '1976-11-18T13:34:10.530Z', 'age': 47}, 'registered': {'date': '2010-05-21T21:37:50.873Z', 'age': 13}, 'phone': '23074533', 'cell': '99992511', 'id': {'name': 'FN', 'value': '18117636026'}, 'picture': {'large': 'https://randomuser.me/api/portraits/women/80.jpg', 'medium': 'https://randomuser.me/api/portraits/med/women/80.jpg', 'thumbnail': 'https://randomuser.me/api/portraits/thumb/women/80.jpg'}, 'nat': 'NO'}</msg>
<arg>${json_data['results'][0]}</arg>
<doc>Logs the given message with the given level.</doc>
<status status="PASS" start="2024-04-29T20:15:01.080204" elapsed="0.000419"/>
</kw>
<kw name="Log" owner="BuiltIn">
<msg time="2024-04-29T20:15:01.081045" level="INFO">gender</msg>
<arg>${key}</arg>
<doc>Logs the given message with the given level.</doc>
<status status="PASS" start="2024-04-29T20:15:01.080917" elapsed="0.000166"/>
</kw>
<var name="${key}">gender</var>
<status status="PASS" start="2024-04-29T20:15:01.079335" elapsed="0.001990"/>
</iter>
<iter>
<kw name="Dictionary Should Contain Key" owner="Collections">
<msg time="2024-04-29T20:15:01.082020" level="INFO">False</msg>
<arg>${json_data['results'][0]}</arg>
<arg>${key}</arg>
<doc>Fails if ``key`` is not found from ``dictionary``.</doc>
<status status="PASS" start="2024-04-29T20:15:01.081634" elapsed="0.000424"/>
</kw>
<kw name="Log" owner="BuiltIn">
<msg time="2024-04-29T20:15:01.082759" level="INFO">{'gender': 'female', 'name': {'title': 'Miss', 'first': 'Tomine', 'last': 'Aglen'}, 'location': {'street': {'number': 1044, 'name': 'Nordengstubben'}, 'city': 'Hansnes', 'state': 'Hordaland', 'country': 'Norway', 'postcode': '4262', 'coordinates': {'latitude': '43.1614', 'longitude': '174.1887'}, 'timezone': {'offset': '-6:00', 'description': 'Central Time (US &amp; Canada), Mexico City'}}, 'email': 'tomine.aglen@example.com', 'login': {'uuid': 'e0431935-1bd3-4adb-885d-1796d151b696', 'username': 'ticklishbird499', 'password': 'fishing1', 'salt': 'RZnO1TpG', 'md5': '3c8157e7a5e21545376d054f671048f4', 'sha1': '5fd084d4420a138406c8c4a0ff0f47baf246d7f3', 'sha256': '4acfee5b380d8028c822022be7df05397b1593ec84014a0c0e5188530dd0ff78'}, 'dob': {'date': '1976-11-18T13:34:10.530Z', 'age': 47}, 'registered': {'date': '2010-05-21T21:37:50.873Z', 'age': 13}, 'phone': '23074533', 'cell': '99992511', 'id': {'name': 'FN', 'value': '18117636026'}, 'picture': {'large': 'https://randomuser.me/api/portraits/women/80.jpg', 'medium': 'https://randomuser.me/api/portraits/med/women/80.jpg', 'thumbnail': 'https://randomuser.me/api/portraits/thumb/women/80.jpg'}, 'nat': 'NO'}</msg>
<arg>${json_data['results'][0]}</arg>
<doc>Logs the given message with the given level.</doc>
<status status="PASS" start="2024-04-29T20:15:01.082388" elapsed="0.000422"/>
</kw>
<kw name="Log" owner="BuiltIn">
<msg time="2024-04-29T20:15:01.083245" level="INFO">name</msg>
<arg>${key}</arg>
<doc>Logs the given message with the given level.</doc>
<status status="PASS" start="2024-04-29T20:15:01.083108" elapsed="0.000174"/>
</kw>
<var name="${key}">name</var>
<status status="PASS" start="2024-04-29T20:15:01.081517" elapsed="0.001991"/>
</iter>
<iter>
<kw name="Dictionary Should Contain Key" owner="Collections">
<msg time="2024-04-29T20:15:01.084193" level="INFO">False</msg>
<arg>${json_data['results'][0]}</arg>
<arg>${key}</arg>
<doc>Fails if ``key`` is not found from ``dictionary``.</doc>
<status status="PASS" start="2024-04-29T20:15:01.083802" elapsed="0.000428"/>
</kw>
<kw name="Log" owner="BuiltIn">
<msg time="2024-04-29T20:15:01.084879" level="INFO">{'gender': 'female', 'name': {'title': 'Miss', 'first': 'Tomine', 'last': 'Aglen'}, 'location': {'street': {'number': 1044, 'name': 'Nordengstubben'}, 'city': 'Hansnes', 'state': 'Hordaland', 'country': 'Norway', 'postcode': '4262', 'coordinates': {'latitude': '43.1614', 'longitude': '174.1887'}, 'timezone': {'offset': '-6:00', 'description': 'Central Time (US &amp; Canada), Mexico City'}}, 'email': 'tomine.aglen@example.com', 'login': {'uuid': 'e0431935-1bd3-4adb-885d-1796d151b696', 'username': 'ticklishbird499', 'password': 'fishing1', 'salt': 'RZnO1TpG', 'md5': '3c8157e7a5e21545376d054f671048f4', 'sha1': '5fd084d4420a138406c8c4a0ff0f47baf246d7f3', 'sha256': '4acfee5b380d8028c822022be7df05397b1593ec84014a0c0e5188530dd0ff78'}, 'dob': {'date': '1976-11-18T13:34:10.530Z', 'age': 47}, 'registered': {'date': '2010-05-21T21:37:50.873Z', 'age': 13}, 'phone': '23074533', 'cell': '99992511', 'id': {'name': 'FN', 'value': '18117636026'}, 'picture': {'large': 'https://randomuser.me/api/portraits/women/80.jpg', 'medium': 'https://randomuser.me/api/portraits/med/women/80.jpg', 'thumbnail': 'https://randomuser.me/api/portraits/thumb/women/80.jpg'}, 'nat': 'NO'}</msg>
<arg>${json_data['results'][0]}</arg>
<doc>Logs the given message with the given level.</doc>
<status status="PASS" start="2024-04-29T20:15:01.084522" elapsed="0.000405"/>
</kw>
<kw name="Log" owner="BuiltIn">
<msg time="2024-04-29T20:15:01.085374" level="INFO">location</msg>
<arg>${key}</arg>
<doc>Logs the given message with the given level.</doc>
<status status="PASS" start="2024-04-29T20:15:01.085216" elapsed="0.000204"/>
</kw>
<var name="${key}">location</var>
<status status="PASS" start="2024-04-29T20:15:01.083689" elapsed="0.001949"/>
</iter>
<iter>
<kw name="Dictionary Should Contain Key" owner="Collections">
<msg time="2024-04-29T20:15:01.086315" level="INFO">False</msg>
<arg>${json_data['results'][0]}</arg>
<arg>${key}</arg>
<doc>Fails if ``key`` is not found from ``dictionary``.</doc>
<status status="PASS" start="2024-04-29T20:15:01.085926" elapsed="0.000427"/>
</kw>
<kw name="Log" owner="BuiltIn">
<msg time="2024-04-29T20:15:01.087012" level="INFO">{'gender': 'female', 'name': {'title': 'Miss', 'first': 'Tomine', 'last': 'Aglen'}, 'location': {'street': {'number': 1044, 'name': 'Nordengstubben'}, 'city': 'Hansnes', 'state': 'Hordaland', 'country': 'Norway', 'postcode': '4262', 'coordinates': {'latitude': '43.1614', 'longitude': '174.1887'}, 'timezone': {'offset': '-6:00', 'description': 'Central Time (US &amp; Canada), Mexico City'}}, 'email': 'tomine.aglen@example.com', 'login': {'uuid': 'e0431935-1bd3-4adb-885d-1796d151b696', 'username': 'ticklishbird499', 'password': 'fishing1', 'salt': 'RZnO1TpG', 'md5': '3c8157e7a5e21545376d054f671048f4', 'sha1': '5fd084d4420a138406c8c4a0ff0f47baf246d7f3', 'sha256': '4acfee5b380d8028c822022be7df05397b1593ec84014a0c0e5188530dd0ff78'}, 'dob': {'date': '1976-11-18T13:34:10.530Z', 'age': 47}, 'registered': {'date': '2010-05-21T21:37:50.873Z', 'age': 13}, 'phone': '23074533', 'cell': '99992511', 'id': {'name': 'FN', 'value': '18117636026'}, 'picture': {'large': 'https://randomuser.me/api/portraits/women/80.jpg', 'medium': 'https://randomuser.me/api/portraits/med/women/80.jpg', 'thumbnail': 'https://randomuser.me/api/portraits/thumb/women/80.jpg'}, 'nat': 'NO'}</msg>
<arg>${json_data['results'][0]}</arg>
<doc>Logs the given message with the given level.</doc>
<status status="PASS" start="2024-04-29T20:15:01.086648" elapsed="0.000413"/>
</kw>
<kw name="Log" owner="BuiltIn">
<msg time="2024-04-29T20:15:01.087589" level="INFO">email</msg>
<arg>${key}</arg>
<doc>Logs the given message with the given level.</doc>
<status status="PASS" start="2024-04-29T20:15:01.087395" elapsed="0.000268"/>
</kw>
<var name="${key}">email</var>
<status status="PASS" start="2024-04-29T20:15:01.085815" elapsed="0.002098"/>
</iter>
<iter>
<kw name="Dictionary Should Contain Key" owner="Collections">
<msg time="2024-04-29T20:15:01.088579" level="INFO">False</msg>
<arg>${json_data['results'][0]}</arg>
<arg>${key}</arg>
<doc>Fails if ``key`` is not found from ``dictionary``.</doc>
<status status="PASS" start="2024-04-29T20:15:01.088196" elapsed="0.000421"/>
</kw>
<kw name="Log" owner="BuiltIn">
<msg time="2024-04-29T20:15:01.089291" level="INFO">{'gender': 'female', 'name': {'title': 'Miss', 'first': 'Tomine', 'last': 'Aglen'}, 'location': {'street': {'number': 1044, 'name': 'Nordengstubben'}, 'city': 'Hansnes', 'state': 'Hordaland', 'country': 'Norway', 'postcode': '4262', 'coordinates': {'latitude': '43.1614', 'longitude': '174.1887'}, 'timezone': {'offset': '-6:00', 'description': 'Central Time (US &amp; Canada), Mexico City'}}, 'email': 'tomine.aglen@example.com', 'login': {'uuid': 'e0431935-1bd3-4adb-885d-1796d151b696', 'username': 'ticklishbird499', 'password': 'fishing1', 'salt': 'RZnO1TpG', 'md5': '3c8157e7a5e21545376d054f671048f4', 'sha1': '5fd084d4420a138406c8c4a0ff0f47baf246d7f3', 'sha256': '4acfee5b380d8028c822022be7df05397b1593ec84014a0c0e5188530dd0ff78'}, 'dob': {'date': '1976-11-18T13:34:10.530Z', 'age': 47}, 'registered': {'date': '2010-05-21T21:37:50.873Z', 'age': 13}, 'phone': '23074533', 'cell': '99992511', 'id': {'name': 'FN', 'value': '18117636026'}, 'picture': {'large': 'https://randomuser.me/api/portraits/women/80.jpg', 'medium': 'https://randomuser.me/api/portraits/med/women/80.jpg', 'thumbnail': 'https://randomuser.me/api/portraits/thumb/women/80.jpg'}, 'nat': 'NO'}</msg>
<arg>${json_data['results'][0]}</arg>
<doc>Logs the given message with the given level.</doc>
<status status="PASS" start="2024-04-29T20:15:01.088908" elapsed="0.000443"/>
</kw>
<kw name="Log" owner="BuiltIn">
<msg time="2024-04-29T20:15:01.089782" level="INFO">login</msg>
<arg>${key}</arg>
<doc>Logs the given message with the given level.</doc>
<status status="PASS" start="2024-04-29T20:15:01.089654" elapsed="0.000166"/>
</kw>
<var name="${key}">login</var>
<status status="PASS" start="2024-04-29T20:15:01.088086" elapsed="0.001968"/>
</iter>
<var>${key}</var>
<value>@{expected_keys}</value>
<status status="PASS" start="2024-04-29T20:15:01.079139" elapsed="0.011042"/>
</for>
<kw name="Create List" owner="BuiltIn">
<msg time="2024-04-29T20:15:01.090511" level="INFO">${expected_keysTwo} = ['username', 'password']</msg>
<var>${expected_keysTwo}</var>
<arg>username</arg>
<arg>password</arg>
<doc>Returns a list containing given items.</doc>
<status status="PASS" start="2024-04-29T20:15:01.090374" elapsed="0.000161"/>
</kw>
<for flavor="IN">
<iter>
<kw name="Dictionary Should Contain Key" owner="Collections">
<msg time="2024-04-29T20:15:01.091427" level="INFO">False</msg>
<arg>${json_data['results'][0]['login']}</arg>
<arg>${keyTwo}</arg>
<doc>Fails if ``key`` is not found from ``dictionary``.</doc>
<status status="PASS" start="2024-04-29T20:15:01.091029" elapsed="0.000436"/>
</kw>
<kw name="Dictionary Should Contain Key" owner="Collections">
<msg time="2024-04-29T20:15:01.092143" level="INFO">False</msg>
<arg>${json_data['results'][0]['login']}</arg>
<arg>${keyTwo}</arg>
<doc>Fails if ``key`` is not found from ``dictionary``.</doc>
<status status="PASS" start="2024-04-29T20:15:01.091768" elapsed="0.000413"/>
</kw>
<kw name="Log" owner="BuiltIn">
<msg time="2024-04-29T20:15:01.092593" level="INFO">username</msg>
<arg>${keyTwo}</arg>
<doc>Logs the given message with the given level.</doc>
<status status="PASS" start="2024-04-29T20:15:01.092469" elapsed="0.000166"/>
</kw>
<var name="${keyTwo}">username</var>
<status status="PASS" start="2024-04-29T20:15:01.090921" elapsed="0.001929"/>
</iter>
<iter>
<kw name="Dictionary Should Contain Key" owner="Collections">
<msg time="2024-04-29T20:15:01.093540" level="INFO">False</msg>
<arg>${json_data['results'][0]['login']}</arg>
<arg>${keyTwo}</arg>
<doc>Fails if ``key`` is not found from ``dictionary``.</doc>
<status status="PASS" start="2024-04-29T20:15:01.093130" elapsed="0.000448"/>
</kw>
<kw name="Dictionary Should Contain Key" owner="Collections">
<msg time="2024-04-29T20:15:01.094329" level="INFO">False</msg>
<arg>${json_data['results'][0]['login']}</arg>
<arg>${keyTwo}</arg>
<doc>Fails if ``key`` is not found from ``dictionary``.</doc>
<status status="PASS" start="2024-04-29T20:15:01.093870" elapsed="0.000497"/>
</kw>
<kw name="Log" owner="BuiltIn">
<msg time="2024-04-29T20:15:01.094787" level="INFO">password</msg>
<arg>${keyTwo}</arg>
<doc>Logs the given message with the given level.</doc>
<status status="PASS" start="2024-04-29T20:15:01.094660" elapsed="0.000165"/>
</kw>
<var name="${keyTwo}">password</var>
<status status="PASS" start="2024-04-29T20:15:01.093022" elapsed="0.002022"/>
</iter>
<var>${keyTwo}</var>
<value>@{expected_keysTwo}</value>
<status status="PASS" start="2024-04-29T20:15:01.090770" elapsed="0.004397"/>
</for>
<status status="PASS" start="2024-04-29T20:15:00.980109" elapsed="0.115199"/>
</kw>
<doc>Testa a estrutura da resposta da API.</doc>
<tag>testeEstruturaResposta</tag>
<status status="PASS" start="2024-04-29T20:15:00.979609" elapsed="0.115859"/>
</test>
<test id="s1-s1-t4" name="Validar tipos de dados" line="28">
<kw name="Teste de Tipos de Dados" owner="random-user-service">
<kw name="GET On Session" owner="RequestsLibrary">
<msg time="2024-04-29T20:15:01.180801" level="INFO">GET Request : url=https://randomuser.me/api 
 path_url=/api 
 headers={'User-Agent': 'python-requests/2.31.0', 'Accept-Encoding': 'gzip, deflate', 'Accept': '*/*', 'Connection': 'keep-alive'} 
 body=None 
 </msg>
<msg time="2024-04-29T20:15:01.180892" level="INFO">GET Response : url=https://randomuser.me/api 
 status=200, reason=OK 
 headers={'Date': 'Mon, 29 Apr 2024 20:15:01 GMT', 'Content-Type': 'application/json; charset=utf-8', 'Transfer-Encoding': 'chunked', 'Connection': 'keep-alive', 'X-Powered-By': 'Express', 'Access-Control-Allow-Origin': '*', 'Cache-Control': 'no-cache', 'ETag': 'W/"477-oQ/RSh2VLhQV0E2lz/VO3wwAgUM"', 'Vary': 'Accept-Encoding', 'Content-Encoding': 'gzip', 'CF-Cache-Status': 'DYNAMIC', 'Report-To': '{"endpoints":[{"url":"https:\\/\\/a.nel.cloudflare.com\\/report\\/v4?s=8Bcv9aQsI2xSEhFFKidrRFoRRVfbuQ8gmnoDMJftbYLUQrYiYJ%2Ftup0X9mMETo95Df9cY8Nuxelm15wtHsnHMZXcD66Sw8rJMExqWGGm4qRkCeDQr1gMhlHLGTZsIah4"}],"group":"cf-nel","max_age":604800}', 'NEL': '{"success_fraction":0,"report_to":"cf-nel","max_age":604800}', 'Server': 'cloudflare', 'CF-RAY': '87c1f62fd8401197-ORD', 'alt-svc': 'h3=":443"; ma=86400'} 
 body={"results":[{"gender":"female","name":{"title":"Mrs","first":"Scarlett","last":"Hart"},"location":{"street":{"number":7832,"name":"Elgin St"},"city":"Frisco","state":"Kentucky","country":"United States","postcode":48101,"coordinates":{"latitude":"81.5888","longitude":"175.6842"},"timezone":{"offset":"+5:45","description":"Kathmandu"}},"email":"scarlett.hart@example.com","login":{"uuid":"d59bc455-6cd1-4b7b-a58a-459c0bdca852","username":"redfish404","password":"lilith","salt":"Y1gQDT4u","md5":"b33e29d819b9c828a44b7efb17377788","sha1":"606f53f9eba827866e8129fc9fced5de93e51eb6","sha256":"f3b2b2ebe50eaed2efbd96a5512ebe52e249460e4067f9fbe1bd5892acb2d63d"},"dob":{"date":"1979-05-26T07:19:52.234Z","age":44},"registered":{"date":"2017-10-31T15:52:09.691Z","age":6},"phone":"(787) 753-1957","cell":"(465) 572-5047","id":{"name":"SSN","value":"700-13-6960"},"picture":{"large":"https://randomuser.me/api/portraits/women/3.jpg","medium":"https://randomuser.me/api/portraits/med/women/3.jpg","thumbnail":"https://randomuser.me/api/portraits/thumb/women/3.jpg"},"nat":"US"}],"info":{"seed":"b141e80fa1021dc8","results":1,"page":1,"version":"1.4"}} 
 </msg>
<msg time="2024-04-29T20:15:01.180956" level="INFO">/opt/hostedtoolcache/Python/3.12.3/x64/lib/python3.12/site-packages/urllib3/connectionpool.py:1103: InsecureRequestWarning: Unverified HTTPS request is being made to host 'randomuser.me'. Adding certificate verification is strongly advised. See: https://urllib3.readthedocs.io/en/latest/advanced-usage.html#tls-warnings
  warnings.warn(</msg>
<msg time="2024-04-29T20:15:01.181057" level="INFO">${response} = &lt;Response [200]&gt;</msg>
<var>${response}</var>
<arg>consultarAPI</arg>
<arg>/api</arg>
<doc>Sends a GET request on a previously created HTTP Session.</doc>
<status status="PASS" start="2024-04-29T20:15:01.097994" elapsed="0.083101"/>
</kw>
<kw name="Set Variable" owner="BuiltIn">
<msg time="2024-04-29T20:15:01.182027" level="INFO">${json_data} = {'results': [{'gender': 'female', 'name': {'title': 'Mrs', 'first': 'Scarlett', 'last': 'Hart'}, 'location': {'street': {'number': 7832, 'name': 'Elgin St'}, 'city': 'Frisco', 'state': 'Kentucky', 'co...</msg>
<var>${json_data}</var>
<arg>${response.json()}</arg>
<doc>Returns the given values which can then be assigned to a variables.</doc>
<status status="PASS" start="2024-04-29T20:15:01.181542" elapsed="0.000514"/>
</kw>
<kw name="Log" owner="BuiltIn">
<msg time="2024-04-29T20:15:01.182520" level="INFO">{'results': [{'gender': 'female', 'name': {'title': 'Mrs', 'first': 'Scarlett', 'last': 'Hart'}, 'location': {'street': {'number': 7832, 'name': 'Elgin St'}, 'city': 'Frisco', 'state': 'Kentucky', 'country': 'United States', 'postcode': 48101, 'coordinates': {'latitude': '81.5888', 'longitude': '175.6842'}, 'timezone': {'offset': '+5:45', 'description': 'Kathmandu'}}, 'email': 'scarlett.hart@example.com', 'login': {'uuid': 'd59bc455-6cd1-4b7b-a58a-459c0bdca852', 'username': 'redfish404', 'password': 'lilith', 'salt': 'Y1gQDT4u', 'md5': 'b33e29d819b9c828a44b7efb17377788', 'sha1': '606f53f9eba827866e8129fc9fced5de93e51eb6', 'sha256': 'f3b2b2ebe50eaed2efbd96a5512ebe52e249460e4067f9fbe1bd5892acb2d63d'}, 'dob': {'date': '1979-05-26T07:19:52.234Z', 'age': 44}, 'registered': {'date': '2017-10-31T15:52:09.691Z', 'age': 6}, 'phone': '(787) 753-1957', 'cell': '(465) 572-5047', 'id': {'name': 'SSN', 'value': '700-13-6960'}, 'picture': {'large': 'https://randomuser.me/api/portraits/women/3.jpg', 'medium': 'https://randomuser.me/api/portraits/med/women/3.jpg', 'thumbnail': 'https://randomuser.me/api/portraits/thumb/women/3.jpg'}, 'nat': 'US'}], 'info': {'seed': 'b141e80fa1021dc8', 'results': 1, 'page': 1, 'version': '1.4'}}</msg>
<arg>${json_data}</arg>
<doc>Logs the given message with the given level.</doc>
<status status="PASS" start="2024-04-29T20:15:01.182365" elapsed="0.000242"/>
</kw>
<kw name="Should Be String" owner="String">
<arg>${json_data['results'][0]['gender']}</arg>
<doc>Fails if the given ``item`` is not a string.</doc>
<status status="PASS" start="2024-04-29T20:15:01.182912" elapsed="0.000367"/>
</kw>
<kw name="Should Match Regexp" owner="BuiltIn">
<arg>${json_data['results'][0]['email']}</arg>
<arg>^[a-zA-Z0-9._%+-]+@[a-zA-Z0-9.-]+\.[a-zA-Z]{2,}$</arg>
<doc>Fails if ``string`` does not match ``pattern`` as a regular expression.</doc>
<status status="PASS" start="2024-04-29T20:15:01.183473" elapsed="0.000515"/>
</kw>
<kw name="Should Match Regexp" owner="BuiltIn">
<arg>${json_data['results'][0]['dob']['date']}</arg>
<arg>\\d{4}-\\d{2}-\\d{2}T\\d{2}:\\d{2}:\\d{2}\\.\\d{3}Z</arg>
<doc>Fails if ``string`` does not match ``pattern`` as a regular expression.</doc>
<status status="PASS" start="2024-04-29T20:15:01.184192" elapsed="0.000488"/>
</kw>
<kw name="Should Match Regexp" owner="BuiltIn">
<arg>${json_data['results'][0]['registered']['date']}</arg>
<arg>\\d{4}-\\d{2}-\\d{2}T\\d{2}:\\d{2}:\\d{2}\\.\\d{3}Z</arg>
<doc>Fails if ``string`` does not match ``pattern`` as a regular expression.</doc>
<status status="PASS" start="2024-04-29T20:15:01.184872" elapsed="0.000405"/>
</kw>
<kw name="Should Match Regexp" owner="BuiltIn">
<arg>${json_data['results'][0]['picture']['large']}</arg>
<arg>^https?://.*\.(?:png|jpe?g|gif|bmp)$</arg>
<doc>Fails if ``string`` does not match ``pattern`` as a regular expression.</doc>
<status status="PASS" start="2024-04-29T20:15:01.185494" elapsed="0.000467"/>
</kw>
<kw name="Should Match Regexp" owner="BuiltIn">
<arg>${json_data['results'][0]['picture']['medium']}</arg>
<arg>^https?://.*\.(?:png|jpe?g|gif|bmp)$</arg>
<doc>Fails if ``string`` does not match ``pattern`` as a regular expression.</doc>
<status status="PASS" start="2024-04-29T20:15:01.186154" elapsed="0.000365"/>
</kw>
<kw name="Should Match Regexp" owner="BuiltIn">
<arg>${json_data['results'][0]['picture']['thumbnail']}</arg>
<arg>^https?://.*\.(?:png|jpe?g|gif|bmp)$</arg>
<doc>Fails if ``string`` does not match ``pattern`` as a regular expression.</doc>
<status status="PASS" start="2024-04-29T20:15:01.186708" elapsed="0.000351"/>
</kw>
<kw name="Log" owner="BuiltIn">
<msg time="2024-04-29T20:15:01.187571" level="INFO">{'large': 'https://randomuser.me/api/portraits/women/3.jpg', 'medium': 'https://randomuser.me/api/portraits/med/women/3.jpg', 'thumbnail': 'https://randomuser.me/api/portraits/thumb/women/3.jpg'}</msg>
<arg>${json_data['results'][0]['picture']}</arg>
<doc>Logs the given message with the given level.</doc>
<status status="PASS" start="2024-04-29T20:15:01.187238" elapsed="0.000375"/>
</kw>
<status status="PASS" start="2024-04-29T20:15:01.097767" elapsed="0.090112"/>
</kw>
<kw name="Teste de Tipos de Dados - Postcode" owner="random-user-service">
<kw name="GET On Session" owner="RequestsLibrary">
<msg time="2024-04-29T20:15:01.274059" level="INFO">GET Request : url=https://randomuser.me/api 
 path_url=/api 
 headers={'User-Agent': 'python-requests/2.31.0', 'Accept-Encoding': 'gzip, deflate', 'Accept': '*/*', 'Connection': 'keep-alive'} 
 body=None 
 </msg>
<msg time="2024-04-29T20:15:01.274159" level="INFO">GET Response : url=https://randomuser.me/api 
 status=200, reason=OK 
 headers={'Date': 'Mon, 29 Apr 2024 20:15:01 GMT', 'Content-Type': 'application/json; charset=utf-8', 'Transfer-Encoding': 'chunked', 'Connection': 'keep-alive', 'X-Powered-By': 'Express', 'Access-Control-Allow-Origin': '*', 'Cache-Control': 'no-cache', 'ETag': 'W/"496-YQ1XhFFm/QiBWH3DWBl/VMlrs5k"', 'Vary': 'Accept-Encoding', 'Content-Encoding': 'gzip', 'CF-Cache-Status': 'DYNAMIC', 'Report-To': '{"endpoints":[{"url":"https:\\/\\/a.nel.cloudflare.com\\/report\\/v4?s=Mg4b%2BIPtPr476az7RD6F0v0eyoR7YXUT8vckb6s71CoLgkSKbYgYXA6GgC12Dv82UlOOSDHJE3eyVot0RC%2B%2FrtC%2BikVpZzsTFXnUrbilsDoL37PUsqzpScZb0hBoY0oR"}],"group":"cf-nel","max_age":604800}', 'NEL': '{"success_fraction":0,"report_to":"cf-nel","max_age":604800}', 'Server': 'cloudflare', 'CF-RAY': '87c1f63069271197-ORD', 'alt-svc': 'h3=":443"; ma=86400'} 
 body={"results":[{"gender":"male","name":{"title":"Mr","first":"Đuraš","last":"Trajković"},"location":{"street":{"number":3009,"name":"Leskovačka"},"city":"Žabalj","state":"West Bačka","country":"Serbia","postcode":18091,"coordinates":{"latitude":"59.7568","longitude":"-3.2650"},"timezone":{"offset":"0:00","description":"Western Europe Time, London, Lisbon, Casablanca"}},"email":"duras.trajkovic@example.com","login":{"uuid":"3d746ff1-b55d-4cce-a7b1-0e378ea1b06f","username":"sadbird103","password":"jaime","salt":"QxuZXX5z","md5":"357ea1ff53c9de3dd71e07ae8aa78626","sha1":"c364c7c791feef792fcf25800e4b6c71d41b6445","sha256":"a6123b920b006aa7fb028b78d5f61bf2972035652f53aa95d7b5bc029e2e7e90"},"dob":{"date":"1995-01-25T16:57:51.978Z","age":29},"registered":{"date":"2006-05-13T15:57:25.724Z","age":17},"phone":"029-6070-499","cell":"065-1214-890","id":{"name":"SID","value":"888375260"},"picture":{"large":"https://randomuser.me/api/portraits/men/46.jpg","medium":"https://randomuser.me/api/portraits/med/men/46.jpg","thumbnail":"https://randomuser.me/api/portraits/thumb/men/46.jpg"},"nat":"RS"}],"info":{"seed":"62e97d10e6338df5","results":1,"page":1,"version":"1.4"}} 
 </msg>
<msg time="2024-04-29T20:15:01.274232" level="INFO">/opt/hostedtoolcache/Python/3.12.3/x64/lib/python3.12/site-packages/urllib3/connectionpool.py:1103: InsecureRequestWarning: Unverified HTTPS request is being made to host 'randomuser.me'. Adding certificate verification is strongly advised. See: https://urllib3.readthedocs.io/en/latest/advanced-usage.html#tls-warnings
  warnings.warn(</msg>
<msg time="2024-04-29T20:15:01.274352" level="INFO">${response} = &lt;Response [200]&gt;</msg>
<var>${response}</var>
<arg>consultarAPI</arg>
<arg>/api</arg>
<doc>Sends a GET request on a previously created HTTP Session.</doc>
<status status="PASS" start="2024-04-29T20:15:01.188346" elapsed="0.086053"/>
</kw>
<kw name="Set Variable" owner="BuiltIn">
<msg time="2024-04-29T20:15:01.275452" level="INFO">${json_data} = {'results': [{'gender': 'male', 'name': {'title': 'Mr', 'first': 'Đuraš', 'last': 'Trajković'}, 'location': {'street': {'number': 3009, 'name': 'Leskovačka'}, 'city': 'Žabalj', 'state': 'West Bačka', ...</msg>
<var>${json_data}</var>
<arg>${response.json()}</arg>
<doc>Returns the given values which can then be assigned to a variables.</doc>
<status status="PASS" start="2024-04-29T20:15:01.274899" elapsed="0.000586"/>
</kw>
<kw name="Log" owner="BuiltIn">
<msg time="2024-04-29T20:15:01.275985" level="INFO">{'results': [{'gender': 'male', 'name': {'title': 'Mr', 'first': 'Đuraš', 'last': 'Trajković'}, 'location': {'street': {'number': 3009, 'name': 'Leskovačka'}, 'city': 'Žabalj', 'state': 'West Bačka', 'country': 'Serbia', 'postcode': 18091, 'coordinates': {'latitude': '59.7568', 'longitude': '-3.2650'}, 'timezone': {'offset': '0:00', 'description': 'Western Europe Time, London, Lisbon, Casablanca'}}, 'email': 'duras.trajkovic@example.com', 'login': {'uuid': '3d746ff1-b55d-4cce-a7b1-0e378ea1b06f', 'username': 'sadbird103', 'password': 'jaime', 'salt': 'QxuZXX5z', 'md5': '357ea1ff53c9de3dd71e07ae8aa78626', 'sha1': 'c364c7c791feef792fcf25800e4b6c71d41b6445', 'sha256': 'a6123b920b006aa7fb028b78d5f61bf2972035652f53aa95d7b5bc029e2e7e90'}, 'dob': {'date': '1995-01-25T16:57:51.978Z', 'age': 29}, 'registered': {'date': '2006-05-13T15:57:25.724Z', 'age': 17}, 'phone': '029-6070-499', 'cell': '065-1214-890', 'id': {'name': 'SID', 'value': '888375260'}, 'picture': {'large': 'https://randomuser.me/api/portraits/men/46.jpg', 'medium': 'https://randomuser.me/api/portraits/med/men/46.jpg', 'thumbnail': 'https://randomuser.me/api/portraits/thumb/men/46.jpg'}, 'nat': 'RS'}], 'info': {'seed': '62e97d10e6338df5', 'results': 1, 'page': 1, 'version': '1.4'}}</msg>
<arg>${json_data}</arg>
<doc>Logs the given message with the given level.</doc>
<status status="PASS" start="2024-04-29T20:15:01.275816" elapsed="0.000254"/>
</kw>
<kw name="Should Be Equal As Numbers" owner="BuiltIn">
<arg>${json_data['results'][0]['location']['postcode']}</arg>
<arg>${json_data['results'][0]['location']['postcode']}</arg>
<doc>Fails if objects are unequal after converting them to real numbers.</doc>
<status status="PASS" start="2024-04-29T20:15:01.276382" elapsed="0.000830"/>
</kw>
<kw name="Log" owner="BuiltIn">
<msg time="2024-04-29T20:15:01.277816" level="INFO">18091</msg>
<arg>${json_data['results'][0]['location']['postcode']}</arg>
<doc>Logs the given message with the given level.</doc>
<status status="PASS" start="2024-04-29T20:15:01.277463" elapsed="0.000395"/>
</kw>
<status status="PASS" start="2024-04-29T20:15:01.188113" elapsed="0.090004"/>
</kw>
<doc>Testa se os tipos de dados na resposta da API estão corretos.</doc>
<tag>testeTiposDados</tag>
<status status="PASS" start="2024-04-29T20:15:01.097308" elapsed="0.180980"/>
</test>
<test id="s1-s1-t5" name="Validar conteudo" line="35">
<kw name="Teste de Tipos de Conteudo" owner="random-user-service">
<kw name="GET On Session" owner="RequestsLibrary">
<msg time="2024-04-29T20:15:01.425345" level="INFO">GET Request : url=https://randomuser.me/api 
 path_url=/api 
 headers={'User-Agent': 'python-requests/2.31.0', 'Accept-Encoding': 'gzip, deflate', 'Accept': '*/*', 'Connection': 'keep-alive'} 
 body=None 
 </msg>
<msg time="2024-04-29T20:15:01.425446" level="INFO">GET Response : url=https://randomuser.me/api 
 status=200, reason=OK 
 headers={'Date': 'Mon, 29 Apr 2024 20:15:01 GMT', 'Content-Type': 'application/json; charset=utf-8', 'Transfer-Encoding': 'chunked', 'Connection': 'keep-alive', 'X-Powered-By': 'Express', 'Access-Control-Allow-Origin': '*', 'Cache-Control': 'no-cache', 'ETag': 'W/"498-VD6CQWRsSAEpQiix8Ty57qjgnmA"', 'Vary': 'Accept-Encoding', 'Content-Encoding': 'gzip', 'CF-Cache-Status': 'DYNAMIC', 'Report-To': '{"endpoints":[{"url":"https:\\/\\/a.nel.cloudflare.com\\/report\\/v4?s=9hsVEZmhBBBvlUAkc723XvtSLWgHikLMzDukeZqPyEpamw8nLilNK4eOLU%2B9vUeCRBMhxkHELzCxWeJ4WGztSC43XbbkuErxJnYMkcdlEXA7XMJOXhQTA7P6QkTp3Wl%2B"}],"group":"cf-nel","max_age":604800}', 'NEL': '{"success_fraction":0,"report_to":"cf-nel","max_age":604800}', 'Server': 'cloudflare', 'CF-RAY': '87c1f6310a3d1197-ORD', 'alt-svc': 'h3=":443"; ma=86400'} 
 body={"results":[{"gender":"female","name":{"title":"Ms","first":"Saanvi","last":"Holla"},"location":{"street":{"number":3389,"name":"Colaba Causeway"},"city":"Bhilwara","state":"Uttar Pradesh","country":"India","postcode":44304,"coordinates":{"latitude":"5.0335","longitude":"46.6618"},"timezone":{"offset":"+10:00","description":"Eastern Australia, Guam, Vladivostok"}},"email":"saanvi.holla@example.com","login":{"uuid":"a5af532f-609e-44d1-969b-9e50f7a6328f","username":"sadmeercat901","password":"morpheus","salt":"cK6rYhvx","md5":"3d4643219bbe84e7d11e9725b0205710","sha1":"8a96b49cda6502e3b2da44fac24b21aa1c34fc45","sha256":"ff1af1d1a8d0e8db0b6df5f5090224674281de92608b73a97d42d92e2a4507ce"},"dob":{"date":"1965-07-22T15:57:50.447Z","age":58},"registered":{"date":"2002-05-09T17:19:42.162Z","age":21},"phone":"8641159417","cell":"8130590569","id":{"name":"UIDAI","value":"739247961416"},"picture":{"large":"https://randomuser.me/api/portraits/women/92.jpg","medium":"https://randomuser.me/api/portraits/med/women/92.jpg","thumbnail":"https://randomuser.me/api/portraits/thumb/women/92.jpg"},"nat":"IN"}],"info":{"seed":"f00660671c0c71bc","results":1,"page":1,"version":"1.4"}} 
 </msg>
<msg time="2024-04-29T20:15:01.425517" level="INFO">/opt/hostedtoolcache/Python/3.12.3/x64/lib/python3.12/site-packages/urllib3/connectionpool.py:1103: InsecureRequestWarning: Unverified HTTPS request is being made to host 'randomuser.me'. Adding certificate verification is strongly advised. See: https://urllib3.readthedocs.io/en/latest/advanced-usage.html#tls-warnings
  warnings.warn(</msg>
<msg time="2024-04-29T20:15:01.425634" level="INFO">${response} = &lt;Response [200]&gt;</msg>
<var>${response}</var>
<arg>consultarAPI</arg>
<arg>/api</arg>
<doc>Sends a GET request on a previously created HTTP Session.</doc>
<status status="PASS" start="2024-04-29T20:15:01.280783" elapsed="0.144877"/>
</kw>
<kw name="Set Variable" owner="BuiltIn">
<msg time="2024-04-29T20:15:01.426690" level="INFO">${json_data} = {'results': [{'gender': 'female', 'name': {'title': 'Ms', 'first': 'Saanvi', 'last': 'Holla'}, 'location': {'street': {'number': 3389, 'name': 'Colaba Causeway'}, 'city': 'Bhilwara', 'state': 'Uttar P...</msg>
<var>${json_data}</var>
<arg>${response.json()}</arg>
<doc>Returns the given values which can then be assigned to a variables.</doc>
<status status="PASS" start="2024-04-29T20:15:01.426184" elapsed="0.000533"/>
</kw>
<kw name="Set Variable" owner="BuiltIn">
<msg time="2024-04-29T20:15:01.427402" level="INFO">${name_title} = Ms</msg>
<var>${name_title}</var>
<arg>${json_data["results"][0]["name"]["title"]}</arg>
<doc>Returns the given values which can then be assigned to a variables.</doc>
<status status="PASS" start="2024-04-29T20:15:01.427019" elapsed="0.000408"/>
</kw>
<kw name="Create List" owner="BuiltIn">
<msg time="2024-04-29T20:15:01.427864" level="INFO">${allowed_titles} = ['Mr', 'Ms', 'Miss', 'Mrs', 'Madame', 'Monsieur']</msg>
<var>${allowed_titles}</var>
<arg>Mr</arg>
<arg>Ms</arg>
<arg>Miss</arg>
<arg>Mrs</arg>
<arg>Madame</arg>
<arg>Monsieur</arg>
<doc>Returns a list containing given items.</doc>
<status status="PASS" start="2024-04-29T20:15:01.427719" elapsed="0.000169"/>
</kw>
<kw name="List Should Contain Value" owner="Collections">
<msg time="2024-04-29T20:15:01.428361" level="INFO">False</msg>
<arg>${allowed_titles}</arg>
<arg>${name_title}</arg>
<doc>Fails if the ``value`` is not found from ``list``.</doc>
<status status="PASS" start="2024-04-29T20:15:01.428191" elapsed="0.000206"/>
</kw>
<kw name="Set Variable" owner="BuiltIn">
<msg time="2024-04-29T20:15:01.429062" level="INFO">${name_country} = IN</msg>
<var>${name_country}</var>
<arg>${json_data["results"][0]["nat"]}</arg>
<doc>Returns the given values which can then be assigned to a variables.</doc>
<status status="PASS" start="2024-04-29T20:15:01.428691" elapsed="0.000395"/>
</kw>
<kw name="Create List" owner="BuiltIn">
<msg time="2024-04-29T20:15:01.430003" level="INFO">${list_country} = ['AD', 'AE', 'AF', 'AG', 'AI', 'AL', 'AM', 'AO', 'AQ', 'AR', 'AS', 'AT', 'AU', 'AW', 'AX', 'AZ', 'BA', 'BB', 'BD', 'BE', 'BF', 'BG', 'BH', 'BI', 'BJ', 'BL', 'BM', 'BN', 'BO', 'BQ', 'BR', 'BS', 'BT', '...</msg>
<var>${list_country}</var>
<arg>AD</arg>
<arg>AE</arg>
<arg>AF</arg>
<arg>AG</arg>
<arg>AI</arg>
<arg>AL</arg>
<arg>AM</arg>
<arg>AO</arg>
<arg>AQ</arg>
<arg>AR</arg>
<arg>AS</arg>
<arg>AT</arg>
<arg>AU</arg>
<arg>AW</arg>
<arg>AX</arg>
<arg>AZ</arg>
<arg>BA</arg>
<arg>BB</arg>
<arg>BD</arg>
<arg>BE</arg>
<arg>BF</arg>
<arg>BG</arg>
<arg>BH</arg>
<arg>BI</arg>
<arg>BJ</arg>
<arg>BL</arg>
<arg>BM</arg>
<arg>BN</arg>
<arg>BO</arg>
<arg>BQ</arg>
<arg>BR</arg>
<arg>BS</arg>
<arg>BT</arg>
<arg>BV</arg>
<arg>BW</arg>
<arg>BY</arg>
<arg>BZ</arg>
<arg>CA</arg>
<arg>CC</arg>
<arg>CD</arg>
<arg>CF</arg>
<arg>CG</arg>
<arg>CH</arg>
<arg>CI</arg>
<arg>CK</arg>
<arg>CL</arg>
<arg>CM</arg>
<arg>CN</arg>
<arg>CO</arg>
<arg>CR</arg>
<arg>CU</arg>
<arg>CV</arg>
<arg>CW</arg>
<arg>CX</arg>
<arg>CY</arg>
<arg>CZ</arg>
<arg>DE</arg>
<arg>DJ</arg>
<arg>DK</arg>
<arg>DM</arg>
<arg>DO</arg>
<arg>DZ</arg>
<arg>EC</arg>
<arg>EE</arg>
<arg>EG</arg>
<arg>EH</arg>
<arg>ER</arg>
<arg>ES</arg>
<arg>ET</arg>
<arg>FI</arg>
<arg>FJ</arg>
<arg>FK</arg>
<arg>FM</arg>
<arg>FO</arg>
<arg>FR</arg>
<arg>GA</arg>
<arg>GB</arg>
<arg>GD</arg>
<arg>GE</arg>
<arg>GF</arg>
<arg>GG</arg>
<arg>GH</arg>
<arg>GI</arg>
<arg>GL</arg>
<arg>GM</arg>
<arg>GN</arg>
<arg>GP</arg>
<arg>GQ</arg>
<arg>GR</arg>
<arg>GS</arg>
<arg>GT</arg>
<arg>GU</arg>
<arg>GW</arg>
<arg>GY</arg>
<arg>HK</arg>
<arg>HM</arg>
<arg>HN</arg>
<arg>HR</arg>
<arg>HT</arg>
<arg>HU</arg>
<arg>ID</arg>
<arg>IE</arg>
<arg>IL</arg>
<arg>IM</arg>
<arg>IN</arg>
<arg>IO</arg>
<arg>IQ</arg>
<arg>IR</arg>
<arg>IS</arg>
<arg>IT</arg>
<arg>JE</arg>
<arg>JM</arg>
<arg>JO</arg>
<arg>JP</arg>
<arg>KE</arg>
<arg>KG</arg>
<arg>KH</arg>
<arg>KI</arg>
<arg>KM</arg>
<arg>KN</arg>
<arg>KP</arg>
<arg>KR</arg>
<arg>KW</arg>
<arg>KY</arg>
<arg>KZ</arg>
<arg>LA</arg>
<arg>LB</arg>
<arg>LC</arg>
<arg>LI</arg>
<arg>LK</arg>
<arg>LR</arg>
<arg>LS</arg>
<arg>LT</arg>
<arg>LU</arg>
<arg>LV</arg>
<arg>LY</arg>
<arg>MA</arg>
<arg>MC</arg>
<arg>MD</arg>
<arg>ME</arg>
<arg>MF</arg>
<arg>MG</arg>
<arg>MH</arg>
<arg>MK</arg>
<arg>ML</arg>
<arg>MM</arg>
<arg>MN</arg>
<arg>MO</arg>
<arg>MP</arg>
<arg>MQ</arg>
<arg>MR</arg>
<arg>MS</arg>
<arg>MT</arg>
<arg>MU</arg>
<arg>MV</arg>
<arg>MW</arg>
<arg>MX</arg>
<arg>MY</arg>
<arg>MZ</arg>
<arg>NA</arg>
<arg>NC</arg>
<arg>NE</arg>
<arg>NF</arg>
<arg>NG</arg>
<arg>NI</arg>
<arg>NL</arg>
<arg>NO</arg>
<arg>NP</arg>
<arg>NR</arg>
<arg>NU</arg>
<arg>NZ</arg>
<arg>OM</arg>
<arg>PA</arg>
<arg>PE</arg>
<arg>PF</arg>
<arg>PG</arg>
<arg>PH</arg>
<arg>PK</arg>
<arg>PL</arg>
<arg>PM</arg>
<arg>PN</arg>
<arg>PR</arg>
<arg>PS</arg>
<arg>PT</arg>
<arg>PW</arg>
<arg>PY</arg>
<arg>QA</arg>
<arg>RE</arg>
<arg>RO</arg>
<arg>RS</arg>
<arg>RU</arg>
<arg>RW</arg>
<arg>SA</arg>
<arg>SB</arg>
<arg>SC</arg>
<arg>SD</arg>
<arg>SE</arg>
<arg>SG</arg>
<arg>SH</arg>
<arg>SI</arg>
<arg>SJ</arg>
<arg>SK</arg>
<arg>SL</arg>
<arg>SM</arg>
<arg>SN</arg>
<arg>SO</arg>
<arg>SR</arg>
<arg>SS</arg>
<arg>ST</arg>
<arg>SV</arg>
<arg>SX</arg>
<arg>SY</arg>
<arg>SZ</arg>
<arg>TC</arg>
<arg>TD</arg>
<arg>TF</arg>
<arg>TG</arg>
<arg>TH</arg>
<arg>TJ</arg>
<arg>TK</arg>
<arg>TL</arg>
<arg>TM</arg>
<arg>TN</arg>
<arg>TO</arg>
<arg>TR</arg>
<arg>TT</arg>
<arg>TV</arg>
<arg>TW</arg>
<arg>TZ</arg>
<arg>UA</arg>
<arg>UG</arg>
<arg>UM</arg>
<arg>US</arg>
<arg>UY</arg>
<arg>UZ</arg>
<arg>VA</arg>
<arg>VC</arg>
<arg>VE</arg>
<arg>VG</arg>
<arg>VI</arg>
<arg>VN</arg>
<arg>VU</arg>
<arg>WF</arg>
<arg>WS</arg>
<arg>XK</arg>
<arg>YE</arg>
<arg>YT</arg>
<arg>ZA</arg>
<arg>ZM</arg>
<arg>ZW</arg>
<doc>Returns a list containing given items.</doc>
<status status="PASS" start="2024-04-29T20:15:01.429419" elapsed="0.000609"/>
</kw>
<kw name="List Should Contain Value" owner="Collections">
<msg time="2024-04-29T20:15:01.431012" level="INFO">False</msg>
<arg>${list_country}</arg>
<arg>${name_country}</arg>
<doc>Fails if the ``value`` is not found from ``list``.</doc>
<status status="PASS" start="2024-04-29T20:15:01.430814" elapsed="0.000234"/>
</kw>
<kw name="Run Keyword If" owner="BuiltIn">
<kw name="Should Be True" owner="BuiltIn">
<arg>${True}</arg>
<doc>Fails if the given condition is not true.</doc>
<status status="PASS" start="2024-04-29T20:15:01.432116" elapsed="0.000142"/>
</kw>
<arg>${json_data["results"][0]["location"]["coordinates"]["latitude"]} &gt;= -90 and ${json_data["results"][0]["location"]["coordinates"]["latitude"]} &lt;= 90</arg>
<arg>Should Be True</arg>
<arg>${True}</arg>
<doc>Runs the given keyword with the given arguments, if ``condition`` is true.</doc>
<status status="PASS" start="2024-04-29T20:15:01.431359" elapsed="0.001022"/>
</kw>
<kw name="Run Keyword If" owner="BuiltIn">
<kw name="Should Be True" owner="BuiltIn">
<arg>${True}</arg>
<doc>Fails if the given condition is not true.</doc>
<status status="PASS" start="2024-04-29T20:15:01.433276" elapsed="0.000254"/>
</kw>
<arg>${json_data["results"][0]["location"]["coordinates"]["longitude"]} &gt;= -180 and ${json_data["results"][0]["location"]["coordinates"]["longitude"]} &lt;= 180</arg>
<arg>Should Be True</arg>
<arg>${True}</arg>
<doc>Runs the given keyword with the given arguments, if ``condition`` is true.</doc>
<status status="PASS" start="2024-04-29T20:15:01.432563" elapsed="0.001092"/>
</kw>
<status status="PASS" start="2024-04-29T20:15:01.280554" elapsed="0.153240"/>
</kw>
<doc>Testa o conteúdo específico dos campos retornados pela API.</doc>
<tag>testeConteudo</tag>
<status status="PASS" start="2024-04-29T20:15:01.280095" elapsed="0.153852"/>
</test>
<status status="PASS" start="2024-04-29T20:15:00.404189" elapsed="1.031718"/>
</suite>
<status status="PASS" start="2024-04-29T20:15:00.390768" elapsed="1.050250"/>
</suite>
<statistics>
<total>
<stat pass="5" fail="0" skip="0">All Tests</stat>
</total>
<tag>
<stat pass="1" fail="0" skip="0">testeConteudo</stat>
<stat pass="1" fail="0" skip="0">testeEstruturaResposta</stat>
<stat pass="1" fail="0" skip="0">testeRequisicaoBasica</stat>
<stat pass="1" fail="0" skip="0">testeTiposDados</stat>
</tag>
<suite>
<stat pass="5" fail="0" skip="0" id="s1" name="Tests">Tests</stat>
<stat pass="5" fail="0" skip="0" id="s1-s1" name="Random-User-Test">Tests.Random-User-Test</stat>
</suite>
</statistics>
<errors>
</errors>
</robot>
