<?xml version="1.0" encoding="UTF-8"?>
<robot generator="Robot 7.0 (Python 3.12.3 on linux)" generated="2024-05-19T13:14:14.737544" rpa="false" schemaversion="5">
<suite id="s1" name="Tests" source="/home/runner/work/DesafioQAItauRogerioJordao/DesafioQAItauRogerioJordao/RamdonUser/tests">
<suite id="s1-s1" name="Random-User-Test" source="/home/runner/work/DesafioQAItauRogerioJordao/DesafioQAItauRogerioJordao/RamdonUser/tests/random-user-test.robot">
<test id="s1-s1-t1" name="Conectar" line="13">
<kw name="Conectar API" owner="random-user-service">
<kw name="Create Session" owner="RequestsLibrary">
<msg time="2024-05-19T13:14:15.126106" level="INFO">Creating Session using : alias=consultarAPI, url=https://randomuser.me/, headers={},                     cookies={}, auth=None, timeout=None, proxies=None, verify=False,                     debug=0 </msg>
<arg>consultarAPI</arg>
<arg>${URL}</arg>
<doc>Create Session: create a HTTP session to a server</doc>
<status status="PASS" start="2024-05-19T13:14:15.125885" elapsed="0.000443"/>
</kw>
<status status="PASS" start="2024-05-19T13:14:15.124843" elapsed="0.001884"/>
</kw>
<status status="PASS" start="2024-05-19T13:14:15.124103" elapsed="0.002825"/>
</test>
<test id="s1-s1-t2" name="Validar retorno 200 e JSON Válido" line="16">
<kw name="Teste de Requisicao Basica" owner="random-user-service">
<kw name="GET On Session" owner="RequestsLibrary">
<msg time="2024-05-19T13:14:15.361314" level="INFO">GET Request : url=https://randomuser.me/api 
 path_url=/api 
 headers={'User-Agent': 'python-requests/2.31.0', 'Accept-Encoding': 'gzip, deflate', 'Accept': '*/*', 'Connection': 'keep-alive'} 
 body=None 
 </msg>
<msg time="2024-05-19T13:14:15.361481" level="INFO">GET Response : url=https://randomuser.me/api 
 status=200, reason=OK 
 headers={'Date': 'Sun, 19 May 2024 13:14:15 GMT', 'Content-Type': 'application/json; charset=utf-8', 'Transfer-Encoding': 'chunked', 'Connection': 'keep-alive', 'X-Powered-By': 'Express', 'Access-Control-Allow-Origin': '*', 'Cache-Control': 'no-cache', 'ETag': 'W/"489-vKqjahM2DnLk3RX842dsQBsck5A"', 'Vary': 'Accept-Encoding', 'Content-Encoding': 'gzip', 'CF-Cache-Status': 'DYNAMIC', 'Report-To': '{"endpoints":[{"url":"https:\\/\\/a.nel.cloudflare.com\\/report\\/v4?s=a%2F0i%2FFpY6jY7AMPcqItPwdIYVYjl%2FcDiDfzPmoGAnTTJucoKy0b0H1ETV1zzZDwsJuON8gkxkHNuVmyCfWYlYlOwUbEuaoTkqR6GJhYn1DiSXoyV3KzMU%2BqEVYANkWY2"}],"group":"cf-nel","max_age":604800}', 'NEL': '{"success_fraction":0,"report_to":"cf-nel","max_age":604800}', 'Server': 'cloudflare', 'CF-RAY': '88645955c9c35a1c-IAD', 'alt-svc': 'h3=":443"; ma=86400'} 
 body={"results":[{"gender":"female","name":{"title":"Mrs","first":"Sophie","last":"Abraham"},"location":{"street":{"number":6985,"name":"Wellington St"},"city":"Bath","state":"Yukon","country":"Canada","postcode":"V5L 8E5","coordinates":{"latitude":"-67.6505","longitude":"51.5757"},"timezone":{"offset":"-3:00","description":"Brazil, Buenos Aires, Georgetown"}},"email":"sophie.abraham@example.com","login":{"uuid":"f095bf0f-472a-426c-9432-f1ec0f35955c","username":"blackwolf173","password":"clarke","salt":"EiOlAV2q","md5":"70e94b567e73724feef6f5809a2e2e5b","sha1":"91899976d22d8a1b4c7eb1734dc92d3598b29ef4","sha256":"f8702be447adf801a726bd3a008ea56af56441c28bc47bc9e53dfdba48d9cdd2"},"dob":{"date":"1995-03-31T11:49:11.264Z","age":29},"registered":{"date":"2017-05-19T14:14:45.608Z","age":6},"phone":"Y13 P33-7455","cell":"U49 H84-6757","id":{"name":"SIN","value":"697895290"},"picture":{"large":"https://randomuser.me/api/portraits/women/0.jpg","medium":"https://randomuser.me/api/portraits/med/women/0.jpg","thumbnail":"https://randomuser.me/api/portraits/thumb/women/0.jpg"},"nat":"CA"}],"info":{"seed":"51b8ce2d8b6e7ea8","results":1,"page":1,"version":"1.4"}} 
 </msg>
<msg time="2024-05-19T13:14:15.361574" level="INFO">/opt/hostedtoolcache/Python/3.12.3/x64/lib/python3.12/site-packages/urllib3/connectionpool.py:1103: InsecureRequestWarning: Unverified HTTPS request is being made to host 'randomuser.me'. Adding certificate verification is strongly advised. See: https://urllib3.readthedocs.io/en/latest/advanced-usage.html#tls-warnings
  warnings.warn(</msg>
<msg time="2024-05-19T13:14:15.361727" level="INFO">${response} = &lt;Response [200]&gt;</msg>
<var>${response}</var>
<arg>consultarAPI</arg>
<arg>/api</arg>
<doc>Sends a GET request on a previously created HTTP Session.</doc>
<status status="PASS" start="2024-05-19T13:14:15.129736" elapsed="0.232024"/>
</kw>
<kw name="Should Be Equal As Numbers" owner="BuiltIn">
<msg time="2024-05-19T13:14:15.362882" level="INFO">Argument types are:
&lt;class 'int'&gt;
&lt;class 'str'&gt;</msg>
<arg>${response.status_code}</arg>
<arg>200</arg>
<doc>Fails if objects are unequal after converting them to real numbers.</doc>
<status status="PASS" start="2024-05-19T13:14:15.362390" elapsed="0.000565"/>
</kw>
<kw name="Log" owner="BuiltIn">
<msg time="2024-05-19T13:14:15.363757" level="INFO">200</msg>
<arg>${response.status_code}</arg>
<doc>Logs the given message with the given level.</doc>
<status status="PASS" start="2024-05-19T13:14:15.363369" elapsed="0.000434"/>
</kw>
<kw name="Set Variable" owner="BuiltIn">
<msg time="2024-05-19T13:14:15.364628" level="INFO">${json_data} = {'results': [{'gender': 'female', 'name': {'title': 'Mrs', 'first': 'Sophie', 'last': 'Abraham'}, 'location': {'street': {'number': 6985, 'name': 'Wellington St'}, 'city': 'Bath', 'state': 'Yukon', 'c...</msg>
<var>${json_data}</var>
<arg>${response.json()}</arg>
<doc>Returns the given values which can then be assigned to a variables.</doc>
<status status="PASS" start="2024-05-19T13:14:15.364136" elapsed="0.000522"/>
</kw>
<kw name="Dictionary Should Contain Key" owner="Collections">
<msg time="2024-05-19T13:14:15.365156" level="INFO">False</msg>
<arg>${json_data}</arg>
<arg>results</arg>
<doc>Fails if ``key`` is not found from ``dictionary``.</doc>
<status status="PASS" start="2024-05-19T13:14:15.364975" elapsed="0.000223"/>
</kw>
<status status="PASS" start="2024-05-19T13:14:15.129468" elapsed="0.235991"/>
</kw>
<doc>Testa se a API responde corretamente e retorna um objeto JSON válido.</doc>
<tag>testeRequisicaoBasica</tag>
<status status="PASS" start="2024-05-19T13:14:15.128872" elapsed="0.236774"/>
</test>
<test id="s1-s1-t3" name="Validar estrutura de resposta" line="22">
<kw name="Teste de Estrutura de Resposta" owner="random-user-service">
<kw name="GET On Session" owner="RequestsLibrary">
<msg time="2024-05-19T13:14:15.466680" level="INFO">GET Request : url=https://randomuser.me/api 
 path_url=/api 
 headers={'User-Agent': 'python-requests/2.31.0', 'Accept-Encoding': 'gzip, deflate', 'Accept': '*/*', 'Connection': 'keep-alive'} 
 body=None 
 </msg>
<msg time="2024-05-19T13:14:15.466785" level="INFO">GET Response : url=https://randomuser.me/api 
 status=200, reason=OK 
 headers={'Date': 'Sun, 19 May 2024 13:14:15 GMT', 'Content-Type': 'application/json; charset=utf-8', 'Transfer-Encoding': 'chunked', 'Connection': 'keep-alive', 'X-Powered-By': 'Express', 'Access-Control-Allow-Origin': '*', 'Cache-Control': 'no-cache', 'ETag': 'W/"47a-bE15to8E6z21WkG306FWUjLQmtQ"', 'Vary': 'Accept-Encoding', 'Content-Encoding': 'gzip', 'CF-Cache-Status': 'DYNAMIC', 'Report-To': '{"endpoints":[{"url":"https:\\/\\/a.nel.cloudflare.com\\/report\\/v4?s=TdhDKuTS8WvufHsbMSOPByrmqctJqtPNGKgAvrOi%2F6wk9RBRO%2Bo2LaBb4j%2BEHAe9ctUwoZZN0ZJOawEvD6D8CphIuawmS0RO5t3ujSOEddce9ZyNNU1nW3iDdIa6I0La"}],"group":"cf-nel","max_age":604800}', 'NEL': '{"success_fraction":0,"report_to":"cf-nel","max_age":604800}', 'Server': 'cloudflare', 'CF-RAY': '8864595619fa5a1c-IAD', 'alt-svc': 'h3=":443"; ma=86400'} 
 body={"results":[{"gender":"male","name":{"title":"Mr","first":"Marvin","last":"Howard"},"location":{"street":{"number":1571,"name":"Galway Road"},"city":"Monaghan","state":"Limerick","country":"Ireland","postcode":75833,"coordinates":{"latitude":"-3.3901","longitude":"-63.7871"},"timezone":{"offset":"-1:00","description":"Azores, Cape Verde Islands"}},"email":"marvin.howard@example.com","login":{"uuid":"a6622a8b-2238-4b63-ae8a-62eb2e466bab","username":"lazymouse481","password":"todd","salt":"jjoHTAoi","md5":"832e8f143320d62814bff3ace2ac6ab3","sha1":"49e0b2e267058f9b119ce2f951daee713e9453fa","sha256":"6d7193865f389f6d48ad365b695cd2a3722b75adae9314911c036851cd7f783c"},"dob":{"date":"1954-02-22T21:41:26.875Z","age":70},"registered":{"date":"2020-09-26T09:47:15.683Z","age":3},"phone":"021-924-4767","cell":"081-510-6361","id":{"name":"PPS","value":"0333461T"},"picture":{"large":"https://randomuser.me/api/portraits/men/74.jpg","medium":"https://randomuser.me/api/portraits/med/men/74.jpg","thumbnail":"https://randomuser.me/api/portraits/thumb/men/74.jpg"},"nat":"IE"}],"info":{"seed":"f55b18c324fccf7d","results":1,"page":1,"version":"1.4"}} 
 </msg>
<msg time="2024-05-19T13:14:15.466921" level="INFO">/opt/hostedtoolcache/Python/3.12.3/x64/lib/python3.12/site-packages/urllib3/connectionpool.py:1103: InsecureRequestWarning: Unverified HTTPS request is being made to host 'randomuser.me'. Adding certificate verification is strongly advised. See: https://urllib3.readthedocs.io/en/latest/advanced-usage.html#tls-warnings
  warnings.warn(</msg>
<msg time="2024-05-19T13:14:15.467056" level="INFO">${response} = &lt;Response [200]&gt;</msg>
<var>${response}</var>
<arg>consultarAPI</arg>
<arg>/api</arg>
<doc>Sends a GET request on a previously created HTTP Session.</doc>
<status status="PASS" start="2024-05-19T13:14:15.368406" elapsed="0.098691"/>
</kw>
<kw name="Set Variable" owner="BuiltIn">
<msg time="2024-05-19T13:14:15.468363" level="INFO">${json_data} = {'results': [{'gender': 'male', 'name': {'title': 'Mr', 'first': 'Marvin', 'last': 'Howard'}, 'location': {'street': {'number': 1571, 'name': 'Galway Road'}, 'city': 'Monaghan', 'state': 'Limerick', '...</msg>
<var>${json_data}</var>
<arg>${response.json()}</arg>
<doc>Returns the given values which can then be assigned to a variables.</doc>
<status status="PASS" start="2024-05-19T13:14:15.467754" elapsed="0.000640"/>
</kw>
<kw name="Log" owner="BuiltIn">
<msg time="2024-05-19T13:14:15.468946" level="INFO">{'results': [{'gender': 'male', 'name': {'title': 'Mr', 'first': 'Marvin', 'last': 'Howard'}, 'location': {'street': {'number': 1571, 'name': 'Galway Road'}, 'city': 'Monaghan', 'state': 'Limerick', 'country': 'Ireland', 'postcode': 75833, 'coordinates': {'latitude': '-3.3901', 'longitude': '-63.7871'}, 'timezone': {'offset': '-1:00', 'description': 'Azores, Cape Verde Islands'}}, 'email': 'marvin.howard@example.com', 'login': {'uuid': 'a6622a8b-2238-4b63-ae8a-62eb2e466bab', 'username': 'lazymouse481', 'password': 'todd', 'salt': 'jjoHTAoi', 'md5': '832e8f143320d62814bff3ace2ac6ab3', 'sha1': '49e0b2e267058f9b119ce2f951daee713e9453fa', 'sha256': '6d7193865f389f6d48ad365b695cd2a3722b75adae9314911c036851cd7f783c'}, 'dob': {'date': '1954-02-22T21:41:26.875Z', 'age': 70}, 'registered': {'date': '2020-09-26T09:47:15.683Z', 'age': 3}, 'phone': '021-924-4767', 'cell': '081-510-6361', 'id': {'name': 'PPS', 'value': '0333461T'}, 'picture': {'large': 'https://randomuser.me/api/portraits/men/74.jpg', 'medium': 'https://randomuser.me/api/portraits/med/men/74.jpg', 'thumbnail': 'https://randomuser.me/api/portraits/thumb/men/74.jpg'}, 'nat': 'IE'}], 'info': {'seed': 'f55b18c324fccf7d', 'results': 1, 'page': 1, 'version': '1.4'}}</msg>
<arg>${json_data}</arg>
<doc>Logs the given message with the given level.</doc>
<status status="PASS" start="2024-05-19T13:14:15.468773" elapsed="0.000220"/>
</kw>
<kw name="Dictionary Should Contain Key" owner="Collections">
<msg time="2024-05-19T13:14:15.469453" level="INFO">False</msg>
<arg>${json_data}</arg>
<arg>results</arg>
<doc>Fails if ``key`` is not found from ``dictionary``.</doc>
<status status="PASS" start="2024-05-19T13:14:15.469291" elapsed="0.000198"/>
</kw>
<kw name="Should Not Be Empty" owner="BuiltIn">
<msg time="2024-05-19T13:14:15.469906" level="INFO">Length is 2.</msg>
<arg>${json_data}</arg>
<doc>Verifies that the given item is not empty.</doc>
<status status="PASS" start="2024-05-19T13:14:15.469776" elapsed="0.000331"/>
</kw>
<kw name="Create List" owner="BuiltIn">
<msg time="2024-05-19T13:14:15.470569" level="INFO">${expected_keys} = ['gender', 'name', 'location', 'email', 'login']</msg>
<var>${expected_keys}</var>
<arg>gender</arg>
<arg>name</arg>
<arg>location</arg>
<arg>email</arg>
<arg>login</arg>
<doc>Returns a list containing given items.</doc>
<status status="PASS" start="2024-05-19T13:14:15.470400" elapsed="0.000193"/>
</kw>
<for flavor="IN">
<iter>
<kw name="Dictionary Should Contain Key" owner="Collections">
<msg time="2024-05-19T13:14:15.471604" level="INFO">False</msg>
<arg>${json_data['results'][0]}</arg>
<arg>${key}</arg>
<doc>Fails if ``key`` is not found from ``dictionary``.</doc>
<status status="PASS" start="2024-05-19T13:14:15.471189" elapsed="0.000453"/>
</kw>
<kw name="Log" owner="BuiltIn">
<msg time="2024-05-19T13:14:15.472337" level="INFO">{'gender': 'male', 'name': {'title': 'Mr', 'first': 'Marvin', 'last': 'Howard'}, 'location': {'street': {'number': 1571, 'name': 'Galway Road'}, 'city': 'Monaghan', 'state': 'Limerick', 'country': 'Ireland', 'postcode': 75833, 'coordinates': {'latitude': '-3.3901', 'longitude': '-63.7871'}, 'timezone': {'offset': '-1:00', 'description': 'Azores, Cape Verde Islands'}}, 'email': 'marvin.howard@example.com', 'login': {'uuid': 'a6622a8b-2238-4b63-ae8a-62eb2e466bab', 'username': 'lazymouse481', 'password': 'todd', 'salt': 'jjoHTAoi', 'md5': '832e8f143320d62814bff3ace2ac6ab3', 'sha1': '49e0b2e267058f9b119ce2f951daee713e9453fa', 'sha256': '6d7193865f389f6d48ad365b695cd2a3722b75adae9314911c036851cd7f783c'}, 'dob': {'date': '1954-02-22T21:41:26.875Z', 'age': 70}, 'registered': {'date': '2020-09-26T09:47:15.683Z', 'age': 3}, 'phone': '021-924-4767', 'cell': '081-510-6361', 'id': {'name': 'PPS', 'value': '0333461T'}, 'picture': {'large': 'https://randomuser.me/api/portraits/men/74.jpg', 'medium': 'https://randomuser.me/api/portraits/med/men/74.jpg', 'thumbnail': 'https://randomuser.me/api/portraits/thumb/men/74.jpg'}, 'nat': 'IE'}</msg>
<arg>${json_data['results'][0]}</arg>
<doc>Logs the given message with the given level.</doc>
<status status="PASS" start="2024-05-19T13:14:15.471940" elapsed="0.000456"/>
</kw>
<kw name="Log" owner="BuiltIn">
<msg time="2024-05-19T13:14:15.472862" level="INFO">gender</msg>
<arg>${key}</arg>
<doc>Logs the given message with the given level.</doc>
<status status="PASS" start="2024-05-19T13:14:15.472729" elapsed="0.000171"/>
</kw>
<var name="${key}">gender</var>
<status status="PASS" start="2024-05-19T13:14:15.471057" elapsed="0.002054"/>
</iter>
<iter>
<kw name="Dictionary Should Contain Key" owner="Collections">
<msg time="2024-05-19T13:14:15.473797" level="INFO">False</msg>
<arg>${json_data['results'][0]}</arg>
<arg>${key}</arg>
<doc>Fails if ``key`` is not found from ``dictionary``.</doc>
<status status="PASS" start="2024-05-19T13:14:15.473414" elapsed="0.000422"/>
</kw>
<kw name="Log" owner="BuiltIn">
<msg time="2024-05-19T13:14:15.474571" level="INFO">{'gender': 'male', 'name': {'title': 'Mr', 'first': 'Marvin', 'last': 'Howard'}, 'location': {'street': {'number': 1571, 'name': 'Galway Road'}, 'city': 'Monaghan', 'state': 'Limerick', 'country': 'Ireland', 'postcode': 75833, 'coordinates': {'latitude': '-3.3901', 'longitude': '-63.7871'}, 'timezone': {'offset': '-1:00', 'description': 'Azores, Cape Verde Islands'}}, 'email': 'marvin.howard@example.com', 'login': {'uuid': 'a6622a8b-2238-4b63-ae8a-62eb2e466bab', 'username': 'lazymouse481', 'password': 'todd', 'salt': 'jjoHTAoi', 'md5': '832e8f143320d62814bff3ace2ac6ab3', 'sha1': '49e0b2e267058f9b119ce2f951daee713e9453fa', 'sha256': '6d7193865f389f6d48ad365b695cd2a3722b75adae9314911c036851cd7f783c'}, 'dob': {'date': '1954-02-22T21:41:26.875Z', 'age': 70}, 'registered': {'date': '2020-09-26T09:47:15.683Z', 'age': 3}, 'phone': '021-924-4767', 'cell': '081-510-6361', 'id': {'name': 'PPS', 'value': '0333461T'}, 'picture': {'large': 'https://randomuser.me/api/portraits/men/74.jpg', 'medium': 'https://randomuser.me/api/portraits/med/men/74.jpg', 'thumbnail': 'https://randomuser.me/api/portraits/thumb/men/74.jpg'}, 'nat': 'IE'}</msg>
<arg>${json_data['results'][0]}</arg>
<doc>Logs the given message with the given level.</doc>
<status status="PASS" start="2024-05-19T13:14:15.474183" elapsed="0.000445"/>
</kw>
<kw name="Log" owner="BuiltIn">
<msg time="2024-05-19T13:14:15.475065" level="INFO">name</msg>
<arg>${key}</arg>
<doc>Logs the given message with the given level.</doc>
<status status="PASS" start="2024-05-19T13:14:15.474927" elapsed="0.000175"/>
</kw>
<var name="${key}">name</var>
<status status="PASS" start="2024-05-19T13:14:15.473299" elapsed="0.002016"/>
</iter>
<iter>
<kw name="Dictionary Should Contain Key" owner="Collections">
<msg time="2024-05-19T13:14:15.475984" level="INFO">False</msg>
<arg>${json_data['results'][0]}</arg>
<arg>${key}</arg>
<doc>Fails if ``key`` is not found from ``dictionary``.</doc>
<status status="PASS" start="2024-05-19T13:14:15.475605" elapsed="0.000416"/>
</kw>
<kw name="Log" owner="BuiltIn">
<msg time="2024-05-19T13:14:15.476719" level="INFO">{'gender': 'male', 'name': {'title': 'Mr', 'first': 'Marvin', 'last': 'Howard'}, 'location': {'street': {'number': 1571, 'name': 'Galway Road'}, 'city': 'Monaghan', 'state': 'Limerick', 'country': 'Ireland', 'postcode': 75833, 'coordinates': {'latitude': '-3.3901', 'longitude': '-63.7871'}, 'timezone': {'offset': '-1:00', 'description': 'Azores, Cape Verde Islands'}}, 'email': 'marvin.howard@example.com', 'login': {'uuid': 'a6622a8b-2238-4b63-ae8a-62eb2e466bab', 'username': 'lazymouse481', 'password': 'todd', 'salt': 'jjoHTAoi', 'md5': '832e8f143320d62814bff3ace2ac6ab3', 'sha1': '49e0b2e267058f9b119ce2f951daee713e9453fa', 'sha256': '6d7193865f389f6d48ad365b695cd2a3722b75adae9314911c036851cd7f783c'}, 'dob': {'date': '1954-02-22T21:41:26.875Z', 'age': 70}, 'registered': {'date': '2020-09-26T09:47:15.683Z', 'age': 3}, 'phone': '021-924-4767', 'cell': '081-510-6361', 'id': {'name': 'PPS', 'value': '0333461T'}, 'picture': {'large': 'https://randomuser.me/api/portraits/men/74.jpg', 'medium': 'https://randomuser.me/api/portraits/med/men/74.jpg', 'thumbnail': 'https://randomuser.me/api/portraits/thumb/men/74.jpg'}, 'nat': 'IE'}</msg>
<arg>${json_data['results'][0]}</arg>
<doc>Logs the given message with the given level.</doc>
<status status="PASS" start="2024-05-19T13:14:15.476314" elapsed="0.000454"/>
</kw>
<kw name="Log" owner="BuiltIn">
<msg time="2024-05-19T13:14:15.477202" level="INFO">location</msg>
<arg>${key}</arg>
<doc>Logs the given message with the given level.</doc>
<status status="PASS" start="2024-05-19T13:14:15.477066" elapsed="0.000173"/>
</kw>
<var name="${key}">location</var>
<status status="PASS" start="2024-05-19T13:14:15.475493" elapsed="0.001961"/>
</iter>
<iter>
<kw name="Dictionary Should Contain Key" owner="Collections">
<msg time="2024-05-19T13:14:15.478115" level="INFO">False</msg>
<arg>${json_data['results'][0]}</arg>
<arg>${key}</arg>
<doc>Fails if ``key`` is not found from ``dictionary``.</doc>
<status status="PASS" start="2024-05-19T13:14:15.477735" elapsed="0.000417"/>
</kw>
<kw name="Log" owner="BuiltIn">
<msg time="2024-05-19T13:14:15.478807" level="INFO">{'gender': 'male', 'name': {'title': 'Mr', 'first': 'Marvin', 'last': 'Howard'}, 'location': {'street': {'number': 1571, 'name': 'Galway Road'}, 'city': 'Monaghan', 'state': 'Limerick', 'country': 'Ireland', 'postcode': 75833, 'coordinates': {'latitude': '-3.3901', 'longitude': '-63.7871'}, 'timezone': {'offset': '-1:00', 'description': 'Azores, Cape Verde Islands'}}, 'email': 'marvin.howard@example.com', 'login': {'uuid': 'a6622a8b-2238-4b63-ae8a-62eb2e466bab', 'username': 'lazymouse481', 'password': 'todd', 'salt': 'jjoHTAoi', 'md5': '832e8f143320d62814bff3ace2ac6ab3', 'sha1': '49e0b2e267058f9b119ce2f951daee713e9453fa', 'sha256': '6d7193865f389f6d48ad365b695cd2a3722b75adae9314911c036851cd7f783c'}, 'dob': {'date': '1954-02-22T21:41:26.875Z', 'age': 70}, 'registered': {'date': '2020-09-26T09:47:15.683Z', 'age': 3}, 'phone': '021-924-4767', 'cell': '081-510-6361', 'id': {'name': 'PPS', 'value': '0333461T'}, 'picture': {'large': 'https://randomuser.me/api/portraits/men/74.jpg', 'medium': 'https://randomuser.me/api/portraits/med/men/74.jpg', 'thumbnail': 'https://randomuser.me/api/portraits/thumb/men/74.jpg'}, 'nat': 'IE'}</msg>
<arg>${json_data['results'][0]}</arg>
<doc>Logs the given message with the given level.</doc>
<status status="PASS" start="2024-05-19T13:14:15.478448" elapsed="0.000407"/>
</kw>
<kw name="Log" owner="BuiltIn">
<msg time="2024-05-19T13:14:15.479268" level="INFO">email</msg>
<arg>${key}</arg>
<doc>Logs the given message with the given level.</doc>
<status status="PASS" start="2024-05-19T13:14:15.479143" elapsed="0.000162"/>
</kw>
<var name="${key}">email</var>
<status status="PASS" start="2024-05-19T13:14:15.477625" elapsed="0.001895"/>
</iter>
<iter>
<kw name="Dictionary Should Contain Key" owner="Collections">
<msg time="2024-05-19T13:14:15.480172" level="INFO">False</msg>
<arg>${json_data['results'][0]}</arg>
<arg>${key}</arg>
<doc>Fails if ``key`` is not found from ``dictionary``.</doc>
<status status="PASS" start="2024-05-19T13:14:15.479797" elapsed="0.000412"/>
</kw>
<kw name="Log" owner="BuiltIn">
<msg time="2024-05-19T13:14:15.480910" level="INFO">{'gender': 'male', 'name': {'title': 'Mr', 'first': 'Marvin', 'last': 'Howard'}, 'location': {'street': {'number': 1571, 'name': 'Galway Road'}, 'city': 'Monaghan', 'state': 'Limerick', 'country': 'Ireland', 'postcode': 75833, 'coordinates': {'latitude': '-3.3901', 'longitude': '-63.7871'}, 'timezone': {'offset': '-1:00', 'description': 'Azores, Cape Verde Islands'}}, 'email': 'marvin.howard@example.com', 'login': {'uuid': 'a6622a8b-2238-4b63-ae8a-62eb2e466bab', 'username': 'lazymouse481', 'password': 'todd', 'salt': 'jjoHTAoi', 'md5': '832e8f143320d62814bff3ace2ac6ab3', 'sha1': '49e0b2e267058f9b119ce2f951daee713e9453fa', 'sha256': '6d7193865f389f6d48ad365b695cd2a3722b75adae9314911c036851cd7f783c'}, 'dob': {'date': '1954-02-22T21:41:26.875Z', 'age': 70}, 'registered': {'date': '2020-09-26T09:47:15.683Z', 'age': 3}, 'phone': '021-924-4767', 'cell': '081-510-6361', 'id': {'name': 'PPS', 'value': '0333461T'}, 'picture': {'large': 'https://randomuser.me/api/portraits/men/74.jpg', 'medium': 'https://randomuser.me/api/portraits/med/men/74.jpg', 'thumbnail': 'https://randomuser.me/api/portraits/thumb/men/74.jpg'}, 'nat': 'IE'}</msg>
<arg>${json_data['results'][0]}</arg>
<doc>Logs the given message with the given level.</doc>
<status status="PASS" start="2024-05-19T13:14:15.480532" elapsed="0.000434"/>
</kw>
<kw name="Log" owner="BuiltIn">
<msg time="2024-05-19T13:14:15.481385" level="INFO">login</msg>
<arg>${key}</arg>
<doc>Logs the given message with the given level.</doc>
<status status="PASS" start="2024-05-19T13:14:15.481260" elapsed="0.000161"/>
</kw>
<var name="${key}">login</var>
<status status="PASS" start="2024-05-19T13:14:15.479687" elapsed="0.001950"/>
</iter>
<var>${key}</var>
<value>@{expected_keys}</value>
<status status="PASS" start="2024-05-19T13:14:15.470857" elapsed="0.010926"/>
</for>
<kw name="Create List" owner="BuiltIn">
<msg time="2024-05-19T13:14:15.482136" level="INFO">${expected_keysTwo} = ['username', 'password']</msg>
<var>${expected_keysTwo}</var>
<arg>username</arg>
<arg>password</arg>
<doc>Returns a list containing given items.</doc>
<status status="PASS" start="2024-05-19T13:14:15.481994" elapsed="0.000165"/>
</kw>
<for flavor="IN">
<iter>
<kw name="Dictionary Should Contain Key" owner="Collections">
<msg time="2024-05-19T13:14:15.483042" level="INFO">False</msg>
<arg>${json_data['results'][0]['login']}</arg>
<arg>${keyTwo}</arg>
<doc>Fails if ``key`` is not found from ``dictionary``.</doc>
<status status="PASS" start="2024-05-19T13:14:15.482662" elapsed="0.000416"/>
</kw>
<kw name="Dictionary Should Contain Key" owner="Collections">
<msg time="2024-05-19T13:14:15.483746" level="INFO">False</msg>
<arg>${json_data['results'][0]['login']}</arg>
<arg>${keyTwo}</arg>
<doc>Fails if ``key`` is not found from ``dictionary``.</doc>
<status status="PASS" start="2024-05-19T13:14:15.483368" elapsed="0.000414"/>
</kw>
<kw name="Log" owner="BuiltIn">
<msg time="2024-05-19T13:14:15.484197" level="INFO">username</msg>
<arg>${keyTwo}</arg>
<doc>Logs the given message with the given level.</doc>
<status status="PASS" start="2024-05-19T13:14:15.484071" elapsed="0.000168"/>
</kw>
<var name="${keyTwo}">username</var>
<status status="PASS" start="2024-05-19T13:14:15.482554" elapsed="0.001899"/>
</iter>
<iter>
<kw name="Dictionary Should Contain Key" owner="Collections">
<msg time="2024-05-19T13:14:15.485235" level="INFO">False</msg>
<arg>${json_data['results'][0]['login']}</arg>
<arg>${keyTwo}</arg>
<doc>Fails if ``key`` is not found from ``dictionary``.</doc>
<status status="PASS" start="2024-05-19T13:14:15.484757" elapsed="0.000519"/>
</kw>
<kw name="Dictionary Should Contain Key" owner="Collections">
<msg time="2024-05-19T13:14:15.485945" level="INFO">False</msg>
<arg>${json_data['results'][0]['login']}</arg>
<arg>${keyTwo}</arg>
<doc>Fails if ``key`` is not found from ``dictionary``.</doc>
<status status="PASS" start="2024-05-19T13:14:15.485573" elapsed="0.000407"/>
</kw>
<kw name="Log" owner="BuiltIn">
<msg time="2024-05-19T13:14:15.486395" level="INFO">password</msg>
<arg>${keyTwo}</arg>
<doc>Logs the given message with the given level.</doc>
<status status="PASS" start="2024-05-19T13:14:15.486271" elapsed="0.000161"/>
</kw>
<var name="${keyTwo}">password</var>
<status status="PASS" start="2024-05-19T13:14:15.484648" elapsed="0.002006"/>
</iter>
<var>${keyTwo}</var>
<value>@{expected_keysTwo}</value>
<status status="PASS" start="2024-05-19T13:14:15.482399" elapsed="0.004377"/>
</for>
<status status="PASS" start="2024-05-19T13:14:15.368154" elapsed="0.118766"/>
</kw>
<doc>Testa a estrutura da resposta da API.</doc>
<tag>testeEstruturaResposta</tag>
<status status="PASS" start="2024-05-19T13:14:15.367507" elapsed="0.119574"/>
</test>
<test id="s1-s1-t4" name="Validar tipos de dados" line="28">
<kw name="Teste de Tipos de Dados" owner="random-user-service">
<kw name="GET On Session" owner="RequestsLibrary">
<msg time="2024-05-19T13:14:15.573556" level="INFO">GET Request : url=https://randomuser.me/api 
 path_url=/api 
 headers={'User-Agent': 'python-requests/2.31.0', 'Accept-Encoding': 'gzip, deflate', 'Accept': '*/*', 'Connection': 'keep-alive'} 
 body=None 
 </msg>
<msg time="2024-05-19T13:14:15.573664" level="INFO">GET Response : url=https://randomuser.me/api 
 status=200, reason=OK 
 headers={'Date': 'Sun, 19 May 2024 13:14:15 GMT', 'Content-Type': 'application/json; charset=utf-8', 'Transfer-Encoding': 'chunked', 'Connection': 'keep-alive', 'X-Powered-By': 'Express', 'Access-Control-Allow-Origin': '*', 'Cache-Control': 'no-cache', 'ETag': 'W/"48c-2OXbGDKbkZS0dkWaYBOwJ2EI1fw"', 'Vary': 'Accept-Encoding', 'Content-Encoding': 'gzip', 'CF-Cache-Status': 'DYNAMIC', 'Report-To': '{"endpoints":[{"url":"https:\\/\\/a.nel.cloudflare.com\\/report\\/v4?s=88eZvhVa360JLCJUhpShwYf9oW%2BoT8KATmHj1%2FJfZLMEGMmXSGUqwrgEkVIrxFo%2FLq8v3ujp0xKYC7NZ4y9NWjBz4F7oaLoG98aZwOi7FvV7g2gGnkozjJS1HjaGN7s4"}],"group":"cf-nel","max_age":604800}', 'NEL': '{"success_fraction":0,"report_to":"cf-nel","max_age":604800}', 'Server': 'cloudflare', 'CF-RAY': '88645956da945a1c-IAD', 'alt-svc': 'h3=":443"; ma=86400'} 
 body={"results":[{"gender":"male","name":{"title":"Mr","first":"Rafael","last":"Ford"},"location":{"street":{"number":9139,"name":"Westmoreland Street"},"city":"Buncrana","state":"Cork","country":"Ireland","postcode":23862,"coordinates":{"latitude":"-3.7130","longitude":"-6.3851"},"timezone":{"offset":"+11:00","description":"Magadan, Solomon Islands, New Caledonia"}},"email":"rafael.ford@example.com","login":{"uuid":"c4fef212-786b-4ed8-a1d9-962014e100dc","username":"ticklishmouse626","password":"alabama","salt":"DHAR61IQ","md5":"e7a1d4f804e370332b2f910e56e9885d","sha1":"def5c0973bc345a102f0e1a1bf0f0167e04bf39f","sha256":"07c87a35d71cc7208aad8d4c9a1edd3f16f87a48416dadb9f1cf0b07ed5781c3"},"dob":{"date":"1966-10-04T18:12:40.640Z","age":57},"registered":{"date":"2005-02-21T01:00:22.613Z","age":19},"phone":"011-280-0087","cell":"081-597-9088","id":{"name":"PPS","value":"8343440T"},"picture":{"large":"https://randomuser.me/api/portraits/men/6.jpg","medium":"https://randomuser.me/api/portraits/med/men/6.jpg","thumbnail":"https://randomuser.me/api/portraits/thumb/men/6.jpg"},"nat":"IE"}],"info":{"seed":"e1cff67f3d8921b5","results":1,"page":1,"version":"1.4"}} 
 </msg>
<msg time="2024-05-19T13:14:15.573739" level="INFO">/opt/hostedtoolcache/Python/3.12.3/x64/lib/python3.12/site-packages/urllib3/connectionpool.py:1103: InsecureRequestWarning: Unverified HTTPS request is being made to host 'randomuser.me'. Adding certificate verification is strongly advised. See: https://urllib3.readthedocs.io/en/latest/advanced-usage.html#tls-warnings
  warnings.warn(</msg>
<msg time="2024-05-19T13:14:15.573868" level="INFO">${response} = &lt;Response [200]&gt;</msg>
<var>${response}</var>
<arg>consultarAPI</arg>
<arg>/api</arg>
<doc>Sends a GET request on a previously created HTTP Session.</doc>
<status status="PASS" start="2024-05-19T13:14:15.489618" elapsed="0.084295"/>
</kw>
<kw name="Set Variable" owner="BuiltIn">
<msg time="2024-05-19T13:14:15.575242" level="INFO">${json_data} = {'results': [{'gender': 'male', 'name': {'title': 'Mr', 'first': 'Rafael', 'last': 'Ford'}, 'location': {'street': {'number': 9139, 'name': 'Westmoreland Street'}, 'city': 'Buncrana', 'state': 'Cork',...</msg>
<var>${json_data}</var>
<arg>${response.json()}</arg>
<doc>Returns the given values which can then be assigned to a variables.</doc>
<status status="PASS" start="2024-05-19T13:14:15.574618" elapsed="0.000654"/>
</kw>
<kw name="Log" owner="BuiltIn">
<msg time="2024-05-19T13:14:15.575828" level="INFO">{'results': [{'gender': 'male', 'name': {'title': 'Mr', 'first': 'Rafael', 'last': 'Ford'}, 'location': {'street': {'number': 9139, 'name': 'Westmoreland Street'}, 'city': 'Buncrana', 'state': 'Cork', 'country': 'Ireland', 'postcode': 23862, 'coordinates': {'latitude': '-3.7130', 'longitude': '-6.3851'}, 'timezone': {'offset': '+11:00', 'description': 'Magadan, Solomon Islands, New Caledonia'}}, 'email': 'rafael.ford@example.com', 'login': {'uuid': 'c4fef212-786b-4ed8-a1d9-962014e100dc', 'username': 'ticklishmouse626', 'password': 'alabama', 'salt': 'DHAR61IQ', 'md5': 'e7a1d4f804e370332b2f910e56e9885d', 'sha1': 'def5c0973bc345a102f0e1a1bf0f0167e04bf39f', 'sha256': '07c87a35d71cc7208aad8d4c9a1edd3f16f87a48416dadb9f1cf0b07ed5781c3'}, 'dob': {'date': '1966-10-04T18:12:40.640Z', 'age': 57}, 'registered': {'date': '2005-02-21T01:00:22.613Z', 'age': 19}, 'phone': '011-280-0087', 'cell': '081-597-9088', 'id': {'name': 'PPS', 'value': '8343440T'}, 'picture': {'large': 'https://randomuser.me/api/portraits/men/6.jpg', 'medium': 'https://randomuser.me/api/portraits/med/men/6.jpg', 'thumbnail': 'https://randomuser.me/api/portraits/thumb/men/6.jpg'}, 'nat': 'IE'}], 'info': {'seed': 'e1cff67f3d8921b5', 'results': 1, 'page': 1, 'version': '1.4'}}</msg>
<arg>${json_data}</arg>
<doc>Logs the given message with the given level.</doc>
<status status="PASS" start="2024-05-19T13:14:15.575644" elapsed="0.000234"/>
</kw>
<kw name="Should Be String" owner="String">
<arg>${json_data['results'][0]['gender']}</arg>
<doc>Fails if the given ``item`` is not a string.</doc>
<status status="PASS" start="2024-05-19T13:14:15.576252" elapsed="0.000454"/>
</kw>
<kw name="Should Match Regexp" owner="BuiltIn">
<arg>${json_data['results'][0]['email']}</arg>
<arg>^[a-zA-Z0-9._%+-]+@[a-zA-Z0-9.-]+\.[a-zA-Z]{2,}$</arg>
<doc>Fails if ``string`` does not match ``pattern`` as a regular expression.</doc>
<status status="PASS" start="2024-05-19T13:14:15.576918" elapsed="0.000540"/>
</kw>
<kw name="Should Match Regexp" owner="BuiltIn">
<arg>${json_data['results'][0]['dob']['date']}</arg>
<arg>\\d{4}-\\d{2}-\\d{2}T\\d{2}:\\d{2}:\\d{2}\\.\\d{3}Z</arg>
<doc>Fails if ``string`` does not match ``pattern`` as a regular expression.</doc>
<status status="PASS" start="2024-05-19T13:14:15.577669" elapsed="0.000519"/>
</kw>
<kw name="Should Match Regexp" owner="BuiltIn">
<arg>${json_data['results'][0]['registered']['date']}</arg>
<arg>\\d{4}-\\d{2}-\\d{2}T\\d{2}:\\d{2}:\\d{2}\\.\\d{3}Z</arg>
<doc>Fails if ``string`` does not match ``pattern`` as a regular expression.</doc>
<status status="PASS" start="2024-05-19T13:14:15.578389" elapsed="0.000376"/>
</kw>
<kw name="Should Match Regexp" owner="BuiltIn">
<arg>${json_data['results'][0]['picture']['large']}</arg>
<arg>^https?://.*\.(?:png|jpe?g|gif|bmp)$</arg>
<doc>Fails if ``string`` does not match ``pattern`` as a regular expression.</doc>
<status status="PASS" start="2024-05-19T13:14:15.578961" elapsed="0.000472"/>
</kw>
<kw name="Should Match Regexp" owner="BuiltIn">
<arg>${json_data['results'][0]['picture']['medium']}</arg>
<arg>^https?://.*\.(?:png|jpe?g|gif|bmp)$</arg>
<doc>Fails if ``string`` does not match ``pattern`` as a regular expression.</doc>
<status status="PASS" start="2024-05-19T13:14:15.579623" elapsed="0.000352"/>
</kw>
<kw name="Should Match Regexp" owner="BuiltIn">
<arg>${json_data['results'][0]['picture']['thumbnail']}</arg>
<arg>^https?://.*\.(?:png|jpe?g|gif|bmp)$</arg>
<doc>Fails if ``string`` does not match ``pattern`` as a regular expression.</doc>
<status status="PASS" start="2024-05-19T13:14:15.580166" elapsed="0.000380"/>
</kw>
<kw name="Log" owner="BuiltIn">
<msg time="2024-05-19T13:14:15.581063" level="INFO">{'large': 'https://randomuser.me/api/portraits/men/6.jpg', 'medium': 'https://randomuser.me/api/portraits/med/men/6.jpg', 'thumbnail': 'https://randomuser.me/api/portraits/thumb/men/6.jpg'}</msg>
<arg>${json_data['results'][0]['picture']}</arg>
<doc>Logs the given message with the given level.</doc>
<status status="PASS" start="2024-05-19T13:14:15.580736" elapsed="0.000370"/>
</kw>
<status status="PASS" start="2024-05-19T13:14:15.489374" elapsed="0.092006"/>
</kw>
<kw name="Teste de Tipos de Dados - Postcode" owner="random-user-service">
<kw name="GET On Session" owner="RequestsLibrary">
<msg time="2024-05-19T13:14:15.662141" level="INFO">GET Request : url=https://randomuser.me/api 
 path_url=/api 
 headers={'User-Agent': 'python-requests/2.31.0', 'Accept-Encoding': 'gzip, deflate', 'Accept': '*/*', 'Connection': 'keep-alive'} 
 body=None 
 </msg>
<msg time="2024-05-19T13:14:15.662264" level="INFO">GET Response : url=https://randomuser.me/api 
 status=200, reason=OK 
 headers={'Date': 'Sun, 19 May 2024 13:14:15 GMT', 'Content-Type': 'application/json; charset=utf-8', 'Transfer-Encoding': 'chunked', 'Connection': 'keep-alive', 'X-Powered-By': 'Express', 'Access-Control-Allow-Origin': '*', 'Cache-Control': 'no-cache', 'ETag': 'W/"483-ntVwFoKvjaWTNxeOT2qrQVJqDFQ"', 'Vary': 'Accept-Encoding', 'Content-Encoding': 'gzip', 'CF-Cache-Status': 'DYNAMIC', 'Report-To': '{"endpoints":[{"url":"https:\\/\\/a.nel.cloudflare.com\\/report\\/v4?s=uLWHvTjWOLr0lztavaRPbhsmGQC4QbuhuXx6%2BRa97iZyM%2BzynMkZ0vxx25HPo%2BseZj419AgZInCkBriZHKTjV8Mipb2WOr6pkzXrOoHDIIcLhNYgeEqgx%2BUwlqaVjzXg"}],"group":"cf-nel","max_age":604800}', 'NEL': '{"success_fraction":0,"report_to":"cf-nel","max_age":604800}', 'Server': 'cloudflare', 'CF-RAY': '886459576ae55a1c-IAD', 'alt-svc': 'h3=":443"; ma=86400'} 
 body={"results":[{"gender":"male","name":{"title":"Mr","first":"Théo","last":"Michel"},"location":{"street":{"number":665,"name":"Esplanade du 9 Novembre 1989"},"city":"Brest","state":"Meuse","country":"France","postcode":70022,"coordinates":{"latitude":"-16.3521","longitude":"-19.1809"},"timezone":{"offset":"+5:45","description":"Kathmandu"}},"email":"theo.michel@example.com","login":{"uuid":"ebc123ba-45ff-49dc-9786-5d2cc25f96c3","username":"orangegoose395","password":"iguana","salt":"tv07L2VJ","md5":"f0cc0c55be62de54d7c3ed5c64af2f18","sha1":"e576dfcf49c80f0da38fb20b3a68136675bad95f","sha256":"51a1d7642c4595202b4e40562e8e55721e57fa861e74aebe09d6f8f40c3dfa38"},"dob":{"date":"1992-08-31T05:06:28.205Z","age":31},"registered":{"date":"2005-07-25T11:11:50.330Z","age":18},"phone":"04-13-95-37-25","cell":"06-14-54-70-26","id":{"name":"INSEE","value":"1920784738562 72"},"picture":{"large":"https://randomuser.me/api/portraits/men/80.jpg","medium":"https://randomuser.me/api/portraits/med/men/80.jpg","thumbnail":"https://randomuser.me/api/portraits/thumb/men/80.jpg"},"nat":"FR"}],"info":{"seed":"2f262ac9ee517325","results":1,"page":1,"version":"1.4"}} 
 </msg>
<msg time="2024-05-19T13:14:15.662355" level="INFO">/opt/hostedtoolcache/Python/3.12.3/x64/lib/python3.12/site-packages/urllib3/connectionpool.py:1103: InsecureRequestWarning: Unverified HTTPS request is being made to host 'randomuser.me'. Adding certificate verification is strongly advised. See: https://urllib3.readthedocs.io/en/latest/advanced-usage.html#tls-warnings
  warnings.warn(</msg>
<msg time="2024-05-19T13:14:15.662504" level="INFO">${response} = &lt;Response [200]&gt;</msg>
<var>${response}</var>
<arg>consultarAPI</arg>
<arg>/api</arg>
<doc>Sends a GET request on a previously created HTTP Session.</doc>
<status status="PASS" start="2024-05-19T13:14:15.581848" elapsed="0.080708"/>
</kw>
<kw name="Set Variable" owner="BuiltIn">
<msg time="2024-05-19T13:14:15.663994" level="INFO">${json_data} = {'results': [{'gender': 'male', 'name': {'title': 'Mr', 'first': 'Théo', 'last': 'Michel'}, 'location': {'street': {'number': 665, 'name': 'Esplanade du 9 Novembre 1989'}, 'city': 'Brest', 'state': 'M...</msg>
<var>${json_data}</var>
<arg>${response.json()}</arg>
<doc>Returns the given values which can then be assigned to a variables.</doc>
<status status="PASS" start="2024-05-19T13:14:15.663307" elapsed="0.000717"/>
</kw>
<kw name="Log" owner="BuiltIn">
<msg time="2024-05-19T13:14:15.664634" level="INFO">{'results': [{'gender': 'male', 'name': {'title': 'Mr', 'first': 'Théo', 'last': 'Michel'}, 'location': {'street': {'number': 665, 'name': 'Esplanade du 9 Novembre 1989'}, 'city': 'Brest', 'state': 'Meuse', 'country': 'France', 'postcode': 70022, 'coordinates': {'latitude': '-16.3521', 'longitude': '-19.1809'}, 'timezone': {'offset': '+5:45', 'description': 'Kathmandu'}}, 'email': 'theo.michel@example.com', 'login': {'uuid': 'ebc123ba-45ff-49dc-9786-5d2cc25f96c3', 'username': 'orangegoose395', 'password': 'iguana', 'salt': 'tv07L2VJ', 'md5': 'f0cc0c55be62de54d7c3ed5c64af2f18', 'sha1': 'e576dfcf49c80f0da38fb20b3a68136675bad95f', 'sha256': '51a1d7642c4595202b4e40562e8e55721e57fa861e74aebe09d6f8f40c3dfa38'}, 'dob': {'date': '1992-08-31T05:06:28.205Z', 'age': 31}, 'registered': {'date': '2005-07-25T11:11:50.330Z', 'age': 18}, 'phone': '04-13-95-37-25', 'cell': '06-14-54-70-26', 'id': {'name': 'INSEE', 'value': '1920784738562 72'}, 'picture': {'large': 'https://randomuser.me/api/portraits/men/80.jpg', 'medium': 'https://randomuser.me/api/portraits/med/men/80.jpg', 'thumbnail': 'https://randomuser.me/api/portraits/thumb/men/80.jpg'}, 'nat': 'FR'}], 'info': {'seed': '2f262ac9ee517325', 'results': 1, 'page': 1, 'version': '1.4'}}</msg>
<arg>${json_data}</arg>
<doc>Logs the given message with the given level.</doc>
<status status="PASS" start="2024-05-19T13:14:15.664408" elapsed="0.000280"/>
</kw>
<kw name="Should Be Equal As Numbers" owner="BuiltIn">
<arg>${json_data['results'][0]['location']['postcode']}</arg>
<arg>${json_data['results'][0]['location']['postcode']}</arg>
<doc>Fails if objects are unequal after converting them to real numbers.</doc>
<status status="PASS" start="2024-05-19T13:14:15.665265" elapsed="0.000698"/>
</kw>
<kw name="Log" owner="BuiltIn">
<msg time="2024-05-19T13:14:15.666551" level="INFO">70022</msg>
<arg>${json_data['results'][0]['location']['postcode']}</arg>
<doc>Logs the given message with the given level.</doc>
<status status="PASS" start="2024-05-19T13:14:15.666170" elapsed="0.000425"/>
</kw>
<status status="PASS" start="2024-05-19T13:14:15.581615" elapsed="0.085253"/>
</kw>
<doc>Testa se os tipos de dados na resposta da API estão corretos.</doc>
<tag>testeTiposDados</tag>
<status status="PASS" start="2024-05-19T13:14:15.488876" elapsed="0.178165"/>
</test>
<test id="s1-s1-t5" name="Validar conteudo" line="35">
<kw name="Teste de Tipos de Conteudo" owner="random-user-service">
<kw name="GET On Session" owner="RequestsLibrary">
<msg time="2024-05-19T13:14:15.765187" level="INFO">GET Request : url=https://randomuser.me/api 
 path_url=/api 
 headers={'User-Agent': 'python-requests/2.31.0', 'Accept-Encoding': 'gzip, deflate', 'Accept': '*/*', 'Connection': 'keep-alive'} 
 body=None 
 </msg>
<msg time="2024-05-19T13:14:15.765291" level="INFO">GET Response : url=https://randomuser.me/api 
 status=200, reason=OK 
 headers={'Date': 'Sun, 19 May 2024 13:14:15 GMT', 'Content-Type': 'application/json; charset=utf-8', 'Transfer-Encoding': 'chunked', 'Connection': 'keep-alive', 'X-Powered-By': 'Express', 'Access-Control-Allow-Origin': '*', 'Cache-Control': 'no-cache', 'ETag': 'W/"487-wrIAGhTrSBHV+KAO3CpjYrkGr5E"', 'Vary': 'Accept-Encoding', 'Content-Encoding': 'gzip', 'CF-Cache-Status': 'DYNAMIC', 'Report-To': '{"endpoints":[{"url":"https:\\/\\/a.nel.cloudflare.com\\/report\\/v4?s=kA8VPlwYdAF%2BOklXwFzK3te4uM%2Fg27wYDW2sQEM7NyGjo1q1EIYXfKt%2BwO%2BQyt3jG0z0nxUX6%2FObAKLpbwtXUrbLnGowmJc9ltN71V7bypb5VwA33HrLPkD3SMjO20ox"}],"group":"cf-nel","max_age":604800}', 'NEL': '{"success_fraction":0,"report_to":"cf-nel","max_age":604800}', 'Server': 'cloudflare', 'CF-RAY': '88645957fb515a1c-IAD', 'alt-svc': 'h3=":443"; ma=86400'} 
 body={"results":[{"gender":"male","name":{"title":"Mr","first":"Gonzalo","last":"Arias"},"location":{"street":{"number":1789,"name":"Eje vial Lucio"},"city":"Tecolutla","state":"Ciudad de Mexico","country":"Mexico","postcode":68889,"coordinates":{"latitude":"26.8558","longitude":"-146.8770"},"timezone":{"offset":"-3:30","description":"Newfoundland"}},"email":"gonzalo.arias@example.com","login":{"uuid":"50529d3a-4e10-4a2e-8d53-d3495d7f1a7f","username":"goldenduck835","password":"stacie","salt":"s4faOi3r","md5":"e21696891ff586eb388e59444f28ff6b","sha1":"a0aba250391d6496131a662310b963c3b761d78d","sha256":"25f7450da3139ac92f995bdcb32ce629df3073f120c62f528087db5fbcf8cbdd"},"dob":{"date":"1957-11-08T00:45:30.233Z","age":66},"registered":{"date":"2007-04-26T04:40:33.067Z","age":17},"phone":"(638) 490 6496","cell":"(660) 087 9305","id":{"name":"NSS","value":"59 62 47 9040 9"},"picture":{"large":"https://randomuser.me/api/portraits/men/59.jpg","medium":"https://randomuser.me/api/portraits/med/men/59.jpg","thumbnail":"https://randomuser.me/api/portraits/thumb/men/59.jpg"},"nat":"MX"}],"info":{"seed":"ed5231e315ca7b29","results":1,"page":1,"version":"1.4"}} 
 </msg>
<msg time="2024-05-19T13:14:15.765368" level="INFO">/opt/hostedtoolcache/Python/3.12.3/x64/lib/python3.12/site-packages/urllib3/connectionpool.py:1103: InsecureRequestWarning: Unverified HTTPS request is being made to host 'randomuser.me'. Adding certificate verification is strongly advised. See: https://urllib3.readthedocs.io/en/latest/advanced-usage.html#tls-warnings
  warnings.warn(</msg>
<msg time="2024-05-19T13:14:15.765495" level="INFO">${response} = &lt;Response [200]&gt;</msg>
<var>${response}</var>
<arg>consultarAPI</arg>
<arg>/api</arg>
<doc>Sends a GET request on a previously created HTTP Session.</doc>
<status status="PASS" start="2024-05-19T13:14:15.669624" elapsed="0.095899"/>
</kw>
<kw name="Set Variable" owner="BuiltIn">
<msg time="2024-05-19T13:14:15.766630" level="INFO">${json_data} = {'results': [{'gender': 'male', 'name': {'title': 'Mr', 'first': 'Gonzalo', 'last': 'Arias'}, 'location': {'street': {'number': 1789, 'name': 'Eje vial Lucio'}, 'city': 'Tecolutla', 'state': 'Ciudad d...</msg>
<var>${json_data}</var>
<arg>${response.json()}</arg>
<doc>Returns the given values which can then be assigned to a variables.</doc>
<status status="PASS" start="2024-05-19T13:14:15.766108" elapsed="0.000551"/>
</kw>
<kw name="Set Variable" owner="BuiltIn">
<msg time="2024-05-19T13:14:15.767377" level="INFO">${name_title} = Mr</msg>
<var>${name_title}</var>
<arg>${json_data["results"][0]["name"]["title"]}</arg>
<doc>Returns the given values which can then be assigned to a variables.</doc>
<status status="PASS" start="2024-05-19T13:14:15.766980" elapsed="0.000422"/>
</kw>
<kw name="Create List" owner="BuiltIn">
<msg time="2024-05-19T13:14:15.767854" level="INFO">${allowed_titles} = ['Mr', 'Ms', 'Miss', 'Mrs', 'Madame', 'Monsieur']</msg>
<var>${allowed_titles}</var>
<arg>Mr</arg>
<arg>Ms</arg>
<arg>Miss</arg>
<arg>Mrs</arg>
<arg>Madame</arg>
<arg>Monsieur</arg>
<doc>Returns a list containing given items.</doc>
<status status="PASS" start="2024-05-19T13:14:15.767705" elapsed="0.000173"/>
</kw>
<kw name="List Should Contain Value" owner="Collections">
<msg time="2024-05-19T13:14:15.768363" level="INFO">False</msg>
<arg>${allowed_titles}</arg>
<arg>${name_title}</arg>
<doc>Fails if the ``value`` is not found from ``list``.</doc>
<status status="PASS" start="2024-05-19T13:14:15.768180" elapsed="0.000221"/>
</kw>
<kw name="Set Variable" owner="BuiltIn">
<msg time="2024-05-19T13:14:15.769122" level="INFO">${name_country} = MX</msg>
<var>${name_country}</var>
<arg>${json_data["results"][0]["nat"]}</arg>
<doc>Returns the given values which can then be assigned to a variables.</doc>
<status status="PASS" start="2024-05-19T13:14:15.768731" elapsed="0.000417"/>
</kw>
<kw name="Create List" owner="BuiltIn">
<msg time="2024-05-19T13:14:15.770051" level="INFO">${list_country} = ['AD', 'AE', 'AF', 'AG', 'AI', 'AL', 'AM', 'AO', 'AQ', 'AR', 'AS', 'AT', 'AU', 'AW', 'AX', 'AZ', 'BA', 'BB', 'BD', 'BE', 'BF', 'BG', 'BH', 'BI', 'BJ', 'BL', 'BM', 'BN', 'BO', 'BQ', 'BR', 'BS', 'BT', '...</msg>
<var>${list_country}</var>
<arg>AD</arg>
<arg>AE</arg>
<arg>AF</arg>
<arg>AG</arg>
<arg>AI</arg>
<arg>AL</arg>
<arg>AM</arg>
<arg>AO</arg>
<arg>AQ</arg>
<arg>AR</arg>
<arg>AS</arg>
<arg>AT</arg>
<arg>AU</arg>
<arg>AW</arg>
<arg>AX</arg>
<arg>AZ</arg>
<arg>BA</arg>
<arg>BB</arg>
<arg>BD</arg>
<arg>BE</arg>
<arg>BF</arg>
<arg>BG</arg>
<arg>BH</arg>
<arg>BI</arg>
<arg>BJ</arg>
<arg>BL</arg>
<arg>BM</arg>
<arg>BN</arg>
<arg>BO</arg>
<arg>BQ</arg>
<arg>BR</arg>
<arg>BS</arg>
<arg>BT</arg>
<arg>BV</arg>
<arg>BW</arg>
<arg>BY</arg>
<arg>BZ</arg>
<arg>CA</arg>
<arg>CC</arg>
<arg>CD</arg>
<arg>CF</arg>
<arg>CG</arg>
<arg>CH</arg>
<arg>CI</arg>
<arg>CK</arg>
<arg>CL</arg>
<arg>CM</arg>
<arg>CN</arg>
<arg>CO</arg>
<arg>CR</arg>
<arg>CU</arg>
<arg>CV</arg>
<arg>CW</arg>
<arg>CX</arg>
<arg>CY</arg>
<arg>CZ</arg>
<arg>DE</arg>
<arg>DJ</arg>
<arg>DK</arg>
<arg>DM</arg>
<arg>DO</arg>
<arg>DZ</arg>
<arg>EC</arg>
<arg>EE</arg>
<arg>EG</arg>
<arg>EH</arg>
<arg>ER</arg>
<arg>ES</arg>
<arg>ET</arg>
<arg>FI</arg>
<arg>FJ</arg>
<arg>FK</arg>
<arg>FM</arg>
<arg>FO</arg>
<arg>FR</arg>
<arg>GA</arg>
<arg>GB</arg>
<arg>GD</arg>
<arg>GE</arg>
<arg>GF</arg>
<arg>GG</arg>
<arg>GH</arg>
<arg>GI</arg>
<arg>GL</arg>
<arg>GM</arg>
<arg>GN</arg>
<arg>GP</arg>
<arg>GQ</arg>
<arg>GR</arg>
<arg>GS</arg>
<arg>GT</arg>
<arg>GU</arg>
<arg>GW</arg>
<arg>GY</arg>
<arg>HK</arg>
<arg>HM</arg>
<arg>HN</arg>
<arg>HR</arg>
<arg>HT</arg>
<arg>HU</arg>
<arg>ID</arg>
<arg>IE</arg>
<arg>IL</arg>
<arg>IM</arg>
<arg>IN</arg>
<arg>IO</arg>
<arg>IQ</arg>
<arg>IR</arg>
<arg>IS</arg>
<arg>IT</arg>
<arg>JE</arg>
<arg>JM</arg>
<arg>JO</arg>
<arg>JP</arg>
<arg>KE</arg>
<arg>KG</arg>
<arg>KH</arg>
<arg>KI</arg>
<arg>KM</arg>
<arg>KN</arg>
<arg>KP</arg>
<arg>KR</arg>
<arg>KW</arg>
<arg>KY</arg>
<arg>KZ</arg>
<arg>LA</arg>
<arg>LB</arg>
<arg>LC</arg>
<arg>LI</arg>
<arg>LK</arg>
<arg>LR</arg>
<arg>LS</arg>
<arg>LT</arg>
<arg>LU</arg>
<arg>LV</arg>
<arg>LY</arg>
<arg>MA</arg>
<arg>MC</arg>
<arg>MD</arg>
<arg>ME</arg>
<arg>MF</arg>
<arg>MG</arg>
<arg>MH</arg>
<arg>MK</arg>
<arg>ML</arg>
<arg>MM</arg>
<arg>MN</arg>
<arg>MO</arg>
<arg>MP</arg>
<arg>MQ</arg>
<arg>MR</arg>
<arg>MS</arg>
<arg>MT</arg>
<arg>MU</arg>
<arg>MV</arg>
<arg>MW</arg>
<arg>MX</arg>
<arg>MY</arg>
<arg>MZ</arg>
<arg>NA</arg>
<arg>NC</arg>
<arg>NE</arg>
<arg>NF</arg>
<arg>NG</arg>
<arg>NI</arg>
<arg>NL</arg>
<arg>NO</arg>
<arg>NP</arg>
<arg>NR</arg>
<arg>NU</arg>
<arg>NZ</arg>
<arg>OM</arg>
<arg>PA</arg>
<arg>PE</arg>
<arg>PF</arg>
<arg>PG</arg>
<arg>PH</arg>
<arg>PK</arg>
<arg>PL</arg>
<arg>PM</arg>
<arg>PN</arg>
<arg>PR</arg>
<arg>PS</arg>
<arg>PT</arg>
<arg>PW</arg>
<arg>PY</arg>
<arg>QA</arg>
<arg>RE</arg>
<arg>RO</arg>
<arg>RS</arg>
<arg>RU</arg>
<arg>RW</arg>
<arg>SA</arg>
<arg>SB</arg>
<arg>SC</arg>
<arg>SD</arg>
<arg>SE</arg>
<arg>SG</arg>
<arg>SH</arg>
<arg>SI</arg>
<arg>SJ</arg>
<arg>SK</arg>
<arg>SL</arg>
<arg>SM</arg>
<arg>SN</arg>
<arg>SO</arg>
<arg>SR</arg>
<arg>SS</arg>
<arg>ST</arg>
<arg>SV</arg>
<arg>SX</arg>
<arg>SY</arg>
<arg>SZ</arg>
<arg>TC</arg>
<arg>TD</arg>
<arg>TF</arg>
<arg>TG</arg>
<arg>TH</arg>
<arg>TJ</arg>
<arg>TK</arg>
<arg>TL</arg>
<arg>TM</arg>
<arg>TN</arg>
<arg>TO</arg>
<arg>TR</arg>
<arg>TT</arg>
<arg>TV</arg>
<arg>TW</arg>
<arg>TZ</arg>
<arg>UA</arg>
<arg>UG</arg>
<arg>UM</arg>
<arg>US</arg>
<arg>UY</arg>
<arg>UZ</arg>
<arg>VA</arg>
<arg>VC</arg>
<arg>VE</arg>
<arg>VG</arg>
<arg>VI</arg>
<arg>VN</arg>
<arg>VU</arg>
<arg>WF</arg>
<arg>WS</arg>
<arg>XK</arg>
<arg>YE</arg>
<arg>YT</arg>
<arg>ZA</arg>
<arg>ZM</arg>
<arg>ZW</arg>
<doc>Returns a list containing given items.</doc>
<status status="PASS" start="2024-05-19T13:14:15.769455" elapsed="0.000621"/>
</kw>
<kw name="List Should Contain Value" owner="Collections">
<msg time="2024-05-19T13:14:15.771060" level="INFO">False</msg>
<arg>${list_country}</arg>
<arg>${name_country}</arg>
<doc>Fails if the ``value`` is not found from ``list``.</doc>
<status status="PASS" start="2024-05-19T13:14:15.770860" elapsed="0.000235"/>
</kw>
<kw name="Run Keyword If" owner="BuiltIn">
<kw name="Should Be True" owner="BuiltIn">
<arg>${True}</arg>
<doc>Fails if the given condition is not true.</doc>
<status status="PASS" start="2024-05-19T13:14:15.772147" elapsed="0.000258"/>
</kw>
<arg>${json_data["results"][0]["location"]["coordinates"]["latitude"]} &gt;= -90 and ${json_data["results"][0]["location"]["coordinates"]["latitude"]} &lt;= 90</arg>
<arg>Should Be True</arg>
<arg>${True}</arg>
<doc>Runs the given keyword with the given arguments, if ``condition`` is true.</doc>
<status status="PASS" start="2024-05-19T13:14:15.771407" elapsed="0.001162"/>
</kw>
<kw name="Run Keyword If" owner="BuiltIn">
<kw name="Should Be True" owner="BuiltIn">
<arg>${True}</arg>
<doc>Fails if the given condition is not true.</doc>
<status status="PASS" start="2024-05-19T13:14:15.773454" elapsed="0.000137"/>
</kw>
<arg>${json_data["results"][0]["location"]["coordinates"]["longitude"]} &gt;= -180 and ${json_data["results"][0]["location"]["coordinates"]["longitude"]} &lt;= 180</arg>
<arg>Should Be True</arg>
<arg>${True}</arg>
<doc>Runs the given keyword with the given arguments, if ``condition`` is true.</doc>
<status status="PASS" start="2024-05-19T13:14:15.772759" elapsed="0.000956"/>
</kw>
<status status="PASS" start="2024-05-19T13:14:15.669386" elapsed="0.104460"/>
</kw>
<doc>Testa o conteúdo específico dos campos retornados pela API.</doc>
<tag>testeConteudo</tag>
<status status="PASS" start="2024-05-19T13:14:15.668843" elapsed="0.105158"/>
</test>
<status status="PASS" start="2024-05-19T13:14:14.797389" elapsed="0.978634"/>
</suite>
<status status="PASS" start="2024-05-19T13:14:14.783155" elapsed="0.998236"/>
</suite>
<statistics>
<total>
<stat pass="5" fail="0" skip="0">All Tests</stat>
</total>
<tag>
<stat pass="1" fail="0" skip="0">testeConteudo</stat>
<stat pass="1" fail="0" skip="0">testeEstruturaResposta</stat>
<stat pass="1" fail="0" skip="0">testeRequisicaoBasica</stat>
<stat pass="1" fail="0" skip="0">testeTiposDados</stat>
</tag>
<suite>
<stat pass="5" fail="0" skip="0" id="s1" name="Tests">Tests</stat>
<stat pass="5" fail="0" skip="0" id="s1-s1" name="Random-User-Test">Tests.Random-User-Test</stat>
</suite>
</statistics>
<errors>
</errors>
</robot>
