<?xml version="1.0" encoding="UTF-8"?>
<robot generator="Robot 7.0 (Python 3.12.3 on linux)" generated="2024-05-27T18:19:00.467078" rpa="false" schemaversion="5">
<suite id="s1" name="Tests" source="/home/runner/work/ApiRandomUser/ApiRandomUser/RamdonUser/tests">
<suite id="s1-s1" name="Random-User-Test" source="/home/runner/work/ApiRandomUser/ApiRandomUser/RamdonUser/tests/random-user-test.robot">
<test id="s1-s1-t1" name="Conectar" line="13">
<kw name="Conectar API" owner="random-user-service">
<kw name="Create Session" owner="RequestsLibrary">
<msg time="2024-05-27T18:19:00.910903" level="INFO">Creating Session using : alias=consultarAPI, url=https://randomuser.me/, headers={},                     cookies={}, auth=None, timeout=None, proxies=None, verify=False,                     debug=0 </msg>
<arg>consultarAPI</arg>
<arg>${URL}</arg>
<doc>Create Session: create a HTTP session to a server</doc>
<status status="PASS" start="2024-05-27T18:19:00.910660" elapsed="0.000447"/>
</kw>
<status status="PASS" start="2024-05-27T18:19:00.909554" elapsed="0.001932"/>
</kw>
<status status="PASS" start="2024-05-27T18:19:00.908939" elapsed="0.002739"/>
</test>
<test id="s1-s1-t2" name="Validar retorno 200 e JSON Válido" line="16">
<kw name="Teste de Requisicao Basica" owner="random-user-service">
<kw name="GET On Session" owner="RequestsLibrary">
<msg time="2024-05-27T18:19:01.274558" level="INFO">GET Request : url=https://randomuser.me/api 
 path_url=/api 
 headers={'User-Agent': 'python-requests/2.32.2', 'Accept-Encoding': 'gzip, deflate', 'Accept': '*/*', 'Connection': 'keep-alive'} 
 body=None 
 </msg>
<msg time="2024-05-27T18:19:01.274766" level="INFO">GET Response : url=https://randomuser.me/api 
 status=200, reason=OK 
 headers={'Date': 'Mon, 27 May 2024 18:19:01 GMT', 'Content-Type': 'application/json; charset=utf-8', 'Transfer-Encoding': 'chunked', 'Connection': 'keep-alive', 'X-Powered-By': 'Express', 'Access-Control-Allow-Origin': '*', 'Cache-Control': 'no-cache', 'ETag': 'W/"485-hTX7p21ouiXivxbp/rPxBm0xlEE"', 'Vary': 'Accept-Encoding', 'Content-Encoding': 'gzip', 'CF-Cache-Status': 'DYNAMIC', 'Report-To': '{"endpoints":[{"url":"https:\\/\\/a.nel.cloudflare.com\\/report\\/v4?s=Xmgwn9gelyLvDGeNTSiKv6atqD%2BgdASIUsHIcNjH8opCKWAnwhgwjgUfUFd%2FeIq2uXuikjxhnh4EdACBmxJWc5QSgRqiF8ROW42H0QZowUu0W1KFESUt%2FVUWiukOIIYI"}],"group":"cf-nel","max_age":604800}', 'NEL': '{"success_fraction":0,"report_to":"cf-nel","max_age":604800}', 'Server': 'cloudflare', 'CF-RAY': '88a802c42fafdbba-LAX', 'alt-svc': 'h3=":443"; ma=86400'} 
 body={"results":[{"gender":"male","name":{"title":"Mr","first":"Freddie","last":"Rogers"},"location":{"street":{"number":6091,"name":"Harrison Ct"},"city":"Lansing","state":"Virginia","country":"United States","postcode":44857,"coordinates":{"latitude":"82.6817","longitude":"-37.6433"},"timezone":{"offset":"+6:00","description":"Almaty, Dhaka, Colombo"}},"email":"freddie.rogers@example.com","login":{"uuid":"5cc957e6-c39b-4fb9-b392-9e4156a3a154","username":"purplecat620","password":"chef","salt":"XoLS7SMC","md5":"8fd0e20356b008371c7ef4a9e001e553","sha1":"be1eaf05251c6d62ccc94c639a597caa2d5a91ce","sha256":"d57d037c08befd526189b550b63dc3a840581acbdedc6c1ddbdca00824aa5388"},"dob":{"date":"1995-12-02T10:02:48.223Z","age":28},"registered":{"date":"2008-06-26T18:06:19.247Z","age":15},"phone":"(446) 361-3237","cell":"(440) 631-8380","id":{"name":"SSN","value":"348-72-1143"},"picture":{"large":"https://randomuser.me/api/portraits/men/11.jpg","medium":"https://randomuser.me/api/portraits/med/men/11.jpg","thumbnail":"https://randomuser.me/api/portraits/thumb/men/11.jpg"},"nat":"US"}],"info":{"seed":"120711545148a5e1","results":1,"page":1,"version":"1.4"}} 
 </msg>
<msg time="2024-05-27T18:19:01.274851" level="INFO">/opt/hostedtoolcache/Python/3.12.3/x64/lib/python3.12/site-packages/urllib3/connectionpool.py:1103: InsecureRequestWarning: Unverified HTTPS request is being made to host 'randomuser.me'. Adding certificate verification is strongly advised. See: https://urllib3.readthedocs.io/en/latest/advanced-usage.html#tls-warnings
  warnings.warn(</msg>
<msg time="2024-05-27T18:19:01.275001" level="INFO">${response} = &lt;Response [200]&gt;</msg>
<var>${response}</var>
<arg>consultarAPI</arg>
<arg>/api</arg>
<doc>Sends a GET request on a previously created HTTP Session.</doc>
<status status="PASS" start="2024-05-27T18:19:00.914285" elapsed="0.360756"/>
</kw>
<kw name="Should Be Equal As Numbers" owner="BuiltIn">
<msg time="2024-05-27T18:19:01.276202" level="INFO">Argument types are:
&lt;class 'int'&gt;
&lt;class 'str'&gt;</msg>
<arg>${response.status_code}</arg>
<arg>200</arg>
<doc>Fails if objects are unequal after converting them to real numbers.</doc>
<status status="PASS" start="2024-05-27T18:19:01.275712" elapsed="0.000557"/>
</kw>
<kw name="Log" owner="BuiltIn">
<msg time="2024-05-27T18:19:01.276957" level="INFO">200</msg>
<arg>${response.status_code}</arg>
<doc>Logs the given message with the given level.</doc>
<status status="PASS" start="2024-05-27T18:19:01.276609" elapsed="0.000397"/>
</kw>
<kw name="Set Variable" owner="BuiltIn">
<msg time="2024-05-27T18:19:01.277768" level="INFO">${json_data} = {'results': [{'gender': 'male', 'name': {'title': 'Mr', 'first': 'Freddie', 'last': 'Rogers'}, 'location': {'street': {'number': 6091, 'name': 'Harrison Ct'}, 'city': 'Lansing', 'state': 'Virginia', '...</msg>
<var>${json_data}</var>
<arg>${response.json()}</arg>
<doc>Returns the given values which can then be assigned to a variables.</doc>
<status status="PASS" start="2024-05-27T18:19:01.277316" elapsed="0.000479"/>
</kw>
<kw name="Dictionary Should Contain Key" owner="Collections">
<msg time="2024-05-27T18:19:01.278269" level="INFO">False</msg>
<arg>${json_data}</arg>
<arg>results</arg>
<doc>Fails if ``key`` is not found from ``dictionary``.</doc>
<status status="PASS" start="2024-05-27T18:19:01.278097" elapsed="0.000377"/>
</kw>
<status status="PASS" start="2024-05-27T18:19:00.914034" elapsed="0.364746"/>
</kw>
<doc>Testa se a API responde corretamente e retorna um objeto JSON válido.</doc>
<tag>testeRequisicaoBasica</tag>
<status status="PASS" start="2024-05-27T18:19:00.913560" elapsed="0.365406"/>
</test>
<test id="s1-s1-t3" name="Validar estrutura de resposta" line="22">
<kw name="Teste de Estrutura de Resposta" owner="random-user-service">
<kw name="GET On Session" owner="RequestsLibrary">
<msg time="2024-05-27T18:19:01.394991" level="INFO">GET Request : url=https://randomuser.me/api 
 path_url=/api 
 headers={'User-Agent': 'python-requests/2.32.2', 'Accept-Encoding': 'gzip, deflate', 'Accept': '*/*', 'Connection': 'keep-alive'} 
 body=None 
 </msg>
<msg time="2024-05-27T18:19:01.395100" level="INFO">GET Response : url=https://randomuser.me/api 
 status=200, reason=OK 
 headers={'Date': 'Mon, 27 May 2024 18:19:01 GMT', 'Content-Type': 'application/json; charset=utf-8', 'Transfer-Encoding': 'chunked', 'Connection': 'keep-alive', 'X-Powered-By': 'Express', 'Access-Control-Allow-Origin': '*', 'Cache-Control': 'no-cache', 'ETag': 'W/"485-80ziw2Omw24oAzT99AIkg88EZF0"', 'Vary': 'Accept-Encoding', 'Content-Encoding': 'gzip', 'CF-Cache-Status': 'DYNAMIC', 'Report-To': '{"endpoints":[{"url":"https:\\/\\/a.nel.cloudflare.com\\/report\\/v4?s=dKaYSMZSqn%2FQuLIbpBjcJCmKHYaVVWARWp6tT6qyls0HVY0JeiCEyU90YM489MpLmhoWLyDoKHagNg5SSnKSipgnhPKC4FydW57YZvLXMpVG0SXlBXF2ykzNO9qvzDAE"}],"group":"cf-nel","max_age":604800}', 'NEL': '{"success_fraction":0,"report_to":"cf-nel","max_age":604800}', 'Server': 'cloudflare', 'CF-RAY': '88a802c508fbdbba-LAX', 'alt-svc': 'h3=":443"; ma=86400'} 
 body={"results":[{"gender":"female","name":{"title":"Miss","first":"پریا","last":"گلشن"},"location":{"street":{"number":217,"name":"پارک دانشجو"},"city":"شیراز","state":"مازندران","country":"Iran","postcode":92701,"coordinates":{"latitude":"19.0764","longitude":"119.9915"},"timezone":{"offset":"+9:30","description":"Adelaide, Darwin"}},"email":"pry.glshn@example.com","login":{"uuid":"df2e0e9a-ef05-42d9-b43d-f7d59db4b158","username":"tinyzebra494","password":"callum","salt":"9dwi1JRq","md5":"f57c4607b9568af1537c2f171a037061","sha1":"48a6ef49459ca2feebd6c131d7c2224376d5febd","sha256":"6e843a899a45f92aecb18862a28386020a4b79b532a1164a9f363cf6e93e653d"},"dob":{"date":"1992-04-27T00:09:38.213Z","age":32},"registered":{"date":"2009-08-04T18:26:50.782Z","age":14},"phone":"086-37135462","cell":"0933-533-5614","id":{"name":"","value":null},"picture":{"large":"https://randomuser.me/api/portraits/women/60.jpg","medium":"https://randomuser.me/api/portraits/med/women/60.jpg","thumbnail":"https://randomuser.me/api/portraits/thumb/women/60.jpg"},"nat":"IR"}],"info":{"seed":"0d2caead671cdeda","results":1,"page":1,"version":"1.4"}} 
 </msg>
<msg time="2024-05-27T18:19:01.395237" level="INFO">/opt/hostedtoolcache/Python/3.12.3/x64/lib/python3.12/site-packages/urllib3/connectionpool.py:1103: InsecureRequestWarning: Unverified HTTPS request is being made to host 'randomuser.me'. Adding certificate verification is strongly advised. See: https://urllib3.readthedocs.io/en/latest/advanced-usage.html#tls-warnings
  warnings.warn(</msg>
<msg time="2024-05-27T18:19:01.395368" level="INFO">${response} = &lt;Response [200]&gt;</msg>
<var>${response}</var>
<arg>consultarAPI</arg>
<arg>/api</arg>
<doc>Sends a GET request on a previously created HTTP Session.</doc>
<status status="PASS" start="2024-05-27T18:19:01.282011" elapsed="0.113387"/>
</kw>
<kw name="Set Variable" owner="BuiltIn">
<msg time="2024-05-27T18:19:01.396494" level="INFO">${json_data} = {'results': [{'gender': 'female', 'name': {'title': 'Miss', 'first': 'پریا', 'last': 'گلشن'}, 'location': {'street': {'number': 217, 'name': 'پارک دانشجو'}, 'city': 'شیراز', 'state': 'مازندران', 'coun...</msg>
<var>${json_data}</var>
<arg>${response.json()}</arg>
<doc>Returns the given values which can then be assigned to a variables.</doc>
<status status="PASS" start="2024-05-27T18:19:01.395948" elapsed="0.000577"/>
</kw>
<kw name="Log" owner="BuiltIn">
<msg time="2024-05-27T18:19:01.397004" level="INFO">{'results': [{'gender': 'female', 'name': {'title': 'Miss', 'first': 'پریا', 'last': 'گلشن'}, 'location': {'street': {'number': 217, 'name': 'پارک دانشجو'}, 'city': 'شیراز', 'state': 'مازندران', 'country': 'Iran', 'postcode': 92701, 'coordinates': {'latitude': '19.0764', 'longitude': '119.9915'}, 'timezone': {'offset': '+9:30', 'description': 'Adelaide, Darwin'}}, 'email': 'pry.glshn@example.com', 'login': {'uuid': 'df2e0e9a-ef05-42d9-b43d-f7d59db4b158', 'username': 'tinyzebra494', 'password': 'callum', 'salt': '9dwi1JRq', 'md5': 'f57c4607b9568af1537c2f171a037061', 'sha1': '48a6ef49459ca2feebd6c131d7c2224376d5febd', 'sha256': '6e843a899a45f92aecb18862a28386020a4b79b532a1164a9f363cf6e93e653d'}, 'dob': {'date': '1992-04-27T00:09:38.213Z', 'age': 32}, 'registered': {'date': '2009-08-04T18:26:50.782Z', 'age': 14}, 'phone': '086-37135462', 'cell': '0933-533-5614', 'id': {'name': '', 'value': None}, 'picture': {'large': 'https://randomuser.me/api/portraits/women/60.jpg', 'medium': 'https://randomuser.me/api/portraits/med/women/60.jpg', 'thumbnail': 'https://randomuser.me/api/portraits/thumb/women/60.jpg'}, 'nat': 'IR'}], 'info': {'seed': '0d2caead671cdeda', 'results': 1, 'page': 1, 'version': '1.4'}}</msg>
<arg>${json_data}</arg>
<doc>Logs the given message with the given level.</doc>
<status status="PASS" start="2024-05-27T18:19:01.396839" elapsed="0.000216"/>
</kw>
<kw name="Dictionary Should Contain Key" owner="Collections">
<msg time="2024-05-27T18:19:01.397519" level="INFO">False</msg>
<arg>${json_data}</arg>
<arg>results</arg>
<doc>Fails if ``key`` is not found from ``dictionary``.</doc>
<status status="PASS" start="2024-05-27T18:19:01.397362" elapsed="0.000193"/>
</kw>
<kw name="Should Not Be Empty" owner="BuiltIn">
<msg time="2024-05-27T18:19:01.397984" level="INFO">Length is 2.</msg>
<arg>${json_data}</arg>
<doc>Verifies that the given item is not empty.</doc>
<status status="PASS" start="2024-05-27T18:19:01.397846" elapsed="0.000176"/>
</kw>
<kw name="Create List" owner="BuiltIn">
<msg time="2024-05-27T18:19:01.398461" level="INFO">${expected_keys} = ['gender', 'name', 'location', 'email', 'login']</msg>
<var>${expected_keys}</var>
<arg>gender</arg>
<arg>name</arg>
<arg>location</arg>
<arg>email</arg>
<arg>login</arg>
<doc>Returns a list containing given items.</doc>
<status status="PASS" start="2024-05-27T18:19:01.398314" elapsed="0.000171"/>
</kw>
<for flavor="IN">
<iter>
<kw name="Dictionary Should Contain Key" owner="Collections">
<msg time="2024-05-27T18:19:01.399565" level="INFO">False</msg>
<arg>${json_data['results'][0]}</arg>
<arg>${key}</arg>
<doc>Fails if ``key`` is not found from ``dictionary``.</doc>
<status status="PASS" start="2024-05-27T18:19:01.399138" elapsed="0.000466"/>
</kw>
<kw name="Log" owner="BuiltIn">
<msg time="2024-05-27T18:19:01.400276" level="INFO">{'gender': 'female', 'name': {'title': 'Miss', 'first': 'پریا', 'last': 'گلشن'}, 'location': {'street': {'number': 217, 'name': 'پارک دانشجو'}, 'city': 'شیراز', 'state': 'مازندران', 'country': 'Iran', 'postcode': 92701, 'coordinates': {'latitude': '19.0764', 'longitude': '119.9915'}, 'timezone': {'offset': '+9:30', 'description': 'Adelaide, Darwin'}}, 'email': 'pry.glshn@example.com', 'login': {'uuid': 'df2e0e9a-ef05-42d9-b43d-f7d59db4b158', 'username': 'tinyzebra494', 'password': 'callum', 'salt': '9dwi1JRq', 'md5': 'f57c4607b9568af1537c2f171a037061', 'sha1': '48a6ef49459ca2feebd6c131d7c2224376d5febd', 'sha256': '6e843a899a45f92aecb18862a28386020a4b79b532a1164a9f363cf6e93e653d'}, 'dob': {'date': '1992-04-27T00:09:38.213Z', 'age': 32}, 'registered': {'date': '2009-08-04T18:26:50.782Z', 'age': 14}, 'phone': '086-37135462', 'cell': '0933-533-5614', 'id': {'name': '', 'value': None}, 'picture': {'large': 'https://randomuser.me/api/portraits/women/60.jpg', 'medium': 'https://randomuser.me/api/portraits/med/women/60.jpg', 'thumbnail': 'https://randomuser.me/api/portraits/thumb/women/60.jpg'}, 'nat': 'IR'}</msg>
<arg>${json_data['results'][0]}</arg>
<doc>Logs the given message with the given level.</doc>
<status status="PASS" start="2024-05-27T18:19:01.399903" elapsed="0.000425"/>
</kw>
<kw name="Log" owner="BuiltIn">
<msg time="2024-05-27T18:19:01.400761" level="INFO">gender</msg>
<arg>${key}</arg>
<doc>Logs the given message with the given level.</doc>
<status status="PASS" start="2024-05-27T18:19:01.400634" elapsed="0.000164"/>
</kw>
<var name="${key}">gender</var>
<status status="PASS" start="2024-05-27T18:19:01.399006" elapsed="0.002007"/>
</iter>
<iter>
<kw name="Dictionary Should Contain Key" owner="Collections">
<msg time="2024-05-27T18:19:01.401701" level="INFO">False</msg>
<arg>${json_data['results'][0]}</arg>
<arg>${key}</arg>
<doc>Fails if ``key`` is not found from ``dictionary``.</doc>
<status status="PASS" start="2024-05-27T18:19:01.401321" elapsed="0.000417"/>
</kw>
<kw name="Log" owner="BuiltIn">
<msg time="2024-05-27T18:19:01.402429" level="INFO">{'gender': 'female', 'name': {'title': 'Miss', 'first': 'پریا', 'last': 'گلشن'}, 'location': {'street': {'number': 217, 'name': 'پارک دانشجو'}, 'city': 'شیراز', 'state': 'مازندران', 'country': 'Iran', 'postcode': 92701, 'coordinates': {'latitude': '19.0764', 'longitude': '119.9915'}, 'timezone': {'offset': '+9:30', 'description': 'Adelaide, Darwin'}}, 'email': 'pry.glshn@example.com', 'login': {'uuid': 'df2e0e9a-ef05-42d9-b43d-f7d59db4b158', 'username': 'tinyzebra494', 'password': 'callum', 'salt': '9dwi1JRq', 'md5': 'f57c4607b9568af1537c2f171a037061', 'sha1': '48a6ef49459ca2feebd6c131d7c2224376d5febd', 'sha256': '6e843a899a45f92aecb18862a28386020a4b79b532a1164a9f363cf6e93e653d'}, 'dob': {'date': '1992-04-27T00:09:38.213Z', 'age': 32}, 'registered': {'date': '2009-08-04T18:26:50.782Z', 'age': 14}, 'phone': '086-37135462', 'cell': '0933-533-5614', 'id': {'name': '', 'value': None}, 'picture': {'large': 'https://randomuser.me/api/portraits/women/60.jpg', 'medium': 'https://randomuser.me/api/portraits/med/women/60.jpg', 'thumbnail': 'https://randomuser.me/api/portraits/thumb/women/60.jpg'}, 'nat': 'IR'}</msg>
<arg>${json_data['results'][0]}</arg>
<doc>Logs the given message with the given level.</doc>
<status status="PASS" start="2024-05-27T18:19:01.402068" elapsed="0.000412"/>
</kw>
<kw name="Log" owner="BuiltIn">
<msg time="2024-05-27T18:19:01.402935" level="INFO">name</msg>
<arg>${key}</arg>
<doc>Logs the given message with the given level.</doc>
<status status="PASS" start="2024-05-27T18:19:01.402808" elapsed="0.000163"/>
</kw>
<var name="${key}">name</var>
<status status="PASS" start="2024-05-27T18:19:01.401204" elapsed="0.001987"/>
</iter>
<iter>
<kw name="Dictionary Should Contain Key" owner="Collections">
<msg time="2024-05-27T18:19:01.403860" level="INFO">False</msg>
<arg>${json_data['results'][0]}</arg>
<arg>${key}</arg>
<doc>Fails if ``key`` is not found from ``dictionary``.</doc>
<status status="PASS" start="2024-05-27T18:19:01.403481" elapsed="0.000416"/>
</kw>
<kw name="Log" owner="BuiltIn">
<msg time="2024-05-27T18:19:01.404556" level="INFO">{'gender': 'female', 'name': {'title': 'Miss', 'first': 'پریا', 'last': 'گلشن'}, 'location': {'street': {'number': 217, 'name': 'پارک دانشجو'}, 'city': 'شیراز', 'state': 'مازندران', 'country': 'Iran', 'postcode': 92701, 'coordinates': {'latitude': '19.0764', 'longitude': '119.9915'}, 'timezone': {'offset': '+9:30', 'description': 'Adelaide, Darwin'}}, 'email': 'pry.glshn@example.com', 'login': {'uuid': 'df2e0e9a-ef05-42d9-b43d-f7d59db4b158', 'username': 'tinyzebra494', 'password': 'callum', 'salt': '9dwi1JRq', 'md5': 'f57c4607b9568af1537c2f171a037061', 'sha1': '48a6ef49459ca2feebd6c131d7c2224376d5febd', 'sha256': '6e843a899a45f92aecb18862a28386020a4b79b532a1164a9f363cf6e93e653d'}, 'dob': {'date': '1992-04-27T00:09:38.213Z', 'age': 32}, 'registered': {'date': '2009-08-04T18:26:50.782Z', 'age': 14}, 'phone': '086-37135462', 'cell': '0933-533-5614', 'id': {'name': '', 'value': None}, 'picture': {'large': 'https://randomuser.me/api/portraits/women/60.jpg', 'medium': 'https://randomuser.me/api/portraits/med/women/60.jpg', 'thumbnail': 'https://randomuser.me/api/portraits/thumb/women/60.jpg'}, 'nat': 'IR'}</msg>
<arg>${json_data['results'][0]}</arg>
<doc>Logs the given message with the given level.</doc>
<status status="PASS" start="2024-05-27T18:19:01.404192" elapsed="0.000415"/>
</kw>
<kw name="Log" owner="BuiltIn">
<msg time="2024-05-27T18:19:01.405033" level="INFO">location</msg>
<arg>${key}</arg>
<doc>Logs the given message with the given level.</doc>
<status status="PASS" start="2024-05-27T18:19:01.404907" elapsed="0.000163"/>
</kw>
<var name="${key}">location</var>
<status status="PASS" start="2024-05-27T18:19:01.403370" elapsed="0.001915"/>
</iter>
<iter>
<kw name="Dictionary Should Contain Key" owner="Collections">
<msg time="2024-05-27T18:19:01.406069" level="INFO">False</msg>
<arg>${json_data['results'][0]}</arg>
<arg>${key}</arg>
<doc>Fails if ``key`` is not found from ``dictionary``.</doc>
<status status="PASS" start="2024-05-27T18:19:01.405566" elapsed="0.000542"/>
</kw>
<kw name="Log" owner="BuiltIn">
<msg time="2024-05-27T18:19:01.406804" level="INFO">{'gender': 'female', 'name': {'title': 'Miss', 'first': 'پریا', 'last': 'گلشن'}, 'location': {'street': {'number': 217, 'name': 'پارک دانشجو'}, 'city': 'شیراز', 'state': 'مازندران', 'country': 'Iran', 'postcode': 92701, 'coordinates': {'latitude': '19.0764', 'longitude': '119.9915'}, 'timezone': {'offset': '+9:30', 'description': 'Adelaide, Darwin'}}, 'email': 'pry.glshn@example.com', 'login': {'uuid': 'df2e0e9a-ef05-42d9-b43d-f7d59db4b158', 'username': 'tinyzebra494', 'password': 'callum', 'salt': '9dwi1JRq', 'md5': 'f57c4607b9568af1537c2f171a037061', 'sha1': '48a6ef49459ca2feebd6c131d7c2224376d5febd', 'sha256': '6e843a899a45f92aecb18862a28386020a4b79b532a1164a9f363cf6e93e653d'}, 'dob': {'date': '1992-04-27T00:09:38.213Z', 'age': 32}, 'registered': {'date': '2009-08-04T18:26:50.782Z', 'age': 14}, 'phone': '086-37135462', 'cell': '0933-533-5614', 'id': {'name': '', 'value': None}, 'picture': {'large': 'https://randomuser.me/api/portraits/women/60.jpg', 'medium': 'https://randomuser.me/api/portraits/med/women/60.jpg', 'thumbnail': 'https://randomuser.me/api/portraits/thumb/women/60.jpg'}, 'nat': 'IR'}</msg>
<arg>${json_data['results'][0]}</arg>
<doc>Logs the given message with the given level.</doc>
<status status="PASS" start="2024-05-27T18:19:01.406405" elapsed="0.000452"/>
</kw>
<kw name="Log" owner="BuiltIn">
<msg time="2024-05-27T18:19:01.407288" level="INFO">email</msg>
<arg>${key}</arg>
<doc>Logs the given message with the given level.</doc>
<status status="PASS" start="2024-05-27T18:19:01.407161" elapsed="0.000163"/>
</kw>
<var name="${key}">email</var>
<status status="PASS" start="2024-05-27T18:19:01.405458" elapsed="0.002080"/>
</iter>
<iter>
<kw name="Dictionary Should Contain Key" owner="Collections">
<msg time="2024-05-27T18:19:01.408190" level="INFO">False</msg>
<arg>${json_data['results'][0]}</arg>
<arg>${key}</arg>
<doc>Fails if ``key`` is not found from ``dictionary``.</doc>
<status status="PASS" start="2024-05-27T18:19:01.407821" elapsed="0.000406"/>
</kw>
<kw name="Log" owner="BuiltIn">
<msg time="2024-05-27T18:19:01.408881" level="INFO">{'gender': 'female', 'name': {'title': 'Miss', 'first': 'پریا', 'last': 'گلشن'}, 'location': {'street': {'number': 217, 'name': 'پارک دانشجو'}, 'city': 'شیراز', 'state': 'مازندران', 'country': 'Iran', 'postcode': 92701, 'coordinates': {'latitude': '19.0764', 'longitude': '119.9915'}, 'timezone': {'offset': '+9:30', 'description': 'Adelaide, Darwin'}}, 'email': 'pry.glshn@example.com', 'login': {'uuid': 'df2e0e9a-ef05-42d9-b43d-f7d59db4b158', 'username': 'tinyzebra494', 'password': 'callum', 'salt': '9dwi1JRq', 'md5': 'f57c4607b9568af1537c2f171a037061', 'sha1': '48a6ef49459ca2feebd6c131d7c2224376d5febd', 'sha256': '6e843a899a45f92aecb18862a28386020a4b79b532a1164a9f363cf6e93e653d'}, 'dob': {'date': '1992-04-27T00:09:38.213Z', 'age': 32}, 'registered': {'date': '2009-08-04T18:26:50.782Z', 'age': 14}, 'phone': '086-37135462', 'cell': '0933-533-5614', 'id': {'name': '', 'value': None}, 'picture': {'large': 'https://randomuser.me/api/portraits/women/60.jpg', 'medium': 'https://randomuser.me/api/portraits/med/women/60.jpg', 'thumbnail': 'https://randomuser.me/api/portraits/thumb/women/60.jpg'}, 'nat': 'IR'}</msg>
<arg>${json_data['results'][0]}</arg>
<doc>Logs the given message with the given level.</doc>
<status status="PASS" start="2024-05-27T18:19:01.408520" elapsed="0.000409"/>
</kw>
<kw name="Log" owner="BuiltIn">
<msg time="2024-05-27T18:19:01.409345" level="INFO">login</msg>
<arg>${key}</arg>
<doc>Logs the given message with the given level.</doc>
<status status="PASS" start="2024-05-27T18:19:01.409220" elapsed="0.000162"/>
</kw>
<var name="${key}">login</var>
<status status="PASS" start="2024-05-27T18:19:01.407711" elapsed="0.001885"/>
</iter>
<var>${key}</var>
<value>@{expected_keys}</value>
<status status="PASS" start="2024-05-27T18:19:01.398794" elapsed="0.010949"/>
</for>
<kw name="Create List" owner="BuiltIn">
<msg time="2024-05-27T18:19:01.410079" level="INFO">${expected_keysTwo} = ['username', 'password']</msg>
<var>${expected_keysTwo}</var>
<arg>username</arg>
<arg>password</arg>
<doc>Returns a list containing given items.</doc>
<status status="PASS" start="2024-05-27T18:19:01.409944" elapsed="0.000158"/>
</kw>
<for flavor="IN">
<iter>
<kw name="Dictionary Should Contain Key" owner="Collections">
<msg time="2024-05-27T18:19:01.411011" level="INFO">False</msg>
<arg>${json_data['results'][0]['login']}</arg>
<arg>${keyTwo}</arg>
<doc>Fails if ``key`` is not found from ``dictionary``.</doc>
<status status="PASS" start="2024-05-27T18:19:01.410602" elapsed="0.000446"/>
</kw>
<kw name="Dictionary Should Contain Key" owner="Collections">
<msg time="2024-05-27T18:19:01.411711" level="INFO">False</msg>
<arg>${json_data['results'][0]['login']}</arg>
<arg>${keyTwo}</arg>
<doc>Fails if ``key`` is not found from ``dictionary``.</doc>
<status status="PASS" start="2024-05-27T18:19:01.411340" elapsed="0.000409"/>
</kw>
<kw name="Log" owner="BuiltIn">
<msg time="2024-05-27T18:19:01.412173" level="INFO">username</msg>
<arg>${keyTwo}</arg>
<doc>Logs the given message with the given level.</doc>
<status status="PASS" start="2024-05-27T18:19:01.412048" elapsed="0.000161"/>
</kw>
<var name="${keyTwo}">username</var>
<status status="PASS" start="2024-05-27T18:19:01.410492" elapsed="0.001930"/>
</iter>
<iter>
<kw name="Dictionary Should Contain Key" owner="Collections">
<msg time="2024-05-27T18:19:01.413079" level="INFO">False</msg>
<arg>${json_data['results'][0]['login']}</arg>
<arg>${keyTwo}</arg>
<doc>Fails if ``key`` is not found from ``dictionary``.</doc>
<status status="PASS" start="2024-05-27T18:19:01.412702" elapsed="0.000414"/>
</kw>
<kw name="Dictionary Should Contain Key" owner="Collections">
<msg time="2024-05-27T18:19:01.413778" level="INFO">False</msg>
<arg>${json_data['results'][0]['login']}</arg>
<arg>${keyTwo}</arg>
<doc>Fails if ``key`` is not found from ``dictionary``.</doc>
<status status="PASS" start="2024-05-27T18:19:01.413403" elapsed="0.000411"/>
</kw>
<kw name="Log" owner="BuiltIn">
<msg time="2024-05-27T18:19:01.414231" level="INFO">password</msg>
<arg>${keyTwo}</arg>
<doc>Logs the given message with the given level.</doc>
<status status="PASS" start="2024-05-27T18:19:01.414105" elapsed="0.000162"/>
</kw>
<var name="${keyTwo}">password</var>
<status status="PASS" start="2024-05-27T18:19:01.412592" elapsed="0.001888"/>
</iter>
<var>${keyTwo}</var>
<value>@{expected_keysTwo}</value>
<status status="PASS" start="2024-05-27T18:19:01.410338" elapsed="0.004261"/>
</for>
<status status="PASS" start="2024-05-27T18:19:01.281619" elapsed="0.133158"/>
</kw>
<doc>Testa a estrutura da resposta da API.</doc>
<tag>testeEstruturaResposta</tag>
<status status="PASS" start="2024-05-27T18:19:01.280817" elapsed="0.134128"/>
</test>
<test id="s1-s1-t4" name="Validar tipos de dados" line="28">
<kw name="Teste de Tipos de Dados" owner="random-user-service">
<kw name="GET On Session" owner="RequestsLibrary">
<msg time="2024-05-27T18:19:01.572887" level="INFO">GET Request : url=https://randomuser.me/api 
 path_url=/api 
 headers={'User-Agent': 'python-requests/2.32.2', 'Accept-Encoding': 'gzip, deflate', 'Accept': '*/*', 'Connection': 'keep-alive'} 
 body=None 
 </msg>
<msg time="2024-05-27T18:19:01.573003" level="INFO">GET Response : url=https://randomuser.me/api 
 status=200, reason=OK 
 headers={'Date': 'Mon, 27 May 2024 18:19:01 GMT', 'Content-Type': 'application/json; charset=utf-8', 'Transfer-Encoding': 'chunked', 'Connection': 'keep-alive', 'X-Powered-By': 'Express', 'Access-Control-Allow-Origin': '*', 'Cache-Control': 'no-cache', 'ETag': 'W/"48e-xnQG7fM564eFOqlu+KHZy+adYAI"', 'Vary': 'Accept-Encoding', 'Content-Encoding': 'gzip', 'CF-Cache-Status': 'DYNAMIC', 'Report-To': '{"endpoints":[{"url":"https:\\/\\/a.nel.cloudflare.com\\/report\\/v4?s=AYTwnO32CWH%2Bpbx8K%2Bsyq7%2B4R%2BJtY9bL%2F2w8QH76SSAiCXSILYppJ1f0FzdiTCS35XkoS%2FZvhoM%2B33rSWeKkqnLhui3oDHP50oL0ysIu5lrpJjZsRdfhkr6yfQ4CBls%2F"}],"group":"cf-nel","max_age":604800}', 'NEL': '{"success_fraction":0,"report_to":"cf-nel","max_age":604800}', 'Server': 'cloudflare', 'CF-RAY': '88a802c5e9f7dbba-LAX', 'alt-svc': 'h3=":443"; ma=86400'} 
 body={"results":[{"gender":"female","name":{"title":"Miss","first":"Abbey","last":"Parker"},"location":{"street":{"number":3228,"name":"The Drive"},"city":"Trim","state":"Tipperary","country":"Ireland","postcode":13717,"coordinates":{"latitude":"0.1207","longitude":"19.5320"},"timezone":{"offset":"+11:00","description":"Magadan, Solomon Islands, New Caledonia"}},"email":"abbey.parker@example.com","login":{"uuid":"0b0f5ded-0f8c-48e2-ae99-8b6dd328605d","username":"purpleleopard722","password":"missy","salt":"9HXG4kj5","md5":"31a40327e728d21499e6ccf0c60cad2f","sha1":"1896cca6249d86bba18d78b707784c14d7998492","sha256":"a0f0c528f7b972753552bd22efa33ad2617ba0ce755a6c8218d8e1e3f91f0475"},"dob":{"date":"1968-07-15T01:14:06.623Z","age":55},"registered":{"date":"2018-10-05T07:31:23.492Z","age":5},"phone":"021-154-0380","cell":"081-182-4582","id":{"name":"PPS","value":"2800621T"},"picture":{"large":"https://randomuser.me/api/portraits/women/80.jpg","medium":"https://randomuser.me/api/portraits/med/women/80.jpg","thumbnail":"https://randomuser.me/api/portraits/thumb/women/80.jpg"},"nat":"IE"}],"info":{"seed":"9d9c2cbe4d5eb3b5","results":1,"page":1,"version":"1.4"}} 
 </msg>
<msg time="2024-05-27T18:19:01.573090" level="INFO">/opt/hostedtoolcache/Python/3.12.3/x64/lib/python3.12/site-packages/urllib3/connectionpool.py:1103: InsecureRequestWarning: Unverified HTTPS request is being made to host 'randomuser.me'. Adding certificate verification is strongly advised. See: https://urllib3.readthedocs.io/en/latest/advanced-usage.html#tls-warnings
  warnings.warn(</msg>
<msg time="2024-05-27T18:19:01.573230" level="INFO">${response} = &lt;Response [200]&gt;</msg>
<var>${response}</var>
<arg>consultarAPI</arg>
<arg>/api</arg>
<doc>Sends a GET request on a previously created HTTP Session.</doc>
<status status="PASS" start="2024-05-27T18:19:01.417418" elapsed="0.155849"/>
</kw>
<kw name="Set Variable" owner="BuiltIn">
<msg time="2024-05-27T18:19:01.574376" level="INFO">${json_data} = {'results': [{'gender': 'female', 'name': {'title': 'Miss', 'first': 'Abbey', 'last': 'Parker'}, 'location': {'street': {'number': 3228, 'name': 'The Drive'}, 'city': 'Trim', 'state': 'Tipperary', 'co...</msg>
<var>${json_data}</var>
<arg>${response.json()}</arg>
<doc>Returns the given values which can then be assigned to a variables.</doc>
<status status="PASS" start="2024-05-27T18:19:01.573840" elapsed="0.000566"/>
</kw>
<kw name="Log" owner="BuiltIn">
<msg time="2024-05-27T18:19:01.574957" level="INFO">{'results': [{'gender': 'female', 'name': {'title': 'Miss', 'first': 'Abbey', 'last': 'Parker'}, 'location': {'street': {'number': 3228, 'name': 'The Drive'}, 'city': 'Trim', 'state': 'Tipperary', 'country': 'Ireland', 'postcode': 13717, 'coordinates': {'latitude': '0.1207', 'longitude': '19.5320'}, 'timezone': {'offset': '+11:00', 'description': 'Magadan, Solomon Islands, New Caledonia'}}, 'email': 'abbey.parker@example.com', 'login': {'uuid': '0b0f5ded-0f8c-48e2-ae99-8b6dd328605d', 'username': 'purpleleopard722', 'password': 'missy', 'salt': '9HXG4kj5', 'md5': '31a40327e728d21499e6ccf0c60cad2f', 'sha1': '1896cca6249d86bba18d78b707784c14d7998492', 'sha256': 'a0f0c528f7b972753552bd22efa33ad2617ba0ce755a6c8218d8e1e3f91f0475'}, 'dob': {'date': '1968-07-15T01:14:06.623Z', 'age': 55}, 'registered': {'date': '2018-10-05T07:31:23.492Z', 'age': 5}, 'phone': '021-154-0380', 'cell': '081-182-4582', 'id': {'name': 'PPS', 'value': '2800621T'}, 'picture': {'large': 'https://randomuser.me/api/portraits/women/80.jpg', 'medium': 'https://randomuser.me/api/portraits/med/women/80.jpg', 'thumbnail': 'https://randomuser.me/api/portraits/thumb/women/80.jpg'}, 'nat': 'IE'}], 'info': {'seed': '9d9c2cbe4d5eb3b5', 'results': 1, 'page': 1, 'version': '1.4'}}</msg>
<arg>${json_data}</arg>
<doc>Logs the given message with the given level.</doc>
<status status="PASS" start="2024-05-27T18:19:01.574784" elapsed="0.000261"/>
</kw>
<kw name="Should Be String" owner="String">
<arg>${json_data['results'][0]['gender']}</arg>
<doc>Fails if the given ``item`` is not a string.</doc>
<status status="PASS" start="2024-05-27T18:19:01.575350" elapsed="0.000365"/>
</kw>
<kw name="Should Match Regexp" owner="BuiltIn">
<arg>${json_data['results'][0]['email']}</arg>
<arg>^[a-zA-Z0-9._%+-]+@[a-zA-Z0-9.-]+\.[a-zA-Z]{2,}$</arg>
<doc>Fails if ``string`` does not match ``pattern`` as a regular expression.</doc>
<status status="PASS" start="2024-05-27T18:19:01.575908" elapsed="0.000669"/>
</kw>
<kw name="Should Match Regexp" owner="BuiltIn">
<arg>${json_data['results'][0]['dob']['date']}</arg>
<arg>\\d{4}-\\d{2}-\\d{2}T\\d{2}:\\d{2}:\\d{2}\\.\\d{3}Z</arg>
<doc>Fails if ``string`` does not match ``pattern`` as a regular expression.</doc>
<status status="PASS" start="2024-05-27T18:19:01.576776" elapsed="0.000479"/>
</kw>
<kw name="Should Match Regexp" owner="BuiltIn">
<arg>${json_data['results'][0]['registered']['date']}</arg>
<arg>\\d{4}-\\d{2}-\\d{2}T\\d{2}:\\d{2}:\\d{2}\\.\\d{3}Z</arg>
<doc>Fails if ``string`` does not match ``pattern`` as a regular expression.</doc>
<status status="PASS" start="2024-05-27T18:19:01.577448" elapsed="0.000369"/>
</kw>
<kw name="Should Match Regexp" owner="BuiltIn">
<arg>${json_data['results'][0]['picture']['large']}</arg>
<arg>^https?://.*\.(?:png|jpe?g|gif|bmp)$</arg>
<doc>Fails if ``string`` does not match ``pattern`` as a regular expression.</doc>
<status status="PASS" start="2024-05-27T18:19:01.578001" elapsed="0.000452"/>
</kw>
<kw name="Should Match Regexp" owner="BuiltIn">
<arg>${json_data['results'][0]['picture']['medium']}</arg>
<arg>^https?://.*\.(?:png|jpe?g|gif|bmp)$</arg>
<doc>Fails if ``string`` does not match ``pattern`` as a regular expression.</doc>
<status status="PASS" start="2024-05-27T18:19:01.578639" elapsed="0.000370"/>
</kw>
<kw name="Should Match Regexp" owner="BuiltIn">
<arg>${json_data['results'][0]['picture']['thumbnail']}</arg>
<arg>^https?://.*\.(?:png|jpe?g|gif|bmp)$</arg>
<doc>Fails if ``string`` does not match ``pattern`` as a regular expression.</doc>
<status status="PASS" start="2024-05-27T18:19:01.579195" elapsed="0.000340"/>
</kw>
<kw name="Log" owner="BuiltIn">
<msg time="2024-05-27T18:19:01.580030" level="INFO">{'large': 'https://randomuser.me/api/portraits/women/80.jpg', 'medium': 'https://randomuser.me/api/portraits/med/women/80.jpg', 'thumbnail': 'https://randomuser.me/api/portraits/thumb/women/80.jpg'}</msg>
<arg>${json_data['results'][0]['picture']}</arg>
<doc>Logs the given message with the given level.</doc>
<status status="PASS" start="2024-05-27T18:19:01.579715" elapsed="0.000357"/>
</kw>
<status status="PASS" start="2024-05-27T18:19:01.417182" elapsed="0.163145"/>
</kw>
<kw name="Teste de Tipos de Dados - Postcode" owner="random-user-service">
<kw name="GET On Session" owner="RequestsLibrary">
<msg time="2024-05-27T18:19:01.681517" level="INFO">GET Request : url=https://randomuser.me/api 
 path_url=/api 
 headers={'User-Agent': 'python-requests/2.32.2', 'Accept-Encoding': 'gzip, deflate', 'Accept': '*/*', 'Connection': 'keep-alive'} 
 body=None 
 </msg>
<msg time="2024-05-27T18:19:01.681614" level="INFO">GET Response : url=https://randomuser.me/api 
 status=200, reason=OK 
 headers={'Date': 'Mon, 27 May 2024 18:19:01 GMT', 'Content-Type': 'application/json; charset=utf-8', 'Transfer-Encoding': 'chunked', 'Connection': 'keep-alive', 'X-Powered-By': 'Express', 'Access-Control-Allow-Origin': '*', 'Cache-Control': 'no-cache', 'ETag': 'W/"4a0-7F7qdV+tNjE5afFKx/Cso6+Xdfw"', 'Vary': 'Accept-Encoding', 'Content-Encoding': 'gzip', 'CF-Cache-Status': 'DYNAMIC', 'Report-To': '{"endpoints":[{"url":"https:\\/\\/a.nel.cloudflare.com\\/report\\/v4?s=cTue3Oc1JtbR5E0s6z7vQu0XF9aroa7FeZviREIVHXbrWqU97e%2FdVab3gVj80FGaUAaEa7fi8r2caiL%2FxcDXHfQpPbvoGPUzR5jGnnoidMNU%2FHQQbz3bIGq8NTEnotGk"}],"group":"cf-nel","max_age":604800}', 'NEL': '{"success_fraction":0,"report_to":"cf-nel","max_age":604800}', 'Server': 'cloudflare', 'CF-RAY': '88a802c6eb37dbba-LAX', 'alt-svc': 'h3=":443"; ma=86400'} 
 body={"results":[{"gender":"female","name":{"title":"Mrs","first":"Margot","last":"Noel"},"location":{"street":{"number":3036,"name":"Rue de Bonnel"},"city":"Tourcoing","state":"Bas-Rhin","country":"France","postcode":12297,"coordinates":{"latitude":"-21.3524","longitude":"160.3184"},"timezone":{"offset":"+8:00","description":"Beijing, Perth, Singapore, Hong Kong"}},"email":"margot.noel@example.com","login":{"uuid":"bc8d47e1-0527-49cb-b0af-848c731bde50","username":"yellowlion348","password":"passwords","salt":"uiCKVRCa","md5":"a8d370b540cb0108163f44d9d5d02419","sha1":"3008774b57be3151e373fb1e058f2aaf597631a1","sha256":"15e64a55eb50f954ac8fe03254343612eb336607dcc71d491257c29b6d48b11a"},"dob":{"date":"1974-09-22T02:48:40.175Z","age":49},"registered":{"date":"2018-02-21T18:34:46.395Z","age":6},"phone":"02-16-89-30-11","cell":"06-45-89-59-49","id":{"name":"INSEE","value":"2740819042345 07"},"picture":{"large":"https://randomuser.me/api/portraits/women/46.jpg","medium":"https://randomuser.me/api/portraits/med/women/46.jpg","thumbnail":"https://randomuser.me/api/portraits/thumb/women/46.jpg"},"nat":"FR"}],"info":{"seed":"2d8e2e20950507c2","results":1,"page":1,"version":"1.4"}} 
 </msg>
<msg time="2024-05-27T18:19:01.681683" level="INFO">/opt/hostedtoolcache/Python/3.12.3/x64/lib/python3.12/site-packages/urllib3/connectionpool.py:1103: InsecureRequestWarning: Unverified HTTPS request is being made to host 'randomuser.me'. Adding certificate verification is strongly advised. See: https://urllib3.readthedocs.io/en/latest/advanced-usage.html#tls-warnings
  warnings.warn(</msg>
<msg time="2024-05-27T18:19:01.681808" level="INFO">${response} = &lt;Response [200]&gt;</msg>
<var>${response}</var>
<arg>consultarAPI</arg>
<arg>/api</arg>
<doc>Sends a GET request on a previously created HTTP Session.</doc>
<status status="PASS" start="2024-05-27T18:19:01.580789" elapsed="0.101059"/>
</kw>
<kw name="Set Variable" owner="BuiltIn">
<msg time="2024-05-27T18:19:01.683123" level="INFO">${json_data} = {'results': [{'gender': 'female', 'name': {'title': 'Mrs', 'first': 'Margot', 'last': 'Noel'}, 'location': {'street': {'number': 3036, 'name': 'Rue de Bonnel'}, 'city': 'Tourcoing', 'state': 'Bas-Rhin...</msg>
<var>${json_data}</var>
<arg>${response.json()}</arg>
<doc>Returns the given values which can then be assigned to a variables.</doc>
<status status="PASS" start="2024-05-27T18:19:01.682509" elapsed="0.000643"/>
</kw>
<kw name="Log" owner="BuiltIn">
<msg time="2024-05-27T18:19:01.683657" level="INFO">{'results': [{'gender': 'female', 'name': {'title': 'Mrs', 'first': 'Margot', 'last': 'Noel'}, 'location': {'street': {'number': 3036, 'name': 'Rue de Bonnel'}, 'city': 'Tourcoing', 'state': 'Bas-Rhin', 'country': 'France', 'postcode': 12297, 'coordinates': {'latitude': '-21.3524', 'longitude': '160.3184'}, 'timezone': {'offset': '+8:00', 'description': 'Beijing, Perth, Singapore, Hong Kong'}}, 'email': 'margot.noel@example.com', 'login': {'uuid': 'bc8d47e1-0527-49cb-b0af-848c731bde50', 'username': 'yellowlion348', 'password': 'passwords', 'salt': 'uiCKVRCa', 'md5': 'a8d370b540cb0108163f44d9d5d02419', 'sha1': '3008774b57be3151e373fb1e058f2aaf597631a1', 'sha256': '15e64a55eb50f954ac8fe03254343612eb336607dcc71d491257c29b6d48b11a'}, 'dob': {'date': '1974-09-22T02:48:40.175Z', 'age': 49}, 'registered': {'date': '2018-02-21T18:34:46.395Z', 'age': 6}, 'phone': '02-16-89-30-11', 'cell': '06-45-89-59-49', 'id': {'name': 'INSEE', 'value': '2740819042345 07'}, 'picture': {'large': 'https://randomuser.me/api/portraits/women/46.jpg', 'medium': 'https://randomuser.me/api/portraits/med/women/46.jpg', 'thumbnail': 'https://randomuser.me/api/portraits/thumb/women/46.jpg'}, 'nat': 'FR'}], 'info': {'seed': '2d8e2e20950507c2', 'results': 1, 'page': 1, 'version': '1.4'}}</msg>
<arg>${json_data}</arg>
<doc>Logs the given message with the given level.</doc>
<status status="PASS" start="2024-05-27T18:19:01.683488" elapsed="0.000251"/>
</kw>
<kw name="Should Be Equal As Numbers" owner="BuiltIn">
<arg>${json_data['results'][0]['location']['postcode']}</arg>
<arg>${json_data['results'][0]['location']['postcode']}</arg>
<doc>Fails if objects are unequal after converting them to real numbers.</doc>
<status status="PASS" start="2024-05-27T18:19:01.684041" elapsed="0.000617"/>
</kw>
<kw name="Log" owner="BuiltIn">
<msg time="2024-05-27T18:19:01.685189" level="INFO">12297</msg>
<arg>${json_data['results'][0]['location']['postcode']}</arg>
<doc>Logs the given message with the given level.</doc>
<status status="PASS" start="2024-05-27T18:19:01.684854" elapsed="0.000374"/>
</kw>
<status status="PASS" start="2024-05-27T18:19:01.580554" elapsed="0.104933"/>
</kw>
<doc>Testa se os tipos de dados na resposta da API estão corretos.</doc>
<tag>testeTiposDados</tag>
<status status="PASS" start="2024-05-27T18:19:01.416688" elapsed="0.268979"/>
</test>
<test id="s1-s1-t5" name="Validar conteudo" line="35">
<kw name="Teste de Tipos de Conteudo" owner="random-user-service">
<kw name="GET On Session" owner="RequestsLibrary">
<msg time="2024-05-27T18:19:01.797476" level="INFO">GET Request : url=https://randomuser.me/api 
 path_url=/api 
 headers={'User-Agent': 'python-requests/2.32.2', 'Accept-Encoding': 'gzip, deflate', 'Accept': '*/*', 'Connection': 'keep-alive'} 
 body=None 
 </msg>
<msg time="2024-05-27T18:19:01.797593" level="INFO">GET Response : url=https://randomuser.me/api 
 status=200, reason=OK 
 headers={'Date': 'Mon, 27 May 2024 18:19:01 GMT', 'Content-Type': 'application/json; charset=utf-8', 'Transfer-Encoding': 'chunked', 'Connection': 'keep-alive', 'X-Powered-By': 'Express', 'Access-Control-Allow-Origin': '*', 'Cache-Control': 'no-cache', 'ETag': 'W/"47b-cwnrtZsKHd20qSB8PVl5c0iIY6Q"', 'Vary': 'Accept-Encoding', 'Content-Encoding': 'gzip', 'CF-Cache-Status': 'DYNAMIC', 'Report-To': '{"endpoints":[{"url":"https:\\/\\/a.nel.cloudflare.com\\/report\\/v4?s=Q4vCPY1M2C4Z0LMBXJg3nmToQjXPtj2c4ldUV7rG8BGQhw9k8bDlhOZb92qwWHebq1Y%2FuE1p4TUoWgsqquOdo2xUoScd8qROyv7Bu1iDtq3v8LC%2FgXH5H7sC5eX%2FuQUX"}],"group":"cf-nel","max_age":604800}', 'NEL': '{"success_fraction":0,"report_to":"cf-nel","max_age":604800}', 'Server': 'cloudflare', 'CF-RAY': '88a802c79c1edbba-LAX', 'alt-svc': 'h3=":443"; ma=86400'} 
 body={"results":[{"gender":"female","name":{"title":"Mrs","first":"Lai","last":"Halmans"},"location":{"street":{"number":8823,"name":"Boshuizerkade"},"city":"Heukelum","state":"Gelderland","country":"Netherlands","postcode":"5347 TV","coordinates":{"latitude":"35.4845","longitude":"169.8456"},"timezone":{"offset":"+4:30","description":"Kabul"}},"email":"lai.halmans@example.com","login":{"uuid":"849ae354-b293-430c-b7e1-c7409fb0914a","username":"bigrabbit514","password":"thedog","salt":"iMmndXmC","md5":"2a7df8d9c1b3f7f384c7b5b5907e16e5","sha1":"502eda9ec68343b749ecbe85704e2e4822d93b1f","sha256":"5a40df588010fa08d75b5a2894c44fe2e317b4dde517bcba619fe7df670f27dd"},"dob":{"date":"1961-07-01T01:42:27.797Z","age":62},"registered":{"date":"2002-05-22T21:59:58.596Z","age":22},"phone":"(097) 0502621","cell":"(06) 59280810","id":{"name":"BSN","value":"03679744"},"picture":{"large":"https://randomuser.me/api/portraits/women/57.jpg","medium":"https://randomuser.me/api/portraits/med/women/57.jpg","thumbnail":"https://randomuser.me/api/portraits/thumb/women/57.jpg"},"nat":"NL"}],"info":{"seed":"b42ad12875e3a16b","results":1,"page":1,"version":"1.4"}} 
 </msg>
<msg time="2024-05-27T18:19:01.797680" level="INFO">/opt/hostedtoolcache/Python/3.12.3/x64/lib/python3.12/site-packages/urllib3/connectionpool.py:1103: InsecureRequestWarning: Unverified HTTPS request is being made to host 'randomuser.me'. Adding certificate verification is strongly advised. See: https://urllib3.readthedocs.io/en/latest/advanced-usage.html#tls-warnings
  warnings.warn(</msg>
<msg time="2024-05-27T18:19:01.797805" level="INFO">${response} = &lt;Response [200]&gt;</msg>
<var>${response}</var>
<arg>consultarAPI</arg>
<arg>/api</arg>
<doc>Sends a GET request on a previously created HTTP Session.</doc>
<status status="PASS" start="2024-05-27T18:19:01.689013" elapsed="0.108827"/>
</kw>
<kw name="Set Variable" owner="BuiltIn">
<msg time="2024-05-27T18:19:01.798948" level="INFO">${json_data} = {'results': [{'gender': 'female', 'name': {'title': 'Mrs', 'first': 'Lai', 'last': 'Halmans'}, 'location': {'street': {'number': 8823, 'name': 'Boshuizerkade'}, 'city': 'Heukelum', 'state': 'Gelderlan...</msg>
<var>${json_data}</var>
<arg>${response.json()}</arg>
<doc>Returns the given values which can then be assigned to a variables.</doc>
<status status="PASS" start="2024-05-27T18:19:01.798378" elapsed="0.000598"/>
</kw>
<kw name="Set Variable" owner="BuiltIn">
<msg time="2024-05-27T18:19:01.799667" level="INFO">${name_title} = Mrs</msg>
<var>${name_title}</var>
<arg>${json_data["results"][0]["name"]["title"]}</arg>
<doc>Returns the given values which can then be assigned to a variables.</doc>
<status status="PASS" start="2024-05-27T18:19:01.799281" elapsed="0.000412"/>
</kw>
<kw name="Create List" owner="BuiltIn">
<msg time="2024-05-27T18:19:01.800149" level="INFO">${allowed_titles} = ['Mr', 'Ms', 'Miss', 'Mrs', 'Madame', 'Monsieur']</msg>
<var>${allowed_titles}</var>
<arg>Mr</arg>
<arg>Ms</arg>
<arg>Miss</arg>
<arg>Mrs</arg>
<arg>Madame</arg>
<arg>Monsieur</arg>
<doc>Returns a list containing given items.</doc>
<status status="PASS" start="2024-05-27T18:19:01.799995" elapsed="0.000179"/>
</kw>
<kw name="List Should Contain Value" owner="Collections">
<msg time="2024-05-27T18:19:01.800664" level="INFO">False</msg>
<arg>${allowed_titles}</arg>
<arg>${name_title}</arg>
<doc>Fails if the ``value`` is not found from ``list``.</doc>
<status status="PASS" start="2024-05-27T18:19:01.800485" elapsed="0.000217"/>
</kw>
<kw name="Set Variable" owner="BuiltIn">
<msg time="2024-05-27T18:19:01.801560" level="INFO">${name_country} = NL</msg>
<var>${name_country}</var>
<arg>${json_data["results"][0]["nat"]}</arg>
<doc>Returns the given values which can then be assigned to a variables.</doc>
<status status="PASS" start="2024-05-27T18:19:01.800995" elapsed="0.000590"/>
</kw>
<kw name="Create List" owner="BuiltIn">
<msg time="2024-05-27T18:19:01.802525" level="INFO">${list_country} = ['AD', 'AE', 'AF', 'AG', 'AI', 'AL', 'AM', 'AO', 'AQ', 'AR', 'AS', 'AT', 'AU', 'AW', 'AX', 'AZ', 'BA', 'BB', 'BD', 'BE', 'BF', 'BG', 'BH', 'BI', 'BJ', 'BL', 'BM', 'BN', 'BO', 'BQ', 'BR', 'BS', 'BT', '...</msg>
<var>${list_country}</var>
<arg>AD</arg>
<arg>AE</arg>
<arg>AF</arg>
<arg>AG</arg>
<arg>AI</arg>
<arg>AL</arg>
<arg>AM</arg>
<arg>AO</arg>
<arg>AQ</arg>
<arg>AR</arg>
<arg>AS</arg>
<arg>AT</arg>
<arg>AU</arg>
<arg>AW</arg>
<arg>AX</arg>
<arg>AZ</arg>
<arg>BA</arg>
<arg>BB</arg>
<arg>BD</arg>
<arg>BE</arg>
<arg>BF</arg>
<arg>BG</arg>
<arg>BH</arg>
<arg>BI</arg>
<arg>BJ</arg>
<arg>BL</arg>
<arg>BM</arg>
<arg>BN</arg>
<arg>BO</arg>
<arg>BQ</arg>
<arg>BR</arg>
<arg>BS</arg>
<arg>BT</arg>
<arg>BV</arg>
<arg>BW</arg>
<arg>BY</arg>
<arg>BZ</arg>
<arg>CA</arg>
<arg>CC</arg>
<arg>CD</arg>
<arg>CF</arg>
<arg>CG</arg>
<arg>CH</arg>
<arg>CI</arg>
<arg>CK</arg>
<arg>CL</arg>
<arg>CM</arg>
<arg>CN</arg>
<arg>CO</arg>
<arg>CR</arg>
<arg>CU</arg>
<arg>CV</arg>
<arg>CW</arg>
<arg>CX</arg>
<arg>CY</arg>
<arg>CZ</arg>
<arg>DE</arg>
<arg>DJ</arg>
<arg>DK</arg>
<arg>DM</arg>
<arg>DO</arg>
<arg>DZ</arg>
<arg>EC</arg>
<arg>EE</arg>
<arg>EG</arg>
<arg>EH</arg>
<arg>ER</arg>
<arg>ES</arg>
<arg>ET</arg>
<arg>FI</arg>
<arg>FJ</arg>
<arg>FK</arg>
<arg>FM</arg>
<arg>FO</arg>
<arg>FR</arg>
<arg>GA</arg>
<arg>GB</arg>
<arg>GD</arg>
<arg>GE</arg>
<arg>GF</arg>
<arg>GG</arg>
<arg>GH</arg>
<arg>GI</arg>
<arg>GL</arg>
<arg>GM</arg>
<arg>GN</arg>
<arg>GP</arg>
<arg>GQ</arg>
<arg>GR</arg>
<arg>GS</arg>
<arg>GT</arg>
<arg>GU</arg>
<arg>GW</arg>
<arg>GY</arg>
<arg>HK</arg>
<arg>HM</arg>
<arg>HN</arg>
<arg>HR</arg>
<arg>HT</arg>
<arg>HU</arg>
<arg>ID</arg>
<arg>IE</arg>
<arg>IL</arg>
<arg>IM</arg>
<arg>IN</arg>
<arg>IO</arg>
<arg>IQ</arg>
<arg>IR</arg>
<arg>IS</arg>
<arg>IT</arg>
<arg>JE</arg>
<arg>JM</arg>
<arg>JO</arg>
<arg>JP</arg>
<arg>KE</arg>
<arg>KG</arg>
<arg>KH</arg>
<arg>KI</arg>
<arg>KM</arg>
<arg>KN</arg>
<arg>KP</arg>
<arg>KR</arg>
<arg>KW</arg>
<arg>KY</arg>
<arg>KZ</arg>
<arg>LA</arg>
<arg>LB</arg>
<arg>LC</arg>
<arg>LI</arg>
<arg>LK</arg>
<arg>LR</arg>
<arg>LS</arg>
<arg>LT</arg>
<arg>LU</arg>
<arg>LV</arg>
<arg>LY</arg>
<arg>MA</arg>
<arg>MC</arg>
<arg>MD</arg>
<arg>ME</arg>
<arg>MF</arg>
<arg>MG</arg>
<arg>MH</arg>
<arg>MK</arg>
<arg>ML</arg>
<arg>MM</arg>
<arg>MN</arg>
<arg>MO</arg>
<arg>MP</arg>
<arg>MQ</arg>
<arg>MR</arg>
<arg>MS</arg>
<arg>MT</arg>
<arg>MU</arg>
<arg>MV</arg>
<arg>MW</arg>
<arg>MX</arg>
<arg>MY</arg>
<arg>MZ</arg>
<arg>NA</arg>
<arg>NC</arg>
<arg>NE</arg>
<arg>NF</arg>
<arg>NG</arg>
<arg>NI</arg>
<arg>NL</arg>
<arg>NO</arg>
<arg>NP</arg>
<arg>NR</arg>
<arg>NU</arg>
<arg>NZ</arg>
<arg>OM</arg>
<arg>PA</arg>
<arg>PE</arg>
<arg>PF</arg>
<arg>PG</arg>
<arg>PH</arg>
<arg>PK</arg>
<arg>PL</arg>
<arg>PM</arg>
<arg>PN</arg>
<arg>PR</arg>
<arg>PS</arg>
<arg>PT</arg>
<arg>PW</arg>
<arg>PY</arg>
<arg>QA</arg>
<arg>RE</arg>
<arg>RO</arg>
<arg>RS</arg>
<arg>RU</arg>
<arg>RW</arg>
<arg>SA</arg>
<arg>SB</arg>
<arg>SC</arg>
<arg>SD</arg>
<arg>SE</arg>
<arg>SG</arg>
<arg>SH</arg>
<arg>SI</arg>
<arg>SJ</arg>
<arg>SK</arg>
<arg>SL</arg>
<arg>SM</arg>
<arg>SN</arg>
<arg>SO</arg>
<arg>SR</arg>
<arg>SS</arg>
<arg>ST</arg>
<arg>SV</arg>
<arg>SX</arg>
<arg>SY</arg>
<arg>SZ</arg>
<arg>TC</arg>
<arg>TD</arg>
<arg>TF</arg>
<arg>TG</arg>
<arg>TH</arg>
<arg>TJ</arg>
<arg>TK</arg>
<arg>TL</arg>
<arg>TM</arg>
<arg>TN</arg>
<arg>TO</arg>
<arg>TR</arg>
<arg>TT</arg>
<arg>TV</arg>
<arg>TW</arg>
<arg>TZ</arg>
<arg>UA</arg>
<arg>UG</arg>
<arg>UM</arg>
<arg>US</arg>
<arg>UY</arg>
<arg>UZ</arg>
<arg>VA</arg>
<arg>VC</arg>
<arg>VE</arg>
<arg>VG</arg>
<arg>VI</arg>
<arg>VN</arg>
<arg>VU</arg>
<arg>WF</arg>
<arg>WS</arg>
<arg>XK</arg>
<arg>YE</arg>
<arg>YT</arg>
<arg>ZA</arg>
<arg>ZM</arg>
<arg>ZW</arg>
<doc>Returns a list containing given items.</doc>
<status status="PASS" start="2024-05-27T18:19:01.801895" elapsed="0.000656"/>
</kw>
<kw name="List Should Contain Value" owner="Collections">
<msg time="2024-05-27T18:19:01.803570" level="INFO">False</msg>
<arg>${list_country}</arg>
<arg>${name_country}</arg>
<doc>Fails if the ``value`` is not found from ``list``.</doc>
<status status="PASS" start="2024-05-27T18:19:01.803362" elapsed="0.000244"/>
</kw>
<kw name="Run Keyword If" owner="BuiltIn">
<kw name="Should Be True" owner="BuiltIn">
<arg>${True}</arg>
<doc>Fails if the given condition is not true.</doc>
<status status="PASS" start="2024-05-27T18:19:01.804725" elapsed="0.000146"/>
</kw>
<arg>${json_data["results"][0]["location"]["coordinates"]["latitude"]} &gt;= -90 and ${json_data["results"][0]["location"]["coordinates"]["latitude"]} &lt;= 90</arg>
<arg>Should Be True</arg>
<arg>${True}</arg>
<doc>Runs the given keyword with the given arguments, if ``condition`` is true.</doc>
<status status="PASS" start="2024-05-27T18:19:01.803918" elapsed="0.001078"/>
</kw>
<kw name="Run Keyword If" owner="BuiltIn">
<kw name="Should Be True" owner="BuiltIn">
<arg>${True}</arg>
<doc>Fails if the given condition is not true.</doc>
<status status="PASS" start="2024-05-27T18:19:01.805861" elapsed="0.000136"/>
</kw>
<arg>${json_data["results"][0]["location"]["coordinates"]["longitude"]} &gt;= -180 and ${json_data["results"][0]["location"]["coordinates"]["longitude"]} &lt;= 180</arg>
<arg>Should Be True</arg>
<arg>${True}</arg>
<doc>Runs the given keyword with the given arguments, if ``condition`` is true.</doc>
<status status="PASS" start="2024-05-27T18:19:01.805179" elapsed="0.000940"/>
</kw>
<status status="PASS" start="2024-05-27T18:19:01.688631" elapsed="0.117617"/>
</kw>
<doc>Testa o conteúdo específico dos campos retornados pela API.</doc>
<tag>testeConteudo</tag>
<status status="PASS" start="2024-05-27T18:19:01.687893" elapsed="0.118507"/>
</test>
<status status="PASS" start="2024-05-27T18:19:00.525478" elapsed="1.282980"/>
</suite>
<status status="PASS" start="2024-05-27T18:19:00.511956" elapsed="1.301816"/>
</suite>
<statistics>
<total>
<stat pass="5" fail="0" skip="0">All Tests</stat>
</total>
<tag>
<stat pass="1" fail="0" skip="0">testeConteudo</stat>
<stat pass="1" fail="0" skip="0">testeEstruturaResposta</stat>
<stat pass="1" fail="0" skip="0">testeRequisicaoBasica</stat>
<stat pass="1" fail="0" skip="0">testeTiposDados</stat>
</tag>
<suite>
<stat pass="5" fail="0" skip="0" id="s1" name="Tests">Tests</stat>
<stat pass="5" fail="0" skip="0" id="s1-s1" name="Random-User-Test">Tests.Random-User-Test</stat>
</suite>
</statistics>
<errors>
</errors>
</robot>
