<?xml version="1.0" encoding="UTF-8"?>
<robot generator="Robot 7.0.1 (Python 3.12.4 on linux)" generated="2024-07-18T05:15:16.339376" rpa="false" schemaversion="5">
<suite id="s1" name="Tests" source="/home/runner/work/ApiRandomUser/ApiRandomUser/RamdonUser/tests">
<suite id="s1-s1" name="Random-User-Test" source="/home/runner/work/ApiRandomUser/ApiRandomUser/RamdonUser/tests/random-user-test.robot">
<test id="s1-s1-t1" name="Conectar" line="13">
<kw name="Conectar API" owner="random-user-service">
<kw name="Create Session" owner="RequestsLibrary">
<msg time="2024-07-18T05:15:16.724482" level="INFO">Creating Session using : alias=consultarAPI, url=https://randomuser.me/, headers={},                     cookies={}, auth=None, timeout=None, proxies=None, verify=False,                     debug=0 </msg>
<arg>consultarAPI</arg>
<arg>${URL}</arg>
<doc>Create Session: create a HTTP session to a server</doc>
<status status="PASS" start="2024-07-18T05:15:16.724291" elapsed="0.000356"/>
</kw>
<status status="PASS" start="2024-07-18T05:15:16.723284" elapsed="0.001704"/>
</kw>
<status status="PASS" start="2024-07-18T05:15:16.722775" elapsed="0.002400"/>
</test>
<test id="s1-s1-t2" name="Validar retorno 200 e JSON Válido" line="16">
<kw name="Teste de Requisicao Basica" owner="random-user-service">
<kw name="GET On Session" owner="RequestsLibrary">
<msg time="2024-07-18T05:15:16.848845" level="INFO">GET Request : url=https://randomuser.me/api 
 path_url=/api 
 headers={'User-Agent': 'python-requests/2.32.3', 'Accept-Encoding': 'gzip, deflate', 'Accept': '*/*', 'Connection': 'keep-alive'} 
 body=None 
 </msg>
<msg time="2024-07-18T05:15:16.848982" level="INFO">GET Response : url=https://randomuser.me/api 
 status=200, reason=OK 
 headers={'Date': 'Thu, 18 Jul 2024 05:15:16 GMT', 'Content-Type': 'application/json; charset=utf-8', 'Transfer-Encoding': 'chunked', 'Connection': 'keep-alive', 'X-Powered-By': 'Express', 'Access-Control-Allow-Origin': '*', 'Cache-Control': 'no-cache', 'ETag': 'W/"494-StcvTpxI2kx5Fs6yU3UQTMyDZ1w"', 'Vary': 'Accept-Encoding', 'Content-Encoding': 'gzip', 'CF-Cache-Status': 'DYNAMIC', 'Report-To': '{"endpoints":[{"url":"https:\\/\\/a.nel.cloudflare.com\\/report\\/v4?s=qq8pOo4YDQ%2FUm%2FkvclFt%2Bdw39v%2FXS2GYGosJ%2F%2F%2Bkjow5KhYaKrrHERyCNbbP4eqv2OCPVeg%2BCkWpP9XFhb8s3H7rQT9GyWaLwANzXqV%2Bwc5CdomZI2gGH2XeWx47e3E8"}],"group":"cf-nel","max_age":604800}', 'NEL': '{"success_fraction":0,"report_to":"cf-nel","max_age":604800}', 'Server': 'cloudflare', 'CF-RAY': '8a4ffe35b9849651-SJC', 'alt-svc': 'h3=":443"; ma=86400'} 
 body={"results":[{"gender":"female","name":{"title":"Miss","first":"Anđela","last":"Vrhovac"},"location":{"street":{"number":4901,"name":"Ljutoglavska"},"city":"Čajetina","state":"South Banat","country":"Serbia","postcode":16980,"coordinates":{"latitude":"56.3394","longitude":"56.9810"},"timezone":{"offset":"+7:00","description":"Bangkok, Hanoi, Jakarta"}},"email":"andela.vrhovac@example.com","login":{"uuid":"0e0c772c-132d-496f-8ad0-40d3dc214c9c","username":"beautifulelephant133","password":"surfing","salt":"nlZJx9VO","md5":"a10f77d2b5c78ab4e3793e66deb7dce8","sha1":"1fe39d6090ac83fa799aa577f7ab22b12a24aec9","sha256":"dac2996da4e51f2d0b6d2b89985718ade67b9637390a12de4bb82375aa05eb63"},"dob":{"date":"1994-03-15T15:16:14.868Z","age":30},"registered":{"date":"2006-10-08T23:14:20.760Z","age":17},"phone":"031-1275-760","cell":"061-6270-649","id":{"name":"SID","value":"546691555"},"picture":{"large":"https://randomuser.me/api/portraits/women/80.jpg","medium":"https://randomuser.me/api/portraits/med/women/80.jpg","thumbnail":"https://randomuser.me/api/portraits/thumb/women/80.jpg"},"nat":"RS"}],"info":{"seed":"bd5fbf094e0c4854","results":1,"page":1,"version":"1.4"}} 
 </msg>
<msg time="2024-07-18T05:15:16.849056" level="INFO">/opt/hostedtoolcache/Python/3.12.4/x64/lib/python3.12/site-packages/urllib3/connectionpool.py:1099: InsecureRequestWarning: Unverified HTTPS request is being made to host 'randomuser.me'. Adding certificate verification is strongly advised. See: https://urllib3.readthedocs.io/en/latest/advanced-usage.html#tls-warnings
  warnings.warn(</msg>
<msg time="2024-07-18T05:15:16.849182" level="INFO">${response} = &lt;Response [200]&gt;</msg>
<var>${response}</var>
<arg>consultarAPI</arg>
<arg>/api</arg>
<doc>Sends a GET request on a previously created HTTP Session.</doc>
<status status="PASS" start="2024-07-18T05:15:16.727772" elapsed="0.121449"/>
</kw>
<kw name="Should Be Equal As Numbers" owner="BuiltIn">
<msg time="2024-07-18T05:15:16.850205" level="INFO">Argument types are:
&lt;class 'int'&gt;
&lt;class 'str'&gt;</msg>
<arg>${response.status_code}</arg>
<arg>200</arg>
<doc>Fails if objects are unequal after converting them to real numbers.</doc>
<status status="PASS" start="2024-07-18T05:15:16.849718" elapsed="0.000550"/>
</kw>
<kw name="Log" owner="BuiltIn">
<msg time="2024-07-18T05:15:16.850941" level="INFO">200</msg>
<arg>${response.status_code}</arg>
<doc>Logs the given message with the given level.</doc>
<status status="PASS" start="2024-07-18T05:15:16.850586" elapsed="0.000398"/>
</kw>
<kw name="Set Variable" owner="BuiltIn">
<msg time="2024-07-18T05:15:16.851755" level="INFO">${json_data} = {'results': [{'gender': 'female', 'name': {'title': 'Miss', 'first': 'Anđela', 'last': 'Vrhovac'}, 'location': {'street': {'number': 4901, 'name': 'Ljutoglavska'}, 'city': 'Čajetina', 'state': 'South ...</msg>
<var>${json_data}</var>
<arg>${response.json()}</arg>
<doc>Returns the given values which can then be assigned to a variables.</doc>
<status status="PASS" start="2024-07-18T05:15:16.851282" elapsed="0.000503"/>
</kw>
<kw name="Dictionary Should Contain Key" owner="Collections">
<arg>${json_data}</arg>
<arg>results</arg>
<doc>Fails if ``key`` is not found from ``dictionary``.</doc>
<status status="PASS" start="2024-07-18T05:15:16.852090" elapsed="0.000293"/>
</kw>
<status status="PASS" start="2024-07-18T05:15:16.727490" elapsed="0.125039"/>
</kw>
<doc>Testa se a API responde corretamente e retorna um objeto JSON válido.</doc>
<tag>testeRequisicaoBasica</tag>
<status status="PASS" start="2024-07-18T05:15:16.727030" elapsed="0.125657"/>
</test>
<test id="s1-s1-t3" name="Validar estrutura de resposta" line="22">
<kw name="Teste de Estrutura de Resposta" owner="random-user-service">
<kw name="GET On Session" owner="RequestsLibrary">
<msg time="2024-07-18T05:15:16.946523" level="INFO">GET Request : url=https://randomuser.me/api 
 path_url=/api 
 headers={'User-Agent': 'python-requests/2.32.3', 'Accept-Encoding': 'gzip, deflate', 'Accept': '*/*', 'Connection': 'keep-alive'} 
 body=None 
 </msg>
<msg time="2024-07-18T05:15:16.946603" level="INFO">GET Response : url=https://randomuser.me/api 
 status=200, reason=OK 
 headers={'Date': 'Thu, 18 Jul 2024 05:15:16 GMT', 'Content-Type': 'application/json; charset=utf-8', 'Transfer-Encoding': 'chunked', 'Connection': 'keep-alive', 'X-Powered-By': 'Express', 'Access-Control-Allow-Origin': '*', 'Cache-Control': 'no-cache', 'ETag': 'W/"477-ArKmGM5Z97JjSVmFOhR6xv49r38"', 'Vary': 'Accept-Encoding', 'Content-Encoding': 'gzip', 'CF-Cache-Status': 'DYNAMIC', 'Report-To': '{"endpoints":[{"url":"https:\\/\\/a.nel.cloudflare.com\\/report\\/v4?s=Qeox5UJh8e2%2FIkSPH6mkPoRbBTQqo48tXfTcGj2hFob8GFw6qffPtwELDV00EFFndNtxUFAVq%2BMH%2BaZQA0lXBwy7IQ1Noh7p9olYxcxPyZ%2BR0q1dbhPIgYMIYUOr72tF"}],"group":"cf-nel","max_age":604800}', 'NEL': '{"success_fraction":0,"report_to":"cf-nel","max_age":604800}', 'Server': 'cloudflare', 'CF-RAY': '8a4ffe365a089651-SJC', 'alt-svc': 'h3=":443"; ma=86400'} 
 body={"results":[{"gender":"male","name":{"title":"Mr","first":"Joel","last":"Wirkkala"},"location":{"street":{"number":6573,"name":"Hämeenkatu"},"city":"Nokia","state":"Ostrobothnia","country":"Finland","postcode":87322,"coordinates":{"latitude":"-26.5238","longitude":"-156.5663"},"timezone":{"offset":"+4:30","description":"Kabul"}},"email":"joel.wirkkala@example.com","login":{"uuid":"5faa387d-0577-4f1b-a3c9-92852872ff48","username":"smallmeercat609","password":"capone","salt":"cwDE9hT3","md5":"0e3e4e726981c3474fef0fbec76753e2","sha1":"0b0ae0238a7f48fbd90400d0c3baea4040338977","sha256":"19487c7f0c0310f7a11f248bf6e2367bbcc27b106b46f7c4dba4cb3108a0b999"},"dob":{"date":"1952-01-30T01:48:30.834Z","age":72},"registered":{"date":"2012-06-28T07:03:07.401Z","age":12},"phone":"03-541-992","cell":"045-395-78-49","id":{"name":"HETU","value":"NaNNA365undefined"},"picture":{"large":"https://randomuser.me/api/portraits/men/31.jpg","medium":"https://randomuser.me/api/portraits/med/men/31.jpg","thumbnail":"https://randomuser.me/api/portraits/thumb/men/31.jpg"},"nat":"FI"}],"info":{"seed":"b91e3a221bd9aa09","results":1,"page":1,"version":"1.4"}} 
 </msg>
<msg time="2024-07-18T05:15:16.946721" level="INFO">/opt/hostedtoolcache/Python/3.12.4/x64/lib/python3.12/site-packages/urllib3/connectionpool.py:1099: InsecureRequestWarning: Unverified HTTPS request is being made to host 'randomuser.me'. Adding certificate verification is strongly advised. See: https://urllib3.readthedocs.io/en/latest/advanced-usage.html#tls-warnings
  warnings.warn(</msg>
<msg time="2024-07-18T05:15:16.946836" level="INFO">${response} = &lt;Response [200]&gt;</msg>
<var>${response}</var>
<arg>consultarAPI</arg>
<arg>/api</arg>
<doc>Sends a GET request on a previously created HTTP Session.</doc>
<status status="PASS" start="2024-07-18T05:15:16.855542" elapsed="0.091347"/>
</kw>
<kw name="Set Variable" owner="BuiltIn">
<msg time="2024-07-18T05:15:16.947890" level="INFO">${json_data} = {'results': [{'gender': 'male', 'name': {'title': 'Mr', 'first': 'Joel', 'last': 'Wirkkala'}, 'location': {'street': {'number': 6573, 'name': 'Hämeenkatu'}, 'city': 'Nokia', 'state': 'Ostrobothnia', '...</msg>
<var>${json_data}</var>
<arg>${response.json()}</arg>
<doc>Returns the given values which can then be assigned to a variables.</doc>
<status status="PASS" start="2024-07-18T05:15:16.947374" elapsed="0.000547"/>
</kw>
<kw name="Log" owner="BuiltIn">
<msg time="2024-07-18T05:15:16.948406" level="INFO">{'results': [{'gender': 'male', 'name': {'title': 'Mr', 'first': 'Joel', 'last': 'Wirkkala'}, 'location': {'street': {'number': 6573, 'name': 'Hämeenkatu'}, 'city': 'Nokia', 'state': 'Ostrobothnia', 'country': 'Finland', 'postcode': 87322, 'coordinates': {'latitude': '-26.5238', 'longitude': '-156.5663'}, 'timezone': {'offset': '+4:30', 'description': 'Kabul'}}, 'email': 'joel.wirkkala@example.com', 'login': {'uuid': '5faa387d-0577-4f1b-a3c9-92852872ff48', 'username': 'smallmeercat609', 'password': 'capone', 'salt': 'cwDE9hT3', 'md5': '0e3e4e726981c3474fef0fbec76753e2', 'sha1': '0b0ae0238a7f48fbd90400d0c3baea4040338977', 'sha256': '19487c7f0c0310f7a11f248bf6e2367bbcc27b106b46f7c4dba4cb3108a0b999'}, 'dob': {'date': '1952-01-30T01:48:30.834Z', 'age': 72}, 'registered': {'date': '2012-06-28T07:03:07.401Z', 'age': 12}, 'phone': '03-541-992', 'cell': '045-395-78-49', 'id': {'name': 'HETU', 'value': 'NaNNA365undefined'}, 'picture': {'large': 'https://randomuser.me/api/portraits/men/31.jpg', 'medium': 'https://randomuser.me/api/portraits/med/men/31.jpg', 'thumbnail': 'https://randomuser.me/api/portraits/thumb/men/31.jpg'}, 'nat': 'FI'}], 'info': {'seed': 'b91e3a221bd9aa09', 'results': 1, 'page': 1, 'version': '1.4'}}</msg>
<arg>${json_data}</arg>
<doc>Logs the given message with the given level.</doc>
<status status="PASS" start="2024-07-18T05:15:16.948243" elapsed="0.000214"/>
</kw>
<kw name="Dictionary Should Contain Key" owner="Collections">
<arg>${json_data}</arg>
<arg>results</arg>
<doc>Fails if ``key`` is not found from ``dictionary``.</doc>
<status status="PASS" start="2024-07-18T05:15:16.948751" elapsed="0.000152"/>
</kw>
<kw name="Should Not Be Empty" owner="BuiltIn">
<msg time="2024-07-18T05:15:16.949213" level="INFO">Length is 2.</msg>
<arg>${json_data}</arg>
<doc>Verifies that the given item is not empty.</doc>
<status status="PASS" start="2024-07-18T05:15:16.949087" elapsed="0.000170"/>
</kw>
<kw name="Create List" owner="BuiltIn">
<msg time="2024-07-18T05:15:16.949701" level="INFO">${expected_keys} = ['gender', 'name', 'location', 'email', 'login']</msg>
<var>${expected_keys}</var>
<arg>gender</arg>
<arg>name</arg>
<arg>location</arg>
<arg>email</arg>
<arg>login</arg>
<doc>Returns a list containing given items.</doc>
<status status="PASS" start="2024-07-18T05:15:16.949547" elapsed="0.000179"/>
</kw>
<for flavor="IN">
<iter>
<kw name="Dictionary Should Contain Key" owner="Collections">
<arg>${json_data['results'][0]}</arg>
<arg>${key}</arg>
<doc>Fails if ``key`` is not found from ``dictionary``.</doc>
<status status="PASS" start="2024-07-18T05:15:16.950292" elapsed="0.000403"/>
</kw>
<kw name="Log" owner="BuiltIn">
<msg time="2024-07-18T05:15:16.951248" level="INFO">{'gender': 'male', 'name': {'title': 'Mr', 'first': 'Joel', 'last': 'Wirkkala'}, 'location': {'street': {'number': 6573, 'name': 'Hämeenkatu'}, 'city': 'Nokia', 'state': 'Ostrobothnia', 'country': 'Finland', 'postcode': 87322, 'coordinates': {'latitude': '-26.5238', 'longitude': '-156.5663'}, 'timezone': {'offset': '+4:30', 'description': 'Kabul'}}, 'email': 'joel.wirkkala@example.com', 'login': {'uuid': '5faa387d-0577-4f1b-a3c9-92852872ff48', 'username': 'smallmeercat609', 'password': 'capone', 'salt': 'cwDE9hT3', 'md5': '0e3e4e726981c3474fef0fbec76753e2', 'sha1': '0b0ae0238a7f48fbd90400d0c3baea4040338977', 'sha256': '19487c7f0c0310f7a11f248bf6e2367bbcc27b106b46f7c4dba4cb3108a0b999'}, 'dob': {'date': '1952-01-30T01:48:30.834Z', 'age': 72}, 'registered': {'date': '2012-06-28T07:03:07.401Z', 'age': 12}, 'phone': '03-541-992', 'cell': '045-395-78-49', 'id': {'name': 'HETU', 'value': 'NaNNA365undefined'}, 'picture': {'large': 'https://randomuser.me/api/portraits/men/31.jpg', 'medium': 'https://randomuser.me/api/portraits/med/men/31.jpg', 'thumbnail': 'https://randomuser.me/api/portraits/thumb/men/31.jpg'}, 'nat': 'FI'}</msg>
<arg>${json_data['results'][0]}</arg>
<doc>Logs the given message with the given level.</doc>
<status status="PASS" start="2024-07-18T05:15:16.950881" elapsed="0.000418"/>
</kw>
<kw name="Log" owner="BuiltIn">
<msg time="2024-07-18T05:15:16.951763" level="INFO">gender</msg>
<arg>${key}</arg>
<doc>Logs the given message with the given level.</doc>
<status status="PASS" start="2024-07-18T05:15:16.951626" elapsed="0.000176"/>
</kw>
<var name="${key}">gender</var>
<status status="PASS" start="2024-07-18T05:15:16.950172" elapsed="0.001847"/>
</iter>
<iter>
<kw name="Dictionary Should Contain Key" owner="Collections">
<arg>${json_data['results'][0]}</arg>
<arg>${key}</arg>
<doc>Fails if ``key`` is not found from ``dictionary``.</doc>
<status status="PASS" start="2024-07-18T05:15:16.952319" elapsed="0.000381"/>
</kw>
<kw name="Log" owner="BuiltIn">
<msg time="2024-07-18T05:15:16.953269" level="INFO">{'gender': 'male', 'name': {'title': 'Mr', 'first': 'Joel', 'last': 'Wirkkala'}, 'location': {'street': {'number': 6573, 'name': 'Hämeenkatu'}, 'city': 'Nokia', 'state': 'Ostrobothnia', 'country': 'Finland', 'postcode': 87322, 'coordinates': {'latitude': '-26.5238', 'longitude': '-156.5663'}, 'timezone': {'offset': '+4:30', 'description': 'Kabul'}}, 'email': 'joel.wirkkala@example.com', 'login': {'uuid': '5faa387d-0577-4f1b-a3c9-92852872ff48', 'username': 'smallmeercat609', 'password': 'capone', 'salt': 'cwDE9hT3', 'md5': '0e3e4e726981c3474fef0fbec76753e2', 'sha1': '0b0ae0238a7f48fbd90400d0c3baea4040338977', 'sha256': '19487c7f0c0310f7a11f248bf6e2367bbcc27b106b46f7c4dba4cb3108a0b999'}, 'dob': {'date': '1952-01-30T01:48:30.834Z', 'age': 72}, 'registered': {'date': '2012-06-28T07:03:07.401Z', 'age': 12}, 'phone': '03-541-992', 'cell': '045-395-78-49', 'id': {'name': 'HETU', 'value': 'NaNNA365undefined'}, 'picture': {'large': 'https://randomuser.me/api/portraits/men/31.jpg', 'medium': 'https://randomuser.me/api/portraits/med/men/31.jpg', 'thumbnail': 'https://randomuser.me/api/portraits/thumb/men/31.jpg'}, 'nat': 'FI'}</msg>
<arg>${json_data['results'][0]}</arg>
<doc>Logs the given message with the given level.</doc>
<status status="PASS" start="2024-07-18T05:15:16.952882" elapsed="0.000483"/>
</kw>
<kw name="Log" owner="BuiltIn">
<msg time="2024-07-18T05:15:16.953797" level="INFO">name</msg>
<arg>${key}</arg>
<doc>Logs the given message with the given level.</doc>
<status status="PASS" start="2024-07-18T05:15:16.953669" elapsed="0.000171"/>
</kw>
<var name="${key}">name</var>
<status status="PASS" start="2024-07-18T05:15:16.952203" elapsed="0.001854"/>
</iter>
<iter>
<kw name="Dictionary Should Contain Key" owner="Collections">
<arg>${json_data['results'][0]}</arg>
<arg>${key}</arg>
<doc>Fails if ``key`` is not found from ``dictionary``.</doc>
<status status="PASS" start="2024-07-18T05:15:16.954339" elapsed="0.000383"/>
</kw>
<kw name="Log" owner="BuiltIn">
<msg time="2024-07-18T05:15:16.955253" level="INFO">{'gender': 'male', 'name': {'title': 'Mr', 'first': 'Joel', 'last': 'Wirkkala'}, 'location': {'street': {'number': 6573, 'name': 'Hämeenkatu'}, 'city': 'Nokia', 'state': 'Ostrobothnia', 'country': 'Finland', 'postcode': 87322, 'coordinates': {'latitude': '-26.5238', 'longitude': '-156.5663'}, 'timezone': {'offset': '+4:30', 'description': 'Kabul'}}, 'email': 'joel.wirkkala@example.com', 'login': {'uuid': '5faa387d-0577-4f1b-a3c9-92852872ff48', 'username': 'smallmeercat609', 'password': 'capone', 'salt': 'cwDE9hT3', 'md5': '0e3e4e726981c3474fef0fbec76753e2', 'sha1': '0b0ae0238a7f48fbd90400d0c3baea4040338977', 'sha256': '19487c7f0c0310f7a11f248bf6e2367bbcc27b106b46f7c4dba4cb3108a0b999'}, 'dob': {'date': '1952-01-30T01:48:30.834Z', 'age': 72}, 'registered': {'date': '2012-06-28T07:03:07.401Z', 'age': 12}, 'phone': '03-541-992', 'cell': '045-395-78-49', 'id': {'name': 'HETU', 'value': 'NaNNA365undefined'}, 'picture': {'large': 'https://randomuser.me/api/portraits/men/31.jpg', 'medium': 'https://randomuser.me/api/portraits/med/men/31.jpg', 'thumbnail': 'https://randomuser.me/api/portraits/thumb/men/31.jpg'}, 'nat': 'FI'}</msg>
<arg>${json_data['results'][0]}</arg>
<doc>Logs the given message with the given level.</doc>
<status status="PASS" start="2024-07-18T05:15:16.954903" elapsed="0.000401"/>
</kw>
<kw name="Log" owner="BuiltIn">
<msg time="2024-07-18T05:15:16.955772" level="INFO">location</msg>
<arg>${key}</arg>
<doc>Logs the given message with the given level.</doc>
<status status="PASS" start="2024-07-18T05:15:16.955637" elapsed="0.000174"/>
</kw>
<var name="${key}">location</var>
<status status="PASS" start="2024-07-18T05:15:16.954232" elapsed="0.001794"/>
</iter>
<iter>
<kw name="Dictionary Should Contain Key" owner="Collections">
<arg>${json_data['results'][0]}</arg>
<arg>${key}</arg>
<doc>Fails if ``key`` is not found from ``dictionary``.</doc>
<status status="PASS" start="2024-07-18T05:15:16.956304" elapsed="0.000422"/>
</kw>
<kw name="Log" owner="BuiltIn">
<msg time="2024-07-18T05:15:16.957411" level="INFO">{'gender': 'male', 'name': {'title': 'Mr', 'first': 'Joel', 'last': 'Wirkkala'}, 'location': {'street': {'number': 6573, 'name': 'Hämeenkatu'}, 'city': 'Nokia', 'state': 'Ostrobothnia', 'country': 'Finland', 'postcode': 87322, 'coordinates': {'latitude': '-26.5238', 'longitude': '-156.5663'}, 'timezone': {'offset': '+4:30', 'description': 'Kabul'}}, 'email': 'joel.wirkkala@example.com', 'login': {'uuid': '5faa387d-0577-4f1b-a3c9-92852872ff48', 'username': 'smallmeercat609', 'password': 'capone', 'salt': 'cwDE9hT3', 'md5': '0e3e4e726981c3474fef0fbec76753e2', 'sha1': '0b0ae0238a7f48fbd90400d0c3baea4040338977', 'sha256': '19487c7f0c0310f7a11f248bf6e2367bbcc27b106b46f7c4dba4cb3108a0b999'}, 'dob': {'date': '1952-01-30T01:48:30.834Z', 'age': 72}, 'registered': {'date': '2012-06-28T07:03:07.401Z', 'age': 12}, 'phone': '03-541-992', 'cell': '045-395-78-49', 'id': {'name': 'HETU', 'value': 'NaNNA365undefined'}, 'picture': {'large': 'https://randomuser.me/api/portraits/men/31.jpg', 'medium': 'https://randomuser.me/api/portraits/med/men/31.jpg', 'thumbnail': 'https://randomuser.me/api/portraits/thumb/men/31.jpg'}, 'nat': 'FI'}</msg>
<arg>${json_data['results'][0]}</arg>
<doc>Logs the given message with the given level.</doc>
<status status="PASS" start="2024-07-18T05:15:16.957038" elapsed="0.000424"/>
</kw>
<kw name="Log" owner="BuiltIn">
<msg time="2024-07-18T05:15:16.957887" level="INFO">email</msg>
<arg>${key}</arg>
<doc>Logs the given message with the given level.</doc>
<status status="PASS" start="2024-07-18T05:15:16.957760" elapsed="0.000165"/>
</kw>
<var name="${key}">email</var>
<status status="PASS" start="2024-07-18T05:15:16.956197" elapsed="0.001939"/>
</iter>
<iter>
<kw name="Dictionary Should Contain Key" owner="Collections">
<arg>${json_data['results'][0]}</arg>
<arg>${key}</arg>
<doc>Fails if ``key`` is not found from ``dictionary``.</doc>
<status status="PASS" start="2024-07-18T05:15:16.958419" elapsed="0.000391"/>
</kw>
<kw name="Log" owner="BuiltIn">
<msg time="2024-07-18T05:15:16.959358" level="INFO">{'gender': 'male', 'name': {'title': 'Mr', 'first': 'Joel', 'last': 'Wirkkala'}, 'location': {'street': {'number': 6573, 'name': 'Hämeenkatu'}, 'city': 'Nokia', 'state': 'Ostrobothnia', 'country': 'Finland', 'postcode': 87322, 'coordinates': {'latitude': '-26.5238', 'longitude': '-156.5663'}, 'timezone': {'offset': '+4:30', 'description': 'Kabul'}}, 'email': 'joel.wirkkala@example.com', 'login': {'uuid': '5faa387d-0577-4f1b-a3c9-92852872ff48', 'username': 'smallmeercat609', 'password': 'capone', 'salt': 'cwDE9hT3', 'md5': '0e3e4e726981c3474fef0fbec76753e2', 'sha1': '0b0ae0238a7f48fbd90400d0c3baea4040338977', 'sha256': '19487c7f0c0310f7a11f248bf6e2367bbcc27b106b46f7c4dba4cb3108a0b999'}, 'dob': {'date': '1952-01-30T01:48:30.834Z', 'age': 72}, 'registered': {'date': '2012-06-28T07:03:07.401Z', 'age': 12}, 'phone': '03-541-992', 'cell': '045-395-78-49', 'id': {'name': 'HETU', 'value': 'NaNNA365undefined'}, 'picture': {'large': 'https://randomuser.me/api/portraits/men/31.jpg', 'medium': 'https://randomuser.me/api/portraits/med/men/31.jpg', 'thumbnail': 'https://randomuser.me/api/portraits/thumb/men/31.jpg'}, 'nat': 'FI'}</msg>
<arg>${json_data['results'][0]}</arg>
<doc>Logs the given message with the given level.</doc>
<status status="PASS" start="2024-07-18T05:15:16.958992" elapsed="0.000417"/>
</kw>
<kw name="Log" owner="BuiltIn">
<msg time="2024-07-18T05:15:16.959872" level="INFO">login</msg>
<arg>${key}</arg>
<doc>Logs the given message with the given level.</doc>
<status status="PASS" start="2024-07-18T05:15:16.959732" elapsed="0.000182"/>
</kw>
<var name="${key}">login</var>
<status status="PASS" start="2024-07-18T05:15:16.958308" elapsed="0.001822"/>
</iter>
<var>${key}</var>
<value>@{expected_keys}</value>
<status status="PASS" start="2024-07-18T05:15:16.949985" elapsed="0.010264"/>
</for>
<kw name="Create List" owner="BuiltIn">
<msg time="2024-07-18T05:15:16.960570" level="INFO">${expected_keysTwo} = ['username', 'password']</msg>
<var>${expected_keysTwo}</var>
<arg>username</arg>
<arg>password</arg>
<doc>Returns a list containing given items.</doc>
<status status="PASS" start="2024-07-18T05:15:16.960437" elapsed="0.000157"/>
</kw>
<for flavor="IN">
<iter>
<kw name="Dictionary Should Contain Key" owner="Collections">
<arg>${json_data['results'][0]['login']}</arg>
<arg>${keyTwo}</arg>
<doc>Fails if ``key`` is not found from ``dictionary``.</doc>
<status status="PASS" start="2024-07-18T05:15:16.961118" elapsed="0.000441"/>
</kw>
<kw name="Dictionary Should Contain Key" owner="Collections">
<arg>${json_data['results'][0]['login']}</arg>
<arg>${keyTwo}</arg>
<doc>Fails if ``key`` is not found from ``dictionary``.</doc>
<status status="PASS" start="2024-07-18T05:15:16.961772" elapsed="0.000405"/>
</kw>
<kw name="Log" owner="BuiltIn">
<msg time="2024-07-18T05:15:16.962508" level="INFO">username</msg>
<arg>${keyTwo}</arg>
<doc>Logs the given message with the given level.</doc>
<status status="PASS" start="2024-07-18T05:15:16.962376" elapsed="0.000172"/>
</kw>
<var name="${keyTwo}">username</var>
<status status="PASS" start="2024-07-18T05:15:16.961009" elapsed="0.001774"/>
</iter>
<iter>
<kw name="Dictionary Should Contain Key" owner="Collections">
<arg>${json_data['results'][0]['login']}</arg>
<arg>${keyTwo}</arg>
<doc>Fails if ``key`` is not found from ``dictionary``.</doc>
<status status="PASS" start="2024-07-18T05:15:16.963061" elapsed="0.000404"/>
</kw>
<kw name="Dictionary Should Contain Key" owner="Collections">
<arg>${json_data['results'][0]['login']}</arg>
<arg>${keyTwo}</arg>
<doc>Fails if ``key`` is not found from ``dictionary``.</doc>
<status status="PASS" start="2024-07-18T05:15:16.963673" elapsed="0.000380"/>
</kw>
<kw name="Log" owner="BuiltIn">
<msg time="2024-07-18T05:15:16.964382" level="INFO">password</msg>
<arg>${keyTwo}</arg>
<doc>Logs the given message with the given level.</doc>
<status status="PASS" start="2024-07-18T05:15:16.964229" elapsed="0.000195"/>
</kw>
<var name="${keyTwo}">password</var>
<status status="PASS" start="2024-07-18T05:15:16.962955" elapsed="0.001702"/>
</iter>
<var>${keyTwo}</var>
<value>@{expected_keysTwo}</value>
<status status="PASS" start="2024-07-18T05:15:16.960854" elapsed="0.003924"/>
</for>
<status status="PASS" start="2024-07-18T05:15:16.855306" elapsed="0.109621"/>
</kw>
<doc>Testa a estrutura da resposta da API.</doc>
<tag>testeEstruturaResposta</tag>
<status status="PASS" start="2024-07-18T05:15:16.854825" elapsed="0.110246"/>
</test>
<test id="s1-s1-t4" name="Validar tipos de dados" line="28">
<kw name="Teste de Tipos de Dados" owner="random-user-service">
<kw name="GET On Session" owner="RequestsLibrary">
<msg time="2024-07-18T05:15:17.063620" level="INFO">GET Request : url=https://randomuser.me/api 
 path_url=/api 
 headers={'User-Agent': 'python-requests/2.32.3', 'Accept-Encoding': 'gzip, deflate', 'Accept': '*/*', 'Connection': 'keep-alive'} 
 body=None 
 </msg>
<msg time="2024-07-18T05:15:17.063697" level="INFO">GET Response : url=https://randomuser.me/api 
 status=200, reason=OK 
 headers={'Date': 'Thu, 18 Jul 2024 05:15:17 GMT', 'Content-Type': 'application/json; charset=utf-8', 'Transfer-Encoding': 'chunked', 'Connection': 'keep-alive', 'X-Powered-By': 'Express', 'Access-Control-Allow-Origin': '*', 'Cache-Control': 'no-cache', 'ETag': 'W/"464-EvEISN+iPki/vxnx62FyIMuiKos"', 'Vary': 'Accept-Encoding', 'Content-Encoding': 'gzip', 'CF-Cache-Status': 'DYNAMIC', 'Report-To': '{"endpoints":[{"url":"https:\\/\\/a.nel.cloudflare.com\\/report\\/v4?s=MOgsxyNrUKJ12dm6BLYNx2tRrZ2rseBwiPVRLhJatL%2BY0%2BPgtqot9ldQs35%2Fu2cC34xDASQL94eelng1eZtwjt%2FwHXkmgAGTg%2B%2BMKc2h60rdIFGkingPa8RDjGW2xeJC"}],"group":"cf-nel","max_age":604800}', 'NEL': '{"success_fraction":0,"report_to":"cf-nel","max_age":604800}', 'Server': 'cloudflare', 'CF-RAY': '8a4ffe370a979651-SJC', 'alt-svc': 'h3=":443"; ma=86400'} 
 body={"results":[{"gender":"male","name":{"title":"Mr","first":"Faraj","last":"Nand"},"location":{"street":{"number":511,"name":"College St"},"city":"Mumbai","state":"Nagaland","country":"India","postcode":56692,"coordinates":{"latitude":"12.4334","longitude":"-15.7125"},"timezone":{"offset":"-3:30","description":"Newfoundland"}},"email":"faraj.nand@example.com","login":{"uuid":"694039b8-727e-4cff-8c6d-a6aaa6a76263","username":"happysnake711","password":"rodeo","salt":"CkD3X00I","md5":"9bb61c0699148581a74138d071d8cc32","sha1":"ad10b082cfb36e7334c9eaae9c97f74123bdc82c","sha256":"707cd16fd89f70daa6f5ccf52f889f72e46982547e848948d38acb8515e18ff8"},"dob":{"date":"1968-12-30T14:33:10.738Z","age":55},"registered":{"date":"2015-06-14T21:27:40.462Z","age":9},"phone":"8364313253","cell":"9124371616","id":{"name":"UIDAI","value":"321166808632"},"picture":{"large":"https://randomuser.me/api/portraits/men/67.jpg","medium":"https://randomuser.me/api/portraits/med/men/67.jpg","thumbnail":"https://randomuser.me/api/portraits/thumb/men/67.jpg"},"nat":"IN"}],"info":{"seed":"bb76f61df38d21d0","results":1,"page":1,"version":"1.4"}} 
 </msg>
<msg time="2024-07-18T05:15:17.063765" level="INFO">/opt/hostedtoolcache/Python/3.12.4/x64/lib/python3.12/site-packages/urllib3/connectionpool.py:1099: InsecureRequestWarning: Unverified HTTPS request is being made to host 'randomuser.me'. Adding certificate verification is strongly advised. See: https://urllib3.readthedocs.io/en/latest/advanced-usage.html#tls-warnings
  warnings.warn(</msg>
<msg time="2024-07-18T05:15:17.063879" level="INFO">${response} = &lt;Response [200]&gt;</msg>
<var>${response}</var>
<arg>consultarAPI</arg>
<arg>/api</arg>
<doc>Sends a GET request on a previously created HTTP Session.</doc>
<status status="PASS" start="2024-07-18T05:15:16.967648" elapsed="0.096283"/>
</kw>
<kw name="Set Variable" owner="BuiltIn">
<msg time="2024-07-18T05:15:17.065016" level="INFO">${json_data} = {'results': [{'gender': 'male', 'name': {'title': 'Mr', 'first': 'Faraj', 'last': 'Nand'}, 'location': {'street': {'number': 511, 'name': 'College St'}, 'city': 'Mumbai', 'state': 'Nagaland', 'country...</msg>
<var>${json_data}</var>
<arg>${response.json()}</arg>
<doc>Returns the given values which can then be assigned to a variables.</doc>
<status status="PASS" start="2024-07-18T05:15:17.064447" elapsed="0.000599"/>
</kw>
<kw name="Log" owner="BuiltIn">
<msg time="2024-07-18T05:15:17.065496" level="INFO">{'results': [{'gender': 'male', 'name': {'title': 'Mr', 'first': 'Faraj', 'last': 'Nand'}, 'location': {'street': {'number': 511, 'name': 'College St'}, 'city': 'Mumbai', 'state': 'Nagaland', 'country': 'India', 'postcode': 56692, 'coordinates': {'latitude': '12.4334', 'longitude': '-15.7125'}, 'timezone': {'offset': '-3:30', 'description': 'Newfoundland'}}, 'email': 'faraj.nand@example.com', 'login': {'uuid': '694039b8-727e-4cff-8c6d-a6aaa6a76263', 'username': 'happysnake711', 'password': 'rodeo', 'salt': 'CkD3X00I', 'md5': '9bb61c0699148581a74138d071d8cc32', 'sha1': 'ad10b082cfb36e7334c9eaae9c97f74123bdc82c', 'sha256': '707cd16fd89f70daa6f5ccf52f889f72e46982547e848948d38acb8515e18ff8'}, 'dob': {'date': '1968-12-30T14:33:10.738Z', 'age': 55}, 'registered': {'date': '2015-06-14T21:27:40.462Z', 'age': 9}, 'phone': '8364313253', 'cell': '9124371616', 'id': {'name': 'UIDAI', 'value': '321166808632'}, 'picture': {'large': 'https://randomuser.me/api/portraits/men/67.jpg', 'medium': 'https://randomuser.me/api/portraits/med/men/67.jpg', 'thumbnail': 'https://randomuser.me/api/portraits/thumb/men/67.jpg'}, 'nat': 'IN'}], 'info': {'seed': 'bb76f61df38d21d0', 'results': 1, 'page': 1, 'version': '1.4'}}</msg>
<arg>${json_data}</arg>
<doc>Logs the given message with the given level.</doc>
<status status="PASS" start="2024-07-18T05:15:17.065347" elapsed="0.000196"/>
</kw>
<kw name="Should Be String" owner="String">
<arg>${json_data['results'][0]['gender']}</arg>
<doc>Fails if the given ``item`` is not a string.</doc>
<status status="PASS" start="2024-07-18T05:15:17.065839" elapsed="0.000354"/>
</kw>
<kw name="Should Match Regexp" owner="BuiltIn">
<arg>${json_data['results'][0]['email']}</arg>
<arg>^[a-zA-Z0-9._%+-]+@[a-zA-Z0-9.-]+\.[a-zA-Z]{2,}$</arg>
<doc>Fails if ``string`` does not match ``pattern`` as a regular expression.</doc>
<status status="PASS" start="2024-07-18T05:15:17.066388" elapsed="0.000513"/>
</kw>
<kw name="Should Match Regexp" owner="BuiltIn">
<arg>${json_data['results'][0]['dob']['date']}</arg>
<arg>\\d{4}-\\d{2}-\\d{2}T\\d{2}:\\d{2}:\\d{2}\\.\\d{3}Z</arg>
<doc>Fails if ``string`` does not match ``pattern`` as a regular expression.</doc>
<status status="PASS" start="2024-07-18T05:15:17.067126" elapsed="0.000636"/>
</kw>
<kw name="Should Match Regexp" owner="BuiltIn">
<arg>${json_data['results'][0]['registered']['date']}</arg>
<arg>\\d{4}-\\d{2}-\\d{2}T\\d{2}:\\d{2}:\\d{2}\\.\\d{3}Z</arg>
<doc>Fails if ``string`` does not match ``pattern`` as a regular expression.</doc>
<status status="PASS" start="2024-07-18T05:15:17.067967" elapsed="0.000379"/>
</kw>
<kw name="Should Match Regexp" owner="BuiltIn">
<arg>${json_data['results'][0]['picture']['large']}</arg>
<arg>^https?://.*\.(?:png|jpe?g|gif|bmp)$</arg>
<doc>Fails if ``string`` does not match ``pattern`` as a regular expression.</doc>
<status status="PASS" start="2024-07-18T05:15:17.068536" elapsed="0.000466"/>
</kw>
<kw name="Should Match Regexp" owner="BuiltIn">
<arg>${json_data['results'][0]['picture']['medium']}</arg>
<arg>^https?://.*\.(?:png|jpe?g|gif|bmp)$</arg>
<doc>Fails if ``string`` does not match ``pattern`` as a regular expression.</doc>
<status status="PASS" start="2024-07-18T05:15:17.069191" elapsed="0.000357"/>
</kw>
<kw name="Should Match Regexp" owner="BuiltIn">
<arg>${json_data['results'][0]['picture']['thumbnail']}</arg>
<arg>^https?://.*\.(?:png|jpe?g|gif|bmp)$</arg>
<doc>Fails if ``string`` does not match ``pattern`` as a regular expression.</doc>
<status status="PASS" start="2024-07-18T05:15:17.069734" elapsed="0.000352"/>
</kw>
<kw name="Log" owner="BuiltIn">
<msg time="2024-07-18T05:15:17.070592" level="INFO">{'large': 'https://randomuser.me/api/portraits/men/67.jpg', 'medium': 'https://randomuser.me/api/portraits/med/men/67.jpg', 'thumbnail': 'https://randomuser.me/api/portraits/thumb/men/67.jpg'}</msg>
<arg>${json_data['results'][0]['picture']}</arg>
<doc>Logs the given message with the given level.</doc>
<status status="PASS" start="2024-07-18T05:15:17.070268" elapsed="0.000367"/>
</kw>
<status status="PASS" start="2024-07-18T05:15:16.967385" elapsed="0.103507"/>
</kw>
<kw name="Teste de Tipos de Dados - Postcode" owner="random-user-service">
<kw name="GET On Session" owner="RequestsLibrary">
<msg time="2024-07-18T05:15:17.158979" level="INFO">GET Request : url=https://randomuser.me/api 
 path_url=/api 
 headers={'User-Agent': 'python-requests/2.32.3', 'Accept-Encoding': 'gzip, deflate', 'Accept': '*/*', 'Connection': 'keep-alive'} 
 body=None 
 </msg>
<msg time="2024-07-18T05:15:17.159058" level="INFO">GET Response : url=https://randomuser.me/api 
 status=200, reason=OK 
 headers={'Date': 'Thu, 18 Jul 2024 05:15:17 GMT', 'Content-Type': 'application/json; charset=utf-8', 'Transfer-Encoding': 'chunked', 'Connection': 'keep-alive', 'X-Powered-By': 'Express', 'Access-Control-Allow-Origin': '*', 'Cache-Control': 'no-cache', 'ETag': 'W/"490-evTF8KONtMsQ9R5wmkFdo8uPGWM"', 'Vary': 'Accept-Encoding', 'Content-Encoding': 'gzip', 'CF-Cache-Status': 'DYNAMIC', 'Report-To': '{"endpoints":[{"url":"https:\\/\\/a.nel.cloudflare.com\\/report\\/v4?s=oTrH2BcusDUcog7EXNz6o5mjZMiorORkpdiTYtLWbSYiDfyRQNvMz%2FF6h6%2BvmOCx4G%2B3NOQQTrHuGLUNreWjzcYml8hTfrJ9TZVBlB9dDfFLHEKRif8QvtnClsJ%2F5awe"}],"group":"cf-nel","max_age":604800}', 'NEL': '{"success_fraction":0,"report_to":"cf-nel","max_age":604800}', 'Server': 'cloudflare', 'CF-RAY': '8a4ffe37bb019651-SJC', 'alt-svc': 'h3=":443"; ma=86400'} 
 body={"results":[{"gender":"female","name":{"title":"Mrs","first":"Hélèna","last":"Renaud"},"location":{"street":{"number":6368,"name":"Route de Genas"},"city":"Champigny-sur-Marne","state":"Aisne","country":"France","postcode":88106,"coordinates":{"latitude":"-17.1474","longitude":"35.2638"},"timezone":{"offset":"+5:45","description":"Kathmandu"}},"email":"helena.renaud@example.com","login":{"uuid":"6d5ba530-d28b-416c-a847-ffabd5171282","username":"heavyzebra952","password":"connect","salt":"iGRfAWPH","md5":"10ea2533d39ccef2e1c9786b95d7b3f8","sha1":"f5a11683705bc878c17e1de6225a041d6b2d57f3","sha256":"5e2524ac412e33513ac2cf7027bae98e4e3edd8ab19de95c34c88c6dc8b6e535"},"dob":{"date":"1982-04-30T10:44:18.682Z","age":42},"registered":{"date":"2016-03-13T15:25:59.246Z","age":8},"phone":"02-14-01-51-06","cell":"06-11-52-91-62","id":{"name":"INSEE","value":"2820382130267 25"},"picture":{"large":"https://randomuser.me/api/portraits/women/81.jpg","medium":"https://randomuser.me/api/portraits/med/women/81.jpg","thumbnail":"https://randomuser.me/api/portraits/thumb/women/81.jpg"},"nat":"FR"}],"info":{"seed":"a05423d2d2e86202","results":1,"page":1,"version":"1.4"}} 
 </msg>
<msg time="2024-07-18T05:15:17.159128" level="INFO">/opt/hostedtoolcache/Python/3.12.4/x64/lib/python3.12/site-packages/urllib3/connectionpool.py:1099: InsecureRequestWarning: Unverified HTTPS request is being made to host 'randomuser.me'. Adding certificate verification is strongly advised. See: https://urllib3.readthedocs.io/en/latest/advanced-usage.html#tls-warnings
  warnings.warn(</msg>
<msg time="2024-07-18T05:15:17.159240" level="INFO">${response} = &lt;Response [200]&gt;</msg>
<var>${response}</var>
<arg>consultarAPI</arg>
<arg>/api</arg>
<doc>Sends a GET request on a previously created HTTP Session.</doc>
<status status="PASS" start="2024-07-18T05:15:17.071315" elapsed="0.087977"/>
</kw>
<kw name="Set Variable" owner="BuiltIn">
<msg time="2024-07-18T05:15:17.160483" level="INFO">${json_data} = {'results': [{'gender': 'female', 'name': {'title': 'Mrs', 'first': 'Hélèna', 'last': 'Renaud'}, 'location': {'street': {'number': 6368, 'name': 'Route de Genas'}, 'city': 'Champigny-sur-Marne', 'stat...</msg>
<var>${json_data}</var>
<arg>${response.json()}</arg>
<doc>Returns the given values which can then be assigned to a variables.</doc>
<status status="PASS" start="2024-07-18T05:15:17.159836" elapsed="0.000692"/>
</kw>
<kw name="Log" owner="BuiltIn">
<msg time="2024-07-18T05:15:17.161162" level="INFO">{'results': [{'gender': 'female', 'name': {'title': 'Mrs', 'first': 'Hélèna', 'last': 'Renaud'}, 'location': {'street': {'number': 6368, 'name': 'Route de Genas'}, 'city': 'Champigny-sur-Marne', 'state': 'Aisne', 'country': 'France', 'postcode': 88106, 'coordinates': {'latitude': '-17.1474', 'longitude': '35.2638'}, 'timezone': {'offset': '+5:45', 'description': 'Kathmandu'}}, 'email': 'helena.renaud@example.com', 'login': {'uuid': '6d5ba530-d28b-416c-a847-ffabd5171282', 'username': 'heavyzebra952', 'password': 'connect', 'salt': 'iGRfAWPH', 'md5': '10ea2533d39ccef2e1c9786b95d7b3f8', 'sha1': 'f5a11683705bc878c17e1de6225a041d6b2d57f3', 'sha256': '5e2524ac412e33513ac2cf7027bae98e4e3edd8ab19de95c34c88c6dc8b6e535'}, 'dob': {'date': '1982-04-30T10:44:18.682Z', 'age': 42}, 'registered': {'date': '2016-03-13T15:25:59.246Z', 'age': 8}, 'phone': '02-14-01-51-06', 'cell': '06-11-52-91-62', 'id': {'name': 'INSEE', 'value': '2820382130267 25'}, 'picture': {'large': 'https://randomuser.me/api/portraits/women/81.jpg', 'medium': 'https://randomuser.me/api/portraits/med/women/81.jpg', 'thumbnail': 'https://randomuser.me/api/portraits/thumb/women/81.jpg'}, 'nat': 'FR'}], 'info': {'seed': 'a05423d2d2e86202', 'results': 1, 'page': 1, 'version': '1.4'}}</msg>
<arg>${json_data}</arg>
<doc>Logs the given message with the given level.</doc>
<status status="PASS" start="2024-07-18T05:15:17.160962" elapsed="0.000251"/>
</kw>
<kw name="Should Be Equal As Numbers" owner="BuiltIn">
<arg>${json_data['results'][0]['location']['postcode']}</arg>
<arg>${json_data['results'][0]['location']['postcode']}</arg>
<doc>Fails if objects are unequal after converting them to real numbers.</doc>
<status status="PASS" start="2024-07-18T05:15:17.161514" elapsed="0.000644"/>
</kw>
<kw name="Log" owner="BuiltIn">
<msg time="2024-07-18T05:15:17.162688" level="INFO">88106</msg>
<arg>${json_data['results'][0]['location']['postcode']}</arg>
<doc>Logs the given message with the given level.</doc>
<status status="PASS" start="2024-07-18T05:15:17.162349" elapsed="0.000381"/>
</kw>
<status status="PASS" start="2024-07-18T05:15:17.071100" elapsed="0.091886"/>
</kw>
<doc>Testa se os tipos de dados na resposta da API estão corretos.</doc>
<tag>testeTiposDados</tag>
<status status="PASS" start="2024-07-18T05:15:16.966886" elapsed="0.196293"/>
</test>
<test id="s1-s1-t5" name="Validar conteudo" line="35">
<kw name="Teste de Tipos de Conteudo" owner="random-user-service">
<kw name="GET On Session" owner="RequestsLibrary">
<msg time="2024-07-18T05:15:17.265386" level="INFO">GET Request : url=https://randomuser.me/api 
 path_url=/api 
 headers={'User-Agent': 'python-requests/2.32.3', 'Accept-Encoding': 'gzip, deflate', 'Accept': '*/*', 'Connection': 'keep-alive'} 
 body=None 
 </msg>
<msg time="2024-07-18T05:15:17.265449" level="INFO">GET Response : url=https://randomuser.me/api 
 status=200, reason=OK 
 headers={'Date': 'Thu, 18 Jul 2024 05:15:17 GMT', 'Content-Type': 'application/json; charset=utf-8', 'Transfer-Encoding': 'chunked', 'Connection': 'keep-alive', 'X-Powered-By': 'Express', 'Access-Control-Allow-Origin': '*', 'Cache-Control': 'no-cache', 'ETag': 'W/"496-u/39yQhm53Wssh1KwfaRrrJVrFE"', 'Vary': 'Accept-Encoding', 'Content-Encoding': 'gzip', 'CF-Cache-Status': 'DYNAMIC', 'Report-To': '{"endpoints":[{"url":"https:\\/\\/a.nel.cloudflare.com\\/report\\/v4?s=AkvggTk%2BYjY%2BMqdKyac07FeHpTIbQcD5hhPzt7bC4f8imPMbBZmeThO9h0AIEgK7XnVdR6ySROAZKvEVGf7%2FEp9%2F2nxy4Z98qpe4ixThaz%2Bm9w4IsqlbnijXuVb7OBRL"}],"group":"cf-nel","max_age":604800}', 'NEL': '{"success_fraction":0,"report_to":"cf-nel","max_age":604800}', 'Server': 'cloudflare', 'CF-RAY': '8a4ffe384b6e9651-SJC', 'alt-svc': 'h3=":443"; ma=86400'} 
 body={"results":[{"gender":"male","name":{"title":"Mr","first":"Lucas","last":"Jimenez"},"location":{"street":{"number":4093,"name":"Oak Ridge Ln"},"city":"Rockhampton","state":"Tasmania","country":"Australia","postcode":9681,"coordinates":{"latitude":"-85.0045","longitude":"-96.8464"},"timezone":{"offset":"0:00","description":"Western Europe Time, London, Lisbon, Casablanca"}},"email":"lucas.jimenez@example.com","login":{"uuid":"a7769bab-cfff-456f-9142-e5ec8a9e46c3","username":"crazydog904","password":"badger","salt":"V788tz8J","md5":"617b09f138aacd7ae866494e0d7a0611","sha1":"0f259f2b286baf6dc6838decc482a1fae0ebefe7","sha256":"0a858991f224bff3bc68b52baafc2d85b88ec62a9bc29c76ffe0db17dc7cfab3"},"dob":{"date":"1963-04-20T00:59:04.383Z","age":61},"registered":{"date":"2020-12-18T08:41:01.904Z","age":3},"phone":"05-6682-4726","cell":"0442-830-080","id":{"name":"TFN","value":"924084098"},"picture":{"large":"https://randomuser.me/api/portraits/men/78.jpg","medium":"https://randomuser.me/api/portraits/med/men/78.jpg","thumbnail":"https://randomuser.me/api/portraits/thumb/men/78.jpg"},"nat":"AU"}],"info":{"seed":"c77e76b9f502f575","results":1,"page":1,"version":"1.4"}} 
 </msg>
<msg time="2024-07-18T05:15:17.265503" level="INFO">/opt/hostedtoolcache/Python/3.12.4/x64/lib/python3.12/site-packages/urllib3/connectionpool.py:1099: InsecureRequestWarning: Unverified HTTPS request is being made to host 'randomuser.me'. Adding certificate verification is strongly advised. See: https://urllib3.readthedocs.io/en/latest/advanced-usage.html#tls-warnings
  warnings.warn(</msg>
<msg time="2024-07-18T05:15:17.265606" level="INFO">${response} = &lt;Response [200]&gt;</msg>
<var>${response}</var>
<arg>consultarAPI</arg>
<arg>/api</arg>
<doc>Sends a GET request on a previously created HTTP Session.</doc>
<status status="PASS" start="2024-07-18T05:15:17.165717" elapsed="0.099932"/>
</kw>
<kw name="Set Variable" owner="BuiltIn">
<msg time="2024-07-18T05:15:17.266623" level="INFO">${json_data} = {'results': [{'gender': 'male', 'name': {'title': 'Mr', 'first': 'Lucas', 'last': 'Jimenez'}, 'location': {'street': {'number': 4093, 'name': 'Oak Ridge Ln'}, 'city': 'Rockhampton', 'state': 'Tasmania...</msg>
<var>${json_data}</var>
<arg>${response.json()}</arg>
<doc>Returns the given values which can then be assigned to a variables.</doc>
<status status="PASS" start="2024-07-18T05:15:17.266081" elapsed="0.000571"/>
</kw>
<kw name="Set Variable" owner="BuiltIn">
<msg time="2024-07-18T05:15:17.267361" level="INFO">${name_title} = Mr</msg>
<var>${name_title}</var>
<arg>${json_data["results"][0]["name"]["title"]}</arg>
<doc>Returns the given values which can then be assigned to a variables.</doc>
<status status="PASS" start="2024-07-18T05:15:17.266965" elapsed="0.000422"/>
</kw>
<kw name="Create List" owner="BuiltIn">
<msg time="2024-07-18T05:15:17.267884" level="INFO">${allowed_titles} = ['Mr', 'Ms', 'Miss', 'Mrs', 'Madame', 'Monsieur']</msg>
<var>${allowed_titles}</var>
<arg>Mr</arg>
<arg>Ms</arg>
<arg>Miss</arg>
<arg>Mrs</arg>
<arg>Madame</arg>
<arg>Monsieur</arg>
<doc>Returns a list containing given items.</doc>
<status status="PASS" start="2024-07-18T05:15:17.267731" elapsed="0.000178"/>
</kw>
<kw name="List Should Contain Value" owner="Collections">
<arg>${allowed_titles}</arg>
<arg>${name_title}</arg>
<doc>Fails if the ``value`` is not found from ``list``.</doc>
<status status="PASS" start="2024-07-18T05:15:17.268210" elapsed="0.000172"/>
</kw>
<kw name="Set Variable" owner="BuiltIn">
<msg time="2024-07-18T05:15:17.268941" level="INFO">${name_country} = AU</msg>
<var>${name_country}</var>
<arg>${json_data["results"][0]["nat"]}</arg>
<doc>Returns the given values which can then be assigned to a variables.</doc>
<status status="PASS" start="2024-07-18T05:15:17.268562" elapsed="0.000405"/>
</kw>
<kw name="Create List" owner="BuiltIn">
<msg time="2024-07-18T05:15:17.269855" level="INFO">${list_country} = ['AD', 'AE', 'AF', 'AG', 'AI', 'AL', 'AM', 'AO', 'AQ', 'AR', 'AS', 'AT', 'AU', 'AW', 'AX', 'AZ', 'BA', 'BB', 'BD', 'BE', 'BF', 'BG', 'BH', 'BI', 'BJ', 'BL', 'BM', 'BN', 'BO', 'BQ', 'BR', 'BS', 'BT', '...</msg>
<var>${list_country}</var>
<arg>AD</arg>
<arg>AE</arg>
<arg>AF</arg>
<arg>AG</arg>
<arg>AI</arg>
<arg>AL</arg>
<arg>AM</arg>
<arg>AO</arg>
<arg>AQ</arg>
<arg>AR</arg>
<arg>AS</arg>
<arg>AT</arg>
<arg>AU</arg>
<arg>AW</arg>
<arg>AX</arg>
<arg>AZ</arg>
<arg>BA</arg>
<arg>BB</arg>
<arg>BD</arg>
<arg>BE</arg>
<arg>BF</arg>
<arg>BG</arg>
<arg>BH</arg>
<arg>BI</arg>
<arg>BJ</arg>
<arg>BL</arg>
<arg>BM</arg>
<arg>BN</arg>
<arg>BO</arg>
<arg>BQ</arg>
<arg>BR</arg>
<arg>BS</arg>
<arg>BT</arg>
<arg>BV</arg>
<arg>BW</arg>
<arg>BY</arg>
<arg>BZ</arg>
<arg>CA</arg>
<arg>CC</arg>
<arg>CD</arg>
<arg>CF</arg>
<arg>CG</arg>
<arg>CH</arg>
<arg>CI</arg>
<arg>CK</arg>
<arg>CL</arg>
<arg>CM</arg>
<arg>CN</arg>
<arg>CO</arg>
<arg>CR</arg>
<arg>CU</arg>
<arg>CV</arg>
<arg>CW</arg>
<arg>CX</arg>
<arg>CY</arg>
<arg>CZ</arg>
<arg>DE</arg>
<arg>DJ</arg>
<arg>DK</arg>
<arg>DM</arg>
<arg>DO</arg>
<arg>DZ</arg>
<arg>EC</arg>
<arg>EE</arg>
<arg>EG</arg>
<arg>EH</arg>
<arg>ER</arg>
<arg>ES</arg>
<arg>ET</arg>
<arg>FI</arg>
<arg>FJ</arg>
<arg>FK</arg>
<arg>FM</arg>
<arg>FO</arg>
<arg>FR</arg>
<arg>GA</arg>
<arg>GB</arg>
<arg>GD</arg>
<arg>GE</arg>
<arg>GF</arg>
<arg>GG</arg>
<arg>GH</arg>
<arg>GI</arg>
<arg>GL</arg>
<arg>GM</arg>
<arg>GN</arg>
<arg>GP</arg>
<arg>GQ</arg>
<arg>GR</arg>
<arg>GS</arg>
<arg>GT</arg>
<arg>GU</arg>
<arg>GW</arg>
<arg>GY</arg>
<arg>HK</arg>
<arg>HM</arg>
<arg>HN</arg>
<arg>HR</arg>
<arg>HT</arg>
<arg>HU</arg>
<arg>ID</arg>
<arg>IE</arg>
<arg>IL</arg>
<arg>IM</arg>
<arg>IN</arg>
<arg>IO</arg>
<arg>IQ</arg>
<arg>IR</arg>
<arg>IS</arg>
<arg>IT</arg>
<arg>JE</arg>
<arg>JM</arg>
<arg>JO</arg>
<arg>JP</arg>
<arg>KE</arg>
<arg>KG</arg>
<arg>KH</arg>
<arg>KI</arg>
<arg>KM</arg>
<arg>KN</arg>
<arg>KP</arg>
<arg>KR</arg>
<arg>KW</arg>
<arg>KY</arg>
<arg>KZ</arg>
<arg>LA</arg>
<arg>LB</arg>
<arg>LC</arg>
<arg>LI</arg>
<arg>LK</arg>
<arg>LR</arg>
<arg>LS</arg>
<arg>LT</arg>
<arg>LU</arg>
<arg>LV</arg>
<arg>LY</arg>
<arg>MA</arg>
<arg>MC</arg>
<arg>MD</arg>
<arg>ME</arg>
<arg>MF</arg>
<arg>MG</arg>
<arg>MH</arg>
<arg>MK</arg>
<arg>ML</arg>
<arg>MM</arg>
<arg>MN</arg>
<arg>MO</arg>
<arg>MP</arg>
<arg>MQ</arg>
<arg>MR</arg>
<arg>MS</arg>
<arg>MT</arg>
<arg>MU</arg>
<arg>MV</arg>
<arg>MW</arg>
<arg>MX</arg>
<arg>MY</arg>
<arg>MZ</arg>
<arg>NA</arg>
<arg>NC</arg>
<arg>NE</arg>
<arg>NF</arg>
<arg>NG</arg>
<arg>NI</arg>
<arg>NL</arg>
<arg>NO</arg>
<arg>NP</arg>
<arg>NR</arg>
<arg>NU</arg>
<arg>NZ</arg>
<arg>OM</arg>
<arg>PA</arg>
<arg>PE</arg>
<arg>PF</arg>
<arg>PG</arg>
<arg>PH</arg>
<arg>PK</arg>
<arg>PL</arg>
<arg>PM</arg>
<arg>PN</arg>
<arg>PR</arg>
<arg>PS</arg>
<arg>PT</arg>
<arg>PW</arg>
<arg>PY</arg>
<arg>QA</arg>
<arg>RE</arg>
<arg>RO</arg>
<arg>RS</arg>
<arg>RU</arg>
<arg>RW</arg>
<arg>SA</arg>
<arg>SB</arg>
<arg>SC</arg>
<arg>SD</arg>
<arg>SE</arg>
<arg>SG</arg>
<arg>SH</arg>
<arg>SI</arg>
<arg>SJ</arg>
<arg>SK</arg>
<arg>SL</arg>
<arg>SM</arg>
<arg>SN</arg>
<arg>SO</arg>
<arg>SR</arg>
<arg>SS</arg>
<arg>ST</arg>
<arg>SV</arg>
<arg>SX</arg>
<arg>SY</arg>
<arg>SZ</arg>
<arg>TC</arg>
<arg>TD</arg>
<arg>TF</arg>
<arg>TG</arg>
<arg>TH</arg>
<arg>TJ</arg>
<arg>TK</arg>
<arg>TL</arg>
<arg>TM</arg>
<arg>TN</arg>
<arg>TO</arg>
<arg>TR</arg>
<arg>TT</arg>
<arg>TV</arg>
<arg>TW</arg>
<arg>TZ</arg>
<arg>UA</arg>
<arg>UG</arg>
<arg>UM</arg>
<arg>US</arg>
<arg>UY</arg>
<arg>UZ</arg>
<arg>VA</arg>
<arg>VC</arg>
<arg>VE</arg>
<arg>VG</arg>
<arg>VI</arg>
<arg>VN</arg>
<arg>VU</arg>
<arg>WF</arg>
<arg>WS</arg>
<arg>XK</arg>
<arg>YE</arg>
<arg>YT</arg>
<arg>ZA</arg>
<arg>ZM</arg>
<arg>ZW</arg>
<doc>Returns a list containing given items.</doc>
<status status="PASS" start="2024-07-18T05:15:17.269260" elapsed="0.000622"/>
</kw>
<kw name="List Should Contain Value" owner="Collections">
<arg>${list_country}</arg>
<arg>${name_country}</arg>
<doc>Fails if the ``value`` is not found from ``list``.</doc>
<status status="PASS" start="2024-07-18T05:15:17.270827" elapsed="0.000206"/>
</kw>
<kw name="Run Keyword If" owner="BuiltIn">
<kw name="Should Be True" owner="BuiltIn">
<arg>${True}</arg>
<doc>Fails if the given condition is not true.</doc>
<status status="PASS" start="2024-07-18T05:15:17.272004" elapsed="0.000143"/>
</kw>
<arg>${json_data["results"][0]["location"]["coordinates"]["latitude"]} &gt;= -90 and ${json_data["results"][0]["location"]["coordinates"]["latitude"]} &lt;= 90</arg>
<arg>Should Be True</arg>
<arg>${True}</arg>
<doc>Runs the given keyword with the given arguments, if ``condition`` is true.</doc>
<status status="PASS" start="2024-07-18T05:15:17.271232" elapsed="0.001042"/>
</kw>
<kw name="Run Keyword If" owner="BuiltIn">
<kw name="Should Be True" owner="BuiltIn">
<arg>${True}</arg>
<doc>Fails if the given condition is not true.</doc>
<status status="PASS" start="2024-07-18T05:15:17.273157" elapsed="0.000137"/>
</kw>
<arg>${json_data["results"][0]["location"]["coordinates"]["longitude"]} &gt;= -180 and ${json_data["results"][0]["location"]["coordinates"]["longitude"]} &lt;= 180</arg>
<arg>Should Be True</arg>
<arg>${True}</arg>
<doc>Runs the given keyword with the given arguments, if ``condition`` is true.</doc>
<status status="PASS" start="2024-07-18T05:15:17.272459" elapsed="0.000961"/>
</kw>
<status status="PASS" start="2024-07-18T05:15:17.165501" elapsed="0.108049"/>
</kw>
<doc>Testa o conteúdo específico dos campos retornados pela API.</doc>
<tag>testeConteudo</tag>
<status status="PASS" start="2024-07-18T05:15:17.165005" elapsed="0.108690"/>
</test>
<status status="PASS" start="2024-07-18T05:15:16.396902" elapsed="0.878727"/>
</suite>
<status status="PASS" start="2024-07-18T05:15:16.382684" elapsed="0.898080"/>
</suite>
<statistics>
<total>
<stat pass="5" fail="0" skip="0">All Tests</stat>
</total>
<tag>
<stat pass="1" fail="0" skip="0">testeConteudo</stat>
<stat pass="1" fail="0" skip="0">testeEstruturaResposta</stat>
<stat pass="1" fail="0" skip="0">testeRequisicaoBasica</stat>
<stat pass="1" fail="0" skip="0">testeTiposDados</stat>
</tag>
<suite>
<stat pass="5" fail="0" skip="0" id="s1" name="Tests">Tests</stat>
<stat pass="5" fail="0" skip="0" id="s1-s1" name="Random-User-Test">Tests.Random-User-Test</stat>
</suite>
</statistics>
<errors>
</errors>
</robot>
