<?xml version="1.0" encoding="UTF-8"?>
<robot generator="Robot 7.0 (Python 3.12.3 on linux)" generated="2024-05-23T05:16:38.363839" rpa="false" schemaversion="5">
<suite id="s1" name="Tests" source="/home/runner/work/DesafioQAItauRogerioJordao/DesafioQAItauRogerioJordao/RamdonUser/tests">
<suite id="s1-s1" name="Random-User-Test" source="/home/runner/work/DesafioQAItauRogerioJordao/DesafioQAItauRogerioJordao/RamdonUser/tests/random-user-test.robot">
<test id="s1-s1-t1" name="Conectar" line="13">
<kw name="Conectar API" owner="random-user-service">
<kw name="Create Session" owner="RequestsLibrary">
<msg time="2024-05-23T05:16:38.763764" level="INFO">Creating Session using : alias=consultarAPI, url=https://randomuser.me/, headers={},                     cookies={}, auth=None, timeout=None, proxies=None, verify=False,                     debug=0 </msg>
<arg>consultarAPI</arg>
<arg>${URL}</arg>
<doc>Create Session: create a HTTP session to a server</doc>
<status status="PASS" start="2024-05-23T05:16:38.763553" elapsed="0.000397"/>
</kw>
<status status="PASS" start="2024-05-23T05:16:38.762559" elapsed="0.001792"/>
</kw>
<status status="PASS" start="2024-05-23T05:16:38.761911" elapsed="0.002645"/>
</test>
<test id="s1-s1-t2" name="Validar retorno 200 e JSON Válido" line="16">
<kw name="Teste de Requisicao Basica" owner="random-user-service">
<kw name="GET On Session" owner="RequestsLibrary">
<msg time="2024-05-23T05:16:39.126261" level="INFO">GET Request : url=https://randomuser.me/api 
 path_url=/api 
 headers={'User-Agent': 'python-requests/2.32.2', 'Accept-Encoding': 'gzip, deflate', 'Accept': '*/*', 'Connection': 'keep-alive'} 
 body=None 
 </msg>
<msg time="2024-05-23T05:16:39.126430" level="INFO">GET Response : url=https://randomuser.me/api 
 status=200, reason=OK 
 headers={'Date': 'Thu, 23 May 2024 05:16:39 GMT', 'Content-Type': 'application/json; charset=utf-8', 'Transfer-Encoding': 'chunked', 'Connection': 'keep-alive', 'X-Powered-By': 'Express', 'Access-Control-Allow-Origin': '*', 'Cache-Control': 'no-cache', 'ETag': 'W/"48f-yR+TLVAvVV1kzcZa9sWUvPLOUuY"', 'Vary': 'Accept-Encoding', 'Content-Encoding': 'gzip', 'CF-Cache-Status': 'DYNAMIC', 'Report-To': '{"endpoints":[{"url":"https:\\/\\/a.nel.cloudflare.com\\/report\\/v4?s=7X0SHt3KqKVliXQ1Aj%2Biex2p1GgfdwaMGmnRzpB9YK6gdX%2BLyFc6USVxIaJcz4jHbW1y4MY4b11A834UrEsUiuZtH8QvgHsxbyIhb45ELW8BFZgL%2BszOxM0F7xxdkd5q"}],"group":"cf-nel","max_age":604800}', 'NEL': '{"success_fraction":0,"report_to":"cf-nel","max_age":604800}', 'Server': 'cloudflare', 'CF-RAY': '88829337fb13967b-SJC', 'alt-svc': 'h3=":443"; ma=86400'} 
 body={"results":[{"gender":"female","name":{"title":"Mrs","first":"Berfin","last":"Schouwenburg"},"location":{"street":{"number":6763,"name":"Krewerderweg"},"city":"Kruiningen","state":"Noord-Holland","country":"Netherlands","postcode":"9816 TR","coordinates":{"latitude":"33.8989","longitude":"34.4144"},"timezone":{"offset":"-10:00","description":"Hawaii"}},"email":"berfin.schouwenburg@example.com","login":{"uuid":"1aa1af79-2a5a-48bb-979b-041965d17c8f","username":"sadbird376","password":"mmmmmmm","salt":"NvOFSUYB","md5":"a36f8ce4065f93ce67064403dc0de5d1","sha1":"1964f9514f58d2ec71079364685da3052eda6f62","sha256":"283c74cabde2e279be80088326fe3bb85d499ebff5cc0b9b80eeac8aa4bd399e"},"dob":{"date":"1949-06-16T14:33:14.331Z","age":74},"registered":{"date":"2013-10-11T04:59:15.698Z","age":10},"phone":"(0076) 908941","cell":"(06) 07771645","id":{"name":"BSN","value":"05469265"},"picture":{"large":"https://randomuser.me/api/portraits/women/38.jpg","medium":"https://randomuser.me/api/portraits/med/women/38.jpg","thumbnail":"https://randomuser.me/api/portraits/thumb/women/38.jpg"},"nat":"NL"}],"info":{"seed":"b40d0294a467ba50","results":1,"page":1,"version":"1.4"}} 
 </msg>
<msg time="2024-05-23T05:16:39.126522" level="INFO">/opt/hostedtoolcache/Python/3.12.3/x64/lib/python3.12/site-packages/urllib3/connectionpool.py:1103: InsecureRequestWarning: Unverified HTTPS request is being made to host 'randomuser.me'. Adding certificate verification is strongly advised. See: https://urllib3.readthedocs.io/en/latest/advanced-usage.html#tls-warnings
  warnings.warn(</msg>
<msg time="2024-05-23T05:16:39.126681" level="INFO">${response} = &lt;Response [200]&gt;</msg>
<var>${response}</var>
<arg>consultarAPI</arg>
<arg>/api</arg>
<doc>Sends a GET request on a previously created HTTP Session.</doc>
<status status="PASS" start="2024-05-23T05:16:38.767249" elapsed="0.359473"/>
</kw>
<kw name="Should Be Equal As Numbers" owner="BuiltIn">
<msg time="2024-05-23T05:16:39.127828" level="INFO">Argument types are:
&lt;class 'int'&gt;
&lt;class 'str'&gt;</msg>
<arg>${response.status_code}</arg>
<arg>200</arg>
<doc>Fails if objects are unequal after converting them to real numbers.</doc>
<status status="PASS" start="2024-05-23T05:16:39.127357" elapsed="0.000537"/>
</kw>
<kw name="Log" owner="BuiltIn">
<msg time="2024-05-23T05:16:39.128618" level="INFO">200</msg>
<arg>${response.status_code}</arg>
<doc>Logs the given message with the given level.</doc>
<status status="PASS" start="2024-05-23T05:16:39.128264" elapsed="0.000399"/>
</kw>
<kw name="Set Variable" owner="BuiltIn">
<msg time="2024-05-23T05:16:39.129393" level="INFO">${json_data} = {'results': [{'gender': 'female', 'name': {'title': 'Mrs', 'first': 'Berfin', 'last': 'Schouwenburg'}, 'location': {'street': {'number': 6763, 'name': 'Krewerderweg'}, 'city': 'Kruiningen', 'state': '...</msg>
<var>${json_data}</var>
<arg>${response.json()}</arg>
<doc>Returns the given values which can then be assigned to a variables.</doc>
<status status="PASS" start="2024-05-23T05:16:39.128967" elapsed="0.000454"/>
</kw>
<kw name="Dictionary Should Contain Key" owner="Collections">
<msg time="2024-05-23T05:16:39.129880" level="INFO">False</msg>
<arg>${json_data}</arg>
<arg>results</arg>
<doc>Fails if ``key`` is not found from ``dictionary``.</doc>
<status status="PASS" start="2024-05-23T05:16:39.129715" elapsed="0.000203"/>
</kw>
<status status="PASS" start="2024-05-23T05:16:38.766992" elapsed="0.363182"/>
</kw>
<doc>Testa se a API responde corretamente e retorna um objeto JSON válido.</doc>
<tag>testeRequisicaoBasica</tag>
<status status="PASS" start="2024-05-23T05:16:38.766448" elapsed="0.363907"/>
</test>
<test id="s1-s1-t3" name="Validar estrutura de resposta" line="22">
<kw name="Teste de Estrutura de Resposta" owner="random-user-service">
<kw name="GET On Session" owner="RequestsLibrary">
<msg time="2024-05-23T05:16:39.272603" level="INFO">GET Request : url=https://randomuser.me/api 
 path_url=/api 
 headers={'User-Agent': 'python-requests/2.32.2', 'Accept-Encoding': 'gzip, deflate', 'Accept': '*/*', 'Connection': 'keep-alive'} 
 body=None 
 </msg>
<msg time="2024-05-23T05:16:39.272726" level="INFO">GET Response : url=https://randomuser.me/api 
 status=200, reason=OK 
 headers={'Date': 'Thu, 23 May 2024 05:16:39 GMT', 'Content-Type': 'application/json; charset=utf-8', 'Transfer-Encoding': 'chunked', 'Connection': 'keep-alive', 'X-Powered-By': 'Express', 'Access-Control-Allow-Origin': '*', 'Cache-Control': 'no-cache', 'ETag': 'W/"4ac-PZ8LPkWgf9Y/owxITExTvlKSVYo"', 'Vary': 'Accept-Encoding', 'Content-Encoding': 'gzip', 'CF-Cache-Status': 'DYNAMIC', 'Report-To': '{"endpoints":[{"url":"https:\\/\\/a.nel.cloudflare.com\\/report\\/v4?s=Da0ZfHDqORA9FHYYvmjjAIogsTW%2BtCzJjec%2F24zwN2ChiBrQ3IKouR1dsCSfIKGpmunog5aPBWMfc%2B2D1ZD0H1U4u78PztEPkwAbkVcOQb2BxI3iLHYhFWg5LWifZRin"}],"group":"cf-nel","max_age":604800}', 'NEL': '{"success_fraction":0,"report_to":"cf-nel","max_age":604800}', 'Server': 'cloudflare', 'CF-RAY': '888293389b5e967b-SJC', 'alt-svc': 'h3=":443"; ma=86400'} 
 body={"results":[{"gender":"female","name":{"title":"Mrs","first":"María Elena","last":"Hernádez"},"location":{"street":{"number":7375,"name":"Calzada Barrera"},"city":"Palomares","state":"Chihuahua","country":"Mexico","postcode":98172,"coordinates":{"latitude":"25.3511","longitude":"98.6702"},"timezone":{"offset":"+1:00","description":"Brussels, Copenhagen, Madrid, Paris"}},"email":"mariaelena.hernadez@example.com","login":{"uuid":"a687b492-f5e7-44d9-82f7-10c55ea0907e","username":"lazybird120","password":"waters","salt":"t6DrZJdk","md5":"c7faf6784210057a8ee0593262895181","sha1":"e15da8d4fa8ffd727b444b8a06f2ebb4dddc8d0d","sha256":"c9d666e38662606b2bf7b677e75e21c2dec54b6024f75bff20e87476f75aaaf6"},"dob":{"date":"1987-05-29T23:28:45.553Z","age":36},"registered":{"date":"2009-01-13T09:01:26.299Z","age":15},"phone":"(696) 050 4836","cell":"(632) 029 1041","id":{"name":"NSS","value":"84 83 35 3946 8"},"picture":{"large":"https://randomuser.me/api/portraits/women/31.jpg","medium":"https://randomuser.me/api/portraits/med/women/31.jpg","thumbnail":"https://randomuser.me/api/portraits/thumb/women/31.jpg"},"nat":"MX"}],"info":{"seed":"b78b23b34668cc5f","results":1,"page":1,"version":"1.4"}} 
 </msg>
<msg time="2024-05-23T05:16:39.272878" level="INFO">/opt/hostedtoolcache/Python/3.12.3/x64/lib/python3.12/site-packages/urllib3/connectionpool.py:1103: InsecureRequestWarning: Unverified HTTPS request is being made to host 'randomuser.me'. Adding certificate verification is strongly advised. See: https://urllib3.readthedocs.io/en/latest/advanced-usage.html#tls-warnings
  warnings.warn(</msg>
<msg time="2024-05-23T05:16:39.273020" level="INFO">${response} = &lt;Response [200]&gt;</msg>
<var>${response}</var>
<arg>consultarAPI</arg>
<arg>/api</arg>
<doc>Sends a GET request on a previously created HTTP Session.</doc>
<status status="PASS" start="2024-05-23T05:16:39.133055" elapsed="0.140006"/>
</kw>
<kw name="Set Variable" owner="BuiltIn">
<msg time="2024-05-23T05:16:39.274222" level="INFO">${json_data} = {'results': [{'gender': 'female', 'name': {'title': 'Mrs', 'first': 'María Elena', 'last': 'Hernádez'}, 'location': {'street': {'number': 7375, 'name': 'Calzada Barrera'}, 'city': 'Palomares', 'state'...</msg>
<var>${json_data}</var>
<arg>${response.json()}</arg>
<doc>Returns the given values which can then be assigned to a variables.</doc>
<status status="PASS" start="2024-05-23T05:16:39.273659" elapsed="0.000592"/>
</kw>
<kw name="Log" owner="BuiltIn">
<msg time="2024-05-23T05:16:39.274726" level="INFO">{'results': [{'gender': 'female', 'name': {'title': 'Mrs', 'first': 'María Elena', 'last': 'Hernádez'}, 'location': {'street': {'number': 7375, 'name': 'Calzada Barrera'}, 'city': 'Palomares', 'state': 'Chihuahua', 'country': 'Mexico', 'postcode': 98172, 'coordinates': {'latitude': '25.3511', 'longitude': '98.6702'}, 'timezone': {'offset': '+1:00', 'description': 'Brussels, Copenhagen, Madrid, Paris'}}, 'email': 'mariaelena.hernadez@example.com', 'login': {'uuid': 'a687b492-f5e7-44d9-82f7-10c55ea0907e', 'username': 'lazybird120', 'password': 'waters', 'salt': 't6DrZJdk', 'md5': 'c7faf6784210057a8ee0593262895181', 'sha1': 'e15da8d4fa8ffd727b444b8a06f2ebb4dddc8d0d', 'sha256': 'c9d666e38662606b2bf7b677e75e21c2dec54b6024f75bff20e87476f75aaaf6'}, 'dob': {'date': '1987-05-29T23:28:45.553Z', 'age': 36}, 'registered': {'date': '2009-01-13T09:01:26.299Z', 'age': 15}, 'phone': '(696) 050 4836', 'cell': '(632) 029 1041', 'id': {'name': 'NSS', 'value': '84 83 35 3946 8'}, 'picture': {'large': 'https://randomuser.me/api/portraits/women/31.jpg', 'medium': 'https://randomuser.me/api/portraits/med/women/31.jpg', 'thumbnail': 'https://randomuser.me/api/portraits/thumb/women/31.jpg'}, 'nat': 'MX'}], 'info': {'seed': 'b78b23b34668cc5f', 'results': 1, 'page': 1, 'version': '1.4'}}</msg>
<arg>${json_data}</arg>
<doc>Logs the given message with the given level.</doc>
<status status="PASS" start="2024-05-23T05:16:39.274558" elapsed="0.000223"/>
</kw>
<kw name="Dictionary Should Contain Key" owner="Collections">
<msg time="2024-05-23T05:16:39.275242" level="INFO">False</msg>
<arg>${json_data}</arg>
<arg>results</arg>
<doc>Fails if ``key`` is not found from ``dictionary``.</doc>
<status status="PASS" start="2024-05-23T05:16:39.275086" elapsed="0.000192"/>
</kw>
<kw name="Should Not Be Empty" owner="BuiltIn">
<msg time="2024-05-23T05:16:39.275709" level="INFO">Length is 2.</msg>
<arg>${json_data}</arg>
<doc>Verifies that the given item is not empty.</doc>
<status status="PASS" start="2024-05-23T05:16:39.275576" elapsed="0.000170"/>
</kw>
<kw name="Create List" owner="BuiltIn">
<msg time="2024-05-23T05:16:39.276387" level="INFO">${expected_keys} = ['gender', 'name', 'location', 'email', 'login']</msg>
<var>${expected_keys}</var>
<arg>gender</arg>
<arg>name</arg>
<arg>location</arg>
<arg>email</arg>
<arg>login</arg>
<doc>Returns a list containing given items.</doc>
<status status="PASS" start="2024-05-23T05:16:39.276074" elapsed="0.000338"/>
</kw>
<for flavor="IN">
<iter>
<kw name="Dictionary Should Contain Key" owner="Collections">
<msg time="2024-05-23T05:16:39.277404" level="INFO">False</msg>
<arg>${json_data['results'][0]}</arg>
<arg>${key}</arg>
<doc>Fails if ``key`` is not found from ``dictionary``.</doc>
<status status="PASS" start="2024-05-23T05:16:39.277011" elapsed="0.000431"/>
</kw>
<kw name="Log" owner="BuiltIn">
<msg time="2024-05-23T05:16:39.278113" level="INFO">{'gender': 'female', 'name': {'title': 'Mrs', 'first': 'María Elena', 'last': 'Hernádez'}, 'location': {'street': {'number': 7375, 'name': 'Calzada Barrera'}, 'city': 'Palomares', 'state': 'Chihuahua', 'country': 'Mexico', 'postcode': 98172, 'coordinates': {'latitude': '25.3511', 'longitude': '98.6702'}, 'timezone': {'offset': '+1:00', 'description': 'Brussels, Copenhagen, Madrid, Paris'}}, 'email': 'mariaelena.hernadez@example.com', 'login': {'uuid': 'a687b492-f5e7-44d9-82f7-10c55ea0907e', 'username': 'lazybird120', 'password': 'waters', 'salt': 't6DrZJdk', 'md5': 'c7faf6784210057a8ee0593262895181', 'sha1': 'e15da8d4fa8ffd727b444b8a06f2ebb4dddc8d0d', 'sha256': 'c9d666e38662606b2bf7b677e75e21c2dec54b6024f75bff20e87476f75aaaf6'}, 'dob': {'date': '1987-05-29T23:28:45.553Z', 'age': 36}, 'registered': {'date': '2009-01-13T09:01:26.299Z', 'age': 15}, 'phone': '(696) 050 4836', 'cell': '(632) 029 1041', 'id': {'name': 'NSS', 'value': '84 83 35 3946 8'}, 'picture': {'large': 'https://randomuser.me/api/portraits/women/31.jpg', 'medium': 'https://randomuser.me/api/portraits/med/women/31.jpg', 'thumbnail': 'https://randomuser.me/api/portraits/thumb/women/31.jpg'}, 'nat': 'MX'}</msg>
<arg>${json_data['results'][0]}</arg>
<doc>Logs the given message with the given level.</doc>
<status status="PASS" start="2024-05-23T05:16:39.277741" elapsed="0.000422"/>
</kw>
<kw name="Log" owner="BuiltIn">
<msg time="2024-05-23T05:16:39.278586" level="INFO">gender</msg>
<arg>${key}</arg>
<doc>Logs the given message with the given level.</doc>
<status status="PASS" start="2024-05-23T05:16:39.278457" elapsed="0.000166"/>
</kw>
<var name="${key}">gender</var>
<status status="PASS" start="2024-05-23T05:16:39.276886" elapsed="0.001953"/>
</iter>
<iter>
<kw name="Dictionary Should Contain Key" owner="Collections">
<msg time="2024-05-23T05:16:39.279517" level="INFO">False</msg>
<arg>${json_data['results'][0]}</arg>
<arg>${key}</arg>
<doc>Fails if ``key`` is not found from ``dictionary``.</doc>
<status status="PASS" start="2024-05-23T05:16:39.279138" elapsed="0.000449"/>
</kw>
<kw name="Log" owner="BuiltIn">
<msg time="2024-05-23T05:16:39.280279" level="INFO">{'gender': 'female', 'name': {'title': 'Mrs', 'first': 'María Elena', 'last': 'Hernádez'}, 'location': {'street': {'number': 7375, 'name': 'Calzada Barrera'}, 'city': 'Palomares', 'state': 'Chihuahua', 'country': 'Mexico', 'postcode': 98172, 'coordinates': {'latitude': '25.3511', 'longitude': '98.6702'}, 'timezone': {'offset': '+1:00', 'description': 'Brussels, Copenhagen, Madrid, Paris'}}, 'email': 'mariaelena.hernadez@example.com', 'login': {'uuid': 'a687b492-f5e7-44d9-82f7-10c55ea0907e', 'username': 'lazybird120', 'password': 'waters', 'salt': 't6DrZJdk', 'md5': 'c7faf6784210057a8ee0593262895181', 'sha1': 'e15da8d4fa8ffd727b444b8a06f2ebb4dddc8d0d', 'sha256': 'c9d666e38662606b2bf7b677e75e21c2dec54b6024f75bff20e87476f75aaaf6'}, 'dob': {'date': '1987-05-29T23:28:45.553Z', 'age': 36}, 'registered': {'date': '2009-01-13T09:01:26.299Z', 'age': 15}, 'phone': '(696) 050 4836', 'cell': '(632) 029 1041', 'id': {'name': 'NSS', 'value': '84 83 35 3946 8'}, 'picture': {'large': 'https://randomuser.me/api/portraits/women/31.jpg', 'medium': 'https://randomuser.me/api/portraits/med/women/31.jpg', 'thumbnail': 'https://randomuser.me/api/portraits/thumb/women/31.jpg'}, 'nat': 'MX'}</msg>
<arg>${json_data['results'][0]}</arg>
<doc>Logs the given message with the given level.</doc>
<status status="PASS" start="2024-05-23T05:16:39.279892" elapsed="0.000436"/>
</kw>
<kw name="Log" owner="BuiltIn">
<msg time="2024-05-23T05:16:39.280751" level="INFO">name</msg>
<arg>${key}</arg>
<doc>Logs the given message with the given level.</doc>
<status status="PASS" start="2024-05-23T05:16:39.280625" elapsed="0.000162"/>
</kw>
<var name="${key}">name</var>
<status status="PASS" start="2024-05-23T05:16:39.279024" elapsed="0.001975"/>
</iter>
<iter>
<kw name="Dictionary Should Contain Key" owner="Collections">
<msg time="2024-05-23T05:16:39.281659" level="INFO">False</msg>
<arg>${json_data['results'][0]}</arg>
<arg>${key}</arg>
<doc>Fails if ``key`` is not found from ``dictionary``.</doc>
<status status="PASS" start="2024-05-23T05:16:39.281289" elapsed="0.000407"/>
</kw>
<kw name="Log" owner="BuiltIn">
<msg time="2024-05-23T05:16:39.282345" level="INFO">{'gender': 'female', 'name': {'title': 'Mrs', 'first': 'María Elena', 'last': 'Hernádez'}, 'location': {'street': {'number': 7375, 'name': 'Calzada Barrera'}, 'city': 'Palomares', 'state': 'Chihuahua', 'country': 'Mexico', 'postcode': 98172, 'coordinates': {'latitude': '25.3511', 'longitude': '98.6702'}, 'timezone': {'offset': '+1:00', 'description': 'Brussels, Copenhagen, Madrid, Paris'}}, 'email': 'mariaelena.hernadez@example.com', 'login': {'uuid': 'a687b492-f5e7-44d9-82f7-10c55ea0907e', 'username': 'lazybird120', 'password': 'waters', 'salt': 't6DrZJdk', 'md5': 'c7faf6784210057a8ee0593262895181', 'sha1': 'e15da8d4fa8ffd727b444b8a06f2ebb4dddc8d0d', 'sha256': 'c9d666e38662606b2bf7b677e75e21c2dec54b6024f75bff20e87476f75aaaf6'}, 'dob': {'date': '1987-05-29T23:28:45.553Z', 'age': 36}, 'registered': {'date': '2009-01-13T09:01:26.299Z', 'age': 15}, 'phone': '(696) 050 4836', 'cell': '(632) 029 1041', 'id': {'name': 'NSS', 'value': '84 83 35 3946 8'}, 'picture': {'large': 'https://randomuser.me/api/portraits/women/31.jpg', 'medium': 'https://randomuser.me/api/portraits/med/women/31.jpg', 'thumbnail': 'https://randomuser.me/api/portraits/thumb/women/31.jpg'}, 'nat': 'MX'}</msg>
<arg>${json_data['results'][0]}</arg>
<doc>Logs the given message with the given level.</doc>
<status status="PASS" start="2024-05-23T05:16:39.281987" elapsed="0.000408"/>
</kw>
<kw name="Log" owner="BuiltIn">
<msg time="2024-05-23T05:16:39.282814" level="INFO">location</msg>
<arg>${key}</arg>
<doc>Logs the given message with the given level.</doc>
<status status="PASS" start="2024-05-23T05:16:39.282689" elapsed="0.000162"/>
</kw>
<var name="${key}">location</var>
<status status="PASS" start="2024-05-23T05:16:39.281174" elapsed="0.001887"/>
</iter>
<iter>
<kw name="Dictionary Should Contain Key" owner="Collections">
<msg time="2024-05-23T05:16:39.283709" level="INFO">False</msg>
<arg>${json_data['results'][0]}</arg>
<arg>${key}</arg>
<doc>Fails if ``key`` is not found from ``dictionary``.</doc>
<status status="PASS" start="2024-05-23T05:16:39.283337" elapsed="0.000409"/>
</kw>
<kw name="Log" owner="BuiltIn">
<msg time="2024-05-23T05:16:39.284440" level="INFO">{'gender': 'female', 'name': {'title': 'Mrs', 'first': 'María Elena', 'last': 'Hernádez'}, 'location': {'street': {'number': 7375, 'name': 'Calzada Barrera'}, 'city': 'Palomares', 'state': 'Chihuahua', 'country': 'Mexico', 'postcode': 98172, 'coordinates': {'latitude': '25.3511', 'longitude': '98.6702'}, 'timezone': {'offset': '+1:00', 'description': 'Brussels, Copenhagen, Madrid, Paris'}}, 'email': 'mariaelena.hernadez@example.com', 'login': {'uuid': 'a687b492-f5e7-44d9-82f7-10c55ea0907e', 'username': 'lazybird120', 'password': 'waters', 'salt': 't6DrZJdk', 'md5': 'c7faf6784210057a8ee0593262895181', 'sha1': 'e15da8d4fa8ffd727b444b8a06f2ebb4dddc8d0d', 'sha256': 'c9d666e38662606b2bf7b677e75e21c2dec54b6024f75bff20e87476f75aaaf6'}, 'dob': {'date': '1987-05-29T23:28:45.553Z', 'age': 36}, 'registered': {'date': '2009-01-13T09:01:26.299Z', 'age': 15}, 'phone': '(696) 050 4836', 'cell': '(632) 029 1041', 'id': {'name': 'NSS', 'value': '84 83 35 3946 8'}, 'picture': {'large': 'https://randomuser.me/api/portraits/women/31.jpg', 'medium': 'https://randomuser.me/api/portraits/med/women/31.jpg', 'thumbnail': 'https://randomuser.me/api/portraits/thumb/women/31.jpg'}, 'nat': 'MX'}</msg>
<arg>${json_data['results'][0]}</arg>
<doc>Logs the given message with the given level.</doc>
<status status="PASS" start="2024-05-23T05:16:39.284071" elapsed="0.000419"/>
</kw>
<kw name="Log" owner="BuiltIn">
<msg time="2024-05-23T05:16:39.284909" level="INFO">email</msg>
<arg>${key}</arg>
<doc>Logs the given message with the given level.</doc>
<status status="PASS" start="2024-05-23T05:16:39.284783" elapsed="0.000163"/>
</kw>
<var name="${key}">email</var>
<status status="PASS" start="2024-05-23T05:16:39.283230" elapsed="0.001930"/>
</iter>
<iter>
<kw name="Dictionary Should Contain Key" owner="Collections">
<msg time="2024-05-23T05:16:39.285834" level="INFO">False</msg>
<arg>${json_data['results'][0]}</arg>
<arg>${key}</arg>
<doc>Fails if ``key`` is not found from ``dictionary``.</doc>
<status status="PASS" start="2024-05-23T05:16:39.285448" elapsed="0.000423"/>
</kw>
<kw name="Log" owner="BuiltIn">
<msg time="2024-05-23T05:16:39.286516" level="INFO">{'gender': 'female', 'name': {'title': 'Mrs', 'first': 'María Elena', 'last': 'Hernádez'}, 'location': {'street': {'number': 7375, 'name': 'Calzada Barrera'}, 'city': 'Palomares', 'state': 'Chihuahua', 'country': 'Mexico', 'postcode': 98172, 'coordinates': {'latitude': '25.3511', 'longitude': '98.6702'}, 'timezone': {'offset': '+1:00', 'description': 'Brussels, Copenhagen, Madrid, Paris'}}, 'email': 'mariaelena.hernadez@example.com', 'login': {'uuid': 'a687b492-f5e7-44d9-82f7-10c55ea0907e', 'username': 'lazybird120', 'password': 'waters', 'salt': 't6DrZJdk', 'md5': 'c7faf6784210057a8ee0593262895181', 'sha1': 'e15da8d4fa8ffd727b444b8a06f2ebb4dddc8d0d', 'sha256': 'c9d666e38662606b2bf7b677e75e21c2dec54b6024f75bff20e87476f75aaaf6'}, 'dob': {'date': '1987-05-29T23:28:45.553Z', 'age': 36}, 'registered': {'date': '2009-01-13T09:01:26.299Z', 'age': 15}, 'phone': '(696) 050 4836', 'cell': '(632) 029 1041', 'id': {'name': 'NSS', 'value': '84 83 35 3946 8'}, 'picture': {'large': 'https://randomuser.me/api/portraits/women/31.jpg', 'medium': 'https://randomuser.me/api/portraits/med/women/31.jpg', 'thumbnail': 'https://randomuser.me/api/portraits/thumb/women/31.jpg'}, 'nat': 'MX'}</msg>
<arg>${json_data['results'][0]}</arg>
<doc>Logs the given message with the given level.</doc>
<status status="PASS" start="2024-05-23T05:16:39.286161" elapsed="0.000403"/>
</kw>
<kw name="Log" owner="BuiltIn">
<msg time="2024-05-23T05:16:39.287010" level="INFO">login</msg>
<arg>${key}</arg>
<doc>Logs the given message with the given level.</doc>
<status status="PASS" start="2024-05-23T05:16:39.286853" elapsed="0.000194"/>
</kw>
<var name="${key}">login</var>
<status status="PASS" start="2024-05-23T05:16:39.285330" elapsed="0.001939"/>
</iter>
<var>${key}</var>
<value>@{expected_keys}</value>
<status status="PASS" start="2024-05-23T05:16:39.276678" elapsed="0.010712"/>
</for>
<kw name="Create List" owner="BuiltIn">
<msg time="2024-05-23T05:16:39.287716" level="INFO">${expected_keysTwo} = ['username', 'password']</msg>
<var>${expected_keysTwo}</var>
<arg>username</arg>
<arg>password</arg>
<doc>Returns a list containing given items.</doc>
<status status="PASS" start="2024-05-23T05:16:39.287580" elapsed="0.000159"/>
</kw>
<for flavor="IN">
<iter>
<kw name="Dictionary Should Contain Key" owner="Collections">
<msg time="2024-05-23T05:16:39.288650" level="INFO">False</msg>
<arg>${json_data['results'][0]['login']}</arg>
<arg>${keyTwo}</arg>
<doc>Fails if ``key`` is not found from ``dictionary``.</doc>
<status status="PASS" start="2024-05-23T05:16:39.288262" elapsed="0.000425"/>
</kw>
<kw name="Dictionary Should Contain Key" owner="Collections">
<msg time="2024-05-23T05:16:39.289357" level="INFO">False</msg>
<arg>${json_data['results'][0]['login']}</arg>
<arg>${keyTwo}</arg>
<doc>Fails if ``key`` is not found from ``dictionary``.</doc>
<status status="PASS" start="2024-05-23T05:16:39.288979" elapsed="0.000414"/>
</kw>
<kw name="Log" owner="BuiltIn">
<msg time="2024-05-23T05:16:39.289828" level="INFO">username</msg>
<arg>${keyTwo}</arg>
<doc>Logs the given message with the given level.</doc>
<status status="PASS" start="2024-05-23T05:16:39.289701" elapsed="0.000162"/>
</kw>
<var name="${keyTwo}">username</var>
<status status="PASS" start="2024-05-23T05:16:39.288154" elapsed="0.001920"/>
</iter>
<iter>
<kw name="Dictionary Should Contain Key" owner="Collections">
<msg time="2024-05-23T05:16:39.290724" level="INFO">False</msg>
<arg>${json_data['results'][0]['login']}</arg>
<arg>${keyTwo}</arg>
<doc>Fails if ``key`` is not found from ``dictionary``.</doc>
<status status="PASS" start="2024-05-23T05:16:39.290355" elapsed="0.000404"/>
</kw>
<kw name="Dictionary Should Contain Key" owner="Collections">
<msg time="2024-05-23T05:16:39.291508" level="INFO">False</msg>
<arg>${json_data['results'][0]['login']}</arg>
<arg>${keyTwo}</arg>
<doc>Fails if ``key`` is not found from ``dictionary``.</doc>
<status status="PASS" start="2024-05-23T05:16:39.291050" elapsed="0.000496"/>
</kw>
<kw name="Log" owner="BuiltIn">
<msg time="2024-05-23T05:16:39.291967" level="INFO">password</msg>
<arg>${keyTwo}</arg>
<doc>Logs the given message with the given level.</doc>
<status status="PASS" start="2024-05-23T05:16:39.291841" elapsed="0.000183"/>
</kw>
<var name="${keyTwo}">password</var>
<status status="PASS" start="2024-05-23T05:16:39.290243" elapsed="0.002004"/>
</iter>
<var>${keyTwo}</var>
<value>@{expected_keysTwo}</value>
<status status="PASS" start="2024-05-23T05:16:39.287974" elapsed="0.004390"/>
</for>
<status status="PASS" start="2024-05-23T05:16:39.132825" elapsed="0.159677"/>
</kw>
<doc>Testa a estrutura da resposta da API.</doc>
<tag>testeEstruturaResposta</tag>
<status status="PASS" start="2024-05-23T05:16:39.132194" elapsed="0.160465"/>
</test>
<test id="s1-s1-t4" name="Validar tipos de dados" line="28">
<kw name="Teste de Tipos de Dados" owner="random-user-service">
<kw name="GET On Session" owner="RequestsLibrary">
<msg time="2024-05-23T05:16:39.414900" level="INFO">GET Request : url=https://randomuser.me/api 
 path_url=/api 
 headers={'User-Agent': 'python-requests/2.32.2', 'Accept-Encoding': 'gzip, deflate', 'Accept': '*/*', 'Connection': 'keep-alive'} 
 body=None 
 </msg>
<msg time="2024-05-23T05:16:39.415014" level="INFO">GET Response : url=https://randomuser.me/api 
 status=200, reason=OK 
 headers={'Date': 'Thu, 23 May 2024 05:16:39 GMT', 'Content-Type': 'application/json; charset=utf-8', 'Transfer-Encoding': 'chunked', 'Connection': 'keep-alive', 'X-Powered-By': 'Express', 'Access-Control-Allow-Origin': '*', 'Cache-Control': 'no-cache', 'ETag': 'W/"48b-4zCWVqBIX5zKd+HcEdSXQ5Ptv08"', 'Vary': 'Accept-Encoding', 'Content-Encoding': 'gzip', 'CF-Cache-Status': 'DYNAMIC', 'Report-To': '{"endpoints":[{"url":"https:\\/\\/a.nel.cloudflare.com\\/report\\/v4?s=UkDAXRjeVo1wj6dyu05nCsUT0WBEt%2FLa7UF2nqrswsodwPae23lTmTVr7ZZM5EXvajIqofMAjCYUsNwJ5ourmFPNAPw%2FuWUrags4cqCQ%2F4CCWvkIgcsDqpRhhjSWG6C%2B"}],"group":"cf-nel","max_age":604800}', 'NEL': '{"success_fraction":0,"report_to":"cf-nel","max_age":604800}', 'Server': 'cloudflare', 'CF-RAY': '888293399c06967b-SJC', 'alt-svc': 'h3=":443"; ma=86400'} 
 body={"results":[{"gender":"female","name":{"title":"Mrs","first":"Karen","last":"George"},"location":{"street":{"number":7396,"name":"Albert Road"},"city":"Sunderland","state":"Cleveland","country":"United Kingdom","postcode":"NG97 6JF","coordinates":{"latitude":"-5.1830","longitude":"34.8908"},"timezone":{"offset":"-3:30","description":"Newfoundland"}},"email":"karen.george@example.com","login":{"uuid":"8465b0d1-85f5-4610-89a3-d9ddb61ddfa5","username":"bluesnake631","password":"nico","salt":"t0uyebqL","md5":"5c03518454401537bfc14d23927cc9c8","sha1":"c30718738b26fbceb7501174bf080763147d011c","sha256":"47b66336b49fe59919707f7e2a2751f659e1e3bbd954e9df47a908d6942f14db"},"dob":{"date":"1992-10-08T22:02:10.448Z","age":31},"registered":{"date":"2019-02-11T20:45:31.810Z","age":5},"phone":"0116055 377 3574","cell":"07125 339444","id":{"name":"NINO","value":"MS 83 20 66 J"},"picture":{"large":"https://randomuser.me/api/portraits/women/67.jpg","medium":"https://randomuser.me/api/portraits/med/women/67.jpg","thumbnail":"https://randomuser.me/api/portraits/thumb/women/67.jpg"},"nat":"GB"}],"info":{"seed":"684c51bf8dd14ea8","results":1,"page":1,"version":"1.4"}} 
 </msg>
<msg time="2024-05-23T05:16:39.415096" level="INFO">/opt/hostedtoolcache/Python/3.12.3/x64/lib/python3.12/site-packages/urllib3/connectionpool.py:1103: InsecureRequestWarning: Unverified HTTPS request is being made to host 'randomuser.me'. Adding certificate verification is strongly advised. See: https://urllib3.readthedocs.io/en/latest/advanced-usage.html#tls-warnings
  warnings.warn(</msg>
<msg time="2024-05-23T05:16:39.415238" level="INFO">${response} = &lt;Response [200]&gt;</msg>
<var>${response}</var>
<arg>consultarAPI</arg>
<arg>/api</arg>
<doc>Sends a GET request on a previously created HTTP Session.</doc>
<status status="PASS" start="2024-05-23T05:16:39.295199" elapsed="0.120079"/>
</kw>
<kw name="Set Variable" owner="BuiltIn">
<msg time="2024-05-23T05:16:39.416485" level="INFO">${json_data} = {'results': [{'gender': 'female', 'name': {'title': 'Mrs', 'first': 'Karen', 'last': 'George'}, 'location': {'street': {'number': 7396, 'name': 'Albert Road'}, 'city': 'Sunderland', 'state': 'Clevelan...</msg>
<var>${json_data}</var>
<arg>${response.json()}</arg>
<doc>Returns the given values which can then be assigned to a variables.</doc>
<status status="PASS" start="2024-05-23T05:16:39.415913" elapsed="0.000601"/>
</kw>
<kw name="Log" owner="BuiltIn">
<msg time="2024-05-23T05:16:39.416983" level="INFO">{'results': [{'gender': 'female', 'name': {'title': 'Mrs', 'first': 'Karen', 'last': 'George'}, 'location': {'street': {'number': 7396, 'name': 'Albert Road'}, 'city': 'Sunderland', 'state': 'Cleveland', 'country': 'United Kingdom', 'postcode': 'NG97 6JF', 'coordinates': {'latitude': '-5.1830', 'longitude': '34.8908'}, 'timezone': {'offset': '-3:30', 'description': 'Newfoundland'}}, 'email': 'karen.george@example.com', 'login': {'uuid': '8465b0d1-85f5-4610-89a3-d9ddb61ddfa5', 'username': 'bluesnake631', 'password': 'nico', 'salt': 't0uyebqL', 'md5': '5c03518454401537bfc14d23927cc9c8', 'sha1': 'c30718738b26fbceb7501174bf080763147d011c', 'sha256': '47b66336b49fe59919707f7e2a2751f659e1e3bbd954e9df47a908d6942f14db'}, 'dob': {'date': '1992-10-08T22:02:10.448Z', 'age': 31}, 'registered': {'date': '2019-02-11T20:45:31.810Z', 'age': 5}, 'phone': '0116055 377 3574', 'cell': '07125 339444', 'id': {'name': 'NINO', 'value': 'MS 83 20 66 J'}, 'picture': {'large': 'https://randomuser.me/api/portraits/women/67.jpg', 'medium': 'https://randomuser.me/api/portraits/med/women/67.jpg', 'thumbnail': 'https://randomuser.me/api/portraits/thumb/women/67.jpg'}, 'nat': 'GB'}], 'info': {'seed': '684c51bf8dd14ea8', 'results': 1, 'page': 1, 'version': '1.4'}}</msg>
<arg>${json_data}</arg>
<doc>Logs the given message with the given level.</doc>
<status status="PASS" start="2024-05-23T05:16:39.416825" elapsed="0.000243"/>
</kw>
<kw name="Should Be String" owner="String">
<arg>${json_data['results'][0]['gender']}</arg>
<doc>Fails if the given ``item`` is not a string.</doc>
<status status="PASS" start="2024-05-23T05:16:39.417371" elapsed="0.000369"/>
</kw>
<kw name="Should Match Regexp" owner="BuiltIn">
<arg>${json_data['results'][0]['email']}</arg>
<arg>^[a-zA-Z0-9._%+-]+@[a-zA-Z0-9.-]+\.[a-zA-Z]{2,}$</arg>
<doc>Fails if ``string`` does not match ``pattern`` as a regular expression.</doc>
<status status="PASS" start="2024-05-23T05:16:39.417936" elapsed="0.000521"/>
</kw>
<kw name="Should Match Regexp" owner="BuiltIn">
<arg>${json_data['results'][0]['dob']['date']}</arg>
<arg>\\d{4}-\\d{2}-\\d{2}T\\d{2}:\\d{2}:\\d{2}\\.\\d{3}Z</arg>
<doc>Fails if ``string`` does not match ``pattern`` as a regular expression.</doc>
<status status="PASS" start="2024-05-23T05:16:39.418653" elapsed="0.000489"/>
</kw>
<kw name="Should Match Regexp" owner="BuiltIn">
<arg>${json_data['results'][0]['registered']['date']}</arg>
<arg>\\d{4}-\\d{2}-\\d{2}T\\d{2}:\\d{2}:\\d{2}\\.\\d{3}Z</arg>
<doc>Fails if ``string`` does not match ``pattern`` as a regular expression.</doc>
<status status="PASS" start="2024-05-23T05:16:39.419336" elapsed="0.000365"/>
</kw>
<kw name="Should Match Regexp" owner="BuiltIn">
<arg>${json_data['results'][0]['picture']['large']}</arg>
<arg>^https?://.*\.(?:png|jpe?g|gif|bmp)$</arg>
<doc>Fails if ``string`` does not match ``pattern`` as a regular expression.</doc>
<status status="PASS" start="2024-05-23T05:16:39.419888" elapsed="0.000540"/>
</kw>
<kw name="Should Match Regexp" owner="BuiltIn">
<arg>${json_data['results'][0]['picture']['medium']}</arg>
<arg>^https?://.*\.(?:png|jpe?g|gif|bmp)$</arg>
<doc>Fails if ``string`` does not match ``pattern`` as a regular expression.</doc>
<status status="PASS" start="2024-05-23T05:16:39.420622" elapsed="0.000359"/>
</kw>
<kw name="Should Match Regexp" owner="BuiltIn">
<arg>${json_data['results'][0]['picture']['thumbnail']}</arg>
<arg>^https?://.*\.(?:png|jpe?g|gif|bmp)$</arg>
<doc>Fails if ``string`` does not match ``pattern`` as a regular expression.</doc>
<status status="PASS" start="2024-05-23T05:16:39.421168" elapsed="0.000347"/>
</kw>
<kw name="Log" owner="BuiltIn">
<msg time="2024-05-23T05:16:39.422020" level="INFO">{'large': 'https://randomuser.me/api/portraits/women/67.jpg', 'medium': 'https://randomuser.me/api/portraits/med/women/67.jpg', 'thumbnail': 'https://randomuser.me/api/portraits/thumb/women/67.jpg'}</msg>
<arg>${json_data['results'][0]['picture']}</arg>
<doc>Logs the given message with the given level.</doc>
<status status="PASS" start="2024-05-23T05:16:39.421698" elapsed="0.000373"/>
</kw>
<status status="PASS" start="2024-05-23T05:16:39.294968" elapsed="0.127362"/>
</kw>
<kw name="Teste de Tipos de Dados - Postcode" owner="random-user-service">
<kw name="GET On Session" owner="RequestsLibrary">
<msg time="2024-05-23T05:16:39.555198" level="INFO">GET Request : url=https://randomuser.me/api 
 path_url=/api 
 headers={'User-Agent': 'python-requests/2.32.2', 'Accept-Encoding': 'gzip, deflate', 'Accept': '*/*', 'Connection': 'keep-alive'} 
 body=None 
 </msg>
<msg time="2024-05-23T05:16:39.555314" level="INFO">GET Response : url=https://randomuser.me/api 
 status=200, reason=OK 
 headers={'Date': 'Thu, 23 May 2024 05:16:39 GMT', 'Content-Type': 'application/json; charset=utf-8', 'Transfer-Encoding': 'chunked', 'Connection': 'keep-alive', 'X-Powered-By': 'Express', 'Access-Control-Allow-Origin': '*', 'Cache-Control': 'no-cache', 'ETag': 'W/"47a-owdXRITOrHjOZiX8mf0rvT8VKhw"', 'Vary': 'Accept-Encoding', 'Content-Encoding': 'gzip', 'CF-Cache-Status': 'DYNAMIC', 'Report-To': '{"endpoints":[{"url":"https:\\/\\/a.nel.cloudflare.com\\/report\\/v4?s=EFlsozKtF0x1K%2BDqFOAtk1G3b%2BboEzmKVbWZTdnVxU4Yb892OEHQlHZGwI0DcvBvqTAM%2Be%2FB6FKLxlUvkfMdi%2FH39z37gwo2feopULCU3YQX%2FDO9KHIILwPtSfMAj%2Fi%2F"}],"group":"cf-nel","max_age":604800}', 'NEL': '{"success_fraction":0,"report_to":"cf-nel","max_age":604800}', 'Server': 'cloudflare', 'CF-RAY': '8882933a6c70967b-SJC', 'alt-svc': 'h3=":443"; ma=86400'} 
 body={"results":[{"gender":"female","name":{"title":"Miss","first":"مهرسا","last":"کریمی"},"location":{"street":{"number":339,"name":"فاطمی"},"city":"ارومیه","state":"زنجان","country":"Iran","postcode":14174,"coordinates":{"latitude":"16.6274","longitude":"33.9792"},"timezone":{"offset":"-2:00","description":"Mid-Atlantic"}},"email":"mhrs.khrymy@example.com","login":{"uuid":"bd060816-0e2b-4d9b-b3bf-1cc45282a08e","username":"yellowbird785","password":"phialpha","salt":"6lRZMRCm","md5":"59f8a422d8ca3090741c94e900786a9d","sha1":"1a61fea06c509c34f0fc1f92db86f213920aef9c","sha256":"7f803803615cfcfa6d2dccde7af6295eb5ab8e0e836dcc06d98d2ef17f3c2ffa"},"dob":{"date":"1988-07-24T09:37:11.758Z","age":35},"registered":{"date":"2007-09-19T19:22:26.285Z","age":16},"phone":"015-16058747","cell":"0948-874-8632","id":{"name":"","value":null},"picture":{"large":"https://randomuser.me/api/portraits/women/33.jpg","medium":"https://randomuser.me/api/portraits/med/women/33.jpg","thumbnail":"https://randomuser.me/api/portraits/thumb/women/33.jpg"},"nat":"IR"}],"info":{"seed":"9980dea56f6e38db","results":1,"page":1,"version":"1.4"}} 
 </msg>
<msg time="2024-05-23T05:16:39.555401" level="INFO">/opt/hostedtoolcache/Python/3.12.3/x64/lib/python3.12/site-packages/urllib3/connectionpool.py:1103: InsecureRequestWarning: Unverified HTTPS request is being made to host 'randomuser.me'. Adding certificate verification is strongly advised. See: https://urllib3.readthedocs.io/en/latest/advanced-usage.html#tls-warnings
  warnings.warn(</msg>
<msg time="2024-05-23T05:16:39.555528" level="INFO">${response} = &lt;Response [200]&gt;</msg>
<var>${response}</var>
<arg>consultarAPI</arg>
<arg>/api</arg>
<doc>Sends a GET request on a previously created HTTP Session.</doc>
<status status="PASS" start="2024-05-23T05:16:39.422802" elapsed="0.132765"/>
</kw>
<kw name="Set Variable" owner="BuiltIn">
<msg time="2024-05-23T05:16:39.556651" level="INFO">${json_data} = {'results': [{'gender': 'female', 'name': {'title': 'Miss', 'first': 'مهرسا', 'last': 'کریمی'}, 'location': {'street': {'number': 339, 'name': 'فاطمی'}, 'city': 'ارومیه', 'state': 'زنجان', 'country': ...</msg>
<var>${json_data}</var>
<arg>${response.json()}</arg>
<doc>Returns the given values which can then be assigned to a variables.</doc>
<status status="PASS" start="2024-05-23T05:16:39.556130" elapsed="0.000551"/>
</kw>
<kw name="Log" owner="BuiltIn">
<msg time="2024-05-23T05:16:39.557151" level="INFO">{'results': [{'gender': 'female', 'name': {'title': 'Miss', 'first': 'مهرسا', 'last': 'کریمی'}, 'location': {'street': {'number': 339, 'name': 'فاطمی'}, 'city': 'ارومیه', 'state': 'زنجان', 'country': 'Iran', 'postcode': 14174, 'coordinates': {'latitude': '16.6274', 'longitude': '33.9792'}, 'timezone': {'offset': '-2:00', 'description': 'Mid-Atlantic'}}, 'email': 'mhrs.khrymy@example.com', 'login': {'uuid': 'bd060816-0e2b-4d9b-b3bf-1cc45282a08e', 'username': 'yellowbird785', 'password': 'phialpha', 'salt': '6lRZMRCm', 'md5': '59f8a422d8ca3090741c94e900786a9d', 'sha1': '1a61fea06c509c34f0fc1f92db86f213920aef9c', 'sha256': '7f803803615cfcfa6d2dccde7af6295eb5ab8e0e836dcc06d98d2ef17f3c2ffa'}, 'dob': {'date': '1988-07-24T09:37:11.758Z', 'age': 35}, 'registered': {'date': '2007-09-19T19:22:26.285Z', 'age': 16}, 'phone': '015-16058747', 'cell': '0948-874-8632', 'id': {'name': '', 'value': None}, 'picture': {'large': 'https://randomuser.me/api/portraits/women/33.jpg', 'medium': 'https://randomuser.me/api/portraits/med/women/33.jpg', 'thumbnail': 'https://randomuser.me/api/portraits/thumb/women/33.jpg'}, 'nat': 'IR'}], 'info': {'seed': '9980dea56f6e38db', 'results': 1, 'page': 1, 'version': '1.4'}}</msg>
<arg>${json_data}</arg>
<doc>Logs the given message with the given level.</doc>
<status status="PASS" start="2024-05-23T05:16:39.556990" elapsed="0.000257"/>
</kw>
<kw name="Should Be Equal As Numbers" owner="BuiltIn">
<arg>${json_data['results'][0]['location']['postcode']}</arg>
<arg>${json_data['results'][0]['location']['postcode']}</arg>
<doc>Fails if objects are unequal after converting them to real numbers.</doc>
<status status="PASS" start="2024-05-23T05:16:39.557552" elapsed="0.000787"/>
</kw>
<kw name="Log" owner="BuiltIn">
<msg time="2024-05-23T05:16:39.558862" level="INFO">14174</msg>
<arg>${json_data['results'][0]['location']['postcode']}</arg>
<doc>Logs the given message with the given level.</doc>
<status status="PASS" start="2024-05-23T05:16:39.558531" elapsed="0.000372"/>
</kw>
<status status="PASS" start="2024-05-23T05:16:39.422562" elapsed="0.136594"/>
</kw>
<doc>Testa se os tipos de dados na resposta da API estão corretos.</doc>
<tag>testeTiposDados</tag>
<status status="PASS" start="2024-05-23T05:16:39.294409" elapsed="0.264911"/>
</test>
<test id="s1-s1-t5" name="Validar conteudo" line="35">
<kw name="Teste de Tipos de Conteudo" owner="random-user-service">
<kw name="GET On Session" owner="RequestsLibrary">
<msg time="2024-05-23T05:16:39.649980" level="INFO">GET Request : url=https://randomuser.me/api 
 path_url=/api 
 headers={'User-Agent': 'python-requests/2.32.2', 'Accept-Encoding': 'gzip, deflate', 'Accept': '*/*', 'Connection': 'keep-alive'} 
 body=None 
 </msg>
<msg time="2024-05-23T05:16:39.650083" level="INFO">GET Response : url=https://randomuser.me/api 
 status=200, reason=OK 
 headers={'Date': 'Thu, 23 May 2024 05:16:39 GMT', 'Content-Type': 'application/json; charset=utf-8', 'Transfer-Encoding': 'chunked', 'Connection': 'keep-alive', 'X-Powered-By': 'Express', 'Access-Control-Allow-Origin': '*', 'Cache-Control': 'no-cache', 'ETag': 'W/"494-RzDg2UiiqpZmYCMGtOoHQgvoGVc"', 'Vary': 'Accept-Encoding', 'Content-Encoding': 'gzip', 'CF-Cache-Status': 'DYNAMIC', 'Report-To': '{"endpoints":[{"url":"https:\\/\\/a.nel.cloudflare.com\\/report\\/v4?s=xmuDyun7OpSWXZYYbzKChN13CWxIZwQ7GkiguIqAipgQoZwH%2BePT7KAQGiZYAQ3acBbqZeM6qoXFsWt2PVmWRSBaqbPpU%2BPtivsC6w2fRD6JPiOqh4FNSj759CoT5ef%2B"}],"group":"cf-nel","max_age":604800}', 'NEL': '{"success_fraction":0,"report_to":"cf-nel","max_age":604800}', 'Server': 'cloudflare', 'CF-RAY': '8882933b4cd8967b-SJC', 'alt-svc': 'h3=":443"; ma=86400'} 
 body={"results":[{"gender":"male","name":{"title":"Mr","first":"Topias","last":"Hannula"},"location":{"street":{"number":5179,"name":"Nordenskiöldinkatu"},"city":"Paltamo","state":"Ostrobothnia","country":"Finland","postcode":11180,"coordinates":{"latitude":"-23.2000","longitude":"-8.1591"},"timezone":{"offset":"-1:00","description":"Azores, Cape Verde Islands"}},"email":"topias.hannula@example.com","login":{"uuid":"e1687980-0072-4159-8208-c33d9553f08b","username":"angrylion787","password":"bonjour","salt":"bdEigvJH","md5":"32da55e3d8880c2f11d7c24c513fc15a","sha1":"bc16edbe26a6449a008c05995a2aa752eceee61f","sha256":"ae0c5713edc2efa2047ed91e1da027efb5216e83626fbf53701e536c3137b656"},"dob":{"date":"1958-09-12T20:18:06.657Z","age":65},"registered":{"date":"2006-02-17T20:28:19.065Z","age":18},"phone":"06-331-905","cell":"047-121-73-00","id":{"name":"HETU","value":"NaNNA263undefined"},"picture":{"large":"https://randomuser.me/api/portraits/men/84.jpg","medium":"https://randomuser.me/api/portraits/med/men/84.jpg","thumbnail":"https://randomuser.me/api/portraits/thumb/men/84.jpg"},"nat":"FI"}],"info":{"seed":"82c2b85bbf310d14","results":1,"page":1,"version":"1.4"}} 
 </msg>
<msg time="2024-05-23T05:16:39.650164" level="INFO">/opt/hostedtoolcache/Python/3.12.3/x64/lib/python3.12/site-packages/urllib3/connectionpool.py:1103: InsecureRequestWarning: Unverified HTTPS request is being made to host 'randomuser.me'. Adding certificate verification is strongly advised. See: https://urllib3.readthedocs.io/en/latest/advanced-usage.html#tls-warnings
  warnings.warn(</msg>
<msg time="2024-05-23T05:16:39.650301" level="INFO">${response} = &lt;Response [200]&gt;</msg>
<var>${response}</var>
<arg>consultarAPI</arg>
<arg>/api</arg>
<doc>Sends a GET request on a previously created HTTP Session.</doc>
<status status="PASS" start="2024-05-23T05:16:39.561770" elapsed="0.088582"/>
</kw>
<kw name="Set Variable" owner="BuiltIn">
<msg time="2024-05-23T05:16:39.651577" level="INFO">${json_data} = {'results': [{'gender': 'male', 'name': {'title': 'Mr', 'first': 'Topias', 'last': 'Hannula'}, 'location': {'street': {'number': 5179, 'name': 'Nordenskiöldinkatu'}, 'city': 'Paltamo', 'state': 'Ostro...</msg>
<var>${json_data}</var>
<arg>${response.json()}</arg>
<doc>Returns the given values which can then be assigned to a variables.</doc>
<status status="PASS" start="2024-05-23T05:16:39.651005" elapsed="0.000602"/>
</kw>
<kw name="Set Variable" owner="BuiltIn">
<msg time="2024-05-23T05:16:39.652338" level="INFO">${name_title} = Mr</msg>
<var>${name_title}</var>
<arg>${json_data["results"][0]["name"]["title"]}</arg>
<doc>Returns the given values which can then be assigned to a variables.</doc>
<status status="PASS" start="2024-05-23T05:16:39.651916" elapsed="0.000447"/>
</kw>
<kw name="Create List" owner="BuiltIn">
<msg time="2024-05-23T05:16:39.652815" level="INFO">${allowed_titles} = ['Mr', 'Ms', 'Miss', 'Mrs', 'Madame', 'Monsieur']</msg>
<var>${allowed_titles}</var>
<arg>Mr</arg>
<arg>Ms</arg>
<arg>Miss</arg>
<arg>Mrs</arg>
<arg>Madame</arg>
<arg>Monsieur</arg>
<doc>Returns a list containing given items.</doc>
<status status="PASS" start="2024-05-23T05:16:39.652665" elapsed="0.000175"/>
</kw>
<kw name="List Should Contain Value" owner="Collections">
<msg time="2024-05-23T05:16:39.653310" level="INFO">False</msg>
<arg>${allowed_titles}</arg>
<arg>${name_title}</arg>
<doc>Fails if the ``value`` is not found from ``list``.</doc>
<status status="PASS" start="2024-05-23T05:16:39.653137" elapsed="0.000209"/>
</kw>
<kw name="Set Variable" owner="BuiltIn">
<msg time="2024-05-23T05:16:39.654014" level="INFO">${name_country} = FI</msg>
<var>${name_country}</var>
<arg>${json_data["results"][0]["nat"]}</arg>
<doc>Returns the given values which can then be assigned to a variables.</doc>
<status status="PASS" start="2024-05-23T05:16:39.653633" elapsed="0.000405"/>
</kw>
<kw name="Create List" owner="BuiltIn">
<msg time="2024-05-23T05:16:39.654931" level="INFO">${list_country} = ['AD', 'AE', 'AF', 'AG', 'AI', 'AL', 'AM', 'AO', 'AQ', 'AR', 'AS', 'AT', 'AU', 'AW', 'AX', 'AZ', 'BA', 'BB', 'BD', 'BE', 'BF', 'BG', 'BH', 'BI', 'BJ', 'BL', 'BM', 'BN', 'BO', 'BQ', 'BR', 'BS', 'BT', '...</msg>
<var>${list_country}</var>
<arg>AD</arg>
<arg>AE</arg>
<arg>AF</arg>
<arg>AG</arg>
<arg>AI</arg>
<arg>AL</arg>
<arg>AM</arg>
<arg>AO</arg>
<arg>AQ</arg>
<arg>AR</arg>
<arg>AS</arg>
<arg>AT</arg>
<arg>AU</arg>
<arg>AW</arg>
<arg>AX</arg>
<arg>AZ</arg>
<arg>BA</arg>
<arg>BB</arg>
<arg>BD</arg>
<arg>BE</arg>
<arg>BF</arg>
<arg>BG</arg>
<arg>BH</arg>
<arg>BI</arg>
<arg>BJ</arg>
<arg>BL</arg>
<arg>BM</arg>
<arg>BN</arg>
<arg>BO</arg>
<arg>BQ</arg>
<arg>BR</arg>
<arg>BS</arg>
<arg>BT</arg>
<arg>BV</arg>
<arg>BW</arg>
<arg>BY</arg>
<arg>BZ</arg>
<arg>CA</arg>
<arg>CC</arg>
<arg>CD</arg>
<arg>CF</arg>
<arg>CG</arg>
<arg>CH</arg>
<arg>CI</arg>
<arg>CK</arg>
<arg>CL</arg>
<arg>CM</arg>
<arg>CN</arg>
<arg>CO</arg>
<arg>CR</arg>
<arg>CU</arg>
<arg>CV</arg>
<arg>CW</arg>
<arg>CX</arg>
<arg>CY</arg>
<arg>CZ</arg>
<arg>DE</arg>
<arg>DJ</arg>
<arg>DK</arg>
<arg>DM</arg>
<arg>DO</arg>
<arg>DZ</arg>
<arg>EC</arg>
<arg>EE</arg>
<arg>EG</arg>
<arg>EH</arg>
<arg>ER</arg>
<arg>ES</arg>
<arg>ET</arg>
<arg>FI</arg>
<arg>FJ</arg>
<arg>FK</arg>
<arg>FM</arg>
<arg>FO</arg>
<arg>FR</arg>
<arg>GA</arg>
<arg>GB</arg>
<arg>GD</arg>
<arg>GE</arg>
<arg>GF</arg>
<arg>GG</arg>
<arg>GH</arg>
<arg>GI</arg>
<arg>GL</arg>
<arg>GM</arg>
<arg>GN</arg>
<arg>GP</arg>
<arg>GQ</arg>
<arg>GR</arg>
<arg>GS</arg>
<arg>GT</arg>
<arg>GU</arg>
<arg>GW</arg>
<arg>GY</arg>
<arg>HK</arg>
<arg>HM</arg>
<arg>HN</arg>
<arg>HR</arg>
<arg>HT</arg>
<arg>HU</arg>
<arg>ID</arg>
<arg>IE</arg>
<arg>IL</arg>
<arg>IM</arg>
<arg>IN</arg>
<arg>IO</arg>
<arg>IQ</arg>
<arg>IR</arg>
<arg>IS</arg>
<arg>IT</arg>
<arg>JE</arg>
<arg>JM</arg>
<arg>JO</arg>
<arg>JP</arg>
<arg>KE</arg>
<arg>KG</arg>
<arg>KH</arg>
<arg>KI</arg>
<arg>KM</arg>
<arg>KN</arg>
<arg>KP</arg>
<arg>KR</arg>
<arg>KW</arg>
<arg>KY</arg>
<arg>KZ</arg>
<arg>LA</arg>
<arg>LB</arg>
<arg>LC</arg>
<arg>LI</arg>
<arg>LK</arg>
<arg>LR</arg>
<arg>LS</arg>
<arg>LT</arg>
<arg>LU</arg>
<arg>LV</arg>
<arg>LY</arg>
<arg>MA</arg>
<arg>MC</arg>
<arg>MD</arg>
<arg>ME</arg>
<arg>MF</arg>
<arg>MG</arg>
<arg>MH</arg>
<arg>MK</arg>
<arg>ML</arg>
<arg>MM</arg>
<arg>MN</arg>
<arg>MO</arg>
<arg>MP</arg>
<arg>MQ</arg>
<arg>MR</arg>
<arg>MS</arg>
<arg>MT</arg>
<arg>MU</arg>
<arg>MV</arg>
<arg>MW</arg>
<arg>MX</arg>
<arg>MY</arg>
<arg>MZ</arg>
<arg>NA</arg>
<arg>NC</arg>
<arg>NE</arg>
<arg>NF</arg>
<arg>NG</arg>
<arg>NI</arg>
<arg>NL</arg>
<arg>NO</arg>
<arg>NP</arg>
<arg>NR</arg>
<arg>NU</arg>
<arg>NZ</arg>
<arg>OM</arg>
<arg>PA</arg>
<arg>PE</arg>
<arg>PF</arg>
<arg>PG</arg>
<arg>PH</arg>
<arg>PK</arg>
<arg>PL</arg>
<arg>PM</arg>
<arg>PN</arg>
<arg>PR</arg>
<arg>PS</arg>
<arg>PT</arg>
<arg>PW</arg>
<arg>PY</arg>
<arg>QA</arg>
<arg>RE</arg>
<arg>RO</arg>
<arg>RS</arg>
<arg>RU</arg>
<arg>RW</arg>
<arg>SA</arg>
<arg>SB</arg>
<arg>SC</arg>
<arg>SD</arg>
<arg>SE</arg>
<arg>SG</arg>
<arg>SH</arg>
<arg>SI</arg>
<arg>SJ</arg>
<arg>SK</arg>
<arg>SL</arg>
<arg>SM</arg>
<arg>SN</arg>
<arg>SO</arg>
<arg>SR</arg>
<arg>SS</arg>
<arg>ST</arg>
<arg>SV</arg>
<arg>SX</arg>
<arg>SY</arg>
<arg>SZ</arg>
<arg>TC</arg>
<arg>TD</arg>
<arg>TF</arg>
<arg>TG</arg>
<arg>TH</arg>
<arg>TJ</arg>
<arg>TK</arg>
<arg>TL</arg>
<arg>TM</arg>
<arg>TN</arg>
<arg>TO</arg>
<arg>TR</arg>
<arg>TT</arg>
<arg>TV</arg>
<arg>TW</arg>
<arg>TZ</arg>
<arg>UA</arg>
<arg>UG</arg>
<arg>UM</arg>
<arg>US</arg>
<arg>UY</arg>
<arg>UZ</arg>
<arg>VA</arg>
<arg>VC</arg>
<arg>VE</arg>
<arg>VG</arg>
<arg>VI</arg>
<arg>VN</arg>
<arg>VU</arg>
<arg>WF</arg>
<arg>WS</arg>
<arg>XK</arg>
<arg>YE</arg>
<arg>YT</arg>
<arg>ZA</arg>
<arg>ZM</arg>
<arg>ZW</arg>
<doc>Returns a list containing given items.</doc>
<status status="PASS" start="2024-05-23T05:16:39.654338" elapsed="0.000618"/>
</kw>
<kw name="List Should Contain Value" owner="Collections">
<msg time="2024-05-23T05:16:39.655947" level="INFO">False</msg>
<arg>${list_country}</arg>
<arg>${name_country}</arg>
<doc>Fails if the ``value`` is not found from ``list``.</doc>
<status status="PASS" start="2024-05-23T05:16:39.655743" elapsed="0.000266"/>
</kw>
<kw name="Run Keyword If" owner="BuiltIn">
<kw name="Should Be True" owner="BuiltIn">
<arg>${True}</arg>
<doc>Fails if the given condition is not true.</doc>
<status status="PASS" start="2024-05-23T05:16:39.657089" elapsed="0.000144"/>
</kw>
<arg>${json_data["results"][0]["location"]["coordinates"]["latitude"]} &gt;= -90 and ${json_data["results"][0]["location"]["coordinates"]["latitude"]} &lt;= 90</arg>
<arg>Should Be True</arg>
<arg>${True}</arg>
<doc>Runs the given keyword with the given arguments, if ``condition`` is true.</doc>
<status status="PASS" start="2024-05-23T05:16:39.656341" elapsed="0.001019"/>
</kw>
<kw name="Run Keyword If" owner="BuiltIn">
<kw name="Should Be True" owner="BuiltIn">
<arg>${True}</arg>
<doc>Fails if the given condition is not true.</doc>
<status status="PASS" start="2024-05-23T05:16:39.658231" elapsed="0.000250"/>
</kw>
<arg>${json_data["results"][0]["location"]["coordinates"]["longitude"]} &gt;= -180 and ${json_data["results"][0]["location"]["coordinates"]["longitude"]} &lt;= 180</arg>
<arg>Should Be True</arg>
<arg>${True}</arg>
<doc>Runs the given keyword with the given arguments, if ``condition`` is true.</doc>
<status status="PASS" start="2024-05-23T05:16:39.657544" elapsed="0.001064"/>
</kw>
<status status="PASS" start="2024-05-23T05:16:39.561544" elapsed="0.097197"/>
</kw>
<doc>Testa o conteúdo específico dos campos retornados pela API.</doc>
<tag>testeConteudo</tag>
<status status="PASS" start="2024-05-23T05:16:39.561095" elapsed="0.097793"/>
</test>
<status status="PASS" start="2024-05-23T05:16:38.421364" elapsed="1.239510"/>
</suite>
<status status="PASS" start="2024-05-23T05:16:38.407868" elapsed="1.258069"/>
</suite>
<statistics>
<total>
<stat pass="5" fail="0" skip="0">All Tests</stat>
</total>
<tag>
<stat pass="1" fail="0" skip="0">testeConteudo</stat>
<stat pass="1" fail="0" skip="0">testeEstruturaResposta</stat>
<stat pass="1" fail="0" skip="0">testeRequisicaoBasica</stat>
<stat pass="1" fail="0" skip="0">testeTiposDados</stat>
</tag>
<suite>
<stat pass="5" fail="0" skip="0" id="s1" name="Tests">Tests</stat>
<stat pass="5" fail="0" skip="0" id="s1-s1" name="Random-User-Test">Tests.Random-User-Test</stat>
</suite>
</statistics>
<errors>
</errors>
</robot>
