<?xml version="1.0" encoding="UTF-8"?>
<robot generator="Robot 7.0 (Python 3.12.3 on linux)" generated="2024-05-14T10:17:07.443659" rpa="false" schemaversion="5">
<suite id="s1" name="Tests" source="/home/runner/work/DesafioQAItauRogerioJordao/DesafioQAItauRogerioJordao/RamdonUser/tests">
<suite id="s1-s1" name="Random-User-Test" source="/home/runner/work/DesafioQAItauRogerioJordao/DesafioQAItauRogerioJordao/RamdonUser/tests/random-user-test.robot">
<test id="s1-s1-t1" name="Conectar" line="13">
<kw name="Conectar API" owner="random-user-service">
<kw name="Create Session" owner="RequestsLibrary">
<msg time="2024-05-14T10:17:07.803712" level="INFO">Creating Session using : alias=consultarAPI, url=https://randomuser.me/, headers={},                     cookies={}, auth=None, timeout=None, proxies=None, verify=False,                     debug=0 </msg>
<arg>consultarAPI</arg>
<arg>${URL}</arg>
<doc>Create Session: create a HTTP session to a server</doc>
<status status="PASS" start="2024-05-14T10:17:07.803513" elapsed="0.000375"/>
</kw>
<status status="PASS" start="2024-05-14T10:17:07.802552" elapsed="0.001687"/>
</kw>
<status status="PASS" start="2024-05-14T10:17:07.801961" elapsed="0.002470"/>
</test>
<test id="s1-s1-t2" name="Validar retorno 200 e JSON Válido" line="16">
<kw name="Teste de Requisicao Basica" owner="random-user-service">
<kw name="GET On Session" owner="RequestsLibrary">
<msg time="2024-05-14T10:17:07.984417" level="INFO">GET Request : url=https://randomuser.me/api 
 path_url=/api 
 headers={'User-Agent': 'python-requests/2.31.0', 'Accept-Encoding': 'gzip, deflate', 'Accept': '*/*', 'Connection': 'keep-alive'} 
 body=None 
 </msg>
<msg time="2024-05-14T10:17:07.984558" level="INFO">GET Response : url=https://randomuser.me/api 
 status=200, reason=OK 
 headers={'Date': 'Tue, 14 May 2024 10:17:07 GMT', 'Content-Type': 'application/json; charset=utf-8', 'Transfer-Encoding': 'chunked', 'Connection': 'keep-alive', 'X-Powered-By': 'Express', 'Access-Control-Allow-Origin': '*', 'Cache-Control': 'no-cache', 'ETag': 'W/"4ab-BA7ZtxEkBDh+TiPI1QiklXADmWU"', 'Vary': 'Accept-Encoding', 'Content-Encoding': 'gzip', 'CF-Cache-Status': 'DYNAMIC', 'Report-To': '{"endpoints":[{"url":"https:\\/\\/a.nel.cloudflare.com\\/report\\/v4?s=p0%2BCAvPELKeR8Q1vwlrY76M7y39fIGYx81N087m1k5y1MORPROJ1fWavjQlL5X%2BKMsrWM2Ux4jr95qvZcWekbSHNtDKcF76BZiJjDm%2Bo2Ron9kgKr8bbQm7LwT9x0vgq"}],"group":"cf-nel","max_age":604800}', 'NEL': '{"success_fraction":0,"report_to":"cf-nel","max_age":604800}', 'Server': 'cloudflare', 'CF-RAY': '883a2300a81d81d3-IAD', 'alt-svc': 'h3=":443"; ma=86400'} 
 body={"results":[{"gender":"female","name":{"title":"Mrs","first":"Sophie","last":"Vasquez"},"location":{"street":{"number":1824,"name":"Church Street"},"city":"Plymouth","state":"Derbyshire","country":"United Kingdom","postcode":"MN8 2AF","coordinates":{"latitude":"-11.5122","longitude":"142.6870"},"timezone":{"offset":"+11:00","description":"Magadan, Solomon Islands, New Caledonia"}},"email":"sophie.vasquez@example.com","login":{"uuid":"ee8f22a4-3b74-4bf4-91df-dcf2f1cefe57","username":"whitesnake789","password":"star","salt":"SBsT7rfg","md5":"63eef9ea7079e1203b64432492c28535","sha1":"c895d3e2fc4a2069651c4db34295e7b2f49716dc","sha256":"690e357e075b915a3f29717506f89ccf0aa7d0efda412b578f7eb93b7385f25e"},"dob":{"date":"1999-05-27T08:51:22.517Z","age":24},"registered":{"date":"2005-02-02T19:36:22.685Z","age":19},"phone":"016977 90804","cell":"07946 191807","id":{"name":"NINO","value":"BP 47 72 04 Y"},"picture":{"large":"https://randomuser.me/api/portraits/women/91.jpg","medium":"https://randomuser.me/api/portraits/med/women/91.jpg","thumbnail":"https://randomuser.me/api/portraits/thumb/women/91.jpg"},"nat":"GB"}],"info":{"seed":"24893be3765c391a","results":1,"page":1,"version":"1.4"}} 
 </msg>
<msg time="2024-05-14T10:17:07.984638" level="INFO">/opt/hostedtoolcache/Python/3.12.3/x64/lib/python3.12/site-packages/urllib3/connectionpool.py:1103: InsecureRequestWarning: Unverified HTTPS request is being made to host 'randomuser.me'. Adding certificate verification is strongly advised. See: https://urllib3.readthedocs.io/en/latest/advanced-usage.html#tls-warnings
  warnings.warn(</msg>
<msg time="2024-05-14T10:17:07.984795" level="INFO">${response} = &lt;Response [200]&gt;</msg>
<var>${response}</var>
<arg>consultarAPI</arg>
<arg>/api</arg>
<doc>Sends a GET request on a previously created HTTP Session.</doc>
<status status="PASS" start="2024-05-14T10:17:07.807109" elapsed="0.177721"/>
</kw>
<kw name="Should Be Equal As Numbers" owner="BuiltIn">
<msg time="2024-05-14T10:17:07.985780" level="INFO">Argument types are:
&lt;class 'int'&gt;
&lt;class 'str'&gt;</msg>
<arg>${response.status_code}</arg>
<arg>200</arg>
<doc>Fails if objects are unequal after converting them to real numbers.</doc>
<status status="PASS" start="2024-05-14T10:17:07.985317" elapsed="0.000529"/>
</kw>
<kw name="Log" owner="BuiltIn">
<msg time="2024-05-14T10:17:07.986573" level="INFO">200</msg>
<arg>${response.status_code}</arg>
<doc>Logs the given message with the given level.</doc>
<status status="PASS" start="2024-05-14T10:17:07.986208" elapsed="0.000410"/>
</kw>
<kw name="Set Variable" owner="BuiltIn">
<msg time="2024-05-14T10:17:07.987418" level="INFO">${json_data} = {'results': [{'gender': 'female', 'name': {'title': 'Mrs', 'first': 'Sophie', 'last': 'Vasquez'}, 'location': {'street': {'number': 1824, 'name': 'Church Street'}, 'city': 'Plymouth', 'state': 'Derbys...</msg>
<var>${json_data}</var>
<arg>${response.json()}</arg>
<doc>Returns the given values which can then be assigned to a variables.</doc>
<status status="PASS" start="2024-05-14T10:17:07.986972" elapsed="0.000474"/>
</kw>
<kw name="Dictionary Should Contain Key" owner="Collections">
<msg time="2024-05-14T10:17:07.987927" level="INFO">False</msg>
<arg>${json_data}</arg>
<arg>results</arg>
<doc>Fails if ``key`` is not found from ``dictionary``.</doc>
<status status="PASS" start="2024-05-14T10:17:07.987750" elapsed="0.000218"/>
</kw>
<status status="PASS" start="2024-05-14T10:17:07.806857" elapsed="0.181368"/>
</kw>
<doc>Testa se a API responde corretamente e retorna um objeto JSON válido.</doc>
<tag>testeRequisicaoBasica</tag>
<status status="PASS" start="2024-05-14T10:17:07.806310" elapsed="0.182103"/>
</test>
<test id="s1-s1-t3" name="Validar estrutura de resposta" line="22">
<kw name="Teste de Estrutura de Resposta" owner="random-user-service">
<kw name="GET On Session" owner="RequestsLibrary">
<msg time="2024-05-14T10:17:08.096622" level="INFO">GET Request : url=https://randomuser.me/api 
 path_url=/api 
 headers={'User-Agent': 'python-requests/2.31.0', 'Accept-Encoding': 'gzip, deflate', 'Accept': '*/*', 'Connection': 'keep-alive'} 
 body=None 
 </msg>
<msg time="2024-05-14T10:17:08.096705" level="INFO">GET Response : url=https://randomuser.me/api 
 status=200, reason=OK 
 headers={'Date': 'Tue, 14 May 2024 10:17:08 GMT', 'Content-Type': 'application/json; charset=utf-8', 'Transfer-Encoding': 'chunked', 'Connection': 'keep-alive', 'X-Powered-By': 'Express', 'Access-Control-Allow-Origin': '*', 'Cache-Control': 'no-cache', 'ETag': 'W/"48a-Nxepw2OKZqOKKTaCRih3cySbINg"', 'Vary': 'Accept-Encoding', 'Content-Encoding': 'gzip', 'CF-Cache-Status': 'DYNAMIC', 'Report-To': '{"endpoints":[{"url":"https:\\/\\/a.nel.cloudflare.com\\/report\\/v4?s=9oUA%2BEQBahEaEThSCedFQoNqu0BVPg%2BS%2F02WTrNyCiic7u6fIn7KmL9M0%2BoIfYqL4jBT4bKsDzWu2P9GTRqQm5iDJEPDVId7Dc6nW27JLPDFuhvlwflkMTMzIht9vPNo"}],"group":"cf-nel","max_age":604800}', 'NEL': '{"success_fraction":0,"report_to":"cf-nel","max_age":604800}', 'Server': 'cloudflare', 'CF-RAY': '883a2300f84781d3-IAD', 'alt-svc': 'h3=":443"; ma=86400'} 
 body={"results":[{"gender":"male","name":{"title":"Mr","first":"Goran","last":"Šijan"},"location":{"street":{"number":2598,"name":"Slavka Milićevića"},"city":"Valjevo","state":"Toplica","country":"Serbia","postcode":18043,"coordinates":{"latitude":"56.0192","longitude":"-18.3871"},"timezone":{"offset":"+1:00","description":"Brussels, Copenhagen, Madrid, Paris"}},"email":"goran.sijan@example.com","login":{"uuid":"4a74cee1-501e-4fe1-b523-a41c62bc2a31","username":"bigelephant698","password":"flesh","salt":"ubf484e9","md5":"a24e11d0cca27b2879637f7769c8ad41","sha1":"8c5aa2d8cb6472ad76d81e47a7348b145b63b00e","sha256":"c079e6e20c004253dc33fb34dcddf46cb50002696e5eaeb13b9f119e833beb93"},"dob":{"date":"1959-02-17T01:29:51.485Z","age":65},"registered":{"date":"2003-07-07T08:20:55.062Z","age":20},"phone":"021-7816-106","cell":"064-5804-548","id":{"name":"SID","value":"464888470"},"picture":{"large":"https://randomuser.me/api/portraits/men/76.jpg","medium":"https://randomuser.me/api/portraits/med/men/76.jpg","thumbnail":"https://randomuser.me/api/portraits/thumb/men/76.jpg"},"nat":"RS"}],"info":{"seed":"3d6f8ee3913113d3","results":1,"page":1,"version":"1.4"}} 
 </msg>
<msg time="2024-05-14T10:17:08.096815" level="INFO">/opt/hostedtoolcache/Python/3.12.3/x64/lib/python3.12/site-packages/urllib3/connectionpool.py:1103: InsecureRequestWarning: Unverified HTTPS request is being made to host 'randomuser.me'. Adding certificate verification is strongly advised. See: https://urllib3.readthedocs.io/en/latest/advanced-usage.html#tls-warnings
  warnings.warn(</msg>
<msg time="2024-05-14T10:17:08.096949" level="INFO">${response} = &lt;Response [200]&gt;</msg>
<var>${response}</var>
<arg>consultarAPI</arg>
<arg>/api</arg>
<doc>Sends a GET request on a previously created HTTP Session.</doc>
<status status="PASS" start="2024-05-14T10:17:07.991175" elapsed="0.105817"/>
</kw>
<kw name="Set Variable" owner="BuiltIn">
<msg time="2024-05-14T10:17:08.097940" level="INFO">${json_data} = {'results': [{'gender': 'male', 'name': {'title': 'Mr', 'first': 'Goran', 'last': 'Šijan'}, 'location': {'street': {'number': 2598, 'name': 'Slavka Milićevića'}, 'city': 'Valjevo', 'state': 'Toplica',...</msg>
<var>${json_data}</var>
<arg>${response.json()}</arg>
<doc>Returns the given values which can then be assigned to a variables.</doc>
<status status="PASS" start="2024-05-14T10:17:08.097432" elapsed="0.000539"/>
</kw>
<kw name="Log" owner="BuiltIn">
<msg time="2024-05-14T10:17:08.098469" level="INFO">{'results': [{'gender': 'male', 'name': {'title': 'Mr', 'first': 'Goran', 'last': 'Šijan'}, 'location': {'street': {'number': 2598, 'name': 'Slavka Milićevića'}, 'city': 'Valjevo', 'state': 'Toplica', 'country': 'Serbia', 'postcode': 18043, 'coordinates': {'latitude': '56.0192', 'longitude': '-18.3871'}, 'timezone': {'offset': '+1:00', 'description': 'Brussels, Copenhagen, Madrid, Paris'}}, 'email': 'goran.sijan@example.com', 'login': {'uuid': '4a74cee1-501e-4fe1-b523-a41c62bc2a31', 'username': 'bigelephant698', 'password': 'flesh', 'salt': 'ubf484e9', 'md5': 'a24e11d0cca27b2879637f7769c8ad41', 'sha1': '8c5aa2d8cb6472ad76d81e47a7348b145b63b00e', 'sha256': 'c079e6e20c004253dc33fb34dcddf46cb50002696e5eaeb13b9f119e833beb93'}, 'dob': {'date': '1959-02-17T01:29:51.485Z', 'age': 65}, 'registered': {'date': '2003-07-07T08:20:55.062Z', 'age': 20}, 'phone': '021-7816-106', 'cell': '064-5804-548', 'id': {'name': 'SID', 'value': '464888470'}, 'picture': {'large': 'https://randomuser.me/api/portraits/men/76.jpg', 'medium': 'https://randomuser.me/api/portraits/med/men/76.jpg', 'thumbnail': 'https://randomuser.me/api/portraits/thumb/men/76.jpg'}, 'nat': 'RS'}], 'info': {'seed': '3d6f8ee3913113d3', 'results': 1, 'page': 1, 'version': '1.4'}}</msg>
<arg>${json_data}</arg>
<doc>Logs the given message with the given level.</doc>
<status status="PASS" start="2024-05-14T10:17:08.098300" elapsed="0.000222"/>
</kw>
<kw name="Dictionary Should Contain Key" owner="Collections">
<msg time="2024-05-14T10:17:08.099045" level="INFO">False</msg>
<arg>${json_data}</arg>
<arg>results</arg>
<doc>Fails if ``key`` is not found from ``dictionary``.</doc>
<status status="PASS" start="2024-05-14T10:17:08.098871" elapsed="0.000212"/>
</kw>
<kw name="Should Not Be Empty" owner="BuiltIn">
<msg time="2024-05-14T10:17:08.099516" level="INFO">Length is 2.</msg>
<arg>${json_data}</arg>
<doc>Verifies that the given item is not empty.</doc>
<status status="PASS" start="2024-05-14T10:17:08.099382" elapsed="0.000324"/>
</kw>
<kw name="Create List" owner="BuiltIn">
<msg time="2024-05-14T10:17:08.100164" level="INFO">${expected_keys} = ['gender', 'name', 'location', 'email', 'login']</msg>
<var>${expected_keys}</var>
<arg>gender</arg>
<arg>name</arg>
<arg>location</arg>
<arg>email</arg>
<arg>login</arg>
<doc>Returns a list containing given items.</doc>
<status status="PASS" start="2024-05-14T10:17:08.100008" elapsed="0.000182"/>
</kw>
<for flavor="IN">
<iter>
<kw name="Dictionary Should Contain Key" owner="Collections">
<msg time="2024-05-14T10:17:08.101189" level="INFO">False</msg>
<arg>${json_data['results'][0]}</arg>
<arg>${key}</arg>
<doc>Fails if ``key`` is not found from ``dictionary``.</doc>
<status status="PASS" start="2024-05-14T10:17:08.100775" elapsed="0.000455"/>
</kw>
<kw name="Log" owner="BuiltIn">
<msg time="2024-05-14T10:17:08.101904" level="INFO">{'gender': 'male', 'name': {'title': 'Mr', 'first': 'Goran', 'last': 'Šijan'}, 'location': {'street': {'number': 2598, 'name': 'Slavka Milićevića'}, 'city': 'Valjevo', 'state': 'Toplica', 'country': 'Serbia', 'postcode': 18043, 'coordinates': {'latitude': '56.0192', 'longitude': '-18.3871'}, 'timezone': {'offset': '+1:00', 'description': 'Brussels, Copenhagen, Madrid, Paris'}}, 'email': 'goran.sijan@example.com', 'login': {'uuid': '4a74cee1-501e-4fe1-b523-a41c62bc2a31', 'username': 'bigelephant698', 'password': 'flesh', 'salt': 'ubf484e9', 'md5': 'a24e11d0cca27b2879637f7769c8ad41', 'sha1': '8c5aa2d8cb6472ad76d81e47a7348b145b63b00e', 'sha256': 'c079e6e20c004253dc33fb34dcddf46cb50002696e5eaeb13b9f119e833beb93'}, 'dob': {'date': '1959-02-17T01:29:51.485Z', 'age': 65}, 'registered': {'date': '2003-07-07T08:20:55.062Z', 'age': 20}, 'phone': '021-7816-106', 'cell': '064-5804-548', 'id': {'name': 'SID', 'value': '464888470'}, 'picture': {'large': 'https://randomuser.me/api/portraits/men/76.jpg', 'medium': 'https://randomuser.me/api/portraits/med/men/76.jpg', 'thumbnail': 'https://randomuser.me/api/portraits/thumb/men/76.jpg'}, 'nat': 'RS'}</msg>
<arg>${json_data['results'][0]}</arg>
<doc>Logs the given message with the given level.</doc>
<status status="PASS" start="2024-05-14T10:17:08.101532" elapsed="0.000424"/>
</kw>
<kw name="Log" owner="BuiltIn">
<msg time="2024-05-14T10:17:08.102388" level="INFO">gender</msg>
<arg>${key}</arg>
<doc>Logs the given message with the given level.</doc>
<status status="PASS" start="2024-05-14T10:17:08.102259" elapsed="0.000167"/>
</kw>
<var name="${key}">gender</var>
<status status="PASS" start="2024-05-14T10:17:08.100645" elapsed="0.001994"/>
</iter>
<iter>
<kw name="Dictionary Should Contain Key" owner="Collections">
<msg time="2024-05-14T10:17:08.103355" level="INFO">False</msg>
<arg>${json_data['results'][0]}</arg>
<arg>${key}</arg>
<doc>Fails if ``key`` is not found from ``dictionary``.</doc>
<status status="PASS" start="2024-05-14T10:17:08.102968" elapsed="0.000425"/>
</kw>
<kw name="Log" owner="BuiltIn">
<msg time="2024-05-14T10:17:08.104093" level="INFO">{'gender': 'male', 'name': {'title': 'Mr', 'first': 'Goran', 'last': 'Šijan'}, 'location': {'street': {'number': 2598, 'name': 'Slavka Milićevića'}, 'city': 'Valjevo', 'state': 'Toplica', 'country': 'Serbia', 'postcode': 18043, 'coordinates': {'latitude': '56.0192', 'longitude': '-18.3871'}, 'timezone': {'offset': '+1:00', 'description': 'Brussels, Copenhagen, Madrid, Paris'}}, 'email': 'goran.sijan@example.com', 'login': {'uuid': '4a74cee1-501e-4fe1-b523-a41c62bc2a31', 'username': 'bigelephant698', 'password': 'flesh', 'salt': 'ubf484e9', 'md5': 'a24e11d0cca27b2879637f7769c8ad41', 'sha1': '8c5aa2d8cb6472ad76d81e47a7348b145b63b00e', 'sha256': 'c079e6e20c004253dc33fb34dcddf46cb50002696e5eaeb13b9f119e833beb93'}, 'dob': {'date': '1959-02-17T01:29:51.485Z', 'age': 65}, 'registered': {'date': '2003-07-07T08:20:55.062Z', 'age': 20}, 'phone': '021-7816-106', 'cell': '064-5804-548', 'id': {'name': 'SID', 'value': '464888470'}, 'picture': {'large': 'https://randomuser.me/api/portraits/men/76.jpg', 'medium': 'https://randomuser.me/api/portraits/med/men/76.jpg', 'thumbnail': 'https://randomuser.me/api/portraits/thumb/men/76.jpg'}, 'nat': 'RS'}</msg>
<arg>${json_data['results'][0]}</arg>
<doc>Logs the given message with the given level.</doc>
<status status="PASS" start="2024-05-14T10:17:08.103718" elapsed="0.000425"/>
</kw>
<kw name="Log" owner="BuiltIn">
<msg time="2024-05-14T10:17:08.104565" level="INFO">name</msg>
<arg>${key}</arg>
<doc>Logs the given message with the given level.</doc>
<status status="PASS" start="2024-05-14T10:17:08.104440" elapsed="0.000162"/>
</kw>
<var name="${key}">name</var>
<status status="PASS" start="2024-05-14T10:17:08.102849" elapsed="0.001968"/>
</iter>
<iter>
<kw name="Dictionary Should Contain Key" owner="Collections">
<msg time="2024-05-14T10:17:08.105494" level="INFO">False</msg>
<arg>${json_data['results'][0]}</arg>
<arg>${key}</arg>
<doc>Fails if ``key`` is not found from ``dictionary``.</doc>
<status status="PASS" start="2024-05-14T10:17:08.105109" elapsed="0.000423"/>
</kw>
<kw name="Log" owner="BuiltIn">
<msg time="2024-05-14T10:17:08.106209" level="INFO">{'gender': 'male', 'name': {'title': 'Mr', 'first': 'Goran', 'last': 'Šijan'}, 'location': {'street': {'number': 2598, 'name': 'Slavka Milićevića'}, 'city': 'Valjevo', 'state': 'Toplica', 'country': 'Serbia', 'postcode': 18043, 'coordinates': {'latitude': '56.0192', 'longitude': '-18.3871'}, 'timezone': {'offset': '+1:00', 'description': 'Brussels, Copenhagen, Madrid, Paris'}}, 'email': 'goran.sijan@example.com', 'login': {'uuid': '4a74cee1-501e-4fe1-b523-a41c62bc2a31', 'username': 'bigelephant698', 'password': 'flesh', 'salt': 'ubf484e9', 'md5': 'a24e11d0cca27b2879637f7769c8ad41', 'sha1': '8c5aa2d8cb6472ad76d81e47a7348b145b63b00e', 'sha256': 'c079e6e20c004253dc33fb34dcddf46cb50002696e5eaeb13b9f119e833beb93'}, 'dob': {'date': '1959-02-17T01:29:51.485Z', 'age': 65}, 'registered': {'date': '2003-07-07T08:20:55.062Z', 'age': 20}, 'phone': '021-7816-106', 'cell': '064-5804-548', 'id': {'name': 'SID', 'value': '464888470'}, 'picture': {'large': 'https://randomuser.me/api/portraits/men/76.jpg', 'medium': 'https://randomuser.me/api/portraits/med/men/76.jpg', 'thumbnail': 'https://randomuser.me/api/portraits/thumb/men/76.jpg'}, 'nat': 'RS'}</msg>
<arg>${json_data['results'][0]}</arg>
<doc>Logs the given message with the given level.</doc>
<status status="PASS" start="2024-05-14T10:17:08.105839" elapsed="0.000445"/>
</kw>
<kw name="Log" owner="BuiltIn">
<msg time="2024-05-14T10:17:08.106723" level="INFO">location</msg>
<arg>${key}</arg>
<doc>Logs the given message with the given level.</doc>
<status status="PASS" start="2024-05-14T10:17:08.106598" elapsed="0.000163"/>
</kw>
<var name="${key}">location</var>
<status status="PASS" start="2024-05-14T10:17:08.104998" elapsed="0.002032"/>
</iter>
<iter>
<kw name="Dictionary Should Contain Key" owner="Collections">
<msg time="2024-05-14T10:17:08.107718" level="INFO">False</msg>
<arg>${json_data['results'][0]}</arg>
<arg>${key}</arg>
<doc>Fails if ``key`` is not found from ``dictionary``.</doc>
<status status="PASS" start="2024-05-14T10:17:08.107328" elapsed="0.000428"/>
</kw>
<kw name="Log" owner="BuiltIn">
<msg time="2024-05-14T10:17:08.108457" level="INFO">{'gender': 'male', 'name': {'title': 'Mr', 'first': 'Goran', 'last': 'Šijan'}, 'location': {'street': {'number': 2598, 'name': 'Slavka Milićevića'}, 'city': 'Valjevo', 'state': 'Toplica', 'country': 'Serbia', 'postcode': 18043, 'coordinates': {'latitude': '56.0192', 'longitude': '-18.3871'}, 'timezone': {'offset': '+1:00', 'description': 'Brussels, Copenhagen, Madrid, Paris'}}, 'email': 'goran.sijan@example.com', 'login': {'uuid': '4a74cee1-501e-4fe1-b523-a41c62bc2a31', 'username': 'bigelephant698', 'password': 'flesh', 'salt': 'ubf484e9', 'md5': 'a24e11d0cca27b2879637f7769c8ad41', 'sha1': '8c5aa2d8cb6472ad76d81e47a7348b145b63b00e', 'sha256': 'c079e6e20c004253dc33fb34dcddf46cb50002696e5eaeb13b9f119e833beb93'}, 'dob': {'date': '1959-02-17T01:29:51.485Z', 'age': 65}, 'registered': {'date': '2003-07-07T08:20:55.062Z', 'age': 20}, 'phone': '021-7816-106', 'cell': '064-5804-548', 'id': {'name': 'SID', 'value': '464888470'}, 'picture': {'large': 'https://randomuser.me/api/portraits/men/76.jpg', 'medium': 'https://randomuser.me/api/portraits/med/men/76.jpg', 'thumbnail': 'https://randomuser.me/api/portraits/thumb/men/76.jpg'}, 'nat': 'RS'}</msg>
<arg>${json_data['results'][0]}</arg>
<doc>Logs the given message with the given level.</doc>
<status status="PASS" start="2024-05-14T10:17:08.108084" elapsed="0.000424"/>
</kw>
<kw name="Log" owner="BuiltIn">
<msg time="2024-05-14T10:17:08.108934" level="INFO">email</msg>
<arg>${key}</arg>
<doc>Logs the given message with the given level.</doc>
<status status="PASS" start="2024-05-14T10:17:08.108806" elapsed="0.000166"/>
</kw>
<var name="${key}">email</var>
<status status="PASS" start="2024-05-14T10:17:08.107206" elapsed="0.001985"/>
</iter>
<iter>
<kw name="Dictionary Should Contain Key" owner="Collections">
<msg time="2024-05-14T10:17:08.109871" level="INFO">False</msg>
<arg>${json_data['results'][0]}</arg>
<arg>${key}</arg>
<doc>Fails if ``key`` is not found from ``dictionary``.</doc>
<status status="PASS" start="2024-05-14T10:17:08.109476" elapsed="0.000434"/>
</kw>
<kw name="Log" owner="BuiltIn">
<msg time="2024-05-14T10:17:08.110582" level="INFO">{'gender': 'male', 'name': {'title': 'Mr', 'first': 'Goran', 'last': 'Šijan'}, 'location': {'street': {'number': 2598, 'name': 'Slavka Milićevića'}, 'city': 'Valjevo', 'state': 'Toplica', 'country': 'Serbia', 'postcode': 18043, 'coordinates': {'latitude': '56.0192', 'longitude': '-18.3871'}, 'timezone': {'offset': '+1:00', 'description': 'Brussels, Copenhagen, Madrid, Paris'}}, 'email': 'goran.sijan@example.com', 'login': {'uuid': '4a74cee1-501e-4fe1-b523-a41c62bc2a31', 'username': 'bigelephant698', 'password': 'flesh', 'salt': 'ubf484e9', 'md5': 'a24e11d0cca27b2879637f7769c8ad41', 'sha1': '8c5aa2d8cb6472ad76d81e47a7348b145b63b00e', 'sha256': 'c079e6e20c004253dc33fb34dcddf46cb50002696e5eaeb13b9f119e833beb93'}, 'dob': {'date': '1959-02-17T01:29:51.485Z', 'age': 65}, 'registered': {'date': '2003-07-07T08:20:55.062Z', 'age': 20}, 'phone': '021-7816-106', 'cell': '064-5804-548', 'id': {'name': 'SID', 'value': '464888470'}, 'picture': {'large': 'https://randomuser.me/api/portraits/men/76.jpg', 'medium': 'https://randomuser.me/api/portraits/med/men/76.jpg', 'thumbnail': 'https://randomuser.me/api/portraits/thumb/men/76.jpg'}, 'nat': 'RS'}</msg>
<arg>${json_data['results'][0]}</arg>
<doc>Logs the given message with the given level.</doc>
<status status="PASS" start="2024-05-14T10:17:08.110208" elapsed="0.000424"/>
</kw>
<kw name="Log" owner="BuiltIn">
<msg time="2024-05-14T10:17:08.111111" level="INFO">login</msg>
<arg>${key}</arg>
<doc>Logs the given message with the given level.</doc>
<status status="PASS" start="2024-05-14T10:17:08.110980" elapsed="0.000171"/>
</kw>
<var name="${key}">login</var>
<status status="PASS" start="2024-05-14T10:17:08.109365" elapsed="0.002033"/>
</iter>
<var>${key}</var>
<value>@{expected_keys}</value>
<status status="PASS" start="2024-05-14T10:17:08.100453" elapsed="0.011073"/>
</for>
<kw name="Create List" owner="BuiltIn">
<msg time="2024-05-14T10:17:08.111859" level="INFO">${expected_keysTwo} = ['username', 'password']</msg>
<var>${expected_keysTwo}</var>
<arg>username</arg>
<arg>password</arg>
<doc>Returns a list containing given items.</doc>
<status status="PASS" start="2024-05-14T10:17:08.111720" elapsed="0.000163"/>
</kw>
<for flavor="IN">
<iter>
<kw name="Dictionary Should Contain Key" owner="Collections">
<msg time="2024-05-14T10:17:08.112839" level="INFO">False</msg>
<arg>${json_data['results'][0]['login']}</arg>
<arg>${keyTwo}</arg>
<doc>Fails if ``key`` is not found from ``dictionary``.</doc>
<status status="PASS" start="2024-05-14T10:17:08.112436" elapsed="0.000442"/>
</kw>
<kw name="Dictionary Should Contain Key" owner="Collections">
<msg time="2024-05-14T10:17:08.113565" level="INFO">False</msg>
<arg>${json_data['results'][0]['login']}</arg>
<arg>${keyTwo}</arg>
<doc>Fails if ``key`` is not found from ``dictionary``.</doc>
<status status="PASS" start="2024-05-14T10:17:08.113175" elapsed="0.000428"/>
</kw>
<kw name="Log" owner="BuiltIn">
<msg time="2024-05-14T10:17:08.114023" level="INFO">username</msg>
<arg>${keyTwo}</arg>
<doc>Logs the given message with the given level.</doc>
<status status="PASS" start="2024-05-14T10:17:08.113896" elapsed="0.000170"/>
</kw>
<var name="${keyTwo}">username</var>
<status status="PASS" start="2024-05-14T10:17:08.112312" elapsed="0.001969"/>
</iter>
<iter>
<kw name="Dictionary Should Contain Key" owner="Collections">
<msg time="2024-05-14T10:17:08.115078" level="INFO">False</msg>
<arg>${json_data['results'][0]['login']}</arg>
<arg>${keyTwo}</arg>
<doc>Fails if ``key`` is not found from ``dictionary``.</doc>
<status status="PASS" start="2024-05-14T10:17:08.114564" elapsed="0.000556"/>
</kw>
<kw name="Dictionary Should Contain Key" owner="Collections">
<msg time="2024-05-14T10:17:08.115807" level="INFO">False</msg>
<arg>${json_data['results'][0]['login']}</arg>
<arg>${keyTwo}</arg>
<doc>Fails if ``key`` is not found from ``dictionary``.</doc>
<status status="PASS" start="2024-05-14T10:17:08.115422" elapsed="0.000423"/>
</kw>
<kw name="Log" owner="BuiltIn">
<msg time="2024-05-14T10:17:08.116270" level="INFO">password</msg>
<arg>${keyTwo}</arg>
<doc>Logs the given message with the given level.</doc>
<status status="PASS" start="2024-05-14T10:17:08.116140" elapsed="0.000168"/>
</kw>
<var name="${keyTwo}">password</var>
<status status="PASS" start="2024-05-14T10:17:08.114454" elapsed="0.002067"/>
</iter>
<var>${keyTwo}</var>
<value>@{expected_keysTwo}</value>
<status status="PASS" start="2024-05-14T10:17:08.112136" elapsed="0.004505"/>
</for>
<status status="PASS" start="2024-05-14T10:17:07.990927" elapsed="0.125855"/>
</kw>
<doc>Testa a estrutura da resposta da API.</doc>
<tag>testeEstruturaResposta</tag>
<status status="PASS" start="2024-05-14T10:17:07.990265" elapsed="0.126676"/>
</test>
<test id="s1-s1-t4" name="Validar tipos de dados" line="28">
<kw name="Teste de Tipos de Dados" owner="random-user-service">
<kw name="GET On Session" owner="RequestsLibrary">
<msg time="2024-05-14T10:17:08.190090" level="INFO">GET Request : url=https://randomuser.me/api 
 path_url=/api 
 headers={'User-Agent': 'python-requests/2.31.0', 'Accept-Encoding': 'gzip, deflate', 'Accept': '*/*', 'Connection': 'keep-alive'} 
 body=None 
 </msg>
<msg time="2024-05-14T10:17:08.190175" level="INFO">GET Response : url=https://randomuser.me/api 
 status=200, reason=OK 
 headers={'Date': 'Tue, 14 May 2024 10:17:08 GMT', 'Content-Type': 'application/json; charset=utf-8', 'Transfer-Encoding': 'chunked', 'Connection': 'keep-alive', 'X-Powered-By': 'Express', 'Access-Control-Allow-Origin': '*', 'Cache-Control': 'no-cache', 'ETag': 'W/"47b-sJrYP0BnWFhYD5T7z9zneTdnpCs"', 'Vary': 'Accept-Encoding', 'Content-Encoding': 'gzip', 'CF-Cache-Status': 'DYNAMIC', 'Report-To': '{"endpoints":[{"url":"https:\\/\\/a.nel.cloudflare.com\\/report\\/v4?s=OLopkMGgniRcn3xD6RiLQjyHK6EnJgmixUk7%2BInjWJkw3nKLlM6e5zG6opGnmMWcw8IRaM6Y%2BMOvAAXpKIOwoi%2F7TjZRLXANXjrYz1dBKf%2ByOfVxpg8jyt3wtIZkKZhN"}],"group":"cf-nel","max_age":604800}', 'NEL': '{"success_fraction":0,"report_to":"cf-nel","max_age":604800}', 'Server': 'cloudflare', 'CF-RAY': '883a2301c8f081d3-IAD', 'alt-svc': 'h3=":443"; ma=86400'} 
 body={"results":[{"gender":"male","name":{"title":"Mr","first":"Oscar","last":"Johansen"},"location":{"street":{"number":7699,"name":"Frederiksborgvej"},"city":"Ølstykke","state":"Nordjylland","country":"Denmark","postcode":57525,"coordinates":{"latitude":"-44.3890","longitude":"-163.1026"},"timezone":{"offset":"+9:30","description":"Adelaide, Darwin"}},"email":"oscar.johansen@example.com","login":{"uuid":"b4ec3f98-c278-4476-a5b3-51b51394d43b","username":"sadelephant398","password":"dylan","salt":"WkDIpBAz","md5":"9386cb16df70a4856996c413f5a48c5d","sha1":"b4cd921b23bb55c3971064713f70379b6f4e3837","sha256":"63433e137e353578cec7891da8624ce63bd2940b797569563eecb1a50878807e"},"dob":{"date":"1950-11-17T07:31:31.615Z","age":73},"registered":{"date":"2016-10-30T17:19:52.131Z","age":7},"phone":"02628227","cell":"14613631","id":{"name":"CPR","value":"171150-4074"},"picture":{"large":"https://randomuser.me/api/portraits/men/36.jpg","medium":"https://randomuser.me/api/portraits/med/men/36.jpg","thumbnail":"https://randomuser.me/api/portraits/thumb/men/36.jpg"},"nat":"DK"}],"info":{"seed":"ebc622ee728e2a2c","results":1,"page":1,"version":"1.4"}} 
 </msg>
<msg time="2024-05-14T10:17:08.190251" level="INFO">/opt/hostedtoolcache/Python/3.12.3/x64/lib/python3.12/site-packages/urllib3/connectionpool.py:1103: InsecureRequestWarning: Unverified HTTPS request is being made to host 'randomuser.me'. Adding certificate verification is strongly advised. See: https://urllib3.readthedocs.io/en/latest/advanced-usage.html#tls-warnings
  warnings.warn(</msg>
<msg time="2024-05-14T10:17:08.190366" level="INFO">${response} = &lt;Response [200]&gt;</msg>
<var>${response}</var>
<arg>consultarAPI</arg>
<arg>/api</arg>
<doc>Sends a GET request on a previously created HTTP Session.</doc>
<status status="PASS" start="2024-05-14T10:17:08.119445" elapsed="0.070965"/>
</kw>
<kw name="Set Variable" owner="BuiltIn">
<msg time="2024-05-14T10:17:08.191380" level="INFO">${json_data} = {'results': [{'gender': 'male', 'name': {'title': 'Mr', 'first': 'Oscar', 'last': 'Johansen'}, 'location': {'street': {'number': 7699, 'name': 'Frederiksborgvej'}, 'city': 'Ølstykke', 'state': 'Nordjy...</msg>
<var>${json_data}</var>
<arg>${response.json()}</arg>
<doc>Returns the given values which can then be assigned to a variables.</doc>
<status status="PASS" start="2024-05-14T10:17:08.190916" elapsed="0.000493"/>
</kw>
<kw name="Log" owner="BuiltIn">
<msg time="2024-05-14T10:17:08.191874" level="INFO">{'results': [{'gender': 'male', 'name': {'title': 'Mr', 'first': 'Oscar', 'last': 'Johansen'}, 'location': {'street': {'number': 7699, 'name': 'Frederiksborgvej'}, 'city': 'Ølstykke', 'state': 'Nordjylland', 'country': 'Denmark', 'postcode': 57525, 'coordinates': {'latitude': '-44.3890', 'longitude': '-163.1026'}, 'timezone': {'offset': '+9:30', 'description': 'Adelaide, Darwin'}}, 'email': 'oscar.johansen@example.com', 'login': {'uuid': 'b4ec3f98-c278-4476-a5b3-51b51394d43b', 'username': 'sadelephant398', 'password': 'dylan', 'salt': 'WkDIpBAz', 'md5': '9386cb16df70a4856996c413f5a48c5d', 'sha1': 'b4cd921b23bb55c3971064713f70379b6f4e3837', 'sha256': '63433e137e353578cec7891da8624ce63bd2940b797569563eecb1a50878807e'}, 'dob': {'date': '1950-11-17T07:31:31.615Z', 'age': 73}, 'registered': {'date': '2016-10-30T17:19:52.131Z', 'age': 7}, 'phone': '02628227', 'cell': '14613631', 'id': {'name': 'CPR', 'value': '171150-4074'}, 'picture': {'large': 'https://randomuser.me/api/portraits/men/36.jpg', 'medium': 'https://randomuser.me/api/portraits/med/men/36.jpg', 'thumbnail': 'https://randomuser.me/api/portraits/thumb/men/36.jpg'}, 'nat': 'DK'}], 'info': {'seed': 'ebc622ee728e2a2c', 'results': 1, 'page': 1, 'version': '1.4'}}</msg>
<arg>${json_data}</arg>
<doc>Logs the given message with the given level.</doc>
<status status="PASS" start="2024-05-14T10:17:08.191720" elapsed="0.000234"/>
</kw>
<kw name="Should Be String" owner="String">
<arg>${json_data['results'][0]['gender']}</arg>
<doc>Fails if the given ``item`` is not a string.</doc>
<status status="PASS" start="2024-05-14T10:17:08.192253" elapsed="0.000366"/>
</kw>
<kw name="Should Match Regexp" owner="BuiltIn">
<arg>${json_data['results'][0]['email']}</arg>
<arg>^[a-zA-Z0-9._%+-]+@[a-zA-Z0-9.-]+\.[a-zA-Z]{2,}$</arg>
<doc>Fails if ``string`` does not match ``pattern`` as a regular expression.</doc>
<status status="PASS" start="2024-05-14T10:17:08.192810" elapsed="0.000513"/>
</kw>
<kw name="Should Match Regexp" owner="BuiltIn">
<arg>${json_data['results'][0]['dob']['date']}</arg>
<arg>\\d{4}-\\d{2}-\\d{2}T\\d{2}:\\d{2}:\\d{2}\\.\\d{3}Z</arg>
<doc>Fails if ``string`` does not match ``pattern`` as a regular expression.</doc>
<status status="PASS" start="2024-05-14T10:17:08.193517" elapsed="0.000486"/>
</kw>
<kw name="Should Match Regexp" owner="BuiltIn">
<arg>${json_data['results'][0]['registered']['date']}</arg>
<arg>\\d{4}-\\d{2}-\\d{2}T\\d{2}:\\d{2}:\\d{2}\\.\\d{3}Z</arg>
<doc>Fails if ``string`` does not match ``pattern`` as a regular expression.</doc>
<status status="PASS" start="2024-05-14T10:17:08.194194" elapsed="0.000407"/>
</kw>
<kw name="Should Match Regexp" owner="BuiltIn">
<arg>${json_data['results'][0]['picture']['large']}</arg>
<arg>^https?://.*\.(?:png|jpe?g|gif|bmp)$</arg>
<doc>Fails if ``string`` does not match ``pattern`` as a regular expression.</doc>
<status status="PASS" start="2024-05-14T10:17:08.194794" elapsed="0.000502"/>
</kw>
<kw name="Should Match Regexp" owner="BuiltIn">
<arg>${json_data['results'][0]['picture']['medium']}</arg>
<arg>^https?://.*\.(?:png|jpe?g|gif|bmp)$</arg>
<doc>Fails if ``string`` does not match ``pattern`` as a regular expression.</doc>
<status status="PASS" start="2024-05-14T10:17:08.195485" elapsed="0.000359"/>
</kw>
<kw name="Should Match Regexp" owner="BuiltIn">
<arg>${json_data['results'][0]['picture']['thumbnail']}</arg>
<arg>^https?://.*\.(?:png|jpe?g|gif|bmp)$</arg>
<doc>Fails if ``string`` does not match ``pattern`` as a regular expression.</doc>
<status status="PASS" start="2024-05-14T10:17:08.196033" elapsed="0.000365"/>
</kw>
<kw name="Log" owner="BuiltIn">
<msg time="2024-05-14T10:17:08.196960" level="INFO">{'large': 'https://randomuser.me/api/portraits/men/36.jpg', 'medium': 'https://randomuser.me/api/portraits/med/men/36.jpg', 'thumbnail': 'https://randomuser.me/api/portraits/thumb/men/36.jpg'}</msg>
<arg>${json_data['results'][0]['picture']}</arg>
<doc>Logs the given message with the given level.</doc>
<status status="PASS" start="2024-05-14T10:17:08.196626" elapsed="0.000376"/>
</kw>
<status status="PASS" start="2024-05-14T10:17:08.119218" elapsed="0.078044"/>
</kw>
<kw name="Teste de Tipos de Dados - Postcode" owner="random-user-service">
<kw name="GET On Session" owner="RequestsLibrary">
<msg time="2024-05-14T10:17:08.291156" level="INFO">GET Request : url=https://randomuser.me/api 
 path_url=/api 
 headers={'User-Agent': 'python-requests/2.31.0', 'Accept-Encoding': 'gzip, deflate', 'Accept': '*/*', 'Connection': 'keep-alive'} 
 body=None 
 </msg>
<msg time="2024-05-14T10:17:08.291272" level="INFO">GET Response : url=https://randomuser.me/api 
 status=200, reason=OK 
 headers={'Date': 'Tue, 14 May 2024 10:17:08 GMT', 'Content-Type': 'application/json; charset=utf-8', 'Transfer-Encoding': 'chunked', 'Connection': 'keep-alive', 'X-Powered-By': 'Express', 'Access-Control-Allow-Origin': '*', 'Cache-Control': 'no-cache', 'ETag': 'W/"49a-mbS9whN8gyorcghpaZoLkb5fe/U"', 'Vary': 'Accept-Encoding', 'Content-Encoding': 'gzip', 'CF-Cache-Status': 'DYNAMIC', 'Report-To': '{"endpoints":[{"url":"https:\\/\\/a.nel.cloudflare.com\\/report\\/v4?s=5Eo%2FuAss3eYYEeALMpFsE2e73zV4yXPJIRXPRulZtsgPHE%2BR7f6LCi1j%2FpmYoDkefm8sddyVNIeCUjOmOI4sxwzgYuShzOVM0nWf3VNw6zRr55SfcO94UtA8HFLdHeUp"}],"group":"cf-nel","max_age":604800}', 'NEL': '{"success_fraction":0,"report_to":"cf-nel","max_age":604800}', 'Server': 'cloudflare', 'CF-RAY': '883a2302496281d3-IAD', 'alt-svc': 'h3=":443"; ma=86400'} 
 body={"results":[{"gender":"female","name":{"title":"Miss","first":"Sumaya","last":"Hopland"},"location":{"street":{"number":2410,"name":"Høgdaveien"},"city":"Vossevangen","state":"Akershus","country":"Norway","postcode":"2632","coordinates":{"latitude":"43.6774","longitude":"89.0551"},"timezone":{"offset":"-6:00","description":"Central Time (US &amp; Canada), Mexico City"}},"email":"sumaya.hopland@example.com","login":{"uuid":"e51335f0-521b-48a7-9881-7b3f410c03c2","username":"beautifulladybug774","password":"labrador","salt":"lgUFPEvI","md5":"67e390804ebb5de0660d30d03fd58ddc","sha1":"d14c99ae438c03008e4f9f199bbbee93d034479a","sha256":"ef6ca744765f2d2f1e4776dba484db3c4e150817e1f8ffe07ac5de306958f1a7"},"dob":{"date":"1955-10-02T15:49:28.277Z","age":68},"registered":{"date":"2022-02-09T14:30:37.725Z","age":2},"phone":"20702710","cell":"95649147","id":{"name":"FN","value":"02105507898"},"picture":{"large":"https://randomuser.me/api/portraits/women/27.jpg","medium":"https://randomuser.me/api/portraits/med/women/27.jpg","thumbnail":"https://randomuser.me/api/portraits/thumb/women/27.jpg"},"nat":"NO"}],"info":{"seed":"8c3d74e4d117aa0f","results":1,"page":1,"version":"1.4"}} 
 </msg>
<msg time="2024-05-14T10:17:08.291363" level="INFO">/opt/hostedtoolcache/Python/3.12.3/x64/lib/python3.12/site-packages/urllib3/connectionpool.py:1103: InsecureRequestWarning: Unverified HTTPS request is being made to host 'randomuser.me'. Adding certificate verification is strongly advised. See: https://urllib3.readthedocs.io/en/latest/advanced-usage.html#tls-warnings
  warnings.warn(</msg>
<msg time="2024-05-14T10:17:08.291531" level="INFO">${response} = &lt;Response [200]&gt;</msg>
<var>${response}</var>
<arg>consultarAPI</arg>
<arg>/api</arg>
<doc>Sends a GET request on a previously created HTTP Session.</doc>
<status status="PASS" start="2024-05-14T10:17:08.197699" elapsed="0.093885"/>
</kw>
<kw name="Set Variable" owner="BuiltIn">
<msg time="2024-05-14T10:17:08.292795" level="INFO">${json_data} = {'results': [{'gender': 'female', 'name': {'title': 'Miss', 'first': 'Sumaya', 'last': 'Hopland'}, 'location': {'street': {'number': 2410, 'name': 'Høgdaveien'}, 'city': 'Vossevangen', 'state': 'Akers...</msg>
<var>${json_data}</var>
<arg>${response.json()}</arg>
<doc>Returns the given values which can then be assigned to a variables.</doc>
<status status="PASS" start="2024-05-14T10:17:08.292231" elapsed="0.000593"/>
</kw>
<kw name="Log" owner="BuiltIn">
<msg time="2024-05-14T10:17:08.293336" level="INFO">{'results': [{'gender': 'female', 'name': {'title': 'Miss', 'first': 'Sumaya', 'last': 'Hopland'}, 'location': {'street': {'number': 2410, 'name': 'Høgdaveien'}, 'city': 'Vossevangen', 'state': 'Akershus', 'country': 'Norway', 'postcode': '2632', 'coordinates': {'latitude': '43.6774', 'longitude': '89.0551'}, 'timezone': {'offset': '-6:00', 'description': 'Central Time (US &amp; Canada), Mexico City'}}, 'email': 'sumaya.hopland@example.com', 'login': {'uuid': 'e51335f0-521b-48a7-9881-7b3f410c03c2', 'username': 'beautifulladybug774', 'password': 'labrador', 'salt': 'lgUFPEvI', 'md5': '67e390804ebb5de0660d30d03fd58ddc', 'sha1': 'd14c99ae438c03008e4f9f199bbbee93d034479a', 'sha256': 'ef6ca744765f2d2f1e4776dba484db3c4e150817e1f8ffe07ac5de306958f1a7'}, 'dob': {'date': '1955-10-02T15:49:28.277Z', 'age': 68}, 'registered': {'date': '2022-02-09T14:30:37.725Z', 'age': 2}, 'phone': '20702710', 'cell': '95649147', 'id': {'name': 'FN', 'value': '02105507898'}, 'picture': {'large': 'https://randomuser.me/api/portraits/women/27.jpg', 'medium': 'https://randomuser.me/api/portraits/med/women/27.jpg', 'thumbnail': 'https://randomuser.me/api/portraits/thumb/women/27.jpg'}, 'nat': 'NO'}], 'info': {'seed': '8c3d74e4d117aa0f', 'results': 1, 'page': 1, 'version': '1.4'}}</msg>
<arg>${json_data}</arg>
<doc>Logs the given message with the given level.</doc>
<status status="PASS" start="2024-05-14T10:17:08.293166" elapsed="0.000259"/>
</kw>
<kw name="Should Be Equal As Numbers" owner="BuiltIn">
<arg>${json_data['results'][0]['location']['postcode']}</arg>
<arg>${json_data['results'][0]['location']['postcode']}</arg>
<doc>Fails if objects are unequal after converting them to real numbers.</doc>
<status status="PASS" start="2024-05-14T10:17:08.293929" elapsed="0.000640"/>
</kw>
<kw name="Log" owner="BuiltIn">
<msg time="2024-05-14T10:17:08.295146" level="INFO">2632</msg>
<arg>${json_data['results'][0]['location']['postcode']}</arg>
<doc>Logs the given message with the given level.</doc>
<status status="PASS" start="2024-05-14T10:17:08.294773" elapsed="0.000413"/>
</kw>
<status status="PASS" start="2024-05-14T10:17:08.197479" elapsed="0.097964"/>
</kw>
<doc>Testa se os tipos de dados na resposta da API estão corretos.</doc>
<tag>testeTiposDados</tag>
<status status="PASS" start="2024-05-14T10:17:08.118732" elapsed="0.176880"/>
</test>
<test id="s1-s1-t5" name="Validar conteudo" line="35">
<kw name="Teste de Tipos de Conteudo" owner="random-user-service">
<kw name="GET On Session" owner="RequestsLibrary">
<msg time="2024-05-14T10:17:09.830509" level="INFO">GET Request : url=https://randomuser.me/api 
 path_url=/api 
 headers={'User-Agent': 'python-requests/2.31.0', 'Accept-Encoding': 'gzip, deflate', 'Accept': '*/*', 'Connection': 'keep-alive'} 
 body=None 
 </msg>
<msg time="2024-05-14T10:17:09.830608" level="INFO">GET Response : url=https://randomuser.me/api 
 status=200, reason=OK 
 headers={'Date': 'Tue, 14 May 2024 10:17:09 GMT', 'Content-Type': 'application/json; charset=utf-8', 'Transfer-Encoding': 'chunked', 'Connection': 'keep-alive', 'X-Powered-By': 'Express', 'Access-Control-Allow-Origin': '*', 'Cache-Control': 'no-cache', 'ETag': 'W/"4a5-FB65Qqdz09FDN9KZGJNzulydZCY"', 'Vary': 'Accept-Encoding', 'Content-Encoding': 'gzip', 'CF-Cache-Status': 'DYNAMIC', 'Report-To': '{"endpoints":[{"url":"https:\\/\\/a.nel.cloudflare.com\\/report\\/v4?s=WIDRr%2BIiA3dzRTfa8z15u70NkpML8MUbCYkltaSH61IbVvc%2FyI2kwBT0jcAyalZ4tee%2FO7IgF9cZsFLYYKzzvoS%2FMw9opLz2g7VAgQDqNpG1cPRuIrzOoNTMpNjwzDbA"}],"group":"cf-nel","max_age":604800}', 'NEL': '{"success_fraction":0,"report_to":"cf-nel","max_age":604800}', 'Server': 'cloudflare', 'CF-RAY': '883a2302e9ce81d3-IAD', 'alt-svc': 'h3=":443"; ma=86400'} 
 body={"results":[{"gender":"female","name":{"title":"Mrs","first":"Christy","last":"Tucker"},"location":{"street":{"number":2050,"name":"Forest Ln"},"city":"Santa Maria","state":"Colorado","country":"United States","postcode":55692,"coordinates":{"latitude":"83.2741","longitude":"23.1823"},"timezone":{"offset":"+5:00","description":"Ekaterinburg, Islamabad, Karachi, Tashkent"}},"email":"christy.tucker@example.com","login":{"uuid":"3e9a34c1-8026-4326-a6ea-410ff8797f2b","username":"purplefish177","password":"topgun","salt":"ajAnjAiA","md5":"bf9cc6228cc1d5155b051c940d71f90f","sha1":"1de39b95723bb9c1409a963a9a98b2728cac8463","sha256":"35386986ab7b32e7995d0096adc6042884c5f3d050c04e2c1769dc2b660d82e7"},"dob":{"date":"1947-09-17T21:13:52.997Z","age":76},"registered":{"date":"2021-06-28T06:06:21.875Z","age":2},"phone":"(646) 591-7597","cell":"(618) 904-9015","id":{"name":"SSN","value":"893-86-9832"},"picture":{"large":"https://randomuser.me/api/portraits/women/91.jpg","medium":"https://randomuser.me/api/portraits/med/women/91.jpg","thumbnail":"https://randomuser.me/api/portraits/thumb/women/91.jpg"},"nat":"US"}],"info":{"seed":"25288b5e8e3a1826","results":1,"page":1,"version":"1.4"}} 
 </msg>
<msg time="2024-05-14T10:17:09.830680" level="INFO">/opt/hostedtoolcache/Python/3.12.3/x64/lib/python3.12/site-packages/urllib3/connectionpool.py:1103: InsecureRequestWarning: Unverified HTTPS request is being made to host 'randomuser.me'. Adding certificate verification is strongly advised. See: https://urllib3.readthedocs.io/en/latest/advanced-usage.html#tls-warnings
  warnings.warn(</msg>
<msg time="2024-05-14T10:17:09.830798" level="INFO">${response} = &lt;Response [200]&gt;</msg>
<var>${response}</var>
<arg>consultarAPI</arg>
<arg>/api</arg>
<doc>Sends a GET request on a previously created HTTP Session.</doc>
<status status="PASS" start="2024-05-14T10:17:08.298150" elapsed="1.532712"/>
</kw>
<kw name="Set Variable" owner="BuiltIn">
<msg time="2024-05-14T10:17:09.831880" level="INFO">${json_data} = {'results': [{'gender': 'female', 'name': {'title': 'Mrs', 'first': 'Christy', 'last': 'Tucker'}, 'location': {'street': {'number': 2050, 'name': 'Forest Ln'}, 'city': 'Santa Maria', 'state': 'Colorad...</msg>
<var>${json_data}</var>
<arg>${response.json()}</arg>
<doc>Returns the given values which can then be assigned to a variables.</doc>
<status status="PASS" start="2024-05-14T10:17:09.831371" elapsed="0.000537"/>
</kw>
<kw name="Set Variable" owner="BuiltIn">
<msg time="2024-05-14T10:17:09.832596" level="INFO">${name_title} = Mrs</msg>
<var>${name_title}</var>
<arg>${json_data["results"][0]["name"]["title"]}</arg>
<doc>Returns the given values which can then be assigned to a variables.</doc>
<status status="PASS" start="2024-05-14T10:17:09.832209" elapsed="0.000413"/>
</kw>
<kw name="Create List" owner="BuiltIn">
<msg time="2024-05-14T10:17:09.833068" level="INFO">${allowed_titles} = ['Mr', 'Ms', 'Miss', 'Mrs', 'Madame', 'Monsieur']</msg>
<var>${allowed_titles}</var>
<arg>Mr</arg>
<arg>Ms</arg>
<arg>Miss</arg>
<arg>Mrs</arg>
<arg>Madame</arg>
<arg>Monsieur</arg>
<doc>Returns a list containing given items.</doc>
<status status="PASS" start="2024-05-14T10:17:09.832921" elapsed="0.000171"/>
</kw>
<kw name="List Should Contain Value" owner="Collections">
<msg time="2024-05-14T10:17:09.833563" level="INFO">False</msg>
<arg>${allowed_titles}</arg>
<arg>${name_title}</arg>
<doc>Fails if the ``value`` is not found from ``list``.</doc>
<status status="PASS" start="2024-05-14T10:17:09.833387" elapsed="0.000212"/>
</kw>
<kw name="Set Variable" owner="BuiltIn">
<msg time="2024-05-14T10:17:09.834270" level="INFO">${name_country} = US</msg>
<var>${name_country}</var>
<arg>${json_data["results"][0]["nat"]}</arg>
<doc>Returns the given values which can then be assigned to a variables.</doc>
<status status="PASS" start="2024-05-14T10:17:09.833888" elapsed="0.000407"/>
</kw>
<kw name="Create List" owner="BuiltIn">
<msg time="2024-05-14T10:17:09.835237" level="INFO">${list_country} = ['AD', 'AE', 'AF', 'AG', 'AI', 'AL', 'AM', 'AO', 'AQ', 'AR', 'AS', 'AT', 'AU', 'AW', 'AX', 'AZ', 'BA', 'BB', 'BD', 'BE', 'BF', 'BG', 'BH', 'BI', 'BJ', 'BL', 'BM', 'BN', 'BO', 'BQ', 'BR', 'BS', 'BT', '...</msg>
<var>${list_country}</var>
<arg>AD</arg>
<arg>AE</arg>
<arg>AF</arg>
<arg>AG</arg>
<arg>AI</arg>
<arg>AL</arg>
<arg>AM</arg>
<arg>AO</arg>
<arg>AQ</arg>
<arg>AR</arg>
<arg>AS</arg>
<arg>AT</arg>
<arg>AU</arg>
<arg>AW</arg>
<arg>AX</arg>
<arg>AZ</arg>
<arg>BA</arg>
<arg>BB</arg>
<arg>BD</arg>
<arg>BE</arg>
<arg>BF</arg>
<arg>BG</arg>
<arg>BH</arg>
<arg>BI</arg>
<arg>BJ</arg>
<arg>BL</arg>
<arg>BM</arg>
<arg>BN</arg>
<arg>BO</arg>
<arg>BQ</arg>
<arg>BR</arg>
<arg>BS</arg>
<arg>BT</arg>
<arg>BV</arg>
<arg>BW</arg>
<arg>BY</arg>
<arg>BZ</arg>
<arg>CA</arg>
<arg>CC</arg>
<arg>CD</arg>
<arg>CF</arg>
<arg>CG</arg>
<arg>CH</arg>
<arg>CI</arg>
<arg>CK</arg>
<arg>CL</arg>
<arg>CM</arg>
<arg>CN</arg>
<arg>CO</arg>
<arg>CR</arg>
<arg>CU</arg>
<arg>CV</arg>
<arg>CW</arg>
<arg>CX</arg>
<arg>CY</arg>
<arg>CZ</arg>
<arg>DE</arg>
<arg>DJ</arg>
<arg>DK</arg>
<arg>DM</arg>
<arg>DO</arg>
<arg>DZ</arg>
<arg>EC</arg>
<arg>EE</arg>
<arg>EG</arg>
<arg>EH</arg>
<arg>ER</arg>
<arg>ES</arg>
<arg>ET</arg>
<arg>FI</arg>
<arg>FJ</arg>
<arg>FK</arg>
<arg>FM</arg>
<arg>FO</arg>
<arg>FR</arg>
<arg>GA</arg>
<arg>GB</arg>
<arg>GD</arg>
<arg>GE</arg>
<arg>GF</arg>
<arg>GG</arg>
<arg>GH</arg>
<arg>GI</arg>
<arg>GL</arg>
<arg>GM</arg>
<arg>GN</arg>
<arg>GP</arg>
<arg>GQ</arg>
<arg>GR</arg>
<arg>GS</arg>
<arg>GT</arg>
<arg>GU</arg>
<arg>GW</arg>
<arg>GY</arg>
<arg>HK</arg>
<arg>HM</arg>
<arg>HN</arg>
<arg>HR</arg>
<arg>HT</arg>
<arg>HU</arg>
<arg>ID</arg>
<arg>IE</arg>
<arg>IL</arg>
<arg>IM</arg>
<arg>IN</arg>
<arg>IO</arg>
<arg>IQ</arg>
<arg>IR</arg>
<arg>IS</arg>
<arg>IT</arg>
<arg>JE</arg>
<arg>JM</arg>
<arg>JO</arg>
<arg>JP</arg>
<arg>KE</arg>
<arg>KG</arg>
<arg>KH</arg>
<arg>KI</arg>
<arg>KM</arg>
<arg>KN</arg>
<arg>KP</arg>
<arg>KR</arg>
<arg>KW</arg>
<arg>KY</arg>
<arg>KZ</arg>
<arg>LA</arg>
<arg>LB</arg>
<arg>LC</arg>
<arg>LI</arg>
<arg>LK</arg>
<arg>LR</arg>
<arg>LS</arg>
<arg>LT</arg>
<arg>LU</arg>
<arg>LV</arg>
<arg>LY</arg>
<arg>MA</arg>
<arg>MC</arg>
<arg>MD</arg>
<arg>ME</arg>
<arg>MF</arg>
<arg>MG</arg>
<arg>MH</arg>
<arg>MK</arg>
<arg>ML</arg>
<arg>MM</arg>
<arg>MN</arg>
<arg>MO</arg>
<arg>MP</arg>
<arg>MQ</arg>
<arg>MR</arg>
<arg>MS</arg>
<arg>MT</arg>
<arg>MU</arg>
<arg>MV</arg>
<arg>MW</arg>
<arg>MX</arg>
<arg>MY</arg>
<arg>MZ</arg>
<arg>NA</arg>
<arg>NC</arg>
<arg>NE</arg>
<arg>NF</arg>
<arg>NG</arg>
<arg>NI</arg>
<arg>NL</arg>
<arg>NO</arg>
<arg>NP</arg>
<arg>NR</arg>
<arg>NU</arg>
<arg>NZ</arg>
<arg>OM</arg>
<arg>PA</arg>
<arg>PE</arg>
<arg>PF</arg>
<arg>PG</arg>
<arg>PH</arg>
<arg>PK</arg>
<arg>PL</arg>
<arg>PM</arg>
<arg>PN</arg>
<arg>PR</arg>
<arg>PS</arg>
<arg>PT</arg>
<arg>PW</arg>
<arg>PY</arg>
<arg>QA</arg>
<arg>RE</arg>
<arg>RO</arg>
<arg>RS</arg>
<arg>RU</arg>
<arg>RW</arg>
<arg>SA</arg>
<arg>SB</arg>
<arg>SC</arg>
<arg>SD</arg>
<arg>SE</arg>
<arg>SG</arg>
<arg>SH</arg>
<arg>SI</arg>
<arg>SJ</arg>
<arg>SK</arg>
<arg>SL</arg>
<arg>SM</arg>
<arg>SN</arg>
<arg>SO</arg>
<arg>SR</arg>
<arg>SS</arg>
<arg>ST</arg>
<arg>SV</arg>
<arg>SX</arg>
<arg>SY</arg>
<arg>SZ</arg>
<arg>TC</arg>
<arg>TD</arg>
<arg>TF</arg>
<arg>TG</arg>
<arg>TH</arg>
<arg>TJ</arg>
<arg>TK</arg>
<arg>TL</arg>
<arg>TM</arg>
<arg>TN</arg>
<arg>TO</arg>
<arg>TR</arg>
<arg>TT</arg>
<arg>TV</arg>
<arg>TW</arg>
<arg>TZ</arg>
<arg>UA</arg>
<arg>UG</arg>
<arg>UM</arg>
<arg>US</arg>
<arg>UY</arg>
<arg>UZ</arg>
<arg>VA</arg>
<arg>VC</arg>
<arg>VE</arg>
<arg>VG</arg>
<arg>VI</arg>
<arg>VN</arg>
<arg>VU</arg>
<arg>WF</arg>
<arg>WS</arg>
<arg>XK</arg>
<arg>YE</arg>
<arg>YT</arg>
<arg>ZA</arg>
<arg>ZM</arg>
<arg>ZW</arg>
<doc>Returns a list containing given items.</doc>
<status status="PASS" start="2024-05-14T10:17:09.834595" elapsed="0.000668"/>
</kw>
<kw name="List Should Contain Value" owner="Collections">
<msg time="2024-05-14T10:17:09.836257" level="INFO">False</msg>
<arg>${list_country}</arg>
<arg>${name_country}</arg>
<doc>Fails if the ``value`` is not found from ``list``.</doc>
<status status="PASS" start="2024-05-14T10:17:09.836057" elapsed="0.000236"/>
</kw>
<kw name="Run Keyword If" owner="BuiltIn">
<kw name="Should Be True" owner="BuiltIn">
<arg>${True}</arg>
<doc>Fails if the given condition is not true.</doc>
<status status="PASS" start="2024-05-14T10:17:09.837363" elapsed="0.000261"/>
</kw>
<arg>${json_data["results"][0]["location"]["coordinates"]["latitude"]} &gt;= -90 and ${json_data["results"][0]["location"]["coordinates"]["latitude"]} &lt;= 90</arg>
<arg>Should Be True</arg>
<arg>${True}</arg>
<doc>Runs the given keyword with the given arguments, if ``condition`` is true.</doc>
<status status="PASS" start="2024-05-14T10:17:09.836600" elapsed="0.001154"/>
</kw>
<kw name="Run Keyword If" owner="BuiltIn">
<kw name="Should Be True" owner="BuiltIn">
<arg>${True}</arg>
<doc>Fails if the given condition is not true.</doc>
<status status="PASS" start="2024-05-14T10:17:09.838646" elapsed="0.000139"/>
</kw>
<arg>${json_data["results"][0]["location"]["coordinates"]["longitude"]} &gt;= -180 and ${json_data["results"][0]["location"]["coordinates"]["longitude"]} &lt;= 180</arg>
<arg>Should Be True</arg>
<arg>${True}</arg>
<doc>Runs the given keyword with the given arguments, if ``condition`` is true.</doc>
<status status="PASS" start="2024-05-14T10:17:09.837938" elapsed="0.000992"/>
</kw>
<status status="PASS" start="2024-05-14T10:17:08.297920" elapsed="1.541149"/>
</kw>
<doc>Testa o conteúdo específico dos campos retornados pela API.</doc>
<tag>testeConteudo</tag>
<status status="PASS" start="2024-05-14T10:17:08.297386" elapsed="1.541833"/>
</test>
<status status="PASS" start="2024-05-14T10:17:07.501116" elapsed="2.340057"/>
</suite>
<status status="PASS" start="2024-05-14T10:17:07.487635" elapsed="2.358633"/>
</suite>
<statistics>
<total>
<stat pass="5" fail="0" skip="0">All Tests</stat>
</total>
<tag>
<stat pass="1" fail="0" skip="0">testeConteudo</stat>
<stat pass="1" fail="0" skip="0">testeEstruturaResposta</stat>
<stat pass="1" fail="0" skip="0">testeRequisicaoBasica</stat>
<stat pass="1" fail="0" skip="0">testeTiposDados</stat>
</tag>
<suite>
<stat pass="5" fail="0" skip="0" id="s1" name="Tests">Tests</stat>
<stat pass="5" fail="0" skip="0" id="s1-s1" name="Random-User-Test">Tests.Random-User-Test</stat>
</suite>
</statistics>
<errors>
</errors>
</robot>
