<?xml version="1.0" encoding="UTF-8"?>
<robot generator="Robot 7.0.1 (Python 3.12.4 on linux)" generated="2024-06-23T02:32:33.375402" rpa="false" schemaversion="5">
<suite id="s1" name="Tests" source="/home/runner/work/ApiRandomUser/ApiRandomUser/RamdonUser/tests">
<suite id="s1-s1" name="Random-User-Test" source="/home/runner/work/ApiRandomUser/ApiRandomUser/RamdonUser/tests/random-user-test.robot">
<test id="s1-s1-t1" name="Conectar" line="13">
<kw name="Conectar API" owner="random-user-service">
<kw name="Create Session" owner="RequestsLibrary">
<msg time="2024-06-23T02:32:33.808693" level="INFO">Creating Session using : alias=consultarAPI, url=https://randomuser.me/, headers={},                     cookies={}, auth=None, timeout=None, proxies=None, verify=False,                     debug=0 </msg>
<arg>consultarAPI</arg>
<arg>${URL}</arg>
<doc>Create Session: create a HTTP session to a server</doc>
<status status="PASS" start="2024-06-23T02:32:33.808485" elapsed="0.000384"/>
</kw>
<status status="PASS" start="2024-06-23T02:32:33.807496" elapsed="0.001735"/>
</kw>
<status status="PASS" start="2024-06-23T02:32:33.806950" elapsed="0.002479"/>
</test>
<test id="s1-s1-t2" name="Validar retorno 200 e JSON Válido" line="16">
<kw name="Teste de Requisicao Basica" owner="random-user-service">
<kw name="GET On Session" owner="RequestsLibrary">
<msg time="2024-06-23T02:32:34.048895" level="INFO">GET Request : url=https://randomuser.me/api 
 path_url=/api 
 headers={'User-Agent': 'python-requests/2.32.3', 'Accept-Encoding': 'gzip, deflate', 'Accept': '*/*', 'Connection': 'keep-alive'} 
 body=None 
 </msg>
<msg time="2024-06-23T02:32:34.049049" level="INFO">GET Response : url=https://randomuser.me/api 
 status=200, reason=OK 
 headers={'Date': 'Sun, 23 Jun 2024 02:32:34 GMT', 'Content-Type': 'application/json; charset=utf-8', 'Transfer-Encoding': 'chunked', 'Connection': 'keep-alive', 'X-Powered-By': 'Express', 'Access-Control-Allow-Origin': '*', 'Cache-Control': 'no-cache', 'ETag': 'W/"47b-XrOo73f8GczIcIfJ8txFvf5WsVM"', 'Vary': 'Accept-Encoding', 'Content-Encoding': 'gzip', 'CF-Cache-Status': 'DYNAMIC', 'Report-To': '{"endpoints":[{"url":"https:\\/\\/a.nel.cloudflare.com\\/report\\/v4?s=XRv9OLLAcD1wm8uAWHM5AdtkHydxmNCkkRNxxZlePzCL2FNizqDBX7KU7DpXDq9FeP7xKARtSIYEwP8XVlN5BSkejyVzcpdHrrrEN9LqYFtzyzgXiTCCgIC4Tavz1iLJ"}],"group":"cf-nel","max_age":604800}', 'NEL': '{"success_fraction":0,"report_to":"cf-nel","max_age":604800}', 'Server': 'cloudflare', 'CF-RAY': '8981117c7c9e617c-ORD', 'alt-svc': 'h3=":443"; ma=86400'} 
 body={"results":[{"gender":"female","name":{"title":"Ms","first":"Shilpa","last":"Kumari"},"location":{"street":{"number":8846,"name":"Mall Rd"},"city":"Bokaro","state":"Uttar Pradesh","country":"India","postcode":40302,"coordinates":{"latitude":"9.8759","longitude":"59.9315"},"timezone":{"offset":"-11:00","description":"Midway Island, Samoa"}},"email":"shilpa.kumari@example.com","login":{"uuid":"b7c0e73f-5caa-4183-b485-f507f63d6edd","username":"greenwolf384","password":"kane","salt":"XNOeGl0s","md5":"d1a329ef8ebd4fdf542ecb3faa01ef0e","sha1":"3d35f752cb612cef285abe0353ce65b25423f8d6","sha256":"24019453a14fe9fa8d120fec03d4ef2ae47f80802105b6404ad74a464967859f"},"dob":{"date":"1946-08-19T05:52:28.201Z","age":77},"registered":{"date":"2011-11-24T16:36:11.977Z","age":12},"phone":"8284888137","cell":"7306888783","id":{"name":"UIDAI","value":"653390217825"},"picture":{"large":"https://randomuser.me/api/portraits/women/95.jpg","medium":"https://randomuser.me/api/portraits/med/women/95.jpg","thumbnail":"https://randomuser.me/api/portraits/thumb/women/95.jpg"},"nat":"IN"}],"info":{"seed":"a7722824e43bb8b1","results":1,"page":1,"version":"1.4"}} 
 </msg>
<msg time="2024-06-23T02:32:34.049138" level="INFO">/opt/hostedtoolcache/Python/3.12.4/x64/lib/python3.12/site-packages/urllib3/connectionpool.py:1099: InsecureRequestWarning: Unverified HTTPS request is being made to host 'randomuser.me'. Adding certificate verification is strongly advised. See: https://urllib3.readthedocs.io/en/latest/advanced-usage.html#tls-warnings
  warnings.warn(</msg>
<msg time="2024-06-23T02:32:34.049259" level="INFO">${response} = &lt;Response [200]&gt;</msg>
<var>${response}</var>
<arg>consultarAPI</arg>
<arg>/api</arg>
<doc>Sends a GET request on a previously created HTTP Session.</doc>
<status status="PASS" start="2024-06-23T02:32:33.812033" elapsed="0.237270"/>
</kw>
<kw name="Should Be Equal As Numbers" owner="BuiltIn">
<msg time="2024-06-23T02:32:34.050212" level="INFO">Argument types are:
&lt;class 'int'&gt;
&lt;class 'str'&gt;</msg>
<arg>${response.status_code}</arg>
<arg>200</arg>
<doc>Fails if objects are unequal after converting them to real numbers.</doc>
<status status="PASS" start="2024-06-23T02:32:34.049774" elapsed="0.000507"/>
</kw>
<kw name="Log" owner="BuiltIn">
<msg time="2024-06-23T02:32:34.050950" level="INFO">200</msg>
<arg>${response.status_code}</arg>
<doc>Logs the given message with the given level.</doc>
<status status="PASS" start="2024-06-23T02:32:34.050603" elapsed="0.000390"/>
</kw>
<kw name="Set Variable" owner="BuiltIn">
<msg time="2024-06-23T02:32:34.051725" level="INFO">${json_data} = {'results': [{'gender': 'female', 'name': {'title': 'Ms', 'first': 'Shilpa', 'last': 'Kumari'}, 'location': {'street': {'number': 8846, 'name': 'Mall Rd'}, 'city': 'Bokaro', 'state': 'Uttar Pradesh', ...</msg>
<var>${json_data}</var>
<arg>${response.json()}</arg>
<doc>Returns the given values which can then be assigned to a variables.</doc>
<status status="PASS" start="2024-06-23T02:32:34.051296" elapsed="0.000458"/>
</kw>
<kw name="Dictionary Should Contain Key" owner="Collections">
<arg>${json_data}</arg>
<arg>results</arg>
<doc>Fails if ``key`` is not found from ``dictionary``.</doc>
<status status="PASS" start="2024-06-23T02:32:34.052092" elapsed="0.000176"/>
</kw>
<status status="PASS" start="2024-06-23T02:32:33.811759" elapsed="0.240658"/>
</kw>
<doc>Testa se a API responde corretamente e retorna um objeto JSON válido.</doc>
<tag>testeRequisicaoBasica</tag>
<status status="PASS" start="2024-06-23T02:32:33.811301" elapsed="0.241286"/>
</test>
<test id="s1-s1-t3" name="Validar estrutura de resposta" line="22">
<kw name="Teste de Estrutura de Resposta" owner="random-user-service">
<kw name="GET On Session" owner="RequestsLibrary">
<msg time="2024-06-23T02:32:34.161271" level="INFO">GET Request : url=https://randomuser.me/api 
 path_url=/api 
 headers={'User-Agent': 'python-requests/2.32.3', 'Accept-Encoding': 'gzip, deflate', 'Accept': '*/*', 'Connection': 'keep-alive'} 
 body=None 
 </msg>
<msg time="2024-06-23T02:32:34.161373" level="INFO">GET Response : url=https://randomuser.me/api 
 status=200, reason=OK 
 headers={'Date': 'Sun, 23 Jun 2024 02:32:34 GMT', 'Content-Type': 'application/json; charset=utf-8', 'Transfer-Encoding': 'chunked', 'Connection': 'keep-alive', 'X-Powered-By': 'Express', 'Access-Control-Allow-Origin': '*', 'Cache-Control': 'no-cache', 'ETag': 'W/"46d-NyL+Qo0qhAY9svewy+pzzFv9OUk"', 'Vary': 'Accept-Encoding', 'Content-Encoding': 'gzip', 'CF-Cache-Status': 'DYNAMIC', 'Report-To': '{"endpoints":[{"url":"https:\\/\\/a.nel.cloudflare.com\\/report\\/v4?s=thAHZ22OE%2B2aA8rsz9G2m1TiN7LVhowyYYfyIWxmfvUxwyrs%2B28KivnX0vv7mGkejFKRY%2BZFpn1KZr2%2BuEMQU7RJBfam4o%2Fvi3GCFZSKZ%2FVKc1iXhkMd5s0RBwGvHe3e"}],"group":"cf-nel","max_age":604800}', 'NEL': '{"success_fraction":0,"report_to":"cf-nel","max_age":604800}', 'Server': 'cloudflare', 'CF-RAY': '8981117cdd17617c-ORD', 'alt-svc': 'h3=":443"; ma=86400'} 
 body={"results":[{"gender":"male","name":{"title":"Mr","first":"Leevi","last":"Ramo"},"location":{"street":{"number":1237,"name":"Tahmelantie"},"city":"Juva","state":"Kainuu","country":"Finland","postcode":98205,"coordinates":{"latitude":"-25.5894","longitude":"-40.8808"},"timezone":{"offset":"+4:30","description":"Kabul"}},"email":"leevi.ramo@example.com","login":{"uuid":"7ca1d32f-293b-4da8-8f06-dd37cfbab45e","username":"angrygorilla882","password":"washington","salt":"jKoSYOGb","md5":"930ac9f49d766b4f8622af13b48d1ecb","sha1":"1e7e541d529cb654b36337d5a804d2086cb7cd8d","sha256":"c45c6ef5d42c5e183ca4784c4f28a659079e373c0c4001822074b802cc1fe88d"},"dob":{"date":"1993-07-02T02:05:26.856Z","age":30},"registered":{"date":"2006-06-17T05:51:59.188Z","age":18},"phone":"08-976-723","cell":"049-298-03-84","id":{"name":"HETU","value":"NaNNA681undefined"},"picture":{"large":"https://randomuser.me/api/portraits/men/45.jpg","medium":"https://randomuser.me/api/portraits/med/men/45.jpg","thumbnail":"https://randomuser.me/api/portraits/thumb/men/45.jpg"},"nat":"FI"}],"info":{"seed":"1cc013464774fc3a","results":1,"page":1,"version":"1.4"}} 
 </msg>
<msg time="2024-06-23T02:32:34.161500" level="INFO">/opt/hostedtoolcache/Python/3.12.4/x64/lib/python3.12/site-packages/urllib3/connectionpool.py:1099: InsecureRequestWarning: Unverified HTTPS request is being made to host 'randomuser.me'. Adding certificate verification is strongly advised. See: https://urllib3.readthedocs.io/en/latest/advanced-usage.html#tls-warnings
  warnings.warn(</msg>
<msg time="2024-06-23T02:32:34.161618" level="INFO">${response} = &lt;Response [200]&gt;</msg>
<var>${response}</var>
<arg>consultarAPI</arg>
<arg>/api</arg>
<doc>Sends a GET request on a previously created HTTP Session.</doc>
<status status="PASS" start="2024-06-23T02:32:34.055483" elapsed="0.106171"/>
</kw>
<kw name="Set Variable" owner="BuiltIn">
<msg time="2024-06-23T02:32:34.162661" level="INFO">${json_data} = {'results': [{'gender': 'male', 'name': {'title': 'Mr', 'first': 'Leevi', 'last': 'Ramo'}, 'location': {'street': {'number': 1237, 'name': 'Tahmelantie'}, 'city': 'Juva', 'state': 'Kainuu', 'country':...</msg>
<var>${json_data}</var>
<arg>${response.json()}</arg>
<doc>Returns the given values which can then be assigned to a variables.</doc>
<status status="PASS" start="2024-06-23T02:32:34.162149" elapsed="0.000542"/>
</kw>
<kw name="Log" owner="BuiltIn">
<msg time="2024-06-23T02:32:34.163162" level="INFO">{'results': [{'gender': 'male', 'name': {'title': 'Mr', 'first': 'Leevi', 'last': 'Ramo'}, 'location': {'street': {'number': 1237, 'name': 'Tahmelantie'}, 'city': 'Juva', 'state': 'Kainuu', 'country': 'Finland', 'postcode': 98205, 'coordinates': {'latitude': '-25.5894', 'longitude': '-40.8808'}, 'timezone': {'offset': '+4:30', 'description': 'Kabul'}}, 'email': 'leevi.ramo@example.com', 'login': {'uuid': '7ca1d32f-293b-4da8-8f06-dd37cfbab45e', 'username': 'angrygorilla882', 'password': 'washington', 'salt': 'jKoSYOGb', 'md5': '930ac9f49d766b4f8622af13b48d1ecb', 'sha1': '1e7e541d529cb654b36337d5a804d2086cb7cd8d', 'sha256': 'c45c6ef5d42c5e183ca4784c4f28a659079e373c0c4001822074b802cc1fe88d'}, 'dob': {'date': '1993-07-02T02:05:26.856Z', 'age': 30}, 'registered': {'date': '2006-06-17T05:51:59.188Z', 'age': 18}, 'phone': '08-976-723', 'cell': '049-298-03-84', 'id': {'name': 'HETU', 'value': 'NaNNA681undefined'}, 'picture': {'large': 'https://randomuser.me/api/portraits/men/45.jpg', 'medium': 'https://randomuser.me/api/portraits/med/men/45.jpg', 'thumbnail': 'https://randomuser.me/api/portraits/thumb/men/45.jpg'}, 'nat': 'FI'}], 'info': {'seed': '1cc013464774fc3a', 'results': 1, 'page': 1, 'version': '1.4'}}</msg>
<arg>${json_data}</arg>
<doc>Logs the given message with the given level.</doc>
<status status="PASS" start="2024-06-23T02:32:34.163002" elapsed="0.000207"/>
</kw>
<kw name="Dictionary Should Contain Key" owner="Collections">
<arg>${json_data}</arg>
<arg>results</arg>
<doc>Fails if ``key`` is not found from ``dictionary``.</doc>
<status status="PASS" start="2024-06-23T02:32:34.163496" elapsed="0.000173"/>
</kw>
<kw name="Should Not Be Empty" owner="BuiltIn">
<msg time="2024-06-23T02:32:34.164070" level="INFO">Length is 2.</msg>
<arg>${json_data}</arg>
<doc>Verifies that the given item is not empty.</doc>
<status status="PASS" start="2024-06-23T02:32:34.163870" elapsed="0.000260"/>
</kw>
<kw name="Create List" owner="BuiltIn">
<msg time="2024-06-23T02:32:34.164851" level="INFO">${expected_keys} = ['gender', 'name', 'location', 'email', 'login']</msg>
<var>${expected_keys}</var>
<arg>gender</arg>
<arg>name</arg>
<arg>location</arg>
<arg>email</arg>
<arg>login</arg>
<doc>Returns a list containing given items.</doc>
<status status="PASS" start="2024-06-23T02:32:34.164484" elapsed="0.000394"/>
</kw>
<for flavor="IN">
<iter>
<kw name="Dictionary Should Contain Key" owner="Collections">
<arg>${json_data['results'][0]}</arg>
<arg>${key}</arg>
<doc>Fails if ``key`` is not found from ``dictionary``.</doc>
<status status="PASS" start="2024-06-23T02:32:34.165476" elapsed="0.000402"/>
</kw>
<kw name="Log" owner="BuiltIn">
<msg time="2024-06-23T02:32:34.166432" level="INFO">{'gender': 'male', 'name': {'title': 'Mr', 'first': 'Leevi', 'last': 'Ramo'}, 'location': {'street': {'number': 1237, 'name': 'Tahmelantie'}, 'city': 'Juva', 'state': 'Kainuu', 'country': 'Finland', 'postcode': 98205, 'coordinates': {'latitude': '-25.5894', 'longitude': '-40.8808'}, 'timezone': {'offset': '+4:30', 'description': 'Kabul'}}, 'email': 'leevi.ramo@example.com', 'login': {'uuid': '7ca1d32f-293b-4da8-8f06-dd37cfbab45e', 'username': 'angrygorilla882', 'password': 'washington', 'salt': 'jKoSYOGb', 'md5': '930ac9f49d766b4f8622af13b48d1ecb', 'sha1': '1e7e541d529cb654b36337d5a804d2086cb7cd8d', 'sha256': 'c45c6ef5d42c5e183ca4784c4f28a659079e373c0c4001822074b802cc1fe88d'}, 'dob': {'date': '1993-07-02T02:05:26.856Z', 'age': 30}, 'registered': {'date': '2006-06-17T05:51:59.188Z', 'age': 18}, 'phone': '08-976-723', 'cell': '049-298-03-84', 'id': {'name': 'HETU', 'value': 'NaNNA681undefined'}, 'picture': {'large': 'https://randomuser.me/api/portraits/men/45.jpg', 'medium': 'https://randomuser.me/api/portraits/med/men/45.jpg', 'thumbnail': 'https://randomuser.me/api/portraits/thumb/men/45.jpg'}, 'nat': 'FI'}</msg>
<arg>${json_data['results'][0]}</arg>
<doc>Logs the given message with the given level.</doc>
<status status="PASS" start="2024-06-23T02:32:34.166068" elapsed="0.000423"/>
</kw>
<kw name="Log" owner="BuiltIn">
<msg time="2024-06-23T02:32:34.166922" level="INFO">gender</msg>
<arg>${key}</arg>
<doc>Logs the given message with the given level.</doc>
<status status="PASS" start="2024-06-23T02:32:34.166794" elapsed="0.000167"/>
</kw>
<var name="${key}">gender</var>
<status status="PASS" start="2024-06-23T02:32:34.165351" elapsed="0.001827"/>
</iter>
<iter>
<kw name="Dictionary Should Contain Key" owner="Collections">
<arg>${json_data['results'][0]}</arg>
<arg>${key}</arg>
<doc>Fails if ``key`` is not found from ``dictionary``.</doc>
<status status="PASS" start="2024-06-23T02:32:34.167478" elapsed="0.000385"/>
</kw>
<kw name="Log" owner="BuiltIn">
<msg time="2024-06-23T02:32:34.168441" level="INFO">{'gender': 'male', 'name': {'title': 'Mr', 'first': 'Leevi', 'last': 'Ramo'}, 'location': {'street': {'number': 1237, 'name': 'Tahmelantie'}, 'city': 'Juva', 'state': 'Kainuu', 'country': 'Finland', 'postcode': 98205, 'coordinates': {'latitude': '-25.5894', 'longitude': '-40.8808'}, 'timezone': {'offset': '+4:30', 'description': 'Kabul'}}, 'email': 'leevi.ramo@example.com', 'login': {'uuid': '7ca1d32f-293b-4da8-8f06-dd37cfbab45e', 'username': 'angrygorilla882', 'password': 'washington', 'salt': 'jKoSYOGb', 'md5': '930ac9f49d766b4f8622af13b48d1ecb', 'sha1': '1e7e541d529cb654b36337d5a804d2086cb7cd8d', 'sha256': 'c45c6ef5d42c5e183ca4784c4f28a659079e373c0c4001822074b802cc1fe88d'}, 'dob': {'date': '1993-07-02T02:05:26.856Z', 'age': 30}, 'registered': {'date': '2006-06-17T05:51:59.188Z', 'age': 18}, 'phone': '08-976-723', 'cell': '049-298-03-84', 'id': {'name': 'HETU', 'value': 'NaNNA681undefined'}, 'picture': {'large': 'https://randomuser.me/api/portraits/men/45.jpg', 'medium': 'https://randomuser.me/api/portraits/med/men/45.jpg', 'thumbnail': 'https://randomuser.me/api/portraits/thumb/men/45.jpg'}, 'nat': 'FI'}</msg>
<arg>${json_data['results'][0]}</arg>
<doc>Logs the given message with the given level.</doc>
<status status="PASS" start="2024-06-23T02:32:34.168079" elapsed="0.000441"/>
</kw>
<kw name="Log" owner="BuiltIn">
<msg time="2024-06-23T02:32:34.168955" level="INFO">name</msg>
<arg>${key}</arg>
<doc>Logs the given message with the given level.</doc>
<status status="PASS" start="2024-06-23T02:32:34.168817" elapsed="0.000177"/>
</kw>
<var name="${key}">name</var>
<status status="PASS" start="2024-06-23T02:32:34.167360" elapsed="0.001850"/>
</iter>
<iter>
<kw name="Dictionary Should Contain Key" owner="Collections">
<arg>${json_data['results'][0]}</arg>
<arg>${key}</arg>
<doc>Fails if ``key`` is not found from ``dictionary``.</doc>
<status status="PASS" start="2024-06-23T02:32:34.169492" elapsed="0.000387"/>
</kw>
<kw name="Log" owner="BuiltIn">
<msg time="2024-06-23T02:32:34.170449" level="INFO">{'gender': 'male', 'name': {'title': 'Mr', 'first': 'Leevi', 'last': 'Ramo'}, 'location': {'street': {'number': 1237, 'name': 'Tahmelantie'}, 'city': 'Juva', 'state': 'Kainuu', 'country': 'Finland', 'postcode': 98205, 'coordinates': {'latitude': '-25.5894', 'longitude': '-40.8808'}, 'timezone': {'offset': '+4:30', 'description': 'Kabul'}}, 'email': 'leevi.ramo@example.com', 'login': {'uuid': '7ca1d32f-293b-4da8-8f06-dd37cfbab45e', 'username': 'angrygorilla882', 'password': 'washington', 'salt': 'jKoSYOGb', 'md5': '930ac9f49d766b4f8622af13b48d1ecb', 'sha1': '1e7e541d529cb654b36337d5a804d2086cb7cd8d', 'sha256': 'c45c6ef5d42c5e183ca4784c4f28a659079e373c0c4001822074b802cc1fe88d'}, 'dob': {'date': '1993-07-02T02:05:26.856Z', 'age': 30}, 'registered': {'date': '2006-06-17T05:51:59.188Z', 'age': 18}, 'phone': '08-976-723', 'cell': '049-298-03-84', 'id': {'name': 'HETU', 'value': 'NaNNA681undefined'}, 'picture': {'large': 'https://randomuser.me/api/portraits/men/45.jpg', 'medium': 'https://randomuser.me/api/portraits/med/men/45.jpg', 'thumbnail': 'https://randomuser.me/api/portraits/thumb/men/45.jpg'}, 'nat': 'FI'}</msg>
<arg>${json_data['results'][0]}</arg>
<doc>Logs the given message with the given level.</doc>
<status status="PASS" start="2024-06-23T02:32:34.170071" elapsed="0.000435"/>
</kw>
<kw name="Log" owner="BuiltIn">
<msg time="2024-06-23T02:32:34.170927" level="INFO">location</msg>
<arg>${key}</arg>
<doc>Logs the given message with the given level.</doc>
<status status="PASS" start="2024-06-23T02:32:34.170800" elapsed="0.000165"/>
</kw>
<var name="${key}">location</var>
<status status="PASS" start="2024-06-23T02:32:34.169382" elapsed="0.001799"/>
</iter>
<iter>
<kw name="Dictionary Should Contain Key" owner="Collections">
<arg>${json_data['results'][0]}</arg>
<arg>${key}</arg>
<doc>Fails if ``key`` is not found from ``dictionary``.</doc>
<status status="PASS" start="2024-06-23T02:32:34.171465" elapsed="0.000379"/>
</kw>
<kw name="Log" owner="BuiltIn">
<msg time="2024-06-23T02:32:34.172451" level="INFO">{'gender': 'male', 'name': {'title': 'Mr', 'first': 'Leevi', 'last': 'Ramo'}, 'location': {'street': {'number': 1237, 'name': 'Tahmelantie'}, 'city': 'Juva', 'state': 'Kainuu', 'country': 'Finland', 'postcode': 98205, 'coordinates': {'latitude': '-25.5894', 'longitude': '-40.8808'}, 'timezone': {'offset': '+4:30', 'description': 'Kabul'}}, 'email': 'leevi.ramo@example.com', 'login': {'uuid': '7ca1d32f-293b-4da8-8f06-dd37cfbab45e', 'username': 'angrygorilla882', 'password': 'washington', 'salt': 'jKoSYOGb', 'md5': '930ac9f49d766b4f8622af13b48d1ecb', 'sha1': '1e7e541d529cb654b36337d5a804d2086cb7cd8d', 'sha256': 'c45c6ef5d42c5e183ca4784c4f28a659079e373c0c4001822074b802cc1fe88d'}, 'dob': {'date': '1993-07-02T02:05:26.856Z', 'age': 30}, 'registered': {'date': '2006-06-17T05:51:59.188Z', 'age': 18}, 'phone': '08-976-723', 'cell': '049-298-03-84', 'id': {'name': 'HETU', 'value': 'NaNNA681undefined'}, 'picture': {'large': 'https://randomuser.me/api/portraits/men/45.jpg', 'medium': 'https://randomuser.me/api/portraits/med/men/45.jpg', 'thumbnail': 'https://randomuser.me/api/portraits/thumb/men/45.jpg'}, 'nat': 'FI'}</msg>
<arg>${json_data['results'][0]}</arg>
<doc>Logs the given message with the given level.</doc>
<status status="PASS" start="2024-06-23T02:32:34.172089" elapsed="0.000418"/>
</kw>
<kw name="Log" owner="BuiltIn">
<msg time="2024-06-23T02:32:34.172931" level="INFO">email</msg>
<arg>${key}</arg>
<doc>Logs the given message with the given level.</doc>
<status status="PASS" start="2024-06-23T02:32:34.172804" elapsed="0.000165"/>
</kw>
<var name="${key}">email</var>
<status status="PASS" start="2024-06-23T02:32:34.171357" elapsed="0.001838"/>
</iter>
<iter>
<kw name="Dictionary Should Contain Key" owner="Collections">
<arg>${json_data['results'][0]}</arg>
<arg>${key}</arg>
<doc>Fails if ``key`` is not found from ``dictionary``.</doc>
<status status="PASS" start="2024-06-23T02:32:34.173472" elapsed="0.000405"/>
</kw>
<kw name="Log" owner="BuiltIn">
<msg time="2024-06-23T02:32:34.174433" level="INFO">{'gender': 'male', 'name': {'title': 'Mr', 'first': 'Leevi', 'last': 'Ramo'}, 'location': {'street': {'number': 1237, 'name': 'Tahmelantie'}, 'city': 'Juva', 'state': 'Kainuu', 'country': 'Finland', 'postcode': 98205, 'coordinates': {'latitude': '-25.5894', 'longitude': '-40.8808'}, 'timezone': {'offset': '+4:30', 'description': 'Kabul'}}, 'email': 'leevi.ramo@example.com', 'login': {'uuid': '7ca1d32f-293b-4da8-8f06-dd37cfbab45e', 'username': 'angrygorilla882', 'password': 'washington', 'salt': 'jKoSYOGb', 'md5': '930ac9f49d766b4f8622af13b48d1ecb', 'sha1': '1e7e541d529cb654b36337d5a804d2086cb7cd8d', 'sha256': 'c45c6ef5d42c5e183ca4784c4f28a659079e373c0c4001822074b802cc1fe88d'}, 'dob': {'date': '1993-07-02T02:05:26.856Z', 'age': 30}, 'registered': {'date': '2006-06-17T05:51:59.188Z', 'age': 18}, 'phone': '08-976-723', 'cell': '049-298-03-84', 'id': {'name': 'HETU', 'value': 'NaNNA681undefined'}, 'picture': {'large': 'https://randomuser.me/api/portraits/men/45.jpg', 'medium': 'https://randomuser.me/api/portraits/med/men/45.jpg', 'thumbnail': 'https://randomuser.me/api/portraits/thumb/men/45.jpg'}, 'nat': 'FI'}</msg>
<arg>${json_data['results'][0]}</arg>
<doc>Logs the given message with the given level.</doc>
<status status="PASS" start="2024-06-23T02:32:34.174060" elapsed="0.000421"/>
</kw>
<kw name="Log" owner="BuiltIn">
<msg time="2024-06-23T02:32:34.174910" level="INFO">login</msg>
<arg>${key}</arg>
<doc>Logs the given message with the given level.</doc>
<status status="PASS" start="2024-06-23T02:32:34.174782" elapsed="0.000167"/>
</kw>
<var name="${key}">login</var>
<status status="PASS" start="2024-06-23T02:32:34.173364" elapsed="0.001813"/>
</iter>
<var>${key}</var>
<value>@{expected_keys}</value>
<status status="PASS" start="2024-06-23T02:32:34.165151" elapsed="0.010146"/>
</for>
<kw name="Create List" owner="BuiltIn">
<msg time="2024-06-23T02:32:34.175621" level="INFO">${expected_keysTwo} = ['username', 'password']</msg>
<var>${expected_keysTwo}</var>
<arg>username</arg>
<arg>password</arg>
<doc>Returns a list containing given items.</doc>
<status status="PASS" start="2024-06-23T02:32:34.175486" elapsed="0.000160"/>
</kw>
<for flavor="IN">
<iter>
<kw name="Dictionary Should Contain Key" owner="Collections">
<arg>${json_data['results'][0]['login']}</arg>
<arg>${keyTwo}</arg>
<doc>Fails if ``key`` is not found from ``dictionary``.</doc>
<status status="PASS" start="2024-06-23T02:32:34.176232" elapsed="0.000436"/>
</kw>
<kw name="Dictionary Should Contain Key" owner="Collections">
<arg>${json_data['results'][0]['login']}</arg>
<arg>${keyTwo}</arg>
<doc>Fails if ``key`` is not found from ``dictionary``.</doc>
<status status="PASS" start="2024-06-23T02:32:34.176859" elapsed="0.000374"/>
</kw>
<kw name="Log" owner="BuiltIn">
<msg time="2024-06-23T02:32:34.177535" level="INFO">username</msg>
<arg>${keyTwo}</arg>
<doc>Logs the given message with the given level.</doc>
<status status="PASS" start="2024-06-23T02:32:34.177414" elapsed="0.000158"/>
</kw>
<var name="${keyTwo}">username</var>
<status status="PASS" start="2024-06-23T02:32:34.176099" elapsed="0.001700"/>
</iter>
<iter>
<kw name="Dictionary Should Contain Key" owner="Collections">
<arg>${json_data['results'][0]['login']}</arg>
<arg>${keyTwo}</arg>
<doc>Fails if ``key`` is not found from ``dictionary``.</doc>
<status status="PASS" start="2024-06-23T02:32:34.178076" elapsed="0.000386"/>
</kw>
<kw name="Dictionary Should Contain Key" owner="Collections">
<arg>${json_data['results'][0]['login']}</arg>
<arg>${keyTwo}</arg>
<doc>Fails if ``key`` is not found from ``dictionary``.</doc>
<status status="PASS" start="2024-06-23T02:32:34.178641" elapsed="0.000386"/>
</kw>
<kw name="Log" owner="BuiltIn">
<msg time="2024-06-23T02:32:34.179327" level="INFO">password</msg>
<arg>${keyTwo}</arg>
<doc>Logs the given message with the given level.</doc>
<status status="PASS" start="2024-06-23T02:32:34.179207" elapsed="0.000158"/>
</kw>
<var name="${keyTwo}">password</var>
<status status="PASS" start="2024-06-23T02:32:34.177970" elapsed="0.001707"/>
</iter>
<var>${keyTwo}</var>
<value>@{expected_keysTwo}</value>
<status status="PASS" start="2024-06-23T02:32:34.175930" elapsed="0.003868"/>
</for>
<status status="PASS" start="2024-06-23T02:32:34.055144" elapsed="0.124823"/>
</kw>
<doc>Testa a estrutura da resposta da API.</doc>
<tag>testeEstruturaResposta</tag>
<status status="PASS" start="2024-06-23T02:32:34.054389" elapsed="0.125739"/>
</test>
<test id="s1-s1-t4" name="Validar tipos de dados" line="28">
<kw name="Teste de Tipos de Dados" owner="random-user-service">
<kw name="GET On Session" owner="RequestsLibrary">
<msg time="2024-06-23T02:32:34.244628" level="INFO">GET Request : url=https://randomuser.me/api 
 path_url=/api 
 headers={'User-Agent': 'python-requests/2.32.3', 'Accept-Encoding': 'gzip, deflate', 'Accept': '*/*', 'Connection': 'keep-alive'} 
 body=None 
 </msg>
<msg time="2024-06-23T02:32:34.244704" level="INFO">GET Response : url=https://randomuser.me/api 
 status=200, reason=OK 
 headers={'Date': 'Sun, 23 Jun 2024 02:32:34 GMT', 'Content-Type': 'application/json; charset=utf-8', 'Transfer-Encoding': 'chunked', 'Connection': 'keep-alive', 'X-Powered-By': 'Express', 'Access-Control-Allow-Origin': '*', 'Cache-Control': 'no-cache', 'ETag': 'W/"498-0ad23cgQtTEtFBliNUZcJ9qP//E"', 'Vary': 'Accept-Encoding', 'Content-Encoding': 'gzip', 'CF-Cache-Status': 'DYNAMIC', 'Report-To': '{"endpoints":[{"url":"https:\\/\\/a.nel.cloudflare.com\\/report\\/v4?s=Ufn7VsIaM7h9StQOgfkmyqyenoQ9a%2Fpl5B7jGcAcGquKhTy4HnGvm2NhsKSbdYS26ty8P60YPlz1pRYBjBO96KFvMj9N8GmNJ6u0g4Om2a%2BrJXt0jZJgxD8aem4rbr5C"}],"group":"cf-nel","max_age":604800}', 'NEL': '{"success_fraction":0,"report_to":"cf-nel","max_age":604800}', 'Server': 'cloudflare', 'CF-RAY': '8981117dae12617c-ORD', 'alt-svc': 'h3=":443"; ma=86400'} 
 body={"results":[{"gender":"female","name":{"title":"Miss","first":"Nita","last":"Tiebosch"},"location":{"street":{"number":3871,"name":"Kastelenstraat"},"city":"'t Waar","state":"Zuid-Holland","country":"Netherlands","postcode":"9055 DN","coordinates":{"latitude":"36.4180","longitude":"92.2190"},"timezone":{"offset":"-8:00","description":"Pacific Time (US &amp; Canada)"}},"email":"nita.tiebosch@example.com","login":{"uuid":"bb326e0f-94a4-44b4-8ab4-6b9c52798836","username":"crazykoala773","password":"qwerty12","salt":"sOsqRpFP","md5":"5c08b944b742330f26dd15f0677766ba","sha1":"455963d2539cf40664de7c1dbdc112b991a69f32","sha256":"9b2d86e109e9a0a9e556d492740894a1dc2f79e6e2c257a23868c630860a3e7c"},"dob":{"date":"1979-05-24T08:04:16.743Z","age":45},"registered":{"date":"2018-03-23T15:34:48.917Z","age":6},"phone":"(014) 6552345","cell":"(06) 46629485","id":{"name":"BSN","value":"18792238"},"picture":{"large":"https://randomuser.me/api/portraits/women/31.jpg","medium":"https://randomuser.me/api/portraits/med/women/31.jpg","thumbnail":"https://randomuser.me/api/portraits/thumb/women/31.jpg"},"nat":"NL"}],"info":{"seed":"9241fd8d0c944540","results":1,"page":1,"version":"1.4"}} 
 </msg>
<msg time="2024-06-23T02:32:34.244776" level="INFO">/opt/hostedtoolcache/Python/3.12.4/x64/lib/python3.12/site-packages/urllib3/connectionpool.py:1099: InsecureRequestWarning: Unverified HTTPS request is being made to host 'randomuser.me'. Adding certificate verification is strongly advised. See: https://urllib3.readthedocs.io/en/latest/advanced-usage.html#tls-warnings
  warnings.warn(</msg>
<msg time="2024-06-23T02:32:34.244887" level="INFO">${response} = &lt;Response [200]&gt;</msg>
<var>${response}</var>
<arg>consultarAPI</arg>
<arg>/api</arg>
<doc>Sends a GET request on a previously created HTTP Session.</doc>
<status status="PASS" start="2024-06-23T02:32:34.182655" elapsed="0.062284"/>
</kw>
<kw name="Set Variable" owner="BuiltIn">
<msg time="2024-06-23T02:32:34.246061" level="INFO">${json_data} = {'results': [{'gender': 'female', 'name': {'title': 'Miss', 'first': 'Nita', 'last': 'Tiebosch'}, 'location': {'street': {'number': 3871, 'name': 'Kastelenstraat'}, 'city': "'t Waar", 'state': 'Zuid-H...</msg>
<var>${json_data}</var>
<arg>${response.json()}</arg>
<doc>Returns the given values which can then be assigned to a variables.</doc>
<status status="PASS" start="2024-06-23T02:32:34.245492" elapsed="0.000597"/>
</kw>
<kw name="Log" owner="BuiltIn">
<msg time="2024-06-23T02:32:34.246547" level="INFO">{'results': [{'gender': 'female', 'name': {'title': 'Miss', 'first': 'Nita', 'last': 'Tiebosch'}, 'location': {'street': {'number': 3871, 'name': 'Kastelenstraat'}, 'city': "'t Waar", 'state': 'Zuid-Holland', 'country': 'Netherlands', 'postcode': '9055 DN', 'coordinates': {'latitude': '36.4180', 'longitude': '92.2190'}, 'timezone': {'offset': '-8:00', 'description': 'Pacific Time (US &amp; Canada)'}}, 'email': 'nita.tiebosch@example.com', 'login': {'uuid': 'bb326e0f-94a4-44b4-8ab4-6b9c52798836', 'username': 'crazykoala773', 'password': 'qwerty12', 'salt': 'sOsqRpFP', 'md5': '5c08b944b742330f26dd15f0677766ba', 'sha1': '455963d2539cf40664de7c1dbdc112b991a69f32', 'sha256': '9b2d86e109e9a0a9e556d492740894a1dc2f79e6e2c257a23868c630860a3e7c'}, 'dob': {'date': '1979-05-24T08:04:16.743Z', 'age': 45}, 'registered': {'date': '2018-03-23T15:34:48.917Z', 'age': 6}, 'phone': '(014) 6552345', 'cell': '(06) 46629485', 'id': {'name': 'BSN', 'value': '18792238'}, 'picture': {'large': 'https://randomuser.me/api/portraits/women/31.jpg', 'medium': 'https://randomuser.me/api/portraits/med/women/31.jpg', 'thumbnail': 'https://randomuser.me/api/portraits/thumb/women/31.jpg'}, 'nat': 'NL'}], 'info': {'seed': '9241fd8d0c944540', 'results': 1, 'page': 1, 'version': '1.4'}}</msg>
<arg>${json_data}</arg>
<doc>Logs the given message with the given level.</doc>
<status status="PASS" start="2024-06-23T02:32:34.246391" elapsed="0.000205"/>
</kw>
<kw name="Should Be String" owner="String">
<arg>${json_data['results'][0]['gender']}</arg>
<doc>Fails if the given ``item`` is not a string.</doc>
<status status="PASS" start="2024-06-23T02:32:34.246884" elapsed="0.000364"/>
</kw>
<kw name="Should Match Regexp" owner="BuiltIn">
<arg>${json_data['results'][0]['email']}</arg>
<arg>^[a-zA-Z0-9._%+-]+@[a-zA-Z0-9.-]+\.[a-zA-Z]{2,}$</arg>
<doc>Fails if ``string`` does not match ``pattern`` as a regular expression.</doc>
<status status="PASS" start="2024-06-23T02:32:34.247438" elapsed="0.000548"/>
</kw>
<kw name="Should Match Regexp" owner="BuiltIn">
<arg>${json_data['results'][0]['dob']['date']}</arg>
<arg>\\d{4}-\\d{2}-\\d{2}T\\d{2}:\\d{2}:\\d{2}\\.\\d{3}Z</arg>
<doc>Fails if ``string`` does not match ``pattern`` as a regular expression.</doc>
<status status="PASS" start="2024-06-23T02:32:34.248239" elapsed="0.000490"/>
</kw>
<kw name="Should Match Regexp" owner="BuiltIn">
<arg>${json_data['results'][0]['registered']['date']}</arg>
<arg>\\d{4}-\\d{2}-\\d{2}T\\d{2}:\\d{2}:\\d{2}\\.\\d{3}Z</arg>
<doc>Fails if ``string`` does not match ``pattern`` as a regular expression.</doc>
<status status="PASS" start="2024-06-23T02:32:34.248921" elapsed="0.000375"/>
</kw>
<kw name="Should Match Regexp" owner="BuiltIn">
<arg>${json_data['results'][0]['picture']['large']}</arg>
<arg>^https?://.*\.(?:png|jpe?g|gif|bmp)$</arg>
<doc>Fails if ``string`` does not match ``pattern`` as a regular expression.</doc>
<status status="PASS" start="2024-06-23T02:32:34.249480" elapsed="0.000467"/>
</kw>
<kw name="Should Match Regexp" owner="BuiltIn">
<arg>${json_data['results'][0]['picture']['medium']}</arg>
<arg>^https?://.*\.(?:png|jpe?g|gif|bmp)$</arg>
<doc>Fails if ``string`` does not match ``pattern`` as a regular expression.</doc>
<status status="PASS" start="2024-06-23T02:32:34.250137" elapsed="0.000360"/>
</kw>
<kw name="Should Match Regexp" owner="BuiltIn">
<arg>${json_data['results'][0]['picture']['thumbnail']}</arg>
<arg>^https?://.*\.(?:png|jpe?g|gif|bmp)$</arg>
<doc>Fails if ``string`` does not match ``pattern`` as a regular expression.</doc>
<status status="PASS" start="2024-06-23T02:32:34.250687" elapsed="0.000372"/>
</kw>
<kw name="Log" owner="BuiltIn">
<msg time="2024-06-23T02:32:34.251561" level="INFO">{'large': 'https://randomuser.me/api/portraits/women/31.jpg', 'medium': 'https://randomuser.me/api/portraits/med/women/31.jpg', 'thumbnail': 'https://randomuser.me/api/portraits/thumb/women/31.jpg'}</msg>
<arg>${json_data['results'][0]['picture']}</arg>
<doc>Logs the given message with the given level.</doc>
<status status="PASS" start="2024-06-23T02:32:34.251237" elapsed="0.000369"/>
</kw>
<status status="PASS" start="2024-06-23T02:32:34.182428" elapsed="0.069435"/>
</kw>
<kw name="Teste de Tipos de Dados - Postcode" owner="random-user-service">
<kw name="GET On Session" owner="RequestsLibrary">
<msg time="2024-06-23T02:32:34.346865" level="INFO">GET Request : url=https://randomuser.me/api 
 path_url=/api 
 headers={'User-Agent': 'python-requests/2.32.3', 'Accept-Encoding': 'gzip, deflate', 'Accept': '*/*', 'Connection': 'keep-alive'} 
 body=None 
 </msg>
<msg time="2024-06-23T02:32:34.346953" level="INFO">GET Response : url=https://randomuser.me/api 
 status=200, reason=OK 
 headers={'Date': 'Sun, 23 Jun 2024 02:32:34 GMT', 'Content-Type': 'application/json; charset=utf-8', 'Transfer-Encoding': 'chunked', 'Connection': 'keep-alive', 'X-Powered-By': 'Express', 'Access-Control-Allow-Origin': '*', 'Cache-Control': 'no-cache', 'ETag': 'W/"498-uZgB40w/5RJxyut8t6MQ6nE2Ma0"', 'Vary': 'Accept-Encoding', 'Content-Encoding': 'gzip', 'CF-Cache-Status': 'DYNAMIC', 'Report-To': '{"endpoints":[{"url":"https:\\/\\/a.nel.cloudflare.com\\/report\\/v4?s=jmVK1x8bUkrVvGU5widLflBBB3zd%2Bpem0UsbsmhnCaT1%2FslWoDldkcBzPuI3aje4JOn%2BJA6Ms0bnXmOJ4CUyuyj%2BZekRQEjXPUh69b2wxlx8%2F4sTV3ImdirR8TTpXzpp"}],"group":"cf-nel","max_age":604800}', 'NEL': '{"success_fraction":0,"report_to":"cf-nel","max_age":604800}', 'Server': 'cloudflare', 'CF-RAY': '8981117e1eda617c-ORD', 'alt-svc': 'h3=":443"; ma=86400'} 
 body={"results":[{"gender":"female","name":{"title":"Mrs","first":"بیتا","last":"حیدری"},"location":{"street":{"number":5573,"name":"میدان قیام"},"city":"ایلام","state":"آذربایجان غربی","country":"Iran","postcode":30480,"coordinates":{"latitude":"16.7642","longitude":"8.7507"},"timezone":{"offset":"-8:00","description":"Pacific Time (US &amp; Canada)"}},"email":"byt.hydry@example.com","login":{"uuid":"42a28c20-3ca8-4270-bbec-01b5574237d2","username":"smallbird194","password":"ultima","salt":"WQFjDa7U","md5":"bd3eae266b39a52890d3d9dd153812c4","sha1":"5d60a7cd646ab57e677cf0969a22730cb7404350","sha256":"1d0f8479697b2b8c7fa67d426fd9a405dcd6b07e405dbc7791629f73b89b77a4"},"dob":{"date":"1985-02-02T17:48:13.473Z","age":39},"registered":{"date":"2009-02-13T17:18:40.912Z","age":15},"phone":"042-11481818","cell":"0971-369-2538","id":{"name":"","value":null},"picture":{"large":"https://randomuser.me/api/portraits/women/34.jpg","medium":"https://randomuser.me/api/portraits/med/women/34.jpg","thumbnail":"https://randomuser.me/api/portraits/thumb/women/34.jpg"},"nat":"IR"}],"info":{"seed":"ccf0a88cc0ba4fef","results":1,"page":1,"version":"1.4"}} 
 </msg>
<msg time="2024-06-23T02:32:34.347036" level="INFO">/opt/hostedtoolcache/Python/3.12.4/x64/lib/python3.12/site-packages/urllib3/connectionpool.py:1099: InsecureRequestWarning: Unverified HTTPS request is being made to host 'randomuser.me'. Adding certificate verification is strongly advised. See: https://urllib3.readthedocs.io/en/latest/advanced-usage.html#tls-warnings
  warnings.warn(</msg>
<msg time="2024-06-23T02:32:34.347157" level="INFO">${response} = &lt;Response [200]&gt;</msg>
<var>${response}</var>
<arg>consultarAPI</arg>
<arg>/api</arg>
<doc>Sends a GET request on a previously created HTTP Session.</doc>
<status status="PASS" start="2024-06-23T02:32:34.252318" elapsed="0.094889"/>
</kw>
<kw name="Set Variable" owner="BuiltIn">
<msg time="2024-06-23T02:32:34.348410" level="INFO">${json_data} = {'results': [{'gender': 'female', 'name': {'title': 'Mrs', 'first': 'بیتا', 'last': 'حیدری'}, 'location': {'street': {'number': 5573, 'name': 'میدان قیام'}, 'city': 'ایلام', 'state': 'آذربایجان غربی',...</msg>
<var>${json_data}</var>
<arg>${response.json()}</arg>
<doc>Returns the given values which can then be assigned to a variables.</doc>
<status status="PASS" start="2024-06-23T02:32:34.347808" elapsed="0.000633"/>
</kw>
<kw name="Log" owner="BuiltIn">
<msg time="2024-06-23T02:32:34.348905" level="INFO">{'results': [{'gender': 'female', 'name': {'title': 'Mrs', 'first': 'بیتا', 'last': 'حیدری'}, 'location': {'street': {'number': 5573, 'name': 'میدان قیام'}, 'city': 'ایلام', 'state': 'آذربایجان غربی', 'country': 'Iran', 'postcode': 30480, 'coordinates': {'latitude': '16.7642', 'longitude': '8.7507'}, 'timezone': {'offset': '-8:00', 'description': 'Pacific Time (US &amp; Canada)'}}, 'email': 'byt.hydry@example.com', 'login': {'uuid': '42a28c20-3ca8-4270-bbec-01b5574237d2', 'username': 'smallbird194', 'password': 'ultima', 'salt': 'WQFjDa7U', 'md5': 'bd3eae266b39a52890d3d9dd153812c4', 'sha1': '5d60a7cd646ab57e677cf0969a22730cb7404350', 'sha256': '1d0f8479697b2b8c7fa67d426fd9a405dcd6b07e405dbc7791629f73b89b77a4'}, 'dob': {'date': '1985-02-02T17:48:13.473Z', 'age': 39}, 'registered': {'date': '2009-02-13T17:18:40.912Z', 'age': 15}, 'phone': '042-11481818', 'cell': '0971-369-2538', 'id': {'name': '', 'value': None}, 'picture': {'large': 'https://randomuser.me/api/portraits/women/34.jpg', 'medium': 'https://randomuser.me/api/portraits/med/women/34.jpg', 'thumbnail': 'https://randomuser.me/api/portraits/thumb/women/34.jpg'}, 'nat': 'IR'}], 'info': {'seed': 'ccf0a88cc0ba4fef', 'results': 1, 'page': 1, 'version': '1.4'}}</msg>
<arg>${json_data}</arg>
<doc>Logs the given message with the given level.</doc>
<status status="PASS" start="2024-06-23T02:32:34.348744" elapsed="0.000212"/>
</kw>
<kw name="Should Be Equal As Numbers" owner="BuiltIn">
<arg>${json_data['results'][0]['location']['postcode']}</arg>
<arg>${json_data['results'][0]['location']['postcode']}</arg>
<doc>Fails if objects are unequal after converting them to real numbers.</doc>
<status status="PASS" start="2024-06-23T02:32:34.349271" elapsed="0.000617"/>
</kw>
<kw name="Log" owner="BuiltIn">
<msg time="2024-06-23T02:32:34.350539" level="INFO">30480</msg>
<arg>${json_data['results'][0]['location']['postcode']}</arg>
<doc>Logs the given message with the given level.</doc>
<status status="PASS" start="2024-06-23T02:32:34.350072" elapsed="0.000508"/>
</kw>
<status status="PASS" start="2024-06-23T02:32:34.252104" elapsed="0.098753"/>
</kw>
<doc>Testa se os tipos de dados na resposta da API estão corretos.</doc>
<tag>testeTiposDados</tag>
<status status="PASS" start="2024-06-23T02:32:34.181898" elapsed="0.169119"/>
</test>
<test id="s1-s1-t5" name="Validar conteudo" line="35">
<kw name="Teste de Tipos de Conteudo" owner="random-user-service">
<kw name="GET On Session" owner="RequestsLibrary">
<msg time="2024-06-23T02:32:34.441445" level="INFO">GET Request : url=https://randomuser.me/api 
 path_url=/api 
 headers={'User-Agent': 'python-requests/2.32.3', 'Accept-Encoding': 'gzip, deflate', 'Accept': '*/*', 'Connection': 'keep-alive'} 
 body=None 
 </msg>
<msg time="2024-06-23T02:32:34.441537" level="INFO">GET Response : url=https://randomuser.me/api 
 status=200, reason=OK 
 headers={'Date': 'Sun, 23 Jun 2024 02:32:34 GMT', 'Content-Type': 'application/json; charset=utf-8', 'Transfer-Encoding': 'chunked', 'Connection': 'keep-alive', 'X-Powered-By': 'Express', 'Access-Control-Allow-Origin': '*', 'Cache-Control': 'no-cache', 'ETag': 'W/"491-CLiQnE8rjjJz93vWxoV6KdYL8jw"', 'Vary': 'Accept-Encoding', 'Content-Encoding': 'gzip', 'CF-Cache-Status': 'DYNAMIC', 'Report-To': '{"endpoints":[{"url":"https:\\/\\/a.nel.cloudflare.com\\/report\\/v4?s=InzLUhNbj5mQuBWLAU0%2FeXhw5rYSmoHJEOqCyZ9chK5br9biZ%2FPEEadfc3yJr7idmUx0RPYBwbGlCgWw6qFe4rzvQowLLaV1zZAavVqdoppuaNvCNyxZUS8UhZKwviXX"}],"group":"cf-nel","max_age":604800}', 'NEL': '{"success_fraction":0,"report_to":"cf-nel","max_age":604800}', 'Server': 'cloudflare', 'CF-RAY': '8981117eb816617c-ORD', 'alt-svc': 'h3=":443"; ma=86400'} 
 body={"results":[{"gender":"female","name":{"title":"Ms","first":"Nuria","last":"Vega"},"location":{"street":{"number":1352,"name":"Calle de Segovia"},"city":"Alicante","state":"Aragón","country":"Spain","postcode":16679,"coordinates":{"latitude":"-33.0313","longitude":"161.9349"},"timezone":{"offset":"+9:00","description":"Tokyo, Seoul, Osaka, Sapporo, Yakutsk"}},"email":"nuria.vega@example.com","login":{"uuid":"bfce2911-1061-4d53-b737-4b6e2ac52872","username":"heavyelephant740","password":"charter","salt":"cAg2vp8E","md5":"4b07346022c67baf6fb86f3dbd59d9cc","sha1":"2754a3af76e26d89b74a0e7e5fbbe5b707ce6db3","sha256":"17acca8795566e60353be97422dfb07f677a17edf00a0f567c478000ee8b2d76"},"dob":{"date":"1968-07-07T15:11:41.564Z","age":55},"registered":{"date":"2019-12-05T08:17:50.317Z","age":4},"phone":"967-315-419","cell":"645-751-686","id":{"name":"DNI","value":"80574600-P"},"picture":{"large":"https://randomuser.me/api/portraits/women/13.jpg","medium":"https://randomuser.me/api/portraits/med/women/13.jpg","thumbnail":"https://randomuser.me/api/portraits/thumb/women/13.jpg"},"nat":"ES"}],"info":{"seed":"e0e10795427a7f1c","results":1,"page":1,"version":"1.4"}} 
 </msg>
<msg time="2024-06-23T02:32:34.441616" level="INFO">/opt/hostedtoolcache/Python/3.12.4/x64/lib/python3.12/site-packages/urllib3/connectionpool.py:1099: InsecureRequestWarning: Unverified HTTPS request is being made to host 'randomuser.me'. Adding certificate verification is strongly advised. See: https://urllib3.readthedocs.io/en/latest/advanced-usage.html#tls-warnings
  warnings.warn(</msg>
<msg time="2024-06-23T02:32:34.441743" level="INFO">${response} = &lt;Response [200]&gt;</msg>
<var>${response}</var>
<arg>consultarAPI</arg>
<arg>/api</arg>
<doc>Sends a GET request on a previously created HTTP Session.</doc>
<status status="PASS" start="2024-06-23T02:32:34.353530" elapsed="0.088264"/>
</kw>
<kw name="Set Variable" owner="BuiltIn">
<msg time="2024-06-23T02:32:34.442921" level="INFO">${json_data} = {'results': [{'gender': 'female', 'name': {'title': 'Ms', 'first': 'Nuria', 'last': 'Vega'}, 'location': {'street': {'number': 1352, 'name': 'Calle de Segovia'}, 'city': 'Alicante', 'state': 'Aragón',...</msg>
<var>${json_data}</var>
<arg>${response.json()}</arg>
<doc>Returns the given values which can then be assigned to a variables.</doc>
<status status="PASS" start="2024-06-23T02:32:34.442345" elapsed="0.000606"/>
</kw>
<kw name="Set Variable" owner="BuiltIn">
<msg time="2024-06-23T02:32:34.443643" level="INFO">${name_title} = Ms</msg>
<var>${name_title}</var>
<arg>${json_data["results"][0]["name"]["title"]}</arg>
<doc>Returns the given values which can then be assigned to a variables.</doc>
<status status="PASS" start="2024-06-23T02:32:34.443255" elapsed="0.000414"/>
</kw>
<kw name="Create List" owner="BuiltIn">
<msg time="2024-06-23T02:32:34.444166" level="INFO">${allowed_titles} = ['Mr', 'Ms', 'Miss', 'Mrs', 'Madame', 'Monsieur']</msg>
<var>${allowed_titles}</var>
<arg>Mr</arg>
<arg>Ms</arg>
<arg>Miss</arg>
<arg>Mrs</arg>
<arg>Madame</arg>
<arg>Monsieur</arg>
<doc>Returns a list containing given items.</doc>
<status status="PASS" start="2024-06-23T02:32:34.444002" elapsed="0.000189"/>
</kw>
<kw name="List Should Contain Value" owner="Collections">
<arg>${allowed_titles}</arg>
<arg>${name_title}</arg>
<doc>Fails if the ``value`` is not found from ``list``.</doc>
<status status="PASS" start="2024-06-23T02:32:34.444499" elapsed="0.000178"/>
</kw>
<kw name="Set Variable" owner="BuiltIn">
<msg time="2024-06-23T02:32:34.445221" level="INFO">${name_country} = ES</msg>
<var>${name_country}</var>
<arg>${json_data["results"][0]["nat"]}</arg>
<doc>Returns the given values which can then be assigned to a variables.</doc>
<status status="PASS" start="2024-06-23T02:32:34.444854" elapsed="0.000393"/>
</kw>
<kw name="Create List" owner="BuiltIn">
<msg time="2024-06-23T02:32:34.446180" level="INFO">${list_country} = ['AD', 'AE', 'AF', 'AG', 'AI', 'AL', 'AM', 'AO', 'AQ', 'AR', 'AS', 'AT', 'AU', 'AW', 'AX', 'AZ', 'BA', 'BB', 'BD', 'BE', 'BF', 'BG', 'BH', 'BI', 'BJ', 'BL', 'BM', 'BN', 'BO', 'BQ', 'BR', 'BS', 'BT', '...</msg>
<var>${list_country}</var>
<arg>AD</arg>
<arg>AE</arg>
<arg>AF</arg>
<arg>AG</arg>
<arg>AI</arg>
<arg>AL</arg>
<arg>AM</arg>
<arg>AO</arg>
<arg>AQ</arg>
<arg>AR</arg>
<arg>AS</arg>
<arg>AT</arg>
<arg>AU</arg>
<arg>AW</arg>
<arg>AX</arg>
<arg>AZ</arg>
<arg>BA</arg>
<arg>BB</arg>
<arg>BD</arg>
<arg>BE</arg>
<arg>BF</arg>
<arg>BG</arg>
<arg>BH</arg>
<arg>BI</arg>
<arg>BJ</arg>
<arg>BL</arg>
<arg>BM</arg>
<arg>BN</arg>
<arg>BO</arg>
<arg>BQ</arg>
<arg>BR</arg>
<arg>BS</arg>
<arg>BT</arg>
<arg>BV</arg>
<arg>BW</arg>
<arg>BY</arg>
<arg>BZ</arg>
<arg>CA</arg>
<arg>CC</arg>
<arg>CD</arg>
<arg>CF</arg>
<arg>CG</arg>
<arg>CH</arg>
<arg>CI</arg>
<arg>CK</arg>
<arg>CL</arg>
<arg>CM</arg>
<arg>CN</arg>
<arg>CO</arg>
<arg>CR</arg>
<arg>CU</arg>
<arg>CV</arg>
<arg>CW</arg>
<arg>CX</arg>
<arg>CY</arg>
<arg>CZ</arg>
<arg>DE</arg>
<arg>DJ</arg>
<arg>DK</arg>
<arg>DM</arg>
<arg>DO</arg>
<arg>DZ</arg>
<arg>EC</arg>
<arg>EE</arg>
<arg>EG</arg>
<arg>EH</arg>
<arg>ER</arg>
<arg>ES</arg>
<arg>ET</arg>
<arg>FI</arg>
<arg>FJ</arg>
<arg>FK</arg>
<arg>FM</arg>
<arg>FO</arg>
<arg>FR</arg>
<arg>GA</arg>
<arg>GB</arg>
<arg>GD</arg>
<arg>GE</arg>
<arg>GF</arg>
<arg>GG</arg>
<arg>GH</arg>
<arg>GI</arg>
<arg>GL</arg>
<arg>GM</arg>
<arg>GN</arg>
<arg>GP</arg>
<arg>GQ</arg>
<arg>GR</arg>
<arg>GS</arg>
<arg>GT</arg>
<arg>GU</arg>
<arg>GW</arg>
<arg>GY</arg>
<arg>HK</arg>
<arg>HM</arg>
<arg>HN</arg>
<arg>HR</arg>
<arg>HT</arg>
<arg>HU</arg>
<arg>ID</arg>
<arg>IE</arg>
<arg>IL</arg>
<arg>IM</arg>
<arg>IN</arg>
<arg>IO</arg>
<arg>IQ</arg>
<arg>IR</arg>
<arg>IS</arg>
<arg>IT</arg>
<arg>JE</arg>
<arg>JM</arg>
<arg>JO</arg>
<arg>JP</arg>
<arg>KE</arg>
<arg>KG</arg>
<arg>KH</arg>
<arg>KI</arg>
<arg>KM</arg>
<arg>KN</arg>
<arg>KP</arg>
<arg>KR</arg>
<arg>KW</arg>
<arg>KY</arg>
<arg>KZ</arg>
<arg>LA</arg>
<arg>LB</arg>
<arg>LC</arg>
<arg>LI</arg>
<arg>LK</arg>
<arg>LR</arg>
<arg>LS</arg>
<arg>LT</arg>
<arg>LU</arg>
<arg>LV</arg>
<arg>LY</arg>
<arg>MA</arg>
<arg>MC</arg>
<arg>MD</arg>
<arg>ME</arg>
<arg>MF</arg>
<arg>MG</arg>
<arg>MH</arg>
<arg>MK</arg>
<arg>ML</arg>
<arg>MM</arg>
<arg>MN</arg>
<arg>MO</arg>
<arg>MP</arg>
<arg>MQ</arg>
<arg>MR</arg>
<arg>MS</arg>
<arg>MT</arg>
<arg>MU</arg>
<arg>MV</arg>
<arg>MW</arg>
<arg>MX</arg>
<arg>MY</arg>
<arg>MZ</arg>
<arg>NA</arg>
<arg>NC</arg>
<arg>NE</arg>
<arg>NF</arg>
<arg>NG</arg>
<arg>NI</arg>
<arg>NL</arg>
<arg>NO</arg>
<arg>NP</arg>
<arg>NR</arg>
<arg>NU</arg>
<arg>NZ</arg>
<arg>OM</arg>
<arg>PA</arg>
<arg>PE</arg>
<arg>PF</arg>
<arg>PG</arg>
<arg>PH</arg>
<arg>PK</arg>
<arg>PL</arg>
<arg>PM</arg>
<arg>PN</arg>
<arg>PR</arg>
<arg>PS</arg>
<arg>PT</arg>
<arg>PW</arg>
<arg>PY</arg>
<arg>QA</arg>
<arg>RE</arg>
<arg>RO</arg>
<arg>RS</arg>
<arg>RU</arg>
<arg>RW</arg>
<arg>SA</arg>
<arg>SB</arg>
<arg>SC</arg>
<arg>SD</arg>
<arg>SE</arg>
<arg>SG</arg>
<arg>SH</arg>
<arg>SI</arg>
<arg>SJ</arg>
<arg>SK</arg>
<arg>SL</arg>
<arg>SM</arg>
<arg>SN</arg>
<arg>SO</arg>
<arg>SR</arg>
<arg>SS</arg>
<arg>ST</arg>
<arg>SV</arg>
<arg>SX</arg>
<arg>SY</arg>
<arg>SZ</arg>
<arg>TC</arg>
<arg>TD</arg>
<arg>TF</arg>
<arg>TG</arg>
<arg>TH</arg>
<arg>TJ</arg>
<arg>TK</arg>
<arg>TL</arg>
<arg>TM</arg>
<arg>TN</arg>
<arg>TO</arg>
<arg>TR</arg>
<arg>TT</arg>
<arg>TV</arg>
<arg>TW</arg>
<arg>TZ</arg>
<arg>UA</arg>
<arg>UG</arg>
<arg>UM</arg>
<arg>US</arg>
<arg>UY</arg>
<arg>UZ</arg>
<arg>VA</arg>
<arg>VC</arg>
<arg>VE</arg>
<arg>VG</arg>
<arg>VI</arg>
<arg>VN</arg>
<arg>VU</arg>
<arg>WF</arg>
<arg>WS</arg>
<arg>XK</arg>
<arg>YE</arg>
<arg>YT</arg>
<arg>ZA</arg>
<arg>ZM</arg>
<arg>ZW</arg>
<doc>Returns a list containing given items.</doc>
<status status="PASS" start="2024-06-23T02:32:34.445534" elapsed="0.000673"/>
</kw>
<kw name="List Should Contain Value" owner="Collections">
<arg>${list_country}</arg>
<arg>${name_country}</arg>
<doc>Fails if the ``value`` is not found from ``list``.</doc>
<status status="PASS" start="2024-06-23T02:32:34.447018" elapsed="0.000201"/>
</kw>
<kw name="Run Keyword If" owner="BuiltIn">
<kw name="Should Be True" owner="BuiltIn">
<arg>${True}</arg>
<doc>Fails if the given condition is not true.</doc>
<status status="PASS" start="2024-06-23T02:32:34.448207" elapsed="0.000143"/>
</kw>
<arg>${json_data["results"][0]["location"]["coordinates"]["latitude"]} &gt;= -90 and ${json_data["results"][0]["location"]["coordinates"]["latitude"]} &lt;= 90</arg>
<arg>Should Be True</arg>
<arg>${True}</arg>
<doc>Runs the given keyword with the given arguments, if ``condition`` is true.</doc>
<status status="PASS" start="2024-06-23T02:32:34.447418" elapsed="0.001058"/>
</kw>
<kw name="Run Keyword If" owner="BuiltIn">
<kw name="Should Be True" owner="BuiltIn">
<arg>${True}</arg>
<doc>Fails if the given condition is not true.</doc>
<status status="PASS" start="2024-06-23T02:32:34.449349" elapsed="0.000244"/>
</kw>
<arg>${json_data["results"][0]["location"]["coordinates"]["longitude"]} &gt;= -180 and ${json_data["results"][0]["location"]["coordinates"]["longitude"]} &lt;= 180</arg>
<arg>Should Be True</arg>
<arg>${True}</arg>
<doc>Runs the given keyword with the given arguments, if ``condition`` is true.</doc>
<status status="PASS" start="2024-06-23T02:32:34.448656" elapsed="0.001065"/>
</kw>
<status status="PASS" start="2024-06-23T02:32:34.353312" elapsed="0.096538"/>
</kw>
<doc>Testa o conteúdo específico dos campos retornados pela API.</doc>
<tag>testeConteudo</tag>
<status status="PASS" start="2024-06-23T02:32:34.352779" elapsed="0.097218"/>
</test>
<status status="PASS" start="2024-06-23T02:32:33.453918" elapsed="0.998078"/>
</suite>
<status status="PASS" start="2024-06-23T02:32:33.437851" elapsed="1.019310"/>
</suite>
<statistics>
<total>
<stat pass="5" fail="0" skip="0">All Tests</stat>
</total>
<tag>
<stat pass="1" fail="0" skip="0">testeConteudo</stat>
<stat pass="1" fail="0" skip="0">testeEstruturaResposta</stat>
<stat pass="1" fail="0" skip="0">testeRequisicaoBasica</stat>
<stat pass="1" fail="0" skip="0">testeTiposDados</stat>
</tag>
<suite>
<stat pass="5" fail="0" skip="0" id="s1" name="Tests">Tests</stat>
<stat pass="5" fail="0" skip="0" id="s1-s1" name="Random-User-Test">Tests.Random-User-Test</stat>
</suite>
</statistics>
<errors>
</errors>
</robot>
