<?xml version="1.0" encoding="UTF-8"?>
<robot generator="Robot 7.0 (Python 3.12.3 on linux)" generated="2024-06-03T05:16:06.831758" rpa="false" schemaversion="5">
<suite id="s1" name="Tests" source="/home/runner/work/ApiRandomUser/ApiRandomUser/RamdonUser/tests">
<suite id="s1-s1" name="Random-User-Test" source="/home/runner/work/ApiRandomUser/ApiRandomUser/RamdonUser/tests/random-user-test.robot">
<test id="s1-s1-t1" name="Conectar" line="13">
<kw name="Conectar API" owner="random-user-service">
<kw name="Create Session" owner="RequestsLibrary">
<msg time="2024-06-03T05:16:07.234386" level="INFO">Creating Session using : alias=consultarAPI, url=https://randomuser.me/, headers={},                     cookies={}, auth=None, timeout=None, proxies=None, verify=False,                     debug=0 </msg>
<arg>consultarAPI</arg>
<arg>${URL}</arg>
<doc>Create Session: create a HTTP session to a server</doc>
<status status="PASS" start="2024-06-03T05:16:07.234192" elapsed="0.000355"/>
</kw>
<status status="PASS" start="2024-06-03T05:16:07.233214" elapsed="0.001677"/>
</kw>
<status status="PASS" start="2024-06-03T05:16:07.232713" elapsed="0.002371"/>
</test>
<test id="s1-s1-t2" name="Validar retorno 200 e JSON Válido" line="16">
<kw name="Teste de Requisicao Basica" owner="random-user-service">
<kw name="GET On Session" owner="RequestsLibrary">
<msg time="2024-06-03T05:16:07.304012" level="INFO">GET Request : url=https://randomuser.me/api 
 path_url=/api 
 headers={'User-Agent': 'python-requests/2.32.3', 'Accept-Encoding': 'gzip, deflate', 'Accept': '*/*', 'Connection': 'keep-alive'} 
 body=None 
 </msg>
<msg time="2024-06-03T05:16:07.304153" level="INFO">GET Response : url=https://randomuser.me/api 
 status=200, reason=OK 
 headers={'Date': 'Mon, 03 Jun 2024 05:16:07 GMT', 'Content-Type': 'application/json; charset=utf-8', 'Transfer-Encoding': 'chunked', 'Connection': 'keep-alive', 'X-Powered-By': 'Express', 'Access-Control-Allow-Origin': '*', 'Cache-Control': 'no-cache', 'ETag': 'W/"487-JAcK9sqzvy5AuTSlx/stfWfUKUU"', 'Vary': 'Accept-Encoding', 'Content-Encoding': 'gzip', 'CF-Cache-Status': 'DYNAMIC', 'Report-To': '{"endpoints":[{"url":"https:\\/\\/a.nel.cloudflare.com\\/report\\/v4?s=E0dLfwNKofG%2FikW%2Bi00Peu9bsGlyFls0TVZy8mXncrcM93wl1fQd1rV1Ze2XxLw1bINAeI7SfKiemvo%2B%2BWZXht8Y61vIh4qWUonJxu6SoAZJio8E5fPhF95%2BrG2f91Jq"}],"group":"cf-nel","max_age":604800}', 'NEL': '{"success_fraction":0,"report_to":"cf-nel","max_age":604800}', 'Server': 'cloudflare', 'CF-RAY': '88dd359159b46fda-IAD', 'alt-svc': 'h3=":443"; ma=86400'} 
 body={"results":[{"gender":"male","name":{"title":"Mr","first":"Leevi","last":"Lakso"},"location":{"street":{"number":6605,"name":"Mechelininkatu"},"city":"Hanko","state":"North Karelia","country":"Finland","postcode":23227,"coordinates":{"latitude":"-26.5309","longitude":"-51.0173"},"timezone":{"offset":"+2:00","description":"Kaliningrad, South Africa"}},"email":"leevi.lakso@example.com","login":{"uuid":"768a6152-8e24-4ae1-91ba-f0eb4dcaab67","username":"sadmouse967","password":"abnormal","salt":"G5jpQ5fw","md5":"3377c57a4c2b2dfeaadc9317073c1f63","sha1":"1d931bc783b2540ad9457fc678762304efbdf0f8","sha256":"90ad489a0f566918a6d08749787e56fa99ecb34444e84e9d0d06c1983f755e31"},"dob":{"date":"1946-08-21T16:50:08.571Z","age":77},"registered":{"date":"2020-12-12T11:07:18.904Z","age":3},"phone":"04-876-674","cell":"044-047-53-76","id":{"name":"HETU","value":"NaNNA591undefined"},"picture":{"large":"https://randomuser.me/api/portraits/men/69.jpg","medium":"https://randomuser.me/api/portraits/med/men/69.jpg","thumbnail":"https://randomuser.me/api/portraits/thumb/men/69.jpg"},"nat":"FI"}],"info":{"seed":"df21934c0ae13820","results":1,"page":1,"version":"1.4"}} 
 </msg>
<msg time="2024-06-03T05:16:07.304240" level="INFO">/opt/hostedtoolcache/Python/3.12.3/x64/lib/python3.12/site-packages/urllib3/connectionpool.py:1103: InsecureRequestWarning: Unverified HTTPS request is being made to host 'randomuser.me'. Adding certificate verification is strongly advised. See: https://urllib3.readthedocs.io/en/latest/advanced-usage.html#tls-warnings
  warnings.warn(</msg>
<msg time="2024-06-03T05:16:07.304347" level="INFO">${response} = &lt;Response [200]&gt;</msg>
<var>${response}</var>
<arg>consultarAPI</arg>
<arg>/api</arg>
<doc>Sends a GET request on a previously created HTTP Session.</doc>
<status status="PASS" start="2024-06-03T05:16:07.237665" elapsed="0.066720"/>
</kw>
<kw name="Should Be Equal As Numbers" owner="BuiltIn">
<msg time="2024-06-03T05:16:07.305202" level="INFO">Argument types are:
&lt;class 'int'&gt;
&lt;class 'str'&gt;</msg>
<arg>${response.status_code}</arg>
<arg>200</arg>
<doc>Fails if objects are unequal after converting them to real numbers.</doc>
<status status="PASS" start="2024-06-03T05:16:07.304798" elapsed="0.000468"/>
</kw>
<kw name="Log" owner="BuiltIn">
<msg time="2024-06-03T05:16:07.305959" level="INFO">200</msg>
<arg>${response.status_code}</arg>
<doc>Logs the given message with the given level.</doc>
<status status="PASS" start="2024-06-03T05:16:07.305602" elapsed="0.000404"/>
</kw>
<kw name="Set Variable" owner="BuiltIn">
<msg time="2024-06-03T05:16:07.306746" level="INFO">${json_data} = {'results': [{'gender': 'male', 'name': {'title': 'Mr', 'first': 'Leevi', 'last': 'Lakso'}, 'location': {'street': {'number': 6605, 'name': 'Mechelininkatu'}, 'city': 'Hanko', 'state': 'North Karelia'...</msg>
<var>${json_data}</var>
<arg>${response.json()}</arg>
<doc>Returns the given values which can then be assigned to a variables.</doc>
<status status="PASS" start="2024-06-03T05:16:07.306315" elapsed="0.000460"/>
</kw>
<kw name="Dictionary Should Contain Key" owner="Collections">
<msg time="2024-06-03T05:16:07.307246" level="INFO">False</msg>
<arg>${json_data}</arg>
<arg>results</arg>
<doc>Fails if ``key`` is not found from ``dictionary``.</doc>
<status status="PASS" start="2024-06-03T05:16:07.307073" elapsed="0.000348"/>
</kw>
<status status="PASS" start="2024-06-03T05:16:07.237421" elapsed="0.070259"/>
</kw>
<doc>Testa se a API responde corretamente e retorna um objeto JSON válido.</doc>
<tag>testeRequisicaoBasica</tag>
<status status="PASS" start="2024-06-03T05:16:07.236966" elapsed="0.070886"/>
</test>
<test id="s1-s1-t3" name="Validar estrutura de resposta" line="22">
<kw name="Teste de Estrutura de Resposta" owner="random-user-service">
<kw name="GET On Session" owner="RequestsLibrary">
<msg time="2024-06-03T05:16:07.391108" level="INFO">GET Request : url=https://randomuser.me/api 
 path_url=/api 
 headers={'User-Agent': 'python-requests/2.32.3', 'Accept-Encoding': 'gzip, deflate', 'Accept': '*/*', 'Connection': 'keep-alive'} 
 body=None 
 </msg>
<msg time="2024-06-03T05:16:07.391200" level="INFO">GET Response : url=https://randomuser.me/api 
 status=200, reason=OK 
 headers={'Date': 'Mon, 03 Jun 2024 05:16:07 GMT', 'Content-Type': 'application/json; charset=utf-8', 'Transfer-Encoding': 'chunked', 'Connection': 'keep-alive', 'X-Powered-By': 'Express', 'Access-Control-Allow-Origin': '*', 'Cache-Control': 'no-cache', 'ETag': 'W/"49d-eUYfeyIKDaIIKDccn2/gGaTx/xc"', 'Vary': 'Accept-Encoding', 'Content-Encoding': 'gzip', 'CF-Cache-Status': 'DYNAMIC', 'Report-To': '{"endpoints":[{"url":"https:\\/\\/a.nel.cloudflare.com\\/report\\/v4?s=jj21THtKKT9L650YaxbP3crU0hMpe3nDE2gqGn7RYij%2B8F0rom4d4yOk7PxED8KsxUrzymPARWvHcQG1xo%2Bs7uIq0MFDOf1KCiPWpz%2Br53ItPqN1h5ea5vzg3b01Wvhx"}],"group":"cf-nel","max_age":604800}', 'NEL': '{"success_fraction":0,"report_to":"cf-nel","max_age":604800}', 'Server': 'cloudflare', 'CF-RAY': '88dd3591b9f96fda-IAD', 'alt-svc': 'h3=":443"; ma=86400'} 
 body={"results":[{"gender":"female","name":{"title":"Ms","first":"Charlotte","last":"Gonzalez"},"location":{"street":{"number":5326,"name":"Prospect Rd"},"city":"Stockton","state":"Mississippi","country":"United States","postcode":73043,"coordinates":{"latitude":"82.1169","longitude":"104.0432"},"timezone":{"offset":"-8:00","description":"Pacific Time (US &amp; Canada)"}},"email":"charlotte.gonzalez@example.com","login":{"uuid":"25d28ad7-bda8-437f-aa71-f8393b44b24c","username":"bigzebra604","password":"italia","salt":"YPFlE0OQ","md5":"7b14efd5139bbf0b5ab80ebd4d5b4d6c","sha1":"3f4e73839195eaa51540efaa64eef3b2469436e3","sha256":"10ea3605f8102e4cc95ed4818e412e81286c70464d0062884375620cbab67503"},"dob":{"date":"1956-08-11T10:50:15.164Z","age":67},"registered":{"date":"2014-08-02T07:05:07.990Z","age":9},"phone":"(722) 712-7892","cell":"(646) 984-6385","id":{"name":"SSN","value":"699-81-3507"},"picture":{"large":"https://randomuser.me/api/portraits/women/22.jpg","medium":"https://randomuser.me/api/portraits/med/women/22.jpg","thumbnail":"https://randomuser.me/api/portraits/thumb/women/22.jpg"},"nat":"US"}],"info":{"seed":"530becbce8a37c52","results":1,"page":1,"version":"1.4"}} 
 </msg>
<msg time="2024-06-03T05:16:07.391326" level="INFO">/opt/hostedtoolcache/Python/3.12.3/x64/lib/python3.12/site-packages/urllib3/connectionpool.py:1103: InsecureRequestWarning: Unverified HTTPS request is being made to host 'randomuser.me'. Adding certificate verification is strongly advised. See: https://urllib3.readthedocs.io/en/latest/advanced-usage.html#tls-warnings
  warnings.warn(</msg>
<msg time="2024-06-03T05:16:07.391450" level="INFO">${response} = &lt;Response [200]&gt;</msg>
<var>${response}</var>
<arg>consultarAPI</arg>
<arg>/api</arg>
<doc>Sends a GET request on a previously created HTTP Session.</doc>
<status status="PASS" start="2024-06-03T05:16:07.310382" elapsed="0.081107"/>
</kw>
<kw name="Set Variable" owner="BuiltIn">
<msg time="2024-06-03T05:16:07.392346" level="INFO">${json_data} = {'results': [{'gender': 'female', 'name': {'title': 'Ms', 'first': 'Charlotte', 'last': 'Gonzalez'}, 'location': {'street': {'number': 5326, 'name': 'Prospect Rd'}, 'city': 'Stockton', 'state': 'Missi...</msg>
<var>${json_data}</var>
<arg>${response.json()}</arg>
<doc>Returns the given values which can then be assigned to a variables.</doc>
<status status="PASS" start="2024-06-03T05:16:07.391861" elapsed="0.000515"/>
</kw>
<kw name="Log" owner="BuiltIn">
<msg time="2024-06-03T05:16:07.392847" level="INFO">{'results': [{'gender': 'female', 'name': {'title': 'Ms', 'first': 'Charlotte', 'last': 'Gonzalez'}, 'location': {'street': {'number': 5326, 'name': 'Prospect Rd'}, 'city': 'Stockton', 'state': 'Mississippi', 'country': 'United States', 'postcode': 73043, 'coordinates': {'latitude': '82.1169', 'longitude': '104.0432'}, 'timezone': {'offset': '-8:00', 'description': 'Pacific Time (US &amp; Canada)'}}, 'email': 'charlotte.gonzalez@example.com', 'login': {'uuid': '25d28ad7-bda8-437f-aa71-f8393b44b24c', 'username': 'bigzebra604', 'password': 'italia', 'salt': 'YPFlE0OQ', 'md5': '7b14efd5139bbf0b5ab80ebd4d5b4d6c', 'sha1': '3f4e73839195eaa51540efaa64eef3b2469436e3', 'sha256': '10ea3605f8102e4cc95ed4818e412e81286c70464d0062884375620cbab67503'}, 'dob': {'date': '1956-08-11T10:50:15.164Z', 'age': 67}, 'registered': {'date': '2014-08-02T07:05:07.990Z', 'age': 9}, 'phone': '(722) 712-7892', 'cell': '(646) 984-6385', 'id': {'name': 'SSN', 'value': '699-81-3507'}, 'picture': {'large': 'https://randomuser.me/api/portraits/women/22.jpg', 'medium': 'https://randomuser.me/api/portraits/med/women/22.jpg', 'thumbnail': 'https://randomuser.me/api/portraits/thumb/women/22.jpg'}, 'nat': 'US'}], 'info': {'seed': '530becbce8a37c52', 'results': 1, 'page': 1, 'version': '1.4'}}</msg>
<arg>${json_data}</arg>
<doc>Logs the given message with the given level.</doc>
<status status="PASS" start="2024-06-03T05:16:07.392689" elapsed="0.000207"/>
</kw>
<kw name="Dictionary Should Contain Key" owner="Collections">
<msg time="2024-06-03T05:16:07.393357" level="INFO">False</msg>
<arg>${json_data}</arg>
<arg>results</arg>
<doc>Fails if ``key`` is not found from ``dictionary``.</doc>
<status status="PASS" start="2024-06-03T05:16:07.393202" elapsed="0.000193"/>
</kw>
<kw name="Should Not Be Empty" owner="BuiltIn">
<msg time="2024-06-03T05:16:07.393825" level="INFO">Length is 2.</msg>
<arg>${json_data}</arg>
<doc>Verifies that the given item is not empty.</doc>
<status status="PASS" start="2024-06-03T05:16:07.393688" elapsed="0.000176"/>
</kw>
<kw name="Create List" owner="BuiltIn">
<msg time="2024-06-03T05:16:07.394304" level="INFO">${expected_keys} = ['gender', 'name', 'location', 'email', 'login']</msg>
<var>${expected_keys}</var>
<arg>gender</arg>
<arg>name</arg>
<arg>location</arg>
<arg>email</arg>
<arg>login</arg>
<doc>Returns a list containing given items.</doc>
<status status="PASS" start="2024-06-03T05:16:07.394155" elapsed="0.000174"/>
</kw>
<for flavor="IN">
<iter>
<kw name="Dictionary Should Contain Key" owner="Collections">
<msg time="2024-06-03T05:16:07.395320" level="INFO">False</msg>
<arg>${json_data['results'][0]}</arg>
<arg>${key}</arg>
<doc>Fails if ``key`` is not found from ``dictionary``.</doc>
<status status="PASS" start="2024-06-03T05:16:07.394899" elapsed="0.000467"/>
</kw>
<kw name="Log" owner="BuiltIn">
<msg time="2024-06-03T05:16:07.396058" level="INFO">{'gender': 'female', 'name': {'title': 'Ms', 'first': 'Charlotte', 'last': 'Gonzalez'}, 'location': {'street': {'number': 5326, 'name': 'Prospect Rd'}, 'city': 'Stockton', 'state': 'Mississippi', 'country': 'United States', 'postcode': 73043, 'coordinates': {'latitude': '82.1169', 'longitude': '104.0432'}, 'timezone': {'offset': '-8:00', 'description': 'Pacific Time (US &amp; Canada)'}}, 'email': 'charlotte.gonzalez@example.com', 'login': {'uuid': '25d28ad7-bda8-437f-aa71-f8393b44b24c', 'username': 'bigzebra604', 'password': 'italia', 'salt': 'YPFlE0OQ', 'md5': '7b14efd5139bbf0b5ab80ebd4d5b4d6c', 'sha1': '3f4e73839195eaa51540efaa64eef3b2469436e3', 'sha256': '10ea3605f8102e4cc95ed4818e412e81286c70464d0062884375620cbab67503'}, 'dob': {'date': '1956-08-11T10:50:15.164Z', 'age': 67}, 'registered': {'date': '2014-08-02T07:05:07.990Z', 'age': 9}, 'phone': '(722) 712-7892', 'cell': '(646) 984-6385', 'id': {'name': 'SSN', 'value': '699-81-3507'}, 'picture': {'large': 'https://randomuser.me/api/portraits/women/22.jpg', 'medium': 'https://randomuser.me/api/portraits/med/women/22.jpg', 'thumbnail': 'https://randomuser.me/api/portraits/thumb/women/22.jpg'}, 'nat': 'US'}</msg>
<arg>${json_data['results'][0]}</arg>
<doc>Logs the given message with the given level.</doc>
<status status="PASS" start="2024-06-03T05:16:07.395667" elapsed="0.000445"/>
</kw>
<kw name="Log" owner="BuiltIn">
<msg time="2024-06-03T05:16:07.396548" level="INFO">gender</msg>
<arg>${key}</arg>
<doc>Logs the given message with the given level.</doc>
<status status="PASS" start="2024-06-03T05:16:07.396417" elapsed="0.000169"/>
</kw>
<var name="${key}">gender</var>
<status status="PASS" start="2024-06-03T05:16:07.394774" elapsed="0.002027"/>
</iter>
<iter>
<kw name="Dictionary Should Contain Key" owner="Collections">
<msg time="2024-06-03T05:16:07.397496" level="INFO">False</msg>
<arg>${json_data['results'][0]}</arg>
<arg>${key}</arg>
<doc>Fails if ``key`` is not found from ``dictionary``.</doc>
<status status="PASS" start="2024-06-03T05:16:07.397105" elapsed="0.000429"/>
</kw>
<kw name="Log" owner="BuiltIn">
<msg time="2024-06-03T05:16:07.398223" level="INFO">{'gender': 'female', 'name': {'title': 'Ms', 'first': 'Charlotte', 'last': 'Gonzalez'}, 'location': {'street': {'number': 5326, 'name': 'Prospect Rd'}, 'city': 'Stockton', 'state': 'Mississippi', 'country': 'United States', 'postcode': 73043, 'coordinates': {'latitude': '82.1169', 'longitude': '104.0432'}, 'timezone': {'offset': '-8:00', 'description': 'Pacific Time (US &amp; Canada)'}}, 'email': 'charlotte.gonzalez@example.com', 'login': {'uuid': '25d28ad7-bda8-437f-aa71-f8393b44b24c', 'username': 'bigzebra604', 'password': 'italia', 'salt': 'YPFlE0OQ', 'md5': '7b14efd5139bbf0b5ab80ebd4d5b4d6c', 'sha1': '3f4e73839195eaa51540efaa64eef3b2469436e3', 'sha256': '10ea3605f8102e4cc95ed4818e412e81286c70464d0062884375620cbab67503'}, 'dob': {'date': '1956-08-11T10:50:15.164Z', 'age': 67}, 'registered': {'date': '2014-08-02T07:05:07.990Z', 'age': 9}, 'phone': '(722) 712-7892', 'cell': '(646) 984-6385', 'id': {'name': 'SSN', 'value': '699-81-3507'}, 'picture': {'large': 'https://randomuser.me/api/portraits/women/22.jpg', 'medium': 'https://randomuser.me/api/portraits/med/women/22.jpg', 'thumbnail': 'https://randomuser.me/api/portraits/thumb/women/22.jpg'}, 'nat': 'US'}</msg>
<arg>${json_data['results'][0]}</arg>
<doc>Logs the given message with the given level.</doc>
<status status="PASS" start="2024-06-03T05:16:07.397859" elapsed="0.000415"/>
</kw>
<kw name="Log" owner="BuiltIn">
<msg time="2024-06-03T05:16:07.398702" level="INFO">name</msg>
<arg>${key}</arg>
<doc>Logs the given message with the given level.</doc>
<status status="PASS" start="2024-06-03T05:16:07.398575" elapsed="0.000165"/>
</kw>
<var name="${key}">name</var>
<status status="PASS" start="2024-06-03T05:16:07.396989" elapsed="0.001974"/>
</iter>
<iter>
<kw name="Dictionary Should Contain Key" owner="Collections">
<msg time="2024-06-03T05:16:07.399634" level="INFO">False</msg>
<arg>${json_data['results'][0]}</arg>
<arg>${key}</arg>
<doc>Fails if ``key`` is not found from ``dictionary``.</doc>
<status status="PASS" start="2024-06-03T05:16:07.399254" elapsed="0.000418"/>
</kw>
<kw name="Log" owner="BuiltIn">
<msg time="2024-06-03T05:16:07.400372" level="INFO">{'gender': 'female', 'name': {'title': 'Ms', 'first': 'Charlotte', 'last': 'Gonzalez'}, 'location': {'street': {'number': 5326, 'name': 'Prospect Rd'}, 'city': 'Stockton', 'state': 'Mississippi', 'country': 'United States', 'postcode': 73043, 'coordinates': {'latitude': '82.1169', 'longitude': '104.0432'}, 'timezone': {'offset': '-8:00', 'description': 'Pacific Time (US &amp; Canada)'}}, 'email': 'charlotte.gonzalez@example.com', 'login': {'uuid': '25d28ad7-bda8-437f-aa71-f8393b44b24c', 'username': 'bigzebra604', 'password': 'italia', 'salt': 'YPFlE0OQ', 'md5': '7b14efd5139bbf0b5ab80ebd4d5b4d6c', 'sha1': '3f4e73839195eaa51540efaa64eef3b2469436e3', 'sha256': '10ea3605f8102e4cc95ed4818e412e81286c70464d0062884375620cbab67503'}, 'dob': {'date': '1956-08-11T10:50:15.164Z', 'age': 67}, 'registered': {'date': '2014-08-02T07:05:07.990Z', 'age': 9}, 'phone': '(722) 712-7892', 'cell': '(646) 984-6385', 'id': {'name': 'SSN', 'value': '699-81-3507'}, 'picture': {'large': 'https://randomuser.me/api/portraits/women/22.jpg', 'medium': 'https://randomuser.me/api/portraits/med/women/22.jpg', 'thumbnail': 'https://randomuser.me/api/portraits/thumb/women/22.jpg'}, 'nat': 'US'}</msg>
<arg>${json_data['results'][0]}</arg>
<doc>Logs the given message with the given level.</doc>
<status status="PASS" start="2024-06-03T05:16:07.400001" elapsed="0.000424"/>
</kw>
<kw name="Log" owner="BuiltIn">
<msg time="2024-06-03T05:16:07.400849" level="INFO">location</msg>
<arg>${key}</arg>
<doc>Logs the given message with the given level.</doc>
<status status="PASS" start="2024-06-03T05:16:07.400724" elapsed="0.000164"/>
</kw>
<var name="${key}">location</var>
<status status="PASS" start="2024-06-03T05:16:07.399142" elapsed="0.001959"/>
</iter>
<iter>
<kw name="Dictionary Should Contain Key" owner="Collections">
<msg time="2024-06-03T05:16:07.401879" level="INFO">False</msg>
<arg>${json_data['results'][0]}</arg>
<arg>${key}</arg>
<doc>Fails if ``key`` is not found from ``dictionary``.</doc>
<status status="PASS" start="2024-06-03T05:16:07.401388" elapsed="0.000529"/>
</kw>
<kw name="Log" owner="BuiltIn">
<msg time="2024-06-03T05:16:07.402576" level="INFO">{'gender': 'female', 'name': {'title': 'Ms', 'first': 'Charlotte', 'last': 'Gonzalez'}, 'location': {'street': {'number': 5326, 'name': 'Prospect Rd'}, 'city': 'Stockton', 'state': 'Mississippi', 'country': 'United States', 'postcode': 73043, 'coordinates': {'latitude': '82.1169', 'longitude': '104.0432'}, 'timezone': {'offset': '-8:00', 'description': 'Pacific Time (US &amp; Canada)'}}, 'email': 'charlotte.gonzalez@example.com', 'login': {'uuid': '25d28ad7-bda8-437f-aa71-f8393b44b24c', 'username': 'bigzebra604', 'password': 'italia', 'salt': 'YPFlE0OQ', 'md5': '7b14efd5139bbf0b5ab80ebd4d5b4d6c', 'sha1': '3f4e73839195eaa51540efaa64eef3b2469436e3', 'sha256': '10ea3605f8102e4cc95ed4818e412e81286c70464d0062884375620cbab67503'}, 'dob': {'date': '1956-08-11T10:50:15.164Z', 'age': 67}, 'registered': {'date': '2014-08-02T07:05:07.990Z', 'age': 9}, 'phone': '(722) 712-7892', 'cell': '(646) 984-6385', 'id': {'name': 'SSN', 'value': '699-81-3507'}, 'picture': {'large': 'https://randomuser.me/api/portraits/women/22.jpg', 'medium': 'https://randomuser.me/api/portraits/med/women/22.jpg', 'thumbnail': 'https://randomuser.me/api/portraits/thumb/women/22.jpg'}, 'nat': 'US'}</msg>
<arg>${json_data['results'][0]}</arg>
<doc>Logs the given message with the given level.</doc>
<status status="PASS" start="2024-06-03T05:16:07.402213" elapsed="0.000414"/>
</kw>
<kw name="Log" owner="BuiltIn">
<msg time="2024-06-03T05:16:07.403054" level="INFO">email</msg>
<arg>${key}</arg>
<doc>Logs the given message with the given level.</doc>
<status status="PASS" start="2024-06-03T05:16:07.402924" elapsed="0.000167"/>
</kw>
<var name="${key}">email</var>
<status status="PASS" start="2024-06-03T05:16:07.401276" elapsed="0.002027"/>
</iter>
<iter>
<kw name="Dictionary Should Contain Key" owner="Collections">
<msg time="2024-06-03T05:16:07.404019" level="INFO">False</msg>
<arg>${json_data['results'][0]}</arg>
<arg>${key}</arg>
<doc>Fails if ``key`` is not found from ``dictionary``.</doc>
<status status="PASS" start="2024-06-03T05:16:07.403590" elapsed="0.000488"/>
</kw>
<kw name="Log" owner="BuiltIn">
<msg time="2024-06-03T05:16:07.404913" level="INFO">{'gender': 'female', 'name': {'title': 'Ms', 'first': 'Charlotte', 'last': 'Gonzalez'}, 'location': {'street': {'number': 5326, 'name': 'Prospect Rd'}, 'city': 'Stockton', 'state': 'Mississippi', 'country': 'United States', 'postcode': 73043, 'coordinates': {'latitude': '82.1169', 'longitude': '104.0432'}, 'timezone': {'offset': '-8:00', 'description': 'Pacific Time (US &amp; Canada)'}}, 'email': 'charlotte.gonzalez@example.com', 'login': {'uuid': '25d28ad7-bda8-437f-aa71-f8393b44b24c', 'username': 'bigzebra604', 'password': 'italia', 'salt': 'YPFlE0OQ', 'md5': '7b14efd5139bbf0b5ab80ebd4d5b4d6c', 'sha1': '3f4e73839195eaa51540efaa64eef3b2469436e3', 'sha256': '10ea3605f8102e4cc95ed4818e412e81286c70464d0062884375620cbab67503'}, 'dob': {'date': '1956-08-11T10:50:15.164Z', 'age': 67}, 'registered': {'date': '2014-08-02T07:05:07.990Z', 'age': 9}, 'phone': '(722) 712-7892', 'cell': '(646) 984-6385', 'id': {'name': 'SSN', 'value': '699-81-3507'}, 'picture': {'large': 'https://randomuser.me/api/portraits/women/22.jpg', 'medium': 'https://randomuser.me/api/portraits/med/women/22.jpg', 'thumbnail': 'https://randomuser.me/api/portraits/thumb/women/22.jpg'}, 'nat': 'US'}</msg>
<arg>${json_data['results'][0]}</arg>
<doc>Logs the given message with the given level.</doc>
<status status="PASS" start="2024-06-03T05:16:07.404477" elapsed="0.000491"/>
</kw>
<kw name="Log" owner="BuiltIn">
<msg time="2024-06-03T05:16:07.405394" level="INFO">login</msg>
<arg>${key}</arg>
<doc>Logs the given message with the given level.</doc>
<status status="PASS" start="2024-06-03T05:16:07.405267" elapsed="0.000198"/>
</kw>
<var name="${key}">login</var>
<status status="PASS" start="2024-06-03T05:16:07.403478" elapsed="0.002211"/>
</iter>
<var>${key}</var>
<value>@{expected_keys}</value>
<status status="PASS" start="2024-06-03T05:16:07.394587" elapsed="0.011224"/>
</for>
<kw name="Create List" owner="BuiltIn">
<msg time="2024-06-03T05:16:07.406138" level="INFO">${expected_keysTwo} = ['username', 'password']</msg>
<var>${expected_keysTwo}</var>
<arg>username</arg>
<arg>password</arg>
<doc>Returns a list containing given items.</doc>
<status status="PASS" start="2024-06-03T05:16:07.406002" elapsed="0.000159"/>
</kw>
<for flavor="IN">
<iter>
<kw name="Dictionary Should Contain Key" owner="Collections">
<msg time="2024-06-03T05:16:07.407461" level="INFO">False</msg>
<arg>${json_data['results'][0]['login']}</arg>
<arg>${keyTwo}</arg>
<doc>Fails if ``key`` is not found from ``dictionary``.</doc>
<status status="PASS" start="2024-06-03T05:16:07.406904" elapsed="0.000620"/>
</kw>
<kw name="Dictionary Should Contain Key" owner="Collections">
<msg time="2024-06-03T05:16:07.408468" level="INFO">False</msg>
<arg>${json_data['results'][0]['login']}</arg>
<arg>${keyTwo}</arg>
<doc>Fails if ``key`` is not found from ``dictionary``.</doc>
<status status="PASS" start="2024-06-03T05:16:07.407834" elapsed="0.000678"/>
</kw>
<kw name="Log" owner="BuiltIn">
<msg time="2024-06-03T05:16:07.409013" level="INFO">username</msg>
<arg>${keyTwo}</arg>
<doc>Logs the given message with the given level.</doc>
<status status="PASS" start="2024-06-03T05:16:07.408876" elapsed="0.000176"/>
</kw>
<var name="${keyTwo}">username</var>
<status status="PASS" start="2024-06-03T05:16:07.406730" elapsed="0.002543"/>
</iter>
<iter>
<kw name="Dictionary Should Contain Key" owner="Collections">
<msg time="2024-06-03T05:16:07.409947" level="INFO">False</msg>
<arg>${json_data['results'][0]['login']}</arg>
<arg>${keyTwo}</arg>
<doc>Fails if ``key`` is not found from ``dictionary``.</doc>
<status status="PASS" start="2024-06-03T05:16:07.409559" elapsed="0.000426"/>
</kw>
<kw name="Dictionary Should Contain Key" owner="Collections">
<msg time="2024-06-03T05:16:07.410673" level="INFO">False</msg>
<arg>${json_data['results'][0]['login']}</arg>
<arg>${keyTwo}</arg>
<doc>Fails if ``key`` is not found from ``dictionary``.</doc>
<status status="PASS" start="2024-06-03T05:16:07.410282" elapsed="0.000429"/>
</kw>
<kw name="Log" owner="BuiltIn">
<msg time="2024-06-03T05:16:07.411132" level="INFO">password</msg>
<arg>${keyTwo}</arg>
<doc>Logs the given message with the given level.</doc>
<status status="PASS" start="2024-06-03T05:16:07.411003" elapsed="0.000166"/>
</kw>
<var name="${keyTwo}">password</var>
<status status="PASS" start="2024-06-03T05:16:07.409447" elapsed="0.001936"/>
</iter>
<var>${keyTwo}</var>
<value>@{expected_keysTwo}</value>
<status status="PASS" start="2024-06-03T05:16:07.406500" elapsed="0.005065"/>
</for>
<status status="PASS" start="2024-06-03T05:16:07.310150" elapsed="0.101675"/>
</kw>
<doc>Testa a estrutura da resposta da API.</doc>
<tag>testeEstruturaResposta</tag>
<status status="PASS" start="2024-06-03T05:16:07.309662" elapsed="0.102410"/>
</test>
<test id="s1-s1-t4" name="Validar tipos de dados" line="28">
<kw name="Teste de Tipos de Dados" owner="random-user-service">
<kw name="GET On Session" owner="RequestsLibrary">
<msg time="2024-06-03T05:16:07.487701" level="INFO">GET Request : url=https://randomuser.me/api 
 path_url=/api 
 headers={'User-Agent': 'python-requests/2.32.3', 'Accept-Encoding': 'gzip, deflate', 'Accept': '*/*', 'Connection': 'keep-alive'} 
 body=None 
 </msg>
<msg time="2024-06-03T05:16:07.487776" level="INFO">GET Response : url=https://randomuser.me/api 
 status=200, reason=OK 
 headers={'Date': 'Mon, 03 Jun 2024 05:16:07 GMT', 'Content-Type': 'application/json; charset=utf-8', 'Transfer-Encoding': 'chunked', 'Connection': 'keep-alive', 'X-Powered-By': 'Express', 'Access-Control-Allow-Origin': '*', 'Cache-Control': 'no-cache', 'ETag': 'W/"4af-VjnT/Ef+4Ez12ikZrTm4f8Lvxr4"', 'Vary': 'Accept-Encoding', 'Content-Encoding': 'gzip', 'CF-Cache-Status': 'DYNAMIC', 'Report-To': '{"endpoints":[{"url":"https:\\/\\/a.nel.cloudflare.com\\/report\\/v4?s=jopioR98ZLeosMwibo0VrAHKLrYZDInzgXKYzUWoDdDNuGVD8QhLpyuNT8b2aHsr7Zal8SCLa1%2Byu8PuoQKA5r6GUMl6ALFUx%2BOmEuTgVVUGIIx3xgVdM6zXZC0bIoaY"}],"group":"cf-nel","max_age":604800}', 'NEL': '{"success_fraction":0,"report_to":"cf-nel","max_age":604800}', 'Server': 'cloudflare', 'CF-RAY': '88dd35925a5e6fda-IAD', 'alt-svc': 'h3=":443"; ma=86400'} 
 body={"results":[{"gender":"female","name":{"title":"Miss","first":"Priscilla","last":"Fleming"},"location":{"street":{"number":4631,"name":"Mockingbird Ln"},"city":"Tweed","state":"South Australia","country":"Australia","postcode":3862,"coordinates":{"latitude":"-86.6066","longitude":"114.8998"},"timezone":{"offset":"+5:00","description":"Ekaterinburg, Islamabad, Karachi, Tashkent"}},"email":"priscilla.fleming@example.com","login":{"uuid":"c45a78e9-588f-4dbb-851f-8ca385a84b09","username":"yellowleopard828","password":"baberuth","salt":"HF8ZSUdv","md5":"5be71d5367511dc4c215771a8ddf473a","sha1":"dcdf419af165624cac520b1bf70b126a3754e934","sha256":"4165cef1b733d5069cb29f57bd56a2a60c53f0054f7811f76d2c76a8d0ceac4d"},"dob":{"date":"1982-05-11T08:37:52.582Z","age":42},"registered":{"date":"2006-09-27T20:47:46.306Z","age":17},"phone":"03-6526-0615","cell":"0463-737-080","id":{"name":"TFN","value":"949897288"},"picture":{"large":"https://randomuser.me/api/portraits/women/54.jpg","medium":"https://randomuser.me/api/portraits/med/women/54.jpg","thumbnail":"https://randomuser.me/api/portraits/thumb/women/54.jpg"},"nat":"AU"}],"info":{"seed":"817de0019287717c","results":1,"page":1,"version":"1.4"}} 
 </msg>
<msg time="2024-06-03T05:16:07.487842" level="INFO">/opt/hostedtoolcache/Python/3.12.3/x64/lib/python3.12/site-packages/urllib3/connectionpool.py:1103: InsecureRequestWarning: Unverified HTTPS request is being made to host 'randomuser.me'. Adding certificate verification is strongly advised. See: https://urllib3.readthedocs.io/en/latest/advanced-usage.html#tls-warnings
  warnings.warn(</msg>
<msg time="2024-06-03T05:16:07.487970" level="INFO">${response} = &lt;Response [200]&gt;</msg>
<var>${response}</var>
<arg>consultarAPI</arg>
<arg>/api</arg>
<doc>Sends a GET request on a previously created HTTP Session.</doc>
<status status="PASS" start="2024-06-03T05:16:07.414551" elapsed="0.073471"/>
</kw>
<kw name="Set Variable" owner="BuiltIn">
<msg time="2024-06-03T05:16:07.489102" level="INFO">${json_data} = {'results': [{'gender': 'female', 'name': {'title': 'Miss', 'first': 'Priscilla', 'last': 'Fleming'}, 'location': {'street': {'number': 4631, 'name': 'Mockingbird Ln'}, 'city': 'Tweed', 'state': 'Sout...</msg>
<var>${json_data}</var>
<arg>${response.json()}</arg>
<doc>Returns the given values which can then be assigned to a variables.</doc>
<status status="PASS" start="2024-06-03T05:16:07.488545" elapsed="0.000585"/>
</kw>
<kw name="Log" owner="BuiltIn">
<msg time="2024-06-03T05:16:07.489596" level="INFO">{'results': [{'gender': 'female', 'name': {'title': 'Miss', 'first': 'Priscilla', 'last': 'Fleming'}, 'location': {'street': {'number': 4631, 'name': 'Mockingbird Ln'}, 'city': 'Tweed', 'state': 'South Australia', 'country': 'Australia', 'postcode': 3862, 'coordinates': {'latitude': '-86.6066', 'longitude': '114.8998'}, 'timezone': {'offset': '+5:00', 'description': 'Ekaterinburg, Islamabad, Karachi, Tashkent'}}, 'email': 'priscilla.fleming@example.com', 'login': {'uuid': 'c45a78e9-588f-4dbb-851f-8ca385a84b09', 'username': 'yellowleopard828', 'password': 'baberuth', 'salt': 'HF8ZSUdv', 'md5': '5be71d5367511dc4c215771a8ddf473a', 'sha1': 'dcdf419af165624cac520b1bf70b126a3754e934', 'sha256': '4165cef1b733d5069cb29f57bd56a2a60c53f0054f7811f76d2c76a8d0ceac4d'}, 'dob': {'date': '1982-05-11T08:37:52.582Z', 'age': 42}, 'registered': {'date': '2006-09-27T20:47:46.306Z', 'age': 17}, 'phone': '03-6526-0615', 'cell': '0463-737-080', 'id': {'name': 'TFN', 'value': '949897288'}, 'picture': {'large': 'https://randomuser.me/api/portraits/women/54.jpg', 'medium': 'https://randomuser.me/api/portraits/med/women/54.jpg', 'thumbnail': 'https://randomuser.me/api/portraits/thumb/women/54.jpg'}, 'nat': 'AU'}], 'info': {'seed': '817de0019287717c', 'results': 1, 'page': 1, 'version': '1.4'}}</msg>
<arg>${json_data}</arg>
<doc>Logs the given message with the given level.</doc>
<status status="PASS" start="2024-06-03T05:16:07.489442" elapsed="0.000235"/>
</kw>
<kw name="Should Be String" owner="String">
<arg>${json_data['results'][0]['gender']}</arg>
<doc>Fails if the given ``item`` is not a string.</doc>
<status status="PASS" start="2024-06-03T05:16:07.489975" elapsed="0.000373"/>
</kw>
<kw name="Should Match Regexp" owner="BuiltIn">
<arg>${json_data['results'][0]['email']}</arg>
<arg>^[a-zA-Z0-9._%+-]+@[a-zA-Z0-9.-]+\.[a-zA-Z]{2,}$</arg>
<doc>Fails if ``string`` does not match ``pattern`` as a regular expression.</doc>
<status status="PASS" start="2024-06-03T05:16:07.490541" elapsed="0.000624"/>
</kw>
<kw name="Should Match Regexp" owner="BuiltIn">
<arg>${json_data['results'][0]['dob']['date']}</arg>
<arg>\\d{4}-\\d{2}-\\d{2}T\\d{2}:\\d{2}:\\d{2}\\.\\d{3}Z</arg>
<doc>Fails if ``string`` does not match ``pattern`` as a regular expression.</doc>
<status status="PASS" start="2024-06-03T05:16:07.491362" elapsed="0.000495"/>
</kw>
<kw name="Should Match Regexp" owner="BuiltIn">
<arg>${json_data['results'][0]['registered']['date']}</arg>
<arg>\\d{4}-\\d{2}-\\d{2}T\\d{2}:\\d{2}:\\d{2}\\.\\d{3}Z</arg>
<doc>Fails if ``string`` does not match ``pattern`` as a regular expression.</doc>
<status status="PASS" start="2024-06-03T05:16:07.492092" elapsed="0.000376"/>
</kw>
<kw name="Should Match Regexp" owner="BuiltIn">
<arg>${json_data['results'][0]['picture']['large']}</arg>
<arg>^https?://.*\.(?:png|jpe?g|gif|bmp)$</arg>
<doc>Fails if ``string`` does not match ``pattern`` as a regular expression.</doc>
<status status="PASS" start="2024-06-03T05:16:07.492657" elapsed="0.000465"/>
</kw>
<kw name="Should Match Regexp" owner="BuiltIn">
<arg>${json_data['results'][0]['picture']['medium']}</arg>
<arg>^https?://.*\.(?:png|jpe?g|gif|bmp)$</arg>
<doc>Fails if ``string`` does not match ``pattern`` as a regular expression.</doc>
<status status="PASS" start="2024-06-03T05:16:07.493314" elapsed="0.000355"/>
</kw>
<kw name="Should Match Regexp" owner="BuiltIn">
<arg>${json_data['results'][0]['picture']['thumbnail']}</arg>
<arg>^https?://.*\.(?:png|jpe?g|gif|bmp)$</arg>
<doc>Fails if ``string`` does not match ``pattern`` as a regular expression.</doc>
<status status="PASS" start="2024-06-03T05:16:07.493854" elapsed="0.000354"/>
</kw>
<kw name="Log" owner="BuiltIn">
<msg time="2024-06-03T05:16:07.494723" level="INFO">{'large': 'https://randomuser.me/api/portraits/women/54.jpg', 'medium': 'https://randomuser.me/api/portraits/med/women/54.jpg', 'thumbnail': 'https://randomuser.me/api/portraits/thumb/women/54.jpg'}</msg>
<arg>${json_data['results'][0]['picture']}</arg>
<doc>Logs the given message with the given level.</doc>
<status status="PASS" start="2024-06-03T05:16:07.494390" elapsed="0.000377"/>
</kw>
<status status="PASS" start="2024-06-03T05:16:07.414321" elapsed="0.080699"/>
</kw>
<kw name="Teste de Tipos de Dados - Postcode" owner="random-user-service">
<kw name="GET On Session" owner="RequestsLibrary">
<msg time="2024-06-03T05:16:07.593287" level="INFO">GET Request : url=https://randomuser.me/api 
 path_url=/api 
 headers={'User-Agent': 'python-requests/2.32.3', 'Accept-Encoding': 'gzip, deflate', 'Accept': '*/*', 'Connection': 'keep-alive'} 
 body=None 
 </msg>
<msg time="2024-06-03T05:16:07.593365" level="INFO">GET Response : url=https://randomuser.me/api 
 status=200, reason=OK 
 headers={'Date': 'Mon, 03 Jun 2024 05:16:07 GMT', 'Content-Type': 'application/json; charset=utf-8', 'Transfer-Encoding': 'chunked', 'Connection': 'keep-alive', 'X-Powered-By': 'Express', 'Access-Control-Allow-Origin': '*', 'Cache-Control': 'no-cache', 'ETag': 'W/"478-Bk7E1PAkFKuKy8vUdQ06VEfFtaY"', 'Vary': 'Accept-Encoding', 'Content-Encoding': 'gzip', 'CF-Cache-Status': 'DYNAMIC', 'Report-To': '{"endpoints":[{"url":"https:\\/\\/a.nel.cloudflare.com\\/report\\/v4?s=%2FBzm8ov%2F8Q1PbJp6tl%2BZYoTrQWVGM%2B%2BrmuJY559F2dbNtcaVcbdqTuqhWfQqvo4hE9V0MXIeTZFXZry8CQEFXmT%2FJjklVLycnrrSlRXmfW8Omuugk%2FnfV9PGeWZ8DunB"}],"group":"cf-nel","max_age":604800}', 'NEL': '{"success_fraction":0,"report_to":"cf-nel","max_age":604800}', 'Server': 'cloudflare', 'CF-RAY': '88dd3592dab56fda-IAD', 'alt-svc': 'h3=":443"; ma=86400'} 
 body={"results":[{"gender":"female","name":{"title":"Ms","first":"Nurdan","last":"Yazıcı"},"location":{"street":{"number":3575,"name":"Tunalı Hilmi Cd"},"city":"Bolu","state":"Kilis","country":"Turkey","postcode":39307,"coordinates":{"latitude":"71.5414","longitude":"171.5007"},"timezone":{"offset":"-12:00","description":"Eniwetok, Kwajalein"}},"email":"nurdan.yazici@example.com","login":{"uuid":"bdb05a2f-5b81-4b42-82e5-8c8d96b19649","username":"greenlion776","password":"thumbs","salt":"QFhTqjqh","md5":"742cd09a80ffebfb48ff8e16edb07d03","sha1":"8ffa9d5185bcb74157bdb1891be8135022413f63","sha256":"64b20b001580f6bbc3357ec74e390ce2105db0bb757be33024d366c70e40b37b"},"dob":{"date":"1976-05-28T01:33:36.325Z","age":48},"registered":{"date":"2018-11-11T12:15:52.157Z","age":5},"phone":"(470)-632-5791","cell":"(483)-328-2031","id":{"name":"","value":null},"picture":{"large":"https://randomuser.me/api/portraits/women/54.jpg","medium":"https://randomuser.me/api/portraits/med/women/54.jpg","thumbnail":"https://randomuser.me/api/portraits/thumb/women/54.jpg"},"nat":"TR"}],"info":{"seed":"83bf92e3f5d47dd3","results":1,"page":1,"version":"1.4"}} 
 </msg>
<msg time="2024-06-03T05:16:07.593435" level="INFO">/opt/hostedtoolcache/Python/3.12.3/x64/lib/python3.12/site-packages/urllib3/connectionpool.py:1103: InsecureRequestWarning: Unverified HTTPS request is being made to host 'randomuser.me'. Adding certificate verification is strongly advised. See: https://urllib3.readthedocs.io/en/latest/advanced-usage.html#tls-warnings
  warnings.warn(</msg>
<msg time="2024-06-03T05:16:07.593563" level="INFO">${response} = &lt;Response [200]&gt;</msg>
<var>${response}</var>
<arg>consultarAPI</arg>
<arg>/api</arg>
<doc>Sends a GET request on a previously created HTTP Session.</doc>
<status status="PASS" start="2024-06-03T05:16:07.495450" elapsed="0.098161"/>
</kw>
<kw name="Set Variable" owner="BuiltIn">
<msg time="2024-06-03T05:16:07.594456" level="INFO">${json_data} = {'results': [{'gender': 'female', 'name': {'title': 'Ms', 'first': 'Nurdan', 'last': 'Yazıcı'}, 'location': {'street': {'number': 3575, 'name': 'Tunalı Hilmi Cd'}, 'city': 'Bolu', 'state': 'Kilis', 'c...</msg>
<var>${json_data}</var>
<arg>${response.json()}</arg>
<doc>Returns the given values which can then be assigned to a variables.</doc>
<status status="PASS" start="2024-06-03T05:16:07.594002" elapsed="0.000484"/>
</kw>
<kw name="Log" owner="BuiltIn">
<msg time="2024-06-03T05:16:07.594950" level="INFO">{'results': [{'gender': 'female', 'name': {'title': 'Ms', 'first': 'Nurdan', 'last': 'Yazıcı'}, 'location': {'street': {'number': 3575, 'name': 'Tunalı Hilmi Cd'}, 'city': 'Bolu', 'state': 'Kilis', 'country': 'Turkey', 'postcode': 39307, 'coordinates': {'latitude': '71.5414', 'longitude': '171.5007'}, 'timezone': {'offset': '-12:00', 'description': 'Eniwetok, Kwajalein'}}, 'email': 'nurdan.yazici@example.com', 'login': {'uuid': 'bdb05a2f-5b81-4b42-82e5-8c8d96b19649', 'username': 'greenlion776', 'password': 'thumbs', 'salt': 'QFhTqjqh', 'md5': '742cd09a80ffebfb48ff8e16edb07d03', 'sha1': '8ffa9d5185bcb74157bdb1891be8135022413f63', 'sha256': '64b20b001580f6bbc3357ec74e390ce2105db0bb757be33024d366c70e40b37b'}, 'dob': {'date': '1976-05-28T01:33:36.325Z', 'age': 48}, 'registered': {'date': '2018-11-11T12:15:52.157Z', 'age': 5}, 'phone': '(470)-632-5791', 'cell': '(483)-328-2031', 'id': {'name': '', 'value': None}, 'picture': {'large': 'https://randomuser.me/api/portraits/women/54.jpg', 'medium': 'https://randomuser.me/api/portraits/med/women/54.jpg', 'thumbnail': 'https://randomuser.me/api/portraits/thumb/women/54.jpg'}, 'nat': 'TR'}], 'info': {'seed': '83bf92e3f5d47dd3', 'results': 1, 'page': 1, 'version': '1.4'}}</msg>
<arg>${json_data}</arg>
<doc>Logs the given message with the given level.</doc>
<status status="PASS" start="2024-06-03T05:16:07.594794" elapsed="0.000238"/>
</kw>
<kw name="Should Be Equal As Numbers" owner="BuiltIn">
<arg>${json_data['results'][0]['location']['postcode']}</arg>
<arg>${json_data['results'][0]['location']['postcode']}</arg>
<doc>Fails if objects are unequal after converting them to real numbers.</doc>
<status status="PASS" start="2024-06-03T05:16:07.595334" elapsed="0.000664"/>
</kw>
<kw name="Log" owner="BuiltIn">
<msg time="2024-06-03T05:16:07.596536" level="INFO">39307</msg>
<arg>${json_data['results'][0]['location']['postcode']}</arg>
<doc>Logs the given message with the given level.</doc>
<status status="PASS" start="2024-06-03T05:16:07.596197" elapsed="0.000380"/>
</kw>
<status status="PASS" start="2024-06-03T05:16:07.495232" elapsed="0.101596"/>
</kw>
<doc>Testa se os tipos de dados na resposta da API estão corretos.</doc>
<tag>testeTiposDados</tag>
<status status="PASS" start="2024-06-03T05:16:07.413879" elapsed="0.183109"/>
</test>
<test id="s1-s1-t5" name="Validar conteudo" line="35">
<kw name="Teste de Tipos de Conteudo" owner="random-user-service">
<kw name="GET On Session" owner="RequestsLibrary">
<msg time="2024-06-03T05:16:07.690774" level="INFO">GET Request : url=https://randomuser.me/api 
 path_url=/api 
 headers={'User-Agent': 'python-requests/2.32.3', 'Accept-Encoding': 'gzip, deflate', 'Accept': '*/*', 'Connection': 'keep-alive'} 
 body=None 
 </msg>
<msg time="2024-06-03T05:16:07.690880" level="INFO">GET Response : url=https://randomuser.me/api 
 status=200, reason=OK 
 headers={'Date': 'Mon, 03 Jun 2024 05:16:07 GMT', 'Content-Type': 'application/json; charset=utf-8', 'Transfer-Encoding': 'chunked', 'Connection': 'keep-alive', 'X-Powered-By': 'Express', 'Access-Control-Allow-Origin': '*', 'Cache-Control': 'no-cache', 'ETag': 'W/"484-XVwXZhg0frOjk+vDlt/4aovBe20"', 'Vary': 'Accept-Encoding', 'Content-Encoding': 'gzip', 'CF-Cache-Status': 'DYNAMIC', 'Report-To': '{"endpoints":[{"url":"https:\\/\\/a.nel.cloudflare.com\\/report\\/v4?s=s8u06oVp6Rw%2BLFt%2BRUnKSUub8dbF3gLXFdEfrvqpV1BOnw7HLrt1Y9w6QKt0kiUI22jvG%2BxqWHwO2b5Fuuk8lajOWKI53%2BaeEZrgunPbq35BNxLuG6K6U4Tg4ZwJUS29"}],"group":"cf-nel","max_age":604800}', 'NEL': '{"success_fraction":0,"report_to":"cf-nel","max_age":604800}', 'Server': 'cloudflare', 'CF-RAY': '88dd35938b1f6fda-IAD', 'alt-svc': 'h3=":443"; ma=86400'} 
 body={"results":[{"gender":"female","name":{"title":"Mrs","first":"Kayla","last":"Wood"},"location":{"street":{"number":7221,"name":"Symonds Street"},"city":"Gisborne","state":"Marlborough","country":"New Zealand","postcode":66107,"coordinates":{"latitude":"53.6108","longitude":"130.8624"},"timezone":{"offset":"-1:00","description":"Azores, Cape Verde Islands"}},"email":"kayla.wood@example.com","login":{"uuid":"8e96bd36-9391-441b-a0f7-f83cc5bd1f76","username":"lazyzebra557","password":"wagner","salt":"oJfshUAb","md5":"8b2c8b4b8107f21be9e229ef27933e85","sha1":"8bea72fed337a123689499083123848c9b768d1b","sha256":"c62aa47d294ebbdbd5e8314da367f3abda909949c94eafacae82e9e01b14b7f9"},"dob":{"date":"1956-09-26T08:29:43.757Z","age":67},"registered":{"date":"2017-06-18T06:53:07.147Z","age":6},"phone":"(378)-094-3775","cell":"(511)-156-8686","id":{"name":"","value":null},"picture":{"large":"https://randomuser.me/api/portraits/women/75.jpg","medium":"https://randomuser.me/api/portraits/med/women/75.jpg","thumbnail":"https://randomuser.me/api/portraits/thumb/women/75.jpg"},"nat":"NZ"}],"info":{"seed":"0e981db3317074ba","results":1,"page":1,"version":"1.4"}} 
 </msg>
<msg time="2024-06-03T05:16:07.690951" level="INFO">/opt/hostedtoolcache/Python/3.12.3/x64/lib/python3.12/site-packages/urllib3/connectionpool.py:1103: InsecureRequestWarning: Unverified HTTPS request is being made to host 'randomuser.me'. Adding certificate verification is strongly advised. See: https://urllib3.readthedocs.io/en/latest/advanced-usage.html#tls-warnings
  warnings.warn(</msg>
<msg time="2024-06-03T05:16:07.691060" level="INFO">${response} = &lt;Response [200]&gt;</msg>
<var>${response}</var>
<arg>consultarAPI</arg>
<arg>/api</arg>
<doc>Sends a GET request on a previously created HTTP Session.</doc>
<status status="PASS" start="2024-06-03T05:16:07.599509" elapsed="0.091587"/>
</kw>
<kw name="Set Variable" owner="BuiltIn">
<msg time="2024-06-03T05:16:07.691868" level="INFO">${json_data} = {'results': [{'gender': 'female', 'name': {'title': 'Mrs', 'first': 'Kayla', 'last': 'Wood'}, 'location': {'street': {'number': 7221, 'name': 'Symonds Street'}, 'city': 'Gisborne', 'state': 'Marlborou...</msg>
<var>${json_data}</var>
<arg>${response.json()}</arg>
<doc>Returns the given values which can then be assigned to a variables.</doc>
<status status="PASS" start="2024-06-03T05:16:07.691427" elapsed="0.000471"/>
</kw>
<kw name="Set Variable" owner="BuiltIn">
<msg time="2024-06-03T05:16:07.692632" level="INFO">${name_title} = Mrs</msg>
<var>${name_title}</var>
<arg>${json_data["results"][0]["name"]["title"]}</arg>
<doc>Returns the given values which can then be assigned to a variables.</doc>
<status status="PASS" start="2024-06-03T05:16:07.692248" elapsed="0.000408"/>
</kw>
<kw name="Create List" owner="BuiltIn">
<msg time="2024-06-03T05:16:07.693099" level="INFO">${allowed_titles} = ['Mr', 'Ms', 'Miss', 'Mrs', 'Madame', 'Monsieur']</msg>
<var>${allowed_titles}</var>
<arg>Mr</arg>
<arg>Ms</arg>
<arg>Miss</arg>
<arg>Mrs</arg>
<arg>Madame</arg>
<arg>Monsieur</arg>
<doc>Returns a list containing given items.</doc>
<status status="PASS" start="2024-06-03T05:16:07.692952" elapsed="0.000172"/>
</kw>
<kw name="List Should Contain Value" owner="Collections">
<msg time="2024-06-03T05:16:07.693592" level="INFO">False</msg>
<arg>${allowed_titles}</arg>
<arg>${name_title}</arg>
<doc>Fails if the ``value`` is not found from ``list``.</doc>
<status status="PASS" start="2024-06-03T05:16:07.693424" elapsed="0.000204"/>
</kw>
<kw name="Set Variable" owner="BuiltIn">
<msg time="2024-06-03T05:16:07.694752" level="INFO">${name_country} = NZ</msg>
<var>${name_country}</var>
<arg>${json_data["results"][0]["nat"]}</arg>
<doc>Returns the given values which can then be assigned to a variables.</doc>
<status status="PASS" start="2024-06-03T05:16:07.694078" elapsed="0.000700"/>
</kw>
<kw name="Create List" owner="BuiltIn">
<msg time="2024-06-03T05:16:07.695691" level="INFO">${list_country} = ['AD', 'AE', 'AF', 'AG', 'AI', 'AL', 'AM', 'AO', 'AQ', 'AR', 'AS', 'AT', 'AU', 'AW', 'AX', 'AZ', 'BA', 'BB', 'BD', 'BE', 'BF', 'BG', 'BH', 'BI', 'BJ', 'BL', 'BM', 'BN', 'BO', 'BQ', 'BR', 'BS', 'BT', '...</msg>
<var>${list_country}</var>
<arg>AD</arg>
<arg>AE</arg>
<arg>AF</arg>
<arg>AG</arg>
<arg>AI</arg>
<arg>AL</arg>
<arg>AM</arg>
<arg>AO</arg>
<arg>AQ</arg>
<arg>AR</arg>
<arg>AS</arg>
<arg>AT</arg>
<arg>AU</arg>
<arg>AW</arg>
<arg>AX</arg>
<arg>AZ</arg>
<arg>BA</arg>
<arg>BB</arg>
<arg>BD</arg>
<arg>BE</arg>
<arg>BF</arg>
<arg>BG</arg>
<arg>BH</arg>
<arg>BI</arg>
<arg>BJ</arg>
<arg>BL</arg>
<arg>BM</arg>
<arg>BN</arg>
<arg>BO</arg>
<arg>BQ</arg>
<arg>BR</arg>
<arg>BS</arg>
<arg>BT</arg>
<arg>BV</arg>
<arg>BW</arg>
<arg>BY</arg>
<arg>BZ</arg>
<arg>CA</arg>
<arg>CC</arg>
<arg>CD</arg>
<arg>CF</arg>
<arg>CG</arg>
<arg>CH</arg>
<arg>CI</arg>
<arg>CK</arg>
<arg>CL</arg>
<arg>CM</arg>
<arg>CN</arg>
<arg>CO</arg>
<arg>CR</arg>
<arg>CU</arg>
<arg>CV</arg>
<arg>CW</arg>
<arg>CX</arg>
<arg>CY</arg>
<arg>CZ</arg>
<arg>DE</arg>
<arg>DJ</arg>
<arg>DK</arg>
<arg>DM</arg>
<arg>DO</arg>
<arg>DZ</arg>
<arg>EC</arg>
<arg>EE</arg>
<arg>EG</arg>
<arg>EH</arg>
<arg>ER</arg>
<arg>ES</arg>
<arg>ET</arg>
<arg>FI</arg>
<arg>FJ</arg>
<arg>FK</arg>
<arg>FM</arg>
<arg>FO</arg>
<arg>FR</arg>
<arg>GA</arg>
<arg>GB</arg>
<arg>GD</arg>
<arg>GE</arg>
<arg>GF</arg>
<arg>GG</arg>
<arg>GH</arg>
<arg>GI</arg>
<arg>GL</arg>
<arg>GM</arg>
<arg>GN</arg>
<arg>GP</arg>
<arg>GQ</arg>
<arg>GR</arg>
<arg>GS</arg>
<arg>GT</arg>
<arg>GU</arg>
<arg>GW</arg>
<arg>GY</arg>
<arg>HK</arg>
<arg>HM</arg>
<arg>HN</arg>
<arg>HR</arg>
<arg>HT</arg>
<arg>HU</arg>
<arg>ID</arg>
<arg>IE</arg>
<arg>IL</arg>
<arg>IM</arg>
<arg>IN</arg>
<arg>IO</arg>
<arg>IQ</arg>
<arg>IR</arg>
<arg>IS</arg>
<arg>IT</arg>
<arg>JE</arg>
<arg>JM</arg>
<arg>JO</arg>
<arg>JP</arg>
<arg>KE</arg>
<arg>KG</arg>
<arg>KH</arg>
<arg>KI</arg>
<arg>KM</arg>
<arg>KN</arg>
<arg>KP</arg>
<arg>KR</arg>
<arg>KW</arg>
<arg>KY</arg>
<arg>KZ</arg>
<arg>LA</arg>
<arg>LB</arg>
<arg>LC</arg>
<arg>LI</arg>
<arg>LK</arg>
<arg>LR</arg>
<arg>LS</arg>
<arg>LT</arg>
<arg>LU</arg>
<arg>LV</arg>
<arg>LY</arg>
<arg>MA</arg>
<arg>MC</arg>
<arg>MD</arg>
<arg>ME</arg>
<arg>MF</arg>
<arg>MG</arg>
<arg>MH</arg>
<arg>MK</arg>
<arg>ML</arg>
<arg>MM</arg>
<arg>MN</arg>
<arg>MO</arg>
<arg>MP</arg>
<arg>MQ</arg>
<arg>MR</arg>
<arg>MS</arg>
<arg>MT</arg>
<arg>MU</arg>
<arg>MV</arg>
<arg>MW</arg>
<arg>MX</arg>
<arg>MY</arg>
<arg>MZ</arg>
<arg>NA</arg>
<arg>NC</arg>
<arg>NE</arg>
<arg>NF</arg>
<arg>NG</arg>
<arg>NI</arg>
<arg>NL</arg>
<arg>NO</arg>
<arg>NP</arg>
<arg>NR</arg>
<arg>NU</arg>
<arg>NZ</arg>
<arg>OM</arg>
<arg>PA</arg>
<arg>PE</arg>
<arg>PF</arg>
<arg>PG</arg>
<arg>PH</arg>
<arg>PK</arg>
<arg>PL</arg>
<arg>PM</arg>
<arg>PN</arg>
<arg>PR</arg>
<arg>PS</arg>
<arg>PT</arg>
<arg>PW</arg>
<arg>PY</arg>
<arg>QA</arg>
<arg>RE</arg>
<arg>RO</arg>
<arg>RS</arg>
<arg>RU</arg>
<arg>RW</arg>
<arg>SA</arg>
<arg>SB</arg>
<arg>SC</arg>
<arg>SD</arg>
<arg>SE</arg>
<arg>SG</arg>
<arg>SH</arg>
<arg>SI</arg>
<arg>SJ</arg>
<arg>SK</arg>
<arg>SL</arg>
<arg>SM</arg>
<arg>SN</arg>
<arg>SO</arg>
<arg>SR</arg>
<arg>SS</arg>
<arg>ST</arg>
<arg>SV</arg>
<arg>SX</arg>
<arg>SY</arg>
<arg>SZ</arg>
<arg>TC</arg>
<arg>TD</arg>
<arg>TF</arg>
<arg>TG</arg>
<arg>TH</arg>
<arg>TJ</arg>
<arg>TK</arg>
<arg>TL</arg>
<arg>TM</arg>
<arg>TN</arg>
<arg>TO</arg>
<arg>TR</arg>
<arg>TT</arg>
<arg>TV</arg>
<arg>TW</arg>
<arg>TZ</arg>
<arg>UA</arg>
<arg>UG</arg>
<arg>UM</arg>
<arg>US</arg>
<arg>UY</arg>
<arg>UZ</arg>
<arg>VA</arg>
<arg>VC</arg>
<arg>VE</arg>
<arg>VG</arg>
<arg>VI</arg>
<arg>VN</arg>
<arg>VU</arg>
<arg>WF</arg>
<arg>WS</arg>
<arg>XK</arg>
<arg>YE</arg>
<arg>YT</arg>
<arg>ZA</arg>
<arg>ZM</arg>
<arg>ZW</arg>
<doc>Returns a list containing given items.</doc>
<status status="PASS" start="2024-06-03T05:16:07.695095" elapsed="0.000621"/>
</kw>
<kw name="List Should Contain Value" owner="Collections">
<msg time="2024-06-03T05:16:07.696733" level="INFO">False</msg>
<arg>${list_country}</arg>
<arg>${name_country}</arg>
<doc>Fails if the ``value`` is not found from ``list``.</doc>
<status status="PASS" start="2024-06-03T05:16:07.696526" elapsed="0.000243"/>
</kw>
<kw name="Run Keyword If" owner="BuiltIn">
<kw name="Should Be True" owner="BuiltIn">
<arg>${True}</arg>
<doc>Fails if the given condition is not true.</doc>
<status status="PASS" start="2024-06-03T05:16:07.697833" elapsed="0.000143"/>
</kw>
<arg>${json_data["results"][0]["location"]["coordinates"]["latitude"]} &gt;= -90 and ${json_data["results"][0]["location"]["coordinates"]["latitude"]} &lt;= 90</arg>
<arg>Should Be True</arg>
<arg>${True}</arg>
<doc>Runs the given keyword with the given arguments, if ``condition`` is true.</doc>
<status status="PASS" start="2024-06-03T05:16:07.697083" elapsed="0.001021"/>
</kw>
<kw name="Run Keyword If" owner="BuiltIn">
<kw name="Should Be True" owner="BuiltIn">
<arg>${True}</arg>
<doc>Fails if the given condition is not true.</doc>
<status status="PASS" start="2024-06-03T05:16:07.698985" elapsed="0.000138"/>
</kw>
<arg>${json_data["results"][0]["location"]["coordinates"]["longitude"]} &gt;= -180 and ${json_data["results"][0]["location"]["coordinates"]["longitude"]} &lt;= 180</arg>
<arg>Should Be True</arg>
<arg>${True}</arg>
<doc>Runs the given keyword with the given arguments, if ``condition`` is true.</doc>
<status status="PASS" start="2024-06-03T05:16:07.698289" elapsed="0.000957"/>
</kw>
<status status="PASS" start="2024-06-03T05:16:07.599268" elapsed="0.100107"/>
</kw>
<doc>Testa o conteúdo específico dos campos retornados pela API.</doc>
<tag>testeConteudo</tag>
<status status="PASS" start="2024-06-03T05:16:07.598697" elapsed="0.100828"/>
</test>
<status status="PASS" start="2024-06-03T05:16:06.900261" elapsed="0.801223"/>
</suite>
<status status="PASS" start="2024-06-03T05:16:06.886931" elapsed="0.819648"/>
</suite>
<statistics>
<total>
<stat pass="5" fail="0" skip="0">All Tests</stat>
</total>
<tag>
<stat pass="1" fail="0" skip="0">testeConteudo</stat>
<stat pass="1" fail="0" skip="0">testeEstruturaResposta</stat>
<stat pass="1" fail="0" skip="0">testeRequisicaoBasica</stat>
<stat pass="1" fail="0" skip="0">testeTiposDados</stat>
</tag>
<suite>
<stat pass="5" fail="0" skip="0" id="s1" name="Tests">Tests</stat>
<stat pass="5" fail="0" skip="0" id="s1-s1" name="Random-User-Test">Tests.Random-User-Test</stat>
</suite>
</statistics>
<errors>
</errors>
</robot>
