<?xml version="1.0" encoding="UTF-8"?>
<robot generator="Robot 7.0.1 (Python 3.12.4 on linux)" generated="2024-07-15T05:15:12.935569" rpa="false" schemaversion="5">
<suite id="s1" name="Tests" source="/home/runner/work/ApiRandomUser/ApiRandomUser/RamdonUser/tests">
<suite id="s1-s1" name="Random-User-Test" source="/home/runner/work/ApiRandomUser/ApiRandomUser/RamdonUser/tests/random-user-test.robot">
<test id="s1-s1-t1" name="Conectar" line="13">
<kw name="Conectar API" owner="random-user-service">
<kw name="Create Session" owner="RequestsLibrary">
<msg time="2024-07-15T05:15:13.426260" level="INFO">Creating Session using : alias=consultarAPI, url=https://randomuser.me/, headers={},                     cookies={}, auth=None, timeout=None, proxies=None, verify=False,                     debug=0 </msg>
<arg>consultarAPI</arg>
<arg>${URL}</arg>
<doc>Create Session: create a HTTP session to a server</doc>
<status status="PASS" start="2024-07-15T05:15:13.426034" elapsed="0.000426"/>
</kw>
<status status="PASS" start="2024-07-15T05:15:13.424998" elapsed="0.001846"/>
</kw>
<status status="PASS" start="2024-07-15T05:15:13.424308" elapsed="0.002744"/>
</test>
<test id="s1-s1-t2" name="Validar retorno 200 e JSON Válido" line="16">
<kw name="Teste de Requisicao Basica" owner="random-user-service">
<kw name="GET On Session" owner="RequestsLibrary">
<msg time="2024-07-15T05:15:13.662224" level="INFO">GET Request : url=https://randomuser.me/api 
 path_url=/api 
 headers={'User-Agent': 'python-requests/2.32.3', 'Accept-Encoding': 'gzip, deflate', 'Accept': '*/*', 'Connection': 'keep-alive'} 
 body=None 
 </msg>
<msg time="2024-07-15T05:15:13.662389" level="INFO">GET Response : url=https://randomuser.me/api 
 status=200, reason=OK 
 headers={'Date': 'Mon, 15 Jul 2024 05:15:13 GMT', 'Content-Type': 'application/json; charset=utf-8', 'Transfer-Encoding': 'chunked', 'Connection': 'keep-alive', 'X-Powered-By': 'Express', 'Access-Control-Allow-Origin': '*', 'Cache-Control': 'no-cache', 'ETag': 'W/"48e-7lyxLCUvmYNLvrsI0OYKLIaMu7s"', 'Vary': 'Accept-Encoding', 'Content-Encoding': 'gzip', 'CF-Cache-Status': 'DYNAMIC', 'Report-To': '{"endpoints":[{"url":"https:\\/\\/a.nel.cloudflare.com\\/report\\/v4?s=YRY8hulxPqyQVJPCilL1aL%2BWP3yhXWO25HB7mMymHxpqYu4Wfj1sx4QDBicLDL4O6B4JOS7kNPpy%2BMF2P5FcO9%2FFHmQJqD1djBI0kFnrYcxvGBOmnHXO8K3Qalbd%2FPzV"}],"group":"cf-nel","max_age":604800}', 'NEL': '{"success_fraction":0,"report_to":"cf-nel","max_age":604800}', 'Server': 'cloudflare', 'CF-RAY': '8a3746023e058792-IAD', 'alt-svc': 'h3=":443"; ma=86400'} 
 body={"results":[{"gender":"male","name":{"title":"Mr","first":"Arsénio","last":"da Luz"},"location":{"street":{"number":8472,"name":"Avenida Brasil "},"city":"Nova Iguaçu","state":"Acre","country":"Brazil","postcode":78444,"coordinates":{"latitude":"-72.9421","longitude":"-81.7551"},"timezone":{"offset":"+2:00","description":"Kaliningrad, South Africa"}},"email":"arsenio.daluz@example.com","login":{"uuid":"248d090c-3352-48f6-8ff7-ff9d0ac9e868","username":"yellowladybug943","password":"zone","salt":"omviH0As","md5":"70782467945089b450376f02a6ae88d3","sha1":"483e3a741925bcbabc57ae3f107d7fafccf44e8a","sha256":"6b570f93ec222730deb02a6b6013839c7c0df91ad01928736440eb52079575c1"},"dob":{"date":"1998-12-22T20:07:01.999Z","age":25},"registered":{"date":"2014-04-05T06:37:59.471Z","age":10},"phone":"(06) 7595-3590","cell":"(85) 7157-0727","id":{"name":"CPF","value":"280.053.065-02"},"picture":{"large":"https://randomuser.me/api/portraits/men/87.jpg","medium":"https://randomuser.me/api/portraits/med/men/87.jpg","thumbnail":"https://randomuser.me/api/portraits/thumb/men/87.jpg"},"nat":"BR"}],"info":{"seed":"6fc6deb034d55dfa","results":1,"page":1,"version":"1.4"}} 
 </msg>
<msg time="2024-07-15T05:15:13.662483" level="INFO">/opt/hostedtoolcache/Python/3.12.4/x64/lib/python3.12/site-packages/urllib3/connectionpool.py:1099: InsecureRequestWarning: Unverified HTTPS request is being made to host 'randomuser.me'. Adding certificate verification is strongly advised. See: https://urllib3.readthedocs.io/en/latest/advanced-usage.html#tls-warnings
  warnings.warn(</msg>
<msg time="2024-07-15T05:15:13.662647" level="INFO">${response} = &lt;Response [200]&gt;</msg>
<var>${response}</var>
<arg>consultarAPI</arg>
<arg>/api</arg>
<doc>Sends a GET request on a previously created HTTP Session.</doc>
<status status="PASS" start="2024-07-15T05:15:13.429809" elapsed="0.232890"/>
</kw>
<kw name="Should Be Equal As Numbers" owner="BuiltIn">
<msg time="2024-07-15T05:15:13.663993" level="INFO">Argument types are:
&lt;class 'int'&gt;
&lt;class 'str'&gt;</msg>
<arg>${response.status_code}</arg>
<arg>200</arg>
<doc>Fails if objects are unequal after converting them to real numbers.</doc>
<status status="PASS" start="2024-07-15T05:15:13.663469" elapsed="0.000598"/>
</kw>
<kw name="Log" owner="BuiltIn">
<msg time="2024-07-15T05:15:13.664842" level="INFO">200</msg>
<arg>${response.status_code}</arg>
<doc>Logs the given message with the given level.</doc>
<status status="PASS" start="2024-07-15T05:15:13.664457" elapsed="0.000433"/>
</kw>
<kw name="Set Variable" owner="BuiltIn">
<msg time="2024-07-15T05:15:13.665706" level="INFO">${json_data} = {'results': [{'gender': 'male', 'name': {'title': 'Mr', 'first': 'Arsénio', 'last': 'da Luz'}, 'location': {'street': {'number': 8472, 'name': 'Avenida Brasil '}, 'city': 'Nova Iguaçu', 'state': 'Acre...</msg>
<var>${json_data}</var>
<arg>${response.json()}</arg>
<doc>Returns the given values which can then be assigned to a variables.</doc>
<status status="PASS" start="2024-07-15T05:15:13.665236" elapsed="0.000501"/>
</kw>
<kw name="Dictionary Should Contain Key" owner="Collections">
<arg>${json_data}</arg>
<arg>results</arg>
<doc>Fails if ``key`` is not found from ``dictionary``.</doc>
<status status="PASS" start="2024-07-15T05:15:13.666058" elapsed="0.000181"/>
</kw>
<status status="PASS" start="2024-07-15T05:15:13.429543" elapsed="0.236855"/>
</kw>
<doc>Testa se a API responde corretamente e retorna um objeto JSON válido.</doc>
<tag>testeRequisicaoBasica</tag>
<status status="PASS" start="2024-07-15T05:15:13.428989" elapsed="0.237598"/>
</test>
<test id="s1-s1-t3" name="Validar estrutura de resposta" line="22">
<kw name="Teste de Estrutura de Resposta" owner="random-user-service">
<kw name="GET On Session" owner="RequestsLibrary">
<msg time="2024-07-15T05:15:13.760485" level="INFO">GET Request : url=https://randomuser.me/api 
 path_url=/api 
 headers={'User-Agent': 'python-requests/2.32.3', 'Accept-Encoding': 'gzip, deflate', 'Accept': '*/*', 'Connection': 'keep-alive'} 
 body=None 
 </msg>
<msg time="2024-07-15T05:15:13.760606" level="INFO">GET Response : url=https://randomuser.me/api 
 status=200, reason=OK 
 headers={'Date': 'Mon, 15 Jul 2024 05:15:13 GMT', 'Content-Type': 'application/json; charset=utf-8', 'Transfer-Encoding': 'chunked', 'Connection': 'keep-alive', 'X-Powered-By': 'Express', 'Access-Control-Allow-Origin': '*', 'Cache-Control': 'no-cache', 'ETag': 'W/"48b-t7NB+dD35GWykKjPHoIa6OsU6fc"', 'Vary': 'Accept-Encoding', 'Content-Encoding': 'gzip', 'CF-Cache-Status': 'DYNAMIC', 'Report-To': '{"endpoints":[{"url":"https:\\/\\/a.nel.cloudflare.com\\/report\\/v4?s=rHmAucksucydsES79%2BxeR7pZvKBfrIr13W2LQdN5gSPSjsOqvXYVF4WlyZh9aDahRXYIefvnc2x8ae4HeY7pYHPC4Jwif2%2FVt5doX4qTSsHzsEnWPrZfZ29Pthx8OcXj"}],"group":"cf-nel","max_age":604800}', 'NEL': '{"success_fraction":0,"report_to":"cf-nel","max_age":604800}', 'Server': 'cloudflare', 'CF-RAY': '8a3746027e4f8792-IAD', 'alt-svc': 'h3=":443"; ma=86400'} 
 body={"results":[{"gender":"male","name":{"title":"Mr","first":"Zlatan","last":"Zekić"},"location":{"street":{"number":8758,"name":"Sedmog Jula"},"city":"Leposavić","state":"Kosovo","country":"Serbia","postcode":96859,"coordinates":{"latitude":"58.1181","longitude":"-157.6911"},"timezone":{"offset":"+9:00","description":"Tokyo, Seoul, Osaka, Sapporo, Yakutsk"}},"email":"zlatan.zekic@example.com","login":{"uuid":"ffeec63f-abc6-4165-9989-5da85c149f33","username":"lazymeercat422","password":"maserati","salt":"OUXxgzvv","md5":"1ea3fea542e3a52558adee680596ceeb","sha1":"03240a0449e17266f069c9d89332a89602721ecc","sha256":"9301d052156cdf80880f2b026dc640f51490055e8ff9d8b0b886b13381996ecf"},"dob":{"date":"1991-04-17T06:26:50.888Z","age":33},"registered":{"date":"2015-07-28T21:10:52.092Z","age":8},"phone":"027-1369-229","cell":"068-2698-235","id":{"name":"SID","value":"205538689"},"picture":{"large":"https://randomuser.me/api/portraits/men/53.jpg","medium":"https://randomuser.me/api/portraits/med/men/53.jpg","thumbnail":"https://randomuser.me/api/portraits/thumb/men/53.jpg"},"nat":"RS"}],"info":{"seed":"a8a77e21c5029f84","results":1,"page":1,"version":"1.4"}} 
 </msg>
<msg time="2024-07-15T05:15:13.760761" level="INFO">/opt/hostedtoolcache/Python/3.12.4/x64/lib/python3.12/site-packages/urllib3/connectionpool.py:1099: InsecureRequestWarning: Unverified HTTPS request is being made to host 'randomuser.me'. Adding certificate verification is strongly advised. See: https://urllib3.readthedocs.io/en/latest/advanced-usage.html#tls-warnings
  warnings.warn(</msg>
<msg time="2024-07-15T05:15:13.760892" level="INFO">${response} = &lt;Response [200]&gt;</msg>
<var>${response}</var>
<arg>consultarAPI</arg>
<arg>/api</arg>
<doc>Sends a GET request on a previously created HTTP Session.</doc>
<status status="PASS" start="2024-07-15T05:15:13.669488" elapsed="0.091435"/>
</kw>
<kw name="Set Variable" owner="BuiltIn">
<msg time="2024-07-15T05:15:13.762081" level="INFO">${json_data} = {'results': [{'gender': 'male', 'name': {'title': 'Mr', 'first': 'Zlatan', 'last': 'Zekić'}, 'location': {'street': {'number': 8758, 'name': 'Sedmog Jula'}, 'city': 'Leposavić', 'state': 'Kosovo', 'co...</msg>
<var>${json_data}</var>
<arg>${response.json()}</arg>
<doc>Returns the given values which can then be assigned to a variables.</doc>
<status status="PASS" start="2024-07-15T05:15:13.761516" elapsed="0.000598"/>
</kw>
<kw name="Log" owner="BuiltIn">
<msg time="2024-07-15T05:15:13.762686" level="INFO">{'results': [{'gender': 'male', 'name': {'title': 'Mr', 'first': 'Zlatan', 'last': 'Zekić'}, 'location': {'street': {'number': 8758, 'name': 'Sedmog Jula'}, 'city': 'Leposavić', 'state': 'Kosovo', 'country': 'Serbia', 'postcode': 96859, 'coordinates': {'latitude': '58.1181', 'longitude': '-157.6911'}, 'timezone': {'offset': '+9:00', 'description': 'Tokyo, Seoul, Osaka, Sapporo, Yakutsk'}}, 'email': 'zlatan.zekic@example.com', 'login': {'uuid': 'ffeec63f-abc6-4165-9989-5da85c149f33', 'username': 'lazymeercat422', 'password': 'maserati', 'salt': 'OUXxgzvv', 'md5': '1ea3fea542e3a52558adee680596ceeb', 'sha1': '03240a0449e17266f069c9d89332a89602721ecc', 'sha256': '9301d052156cdf80880f2b026dc640f51490055e8ff9d8b0b886b13381996ecf'}, 'dob': {'date': '1991-04-17T06:26:50.888Z', 'age': 33}, 'registered': {'date': '2015-07-28T21:10:52.092Z', 'age': 8}, 'phone': '027-1369-229', 'cell': '068-2698-235', 'id': {'name': 'SID', 'value': '205538689'}, 'picture': {'large': 'https://randomuser.me/api/portraits/men/53.jpg', 'medium': 'https://randomuser.me/api/portraits/med/men/53.jpg', 'thumbnail': 'https://randomuser.me/api/portraits/thumb/men/53.jpg'}, 'nat': 'RS'}], 'info': {'seed': 'a8a77e21c5029f84', 'results': 1, 'page': 1, 'version': '1.4'}}</msg>
<arg>${json_data}</arg>
<doc>Logs the given message with the given level.</doc>
<status status="PASS" start="2024-07-15T05:15:13.762499" elapsed="0.000252"/>
</kw>
<kw name="Dictionary Should Contain Key" owner="Collections">
<arg>${json_data}</arg>
<arg>results</arg>
<doc>Fails if ``key`` is not found from ``dictionary``.</doc>
<status status="PASS" start="2024-07-15T05:15:13.763091" elapsed="0.000218"/>
</kw>
<kw name="Should Not Be Empty" owner="BuiltIn">
<msg time="2024-07-15T05:15:13.763664" level="INFO">Length is 2.</msg>
<arg>${json_data}</arg>
<doc>Verifies that the given item is not empty.</doc>
<status status="PASS" start="2024-07-15T05:15:13.763523" elapsed="0.000186"/>
</kw>
<kw name="Create List" owner="BuiltIn">
<msg time="2024-07-15T05:15:13.764366" level="INFO">${expected_keys} = ['gender', 'name', 'location', 'email', 'login']</msg>
<var>${expected_keys}</var>
<arg>gender</arg>
<arg>name</arg>
<arg>location</arg>
<arg>email</arg>
<arg>login</arg>
<doc>Returns a list containing given items.</doc>
<status status="PASS" start="2024-07-15T05:15:13.764021" elapsed="0.000372"/>
</kw>
<for flavor="IN">
<iter>
<kw name="Dictionary Should Contain Key" owner="Collections">
<arg>${json_data['results'][0]}</arg>
<arg>${key}</arg>
<doc>Fails if ``key`` is not found from ``dictionary``.</doc>
<status status="PASS" start="2024-07-15T05:15:13.765022" elapsed="0.000432"/>
</kw>
<kw name="Log" owner="BuiltIn">
<msg time="2024-07-15T05:15:13.766029" level="INFO">{'gender': 'male', 'name': {'title': 'Mr', 'first': 'Zlatan', 'last': 'Zekić'}, 'location': {'street': {'number': 8758, 'name': 'Sedmog Jula'}, 'city': 'Leposavić', 'state': 'Kosovo', 'country': 'Serbia', 'postcode': 96859, 'coordinates': {'latitude': '58.1181', 'longitude': '-157.6911'}, 'timezone': {'offset': '+9:00', 'description': 'Tokyo, Seoul, Osaka, Sapporo, Yakutsk'}}, 'email': 'zlatan.zekic@example.com', 'login': {'uuid': 'ffeec63f-abc6-4165-9989-5da85c149f33', 'username': 'lazymeercat422', 'password': 'maserati', 'salt': 'OUXxgzvv', 'md5': '1ea3fea542e3a52558adee680596ceeb', 'sha1': '03240a0449e17266f069c9d89332a89602721ecc', 'sha256': '9301d052156cdf80880f2b026dc640f51490055e8ff9d8b0b886b13381996ecf'}, 'dob': {'date': '1991-04-17T06:26:50.888Z', 'age': 33}, 'registered': {'date': '2015-07-28T21:10:52.092Z', 'age': 8}, 'phone': '027-1369-229', 'cell': '068-2698-235', 'id': {'name': 'SID', 'value': '205538689'}, 'picture': {'large': 'https://randomuser.me/api/portraits/men/53.jpg', 'medium': 'https://randomuser.me/api/portraits/med/men/53.jpg', 'thumbnail': 'https://randomuser.me/api/portraits/thumb/men/53.jpg'}, 'nat': 'RS'}</msg>
<arg>${json_data['results'][0]}</arg>
<doc>Logs the given message with the given level.</doc>
<status status="PASS" start="2024-07-15T05:15:13.765647" elapsed="0.000438"/>
</kw>
<kw name="Log" owner="BuiltIn">
<msg time="2024-07-15T05:15:13.766533" level="INFO">gender</msg>
<arg>${key}</arg>
<doc>Logs the given message with the given level.</doc>
<status status="PASS" start="2024-07-15T05:15:13.766401" elapsed="0.000172"/>
</kw>
<var name="${key}">gender</var>
<status status="PASS" start="2024-07-15T05:15:13.764883" elapsed="0.001912"/>
</iter>
<iter>
<kw name="Dictionary Should Contain Key" owner="Collections">
<arg>${json_data['results'][0]}</arg>
<arg>${key}</arg>
<doc>Fails if ``key`` is not found from ``dictionary``.</doc>
<status status="PASS" start="2024-07-15T05:15:13.767118" elapsed="0.000427"/>
</kw>
<kw name="Log" owner="BuiltIn">
<msg time="2024-07-15T05:15:13.768093" level="INFO">{'gender': 'male', 'name': {'title': 'Mr', 'first': 'Zlatan', 'last': 'Zekić'}, 'location': {'street': {'number': 8758, 'name': 'Sedmog Jula'}, 'city': 'Leposavić', 'state': 'Kosovo', 'country': 'Serbia', 'postcode': 96859, 'coordinates': {'latitude': '58.1181', 'longitude': '-157.6911'}, 'timezone': {'offset': '+9:00', 'description': 'Tokyo, Seoul, Osaka, Sapporo, Yakutsk'}}, 'email': 'zlatan.zekic@example.com', 'login': {'uuid': 'ffeec63f-abc6-4165-9989-5da85c149f33', 'username': 'lazymeercat422', 'password': 'maserati', 'salt': 'OUXxgzvv', 'md5': '1ea3fea542e3a52558adee680596ceeb', 'sha1': '03240a0449e17266f069c9d89332a89602721ecc', 'sha256': '9301d052156cdf80880f2b026dc640f51490055e8ff9d8b0b886b13381996ecf'}, 'dob': {'date': '1991-04-17T06:26:50.888Z', 'age': 33}, 'registered': {'date': '2015-07-28T21:10:52.092Z', 'age': 8}, 'phone': '027-1369-229', 'cell': '068-2698-235', 'id': {'name': 'SID', 'value': '205538689'}, 'picture': {'large': 'https://randomuser.me/api/portraits/men/53.jpg', 'medium': 'https://randomuser.me/api/portraits/med/men/53.jpg', 'thumbnail': 'https://randomuser.me/api/portraits/thumb/men/53.jpg'}, 'nat': 'RS'}</msg>
<arg>${json_data['results'][0]}</arg>
<doc>Logs the given message with the given level.</doc>
<status status="PASS" start="2024-07-15T05:15:13.767730" elapsed="0.000452"/>
</kw>
<kw name="Log" owner="BuiltIn">
<msg time="2024-07-15T05:15:13.768620" level="INFO">name</msg>
<arg>${key}</arg>
<doc>Logs the given message with the given level.</doc>
<status status="PASS" start="2024-07-15T05:15:13.768488" elapsed="0.000170"/>
</kw>
<var name="${key}">name</var>
<status status="PASS" start="2024-07-15T05:15:13.767000" elapsed="0.001878"/>
</iter>
<iter>
<kw name="Dictionary Should Contain Key" owner="Collections">
<arg>${json_data['results'][0]}</arg>
<arg>${key}</arg>
<doc>Fails if ``key`` is not found from ``dictionary``.</doc>
<status status="PASS" start="2024-07-15T05:15:13.769182" elapsed="0.000388"/>
</kw>
<kw name="Log" owner="BuiltIn">
<msg time="2024-07-15T05:15:13.770111" level="INFO">{'gender': 'male', 'name': {'title': 'Mr', 'first': 'Zlatan', 'last': 'Zekić'}, 'location': {'street': {'number': 8758, 'name': 'Sedmog Jula'}, 'city': 'Leposavić', 'state': 'Kosovo', 'country': 'Serbia', 'postcode': 96859, 'coordinates': {'latitude': '58.1181', 'longitude': '-157.6911'}, 'timezone': {'offset': '+9:00', 'description': 'Tokyo, Seoul, Osaka, Sapporo, Yakutsk'}}, 'email': 'zlatan.zekic@example.com', 'login': {'uuid': 'ffeec63f-abc6-4165-9989-5da85c149f33', 'username': 'lazymeercat422', 'password': 'maserati', 'salt': 'OUXxgzvv', 'md5': '1ea3fea542e3a52558adee680596ceeb', 'sha1': '03240a0449e17266f069c9d89332a89602721ecc', 'sha256': '9301d052156cdf80880f2b026dc640f51490055e8ff9d8b0b886b13381996ecf'}, 'dob': {'date': '1991-04-17T06:26:50.888Z', 'age': 33}, 'registered': {'date': '2015-07-28T21:10:52.092Z', 'age': 8}, 'phone': '027-1369-229', 'cell': '068-2698-235', 'id': {'name': 'SID', 'value': '205538689'}, 'picture': {'large': 'https://randomuser.me/api/portraits/men/53.jpg', 'medium': 'https://randomuser.me/api/portraits/med/men/53.jpg', 'thumbnail': 'https://randomuser.me/api/portraits/thumb/men/53.jpg'}, 'nat': 'RS'}</msg>
<arg>${json_data['results'][0]}</arg>
<doc>Logs the given message with the given level.</doc>
<status status="PASS" start="2024-07-15T05:15:13.769753" elapsed="0.000410"/>
</kw>
<kw name="Log" owner="BuiltIn">
<msg time="2024-07-15T05:15:13.770594" level="INFO">location</msg>
<arg>${key}</arg>
<doc>Logs the given message with the given level.</doc>
<status status="PASS" start="2024-07-15T05:15:13.770464" elapsed="0.000168"/>
</kw>
<var name="${key}">location</var>
<status status="PASS" start="2024-07-15T05:15:13.769068" elapsed="0.001791"/>
</iter>
<iter>
<kw name="Dictionary Should Contain Key" owner="Collections">
<arg>${json_data['results'][0]}</arg>
<arg>${key}</arg>
<doc>Fails if ``key`` is not found from ``dictionary``.</doc>
<status status="PASS" start="2024-07-15T05:15:13.771150" elapsed="0.000423"/>
</kw>
<kw name="Log" owner="BuiltIn">
<msg time="2024-07-15T05:15:13.772124" level="INFO">{'gender': 'male', 'name': {'title': 'Mr', 'first': 'Zlatan', 'last': 'Zekić'}, 'location': {'street': {'number': 8758, 'name': 'Sedmog Jula'}, 'city': 'Leposavić', 'state': 'Kosovo', 'country': 'Serbia', 'postcode': 96859, 'coordinates': {'latitude': '58.1181', 'longitude': '-157.6911'}, 'timezone': {'offset': '+9:00', 'description': 'Tokyo, Seoul, Osaka, Sapporo, Yakutsk'}}, 'email': 'zlatan.zekic@example.com', 'login': {'uuid': 'ffeec63f-abc6-4165-9989-5da85c149f33', 'username': 'lazymeercat422', 'password': 'maserati', 'salt': 'OUXxgzvv', 'md5': '1ea3fea542e3a52558adee680596ceeb', 'sha1': '03240a0449e17266f069c9d89332a89602721ecc', 'sha256': '9301d052156cdf80880f2b026dc640f51490055e8ff9d8b0b886b13381996ecf'}, 'dob': {'date': '1991-04-17T06:26:50.888Z', 'age': 33}, 'registered': {'date': '2015-07-28T21:10:52.092Z', 'age': 8}, 'phone': '027-1369-229', 'cell': '068-2698-235', 'id': {'name': 'SID', 'value': '205538689'}, 'picture': {'large': 'https://randomuser.me/api/portraits/men/53.jpg', 'medium': 'https://randomuser.me/api/portraits/med/men/53.jpg', 'thumbnail': 'https://randomuser.me/api/portraits/thumb/men/53.jpg'}, 'nat': 'RS'}</msg>
<arg>${json_data['results'][0]}</arg>
<doc>Logs the given message with the given level.</doc>
<status status="PASS" start="2024-07-15T05:15:13.771768" elapsed="0.000409"/>
</kw>
<kw name="Log" owner="BuiltIn">
<msg time="2024-07-15T05:15:13.772604" level="INFO">email</msg>
<arg>${key}</arg>
<doc>Logs the given message with the given level.</doc>
<status status="PASS" start="2024-07-15T05:15:13.772476" elapsed="0.000168"/>
</kw>
<var name="${key}">email</var>
<status status="PASS" start="2024-07-15T05:15:13.771039" elapsed="0.001825"/>
</iter>
<iter>
<kw name="Dictionary Should Contain Key" owner="Collections">
<arg>${json_data['results'][0]}</arg>
<arg>${key}</arg>
<doc>Fails if ``key`` is not found from ``dictionary``.</doc>
<status status="PASS" start="2024-07-15T05:15:13.773160" elapsed="0.000397"/>
</kw>
<kw name="Log" owner="BuiltIn">
<msg time="2024-07-15T05:15:13.774092" level="INFO">{'gender': 'male', 'name': {'title': 'Mr', 'first': 'Zlatan', 'last': 'Zekić'}, 'location': {'street': {'number': 8758, 'name': 'Sedmog Jula'}, 'city': 'Leposavić', 'state': 'Kosovo', 'country': 'Serbia', 'postcode': 96859, 'coordinates': {'latitude': '58.1181', 'longitude': '-157.6911'}, 'timezone': {'offset': '+9:00', 'description': 'Tokyo, Seoul, Osaka, Sapporo, Yakutsk'}}, 'email': 'zlatan.zekic@example.com', 'login': {'uuid': 'ffeec63f-abc6-4165-9989-5da85c149f33', 'username': 'lazymeercat422', 'password': 'maserati', 'salt': 'OUXxgzvv', 'md5': '1ea3fea542e3a52558adee680596ceeb', 'sha1': '03240a0449e17266f069c9d89332a89602721ecc', 'sha256': '9301d052156cdf80880f2b026dc640f51490055e8ff9d8b0b886b13381996ecf'}, 'dob': {'date': '1991-04-17T06:26:50.888Z', 'age': 33}, 'registered': {'date': '2015-07-28T21:10:52.092Z', 'age': 8}, 'phone': '027-1369-229', 'cell': '068-2698-235', 'id': {'name': 'SID', 'value': '205538689'}, 'picture': {'large': 'https://randomuser.me/api/portraits/men/53.jpg', 'medium': 'https://randomuser.me/api/portraits/med/men/53.jpg', 'thumbnail': 'https://randomuser.me/api/portraits/thumb/men/53.jpg'}, 'nat': 'RS'}</msg>
<arg>${json_data['results'][0]}</arg>
<doc>Logs the given message with the given level.</doc>
<status status="PASS" start="2024-07-15T05:15:13.773740" elapsed="0.000404"/>
</kw>
<kw name="Log" owner="BuiltIn">
<msg time="2024-07-15T05:15:13.774583" level="INFO">login</msg>
<arg>${key}</arg>
<doc>Logs the given message with the given level.</doc>
<status status="PASS" start="2024-07-15T05:15:13.774454" elapsed="0.000168"/>
</kw>
<var name="${key}">login</var>
<status status="PASS" start="2024-07-15T05:15:13.773043" elapsed="0.001793"/>
</iter>
<var>${key}</var>
<value>@{expected_keys}</value>
<status status="PASS" start="2024-07-15T05:15:13.764674" elapsed="0.010286"/>
</for>
<kw name="Create List" owner="BuiltIn">
<msg time="2024-07-15T05:15:13.775328" level="INFO">${expected_keysTwo} = ['username', 'password']</msg>
<var>${expected_keysTwo}</var>
<arg>username</arg>
<arg>password</arg>
<doc>Returns a list containing given items.</doc>
<status status="PASS" start="2024-07-15T05:15:13.775163" elapsed="0.000219"/>
</kw>
<for flavor="IN">
<iter>
<kw name="Dictionary Should Contain Key" owner="Collections">
<arg>${json_data['results'][0]['login']}</arg>
<arg>${keyTwo}</arg>
<doc>Fails if ``key`` is not found from ``dictionary``.</doc>
<status status="PASS" start="2024-07-15T05:15:13.775935" elapsed="0.000397"/>
</kw>
<kw name="Dictionary Should Contain Key" owner="Collections">
<arg>${json_data['results'][0]['login']}</arg>
<arg>${keyTwo}</arg>
<doc>Fails if ``key`` is not found from ``dictionary``.</doc>
<status status="PASS" start="2024-07-15T05:15:13.776513" elapsed="0.000385"/>
</kw>
<kw name="Log" owner="BuiltIn">
<msg time="2024-07-15T05:15:13.777204" level="INFO">username</msg>
<arg>${keyTwo}</arg>
<doc>Logs the given message with the given level.</doc>
<status status="PASS" start="2024-07-15T05:15:13.777082" elapsed="0.000160"/>
</kw>
<var name="${keyTwo}">username</var>
<status status="PASS" start="2024-07-15T05:15:13.775812" elapsed="0.001648"/>
</iter>
<iter>
<kw name="Dictionary Should Contain Key" owner="Collections">
<arg>${json_data['results'][0]['login']}</arg>
<arg>${keyTwo}</arg>
<doc>Fails if ``key`` is not found from ``dictionary``.</doc>
<status status="PASS" start="2024-07-15T05:15:13.777742" elapsed="0.000390"/>
</kw>
<kw name="Dictionary Should Contain Key" owner="Collections">
<arg>${json_data['results'][0]['login']}</arg>
<arg>${keyTwo}</arg>
<doc>Fails if ``key`` is not found from ``dictionary``.</doc>
<status status="PASS" start="2024-07-15T05:15:13.778312" elapsed="0.000374"/>
</kw>
<kw name="Log" owner="BuiltIn">
<msg time="2024-07-15T05:15:13.778983" level="INFO">password</msg>
<arg>${keyTwo}</arg>
<doc>Logs the given message with the given level.</doc>
<status status="PASS" start="2024-07-15T05:15:13.778864" elapsed="0.000156"/>
</kw>
<var name="${keyTwo}">password</var>
<status status="PASS" start="2024-07-15T05:15:13.777635" elapsed="0.001749"/>
</iter>
<var>${keyTwo}</var>
<value>@{expected_keysTwo}</value>
<status status="PASS" start="2024-07-15T05:15:13.775640" elapsed="0.003870"/>
</for>
<status status="PASS" start="2024-07-15T05:15:13.669229" elapsed="0.110431"/>
</kw>
<doc>Testa a estrutura da resposta da API.</doc>
<tag>testeEstruturaResposta</tag>
<status status="PASS" start="2024-07-15T05:15:13.668574" elapsed="0.111250"/>
</test>
<test id="s1-s1-t4" name="Validar tipos de dados" line="28">
<kw name="Teste de Tipos de Dados" owner="random-user-service">
<kw name="GET On Session" owner="RequestsLibrary">
<msg time="2024-07-15T05:15:13.868249" level="INFO">GET Request : url=https://randomuser.me/api 
 path_url=/api 
 headers={'User-Agent': 'python-requests/2.32.3', 'Accept-Encoding': 'gzip, deflate', 'Accept': '*/*', 'Connection': 'keep-alive'} 
 body=None 
 </msg>
<msg time="2024-07-15T05:15:13.868362" level="INFO">GET Response : url=https://randomuser.me/api 
 status=200, reason=OK 
 headers={'Date': 'Mon, 15 Jul 2024 05:15:13 GMT', 'Content-Type': 'application/json; charset=utf-8', 'Transfer-Encoding': 'chunked', 'Connection': 'keep-alive', 'X-Powered-By': 'Express', 'Access-Control-Allow-Origin': '*', 'Cache-Control': 'no-cache', 'ETag': 'W/"490-XxeKKnCH0lA8l33XvAzjKV4z3f0"', 'Vary': 'Accept-Encoding', 'Content-Encoding': 'gzip', 'CF-Cache-Status': 'DYNAMIC', 'Report-To': '{"endpoints":[{"url":"https:\\/\\/a.nel.cloudflare.com\\/report\\/v4?s=l0nwh%2FQ0kXdB0PwWMyw%2BTPECEDRUKuy%2FmwPqUKrAlHTKefAvyF%2FjDvHnzq5%2FEhzmMqbkbxh%2FlctW5RfVRmmprtP%2BBmj7OIRDoqDhtoG8Um6HTK2QEYLm78a0BEPVwJSy"}],"group":"cf-nel","max_age":604800}', 'NEL': '{"success_fraction":0,"report_to":"cf-nel","max_age":604800}', 'Server': 'cloudflare', 'CF-RAY': '8a3746032efd8792-IAD', 'alt-svc': 'h3=":443"; ma=86400'} 
 body={"results":[{"gender":"male","name":{"title":"Mr","first":"Hrithik","last":"Bhoja"},"location":{"street":{"number":7701,"name":"Kasba Peth"},"city":"Secunderabad","state":"Gujarat","country":"India","postcode":78487,"coordinates":{"latitude":"11.6956","longitude":"-176.6733"},"timezone":{"offset":"+5:30","description":"Bombay, Calcutta, Madras, New Delhi"}},"email":"hrithik.bhoja@example.com","login":{"uuid":"72bc6d5c-7d60-4fea-b8db-be432dee2858","username":"ticklishpeacock739","password":"krystal","salt":"C2Ad04P9","md5":"42c61cee58e8ca4324b81443aa67760d","sha1":"04405d58bebb845da58b826e3795dc1d7820f558","sha256":"5d3570d8c6757c20eaf2fb640897901a0905a7b4e4438f693ebe3ce64105424c"},"dob":{"date":"1994-11-11T10:09:02.029Z","age":29},"registered":{"date":"2007-09-24T14:12:22.671Z","age":16},"phone":"7888153569","cell":"7869805425","id":{"name":"UIDAI","value":"696066204487"},"picture":{"large":"https://randomuser.me/api/portraits/men/24.jpg","medium":"https://randomuser.me/api/portraits/med/men/24.jpg","thumbnail":"https://randomuser.me/api/portraits/thumb/men/24.jpg"},"nat":"IN"}],"info":{"seed":"191f31ae12177adc","results":1,"page":1,"version":"1.4"}} 
 </msg>
<msg time="2024-07-15T05:15:13.868436" level="INFO">/opt/hostedtoolcache/Python/3.12.4/x64/lib/python3.12/site-packages/urllib3/connectionpool.py:1099: InsecureRequestWarning: Unverified HTTPS request is being made to host 'randomuser.me'. Adding certificate verification is strongly advised. See: https://urllib3.readthedocs.io/en/latest/advanced-usage.html#tls-warnings
  warnings.warn(</msg>
<msg time="2024-07-15T05:15:13.868561" level="INFO">${response} = &lt;Response [200]&gt;</msg>
<var>${response}</var>
<arg>consultarAPI</arg>
<arg>/api</arg>
<doc>Sends a GET request on a previously created HTTP Session.</doc>
<status status="PASS" start="2024-07-15T05:15:13.782385" elapsed="0.086222"/>
</kw>
<kw name="Set Variable" owner="BuiltIn">
<msg time="2024-07-15T05:15:13.869732" level="INFO">${json_data} = {'results': [{'gender': 'male', 'name': {'title': 'Mr', 'first': 'Hrithik', 'last': 'Bhoja'}, 'location': {'street': {'number': 7701, 'name': 'Kasba Peth'}, 'city': 'Secunderabad', 'state': 'Gujarat',...</msg>
<var>${json_data}</var>
<arg>${response.json()}</arg>
<doc>Returns the given values which can then be assigned to a variables.</doc>
<status status="PASS" start="2024-07-15T05:15:13.869181" elapsed="0.000581"/>
</kw>
<kw name="Log" owner="BuiltIn">
<msg time="2024-07-15T05:15:13.870295" level="INFO">{'results': [{'gender': 'male', 'name': {'title': 'Mr', 'first': 'Hrithik', 'last': 'Bhoja'}, 'location': {'street': {'number': 7701, 'name': 'Kasba Peth'}, 'city': 'Secunderabad', 'state': 'Gujarat', 'country': 'India', 'postcode': 78487, 'coordinates': {'latitude': '11.6956', 'longitude': '-176.6733'}, 'timezone': {'offset': '+5:30', 'description': 'Bombay, Calcutta, Madras, New Delhi'}}, 'email': 'hrithik.bhoja@example.com', 'login': {'uuid': '72bc6d5c-7d60-4fea-b8db-be432dee2858', 'username': 'ticklishpeacock739', 'password': 'krystal', 'salt': 'C2Ad04P9', 'md5': '42c61cee58e8ca4324b81443aa67760d', 'sha1': '04405d58bebb845da58b826e3795dc1d7820f558', 'sha256': '5d3570d8c6757c20eaf2fb640897901a0905a7b4e4438f693ebe3ce64105424c'}, 'dob': {'date': '1994-11-11T10:09:02.029Z', 'age': 29}, 'registered': {'date': '2007-09-24T14:12:22.671Z', 'age': 16}, 'phone': '7888153569', 'cell': '7869805425', 'id': {'name': 'UIDAI', 'value': '696066204487'}, 'picture': {'large': 'https://randomuser.me/api/portraits/men/24.jpg', 'medium': 'https://randomuser.me/api/portraits/med/men/24.jpg', 'thumbnail': 'https://randomuser.me/api/portraits/thumb/men/24.jpg'}, 'nat': 'IN'}], 'info': {'seed': '191f31ae12177adc', 'results': 1, 'page': 1, 'version': '1.4'}}</msg>
<arg>${json_data}</arg>
<doc>Logs the given message with the given level.</doc>
<status status="PASS" start="2024-07-15T05:15:13.870129" elapsed="0.000232"/>
</kw>
<kw name="Should Be String" owner="String">
<arg>${json_data['results'][0]['gender']}</arg>
<doc>Fails if the given ``item`` is not a string.</doc>
<status status="PASS" start="2024-07-15T05:15:13.870675" elapsed="0.000392"/>
</kw>
<kw name="Should Match Regexp" owner="BuiltIn">
<arg>${json_data['results'][0]['email']}</arg>
<arg>^[a-zA-Z0-9._%+-]+@[a-zA-Z0-9.-]+\.[a-zA-Z]{2,}$</arg>
<doc>Fails if ``string`` does not match ``pattern`` as a regular expression.</doc>
<status status="PASS" start="2024-07-15T05:15:13.871310" elapsed="0.000549"/>
</kw>
<kw name="Should Match Regexp" owner="BuiltIn">
<arg>${json_data['results'][0]['dob']['date']}</arg>
<arg>\\d{4}-\\d{2}-\\d{2}T\\d{2}:\\d{2}:\\d{2}\\.\\d{3}Z</arg>
<doc>Fails if ``string`` does not match ``pattern`` as a regular expression.</doc>
<status status="PASS" start="2024-07-15T05:15:13.872103" elapsed="0.000568"/>
</kw>
<kw name="Should Match Regexp" owner="BuiltIn">
<arg>${json_data['results'][0]['registered']['date']}</arg>
<arg>\\d{4}-\\d{2}-\\d{2}T\\d{2}:\\d{2}:\\d{2}\\.\\d{3}Z</arg>
<doc>Fails if ``string`` does not match ``pattern`` as a regular expression.</doc>
<status status="PASS" start="2024-07-15T05:15:13.872872" elapsed="0.000378"/>
</kw>
<kw name="Should Match Regexp" owner="BuiltIn">
<arg>${json_data['results'][0]['picture']['large']}</arg>
<arg>^https?://.*\.(?:png|jpe?g|gif|bmp)$</arg>
<doc>Fails if ``string`` does not match ``pattern`` as a regular expression.</doc>
<status status="PASS" start="2024-07-15T05:15:13.873442" elapsed="0.000482"/>
</kw>
<kw name="Should Match Regexp" owner="BuiltIn">
<arg>${json_data['results'][0]['picture']['medium']}</arg>
<arg>^https?://.*\.(?:png|jpe?g|gif|bmp)$</arg>
<doc>Fails if ``string`` does not match ``pattern`` as a regular expression.</doc>
<status status="PASS" start="2024-07-15T05:15:13.874116" elapsed="0.000357"/>
</kw>
<kw name="Should Match Regexp" owner="BuiltIn">
<arg>${json_data['results'][0]['picture']['thumbnail']}</arg>
<arg>^https?://.*\.(?:png|jpe?g|gif|bmp)$</arg>
<doc>Fails if ``string`` does not match ``pattern`` as a regular expression.</doc>
<status status="PASS" start="2024-07-15T05:15:13.874659" elapsed="0.000363"/>
</kw>
<kw name="Log" owner="BuiltIn">
<msg time="2024-07-15T05:15:13.875576" level="INFO">{'large': 'https://randomuser.me/api/portraits/men/24.jpg', 'medium': 'https://randomuser.me/api/portraits/med/men/24.jpg', 'thumbnail': 'https://randomuser.me/api/portraits/thumb/men/24.jpg'}</msg>
<arg>${json_data['results'][0]['picture']}</arg>
<doc>Logs the given message with the given level.</doc>
<status status="PASS" start="2024-07-15T05:15:13.875209" elapsed="0.000411"/>
</kw>
<status status="PASS" start="2024-07-15T05:15:13.782150" elapsed="0.093750"/>
</kw>
<kw name="Teste de Tipos de Dados - Postcode" owner="random-user-service">
<kw name="GET On Session" owner="RequestsLibrary">
<msg time="2024-07-15T05:15:13.961273" level="INFO">GET Request : url=https://randomuser.me/api 
 path_url=/api 
 headers={'User-Agent': 'python-requests/2.32.3', 'Accept-Encoding': 'gzip, deflate', 'Accept': '*/*', 'Connection': 'keep-alive'} 
 body=None 
 </msg>
<msg time="2024-07-15T05:15:13.961390" level="INFO">GET Response : url=https://randomuser.me/api 
 status=200, reason=OK 
 headers={'Date': 'Mon, 15 Jul 2024 05:15:13 GMT', 'Content-Type': 'application/json; charset=utf-8', 'Transfer-Encoding': 'chunked', 'Connection': 'keep-alive', 'X-Powered-By': 'Express', 'Access-Control-Allow-Origin': '*', 'Cache-Control': 'no-cache', 'ETag': 'W/"47c-HzxTsKupgGpRTaBXOEgufi+Gdtg"', 'Vary': 'Accept-Encoding', 'Content-Encoding': 'gzip', 'CF-Cache-Status': 'DYNAMIC', 'Report-To': '{"endpoints":[{"url":"https:\\/\\/a.nel.cloudflare.com\\/report\\/v4?s=qcU4T41iIHWMA0HtUxW7juzcy1LoC37lCGWY7oleGzlNK9NIVpNitxPvqOuase3nzuP3tcygM3C0uo8OKP3DLpxFJfkie8xVHQDcZhMzl35thLzlpNIkQLcJv9RmwOzl"}],"group":"cf-nel","max_age":604800}', 'NEL': '{"success_fraction":0,"report_to":"cf-nel","max_age":604800}', 'Server': 'cloudflare', 'CF-RAY': '8a374603cf7d8792-IAD', 'alt-svc': 'h3=":443"; ma=86400'} 
 body={"results":[{"gender":"female","name":{"title":"Mrs","first":"Stephanie","last":"Rhodes"},"location":{"street":{"number":9662,"name":"Denny Street"},"city":"Malahide","state":"Tipperary","country":"Ireland","postcode":43815,"coordinates":{"latitude":"-2.6444","longitude":"84.0907"},"timezone":{"offset":"-9:00","description":"Alaska"}},"email":"stephanie.rhodes@example.com","login":{"uuid":"ec91f29d-65b2-43b4-af90-2664fd8601af","username":"beautifuldog472","password":"mouse1","salt":"vSioRp67","md5":"075e128f8d7efebe95b72422eb54f12d","sha1":"e5cb2662549b76409177876aafbddb574a130d72","sha256":"3f28bef7d6ab76eb988d296417a824e80eba27bf7d9509c28701642300c9578f"},"dob":{"date":"1966-04-09T06:27:56.742Z","age":58},"registered":{"date":"2008-05-23T06:00:04.020Z","age":16},"phone":"061-540-0697","cell":"081-979-7868","id":{"name":"PPS","value":"9924063T"},"picture":{"large":"https://randomuser.me/api/portraits/women/92.jpg","medium":"https://randomuser.me/api/portraits/med/women/92.jpg","thumbnail":"https://randomuser.me/api/portraits/thumb/women/92.jpg"},"nat":"IE"}],"info":{"seed":"e1501314f7026092","results":1,"page":1,"version":"1.4"}} 
 </msg>
<msg time="2024-07-15T05:15:13.961474" level="INFO">/opt/hostedtoolcache/Python/3.12.4/x64/lib/python3.12/site-packages/urllib3/connectionpool.py:1099: InsecureRequestWarning: Unverified HTTPS request is being made to host 'randomuser.me'. Adding certificate verification is strongly advised. See: https://urllib3.readthedocs.io/en/latest/advanced-usage.html#tls-warnings
  warnings.warn(</msg>
<msg time="2024-07-15T05:15:13.961602" level="INFO">${response} = &lt;Response [200]&gt;</msg>
<var>${response}</var>
<arg>consultarAPI</arg>
<arg>/api</arg>
<doc>Sends a GET request on a previously created HTTP Session.</doc>
<status status="PASS" start="2024-07-15T05:15:13.876385" elapsed="0.085262"/>
</kw>
<kw name="Set Variable" owner="BuiltIn">
<msg time="2024-07-15T05:15:13.962711" level="INFO">${json_data} = {'results': [{'gender': 'female', 'name': {'title': 'Mrs', 'first': 'Stephanie', 'last': 'Rhodes'}, 'location': {'street': {'number': 9662, 'name': 'Denny Street'}, 'city': 'Malahide', 'state': 'Tippe...</msg>
<var>${json_data}</var>
<arg>${response.json()}</arg>
<doc>Returns the given values which can then be assigned to a variables.</doc>
<status status="PASS" start="2024-07-15T05:15:13.962183" elapsed="0.000558"/>
</kw>
<kw name="Log" owner="BuiltIn">
<msg time="2024-07-15T05:15:13.963278" level="INFO">{'results': [{'gender': 'female', 'name': {'title': 'Mrs', 'first': 'Stephanie', 'last': 'Rhodes'}, 'location': {'street': {'number': 9662, 'name': 'Denny Street'}, 'city': 'Malahide', 'state': 'Tipperary', 'country': 'Ireland', 'postcode': 43815, 'coordinates': {'latitude': '-2.6444', 'longitude': '84.0907'}, 'timezone': {'offset': '-9:00', 'description': 'Alaska'}}, 'email': 'stephanie.rhodes@example.com', 'login': {'uuid': 'ec91f29d-65b2-43b4-af90-2664fd8601af', 'username': 'beautifuldog472', 'password': 'mouse1', 'salt': 'vSioRp67', 'md5': '075e128f8d7efebe95b72422eb54f12d', 'sha1': 'e5cb2662549b76409177876aafbddb574a130d72', 'sha256': '3f28bef7d6ab76eb988d296417a824e80eba27bf7d9509c28701642300c9578f'}, 'dob': {'date': '1966-04-09T06:27:56.742Z', 'age': 58}, 'registered': {'date': '2008-05-23T06:00:04.020Z', 'age': 16}, 'phone': '061-540-0697', 'cell': '081-979-7868', 'id': {'name': 'PPS', 'value': '9924063T'}, 'picture': {'large': 'https://randomuser.me/api/portraits/women/92.jpg', 'medium': 'https://randomuser.me/api/portraits/med/women/92.jpg', 'thumbnail': 'https://randomuser.me/api/portraits/thumb/women/92.jpg'}, 'nat': 'IE'}], 'info': {'seed': 'e1501314f7026092', 'results': 1, 'page': 1, 'version': '1.4'}}</msg>
<arg>${json_data}</arg>
<doc>Logs the given message with the given level.</doc>
<status status="PASS" start="2024-07-15T05:15:13.963078" elapsed="0.000260"/>
</kw>
<kw name="Should Be Equal As Numbers" owner="BuiltIn">
<arg>${json_data['results'][0]['location']['postcode']}</arg>
<arg>${json_data['results'][0]['location']['postcode']}</arg>
<doc>Fails if objects are unequal after converting them to real numbers.</doc>
<status status="PASS" start="2024-07-15T05:15:13.963647" elapsed="0.000659"/>
</kw>
<kw name="Log" owner="BuiltIn">
<msg time="2024-07-15T05:15:13.965031" level="INFO">43815</msg>
<arg>${json_data['results'][0]['location']['postcode']}</arg>
<doc>Logs the given message with the given level.</doc>
<status status="PASS" start="2024-07-15T05:15:13.964502" elapsed="0.000572"/>
</kw>
<status status="PASS" start="2024-07-15T05:15:13.876142" elapsed="0.089233"/>
</kw>
<doc>Testa se os tipos de dados na resposta da API estão corretos.</doc>
<tag>testeTiposDados</tag>
<status status="PASS" start="2024-07-15T05:15:13.781638" elapsed="0.183914"/>
</test>
<test id="s1-s1-t5" name="Validar conteudo" line="35">
<kw name="Teste de Tipos de Conteudo" owner="random-user-service">
<kw name="GET On Session" owner="RequestsLibrary">
<msg time="2024-07-15T05:15:14.063878" level="INFO">GET Request : url=https://randomuser.me/api 
 path_url=/api 
 headers={'User-Agent': 'python-requests/2.32.3', 'Accept-Encoding': 'gzip, deflate', 'Accept': '*/*', 'Connection': 'keep-alive'} 
 body=None 
 </msg>
<msg time="2024-07-15T05:15:14.063977" level="INFO">GET Response : url=https://randomuser.me/api 
 status=200, reason=OK 
 headers={'Date': 'Mon, 15 Jul 2024 05:15:14 GMT', 'Content-Type': 'application/json; charset=utf-8', 'Transfer-Encoding': 'chunked', 'Connection': 'keep-alive', 'X-Powered-By': 'Express', 'Access-Control-Allow-Origin': '*', 'Cache-Control': 'no-cache', 'ETag': 'W/"49f-HYfQkVJpyz75MDrQFnCFHv1oXgs"', 'Vary': 'Accept-Encoding', 'Content-Encoding': 'gzip', 'CF-Cache-Status': 'DYNAMIC', 'Report-To': '{"endpoints":[{"url":"https:\\/\\/a.nel.cloudflare.com\\/report\\/v4?s=YhAbFaxwxaVimH0dMRC0RUpw3b2HeDuZzlIRkSPVDKQcYDxJYp1U%2Bx%2F%2Bxsez74VszzQizZI2wRqry5UuhmDpND53tm9u8kv40PYuxki8gOVWnL4EoyzDgXcrPss6uL1y"}],"group":"cf-nel","max_age":604800}', 'NEL': '{"success_fraction":0,"report_to":"cf-nel","max_age":604800}', 'Server': 'cloudflare', 'CF-RAY': '8a3746045ff88792-IAD', 'alt-svc': 'h3=":443"; ma=86400'} 
 body={"results":[{"gender":"male","name":{"title":"Mr","first":"Roope","last":"Jarvi"},"location":{"street":{"number":5360,"name":"Hatanpään Valtatie"},"city":"Multia","state":"North Karelia","country":"Finland","postcode":68126,"coordinates":{"latitude":"-25.5479","longitude":"-45.5549"},"timezone":{"offset":"+11:00","description":"Magadan, Solomon Islands, New Caledonia"}},"email":"roope.jarvi@example.com","login":{"uuid":"c3f8285a-287b-4426-aa4d-58bac4d80e40","username":"crazyswan429","password":"pertinant","salt":"iFDTskA4","md5":"1d940eaeb0aee417fcb1dc6d619ecd8d","sha1":"3b486a1ba246b8a7ba1e9eb816598cbfac82684f","sha256":"5b817a4d0b23b3ab1aab8bd836aedb54828991631a3ebe03a4ab4e519288c37f"},"dob":{"date":"1976-02-09T11:57:02.141Z","age":48},"registered":{"date":"2017-03-04T08:20:28.333Z","age":7},"phone":"08-285-092","cell":"040-403-57-89","id":{"name":"HETU","value":"NaNNA927undefined"},"picture":{"large":"https://randomuser.me/api/portraits/men/64.jpg","medium":"https://randomuser.me/api/portraits/med/men/64.jpg","thumbnail":"https://randomuser.me/api/portraits/thumb/men/64.jpg"},"nat":"FI"}],"info":{"seed":"c675f994d599ad9b","results":1,"page":1,"version":"1.4"}} 
 </msg>
<msg time="2024-07-15T05:15:14.064050" level="INFO">/opt/hostedtoolcache/Python/3.12.4/x64/lib/python3.12/site-packages/urllib3/connectionpool.py:1099: InsecureRequestWarning: Unverified HTTPS request is being made to host 'randomuser.me'. Adding certificate verification is strongly advised. See: https://urllib3.readthedocs.io/en/latest/advanced-usage.html#tls-warnings
  warnings.warn(</msg>
<msg time="2024-07-15T05:15:14.064168" level="INFO">${response} = &lt;Response [200]&gt;</msg>
<var>${response}</var>
<arg>consultarAPI</arg>
<arg>/api</arg>
<doc>Sends a GET request on a previously created HTTP Session.</doc>
<status status="PASS" start="2024-07-15T05:15:13.968095" elapsed="0.096107"/>
</kw>
<kw name="Set Variable" owner="BuiltIn">
<msg time="2024-07-15T05:15:14.065288" level="INFO">${json_data} = {'results': [{'gender': 'male', 'name': {'title': 'Mr', 'first': 'Roope', 'last': 'Jarvi'}, 'location': {'street': {'number': 5360, 'name': 'Hatanpään Valtatie'}, 'city': 'Multia', 'state': 'North Kar...</msg>
<var>${json_data}</var>
<arg>${response.json()}</arg>
<doc>Returns the given values which can then be assigned to a variables.</doc>
<status status="PASS" start="2024-07-15T05:15:14.064751" elapsed="0.000567"/>
</kw>
<kw name="Set Variable" owner="BuiltIn">
<msg time="2024-07-15T05:15:14.066019" level="INFO">${name_title} = Mr</msg>
<var>${name_title}</var>
<arg>${json_data["results"][0]["name"]["title"]}</arg>
<doc>Returns the given values which can then be assigned to a variables.</doc>
<status status="PASS" start="2024-07-15T05:15:14.065627" elapsed="0.000419"/>
</kw>
<kw name="Create List" owner="BuiltIn">
<msg time="2024-07-15T05:15:14.066491" level="INFO">${allowed_titles} = ['Mr', 'Ms', 'Miss', 'Mrs', 'Madame', 'Monsieur']</msg>
<var>${allowed_titles}</var>
<arg>Mr</arg>
<arg>Ms</arg>
<arg>Miss</arg>
<arg>Mrs</arg>
<arg>Madame</arg>
<arg>Monsieur</arg>
<doc>Returns a list containing given items.</doc>
<status status="PASS" start="2024-07-15T05:15:14.066339" elapsed="0.000176"/>
</kw>
<kw name="List Should Contain Value" owner="Collections">
<arg>${allowed_titles}</arg>
<arg>${name_title}</arg>
<doc>Fails if the ``value`` is not found from ``list``.</doc>
<status status="PASS" start="2024-07-15T05:15:14.066814" elapsed="0.000182"/>
</kw>
<kw name="Set Variable" owner="BuiltIn">
<msg time="2024-07-15T05:15:14.067573" level="INFO">${name_country} = FI</msg>
<var>${name_country}</var>
<arg>${json_data["results"][0]["nat"]}</arg>
<doc>Returns the given values which can then be assigned to a variables.</doc>
<status status="PASS" start="2024-07-15T05:15:14.067173" elapsed="0.000426"/>
</kw>
<kw name="Create List" owner="BuiltIn">
<msg time="2024-07-15T05:15:14.068480" level="INFO">${list_country} = ['AD', 'AE', 'AF', 'AG', 'AI', 'AL', 'AM', 'AO', 'AQ', 'AR', 'AS', 'AT', 'AU', 'AW', 'AX', 'AZ', 'BA', 'BB', 'BD', 'BE', 'BF', 'BG', 'BH', 'BI', 'BJ', 'BL', 'BM', 'BN', 'BO', 'BQ', 'BR', 'BS', 'BT', '...</msg>
<var>${list_country}</var>
<arg>AD</arg>
<arg>AE</arg>
<arg>AF</arg>
<arg>AG</arg>
<arg>AI</arg>
<arg>AL</arg>
<arg>AM</arg>
<arg>AO</arg>
<arg>AQ</arg>
<arg>AR</arg>
<arg>AS</arg>
<arg>AT</arg>
<arg>AU</arg>
<arg>AW</arg>
<arg>AX</arg>
<arg>AZ</arg>
<arg>BA</arg>
<arg>BB</arg>
<arg>BD</arg>
<arg>BE</arg>
<arg>BF</arg>
<arg>BG</arg>
<arg>BH</arg>
<arg>BI</arg>
<arg>BJ</arg>
<arg>BL</arg>
<arg>BM</arg>
<arg>BN</arg>
<arg>BO</arg>
<arg>BQ</arg>
<arg>BR</arg>
<arg>BS</arg>
<arg>BT</arg>
<arg>BV</arg>
<arg>BW</arg>
<arg>BY</arg>
<arg>BZ</arg>
<arg>CA</arg>
<arg>CC</arg>
<arg>CD</arg>
<arg>CF</arg>
<arg>CG</arg>
<arg>CH</arg>
<arg>CI</arg>
<arg>CK</arg>
<arg>CL</arg>
<arg>CM</arg>
<arg>CN</arg>
<arg>CO</arg>
<arg>CR</arg>
<arg>CU</arg>
<arg>CV</arg>
<arg>CW</arg>
<arg>CX</arg>
<arg>CY</arg>
<arg>CZ</arg>
<arg>DE</arg>
<arg>DJ</arg>
<arg>DK</arg>
<arg>DM</arg>
<arg>DO</arg>
<arg>DZ</arg>
<arg>EC</arg>
<arg>EE</arg>
<arg>EG</arg>
<arg>EH</arg>
<arg>ER</arg>
<arg>ES</arg>
<arg>ET</arg>
<arg>FI</arg>
<arg>FJ</arg>
<arg>FK</arg>
<arg>FM</arg>
<arg>FO</arg>
<arg>FR</arg>
<arg>GA</arg>
<arg>GB</arg>
<arg>GD</arg>
<arg>GE</arg>
<arg>GF</arg>
<arg>GG</arg>
<arg>GH</arg>
<arg>GI</arg>
<arg>GL</arg>
<arg>GM</arg>
<arg>GN</arg>
<arg>GP</arg>
<arg>GQ</arg>
<arg>GR</arg>
<arg>GS</arg>
<arg>GT</arg>
<arg>GU</arg>
<arg>GW</arg>
<arg>GY</arg>
<arg>HK</arg>
<arg>HM</arg>
<arg>HN</arg>
<arg>HR</arg>
<arg>HT</arg>
<arg>HU</arg>
<arg>ID</arg>
<arg>IE</arg>
<arg>IL</arg>
<arg>IM</arg>
<arg>IN</arg>
<arg>IO</arg>
<arg>IQ</arg>
<arg>IR</arg>
<arg>IS</arg>
<arg>IT</arg>
<arg>JE</arg>
<arg>JM</arg>
<arg>JO</arg>
<arg>JP</arg>
<arg>KE</arg>
<arg>KG</arg>
<arg>KH</arg>
<arg>KI</arg>
<arg>KM</arg>
<arg>KN</arg>
<arg>KP</arg>
<arg>KR</arg>
<arg>KW</arg>
<arg>KY</arg>
<arg>KZ</arg>
<arg>LA</arg>
<arg>LB</arg>
<arg>LC</arg>
<arg>LI</arg>
<arg>LK</arg>
<arg>LR</arg>
<arg>LS</arg>
<arg>LT</arg>
<arg>LU</arg>
<arg>LV</arg>
<arg>LY</arg>
<arg>MA</arg>
<arg>MC</arg>
<arg>MD</arg>
<arg>ME</arg>
<arg>MF</arg>
<arg>MG</arg>
<arg>MH</arg>
<arg>MK</arg>
<arg>ML</arg>
<arg>MM</arg>
<arg>MN</arg>
<arg>MO</arg>
<arg>MP</arg>
<arg>MQ</arg>
<arg>MR</arg>
<arg>MS</arg>
<arg>MT</arg>
<arg>MU</arg>
<arg>MV</arg>
<arg>MW</arg>
<arg>MX</arg>
<arg>MY</arg>
<arg>MZ</arg>
<arg>NA</arg>
<arg>NC</arg>
<arg>NE</arg>
<arg>NF</arg>
<arg>NG</arg>
<arg>NI</arg>
<arg>NL</arg>
<arg>NO</arg>
<arg>NP</arg>
<arg>NR</arg>
<arg>NU</arg>
<arg>NZ</arg>
<arg>OM</arg>
<arg>PA</arg>
<arg>PE</arg>
<arg>PF</arg>
<arg>PG</arg>
<arg>PH</arg>
<arg>PK</arg>
<arg>PL</arg>
<arg>PM</arg>
<arg>PN</arg>
<arg>PR</arg>
<arg>PS</arg>
<arg>PT</arg>
<arg>PW</arg>
<arg>PY</arg>
<arg>QA</arg>
<arg>RE</arg>
<arg>RO</arg>
<arg>RS</arg>
<arg>RU</arg>
<arg>RW</arg>
<arg>SA</arg>
<arg>SB</arg>
<arg>SC</arg>
<arg>SD</arg>
<arg>SE</arg>
<arg>SG</arg>
<arg>SH</arg>
<arg>SI</arg>
<arg>SJ</arg>
<arg>SK</arg>
<arg>SL</arg>
<arg>SM</arg>
<arg>SN</arg>
<arg>SO</arg>
<arg>SR</arg>
<arg>SS</arg>
<arg>ST</arg>
<arg>SV</arg>
<arg>SX</arg>
<arg>SY</arg>
<arg>SZ</arg>
<arg>TC</arg>
<arg>TD</arg>
<arg>TF</arg>
<arg>TG</arg>
<arg>TH</arg>
<arg>TJ</arg>
<arg>TK</arg>
<arg>TL</arg>
<arg>TM</arg>
<arg>TN</arg>
<arg>TO</arg>
<arg>TR</arg>
<arg>TT</arg>
<arg>TV</arg>
<arg>TW</arg>
<arg>TZ</arg>
<arg>UA</arg>
<arg>UG</arg>
<arg>UM</arg>
<arg>US</arg>
<arg>UY</arg>
<arg>UZ</arg>
<arg>VA</arg>
<arg>VC</arg>
<arg>VE</arg>
<arg>VG</arg>
<arg>VI</arg>
<arg>VN</arg>
<arg>VU</arg>
<arg>WF</arg>
<arg>WS</arg>
<arg>XK</arg>
<arg>YE</arg>
<arg>YT</arg>
<arg>ZA</arg>
<arg>ZM</arg>
<arg>ZW</arg>
<doc>Returns a list containing given items.</doc>
<status status="PASS" start="2024-07-15T05:15:14.067890" elapsed="0.000615"/>
</kw>
<kw name="List Should Contain Value" owner="Collections">
<arg>${list_country}</arg>
<arg>${name_country}</arg>
<doc>Fails if the ``value`` is not found from ``list``.</doc>
<status status="PASS" start="2024-07-15T05:15:14.069304" elapsed="0.000214"/>
</kw>
<kw name="Run Keyword If" owner="BuiltIn">
<kw name="Should Be True" owner="BuiltIn">
<arg>${True}</arg>
<doc>Fails if the given condition is not true.</doc>
<status status="PASS" start="2024-07-15T05:15:14.070452" elapsed="0.000144"/>
</kw>
<arg>${json_data["results"][0]["location"]["coordinates"]["latitude"]} &gt;= -90 and ${json_data["results"][0]["location"]["coordinates"]["latitude"]} &lt;= 90</arg>
<arg>Should Be True</arg>
<arg>${True}</arg>
<doc>Runs the given keyword with the given arguments, if ``condition`` is true.</doc>
<status status="PASS" start="2024-07-15T05:15:14.069712" elapsed="0.001009"/>
</kw>
<kw name="Run Keyword If" owner="BuiltIn">
<kw name="Should Be True" owner="BuiltIn">
<arg>${True}</arg>
<doc>Fails if the given condition is not true.</doc>
<status status="PASS" start="2024-07-15T05:15:14.071613" elapsed="0.000265"/>
</kw>
<arg>${json_data["results"][0]["location"]["coordinates"]["longitude"]} &gt;= -180 and ${json_data["results"][0]["location"]["coordinates"]["longitude"]} &lt;= 180</arg>
<arg>Should Be True</arg>
<arg>${True}</arg>
<doc>Runs the given keyword with the given arguments, if ``condition`` is true.</doc>
<status status="PASS" start="2024-07-15T05:15:14.070902" elapsed="0.001109"/>
</kw>
<status status="PASS" start="2024-07-15T05:15:13.967862" elapsed="0.104286"/>
</kw>
<doc>Testa o conteúdo específico dos campos retornados pela API.</doc>
<tag>testeConteudo</tag>
<status status="PASS" start="2024-07-15T05:15:13.967359" elapsed="0.104945"/>
</test>
<status status="PASS" start="2024-07-15T05:15:12.995192" elapsed="1.079153"/>
</suite>
<status status="PASS" start="2024-07-15T05:15:12.980823" elapsed="1.098654"/>
</suite>
<statistics>
<total>
<stat pass="5" fail="0" skip="0">All Tests</stat>
</total>
<tag>
<stat pass="1" fail="0" skip="0">testeConteudo</stat>
<stat pass="1" fail="0" skip="0">testeEstruturaResposta</stat>
<stat pass="1" fail="0" skip="0">testeRequisicaoBasica</stat>
<stat pass="1" fail="0" skip="0">testeTiposDados</stat>
</tag>
<suite>
<stat pass="5" fail="0" skip="0" id="s1" name="Tests">Tests</stat>
<stat pass="5" fail="0" skip="0" id="s1-s1" name="Random-User-Test">Tests.Random-User-Test</stat>
</suite>
</statistics>
<errors>
</errors>
</robot>
