<?xml version="1.0" encoding="UTF-8"?>
<robot generator="Robot 7.0.1 (Python 3.12.4 on linux)" generated="2024-07-23T01:08:21.319781" rpa="false" schemaversion="5">
<suite id="s1" name="Tests" source="/home/runner/work/ApiRandomUser/ApiRandomUser/RamdonUser/tests">
<suite id="s1-s1" name="Random-User-Test" source="/home/runner/work/ApiRandomUser/ApiRandomUser/RamdonUser/tests/random-user-test.robot">
<test id="s1-s1-t1" name="Conectar" line="13">
<kw name="Conectar API" owner="random-user-service">
<kw name="Create Session" owner="RequestsLibrary">
<msg time="2024-07-23T01:08:21.707334" level="INFO">Creating Session using : alias=consultarAPI, url=https://randomuser.me/, headers={},                     cookies={}, auth=None, timeout=None, proxies=None, verify=False,                     debug=0 </msg>
<arg>consultarAPI</arg>
<arg>${URL}</arg>
<doc>Create Session: create a HTTP session to a server</doc>
<status status="PASS" start="2024-07-23T01:08:21.707134" elapsed="0.000414"/>
</kw>
<status status="PASS" start="2024-07-23T01:08:21.706044" elapsed="0.001869"/>
</kw>
<status status="PASS" start="2024-07-23T01:08:21.705432" elapsed="0.002674"/>
</test>
<test id="s1-s1-t2" name="Validar retorno 200 e JSON Válido" line="16">
<kw name="Teste de Requisicao Basica" owner="random-user-service">
<kw name="GET On Session" owner="RequestsLibrary">
<msg time="2024-07-23T01:08:21.783217" level="INFO">GET Request : url=https://randomuser.me/api 
 path_url=/api 
 headers={'User-Agent': 'python-requests/2.32.3', 'Accept-Encoding': 'gzip, deflate', 'Accept': '*/*', 'Connection': 'keep-alive'} 
 body=None 
 </msg>
<msg time="2024-07-23T01:08:21.783351" level="INFO">GET Response : url=https://randomuser.me/api 
 status=200, reason=OK 
 headers={'Date': 'Tue, 23 Jul 2024 01:08:21 GMT', 'Content-Type': 'application/json; charset=utf-8', 'Transfer-Encoding': 'chunked', 'Connection': 'keep-alive', 'X-Powered-By': 'Express', 'Access-Control-Allow-Origin': '*', 'Cache-Control': 'no-cache', 'ETag': 'W/"47d-KrswviI4qt8uvACZyrkeL9h8Fi0"', 'Vary': 'Accept-Encoding', 'Content-Encoding': 'gzip', 'CF-Cache-Status': 'DYNAMIC', 'Report-To': '{"endpoints":[{"url":"https:\\/\\/a.nel.cloudflare.com\\/report\\/v4?s=XpG5upkhsR4uI69Wev8wLWIufAakoMZYmBkrYAnS7bnunZ6saKw4uWT9KUquLZ0MEyJhj0WmLvdwvItzOJ38MSkdGfe%2FHzB0jNszLKGMA01mr9kq%2BTY%2BJ9MFSSh9d8Tc"}],"group":"cf-nel","max_age":604800}', 'NEL': '{"success_fraction":0,"report_to":"cf-nel","max_age":604800}', 'Server': 'cloudflare', 'CF-RAY': '8a77c763ccc93b59-IAD', 'alt-svc': 'h3=":443"; ma=86400'} 
 body={"results":[{"gender":"male","name":{"title":"Mr","first":"Joel","last":"Cole"},"location":{"street":{"number":8440,"name":"Hogan St"},"city":"Tamworth","state":"Tasmania","country":"Australia","postcode":5033,"coordinates":{"latitude":"-89.6522","longitude":"-115.2827"},"timezone":{"offset":"+4:00","description":"Abu Dhabi, Muscat, Baku, Tbilisi"}},"email":"joel.cole@example.com","login":{"uuid":"829d6cb4-f858-4bfc-a25a-4354f1952415","username":"greenmouse374","password":"buddah","salt":"7HtFR9Xk","md5":"2fa13df5a56a8e9a5a3e85842bc2e34c","sha1":"6d6e485b0e6d557c19efe0b5d08677adf178f5ed","sha256":"0d60773cf48fbca785e041e3d2e99699ce8f082e2b6872d1924b0e845e5811ee"},"dob":{"date":"1958-10-30T02:59:01.458Z","age":65},"registered":{"date":"2009-02-08T00:11:48.110Z","age":15},"phone":"09-1631-2038","cell":"0444-147-202","id":{"name":"TFN","value":"729099901"},"picture":{"large":"https://randomuser.me/api/portraits/men/29.jpg","medium":"https://randomuser.me/api/portraits/med/men/29.jpg","thumbnail":"https://randomuser.me/api/portraits/thumb/men/29.jpg"},"nat":"AU"}],"info":{"seed":"ef3671d5cb596e57","results":1,"page":1,"version":"1.4"}} 
 </msg>
<msg time="2024-07-23T01:08:21.783425" level="INFO">/opt/hostedtoolcache/Python/3.12.4/x64/lib/python3.12/site-packages/urllib3/connectionpool.py:1099: InsecureRequestWarning: Unverified HTTPS request is being made to host 'randomuser.me'. Adding certificate verification is strongly advised. See: https://urllib3.readthedocs.io/en/latest/advanced-usage.html#tls-warnings
  warnings.warn(</msg>
<msg time="2024-07-23T01:08:21.783561" level="INFO">${response} = &lt;Response [200]&gt;</msg>
<var>${response}</var>
<arg>consultarAPI</arg>
<arg>/api</arg>
<doc>Sends a GET request on a previously created HTTP Session.</doc>
<status status="PASS" start="2024-07-23T01:08:21.710769" elapsed="0.072832"/>
</kw>
<kw name="Should Be Equal As Numbers" owner="BuiltIn">
<msg time="2024-07-23T01:08:21.784695" level="INFO">Argument types are:
&lt;class 'int'&gt;
&lt;class 'str'&gt;</msg>
<arg>${response.status_code}</arg>
<arg>200</arg>
<doc>Fails if objects are unequal after converting them to real numbers.</doc>
<status status="PASS" start="2024-07-23T01:08:21.784188" elapsed="0.000573"/>
</kw>
<kw name="Log" owner="BuiltIn">
<msg time="2024-07-23T01:08:21.785437" level="INFO">200</msg>
<arg>${response.status_code}</arg>
<doc>Logs the given message with the given level.</doc>
<status status="PASS" start="2024-07-23T01:08:21.785085" elapsed="0.000396"/>
</kw>
<kw name="Set Variable" owner="BuiltIn">
<msg time="2024-07-23T01:08:21.786211" level="INFO">${json_data} = {'results': [{'gender': 'male', 'name': {'title': 'Mr', 'first': 'Joel', 'last': 'Cole'}, 'location': {'street': {'number': 8440, 'name': 'Hogan St'}, 'city': 'Tamworth', 'state': 'Tasmania', 'country...</msg>
<var>${json_data}</var>
<arg>${response.json()}</arg>
<doc>Returns the given values which can then be assigned to a variables.</doc>
<status status="PASS" start="2024-07-23T01:08:21.785784" elapsed="0.000455"/>
</kw>
<kw name="Dictionary Should Contain Key" owner="Collections">
<arg>${json_data}</arg>
<arg>results</arg>
<doc>Fails if ``key`` is not found from ``dictionary``.</doc>
<status status="PASS" start="2024-07-23T01:08:21.786590" elapsed="0.000315"/>
</kw>
<status status="PASS" start="2024-07-23T01:08:21.710527" elapsed="0.076531"/>
</kw>
<doc>Testa se a API responde corretamente e retorna um objeto JSON válido.</doc>
<tag>testeRequisicaoBasica</tag>
<status status="PASS" start="2024-07-23T01:08:21.709959" elapsed="0.077269"/>
</test>
<test id="s1-s1-t3" name="Validar estrutura de resposta" line="22">
<kw name="Teste de Estrutura de Resposta" owner="random-user-service">
<kw name="GET On Session" owner="RequestsLibrary">
<msg time="2024-07-23T01:08:21.871044" level="INFO">GET Request : url=https://randomuser.me/api 
 path_url=/api 
 headers={'User-Agent': 'python-requests/2.32.3', 'Accept-Encoding': 'gzip, deflate', 'Accept': '*/*', 'Connection': 'keep-alive'} 
 body=None 
 </msg>
<msg time="2024-07-23T01:08:21.871114" level="INFO">GET Response : url=https://randomuser.me/api 
 status=200, reason=OK 
 headers={'Date': 'Tue, 23 Jul 2024 01:08:21 GMT', 'Content-Type': 'application/json; charset=utf-8', 'Transfer-Encoding': 'chunked', 'Connection': 'keep-alive', 'X-Powered-By': 'Express', 'Access-Control-Allow-Origin': '*', 'Cache-Control': 'no-cache', 'ETag': 'W/"4ab-4fCnRjF3leMuyrWGB1HAQJUVrk0"', 'Vary': 'Accept-Encoding', 'Content-Encoding': 'gzip', 'CF-Cache-Status': 'DYNAMIC', 'Report-To': '{"endpoints":[{"url":"https:\\/\\/a.nel.cloudflare.com\\/report\\/v4?s=kaOIBKyMdDX75nciJn8INE1tcHPqP1g24MLu87lStqAanDPRQlXFRigsNo1KXjjiXOSuzAY%2B19C84GhWn7vxaKorZ1Nxn9a4PF%2FoS1UcwL383dGXZJKrsqqh%2F4XUqrzZ"}],"group":"cf-nel","max_age":604800}', 'NEL': '{"success_fraction":0,"report_to":"cf-nel","max_age":604800}', 'Server': 'cloudflare', 'CF-RAY': '8a77c7643d4b3b59-IAD', 'alt-svc': 'h3=":443"; ma=86400'} 
 body={"results":[{"gender":"male","name":{"title":"Monsieur","first":"Lorenz","last":"Leroux"},"location":{"street":{"number":9304,"name":"Rue Saint-Georges"},"city":"Aefligen","state":"Basel-Landschaft","country":"Switzerland","postcode":6283,"coordinates":{"latitude":"-63.7784","longitude":"-59.2291"},"timezone":{"offset":"+5:30","description":"Bombay, Calcutta, Madras, New Delhi"}},"email":"lorenz.leroux@example.com","login":{"uuid":"99bef023-b438-45f5-82a0-365a9a3f4560","username":"purplebear314","password":"buddyboy","salt":"SqnIv7wa","md5":"2ba377e305b5ea3bb456a26b818f8e6c","sha1":"ecc31593c8622745ca9fef6704c3b6e5cfd37a76","sha256":"667fa9c8f6f07aa76fe46bd9c22fecc362e274abf969537c74322a4fa3a48585"},"dob":{"date":"1967-10-17T21:22:17.048Z","age":56},"registered":{"date":"2009-09-08T01:14:48.861Z","age":14},"phone":"078 292 34 00","cell":"076 070 70 37","id":{"name":"AVS","value":"756.0054.5633.93"},"picture":{"large":"https://randomuser.me/api/portraits/men/65.jpg","medium":"https://randomuser.me/api/portraits/med/men/65.jpg","thumbnail":"https://randomuser.me/api/portraits/thumb/men/65.jpg"},"nat":"CH"}],"info":{"seed":"f69446d621029e47","results":1,"page":1,"version":"1.4"}} 
 </msg>
<msg time="2024-07-23T01:08:21.871218" level="INFO">/opt/hostedtoolcache/Python/3.12.4/x64/lib/python3.12/site-packages/urllib3/connectionpool.py:1099: InsecureRequestWarning: Unverified HTTPS request is being made to host 'randomuser.me'. Adding certificate verification is strongly advised. See: https://urllib3.readthedocs.io/en/latest/advanced-usage.html#tls-warnings
  warnings.warn(</msg>
<msg time="2024-07-23T01:08:21.871321" level="INFO">${response} = &lt;Response [200]&gt;</msg>
<var>${response}</var>
<arg>consultarAPI</arg>
<arg>/api</arg>
<doc>Sends a GET request on a previously created HTTP Session.</doc>
<status status="PASS" start="2024-07-23T01:08:21.789882" elapsed="0.081478"/>
</kw>
<kw name="Set Variable" owner="BuiltIn">
<msg time="2024-07-23T01:08:21.872190" level="INFO">${json_data} = {'results': [{'gender': 'male', 'name': {'title': 'Monsieur', 'first': 'Lorenz', 'last': 'Leroux'}, 'location': {'street': {'number': 9304, 'name': 'Rue Saint-Georges'}, 'city': 'Aefligen', 'state': '...</msg>
<var>${json_data}</var>
<arg>${response.json()}</arg>
<doc>Returns the given values which can then be assigned to a variables.</doc>
<status status="PASS" start="2024-07-23T01:08:21.871737" elapsed="0.000481"/>
</kw>
<kw name="Log" owner="BuiltIn">
<msg time="2024-07-23T01:08:21.872678" level="INFO">{'results': [{'gender': 'male', 'name': {'title': 'Monsieur', 'first': 'Lorenz', 'last': 'Leroux'}, 'location': {'street': {'number': 9304, 'name': 'Rue Saint-Georges'}, 'city': 'Aefligen', 'state': 'Basel-Landschaft', 'country': 'Switzerland', 'postcode': 6283, 'coordinates': {'latitude': '-63.7784', 'longitude': '-59.2291'}, 'timezone': {'offset': '+5:30', 'description': 'Bombay, Calcutta, Madras, New Delhi'}}, 'email': 'lorenz.leroux@example.com', 'login': {'uuid': '99bef023-b438-45f5-82a0-365a9a3f4560', 'username': 'purplebear314', 'password': 'buddyboy', 'salt': 'SqnIv7wa', 'md5': '2ba377e305b5ea3bb456a26b818f8e6c', 'sha1': 'ecc31593c8622745ca9fef6704c3b6e5cfd37a76', 'sha256': '667fa9c8f6f07aa76fe46bd9c22fecc362e274abf969537c74322a4fa3a48585'}, 'dob': {'date': '1967-10-17T21:22:17.048Z', 'age': 56}, 'registered': {'date': '2009-09-08T01:14:48.861Z', 'age': 14}, 'phone': '078 292 34 00', 'cell': '076 070 70 37', 'id': {'name': 'AVS', 'value': '756.0054.5633.93'}, 'picture': {'large': 'https://randomuser.me/api/portraits/men/65.jpg', 'medium': 'https://randomuser.me/api/portraits/med/men/65.jpg', 'thumbnail': 'https://randomuser.me/api/portraits/thumb/men/65.jpg'}, 'nat': 'CH'}], 'info': {'seed': 'f69446d621029e47', 'results': 1, 'page': 1, 'version': '1.4'}}</msg>
<arg>${json_data}</arg>
<doc>Logs the given message with the given level.</doc>
<status status="PASS" start="2024-07-23T01:08:21.872521" elapsed="0.000207"/>
</kw>
<kw name="Dictionary Should Contain Key" owner="Collections">
<arg>${json_data}</arg>
<arg>results</arg>
<doc>Fails if ``key`` is not found from ``dictionary``.</doc>
<status status="PASS" start="2024-07-23T01:08:21.873017" elapsed="0.000159"/>
</kw>
<kw name="Should Not Be Empty" owner="BuiltIn">
<msg time="2024-07-23T01:08:21.873488" level="INFO">Length is 2.</msg>
<arg>${json_data}</arg>
<doc>Verifies that the given item is not empty.</doc>
<status status="PASS" start="2024-07-23T01:08:21.873361" elapsed="0.000165"/>
</kw>
<kw name="Create List" owner="BuiltIn">
<msg time="2024-07-23T01:08:21.873970" level="INFO">${expected_keys} = ['gender', 'name', 'location', 'email', 'login']</msg>
<var>${expected_keys}</var>
<arg>gender</arg>
<arg>name</arg>
<arg>location</arg>
<arg>email</arg>
<arg>login</arg>
<doc>Returns a list containing given items.</doc>
<status status="PASS" start="2024-07-23T01:08:21.873809" elapsed="0.000184"/>
</kw>
<for flavor="IN">
<iter>
<kw name="Dictionary Should Contain Key" owner="Collections">
<arg>${json_data['results'][0]}</arg>
<arg>${key}</arg>
<doc>Fails if ``key`` is not found from ``dictionary``.</doc>
<status status="PASS" start="2024-07-23T01:08:21.874615" elapsed="0.000397"/>
</kw>
<kw name="Log" owner="BuiltIn">
<msg time="2024-07-23T01:08:21.875551" level="INFO">{'gender': 'male', 'name': {'title': 'Monsieur', 'first': 'Lorenz', 'last': 'Leroux'}, 'location': {'street': {'number': 9304, 'name': 'Rue Saint-Georges'}, 'city': 'Aefligen', 'state': 'Basel-Landschaft', 'country': 'Switzerland', 'postcode': 6283, 'coordinates': {'latitude': '-63.7784', 'longitude': '-59.2291'}, 'timezone': {'offset': '+5:30', 'description': 'Bombay, Calcutta, Madras, New Delhi'}}, 'email': 'lorenz.leroux@example.com', 'login': {'uuid': '99bef023-b438-45f5-82a0-365a9a3f4560', 'username': 'purplebear314', 'password': 'buddyboy', 'salt': 'SqnIv7wa', 'md5': '2ba377e305b5ea3bb456a26b818f8e6c', 'sha1': 'ecc31593c8622745ca9fef6704c3b6e5cfd37a76', 'sha256': '667fa9c8f6f07aa76fe46bd9c22fecc362e274abf969537c74322a4fa3a48585'}, 'dob': {'date': '1967-10-17T21:22:17.048Z', 'age': 56}, 'registered': {'date': '2009-09-08T01:14:48.861Z', 'age': 14}, 'phone': '078 292 34 00', 'cell': '076 070 70 37', 'id': {'name': 'AVS', 'value': '756.0054.5633.93'}, 'picture': {'large': 'https://randomuser.me/api/portraits/men/65.jpg', 'medium': 'https://randomuser.me/api/portraits/med/men/65.jpg', 'thumbnail': 'https://randomuser.me/api/portraits/thumb/men/65.jpg'}, 'nat': 'CH'}</msg>
<arg>${json_data['results'][0]}</arg>
<doc>Logs the given message with the given level.</doc>
<status status="PASS" start="2024-07-23T01:08:21.875197" elapsed="0.000404"/>
</kw>
<kw name="Log" owner="BuiltIn">
<msg time="2024-07-23T01:08:21.876026" level="INFO">gender</msg>
<arg>${key}</arg>
<doc>Logs the given message with the given level.</doc>
<status status="PASS" start="2024-07-23T01:08:21.875899" elapsed="0.000165"/>
</kw>
<var name="${key}">gender</var>
<status status="PASS" start="2024-07-23T01:08:21.874486" elapsed="0.001794"/>
</iter>
<iter>
<kw name="Dictionary Should Contain Key" owner="Collections">
<arg>${json_data['results'][0]}</arg>
<arg>${key}</arg>
<doc>Fails if ``key`` is not found from ``dictionary``.</doc>
<status status="PASS" start="2024-07-23T01:08:21.876578" elapsed="0.000376"/>
</kw>
<kw name="Log" owner="BuiltIn">
<msg time="2024-07-23T01:08:21.877544" level="INFO">{'gender': 'male', 'name': {'title': 'Monsieur', 'first': 'Lorenz', 'last': 'Leroux'}, 'location': {'street': {'number': 9304, 'name': 'Rue Saint-Georges'}, 'city': 'Aefligen', 'state': 'Basel-Landschaft', 'country': 'Switzerland', 'postcode': 6283, 'coordinates': {'latitude': '-63.7784', 'longitude': '-59.2291'}, 'timezone': {'offset': '+5:30', 'description': 'Bombay, Calcutta, Madras, New Delhi'}}, 'email': 'lorenz.leroux@example.com', 'login': {'uuid': '99bef023-b438-45f5-82a0-365a9a3f4560', 'username': 'purplebear314', 'password': 'buddyboy', 'salt': 'SqnIv7wa', 'md5': '2ba377e305b5ea3bb456a26b818f8e6c', 'sha1': 'ecc31593c8622745ca9fef6704c3b6e5cfd37a76', 'sha256': '667fa9c8f6f07aa76fe46bd9c22fecc362e274abf969537c74322a4fa3a48585'}, 'dob': {'date': '1967-10-17T21:22:17.048Z', 'age': 56}, 'registered': {'date': '2009-09-08T01:14:48.861Z', 'age': 14}, 'phone': '078 292 34 00', 'cell': '076 070 70 37', 'id': {'name': 'AVS', 'value': '756.0054.5633.93'}, 'picture': {'large': 'https://randomuser.me/api/portraits/men/65.jpg', 'medium': 'https://randomuser.me/api/portraits/med/men/65.jpg', 'thumbnail': 'https://randomuser.me/api/portraits/thumb/men/65.jpg'}, 'nat': 'CH'}</msg>
<arg>${json_data['results'][0]}</arg>
<doc>Logs the given message with the given level.</doc>
<status status="PASS" start="2024-07-23T01:08:21.877167" elapsed="0.000427"/>
</kw>
<kw name="Log" owner="BuiltIn">
<msg time="2024-07-23T01:08:21.878011" level="INFO">name</msg>
<arg>${key}</arg>
<doc>Logs the given message with the given level.</doc>
<status status="PASS" start="2024-07-23T01:08:21.877886" elapsed="0.000162"/>
</kw>
<var name="${key}">name</var>
<status status="PASS" start="2024-07-23T01:08:21.876469" elapsed="0.001793"/>
</iter>
<iter>
<kw name="Dictionary Should Contain Key" owner="Collections">
<arg>${json_data['results'][0]}</arg>
<arg>${key}</arg>
<doc>Fails if ``key`` is not found from ``dictionary``.</doc>
<status status="PASS" start="2024-07-23T01:08:21.878573" elapsed="0.000375"/>
</kw>
<kw name="Log" owner="BuiltIn">
<msg time="2024-07-23T01:08:21.879483" level="INFO">{'gender': 'male', 'name': {'title': 'Monsieur', 'first': 'Lorenz', 'last': 'Leroux'}, 'location': {'street': {'number': 9304, 'name': 'Rue Saint-Georges'}, 'city': 'Aefligen', 'state': 'Basel-Landschaft', 'country': 'Switzerland', 'postcode': 6283, 'coordinates': {'latitude': '-63.7784', 'longitude': '-59.2291'}, 'timezone': {'offset': '+5:30', 'description': 'Bombay, Calcutta, Madras, New Delhi'}}, 'email': 'lorenz.leroux@example.com', 'login': {'uuid': '99bef023-b438-45f5-82a0-365a9a3f4560', 'username': 'purplebear314', 'password': 'buddyboy', 'salt': 'SqnIv7wa', 'md5': '2ba377e305b5ea3bb456a26b818f8e6c', 'sha1': 'ecc31593c8622745ca9fef6704c3b6e5cfd37a76', 'sha256': '667fa9c8f6f07aa76fe46bd9c22fecc362e274abf969537c74322a4fa3a48585'}, 'dob': {'date': '1967-10-17T21:22:17.048Z', 'age': 56}, 'registered': {'date': '2009-09-08T01:14:48.861Z', 'age': 14}, 'phone': '078 292 34 00', 'cell': '076 070 70 37', 'id': {'name': 'AVS', 'value': '756.0054.5633.93'}, 'picture': {'large': 'https://randomuser.me/api/portraits/men/65.jpg', 'medium': 'https://randomuser.me/api/portraits/med/men/65.jpg', 'thumbnail': 'https://randomuser.me/api/portraits/thumb/men/65.jpg'}, 'nat': 'CH'}</msg>
<arg>${json_data['results'][0]}</arg>
<doc>Logs the given message with the given level.</doc>
<status status="PASS" start="2024-07-23T01:08:21.879134" elapsed="0.000398"/>
</kw>
<kw name="Log" owner="BuiltIn">
<msg time="2024-07-23T01:08:21.879960" level="INFO">location</msg>
<arg>${key}</arg>
<doc>Logs the given message with the given level.</doc>
<status status="PASS" start="2024-07-23T01:08:21.879833" elapsed="0.000164"/>
</kw>
<var name="${key}">location</var>
<status status="PASS" start="2024-07-23T01:08:21.878465" elapsed="0.001746"/>
</iter>
<iter>
<kw name="Dictionary Should Contain Key" owner="Collections">
<arg>${json_data['results'][0]}</arg>
<arg>${key}</arg>
<doc>Fails if ``key`` is not found from ``dictionary``.</doc>
<status status="PASS" start="2024-07-23T01:08:21.880484" elapsed="0.000377"/>
</kw>
<kw name="Log" owner="BuiltIn">
<msg time="2024-07-23T01:08:21.881510" level="INFO">{'gender': 'male', 'name': {'title': 'Monsieur', 'first': 'Lorenz', 'last': 'Leroux'}, 'location': {'street': {'number': 9304, 'name': 'Rue Saint-Georges'}, 'city': 'Aefligen', 'state': 'Basel-Landschaft', 'country': 'Switzerland', 'postcode': 6283, 'coordinates': {'latitude': '-63.7784', 'longitude': '-59.2291'}, 'timezone': {'offset': '+5:30', 'description': 'Bombay, Calcutta, Madras, New Delhi'}}, 'email': 'lorenz.leroux@example.com', 'login': {'uuid': '99bef023-b438-45f5-82a0-365a9a3f4560', 'username': 'purplebear314', 'password': 'buddyboy', 'salt': 'SqnIv7wa', 'md5': '2ba377e305b5ea3bb456a26b818f8e6c', 'sha1': 'ecc31593c8622745ca9fef6704c3b6e5cfd37a76', 'sha256': '667fa9c8f6f07aa76fe46bd9c22fecc362e274abf969537c74322a4fa3a48585'}, 'dob': {'date': '1967-10-17T21:22:17.048Z', 'age': 56}, 'registered': {'date': '2009-09-08T01:14:48.861Z', 'age': 14}, 'phone': '078 292 34 00', 'cell': '076 070 70 37', 'id': {'name': 'AVS', 'value': '756.0054.5633.93'}, 'picture': {'large': 'https://randomuser.me/api/portraits/men/65.jpg', 'medium': 'https://randomuser.me/api/portraits/med/men/65.jpg', 'thumbnail': 'https://randomuser.me/api/portraits/thumb/men/65.jpg'}, 'nat': 'CH'}</msg>
<arg>${json_data['results'][0]}</arg>
<doc>Logs the given message with the given level.</doc>
<status status="PASS" start="2024-07-23T01:08:21.881158" elapsed="0.000400"/>
</kw>
<kw name="Log" owner="BuiltIn">
<msg time="2024-07-23T01:08:21.881977" level="INFO">email</msg>
<arg>${key}</arg>
<doc>Logs the given message with the given level.</doc>
<status status="PASS" start="2024-07-23T01:08:21.881849" elapsed="0.000167"/>
</kw>
<var name="${key}">email</var>
<status status="PASS" start="2024-07-23T01:08:21.880380" elapsed="0.001850"/>
</iter>
<iter>
<kw name="Dictionary Should Contain Key" owner="Collections">
<arg>${json_data['results'][0]}</arg>
<arg>${key}</arg>
<doc>Fails if ``key`` is not found from ``dictionary``.</doc>
<status status="PASS" start="2024-07-23T01:08:21.882554" elapsed="0.000375"/>
</kw>
<kw name="Log" owner="BuiltIn">
<msg time="2024-07-23T01:08:21.883455" level="INFO">{'gender': 'male', 'name': {'title': 'Monsieur', 'first': 'Lorenz', 'last': 'Leroux'}, 'location': {'street': {'number': 9304, 'name': 'Rue Saint-Georges'}, 'city': 'Aefligen', 'state': 'Basel-Landschaft', 'country': 'Switzerland', 'postcode': 6283, 'coordinates': {'latitude': '-63.7784', 'longitude': '-59.2291'}, 'timezone': {'offset': '+5:30', 'description': 'Bombay, Calcutta, Madras, New Delhi'}}, 'email': 'lorenz.leroux@example.com', 'login': {'uuid': '99bef023-b438-45f5-82a0-365a9a3f4560', 'username': 'purplebear314', 'password': 'buddyboy', 'salt': 'SqnIv7wa', 'md5': '2ba377e305b5ea3bb456a26b818f8e6c', 'sha1': 'ecc31593c8622745ca9fef6704c3b6e5cfd37a76', 'sha256': '667fa9c8f6f07aa76fe46bd9c22fecc362e274abf969537c74322a4fa3a48585'}, 'dob': {'date': '1967-10-17T21:22:17.048Z', 'age': 56}, 'registered': {'date': '2009-09-08T01:14:48.861Z', 'age': 14}, 'phone': '078 292 34 00', 'cell': '076 070 70 37', 'id': {'name': 'AVS', 'value': '756.0054.5633.93'}, 'picture': {'large': 'https://randomuser.me/api/portraits/men/65.jpg', 'medium': 'https://randomuser.me/api/portraits/med/men/65.jpg', 'thumbnail': 'https://randomuser.me/api/portraits/thumb/men/65.jpg'}, 'nat': 'CH'}</msg>
<arg>${json_data['results'][0]}</arg>
<doc>Logs the given message with the given level.</doc>
<status status="PASS" start="2024-07-23T01:08:21.883110" elapsed="0.000393"/>
</kw>
<kw name="Log" owner="BuiltIn">
<msg time="2024-07-23T01:08:21.883913" level="INFO">login</msg>
<arg>${key}</arg>
<doc>Logs the given message with the given level.</doc>
<status status="PASS" start="2024-07-23T01:08:21.883790" elapsed="0.000159"/>
</kw>
<var name="${key}">login</var>
<status status="PASS" start="2024-07-23T01:08:21.882444" elapsed="0.001729"/>
</iter>
<var>${key}</var>
<value>@{expected_keys}</value>
<status status="PASS" start="2024-07-23T01:08:21.874252" elapsed="0.010066"/>
</for>
<kw name="Create List" owner="BuiltIn">
<msg time="2024-07-23T01:08:21.884642" level="INFO">${expected_keysTwo} = ['username', 'password']</msg>
<var>${expected_keysTwo}</var>
<arg>username</arg>
<arg>password</arg>
<doc>Returns a list containing given items.</doc>
<status status="PASS" start="2024-07-23T01:08:21.884510" elapsed="0.000157"/>
</kw>
<for flavor="IN">
<iter>
<kw name="Dictionary Should Contain Key" owner="Collections">
<arg>${json_data['results'][0]['login']}</arg>
<arg>${keyTwo}</arg>
<doc>Fails if ``key`` is not found from ``dictionary``.</doc>
<status status="PASS" start="2024-07-23T01:08:21.885157" elapsed="0.000375"/>
</kw>
<kw name="Dictionary Should Contain Key" owner="Collections">
<arg>${json_data['results'][0]['login']}</arg>
<arg>${keyTwo}</arg>
<doc>Fails if ``key`` is not found from ``dictionary``.</doc>
<status status="PASS" start="2024-07-23T01:08:21.885712" elapsed="0.000373"/>
</kw>
<kw name="Log" owner="BuiltIn">
<msg time="2024-07-23T01:08:21.886418" level="INFO">username</msg>
<arg>${keyTwo}</arg>
<doc>Logs the given message with the given level.</doc>
<status status="PASS" start="2024-07-23T01:08:21.886267" elapsed="0.000190"/>
</kw>
<var name="${keyTwo}">username</var>
<status status="PASS" start="2024-07-23T01:08:21.885049" elapsed="0.001627"/>
</iter>
<iter>
<kw name="Dictionary Should Contain Key" owner="Collections">
<arg>${json_data['results'][0]['login']}</arg>
<arg>${keyTwo}</arg>
<doc>Fails if ``key`` is not found from ``dictionary``.</doc>
<status status="PASS" start="2024-07-23T01:08:21.886951" elapsed="0.000372"/>
</kw>
<kw name="Dictionary Should Contain Key" owner="Collections">
<arg>${json_data['results'][0]['login']}</arg>
<arg>${keyTwo}</arg>
<doc>Fails if ``key`` is not found from ``dictionary``.</doc>
<status status="PASS" start="2024-07-23T01:08:21.887499" elapsed="0.000367"/>
</kw>
<kw name="Log" owner="BuiltIn">
<msg time="2024-07-23T01:08:21.888162" level="INFO">password</msg>
<arg>${keyTwo}</arg>
<doc>Logs the given message with the given level.</doc>
<status status="PASS" start="2024-07-23T01:08:21.888039" elapsed="0.000161"/>
</kw>
<var name="${keyTwo}">password</var>
<status status="PASS" start="2024-07-23T01:08:21.886847" elapsed="0.001567"/>
</iter>
<var>${keyTwo}</var>
<value>@{expected_keysTwo}</value>
<status status="PASS" start="2024-07-23T01:08:21.884899" elapsed="0.003634"/>
</for>
<status status="PASS" start="2024-07-23T01:08:21.789647" elapsed="0.099021"/>
</kw>
<doc>Testa a estrutura da resposta da API.</doc>
<tag>testeEstruturaResposta</tag>
<status status="PASS" start="2024-07-23T01:08:21.789061" elapsed="0.099757"/>
</test>
<test id="s1-s1-t4" name="Validar tipos de dados" line="28">
<kw name="Teste de Tipos de Dados" owner="random-user-service">
<kw name="GET On Session" owner="RequestsLibrary">
<msg time="2024-07-23T01:08:21.974529" level="INFO">GET Request : url=https://randomuser.me/api 
 path_url=/api 
 headers={'User-Agent': 'python-requests/2.32.3', 'Accept-Encoding': 'gzip, deflate', 'Accept': '*/*', 'Connection': 'keep-alive'} 
 body=None 
 </msg>
<msg time="2024-07-23T01:08:21.974616" level="INFO">GET Response : url=https://randomuser.me/api 
 status=200, reason=OK 
 headers={'Date': 'Tue, 23 Jul 2024 01:08:21 GMT', 'Content-Type': 'application/json; charset=utf-8', 'Transfer-Encoding': 'chunked', 'Connection': 'keep-alive', 'X-Powered-By': 'Express', 'Access-Control-Allow-Origin': '*', 'Cache-Control': 'no-cache', 'ETag': 'W/"489-VJZATFM4ne3IXUIz+/V3DK6IDyA"', 'Vary': 'Accept-Encoding', 'Content-Encoding': 'gzip', 'CF-Cache-Status': 'DYNAMIC', 'Report-To': '{"endpoints":[{"url":"https:\\/\\/a.nel.cloudflare.com\\/report\\/v4?s=s74%2FDQZoAb%2B9A%2Bp8czLEVTz1DcS4ncV2RqI46QV9jvn6gyIqnyiLdkXcO1wkgyfFerQoh8knttQUocfJ8j0F%2BAHhcCZo5YXlm0XWqkd%2BkZa%2FGqaxDiC16NJ7%2Fv40JHwT"}],"group":"cf-nel","max_age":604800}', 'NEL': '{"success_fraction":0,"report_to":"cf-nel","max_age":604800}', 'Server': 'cloudflare', 'CF-RAY': '8a77c764de293b59-IAD', 'alt-svc': 'h3=":443"; ma=86400'} 
 body={"results":[{"gender":"female","name":{"title":"Ms","first":"تارا","last":"صدر"},"location":{"street":{"number":8855,"name":"فلسطین"},"city":"بجنورد","state":"البرز","country":"Iran","postcode":24538,"coordinates":{"latitude":"13.2833","longitude":"6.9003"},"timezone":{"offset":"+3:00","description":"Baghdad, Riyadh, Moscow, St. Petersburg"}},"email":"tr.sdr@example.com","login":{"uuid":"46d8e932-24bc-42f6-8795-f54b5aaa9847","username":"greenzebra385","password":"munchkin","salt":"rRVi8xsC","md5":"8fcfae8c1542ce767fda5af8fa1af312","sha1":"9762497124fed6caa8102c53e334d45ac75fb9e3","sha256":"aca9cca680e563ca3d0984842f09c719db9584c1cde3c72feba5f058b63fbf8f"},"dob":{"date":"1959-11-18T04:28:09.337Z","age":64},"registered":{"date":"2016-03-06T15:39:46.114Z","age":8},"phone":"066-65524838","cell":"0996-272-5953","id":{"name":"","value":null},"picture":{"large":"https://randomuser.me/api/portraits/women/32.jpg","medium":"https://randomuser.me/api/portraits/med/women/32.jpg","thumbnail":"https://randomuser.me/api/portraits/thumb/women/32.jpg"},"nat":"IR"}],"info":{"seed":"5e0c025bac6ee5b2","results":1,"page":1,"version":"1.4"}} 
 </msg>
<msg time="2024-07-23T01:08:21.974683" level="INFO">/opt/hostedtoolcache/Python/3.12.4/x64/lib/python3.12/site-packages/urllib3/connectionpool.py:1099: InsecureRequestWarning: Unverified HTTPS request is being made to host 'randomuser.me'. Adding certificate verification is strongly advised. See: https://urllib3.readthedocs.io/en/latest/advanced-usage.html#tls-warnings
  warnings.warn(</msg>
<msg time="2024-07-23T01:08:21.974790" level="INFO">${response} = &lt;Response [200]&gt;</msg>
<var>${response}</var>
<arg>consultarAPI</arg>
<arg>/api</arg>
<doc>Sends a GET request on a previously created HTTP Session.</doc>
<status status="PASS" start="2024-07-23T01:08:21.891333" elapsed="0.083500"/>
</kw>
<kw name="Set Variable" owner="BuiltIn">
<msg time="2024-07-23T01:08:21.975956" level="INFO">${json_data} = {'results': [{'gender': 'female', 'name': {'title': 'Ms', 'first': 'تارا', 'last': 'صدر'}, 'location': {'street': {'number': 8855, 'name': 'فلسطین'}, 'city': 'بجنورد', 'state': 'البرز', 'country': 'Ir...</msg>
<var>${json_data}</var>
<arg>${response.json()}</arg>
<doc>Returns the given values which can then be assigned to a variables.</doc>
<status status="PASS" start="2024-07-23T01:08:21.975396" elapsed="0.000591"/>
</kw>
<kw name="Log" owner="BuiltIn">
<msg time="2024-07-23T01:08:21.976458" level="INFO">{'results': [{'gender': 'female', 'name': {'title': 'Ms', 'first': 'تارا', 'last': 'صدر'}, 'location': {'street': {'number': 8855, 'name': 'فلسطین'}, 'city': 'بجنورد', 'state': 'البرز', 'country': 'Iran', 'postcode': 24538, 'coordinates': {'latitude': '13.2833', 'longitude': '6.9003'}, 'timezone': {'offset': '+3:00', 'description': 'Baghdad, Riyadh, Moscow, St. Petersburg'}}, 'email': 'tr.sdr@example.com', 'login': {'uuid': '46d8e932-24bc-42f6-8795-f54b5aaa9847', 'username': 'greenzebra385', 'password': 'munchkin', 'salt': 'rRVi8xsC', 'md5': '8fcfae8c1542ce767fda5af8fa1af312', 'sha1': '9762497124fed6caa8102c53e334d45ac75fb9e3', 'sha256': 'aca9cca680e563ca3d0984842f09c719db9584c1cde3c72feba5f058b63fbf8f'}, 'dob': {'date': '1959-11-18T04:28:09.337Z', 'age': 64}, 'registered': {'date': '2016-03-06T15:39:46.114Z', 'age': 8}, 'phone': '066-65524838', 'cell': '0996-272-5953', 'id': {'name': '', 'value': None}, 'picture': {'large': 'https://randomuser.me/api/portraits/women/32.jpg', 'medium': 'https://randomuser.me/api/portraits/med/women/32.jpg', 'thumbnail': 'https://randomuser.me/api/portraits/thumb/women/32.jpg'}, 'nat': 'IR'}], 'info': {'seed': '5e0c025bac6ee5b2', 'results': 1, 'page': 1, 'version': '1.4'}}</msg>
<arg>${json_data}</arg>
<doc>Logs the given message with the given level.</doc>
<status status="PASS" start="2024-07-23T01:08:21.976298" elapsed="0.000211"/>
</kw>
<kw name="Should Be String" owner="String">
<arg>${json_data['results'][0]['gender']}</arg>
<doc>Fails if the given ``item`` is not a string.</doc>
<status status="PASS" start="2024-07-23T01:08:21.976844" elapsed="0.000363"/>
</kw>
<kw name="Should Match Regexp" owner="BuiltIn">
<arg>${json_data['results'][0]['email']}</arg>
<arg>^[a-zA-Z0-9._%+-]+@[a-zA-Z0-9.-]+\.[a-zA-Z]{2,}$</arg>
<doc>Fails if ``string`` does not match ``pattern`` as a regular expression.</doc>
<status status="PASS" start="2024-07-23T01:08:21.977400" elapsed="0.000523"/>
</kw>
<kw name="Should Match Regexp" owner="BuiltIn">
<arg>${json_data['results'][0]['dob']['date']}</arg>
<arg>\\d{4}-\\d{2}-\\d{2}T\\d{2}:\\d{2}:\\d{2}\\.\\d{3}Z</arg>
<doc>Fails if ``string`` does not match ``pattern`` as a regular expression.</doc>
<status status="PASS" start="2024-07-23T01:08:21.978116" elapsed="0.000675"/>
</kw>
<kw name="Should Match Regexp" owner="BuiltIn">
<arg>${json_data['results'][0]['registered']['date']}</arg>
<arg>\\d{4}-\\d{2}-\\d{2}T\\d{2}:\\d{2}:\\d{2}\\.\\d{3}Z</arg>
<doc>Fails if ``string`` does not match ``pattern`` as a regular expression.</doc>
<status status="PASS" start="2024-07-23T01:08:21.978987" elapsed="0.000372"/>
</kw>
<kw name="Should Match Regexp" owner="BuiltIn">
<arg>${json_data['results'][0]['picture']['large']}</arg>
<arg>^https?://.*\.(?:png|jpe?g|gif|bmp)$</arg>
<doc>Fails if ``string`` does not match ``pattern`` as a regular expression.</doc>
<status status="PASS" start="2024-07-23T01:08:21.979543" elapsed="0.000461"/>
</kw>
<kw name="Should Match Regexp" owner="BuiltIn">
<arg>${json_data['results'][0]['picture']['medium']}</arg>
<arg>^https?://.*\.(?:png|jpe?g|gif|bmp)$</arg>
<doc>Fails if ``string`` does not match ``pattern`` as a regular expression.</doc>
<status status="PASS" start="2024-07-23T01:08:21.980197" elapsed="0.000352"/>
</kw>
<kw name="Should Match Regexp" owner="BuiltIn">
<arg>${json_data['results'][0]['picture']['thumbnail']}</arg>
<arg>^https?://.*\.(?:png|jpe?g|gif|bmp)$</arg>
<doc>Fails if ``string`` does not match ``pattern`` as a regular expression.</doc>
<status status="PASS" start="2024-07-23T01:08:21.980729" elapsed="0.000345"/>
</kw>
<kw name="Log" owner="BuiltIn">
<msg time="2024-07-23T01:08:21.981577" level="INFO">{'large': 'https://randomuser.me/api/portraits/women/32.jpg', 'medium': 'https://randomuser.me/api/portraits/med/women/32.jpg', 'thumbnail': 'https://randomuser.me/api/portraits/thumb/women/32.jpg'}</msg>
<arg>${json_data['results'][0]['picture']}</arg>
<doc>Logs the given message with the given level.</doc>
<status status="PASS" start="2024-07-23T01:08:21.981250" elapsed="0.000372"/>
</kw>
<status status="PASS" start="2024-07-23T01:08:21.891114" elapsed="0.090767"/>
</kw>
<kw name="Teste de Tipos de Dados - Postcode" owner="random-user-service">
<kw name="GET On Session" owner="RequestsLibrary">
<msg time="2024-07-23T01:08:22.071717" level="INFO">GET Request : url=https://randomuser.me/api 
 path_url=/api 
 headers={'User-Agent': 'python-requests/2.32.3', 'Accept-Encoding': 'gzip, deflate', 'Accept': '*/*', 'Connection': 'keep-alive'} 
 body=None 
 </msg>
<msg time="2024-07-23T01:08:22.071802" level="INFO">GET Response : url=https://randomuser.me/api 
 status=200, reason=OK 
 headers={'Date': 'Tue, 23 Jul 2024 01:08:22 GMT', 'Content-Type': 'application/json; charset=utf-8', 'Transfer-Encoding': 'chunked', 'Connection': 'keep-alive', 'X-Powered-By': 'Express', 'Access-Control-Allow-Origin': '*', 'Cache-Control': 'no-cache', 'ETag': 'W/"49d-qcoXcqFTTP4ldgGeE7LvOszm+5E"', 'Vary': 'Accept-Encoding', 'Content-Encoding': 'gzip', 'CF-Cache-Status': 'DYNAMIC', 'Report-To': '{"endpoints":[{"url":"https:\\/\\/a.nel.cloudflare.com\\/report\\/v4?s=HN7LrPYARdRMzYYZ6%2BW8MTrlbBzxl5ODRgj%2FHCfbdWEiWknOXLNwiYN7wy86T%2FiWFP%2FMJeufCywq3fUH%2F0FpP8ZrjMsXCDOOFaLpqiJ5Lf%2FsDDo4sZHdVixePxYTiJBN"}],"group":"cf-nel","max_age":604800}', 'NEL': '{"success_fraction":0,"report_to":"cf-nel","max_age":604800}', 'Server': 'cloudflare', 'CF-RAY': '8a77c7656edf3b59-IAD', 'alt-svc': 'h3=":443"; ma=86400'} 
 body={"results":[{"gender":"male","name":{"title":"Mr","first":"Acácio","last":"Pires"},"location":{"street":{"number":5824,"name":"Rua Pernambuco "},"city":"Teresina","state":"Minas Gerais","country":"Brazil","postcode":34589,"coordinates":{"latitude":"-79.2237","longitude":"-133.2961"},"timezone":{"offset":"+10:00","description":"Eastern Australia, Guam, Vladivostok"}},"email":"acacio.pires@example.com","login":{"uuid":"0cf97e74-0ba3-45c7-8f6c-9a69093a8970","username":"happyrabbit637","password":"volcano","salt":"bSOnuXEq","md5":"faa7572b48b71d7de0db170537da0bab","sha1":"c7c0368aedfdf0a2e32823a891d65498f73def70","sha256":"60f3aa19d1fc8afb307ba92b2430a27b2bb40509a3a20faaf6620c2ccbf8a705"},"dob":{"date":"1982-11-26T13:12:09.497Z","age":41},"registered":{"date":"2010-03-06T17:16:33.976Z","age":14},"phone":"(06) 2655-4090","cell":"(31) 8888-6880","id":{"name":"CPF","value":"488.419.276-46"},"picture":{"large":"https://randomuser.me/api/portraits/men/58.jpg","medium":"https://randomuser.me/api/portraits/med/men/58.jpg","thumbnail":"https://randomuser.me/api/portraits/thumb/men/58.jpg"},"nat":"BR"}],"info":{"seed":"461df124a13fdea4","results":1,"page":1,"version":"1.4"}} 
 </msg>
<msg time="2024-07-23T01:08:22.071869" level="INFO">/opt/hostedtoolcache/Python/3.12.4/x64/lib/python3.12/site-packages/urllib3/connectionpool.py:1099: InsecureRequestWarning: Unverified HTTPS request is being made to host 'randomuser.me'. Adding certificate verification is strongly advised. See: https://urllib3.readthedocs.io/en/latest/advanced-usage.html#tls-warnings
  warnings.warn(</msg>
<msg time="2024-07-23T01:08:22.071986" level="INFO">${response} = &lt;Response [200]&gt;</msg>
<var>${response}</var>
<arg>consultarAPI</arg>
<arg>/api</arg>
<doc>Sends a GET request on a previously created HTTP Session.</doc>
<status status="PASS" start="2024-07-23T01:08:21.982345" elapsed="0.089681"/>
</kw>
<kw name="Set Variable" owner="BuiltIn">
<msg time="2024-07-23T01:08:22.073165" level="INFO">${json_data} = {'results': [{'gender': 'male', 'name': {'title': 'Mr', 'first': 'Acácio', 'last': 'Pires'}, 'location': {'street': {'number': 5824, 'name': 'Rua Pernambuco '}, 'city': 'Teresina', 'state': 'Minas Ger...</msg>
<var>${json_data}</var>
<arg>${response.json()}</arg>
<doc>Returns the given values which can then be assigned to a variables.</doc>
<status status="PASS" start="2024-07-23T01:08:22.072601" elapsed="0.000594"/>
</kw>
<kw name="Log" owner="BuiltIn">
<msg time="2024-07-23T01:08:22.073666" level="INFO">{'results': [{'gender': 'male', 'name': {'title': 'Mr', 'first': 'Acácio', 'last': 'Pires'}, 'location': {'street': {'number': 5824, 'name': 'Rua Pernambuco '}, 'city': 'Teresina', 'state': 'Minas Gerais', 'country': 'Brazil', 'postcode': 34589, 'coordinates': {'latitude': '-79.2237', 'longitude': '-133.2961'}, 'timezone': {'offset': '+10:00', 'description': 'Eastern Australia, Guam, Vladivostok'}}, 'email': 'acacio.pires@example.com', 'login': {'uuid': '0cf97e74-0ba3-45c7-8f6c-9a69093a8970', 'username': 'happyrabbit637', 'password': 'volcano', 'salt': 'bSOnuXEq', 'md5': 'faa7572b48b71d7de0db170537da0bab', 'sha1': 'c7c0368aedfdf0a2e32823a891d65498f73def70', 'sha256': '60f3aa19d1fc8afb307ba92b2430a27b2bb40509a3a20faaf6620c2ccbf8a705'}, 'dob': {'date': '1982-11-26T13:12:09.497Z', 'age': 41}, 'registered': {'date': '2010-03-06T17:16:33.976Z', 'age': 14}, 'phone': '(06) 2655-4090', 'cell': '(31) 8888-6880', 'id': {'name': 'CPF', 'value': '488.419.276-46'}, 'picture': {'large': 'https://randomuser.me/api/portraits/men/58.jpg', 'medium': 'https://randomuser.me/api/portraits/med/men/58.jpg', 'thumbnail': 'https://randomuser.me/api/portraits/thumb/men/58.jpg'}, 'nat': 'BR'}], 'info': {'seed': '461df124a13fdea4', 'results': 1, 'page': 1, 'version': '1.4'}}</msg>
<arg>${json_data}</arg>
<doc>Logs the given message with the given level.</doc>
<status status="PASS" start="2024-07-23T01:08:22.073509" elapsed="0.000207"/>
</kw>
<kw name="Should Be Equal As Numbers" owner="BuiltIn">
<arg>${json_data['results'][0]['location']['postcode']}</arg>
<arg>${json_data['results'][0]['location']['postcode']}</arg>
<doc>Fails if objects are unequal after converting them to real numbers.</doc>
<status status="PASS" start="2024-07-23T01:08:22.074013" elapsed="0.000686"/>
</kw>
<kw name="Log" owner="BuiltIn">
<msg time="2024-07-23T01:08:22.075267" level="INFO">34589</msg>
<arg>${json_data['results'][0]['location']['postcode']}</arg>
<doc>Logs the given message with the given level.</doc>
<status status="PASS" start="2024-07-23T01:08:22.074927" elapsed="0.000382"/>
</kw>
<status status="PASS" start="2024-07-23T01:08:21.982098" elapsed="0.093468"/>
</kw>
<doc>Testa se os tipos de dados na resposta da API estão corretos.</doc>
<tag>testeTiposDados</tag>
<status status="PASS" start="2024-07-23T01:08:21.890577" elapsed="0.185162"/>
</test>
<test id="s1-s1-t5" name="Validar conteudo" line="35">
<kw name="Teste de Tipos de Conteudo" owner="random-user-service">
<kw name="GET On Session" owner="RequestsLibrary">
<msg time="2024-07-23T01:08:22.183949" level="INFO">GET Request : url=https://randomuser.me/api 
 path_url=/api 
 headers={'User-Agent': 'python-requests/2.32.3', 'Accept-Encoding': 'gzip, deflate', 'Accept': '*/*', 'Connection': 'keep-alive'} 
 body=None 
 </msg>
<msg time="2024-07-23T01:08:22.184035" level="INFO">GET Response : url=https://randomuser.me/api 
 status=200, reason=OK 
 headers={'Date': 'Tue, 23 Jul 2024 01:08:22 GMT', 'Content-Type': 'application/json; charset=utf-8', 'Transfer-Encoding': 'chunked', 'Connection': 'keep-alive', 'X-Powered-By': 'Express', 'Access-Control-Allow-Origin': '*', 'Cache-Control': 'no-cache', 'ETag': 'W/"475-nQiQdJjT9szmj5sIrhpG1njfo0A"', 'Vary': 'Accept-Encoding', 'Content-Encoding': 'gzip', 'CF-Cache-Status': 'DYNAMIC', 'Report-To': '{"endpoints":[{"url":"https:\\/\\/a.nel.cloudflare.com\\/report\\/v4?s=c4BE23M09YR9Ef%2FIqD1qZ5Wx2DXDAWjUleCotyr46OtOAUFar6InUVbL1hZfXpphgLhUbj8P7PmjV70B7SRrbX1krIZow28VsVXosZjGmFLifU3%2FOzpnmvzcoiJ3OMMv"}],"group":"cf-nel","max_age":604800}', 'NEL': '{"success_fraction":0,"report_to":"cf-nel","max_age":604800}', 'Server': 'cloudflare', 'CF-RAY': '8a77c7660f8d3b59-IAD', 'alt-svc': 'h3=":443"; ma=86400'} 
 body={"results":[{"gender":"female","name":{"title":"Mrs","first":"Miloslava","last":"Semeniv"},"location":{"street":{"number":2135,"name":"Potebni"},"city":"Vishgorod","state":"Chernivecka","country":"Ukraine","postcode":75861,"coordinates":{"latitude":"79.6106","longitude":"50.5600"},"timezone":{"offset":"+4:30","description":"Kabul"}},"email":"miloslava.semeniv@example.com","login":{"uuid":"8c7a3b2f-b6fc-4b03-89d2-60f4a4693f63","username":"blackkoala118","password":"stretch","salt":"B7UTanWJ","md5":"3a791849360f143c07132f62f531fdc3","sha1":"1a19d2ae57a06e5bb13ac13370512decc4349b66","sha256":"b006fbfff1f6e3ec5e4167dbf483ae13d65dc4fc25234dbabd2ebeeaf41207c0"},"dob":{"date":"2001-03-12T17:30:29.217Z","age":23},"registered":{"date":"2007-04-06T12:44:05.398Z","age":17},"phone":"(068) J61-9411","cell":"(068) O06-8119","id":{"name":"","value":null},"picture":{"large":"https://randomuser.me/api/portraits/women/64.jpg","medium":"https://randomuser.me/api/portraits/med/women/64.jpg","thumbnail":"https://randomuser.me/api/portraits/thumb/women/64.jpg"},"nat":"UA"}],"info":{"seed":"16c2200183e4da26","results":1,"page":1,"version":"1.4"}} 
 </msg>
<msg time="2024-07-23T01:08:22.184100" level="INFO">/opt/hostedtoolcache/Python/3.12.4/x64/lib/python3.12/site-packages/urllib3/connectionpool.py:1099: InsecureRequestWarning: Unverified HTTPS request is being made to host 'randomuser.me'. Adding certificate verification is strongly advised. See: https://urllib3.readthedocs.io/en/latest/advanced-usage.html#tls-warnings
  warnings.warn(</msg>
<msg time="2024-07-23T01:08:22.184221" level="INFO">${response} = &lt;Response [200]&gt;</msg>
<var>${response}</var>
<arg>consultarAPI</arg>
<arg>/api</arg>
<doc>Sends a GET request on a previously created HTTP Session.</doc>
<status status="PASS" start="2024-07-23T01:08:22.078337" elapsed="0.105923"/>
</kw>
<kw name="Set Variable" owner="BuiltIn">
<msg time="2024-07-23T01:08:22.185370" level="INFO">${json_data} = {'results': [{'gender': 'female', 'name': {'title': 'Mrs', 'first': 'Miloslava', 'last': 'Semeniv'}, 'location': {'street': {'number': 2135, 'name': 'Potebni'}, 'city': 'Vishgorod', 'state': 'Chernive...</msg>
<var>${json_data}</var>
<arg>${response.json()}</arg>
<doc>Returns the given values which can then be assigned to a variables.</doc>
<status status="PASS" start="2024-07-23T01:08:22.184826" elapsed="0.000573"/>
</kw>
<kw name="Set Variable" owner="BuiltIn">
<msg time="2024-07-23T01:08:22.186090" level="INFO">${name_title} = Mrs</msg>
<var>${name_title}</var>
<arg>${json_data["results"][0]["name"]["title"]}</arg>
<doc>Returns the given values which can then be assigned to a variables.</doc>
<status status="PASS" start="2024-07-23T01:08:22.185704" elapsed="0.000413"/>
</kw>
<kw name="Create List" owner="BuiltIn">
<msg time="2024-07-23T01:08:22.186596" level="INFO">${allowed_titles} = ['Mr', 'Ms', 'Miss', 'Mrs', 'Madame', 'Monsieur']</msg>
<var>${allowed_titles}</var>
<arg>Mr</arg>
<arg>Ms</arg>
<arg>Miss</arg>
<arg>Mrs</arg>
<arg>Madame</arg>
<arg>Monsieur</arg>
<doc>Returns a list containing given items.</doc>
<status status="PASS" start="2024-07-23T01:08:22.186445" elapsed="0.000175"/>
</kw>
<kw name="List Should Contain Value" owner="Collections">
<arg>${allowed_titles}</arg>
<arg>${name_title}</arg>
<doc>Fails if the ``value`` is not found from ``list``.</doc>
<status status="PASS" start="2024-07-23T01:08:22.186932" elapsed="0.000178"/>
</kw>
<kw name="Set Variable" owner="BuiltIn">
<msg time="2024-07-23T01:08:22.187662" level="INFO">${name_country} = UA</msg>
<var>${name_country}</var>
<arg>${json_data["results"][0]["nat"]}</arg>
<doc>Returns the given values which can then be assigned to a variables.</doc>
<status status="PASS" start="2024-07-23T01:08:22.187293" elapsed="0.000395"/>
</kw>
<kw name="Create List" owner="BuiltIn">
<msg time="2024-07-23T01:08:22.188560" level="INFO">${list_country} = ['AD', 'AE', 'AF', 'AG', 'AI', 'AL', 'AM', 'AO', 'AQ', 'AR', 'AS', 'AT', 'AU', 'AW', 'AX', 'AZ', 'BA', 'BB', 'BD', 'BE', 'BF', 'BG', 'BH', 'BI', 'BJ', 'BL', 'BM', 'BN', 'BO', 'BQ', 'BR', 'BS', 'BT', '...</msg>
<var>${list_country}</var>
<arg>AD</arg>
<arg>AE</arg>
<arg>AF</arg>
<arg>AG</arg>
<arg>AI</arg>
<arg>AL</arg>
<arg>AM</arg>
<arg>AO</arg>
<arg>AQ</arg>
<arg>AR</arg>
<arg>AS</arg>
<arg>AT</arg>
<arg>AU</arg>
<arg>AW</arg>
<arg>AX</arg>
<arg>AZ</arg>
<arg>BA</arg>
<arg>BB</arg>
<arg>BD</arg>
<arg>BE</arg>
<arg>BF</arg>
<arg>BG</arg>
<arg>BH</arg>
<arg>BI</arg>
<arg>BJ</arg>
<arg>BL</arg>
<arg>BM</arg>
<arg>BN</arg>
<arg>BO</arg>
<arg>BQ</arg>
<arg>BR</arg>
<arg>BS</arg>
<arg>BT</arg>
<arg>BV</arg>
<arg>BW</arg>
<arg>BY</arg>
<arg>BZ</arg>
<arg>CA</arg>
<arg>CC</arg>
<arg>CD</arg>
<arg>CF</arg>
<arg>CG</arg>
<arg>CH</arg>
<arg>CI</arg>
<arg>CK</arg>
<arg>CL</arg>
<arg>CM</arg>
<arg>CN</arg>
<arg>CO</arg>
<arg>CR</arg>
<arg>CU</arg>
<arg>CV</arg>
<arg>CW</arg>
<arg>CX</arg>
<arg>CY</arg>
<arg>CZ</arg>
<arg>DE</arg>
<arg>DJ</arg>
<arg>DK</arg>
<arg>DM</arg>
<arg>DO</arg>
<arg>DZ</arg>
<arg>EC</arg>
<arg>EE</arg>
<arg>EG</arg>
<arg>EH</arg>
<arg>ER</arg>
<arg>ES</arg>
<arg>ET</arg>
<arg>FI</arg>
<arg>FJ</arg>
<arg>FK</arg>
<arg>FM</arg>
<arg>FO</arg>
<arg>FR</arg>
<arg>GA</arg>
<arg>GB</arg>
<arg>GD</arg>
<arg>GE</arg>
<arg>GF</arg>
<arg>GG</arg>
<arg>GH</arg>
<arg>GI</arg>
<arg>GL</arg>
<arg>GM</arg>
<arg>GN</arg>
<arg>GP</arg>
<arg>GQ</arg>
<arg>GR</arg>
<arg>GS</arg>
<arg>GT</arg>
<arg>GU</arg>
<arg>GW</arg>
<arg>GY</arg>
<arg>HK</arg>
<arg>HM</arg>
<arg>HN</arg>
<arg>HR</arg>
<arg>HT</arg>
<arg>HU</arg>
<arg>ID</arg>
<arg>IE</arg>
<arg>IL</arg>
<arg>IM</arg>
<arg>IN</arg>
<arg>IO</arg>
<arg>IQ</arg>
<arg>IR</arg>
<arg>IS</arg>
<arg>IT</arg>
<arg>JE</arg>
<arg>JM</arg>
<arg>JO</arg>
<arg>JP</arg>
<arg>KE</arg>
<arg>KG</arg>
<arg>KH</arg>
<arg>KI</arg>
<arg>KM</arg>
<arg>KN</arg>
<arg>KP</arg>
<arg>KR</arg>
<arg>KW</arg>
<arg>KY</arg>
<arg>KZ</arg>
<arg>LA</arg>
<arg>LB</arg>
<arg>LC</arg>
<arg>LI</arg>
<arg>LK</arg>
<arg>LR</arg>
<arg>LS</arg>
<arg>LT</arg>
<arg>LU</arg>
<arg>LV</arg>
<arg>LY</arg>
<arg>MA</arg>
<arg>MC</arg>
<arg>MD</arg>
<arg>ME</arg>
<arg>MF</arg>
<arg>MG</arg>
<arg>MH</arg>
<arg>MK</arg>
<arg>ML</arg>
<arg>MM</arg>
<arg>MN</arg>
<arg>MO</arg>
<arg>MP</arg>
<arg>MQ</arg>
<arg>MR</arg>
<arg>MS</arg>
<arg>MT</arg>
<arg>MU</arg>
<arg>MV</arg>
<arg>MW</arg>
<arg>MX</arg>
<arg>MY</arg>
<arg>MZ</arg>
<arg>NA</arg>
<arg>NC</arg>
<arg>NE</arg>
<arg>NF</arg>
<arg>NG</arg>
<arg>NI</arg>
<arg>NL</arg>
<arg>NO</arg>
<arg>NP</arg>
<arg>NR</arg>
<arg>NU</arg>
<arg>NZ</arg>
<arg>OM</arg>
<arg>PA</arg>
<arg>PE</arg>
<arg>PF</arg>
<arg>PG</arg>
<arg>PH</arg>
<arg>PK</arg>
<arg>PL</arg>
<arg>PM</arg>
<arg>PN</arg>
<arg>PR</arg>
<arg>PS</arg>
<arg>PT</arg>
<arg>PW</arg>
<arg>PY</arg>
<arg>QA</arg>
<arg>RE</arg>
<arg>RO</arg>
<arg>RS</arg>
<arg>RU</arg>
<arg>RW</arg>
<arg>SA</arg>
<arg>SB</arg>
<arg>SC</arg>
<arg>SD</arg>
<arg>SE</arg>
<arg>SG</arg>
<arg>SH</arg>
<arg>SI</arg>
<arg>SJ</arg>
<arg>SK</arg>
<arg>SL</arg>
<arg>SM</arg>
<arg>SN</arg>
<arg>SO</arg>
<arg>SR</arg>
<arg>SS</arg>
<arg>ST</arg>
<arg>SV</arg>
<arg>SX</arg>
<arg>SY</arg>
<arg>SZ</arg>
<arg>TC</arg>
<arg>TD</arg>
<arg>TF</arg>
<arg>TG</arg>
<arg>TH</arg>
<arg>TJ</arg>
<arg>TK</arg>
<arg>TL</arg>
<arg>TM</arg>
<arg>TN</arg>
<arg>TO</arg>
<arg>TR</arg>
<arg>TT</arg>
<arg>TV</arg>
<arg>TW</arg>
<arg>TZ</arg>
<arg>UA</arg>
<arg>UG</arg>
<arg>UM</arg>
<arg>US</arg>
<arg>UY</arg>
<arg>UZ</arg>
<arg>VA</arg>
<arg>VC</arg>
<arg>VE</arg>
<arg>VG</arg>
<arg>VI</arg>
<arg>VN</arg>
<arg>VU</arg>
<arg>WF</arg>
<arg>WS</arg>
<arg>XK</arg>
<arg>YE</arg>
<arg>YT</arg>
<arg>ZA</arg>
<arg>ZM</arg>
<arg>ZW</arg>
<doc>Returns a list containing given items.</doc>
<status status="PASS" start="2024-07-23T01:08:22.187974" elapsed="0.000611"/>
</kw>
<kw name="List Should Contain Value" owner="Collections">
<arg>${list_country}</arg>
<arg>${name_country}</arg>
<doc>Fails if the ``value`` is not found from ``list``.</doc>
<status status="PASS" start="2024-07-23T01:08:22.189551" elapsed="0.000206"/>
</kw>
<kw name="Run Keyword If" owner="BuiltIn">
<kw name="Should Be True" owner="BuiltIn">
<arg>${True}</arg>
<doc>Fails if the given condition is not true.</doc>
<status status="PASS" start="2024-07-23T01:08:22.190748" elapsed="0.000155"/>
</kw>
<arg>${json_data["results"][0]["location"]["coordinates"]["latitude"]} &gt;= -90 and ${json_data["results"][0]["location"]["coordinates"]["latitude"]} &lt;= 90</arg>
<arg>Should Be True</arg>
<arg>${True}</arg>
<doc>Runs the given keyword with the given arguments, if ``condition`` is true.</doc>
<status status="PASS" start="2024-07-23T01:08:22.189955" elapsed="0.001073"/>
</kw>
<kw name="Run Keyword If" owner="BuiltIn">
<kw name="Should Be True" owner="BuiltIn">
<arg>${True}</arg>
<doc>Fails if the given condition is not true.</doc>
<status status="PASS" start="2024-07-23T01:08:22.191896" elapsed="0.000135"/>
</kw>
<arg>${json_data["results"][0]["location"]["coordinates"]["longitude"]} &gt;= -180 and ${json_data["results"][0]["location"]["coordinates"]["longitude"]} &lt;= 180</arg>
<arg>Should Be True</arg>
<arg>${True}</arg>
<doc>Runs the given keyword with the given arguments, if ``condition`` is true.</doc>
<status status="PASS" start="2024-07-23T01:08:22.191208" elapsed="0.000943"/>
</kw>
<status status="PASS" start="2024-07-23T01:08:22.078084" elapsed="0.114196"/>
</kw>
<doc>Testa o conteúdo específico dos campos retornados pela API.</doc>
<tag>testeConteudo</tag>
<status status="PASS" start="2024-07-23T01:08:22.077520" elapsed="0.114910"/>
</test>
<status status="PASS" start="2024-07-23T01:08:21.378137" elapsed="0.816273"/>
</suite>
<status status="PASS" start="2024-07-23T01:08:21.363846" elapsed="0.835594"/>
</suite>
<statistics>
<total>
<stat pass="5" fail="0" skip="0">All Tests</stat>
</total>
<tag>
<stat pass="1" fail="0" skip="0">testeConteudo</stat>
<stat pass="1" fail="0" skip="0">testeEstruturaResposta</stat>
<stat pass="1" fail="0" skip="0">testeRequisicaoBasica</stat>
<stat pass="1" fail="0" skip="0">testeTiposDados</stat>
</tag>
<suite>
<stat pass="5" fail="0" skip="0" id="s1" name="Tests">Tests</stat>
<stat pass="5" fail="0" skip="0" id="s1-s1" name="Random-User-Test">Tests.Random-User-Test</stat>
</suite>
</statistics>
<errors>
</errors>
</robot>
