<?xml version="1.0" encoding="UTF-8"?>
<robot generator="Robot 7.0 (Python 3.12.2 on linux)" generated="2024-04-13T19:09:50.574412" rpa="false" schemaversion="5">
<suite id="s1" name="Tests" source="/home/runner/work/DesafioQAItauRogerioJordao/DesafioQAItauRogerioJordao/RamdonUser/tests">
<suite id="s1-s1" name="Random-User-Test" source="/home/runner/work/DesafioQAItauRogerioJordao/DesafioQAItauRogerioJordao/RamdonUser/tests/random-user-test.robot">
<test id="s1-s1-t1" name="Conectar" line="13">
<kw name="Conectar API" owner="random-user-service">
<kw name="Create Session" owner="RequestsLibrary">
<msg time="2024-04-13T19:09:50.928651" level="INFO">Creating Session using : alias=consultarAPI, url=https://randomuser.me/, headers={},                     cookies={}, auth=None, timeout=None, proxies=None, verify=False,                     debug=0 </msg>
<arg>consultarAPI</arg>
<arg>${URL}</arg>
<doc>Create Session: create a HTTP session to a server</doc>
<status status="PASS" start="2024-04-13T19:09:50.928454" elapsed="0.000379"/>
</kw>
<status status="PASS" start="2024-04-13T19:09:50.927397" elapsed="0.001788"/>
</kw>
<status status="PASS" start="2024-04-13T19:09:50.926862" elapsed="0.002524"/>
</test>
<test id="s1-s1-t2" name="Validar retorno 200 e JSON Válido" line="16">
<kw name="Teste de Requisicao Basica" owner="random-user-service">
<kw name="GET On Session" owner="RequestsLibrary">
<msg time="2024-04-13T19:09:51.083050" level="INFO">GET Request : url=https://randomuser.me/api 
 path_url=/api 
 headers={'User-Agent': 'python-requests/2.31.0', 'Accept-Encoding': 'gzip, deflate', 'Accept': '*/*', 'Connection': 'keep-alive'} 
 body=None 
 </msg>
<msg time="2024-04-13T19:09:51.083206" level="INFO">GET Response : url=https://randomuser.me/api 
 status=200, reason=OK 
 headers={'Date': 'Sat, 13 Apr 2024 19:09:51 GMT', 'Content-Type': 'application/json; charset=utf-8', 'Transfer-Encoding': 'chunked', 'Connection': 'keep-alive', 'X-Powered-By': 'Express', 'Access-Control-Allow-Origin': '*', 'Cache-Control': 'no-cache', 'ETag': 'W/"4a0-TqypVZkwoSXDlziJ26YCvsm+9KU"', 'Vary': 'Accept-Encoding', 'Content-Encoding': 'gzip', 'CF-Cache-Status': 'DYNAMIC', 'Report-To': '{"endpoints":[{"url":"https:\\/\\/a.nel.cloudflare.com\\/report\\/v4?s=AKOuHN51NKnZ%2BmUTDfyCPqj32wzHSJtuzSXBO%2BrYphdQYEs%2Bw1D0IFxBQLfr6QMw%2F28HihK8vcyGN%2FIGHMtoX4MJ1nfGUgiOXSCFwsLDewEl%2FKIAFs7dRUsFsJwfkNg3"}],"group":"cf-nel","max_age":604800}', 'NEL': '{"success_fraction":0,"report_to":"cf-nel","max_age":604800}', 'Server': 'cloudflare', 'CF-RAY': '873dc0b9ab9b2a9f-LAX', 'alt-svc': 'h3=":443"; ma=86400'} 
 body={"results":[{"gender":"female","name":{"title":"Ms","first":"Katrine","last":"Christensen"},"location":{"street":{"number":9288,"name":"Frueløkke"},"city":"Amager","state":"Syddanmark","country":"Denmark","postcode":43997,"coordinates":{"latitude":"-46.6002","longitude":"29.3924"},"timezone":{"offset":"+5:00","description":"Ekaterinburg, Islamabad, Karachi, Tashkent"}},"email":"katrine.christensen@example.com","login":{"uuid":"71eae31e-662c-4594-9e11-8f0be8936017","username":"beautifullion950","password":"bearbear","salt":"xhWuMq27","md5":"6006d8942214f4bc10a7ba6fd9d58ddb","sha1":"928cd8874ee57dfd3c550577c73606021bc23aad","sha256":"15c9b9e9736aeaa5721e91b39ef2926637fce3301a6a5f005058ae9e9b18e393"},"dob":{"date":"1948-02-08T01:27:05.183Z","age":76},"registered":{"date":"2017-03-19T02:23:34.505Z","age":7},"phone":"55240048","cell":"49411292","id":{"name":"CPR","value":"070248-4730"},"picture":{"large":"https://randomuser.me/api/portraits/women/89.jpg","medium":"https://randomuser.me/api/portraits/med/women/89.jpg","thumbnail":"https://randomuser.me/api/portraits/thumb/women/89.jpg"},"nat":"DK"}],"info":{"seed":"fe227b37911a0f5d","results":1,"page":1,"version":"1.4"}} 
 </msg>
<msg time="2024-04-13T19:09:51.083291" level="INFO">/opt/hostedtoolcache/Python/3.12.2/x64/lib/python3.12/site-packages/urllib3/connectionpool.py:1103: InsecureRequestWarning: Unverified HTTPS request is being made to host 'randomuser.me'. Adding certificate verification is strongly advised. See: https://urllib3.readthedocs.io/en/latest/advanced-usage.html#tls-warnings
  warnings.warn(</msg>
<msg time="2024-04-13T19:09:51.083468" level="INFO">${response} = &lt;Response [200]&gt;</msg>
<var>${response}</var>
<arg>consultarAPI</arg>
<arg>/api</arg>
<doc>Sends a GET request on a previously created HTTP Session.</doc>
<status status="PASS" start="2024-04-13T19:09:50.931945" elapsed="0.151565"/>
</kw>
<kw name="Should Be Equal As Numbers" owner="BuiltIn">
<msg time="2024-04-13T19:09:51.084539" level="INFO">Argument types are:
&lt;class 'int'&gt;
&lt;class 'str'&gt;</msg>
<arg>${response.status_code}</arg>
<arg>200</arg>
<doc>Fails if objects are unequal after converting them to real numbers.</doc>
<status status="PASS" start="2024-04-13T19:09:51.084055" elapsed="0.000550"/>
</kw>
<kw name="Log" owner="BuiltIn">
<msg time="2024-04-13T19:09:51.085288" level="INFO">200</msg>
<arg>${response.status_code}</arg>
<doc>Logs the given message with the given level.</doc>
<status status="PASS" start="2024-04-13T19:09:51.084933" elapsed="0.000397"/>
</kw>
<kw name="Set Variable" owner="BuiltIn">
<msg time="2024-04-13T19:09:51.086102" level="INFO">${json_data} = {'results': [{'gender': 'female', 'name': {'title': 'Ms', 'first': 'Katrine', 'last': 'Christensen'}, 'location': {'street': {'number': 9288, 'name': 'Frueløkke'}, 'city': 'Amager', 'state': 'Syddanma...</msg>
<var>${json_data}</var>
<arg>${response.json()}</arg>
<doc>Returns the given values which can then be assigned to a variables.</doc>
<status status="PASS" start="2024-04-13T19:09:51.085659" elapsed="0.000472"/>
</kw>
<kw name="Dictionary Should Contain Key" owner="Collections">
<msg time="2024-04-13T19:09:51.086606" level="INFO">False</msg>
<arg>${json_data}</arg>
<arg>results</arg>
<doc>Fails if ``key`` is not found from ``dictionary``.</doc>
<status status="PASS" start="2024-04-13T19:09:51.086439" elapsed="0.000210"/>
</kw>
<status status="PASS" start="2024-04-13T19:09:50.931692" elapsed="0.155233"/>
</kw>
<doc>Testa se a API responde corretamente e retorna um objeto JSON válido.</doc>
<tag>testeRequisicaoBasica</tag>
<status status="PASS" start="2024-04-13T19:09:50.931210" elapsed="0.155908"/>
</test>
<test id="s1-s1-t3" name="Validar estrutura de resposta" line="22">
<kw name="Teste de Estrutura de Resposta" owner="random-user-service">
<kw name="GET On Session" owner="RequestsLibrary">
<msg time="2024-04-13T19:09:51.190979" level="INFO">GET Request : url=https://randomuser.me/api 
 path_url=/api 
 headers={'User-Agent': 'python-requests/2.31.0', 'Accept-Encoding': 'gzip, deflate', 'Accept': '*/*', 'Connection': 'keep-alive'} 
 body=None 
 </msg>
<msg time="2024-04-13T19:09:51.191079" level="INFO">GET Response : url=https://randomuser.me/api 
 status=200, reason=OK 
 headers={'Date': 'Sat, 13 Apr 2024 19:09:51 GMT', 'Content-Type': 'application/json; charset=utf-8', 'Transfer-Encoding': 'chunked', 'Connection': 'keep-alive', 'X-Powered-By': 'Express', 'Access-Control-Allow-Origin': '*', 'Cache-Control': 'no-cache', 'ETag': 'W/"490-dOKsMqqduMvZQpVvOngAf5SNmi4"', 'Vary': 'Accept-Encoding', 'Content-Encoding': 'gzip', 'CF-Cache-Status': 'DYNAMIC', 'Report-To': '{"endpoints":[{"url":"https:\\/\\/a.nel.cloudflare.com\\/report\\/v4?s=Np80EBFyRGbwOCZax2mqVnXdetn9r7tZ8h8HP5WkhgkzZeQLNBL4PlPpOOn6OC91BUTMME%2FfXIi7RXAosWH5qdoATgKzv3bNeOcAb3wWwPvbb%2BdQ2U2agsTmpu1WUvPl"}],"group":"cf-nel","max_age":604800}', 'NEL': '{"success_fraction":0,"report_to":"cf-nel","max_age":604800}', 'Server': 'cloudflare', 'CF-RAY': '873dc0ba5c8b2a9f-LAX', 'alt-svc': 'h3=":443"; ma=86400'} 
 body={"results":[{"gender":"female","name":{"title":"Ms","first":"Luna","last":"Meyer"},"location":{"street":{"number":4093,"name":"Rue de la Baleine"},"city":"Reims","state":"Manche","country":"France","postcode":81427,"coordinates":{"latitude":"-19.3518","longitude":"136.1330"},"timezone":{"offset":"-8:00","description":"Pacific Time (US &amp; Canada)"}},"email":"luna.meyer@example.com","login":{"uuid":"aae269ba-cb40-4282-9b24-fb18f2231f26","username":"brownzebra759","password":"blondie","salt":"RraiHkgS","md5":"6e33a44916d483064263975a69a42952","sha1":"e5d62bac07534165ef2eb2f9872d09a75a38be2c","sha256":"2a470572e53a53f4811c44935b4e45282cef165c5beeb0dee28066b2f82fae88"},"dob":{"date":"1951-03-11T15:56:25.277Z","age":73},"registered":{"date":"2013-07-19T05:15:16.094Z","age":10},"phone":"01-12-19-14-15","cell":"06-79-92-76-60","id":{"name":"INSEE","value":"2510270858561 88"},"picture":{"large":"https://randomuser.me/api/portraits/women/93.jpg","medium":"https://randomuser.me/api/portraits/med/women/93.jpg","thumbnail":"https://randomuser.me/api/portraits/thumb/women/93.jpg"},"nat":"FR"}],"info":{"seed":"2c6f266505ceafbc","results":1,"page":1,"version":"1.4"}} 
 </msg>
<msg time="2024-04-13T19:09:51.191225" level="INFO">/opt/hostedtoolcache/Python/3.12.2/x64/lib/python3.12/site-packages/urllib3/connectionpool.py:1103: InsecureRequestWarning: Unverified HTTPS request is being made to host 'randomuser.me'. Adding certificate verification is strongly advised. See: https://urllib3.readthedocs.io/en/latest/advanced-usage.html#tls-warnings
  warnings.warn(</msg>
<msg time="2024-04-13T19:09:51.191359" level="INFO">${response} = &lt;Response [200]&gt;</msg>
<var>${response}</var>
<arg>consultarAPI</arg>
<arg>/api</arg>
<doc>Sends a GET request on a previously created HTTP Session.</doc>
<status status="PASS" start="2024-04-13T19:09:51.089965" elapsed="0.101435"/>
</kw>
<kw name="Set Variable" owner="BuiltIn">
<msg time="2024-04-13T19:09:51.192607" level="INFO">${json_data} = {'results': [{'gender': 'female', 'name': {'title': 'Ms', 'first': 'Luna', 'last': 'Meyer'}, 'location': {'street': {'number': 4093, 'name': 'Rue de la Baleine'}, 'city': 'Reims', 'state': 'Manche', '...</msg>
<var>${json_data}</var>
<arg>${response.json()}</arg>
<doc>Returns the given values which can then be assigned to a variables.</doc>
<status status="PASS" start="2024-04-13T19:09:51.192045" elapsed="0.000591"/>
</kw>
<kw name="Log" owner="BuiltIn">
<msg time="2024-04-13T19:09:51.193110" level="INFO">{'results': [{'gender': 'female', 'name': {'title': 'Ms', 'first': 'Luna', 'last': 'Meyer'}, 'location': {'street': {'number': 4093, 'name': 'Rue de la Baleine'}, 'city': 'Reims', 'state': 'Manche', 'country': 'France', 'postcode': 81427, 'coordinates': {'latitude': '-19.3518', 'longitude': '136.1330'}, 'timezone': {'offset': '-8:00', 'description': 'Pacific Time (US &amp; Canada)'}}, 'email': 'luna.meyer@example.com', 'login': {'uuid': 'aae269ba-cb40-4282-9b24-fb18f2231f26', 'username': 'brownzebra759', 'password': 'blondie', 'salt': 'RraiHkgS', 'md5': '6e33a44916d483064263975a69a42952', 'sha1': 'e5d62bac07534165ef2eb2f9872d09a75a38be2c', 'sha256': '2a470572e53a53f4811c44935b4e45282cef165c5beeb0dee28066b2f82fae88'}, 'dob': {'date': '1951-03-11T15:56:25.277Z', 'age': 73}, 'registered': {'date': '2013-07-19T05:15:16.094Z', 'age': 10}, 'phone': '01-12-19-14-15', 'cell': '06-79-92-76-60', 'id': {'name': 'INSEE', 'value': '2510270858561 88'}, 'picture': {'large': 'https://randomuser.me/api/portraits/women/93.jpg', 'medium': 'https://randomuser.me/api/portraits/med/women/93.jpg', 'thumbnail': 'https://randomuser.me/api/portraits/thumb/women/93.jpg'}, 'nat': 'FR'}], 'info': {'seed': '2c6f266505ceafbc', 'results': 1, 'page': 1, 'version': '1.4'}}</msg>
<arg>${json_data}</arg>
<doc>Logs the given message with the given level.</doc>
<status status="PASS" start="2024-04-13T19:09:51.192950" elapsed="0.000210"/>
</kw>
<kw name="Dictionary Should Contain Key" owner="Collections">
<msg time="2024-04-13T19:09:51.193633" level="INFO">False</msg>
<arg>${json_data}</arg>
<arg>results</arg>
<doc>Fails if ``key`` is not found from ``dictionary``.</doc>
<status status="PASS" start="2024-04-13T19:09:51.193461" elapsed="0.000209"/>
</kw>
<kw name="Should Not Be Empty" owner="BuiltIn">
<msg time="2024-04-13T19:09:51.194103" level="INFO">Length is 2.</msg>
<arg>${json_data}</arg>
<doc>Verifies that the given item is not empty.</doc>
<status status="PASS" start="2024-04-13T19:09:51.193963" elapsed="0.000179"/>
</kw>
<kw name="Create List" owner="BuiltIn">
<msg time="2024-04-13T19:09:51.194592" level="INFO">${expected_keys} = ['gender', 'name', 'location', 'email', 'login']</msg>
<var>${expected_keys}</var>
<arg>gender</arg>
<arg>name</arg>
<arg>location</arg>
<arg>email</arg>
<arg>login</arg>
<doc>Returns a list containing given items.</doc>
<status status="PASS" start="2024-04-13T19:09:51.194438" elapsed="0.000179"/>
</kw>
<for flavor="IN">
<iter>
<kw name="Dictionary Should Contain Key" owner="Collections">
<msg time="2024-04-13T19:09:51.195646" level="INFO">False</msg>
<arg>${json_data['results'][0]}</arg>
<arg>${key}</arg>
<doc>Fails if ``key`` is not found from ``dictionary``.</doc>
<status status="PASS" start="2024-04-13T19:09:51.195205" elapsed="0.000480"/>
</kw>
<kw name="Log" owner="BuiltIn">
<msg time="2024-04-13T19:09:51.196352" level="INFO">{'gender': 'female', 'name': {'title': 'Ms', 'first': 'Luna', 'last': 'Meyer'}, 'location': {'street': {'number': 4093, 'name': 'Rue de la Baleine'}, 'city': 'Reims', 'state': 'Manche', 'country': 'France', 'postcode': 81427, 'coordinates': {'latitude': '-19.3518', 'longitude': '136.1330'}, 'timezone': {'offset': '-8:00', 'description': 'Pacific Time (US &amp; Canada)'}}, 'email': 'luna.meyer@example.com', 'login': {'uuid': 'aae269ba-cb40-4282-9b24-fb18f2231f26', 'username': 'brownzebra759', 'password': 'blondie', 'salt': 'RraiHkgS', 'md5': '6e33a44916d483064263975a69a42952', 'sha1': 'e5d62bac07534165ef2eb2f9872d09a75a38be2c', 'sha256': '2a470572e53a53f4811c44935b4e45282cef165c5beeb0dee28066b2f82fae88'}, 'dob': {'date': '1951-03-11T15:56:25.277Z', 'age': 73}, 'registered': {'date': '2013-07-19T05:15:16.094Z', 'age': 10}, 'phone': '01-12-19-14-15', 'cell': '06-79-92-76-60', 'id': {'name': 'INSEE', 'value': '2510270858561 88'}, 'picture': {'large': 'https://randomuser.me/api/portraits/women/93.jpg', 'medium': 'https://randomuser.me/api/portraits/med/women/93.jpg', 'thumbnail': 'https://randomuser.me/api/portraits/thumb/women/93.jpg'}, 'nat': 'FR'}</msg>
<arg>${json_data['results'][0]}</arg>
<doc>Logs the given message with the given level.</doc>
<status status="PASS" start="2024-04-13T19:09:51.195990" elapsed="0.000411"/>
</kw>
<kw name="Log" owner="BuiltIn">
<msg time="2024-04-13T19:09:51.196826" level="INFO">gender</msg>
<arg>${key}</arg>
<doc>Logs the given message with the given level.</doc>
<status status="PASS" start="2024-04-13T19:09:51.196698" elapsed="0.000166"/>
</kw>
<var name="${key}">gender</var>
<status status="PASS" start="2024-04-13T19:09:51.195079" elapsed="0.002006"/>
</iter>
<iter>
<kw name="Dictionary Should Contain Key" owner="Collections">
<msg time="2024-04-13T19:09:51.197779" level="INFO">False</msg>
<arg>${json_data['results'][0]}</arg>
<arg>${key}</arg>
<doc>Fails if ``key`` is not found from ``dictionary``.</doc>
<status status="PASS" start="2024-04-13T19:09:51.197392" elapsed="0.000425"/>
</kw>
<kw name="Log" owner="BuiltIn">
<msg time="2024-04-13T19:09:51.198518" level="INFO">{'gender': 'female', 'name': {'title': 'Ms', 'first': 'Luna', 'last': 'Meyer'}, 'location': {'street': {'number': 4093, 'name': 'Rue de la Baleine'}, 'city': 'Reims', 'state': 'Manche', 'country': 'France', 'postcode': 81427, 'coordinates': {'latitude': '-19.3518', 'longitude': '136.1330'}, 'timezone': {'offset': '-8:00', 'description': 'Pacific Time (US &amp; Canada)'}}, 'email': 'luna.meyer@example.com', 'login': {'uuid': 'aae269ba-cb40-4282-9b24-fb18f2231f26', 'username': 'brownzebra759', 'password': 'blondie', 'salt': 'RraiHkgS', 'md5': '6e33a44916d483064263975a69a42952', 'sha1': 'e5d62bac07534165ef2eb2f9872d09a75a38be2c', 'sha256': '2a470572e53a53f4811c44935b4e45282cef165c5beeb0dee28066b2f82fae88'}, 'dob': {'date': '1951-03-11T15:56:25.277Z', 'age': 73}, 'registered': {'date': '2013-07-19T05:15:16.094Z', 'age': 10}, 'phone': '01-12-19-14-15', 'cell': '06-79-92-76-60', 'id': {'name': 'INSEE', 'value': '2510270858561 88'}, 'picture': {'large': 'https://randomuser.me/api/portraits/women/93.jpg', 'medium': 'https://randomuser.me/api/portraits/med/women/93.jpg', 'thumbnail': 'https://randomuser.me/api/portraits/thumb/women/93.jpg'}, 'nat': 'FR'}</msg>
<arg>${json_data['results'][0]}</arg>
<doc>Logs the given message with the given level.</doc>
<status status="PASS" start="2024-04-13T19:09:51.198152" elapsed="0.000421"/>
</kw>
<kw name="Log" owner="BuiltIn">
<msg time="2024-04-13T19:09:51.199011" level="INFO">name</msg>
<arg>${key}</arg>
<doc>Logs the given message with the given level.</doc>
<status status="PASS" start="2024-04-13T19:09:51.198881" elapsed="0.000168"/>
</kw>
<var name="${key}">name</var>
<status status="PASS" start="2024-04-13T19:09:51.197276" elapsed="0.001992"/>
</iter>
<iter>
<kw name="Dictionary Should Contain Key" owner="Collections">
<msg time="2024-04-13T19:09:51.200011" level="INFO">False</msg>
<arg>${json_data['results'][0]}</arg>
<arg>${key}</arg>
<doc>Fails if ``key`` is not found from ``dictionary``.</doc>
<status status="PASS" start="2024-04-13T19:09:51.199621" elapsed="0.000428"/>
</kw>
<kw name="Log" owner="BuiltIn">
<msg time="2024-04-13T19:09:51.200766" level="INFO">{'gender': 'female', 'name': {'title': 'Ms', 'first': 'Luna', 'last': 'Meyer'}, 'location': {'street': {'number': 4093, 'name': 'Rue de la Baleine'}, 'city': 'Reims', 'state': 'Manche', 'country': 'France', 'postcode': 81427, 'coordinates': {'latitude': '-19.3518', 'longitude': '136.1330'}, 'timezone': {'offset': '-8:00', 'description': 'Pacific Time (US &amp; Canada)'}}, 'email': 'luna.meyer@example.com', 'login': {'uuid': 'aae269ba-cb40-4282-9b24-fb18f2231f26', 'username': 'brownzebra759', 'password': 'blondie', 'salt': 'RraiHkgS', 'md5': '6e33a44916d483064263975a69a42952', 'sha1': 'e5d62bac07534165ef2eb2f9872d09a75a38be2c', 'sha256': '2a470572e53a53f4811c44935b4e45282cef165c5beeb0dee28066b2f82fae88'}, 'dob': {'date': '1951-03-11T15:56:25.277Z', 'age': 73}, 'registered': {'date': '2013-07-19T05:15:16.094Z', 'age': 10}, 'phone': '01-12-19-14-15', 'cell': '06-79-92-76-60', 'id': {'name': 'INSEE', 'value': '2510270858561 88'}, 'picture': {'large': 'https://randomuser.me/api/portraits/women/93.jpg', 'medium': 'https://randomuser.me/api/portraits/med/women/93.jpg', 'thumbnail': 'https://randomuser.me/api/portraits/thumb/women/93.jpg'}, 'nat': 'FR'}</msg>
<arg>${json_data['results'][0]}</arg>
<doc>Logs the given message with the given level.</doc>
<status status="PASS" start="2024-04-13T19:09:51.200376" elapsed="0.000437"/>
</kw>
<kw name="Log" owner="BuiltIn">
<msg time="2024-04-13T19:09:51.201239" level="INFO">location</msg>
<arg>${key}</arg>
<doc>Logs the given message with the given level.</doc>
<status status="PASS" start="2024-04-13T19:09:51.201112" elapsed="0.000165"/>
</kw>
<var name="${key}">location</var>
<status status="PASS" start="2024-04-13T19:09:51.199497" elapsed="0.001998"/>
</iter>
<iter>
<kw name="Dictionary Should Contain Key" owner="Collections">
<msg time="2024-04-13T19:09:51.202164" level="INFO">False</msg>
<arg>${json_data['results'][0]}</arg>
<arg>${key}</arg>
<doc>Fails if ``key`` is not found from ``dictionary``.</doc>
<status status="PASS" start="2024-04-13T19:09:51.201778" elapsed="0.000429"/>
</kw>
<kw name="Log" owner="BuiltIn">
<msg time="2024-04-13T19:09:51.202868" level="INFO">{'gender': 'female', 'name': {'title': 'Ms', 'first': 'Luna', 'last': 'Meyer'}, 'location': {'street': {'number': 4093, 'name': 'Rue de la Baleine'}, 'city': 'Reims', 'state': 'Manche', 'country': 'France', 'postcode': 81427, 'coordinates': {'latitude': '-19.3518', 'longitude': '136.1330'}, 'timezone': {'offset': '-8:00', 'description': 'Pacific Time (US &amp; Canada)'}}, 'email': 'luna.meyer@example.com', 'login': {'uuid': 'aae269ba-cb40-4282-9b24-fb18f2231f26', 'username': 'brownzebra759', 'password': 'blondie', 'salt': 'RraiHkgS', 'md5': '6e33a44916d483064263975a69a42952', 'sha1': 'e5d62bac07534165ef2eb2f9872d09a75a38be2c', 'sha256': '2a470572e53a53f4811c44935b4e45282cef165c5beeb0dee28066b2f82fae88'}, 'dob': {'date': '1951-03-11T15:56:25.277Z', 'age': 73}, 'registered': {'date': '2013-07-19T05:15:16.094Z', 'age': 10}, 'phone': '01-12-19-14-15', 'cell': '06-79-92-76-60', 'id': {'name': 'INSEE', 'value': '2510270858561 88'}, 'picture': {'large': 'https://randomuser.me/api/portraits/women/93.jpg', 'medium': 'https://randomuser.me/api/portraits/med/women/93.jpg', 'thumbnail': 'https://randomuser.me/api/portraits/thumb/women/93.jpg'}, 'nat': 'FR'}</msg>
<arg>${json_data['results'][0]}</arg>
<doc>Logs the given message with the given level.</doc>
<status status="PASS" start="2024-04-13T19:09:51.202506" elapsed="0.000411"/>
</kw>
<kw name="Log" owner="BuiltIn">
<msg time="2024-04-13T19:09:51.203340" level="INFO">email</msg>
<arg>${key}</arg>
<doc>Logs the given message with the given level.</doc>
<status status="PASS" start="2024-04-13T19:09:51.203215" elapsed="0.000163"/>
</kw>
<var name="${key}">email</var>
<status status="PASS" start="2024-04-13T19:09:51.201668" elapsed="0.001960"/>
</iter>
<iter>
<kw name="Dictionary Should Contain Key" owner="Collections">
<msg time="2024-04-13T19:09:51.204295" level="INFO">False</msg>
<arg>${json_data['results'][0]}</arg>
<arg>${key}</arg>
<doc>Fails if ``key`` is not found from ``dictionary``.</doc>
<status status="PASS" start="2024-04-13T19:09:51.203911" elapsed="0.000421"/>
</kw>
<kw name="Log" owner="BuiltIn">
<msg time="2024-04-13T19:09:51.205000" level="INFO">{'gender': 'female', 'name': {'title': 'Ms', 'first': 'Luna', 'last': 'Meyer'}, 'location': {'street': {'number': 4093, 'name': 'Rue de la Baleine'}, 'city': 'Reims', 'state': 'Manche', 'country': 'France', 'postcode': 81427, 'coordinates': {'latitude': '-19.3518', 'longitude': '136.1330'}, 'timezone': {'offset': '-8:00', 'description': 'Pacific Time (US &amp; Canada)'}}, 'email': 'luna.meyer@example.com', 'login': {'uuid': 'aae269ba-cb40-4282-9b24-fb18f2231f26', 'username': 'brownzebra759', 'password': 'blondie', 'salt': 'RraiHkgS', 'md5': '6e33a44916d483064263975a69a42952', 'sha1': 'e5d62bac07534165ef2eb2f9872d09a75a38be2c', 'sha256': '2a470572e53a53f4811c44935b4e45282cef165c5beeb0dee28066b2f82fae88'}, 'dob': {'date': '1951-03-11T15:56:25.277Z', 'age': 73}, 'registered': {'date': '2013-07-19T05:15:16.094Z', 'age': 10}, 'phone': '01-12-19-14-15', 'cell': '06-79-92-76-60', 'id': {'name': 'INSEE', 'value': '2510270858561 88'}, 'picture': {'large': 'https://randomuser.me/api/portraits/women/93.jpg', 'medium': 'https://randomuser.me/api/portraits/med/women/93.jpg', 'thumbnail': 'https://randomuser.me/api/portraits/thumb/women/93.jpg'}, 'nat': 'FR'}</msg>
<arg>${json_data['results'][0]}</arg>
<doc>Logs the given message with the given level.</doc>
<status status="PASS" start="2024-04-13T19:09:51.204637" elapsed="0.000411"/>
</kw>
<kw name="Log" owner="BuiltIn">
<msg time="2024-04-13T19:09:51.205463" level="INFO">login</msg>
<arg>${key}</arg>
<doc>Logs the given message with the given level.</doc>
<status status="PASS" start="2024-04-13T19:09:51.205340" elapsed="0.000161"/>
</kw>
<var name="${key}">login</var>
<status status="PASS" start="2024-04-13T19:09:51.203801" elapsed="0.002005"/>
</iter>
<var>${key}</var>
<value>@{expected_keys}</value>
<status status="PASS" start="2024-04-13T19:09:51.194882" elapsed="0.011116"/>
</for>
<kw name="Create List" owner="BuiltIn">
<msg time="2024-04-13T19:09:51.206452" level="INFO">${expected_keysTwo} = ['username', 'password']</msg>
<var>${expected_keysTwo}</var>
<arg>username</arg>
<arg>password</arg>
<doc>Returns a list containing given items.</doc>
<status status="PASS" start="2024-04-13T19:09:51.206297" elapsed="0.000180"/>
</kw>
<for flavor="IN">
<iter>
<kw name="Dictionary Should Contain Key" owner="Collections">
<msg time="2024-04-13T19:09:51.207518" level="INFO">False</msg>
<arg>${json_data['results'][0]['login']}</arg>
<arg>${keyTwo}</arg>
<doc>Fails if ``key`` is not found from ``dictionary``.</doc>
<status status="PASS" start="2024-04-13T19:09:51.207100" elapsed="0.000457"/>
</kw>
<kw name="Dictionary Should Contain Key" owner="Collections">
<msg time="2024-04-13T19:09:51.208243" level="INFO">False</msg>
<arg>${json_data['results'][0]['login']}</arg>
<arg>${keyTwo}</arg>
<doc>Fails if ``key`` is not found from ``dictionary``.</doc>
<status status="PASS" start="2024-04-13T19:09:51.207859" elapsed="0.000421"/>
</kw>
<kw name="Log" owner="BuiltIn">
<msg time="2024-04-13T19:09:51.208704" level="INFO">username</msg>
<arg>${keyTwo}</arg>
<doc>Logs the given message with the given level.</doc>
<status status="PASS" start="2024-04-13T19:09:51.208576" elapsed="0.000165"/>
</kw>
<var name="${keyTwo}">username</var>
<status status="PASS" start="2024-04-13T19:09:51.206986" elapsed="0.001972"/>
</iter>
<iter>
<kw name="Dictionary Should Contain Key" owner="Collections">
<msg time="2024-04-13T19:09:51.209628" level="INFO">False</msg>
<arg>${json_data['results'][0]['login']}</arg>
<arg>${keyTwo}</arg>
<doc>Fails if ``key`` is not found from ``dictionary``.</doc>
<status status="PASS" start="2024-04-13T19:09:51.209252" elapsed="0.000413"/>
</kw>
<kw name="Dictionary Should Contain Key" owner="Collections">
<msg time="2024-04-13T19:09:51.210346" level="INFO">False</msg>
<arg>${json_data['results'][0]['login']}</arg>
<arg>${keyTwo}</arg>
<doc>Fails if ``key`` is not found from ``dictionary``.</doc>
<status status="PASS" start="2024-04-13T19:09:51.209960" elapsed="0.000423"/>
</kw>
<kw name="Log" owner="BuiltIn">
<msg time="2024-04-13T19:09:51.210804" level="INFO">password</msg>
<arg>${keyTwo}</arg>
<doc>Logs the given message with the given level.</doc>
<status status="PASS" start="2024-04-13T19:09:51.210677" elapsed="0.000165"/>
</kw>
<var name="${keyTwo}">password</var>
<status status="PASS" start="2024-04-13T19:09:51.209130" elapsed="0.001928"/>
</iter>
<var>${keyTwo}</var>
<value>@{expected_keysTwo}</value>
<status status="PASS" start="2024-04-13T19:09:51.206723" elapsed="0.004456"/>
</for>
<status status="PASS" start="2024-04-13T19:09:51.089726" elapsed="0.121605"/>
</kw>
<doc>Testa a estrutura da resposta da API.</doc>
<tag>testeEstruturaResposta</tag>
<status status="PASS" start="2024-04-13T19:09:51.088989" elapsed="0.122544"/>
</test>
<test id="s1-s1-t4" name="Validar tipos de dados" line="28">
<kw name="Teste de Tipos de Dados" owner="random-user-service">
<kw name="GET On Session" owner="RequestsLibrary">
<msg time="2024-04-13T19:09:51.314166" level="INFO">GET Request : url=https://randomuser.me/api 
 path_url=/api 
 headers={'User-Agent': 'python-requests/2.31.0', 'Accept-Encoding': 'gzip, deflate', 'Accept': '*/*', 'Connection': 'keep-alive'} 
 body=None 
 </msg>
<msg time="2024-04-13T19:09:51.314261" level="INFO">GET Response : url=https://randomuser.me/api 
 status=200, reason=OK 
 headers={'Date': 'Sat, 13 Apr 2024 19:09:51 GMT', 'Content-Type': 'application/json; charset=utf-8', 'Transfer-Encoding': 'chunked', 'Connection': 'keep-alive', 'X-Powered-By': 'Express', 'Access-Control-Allow-Origin': '*', 'Cache-Control': 'no-cache', 'ETag': 'W/"49f-u0P3oQXe097WHwjVbwr03rjpm50"', 'Vary': 'Accept-Encoding', 'Content-Encoding': 'gzip', 'CF-Cache-Status': 'DYNAMIC', 'Report-To': '{"endpoints":[{"url":"https:\\/\\/a.nel.cloudflare.com\\/report\\/v4?s=pGEXC6bIvp4rparcszkpx69dRobUMnKivBsla%2Bh8AOf2TLROsVRkqEAGn5VLAfZgIRLdJSLq7o4JkUYvJgff7%2BaIvyO%2FztrOmdcQlCBqE4EfubpquZ3vdeoD7kdQRqLo"}],"group":"cf-nel","max_age":604800}', 'NEL': '{"success_fraction":0,"report_to":"cf-nel","max_age":604800}', 'Server': 'cloudflare', 'CF-RAY': '873dc0bb1daa2a9f-LAX', 'alt-svc': 'h3=":443"; ma=86400'} 
 body={"results":[{"gender":"female","name":{"title":"Miss","first":"Isabella","last":"Harcourt"},"location":{"street":{"number":4906,"name":"Dundas Rd"},"city":"Melbourne","state":"Nunavut","country":"Canada","postcode":"T6E 5O1","coordinates":{"latitude":"-65.8133","longitude":"173.3551"},"timezone":{"offset":"-6:00","description":"Central Time (US &amp; Canada), Mexico City"}},"email":"isabella.harcourt@example.com","login":{"uuid":"86537799-a79a-4224-8051-edccab1adede","username":"bigtiger859","password":"electron","salt":"EKNilqFc","md5":"6d28282baafd1050f52a0e24287d6ac2","sha1":"c01746064825420aa7e4dae10284040e3d2ccfe8","sha256":"0500482cd32a4435677e89c3c66ffc10f56f391db64c4d6379a56a869381c984"},"dob":{"date":"1988-10-20T02:57:19.067Z","age":35},"registered":{"date":"2017-12-27T15:43:29.746Z","age":6},"phone":"R16 V88-9291","cell":"N65 G85-6840","id":{"name":"SIN","value":"730778834"},"picture":{"large":"https://randomuser.me/api/portraits/women/66.jpg","medium":"https://randomuser.me/api/portraits/med/women/66.jpg","thumbnail":"https://randomuser.me/api/portraits/thumb/women/66.jpg"},"nat":"CA"}],"info":{"seed":"2e27b35256deccdf","results":1,"page":1,"version":"1.4"}} 
 </msg>
<msg time="2024-04-13T19:09:51.314331" level="INFO">/opt/hostedtoolcache/Python/3.12.2/x64/lib/python3.12/site-packages/urllib3/connectionpool.py:1103: InsecureRequestWarning: Unverified HTTPS request is being made to host 'randomuser.me'. Adding certificate verification is strongly advised. See: https://urllib3.readthedocs.io/en/latest/advanced-usage.html#tls-warnings
  warnings.warn(</msg>
<msg time="2024-04-13T19:09:51.314455" level="INFO">${response} = &lt;Response [200]&gt;</msg>
<var>${response}</var>
<arg>consultarAPI</arg>
<arg>/api</arg>
<doc>Sends a GET request on a previously created HTTP Session.</doc>
<status status="PASS" start="2024-04-13T19:09:51.214089" elapsed="0.100406"/>
</kw>
<kw name="Set Variable" owner="BuiltIn">
<msg time="2024-04-13T19:09:51.315704" level="INFO">${json_data} = {'results': [{'gender': 'female', 'name': {'title': 'Miss', 'first': 'Isabella', 'last': 'Harcourt'}, 'location': {'street': {'number': 4906, 'name': 'Dundas Rd'}, 'city': 'Melbourne', 'state': 'Nunav...</msg>
<var>${json_data}</var>
<arg>${response.json()}</arg>
<doc>Returns the given values which can then be assigned to a variables.</doc>
<status status="PASS" start="2024-04-13T19:09:51.315126" elapsed="0.000606"/>
</kw>
<kw name="Log" owner="BuiltIn">
<msg time="2024-04-13T19:09:51.316199" level="INFO">{'results': [{'gender': 'female', 'name': {'title': 'Miss', 'first': 'Isabella', 'last': 'Harcourt'}, 'location': {'street': {'number': 4906, 'name': 'Dundas Rd'}, 'city': 'Melbourne', 'state': 'Nunavut', 'country': 'Canada', 'postcode': 'T6E 5O1', 'coordinates': {'latitude': '-65.8133', 'longitude': '173.3551'}, 'timezone': {'offset': '-6:00', 'description': 'Central Time (US &amp; Canada), Mexico City'}}, 'email': 'isabella.harcourt@example.com', 'login': {'uuid': '86537799-a79a-4224-8051-edccab1adede', 'username': 'bigtiger859', 'password': 'electron', 'salt': 'EKNilqFc', 'md5': '6d28282baafd1050f52a0e24287d6ac2', 'sha1': 'c01746064825420aa7e4dae10284040e3d2ccfe8', 'sha256': '0500482cd32a4435677e89c3c66ffc10f56f391db64c4d6379a56a869381c984'}, 'dob': {'date': '1988-10-20T02:57:19.067Z', 'age': 35}, 'registered': {'date': '2017-12-27T15:43:29.746Z', 'age': 6}, 'phone': 'R16 V88-9291', 'cell': 'N65 G85-6840', 'id': {'name': 'SIN', 'value': '730778834'}, 'picture': {'large': 'https://randomuser.me/api/portraits/women/66.jpg', 'medium': 'https://randomuser.me/api/portraits/med/women/66.jpg', 'thumbnail': 'https://randomuser.me/api/portraits/thumb/women/66.jpg'}, 'nat': 'CA'}], 'info': {'seed': '2e27b35256deccdf', 'results': 1, 'page': 1, 'version': '1.4'}}</msg>
<arg>${json_data}</arg>
<doc>Logs the given message with the given level.</doc>
<status status="PASS" start="2024-04-13T19:09:51.316044" elapsed="0.000243"/>
</kw>
<kw name="Should Be String" owner="String">
<arg>${json_data['results'][0]['gender']}</arg>
<doc>Fails if the given ``item`` is not a string.</doc>
<status status="PASS" start="2024-04-13T19:09:51.316587" elapsed="0.000362"/>
</kw>
<kw name="Should Match Regexp" owner="BuiltIn">
<arg>${json_data['results'][0]['email']}</arg>
<arg>^[a-zA-Z0-9._%+-]+@[a-zA-Z0-9.-]+\.[a-zA-Z]{2,}$</arg>
<doc>Fails if ``string`` does not match ``pattern`` as a regular expression.</doc>
<status status="PASS" start="2024-04-13T19:09:51.317140" elapsed="0.000513"/>
</kw>
<kw name="Should Match Regexp" owner="BuiltIn">
<arg>${json_data['results'][0]['dob']['date']}</arg>
<arg>\\d{4}-\\d{2}-\\d{2}T\\d{2}:\\d{2}:\\d{2}\\.\\d{3}Z</arg>
<doc>Fails if ``string`` does not match ``pattern`` as a regular expression.</doc>
<status status="PASS" start="2024-04-13T19:09:51.317850" elapsed="0.000485"/>
</kw>
<kw name="Should Match Regexp" owner="BuiltIn">
<arg>${json_data['results'][0]['registered']['date']}</arg>
<arg>\\d{4}-\\d{2}-\\d{2}T\\d{2}:\\d{2}:\\d{2}\\.\\d{3}Z</arg>
<doc>Fails if ``string`` does not match ``pattern`` as a regular expression.</doc>
<status status="PASS" start="2024-04-13T19:09:51.318531" elapsed="0.000368"/>
</kw>
<kw name="Should Match Regexp" owner="BuiltIn">
<arg>${json_data['results'][0]['picture']['large']}</arg>
<arg>^https?://.*\.(?:png|jpe?g|gif|bmp)$</arg>
<doc>Fails if ``string`` does not match ``pattern`` as a regular expression.</doc>
<status status="PASS" start="2024-04-13T19:09:51.319084" elapsed="0.000475"/>
</kw>
<kw name="Should Match Regexp" owner="BuiltIn">
<arg>${json_data['results'][0]['picture']['medium']}</arg>
<arg>^https?://.*\.(?:png|jpe?g|gif|bmp)$</arg>
<doc>Fails if ``string`` does not match ``pattern`` as a regular expression.</doc>
<status status="PASS" start="2024-04-13T19:09:51.319756" elapsed="0.000357"/>
</kw>
<kw name="Should Match Regexp" owner="BuiltIn">
<arg>${json_data['results'][0]['picture']['thumbnail']}</arg>
<arg>^https?://.*\.(?:png|jpe?g|gif|bmp)$</arg>
<doc>Fails if ``string`` does not match ``pattern`` as a regular expression.</doc>
<status status="PASS" start="2024-04-13T19:09:51.320296" elapsed="0.000372"/>
</kw>
<kw name="Log" owner="BuiltIn">
<msg time="2024-04-13T19:09:51.321178" level="INFO">{'large': 'https://randomuser.me/api/portraits/women/66.jpg', 'medium': 'https://randomuser.me/api/portraits/med/women/66.jpg', 'thumbnail': 'https://randomuser.me/api/portraits/thumb/women/66.jpg'}</msg>
<arg>${json_data['results'][0]['picture']}</arg>
<doc>Logs the given message with the given level.</doc>
<status status="PASS" start="2024-04-13T19:09:51.320848" elapsed="0.000372"/>
</kw>
<status status="PASS" start="2024-04-13T19:09:51.213854" elapsed="0.107626"/>
</kw>
<kw name="Teste de Tipos de Dados - Postcode" owner="random-user-service">
<kw name="GET On Session" owner="RequestsLibrary">
<msg time="2024-04-13T19:09:51.430722" level="INFO">GET Request : url=https://randomuser.me/api 
 path_url=/api 
 headers={'User-Agent': 'python-requests/2.31.0', 'Accept-Encoding': 'gzip, deflate', 'Accept': '*/*', 'Connection': 'keep-alive'} 
 body=None 
 </msg>
<msg time="2024-04-13T19:09:51.430809" level="INFO">GET Response : url=https://randomuser.me/api 
 status=200, reason=OK 
 headers={'Date': 'Sat, 13 Apr 2024 19:09:51 GMT', 'Content-Type': 'application/json; charset=utf-8', 'Transfer-Encoding': 'chunked', 'Connection': 'keep-alive', 'X-Powered-By': 'Express', 'Access-Control-Allow-Origin': '*', 'Cache-Control': 'no-cache', 'ETag': 'W/"4b0-8Qy7sXIPdJw36RjAmbxa4yC9lQc"', 'Vary': 'Accept-Encoding', 'Content-Encoding': 'gzip', 'CF-Cache-Status': 'DYNAMIC', 'Report-To': '{"endpoints":[{"url":"https:\\/\\/a.nel.cloudflare.com\\/report\\/v4?s=1ROGS63oBi4i0cZ8e8pg0a1e1jZYLhqZ%2FAf9ZAQboOUmy0TEMQXNOAQvLqxJywu6945bRY%2FYxbpZNsRHBouq9I%2FYemA7o4THRcXDq%2BYHH%2Fj1rnzPCtKaUp%2BBg6vrr4qO"}],"group":"cf-nel","max_age":604800}', 'NEL': '{"success_fraction":0,"report_to":"cf-nel","max_age":604800}', 'Server': 'cloudflare', 'CF-RAY': '873dc0bbce952a9f-LAX', 'alt-svc': 'h3=":443"; ma=86400'} 
 body={"results":[{"gender":"male","name":{"title":"Mr","first":"Ernst-Dieter","last":"Huber"},"location":{"street":{"number":3454,"name":"Kirchstraße"},"city":"Luckau","state":"Mecklenburg-Vorpommern","country":"Germany","postcode":72934,"coordinates":{"latitude":"-53.9765","longitude":"-85.2744"},"timezone":{"offset":"+5:00","description":"Ekaterinburg, Islamabad, Karachi, Tashkent"}},"email":"ernst-dieter.huber@example.com","login":{"uuid":"35a5887b-5164-439d-893b-ac697f93cd73","username":"brownpeacock709","password":"mighty","salt":"wgzqnJ2c","md5":"c9eb726cc9bd19611ed08f326bb40917","sha1":"8e1d701f9ec4e2c89b2af34a51d540c931d83251","sha256":"eced3dde429919c986e082fcdf02de8e1863c9d041cc8df70bd5849b42db7e60"},"dob":{"date":"1990-04-18T23:51:45.692Z","age":33},"registered":{"date":"2009-11-22T14:58:29.110Z","age":14},"phone":"0495-2884267","cell":"0175-2747767","id":{"name":"SVNR","value":"49 180490 H 141"},"picture":{"large":"https://randomuser.me/api/portraits/men/60.jpg","medium":"https://randomuser.me/api/portraits/med/men/60.jpg","thumbnail":"https://randomuser.me/api/portraits/thumb/men/60.jpg"},"nat":"DE"}],"info":{"seed":"e3d0d98cdc6fc665","results":1,"page":1,"version":"1.4"}} 
 </msg>
<msg time="2024-04-13T19:09:51.430899" level="INFO">/opt/hostedtoolcache/Python/3.12.2/x64/lib/python3.12/site-packages/urllib3/connectionpool.py:1103: InsecureRequestWarning: Unverified HTTPS request is being made to host 'randomuser.me'. Adding certificate verification is strongly advised. See: https://urllib3.readthedocs.io/en/latest/advanced-usage.html#tls-warnings
  warnings.warn(</msg>
<msg time="2024-04-13T19:09:51.431024" level="INFO">${response} = &lt;Response [200]&gt;</msg>
<var>${response}</var>
<arg>consultarAPI</arg>
<arg>/api</arg>
<doc>Sends a GET request on a previously created HTTP Session.</doc>
<status status="PASS" start="2024-04-13T19:09:51.321955" elapsed="0.109117"/>
</kw>
<kw name="Set Variable" owner="BuiltIn">
<msg time="2024-04-13T19:09:51.432186" level="INFO">${json_data} = {'results': [{'gender': 'male', 'name': {'title': 'Mr', 'first': 'Ernst-Dieter', 'last': 'Huber'}, 'location': {'street': {'number': 3454, 'name': 'Kirchstraße'}, 'city': 'Luckau', 'state': 'Mecklenbu...</msg>
<var>${json_data}</var>
<arg>${response.json()}</arg>
<doc>Returns the given values which can then be assigned to a variables.</doc>
<status status="PASS" start="2024-04-13T19:09:51.431633" elapsed="0.000583"/>
</kw>
<kw name="Log" owner="BuiltIn">
<msg time="2024-04-13T19:09:51.432698" level="INFO">{'results': [{'gender': 'male', 'name': {'title': 'Mr', 'first': 'Ernst-Dieter', 'last': 'Huber'}, 'location': {'street': {'number': 3454, 'name': 'Kirchstraße'}, 'city': 'Luckau', 'state': 'Mecklenburg-Vorpommern', 'country': 'Germany', 'postcode': 72934, 'coordinates': {'latitude': '-53.9765', 'longitude': '-85.2744'}, 'timezone': {'offset': '+5:00', 'description': 'Ekaterinburg, Islamabad, Karachi, Tashkent'}}, 'email': 'ernst-dieter.huber@example.com', 'login': {'uuid': '35a5887b-5164-439d-893b-ac697f93cd73', 'username': 'brownpeacock709', 'password': 'mighty', 'salt': 'wgzqnJ2c', 'md5': 'c9eb726cc9bd19611ed08f326bb40917', 'sha1': '8e1d701f9ec4e2c89b2af34a51d540c931d83251', 'sha256': 'eced3dde429919c986e082fcdf02de8e1863c9d041cc8df70bd5849b42db7e60'}, 'dob': {'date': '1990-04-18T23:51:45.692Z', 'age': 33}, 'registered': {'date': '2009-11-22T14:58:29.110Z', 'age': 14}, 'phone': '0495-2884267', 'cell': '0175-2747767', 'id': {'name': 'SVNR', 'value': '49 180490 H 141'}, 'picture': {'large': 'https://randomuser.me/api/portraits/men/60.jpg', 'medium': 'https://randomuser.me/api/portraits/med/men/60.jpg', 'thumbnail': 'https://randomuser.me/api/portraits/thumb/men/60.jpg'}, 'nat': 'DE'}], 'info': {'seed': 'e3d0d98cdc6fc665', 'results': 1, 'page': 1, 'version': '1.4'}}</msg>
<arg>${json_data}</arg>
<doc>Logs the given message with the given level.</doc>
<status status="PASS" start="2024-04-13T19:09:51.432540" elapsed="0.000240"/>
</kw>
<kw name="Should Be Equal As Numbers" owner="BuiltIn">
<arg>${json_data['results'][0]['location']['postcode']}</arg>
<arg>${json_data['results'][0]['location']['postcode']}</arg>
<doc>Fails if objects are unequal after converting them to real numbers.</doc>
<status status="PASS" start="2024-04-13T19:09:51.433083" elapsed="0.000615"/>
</kw>
<kw name="Log" owner="BuiltIn">
<msg time="2024-04-13T19:09:51.434217" level="INFO">72934</msg>
<arg>${json_data['results'][0]['location']['postcode']}</arg>
<doc>Logs the given message with the given level.</doc>
<status status="PASS" start="2024-04-13T19:09:51.433885" elapsed="0.000372"/>
</kw>
<status status="PASS" start="2024-04-13T19:09:51.321715" elapsed="0.112793"/>
</kw>
<doc>Testa se os tipos de dados na resposta da API estão corretos.</doc>
<tag>testeTiposDados</tag>
<status status="PASS" start="2024-04-13T19:09:51.213300" elapsed="0.221376"/>
</test>
<test id="s1-s1-t5" name="Validar conteudo" line="35">
<kw name="Teste de Tipos de Conteudo" owner="random-user-service">
<kw name="GET On Session" owner="RequestsLibrary">
<msg time="2024-04-13T19:09:51.532022" level="INFO">GET Request : url=https://randomuser.me/api 
 path_url=/api 
 headers={'User-Agent': 'python-requests/2.31.0', 'Accept-Encoding': 'gzip, deflate', 'Accept': '*/*', 'Connection': 'keep-alive'} 
 body=None 
 </msg>
<msg time="2024-04-13T19:09:51.532116" level="INFO">GET Response : url=https://randomuser.me/api 
 status=200, reason=OK 
 headers={'Date': 'Sat, 13 Apr 2024 19:09:51 GMT', 'Content-Type': 'application/json; charset=utf-8', 'Transfer-Encoding': 'chunked', 'Connection': 'keep-alive', 'X-Powered-By': 'Express', 'Access-Control-Allow-Origin': '*', 'Cache-Control': 'no-cache', 'ETag': 'W/"46f-SwA6jIkgwGOhbRAx4mbC61Wu6Tw"', 'Vary': 'Accept-Encoding', 'Content-Encoding': 'gzip', 'CF-Cache-Status': 'DYNAMIC', 'Report-To': '{"endpoints":[{"url":"https:\\/\\/a.nel.cloudflare.com\\/report\\/v4?s=Tzf0FI%2FQlXFfZxYgQIjFHJVb5ZIbFO2BHeQaJGvCJtRYzAtt8MNF2%2F3TUc6Yver55BT9r1wkHypIGpewqeqIRYUowQ1eup4YLjyCHxY7%2FX2wdBUzaGnBY8hWG7BG9V3Y"}],"group":"cf-nel","max_age":604800}', 'NEL': '{"success_fraction":0,"report_to":"cf-nel","max_age":604800}', 'Server': 'cloudflare', 'CF-RAY': '873dc0bc8f6e2a9f-LAX', 'alt-svc': 'h3=":443"; ma=86400'} 
 body={"results":[{"gender":"male","name":{"title":"Mr","first":"Diego","last":"Eriksrud"},"location":{"street":{"number":4596,"name":"Thorn Dønhaugs vei"},"city":"Voll","state":"Sør-Trøndelag","country":"Norway","postcode":"3840","coordinates":{"latitude":"45.6991","longitude":"-2.0861"},"timezone":{"offset":"+3:30","description":"Tehran"}},"email":"diego.eriksrud@example.com","login":{"uuid":"3297dfc1-ff1c-4366-aef2-0d43a6a000a1","username":"whitedog140","password":"tickler","salt":"98fVmyz5","md5":"2421cbd8cad67a35a93ef32eadb6bb17","sha1":"12b30808ce7029858e83be044cd4970a79bc39dc","sha256":"a04b33a15642a923a7514944a2665355011ce372ad95932053c733cf4102ac05"},"dob":{"date":"1992-02-16T22:31:58.675Z","age":32},"registered":{"date":"2008-04-20T01:13:03.382Z","age":15},"phone":"74600061","cell":"91109398","id":{"name":"FN","value":"16029221123"},"picture":{"large":"https://randomuser.me/api/portraits/men/20.jpg","medium":"https://randomuser.me/api/portraits/med/men/20.jpg","thumbnail":"https://randomuser.me/api/portraits/thumb/men/20.jpg"},"nat":"NO"}],"info":{"seed":"32ad1fea9c9d1aa2","results":1,"page":1,"version":"1.4"}} 
 </msg>
<msg time="2024-04-13T19:09:51.532195" level="INFO">/opt/hostedtoolcache/Python/3.12.2/x64/lib/python3.12/site-packages/urllib3/connectionpool.py:1103: InsecureRequestWarning: Unverified HTTPS request is being made to host 'randomuser.me'. Adding certificate verification is strongly advised. See: https://urllib3.readthedocs.io/en/latest/advanced-usage.html#tls-warnings
  warnings.warn(</msg>
<msg time="2024-04-13T19:09:51.532315" level="INFO">${response} = &lt;Response [200]&gt;</msg>
<var>${response}</var>
<arg>consultarAPI</arg>
<arg>/api</arg>
<doc>Sends a GET request on a previously created HTTP Session.</doc>
<status status="PASS" start="2024-04-13T19:09:51.437200" elapsed="0.095161"/>
</kw>
<kw name="Set Variable" owner="BuiltIn">
<msg time="2024-04-13T19:09:51.533333" level="INFO">${json_data} = {'results': [{'gender': 'male', 'name': {'title': 'Mr', 'first': 'Diego', 'last': 'Eriksrud'}, 'location': {'street': {'number': 4596, 'name': 'Thorn Dønhaugs vei'}, 'city': 'Voll', 'state': 'Sør-Trøn...</msg>
<var>${json_data}</var>
<arg>${response.json()}</arg>
<doc>Returns the given values which can then be assigned to a variables.</doc>
<status status="PASS" start="2024-04-13T19:09:51.532832" elapsed="0.000530"/>
</kw>
<kw name="Set Variable" owner="BuiltIn">
<msg time="2024-04-13T19:09:51.534054" level="INFO">${name_title} = Mr</msg>
<var>${name_title}</var>
<arg>${json_data["results"][0]["name"]["title"]}</arg>
<doc>Returns the given values which can then be assigned to a variables.</doc>
<status status="PASS" start="2024-04-13T19:09:51.533672" elapsed="0.000407"/>
</kw>
<kw name="Create List" owner="BuiltIn">
<msg time="2024-04-13T19:09:51.534526" level="INFO">${allowed_titles} = ['Mr', 'Ms', 'Miss', 'Mrs', 'Madame', 'Monsieur']</msg>
<var>${allowed_titles}</var>
<arg>Mr</arg>
<arg>Ms</arg>
<arg>Miss</arg>
<arg>Mrs</arg>
<arg>Madame</arg>
<arg>Monsieur</arg>
<doc>Returns a list containing given items.</doc>
<status status="PASS" start="2024-04-13T19:09:51.534378" elapsed="0.000172"/>
</kw>
<kw name="List Should Contain Value" owner="Collections">
<msg time="2024-04-13T19:09:51.535035" level="INFO">False</msg>
<arg>${allowed_titles}</arg>
<arg>${name_title}</arg>
<doc>Fails if the ``value`` is not found from ``list``.</doc>
<status status="PASS" start="2024-04-13T19:09:51.534864" elapsed="0.000209"/>
</kw>
<kw name="Set Variable" owner="BuiltIn">
<msg time="2024-04-13T19:09:51.535764" level="INFO">${name_country} = NO</msg>
<var>${name_country}</var>
<arg>${json_data["results"][0]["nat"]}</arg>
<doc>Returns the given values which can then be assigned to a variables.</doc>
<status status="PASS" start="2024-04-13T19:09:51.535358" elapsed="0.000431"/>
</kw>
<kw name="Create List" owner="BuiltIn">
<msg time="2024-04-13T19:09:51.536692" level="INFO">${list_country} = ['AD', 'AE', 'AF', 'AG', 'AI', 'AL', 'AM', 'AO', 'AQ', 'AR', 'AS', 'AT', 'AU', 'AW', 'AX', 'AZ', 'BA', 'BB', 'BD', 'BE', 'BF', 'BG', 'BH', 'BI', 'BJ', 'BL', 'BM', 'BN', 'BO', 'BQ', 'BR', 'BS', 'BT', '...</msg>
<var>${list_country}</var>
<arg>AD</arg>
<arg>AE</arg>
<arg>AF</arg>
<arg>AG</arg>
<arg>AI</arg>
<arg>AL</arg>
<arg>AM</arg>
<arg>AO</arg>
<arg>AQ</arg>
<arg>AR</arg>
<arg>AS</arg>
<arg>AT</arg>
<arg>AU</arg>
<arg>AW</arg>
<arg>AX</arg>
<arg>AZ</arg>
<arg>BA</arg>
<arg>BB</arg>
<arg>BD</arg>
<arg>BE</arg>
<arg>BF</arg>
<arg>BG</arg>
<arg>BH</arg>
<arg>BI</arg>
<arg>BJ</arg>
<arg>BL</arg>
<arg>BM</arg>
<arg>BN</arg>
<arg>BO</arg>
<arg>BQ</arg>
<arg>BR</arg>
<arg>BS</arg>
<arg>BT</arg>
<arg>BV</arg>
<arg>BW</arg>
<arg>BY</arg>
<arg>BZ</arg>
<arg>CA</arg>
<arg>CC</arg>
<arg>CD</arg>
<arg>CF</arg>
<arg>CG</arg>
<arg>CH</arg>
<arg>CI</arg>
<arg>CK</arg>
<arg>CL</arg>
<arg>CM</arg>
<arg>CN</arg>
<arg>CO</arg>
<arg>CR</arg>
<arg>CU</arg>
<arg>CV</arg>
<arg>CW</arg>
<arg>CX</arg>
<arg>CY</arg>
<arg>CZ</arg>
<arg>DE</arg>
<arg>DJ</arg>
<arg>DK</arg>
<arg>DM</arg>
<arg>DO</arg>
<arg>DZ</arg>
<arg>EC</arg>
<arg>EE</arg>
<arg>EG</arg>
<arg>EH</arg>
<arg>ER</arg>
<arg>ES</arg>
<arg>ET</arg>
<arg>FI</arg>
<arg>FJ</arg>
<arg>FK</arg>
<arg>FM</arg>
<arg>FO</arg>
<arg>FR</arg>
<arg>GA</arg>
<arg>GB</arg>
<arg>GD</arg>
<arg>GE</arg>
<arg>GF</arg>
<arg>GG</arg>
<arg>GH</arg>
<arg>GI</arg>
<arg>GL</arg>
<arg>GM</arg>
<arg>GN</arg>
<arg>GP</arg>
<arg>GQ</arg>
<arg>GR</arg>
<arg>GS</arg>
<arg>GT</arg>
<arg>GU</arg>
<arg>GW</arg>
<arg>GY</arg>
<arg>HK</arg>
<arg>HM</arg>
<arg>HN</arg>
<arg>HR</arg>
<arg>HT</arg>
<arg>HU</arg>
<arg>ID</arg>
<arg>IE</arg>
<arg>IL</arg>
<arg>IM</arg>
<arg>IN</arg>
<arg>IO</arg>
<arg>IQ</arg>
<arg>IR</arg>
<arg>IS</arg>
<arg>IT</arg>
<arg>JE</arg>
<arg>JM</arg>
<arg>JO</arg>
<arg>JP</arg>
<arg>KE</arg>
<arg>KG</arg>
<arg>KH</arg>
<arg>KI</arg>
<arg>KM</arg>
<arg>KN</arg>
<arg>KP</arg>
<arg>KR</arg>
<arg>KW</arg>
<arg>KY</arg>
<arg>KZ</arg>
<arg>LA</arg>
<arg>LB</arg>
<arg>LC</arg>
<arg>LI</arg>
<arg>LK</arg>
<arg>LR</arg>
<arg>LS</arg>
<arg>LT</arg>
<arg>LU</arg>
<arg>LV</arg>
<arg>LY</arg>
<arg>MA</arg>
<arg>MC</arg>
<arg>MD</arg>
<arg>ME</arg>
<arg>MF</arg>
<arg>MG</arg>
<arg>MH</arg>
<arg>MK</arg>
<arg>ML</arg>
<arg>MM</arg>
<arg>MN</arg>
<arg>MO</arg>
<arg>MP</arg>
<arg>MQ</arg>
<arg>MR</arg>
<arg>MS</arg>
<arg>MT</arg>
<arg>MU</arg>
<arg>MV</arg>
<arg>MW</arg>
<arg>MX</arg>
<arg>MY</arg>
<arg>MZ</arg>
<arg>NA</arg>
<arg>NC</arg>
<arg>NE</arg>
<arg>NF</arg>
<arg>NG</arg>
<arg>NI</arg>
<arg>NL</arg>
<arg>NO</arg>
<arg>NP</arg>
<arg>NR</arg>
<arg>NU</arg>
<arg>NZ</arg>
<arg>OM</arg>
<arg>PA</arg>
<arg>PE</arg>
<arg>PF</arg>
<arg>PG</arg>
<arg>PH</arg>
<arg>PK</arg>
<arg>PL</arg>
<arg>PM</arg>
<arg>PN</arg>
<arg>PR</arg>
<arg>PS</arg>
<arg>PT</arg>
<arg>PW</arg>
<arg>PY</arg>
<arg>QA</arg>
<arg>RE</arg>
<arg>RO</arg>
<arg>RS</arg>
<arg>RU</arg>
<arg>RW</arg>
<arg>SA</arg>
<arg>SB</arg>
<arg>SC</arg>
<arg>SD</arg>
<arg>SE</arg>
<arg>SG</arg>
<arg>SH</arg>
<arg>SI</arg>
<arg>SJ</arg>
<arg>SK</arg>
<arg>SL</arg>
<arg>SM</arg>
<arg>SN</arg>
<arg>SO</arg>
<arg>SR</arg>
<arg>SS</arg>
<arg>ST</arg>
<arg>SV</arg>
<arg>SX</arg>
<arg>SY</arg>
<arg>SZ</arg>
<arg>TC</arg>
<arg>TD</arg>
<arg>TF</arg>
<arg>TG</arg>
<arg>TH</arg>
<arg>TJ</arg>
<arg>TK</arg>
<arg>TL</arg>
<arg>TM</arg>
<arg>TN</arg>
<arg>TO</arg>
<arg>TR</arg>
<arg>TT</arg>
<arg>TV</arg>
<arg>TW</arg>
<arg>TZ</arg>
<arg>UA</arg>
<arg>UG</arg>
<arg>UM</arg>
<arg>US</arg>
<arg>UY</arg>
<arg>UZ</arg>
<arg>VA</arg>
<arg>VC</arg>
<arg>VE</arg>
<arg>VG</arg>
<arg>VI</arg>
<arg>VN</arg>
<arg>VU</arg>
<arg>WF</arg>
<arg>WS</arg>
<arg>XK</arg>
<arg>YE</arg>
<arg>YT</arg>
<arg>ZA</arg>
<arg>ZM</arg>
<arg>ZW</arg>
<doc>Returns a list containing given items.</doc>
<status status="PASS" start="2024-04-13T19:09:51.536091" elapsed="0.000626"/>
</kw>
<kw name="List Should Contain Value" owner="Collections">
<msg time="2024-04-13T19:09:51.537699" level="INFO">False</msg>
<arg>${list_country}</arg>
<arg>${name_country}</arg>
<doc>Fails if the ``value`` is not found from ``list``.</doc>
<status status="PASS" start="2024-04-13T19:09:51.537499" elapsed="0.000237"/>
</kw>
<kw name="Run Keyword If" owner="BuiltIn">
<kw name="Should Be True" owner="BuiltIn">
<arg>${True}</arg>
<doc>Fails if the given condition is not true.</doc>
<status status="PASS" start="2024-04-13T19:09:51.538960" elapsed="0.000147"/>
</kw>
<arg>${json_data["results"][0]["location"]["coordinates"]["latitude"]} &gt;= -90 and ${json_data["results"][0]["location"]["coordinates"]["latitude"]} &lt;= 90</arg>
<arg>Should Be True</arg>
<arg>${True}</arg>
<doc>Runs the given keyword with the given arguments, if ``condition`` is true.</doc>
<status status="PASS" start="2024-04-13T19:09:51.538050" elapsed="0.001185"/>
</kw>
<kw name="Run Keyword If" owner="BuiltIn">
<kw name="Should Be True" owner="BuiltIn">
<arg>${True}</arg>
<doc>Fails if the given condition is not true.</doc>
<status status="PASS" start="2024-04-13T19:09:51.540188" elapsed="0.000138"/>
</kw>
<arg>${json_data["results"][0]["location"]["coordinates"]["longitude"]} &gt;= -180 and ${json_data["results"][0]["location"]["coordinates"]["longitude"]} &lt;= 180</arg>
<arg>Should Be True</arg>
<arg>${True}</arg>
<doc>Runs the given keyword with the given arguments, if ``condition`` is true.</doc>
<status status="PASS" start="2024-04-13T19:09:51.539446" elapsed="0.001004"/>
</kw>
<status status="PASS" start="2024-04-13T19:09:51.436974" elapsed="0.103605"/>
</kw>
<doc>Testa o conteúdo específico dos campos retornados pela API.</doc>
<tag>testeConteudo</tag>
<status status="PASS" start="2024-04-13T19:09:51.436438" elapsed="0.104292"/>
</test>
<status status="PASS" start="2024-04-13T19:09:50.626950" elapsed="0.915689"/>
</suite>
<status status="PASS" start="2024-04-13T19:09:50.613290" elapsed="0.934692"/>
</suite>
<statistics>
<total>
<stat pass="5" fail="0" skip="0">All Tests</stat>
</total>
<tag>
<stat pass="1" fail="0" skip="0">testeConteudo</stat>
<stat pass="1" fail="0" skip="0">testeEstruturaResposta</stat>
<stat pass="1" fail="0" skip="0">testeRequisicaoBasica</stat>
<stat pass="1" fail="0" skip="0">testeTiposDados</stat>
</tag>
<suite>
<stat pass="5" fail="0" skip="0" id="s1" name="Tests">Tests</stat>
<stat pass="5" fail="0" skip="0" id="s1-s1" name="Random-User-Test">Tests.Random-User-Test</stat>
</suite>
</statistics>
<errors>
</errors>
</robot>
