<?xml version="1.0" encoding="UTF-8"?>
<robot generator="Robot 7.0.1 (Python 3.12.3 on linux)" generated="2024-06-18T17:15:26.319982" rpa="false" schemaversion="5">
<suite id="s1" name="Tests" source="/home/runner/work/ApiRandomUser/ApiRandomUser/RamdonUser/tests">
<suite id="s1-s1" name="Random-User-Test" source="/home/runner/work/ApiRandomUser/ApiRandomUser/RamdonUser/tests/random-user-test.robot">
<test id="s1-s1-t1" name="Conectar" line="13">
<kw name="Conectar API" owner="random-user-service">
<kw name="Create Session" owner="RequestsLibrary">
<msg time="2024-06-18T17:15:26.718160" level="INFO">Creating Session using : alias=consultarAPI, url=https://randomuser.me/, headers={},                     cookies={}, auth=None, timeout=None, proxies=None, verify=False,                     debug=0 </msg>
<arg>consultarAPI</arg>
<arg>${URL}</arg>
<doc>Create Session: create a HTTP session to a server</doc>
<status status="PASS" start="2024-06-18T17:15:26.717956" elapsed="0.000395"/>
</kw>
<status status="PASS" start="2024-06-18T17:15:26.716898" elapsed="0.001857"/>
</kw>
<status status="PASS" start="2024-06-18T17:15:26.716277" elapsed="0.002672"/>
</test>
<test id="s1-s1-t2" name="Validar retorno 200 e JSON Válido" line="16">
<kw name="Teste de Requisicao Basica" owner="random-user-service">
<kw name="GET On Session" owner="RequestsLibrary">
<msg time="2024-06-18T17:15:26.927309" level="INFO">GET Request : url=https://randomuser.me/api 
 path_url=/api 
 headers={'User-Agent': 'python-requests/2.32.3', 'Accept-Encoding': 'gzip, deflate', 'Accept': '*/*', 'Connection': 'keep-alive'} 
 body=None 
 </msg>
<msg time="2024-06-18T17:15:26.927453" level="INFO">GET Response : url=https://randomuser.me/api 
 status=200, reason=OK 
 headers={'Date': 'Tue, 18 Jun 2024 17:15:26 GMT', 'Content-Type': 'application/json; charset=utf-8', 'Transfer-Encoding': 'chunked', 'Connection': 'keep-alive', 'X-Powered-By': 'Express', 'Access-Control-Allow-Origin': '*', 'Cache-Control': 'no-cache', 'ETag': 'W/"48a-F95lVire5zdRMQEckch+wh4DNas"', 'Vary': 'Accept-Encoding', 'Content-Encoding': 'gzip', 'CF-Cache-Status': 'DYNAMIC', 'Report-To': '{"endpoints":[{"url":"https:\\/\\/a.nel.cloudflare.com\\/report\\/v4?s=SbI2Kz6PTfm1f6RcVpP%2BJkMbkcCCo%2FHoOklXpus2Wqtwj7KIDe5JZidBZIkLIHLC8eJvSFexacOLeCv4g8LXz6DA8dMtmpNEZ6CmCTEQsUl4nSRVFwLYh36SXxvNF%2BB6"}],"group":"cf-nel","max_age":604800}', 'NEL': '{"success_fraction":0,"report_to":"cf-nel","max_age":604800}', 'Server': 'cloudflare', 'CF-RAY': '895cebe4dc082d10-IAD', 'alt-svc': 'h3=":443"; ma=86400'} 
 body={"results":[{"gender":"male","name":{"title":"Mr","first":"Herman","last":"Asghar"},"location":{"street":{"number":7808,"name":"Solefallsveien"},"city":"Namsskogan Sentrum","state":"Nordland","country":"Norway","postcode":"3606","coordinates":{"latitude":"44.3042","longitude":"-95.5983"},"timezone":{"offset":"-7:00","description":"Mountain Time (US &amp; Canada)"}},"email":"herman.asghar@example.com","login":{"uuid":"502cc877-e11c-4bbf-b8c1-a99057a26cda","username":"silverbutterfly712","password":"juventus","salt":"5eeVRT7m","md5":"d3b37de26afd0dbcc73a4891bd0deaaf","sha1":"0d5917fc976d9e5da0e263444923c523c1afe900","sha256":"e77baf8b05106931a5940f78140a3ff19f4b21e2bf01834c3dad9868fe52936a"},"dob":{"date":"1976-07-30T08:18:57.516Z","age":47},"registered":{"date":"2014-03-19T09:28:19.875Z","age":10},"phone":"54613786","cell":"99625593","id":{"name":"FN","value":"30077634742"},"picture":{"large":"https://randomuser.me/api/portraits/men/4.jpg","medium":"https://randomuser.me/api/portraits/med/men/4.jpg","thumbnail":"https://randomuser.me/api/portraits/thumb/men/4.jpg"},"nat":"NO"}],"info":{"seed":"33ccade9f1d5f4f6","results":1,"page":1,"version":"1.4"}} 
 </msg>
<msg time="2024-06-18T17:15:26.927532" level="INFO">/opt/hostedtoolcache/Python/3.12.3/x64/lib/python3.12/site-packages/urllib3/connectionpool.py:1099: InsecureRequestWarning: Unverified HTTPS request is being made to host 'randomuser.me'. Adding certificate verification is strongly advised. See: https://urllib3.readthedocs.io/en/latest/advanced-usage.html#tls-warnings
  warnings.warn(</msg>
<msg time="2024-06-18T17:15:26.927673" level="INFO">${response} = &lt;Response [200]&gt;</msg>
<var>${response}</var>
<arg>consultarAPI</arg>
<arg>/api</arg>
<doc>Sends a GET request on a previously created HTTP Session.</doc>
<status status="PASS" start="2024-06-18T17:15:26.721562" elapsed="0.206153"/>
</kw>
<kw name="Should Be Equal As Numbers" owner="BuiltIn">
<msg time="2024-06-18T17:15:26.928817" level="INFO">Argument types are:
&lt;class 'int'&gt;
&lt;class 'str'&gt;</msg>
<arg>${response.status_code}</arg>
<arg>200</arg>
<doc>Fails if objects are unequal after converting them to real numbers.</doc>
<status status="PASS" start="2024-06-18T17:15:26.928331" elapsed="0.000549"/>
</kw>
<kw name="Log" owner="BuiltIn">
<msg time="2024-06-18T17:15:26.929547" level="INFO">200</msg>
<arg>${response.status_code}</arg>
<doc>Logs the given message with the given level.</doc>
<status status="PASS" start="2024-06-18T17:15:26.929203" elapsed="0.000387"/>
</kw>
<kw name="Set Variable" owner="BuiltIn">
<msg time="2024-06-18T17:15:26.930328" level="INFO">${json_data} = {'results': [{'gender': 'male', 'name': {'title': 'Mr', 'first': 'Herman', 'last': 'Asghar'}, 'location': {'street': {'number': 7808, 'name': 'Solefallsveien'}, 'city': 'Namsskogan Sentrum', 'state': ...</msg>
<var>${json_data}</var>
<arg>${response.json()}</arg>
<doc>Returns the given values which can then be assigned to a variables.</doc>
<status status="PASS" start="2024-06-18T17:15:26.929897" elapsed="0.000460"/>
</kw>
<kw name="Dictionary Should Contain Key" owner="Collections">
<arg>${json_data}</arg>
<arg>results</arg>
<doc>Fails if ``key`` is not found from ``dictionary``.</doc>
<status status="PASS" start="2024-06-18T17:15:26.930692" elapsed="0.000164"/>
</kw>
<status status="PASS" start="2024-06-18T17:15:26.721324" elapsed="0.209680"/>
</kw>
<doc>Testa se a API responde corretamente e retorna um objeto JSON válido.</doc>
<tag>testeRequisicaoBasica</tag>
<status status="PASS" start="2024-06-18T17:15:26.720804" elapsed="0.210375"/>
</test>
<test id="s1-s1-t3" name="Validar estrutura de resposta" line="22">
<kw name="Teste de Estrutura de Resposta" owner="random-user-service">
<kw name="GET On Session" owner="RequestsLibrary">
<msg time="2024-06-18T17:15:27.048657" level="INFO">GET Request : url=https://randomuser.me/api 
 path_url=/api 
 headers={'User-Agent': 'python-requests/2.32.3', 'Accept-Encoding': 'gzip, deflate', 'Accept': '*/*', 'Connection': 'keep-alive'} 
 body=None 
 </msg>
<msg time="2024-06-18T17:15:27.048741" level="INFO">GET Response : url=https://randomuser.me/api 
 status=200, reason=OK 
 headers={'Date': 'Tue, 18 Jun 2024 17:15:27 GMT', 'Content-Type': 'application/json; charset=utf-8', 'Transfer-Encoding': 'chunked', 'Connection': 'keep-alive', 'X-Powered-By': 'Express', 'Access-Control-Allow-Origin': '*', 'Cache-Control': 'no-cache', 'ETag': 'W/"49b-roSJ7LQ6SJ3zuZdRblpXGIKisnY"', 'Vary': 'Accept-Encoding', 'Content-Encoding': 'gzip', 'CF-Cache-Status': 'DYNAMIC', 'Report-To': '{"endpoints":[{"url":"https:\\/\\/a.nel.cloudflare.com\\/report\\/v4?s=SYHYKTgu9JF%2BL9wIHVQzn2uyXSbLIzlWCAM81ORDD%2FK06OKACV90WWmKUUZSwBeNP46gfZUtZz0a32Mm4YC%2FDrjOTDlt51wWoTYErMzhMGbKKbj7FafSVdU170uqLCQj"}],"group":"cf-nel","max_age":604800}', 'NEL': '{"success_fraction":0,"report_to":"cf-nel","max_age":604800}', 'Server': 'cloudflare', 'CF-RAY': '895cebe55cc32d10-IAD', 'alt-svc': 'h3=":443"; ma=86400'} 
 body={"results":[{"gender":"female","name":{"title":"Ms","first":"Annabelle","last":"Myrdal"},"location":{"street":{"number":8180,"name":"Nordtvetbakken"},"city":"Leitebakk","state":"Nord-Trøndelag","country":"Norway","postcode":"1417","coordinates":{"latitude":"42.4179","longitude":"142.6699"},"timezone":{"offset":"+9:00","description":"Tokyo, Seoul, Osaka, Sapporo, Yakutsk"}},"email":"annabelle.myrdal@example.com","login":{"uuid":"19ced977-1dfd-455e-9d24-0ac7dea23ab5","username":"crazybear689","password":"blunts","salt":"Z0Ywv6YY","md5":"7f1d9228d2a64f51a2cee524f0238be1","sha1":"f16f7412c29ae62c3740f4fd46f98f349c9309ed","sha256":"1d31f5b29e21ac37b8df13047c8808aab14e6c53351db5358ed2a2490b25daf9"},"dob":{"date":"1990-08-22T22:20:49.292Z","age":33},"registered":{"date":"2011-10-07T09:32:12.063Z","age":12},"phone":"86126633","cell":"97151909","id":{"name":"FN","value":"22089046401"},"picture":{"large":"https://randomuser.me/api/portraits/women/79.jpg","medium":"https://randomuser.me/api/portraits/med/women/79.jpg","thumbnail":"https://randomuser.me/api/portraits/thumb/women/79.jpg"},"nat":"NO"}],"info":{"seed":"4f894e603c3eb452","results":1,"page":1,"version":"1.4"}} 
 </msg>
<msg time="2024-06-18T17:15:27.048881" level="INFO">/opt/hostedtoolcache/Python/3.12.3/x64/lib/python3.12/site-packages/urllib3/connectionpool.py:1099: InsecureRequestWarning: Unverified HTTPS request is being made to host 'randomuser.me'. Adding certificate verification is strongly advised. See: https://urllib3.readthedocs.io/en/latest/advanced-usage.html#tls-warnings
  warnings.warn(</msg>
<msg time="2024-06-18T17:15:27.049016" level="INFO">${response} = &lt;Response [200]&gt;</msg>
<var>${response}</var>
<arg>consultarAPI</arg>
<arg>/api</arg>
<doc>Sends a GET request on a previously created HTTP Session.</doc>
<status status="PASS" start="2024-06-18T17:15:26.934298" elapsed="0.114766"/>
</kw>
<kw name="Set Variable" owner="BuiltIn">
<msg time="2024-06-18T17:15:27.050095" level="INFO">${json_data} = {'results': [{'gender': 'female', 'name': {'title': 'Ms', 'first': 'Annabelle', 'last': 'Myrdal'}, 'location': {'street': {'number': 8180, 'name': 'Nordtvetbakken'}, 'city': 'Leitebakk', 'state': 'Nor...</msg>
<var>${json_data}</var>
<arg>${response.json()}</arg>
<doc>Returns the given values which can then be assigned to a variables.</doc>
<status status="PASS" start="2024-06-18T17:15:27.049541" elapsed="0.000583"/>
</kw>
<kw name="Log" owner="BuiltIn">
<msg time="2024-06-18T17:15:27.050636" level="INFO">{'results': [{'gender': 'female', 'name': {'title': 'Ms', 'first': 'Annabelle', 'last': 'Myrdal'}, 'location': {'street': {'number': 8180, 'name': 'Nordtvetbakken'}, 'city': 'Leitebakk', 'state': 'Nord-Trøndelag', 'country': 'Norway', 'postcode': '1417', 'coordinates': {'latitude': '42.4179', 'longitude': '142.6699'}, 'timezone': {'offset': '+9:00', 'description': 'Tokyo, Seoul, Osaka, Sapporo, Yakutsk'}}, 'email': 'annabelle.myrdal@example.com', 'login': {'uuid': '19ced977-1dfd-455e-9d24-0ac7dea23ab5', 'username': 'crazybear689', 'password': 'blunts', 'salt': 'Z0Ywv6YY', 'md5': '7f1d9228d2a64f51a2cee524f0238be1', 'sha1': 'f16f7412c29ae62c3740f4fd46f98f349c9309ed', 'sha256': '1d31f5b29e21ac37b8df13047c8808aab14e6c53351db5358ed2a2490b25daf9'}, 'dob': {'date': '1990-08-22T22:20:49.292Z', 'age': 33}, 'registered': {'date': '2011-10-07T09:32:12.063Z', 'age': 12}, 'phone': '86126633', 'cell': '97151909', 'id': {'name': 'FN', 'value': '22089046401'}, 'picture': {'large': 'https://randomuser.me/api/portraits/women/79.jpg', 'medium': 'https://randomuser.me/api/portraits/med/women/79.jpg', 'thumbnail': 'https://randomuser.me/api/portraits/thumb/women/79.jpg'}, 'nat': 'NO'}], 'info': {'seed': '4f894e603c3eb452', 'results': 1, 'page': 1, 'version': '1.4'}}</msg>
<arg>${json_data}</arg>
<doc>Logs the given message with the given level.</doc>
<status status="PASS" start="2024-06-18T17:15:27.050429" elapsed="0.000257"/>
</kw>
<kw name="Dictionary Should Contain Key" owner="Collections">
<arg>${json_data}</arg>
<arg>results</arg>
<doc>Fails if ``key`` is not found from ``dictionary``.</doc>
<status status="PASS" start="2024-06-18T17:15:27.050981" elapsed="0.000156"/>
</kw>
<kw name="Should Not Be Empty" owner="BuiltIn">
<msg time="2024-06-18T17:15:27.051451" level="INFO">Length is 2.</msg>
<arg>${json_data}</arg>
<doc>Verifies that the given item is not empty.</doc>
<status status="PASS" start="2024-06-18T17:15:27.051318" elapsed="0.000171"/>
</kw>
<kw name="Create List" owner="BuiltIn">
<msg time="2024-06-18T17:15:27.051929" level="INFO">${expected_keys} = ['gender', 'name', 'location', 'email', 'login']</msg>
<var>${expected_keys}</var>
<arg>gender</arg>
<arg>name</arg>
<arg>location</arg>
<arg>email</arg>
<arg>login</arg>
<doc>Returns a list containing given items.</doc>
<status status="PASS" start="2024-06-18T17:15:27.051777" elapsed="0.000176"/>
</kw>
<for flavor="IN">
<iter>
<kw name="Dictionary Should Contain Key" owner="Collections">
<arg>${json_data['results'][0]}</arg>
<arg>${key}</arg>
<doc>Fails if ``key`` is not found from ``dictionary``.</doc>
<status status="PASS" start="2024-06-18T17:15:27.052556" elapsed="0.000407"/>
</kw>
<kw name="Log" owner="BuiltIn">
<msg time="2024-06-18T17:15:27.053528" level="INFO">{'gender': 'female', 'name': {'title': 'Ms', 'first': 'Annabelle', 'last': 'Myrdal'}, 'location': {'street': {'number': 8180, 'name': 'Nordtvetbakken'}, 'city': 'Leitebakk', 'state': 'Nord-Trøndelag', 'country': 'Norway', 'postcode': '1417', 'coordinates': {'latitude': '42.4179', 'longitude': '142.6699'}, 'timezone': {'offset': '+9:00', 'description': 'Tokyo, Seoul, Osaka, Sapporo, Yakutsk'}}, 'email': 'annabelle.myrdal@example.com', 'login': {'uuid': '19ced977-1dfd-455e-9d24-0ac7dea23ab5', 'username': 'crazybear689', 'password': 'blunts', 'salt': 'Z0Ywv6YY', 'md5': '7f1d9228d2a64f51a2cee524f0238be1', 'sha1': 'f16f7412c29ae62c3740f4fd46f98f349c9309ed', 'sha256': '1d31f5b29e21ac37b8df13047c8808aab14e6c53351db5358ed2a2490b25daf9'}, 'dob': {'date': '1990-08-22T22:20:49.292Z', 'age': 33}, 'registered': {'date': '2011-10-07T09:32:12.063Z', 'age': 12}, 'phone': '86126633', 'cell': '97151909', 'id': {'name': 'FN', 'value': '22089046401'}, 'picture': {'large': 'https://randomuser.me/api/portraits/women/79.jpg', 'medium': 'https://randomuser.me/api/portraits/med/women/79.jpg', 'thumbnail': 'https://randomuser.me/api/portraits/thumb/women/79.jpg'}, 'nat': 'NO'}</msg>
<arg>${json_data['results'][0]}</arg>
<doc>Logs the given message with the given level.</doc>
<status status="PASS" start="2024-06-18T17:15:27.053156" elapsed="0.000422"/>
</kw>
<kw name="Log" owner="BuiltIn">
<msg time="2024-06-18T17:15:27.054004" level="INFO">gender</msg>
<arg>${key}</arg>
<doc>Logs the given message with the given level.</doc>
<status status="PASS" start="2024-06-18T17:15:27.053879" elapsed="0.000163"/>
</kw>
<var name="${key}">gender</var>
<status status="PASS" start="2024-06-18T17:15:27.052420" elapsed="0.001840"/>
</iter>
<iter>
<kw name="Dictionary Should Contain Key" owner="Collections">
<arg>${json_data['results'][0]}</arg>
<arg>${key}</arg>
<doc>Fails if ``key`` is not found from ``dictionary``.</doc>
<status status="PASS" start="2024-06-18T17:15:27.054604" elapsed="0.000389"/>
</kw>
<kw name="Log" owner="BuiltIn">
<msg time="2024-06-18T17:15:27.055529" level="INFO">{'gender': 'female', 'name': {'title': 'Ms', 'first': 'Annabelle', 'last': 'Myrdal'}, 'location': {'street': {'number': 8180, 'name': 'Nordtvetbakken'}, 'city': 'Leitebakk', 'state': 'Nord-Trøndelag', 'country': 'Norway', 'postcode': '1417', 'coordinates': {'latitude': '42.4179', 'longitude': '142.6699'}, 'timezone': {'offset': '+9:00', 'description': 'Tokyo, Seoul, Osaka, Sapporo, Yakutsk'}}, 'email': 'annabelle.myrdal@example.com', 'login': {'uuid': '19ced977-1dfd-455e-9d24-0ac7dea23ab5', 'username': 'crazybear689', 'password': 'blunts', 'salt': 'Z0Ywv6YY', 'md5': '7f1d9228d2a64f51a2cee524f0238be1', 'sha1': 'f16f7412c29ae62c3740f4fd46f98f349c9309ed', 'sha256': '1d31f5b29e21ac37b8df13047c8808aab14e6c53351db5358ed2a2490b25daf9'}, 'dob': {'date': '1990-08-22T22:20:49.292Z', 'age': 33}, 'registered': {'date': '2011-10-07T09:32:12.063Z', 'age': 12}, 'phone': '86126633', 'cell': '97151909', 'id': {'name': 'FN', 'value': '22089046401'}, 'picture': {'large': 'https://randomuser.me/api/portraits/women/79.jpg', 'medium': 'https://randomuser.me/api/portraits/med/women/79.jpg', 'thumbnail': 'https://randomuser.me/api/portraits/thumb/women/79.jpg'}, 'nat': 'NO'}</msg>
<arg>${json_data['results'][0]}</arg>
<doc>Logs the given message with the given level.</doc>
<status status="PASS" start="2024-06-18T17:15:27.055176" elapsed="0.000437"/>
</kw>
<kw name="Log" owner="BuiltIn">
<msg time="2024-06-18T17:15:27.056045" level="INFO">name</msg>
<arg>${key}</arg>
<doc>Logs the given message with the given level.</doc>
<status status="PASS" start="2024-06-18T17:15:27.055916" elapsed="0.000166"/>
</kw>
<var name="${key}">name</var>
<status status="PASS" start="2024-06-18T17:15:27.054473" elapsed="0.001849"/>
</iter>
<iter>
<kw name="Dictionary Should Contain Key" owner="Collections">
<arg>${json_data['results'][0]}</arg>
<arg>${key}</arg>
<doc>Fails if ``key`` is not found from ``dictionary``.</doc>
<status status="PASS" start="2024-06-18T17:15:27.056636" elapsed="0.000377"/>
</kw>
<kw name="Log" owner="BuiltIn">
<msg time="2024-06-18T17:15:27.057591" level="INFO">{'gender': 'female', 'name': {'title': 'Ms', 'first': 'Annabelle', 'last': 'Myrdal'}, 'location': {'street': {'number': 8180, 'name': 'Nordtvetbakken'}, 'city': 'Leitebakk', 'state': 'Nord-Trøndelag', 'country': 'Norway', 'postcode': '1417', 'coordinates': {'latitude': '42.4179', 'longitude': '142.6699'}, 'timezone': {'offset': '+9:00', 'description': 'Tokyo, Seoul, Osaka, Sapporo, Yakutsk'}}, 'email': 'annabelle.myrdal@example.com', 'login': {'uuid': '19ced977-1dfd-455e-9d24-0ac7dea23ab5', 'username': 'crazybear689', 'password': 'blunts', 'salt': 'Z0Ywv6YY', 'md5': '7f1d9228d2a64f51a2cee524f0238be1', 'sha1': 'f16f7412c29ae62c3740f4fd46f98f349c9309ed', 'sha256': '1d31f5b29e21ac37b8df13047c8808aab14e6c53351db5358ed2a2490b25daf9'}, 'dob': {'date': '1990-08-22T22:20:49.292Z', 'age': 33}, 'registered': {'date': '2011-10-07T09:32:12.063Z', 'age': 12}, 'phone': '86126633', 'cell': '97151909', 'id': {'name': 'FN', 'value': '22089046401'}, 'picture': {'large': 'https://randomuser.me/api/portraits/women/79.jpg', 'medium': 'https://randomuser.me/api/portraits/med/women/79.jpg', 'thumbnail': 'https://randomuser.me/api/portraits/thumb/women/79.jpg'}, 'nat': 'NO'}</msg>
<arg>${json_data['results'][0]}</arg>
<doc>Logs the given message with the given level.</doc>
<status status="PASS" start="2024-06-18T17:15:27.057201" elapsed="0.000441"/>
</kw>
<kw name="Log" owner="BuiltIn">
<msg time="2024-06-18T17:15:27.058071" level="INFO">location</msg>
<arg>${key}</arg>
<doc>Logs the given message with the given level.</doc>
<status status="PASS" start="2024-06-18T17:15:27.057944" elapsed="0.000175"/>
</kw>
<var name="${key}">location</var>
<status status="PASS" start="2024-06-18T17:15:27.056526" elapsed="0.001806"/>
</iter>
<iter>
<kw name="Dictionary Should Contain Key" owner="Collections">
<arg>${json_data['results'][0]}</arg>
<arg>${key}</arg>
<doc>Fails if ``key`` is not found from ``dictionary``.</doc>
<status status="PASS" start="2024-06-18T17:15:27.058695" elapsed="0.000399"/>
</kw>
<kw name="Log" owner="BuiltIn">
<msg time="2024-06-18T17:15:27.059635" level="INFO">{'gender': 'female', 'name': {'title': 'Ms', 'first': 'Annabelle', 'last': 'Myrdal'}, 'location': {'street': {'number': 8180, 'name': 'Nordtvetbakken'}, 'city': 'Leitebakk', 'state': 'Nord-Trøndelag', 'country': 'Norway', 'postcode': '1417', 'coordinates': {'latitude': '42.4179', 'longitude': '142.6699'}, 'timezone': {'offset': '+9:00', 'description': 'Tokyo, Seoul, Osaka, Sapporo, Yakutsk'}}, 'email': 'annabelle.myrdal@example.com', 'login': {'uuid': '19ced977-1dfd-455e-9d24-0ac7dea23ab5', 'username': 'crazybear689', 'password': 'blunts', 'salt': 'Z0Ywv6YY', 'md5': '7f1d9228d2a64f51a2cee524f0238be1', 'sha1': 'f16f7412c29ae62c3740f4fd46f98f349c9309ed', 'sha256': '1d31f5b29e21ac37b8df13047c8808aab14e6c53351db5358ed2a2490b25daf9'}, 'dob': {'date': '1990-08-22T22:20:49.292Z', 'age': 33}, 'registered': {'date': '2011-10-07T09:32:12.063Z', 'age': 12}, 'phone': '86126633', 'cell': '97151909', 'id': {'name': 'FN', 'value': '22089046401'}, 'picture': {'large': 'https://randomuser.me/api/portraits/women/79.jpg', 'medium': 'https://randomuser.me/api/portraits/med/women/79.jpg', 'thumbnail': 'https://randomuser.me/api/portraits/thumb/women/79.jpg'}, 'nat': 'NO'}</msg>
<arg>${json_data['results'][0]}</arg>
<doc>Logs the given message with the given level.</doc>
<status status="PASS" start="2024-06-18T17:15:27.059285" elapsed="0.000399"/>
</kw>
<kw name="Log" owner="BuiltIn">
<msg time="2024-06-18T17:15:27.060114" level="INFO">email</msg>
<arg>${key}</arg>
<doc>Logs the given message with the given level.</doc>
<status status="PASS" start="2024-06-18T17:15:27.059987" elapsed="0.000165"/>
</kw>
<var name="${key}">email</var>
<status status="PASS" start="2024-06-18T17:15:27.058577" elapsed="0.001791"/>
</iter>
<iter>
<kw name="Dictionary Should Contain Key" owner="Collections">
<arg>${json_data['results'][0]}</arg>
<arg>${key}</arg>
<doc>Fails if ``key`` is not found from ``dictionary``.</doc>
<status status="PASS" start="2024-06-18T17:15:27.060647" elapsed="0.000381"/>
</kw>
<kw name="Log" owner="BuiltIn">
<msg time="2024-06-18T17:15:27.061553" level="INFO">{'gender': 'female', 'name': {'title': 'Ms', 'first': 'Annabelle', 'last': 'Myrdal'}, 'location': {'street': {'number': 8180, 'name': 'Nordtvetbakken'}, 'city': 'Leitebakk', 'state': 'Nord-Trøndelag', 'country': 'Norway', 'postcode': '1417', 'coordinates': {'latitude': '42.4179', 'longitude': '142.6699'}, 'timezone': {'offset': '+9:00', 'description': 'Tokyo, Seoul, Osaka, Sapporo, Yakutsk'}}, 'email': 'annabelle.myrdal@example.com', 'login': {'uuid': '19ced977-1dfd-455e-9d24-0ac7dea23ab5', 'username': 'crazybear689', 'password': 'blunts', 'salt': 'Z0Ywv6YY', 'md5': '7f1d9228d2a64f51a2cee524f0238be1', 'sha1': 'f16f7412c29ae62c3740f4fd46f98f349c9309ed', 'sha256': '1d31f5b29e21ac37b8df13047c8808aab14e6c53351db5358ed2a2490b25daf9'}, 'dob': {'date': '1990-08-22T22:20:49.292Z', 'age': 33}, 'registered': {'date': '2011-10-07T09:32:12.063Z', 'age': 12}, 'phone': '86126633', 'cell': '97151909', 'id': {'name': 'FN', 'value': '22089046401'}, 'picture': {'large': 'https://randomuser.me/api/portraits/women/79.jpg', 'medium': 'https://randomuser.me/api/portraits/med/women/79.jpg', 'thumbnail': 'https://randomuser.me/api/portraits/thumb/women/79.jpg'}, 'nat': 'NO'}</msg>
<arg>${json_data['results'][0]}</arg>
<doc>Logs the given message with the given level.</doc>
<status status="PASS" start="2024-06-18T17:15:27.061209" elapsed="0.000391"/>
</kw>
<kw name="Log" owner="BuiltIn">
<msg time="2024-06-18T17:15:27.062122" level="INFO">login</msg>
<arg>${key}</arg>
<doc>Logs the given message with the given level.</doc>
<status status="PASS" start="2024-06-18T17:15:27.061893" elapsed="0.000266"/>
</kw>
<var name="${key}">login</var>
<status status="PASS" start="2024-06-18T17:15:27.060538" elapsed="0.001836"/>
</iter>
<var>${key}</var>
<value>@{expected_keys}</value>
<status status="PASS" start="2024-06-18T17:15:27.052220" elapsed="0.010335"/>
</for>
<kw name="Create List" owner="BuiltIn">
<msg time="2024-06-18T17:15:27.062920" level="INFO">${expected_keysTwo} = ['username', 'password']</msg>
<var>${expected_keysTwo}</var>
<arg>username</arg>
<arg>password</arg>
<doc>Returns a list containing given items.</doc>
<status status="PASS" start="2024-06-18T17:15:27.062748" elapsed="0.000205"/>
</kw>
<for flavor="IN">
<iter>
<kw name="Dictionary Should Contain Key" owner="Collections">
<arg>${json_data['results'][0]['login']}</arg>
<arg>${keyTwo}</arg>
<doc>Fails if ``key`` is not found from ``dictionary``.</doc>
<status status="PASS" start="2024-06-18T17:15:27.063456" elapsed="0.000380"/>
</kw>
<kw name="Dictionary Should Contain Key" owner="Collections">
<arg>${json_data['results'][0]['login']}</arg>
<arg>${keyTwo}</arg>
<doc>Fails if ``key`` is not found from ``dictionary``.</doc>
<status status="PASS" start="2024-06-18T17:15:27.064015" elapsed="0.000370"/>
</kw>
<kw name="Log" owner="BuiltIn">
<msg time="2024-06-18T17:15:27.064677" level="INFO">username</msg>
<arg>${keyTwo}</arg>
<doc>Logs the given message with the given level.</doc>
<status status="PASS" start="2024-06-18T17:15:27.064559" elapsed="0.000154"/>
</kw>
<var name="${keyTwo}">username</var>
<status status="PASS" start="2024-06-18T17:15:27.063348" elapsed="0.001585"/>
</iter>
<iter>
<kw name="Dictionary Should Contain Key" owner="Collections">
<arg>${json_data['results'][0]['login']}</arg>
<arg>${keyTwo}</arg>
<doc>Fails if ``key`` is not found from ``dictionary``.</doc>
<status status="PASS" start="2024-06-18T17:15:27.065207" elapsed="0.000366"/>
</kw>
<kw name="Dictionary Should Contain Key" owner="Collections">
<arg>${json_data['results'][0]['login']}</arg>
<arg>${keyTwo}</arg>
<doc>Fails if ``key`` is not found from ``dictionary``.</doc>
<status status="PASS" start="2024-06-18T17:15:27.065746" elapsed="0.000356"/>
</kw>
<kw name="Log" owner="BuiltIn">
<msg time="2024-06-18T17:15:27.066390" level="INFO">password</msg>
<arg>${keyTwo}</arg>
<doc>Logs the given message with the given level.</doc>
<status status="PASS" start="2024-06-18T17:15:27.066274" elapsed="0.000152"/>
</kw>
<var name="${keyTwo}">password</var>
<status status="PASS" start="2024-06-18T17:15:27.065101" elapsed="0.001583"/>
</iter>
<var>${keyTwo}</var>
<value>@{expected_keysTwo}</value>
<status status="PASS" start="2024-06-18T17:15:27.063192" elapsed="0.003619"/>
</for>
<status status="PASS" start="2024-06-18T17:15:26.934006" elapsed="0.132940"/>
</kw>
<doc>Testa a estrutura da resposta da API.</doc>
<tag>testeEstruturaResposta</tag>
<status status="PASS" start="2024-06-18T17:15:26.933033" elapsed="0.134061"/>
</test>
<test id="s1-s1-t4" name="Validar tipos de dados" line="28">
<kw name="Teste de Tipos de Dados" owner="random-user-service">
<kw name="GET On Session" owner="RequestsLibrary">
<msg time="2024-06-18T17:15:27.114088" level="INFO">GET Request : url=https://randomuser.me/api 
 path_url=/api 
 headers={'User-Agent': 'python-requests/2.32.3', 'Accept-Encoding': 'gzip, deflate', 'Accept': '*/*', 'Connection': 'keep-alive'} 
 body=None 
 </msg>
<msg time="2024-06-18T17:15:27.114163" level="INFO">GET Response : url=https://randomuser.me/api 
 status=200, reason=OK 
 headers={'Date': 'Tue, 18 Jun 2024 17:15:27 GMT', 'Content-Type': 'application/json; charset=utf-8', 'Transfer-Encoding': 'chunked', 'Connection': 'keep-alive', 'X-Powered-By': 'Express', 'Access-Control-Allow-Origin': '*', 'Cache-Control': 'no-cache', 'ETag': 'W/"49e-rKoR9m2Y77pi+K+OLPps/eopkfc"', 'Vary': 'Accept-Encoding', 'Content-Encoding': 'gzip', 'CF-Cache-Status': 'DYNAMIC', 'Report-To': '{"endpoints":[{"url":"https:\\/\\/a.nel.cloudflare.com\\/report\\/v4?s=SZ3ekEb%2BP99Khf2GbEIhYfPNuysE0h6wsLcGIL4fDJG46SWAaL24YJtWzUxnvgOcFInmtUWvAh5XhzeAt9lLrVbZYnjInxcRxvjEXeHEebi7%2FQPwK7hT3Iehx5D0xcDz"}],"group":"cf-nel","max_age":604800}', 'NEL': '{"success_fraction":0,"report_to":"cf-nel","max_age":604800}', 'Server': 'cloudflare', 'CF-RAY': '895cebe63de02d10-IAD', 'alt-svc': 'h3=":443"; ma=86400'} 
 body={"results":[{"gender":"male","name":{"title":"Mr","first":"Christian","last":"Willis"},"location":{"street":{"number":9410,"name":"Queens Road"},"city":"Leeds","state":"Mid Glamorgan","country":"United Kingdom","postcode":"E7M 5SA","coordinates":{"latitude":"-6.0411","longitude":"-25.0320"},"timezone":{"offset":"-3:00","description":"Brazil, Buenos Aires, Georgetown"}},"email":"christian.willis@example.com","login":{"uuid":"2f5fa6ac-3d69-4a3e-8ef8-a8cd94434e89","username":"yellowlion692","password":"trip","salt":"m1xLOm4s","md5":"9019fbf94f297a7d45627b4e7a3cf79d","sha1":"5a0fd7a87e1cad0f2fe3d988f748ba07317eed8d","sha256":"f5269bb2b465fcc3def2e38dbdbfdb51d629216cbc31c2b2a54d0f9e0efb77ae"},"dob":{"date":"1975-04-06T06:31:45.153Z","age":49},"registered":{"date":"2018-05-30T04:54:18.184Z","age":6},"phone":"0111428 401 3343","cell":"07447 873518","id":{"name":"NINO","value":"GC 62 89 02 A"},"picture":{"large":"https://randomuser.me/api/portraits/men/84.jpg","medium":"https://randomuser.me/api/portraits/med/men/84.jpg","thumbnail":"https://randomuser.me/api/portraits/thumb/men/84.jpg"},"nat":"GB"}],"info":{"seed":"9b18025d9fe010e3","results":1,"page":1,"version":"1.4"}} 
 </msg>
<msg time="2024-06-18T17:15:27.114230" level="INFO">/opt/hostedtoolcache/Python/3.12.3/x64/lib/python3.12/site-packages/urllib3/connectionpool.py:1099: InsecureRequestWarning: Unverified HTTPS request is being made to host 'randomuser.me'. Adding certificate verification is strongly advised. See: https://urllib3.readthedocs.io/en/latest/advanced-usage.html#tls-warnings
  warnings.warn(</msg>
<msg time="2024-06-18T17:15:27.114325" level="INFO">${response} = &lt;Response [200]&gt;</msg>
<var>${response}</var>
<arg>consultarAPI</arg>
<arg>/api</arg>
<doc>Sends a GET request on a previously created HTTP Session.</doc>
<status status="PASS" start="2024-06-18T17:15:27.069486" elapsed="0.044867"/>
</kw>
<kw name="Set Variable" owner="BuiltIn">
<msg time="2024-06-18T17:15:27.115182" level="INFO">${json_data} = {'results': [{'gender': 'male', 'name': {'title': 'Mr', 'first': 'Christian', 'last': 'Willis'}, 'location': {'street': {'number': 9410, 'name': 'Queens Road'}, 'city': 'Leeds', 'state': 'Mid Glamorga...</msg>
<var>${json_data}</var>
<arg>${response.json()}</arg>
<doc>Returns the given values which can then be assigned to a variables.</doc>
<status status="PASS" start="2024-06-18T17:15:27.114747" elapsed="0.000463"/>
</kw>
<kw name="Log" owner="BuiltIn">
<msg time="2024-06-18T17:15:27.115663" level="INFO">{'results': [{'gender': 'male', 'name': {'title': 'Mr', 'first': 'Christian', 'last': 'Willis'}, 'location': {'street': {'number': 9410, 'name': 'Queens Road'}, 'city': 'Leeds', 'state': 'Mid Glamorgan', 'country': 'United Kingdom', 'postcode': 'E7M 5SA', 'coordinates': {'latitude': '-6.0411', 'longitude': '-25.0320'}, 'timezone': {'offset': '-3:00', 'description': 'Brazil, Buenos Aires, Georgetown'}}, 'email': 'christian.willis@example.com', 'login': {'uuid': '2f5fa6ac-3d69-4a3e-8ef8-a8cd94434e89', 'username': 'yellowlion692', 'password': 'trip', 'salt': 'm1xLOm4s', 'md5': '9019fbf94f297a7d45627b4e7a3cf79d', 'sha1': '5a0fd7a87e1cad0f2fe3d988f748ba07317eed8d', 'sha256': 'f5269bb2b465fcc3def2e38dbdbfdb51d629216cbc31c2b2a54d0f9e0efb77ae'}, 'dob': {'date': '1975-04-06T06:31:45.153Z', 'age': 49}, 'registered': {'date': '2018-05-30T04:54:18.184Z', 'age': 6}, 'phone': '0111428 401 3343', 'cell': '07447 873518', 'id': {'name': 'NINO', 'value': 'GC 62 89 02 A'}, 'picture': {'large': 'https://randomuser.me/api/portraits/men/84.jpg', 'medium': 'https://randomuser.me/api/portraits/med/men/84.jpg', 'thumbnail': 'https://randomuser.me/api/portraits/thumb/men/84.jpg'}, 'nat': 'GB'}], 'info': {'seed': '9b18025d9fe010e3', 'results': 1, 'page': 1, 'version': '1.4'}}</msg>
<arg>${json_data}</arg>
<doc>Logs the given message with the given level.</doc>
<status status="PASS" start="2024-06-18T17:15:27.115514" elapsed="0.000196"/>
</kw>
<kw name="Should Be String" owner="String">
<arg>${json_data['results'][0]['gender']}</arg>
<doc>Fails if the given ``item`` is not a string.</doc>
<status status="PASS" start="2024-06-18T17:15:27.115995" elapsed="0.000346"/>
</kw>
<kw name="Should Match Regexp" owner="BuiltIn">
<arg>${json_data['results'][0]['email']}</arg>
<arg>^[a-zA-Z0-9._%+-]+@[a-zA-Z0-9.-]+\.[a-zA-Z]{2,}$</arg>
<doc>Fails if ``string`` does not match ``pattern`` as a regular expression.</doc>
<status status="PASS" start="2024-06-18T17:15:27.116559" elapsed="0.000513"/>
</kw>
<kw name="Should Match Regexp" owner="BuiltIn">
<arg>${json_data['results'][0]['dob']['date']}</arg>
<arg>\\d{4}-\\d{2}-\\d{2}T\\d{2}:\\d{2}:\\d{2}\\.\\d{3}Z</arg>
<doc>Fails if ``string`` does not match ``pattern`` as a regular expression.</doc>
<status status="PASS" start="2024-06-18T17:15:27.117264" elapsed="0.000483"/>
</kw>
<kw name="Should Match Regexp" owner="BuiltIn">
<arg>${json_data['results'][0]['registered']['date']}</arg>
<arg>\\d{4}-\\d{2}-\\d{2}T\\d{2}:\\d{2}:\\d{2}\\.\\d{3}Z</arg>
<doc>Fails if ``string`` does not match ``pattern`` as a regular expression.</doc>
<status status="PASS" start="2024-06-18T17:15:27.117936" elapsed="0.000356"/>
</kw>
<kw name="Should Match Regexp" owner="BuiltIn">
<arg>${json_data['results'][0]['picture']['large']}</arg>
<arg>^https?://.*\.(?:png|jpe?g|gif|bmp)$</arg>
<doc>Fails if ``string`` does not match ``pattern`` as a regular expression.</doc>
<status status="PASS" start="2024-06-18T17:15:27.118520" elapsed="0.000476"/>
</kw>
<kw name="Should Match Regexp" owner="BuiltIn">
<arg>${json_data['results'][0]['picture']['medium']}</arg>
<arg>^https?://.*\.(?:png|jpe?g|gif|bmp)$</arg>
<doc>Fails if ``string`` does not match ``pattern`` as a regular expression.</doc>
<status status="PASS" start="2024-06-18T17:15:27.119199" elapsed="0.000352"/>
</kw>
<kw name="Should Match Regexp" owner="BuiltIn">
<arg>${json_data['results'][0]['picture']['thumbnail']}</arg>
<arg>^https?://.*\.(?:png|jpe?g|gif|bmp)$</arg>
<doc>Fails if ``string`` does not match ``pattern`` as a regular expression.</doc>
<status status="PASS" start="2024-06-18T17:15:27.119734" elapsed="0.000351"/>
</kw>
<kw name="Log" owner="BuiltIn">
<msg time="2024-06-18T17:15:27.120582" level="INFO">{'large': 'https://randomuser.me/api/portraits/men/84.jpg', 'medium': 'https://randomuser.me/api/portraits/med/men/84.jpg', 'thumbnail': 'https://randomuser.me/api/portraits/thumb/men/84.jpg'}</msg>
<arg>${json_data['results'][0]['picture']}</arg>
<doc>Logs the given message with the given level.</doc>
<status status="PASS" start="2024-06-18T17:15:27.120263" elapsed="0.000362"/>
</kw>
<status status="PASS" start="2024-06-18T17:15:27.069263" elapsed="0.051610"/>
</kw>
<kw name="Teste de Tipos de Dados - Postcode" owner="random-user-service">
<kw name="GET On Session" owner="RequestsLibrary">
<msg time="2024-06-18T17:15:27.228078" level="INFO">GET Request : url=https://randomuser.me/api 
 path_url=/api 
 headers={'User-Agent': 'python-requests/2.32.3', 'Accept-Encoding': 'gzip, deflate', 'Accept': '*/*', 'Connection': 'keep-alive'} 
 body=None 
 </msg>
<msg time="2024-06-18T17:15:27.228169" level="INFO">GET Response : url=https://randomuser.me/api 
 status=200, reason=OK 
 headers={'Date': 'Tue, 18 Jun 2024 17:15:27 GMT', 'Content-Type': 'application/json; charset=utf-8', 'Transfer-Encoding': 'chunked', 'Connection': 'keep-alive', 'X-Powered-By': 'Express', 'Access-Control-Allow-Origin': '*', 'Cache-Control': 'no-cache', 'ETag': 'W/"4ad-KvFQmcHbFG/1Ay+T9rqydWPpi4M"', 'Vary': 'Accept-Encoding', 'Content-Encoding': 'gzip', 'CF-Cache-Status': 'DYNAMIC', 'Report-To': '{"endpoints":[{"url":"https:\\/\\/a.nel.cloudflare.com\\/report\\/v4?s=iVYLm9oHT4zQReGMjVqxEt67MnLfBiNIpBJAR2009iSzPIJ%2B6Q6uwltNKh3VHCjvVF3cDAihooRCjEa2XS0fgA5zax4C71%2BqRkmdvrS4UeUjIO9DOnbaP2EqyaDx8I%2B7"}],"group":"cf-nel","max_age":604800}', 'NEL': '{"success_fraction":0,"report_to":"cf-nel","max_age":604800}', 'Server': 'cloudflare', 'CF-RAY': '895cebe68e562d10-IAD', 'alt-svc': 'h3=":443"; ma=86400'} 
 body={"results":[{"gender":"male","name":{"title":"Monsieur","first":"Andreas","last":"Lefevre"},"location":{"street":{"number":4835,"name":"Avenue de la République"},"city":"Rechthalten","state":"Neuchâtel","country":"Switzerland","postcode":8483,"coordinates":{"latitude":"-57.2450","longitude":"-129.5576"},"timezone":{"offset":"+8:00","description":"Beijing, Perth, Singapore, Hong Kong"}},"email":"andreas.lefevre@example.com","login":{"uuid":"08d70b70-a4c6-45e8-86a3-0c60d2a82fd3","username":"redduck135","password":"herman","salt":"OsVAu3Gs","md5":"0e5d879d5004835c19ff6be3dc7473f4","sha1":"4aa6aa2ad8fdb7259688a399cfc6a00a1099da67","sha256":"db5bc01153800587feb71760f399013cc3ed1d8eaa5484bc7157c2e2395d0837"},"dob":{"date":"1989-10-24T20:34:11.175Z","age":34},"registered":{"date":"2010-12-25T18:09:17.284Z","age":13},"phone":"075 651 98 21","cell":"077 406 06 78","id":{"name":"AVS","value":"756.1120.7738.39"},"picture":{"large":"https://randomuser.me/api/portraits/men/4.jpg","medium":"https://randomuser.me/api/portraits/med/men/4.jpg","thumbnail":"https://randomuser.me/api/portraits/thumb/men/4.jpg"},"nat":"CH"}],"info":{"seed":"0125dd5faf4d9697","results":1,"page":1,"version":"1.4"}} 
 </msg>
<msg time="2024-06-18T17:15:27.228263" level="INFO">/opt/hostedtoolcache/Python/3.12.3/x64/lib/python3.12/site-packages/urllib3/connectionpool.py:1099: InsecureRequestWarning: Unverified HTTPS request is being made to host 'randomuser.me'. Adding certificate verification is strongly advised. See: https://urllib3.readthedocs.io/en/latest/advanced-usage.html#tls-warnings
  warnings.warn(</msg>
<msg time="2024-06-18T17:15:27.228390" level="INFO">${response} = &lt;Response [200]&gt;</msg>
<var>${response}</var>
<arg>consultarAPI</arg>
<arg>/api</arg>
<doc>Sends a GET request on a previously created HTTP Session.</doc>
<status status="PASS" start="2024-06-18T17:15:27.121313" elapsed="0.107125"/>
</kw>
<kw name="Set Variable" owner="BuiltIn">
<msg time="2024-06-18T17:15:27.229340" level="INFO">${json_data} = {'results': [{'gender': 'male', 'name': {'title': 'Monsieur', 'first': 'Andreas', 'last': 'Lefevre'}, 'location': {'street': {'number': 4835, 'name': 'Avenue de la République'}, 'city': 'Rechthalten',...</msg>
<var>${json_data}</var>
<arg>${response.json()}</arg>
<doc>Returns the given values which can then be assigned to a variables.</doc>
<status status="PASS" start="2024-06-18T17:15:27.228867" elapsed="0.000503"/>
</kw>
<kw name="Log" owner="BuiltIn">
<msg time="2024-06-18T17:15:27.229852" level="INFO">{'results': [{'gender': 'male', 'name': {'title': 'Monsieur', 'first': 'Andreas', 'last': 'Lefevre'}, 'location': {'street': {'number': 4835, 'name': 'Avenue de la République'}, 'city': 'Rechthalten', 'state': 'Neuchâtel', 'country': 'Switzerland', 'postcode': 8483, 'coordinates': {'latitude': '-57.2450', 'longitude': '-129.5576'}, 'timezone': {'offset': '+8:00', 'description': 'Beijing, Perth, Singapore, Hong Kong'}}, 'email': 'andreas.lefevre@example.com', 'login': {'uuid': '08d70b70-a4c6-45e8-86a3-0c60d2a82fd3', 'username': 'redduck135', 'password': 'herman', 'salt': 'OsVAu3Gs', 'md5': '0e5d879d5004835c19ff6be3dc7473f4', 'sha1': '4aa6aa2ad8fdb7259688a399cfc6a00a1099da67', 'sha256': 'db5bc01153800587feb71760f399013cc3ed1d8eaa5484bc7157c2e2395d0837'}, 'dob': {'date': '1989-10-24T20:34:11.175Z', 'age': 34}, 'registered': {'date': '2010-12-25T18:09:17.284Z', 'age': 13}, 'phone': '075 651 98 21', 'cell': '077 406 06 78', 'id': {'name': 'AVS', 'value': '756.1120.7738.39'}, 'picture': {'large': 'https://randomuser.me/api/portraits/men/4.jpg', 'medium': 'https://randomuser.me/api/portraits/med/men/4.jpg', 'thumbnail': 'https://randomuser.me/api/portraits/thumb/men/4.jpg'}, 'nat': 'CH'}], 'info': {'seed': '0125dd5faf4d9697', 'results': 1, 'page': 1, 'version': '1.4'}}</msg>
<arg>${json_data}</arg>
<doc>Logs the given message with the given level.</doc>
<status status="PASS" start="2024-06-18T17:15:27.229688" elapsed="0.000214"/>
</kw>
<kw name="Should Be Equal As Numbers" owner="BuiltIn">
<arg>${json_data['results'][0]['location']['postcode']}</arg>
<arg>${json_data['results'][0]['location']['postcode']}</arg>
<doc>Fails if objects are unequal after converting them to real numbers.</doc>
<status status="PASS" start="2024-06-18T17:15:27.230201" elapsed="0.000674"/>
</kw>
<kw name="Log" owner="BuiltIn">
<msg time="2024-06-18T17:15:27.231451" level="INFO">8483</msg>
<arg>${json_data['results'][0]['location']['postcode']}</arg>
<doc>Logs the given message with the given level.</doc>
<status status="PASS" start="2024-06-18T17:15:27.231108" elapsed="0.000383"/>
</kw>
<status status="PASS" start="2024-06-18T17:15:27.121091" elapsed="0.110654"/>
</kw>
<doc>Testa se os tipos de dados na resposta da API estão corretos.</doc>
<tag>testeTiposDados</tag>
<status status="PASS" start="2024-06-18T17:15:27.068825" elapsed="0.163115"/>
</test>
<test id="s1-s1-t5" name="Validar conteudo" line="35">
<kw name="Teste de Tipos de Conteudo" owner="random-user-service">
<kw name="GET On Session" owner="RequestsLibrary">
<msg time="2024-06-18T17:15:27.307048" level="INFO">GET Request : url=https://randomuser.me/api 
 path_url=/api 
 headers={'User-Agent': 'python-requests/2.32.3', 'Accept-Encoding': 'gzip, deflate', 'Accept': '*/*', 'Connection': 'keep-alive'} 
 body=None 
 </msg>
<msg time="2024-06-18T17:15:27.307130" level="INFO">GET Response : url=https://randomuser.me/api 
 status=200, reason=OK 
 headers={'Date': 'Tue, 18 Jun 2024 17:15:27 GMT', 'Content-Type': 'application/json; charset=utf-8', 'Transfer-Encoding': 'chunked', 'Connection': 'keep-alive', 'X-Powered-By': 'Express', 'Access-Control-Allow-Origin': '*', 'Cache-Control': 'no-cache', 'ETag': 'W/"494-TrC0XhAw0/1uLFFDVegKl5ALFI0"', 'Vary': 'Accept-Encoding', 'Content-Encoding': 'gzip', 'CF-Cache-Status': 'DYNAMIC', 'Report-To': '{"endpoints":[{"url":"https:\\/\\/a.nel.cloudflare.com\\/report\\/v4?s=SiLkoq3%2FLrCqBiSNhkpZUmErwhcuAIXOts94%2F%2BlZAd6IzoH9mPD07zdkuw7ux%2FSmGI0VVAKlYlMLS42W8b%2Fyyvx1ijd%2BEkZG2W5Ig4bELx76PtsAWMNRE19fi9vAH71B"}],"group":"cf-nel","max_age":604800}', 'NEL': '{"success_fraction":0,"report_to":"cf-nel","max_age":604800}', 'Server': 'cloudflare', 'CF-RAY': '895cebe73f4c2d10-IAD', 'alt-svc': 'h3=":443"; ma=86400'} 
 body={"results":[{"gender":"female","name":{"title":"Miss","first":"Darlene","last":"Jacobs"},"location":{"street":{"number":7012,"name":"Cherry St"},"city":"Tweed","state":"South Australia","country":"Australia","postcode":3798,"coordinates":{"latitude":"-84.7160","longitude":"76.3064"},"timezone":{"offset":"+4:00","description":"Abu Dhabi, Muscat, Baku, Tbilisi"}},"email":"darlene.jacobs@example.com","login":{"uuid":"372ab1e8-36f8-4f50-a339-97431a5a5b02","username":"organicmeercat502","password":"civic","salt":"y9H9udAp","md5":"7c7cf25dc3fee5efc76b538a9452b1ac","sha1":"8ca0b0d6c6b12cad407ebe3d45b4084d18262000","sha256":"b469c01941df5d446d83f5bf800f36bc67982d609785fe28f0ab43a195923803"},"dob":{"date":"1960-08-23T00:24:35.728Z","age":63},"registered":{"date":"2006-03-29T05:57:26.298Z","age":18},"phone":"06-3636-0126","cell":"0487-040-976","id":{"name":"TFN","value":"657440482"},"picture":{"large":"https://randomuser.me/api/portraits/women/8.jpg","medium":"https://randomuser.me/api/portraits/med/women/8.jpg","thumbnail":"https://randomuser.me/api/portraits/thumb/women/8.jpg"},"nat":"AU"}],"info":{"seed":"de294f5e9964f235","results":1,"page":1,"version":"1.4"}} 
 </msg>
<msg time="2024-06-18T17:15:27.307200" level="INFO">/opt/hostedtoolcache/Python/3.12.3/x64/lib/python3.12/site-packages/urllib3/connectionpool.py:1099: InsecureRequestWarning: Unverified HTTPS request is being made to host 'randomuser.me'. Adding certificate verification is strongly advised. See: https://urllib3.readthedocs.io/en/latest/advanced-usage.html#tls-warnings
  warnings.warn(</msg>
<msg time="2024-06-18T17:15:27.307307" level="INFO">${response} = &lt;Response [200]&gt;</msg>
<var>${response}</var>
<arg>consultarAPI</arg>
<arg>/api</arg>
<doc>Sends a GET request on a previously created HTTP Session.</doc>
<status status="PASS" start="2024-06-18T17:15:27.234357" elapsed="0.072988"/>
</kw>
<kw name="Set Variable" owner="BuiltIn">
<msg time="2024-06-18T17:15:27.308267" level="INFO">${json_data} = {'results': [{'gender': 'female', 'name': {'title': 'Miss', 'first': 'Darlene', 'last': 'Jacobs'}, 'location': {'street': {'number': 7012, 'name': 'Cherry St'}, 'city': 'Tweed', 'state': 'South Austra...</msg>
<var>${json_data}</var>
<arg>${response.json()}</arg>
<doc>Returns the given values which can then be assigned to a variables.</doc>
<status status="PASS" start="2024-06-18T17:15:27.307807" elapsed="0.000488"/>
</kw>
<kw name="Set Variable" owner="BuiltIn">
<msg time="2024-06-18T17:15:27.308975" level="INFO">${name_title} = Miss</msg>
<var>${name_title}</var>
<arg>${json_data["results"][0]["name"]["title"]}</arg>
<doc>Returns the given values which can then be assigned to a variables.</doc>
<status status="PASS" start="2024-06-18T17:15:27.308600" elapsed="0.000400"/>
</kw>
<kw name="Create List" owner="BuiltIn">
<msg time="2024-06-18T17:15:27.309446" level="INFO">${allowed_titles} = ['Mr', 'Ms', 'Miss', 'Mrs', 'Madame', 'Monsieur']</msg>
<var>${allowed_titles}</var>
<arg>Mr</arg>
<arg>Ms</arg>
<arg>Miss</arg>
<arg>Mrs</arg>
<arg>Madame</arg>
<arg>Monsieur</arg>
<doc>Returns a list containing given items.</doc>
<status status="PASS" start="2024-06-18T17:15:27.309300" elapsed="0.000170"/>
</kw>
<kw name="List Should Contain Value" owner="Collections">
<arg>${allowed_titles}</arg>
<arg>${name_title}</arg>
<doc>Fails if the ``value`` is not found from ``list``.</doc>
<status status="PASS" start="2024-06-18T17:15:27.309767" elapsed="0.000176"/>
</kw>
<kw name="Set Variable" owner="BuiltIn">
<msg time="2024-06-18T17:15:27.310526" level="INFO">${name_country} = AU</msg>
<var>${name_country}</var>
<arg>${json_data["results"][0]["nat"]}</arg>
<doc>Returns the given values which can then be assigned to a variables.</doc>
<status status="PASS" start="2024-06-18T17:15:27.310120" elapsed="0.000440"/>
</kw>
<kw name="Create List" owner="BuiltIn">
<msg time="2024-06-18T17:15:27.311453" level="INFO">${list_country} = ['AD', 'AE', 'AF', 'AG', 'AI', 'AL', 'AM', 'AO', 'AQ', 'AR', 'AS', 'AT', 'AU', 'AW', 'AX', 'AZ', 'BA', 'BB', 'BD', 'BE', 'BF', 'BG', 'BH', 'BI', 'BJ', 'BL', 'BM', 'BN', 'BO', 'BQ', 'BR', 'BS', 'BT', '...</msg>
<var>${list_country}</var>
<arg>AD</arg>
<arg>AE</arg>
<arg>AF</arg>
<arg>AG</arg>
<arg>AI</arg>
<arg>AL</arg>
<arg>AM</arg>
<arg>AO</arg>
<arg>AQ</arg>
<arg>AR</arg>
<arg>AS</arg>
<arg>AT</arg>
<arg>AU</arg>
<arg>AW</arg>
<arg>AX</arg>
<arg>AZ</arg>
<arg>BA</arg>
<arg>BB</arg>
<arg>BD</arg>
<arg>BE</arg>
<arg>BF</arg>
<arg>BG</arg>
<arg>BH</arg>
<arg>BI</arg>
<arg>BJ</arg>
<arg>BL</arg>
<arg>BM</arg>
<arg>BN</arg>
<arg>BO</arg>
<arg>BQ</arg>
<arg>BR</arg>
<arg>BS</arg>
<arg>BT</arg>
<arg>BV</arg>
<arg>BW</arg>
<arg>BY</arg>
<arg>BZ</arg>
<arg>CA</arg>
<arg>CC</arg>
<arg>CD</arg>
<arg>CF</arg>
<arg>CG</arg>
<arg>CH</arg>
<arg>CI</arg>
<arg>CK</arg>
<arg>CL</arg>
<arg>CM</arg>
<arg>CN</arg>
<arg>CO</arg>
<arg>CR</arg>
<arg>CU</arg>
<arg>CV</arg>
<arg>CW</arg>
<arg>CX</arg>
<arg>CY</arg>
<arg>CZ</arg>
<arg>DE</arg>
<arg>DJ</arg>
<arg>DK</arg>
<arg>DM</arg>
<arg>DO</arg>
<arg>DZ</arg>
<arg>EC</arg>
<arg>EE</arg>
<arg>EG</arg>
<arg>EH</arg>
<arg>ER</arg>
<arg>ES</arg>
<arg>ET</arg>
<arg>FI</arg>
<arg>FJ</arg>
<arg>FK</arg>
<arg>FM</arg>
<arg>FO</arg>
<arg>FR</arg>
<arg>GA</arg>
<arg>GB</arg>
<arg>GD</arg>
<arg>GE</arg>
<arg>GF</arg>
<arg>GG</arg>
<arg>GH</arg>
<arg>GI</arg>
<arg>GL</arg>
<arg>GM</arg>
<arg>GN</arg>
<arg>GP</arg>
<arg>GQ</arg>
<arg>GR</arg>
<arg>GS</arg>
<arg>GT</arg>
<arg>GU</arg>
<arg>GW</arg>
<arg>GY</arg>
<arg>HK</arg>
<arg>HM</arg>
<arg>HN</arg>
<arg>HR</arg>
<arg>HT</arg>
<arg>HU</arg>
<arg>ID</arg>
<arg>IE</arg>
<arg>IL</arg>
<arg>IM</arg>
<arg>IN</arg>
<arg>IO</arg>
<arg>IQ</arg>
<arg>IR</arg>
<arg>IS</arg>
<arg>IT</arg>
<arg>JE</arg>
<arg>JM</arg>
<arg>JO</arg>
<arg>JP</arg>
<arg>KE</arg>
<arg>KG</arg>
<arg>KH</arg>
<arg>KI</arg>
<arg>KM</arg>
<arg>KN</arg>
<arg>KP</arg>
<arg>KR</arg>
<arg>KW</arg>
<arg>KY</arg>
<arg>KZ</arg>
<arg>LA</arg>
<arg>LB</arg>
<arg>LC</arg>
<arg>LI</arg>
<arg>LK</arg>
<arg>LR</arg>
<arg>LS</arg>
<arg>LT</arg>
<arg>LU</arg>
<arg>LV</arg>
<arg>LY</arg>
<arg>MA</arg>
<arg>MC</arg>
<arg>MD</arg>
<arg>ME</arg>
<arg>MF</arg>
<arg>MG</arg>
<arg>MH</arg>
<arg>MK</arg>
<arg>ML</arg>
<arg>MM</arg>
<arg>MN</arg>
<arg>MO</arg>
<arg>MP</arg>
<arg>MQ</arg>
<arg>MR</arg>
<arg>MS</arg>
<arg>MT</arg>
<arg>MU</arg>
<arg>MV</arg>
<arg>MW</arg>
<arg>MX</arg>
<arg>MY</arg>
<arg>MZ</arg>
<arg>NA</arg>
<arg>NC</arg>
<arg>NE</arg>
<arg>NF</arg>
<arg>NG</arg>
<arg>NI</arg>
<arg>NL</arg>
<arg>NO</arg>
<arg>NP</arg>
<arg>NR</arg>
<arg>NU</arg>
<arg>NZ</arg>
<arg>OM</arg>
<arg>PA</arg>
<arg>PE</arg>
<arg>PF</arg>
<arg>PG</arg>
<arg>PH</arg>
<arg>PK</arg>
<arg>PL</arg>
<arg>PM</arg>
<arg>PN</arg>
<arg>PR</arg>
<arg>PS</arg>
<arg>PT</arg>
<arg>PW</arg>
<arg>PY</arg>
<arg>QA</arg>
<arg>RE</arg>
<arg>RO</arg>
<arg>RS</arg>
<arg>RU</arg>
<arg>RW</arg>
<arg>SA</arg>
<arg>SB</arg>
<arg>SC</arg>
<arg>SD</arg>
<arg>SE</arg>
<arg>SG</arg>
<arg>SH</arg>
<arg>SI</arg>
<arg>SJ</arg>
<arg>SK</arg>
<arg>SL</arg>
<arg>SM</arg>
<arg>SN</arg>
<arg>SO</arg>
<arg>SR</arg>
<arg>SS</arg>
<arg>ST</arg>
<arg>SV</arg>
<arg>SX</arg>
<arg>SY</arg>
<arg>SZ</arg>
<arg>TC</arg>
<arg>TD</arg>
<arg>TF</arg>
<arg>TG</arg>
<arg>TH</arg>
<arg>TJ</arg>
<arg>TK</arg>
<arg>TL</arg>
<arg>TM</arg>
<arg>TN</arg>
<arg>TO</arg>
<arg>TR</arg>
<arg>TT</arg>
<arg>TV</arg>
<arg>TW</arg>
<arg>TZ</arg>
<arg>UA</arg>
<arg>UG</arg>
<arg>UM</arg>
<arg>US</arg>
<arg>UY</arg>
<arg>UZ</arg>
<arg>VA</arg>
<arg>VC</arg>
<arg>VE</arg>
<arg>VG</arg>
<arg>VI</arg>
<arg>VN</arg>
<arg>VU</arg>
<arg>WF</arg>
<arg>WS</arg>
<arg>XK</arg>
<arg>YE</arg>
<arg>YT</arg>
<arg>ZA</arg>
<arg>ZM</arg>
<arg>ZW</arg>
<doc>Returns a list containing given items.</doc>
<status status="PASS" start="2024-06-18T17:15:27.310854" elapsed="0.000624"/>
</kw>
<kw name="List Should Contain Value" owner="Collections">
<arg>${list_country}</arg>
<arg>${name_country}</arg>
<doc>Fails if the ``value`` is not found from ``list``.</doc>
<status status="PASS" start="2024-06-18T17:15:27.312270" elapsed="0.000204"/>
</kw>
<kw name="Run Keyword If" owner="BuiltIn">
<kw name="Should Be True" owner="BuiltIn">
<arg>${True}</arg>
<doc>Fails if the given condition is not true.</doc>
<status status="PASS" start="2024-06-18T17:15:27.313526" elapsed="0.000141"/>
</kw>
<arg>${json_data["results"][0]["location"]["coordinates"]["latitude"]} &gt;= -90 and ${json_data["results"][0]["location"]["coordinates"]["latitude"]} &lt;= 90</arg>
<arg>Should Be True</arg>
<arg>${True}</arg>
<doc>Runs the given keyword with the given arguments, if ``condition`` is true.</doc>
<status status="PASS" start="2024-06-18T17:15:27.312673" elapsed="0.001120"/>
</kw>
<kw name="Run Keyword If" owner="BuiltIn">
<kw name="Should Be True" owner="BuiltIn">
<arg>${True}</arg>
<doc>Fails if the given condition is not true.</doc>
<status status="PASS" start="2024-06-18T17:15:27.314684" elapsed="0.000139"/>
</kw>
<arg>${json_data["results"][0]["location"]["coordinates"]["longitude"]} &gt;= -180 and ${json_data["results"][0]["location"]["coordinates"]["longitude"]} &lt;= 180</arg>
<arg>Should Be True</arg>
<arg>${True}</arg>
<doc>Runs the given keyword with the given arguments, if ``condition`` is true.</doc>
<status status="PASS" start="2024-06-18T17:15:27.313977" elapsed="0.000969"/>
</kw>
<status status="PASS" start="2024-06-18T17:15:27.234133" elapsed="0.080942"/>
</kw>
<doc>Testa o conteúdo específico dos campos retornados pela API.</doc>
<tag>testeConteudo</tag>
<status status="PASS" start="2024-06-18T17:15:27.233705" elapsed="0.081515"/>
</test>
<status status="PASS" start="2024-06-18T17:15:26.390057" elapsed="0.927120"/>
</suite>
<status status="PASS" start="2024-06-18T17:15:26.376504" elapsed="0.945655"/>
</suite>
<statistics>
<total>
<stat pass="5" fail="0" skip="0">All Tests</stat>
</total>
<tag>
<stat pass="1" fail="0" skip="0">testeConteudo</stat>
<stat pass="1" fail="0" skip="0">testeEstruturaResposta</stat>
<stat pass="1" fail="0" skip="0">testeRequisicaoBasica</stat>
<stat pass="1" fail="0" skip="0">testeTiposDados</stat>
</tag>
<suite>
<stat pass="5" fail="0" skip="0" id="s1" name="Tests">Tests</stat>
<stat pass="5" fail="0" skip="0" id="s1-s1" name="Random-User-Test">Tests.Random-User-Test</stat>
</suite>
</statistics>
<errors>
</errors>
</robot>
