<?xml version="1.0" encoding="UTF-8"?>
<robot generator="Robot 7.0.1 (Python 3.12.4 on linux)" generated="2024-07-06T05:14:23.058224" rpa="false" schemaversion="5">
<suite id="s1" name="Tests" source="/home/runner/work/ApiRandomUser/ApiRandomUser/RamdonUser/tests">
<suite id="s1-s1" name="Random-User-Test" source="/home/runner/work/ApiRandomUser/ApiRandomUser/RamdonUser/tests/random-user-test.robot">
<test id="s1-s1-t1" name="Conectar" line="13">
<kw name="Conectar API" owner="random-user-service">
<kw name="Create Session" owner="RequestsLibrary">
<msg time="2024-07-06T05:14:23.470072" level="INFO">Creating Session using : alias=consultarAPI, url=https://randomuser.me/, headers={},                     cookies={}, auth=None, timeout=None, proxies=None, verify=False,                     debug=0 </msg>
<arg>consultarAPI</arg>
<arg>${URL}</arg>
<doc>Create Session: create a HTTP session to a server</doc>
<status status="PASS" start="2024-07-06T05:14:23.469873" elapsed="0.000377"/>
</kw>
<status status="PASS" start="2024-07-06T05:14:23.468901" elapsed="0.001709"/>
</kw>
<status status="PASS" start="2024-07-06T05:14:23.468355" elapsed="0.002456"/>
</test>
<test id="s1-s1-t2" name="Validar retorno 200 e JSON Válido" line="16">
<kw name="Teste de Requisicao Basica" owner="random-user-service">
<kw name="GET On Session" owner="RequestsLibrary">
<msg time="2024-07-06T05:14:23.751293" level="INFO">GET Request : url=https://randomuser.me/api 
 path_url=/api 
 headers={'User-Agent': 'python-requests/2.32.3', 'Accept-Encoding': 'gzip, deflate', 'Accept': '*/*', 'Connection': 'keep-alive'} 
 body=None 
 </msg>
<msg time="2024-07-06T05:14:23.751467" level="INFO">GET Response : url=https://randomuser.me/api 
 status=200, reason=OK 
 headers={'Date': 'Sat, 06 Jul 2024 05:14:23 GMT', 'Content-Type': 'application/json; charset=utf-8', 'Transfer-Encoding': 'chunked', 'Connection': 'keep-alive', 'X-Powered-By': 'Express', 'Access-Control-Allow-Origin': '*', 'Cache-Control': 'no-cache', 'ETag': 'W/"48b-X5U8uSklieOPghtLjK9UexdCT3s"', 'Vary': 'Accept-Encoding', 'Content-Encoding': 'gzip', 'CF-Cache-Status': 'DYNAMIC', 'Report-To': '{"endpoints":[{"url":"https:\\/\\/a.nel.cloudflare.com\\/report\\/v4?s=sO9meRdXfTQCnZdkoh%2FMe1EhmtcEahd9GV7ipQF9F1V63z3ZbPOcLhjBXnUgtW6jF%2BjufrhnaB%2FnrPeA%2Bt%2FMmA%2BvBF6iEyHW2NjaIRoh9xox41%2FTbo5Riq%2FGqkt2onh7"}],"group":"cf-nel","max_age":604800}', 'NEL': '{"success_fraction":0,"report_to":"cf-nel","max_age":604800}', 'Server': 'cloudflare', 'CF-RAY': '89ed1c69ce3a17e0-SJC', 'alt-svc': 'h3=":443"; ma=86400'} 
 body={"results":[{"gender":"male","name":{"title":"Mr","first":"Joseph","last":"Ferguson"},"location":{"street":{"number":7028,"name":"Albert Road"},"city":"Winchester","state":"Somerset","country":"United Kingdom","postcode":"NI44 7FQ","coordinates":{"latitude":"-6.4524","longitude":"-95.3936"},"timezone":{"offset":"-3:30","description":"Newfoundland"}},"email":"joseph.ferguson@example.com","login":{"uuid":"835b0fc3-a94a-4396-bdc7-6c0332e4f6a3","username":"silverkoala467","password":"stiletto","salt":"PMqPmJzB","md5":"912335d08ee406effafdc3d9ea322404","sha1":"655f0d133a4d405e6bde54ba05a0061900829f36","sha256":"aff6e1852623c2fd25b86e18111667c51dbce459a1ec5f793690e7c9a1d82858"},"dob":{"date":"1989-11-20T21:20:06.256Z","age":34},"registered":{"date":"2003-04-25T04:07:03.912Z","age":21},"phone":"019467 40511","cell":"07020 379690","id":{"name":"NINO","value":"MP 54 93 82 S"},"picture":{"large":"https://randomuser.me/api/portraits/men/20.jpg","medium":"https://randomuser.me/api/portraits/med/men/20.jpg","thumbnail":"https://randomuser.me/api/portraits/thumb/men/20.jpg"},"nat":"GB"}],"info":{"seed":"e0c3bcf20cc0c8cb","results":1,"page":1,"version":"1.4"}} 
 </msg>
<msg time="2024-07-06T05:14:23.751551" level="INFO">/opt/hostedtoolcache/Python/3.12.4/x64/lib/python3.12/site-packages/urllib3/connectionpool.py:1099: InsecureRequestWarning: Unverified HTTPS request is being made to host 'randomuser.me'. Adding certificate verification is strongly advised. See: https://urllib3.readthedocs.io/en/latest/advanced-usage.html#tls-warnings
  warnings.warn(</msg>
<msg time="2024-07-06T05:14:23.751796" level="INFO">${response} = &lt;Response [200]&gt;</msg>
<var>${response}</var>
<arg>consultarAPI</arg>
<arg>/api</arg>
<doc>Sends a GET request on a previously created HTTP Session.</doc>
<status status="PASS" start="2024-07-06T05:14:23.473430" elapsed="0.278404"/>
</kw>
<kw name="Should Be Equal As Numbers" owner="BuiltIn">
<msg time="2024-07-06T05:14:23.752819" level="INFO">Argument types are:
&lt;class 'int'&gt;
&lt;class 'str'&gt;</msg>
<arg>${response.status_code}</arg>
<arg>200</arg>
<doc>Fails if objects are unequal after converting them to real numbers.</doc>
<status status="PASS" start="2024-07-06T05:14:23.752345" elapsed="0.000544"/>
</kw>
<kw name="Log" owner="BuiltIn">
<msg time="2024-07-06T05:14:23.753609" level="INFO">200</msg>
<arg>${response.status_code}</arg>
<doc>Logs the given message with the given level.</doc>
<status status="PASS" start="2024-07-06T05:14:23.753239" elapsed="0.000416"/>
</kw>
<kw name="Set Variable" owner="BuiltIn">
<msg time="2024-07-06T05:14:23.754426" level="INFO">${json_data} = {'results': [{'gender': 'male', 'name': {'title': 'Mr', 'first': 'Joseph', 'last': 'Ferguson'}, 'location': {'street': {'number': 7028, 'name': 'Albert Road'}, 'city': 'Winchester', 'state': 'Somerset...</msg>
<var>${json_data}</var>
<arg>${response.json()}</arg>
<doc>Returns the given values which can then be assigned to a variables.</doc>
<status status="PASS" start="2024-07-06T05:14:23.753975" elapsed="0.000481"/>
</kw>
<kw name="Dictionary Should Contain Key" owner="Collections">
<arg>${json_data}</arg>
<arg>results</arg>
<doc>Fails if ``key`` is not found from ``dictionary``.</doc>
<status status="PASS" start="2024-07-06T05:14:23.754762" elapsed="0.000169"/>
</kw>
<status status="PASS" start="2024-07-06T05:14:23.473179" elapsed="0.281966"/>
</kw>
<doc>Testa se a API responde corretamente e retorna um objeto JSON válido.</doc>
<tag>testeRequisicaoBasica</tag>
<status status="PASS" start="2024-07-06T05:14:23.472710" elapsed="0.282624"/>
</test>
<test id="s1-s1-t3" name="Validar estrutura de resposta" line="22">
<kw name="Teste de Estrutura de Resposta" owner="random-user-service">
<kw name="GET On Session" owner="RequestsLibrary">
<msg time="2024-07-06T05:14:23.854969" level="INFO">GET Request : url=https://randomuser.me/api 
 path_url=/api 
 headers={'User-Agent': 'python-requests/2.32.3', 'Accept-Encoding': 'gzip, deflate', 'Accept': '*/*', 'Connection': 'keep-alive'} 
 body=None 
 </msg>
<msg time="2024-07-06T05:14:23.855096" level="INFO">GET Response : url=https://randomuser.me/api 
 status=200, reason=OK 
 headers={'Date': 'Sat, 06 Jul 2024 05:14:23 GMT', 'Content-Type': 'application/json; charset=utf-8', 'Transfer-Encoding': 'chunked', 'Connection': 'keep-alive', 'X-Powered-By': 'Express', 'Access-Control-Allow-Origin': '*', 'Cache-Control': 'no-cache', 'ETag': 'W/"4a0-QVB64q2ibCvN629mYQ3R2kUmSBU"', 'Vary': 'Accept-Encoding', 'Content-Encoding': 'gzip', 'CF-Cache-Status': 'DYNAMIC', 'Report-To': '{"endpoints":[{"url":"https:\\/\\/a.nel.cloudflare.com\\/report\\/v4?s=8Ejg735u3n10jBxVi0o1eNSj19Q%2FPCL6HwYIabIi24xV1wUp1DpXXEz2n0na47zEXxJgbj9pXNJwiJAiW6SpnJ5FCESLrkZtanefj76L9FRlYcihmQsxpOGxnxZRj%2Bpd"}],"group":"cf-nel","max_age":604800}', 'NEL': '{"success_fraction":0,"report_to":"cf-nel","max_age":604800}', 'Server': 'cloudflare', 'CF-RAY': '89ed1c6a8efd17e0-SJC', 'alt-svc': 'h3=":443"; ma=86400'} 
 body={"results":[{"gender":"female","name":{"title":"Mrs","first":"Yasmien","last":"Bijvank"},"location":{"street":{"number":9439,"name":"Hobrederweg"},"city":"Rijswijk","state":"Noord-Holland","country":"Netherlands","postcode":"4281 TF","coordinates":{"latitude":"32.2974","longitude":"134.0278"},"timezone":{"offset":"-3:00","description":"Brazil, Buenos Aires, Georgetown"}},"email":"yasmien.bijvank@example.com","login":{"uuid":"f095fbba-7534-4349-b1e1-c600ad2cf4fd","username":"bigpeacock453","password":"tarpon","salt":"wmsmqJRg","md5":"3e2795e726b34a79d8186fdee8caa022","sha1":"df9d8b975c7accdd97936779f227d041754a8804","sha256":"87460b9c52ebb520ab3768687e5f0cda67d770f42b055b6a1709f2aff762497f"},"dob":{"date":"1945-05-29T21:42:06.757Z","age":79},"registered":{"date":"2002-04-11T01:42:01.476Z","age":22},"phone":"(081) 7929800","cell":"(06) 61547830","id":{"name":"BSN","value":"07146767"},"picture":{"large":"https://randomuser.me/api/portraits/women/66.jpg","medium":"https://randomuser.me/api/portraits/med/women/66.jpg","thumbnail":"https://randomuser.me/api/portraits/thumb/women/66.jpg"},"nat":"NL"}],"info":{"seed":"aad0984e9a211c09","results":1,"page":1,"version":"1.4"}} 
 </msg>
<msg time="2024-07-06T05:14:23.855226" level="INFO">/opt/hostedtoolcache/Python/3.12.4/x64/lib/python3.12/site-packages/urllib3/connectionpool.py:1099: InsecureRequestWarning: Unverified HTTPS request is being made to host 'randomuser.me'. Adding certificate verification is strongly advised. See: https://urllib3.readthedocs.io/en/latest/advanced-usage.html#tls-warnings
  warnings.warn(</msg>
<msg time="2024-07-06T05:14:23.855346" level="INFO">${response} = &lt;Response [200]&gt;</msg>
<var>${response}</var>
<arg>consultarAPI</arg>
<arg>/api</arg>
<doc>Sends a GET request on a previously created HTTP Session.</doc>
<status status="PASS" start="2024-07-06T05:14:23.758423" elapsed="0.096969"/>
</kw>
<kw name="Set Variable" owner="BuiltIn">
<msg time="2024-07-06T05:14:23.856287" level="INFO">${json_data} = {'results': [{'gender': 'female', 'name': {'title': 'Mrs', 'first': 'Yasmien', 'last': 'Bijvank'}, 'location': {'street': {'number': 9439, 'name': 'Hobrederweg'}, 'city': 'Rijswijk', 'state': 'Noord-H...</msg>
<var>${json_data}</var>
<arg>${response.json()}</arg>
<doc>Returns the given values which can then be assigned to a variables.</doc>
<status status="PASS" start="2024-07-06T05:14:23.855828" elapsed="0.000489"/>
</kw>
<kw name="Log" owner="BuiltIn">
<msg time="2024-07-06T05:14:23.856812" level="INFO">{'results': [{'gender': 'female', 'name': {'title': 'Mrs', 'first': 'Yasmien', 'last': 'Bijvank'}, 'location': {'street': {'number': 9439, 'name': 'Hobrederweg'}, 'city': 'Rijswijk', 'state': 'Noord-Holland', 'country': 'Netherlands', 'postcode': '4281 TF', 'coordinates': {'latitude': '32.2974', 'longitude': '134.0278'}, 'timezone': {'offset': '-3:00', 'description': 'Brazil, Buenos Aires, Georgetown'}}, 'email': 'yasmien.bijvank@example.com', 'login': {'uuid': 'f095fbba-7534-4349-b1e1-c600ad2cf4fd', 'username': 'bigpeacock453', 'password': 'tarpon', 'salt': 'wmsmqJRg', 'md5': '3e2795e726b34a79d8186fdee8caa022', 'sha1': 'df9d8b975c7accdd97936779f227d041754a8804', 'sha256': '87460b9c52ebb520ab3768687e5f0cda67d770f42b055b6a1709f2aff762497f'}, 'dob': {'date': '1945-05-29T21:42:06.757Z', 'age': 79}, 'registered': {'date': '2002-04-11T01:42:01.476Z', 'age': 22}, 'phone': '(081) 7929800', 'cell': '(06) 61547830', 'id': {'name': 'BSN', 'value': '07146767'}, 'picture': {'large': 'https://randomuser.me/api/portraits/women/66.jpg', 'medium': 'https://randomuser.me/api/portraits/med/women/66.jpg', 'thumbnail': 'https://randomuser.me/api/portraits/thumb/women/66.jpg'}, 'nat': 'NL'}], 'info': {'seed': 'aad0984e9a211c09', 'results': 1, 'page': 1, 'version': '1.4'}}</msg>
<arg>${json_data}</arg>
<doc>Logs the given message with the given level.</doc>
<status status="PASS" start="2024-07-06T05:14:23.856652" elapsed="0.000211"/>
</kw>
<kw name="Dictionary Should Contain Key" owner="Collections">
<arg>${json_data}</arg>
<arg>results</arg>
<doc>Fails if ``key`` is not found from ``dictionary``.</doc>
<status status="PASS" start="2024-07-06T05:14:23.857166" elapsed="0.000160"/>
</kw>
<kw name="Should Not Be Empty" owner="BuiltIn">
<msg time="2024-07-06T05:14:23.857652" level="INFO">Length is 2.</msg>
<arg>${json_data}</arg>
<doc>Verifies that the given item is not empty.</doc>
<status status="PASS" start="2024-07-06T05:14:23.857513" elapsed="0.000180"/>
</kw>
<kw name="Create List" owner="BuiltIn">
<msg time="2024-07-06T05:14:23.858304" level="INFO">${expected_keys} = ['gender', 'name', 'location', 'email', 'login']</msg>
<var>${expected_keys}</var>
<arg>gender</arg>
<arg>name</arg>
<arg>location</arg>
<arg>email</arg>
<arg>login</arg>
<doc>Returns a list containing given items.</doc>
<status status="PASS" start="2024-07-06T05:14:23.857994" elapsed="0.000335"/>
</kw>
<for flavor="IN">
<iter>
<kw name="Dictionary Should Contain Key" owner="Collections">
<arg>${json_data['results'][0]}</arg>
<arg>${key}</arg>
<doc>Fails if ``key`` is not found from ``dictionary``.</doc>
<status status="PASS" start="2024-07-06T05:14:23.858917" elapsed="0.000437"/>
</kw>
<kw name="Log" owner="BuiltIn">
<msg time="2024-07-06T05:14:23.859913" level="INFO">{'gender': 'female', 'name': {'title': 'Mrs', 'first': 'Yasmien', 'last': 'Bijvank'}, 'location': {'street': {'number': 9439, 'name': 'Hobrederweg'}, 'city': 'Rijswijk', 'state': 'Noord-Holland', 'country': 'Netherlands', 'postcode': '4281 TF', 'coordinates': {'latitude': '32.2974', 'longitude': '134.0278'}, 'timezone': {'offset': '-3:00', 'description': 'Brazil, Buenos Aires, Georgetown'}}, 'email': 'yasmien.bijvank@example.com', 'login': {'uuid': 'f095fbba-7534-4349-b1e1-c600ad2cf4fd', 'username': 'bigpeacock453', 'password': 'tarpon', 'salt': 'wmsmqJRg', 'md5': '3e2795e726b34a79d8186fdee8caa022', 'sha1': 'df9d8b975c7accdd97936779f227d041754a8804', 'sha256': '87460b9c52ebb520ab3768687e5f0cda67d770f42b055b6a1709f2aff762497f'}, 'dob': {'date': '1945-05-29T21:42:06.757Z', 'age': 79}, 'registered': {'date': '2002-04-11T01:42:01.476Z', 'age': 22}, 'phone': '(081) 7929800', 'cell': '(06) 61547830', 'id': {'name': 'BSN', 'value': '07146767'}, 'picture': {'large': 'https://randomuser.me/api/portraits/women/66.jpg', 'medium': 'https://randomuser.me/api/portraits/med/women/66.jpg', 'thumbnail': 'https://randomuser.me/api/portraits/thumb/women/66.jpg'}, 'nat': 'NL'}</msg>
<arg>${json_data['results'][0]}</arg>
<doc>Logs the given message with the given level.</doc>
<status status="PASS" start="2024-07-06T05:14:23.859544" elapsed="0.000419"/>
</kw>
<kw name="Log" owner="BuiltIn">
<msg time="2024-07-06T05:14:23.860391" level="INFO">gender</msg>
<arg>${key}</arg>
<doc>Logs the given message with the given level.</doc>
<status status="PASS" start="2024-07-06T05:14:23.860263" elapsed="0.000168"/>
</kw>
<var name="${key}">gender</var>
<status status="PASS" start="2024-07-06T05:14:23.858790" elapsed="0.001862"/>
</iter>
<iter>
<kw name="Dictionary Should Contain Key" owner="Collections">
<arg>${json_data['results'][0]}</arg>
<arg>${key}</arg>
<doc>Fails if ``key`` is not found from ``dictionary``.</doc>
<status status="PASS" start="2024-07-06T05:14:23.860955" elapsed="0.000390"/>
</kw>
<kw name="Log" owner="BuiltIn">
<msg time="2024-07-06T05:14:23.861923" level="INFO">{'gender': 'female', 'name': {'title': 'Mrs', 'first': 'Yasmien', 'last': 'Bijvank'}, 'location': {'street': {'number': 9439, 'name': 'Hobrederweg'}, 'city': 'Rijswijk', 'state': 'Noord-Holland', 'country': 'Netherlands', 'postcode': '4281 TF', 'coordinates': {'latitude': '32.2974', 'longitude': '134.0278'}, 'timezone': {'offset': '-3:00', 'description': 'Brazil, Buenos Aires, Georgetown'}}, 'email': 'yasmien.bijvank@example.com', 'login': {'uuid': 'f095fbba-7534-4349-b1e1-c600ad2cf4fd', 'username': 'bigpeacock453', 'password': 'tarpon', 'salt': 'wmsmqJRg', 'md5': '3e2795e726b34a79d8186fdee8caa022', 'sha1': 'df9d8b975c7accdd97936779f227d041754a8804', 'sha256': '87460b9c52ebb520ab3768687e5f0cda67d770f42b055b6a1709f2aff762497f'}, 'dob': {'date': '1945-05-29T21:42:06.757Z', 'age': 79}, 'registered': {'date': '2002-04-11T01:42:01.476Z', 'age': 22}, 'phone': '(081) 7929800', 'cell': '(06) 61547830', 'id': {'name': 'BSN', 'value': '07146767'}, 'picture': {'large': 'https://randomuser.me/api/portraits/women/66.jpg', 'medium': 'https://randomuser.me/api/portraits/med/women/66.jpg', 'thumbnail': 'https://randomuser.me/api/portraits/thumb/women/66.jpg'}, 'nat': 'NL'}</msg>
<arg>${json_data['results'][0]}</arg>
<doc>Logs the given message with the given level.</doc>
<status status="PASS" start="2024-07-06T05:14:23.861529" elapsed="0.000446"/>
</kw>
<kw name="Log" owner="BuiltIn">
<msg time="2024-07-06T05:14:23.862404" level="INFO">name</msg>
<arg>${key}</arg>
<doc>Logs the given message with the given level.</doc>
<status status="PASS" start="2024-07-06T05:14:23.862276" elapsed="0.000166"/>
</kw>
<var name="${key}">name</var>
<status status="PASS" start="2024-07-06T05:14:23.860838" elapsed="0.001824"/>
</iter>
<iter>
<kw name="Dictionary Should Contain Key" owner="Collections">
<arg>${json_data['results'][0]}</arg>
<arg>${key}</arg>
<doc>Fails if ``key`` is not found from ``dictionary``.</doc>
<status status="PASS" start="2024-07-06T05:14:23.862953" elapsed="0.000407"/>
</kw>
<kw name="Log" owner="BuiltIn">
<msg time="2024-07-06T05:14:23.863910" level="INFO">{'gender': 'female', 'name': {'title': 'Mrs', 'first': 'Yasmien', 'last': 'Bijvank'}, 'location': {'street': {'number': 9439, 'name': 'Hobrederweg'}, 'city': 'Rijswijk', 'state': 'Noord-Holland', 'country': 'Netherlands', 'postcode': '4281 TF', 'coordinates': {'latitude': '32.2974', 'longitude': '134.0278'}, 'timezone': {'offset': '-3:00', 'description': 'Brazil, Buenos Aires, Georgetown'}}, 'email': 'yasmien.bijvank@example.com', 'login': {'uuid': 'f095fbba-7534-4349-b1e1-c600ad2cf4fd', 'username': 'bigpeacock453', 'password': 'tarpon', 'salt': 'wmsmqJRg', 'md5': '3e2795e726b34a79d8186fdee8caa022', 'sha1': 'df9d8b975c7accdd97936779f227d041754a8804', 'sha256': '87460b9c52ebb520ab3768687e5f0cda67d770f42b055b6a1709f2aff762497f'}, 'dob': {'date': '1945-05-29T21:42:06.757Z', 'age': 79}, 'registered': {'date': '2002-04-11T01:42:01.476Z', 'age': 22}, 'phone': '(081) 7929800', 'cell': '(06) 61547830', 'id': {'name': 'BSN', 'value': '07146767'}, 'picture': {'large': 'https://randomuser.me/api/portraits/women/66.jpg', 'medium': 'https://randomuser.me/api/portraits/med/women/66.jpg', 'thumbnail': 'https://randomuser.me/api/portraits/thumb/women/66.jpg'}, 'nat': 'NL'}</msg>
<arg>${json_data['results'][0]}</arg>
<doc>Logs the given message with the given level.</doc>
<status status="PASS" start="2024-07-06T05:14:23.863546" elapsed="0.000414"/>
</kw>
<kw name="Log" owner="BuiltIn">
<msg time="2024-07-06T05:14:23.864387" level="INFO">location</msg>
<arg>${key}</arg>
<doc>Logs the given message with the given level.</doc>
<status status="PASS" start="2024-07-06T05:14:23.864259" elapsed="0.000167"/>
</kw>
<var name="${key}">location</var>
<status status="PASS" start="2024-07-06T05:14:23.862843" elapsed="0.001800"/>
</iter>
<iter>
<kw name="Dictionary Should Contain Key" owner="Collections">
<arg>${json_data['results'][0]}</arg>
<arg>${key}</arg>
<doc>Fails if ``key`` is not found from ``dictionary``.</doc>
<status status="PASS" start="2024-07-06T05:14:23.864935" elapsed="0.000397"/>
</kw>
<kw name="Log" owner="BuiltIn">
<msg time="2024-07-06T05:14:23.865872" level="INFO">{'gender': 'female', 'name': {'title': 'Mrs', 'first': 'Yasmien', 'last': 'Bijvank'}, 'location': {'street': {'number': 9439, 'name': 'Hobrederweg'}, 'city': 'Rijswijk', 'state': 'Noord-Holland', 'country': 'Netherlands', 'postcode': '4281 TF', 'coordinates': {'latitude': '32.2974', 'longitude': '134.0278'}, 'timezone': {'offset': '-3:00', 'description': 'Brazil, Buenos Aires, Georgetown'}}, 'email': 'yasmien.bijvank@example.com', 'login': {'uuid': 'f095fbba-7534-4349-b1e1-c600ad2cf4fd', 'username': 'bigpeacock453', 'password': 'tarpon', 'salt': 'wmsmqJRg', 'md5': '3e2795e726b34a79d8186fdee8caa022', 'sha1': 'df9d8b975c7accdd97936779f227d041754a8804', 'sha256': '87460b9c52ebb520ab3768687e5f0cda67d770f42b055b6a1709f2aff762497f'}, 'dob': {'date': '1945-05-29T21:42:06.757Z', 'age': 79}, 'registered': {'date': '2002-04-11T01:42:01.476Z', 'age': 22}, 'phone': '(081) 7929800', 'cell': '(06) 61547830', 'id': {'name': 'BSN', 'value': '07146767'}, 'picture': {'large': 'https://randomuser.me/api/portraits/women/66.jpg', 'medium': 'https://randomuser.me/api/portraits/med/women/66.jpg', 'thumbnail': 'https://randomuser.me/api/portraits/thumb/women/66.jpg'}, 'nat': 'NL'}</msg>
<arg>${json_data['results'][0]}</arg>
<doc>Logs the given message with the given level.</doc>
<status status="PASS" start="2024-07-06T05:14:23.865521" elapsed="0.000399"/>
</kw>
<kw name="Log" owner="BuiltIn">
<msg time="2024-07-06T05:14:23.866340" level="INFO">email</msg>
<arg>${key}</arg>
<doc>Logs the given message with the given level.</doc>
<status status="PASS" start="2024-07-06T05:14:23.866214" elapsed="0.000166"/>
</kw>
<var name="${key}">email</var>
<status status="PASS" start="2024-07-06T05:14:23.864825" elapsed="0.001776"/>
</iter>
<iter>
<kw name="Dictionary Should Contain Key" owner="Collections">
<arg>${json_data['results'][0]}</arg>
<arg>${key}</arg>
<doc>Fails if ``key`` is not found from ``dictionary``.</doc>
<status status="PASS" start="2024-07-06T05:14:23.866888" elapsed="0.000417"/>
</kw>
<kw name="Log" owner="BuiltIn">
<msg time="2024-07-06T05:14:23.867840" level="INFO">{'gender': 'female', 'name': {'title': 'Mrs', 'first': 'Yasmien', 'last': 'Bijvank'}, 'location': {'street': {'number': 9439, 'name': 'Hobrederweg'}, 'city': 'Rijswijk', 'state': 'Noord-Holland', 'country': 'Netherlands', 'postcode': '4281 TF', 'coordinates': {'latitude': '32.2974', 'longitude': '134.0278'}, 'timezone': {'offset': '-3:00', 'description': 'Brazil, Buenos Aires, Georgetown'}}, 'email': 'yasmien.bijvank@example.com', 'login': {'uuid': 'f095fbba-7534-4349-b1e1-c600ad2cf4fd', 'username': 'bigpeacock453', 'password': 'tarpon', 'salt': 'wmsmqJRg', 'md5': '3e2795e726b34a79d8186fdee8caa022', 'sha1': 'df9d8b975c7accdd97936779f227d041754a8804', 'sha256': '87460b9c52ebb520ab3768687e5f0cda67d770f42b055b6a1709f2aff762497f'}, 'dob': {'date': '1945-05-29T21:42:06.757Z', 'age': 79}, 'registered': {'date': '2002-04-11T01:42:01.476Z', 'age': 22}, 'phone': '(081) 7929800', 'cell': '(06) 61547830', 'id': {'name': 'BSN', 'value': '07146767'}, 'picture': {'large': 'https://randomuser.me/api/portraits/women/66.jpg', 'medium': 'https://randomuser.me/api/portraits/med/women/66.jpg', 'thumbnail': 'https://randomuser.me/api/portraits/thumb/women/66.jpg'}, 'nat': 'NL'}</msg>
<arg>${json_data['results'][0]}</arg>
<doc>Logs the given message with the given level.</doc>
<status status="PASS" start="2024-07-06T05:14:23.867491" elapsed="0.000398"/>
</kw>
<kw name="Log" owner="BuiltIn">
<msg time="2024-07-06T05:14:23.868324" level="INFO">login</msg>
<arg>${key}</arg>
<doc>Logs the given message with the given level.</doc>
<status status="PASS" start="2024-07-06T05:14:23.868196" elapsed="0.000167"/>
</kw>
<var name="${key}">login</var>
<status status="PASS" start="2024-07-06T05:14:23.866773" elapsed="0.001805"/>
</iter>
<var>${key}</var>
<value>@{expected_keys}</value>
<status status="PASS" start="2024-07-06T05:14:23.858600" elapsed="0.010102"/>
</for>
<kw name="Create List" owner="BuiltIn">
<msg time="2024-07-06T05:14:23.869081" level="INFO">${expected_keysTwo} = ['username', 'password']</msg>
<var>${expected_keysTwo}</var>
<arg>username</arg>
<arg>password</arg>
<doc>Returns a list containing given items.</doc>
<status status="PASS" start="2024-07-06T05:14:23.868933" elapsed="0.000182"/>
</kw>
<for flavor="IN">
<iter>
<kw name="Dictionary Should Contain Key" owner="Collections">
<arg>${json_data['results'][0]['login']}</arg>
<arg>${keyTwo}</arg>
<doc>Fails if ``key`` is not found from ``dictionary``.</doc>
<status status="PASS" start="2024-07-06T05:14:23.869699" elapsed="0.000479"/>
</kw>
<kw name="Dictionary Should Contain Key" owner="Collections">
<arg>${json_data['results'][0]['login']}</arg>
<arg>${keyTwo}</arg>
<doc>Fails if ``key`` is not found from ``dictionary``.</doc>
<status status="PASS" start="2024-07-06T05:14:23.870397" elapsed="0.000461"/>
</kw>
<kw name="Log" owner="BuiltIn">
<msg time="2024-07-06T05:14:23.871268" level="INFO">username</msg>
<arg>${keyTwo}</arg>
<doc>Logs the given message with the given level.</doc>
<status status="PASS" start="2024-07-06T05:14:23.871116" elapsed="0.000202"/>
</kw>
<var name="${keyTwo}">username</var>
<status status="PASS" start="2024-07-06T05:14:23.869570" elapsed="0.002018"/>
</iter>
<iter>
<kw name="Dictionary Should Contain Key" owner="Collections">
<arg>${json_data['results'][0]['login']}</arg>
<arg>${keyTwo}</arg>
<doc>Fails if ``key`` is not found from ``dictionary``.</doc>
<status status="PASS" start="2024-07-06T05:14:23.871932" elapsed="0.000482"/>
</kw>
<kw name="Dictionary Should Contain Key" owner="Collections">
<arg>${json_data['results'][0]['login']}</arg>
<arg>${keyTwo}</arg>
<doc>Fails if ``key`` is not found from ``dictionary``.</doc>
<status status="PASS" start="2024-07-06T05:14:23.872598" elapsed="0.000395"/>
</kw>
<kw name="Log" owner="BuiltIn">
<msg time="2024-07-06T05:14:23.873297" level="INFO">password</msg>
<arg>${keyTwo}</arg>
<doc>Logs the given message with the given level.</doc>
<status status="PASS" start="2024-07-06T05:14:23.873174" elapsed="0.000167"/>
</kw>
<var name="${keyTwo}">password</var>
<status status="PASS" start="2024-07-06T05:14:23.871792" elapsed="0.001868"/>
</iter>
<var>${keyTwo}</var>
<value>@{expected_keysTwo}</value>
<status status="PASS" start="2024-07-06T05:14:23.869385" elapsed="0.004396"/>
</for>
<status status="PASS" start="2024-07-06T05:14:23.758072" elapsed="0.115850"/>
</kw>
<doc>Testa a estrutura da resposta da API.</doc>
<tag>testeEstruturaResposta</tag>
<status status="PASS" start="2024-07-06T05:14:23.757250" elapsed="0.116820"/>
</test>
<test id="s1-s1-t4" name="Validar tipos de dados" line="28">
<kw name="Teste de Tipos de Dados" owner="random-user-service">
<kw name="GET On Session" owner="RequestsLibrary">
<msg time="2024-07-06T05:14:23.962058" level="INFO">GET Request : url=https://randomuser.me/api 
 path_url=/api 
 headers={'User-Agent': 'python-requests/2.32.3', 'Accept-Encoding': 'gzip, deflate', 'Accept': '*/*', 'Connection': 'keep-alive'} 
 body=None 
 </msg>
<msg time="2024-07-06T05:14:23.962142" level="INFO">GET Response : url=https://randomuser.me/api 
 status=200, reason=OK 
 headers={'Date': 'Sat, 06 Jul 2024 05:14:23 GMT', 'Content-Type': 'application/json; charset=utf-8', 'Transfer-Encoding': 'chunked', 'Connection': 'keep-alive', 'X-Powered-By': 'Express', 'Access-Control-Allow-Origin': '*', 'Cache-Control': 'no-cache', 'ETag': 'W/"490-SEFBNDvKFq/8XadnwKMdhMRNF+o"', 'Vary': 'Accept-Encoding', 'Content-Encoding': 'gzip', 'CF-Cache-Status': 'DYNAMIC', 'Report-To': '{"endpoints":[{"url":"https:\\/\\/a.nel.cloudflare.com\\/report\\/v4?s=waARRzhKpCmbaRV8SWzn7oQczBTHqHspcE49yDvveOccirqQwSkoZmXXuGONEmhLdR6BgvobGOn5gjmpUtOBP6KegBsAuJsXft3ostKVrD1VzzclXbU3hrexq4%2FujL28"}],"group":"cf-nel","max_age":604800}', 'NEL': '{"success_fraction":0,"report_to":"cf-nel","max_age":604800}', 'Server': 'cloudflare', 'CF-RAY': '89ed1c6b383617e0-SJC', 'alt-svc': 'h3=":443"; ma=86400'} 
 body={"results":[{"gender":"female","name":{"title":"Ms","first":"Manisha","last":"Raval"},"location":{"street":{"number":445,"name":"Bhootnath Rd"},"city":"Gandhidham","state":"Jharkhand","country":"India","postcode":68252,"coordinates":{"latitude":"12.1609","longitude":"124.8714"},"timezone":{"offset":"+8:00","description":"Beijing, Perth, Singapore, Hong Kong"}},"email":"manisha.raval@example.com","login":{"uuid":"6ced0147-a115-4c82-a202-ae0b49681c06","username":"blackmouse890","password":"2004","salt":"fgtVGi3j","md5":"16b23575f381445bd9d01865ac8da075","sha1":"5c5a01cfc5ac181970a340f1afa18da73d5a79f7","sha256":"ead5c837c7fc2c3fc7177411ed87b495eb4501e0fb2dcd62cafdf1fedc41fff0"},"dob":{"date":"1945-06-09T15:38:11.494Z","age":79},"registered":{"date":"2016-06-23T17:12:55.431Z","age":8},"phone":"8450704342","cell":"7363561416","id":{"name":"UIDAI","value":"981162750142"},"picture":{"large":"https://randomuser.me/api/portraits/women/27.jpg","medium":"https://randomuser.me/api/portraits/med/women/27.jpg","thumbnail":"https://randomuser.me/api/portraits/thumb/women/27.jpg"},"nat":"IN"}],"info":{"seed":"ccfca6fcd6385514","results":1,"page":1,"version":"1.4"}} 
 </msg>
<msg time="2024-07-06T05:14:23.962218" level="INFO">/opt/hostedtoolcache/Python/3.12.4/x64/lib/python3.12/site-packages/urllib3/connectionpool.py:1099: InsecureRequestWarning: Unverified HTTPS request is being made to host 'randomuser.me'. Adding certificate verification is strongly advised. See: https://urllib3.readthedocs.io/en/latest/advanced-usage.html#tls-warnings
  warnings.warn(</msg>
<msg time="2024-07-06T05:14:23.962330" level="INFO">${response} = &lt;Response [200]&gt;</msg>
<var>${response}</var>
<arg>consultarAPI</arg>
<arg>/api</arg>
<doc>Sends a GET request on a previously created HTTP Session.</doc>
<status status="PASS" start="2024-07-06T05:14:23.876664" elapsed="0.085720"/>
</kw>
<kw name="Set Variable" owner="BuiltIn">
<msg time="2024-07-06T05:14:23.963534" level="INFO">${json_data} = {'results': [{'gender': 'female', 'name': {'title': 'Ms', 'first': 'Manisha', 'last': 'Raval'}, 'location': {'street': {'number': 445, 'name': 'Bhootnath Rd'}, 'city': 'Gandhidham', 'state': 'Jharkhan...</msg>
<var>${json_data}</var>
<arg>${response.json()}</arg>
<doc>Returns the given values which can then be assigned to a variables.</doc>
<status status="PASS" start="2024-07-06T05:14:23.962934" elapsed="0.000630"/>
</kw>
<kw name="Log" owner="BuiltIn">
<msg time="2024-07-06T05:14:23.964053" level="INFO">{'results': [{'gender': 'female', 'name': {'title': 'Ms', 'first': 'Manisha', 'last': 'Raval'}, 'location': {'street': {'number': 445, 'name': 'Bhootnath Rd'}, 'city': 'Gandhidham', 'state': 'Jharkhand', 'country': 'India', 'postcode': 68252, 'coordinates': {'latitude': '12.1609', 'longitude': '124.8714'}, 'timezone': {'offset': '+8:00', 'description': 'Beijing, Perth, Singapore, Hong Kong'}}, 'email': 'manisha.raval@example.com', 'login': {'uuid': '6ced0147-a115-4c82-a202-ae0b49681c06', 'username': 'blackmouse890', 'password': '2004', 'salt': 'fgtVGi3j', 'md5': '16b23575f381445bd9d01865ac8da075', 'sha1': '5c5a01cfc5ac181970a340f1afa18da73d5a79f7', 'sha256': 'ead5c837c7fc2c3fc7177411ed87b495eb4501e0fb2dcd62cafdf1fedc41fff0'}, 'dob': {'date': '1945-06-09T15:38:11.494Z', 'age': 79}, 'registered': {'date': '2016-06-23T17:12:55.431Z', 'age': 8}, 'phone': '8450704342', 'cell': '7363561416', 'id': {'name': 'UIDAI', 'value': '981162750142'}, 'picture': {'large': 'https://randomuser.me/api/portraits/women/27.jpg', 'medium': 'https://randomuser.me/api/portraits/med/women/27.jpg', 'thumbnail': 'https://randomuser.me/api/portraits/thumb/women/27.jpg'}, 'nat': 'IN'}], 'info': {'seed': 'ccfca6fcd6385514', 'results': 1, 'page': 1, 'version': '1.4'}}</msg>
<arg>${json_data}</arg>
<doc>Logs the given message with the given level.</doc>
<status status="PASS" start="2024-07-06T05:14:23.963896" elapsed="0.000207"/>
</kw>
<kw name="Should Be String" owner="String">
<arg>${json_data['results'][0]['gender']}</arg>
<doc>Fails if the given ``item`` is not a string.</doc>
<status status="PASS" start="2024-07-06T05:14:23.964402" elapsed="0.000352"/>
</kw>
<kw name="Should Match Regexp" owner="BuiltIn">
<arg>${json_data['results'][0]['email']}</arg>
<arg>^[a-zA-Z0-9._%+-]+@[a-zA-Z0-9.-]+\.[a-zA-Z]{2,}$</arg>
<doc>Fails if ``string`` does not match ``pattern`` as a regular expression.</doc>
<status status="PASS" start="2024-07-06T05:14:23.964986" elapsed="0.000517"/>
</kw>
<kw name="Should Match Regexp" owner="BuiltIn">
<arg>${json_data['results'][0]['dob']['date']}</arg>
<arg>\\d{4}-\\d{2}-\\d{2}T\\d{2}:\\d{2}:\\d{2}\\.\\d{3}Z</arg>
<doc>Fails if ``string`` does not match ``pattern`` as a regular expression.</doc>
<status status="PASS" start="2024-07-06T05:14:23.965701" elapsed="0.000492"/>
</kw>
<kw name="Should Match Regexp" owner="BuiltIn">
<arg>${json_data['results'][0]['registered']['date']}</arg>
<arg>\\d{4}-\\d{2}-\\d{2}T\\d{2}:\\d{2}:\\d{2}\\.\\d{3}Z</arg>
<doc>Fails if ``string`` does not match ``pattern`` as a regular expression.</doc>
<status status="PASS" start="2024-07-06T05:14:23.966394" elapsed="0.000374"/>
</kw>
<kw name="Should Match Regexp" owner="BuiltIn">
<arg>${json_data['results'][0]['picture']['large']}</arg>
<arg>^https?://.*\.(?:png|jpe?g|gif|bmp)$</arg>
<doc>Fails if ``string`` does not match ``pattern`` as a regular expression.</doc>
<status status="PASS" start="2024-07-06T05:14:23.966965" elapsed="0.000502"/>
</kw>
<kw name="Should Match Regexp" owner="BuiltIn">
<arg>${json_data['results'][0]['picture']['medium']}</arg>
<arg>^https?://.*\.(?:png|jpe?g|gif|bmp)$</arg>
<doc>Fails if ``string`` does not match ``pattern`` as a regular expression.</doc>
<status status="PASS" start="2024-07-06T05:14:23.967657" elapsed="0.000357"/>
</kw>
<kw name="Should Match Regexp" owner="BuiltIn">
<arg>${json_data['results'][0]['picture']['thumbnail']}</arg>
<arg>^https?://.*\.(?:png|jpe?g|gif|bmp)$</arg>
<doc>Fails if ``string`` does not match ``pattern`` as a regular expression.</doc>
<status status="PASS" start="2024-07-06T05:14:23.968204" elapsed="0.000367"/>
</kw>
<kw name="Log" owner="BuiltIn">
<msg time="2024-07-06T05:14:23.969092" level="INFO">{'large': 'https://randomuser.me/api/portraits/women/27.jpg', 'medium': 'https://randomuser.me/api/portraits/med/women/27.jpg', 'thumbnail': 'https://randomuser.me/api/portraits/thumb/women/27.jpg'}</msg>
<arg>${json_data['results'][0]['picture']}</arg>
<doc>Logs the given message with the given level.</doc>
<status status="PASS" start="2024-07-06T05:14:23.968758" elapsed="0.000377"/>
</kw>
<status status="PASS" start="2024-07-06T05:14:23.876438" elapsed="0.092953"/>
</kw>
<kw name="Teste de Tipos de Dados - Postcode" owner="random-user-service">
<kw name="GET On Session" owner="RequestsLibrary">
<msg time="2024-07-06T05:14:24.073622" level="INFO">GET Request : url=https://randomuser.me/api 
 path_url=/api 
 headers={'User-Agent': 'python-requests/2.32.3', 'Accept-Encoding': 'gzip, deflate', 'Accept': '*/*', 'Connection': 'keep-alive'} 
 body=None 
 </msg>
<msg time="2024-07-06T05:14:24.073714" level="INFO">GET Response : url=https://randomuser.me/api 
 status=200, reason=OK 
 headers={'Date': 'Sat, 06 Jul 2024 05:14:24 GMT', 'Content-Type': 'application/json; charset=utf-8', 'Transfer-Encoding': 'chunked', 'Connection': 'keep-alive', 'X-Powered-By': 'Express', 'Access-Control-Allow-Origin': '*', 'Cache-Control': 'no-cache', 'ETag': 'W/"493-tTxgvr2Dd1A1loJEirT1rW5waOA"', 'Vary': 'Accept-Encoding', 'Content-Encoding': 'gzip', 'CF-Cache-Status': 'DYNAMIC', 'Report-To': '{"endpoints":[{"url":"https:\\/\\/a.nel.cloudflare.com\\/report\\/v4?s=R60ezqoQory%2BQUpJg%2BlmwjMi07JmlUkHQQYBxWsHbLffHQpmVk4z6JUrZFjQU%2FivqlzVUE0xgIuxEhqqILYrsHiGRjozyxihgNJzF0JYBSOevdnRU44odl6d%2F3zig5Uk"}],"group":"cf-nel","max_age":604800}', 'NEL': '{"success_fraction":0,"report_to":"cf-nel","max_age":604800}', 'Server': 'cloudflare', 'CF-RAY': '89ed1c6bd8d917e0-SJC', 'alt-svc': 'h3=":443"; ma=86400'} 
 body={"results":[{"gender":"male","name":{"title":"Mr","first":"Momir","last":"Zdravković"},"location":{"street":{"number":5741,"name":"Lapljeselska"},"city":"Kragujevac","state":"Kosovo-Pomoravlje","country":"Serbia","postcode":24748,"coordinates":{"latitude":"62.3075","longitude":"-113.4947"},"timezone":{"offset":"+2:00","description":"Kaliningrad, South Africa"}},"email":"momir.zdravkovic@example.com","login":{"uuid":"8f896532-0190-43ec-87cb-2e17305d0863","username":"silverpanda263","password":"ironman","salt":"bhKcm5Uc","md5":"1c113a72fdbaca332ca1ea5728e38d87","sha1":"4832d545ccd5502b7d5925e697cac9121360196d","sha256":"36df9026bca1ccdf9211459a942121e8ef6b92543b5dfbe648e22c8dd9392320"},"dob":{"date":"1997-02-12T14:02:12.568Z","age":27},"registered":{"date":"2004-07-11T07:54:00.155Z","age":19},"phone":"010-3805-423","cell":"061-3403-860","id":{"name":"SID","value":"013404735"},"picture":{"large":"https://randomuser.me/api/portraits/men/45.jpg","medium":"https://randomuser.me/api/portraits/med/men/45.jpg","thumbnail":"https://randomuser.me/api/portraits/thumb/men/45.jpg"},"nat":"RS"}],"info":{"seed":"6e7aa21c8bd91338","results":1,"page":1,"version":"1.4"}} 
 </msg>
<msg time="2024-07-06T05:14:24.073792" level="INFO">/opt/hostedtoolcache/Python/3.12.4/x64/lib/python3.12/site-packages/urllib3/connectionpool.py:1099: InsecureRequestWarning: Unverified HTTPS request is being made to host 'randomuser.me'. Adding certificate verification is strongly advised. See: https://urllib3.readthedocs.io/en/latest/advanced-usage.html#tls-warnings
  warnings.warn(</msg>
<msg time="2024-07-06T05:14:24.073921" level="INFO">${response} = &lt;Response [200]&gt;</msg>
<var>${response}</var>
<arg>consultarAPI</arg>
<arg>/api</arg>
<doc>Sends a GET request on a previously created HTTP Session.</doc>
<status status="PASS" start="2024-07-06T05:14:23.969823" elapsed="0.104151"/>
</kw>
<kw name="Set Variable" owner="BuiltIn">
<msg time="2024-07-06T05:14:24.075164" level="INFO">${json_data} = {'results': [{'gender': 'male', 'name': {'title': 'Mr', 'first': 'Momir', 'last': 'Zdravković'}, 'location': {'street': {'number': 5741, 'name': 'Lapljeselska'}, 'city': 'Kragujevac', 'state': 'Kosovo...</msg>
<var>${json_data}</var>
<arg>${response.json()}</arg>
<doc>Returns the given values which can then be assigned to a variables.</doc>
<status status="PASS" start="2024-07-06T05:14:24.074521" elapsed="0.000675"/>
</kw>
<kw name="Log" owner="BuiltIn">
<msg time="2024-07-06T05:14:24.075684" level="INFO">{'results': [{'gender': 'male', 'name': {'title': 'Mr', 'first': 'Momir', 'last': 'Zdravković'}, 'location': {'street': {'number': 5741, 'name': 'Lapljeselska'}, 'city': 'Kragujevac', 'state': 'Kosovo-Pomoravlje', 'country': 'Serbia', 'postcode': 24748, 'coordinates': {'latitude': '62.3075', 'longitude': '-113.4947'}, 'timezone': {'offset': '+2:00', 'description': 'Kaliningrad, South Africa'}}, 'email': 'momir.zdravkovic@example.com', 'login': {'uuid': '8f896532-0190-43ec-87cb-2e17305d0863', 'username': 'silverpanda263', 'password': 'ironman', 'salt': 'bhKcm5Uc', 'md5': '1c113a72fdbaca332ca1ea5728e38d87', 'sha1': '4832d545ccd5502b7d5925e697cac9121360196d', 'sha256': '36df9026bca1ccdf9211459a942121e8ef6b92543b5dfbe648e22c8dd9392320'}, 'dob': {'date': '1997-02-12T14:02:12.568Z', 'age': 27}, 'registered': {'date': '2004-07-11T07:54:00.155Z', 'age': 19}, 'phone': '010-3805-423', 'cell': '061-3403-860', 'id': {'name': 'SID', 'value': '013404735'}, 'picture': {'large': 'https://randomuser.me/api/portraits/men/45.jpg', 'medium': 'https://randomuser.me/api/portraits/med/men/45.jpg', 'thumbnail': 'https://randomuser.me/api/portraits/thumb/men/45.jpg'}, 'nat': 'RS'}], 'info': {'seed': '6e7aa21c8bd91338', 'results': 1, 'page': 1, 'version': '1.4'}}</msg>
<arg>${json_data}</arg>
<doc>Logs the given message with the given level.</doc>
<status status="PASS" start="2024-07-06T05:14:24.075521" elapsed="0.000213"/>
</kw>
<kw name="Should Be Equal As Numbers" owner="BuiltIn">
<arg>${json_data['results'][0]['location']['postcode']}</arg>
<arg>${json_data['results'][0]['location']['postcode']}</arg>
<doc>Fails if objects are unequal after converting them to real numbers.</doc>
<status status="PASS" start="2024-07-06T05:14:24.076026" elapsed="0.000621"/>
</kw>
<kw name="Log" owner="BuiltIn">
<msg time="2024-07-06T05:14:24.077349" level="INFO">24748</msg>
<arg>${json_data['results'][0]['location']['postcode']}</arg>
<doc>Logs the given message with the given level.</doc>
<status status="PASS" start="2024-07-06T05:14:24.076869" elapsed="0.000521"/>
</kw>
<status status="PASS" start="2024-07-06T05:14:23.969603" elapsed="0.108045"/>
</kw>
<doc>Testa se os tipos de dados na resposta da API estão corretos.</doc>
<tag>testeTiposDados</tag>
<status status="PASS" start="2024-07-06T05:14:23.875905" elapsed="0.201903"/>
</test>
<test id="s1-s1-t5" name="Validar conteudo" line="35">
<kw name="Teste de Tipos de Conteudo" owner="random-user-service">
<kw name="GET On Session" owner="RequestsLibrary">
<msg time="2024-07-06T05:14:24.170720" level="INFO">GET Request : url=https://randomuser.me/api 
 path_url=/api 
 headers={'User-Agent': 'python-requests/2.32.3', 'Accept-Encoding': 'gzip, deflate', 'Accept': '*/*', 'Connection': 'keep-alive'} 
 body=None 
 </msg>
<msg time="2024-07-06T05:14:24.170799" level="INFO">GET Response : url=https://randomuser.me/api 
 status=200, reason=OK 
 headers={'Date': 'Sat, 06 Jul 2024 05:14:24 GMT', 'Content-Type': 'application/json; charset=utf-8', 'Transfer-Encoding': 'chunked', 'Connection': 'keep-alive', 'X-Powered-By': 'Express', 'Access-Control-Allow-Origin': '*', 'Cache-Control': 'no-cache', 'ETag': 'W/"4a9-biBxE3I+eCIr9Sp/1dfPSJpAFqw"', 'Vary': 'Accept-Encoding', 'Content-Encoding': 'gzip', 'CF-Cache-Status': 'DYNAMIC', 'Report-To': '{"endpoints":[{"url":"https:\\/\\/a.nel.cloudflare.com\\/report\\/v4?s=yfw5ApRLEE%2BxLVYZSmlSqFN3CzGhLuyz8fvfeZv%2BOb%2F%2FDsql1MmmK586SrZvG177YevcEbgKOEdCBocqVEQ2UNjtKtVWpr6wYiL0FggG1Md0jHrx7S6JeURqFSuwYJlz"}],"group":"cf-nel","max_age":604800}', 'NEL': '{"success_fraction":0,"report_to":"cf-nel","max_age":604800}', 'Server': 'cloudflare', 'CF-RAY': '89ed1c6c898217e0-SJC', 'alt-svc': 'h3=":443"; ma=86400'} 
 body={"results":[{"gender":"female","name":{"title":"Miss","first":"Louna","last":"Faure"},"location":{"street":{"number":1387,"name":"Rue du 8 Mai 1945"},"city":"Amiens","state":"Eure","country":"France","postcode":16391,"coordinates":{"latitude":"-15.1651","longitude":"120.6021"},"timezone":{"offset":"0:00","description":"Western Europe Time, London, Lisbon, Casablanca"}},"email":"louna.faure@example.com","login":{"uuid":"94472c04-10b3-4044-938f-66e43f7abbbc","username":"whitegorilla439","password":"kissing","salt":"aQnbtqvn","md5":"997d6735cead58b0a7274116c18cf577","sha1":"6606210623afa12d22e612a737339a4ad5b4b739","sha256":"432784609fee23a65ef0d50d85a6d447faa3d3974b47919c3fb1f60230a01c5e"},"dob":{"date":"1995-03-20T17:21:29.086Z","age":29},"registered":{"date":"2008-04-08T10:59:49.853Z","age":16},"phone":"05-46-77-77-41","cell":"06-75-42-00-70","id":{"name":"INSEE","value":"2950218851794 89"},"picture":{"large":"https://randomuser.me/api/portraits/women/21.jpg","medium":"https://randomuser.me/api/portraits/med/women/21.jpg","thumbnail":"https://randomuser.me/api/portraits/thumb/women/21.jpg"},"nat":"FR"}],"info":{"seed":"0867f1e778511014","results":1,"page":1,"version":"1.4"}} 
 </msg>
<msg time="2024-07-06T05:14:24.170860" level="INFO">/opt/hostedtoolcache/Python/3.12.4/x64/lib/python3.12/site-packages/urllib3/connectionpool.py:1099: InsecureRequestWarning: Unverified HTTPS request is being made to host 'randomuser.me'. Adding certificate verification is strongly advised. See: https://urllib3.readthedocs.io/en/latest/advanced-usage.html#tls-warnings
  warnings.warn(</msg>
<msg time="2024-07-06T05:14:24.170958" level="INFO">${response} = &lt;Response [200]&gt;</msg>
<var>${response}</var>
<arg>consultarAPI</arg>
<arg>/api</arg>
<doc>Sends a GET request on a previously created HTTP Session.</doc>
<status status="PASS" start="2024-07-06T05:14:24.080724" elapsed="0.090270"/>
</kw>
<kw name="Set Variable" owner="BuiltIn">
<msg time="2024-07-06T05:14:24.171925" level="INFO">${json_data} = {'results': [{'gender': 'female', 'name': {'title': 'Miss', 'first': 'Louna', 'last': 'Faure'}, 'location': {'street': {'number': 1387, 'name': 'Rue du 8 Mai 1945'}, 'city': 'Amiens', 'state': 'Eure',...</msg>
<var>${json_data}</var>
<arg>${response.json()}</arg>
<doc>Returns the given values which can then be assigned to a variables.</doc>
<status status="PASS" start="2024-07-06T05:14:24.171450" elapsed="0.000503"/>
</kw>
<kw name="Set Variable" owner="BuiltIn">
<msg time="2024-07-06T05:14:24.172638" level="INFO">${name_title} = Miss</msg>
<var>${name_title}</var>
<arg>${json_data["results"][0]["name"]["title"]}</arg>
<doc>Returns the given values which can then be assigned to a variables.</doc>
<status status="PASS" start="2024-07-06T05:14:24.172257" elapsed="0.000406"/>
</kw>
<kw name="Create List" owner="BuiltIn">
<msg time="2024-07-06T05:14:24.173102" level="INFO">${allowed_titles} = ['Mr', 'Ms', 'Miss', 'Mrs', 'Madame', 'Monsieur']</msg>
<var>${allowed_titles}</var>
<arg>Mr</arg>
<arg>Ms</arg>
<arg>Miss</arg>
<arg>Mrs</arg>
<arg>Madame</arg>
<arg>Monsieur</arg>
<doc>Returns a list containing given items.</doc>
<status status="PASS" start="2024-07-06T05:14:24.172955" elapsed="0.000171"/>
</kw>
<kw name="List Should Contain Value" owner="Collections">
<arg>${allowed_titles}</arg>
<arg>${name_title}</arg>
<doc>Fails if the ``value`` is not found from ``list``.</doc>
<status status="PASS" start="2024-07-06T05:14:24.173427" elapsed="0.000176"/>
</kw>
<kw name="Set Variable" owner="BuiltIn">
<msg time="2024-07-06T05:14:24.174162" level="INFO">${name_country} = FR</msg>
<var>${name_country}</var>
<arg>${json_data["results"][0]["nat"]}</arg>
<doc>Returns the given values which can then be assigned to a variables.</doc>
<status status="PASS" start="2024-07-06T05:14:24.173784" elapsed="0.000404"/>
</kw>
<kw name="Create List" owner="BuiltIn">
<msg time="2024-07-06T05:14:24.175119" level="INFO">${list_country} = ['AD', 'AE', 'AF', 'AG', 'AI', 'AL', 'AM', 'AO', 'AQ', 'AR', 'AS', 'AT', 'AU', 'AW', 'AX', 'AZ', 'BA', 'BB', 'BD', 'BE', 'BF', 'BG', 'BH', 'BI', 'BJ', 'BL', 'BM', 'BN', 'BO', 'BQ', 'BR', 'BS', 'BT', '...</msg>
<var>${list_country}</var>
<arg>AD</arg>
<arg>AE</arg>
<arg>AF</arg>
<arg>AG</arg>
<arg>AI</arg>
<arg>AL</arg>
<arg>AM</arg>
<arg>AO</arg>
<arg>AQ</arg>
<arg>AR</arg>
<arg>AS</arg>
<arg>AT</arg>
<arg>AU</arg>
<arg>AW</arg>
<arg>AX</arg>
<arg>AZ</arg>
<arg>BA</arg>
<arg>BB</arg>
<arg>BD</arg>
<arg>BE</arg>
<arg>BF</arg>
<arg>BG</arg>
<arg>BH</arg>
<arg>BI</arg>
<arg>BJ</arg>
<arg>BL</arg>
<arg>BM</arg>
<arg>BN</arg>
<arg>BO</arg>
<arg>BQ</arg>
<arg>BR</arg>
<arg>BS</arg>
<arg>BT</arg>
<arg>BV</arg>
<arg>BW</arg>
<arg>BY</arg>
<arg>BZ</arg>
<arg>CA</arg>
<arg>CC</arg>
<arg>CD</arg>
<arg>CF</arg>
<arg>CG</arg>
<arg>CH</arg>
<arg>CI</arg>
<arg>CK</arg>
<arg>CL</arg>
<arg>CM</arg>
<arg>CN</arg>
<arg>CO</arg>
<arg>CR</arg>
<arg>CU</arg>
<arg>CV</arg>
<arg>CW</arg>
<arg>CX</arg>
<arg>CY</arg>
<arg>CZ</arg>
<arg>DE</arg>
<arg>DJ</arg>
<arg>DK</arg>
<arg>DM</arg>
<arg>DO</arg>
<arg>DZ</arg>
<arg>EC</arg>
<arg>EE</arg>
<arg>EG</arg>
<arg>EH</arg>
<arg>ER</arg>
<arg>ES</arg>
<arg>ET</arg>
<arg>FI</arg>
<arg>FJ</arg>
<arg>FK</arg>
<arg>FM</arg>
<arg>FO</arg>
<arg>FR</arg>
<arg>GA</arg>
<arg>GB</arg>
<arg>GD</arg>
<arg>GE</arg>
<arg>GF</arg>
<arg>GG</arg>
<arg>GH</arg>
<arg>GI</arg>
<arg>GL</arg>
<arg>GM</arg>
<arg>GN</arg>
<arg>GP</arg>
<arg>GQ</arg>
<arg>GR</arg>
<arg>GS</arg>
<arg>GT</arg>
<arg>GU</arg>
<arg>GW</arg>
<arg>GY</arg>
<arg>HK</arg>
<arg>HM</arg>
<arg>HN</arg>
<arg>HR</arg>
<arg>HT</arg>
<arg>HU</arg>
<arg>ID</arg>
<arg>IE</arg>
<arg>IL</arg>
<arg>IM</arg>
<arg>IN</arg>
<arg>IO</arg>
<arg>IQ</arg>
<arg>IR</arg>
<arg>IS</arg>
<arg>IT</arg>
<arg>JE</arg>
<arg>JM</arg>
<arg>JO</arg>
<arg>JP</arg>
<arg>KE</arg>
<arg>KG</arg>
<arg>KH</arg>
<arg>KI</arg>
<arg>KM</arg>
<arg>KN</arg>
<arg>KP</arg>
<arg>KR</arg>
<arg>KW</arg>
<arg>KY</arg>
<arg>KZ</arg>
<arg>LA</arg>
<arg>LB</arg>
<arg>LC</arg>
<arg>LI</arg>
<arg>LK</arg>
<arg>LR</arg>
<arg>LS</arg>
<arg>LT</arg>
<arg>LU</arg>
<arg>LV</arg>
<arg>LY</arg>
<arg>MA</arg>
<arg>MC</arg>
<arg>MD</arg>
<arg>ME</arg>
<arg>MF</arg>
<arg>MG</arg>
<arg>MH</arg>
<arg>MK</arg>
<arg>ML</arg>
<arg>MM</arg>
<arg>MN</arg>
<arg>MO</arg>
<arg>MP</arg>
<arg>MQ</arg>
<arg>MR</arg>
<arg>MS</arg>
<arg>MT</arg>
<arg>MU</arg>
<arg>MV</arg>
<arg>MW</arg>
<arg>MX</arg>
<arg>MY</arg>
<arg>MZ</arg>
<arg>NA</arg>
<arg>NC</arg>
<arg>NE</arg>
<arg>NF</arg>
<arg>NG</arg>
<arg>NI</arg>
<arg>NL</arg>
<arg>NO</arg>
<arg>NP</arg>
<arg>NR</arg>
<arg>NU</arg>
<arg>NZ</arg>
<arg>OM</arg>
<arg>PA</arg>
<arg>PE</arg>
<arg>PF</arg>
<arg>PG</arg>
<arg>PH</arg>
<arg>PK</arg>
<arg>PL</arg>
<arg>PM</arg>
<arg>PN</arg>
<arg>PR</arg>
<arg>PS</arg>
<arg>PT</arg>
<arg>PW</arg>
<arg>PY</arg>
<arg>QA</arg>
<arg>RE</arg>
<arg>RO</arg>
<arg>RS</arg>
<arg>RU</arg>
<arg>RW</arg>
<arg>SA</arg>
<arg>SB</arg>
<arg>SC</arg>
<arg>SD</arg>
<arg>SE</arg>
<arg>SG</arg>
<arg>SH</arg>
<arg>SI</arg>
<arg>SJ</arg>
<arg>SK</arg>
<arg>SL</arg>
<arg>SM</arg>
<arg>SN</arg>
<arg>SO</arg>
<arg>SR</arg>
<arg>SS</arg>
<arg>ST</arg>
<arg>SV</arg>
<arg>SX</arg>
<arg>SY</arg>
<arg>SZ</arg>
<arg>TC</arg>
<arg>TD</arg>
<arg>TF</arg>
<arg>TG</arg>
<arg>TH</arg>
<arg>TJ</arg>
<arg>TK</arg>
<arg>TL</arg>
<arg>TM</arg>
<arg>TN</arg>
<arg>TO</arg>
<arg>TR</arg>
<arg>TT</arg>
<arg>TV</arg>
<arg>TW</arg>
<arg>TZ</arg>
<arg>UA</arg>
<arg>UG</arg>
<arg>UM</arg>
<arg>US</arg>
<arg>UY</arg>
<arg>UZ</arg>
<arg>VA</arg>
<arg>VC</arg>
<arg>VE</arg>
<arg>VG</arg>
<arg>VI</arg>
<arg>VN</arg>
<arg>VU</arg>
<arg>WF</arg>
<arg>WS</arg>
<arg>XK</arg>
<arg>YE</arg>
<arg>YT</arg>
<arg>ZA</arg>
<arg>ZM</arg>
<arg>ZW</arg>
<doc>Returns a list containing given items.</doc>
<status status="PASS" start="2024-07-06T05:14:24.174478" elapsed="0.000673"/>
</kw>
<kw name="List Should Contain Value" owner="Collections">
<arg>${list_country}</arg>
<arg>${name_country}</arg>
<doc>Fails if the ``value`` is not found from ``list``.</doc>
<status status="PASS" start="2024-07-06T05:14:24.175942" elapsed="0.000200"/>
</kw>
<kw name="Run Keyword If" owner="BuiltIn">
<kw name="Should Be True" owner="BuiltIn">
<arg>${True}</arg>
<doc>Fails if the given condition is not true.</doc>
<status status="PASS" start="2024-07-06T05:14:24.177078" elapsed="0.000143"/>
</kw>
<arg>${json_data["results"][0]["location"]["coordinates"]["latitude"]} &gt;= -90 and ${json_data["results"][0]["location"]["coordinates"]["latitude"]} &lt;= 90</arg>
<arg>Should Be True</arg>
<arg>${True}</arg>
<doc>Runs the given keyword with the given arguments, if ``condition`` is true.</doc>
<status status="PASS" start="2024-07-06T05:14:24.176343" elapsed="0.001003"/>
</kw>
<kw name="Run Keyword If" owner="BuiltIn">
<kw name="Should Be True" owner="BuiltIn">
<arg>${True}</arg>
<doc>Fails if the given condition is not true.</doc>
<status status="PASS" start="2024-07-06T05:14:24.178211" elapsed="0.000234"/>
</kw>
<arg>${json_data["results"][0]["location"]["coordinates"]["longitude"]} &gt;= -180 and ${json_data["results"][0]["location"]["coordinates"]["longitude"]} &lt;= 180</arg>
<arg>Should Be True</arg>
<arg>${True}</arg>
<doc>Runs the given keyword with the given arguments, if ``condition`` is true.</doc>
<status status="PASS" start="2024-07-06T05:14:24.177526" elapsed="0.001048"/>
</kw>
<status status="PASS" start="2024-07-06T05:14:24.080350" elapsed="0.098355"/>
</kw>
<doc>Testa o conteúdo específico dos campos retornados pela API.</doc>
<tag>testeConteudo</tag>
<status status="PASS" start="2024-07-06T05:14:24.079676" elapsed="0.099177"/>
</test>
<status status="PASS" start="2024-07-06T05:14:23.117987" elapsed="1.062800"/>
</suite>
<status status="PASS" start="2024-07-06T05:14:23.102510" elapsed="1.083250"/>
</suite>
<statistics>
<total>
<stat pass="5" fail="0" skip="0">All Tests</stat>
</total>
<tag>
<stat pass="1" fail="0" skip="0">testeConteudo</stat>
<stat pass="1" fail="0" skip="0">testeEstruturaResposta</stat>
<stat pass="1" fail="0" skip="0">testeRequisicaoBasica</stat>
<stat pass="1" fail="0" skip="0">testeTiposDados</stat>
</tag>
<suite>
<stat pass="5" fail="0" skip="0" id="s1" name="Tests">Tests</stat>
<stat pass="5" fail="0" skip="0" id="s1-s1" name="Random-User-Test">Tests.Random-User-Test</stat>
</suite>
</statistics>
<errors>
</errors>
</robot>
