<?xml version="1.0" encoding="UTF-8"?>
<robot generator="Robot 7.0 (Python 3.12.3 on linux)" generated="2024-04-30T14:13:27.274428" rpa="false" schemaversion="5">
<suite id="s1" name="Tests" source="/home/runner/work/DesafioQAItauRogerioJordao/DesafioQAItauRogerioJordao/RamdonUser/tests">
<suite id="s1-s1" name="Random-User-Test" source="/home/runner/work/DesafioQAItauRogerioJordao/DesafioQAItauRogerioJordao/RamdonUser/tests/random-user-test.robot">
<test id="s1-s1-t1" name="Conectar" line="13">
<kw name="Conectar API" owner="random-user-service">
<kw name="Create Session" owner="RequestsLibrary">
<msg time="2024-04-30T14:13:27.662820" level="INFO">Creating Session using : alias=consultarAPI, url=https://randomuser.me/, headers={},                     cookies={}, auth=None, timeout=None, proxies=None, verify=False,                     debug=0 </msg>
<arg>consultarAPI</arg>
<arg>${URL}</arg>
<doc>Create Session: create a HTTP session to a server</doc>
<status status="PASS" start="2024-04-30T14:13:27.662624" elapsed="0.000372"/>
</kw>
<status status="PASS" start="2024-04-30T14:13:27.661693" elapsed="0.001705"/>
</kw>
<status status="PASS" start="2024-04-30T14:13:27.661177" elapsed="0.002412"/>
</test>
<test id="s1-s1-t2" name="Validar retorno 200 e JSON Válido" line="16">
<kw name="Teste de Requisicao Basica" owner="random-user-service">
<kw name="GET On Session" owner="RequestsLibrary">
<msg time="2024-04-30T14:13:27.991376" level="INFO">GET Request : url=https://randomuser.me/api 
 path_url=/api 
 headers={'User-Agent': 'python-requests/2.31.0', 'Accept-Encoding': 'gzip, deflate', 'Accept': '*/*', 'Connection': 'keep-alive'} 
 body=None 
 </msg>
<msg time="2024-04-30T14:13:27.991524" level="INFO">GET Response : url=https://randomuser.me/api 
 status=200, reason=OK 
 headers={'Date': 'Tue, 30 Apr 2024 14:13:27 GMT', 'Content-Type': 'application/json; charset=utf-8', 'Transfer-Encoding': 'chunked', 'Connection': 'keep-alive', 'X-Powered-By': 'Express', 'Access-Control-Allow-Origin': '*', 'Cache-Control': 'no-cache', 'ETag': 'W/"48c-XWlTt9FgCtnX+Jvne2ZexQi5sGg"', 'Vary': 'Accept-Encoding', 'Content-Encoding': 'gzip', 'CF-Cache-Status': 'DYNAMIC', 'Report-To': '{"endpoints":[{"url":"https:\\/\\/a.nel.cloudflare.com\\/report\\/v4?s=v3W0EHv17itV1STIvAJ9fT59CUhTIq5twf3ieku6RfP20fWk2fCFloaGPQ15dp0IOhrbsZxGTokNwaSdKKk8eYBD0iEcemP1EThByEinqMatwwZgRJq8EpMSX8ElnVB9"}],"group":"cf-nel","max_age":604800}', 'NEL': '{"success_fraction":0,"report_to":"cf-nel","max_age":604800}', 'Server': 'cloudflare', 'CF-RAY': '87c821f00fb407f8-IAD', 'alt-svc': 'h3=":443"; ma=86400'} 
 body={"results":[{"gender":"female","name":{"title":"Miss","first":"Boguslava","last":"Davidyuk"},"location":{"street":{"number":4024,"name":"Mihaylivska"},"city":"Vinogradiv","state":"Zaporizka","country":"Ukraine","postcode":96848,"coordinates":{"latitude":"74.5684","longitude":"142.0096"},"timezone":{"offset":"-11:00","description":"Midway Island, Samoa"}},"email":"boguslava.davidyuk@example.com","login":{"uuid":"13306924-fa2e-4ce1-83cf-a30a7ff6314c","username":"yellowostrich274","password":"score","salt":"Ok4X3hrn","md5":"1ad3ee977e172b3fa7da59f56050da7b","sha1":"34639a7fe8141a5d5ac2c62d99b64f38d8298632","sha256":"58744d03f91cd30f7c2183348078b52471cf668f39af69bb94552d0edc3b7235"},"dob":{"date":"1947-01-17T06:26:49.837Z","age":77},"registered":{"date":"2015-08-22T17:43:04.703Z","age":8},"phone":"(099) Z32-0276","cell":"(097) Z55-2520","id":{"name":"","value":null},"picture":{"large":"https://randomuser.me/api/portraits/women/45.jpg","medium":"https://randomuser.me/api/portraits/med/women/45.jpg","thumbnail":"https://randomuser.me/api/portraits/thumb/women/45.jpg"},"nat":"UA"}],"info":{"seed":"4bfbf4ec65ffa89f","results":1,"page":1,"version":"1.4"}} 
 </msg>
<msg time="2024-04-30T14:13:27.991605" level="INFO">/opt/hostedtoolcache/Python/3.12.3/x64/lib/python3.12/site-packages/urllib3/connectionpool.py:1103: InsecureRequestWarning: Unverified HTTPS request is being made to host 'randomuser.me'. Adding certificate verification is strongly advised. See: https://urllib3.readthedocs.io/en/latest/advanced-usage.html#tls-warnings
  warnings.warn(</msg>
<msg time="2024-04-30T14:13:27.991737" level="INFO">${response} = &lt;Response [200]&gt;</msg>
<var>${response}</var>
<arg>consultarAPI</arg>
<arg>/api</arg>
<doc>Sends a GET request on a previously created HTTP Session.</doc>
<status status="PASS" start="2024-04-30T14:13:27.666165" elapsed="0.325615"/>
</kw>
<kw name="Should Be Equal As Numbers" owner="BuiltIn">
<msg time="2024-04-30T14:13:27.992749" level="INFO">Argument types are:
&lt;class 'int'&gt;
&lt;class 'str'&gt;</msg>
<arg>${response.status_code}</arg>
<arg>200</arg>
<doc>Fails if objects are unequal after converting them to real numbers.</doc>
<status status="PASS" start="2024-04-30T14:13:27.992287" elapsed="0.000533"/>
</kw>
<kw name="Log" owner="BuiltIn">
<msg time="2024-04-30T14:13:27.993499" level="INFO">200</msg>
<arg>${response.status_code}</arg>
<doc>Logs the given message with the given level.</doc>
<status status="PASS" start="2024-04-30T14:13:27.993155" elapsed="0.000385"/>
</kw>
<kw name="Set Variable" owner="BuiltIn">
<msg time="2024-04-30T14:13:27.994272" level="INFO">${json_data} = {'results': [{'gender': 'female', 'name': {'title': 'Miss', 'first': 'Boguslava', 'last': 'Davidyuk'}, 'location': {'street': {'number': 4024, 'name': 'Mihaylivska'}, 'city': 'Vinogradiv', 'state': 'Z...</msg>
<var>${json_data}</var>
<arg>${response.json()}</arg>
<doc>Returns the given values which can then be assigned to a variables.</doc>
<status status="PASS" start="2024-04-30T14:13:27.993851" elapsed="0.000448"/>
</kw>
<kw name="Dictionary Should Contain Key" owner="Collections">
<msg time="2024-04-30T14:13:27.994760" level="INFO">False</msg>
<arg>${json_data}</arg>
<arg>results</arg>
<doc>Fails if ``key`` is not found from ``dictionary``.</doc>
<status status="PASS" start="2024-04-30T14:13:27.994592" elapsed="0.000210"/>
</kw>
<status status="PASS" start="2024-04-30T14:13:27.665929" elapsed="0.329158"/>
</kw>
<doc>Testa se a API responde corretamente e retorna um objeto JSON válido.</doc>
<tag>testeRequisicaoBasica</tag>
<status status="PASS" start="2024-04-30T14:13:27.665479" elapsed="0.329802"/>
</test>
<test id="s1-s1-t3" name="Validar estrutura de resposta" line="22">
<kw name="Teste de Estrutura de Resposta" owner="random-user-service">
<kw name="GET On Session" owner="RequestsLibrary">
<msg time="2024-04-30T14:13:28.046843" level="INFO">GET Request : url=https://randomuser.me/api 
 path_url=/api 
 headers={'User-Agent': 'python-requests/2.31.0', 'Accept-Encoding': 'gzip, deflate', 'Accept': '*/*', 'Connection': 'keep-alive'} 
 body=None 
 </msg>
<msg time="2024-04-30T14:13:28.046945" level="INFO">GET Response : url=https://randomuser.me/api 
 status=200, reason=OK 
 headers={'Date': 'Tue, 30 Apr 2024 14:13:28 GMT', 'Content-Type': 'application/json; charset=utf-8', 'Transfer-Encoding': 'chunked', 'Connection': 'keep-alive', 'X-Powered-By': 'Express', 'Access-Control-Allow-Origin': '*', 'Cache-Control': 'no-cache', 'ETag': 'W/"48a-gwOVN0YUVG3HCNYDMiTwVG5Wc5Y"', 'Vary': 'Accept-Encoding', 'Content-Encoding': 'gzip', 'CF-Cache-Status': 'DYNAMIC', 'Report-To': '{"endpoints":[{"url":"https:\\/\\/a.nel.cloudflare.com\\/report\\/v4?s=7ygkDlk7nu8Lsg8feIVtKOkQ26akPXWktJjtg7lPTkD18B2C5Kg2kFaenUk%2FmHvCeJ5oTYDFXfpgDRFq%2FytpWbXttW4fkKTrpDOhGgFbvU%2BEVFhTz%2FPcK%2FnBSd0NAhER"}],"group":"cf-nel","max_age":604800}', 'NEL': '{"success_fraction":0,"report_to":"cf-nel","max_age":604800}', 'Server': 'cloudflare', 'CF-RAY': '87c821f1fa3507f8-IAD', 'alt-svc': 'h3=":443"; ma=86400'} 
 body={"results":[{"gender":"male","name":{"title":"Mr","first":"رادین","last":"حیدری"},"location":{"street":{"number":2171,"name":"دماوند"},"city":"ارومیه","state":"خوزستان","country":"Iran","postcode":91221,"coordinates":{"latitude":"19.8710","longitude":"-129.0902"},"timezone":{"offset":"-8:00","description":"Pacific Time (US &amp; Canada)"}},"email":"rdyn.hydry@example.com","login":{"uuid":"5223416e-f8ad-4344-ad71-fe77abc18524","username":"heavybutterfly953","password":"sinister","salt":"0FO3nsrx","md5":"00f3e387dd29e56bb8aa1bad0d9a3bee","sha1":"3031b55e0b92b44f722bbec075249b2c5eb03f64","sha256":"3fe35eeb935e3ba5d6e07c089758fb999f3dbdaf41f4ac3d87d45bc69a8dc24a"},"dob":{"date":"1997-01-18T06:52:56.571Z","age":27},"registered":{"date":"2011-02-08T13:11:30.926Z","age":13},"phone":"067-71531225","cell":"0932-832-7409","id":{"name":"","value":null},"picture":{"large":"https://randomuser.me/api/portraits/men/48.jpg","medium":"https://randomuser.me/api/portraits/med/men/48.jpg","thumbnail":"https://randomuser.me/api/portraits/thumb/men/48.jpg"},"nat":"IR"}],"info":{"seed":"533064de8855d5c8","results":1,"page":1,"version":"1.4"}} 
 </msg>
<msg time="2024-04-30T14:13:28.047122" level="INFO">/opt/hostedtoolcache/Python/3.12.3/x64/lib/python3.12/site-packages/urllib3/connectionpool.py:1103: InsecureRequestWarning: Unverified HTTPS request is being made to host 'randomuser.me'. Adding certificate verification is strongly advised. See: https://urllib3.readthedocs.io/en/latest/advanced-usage.html#tls-warnings
  warnings.warn(</msg>
<msg time="2024-04-30T14:13:28.047256" level="INFO">${response} = &lt;Response [200]&gt;</msg>
<var>${response}</var>
<arg>consultarAPI</arg>
<arg>/api</arg>
<doc>Sends a GET request on a previously created HTTP Session.</doc>
<status status="PASS" start="2024-04-30T14:13:27.997798" elapsed="0.049503"/>
</kw>
<kw name="Set Variable" owner="BuiltIn">
<msg time="2024-04-30T14:13:28.048497" level="INFO">${json_data} = {'results': [{'gender': 'male', 'name': {'title': 'Mr', 'first': 'رادین', 'last': 'حیدری'}, 'location': {'street': {'number': 2171, 'name': 'دماوند'}, 'city': 'ارومیه', 'state': 'خوزستان', 'country': ...</msg>
<var>${json_data}</var>
<arg>${response.json()}</arg>
<doc>Returns the given values which can then be assigned to a variables.</doc>
<status status="PASS" start="2024-04-30T14:13:28.047799" elapsed="0.000743"/>
</kw>
<kw name="Log" owner="BuiltIn">
<msg time="2024-04-30T14:13:28.049215" level="INFO">{'results': [{'gender': 'male', 'name': {'title': 'Mr', 'first': 'رادین', 'last': 'حیدری'}, 'location': {'street': {'number': 2171, 'name': 'دماوند'}, 'city': 'ارومیه', 'state': 'خوزستان', 'country': 'Iran', 'postcode': 91221, 'coordinates': {'latitude': '19.8710', 'longitude': '-129.0902'}, 'timezone': {'offset': '-8:00', 'description': 'Pacific Time (US &amp; Canada)'}}, 'email': 'rdyn.hydry@example.com', 'login': {'uuid': '5223416e-f8ad-4344-ad71-fe77abc18524', 'username': 'heavybutterfly953', 'password': 'sinister', 'salt': '0FO3nsrx', 'md5': '00f3e387dd29e56bb8aa1bad0d9a3bee', 'sha1': '3031b55e0b92b44f722bbec075249b2c5eb03f64', 'sha256': '3fe35eeb935e3ba5d6e07c089758fb999f3dbdaf41f4ac3d87d45bc69a8dc24a'}, 'dob': {'date': '1997-01-18T06:52:56.571Z', 'age': 27}, 'registered': {'date': '2011-02-08T13:11:30.926Z', 'age': 13}, 'phone': '067-71531225', 'cell': '0932-832-7409', 'id': {'name': '', 'value': None}, 'picture': {'large': 'https://randomuser.me/api/portraits/men/48.jpg', 'medium': 'https://randomuser.me/api/portraits/med/men/48.jpg', 'thumbnail': 'https://randomuser.me/api/portraits/thumb/men/48.jpg'}, 'nat': 'IR'}], 'info': {'seed': '533064de8855d5c8', 'results': 1, 'page': 1, 'version': '1.4'}}</msg>
<arg>${json_data}</arg>
<doc>Logs the given message with the given level.</doc>
<status status="PASS" start="2024-04-30T14:13:28.048977" elapsed="0.000337"/>
</kw>
<kw name="Dictionary Should Contain Key" owner="Collections">
<msg time="2024-04-30T14:13:28.050044" level="INFO">False</msg>
<arg>${json_data}</arg>
<arg>results</arg>
<doc>Fails if ``key`` is not found from ``dictionary``.</doc>
<status status="PASS" start="2024-04-30T14:13:28.049791" elapsed="0.000319"/>
</kw>
<kw name="Should Not Be Empty" owner="BuiltIn">
<msg time="2024-04-30T14:13:28.050819" level="INFO">Length is 2.</msg>
<arg>${json_data}</arg>
<doc>Verifies that the given item is not empty.</doc>
<status status="PASS" start="2024-04-30T14:13:28.050596" elapsed="0.000499"/>
</kw>
<kw name="Create List" owner="BuiltIn">
<msg time="2024-04-30T14:13:28.051770" level="INFO">${expected_keys} = ['gender', 'name', 'location', 'email', 'login']</msg>
<var>${expected_keys}</var>
<arg>gender</arg>
<arg>name</arg>
<arg>location</arg>
<arg>email</arg>
<arg>login</arg>
<doc>Returns a list containing given items.</doc>
<status status="PASS" start="2024-04-30T14:13:28.051561" elapsed="0.000246"/>
</kw>
<for flavor="IN">
<iter>
<kw name="Dictionary Should Contain Key" owner="Collections">
<msg time="2024-04-30T14:13:28.053239" level="INFO">False</msg>
<arg>${json_data['results'][0]}</arg>
<arg>${key}</arg>
<doc>Fails if ``key`` is not found from ``dictionary``.</doc>
<status status="PASS" start="2024-04-30T14:13:28.052621" elapsed="0.000684"/>
</kw>
<kw name="Log" owner="BuiltIn">
<msg time="2024-04-30T14:13:28.054297" level="INFO">{'gender': 'male', 'name': {'title': 'Mr', 'first': 'رادین', 'last': 'حیدری'}, 'location': {'street': {'number': 2171, 'name': 'دماوند'}, 'city': 'ارومیه', 'state': 'خوزستان', 'country': 'Iran', 'postcode': 91221, 'coordinates': {'latitude': '19.8710', 'longitude': '-129.0902'}, 'timezone': {'offset': '-8:00', 'description': 'Pacific Time (US &amp; Canada)'}}, 'email': 'rdyn.hydry@example.com', 'login': {'uuid': '5223416e-f8ad-4344-ad71-fe77abc18524', 'username': 'heavybutterfly953', 'password': 'sinister', 'salt': '0FO3nsrx', 'md5': '00f3e387dd29e56bb8aa1bad0d9a3bee', 'sha1': '3031b55e0b92b44f722bbec075249b2c5eb03f64', 'sha256': '3fe35eeb935e3ba5d6e07c089758fb999f3dbdaf41f4ac3d87d45bc69a8dc24a'}, 'dob': {'date': '1997-01-18T06:52:56.571Z', 'age': 27}, 'registered': {'date': '2011-02-08T13:11:30.926Z', 'age': 13}, 'phone': '067-71531225', 'cell': '0932-832-7409', 'id': {'name': '', 'value': None}, 'picture': {'large': 'https://randomuser.me/api/portraits/men/48.jpg', 'medium': 'https://randomuser.me/api/portraits/med/men/48.jpg', 'thumbnail': 'https://randomuser.me/api/portraits/thumb/men/48.jpg'}, 'nat': 'IR'}</msg>
<arg>${json_data['results'][0]}</arg>
<doc>Logs the given message with the given level.</doc>
<status status="PASS" start="2024-04-30T14:13:28.053727" elapsed="0.000648"/>
</kw>
<kw name="Log" owner="BuiltIn">
<msg time="2024-04-30T14:13:28.055005" level="INFO">gender</msg>
<arg>${key}</arg>
<doc>Logs the given message with the given level.</doc>
<status status="PASS" start="2024-04-30T14:13:28.054806" elapsed="0.000296"/>
</kw>
<var name="${key}">gender</var>
<status status="PASS" start="2024-04-30T14:13:28.052444" elapsed="0.003024"/>
</iter>
<iter>
<kw name="Dictionary Should Contain Key" owner="Collections">
<msg time="2024-04-30T14:13:28.056541" level="INFO">False</msg>
<arg>${json_data['results'][0]}</arg>
<arg>${key}</arg>
<doc>Fails if ``key`` is not found from ``dictionary``.</doc>
<status status="PASS" start="2024-04-30T14:13:28.055923" elapsed="0.000678"/>
</kw>
<kw name="Log" owner="BuiltIn">
<msg time="2024-04-30T14:13:28.057708" level="INFO">{'gender': 'male', 'name': {'title': 'Mr', 'first': 'رادین', 'last': 'حیدری'}, 'location': {'street': {'number': 2171, 'name': 'دماوند'}, 'city': 'ارومیه', 'state': 'خوزستان', 'country': 'Iran', 'postcode': 91221, 'coordinates': {'latitude': '19.8710', 'longitude': '-129.0902'}, 'timezone': {'offset': '-8:00', 'description': 'Pacific Time (US &amp; Canada)'}}, 'email': 'rdyn.hydry@example.com', 'login': {'uuid': '5223416e-f8ad-4344-ad71-fe77abc18524', 'username': 'heavybutterfly953', 'password': 'sinister', 'salt': '0FO3nsrx', 'md5': '00f3e387dd29e56bb8aa1bad0d9a3bee', 'sha1': '3031b55e0b92b44f722bbec075249b2c5eb03f64', 'sha256': '3fe35eeb935e3ba5d6e07c089758fb999f3dbdaf41f4ac3d87d45bc69a8dc24a'}, 'dob': {'date': '1997-01-18T06:52:56.571Z', 'age': 27}, 'registered': {'date': '2011-02-08T13:11:30.926Z', 'age': 13}, 'phone': '067-71531225', 'cell': '0932-832-7409', 'id': {'name': '', 'value': None}, 'picture': {'large': 'https://randomuser.me/api/portraits/men/48.jpg', 'medium': 'https://randomuser.me/api/portraits/med/men/48.jpg', 'thumbnail': 'https://randomuser.me/api/portraits/thumb/men/48.jpg'}, 'nat': 'IR'}</msg>
<arg>${json_data['results'][0]}</arg>
<doc>Logs the given message with the given level.</doc>
<status status="PASS" start="2024-04-30T14:13:28.057104" elapsed="0.000699"/>
</kw>
<kw name="Log" owner="BuiltIn">
<msg time="2024-04-30T14:13:28.058465" level="INFO">name</msg>
<arg>${key}</arg>
<doc>Logs the given message with the given level.</doc>
<status status="PASS" start="2024-04-30T14:13:28.058267" elapsed="0.000267"/>
</kw>
<var name="${key}">name</var>
<status status="PASS" start="2024-04-30T14:13:28.055750" elapsed="0.003126"/>
</iter>
<iter>
<kw name="Dictionary Should Contain Key" owner="Collections">
<msg time="2024-04-30T14:13:28.060008" level="INFO">False</msg>
<arg>${json_data['results'][0]}</arg>
<arg>${key}</arg>
<doc>Fails if ``key`` is not found from ``dictionary``.</doc>
<status status="PASS" start="2024-04-30T14:13:28.059378" elapsed="0.000693"/>
</kw>
<kw name="Log" owner="BuiltIn">
<msg time="2024-04-30T14:13:28.061190" level="INFO">{'gender': 'male', 'name': {'title': 'Mr', 'first': 'رادین', 'last': 'حیدری'}, 'location': {'street': {'number': 2171, 'name': 'دماوند'}, 'city': 'ارومیه', 'state': 'خوزستان', 'country': 'Iran', 'postcode': 91221, 'coordinates': {'latitude': '19.8710', 'longitude': '-129.0902'}, 'timezone': {'offset': '-8:00', 'description': 'Pacific Time (US &amp; Canada)'}}, 'email': 'rdyn.hydry@example.com', 'login': {'uuid': '5223416e-f8ad-4344-ad71-fe77abc18524', 'username': 'heavybutterfly953', 'password': 'sinister', 'salt': '0FO3nsrx', 'md5': '00f3e387dd29e56bb8aa1bad0d9a3bee', 'sha1': '3031b55e0b92b44f722bbec075249b2c5eb03f64', 'sha256': '3fe35eeb935e3ba5d6e07c089758fb999f3dbdaf41f4ac3d87d45bc69a8dc24a'}, 'dob': {'date': '1997-01-18T06:52:56.571Z', 'age': 27}, 'registered': {'date': '2011-02-08T13:11:30.926Z', 'age': 13}, 'phone': '067-71531225', 'cell': '0932-832-7409', 'id': {'name': '', 'value': None}, 'picture': {'large': 'https://randomuser.me/api/portraits/men/48.jpg', 'medium': 'https://randomuser.me/api/portraits/med/men/48.jpg', 'thumbnail': 'https://randomuser.me/api/portraits/thumb/men/48.jpg'}, 'nat': 'IR'}</msg>
<arg>${json_data['results'][0]}</arg>
<doc>Logs the given message with the given level.</doc>
<status status="PASS" start="2024-04-30T14:13:28.060552" elapsed="0.000733"/>
</kw>
<kw name="Log" owner="BuiltIn">
<msg time="2024-04-30T14:13:28.061980" level="INFO">location</msg>
<arg>${key}</arg>
<doc>Logs the given message with the given level.</doc>
<status status="PASS" start="2024-04-30T14:13:28.061766" elapsed="0.000285"/>
</kw>
<var name="${key}">location</var>
<status status="PASS" start="2024-04-30T14:13:28.059193" elapsed="0.003203"/>
</iter>
<iter>
<kw name="Dictionary Should Contain Key" owner="Collections">
<msg time="2024-04-30T14:13:28.063607" level="INFO">False</msg>
<arg>${json_data['results'][0]}</arg>
<arg>${key}</arg>
<doc>Fails if ``key`` is not found from ``dictionary``.</doc>
<status status="PASS" start="2024-04-30T14:13:28.062896" elapsed="0.000778"/>
</kw>
<kw name="Log" owner="BuiltIn">
<msg time="2024-04-30T14:13:28.064732" level="INFO">{'gender': 'male', 'name': {'title': 'Mr', 'first': 'رادین', 'last': 'حیدری'}, 'location': {'street': {'number': 2171, 'name': 'دماوند'}, 'city': 'ارومیه', 'state': 'خوزستان', 'country': 'Iran', 'postcode': 91221, 'coordinates': {'latitude': '19.8710', 'longitude': '-129.0902'}, 'timezone': {'offset': '-8:00', 'description': 'Pacific Time (US &amp; Canada)'}}, 'email': 'rdyn.hydry@example.com', 'login': {'uuid': '5223416e-f8ad-4344-ad71-fe77abc18524', 'username': 'heavybutterfly953', 'password': 'sinister', 'salt': '0FO3nsrx', 'md5': '00f3e387dd29e56bb8aa1bad0d9a3bee', 'sha1': '3031b55e0b92b44f722bbec075249b2c5eb03f64', 'sha256': '3fe35eeb935e3ba5d6e07c089758fb999f3dbdaf41f4ac3d87d45bc69a8dc24a'}, 'dob': {'date': '1997-01-18T06:52:56.571Z', 'age': 27}, 'registered': {'date': '2011-02-08T13:11:30.926Z', 'age': 13}, 'phone': '067-71531225', 'cell': '0932-832-7409', 'id': {'name': '', 'value': None}, 'picture': {'large': 'https://randomuser.me/api/portraits/men/48.jpg', 'medium': 'https://randomuser.me/api/portraits/med/men/48.jpg', 'thumbnail': 'https://randomuser.me/api/portraits/thumb/men/48.jpg'}, 'nat': 'IR'}</msg>
<arg>${json_data['results'][0]}</arg>
<doc>Logs the given message with the given level.</doc>
<status status="PASS" start="2024-04-30T14:13:28.064135" elapsed="0.000675"/>
</kw>
<kw name="Log" owner="BuiltIn">
<msg time="2024-04-30T14:13:28.065397" level="INFO">email</msg>
<arg>${key}</arg>
<doc>Logs the given message with the given level.</doc>
<status status="PASS" start="2024-04-30T14:13:28.065221" elapsed="0.000231"/>
</kw>
<var name="${key}">email</var>
<status status="PASS" start="2024-04-30T14:13:28.062696" elapsed="0.003049"/>
</iter>
<iter>
<kw name="Dictionary Should Contain Key" owner="Collections">
<msg time="2024-04-30T14:13:28.066765" level="INFO">False</msg>
<arg>${json_data['results'][0]}</arg>
<arg>${key}</arg>
<doc>Fails if ``key`` is not found from ``dictionary``.</doc>
<status status="PASS" start="2024-04-30T14:13:28.066176" elapsed="0.000643"/>
</kw>
<kw name="Log" owner="BuiltIn">
<msg time="2024-04-30T14:13:28.067854" level="INFO">{'gender': 'male', 'name': {'title': 'Mr', 'first': 'رادین', 'last': 'حیدری'}, 'location': {'street': {'number': 2171, 'name': 'دماوند'}, 'city': 'ارومیه', 'state': 'خوزستان', 'country': 'Iran', 'postcode': 91221, 'coordinates': {'latitude': '19.8710', 'longitude': '-129.0902'}, 'timezone': {'offset': '-8:00', 'description': 'Pacific Time (US &amp; Canada)'}}, 'email': 'rdyn.hydry@example.com', 'login': {'uuid': '5223416e-f8ad-4344-ad71-fe77abc18524', 'username': 'heavybutterfly953', 'password': 'sinister', 'salt': '0FO3nsrx', 'md5': '00f3e387dd29e56bb8aa1bad0d9a3bee', 'sha1': '3031b55e0b92b44f722bbec075249b2c5eb03f64', 'sha256': '3fe35eeb935e3ba5d6e07c089758fb999f3dbdaf41f4ac3d87d45bc69a8dc24a'}, 'dob': {'date': '1997-01-18T06:52:56.571Z', 'age': 27}, 'registered': {'date': '2011-02-08T13:11:30.926Z', 'age': 13}, 'phone': '067-71531225', 'cell': '0932-832-7409', 'id': {'name': '', 'value': None}, 'picture': {'large': 'https://randomuser.me/api/portraits/men/48.jpg', 'medium': 'https://randomuser.me/api/portraits/med/men/48.jpg', 'thumbnail': 'https://randomuser.me/api/portraits/thumb/men/48.jpg'}, 'nat': 'IR'}</msg>
<arg>${json_data['results'][0]}</arg>
<doc>Logs the given message with the given level.</doc>
<status status="PASS" start="2024-04-30T14:13:28.067280" elapsed="0.000654"/>
</kw>
<kw name="Log" owner="BuiltIn">
<msg time="2024-04-30T14:13:28.068527" level="INFO">login</msg>
<arg>${key}</arg>
<doc>Logs the given message with the given level.</doc>
<status status="PASS" start="2024-04-30T14:13:28.068348" elapsed="0.000236"/>
</kw>
<var name="${key}">login</var>
<status status="PASS" start="2024-04-30T14:13:28.066004" elapsed="0.002940"/>
</iter>
<var>${key}</var>
<value>@{expected_keys}</value>
<status status="PASS" start="2024-04-30T14:13:28.052176" elapsed="0.016948"/>
</for>
<kw name="Create List" owner="BuiltIn">
<msg time="2024-04-30T14:13:28.069624" level="INFO">${expected_keysTwo} = ['username', 'password']</msg>
<var>${expected_keysTwo}</var>
<arg>username</arg>
<arg>password</arg>
<doc>Returns a list containing given items.</doc>
<status status="PASS" start="2024-04-30T14:13:28.069419" elapsed="0.000243"/>
</kw>
<for flavor="IN">
<iter>
<kw name="Dictionary Should Contain Key" owner="Collections">
<msg time="2024-04-30T14:13:28.071113" level="INFO">False</msg>
<arg>${json_data['results'][0]['login']}</arg>
<arg>${keyTwo}</arg>
<doc>Fails if ``key`` is not found from ``dictionary``.</doc>
<status status="PASS" start="2024-04-30T14:13:28.070402" elapsed="0.000782"/>
</kw>
<kw name="Dictionary Should Contain Key" owner="Collections">
<msg time="2024-04-30T14:13:28.072365" level="INFO">False</msg>
<arg>${json_data['results'][0]['login']}</arg>
<arg>${keyTwo}</arg>
<doc>Fails if ``key`` is not found from ``dictionary``.</doc>
<status status="PASS" start="2024-04-30T14:13:28.071683" elapsed="0.000750"/>
</kw>
<kw name="Log" owner="BuiltIn">
<msg time="2024-04-30T14:13:28.073135" level="INFO">username</msg>
<arg>${keyTwo}</arg>
<doc>Logs the given message with the given level.</doc>
<status status="PASS" start="2024-04-30T14:13:28.072921" elapsed="0.000301"/>
</kw>
<var name="${keyTwo}">username</var>
<status status="PASS" start="2024-04-30T14:13:28.070217" elapsed="0.003366"/>
</iter>
<iter>
<kw name="Dictionary Should Contain Key" owner="Collections">
<msg time="2024-04-30T14:13:28.074722" level="INFO">False</msg>
<arg>${json_data['results'][0]['login']}</arg>
<arg>${keyTwo}</arg>
<doc>Fails if ``key`` is not found from ``dictionary``.</doc>
<status status="PASS" start="2024-04-30T14:13:28.074028" elapsed="0.000753"/>
</kw>
<kw name="Dictionary Should Contain Key" owner="Collections">
<msg time="2024-04-30T14:13:28.075834" level="INFO">False</msg>
<arg>${json_data['results'][0]['login']}</arg>
<arg>${keyTwo}</arg>
<doc>Fails if ``key`` is not found from ``dictionary``.</doc>
<status status="PASS" start="2024-04-30T14:13:28.075252" elapsed="0.000637"/>
</kw>
<kw name="Log" owner="BuiltIn">
<msg time="2024-04-30T14:13:28.076494" level="INFO">password</msg>
<arg>${keyTwo}</arg>
<doc>Logs the given message with the given level.</doc>
<status status="PASS" start="2024-04-30T14:13:28.076310" elapsed="0.000240"/>
</kw>
<var name="${keyTwo}">password</var>
<status status="PASS" start="2024-04-30T14:13:28.073847" elapsed="0.003004"/>
</iter>
<var>${keyTwo}</var>
<value>@{expected_keysTwo}</value>
<status status="PASS" start="2024-04-30T14:13:28.070003" elapsed="0.007030"/>
</for>
<status status="PASS" start="2024-04-30T14:13:27.997569" elapsed="0.079675"/>
</kw>
<doc>Testa a estrutura da resposta da API.</doc>
<tag>testeEstruturaResposta</tag>
<status status="PASS" start="2024-04-30T14:13:27.997068" elapsed="0.080418"/>
</test>
<test id="s1-s1-t4" name="Validar tipos de dados" line="28">
<kw name="Teste de Tipos de Dados" owner="random-user-service">
<kw name="GET On Session" owner="RequestsLibrary">
<msg time="2024-04-30T14:13:28.128928" level="INFO">GET Request : url=https://randomuser.me/api 
 path_url=/api 
 headers={'User-Agent': 'python-requests/2.31.0', 'Accept-Encoding': 'gzip, deflate', 'Accept': '*/*', 'Connection': 'keep-alive'} 
 body=None 
 </msg>
<msg time="2024-04-30T14:13:28.129009" level="INFO">GET Response : url=https://randomuser.me/api 
 status=200, reason=OK 
 headers={'Date': 'Tue, 30 Apr 2024 14:13:28 GMT', 'Content-Type': 'application/json; charset=utf-8', 'Transfer-Encoding': 'chunked', 'Connection': 'keep-alive', 'X-Powered-By': 'Express', 'Access-Control-Allow-Origin': '*', 'Cache-Control': 'no-cache', 'ETag': 'W/"480-zdcTvbAfrig8tTLo0cGjbPv4b80"', 'Vary': 'Accept-Encoding', 'Content-Encoding': 'gzip', 'CF-Cache-Status': 'DYNAMIC', 'Report-To': '{"endpoints":[{"url":"https:\\/\\/a.nel.cloudflare.com\\/report\\/v4?s=3OG9EVtMtPRkWvzThpyADBUubDmlY0nrnk1HqsJbGCdQdbNbDkmen4XrZwAvGrI1agtZEKydSuq1I8Ec4CAU44N9a3%2BPDvsu%2B32CNZLVj%2FSYPOOiQPpJRZlzh8b0sRvf"}],"group":"cf-nel","max_age":604800}', 'NEL': '{"success_fraction":0,"report_to":"cf-nel","max_age":604800}', 'Server': 'cloudflare', 'CF-RAY': '87c821f28aed07f8-IAD', 'alt-svc': 'h3=":443"; ma=86400'} 
 body={"results":[{"gender":"male","name":{"title":"Mr","first":"Krsto","last":"Danilović"},"location":{"street":{"number":1393,"name":"Živka Markovića"},"city":"Titel","state":"Srem","country":"Serbia","postcode":95292,"coordinates":{"latitude":"57.7589","longitude":"-112.7601"},"timezone":{"offset":"-1:00","description":"Azores, Cape Verde Islands"}},"email":"krsto.danilovic@example.com","login":{"uuid":"6162fddf-9ec4-4546-bbf3-08a0332ffee2","username":"yellowdog122","password":"phillies","salt":"L3Urwrxm","md5":"b1f69aed3a1882abb9b1007336a73029","sha1":"cc074f95894ba85ffa3ddd64dabdf5bf125ca8a7","sha256":"cf8e4a97fcb52fa124fe2a71da522708b9e61edb08a1b2c1cc92744dd6cd4adf"},"dob":{"date":"1973-03-05T22:56:02.198Z","age":51},"registered":{"date":"2015-12-29T06:26:59.288Z","age":8},"phone":"012-1999-810","cell":"062-9296-554","id":{"name":"SID","value":"371251602"},"picture":{"large":"https://randomuser.me/api/portraits/men/0.jpg","medium":"https://randomuser.me/api/portraits/med/men/0.jpg","thumbnail":"https://randomuser.me/api/portraits/thumb/men/0.jpg"},"nat":"RS"}],"info":{"seed":"42f21ac93430d562","results":1,"page":1,"version":"1.4"}} 
 </msg>
<msg time="2024-04-30T14:13:28.129080" level="INFO">/opt/hostedtoolcache/Python/3.12.3/x64/lib/python3.12/site-packages/urllib3/connectionpool.py:1103: InsecureRequestWarning: Unverified HTTPS request is being made to host 'randomuser.me'. Adding certificate verification is strongly advised. See: https://urllib3.readthedocs.io/en/latest/advanced-usage.html#tls-warnings
  warnings.warn(</msg>
<msg time="2024-04-30T14:13:28.129185" level="INFO">${response} = &lt;Response [200]&gt;</msg>
<var>${response}</var>
<arg>consultarAPI</arg>
<arg>/api</arg>
<doc>Sends a GET request on a previously created HTTP Session.</doc>
<status status="PASS" start="2024-04-30T14:13:28.081685" elapsed="0.047542"/>
</kw>
<kw name="Set Variable" owner="BuiltIn">
<msg time="2024-04-30T14:13:28.130144" level="INFO">${json_data} = {'results': [{'gender': 'male', 'name': {'title': 'Mr', 'first': 'Krsto', 'last': 'Danilović'}, 'location': {'street': {'number': 1393, 'name': 'Živka Markovića'}, 'city': 'Titel', 'state': 'Srem', 'c...</msg>
<var>${json_data}</var>
<arg>${response.json()}</arg>
<doc>Returns the given values which can then be assigned to a variables.</doc>
<status status="PASS" start="2024-04-30T14:13:28.129675" elapsed="0.000500"/>
</kw>
<kw name="Log" owner="BuiltIn">
<msg time="2024-04-30T14:13:28.130640" level="INFO">{'results': [{'gender': 'male', 'name': {'title': 'Mr', 'first': 'Krsto', 'last': 'Danilović'}, 'location': {'street': {'number': 1393, 'name': 'Živka Markovića'}, 'city': 'Titel', 'state': 'Srem', 'country': 'Serbia', 'postcode': 95292, 'coordinates': {'latitude': '57.7589', 'longitude': '-112.7601'}, 'timezone': {'offset': '-1:00', 'description': 'Azores, Cape Verde Islands'}}, 'email': 'krsto.danilovic@example.com', 'login': {'uuid': '6162fddf-9ec4-4546-bbf3-08a0332ffee2', 'username': 'yellowdog122', 'password': 'phillies', 'salt': 'L3Urwrxm', 'md5': 'b1f69aed3a1882abb9b1007336a73029', 'sha1': 'cc074f95894ba85ffa3ddd64dabdf5bf125ca8a7', 'sha256': 'cf8e4a97fcb52fa124fe2a71da522708b9e61edb08a1b2c1cc92744dd6cd4adf'}, 'dob': {'date': '1973-03-05T22:56:02.198Z', 'age': 51}, 'registered': {'date': '2015-12-29T06:26:59.288Z', 'age': 8}, 'phone': '012-1999-810', 'cell': '062-9296-554', 'id': {'name': 'SID', 'value': '371251602'}, 'picture': {'large': 'https://randomuser.me/api/portraits/men/0.jpg', 'medium': 'https://randomuser.me/api/portraits/med/men/0.jpg', 'thumbnail': 'https://randomuser.me/api/portraits/thumb/men/0.jpg'}, 'nat': 'RS'}], 'info': {'seed': '42f21ac93430d562', 'results': 1, 'page': 1, 'version': '1.4'}}</msg>
<arg>${json_data}</arg>
<doc>Logs the given message with the given level.</doc>
<status status="PASS" start="2024-04-30T14:13:28.130483" elapsed="0.000240"/>
</kw>
<kw name="Should Be String" owner="String">
<arg>${json_data['results'][0]['gender']}</arg>
<doc>Fails if the given ``item`` is not a string.</doc>
<status status="PASS" start="2024-04-30T14:13:28.131023" elapsed="0.000391"/>
</kw>
<kw name="Should Match Regexp" owner="BuiltIn">
<arg>${json_data['results'][0]['email']}</arg>
<arg>^[a-zA-Z0-9._%+-]+@[a-zA-Z0-9.-]+\.[a-zA-Z]{2,}$</arg>
<doc>Fails if ``string`` does not match ``pattern`` as a regular expression.</doc>
<status status="PASS" start="2024-04-30T14:13:28.131605" elapsed="0.000519"/>
</kw>
<kw name="Should Match Regexp" owner="BuiltIn">
<arg>${json_data['results'][0]['dob']['date']}</arg>
<arg>\\d{4}-\\d{2}-\\d{2}T\\d{2}:\\d{2}:\\d{2}\\.\\d{3}Z</arg>
<doc>Fails if ``string`` does not match ``pattern`` as a regular expression.</doc>
<status status="PASS" start="2024-04-30T14:13:28.132319" elapsed="0.000495"/>
</kw>
<kw name="Should Match Regexp" owner="BuiltIn">
<arg>${json_data['results'][0]['registered']['date']}</arg>
<arg>\\d{4}-\\d{2}-\\d{2}T\\d{2}:\\d{2}:\\d{2}\\.\\d{3}Z</arg>
<doc>Fails if ``string`` does not match ``pattern`` as a regular expression.</doc>
<status status="PASS" start="2024-04-30T14:13:28.133001" elapsed="0.000361"/>
</kw>
<kw name="Should Match Regexp" owner="BuiltIn">
<arg>${json_data['results'][0]['picture']['large']}</arg>
<arg>^https?://.*\.(?:png|jpe?g|gif|bmp)$</arg>
<doc>Fails if ``string`` does not match ``pattern`` as a regular expression.</doc>
<status status="PASS" start="2024-04-30T14:13:28.133545" elapsed="0.000463"/>
</kw>
<kw name="Should Match Regexp" owner="BuiltIn">
<arg>${json_data['results'][0]['picture']['medium']}</arg>
<arg>^https?://.*\.(?:png|jpe?g|gif|bmp)$</arg>
<doc>Fails if ``string`` does not match ``pattern`` as a regular expression.</doc>
<status status="PASS" start="2024-04-30T14:13:28.134194" elapsed="0.000354"/>
</kw>
<kw name="Should Match Regexp" owner="BuiltIn">
<arg>${json_data['results'][0]['picture']['thumbnail']}</arg>
<arg>^https?://.*\.(?:png|jpe?g|gif|bmp)$</arg>
<doc>Fails if ``string`` does not match ``pattern`` as a regular expression.</doc>
<status status="PASS" start="2024-04-30T14:13:28.134734" elapsed="0.000398"/>
</kw>
<kw name="Log" owner="BuiltIn">
<msg time="2024-04-30T14:13:28.135656" level="INFO">{'large': 'https://randomuser.me/api/portraits/men/0.jpg', 'medium': 'https://randomuser.me/api/portraits/med/men/0.jpg', 'thumbnail': 'https://randomuser.me/api/portraits/thumb/men/0.jpg'}</msg>
<arg>${json_data['results'][0]['picture']}</arg>
<doc>Logs the given message with the given level.</doc>
<status status="PASS" start="2024-04-30T14:13:28.135326" elapsed="0.000372"/>
</kw>
<status status="PASS" start="2024-04-30T14:13:28.081315" elapsed="0.054635"/>
</kw>
<kw name="Teste de Tipos de Dados - Postcode" owner="random-user-service">
<kw name="GET On Session" owner="RequestsLibrary">
<msg time="2024-04-30T14:13:28.232966" level="INFO">GET Request : url=https://randomuser.me/api 
 path_url=/api 
 headers={'User-Agent': 'python-requests/2.31.0', 'Accept-Encoding': 'gzip, deflate', 'Accept': '*/*', 'Connection': 'keep-alive'} 
 body=None 
 </msg>
<msg time="2024-04-30T14:13:28.233041" level="INFO">GET Response : url=https://randomuser.me/api 
 status=200, reason=OK 
 headers={'Date': 'Tue, 30 Apr 2024 14:13:28 GMT', 'Content-Type': 'application/json; charset=utf-8', 'Transfer-Encoding': 'chunked', 'Connection': 'keep-alive', 'X-Powered-By': 'Express', 'Access-Control-Allow-Origin': '*', 'Cache-Control': 'no-cache', 'ETag': 'W/"48d-a0PHUe6UmSSeLhd0J0drt+c/CQc"', 'Vary': 'Accept-Encoding', 'Content-Encoding': 'gzip', 'CF-Cache-Status': 'DYNAMIC', 'Report-To': '{"endpoints":[{"url":"https:\\/\\/a.nel.cloudflare.com\\/report\\/v4?s=SSAFwAgXuGUz6%2Bs2vHPbRxFguG5V%2BgAgXu6R0SsUgTbDZYt4gMSGJhHEvgnWQ6N5gLd8vuWsr%2Boe1MvR3joUw1yrMRApz2mqUg2fYUagzLLARLhNRBhUvaNvSFx71%2F91"}],"group":"cf-nel","max_age":604800}', 'NEL': '{"success_fraction":0,"report_to":"cf-nel","max_age":604800}', 'Server': 'cloudflare', 'CF-RAY': '87c821f2db5d07f8-IAD', 'alt-svc': 'h3=":443"; ma=86400'} 
 body={"results":[{"gender":"female","name":{"title":"Ms","first":"Debra","last":"Romero"},"location":{"street":{"number":308,"name":"Spring St"},"city":"Lexington","state":"Connecticut","country":"United States","postcode":38419,"coordinates":{"latitude":"87.7902","longitude":"26.9494"},"timezone":{"offset":"+6:00","description":"Almaty, Dhaka, Colombo"}},"email":"debra.romero@example.com","login":{"uuid":"4ccc0c71-5c6f-4c0c-8349-0110ed25bd5e","username":"purplebird172","password":"conrad","salt":"Yx7YdVco","md5":"e8f96f095a0434cb4e85d71543d3b33d","sha1":"9684f5c964cfe0a172edabeab771ac54c0b26797","sha256":"0ceb170ebf64574a58a2b0cc9aa37646c20b1e6d54a021ca3b0bfa773c31aaf4"},"dob":{"date":"1948-06-27T23:41:20.111Z","age":75},"registered":{"date":"2003-05-09T12:49:28.020Z","age":20},"phone":"(813) 783-9642","cell":"(230) 993-9994","id":{"name":"SSN","value":"769-55-2552"},"picture":{"large":"https://randomuser.me/api/portraits/women/86.jpg","medium":"https://randomuser.me/api/portraits/med/women/86.jpg","thumbnail":"https://randomuser.me/api/portraits/thumb/women/86.jpg"},"nat":"US"}],"info":{"seed":"a8f856a8faeb9422","results":1,"page":1,"version":"1.4"}} 
 </msg>
<msg time="2024-04-30T14:13:28.233109" level="INFO">/opt/hostedtoolcache/Python/3.12.3/x64/lib/python3.12/site-packages/urllib3/connectionpool.py:1103: InsecureRequestWarning: Unverified HTTPS request is being made to host 'randomuser.me'. Adding certificate verification is strongly advised. See: https://urllib3.readthedocs.io/en/latest/advanced-usage.html#tls-warnings
  warnings.warn(</msg>
<msg time="2024-04-30T14:13:28.233222" level="INFO">${response} = &lt;Response [200]&gt;</msg>
<var>${response}</var>
<arg>consultarAPI</arg>
<arg>/api</arg>
<doc>Sends a GET request on a previously created HTTP Session.</doc>
<status status="PASS" start="2024-04-30T14:13:28.136379" elapsed="0.096894"/>
</kw>
<kw name="Set Variable" owner="BuiltIn">
<msg time="2024-04-30T14:13:28.234186" level="INFO">${json_data} = {'results': [{'gender': 'female', 'name': {'title': 'Ms', 'first': 'Debra', 'last': 'Romero'}, 'location': {'street': {'number': 308, 'name': 'Spring St'}, 'city': 'Lexington', 'state': 'Connecticut',...</msg>
<var>${json_data}</var>
<arg>${response.json()}</arg>
<doc>Returns the given values which can then be assigned to a variables.</doc>
<status status="PASS" start="2024-04-30T14:13:28.233720" elapsed="0.000504"/>
</kw>
<kw name="Log" owner="BuiltIn">
<msg time="2024-04-30T14:13:28.234674" level="INFO">{'results': [{'gender': 'female', 'name': {'title': 'Ms', 'first': 'Debra', 'last': 'Romero'}, 'location': {'street': {'number': 308, 'name': 'Spring St'}, 'city': 'Lexington', 'state': 'Connecticut', 'country': 'United States', 'postcode': 38419, 'coordinates': {'latitude': '87.7902', 'longitude': '26.9494'}, 'timezone': {'offset': '+6:00', 'description': 'Almaty, Dhaka, Colombo'}}, 'email': 'debra.romero@example.com', 'login': {'uuid': '4ccc0c71-5c6f-4c0c-8349-0110ed25bd5e', 'username': 'purplebird172', 'password': 'conrad', 'salt': 'Yx7YdVco', 'md5': 'e8f96f095a0434cb4e85d71543d3b33d', 'sha1': '9684f5c964cfe0a172edabeab771ac54c0b26797', 'sha256': '0ceb170ebf64574a58a2b0cc9aa37646c20b1e6d54a021ca3b0bfa773c31aaf4'}, 'dob': {'date': '1948-06-27T23:41:20.111Z', 'age': 75}, 'registered': {'date': '2003-05-09T12:49:28.020Z', 'age': 20}, 'phone': '(813) 783-9642', 'cell': '(230) 993-9994', 'id': {'name': 'SSN', 'value': '769-55-2552'}, 'picture': {'large': 'https://randomuser.me/api/portraits/women/86.jpg', 'medium': 'https://randomuser.me/api/portraits/med/women/86.jpg', 'thumbnail': 'https://randomuser.me/api/portraits/thumb/women/86.jpg'}, 'nat': 'US'}], 'info': {'seed': 'a8f856a8faeb9422', 'results': 1, 'page': 1, 'version': '1.4'}}</msg>
<arg>${json_data}</arg>
<doc>Logs the given message with the given level.</doc>
<status status="PASS" start="2024-04-30T14:13:28.234526" elapsed="0.000231"/>
</kw>
<kw name="Should Be Equal As Numbers" owner="BuiltIn">
<arg>${json_data['results'][0]['location']['postcode']}</arg>
<arg>${json_data['results'][0]['location']['postcode']}</arg>
<doc>Fails if objects are unequal after converting them to real numbers.</doc>
<status status="PASS" start="2024-04-30T14:13:28.235212" elapsed="0.000617"/>
</kw>
<kw name="Log" owner="BuiltIn">
<msg time="2024-04-30T14:13:28.236354" level="INFO">38419</msg>
<arg>${json_data['results'][0]['location']['postcode']}</arg>
<doc>Logs the given message with the given level.</doc>
<status status="PASS" start="2024-04-30T14:13:28.236019" elapsed="0.000374"/>
</kw>
<status status="PASS" start="2024-04-30T14:13:28.136158" elapsed="0.100481"/>
</kw>
<doc>Testa se os tipos de dados na resposta da API estão corretos.</doc>
<tag>testeTiposDados</tag>
<status status="PASS" start="2024-04-30T14:13:28.080632" elapsed="0.156163"/>
</test>
<test id="s1-s1-t5" name="Validar conteudo" line="35">
<kw name="Teste de Tipos de Conteudo" owner="random-user-service">
<kw name="GET On Session" owner="RequestsLibrary">
<msg time="2024-04-30T14:13:28.335287" level="INFO">GET Request : url=https://randomuser.me/api 
 path_url=/api 
 headers={'User-Agent': 'python-requests/2.31.0', 'Accept-Encoding': 'gzip, deflate', 'Accept': '*/*', 'Connection': 'keep-alive'} 
 body=None 
 </msg>
<msg time="2024-04-30T14:13:28.335362" level="INFO">GET Response : url=https://randomuser.me/api 
 status=200, reason=OK 
 headers={'Date': 'Tue, 30 Apr 2024 14:13:28 GMT', 'Content-Type': 'application/json; charset=utf-8', 'Transfer-Encoding': 'chunked', 'Connection': 'keep-alive', 'X-Powered-By': 'Express', 'Access-Control-Allow-Origin': '*', 'Cache-Control': 'no-cache', 'ETag': 'W/"48e-MXvO2NRZXkVY4MTfxRYl8udxG3g"', 'Vary': 'Accept-Encoding', 'Content-Encoding': 'gzip', 'CF-Cache-Status': 'DYNAMIC', 'Report-To': '{"endpoints":[{"url":"https:\\/\\/a.nel.cloudflare.com\\/report\\/v4?s=gM0jXlKgx%2F5Pru8SERO4WI%2BoDiograXK1Ps%2Bz4d78EvZS%2BjmI4c70ttiMEvNbGJ2gKX387aBWQVXYadZ88MQ09ZkUl8EomVLZg%2FhqBBSCuD33zBxUUX%2BbKknwMXL7mNd"}],"group":"cf-nel","max_age":604800}', 'NEL': '{"success_fraction":0,"report_to":"cf-nel","max_age":604800}', 'Server': 'cloudflare', 'CF-RAY': '87c821f38c3807f8-IAD', 'alt-svc': 'h3=":443"; ma=86400'} 
 body={"results":[{"gender":"male","name":{"title":"Mr","first":"Vincent","last":"Clarke"},"location":{"street":{"number":7818,"name":"Flaxmere Ave"},"city":"Porirua","state":"Gisborne","country":"New Zealand","postcode":47403,"coordinates":{"latitude":"53.4245","longitude":"-151.5598"},"timezone":{"offset":"+10:00","description":"Eastern Australia, Guam, Vladivostok"}},"email":"vincent.clarke@example.com","login":{"uuid":"f1fc4a36-21ca-4782-bd3a-953e4772708a","username":"blueostrich635","password":"starfire","salt":"jfYNCFjR","md5":"2675288baed5bc848f8ab12292874274","sha1":"12a76694db14a94dafbdda7ee78d56a0149df624","sha256":"798e1da3cf9d1dbf292856af9ecacba6db3b75507a357b680a02642b5493a464"},"dob":{"date":"1962-09-07T01:44:11.304Z","age":61},"registered":{"date":"2006-05-31T03:30:55.864Z","age":17},"phone":"(344)-140-5653","cell":"(929)-355-4068","id":{"name":"","value":null},"picture":{"large":"https://randomuser.me/api/portraits/men/88.jpg","medium":"https://randomuser.me/api/portraits/med/men/88.jpg","thumbnail":"https://randomuser.me/api/portraits/thumb/men/88.jpg"},"nat":"NZ"}],"info":{"seed":"837a3340f5345fc0","results":1,"page":1,"version":"1.4"}} 
 </msg>
<msg time="2024-04-30T14:13:28.335427" level="INFO">/opt/hostedtoolcache/Python/3.12.3/x64/lib/python3.12/site-packages/urllib3/connectionpool.py:1103: InsecureRequestWarning: Unverified HTTPS request is being made to host 'randomuser.me'. Adding certificate verification is strongly advised. See: https://urllib3.readthedocs.io/en/latest/advanced-usage.html#tls-warnings
  warnings.warn(</msg>
<msg time="2024-04-30T14:13:28.335525" level="INFO">${response} = &lt;Response [200]&gt;</msg>
<var>${response}</var>
<arg>consultarAPI</arg>
<arg>/api</arg>
<doc>Sends a GET request on a previously created HTTP Session.</doc>
<status status="PASS" start="2024-04-30T14:13:28.239186" elapsed="0.096376"/>
</kw>
<kw name="Set Variable" owner="BuiltIn">
<msg time="2024-04-30T14:13:28.336431" level="INFO">${json_data} = {'results': [{'gender': 'male', 'name': {'title': 'Mr', 'first': 'Vincent', 'last': 'Clarke'}, 'location': {'street': {'number': 7818, 'name': 'Flaxmere Ave'}, 'city': 'Porirua', 'state': 'Gisborne', ...</msg>
<var>${json_data}</var>
<arg>${response.json()}</arg>
<doc>Returns the given values which can then be assigned to a variables.</doc>
<status status="PASS" start="2024-04-30T14:13:28.336007" elapsed="0.000452"/>
</kw>
<kw name="Set Variable" owner="BuiltIn">
<msg time="2024-04-30T14:13:28.337139" level="INFO">${name_title} = Mr</msg>
<var>${name_title}</var>
<arg>${json_data["results"][0]["name"]["title"]}</arg>
<doc>Returns the given values which can then be assigned to a variables.</doc>
<status status="PASS" start="2024-04-30T14:13:28.336759" elapsed="0.000405"/>
</kw>
<kw name="Create List" owner="BuiltIn">
<msg time="2024-04-30T14:13:28.337604" level="INFO">${allowed_titles} = ['Mr', 'Ms', 'Miss', 'Mrs', 'Madame', 'Monsieur']</msg>
<var>${allowed_titles}</var>
<arg>Mr</arg>
<arg>Ms</arg>
<arg>Miss</arg>
<arg>Mrs</arg>
<arg>Madame</arg>
<arg>Monsieur</arg>
<doc>Returns a list containing given items.</doc>
<status status="PASS" start="2024-04-30T14:13:28.337457" elapsed="0.000172"/>
</kw>
<kw name="List Should Contain Value" owner="Collections">
<msg time="2024-04-30T14:13:28.338092" level="INFO">False</msg>
<arg>${allowed_titles}</arg>
<arg>${name_title}</arg>
<doc>Fails if the ``value`` is not found from ``list``.</doc>
<status status="PASS" start="2024-04-30T14:13:28.337925" elapsed="0.000203"/>
</kw>
<kw name="Set Variable" owner="BuiltIn">
<msg time="2024-04-30T14:13:28.338789" level="INFO">${name_country} = NZ</msg>
<var>${name_country}</var>
<arg>${json_data["results"][0]["nat"]}</arg>
<doc>Returns the given values which can then be assigned to a variables.</doc>
<status status="PASS" start="2024-04-30T14:13:28.338412" elapsed="0.000402"/>
</kw>
<kw name="Create List" owner="BuiltIn">
<msg time="2024-04-30T14:13:28.339728" level="INFO">${list_country} = ['AD', 'AE', 'AF', 'AG', 'AI', 'AL', 'AM', 'AO', 'AQ', 'AR', 'AS', 'AT', 'AU', 'AW', 'AX', 'AZ', 'BA', 'BB', 'BD', 'BE', 'BF', 'BG', 'BH', 'BI', 'BJ', 'BL', 'BM', 'BN', 'BO', 'BQ', 'BR', 'BS', 'BT', '...</msg>
<var>${list_country}</var>
<arg>AD</arg>
<arg>AE</arg>
<arg>AF</arg>
<arg>AG</arg>
<arg>AI</arg>
<arg>AL</arg>
<arg>AM</arg>
<arg>AO</arg>
<arg>AQ</arg>
<arg>AR</arg>
<arg>AS</arg>
<arg>AT</arg>
<arg>AU</arg>
<arg>AW</arg>
<arg>AX</arg>
<arg>AZ</arg>
<arg>BA</arg>
<arg>BB</arg>
<arg>BD</arg>
<arg>BE</arg>
<arg>BF</arg>
<arg>BG</arg>
<arg>BH</arg>
<arg>BI</arg>
<arg>BJ</arg>
<arg>BL</arg>
<arg>BM</arg>
<arg>BN</arg>
<arg>BO</arg>
<arg>BQ</arg>
<arg>BR</arg>
<arg>BS</arg>
<arg>BT</arg>
<arg>BV</arg>
<arg>BW</arg>
<arg>BY</arg>
<arg>BZ</arg>
<arg>CA</arg>
<arg>CC</arg>
<arg>CD</arg>
<arg>CF</arg>
<arg>CG</arg>
<arg>CH</arg>
<arg>CI</arg>
<arg>CK</arg>
<arg>CL</arg>
<arg>CM</arg>
<arg>CN</arg>
<arg>CO</arg>
<arg>CR</arg>
<arg>CU</arg>
<arg>CV</arg>
<arg>CW</arg>
<arg>CX</arg>
<arg>CY</arg>
<arg>CZ</arg>
<arg>DE</arg>
<arg>DJ</arg>
<arg>DK</arg>
<arg>DM</arg>
<arg>DO</arg>
<arg>DZ</arg>
<arg>EC</arg>
<arg>EE</arg>
<arg>EG</arg>
<arg>EH</arg>
<arg>ER</arg>
<arg>ES</arg>
<arg>ET</arg>
<arg>FI</arg>
<arg>FJ</arg>
<arg>FK</arg>
<arg>FM</arg>
<arg>FO</arg>
<arg>FR</arg>
<arg>GA</arg>
<arg>GB</arg>
<arg>GD</arg>
<arg>GE</arg>
<arg>GF</arg>
<arg>GG</arg>
<arg>GH</arg>
<arg>GI</arg>
<arg>GL</arg>
<arg>GM</arg>
<arg>GN</arg>
<arg>GP</arg>
<arg>GQ</arg>
<arg>GR</arg>
<arg>GS</arg>
<arg>GT</arg>
<arg>GU</arg>
<arg>GW</arg>
<arg>GY</arg>
<arg>HK</arg>
<arg>HM</arg>
<arg>HN</arg>
<arg>HR</arg>
<arg>HT</arg>
<arg>HU</arg>
<arg>ID</arg>
<arg>IE</arg>
<arg>IL</arg>
<arg>IM</arg>
<arg>IN</arg>
<arg>IO</arg>
<arg>IQ</arg>
<arg>IR</arg>
<arg>IS</arg>
<arg>IT</arg>
<arg>JE</arg>
<arg>JM</arg>
<arg>JO</arg>
<arg>JP</arg>
<arg>KE</arg>
<arg>KG</arg>
<arg>KH</arg>
<arg>KI</arg>
<arg>KM</arg>
<arg>KN</arg>
<arg>KP</arg>
<arg>KR</arg>
<arg>KW</arg>
<arg>KY</arg>
<arg>KZ</arg>
<arg>LA</arg>
<arg>LB</arg>
<arg>LC</arg>
<arg>LI</arg>
<arg>LK</arg>
<arg>LR</arg>
<arg>LS</arg>
<arg>LT</arg>
<arg>LU</arg>
<arg>LV</arg>
<arg>LY</arg>
<arg>MA</arg>
<arg>MC</arg>
<arg>MD</arg>
<arg>ME</arg>
<arg>MF</arg>
<arg>MG</arg>
<arg>MH</arg>
<arg>MK</arg>
<arg>ML</arg>
<arg>MM</arg>
<arg>MN</arg>
<arg>MO</arg>
<arg>MP</arg>
<arg>MQ</arg>
<arg>MR</arg>
<arg>MS</arg>
<arg>MT</arg>
<arg>MU</arg>
<arg>MV</arg>
<arg>MW</arg>
<arg>MX</arg>
<arg>MY</arg>
<arg>MZ</arg>
<arg>NA</arg>
<arg>NC</arg>
<arg>NE</arg>
<arg>NF</arg>
<arg>NG</arg>
<arg>NI</arg>
<arg>NL</arg>
<arg>NO</arg>
<arg>NP</arg>
<arg>NR</arg>
<arg>NU</arg>
<arg>NZ</arg>
<arg>OM</arg>
<arg>PA</arg>
<arg>PE</arg>
<arg>PF</arg>
<arg>PG</arg>
<arg>PH</arg>
<arg>PK</arg>
<arg>PL</arg>
<arg>PM</arg>
<arg>PN</arg>
<arg>PR</arg>
<arg>PS</arg>
<arg>PT</arg>
<arg>PW</arg>
<arg>PY</arg>
<arg>QA</arg>
<arg>RE</arg>
<arg>RO</arg>
<arg>RS</arg>
<arg>RU</arg>
<arg>RW</arg>
<arg>SA</arg>
<arg>SB</arg>
<arg>SC</arg>
<arg>SD</arg>
<arg>SE</arg>
<arg>SG</arg>
<arg>SH</arg>
<arg>SI</arg>
<arg>SJ</arg>
<arg>SK</arg>
<arg>SL</arg>
<arg>SM</arg>
<arg>SN</arg>
<arg>SO</arg>
<arg>SR</arg>
<arg>SS</arg>
<arg>ST</arg>
<arg>SV</arg>
<arg>SX</arg>
<arg>SY</arg>
<arg>SZ</arg>
<arg>TC</arg>
<arg>TD</arg>
<arg>TF</arg>
<arg>TG</arg>
<arg>TH</arg>
<arg>TJ</arg>
<arg>TK</arg>
<arg>TL</arg>
<arg>TM</arg>
<arg>TN</arg>
<arg>TO</arg>
<arg>TR</arg>
<arg>TT</arg>
<arg>TV</arg>
<arg>TW</arg>
<arg>TZ</arg>
<arg>UA</arg>
<arg>UG</arg>
<arg>UM</arg>
<arg>US</arg>
<arg>UY</arg>
<arg>UZ</arg>
<arg>VA</arg>
<arg>VC</arg>
<arg>VE</arg>
<arg>VG</arg>
<arg>VI</arg>
<arg>VN</arg>
<arg>VU</arg>
<arg>WF</arg>
<arg>WS</arg>
<arg>XK</arg>
<arg>YE</arg>
<arg>YT</arg>
<arg>ZA</arg>
<arg>ZM</arg>
<arg>ZW</arg>
<doc>Returns a list containing given items.</doc>
<status status="PASS" start="2024-04-30T14:13:28.339136" elapsed="0.000617"/>
</kw>
<kw name="List Should Contain Value" owner="Collections">
<msg time="2024-04-30T14:13:28.340738" level="INFO">False</msg>
<arg>${list_country}</arg>
<arg>${name_country}</arg>
<doc>Fails if the ``value`` is not found from ``list``.</doc>
<status status="PASS" start="2024-04-30T14:13:28.340541" elapsed="0.000234"/>
</kw>
<kw name="Run Keyword If" owner="BuiltIn">
<kw name="Should Be True" owner="BuiltIn">
<arg>${True}</arg>
<doc>Fails if the given condition is not true.</doc>
<status status="PASS" start="2024-04-30T14:13:28.341843" elapsed="0.000239"/>
</kw>
<arg>${json_data["results"][0]["location"]["coordinates"]["latitude"]} &gt;= -90 and ${json_data["results"][0]["location"]["coordinates"]["latitude"]} &lt;= 90</arg>
<arg>Should Be True</arg>
<arg>${True}</arg>
<doc>Runs the given keyword with the given arguments, if ``condition`` is true.</doc>
<status status="PASS" start="2024-04-30T14:13:28.341088" elapsed="0.001125"/>
</kw>
<kw name="Run Keyword If" owner="BuiltIn">
<kw name="Should Be True" owner="BuiltIn">
<arg>${True}</arg>
<doc>Fails if the given condition is not true.</doc>
<status status="PASS" start="2024-04-30T14:13:28.343136" elapsed="0.000149"/>
</kw>
<arg>${json_data["results"][0]["location"]["coordinates"]["longitude"]} &gt;= -180 and ${json_data["results"][0]["location"]["coordinates"]["longitude"]} &lt;= 180</arg>
<arg>Should Be True</arg>
<arg>${True}</arg>
<doc>Runs the given keyword with the given arguments, if ``condition`` is true.</doc>
<status status="PASS" start="2024-04-30T14:13:28.342401" elapsed="0.001019"/>
</kw>
<status status="PASS" start="2024-04-30T14:13:28.238938" elapsed="0.104610"/>
</kw>
<doc>Testa o conteúdo específico dos campos retornados pela API.</doc>
<tag>testeConteudo</tag>
<status status="PASS" start="2024-04-30T14:13:28.238506" elapsed="0.105184"/>
</test>
<status status="PASS" start="2024-04-30T14:13:27.331103" elapsed="1.014504"/>
</suite>
<status status="PASS" start="2024-04-30T14:13:27.317725" elapsed="1.032984"/>
</suite>
<statistics>
<total>
<stat pass="5" fail="0" skip="0">All Tests</stat>
</total>
<tag>
<stat pass="1" fail="0" skip="0">testeConteudo</stat>
<stat pass="1" fail="0" skip="0">testeEstruturaResposta</stat>
<stat pass="1" fail="0" skip="0">testeRequisicaoBasica</stat>
<stat pass="1" fail="0" skip="0">testeTiposDados</stat>
</tag>
<suite>
<stat pass="5" fail="0" skip="0" id="s1" name="Tests">Tests</stat>
<stat pass="5" fail="0" skip="0" id="s1-s1" name="Random-User-Test">Tests.Random-User-Test</stat>
</suite>
</statistics>
<errors>
</errors>
</robot>
