<?xml version="1.0" encoding="UTF-8"?>
<robot generator="Robot 7.0 (Python 3.12.3 on linux)" generated="2024-05-18T11:11:38.399140" rpa="false" schemaversion="5">
<suite id="s1" name="Tests" source="/home/runner/work/DesafioQAItauRogerioJordao/DesafioQAItauRogerioJordao/RamdonUser/tests">
<suite id="s1-s1" name="Random-User-Test" source="/home/runner/work/DesafioQAItauRogerioJordao/DesafioQAItauRogerioJordao/RamdonUser/tests/random-user-test.robot">
<test id="s1-s1-t1" name="Conectar" line="13">
<kw name="Conectar API" owner="random-user-service">
<kw name="Create Session" owner="RequestsLibrary">
<msg time="2024-05-18T11:11:38.848404" level="INFO">Creating Session using : alias=consultarAPI, url=https://randomuser.me/, headers={},                     cookies={}, auth=None, timeout=None, proxies=None, verify=False,                     debug=0 </msg>
<arg>consultarAPI</arg>
<arg>${URL}</arg>
<doc>Create Session: create a HTTP session to a server</doc>
<status status="PASS" start="2024-05-18T11:11:38.848156" elapsed="0.000465"/>
</kw>
<status status="PASS" start="2024-05-18T11:11:38.847013" elapsed="0.002098"/>
</kw>
<status status="PASS" start="2024-05-18T11:11:38.846207" elapsed="0.003116"/>
</test>
<test id="s1-s1-t2" name="Validar retorno 200 e JSON Válido" line="16">
<kw name="Teste de Requisicao Basica" owner="random-user-service">
<kw name="GET On Session" owner="RequestsLibrary">
<msg time="2024-05-18T11:11:39.053829" level="INFO">GET Request : url=https://randomuser.me/api 
 path_url=/api 
 headers={'User-Agent': 'python-requests/2.31.0', 'Accept-Encoding': 'gzip, deflate', 'Accept': '*/*', 'Connection': 'keep-alive'} 
 body=None 
 </msg>
<msg time="2024-05-18T11:11:39.054027" level="INFO">GET Response : url=https://randomuser.me/api 
 status=200, reason=OK 
 headers={'Date': 'Sat, 18 May 2024 11:11:39 GMT', 'Content-Type': 'application/json; charset=utf-8', 'Transfer-Encoding': 'chunked', 'Connection': 'keep-alive', 'X-Powered-By': 'Express', 'Access-Control-Allow-Origin': '*', 'Cache-Control': 'no-cache', 'ETag': 'W/"490-9uFECcGxMnFzhpUQOxRbg2ZQKkU"', 'Vary': 'Accept-Encoding', 'Content-Encoding': 'gzip', 'CF-Cache-Status': 'DYNAMIC', 'Report-To': '{"endpoints":[{"url":"https:\\/\\/a.nel.cloudflare.com\\/report\\/v4?s=JQBxzQxqQASP8CxJkdBu4%2BsXbb%2F1Nhps1IBW5g0zIS17vvQnKJiF2j1IYuJcNDGPK24JH%2F5we2uFBEW4Ljm2NTV%2B0dcB%2BPavMhyVubIqs0wg5WIekRiNGs0MHX311uHD"}],"group":"cf-nel","max_age":604800}', 'NEL': '{"success_fraction":0,"report_to":"cf-nel","max_age":604800}', 'Server': 'cloudflare', 'CF-RAY': '885b685ced098269-IAD', 'alt-svc': 'h3=":443"; ma=86400'} 
 body={"results":[{"gender":"male","name":{"title":"Mr","first":"Noham","last":"Lefebvre"},"location":{"street":{"number":3656,"name":"Rue des Jardins"},"city":"Créteil","state":"Seine-Maritime","country":"France","postcode":68167,"coordinates":{"latitude":"-14.2706","longitude":"-51.3814"},"timezone":{"offset":"+9:30","description":"Adelaide, Darwin"}},"email":"noham.lefebvre@example.com","login":{"uuid":"c8e5b4da-9fdc-4797-b30b-5d32def745c4","username":"angrypeacock383","password":"coming","salt":"J8ZXEJEn","md5":"22578ba4041bf23f168c7c01aebf533f","sha1":"f29d1d3545bf9e9cf7d5b27f7f702528b5c3df1c","sha256":"d473a66d8e2785b97a57f696a3e60bd369e7d06701480b38f970084f032c1fd6"},"dob":{"date":"1992-11-04T15:53:59.047Z","age":31},"registered":{"date":"2006-02-19T20:31:12.850Z","age":18},"phone":"05-99-43-37-23","cell":"06-48-28-74-48","id":{"name":"INSEE","value":"1921052695518 87"},"picture":{"large":"https://randomuser.me/api/portraits/men/15.jpg","medium":"https://randomuser.me/api/portraits/med/men/15.jpg","thumbnail":"https://randomuser.me/api/portraits/thumb/men/15.jpg"},"nat":"FR"}],"info":{"seed":"19583276fdd789f0","results":1,"page":1,"version":"1.4"}} 
 </msg>
<msg time="2024-05-18T11:11:39.054124" level="INFO">/opt/hostedtoolcache/Python/3.12.3/x64/lib/python3.12/site-packages/urllib3/connectionpool.py:1103: InsecureRequestWarning: Unverified HTTPS request is being made to host 'randomuser.me'. Adding certificate verification is strongly advised. See: https://urllib3.readthedocs.io/en/latest/advanced-usage.html#tls-warnings
  warnings.warn(</msg>
<msg time="2024-05-18T11:11:39.054282" level="INFO">${response} = &lt;Response [200]&gt;</msg>
<var>${response}</var>
<arg>consultarAPI</arg>
<arg>/api</arg>
<doc>Sends a GET request on a previously created HTTP Session.</doc>
<status status="PASS" start="2024-05-18T11:11:38.852185" elapsed="0.202141"/>
</kw>
<kw name="Should Be Equal As Numbers" owner="BuiltIn">
<msg time="2024-05-18T11:11:39.055466" level="INFO">Argument types are:
&lt;class 'int'&gt;
&lt;class 'str'&gt;</msg>
<arg>${response.status_code}</arg>
<arg>200</arg>
<doc>Fails if objects are unequal after converting them to real numbers.</doc>
<status status="PASS" start="2024-05-18T11:11:39.054936" elapsed="0.000607"/>
</kw>
<kw name="Log" owner="BuiltIn">
<msg time="2024-05-18T11:11:39.056399" level="INFO">200</msg>
<arg>${response.status_code}</arg>
<doc>Logs the given message with the given level.</doc>
<status status="PASS" start="2024-05-18T11:11:39.055986" elapsed="0.000460"/>
</kw>
<kw name="Set Variable" owner="BuiltIn">
<msg time="2024-05-18T11:11:39.057508" level="INFO">${json_data} = {'results': [{'gender': 'male', 'name': {'title': 'Mr', 'first': 'Noham', 'last': 'Lefebvre'}, 'location': {'street': {'number': 3656, 'name': 'Rue des Jardins'}, 'city': 'Créteil', 'state': 'Seine-Ma...</msg>
<var>${json_data}</var>
<arg>${response.json()}</arg>
<doc>Returns the given values which can then be assigned to a variables.</doc>
<status status="PASS" start="2024-05-18T11:11:39.056806" elapsed="0.000754"/>
</kw>
<kw name="Dictionary Should Contain Key" owner="Collections">
<msg time="2024-05-18T11:11:39.058332" level="INFO">False</msg>
<arg>${json_data}</arg>
<arg>results</arg>
<doc>Fails if ``key`` is not found from ``dictionary``.</doc>
<status status="PASS" start="2024-05-18T11:11:39.058081" elapsed="0.000315"/>
</kw>
<status status="PASS" start="2024-05-18T11:11:38.851904" elapsed="0.206878"/>
</kw>
<doc>Testa se a API responde corretamente e retorna um objeto JSON válido.</doc>
<tag>testeRequisicaoBasica</tag>
<status status="PASS" start="2024-05-18T11:11:38.851323" elapsed="0.207740"/>
</test>
<test id="s1-s1-t3" name="Validar estrutura de resposta" line="22">
<kw name="Teste de Estrutura de Resposta" owner="random-user-service">
<kw name="GET On Session" owner="RequestsLibrary">
<msg time="2024-05-18T11:11:39.151960" level="INFO">GET Request : url=https://randomuser.me/api 
 path_url=/api 
 headers={'User-Agent': 'python-requests/2.31.0', 'Accept-Encoding': 'gzip, deflate', 'Accept': '*/*', 'Connection': 'keep-alive'} 
 body=None 
 </msg>
<msg time="2024-05-18T11:11:39.152132" level="INFO">GET Response : url=https://randomuser.me/api 
 status=200, reason=OK 
 headers={'Date': 'Sat, 18 May 2024 11:11:39 GMT', 'Content-Type': 'application/json; charset=utf-8', 'Transfer-Encoding': 'chunked', 'Connection': 'keep-alive', 'X-Powered-By': 'Express', 'Access-Control-Allow-Origin': '*', 'Cache-Control': 'no-cache', 'ETag': 'W/"498-ng/B4cbpoHg/XWiQxEarXnFH8QE"', 'Vary': 'Accept-Encoding', 'Content-Encoding': 'gzip', 'CF-Cache-Status': 'DYNAMIC', 'Report-To': '{"endpoints":[{"url":"https:\\/\\/a.nel.cloudflare.com\\/report\\/v4?s=%2BnYjDEz1955FtN99uq8y%2Brs3b7dczLuAyOxOJFdl5IoYsq3VkdZo1GIPGErJexGF4UIIO8GFkgkz70MGN9zeDR7WnPlQ1z2ZZKHdvXsC9Vk%2BgeWu%2B5y0tlW%2FIbtTjd0l"}],"group":"cf-nel","max_age":604800}', 'NEL': '{"success_fraction":0,"report_to":"cf-nel","max_age":604800}', 'Server': 'cloudflare', 'CF-RAY': '885b685d2d558269-IAD', 'alt-svc': 'h3=":443"; ma=86400'} 
 body={"results":[{"gender":"female","name":{"title":"Mrs","first":"Zoe","last":"Brown"},"location":{"street":{"number":4280,"name":"North Street"},"city":"Norwich","state":"Clwyd","country":"United Kingdom","postcode":"YG43 7GE","coordinates":{"latitude":"-9.3098","longitude":"155.2712"},"timezone":{"offset":"+3:00","description":"Baghdad, Riyadh, Moscow, St. Petersburg"}},"email":"zoe.brown@example.com","login":{"uuid":"f1786892-d08a-42ba-b9a8-e09b02ea8ea9","username":"orangetiger150","password":"paloma","salt":"cHOkTQ0M","md5":"c2959355a193bfb9df4b7c21cfbd1080","sha1":"00ff46671343214e16629da9d9351d0075083341","sha256":"94b170f3e8e3e2d0b6d36531b8e4968dc17593c7ce40569ace6b0fb2642e2cce"},"dob":{"date":"1977-07-21T19:06:57.828Z","age":46},"registered":{"date":"2016-09-11T06:18:01.729Z","age":7},"phone":"019467 27829","cell":"07030 424656","id":{"name":"NINO","value":"WR 37 19 01 D"},"picture":{"large":"https://randomuser.me/api/portraits/women/2.jpg","medium":"https://randomuser.me/api/portraits/med/women/2.jpg","thumbnail":"https://randomuser.me/api/portraits/thumb/women/2.jpg"},"nat":"GB"}],"info":{"seed":"7605cc5297155d1d","results":1,"page":1,"version":"1.4"}} 
 </msg>
<msg time="2024-05-18T11:11:39.152343" level="INFO">/opt/hostedtoolcache/Python/3.12.3/x64/lib/python3.12/site-packages/urllib3/connectionpool.py:1103: InsecureRequestWarning: Unverified HTTPS request is being made to host 'randomuser.me'. Adding certificate verification is strongly advised. See: https://urllib3.readthedocs.io/en/latest/advanced-usage.html#tls-warnings
  warnings.warn(</msg>
<msg time="2024-05-18T11:11:39.152525" level="INFO">${response} = &lt;Response [200]&gt;</msg>
<var>${response}</var>
<arg>consultarAPI</arg>
<arg>/api</arg>
<doc>Sends a GET request on a previously created HTTP Session.</doc>
<status status="PASS" start="2024-05-18T11:11:39.062340" elapsed="0.090231"/>
</kw>
<kw name="Set Variable" owner="BuiltIn">
<msg time="2024-05-18T11:11:39.154174" level="INFO">${json_data} = {'results': [{'gender': 'female', 'name': {'title': 'Mrs', 'first': 'Zoe', 'last': 'Brown'}, 'location': {'street': {'number': 4280, 'name': 'North Street'}, 'city': 'Norwich', 'state': 'Clwyd', 'coun...</msg>
<var>${json_data}</var>
<arg>${response.json()}</arg>
<doc>Returns the given values which can then be assigned to a variables.</doc>
<status status="PASS" start="2024-05-18T11:11:39.153305" elapsed="0.000914"/>
</kw>
<kw name="Log" owner="BuiltIn">
<msg time="2024-05-18T11:11:39.155097" level="INFO">{'results': [{'gender': 'female', 'name': {'title': 'Mrs', 'first': 'Zoe', 'last': 'Brown'}, 'location': {'street': {'number': 4280, 'name': 'North Street'}, 'city': 'Norwich', 'state': 'Clwyd', 'country': 'United Kingdom', 'postcode': 'YG43 7GE', 'coordinates': {'latitude': '-9.3098', 'longitude': '155.2712'}, 'timezone': {'offset': '+3:00', 'description': 'Baghdad, Riyadh, Moscow, St. Petersburg'}}, 'email': 'zoe.brown@example.com', 'login': {'uuid': 'f1786892-d08a-42ba-b9a8-e09b02ea8ea9', 'username': 'orangetiger150', 'password': 'paloma', 'salt': 'cHOkTQ0M', 'md5': 'c2959355a193bfb9df4b7c21cfbd1080', 'sha1': '00ff46671343214e16629da9d9351d0075083341', 'sha256': '94b170f3e8e3e2d0b6d36531b8e4968dc17593c7ce40569ace6b0fb2642e2cce'}, 'dob': {'date': '1977-07-21T19:06:57.828Z', 'age': 46}, 'registered': {'date': '2016-09-11T06:18:01.729Z', 'age': 7}, 'phone': '019467 27829', 'cell': '07030 424656', 'id': {'name': 'NINO', 'value': 'WR 37 19 01 D'}, 'picture': {'large': 'https://randomuser.me/api/portraits/women/2.jpg', 'medium': 'https://randomuser.me/api/portraits/med/women/2.jpg', 'thumbnail': 'https://randomuser.me/api/portraits/thumb/women/2.jpg'}, 'nat': 'GB'}], 'info': {'seed': '7605cc5297155d1d', 'results': 1, 'page': 1, 'version': '1.4'}}</msg>
<arg>${json_data}</arg>
<doc>Logs the given message with the given level.</doc>
<status status="PASS" start="2024-05-18T11:11:39.154800" elapsed="0.000386"/>
</kw>
<kw name="Dictionary Should Contain Key" owner="Collections">
<msg time="2024-05-18T11:11:39.156024" level="INFO">False</msg>
<arg>${json_data}</arg>
<arg>results</arg>
<doc>Fails if ``key`` is not found from ``dictionary``.</doc>
<status status="PASS" start="2024-05-18T11:11:39.155760" elapsed="0.000309"/>
</kw>
<kw name="Should Not Be Empty" owner="BuiltIn">
<msg time="2024-05-18T11:11:39.156582" level="INFO">Length is 2.</msg>
<arg>${json_data}</arg>
<doc>Verifies that the given item is not empty.</doc>
<status status="PASS" start="2024-05-18T11:11:39.156427" elapsed="0.000206"/>
</kw>
<kw name="Create List" owner="BuiltIn">
<msg time="2024-05-18T11:11:39.157315" level="INFO">${expected_keys} = ['gender', 'name', 'location', 'email', 'login']</msg>
<var>${expected_keys}</var>
<arg>gender</arg>
<arg>name</arg>
<arg>location</arg>
<arg>email</arg>
<arg>login</arg>
<doc>Returns a list containing given items.</doc>
<status status="PASS" start="2024-05-18T11:11:39.156965" elapsed="0.000376"/>
</kw>
<for flavor="IN">
<iter>
<kw name="Dictionary Should Contain Key" owner="Collections">
<msg time="2024-05-18T11:11:39.158455" level="INFO">False</msg>
<arg>${json_data['results'][0]}</arg>
<arg>${key}</arg>
<doc>Fails if ``key`` is not found from ``dictionary``.</doc>
<status status="PASS" start="2024-05-18T11:11:39.158003" elapsed="0.000492"/>
</kw>
<kw name="Log" owner="BuiltIn">
<msg time="2024-05-18T11:11:39.159215" level="INFO">{'gender': 'female', 'name': {'title': 'Mrs', 'first': 'Zoe', 'last': 'Brown'}, 'location': {'street': {'number': 4280, 'name': 'North Street'}, 'city': 'Norwich', 'state': 'Clwyd', 'country': 'United Kingdom', 'postcode': 'YG43 7GE', 'coordinates': {'latitude': '-9.3098', 'longitude': '155.2712'}, 'timezone': {'offset': '+3:00', 'description': 'Baghdad, Riyadh, Moscow, St. Petersburg'}}, 'email': 'zoe.brown@example.com', 'login': {'uuid': 'f1786892-d08a-42ba-b9a8-e09b02ea8ea9', 'username': 'orangetiger150', 'password': 'paloma', 'salt': 'cHOkTQ0M', 'md5': 'c2959355a193bfb9df4b7c21cfbd1080', 'sha1': '00ff46671343214e16629da9d9351d0075083341', 'sha256': '94b170f3e8e3e2d0b6d36531b8e4968dc17593c7ce40569ace6b0fb2642e2cce'}, 'dob': {'date': '1977-07-21T19:06:57.828Z', 'age': 46}, 'registered': {'date': '2016-09-11T06:18:01.729Z', 'age': 7}, 'phone': '019467 27829', 'cell': '07030 424656', 'id': {'name': 'NINO', 'value': 'WR 37 19 01 D'}, 'picture': {'large': 'https://randomuser.me/api/portraits/women/2.jpg', 'medium': 'https://randomuser.me/api/portraits/med/women/2.jpg', 'thumbnail': 'https://randomuser.me/api/portraits/thumb/women/2.jpg'}, 'nat': 'GB'}</msg>
<arg>${json_data['results'][0]}</arg>
<doc>Logs the given message with the given level.</doc>
<status status="PASS" start="2024-05-18T11:11:39.158815" elapsed="0.000451"/>
</kw>
<kw name="Log" owner="BuiltIn">
<msg time="2024-05-18T11:11:39.159760" level="INFO">gender</msg>
<arg>${key}</arg>
<doc>Logs the given message with the given level.</doc>
<status status="PASS" start="2024-05-18T11:11:39.159624" elapsed="0.000175"/>
</kw>
<var name="${key}">gender</var>
<status status="PASS" start="2024-05-18T11:11:39.157859" elapsed="0.002161"/>
</iter>
<iter>
<kw name="Dictionary Should Contain Key" owner="Collections">
<msg time="2024-05-18T11:11:39.160778" level="INFO">False</msg>
<arg>${json_data['results'][0]}</arg>
<arg>${key}</arg>
<doc>Fails if ``key`` is not found from ``dictionary``.</doc>
<status status="PASS" start="2024-05-18T11:11:39.160354" elapsed="0.000462"/>
</kw>
<kw name="Log" owner="BuiltIn">
<msg time="2024-05-18T11:11:39.161529" level="INFO">{'gender': 'female', 'name': {'title': 'Mrs', 'first': 'Zoe', 'last': 'Brown'}, 'location': {'street': {'number': 4280, 'name': 'North Street'}, 'city': 'Norwich', 'state': 'Clwyd', 'country': 'United Kingdom', 'postcode': 'YG43 7GE', 'coordinates': {'latitude': '-9.3098', 'longitude': '155.2712'}, 'timezone': {'offset': '+3:00', 'description': 'Baghdad, Riyadh, Moscow, St. Petersburg'}}, 'email': 'zoe.brown@example.com', 'login': {'uuid': 'f1786892-d08a-42ba-b9a8-e09b02ea8ea9', 'username': 'orangetiger150', 'password': 'paloma', 'salt': 'cHOkTQ0M', 'md5': 'c2959355a193bfb9df4b7c21cfbd1080', 'sha1': '00ff46671343214e16629da9d9351d0075083341', 'sha256': '94b170f3e8e3e2d0b6d36531b8e4968dc17593c7ce40569ace6b0fb2642e2cce'}, 'dob': {'date': '1977-07-21T19:06:57.828Z', 'age': 46}, 'registered': {'date': '2016-09-11T06:18:01.729Z', 'age': 7}, 'phone': '019467 27829', 'cell': '07030 424656', 'id': {'name': 'NINO', 'value': 'WR 37 19 01 D'}, 'picture': {'large': 'https://randomuser.me/api/portraits/women/2.jpg', 'medium': 'https://randomuser.me/api/portraits/med/women/2.jpg', 'thumbnail': 'https://randomuser.me/api/portraits/thumb/women/2.jpg'}, 'nat': 'GB'}</msg>
<arg>${json_data['results'][0]}</arg>
<doc>Logs the given message with the given level.</doc>
<status status="PASS" start="2024-05-18T11:11:39.161153" elapsed="0.000425"/>
</kw>
<kw name="Log" owner="BuiltIn">
<msg time="2024-05-18T11:11:39.162008" level="INFO">name</msg>
<arg>${key}</arg>
<doc>Logs the given message with the given level.</doc>
<status status="PASS" start="2024-05-18T11:11:39.161880" elapsed="0.000167"/>
</kw>
<var name="${key}">name</var>
<status status="PASS" start="2024-05-18T11:11:39.160229" elapsed="0.002036"/>
</iter>
<iter>
<kw name="Dictionary Should Contain Key" owner="Collections">
<msg time="2024-05-18T11:11:39.162973" level="INFO">False</msg>
<arg>${json_data['results'][0]}</arg>
<arg>${key}</arg>
<doc>Fails if ``key`` is not found from ``dictionary``.</doc>
<status status="PASS" start="2024-05-18T11:11:39.162573" elapsed="0.000437"/>
</kw>
<kw name="Log" owner="BuiltIn">
<msg time="2024-05-18T11:11:39.163726" level="INFO">{'gender': 'female', 'name': {'title': 'Mrs', 'first': 'Zoe', 'last': 'Brown'}, 'location': {'street': {'number': 4280, 'name': 'North Street'}, 'city': 'Norwich', 'state': 'Clwyd', 'country': 'United Kingdom', 'postcode': 'YG43 7GE', 'coordinates': {'latitude': '-9.3098', 'longitude': '155.2712'}, 'timezone': {'offset': '+3:00', 'description': 'Baghdad, Riyadh, Moscow, St. Petersburg'}}, 'email': 'zoe.brown@example.com', 'login': {'uuid': 'f1786892-d08a-42ba-b9a8-e09b02ea8ea9', 'username': 'orangetiger150', 'password': 'paloma', 'salt': 'cHOkTQ0M', 'md5': 'c2959355a193bfb9df4b7c21cfbd1080', 'sha1': '00ff46671343214e16629da9d9351d0075083341', 'sha256': '94b170f3e8e3e2d0b6d36531b8e4968dc17593c7ce40569ace6b0fb2642e2cce'}, 'dob': {'date': '1977-07-21T19:06:57.828Z', 'age': 46}, 'registered': {'date': '2016-09-11T06:18:01.729Z', 'age': 7}, 'phone': '019467 27829', 'cell': '07030 424656', 'id': {'name': 'NINO', 'value': 'WR 37 19 01 D'}, 'picture': {'large': 'https://randomuser.me/api/portraits/women/2.jpg', 'medium': 'https://randomuser.me/api/portraits/med/women/2.jpg', 'thumbnail': 'https://randomuser.me/api/portraits/thumb/women/2.jpg'}, 'nat': 'GB'}</msg>
<arg>${json_data['results'][0]}</arg>
<doc>Logs the given message with the given level.</doc>
<status status="PASS" start="2024-05-18T11:11:39.163311" elapsed="0.000464"/>
</kw>
<kw name="Log" owner="BuiltIn">
<msg time="2024-05-18T11:11:39.164202" level="INFO">location</msg>
<arg>${key}</arg>
<doc>Logs the given message with the given level.</doc>
<status status="PASS" start="2024-05-18T11:11:39.164072" elapsed="0.000169"/>
</kw>
<var name="${key}">location</var>
<status status="PASS" start="2024-05-18T11:11:39.162456" elapsed="0.002003"/>
</iter>
<iter>
<kw name="Dictionary Should Contain Key" owner="Collections">
<msg time="2024-05-18T11:11:39.165154" level="INFO">False</msg>
<arg>${json_data['results'][0]}</arg>
<arg>${key}</arg>
<doc>Fails if ``key`` is not found from ``dictionary``.</doc>
<status status="PASS" start="2024-05-18T11:11:39.164754" elapsed="0.000436"/>
</kw>
<kw name="Log" owner="BuiltIn">
<msg time="2024-05-18T11:11:39.165848" level="INFO">{'gender': 'female', 'name': {'title': 'Mrs', 'first': 'Zoe', 'last': 'Brown'}, 'location': {'street': {'number': 4280, 'name': 'North Street'}, 'city': 'Norwich', 'state': 'Clwyd', 'country': 'United Kingdom', 'postcode': 'YG43 7GE', 'coordinates': {'latitude': '-9.3098', 'longitude': '155.2712'}, 'timezone': {'offset': '+3:00', 'description': 'Baghdad, Riyadh, Moscow, St. Petersburg'}}, 'email': 'zoe.brown@example.com', 'login': {'uuid': 'f1786892-d08a-42ba-b9a8-e09b02ea8ea9', 'username': 'orangetiger150', 'password': 'paloma', 'salt': 'cHOkTQ0M', 'md5': 'c2959355a193bfb9df4b7c21cfbd1080', 'sha1': '00ff46671343214e16629da9d9351d0075083341', 'sha256': '94b170f3e8e3e2d0b6d36531b8e4968dc17593c7ce40569ace6b0fb2642e2cce'}, 'dob': {'date': '1977-07-21T19:06:57.828Z', 'age': 46}, 'registered': {'date': '2016-09-11T06:18:01.729Z', 'age': 7}, 'phone': '019467 27829', 'cell': '07030 424656', 'id': {'name': 'NINO', 'value': 'WR 37 19 01 D'}, 'picture': {'large': 'https://randomuser.me/api/portraits/women/2.jpg', 'medium': 'https://randomuser.me/api/portraits/med/women/2.jpg', 'thumbnail': 'https://randomuser.me/api/portraits/thumb/women/2.jpg'}, 'nat': 'GB'}</msg>
<arg>${json_data['results'][0]}</arg>
<doc>Logs the given message with the given level.</doc>
<status status="PASS" start="2024-05-18T11:11:39.165488" elapsed="0.000410"/>
</kw>
<kw name="Log" owner="BuiltIn">
<msg time="2024-05-18T11:11:39.166310" level="INFO">email</msg>
<arg>${key}</arg>
<doc>Logs the given message with the given level.</doc>
<status status="PASS" start="2024-05-18T11:11:39.166185" elapsed="0.000164"/>
</kw>
<var name="${key}">email</var>
<status status="PASS" start="2024-05-18T11:11:39.164640" elapsed="0.001932"/>
</iter>
<iter>
<kw name="Dictionary Should Contain Key" owner="Collections">
<msg time="2024-05-18T11:11:39.167268" level="INFO">False</msg>
<arg>${json_data['results'][0]}</arg>
<arg>${key}</arg>
<doc>Fails if ``key`` is not found from ``dictionary``.</doc>
<status status="PASS" start="2024-05-18T11:11:39.166869" elapsed="0.000436"/>
</kw>
<kw name="Log" owner="BuiltIn">
<msg time="2024-05-18T11:11:39.168013" level="INFO">{'gender': 'female', 'name': {'title': 'Mrs', 'first': 'Zoe', 'last': 'Brown'}, 'location': {'street': {'number': 4280, 'name': 'North Street'}, 'city': 'Norwich', 'state': 'Clwyd', 'country': 'United Kingdom', 'postcode': 'YG43 7GE', 'coordinates': {'latitude': '-9.3098', 'longitude': '155.2712'}, 'timezone': {'offset': '+3:00', 'description': 'Baghdad, Riyadh, Moscow, St. Petersburg'}}, 'email': 'zoe.brown@example.com', 'login': {'uuid': 'f1786892-d08a-42ba-b9a8-e09b02ea8ea9', 'username': 'orangetiger150', 'password': 'paloma', 'salt': 'cHOkTQ0M', 'md5': 'c2959355a193bfb9df4b7c21cfbd1080', 'sha1': '00ff46671343214e16629da9d9351d0075083341', 'sha256': '94b170f3e8e3e2d0b6d36531b8e4968dc17593c7ce40569ace6b0fb2642e2cce'}, 'dob': {'date': '1977-07-21T19:06:57.828Z', 'age': 46}, 'registered': {'date': '2016-09-11T06:18:01.729Z', 'age': 7}, 'phone': '019467 27829', 'cell': '07030 424656', 'id': {'name': 'NINO', 'value': 'WR 37 19 01 D'}, 'picture': {'large': 'https://randomuser.me/api/portraits/women/2.jpg', 'medium': 'https://randomuser.me/api/portraits/med/women/2.jpg', 'thumbnail': 'https://randomuser.me/api/portraits/thumb/women/2.jpg'}, 'nat': 'GB'}</msg>
<arg>${json_data['results'][0]}</arg>
<doc>Logs the given message with the given level.</doc>
<status status="PASS" start="2024-05-18T11:11:39.167651" elapsed="0.000420"/>
</kw>
<kw name="Log" owner="BuiltIn">
<msg time="2024-05-18T11:11:39.168492" level="INFO">login</msg>
<arg>${key}</arg>
<doc>Logs the given message with the given level.</doc>
<status status="PASS" start="2024-05-18T11:11:39.168366" elapsed="0.000163"/>
</kw>
<var name="${key}">login</var>
<status status="PASS" start="2024-05-18T11:11:39.166754" elapsed="0.002015"/>
</iter>
<var>${key}</var>
<value>@{expected_keys}</value>
<status status="PASS" start="2024-05-18T11:11:39.157642" elapsed="0.011256"/>
</for>
<kw name="Create List" owner="BuiltIn">
<msg time="2024-05-18T11:11:39.169246" level="INFO">${expected_keysTwo} = ['username', 'password']</msg>
<var>${expected_keysTwo}</var>
<arg>username</arg>
<arg>password</arg>
<doc>Returns a list containing given items.</doc>
<status status="PASS" start="2024-05-18T11:11:39.169106" elapsed="0.000164"/>
</kw>
<for flavor="IN">
<iter>
<kw name="Dictionary Should Contain Key" owner="Collections">
<msg time="2024-05-18T11:11:39.170256" level="INFO">False</msg>
<arg>${json_data['results'][0]['login']}</arg>
<arg>${keyTwo}</arg>
<doc>Fails if ``key`` is not found from ``dictionary``.</doc>
<status status="PASS" start="2024-05-18T11:11:39.169856" elapsed="0.000437"/>
</kw>
<kw name="Dictionary Should Contain Key" owner="Collections">
<msg time="2024-05-18T11:11:39.170983" level="INFO">False</msg>
<arg>${json_data['results'][0]['login']}</arg>
<arg>${keyTwo}</arg>
<doc>Fails if ``key`` is not found from ``dictionary``.</doc>
<status status="PASS" start="2024-05-18T11:11:39.170590" elapsed="0.000432"/>
</kw>
<kw name="Log" owner="BuiltIn">
<msg time="2024-05-18T11:11:39.171479" level="INFO">username</msg>
<arg>${keyTwo}</arg>
<doc>Logs the given message with the given level.</doc>
<status status="PASS" start="2024-05-18T11:11:39.171317" elapsed="0.000206"/>
</kw>
<var name="${keyTwo}">username</var>
<status status="PASS" start="2024-05-18T11:11:39.169737" elapsed="0.002004"/>
</iter>
<iter>
<kw name="Dictionary Should Contain Key" owner="Collections">
<msg time="2024-05-18T11:11:39.172422" level="INFO">False</msg>
<arg>${json_data['results'][0]['login']}</arg>
<arg>${keyTwo}</arg>
<doc>Fails if ``key`` is not found from ``dictionary``.</doc>
<status status="PASS" start="2024-05-18T11:11:39.172036" elapsed="0.000424"/>
</kw>
<kw name="Dictionary Should Contain Key" owner="Collections">
<msg time="2024-05-18T11:11:39.173287" level="INFO">False</msg>
<arg>${json_data['results'][0]['login']}</arg>
<arg>${keyTwo}</arg>
<doc>Fails if ``key`` is not found from ``dictionary``.</doc>
<status status="PASS" start="2024-05-18T11:11:39.172749" elapsed="0.000577"/>
</kw>
<kw name="Log" owner="BuiltIn">
<msg time="2024-05-18T11:11:39.173750" level="INFO">password</msg>
<arg>${keyTwo}</arg>
<doc>Logs the given message with the given level.</doc>
<status status="PASS" start="2024-05-18T11:11:39.173623" elapsed="0.000164"/>
</kw>
<var name="${keyTwo}">password</var>
<status status="PASS" start="2024-05-18T11:11:39.171923" elapsed="0.002077"/>
</iter>
<var>${keyTwo}</var>
<value>@{expected_keysTwo}</value>
<status status="PASS" start="2024-05-18T11:11:39.169563" elapsed="0.004561"/>
</for>
<status status="PASS" start="2024-05-18T11:11:39.062048" elapsed="0.112232"/>
</kw>
<doc>Testa a estrutura da resposta da API.</doc>
<tag>testeEstruturaResposta</tag>
<status status="PASS" start="2024-05-18T11:11:39.061453" elapsed="0.112993"/>
</test>
<test id="s1-s1-t4" name="Validar tipos de dados" line="28">
<kw name="Teste de Tipos de Dados" owner="random-user-service">
<kw name="GET On Session" owner="RequestsLibrary">
<msg time="2024-05-18T11:11:39.252418" level="INFO">GET Request : url=https://randomuser.me/api 
 path_url=/api 
 headers={'User-Agent': 'python-requests/2.31.0', 'Accept-Encoding': 'gzip, deflate', 'Accept': '*/*', 'Connection': 'keep-alive'} 
 body=None 
 </msg>
<msg time="2024-05-18T11:11:39.252531" level="INFO">GET Response : url=https://randomuser.me/api 
 status=200, reason=OK 
 headers={'Date': 'Sat, 18 May 2024 11:11:39 GMT', 'Content-Type': 'application/json; charset=utf-8', 'Transfer-Encoding': 'chunked', 'Connection': 'keep-alive', 'X-Powered-By': 'Express', 'Access-Control-Allow-Origin': '*', 'Cache-Control': 'no-cache', 'ETag': 'W/"484-0EEGiv4nhfzoltW3RvNOiFgQLX8"', 'Vary': 'Accept-Encoding', 'Content-Encoding': 'gzip', 'CF-Cache-Status': 'DYNAMIC', 'Report-To': '{"endpoints":[{"url":"https:\\/\\/a.nel.cloudflare.com\\/report\\/v4?s=r9flacs6YOmjLka%2BMNlxpCUYCTT1HyVyZmJbrsGadJN4MfZInFTALwYhc97Egguzjt6uhWiJWF6ZN4hDeHfomWiElV67VEgfJWvSLfRUPhJMZhiX2HepDhnb7xr0PHX7"}],"group":"cf-nel","max_age":604800}', 'NEL': '{"success_fraction":0,"report_to":"cf-nel","max_age":604800}', 'Server': 'cloudflare', 'CF-RAY': '885b685dddf48269-IAD', 'alt-svc': 'h3=":443"; ma=86400'} 
 body={"results":[{"gender":"male","name":{"title":"Mr","first":"Tejas","last":"Banerjee"},"location":{"street":{"number":4173,"name":"Tripolia Bazar"},"city":"Ghaziabad","state":"Sikkim","country":"India","postcode":50811,"coordinates":{"latitude":"4.7466","longitude":"-79.2958"},"timezone":{"offset":"-1:00","description":"Azores, Cape Verde Islands"}},"email":"tejas.banerjee@example.com","login":{"uuid":"e166f5d7-bff7-484f-89c6-2f6bc26a1b5e","username":"silverkoala253","password":"magellan","salt":"R09DHq7G","md5":"660ae720c78b8572ae19d4dd221a64d5","sha1":"f16ab9a6fba742039c88726862c92a6e28fe00b4","sha256":"2e81b7f7bc5ee215e4d72d7225d92977a2321adf4a29114cc15a5602bd52f50b"},"dob":{"date":"2001-01-05T03:50:03.412Z","age":23},"registered":{"date":"2010-05-28T12:00:22.876Z","age":13},"phone":"9146073868","cell":"7810507242","id":{"name":"UIDAI","value":"164655933826"},"picture":{"large":"https://randomuser.me/api/portraits/men/74.jpg","medium":"https://randomuser.me/api/portraits/med/men/74.jpg","thumbnail":"https://randomuser.me/api/portraits/thumb/men/74.jpg"},"nat":"IN"}],"info":{"seed":"6e305c5b38376eff","results":1,"page":1,"version":"1.4"}} 
 </msg>
<msg time="2024-05-18T11:11:39.252626" level="INFO">/opt/hostedtoolcache/Python/3.12.3/x64/lib/python3.12/site-packages/urllib3/connectionpool.py:1103: InsecureRequestWarning: Unverified HTTPS request is being made to host 'randomuser.me'. Adding certificate verification is strongly advised. See: https://urllib3.readthedocs.io/en/latest/advanced-usage.html#tls-warnings
  warnings.warn(</msg>
<msg time="2024-05-18T11:11:39.252757" level="INFO">${response} = &lt;Response [200]&gt;</msg>
<var>${response}</var>
<arg>consultarAPI</arg>
<arg>/api</arg>
<doc>Sends a GET request on a previously created HTTP Session.</doc>
<status status="PASS" start="2024-05-18T11:11:39.177049" elapsed="0.075741"/>
</kw>
<kw name="Set Variable" owner="BuiltIn">
<msg time="2024-05-18T11:11:39.254008" level="INFO">${json_data} = {'results': [{'gender': 'male', 'name': {'title': 'Mr', 'first': 'Tejas', 'last': 'Banerjee'}, 'location': {'street': {'number': 4173, 'name': 'Tripolia Bazar'}, 'city': 'Ghaziabad', 'state': 'Sikkim'...</msg>
<var>${json_data}</var>
<arg>${response.json()}</arg>
<doc>Returns the given values which can then be assigned to a variables.</doc>
<status status="PASS" start="2024-05-18T11:11:39.253418" elapsed="0.000622"/>
</kw>
<kw name="Log" owner="BuiltIn">
<msg time="2024-05-18T11:11:39.254637" level="INFO">{'results': [{'gender': 'male', 'name': {'title': 'Mr', 'first': 'Tejas', 'last': 'Banerjee'}, 'location': {'street': {'number': 4173, 'name': 'Tripolia Bazar'}, 'city': 'Ghaziabad', 'state': 'Sikkim', 'country': 'India', 'postcode': 50811, 'coordinates': {'latitude': '4.7466', 'longitude': '-79.2958'}, 'timezone': {'offset': '-1:00', 'description': 'Azores, Cape Verde Islands'}}, 'email': 'tejas.banerjee@example.com', 'login': {'uuid': 'e166f5d7-bff7-484f-89c6-2f6bc26a1b5e', 'username': 'silverkoala253', 'password': 'magellan', 'salt': 'R09DHq7G', 'md5': '660ae720c78b8572ae19d4dd221a64d5', 'sha1': 'f16ab9a6fba742039c88726862c92a6e28fe00b4', 'sha256': '2e81b7f7bc5ee215e4d72d7225d92977a2321adf4a29114cc15a5602bd52f50b'}, 'dob': {'date': '2001-01-05T03:50:03.412Z', 'age': 23}, 'registered': {'date': '2010-05-28T12:00:22.876Z', 'age': 13}, 'phone': '9146073868', 'cell': '7810507242', 'id': {'name': 'UIDAI', 'value': '164655933826'}, 'picture': {'large': 'https://randomuser.me/api/portraits/men/74.jpg', 'medium': 'https://randomuser.me/api/portraits/med/men/74.jpg', 'thumbnail': 'https://randomuser.me/api/portraits/thumb/men/74.jpg'}, 'nat': 'IN'}], 'info': {'seed': '6e305c5b38376eff', 'results': 1, 'page': 1, 'version': '1.4'}}</msg>
<arg>${json_data}</arg>
<doc>Logs the given message with the given level.</doc>
<status status="PASS" start="2024-05-18T11:11:39.254444" elapsed="0.000288"/>
</kw>
<kw name="Should Be String" owner="String">
<arg>${json_data['results'][0]['gender']}</arg>
<doc>Fails if the given ``item`` is not a string.</doc>
<status status="PASS" start="2024-05-18T11:11:39.255101" elapsed="0.000468"/>
</kw>
<kw name="Should Match Regexp" owner="BuiltIn">
<arg>${json_data['results'][0]['email']}</arg>
<arg>^[a-zA-Z0-9._%+-]+@[a-zA-Z0-9.-]+\.[a-zA-Z]{2,}$</arg>
<doc>Fails if ``string`` does not match ``pattern`` as a regular expression.</doc>
<status status="PASS" start="2024-05-18T11:11:39.255804" elapsed="0.000571"/>
</kw>
<kw name="Should Match Regexp" owner="BuiltIn">
<arg>${json_data['results'][0]['dob']['date']}</arg>
<arg>\\d{4}-\\d{2}-\\d{2}T\\d{2}:\\d{2}:\\d{2}\\.\\d{3}Z</arg>
<doc>Fails if ``string`` does not match ``pattern`` as a regular expression.</doc>
<status status="PASS" start="2024-05-18T11:11:39.256600" elapsed="0.000536"/>
</kw>
<kw name="Should Match Regexp" owner="BuiltIn">
<arg>${json_data['results'][0]['registered']['date']}</arg>
<arg>\\d{4}-\\d{2}-\\d{2}T\\d{2}:\\d{2}:\\d{2}\\.\\d{3}Z</arg>
<doc>Fails if ``string`` does not match ``pattern`` as a regular expression.</doc>
<status status="PASS" start="2024-05-18T11:11:39.257351" elapsed="0.000396"/>
</kw>
<kw name="Should Match Regexp" owner="BuiltIn">
<arg>${json_data['results'][0]['picture']['large']}</arg>
<arg>^https?://.*\.(?:png|jpe?g|gif|bmp)$</arg>
<doc>Fails if ``string`` does not match ``pattern`` as a regular expression.</doc>
<status status="PASS" start="2024-05-18T11:11:39.257954" elapsed="0.000485"/>
</kw>
<kw name="Should Match Regexp" owner="BuiltIn">
<arg>${json_data['results'][0]['picture']['medium']}</arg>
<arg>^https?://.*\.(?:png|jpe?g|gif|bmp)$</arg>
<doc>Fails if ``string`` does not match ``pattern`` as a regular expression.</doc>
<status status="PASS" start="2024-05-18T11:11:39.258635" elapsed="0.000366"/>
</kw>
<kw name="Should Match Regexp" owner="BuiltIn">
<arg>${json_data['results'][0]['picture']['thumbnail']}</arg>
<arg>^https?://.*\.(?:png|jpe?g|gif|bmp)$</arg>
<doc>Fails if ``string`` does not match ``pattern`` as a regular expression.</doc>
<status status="PASS" start="2024-05-18T11:11:39.259203" elapsed="0.000416"/>
</kw>
<kw name="Log" owner="BuiltIn">
<msg time="2024-05-18T11:11:39.260174" level="INFO">{'large': 'https://randomuser.me/api/portraits/men/74.jpg', 'medium': 'https://randomuser.me/api/portraits/med/men/74.jpg', 'thumbnail': 'https://randomuser.me/api/portraits/thumb/men/74.jpg'}</msg>
<arg>${json_data['results'][0]['picture']}</arg>
<doc>Logs the given message with the given level.</doc>
<status status="PASS" start="2024-05-18T11:11:39.259824" elapsed="0.000394"/>
</kw>
<status status="PASS" start="2024-05-18T11:11:39.176806" elapsed="0.083754"/>
</kw>
<kw name="Teste de Tipos de Dados - Postcode" owner="random-user-service">
<kw name="GET On Session" owner="RequestsLibrary">
<msg time="2024-05-18T11:11:39.352562" level="INFO">GET Request : url=https://randomuser.me/api 
 path_url=/api 
 headers={'User-Agent': 'python-requests/2.31.0', 'Accept-Encoding': 'gzip, deflate', 'Accept': '*/*', 'Connection': 'keep-alive'} 
 body=None 
 </msg>
<msg time="2024-05-18T11:11:39.352669" level="INFO">GET Response : url=https://randomuser.me/api 
 status=200, reason=OK 
 headers={'Date': 'Sat, 18 May 2024 11:11:39 GMT', 'Content-Type': 'application/json; charset=utf-8', 'Transfer-Encoding': 'chunked', 'Connection': 'keep-alive', 'X-Powered-By': 'Express', 'Access-Control-Allow-Origin': '*', 'Cache-Control': 'no-cache', 'ETag': 'W/"48c-aUZfJtN2ZrAkqDM3KrjP4N5Fixk"', 'Vary': 'Accept-Encoding', 'Content-Encoding': 'gzip', 'CF-Cache-Status': 'DYNAMIC', 'Report-To': '{"endpoints":[{"url":"https:\\/\\/a.nel.cloudflare.com\\/report\\/v4?s=ciexLiClAfitK09BI1mUAUYgEm9yV6U%2BL5waHjUV1cp29U2xCwvixk1O12A1e7h5nw5MgXzNowBxD8PgLR8DcceH0J%2BXAy400nsHNAyhJVGltwneDJmiEEmf1DhvS%2Bec"}],"group":"cf-nel","max_age":604800}', 'NEL': '{"success_fraction":0,"report_to":"cf-nel","max_age":604800}', 'Server': 'cloudflare', 'CF-RAY': '885b685e6e6b8269-IAD', 'alt-svc': 'h3=":443"; ma=86400'} 
 body={"results":[{"gender":"female","name":{"title":"Mrs","first":"Tracy","last":"Rose"},"location":{"street":{"number":8058,"name":"West Street"},"city":"Wexford","state":"Wicklow","country":"Ireland","postcode":80270,"coordinates":{"latitude":"-0.6301","longitude":"131.9908"},"timezone":{"offset":"+5:30","description":"Bombay, Calcutta, Madras, New Delhi"}},"email":"tracy.rose@example.com","login":{"uuid":"fc9bceff-c98a-4000-9298-7fc0762fa3ac","username":"orangeladybug984","password":"mankind","salt":"KHQcbahk","md5":"6689e2f33e01d5a8dde37a14292c07fd","sha1":"2d58d06fce4a9301bfde1576d5fb4a024e132d40","sha256":"3e0f1a44704f18ffdd5f083321a71120ce0c767dda30e7fd0debc609ac573af0"},"dob":{"date":"1987-10-01T09:30:33.726Z","age":36},"registered":{"date":"2002-03-30T01:27:25.821Z","age":22},"phone":"041-196-2673","cell":"081-769-5620","id":{"name":"PPS","value":"2128390T"},"picture":{"large":"https://randomuser.me/api/portraits/women/46.jpg","medium":"https://randomuser.me/api/portraits/med/women/46.jpg","thumbnail":"https://randomuser.me/api/portraits/thumb/women/46.jpg"},"nat":"IE"}],"info":{"seed":"463b8cd60d355a67","results":1,"page":1,"version":"1.4"}} 
 </msg>
<msg time="2024-05-18T11:11:39.352741" level="INFO">/opt/hostedtoolcache/Python/3.12.3/x64/lib/python3.12/site-packages/urllib3/connectionpool.py:1103: InsecureRequestWarning: Unverified HTTPS request is being made to host 'randomuser.me'. Adding certificate verification is strongly advised. See: https://urllib3.readthedocs.io/en/latest/advanced-usage.html#tls-warnings
  warnings.warn(</msg>
<msg time="2024-05-18T11:11:39.352873" level="INFO">${response} = &lt;Response [200]&gt;</msg>
<var>${response}</var>
<arg>consultarAPI</arg>
<arg>/api</arg>
<doc>Sends a GET request on a previously created HTTP Session.</doc>
<status status="PASS" start="2024-05-18T11:11:39.261055" elapsed="0.091860"/>
</kw>
<kw name="Set Variable" owner="BuiltIn">
<msg time="2024-05-18T11:11:39.354009" level="INFO">${json_data} = {'results': [{'gender': 'female', 'name': {'title': 'Mrs', 'first': 'Tracy', 'last': 'Rose'}, 'location': {'street': {'number': 8058, 'name': 'West Street'}, 'city': 'Wexford', 'state': 'Wicklow', 'co...</msg>
<var>${json_data}</var>
<arg>${response.json()}</arg>
<doc>Returns the given values which can then be assigned to a variables.</doc>
<status status="PASS" start="2024-05-18T11:11:39.353466" elapsed="0.000573"/>
</kw>
<kw name="Log" owner="BuiltIn">
<msg time="2024-05-18T11:11:39.354512" level="INFO">{'results': [{'gender': 'female', 'name': {'title': 'Mrs', 'first': 'Tracy', 'last': 'Rose'}, 'location': {'street': {'number': 8058, 'name': 'West Street'}, 'city': 'Wexford', 'state': 'Wicklow', 'country': 'Ireland', 'postcode': 80270, 'coordinates': {'latitude': '-0.6301', 'longitude': '131.9908'}, 'timezone': {'offset': '+5:30', 'description': 'Bombay, Calcutta, Madras, New Delhi'}}, 'email': 'tracy.rose@example.com', 'login': {'uuid': 'fc9bceff-c98a-4000-9298-7fc0762fa3ac', 'username': 'orangeladybug984', 'password': 'mankind', 'salt': 'KHQcbahk', 'md5': '6689e2f33e01d5a8dde37a14292c07fd', 'sha1': '2d58d06fce4a9301bfde1576d5fb4a024e132d40', 'sha256': '3e0f1a44704f18ffdd5f083321a71120ce0c767dda30e7fd0debc609ac573af0'}, 'dob': {'date': '1987-10-01T09:30:33.726Z', 'age': 36}, 'registered': {'date': '2002-03-30T01:27:25.821Z', 'age': 22}, 'phone': '041-196-2673', 'cell': '081-769-5620', 'id': {'name': 'PPS', 'value': '2128390T'}, 'picture': {'large': 'https://randomuser.me/api/portraits/women/46.jpg', 'medium': 'https://randomuser.me/api/portraits/med/women/46.jpg', 'thumbnail': 'https://randomuser.me/api/portraits/thumb/women/46.jpg'}, 'nat': 'IE'}], 'info': {'seed': '463b8cd60d355a67', 'results': 1, 'page': 1, 'version': '1.4'}}</msg>
<arg>${json_data}</arg>
<doc>Logs the given message with the given level.</doc>
<status status="PASS" start="2024-05-18T11:11:39.354356" elapsed="0.000243"/>
</kw>
<kw name="Should Be Equal As Numbers" owner="BuiltIn">
<arg>${json_data['results'][0]['location']['postcode']}</arg>
<arg>${json_data['results'][0]['location']['postcode']}</arg>
<doc>Fails if objects are unequal after converting them to real numbers.</doc>
<status status="PASS" start="2024-05-18T11:11:39.354904" elapsed="0.000869"/>
</kw>
<kw name="Log" owner="BuiltIn">
<msg time="2024-05-18T11:11:39.356308" level="INFO">80270</msg>
<arg>${json_data['results'][0]['location']['postcode']}</arg>
<doc>Logs the given message with the given level.</doc>
<status status="PASS" start="2024-05-18T11:11:39.355972" elapsed="0.000379"/>
</kw>
<status status="PASS" start="2024-05-18T11:11:39.260803" elapsed="0.095822"/>
</kw>
<doc>Testa se os tipos de dados na resposta da API estão corretos.</doc>
<tag>testeTiposDados</tag>
<status status="PASS" start="2024-05-18T11:11:39.176311" elapsed="0.180487"/>
</test>
<test id="s1-s1-t5" name="Validar conteudo" line="35">
<kw name="Teste de Tipos de Conteudo" owner="random-user-service">
<kw name="GET On Session" owner="RequestsLibrary">
<msg time="2024-05-18T11:11:39.459169" level="INFO">GET Request : url=https://randomuser.me/api 
 path_url=/api 
 headers={'User-Agent': 'python-requests/2.31.0', 'Accept-Encoding': 'gzip, deflate', 'Accept': '*/*', 'Connection': 'keep-alive'} 
 body=None 
 </msg>
<msg time="2024-05-18T11:11:39.459293" level="INFO">GET Response : url=https://randomuser.me/api 
 status=200, reason=OK 
 headers={'Date': 'Sat, 18 May 2024 11:11:39 GMT', 'Content-Type': 'application/json; charset=utf-8', 'Transfer-Encoding': 'chunked', 'Connection': 'keep-alive', 'X-Powered-By': 'Express', 'Access-Control-Allow-Origin': '*', 'Cache-Control': 'no-cache', 'ETag': 'W/"488-iptUjOGlD80f8GoPBVQtpHRap4Q"', 'Vary': 'Accept-Encoding', 'Content-Encoding': 'gzip', 'CF-Cache-Status': 'DYNAMIC', 'Report-To': '{"endpoints":[{"url":"https:\\/\\/a.nel.cloudflare.com\\/report\\/v4?s=6YdUcUNjY9q8kRjCyybkFrdkHJ8pO0%2F%2FkeB%2BNowTaYNcWZLjzdyNMbNJh%2BCaqKdcrPbMalDdIDRAIGWqWyqyuuvjhr7%2F9%2FllMSQlem156fwrEIvW20MY6OlFY3hEznkn"}],"group":"cf-nel","max_age":604800}', 'NEL': '{"success_fraction":0,"report_to":"cf-nel","max_age":604800}', 'Server': 'cloudflare', 'CF-RAY': '885b685f0f3b8269-IAD', 'alt-svc': 'h3=":443"; ma=86400'} 
 body={"results":[{"gender":"female","name":{"title":"Miss","first":"Michele","last":"Roberts"},"location":{"street":{"number":4597,"name":"Mockingbird Ln"},"city":"Bellevue","state":"Hawaii","country":"United States","postcode":81793,"coordinates":{"latitude":"89.5441","longitude":"138.1210"},"timezone":{"offset":"+5:45","description":"Kathmandu"}},"email":"michele.roberts@example.com","login":{"uuid":"bc4c7813-c412-4cec-b26c-eb4ea3a0c78c","username":"silvertiger719","password":"happy","salt":"qhjW3WTh","md5":"8d18fd87d7269b9fcea9beb6bc885ab6","sha1":"da439b8096ceff0e64c252c52aa168a61ecade23","sha256":"0bcf52467bde597784811b3aec93b36fe194e57ace2680399c047fcbf0dcd610"},"dob":{"date":"1959-03-02T16:14:47.915Z","age":65},"registered":{"date":"2020-01-14T23:44:52.459Z","age":4},"phone":"(360) 845-7685","cell":"(314) 449-9191","id":{"name":"SSN","value":"713-06-8793"},"picture":{"large":"https://randomuser.me/api/portraits/women/65.jpg","medium":"https://randomuser.me/api/portraits/med/women/65.jpg","thumbnail":"https://randomuser.me/api/portraits/thumb/women/65.jpg"},"nat":"US"}],"info":{"seed":"5e2f36103865e56c","results":1,"page":1,"version":"1.4"}} 
 </msg>
<msg time="2024-05-18T11:11:39.459417" level="INFO">/opt/hostedtoolcache/Python/3.12.3/x64/lib/python3.12/site-packages/urllib3/connectionpool.py:1103: InsecureRequestWarning: Unverified HTTPS request is being made to host 'randomuser.me'. Adding certificate verification is strongly advised. See: https://urllib3.readthedocs.io/en/latest/advanced-usage.html#tls-warnings
  warnings.warn(</msg>
<msg time="2024-05-18T11:11:39.459567" level="INFO">${response} = &lt;Response [200]&gt;</msg>
<var>${response}</var>
<arg>consultarAPI</arg>
<arg>/api</arg>
<doc>Sends a GET request on a previously created HTTP Session.</doc>
<status status="PASS" start="2024-05-18T11:11:39.359336" elapsed="0.100281"/>
</kw>
<kw name="Set Variable" owner="BuiltIn">
<msg time="2024-05-18T11:11:39.460725" level="INFO">${json_data} = {'results': [{'gender': 'female', 'name': {'title': 'Miss', 'first': 'Michele', 'last': 'Roberts'}, 'location': {'street': {'number': 4597, 'name': 'Mockingbird Ln'}, 'city': 'Bellevue', 'state': 'Haw...</msg>
<var>${json_data}</var>
<arg>${response.json()}</arg>
<doc>Returns the given values which can then be assigned to a variables.</doc>
<status status="PASS" start="2024-05-18T11:11:39.460200" elapsed="0.000553"/>
</kw>
<kw name="Set Variable" owner="BuiltIn">
<msg time="2024-05-18T11:11:39.461459" level="INFO">${name_title} = Miss</msg>
<var>${name_title}</var>
<arg>${json_data["results"][0]["name"]["title"]}</arg>
<doc>Returns the given values which can then be assigned to a variables.</doc>
<status status="PASS" start="2024-05-18T11:11:39.461070" elapsed="0.000414"/>
</kw>
<kw name="Create List" owner="BuiltIn">
<msg time="2024-05-18T11:11:39.461934" level="INFO">${allowed_titles} = ['Mr', 'Ms', 'Miss', 'Mrs', 'Madame', 'Monsieur']</msg>
<var>${allowed_titles}</var>
<arg>Mr</arg>
<arg>Ms</arg>
<arg>Miss</arg>
<arg>Mrs</arg>
<arg>Madame</arg>
<arg>Monsieur</arg>
<doc>Returns a list containing given items.</doc>
<status status="PASS" start="2024-05-18T11:11:39.461785" elapsed="0.000173"/>
</kw>
<kw name="List Should Contain Value" owner="Collections">
<msg time="2024-05-18T11:11:39.462427" level="INFO">False</msg>
<arg>${allowed_titles}</arg>
<arg>${name_title}</arg>
<doc>Fails if the ``value`` is not found from ``list``.</doc>
<status status="PASS" start="2024-05-18T11:11:39.462252" elapsed="0.000213"/>
</kw>
<kw name="Set Variable" owner="BuiltIn">
<msg time="2024-05-18T11:11:39.463133" level="INFO">${name_country} = US</msg>
<var>${name_country}</var>
<arg>${json_data["results"][0]["nat"]}</arg>
<doc>Returns the given values which can then be assigned to a variables.</doc>
<status status="PASS" start="2024-05-18T11:11:39.462753" elapsed="0.000405"/>
</kw>
<kw name="Create List" owner="BuiltIn">
<msg time="2024-05-18T11:11:39.464079" level="INFO">${list_country} = ['AD', 'AE', 'AF', 'AG', 'AI', 'AL', 'AM', 'AO', 'AQ', 'AR', 'AS', 'AT', 'AU', 'AW', 'AX', 'AZ', 'BA', 'BB', 'BD', 'BE', 'BF', 'BG', 'BH', 'BI', 'BJ', 'BL', 'BM', 'BN', 'BO', 'BQ', 'BR', 'BS', 'BT', '...</msg>
<var>${list_country}</var>
<arg>AD</arg>
<arg>AE</arg>
<arg>AF</arg>
<arg>AG</arg>
<arg>AI</arg>
<arg>AL</arg>
<arg>AM</arg>
<arg>AO</arg>
<arg>AQ</arg>
<arg>AR</arg>
<arg>AS</arg>
<arg>AT</arg>
<arg>AU</arg>
<arg>AW</arg>
<arg>AX</arg>
<arg>AZ</arg>
<arg>BA</arg>
<arg>BB</arg>
<arg>BD</arg>
<arg>BE</arg>
<arg>BF</arg>
<arg>BG</arg>
<arg>BH</arg>
<arg>BI</arg>
<arg>BJ</arg>
<arg>BL</arg>
<arg>BM</arg>
<arg>BN</arg>
<arg>BO</arg>
<arg>BQ</arg>
<arg>BR</arg>
<arg>BS</arg>
<arg>BT</arg>
<arg>BV</arg>
<arg>BW</arg>
<arg>BY</arg>
<arg>BZ</arg>
<arg>CA</arg>
<arg>CC</arg>
<arg>CD</arg>
<arg>CF</arg>
<arg>CG</arg>
<arg>CH</arg>
<arg>CI</arg>
<arg>CK</arg>
<arg>CL</arg>
<arg>CM</arg>
<arg>CN</arg>
<arg>CO</arg>
<arg>CR</arg>
<arg>CU</arg>
<arg>CV</arg>
<arg>CW</arg>
<arg>CX</arg>
<arg>CY</arg>
<arg>CZ</arg>
<arg>DE</arg>
<arg>DJ</arg>
<arg>DK</arg>
<arg>DM</arg>
<arg>DO</arg>
<arg>DZ</arg>
<arg>EC</arg>
<arg>EE</arg>
<arg>EG</arg>
<arg>EH</arg>
<arg>ER</arg>
<arg>ES</arg>
<arg>ET</arg>
<arg>FI</arg>
<arg>FJ</arg>
<arg>FK</arg>
<arg>FM</arg>
<arg>FO</arg>
<arg>FR</arg>
<arg>GA</arg>
<arg>GB</arg>
<arg>GD</arg>
<arg>GE</arg>
<arg>GF</arg>
<arg>GG</arg>
<arg>GH</arg>
<arg>GI</arg>
<arg>GL</arg>
<arg>GM</arg>
<arg>GN</arg>
<arg>GP</arg>
<arg>GQ</arg>
<arg>GR</arg>
<arg>GS</arg>
<arg>GT</arg>
<arg>GU</arg>
<arg>GW</arg>
<arg>GY</arg>
<arg>HK</arg>
<arg>HM</arg>
<arg>HN</arg>
<arg>HR</arg>
<arg>HT</arg>
<arg>HU</arg>
<arg>ID</arg>
<arg>IE</arg>
<arg>IL</arg>
<arg>IM</arg>
<arg>IN</arg>
<arg>IO</arg>
<arg>IQ</arg>
<arg>IR</arg>
<arg>IS</arg>
<arg>IT</arg>
<arg>JE</arg>
<arg>JM</arg>
<arg>JO</arg>
<arg>JP</arg>
<arg>KE</arg>
<arg>KG</arg>
<arg>KH</arg>
<arg>KI</arg>
<arg>KM</arg>
<arg>KN</arg>
<arg>KP</arg>
<arg>KR</arg>
<arg>KW</arg>
<arg>KY</arg>
<arg>KZ</arg>
<arg>LA</arg>
<arg>LB</arg>
<arg>LC</arg>
<arg>LI</arg>
<arg>LK</arg>
<arg>LR</arg>
<arg>LS</arg>
<arg>LT</arg>
<arg>LU</arg>
<arg>LV</arg>
<arg>LY</arg>
<arg>MA</arg>
<arg>MC</arg>
<arg>MD</arg>
<arg>ME</arg>
<arg>MF</arg>
<arg>MG</arg>
<arg>MH</arg>
<arg>MK</arg>
<arg>ML</arg>
<arg>MM</arg>
<arg>MN</arg>
<arg>MO</arg>
<arg>MP</arg>
<arg>MQ</arg>
<arg>MR</arg>
<arg>MS</arg>
<arg>MT</arg>
<arg>MU</arg>
<arg>MV</arg>
<arg>MW</arg>
<arg>MX</arg>
<arg>MY</arg>
<arg>MZ</arg>
<arg>NA</arg>
<arg>NC</arg>
<arg>NE</arg>
<arg>NF</arg>
<arg>NG</arg>
<arg>NI</arg>
<arg>NL</arg>
<arg>NO</arg>
<arg>NP</arg>
<arg>NR</arg>
<arg>NU</arg>
<arg>NZ</arg>
<arg>OM</arg>
<arg>PA</arg>
<arg>PE</arg>
<arg>PF</arg>
<arg>PG</arg>
<arg>PH</arg>
<arg>PK</arg>
<arg>PL</arg>
<arg>PM</arg>
<arg>PN</arg>
<arg>PR</arg>
<arg>PS</arg>
<arg>PT</arg>
<arg>PW</arg>
<arg>PY</arg>
<arg>QA</arg>
<arg>RE</arg>
<arg>RO</arg>
<arg>RS</arg>
<arg>RU</arg>
<arg>RW</arg>
<arg>SA</arg>
<arg>SB</arg>
<arg>SC</arg>
<arg>SD</arg>
<arg>SE</arg>
<arg>SG</arg>
<arg>SH</arg>
<arg>SI</arg>
<arg>SJ</arg>
<arg>SK</arg>
<arg>SL</arg>
<arg>SM</arg>
<arg>SN</arg>
<arg>SO</arg>
<arg>SR</arg>
<arg>SS</arg>
<arg>ST</arg>
<arg>SV</arg>
<arg>SX</arg>
<arg>SY</arg>
<arg>SZ</arg>
<arg>TC</arg>
<arg>TD</arg>
<arg>TF</arg>
<arg>TG</arg>
<arg>TH</arg>
<arg>TJ</arg>
<arg>TK</arg>
<arg>TL</arg>
<arg>TM</arg>
<arg>TN</arg>
<arg>TO</arg>
<arg>TR</arg>
<arg>TT</arg>
<arg>TV</arg>
<arg>TW</arg>
<arg>TZ</arg>
<arg>UA</arg>
<arg>UG</arg>
<arg>UM</arg>
<arg>US</arg>
<arg>UY</arg>
<arg>UZ</arg>
<arg>VA</arg>
<arg>VC</arg>
<arg>VE</arg>
<arg>VG</arg>
<arg>VI</arg>
<arg>VN</arg>
<arg>VU</arg>
<arg>WF</arg>
<arg>WS</arg>
<arg>XK</arg>
<arg>YE</arg>
<arg>YT</arg>
<arg>ZA</arg>
<arg>ZM</arg>
<arg>ZW</arg>
<doc>Returns a list containing given items.</doc>
<status status="PASS" start="2024-05-18T11:11:39.463483" elapsed="0.000621"/>
</kw>
<kw name="List Should Contain Value" owner="Collections">
<msg time="2024-05-18T11:11:39.465107" level="INFO">False</msg>
<arg>${list_country}</arg>
<arg>${name_country}</arg>
<doc>Fails if the ``value`` is not found from ``list``.</doc>
<status status="PASS" start="2024-05-18T11:11:39.464899" elapsed="0.000246"/>
</kw>
<kw name="Run Keyword If" owner="BuiltIn">
<kw name="Should Be True" owner="BuiltIn">
<arg>${True}</arg>
<doc>Fails if the given condition is not true.</doc>
<status status="PASS" start="2024-05-18T11:11:39.466221" elapsed="0.000144"/>
</kw>
<arg>${json_data["results"][0]["location"]["coordinates"]["latitude"]} &gt;= -90 and ${json_data["results"][0]["location"]["coordinates"]["latitude"]} &lt;= 90</arg>
<arg>Should Be True</arg>
<arg>${True}</arg>
<doc>Runs the given keyword with the given arguments, if ``condition`` is true.</doc>
<status status="PASS" start="2024-05-18T11:11:39.465455" elapsed="0.001035"/>
</kw>
<kw name="Run Keyword If" owner="BuiltIn">
<kw name="Should Be True" owner="BuiltIn">
<arg>${True}</arg>
<doc>Fails if the given condition is not true.</doc>
<status status="PASS" start="2024-05-18T11:11:39.467390" elapsed="0.000290"/>
</kw>
<arg>${json_data["results"][0]["location"]["coordinates"]["longitude"]} &gt;= -180 and ${json_data["results"][0]["location"]["coordinates"]["longitude"]} &lt;= 180</arg>
<arg>Should Be True</arg>
<arg>${True}</arg>
<doc>Runs the given keyword with the given arguments, if ``condition`` is true.</doc>
<status status="PASS" start="2024-05-18T11:11:39.466673" elapsed="0.001134"/>
</kw>
<status status="PASS" start="2024-05-18T11:11:39.359090" elapsed="0.108852"/>
</kw>
<doc>Testa o conteúdo específico dos campos retornados pela API.</doc>
<tag>testeConteudo</tag>
<status status="PASS" start="2024-05-18T11:11:39.358593" elapsed="0.109504"/>
</test>
<status status="PASS" start="2024-05-18T11:11:38.462159" elapsed="1.007938"/>
</suite>
<status status="PASS" start="2024-05-18T11:11:38.447624" elapsed="1.027884"/>
</suite>
<statistics>
<total>
<stat pass="5" fail="0" skip="0">All Tests</stat>
</total>
<tag>
<stat pass="1" fail="0" skip="0">testeConteudo</stat>
<stat pass="1" fail="0" skip="0">testeEstruturaResposta</stat>
<stat pass="1" fail="0" skip="0">testeRequisicaoBasica</stat>
<stat pass="1" fail="0" skip="0">testeTiposDados</stat>
</tag>
<suite>
<stat pass="5" fail="0" skip="0" id="s1" name="Tests">Tests</stat>
<stat pass="5" fail="0" skip="0" id="s1-s1" name="Random-User-Test">Tests.Random-User-Test</stat>
</suite>
</statistics>
<errors>
</errors>
</robot>
