<?xml version="1.0" encoding="UTF-8"?>
<robot generator="Robot 7.0 (Python 3.12.3 on linux)" generated="2024-04-19T12:25:02.505062" rpa="false" schemaversion="5">
<suite id="s1" name="Tests" source="/home/runner/work/DesafioQAItauRogerioJordao/DesafioQAItauRogerioJordao/RamdonUser/tests">
<suite id="s1-s1" name="Random-User-Test" source="/home/runner/work/DesafioQAItauRogerioJordao/DesafioQAItauRogerioJordao/RamdonUser/tests/random-user-test.robot">
<test id="s1-s1-t1" name="Conectar" line="13">
<kw name="Conectar API" owner="random-user-service">
<kw name="Create Session" owner="RequestsLibrary">
<msg time="2024-04-19T12:25:02.858458" level="INFO">Creating Session using : alias=consultarAPI, url=https://randomuser.me/, headers={},                     cookies={}, auth=None, timeout=None, proxies=None, verify=False,                     debug=0 </msg>
<arg>consultarAPI</arg>
<arg>${URL}</arg>
<doc>Create Session: create a HTTP session to a server</doc>
<status status="PASS" start="2024-04-19T12:25:02.858261" elapsed="0.000368"/>
</kw>
<status status="PASS" start="2024-04-19T12:25:02.857309" elapsed="0.001675"/>
</kw>
<status status="PASS" start="2024-04-19T12:25:02.856704" elapsed="0.002504"/>
</test>
<test id="s1-s1-t2" name="Validar retorno 200 e JSON Válido" line="16">
<kw name="Teste de Requisicao Basica" owner="random-user-service">
<kw name="GET On Session" owner="RequestsLibrary">
<msg time="2024-04-19T12:25:03.032922" level="INFO">GET Request : url=https://randomuser.me/api 
 path_url=/api 
 headers={'User-Agent': 'python-requests/2.31.0', 'Accept-Encoding': 'gzip, deflate', 'Accept': '*/*', 'Connection': 'keep-alive'} 
 body=None 
 </msg>
<msg time="2024-04-19T12:25:03.033061" level="INFO">GET Response : url=https://randomuser.me/api 
 status=200, reason=OK 
 headers={'Date': 'Fri, 19 Apr 2024 12:25:03 GMT', 'Content-Type': 'application/json; charset=utf-8', 'Transfer-Encoding': 'chunked', 'Connection': 'keep-alive', 'X-Powered-By': 'Express', 'Access-Control-Allow-Origin': '*', 'Cache-Control': 'no-cache', 'ETag': 'W/"483-3JYBkrKuHyaEbZ7RWpOx1TF95qc"', 'Vary': 'Accept-Encoding', 'Content-Encoding': 'gzip', 'CF-Cache-Status': 'DYNAMIC', 'Report-To': '{"endpoints":[{"url":"https:\\/\\/a.nel.cloudflare.com\\/report\\/v4?s=%2BI%2FgyFDkQbS76spuVjdeSkiVRv2hg1xNMp4S%2FtUI4kkf%2BzOTQQZRVuSWAfATIL%2Bu2OrWoYFLCs0BmCuanqR6gBGzmFHZlBrvH9SILfOYjFWmPr0NdmV%2FIYTsuw5nW9u6"}],"group":"cf-nel","max_age":604800}', 'NEL': '{"success_fraction":0,"report_to":"cf-nel","max_age":604800}', 'Server': 'cloudflare', 'CF-RAY': '876ce001b8605740-IAD', 'alt-svc': 'h3=":443"; ma=86400'} 
 body={"results":[{"gender":"female","name":{"title":"Miss","first":"Drishti","last":"Namnaik"},"location":{"street":{"number":1579,"name":"Bandstand Promenade"},"city":"Cuttack","state":"Tripura","country":"India","postcode":36597,"coordinates":{"latitude":"6.4130","longitude":"47.6092"},"timezone":{"offset":"-3:30","description":"Newfoundland"}},"email":"drishti.namnaik@example.com","login":{"uuid":"3915203e-4ab7-46cc-a7cf-f92cb9dbf3a3","username":"whitezebra660","password":"rootbeer","salt":"QSDBUWNB","md5":"649f48c52cd3534d8768ea5abc5db2fc","sha1":"6745a965b6427e02da9f8f33dfaa4becb1be2a3d","sha256":"a245aec82d62cb4074e33e1b8359a5883a2488509ea940a87477043ba1026821"},"dob":{"date":"1952-08-15T10:43:43.189Z","age":71},"registered":{"date":"2018-02-26T08:56:02.891Z","age":6},"phone":"8879262948","cell":"9412968188","id":{"name":"UIDAI","value":"734306522115"},"picture":{"large":"https://randomuser.me/api/portraits/women/68.jpg","medium":"https://randomuser.me/api/portraits/med/women/68.jpg","thumbnail":"https://randomuser.me/api/portraits/thumb/women/68.jpg"},"nat":"IN"}],"info":{"seed":"4e8a2e694d89fbc3","results":1,"page":1,"version":"1.4"}} 
 </msg>
<msg time="2024-04-19T12:25:03.033146" level="INFO">/opt/hostedtoolcache/Python/3.12.3/x64/lib/python3.12/site-packages/urllib3/connectionpool.py:1103: InsecureRequestWarning: Unverified HTTPS request is being made to host 'randomuser.me'. Adding certificate verification is strongly advised. See: https://urllib3.readthedocs.io/en/latest/advanced-usage.html#tls-warnings
  warnings.warn(</msg>
<msg time="2024-04-19T12:25:03.033286" level="INFO">${response} = &lt;Response [200]&gt;</msg>
<var>${response}</var>
<arg>consultarAPI</arg>
<arg>/api</arg>
<doc>Sends a GET request on a previously created HTTP Session.</doc>
<status status="PASS" start="2024-04-19T12:25:02.861833" elapsed="0.171497"/>
</kw>
<kw name="Should Be Equal As Numbers" owner="BuiltIn">
<msg time="2024-04-19T12:25:03.034279" level="INFO">Argument types are:
&lt;class 'int'&gt;
&lt;class 'str'&gt;</msg>
<arg>${response.status_code}</arg>
<arg>200</arg>
<doc>Fails if objects are unequal after converting them to real numbers.</doc>
<status status="PASS" start="2024-04-19T12:25:03.033831" elapsed="0.000515"/>
</kw>
<kw name="Log" owner="BuiltIn">
<msg time="2024-04-19T12:25:03.035045" level="INFO">200</msg>
<arg>${response.status_code}</arg>
<doc>Logs the given message with the given level.</doc>
<status status="PASS" start="2024-04-19T12:25:03.034688" elapsed="0.000399"/>
</kw>
<kw name="Set Variable" owner="BuiltIn">
<msg time="2024-04-19T12:25:03.035871" level="INFO">${json_data} = {'results': [{'gender': 'female', 'name': {'title': 'Miss', 'first': 'Drishti', 'last': 'Namnaik'}, 'location': {'street': {'number': 1579, 'name': 'Bandstand Promenade'}, 'city': 'Cuttack', 'state': ...</msg>
<var>${json_data}</var>
<arg>${response.json()}</arg>
<doc>Returns the given values which can then be assigned to a variables.</doc>
<status status="PASS" start="2024-04-19T12:25:03.035429" elapsed="0.000470"/>
</kw>
<kw name="Dictionary Should Contain Key" owner="Collections">
<msg time="2024-04-19T12:25:03.036383" level="INFO">False</msg>
<arg>${json_data}</arg>
<arg>results</arg>
<doc>Fails if ``key`` is not found from ``dictionary``.</doc>
<status status="PASS" start="2024-04-19T12:25:03.036210" elapsed="0.000214"/>
</kw>
<status status="PASS" start="2024-04-19T12:25:02.861584" elapsed="0.175104"/>
</kw>
<doc>Testa se a API responde corretamente e retorna um objeto JSON válido.</doc>
<tag>testeRequisicaoBasica</tag>
<status status="PASS" start="2024-04-19T12:25:02.861122" elapsed="0.175755"/>
</test>
<test id="s1-s1-t3" name="Validar estrutura de resposta" line="22">
<kw name="Teste de Estrutura de Resposta" owner="random-user-service">
<kw name="GET On Session" owner="RequestsLibrary">
<msg time="2024-04-19T12:25:03.185852" level="INFO">GET Request : url=https://randomuser.me/api 
 path_url=/api 
 headers={'User-Agent': 'python-requests/2.31.0', 'Accept-Encoding': 'gzip, deflate', 'Accept': '*/*', 'Connection': 'keep-alive'} 
 body=None 
 </msg>
<msg time="2024-04-19T12:25:03.185960" level="INFO">GET Response : url=https://randomuser.me/api 
 status=200, reason=OK 
 headers={'Date': 'Fri, 19 Apr 2024 12:25:03 GMT', 'Content-Type': 'application/json; charset=utf-8', 'Transfer-Encoding': 'chunked', 'Connection': 'keep-alive', 'X-Powered-By': 'Express', 'Access-Control-Allow-Origin': '*', 'Cache-Control': 'no-cache', 'ETag': 'W/"4a5-euh1iJe2KrFq8OFOBbWXFxRumiU"', 'Vary': 'Accept-Encoding', 'Content-Encoding': 'gzip', 'CF-Cache-Status': 'DYNAMIC', 'Report-To': '{"endpoints":[{"url":"https:\\/\\/a.nel.cloudflare.com\\/report\\/v4?s=HFU2Zf6EDkjU0SCiSizNBLY8RXmYqyIxu8uGTnpSyhM3eaFa0YVE%2BJ7BRsY0vPVVJLr9gO3r2BNIWdef%2F5Lr41XukQEFEwQrHCFW6BKDJ41wYawR4ceXsH0Bwd2V8%2FSd"}],"group":"cf-nel","max_age":604800}', 'NEL': '{"success_fraction":0,"report_to":"cf-nel","max_age":604800}', 'Server': 'cloudflare', 'CF-RAY': '876ce00208ad5740-IAD', 'alt-svc': 'h3=":443"; ma=86400'} 
 body={"results":[{"gender":"female","name":{"title":"Mrs","first":"Lieselotte","last":"Pflug"},"location":{"street":{"number":7211,"name":"Grüner Weg"},"city":"Lauscha","state":"Schleswig-Holstein","country":"Germany","postcode":83948,"coordinates":{"latitude":"-51.2479","longitude":"118.8625"},"timezone":{"offset":"+4:00","description":"Abu Dhabi, Muscat, Baku, Tbilisi"}},"email":"lieselotte.pflug@example.com","login":{"uuid":"9a69b67e-d210-4780-a662-0a03876c3459","username":"blackbird688","password":"hillary","salt":"kecCFcjy","md5":"b5410d7871ca3d007c88846f30dbdd07","sha1":"13840721691e55ded30c332ebc6c2284d555fe22","sha256":"84f3a6b9ed3ae7c0a8476bafb6028490c7bca6cd8bfde4c9b409933c23ce4135"},"dob":{"date":"1947-10-02T18:57:45.236Z","age":76},"registered":{"date":"2006-02-22T20:58:36.023Z","age":18},"phone":"0448-1335642","cell":"0177-9873874","id":{"name":"SVNR","value":"71 021047 P 581"},"picture":{"large":"https://randomuser.me/api/portraits/women/53.jpg","medium":"https://randomuser.me/api/portraits/med/women/53.jpg","thumbnail":"https://randomuser.me/api/portraits/thumb/women/53.jpg"},"nat":"DE"}],"info":{"seed":"e09417a3aaae2c67","results":1,"page":1,"version":"1.4"}} 
 </msg>
<msg time="2024-04-19T12:25:03.186093" level="INFO">/opt/hostedtoolcache/Python/3.12.3/x64/lib/python3.12/site-packages/urllib3/connectionpool.py:1103: InsecureRequestWarning: Unverified HTTPS request is being made to host 'randomuser.me'. Adding certificate verification is strongly advised. See: https://urllib3.readthedocs.io/en/latest/advanced-usage.html#tls-warnings
  warnings.warn(</msg>
<msg time="2024-04-19T12:25:03.186229" level="INFO">${response} = &lt;Response [200]&gt;</msg>
<var>${response}</var>
<arg>consultarAPI</arg>
<arg>/api</arg>
<doc>Sends a GET request on a previously created HTTP Session.</doc>
<status status="PASS" start="2024-04-19T12:25:03.039531" elapsed="0.146745"/>
</kw>
<kw name="Set Variable" owner="BuiltIn">
<msg time="2024-04-19T12:25:03.187352" level="INFO">${json_data} = {'results': [{'gender': 'female', 'name': {'title': 'Mrs', 'first': 'Lieselotte', 'last': 'Pflug'}, 'location': {'street': {'number': 7211, 'name': 'Grüner Weg'}, 'city': 'Lauscha', 'state': 'Schleswi...</msg>
<var>${json_data}</var>
<arg>${response.json()}</arg>
<doc>Returns the given values which can then be assigned to a variables.</doc>
<status status="PASS" start="2024-04-19T12:25:03.186769" elapsed="0.000613"/>
</kw>
<kw name="Log" owner="BuiltIn">
<msg time="2024-04-19T12:25:03.187859" level="INFO">{'results': [{'gender': 'female', 'name': {'title': 'Mrs', 'first': 'Lieselotte', 'last': 'Pflug'}, 'location': {'street': {'number': 7211, 'name': 'Grüner Weg'}, 'city': 'Lauscha', 'state': 'Schleswig-Holstein', 'country': 'Germany', 'postcode': 83948, 'coordinates': {'latitude': '-51.2479', 'longitude': '118.8625'}, 'timezone': {'offset': '+4:00', 'description': 'Abu Dhabi, Muscat, Baku, Tbilisi'}}, 'email': 'lieselotte.pflug@example.com', 'login': {'uuid': '9a69b67e-d210-4780-a662-0a03876c3459', 'username': 'blackbird688', 'password': 'hillary', 'salt': 'kecCFcjy', 'md5': 'b5410d7871ca3d007c88846f30dbdd07', 'sha1': '13840721691e55ded30c332ebc6c2284d555fe22', 'sha256': '84f3a6b9ed3ae7c0a8476bafb6028490c7bca6cd8bfde4c9b409933c23ce4135'}, 'dob': {'date': '1947-10-02T18:57:45.236Z', 'age': 76}, 'registered': {'date': '2006-02-22T20:58:36.023Z', 'age': 18}, 'phone': '0448-1335642', 'cell': '0177-9873874', 'id': {'name': 'SVNR', 'value': '71 021047 P 581'}, 'picture': {'large': 'https://randomuser.me/api/portraits/women/53.jpg', 'medium': 'https://randomuser.me/api/portraits/med/women/53.jpg', 'thumbnail': 'https://randomuser.me/api/portraits/thumb/women/53.jpg'}, 'nat': 'DE'}], 'info': {'seed': 'e09417a3aaae2c67', 'results': 1, 'page': 1, 'version': '1.4'}}</msg>
<arg>${json_data}</arg>
<doc>Logs the given message with the given level.</doc>
<status status="PASS" start="2024-04-19T12:25:03.187694" elapsed="0.000218"/>
</kw>
<kw name="Dictionary Should Contain Key" owner="Collections">
<msg time="2024-04-19T12:25:03.188366" level="INFO">False</msg>
<arg>${json_data}</arg>
<arg>results</arg>
<doc>Fails if ``key`` is not found from ``dictionary``.</doc>
<status status="PASS" start="2024-04-19T12:25:03.188205" elapsed="0.000197"/>
</kw>
<kw name="Should Not Be Empty" owner="BuiltIn">
<msg time="2024-04-19T12:25:03.188823" level="INFO">Length is 2.</msg>
<arg>${json_data}</arg>
<doc>Verifies that the given item is not empty.</doc>
<status status="PASS" start="2024-04-19T12:25:03.188692" elapsed="0.000322"/>
</kw>
<kw name="Create List" owner="BuiltIn">
<msg time="2024-04-19T12:25:03.189455" level="INFO">${expected_keys} = ['gender', 'name', 'location', 'email', 'login']</msg>
<var>${expected_keys}</var>
<arg>gender</arg>
<arg>name</arg>
<arg>location</arg>
<arg>email</arg>
<arg>login</arg>
<doc>Returns a list containing given items.</doc>
<status status="PASS" start="2024-04-19T12:25:03.189309" elapsed="0.000169"/>
</kw>
<for flavor="IN">
<iter>
<kw name="Dictionary Should Contain Key" owner="Collections">
<msg time="2024-04-19T12:25:03.190462" level="INFO">False</msg>
<arg>${json_data['results'][0]}</arg>
<arg>${key}</arg>
<doc>Fails if ``key`` is not found from ``dictionary``.</doc>
<status status="PASS" start="2024-04-19T12:25:03.190062" elapsed="0.000438"/>
</kw>
<kw name="Log" owner="BuiltIn">
<msg time="2024-04-19T12:25:03.191185" level="INFO">{'gender': 'female', 'name': {'title': 'Mrs', 'first': 'Lieselotte', 'last': 'Pflug'}, 'location': {'street': {'number': 7211, 'name': 'Grüner Weg'}, 'city': 'Lauscha', 'state': 'Schleswig-Holstein', 'country': 'Germany', 'postcode': 83948, 'coordinates': {'latitude': '-51.2479', 'longitude': '118.8625'}, 'timezone': {'offset': '+4:00', 'description': 'Abu Dhabi, Muscat, Baku, Tbilisi'}}, 'email': 'lieselotte.pflug@example.com', 'login': {'uuid': '9a69b67e-d210-4780-a662-0a03876c3459', 'username': 'blackbird688', 'password': 'hillary', 'salt': 'kecCFcjy', 'md5': 'b5410d7871ca3d007c88846f30dbdd07', 'sha1': '13840721691e55ded30c332ebc6c2284d555fe22', 'sha256': '84f3a6b9ed3ae7c0a8476bafb6028490c7bca6cd8bfde4c9b409933c23ce4135'}, 'dob': {'date': '1947-10-02T18:57:45.236Z', 'age': 76}, 'registered': {'date': '2006-02-22T20:58:36.023Z', 'age': 18}, 'phone': '0448-1335642', 'cell': '0177-9873874', 'id': {'name': 'SVNR', 'value': '71 021047 P 581'}, 'picture': {'large': 'https://randomuser.me/api/portraits/women/53.jpg', 'medium': 'https://randomuser.me/api/portraits/med/women/53.jpg', 'thumbnail': 'https://randomuser.me/api/portraits/thumb/women/53.jpg'}, 'nat': 'DE'}</msg>
<arg>${json_data['results'][0]}</arg>
<doc>Logs the given message with the given level.</doc>
<status status="PASS" start="2024-04-19T12:25:03.190796" elapsed="0.000441"/>
</kw>
<kw name="Log" owner="BuiltIn">
<msg time="2024-04-19T12:25:03.191664" level="INFO">gender</msg>
<arg>${key}</arg>
<doc>Logs the given message with the given level.</doc>
<status status="PASS" start="2024-04-19T12:25:03.191535" elapsed="0.000166"/>
</kw>
<var name="${key}">gender</var>
<status status="PASS" start="2024-04-19T12:25:03.189935" elapsed="0.001982"/>
</iter>
<iter>
<kw name="Dictionary Should Contain Key" owner="Collections">
<msg time="2024-04-19T12:25:03.192599" level="INFO">False</msg>
<arg>${json_data['results'][0]}</arg>
<arg>${key}</arg>
<doc>Fails if ``key`` is not found from ``dictionary``.</doc>
<status status="PASS" start="2024-04-19T12:25:03.192215" elapsed="0.000421"/>
</kw>
<kw name="Log" owner="BuiltIn">
<msg time="2024-04-19T12:25:03.193331" level="INFO">{'gender': 'female', 'name': {'title': 'Mrs', 'first': 'Lieselotte', 'last': 'Pflug'}, 'location': {'street': {'number': 7211, 'name': 'Grüner Weg'}, 'city': 'Lauscha', 'state': 'Schleswig-Holstein', 'country': 'Germany', 'postcode': 83948, 'coordinates': {'latitude': '-51.2479', 'longitude': '118.8625'}, 'timezone': {'offset': '+4:00', 'description': 'Abu Dhabi, Muscat, Baku, Tbilisi'}}, 'email': 'lieselotte.pflug@example.com', 'login': {'uuid': '9a69b67e-d210-4780-a662-0a03876c3459', 'username': 'blackbird688', 'password': 'hillary', 'salt': 'kecCFcjy', 'md5': 'b5410d7871ca3d007c88846f30dbdd07', 'sha1': '13840721691e55ded30c332ebc6c2284d555fe22', 'sha256': '84f3a6b9ed3ae7c0a8476bafb6028490c7bca6cd8bfde4c9b409933c23ce4135'}, 'dob': {'date': '1947-10-02T18:57:45.236Z', 'age': 76}, 'registered': {'date': '2006-02-22T20:58:36.023Z', 'age': 18}, 'phone': '0448-1335642', 'cell': '0177-9873874', 'id': {'name': 'SVNR', 'value': '71 021047 P 581'}, 'picture': {'large': 'https://randomuser.me/api/portraits/women/53.jpg', 'medium': 'https://randomuser.me/api/portraits/med/women/53.jpg', 'thumbnail': 'https://randomuser.me/api/portraits/thumb/women/53.jpg'}, 'nat': 'DE'}</msg>
<arg>${json_data['results'][0]}</arg>
<doc>Logs the given message with the given level.</doc>
<status status="PASS" start="2024-04-19T12:25:03.192957" elapsed="0.000425"/>
</kw>
<kw name="Log" owner="BuiltIn">
<msg time="2024-04-19T12:25:03.193808" level="INFO">name</msg>
<arg>${key}</arg>
<doc>Logs the given message with the given level.</doc>
<status status="PASS" start="2024-04-19T12:25:03.193680" elapsed="0.000165"/>
</kw>
<var name="${key}">name</var>
<status status="PASS" start="2024-04-19T12:25:03.192102" elapsed="0.001956"/>
</iter>
<iter>
<kw name="Dictionary Should Contain Key" owner="Collections">
<msg time="2024-04-19T12:25:03.194731" level="INFO">False</msg>
<arg>${json_data['results'][0]}</arg>
<arg>${key}</arg>
<doc>Fails if ``key`` is not found from ``dictionary``.</doc>
<status status="PASS" start="2024-04-19T12:25:03.194344" elapsed="0.000425"/>
</kw>
<kw name="Log" owner="BuiltIn">
<msg time="2024-04-19T12:25:03.195461" level="INFO">{'gender': 'female', 'name': {'title': 'Mrs', 'first': 'Lieselotte', 'last': 'Pflug'}, 'location': {'street': {'number': 7211, 'name': 'Grüner Weg'}, 'city': 'Lauscha', 'state': 'Schleswig-Holstein', 'country': 'Germany', 'postcode': 83948, 'coordinates': {'latitude': '-51.2479', 'longitude': '118.8625'}, 'timezone': {'offset': '+4:00', 'description': 'Abu Dhabi, Muscat, Baku, Tbilisi'}}, 'email': 'lieselotte.pflug@example.com', 'login': {'uuid': '9a69b67e-d210-4780-a662-0a03876c3459', 'username': 'blackbird688', 'password': 'hillary', 'salt': 'kecCFcjy', 'md5': 'b5410d7871ca3d007c88846f30dbdd07', 'sha1': '13840721691e55ded30c332ebc6c2284d555fe22', 'sha256': '84f3a6b9ed3ae7c0a8476bafb6028490c7bca6cd8bfde4c9b409933c23ce4135'}, 'dob': {'date': '1947-10-02T18:57:45.236Z', 'age': 76}, 'registered': {'date': '2006-02-22T20:58:36.023Z', 'age': 18}, 'phone': '0448-1335642', 'cell': '0177-9873874', 'id': {'name': 'SVNR', 'value': '71 021047 P 581'}, 'picture': {'large': 'https://randomuser.me/api/portraits/women/53.jpg', 'medium': 'https://randomuser.me/api/portraits/med/women/53.jpg', 'thumbnail': 'https://randomuser.me/api/portraits/thumb/women/53.jpg'}, 'nat': 'DE'}</msg>
<arg>${json_data['results'][0]}</arg>
<doc>Logs the given message with the given level.</doc>
<status status="PASS" start="2024-04-19T12:25:03.195078" elapsed="0.000434"/>
</kw>
<kw name="Log" owner="BuiltIn">
<msg time="2024-04-19T12:25:03.195940" level="INFO">location</msg>
<arg>${key}</arg>
<doc>Logs the given message with the given level.</doc>
<status status="PASS" start="2024-04-19T12:25:03.195807" elapsed="0.000172"/>
</kw>
<var name="${key}">location</var>
<status status="PASS" start="2024-04-19T12:25:03.194233" elapsed="0.001959"/>
</iter>
<iter>
<kw name="Dictionary Should Contain Key" owner="Collections">
<msg time="2024-04-19T12:25:03.196862" level="INFO">False</msg>
<arg>${json_data['results'][0]}</arg>
<arg>${key}</arg>
<doc>Fails if ``key`` is not found from ``dictionary``.</doc>
<status status="PASS" start="2024-04-19T12:25:03.196475" elapsed="0.000424"/>
</kw>
<kw name="Log" owner="BuiltIn">
<msg time="2024-04-19T12:25:03.197564" level="INFO">{'gender': 'female', 'name': {'title': 'Mrs', 'first': 'Lieselotte', 'last': 'Pflug'}, 'location': {'street': {'number': 7211, 'name': 'Grüner Weg'}, 'city': 'Lauscha', 'state': 'Schleswig-Holstein', 'country': 'Germany', 'postcode': 83948, 'coordinates': {'latitude': '-51.2479', 'longitude': '118.8625'}, 'timezone': {'offset': '+4:00', 'description': 'Abu Dhabi, Muscat, Baku, Tbilisi'}}, 'email': 'lieselotte.pflug@example.com', 'login': {'uuid': '9a69b67e-d210-4780-a662-0a03876c3459', 'username': 'blackbird688', 'password': 'hillary', 'salt': 'kecCFcjy', 'md5': 'b5410d7871ca3d007c88846f30dbdd07', 'sha1': '13840721691e55ded30c332ebc6c2284d555fe22', 'sha256': '84f3a6b9ed3ae7c0a8476bafb6028490c7bca6cd8bfde4c9b409933c23ce4135'}, 'dob': {'date': '1947-10-02T18:57:45.236Z', 'age': 76}, 'registered': {'date': '2006-02-22T20:58:36.023Z', 'age': 18}, 'phone': '0448-1335642', 'cell': '0177-9873874', 'id': {'name': 'SVNR', 'value': '71 021047 P 581'}, 'picture': {'large': 'https://randomuser.me/api/portraits/women/53.jpg', 'medium': 'https://randomuser.me/api/portraits/med/women/53.jpg', 'thumbnail': 'https://randomuser.me/api/portraits/thumb/women/53.jpg'}, 'nat': 'DE'}</msg>
<arg>${json_data['results'][0]}</arg>
<doc>Logs the given message with the given level.</doc>
<status status="PASS" start="2024-04-19T12:25:03.197195" elapsed="0.000420"/>
</kw>
<kw name="Log" owner="BuiltIn">
<msg time="2024-04-19T12:25:03.198034" level="INFO">email</msg>
<arg>${key}</arg>
<doc>Logs the given message with the given level.</doc>
<status status="PASS" start="2024-04-19T12:25:03.197907" elapsed="0.000166"/>
</kw>
<var name="${key}">email</var>
<status status="PASS" start="2024-04-19T12:25:03.196365" elapsed="0.001920"/>
</iter>
<iter>
<kw name="Dictionary Should Contain Key" owner="Collections">
<msg time="2024-04-19T12:25:03.198950" level="INFO">False</msg>
<arg>${json_data['results'][0]}</arg>
<arg>${key}</arg>
<doc>Fails if ``key`` is not found from ``dictionary``.</doc>
<status status="PASS" start="2024-04-19T12:25:03.198567" elapsed="0.000421"/>
</kw>
<kw name="Log" owner="BuiltIn">
<msg time="2024-04-19T12:25:03.199688" level="INFO">{'gender': 'female', 'name': {'title': 'Mrs', 'first': 'Lieselotte', 'last': 'Pflug'}, 'location': {'street': {'number': 7211, 'name': 'Grüner Weg'}, 'city': 'Lauscha', 'state': 'Schleswig-Holstein', 'country': 'Germany', 'postcode': 83948, 'coordinates': {'latitude': '-51.2479', 'longitude': '118.8625'}, 'timezone': {'offset': '+4:00', 'description': 'Abu Dhabi, Muscat, Baku, Tbilisi'}}, 'email': 'lieselotte.pflug@example.com', 'login': {'uuid': '9a69b67e-d210-4780-a662-0a03876c3459', 'username': 'blackbird688', 'password': 'hillary', 'salt': 'kecCFcjy', 'md5': 'b5410d7871ca3d007c88846f30dbdd07', 'sha1': '13840721691e55ded30c332ebc6c2284d555fe22', 'sha256': '84f3a6b9ed3ae7c0a8476bafb6028490c7bca6cd8bfde4c9b409933c23ce4135'}, 'dob': {'date': '1947-10-02T18:57:45.236Z', 'age': 76}, 'registered': {'date': '2006-02-22T20:58:36.023Z', 'age': 18}, 'phone': '0448-1335642', 'cell': '0177-9873874', 'id': {'name': 'SVNR', 'value': '71 021047 P 581'}, 'picture': {'large': 'https://randomuser.me/api/portraits/women/53.jpg', 'medium': 'https://randomuser.me/api/portraits/med/women/53.jpg', 'thumbnail': 'https://randomuser.me/api/portraits/thumb/women/53.jpg'}, 'nat': 'DE'}</msg>
<arg>${json_data['results'][0]}</arg>
<doc>Logs the given message with the given level.</doc>
<status status="PASS" start="2024-04-19T12:25:03.199311" elapsed="0.000427"/>
</kw>
<kw name="Log" owner="BuiltIn">
<msg time="2024-04-19T12:25:03.200162" level="INFO">login</msg>
<arg>${key}</arg>
<doc>Logs the given message with the given level.</doc>
<status status="PASS" start="2024-04-19T12:25:03.200034" elapsed="0.000201"/>
</kw>
<var name="${key}">login</var>
<status status="PASS" start="2024-04-19T12:25:03.198455" elapsed="0.002005"/>
</iter>
<var>${key}</var>
<value>@{expected_keys}</value>
<status status="PASS" start="2024-04-19T12:25:03.189737" elapsed="0.010844"/>
</for>
<kw name="Create List" owner="BuiltIn">
<msg time="2024-04-19T12:25:03.200912" level="INFO">${expected_keysTwo} = ['username', 'password']</msg>
<var>${expected_keysTwo}</var>
<arg>username</arg>
<arg>password</arg>
<doc>Returns a list containing given items.</doc>
<status status="PASS" start="2024-04-19T12:25:03.200775" elapsed="0.000161"/>
</kw>
<for flavor="IN">
<iter>
<kw name="Dictionary Should Contain Key" owner="Collections">
<msg time="2024-04-19T12:25:03.201823" level="INFO">False</msg>
<arg>${json_data['results'][0]['login']}</arg>
<arg>${keyTwo}</arg>
<doc>Fails if ``key`` is not found from ``dictionary``.</doc>
<status status="PASS" start="2024-04-19T12:25:03.201435" elapsed="0.000426"/>
</kw>
<kw name="Dictionary Should Contain Key" owner="Collections">
<msg time="2024-04-19T12:25:03.202532" level="INFO">False</msg>
<arg>${json_data['results'][0]['login']}</arg>
<arg>${keyTwo}</arg>
<doc>Fails if ``key`` is not found from ``dictionary``.</doc>
<status status="PASS" start="2024-04-19T12:25:03.202154" elapsed="0.000416"/>
</kw>
<kw name="Log" owner="BuiltIn">
<msg time="2024-04-19T12:25:03.202987" level="INFO">username</msg>
<arg>${keyTwo}</arg>
<doc>Logs the given message with the given level.</doc>
<status status="PASS" start="2024-04-19T12:25:03.202860" elapsed="0.000171"/>
</kw>
<var name="${keyTwo}">username</var>
<status status="PASS" start="2024-04-19T12:25:03.201325" elapsed="0.001943"/>
</iter>
<iter>
<kw name="Dictionary Should Contain Key" owner="Collections">
<msg time="2024-04-19T12:25:03.204015" level="INFO">False</msg>
<arg>${json_data['results'][0]['login']}</arg>
<arg>${keyTwo}</arg>
<doc>Fails if ``key`` is not found from ``dictionary``.</doc>
<status status="PASS" start="2024-04-19T12:25:03.203549" elapsed="0.000512"/>
</kw>
<kw name="Dictionary Should Contain Key" owner="Collections">
<msg time="2024-04-19T12:25:03.204739" level="INFO">False</msg>
<arg>${json_data['results'][0]['login']}</arg>
<arg>${keyTwo}</arg>
<doc>Fails if ``key`` is not found from ``dictionary``.</doc>
<status status="PASS" start="2024-04-19T12:25:03.204360" elapsed="0.000416"/>
</kw>
<kw name="Log" owner="BuiltIn">
<msg time="2024-04-19T12:25:03.205193" level="INFO">password</msg>
<arg>${keyTwo}</arg>
<doc>Logs the given message with the given level.</doc>
<status status="PASS" start="2024-04-19T12:25:03.205066" elapsed="0.000164"/>
</kw>
<var name="${keyTwo}">password</var>
<status status="PASS" start="2024-04-19T12:25:03.203440" elapsed="0.002008"/>
</iter>
<var>${keyTwo}</var>
<value>@{expected_keysTwo}</value>
<status status="PASS" start="2024-04-19T12:25:03.201174" elapsed="0.004394"/>
</for>
<status status="PASS" start="2024-04-19T12:25:03.039284" elapsed="0.166424"/>
</kw>
<doc>Testa a estrutura da resposta da API.</doc>
<tag>testeEstruturaResposta</tag>
<status status="PASS" start="2024-04-19T12:25:03.038746" elapsed="0.167117"/>
</test>
<test id="s1-s1-t4" name="Validar tipos de dados" line="28">
<kw name="Teste de Tipos de Dados" owner="random-user-service">
<kw name="GET On Session" owner="RequestsLibrary">
<msg time="2024-04-19T12:25:03.271183" level="INFO">GET Request : url=https://randomuser.me/api 
 path_url=/api 
 headers={'User-Agent': 'python-requests/2.31.0', 'Accept-Encoding': 'gzip, deflate', 'Accept': '*/*', 'Connection': 'keep-alive'} 
 body=None 
 </msg>
<msg time="2024-04-19T12:25:03.271264" level="INFO">GET Response : url=https://randomuser.me/api 
 status=200, reason=OK 
 headers={'Date': 'Fri, 19 Apr 2024 12:25:03 GMT', 'Content-Type': 'application/json; charset=utf-8', 'Transfer-Encoding': 'chunked', 'Connection': 'keep-alive', 'X-Powered-By': 'Express', 'Access-Control-Allow-Origin': '*', 'Cache-Control': 'no-cache', 'ETag': 'W/"494-Ywh7HoM+1CPsIjtPpPHaQzbFcaM"', 'Vary': 'Accept-Encoding', 'Content-Encoding': 'gzip', 'CF-Cache-Status': 'DYNAMIC', 'Report-To': '{"endpoints":[{"url":"https:\\/\\/a.nel.cloudflare.com\\/report\\/v4?s=wWWypFgvyZZjOdY6U%2BPxBSjP4tbEb0LB2LpbVjBFzUpqns3hlLqiL%2FSnu9TMfTjoBo8g9apWf7ZxZOulKG6NIJxGd7pnCEb8txpW8n4M3r4tns%2BKCNqAp781xqNyRXb8"}],"group":"cf-nel","max_age":604800}', 'NEL': '{"success_fraction":0,"report_to":"cf-nel","max_age":604800}', 'Server': 'cloudflare', 'CF-RAY': '876ce00309685740-IAD', 'alt-svc': 'h3=":443"; ma=86400'} 
 body={"results":[{"gender":"female","name":{"title":"Mrs","first":"Shrishti","last":"Nayak"},"location":{"street":{"number":1722,"name":"College St"},"city":"Jamshedpur","state":"Lakshadweep","country":"India","postcode":58210,"coordinates":{"latitude":"9.3985","longitude":"109.8403"},"timezone":{"offset":"+10:00","description":"Eastern Australia, Guam, Vladivostok"}},"email":"shrishti.nayak@example.com","login":{"uuid":"c96f2368-826a-4fd7-9b18-21bc2983c8da","username":"lazycat205","password":"batman1","salt":"kAO7ZDKT","md5":"a8922021ef5717c67941cdd6ac09c9f9","sha1":"1510cbbe7f2614b9d9f3b76bc6d36dd78027e1be","sha256":"5fea21219ec2d3c290cac6816f9b38c693637829f6d1bb82faa7839039ff37d7"},"dob":{"date":"1986-05-26T05:20:58.873Z","age":37},"registered":{"date":"2018-06-29T03:02:10.590Z","age":5},"phone":"8527586246","cell":"8597025232","id":{"name":"UIDAI","value":"445511515922"},"picture":{"large":"https://randomuser.me/api/portraits/women/15.jpg","medium":"https://randomuser.me/api/portraits/med/women/15.jpg","thumbnail":"https://randomuser.me/api/portraits/thumb/women/15.jpg"},"nat":"IN"}],"info":{"seed":"b5809e842c16e00e","results":1,"page":1,"version":"1.4"}} 
 </msg>
<msg time="2024-04-19T12:25:03.271334" level="INFO">/opt/hostedtoolcache/Python/3.12.3/x64/lib/python3.12/site-packages/urllib3/connectionpool.py:1103: InsecureRequestWarning: Unverified HTTPS request is being made to host 'randomuser.me'. Adding certificate verification is strongly advised. See: https://urllib3.readthedocs.io/en/latest/advanced-usage.html#tls-warnings
  warnings.warn(</msg>
<msg time="2024-04-19T12:25:03.271430" level="INFO">${response} = &lt;Response [200]&gt;</msg>
<var>${response}</var>
<arg>consultarAPI</arg>
<arg>/api</arg>
<doc>Sends a GET request on a previously created HTTP Session.</doc>
<status status="PASS" start="2024-04-19T12:25:03.208377" elapsed="0.063097"/>
</kw>
<kw name="Set Variable" owner="BuiltIn">
<msg time="2024-04-19T12:25:03.272376" level="INFO">${json_data} = {'results': [{'gender': 'female', 'name': {'title': 'Mrs', 'first': 'Shrishti', 'last': 'Nayak'}, 'location': {'street': {'number': 1722, 'name': 'College St'}, 'city': 'Jamshedpur', 'state': 'Lakshad...</msg>
<var>${json_data}</var>
<arg>${response.json()}</arg>
<doc>Returns the given values which can then be assigned to a variables.</doc>
<status status="PASS" start="2024-04-19T12:25:03.271885" elapsed="0.000519"/>
</kw>
<kw name="Log" owner="BuiltIn">
<msg time="2024-04-19T12:25:03.272857" level="INFO">{'results': [{'gender': 'female', 'name': {'title': 'Mrs', 'first': 'Shrishti', 'last': 'Nayak'}, 'location': {'street': {'number': 1722, 'name': 'College St'}, 'city': 'Jamshedpur', 'state': 'Lakshadweep', 'country': 'India', 'postcode': 58210, 'coordinates': {'latitude': '9.3985', 'longitude': '109.8403'}, 'timezone': {'offset': '+10:00', 'description': 'Eastern Australia, Guam, Vladivostok'}}, 'email': 'shrishti.nayak@example.com', 'login': {'uuid': 'c96f2368-826a-4fd7-9b18-21bc2983c8da', 'username': 'lazycat205', 'password': 'batman1', 'salt': 'kAO7ZDKT', 'md5': 'a8922021ef5717c67941cdd6ac09c9f9', 'sha1': '1510cbbe7f2614b9d9f3b76bc6d36dd78027e1be', 'sha256': '5fea21219ec2d3c290cac6816f9b38c693637829f6d1bb82faa7839039ff37d7'}, 'dob': {'date': '1986-05-26T05:20:58.873Z', 'age': 37}, 'registered': {'date': '2018-06-29T03:02:10.590Z', 'age': 5}, 'phone': '8527586246', 'cell': '8597025232', 'id': {'name': 'UIDAI', 'value': '445511515922'}, 'picture': {'large': 'https://randomuser.me/api/portraits/women/15.jpg', 'medium': 'https://randomuser.me/api/portraits/med/women/15.jpg', 'thumbnail': 'https://randomuser.me/api/portraits/thumb/women/15.jpg'}, 'nat': 'IN'}], 'info': {'seed': 'b5809e842c16e00e', 'results': 1, 'page': 1, 'version': '1.4'}}</msg>
<arg>${json_data}</arg>
<doc>Logs the given message with the given level.</doc>
<status status="PASS" start="2024-04-19T12:25:03.272707" elapsed="0.000231"/>
</kw>
<kw name="Should Be String" owner="String">
<arg>${json_data['results'][0]['gender']}</arg>
<doc>Fails if the given ``item`` is not a string.</doc>
<status status="PASS" start="2024-04-19T12:25:03.273233" elapsed="0.000365"/>
</kw>
<kw name="Should Match Regexp" owner="BuiltIn">
<arg>${json_data['results'][0]['email']}</arg>
<arg>^[a-zA-Z0-9._%+-]+@[a-zA-Z0-9.-]+\.[a-zA-Z]{2,}$</arg>
<doc>Fails if ``string`` does not match ``pattern`` as a regular expression.</doc>
<status status="PASS" start="2024-04-19T12:25:03.273787" elapsed="0.000505"/>
</kw>
<kw name="Should Match Regexp" owner="BuiltIn">
<arg>${json_data['results'][0]['dob']['date']}</arg>
<arg>\\d{4}-\\d{2}-\\d{2}T\\d{2}:\\d{2}:\\d{2}\\.\\d{3}Z</arg>
<doc>Fails if ``string`` does not match ``pattern`` as a regular expression.</doc>
<status status="PASS" start="2024-04-19T12:25:03.274483" elapsed="0.000481"/>
</kw>
<kw name="Should Match Regexp" owner="BuiltIn">
<arg>${json_data['results'][0]['registered']['date']}</arg>
<arg>\\d{4}-\\d{2}-\\d{2}T\\d{2}:\\d{2}:\\d{2}\\.\\d{3}Z</arg>
<doc>Fails if ``string`` does not match ``pattern`` as a regular expression.</doc>
<status status="PASS" start="2024-04-19T12:25:03.275175" elapsed="0.000378"/>
</kw>
<kw name="Should Match Regexp" owner="BuiltIn">
<arg>${json_data['results'][0]['picture']['large']}</arg>
<arg>^https?://.*\.(?:png|jpe?g|gif|bmp)$</arg>
<doc>Fails if ``string`` does not match ``pattern`` as a regular expression.</doc>
<status status="PASS" start="2024-04-19T12:25:03.275744" elapsed="0.000459"/>
</kw>
<kw name="Should Match Regexp" owner="BuiltIn">
<arg>${json_data['results'][0]['picture']['medium']}</arg>
<arg>^https?://.*\.(?:png|jpe?g|gif|bmp)$</arg>
<doc>Fails if ``string`` does not match ``pattern`` as a regular expression.</doc>
<status status="PASS" start="2024-04-19T12:25:03.276400" elapsed="0.000360"/>
</kw>
<kw name="Should Match Regexp" owner="BuiltIn">
<arg>${json_data['results'][0]['picture']['thumbnail']}</arg>
<arg>^https?://.*\.(?:png|jpe?g|gif|bmp)$</arg>
<doc>Fails if ``string`` does not match ``pattern`` as a regular expression.</doc>
<status status="PASS" start="2024-04-19T12:25:03.276948" elapsed="0.000370"/>
</kw>
<kw name="Log" owner="BuiltIn">
<msg time="2024-04-19T12:25:03.277824" level="INFO">{'large': 'https://randomuser.me/api/portraits/women/15.jpg', 'medium': 'https://randomuser.me/api/portraits/med/women/15.jpg', 'thumbnail': 'https://randomuser.me/api/portraits/thumb/women/15.jpg'}</msg>
<arg>${json_data['results'][0]['picture']}</arg>
<doc>Logs the given message with the given level.</doc>
<status status="PASS" start="2024-04-19T12:25:03.277496" elapsed="0.000370"/>
</kw>
<status status="PASS" start="2024-04-19T12:25:03.208148" elapsed="0.069978"/>
</kw>
<kw name="Teste de Tipos de Dados - Postcode" owner="random-user-service">
<kw name="GET On Session" owner="RequestsLibrary">
<msg time="2024-04-19T12:25:03.378299" level="INFO">GET Request : url=https://randomuser.me/api 
 path_url=/api 
 headers={'User-Agent': 'python-requests/2.31.0', 'Accept-Encoding': 'gzip, deflate', 'Accept': '*/*', 'Connection': 'keep-alive'} 
 body=None 
 </msg>
<msg time="2024-04-19T12:25:03.378373" level="INFO">GET Response : url=https://randomuser.me/api 
 status=200, reason=OK 
 headers={'Date': 'Fri, 19 Apr 2024 12:25:03 GMT', 'Content-Type': 'application/json; charset=utf-8', 'Transfer-Encoding': 'chunked', 'Connection': 'keep-alive', 'X-Powered-By': 'Express', 'Access-Control-Allow-Origin': '*', 'Cache-Control': 'no-cache', 'ETag': 'W/"48e-wcDBHokByHUmD0t4pbhka6KD8K8"', 'Vary': 'Accept-Encoding', 'Content-Encoding': 'gzip', 'CF-Cache-Status': 'DYNAMIC', 'Report-To': '{"endpoints":[{"url":"https:\\/\\/a.nel.cloudflare.com\\/report\\/v4?s=c8px3SziGFfv4%2BDDp%2BxAmNL2UpyCstyw9WToHOSvkJUxS33jaMwVfbibtRLjSZSMhVvIE331CL9PJ7aiYzLjAAsMEGMglLmmL053MNPY6JrGJxtib3iY0Q8VpfQBJaS4"}],"group":"cf-nel","max_age":604800}', 'NEL': '{"success_fraction":0,"report_to":"cf-nel","max_age":604800}', 'Server': 'cloudflare', 'CF-RAY': '876ce00389c95740-IAD', 'alt-svc': 'h3=":443"; ma=86400'} 
 body={"results":[{"gender":"male","name":{"title":"Mr","first":"احسان","last":"رضاییان"},"location":{"street":{"number":389,"name":"تقوی"},"city":"آمل","state":"مرکزی","country":"Iran","postcode":69704,"coordinates":{"latitude":"17.6466","longitude":"-87.6163"},"timezone":{"offset":"+5:00","description":"Ekaterinburg, Islamabad, Karachi, Tashkent"}},"email":"hsn.rdyyn@example.com","login":{"uuid":"23a020aa-a3d3-4530-bb08-d7cefb970f13","username":"beautifulleopard854","password":"portland","salt":"NoZlvldo","md5":"1d6665f72520d7f34588e16425934cee","sha1":"43d9b92cdb581d1a351cbd401d73dcf6b2d7e98b","sha256":"c358824afca73d76b16b3f622c04ad2a56f9abad4f7d222144b8a4e9e1eaa082"},"dob":{"date":"1970-06-11T04:21:55.129Z","age":53},"registered":{"date":"2018-04-13T01:34:33.331Z","age":6},"phone":"097-54091244","cell":"0955-438-3505","id":{"name":"","value":null},"picture":{"large":"https://randomuser.me/api/portraits/men/91.jpg","medium":"https://randomuser.me/api/portraits/med/men/91.jpg","thumbnail":"https://randomuser.me/api/portraits/thumb/men/91.jpg"},"nat":"IR"}],"info":{"seed":"8cb9bc801053332d","results":1,"page":1,"version":"1.4"}} 
 </msg>
<msg time="2024-04-19T12:25:03.378450" level="INFO">/opt/hostedtoolcache/Python/3.12.3/x64/lib/python3.12/site-packages/urllib3/connectionpool.py:1103: InsecureRequestWarning: Unverified HTTPS request is being made to host 'randomuser.me'. Adding certificate verification is strongly advised. See: https://urllib3.readthedocs.io/en/latest/advanced-usage.html#tls-warnings
  warnings.warn(</msg>
<msg time="2024-04-19T12:25:03.378549" level="INFO">${response} = &lt;Response [200]&gt;</msg>
<var>${response}</var>
<arg>consultarAPI</arg>
<arg>/api</arg>
<doc>Sends a GET request on a previously created HTTP Session.</doc>
<status status="PASS" start="2024-04-19T12:25:03.278564" elapsed="0.100029"/>
</kw>
<kw name="Set Variable" owner="BuiltIn">
<msg time="2024-04-19T12:25:03.379560" level="INFO">${json_data} = {'results': [{'gender': 'male', 'name': {'title': 'Mr', 'first': 'احسان', 'last': 'رضاییان'}, 'location': {'street': {'number': 389, 'name': 'تقوی'}, 'city': 'آمل', 'state': 'مرکزی', 'country': 'Iran'...</msg>
<var>${json_data}</var>
<arg>${response.json()}</arg>
<doc>Returns the given values which can then be assigned to a variables.</doc>
<status status="PASS" start="2024-04-19T12:25:03.379017" elapsed="0.000572"/>
</kw>
<kw name="Log" owner="BuiltIn">
<msg time="2024-04-19T12:25:03.380056" level="INFO">{'results': [{'gender': 'male', 'name': {'title': 'Mr', 'first': 'احسان', 'last': 'رضاییان'}, 'location': {'street': {'number': 389, 'name': 'تقوی'}, 'city': 'آمل', 'state': 'مرکزی', 'country': 'Iran', 'postcode': 69704, 'coordinates': {'latitude': '17.6466', 'longitude': '-87.6163'}, 'timezone': {'offset': '+5:00', 'description': 'Ekaterinburg, Islamabad, Karachi, Tashkent'}}, 'email': 'hsn.rdyyn@example.com', 'login': {'uuid': '23a020aa-a3d3-4530-bb08-d7cefb970f13', 'username': 'beautifulleopard854', 'password': 'portland', 'salt': 'NoZlvldo', 'md5': '1d6665f72520d7f34588e16425934cee', 'sha1': '43d9b92cdb581d1a351cbd401d73dcf6b2d7e98b', 'sha256': 'c358824afca73d76b16b3f622c04ad2a56f9abad4f7d222144b8a4e9e1eaa082'}, 'dob': {'date': '1970-06-11T04:21:55.129Z', 'age': 53}, 'registered': {'date': '2018-04-13T01:34:33.331Z', 'age': 6}, 'phone': '097-54091244', 'cell': '0955-438-3505', 'id': {'name': '', 'value': None}, 'picture': {'large': 'https://randomuser.me/api/portraits/men/91.jpg', 'medium': 'https://randomuser.me/api/portraits/med/men/91.jpg', 'thumbnail': 'https://randomuser.me/api/portraits/thumb/men/91.jpg'}, 'nat': 'IR'}], 'info': {'seed': '8cb9bc801053332d', 'results': 1, 'page': 1, 'version': '1.4'}}</msg>
<arg>${json_data}</arg>
<doc>Logs the given message with the given level.</doc>
<status status="PASS" start="2024-04-19T12:25:03.379899" elapsed="0.000238"/>
</kw>
<kw name="Should Be Equal As Numbers" owner="BuiltIn">
<arg>${json_data['results'][0]['location']['postcode']}</arg>
<arg>${json_data['results'][0]['location']['postcode']}</arg>
<doc>Fails if objects are unequal after converting them to real numbers.</doc>
<status status="PASS" start="2024-04-19T12:25:03.380569" elapsed="0.000625"/>
</kw>
<kw name="Log" owner="BuiltIn">
<msg time="2024-04-19T12:25:03.381726" level="INFO">69704</msg>
<arg>${json_data['results'][0]['location']['postcode']}</arg>
<doc>Logs the given message with the given level.</doc>
<status status="PASS" start="2024-04-19T12:25:03.381387" elapsed="0.000377"/>
</kw>
<status status="PASS" start="2024-04-19T12:25:03.278339" elapsed="0.103674"/>
</kw>
<doc>Testa se os tipos de dados na resposta da API estão corretos.</doc>
<tag>testeTiposDados</tag>
<status status="PASS" start="2024-04-19T12:25:03.207694" elapsed="0.174477"/>
</test>
<test id="s1-s1-t5" name="Validar conteudo" line="35">
<kw name="Teste de Tipos de Conteudo" owner="random-user-service">
<kw name="GET On Session" owner="RequestsLibrary">
<msg time="2024-04-19T12:25:03.475688" level="INFO">GET Request : url=https://randomuser.me/api 
 path_url=/api 
 headers={'User-Agent': 'python-requests/2.31.0', 'Accept-Encoding': 'gzip, deflate', 'Accept': '*/*', 'Connection': 'keep-alive'} 
 body=None 
 </msg>
<msg time="2024-04-19T12:25:03.475763" level="INFO">GET Response : url=https://randomuser.me/api 
 status=200, reason=OK 
 headers={'Date': 'Fri, 19 Apr 2024 12:25:03 GMT', 'Content-Type': 'application/json; charset=utf-8', 'Transfer-Encoding': 'chunked', 'Connection': 'keep-alive', 'X-Powered-By': 'Express', 'Access-Control-Allow-Origin': '*', 'Cache-Control': 'no-cache', 'ETag': 'W/"46b-Sv+D70lolSyRPGwCN7u/zYzpxWY"', 'Vary': 'Accept-Encoding', 'Content-Encoding': 'gzip', 'CF-Cache-Status': 'DYNAMIC', 'Report-To': '{"endpoints":[{"url":"https:\\/\\/a.nel.cloudflare.com\\/report\\/v4?s=c%2FNsgviAmrRqgjJr%2B%2B5JDFGmlBjpB1ATqr2IunZ1CwNDWtqXw5fpLyR7ZVq1Ypxw0TMF5XIYM4cidn2gEPPhtfL2kRH5HMEOhMpkLaBjhbgvkPZk1MgybWD9b1ZBJ%2FEQ"}],"group":"cf-nel","max_age":604800}', 'NEL': '{"success_fraction":0,"report_to":"cf-nel","max_age":604800}', 'Server': 'cloudflare', 'CF-RAY': '876ce0042a3f5740-IAD', 'alt-svc': 'h3=":443"; ma=86400'} 
 body={"results":[{"gender":"male","name":{"title":"Mr","first":"Kerim","last":"Özkara"},"location":{"street":{"number":9621,"name":"Talak Göktepe Cd"},"city":"Manisa","state":"Erzurum","country":"Turkey","postcode":47989,"coordinates":{"latitude":"64.7536","longitude":"-44.1549"},"timezone":{"offset":"-3:30","description":"Newfoundland"}},"email":"kerim.ozkara@example.com","login":{"uuid":"8f4f4846-47ed-46e7-aa5c-49c2613d8e80","username":"greenrabbit351","password":"niang","salt":"rE43A4DP","md5":"1f91f50b90feee614280f64ceb58900d","sha1":"1acbd39bf9b4e44eb2de5964b8ae2d363595a1cb","sha256":"59512ec7f2fb93e1cdfbb58975322d8590c442a87f875f22f325a59fef1e275f"},"dob":{"date":"1978-11-21T15:12:11.378Z","age":45},"registered":{"date":"2018-07-11T22:53:07.223Z","age":5},"phone":"(312)-859-5071","cell":"(167)-275-7625","id":{"name":"","value":null},"picture":{"large":"https://randomuser.me/api/portraits/men/13.jpg","medium":"https://randomuser.me/api/portraits/med/men/13.jpg","thumbnail":"https://randomuser.me/api/portraits/thumb/men/13.jpg"},"nat":"TR"}],"info":{"seed":"a998082f9c690a02","results":1,"page":1,"version":"1.4"}} 
 </msg>
<msg time="2024-04-19T12:25:03.475834" level="INFO">/opt/hostedtoolcache/Python/3.12.3/x64/lib/python3.12/site-packages/urllib3/connectionpool.py:1103: InsecureRequestWarning: Unverified HTTPS request is being made to host 'randomuser.me'. Adding certificate verification is strongly advised. See: https://urllib3.readthedocs.io/en/latest/advanced-usage.html#tls-warnings
  warnings.warn(</msg>
<msg time="2024-04-19T12:25:03.475929" level="INFO">${response} = &lt;Response [200]&gt;</msg>
<var>${response}</var>
<arg>consultarAPI</arg>
<arg>/api</arg>
<doc>Sends a GET request on a previously created HTTP Session.</doc>
<status status="PASS" start="2024-04-19T12:25:03.385033" elapsed="0.090930"/>
</kw>
<kw name="Set Variable" owner="BuiltIn">
<msg time="2024-04-19T12:25:03.476827" level="INFO">${json_data} = {'results': [{'gender': 'male', 'name': {'title': 'Mr', 'first': 'Kerim', 'last': 'Özkara'}, 'location': {'street': {'number': 9621, 'name': 'Talak Göktepe Cd'}, 'city': 'Manisa', 'state': 'Erzurum', ...</msg>
<var>${json_data}</var>
<arg>${response.json()}</arg>
<doc>Returns the given values which can then be assigned to a variables.</doc>
<status status="PASS" start="2024-04-19T12:25:03.476358" elapsed="0.000499"/>
</kw>
<kw name="Set Variable" owner="BuiltIn">
<msg time="2024-04-19T12:25:03.477558" level="INFO">${name_title} = Mr</msg>
<var>${name_title}</var>
<arg>${json_data["results"][0]["name"]["title"]}</arg>
<doc>Returns the given values which can then be assigned to a variables.</doc>
<status status="PASS" start="2024-04-19T12:25:03.477171" elapsed="0.000412"/>
</kw>
<kw name="Create List" owner="BuiltIn">
<msg time="2024-04-19T12:25:03.478026" level="INFO">${allowed_titles} = ['Mr', 'Ms', 'Miss', 'Mrs', 'Madame', 'Monsieur']</msg>
<var>${allowed_titles}</var>
<arg>Mr</arg>
<arg>Ms</arg>
<arg>Miss</arg>
<arg>Mrs</arg>
<arg>Madame</arg>
<arg>Monsieur</arg>
<doc>Returns a list containing given items.</doc>
<status status="PASS" start="2024-04-19T12:25:03.477880" elapsed="0.000169"/>
</kw>
<kw name="List Should Contain Value" owner="Collections">
<msg time="2024-04-19T12:25:03.478538" level="INFO">False</msg>
<arg>${allowed_titles}</arg>
<arg>${name_title}</arg>
<doc>Fails if the ``value`` is not found from ``list``.</doc>
<status status="PASS" start="2024-04-19T12:25:03.478364" elapsed="0.000211"/>
</kw>
<kw name="Set Variable" owner="BuiltIn">
<msg time="2024-04-19T12:25:03.479282" level="INFO">${name_country} = TR</msg>
<var>${name_country}</var>
<arg>${json_data["results"][0]["nat"]}</arg>
<doc>Returns the given values which can then be assigned to a variables.</doc>
<status status="PASS" start="2024-04-19T12:25:03.478862" elapsed="0.000454"/>
</kw>
<kw name="Create List" owner="BuiltIn">
<msg time="2024-04-19T12:25:03.480202" level="INFO">${list_country} = ['AD', 'AE', 'AF', 'AG', 'AI', 'AL', 'AM', 'AO', 'AQ', 'AR', 'AS', 'AT', 'AU', 'AW', 'AX', 'AZ', 'BA', 'BB', 'BD', 'BE', 'BF', 'BG', 'BH', 'BI', 'BJ', 'BL', 'BM', 'BN', 'BO', 'BQ', 'BR', 'BS', 'BT', '...</msg>
<var>${list_country}</var>
<arg>AD</arg>
<arg>AE</arg>
<arg>AF</arg>
<arg>AG</arg>
<arg>AI</arg>
<arg>AL</arg>
<arg>AM</arg>
<arg>AO</arg>
<arg>AQ</arg>
<arg>AR</arg>
<arg>AS</arg>
<arg>AT</arg>
<arg>AU</arg>
<arg>AW</arg>
<arg>AX</arg>
<arg>AZ</arg>
<arg>BA</arg>
<arg>BB</arg>
<arg>BD</arg>
<arg>BE</arg>
<arg>BF</arg>
<arg>BG</arg>
<arg>BH</arg>
<arg>BI</arg>
<arg>BJ</arg>
<arg>BL</arg>
<arg>BM</arg>
<arg>BN</arg>
<arg>BO</arg>
<arg>BQ</arg>
<arg>BR</arg>
<arg>BS</arg>
<arg>BT</arg>
<arg>BV</arg>
<arg>BW</arg>
<arg>BY</arg>
<arg>BZ</arg>
<arg>CA</arg>
<arg>CC</arg>
<arg>CD</arg>
<arg>CF</arg>
<arg>CG</arg>
<arg>CH</arg>
<arg>CI</arg>
<arg>CK</arg>
<arg>CL</arg>
<arg>CM</arg>
<arg>CN</arg>
<arg>CO</arg>
<arg>CR</arg>
<arg>CU</arg>
<arg>CV</arg>
<arg>CW</arg>
<arg>CX</arg>
<arg>CY</arg>
<arg>CZ</arg>
<arg>DE</arg>
<arg>DJ</arg>
<arg>DK</arg>
<arg>DM</arg>
<arg>DO</arg>
<arg>DZ</arg>
<arg>EC</arg>
<arg>EE</arg>
<arg>EG</arg>
<arg>EH</arg>
<arg>ER</arg>
<arg>ES</arg>
<arg>ET</arg>
<arg>FI</arg>
<arg>FJ</arg>
<arg>FK</arg>
<arg>FM</arg>
<arg>FO</arg>
<arg>FR</arg>
<arg>GA</arg>
<arg>GB</arg>
<arg>GD</arg>
<arg>GE</arg>
<arg>GF</arg>
<arg>GG</arg>
<arg>GH</arg>
<arg>GI</arg>
<arg>GL</arg>
<arg>GM</arg>
<arg>GN</arg>
<arg>GP</arg>
<arg>GQ</arg>
<arg>GR</arg>
<arg>GS</arg>
<arg>GT</arg>
<arg>GU</arg>
<arg>GW</arg>
<arg>GY</arg>
<arg>HK</arg>
<arg>HM</arg>
<arg>HN</arg>
<arg>HR</arg>
<arg>HT</arg>
<arg>HU</arg>
<arg>ID</arg>
<arg>IE</arg>
<arg>IL</arg>
<arg>IM</arg>
<arg>IN</arg>
<arg>IO</arg>
<arg>IQ</arg>
<arg>IR</arg>
<arg>IS</arg>
<arg>IT</arg>
<arg>JE</arg>
<arg>JM</arg>
<arg>JO</arg>
<arg>JP</arg>
<arg>KE</arg>
<arg>KG</arg>
<arg>KH</arg>
<arg>KI</arg>
<arg>KM</arg>
<arg>KN</arg>
<arg>KP</arg>
<arg>KR</arg>
<arg>KW</arg>
<arg>KY</arg>
<arg>KZ</arg>
<arg>LA</arg>
<arg>LB</arg>
<arg>LC</arg>
<arg>LI</arg>
<arg>LK</arg>
<arg>LR</arg>
<arg>LS</arg>
<arg>LT</arg>
<arg>LU</arg>
<arg>LV</arg>
<arg>LY</arg>
<arg>MA</arg>
<arg>MC</arg>
<arg>MD</arg>
<arg>ME</arg>
<arg>MF</arg>
<arg>MG</arg>
<arg>MH</arg>
<arg>MK</arg>
<arg>ML</arg>
<arg>MM</arg>
<arg>MN</arg>
<arg>MO</arg>
<arg>MP</arg>
<arg>MQ</arg>
<arg>MR</arg>
<arg>MS</arg>
<arg>MT</arg>
<arg>MU</arg>
<arg>MV</arg>
<arg>MW</arg>
<arg>MX</arg>
<arg>MY</arg>
<arg>MZ</arg>
<arg>NA</arg>
<arg>NC</arg>
<arg>NE</arg>
<arg>NF</arg>
<arg>NG</arg>
<arg>NI</arg>
<arg>NL</arg>
<arg>NO</arg>
<arg>NP</arg>
<arg>NR</arg>
<arg>NU</arg>
<arg>NZ</arg>
<arg>OM</arg>
<arg>PA</arg>
<arg>PE</arg>
<arg>PF</arg>
<arg>PG</arg>
<arg>PH</arg>
<arg>PK</arg>
<arg>PL</arg>
<arg>PM</arg>
<arg>PN</arg>
<arg>PR</arg>
<arg>PS</arg>
<arg>PT</arg>
<arg>PW</arg>
<arg>PY</arg>
<arg>QA</arg>
<arg>RE</arg>
<arg>RO</arg>
<arg>RS</arg>
<arg>RU</arg>
<arg>RW</arg>
<arg>SA</arg>
<arg>SB</arg>
<arg>SC</arg>
<arg>SD</arg>
<arg>SE</arg>
<arg>SG</arg>
<arg>SH</arg>
<arg>SI</arg>
<arg>SJ</arg>
<arg>SK</arg>
<arg>SL</arg>
<arg>SM</arg>
<arg>SN</arg>
<arg>SO</arg>
<arg>SR</arg>
<arg>SS</arg>
<arg>ST</arg>
<arg>SV</arg>
<arg>SX</arg>
<arg>SY</arg>
<arg>SZ</arg>
<arg>TC</arg>
<arg>TD</arg>
<arg>TF</arg>
<arg>TG</arg>
<arg>TH</arg>
<arg>TJ</arg>
<arg>TK</arg>
<arg>TL</arg>
<arg>TM</arg>
<arg>TN</arg>
<arg>TO</arg>
<arg>TR</arg>
<arg>TT</arg>
<arg>TV</arg>
<arg>TW</arg>
<arg>TZ</arg>
<arg>UA</arg>
<arg>UG</arg>
<arg>UM</arg>
<arg>US</arg>
<arg>UY</arg>
<arg>UZ</arg>
<arg>VA</arg>
<arg>VC</arg>
<arg>VE</arg>
<arg>VG</arg>
<arg>VI</arg>
<arg>VN</arg>
<arg>VU</arg>
<arg>WF</arg>
<arg>WS</arg>
<arg>XK</arg>
<arg>YE</arg>
<arg>YT</arg>
<arg>ZA</arg>
<arg>ZM</arg>
<arg>ZW</arg>
<doc>Returns a list containing given items.</doc>
<status status="PASS" start="2024-04-19T12:25:03.479621" elapsed="0.000606"/>
</kw>
<kw name="List Should Contain Value" owner="Collections">
<msg time="2024-04-19T12:25:03.481283" level="INFO">False</msg>
<arg>${list_country}</arg>
<arg>${name_country}</arg>
<doc>Fails if the ``value`` is not found from ``list``.</doc>
<status status="PASS" start="2024-04-19T12:25:03.481078" elapsed="0.000242"/>
</kw>
<kw name="Run Keyword If" owner="BuiltIn">
<kw name="Should Be True" owner="BuiltIn">
<arg>${True}</arg>
<doc>Fails if the given condition is not true.</doc>
<status status="PASS" start="2024-04-19T12:25:03.482393" elapsed="0.000242"/>
</kw>
<arg>${json_data["results"][0]["location"]["coordinates"]["latitude"]} &gt;= -90 and ${json_data["results"][0]["location"]["coordinates"]["latitude"]} &lt;= 90</arg>
<arg>Should Be True</arg>
<arg>${True}</arg>
<doc>Runs the given keyword with the given arguments, if ``condition`` is true.</doc>
<status status="PASS" start="2024-04-19T12:25:03.481635" elapsed="0.001132"/>
</kw>
<kw name="Run Keyword If" owner="BuiltIn">
<kw name="Should Be True" owner="BuiltIn">
<arg>${True}</arg>
<doc>Fails if the given condition is not true.</doc>
<status status="PASS" start="2024-04-19T12:25:03.483693" elapsed="0.000137"/>
</kw>
<arg>${json_data["results"][0]["location"]["coordinates"]["longitude"]} &gt;= -180 and ${json_data["results"][0]["location"]["coordinates"]["longitude"]} &lt;= 180</arg>
<arg>Should Be True</arg>
<arg>${True}</arg>
<doc>Runs the given keyword with the given arguments, if ``condition`` is true.</doc>
<status status="PASS" start="2024-04-19T12:25:03.482956" elapsed="0.000998"/>
</kw>
<status status="PASS" start="2024-04-19T12:25:03.384664" elapsed="0.099418"/>
</kw>
<doc>Testa o conteúdo específico dos campos retornados pela API.</doc>
<tag>testeConteudo</tag>
<status status="PASS" start="2024-04-19T12:25:03.383992" elapsed="0.100234"/>
</test>
<status status="PASS" start="2024-04-19T12:25:02.562905" elapsed="0.923381"/>
</suite>
<status status="PASS" start="2024-04-19T12:25:02.549314" elapsed="0.941971"/>
</suite>
<statistics>
<total>
<stat pass="5" fail="0" skip="0">All Tests</stat>
</total>
<tag>
<stat pass="1" fail="0" skip="0">testeConteudo</stat>
<stat pass="1" fail="0" skip="0">testeEstruturaResposta</stat>
<stat pass="1" fail="0" skip="0">testeRequisicaoBasica</stat>
<stat pass="1" fail="0" skip="0">testeTiposDados</stat>
</tag>
<suite>
<stat pass="5" fail="0" skip="0" id="s1" name="Tests">Tests</stat>
<stat pass="5" fail="0" skip="0" id="s1-s1" name="Random-User-Test">Tests.Random-User-Test</stat>
</suite>
</statistics>
<errors>
</errors>
</robot>
