<?xml version="1.0" encoding="UTF-8"?>
<robot generator="Robot 7.0 (Python 3.12.3 on linux)" generated="2024-05-14T06:20:57.857151" rpa="false" schemaversion="5">
<suite id="s1" name="Tests" source="/home/runner/work/DesafioQAItauRogerioJordao/DesafioQAItauRogerioJordao/RamdonUser/tests">
<suite id="s1-s1" name="Random-User-Test" source="/home/runner/work/DesafioQAItauRogerioJordao/DesafioQAItauRogerioJordao/RamdonUser/tests/random-user-test.robot">
<test id="s1-s1-t1" name="Conectar" line="13">
<kw name="Conectar API" owner="random-user-service">
<kw name="Create Session" owner="RequestsLibrary">
<msg time="2024-05-14T06:20:58.247097" level="INFO">Creating Session using : alias=consultarAPI, url=https://randomuser.me/, headers={},                     cookies={}, auth=None, timeout=None, proxies=None, verify=False,                     debug=0 </msg>
<arg>consultarAPI</arg>
<arg>${URL}</arg>
<doc>Create Session: create a HTTP session to a server</doc>
<status status="PASS" start="2024-05-14T06:20:58.246864" elapsed="0.000444"/>
</kw>
<status status="PASS" start="2024-05-14T06:20:58.245814" elapsed="0.001944"/>
</kw>
<status status="PASS" start="2024-05-14T06:20:58.245126" elapsed="0.002840"/>
</test>
<test id="s1-s1-t2" name="Validar retorno 200 e JSON Válido" line="16">
<kw name="Teste de Requisicao Basica" owner="random-user-service">
<kw name="GET On Session" owner="RequestsLibrary">
<msg time="2024-05-14T06:20:58.883214" level="INFO">GET Request : url=https://randomuser.me/api 
 path_url=/api 
 headers={'User-Agent': 'python-requests/2.31.0', 'Accept-Encoding': 'gzip, deflate', 'Accept': '*/*', 'Connection': 'keep-alive'} 
 body=None 
 </msg>
<msg time="2024-05-14T06:20:58.883369" level="INFO">GET Response : url=https://randomuser.me/api 
 status=200, reason=OK 
 headers={'Date': 'Tue, 14 May 2024 06:20:58 GMT', 'Content-Type': 'application/json; charset=utf-8', 'Transfer-Encoding': 'chunked', 'Connection': 'keep-alive', 'X-Powered-By': 'Express', 'Access-Control-Allow-Origin': '*', 'Cache-Control': 'no-cache', 'ETag': 'W/"492-M7MV+zUwqD8APitXzsSuQrOtil4"', 'Vary': 'Accept-Encoding', 'Content-Encoding': 'gzip', 'CF-Cache-Status': 'DYNAMIC', 'Report-To': '{"endpoints":[{"url":"https:\\/\\/a.nel.cloudflare.com\\/report\\/v4?s=NV%2FCphhWn%2Fljf1bkPbU3A4fWGS8%2BVe2VQCBL%2BujqXNQnbyq1x%2B%2BQCLAPMCsb6iXyyNfB9%2FHCXxF5Aj7XIwjN42wK0iiOIcchdY0K6LI0xhUxUDOrg85EzYI9nPZD0W%2Bk"}],"group":"cf-nel","max_age":604800}', 'NEL': '{"success_fraction":0,"report_to":"cf-nel","max_age":604800}', 'Server': 'cloudflare', 'CF-RAY': '8838c9112cc9ce40-SJC', 'alt-svc': 'h3=":443"; ma=86400'} 
 body={"results":[{"gender":"female","name":{"title":"Ms","first":"Amparo","last":"Vázquez"},"location":{"street":{"number":9978,"name":"Avenida de Burgos"},"city":"Arrecife","state":"Andalucía","country":"Spain","postcode":44331,"coordinates":{"latitude":"-34.8684","longitude":"152.7605"},"timezone":{"offset":"-7:00","description":"Mountain Time (US &amp; Canada)"}},"email":"amparo.vazquez@example.com","login":{"uuid":"0fd2f110-6b7b-43d7-b532-8578c6d9e1d1","username":"blacklion383","password":"caliente","salt":"TBTm1Cow","md5":"a0ac3589ebd3f6310d303bd23c30b691","sha1":"cee5a62bc95fedf6928fd7a8c79d591cd2402789","sha256":"000721e6b4beac9a2d2a7c53068e3f95fd06bd3eae7dcccba0dd3e62e2fc2c82"},"dob":{"date":"1971-04-14T11:48:53.474Z","age":53},"registered":{"date":"2012-08-14T02:44:50.753Z","age":11},"phone":"948-690-812","cell":"601-156-065","id":{"name":"DNI","value":"80743978-K"},"picture":{"large":"https://randomuser.me/api/portraits/women/75.jpg","medium":"https://randomuser.me/api/portraits/med/women/75.jpg","thumbnail":"https://randomuser.me/api/portraits/thumb/women/75.jpg"},"nat":"ES"}],"info":{"seed":"31070967eb920f23","results":1,"page":1,"version":"1.4"}} 
 </msg>
<msg time="2024-05-14T06:20:58.883466" level="INFO">/opt/hostedtoolcache/Python/3.12.3/x64/lib/python3.12/site-packages/urllib3/connectionpool.py:1103: InsecureRequestWarning: Unverified HTTPS request is being made to host 'randomuser.me'. Adding certificate verification is strongly advised. See: https://urllib3.readthedocs.io/en/latest/advanced-usage.html#tls-warnings
  warnings.warn(</msg>
<msg time="2024-05-14T06:20:58.883652" level="INFO">${response} = &lt;Response [200]&gt;</msg>
<var>${response}</var>
<arg>consultarAPI</arg>
<arg>/api</arg>
<doc>Sends a GET request on a previously created HTTP Session.</doc>
<status status="PASS" start="2024-05-14T06:20:58.250925" elapsed="0.632770"/>
</kw>
<kw name="Should Be Equal As Numbers" owner="BuiltIn">
<msg time="2024-05-14T06:20:58.884906" level="INFO">Argument types are:
&lt;class 'int'&gt;
&lt;class 'str'&gt;</msg>
<arg>${response.status_code}</arg>
<arg>200</arg>
<doc>Fails if objects are unequal after converting them to real numbers.</doc>
<status status="PASS" start="2024-05-14T06:20:58.884401" elapsed="0.000573"/>
</kw>
<kw name="Log" owner="BuiltIn">
<msg time="2024-05-14T06:20:58.885684" level="INFO">200</msg>
<arg>${response.status_code}</arg>
<doc>Logs the given message with the given level.</doc>
<status status="PASS" start="2024-05-14T06:20:58.885328" elapsed="0.000398"/>
</kw>
<kw name="Set Variable" owner="BuiltIn">
<msg time="2024-05-14T06:20:58.886474" level="INFO">${json_data} = {'results': [{'gender': 'female', 'name': {'title': 'Ms', 'first': 'Amparo', 'last': 'Vázquez'}, 'location': {'street': {'number': 9978, 'name': 'Avenida de Burgos'}, 'city': 'Arrecife', 'state': 'And...</msg>
<var>${json_data}</var>
<arg>${response.json()}</arg>
<doc>Returns the given values which can then be assigned to a variables.</doc>
<status status="PASS" start="2024-05-14T06:20:58.886032" elapsed="0.000472"/>
</kw>
<kw name="Dictionary Should Contain Key" owner="Collections">
<msg time="2024-05-14T06:20:58.886989" level="INFO">False</msg>
<arg>${json_data}</arg>
<arg>results</arg>
<doc>Fails if ``key`` is not found from ``dictionary``.</doc>
<status status="PASS" start="2024-05-14T06:20:58.886809" elapsed="0.000221"/>
</kw>
<status status="PASS" start="2024-05-14T06:20:58.250520" elapsed="0.636765"/>
</kw>
<doc>Testa se a API responde corretamente e retorna um objeto JSON válido.</doc>
<tag>testeRequisicaoBasica</tag>
<status status="PASS" start="2024-05-14T06:20:58.249922" elapsed="0.637545"/>
</test>
<test id="s1-s1-t3" name="Validar estrutura de resposta" line="22">
<kw name="Teste de Estrutura de Resposta" owner="random-user-service">
<kw name="GET On Session" owner="RequestsLibrary">
<msg time="2024-05-14T06:20:59.006383" level="INFO">GET Request : url=https://randomuser.me/api 
 path_url=/api 
 headers={'User-Agent': 'python-requests/2.31.0', 'Accept-Encoding': 'gzip, deflate', 'Accept': '*/*', 'Connection': 'keep-alive'} 
 body=None 
 </msg>
<msg time="2024-05-14T06:20:59.006496" level="INFO">GET Response : url=https://randomuser.me/api 
 status=200, reason=OK 
 headers={'Date': 'Tue, 14 May 2024 06:20:59 GMT', 'Content-Type': 'application/json; charset=utf-8', 'Transfer-Encoding': 'chunked', 'Connection': 'keep-alive', 'X-Powered-By': 'Express', 'Access-Control-Allow-Origin': '*', 'Cache-Control': 'no-cache', 'ETag': 'W/"46e-CDqcg8/HZpg0YT3Uo7748Wa2xEo"', 'Vary': 'Accept-Encoding', 'Content-Encoding': 'gzip', 'CF-Cache-Status': 'DYNAMIC', 'Report-To': '{"endpoints":[{"url":"https:\\/\\/a.nel.cloudflare.com\\/report\\/v4?s=sbYvdp9PW%2BXdb15rrwFGGFQp5e0tytdXMIhaHEaaOHL7rDTwrkYEk5z3%2BK2ZVtYZgBmpBleGPthjpRBCS4LWNfnKv4I%2FCj3VM%2FbHtvWpfLk%2Bjvhb6jZqQ1TdvczD0MwK"}],"group":"cf-nel","max_age":604800}', 'NEL': '{"success_fraction":0,"report_to":"cf-nel","max_age":604800}', 'Server': 'cloudflare', 'CF-RAY': '8838c9141fc8ce40-SJC', 'alt-svc': 'h3=":443"; ma=86400'} 
 body={"results":[{"gender":"female","name":{"title":"Ms","first":"Erin","last":"Stone"},"location":{"street":{"number":5702,"name":"Albert Road"},"city":"Tuam","state":"Offaly","country":"Ireland","postcode":29024,"coordinates":{"latitude":"-3.5939","longitude":"16.9930"},"timezone":{"offset":"+9:30","description":"Adelaide, Darwin"}},"email":"erin.stone@example.com","login":{"uuid":"5efe90eb-34b1-45d8-9bd7-239278673607","username":"lazycat295","password":"supersta","salt":"sQeu1GMQ","md5":"1c9db0f5a0deb22e8caa23e90971884e","sha1":"6d174dfcbf9215b0876a8d6d045cb014eff7047b","sha256":"6e1a5ede0f8b4a1aa1780eb178d67a9859df393e8796f1ed1d6fe7f01809c3a1"},"dob":{"date":"1978-04-29T19:15:50.978Z","age":46},"registered":{"date":"2005-11-26T04:38:48.639Z","age":18},"phone":"041-441-4041","cell":"081-938-9072","id":{"name":"PPS","value":"5657942T"},"picture":{"large":"https://randomuser.me/api/portraits/women/46.jpg","medium":"https://randomuser.me/api/portraits/med/women/46.jpg","thumbnail":"https://randomuser.me/api/portraits/thumb/women/46.jpg"},"nat":"IE"}],"info":{"seed":"d33590999f2db064","results":1,"page":1,"version":"1.4"}} 
 </msg>
<msg time="2024-05-14T06:20:59.006632" level="INFO">/opt/hostedtoolcache/Python/3.12.3/x64/lib/python3.12/site-packages/urllib3/connectionpool.py:1103: InsecureRequestWarning: Unverified HTTPS request is being made to host 'randomuser.me'. Adding certificate verification is strongly advised. See: https://urllib3.readthedocs.io/en/latest/advanced-usage.html#tls-warnings
  warnings.warn(</msg>
<msg time="2024-05-14T06:20:59.006764" level="INFO">${response} = &lt;Response [200]&gt;</msg>
<var>${response}</var>
<arg>consultarAPI</arg>
<arg>/api</arg>
<doc>Sends a GET request on a previously created HTTP Session.</doc>
<status status="PASS" start="2024-05-14T06:20:58.890227" elapsed="0.116579"/>
</kw>
<kw name="Set Variable" owner="BuiltIn">
<msg time="2024-05-14T06:20:59.008093" level="INFO">${json_data} = {'results': [{'gender': 'female', 'name': {'title': 'Ms', 'first': 'Erin', 'last': 'Stone'}, 'location': {'street': {'number': 5702, 'name': 'Albert Road'}, 'city': 'Tuam', 'state': 'Offaly', 'country...</msg>
<var>${json_data}</var>
<arg>${response.json()}</arg>
<doc>Returns the given values which can then be assigned to a variables.</doc>
<status status="PASS" start="2024-05-14T06:20:59.007449" elapsed="0.000674"/>
</kw>
<kw name="Log" owner="BuiltIn">
<msg time="2024-05-14T06:20:59.008599" level="INFO">{'results': [{'gender': 'female', 'name': {'title': 'Ms', 'first': 'Erin', 'last': 'Stone'}, 'location': {'street': {'number': 5702, 'name': 'Albert Road'}, 'city': 'Tuam', 'state': 'Offaly', 'country': 'Ireland', 'postcode': 29024, 'coordinates': {'latitude': '-3.5939', 'longitude': '16.9930'}, 'timezone': {'offset': '+9:30', 'description': 'Adelaide, Darwin'}}, 'email': 'erin.stone@example.com', 'login': {'uuid': '5efe90eb-34b1-45d8-9bd7-239278673607', 'username': 'lazycat295', 'password': 'supersta', 'salt': 'sQeu1GMQ', 'md5': '1c9db0f5a0deb22e8caa23e90971884e', 'sha1': '6d174dfcbf9215b0876a8d6d045cb014eff7047b', 'sha256': '6e1a5ede0f8b4a1aa1780eb178d67a9859df393e8796f1ed1d6fe7f01809c3a1'}, 'dob': {'date': '1978-04-29T19:15:50.978Z', 'age': 46}, 'registered': {'date': '2005-11-26T04:38:48.639Z', 'age': 18}, 'phone': '041-441-4041', 'cell': '081-938-9072', 'id': {'name': 'PPS', 'value': '5657942T'}, 'picture': {'large': 'https://randomuser.me/api/portraits/women/46.jpg', 'medium': 'https://randomuser.me/api/portraits/med/women/46.jpg', 'thumbnail': 'https://randomuser.me/api/portraits/thumb/women/46.jpg'}, 'nat': 'IE'}], 'info': {'seed': 'd33590999f2db064', 'results': 1, 'page': 1, 'version': '1.4'}}</msg>
<arg>${json_data}</arg>
<doc>Logs the given message with the given level.</doc>
<status status="PASS" start="2024-05-14T06:20:59.008438" elapsed="0.000209"/>
</kw>
<kw name="Dictionary Should Contain Key" owner="Collections">
<msg time="2024-05-14T06:20:59.009108" level="INFO">False</msg>
<arg>${json_data}</arg>
<arg>results</arg>
<doc>Fails if ``key`` is not found from ``dictionary``.</doc>
<status status="PASS" start="2024-05-14T06:20:59.008945" elapsed="0.000200"/>
</kw>
<kw name="Should Not Be Empty" owner="BuiltIn">
<msg time="2024-05-14T06:20:59.009599" level="INFO">Length is 2.</msg>
<arg>${json_data}</arg>
<doc>Verifies that the given item is not empty.</doc>
<status status="PASS" start="2024-05-14T06:20:59.009460" elapsed="0.000338"/>
</kw>
<kw name="Create List" owner="BuiltIn">
<msg time="2024-05-14T06:20:59.010257" level="INFO">${expected_keys} = ['gender', 'name', 'location', 'email', 'login']</msg>
<var>${expected_keys}</var>
<arg>gender</arg>
<arg>name</arg>
<arg>location</arg>
<arg>email</arg>
<arg>login</arg>
<doc>Returns a list containing given items.</doc>
<status status="PASS" start="2024-05-14T06:20:59.010103" elapsed="0.000178"/>
</kw>
<for flavor="IN">
<iter>
<kw name="Dictionary Should Contain Key" owner="Collections">
<msg time="2024-05-14T06:20:59.011273" level="INFO">False</msg>
<arg>${json_data['results'][0]}</arg>
<arg>${key}</arg>
<doc>Fails if ``key`` is not found from ``dictionary``.</doc>
<status status="PASS" start="2024-05-14T06:20:59.010869" elapsed="0.000441"/>
</kw>
<kw name="Log" owner="BuiltIn">
<msg time="2024-05-14T06:20:59.012025" level="INFO">{'gender': 'female', 'name': {'title': 'Ms', 'first': 'Erin', 'last': 'Stone'}, 'location': {'street': {'number': 5702, 'name': 'Albert Road'}, 'city': 'Tuam', 'state': 'Offaly', 'country': 'Ireland', 'postcode': 29024, 'coordinates': {'latitude': '-3.5939', 'longitude': '16.9930'}, 'timezone': {'offset': '+9:30', 'description': 'Adelaide, Darwin'}}, 'email': 'erin.stone@example.com', 'login': {'uuid': '5efe90eb-34b1-45d8-9bd7-239278673607', 'username': 'lazycat295', 'password': 'supersta', 'salt': 'sQeu1GMQ', 'md5': '1c9db0f5a0deb22e8caa23e90971884e', 'sha1': '6d174dfcbf9215b0876a8d6d045cb014eff7047b', 'sha256': '6e1a5ede0f8b4a1aa1780eb178d67a9859df393e8796f1ed1d6fe7f01809c3a1'}, 'dob': {'date': '1978-04-29T19:15:50.978Z', 'age': 46}, 'registered': {'date': '2005-11-26T04:38:48.639Z', 'age': 18}, 'phone': '041-441-4041', 'cell': '081-938-9072', 'id': {'name': 'PPS', 'value': '5657942T'}, 'picture': {'large': 'https://randomuser.me/api/portraits/women/46.jpg', 'medium': 'https://randomuser.me/api/portraits/med/women/46.jpg', 'thumbnail': 'https://randomuser.me/api/portraits/thumb/women/46.jpg'}, 'nat': 'IE'}</msg>
<arg>${json_data['results'][0]}</arg>
<doc>Logs the given message with the given level.</doc>
<status status="PASS" start="2024-05-14T06:20:59.011644" elapsed="0.000429"/>
</kw>
<kw name="Log" owner="BuiltIn">
<msg time="2024-05-14T06:20:59.012521" level="INFO">gender</msg>
<arg>${key}</arg>
<doc>Logs the given message with the given level.</doc>
<status status="PASS" start="2024-05-14T06:20:59.012394" elapsed="0.000164"/>
</kw>
<var name="${key}">gender</var>
<status status="PASS" start="2024-05-14T06:20:59.010736" elapsed="0.002039"/>
</iter>
<iter>
<kw name="Dictionary Should Contain Key" owner="Collections">
<msg time="2024-05-14T06:20:59.013468" level="INFO">False</msg>
<arg>${json_data['results'][0]}</arg>
<arg>${key}</arg>
<doc>Fails if ``key`` is not found from ``dictionary``.</doc>
<status status="PASS" start="2024-05-14T06:20:59.013078" elapsed="0.000426"/>
</kw>
<kw name="Log" owner="BuiltIn">
<msg time="2024-05-14T06:20:59.014191" level="INFO">{'gender': 'female', 'name': {'title': 'Ms', 'first': 'Erin', 'last': 'Stone'}, 'location': {'street': {'number': 5702, 'name': 'Albert Road'}, 'city': 'Tuam', 'state': 'Offaly', 'country': 'Ireland', 'postcode': 29024, 'coordinates': {'latitude': '-3.5939', 'longitude': '16.9930'}, 'timezone': {'offset': '+9:30', 'description': 'Adelaide, Darwin'}}, 'email': 'erin.stone@example.com', 'login': {'uuid': '5efe90eb-34b1-45d8-9bd7-239278673607', 'username': 'lazycat295', 'password': 'supersta', 'salt': 'sQeu1GMQ', 'md5': '1c9db0f5a0deb22e8caa23e90971884e', 'sha1': '6d174dfcbf9215b0876a8d6d045cb014eff7047b', 'sha256': '6e1a5ede0f8b4a1aa1780eb178d67a9859df393e8796f1ed1d6fe7f01809c3a1'}, 'dob': {'date': '1978-04-29T19:15:50.978Z', 'age': 46}, 'registered': {'date': '2005-11-26T04:38:48.639Z', 'age': 18}, 'phone': '041-441-4041', 'cell': '081-938-9072', 'id': {'name': 'PPS', 'value': '5657942T'}, 'picture': {'large': 'https://randomuser.me/api/portraits/women/46.jpg', 'medium': 'https://randomuser.me/api/portraits/med/women/46.jpg', 'thumbnail': 'https://randomuser.me/api/portraits/thumb/women/46.jpg'}, 'nat': 'IE'}</msg>
<arg>${json_data['results'][0]}</arg>
<doc>Logs the given message with the given level.</doc>
<status status="PASS" start="2024-05-14T06:20:59.013828" elapsed="0.000411"/>
</kw>
<kw name="Log" owner="BuiltIn">
<msg time="2024-05-14T06:20:59.014660" level="INFO">name</msg>
<arg>${key}</arg>
<doc>Logs the given message with the given level.</doc>
<status status="PASS" start="2024-05-14T06:20:59.014535" elapsed="0.000162"/>
</kw>
<var name="${key}">name</var>
<status status="PASS" start="2024-05-14T06:20:59.012963" elapsed="0.001961"/>
</iter>
<iter>
<kw name="Dictionary Should Contain Key" owner="Collections">
<msg time="2024-05-14T06:20:59.015634" level="INFO">False</msg>
<arg>${json_data['results'][0]}</arg>
<arg>${key}</arg>
<doc>Fails if ``key`` is not found from ``dictionary``.</doc>
<status status="PASS" start="2024-05-14T06:20:59.015218" elapsed="0.000460"/>
</kw>
<kw name="Log" owner="BuiltIn">
<msg time="2024-05-14T06:20:59.016359" level="INFO">{'gender': 'female', 'name': {'title': 'Ms', 'first': 'Erin', 'last': 'Stone'}, 'location': {'street': {'number': 5702, 'name': 'Albert Road'}, 'city': 'Tuam', 'state': 'Offaly', 'country': 'Ireland', 'postcode': 29024, 'coordinates': {'latitude': '-3.5939', 'longitude': '16.9930'}, 'timezone': {'offset': '+9:30', 'description': 'Adelaide, Darwin'}}, 'email': 'erin.stone@example.com', 'login': {'uuid': '5efe90eb-34b1-45d8-9bd7-239278673607', 'username': 'lazycat295', 'password': 'supersta', 'salt': 'sQeu1GMQ', 'md5': '1c9db0f5a0deb22e8caa23e90971884e', 'sha1': '6d174dfcbf9215b0876a8d6d045cb014eff7047b', 'sha256': '6e1a5ede0f8b4a1aa1780eb178d67a9859df393e8796f1ed1d6fe7f01809c3a1'}, 'dob': {'date': '1978-04-29T19:15:50.978Z', 'age': 46}, 'registered': {'date': '2005-11-26T04:38:48.639Z', 'age': 18}, 'phone': '041-441-4041', 'cell': '081-938-9072', 'id': {'name': 'PPS', 'value': '5657942T'}, 'picture': {'large': 'https://randomuser.me/api/portraits/women/46.jpg', 'medium': 'https://randomuser.me/api/portraits/med/women/46.jpg', 'thumbnail': 'https://randomuser.me/api/portraits/thumb/women/46.jpg'}, 'nat': 'IE'}</msg>
<arg>${json_data['results'][0]}</arg>
<doc>Logs the given message with the given level.</doc>
<status status="PASS" start="2024-05-14T06:20:59.015978" elapsed="0.000433"/>
</kw>
<kw name="Log" owner="BuiltIn">
<msg time="2024-05-14T06:20:59.016830" level="INFO">location</msg>
<arg>${key}</arg>
<doc>Logs the given message with the given level.</doc>
<status status="PASS" start="2024-05-14T06:20:59.016705" elapsed="0.000163"/>
</kw>
<var name="${key}">location</var>
<status status="PASS" start="2024-05-14T06:20:59.015106" elapsed="0.001976"/>
</iter>
<iter>
<kw name="Dictionary Should Contain Key" owner="Collections">
<msg time="2024-05-14T06:20:59.017758" level="INFO">False</msg>
<arg>${json_data['results'][0]}</arg>
<arg>${key}</arg>
<doc>Fails if ``key`` is not found from ``dictionary``.</doc>
<status status="PASS" start="2024-05-14T06:20:59.017366" elapsed="0.000429"/>
</kw>
<kw name="Log" owner="BuiltIn">
<msg time="2024-05-14T06:20:59.018494" level="INFO">{'gender': 'female', 'name': {'title': 'Ms', 'first': 'Erin', 'last': 'Stone'}, 'location': {'street': {'number': 5702, 'name': 'Albert Road'}, 'city': 'Tuam', 'state': 'Offaly', 'country': 'Ireland', 'postcode': 29024, 'coordinates': {'latitude': '-3.5939', 'longitude': '16.9930'}, 'timezone': {'offset': '+9:30', 'description': 'Adelaide, Darwin'}}, 'email': 'erin.stone@example.com', 'login': {'uuid': '5efe90eb-34b1-45d8-9bd7-239278673607', 'username': 'lazycat295', 'password': 'supersta', 'salt': 'sQeu1GMQ', 'md5': '1c9db0f5a0deb22e8caa23e90971884e', 'sha1': '6d174dfcbf9215b0876a8d6d045cb014eff7047b', 'sha256': '6e1a5ede0f8b4a1aa1780eb178d67a9859df393e8796f1ed1d6fe7f01809c3a1'}, 'dob': {'date': '1978-04-29T19:15:50.978Z', 'age': 46}, 'registered': {'date': '2005-11-26T04:38:48.639Z', 'age': 18}, 'phone': '041-441-4041', 'cell': '081-938-9072', 'id': {'name': 'PPS', 'value': '5657942T'}, 'picture': {'large': 'https://randomuser.me/api/portraits/women/46.jpg', 'medium': 'https://randomuser.me/api/portraits/med/women/46.jpg', 'thumbnail': 'https://randomuser.me/api/portraits/thumb/women/46.jpg'}, 'nat': 'IE'}</msg>
<arg>${json_data['results'][0]}</arg>
<doc>Logs the given message with the given level.</doc>
<status status="PASS" start="2024-05-14T06:20:59.018096" elapsed="0.000446"/>
</kw>
<kw name="Log" owner="BuiltIn">
<msg time="2024-05-14T06:20:59.018965" level="INFO">email</msg>
<arg>${key}</arg>
<doc>Logs the given message with the given level.</doc>
<status status="PASS" start="2024-05-14T06:20:59.018839" elapsed="0.000161"/>
</kw>
<var name="${key}">email</var>
<status status="PASS" start="2024-05-14T06:20:59.017255" elapsed="0.001956"/>
</iter>
<iter>
<kw name="Dictionary Should Contain Key" owner="Collections">
<msg time="2024-05-14T06:20:59.019912" level="INFO">False</msg>
<arg>${json_data['results'][0]}</arg>
<arg>${key}</arg>
<doc>Fails if ``key`` is not found from ``dictionary``.</doc>
<status status="PASS" start="2024-05-14T06:20:59.019489" elapsed="0.000461"/>
</kw>
<kw name="Log" owner="BuiltIn">
<msg time="2024-05-14T06:20:59.020622" level="INFO">{'gender': 'female', 'name': {'title': 'Ms', 'first': 'Erin', 'last': 'Stone'}, 'location': {'street': {'number': 5702, 'name': 'Albert Road'}, 'city': 'Tuam', 'state': 'Offaly', 'country': 'Ireland', 'postcode': 29024, 'coordinates': {'latitude': '-3.5939', 'longitude': '16.9930'}, 'timezone': {'offset': '+9:30', 'description': 'Adelaide, Darwin'}}, 'email': 'erin.stone@example.com', 'login': {'uuid': '5efe90eb-34b1-45d8-9bd7-239278673607', 'username': 'lazycat295', 'password': 'supersta', 'salt': 'sQeu1GMQ', 'md5': '1c9db0f5a0deb22e8caa23e90971884e', 'sha1': '6d174dfcbf9215b0876a8d6d045cb014eff7047b', 'sha256': '6e1a5ede0f8b4a1aa1780eb178d67a9859df393e8796f1ed1d6fe7f01809c3a1'}, 'dob': {'date': '1978-04-29T19:15:50.978Z', 'age': 46}, 'registered': {'date': '2005-11-26T04:38:48.639Z', 'age': 18}, 'phone': '041-441-4041', 'cell': '081-938-9072', 'id': {'name': 'PPS', 'value': '5657942T'}, 'picture': {'large': 'https://randomuser.me/api/portraits/women/46.jpg', 'medium': 'https://randomuser.me/api/portraits/med/women/46.jpg', 'thumbnail': 'https://randomuser.me/api/portraits/thumb/women/46.jpg'}, 'nat': 'IE'}</msg>
<arg>${json_data['results'][0]}</arg>
<doc>Logs the given message with the given level.</doc>
<status status="PASS" start="2024-05-14T06:20:59.020245" elapsed="0.000423"/>
</kw>
<kw name="Log" owner="BuiltIn">
<msg time="2024-05-14T06:20:59.021089" level="INFO">login</msg>
<arg>${key}</arg>
<doc>Logs the given message with the given level.</doc>
<status status="PASS" start="2024-05-14T06:20:59.020962" elapsed="0.000166"/>
</kw>
<var name="${key}">login</var>
<status status="PASS" start="2024-05-14T06:20:59.019381" elapsed="0.001969"/>
</iter>
<var>${key}</var>
<value>@{expected_keys}</value>
<status status="PASS" start="2024-05-14T06:20:59.010542" elapsed="0.010931"/>
</for>
<kw name="Create List" owner="BuiltIn">
<msg time="2024-05-14T06:20:59.021849" level="INFO">${expected_keysTwo} = ['username', 'password']</msg>
<var>${expected_keysTwo}</var>
<arg>username</arg>
<arg>password</arg>
<doc>Returns a list containing given items.</doc>
<status status="PASS" start="2024-05-14T06:20:59.021708" elapsed="0.000165"/>
</kw>
<for flavor="IN">
<iter>
<kw name="Dictionary Should Contain Key" owner="Collections">
<msg time="2024-05-14T06:20:59.022765" level="INFO">False</msg>
<arg>${json_data['results'][0]['login']}</arg>
<arg>${keyTwo}</arg>
<doc>Fails if ``key`` is not found from ``dictionary``.</doc>
<status status="PASS" start="2024-05-14T06:20:59.022374" elapsed="0.000428"/>
</kw>
<kw name="Dictionary Should Contain Key" owner="Collections">
<msg time="2024-05-14T06:20:59.023487" level="INFO">False</msg>
<arg>${json_data['results'][0]['login']}</arg>
<arg>${keyTwo}</arg>
<doc>Fails if ``key`` is not found from ``dictionary``.</doc>
<status status="PASS" start="2024-05-14T06:20:59.023098" elapsed="0.000427"/>
</kw>
<kw name="Log" owner="BuiltIn">
<msg time="2024-05-14T06:20:59.023989" level="INFO">username</msg>
<arg>${keyTwo}</arg>
<doc>Logs the given message with the given level.</doc>
<status status="PASS" start="2024-05-14T06:20:59.023861" elapsed="0.000171"/>
</kw>
<var name="${keyTwo}">username</var>
<status status="PASS" start="2024-05-14T06:20:59.022265" elapsed="0.001983"/>
</iter>
<iter>
<kw name="Dictionary Should Contain Key" owner="Collections">
<msg time="2024-05-14T06:20:59.024994" level="INFO">False</msg>
<arg>${json_data['results'][0]['login']}</arg>
<arg>${keyTwo}</arg>
<doc>Fails if ``key`` is not found from ``dictionary``.</doc>
<status status="PASS" start="2024-05-14T06:20:59.024526" elapsed="0.000507"/>
</kw>
<kw name="Dictionary Should Contain Key" owner="Collections">
<msg time="2024-05-14T06:20:59.025708" level="INFO">False</msg>
<arg>${json_data['results'][0]['login']}</arg>
<arg>${keyTwo}</arg>
<doc>Fails if ``key`` is not found from ``dictionary``.</doc>
<status status="PASS" start="2024-05-14T06:20:59.025331" elapsed="0.000413"/>
</kw>
<kw name="Log" owner="BuiltIn">
<msg time="2024-05-14T06:20:59.026166" level="INFO">password</msg>
<arg>${keyTwo}</arg>
<doc>Logs the given message with the given level.</doc>
<status status="PASS" start="2024-05-14T06:20:59.026040" elapsed="0.000162"/>
</kw>
<var name="${keyTwo}">password</var>
<status status="PASS" start="2024-05-14T06:20:59.024418" elapsed="0.001994"/>
</iter>
<var>${keyTwo}</var>
<value>@{expected_keysTwo}</value>
<status status="PASS" start="2024-05-14T06:20:59.022110" elapsed="0.004421"/>
</for>
<status status="PASS" start="2024-05-14T06:20:58.889984" elapsed="0.136687"/>
</kw>
<doc>Testa a estrutura da resposta da API.</doc>
<tag>testeEstruturaResposta</tag>
<status status="PASS" start="2024-05-14T06:20:58.889351" elapsed="0.137478"/>
</test>
<test id="s1-s1-t4" name="Validar tipos de dados" line="28">
<kw name="Teste de Tipos de Dados" owner="random-user-service">
<kw name="GET On Session" owner="RequestsLibrary">
<msg time="2024-05-14T06:20:59.142089" level="INFO">GET Request : url=https://randomuser.me/api 
 path_url=/api 
 headers={'User-Agent': 'python-requests/2.31.0', 'Accept-Encoding': 'gzip, deflate', 'Accept': '*/*', 'Connection': 'keep-alive'} 
 body=None 
 </msg>
<msg time="2024-05-14T06:20:59.142200" level="INFO">GET Response : url=https://randomuser.me/api 
 status=200, reason=OK 
 headers={'Date': 'Tue, 14 May 2024 06:20:59 GMT', 'Content-Type': 'application/json; charset=utf-8', 'Transfer-Encoding': 'chunked', 'Connection': 'keep-alive', 'X-Powered-By': 'Express', 'Access-Control-Allow-Origin': '*', 'Cache-Control': 'no-cache', 'ETag': 'W/"4bd-a35QVYBLTFEm0BQ33rP1JdDx/eA"', 'Vary': 'Accept-Encoding', 'Content-Encoding': 'gzip', 'CF-Cache-Status': 'DYNAMIC', 'Report-To': '{"endpoints":[{"url":"https:\\/\\/a.nel.cloudflare.com\\/report\\/v4?s=VTD5cliwTtdpRDgfrhx5xiuNaPfBLeMtpAoqx2QKdelT0YD%2BRHyIBxmpNR51RcecYNomVwctEIl0r39nyIGrI6oKtUc62lI804xzgmyl5VQOVgNieIvIoMahY2Ss%2FD34"}],"group":"cf-nel","max_age":604800}', 'NEL': '{"success_fraction":0,"report_to":"cf-nel","max_age":604800}', 'Server': 'cloudflare', 'CF-RAY': '8838c914f8a7ce40-SJC', 'alt-svc': 'h3=":443"; ma=86400'} 
 body={"results":[{"gender":"female","name":{"title":"Mademoiselle","first":"Alessia","last":"Fleury"},"location":{"street":{"number":8874,"name":"Rue Barrème"},"city":"Hemberg","state":"Appenzell Innerrhoden","country":"Switzerland","postcode":7977,"coordinates":{"latitude":"-59.8613","longitude":"134.4405"},"timezone":{"offset":"0:00","description":"Western Europe Time, London, Lisbon, Casablanca"}},"email":"alessia.fleury@example.com","login":{"uuid":"04e6e661-bc25-4994-bdef-ec4a04cfd7df","username":"yellowwolf826","password":"topcat","salt":"XjwJMpE1","md5":"3254890322ed0abdcdd6e432a68c3b47","sha1":"005479d5631b2555d53c824d3b56249251afc127","sha256":"568030073482d96e6d7b304fe655d2f5a4b3f6098a1237e9d8211fa2fb3431bd"},"dob":{"date":"1961-10-31T16:59:02.983Z","age":62},"registered":{"date":"2015-07-06T18:09:41.695Z","age":8},"phone":"079 848 91 94","cell":"078 998 77 33","id":{"name":"AVS","value":"756.1818.9734.22"},"picture":{"large":"https://randomuser.me/api/portraits/women/6.jpg","medium":"https://randomuser.me/api/portraits/med/women/6.jpg","thumbnail":"https://randomuser.me/api/portraits/thumb/women/6.jpg"},"nat":"CH"}],"info":{"seed":"cbce0f0aa5095ebf","results":1,"page":1,"version":"1.4"}} 
 </msg>
<msg time="2024-05-14T06:20:59.142289" level="INFO">/opt/hostedtoolcache/Python/3.12.3/x64/lib/python3.12/site-packages/urllib3/connectionpool.py:1103: InsecureRequestWarning: Unverified HTTPS request is being made to host 'randomuser.me'. Adding certificate verification is strongly advised. See: https://urllib3.readthedocs.io/en/latest/advanced-usage.html#tls-warnings
  warnings.warn(</msg>
<msg time="2024-05-14T06:20:59.142436" level="INFO">${response} = &lt;Response [200]&gt;</msg>
<var>${response}</var>
<arg>consultarAPI</arg>
<arg>/api</arg>
<doc>Sends a GET request on a previously created HTTP Session.</doc>
<status status="PASS" start="2024-05-14T06:20:59.029457" elapsed="0.113020"/>
</kw>
<kw name="Set Variable" owner="BuiltIn">
<msg time="2024-05-14T06:20:59.143788" level="INFO">${json_data} = {'results': [{'gender': 'female', 'name': {'title': 'Mademoiselle', 'first': 'Alessia', 'last': 'Fleury'}, 'location': {'street': {'number': 8874, 'name': 'Rue Barrème'}, 'city': 'Hemberg', 'state': '...</msg>
<var>${json_data}</var>
<arg>${response.json()}</arg>
<doc>Returns the given values which can then be assigned to a variables.</doc>
<status status="PASS" start="2024-05-14T06:20:59.143133" elapsed="0.000684"/>
</kw>
<kw name="Log" owner="BuiltIn">
<msg time="2024-05-14T06:20:59.144288" level="INFO">{'results': [{'gender': 'female', 'name': {'title': 'Mademoiselle', 'first': 'Alessia', 'last': 'Fleury'}, 'location': {'street': {'number': 8874, 'name': 'Rue Barrème'}, 'city': 'Hemberg', 'state': 'Appenzell Innerrhoden', 'country': 'Switzerland', 'postcode': 7977, 'coordinates': {'latitude': '-59.8613', 'longitude': '134.4405'}, 'timezone': {'offset': '0:00', 'description': 'Western Europe Time, London, Lisbon, Casablanca'}}, 'email': 'alessia.fleury@example.com', 'login': {'uuid': '04e6e661-bc25-4994-bdef-ec4a04cfd7df', 'username': 'yellowwolf826', 'password': 'topcat', 'salt': 'XjwJMpE1', 'md5': '3254890322ed0abdcdd6e432a68c3b47', 'sha1': '005479d5631b2555d53c824d3b56249251afc127', 'sha256': '568030073482d96e6d7b304fe655d2f5a4b3f6098a1237e9d8211fa2fb3431bd'}, 'dob': {'date': '1961-10-31T16:59:02.983Z', 'age': 62}, 'registered': {'date': '2015-07-06T18:09:41.695Z', 'age': 8}, 'phone': '079 848 91 94', 'cell': '078 998 77 33', 'id': {'name': 'AVS', 'value': '756.1818.9734.22'}, 'picture': {'large': 'https://randomuser.me/api/portraits/women/6.jpg', 'medium': 'https://randomuser.me/api/portraits/med/women/6.jpg', 'thumbnail': 'https://randomuser.me/api/portraits/thumb/women/6.jpg'}, 'nat': 'CH'}], 'info': {'seed': 'cbce0f0aa5095ebf', 'results': 1, 'page': 1, 'version': '1.4'}}</msg>
<arg>${json_data}</arg>
<doc>Logs the given message with the given level.</doc>
<status status="PASS" start="2024-05-14T06:20:59.144130" elapsed="0.000247"/>
</kw>
<kw name="Should Be String" owner="String">
<arg>${json_data['results'][0]['gender']}</arg>
<doc>Fails if the given ``item`` is not a string.</doc>
<status status="PASS" start="2024-05-14T06:20:59.144677" elapsed="0.000372"/>
</kw>
<kw name="Should Match Regexp" owner="BuiltIn">
<arg>${json_data['results'][0]['email']}</arg>
<arg>^[a-zA-Z0-9._%+-]+@[a-zA-Z0-9.-]+\.[a-zA-Z]{2,}$</arg>
<doc>Fails if ``string`` does not match ``pattern`` as a regular expression.</doc>
<status status="PASS" start="2024-05-14T06:20:59.145242" elapsed="0.000512"/>
</kw>
<kw name="Should Match Regexp" owner="BuiltIn">
<arg>${json_data['results'][0]['dob']['date']}</arg>
<arg>\\d{4}-\\d{2}-\\d{2}T\\d{2}:\\d{2}:\\d{2}\\.\\d{3}Z</arg>
<doc>Fails if ``string`` does not match ``pattern`` as a regular expression.</doc>
<status status="PASS" start="2024-05-14T06:20:59.145947" elapsed="0.000488"/>
</kw>
<kw name="Should Match Regexp" owner="BuiltIn">
<arg>${json_data['results'][0]['registered']['date']}</arg>
<arg>\\d{4}-\\d{2}-\\d{2}T\\d{2}:\\d{2}:\\d{2}\\.\\d{3}Z</arg>
<doc>Fails if ``string`` does not match ``pattern`` as a regular expression.</doc>
<status status="PASS" start="2024-05-14T06:20:59.146626" elapsed="0.000366"/>
</kw>
<kw name="Should Match Regexp" owner="BuiltIn">
<arg>${json_data['results'][0]['picture']['large']}</arg>
<arg>^https?://.*\.(?:png|jpe?g|gif|bmp)$</arg>
<doc>Fails if ``string`` does not match ``pattern`` as a regular expression.</doc>
<status status="PASS" start="2024-05-14T06:20:59.147183" elapsed="0.000480"/>
</kw>
<kw name="Should Match Regexp" owner="BuiltIn">
<arg>${json_data['results'][0]['picture']['medium']}</arg>
<arg>^https?://.*\.(?:png|jpe?g|gif|bmp)$</arg>
<doc>Fails if ``string`` does not match ``pattern`` as a regular expression.</doc>
<status status="PASS" start="2024-05-14T06:20:59.147851" elapsed="0.000363"/>
</kw>
<kw name="Should Match Regexp" owner="BuiltIn">
<arg>${json_data['results'][0]['picture']['thumbnail']}</arg>
<arg>^https?://.*\.(?:png|jpe?g|gif|bmp)$</arg>
<doc>Fails if ``string`` does not match ``pattern`` as a regular expression.</doc>
<status status="PASS" start="2024-05-14T06:20:59.148399" elapsed="0.000351"/>
</kw>
<kw name="Log" owner="BuiltIn">
<msg time="2024-05-14T06:20:59.149249" level="INFO">{'large': 'https://randomuser.me/api/portraits/women/6.jpg', 'medium': 'https://randomuser.me/api/portraits/med/women/6.jpg', 'thumbnail': 'https://randomuser.me/api/portraits/thumb/women/6.jpg'}</msg>
<arg>${json_data['results'][0]['picture']}</arg>
<doc>Logs the given message with the given level.</doc>
<status status="PASS" start="2024-05-14T06:20:59.148928" elapsed="0.000360"/>
</kw>
<status status="PASS" start="2024-05-14T06:20:59.029224" elapsed="0.120319"/>
</kw>
<kw name="Teste de Tipos de Dados - Postcode" owner="random-user-service">
<kw name="GET On Session" owner="RequestsLibrary">
<msg time="2024-05-14T06:20:59.252452" level="INFO">GET Request : url=https://randomuser.me/api 
 path_url=/api 
 headers={'User-Agent': 'python-requests/2.31.0', 'Accept-Encoding': 'gzip, deflate', 'Accept': '*/*', 'Connection': 'keep-alive'} 
 body=None 
 </msg>
<msg time="2024-05-14T06:20:59.252561" level="INFO">GET Response : url=https://randomuser.me/api 
 status=200, reason=OK 
 headers={'Date': 'Tue, 14 May 2024 06:20:59 GMT', 'Content-Type': 'application/json; charset=utf-8', 'Transfer-Encoding': 'chunked', 'Connection': 'keep-alive', 'X-Powered-By': 'Express', 'Access-Control-Allow-Origin': '*', 'Cache-Control': 'no-cache', 'ETag': 'W/"49c-rj/70xwHkJP80G5rlDxIiC+hFWY"', 'Vary': 'Accept-Encoding', 'Content-Encoding': 'gzip', 'CF-Cache-Status': 'DYNAMIC', 'Report-To': '{"endpoints":[{"url":"https:\\/\\/a.nel.cloudflare.com\\/report\\/v4?s=cFe8fzPyhpnRBBP%2FdEEHqnWBeTGkb3PU%2FQvtw0SboA%2FAGq2kpK7UXrE2LNewjuj9fTHyP0TxzaTWorIDaraZYndrHAA3VF8Pa2F%2BDnV7%2FVKyDQnTJS61HU0T2Dh7QWfO"}],"group":"cf-nel","max_age":604800}', 'NEL': '{"success_fraction":0,"report_to":"cf-nel","max_age":604800}', 'Server': 'cloudflare', 'CF-RAY': '8838c915b961ce40-SJC', 'alt-svc': 'h3=":443"; ma=86400'} 
 body={"results":[{"gender":"male","name":{"title":"Mr","first":"Salvador","last":"Pascual"},"location":{"street":{"number":7538,"name":"Calle de Alcalá"},"city":"Córdoba","state":"Castilla y León","country":"Spain","postcode":50260,"coordinates":{"latitude":"-36.3151","longitude":"-55.3516"},"timezone":{"offset":"+3:00","description":"Baghdad, Riyadh, Moscow, St. Petersburg"}},"email":"salvador.pascual@example.com","login":{"uuid":"eb8c4357-442b-4563-8eef-9d2568b44cd8","username":"tinyzebra615","password":"teddy1","salt":"qsjUxxmF","md5":"2cf04e03c43e9250424698f6000d5f53","sha1":"cc267fd8c891263ff34ca7a2dd8a538840d99895","sha256":"fc4c24c7080eee66e6acd71dbc034892604dc028707abfb1e58242337c3a4849"},"dob":{"date":"1990-11-12T11:06:28.975Z","age":33},"registered":{"date":"2005-12-16T02:57:44.253Z","age":18},"phone":"935-722-785","cell":"603-840-662","id":{"name":"DNI","value":"74656706-U"},"picture":{"large":"https://randomuser.me/api/portraits/men/32.jpg","medium":"https://randomuser.me/api/portraits/med/men/32.jpg","thumbnail":"https://randomuser.me/api/portraits/thumb/men/32.jpg"},"nat":"ES"}],"info":{"seed":"322930da04138f0c","results":1,"page":1,"version":"1.4"}} 
 </msg>
<msg time="2024-05-14T06:20:59.252646" level="INFO">/opt/hostedtoolcache/Python/3.12.3/x64/lib/python3.12/site-packages/urllib3/connectionpool.py:1103: InsecureRequestWarning: Unverified HTTPS request is being made to host 'randomuser.me'. Adding certificate verification is strongly advised. See: https://urllib3.readthedocs.io/en/latest/advanced-usage.html#tls-warnings
  warnings.warn(</msg>
<msg time="2024-05-14T06:20:59.252773" level="INFO">${response} = &lt;Response [200]&gt;</msg>
<var>${response}</var>
<arg>consultarAPI</arg>
<arg>/api</arg>
<doc>Sends a GET request on a previously created HTTP Session.</doc>
<status status="PASS" start="2024-05-14T06:20:59.150003" elapsed="0.102809"/>
</kw>
<kw name="Set Variable" owner="BuiltIn">
<msg time="2024-05-14T06:20:59.254050" level="INFO">${json_data} = {'results': [{'gender': 'male', 'name': {'title': 'Mr', 'first': 'Salvador', 'last': 'Pascual'}, 'location': {'street': {'number': 7538, 'name': 'Calle de Alcalá'}, 'city': 'Córdoba', 'state': 'Castil...</msg>
<var>${json_data}</var>
<arg>${response.json()}</arg>
<doc>Returns the given values which can then be assigned to a variables.</doc>
<status status="PASS" start="2024-05-14T06:20:59.253458" elapsed="0.000621"/>
</kw>
<kw name="Log" owner="BuiltIn">
<msg time="2024-05-14T06:20:59.254561" level="INFO">{'results': [{'gender': 'male', 'name': {'title': 'Mr', 'first': 'Salvador', 'last': 'Pascual'}, 'location': {'street': {'number': 7538, 'name': 'Calle de Alcalá'}, 'city': 'Córdoba', 'state': 'Castilla y León', 'country': 'Spain', 'postcode': 50260, 'coordinates': {'latitude': '-36.3151', 'longitude': '-55.3516'}, 'timezone': {'offset': '+3:00', 'description': 'Baghdad, Riyadh, Moscow, St. Petersburg'}}, 'email': 'salvador.pascual@example.com', 'login': {'uuid': 'eb8c4357-442b-4563-8eef-9d2568b44cd8', 'username': 'tinyzebra615', 'password': 'teddy1', 'salt': 'qsjUxxmF', 'md5': '2cf04e03c43e9250424698f6000d5f53', 'sha1': 'cc267fd8c891263ff34ca7a2dd8a538840d99895', 'sha256': 'fc4c24c7080eee66e6acd71dbc034892604dc028707abfb1e58242337c3a4849'}, 'dob': {'date': '1990-11-12T11:06:28.975Z', 'age': 33}, 'registered': {'date': '2005-12-16T02:57:44.253Z', 'age': 18}, 'phone': '935-722-785', 'cell': '603-840-662', 'id': {'name': 'DNI', 'value': '74656706-U'}, 'picture': {'large': 'https://randomuser.me/api/portraits/men/32.jpg', 'medium': 'https://randomuser.me/api/portraits/med/men/32.jpg', 'thumbnail': 'https://randomuser.me/api/portraits/thumb/men/32.jpg'}, 'nat': 'ES'}], 'info': {'seed': '322930da04138f0c', 'results': 1, 'page': 1, 'version': '1.4'}}</msg>
<arg>${json_data}</arg>
<doc>Logs the given message with the given level.</doc>
<status status="PASS" start="2024-05-14T06:20:59.254403" elapsed="0.000243"/>
</kw>
<kw name="Should Be Equal As Numbers" owner="BuiltIn">
<arg>${json_data['results'][0]['location']['postcode']}</arg>
<arg>${json_data['results'][0]['location']['postcode']}</arg>
<doc>Fails if objects are unequal after converting them to real numbers.</doc>
<status status="PASS" start="2024-05-14T06:20:59.255136" elapsed="0.000690"/>
</kw>
<kw name="Log" owner="BuiltIn">
<msg time="2024-05-14T06:20:59.256364" level="INFO">50260</msg>
<arg>${json_data['results'][0]['location']['postcode']}</arg>
<doc>Logs the given message with the given level.</doc>
<status status="PASS" start="2024-05-14T06:20:59.256019" elapsed="0.000386"/>
</kw>
<status status="PASS" start="2024-05-14T06:20:59.149771" elapsed="0.106889"/>
</kw>
<doc>Testa se os tipos de dados na resposta da API estão corretos.</doc>
<tag>testeTiposDados</tag>
<status status="PASS" start="2024-05-14T06:20:59.028643" elapsed="0.228187"/>
</test>
<test id="s1-s1-t5" name="Validar conteudo" line="35">
<kw name="Teste de Tipos de Conteudo" owner="random-user-service">
<kw name="GET On Session" owner="RequestsLibrary">
<msg time="2024-05-14T06:20:59.567498" level="INFO">GET Request : url=https://randomuser.me/api 
 path_url=/api 
 headers={'User-Agent': 'python-requests/2.31.0', 'Accept-Encoding': 'gzip, deflate', 'Accept': '*/*', 'Connection': 'keep-alive'} 
 body=None 
 </msg>
<msg time="2024-05-14T06:20:59.567642" level="INFO">GET Response : url=https://randomuser.me/api 
 status=200, reason=OK 
 headers={'Date': 'Tue, 14 May 2024 06:20:59 GMT', 'Content-Type': 'application/json; charset=utf-8', 'Transfer-Encoding': 'chunked', 'Connection': 'keep-alive', 'X-Powered-By': 'Express', 'Access-Control-Allow-Origin': '*', 'Cache-Control': 'no-cache', 'ETag': 'W/"49c-JobUvX0wdGx+GAdF/+NPASTgfJs"', 'Vary': 'Accept-Encoding', 'Content-Encoding': 'gzip', 'CF-Cache-Status': 'DYNAMIC', 'Report-To': '{"endpoints":[{"url":"https:\\/\\/a.nel.cloudflare.com\\/report\\/v4?s=5JRQLhwAYHuUPItltk5l6DGUrHRSSixqm5oViLfg0f8AIyYw5fGc%2BWDSFVaEj7OVFMoF4uiE6n%2BjobuP4bjHlvAJeo1yAvUrNnfzRRd15e9GRnMHqDEEvJ2ZLzw4Jy46"}],"group":"cf-nel","max_age":604800}', 'NEL': '{"success_fraction":0,"report_to":"cf-nel","max_age":604800}', 'Server': 'cloudflare', 'CF-RAY': '8838c9166a12ce40-SJC', 'alt-svc': 'h3=":443"; ma=86400'} 
 body={"results":[{"gender":"female","name":{"title":"Mrs","first":"Caroline","last":"Murphy"},"location":{"street":{"number":8226,"name":"George Street"},"city":"Salford","state":"South Glamorgan","country":"United Kingdom","postcode":"MU0T 1QF","coordinates":{"latitude":"-10.8274","longitude":"1.7119"},"timezone":{"offset":"-2:00","description":"Mid-Atlantic"}},"email":"caroline.murphy@example.com","login":{"uuid":"3a96d3bc-9329-43a2-87be-16c64d761f03","username":"tinybutterfly471","password":"platinum","salt":"mlKmOksB","md5":"7d37c13143bc6fd411c7c45be5616d4b","sha1":"9a267e70a2244a24ac806ddce057fe1c7378044c","sha256":"c42c42f2522ad059e0eb8abeb5642790613f3b82f8ae08ef44801a35515284e4"},"dob":{"date":"1990-07-20T01:31:16.820Z","age":33},"registered":{"date":"2009-12-13T19:26:53.214Z","age":14},"phone":"025 5901 6342","cell":"07160 966302","id":{"name":"NINO","value":"ER 30 18 40 N"},"picture":{"large":"https://randomuser.me/api/portraits/women/24.jpg","medium":"https://randomuser.me/api/portraits/med/women/24.jpg","thumbnail":"https://randomuser.me/api/portraits/thumb/women/24.jpg"},"nat":"GB"}],"info":{"seed":"ca67e2fd9c6d5a13","results":1,"page":1,"version":"1.4"}} 
 </msg>
<msg time="2024-05-14T06:20:59.567727" level="INFO">/opt/hostedtoolcache/Python/3.12.3/x64/lib/python3.12/site-packages/urllib3/connectionpool.py:1103: InsecureRequestWarning: Unverified HTTPS request is being made to host 'randomuser.me'. Adding certificate verification is strongly advised. See: https://urllib3.readthedocs.io/en/latest/advanced-usage.html#tls-warnings
  warnings.warn(</msg>
<msg time="2024-05-14T06:20:59.567847" level="INFO">${response} = &lt;Response [200]&gt;</msg>
<var>${response}</var>
<arg>consultarAPI</arg>
<arg>/api</arg>
<doc>Sends a GET request on a previously created HTTP Session.</doc>
<status status="PASS" start="2024-05-14T06:20:59.259416" elapsed="0.308470"/>
</kw>
<kw name="Set Variable" owner="BuiltIn">
<msg time="2024-05-14T06:20:59.569100" level="INFO">${json_data} = {'results': [{'gender': 'female', 'name': {'title': 'Mrs', 'first': 'Caroline', 'last': 'Murphy'}, 'location': {'street': {'number': 8226, 'name': 'George Street'}, 'city': 'Salford', 'state': 'South ...</msg>
<var>${json_data}</var>
<arg>${response.json()}</arg>
<doc>Returns the given values which can then be assigned to a variables.</doc>
<status status="PASS" start="2024-05-14T06:20:59.568519" elapsed="0.000610"/>
</kw>
<kw name="Set Variable" owner="BuiltIn">
<msg time="2024-05-14T06:20:59.569827" level="INFO">${name_title} = Mrs</msg>
<var>${name_title}</var>
<arg>${json_data["results"][0]["name"]["title"]}</arg>
<doc>Returns the given values which can then be assigned to a variables.</doc>
<status status="PASS" start="2024-05-14T06:20:59.569439" elapsed="0.000414"/>
</kw>
<kw name="Create List" owner="BuiltIn">
<msg time="2024-05-14T06:20:59.570304" level="INFO">${allowed_titles} = ['Mr', 'Ms', 'Miss', 'Mrs', 'Madame', 'Monsieur']</msg>
<var>${allowed_titles}</var>
<arg>Mr</arg>
<arg>Ms</arg>
<arg>Miss</arg>
<arg>Mrs</arg>
<arg>Madame</arg>
<arg>Monsieur</arg>
<doc>Returns a list containing given items.</doc>
<status status="PASS" start="2024-05-14T06:20:59.570154" elapsed="0.000174"/>
</kw>
<kw name="List Should Contain Value" owner="Collections">
<msg time="2024-05-14T06:20:59.570802" level="INFO">False</msg>
<arg>${allowed_titles}</arg>
<arg>${name_title}</arg>
<doc>Fails if the ``value`` is not found from ``list``.</doc>
<status status="PASS" start="2024-05-14T06:20:59.570626" elapsed="0.000212"/>
</kw>
<kw name="Set Variable" owner="BuiltIn">
<msg time="2024-05-14T06:20:59.571507" level="INFO">${name_country} = GB</msg>
<var>${name_country}</var>
<arg>${json_data["results"][0]["nat"]}</arg>
<doc>Returns the given values which can then be assigned to a variables.</doc>
<status status="PASS" start="2024-05-14T06:20:59.571131" elapsed="0.000401"/>
</kw>
<kw name="Create List" owner="BuiltIn">
<msg time="2024-05-14T06:20:59.572476" level="INFO">${list_country} = ['AD', 'AE', 'AF', 'AG', 'AI', 'AL', 'AM', 'AO', 'AQ', 'AR', 'AS', 'AT', 'AU', 'AW', 'AX', 'AZ', 'BA', 'BB', 'BD', 'BE', 'BF', 'BG', 'BH', 'BI', 'BJ', 'BL', 'BM', 'BN', 'BO', 'BQ', 'BR', 'BS', 'BT', '...</msg>
<var>${list_country}</var>
<arg>AD</arg>
<arg>AE</arg>
<arg>AF</arg>
<arg>AG</arg>
<arg>AI</arg>
<arg>AL</arg>
<arg>AM</arg>
<arg>AO</arg>
<arg>AQ</arg>
<arg>AR</arg>
<arg>AS</arg>
<arg>AT</arg>
<arg>AU</arg>
<arg>AW</arg>
<arg>AX</arg>
<arg>AZ</arg>
<arg>BA</arg>
<arg>BB</arg>
<arg>BD</arg>
<arg>BE</arg>
<arg>BF</arg>
<arg>BG</arg>
<arg>BH</arg>
<arg>BI</arg>
<arg>BJ</arg>
<arg>BL</arg>
<arg>BM</arg>
<arg>BN</arg>
<arg>BO</arg>
<arg>BQ</arg>
<arg>BR</arg>
<arg>BS</arg>
<arg>BT</arg>
<arg>BV</arg>
<arg>BW</arg>
<arg>BY</arg>
<arg>BZ</arg>
<arg>CA</arg>
<arg>CC</arg>
<arg>CD</arg>
<arg>CF</arg>
<arg>CG</arg>
<arg>CH</arg>
<arg>CI</arg>
<arg>CK</arg>
<arg>CL</arg>
<arg>CM</arg>
<arg>CN</arg>
<arg>CO</arg>
<arg>CR</arg>
<arg>CU</arg>
<arg>CV</arg>
<arg>CW</arg>
<arg>CX</arg>
<arg>CY</arg>
<arg>CZ</arg>
<arg>DE</arg>
<arg>DJ</arg>
<arg>DK</arg>
<arg>DM</arg>
<arg>DO</arg>
<arg>DZ</arg>
<arg>EC</arg>
<arg>EE</arg>
<arg>EG</arg>
<arg>EH</arg>
<arg>ER</arg>
<arg>ES</arg>
<arg>ET</arg>
<arg>FI</arg>
<arg>FJ</arg>
<arg>FK</arg>
<arg>FM</arg>
<arg>FO</arg>
<arg>FR</arg>
<arg>GA</arg>
<arg>GB</arg>
<arg>GD</arg>
<arg>GE</arg>
<arg>GF</arg>
<arg>GG</arg>
<arg>GH</arg>
<arg>GI</arg>
<arg>GL</arg>
<arg>GM</arg>
<arg>GN</arg>
<arg>GP</arg>
<arg>GQ</arg>
<arg>GR</arg>
<arg>GS</arg>
<arg>GT</arg>
<arg>GU</arg>
<arg>GW</arg>
<arg>GY</arg>
<arg>HK</arg>
<arg>HM</arg>
<arg>HN</arg>
<arg>HR</arg>
<arg>HT</arg>
<arg>HU</arg>
<arg>ID</arg>
<arg>IE</arg>
<arg>IL</arg>
<arg>IM</arg>
<arg>IN</arg>
<arg>IO</arg>
<arg>IQ</arg>
<arg>IR</arg>
<arg>IS</arg>
<arg>IT</arg>
<arg>JE</arg>
<arg>JM</arg>
<arg>JO</arg>
<arg>JP</arg>
<arg>KE</arg>
<arg>KG</arg>
<arg>KH</arg>
<arg>KI</arg>
<arg>KM</arg>
<arg>KN</arg>
<arg>KP</arg>
<arg>KR</arg>
<arg>KW</arg>
<arg>KY</arg>
<arg>KZ</arg>
<arg>LA</arg>
<arg>LB</arg>
<arg>LC</arg>
<arg>LI</arg>
<arg>LK</arg>
<arg>LR</arg>
<arg>LS</arg>
<arg>LT</arg>
<arg>LU</arg>
<arg>LV</arg>
<arg>LY</arg>
<arg>MA</arg>
<arg>MC</arg>
<arg>MD</arg>
<arg>ME</arg>
<arg>MF</arg>
<arg>MG</arg>
<arg>MH</arg>
<arg>MK</arg>
<arg>ML</arg>
<arg>MM</arg>
<arg>MN</arg>
<arg>MO</arg>
<arg>MP</arg>
<arg>MQ</arg>
<arg>MR</arg>
<arg>MS</arg>
<arg>MT</arg>
<arg>MU</arg>
<arg>MV</arg>
<arg>MW</arg>
<arg>MX</arg>
<arg>MY</arg>
<arg>MZ</arg>
<arg>NA</arg>
<arg>NC</arg>
<arg>NE</arg>
<arg>NF</arg>
<arg>NG</arg>
<arg>NI</arg>
<arg>NL</arg>
<arg>NO</arg>
<arg>NP</arg>
<arg>NR</arg>
<arg>NU</arg>
<arg>NZ</arg>
<arg>OM</arg>
<arg>PA</arg>
<arg>PE</arg>
<arg>PF</arg>
<arg>PG</arg>
<arg>PH</arg>
<arg>PK</arg>
<arg>PL</arg>
<arg>PM</arg>
<arg>PN</arg>
<arg>PR</arg>
<arg>PS</arg>
<arg>PT</arg>
<arg>PW</arg>
<arg>PY</arg>
<arg>QA</arg>
<arg>RE</arg>
<arg>RO</arg>
<arg>RS</arg>
<arg>RU</arg>
<arg>RW</arg>
<arg>SA</arg>
<arg>SB</arg>
<arg>SC</arg>
<arg>SD</arg>
<arg>SE</arg>
<arg>SG</arg>
<arg>SH</arg>
<arg>SI</arg>
<arg>SJ</arg>
<arg>SK</arg>
<arg>SL</arg>
<arg>SM</arg>
<arg>SN</arg>
<arg>SO</arg>
<arg>SR</arg>
<arg>SS</arg>
<arg>ST</arg>
<arg>SV</arg>
<arg>SX</arg>
<arg>SY</arg>
<arg>SZ</arg>
<arg>TC</arg>
<arg>TD</arg>
<arg>TF</arg>
<arg>TG</arg>
<arg>TH</arg>
<arg>TJ</arg>
<arg>TK</arg>
<arg>TL</arg>
<arg>TM</arg>
<arg>TN</arg>
<arg>TO</arg>
<arg>TR</arg>
<arg>TT</arg>
<arg>TV</arg>
<arg>TW</arg>
<arg>TZ</arg>
<arg>UA</arg>
<arg>UG</arg>
<arg>UM</arg>
<arg>US</arg>
<arg>UY</arg>
<arg>UZ</arg>
<arg>VA</arg>
<arg>VC</arg>
<arg>VE</arg>
<arg>VG</arg>
<arg>VI</arg>
<arg>VN</arg>
<arg>VU</arg>
<arg>WF</arg>
<arg>WS</arg>
<arg>XK</arg>
<arg>YE</arg>
<arg>YT</arg>
<arg>ZA</arg>
<arg>ZM</arg>
<arg>ZW</arg>
<doc>Returns a list containing given items.</doc>
<status status="PASS" start="2024-05-14T06:20:59.571891" elapsed="0.000610"/>
</kw>
<kw name="List Should Contain Value" owner="Collections">
<msg time="2024-05-14T06:20:59.573485" level="INFO">False</msg>
<arg>${list_country}</arg>
<arg>${name_country}</arg>
<doc>Fails if the ``value`` is not found from ``list``.</doc>
<status status="PASS" start="2024-05-14T06:20:59.573288" elapsed="0.000233"/>
</kw>
<kw name="Run Keyword If" owner="BuiltIn">
<kw name="Should Be True" owner="BuiltIn">
<arg>${True}</arg>
<doc>Fails if the given condition is not true.</doc>
<status status="PASS" start="2024-05-14T06:20:59.574593" elapsed="0.000258"/>
</kw>
<arg>${json_data["results"][0]["location"]["coordinates"]["latitude"]} &gt;= -90 and ${json_data["results"][0]["location"]["coordinates"]["latitude"]} &lt;= 90</arg>
<arg>Should Be True</arg>
<arg>${True}</arg>
<doc>Runs the given keyword with the given arguments, if ``condition`` is true.</doc>
<status status="PASS" start="2024-05-14T06:20:59.573829" elapsed="0.001154"/>
</kw>
<kw name="Run Keyword If" owner="BuiltIn">
<kw name="Should Be True" owner="BuiltIn">
<arg>${True}</arg>
<doc>Fails if the given condition is not true.</doc>
<status status="PASS" start="2024-05-14T06:20:59.575915" elapsed="0.000139"/>
</kw>
<arg>${json_data["results"][0]["location"]["coordinates"]["longitude"]} &gt;= -180 and ${json_data["results"][0]["location"]["coordinates"]["longitude"]} &lt;= 180</arg>
<arg>Should Be True</arg>
<arg>${True}</arg>
<doc>Runs the given keyword with the given arguments, if ``condition`` is true.</doc>
<status status="PASS" start="2024-05-14T06:20:59.575170" elapsed="0.001007"/>
</kw>
<status status="PASS" start="2024-05-14T06:20:59.259178" elapsed="0.317131"/>
</kw>
<doc>Testa o conteúdo específico dos campos retornados pela API.</doc>
<tag>testeConteudo</tag>
<status status="PASS" start="2024-05-14T06:20:59.258628" elapsed="0.317833"/>
</test>
<status status="PASS" start="2024-05-14T06:20:57.916778" elapsed="1.661673"/>
</suite>
<status status="PASS" start="2024-05-14T06:20:57.902938" elapsed="1.680739"/>
</suite>
<statistics>
<total>
<stat pass="5" fail="0" skip="0">All Tests</stat>
</total>
<tag>
<stat pass="1" fail="0" skip="0">testeConteudo</stat>
<stat pass="1" fail="0" skip="0">testeEstruturaResposta</stat>
<stat pass="1" fail="0" skip="0">testeRequisicaoBasica</stat>
<stat pass="1" fail="0" skip="0">testeTiposDados</stat>
</tag>
<suite>
<stat pass="5" fail="0" skip="0" id="s1" name="Tests">Tests</stat>
<stat pass="5" fail="0" skip="0" id="s1-s1" name="Random-User-Test">Tests.Random-User-Test</stat>
</suite>
</statistics>
<errors>
</errors>
</robot>
