<?xml version="1.0" encoding="UTF-8"?>
<robot generator="Robot 7.0.1 (Python 3.12.4 on linux)" generated="2024-07-19T05:15:59.552468" rpa="false" schemaversion="5">
<suite id="s1" name="Tests" source="/home/runner/work/ApiRandomUser/ApiRandomUser/RamdonUser/tests">
<suite id="s1-s1" name="Random-User-Test" source="/home/runner/work/ApiRandomUser/ApiRandomUser/RamdonUser/tests/random-user-test.robot">
<test id="s1-s1-t1" name="Conectar" line="13">
<kw name="Conectar API" owner="random-user-service">
<kw name="Create Session" owner="RequestsLibrary">
<msg time="2024-07-19T05:15:59.936786" level="INFO">Creating Session using : alias=consultarAPI, url=https://randomuser.me/, headers={},                     cookies={}, auth=None, timeout=None, proxies=None, verify=False,                     debug=0 </msg>
<arg>consultarAPI</arg>
<arg>${URL}</arg>
<doc>Create Session: create a HTTP session to a server</doc>
<status status="PASS" start="2024-07-19T05:15:59.936591" elapsed="0.000364"/>
</kw>
<status status="PASS" start="2024-07-19T05:15:59.935547" elapsed="0.001753"/>
</kw>
<status status="PASS" start="2024-07-19T05:15:59.934862" elapsed="0.002630"/>
</test>
<test id="s1-s1-t2" name="Validar retorno 200 e JSON Válido" line="16">
<kw name="Teste de Requisicao Basica" owner="random-user-service">
<kw name="GET On Session" owner="RequestsLibrary">
<msg time="2024-07-19T05:16:00.171266" level="INFO">GET Request : url=https://randomuser.me/api 
 path_url=/api 
 headers={'User-Agent': 'python-requests/2.32.3', 'Accept-Encoding': 'gzip, deflate', 'Accept': '*/*', 'Connection': 'keep-alive'} 
 body=None 
 </msg>
<msg time="2024-07-19T05:16:00.171405" level="INFO">GET Response : url=https://randomuser.me/api 
 status=200, reason=OK 
 headers={'Date': 'Fri, 19 Jul 2024 05:16:00 GMT', 'Content-Type': 'application/json; charset=utf-8', 'Transfer-Encoding': 'chunked', 'Connection': 'keep-alive', 'X-Powered-By': 'Express', 'Access-Control-Allow-Origin': '*', 'Cache-Control': 'no-cache', 'ETag': 'W/"488-MS4mZIZVBbe0T2fQhoIU8XwVEbg"', 'Vary': 'Accept-Encoding', 'Content-Encoding': 'gzip', 'CF-Cache-Status': 'DYNAMIC', 'Report-To': '{"endpoints":[{"url":"https:\\/\\/a.nel.cloudflare.com\\/report\\/v4?s=EmN5Vk9CXHbcNDCR8JRvtqcZZo9nwH3I8xzt9mzCU7AZumpn9eMAT%2Fg2NPki7QdN7EmS%2FNzc8JcxaZn3giArimJdoth2lHBO9SEWMboS88KE71QYPzyDzRziIyEHDE8P"}],"group":"cf-nel","max_age":604800}', 'NEL': '{"success_fraction":0,"report_to":"cf-nel","max_age":604800}', 'Server': 'cloudflare', 'CF-RAY': '8a583ca4685967dd-SJC', 'alt-svc': 'h3=":443"; ma=86400'} 
 body={"results":[{"gender":"male","name":{"title":"Mr","first":"Vlado","last":"Ivić"},"location":{"street":{"number":2399,"name":"Milice Ninković "},"city":"Sombor","state":"Srem","country":"Serbia","postcode":26125,"coordinates":{"latitude":"58.1055","longitude":"-179.4017"},"timezone":{"offset":"+3:00","description":"Baghdad, Riyadh, Moscow, St. Petersburg"}},"email":"vlado.ivic@example.com","login":{"uuid":"e3838cd2-17b9-4f40-a584-fc186cfaa34f","username":"orangefish946","password":"egghead","salt":"eDRJ9qax","md5":"9d7a8aa954a809c2e9ed40e3c2db1ecc","sha1":"533bd1b33fca4d9a33287d4af08eab7470e629da","sha256":"d19c71eb1e92ad0fba9e4ab9125dfc4cac4ef0c32b4138d44f01941e183d65f5"},"dob":{"date":"1987-06-03T05:47:07.800Z","age":37},"registered":{"date":"2003-09-18T10:53:50.894Z","age":20},"phone":"027-9661-396","cell":"060-5907-496","id":{"name":"SID","value":"897913881"},"picture":{"large":"https://randomuser.me/api/portraits/men/50.jpg","medium":"https://randomuser.me/api/portraits/med/men/50.jpg","thumbnail":"https://randomuser.me/api/portraits/thumb/men/50.jpg"},"nat":"RS"}],"info":{"seed":"c7d81b3fd4ff6f93","results":1,"page":1,"version":"1.4"}} 
 </msg>
<msg time="2024-07-19T05:16:00.171496" level="INFO">/opt/hostedtoolcache/Python/3.12.4/x64/lib/python3.12/site-packages/urllib3/connectionpool.py:1099: InsecureRequestWarning: Unverified HTTPS request is being made to host 'randomuser.me'. Adding certificate verification is strongly advised. See: https://urllib3.readthedocs.io/en/latest/advanced-usage.html#tls-warnings
  warnings.warn(</msg>
<msg time="2024-07-19T05:16:00.171649" level="INFO">${response} = &lt;Response [200]&gt;</msg>
<var>${response}</var>
<arg>consultarAPI</arg>
<arg>/api</arg>
<doc>Sends a GET request on a previously created HTTP Session.</doc>
<status status="PASS" start="2024-07-19T05:15:59.940201" elapsed="0.231502"/>
</kw>
<kw name="Should Be Equal As Numbers" owner="BuiltIn">
<msg time="2024-07-19T05:16:00.172547" level="INFO">Argument types are:
&lt;class 'int'&gt;
&lt;class 'str'&gt;</msg>
<arg>${response.status_code}</arg>
<arg>200</arg>
<doc>Fails if objects are unequal after converting them to real numbers.</doc>
<status status="PASS" start="2024-07-19T05:16:00.172138" elapsed="0.000474"/>
</kw>
<kw name="Log" owner="BuiltIn">
<msg time="2024-07-19T05:16:00.173294" level="INFO">200</msg>
<arg>${response.status_code}</arg>
<doc>Logs the given message with the given level.</doc>
<status status="PASS" start="2024-07-19T05:16:00.172937" elapsed="0.000401"/>
</kw>
<kw name="Set Variable" owner="BuiltIn">
<msg time="2024-07-19T05:16:00.174150" level="INFO">${json_data} = {'results': [{'gender': 'male', 'name': {'title': 'Mr', 'first': 'Vlado', 'last': 'Ivić'}, 'location': {'street': {'number': 2399, 'name': 'Milice Ninković '}, 'city': 'Sombor', 'state': 'Srem', 'coun...</msg>
<var>${json_data}</var>
<arg>${response.json()}</arg>
<doc>Returns the given values which can then be assigned to a variables.</doc>
<status status="PASS" start="2024-07-19T05:16:00.173656" elapsed="0.000525"/>
</kw>
<kw name="Dictionary Should Contain Key" owner="Collections">
<arg>${json_data}</arg>
<arg>results</arg>
<doc>Fails if ``key`` is not found from ``dictionary``.</doc>
<status status="PASS" start="2024-07-19T05:16:00.174488" elapsed="0.000295"/>
</kw>
<status status="PASS" start="2024-07-19T05:15:59.939955" elapsed="0.234976"/>
</kw>
<doc>Testa se a API responde corretamente e retorna um objeto JSON válido.</doc>
<tag>testeRequisicaoBasica</tag>
<status status="PASS" start="2024-07-19T05:15:59.939401" elapsed="0.235689"/>
</test>
<test id="s1-s1-t3" name="Validar estrutura de resposta" line="22">
<kw name="Teste de Estrutura de Resposta" owner="random-user-service">
<kw name="GET On Session" owner="RequestsLibrary">
<msg time="2024-07-19T05:16:00.270323" level="INFO">GET Request : url=https://randomuser.me/api 
 path_url=/api 
 headers={'User-Agent': 'python-requests/2.32.3', 'Accept-Encoding': 'gzip, deflate', 'Accept': '*/*', 'Connection': 'keep-alive'} 
 body=None 
 </msg>
<msg time="2024-07-19T05:16:00.270403" level="INFO">GET Response : url=https://randomuser.me/api 
 status=200, reason=OK 
 headers={'Date': 'Fri, 19 Jul 2024 05:16:00 GMT', 'Content-Type': 'application/json; charset=utf-8', 'Transfer-Encoding': 'chunked', 'Connection': 'keep-alive', 'X-Powered-By': 'Express', 'Access-Control-Allow-Origin': '*', 'Cache-Control': 'no-cache', 'ETag': 'W/"4a2-CsUd5Dv47g/knssdW9J5raqtCD8"', 'Vary': 'Accept-Encoding', 'Content-Encoding': 'gzip', 'CF-Cache-Status': 'DYNAMIC', 'Report-To': '{"endpoints":[{"url":"https:\\/\\/a.nel.cloudflare.com\\/report\\/v4?s=mSKtbf%2F6QzIdBbffOqg9cS10ZUX60PyAfPBxBRwBpDvJgCPqYoriC6C%2BiT9xtCltmZNnG9MFLQAnsj2Ottw%2BL25dyyRqKcrXKcmHPcTHageI3X8kzXTDvRYN0WFw4ISi"}],"group":"cf-nel","max_age":604800}', 'NEL': '{"success_fraction":0,"report_to":"cf-nel","max_age":604800}', 'Server': 'cloudflare', 'CF-RAY': '8a583ca5292a67dd-SJC', 'alt-svc': 'h3=":443"; ma=86400'} 
 body={"results":[{"gender":"female","name":{"title":"Mrs","first":"Jill","last":"Armstrong"},"location":{"street":{"number":4779,"name":"Northaven Rd"},"city":"Tweed","state":"New South Wales","country":"Australia","postcode":3780,"coordinates":{"latitude":"-84.1920","longitude":"121.9886"},"timezone":{"offset":"+11:00","description":"Magadan, Solomon Islands, New Caledonia"}},"email":"jill.armstrong@example.com","login":{"uuid":"70af78e2-fc5c-46ff-97b9-c7472dd7791c","username":"organicrabbit545","password":"rabbit","salt":"WwWz87hB","md5":"824bb18c66c6f3cd17e5ceceb8c6faca","sha1":"83e2604c85f6eddcf96fedb26df34b0b9bb570b9","sha256":"2904f8eb56202c567aa8c7de0063b74bf89dcb406b2a73a767c688599caee84f"},"dob":{"date":"1961-11-01T05:04:35.306Z","age":62},"registered":{"date":"2011-08-16T08:10:52.690Z","age":12},"phone":"08-8445-0725","cell":"0442-929-150","id":{"name":"TFN","value":"921769066"},"picture":{"large":"https://randomuser.me/api/portraits/women/17.jpg","medium":"https://randomuser.me/api/portraits/med/women/17.jpg","thumbnail":"https://randomuser.me/api/portraits/thumb/women/17.jpg"},"nat":"AU"}],"info":{"seed":"acb72802f950cd0f","results":1,"page":1,"version":"1.4"}} 
 </msg>
<msg time="2024-07-19T05:16:00.270530" level="INFO">/opt/hostedtoolcache/Python/3.12.4/x64/lib/python3.12/site-packages/urllib3/connectionpool.py:1099: InsecureRequestWarning: Unverified HTTPS request is being made to host 'randomuser.me'. Adding certificate verification is strongly advised. See: https://urllib3.readthedocs.io/en/latest/advanced-usage.html#tls-warnings
  warnings.warn(</msg>
<msg time="2024-07-19T05:16:00.270667" level="INFO">${response} = &lt;Response [200]&gt;</msg>
<var>${response}</var>
<arg>consultarAPI</arg>
<arg>/api</arg>
<doc>Sends a GET request on a previously created HTTP Session.</doc>
<status status="PASS" start="2024-07-19T05:16:00.177605" elapsed="0.093115"/>
</kw>
<kw name="Set Variable" owner="BuiltIn">
<msg time="2024-07-19T05:16:00.271597" level="INFO">${json_data} = {'results': [{'gender': 'female', 'name': {'title': 'Mrs', 'first': 'Jill', 'last': 'Armstrong'}, 'location': {'street': {'number': 4779, 'name': 'Northaven Rd'}, 'city': 'Tweed', 'state': 'New South ...</msg>
<var>${json_data}</var>
<arg>${response.json()}</arg>
<doc>Returns the given values which can then be assigned to a variables.</doc>
<status status="PASS" start="2024-07-19T05:16:00.271142" elapsed="0.000485"/>
</kw>
<kw name="Log" owner="BuiltIn">
<msg time="2024-07-19T05:16:00.272098" level="INFO">{'results': [{'gender': 'female', 'name': {'title': 'Mrs', 'first': 'Jill', 'last': 'Armstrong'}, 'location': {'street': {'number': 4779, 'name': 'Northaven Rd'}, 'city': 'Tweed', 'state': 'New South Wales', 'country': 'Australia', 'postcode': 3780, 'coordinates': {'latitude': '-84.1920', 'longitude': '121.9886'}, 'timezone': {'offset': '+11:00', 'description': 'Magadan, Solomon Islands, New Caledonia'}}, 'email': 'jill.armstrong@example.com', 'login': {'uuid': '70af78e2-fc5c-46ff-97b9-c7472dd7791c', 'username': 'organicrabbit545', 'password': 'rabbit', 'salt': 'WwWz87hB', 'md5': '824bb18c66c6f3cd17e5ceceb8c6faca', 'sha1': '83e2604c85f6eddcf96fedb26df34b0b9bb570b9', 'sha256': '2904f8eb56202c567aa8c7de0063b74bf89dcb406b2a73a767c688599caee84f'}, 'dob': {'date': '1961-11-01T05:04:35.306Z', 'age': 62}, 'registered': {'date': '2011-08-16T08:10:52.690Z', 'age': 12}, 'phone': '08-8445-0725', 'cell': '0442-929-150', 'id': {'name': 'TFN', 'value': '921769066'}, 'picture': {'large': 'https://randomuser.me/api/portraits/women/17.jpg', 'medium': 'https://randomuser.me/api/portraits/med/women/17.jpg', 'thumbnail': 'https://randomuser.me/api/portraits/thumb/women/17.jpg'}, 'nat': 'AU'}], 'info': {'seed': 'acb72802f950cd0f', 'results': 1, 'page': 1, 'version': '1.4'}}</msg>
<arg>${json_data}</arg>
<doc>Logs the given message with the given level.</doc>
<status status="PASS" start="2024-07-19T05:16:00.271936" elapsed="0.000213"/>
</kw>
<kw name="Dictionary Should Contain Key" owner="Collections">
<arg>${json_data}</arg>
<arg>results</arg>
<doc>Fails if ``key`` is not found from ``dictionary``.</doc>
<status status="PASS" start="2024-07-19T05:16:00.272443" elapsed="0.000162"/>
</kw>
<kw name="Should Not Be Empty" owner="BuiltIn">
<msg time="2024-07-19T05:16:00.272924" level="INFO">Length is 2.</msg>
<arg>${json_data}</arg>
<doc>Verifies that the given item is not empty.</doc>
<status status="PASS" start="2024-07-19T05:16:00.272794" elapsed="0.000169"/>
</kw>
<kw name="Create List" owner="BuiltIn">
<msg time="2024-07-19T05:16:00.273409" level="INFO">${expected_keys} = ['gender', 'name', 'location', 'email', 'login']</msg>
<var>${expected_keys}</var>
<arg>gender</arg>
<arg>name</arg>
<arg>location</arg>
<arg>email</arg>
<arg>login</arg>
<doc>Returns a list containing given items.</doc>
<status status="PASS" start="2024-07-19T05:16:00.273255" elapsed="0.000180"/>
</kw>
<for flavor="IN">
<iter>
<kw name="Dictionary Should Contain Key" owner="Collections">
<arg>${json_data['results'][0]}</arg>
<arg>${key}</arg>
<doc>Fails if ``key`` is not found from ``dictionary``.</doc>
<status status="PASS" start="2024-07-19T05:16:00.274052" elapsed="0.000405"/>
</kw>
<kw name="Log" owner="BuiltIn">
<msg time="2024-07-19T05:16:00.275007" level="INFO">{'gender': 'female', 'name': {'title': 'Mrs', 'first': 'Jill', 'last': 'Armstrong'}, 'location': {'street': {'number': 4779, 'name': 'Northaven Rd'}, 'city': 'Tweed', 'state': 'New South Wales', 'country': 'Australia', 'postcode': 3780, 'coordinates': {'latitude': '-84.1920', 'longitude': '121.9886'}, 'timezone': {'offset': '+11:00', 'description': 'Magadan, Solomon Islands, New Caledonia'}}, 'email': 'jill.armstrong@example.com', 'login': {'uuid': '70af78e2-fc5c-46ff-97b9-c7472dd7791c', 'username': 'organicrabbit545', 'password': 'rabbit', 'salt': 'WwWz87hB', 'md5': '824bb18c66c6f3cd17e5ceceb8c6faca', 'sha1': '83e2604c85f6eddcf96fedb26df34b0b9bb570b9', 'sha256': '2904f8eb56202c567aa8c7de0063b74bf89dcb406b2a73a767c688599caee84f'}, 'dob': {'date': '1961-11-01T05:04:35.306Z', 'age': 62}, 'registered': {'date': '2011-08-16T08:10:52.690Z', 'age': 12}, 'phone': '08-8445-0725', 'cell': '0442-929-150', 'id': {'name': 'TFN', 'value': '921769066'}, 'picture': {'large': 'https://randomuser.me/api/portraits/women/17.jpg', 'medium': 'https://randomuser.me/api/portraits/med/women/17.jpg', 'thumbnail': 'https://randomuser.me/api/portraits/thumb/women/17.jpg'}, 'nat': 'AU'}</msg>
<arg>${json_data['results'][0]}</arg>
<doc>Logs the given message with the given level.</doc>
<status status="PASS" start="2024-07-19T05:16:00.274647" elapsed="0.000409"/>
</kw>
<kw name="Log" owner="BuiltIn">
<msg time="2024-07-19T05:16:00.275489" level="INFO">gender</msg>
<arg>${key}</arg>
<doc>Logs the given message with the given level.</doc>
<status status="PASS" start="2024-07-19T05:16:00.275359" elapsed="0.000168"/>
</kw>
<var name="${key}">gender</var>
<status status="PASS" start="2024-07-19T05:16:00.273924" elapsed="0.001822"/>
</iter>
<iter>
<kw name="Dictionary Should Contain Key" owner="Collections">
<arg>${json_data['results'][0]}</arg>
<arg>${key}</arg>
<doc>Fails if ``key`` is not found from ``dictionary``.</doc>
<status status="PASS" start="2024-07-19T05:16:00.276044" elapsed="0.000389"/>
</kw>
<kw name="Log" owner="BuiltIn">
<msg time="2024-07-19T05:16:00.277025" level="INFO">{'gender': 'female', 'name': {'title': 'Mrs', 'first': 'Jill', 'last': 'Armstrong'}, 'location': {'street': {'number': 4779, 'name': 'Northaven Rd'}, 'city': 'Tweed', 'state': 'New South Wales', 'country': 'Australia', 'postcode': 3780, 'coordinates': {'latitude': '-84.1920', 'longitude': '121.9886'}, 'timezone': {'offset': '+11:00', 'description': 'Magadan, Solomon Islands, New Caledonia'}}, 'email': 'jill.armstrong@example.com', 'login': {'uuid': '70af78e2-fc5c-46ff-97b9-c7472dd7791c', 'username': 'organicrabbit545', 'password': 'rabbit', 'salt': 'WwWz87hB', 'md5': '824bb18c66c6f3cd17e5ceceb8c6faca', 'sha1': '83e2604c85f6eddcf96fedb26df34b0b9bb570b9', 'sha256': '2904f8eb56202c567aa8c7de0063b74bf89dcb406b2a73a767c688599caee84f'}, 'dob': {'date': '1961-11-01T05:04:35.306Z', 'age': 62}, 'registered': {'date': '2011-08-16T08:10:52.690Z', 'age': 12}, 'phone': '08-8445-0725', 'cell': '0442-929-150', 'id': {'name': 'TFN', 'value': '921769066'}, 'picture': {'large': 'https://randomuser.me/api/portraits/women/17.jpg', 'medium': 'https://randomuser.me/api/portraits/med/women/17.jpg', 'thumbnail': 'https://randomuser.me/api/portraits/thumb/women/17.jpg'}, 'nat': 'AU'}</msg>
<arg>${json_data['results'][0]}</arg>
<doc>Logs the given message with the given level.</doc>
<status status="PASS" start="2024-07-19T05:16:00.276619" elapsed="0.000457"/>
</kw>
<kw name="Log" owner="BuiltIn">
<msg time="2024-07-19T05:16:00.277510" level="INFO">name</msg>
<arg>${key}</arg>
<doc>Logs the given message with the given level.</doc>
<status status="PASS" start="2024-07-19T05:16:00.277384" elapsed="0.000164"/>
</kw>
<var name="${key}">name</var>
<status status="PASS" start="2024-07-19T05:16:00.275931" elapsed="0.001871"/>
</iter>
<iter>
<kw name="Dictionary Should Contain Key" owner="Collections">
<arg>${json_data['results'][0]}</arg>
<arg>${key}</arg>
<doc>Fails if ``key`` is not found from ``dictionary``.</doc>
<status status="PASS" start="2024-07-19T05:16:00.278116" elapsed="0.000388"/>
</kw>
<kw name="Log" owner="BuiltIn">
<msg time="2024-07-19T05:16:00.279056" level="INFO">{'gender': 'female', 'name': {'title': 'Mrs', 'first': 'Jill', 'last': 'Armstrong'}, 'location': {'street': {'number': 4779, 'name': 'Northaven Rd'}, 'city': 'Tweed', 'state': 'New South Wales', 'country': 'Australia', 'postcode': 3780, 'coordinates': {'latitude': '-84.1920', 'longitude': '121.9886'}, 'timezone': {'offset': '+11:00', 'description': 'Magadan, Solomon Islands, New Caledonia'}}, 'email': 'jill.armstrong@example.com', 'login': {'uuid': '70af78e2-fc5c-46ff-97b9-c7472dd7791c', 'username': 'organicrabbit545', 'password': 'rabbit', 'salt': 'WwWz87hB', 'md5': '824bb18c66c6f3cd17e5ceceb8c6faca', 'sha1': '83e2604c85f6eddcf96fedb26df34b0b9bb570b9', 'sha256': '2904f8eb56202c567aa8c7de0063b74bf89dcb406b2a73a767c688599caee84f'}, 'dob': {'date': '1961-11-01T05:04:35.306Z', 'age': 62}, 'registered': {'date': '2011-08-16T08:10:52.690Z', 'age': 12}, 'phone': '08-8445-0725', 'cell': '0442-929-150', 'id': {'name': 'TFN', 'value': '921769066'}, 'picture': {'large': 'https://randomuser.me/api/portraits/women/17.jpg', 'medium': 'https://randomuser.me/api/portraits/med/women/17.jpg', 'thumbnail': 'https://randomuser.me/api/portraits/thumb/women/17.jpg'}, 'nat': 'AU'}</msg>
<arg>${json_data['results'][0]}</arg>
<doc>Logs the given message with the given level.</doc>
<status status="PASS" start="2024-07-19T05:16:00.278704" elapsed="0.000400"/>
</kw>
<kw name="Log" owner="BuiltIn">
<msg time="2024-07-19T05:16:00.279525" level="INFO">location</msg>
<arg>${key}</arg>
<doc>Logs the given message with the given level.</doc>
<status status="PASS" start="2024-07-19T05:16:00.279399" elapsed="0.000163"/>
</kw>
<var name="${key}">location</var>
<status status="PASS" start="2024-07-19T05:16:00.278005" elapsed="0.001773"/>
</iter>
<iter>
<kw name="Dictionary Should Contain Key" owner="Collections">
<arg>${json_data['results'][0]}</arg>
<arg>${key}</arg>
<doc>Fails if ``key`` is not found from ``dictionary``.</doc>
<status status="PASS" start="2024-07-19T05:16:00.280059" elapsed="0.000386"/>
</kw>
<kw name="Log" owner="BuiltIn">
<msg time="2024-07-19T05:16:00.281178" level="INFO">{'gender': 'female', 'name': {'title': 'Mrs', 'first': 'Jill', 'last': 'Armstrong'}, 'location': {'street': {'number': 4779, 'name': 'Northaven Rd'}, 'city': 'Tweed', 'state': 'New South Wales', 'country': 'Australia', 'postcode': 3780, 'coordinates': {'latitude': '-84.1920', 'longitude': '121.9886'}, 'timezone': {'offset': '+11:00', 'description': 'Magadan, Solomon Islands, New Caledonia'}}, 'email': 'jill.armstrong@example.com', 'login': {'uuid': '70af78e2-fc5c-46ff-97b9-c7472dd7791c', 'username': 'organicrabbit545', 'password': 'rabbit', 'salt': 'WwWz87hB', 'md5': '824bb18c66c6f3cd17e5ceceb8c6faca', 'sha1': '83e2604c85f6eddcf96fedb26df34b0b9bb570b9', 'sha256': '2904f8eb56202c567aa8c7de0063b74bf89dcb406b2a73a767c688599caee84f'}, 'dob': {'date': '1961-11-01T05:04:35.306Z', 'age': 62}, 'registered': {'date': '2011-08-16T08:10:52.690Z', 'age': 12}, 'phone': '08-8445-0725', 'cell': '0442-929-150', 'id': {'name': 'TFN', 'value': '921769066'}, 'picture': {'large': 'https://randomuser.me/api/portraits/women/17.jpg', 'medium': 'https://randomuser.me/api/portraits/med/women/17.jpg', 'thumbnail': 'https://randomuser.me/api/portraits/thumb/women/17.jpg'}, 'nat': 'AU'}</msg>
<arg>${json_data['results'][0]}</arg>
<doc>Logs the given message with the given level.</doc>
<status status="PASS" start="2024-07-19T05:16:00.280756" elapsed="0.000478"/>
</kw>
<kw name="Log" owner="BuiltIn">
<msg time="2024-07-19T05:16:00.281779" level="INFO">email</msg>
<arg>${key}</arg>
<doc>Logs the given message with the given level.</doc>
<status status="PASS" start="2024-07-19T05:16:00.281589" elapsed="0.000246"/>
</kw>
<var name="${key}">email</var>
<status status="PASS" start="2024-07-19T05:16:00.279950" elapsed="0.002112"/>
</iter>
<iter>
<kw name="Dictionary Should Contain Key" owner="Collections">
<arg>${json_data['results'][0]}</arg>
<arg>${key}</arg>
<doc>Fails if ``key`` is not found from ``dictionary``.</doc>
<status status="PASS" start="2024-07-19T05:16:00.282354" elapsed="0.000379"/>
</kw>
<kw name="Log" owner="BuiltIn">
<msg time="2024-07-19T05:16:00.283261" level="INFO">{'gender': 'female', 'name': {'title': 'Mrs', 'first': 'Jill', 'last': 'Armstrong'}, 'location': {'street': {'number': 4779, 'name': 'Northaven Rd'}, 'city': 'Tweed', 'state': 'New South Wales', 'country': 'Australia', 'postcode': 3780, 'coordinates': {'latitude': '-84.1920', 'longitude': '121.9886'}, 'timezone': {'offset': '+11:00', 'description': 'Magadan, Solomon Islands, New Caledonia'}}, 'email': 'jill.armstrong@example.com', 'login': {'uuid': '70af78e2-fc5c-46ff-97b9-c7472dd7791c', 'username': 'organicrabbit545', 'password': 'rabbit', 'salt': 'WwWz87hB', 'md5': '824bb18c66c6f3cd17e5ceceb8c6faca', 'sha1': '83e2604c85f6eddcf96fedb26df34b0b9bb570b9', 'sha256': '2904f8eb56202c567aa8c7de0063b74bf89dcb406b2a73a767c688599caee84f'}, 'dob': {'date': '1961-11-01T05:04:35.306Z', 'age': 62}, 'registered': {'date': '2011-08-16T08:10:52.690Z', 'age': 12}, 'phone': '08-8445-0725', 'cell': '0442-929-150', 'id': {'name': 'TFN', 'value': '921769066'}, 'picture': {'large': 'https://randomuser.me/api/portraits/women/17.jpg', 'medium': 'https://randomuser.me/api/portraits/med/women/17.jpg', 'thumbnail': 'https://randomuser.me/api/portraits/thumb/women/17.jpg'}, 'nat': 'AU'}</msg>
<arg>${json_data['results'][0]}</arg>
<doc>Logs the given message with the given level.</doc>
<status status="PASS" start="2024-07-19T05:16:00.282915" elapsed="0.000393"/>
</kw>
<kw name="Log" owner="BuiltIn">
<msg time="2024-07-19T05:16:00.283728" level="INFO">login</msg>
<arg>${key}</arg>
<doc>Logs the given message with the given level.</doc>
<status status="PASS" start="2024-07-19T05:16:00.283601" elapsed="0.000165"/>
</kw>
<var name="${key}">login</var>
<status status="PASS" start="2024-07-19T05:16:00.282236" elapsed="0.001741"/>
</iter>
<var>${key}</var>
<value>@{expected_keys}</value>
<status status="PASS" start="2024-07-19T05:16:00.273696" elapsed="0.010401"/>
</for>
<kw name="Create List" owner="BuiltIn">
<msg time="2024-07-19T05:16:00.284452" level="INFO">${expected_keysTwo} = ['username', 'password']</msg>
<var>${expected_keysTwo}</var>
<arg>username</arg>
<arg>password</arg>
<doc>Returns a list containing given items.</doc>
<status status="PASS" start="2024-07-19T05:16:00.284315" elapsed="0.000161"/>
</kw>
<for flavor="IN">
<iter>
<kw name="Dictionary Should Contain Key" owner="Collections">
<arg>${json_data['results'][0]['login']}</arg>
<arg>${keyTwo}</arg>
<doc>Fails if ``key`` is not found from ``dictionary``.</doc>
<status status="PASS" start="2024-07-19T05:16:00.284976" elapsed="0.000377"/>
</kw>
<kw name="Dictionary Should Contain Key" owner="Collections">
<arg>${json_data['results'][0]['login']}</arg>
<arg>${keyTwo}</arg>
<doc>Fails if ``key`` is not found from ``dictionary``.</doc>
<status status="PASS" start="2024-07-19T05:16:00.285535" elapsed="0.000426"/>
</kw>
<kw name="Log" owner="BuiltIn">
<msg time="2024-07-19T05:16:00.286269" level="INFO">username</msg>
<arg>${keyTwo}</arg>
<doc>Logs the given message with the given level.</doc>
<status status="PASS" start="2024-07-19T05:16:00.286147" elapsed="0.000159"/>
</kw>
<var name="${keyTwo}">username</var>
<status status="PASS" start="2024-07-19T05:16:00.284867" elapsed="0.001659"/>
</iter>
<iter>
<kw name="Dictionary Should Contain Key" owner="Collections">
<arg>${json_data['results'][0]['login']}</arg>
<arg>${keyTwo}</arg>
<doc>Fails if ``key`` is not found from ``dictionary``.</doc>
<status status="PASS" start="2024-07-19T05:16:00.286815" elapsed="0.000381"/>
</kw>
<kw name="Dictionary Should Contain Key" owner="Collections">
<arg>${json_data['results'][0]['login']}</arg>
<arg>${keyTwo}</arg>
<doc>Fails if ``key`` is not found from ``dictionary``.</doc>
<status status="PASS" start="2024-07-19T05:16:00.287376" elapsed="0.000380"/>
</kw>
<kw name="Log" owner="BuiltIn">
<msg time="2024-07-19T05:16:00.288063" level="INFO">password</msg>
<arg>${keyTwo}</arg>
<doc>Logs the given message with the given level.</doc>
<status status="PASS" start="2024-07-19T05:16:00.287935" elapsed="0.000165"/>
</kw>
<var name="${keyTwo}">password</var>
<status status="PASS" start="2024-07-19T05:16:00.286700" elapsed="0.001620"/>
</iter>
<var>${keyTwo}</var>
<value>@{expected_keysTwo}</value>
<status status="PASS" start="2024-07-19T05:16:00.284715" elapsed="0.003725"/>
</for>
<status status="PASS" start="2024-07-19T05:16:00.177377" elapsed="0.111201"/>
</kw>
<doc>Testa a estrutura da resposta da API.</doc>
<tag>testeEstruturaResposta</tag>
<status status="PASS" start="2024-07-19T05:16:00.176891" elapsed="0.111836"/>
</test>
<test id="s1-s1-t4" name="Validar tipos de dados" line="28">
<kw name="Teste de Tipos de Dados" owner="random-user-service">
<kw name="GET On Session" owner="RequestsLibrary">
<msg time="2024-07-19T05:16:00.401696" level="INFO">GET Request : url=https://randomuser.me/api 
 path_url=/api 
 headers={'User-Agent': 'python-requests/2.32.3', 'Accept-Encoding': 'gzip, deflate', 'Accept': '*/*', 'Connection': 'keep-alive'} 
 body=None 
 </msg>
<msg time="2024-07-19T05:16:00.401823" level="INFO">GET Response : url=https://randomuser.me/api 
 status=200, reason=OK 
 headers={'Date': 'Fri, 19 Jul 2024 05:16:00 GMT', 'Content-Type': 'application/json; charset=utf-8', 'Transfer-Encoding': 'chunked', 'Connection': 'keep-alive', 'X-Powered-By': 'Express', 'Access-Control-Allow-Origin': '*', 'Cache-Control': 'no-cache', 'ETag': 'W/"49d-frf/vVohw7JzS+iJjhSbQvUQRsQ"', 'Vary': 'Accept-Encoding', 'Content-Encoding': 'gzip', 'CF-Cache-Status': 'DYNAMIC', 'Report-To': '{"endpoints":[{"url":"https:\\/\\/a.nel.cloudflare.com\\/report\\/v4?s=UtDVt7ufTd9jZ6sI4M0gKcL%2BXOViFzB%2BhrcqdycYTHzcpkpLtK756g%2BEXIDIRC6Sg9T8xRYb%2FuKyh7%2BMZGqPrfBvjELe8ecUHl6FH6DhCkOebI%2ByJ%2F7XTYjFvFKihzfz"}],"group":"cf-nel","max_age":604800}', 'NEL': '{"success_fraction":0,"report_to":"cf-nel","max_age":604800}', 'Server': 'cloudflare', 'CF-RAY': '8a583ca5da1e67dd-SJC', 'alt-svc': 'h3=":443"; ma=86400'} 
 body={"results":[{"gender":"female","name":{"title":"Mademoiselle","first":"Margrith","last":"Lucas"},"location":{"street":{"number":1997,"name":"Rue Jean-Baldassini"},"city":"Hirschthal","state":"Aargau","country":"Switzerland","postcode":7302,"coordinates":{"latitude":"-56.9125","longitude":"107.3529"},"timezone":{"offset":"+9:30","description":"Adelaide, Darwin"}},"email":"margrith.lucas@example.com","login":{"uuid":"a94e3e60-4e21-42cf-9549-840227bf712b","username":"organiclion351","password":"dani","salt":"5lgjV7Lu","md5":"5220a01422fb62bccb161ff7e041b3ec","sha1":"4dba914dfac0f3251a7800e849998e64aca507c2","sha256":"bcd89214f6eaec4e14dc87f647df9fe4f8f7811cb67e55f0e594933244645bb6"},"dob":{"date":"1945-09-05T08:27:38.075Z","age":78},"registered":{"date":"2005-01-22T18:11:38.798Z","age":19},"phone":"079 411 79 25","cell":"076 910 17 91","id":{"name":"AVS","value":"756.8389.0995.56"},"picture":{"large":"https://randomuser.me/api/portraits/women/17.jpg","medium":"https://randomuser.me/api/portraits/med/women/17.jpg","thumbnail":"https://randomuser.me/api/portraits/thumb/women/17.jpg"},"nat":"CH"}],"info":{"seed":"1523d7fe2f920ac6","results":1,"page":1,"version":"1.4"}} 
 </msg>
<msg time="2024-07-19T05:16:00.401902" level="INFO">/opt/hostedtoolcache/Python/3.12.4/x64/lib/python3.12/site-packages/urllib3/connectionpool.py:1099: InsecureRequestWarning: Unverified HTTPS request is being made to host 'randomuser.me'. Adding certificate verification is strongly advised. See: https://urllib3.readthedocs.io/en/latest/advanced-usage.html#tls-warnings
  warnings.warn(</msg>
<msg time="2024-07-19T05:16:00.402044" level="INFO">${response} = &lt;Response [200]&gt;</msg>
<var>${response}</var>
<arg>consultarAPI</arg>
<arg>/api</arg>
<doc>Sends a GET request on a previously created HTTP Session.</doc>
<status status="PASS" start="2024-07-19T05:16:00.291157" elapsed="0.110945"/>
</kw>
<kw name="Set Variable" owner="BuiltIn">
<msg time="2024-07-19T05:16:00.402983" level="INFO">${json_data} = {'results': [{'gender': 'female', 'name': {'title': 'Mademoiselle', 'first': 'Margrith', 'last': 'Lucas'}, 'location': {'street': {'number': 1997, 'name': 'Rue Jean-Baldassini'}, 'city': 'Hirschthal',...</msg>
<var>${json_data}</var>
<arg>${response.json()}</arg>
<doc>Returns the given values which can then be assigned to a variables.</doc>
<status status="PASS" start="2024-07-19T05:16:00.402532" elapsed="0.000480"/>
</kw>
<kw name="Log" owner="BuiltIn">
<msg time="2024-07-19T05:16:00.403475" level="INFO">{'results': [{'gender': 'female', 'name': {'title': 'Mademoiselle', 'first': 'Margrith', 'last': 'Lucas'}, 'location': {'street': {'number': 1997, 'name': 'Rue Jean-Baldassini'}, 'city': 'Hirschthal', 'state': 'Aargau', 'country': 'Switzerland', 'postcode': 7302, 'coordinates': {'latitude': '-56.9125', 'longitude': '107.3529'}, 'timezone': {'offset': '+9:30', 'description': 'Adelaide, Darwin'}}, 'email': 'margrith.lucas@example.com', 'login': {'uuid': 'a94e3e60-4e21-42cf-9549-840227bf712b', 'username': 'organiclion351', 'password': 'dani', 'salt': '5lgjV7Lu', 'md5': '5220a01422fb62bccb161ff7e041b3ec', 'sha1': '4dba914dfac0f3251a7800e849998e64aca507c2', 'sha256': 'bcd89214f6eaec4e14dc87f647df9fe4f8f7811cb67e55f0e594933244645bb6'}, 'dob': {'date': '1945-09-05T08:27:38.075Z', 'age': 78}, 'registered': {'date': '2005-01-22T18:11:38.798Z', 'age': 19}, 'phone': '079 411 79 25', 'cell': '076 910 17 91', 'id': {'name': 'AVS', 'value': '756.8389.0995.56'}, 'picture': {'large': 'https://randomuser.me/api/portraits/women/17.jpg', 'medium': 'https://randomuser.me/api/portraits/med/women/17.jpg', 'thumbnail': 'https://randomuser.me/api/portraits/thumb/women/17.jpg'}, 'nat': 'CH'}], 'info': {'seed': '1523d7fe2f920ac6', 'results': 1, 'page': 1, 'version': '1.4'}}</msg>
<arg>${json_data}</arg>
<doc>Logs the given message with the given level.</doc>
<status status="PASS" start="2024-07-19T05:16:00.403320" elapsed="0.000204"/>
</kw>
<kw name="Should Be String" owner="String">
<arg>${json_data['results'][0]['gender']}</arg>
<doc>Fails if the given ``item`` is not a string.</doc>
<status status="PASS" start="2024-07-19T05:16:00.403821" elapsed="0.000367"/>
</kw>
<kw name="Should Match Regexp" owner="BuiltIn">
<arg>${json_data['results'][0]['email']}</arg>
<arg>^[a-zA-Z0-9._%+-]+@[a-zA-Z0-9.-]+\.[a-zA-Z]{2,}$</arg>
<doc>Fails if ``string`` does not match ``pattern`` as a regular expression.</doc>
<status status="PASS" start="2024-07-19T05:16:00.404414" elapsed="0.000508"/>
</kw>
<kw name="Should Match Regexp" owner="BuiltIn">
<arg>${json_data['results'][0]['dob']['date']}</arg>
<arg>\\d{4}-\\d{2}-\\d{2}T\\d{2}:\\d{2}:\\d{2}\\.\\d{3}Z</arg>
<doc>Fails if ``string`` does not match ``pattern`` as a regular expression.</doc>
<status status="PASS" start="2024-07-19T05:16:00.405122" elapsed="0.000592"/>
</kw>
<kw name="Should Match Regexp" owner="BuiltIn">
<arg>${json_data['results'][0]['registered']['date']}</arg>
<arg>\\d{4}-\\d{2}-\\d{2}T\\d{2}:\\d{2}:\\d{2}\\.\\d{3}Z</arg>
<doc>Fails if ``string`` does not match ``pattern`` as a regular expression.</doc>
<status status="PASS" start="2024-07-19T05:16:00.405960" elapsed="0.000376"/>
</kw>
<kw name="Should Match Regexp" owner="BuiltIn">
<arg>${json_data['results'][0]['picture']['large']}</arg>
<arg>^https?://.*\.(?:png|jpe?g|gif|bmp)$</arg>
<doc>Fails if ``string`` does not match ``pattern`` as a regular expression.</doc>
<status status="PASS" start="2024-07-19T05:16:00.406527" elapsed="0.000462"/>
</kw>
<kw name="Should Match Regexp" owner="BuiltIn">
<arg>${json_data['results'][0]['picture']['medium']}</arg>
<arg>^https?://.*\.(?:png|jpe?g|gif|bmp)$</arg>
<doc>Fails if ``string`` does not match ``pattern`` as a regular expression.</doc>
<status status="PASS" start="2024-07-19T05:16:00.407183" elapsed="0.000353"/>
</kw>
<kw name="Should Match Regexp" owner="BuiltIn">
<arg>${json_data['results'][0]['picture']['thumbnail']}</arg>
<arg>^https?://.*\.(?:png|jpe?g|gif|bmp)$</arg>
<doc>Fails if ``string`` does not match ``pattern`` as a regular expression.</doc>
<status status="PASS" start="2024-07-19T05:16:00.407723" elapsed="0.000345"/>
</kw>
<kw name="Log" owner="BuiltIn">
<msg time="2024-07-19T05:16:00.408575" level="INFO">{'large': 'https://randomuser.me/api/portraits/women/17.jpg', 'medium': 'https://randomuser.me/api/portraits/med/women/17.jpg', 'thumbnail': 'https://randomuser.me/api/portraits/thumb/women/17.jpg'}</msg>
<arg>${json_data['results'][0]['picture']}</arg>
<doc>Logs the given message with the given level.</doc>
<status status="PASS" start="2024-07-19T05:16:00.408250" elapsed="0.000367"/>
</kw>
<status status="PASS" start="2024-07-19T05:16:00.290944" elapsed="0.117927"/>
</kw>
<kw name="Teste de Tipos de Dados - Postcode" owner="random-user-service">
<kw name="GET On Session" owner="RequestsLibrary">
<msg time="2024-07-19T05:16:00.498658" level="INFO">GET Request : url=https://randomuser.me/api 
 path_url=/api 
 headers={'User-Agent': 'python-requests/2.32.3', 'Accept-Encoding': 'gzip, deflate', 'Accept': '*/*', 'Connection': 'keep-alive'} 
 body=None 
 </msg>
<msg time="2024-07-19T05:16:00.498721" level="INFO">GET Response : url=https://randomuser.me/api 
 status=200, reason=OK 
 headers={'Date': 'Fri, 19 Jul 2024 05:16:00 GMT', 'Content-Type': 'application/json; charset=utf-8', 'Transfer-Encoding': 'chunked', 'Connection': 'keep-alive', 'X-Powered-By': 'Express', 'Access-Control-Allow-Origin': '*', 'Cache-Control': 'no-cache', 'ETag': 'W/"48d-ydhoeYbjmJTM4pnKAo+mLX72Blw"', 'Vary': 'Accept-Encoding', 'Content-Encoding': 'gzip', 'CF-Cache-Status': 'DYNAMIC', 'Report-To': '{"endpoints":[{"url":"https:\\/\\/a.nel.cloudflare.com\\/report\\/v4?s=Lk59nHSY98JuBqP3cuKXXqLSQV8FhWmMIusHqI14G7e43Yy1pbQCCPFBo%2FoB15J4KqbVd3yJZutbCEenpzg4NM8gUcPMMDQx3gU6do42fkOiOzCyqd76y7QZeCtNeTXX"}],"group":"cf-nel","max_age":604800}', 'NEL': '{"success_fraction":0,"report_to":"cf-nel","max_age":604800}', 'Server': 'cloudflare', 'CF-RAY': '8a583ca69af767dd-SJC', 'alt-svc': 'h3=":443"; ma=86400'} 
 body={"results":[{"gender":"male","name":{"title":"Monsieur","first":"Besim","last":"Simon"},"location":{"street":{"number":7532,"name":"Rue Laure-Diebold"},"city":"Oulens-Sous-Echallens","state":"Glarus","country":"Switzerland","postcode":1783,"coordinates":{"latitude":"-58.9170","longitude":"-157.9819"},"timezone":{"offset":"+3:30","description":"Tehran"}},"email":"besim.simon@example.com","login":{"uuid":"2f9cea5b-670b-46af-a8f8-0d1115a4923c","username":"whitelion129","password":"juventus","salt":"yCaTzN75","md5":"8368589940775710d6a72aeac3a3debe","sha1":"c3ad57b646fcb9ebd6e1e55bc1719a0f509e2e2a","sha256":"7e13a440f6ecc19a4f674b4475991016d86c471028fc0e5b7439b18606a54bb9"},"dob":{"date":"1991-02-25T09:53:21.485Z","age":33},"registered":{"date":"2004-06-19T13:57:44.761Z","age":20},"phone":"076 626 12 89","cell":"079 518 18 03","id":{"name":"AVS","value":"756.0600.5650.44"},"picture":{"large":"https://randomuser.me/api/portraits/men/11.jpg","medium":"https://randomuser.me/api/portraits/med/men/11.jpg","thumbnail":"https://randomuser.me/api/portraits/thumb/men/11.jpg"},"nat":"CH"}],"info":{"seed":"5f03b7cc19fbbcf7","results":1,"page":1,"version":"1.4"}} 
 </msg>
<msg time="2024-07-19T05:16:00.498777" level="INFO">/opt/hostedtoolcache/Python/3.12.4/x64/lib/python3.12/site-packages/urllib3/connectionpool.py:1099: InsecureRequestWarning: Unverified HTTPS request is being made to host 'randomuser.me'. Adding certificate verification is strongly advised. See: https://urllib3.readthedocs.io/en/latest/advanced-usage.html#tls-warnings
  warnings.warn(</msg>
<msg time="2024-07-19T05:16:00.498885" level="INFO">${response} = &lt;Response [200]&gt;</msg>
<var>${response}</var>
<arg>consultarAPI</arg>
<arg>/api</arg>
<doc>Sends a GET request on a previously created HTTP Session.</doc>
<status status="PASS" start="2024-07-19T05:16:00.409299" elapsed="0.089632"/>
</kw>
<kw name="Set Variable" owner="BuiltIn">
<msg time="2024-07-19T05:16:00.499768" level="INFO">${json_data} = {'results': [{'gender': 'male', 'name': {'title': 'Monsieur', 'first': 'Besim', 'last': 'Simon'}, 'location': {'street': {'number': 7532, 'name': 'Rue Laure-Diebold'}, 'city': 'Oulens-Sous-Echallens',...</msg>
<var>${json_data}</var>
<arg>${response.json()}</arg>
<doc>Returns the given values which can then be assigned to a variables.</doc>
<status status="PASS" start="2024-07-19T05:16:00.499322" elapsed="0.000475"/>
</kw>
<kw name="Log" owner="BuiltIn">
<msg time="2024-07-19T05:16:00.500258" level="INFO">{'results': [{'gender': 'male', 'name': {'title': 'Monsieur', 'first': 'Besim', 'last': 'Simon'}, 'location': {'street': {'number': 7532, 'name': 'Rue Laure-Diebold'}, 'city': 'Oulens-Sous-Echallens', 'state': 'Glarus', 'country': 'Switzerland', 'postcode': 1783, 'coordinates': {'latitude': '-58.9170', 'longitude': '-157.9819'}, 'timezone': {'offset': '+3:30', 'description': 'Tehran'}}, 'email': 'besim.simon@example.com', 'login': {'uuid': '2f9cea5b-670b-46af-a8f8-0d1115a4923c', 'username': 'whitelion129', 'password': 'juventus', 'salt': 'yCaTzN75', 'md5': '8368589940775710d6a72aeac3a3debe', 'sha1': 'c3ad57b646fcb9ebd6e1e55bc1719a0f509e2e2a', 'sha256': '7e13a440f6ecc19a4f674b4475991016d86c471028fc0e5b7439b18606a54bb9'}, 'dob': {'date': '1991-02-25T09:53:21.485Z', 'age': 33}, 'registered': {'date': '2004-06-19T13:57:44.761Z', 'age': 20}, 'phone': '076 626 12 89', 'cell': '079 518 18 03', 'id': {'name': 'AVS', 'value': '756.0600.5650.44'}, 'picture': {'large': 'https://randomuser.me/api/portraits/men/11.jpg', 'medium': 'https://randomuser.me/api/portraits/med/men/11.jpg', 'thumbnail': 'https://randomuser.me/api/portraits/thumb/men/11.jpg'}, 'nat': 'CH'}], 'info': {'seed': '5f03b7cc19fbbcf7', 'results': 1, 'page': 1, 'version': '1.4'}}</msg>
<arg>${json_data}</arg>
<doc>Logs the given message with the given level.</doc>
<status status="PASS" start="2024-07-19T05:16:00.500105" elapsed="0.000201"/>
</kw>
<kw name="Should Be Equal As Numbers" owner="BuiltIn">
<arg>${json_data['results'][0]['location']['postcode']}</arg>
<arg>${json_data['results'][0]['location']['postcode']}</arg>
<doc>Fails if objects are unequal after converting them to real numbers.</doc>
<status status="PASS" start="2024-07-19T05:16:00.500600" elapsed="0.000637"/>
</kw>
<kw name="Log" owner="BuiltIn">
<msg time="2024-07-19T05:16:00.501863" level="INFO">1783</msg>
<arg>${json_data['results'][0]['location']['postcode']}</arg>
<doc>Logs the given message with the given level.</doc>
<status status="PASS" start="2024-07-19T05:16:00.501465" elapsed="0.000442"/>
</kw>
<status status="PASS" start="2024-07-19T05:16:00.409082" elapsed="0.093083"/>
</kw>
<doc>Testa se os tipos de dados na resposta da API estão corretos.</doc>
<tag>testeTiposDados</tag>
<status status="PASS" start="2024-07-19T05:16:00.290520" elapsed="0.211805"/>
</test>
<test id="s1-s1-t5" name="Validar conteudo" line="35">
<kw name="Teste de Tipos de Conteudo" owner="random-user-service">
<kw name="GET On Session" owner="RequestsLibrary">
<msg time="2024-07-19T05:16:00.595660" level="INFO">GET Request : url=https://randomuser.me/api 
 path_url=/api 
 headers={'User-Agent': 'python-requests/2.32.3', 'Accept-Encoding': 'gzip, deflate', 'Accept': '*/*', 'Connection': 'keep-alive'} 
 body=None 
 </msg>
<msg time="2024-07-19T05:16:00.595726" level="INFO">GET Response : url=https://randomuser.me/api 
 status=200, reason=OK 
 headers={'Date': 'Fri, 19 Jul 2024 05:16:00 GMT', 'Content-Type': 'application/json; charset=utf-8', 'Transfer-Encoding': 'chunked', 'Connection': 'keep-alive', 'X-Powered-By': 'Express', 'Access-Control-Allow-Origin': '*', 'Cache-Control': 'no-cache', 'ETag': 'W/"4a6-3yy8gHGBUrTEO2RHFN9dDC8Xnl4"', 'Vary': 'Accept-Encoding', 'Content-Encoding': 'gzip', 'CF-Cache-Status': 'DYNAMIC', 'Report-To': '{"endpoints":[{"url":"https:\\/\\/a.nel.cloudflare.com\\/report\\/v4?s=vppIDFuuiKFGZkay6d%2Fr1QOuGFGKx1ziYJAjrDCjOmirrXTu30IsWXf3UHiHUuH6N9TIDb1eQ%2BZT%2FNHVmR%2FRfzhgqE4qZPbS3z8S1s0rYkVLpVjD9qelgM17IO7ZFN9F"}],"group":"cf-nel","max_age":604800}', 'NEL': '{"success_fraction":0,"report_to":"cf-nel","max_age":604800}', 'Server': 'cloudflare', 'CF-RAY': '8a583ca72ba867dd-SJC', 'alt-svc': 'h3=":443"; ma=86400'} 
 body={"results":[{"gender":"male","name":{"title":"Mr","first":"Jordão","last":"Aragão"},"location":{"street":{"number":9828,"name":"Beco dos Namorados"},"city":"Lauro de Freitas","state":"São Paulo","country":"Brazil","postcode":33464,"coordinates":{"latitude":"-74.6804","longitude":"-39.3578"},"timezone":{"offset":"-3:00","description":"Brazil, Buenos Aires, Georgetown"}},"email":"jordao.aragao@example.com","login":{"uuid":"805f17e4-fde4-46e5-abd6-bcfad22d6d14","username":"ticklishgorilla751","password":"racecar","salt":"0Y3rA5vk","md5":"0832266e8831347049e30de4fe1ac30c","sha1":"713ad63843987bbeaeb83b8abd8fdfe9d8a12ffe","sha256":"b98ff8aa60a0218ae1a2b11586131ff464c5a40af0aa9a082dd4b7d942daeb9f"},"dob":{"date":"1989-02-19T05:06:16.687Z","age":35},"registered":{"date":"2022-01-24T14:41:53.511Z","age":2},"phone":"(81) 1838-1247","cell":"(63) 5636-1610","id":{"name":"CPF","value":"817.301.478-19"},"picture":{"large":"https://randomuser.me/api/portraits/men/64.jpg","medium":"https://randomuser.me/api/portraits/med/men/64.jpg","thumbnail":"https://randomuser.me/api/portraits/thumb/men/64.jpg"},"nat":"BR"}],"info":{"seed":"9c1e719c27012d89","results":1,"page":1,"version":"1.4"}} 
 </msg>
<msg time="2024-07-19T05:16:00.595783" level="INFO">/opt/hostedtoolcache/Python/3.12.4/x64/lib/python3.12/site-packages/urllib3/connectionpool.py:1099: InsecureRequestWarning: Unverified HTTPS request is being made to host 'randomuser.me'. Adding certificate verification is strongly advised. See: https://urllib3.readthedocs.io/en/latest/advanced-usage.html#tls-warnings
  warnings.warn(</msg>
<msg time="2024-07-19T05:16:00.595891" level="INFO">${response} = &lt;Response [200]&gt;</msg>
<var>${response}</var>
<arg>consultarAPI</arg>
<arg>/api</arg>
<doc>Sends a GET request on a previously created HTTP Session.</doc>
<status status="PASS" start="2024-07-19T05:16:00.504828" elapsed="0.091107"/>
</kw>
<kw name="Set Variable" owner="BuiltIn">
<msg time="2024-07-19T05:16:00.596752" level="INFO">${json_data} = {'results': [{'gender': 'male', 'name': {'title': 'Mr', 'first': 'Jordão', 'last': 'Aragão'}, 'location': {'street': {'number': 9828, 'name': 'Beco dos Namorados'}, 'city': 'Lauro de Freitas', 'state'...</msg>
<var>${json_data}</var>
<arg>${response.json()}</arg>
<doc>Returns the given values which can then be assigned to a variables.</doc>
<status status="PASS" start="2024-07-19T05:16:00.596294" elapsed="0.000489"/>
</kw>
<kw name="Set Variable" owner="BuiltIn">
<msg time="2024-07-19T05:16:00.597503" level="INFO">${name_title} = Mr</msg>
<var>${name_title}</var>
<arg>${json_data["results"][0]["name"]["title"]}</arg>
<doc>Returns the given values which can then be assigned to a variables.</doc>
<status status="PASS" start="2024-07-19T05:16:00.597105" elapsed="0.000425"/>
</kw>
<kw name="Create List" owner="BuiltIn">
<msg time="2024-07-19T05:16:00.598028" level="INFO">${allowed_titles} = ['Mr', 'Ms', 'Miss', 'Mrs', 'Madame', 'Monsieur']</msg>
<var>${allowed_titles}</var>
<arg>Mr</arg>
<arg>Ms</arg>
<arg>Miss</arg>
<arg>Mrs</arg>
<arg>Madame</arg>
<arg>Monsieur</arg>
<doc>Returns a list containing given items.</doc>
<status status="PASS" start="2024-07-19T05:16:00.597872" elapsed="0.000182"/>
</kw>
<kw name="List Should Contain Value" owner="Collections">
<arg>${allowed_titles}</arg>
<arg>${name_title}</arg>
<doc>Fails if the ``value`` is not found from ``list``.</doc>
<status status="PASS" start="2024-07-19T05:16:00.598365" elapsed="0.000184"/>
</kw>
<kw name="Set Variable" owner="BuiltIn">
<msg time="2024-07-19T05:16:00.599122" level="INFO">${name_country} = BR</msg>
<var>${name_country}</var>
<arg>${json_data["results"][0]["nat"]}</arg>
<doc>Returns the given values which can then be assigned to a variables.</doc>
<status status="PASS" start="2024-07-19T05:16:00.598741" elapsed="0.000408"/>
</kw>
<kw name="Create List" owner="BuiltIn">
<msg time="2024-07-19T05:16:00.600074" level="INFO">${list_country} = ['AD', 'AE', 'AF', 'AG', 'AI', 'AL', 'AM', 'AO', 'AQ', 'AR', 'AS', 'AT', 'AU', 'AW', 'AX', 'AZ', 'BA', 'BB', 'BD', 'BE', 'BF', 'BG', 'BH', 'BI', 'BJ', 'BL', 'BM', 'BN', 'BO', 'BQ', 'BR', 'BS', 'BT', '...</msg>
<var>${list_country}</var>
<arg>AD</arg>
<arg>AE</arg>
<arg>AF</arg>
<arg>AG</arg>
<arg>AI</arg>
<arg>AL</arg>
<arg>AM</arg>
<arg>AO</arg>
<arg>AQ</arg>
<arg>AR</arg>
<arg>AS</arg>
<arg>AT</arg>
<arg>AU</arg>
<arg>AW</arg>
<arg>AX</arg>
<arg>AZ</arg>
<arg>BA</arg>
<arg>BB</arg>
<arg>BD</arg>
<arg>BE</arg>
<arg>BF</arg>
<arg>BG</arg>
<arg>BH</arg>
<arg>BI</arg>
<arg>BJ</arg>
<arg>BL</arg>
<arg>BM</arg>
<arg>BN</arg>
<arg>BO</arg>
<arg>BQ</arg>
<arg>BR</arg>
<arg>BS</arg>
<arg>BT</arg>
<arg>BV</arg>
<arg>BW</arg>
<arg>BY</arg>
<arg>BZ</arg>
<arg>CA</arg>
<arg>CC</arg>
<arg>CD</arg>
<arg>CF</arg>
<arg>CG</arg>
<arg>CH</arg>
<arg>CI</arg>
<arg>CK</arg>
<arg>CL</arg>
<arg>CM</arg>
<arg>CN</arg>
<arg>CO</arg>
<arg>CR</arg>
<arg>CU</arg>
<arg>CV</arg>
<arg>CW</arg>
<arg>CX</arg>
<arg>CY</arg>
<arg>CZ</arg>
<arg>DE</arg>
<arg>DJ</arg>
<arg>DK</arg>
<arg>DM</arg>
<arg>DO</arg>
<arg>DZ</arg>
<arg>EC</arg>
<arg>EE</arg>
<arg>EG</arg>
<arg>EH</arg>
<arg>ER</arg>
<arg>ES</arg>
<arg>ET</arg>
<arg>FI</arg>
<arg>FJ</arg>
<arg>FK</arg>
<arg>FM</arg>
<arg>FO</arg>
<arg>FR</arg>
<arg>GA</arg>
<arg>GB</arg>
<arg>GD</arg>
<arg>GE</arg>
<arg>GF</arg>
<arg>GG</arg>
<arg>GH</arg>
<arg>GI</arg>
<arg>GL</arg>
<arg>GM</arg>
<arg>GN</arg>
<arg>GP</arg>
<arg>GQ</arg>
<arg>GR</arg>
<arg>GS</arg>
<arg>GT</arg>
<arg>GU</arg>
<arg>GW</arg>
<arg>GY</arg>
<arg>HK</arg>
<arg>HM</arg>
<arg>HN</arg>
<arg>HR</arg>
<arg>HT</arg>
<arg>HU</arg>
<arg>ID</arg>
<arg>IE</arg>
<arg>IL</arg>
<arg>IM</arg>
<arg>IN</arg>
<arg>IO</arg>
<arg>IQ</arg>
<arg>IR</arg>
<arg>IS</arg>
<arg>IT</arg>
<arg>JE</arg>
<arg>JM</arg>
<arg>JO</arg>
<arg>JP</arg>
<arg>KE</arg>
<arg>KG</arg>
<arg>KH</arg>
<arg>KI</arg>
<arg>KM</arg>
<arg>KN</arg>
<arg>KP</arg>
<arg>KR</arg>
<arg>KW</arg>
<arg>KY</arg>
<arg>KZ</arg>
<arg>LA</arg>
<arg>LB</arg>
<arg>LC</arg>
<arg>LI</arg>
<arg>LK</arg>
<arg>LR</arg>
<arg>LS</arg>
<arg>LT</arg>
<arg>LU</arg>
<arg>LV</arg>
<arg>LY</arg>
<arg>MA</arg>
<arg>MC</arg>
<arg>MD</arg>
<arg>ME</arg>
<arg>MF</arg>
<arg>MG</arg>
<arg>MH</arg>
<arg>MK</arg>
<arg>ML</arg>
<arg>MM</arg>
<arg>MN</arg>
<arg>MO</arg>
<arg>MP</arg>
<arg>MQ</arg>
<arg>MR</arg>
<arg>MS</arg>
<arg>MT</arg>
<arg>MU</arg>
<arg>MV</arg>
<arg>MW</arg>
<arg>MX</arg>
<arg>MY</arg>
<arg>MZ</arg>
<arg>NA</arg>
<arg>NC</arg>
<arg>NE</arg>
<arg>NF</arg>
<arg>NG</arg>
<arg>NI</arg>
<arg>NL</arg>
<arg>NO</arg>
<arg>NP</arg>
<arg>NR</arg>
<arg>NU</arg>
<arg>NZ</arg>
<arg>OM</arg>
<arg>PA</arg>
<arg>PE</arg>
<arg>PF</arg>
<arg>PG</arg>
<arg>PH</arg>
<arg>PK</arg>
<arg>PL</arg>
<arg>PM</arg>
<arg>PN</arg>
<arg>PR</arg>
<arg>PS</arg>
<arg>PT</arg>
<arg>PW</arg>
<arg>PY</arg>
<arg>QA</arg>
<arg>RE</arg>
<arg>RO</arg>
<arg>RS</arg>
<arg>RU</arg>
<arg>RW</arg>
<arg>SA</arg>
<arg>SB</arg>
<arg>SC</arg>
<arg>SD</arg>
<arg>SE</arg>
<arg>SG</arg>
<arg>SH</arg>
<arg>SI</arg>
<arg>SJ</arg>
<arg>SK</arg>
<arg>SL</arg>
<arg>SM</arg>
<arg>SN</arg>
<arg>SO</arg>
<arg>SR</arg>
<arg>SS</arg>
<arg>ST</arg>
<arg>SV</arg>
<arg>SX</arg>
<arg>SY</arg>
<arg>SZ</arg>
<arg>TC</arg>
<arg>TD</arg>
<arg>TF</arg>
<arg>TG</arg>
<arg>TH</arg>
<arg>TJ</arg>
<arg>TK</arg>
<arg>TL</arg>
<arg>TM</arg>
<arg>TN</arg>
<arg>TO</arg>
<arg>TR</arg>
<arg>TT</arg>
<arg>TV</arg>
<arg>TW</arg>
<arg>TZ</arg>
<arg>UA</arg>
<arg>UG</arg>
<arg>UM</arg>
<arg>US</arg>
<arg>UY</arg>
<arg>UZ</arg>
<arg>VA</arg>
<arg>VC</arg>
<arg>VE</arg>
<arg>VG</arg>
<arg>VI</arg>
<arg>VN</arg>
<arg>VU</arg>
<arg>WF</arg>
<arg>WS</arg>
<arg>XK</arg>
<arg>YE</arg>
<arg>YT</arg>
<arg>ZA</arg>
<arg>ZM</arg>
<arg>ZW</arg>
<doc>Returns a list containing given items.</doc>
<status status="PASS" start="2024-07-19T05:16:00.599456" elapsed="0.000644"/>
</kw>
<kw name="List Should Contain Value" owner="Collections">
<arg>${list_country}</arg>
<arg>${name_country}</arg>
<doc>Fails if the ``value`` is not found from ``list``.</doc>
<status status="PASS" start="2024-07-19T05:16:00.601051" elapsed="0.000214"/>
</kw>
<kw name="Run Keyword If" owner="BuiltIn">
<kw name="Should Be True" owner="BuiltIn">
<arg>${True}</arg>
<doc>Fails if the given condition is not true.</doc>
<status status="PASS" start="2024-07-19T05:16:00.602246" elapsed="0.000141"/>
</kw>
<arg>${json_data["results"][0]["location"]["coordinates"]["latitude"]} &gt;= -90 and ${json_data["results"][0]["location"]["coordinates"]["latitude"]} &lt;= 90</arg>
<arg>Should Be True</arg>
<arg>${True}</arg>
<doc>Runs the given keyword with the given arguments, if ``condition`` is true.</doc>
<status status="PASS" start="2024-07-19T05:16:00.601469" elapsed="0.001047"/>
</kw>
<kw name="Run Keyword If" owner="BuiltIn">
<kw name="Should Be True" owner="BuiltIn">
<arg>${True}</arg>
<doc>Fails if the given condition is not true.</doc>
<status status="PASS" start="2024-07-19T05:16:00.603398" elapsed="0.000136"/>
</kw>
<arg>${json_data["results"][0]["location"]["coordinates"]["longitude"]} &gt;= -180 and ${json_data["results"][0]["location"]["coordinates"]["longitude"]} &lt;= 180</arg>
<arg>Should Be True</arg>
<arg>${True}</arg>
<doc>Runs the given keyword with the given arguments, if ``condition`` is true.</doc>
<status status="PASS" start="2024-07-19T05:16:00.602703" elapsed="0.000954"/>
</kw>
<status status="PASS" start="2024-07-19T05:16:00.504609" elapsed="0.099178"/>
</kw>
<doc>Testa o conteúdo específico dos campos retornados pela API.</doc>
<tag>testeConteudo</tag>
<status status="PASS" start="2024-07-19T05:16:00.504103" elapsed="0.099827"/>
</test>
<status status="PASS" start="2024-07-19T05:15:59.610014" elapsed="0.995841"/>
</suite>
<status status="PASS" start="2024-07-19T05:15:59.595908" elapsed="1.014876"/>
</suite>
<statistics>
<total>
<stat pass="5" fail="0" skip="0">All Tests</stat>
</total>
<tag>
<stat pass="1" fail="0" skip="0">testeConteudo</stat>
<stat pass="1" fail="0" skip="0">testeEstruturaResposta</stat>
<stat pass="1" fail="0" skip="0">testeRequisicaoBasica</stat>
<stat pass="1" fail="0" skip="0">testeTiposDados</stat>
</tag>
<suite>
<stat pass="5" fail="0" skip="0" id="s1" name="Tests">Tests</stat>
<stat pass="5" fail="0" skip="0" id="s1-s1" name="Random-User-Test">Tests.Random-User-Test</stat>
</suite>
</statistics>
<errors>
</errors>
</robot>
