<?xml version="1.0" encoding="UTF-8"?>
<robot generator="Robot 7.0 (Python 3.12.2 on linux)" generated="2024-03-29T09:13:24.280843" rpa="false" schemaversion="5">
<suite id="s1" name="Tests" source="/home/runner/work/DesafioQAItauRogerioJordao/DesafioQAItauRogerioJordao/RamdonUser/tests">
<suite id="s1-s1" name="Random-User-Test" source="/home/runner/work/DesafioQAItauRogerioJordao/DesafioQAItauRogerioJordao/RamdonUser/tests/random-user-test.robot">
<test id="s1-s1-t1" name="Conectar" line="13">
<kw name="Conectar API" owner="random-user-service">
<kw name="Create Session" owner="RequestsLibrary">
<msg time="2024-03-29T09:13:24.702948" level="INFO">Creating Session using : alias=consultarAPI, url=https://randomuser.me/, headers={},                     cookies={}, auth=None, timeout=None, proxies=None, verify=False,                     debug=0 </msg>
<arg>consultarAPI</arg>
<arg>${URL}</arg>
<doc>Create Session: create a HTTP session to a server</doc>
<status status="PASS" start="2024-03-29T09:13:24.702750" elapsed="0.000367"/>
</kw>
<status status="PASS" start="2024-03-29T09:13:24.701738" elapsed="0.001765"/>
</kw>
<status status="PASS" start="2024-03-29T09:13:24.701212" elapsed="0.002510"/>
</test>
<test id="s1-s1-t2" name="Validar retorno 200 e JSON Válido" line="16">
<kw name="Teste de Requisicao Basica" owner="random-user-service">
<kw name="GET On Session" owner="RequestsLibrary">
<msg time="2024-03-29T09:13:24.799653" level="INFO">GET Request : url=https://randomuser.me/api 
 path_url=/api 
 headers={'User-Agent': 'python-requests/2.31.0', 'Accept-Encoding': 'gzip, deflate', 'Accept': '*/*', 'Connection': 'keep-alive'} 
 body=None 
 </msg>
<msg time="2024-03-29T09:13:24.799755" level="INFO">GET Response : url=https://randomuser.me/api 
 status=200, reason=OK 
 headers={'Date': 'Fri, 29 Mar 2024 09:13:24 GMT', 'Content-Type': 'application/json; charset=utf-8', 'Transfer-Encoding': 'chunked', 'Connection': 'keep-alive', 'X-Powered-By': 'Express', 'Access-Control-Allow-Origin': '*', 'Cache-Control': 'no-cache', 'ETag': 'W/"486-HfgHM5EsdSGXs9Ue++x5kmsrrNE"', 'Vary': 'Accept-Encoding', 'Content-Encoding': 'gzip', 'CF-Cache-Status': 'DYNAMIC', 'Report-To': '{"endpoints":[{"url":"https:\\/\\/a.nel.cloudflare.com\\/report\\/v4?s=2UfTmasJ5O%2FlBeMoArwQWlkWc%2Febti6Ywk2gvo2ASMpgZUbmibPNoMvpFNIPpr1TZ%2BjyxkhcYIHf7KjHjvaXfWszmoQX9ZwEk82NAF9wuQVFdrMjvoew65HwMHlBqskQ"}],"group":"cf-nel","max_age":604800}', 'NEL': '{"success_fraction":0,"report_to":"cf-nel","max_age":604800}', 'Server': 'cloudflare', 'CF-RAY': '86bebe69ae5e1148-ORD', 'alt-svc': 'h3=":443"; ma=86400'} 
 body={"results":[{"gender":"female","name":{"title":"Miss","first":"Jasmina","last":"Radovanović"},"location":{"street":{"number":432,"name":"Mitra Vasića"},"city":"Apatin","state":"Nišava","country":"Serbia","postcode":57072,"coordinates":{"latitude":"60.6946","longitude":"3.2717"},"timezone":{"offset":"-3:30","description":"Newfoundland"}},"email":"jasmina.radovanovic@example.com","login":{"uuid":"59450806-8210-4f2a-ac80-30643dcd72a6","username":"angryelephant153","password":"kevin1","salt":"lgc7lOPV","md5":"e646d9a2bc26a3734caabf07d5b6f2cd","sha1":"b00b761c7568743281ab0c8cd965d9ddd4508e20","sha256":"d9257f63e829bc1050ae9b4f711e4bf6a68399c73133ded56584b140d2117085"},"dob":{"date":"1968-04-01T11:26:30.711Z","age":55},"registered":{"date":"2008-05-15T14:20:57.879Z","age":15},"phone":"037-8416-373","cell":"064-7732-901","id":{"name":"SID","value":"256437270"},"picture":{"large":"https://randomuser.me/api/portraits/women/18.jpg","medium":"https://randomuser.me/api/portraits/med/women/18.jpg","thumbnail":"https://randomuser.me/api/portraits/thumb/women/18.jpg"},"nat":"RS"}],"info":{"seed":"04862cc8c49e2578","results":1,"page":1,"version":"1.4"}} 
 </msg>
<msg time="2024-03-29T09:13:24.799845" level="INFO">/opt/hostedtoolcache/Python/3.12.2/x64/lib/python3.12/site-packages/urllib3/connectionpool.py:1103: InsecureRequestWarning: Unverified HTTPS request is being made to host 'randomuser.me'. Adding certificate verification is strongly advised. See: https://urllib3.readthedocs.io/en/latest/advanced-usage.html#tls-warnings
  warnings.warn(</msg>
<msg time="2024-03-29T09:13:24.799949" level="INFO">${response} = &lt;Response [200]&gt;</msg>
<var>${response}</var>
<arg>consultarAPI</arg>
<arg>/api</arg>
<doc>Sends a GET request on a previously created HTTP Session.</doc>
<status status="PASS" start="2024-03-29T09:13:24.706346" elapsed="0.093639"/>
</kw>
<kw name="Should Be Equal As Numbers" owner="BuiltIn">
<msg time="2024-03-29T09:13:24.800779" level="INFO">Argument types are:
&lt;class 'int'&gt;
&lt;class 'str'&gt;</msg>
<arg>${response.status_code}</arg>
<arg>200</arg>
<doc>Fails if objects are unequal after converting them to real numbers.</doc>
<status status="PASS" start="2024-03-29T09:13:24.800366" elapsed="0.000471"/>
</kw>
<kw name="Log" owner="BuiltIn">
<msg time="2024-03-29T09:13:24.801529" level="INFO">200</msg>
<arg>${response.status_code}</arg>
<doc>Logs the given message with the given level.</doc>
<status status="PASS" start="2024-03-29T09:13:24.801158" elapsed="0.000416"/>
</kw>
<kw name="Set Variable" owner="BuiltIn">
<msg time="2024-03-29T09:13:24.802340" level="INFO">${json_data} = {'results': [{'gender': 'female', 'name': {'title': 'Miss', 'first': 'Jasmina', 'last': 'Radovanović'}, 'location': {'street': {'number': 432, 'name': 'Mitra Vasića'}, 'city': 'Apatin', 'state': 'Niša...</msg>
<var>${json_data}</var>
<arg>${response.json()}</arg>
<doc>Returns the given values which can then be assigned to a variables.</doc>
<status status="PASS" start="2024-03-29T09:13:24.801884" elapsed="0.000487"/>
</kw>
<kw name="Dictionary Should Contain Key" owner="Collections">
<msg time="2024-03-29T09:13:24.802847" level="INFO">False</msg>
<arg>${json_data}</arg>
<arg>results</arg>
<doc>Fails if ``key`` is not found from ``dictionary``.</doc>
<status status="PASS" start="2024-03-29T09:13:24.802679" elapsed="0.000209"/>
</kw>
<status status="PASS" start="2024-03-29T09:13:24.706080" elapsed="0.097066"/>
</kw>
<doc>Testa se a API responde corretamente e retorna um objeto JSON válido.</doc>
<tag>testeRequisicaoBasica</tag>
<status status="PASS" start="2024-03-29T09:13:24.705597" elapsed="0.097724"/>
</test>
<test id="s1-s1-t3" name="Validar estrutura de resposta" line="22">
<kw name="Teste de Estrutura de Resposta" owner="random-user-service">
<kw name="GET On Session" owner="RequestsLibrary">
<msg time="2024-03-29T09:13:24.906977" level="INFO">GET Request : url=https://randomuser.me/api 
 path_url=/api 
 headers={'User-Agent': 'python-requests/2.31.0', 'Accept-Encoding': 'gzip, deflate', 'Accept': '*/*', 'Connection': 'keep-alive'} 
 body=None 
 </msg>
<msg time="2024-03-29T09:13:24.907083" level="INFO">GET Response : url=https://randomuser.me/api 
 status=200, reason=OK 
 headers={'Date': 'Fri, 29 Mar 2024 09:13:24 GMT', 'Content-Type': 'application/json; charset=utf-8', 'Transfer-Encoding': 'chunked', 'Connection': 'keep-alive', 'X-Powered-By': 'Express', 'Access-Control-Allow-Origin': '*', 'Cache-Control': 'no-cache', 'ETag': 'W/"494-Ues8aSfj7aRlmj1cH9odVt2swAY"', 'Vary': 'Accept-Encoding', 'Content-Encoding': 'gzip', 'CF-Cache-Status': 'DYNAMIC', 'Report-To': '{"endpoints":[{"url":"https:\\/\\/a.nel.cloudflare.com\\/report\\/v4?s=wqhVyIA3dTAwPwJyGaOxlU3pON%2Buo1iHLvSXkyMfX6cUqL9jok1D6%2BI%2FmNT5x1RtFle18rI%2FsjKyRYr8DwQuX2llrPPjQ1M4Warpr%2FKA8qJW0Y3i8ZYBwVuDSJ9bf6eb"}],"group":"cf-nel","max_age":604800}', 'NEL': '{"success_fraction":0,"report_to":"cf-nel","max_age":604800}', 'Server': 'cloudflare', 'CF-RAY': '86bebe6a0e9e1148-ORD', 'alt-svc': 'h3=":443"; ma=86400'} 
 body={"results":[{"gender":"female","name":{"title":"Ms","first":"یاسمین","last":"علیزاده"},"location":{"street":{"number":3517,"name":"جلال آل احمد"},"city":"تهران","state":"زنجان","country":"Iran","postcode":94048,"coordinates":{"latitude":"18.0772","longitude":"19.2433"},"timezone":{"offset":"-1:00","description":"Azores, Cape Verde Islands"}},"email":"ysmyn.aalyzdh@example.com","login":{"uuid":"f7f65256-ec5c-436c-8207-4e55aca2aa97","username":"heavyfish938","password":"2001","salt":"VtUmAWFj","md5":"1577f7d6ced81703462b3deb1d70281d","sha1":"5d252c533e4c33c7e2f81ab3d3049b9fee6e2fcf","sha256":"b009d79b41fc1127f332aae4ce3960d2078b27921754dbfbd4e6527c9ee13e30"},"dob":{"date":"1963-09-22T19:18:50.297Z","age":60},"registered":{"date":"2009-03-24T20:54:32.611Z","age":15},"phone":"076-16654951","cell":"0976-416-4269","id":{"name":"","value":null},"picture":{"large":"https://randomuser.me/api/portraits/women/60.jpg","medium":"https://randomuser.me/api/portraits/med/women/60.jpg","thumbnail":"https://randomuser.me/api/portraits/thumb/women/60.jpg"},"nat":"IR"}],"info":{"seed":"fd9246270129dee2","results":1,"page":1,"version":"1.4"}} 
 </msg>
<msg time="2024-03-29T09:13:24.907252" level="INFO">/opt/hostedtoolcache/Python/3.12.2/x64/lib/python3.12/site-packages/urllib3/connectionpool.py:1103: InsecureRequestWarning: Unverified HTTPS request is being made to host 'randomuser.me'. Adding certificate verification is strongly advised. See: https://urllib3.readthedocs.io/en/latest/advanced-usage.html#tls-warnings
  warnings.warn(</msg>
<msg time="2024-03-29T09:13:24.907399" level="INFO">${response} = &lt;Response [200]&gt;</msg>
<var>${response}</var>
<arg>consultarAPI</arg>
<arg>/api</arg>
<doc>Sends a GET request on a previously created HTTP Session.</doc>
<status status="PASS" start="2024-03-29T09:13:24.806016" elapsed="0.101425"/>
</kw>
<kw name="Set Variable" owner="BuiltIn">
<msg time="2024-03-29T09:13:24.908803" level="INFO">${json_data} = {'results': [{'gender': 'female', 'name': {'title': 'Ms', 'first': 'یاسمین', 'last': 'علیزاده'}, 'location': {'street': {'number': 3517, 'name': 'جلال آل احمد'}, 'city': 'تهران', 'state': 'زنجان', 'co...</msg>
<var>${json_data}</var>
<arg>${response.json()}</arg>
<doc>Returns the given values which can then be assigned to a variables.</doc>
<status status="PASS" start="2024-03-29T09:13:24.907991" elapsed="0.000866"/>
</kw>
<kw name="Log" owner="BuiltIn">
<msg time="2024-03-29T09:13:24.909567" level="INFO">{'results': [{'gender': 'female', 'name': {'title': 'Ms', 'first': 'یاسمین', 'last': 'علیزاده'}, 'location': {'street': {'number': 3517, 'name': 'جلال آل احمد'}, 'city': 'تهران', 'state': 'زنجان', 'country': 'Iran', 'postcode': 94048, 'coordinates': {'latitude': '18.0772', 'longitude': '19.2433'}, 'timezone': {'offset': '-1:00', 'description': 'Azores, Cape Verde Islands'}}, 'email': 'ysmyn.aalyzdh@example.com', 'login': {'uuid': 'f7f65256-ec5c-436c-8207-4e55aca2aa97', 'username': 'heavyfish938', 'password': '2001', 'salt': 'VtUmAWFj', 'md5': '1577f7d6ced81703462b3deb1d70281d', 'sha1': '5d252c533e4c33c7e2f81ab3d3049b9fee6e2fcf', 'sha256': 'b009d79b41fc1127f332aae4ce3960d2078b27921754dbfbd4e6527c9ee13e30'}, 'dob': {'date': '1963-09-22T19:18:50.297Z', 'age': 60}, 'registered': {'date': '2009-03-24T20:54:32.611Z', 'age': 15}, 'phone': '076-16654951', 'cell': '0976-416-4269', 'id': {'name': '', 'value': None}, 'picture': {'large': 'https://randomuser.me/api/portraits/women/60.jpg', 'medium': 'https://randomuser.me/api/portraits/med/women/60.jpg', 'thumbnail': 'https://randomuser.me/api/portraits/thumb/women/60.jpg'}, 'nat': 'IR'}], 'info': {'seed': 'fd9246270129dee2', 'results': 1, 'page': 1, 'version': '1.4'}}</msg>
<arg>${json_data}</arg>
<doc>Logs the given message with the given level.</doc>
<status status="PASS" start="2024-03-29T09:13:24.909310" elapsed="0.000336"/>
</kw>
<kw name="Dictionary Should Contain Key" owner="Collections">
<msg time="2024-03-29T09:13:24.910308" level="INFO">False</msg>
<arg>${json_data}</arg>
<arg>results</arg>
<doc>Fails if ``key`` is not found from ``dictionary``.</doc>
<status status="PASS" start="2024-03-29T09:13:24.910082" elapsed="0.000286"/>
</kw>
<kw name="Should Not Be Empty" owner="BuiltIn">
<msg time="2024-03-29T09:13:24.911071" level="INFO">Length is 2.</msg>
<arg>${json_data}</arg>
<doc>Verifies that the given item is not empty.</doc>
<status status="PASS" start="2024-03-29T09:13:24.910849" elapsed="0.000295"/>
</kw>
<kw name="Create List" owner="BuiltIn">
<msg time="2024-03-29T09:13:24.911834" level="INFO">${expected_keys} = ['gender', 'name', 'location', 'email', 'login']</msg>
<var>${expected_keys}</var>
<arg>gender</arg>
<arg>name</arg>
<arg>location</arg>
<arg>email</arg>
<arg>login</arg>
<doc>Returns a list containing given items.</doc>
<status status="PASS" start="2024-03-29T09:13:24.911608" elapsed="0.000270"/>
</kw>
<for flavor="IN">
<iter>
<kw name="Dictionary Should Contain Key" owner="Collections">
<msg time="2024-03-29T09:13:24.913504" level="INFO">False</msg>
<arg>${json_data['results'][0]}</arg>
<arg>${key}</arg>
<doc>Fails if ``key`` is not found from ``dictionary``.</doc>
<status status="PASS" start="2024-03-29T09:13:24.912829" elapsed="0.000739"/>
</kw>
<kw name="Log" owner="BuiltIn">
<msg time="2024-03-29T09:13:24.914329" level="INFO">{'gender': 'female', 'name': {'title': 'Ms', 'first': 'یاسمین', 'last': 'علیزاده'}, 'location': {'street': {'number': 3517, 'name': 'جلال آل احمد'}, 'city': 'تهران', 'state': 'زنجان', 'country': 'Iran', 'postcode': 94048, 'coordinates': {'latitude': '18.0772', 'longitude': '19.2433'}, 'timezone': {'offset': '-1:00', 'description': 'Azores, Cape Verde Islands'}}, 'email': 'ysmyn.aalyzdh@example.com', 'login': {'uuid': 'f7f65256-ec5c-436c-8207-4e55aca2aa97', 'username': 'heavyfish938', 'password': '2001', 'salt': 'VtUmAWFj', 'md5': '1577f7d6ced81703462b3deb1d70281d', 'sha1': '5d252c533e4c33c7e2f81ab3d3049b9fee6e2fcf', 'sha256': 'b009d79b41fc1127f332aae4ce3960d2078b27921754dbfbd4e6527c9ee13e30'}, 'dob': {'date': '1963-09-22T19:18:50.297Z', 'age': 60}, 'registered': {'date': '2009-03-24T20:54:32.611Z', 'age': 15}, 'phone': '076-16654951', 'cell': '0976-416-4269', 'id': {'name': '', 'value': None}, 'picture': {'large': 'https://randomuser.me/api/portraits/women/60.jpg', 'medium': 'https://randomuser.me/api/portraits/med/women/60.jpg', 'thumbnail': 'https://randomuser.me/api/portraits/thumb/women/60.jpg'}, 'nat': 'IR'}</msg>
<arg>${json_data['results'][0]}</arg>
<doc>Logs the given message with the given level.</doc>
<status status="PASS" start="2024-03-29T09:13:24.913901" elapsed="0.000491"/>
</kw>
<kw name="Log" owner="BuiltIn">
<msg time="2024-03-29T09:13:24.914858" level="INFO">gender</msg>
<arg>${key}</arg>
<doc>Logs the given message with the given level.</doc>
<status status="PASS" start="2024-03-29T09:13:24.914718" elapsed="0.000180"/>
</kw>
<var name="${key}">gender</var>
<status status="PASS" start="2024-03-29T09:13:24.912587" elapsed="0.002538"/>
</iter>
<iter>
<kw name="Dictionary Should Contain Key" owner="Collections">
<msg time="2024-03-29T09:13:24.915835" level="INFO">False</msg>
<arg>${json_data['results'][0]}</arg>
<arg>${key}</arg>
<doc>Fails if ``key`` is not found from ``dictionary``.</doc>
<status status="PASS" start="2024-03-29T09:13:24.915443" elapsed="0.000432"/>
</kw>
<kw name="Log" owner="BuiltIn">
<msg time="2024-03-29T09:13:24.916593" level="INFO">{'gender': 'female', 'name': {'title': 'Ms', 'first': 'یاسمین', 'last': 'علیزاده'}, 'location': {'street': {'number': 3517, 'name': 'جلال آل احمد'}, 'city': 'تهران', 'state': 'زنجان', 'country': 'Iran', 'postcode': 94048, 'coordinates': {'latitude': '18.0772', 'longitude': '19.2433'}, 'timezone': {'offset': '-1:00', 'description': 'Azores, Cape Verde Islands'}}, 'email': 'ysmyn.aalyzdh@example.com', 'login': {'uuid': 'f7f65256-ec5c-436c-8207-4e55aca2aa97', 'username': 'heavyfish938', 'password': '2001', 'salt': 'VtUmAWFj', 'md5': '1577f7d6ced81703462b3deb1d70281d', 'sha1': '5d252c533e4c33c7e2f81ab3d3049b9fee6e2fcf', 'sha256': 'b009d79b41fc1127f332aae4ce3960d2078b27921754dbfbd4e6527c9ee13e30'}, 'dob': {'date': '1963-09-22T19:18:50.297Z', 'age': 60}, 'registered': {'date': '2009-03-24T20:54:32.611Z', 'age': 15}, 'phone': '076-16654951', 'cell': '0976-416-4269', 'id': {'name': '', 'value': None}, 'picture': {'large': 'https://randomuser.me/api/portraits/women/60.jpg', 'medium': 'https://randomuser.me/api/portraits/med/women/60.jpg', 'thumbnail': 'https://randomuser.me/api/portraits/thumb/women/60.jpg'}, 'nat': 'IR'}</msg>
<arg>${json_data['results'][0]}</arg>
<doc>Logs the given message with the given level.</doc>
<status status="PASS" start="2024-03-29T09:13:24.916215" elapsed="0.000461"/>
</kw>
<kw name="Log" owner="BuiltIn">
<msg time="2024-03-29T09:13:24.917142" level="INFO">name</msg>
<arg>${key}</arg>
<doc>Logs the given message with the given level.</doc>
<status status="PASS" start="2024-03-29T09:13:24.917006" elapsed="0.000175"/>
</kw>
<var name="${key}">name</var>
<status status="PASS" start="2024-03-29T09:13:24.915322" elapsed="0.002093"/>
</iter>
<iter>
<kw name="Dictionary Should Contain Key" owner="Collections">
<msg time="2024-03-29T09:13:24.918102" level="INFO">False</msg>
<arg>${json_data['results'][0]}</arg>
<arg>${key}</arg>
<doc>Fails if ``key`` is not found from ``dictionary``.</doc>
<status status="PASS" start="2024-03-29T09:13:24.917714" elapsed="0.000428"/>
</kw>
<kw name="Log" owner="BuiltIn">
<msg time="2024-03-29T09:13:24.918833" level="INFO">{'gender': 'female', 'name': {'title': 'Ms', 'first': 'یاسمین', 'last': 'علیزاده'}, 'location': {'street': {'number': 3517, 'name': 'جلال آل احمد'}, 'city': 'تهران', 'state': 'زنجان', 'country': 'Iran', 'postcode': 94048, 'coordinates': {'latitude': '18.0772', 'longitude': '19.2433'}, 'timezone': {'offset': '-1:00', 'description': 'Azores, Cape Verde Islands'}}, 'email': 'ysmyn.aalyzdh@example.com', 'login': {'uuid': 'f7f65256-ec5c-436c-8207-4e55aca2aa97', 'username': 'heavyfish938', 'password': '2001', 'salt': 'VtUmAWFj', 'md5': '1577f7d6ced81703462b3deb1d70281d', 'sha1': '5d252c533e4c33c7e2f81ab3d3049b9fee6e2fcf', 'sha256': 'b009d79b41fc1127f332aae4ce3960d2078b27921754dbfbd4e6527c9ee13e30'}, 'dob': {'date': '1963-09-22T19:18:50.297Z', 'age': 60}, 'registered': {'date': '2009-03-24T20:54:32.611Z', 'age': 15}, 'phone': '076-16654951', 'cell': '0976-416-4269', 'id': {'name': '', 'value': None}, 'picture': {'large': 'https://randomuser.me/api/portraits/women/60.jpg', 'medium': 'https://randomuser.me/api/portraits/med/women/60.jpg', 'thumbnail': 'https://randomuser.me/api/portraits/thumb/women/60.jpg'}, 'nat': 'IR'}</msg>
<arg>${json_data['results'][0]}</arg>
<doc>Logs the given message with the given level.</doc>
<status status="PASS" start="2024-03-29T09:13:24.918451" elapsed="0.000441"/>
</kw>
<kw name="Log" owner="BuiltIn">
<msg time="2024-03-29T09:13:24.919340" level="INFO">location</msg>
<arg>${key}</arg>
<doc>Logs the given message with the given level.</doc>
<status status="PASS" start="2024-03-29T09:13:24.919209" elapsed="0.000172"/>
</kw>
<var name="${key}">location</var>
<status status="PASS" start="2024-03-29T09:13:24.917600" elapsed="0.002001"/>
</iter>
<iter>
<kw name="Dictionary Should Contain Key" owner="Collections">
<msg time="2024-03-29T09:13:24.920274" level="INFO">False</msg>
<arg>${json_data['results'][0]}</arg>
<arg>${key}</arg>
<doc>Fails if ``key`` is not found from ``dictionary``.</doc>
<status status="PASS" start="2024-03-29T09:13:24.919891" elapsed="0.000421"/>
</kw>
<kw name="Log" owner="BuiltIn">
<msg time="2024-03-29T09:13:24.921027" level="INFO">{'gender': 'female', 'name': {'title': 'Ms', 'first': 'یاسمین', 'last': 'علیزاده'}, 'location': {'street': {'number': 3517, 'name': 'جلال آل احمد'}, 'city': 'تهران', 'state': 'زنجان', 'country': 'Iran', 'postcode': 94048, 'coordinates': {'latitude': '18.0772', 'longitude': '19.2433'}, 'timezone': {'offset': '-1:00', 'description': 'Azores, Cape Verde Islands'}}, 'email': 'ysmyn.aalyzdh@example.com', 'login': {'uuid': 'f7f65256-ec5c-436c-8207-4e55aca2aa97', 'username': 'heavyfish938', 'password': '2001', 'salt': 'VtUmAWFj', 'md5': '1577f7d6ced81703462b3deb1d70281d', 'sha1': '5d252c533e4c33c7e2f81ab3d3049b9fee6e2fcf', 'sha256': 'b009d79b41fc1127f332aae4ce3960d2078b27921754dbfbd4e6527c9ee13e30'}, 'dob': {'date': '1963-09-22T19:18:50.297Z', 'age': 60}, 'registered': {'date': '2009-03-24T20:54:32.611Z', 'age': 15}, 'phone': '076-16654951', 'cell': '0976-416-4269', 'id': {'name': '', 'value': None}, 'picture': {'large': 'https://randomuser.me/api/portraits/women/60.jpg', 'medium': 'https://randomuser.me/api/portraits/med/women/60.jpg', 'thumbnail': 'https://randomuser.me/api/portraits/thumb/women/60.jpg'}, 'nat': 'IR'}</msg>
<arg>${json_data['results'][0]}</arg>
<doc>Logs the given message with the given level.</doc>
<status status="PASS" start="2024-03-29T09:13:24.920613" elapsed="0.000466"/>
</kw>
<kw name="Log" owner="BuiltIn">
<msg time="2024-03-29T09:13:24.921514" level="INFO">email</msg>
<arg>${key}</arg>
<doc>Logs the given message with the given level.</doc>
<status status="PASS" start="2024-03-29T09:13:24.921381" elapsed="0.000173"/>
</kw>
<var name="${key}">email</var>
<status status="PASS" start="2024-03-29T09:13:24.919777" elapsed="0.001999"/>
</iter>
<iter>
<kw name="Dictionary Should Contain Key" owner="Collections">
<msg time="2024-03-29T09:13:24.922467" level="INFO">False</msg>
<arg>${json_data['results'][0]}</arg>
<arg>${key}</arg>
<doc>Fails if ``key`` is not found from ``dictionary``.</doc>
<status status="PASS" start="2024-03-29T09:13:24.922077" elapsed="0.000428"/>
</kw>
<kw name="Log" owner="BuiltIn">
<msg time="2024-03-29T09:13:24.923187" level="INFO">{'gender': 'female', 'name': {'title': 'Ms', 'first': 'یاسمین', 'last': 'علیزاده'}, 'location': {'street': {'number': 3517, 'name': 'جلال آل احمد'}, 'city': 'تهران', 'state': 'زنجان', 'country': 'Iran', 'postcode': 94048, 'coordinates': {'latitude': '18.0772', 'longitude': '19.2433'}, 'timezone': {'offset': '-1:00', 'description': 'Azores, Cape Verde Islands'}}, 'email': 'ysmyn.aalyzdh@example.com', 'login': {'uuid': 'f7f65256-ec5c-436c-8207-4e55aca2aa97', 'username': 'heavyfish938', 'password': '2001', 'salt': 'VtUmAWFj', 'md5': '1577f7d6ced81703462b3deb1d70281d', 'sha1': '5d252c533e4c33c7e2f81ab3d3049b9fee6e2fcf', 'sha256': 'b009d79b41fc1127f332aae4ce3960d2078b27921754dbfbd4e6527c9ee13e30'}, 'dob': {'date': '1963-09-22T19:18:50.297Z', 'age': 60}, 'registered': {'date': '2009-03-24T20:54:32.611Z', 'age': 15}, 'phone': '076-16654951', 'cell': '0976-416-4269', 'id': {'name': '', 'value': None}, 'picture': {'large': 'https://randomuser.me/api/portraits/women/60.jpg', 'medium': 'https://randomuser.me/api/portraits/med/women/60.jpg', 'thumbnail': 'https://randomuser.me/api/portraits/thumb/women/60.jpg'}, 'nat': 'IR'}</msg>
<arg>${json_data['results'][0]}</arg>
<doc>Logs the given message with the given level.</doc>
<status status="PASS" start="2024-03-29T09:13:24.922814" elapsed="0.000424"/>
</kw>
<kw name="Log" owner="BuiltIn">
<msg time="2024-03-29T09:13:24.923674" level="INFO">login</msg>
<arg>${key}</arg>
<doc>Logs the given message with the given level.</doc>
<status status="PASS" start="2024-03-29T09:13:24.923541" elapsed="0.000277"/>
</kw>
<var name="${key}">login</var>
<status status="PASS" start="2024-03-29T09:13:24.921951" elapsed="0.002126"/>
</iter>
<var>${key}</var>
<value>@{expected_keys}</value>
<status status="PASS" start="2024-03-29T09:13:24.912314" elapsed="0.011892"/>
</for>
<kw name="Create List" owner="BuiltIn">
<msg time="2024-03-29T09:13:24.924552" level="INFO">${expected_keysTwo} = ['username', 'password']</msg>
<var>${expected_keysTwo}</var>
<arg>username</arg>
<arg>password</arg>
<doc>Returns a list containing given items.</doc>
<status status="PASS" start="2024-03-29T09:13:24.924412" elapsed="0.000165"/>
</kw>
<for flavor="IN">
<iter>
<kw name="Dictionary Should Contain Key" owner="Collections">
<msg time="2024-03-29T09:13:24.925520" level="INFO">False</msg>
<arg>${json_data['results'][0]['login']}</arg>
<arg>${keyTwo}</arg>
<doc>Fails if ``key`` is not found from ``dictionary``.</doc>
<status status="PASS" start="2024-03-29T09:13:24.925133" elapsed="0.000426"/>
</kw>
<kw name="Dictionary Should Contain Key" owner="Collections">
<msg time="2024-03-29T09:13:24.926240" level="INFO">False</msg>
<arg>${json_data['results'][0]['login']}</arg>
<arg>${keyTwo}</arg>
<doc>Fails if ``key`` is not found from ``dictionary``.</doc>
<status status="PASS" start="2024-03-29T09:13:24.925857" elapsed="0.000422"/>
</kw>
<kw name="Log" owner="BuiltIn">
<msg time="2024-03-29T09:13:24.926704" level="INFO">username</msg>
<arg>${keyTwo}</arg>
<doc>Logs the given message with the given level.</doc>
<status status="PASS" start="2024-03-29T09:13:24.926574" elapsed="0.000168"/>
</kw>
<var name="${keyTwo}">username</var>
<status status="PASS" start="2024-03-29T09:13:24.925022" elapsed="0.001940"/>
</iter>
<iter>
<kw name="Dictionary Should Contain Key" owner="Collections">
<msg time="2024-03-29T09:13:24.927637" level="INFO">False</msg>
<arg>${json_data['results'][0]['login']}</arg>
<arg>${keyTwo}</arg>
<doc>Fails if ``key`` is not found from ``dictionary``.</doc>
<status status="PASS" start="2024-03-29T09:13:24.927248" elapsed="0.000427"/>
</kw>
<kw name="Dictionary Should Contain Key" owner="Collections">
<msg time="2024-03-29T09:13:24.928348" level="INFO">False</msg>
<arg>${json_data['results'][0]['login']}</arg>
<arg>${keyTwo}</arg>
<doc>Fails if ``key`` is not found from ``dictionary``.</doc>
<status status="PASS" start="2024-03-29T09:13:24.927973" elapsed="0.000413"/>
</kw>
<kw name="Log" owner="BuiltIn">
<msg time="2024-03-29T09:13:24.928852" level="INFO">password</msg>
<arg>${keyTwo}</arg>
<doc>Logs the given message with the given level.</doc>
<status status="PASS" start="2024-03-29T09:13:24.928718" elapsed="0.000173"/>
</kw>
<var name="${keyTwo}">password</var>
<status status="PASS" start="2024-03-29T09:13:24.927136" elapsed="0.001987"/>
</iter>
<var>${keyTwo}</var>
<value>@{expected_keysTwo}</value>
<status status="PASS" start="2024-03-29T09:13:24.924867" elapsed="0.004389"/>
</for>
<status status="PASS" start="2024-03-29T09:13:24.805783" elapsed="0.123614"/>
</kw>
<doc>Testa a estrutura da resposta da API.</doc>
<tag>testeEstruturaResposta</tag>
<status status="PASS" start="2024-03-29T09:13:24.805188" elapsed="0.124364"/>
</test>
<test id="s1-s1-t4" name="Validar tipos de dados" line="28">
<kw name="Teste de Tipos de Dados" owner="random-user-service">
<kw name="GET On Session" owner="RequestsLibrary">
<msg time="2024-03-29T09:13:24.996823" level="INFO">GET Request : url=https://randomuser.me/api 
 path_url=/api 
 headers={'User-Agent': 'python-requests/2.31.0', 'Accept-Encoding': 'gzip, deflate', 'Accept': '*/*', 'Connection': 'keep-alive'} 
 body=None 
 </msg>
<msg time="2024-03-29T09:13:24.996899" level="INFO">GET Response : url=https://randomuser.me/api 
 status=200, reason=OK 
 headers={'Date': 'Fri, 29 Mar 2024 09:13:24 GMT', 'Content-Type': 'application/json; charset=utf-8', 'Transfer-Encoding': 'chunked', 'Connection': 'keep-alive', 'X-Powered-By': 'Express', 'Access-Control-Allow-Origin': '*', 'Cache-Control': 'no-cache', 'ETag': 'W/"488-zjOAFmXQko4xIuePK+TE3PhyBx4"', 'Vary': 'Accept-Encoding', 'Content-Encoding': 'gzip', 'CF-Cache-Status': 'DYNAMIC', 'Report-To': '{"endpoints":[{"url":"https:\\/\\/a.nel.cloudflare.com\\/report\\/v4?s=uBBBIEwwoW%2Fz6SwMIVMVWfApafvkk50pz38BWlO0L2vPRe98M53GzOF3FJR88M%2Bnd0A40pQHFbZtajUbaglFCZt9xaL60T79fehLL2n7Svzpe59qXZHriEGZprUbREV2"}],"group":"cf-nel","max_age":604800}', 'NEL': '{"success_fraction":0,"report_to":"cf-nel","max_age":604800}', 'Server': 'cloudflare', 'CF-RAY': '86bebe6adf1a1148-ORD', 'alt-svc': 'h3=":443"; ma=86400'} 
 body={"results":[{"gender":"male","name":{"title":"Mr","first":"Kolodiy","last":"Lukach"},"location":{"street":{"number":5622,"name":"Akademika Strazheska"},"city":"Yuzhnoukrayinsk","state":"Sumska","country":"Ukraine","postcode":81156,"coordinates":{"latitude":"75.5649","longitude":"-23.6000"},"timezone":{"offset":"+2:00","description":"Kaliningrad, South Africa"}},"email":"kolodiy.lukach@example.com","login":{"uuid":"7888dfbc-7b9c-4081-84e5-bbdab0ad29d1","username":"tinygoose768","password":"dragonba","salt":"DTKWcHgV","md5":"a10dd6f2e2167d720efef2f3a4d84a20","sha1":"30c7497de190d5a76b027dff7ada5ba929fe7250","sha256":"ecb046fa73983401317583a0aca77429006f22612eea636af5aa5f931f4f5ece"},"dob":{"date":"1986-03-10T17:52:05.178Z","age":38},"registered":{"date":"2019-10-22T14:39:25.729Z","age":4},"phone":"(098) B68-1680","cell":"(067) L60-3211","id":{"name":"","value":null},"picture":{"large":"https://randomuser.me/api/portraits/men/67.jpg","medium":"https://randomuser.me/api/portraits/med/men/67.jpg","thumbnail":"https://randomuser.me/api/portraits/thumb/men/67.jpg"},"nat":"UA"}],"info":{"seed":"b773449d4cdd246e","results":1,"page":1,"version":"1.4"}} 
 </msg>
<msg time="2024-03-29T09:13:24.996954" level="INFO">/opt/hostedtoolcache/Python/3.12.2/x64/lib/python3.12/site-packages/urllib3/connectionpool.py:1103: InsecureRequestWarning: Unverified HTTPS request is being made to host 'randomuser.me'. Adding certificate verification is strongly advised. See: https://urllib3.readthedocs.io/en/latest/advanced-usage.html#tls-warnings
  warnings.warn(</msg>
<msg time="2024-03-29T09:13:24.997036" level="INFO">${response} = &lt;Response [200]&gt;</msg>
<var>${response}</var>
<arg>consultarAPI</arg>
<arg>/api</arg>
<doc>Sends a GET request on a previously created HTTP Session.</doc>
<status status="PASS" start="2024-03-29T09:13:24.931974" elapsed="0.065089"/>
</kw>
<kw name="Set Variable" owner="BuiltIn">
<msg time="2024-03-29T09:13:24.997879" level="INFO">${json_data} = {'results': [{'gender': 'male', 'name': {'title': 'Mr', 'first': 'Kolodiy', 'last': 'Lukach'}, 'location': {'street': {'number': 5622, 'name': 'Akademika Strazheska'}, 'city': 'Yuzhnoukrayinsk', 'stat...</msg>
<var>${json_data}</var>
<arg>${response.json()}</arg>
<doc>Returns the given values which can then be assigned to a variables.</doc>
<status status="PASS" start="2024-03-29T09:13:24.997443" elapsed="0.000464"/>
</kw>
<kw name="Log" owner="BuiltIn">
<msg time="2024-03-29T09:13:24.998364" level="INFO">{'results': [{'gender': 'male', 'name': {'title': 'Mr', 'first': 'Kolodiy', 'last': 'Lukach'}, 'location': {'street': {'number': 5622, 'name': 'Akademika Strazheska'}, 'city': 'Yuzhnoukrayinsk', 'state': 'Sumska', 'country': 'Ukraine', 'postcode': 81156, 'coordinates': {'latitude': '75.5649', 'longitude': '-23.6000'}, 'timezone': {'offset': '+2:00', 'description': 'Kaliningrad, South Africa'}}, 'email': 'kolodiy.lukach@example.com', 'login': {'uuid': '7888dfbc-7b9c-4081-84e5-bbdab0ad29d1', 'username': 'tinygoose768', 'password': 'dragonba', 'salt': 'DTKWcHgV', 'md5': 'a10dd6f2e2167d720efef2f3a4d84a20', 'sha1': '30c7497de190d5a76b027dff7ada5ba929fe7250', 'sha256': 'ecb046fa73983401317583a0aca77429006f22612eea636af5aa5f931f4f5ece'}, 'dob': {'date': '1986-03-10T17:52:05.178Z', 'age': 38}, 'registered': {'date': '2019-10-22T14:39:25.729Z', 'age': 4}, 'phone': '(098) B68-1680', 'cell': '(067) L60-3211', 'id': {'name': '', 'value': None}, 'picture': {'large': 'https://randomuser.me/api/portraits/men/67.jpg', 'medium': 'https://randomuser.me/api/portraits/med/men/67.jpg', 'thumbnail': 'https://randomuser.me/api/portraits/thumb/men/67.jpg'}, 'nat': 'UA'}], 'info': {'seed': 'b773449d4cdd246e', 'results': 1, 'page': 1, 'version': '1.4'}}</msg>
<arg>${json_data}</arg>
<doc>Logs the given message with the given level.</doc>
<status status="PASS" start="2024-03-29T09:13:24.998212" elapsed="0.000232"/>
</kw>
<kw name="Should Be String" owner="String">
<arg>${json_data['results'][0]['gender']}</arg>
<doc>Fails if the given ``item`` is not a string.</doc>
<status status="PASS" start="2024-03-29T09:13:24.998750" elapsed="0.000367"/>
</kw>
<kw name="Should Match Regexp" owner="BuiltIn">
<arg>${json_data['results'][0]['email']}</arg>
<arg>^[a-zA-Z0-9._%+-]+@[a-zA-Z0-9.-]+\.[a-zA-Z]{2,}$</arg>
<doc>Fails if ``string`` does not match ``pattern`` as a regular expression.</doc>
<status status="PASS" start="2024-03-29T09:13:24.999312" elapsed="0.000514"/>
</kw>
<kw name="Should Match Regexp" owner="BuiltIn">
<arg>${json_data['results'][0]['dob']['date']}</arg>
<arg>\\d{4}-\\d{2}-\\d{2}T\\d{2}:\\d{2}:\\d{2}\\.\\d{3}Z</arg>
<doc>Fails if ``string`` does not match ``pattern`` as a regular expression.</doc>
<status status="PASS" start="2024-03-29T09:13:25.000025" elapsed="0.000490"/>
</kw>
<kw name="Should Match Regexp" owner="BuiltIn">
<arg>${json_data['results'][0]['registered']['date']}</arg>
<arg>\\d{4}-\\d{2}-\\d{2}T\\d{2}:\\d{2}:\\d{2}\\.\\d{3}Z</arg>
<doc>Fails if ``string`` does not match ``pattern`` as a regular expression.</doc>
<status status="PASS" start="2024-03-29T09:13:25.000744" elapsed="0.000384"/>
</kw>
<kw name="Should Match Regexp" owner="BuiltIn">
<arg>${json_data['results'][0]['picture']['large']}</arg>
<arg>^https?://.*\.(?:png|jpe?g|gif|bmp)$</arg>
<doc>Fails if ``string`` does not match ``pattern`` as a regular expression.</doc>
<status status="PASS" start="2024-03-29T09:13:25.001319" elapsed="0.000469"/>
</kw>
<kw name="Should Match Regexp" owner="BuiltIn">
<arg>${json_data['results'][0]['picture']['medium']}</arg>
<arg>^https?://.*\.(?:png|jpe?g|gif|bmp)$</arg>
<doc>Fails if ``string`` does not match ``pattern`` as a regular expression.</doc>
<status status="PASS" start="2024-03-29T09:13:25.001997" elapsed="0.000343"/>
</kw>
<kw name="Should Match Regexp" owner="BuiltIn">
<arg>${json_data['results'][0]['picture']['thumbnail']}</arg>
<arg>^https?://.*\.(?:png|jpe?g|gif|bmp)$</arg>
<doc>Fails if ``string`` does not match ``pattern`` as a regular expression.</doc>
<status status="PASS" start="2024-03-29T09:13:25.002512" elapsed="0.000321"/>
</kw>
<kw name="Log" owner="BuiltIn">
<msg time="2024-03-29T09:13:25.003304" level="INFO">{'large': 'https://randomuser.me/api/portraits/men/67.jpg', 'medium': 'https://randomuser.me/api/portraits/med/men/67.jpg', 'thumbnail': 'https://randomuser.me/api/portraits/thumb/men/67.jpg'}</msg>
<arg>${json_data['results'][0]['picture']}</arg>
<doc>Logs the given message with the given level.</doc>
<status status="PASS" start="2024-03-29T09:13:25.003001" elapsed="0.000348"/>
</kw>
<status status="PASS" start="2024-03-29T09:13:24.931741" elapsed="0.071849"/>
</kw>
<kw name="Teste de Tipos de Dados - Postcode" owner="random-user-service">
<kw name="GET On Session" owner="RequestsLibrary">
<msg time="2024-03-29T09:13:25.100788" level="INFO">GET Request : url=https://randomuser.me/api 
 path_url=/api 
 headers={'User-Agent': 'python-requests/2.31.0', 'Accept-Encoding': 'gzip, deflate', 'Accept': '*/*', 'Connection': 'keep-alive'} 
 body=None 
 </msg>
<msg time="2024-03-29T09:13:25.100874" level="INFO">GET Response : url=https://randomuser.me/api 
 status=200, reason=OK 
 headers={'Date': 'Fri, 29 Mar 2024 09:13:25 GMT', 'Content-Type': 'application/json; charset=utf-8', 'Transfer-Encoding': 'chunked', 'Connection': 'keep-alive', 'X-Powered-By': 'Express', 'Access-Control-Allow-Origin': '*', 'Cache-Control': 'no-cache', 'ETag': 'W/"49c-q5+KEehG1q3YIJyS8SbZoQjpm50"', 'Vary': 'Accept-Encoding', 'Content-Encoding': 'gzip', 'CF-Cache-Status': 'DYNAMIC', 'Report-To': '{"endpoints":[{"url":"https:\\/\\/a.nel.cloudflare.com\\/report\\/v4?s=AEGjCLi7RDxYgbbsFW3%2BzPpMyaat3%2FJ7xJqgUzPOnM72KbPQDnbo9OoTV6jXHxlHUHFWZdk31YrXbab%2BykVdAO3ENHKByH1QggEC9OYFHCzMKz9nkeFQ6LrUAQJnqZtL"}],"group":"cf-nel","max_age":604800}', 'NEL': '{"success_fraction":0,"report_to":"cf-nel","max_age":604800}', 'Server': 'cloudflare', 'CF-RAY': '86bebe6b4f611148-ORD', 'alt-svc': 'h3=":443"; ma=86400'} 
 body={"results":[{"gender":"female","name":{"title":"Mrs","first":"Cacilda","last":"Moraes"},"location":{"street":{"number":7384,"name":"Rua Onze "},"city":"Cotia","state":"Ceará","country":"Brazil","postcode":88451,"coordinates":{"latitude":"-73.5953","longitude":"44.6022"},"timezone":{"offset":"0:00","description":"Western Europe Time, London, Lisbon, Casablanca"}},"email":"cacilda.moraes@example.com","login":{"uuid":"1a77b743-d572-4ad0-a26a-1c57a4da66ac","username":"redbird787","password":"govols","salt":"vDlOYdjk","md5":"d2326f8dc8c9313d29547408efdefa04","sha1":"fe93ede738db2910696bcd53980999930878bde3","sha256":"4834f4ba5ffaab98639ecdf9796de645056ce0a229de6b7d7184b2d344b86a2f"},"dob":{"date":"1962-06-07T12:27:35.466Z","age":61},"registered":{"date":"2011-06-06T13:49:07.109Z","age":12},"phone":"(28) 6346-7432","cell":"(78) 1164-2656","id":{"name":"CPF","value":"637.984.643-02"},"picture":{"large":"https://randomuser.me/api/portraits/women/66.jpg","medium":"https://randomuser.me/api/portraits/med/women/66.jpg","thumbnail":"https://randomuser.me/api/portraits/thumb/women/66.jpg"},"nat":"BR"}],"info":{"seed":"fc7d0dbab5c6f004","results":1,"page":1,"version":"1.4"}} 
 </msg>
<msg time="2024-03-29T09:13:25.100964" level="INFO">/opt/hostedtoolcache/Python/3.12.2/x64/lib/python3.12/site-packages/urllib3/connectionpool.py:1103: InsecureRequestWarning: Unverified HTTPS request is being made to host 'randomuser.me'. Adding certificate verification is strongly advised. See: https://urllib3.readthedocs.io/en/latest/advanced-usage.html#tls-warnings
  warnings.warn(</msg>
<msg time="2024-03-29T09:13:25.101094" level="INFO">${response} = &lt;Response [200]&gt;</msg>
<var>${response}</var>
<arg>consultarAPI</arg>
<arg>/api</arg>
<doc>Sends a GET request on a previously created HTTP Session.</doc>
<status status="PASS" start="2024-03-29T09:13:25.004146" elapsed="0.097002"/>
</kw>
<kw name="Set Variable" owner="BuiltIn">
<msg time="2024-03-29T09:13:25.102031" level="INFO">${json_data} = {'results': [{'gender': 'female', 'name': {'title': 'Mrs', 'first': 'Cacilda', 'last': 'Moraes'}, 'location': {'street': {'number': 7384, 'name': 'Rua Onze '}, 'city': 'Cotia', 'state': 'Ceará', 'coun...</msg>
<var>${json_data}</var>
<arg>${response.json()}</arg>
<doc>Returns the given values which can then be assigned to a variables.</doc>
<status status="PASS" start="2024-03-29T09:13:25.101594" elapsed="0.000466"/>
</kw>
<kw name="Log" owner="BuiltIn">
<msg time="2024-03-29T09:13:25.102520" level="INFO">{'results': [{'gender': 'female', 'name': {'title': 'Mrs', 'first': 'Cacilda', 'last': 'Moraes'}, 'location': {'street': {'number': 7384, 'name': 'Rua Onze '}, 'city': 'Cotia', 'state': 'Ceará', 'country': 'Brazil', 'postcode': 88451, 'coordinates': {'latitude': '-73.5953', 'longitude': '44.6022'}, 'timezone': {'offset': '0:00', 'description': 'Western Europe Time, London, Lisbon, Casablanca'}}, 'email': 'cacilda.moraes@example.com', 'login': {'uuid': '1a77b743-d572-4ad0-a26a-1c57a4da66ac', 'username': 'redbird787', 'password': 'govols', 'salt': 'vDlOYdjk', 'md5': 'd2326f8dc8c9313d29547408efdefa04', 'sha1': 'fe93ede738db2910696bcd53980999930878bde3', 'sha256': '4834f4ba5ffaab98639ecdf9796de645056ce0a229de6b7d7184b2d344b86a2f'}, 'dob': {'date': '1962-06-07T12:27:35.466Z', 'age': 61}, 'registered': {'date': '2011-06-06T13:49:07.109Z', 'age': 12}, 'phone': '(28) 6346-7432', 'cell': '(78) 1164-2656', 'id': {'name': 'CPF', 'value': '637.984.643-02'}, 'picture': {'large': 'https://randomuser.me/api/portraits/women/66.jpg', 'medium': 'https://randomuser.me/api/portraits/med/women/66.jpg', 'thumbnail': 'https://randomuser.me/api/portraits/thumb/women/66.jpg'}, 'nat': 'BR'}], 'info': {'seed': 'fc7d0dbab5c6f004', 'results': 1, 'page': 1, 'version': '1.4'}}</msg>
<arg>${json_data}</arg>
<doc>Logs the given message with the given level.</doc>
<status status="PASS" start="2024-03-29T09:13:25.102365" elapsed="0.000235"/>
</kw>
<kw name="Should Be Equal As Numbers" owner="BuiltIn">
<arg>${json_data['results'][0]['location']['postcode']}</arg>
<arg>${json_data['results'][0]['location']['postcode']}</arg>
<doc>Fails if objects are unequal after converting them to real numbers.</doc>
<status status="PASS" start="2024-03-29T09:13:25.102906" elapsed="0.000631"/>
</kw>
<kw name="Log" owner="BuiltIn">
<msg time="2024-03-29T09:13:25.104072" level="INFO">88451</msg>
<arg>${json_data['results'][0]['location']['postcode']}</arg>
<doc>Logs the given message with the given level.</doc>
<status status="PASS" start="2024-03-29T09:13:25.103734" elapsed="0.000380"/>
</kw>
<status status="PASS" start="2024-03-29T09:13:25.003804" elapsed="0.100562"/>
</kw>
<doc>Testa se os tipos de dados na resposta da API estão corretos.</doc>
<tag>testeTiposDados</tag>
<status status="PASS" start="2024-03-29T09:13:24.931305" elapsed="0.173223"/>
</test>
<test id="s1-s1-t5" name="Validar conteudo" line="35">
<kw name="Teste de Tipos de Conteudo" owner="random-user-service">
<kw name="GET On Session" owner="RequestsLibrary">
<msg time="2024-03-29T09:13:25.199687" level="INFO">GET Request : url=https://randomuser.me/api 
 path_url=/api 
 headers={'User-Agent': 'python-requests/2.31.0', 'Accept-Encoding': 'gzip, deflate', 'Accept': '*/*', 'Connection': 'keep-alive'} 
 body=None 
 </msg>
<msg time="2024-03-29T09:13:25.199774" level="INFO">GET Response : url=https://randomuser.me/api 
 status=200, reason=OK 
 headers={'Date': 'Fri, 29 Mar 2024 09:13:25 GMT', 'Content-Type': 'application/json; charset=utf-8', 'Transfer-Encoding': 'chunked', 'Connection': 'keep-alive', 'X-Powered-By': 'Express', 'Access-Control-Allow-Origin': '*', 'Cache-Control': 'no-cache', 'ETag': 'W/"499-W/+clrmbitAl63LBq1wSR8CFpHU"', 'Vary': 'Accept-Encoding', 'Content-Encoding': 'gzip', 'CF-Cache-Status': 'DYNAMIC', 'Report-To': '{"endpoints":[{"url":"https:\\/\\/a.nel.cloudflare.com\\/report\\/v4?s=gpkQ77CglnEwVnKtdnIuiFlREwpECnFZYzlZ6rqn33qRijahySibCWSZXuSpX34wqoE%2FtgFZxFAPQnvSt8wj3MyGipKFIKzDUnzVQKkSTq10cfFNRdy8nD2UNf1aMkD8"}],"group":"cf-nel","max_age":604800}', 'NEL': '{"success_fraction":0,"report_to":"cf-nel","max_age":604800}', 'Server': 'cloudflare', 'CF-RAY': '86bebe6befb11148-ORD', 'alt-svc': 'h3=":443"; ma=86400'} 
 body={"results":[{"gender":"male","name":{"title":"Mr","first":"Vladimir","last":"Kapetanović"},"location":{"street":{"number":6319,"name":"Darinke Radović"},"city":"Medveđa","state":"Srem","country":"Serbia","postcode":33479,"coordinates":{"latitude":"56.0603","longitude":"-28.6268"},"timezone":{"offset":"+5:30","description":"Bombay, Calcutta, Madras, New Delhi"}},"email":"vladimir.kapetanovic@example.com","login":{"uuid":"e4ba27d4-dab4-4b69-9ff7-b20b9a268355","username":"whitekoala748","password":"vauxhall","salt":"1PTqTxKf","md5":"45280b18f4f243a00b8ba06d009ef3f7","sha1":"f539cc9b66233e709b9a1eb600f3f695ed0e9748","sha256":"e9572ec53250300bcbf3388af6b51030895ca18bfab38f243fb6f4358d0ac1a5"},"dob":{"date":"1951-12-26T22:53:25.601Z","age":72},"registered":{"date":"2002-10-07T11:49:57.408Z","age":21},"phone":"026-1351-333","cell":"062-2776-313","id":{"name":"SID","value":"775430752"},"picture":{"large":"https://randomuser.me/api/portraits/men/70.jpg","medium":"https://randomuser.me/api/portraits/med/men/70.jpg","thumbnail":"https://randomuser.me/api/portraits/thumb/men/70.jpg"},"nat":"RS"}],"info":{"seed":"81961cc8a2559b7b","results":1,"page":1,"version":"1.4"}} 
 </msg>
<msg time="2024-03-29T09:13:25.199850" level="INFO">/opt/hostedtoolcache/Python/3.12.2/x64/lib/python3.12/site-packages/urllib3/connectionpool.py:1103: InsecureRequestWarning: Unverified HTTPS request is being made to host 'randomuser.me'. Adding certificate verification is strongly advised. See: https://urllib3.readthedocs.io/en/latest/advanced-usage.html#tls-warnings
  warnings.warn(</msg>
<msg time="2024-03-29T09:13:25.199965" level="INFO">${response} = &lt;Response [200]&gt;</msg>
<var>${response}</var>
<arg>consultarAPI</arg>
<arg>/api</arg>
<doc>Sends a GET request on a previously created HTTP Session.</doc>
<status status="PASS" start="2024-03-29T09:13:25.107361" elapsed="0.092647"/>
</kw>
<kw name="Set Variable" owner="BuiltIn">
<msg time="2024-03-29T09:13:25.201018" level="INFO">${json_data} = {'results': [{'gender': 'male', 'name': {'title': 'Mr', 'first': 'Vladimir', 'last': 'Kapetanović'}, 'location': {'street': {'number': 6319, 'name': 'Darinke Radović'}, 'city': 'Medveđa', 'state': 'Sr...</msg>
<var>${json_data}</var>
<arg>${response.json()}</arg>
<doc>Returns the given values which can then be assigned to a variables.</doc>
<status status="PASS" start="2024-03-29T09:13:25.200513" elapsed="0.000536"/>
</kw>
<kw name="Set Variable" owner="BuiltIn">
<msg time="2024-03-29T09:13:25.201731" level="INFO">${name_title} = Mr</msg>
<var>${name_title}</var>
<arg>${json_data["results"][0]["name"]["title"]}</arg>
<doc>Returns the given values which can then be assigned to a variables.</doc>
<status status="PASS" start="2024-03-29T09:13:25.201355" elapsed="0.000400"/>
</kw>
<kw name="Create List" owner="BuiltIn">
<msg time="2024-03-29T09:13:25.202197" level="INFO">${allowed_titles} = ['Mr', 'Ms', 'Miss', 'Mrs', 'Madame', 'Monsieur']</msg>
<var>${allowed_titles}</var>
<arg>Mr</arg>
<arg>Ms</arg>
<arg>Miss</arg>
<arg>Mrs</arg>
<arg>Madame</arg>
<arg>Monsieur</arg>
<doc>Returns a list containing given items.</doc>
<status status="PASS" start="2024-03-29T09:13:25.202050" elapsed="0.000171"/>
</kw>
<kw name="List Should Contain Value" owner="Collections">
<msg time="2024-03-29T09:13:25.202696" level="INFO">False</msg>
<arg>${allowed_titles}</arg>
<arg>${name_title}</arg>
<doc>Fails if the ``value`` is not found from ``list``.</doc>
<status status="PASS" start="2024-03-29T09:13:25.202528" elapsed="0.000204"/>
</kw>
<kw name="Set Variable" owner="BuiltIn">
<msg time="2024-03-29T09:13:25.203413" level="INFO">${name_country} = RS</msg>
<var>${name_country}</var>
<arg>${json_data["results"][0]["nat"]}</arg>
<doc>Returns the given values which can then be assigned to a variables.</doc>
<status status="PASS" start="2024-03-29T09:13:25.203025" elapsed="0.000413"/>
</kw>
<kw name="Create List" owner="BuiltIn">
<msg time="2024-03-29T09:13:25.204338" level="INFO">${list_country} = ['AD', 'AE', 'AF', 'AG', 'AI', 'AL', 'AM', 'AO', 'AQ', 'AR', 'AS', 'AT', 'AU', 'AW', 'AX', 'AZ', 'BA', 'BB', 'BD', 'BE', 'BF', 'BG', 'BH', 'BI', 'BJ', 'BL', 'BM', 'BN', 'BO', 'BQ', 'BR', 'BS', 'BT', '...</msg>
<var>${list_country}</var>
<arg>AD</arg>
<arg>AE</arg>
<arg>AF</arg>
<arg>AG</arg>
<arg>AI</arg>
<arg>AL</arg>
<arg>AM</arg>
<arg>AO</arg>
<arg>AQ</arg>
<arg>AR</arg>
<arg>AS</arg>
<arg>AT</arg>
<arg>AU</arg>
<arg>AW</arg>
<arg>AX</arg>
<arg>AZ</arg>
<arg>BA</arg>
<arg>BB</arg>
<arg>BD</arg>
<arg>BE</arg>
<arg>BF</arg>
<arg>BG</arg>
<arg>BH</arg>
<arg>BI</arg>
<arg>BJ</arg>
<arg>BL</arg>
<arg>BM</arg>
<arg>BN</arg>
<arg>BO</arg>
<arg>BQ</arg>
<arg>BR</arg>
<arg>BS</arg>
<arg>BT</arg>
<arg>BV</arg>
<arg>BW</arg>
<arg>BY</arg>
<arg>BZ</arg>
<arg>CA</arg>
<arg>CC</arg>
<arg>CD</arg>
<arg>CF</arg>
<arg>CG</arg>
<arg>CH</arg>
<arg>CI</arg>
<arg>CK</arg>
<arg>CL</arg>
<arg>CM</arg>
<arg>CN</arg>
<arg>CO</arg>
<arg>CR</arg>
<arg>CU</arg>
<arg>CV</arg>
<arg>CW</arg>
<arg>CX</arg>
<arg>CY</arg>
<arg>CZ</arg>
<arg>DE</arg>
<arg>DJ</arg>
<arg>DK</arg>
<arg>DM</arg>
<arg>DO</arg>
<arg>DZ</arg>
<arg>EC</arg>
<arg>EE</arg>
<arg>EG</arg>
<arg>EH</arg>
<arg>ER</arg>
<arg>ES</arg>
<arg>ET</arg>
<arg>FI</arg>
<arg>FJ</arg>
<arg>FK</arg>
<arg>FM</arg>
<arg>FO</arg>
<arg>FR</arg>
<arg>GA</arg>
<arg>GB</arg>
<arg>GD</arg>
<arg>GE</arg>
<arg>GF</arg>
<arg>GG</arg>
<arg>GH</arg>
<arg>GI</arg>
<arg>GL</arg>
<arg>GM</arg>
<arg>GN</arg>
<arg>GP</arg>
<arg>GQ</arg>
<arg>GR</arg>
<arg>GS</arg>
<arg>GT</arg>
<arg>GU</arg>
<arg>GW</arg>
<arg>GY</arg>
<arg>HK</arg>
<arg>HM</arg>
<arg>HN</arg>
<arg>HR</arg>
<arg>HT</arg>
<arg>HU</arg>
<arg>ID</arg>
<arg>IE</arg>
<arg>IL</arg>
<arg>IM</arg>
<arg>IN</arg>
<arg>IO</arg>
<arg>IQ</arg>
<arg>IR</arg>
<arg>IS</arg>
<arg>IT</arg>
<arg>JE</arg>
<arg>JM</arg>
<arg>JO</arg>
<arg>JP</arg>
<arg>KE</arg>
<arg>KG</arg>
<arg>KH</arg>
<arg>KI</arg>
<arg>KM</arg>
<arg>KN</arg>
<arg>KP</arg>
<arg>KR</arg>
<arg>KW</arg>
<arg>KY</arg>
<arg>KZ</arg>
<arg>LA</arg>
<arg>LB</arg>
<arg>LC</arg>
<arg>LI</arg>
<arg>LK</arg>
<arg>LR</arg>
<arg>LS</arg>
<arg>LT</arg>
<arg>LU</arg>
<arg>LV</arg>
<arg>LY</arg>
<arg>MA</arg>
<arg>MC</arg>
<arg>MD</arg>
<arg>ME</arg>
<arg>MF</arg>
<arg>MG</arg>
<arg>MH</arg>
<arg>MK</arg>
<arg>ML</arg>
<arg>MM</arg>
<arg>MN</arg>
<arg>MO</arg>
<arg>MP</arg>
<arg>MQ</arg>
<arg>MR</arg>
<arg>MS</arg>
<arg>MT</arg>
<arg>MU</arg>
<arg>MV</arg>
<arg>MW</arg>
<arg>MX</arg>
<arg>MY</arg>
<arg>MZ</arg>
<arg>NA</arg>
<arg>NC</arg>
<arg>NE</arg>
<arg>NF</arg>
<arg>NG</arg>
<arg>NI</arg>
<arg>NL</arg>
<arg>NO</arg>
<arg>NP</arg>
<arg>NR</arg>
<arg>NU</arg>
<arg>NZ</arg>
<arg>OM</arg>
<arg>PA</arg>
<arg>PE</arg>
<arg>PF</arg>
<arg>PG</arg>
<arg>PH</arg>
<arg>PK</arg>
<arg>PL</arg>
<arg>PM</arg>
<arg>PN</arg>
<arg>PR</arg>
<arg>PS</arg>
<arg>PT</arg>
<arg>PW</arg>
<arg>PY</arg>
<arg>QA</arg>
<arg>RE</arg>
<arg>RO</arg>
<arg>RS</arg>
<arg>RU</arg>
<arg>RW</arg>
<arg>SA</arg>
<arg>SB</arg>
<arg>SC</arg>
<arg>SD</arg>
<arg>SE</arg>
<arg>SG</arg>
<arg>SH</arg>
<arg>SI</arg>
<arg>SJ</arg>
<arg>SK</arg>
<arg>SL</arg>
<arg>SM</arg>
<arg>SN</arg>
<arg>SO</arg>
<arg>SR</arg>
<arg>SS</arg>
<arg>ST</arg>
<arg>SV</arg>
<arg>SX</arg>
<arg>SY</arg>
<arg>SZ</arg>
<arg>TC</arg>
<arg>TD</arg>
<arg>TF</arg>
<arg>TG</arg>
<arg>TH</arg>
<arg>TJ</arg>
<arg>TK</arg>
<arg>TL</arg>
<arg>TM</arg>
<arg>TN</arg>
<arg>TO</arg>
<arg>TR</arg>
<arg>TT</arg>
<arg>TV</arg>
<arg>TW</arg>
<arg>TZ</arg>
<arg>UA</arg>
<arg>UG</arg>
<arg>UM</arg>
<arg>US</arg>
<arg>UY</arg>
<arg>UZ</arg>
<arg>VA</arg>
<arg>VC</arg>
<arg>VE</arg>
<arg>VG</arg>
<arg>VI</arg>
<arg>VN</arg>
<arg>VU</arg>
<arg>WF</arg>
<arg>WS</arg>
<arg>XK</arg>
<arg>YE</arg>
<arg>YT</arg>
<arg>ZA</arg>
<arg>ZM</arg>
<arg>ZW</arg>
<doc>Returns a list containing given items.</doc>
<status status="PASS" start="2024-03-29T09:13:25.203740" elapsed="0.000624"/>
</kw>
<kw name="List Should Contain Value" owner="Collections">
<msg time="2024-03-29T09:13:25.205475" level="INFO">False</msg>
<arg>${list_country}</arg>
<arg>${name_country}</arg>
<doc>Fails if the ``value`` is not found from ``list``.</doc>
<status status="PASS" start="2024-03-29T09:13:25.205268" elapsed="0.000244"/>
</kw>
<kw name="Run Keyword If" owner="BuiltIn">
<kw name="Should Be True" owner="BuiltIn">
<arg>${True}</arg>
<doc>Fails if the given condition is not true.</doc>
<status status="PASS" start="2024-03-29T09:13:25.206574" elapsed="0.000146"/>
</kw>
<arg>${json_data["results"][0]["location"]["coordinates"]["latitude"]} &gt;= -90 and ${json_data["results"][0]["location"]["coordinates"]["latitude"]} &lt;= 90</arg>
<arg>Should Be True</arg>
<arg>${True}</arg>
<doc>Runs the given keyword with the given arguments, if ``condition`` is true.</doc>
<status status="PASS" start="2024-03-29T09:13:25.205829" elapsed="0.001021"/>
</kw>
<kw name="Run Keyword If" owner="BuiltIn">
<kw name="Should Be True" owner="BuiltIn">
<arg>${True}</arg>
<doc>Fails if the given condition is not true.</doc>
<status status="PASS" start="2024-03-29T09:13:25.207725" elapsed="0.000128"/>
</kw>
<arg>${json_data["results"][0]["location"]["coordinates"]["longitude"]} &gt;= -180 and ${json_data["results"][0]["location"]["coordinates"]["longitude"]} &lt;= 180</arg>
<arg>Should Be True</arg>
<arg>${True}</arg>
<doc>Runs the given keyword with the given arguments, if ``condition`` is true.</doc>
<status status="PASS" start="2024-03-29T09:13:25.207034" elapsed="0.000936"/>
</kw>
<status status="PASS" start="2024-03-29T09:13:25.106985" elapsed="0.101106"/>
</kw>
<doc>Testa o conteúdo específico dos campos retornados pela API.</doc>
<tag>testeConteudo</tag>
<status status="PASS" start="2024-03-29T09:13:25.106314" elapsed="0.101911"/>
</test>
<status status="PASS" start="2024-03-29T09:13:24.332617" elapsed="0.877376"/>
</suite>
<status status="PASS" start="2024-03-29T09:13:24.319130" elapsed="0.896147"/>
</suite>
<statistics>
<total>
<stat pass="5" fail="0" skip="0">All Tests</stat>
</total>
<tag>
<stat pass="1" fail="0" skip="0">testeConteudo</stat>
<stat pass="1" fail="0" skip="0">testeEstruturaResposta</stat>
<stat pass="1" fail="0" skip="0">testeRequisicaoBasica</stat>
<stat pass="1" fail="0" skip="0">testeTiposDados</stat>
</tag>
<suite>
<stat pass="5" fail="0" skip="0" id="s1" name="Tests">Tests</stat>
<stat pass="5" fail="0" skip="0" id="s1-s1" name="Random-User-Test">Tests.Random-User-Test</stat>
</suite>
</statistics>
<errors>
</errors>
</robot>
