<?xml version="1.0" encoding="UTF-8"?>
<robot generator="Robot 7.0 (Python 3.12.3 on linux)" generated="2024-05-18T05:13:54.015053" rpa="false" schemaversion="5">
<suite id="s1" name="Tests" source="/home/runner/work/DesafioQAItauRogerioJordao/DesafioQAItauRogerioJordao/RamdonUser/tests">
<suite id="s1-s1" name="Random-User-Test" source="/home/runner/work/DesafioQAItauRogerioJordao/DesafioQAItauRogerioJordao/RamdonUser/tests/random-user-test.robot">
<test id="s1-s1-t1" name="Conectar" line="13">
<kw name="Conectar API" owner="random-user-service">
<kw name="Create Session" owner="RequestsLibrary">
<msg time="2024-05-18T05:13:54.377010" level="INFO">Creating Session using : alias=consultarAPI, url=https://randomuser.me/, headers={},                     cookies={}, auth=None, timeout=None, proxies=None, verify=False,                     debug=0 </msg>
<arg>consultarAPI</arg>
<arg>${URL}</arg>
<doc>Create Session: create a HTTP session to a server</doc>
<status status="PASS" start="2024-05-18T05:13:54.376805" elapsed="0.000399"/>
</kw>
<status status="PASS" start="2024-05-18T05:13:54.375816" elapsed="0.001761"/>
</kw>
<status status="PASS" start="2024-05-18T05:13:54.375203" elapsed="0.002571"/>
</test>
<test id="s1-s1-t2" name="Validar retorno 200 e JSON Válido" line="16">
<kw name="Teste de Requisicao Basica" owner="random-user-service">
<kw name="GET On Session" owner="RequestsLibrary">
<msg time="2024-05-18T05:13:54.492028" level="INFO">GET Request : url=https://randomuser.me/api 
 path_url=/api 
 headers={'User-Agent': 'python-requests/2.31.0', 'Accept-Encoding': 'gzip, deflate', 'Accept': '*/*', 'Connection': 'keep-alive'} 
 body=None 
 </msg>
<msg time="2024-05-18T05:13:54.492160" level="INFO">GET Response : url=https://randomuser.me/api 
 status=200, reason=OK 
 headers={'Date': 'Sat, 18 May 2024 05:13:54 GMT', 'Content-Type': 'application/json; charset=utf-8', 'Transfer-Encoding': 'chunked', 'Connection': 'keep-alive', 'X-Powered-By': 'Express', 'Access-Control-Allow-Origin': '*', 'Cache-Control': 'no-cache', 'ETag': 'W/"48b-Na6Z37sE26F9dPa/JJUuRqUQGoo"', 'Vary': 'Accept-Encoding', 'Content-Encoding': 'gzip', 'CF-Cache-Status': 'DYNAMIC', 'Report-To': '{"endpoints":[{"url":"https:\\/\\/a.nel.cloudflare.com\\/report\\/v4?s=jVjPt%2B1RYwkkeHhl6fpF1JDN4iHLDBP91DUvG7Rusm2r9uaLY2ppmExq5ocRdFtYIaQ4s5gCxvQPWEvqWyESLOl%2BJlJYLne1Pg%2FNPlcIlHb6FhlDc1KnY%2BOCSUBAST%2FK"}],"group":"cf-nel","max_age":604800}', 'NEL': '{"success_fraction":0,"report_to":"cf-nel","max_age":604800}', 'Server': 'cloudflare', 'CF-RAY': '88595c530d33fa9e-SJC', 'alt-svc': 'h3=":443"; ma=86400'} 
 body={"results":[{"gender":"male","name":{"title":"Mr","first":"Eino","last":"Heinonen"},"location":{"street":{"number":8093,"name":"Hämeenkatu"},"city":"Jyväskylä","state":"Kymenlaakso","country":"Finland","postcode":39465,"coordinates":{"latitude":"-23.5290","longitude":"-90.1248"},"timezone":{"offset":"-8:00","description":"Pacific Time (US &amp; Canada)"}},"email":"eino.heinonen@example.com","login":{"uuid":"422c3335-1c55-4dbe-a115-c513f9043c87","username":"bigfrog830","password":"beagle","salt":"gWwu2U5j","md5":"bf222c91f1c57cbb4bd337fdfbcb49d0","sha1":"ebb93e34664035f27296d9c22e46acef225ac275","sha256":"a32be486f2ea6177fbb054fbb4932f01f39c9395378077223069dc3dac2c4f8a"},"dob":{"date":"1965-11-07T03:29:40.870Z","age":58},"registered":{"date":"2004-06-05T05:00:57.196Z","age":19},"phone":"09-502-275","cell":"044-616-55-28","id":{"name":"HETU","value":"NaNNA467undefined"},"picture":{"large":"https://randomuser.me/api/portraits/men/21.jpg","medium":"https://randomuser.me/api/portraits/med/men/21.jpg","thumbnail":"https://randomuser.me/api/portraits/thumb/men/21.jpg"},"nat":"FI"}],"info":{"seed":"2b911264ebdc2bc4","results":1,"page":1,"version":"1.4"}} 
 </msg>
<msg time="2024-05-18T05:13:54.492243" level="INFO">/opt/hostedtoolcache/Python/3.12.3/x64/lib/python3.12/site-packages/urllib3/connectionpool.py:1103: InsecureRequestWarning: Unverified HTTPS request is being made to host 'randomuser.me'. Adding certificate verification is strongly advised. See: https://urllib3.readthedocs.io/en/latest/advanced-usage.html#tls-warnings
  warnings.warn(</msg>
<msg time="2024-05-18T05:13:54.492396" level="INFO">${response} = &lt;Response [200]&gt;</msg>
<var>${response}</var>
<arg>consultarAPI</arg>
<arg>/api</arg>
<doc>Sends a GET request on a previously created HTTP Session.</doc>
<status status="PASS" start="2024-05-18T05:13:54.380467" elapsed="0.111961"/>
</kw>
<kw name="Should Be Equal As Numbers" owner="BuiltIn">
<msg time="2024-05-18T05:13:54.493331" level="INFO">Argument types are:
&lt;class 'int'&gt;
&lt;class 'str'&gt;</msg>
<arg>${response.status_code}</arg>
<arg>200</arg>
<doc>Fails if objects are unequal after converting them to real numbers.</doc>
<status status="PASS" start="2024-05-18T05:13:54.492899" elapsed="0.000498"/>
</kw>
<kw name="Log" owner="BuiltIn">
<msg time="2024-05-18T05:13:54.494100" level="INFO">200</msg>
<arg>${response.status_code}</arg>
<doc>Logs the given message with the given level.</doc>
<status status="PASS" start="2024-05-18T05:13:54.493747" elapsed="0.000396"/>
</kw>
<kw name="Set Variable" owner="BuiltIn">
<msg time="2024-05-18T05:13:54.494947" level="INFO">${json_data} = {'results': [{'gender': 'male', 'name': {'title': 'Mr', 'first': 'Eino', 'last': 'Heinonen'}, 'location': {'street': {'number': 8093, 'name': 'Hämeenkatu'}, 'city': 'Jyväskylä', 'state': 'Kymenlaakso'...</msg>
<var>${json_data}</var>
<arg>${response.json()}</arg>
<doc>Returns the given values which can then be assigned to a variables.</doc>
<status status="PASS" start="2024-05-18T05:13:54.494450" elapsed="0.000527"/>
</kw>
<kw name="Dictionary Should Contain Key" owner="Collections">
<msg time="2024-05-18T05:13:54.495454" level="INFO">False</msg>
<arg>${json_data}</arg>
<arg>results</arg>
<doc>Fails if ``key`` is not found from ``dictionary``.</doc>
<status status="PASS" start="2024-05-18T05:13:54.495287" elapsed="0.000206"/>
</kw>
<status status="PASS" start="2024-05-18T05:13:54.380228" elapsed="0.115528"/>
</kw>
<doc>Testa se a API responde corretamente e retorna um objeto JSON válido.</doc>
<tag>testeRequisicaoBasica</tag>
<status status="PASS" start="2024-05-18T05:13:54.379705" elapsed="0.116235"/>
</test>
<test id="s1-s1-t3" name="Validar estrutura de resposta" line="22">
<kw name="Teste de Estrutura de Resposta" owner="random-user-service">
<kw name="GET On Session" owner="RequestsLibrary">
<msg time="2024-05-18T05:13:54.600249" level="INFO">GET Request : url=https://randomuser.me/api 
 path_url=/api 
 headers={'User-Agent': 'python-requests/2.31.0', 'Accept-Encoding': 'gzip, deflate', 'Accept': '*/*', 'Connection': 'keep-alive'} 
 body=None 
 </msg>
<msg time="2024-05-18T05:13:54.600339" level="INFO">GET Response : url=https://randomuser.me/api 
 status=200, reason=OK 
 headers={'Date': 'Sat, 18 May 2024 05:13:54 GMT', 'Content-Type': 'application/json; charset=utf-8', 'Transfer-Encoding': 'chunked', 'Connection': 'keep-alive', 'X-Powered-By': 'Express', 'Access-Control-Allow-Origin': '*', 'Cache-Control': 'no-cache', 'ETag': 'W/"499-0VSPBFEJs7ZAOx99YMitgQqFez4"', 'Vary': 'Accept-Encoding', 'Content-Encoding': 'gzip', 'CF-Cache-Status': 'DYNAMIC', 'Report-To': '{"endpoints":[{"url":"https:\\/\\/a.nel.cloudflare.com\\/report\\/v4?s=L9VKVBerI7s8%2BQ5L1c%2BgKixnisScj8p364aKKwa8scY%2FGgkNs9BgG6UoecDwZhk4ruW3CupKWTVUov1kq4YEAXJFDrt4FToZXrbDCoNUGX%2FAAT8IY6BBf6iCZSmxzuQS"}],"group":"cf-nel","max_age":604800}', 'NEL': '{"success_fraction":0,"report_to":"cf-nel","max_age":604800}', 'Server': 'cloudflare', 'CF-RAY': '88595c53adc3fa9e-SJC', 'alt-svc': 'h3=":443"; ma=86400'} 
 body={"results":[{"gender":"female","name":{"title":"Mrs","first":"Julia","last":"Heinonen"},"location":{"street":{"number":1969,"name":"Siilitie"},"city":"Kauniainen","state":"Finland Proper","country":"Finland","postcode":69174,"coordinates":{"latitude":"-22.2556","longitude":"104.7498"},"timezone":{"offset":"-7:00","description":"Mountain Time (US &amp; Canada)"}},"email":"julia.heinonen@example.com","login":{"uuid":"72923c42-afa4-42a6-bc9e-d1b8a08e1255","username":"whitesnake199","password":"megan1","salt":"8QqkQA0X","md5":"c04d999c33fffce85876607d70680ec0","sha1":"da00c4442c0944cf43f2343baeb9d536f7e9703d","sha256":"da4be249d4922119350b81121c7482b08312cae7cd3095294bb3469bf95f7338"},"dob":{"date":"1984-07-21T11:59:15.842Z","age":39},"registered":{"date":"2013-03-19T07:34:55.069Z","age":11},"phone":"02-590-133","cell":"048-901-54-65","id":{"name":"HETU","value":"NaNNA464undefined"},"picture":{"large":"https://randomuser.me/api/portraits/women/62.jpg","medium":"https://randomuser.me/api/portraits/med/women/62.jpg","thumbnail":"https://randomuser.me/api/portraits/thumb/women/62.jpg"},"nat":"FI"}],"info":{"seed":"39e35d130fc621c9","results":1,"page":1,"version":"1.4"}} 
 </msg>
<msg time="2024-05-18T05:13:54.600462" level="INFO">/opt/hostedtoolcache/Python/3.12.3/x64/lib/python3.12/site-packages/urllib3/connectionpool.py:1103: InsecureRequestWarning: Unverified HTTPS request is being made to host 'randomuser.me'. Adding certificate verification is strongly advised. See: https://urllib3.readthedocs.io/en/latest/advanced-usage.html#tls-warnings
  warnings.warn(</msg>
<msg time="2024-05-18T05:13:54.600602" level="INFO">${response} = &lt;Response [200]&gt;</msg>
<var>${response}</var>
<arg>consultarAPI</arg>
<arg>/api</arg>
<doc>Sends a GET request on a previously created HTTP Session.</doc>
<status status="PASS" start="2024-05-18T05:13:54.498642" elapsed="0.102003"/>
</kw>
<kw name="Set Variable" owner="BuiltIn">
<msg time="2024-05-18T05:13:54.601633" level="INFO">${json_data} = {'results': [{'gender': 'female', 'name': {'title': 'Mrs', 'first': 'Julia', 'last': 'Heinonen'}, 'location': {'street': {'number': 1969, 'name': 'Siilitie'}, 'city': 'Kauniainen', 'state': 'Finland P...</msg>
<var>${json_data}</var>
<arg>${response.json()}</arg>
<doc>Returns the given values which can then be assigned to a variables.</doc>
<status status="PASS" start="2024-05-18T05:13:54.601123" elapsed="0.000540"/>
</kw>
<kw name="Log" owner="BuiltIn">
<msg time="2024-05-18T05:13:54.602144" level="INFO">{'results': [{'gender': 'female', 'name': {'title': 'Mrs', 'first': 'Julia', 'last': 'Heinonen'}, 'location': {'street': {'number': 1969, 'name': 'Siilitie'}, 'city': 'Kauniainen', 'state': 'Finland Proper', 'country': 'Finland', 'postcode': 69174, 'coordinates': {'latitude': '-22.2556', 'longitude': '104.7498'}, 'timezone': {'offset': '-7:00', 'description': 'Mountain Time (US &amp; Canada)'}}, 'email': 'julia.heinonen@example.com', 'login': {'uuid': '72923c42-afa4-42a6-bc9e-d1b8a08e1255', 'username': 'whitesnake199', 'password': 'megan1', 'salt': '8QqkQA0X', 'md5': 'c04d999c33fffce85876607d70680ec0', 'sha1': 'da00c4442c0944cf43f2343baeb9d536f7e9703d', 'sha256': 'da4be249d4922119350b81121c7482b08312cae7cd3095294bb3469bf95f7338'}, 'dob': {'date': '1984-07-21T11:59:15.842Z', 'age': 39}, 'registered': {'date': '2013-03-19T07:34:55.069Z', 'age': 11}, 'phone': '02-590-133', 'cell': '048-901-54-65', 'id': {'name': 'HETU', 'value': 'NaNNA464undefined'}, 'picture': {'large': 'https://randomuser.me/api/portraits/women/62.jpg', 'medium': 'https://randomuser.me/api/portraits/med/women/62.jpg', 'thumbnail': 'https://randomuser.me/api/portraits/thumb/women/62.jpg'}, 'nat': 'FI'}], 'info': {'seed': '39e35d130fc621c9', 'results': 1, 'page': 1, 'version': '1.4'}}</msg>
<arg>${json_data}</arg>
<doc>Logs the given message with the given level.</doc>
<status status="PASS" start="2024-05-18T05:13:54.601977" elapsed="0.000221"/>
</kw>
<kw name="Dictionary Should Contain Key" owner="Collections">
<msg time="2024-05-18T05:13:54.602706" level="INFO">False</msg>
<arg>${json_data}</arg>
<arg>results</arg>
<doc>Fails if ``key`` is not found from ``dictionary``.</doc>
<status status="PASS" start="2024-05-18T05:13:54.602536" elapsed="0.000208"/>
</kw>
<kw name="Should Not Be Empty" owner="BuiltIn">
<msg time="2024-05-18T05:13:54.603178" level="INFO">Length is 2.</msg>
<arg>${json_data}</arg>
<doc>Verifies that the given item is not empty.</doc>
<status status="PASS" start="2024-05-18T05:13:54.603044" elapsed="0.000173"/>
</kw>
<kw name="Create List" owner="BuiltIn">
<msg time="2024-05-18T05:13:54.603816" level="INFO">${expected_keys} = ['gender', 'name', 'location', 'email', 'login']</msg>
<var>${expected_keys}</var>
<arg>gender</arg>
<arg>name</arg>
<arg>location</arg>
<arg>email</arg>
<arg>login</arg>
<doc>Returns a list containing given items.</doc>
<status status="PASS" start="2024-05-18T05:13:54.603504" elapsed="0.000336"/>
</kw>
<for flavor="IN">
<iter>
<kw name="Dictionary Should Contain Key" owner="Collections">
<msg time="2024-05-18T05:13:54.604850" level="INFO">False</msg>
<arg>${json_data['results'][0]}</arg>
<arg>${key}</arg>
<doc>Fails if ``key`` is not found from ``dictionary``.</doc>
<status status="PASS" start="2024-05-18T05:13:54.604445" elapsed="0.000444"/>
</kw>
<kw name="Log" owner="BuiltIn">
<msg time="2024-05-18T05:13:54.605550" level="INFO">{'gender': 'female', 'name': {'title': 'Mrs', 'first': 'Julia', 'last': 'Heinonen'}, 'location': {'street': {'number': 1969, 'name': 'Siilitie'}, 'city': 'Kauniainen', 'state': 'Finland Proper', 'country': 'Finland', 'postcode': 69174, 'coordinates': {'latitude': '-22.2556', 'longitude': '104.7498'}, 'timezone': {'offset': '-7:00', 'description': 'Mountain Time (US &amp; Canada)'}}, 'email': 'julia.heinonen@example.com', 'login': {'uuid': '72923c42-afa4-42a6-bc9e-d1b8a08e1255', 'username': 'whitesnake199', 'password': 'megan1', 'salt': '8QqkQA0X', 'md5': 'c04d999c33fffce85876607d70680ec0', 'sha1': 'da00c4442c0944cf43f2343baeb9d536f7e9703d', 'sha256': 'da4be249d4922119350b81121c7482b08312cae7cd3095294bb3469bf95f7338'}, 'dob': {'date': '1984-07-21T11:59:15.842Z', 'age': 39}, 'registered': {'date': '2013-03-19T07:34:55.069Z', 'age': 11}, 'phone': '02-590-133', 'cell': '048-901-54-65', 'id': {'name': 'HETU', 'value': 'NaNNA464undefined'}, 'picture': {'large': 'https://randomuser.me/api/portraits/women/62.jpg', 'medium': 'https://randomuser.me/api/portraits/med/women/62.jpg', 'thumbnail': 'https://randomuser.me/api/portraits/thumb/women/62.jpg'}, 'nat': 'FI'}</msg>
<arg>${json_data['results'][0]}</arg>
<doc>Logs the given message with the given level.</doc>
<status status="PASS" start="2024-05-18T05:13:54.605188" elapsed="0.000414"/>
</kw>
<kw name="Log" owner="BuiltIn">
<msg time="2024-05-18T05:13:54.606024" level="INFO">gender</msg>
<arg>${key}</arg>
<doc>Logs the given message with the given level.</doc>
<status status="PASS" start="2024-05-18T05:13:54.605898" elapsed="0.000164"/>
</kw>
<var name="${key}">gender</var>
<status status="PASS" start="2024-05-18T05:13:54.604306" elapsed="0.001969"/>
</iter>
<iter>
<kw name="Dictionary Should Contain Key" owner="Collections">
<msg time="2024-05-18T05:13:54.606993" level="INFO">False</msg>
<arg>${json_data['results'][0]}</arg>
<arg>${key}</arg>
<doc>Fails if ``key`` is not found from ``dictionary``.</doc>
<status status="PASS" start="2024-05-18T05:13:54.606601" elapsed="0.000431"/>
</kw>
<kw name="Log" owner="BuiltIn">
<msg time="2024-05-18T05:13:54.607718" level="INFO">{'gender': 'female', 'name': {'title': 'Mrs', 'first': 'Julia', 'last': 'Heinonen'}, 'location': {'street': {'number': 1969, 'name': 'Siilitie'}, 'city': 'Kauniainen', 'state': 'Finland Proper', 'country': 'Finland', 'postcode': 69174, 'coordinates': {'latitude': '-22.2556', 'longitude': '104.7498'}, 'timezone': {'offset': '-7:00', 'description': 'Mountain Time (US &amp; Canada)'}}, 'email': 'julia.heinonen@example.com', 'login': {'uuid': '72923c42-afa4-42a6-bc9e-d1b8a08e1255', 'username': 'whitesnake199', 'password': 'megan1', 'salt': '8QqkQA0X', 'md5': 'c04d999c33fffce85876607d70680ec0', 'sha1': 'da00c4442c0944cf43f2343baeb9d536f7e9703d', 'sha256': 'da4be249d4922119350b81121c7482b08312cae7cd3095294bb3469bf95f7338'}, 'dob': {'date': '1984-07-21T11:59:15.842Z', 'age': 39}, 'registered': {'date': '2013-03-19T07:34:55.069Z', 'age': 11}, 'phone': '02-590-133', 'cell': '048-901-54-65', 'id': {'name': 'HETU', 'value': 'NaNNA464undefined'}, 'picture': {'large': 'https://randomuser.me/api/portraits/women/62.jpg', 'medium': 'https://randomuser.me/api/portraits/med/women/62.jpg', 'thumbnail': 'https://randomuser.me/api/portraits/thumb/women/62.jpg'}, 'nat': 'FI'}</msg>
<arg>${json_data['results'][0]}</arg>
<doc>Logs the given message with the given level.</doc>
<status status="PASS" start="2024-05-18T05:13:54.607358" elapsed="0.000421"/>
</kw>
<kw name="Log" owner="BuiltIn">
<msg time="2024-05-18T05:13:54.608207" level="INFO">name</msg>
<arg>${key}</arg>
<doc>Logs the given message with the given level.</doc>
<status status="PASS" start="2024-05-18T05:13:54.608078" elapsed="0.000166"/>
</kw>
<var name="${key}">name</var>
<status status="PASS" start="2024-05-18T05:13:54.606461" elapsed="0.002000"/>
</iter>
<iter>
<kw name="Dictionary Should Contain Key" owner="Collections">
<msg time="2024-05-18T05:13:54.609133" level="INFO">False</msg>
<arg>${json_data['results'][0]}</arg>
<arg>${key}</arg>
<doc>Fails if ``key`` is not found from ``dictionary``.</doc>
<status status="PASS" start="2024-05-18T05:13:54.608750" elapsed="0.000422"/>
</kw>
<kw name="Log" owner="BuiltIn">
<msg time="2024-05-18T05:13:54.609825" level="INFO">{'gender': 'female', 'name': {'title': 'Mrs', 'first': 'Julia', 'last': 'Heinonen'}, 'location': {'street': {'number': 1969, 'name': 'Siilitie'}, 'city': 'Kauniainen', 'state': 'Finland Proper', 'country': 'Finland', 'postcode': 69174, 'coordinates': {'latitude': '-22.2556', 'longitude': '104.7498'}, 'timezone': {'offset': '-7:00', 'description': 'Mountain Time (US &amp; Canada)'}}, 'email': 'julia.heinonen@example.com', 'login': {'uuid': '72923c42-afa4-42a6-bc9e-d1b8a08e1255', 'username': 'whitesnake199', 'password': 'megan1', 'salt': '8QqkQA0X', 'md5': 'c04d999c33fffce85876607d70680ec0', 'sha1': 'da00c4442c0944cf43f2343baeb9d536f7e9703d', 'sha256': 'da4be249d4922119350b81121c7482b08312cae7cd3095294bb3469bf95f7338'}, 'dob': {'date': '1984-07-21T11:59:15.842Z', 'age': 39}, 'registered': {'date': '2013-03-19T07:34:55.069Z', 'age': 11}, 'phone': '02-590-133', 'cell': '048-901-54-65', 'id': {'name': 'HETU', 'value': 'NaNNA464undefined'}, 'picture': {'large': 'https://randomuser.me/api/portraits/women/62.jpg', 'medium': 'https://randomuser.me/api/portraits/med/women/62.jpg', 'thumbnail': 'https://randomuser.me/api/portraits/thumb/women/62.jpg'}, 'nat': 'FI'}</msg>
<arg>${json_data['results'][0]}</arg>
<doc>Logs the given message with the given level.</doc>
<status status="PASS" start="2024-05-18T05:13:54.609469" elapsed="0.000406"/>
</kw>
<kw name="Log" owner="BuiltIn">
<msg time="2024-05-18T05:13:54.610294" level="INFO">location</msg>
<arg>${key}</arg>
<doc>Logs the given message with the given level.</doc>
<status status="PASS" start="2024-05-18T05:13:54.610167" elapsed="0.000164"/>
</kw>
<var name="${key}">location</var>
<status status="PASS" start="2024-05-18T05:13:54.608639" elapsed="0.001940"/>
</iter>
<iter>
<kw name="Dictionary Should Contain Key" owner="Collections">
<msg time="2024-05-18T05:13:54.611254" level="INFO">False</msg>
<arg>${json_data['results'][0]}</arg>
<arg>${key}</arg>
<doc>Fails if ``key`` is not found from ``dictionary``.</doc>
<status status="PASS" start="2024-05-18T05:13:54.610867" elapsed="0.000424"/>
</kw>
<kw name="Log" owner="BuiltIn">
<msg time="2024-05-18T05:13:54.611952" level="INFO">{'gender': 'female', 'name': {'title': 'Mrs', 'first': 'Julia', 'last': 'Heinonen'}, 'location': {'street': {'number': 1969, 'name': 'Siilitie'}, 'city': 'Kauniainen', 'state': 'Finland Proper', 'country': 'Finland', 'postcode': 69174, 'coordinates': {'latitude': '-22.2556', 'longitude': '104.7498'}, 'timezone': {'offset': '-7:00', 'description': 'Mountain Time (US &amp; Canada)'}}, 'email': 'julia.heinonen@example.com', 'login': {'uuid': '72923c42-afa4-42a6-bc9e-d1b8a08e1255', 'username': 'whitesnake199', 'password': 'megan1', 'salt': '8QqkQA0X', 'md5': 'c04d999c33fffce85876607d70680ec0', 'sha1': 'da00c4442c0944cf43f2343baeb9d536f7e9703d', 'sha256': 'da4be249d4922119350b81121c7482b08312cae7cd3095294bb3469bf95f7338'}, 'dob': {'date': '1984-07-21T11:59:15.842Z', 'age': 39}, 'registered': {'date': '2013-03-19T07:34:55.069Z', 'age': 11}, 'phone': '02-590-133', 'cell': '048-901-54-65', 'id': {'name': 'HETU', 'value': 'NaNNA464undefined'}, 'picture': {'large': 'https://randomuser.me/api/portraits/women/62.jpg', 'medium': 'https://randomuser.me/api/portraits/med/women/62.jpg', 'thumbnail': 'https://randomuser.me/api/portraits/thumb/women/62.jpg'}, 'nat': 'FI'}</msg>
<arg>${json_data['results'][0]}</arg>
<doc>Logs the given message with the given level.</doc>
<status status="PASS" start="2024-05-18T05:13:54.611598" elapsed="0.000413"/>
</kw>
<kw name="Log" owner="BuiltIn">
<msg time="2024-05-18T05:13:54.612427" level="INFO">email</msg>
<arg>${key}</arg>
<doc>Logs the given message with the given level.</doc>
<status status="PASS" start="2024-05-18T05:13:54.612301" elapsed="0.000163"/>
</kw>
<var name="${key}">email</var>
<status status="PASS" start="2024-05-18T05:13:54.610756" elapsed="0.001967"/>
</iter>
<iter>
<kw name="Dictionary Should Contain Key" owner="Collections">
<msg time="2024-05-18T05:13:54.613409" level="INFO">False</msg>
<arg>${json_data['results'][0]}</arg>
<arg>${key}</arg>
<doc>Fails if ``key`` is not found from ``dictionary``.</doc>
<status status="PASS" start="2024-05-18T05:13:54.613015" elapsed="0.000432"/>
</kw>
<kw name="Log" owner="BuiltIn">
<msg time="2024-05-18T05:13:54.614108" level="INFO">{'gender': 'female', 'name': {'title': 'Mrs', 'first': 'Julia', 'last': 'Heinonen'}, 'location': {'street': {'number': 1969, 'name': 'Siilitie'}, 'city': 'Kauniainen', 'state': 'Finland Proper', 'country': 'Finland', 'postcode': 69174, 'coordinates': {'latitude': '-22.2556', 'longitude': '104.7498'}, 'timezone': {'offset': '-7:00', 'description': 'Mountain Time (US &amp; Canada)'}}, 'email': 'julia.heinonen@example.com', 'login': {'uuid': '72923c42-afa4-42a6-bc9e-d1b8a08e1255', 'username': 'whitesnake199', 'password': 'megan1', 'salt': '8QqkQA0X', 'md5': 'c04d999c33fffce85876607d70680ec0', 'sha1': 'da00c4442c0944cf43f2343baeb9d536f7e9703d', 'sha256': 'da4be249d4922119350b81121c7482b08312cae7cd3095294bb3469bf95f7338'}, 'dob': {'date': '1984-07-21T11:59:15.842Z', 'age': 39}, 'registered': {'date': '2013-03-19T07:34:55.069Z', 'age': 11}, 'phone': '02-590-133', 'cell': '048-901-54-65', 'id': {'name': 'HETU', 'value': 'NaNNA464undefined'}, 'picture': {'large': 'https://randomuser.me/api/portraits/women/62.jpg', 'medium': 'https://randomuser.me/api/portraits/med/women/62.jpg', 'thumbnail': 'https://randomuser.me/api/portraits/thumb/women/62.jpg'}, 'nat': 'FI'}</msg>
<arg>${json_data['results'][0]}</arg>
<doc>Logs the given message with the given level.</doc>
<status status="PASS" start="2024-05-18T05:13:54.613743" elapsed="0.000415"/>
</kw>
<kw name="Log" owner="BuiltIn">
<msg time="2024-05-18T05:13:54.614621" level="INFO">login</msg>
<arg>${key}</arg>
<doc>Logs the given message with the given level.</doc>
<status status="PASS" start="2024-05-18T05:13:54.614459" elapsed="0.000201"/>
</kw>
<var name="${key}">login</var>
<status status="PASS" start="2024-05-18T05:13:54.612903" elapsed="0.002002"/>
</iter>
<var>${key}</var>
<value>@{expected_keys}</value>
<status status="PASS" start="2024-05-18T05:13:54.604111" elapsed="0.010918"/>
</for>
<kw name="Create List" owner="BuiltIn">
<msg time="2024-05-18T05:13:54.615363" level="INFO">${expected_keysTwo} = ['username', 'password']</msg>
<var>${expected_keysTwo}</var>
<arg>username</arg>
<arg>password</arg>
<doc>Returns a list containing given items.</doc>
<status status="PASS" start="2024-05-18T05:13:54.615226" elapsed="0.000160"/>
</kw>
<for flavor="IN">
<iter>
<kw name="Dictionary Should Contain Key" owner="Collections">
<msg time="2024-05-18T05:13:54.616268" level="INFO">False</msg>
<arg>${json_data['results'][0]['login']}</arg>
<arg>${keyTwo}</arg>
<doc>Fails if ``key`` is not found from ``dictionary``.</doc>
<status status="PASS" start="2024-05-18T05:13:54.615885" elapsed="0.000420"/>
</kw>
<kw name="Dictionary Should Contain Key" owner="Collections">
<msg time="2024-05-18T05:13:54.616982" level="INFO">False</msg>
<arg>${json_data['results'][0]['login']}</arg>
<arg>${keyTwo}</arg>
<doc>Fails if ``key`` is not found from ``dictionary``.</doc>
<status status="PASS" start="2024-05-18T05:13:54.616600" elapsed="0.000420"/>
</kw>
<kw name="Log" owner="BuiltIn">
<msg time="2024-05-18T05:13:54.617442" level="INFO">username</msg>
<arg>${keyTwo}</arg>
<doc>Logs the given message with the given level.</doc>
<status status="PASS" start="2024-05-18T05:13:54.617314" elapsed="0.000171"/>
</kw>
<var name="${keyTwo}">username</var>
<status status="PASS" start="2024-05-18T05:13:54.615774" elapsed="0.001925"/>
</iter>
<iter>
<kw name="Dictionary Should Contain Key" owner="Collections">
<msg time="2024-05-18T05:13:54.618359" level="INFO">False</msg>
<arg>${json_data['results'][0]['login']}</arg>
<arg>${keyTwo}</arg>
<doc>Fails if ``key`` is not found from ``dictionary``.</doc>
<status status="PASS" start="2024-05-18T05:13:54.617979" elapsed="0.000417"/>
</kw>
<kw name="Dictionary Should Contain Key" owner="Collections">
<msg time="2024-05-18T05:13:54.619189" level="INFO">False</msg>
<arg>${json_data['results'][0]['login']}</arg>
<arg>${keyTwo}</arg>
<doc>Fails if ``key`` is not found from ``dictionary``.</doc>
<status status="PASS" start="2024-05-18T05:13:54.618726" elapsed="0.000502"/>
</kw>
<kw name="Log" owner="BuiltIn">
<msg time="2024-05-18T05:13:54.619652" level="INFO">password</msg>
<arg>${keyTwo}</arg>
<doc>Logs the given message with the given level.</doc>
<status status="PASS" start="2024-05-18T05:13:54.619523" elapsed="0.000167"/>
</kw>
<var name="${keyTwo}">password</var>
<status status="PASS" start="2024-05-18T05:13:54.617871" elapsed="0.002036"/>
</iter>
<var>${keyTwo}</var>
<value>@{expected_keysTwo}</value>
<status status="PASS" start="2024-05-18T05:13:54.615623" elapsed="0.004408"/>
</for>
<status status="PASS" start="2024-05-18T05:13:54.498370" elapsed="0.121804"/>
</kw>
<doc>Testa a estrutura da resposta da API.</doc>
<tag>testeEstruturaResposta</tag>
<status status="PASS" start="2024-05-18T05:13:54.497774" elapsed="0.122558"/>
</test>
<test id="s1-s1-t4" name="Validar tipos de dados" line="28">
<kw name="Teste de Tipos de Dados" owner="random-user-service">
<kw name="GET On Session" owner="RequestsLibrary">
<msg time="2024-05-18T05:13:54.706768" level="INFO">GET Request : url=https://randomuser.me/api 
 path_url=/api 
 headers={'User-Agent': 'python-requests/2.31.0', 'Accept-Encoding': 'gzip, deflate', 'Accept': '*/*', 'Connection': 'keep-alive'} 
 body=None 
 </msg>
<msg time="2024-05-18T05:13:54.706851" level="INFO">GET Response : url=https://randomuser.me/api 
 status=200, reason=OK 
 headers={'Date': 'Sat, 18 May 2024 05:13:54 GMT', 'Content-Type': 'application/json; charset=utf-8', 'Transfer-Encoding': 'chunked', 'Connection': 'keep-alive', 'X-Powered-By': 'Express', 'Access-Control-Allow-Origin': '*', 'Cache-Control': 'no-cache', 'ETag': 'W/"48b-H+2HO2Drkhr2adYn77gzOGziGVU"', 'Vary': 'Accept-Encoding', 'Content-Encoding': 'gzip', 'CF-Cache-Status': 'DYNAMIC', 'Report-To': '{"endpoints":[{"url":"https:\\/\\/a.nel.cloudflare.com\\/report\\/v4?s=gqKF%2BAmfjuu8pL4xquKRyHP2IOmpIrNNUb58Mek9O45IbUR8W42b7ubLlh3uI%2Fn4bFVazQ7J9wEYJh99EFDTU0ZJZkWVp0XoKmaoPI%2BsU89yd%2FcLqxNqYmQRCWc9osWI"}],"group":"cf-nel","max_age":604800}', 'NEL': '{"success_fraction":0,"report_to":"cf-nel","max_age":604800}', 'Server': 'cloudflare', 'CF-RAY': '88595c546e80fa9e-SJC', 'alt-svc': 'h3=":443"; ma=86400'} 
 body={"results":[{"gender":"male","name":{"title":"Mr","first":"Matthew","last":"Harris"},"location":{"street":{"number":6019,"name":"Te Irirangi Drive"},"city":"Napier","state":"Waikato","country":"New Zealand","postcode":68457,"coordinates":{"latitude":"52.3607","longitude":"-174.5617"},"timezone":{"offset":"+4:00","description":"Abu Dhabi, Muscat, Baku, Tbilisi"}},"email":"matthew.harris@example.com","login":{"uuid":"b499d7da-fc16-4626-b5de-4384857d61ec","username":"smalltiger359","password":"farscape","salt":"7WhzAjzp","md5":"78e405c7828fc12d9ed7e86c917c2392","sha1":"1bc6367e707dcc1157d80b4471cd85868bb4691c","sha256":"28dff8f069fe184e991e404fb751f0e60dae9838b974cc5b56d94c952642cb49"},"dob":{"date":"1958-05-25T22:10:28.226Z","age":65},"registered":{"date":"2012-07-29T01:37:53.335Z","age":11},"phone":"(534)-840-9788","cell":"(486)-479-7846","id":{"name":"","value":null},"picture":{"large":"https://randomuser.me/api/portraits/men/25.jpg","medium":"https://randomuser.me/api/portraits/med/men/25.jpg","thumbnail":"https://randomuser.me/api/portraits/thumb/men/25.jpg"},"nat":"NZ"}],"info":{"seed":"399ec867cf1a04da","results":1,"page":1,"version":"1.4"}} 
 </msg>
<msg time="2024-05-18T05:13:54.706914" level="INFO">/opt/hostedtoolcache/Python/3.12.3/x64/lib/python3.12/site-packages/urllib3/connectionpool.py:1103: InsecureRequestWarning: Unverified HTTPS request is being made to host 'randomuser.me'. Adding certificate verification is strongly advised. See: https://urllib3.readthedocs.io/en/latest/advanced-usage.html#tls-warnings
  warnings.warn(</msg>
<msg time="2024-05-18T05:13:54.707035" level="INFO">${response} = &lt;Response [200]&gt;</msg>
<var>${response}</var>
<arg>consultarAPI</arg>
<arg>/api</arg>
<doc>Sends a GET request on a previously created HTTP Session.</doc>
<status status="PASS" start="2024-05-18T05:13:54.622924" elapsed="0.084155"/>
</kw>
<kw name="Set Variable" owner="BuiltIn">
<msg time="2024-05-18T05:13:54.708025" level="INFO">${json_data} = {'results': [{'gender': 'male', 'name': {'title': 'Mr', 'first': 'Matthew', 'last': 'Harris'}, 'location': {'street': {'number': 6019, 'name': 'Te Irirangi Drive'}, 'city': 'Napier', 'state': 'Waikato...</msg>
<var>${json_data}</var>
<arg>${response.json()}</arg>
<doc>Returns the given values which can then be assigned to a variables.</doc>
<status status="PASS" start="2024-05-18T05:13:54.707516" elapsed="0.000538"/>
</kw>
<kw name="Log" owner="BuiltIn">
<msg time="2024-05-18T05:13:54.708536" level="INFO">{'results': [{'gender': 'male', 'name': {'title': 'Mr', 'first': 'Matthew', 'last': 'Harris'}, 'location': {'street': {'number': 6019, 'name': 'Te Irirangi Drive'}, 'city': 'Napier', 'state': 'Waikato', 'country': 'New Zealand', 'postcode': 68457, 'coordinates': {'latitude': '52.3607', 'longitude': '-174.5617'}, 'timezone': {'offset': '+4:00', 'description': 'Abu Dhabi, Muscat, Baku, Tbilisi'}}, 'email': 'matthew.harris@example.com', 'login': {'uuid': 'b499d7da-fc16-4626-b5de-4384857d61ec', 'username': 'smalltiger359', 'password': 'farscape', 'salt': '7WhzAjzp', 'md5': '78e405c7828fc12d9ed7e86c917c2392', 'sha1': '1bc6367e707dcc1157d80b4471cd85868bb4691c', 'sha256': '28dff8f069fe184e991e404fb751f0e60dae9838b974cc5b56d94c952642cb49'}, 'dob': {'date': '1958-05-25T22:10:28.226Z', 'age': 65}, 'registered': {'date': '2012-07-29T01:37:53.335Z', 'age': 11}, 'phone': '(534)-840-9788', 'cell': '(486)-479-7846', 'id': {'name': '', 'value': None}, 'picture': {'large': 'https://randomuser.me/api/portraits/men/25.jpg', 'medium': 'https://randomuser.me/api/portraits/med/men/25.jpg', 'thumbnail': 'https://randomuser.me/api/portraits/thumb/men/25.jpg'}, 'nat': 'NZ'}], 'info': {'seed': '399ec867cf1a04da', 'results': 1, 'page': 1, 'version': '1.4'}}</msg>
<arg>${json_data}</arg>
<doc>Logs the given message with the given level.</doc>
<status status="PASS" start="2024-05-18T05:13:54.708377" elapsed="0.000242"/>
</kw>
<kw name="Should Be String" owner="String">
<arg>${json_data['results'][0]['gender']}</arg>
<doc>Fails if the given ``item`` is not a string.</doc>
<status status="PASS" start="2024-05-18T05:13:54.708923" elapsed="0.000368"/>
</kw>
<kw name="Should Match Regexp" owner="BuiltIn">
<arg>${json_data['results'][0]['email']}</arg>
<arg>^[a-zA-Z0-9._%+-]+@[a-zA-Z0-9.-]+\.[a-zA-Z]{2,}$</arg>
<doc>Fails if ``string`` does not match ``pattern`` as a regular expression.</doc>
<status status="PASS" start="2024-05-18T05:13:54.709487" elapsed="0.000519"/>
</kw>
<kw name="Should Match Regexp" owner="BuiltIn">
<arg>${json_data['results'][0]['dob']['date']}</arg>
<arg>\\d{4}-\\d{2}-\\d{2}T\\d{2}:\\d{2}:\\d{2}\\.\\d{3}Z</arg>
<doc>Fails if ``string`` does not match ``pattern`` as a regular expression.</doc>
<status status="PASS" start="2024-05-18T05:13:54.710202" elapsed="0.000564"/>
</kw>
<kw name="Should Match Regexp" owner="BuiltIn">
<arg>${json_data['results'][0]['registered']['date']}</arg>
<arg>\\d{4}-\\d{2}-\\d{2}T\\d{2}:\\d{2}:\\d{2}\\.\\d{3}Z</arg>
<doc>Fails if ``string`` does not match ``pattern`` as a regular expression.</doc>
<status status="PASS" start="2024-05-18T05:13:54.710968" elapsed="0.000373"/>
</kw>
<kw name="Should Match Regexp" owner="BuiltIn">
<arg>${json_data['results'][0]['picture']['large']}</arg>
<arg>^https?://.*\.(?:png|jpe?g|gif|bmp)$</arg>
<doc>Fails if ``string`` does not match ``pattern`` as a regular expression.</doc>
<status status="PASS" start="2024-05-18T05:13:54.711530" elapsed="0.000466"/>
</kw>
<kw name="Should Match Regexp" owner="BuiltIn">
<arg>${json_data['results'][0]['picture']['medium']}</arg>
<arg>^https?://.*\.(?:png|jpe?g|gif|bmp)$</arg>
<doc>Fails if ``string`` does not match ``pattern`` as a regular expression.</doc>
<status status="PASS" start="2024-05-18T05:13:54.712186" elapsed="0.000356"/>
</kw>
<kw name="Should Match Regexp" owner="BuiltIn">
<arg>${json_data['results'][0]['picture']['thumbnail']}</arg>
<arg>^https?://.*\.(?:png|jpe?g|gif|bmp)$</arg>
<doc>Fails if ``string`` does not match ``pattern`` as a regular expression.</doc>
<status status="PASS" start="2024-05-18T05:13:54.712736" elapsed="0.000355"/>
</kw>
<kw name="Log" owner="BuiltIn">
<msg time="2024-05-18T05:13:54.713592" level="INFO">{'large': 'https://randomuser.me/api/portraits/men/25.jpg', 'medium': 'https://randomuser.me/api/portraits/med/men/25.jpg', 'thumbnail': 'https://randomuser.me/api/portraits/thumb/men/25.jpg'}</msg>
<arg>${json_data['results'][0]['picture']}</arg>
<doc>Logs the given message with the given level.</doc>
<status status="PASS" start="2024-05-18T05:13:54.713272" elapsed="0.000361"/>
</kw>
<status status="PASS" start="2024-05-18T05:13:54.622690" elapsed="0.091203"/>
</kw>
<kw name="Teste de Tipos de Dados - Postcode" owner="random-user-service">
<kw name="GET On Session" owner="RequestsLibrary">
<msg time="2024-05-18T05:13:54.806918" level="INFO">GET Request : url=https://randomuser.me/api 
 path_url=/api 
 headers={'User-Agent': 'python-requests/2.31.0', 'Accept-Encoding': 'gzip, deflate', 'Accept': '*/*', 'Connection': 'keep-alive'} 
 body=None 
 </msg>
<msg time="2024-05-18T05:13:54.807005" level="INFO">GET Response : url=https://randomuser.me/api 
 status=200, reason=OK 
 headers={'Date': 'Sat, 18 May 2024 05:13:54 GMT', 'Content-Type': 'application/json; charset=utf-8', 'Transfer-Encoding': 'chunked', 'Connection': 'keep-alive', 'X-Powered-By': 'Express', 'Access-Control-Allow-Origin': '*', 'Cache-Control': 'no-cache', 'ETag': 'W/"4ac-PVsUx5Fs1rG3dtbpzuUQgCUrLOw"', 'Vary': 'Accept-Encoding', 'Content-Encoding': 'gzip', 'CF-Cache-Status': 'DYNAMIC', 'Report-To': '{"endpoints":[{"url":"https:\\/\\/a.nel.cloudflare.com\\/report\\/v4?s=7G0jTfIfcepPqrIhfqJgTz6cWtYoz683if3e9y41wXkICPSnylk4N3J%2BGDNIeu7cUF66c4LHDlWCJeGWtL6%2FbmswdFeCCUXGga3Al%2BcSeIdYSSQrKY9%2Fr%2F8EwiiK8iwF"}],"group":"cf-nel","max_age":604800}', 'NEL': '{"success_fraction":0,"report_to":"cf-nel","max_age":604800}', 'Server': 'cloudflare', 'CF-RAY': '88595c54fef1fa9e-SJC', 'alt-svc': 'h3=":443"; ma=86400'} 
 body={"results":[{"gender":"female","name":{"title":"Madame","first":"Francesca","last":"Adam"},"location":{"street":{"number":9117,"name":"Rue de L'Abbaye"},"city":"Marchissy","state":"Basel-Stadt","country":"Switzerland","postcode":2080,"coordinates":{"latitude":"-59.1599","longitude":"65.2436"},"timezone":{"offset":"-4:00","description":"Atlantic Time (Canada), Caracas, La Paz"}},"email":"francesca.adam@example.com","login":{"uuid":"5064e883-564d-44cc-9b30-9761cc1d8c15","username":"angrylion541","password":"casey","salt":"zt2sVWKT","md5":"baee415d7514cacaa24f632077733481","sha1":"83955ba54066f97a2d8d09aab027ab31ddee7ad9","sha256":"d38ce926cf803030561c2ed7321336e8fac58bacf960e908b9f9b2021be036b9"},"dob":{"date":"1967-10-29T04:07:27.573Z","age":56},"registered":{"date":"2003-09-25T23:31:51.560Z","age":20},"phone":"079 580 33 53","cell":"079 244 76 20","id":{"name":"AVS","value":"756.6716.2373.00"},"picture":{"large":"https://randomuser.me/api/portraits/women/77.jpg","medium":"https://randomuser.me/api/portraits/med/women/77.jpg","thumbnail":"https://randomuser.me/api/portraits/thumb/women/77.jpg"},"nat":"CH"}],"info":{"seed":"c3063da736064a89","results":1,"page":1,"version":"1.4"}} 
 </msg>
<msg time="2024-05-18T05:13:54.807072" level="INFO">/opt/hostedtoolcache/Python/3.12.3/x64/lib/python3.12/site-packages/urllib3/connectionpool.py:1103: InsecureRequestWarning: Unverified HTTPS request is being made to host 'randomuser.me'. Adding certificate verification is strongly advised. See: https://urllib3.readthedocs.io/en/latest/advanced-usage.html#tls-warnings
  warnings.warn(</msg>
<msg time="2024-05-18T05:13:54.807201" level="INFO">${response} = &lt;Response [200]&gt;</msg>
<var>${response}</var>
<arg>consultarAPI</arg>
<arg>/api</arg>
<doc>Sends a GET request on a previously created HTTP Session.</doc>
<status status="PASS" start="2024-05-18T05:13:54.714344" elapsed="0.092899"/>
</kw>
<kw name="Set Variable" owner="BuiltIn">
<msg time="2024-05-18T05:13:54.808258" level="INFO">${json_data} = {'results': [{'gender': 'female', 'name': {'title': 'Madame', 'first': 'Francesca', 'last': 'Adam'}, 'location': {'street': {'number': 9117, 'name': "Rue de L'Abbaye"}, 'city': 'Marchissy', 'state': '...</msg>
<var>${json_data}</var>
<arg>${response.json()}</arg>
<doc>Returns the given values which can then be assigned to a variables.</doc>
<status status="PASS" start="2024-05-18T05:13:54.807746" elapsed="0.000541"/>
</kw>
<kw name="Log" owner="BuiltIn">
<msg time="2024-05-18T05:13:54.808779" level="INFO">{'results': [{'gender': 'female', 'name': {'title': 'Madame', 'first': 'Francesca', 'last': 'Adam'}, 'location': {'street': {'number': 9117, 'name': "Rue de L'Abbaye"}, 'city': 'Marchissy', 'state': 'Basel-Stadt', 'country': 'Switzerland', 'postcode': 2080, 'coordinates': {'latitude': '-59.1599', 'longitude': '65.2436'}, 'timezone': {'offset': '-4:00', 'description': 'Atlantic Time (Canada), Caracas, La Paz'}}, 'email': 'francesca.adam@example.com', 'login': {'uuid': '5064e883-564d-44cc-9b30-9761cc1d8c15', 'username': 'angrylion541', 'password': 'casey', 'salt': 'zt2sVWKT', 'md5': 'baee415d7514cacaa24f632077733481', 'sha1': '83955ba54066f97a2d8d09aab027ab31ddee7ad9', 'sha256': 'd38ce926cf803030561c2ed7321336e8fac58bacf960e908b9f9b2021be036b9'}, 'dob': {'date': '1967-10-29T04:07:27.573Z', 'age': 56}, 'registered': {'date': '2003-09-25T23:31:51.560Z', 'age': 20}, 'phone': '079 580 33 53', 'cell': '079 244 76 20', 'id': {'name': 'AVS', 'value': '756.6716.2373.00'}, 'picture': {'large': 'https://randomuser.me/api/portraits/women/77.jpg', 'medium': 'https://randomuser.me/api/portraits/med/women/77.jpg', 'thumbnail': 'https://randomuser.me/api/portraits/thumb/women/77.jpg'}, 'nat': 'CH'}], 'info': {'seed': 'c3063da736064a89', 'results': 1, 'page': 1, 'version': '1.4'}}</msg>
<arg>${json_data}</arg>
<doc>Logs the given message with the given level.</doc>
<status status="PASS" start="2024-05-18T05:13:54.808617" elapsed="0.000244"/>
</kw>
<kw name="Should Be Equal As Numbers" owner="BuiltIn">
<arg>${json_data['results'][0]['location']['postcode']}</arg>
<arg>${json_data['results'][0]['location']['postcode']}</arg>
<doc>Fails if objects are unequal after converting them to real numbers.</doc>
<status status="PASS" start="2024-05-18T05:13:54.809168" elapsed="0.000809"/>
</kw>
<kw name="Log" owner="BuiltIn">
<msg time="2024-05-18T05:13:54.810539" level="INFO">2080</msg>
<arg>${json_data['results'][0]['location']['postcode']}</arg>
<doc>Logs the given message with the given level.</doc>
<status status="PASS" start="2024-05-18T05:13:54.810172" elapsed="0.000424"/>
</kw>
<status status="PASS" start="2024-05-18T05:13:54.714117" elapsed="0.096741"/>
</kw>
<doc>Testa se os tipos de dados na resposta da API estão corretos.</doc>
<tag>testeTiposDados</tag>
<status status="PASS" start="2024-05-18T05:13:54.622112" elapsed="0.188912"/>
</test>
<test id="s1-s1-t5" name="Validar conteudo" line="35">
<kw name="Teste de Tipos de Conteudo" owner="random-user-service">
<kw name="GET On Session" owner="RequestsLibrary">
<msg time="2024-05-18T05:13:54.906657" level="INFO">GET Request : url=https://randomuser.me/api 
 path_url=/api 
 headers={'User-Agent': 'python-requests/2.31.0', 'Accept-Encoding': 'gzip, deflate', 'Accept': '*/*', 'Connection': 'keep-alive'} 
 body=None 
 </msg>
<msg time="2024-05-18T05:13:54.906750" level="INFO">GET Response : url=https://randomuser.me/api 
 status=200, reason=OK 
 headers={'Date': 'Sat, 18 May 2024 05:13:54 GMT', 'Content-Type': 'application/json; charset=utf-8', 'Transfer-Encoding': 'chunked', 'Connection': 'keep-alive', 'X-Powered-By': 'Express', 'Access-Control-Allow-Origin': '*', 'Cache-Control': 'no-cache', 'ETag': 'W/"493-J/1jpKgTx85Y0fekspUS6Tz+a4U"', 'Vary': 'Accept-Encoding', 'Content-Encoding': 'gzip', 'CF-Cache-Status': 'DYNAMIC', 'Report-To': '{"endpoints":[{"url":"https:\\/\\/a.nel.cloudflare.com\\/report\\/v4?s=xVYn%2Fl6n%2BrlLf3biJPo3D4pIia2lTu6ZoIRxEGXfTRw0JgiTT9quHRk2yNHCj3P2P7SUSj7s%2BLyXO7V0fMbNlFp5q4oVPt1hXAGqoM7Swe%2BM5FgyffnSUnj22n5lFdMA"}],"group":"cf-nel","max_age":604800}', 'NEL': '{"success_fraction":0,"report_to":"cf-nel","max_age":604800}', 'Server': 'cloudflare', 'CF-RAY': '88595c559f6cfa9e-SJC', 'alt-svc': 'h3=":443"; ma=86400'} 
 body={"results":[{"gender":"male","name":{"title":"Mr","first":"Marc","last":"Lopez"},"location":{"street":{"number":2270,"name":"York Road"},"city":"Exeter","state":"Lincolnshire","country":"United Kingdom","postcode":"RT4K 0ND","coordinates":{"latitude":"-10.6824","longitude":"-87.2916"},"timezone":{"offset":"+1:00","description":"Brussels, Copenhagen, Madrid, Paris"}},"email":"marc.lopez@example.com","login":{"uuid":"a873f595-1734-4f1f-a1b9-d6458adad9f8","username":"sadmouse843","password":"batman1","salt":"fEos8g0A","md5":"e21b8293754edcb5968bec7e5c81bcf0","sha1":"1cf1fb2cebf8ac0a8464766ba2aec1f4f77ac54e","sha256":"4d8389703029ae26eed5d16a7226997a8ea3aa5c0b8742321a164ea8e6b47893"},"dob":{"date":"1967-10-09T23:13:06.270Z","age":56},"registered":{"date":"2007-09-04T21:57:46.231Z","age":16},"phone":"01839 920931","cell":"07675 632932","id":{"name":"NINO","value":"HH 91 99 22 O"},"picture":{"large":"https://randomuser.me/api/portraits/men/32.jpg","medium":"https://randomuser.me/api/portraits/med/men/32.jpg","thumbnail":"https://randomuser.me/api/portraits/thumb/men/32.jpg"},"nat":"GB"}],"info":{"seed":"e0fd24519bbdbbbc","results":1,"page":1,"version":"1.4"}} 
 </msg>
<msg time="2024-05-18T05:13:54.906823" level="INFO">/opt/hostedtoolcache/Python/3.12.3/x64/lib/python3.12/site-packages/urllib3/connectionpool.py:1103: InsecureRequestWarning: Unverified HTTPS request is being made to host 'randomuser.me'. Adding certificate verification is strongly advised. See: https://urllib3.readthedocs.io/en/latest/advanced-usage.html#tls-warnings
  warnings.warn(</msg>
<msg time="2024-05-18T05:13:54.906964" level="INFO">${response} = &lt;Response [200]&gt;</msg>
<var>${response}</var>
<arg>consultarAPI</arg>
<arg>/api</arg>
<doc>Sends a GET request on a previously created HTTP Session.</doc>
<status status="PASS" start="2024-05-18T05:13:54.813457" elapsed="0.093559"/>
</kw>
<kw name="Set Variable" owner="BuiltIn">
<msg time="2024-05-18T05:13:54.907917" level="INFO">${json_data} = {'results': [{'gender': 'male', 'name': {'title': 'Mr', 'first': 'Marc', 'last': 'Lopez'}, 'location': {'street': {'number': 2270, 'name': 'York Road'}, 'city': 'Exeter', 'state': 'Lincolnshire', 'cou...</msg>
<var>${json_data}</var>
<arg>${response.json()}</arg>
<doc>Returns the given values which can then be assigned to a variables.</doc>
<status status="PASS" start="2024-05-18T05:13:54.907441" elapsed="0.000506"/>
</kw>
<kw name="Set Variable" owner="BuiltIn">
<msg time="2024-05-18T05:13:54.908638" level="INFO">${name_title} = Mr</msg>
<var>${name_title}</var>
<arg>${json_data["results"][0]["name"]["title"]}</arg>
<doc>Returns the given values which can then be assigned to a variables.</doc>
<status status="PASS" start="2024-05-18T05:13:54.908250" elapsed="0.000413"/>
</kw>
<kw name="Create List" owner="BuiltIn">
<msg time="2024-05-18T05:13:54.909108" level="INFO">${allowed_titles} = ['Mr', 'Ms', 'Miss', 'Mrs', 'Madame', 'Monsieur']</msg>
<var>${allowed_titles}</var>
<arg>Mr</arg>
<arg>Ms</arg>
<arg>Miss</arg>
<arg>Mrs</arg>
<arg>Madame</arg>
<arg>Monsieur</arg>
<doc>Returns a list containing given items.</doc>
<status status="PASS" start="2024-05-18T05:13:54.908959" elapsed="0.000175"/>
</kw>
<kw name="List Should Contain Value" owner="Collections">
<msg time="2024-05-18T05:13:54.909600" level="INFO">False</msg>
<arg>${allowed_titles}</arg>
<arg>${name_title}</arg>
<doc>Fails if the ``value`` is not found from ``list``.</doc>
<status status="PASS" start="2024-05-18T05:13:54.909427" elapsed="0.000208"/>
</kw>
<kw name="Set Variable" owner="BuiltIn">
<msg time="2024-05-18T05:13:54.910305" level="INFO">${name_country} = GB</msg>
<var>${name_country}</var>
<arg>${json_data["results"][0]["nat"]}</arg>
<doc>Returns the given values which can then be assigned to a variables.</doc>
<status status="PASS" start="2024-05-18T05:13:54.909927" elapsed="0.000403"/>
</kw>
<kw name="Create List" owner="BuiltIn">
<msg time="2024-05-18T05:13:54.911271" level="INFO">${list_country} = ['AD', 'AE', 'AF', 'AG', 'AI', 'AL', 'AM', 'AO', 'AQ', 'AR', 'AS', 'AT', 'AU', 'AW', 'AX', 'AZ', 'BA', 'BB', 'BD', 'BE', 'BF', 'BG', 'BH', 'BI', 'BJ', 'BL', 'BM', 'BN', 'BO', 'BQ', 'BR', 'BS', 'BT', '...</msg>
<var>${list_country}</var>
<arg>AD</arg>
<arg>AE</arg>
<arg>AF</arg>
<arg>AG</arg>
<arg>AI</arg>
<arg>AL</arg>
<arg>AM</arg>
<arg>AO</arg>
<arg>AQ</arg>
<arg>AR</arg>
<arg>AS</arg>
<arg>AT</arg>
<arg>AU</arg>
<arg>AW</arg>
<arg>AX</arg>
<arg>AZ</arg>
<arg>BA</arg>
<arg>BB</arg>
<arg>BD</arg>
<arg>BE</arg>
<arg>BF</arg>
<arg>BG</arg>
<arg>BH</arg>
<arg>BI</arg>
<arg>BJ</arg>
<arg>BL</arg>
<arg>BM</arg>
<arg>BN</arg>
<arg>BO</arg>
<arg>BQ</arg>
<arg>BR</arg>
<arg>BS</arg>
<arg>BT</arg>
<arg>BV</arg>
<arg>BW</arg>
<arg>BY</arg>
<arg>BZ</arg>
<arg>CA</arg>
<arg>CC</arg>
<arg>CD</arg>
<arg>CF</arg>
<arg>CG</arg>
<arg>CH</arg>
<arg>CI</arg>
<arg>CK</arg>
<arg>CL</arg>
<arg>CM</arg>
<arg>CN</arg>
<arg>CO</arg>
<arg>CR</arg>
<arg>CU</arg>
<arg>CV</arg>
<arg>CW</arg>
<arg>CX</arg>
<arg>CY</arg>
<arg>CZ</arg>
<arg>DE</arg>
<arg>DJ</arg>
<arg>DK</arg>
<arg>DM</arg>
<arg>DO</arg>
<arg>DZ</arg>
<arg>EC</arg>
<arg>EE</arg>
<arg>EG</arg>
<arg>EH</arg>
<arg>ER</arg>
<arg>ES</arg>
<arg>ET</arg>
<arg>FI</arg>
<arg>FJ</arg>
<arg>FK</arg>
<arg>FM</arg>
<arg>FO</arg>
<arg>FR</arg>
<arg>GA</arg>
<arg>GB</arg>
<arg>GD</arg>
<arg>GE</arg>
<arg>GF</arg>
<arg>GG</arg>
<arg>GH</arg>
<arg>GI</arg>
<arg>GL</arg>
<arg>GM</arg>
<arg>GN</arg>
<arg>GP</arg>
<arg>GQ</arg>
<arg>GR</arg>
<arg>GS</arg>
<arg>GT</arg>
<arg>GU</arg>
<arg>GW</arg>
<arg>GY</arg>
<arg>HK</arg>
<arg>HM</arg>
<arg>HN</arg>
<arg>HR</arg>
<arg>HT</arg>
<arg>HU</arg>
<arg>ID</arg>
<arg>IE</arg>
<arg>IL</arg>
<arg>IM</arg>
<arg>IN</arg>
<arg>IO</arg>
<arg>IQ</arg>
<arg>IR</arg>
<arg>IS</arg>
<arg>IT</arg>
<arg>JE</arg>
<arg>JM</arg>
<arg>JO</arg>
<arg>JP</arg>
<arg>KE</arg>
<arg>KG</arg>
<arg>KH</arg>
<arg>KI</arg>
<arg>KM</arg>
<arg>KN</arg>
<arg>KP</arg>
<arg>KR</arg>
<arg>KW</arg>
<arg>KY</arg>
<arg>KZ</arg>
<arg>LA</arg>
<arg>LB</arg>
<arg>LC</arg>
<arg>LI</arg>
<arg>LK</arg>
<arg>LR</arg>
<arg>LS</arg>
<arg>LT</arg>
<arg>LU</arg>
<arg>LV</arg>
<arg>LY</arg>
<arg>MA</arg>
<arg>MC</arg>
<arg>MD</arg>
<arg>ME</arg>
<arg>MF</arg>
<arg>MG</arg>
<arg>MH</arg>
<arg>MK</arg>
<arg>ML</arg>
<arg>MM</arg>
<arg>MN</arg>
<arg>MO</arg>
<arg>MP</arg>
<arg>MQ</arg>
<arg>MR</arg>
<arg>MS</arg>
<arg>MT</arg>
<arg>MU</arg>
<arg>MV</arg>
<arg>MW</arg>
<arg>MX</arg>
<arg>MY</arg>
<arg>MZ</arg>
<arg>NA</arg>
<arg>NC</arg>
<arg>NE</arg>
<arg>NF</arg>
<arg>NG</arg>
<arg>NI</arg>
<arg>NL</arg>
<arg>NO</arg>
<arg>NP</arg>
<arg>NR</arg>
<arg>NU</arg>
<arg>NZ</arg>
<arg>OM</arg>
<arg>PA</arg>
<arg>PE</arg>
<arg>PF</arg>
<arg>PG</arg>
<arg>PH</arg>
<arg>PK</arg>
<arg>PL</arg>
<arg>PM</arg>
<arg>PN</arg>
<arg>PR</arg>
<arg>PS</arg>
<arg>PT</arg>
<arg>PW</arg>
<arg>PY</arg>
<arg>QA</arg>
<arg>RE</arg>
<arg>RO</arg>
<arg>RS</arg>
<arg>RU</arg>
<arg>RW</arg>
<arg>SA</arg>
<arg>SB</arg>
<arg>SC</arg>
<arg>SD</arg>
<arg>SE</arg>
<arg>SG</arg>
<arg>SH</arg>
<arg>SI</arg>
<arg>SJ</arg>
<arg>SK</arg>
<arg>SL</arg>
<arg>SM</arg>
<arg>SN</arg>
<arg>SO</arg>
<arg>SR</arg>
<arg>SS</arg>
<arg>ST</arg>
<arg>SV</arg>
<arg>SX</arg>
<arg>SY</arg>
<arg>SZ</arg>
<arg>TC</arg>
<arg>TD</arg>
<arg>TF</arg>
<arg>TG</arg>
<arg>TH</arg>
<arg>TJ</arg>
<arg>TK</arg>
<arg>TL</arg>
<arg>TM</arg>
<arg>TN</arg>
<arg>TO</arg>
<arg>TR</arg>
<arg>TT</arg>
<arg>TV</arg>
<arg>TW</arg>
<arg>TZ</arg>
<arg>UA</arg>
<arg>UG</arg>
<arg>UM</arg>
<arg>US</arg>
<arg>UY</arg>
<arg>UZ</arg>
<arg>VA</arg>
<arg>VC</arg>
<arg>VE</arg>
<arg>VG</arg>
<arg>VI</arg>
<arg>VN</arg>
<arg>VU</arg>
<arg>WF</arg>
<arg>WS</arg>
<arg>XK</arg>
<arg>YE</arg>
<arg>YT</arg>
<arg>ZA</arg>
<arg>ZM</arg>
<arg>ZW</arg>
<doc>Returns a list containing given items.</doc>
<status status="PASS" start="2024-05-18T05:13:54.910673" elapsed="0.000622"/>
</kw>
<kw name="List Should Contain Value" owner="Collections">
<msg time="2024-05-18T05:13:54.912269" level="INFO">False</msg>
<arg>${list_country}</arg>
<arg>${name_country}</arg>
<doc>Fails if the ``value`` is not found from ``list``.</doc>
<status status="PASS" start="2024-05-18T05:13:54.912071" elapsed="0.000233"/>
</kw>
<kw name="Run Keyword If" owner="BuiltIn">
<kw name="Should Be True" owner="BuiltIn">
<arg>${True}</arg>
<doc>Fails if the given condition is not true.</doc>
<status status="PASS" start="2024-05-18T05:13:54.913363" elapsed="0.000143"/>
</kw>
<arg>${json_data["results"][0]["location"]["coordinates"]["latitude"]} &gt;= -90 and ${json_data["results"][0]["location"]["coordinates"]["latitude"]} &lt;= 90</arg>
<arg>Should Be True</arg>
<arg>${True}</arg>
<doc>Runs the given keyword with the given arguments, if ``condition`` is true.</doc>
<status status="PASS" start="2024-05-18T05:13:54.912614" elapsed="0.001020"/>
</kw>
<kw name="Run Keyword If" owner="BuiltIn">
<kw name="Should Be True" owner="BuiltIn">
<arg>${True}</arg>
<doc>Fails if the given condition is not true.</doc>
<status status="PASS" start="2024-05-18T05:13:54.914535" elapsed="0.000260"/>
</kw>
<arg>${json_data["results"][0]["location"]["coordinates"]["longitude"]} &gt;= -180 and ${json_data["results"][0]["location"]["coordinates"]["longitude"]} &lt;= 180</arg>
<arg>Should Be True</arg>
<arg>${True}</arg>
<doc>Runs the given keyword with the given arguments, if ``condition`` is true.</doc>
<status status="PASS" start="2024-05-18T05:13:54.913821" elapsed="0.001100"/>
</kw>
<status status="PASS" start="2024-05-18T05:13:54.813227" elapsed="0.101824"/>
</kw>
<doc>Testa o conteúdo específico dos campos retornados pela API.</doc>
<tag>testeConteudo</tag>
<status status="PASS" start="2024-05-18T05:13:54.812767" elapsed="0.102430"/>
</test>
<status status="PASS" start="2024-05-18T05:13:54.072670" elapsed="0.844426"/>
</suite>
<status status="PASS" start="2024-05-18T05:13:54.059200" elapsed="0.862980"/>
</suite>
<statistics>
<total>
<stat pass="5" fail="0" skip="0">All Tests</stat>
</total>
<tag>
<stat pass="1" fail="0" skip="0">testeConteudo</stat>
<stat pass="1" fail="0" skip="0">testeEstruturaResposta</stat>
<stat pass="1" fail="0" skip="0">testeRequisicaoBasica</stat>
<stat pass="1" fail="0" skip="0">testeTiposDados</stat>
</tag>
<suite>
<stat pass="5" fail="0" skip="0" id="s1" name="Tests">Tests</stat>
<stat pass="5" fail="0" skip="0" id="s1-s1" name="Random-User-Test">Tests.Random-User-Test</stat>
</suite>
</statistics>
<errors>
</errors>
</robot>
