<?xml version="1.0" encoding="UTF-8"?>
<robot generator="Robot 7.0.1 (Python 3.12.4 on linux)" generated="2024-07-30T16:20:01.012462" rpa="false" schemaversion="5">
<suite id="s1" name="Tests" source="/home/runner/work/ApiRandomUser/ApiRandomUser/RamdonUser/tests">
<suite id="s1-s1" name="Random-User-Test" source="/home/runner/work/ApiRandomUser/ApiRandomUser/RamdonUser/tests/random-user-test.robot">
<test id="s1-s1-t1" name="Conectar" line="13">
<kw name="Conectar API" owner="random-user-service">
<kw name="Create Session" owner="RequestsLibrary">
<msg time="2024-07-30T16:20:01.420754" level="INFO">Creating Session using : alias=consultarAPI, url=https://randomuser.me/, headers={},                     cookies={}, auth=None, timeout=None, proxies=None, verify=False,                     debug=0 </msg>
<arg>consultarAPI</arg>
<arg>${URL}</arg>
<doc>Create Session: create a HTTP session to a server</doc>
<status status="PASS" start="2024-07-30T16:20:01.420556" elapsed="0.000381"/>
</kw>
<status status="PASS" start="2024-07-30T16:20:01.419491" elapsed="0.001808"/>
</kw>
<status status="PASS" start="2024-07-30T16:20:01.418950" elapsed="0.002542"/>
</test>
<test id="s1-s1-t2" name="Validar retorno 200 e JSON Válido" line="16">
<kw name="Teste de Requisicao Basica" owner="random-user-service">
<kw name="GET On Session" owner="RequestsLibrary">
<msg time="2024-07-30T16:20:14.945207" level="INFO">GET Request : url=https://randomuser.me/api 
 path_url=/api 
 headers={'User-Agent': 'python-requests/2.32.3', 'Accept-Encoding': 'gzip, deflate', 'Accept': '*/*', 'Connection': 'keep-alive'} 
 body=None 
 </msg>
<msg time="2024-07-30T16:20:14.945365" level="INFO">GET Response : url=https://randomuser.me/api 
 status=200, reason=OK 
 headers={'Date': 'Tue, 30 Jul 2024 16:20:14 GMT', 'Content-Type': 'application/json; charset=utf-8', 'Transfer-Encoding': 'chunked', 'Connection': 'keep-alive', 'X-Powered-By': 'Express', 'Access-Control-Allow-Origin': '*', 'Cache-Control': 'no-cache', 'ETag': 'W/"494-a2JsAUbgUrqF34iCOGpDKY8OWYY"', 'Vary': 'Accept-Encoding', 'Content-Encoding': 'gzip', 'CF-Cache-Status': 'DYNAMIC', 'Report-To': '{"endpoints":[{"url":"https:\\/\\/a.nel.cloudflare.com\\/report\\/v4?s=aOF%2BFWHjLCAAla01P%2FblzPiOfaU%2BQgUdQIgkPOkhf7iGuen23sRK3rUWang2WFXFfEGrcOno5rtcELU%2BD61lMuOaRPAA5eg9o9dr%2FZr58vEfXHmgmpaxeqJLaZm8bT9o"}],"group":"cf-nel","max_age":604800}', 'NEL': '{"success_fraction":0,"report_to":"cf-nel","max_age":604800}', 'Server': 'cloudflare', 'CF-RAY': '8ab6ac75decf8729-ORD', 'alt-svc': 'h3=":443"; ma=86400'} 
 body={"results":[{"gender":"male","name":{"title":"Monsieur","first":"Steffen","last":"Rey"},"location":{"street":{"number":5259,"name":"Rue des Chartreux"},"city":"Schwerzenbach","state":"Aargau","country":"Switzerland","postcode":8325,"coordinates":{"latitude":"-56.3101","longitude":"-103.5499"},"timezone":{"offset":"-11:00","description":"Midway Island, Samoa"}},"email":"steffen.rey@example.com","login":{"uuid":"ed08bc0e-bae4-49c2-b717-0567df3b633f","username":"bigladybug117","password":"iiiiiii","salt":"RP6qJWk9","md5":"1686576e7309acf072af5545e7a07440","sha1":"ece757842c33edc36d08faa4329f581883e0f433","sha256":"f366a87be794150590b0390c59450ee1909bb197cc581bdfd189b07b5008972b"},"dob":{"date":"1965-06-30T04:23:46.145Z","age":59},"registered":{"date":"2010-06-09T20:54:04.796Z","age":14},"phone":"079 174 22 96","cell":"075 004 63 23","id":{"name":"AVS","value":"756.7420.6486.72"},"picture":{"large":"https://randomuser.me/api/portraits/men/45.jpg","medium":"https://randomuser.me/api/portraits/med/men/45.jpg","thumbnail":"https://randomuser.me/api/portraits/thumb/men/45.jpg"},"nat":"CH"}],"info":{"seed":"902a1aeb6b2e4c38","results":1,"page":1,"version":"1.4"}} 
 </msg>
<msg time="2024-07-30T16:20:14.945453" level="INFO">/opt/hostedtoolcache/Python/3.12.4/x64/lib/python3.12/site-packages/urllib3/connectionpool.py:1099: InsecureRequestWarning: Unverified HTTPS request is being made to host 'randomuser.me'. Adding certificate verification is strongly advised. See: https://urllib3.readthedocs.io/en/latest/advanced-usage.html#tls-warnings
  warnings.warn(</msg>
<msg time="2024-07-30T16:20:14.945618" level="INFO">${response} = &lt;Response [200]&gt;</msg>
<var>${response}</var>
<arg>consultarAPI</arg>
<arg>/api</arg>
<doc>Sends a GET request on a previously created HTTP Session.</doc>
<status status="PASS" start="2024-07-30T16:20:01.424046" elapsed="13.521616"/>
</kw>
<kw name="Should Be Equal As Numbers" owner="BuiltIn">
<msg time="2024-07-30T16:20:14.946685" level="INFO">Argument types are:
&lt;class 'int'&gt;
&lt;class 'str'&gt;</msg>
<arg>${response.status_code}</arg>
<arg>200</arg>
<doc>Fails if objects are unequal after converting them to real numbers.</doc>
<status status="PASS" start="2024-07-30T16:20:14.946225" elapsed="0.000523"/>
</kw>
<kw name="Log" owner="BuiltIn">
<msg time="2024-07-30T16:20:14.947410" level="INFO">200</msg>
<arg>${response.status_code}</arg>
<doc>Logs the given message with the given level.</doc>
<status status="PASS" start="2024-07-30T16:20:14.947061" elapsed="0.000390"/>
</kw>
<kw name="Set Variable" owner="BuiltIn">
<msg time="2024-07-30T16:20:14.948184" level="INFO">${json_data} = {'results': [{'gender': 'male', 'name': {'title': 'Monsieur', 'first': 'Steffen', 'last': 'Rey'}, 'location': {'street': {'number': 5259, 'name': 'Rue des Chartreux'}, 'city': 'Schwerzenbach', 'state'...</msg>
<var>${json_data}</var>
<arg>${response.json()}</arg>
<doc>Returns the given values which can then be assigned to a variables.</doc>
<status status="PASS" start="2024-07-30T16:20:14.947752" elapsed="0.000460"/>
</kw>
<kw name="Dictionary Should Contain Key" owner="Collections">
<arg>${json_data}</arg>
<arg>results</arg>
<doc>Fails if ``key`` is not found from ``dictionary``.</doc>
<status status="PASS" start="2024-07-30T16:20:14.948567" elapsed="0.000327"/>
</kw>
<status status="PASS" start="2024-07-30T16:20:01.423805" elapsed="13.525242"/>
</kw>
<doc>Testa se a API responde corretamente e retorna um objeto JSON válido.</doc>
<tag>testeRequisicaoBasica</tag>
<status status="PASS" start="2024-07-30T16:20:01.423348" elapsed="13.525874"/>
</test>
<test id="s1-s1-t3" name="Validar estrutura de resposta" line="22">
<kw name="Teste de Estrutura de Resposta" owner="random-user-service">
<kw name="GET On Session" owner="RequestsLibrary">
<msg time="2024-07-30T16:20:28.991866" level="INFO">GET Request : url=https://randomuser.me/api 
 path_url=/api 
 headers={'User-Agent': 'python-requests/2.32.3', 'Accept-Encoding': 'gzip, deflate', 'Accept': '*/*', 'Connection': 'keep-alive'} 
 body=None 
 </msg>
<msg time="2024-07-30T16:20:28.991984" level="INFO">GET Response : url=https://randomuser.me/api 
 status=200, reason=OK 
 headers={'Date': 'Tue, 30 Jul 2024 16:20:28 GMT', 'Content-Type': 'application/json; charset=utf-8', 'Transfer-Encoding': 'chunked', 'Connection': 'keep-alive', 'X-Powered-By': 'Express', 'Access-Control-Allow-Origin': '*', 'Cache-Control': 'no-cache', 'ETag': 'W/"49a-JsB9JPDjxDFHk+2RY1X7t+zR/ug"', 'Vary': 'Accept-Encoding', 'Content-Encoding': 'gzip', 'CF-Cache-Status': 'DYNAMIC', 'Report-To': '{"endpoints":[{"url":"https:\\/\\/a.nel.cloudflare.com\\/report\\/v4?s=iXe3Ztez%2BWFplb%2Fe06fVlzni9duG%2Fgf9H9uPIPYauMyTHaPBgqGeh1r7c8LsmWGrcW4XQ18hc3Xyk7kdtg27L7qjv2bo3lu020mJJFGxFtXrgkAgUIdrh5ei%2FuMv6tTO"}],"group":"cf-nel","max_age":604800}', 'NEL': '{"success_fraction":0,"report_to":"cf-nel","max_age":604800}', 'Server': 'cloudflare', 'CF-RAY': '8ab6acc97f238729-ORD', 'alt-svc': 'h3=":443"; ma=86400'} 
 body={"results":[{"gender":"male","name":{"title":"Mr","first":"Olivier","last":"White"},"location":{"street":{"number":805,"name":"Coastal Highway"},"city":"Flatrock","state":"British Columbia","country":"Canada","postcode":"F9P 0E1","coordinates":{"latitude":"-64.5439","longitude":"-85.4598"},"timezone":{"offset":"+11:00","description":"Magadan, Solomon Islands, New Caledonia"}},"email":"olivier.white@example.com","login":{"uuid":"bff1451f-8e0a-4b96-bb19-6179a8864e7e","username":"biglion460","password":"pikachu","salt":"G5bQRLAn","md5":"14d1e769f4c1eda61020f9da9e6e341d","sha1":"f7062247fb7b212d6e8da1fee4d8fe7743567353","sha256":"602b6bdd7e5e2c44c239e2e033ccffec4c31ba651167fb765dc7a51b9454a232"},"dob":{"date":"1951-07-07T18:37:58.639Z","age":73},"registered":{"date":"2011-12-20T15:40:28.725Z","age":12},"phone":"R55 J29-4989","cell":"E83 F60-7578","id":{"name":"SIN","value":"793663477"},"picture":{"large":"https://randomuser.me/api/portraits/men/57.jpg","medium":"https://randomuser.me/api/portraits/med/men/57.jpg","thumbnail":"https://randomuser.me/api/portraits/thumb/men/57.jpg"},"nat":"CA"}],"info":{"seed":"b4bb725d5ad4b7f2","results":1,"page":1,"version":"1.4"}} 
 </msg>
<msg time="2024-07-30T16:20:28.992145" level="INFO">/opt/hostedtoolcache/Python/3.12.4/x64/lib/python3.12/site-packages/urllib3/connectionpool.py:1099: InsecureRequestWarning: Unverified HTTPS request is being made to host 'randomuser.me'. Adding certificate verification is strongly advised. See: https://urllib3.readthedocs.io/en/latest/advanced-usage.html#tls-warnings
  warnings.warn(</msg>
<msg time="2024-07-30T16:20:28.992329" level="INFO">${response} = &lt;Response [200]&gt;</msg>
<var>${response}</var>
<arg>consultarAPI</arg>
<arg>/api</arg>
<doc>Sends a GET request on a previously created HTTP Session.</doc>
<status status="PASS" start="2024-07-30T16:20:14.951975" elapsed="14.040395"/>
</kw>
<kw name="Set Variable" owner="BuiltIn">
<msg time="2024-07-30T16:20:28.993507" level="INFO">${json_data} = {'results': [{'gender': 'male', 'name': {'title': 'Mr', 'first': 'Olivier', 'last': 'White'}, 'location': {'street': {'number': 805, 'name': 'Coastal Highway'}, 'city': 'Flatrock', 'state': 'British C...</msg>
<var>${json_data}</var>
<arg>${response.json()}</arg>
<doc>Returns the given values which can then be assigned to a variables.</doc>
<status status="PASS" start="2024-07-30T16:20:28.992992" elapsed="0.000545"/>
</kw>
<kw name="Log" owner="BuiltIn">
<msg time="2024-07-30T16:20:28.994013" level="INFO">{'results': [{'gender': 'male', 'name': {'title': 'Mr', 'first': 'Olivier', 'last': 'White'}, 'location': {'street': {'number': 805, 'name': 'Coastal Highway'}, 'city': 'Flatrock', 'state': 'British Columbia', 'country': 'Canada', 'postcode': 'F9P 0E1', 'coordinates': {'latitude': '-64.5439', 'longitude': '-85.4598'}, 'timezone': {'offset': '+11:00', 'description': 'Magadan, Solomon Islands, New Caledonia'}}, 'email': 'olivier.white@example.com', 'login': {'uuid': 'bff1451f-8e0a-4b96-bb19-6179a8864e7e', 'username': 'biglion460', 'password': 'pikachu', 'salt': 'G5bQRLAn', 'md5': '14d1e769f4c1eda61020f9da9e6e341d', 'sha1': 'f7062247fb7b212d6e8da1fee4d8fe7743567353', 'sha256': '602b6bdd7e5e2c44c239e2e033ccffec4c31ba651167fb765dc7a51b9454a232'}, 'dob': {'date': '1951-07-07T18:37:58.639Z', 'age': 73}, 'registered': {'date': '2011-12-20T15:40:28.725Z', 'age': 12}, 'phone': 'R55 J29-4989', 'cell': 'E83 F60-7578', 'id': {'name': 'SIN', 'value': '793663477'}, 'picture': {'large': 'https://randomuser.me/api/portraits/men/57.jpg', 'medium': 'https://randomuser.me/api/portraits/med/men/57.jpg', 'thumbnail': 'https://randomuser.me/api/portraits/thumb/men/57.jpg'}, 'nat': 'CA'}], 'info': {'seed': 'b4bb725d5ad4b7f2', 'results': 1, 'page': 1, 'version': '1.4'}}</msg>
<arg>${json_data}</arg>
<doc>Logs the given message with the given level.</doc>
<status status="PASS" start="2024-07-30T16:20:28.993842" elapsed="0.000234"/>
</kw>
<kw name="Dictionary Should Contain Key" owner="Collections">
<arg>${json_data}</arg>
<arg>results</arg>
<doc>Fails if ``key`` is not found from ``dictionary``.</doc>
<status status="PASS" start="2024-07-30T16:20:28.994368" elapsed="0.000165"/>
</kw>
<kw name="Should Not Be Empty" owner="BuiltIn">
<msg time="2024-07-30T16:20:28.994843" level="INFO">Length is 2.</msg>
<arg>${json_data}</arg>
<doc>Verifies that the given item is not empty.</doc>
<status status="PASS" start="2024-07-30T16:20:28.994720" elapsed="0.000164"/>
</kw>
<kw name="Create List" owner="BuiltIn">
<msg time="2024-07-30T16:20:28.995319" level="INFO">${expected_keys} = ['gender', 'name', 'location', 'email', 'login']</msg>
<var>${expected_keys}</var>
<arg>gender</arg>
<arg>name</arg>
<arg>location</arg>
<arg>email</arg>
<arg>login</arg>
<doc>Returns a list containing given items.</doc>
<status status="PASS" start="2024-07-30T16:20:28.995171" elapsed="0.000171"/>
</kw>
<for flavor="IN">
<iter>
<kw name="Dictionary Should Contain Key" owner="Collections">
<arg>${json_data['results'][0]}</arg>
<arg>${key}</arg>
<doc>Fails if ``key`` is not found from ``dictionary``.</doc>
<status status="PASS" start="2024-07-30T16:20:28.995930" elapsed="0.000444"/>
</kw>
<kw name="Log" owner="BuiltIn">
<msg time="2024-07-30T16:20:28.996920" level="INFO">{'gender': 'male', 'name': {'title': 'Mr', 'first': 'Olivier', 'last': 'White'}, 'location': {'street': {'number': 805, 'name': 'Coastal Highway'}, 'city': 'Flatrock', 'state': 'British Columbia', 'country': 'Canada', 'postcode': 'F9P 0E1', 'coordinates': {'latitude': '-64.5439', 'longitude': '-85.4598'}, 'timezone': {'offset': '+11:00', 'description': 'Magadan, Solomon Islands, New Caledonia'}}, 'email': 'olivier.white@example.com', 'login': {'uuid': 'bff1451f-8e0a-4b96-bb19-6179a8864e7e', 'username': 'biglion460', 'password': 'pikachu', 'salt': 'G5bQRLAn', 'md5': '14d1e769f4c1eda61020f9da9e6e341d', 'sha1': 'f7062247fb7b212d6e8da1fee4d8fe7743567353', 'sha256': '602b6bdd7e5e2c44c239e2e033ccffec4c31ba651167fb765dc7a51b9454a232'}, 'dob': {'date': '1951-07-07T18:37:58.639Z', 'age': 73}, 'registered': {'date': '2011-12-20T15:40:28.725Z', 'age': 12}, 'phone': 'R55 J29-4989', 'cell': 'E83 F60-7578', 'id': {'name': 'SIN', 'value': '793663477'}, 'picture': {'large': 'https://randomuser.me/api/portraits/men/57.jpg', 'medium': 'https://randomuser.me/api/portraits/med/men/57.jpg', 'thumbnail': 'https://randomuser.me/api/portraits/thumb/men/57.jpg'}, 'nat': 'CA'}</msg>
<arg>${json_data['results'][0]}</arg>
<doc>Logs the given message with the given level.</doc>
<status status="PASS" start="2024-07-30T16:20:28.996568" elapsed="0.000409"/>
</kw>
<kw name="Log" owner="BuiltIn">
<msg time="2024-07-30T16:20:28.997400" level="INFO">gender</msg>
<arg>${key}</arg>
<doc>Logs the given message with the given level.</doc>
<status status="PASS" start="2024-07-30T16:20:28.997271" elapsed="0.000166"/>
</kw>
<var name="${key}">gender</var>
<status status="PASS" start="2024-07-30T16:20:28.995804" elapsed="0.001849"/>
</iter>
<iter>
<kw name="Dictionary Should Contain Key" owner="Collections">
<arg>${json_data['results'][0]}</arg>
<arg>${key}</arg>
<doc>Fails if ``key`` is not found from ``dictionary``.</doc>
<status status="PASS" start="2024-07-30T16:20:28.997945" elapsed="0.000389"/>
</kw>
<kw name="Log" owner="BuiltIn">
<msg time="2024-07-30T16:20:28.998862" level="INFO">{'gender': 'male', 'name': {'title': 'Mr', 'first': 'Olivier', 'last': 'White'}, 'location': {'street': {'number': 805, 'name': 'Coastal Highway'}, 'city': 'Flatrock', 'state': 'British Columbia', 'country': 'Canada', 'postcode': 'F9P 0E1', 'coordinates': {'latitude': '-64.5439', 'longitude': '-85.4598'}, 'timezone': {'offset': '+11:00', 'description': 'Magadan, Solomon Islands, New Caledonia'}}, 'email': 'olivier.white@example.com', 'login': {'uuid': 'bff1451f-8e0a-4b96-bb19-6179a8864e7e', 'username': 'biglion460', 'password': 'pikachu', 'salt': 'G5bQRLAn', 'md5': '14d1e769f4c1eda61020f9da9e6e341d', 'sha1': 'f7062247fb7b212d6e8da1fee4d8fe7743567353', 'sha256': '602b6bdd7e5e2c44c239e2e033ccffec4c31ba651167fb765dc7a51b9454a232'}, 'dob': {'date': '1951-07-07T18:37:58.639Z', 'age': 73}, 'registered': {'date': '2011-12-20T15:40:28.725Z', 'age': 12}, 'phone': 'R55 J29-4989', 'cell': 'E83 F60-7578', 'id': {'name': 'SIN', 'value': '793663477'}, 'picture': {'large': 'https://randomuser.me/api/portraits/men/57.jpg', 'medium': 'https://randomuser.me/api/portraits/med/men/57.jpg', 'thumbnail': 'https://randomuser.me/api/portraits/thumb/men/57.jpg'}, 'nat': 'CA'}</msg>
<arg>${json_data['results'][0]}</arg>
<doc>Logs the given message with the given level.</doc>
<status status="PASS" start="2024-07-30T16:20:28.998512" elapsed="0.000433"/>
</kw>
<kw name="Log" owner="BuiltIn">
<msg time="2024-07-30T16:20:28.999367" level="INFO">name</msg>
<arg>${key}</arg>
<doc>Logs the given message with the given level.</doc>
<status status="PASS" start="2024-07-30T16:20:28.999240" elapsed="0.000165"/>
</kw>
<var name="${key}">name</var>
<status status="PASS" start="2024-07-30T16:20:28.997835" elapsed="0.001788"/>
</iter>
<iter>
<kw name="Dictionary Should Contain Key" owner="Collections">
<arg>${json_data['results'][0]}</arg>
<arg>${key}</arg>
<doc>Fails if ``key`` is not found from ``dictionary``.</doc>
<status status="PASS" start="2024-07-30T16:20:28.999905" elapsed="0.000407"/>
</kw>
<kw name="Log" owner="BuiltIn">
<msg time="2024-07-30T16:20:29.000863" level="INFO">{'gender': 'male', 'name': {'title': 'Mr', 'first': 'Olivier', 'last': 'White'}, 'location': {'street': {'number': 805, 'name': 'Coastal Highway'}, 'city': 'Flatrock', 'state': 'British Columbia', 'country': 'Canada', 'postcode': 'F9P 0E1', 'coordinates': {'latitude': '-64.5439', 'longitude': '-85.4598'}, 'timezone': {'offset': '+11:00', 'description': 'Magadan, Solomon Islands, New Caledonia'}}, 'email': 'olivier.white@example.com', 'login': {'uuid': 'bff1451f-8e0a-4b96-bb19-6179a8864e7e', 'username': 'biglion460', 'password': 'pikachu', 'salt': 'G5bQRLAn', 'md5': '14d1e769f4c1eda61020f9da9e6e341d', 'sha1': 'f7062247fb7b212d6e8da1fee4d8fe7743567353', 'sha256': '602b6bdd7e5e2c44c239e2e033ccffec4c31ba651167fb765dc7a51b9454a232'}, 'dob': {'date': '1951-07-07T18:37:58.639Z', 'age': 73}, 'registered': {'date': '2011-12-20T15:40:28.725Z', 'age': 12}, 'phone': 'R55 J29-4989', 'cell': 'E83 F60-7578', 'id': {'name': 'SIN', 'value': '793663477'}, 'picture': {'large': 'https://randomuser.me/api/portraits/men/57.jpg', 'medium': 'https://randomuser.me/api/portraits/med/men/57.jpg', 'thumbnail': 'https://randomuser.me/api/portraits/thumb/men/57.jpg'}, 'nat': 'CA'}</msg>
<arg>${json_data['results'][0]}</arg>
<doc>Logs the given message with the given level.</doc>
<status status="PASS" start="2024-07-30T16:20:29.000511" elapsed="0.000400"/>
</kw>
<kw name="Log" owner="BuiltIn">
<msg time="2024-07-30T16:20:29.001333" level="INFO">location</msg>
<arg>${key}</arg>
<doc>Logs the given message with the given level.</doc>
<status status="PASS" start="2024-07-30T16:20:29.001208" elapsed="0.000163"/>
</kw>
<var name="${key}">location</var>
<status status="PASS" start="2024-07-30T16:20:28.999799" elapsed="0.001787"/>
</iter>
<iter>
<kw name="Dictionary Should Contain Key" owner="Collections">
<arg>${json_data['results'][0]}</arg>
<arg>${key}</arg>
<doc>Fails if ``key`` is not found from ``dictionary``.</doc>
<status status="PASS" start="2024-07-30T16:20:29.001867" elapsed="0.000380"/>
</kw>
<kw name="Log" owner="BuiltIn">
<msg time="2024-07-30T16:20:29.002907" level="INFO">{'gender': 'male', 'name': {'title': 'Mr', 'first': 'Olivier', 'last': 'White'}, 'location': {'street': {'number': 805, 'name': 'Coastal Highway'}, 'city': 'Flatrock', 'state': 'British Columbia', 'country': 'Canada', 'postcode': 'F9P 0E1', 'coordinates': {'latitude': '-64.5439', 'longitude': '-85.4598'}, 'timezone': {'offset': '+11:00', 'description': 'Magadan, Solomon Islands, New Caledonia'}}, 'email': 'olivier.white@example.com', 'login': {'uuid': 'bff1451f-8e0a-4b96-bb19-6179a8864e7e', 'username': 'biglion460', 'password': 'pikachu', 'salt': 'G5bQRLAn', 'md5': '14d1e769f4c1eda61020f9da9e6e341d', 'sha1': 'f7062247fb7b212d6e8da1fee4d8fe7743567353', 'sha256': '602b6bdd7e5e2c44c239e2e033ccffec4c31ba651167fb765dc7a51b9454a232'}, 'dob': {'date': '1951-07-07T18:37:58.639Z', 'age': 73}, 'registered': {'date': '2011-12-20T15:40:28.725Z', 'age': 12}, 'phone': 'R55 J29-4989', 'cell': 'E83 F60-7578', 'id': {'name': 'SIN', 'value': '793663477'}, 'picture': {'large': 'https://randomuser.me/api/portraits/men/57.jpg', 'medium': 'https://randomuser.me/api/portraits/med/men/57.jpg', 'thumbnail': 'https://randomuser.me/api/portraits/thumb/men/57.jpg'}, 'nat': 'CA'}</msg>
<arg>${json_data['results'][0]}</arg>
<doc>Logs the given message with the given level.</doc>
<status status="PASS" start="2024-07-30T16:20:29.002554" elapsed="0.000410"/>
</kw>
<kw name="Log" owner="BuiltIn">
<msg time="2024-07-30T16:20:29.003390" level="INFO">email</msg>
<arg>${key}</arg>
<doc>Logs the given message with the given level.</doc>
<status status="PASS" start="2024-07-30T16:20:29.003262" elapsed="0.000166"/>
</kw>
<var name="${key}">email</var>
<status status="PASS" start="2024-07-30T16:20:29.001758" elapsed="0.001883"/>
</iter>
<iter>
<kw name="Dictionary Should Contain Key" owner="Collections">
<arg>${json_data['results'][0]}</arg>
<arg>${key}</arg>
<doc>Fails if ``key`` is not found from ``dictionary``.</doc>
<status status="PASS" start="2024-07-30T16:20:29.003927" elapsed="0.000405"/>
</kw>
<kw name="Log" owner="BuiltIn">
<msg time="2024-07-30T16:20:29.004871" level="INFO">{'gender': 'male', 'name': {'title': 'Mr', 'first': 'Olivier', 'last': 'White'}, 'location': {'street': {'number': 805, 'name': 'Coastal Highway'}, 'city': 'Flatrock', 'state': 'British Columbia', 'country': 'Canada', 'postcode': 'F9P 0E1', 'coordinates': {'latitude': '-64.5439', 'longitude': '-85.4598'}, 'timezone': {'offset': '+11:00', 'description': 'Magadan, Solomon Islands, New Caledonia'}}, 'email': 'olivier.white@example.com', 'login': {'uuid': 'bff1451f-8e0a-4b96-bb19-6179a8864e7e', 'username': 'biglion460', 'password': 'pikachu', 'salt': 'G5bQRLAn', 'md5': '14d1e769f4c1eda61020f9da9e6e341d', 'sha1': 'f7062247fb7b212d6e8da1fee4d8fe7743567353', 'sha256': '602b6bdd7e5e2c44c239e2e033ccffec4c31ba651167fb765dc7a51b9454a232'}, 'dob': {'date': '1951-07-07T18:37:58.639Z', 'age': 73}, 'registered': {'date': '2011-12-20T15:40:28.725Z', 'age': 12}, 'phone': 'R55 J29-4989', 'cell': 'E83 F60-7578', 'id': {'name': 'SIN', 'value': '793663477'}, 'picture': {'large': 'https://randomuser.me/api/portraits/men/57.jpg', 'medium': 'https://randomuser.me/api/portraits/med/men/57.jpg', 'thumbnail': 'https://randomuser.me/api/portraits/thumb/men/57.jpg'}, 'nat': 'CA'}</msg>
<arg>${json_data['results'][0]}</arg>
<doc>Logs the given message with the given level.</doc>
<status status="PASS" start="2024-07-30T16:20:29.004518" elapsed="0.000399"/>
</kw>
<kw name="Log" owner="BuiltIn">
<msg time="2024-07-30T16:20:29.005333" level="INFO">login</msg>
<arg>${key}</arg>
<doc>Logs the given message with the given level.</doc>
<status status="PASS" start="2024-07-30T16:20:29.005206" elapsed="0.000164"/>
</kw>
<var name="${key}">login</var>
<status status="PASS" start="2024-07-30T16:20:29.003819" elapsed="0.001770"/>
</iter>
<var>${key}</var>
<value>@{expected_keys}</value>
<status status="PASS" start="2024-07-30T16:20:28.995610" elapsed="0.010101"/>
</for>
<kw name="Create List" owner="BuiltIn">
<msg time="2024-07-30T16:20:29.006071" level="INFO">${expected_keysTwo} = ['username', 'password']</msg>
<var>${expected_keysTwo}</var>
<arg>username</arg>
<arg>password</arg>
<doc>Returns a list containing given items.</doc>
<status status="PASS" start="2024-07-30T16:20:29.005900" elapsed="0.000195"/>
</kw>
<for flavor="IN">
<iter>
<kw name="Dictionary Should Contain Key" owner="Collections">
<arg>${json_data['results'][0]['login']}</arg>
<arg>${keyTwo}</arg>
<doc>Fails if ``key`` is not found from ``dictionary``.</doc>
<status status="PASS" start="2024-07-30T16:20:29.006594" elapsed="0.000389"/>
</kw>
<kw name="Dictionary Should Contain Key" owner="Collections">
<arg>${json_data['results'][0]['login']}</arg>
<arg>${keyTwo}</arg>
<doc>Fails if ``key`` is not found from ``dictionary``.</doc>
<status status="PASS" start="2024-07-30T16:20:29.007166" elapsed="0.000374"/>
</kw>
<kw name="Log" owner="BuiltIn">
<msg time="2024-07-30T16:20:29.007833" level="INFO">username</msg>
<arg>${keyTwo}</arg>
<doc>Logs the given message with the given level.</doc>
<status status="PASS" start="2024-07-30T16:20:29.007714" elapsed="0.000156"/>
</kw>
<var name="${keyTwo}">username</var>
<status status="PASS" start="2024-07-30T16:20:29.006485" elapsed="0.001601"/>
</iter>
<iter>
<kw name="Dictionary Should Contain Key" owner="Collections">
<arg>${json_data['results'][0]['login']}</arg>
<arg>${keyTwo}</arg>
<doc>Fails if ``key`` is not found from ``dictionary``.</doc>
<status status="PASS" start="2024-07-30T16:20:29.008398" elapsed="0.000387"/>
</kw>
<kw name="Dictionary Should Contain Key" owner="Collections">
<arg>${json_data['results'][0]['login']}</arg>
<arg>${keyTwo}</arg>
<doc>Fails if ``key`` is not found from ``dictionary``.</doc>
<status status="PASS" start="2024-07-30T16:20:29.008961" elapsed="0.000366"/>
</kw>
<kw name="Log" owner="BuiltIn">
<msg time="2024-07-30T16:20:29.009620" level="INFO">password</msg>
<arg>${keyTwo}</arg>
<doc>Logs the given message with the given level.</doc>
<status status="PASS" start="2024-07-30T16:20:29.009497" elapsed="0.000160"/>
</kw>
<var name="${keyTwo}">password</var>
<status status="PASS" start="2024-07-30T16:20:29.008255" elapsed="0.001620"/>
</iter>
<var>${keyTwo}</var>
<value>@{expected_keysTwo}</value>
<status status="PASS" start="2024-07-30T16:20:29.006333" elapsed="0.003663"/>
</for>
<status status="PASS" start="2024-07-30T16:20:14.951732" elapsed="14.058402"/>
</kw>
<doc>Testa a estrutura da resposta da API.</doc>
<tag>testeEstruturaResposta</tag>
<status status="PASS" start="2024-07-30T16:20:14.951041" elapsed="14.059251"/>
</test>
<test id="s1-s1-t4" name="Validar tipos de dados" line="28">
<kw name="Teste de Tipos de Dados" owner="random-user-service">
<kw name="GET On Session" owner="RequestsLibrary">
<msg time="2024-07-30T16:20:38.971917" level="INFO">GET Request : url=https://randomuser.me/api 
 path_url=/api 
 headers={'User-Agent': 'python-requests/2.32.3', 'Accept-Encoding': 'gzip, deflate', 'Accept': '*/*', 'Connection': 'keep-alive'} 
 body=None 
 </msg>
<msg time="2024-07-30T16:20:38.972033" level="INFO">GET Response : url=https://randomuser.me/api 
 status=200, reason=OK 
 headers={'Date': 'Tue, 30 Jul 2024 16:20:38 GMT', 'Content-Type': 'application/json; charset=utf-8', 'Transfer-Encoding': 'chunked', 'Connection': 'keep-alive', 'X-Powered-By': 'Express', 'Access-Control-Allow-Origin': '*', 'Cache-Control': 'no-cache', 'ETag': 'W/"481-SeqkDl1RoaT23WMD3gLwLDfylZw"', 'Vary': 'Accept-Encoding', 'Content-Encoding': 'gzip', 'CF-Cache-Status': 'DYNAMIC', 'Report-To': '{"endpoints":[{"url":"https:\\/\\/a.nel.cloudflare.com\\/report\\/v4?s=T7%2FWBwWmvIT5cqPZqzrda%2BEf4dLobep%2Fig4fa134sbEttsoGR5K3bKAVuaq9EzoEscum3fTXg2ZuHUX7%2BfM8jnI2wq65bH2VsCNthD41x%2Byxd6WF9%2FQiuKcGA5XOILoq"}],"group":"cf-nel","max_age":604800}', 'NEL': '{"success_fraction":0,"report_to":"cf-nel","max_age":604800}', 'Server': 'cloudflare', 'CF-RAY': '8ab6ad215ec78729-ORD', 'alt-svc': 'h3=":443"; ma=86400'} 
 body={"results":[{"gender":"male","name":{"title":"Mr","first":"Önal","last":"Ağaoğlu"},"location":{"street":{"number":3914,"name":"Vatan Cd"},"city":"Bartın","state":"Uşak","country":"Turkey","postcode":58564,"coordinates":{"latitude":"66.7349","longitude":"-154.6318"},"timezone":{"offset":"+11:00","description":"Magadan, Solomon Islands, New Caledonia"}},"email":"onal.agaoglu@example.com","login":{"uuid":"d2f6fec8-a037-4736-82e1-06d146184f60","username":"whitebutterfly103","password":"buffy1","salt":"QdlDDnzq","md5":"24768613735336f690f53c9b391559df","sha1":"05e6fc3d16cad5011478b40ac4f97a847768a17e","sha256":"b7b8db9edb477dc024eca4d1d83708f78168ce90aa586c3a4e17160966634cd1"},"dob":{"date":"1967-12-26T12:38:20.800Z","age":56},"registered":{"date":"2018-10-22T11:53:06.365Z","age":5},"phone":"(341)-529-3065","cell":"(351)-398-7995","id":{"name":"","value":null},"picture":{"large":"https://randomuser.me/api/portraits/men/9.jpg","medium":"https://randomuser.me/api/portraits/med/men/9.jpg","thumbnail":"https://randomuser.me/api/portraits/thumb/men/9.jpg"},"nat":"TR"}],"info":{"seed":"29ef9c04ad338980","results":1,"page":1,"version":"1.4"}} 
 </msg>
<msg time="2024-07-30T16:20:38.972122" level="INFO">/opt/hostedtoolcache/Python/3.12.4/x64/lib/python3.12/site-packages/urllib3/connectionpool.py:1099: InsecureRequestWarning: Unverified HTTPS request is being made to host 'randomuser.me'. Adding certificate verification is strongly advised. See: https://urllib3.readthedocs.io/en/latest/advanced-usage.html#tls-warnings
  warnings.warn(</msg>
<msg time="2024-07-30T16:20:38.972273" level="INFO">${response} = &lt;Response [200]&gt;</msg>
<var>${response}</var>
<arg>consultarAPI</arg>
<arg>/api</arg>
<doc>Sends a GET request on a previously created HTTP Session.</doc>
<status status="PASS" start="2024-07-30T16:20:29.012839" elapsed="9.959500"/>
</kw>
<kw name="Set Variable" owner="BuiltIn">
<msg time="2024-07-30T16:20:38.973602" level="INFO">${json_data} = {'results': [{'gender': 'male', 'name': {'title': 'Mr', 'first': 'Önal', 'last': 'Ağaoğlu'}, 'location': {'street': {'number': 3914, 'name': 'Vatan Cd'}, 'city': 'Bartın', 'state': 'Uşak', 'country': ...</msg>
<var>${json_data}</var>
<arg>${response.json()}</arg>
<doc>Returns the given values which can then be assigned to a variables.</doc>
<status status="PASS" start="2024-07-30T16:20:38.973052" elapsed="0.000580"/>
</kw>
<kw name="Log" owner="BuiltIn">
<msg time="2024-07-30T16:20:38.974107" level="INFO">{'results': [{'gender': 'male', 'name': {'title': 'Mr', 'first': 'Önal', 'last': 'Ağaoğlu'}, 'location': {'street': {'number': 3914, 'name': 'Vatan Cd'}, 'city': 'Bartın', 'state': 'Uşak', 'country': 'Turkey', 'postcode': 58564, 'coordinates': {'latitude': '66.7349', 'longitude': '-154.6318'}, 'timezone': {'offset': '+11:00', 'description': 'Magadan, Solomon Islands, New Caledonia'}}, 'email': 'onal.agaoglu@example.com', 'login': {'uuid': 'd2f6fec8-a037-4736-82e1-06d146184f60', 'username': 'whitebutterfly103', 'password': 'buffy1', 'salt': 'QdlDDnzq', 'md5': '24768613735336f690f53c9b391559df', 'sha1': '05e6fc3d16cad5011478b40ac4f97a847768a17e', 'sha256': 'b7b8db9edb477dc024eca4d1d83708f78168ce90aa586c3a4e17160966634cd1'}, 'dob': {'date': '1967-12-26T12:38:20.800Z', 'age': 56}, 'registered': {'date': '2018-10-22T11:53:06.365Z', 'age': 5}, 'phone': '(341)-529-3065', 'cell': '(351)-398-7995', 'id': {'name': '', 'value': None}, 'picture': {'large': 'https://randomuser.me/api/portraits/men/9.jpg', 'medium': 'https://randomuser.me/api/portraits/med/men/9.jpg', 'thumbnail': 'https://randomuser.me/api/portraits/thumb/men/9.jpg'}, 'nat': 'TR'}], 'info': {'seed': '29ef9c04ad338980', 'results': 1, 'page': 1, 'version': '1.4'}}</msg>
<arg>${json_data}</arg>
<doc>Logs the given message with the given level.</doc>
<status status="PASS" start="2024-07-30T16:20:38.973943" elapsed="0.000214"/>
</kw>
<kw name="Should Be String" owner="String">
<arg>${json_data['results'][0]['gender']}</arg>
<doc>Fails if the given ``item`` is not a string.</doc>
<status status="PASS" start="2024-07-30T16:20:38.974448" elapsed="0.000367"/>
</kw>
<kw name="Should Match Regexp" owner="BuiltIn">
<arg>${json_data['results'][0]['email']}</arg>
<arg>^[a-zA-Z0-9._%+-]+@[a-zA-Z0-9.-]+\.[a-zA-Z]{2,}$</arg>
<doc>Fails if ``string`` does not match ``pattern`` as a regular expression.</doc>
<status status="PASS" start="2024-07-30T16:20:38.975001" elapsed="0.000567"/>
</kw>
<kw name="Should Match Regexp" owner="BuiltIn">
<arg>${json_data['results'][0]['dob']['date']}</arg>
<arg>\\d{4}-\\d{2}-\\d{2}T\\d{2}:\\d{2}:\\d{2}\\.\\d{3}Z</arg>
<doc>Fails if ``string`` does not match ``pattern`` as a regular expression.</doc>
<status status="PASS" start="2024-07-30T16:20:38.975762" elapsed="0.000671"/>
</kw>
<kw name="Should Match Regexp" owner="BuiltIn">
<arg>${json_data['results'][0]['registered']['date']}</arg>
<arg>\\d{4}-\\d{2}-\\d{2}T\\d{2}:\\d{2}:\\d{2}\\.\\d{3}Z</arg>
<doc>Fails if ``string`` does not match ``pattern`` as a regular expression.</doc>
<status status="PASS" start="2024-07-30T16:20:38.976626" elapsed="0.000375"/>
</kw>
<kw name="Should Match Regexp" owner="BuiltIn">
<arg>${json_data['results'][0]['picture']['large']}</arg>
<arg>^https?://.*\.(?:png|jpe?g|gif|bmp)$</arg>
<doc>Fails if ``string`` does not match ``pattern`` as a regular expression.</doc>
<status status="PASS" start="2024-07-30T16:20:38.977183" elapsed="0.000455"/>
</kw>
<kw name="Should Match Regexp" owner="BuiltIn">
<arg>${json_data['results'][0]['picture']['medium']}</arg>
<arg>^https?://.*\.(?:png|jpe?g|gif|bmp)$</arg>
<doc>Fails if ``string`` does not match ``pattern`` as a regular expression.</doc>
<status status="PASS" start="2024-07-30T16:20:38.977823" elapsed="0.000347"/>
</kw>
<kw name="Should Match Regexp" owner="BuiltIn">
<arg>${json_data['results'][0]['picture']['thumbnail']}</arg>
<arg>^https?://.*\.(?:png|jpe?g|gif|bmp)$</arg>
<doc>Fails if ``string`` does not match ``pattern`` as a regular expression.</doc>
<status status="PASS" start="2024-07-30T16:20:38.978349" elapsed="0.000347"/>
</kw>
<kw name="Log" owner="BuiltIn">
<msg time="2024-07-30T16:20:38.979193" level="INFO">{'large': 'https://randomuser.me/api/portraits/men/9.jpg', 'medium': 'https://randomuser.me/api/portraits/med/men/9.jpg', 'thumbnail': 'https://randomuser.me/api/portraits/thumb/men/9.jpg'}</msg>
<arg>${json_data['results'][0]['picture']}</arg>
<doc>Logs the given message with the given level.</doc>
<status status="PASS" start="2024-07-30T16:20:38.978874" elapsed="0.000362"/>
</kw>
<status status="PASS" start="2024-07-30T16:20:29.012612" elapsed="9.966880"/>
</kw>
<kw name="Teste de Tipos de Dados - Postcode" owner="random-user-service">
<kw name="GET On Session" owner="RequestsLibrary">
<msg time="2024-07-30T16:20:48.382932" level="INFO">GET Request : url=https://randomuser.me/api 
 path_url=/api 
 headers={'User-Agent': 'python-requests/2.32.3', 'Accept-Encoding': 'gzip, deflate', 'Accept': '*/*', 'Connection': 'keep-alive'} 
 body=None 
 </msg>
<msg time="2024-07-30T16:20:48.383031" level="INFO">GET Response : url=https://randomuser.me/api 
 status=200, reason=OK 
 headers={'Date': 'Tue, 30 Jul 2024 16:20:48 GMT', 'Content-Type': 'application/json; charset=utf-8', 'Transfer-Encoding': 'chunked', 'Connection': 'keep-alive', 'X-Powered-By': 'Express', 'Access-Control-Allow-Origin': '*', 'Cache-Control': 'no-cache', 'ETag': 'W/"48e-urdM+L+B3yA7ioIlvQuk6HVzFcI"', 'Vary': 'Accept-Encoding', 'Content-Encoding': 'gzip', 'CF-Cache-Status': 'DYNAMIC', 'Report-To': '{"endpoints":[{"url":"https:\\/\\/a.nel.cloudflare.com\\/report\\/v4?s=k7Kh04U%2Bna9pt%2Fuml6IKKB3vYyr8UMSDwWjjV7z72NQoDNgcoHhBLdlCKkFgUk1WpJqzaNOI8Z3derBjDIWOOMKnnuPW%2BOyI2fA409RWzNZdzQJRAipP21nwKGoRwvwU"}],"group":"cf-nel","max_age":604800}', 'NEL': '{"success_fraction":0,"report_to":"cf-nel","max_age":604800}', 'Server': 'cloudflare', 'CF-RAY': '8ab6ad5fae9b8729-ORD', 'alt-svc': 'h3=":443"; ma=86400'} 
 body={"results":[{"gender":"female","name":{"title":"Miss","first":"Line","last":"Chevalier"},"location":{"street":{"number":5211,"name":"Rue Courbet"},"city":"Metz","state":"Var","country":"France","postcode":78130,"coordinates":{"latitude":"-15.0916","longitude":"136.5990"},"timezone":{"offset":"-1:00","description":"Azores, Cape Verde Islands"}},"email":"line.chevalier@example.com","login":{"uuid":"8206877f-ceab-4683-a259-20ed640a89e6","username":"organiccat103","password":"figaro","salt":"6PRAFn4j","md5":"b3b3bfd0121772321c076e6ee24742af","sha1":"5612fb0a2255357a2853aedb1203c1e7a14d8eec","sha256":"3c39b83c53f5321775acf32c2666d2f2e1f41c3c41c79a8fbfa793bbcf77f116"},"dob":{"date":"1995-01-20T15:17:48.973Z","age":29},"registered":{"date":"2019-01-21T18:41:29.996Z","age":5},"phone":"02-06-55-94-38","cell":"06-94-87-39-44","id":{"name":"INSEE","value":"2950053673433 60"},"picture":{"large":"https://randomuser.me/api/portraits/women/36.jpg","medium":"https://randomuser.me/api/portraits/med/women/36.jpg","thumbnail":"https://randomuser.me/api/portraits/thumb/women/36.jpg"},"nat":"FR"}],"info":{"seed":"036798d5bbd30ce9","results":1,"page":1,"version":"1.4"}} 
 </msg>
<msg time="2024-07-30T16:20:48.383105" level="INFO">/opt/hostedtoolcache/Python/3.12.4/x64/lib/python3.12/site-packages/urllib3/connectionpool.py:1099: InsecureRequestWarning: Unverified HTTPS request is being made to host 'randomuser.me'. Adding certificate verification is strongly advised. See: https://urllib3.readthedocs.io/en/latest/advanced-usage.html#tls-warnings
  warnings.warn(</msg>
<msg time="2024-07-30T16:20:48.383224" level="INFO">${response} = &lt;Response [200]&gt;</msg>
<var>${response}</var>
<arg>consultarAPI</arg>
<arg>/api</arg>
<doc>Sends a GET request on a previously created HTTP Session.</doc>
<status status="PASS" start="2024-07-30T16:20:38.979943" elapsed="9.403311"/>
</kw>
<kw name="Set Variable" owner="BuiltIn">
<msg time="2024-07-30T16:20:48.384352" level="INFO">${json_data} = {'results': [{'gender': 'female', 'name': {'title': 'Miss', 'first': 'Line', 'last': 'Chevalier'}, 'location': {'street': {'number': 5211, 'name': 'Rue Courbet'}, 'city': 'Metz', 'state': 'Var', 'coun...</msg>
<var>${json_data}</var>
<arg>${response.json()}</arg>
<doc>Returns the given values which can then be assigned to a variables.</doc>
<status status="PASS" start="2024-07-30T16:20:48.383807" elapsed="0.000577"/>
</kw>
<kw name="Log" owner="BuiltIn">
<msg time="2024-07-30T16:20:48.384862" level="INFO">{'results': [{'gender': 'female', 'name': {'title': 'Miss', 'first': 'Line', 'last': 'Chevalier'}, 'location': {'street': {'number': 5211, 'name': 'Rue Courbet'}, 'city': 'Metz', 'state': 'Var', 'country': 'France', 'postcode': 78130, 'coordinates': {'latitude': '-15.0916', 'longitude': '136.5990'}, 'timezone': {'offset': '-1:00', 'description': 'Azores, Cape Verde Islands'}}, 'email': 'line.chevalier@example.com', 'login': {'uuid': '8206877f-ceab-4683-a259-20ed640a89e6', 'username': 'organiccat103', 'password': 'figaro', 'salt': '6PRAFn4j', 'md5': 'b3b3bfd0121772321c076e6ee24742af', 'sha1': '5612fb0a2255357a2853aedb1203c1e7a14d8eec', 'sha256': '3c39b83c53f5321775acf32c2666d2f2e1f41c3c41c79a8fbfa793bbcf77f116'}, 'dob': {'date': '1995-01-20T15:17:48.973Z', 'age': 29}, 'registered': {'date': '2019-01-21T18:41:29.996Z', 'age': 5}, 'phone': '02-06-55-94-38', 'cell': '06-94-87-39-44', 'id': {'name': 'INSEE', 'value': '2950053673433 60'}, 'picture': {'large': 'https://randomuser.me/api/portraits/women/36.jpg', 'medium': 'https://randomuser.me/api/portraits/med/women/36.jpg', 'thumbnail': 'https://randomuser.me/api/portraits/thumb/women/36.jpg'}, 'nat': 'FR'}], 'info': {'seed': '036798d5bbd30ce9', 'results': 1, 'page': 1, 'version': '1.4'}}</msg>
<arg>${json_data}</arg>
<doc>Logs the given message with the given level.</doc>
<status status="PASS" start="2024-07-30T16:20:48.384701" elapsed="0.000208"/>
</kw>
<kw name="Should Be Equal As Numbers" owner="BuiltIn">
<arg>${json_data['results'][0]['location']['postcode']}</arg>
<arg>${json_data['results'][0]['location']['postcode']}</arg>
<doc>Fails if objects are unequal after converting them to real numbers.</doc>
<status status="PASS" start="2024-07-30T16:20:48.385200" elapsed="0.000626"/>
</kw>
<kw name="Log" owner="BuiltIn">
<msg time="2024-07-30T16:20:48.386348" level="INFO">78130</msg>
<arg>${json_data['results'][0]['location']['postcode']}</arg>
<doc>Logs the given message with the given level.</doc>
<status status="PASS" start="2024-07-30T16:20:48.386018" elapsed="0.000405"/>
</kw>
<status status="PASS" start="2024-07-30T16:20:38.979716" elapsed="9.406976"/>
</kw>
<doc>Testa se os tipos de dados na resposta da API estão corretos.</doc>
<tag>testeTiposDados</tag>
<status status="PASS" start="2024-07-30T16:20:29.012040" elapsed="19.374823"/>
</test>
<test id="s1-s1-t5" name="Validar conteudo" line="35">
<kw name="Teste de Tipos de Conteudo" owner="random-user-service">
<kw name="GET On Session" owner="RequestsLibrary">
<msg time="2024-07-30T16:20:55.927640" level="INFO">GET Request : url=https://randomuser.me/api 
 path_url=/api 
 headers={'User-Agent': 'python-requests/2.32.3', 'Accept-Encoding': 'gzip, deflate', 'Accept': '*/*', 'Connection': 'keep-alive'} 
 body=None 
 </msg>
<msg time="2024-07-30T16:20:55.927751" level="INFO">GET Response : url=https://randomuser.me/api 
 status=200, reason=OK 
 headers={'Date': 'Tue, 30 Jul 2024 16:20:55 GMT', 'Content-Type': 'application/json; charset=utf-8', 'Transfer-Encoding': 'chunked', 'Connection': 'keep-alive', 'X-Powered-By': 'Express', 'Access-Control-Allow-Origin': '*', 'Cache-Control': 'no-cache', 'ETag': 'W/"49e-wxiQh2jBNQfv0WqQSUnpf/QhuO8"', 'Vary': 'Accept-Encoding', 'Content-Encoding': 'gzip', 'CF-Cache-Status': 'DYNAMIC', 'Report-To': '{"endpoints":[{"url":"https:\\/\\/a.nel.cloudflare.com\\/report\\/v4?s=l6DhFuhuJrV%2BTXTaEJMKgeD0ACbOiM92G1fCY%2ByU2ffhAZWkgOssPaSAUHMbcg2Vthcwi%2BQl3IffSCXtArYsJvy7gDfisnIAaoWE%2FNHRaSh5X7QjsoIsN4OKtyeFGxEv"}],"group":"cf-nel","max_age":604800}', 'NEL': '{"success_fraction":0,"report_to":"cf-nel","max_age":604800}', 'Server': 'cloudflare', 'CF-RAY': '8ab6ad9a79548729-ORD', 'alt-svc': 'h3=":443"; ma=86400'} 
 body={"results":[{"gender":"female","name":{"title":"Ms","first":"Abigail","last":"Terry"},"location":{"street":{"number":2377,"name":"Green Rd"},"city":"San Bernardino","state":"Kansas","country":"United States","postcode":67755,"coordinates":{"latitude":"84.7462","longitude":"140.8875"},"timezone":{"offset":"+9:00","description":"Tokyo, Seoul, Osaka, Sapporo, Yakutsk"}},"email":"abigail.terry@example.com","login":{"uuid":"0ede35c4-a9c9-4710-bac9-d7a6b1558e88","username":"organicswan512","password":"shai","salt":"LULCgcDM","md5":"2141c885854e02c63b2f8ec02e0c2e01","sha1":"dfa2e89db512478c69adeedfccf00f446912455e","sha256":"3ee49cc9dbf08ab0c6cc922016b1741febbba08d1b08a56adb00a76a4eebc569"},"dob":{"date":"1980-04-17T23:18:47.033Z","age":44},"registered":{"date":"2010-09-22T02:41:43.672Z","age":13},"phone":"(233) 685-5884","cell":"(288) 635-6778","id":{"name":"SSN","value":"608-50-6407"},"picture":{"large":"https://randomuser.me/api/portraits/women/67.jpg","medium":"https://randomuser.me/api/portraits/med/women/67.jpg","thumbnail":"https://randomuser.me/api/portraits/thumb/women/67.jpg"},"nat":"US"}],"info":{"seed":"3aa3e879c65839d7","results":1,"page":1,"version":"1.4"}} 
 </msg>
<msg time="2024-07-30T16:20:55.927837" level="INFO">/opt/hostedtoolcache/Python/3.12.4/x64/lib/python3.12/site-packages/urllib3/connectionpool.py:1099: InsecureRequestWarning: Unverified HTTPS request is being made to host 'randomuser.me'. Adding certificate verification is strongly advised. See: https://urllib3.readthedocs.io/en/latest/advanced-usage.html#tls-warnings
  warnings.warn(</msg>
<msg time="2024-07-30T16:20:55.927982" level="INFO">${response} = &lt;Response [200]&gt;</msg>
<var>${response}</var>
<arg>consultarAPI</arg>
<arg>/api</arg>
<doc>Sends a GET request on a previously created HTTP Session.</doc>
<status status="PASS" start="2024-07-30T16:20:48.389351" elapsed="7.538681"/>
</kw>
<kw name="Set Variable" owner="BuiltIn">
<msg time="2024-07-30T16:20:55.929247" level="INFO">${json_data} = {'results': [{'gender': 'female', 'name': {'title': 'Ms', 'first': 'Abigail', 'last': 'Terry'}, 'location': {'street': {'number': 2377, 'name': 'Green Rd'}, 'city': 'San Bernardino', 'state': 'Kansas'...</msg>
<var>${json_data}</var>
<arg>${response.json()}</arg>
<doc>Returns the given values which can then be assigned to a variables.</doc>
<status status="PASS" start="2024-07-30T16:20:55.928715" elapsed="0.000562"/>
</kw>
<kw name="Set Variable" owner="BuiltIn">
<msg time="2024-07-30T16:20:55.929973" level="INFO">${name_title} = Ms</msg>
<var>${name_title}</var>
<arg>${json_data["results"][0]["name"]["title"]}</arg>
<doc>Returns the given values which can then be assigned to a variables.</doc>
<status status="PASS" start="2024-07-30T16:20:55.929581" elapsed="0.000417"/>
</kw>
<kw name="Create List" owner="BuiltIn">
<msg time="2024-07-30T16:20:55.930451" level="INFO">${allowed_titles} = ['Mr', 'Ms', 'Miss', 'Mrs', 'Madame', 'Monsieur']</msg>
<var>${allowed_titles}</var>
<arg>Mr</arg>
<arg>Ms</arg>
<arg>Miss</arg>
<arg>Mrs</arg>
<arg>Madame</arg>
<arg>Monsieur</arg>
<doc>Returns a list containing given items.</doc>
<status status="PASS" start="2024-07-30T16:20:55.930293" elapsed="0.000183"/>
</kw>
<kw name="List Should Contain Value" owner="Collections">
<arg>${allowed_titles}</arg>
<arg>${name_title}</arg>
<doc>Fails if the ``value`` is not found from ``list``.</doc>
<status status="PASS" start="2024-07-30T16:20:55.930769" elapsed="0.000189"/>
</kw>
<kw name="Set Variable" owner="BuiltIn">
<msg time="2024-07-30T16:20:55.931505" level="INFO">${name_country} = US</msg>
<var>${name_country}</var>
<arg>${json_data["results"][0]["nat"]}</arg>
<doc>Returns the given values which can then be assigned to a variables.</doc>
<status status="PASS" start="2024-07-30T16:20:55.931138" elapsed="0.000392"/>
</kw>
<kw name="Create List" owner="BuiltIn">
<msg time="2024-07-30T16:20:55.932455" level="INFO">${list_country} = ['AD', 'AE', 'AF', 'AG', 'AI', 'AL', 'AM', 'AO', 'AQ', 'AR', 'AS', 'AT', 'AU', 'AW', 'AX', 'AZ', 'BA', 'BB', 'BD', 'BE', 'BF', 'BG', 'BH', 'BI', 'BJ', 'BL', 'BM', 'BN', 'BO', 'BQ', 'BR', 'BS', 'BT', '...</msg>
<var>${list_country}</var>
<arg>AD</arg>
<arg>AE</arg>
<arg>AF</arg>
<arg>AG</arg>
<arg>AI</arg>
<arg>AL</arg>
<arg>AM</arg>
<arg>AO</arg>
<arg>AQ</arg>
<arg>AR</arg>
<arg>AS</arg>
<arg>AT</arg>
<arg>AU</arg>
<arg>AW</arg>
<arg>AX</arg>
<arg>AZ</arg>
<arg>BA</arg>
<arg>BB</arg>
<arg>BD</arg>
<arg>BE</arg>
<arg>BF</arg>
<arg>BG</arg>
<arg>BH</arg>
<arg>BI</arg>
<arg>BJ</arg>
<arg>BL</arg>
<arg>BM</arg>
<arg>BN</arg>
<arg>BO</arg>
<arg>BQ</arg>
<arg>BR</arg>
<arg>BS</arg>
<arg>BT</arg>
<arg>BV</arg>
<arg>BW</arg>
<arg>BY</arg>
<arg>BZ</arg>
<arg>CA</arg>
<arg>CC</arg>
<arg>CD</arg>
<arg>CF</arg>
<arg>CG</arg>
<arg>CH</arg>
<arg>CI</arg>
<arg>CK</arg>
<arg>CL</arg>
<arg>CM</arg>
<arg>CN</arg>
<arg>CO</arg>
<arg>CR</arg>
<arg>CU</arg>
<arg>CV</arg>
<arg>CW</arg>
<arg>CX</arg>
<arg>CY</arg>
<arg>CZ</arg>
<arg>DE</arg>
<arg>DJ</arg>
<arg>DK</arg>
<arg>DM</arg>
<arg>DO</arg>
<arg>DZ</arg>
<arg>EC</arg>
<arg>EE</arg>
<arg>EG</arg>
<arg>EH</arg>
<arg>ER</arg>
<arg>ES</arg>
<arg>ET</arg>
<arg>FI</arg>
<arg>FJ</arg>
<arg>FK</arg>
<arg>FM</arg>
<arg>FO</arg>
<arg>FR</arg>
<arg>GA</arg>
<arg>GB</arg>
<arg>GD</arg>
<arg>GE</arg>
<arg>GF</arg>
<arg>GG</arg>
<arg>GH</arg>
<arg>GI</arg>
<arg>GL</arg>
<arg>GM</arg>
<arg>GN</arg>
<arg>GP</arg>
<arg>GQ</arg>
<arg>GR</arg>
<arg>GS</arg>
<arg>GT</arg>
<arg>GU</arg>
<arg>GW</arg>
<arg>GY</arg>
<arg>HK</arg>
<arg>HM</arg>
<arg>HN</arg>
<arg>HR</arg>
<arg>HT</arg>
<arg>HU</arg>
<arg>ID</arg>
<arg>IE</arg>
<arg>IL</arg>
<arg>IM</arg>
<arg>IN</arg>
<arg>IO</arg>
<arg>IQ</arg>
<arg>IR</arg>
<arg>IS</arg>
<arg>IT</arg>
<arg>JE</arg>
<arg>JM</arg>
<arg>JO</arg>
<arg>JP</arg>
<arg>KE</arg>
<arg>KG</arg>
<arg>KH</arg>
<arg>KI</arg>
<arg>KM</arg>
<arg>KN</arg>
<arg>KP</arg>
<arg>KR</arg>
<arg>KW</arg>
<arg>KY</arg>
<arg>KZ</arg>
<arg>LA</arg>
<arg>LB</arg>
<arg>LC</arg>
<arg>LI</arg>
<arg>LK</arg>
<arg>LR</arg>
<arg>LS</arg>
<arg>LT</arg>
<arg>LU</arg>
<arg>LV</arg>
<arg>LY</arg>
<arg>MA</arg>
<arg>MC</arg>
<arg>MD</arg>
<arg>ME</arg>
<arg>MF</arg>
<arg>MG</arg>
<arg>MH</arg>
<arg>MK</arg>
<arg>ML</arg>
<arg>MM</arg>
<arg>MN</arg>
<arg>MO</arg>
<arg>MP</arg>
<arg>MQ</arg>
<arg>MR</arg>
<arg>MS</arg>
<arg>MT</arg>
<arg>MU</arg>
<arg>MV</arg>
<arg>MW</arg>
<arg>MX</arg>
<arg>MY</arg>
<arg>MZ</arg>
<arg>NA</arg>
<arg>NC</arg>
<arg>NE</arg>
<arg>NF</arg>
<arg>NG</arg>
<arg>NI</arg>
<arg>NL</arg>
<arg>NO</arg>
<arg>NP</arg>
<arg>NR</arg>
<arg>NU</arg>
<arg>NZ</arg>
<arg>OM</arg>
<arg>PA</arg>
<arg>PE</arg>
<arg>PF</arg>
<arg>PG</arg>
<arg>PH</arg>
<arg>PK</arg>
<arg>PL</arg>
<arg>PM</arg>
<arg>PN</arg>
<arg>PR</arg>
<arg>PS</arg>
<arg>PT</arg>
<arg>PW</arg>
<arg>PY</arg>
<arg>QA</arg>
<arg>RE</arg>
<arg>RO</arg>
<arg>RS</arg>
<arg>RU</arg>
<arg>RW</arg>
<arg>SA</arg>
<arg>SB</arg>
<arg>SC</arg>
<arg>SD</arg>
<arg>SE</arg>
<arg>SG</arg>
<arg>SH</arg>
<arg>SI</arg>
<arg>SJ</arg>
<arg>SK</arg>
<arg>SL</arg>
<arg>SM</arg>
<arg>SN</arg>
<arg>SO</arg>
<arg>SR</arg>
<arg>SS</arg>
<arg>ST</arg>
<arg>SV</arg>
<arg>SX</arg>
<arg>SY</arg>
<arg>SZ</arg>
<arg>TC</arg>
<arg>TD</arg>
<arg>TF</arg>
<arg>TG</arg>
<arg>TH</arg>
<arg>TJ</arg>
<arg>TK</arg>
<arg>TL</arg>
<arg>TM</arg>
<arg>TN</arg>
<arg>TO</arg>
<arg>TR</arg>
<arg>TT</arg>
<arg>TV</arg>
<arg>TW</arg>
<arg>TZ</arg>
<arg>UA</arg>
<arg>UG</arg>
<arg>UM</arg>
<arg>US</arg>
<arg>UY</arg>
<arg>UZ</arg>
<arg>VA</arg>
<arg>VC</arg>
<arg>VE</arg>
<arg>VG</arg>
<arg>VI</arg>
<arg>VN</arg>
<arg>VU</arg>
<arg>WF</arg>
<arg>WS</arg>
<arg>XK</arg>
<arg>YE</arg>
<arg>YT</arg>
<arg>ZA</arg>
<arg>ZM</arg>
<arg>ZW</arg>
<doc>Returns a list containing given items.</doc>
<status status="PASS" start="2024-07-30T16:20:55.931817" elapsed="0.000665"/>
</kw>
<kw name="List Should Contain Value" owner="Collections">
<arg>${list_country}</arg>
<arg>${name_country}</arg>
<doc>Fails if the ``value`` is not found from ``list``.</doc>
<status status="PASS" start="2024-07-30T16:20:55.933473" elapsed="0.000217"/>
</kw>
<kw name="Run Keyword If" owner="BuiltIn">
<kw name="Should Be True" owner="BuiltIn">
<arg>${True}</arg>
<doc>Fails if the given condition is not true.</doc>
<status status="PASS" start="2024-07-30T16:20:55.934653" elapsed="0.000141"/>
</kw>
<arg>${json_data["results"][0]["location"]["coordinates"]["latitude"]} &gt;= -90 and ${json_data["results"][0]["location"]["coordinates"]["latitude"]} &lt;= 90</arg>
<arg>Should Be True</arg>
<arg>${True}</arg>
<doc>Runs the given keyword with the given arguments, if ``condition`` is true.</doc>
<status status="PASS" start="2024-07-30T16:20:55.933893" elapsed="0.001025"/>
</kw>
<kw name="Run Keyword If" owner="BuiltIn">
<kw name="Should Be True" owner="BuiltIn">
<arg>${True}</arg>
<doc>Fails if the given condition is not true.</doc>
<status status="PASS" start="2024-07-30T16:20:55.935782" elapsed="0.000137"/>
</kw>
<arg>${json_data["results"][0]["location"]["coordinates"]["longitude"]} &gt;= -180 and ${json_data["results"][0]["location"]["coordinates"]["longitude"]} &lt;= 180</arg>
<arg>Should Be True</arg>
<arg>${True}</arg>
<doc>Runs the given keyword with the given arguments, if ``condition`` is true.</doc>
<status status="PASS" start="2024-07-30T16:20:55.935097" elapsed="0.000947"/>
</kw>
<status status="PASS" start="2024-07-30T16:20:48.389127" elapsed="7.547047"/>
</kw>
<doc>Testa o conteúdo específico dos campos retornados pela API.</doc>
<tag>testeConteudo</tag>
<status status="PASS" start="2024-07-30T16:20:48.388663" elapsed="7.547696"/>
</test>
<status status="PASS" start="2024-07-30T16:20:01.075357" elapsed="54.862996"/>
</suite>
<status status="PASS" start="2024-07-30T16:20:01.060659" elapsed="54.883378"/>
</suite>
<statistics>
<total>
<stat pass="5" fail="0" skip="0">All Tests</stat>
</total>
<tag>
<stat pass="1" fail="0" skip="0">testeConteudo</stat>
<stat pass="1" fail="0" skip="0">testeEstruturaResposta</stat>
<stat pass="1" fail="0" skip="0">testeRequisicaoBasica</stat>
<stat pass="1" fail="0" skip="0">testeTiposDados</stat>
</tag>
<suite>
<stat pass="5" fail="0" skip="0" id="s1" name="Tests">Tests</stat>
<stat pass="5" fail="0" skip="0" id="s1-s1" name="Random-User-Test">Tests.Random-User-Test</stat>
</suite>
</statistics>
<errors>
</errors>
</robot>
