<?xml version="1.0" encoding="UTF-8"?>
<robot generator="Robot 7.0.1 (Python 3.12.4 on linux)" generated="2024-08-06T04:19:15.687362" rpa="false" schemaversion="5">
<suite id="s1" name="Tests" source="/home/runner/work/ApiRandomUser/ApiRandomUser/RamdonUser/tests">
<suite id="s1-s1" name="Random-User-Test" source="/home/runner/work/ApiRandomUser/ApiRandomUser/RamdonUser/tests/random-user-test.robot">
<test id="s1-s1-t1" name="Conectar" line="13">
<kw name="Conectar API" owner="random-user-service">
<kw name="Create Session" owner="RequestsLibrary">
<msg time="2024-08-06T04:19:16.183431" level="INFO">Creating Session using : alias=consultarAPI, url=https://randomuser.me/, headers={},                     cookies={}, auth=None, timeout=None, proxies=None, verify=False,                     debug=0 </msg>
<arg>consultarAPI</arg>
<arg>${URL}</arg>
<doc>Create Session: create a HTTP session to a server</doc>
<status status="PASS" start="2024-08-06T04:19:16.183157" elapsed="0.000541"/>
</kw>
<status status="PASS" start="2024-08-06T04:19:16.181782" elapsed="0.002403"/>
</kw>
<status status="PASS" start="2024-08-06T04:19:16.180931" elapsed="0.003472"/>
</test>
<test id="s1-s1-t2" name="Validar retorno 200 e JSON Válido" line="16">
<kw name="Teste de Requisicao Basica" owner="random-user-service">
<kw name="GET On Session" owner="RequestsLibrary">
<msg time="2024-08-06T04:19:16.403507" level="INFO">GET Request : url=https://randomuser.me/api 
 path_url=/api 
 headers={'User-Agent': 'python-requests/2.32.3', 'Accept-Encoding': 'gzip, deflate', 'Accept': '*/*', 'Connection': 'keep-alive'} 
 body=None 
 </msg>
<msg time="2024-08-06T04:19:16.403763" level="INFO">GET Response : url=https://randomuser.me/api 
 status=200, reason=OK 
 headers={'Date': 'Tue, 06 Aug 2024 04:19:16 GMT', 'Content-Type': 'application/json; charset=utf-8', 'Transfer-Encoding': 'chunked', 'Connection': 'keep-alive', 'X-Powered-By': 'Express', 'Access-Control-Allow-Origin': '*', 'Cache-Control': 'no-cache', 'ETag': 'W/"49a-jyjJG9lifXi1TMmT1ASN+pCxfGw"', 'Vary': 'Accept-Encoding', 'Content-Encoding': 'gzip', 'CF-Cache-Status': 'DYNAMIC', 'Report-To': '{"endpoints":[{"url":"https:\\/\\/a.nel.cloudflare.com\\/report\\/v4?s=1zlLcmECB%2BpGqyE%2B6VcFrXp0JdmQ0woPblsHrGj6fa8Yb4dimlOftNNS%2FF4HHoMh9uer7pRw6RD1BQHlG6N0vJA5mRzokdUl8nWckzfDbDGI4OIp%2BuViBBD%2FhncSEfb7"}],"group":"cf-nel","max_age":604800}', 'NEL': '{"success_fraction":0,"report_to":"cf-nel","max_age":604800}', 'Server': 'cloudflare', 'CF-RAY': '8aec3a4b5d660603-IAD', 'alt-svc': 'h3=":443"; ma=86400'} 
 body={"results":[{"gender":"female","name":{"title":"Miss","first":"Joan","last":"Hernandez"},"location":{"street":{"number":9736,"name":"Smokey Ln"},"city":"Warren","state":"Oklahoma","country":"United States","postcode":27794,"coordinates":{"latitude":"82.6435","longitude":"19.1252"},"timezone":{"offset":"+1:00","description":"Brussels, Copenhagen, Madrid, Paris"}},"email":"joan.hernandez@example.com","login":{"uuid":"7637fcfb-33eb-4c14-b75c-e9ecc9e9a4ac","username":"silverwolf648","password":"fallen","salt":"o5TXgs7B","md5":"f38380f2481588d64cc3ccaf30168163","sha1":"30e117c7aad9b7d79fce9795a333ff822b370156","sha256":"27f6e9f2051cdd6fb5ea31a79fd7ddb17ab6112887bf7b28c437c80553e739d4"},"dob":{"date":"1997-11-04T21:58:41.757Z","age":26},"registered":{"date":"2017-12-30T21:31:58.758Z","age":6},"phone":"(696) 726-7793","cell":"(918) 255-2948","id":{"name":"SSN","value":"044-42-6837"},"picture":{"large":"https://randomuser.me/api/portraits/women/76.jpg","medium":"https://randomuser.me/api/portraits/med/women/76.jpg","thumbnail":"https://randomuser.me/api/portraits/thumb/women/76.jpg"},"nat":"US"}],"info":{"seed":"6b70033c9a87fa9f","results":1,"page":1,"version":"1.4"}} 
 </msg>
<msg time="2024-08-06T04:19:16.403898" level="INFO">/opt/hostedtoolcache/Python/3.12.4/x64/lib/python3.12/site-packages/urllib3/connectionpool.py:1099: InsecureRequestWarning: Unverified HTTPS request is being made to host 'randomuser.me'. Adding certificate verification is strongly advised. See: https://urllib3.readthedocs.io/en/latest/advanced-usage.html#tls-warnings
  warnings.warn(</msg>
<msg time="2024-08-06T04:19:16.404133" level="INFO">${response} = &lt;Response [200]&gt;</msg>
<var>${response}</var>
<arg>consultarAPI</arg>
<arg>/api</arg>
<doc>Sends a GET request on a previously created HTTP Session.</doc>
<status status="PASS" start="2024-08-06T04:19:16.188904" elapsed="0.215287"/>
</kw>
<kw name="Should Be Equal As Numbers" owner="BuiltIn">
<msg time="2024-08-06T04:19:16.406150" level="INFO">Argument types are:
&lt;class 'int'&gt;
&lt;class 'str'&gt;</msg>
<arg>${response.status_code}</arg>
<arg>200</arg>
<doc>Fails if objects are unequal after converting them to real numbers.</doc>
<status status="PASS" start="2024-08-06T04:19:16.405390" elapsed="0.000858"/>
</kw>
<kw name="Log" owner="BuiltIn">
<msg time="2024-08-06T04:19:16.407285" level="INFO">200</msg>
<arg>${response.status_code}</arg>
<doc>Logs the given message with the given level.</doc>
<status status="PASS" start="2024-08-06T04:19:16.406774" elapsed="0.000566"/>
</kw>
<kw name="Set Variable" owner="BuiltIn">
<msg time="2024-08-06T04:19:16.408292" level="INFO">${json_data} = {'results': [{'gender': 'female', 'name': {'title': 'Miss', 'first': 'Joan', 'last': 'Hernandez'}, 'location': {'street': {'number': 9736, 'name': 'Smokey Ln'}, 'city': 'Warren', 'state': 'Oklahoma', ...</msg>
<var>${json_data}</var>
<arg>${response.json()}</arg>
<doc>Returns the given values which can then be assigned to a variables.</doc>
<status status="PASS" start="2024-08-06T04:19:16.407718" elapsed="0.000607"/>
</kw>
<kw name="Dictionary Should Contain Key" owner="Collections">
<arg>${json_data}</arg>
<arg>results</arg>
<doc>Fails if ``key`` is not found from ``dictionary``.</doc>
<status status="PASS" start="2024-08-06T04:19:16.408664" elapsed="0.000469"/>
</kw>
<status status="PASS" start="2024-08-06T04:19:16.188477" elapsed="0.220844"/>
</kw>
<doc>Testa se a API responde corretamente e retorna um objeto JSON válido.</doc>
<tag>testeRequisicaoBasica</tag>
<status status="PASS" start="2024-08-06T04:19:16.187685" elapsed="0.221867"/>
</test>
<test id="s1-s1-t3" name="Validar estrutura de resposta" line="22">
<kw name="Teste de Estrutura de Resposta" owner="random-user-service">
<kw name="GET On Session" owner="RequestsLibrary">
<msg time="2024-08-06T04:19:16.523070" level="INFO">GET Request : url=https://randomuser.me/api 
 path_url=/api 
 headers={'User-Agent': 'python-requests/2.32.3', 'Accept-Encoding': 'gzip, deflate', 'Accept': '*/*', 'Connection': 'keep-alive'} 
 body=None 
 </msg>
<msg time="2024-08-06T04:19:16.523240" level="INFO">GET Response : url=https://randomuser.me/api 
 status=200, reason=OK 
 headers={'Date': 'Tue, 06 Aug 2024 04:19:16 GMT', 'Content-Type': 'application/json; charset=utf-8', 'Transfer-Encoding': 'chunked', 'Connection': 'keep-alive', 'X-Powered-By': 'Express', 'Access-Control-Allow-Origin': '*', 'Cache-Control': 'no-cache', 'ETag': 'W/"496-aUq6ncYabrCRykEC0Xv/pekli84"', 'Vary': 'Accept-Encoding', 'Content-Encoding': 'gzip', 'CF-Cache-Status': 'DYNAMIC', 'Report-To': '{"endpoints":[{"url":"https:\\/\\/a.nel.cloudflare.com\\/report\\/v4?s=NESx3BXpkxdG9ybxLnsfGDMFh83DXTQrgBWgsROGw7onFMa3IoIM4afqdeT33BGQ035FomlAkYCdj8mAC%2FSYXc6ypiYIwzMzmWfAxbb8yMmAaqfW%2B3qxrjjAzolA7i0I"}],"group":"cf-nel","max_age":604800}', 'NEL': '{"success_fraction":0,"report_to":"cf-nel","max_age":604800}', 'Server': 'cloudflare', 'CF-RAY': '8aec3a4b9dbc0603-IAD', 'alt-svc': 'h3=":443"; ma=86400'} 
 body={"results":[{"gender":"female","name":{"title":"Ms","first":"Saheli","last":"Gatty"},"location":{"street":{"number":761,"name":"Gali Paranthe Wali"},"city":"Jodhpur","state":"Jammu and Kashmir","country":"India","postcode":60219,"coordinates":{"latitude":"12.5637","longitude":"131.5103"},"timezone":{"offset":"-3:00","description":"Brazil, Buenos Aires, Georgetown"}},"email":"saheli.gatty@example.com","login":{"uuid":"a5c51476-8bd9-4a17-a8bb-e9c2ed36c9e8","username":"sadtiger645","password":"ramsey","salt":"T3KPeEzI","md5":"f2bc418728ad0684406e80281f421004","sha1":"f80a4504c4074584079b51024359a69d6539fb14","sha256":"399ec42c2e2b246881d57d4f7ae368647e45f39e89d83849de4615785feb18d3"},"dob":{"date":"1989-05-07T22:21:07.897Z","age":35},"registered":{"date":"2005-04-21T00:49:57.776Z","age":19},"phone":"9237585134","cell":"8049451641","id":{"name":"UIDAI","value":"839422376139"},"picture":{"large":"https://randomuser.me/api/portraits/women/90.jpg","medium":"https://randomuser.me/api/portraits/med/women/90.jpg","thumbnail":"https://randomuser.me/api/portraits/thumb/women/90.jpg"},"nat":"IN"}],"info":{"seed":"4f5f13cad1713472","results":1,"page":1,"version":"1.4"}} 
 </msg>
<msg time="2024-08-06T04:19:16.523454" level="INFO">/opt/hostedtoolcache/Python/3.12.4/x64/lib/python3.12/site-packages/urllib3/connectionpool.py:1099: InsecureRequestWarning: Unverified HTTPS request is being made to host 'randomuser.me'. Adding certificate verification is strongly advised. See: https://urllib3.readthedocs.io/en/latest/advanced-usage.html#tls-warnings
  warnings.warn(</msg>
<msg time="2024-08-06T04:19:16.523662" level="INFO">${response} = &lt;Response [200]&gt;</msg>
<var>${response}</var>
<arg>consultarAPI</arg>
<arg>/api</arg>
<doc>Sends a GET request on a previously created HTTP Session.</doc>
<status status="PASS" start="2024-08-06T04:19:16.412830" elapsed="0.110885"/>
</kw>
<kw name="Set Variable" owner="BuiltIn">
<msg time="2024-08-06T04:19:16.525786" level="INFO">${json_data} = {'results': [{'gender': 'female', 'name': {'title': 'Ms', 'first': 'Saheli', 'last': 'Gatty'}, 'location': {'street': {'number': 761, 'name': 'Gali Paranthe Wali'}, 'city': 'Jodhpur', 'state': 'Jammu ...</msg>
<var>${json_data}</var>
<arg>${response.json()}</arg>
<doc>Returns the given values which can then be assigned to a variables.</doc>
<status status="PASS" start="2024-08-06T04:19:16.524815" elapsed="0.001006"/>
</kw>
<kw name="Log" owner="BuiltIn">
<msg time="2024-08-06T04:19:16.526387" level="INFO">{'results': [{'gender': 'female', 'name': {'title': 'Ms', 'first': 'Saheli', 'last': 'Gatty'}, 'location': {'street': {'number': 761, 'name': 'Gali Paranthe Wali'}, 'city': 'Jodhpur', 'state': 'Jammu and Kashmir', 'country': 'India', 'postcode': 60219, 'coordinates': {'latitude': '12.5637', 'longitude': '131.5103'}, 'timezone': {'offset': '-3:00', 'description': 'Brazil, Buenos Aires, Georgetown'}}, 'email': 'saheli.gatty@example.com', 'login': {'uuid': 'a5c51476-8bd9-4a17-a8bb-e9c2ed36c9e8', 'username': 'sadtiger645', 'password': 'ramsey', 'salt': 'T3KPeEzI', 'md5': 'f2bc418728ad0684406e80281f421004', 'sha1': 'f80a4504c4074584079b51024359a69d6539fb14', 'sha256': '399ec42c2e2b246881d57d4f7ae368647e45f39e89d83849de4615785feb18d3'}, 'dob': {'date': '1989-05-07T22:21:07.897Z', 'age': 35}, 'registered': {'date': '2005-04-21T00:49:57.776Z', 'age': 19}, 'phone': '9237585134', 'cell': '8049451641', 'id': {'name': 'UIDAI', 'value': '839422376139'}, 'picture': {'large': 'https://randomuser.me/api/portraits/women/90.jpg', 'medium': 'https://randomuser.me/api/portraits/med/women/90.jpg', 'thumbnail': 'https://randomuser.me/api/portraits/thumb/women/90.jpg'}, 'nat': 'IN'}], 'info': {'seed': '4f5f13cad1713472', 'results': 1, 'page': 1, 'version': '1.4'}}</msg>
<arg>${json_data}</arg>
<doc>Logs the given message with the given level.</doc>
<status status="PASS" start="2024-08-06T04:19:16.526189" elapsed="0.000258"/>
</kw>
<kw name="Dictionary Should Contain Key" owner="Collections">
<arg>${json_data}</arg>
<arg>results</arg>
<doc>Fails if ``key`` is not found from ``dictionary``.</doc>
<status status="PASS" start="2024-08-06T04:19:16.526804" elapsed="0.000179"/>
</kw>
<kw name="Should Not Be Empty" owner="BuiltIn">
<msg time="2024-08-06T04:19:16.527321" level="INFO">Length is 2.</msg>
<arg>${json_data}</arg>
<doc>Verifies that the given item is not empty.</doc>
<status status="PASS" start="2024-08-06T04:19:16.527186" elapsed="0.000176"/>
</kw>
<kw name="Create List" owner="BuiltIn">
<msg time="2024-08-06T04:19:16.527819" level="INFO">${expected_keys} = ['gender', 'name', 'location', 'email', 'login']</msg>
<var>${expected_keys}</var>
<arg>gender</arg>
<arg>name</arg>
<arg>location</arg>
<arg>email</arg>
<arg>login</arg>
<doc>Returns a list containing given items.</doc>
<status status="PASS" start="2024-08-06T04:19:16.527665" elapsed="0.000180"/>
</kw>
<for flavor="IN">
<iter>
<kw name="Dictionary Should Contain Key" owner="Collections">
<arg>${json_data['results'][0]}</arg>
<arg>${key}</arg>
<doc>Fails if ``key`` is not found from ``dictionary``.</doc>
<status status="PASS" start="2024-08-06T04:19:16.528563" elapsed="0.000425"/>
</kw>
<kw name="Log" owner="BuiltIn">
<msg time="2024-08-06T04:19:16.529556" level="INFO">{'gender': 'female', 'name': {'title': 'Ms', 'first': 'Saheli', 'last': 'Gatty'}, 'location': {'street': {'number': 761, 'name': 'Gali Paranthe Wali'}, 'city': 'Jodhpur', 'state': 'Jammu and Kashmir', 'country': 'India', 'postcode': 60219, 'coordinates': {'latitude': '12.5637', 'longitude': '131.5103'}, 'timezone': {'offset': '-3:00', 'description': 'Brazil, Buenos Aires, Georgetown'}}, 'email': 'saheli.gatty@example.com', 'login': {'uuid': 'a5c51476-8bd9-4a17-a8bb-e9c2ed36c9e8', 'username': 'sadtiger645', 'password': 'ramsey', 'salt': 'T3KPeEzI', 'md5': 'f2bc418728ad0684406e80281f421004', 'sha1': 'f80a4504c4074584079b51024359a69d6539fb14', 'sha256': '399ec42c2e2b246881d57d4f7ae368647e45f39e89d83849de4615785feb18d3'}, 'dob': {'date': '1989-05-07T22:21:07.897Z', 'age': 35}, 'registered': {'date': '2005-04-21T00:49:57.776Z', 'age': 19}, 'phone': '9237585134', 'cell': '8049451641', 'id': {'name': 'UIDAI', 'value': '839422376139'}, 'picture': {'large': 'https://randomuser.me/api/portraits/women/90.jpg', 'medium': 'https://randomuser.me/api/portraits/med/women/90.jpg', 'thumbnail': 'https://randomuser.me/api/portraits/thumb/women/90.jpg'}, 'nat': 'IN'}</msg>
<arg>${json_data['results'][0]}</arg>
<doc>Logs the given message with the given level.</doc>
<status status="PASS" start="2024-08-06T04:19:16.529183" elapsed="0.000427"/>
</kw>
<kw name="Log" owner="BuiltIn">
<msg time="2024-08-06T04:19:16.530046" level="INFO">gender</msg>
<arg>${key}</arg>
<doc>Logs the given message with the given level.</doc>
<status status="PASS" start="2024-08-06T04:19:16.529915" elapsed="0.000170"/>
</kw>
<var name="${key}">gender</var>
<status status="PASS" start="2024-08-06T04:19:16.528419" elapsed="0.001886"/>
</iter>
<iter>
<kw name="Dictionary Should Contain Key" owner="Collections">
<arg>${json_data['results'][0]}</arg>
<arg>${key}</arg>
<doc>Fails if ``key`` is not found from ``dictionary``.</doc>
<status status="PASS" start="2024-08-06T04:19:16.530641" elapsed="0.000415"/>
</kw>
<kw name="Log" owner="BuiltIn">
<msg time="2024-08-06T04:19:16.531616" level="INFO">{'gender': 'female', 'name': {'title': 'Ms', 'first': 'Saheli', 'last': 'Gatty'}, 'location': {'street': {'number': 761, 'name': 'Gali Paranthe Wali'}, 'city': 'Jodhpur', 'state': 'Jammu and Kashmir', 'country': 'India', 'postcode': 60219, 'coordinates': {'latitude': '12.5637', 'longitude': '131.5103'}, 'timezone': {'offset': '-3:00', 'description': 'Brazil, Buenos Aires, Georgetown'}}, 'email': 'saheli.gatty@example.com', 'login': {'uuid': 'a5c51476-8bd9-4a17-a8bb-e9c2ed36c9e8', 'username': 'sadtiger645', 'password': 'ramsey', 'salt': 'T3KPeEzI', 'md5': 'f2bc418728ad0684406e80281f421004', 'sha1': 'f80a4504c4074584079b51024359a69d6539fb14', 'sha256': '399ec42c2e2b246881d57d4f7ae368647e45f39e89d83849de4615785feb18d3'}, 'dob': {'date': '1989-05-07T22:21:07.897Z', 'age': 35}, 'registered': {'date': '2005-04-21T00:49:57.776Z', 'age': 19}, 'phone': '9237585134', 'cell': '8049451641', 'id': {'name': 'UIDAI', 'value': '839422376139'}, 'picture': {'large': 'https://randomuser.me/api/portraits/women/90.jpg', 'medium': 'https://randomuser.me/api/portraits/med/women/90.jpg', 'thumbnail': 'https://randomuser.me/api/portraits/thumb/women/90.jpg'}, 'nat': 'IN'}</msg>
<arg>${json_data['results'][0]}</arg>
<doc>Logs the given message with the given level.</doc>
<status status="PASS" start="2024-08-06T04:19:16.531243" elapsed="0.000457"/>
</kw>
<kw name="Log" owner="BuiltIn">
<msg time="2024-08-06T04:19:16.532132" level="INFO">name</msg>
<arg>${key}</arg>
<doc>Logs the given message with the given level.</doc>
<status status="PASS" start="2024-08-06T04:19:16.532003" elapsed="0.000168"/>
</kw>
<var name="${key}">name</var>
<status status="PASS" start="2024-08-06T04:19:16.530519" elapsed="0.001870"/>
</iter>
<iter>
<kw name="Dictionary Should Contain Key" owner="Collections">
<arg>${json_data['results'][0]}</arg>
<arg>${key}</arg>
<doc>Fails if ``key`` is not found from ``dictionary``.</doc>
<status status="PASS" start="2024-08-06T04:19:16.532678" elapsed="0.000397"/>
</kw>
<kw name="Log" owner="BuiltIn">
<msg time="2024-08-06T04:19:16.533625" level="INFO">{'gender': 'female', 'name': {'title': 'Ms', 'first': 'Saheli', 'last': 'Gatty'}, 'location': {'street': {'number': 761, 'name': 'Gali Paranthe Wali'}, 'city': 'Jodhpur', 'state': 'Jammu and Kashmir', 'country': 'India', 'postcode': 60219, 'coordinates': {'latitude': '12.5637', 'longitude': '131.5103'}, 'timezone': {'offset': '-3:00', 'description': 'Brazil, Buenos Aires, Georgetown'}}, 'email': 'saheli.gatty@example.com', 'login': {'uuid': 'a5c51476-8bd9-4a17-a8bb-e9c2ed36c9e8', 'username': 'sadtiger645', 'password': 'ramsey', 'salt': 'T3KPeEzI', 'md5': 'f2bc418728ad0684406e80281f421004', 'sha1': 'f80a4504c4074584079b51024359a69d6539fb14', 'sha256': '399ec42c2e2b246881d57d4f7ae368647e45f39e89d83849de4615785feb18d3'}, 'dob': {'date': '1989-05-07T22:21:07.897Z', 'age': 35}, 'registered': {'date': '2005-04-21T00:49:57.776Z', 'age': 19}, 'phone': '9237585134', 'cell': '8049451641', 'id': {'name': 'UIDAI', 'value': '839422376139'}, 'picture': {'large': 'https://randomuser.me/api/portraits/women/90.jpg', 'medium': 'https://randomuser.me/api/portraits/med/women/90.jpg', 'thumbnail': 'https://randomuser.me/api/portraits/thumb/women/90.jpg'}, 'nat': 'IN'}</msg>
<arg>${json_data['results'][0]}</arg>
<doc>Logs the given message with the given level.</doc>
<status status="PASS" start="2024-08-06T04:19:16.533262" elapsed="0.000412"/>
</kw>
<kw name="Log" owner="BuiltIn">
<msg time="2024-08-06T04:19:16.534108" level="INFO">location</msg>
<arg>${key}</arg>
<doc>Logs the given message with the given level.</doc>
<status status="PASS" start="2024-08-06T04:19:16.533979" elapsed="0.000167"/>
</kw>
<var name="${key}">location</var>
<status status="PASS" start="2024-08-06T04:19:16.532568" elapsed="0.001808"/>
</iter>
<iter>
<kw name="Dictionary Should Contain Key" owner="Collections">
<arg>${json_data['results'][0]}</arg>
<arg>${key}</arg>
<doc>Fails if ``key`` is not found from ``dictionary``.</doc>
<status status="PASS" start="2024-08-06T04:19:16.534694" elapsed="0.000410"/>
</kw>
<kw name="Log" owner="BuiltIn">
<msg time="2024-08-06T04:19:16.535805" level="INFO">{'gender': 'female', 'name': {'title': 'Ms', 'first': 'Saheli', 'last': 'Gatty'}, 'location': {'street': {'number': 761, 'name': 'Gali Paranthe Wali'}, 'city': 'Jodhpur', 'state': 'Jammu and Kashmir', 'country': 'India', 'postcode': 60219, 'coordinates': {'latitude': '12.5637', 'longitude': '131.5103'}, 'timezone': {'offset': '-3:00', 'description': 'Brazil, Buenos Aires, Georgetown'}}, 'email': 'saheli.gatty@example.com', 'login': {'uuid': 'a5c51476-8bd9-4a17-a8bb-e9c2ed36c9e8', 'username': 'sadtiger645', 'password': 'ramsey', 'salt': 'T3KPeEzI', 'md5': 'f2bc418728ad0684406e80281f421004', 'sha1': 'f80a4504c4074584079b51024359a69d6539fb14', 'sha256': '399ec42c2e2b246881d57d4f7ae368647e45f39e89d83849de4615785feb18d3'}, 'dob': {'date': '1989-05-07T22:21:07.897Z', 'age': 35}, 'registered': {'date': '2005-04-21T00:49:57.776Z', 'age': 19}, 'phone': '9237585134', 'cell': '8049451641', 'id': {'name': 'UIDAI', 'value': '839422376139'}, 'picture': {'large': 'https://randomuser.me/api/portraits/women/90.jpg', 'medium': 'https://randomuser.me/api/portraits/med/women/90.jpg', 'thumbnail': 'https://randomuser.me/api/portraits/thumb/women/90.jpg'}, 'nat': 'IN'}</msg>
<arg>${json_data['results'][0]}</arg>
<doc>Logs the given message with the given level.</doc>
<status status="PASS" start="2024-08-06T04:19:16.535432" elapsed="0.000424"/>
</kw>
<kw name="Log" owner="BuiltIn">
<msg time="2024-08-06T04:19:16.536290" level="INFO">email</msg>
<arg>${key}</arg>
<doc>Logs the given message with the given level.</doc>
<status status="PASS" start="2024-08-06T04:19:16.536158" elapsed="0.000172"/>
</kw>
<var name="${key}">email</var>
<status status="PASS" start="2024-08-06T04:19:16.534581" elapsed="0.001970"/>
</iter>
<iter>
<kw name="Dictionary Should Contain Key" owner="Collections">
<arg>${json_data['results'][0]}</arg>
<arg>${key}</arg>
<doc>Fails if ``key`` is not found from ``dictionary``.</doc>
<status status="PASS" start="2024-08-06T04:19:16.536844" elapsed="0.000398"/>
</kw>
<kw name="Log" owner="BuiltIn">
<msg time="2024-08-06T04:19:16.537799" level="INFO">{'gender': 'female', 'name': {'title': 'Ms', 'first': 'Saheli', 'last': 'Gatty'}, 'location': {'street': {'number': 761, 'name': 'Gali Paranthe Wali'}, 'city': 'Jodhpur', 'state': 'Jammu and Kashmir', 'country': 'India', 'postcode': 60219, 'coordinates': {'latitude': '12.5637', 'longitude': '131.5103'}, 'timezone': {'offset': '-3:00', 'description': 'Brazil, Buenos Aires, Georgetown'}}, 'email': 'saheli.gatty@example.com', 'login': {'uuid': 'a5c51476-8bd9-4a17-a8bb-e9c2ed36c9e8', 'username': 'sadtiger645', 'password': 'ramsey', 'salt': 'T3KPeEzI', 'md5': 'f2bc418728ad0684406e80281f421004', 'sha1': 'f80a4504c4074584079b51024359a69d6539fb14', 'sha256': '399ec42c2e2b246881d57d4f7ae368647e45f39e89d83849de4615785feb18d3'}, 'dob': {'date': '1989-05-07T22:21:07.897Z', 'age': 35}, 'registered': {'date': '2005-04-21T00:49:57.776Z', 'age': 19}, 'phone': '9237585134', 'cell': '8049451641', 'id': {'name': 'UIDAI', 'value': '839422376139'}, 'picture': {'large': 'https://randomuser.me/api/portraits/women/90.jpg', 'medium': 'https://randomuser.me/api/portraits/med/women/90.jpg', 'thumbnail': 'https://randomuser.me/api/portraits/thumb/women/90.jpg'}, 'nat': 'IN'}</msg>
<arg>${json_data['results'][0]}</arg>
<doc>Logs the given message with the given level.</doc>
<status status="PASS" start="2024-08-06T04:19:16.537430" elapsed="0.000419"/>
</kw>
<kw name="Log" owner="BuiltIn">
<msg time="2024-08-06T04:19:16.538278" level="INFO">login</msg>
<arg>${key}</arg>
<doc>Logs the given message with the given level.</doc>
<status status="PASS" start="2024-08-06T04:19:16.538150" elapsed="0.000166"/>
</kw>
<var name="${key}">login</var>
<status status="PASS" start="2024-08-06T04:19:16.536731" elapsed="0.001828"/>
</iter>
<var>${key}</var>
<value>@{expected_keys}</value>
<status status="PASS" start="2024-08-06T04:19:16.528168" elapsed="0.010518"/>
</for>
<kw name="Create List" owner="BuiltIn">
<msg time="2024-08-06T04:19:16.539022" level="INFO">${expected_keysTwo} = ['username', 'password']</msg>
<var>${expected_keysTwo}</var>
<arg>username</arg>
<arg>password</arg>
<doc>Returns a list containing given items.</doc>
<status status="PASS" start="2024-08-06T04:19:16.538884" elapsed="0.000192"/>
</kw>
<for flavor="IN">
<iter>
<kw name="Dictionary Should Contain Key" owner="Collections">
<arg>${json_data['results'][0]['login']}</arg>
<arg>${keyTwo}</arg>
<doc>Fails if ``key`` is not found from ``dictionary``.</doc>
<status status="PASS" start="2024-08-06T04:19:16.539594" elapsed="0.000392"/>
</kw>
<kw name="Dictionary Should Contain Key" owner="Collections">
<arg>${json_data['results'][0]['login']}</arg>
<arg>${keyTwo}</arg>
<doc>Fails if ``key`` is not found from ``dictionary``.</doc>
<status status="PASS" start="2024-08-06T04:19:16.540170" elapsed="0.000392"/>
</kw>
<kw name="Log" owner="BuiltIn">
<msg time="2024-08-06T04:19:16.540866" level="INFO">username</msg>
<arg>${keyTwo}</arg>
<doc>Logs the given message with the given level.</doc>
<status status="PASS" start="2024-08-06T04:19:16.540744" elapsed="0.000161"/>
</kw>
<var name="${keyTwo}">username</var>
<status status="PASS" start="2024-08-06T04:19:16.539484" elapsed="0.001643"/>
</iter>
<iter>
<kw name="Dictionary Should Contain Key" owner="Collections">
<arg>${json_data['results'][0]['login']}</arg>
<arg>${keyTwo}</arg>
<doc>Fails if ``key`` is not found from ``dictionary``.</doc>
<status status="PASS" start="2024-08-06T04:19:16.541412" elapsed="0.000409"/>
</kw>
<kw name="Dictionary Should Contain Key" owner="Collections">
<arg>${json_data['results'][0]['login']}</arg>
<arg>${keyTwo}</arg>
<doc>Fails if ``key`` is not found from ``dictionary``.</doc>
<status status="PASS" start="2024-08-06T04:19:16.542005" elapsed="0.000391"/>
</kw>
<kw name="Log" owner="BuiltIn">
<msg time="2024-08-06T04:19:16.542737" level="INFO">password</msg>
<arg>${keyTwo}</arg>
<doc>Logs the given message with the given level.</doc>
<status status="PASS" start="2024-08-06T04:19:16.542613" elapsed="0.000161"/>
</kw>
<var name="${keyTwo}">password</var>
<status status="PASS" start="2024-08-06T04:19:16.541302" elapsed="0.001695"/>
</iter>
<var>${keyTwo}</var>
<value>@{expected_keysTwo}</value>
<status status="PASS" start="2024-08-06T04:19:16.539329" elapsed="0.003790"/>
</for>
<status status="PASS" start="2024-08-06T04:19:16.412571" elapsed="0.130692"/>
</kw>
<doc>Testa a estrutura da resposta da API.</doc>
<tag>testeEstruturaResposta</tag>
<status status="PASS" start="2024-08-06T04:19:16.411806" elapsed="0.131627"/>
</test>
<test id="s1-s1-t4" name="Validar tipos de dados" line="28">
<kw name="Teste de Tipos de Dados" owner="random-user-service">
<kw name="GET On Session" owner="RequestsLibrary">
<msg time="2024-08-06T04:19:16.608425" level="INFO">GET Request : url=https://randomuser.me/api 
 path_url=/api 
 headers={'User-Agent': 'python-requests/2.32.3', 'Accept-Encoding': 'gzip, deflate', 'Accept': '*/*', 'Connection': 'keep-alive'} 
 body=None 
 </msg>
<msg time="2024-08-06T04:19:16.608566" level="INFO">GET Response : url=https://randomuser.me/api 
 status=200, reason=OK 
 headers={'Date': 'Tue, 06 Aug 2024 04:19:16 GMT', 'Content-Type': 'application/json; charset=utf-8', 'Transfer-Encoding': 'chunked', 'Connection': 'keep-alive', 'X-Powered-By': 'Express', 'Access-Control-Allow-Origin': '*', 'Cache-Control': 'no-cache', 'ETag': 'W/"489-aHC0KjZEOglfJj1IegLJ96ozgps"', 'Vary': 'Accept-Encoding', 'Content-Encoding': 'gzip', 'CF-Cache-Status': 'DYNAMIC', 'Report-To': '{"endpoints":[{"url":"https:\\/\\/a.nel.cloudflare.com\\/report\\/v4?s=Ywr27mHlqcqgEjBqkpyKQ2N802yzExC6yV8hpJO0wAYpWDLGoIkyvqkZ0DurS8jIVZdR4bU4NrYQKOprQHiKVYTO249UdiSGMQ%2B7NtBUCUPdsdn4Dl75vVGaS3ffoy%2By"}],"group":"cf-nel","max_age":604800}', 'NEL': '{"success_fraction":0,"report_to":"cf-nel","max_age":604800}', 'Server': 'cloudflare', 'CF-RAY': '8aec3a4c6e490603-IAD', 'alt-svc': 'h3=":443"; ma=86400'} 
 body={"results":[{"gender":"female","name":{"title":"Mrs","first":"Anfisa","last":"Sidor"},"location":{"street":{"number":6330,"name":"Yamskiy provulok"},"city":"Storozhinec","state":"Hersonska","country":"Ukraine","postcode":26430,"coordinates":{"latitude":"79.0419","longitude":"98.8744"},"timezone":{"offset":"-11:00","description":"Midway Island, Samoa"}},"email":"anfisa.sidor@example.com","login":{"uuid":"1c60afdd-2ca8-4a8e-9c8d-7bf9828fd8fc","username":"ticklishladybug741","password":"lancelot","salt":"VQFNF5vY","md5":"3d6f20206e546979458af0d19ffe47f3","sha1":"0569c26fd8bbc8425023db80b768c265122d3164","sha256":"ae9101579f6387949b18c80a223b62e39803f065116de26310189ea3bfac54e4"},"dob":{"date":"2001-01-24T18:26:14.729Z","age":23},"registered":{"date":"2014-08-22T15:37:18.880Z","age":9},"phone":"(067) O98-5979","cell":"(097) H81-5422","id":{"name":"","value":null},"picture":{"large":"https://randomuser.me/api/portraits/women/52.jpg","medium":"https://randomuser.me/api/portraits/med/women/52.jpg","thumbnail":"https://randomuser.me/api/portraits/thumb/women/52.jpg"},"nat":"UA"}],"info":{"seed":"321109e72ad92b04","results":1,"page":1,"version":"1.4"}} 
 </msg>
<msg time="2024-08-06T04:19:16.608681" level="INFO">/opt/hostedtoolcache/Python/3.12.4/x64/lib/python3.12/site-packages/urllib3/connectionpool.py:1099: InsecureRequestWarning: Unverified HTTPS request is being made to host 'randomuser.me'. Adding certificate verification is strongly advised. See: https://urllib3.readthedocs.io/en/latest/advanced-usage.html#tls-warnings
  warnings.warn(</msg>
<msg time="2024-08-06T04:19:16.608846" level="INFO">${response} = &lt;Response [200]&gt;</msg>
<var>${response}</var>
<arg>consultarAPI</arg>
<arg>/api</arg>
<doc>Sends a GET request on a previously created HTTP Session.</doc>
<status status="PASS" start="2024-08-06T04:19:16.546148" elapsed="0.062753"/>
</kw>
<kw name="Set Variable" owner="BuiltIn">
<msg time="2024-08-06T04:19:16.610245" level="INFO">${json_data} = {'results': [{'gender': 'female', 'name': {'title': 'Mrs', 'first': 'Anfisa', 'last': 'Sidor'}, 'location': {'street': {'number': 6330, 'name': 'Yamskiy provulok'}, 'city': 'Storozhinec', 'state': 'He...</msg>
<var>${json_data}</var>
<arg>${response.json()}</arg>
<doc>Returns the given values which can then be assigned to a variables.</doc>
<status status="PASS" start="2024-08-06T04:19:16.609558" elapsed="0.000720"/>
</kw>
<kw name="Log" owner="BuiltIn">
<msg time="2024-08-06T04:19:16.610845" level="INFO">{'results': [{'gender': 'female', 'name': {'title': 'Mrs', 'first': 'Anfisa', 'last': 'Sidor'}, 'location': {'street': {'number': 6330, 'name': 'Yamskiy provulok'}, 'city': 'Storozhinec', 'state': 'Hersonska', 'country': 'Ukraine', 'postcode': 26430, 'coordinates': {'latitude': '79.0419', 'longitude': '98.8744'}, 'timezone': {'offset': '-11:00', 'description': 'Midway Island, Samoa'}}, 'email': 'anfisa.sidor@example.com', 'login': {'uuid': '1c60afdd-2ca8-4a8e-9c8d-7bf9828fd8fc', 'username': 'ticklishladybug741', 'password': 'lancelot', 'salt': 'VQFNF5vY', 'md5': '3d6f20206e546979458af0d19ffe47f3', 'sha1': '0569c26fd8bbc8425023db80b768c265122d3164', 'sha256': 'ae9101579f6387949b18c80a223b62e39803f065116de26310189ea3bfac54e4'}, 'dob': {'date': '2001-01-24T18:26:14.729Z', 'age': 23}, 'registered': {'date': '2014-08-22T15:37:18.880Z', 'age': 9}, 'phone': '(067) O98-5979', 'cell': '(097) H81-5422', 'id': {'name': '', 'value': None}, 'picture': {'large': 'https://randomuser.me/api/portraits/women/52.jpg', 'medium': 'https://randomuser.me/api/portraits/med/women/52.jpg', 'thumbnail': 'https://randomuser.me/api/portraits/thumb/women/52.jpg'}, 'nat': 'UA'}], 'info': {'seed': '321109e72ad92b04', 'results': 1, 'page': 1, 'version': '1.4'}}</msg>
<arg>${json_data}</arg>
<doc>Logs the given message with the given level.</doc>
<status status="PASS" start="2024-08-06T04:19:16.610663" elapsed="0.000241"/>
</kw>
<kw name="Should Be String" owner="String">
<arg>${json_data['results'][0]['gender']}</arg>
<doc>Fails if the given ``item`` is not a string.</doc>
<status status="PASS" start="2024-08-06T04:19:16.611240" elapsed="0.000444"/>
</kw>
<kw name="Should Match Regexp" owner="BuiltIn">
<arg>${json_data['results'][0]['email']}</arg>
<arg>^[a-zA-Z0-9._%+-]+@[a-zA-Z0-9.-]+\.[a-zA-Z]{2,}$</arg>
<doc>Fails if ``string`` does not match ``pattern`` as a regular expression.</doc>
<status status="PASS" start="2024-08-06T04:19:16.611909" elapsed="0.000598"/>
</kw>
<kw name="Should Match Regexp" owner="BuiltIn">
<arg>${json_data['results'][0]['dob']['date']}</arg>
<arg>\\d{4}-\\d{2}-\\d{2}T\\d{2}:\\d{2}:\\d{2}\\.\\d{3}Z</arg>
<doc>Fails if ``string`` does not match ``pattern`` as a regular expression.</doc>
<status status="PASS" start="2024-08-06T04:19:16.612753" elapsed="0.000710"/>
</kw>
<kw name="Should Match Regexp" owner="BuiltIn">
<arg>${json_data['results'][0]['registered']['date']}</arg>
<arg>\\d{4}-\\d{2}-\\d{2}T\\d{2}:\\d{2}:\\d{2}\\.\\d{3}Z</arg>
<doc>Fails if ``string`` does not match ``pattern`` as a regular expression.</doc>
<status status="PASS" start="2024-08-06T04:19:16.613666" elapsed="0.000397"/>
</kw>
<kw name="Should Match Regexp" owner="BuiltIn">
<arg>${json_data['results'][0]['picture']['large']}</arg>
<arg>^https?://.*\.(?:png|jpe?g|gif|bmp)$</arg>
<doc>Fails if ``string`` does not match ``pattern`` as a regular expression.</doc>
<status status="PASS" start="2024-08-06T04:19:16.614252" elapsed="0.000523"/>
</kw>
<kw name="Should Match Regexp" owner="BuiltIn">
<arg>${json_data['results'][0]['picture']['medium']}</arg>
<arg>^https?://.*\.(?:png|jpe?g|gif|bmp)$</arg>
<doc>Fails if ``string`` does not match ``pattern`` as a regular expression.</doc>
<status status="PASS" start="2024-08-06T04:19:16.614967" elapsed="0.000370"/>
</kw>
<kw name="Should Match Regexp" owner="BuiltIn">
<arg>${json_data['results'][0]['picture']['thumbnail']}</arg>
<arg>^https?://.*\.(?:png|jpe?g|gif|bmp)$</arg>
<doc>Fails if ``string`` does not match ``pattern`` as a regular expression.</doc>
<status status="PASS" start="2024-08-06T04:19:16.615522" elapsed="0.000361"/>
</kw>
<kw name="Log" owner="BuiltIn">
<msg time="2024-08-06T04:19:16.616411" level="INFO">{'large': 'https://randomuser.me/api/portraits/women/52.jpg', 'medium': 'https://randomuser.me/api/portraits/med/women/52.jpg', 'thumbnail': 'https://randomuser.me/api/portraits/thumb/women/52.jpg'}</msg>
<arg>${json_data['results'][0]['picture']}</arg>
<doc>Logs the given message with the given level.</doc>
<status status="PASS" start="2024-08-06T04:19:16.616070" elapsed="0.000385"/>
</kw>
<status status="PASS" start="2024-08-06T04:19:16.545910" elapsed="0.070812"/>
</kw>
<kw name="Teste de Tipos de Dados - Postcode" owner="random-user-service">
<kw name="GET On Session" owner="RequestsLibrary">
<msg time="2024-08-06T04:19:16.701871" level="INFO">GET Request : url=https://randomuser.me/api 
 path_url=/api 
 headers={'User-Agent': 'python-requests/2.32.3', 'Accept-Encoding': 'gzip, deflate', 'Accept': '*/*', 'Connection': 'keep-alive'} 
 body=None 
 </msg>
<msg time="2024-08-06T04:19:16.702062" level="INFO">GET Response : url=https://randomuser.me/api 
 status=200, reason=OK 
 headers={'Date': 'Tue, 06 Aug 2024 04:19:16 GMT', 'Content-Type': 'application/json; charset=utf-8', 'Transfer-Encoding': 'chunked', 'Connection': 'keep-alive', 'X-Powered-By': 'Express', 'Access-Control-Allow-Origin': '*', 'Cache-Control': 'no-cache', 'ETag': 'W/"481-6aFnc2NDsrVYuEuKrqnY2aMcrAM"', 'Vary': 'Accept-Encoding', 'Content-Encoding': 'gzip', 'CF-Cache-Status': 'DYNAMIC', 'Report-To': '{"endpoints":[{"url":"https:\\/\\/a.nel.cloudflare.com\\/report\\/v4?s=zzJBJEfpV0tj8LZLqOHfRDFA%2FAEpi46c2y2zH8IxPd2K1WatkzBLL4iTDuevIppnLH4cM%2B%2FJ2dLTdmk2yrtCDmBM68q%2B8IExYF75REmB4biuy7yjG31zwYU8xcsnKl6i"}],"group":"cf-nel","max_age":604800}', 'NEL': '{"success_fraction":0,"report_to":"cf-nel","max_age":604800}', 'Server': 'cloudflare', 'CF-RAY': '8aec3a4cde960603-IAD', 'alt-svc': 'h3=":443"; ma=86400'} 
 body={"results":[{"gender":"male","name":{"title":"Mr","first":"Nicolaus","last":"Horst"},"location":{"street":{"number":665,"name":"Birkenweg"},"city":"Hamburg","state":"Mecklenburg-Vorpommern","country":"Germany","postcode":44123,"coordinates":{"latitude":"-54.8393","longitude":"-170.3835"},"timezone":{"offset":"+3:30","description":"Tehran"}},"email":"nicolaus.horst@example.com","login":{"uuid":"b5912576-7243-4036-bb2a-966e97333c8c","username":"blackmouse625","password":"presley","salt":"EksnapAm","md5":"14f98e9e45d51091601d0397fdedb6bf","sha1":"f90d71502518f2c07d2c427bd5e6a9a27786db53","sha256":"d23399d43e609b27e2792368597d6237c91d09b4bd497704cdf96f78bf1602e1"},"dob":{"date":"1969-03-30T15:17:37.148Z","age":55},"registered":{"date":"2010-05-28T23:31:24.821Z","age":14},"phone":"0542-2275770","cell":"0177-7681529","id":{"name":"SVNR","value":"19 300369 H 437"},"picture":{"large":"https://randomuser.me/api/portraits/men/89.jpg","medium":"https://randomuser.me/api/portraits/med/men/89.jpg","thumbnail":"https://randomuser.me/api/portraits/thumb/men/89.jpg"},"nat":"DE"}],"info":{"seed":"e194fd3a2cce0046","results":1,"page":1,"version":"1.4"}} 
 </msg>
<msg time="2024-08-06T04:19:16.702191" level="INFO">/opt/hostedtoolcache/Python/3.12.4/x64/lib/python3.12/site-packages/urllib3/connectionpool.py:1099: InsecureRequestWarning: Unverified HTTPS request is being made to host 'randomuser.me'. Adding certificate verification is strongly advised. See: https://urllib3.readthedocs.io/en/latest/advanced-usage.html#tls-warnings
  warnings.warn(</msg>
<msg time="2024-08-06T04:19:16.702409" level="INFO">${response} = &lt;Response [200]&gt;</msg>
<var>${response}</var>
<arg>consultarAPI</arg>
<arg>/api</arg>
<doc>Sends a GET request on a previously created HTTP Session.</doc>
<status status="PASS" start="2024-08-06T04:19:16.617236" elapsed="0.085256"/>
</kw>
<kw name="Set Variable" owner="BuiltIn">
<msg time="2024-08-06T04:19:16.704240" level="INFO">${json_data} = {'results': [{'gender': 'male', 'name': {'title': 'Mr', 'first': 'Nicolaus', 'last': 'Horst'}, 'location': {'street': {'number': 665, 'name': 'Birkenweg'}, 'city': 'Hamburg', 'state': 'Mecklenburg-Vor...</msg>
<var>${json_data}</var>
<arg>${response.json()}</arg>
<doc>Returns the given values which can then be assigned to a variables.</doc>
<status status="PASS" start="2024-08-06T04:19:16.703392" elapsed="0.000888"/>
</kw>
<kw name="Log" owner="BuiltIn">
<msg time="2024-08-06T04:19:16.704921" level="INFO">{'results': [{'gender': 'male', 'name': {'title': 'Mr', 'first': 'Nicolaus', 'last': 'Horst'}, 'location': {'street': {'number': 665, 'name': 'Birkenweg'}, 'city': 'Hamburg', 'state': 'Mecklenburg-Vorpommern', 'country': 'Germany', 'postcode': 44123, 'coordinates': {'latitude': '-54.8393', 'longitude': '-170.3835'}, 'timezone': {'offset': '+3:30', 'description': 'Tehran'}}, 'email': 'nicolaus.horst@example.com', 'login': {'uuid': 'b5912576-7243-4036-bb2a-966e97333c8c', 'username': 'blackmouse625', 'password': 'presley', 'salt': 'EksnapAm', 'md5': '14f98e9e45d51091601d0397fdedb6bf', 'sha1': 'f90d71502518f2c07d2c427bd5e6a9a27786db53', 'sha256': 'd23399d43e609b27e2792368597d6237c91d09b4bd497704cdf96f78bf1602e1'}, 'dob': {'date': '1969-03-30T15:17:37.148Z', 'age': 55}, 'registered': {'date': '2010-05-28T23:31:24.821Z', 'age': 14}, 'phone': '0542-2275770', 'cell': '0177-7681529', 'id': {'name': 'SVNR', 'value': '19 300369 H 437'}, 'picture': {'large': 'https://randomuser.me/api/portraits/men/89.jpg', 'medium': 'https://randomuser.me/api/portraits/med/men/89.jpg', 'thumbnail': 'https://randomuser.me/api/portraits/thumb/men/89.jpg'}, 'nat': 'DE'}], 'info': {'seed': 'e194fd3a2cce0046', 'results': 1, 'page': 1, 'version': '1.4'}}</msg>
<arg>${json_data}</arg>
<doc>Logs the given message with the given level.</doc>
<status status="PASS" start="2024-08-06T04:19:16.704694" elapsed="0.000295"/>
</kw>
<kw name="Should Be Equal As Numbers" owner="BuiltIn">
<arg>${json_data['results'][0]['location']['postcode']}</arg>
<arg>${json_data['results'][0]['location']['postcode']}</arg>
<doc>Fails if objects are unequal after converting them to real numbers.</doc>
<status status="PASS" start="2024-08-06T04:19:16.705348" elapsed="0.000791"/>
</kw>
<kw name="Log" owner="BuiltIn">
<msg time="2024-08-06T04:19:16.706757" level="INFO">44123</msg>
<arg>${json_data['results'][0]['location']['postcode']}</arg>
<doc>Logs the given message with the given level.</doc>
<status status="PASS" start="2024-08-06T04:19:16.706343" elapsed="0.000456"/>
</kw>
<status status="PASS" start="2024-08-06T04:19:16.616987" elapsed="0.090150"/>
</kw>
<doc>Testa se os tipos de dados na resposta da API estão corretos.</doc>
<tag>testeTiposDados</tag>
<status status="PASS" start="2024-08-06T04:19:16.545384" elapsed="0.161960"/>
</test>
<test id="s1-s1-t5" name="Validar conteudo" line="35">
<kw name="Teste de Tipos de Conteudo" owner="random-user-service">
<kw name="GET On Session" owner="RequestsLibrary">
<msg time="2024-08-06T04:19:16.808663" level="INFO">GET Request : url=https://randomuser.me/api 
 path_url=/api 
 headers={'User-Agent': 'python-requests/2.32.3', 'Accept-Encoding': 'gzip, deflate', 'Accept': '*/*', 'Connection': 'keep-alive'} 
 body=None 
 </msg>
<msg time="2024-08-06T04:19:16.808829" level="INFO">GET Response : url=https://randomuser.me/api 
 status=200, reason=OK 
 headers={'Date': 'Tue, 06 Aug 2024 04:19:16 GMT', 'Content-Type': 'application/json; charset=utf-8', 'Transfer-Encoding': 'chunked', 'Connection': 'keep-alive', 'X-Powered-By': 'Express', 'Access-Control-Allow-Origin': '*', 'Cache-Control': 'no-cache', 'ETag': 'W/"480-yTq5VkyXN70tYr0JM6d8ueeaXWc"', 'Vary': 'Accept-Encoding', 'Content-Encoding': 'gzip', 'CF-Cache-Status': 'DYNAMIC', 'Report-To': '{"endpoints":[{"url":"https:\\/\\/a.nel.cloudflare.com\\/report\\/v4?s=cTYgvtqCDvMIvwxv4%2FJ4dhaXvFrm%2Fg0%2B%2BaDi0mRUXu7LKU47y1hpQscnk07NimPSzAog4TTwKmfEWNR%2B7%2FXRBpXFpyUihi5kZwOq2bI3PMGm71nDNfoGRRLymjhVmvJw"}],"group":"cf-nel","max_age":604800}', 'NEL': '{"success_fraction":0,"report_to":"cf-nel","max_age":604800}', 'Server': 'cloudflare', 'CF-RAY': '8aec3a4d7f0c0603-IAD', 'alt-svc': 'h3=":443"; ma=86400'} 
 body={"results":[{"gender":"male","name":{"title":"Mr","first":"Vincent","last":"Turner"},"location":{"street":{"number":1216,"name":"Princes Street"},"city":"Greymouth","state":"Tasman","country":"New Zealand","postcode":90861,"coordinates":{"latitude":"52.0479","longitude":"-176.0457"},"timezone":{"offset":"+6:00","description":"Almaty, Dhaka, Colombo"}},"email":"vincent.turner@example.com","login":{"uuid":"fcc1b3ce-54c3-48b0-8d73-459b15f8f077","username":"lazyelephant352","password":"sounds","salt":"wtXoGSdd","md5":"c04cc1a5f781b0923293de56983d3717","sha1":"a4730fb658943e877a876941e278d002dfc12261","sha256":"2505b7b4ba794a4efd1f42f6ef23937097e4bdcf22377f349fd73dec7d48f17b"},"dob":{"date":"1963-09-19T02:37:47.960Z","age":60},"registered":{"date":"2014-02-20T11:05:13.327Z","age":10},"phone":"(139)-590-4499","cell":"(716)-689-1521","id":{"name":"","value":null},"picture":{"large":"https://randomuser.me/api/portraits/men/72.jpg","medium":"https://randomuser.me/api/portraits/med/men/72.jpg","thumbnail":"https://randomuser.me/api/portraits/thumb/men/72.jpg"},"nat":"NZ"}],"info":{"seed":"5706568c9152ed52","results":1,"page":1,"version":"1.4"}} 
 </msg>
<msg time="2024-08-06T04:19:16.808952" level="INFO">/opt/hostedtoolcache/Python/3.12.4/x64/lib/python3.12/site-packages/urllib3/connectionpool.py:1099: InsecureRequestWarning: Unverified HTTPS request is being made to host 'randomuser.me'. Adding certificate verification is strongly advised. See: https://urllib3.readthedocs.io/en/latest/advanced-usage.html#tls-warnings
  warnings.warn(</msg>
<msg time="2024-08-06T04:19:16.809149" level="INFO">${response} = &lt;Response [200]&gt;</msg>
<var>${response}</var>
<arg>consultarAPI</arg>
<arg>/api</arg>
<doc>Sends a GET request on a previously created HTTP Session.</doc>
<status status="PASS" start="2024-08-06T04:19:16.710552" elapsed="0.098649"/>
</kw>
<kw name="Set Variable" owner="BuiltIn">
<msg time="2024-08-06T04:19:16.810864" level="INFO">${json_data} = {'results': [{'gender': 'male', 'name': {'title': 'Mr', 'first': 'Vincent', 'last': 'Turner'}, 'location': {'street': {'number': 1216, 'name': 'Princes Street'}, 'city': 'Greymouth', 'state': 'Tasman'...</msg>
<var>${json_data}</var>
<arg>${response.json()}</arg>
<doc>Returns the given values which can then be assigned to a variables.</doc>
<status status="PASS" start="2024-08-06T04:19:16.810062" elapsed="0.000841"/>
</kw>
<kw name="Set Variable" owner="BuiltIn">
<msg time="2024-08-06T04:19:16.811760" level="INFO">${name_title} = Mr</msg>
<var>${name_title}</var>
<arg>${json_data["results"][0]["name"]["title"]}</arg>
<doc>Returns the given values which can then be assigned to a variables.</doc>
<status status="PASS" start="2024-08-06T04:19:16.811287" elapsed="0.000503"/>
</kw>
<kw name="Create List" owner="BuiltIn">
<msg time="2024-08-06T04:19:16.812286" level="INFO">${allowed_titles} = ['Mr', 'Ms', 'Miss', 'Mrs', 'Madame', 'Monsieur']</msg>
<var>${allowed_titles}</var>
<arg>Mr</arg>
<arg>Ms</arg>
<arg>Miss</arg>
<arg>Mrs</arg>
<arg>Madame</arg>
<arg>Monsieur</arg>
<doc>Returns a list containing given items.</doc>
<status status="PASS" start="2024-08-06T04:19:16.812126" elapsed="0.000186"/>
</kw>
<kw name="List Should Contain Value" owner="Collections">
<arg>${allowed_titles}</arg>
<arg>${name_title}</arg>
<doc>Fails if the ``value`` is not found from ``list``.</doc>
<status status="PASS" start="2024-08-06T04:19:16.812635" elapsed="0.000198"/>
</kw>
<kw name="Set Variable" owner="BuiltIn">
<msg time="2024-08-06T04:19:16.813420" level="INFO">${name_country} = NZ</msg>
<var>${name_country}</var>
<arg>${json_data["results"][0]["nat"]}</arg>
<doc>Returns the given values which can then be assigned to a variables.</doc>
<status status="PASS" start="2024-08-06T04:19:16.813024" elapsed="0.000421"/>
</kw>
<kw name="Create List" owner="BuiltIn">
<msg time="2024-08-06T04:19:16.814452" level="INFO">${list_country} = ['AD', 'AE', 'AF', 'AG', 'AI', 'AL', 'AM', 'AO', 'AQ', 'AR', 'AS', 'AT', 'AU', 'AW', 'AX', 'AZ', 'BA', 'BB', 'BD', 'BE', 'BF', 'BG', 'BH', 'BI', 'BJ', 'BL', 'BM', 'BN', 'BO', 'BQ', 'BR', 'BS', 'BT', '...</msg>
<var>${list_country}</var>
<arg>AD</arg>
<arg>AE</arg>
<arg>AF</arg>
<arg>AG</arg>
<arg>AI</arg>
<arg>AL</arg>
<arg>AM</arg>
<arg>AO</arg>
<arg>AQ</arg>
<arg>AR</arg>
<arg>AS</arg>
<arg>AT</arg>
<arg>AU</arg>
<arg>AW</arg>
<arg>AX</arg>
<arg>AZ</arg>
<arg>BA</arg>
<arg>BB</arg>
<arg>BD</arg>
<arg>BE</arg>
<arg>BF</arg>
<arg>BG</arg>
<arg>BH</arg>
<arg>BI</arg>
<arg>BJ</arg>
<arg>BL</arg>
<arg>BM</arg>
<arg>BN</arg>
<arg>BO</arg>
<arg>BQ</arg>
<arg>BR</arg>
<arg>BS</arg>
<arg>BT</arg>
<arg>BV</arg>
<arg>BW</arg>
<arg>BY</arg>
<arg>BZ</arg>
<arg>CA</arg>
<arg>CC</arg>
<arg>CD</arg>
<arg>CF</arg>
<arg>CG</arg>
<arg>CH</arg>
<arg>CI</arg>
<arg>CK</arg>
<arg>CL</arg>
<arg>CM</arg>
<arg>CN</arg>
<arg>CO</arg>
<arg>CR</arg>
<arg>CU</arg>
<arg>CV</arg>
<arg>CW</arg>
<arg>CX</arg>
<arg>CY</arg>
<arg>CZ</arg>
<arg>DE</arg>
<arg>DJ</arg>
<arg>DK</arg>
<arg>DM</arg>
<arg>DO</arg>
<arg>DZ</arg>
<arg>EC</arg>
<arg>EE</arg>
<arg>EG</arg>
<arg>EH</arg>
<arg>ER</arg>
<arg>ES</arg>
<arg>ET</arg>
<arg>FI</arg>
<arg>FJ</arg>
<arg>FK</arg>
<arg>FM</arg>
<arg>FO</arg>
<arg>FR</arg>
<arg>GA</arg>
<arg>GB</arg>
<arg>GD</arg>
<arg>GE</arg>
<arg>GF</arg>
<arg>GG</arg>
<arg>GH</arg>
<arg>GI</arg>
<arg>GL</arg>
<arg>GM</arg>
<arg>GN</arg>
<arg>GP</arg>
<arg>GQ</arg>
<arg>GR</arg>
<arg>GS</arg>
<arg>GT</arg>
<arg>GU</arg>
<arg>GW</arg>
<arg>GY</arg>
<arg>HK</arg>
<arg>HM</arg>
<arg>HN</arg>
<arg>HR</arg>
<arg>HT</arg>
<arg>HU</arg>
<arg>ID</arg>
<arg>IE</arg>
<arg>IL</arg>
<arg>IM</arg>
<arg>IN</arg>
<arg>IO</arg>
<arg>IQ</arg>
<arg>IR</arg>
<arg>IS</arg>
<arg>IT</arg>
<arg>JE</arg>
<arg>JM</arg>
<arg>JO</arg>
<arg>JP</arg>
<arg>KE</arg>
<arg>KG</arg>
<arg>KH</arg>
<arg>KI</arg>
<arg>KM</arg>
<arg>KN</arg>
<arg>KP</arg>
<arg>KR</arg>
<arg>KW</arg>
<arg>KY</arg>
<arg>KZ</arg>
<arg>LA</arg>
<arg>LB</arg>
<arg>LC</arg>
<arg>LI</arg>
<arg>LK</arg>
<arg>LR</arg>
<arg>LS</arg>
<arg>LT</arg>
<arg>LU</arg>
<arg>LV</arg>
<arg>LY</arg>
<arg>MA</arg>
<arg>MC</arg>
<arg>MD</arg>
<arg>ME</arg>
<arg>MF</arg>
<arg>MG</arg>
<arg>MH</arg>
<arg>MK</arg>
<arg>ML</arg>
<arg>MM</arg>
<arg>MN</arg>
<arg>MO</arg>
<arg>MP</arg>
<arg>MQ</arg>
<arg>MR</arg>
<arg>MS</arg>
<arg>MT</arg>
<arg>MU</arg>
<arg>MV</arg>
<arg>MW</arg>
<arg>MX</arg>
<arg>MY</arg>
<arg>MZ</arg>
<arg>NA</arg>
<arg>NC</arg>
<arg>NE</arg>
<arg>NF</arg>
<arg>NG</arg>
<arg>NI</arg>
<arg>NL</arg>
<arg>NO</arg>
<arg>NP</arg>
<arg>NR</arg>
<arg>NU</arg>
<arg>NZ</arg>
<arg>OM</arg>
<arg>PA</arg>
<arg>PE</arg>
<arg>PF</arg>
<arg>PG</arg>
<arg>PH</arg>
<arg>PK</arg>
<arg>PL</arg>
<arg>PM</arg>
<arg>PN</arg>
<arg>PR</arg>
<arg>PS</arg>
<arg>PT</arg>
<arg>PW</arg>
<arg>PY</arg>
<arg>QA</arg>
<arg>RE</arg>
<arg>RO</arg>
<arg>RS</arg>
<arg>RU</arg>
<arg>RW</arg>
<arg>SA</arg>
<arg>SB</arg>
<arg>SC</arg>
<arg>SD</arg>
<arg>SE</arg>
<arg>SG</arg>
<arg>SH</arg>
<arg>SI</arg>
<arg>SJ</arg>
<arg>SK</arg>
<arg>SL</arg>
<arg>SM</arg>
<arg>SN</arg>
<arg>SO</arg>
<arg>SR</arg>
<arg>SS</arg>
<arg>ST</arg>
<arg>SV</arg>
<arg>SX</arg>
<arg>SY</arg>
<arg>SZ</arg>
<arg>TC</arg>
<arg>TD</arg>
<arg>TF</arg>
<arg>TG</arg>
<arg>TH</arg>
<arg>TJ</arg>
<arg>TK</arg>
<arg>TL</arg>
<arg>TM</arg>
<arg>TN</arg>
<arg>TO</arg>
<arg>TR</arg>
<arg>TT</arg>
<arg>TV</arg>
<arg>TW</arg>
<arg>TZ</arg>
<arg>UA</arg>
<arg>UG</arg>
<arg>UM</arg>
<arg>US</arg>
<arg>UY</arg>
<arg>UZ</arg>
<arg>VA</arg>
<arg>VC</arg>
<arg>VE</arg>
<arg>VG</arg>
<arg>VI</arg>
<arg>VN</arg>
<arg>VU</arg>
<arg>WF</arg>
<arg>WS</arg>
<arg>XK</arg>
<arg>YE</arg>
<arg>YT</arg>
<arg>ZA</arg>
<arg>ZM</arg>
<arg>ZW</arg>
<doc>Returns a list containing given items.</doc>
<status status="PASS" start="2024-08-06T04:19:16.813735" elapsed="0.000763"/>
</kw>
<kw name="List Should Contain Value" owner="Collections">
<arg>${list_country}</arg>
<arg>${name_country}</arg>
<doc>Fails if the ``value`` is not found from ``list``.</doc>
<status status="PASS" start="2024-08-06T04:19:16.815659" elapsed="0.000221"/>
</kw>
<kw name="Run Keyword If" owner="BuiltIn">
<kw name="Should Be True" owner="BuiltIn">
<arg>${True}</arg>
<doc>Fails if the given condition is not true.</doc>
<status status="PASS" start="2024-08-06T04:19:16.816897" elapsed="0.000144"/>
</kw>
<arg>${json_data["results"][0]["location"]["coordinates"]["latitude"]} &gt;= -90 and ${json_data["results"][0]["location"]["coordinates"]["latitude"]} &lt;= 90</arg>
<arg>Should Be True</arg>
<arg>${True}</arg>
<doc>Runs the given keyword with the given arguments, if ``condition`` is true.</doc>
<status status="PASS" start="2024-08-06T04:19:16.816088" elapsed="0.001080"/>
</kw>
<kw name="Run Keyword If" owner="BuiltIn">
<kw name="Should Be True" owner="BuiltIn">
<arg>${True}</arg>
<doc>Fails if the given condition is not true.</doc>
<status status="PASS" start="2024-08-06T04:19:16.818085" elapsed="0.000137"/>
</kw>
<arg>${json_data["results"][0]["location"]["coordinates"]["longitude"]} &gt;= -180 and ${json_data["results"][0]["location"]["coordinates"]["longitude"]} &lt;= 180</arg>
<arg>Should Be True</arg>
<arg>${True}</arg>
<doc>Runs the given keyword with the given arguments, if ``condition`` is true.</doc>
<status status="PASS" start="2024-08-06T04:19:16.817352" elapsed="0.000993"/>
</kw>
<status status="PASS" start="2024-08-06T04:19:16.710131" elapsed="0.108383"/>
</kw>
<doc>Testa o conteúdo específico dos campos retornados pela API.</doc>
<tag>testeConteudo</tag>
<status status="PASS" start="2024-08-06T04:19:16.709383" elapsed="0.109314"/>
</test>
<status status="PASS" start="2024-08-06T04:19:15.760106" elapsed="1.060909"/>
</suite>
<status status="PASS" start="2024-08-06T04:19:15.739676" elapsed="1.087750"/>
</suite>
<statistics>
<total>
<stat pass="5" fail="0" skip="0">All Tests</stat>
</total>
<tag>
<stat pass="1" fail="0" skip="0">testeConteudo</stat>
<stat pass="1" fail="0" skip="0">testeEstruturaResposta</stat>
<stat pass="1" fail="0" skip="0">testeRequisicaoBasica</stat>
<stat pass="1" fail="0" skip="0">testeTiposDados</stat>
</tag>
<suite>
<stat pass="5" fail="0" skip="0" id="s1" name="Tests">Tests</stat>
<stat pass="5" fail="0" skip="0" id="s1-s1" name="Random-User-Test">Tests.Random-User-Test</stat>
</suite>
</statistics>
<errors>
</errors>
</robot>
