<?xml version="1.0" encoding="UTF-8"?>
<robot generator="Robot 7.0 (Python 3.12.3 on linux)" generated="2024-05-31T17:13:48.936862" rpa="false" schemaversion="5">
<suite id="s1" name="Tests" source="/home/runner/work/ApiRandomUser/ApiRandomUser/RamdonUser/tests">
<suite id="s1-s1" name="Random-User-Test" source="/home/runner/work/ApiRandomUser/ApiRandomUser/RamdonUser/tests/random-user-test.robot">
<test id="s1-s1-t1" name="Conectar" line="13">
<kw name="Conectar API" owner="random-user-service">
<kw name="Create Session" owner="RequestsLibrary">
<msg time="2024-05-31T17:13:49.322298" level="INFO">Creating Session using : alias=consultarAPI, url=https://randomuser.me/, headers={},                     cookies={}, auth=None, timeout=None, proxies=None, verify=False,                     debug=0 </msg>
<arg>consultarAPI</arg>
<arg>${URL}</arg>
<doc>Create Session: create a HTTP session to a server</doc>
<status status="PASS" start="2024-05-31T17:13:49.322091" elapsed="0.000388"/>
</kw>
<status status="PASS" start="2024-05-31T17:13:49.321048" elapsed="0.001795"/>
</kw>
<status status="PASS" start="2024-05-31T17:13:49.320381" elapsed="0.002659"/>
</test>
<test id="s1-s1-t2" name="Validar retorno 200 e JSON Válido" line="16">
<kw name="Teste de Requisicao Basica" owner="random-user-service">
<kw name="GET On Session" owner="RequestsLibrary">
<msg time="2024-05-31T17:13:49.584260" level="INFO">GET Request : url=https://randomuser.me/api 
 path_url=/api 
 headers={'User-Agent': 'python-requests/2.32.3', 'Accept-Encoding': 'gzip, deflate', 'Accept': '*/*', 'Connection': 'keep-alive'} 
 body=None 
 </msg>
<msg time="2024-05-31T17:13:49.584423" level="INFO">GET Response : url=https://randomuser.me/api 
 status=200, reason=OK 
 headers={'Date': 'Fri, 31 May 2024 17:13:49 GMT', 'Content-Type': 'application/json; charset=utf-8', 'Transfer-Encoding': 'chunked', 'Connection': 'keep-alive', 'X-Powered-By': 'Express', 'Access-Control-Allow-Origin': '*', 'Cache-Control': 'no-cache', 'ETag': 'W/"46f-QXA4iiG/E3tUQnBXmiuxdZTu8I8"', 'Vary': 'Accept-Encoding', 'Content-Encoding': 'gzip', 'CF-Cache-Status': 'DYNAMIC', 'Report-To': '{"endpoints":[{"url":"https:\\/\\/a.nel.cloudflare.com\\/report\\/v4?s=qjOseoE7hwHZjXOUThqGz%2FL6qtbAjX3aEGpDG1MlbY7BwB6NADnrYxeF7lkBp6YPkGRWb2HHwxSCj51TctMzEZUPiwrEZ9zSxKxAoHSrZGmMWszciBYaADoZIOjMWgWA"}],"group":"cf-nel","max_age":604800}', 'NEL': '{"success_fraction":0,"report_to":"cf-nel","max_age":604800}', 'Server': 'cloudflare', 'CF-RAY': '88c898c458096802-SJC', 'alt-svc': 'h3=":443"; ma=86400'} 
 body={"results":[{"gender":"male","name":{"title":"Mr","first":"Mileta","last":"Gojković"},"location":{"street":{"number":2185,"name":"Mire Nikolić"},"city":"Lapovo","state":"South Banat","country":"Serbia","postcode":20500,"coordinates":{"latitude":"60.6472","longitude":"-165.3233"},"timezone":{"offset":"-10:00","description":"Hawaii"}},"email":"mileta.gojkovic@example.com","login":{"uuid":"721386c1-aa5e-4c03-ab30-9bd535fec21c","username":"bluebear661","password":"pyon","salt":"QQw6Vbnh","md5":"fb1fc682300c7335b259a30ba6c79b1d","sha1":"ec01c8cefaeab137129f3db2f79b0db8e3132fed","sha256":"fd8c8a5d11b11541387a45c928bb225e1eb3005a2c6dd8c9a711b7f5df620760"},"dob":{"date":"1984-03-18T10:16:44.401Z","age":40},"registered":{"date":"2019-07-01T11:29:35.350Z","age":4},"phone":"013-9981-076","cell":"069-3008-935","id":{"name":"SID","value":"058788675"},"picture":{"large":"https://randomuser.me/api/portraits/men/33.jpg","medium":"https://randomuser.me/api/portraits/med/men/33.jpg","thumbnail":"https://randomuser.me/api/portraits/thumb/men/33.jpg"},"nat":"RS"}],"info":{"seed":"ab0acd33b1d0fc89","results":1,"page":1,"version":"1.4"}} 
 </msg>
<msg time="2024-05-31T17:13:49.584525" level="INFO">/opt/hostedtoolcache/Python/3.12.3/x64/lib/python3.12/site-packages/urllib3/connectionpool.py:1103: InsecureRequestWarning: Unverified HTTPS request is being made to host 'randomuser.me'. Adding certificate verification is strongly advised. See: https://urllib3.readthedocs.io/en/latest/advanced-usage.html#tls-warnings
  warnings.warn(</msg>
<msg time="2024-05-31T17:13:49.584667" level="INFO">${response} = &lt;Response [200]&gt;</msg>
<var>${response}</var>
<arg>consultarAPI</arg>
<arg>/api</arg>
<doc>Sends a GET request on a previously created HTTP Session.</doc>
<status status="PASS" start="2024-05-31T17:13:49.325676" elapsed="0.259033"/>
</kw>
<kw name="Should Be Equal As Numbers" owner="BuiltIn">
<msg time="2024-05-31T17:13:49.585832" level="INFO">Argument types are:
&lt;class 'int'&gt;
&lt;class 'str'&gt;</msg>
<arg>${response.status_code}</arg>
<arg>200</arg>
<doc>Fails if objects are unequal after converting them to real numbers.</doc>
<status status="PASS" start="2024-05-31T17:13:49.585327" elapsed="0.000573"/>
</kw>
<kw name="Log" owner="BuiltIn">
<msg time="2024-05-31T17:13:49.586598" level="INFO">200</msg>
<arg>${response.status_code}</arg>
<doc>Logs the given message with the given level.</doc>
<status status="PASS" start="2024-05-31T17:13:49.586241" elapsed="0.000407"/>
</kw>
<kw name="Set Variable" owner="BuiltIn">
<msg time="2024-05-31T17:13:49.587405" level="INFO">${json_data} = {'results': [{'gender': 'male', 'name': {'title': 'Mr', 'first': 'Mileta', 'last': 'Gojković'}, 'location': {'street': {'number': 2185, 'name': 'Mire Nikolić'}, 'city': 'Lapovo', 'state': 'South Banat...</msg>
<var>${json_data}</var>
<arg>${response.json()}</arg>
<doc>Returns the given values which can then be assigned to a variables.</doc>
<status status="PASS" start="2024-05-31T17:13:49.586959" elapsed="0.000477"/>
</kw>
<kw name="Dictionary Should Contain Key" owner="Collections">
<msg time="2024-05-31T17:13:49.587924" level="INFO">False</msg>
<arg>${json_data}</arg>
<arg>results</arg>
<doc>Fails if ``key`` is not found from ``dictionary``.</doc>
<status status="PASS" start="2024-05-31T17:13:49.587749" elapsed="0.000363"/>
</kw>
<status status="PASS" start="2024-05-31T17:13:49.325427" elapsed="0.262953"/>
</kw>
<doc>Testa se a API responde corretamente e retorna um objeto JSON válido.</doc>
<tag>testeRequisicaoBasica</tag>
<status status="PASS" start="2024-05-31T17:13:49.324954" elapsed="0.263604"/>
</test>
<test id="s1-s1-t3" name="Validar estrutura de resposta" line="22">
<kw name="Teste de Estrutura de Resposta" owner="random-user-service">
<kw name="GET On Session" owner="RequestsLibrary">
<msg time="2024-05-31T17:13:49.695035" level="INFO">GET Request : url=https://randomuser.me/api 
 path_url=/api 
 headers={'User-Agent': 'python-requests/2.32.3', 'Accept-Encoding': 'gzip, deflate', 'Accept': '*/*', 'Connection': 'keep-alive'} 
 body=None 
 </msg>
<msg time="2024-05-31T17:13:49.695123" level="INFO">GET Response : url=https://randomuser.me/api 
 status=200, reason=OK 
 headers={'Date': 'Fri, 31 May 2024 17:13:49 GMT', 'Content-Type': 'application/json; charset=utf-8', 'Transfer-Encoding': 'chunked', 'Connection': 'keep-alive', 'X-Powered-By': 'Express', 'Access-Control-Allow-Origin': '*', 'Cache-Control': 'no-cache', 'ETag': 'W/"488-I3C+HqqB0+Q7kqV/wK4FW2d6Xg4"', 'Vary': 'Accept-Encoding', 'Content-Encoding': 'gzip', 'CF-Cache-Status': 'DYNAMIC', 'Report-To': '{"endpoints":[{"url":"https:\\/\\/a.nel.cloudflare.com\\/report\\/v4?s=Bonk6BDHUKMdo6R0B9ullaF7OnrNhHJk98RweuTdQ4zoMntmwlEHddzY6%2FVM227zjrBxNlKmRRXOFMz6Vz9UeV%2BTLyVvQxHcTJwkTPBUxX%2BRJyMBmV4NT3Zn%2BgyPxBcX"}],"group":"cf-nel","max_age":604800}', 'NEL': '{"success_fraction":0,"report_to":"cf-nel","max_age":604800}', 'Server': 'cloudflare', 'CF-RAY': '88c898c4f88e6802-SJC', 'alt-svc': 'h3=":443"; ma=86400'} 
 body={"results":[{"gender":"female","name":{"title":"Miss","first":"آوین","last":"گلشن"},"location":{"street":{"number":8035,"name":"میدان امام حسین"},"city":"کرمانشاه","state":"اصفهان","country":"Iran","postcode":11183,"coordinates":{"latitude":"14.9243","longitude":"146.4206"},"timezone":{"offset":"+5:45","description":"Kathmandu"}},"email":"awyn.glshn@example.com","login":{"uuid":"1f0bcae1-0367-4cb3-8d25-ec8dd229c3de","username":"greentiger786","password":"bigal","salt":"mxEUTmq1","md5":"7b24f987fa1b58a413f229965e6c803b","sha1":"9bce7417c79fd43e24aed708714b1a71028f8b1a","sha256":"1a28ad622ec00dbd01c7267b121d520d6ae83d5c75f86f93db16dd618637ae2f"},"dob":{"date":"1976-06-02T11:47:53.822Z","age":47},"registered":{"date":"2019-04-26T02:43:56.327Z","age":5},"phone":"011-57189814","cell":"0934-836-4801","id":{"name":"","value":null},"picture":{"large":"https://randomuser.me/api/portraits/women/81.jpg","medium":"https://randomuser.me/api/portraits/med/women/81.jpg","thumbnail":"https://randomuser.me/api/portraits/thumb/women/81.jpg"},"nat":"IR"}],"info":{"seed":"4295376491d794a7","results":1,"page":1,"version":"1.4"}} 
 </msg>
<msg time="2024-05-31T17:13:49.695246" level="INFO">/opt/hostedtoolcache/Python/3.12.3/x64/lib/python3.12/site-packages/urllib3/connectionpool.py:1103: InsecureRequestWarning: Unverified HTTPS request is being made to host 'randomuser.me'. Adding certificate verification is strongly advised. See: https://urllib3.readthedocs.io/en/latest/advanced-usage.html#tls-warnings
  warnings.warn(</msg>
<msg time="2024-05-31T17:13:49.695385" level="INFO">${response} = &lt;Response [200]&gt;</msg>
<var>${response}</var>
<arg>consultarAPI</arg>
<arg>/api</arg>
<doc>Sends a GET request on a previously created HTTP Session.</doc>
<status status="PASS" start="2024-05-31T17:13:49.591210" elapsed="0.104227"/>
</kw>
<kw name="Set Variable" owner="BuiltIn">
<msg time="2024-05-31T17:13:49.696581" level="INFO">${json_data} = {'results': [{'gender': 'female', 'name': {'title': 'Miss', 'first': 'آوین', 'last': 'گلشن'}, 'location': {'street': {'number': 8035, 'name': 'میدان امام حسین'}, 'city': 'کرمانشاه', 'state': 'اصفهان',...</msg>
<var>${json_data}</var>
<arg>${response.json()}</arg>
<doc>Returns the given values which can then be assigned to a variables.</doc>
<status status="PASS" start="2024-05-31T17:13:49.695978" elapsed="0.000635"/>
</kw>
<kw name="Log" owner="BuiltIn">
<msg time="2024-05-31T17:13:49.697143" level="INFO">{'results': [{'gender': 'female', 'name': {'title': 'Miss', 'first': 'آوین', 'last': 'گلشن'}, 'location': {'street': {'number': 8035, 'name': 'میدان امام حسین'}, 'city': 'کرمانشاه', 'state': 'اصفهان', 'country': 'Iran', 'postcode': 11183, 'coordinates': {'latitude': '14.9243', 'longitude': '146.4206'}, 'timezone': {'offset': '+5:45', 'description': 'Kathmandu'}}, 'email': 'awyn.glshn@example.com', 'login': {'uuid': '1f0bcae1-0367-4cb3-8d25-ec8dd229c3de', 'username': 'greentiger786', 'password': 'bigal', 'salt': 'mxEUTmq1', 'md5': '7b24f987fa1b58a413f229965e6c803b', 'sha1': '9bce7417c79fd43e24aed708714b1a71028f8b1a', 'sha256': '1a28ad622ec00dbd01c7267b121d520d6ae83d5c75f86f93db16dd618637ae2f'}, 'dob': {'date': '1976-06-02T11:47:53.822Z', 'age': 47}, 'registered': {'date': '2019-04-26T02:43:56.327Z', 'age': 5}, 'phone': '011-57189814', 'cell': '0934-836-4801', 'id': {'name': '', 'value': None}, 'picture': {'large': 'https://randomuser.me/api/portraits/women/81.jpg', 'medium': 'https://randomuser.me/api/portraits/med/women/81.jpg', 'thumbnail': 'https://randomuser.me/api/portraits/thumb/women/81.jpg'}, 'nat': 'IR'}], 'info': {'seed': '4295376491d794a7', 'results': 1, 'page': 1, 'version': '1.4'}}</msg>
<arg>${json_data}</arg>
<doc>Logs the given message with the given level.</doc>
<status status="PASS" start="2024-05-31T17:13:49.696970" elapsed="0.000226"/>
</kw>
<kw name="Dictionary Should Contain Key" owner="Collections">
<msg time="2024-05-31T17:13:49.697663" level="INFO">False</msg>
<arg>${json_data}</arg>
<arg>results</arg>
<doc>Fails if ``key`` is not found from ``dictionary``.</doc>
<status status="PASS" start="2024-05-31T17:13:49.697505" elapsed="0.000196"/>
</kw>
<kw name="Should Not Be Empty" owner="BuiltIn">
<msg time="2024-05-31T17:13:49.698139" level="INFO">Length is 2.</msg>
<arg>${json_data}</arg>
<doc>Verifies that the given item is not empty.</doc>
<status status="PASS" start="2024-05-31T17:13:49.697999" elapsed="0.000179"/>
</kw>
<kw name="Create List" owner="BuiltIn">
<msg time="2024-05-31T17:13:49.698623" level="INFO">${expected_keys} = ['gender', 'name', 'location', 'email', 'login']</msg>
<var>${expected_keys}</var>
<arg>gender</arg>
<arg>name</arg>
<arg>location</arg>
<arg>email</arg>
<arg>login</arg>
<doc>Returns a list containing given items.</doc>
<status status="PASS" start="2024-05-31T17:13:49.698474" elapsed="0.000173"/>
</kw>
<for flavor="IN">
<iter>
<kw name="Dictionary Should Contain Key" owner="Collections">
<msg time="2024-05-31T17:13:49.699639" level="INFO">False</msg>
<arg>${json_data['results'][0]}</arg>
<arg>${key}</arg>
<doc>Fails if ``key`` is not found from ``dictionary``.</doc>
<status status="PASS" start="2024-05-31T17:13:49.699231" elapsed="0.000452"/>
</kw>
<kw name="Log" owner="BuiltIn">
<msg time="2024-05-31T17:13:49.700359" level="INFO">{'gender': 'female', 'name': {'title': 'Miss', 'first': 'آوین', 'last': 'گلشن'}, 'location': {'street': {'number': 8035, 'name': 'میدان امام حسین'}, 'city': 'کرمانشاه', 'state': 'اصفهان', 'country': 'Iran', 'postcode': 11183, 'coordinates': {'latitude': '14.9243', 'longitude': '146.4206'}, 'timezone': {'offset': '+5:45', 'description': 'Kathmandu'}}, 'email': 'awyn.glshn@example.com', 'login': {'uuid': '1f0bcae1-0367-4cb3-8d25-ec8dd229c3de', 'username': 'greentiger786', 'password': 'bigal', 'salt': 'mxEUTmq1', 'md5': '7b24f987fa1b58a413f229965e6c803b', 'sha1': '9bce7417c79fd43e24aed708714b1a71028f8b1a', 'sha256': '1a28ad622ec00dbd01c7267b121d520d6ae83d5c75f86f93db16dd618637ae2f'}, 'dob': {'date': '1976-06-02T11:47:53.822Z', 'age': 47}, 'registered': {'date': '2019-04-26T02:43:56.327Z', 'age': 5}, 'phone': '011-57189814', 'cell': '0934-836-4801', 'id': {'name': '', 'value': None}, 'picture': {'large': 'https://randomuser.me/api/portraits/women/81.jpg', 'medium': 'https://randomuser.me/api/portraits/med/women/81.jpg', 'thumbnail': 'https://randomuser.me/api/portraits/thumb/women/81.jpg'}, 'nat': 'IR'}</msg>
<arg>${json_data['results'][0]}</arg>
<doc>Logs the given message with the given level.</doc>
<status status="PASS" start="2024-05-31T17:13:49.699981" elapsed="0.000442"/>
</kw>
<kw name="Log" owner="BuiltIn">
<msg time="2024-05-31T17:13:49.700862" level="INFO">gender</msg>
<arg>${key}</arg>
<doc>Logs the given message with the given level.</doc>
<status status="PASS" start="2024-05-31T17:13:49.700731" elapsed="0.000169"/>
</kw>
<var name="${key}">gender</var>
<status status="PASS" start="2024-05-31T17:13:49.699104" elapsed="0.002035"/>
</iter>
<iter>
<kw name="Dictionary Should Contain Key" owner="Collections">
<msg time="2024-05-31T17:13:49.701833" level="INFO">False</msg>
<arg>${json_data['results'][0]}</arg>
<arg>${key}</arg>
<doc>Fails if ``key`` is not found from ``dictionary``.</doc>
<status status="PASS" start="2024-05-31T17:13:49.701442" elapsed="0.000428"/>
</kw>
<kw name="Log" owner="BuiltIn">
<msg time="2024-05-31T17:13:49.702556" level="INFO">{'gender': 'female', 'name': {'title': 'Miss', 'first': 'آوین', 'last': 'گلشن'}, 'location': {'street': {'number': 8035, 'name': 'میدان امام حسین'}, 'city': 'کرمانشاه', 'state': 'اصفهان', 'country': 'Iran', 'postcode': 11183, 'coordinates': {'latitude': '14.9243', 'longitude': '146.4206'}, 'timezone': {'offset': '+5:45', 'description': 'Kathmandu'}}, 'email': 'awyn.glshn@example.com', 'login': {'uuid': '1f0bcae1-0367-4cb3-8d25-ec8dd229c3de', 'username': 'greentiger786', 'password': 'bigal', 'salt': 'mxEUTmq1', 'md5': '7b24f987fa1b58a413f229965e6c803b', 'sha1': '9bce7417c79fd43e24aed708714b1a71028f8b1a', 'sha256': '1a28ad622ec00dbd01c7267b121d520d6ae83d5c75f86f93db16dd618637ae2f'}, 'dob': {'date': '1976-06-02T11:47:53.822Z', 'age': 47}, 'registered': {'date': '2019-04-26T02:43:56.327Z', 'age': 5}, 'phone': '011-57189814', 'cell': '0934-836-4801', 'id': {'name': '', 'value': None}, 'picture': {'large': 'https://randomuser.me/api/portraits/women/81.jpg', 'medium': 'https://randomuser.me/api/portraits/med/women/81.jpg', 'thumbnail': 'https://randomuser.me/api/portraits/thumb/women/81.jpg'}, 'nat': 'IR'}</msg>
<arg>${json_data['results'][0]}</arg>
<doc>Logs the given message with the given level.</doc>
<status status="PASS" start="2024-05-31T17:13:49.702194" elapsed="0.000423"/>
</kw>
<kw name="Log" owner="BuiltIn">
<msg time="2024-05-31T17:13:49.703042" level="INFO">name</msg>
<arg>${key}</arg>
<doc>Logs the given message with the given level.</doc>
<status status="PASS" start="2024-05-31T17:13:49.702916" elapsed="0.000163"/>
</kw>
<var name="${key}">name</var>
<status status="PASS" start="2024-05-31T17:13:49.701327" elapsed="0.001971"/>
</iter>
<iter>
<kw name="Dictionary Should Contain Key" owner="Collections">
<msg time="2024-05-31T17:13:49.703980" level="INFO">False</msg>
<arg>${json_data['results'][0]}</arg>
<arg>${key}</arg>
<doc>Fails if ``key`` is not found from ``dictionary``.</doc>
<status status="PASS" start="2024-05-31T17:13:49.703605" elapsed="0.000413"/>
</kw>
<kw name="Log" owner="BuiltIn">
<msg time="2024-05-31T17:13:49.704695" level="INFO">{'gender': 'female', 'name': {'title': 'Miss', 'first': 'آوین', 'last': 'گلشن'}, 'location': {'street': {'number': 8035, 'name': 'میدان امام حسین'}, 'city': 'کرمانشاه', 'state': 'اصفهان', 'country': 'Iran', 'postcode': 11183, 'coordinates': {'latitude': '14.9243', 'longitude': '146.4206'}, 'timezone': {'offset': '+5:45', 'description': 'Kathmandu'}}, 'email': 'awyn.glshn@example.com', 'login': {'uuid': '1f0bcae1-0367-4cb3-8d25-ec8dd229c3de', 'username': 'greentiger786', 'password': 'bigal', 'salt': 'mxEUTmq1', 'md5': '7b24f987fa1b58a413f229965e6c803b', 'sha1': '9bce7417c79fd43e24aed708714b1a71028f8b1a', 'sha256': '1a28ad622ec00dbd01c7267b121d520d6ae83d5c75f86f93db16dd618637ae2f'}, 'dob': {'date': '1976-06-02T11:47:53.822Z', 'age': 47}, 'registered': {'date': '2019-04-26T02:43:56.327Z', 'age': 5}, 'phone': '011-57189814', 'cell': '0934-836-4801', 'id': {'name': '', 'value': None}, 'picture': {'large': 'https://randomuser.me/api/portraits/women/81.jpg', 'medium': 'https://randomuser.me/api/portraits/med/women/81.jpg', 'thumbnail': 'https://randomuser.me/api/portraits/thumb/women/81.jpg'}, 'nat': 'IR'}</msg>
<arg>${json_data['results'][0]}</arg>
<doc>Logs the given message with the given level.</doc>
<status status="PASS" start="2024-05-31T17:13:49.704324" elapsed="0.000423"/>
</kw>
<kw name="Log" owner="BuiltIn">
<msg time="2024-05-31T17:13:49.705212" level="INFO">location</msg>
<arg>${key}</arg>
<doc>Logs the given message with the given level.</doc>
<status status="PASS" start="2024-05-31T17:13:49.705080" elapsed="0.000171"/>
</kw>
<var name="${key}">location</var>
<status status="PASS" start="2024-05-31T17:13:49.703476" elapsed="0.001993"/>
</iter>
<iter>
<kw name="Dictionary Should Contain Key" owner="Collections">
<msg time="2024-05-31T17:13:49.706245" level="INFO">False</msg>
<arg>${json_data['results'][0]}</arg>
<arg>${key}</arg>
<doc>Fails if ``key`` is not found from ``dictionary``.</doc>
<status status="PASS" start="2024-05-31T17:13:49.705754" elapsed="0.000529"/>
</kw>
<kw name="Log" owner="BuiltIn">
<msg time="2024-05-31T17:13:49.706951" level="INFO">{'gender': 'female', 'name': {'title': 'Miss', 'first': 'آوین', 'last': 'گلشن'}, 'location': {'street': {'number': 8035, 'name': 'میدان امام حسین'}, 'city': 'کرمانشاه', 'state': 'اصفهان', 'country': 'Iran', 'postcode': 11183, 'coordinates': {'latitude': '14.9243', 'longitude': '146.4206'}, 'timezone': {'offset': '+5:45', 'description': 'Kathmandu'}}, 'email': 'awyn.glshn@example.com', 'login': {'uuid': '1f0bcae1-0367-4cb3-8d25-ec8dd229c3de', 'username': 'greentiger786', 'password': 'bigal', 'salt': 'mxEUTmq1', 'md5': '7b24f987fa1b58a413f229965e6c803b', 'sha1': '9bce7417c79fd43e24aed708714b1a71028f8b1a', 'sha256': '1a28ad622ec00dbd01c7267b121d520d6ae83d5c75f86f93db16dd618637ae2f'}, 'dob': {'date': '1976-06-02T11:47:53.822Z', 'age': 47}, 'registered': {'date': '2019-04-26T02:43:56.327Z', 'age': 5}, 'phone': '011-57189814', 'cell': '0934-836-4801', 'id': {'name': '', 'value': None}, 'picture': {'large': 'https://randomuser.me/api/portraits/women/81.jpg', 'medium': 'https://randomuser.me/api/portraits/med/women/81.jpg', 'thumbnail': 'https://randomuser.me/api/portraits/thumb/women/81.jpg'}, 'nat': 'IR'}</msg>
<arg>${json_data['results'][0]}</arg>
<doc>Logs the given message with the given level.</doc>
<status status="PASS" start="2024-05-31T17:13:49.706588" elapsed="0.000415"/>
</kw>
<kw name="Log" owner="BuiltIn">
<msg time="2024-05-31T17:13:49.707431" level="INFO">email</msg>
<arg>${key}</arg>
<doc>Logs the given message with the given level.</doc>
<status status="PASS" start="2024-05-31T17:13:49.707304" elapsed="0.000164"/>
</kw>
<var name="${key}">email</var>
<status status="PASS" start="2024-05-31T17:13:49.705643" elapsed="0.002038"/>
</iter>
<iter>
<kw name="Dictionary Should Contain Key" owner="Collections">
<msg time="2024-05-31T17:13:49.708348" level="INFO">False</msg>
<arg>${json_data['results'][0]}</arg>
<arg>${key}</arg>
<doc>Fails if ``key`` is not found from ``dictionary``.</doc>
<status status="PASS" start="2024-05-31T17:13:49.707967" elapsed="0.000418"/>
</kw>
<kw name="Log" owner="BuiltIn">
<msg time="2024-05-31T17:13:49.709091" level="INFO">{'gender': 'female', 'name': {'title': 'Miss', 'first': 'آوین', 'last': 'گلشن'}, 'location': {'street': {'number': 8035, 'name': 'میدان امام حسین'}, 'city': 'کرمانشاه', 'state': 'اصفهان', 'country': 'Iran', 'postcode': 11183, 'coordinates': {'latitude': '14.9243', 'longitude': '146.4206'}, 'timezone': {'offset': '+5:45', 'description': 'Kathmandu'}}, 'email': 'awyn.glshn@example.com', 'login': {'uuid': '1f0bcae1-0367-4cb3-8d25-ec8dd229c3de', 'username': 'greentiger786', 'password': 'bigal', 'salt': 'mxEUTmq1', 'md5': '7b24f987fa1b58a413f229965e6c803b', 'sha1': '9bce7417c79fd43e24aed708714b1a71028f8b1a', 'sha256': '1a28ad622ec00dbd01c7267b121d520d6ae83d5c75f86f93db16dd618637ae2f'}, 'dob': {'date': '1976-06-02T11:47:53.822Z', 'age': 47}, 'registered': {'date': '2019-04-26T02:43:56.327Z', 'age': 5}, 'phone': '011-57189814', 'cell': '0934-836-4801', 'id': {'name': '', 'value': None}, 'picture': {'large': 'https://randomuser.me/api/portraits/women/81.jpg', 'medium': 'https://randomuser.me/api/portraits/med/women/81.jpg', 'thumbnail': 'https://randomuser.me/api/portraits/thumb/women/81.jpg'}, 'nat': 'IR'}</msg>
<arg>${json_data['results'][0]}</arg>
<doc>Logs the given message with the given level.</doc>
<status status="PASS" start="2024-05-31T17:13:49.708677" elapsed="0.000476"/>
</kw>
<kw name="Log" owner="BuiltIn">
<msg time="2024-05-31T17:13:49.709582" level="INFO">login</msg>
<arg>${key}</arg>
<doc>Logs the given message with the given level.</doc>
<status status="PASS" start="2024-05-31T17:13:49.709453" elapsed="0.000166"/>
</kw>
<var name="${key}">login</var>
<status status="PASS" start="2024-05-31T17:13:49.707856" elapsed="0.002007"/>
</iter>
<var>${key}</var>
<value>@{expected_keys}</value>
<status status="PASS" start="2024-05-31T17:13:49.698916" elapsed="0.011074"/>
</for>
<kw name="Create List" owner="BuiltIn">
<msg time="2024-05-31T17:13:49.710327" level="INFO">${expected_keysTwo} = ['username', 'password']</msg>
<var>${expected_keysTwo}</var>
<arg>username</arg>
<arg>password</arg>
<doc>Returns a list containing given items.</doc>
<status status="PASS" start="2024-05-31T17:13:49.710190" elapsed="0.000160"/>
</kw>
<for flavor="IN">
<iter>
<kw name="Dictionary Should Contain Key" owner="Collections">
<msg time="2024-05-31T17:13:49.711231" level="INFO">False</msg>
<arg>${json_data['results'][0]['login']}</arg>
<arg>${keyTwo}</arg>
<doc>Fails if ``key`` is not found from ``dictionary``.</doc>
<status status="PASS" start="2024-05-31T17:13:49.710846" elapsed="0.000422"/>
</kw>
<kw name="Dictionary Should Contain Key" owner="Collections">
<msg time="2024-05-31T17:13:49.711941" level="INFO">False</msg>
<arg>${json_data['results'][0]['login']}</arg>
<arg>${keyTwo}</arg>
<doc>Fails if ``key`` is not found from ``dictionary``.</doc>
<status status="PASS" start="2024-05-31T17:13:49.711563" elapsed="0.000415"/>
</kw>
<kw name="Log" owner="BuiltIn">
<msg time="2024-05-31T17:13:49.712394" level="INFO">username</msg>
<arg>${keyTwo}</arg>
<doc>Logs the given message with the given level.</doc>
<status status="PASS" start="2024-05-31T17:13:49.712268" elapsed="0.000164"/>
</kw>
<var name="${keyTwo}">username</var>
<status status="PASS" start="2024-05-31T17:13:49.710737" elapsed="0.001906"/>
</iter>
<iter>
<kw name="Dictionary Should Contain Key" owner="Collections">
<msg time="2024-05-31T17:13:49.713326" level="INFO">False</msg>
<arg>${json_data['results'][0]['login']}</arg>
<arg>${keyTwo}</arg>
<doc>Fails if ``key`` is not found from ``dictionary``.</doc>
<status status="PASS" start="2024-05-31T17:13:49.712918" elapsed="0.000446"/>
</kw>
<kw name="Dictionary Should Contain Key" owner="Collections">
<msg time="2024-05-31T17:13:49.714029" level="INFO">False</msg>
<arg>${json_data['results'][0]['login']}</arg>
<arg>${keyTwo}</arg>
<doc>Fails if ``key`` is not found from ``dictionary``.</doc>
<status status="PASS" start="2024-05-31T17:13:49.713654" elapsed="0.000413"/>
</kw>
<kw name="Log" owner="BuiltIn">
<msg time="2024-05-31T17:13:49.714484" level="INFO">password</msg>
<arg>${keyTwo}</arg>
<doc>Logs the given message with the given level.</doc>
<status status="PASS" start="2024-05-31T17:13:49.714358" elapsed="0.000163"/>
</kw>
<var name="${keyTwo}">password</var>
<status status="PASS" start="2024-05-31T17:13:49.712810" elapsed="0.001924"/>
</iter>
<var>${keyTwo}</var>
<value>@{expected_keysTwo}</value>
<status status="PASS" start="2024-05-31T17:13:49.710585" elapsed="0.004265"/>
</for>
<status status="PASS" start="2024-05-31T17:13:49.590970" elapsed="0.124018"/>
</kw>
<doc>Testa a estrutura da resposta da API.</doc>
<tag>testeEstruturaResposta</tag>
<status status="PASS" start="2024-05-31T17:13:49.590464" elapsed="0.124672"/>
</test>
<test id="s1-s1-t4" name="Validar tipos de dados" line="28">
<kw name="Teste de Tipos de Dados" owner="random-user-service">
<kw name="GET On Session" owner="RequestsLibrary">
<msg time="2024-05-31T17:13:49.804806" level="INFO">GET Request : url=https://randomuser.me/api 
 path_url=/api 
 headers={'User-Agent': 'python-requests/2.32.3', 'Accept-Encoding': 'gzip, deflate', 'Accept': '*/*', 'Connection': 'keep-alive'} 
 body=None 
 </msg>
<msg time="2024-05-31T17:13:49.804896" level="INFO">GET Response : url=https://randomuser.me/api 
 status=200, reason=OK 
 headers={'Date': 'Fri, 31 May 2024 17:13:49 GMT', 'Content-Type': 'application/json; charset=utf-8', 'Transfer-Encoding': 'chunked', 'Connection': 'keep-alive', 'X-Powered-By': 'Express', 'Access-Control-Allow-Origin': '*', 'Cache-Control': 'no-cache', 'ETag': 'W/"4a7-vb756OBAolz8gL2szch7Rf+ZIKs"', 'Vary': 'Accept-Encoding', 'Content-Encoding': 'gzip', 'CF-Cache-Status': 'DYNAMIC', 'Report-To': '{"endpoints":[{"url":"https:\\/\\/a.nel.cloudflare.com\\/report\\/v4?s=gU8YsCpN74%2FqeuMjh4%2B85p2hugDKO3mYmGViuKncgFgi7uzx2vi7f62imRL6Q7SqYJu%2FERpJhFIxfoYT2vyXwQCI9Of6wwPlcCkqljELaOCOqhVeBa1pm6IAIwnviUEm"}],"group":"cf-nel","max_age":604800}', 'NEL': '{"success_fraction":0,"report_to":"cf-nel","max_age":604800}', 'Server': 'cloudflare', 'CF-RAY': '88c898c5c9406802-SJC', 'alt-svc': 'h3=":443"; ma=86400'} 
 body={"results":[{"gender":"female","name":{"title":"Ms","first":"Giulia","last":"Vincent"},"location":{"street":{"number":2207,"name":"Avenue Joliot Curie"},"city":"Champigny-sur-Marne","state":"Haute-Loire","country":"France","postcode":54489,"coordinates":{"latitude":"-14.3299","longitude":"93.9403"},"timezone":{"offset":"-11:00","description":"Midway Island, Samoa"}},"email":"giulia.vincent@example.com","login":{"uuid":"6fb03136-78f8-4bfd-acfc-c29d577d7b10","username":"smallrabbit246","password":"warlock","salt":"F7IT92OX","md5":"3eb44e032e6a4a5ee24b62dcc29f44da","sha1":"d59904b3896028b39ea9e9a5b795f397df0f82ee","sha256":"72e7b6d9f6ff4cfbb742621617d65c817e3dae3ab49373c8b6ed2a90e8139e91"},"dob":{"date":"1977-07-22T11:33:42.189Z","age":46},"registered":{"date":"2019-10-06T04:48:01.566Z","age":4},"phone":"03-48-46-10-73","cell":"06-19-77-12-55","id":{"name":"INSEE","value":"2770615549366 31"},"picture":{"large":"https://randomuser.me/api/portraits/women/33.jpg","medium":"https://randomuser.me/api/portraits/med/women/33.jpg","thumbnail":"https://randomuser.me/api/portraits/thumb/women/33.jpg"},"nat":"FR"}],"info":{"seed":"e8c7bc6f544e4fd6","results":1,"page":1,"version":"1.4"}} 
 </msg>
<msg time="2024-05-31T17:13:49.805003" level="INFO">/opt/hostedtoolcache/Python/3.12.3/x64/lib/python3.12/site-packages/urllib3/connectionpool.py:1103: InsecureRequestWarning: Unverified HTTPS request is being made to host 'randomuser.me'. Adding certificate verification is strongly advised. See: https://urllib3.readthedocs.io/en/latest/advanced-usage.html#tls-warnings
  warnings.warn(</msg>
<msg time="2024-05-31T17:13:49.805102" level="INFO">${response} = &lt;Response [200]&gt;</msg>
<var>${response}</var>
<arg>consultarAPI</arg>
<arg>/api</arg>
<doc>Sends a GET request on a previously created HTTP Session.</doc>
<status status="PASS" start="2024-05-31T17:13:49.717709" elapsed="0.087436"/>
</kw>
<kw name="Set Variable" owner="BuiltIn">
<msg time="2024-05-31T17:13:49.806221" level="INFO">${json_data} = {'results': [{'gender': 'female', 'name': {'title': 'Ms', 'first': 'Giulia', 'last': 'Vincent'}, 'location': {'street': {'number': 2207, 'name': 'Avenue Joliot Curie'}, 'city': 'Champigny-sur-Marne', ...</msg>
<var>${json_data}</var>
<arg>${response.json()}</arg>
<doc>Returns the given values which can then be assigned to a variables.</doc>
<status status="PASS" start="2024-05-31T17:13:49.805626" elapsed="0.000625"/>
</kw>
<kw name="Log" owner="BuiltIn">
<msg time="2024-05-31T17:13:49.806741" level="INFO">{'results': [{'gender': 'female', 'name': {'title': 'Ms', 'first': 'Giulia', 'last': 'Vincent'}, 'location': {'street': {'number': 2207, 'name': 'Avenue Joliot Curie'}, 'city': 'Champigny-sur-Marne', 'state': 'Haute-Loire', 'country': 'France', 'postcode': 54489, 'coordinates': {'latitude': '-14.3299', 'longitude': '93.9403'}, 'timezone': {'offset': '-11:00', 'description': 'Midway Island, Samoa'}}, 'email': 'giulia.vincent@example.com', 'login': {'uuid': '6fb03136-78f8-4bfd-acfc-c29d577d7b10', 'username': 'smallrabbit246', 'password': 'warlock', 'salt': 'F7IT92OX', 'md5': '3eb44e032e6a4a5ee24b62dcc29f44da', 'sha1': 'd59904b3896028b39ea9e9a5b795f397df0f82ee', 'sha256': '72e7b6d9f6ff4cfbb742621617d65c817e3dae3ab49373c8b6ed2a90e8139e91'}, 'dob': {'date': '1977-07-22T11:33:42.189Z', 'age': 46}, 'registered': {'date': '2019-10-06T04:48:01.566Z', 'age': 4}, 'phone': '03-48-46-10-73', 'cell': '06-19-77-12-55', 'id': {'name': 'INSEE', 'value': '2770615549366 31'}, 'picture': {'large': 'https://randomuser.me/api/portraits/women/33.jpg', 'medium': 'https://randomuser.me/api/portraits/med/women/33.jpg', 'thumbnail': 'https://randomuser.me/api/portraits/thumb/women/33.jpg'}, 'nat': 'FR'}], 'info': {'seed': 'e8c7bc6f544e4fd6', 'results': 1, 'page': 1, 'version': '1.4'}}</msg>
<arg>${json_data}</arg>
<doc>Logs the given message with the given level.</doc>
<status status="PASS" start="2024-05-31T17:13:49.806582" elapsed="0.000243"/>
</kw>
<kw name="Should Be String" owner="String">
<arg>${json_data['results'][0]['gender']}</arg>
<doc>Fails if the given ``item`` is not a string.</doc>
<status status="PASS" start="2024-05-31T17:13:49.807128" elapsed="0.000365"/>
</kw>
<kw name="Should Match Regexp" owner="BuiltIn">
<arg>${json_data['results'][0]['email']}</arg>
<arg>^[a-zA-Z0-9._%+-]+@[a-zA-Z0-9.-]+\.[a-zA-Z]{2,}$</arg>
<doc>Fails if ``string`` does not match ``pattern`` as a regular expression.</doc>
<status status="PASS" start="2024-05-31T17:13:49.807690" elapsed="0.000645"/>
</kw>
<kw name="Should Match Regexp" owner="BuiltIn">
<arg>${json_data['results'][0]['dob']['date']}</arg>
<arg>\\d{4}-\\d{2}-\\d{2}T\\d{2}:\\d{2}:\\d{2}\\.\\d{3}Z</arg>
<doc>Fails if ``string`` does not match ``pattern`` as a regular expression.</doc>
<status status="PASS" start="2024-05-31T17:13:49.808537" elapsed="0.000538"/>
</kw>
<kw name="Should Match Regexp" owner="BuiltIn">
<arg>${json_data['results'][0]['registered']['date']}</arg>
<arg>\\d{4}-\\d{2}-\\d{2}T\\d{2}:\\d{2}:\\d{2}\\.\\d{3}Z</arg>
<doc>Fails if ``string`` does not match ``pattern`` as a regular expression.</doc>
<status status="PASS" start="2024-05-31T17:13:49.809283" elapsed="0.000371"/>
</kw>
<kw name="Should Match Regexp" owner="BuiltIn">
<arg>${json_data['results'][0]['picture']['large']}</arg>
<arg>^https?://.*\.(?:png|jpe?g|gif|bmp)$</arg>
<doc>Fails if ``string`` does not match ``pattern`` as a regular expression.</doc>
<status status="PASS" start="2024-05-31T17:13:49.809846" elapsed="0.000464"/>
</kw>
<kw name="Should Match Regexp" owner="BuiltIn">
<arg>${json_data['results'][0]['picture']['medium']}</arg>
<arg>^https?://.*\.(?:png|jpe?g|gif|bmp)$</arg>
<doc>Fails if ``string`` does not match ``pattern`` as a regular expression.</doc>
<status status="PASS" start="2024-05-31T17:13:49.810504" elapsed="0.000350"/>
</kw>
<kw name="Should Match Regexp" owner="BuiltIn">
<arg>${json_data['results'][0]['picture']['thumbnail']}</arg>
<arg>^https?://.*\.(?:png|jpe?g|gif|bmp)$</arg>
<doc>Fails if ``string`` does not match ``pattern`` as a regular expression.</doc>
<status status="PASS" start="2024-05-31T17:13:49.811048" elapsed="0.000348"/>
</kw>
<kw name="Log" owner="BuiltIn">
<msg time="2024-05-31T17:13:49.811900" level="INFO">{'large': 'https://randomuser.me/api/portraits/women/33.jpg', 'medium': 'https://randomuser.me/api/portraits/med/women/33.jpg', 'thumbnail': 'https://randomuser.me/api/portraits/thumb/women/33.jpg'}</msg>
<arg>${json_data['results'][0]['picture']}</arg>
<doc>Logs the given message with the given level.</doc>
<status status="PASS" start="2024-05-31T17:13:49.811579" elapsed="0.000374"/>
</kw>
<status status="PASS" start="2024-05-31T17:13:49.717475" elapsed="0.094743"/>
</kw>
<kw name="Teste de Tipos de Dados - Postcode" owner="random-user-service">
<kw name="GET On Session" owner="RequestsLibrary">
<msg time="2024-05-31T17:13:49.910862" level="INFO">GET Request : url=https://randomuser.me/api 
 path_url=/api 
 headers={'User-Agent': 'python-requests/2.32.3', 'Accept-Encoding': 'gzip, deflate', 'Accept': '*/*', 'Connection': 'keep-alive'} 
 body=None 
 </msg>
<msg time="2024-05-31T17:13:49.910939" level="INFO">GET Response : url=https://randomuser.me/api 
 status=200, reason=OK 
 headers={'Date': 'Fri, 31 May 2024 17:13:49 GMT', 'Content-Type': 'application/json; charset=utf-8', 'Transfer-Encoding': 'chunked', 'Connection': 'keep-alive', 'X-Powered-By': 'Express', 'Access-Control-Allow-Origin': '*', 'Cache-Control': 'no-cache', 'ETag': 'W/"484-XhQ6EdF3f2nEO65tjNus5+sxT/c"', 'Vary': 'Accept-Encoding', 'Content-Encoding': 'gzip', 'CF-Cache-Status': 'DYNAMIC', 'Report-To': '{"endpoints":[{"url":"https:\\/\\/a.nel.cloudflare.com\\/report\\/v4?s=1fnmZ%2FImTLs0%2FZSgL8iZ0EdiNE8JkN51aIP6i1nc%2BpKMpiGiJa2himpzarThHVremL6de5tYx8gXlQbrCOf1%2F0O%2FH8cNXrz1iVXavS%2FPnu5h00H0oE%2BaIiy1fXHa09AZ"}],"group":"cf-nel","max_age":604800}', 'NEL': '{"success_fraction":0,"report_to":"cf-nel","max_age":604800}', 'Server': 'cloudflare', 'CF-RAY': '88c898c659c56802-SJC', 'alt-svc': 'h3=":443"; ma=86400'} 
 body={"results":[{"gender":"female","name":{"title":"Ms","first":"Perelyuba","last":"Lazarchuk"},"location":{"street":{"number":7544,"name":"Prospekt Lva Landau"},"city":"Mukachevo","state":"Zhitomirska","country":"Ukraine","postcode":40591,"coordinates":{"latitude":"80.0210","longitude":"18.3408"},"timezone":{"offset":"+4:30","description":"Kabul"}},"email":"perelyuba.lazarchuk@example.com","login":{"uuid":"a7cac793-58c0-4e0d-b308-ac556cb08ac9","username":"orangemouse793","password":"123123","salt":"HVa4b1Tm","md5":"bc3b423ecb2c963e8231cfa85ed852a1","sha1":"7bb0cb6f305ee1c7d6a7bdbf9014ef045c3ef19d","sha256":"1558819e16ebd86a7e5c4cbfbd5b55719ecc034d57a7b442e1fed6cd5c2bc379"},"dob":{"date":"1965-02-16T08:35:15.547Z","age":59},"registered":{"date":"2009-08-10T19:31:27.244Z","age":14},"phone":"(098) T05-6759","cell":"(068) S57-9869","id":{"name":"","value":null},"picture":{"large":"https://randomuser.me/api/portraits/women/40.jpg","medium":"https://randomuser.me/api/portraits/med/women/40.jpg","thumbnail":"https://randomuser.me/api/portraits/thumb/women/40.jpg"},"nat":"UA"}],"info":{"seed":"2d01475f4e1bfd44","results":1,"page":1,"version":"1.4"}} 
 </msg>
<msg time="2024-05-31T17:13:49.911007" level="INFO">/opt/hostedtoolcache/Python/3.12.3/x64/lib/python3.12/site-packages/urllib3/connectionpool.py:1103: InsecureRequestWarning: Unverified HTTPS request is being made to host 'randomuser.me'. Adding certificate verification is strongly advised. See: https://urllib3.readthedocs.io/en/latest/advanced-usage.html#tls-warnings
  warnings.warn(</msg>
<msg time="2024-05-31T17:13:49.911115" level="INFO">${response} = &lt;Response [200]&gt;</msg>
<var>${response}</var>
<arg>consultarAPI</arg>
<arg>/api</arg>
<doc>Sends a GET request on a previously created HTTP Session.</doc>
<status status="PASS" start="2024-05-31T17:13:49.812656" elapsed="0.098500"/>
</kw>
<kw name="Set Variable" owner="BuiltIn">
<msg time="2024-05-31T17:13:49.912205" level="INFO">${json_data} = {'results': [{'gender': 'female', 'name': {'title': 'Ms', 'first': 'Perelyuba', 'last': 'Lazarchuk'}, 'location': {'street': {'number': 7544, 'name': 'Prospekt Lva Landau'}, 'city': 'Mukachevo', 'stat...</msg>
<var>${json_data}</var>
<arg>${response.json()}</arg>
<doc>Returns the given values which can then be assigned to a variables.</doc>
<status status="PASS" start="2024-05-31T17:13:49.911613" elapsed="0.000621"/>
</kw>
<kw name="Log" owner="BuiltIn">
<msg time="2024-05-31T17:13:49.912702" level="INFO">{'results': [{'gender': 'female', 'name': {'title': 'Ms', 'first': 'Perelyuba', 'last': 'Lazarchuk'}, 'location': {'street': {'number': 7544, 'name': 'Prospekt Lva Landau'}, 'city': 'Mukachevo', 'state': 'Zhitomirska', 'country': 'Ukraine', 'postcode': 40591, 'coordinates': {'latitude': '80.0210', 'longitude': '18.3408'}, 'timezone': {'offset': '+4:30', 'description': 'Kabul'}}, 'email': 'perelyuba.lazarchuk@example.com', 'login': {'uuid': 'a7cac793-58c0-4e0d-b308-ac556cb08ac9', 'username': 'orangemouse793', 'password': '123123', 'salt': 'HVa4b1Tm', 'md5': 'bc3b423ecb2c963e8231cfa85ed852a1', 'sha1': '7bb0cb6f305ee1c7d6a7bdbf9014ef045c3ef19d', 'sha256': '1558819e16ebd86a7e5c4cbfbd5b55719ecc034d57a7b442e1fed6cd5c2bc379'}, 'dob': {'date': '1965-02-16T08:35:15.547Z', 'age': 59}, 'registered': {'date': '2009-08-10T19:31:27.244Z', 'age': 14}, 'phone': '(098) T05-6759', 'cell': '(068) S57-9869', 'id': {'name': '', 'value': None}, 'picture': {'large': 'https://randomuser.me/api/portraits/women/40.jpg', 'medium': 'https://randomuser.me/api/portraits/med/women/40.jpg', 'thumbnail': 'https://randomuser.me/api/portraits/thumb/women/40.jpg'}, 'nat': 'UA'}], 'info': {'seed': '2d01475f4e1bfd44', 'results': 1, 'page': 1, 'version': '1.4'}}</msg>
<arg>${json_data}</arg>
<doc>Logs the given message with the given level.</doc>
<status status="PASS" start="2024-05-31T17:13:49.912548" elapsed="0.000241"/>
</kw>
<kw name="Should Be Equal As Numbers" owner="BuiltIn">
<arg>${json_data['results'][0]['location']['postcode']}</arg>
<arg>${json_data['results'][0]['location']['postcode']}</arg>
<doc>Fails if objects are unequal after converting them to real numbers.</doc>
<status status="PASS" start="2024-05-31T17:13:49.913162" elapsed="0.000623"/>
</kw>
<kw name="Log" owner="BuiltIn">
<msg time="2024-05-31T17:13:49.914329" level="INFO">40591</msg>
<arg>${json_data['results'][0]['location']['postcode']}</arg>
<doc>Logs the given message with the given level.</doc>
<status status="PASS" start="2024-05-31T17:13:49.913985" elapsed="0.000386"/>
</kw>
<status status="PASS" start="2024-05-31T17:13:49.812434" elapsed="0.102197"/>
</kw>
<doc>Testa se os tipos de dados na resposta da API estão corretos.</doc>
<tag>testeTiposDados</tag>
<status status="PASS" start="2024-05-31T17:13:49.716890" elapsed="0.197903"/>
</test>
<test id="s1-s1-t5" name="Validar conteudo" line="35">
<kw name="Teste de Tipos de Conteudo" owner="random-user-service">
<kw name="GET On Session" owner="RequestsLibrary">
<msg time="2024-05-31T17:13:50.013866" level="INFO">GET Request : url=https://randomuser.me/api 
 path_url=/api 
 headers={'User-Agent': 'python-requests/2.32.3', 'Accept-Encoding': 'gzip, deflate', 'Accept': '*/*', 'Connection': 'keep-alive'} 
 body=None 
 </msg>
<msg time="2024-05-31T17:13:50.013948" level="INFO">GET Response : url=https://randomuser.me/api 
 status=200, reason=OK 
 headers={'Date': 'Fri, 31 May 2024 17:13:50 GMT', 'Content-Type': 'application/json; charset=utf-8', 'Transfer-Encoding': 'chunked', 'Connection': 'keep-alive', 'X-Powered-By': 'Express', 'Access-Control-Allow-Origin': '*', 'Cache-Control': 'no-cache', 'ETag': 'W/"497-AgjJLPVWIob8CV7nYQU1dRARhag"', 'Vary': 'Accept-Encoding', 'Content-Encoding': 'gzip', 'CF-Cache-Status': 'DYNAMIC', 'Report-To': '{"endpoints":[{"url":"https:\\/\\/a.nel.cloudflare.com\\/report\\/v4?s=DndvbqAS%2B5SsRGhEkGx5W35nVHJ9xCj0xxzWjKxfktljKDSEVyVTsBJ5jOi1guUk40acHg%2Fz3vgIhOwSrmezaIe6l8XZtSdFZWs9pV5qrAOAOK1HmZRZdn6QHuZtUAfg"}],"group":"cf-nel","max_age":604800}', 'NEL': '{"success_fraction":0,"report_to":"cf-nel","max_age":604800}', 'Server': 'cloudflare', 'CF-RAY': '88c898c70a9b6802-SJC', 'alt-svc': 'h3=":443"; ma=86400'} 
 body={"results":[{"gender":"male","name":{"title":"Mr","first":"Bértil","last":"Vieira"},"location":{"street":{"number":9575,"name":"Rua Minas Gerais "},"city":"Camaragibe","state":"Pará","country":"Brazil","postcode":52581,"coordinates":{"latitude":"-78.2373","longitude":"-24.2983"},"timezone":{"offset":"+9:00","description":"Tokyo, Seoul, Osaka, Sapporo, Yakutsk"}},"email":"bertil.vieira@example.com","login":{"uuid":"3fef6297-ebfb-4397-8b8f-91f2b5059cf7","username":"lazyzebra658","password":"raider","salt":"3R9SmMCc","md5":"8c26d34295b5a8bf535b843ed649d991","sha1":"b3c813e27e58e9db9de387ff9ba0158a2d4e848e","sha256":"11191233070eefcafd046ce0b66b4e826dd2f54d257449c0334afed22bbc9374"},"dob":{"date":"1949-09-19T16:21:01.462Z","age":74},"registered":{"date":"2021-07-10T01:58:04.357Z","age":2},"phone":"(73) 0367-9410","cell":"(79) 5531-8553","id":{"name":"CPF","value":"108.814.292-48"},"picture":{"large":"https://randomuser.me/api/portraits/men/13.jpg","medium":"https://randomuser.me/api/portraits/med/men/13.jpg","thumbnail":"https://randomuser.me/api/portraits/thumb/men/13.jpg"},"nat":"BR"}],"info":{"seed":"68515afd48e54083","results":1,"page":1,"version":"1.4"}} 
 </msg>
<msg time="2024-05-31T17:13:50.014017" level="INFO">/opt/hostedtoolcache/Python/3.12.3/x64/lib/python3.12/site-packages/urllib3/connectionpool.py:1103: InsecureRequestWarning: Unverified HTTPS request is being made to host 'randomuser.me'. Adding certificate verification is strongly advised. See: https://urllib3.readthedocs.io/en/latest/advanced-usage.html#tls-warnings
  warnings.warn(</msg>
<msg time="2024-05-31T17:13:50.014125" level="INFO">${response} = &lt;Response [200]&gt;</msg>
<var>${response}</var>
<arg>consultarAPI</arg>
<arg>/api</arg>
<doc>Sends a GET request on a previously created HTTP Session.</doc>
<status status="PASS" start="2024-05-31T17:13:49.918041" elapsed="0.096130"/>
</kw>
<kw name="Set Variable" owner="BuiltIn">
<msg time="2024-05-31T17:13:50.015014" level="INFO">${json_data} = {'results': [{'gender': 'male', 'name': {'title': 'Mr', 'first': 'Bértil', 'last': 'Vieira'}, 'location': {'street': {'number': 9575, 'name': 'Rua Minas Gerais '}, 'city': 'Camaragibe', 'state': 'Pará...</msg>
<var>${json_data}</var>
<arg>${response.json()}</arg>
<doc>Returns the given values which can then be assigned to a variables.</doc>
<status status="PASS" start="2024-05-31T17:13:50.014568" elapsed="0.000475"/>
</kw>
<kw name="Set Variable" owner="BuiltIn">
<msg time="2024-05-31T17:13:50.015721" level="INFO">${name_title} = Mr</msg>
<var>${name_title}</var>
<arg>${json_data["results"][0]["name"]["title"]}</arg>
<doc>Returns the given values which can then be assigned to a variables.</doc>
<status status="PASS" start="2024-05-31T17:13:50.015343" elapsed="0.000403"/>
</kw>
<kw name="Create List" owner="BuiltIn">
<msg time="2024-05-31T17:13:50.016189" level="INFO">${allowed_titles} = ['Mr', 'Ms', 'Miss', 'Mrs', 'Madame', 'Monsieur']</msg>
<var>${allowed_titles}</var>
<arg>Mr</arg>
<arg>Ms</arg>
<arg>Miss</arg>
<arg>Mrs</arg>
<arg>Madame</arg>
<arg>Monsieur</arg>
<doc>Returns a list containing given items.</doc>
<status status="PASS" start="2024-05-31T17:13:50.016044" elapsed="0.000169"/>
</kw>
<kw name="List Should Contain Value" owner="Collections">
<msg time="2024-05-31T17:13:50.016679" level="INFO">False</msg>
<arg>${allowed_titles}</arg>
<arg>${name_title}</arg>
<doc>Fails if the ``value`` is not found from ``list``.</doc>
<status status="PASS" start="2024-05-31T17:13:50.016511" elapsed="0.000204"/>
</kw>
<kw name="Set Variable" owner="BuiltIn">
<msg time="2024-05-31T17:13:50.017588" level="INFO">${name_country} = BR</msg>
<var>${name_country}</var>
<arg>${json_data["results"][0]["nat"]}</arg>
<doc>Returns the given values which can then be assigned to a variables.</doc>
<status status="PASS" start="2024-05-31T17:13:50.017057" elapsed="0.000557"/>
</kw>
<kw name="Create List" owner="BuiltIn">
<msg time="2024-05-31T17:13:50.018525" level="INFO">${list_country} = ['AD', 'AE', 'AF', 'AG', 'AI', 'AL', 'AM', 'AO', 'AQ', 'AR', 'AS', 'AT', 'AU', 'AW', 'AX', 'AZ', 'BA', 'BB', 'BD', 'BE', 'BF', 'BG', 'BH', 'BI', 'BJ', 'BL', 'BM', 'BN', 'BO', 'BQ', 'BR', 'BS', 'BT', '...</msg>
<var>${list_country}</var>
<arg>AD</arg>
<arg>AE</arg>
<arg>AF</arg>
<arg>AG</arg>
<arg>AI</arg>
<arg>AL</arg>
<arg>AM</arg>
<arg>AO</arg>
<arg>AQ</arg>
<arg>AR</arg>
<arg>AS</arg>
<arg>AT</arg>
<arg>AU</arg>
<arg>AW</arg>
<arg>AX</arg>
<arg>AZ</arg>
<arg>BA</arg>
<arg>BB</arg>
<arg>BD</arg>
<arg>BE</arg>
<arg>BF</arg>
<arg>BG</arg>
<arg>BH</arg>
<arg>BI</arg>
<arg>BJ</arg>
<arg>BL</arg>
<arg>BM</arg>
<arg>BN</arg>
<arg>BO</arg>
<arg>BQ</arg>
<arg>BR</arg>
<arg>BS</arg>
<arg>BT</arg>
<arg>BV</arg>
<arg>BW</arg>
<arg>BY</arg>
<arg>BZ</arg>
<arg>CA</arg>
<arg>CC</arg>
<arg>CD</arg>
<arg>CF</arg>
<arg>CG</arg>
<arg>CH</arg>
<arg>CI</arg>
<arg>CK</arg>
<arg>CL</arg>
<arg>CM</arg>
<arg>CN</arg>
<arg>CO</arg>
<arg>CR</arg>
<arg>CU</arg>
<arg>CV</arg>
<arg>CW</arg>
<arg>CX</arg>
<arg>CY</arg>
<arg>CZ</arg>
<arg>DE</arg>
<arg>DJ</arg>
<arg>DK</arg>
<arg>DM</arg>
<arg>DO</arg>
<arg>DZ</arg>
<arg>EC</arg>
<arg>EE</arg>
<arg>EG</arg>
<arg>EH</arg>
<arg>ER</arg>
<arg>ES</arg>
<arg>ET</arg>
<arg>FI</arg>
<arg>FJ</arg>
<arg>FK</arg>
<arg>FM</arg>
<arg>FO</arg>
<arg>FR</arg>
<arg>GA</arg>
<arg>GB</arg>
<arg>GD</arg>
<arg>GE</arg>
<arg>GF</arg>
<arg>GG</arg>
<arg>GH</arg>
<arg>GI</arg>
<arg>GL</arg>
<arg>GM</arg>
<arg>GN</arg>
<arg>GP</arg>
<arg>GQ</arg>
<arg>GR</arg>
<arg>GS</arg>
<arg>GT</arg>
<arg>GU</arg>
<arg>GW</arg>
<arg>GY</arg>
<arg>HK</arg>
<arg>HM</arg>
<arg>HN</arg>
<arg>HR</arg>
<arg>HT</arg>
<arg>HU</arg>
<arg>ID</arg>
<arg>IE</arg>
<arg>IL</arg>
<arg>IM</arg>
<arg>IN</arg>
<arg>IO</arg>
<arg>IQ</arg>
<arg>IR</arg>
<arg>IS</arg>
<arg>IT</arg>
<arg>JE</arg>
<arg>JM</arg>
<arg>JO</arg>
<arg>JP</arg>
<arg>KE</arg>
<arg>KG</arg>
<arg>KH</arg>
<arg>KI</arg>
<arg>KM</arg>
<arg>KN</arg>
<arg>KP</arg>
<arg>KR</arg>
<arg>KW</arg>
<arg>KY</arg>
<arg>KZ</arg>
<arg>LA</arg>
<arg>LB</arg>
<arg>LC</arg>
<arg>LI</arg>
<arg>LK</arg>
<arg>LR</arg>
<arg>LS</arg>
<arg>LT</arg>
<arg>LU</arg>
<arg>LV</arg>
<arg>LY</arg>
<arg>MA</arg>
<arg>MC</arg>
<arg>MD</arg>
<arg>ME</arg>
<arg>MF</arg>
<arg>MG</arg>
<arg>MH</arg>
<arg>MK</arg>
<arg>ML</arg>
<arg>MM</arg>
<arg>MN</arg>
<arg>MO</arg>
<arg>MP</arg>
<arg>MQ</arg>
<arg>MR</arg>
<arg>MS</arg>
<arg>MT</arg>
<arg>MU</arg>
<arg>MV</arg>
<arg>MW</arg>
<arg>MX</arg>
<arg>MY</arg>
<arg>MZ</arg>
<arg>NA</arg>
<arg>NC</arg>
<arg>NE</arg>
<arg>NF</arg>
<arg>NG</arg>
<arg>NI</arg>
<arg>NL</arg>
<arg>NO</arg>
<arg>NP</arg>
<arg>NR</arg>
<arg>NU</arg>
<arg>NZ</arg>
<arg>OM</arg>
<arg>PA</arg>
<arg>PE</arg>
<arg>PF</arg>
<arg>PG</arg>
<arg>PH</arg>
<arg>PK</arg>
<arg>PL</arg>
<arg>PM</arg>
<arg>PN</arg>
<arg>PR</arg>
<arg>PS</arg>
<arg>PT</arg>
<arg>PW</arg>
<arg>PY</arg>
<arg>QA</arg>
<arg>RE</arg>
<arg>RO</arg>
<arg>RS</arg>
<arg>RU</arg>
<arg>RW</arg>
<arg>SA</arg>
<arg>SB</arg>
<arg>SC</arg>
<arg>SD</arg>
<arg>SE</arg>
<arg>SG</arg>
<arg>SH</arg>
<arg>SI</arg>
<arg>SJ</arg>
<arg>SK</arg>
<arg>SL</arg>
<arg>SM</arg>
<arg>SN</arg>
<arg>SO</arg>
<arg>SR</arg>
<arg>SS</arg>
<arg>ST</arg>
<arg>SV</arg>
<arg>SX</arg>
<arg>SY</arg>
<arg>SZ</arg>
<arg>TC</arg>
<arg>TD</arg>
<arg>TF</arg>
<arg>TG</arg>
<arg>TH</arg>
<arg>TJ</arg>
<arg>TK</arg>
<arg>TL</arg>
<arg>TM</arg>
<arg>TN</arg>
<arg>TO</arg>
<arg>TR</arg>
<arg>TT</arg>
<arg>TV</arg>
<arg>TW</arg>
<arg>TZ</arg>
<arg>UA</arg>
<arg>UG</arg>
<arg>UM</arg>
<arg>US</arg>
<arg>UY</arg>
<arg>UZ</arg>
<arg>VA</arg>
<arg>VC</arg>
<arg>VE</arg>
<arg>VG</arg>
<arg>VI</arg>
<arg>VN</arg>
<arg>VU</arg>
<arg>WF</arg>
<arg>WS</arg>
<arg>XK</arg>
<arg>YE</arg>
<arg>YT</arg>
<arg>ZA</arg>
<arg>ZM</arg>
<arg>ZW</arg>
<doc>Returns a list containing given items.</doc>
<status status="PASS" start="2024-05-31T17:13:50.017925" elapsed="0.000625"/>
</kw>
<kw name="List Should Contain Value" owner="Collections">
<msg time="2024-05-31T17:13:50.019540" level="INFO">False</msg>
<arg>${list_country}</arg>
<arg>${name_country}</arg>
<doc>Fails if the ``value`` is not found from ``list``.</doc>
<status status="PASS" start="2024-05-31T17:13:50.019341" elapsed="0.000235"/>
</kw>
<kw name="Run Keyword If" owner="BuiltIn">
<kw name="Should Be True" owner="BuiltIn">
<arg>${True}</arg>
<doc>Fails if the given condition is not true.</doc>
<status status="PASS" start="2024-05-31T17:13:50.020623" elapsed="0.000141"/>
</kw>
<arg>${json_data["results"][0]["location"]["coordinates"]["latitude"]} &gt;= -90 and ${json_data["results"][0]["location"]["coordinates"]["latitude"]} &lt;= 90</arg>
<arg>Should Be True</arg>
<arg>${True}</arg>
<doc>Runs the given keyword with the given arguments, if ``condition`` is true.</doc>
<status status="PASS" start="2024-05-31T17:13:50.019884" elapsed="0.001005"/>
</kw>
<kw name="Run Keyword If" owner="BuiltIn">
<kw name="Should Be True" owner="BuiltIn">
<arg>${True}</arg>
<doc>Fails if the given condition is not true.</doc>
<status status="PASS" start="2024-05-31T17:13:50.021819" elapsed="0.000138"/>
</kw>
<arg>${json_data["results"][0]["location"]["coordinates"]["longitude"]} &gt;= -180 and ${json_data["results"][0]["location"]["coordinates"]["longitude"]} &lt;= 180</arg>
<arg>Should Be True</arg>
<arg>${True}</arg>
<doc>Runs the given keyword with the given arguments, if ``condition`` is true.</doc>
<status status="PASS" start="2024-05-31T17:13:50.021132" elapsed="0.000965"/>
</kw>
<status status="PASS" start="2024-05-31T17:13:49.917670" elapsed="0.104566"/>
</kw>
<doc>Testa o conteúdo específico dos campos retornados pela API.</doc>
<tag>testeConteudo</tag>
<status status="PASS" start="2024-05-31T17:13:49.916963" elapsed="0.105416"/>
</test>
<status status="PASS" start="2024-05-31T17:13:48.994329" elapsed="1.029926"/>
</suite>
<status status="PASS" start="2024-05-31T17:13:48.980974" elapsed="1.048453"/>
</suite>
<statistics>
<total>
<stat pass="5" fail="0" skip="0">All Tests</stat>
</total>
<tag>
<stat pass="1" fail="0" skip="0">testeConteudo</stat>
<stat pass="1" fail="0" skip="0">testeEstruturaResposta</stat>
<stat pass="1" fail="0" skip="0">testeRequisicaoBasica</stat>
<stat pass="1" fail="0" skip="0">testeTiposDados</stat>
</tag>
<suite>
<stat pass="5" fail="0" skip="0" id="s1" name="Tests">Tests</stat>
<stat pass="5" fail="0" skip="0" id="s1-s1" name="Random-User-Test">Tests.Random-User-Test</stat>
</suite>
</statistics>
<errors>
</errors>
</robot>
