<?xml version="1.0" encoding="UTF-8"?>
<robot generator="Robot 7.0 (Python 3.12.3 on linux)" generated="2024-05-18T17:12:01.306964" rpa="false" schemaversion="5">
<suite id="s1" name="Tests" source="/home/runner/work/DesafioQAItauRogerioJordao/DesafioQAItauRogerioJordao/RamdonUser/tests">
<suite id="s1-s1" name="Random-User-Test" source="/home/runner/work/DesafioQAItauRogerioJordao/DesafioQAItauRogerioJordao/RamdonUser/tests/random-user-test.robot">
<test id="s1-s1-t1" name="Conectar" line="13">
<kw name="Conectar API" owner="random-user-service">
<kw name="Create Session" owner="RequestsLibrary">
<msg time="2024-05-18T17:12:01.669662" level="INFO">Creating Session using : alias=consultarAPI, url=https://randomuser.me/, headers={},                     cookies={}, auth=None, timeout=None, proxies=None, verify=False,                     debug=0 </msg>
<arg>consultarAPI</arg>
<arg>${URL}</arg>
<doc>Create Session: create a HTTP session to a server</doc>
<status status="PASS" start="2024-05-18T17:12:01.669434" elapsed="0.000420"/>
</kw>
<status status="PASS" start="2024-05-18T17:12:01.668429" elapsed="0.001800"/>
</kw>
<status status="PASS" start="2024-05-18T17:12:01.667844" elapsed="0.002583"/>
</test>
<test id="s1-s1-t2" name="Validar retorno 200 e JSON Válido" line="16">
<kw name="Teste de Requisicao Basica" owner="random-user-service">
<kw name="GET On Session" owner="RequestsLibrary">
<msg time="2024-05-18T17:12:02.474264" level="INFO">GET Request : url=https://randomuser.me/api 
 path_url=/api 
 headers={'User-Agent': 'python-requests/2.31.0', 'Accept-Encoding': 'gzip, deflate', 'Accept': '*/*', 'Connection': 'keep-alive'} 
 body=None 
 </msg>
<msg time="2024-05-18T17:12:02.474415" level="INFO">GET Response : url=https://randomuser.me/api 
 status=200, reason=OK 
 headers={'Date': 'Sat, 18 May 2024 17:12:02 GMT', 'Content-Type': 'application/json; charset=utf-8', 'Transfer-Encoding': 'chunked', 'Connection': 'keep-alive', 'X-Powered-By': 'Express', 'Access-Control-Allow-Origin': '*', 'Cache-Control': 'no-cache', 'ETag': 'W/"4a5-lx4YVXUOhdJbVjg6SbZDdj0fhic"', 'Vary': 'Accept-Encoding', 'Content-Encoding': 'gzip', 'CF-Cache-Status': 'DYNAMIC', 'Report-To': '{"endpoints":[{"url":"https:\\/\\/a.nel.cloudflare.com\\/report\\/v4?s=Ry46b1ndNI6GQCE6s97KxSg9P05uDiIINKaw%2FPRiF8uas9Zv1VTGDiiyMD%2FXRsVtN6Mb%2BcUbkic9gjQTZjnBgGFuGk5gKlN2ISxEXqE4XNA1PlHXw4EGylYE3jUSuDE%2B"}],"group":"cf-nel","max_age":604800}', 'NEL': '{"success_fraction":0,"report_to":"cf-nel","max_age":604800}', 'Server': 'cloudflare', 'CF-RAY': '885d7842bee89c46-IAD', 'alt-svc': 'h3=":443"; ma=86400'} 
 body={"results":[{"gender":"male","name":{"title":"Mr","first":"Darío","last":"Véliz"},"location":{"street":{"number":3247,"name":"Andador Ulloa"},"city":"Santiago Maravatío","state":"Sinaloa","country":"Mexico","postcode":83404,"coordinates":{"latitude":"22.0434","longitude":"-174.3692"},"timezone":{"offset":"0:00","description":"Western Europe Time, London, Lisbon, Casablanca"}},"email":"dario.veliz@example.com","login":{"uuid":"3f751ccd-3189-4340-8cc4-a36e23e4911b","username":"silverfish675","password":"seng","salt":"mgGJmrbb","md5":"f01a186eeac035e8b0a63bb61d6c120d","sha1":"d129b102dca97a59b4846ab77d8b47cb6c658a0d","sha256":"51cd160cb531e8132bbb2449d4af4e84b6753bd0f8c53a8a427bf2526225b4da"},"dob":{"date":"1958-08-03T15:29:02.794Z","age":65},"registered":{"date":"2010-01-16T15:34:29.012Z","age":14},"phone":"(612) 825 0075","cell":"(647) 808 2728","id":{"name":"NSS","value":"22 59 00 1680 6"},"picture":{"large":"https://randomuser.me/api/portraits/men/92.jpg","medium":"https://randomuser.me/api/portraits/med/men/92.jpg","thumbnail":"https://randomuser.me/api/portraits/thumb/men/92.jpg"},"nat":"MX"}],"info":{"seed":"de7a08c6e8221871","results":1,"page":1,"version":"1.4"}} 
 </msg>
<msg time="2024-05-18T17:12:02.474496" level="INFO">/opt/hostedtoolcache/Python/3.12.3/x64/lib/python3.12/site-packages/urllib3/connectionpool.py:1103: InsecureRequestWarning: Unverified HTTPS request is being made to host 'randomuser.me'. Adding certificate verification is strongly advised. See: https://urllib3.readthedocs.io/en/latest/advanced-usage.html#tls-warnings
  warnings.warn(</msg>
<msg time="2024-05-18T17:12:02.474648" level="INFO">${response} = &lt;Response [200]&gt;</msg>
<var>${response}</var>
<arg>consultarAPI</arg>
<arg>/api</arg>
<doc>Sends a GET request on a previously created HTTP Session.</doc>
<status status="PASS" start="2024-05-18T17:12:01.673047" elapsed="0.801643"/>
</kw>
<kw name="Should Be Equal As Numbers" owner="BuiltIn">
<msg time="2024-05-18T17:12:02.475821" level="INFO">Argument types are:
&lt;class 'int'&gt;
&lt;class 'str'&gt;</msg>
<arg>${response.status_code}</arg>
<arg>200</arg>
<doc>Fails if objects are unequal after converting them to real numbers.</doc>
<status status="PASS" start="2024-05-18T17:12:02.475342" elapsed="0.000545"/>
</kw>
<kw name="Log" owner="BuiltIn">
<msg time="2024-05-18T17:12:02.476597" level="INFO">200</msg>
<arg>${response.status_code}</arg>
<doc>Logs the given message with the given level.</doc>
<status status="PASS" start="2024-05-18T17:12:02.476245" elapsed="0.000394"/>
</kw>
<kw name="Set Variable" owner="BuiltIn">
<msg time="2024-05-18T17:12:02.477388" level="INFO">${json_data} = {'results': [{'gender': 'male', 'name': {'title': 'Mr', 'first': 'Darío', 'last': 'Véliz'}, 'location': {'street': {'number': 3247, 'name': 'Andador Ulloa'}, 'city': 'Santiago Maravatío', 'state': 'Si...</msg>
<var>${json_data}</var>
<arg>${response.json()}</arg>
<doc>Returns the given values which can then be assigned to a variables.</doc>
<status status="PASS" start="2024-05-18T17:12:02.476950" elapsed="0.000470"/>
</kw>
<kw name="Dictionary Should Contain Key" owner="Collections">
<msg time="2024-05-18T17:12:02.477937" level="INFO">False</msg>
<arg>${json_data}</arg>
<arg>results</arg>
<doc>Fails if ``key`` is not found from ``dictionary``.</doc>
<status status="PASS" start="2024-05-18T17:12:02.477754" elapsed="0.000223"/>
</kw>
<status status="PASS" start="2024-05-18T17:12:01.672792" elapsed="0.805441"/>
</kw>
<doc>Testa se a API responde corretamente e retorna um objeto JSON válido.</doc>
<tag>testeRequisicaoBasica</tag>
<status status="PASS" start="2024-05-18T17:12:01.672305" elapsed="0.806115"/>
</test>
<test id="s1-s1-t3" name="Validar estrutura de resposta" line="22">
<kw name="Teste de Estrutura de Resposta" owner="random-user-service">
<kw name="GET On Session" owner="RequestsLibrary">
<msg time="2024-05-18T17:12:02.633552" level="INFO">GET Request : url=https://randomuser.me/api 
 path_url=/api 
 headers={'User-Agent': 'python-requests/2.31.0', 'Accept-Encoding': 'gzip, deflate', 'Accept': '*/*', 'Connection': 'keep-alive'} 
 body=None 
 </msg>
<msg time="2024-05-18T17:12:02.633677" level="INFO">GET Response : url=https://randomuser.me/api 
 status=200, reason=OK 
 headers={'Date': 'Sat, 18 May 2024 17:12:02 GMT', 'Content-Type': 'application/json; charset=utf-8', 'Transfer-Encoding': 'chunked', 'Connection': 'keep-alive', 'X-Powered-By': 'Express', 'Access-Control-Allow-Origin': '*', 'Cache-Control': 'no-cache', 'ETag': 'W/"486-sMSOu99NBHEQYXBmHlaK4BgkUEI"', 'Vary': 'Accept-Encoding', 'Content-Encoding': 'gzip', 'CF-Cache-Status': 'DYNAMIC', 'Report-To': '{"endpoints":[{"url":"https:\\/\\/a.nel.cloudflare.com\\/report\\/v4?s=%2FXlbgJvuL9Xjh7eHtOMpb3v3JilKzBCZiiy3AMsOF%2FuGps2OYcIxuLB3R36USHXnDOtJJ1gnt%2BMdjBXa0RTTMScP4Ftge8HB7CSHFfy29tvfuamW6i%2Fpev3ET6X%2FJyBa"}],"group":"cf-nel","max_age":604800}', 'NEL': '{"success_fraction":0,"report_to":"cf-nel","max_age":604800}', 'Server': 'cloudflare', 'CF-RAY': '885d78478d2c9c46-IAD', 'alt-svc': 'h3=":443"; ma=86400'} 
 body={"results":[{"gender":"male","name":{"title":"Mr","first":"Landon","last":"Ford"},"location":{"street":{"number":3449,"name":"Central St"},"city":"Waterbury","state":"Washington","country":"United States","postcode":22637,"coordinates":{"latitude":"85.1081","longitude":"-65.9381"},"timezone":{"offset":"-12:00","description":"Eniwetok, Kwajalein"}},"email":"landon.ford@example.com","login":{"uuid":"94051fe2-a538-4d4d-b1e1-c9edc2690fd0","username":"whitebutterfly789","password":"alexis","salt":"OumH1p1C","md5":"5ecb213aac45a4600f5413a57638d217","sha1":"adab5a44d2b65a8f2145d25b2d0f277c7b30fedc","sha256":"2a7e4f6c599fe51cf0d0e748aa70d890acbf1762f2b7886f80c63a9255426a34"},"dob":{"date":"1978-01-03T13:32:23.612Z","age":46},"registered":{"date":"2021-01-19T13:03:51.535Z","age":3},"phone":"(813) 609-8071","cell":"(641) 968-5801","id":{"name":"SSN","value":"308-37-9638"},"picture":{"large":"https://randomuser.me/api/portraits/men/84.jpg","medium":"https://randomuser.me/api/portraits/med/men/84.jpg","thumbnail":"https://randomuser.me/api/portraits/thumb/men/84.jpg"},"nat":"US"}],"info":{"seed":"1cafa2cf3936a513","results":1,"page":1,"version":"1.4"}} 
 </msg>
<msg time="2024-05-18T17:12:02.633800" level="INFO">/opt/hostedtoolcache/Python/3.12.3/x64/lib/python3.12/site-packages/urllib3/connectionpool.py:1103: InsecureRequestWarning: Unverified HTTPS request is being made to host 'randomuser.me'. Adding certificate verification is strongly advised. See: https://urllib3.readthedocs.io/en/latest/advanced-usage.html#tls-warnings
  warnings.warn(</msg>
<msg time="2024-05-18T17:12:02.633912" level="INFO">${response} = &lt;Response [200]&gt;</msg>
<var>${response}</var>
<arg>consultarAPI</arg>
<arg>/api</arg>
<doc>Sends a GET request on a previously created HTTP Session.</doc>
<status status="PASS" start="2024-05-18T17:12:02.481367" elapsed="0.152587"/>
</kw>
<kw name="Set Variable" owner="BuiltIn">
<msg time="2024-05-18T17:12:02.634820" level="INFO">${json_data} = {'results': [{'gender': 'male', 'name': {'title': 'Mr', 'first': 'Landon', 'last': 'Ford'}, 'location': {'street': {'number': 3449, 'name': 'Central St'}, 'city': 'Waterbury', 'state': 'Washington', '...</msg>
<var>${json_data}</var>
<arg>${response.json()}</arg>
<doc>Returns the given values which can then be assigned to a variables.</doc>
<status status="PASS" start="2024-05-18T17:12:02.634361" elapsed="0.000488"/>
</kw>
<kw name="Log" owner="BuiltIn">
<msg time="2024-05-18T17:12:02.635308" level="INFO">{'results': [{'gender': 'male', 'name': {'title': 'Mr', 'first': 'Landon', 'last': 'Ford'}, 'location': {'street': {'number': 3449, 'name': 'Central St'}, 'city': 'Waterbury', 'state': 'Washington', 'country': 'United States', 'postcode': 22637, 'coordinates': {'latitude': '85.1081', 'longitude': '-65.9381'}, 'timezone': {'offset': '-12:00', 'description': 'Eniwetok, Kwajalein'}}, 'email': 'landon.ford@example.com', 'login': {'uuid': '94051fe2-a538-4d4d-b1e1-c9edc2690fd0', 'username': 'whitebutterfly789', 'password': 'alexis', 'salt': 'OumH1p1C', 'md5': '5ecb213aac45a4600f5413a57638d217', 'sha1': 'adab5a44d2b65a8f2145d25b2d0f277c7b30fedc', 'sha256': '2a7e4f6c599fe51cf0d0e748aa70d890acbf1762f2b7886f80c63a9255426a34'}, 'dob': {'date': '1978-01-03T13:32:23.612Z', 'age': 46}, 'registered': {'date': '2021-01-19T13:03:51.535Z', 'age': 3}, 'phone': '(813) 609-8071', 'cell': '(641) 968-5801', 'id': {'name': 'SSN', 'value': '308-37-9638'}, 'picture': {'large': 'https://randomuser.me/api/portraits/men/84.jpg', 'medium': 'https://randomuser.me/api/portraits/med/men/84.jpg', 'thumbnail': 'https://randomuser.me/api/portraits/thumb/men/84.jpg'}, 'nat': 'US'}], 'info': {'seed': '1cafa2cf3936a513', 'results': 1, 'page': 1, 'version': '1.4'}}</msg>
<arg>${json_data}</arg>
<doc>Logs the given message with the given level.</doc>
<status status="PASS" start="2024-05-18T17:12:02.635152" elapsed="0.000202"/>
</kw>
<kw name="Dictionary Should Contain Key" owner="Collections">
<msg time="2024-05-18T17:12:02.635811" level="INFO">False</msg>
<arg>${json_data}</arg>
<arg>results</arg>
<doc>Fails if ``key`` is not found from ``dictionary``.</doc>
<status status="PASS" start="2024-05-18T17:12:02.635655" elapsed="0.000193"/>
</kw>
<kw name="Should Not Be Empty" owner="BuiltIn">
<msg time="2024-05-18T17:12:02.636269" level="INFO">Length is 2.</msg>
<arg>${json_data}</arg>
<doc>Verifies that the given item is not empty.</doc>
<status status="PASS" start="2024-05-18T17:12:02.636139" elapsed="0.000306"/>
</kw>
<kw name="Create List" owner="BuiltIn">
<msg time="2024-05-18T17:12:02.636895" level="INFO">${expected_keys} = ['gender', 'name', 'location', 'email', 'login']</msg>
<var>${expected_keys}</var>
<arg>gender</arg>
<arg>name</arg>
<arg>location</arg>
<arg>email</arg>
<arg>login</arg>
<doc>Returns a list containing given items.</doc>
<status status="PASS" start="2024-05-18T17:12:02.636742" elapsed="0.000177"/>
</kw>
<for flavor="IN">
<iter>
<kw name="Dictionary Should Contain Key" owner="Collections">
<msg time="2024-05-18T17:12:02.637908" level="INFO">False</msg>
<arg>${json_data['results'][0]}</arg>
<arg>${key}</arg>
<doc>Fails if ``key`` is not found from ``dictionary``.</doc>
<status status="PASS" start="2024-05-18T17:12:02.637486" elapsed="0.000461"/>
</kw>
<kw name="Log" owner="BuiltIn">
<msg time="2024-05-18T17:12:02.638612" level="INFO">{'gender': 'male', 'name': {'title': 'Mr', 'first': 'Landon', 'last': 'Ford'}, 'location': {'street': {'number': 3449, 'name': 'Central St'}, 'city': 'Waterbury', 'state': 'Washington', 'country': 'United States', 'postcode': 22637, 'coordinates': {'latitude': '85.1081', 'longitude': '-65.9381'}, 'timezone': {'offset': '-12:00', 'description': 'Eniwetok, Kwajalein'}}, 'email': 'landon.ford@example.com', 'login': {'uuid': '94051fe2-a538-4d4d-b1e1-c9edc2690fd0', 'username': 'whitebutterfly789', 'password': 'alexis', 'salt': 'OumH1p1C', 'md5': '5ecb213aac45a4600f5413a57638d217', 'sha1': 'adab5a44d2b65a8f2145d25b2d0f277c7b30fedc', 'sha256': '2a7e4f6c599fe51cf0d0e748aa70d890acbf1762f2b7886f80c63a9255426a34'}, 'dob': {'date': '1978-01-03T13:32:23.612Z', 'age': 46}, 'registered': {'date': '2021-01-19T13:03:51.535Z', 'age': 3}, 'phone': '(813) 609-8071', 'cell': '(641) 968-5801', 'id': {'name': 'SSN', 'value': '308-37-9638'}, 'picture': {'large': 'https://randomuser.me/api/portraits/men/84.jpg', 'medium': 'https://randomuser.me/api/portraits/med/men/84.jpg', 'thumbnail': 'https://randomuser.me/api/portraits/thumb/men/84.jpg'}, 'nat': 'US'}</msg>
<arg>${json_data['results'][0]}</arg>
<doc>Logs the given message with the given level.</doc>
<status status="PASS" start="2024-05-18T17:12:02.638246" elapsed="0.000414"/>
</kw>
<kw name="Log" owner="BuiltIn">
<msg time="2024-05-18T17:12:02.639090" level="INFO">gender</msg>
<arg>${key}</arg>
<doc>Logs the given message with the given level.</doc>
<status status="PASS" start="2024-05-18T17:12:02.638963" elapsed="0.000163"/>
</kw>
<var name="${key}">gender</var>
<status status="PASS" start="2024-05-18T17:12:02.637359" elapsed="0.001985"/>
</iter>
<iter>
<kw name="Dictionary Should Contain Key" owner="Collections">
<msg time="2024-05-18T17:12:02.640035" level="INFO">False</msg>
<arg>${json_data['results'][0]}</arg>
<arg>${key}</arg>
<doc>Fails if ``key`` is not found from ``dictionary``.</doc>
<status status="PASS" start="2024-05-18T17:12:02.639646" elapsed="0.000427"/>
</kw>
<kw name="Log" owner="BuiltIn">
<msg time="2024-05-18T17:12:02.640784" level="INFO">{'gender': 'male', 'name': {'title': 'Mr', 'first': 'Landon', 'last': 'Ford'}, 'location': {'street': {'number': 3449, 'name': 'Central St'}, 'city': 'Waterbury', 'state': 'Washington', 'country': 'United States', 'postcode': 22637, 'coordinates': {'latitude': '85.1081', 'longitude': '-65.9381'}, 'timezone': {'offset': '-12:00', 'description': 'Eniwetok, Kwajalein'}}, 'email': 'landon.ford@example.com', 'login': {'uuid': '94051fe2-a538-4d4d-b1e1-c9edc2690fd0', 'username': 'whitebutterfly789', 'password': 'alexis', 'salt': 'OumH1p1C', 'md5': '5ecb213aac45a4600f5413a57638d217', 'sha1': 'adab5a44d2b65a8f2145d25b2d0f277c7b30fedc', 'sha256': '2a7e4f6c599fe51cf0d0e748aa70d890acbf1762f2b7886f80c63a9255426a34'}, 'dob': {'date': '1978-01-03T13:32:23.612Z', 'age': 46}, 'registered': {'date': '2021-01-19T13:03:51.535Z', 'age': 3}, 'phone': '(813) 609-8071', 'cell': '(641) 968-5801', 'id': {'name': 'SSN', 'value': '308-37-9638'}, 'picture': {'large': 'https://randomuser.me/api/portraits/men/84.jpg', 'medium': 'https://randomuser.me/api/portraits/med/men/84.jpg', 'thumbnail': 'https://randomuser.me/api/portraits/thumb/men/84.jpg'}, 'nat': 'US'}</msg>
<arg>${json_data['results'][0]}</arg>
<doc>Logs the given message with the given level.</doc>
<status status="PASS" start="2024-05-18T17:12:02.640396" elapsed="0.000437"/>
</kw>
<kw name="Log" owner="BuiltIn">
<msg time="2024-05-18T17:12:02.641259" level="INFO">name</msg>
<arg>${key}</arg>
<doc>Logs the given message with the given level.</doc>
<status status="PASS" start="2024-05-18T17:12:02.641130" elapsed="0.000166"/>
</kw>
<var name="${key}">name</var>
<status status="PASS" start="2024-05-18T17:12:02.639528" elapsed="0.001985"/>
</iter>
<iter>
<kw name="Dictionary Should Contain Key" owner="Collections">
<msg time="2024-05-18T17:12:02.642209" level="INFO">False</msg>
<arg>${json_data['results'][0]}</arg>
<arg>${key}</arg>
<doc>Fails if ``key`` is not found from ``dictionary``.</doc>
<status status="PASS" start="2024-05-18T17:12:02.641826" elapsed="0.000421"/>
</kw>
<kw name="Log" owner="BuiltIn">
<msg time="2024-05-18T17:12:02.642961" level="INFO">{'gender': 'male', 'name': {'title': 'Mr', 'first': 'Landon', 'last': 'Ford'}, 'location': {'street': {'number': 3449, 'name': 'Central St'}, 'city': 'Waterbury', 'state': 'Washington', 'country': 'United States', 'postcode': 22637, 'coordinates': {'latitude': '85.1081', 'longitude': '-65.9381'}, 'timezone': {'offset': '-12:00', 'description': 'Eniwetok, Kwajalein'}}, 'email': 'landon.ford@example.com', 'login': {'uuid': '94051fe2-a538-4d4d-b1e1-c9edc2690fd0', 'username': 'whitebutterfly789', 'password': 'alexis', 'salt': 'OumH1p1C', 'md5': '5ecb213aac45a4600f5413a57638d217', 'sha1': 'adab5a44d2b65a8f2145d25b2d0f277c7b30fedc', 'sha256': '2a7e4f6c599fe51cf0d0e748aa70d890acbf1762f2b7886f80c63a9255426a34'}, 'dob': {'date': '1978-01-03T13:32:23.612Z', 'age': 46}, 'registered': {'date': '2021-01-19T13:03:51.535Z', 'age': 3}, 'phone': '(813) 609-8071', 'cell': '(641) 968-5801', 'id': {'name': 'SSN', 'value': '308-37-9638'}, 'picture': {'large': 'https://randomuser.me/api/portraits/men/84.jpg', 'medium': 'https://randomuser.me/api/portraits/med/men/84.jpg', 'thumbnail': 'https://randomuser.me/api/portraits/thumb/men/84.jpg'}, 'nat': 'US'}</msg>
<arg>${json_data['results'][0]}</arg>
<doc>Logs the given message with the given level.</doc>
<status status="PASS" start="2024-05-18T17:12:02.642550" elapsed="0.000460"/>
</kw>
<kw name="Log" owner="BuiltIn">
<msg time="2024-05-18T17:12:02.643445" level="INFO">location</msg>
<arg>${key}</arg>
<doc>Logs the given message with the given level.</doc>
<status status="PASS" start="2024-05-18T17:12:02.643319" elapsed="0.000163"/>
</kw>
<var name="${key}">location</var>
<status status="PASS" start="2024-05-18T17:12:02.641711" elapsed="0.001984"/>
</iter>
<iter>
<kw name="Dictionary Should Contain Key" owner="Collections">
<msg time="2024-05-18T17:12:02.644350" level="INFO">False</msg>
<arg>${json_data['results'][0]}</arg>
<arg>${key}</arg>
<doc>Fails if ``key`` is not found from ``dictionary``.</doc>
<status status="PASS" start="2024-05-18T17:12:02.643974" elapsed="0.000412"/>
</kw>
<kw name="Log" owner="BuiltIn">
<msg time="2024-05-18T17:12:02.645039" level="INFO">{'gender': 'male', 'name': {'title': 'Mr', 'first': 'Landon', 'last': 'Ford'}, 'location': {'street': {'number': 3449, 'name': 'Central St'}, 'city': 'Waterbury', 'state': 'Washington', 'country': 'United States', 'postcode': 22637, 'coordinates': {'latitude': '85.1081', 'longitude': '-65.9381'}, 'timezone': {'offset': '-12:00', 'description': 'Eniwetok, Kwajalein'}}, 'email': 'landon.ford@example.com', 'login': {'uuid': '94051fe2-a538-4d4d-b1e1-c9edc2690fd0', 'username': 'whitebutterfly789', 'password': 'alexis', 'salt': 'OumH1p1C', 'md5': '5ecb213aac45a4600f5413a57638d217', 'sha1': 'adab5a44d2b65a8f2145d25b2d0f277c7b30fedc', 'sha256': '2a7e4f6c599fe51cf0d0e748aa70d890acbf1762f2b7886f80c63a9255426a34'}, 'dob': {'date': '1978-01-03T13:32:23.612Z', 'age': 46}, 'registered': {'date': '2021-01-19T13:03:51.535Z', 'age': 3}, 'phone': '(813) 609-8071', 'cell': '(641) 968-5801', 'id': {'name': 'SSN', 'value': '308-37-9638'}, 'picture': {'large': 'https://randomuser.me/api/portraits/men/84.jpg', 'medium': 'https://randomuser.me/api/portraits/med/men/84.jpg', 'thumbnail': 'https://randomuser.me/api/portraits/thumb/men/84.jpg'}, 'nat': 'US'}</msg>
<arg>${json_data['results'][0]}</arg>
<doc>Logs the given message with the given level.</doc>
<status status="PASS" start="2024-05-18T17:12:02.644684" elapsed="0.000402"/>
</kw>
<kw name="Log" owner="BuiltIn">
<msg time="2024-05-18T17:12:02.645508" level="INFO">email</msg>
<arg>${key}</arg>
<doc>Logs the given message with the given level.</doc>
<status status="PASS" start="2024-05-18T17:12:02.645375" elapsed="0.000169"/>
</kw>
<var name="${key}">email</var>
<status status="PASS" start="2024-05-18T17:12:02.643864" elapsed="0.001923"/>
</iter>
<iter>
<kw name="Dictionary Should Contain Key" owner="Collections">
<msg time="2024-05-18T17:12:02.646454" level="INFO">False</msg>
<arg>${json_data['results'][0]}</arg>
<arg>${key}</arg>
<doc>Fails if ``key`` is not found from ``dictionary``.</doc>
<status status="PASS" start="2024-05-18T17:12:02.646068" elapsed="0.000423"/>
</kw>
<kw name="Log" owner="BuiltIn">
<msg time="2024-05-18T17:12:02.647147" level="INFO">{'gender': 'male', 'name': {'title': 'Mr', 'first': 'Landon', 'last': 'Ford'}, 'location': {'street': {'number': 3449, 'name': 'Central St'}, 'city': 'Waterbury', 'state': 'Washington', 'country': 'United States', 'postcode': 22637, 'coordinates': {'latitude': '85.1081', 'longitude': '-65.9381'}, 'timezone': {'offset': '-12:00', 'description': 'Eniwetok, Kwajalein'}}, 'email': 'landon.ford@example.com', 'login': {'uuid': '94051fe2-a538-4d4d-b1e1-c9edc2690fd0', 'username': 'whitebutterfly789', 'password': 'alexis', 'salt': 'OumH1p1C', 'md5': '5ecb213aac45a4600f5413a57638d217', 'sha1': 'adab5a44d2b65a8f2145d25b2d0f277c7b30fedc', 'sha256': '2a7e4f6c599fe51cf0d0e748aa70d890acbf1762f2b7886f80c63a9255426a34'}, 'dob': {'date': '1978-01-03T13:32:23.612Z', 'age': 46}, 'registered': {'date': '2021-01-19T13:03:51.535Z', 'age': 3}, 'phone': '(813) 609-8071', 'cell': '(641) 968-5801', 'id': {'name': 'SSN', 'value': '308-37-9638'}, 'picture': {'large': 'https://randomuser.me/api/portraits/men/84.jpg', 'medium': 'https://randomuser.me/api/portraits/med/men/84.jpg', 'thumbnail': 'https://randomuser.me/api/portraits/thumb/men/84.jpg'}, 'nat': 'US'}</msg>
<arg>${json_data['results'][0]}</arg>
<doc>Logs the given message with the given level.</doc>
<status status="PASS" start="2024-05-18T17:12:02.646787" elapsed="0.000408"/>
</kw>
<kw name="Log" owner="BuiltIn">
<msg time="2024-05-18T17:12:02.647616" level="INFO">login</msg>
<arg>${key}</arg>
<doc>Logs the given message with the given level.</doc>
<status status="PASS" start="2024-05-18T17:12:02.647490" elapsed="0.000164"/>
</kw>
<var name="${key}">login</var>
<status status="PASS" start="2024-05-18T17:12:02.645958" elapsed="0.001915"/>
</iter>
<var>${key}</var>
<value>@{expected_keys}</value>
<status status="PASS" start="2024-05-18T17:12:02.637172" elapsed="0.010848"/>
</for>
<kw name="Create List" owner="BuiltIn">
<msg time="2024-05-18T17:12:02.648381" level="INFO">${expected_keysTwo} = ['username', 'password']</msg>
<var>${expected_keysTwo}</var>
<arg>username</arg>
<arg>password</arg>
<doc>Returns a list containing given items.</doc>
<status status="PASS" start="2024-05-18T17:12:02.648218" elapsed="0.000188"/>
</kw>
<for flavor="IN">
<iter>
<kw name="Dictionary Should Contain Key" owner="Collections">
<msg time="2024-05-18T17:12:02.649289" level="INFO">False</msg>
<arg>${json_data['results'][0]['login']}</arg>
<arg>${keyTwo}</arg>
<doc>Fails if ``key`` is not found from ``dictionary``.</doc>
<status status="PASS" start="2024-05-18T17:12:02.648905" elapsed="0.000420"/>
</kw>
<kw name="Dictionary Should Contain Key" owner="Collections">
<msg time="2024-05-18T17:12:02.650026" level="INFO">False</msg>
<arg>${json_data['results'][0]['login']}</arg>
<arg>${keyTwo}</arg>
<doc>Fails if ``key`` is not found from ``dictionary``.</doc>
<status status="PASS" start="2024-05-18T17:12:02.649619" elapsed="0.000444"/>
</kw>
<kw name="Log" owner="BuiltIn">
<msg time="2024-05-18T17:12:02.650484" level="INFO">username</msg>
<arg>${keyTwo}</arg>
<doc>Logs the given message with the given level.</doc>
<status status="PASS" start="2024-05-18T17:12:02.650354" elapsed="0.000172"/>
</kw>
<var name="${keyTwo}">username</var>
<status status="PASS" start="2024-05-18T17:12:02.648795" elapsed="0.001946"/>
</iter>
<iter>
<kw name="Dictionary Should Contain Key" owner="Collections">
<msg time="2024-05-18T17:12:02.651476" level="INFO">False</msg>
<arg>${json_data['results'][0]['login']}</arg>
<arg>${keyTwo}</arg>
<doc>Fails if ``key`` is not found from ``dictionary``.</doc>
<status status="PASS" start="2024-05-18T17:12:02.651018" elapsed="0.000498"/>
</kw>
<kw name="Dictionary Should Contain Key" owner="Collections">
<msg time="2024-05-18T17:12:02.652193" level="INFO">False</msg>
<arg>${json_data['results'][0]['login']}</arg>
<arg>${keyTwo}</arg>
<doc>Fails if ``key`` is not found from ``dictionary``.</doc>
<status status="PASS" start="2024-05-18T17:12:02.651814" elapsed="0.000416"/>
</kw>
<kw name="Log" owner="BuiltIn">
<msg time="2024-05-18T17:12:02.652655" level="INFO">password</msg>
<arg>${keyTwo}</arg>
<doc>Logs the given message with the given level.</doc>
<status status="PASS" start="2024-05-18T17:12:02.652526" elapsed="0.000166"/>
</kw>
<var name="${keyTwo}">password</var>
<status status="PASS" start="2024-05-18T17:12:02.650909" elapsed="0.002000"/>
</iter>
<var>${keyTwo}</var>
<value>@{expected_keysTwo}</value>
<status status="PASS" start="2024-05-18T17:12:02.648646" elapsed="0.004383"/>
</for>
<status status="PASS" start="2024-05-18T17:12:02.481031" elapsed="0.172136"/>
</kw>
<doc>Testa a estrutura da resposta da API.</doc>
<tag>testeEstruturaResposta</tag>
<status status="PASS" start="2024-05-18T17:12:02.480259" elapsed="0.173058"/>
</test>
<test id="s1-s1-t4" name="Validar tipos de dados" line="28">
<kw name="Teste de Tipos de Dados" owner="random-user-service">
<kw name="GET On Session" owner="RequestsLibrary">
<msg time="2024-05-18T17:12:02.727765" level="INFO">GET Request : url=https://randomuser.me/api 
 path_url=/api 
 headers={'User-Agent': 'python-requests/2.31.0', 'Accept-Encoding': 'gzip, deflate', 'Accept': '*/*', 'Connection': 'keep-alive'} 
 body=None 
 </msg>
<msg time="2024-05-18T17:12:02.727847" level="INFO">GET Response : url=https://randomuser.me/api 
 status=200, reason=OK 
 headers={'Date': 'Sat, 18 May 2024 17:12:02 GMT', 'Content-Type': 'application/json; charset=utf-8', 'Transfer-Encoding': 'chunked', 'Connection': 'keep-alive', 'X-Powered-By': 'Express', 'Access-Control-Allow-Origin': '*', 'Cache-Control': 'no-cache', 'ETag': 'W/"48b-T9rWABk/3UWpNtOAI0cyejFBvZQ"', 'Vary': 'Accept-Encoding', 'Content-Encoding': 'gzip', 'CF-Cache-Status': 'DYNAMIC', 'Report-To': '{"endpoints":[{"url":"https:\\/\\/a.nel.cloudflare.com\\/report\\/v4?s=kmRIFc9ulGENxqYtPXzdG%2BTE17BWNhSGhyw757seHJZY3haNPSFCd0EnCtW4H%2Bxdb2ZKnhhfraIJHF1axhd9qywhgs0T1s19Qb3tuVHl%2F38MdYiXpMfl33X0%2Fep70pc7"}],"group":"cf-nel","max_age":604800}', 'NEL': '{"success_fraction":0,"report_to":"cf-nel","max_age":604800}', 'Server': 'cloudflare', 'CF-RAY': '885d78489ece9c46-IAD', 'alt-svc': 'h3=":443"; ma=86400'} 
 body={"results":[{"gender":"male","name":{"title":"Mr","first":"Eli","last":"Thomas"},"location":{"street":{"number":4609,"name":"Gloucester Street"},"city":"Greymouth","state":"Marlborough","country":"New Zealand","postcode":76678,"coordinates":{"latitude":"51.5492","longitude":"-84.4902"},"timezone":{"offset":"+5:30","description":"Bombay, Calcutta, Madras, New Delhi"}},"email":"eli.thomas@example.com","login":{"uuid":"4bb7536b-5ae3-45d2-8bc8-42a42fdf2c19","username":"silverlion336","password":"qwerty12","salt":"uN5mwZlb","md5":"c65dd3a14b4a5f533f03fc75a321aa4a","sha1":"e5fe9a5b6ca98ec41b33087e93b43f04968cc5f5","sha256":"b808447bdcfbe363665219742034724ca44b1ea94af3531ff1d5697e25e89171"},"dob":{"date":"1952-06-02T11:46:21.305Z","age":71},"registered":{"date":"2015-03-23T05:47:15.238Z","age":9},"phone":"(198)-917-1518","cell":"(976)-675-7311","id":{"name":"","value":null},"picture":{"large":"https://randomuser.me/api/portraits/men/29.jpg","medium":"https://randomuser.me/api/portraits/med/men/29.jpg","thumbnail":"https://randomuser.me/api/portraits/thumb/men/29.jpg"},"nat":"NZ"}],"info":{"seed":"9a20f80500dfea19","results":1,"page":1,"version":"1.4"}} 
 </msg>
<msg time="2024-05-18T17:12:02.727918" level="INFO">/opt/hostedtoolcache/Python/3.12.3/x64/lib/python3.12/site-packages/urllib3/connectionpool.py:1103: InsecureRequestWarning: Unverified HTTPS request is being made to host 'randomuser.me'. Adding certificate verification is strongly advised. See: https://urllib3.readthedocs.io/en/latest/advanced-usage.html#tls-warnings
  warnings.warn(</msg>
<msg time="2024-05-18T17:12:02.728026" level="INFO">${response} = &lt;Response [200]&gt;</msg>
<var>${response}</var>
<arg>consultarAPI</arg>
<arg>/api</arg>
<doc>Sends a GET request on a previously created HTTP Session.</doc>
<status status="PASS" start="2024-05-18T17:12:02.655747" elapsed="0.072321"/>
</kw>
<kw name="Set Variable" owner="BuiltIn">
<msg time="2024-05-18T17:12:02.728949" level="INFO">${json_data} = {'results': [{'gender': 'male', 'name': {'title': 'Mr', 'first': 'Eli', 'last': 'Thomas'}, 'location': {'street': {'number': 4609, 'name': 'Gloucester Street'}, 'city': 'Greymouth', 'state': 'Marlboro...</msg>
<var>${json_data}</var>
<arg>${response.json()}</arg>
<doc>Returns the given values which can then be assigned to a variables.</doc>
<status status="PASS" start="2024-05-18T17:12:02.728506" elapsed="0.000472"/>
</kw>
<kw name="Log" owner="BuiltIn">
<msg time="2024-05-18T17:12:02.729432" level="INFO">{'results': [{'gender': 'male', 'name': {'title': 'Mr', 'first': 'Eli', 'last': 'Thomas'}, 'location': {'street': {'number': 4609, 'name': 'Gloucester Street'}, 'city': 'Greymouth', 'state': 'Marlborough', 'country': 'New Zealand', 'postcode': 76678, 'coordinates': {'latitude': '51.5492', 'longitude': '-84.4902'}, 'timezone': {'offset': '+5:30', 'description': 'Bombay, Calcutta, Madras, New Delhi'}}, 'email': 'eli.thomas@example.com', 'login': {'uuid': '4bb7536b-5ae3-45d2-8bc8-42a42fdf2c19', 'username': 'silverlion336', 'password': 'qwerty12', 'salt': 'uN5mwZlb', 'md5': 'c65dd3a14b4a5f533f03fc75a321aa4a', 'sha1': 'e5fe9a5b6ca98ec41b33087e93b43f04968cc5f5', 'sha256': 'b808447bdcfbe363665219742034724ca44b1ea94af3531ff1d5697e25e89171'}, 'dob': {'date': '1952-06-02T11:46:21.305Z', 'age': 71}, 'registered': {'date': '2015-03-23T05:47:15.238Z', 'age': 9}, 'phone': '(198)-917-1518', 'cell': '(976)-675-7311', 'id': {'name': '', 'value': None}, 'picture': {'large': 'https://randomuser.me/api/portraits/men/29.jpg', 'medium': 'https://randomuser.me/api/portraits/med/men/29.jpg', 'thumbnail': 'https://randomuser.me/api/portraits/thumb/men/29.jpg'}, 'nat': 'NZ'}], 'info': {'seed': '9a20f80500dfea19', 'results': 1, 'page': 1, 'version': '1.4'}}</msg>
<arg>${json_data}</arg>
<doc>Logs the given message with the given level.</doc>
<status status="PASS" start="2024-05-18T17:12:02.729280" elapsed="0.000230"/>
</kw>
<kw name="Should Be String" owner="String">
<arg>${json_data['results'][0]['gender']}</arg>
<doc>Fails if the given ``item`` is not a string.</doc>
<status status="PASS" start="2024-05-18T17:12:02.729852" elapsed="0.000364"/>
</kw>
<kw name="Should Match Regexp" owner="BuiltIn">
<arg>${json_data['results'][0]['email']}</arg>
<arg>^[a-zA-Z0-9._%+-]+@[a-zA-Z0-9.-]+\.[a-zA-Z]{2,}$</arg>
<doc>Fails if ``string`` does not match ``pattern`` as a regular expression.</doc>
<status status="PASS" start="2024-05-18T17:12:02.730412" elapsed="0.000508"/>
</kw>
<kw name="Should Match Regexp" owner="BuiltIn">
<arg>${json_data['results'][0]['dob']['date']}</arg>
<arg>\\d{4}-\\d{2}-\\d{2}T\\d{2}:\\d{2}:\\d{2}\\.\\d{3}Z</arg>
<doc>Fails if ``string`` does not match ``pattern`` as a regular expression.</doc>
<status status="PASS" start="2024-05-18T17:12:02.731114" elapsed="0.000500"/>
</kw>
<kw name="Should Match Regexp" owner="BuiltIn">
<arg>${json_data['results'][0]['registered']['date']}</arg>
<arg>\\d{4}-\\d{2}-\\d{2}T\\d{2}:\\d{2}:\\d{2}\\.\\d{3}Z</arg>
<doc>Fails if ``string`` does not match ``pattern`` as a regular expression.</doc>
<status status="PASS" start="2024-05-18T17:12:02.731817" elapsed="0.000379"/>
</kw>
<kw name="Should Match Regexp" owner="BuiltIn">
<arg>${json_data['results'][0]['picture']['large']}</arg>
<arg>^https?://.*\.(?:png|jpe?g|gif|bmp)$</arg>
<doc>Fails if ``string`` does not match ``pattern`` as a regular expression.</doc>
<status status="PASS" start="2024-05-18T17:12:02.732397" elapsed="0.000461"/>
</kw>
<kw name="Should Match Regexp" owner="BuiltIn">
<arg>${json_data['results'][0]['picture']['medium']}</arg>
<arg>^https?://.*\.(?:png|jpe?g|gif|bmp)$</arg>
<doc>Fails if ``string`` does not match ``pattern`` as a regular expression.</doc>
<status status="PASS" start="2024-05-18T17:12:02.733056" elapsed="0.000356"/>
</kw>
<kw name="Should Match Regexp" owner="BuiltIn">
<arg>${json_data['results'][0]['picture']['thumbnail']}</arg>
<arg>^https?://.*\.(?:png|jpe?g|gif|bmp)$</arg>
<doc>Fails if ``string`` does not match ``pattern`` as a regular expression.</doc>
<status status="PASS" start="2024-05-18T17:12:02.733610" elapsed="0.000387"/>
</kw>
<kw name="Log" owner="BuiltIn">
<msg time="2024-05-18T17:12:02.734506" level="INFO">{'large': 'https://randomuser.me/api/portraits/men/29.jpg', 'medium': 'https://randomuser.me/api/portraits/med/men/29.jpg', 'thumbnail': 'https://randomuser.me/api/portraits/thumb/men/29.jpg'}</msg>
<arg>${json_data['results'][0]['picture']}</arg>
<doc>Logs the given message with the given level.</doc>
<status status="PASS" start="2024-05-18T17:12:02.734180" elapsed="0.000368"/>
</kw>
<status status="PASS" start="2024-05-18T17:12:02.655525" elapsed="0.079280"/>
</kw>
<kw name="Teste de Tipos de Dados - Postcode" owner="random-user-service">
<kw name="GET On Session" owner="RequestsLibrary">
<msg time="2024-05-18T17:12:02.797078" level="INFO">GET Request : url=https://randomuser.me/api 
 path_url=/api 
 headers={'User-Agent': 'python-requests/2.31.0', 'Accept-Encoding': 'gzip, deflate', 'Accept': '*/*', 'Connection': 'keep-alive'} 
 body=None 
 </msg>
<msg time="2024-05-18T17:12:02.797153" level="INFO">GET Response : url=https://randomuser.me/api 
 status=200, reason=OK 
 headers={'Date': 'Sat, 18 May 2024 17:12:02 GMT', 'Content-Type': 'application/json; charset=utf-8', 'Transfer-Encoding': 'chunked', 'Connection': 'keep-alive', 'X-Powered-By': 'Express', 'Access-Control-Allow-Origin': '*', 'Cache-Control': 'no-cache', 'ETag': 'W/"4a6-Mr8PyLmV7n+9UL36rE6aa8aOsZU"', 'Vary': 'Accept-Encoding', 'Content-Encoding': 'gzip', 'CF-Cache-Status': 'DYNAMIC', 'Report-To': '{"endpoints":[{"url":"https:\\/\\/a.nel.cloudflare.com\\/report\\/v4?s=GOzOfCWamdYqxTtR3YDqEjfpfRnzKG2llBPqo%2B1zn9ZgyNZMFk4aIBiAPC2mj0fclMYBoCZnHJIRU69wsVhN5tFSLJfNGg44I4NwuGkuHZv3V6xdDirEnhaEHwaAILsa"}],"group":"cf-nel","max_age":604800}', 'NEL': '{"success_fraction":0,"report_to":"cf-nel","max_age":604800}', 'Server': 'cloudflare', 'CF-RAY': '885d78491f519c46-IAD', 'alt-svc': 'h3=":443"; ma=86400'} 
 body={"results":[{"gender":"female","name":{"title":"Mrs","first":"Sofia","last":"Springer"},"location":{"street":{"number":2853,"name":"Industriestraße"},"city":"Immenhausen","state":"Berlin","country":"Germany","postcode":40047,"coordinates":{"latitude":"-48.3976","longitude":"4.8862"},"timezone":{"offset":"+5:00","description":"Ekaterinburg, Islamabad, Karachi, Tashkent"}},"email":"sofia.springer@example.com","login":{"uuid":"ed9a4762-5cc2-494f-b7ec-65357dfeca0a","username":"smallgorilla417","password":"user","salt":"XWjJr90B","md5":"2008f29d85493869f4b4c3b7360467e8","sha1":"c4389ec78b4fc450e37699c80ee4fbe576b7294f","sha256":"b57d22e13dc47f76f38e65fe09b2d825f366970290c9c0cda49496259aae6b84"},"dob":{"date":"1957-06-03T04:32:21.636Z","age":66},"registered":{"date":"2008-12-25T00:37:44.395Z","age":15},"phone":"0898-7606331","cell":"0177-2641405","id":{"name":"SVNR","value":"48 020657 S 649"},"picture":{"large":"https://randomuser.me/api/portraits/women/43.jpg","medium":"https://randomuser.me/api/portraits/med/women/43.jpg","thumbnail":"https://randomuser.me/api/portraits/thumb/women/43.jpg"},"nat":"DE"}],"info":{"seed":"b1bef226b4da3ade","results":1,"page":1,"version":"1.4"}} 
 </msg>
<msg time="2024-05-18T17:12:02.797221" level="INFO">/opt/hostedtoolcache/Python/3.12.3/x64/lib/python3.12/site-packages/urllib3/connectionpool.py:1103: InsecureRequestWarning: Unverified HTTPS request is being made to host 'randomuser.me'. Adding certificate verification is strongly advised. See: https://urllib3.readthedocs.io/en/latest/advanced-usage.html#tls-warnings
  warnings.warn(</msg>
<msg time="2024-05-18T17:12:02.797323" level="INFO">${response} = &lt;Response [200]&gt;</msg>
<var>${response}</var>
<arg>consultarAPI</arg>
<arg>/api</arg>
<doc>Sends a GET request on a previously created HTTP Session.</doc>
<status status="PASS" start="2024-05-18T17:12:02.735236" elapsed="0.062123"/>
</kw>
<kw name="Set Variable" owner="BuiltIn">
<msg time="2024-05-18T17:12:02.798219" level="INFO">${json_data} = {'results': [{'gender': 'female', 'name': {'title': 'Mrs', 'first': 'Sofia', 'last': 'Springer'}, 'location': {'street': {'number': 2853, 'name': 'Industriestraße'}, 'city': 'Immenhausen', 'state': 'B...</msg>
<var>${json_data}</var>
<arg>${response.json()}</arg>
<doc>Returns the given values which can then be assigned to a variables.</doc>
<status status="PASS" start="2024-05-18T17:12:02.797772" elapsed="0.000477"/>
</kw>
<kw name="Log" owner="BuiltIn">
<msg time="2024-05-18T17:12:02.798714" level="INFO">{'results': [{'gender': 'female', 'name': {'title': 'Mrs', 'first': 'Sofia', 'last': 'Springer'}, 'location': {'street': {'number': 2853, 'name': 'Industriestraße'}, 'city': 'Immenhausen', 'state': 'Berlin', 'country': 'Germany', 'postcode': 40047, 'coordinates': {'latitude': '-48.3976', 'longitude': '4.8862'}, 'timezone': {'offset': '+5:00', 'description': 'Ekaterinburg, Islamabad, Karachi, Tashkent'}}, 'email': 'sofia.springer@example.com', 'login': {'uuid': 'ed9a4762-5cc2-494f-b7ec-65357dfeca0a', 'username': 'smallgorilla417', 'password': 'user', 'salt': 'XWjJr90B', 'md5': '2008f29d85493869f4b4c3b7360467e8', 'sha1': 'c4389ec78b4fc450e37699c80ee4fbe576b7294f', 'sha256': 'b57d22e13dc47f76f38e65fe09b2d825f366970290c9c0cda49496259aae6b84'}, 'dob': {'date': '1957-06-03T04:32:21.636Z', 'age': 66}, 'registered': {'date': '2008-12-25T00:37:44.395Z', 'age': 15}, 'phone': '0898-7606331', 'cell': '0177-2641405', 'id': {'name': 'SVNR', 'value': '48 020657 S 649'}, 'picture': {'large': 'https://randomuser.me/api/portraits/women/43.jpg', 'medium': 'https://randomuser.me/api/portraits/med/women/43.jpg', 'thumbnail': 'https://randomuser.me/api/portraits/thumb/women/43.jpg'}, 'nat': 'DE'}], 'info': {'seed': 'b1bef226b4da3ade', 'results': 1, 'page': 1, 'version': '1.4'}}</msg>
<arg>${json_data}</arg>
<doc>Logs the given message with the given level.</doc>
<status status="PASS" start="2024-05-18T17:12:02.798562" elapsed="0.000230"/>
</kw>
<kw name="Should Be Equal As Numbers" owner="BuiltIn">
<arg>${json_data['results'][0]['location']['postcode']}</arg>
<arg>${json_data['results'][0]['location']['postcode']}</arg>
<doc>Fails if objects are unequal after converting them to real numbers.</doc>
<status status="PASS" start="2024-05-18T17:12:02.799216" elapsed="0.000609"/>
</kw>
<kw name="Log" owner="BuiltIn">
<msg time="2024-05-18T17:12:02.800354" level="INFO">40047</msg>
<arg>${json_data['results'][0]['location']['postcode']}</arg>
<doc>Logs the given message with the given level.</doc>
<status status="PASS" start="2024-05-18T17:12:02.800017" elapsed="0.000377"/>
</kw>
<status status="PASS" start="2024-05-18T17:12:02.735017" elapsed="0.065630"/>
</kw>
<doc>Testa se os tipos de dados na resposta da API estão corretos.</doc>
<tag>testeTiposDados</tag>
<status status="PASS" start="2024-05-18T17:12:02.655087" elapsed="0.145716"/>
</test>
<test id="s1-s1-t5" name="Validar conteudo" line="35">
<kw name="Teste de Tipos de Conteudo" owner="random-user-service">
<kw name="GET On Session" owner="RequestsLibrary">
<msg time="2024-05-18T17:12:02.892213" level="INFO">GET Request : url=https://randomuser.me/api 
 path_url=/api 
 headers={'User-Agent': 'python-requests/2.31.0', 'Accept-Encoding': 'gzip, deflate', 'Accept': '*/*', 'Connection': 'keep-alive'} 
 body=None 
 </msg>
<msg time="2024-05-18T17:12:02.892300" level="INFO">GET Response : url=https://randomuser.me/api 
 status=200, reason=OK 
 headers={'Date': 'Sat, 18 May 2024 17:12:02 GMT', 'Content-Type': 'application/json; charset=utf-8', 'Transfer-Encoding': 'chunked', 'Connection': 'keep-alive', 'X-Powered-By': 'Express', 'Access-Control-Allow-Origin': '*', 'Cache-Control': 'no-cache', 'ETag': 'W/"487-mrJm6WNpitsry/wiRrnLQKxSrhM"', 'Vary': 'Accept-Encoding', 'Content-Encoding': 'gzip', 'CF-Cache-Status': 'DYNAMIC', 'Report-To': '{"endpoints":[{"url":"https:\\/\\/a.nel.cloudflare.com\\/report\\/v4?s=mXkF8MisP08F0Wh0YY%2B6YZ969f5JaKqrwtiA2%2Fsa9A7Fs1yE%2F1vfqcXc2LmSBaTg1BYw1T%2BZX52r%2FH5yrjvZGZFLERd%2FWopxkr5oJRTGFmThxMNmiVbWM2u9uOQjO6n9"}],"group":"cf-nel","max_age":604800}', 'NEL': '{"success_fraction":0,"report_to":"cf-nel","max_age":604800}', 'Server': 'cloudflare', 'CF-RAY': '885d78498fd99c46-IAD', 'alt-svc': 'h3=":443"; ma=86400'} 
 body={"results":[{"gender":"male","name":{"title":"Mr","first":"Slaviša","last":"Todorović"},"location":{"street":{"number":47,"name":"Lole Ribara"},"city":"Blace","state":"Pomoravlje","country":"Serbia","postcode":51573,"coordinates":{"latitude":"61.9369","longitude":"-16.5793"},"timezone":{"offset":"-8:00","description":"Pacific Time (US &amp; Canada)"}},"email":"slavisa.todorovic@example.com","login":{"uuid":"bd207297-af82-45cc-8b4c-af939ac6a3b0","username":"crazyrabbit701","password":"pimping","salt":"P0HjuWXI","md5":"289a919fa6ea63c96a5419e80283bc5a","sha1":"df6bdf442371ad5b3a85b1d3f9a20fa279832da7","sha256":"7cf5b77d4eb8276a57dccf8d1008765b17676243cd0d418caa80dff8f00ddaa5"},"dob":{"date":"2000-03-12T01:55:17.964Z","age":24},"registered":{"date":"2013-10-23T16:51:17.963Z","age":10},"phone":"026-7362-602","cell":"066-2717-925","id":{"name":"SID","value":"080155509"},"picture":{"large":"https://randomuser.me/api/portraits/men/24.jpg","medium":"https://randomuser.me/api/portraits/med/men/24.jpg","thumbnail":"https://randomuser.me/api/portraits/thumb/men/24.jpg"},"nat":"RS"}],"info":{"seed":"33b98516872589e6","results":1,"page":1,"version":"1.4"}} 
 </msg>
<msg time="2024-05-18T17:12:02.892380" level="INFO">/opt/hostedtoolcache/Python/3.12.3/x64/lib/python3.12/site-packages/urllib3/connectionpool.py:1103: InsecureRequestWarning: Unverified HTTPS request is being made to host 'randomuser.me'. Adding certificate verification is strongly advised. See: https://urllib3.readthedocs.io/en/latest/advanced-usage.html#tls-warnings
  warnings.warn(</msg>
<msg time="2024-05-18T17:12:02.892495" level="INFO">${response} = &lt;Response [200]&gt;</msg>
<var>${response}</var>
<arg>consultarAPI</arg>
<arg>/api</arg>
<doc>Sends a GET request on a previously created HTTP Session.</doc>
<status status="PASS" start="2024-05-18T17:12:02.803162" elapsed="0.089377"/>
</kw>
<kw name="Set Variable" owner="BuiltIn">
<msg time="2024-05-18T17:12:02.893398" level="INFO">${json_data} = {'results': [{'gender': 'male', 'name': {'title': 'Mr', 'first': 'Slaviša', 'last': 'Todorović'}, 'location': {'street': {'number': 47, 'name': 'Lole Ribara'}, 'city': 'Blace', 'state': 'Pomoravlje', ...</msg>
<var>${json_data}</var>
<arg>${response.json()}</arg>
<doc>Returns the given values which can then be assigned to a variables.</doc>
<status status="PASS" start="2024-05-18T17:12:02.892948" elapsed="0.000480"/>
</kw>
<kw name="Set Variable" owner="BuiltIn">
<msg time="2024-05-18T17:12:02.894210" level="INFO">${name_title} = Mr</msg>
<var>${name_title}</var>
<arg>${json_data["results"][0]["name"]["title"]}</arg>
<doc>Returns the given values which can then be assigned to a variables.</doc>
<status status="PASS" start="2024-05-18T17:12:02.893808" elapsed="0.000428"/>
</kw>
<kw name="Create List" owner="BuiltIn">
<msg time="2024-05-18T17:12:02.894687" level="INFO">${allowed_titles} = ['Mr', 'Ms', 'Miss', 'Mrs', 'Madame', 'Monsieur']</msg>
<var>${allowed_titles}</var>
<arg>Mr</arg>
<arg>Ms</arg>
<arg>Miss</arg>
<arg>Mrs</arg>
<arg>Madame</arg>
<arg>Monsieur</arg>
<doc>Returns a list containing given items.</doc>
<status status="PASS" start="2024-05-18T17:12:02.894536" elapsed="0.000175"/>
</kw>
<kw name="List Should Contain Value" owner="Collections">
<msg time="2024-05-18T17:12:02.895180" level="INFO">False</msg>
<arg>${allowed_titles}</arg>
<arg>${name_title}</arg>
<doc>Fails if the ``value`` is not found from ``list``.</doc>
<status status="PASS" start="2024-05-18T17:12:02.895010" elapsed="0.000207"/>
</kw>
<kw name="Set Variable" owner="BuiltIn">
<msg time="2024-05-18T17:12:02.895900" level="INFO">${name_country} = RS</msg>
<var>${name_country}</var>
<arg>${json_data["results"][0]["nat"]}</arg>
<doc>Returns the given values which can then be assigned to a variables.</doc>
<status status="PASS" start="2024-05-18T17:12:02.895519" elapsed="0.000407"/>
</kw>
<kw name="Create List" owner="BuiltIn">
<msg time="2024-05-18T17:12:02.896821" level="INFO">${list_country} = ['AD', 'AE', 'AF', 'AG', 'AI', 'AL', 'AM', 'AO', 'AQ', 'AR', 'AS', 'AT', 'AU', 'AW', 'AX', 'AZ', 'BA', 'BB', 'BD', 'BE', 'BF', 'BG', 'BH', 'BI', 'BJ', 'BL', 'BM', 'BN', 'BO', 'BQ', 'BR', 'BS', 'BT', '...</msg>
<var>${list_country}</var>
<arg>AD</arg>
<arg>AE</arg>
<arg>AF</arg>
<arg>AG</arg>
<arg>AI</arg>
<arg>AL</arg>
<arg>AM</arg>
<arg>AO</arg>
<arg>AQ</arg>
<arg>AR</arg>
<arg>AS</arg>
<arg>AT</arg>
<arg>AU</arg>
<arg>AW</arg>
<arg>AX</arg>
<arg>AZ</arg>
<arg>BA</arg>
<arg>BB</arg>
<arg>BD</arg>
<arg>BE</arg>
<arg>BF</arg>
<arg>BG</arg>
<arg>BH</arg>
<arg>BI</arg>
<arg>BJ</arg>
<arg>BL</arg>
<arg>BM</arg>
<arg>BN</arg>
<arg>BO</arg>
<arg>BQ</arg>
<arg>BR</arg>
<arg>BS</arg>
<arg>BT</arg>
<arg>BV</arg>
<arg>BW</arg>
<arg>BY</arg>
<arg>BZ</arg>
<arg>CA</arg>
<arg>CC</arg>
<arg>CD</arg>
<arg>CF</arg>
<arg>CG</arg>
<arg>CH</arg>
<arg>CI</arg>
<arg>CK</arg>
<arg>CL</arg>
<arg>CM</arg>
<arg>CN</arg>
<arg>CO</arg>
<arg>CR</arg>
<arg>CU</arg>
<arg>CV</arg>
<arg>CW</arg>
<arg>CX</arg>
<arg>CY</arg>
<arg>CZ</arg>
<arg>DE</arg>
<arg>DJ</arg>
<arg>DK</arg>
<arg>DM</arg>
<arg>DO</arg>
<arg>DZ</arg>
<arg>EC</arg>
<arg>EE</arg>
<arg>EG</arg>
<arg>EH</arg>
<arg>ER</arg>
<arg>ES</arg>
<arg>ET</arg>
<arg>FI</arg>
<arg>FJ</arg>
<arg>FK</arg>
<arg>FM</arg>
<arg>FO</arg>
<arg>FR</arg>
<arg>GA</arg>
<arg>GB</arg>
<arg>GD</arg>
<arg>GE</arg>
<arg>GF</arg>
<arg>GG</arg>
<arg>GH</arg>
<arg>GI</arg>
<arg>GL</arg>
<arg>GM</arg>
<arg>GN</arg>
<arg>GP</arg>
<arg>GQ</arg>
<arg>GR</arg>
<arg>GS</arg>
<arg>GT</arg>
<arg>GU</arg>
<arg>GW</arg>
<arg>GY</arg>
<arg>HK</arg>
<arg>HM</arg>
<arg>HN</arg>
<arg>HR</arg>
<arg>HT</arg>
<arg>HU</arg>
<arg>ID</arg>
<arg>IE</arg>
<arg>IL</arg>
<arg>IM</arg>
<arg>IN</arg>
<arg>IO</arg>
<arg>IQ</arg>
<arg>IR</arg>
<arg>IS</arg>
<arg>IT</arg>
<arg>JE</arg>
<arg>JM</arg>
<arg>JO</arg>
<arg>JP</arg>
<arg>KE</arg>
<arg>KG</arg>
<arg>KH</arg>
<arg>KI</arg>
<arg>KM</arg>
<arg>KN</arg>
<arg>KP</arg>
<arg>KR</arg>
<arg>KW</arg>
<arg>KY</arg>
<arg>KZ</arg>
<arg>LA</arg>
<arg>LB</arg>
<arg>LC</arg>
<arg>LI</arg>
<arg>LK</arg>
<arg>LR</arg>
<arg>LS</arg>
<arg>LT</arg>
<arg>LU</arg>
<arg>LV</arg>
<arg>LY</arg>
<arg>MA</arg>
<arg>MC</arg>
<arg>MD</arg>
<arg>ME</arg>
<arg>MF</arg>
<arg>MG</arg>
<arg>MH</arg>
<arg>MK</arg>
<arg>ML</arg>
<arg>MM</arg>
<arg>MN</arg>
<arg>MO</arg>
<arg>MP</arg>
<arg>MQ</arg>
<arg>MR</arg>
<arg>MS</arg>
<arg>MT</arg>
<arg>MU</arg>
<arg>MV</arg>
<arg>MW</arg>
<arg>MX</arg>
<arg>MY</arg>
<arg>MZ</arg>
<arg>NA</arg>
<arg>NC</arg>
<arg>NE</arg>
<arg>NF</arg>
<arg>NG</arg>
<arg>NI</arg>
<arg>NL</arg>
<arg>NO</arg>
<arg>NP</arg>
<arg>NR</arg>
<arg>NU</arg>
<arg>NZ</arg>
<arg>OM</arg>
<arg>PA</arg>
<arg>PE</arg>
<arg>PF</arg>
<arg>PG</arg>
<arg>PH</arg>
<arg>PK</arg>
<arg>PL</arg>
<arg>PM</arg>
<arg>PN</arg>
<arg>PR</arg>
<arg>PS</arg>
<arg>PT</arg>
<arg>PW</arg>
<arg>PY</arg>
<arg>QA</arg>
<arg>RE</arg>
<arg>RO</arg>
<arg>RS</arg>
<arg>RU</arg>
<arg>RW</arg>
<arg>SA</arg>
<arg>SB</arg>
<arg>SC</arg>
<arg>SD</arg>
<arg>SE</arg>
<arg>SG</arg>
<arg>SH</arg>
<arg>SI</arg>
<arg>SJ</arg>
<arg>SK</arg>
<arg>SL</arg>
<arg>SM</arg>
<arg>SN</arg>
<arg>SO</arg>
<arg>SR</arg>
<arg>SS</arg>
<arg>ST</arg>
<arg>SV</arg>
<arg>SX</arg>
<arg>SY</arg>
<arg>SZ</arg>
<arg>TC</arg>
<arg>TD</arg>
<arg>TF</arg>
<arg>TG</arg>
<arg>TH</arg>
<arg>TJ</arg>
<arg>TK</arg>
<arg>TL</arg>
<arg>TM</arg>
<arg>TN</arg>
<arg>TO</arg>
<arg>TR</arg>
<arg>TT</arg>
<arg>TV</arg>
<arg>TW</arg>
<arg>TZ</arg>
<arg>UA</arg>
<arg>UG</arg>
<arg>UM</arg>
<arg>US</arg>
<arg>UY</arg>
<arg>UZ</arg>
<arg>VA</arg>
<arg>VC</arg>
<arg>VE</arg>
<arg>VG</arg>
<arg>VI</arg>
<arg>VN</arg>
<arg>VU</arg>
<arg>WF</arg>
<arg>WS</arg>
<arg>XK</arg>
<arg>YE</arg>
<arg>YT</arg>
<arg>ZA</arg>
<arg>ZM</arg>
<arg>ZW</arg>
<doc>Returns a list containing given items.</doc>
<status status="PASS" start="2024-05-18T17:12:02.896227" elapsed="0.000620"/>
</kw>
<kw name="List Should Contain Value" owner="Collections">
<msg time="2024-05-18T17:12:02.897861" level="INFO">False</msg>
<arg>${list_country}</arg>
<arg>${name_country}</arg>
<doc>Fails if the ``value`` is not found from ``list``.</doc>
<status status="PASS" start="2024-05-18T17:12:02.897628" elapsed="0.000268"/>
</kw>
<kw name="Run Keyword If" owner="BuiltIn">
<kw name="Should Be True" owner="BuiltIn">
<arg>${True}</arg>
<doc>Fails if the given condition is not true.</doc>
<status status="PASS" start="2024-05-18T17:12:02.898950" elapsed="0.000242"/>
</kw>
<arg>${json_data["results"][0]["location"]["coordinates"]["latitude"]} &gt;= -90 and ${json_data["results"][0]["location"]["coordinates"]["latitude"]} &lt;= 90</arg>
<arg>Should Be True</arg>
<arg>${True}</arg>
<doc>Runs the given keyword with the given arguments, if ``condition`` is true.</doc>
<status status="PASS" start="2024-05-18T17:12:02.898207" elapsed="0.001149"/>
</kw>
<kw name="Run Keyword If" owner="BuiltIn">
<kw name="Should Be True" owner="BuiltIn">
<arg>${True}</arg>
<doc>Fails if the given condition is not true.</doc>
<status status="PASS" start="2024-05-18T17:12:02.900241" elapsed="0.000137"/>
</kw>
<arg>${json_data["results"][0]["location"]["coordinates"]["longitude"]} &gt;= -180 and ${json_data["results"][0]["location"]["coordinates"]["longitude"]} &lt;= 180</arg>
<arg>Should Be True</arg>
<arg>${True}</arg>
<doc>Runs the given keyword with the given arguments, if ``condition`` is true.</doc>
<status status="PASS" start="2024-05-18T17:12:02.899544" elapsed="0.000956"/>
</kw>
<status status="PASS" start="2024-05-18T17:12:02.802943" elapsed="0.097683"/>
</kw>
<doc>Testa o conteúdo específico dos campos retornados pela API.</doc>
<tag>testeConteudo</tag>
<status status="PASS" start="2024-05-18T17:12:02.802522" elapsed="0.098243"/>
</test>
<status status="PASS" start="2024-05-18T17:12:01.364136" elapsed="1.538588"/>
</suite>
<status status="PASS" start="2024-05-18T17:12:01.350639" elapsed="1.557166"/>
</suite>
<statistics>
<total>
<stat pass="5" fail="0" skip="0">All Tests</stat>
</total>
<tag>
<stat pass="1" fail="0" skip="0">testeConteudo</stat>
<stat pass="1" fail="0" skip="0">testeEstruturaResposta</stat>
<stat pass="1" fail="0" skip="0">testeRequisicaoBasica</stat>
<stat pass="1" fail="0" skip="0">testeTiposDados</stat>
</tag>
<suite>
<stat pass="5" fail="0" skip="0" id="s1" name="Tests">Tests</stat>
<stat pass="5" fail="0" skip="0" id="s1-s1" name="Random-User-Test">Tests.Random-User-Test</stat>
</suite>
</statistics>
<errors>
</errors>
</robot>
