<?xml version="1.0" encoding="UTF-8"?>
<robot generator="Robot 7.0 (Python 3.12.3 on linux)" generated="2024-05-03T13:16:18.154844" rpa="false" schemaversion="5">
<suite id="s1" name="Tests" source="/home/runner/work/DesafioQAItauRogerioJordao/DesafioQAItauRogerioJordao/RamdonUser/tests">
<suite id="s1-s1" name="Random-User-Test" source="/home/runner/work/DesafioQAItauRogerioJordao/DesafioQAItauRogerioJordao/RamdonUser/tests/random-user-test.robot">
<test id="s1-s1-t1" name="Conectar" line="13">
<kw name="Conectar API" owner="random-user-service">
<kw name="Create Session" owner="RequestsLibrary">
<msg time="2024-05-03T13:16:18.530692" level="INFO">Creating Session using : alias=consultarAPI, url=https://randomuser.me/, headers={},                     cookies={}, auth=None, timeout=None, proxies=None, verify=False,                     debug=0 </msg>
<arg>consultarAPI</arg>
<arg>${URL}</arg>
<doc>Create Session: create a HTTP session to a server</doc>
<status status="PASS" start="2024-05-03T13:16:18.530419" elapsed="0.000474"/>
</kw>
<status status="PASS" start="2024-05-03T13:16:18.529401" elapsed="0.001884"/>
</kw>
<status status="PASS" start="2024-05-03T13:16:18.528819" elapsed="0.002675"/>
</test>
<test id="s1-s1-t2" name="Validar retorno 200 e JSON Válido" line="16">
<kw name="Teste de Requisicao Basica" owner="random-user-service">
<kw name="GET On Session" owner="RequestsLibrary">
<msg time="2024-05-03T13:16:18.611197" level="INFO">GET Request : url=https://randomuser.me/api 
 path_url=/api 
 headers={'User-Agent': 'python-requests/2.31.0', 'Accept-Encoding': 'gzip, deflate', 'Accept': '*/*', 'Connection': 'keep-alive'} 
 body=None 
 </msg>
<msg time="2024-05-03T13:16:18.611340" level="INFO">GET Response : url=https://randomuser.me/api 
 status=200, reason=OK 
 headers={'Date': 'Fri, 03 May 2024 13:16:18 GMT', 'Content-Type': 'application/json; charset=utf-8', 'Transfer-Encoding': 'chunked', 'Connection': 'keep-alive', 'X-Powered-By': 'Express', 'Access-Control-Allow-Origin': '*', 'Cache-Control': 'no-cache', 'ETag': 'W/"4bd-9ojTJWgRNwysr715d6oRJ6a7ES4"', 'Vary': 'Accept-Encoding', 'Content-Encoding': 'gzip', 'CF-Cache-Status': 'DYNAMIC', 'Report-To': '{"endpoints":[{"url":"https:\\/\\/a.nel.cloudflare.com\\/report\\/v4?s=qQKIHKJ0rallj4Tm%2BXReksPzkKxq4aZ9e3XmtfNxRIpU8Rtpo9gY6QDOqO2CQj%2B5RVCAAO%2Be%2BczRjczvfTgFP18ZKnIhew3wWWgWLd%2FiWDRiwp0VLV2kXUfnYvRPH0Xo"}],"group":"cf-nel","max_age":604800}', 'NEL': '{"success_fraction":0,"report_to":"cf-nel","max_age":604800}', 'Server': 'cloudflare', 'CF-RAY': '87e0865818053aff-IAD', 'alt-svc': 'h3=":443"; ma=86400'} 
 body={"results":[{"gender":"female","name":{"title":"Miss","first":"Valdira","last":"da Luz"},"location":{"street":{"number":1212,"name":"Rua Vinte E Um"},"city":"Santa Cruz do Sul","state":"Rio de Janeiro","country":"Brazil","postcode":67651,"coordinates":{"latitude":"-75.3517","longitude":"63.9721"},"timezone":{"offset":"0:00","description":"Western Europe Time, London, Lisbon, Casablanca"}},"email":"valdira.daluz@example.com","login":{"uuid":"e4271fcb-ab27-48f3-ae2a-15f5c537a149","username":"purplebutterfly436","password":"beaver","salt":"UiCF9oz4","md5":"3c72ab8973dbc5a40c2764e3d582b788","sha1":"36e1a1b491d53c01bf7a111ea87cd763244f1b46","sha256":"9330d20e42ef060da4a268b495dce4ba21b58aa46846006e61de5286f997f3f1"},"dob":{"date":"2000-05-13T22:05:44.776Z","age":23},"registered":{"date":"2009-04-19T05:09:34.979Z","age":15},"phone":"(31) 4602-5094","cell":"(80) 7664-8802","id":{"name":"CPF","value":"401.249.257-91"},"picture":{"large":"https://randomuser.me/api/portraits/women/78.jpg","medium":"https://randomuser.me/api/portraits/med/women/78.jpg","thumbnail":"https://randomuser.me/api/portraits/thumb/women/78.jpg"},"nat":"BR"}],"info":{"seed":"6a68e7c311cc961d","results":1,"page":1,"version":"1.4"}} 
 </msg>
<msg time="2024-05-03T13:16:18.611427" level="INFO">/opt/hostedtoolcache/Python/3.12.3/x64/lib/python3.12/site-packages/urllib3/connectionpool.py:1103: InsecureRequestWarning: Unverified HTTPS request is being made to host 'randomuser.me'. Adding certificate verification is strongly advised. See: https://urllib3.readthedocs.io/en/latest/advanced-usage.html#tls-warnings
  warnings.warn(</msg>
<msg time="2024-05-03T13:16:18.611575" level="INFO">${response} = &lt;Response [200]&gt;</msg>
<var>${response}</var>
<arg>consultarAPI</arg>
<arg>/api</arg>
<doc>Sends a GET request on a previously created HTTP Session.</doc>
<status status="PASS" start="2024-05-03T13:16:18.534238" elapsed="0.077388"/>
</kw>
<kw name="Should Be Equal As Numbers" owner="BuiltIn">
<msg time="2024-05-03T13:16:18.612816" level="INFO">Argument types are:
&lt;class 'int'&gt;
&lt;class 'str'&gt;</msg>
<arg>${response.status_code}</arg>
<arg>200</arg>
<doc>Fails if objects are unequal after converting them to real numbers.</doc>
<status status="PASS" start="2024-05-03T13:16:18.612296" elapsed="0.000586"/>
</kw>
<kw name="Log" owner="BuiltIn">
<msg time="2024-05-03T13:16:18.613587" level="INFO">200</msg>
<arg>${response.status_code}</arg>
<doc>Logs the given message with the given level.</doc>
<status status="PASS" start="2024-05-03T13:16:18.613224" elapsed="0.000404"/>
</kw>
<kw name="Set Variable" owner="BuiltIn">
<msg time="2024-05-03T13:16:18.614366" level="INFO">${json_data} = {'results': [{'gender': 'female', 'name': {'title': 'Miss', 'first': 'Valdira', 'last': 'da Luz'}, 'location': {'street': {'number': 1212, 'name': 'Rua Vinte E Um'}, 'city': 'Santa Cruz do Sul', 'stat...</msg>
<var>${json_data}</var>
<arg>${response.json()}</arg>
<doc>Returns the given values which can then be assigned to a variables.</doc>
<status status="PASS" start="2024-05-03T13:16:18.613935" elapsed="0.000460"/>
</kw>
<kw name="Dictionary Should Contain Key" owner="Collections">
<msg time="2024-05-03T13:16:18.614921" level="INFO">False</msg>
<arg>${json_data}</arg>
<arg>results</arg>
<doc>Fails if ``key`` is not found from ``dictionary``.</doc>
<status status="PASS" start="2024-05-03T13:16:18.614734" elapsed="0.000227"/>
</kw>
<status status="PASS" start="2024-05-03T13:16:18.533981" elapsed="0.081242"/>
</kw>
<doc>Testa se a API responde corretamente e retorna um objeto JSON válido.</doc>
<tag>testeRequisicaoBasica</tag>
<status status="PASS" start="2024-05-03T13:16:18.533423" elapsed="0.081985"/>
</test>
<test id="s1-s1-t3" name="Validar estrutura de resposta" line="22">
<kw name="Teste de Estrutura de Resposta" owner="random-user-service">
<kw name="GET On Session" owner="RequestsLibrary">
<msg time="2024-05-03T13:16:18.739803" level="INFO">GET Request : url=https://randomuser.me/api 
 path_url=/api 
 headers={'User-Agent': 'python-requests/2.31.0', 'Accept-Encoding': 'gzip, deflate', 'Accept': '*/*', 'Connection': 'keep-alive'} 
 body=None 
 </msg>
<msg time="2024-05-03T13:16:18.739952" level="INFO">GET Response : url=https://randomuser.me/api 
 status=200, reason=OK 
 headers={'Date': 'Fri, 03 May 2024 13:16:18 GMT', 'Content-Type': 'application/json; charset=utf-8', 'Transfer-Encoding': 'chunked', 'Connection': 'keep-alive', 'X-Powered-By': 'Express', 'Access-Control-Allow-Origin': '*', 'Cache-Control': 'no-cache', 'ETag': 'W/"49a-DJVsdylx9huSTHGyo4YjeQfUS3E"', 'Vary': 'Accept-Encoding', 'Content-Encoding': 'gzip', 'CF-Cache-Status': 'DYNAMIC', 'Report-To': '{"endpoints":[{"url":"https:\\/\\/a.nel.cloudflare.com\\/report\\/v4?s=HRe6%2FMhuQY%2BvEPBSEqviejTxm3H03ohcf7pJl%2BDcHwNBaJZfro%2FRZmY2dWDVJm%2FPnUNKbx%2BelJs1yOkWaKmXWrN%2Bb7MCRBWCMY11ntnEiyg66bXfUs9KcpICGIXtSP02"}],"group":"cf-nel","max_age":604800}', 'NEL': '{"success_fraction":0,"report_to":"cf-nel","max_age":604800}', 'Server': 'cloudflare', 'CF-RAY': '87e0865868573aff-IAD', 'alt-svc': 'h3=":443"; ma=86400'} 
 body={"results":[{"gender":"male","name":{"title":"Mr","first":"Slavoljub","last":"Ćirković"},"location":{"street":{"number":9240,"name":"Komoranska"},"city":"Zaječar","state":"Pomoravlje","country":"Serbia","postcode":80242,"coordinates":{"latitude":"62.9550","longitude":"-3.6854"},"timezone":{"offset":"+8:00","description":"Beijing, Perth, Singapore, Hong Kong"}},"email":"slavoljub.cirkovic@example.com","login":{"uuid":"b1de6f9c-2d9a-47e6-abd6-eba5394494ee","username":"ticklishgorilla894","password":"pinnacle","salt":"iZMQD6zi","md5":"c0e21756e84572b808442a42232afa1e","sha1":"39df5e19ab8454e6253a3e324a9a4a8cef2e4af4","sha256":"7fefd3657debf924ec60a1e997da0aae08dd136c098582ce9895a6f7786272c1"},"dob":{"date":"1986-06-14T22:22:57.188Z","age":37},"registered":{"date":"2015-09-22T09:17:35.707Z","age":8},"phone":"015-2262-993","cell":"067-5990-268","id":{"name":"SID","value":"497963375"},"picture":{"large":"https://randomuser.me/api/portraits/men/36.jpg","medium":"https://randomuser.me/api/portraits/med/men/36.jpg","thumbnail":"https://randomuser.me/api/portraits/thumb/men/36.jpg"},"nat":"RS"}],"info":{"seed":"7f57c9cd60285165","results":1,"page":1,"version":"1.4"}} 
 </msg>
<msg time="2024-05-03T13:16:18.740148" level="INFO">/opt/hostedtoolcache/Python/3.12.3/x64/lib/python3.12/site-packages/urllib3/connectionpool.py:1103: InsecureRequestWarning: Unverified HTTPS request is being made to host 'randomuser.me'. Adding certificate verification is strongly advised. See: https://urllib3.readthedocs.io/en/latest/advanced-usage.html#tls-warnings
  warnings.warn(</msg>
<msg time="2024-05-03T13:16:18.740333" level="INFO">${response} = &lt;Response [200]&gt;</msg>
<var>${response}</var>
<arg>consultarAPI</arg>
<arg>/api</arg>
<doc>Sends a GET request on a previously created HTTP Session.</doc>
<status status="PASS" start="2024-05-03T13:16:18.617989" elapsed="0.122394"/>
</kw>
<kw name="Set Variable" owner="BuiltIn">
<msg time="2024-05-03T13:16:18.741952" level="INFO">${json_data} = {'results': [{'gender': 'male', 'name': {'title': 'Mr', 'first': 'Slavoljub', 'last': 'Ćirković'}, 'location': {'street': {'number': 9240, 'name': 'Komoranska'}, 'city': 'Zaječar', 'state': 'Pomoravlj...</msg>
<var>${json_data}</var>
<arg>${response.json()}</arg>
<doc>Returns the given values which can then be assigned to a variables.</doc>
<status status="PASS" start="2024-05-03T13:16:18.741074" elapsed="0.000933"/>
</kw>
<kw name="Log" owner="BuiltIn">
<msg time="2024-05-03T13:16:18.742742" level="INFO">{'results': [{'gender': 'male', 'name': {'title': 'Mr', 'first': 'Slavoljub', 'last': 'Ćirković'}, 'location': {'street': {'number': 9240, 'name': 'Komoranska'}, 'city': 'Zaječar', 'state': 'Pomoravlje', 'country': 'Serbia', 'postcode': 80242, 'coordinates': {'latitude': '62.9550', 'longitude': '-3.6854'}, 'timezone': {'offset': '+8:00', 'description': 'Beijing, Perth, Singapore, Hong Kong'}}, 'email': 'slavoljub.cirkovic@example.com', 'login': {'uuid': 'b1de6f9c-2d9a-47e6-abd6-eba5394494ee', 'username': 'ticklishgorilla894', 'password': 'pinnacle', 'salt': 'iZMQD6zi', 'md5': 'c0e21756e84572b808442a42232afa1e', 'sha1': '39df5e19ab8454e6253a3e324a9a4a8cef2e4af4', 'sha256': '7fefd3657debf924ec60a1e997da0aae08dd136c098582ce9895a6f7786272c1'}, 'dob': {'date': '1986-06-14T22:22:57.188Z', 'age': 37}, 'registered': {'date': '2015-09-22T09:17:35.707Z', 'age': 8}, 'phone': '015-2262-993', 'cell': '067-5990-268', 'id': {'name': 'SID', 'value': '497963375'}, 'picture': {'large': 'https://randomuser.me/api/portraits/men/36.jpg', 'medium': 'https://randomuser.me/api/portraits/med/men/36.jpg', 'thumbnail': 'https://randomuser.me/api/portraits/thumb/men/36.jpg'}, 'nat': 'RS'}], 'info': {'seed': '7f57c9cd60285165', 'results': 1, 'page': 1, 'version': '1.4'}}</msg>
<arg>${json_data}</arg>
<doc>Logs the given message with the given level.</doc>
<status status="PASS" start="2024-05-03T13:16:18.742468" elapsed="0.000359"/>
</kw>
<kw name="Dictionary Should Contain Key" owner="Collections">
<msg time="2024-05-03T13:16:18.743565" level="INFO">False</msg>
<arg>${json_data}</arg>
<arg>results</arg>
<doc>Fails if ``key`` is not found from ``dictionary``.</doc>
<status status="PASS" start="2024-05-03T13:16:18.743324" elapsed="0.000301"/>
</kw>
<kw name="Should Not Be Empty" owner="BuiltIn">
<msg time="2024-05-03T13:16:18.744316" level="INFO">Length is 2.</msg>
<arg>${json_data}</arg>
<doc>Verifies that the given item is not empty.</doc>
<status status="PASS" start="2024-05-03T13:16:18.744099" elapsed="0.000512"/>
</kw>
<kw name="Create List" owner="BuiltIn">
<msg time="2024-05-03T13:16:18.745352" level="INFO">${expected_keys} = ['gender', 'name', 'location', 'email', 'login']</msg>
<var>${expected_keys}</var>
<arg>gender</arg>
<arg>name</arg>
<arg>location</arg>
<arg>email</arg>
<arg>login</arg>
<doc>Returns a list containing given items.</doc>
<status status="PASS" start="2024-05-03T13:16:18.745092" elapsed="0.000316"/>
</kw>
<for flavor="IN">
<iter>
<kw name="Dictionary Should Contain Key" owner="Collections">
<msg time="2024-05-03T13:16:18.746976" level="INFO">False</msg>
<arg>${json_data['results'][0]}</arg>
<arg>${key}</arg>
<doc>Fails if ``key`` is not found from ``dictionary``.</doc>
<status status="PASS" start="2024-05-03T13:16:18.746272" elapsed="0.000769"/>
</kw>
<kw name="Log" owner="BuiltIn">
<msg time="2024-05-03T13:16:18.748135" level="INFO">{'gender': 'male', 'name': {'title': 'Mr', 'first': 'Slavoljub', 'last': 'Ćirković'}, 'location': {'street': {'number': 9240, 'name': 'Komoranska'}, 'city': 'Zaječar', 'state': 'Pomoravlje', 'country': 'Serbia', 'postcode': 80242, 'coordinates': {'latitude': '62.9550', 'longitude': '-3.6854'}, 'timezone': {'offset': '+8:00', 'description': 'Beijing, Perth, Singapore, Hong Kong'}}, 'email': 'slavoljub.cirkovic@example.com', 'login': {'uuid': 'b1de6f9c-2d9a-47e6-abd6-eba5394494ee', 'username': 'ticklishgorilla894', 'password': 'pinnacle', 'salt': 'iZMQD6zi', 'md5': 'c0e21756e84572b808442a42232afa1e', 'sha1': '39df5e19ab8454e6253a3e324a9a4a8cef2e4af4', 'sha256': '7fefd3657debf924ec60a1e997da0aae08dd136c098582ce9895a6f7786272c1'}, 'dob': {'date': '1986-06-14T22:22:57.188Z', 'age': 37}, 'registered': {'date': '2015-09-22T09:17:35.707Z', 'age': 8}, 'phone': '015-2262-993', 'cell': '067-5990-268', 'id': {'name': 'SID', 'value': '497963375'}, 'picture': {'large': 'https://randomuser.me/api/portraits/men/36.jpg', 'medium': 'https://randomuser.me/api/portraits/med/men/36.jpg', 'thumbnail': 'https://randomuser.me/api/portraits/thumb/men/36.jpg'}, 'nat': 'RS'}</msg>
<arg>${json_data['results'][0]}</arg>
<doc>Logs the given message with the given level.</doc>
<status status="PASS" start="2024-05-03T13:16:18.747502" elapsed="0.000727"/>
</kw>
<kw name="Log" owner="BuiltIn">
<msg time="2024-05-03T13:16:18.748908" level="INFO">gender</msg>
<arg>${key}</arg>
<doc>Logs the given message with the given level.</doc>
<status status="PASS" start="2024-05-03T13:16:18.748716" elapsed="0.000252"/>
</kw>
<var name="${key}">gender</var>
<status status="PASS" start="2024-05-03T13:16:18.746079" elapsed="0.003178"/>
</iter>
<iter>
<kw name="Dictionary Should Contain Key" owner="Collections">
<msg time="2024-05-03T13:16:18.749991" level="INFO">False</msg>
<arg>${json_data['results'][0]}</arg>
<arg>${key}</arg>
<doc>Fails if ``key`` is not found from ``dictionary``.</doc>
<status status="PASS" start="2024-05-03T13:16:18.749584" elapsed="0.000446"/>
</kw>
<kw name="Log" owner="BuiltIn">
<msg time="2024-05-03T13:16:18.750799" level="INFO">{'gender': 'male', 'name': {'title': 'Mr', 'first': 'Slavoljub', 'last': 'Ćirković'}, 'location': {'street': {'number': 9240, 'name': 'Komoranska'}, 'city': 'Zaječar', 'state': 'Pomoravlje', 'country': 'Serbia', 'postcode': 80242, 'coordinates': {'latitude': '62.9550', 'longitude': '-3.6854'}, 'timezone': {'offset': '+8:00', 'description': 'Beijing, Perth, Singapore, Hong Kong'}}, 'email': 'slavoljub.cirkovic@example.com', 'login': {'uuid': 'b1de6f9c-2d9a-47e6-abd6-eba5394494ee', 'username': 'ticklishgorilla894', 'password': 'pinnacle', 'salt': 'iZMQD6zi', 'md5': 'c0e21756e84572b808442a42232afa1e', 'sha1': '39df5e19ab8454e6253a3e324a9a4a8cef2e4af4', 'sha256': '7fefd3657debf924ec60a1e997da0aae08dd136c098582ce9895a6f7786272c1'}, 'dob': {'date': '1986-06-14T22:22:57.188Z', 'age': 37}, 'registered': {'date': '2015-09-22T09:17:35.707Z', 'age': 8}, 'phone': '015-2262-993', 'cell': '067-5990-268', 'id': {'name': 'SID', 'value': '497963375'}, 'picture': {'large': 'https://randomuser.me/api/portraits/men/36.jpg', 'medium': 'https://randomuser.me/api/portraits/med/men/36.jpg', 'thumbnail': 'https://randomuser.me/api/portraits/thumb/men/36.jpg'}, 'nat': 'RS'}</msg>
<arg>${json_data['results'][0]}</arg>
<doc>Logs the given message with the given level.</doc>
<status status="PASS" start="2024-05-03T13:16:18.750380" elapsed="0.000471"/>
</kw>
<kw name="Log" owner="BuiltIn">
<msg time="2024-05-03T13:16:18.751288" level="INFO">name</msg>
<arg>${key}</arg>
<doc>Logs the given message with the given level.</doc>
<status status="PASS" start="2024-05-03T13:16:18.751157" elapsed="0.000169"/>
</kw>
<var name="${key}">name</var>
<status status="PASS" start="2024-05-03T13:16:18.749456" elapsed="0.002086"/>
</iter>
<iter>
<kw name="Dictionary Should Contain Key" owner="Collections">
<msg time="2024-05-03T13:16:18.752227" level="INFO">False</msg>
<arg>${json_data['results'][0]}</arg>
<arg>${key}</arg>
<doc>Fails if ``key`` is not found from ``dictionary``.</doc>
<status status="PASS" start="2024-05-03T13:16:18.751835" elapsed="0.000430"/>
</kw>
<kw name="Log" owner="BuiltIn">
<msg time="2024-05-03T13:16:18.752925" level="INFO">{'gender': 'male', 'name': {'title': 'Mr', 'first': 'Slavoljub', 'last': 'Ćirković'}, 'location': {'street': {'number': 9240, 'name': 'Komoranska'}, 'city': 'Zaječar', 'state': 'Pomoravlje', 'country': 'Serbia', 'postcode': 80242, 'coordinates': {'latitude': '62.9550', 'longitude': '-3.6854'}, 'timezone': {'offset': '+8:00', 'description': 'Beijing, Perth, Singapore, Hong Kong'}}, 'email': 'slavoljub.cirkovic@example.com', 'login': {'uuid': 'b1de6f9c-2d9a-47e6-abd6-eba5394494ee', 'username': 'ticklishgorilla894', 'password': 'pinnacle', 'salt': 'iZMQD6zi', 'md5': 'c0e21756e84572b808442a42232afa1e', 'sha1': '39df5e19ab8454e6253a3e324a9a4a8cef2e4af4', 'sha256': '7fefd3657debf924ec60a1e997da0aae08dd136c098582ce9895a6f7786272c1'}, 'dob': {'date': '1986-06-14T22:22:57.188Z', 'age': 37}, 'registered': {'date': '2015-09-22T09:17:35.707Z', 'age': 8}, 'phone': '015-2262-993', 'cell': '067-5990-268', 'id': {'name': 'SID', 'value': '497963375'}, 'picture': {'large': 'https://randomuser.me/api/portraits/men/36.jpg', 'medium': 'https://randomuser.me/api/portraits/med/men/36.jpg', 'thumbnail': 'https://randomuser.me/api/portraits/thumb/men/36.jpg'}, 'nat': 'RS'}</msg>
<arg>${json_data['results'][0]}</arg>
<doc>Logs the given message with the given level.</doc>
<status status="PASS" start="2024-05-03T13:16:18.752562" elapsed="0.000412"/>
</kw>
<kw name="Log" owner="BuiltIn">
<msg time="2024-05-03T13:16:18.753392" level="INFO">location</msg>
<arg>${key}</arg>
<doc>Logs the given message with the given level.</doc>
<status status="PASS" start="2024-05-03T13:16:18.753267" elapsed="0.000162"/>
</kw>
<var name="${key}">location</var>
<status status="PASS" start="2024-05-03T13:16:18.751720" elapsed="0.001922"/>
</iter>
<iter>
<kw name="Dictionary Should Contain Key" owner="Collections">
<msg time="2024-05-03T13:16:18.754317" level="INFO">False</msg>
<arg>${json_data['results'][0]}</arg>
<arg>${key}</arg>
<doc>Fails if ``key`` is not found from ``dictionary``.</doc>
<status status="PASS" start="2024-05-03T13:16:18.753927" elapsed="0.000433"/>
</kw>
<kw name="Log" owner="BuiltIn">
<msg time="2024-05-03T13:16:18.755072" level="INFO">{'gender': 'male', 'name': {'title': 'Mr', 'first': 'Slavoljub', 'last': 'Ćirković'}, 'location': {'street': {'number': 9240, 'name': 'Komoranska'}, 'city': 'Zaječar', 'state': 'Pomoravlje', 'country': 'Serbia', 'postcode': 80242, 'coordinates': {'latitude': '62.9550', 'longitude': '-3.6854'}, 'timezone': {'offset': '+8:00', 'description': 'Beijing, Perth, Singapore, Hong Kong'}}, 'email': 'slavoljub.cirkovic@example.com', 'login': {'uuid': 'b1de6f9c-2d9a-47e6-abd6-eba5394494ee', 'username': 'ticklishgorilla894', 'password': 'pinnacle', 'salt': 'iZMQD6zi', 'md5': 'c0e21756e84572b808442a42232afa1e', 'sha1': '39df5e19ab8454e6253a3e324a9a4a8cef2e4af4', 'sha256': '7fefd3657debf924ec60a1e997da0aae08dd136c098582ce9895a6f7786272c1'}, 'dob': {'date': '1986-06-14T22:22:57.188Z', 'age': 37}, 'registered': {'date': '2015-09-22T09:17:35.707Z', 'age': 8}, 'phone': '015-2262-993', 'cell': '067-5990-268', 'id': {'name': 'SID', 'value': '497963375'}, 'picture': {'large': 'https://randomuser.me/api/portraits/men/36.jpg', 'medium': 'https://randomuser.me/api/portraits/med/men/36.jpg', 'thumbnail': 'https://randomuser.me/api/portraits/thumb/men/36.jpg'}, 'nat': 'RS'}</msg>
<arg>${json_data['results'][0]}</arg>
<doc>Logs the given message with the given level.</doc>
<status status="PASS" start="2024-05-03T13:16:18.754704" elapsed="0.000419"/>
</kw>
<kw name="Log" owner="BuiltIn">
<msg time="2024-05-03T13:16:18.755548" level="INFO">email</msg>
<arg>${key}</arg>
<doc>Logs the given message with the given level.</doc>
<status status="PASS" start="2024-05-03T13:16:18.755420" elapsed="0.000167"/>
</kw>
<var name="${key}">email</var>
<status status="PASS" start="2024-05-03T13:16:18.753815" elapsed="0.001988"/>
</iter>
<iter>
<kw name="Dictionary Should Contain Key" owner="Collections">
<msg time="2024-05-03T13:16:18.756477" level="INFO">False</msg>
<arg>${json_data['results'][0]}</arg>
<arg>${key}</arg>
<doc>Fails if ``key`` is not found from ``dictionary``.</doc>
<status status="PASS" start="2024-05-03T13:16:18.756092" elapsed="0.000423"/>
</kw>
<kw name="Log" owner="BuiltIn">
<msg time="2024-05-03T13:16:18.757179" level="INFO">{'gender': 'male', 'name': {'title': 'Mr', 'first': 'Slavoljub', 'last': 'Ćirković'}, 'location': {'street': {'number': 9240, 'name': 'Komoranska'}, 'city': 'Zaječar', 'state': 'Pomoravlje', 'country': 'Serbia', 'postcode': 80242, 'coordinates': {'latitude': '62.9550', 'longitude': '-3.6854'}, 'timezone': {'offset': '+8:00', 'description': 'Beijing, Perth, Singapore, Hong Kong'}}, 'email': 'slavoljub.cirkovic@example.com', 'login': {'uuid': 'b1de6f9c-2d9a-47e6-abd6-eba5394494ee', 'username': 'ticklishgorilla894', 'password': 'pinnacle', 'salt': 'iZMQD6zi', 'md5': 'c0e21756e84572b808442a42232afa1e', 'sha1': '39df5e19ab8454e6253a3e324a9a4a8cef2e4af4', 'sha256': '7fefd3657debf924ec60a1e997da0aae08dd136c098582ce9895a6f7786272c1'}, 'dob': {'date': '1986-06-14T22:22:57.188Z', 'age': 37}, 'registered': {'date': '2015-09-22T09:17:35.707Z', 'age': 8}, 'phone': '015-2262-993', 'cell': '067-5990-268', 'id': {'name': 'SID', 'value': '497963375'}, 'picture': {'large': 'https://randomuser.me/api/portraits/men/36.jpg', 'medium': 'https://randomuser.me/api/portraits/med/men/36.jpg', 'thumbnail': 'https://randomuser.me/api/portraits/thumb/men/36.jpg'}, 'nat': 'RS'}</msg>
<arg>${json_data['results'][0]}</arg>
<doc>Logs the given message with the given level.</doc>
<status status="PASS" start="2024-05-03T13:16:18.756809" elapsed="0.000420"/>
</kw>
<kw name="Log" owner="BuiltIn">
<msg time="2024-05-03T13:16:18.757655" level="INFO">login</msg>
<arg>${key}</arg>
<doc>Logs the given message with the given level.</doc>
<status status="PASS" start="2024-05-03T13:16:18.757528" elapsed="0.000173"/>
</kw>
<var name="${key}">login</var>
<status status="PASS" start="2024-05-03T13:16:18.755979" elapsed="0.001987"/>
</iter>
<var>${key}</var>
<value>@{expected_keys}</value>
<status status="PASS" start="2024-05-03T13:16:18.745806" elapsed="0.012286"/>
</for>
<kw name="Create List" owner="BuiltIn">
<msg time="2024-05-03T13:16:18.758429" level="INFO">${expected_keysTwo} = ['username', 'password']</msg>
<var>${expected_keysTwo}</var>
<arg>username</arg>
<arg>password</arg>
<doc>Returns a list containing given items.</doc>
<status status="PASS" start="2024-05-03T13:16:18.758288" elapsed="0.000165"/>
</kw>
<for flavor="IN">
<iter>
<kw name="Dictionary Should Contain Key" owner="Collections">
<msg time="2024-05-03T13:16:18.759396" level="INFO">False</msg>
<arg>${json_data['results'][0]['login']}</arg>
<arg>${keyTwo}</arg>
<doc>Fails if ``key`` is not found from ``dictionary``.</doc>
<status status="PASS" start="2024-05-03T13:16:18.759004" elapsed="0.000429"/>
</kw>
<kw name="Dictionary Should Contain Key" owner="Collections">
<msg time="2024-05-03T13:16:18.760114" level="INFO">False</msg>
<arg>${json_data['results'][0]['login']}</arg>
<arg>${keyTwo}</arg>
<doc>Fails if ``key`` is not found from ``dictionary``.</doc>
<status status="PASS" start="2024-05-03T13:16:18.759727" elapsed="0.000425"/>
</kw>
<kw name="Log" owner="BuiltIn">
<msg time="2024-05-03T13:16:18.760571" level="INFO">username</msg>
<arg>${keyTwo}</arg>
<doc>Logs the given message with the given level.</doc>
<status status="PASS" start="2024-05-03T13:16:18.760446" elapsed="0.000168"/>
</kw>
<var name="${keyTwo}">username</var>
<status status="PASS" start="2024-05-03T13:16:18.758886" elapsed="0.001941"/>
</iter>
<iter>
<kw name="Dictionary Should Contain Key" owner="Collections">
<msg time="2024-05-03T13:16:18.761582" level="INFO">False</msg>
<arg>${json_data['results'][0]['login']}</arg>
<arg>${keyTwo}</arg>
<doc>Fails if ``key`` is not found from ``dictionary``.</doc>
<status status="PASS" start="2024-05-03T13:16:18.761117" elapsed="0.000505"/>
</kw>
<kw name="Dictionary Should Contain Key" owner="Collections">
<msg time="2024-05-03T13:16:18.762295" level="INFO">False</msg>
<arg>${json_data['results'][0]['login']}</arg>
<arg>${keyTwo}</arg>
<doc>Fails if ``key`` is not found from ``dictionary``.</doc>
<status status="PASS" start="2024-05-03T13:16:18.761918" elapsed="0.000414"/>
</kw>
<kw name="Log" owner="BuiltIn">
<msg time="2024-05-03T13:16:18.762785" level="INFO">password</msg>
<arg>${keyTwo}</arg>
<doc>Logs the given message with the given level.</doc>
<status status="PASS" start="2024-05-03T13:16:18.762652" elapsed="0.000170"/>
</kw>
<var name="${keyTwo}">password</var>
<status status="PASS" start="2024-05-03T13:16:18.760998" elapsed="0.002039"/>
</iter>
<var>${keyTwo}</var>
<value>@{expected_keysTwo}</value>
<status status="PASS" start="2024-05-03T13:16:18.758729" elapsed="0.004429"/>
</for>
<status status="PASS" start="2024-05-03T13:16:18.617746" elapsed="0.145556"/>
</kw>
<doc>Testa a estrutura da resposta da API.</doc>
<tag>testeEstruturaResposta</tag>
<status status="PASS" start="2024-05-03T13:16:18.617238" elapsed="0.146224"/>
</test>
<test id="s1-s1-t4" name="Validar tipos de dados" line="28">
<kw name="Teste de Tipos de Dados" owner="random-user-service">
<kw name="GET On Session" owner="RequestsLibrary">
<msg time="2024-05-03T13:16:18.809814" level="INFO">GET Request : url=https://randomuser.me/api 
 path_url=/api 
 headers={'User-Agent': 'python-requests/2.31.0', 'Accept-Encoding': 'gzip, deflate', 'Accept': '*/*', 'Connection': 'keep-alive'} 
 body=None 
 </msg>
<msg time="2024-05-03T13:16:18.809896" level="INFO">GET Response : url=https://randomuser.me/api 
 status=200, reason=OK 
 headers={'Date': 'Fri, 03 May 2024 13:16:18 GMT', 'Content-Type': 'application/json; charset=utf-8', 'Transfer-Encoding': 'chunked', 'Connection': 'keep-alive', 'X-Powered-By': 'Express', 'Access-Control-Allow-Origin': '*', 'Cache-Control': 'no-cache', 'ETag': 'W/"47e-TIQ1jnhhXVdpGvCvqvsix+8zSQU"', 'Vary': 'Accept-Encoding', 'Content-Encoding': 'gzip', 'CF-Cache-Status': 'DYNAMIC', 'Report-To': '{"endpoints":[{"url":"https:\\/\\/a.nel.cloudflare.com\\/report\\/v4?s=x4yXCV0Yr8%2Bf7ABIkyKL%2BbC8X%2B73DNOHCRvnFmDCLH%2BsFWFuoTirgH7no5Xn2xPUyevpyyqWQWYFiDvlttSAXxUUP7a6CbWgJJEHZuV6GYPAbQQBDtnrZCoPW678GetF"}],"group":"cf-nel","max_age":604800}', 'NEL': '{"success_fraction":0,"report_to":"cf-nel","max_age":604800}', 'Server': 'cloudflare', 'CF-RAY': '87e0865959703aff-IAD', 'alt-svc': 'h3=":443"; ma=86400'} 
 body={"results":[{"gender":"male","name":{"title":"Mr","first":"Batur","last":"Tuğlu"},"location":{"street":{"number":107,"name":"Maçka Cd"},"city":"Çanakkale","state":"Aydın","country":"Turkey","postcode":48564,"coordinates":{"latitude":"69.7051","longitude":"-35.4336"},"timezone":{"offset":"+11:00","description":"Magadan, Solomon Islands, New Caledonia"}},"email":"batur.tuglu@example.com","login":{"uuid":"1df0b316-06fa-441f-ba20-0d9a31d79d60","username":"bluebear107","password":"othello","salt":"ax7Nqg0S","md5":"8c47b16272087d6e3a839232ea68b576","sha1":"73403f92d05baab3f8c3edad8fb6fd95825857ae","sha256":"b829a68004d4f84fb1cd943d7467f5c705f9e28e18711e121d08133f2fc49b96"},"dob":{"date":"1993-02-15T23:29:57.389Z","age":31},"registered":{"date":"2014-09-21T08:13:28.046Z","age":9},"phone":"(208)-458-4027","cell":"(250)-086-2847","id":{"name":"","value":null},"picture":{"large":"https://randomuser.me/api/portraits/men/63.jpg","medium":"https://randomuser.me/api/portraits/med/men/63.jpg","thumbnail":"https://randomuser.me/api/portraits/thumb/men/63.jpg"},"nat":"TR"}],"info":{"seed":"c16add7eadc88c04","results":1,"page":1,"version":"1.4"}} 
 </msg>
<msg time="2024-05-03T13:16:18.809975" level="INFO">/opt/hostedtoolcache/Python/3.12.3/x64/lib/python3.12/site-packages/urllib3/connectionpool.py:1103: InsecureRequestWarning: Unverified HTTPS request is being made to host 'randomuser.me'. Adding certificate verification is strongly advised. See: https://urllib3.readthedocs.io/en/latest/advanced-usage.html#tls-warnings
  warnings.warn(</msg>
<msg time="2024-05-03T13:16:18.810081" level="INFO">${response} = &lt;Response [200]&gt;</msg>
<var>${response}</var>
<arg>consultarAPI</arg>
<arg>/api</arg>
<doc>Sends a GET request on a previously created HTTP Session.</doc>
<status status="PASS" start="2024-05-03T13:16:18.765949" elapsed="0.044167"/>
</kw>
<kw name="Set Variable" owner="BuiltIn">
<msg time="2024-05-03T13:16:18.811070" level="INFO">${json_data} = {'results': [{'gender': 'male', 'name': {'title': 'Mr', 'first': 'Batur', 'last': 'Tuğlu'}, 'location': {'street': {'number': 107, 'name': 'Maçka Cd'}, 'city': 'Çanakkale', 'state': 'Aydın', 'country'...</msg>
<var>${json_data}</var>
<arg>${response.json()}</arg>
<doc>Returns the given values which can then be assigned to a variables.</doc>
<status status="PASS" start="2024-05-03T13:16:18.810536" elapsed="0.000565"/>
</kw>
<kw name="Log" owner="BuiltIn">
<msg time="2024-05-03T13:16:18.811567" level="INFO">{'results': [{'gender': 'male', 'name': {'title': 'Mr', 'first': 'Batur', 'last': 'Tuğlu'}, 'location': {'street': {'number': 107, 'name': 'Maçka Cd'}, 'city': 'Çanakkale', 'state': 'Aydın', 'country': 'Turkey', 'postcode': 48564, 'coordinates': {'latitude': '69.7051', 'longitude': '-35.4336'}, 'timezone': {'offset': '+11:00', 'description': 'Magadan, Solomon Islands, New Caledonia'}}, 'email': 'batur.tuglu@example.com', 'login': {'uuid': '1df0b316-06fa-441f-ba20-0d9a31d79d60', 'username': 'bluebear107', 'password': 'othello', 'salt': 'ax7Nqg0S', 'md5': '8c47b16272087d6e3a839232ea68b576', 'sha1': '73403f92d05baab3f8c3edad8fb6fd95825857ae', 'sha256': 'b829a68004d4f84fb1cd943d7467f5c705f9e28e18711e121d08133f2fc49b96'}, 'dob': {'date': '1993-02-15T23:29:57.389Z', 'age': 31}, 'registered': {'date': '2014-09-21T08:13:28.046Z', 'age': 9}, 'phone': '(208)-458-4027', 'cell': '(250)-086-2847', 'id': {'name': '', 'value': None}, 'picture': {'large': 'https://randomuser.me/api/portraits/men/63.jpg', 'medium': 'https://randomuser.me/api/portraits/med/men/63.jpg', 'thumbnail': 'https://randomuser.me/api/portraits/thumb/men/63.jpg'}, 'nat': 'TR'}], 'info': {'seed': 'c16add7eadc88c04', 'results': 1, 'page': 1, 'version': '1.4'}}</msg>
<arg>${json_data}</arg>
<doc>Logs the given message with the given level.</doc>
<status status="PASS" start="2024-05-03T13:16:18.811408" elapsed="0.000244"/>
</kw>
<kw name="Should Be String" owner="String">
<arg>${json_data['results'][0]['gender']}</arg>
<doc>Fails if the given ``item`` is not a string.</doc>
<status status="PASS" start="2024-05-03T13:16:18.811954" elapsed="0.000372"/>
</kw>
<kw name="Should Match Regexp" owner="BuiltIn">
<arg>${json_data['results'][0]['email']}</arg>
<arg>^[a-zA-Z0-9._%+-]+@[a-zA-Z0-9.-]+\.[a-zA-Z]{2,}$</arg>
<doc>Fails if ``string`` does not match ``pattern`` as a regular expression.</doc>
<status status="PASS" start="2024-05-03T13:16:18.812520" elapsed="0.000515"/>
</kw>
<kw name="Should Match Regexp" owner="BuiltIn">
<arg>${json_data['results'][0]['dob']['date']}</arg>
<arg>\\d{4}-\\d{2}-\\d{2}T\\d{2}:\\d{2}:\\d{2}\\.\\d{3}Z</arg>
<doc>Fails if ``string`` does not match ``pattern`` as a regular expression.</doc>
<status status="PASS" start="2024-05-03T13:16:18.813229" elapsed="0.000492"/>
</kw>
<kw name="Should Match Regexp" owner="BuiltIn">
<arg>${json_data['results'][0]['registered']['date']}</arg>
<arg>\\d{4}-\\d{2}-\\d{2}T\\d{2}:\\d{2}:\\d{2}\\.\\d{3}Z</arg>
<doc>Fails if ``string`` does not match ``pattern`` as a regular expression.</doc>
<status status="PASS" start="2024-05-03T13:16:18.813911" elapsed="0.000374"/>
</kw>
<kw name="Should Match Regexp" owner="BuiltIn">
<arg>${json_data['results'][0]['picture']['large']}</arg>
<arg>^https?://.*\.(?:png|jpe?g|gif|bmp)$</arg>
<doc>Fails if ``string`` does not match ``pattern`` as a regular expression.</doc>
<status status="PASS" start="2024-05-03T13:16:18.814475" elapsed="0.000493"/>
</kw>
<kw name="Should Match Regexp" owner="BuiltIn">
<arg>${json_data['results'][0]['picture']['medium']}</arg>
<arg>^https?://.*\.(?:png|jpe?g|gif|bmp)$</arg>
<doc>Fails if ``string`` does not match ``pattern`` as a regular expression.</doc>
<status status="PASS" start="2024-05-03T13:16:18.815158" elapsed="0.000360"/>
</kw>
<kw name="Should Match Regexp" owner="BuiltIn">
<arg>${json_data['results'][0]['picture']['thumbnail']}</arg>
<arg>^https?://.*\.(?:png|jpe?g|gif|bmp)$</arg>
<doc>Fails if ``string`` does not match ``pattern`` as a regular expression.</doc>
<status status="PASS" start="2024-05-03T13:16:18.815705" elapsed="0.000355"/>
</kw>
<kw name="Log" owner="BuiltIn">
<msg time="2024-05-03T13:16:18.816561" level="INFO">{'large': 'https://randomuser.me/api/portraits/men/63.jpg', 'medium': 'https://randomuser.me/api/portraits/med/men/63.jpg', 'thumbnail': 'https://randomuser.me/api/portraits/thumb/men/63.jpg'}</msg>
<arg>${json_data['results'][0]['picture']}</arg>
<doc>Logs the given message with the given level.</doc>
<status status="PASS" start="2024-05-03T13:16:18.816239" elapsed="0.000378"/>
</kw>
<status status="PASS" start="2024-05-03T13:16:18.765720" elapsed="0.051170"/>
</kw>
<kw name="Teste de Tipos de Dados - Postcode" owner="random-user-service">
<kw name="GET On Session" owner="RequestsLibrary">
<msg time="2024-05-03T13:16:18.913176" level="INFO">GET Request : url=https://randomuser.me/api 
 path_url=/api 
 headers={'User-Agent': 'python-requests/2.31.0', 'Accept-Encoding': 'gzip, deflate', 'Accept': '*/*', 'Connection': 'keep-alive'} 
 body=None 
 </msg>
<msg time="2024-05-03T13:16:18.913288" level="INFO">GET Response : url=https://randomuser.me/api 
 status=200, reason=OK 
 headers={'Date': 'Fri, 03 May 2024 13:16:18 GMT', 'Content-Type': 'application/json; charset=utf-8', 'Transfer-Encoding': 'chunked', 'Connection': 'keep-alive', 'X-Powered-By': 'Express', 'Access-Control-Allow-Origin': '*', 'Cache-Control': 'no-cache', 'ETag': 'W/"482-e0rFja9oPuHLM2ahXOIdvrFlFIg"', 'Vary': 'Accept-Encoding', 'Content-Encoding': 'gzip', 'CF-Cache-Status': 'DYNAMIC', 'Report-To': '{"endpoints":[{"url":"https:\\/\\/a.nel.cloudflare.com\\/report\\/v4?s=aX044JzTR47mI3eHaQjKuNnhPgiIuAHVkWDw4UwpylHBaNqvlmc6ZW8OwE074yXSPnTx39dKV0maKrXBNXU5bKLB%2FOJFbU9wgkbUxLqP98XIlUeB3XsTqZfzM%2BRQ9D73"}],"group":"cf-nel","max_age":604800}', 'NEL': '{"success_fraction":0,"report_to":"cf-nel","max_age":604800}', 'Server': 'cloudflare', 'CF-RAY': '87e08659a9b33aff-IAD', 'alt-svc': 'h3=":443"; ma=86400'} 
 body={"results":[{"gender":"male","name":{"title":"Mr","first":"Falan","last":"Chiplunkar"},"location":{"street":{"number":6596,"name":"Rani No Hajiro"},"city":"Ahmedabad","state":"Nagaland","country":"India","postcode":76752,"coordinates":{"latitude":"6.6473","longitude":"-92.6187"},"timezone":{"offset":"+2:00","description":"Kaliningrad, South Africa"}},"email":"falan.chiplunkar@example.com","login":{"uuid":"538ab0bb-dc8d-4e88-81b8-281ce8b86850","username":"redlion237","password":"alien","salt":"2VI35FGW","md5":"1d04370deac721fa28195af71513bdb7","sha1":"d5d901f3ec443f813c9b2db83081a809b4479563","sha256":"0ab7b3c8df77296c891a11839067ed5ed46a4120e9814d08ecf63d52a8fc188f"},"dob":{"date":"1975-07-15T17:17:47.997Z","age":48},"registered":{"date":"2004-06-11T01:08:53.696Z","age":19},"phone":"9575353036","cell":"8169848933","id":{"name":"UIDAI","value":"547895319217"},"picture":{"large":"https://randomuser.me/api/portraits/men/78.jpg","medium":"https://randomuser.me/api/portraits/med/men/78.jpg","thumbnail":"https://randomuser.me/api/portraits/thumb/men/78.jpg"},"nat":"IN"}],"info":{"seed":"7b92a16ac8169ccf","results":1,"page":1,"version":"1.4"}} 
 </msg>
<msg time="2024-05-03T13:16:18.913377" level="INFO">/opt/hostedtoolcache/Python/3.12.3/x64/lib/python3.12/site-packages/urllib3/connectionpool.py:1103: InsecureRequestWarning: Unverified HTTPS request is being made to host 'randomuser.me'. Adding certificate verification is strongly advised. See: https://urllib3.readthedocs.io/en/latest/advanced-usage.html#tls-warnings
  warnings.warn(</msg>
<msg time="2024-05-03T13:16:18.913507" level="INFO">${response} = &lt;Response [200]&gt;</msg>
<var>${response}</var>
<arg>consultarAPI</arg>
<arg>/api</arg>
<doc>Sends a GET request on a previously created HTTP Session.</doc>
<status status="PASS" start="2024-05-03T13:16:18.817394" elapsed="0.096144"/>
</kw>
<kw name="Set Variable" owner="BuiltIn">
<msg time="2024-05-03T13:16:18.914709" level="INFO">${json_data} = {'results': [{'gender': 'male', 'name': {'title': 'Mr', 'first': 'Falan', 'last': 'Chiplunkar'}, 'location': {'street': {'number': 6596, 'name': 'Rani No Hajiro'}, 'city': 'Ahmedabad', 'state': 'Nagal...</msg>
<var>${json_data}</var>
<arg>${response.json()}</arg>
<doc>Returns the given values which can then be assigned to a variables.</doc>
<status status="PASS" start="2024-05-03T13:16:18.914082" elapsed="0.000659"/>
</kw>
<kw name="Log" owner="BuiltIn">
<msg time="2024-05-03T13:16:18.915311" level="INFO">{'results': [{'gender': 'male', 'name': {'title': 'Mr', 'first': 'Falan', 'last': 'Chiplunkar'}, 'location': {'street': {'number': 6596, 'name': 'Rani No Hajiro'}, 'city': 'Ahmedabad', 'state': 'Nagaland', 'country': 'India', 'postcode': 76752, 'coordinates': {'latitude': '6.6473', 'longitude': '-92.6187'}, 'timezone': {'offset': '+2:00', 'description': 'Kaliningrad, South Africa'}}, 'email': 'falan.chiplunkar@example.com', 'login': {'uuid': '538ab0bb-dc8d-4e88-81b8-281ce8b86850', 'username': 'redlion237', 'password': 'alien', 'salt': '2VI35FGW', 'md5': '1d04370deac721fa28195af71513bdb7', 'sha1': 'd5d901f3ec443f813c9b2db83081a809b4479563', 'sha256': '0ab7b3c8df77296c891a11839067ed5ed46a4120e9814d08ecf63d52a8fc188f'}, 'dob': {'date': '1975-07-15T17:17:47.997Z', 'age': 48}, 'registered': {'date': '2004-06-11T01:08:53.696Z', 'age': 19}, 'phone': '9575353036', 'cell': '8169848933', 'id': {'name': 'UIDAI', 'value': '547895319217'}, 'picture': {'large': 'https://randomuser.me/api/portraits/men/78.jpg', 'medium': 'https://randomuser.me/api/portraits/med/men/78.jpg', 'thumbnail': 'https://randomuser.me/api/portraits/thumb/men/78.jpg'}, 'nat': 'IN'}], 'info': {'seed': '7b92a16ac8169ccf', 'results': 1, 'page': 1, 'version': '1.4'}}</msg>
<arg>${json_data}</arg>
<doc>Logs the given message with the given level.</doc>
<status status="PASS" start="2024-05-03T13:16:18.915136" elapsed="0.000261"/>
</kw>
<kw name="Should Be Equal As Numbers" owner="BuiltIn">
<arg>${json_data['results'][0]['location']['postcode']}</arg>
<arg>${json_data['results'][0]['location']['postcode']}</arg>
<doc>Fails if objects are unequal after converting them to real numbers.</doc>
<status status="PASS" start="2024-05-03T13:16:18.915906" elapsed="0.000644"/>
</kw>
<kw name="Log" owner="BuiltIn">
<msg time="2024-05-03T13:16:18.917089" level="INFO">76752</msg>
<arg>${json_data['results'][0]['location']['postcode']}</arg>
<doc>Logs the given message with the given level.</doc>
<status status="PASS" start="2024-05-03T13:16:18.916747" elapsed="0.000381"/>
</kw>
<status status="PASS" start="2024-05-03T13:16:18.817144" elapsed="0.100245"/>
</kw>
<doc>Testa se os tipos de dados na resposta da API estão corretos.</doc>
<tag>testeTiposDados</tag>
<status status="PASS" start="2024-05-03T13:16:18.765263" elapsed="0.152299"/>
</test>
<test id="s1-s1-t5" name="Validar conteudo" line="35">
<kw name="Teste de Tipos de Conteudo" owner="random-user-service">
<kw name="GET On Session" owner="RequestsLibrary">
<msg time="2024-05-03T13:16:19.017567" level="INFO">GET Request : url=https://randomuser.me/api 
 path_url=/api 
 headers={'User-Agent': 'python-requests/2.31.0', 'Accept-Encoding': 'gzip, deflate', 'Accept': '*/*', 'Connection': 'keep-alive'} 
 body=None 
 </msg>
<msg time="2024-05-03T13:16:19.017672" level="INFO">GET Response : url=https://randomuser.me/api 
 status=200, reason=OK 
 headers={'Date': 'Fri, 03 May 2024 13:16:19 GMT', 'Content-Type': 'application/json; charset=utf-8', 'Transfer-Encoding': 'chunked', 'Connection': 'keep-alive', 'X-Powered-By': 'Express', 'Access-Control-Allow-Origin': '*', 'Cache-Control': 'no-cache', 'ETag': 'W/"4a3-2/eZKxRz8KTL6a3I7t1fLTTpEe0"', 'Vary': 'Accept-Encoding', 'Content-Encoding': 'gzip', 'CF-Cache-Status': 'DYNAMIC', 'Report-To': '{"endpoints":[{"url":"https:\\/\\/a.nel.cloudflare.com\\/report\\/v4?s=PsjXxf8ZFkELpodSD6qDLQsdyzmS%2BrVJWhbGaURniVm9qIPvzKWnnY84Q3z%2FaLPeUg%2Fox2u6cYEDnxQUIRljIZOyWxxsN%2FeMYy2nIdCyJ4G4405k%2FPl9uQnZHmmbrBWy"}],"group":"cf-nel","max_age":604800}', 'NEL': '{"success_fraction":0,"report_to":"cf-nel","max_age":604800}', 'Server': 'cloudflare', 'CF-RAY': '87e0865a4a5d3aff-IAD', 'alt-svc': 'h3=":443"; ma=86400'} 
 body={"results":[{"gender":"female","name":{"title":"Mrs","first":"Emmi","last":"Niskanen"},"location":{"street":{"number":4627,"name":"Fredrikinkatu"},"city":"Sodankylä","state":"Finland Proper","country":"Finland","postcode":22866,"coordinates":{"latitude":"-23.2584","longitude":"89.4965"},"timezone":{"offset":"+9:00","description":"Tokyo, Seoul, Osaka, Sapporo, Yakutsk"}},"email":"emmi.niskanen@example.com","login":{"uuid":"4a9e71c2-2b00-4bf6-b487-57de0eeb4af0","username":"heavygoose547","password":"kisskiss","salt":"RacR0AEs","md5":"54e67ffc4fe6c4f138ef01052a1842fb","sha1":"96163f4c341859d87eb9df1167d9f80388d739ee","sha256":"7ee6a8f60a43c2e1dd2f94fc1ef0a2d39fc20216690b3d2539c1718b1562d74a"},"dob":{"date":"1990-11-09T04:37:56.545Z","age":33},"registered":{"date":"2020-09-21T15:38:54.947Z","age":3},"phone":"09-862-690","cell":"041-418-87-08","id":{"name":"HETU","value":"NaNNA304undefined"},"picture":{"large":"https://randomuser.me/api/portraits/women/4.jpg","medium":"https://randomuser.me/api/portraits/med/women/4.jpg","thumbnail":"https://randomuser.me/api/portraits/thumb/women/4.jpg"},"nat":"FI"}],"info":{"seed":"d479be837766df3a","results":1,"page":1,"version":"1.4"}} 
 </msg>
<msg time="2024-05-03T13:16:19.017751" level="INFO">/opt/hostedtoolcache/Python/3.12.3/x64/lib/python3.12/site-packages/urllib3/connectionpool.py:1103: InsecureRequestWarning: Unverified HTTPS request is being made to host 'randomuser.me'. Adding certificate verification is strongly advised. See: https://urllib3.readthedocs.io/en/latest/advanced-usage.html#tls-warnings
  warnings.warn(</msg>
<msg time="2024-05-03T13:16:19.017869" level="INFO">${response} = &lt;Response [200]&gt;</msg>
<var>${response}</var>
<arg>consultarAPI</arg>
<arg>/api</arg>
<doc>Sends a GET request on a previously created HTTP Session.</doc>
<status status="PASS" start="2024-05-03T13:16:18.920596" elapsed="0.097315"/>
</kw>
<kw name="Set Variable" owner="BuiltIn">
<msg time="2024-05-03T13:16:19.019211" level="INFO">${json_data} = {'results': [{'gender': 'female', 'name': {'title': 'Mrs', 'first': 'Emmi', 'last': 'Niskanen'}, 'location': {'street': {'number': 4627, 'name': 'Fredrikinkatu'}, 'city': 'Sodankylä', 'state': 'Finlan...</msg>
<var>${json_data}</var>
<arg>${response.json()}</arg>
<doc>Returns the given values which can then be assigned to a variables.</doc>
<status status="PASS" start="2024-05-03T13:16:19.018590" elapsed="0.000651"/>
</kw>
<kw name="Set Variable" owner="BuiltIn">
<msg time="2024-05-03T13:16:19.020006" level="INFO">${name_title} = Mrs</msg>
<var>${name_title}</var>
<arg>${json_data["results"][0]["name"]["title"]}</arg>
<doc>Returns the given values which can then be assigned to a variables.</doc>
<status status="PASS" start="2024-05-03T13:16:19.019592" elapsed="0.000441"/>
</kw>
<kw name="Create List" owner="BuiltIn">
<msg time="2024-05-03T13:16:19.020508" level="INFO">${allowed_titles} = ['Mr', 'Ms', 'Miss', 'Mrs', 'Madame', 'Monsieur']</msg>
<var>${allowed_titles}</var>
<arg>Mr</arg>
<arg>Ms</arg>
<arg>Miss</arg>
<arg>Mrs</arg>
<arg>Madame</arg>
<arg>Monsieur</arg>
<doc>Returns a list containing given items.</doc>
<status status="PASS" start="2024-05-03T13:16:19.020352" elapsed="0.000181"/>
</kw>
<kw name="List Should Contain Value" owner="Collections">
<msg time="2024-05-03T13:16:19.021027" level="INFO">False</msg>
<arg>${allowed_titles}</arg>
<arg>${name_title}</arg>
<doc>Fails if the ``value`` is not found from ``list``.</doc>
<status status="PASS" start="2024-05-03T13:16:19.020845" elapsed="0.000220"/>
</kw>
<kw name="Set Variable" owner="BuiltIn">
<msg time="2024-05-03T13:16:19.021764" level="INFO">${name_country} = FI</msg>
<var>${name_country}</var>
<arg>${json_data["results"][0]["nat"]}</arg>
<doc>Returns the given values which can then be assigned to a variables.</doc>
<status status="PASS" start="2024-05-03T13:16:19.021368" elapsed="0.000422"/>
</kw>
<kw name="Create List" owner="BuiltIn">
<msg time="2024-05-03T13:16:19.022722" level="INFO">${list_country} = ['AD', 'AE', 'AF', 'AG', 'AI', 'AL', 'AM', 'AO', 'AQ', 'AR', 'AS', 'AT', 'AU', 'AW', 'AX', 'AZ', 'BA', 'BB', 'BD', 'BE', 'BF', 'BG', 'BH', 'BI', 'BJ', 'BL', 'BM', 'BN', 'BO', 'BQ', 'BR', 'BS', 'BT', '...</msg>
<var>${list_country}</var>
<arg>AD</arg>
<arg>AE</arg>
<arg>AF</arg>
<arg>AG</arg>
<arg>AI</arg>
<arg>AL</arg>
<arg>AM</arg>
<arg>AO</arg>
<arg>AQ</arg>
<arg>AR</arg>
<arg>AS</arg>
<arg>AT</arg>
<arg>AU</arg>
<arg>AW</arg>
<arg>AX</arg>
<arg>AZ</arg>
<arg>BA</arg>
<arg>BB</arg>
<arg>BD</arg>
<arg>BE</arg>
<arg>BF</arg>
<arg>BG</arg>
<arg>BH</arg>
<arg>BI</arg>
<arg>BJ</arg>
<arg>BL</arg>
<arg>BM</arg>
<arg>BN</arg>
<arg>BO</arg>
<arg>BQ</arg>
<arg>BR</arg>
<arg>BS</arg>
<arg>BT</arg>
<arg>BV</arg>
<arg>BW</arg>
<arg>BY</arg>
<arg>BZ</arg>
<arg>CA</arg>
<arg>CC</arg>
<arg>CD</arg>
<arg>CF</arg>
<arg>CG</arg>
<arg>CH</arg>
<arg>CI</arg>
<arg>CK</arg>
<arg>CL</arg>
<arg>CM</arg>
<arg>CN</arg>
<arg>CO</arg>
<arg>CR</arg>
<arg>CU</arg>
<arg>CV</arg>
<arg>CW</arg>
<arg>CX</arg>
<arg>CY</arg>
<arg>CZ</arg>
<arg>DE</arg>
<arg>DJ</arg>
<arg>DK</arg>
<arg>DM</arg>
<arg>DO</arg>
<arg>DZ</arg>
<arg>EC</arg>
<arg>EE</arg>
<arg>EG</arg>
<arg>EH</arg>
<arg>ER</arg>
<arg>ES</arg>
<arg>ET</arg>
<arg>FI</arg>
<arg>FJ</arg>
<arg>FK</arg>
<arg>FM</arg>
<arg>FO</arg>
<arg>FR</arg>
<arg>GA</arg>
<arg>GB</arg>
<arg>GD</arg>
<arg>GE</arg>
<arg>GF</arg>
<arg>GG</arg>
<arg>GH</arg>
<arg>GI</arg>
<arg>GL</arg>
<arg>GM</arg>
<arg>GN</arg>
<arg>GP</arg>
<arg>GQ</arg>
<arg>GR</arg>
<arg>GS</arg>
<arg>GT</arg>
<arg>GU</arg>
<arg>GW</arg>
<arg>GY</arg>
<arg>HK</arg>
<arg>HM</arg>
<arg>HN</arg>
<arg>HR</arg>
<arg>HT</arg>
<arg>HU</arg>
<arg>ID</arg>
<arg>IE</arg>
<arg>IL</arg>
<arg>IM</arg>
<arg>IN</arg>
<arg>IO</arg>
<arg>IQ</arg>
<arg>IR</arg>
<arg>IS</arg>
<arg>IT</arg>
<arg>JE</arg>
<arg>JM</arg>
<arg>JO</arg>
<arg>JP</arg>
<arg>KE</arg>
<arg>KG</arg>
<arg>KH</arg>
<arg>KI</arg>
<arg>KM</arg>
<arg>KN</arg>
<arg>KP</arg>
<arg>KR</arg>
<arg>KW</arg>
<arg>KY</arg>
<arg>KZ</arg>
<arg>LA</arg>
<arg>LB</arg>
<arg>LC</arg>
<arg>LI</arg>
<arg>LK</arg>
<arg>LR</arg>
<arg>LS</arg>
<arg>LT</arg>
<arg>LU</arg>
<arg>LV</arg>
<arg>LY</arg>
<arg>MA</arg>
<arg>MC</arg>
<arg>MD</arg>
<arg>ME</arg>
<arg>MF</arg>
<arg>MG</arg>
<arg>MH</arg>
<arg>MK</arg>
<arg>ML</arg>
<arg>MM</arg>
<arg>MN</arg>
<arg>MO</arg>
<arg>MP</arg>
<arg>MQ</arg>
<arg>MR</arg>
<arg>MS</arg>
<arg>MT</arg>
<arg>MU</arg>
<arg>MV</arg>
<arg>MW</arg>
<arg>MX</arg>
<arg>MY</arg>
<arg>MZ</arg>
<arg>NA</arg>
<arg>NC</arg>
<arg>NE</arg>
<arg>NF</arg>
<arg>NG</arg>
<arg>NI</arg>
<arg>NL</arg>
<arg>NO</arg>
<arg>NP</arg>
<arg>NR</arg>
<arg>NU</arg>
<arg>NZ</arg>
<arg>OM</arg>
<arg>PA</arg>
<arg>PE</arg>
<arg>PF</arg>
<arg>PG</arg>
<arg>PH</arg>
<arg>PK</arg>
<arg>PL</arg>
<arg>PM</arg>
<arg>PN</arg>
<arg>PR</arg>
<arg>PS</arg>
<arg>PT</arg>
<arg>PW</arg>
<arg>PY</arg>
<arg>QA</arg>
<arg>RE</arg>
<arg>RO</arg>
<arg>RS</arg>
<arg>RU</arg>
<arg>RW</arg>
<arg>SA</arg>
<arg>SB</arg>
<arg>SC</arg>
<arg>SD</arg>
<arg>SE</arg>
<arg>SG</arg>
<arg>SH</arg>
<arg>SI</arg>
<arg>SJ</arg>
<arg>SK</arg>
<arg>SL</arg>
<arg>SM</arg>
<arg>SN</arg>
<arg>SO</arg>
<arg>SR</arg>
<arg>SS</arg>
<arg>ST</arg>
<arg>SV</arg>
<arg>SX</arg>
<arg>SY</arg>
<arg>SZ</arg>
<arg>TC</arg>
<arg>TD</arg>
<arg>TF</arg>
<arg>TG</arg>
<arg>TH</arg>
<arg>TJ</arg>
<arg>TK</arg>
<arg>TL</arg>
<arg>TM</arg>
<arg>TN</arg>
<arg>TO</arg>
<arg>TR</arg>
<arg>TT</arg>
<arg>TV</arg>
<arg>TW</arg>
<arg>TZ</arg>
<arg>UA</arg>
<arg>UG</arg>
<arg>UM</arg>
<arg>US</arg>
<arg>UY</arg>
<arg>UZ</arg>
<arg>VA</arg>
<arg>VC</arg>
<arg>VE</arg>
<arg>VG</arg>
<arg>VI</arg>
<arg>VN</arg>
<arg>VU</arg>
<arg>WF</arg>
<arg>WS</arg>
<arg>XK</arg>
<arg>YE</arg>
<arg>YT</arg>
<arg>ZA</arg>
<arg>ZM</arg>
<arg>ZW</arg>
<doc>Returns a list containing given items.</doc>
<status status="PASS" start="2024-05-03T13:16:19.022098" elapsed="0.000652"/>
</kw>
<kw name="List Should Contain Value" owner="Collections">
<msg time="2024-05-03T13:16:19.023763" level="INFO">False</msg>
<arg>${list_country}</arg>
<arg>${name_country}</arg>
<doc>Fails if the ``value`` is not found from ``list``.</doc>
<status status="PASS" start="2024-05-03T13:16:19.023557" elapsed="0.000244"/>
</kw>
<kw name="Run Keyword If" owner="BuiltIn">
<kw name="Should Be True" owner="BuiltIn">
<arg>${True}</arg>
<doc>Fails if the given condition is not true.</doc>
<status status="PASS" start="2024-05-03T13:16:19.024890" elapsed="0.000264"/>
</kw>
<arg>${json_data["results"][0]["location"]["coordinates"]["latitude"]} &gt;= -90 and ${json_data["results"][0]["location"]["coordinates"]["latitude"]} &lt;= 90</arg>
<arg>Should Be True</arg>
<arg>${True}</arg>
<doc>Runs the given keyword with the given arguments, if ``condition`` is true.</doc>
<status status="PASS" start="2024-05-03T13:16:19.024116" elapsed="0.001171"/>
</kw>
<kw name="Run Keyword If" owner="BuiltIn">
<kw name="Should Be True" owner="BuiltIn">
<arg>${True}</arg>
<doc>Fails if the given condition is not true.</doc>
<status status="PASS" start="2024-05-03T13:16:19.026189" elapsed="0.000139"/>
</kw>
<arg>${json_data["results"][0]["location"]["coordinates"]["longitude"]} &gt;= -180 and ${json_data["results"][0]["location"]["coordinates"]["longitude"]} &lt;= 180</arg>
<arg>Should Be True</arg>
<arg>${True}</arg>
<doc>Runs the given keyword with the given arguments, if ``condition`` is true.</doc>
<status status="PASS" start="2024-05-03T13:16:19.025478" elapsed="0.000973"/>
</kw>
<status status="PASS" start="2024-05-03T13:16:18.920207" elapsed="0.106403"/>
</kw>
<doc>Testa o conteúdo específico dos campos retornados pela API.</doc>
<tag>testeConteudo</tag>
<status status="PASS" start="2024-05-03T13:16:18.919486" elapsed="0.107292"/>
</test>
<status status="PASS" start="2024-05-03T13:16:18.213566" elapsed="0.815252"/>
</suite>
<status status="PASS" start="2024-05-03T13:16:18.199979" elapsed="0.834085"/>
</suite>
<statistics>
<total>
<stat pass="5" fail="0" skip="0">All Tests</stat>
</total>
<tag>
<stat pass="1" fail="0" skip="0">testeConteudo</stat>
<stat pass="1" fail="0" skip="0">testeEstruturaResposta</stat>
<stat pass="1" fail="0" skip="0">testeRequisicaoBasica</stat>
<stat pass="1" fail="0" skip="0">testeTiposDados</stat>
</tag>
<suite>
<stat pass="5" fail="0" skip="0" id="s1" name="Tests">Tests</stat>
<stat pass="5" fail="0" skip="0" id="s1-s1" name="Random-User-Test">Tests.Random-User-Test</stat>
</suite>
</statistics>
<errors>
</errors>
</robot>
