<?xml version="1.0" encoding="UTF-8"?>
<robot generator="Robot 7.0 (Python 3.12.3 on linux)" generated="2024-05-03T14:13:51.398564" rpa="false" schemaversion="5">
<suite id="s1" name="Tests" source="/home/runner/work/DesafioQAItauRogerioJordao/DesafioQAItauRogerioJordao/RamdonUser/tests">
<suite id="s1-s1" name="Random-User-Test" source="/home/runner/work/DesafioQAItauRogerioJordao/DesafioQAItauRogerioJordao/RamdonUser/tests/random-user-test.robot">
<test id="s1-s1-t1" name="Conectar" line="13">
<kw name="Conectar API" owner="random-user-service">
<kw name="Create Session" owner="RequestsLibrary">
<msg time="2024-05-03T14:13:51.805388" level="INFO">Creating Session using : alias=consultarAPI, url=https://randomuser.me/, headers={},                     cookies={}, auth=None, timeout=None, proxies=None, verify=False,                     debug=0 </msg>
<arg>consultarAPI</arg>
<arg>${URL}</arg>
<doc>Create Session: create a HTTP session to a server</doc>
<status status="PASS" start="2024-05-03T14:13:51.805170" elapsed="0.000430"/>
</kw>
<status status="PASS" start="2024-05-03T14:13:51.804141" elapsed="0.001941"/>
</kw>
<status status="PASS" start="2024-05-03T14:13:51.803442" elapsed="0.002849"/>
</test>
<test id="s1-s1-t2" name="Validar retorno 200 e JSON Válido" line="16">
<kw name="Teste de Requisicao Basica" owner="random-user-service">
<kw name="GET On Session" owner="RequestsLibrary">
<msg time="2024-05-03T14:13:51.891769" level="INFO">GET Request : url=https://randomuser.me/api 
 path_url=/api 
 headers={'User-Agent': 'python-requests/2.31.0', 'Accept-Encoding': 'gzip, deflate', 'Accept': '*/*', 'Connection': 'keep-alive'} 
 body=None 
 </msg>
<msg time="2024-05-03T14:13:51.891946" level="INFO">GET Response : url=https://randomuser.me/api 
 status=200, reason=OK 
 headers={'Date': 'Fri, 03 May 2024 14:13:51 GMT', 'Content-Type': 'application/json; charset=utf-8', 'Transfer-Encoding': 'chunked', 'Connection': 'keep-alive', 'X-Powered-By': 'Express', 'Access-Control-Allow-Origin': '*', 'Cache-Control': 'no-cache', 'ETag': 'W/"498-/aKa9Xo8arf5dkZc/OSQFimR4aA"', 'Vary': 'Accept-Encoding', 'Content-Encoding': 'gzip', 'CF-Cache-Status': 'DYNAMIC', 'Report-To': '{"endpoints":[{"url":"https:\\/\\/a.nel.cloudflare.com\\/report\\/v4?s=UsRJjZkaP7UAGlt3yNBW4y8COfIUXWogjTlpCkcQsYfLfy5vd%2FNsaAUBhJMWAinESL09mdo94XfvkkXkoIQGLXfJ7Qn7NDDqf%2FFAa6K0SS1vbALeWCS%2BnXc43paQYCqf"}],"group":"cf-nel","max_age":604800}', 'NEL': '{"success_fraction":0,"report_to":"cf-nel","max_age":604800}', 'Server': 'cloudflare', 'CF-RAY': '87e0daa708f22cb9-ORD', 'alt-svc': 'h3=":443"; ma=86400'} 
 body={"results":[{"gender":"male","name":{"title":"Mr","first":"كيان","last":"كامياران"},"location":{"street":{"number":6415,"name":"میدان دکتر فاطمی / جهاد"},"city":"یزد","state":"خوزستان","country":"Iran","postcode":14006,"coordinates":{"latitude":"21.1723","longitude":"-19.9660"},"timezone":{"offset":"+7:00","description":"Bangkok, Hanoi, Jakarta"}},"email":"kyn.kmyrn@example.com","login":{"uuid":"a8cabf50-c642-4ee9-9b82-7b2935488e37","username":"lazydog505","password":"player1","salt":"UArk35L2","md5":"bd4725df44a1e4a2b57828069d342e1a","sha1":"d4dcd926e502b36755c59be60a86f90a9bf5a6f2","sha256":"093372ebb9bd7cf872ceb7c5ab4a1457ad0d244ab6e9baa0ea4cfbd96c58c112"},"dob":{"date":"1984-09-17T17:34:58.909Z","age":39},"registered":{"date":"2004-11-17T19:34:59.942Z","age":19},"phone":"023-25592442","cell":"0923-783-5733","id":{"name":"","value":null},"picture":{"large":"https://randomuser.me/api/portraits/men/59.jpg","medium":"https://randomuser.me/api/portraits/med/men/59.jpg","thumbnail":"https://randomuser.me/api/portraits/thumb/men/59.jpg"},"nat":"IR"}],"info":{"seed":"d608f3e6ad1c8b63","results":1,"page":1,"version":"1.4"}} 
 </msg>
<msg time="2024-05-03T14:13:51.892037" level="INFO">/opt/hostedtoolcache/Python/3.12.3/x64/lib/python3.12/site-packages/urllib3/connectionpool.py:1103: InsecureRequestWarning: Unverified HTTPS request is being made to host 'randomuser.me'. Adding certificate verification is strongly advised. See: https://urllib3.readthedocs.io/en/latest/advanced-usage.html#tls-warnings
  warnings.warn(</msg>
<msg time="2024-05-03T14:13:51.892196" level="INFO">${response} = &lt;Response [200]&gt;</msg>
<var>${response}</var>
<arg>consultarAPI</arg>
<arg>/api</arg>
<doc>Sends a GET request on a previously created HTTP Session.</doc>
<status status="PASS" start="2024-05-03T14:13:51.809267" elapsed="0.082972"/>
</kw>
<kw name="Should Be Equal As Numbers" owner="BuiltIn">
<msg time="2024-05-03T14:13:51.893502" level="INFO">Argument types are:
&lt;class 'int'&gt;
&lt;class 'str'&gt;</msg>
<arg>${response.status_code}</arg>
<arg>200</arg>
<doc>Fails if objects are unequal after converting them to real numbers.</doc>
<status status="PASS" start="2024-05-03T14:13:51.892941" elapsed="0.000629"/>
</kw>
<kw name="Log" owner="BuiltIn">
<msg time="2024-05-03T14:13:51.894346" level="INFO">200</msg>
<arg>${response.status_code}</arg>
<doc>Logs the given message with the given level.</doc>
<status status="PASS" start="2024-05-03T14:13:51.893981" elapsed="0.000408"/>
</kw>
<kw name="Set Variable" owner="BuiltIn">
<msg time="2024-05-03T14:13:51.895150" level="INFO">${json_data} = {'results': [{'gender': 'male', 'name': {'title': 'Mr', 'first': 'كيان', 'last': 'كامياران'}, 'location': {'street': {'number': 6415, 'name': 'میدان دکتر فاطمی / جهاد'}, 'city': 'یزد', 'state': 'خوزست...</msg>
<var>${json_data}</var>
<arg>${response.json()}</arg>
<doc>Returns the given values which can then be assigned to a variables.</doc>
<status status="PASS" start="2024-05-03T14:13:51.894698" elapsed="0.000482"/>
</kw>
<kw name="Dictionary Should Contain Key" owner="Collections">
<msg time="2024-05-03T14:13:51.895657" level="INFO">False</msg>
<arg>${json_data}</arg>
<arg>results</arg>
<doc>Fails if ``key`` is not found from ``dictionary``.</doc>
<status status="PASS" start="2024-05-03T14:13:51.895483" elapsed="0.000217"/>
</kw>
<status status="PASS" start="2024-05-03T14:13:51.808960" elapsed="0.087001"/>
</kw>
<doc>Testa se a API responde corretamente e retorna um objeto JSON válido.</doc>
<tag>testeRequisicaoBasica</tag>
<status status="PASS" start="2024-05-03T14:13:51.808305" elapsed="0.087845"/>
</test>
<test id="s1-s1-t3" name="Validar estrutura de resposta" line="22">
<kw name="Teste de Estrutura de Resposta" owner="random-user-service">
<kw name="GET On Session" owner="RequestsLibrary">
<msg time="2024-05-03T14:13:51.987823" level="INFO">GET Request : url=https://randomuser.me/api 
 path_url=/api 
 headers={'User-Agent': 'python-requests/2.31.0', 'Accept-Encoding': 'gzip, deflate', 'Accept': '*/*', 'Connection': 'keep-alive'} 
 body=None 
 </msg>
<msg time="2024-05-03T14:13:51.987944" level="INFO">GET Response : url=https://randomuser.me/api 
 status=200, reason=OK 
 headers={'Date': 'Fri, 03 May 2024 14:13:51 GMT', 'Content-Type': 'application/json; charset=utf-8', 'Transfer-Encoding': 'chunked', 'Connection': 'keep-alive', 'X-Powered-By': 'Express', 'Access-Control-Allow-Origin': '*', 'Cache-Control': 'no-cache', 'ETag': 'W/"4a7-5t0PlzU2g19CSe5UG1cxz7hZtvA"', 'Vary': 'Accept-Encoding', 'Content-Encoding': 'gzip', 'CF-Cache-Status': 'DYNAMIC', 'Report-To': '{"endpoints":[{"url":"https:\\/\\/a.nel.cloudflare.com\\/report\\/v4?s=N6sT5ZaGRQVi%2FNIOMp%2F%2BSyoy%2FCVHHNRxVC%2Ffo0YN%2BCcTjzgsmdeJHbq0Vjhl4g6d2GVRj8aB0%2BHVDxzYXuAI7%2BPVR9M%2Fh8nOiOJMPEUy1z%2FAeOhukbJxTUgW%2BoH883mw"}],"group":"cf-nel","max_age":604800}', 'NEL': '{"success_fraction":0,"report_to":"cf-nel","max_age":604800}', 'Server': 'cloudflare', 'CF-RAY': '87e0daa769522cb9-ORD', 'alt-svc': 'h3=":443"; ma=86400'} 
 body={"results":[{"gender":"male","name":{"title":"Monsieur","first":"Erhard","last":"Da Silva"},"location":{"street":{"number":1726,"name":"Avenue de L'Abbé-Roussel"},"city":"Dürrenroth","state":"Obwalden","country":"Switzerland","postcode":8168,"coordinates":{"latitude":"-56.8964","longitude":"-115.1581"},"timezone":{"offset":"-8:00","description":"Pacific Time (US &amp; Canada)"}},"email":"erhard.dasilva@example.com","login":{"uuid":"4222039c-9418-4be3-9ee3-45bcc5bccffa","username":"whiteduck370","password":"universe","salt":"LqgIR4me","md5":"6941622351a8ad06e58b9e2a2425c158","sha1":"08af7fdafa9e6c9c6317e8afb9d2c8f73846e1d4","sha256":"f2ec6d45f1878e4936e5176b34d650fa2ebc5bf943fc47427a83dee85d34095d"},"dob":{"date":"1964-03-09T12:23:53.825Z","age":60},"registered":{"date":"2017-02-27T09:24:05.858Z","age":7},"phone":"076 777 99 61","cell":"077 590 80 95","id":{"name":"AVS","value":"756.9066.4145.78"},"picture":{"large":"https://randomuser.me/api/portraits/men/76.jpg","medium":"https://randomuser.me/api/portraits/med/men/76.jpg","thumbnail":"https://randomuser.me/api/portraits/thumb/men/76.jpg"},"nat":"CH"}],"info":{"seed":"a5960b81b22d1392","results":1,"page":1,"version":"1.4"}} 
 </msg>
<msg time="2024-05-03T14:13:51.988093" level="INFO">/opt/hostedtoolcache/Python/3.12.3/x64/lib/python3.12/site-packages/urllib3/connectionpool.py:1103: InsecureRequestWarning: Unverified HTTPS request is being made to host 'randomuser.me'. Adding certificate verification is strongly advised. See: https://urllib3.readthedocs.io/en/latest/advanced-usage.html#tls-warnings
  warnings.warn(</msg>
<msg time="2024-05-03T14:13:51.988239" level="INFO">${response} = &lt;Response [200]&gt;</msg>
<var>${response}</var>
<arg>consultarAPI</arg>
<arg>/api</arg>
<doc>Sends a GET request on a previously created HTTP Session.</doc>
<status status="PASS" start="2024-05-03T14:13:51.898935" elapsed="0.089344"/>
</kw>
<kw name="Set Variable" owner="BuiltIn">
<msg time="2024-05-03T14:13:51.989554" level="INFO">${json_data} = {'results': [{'gender': 'male', 'name': {'title': 'Monsieur', 'first': 'Erhard', 'last': 'Da Silva'}, 'location': {'street': {'number': 1726, 'name': "Avenue de L'Abbé-Roussel"}, 'city': 'Dürrenroth',...</msg>
<var>${json_data}</var>
<arg>${response.json()}</arg>
<doc>Returns the given values which can then be assigned to a variables.</doc>
<status status="PASS" start="2024-05-03T14:13:51.988937" elapsed="0.000647"/>
</kw>
<kw name="Log" owner="BuiltIn">
<msg time="2024-05-03T14:13:51.990119" level="INFO">{'results': [{'gender': 'male', 'name': {'title': 'Monsieur', 'first': 'Erhard', 'last': 'Da Silva'}, 'location': {'street': {'number': 1726, 'name': "Avenue de L'Abbé-Roussel"}, 'city': 'Dürrenroth', 'state': 'Obwalden', 'country': 'Switzerland', 'postcode': 8168, 'coordinates': {'latitude': '-56.8964', 'longitude': '-115.1581'}, 'timezone': {'offset': '-8:00', 'description': 'Pacific Time (US &amp; Canada)'}}, 'email': 'erhard.dasilva@example.com', 'login': {'uuid': '4222039c-9418-4be3-9ee3-45bcc5bccffa', 'username': 'whiteduck370', 'password': 'universe', 'salt': 'LqgIR4me', 'md5': '6941622351a8ad06e58b9e2a2425c158', 'sha1': '08af7fdafa9e6c9c6317e8afb9d2c8f73846e1d4', 'sha256': 'f2ec6d45f1878e4936e5176b34d650fa2ebc5bf943fc47427a83dee85d34095d'}, 'dob': {'date': '1964-03-09T12:23:53.825Z', 'age': 60}, 'registered': {'date': '2017-02-27T09:24:05.858Z', 'age': 7}, 'phone': '076 777 99 61', 'cell': '077 590 80 95', 'id': {'name': 'AVS', 'value': '756.9066.4145.78'}, 'picture': {'large': 'https://randomuser.me/api/portraits/men/76.jpg', 'medium': 'https://randomuser.me/api/portraits/med/men/76.jpg', 'thumbnail': 'https://randomuser.me/api/portraits/thumb/men/76.jpg'}, 'nat': 'CH'}], 'info': {'seed': 'a5960b81b22d1392', 'results': 1, 'page': 1, 'version': '1.4'}}</msg>
<arg>${json_data}</arg>
<doc>Logs the given message with the given level.</doc>
<status status="PASS" start="2024-05-03T14:13:51.989952" elapsed="0.000218"/>
</kw>
<kw name="Dictionary Should Contain Key" owner="Collections">
<msg time="2024-05-03T14:13:51.990633" level="INFO">False</msg>
<arg>${json_data}</arg>
<arg>results</arg>
<doc>Fails if ``key`` is not found from ``dictionary``.</doc>
<status status="PASS" start="2024-05-03T14:13:51.990472" elapsed="0.000199"/>
</kw>
<kw name="Should Not Be Empty" owner="BuiltIn">
<msg time="2024-05-03T14:13:51.991096" level="INFO">Length is 2.</msg>
<arg>${json_data}</arg>
<doc>Verifies that the given item is not empty.</doc>
<status status="PASS" start="2024-05-03T14:13:51.990965" elapsed="0.000340"/>
</kw>
<kw name="Create List" owner="BuiltIn">
<msg time="2024-05-03T14:13:51.991758" level="INFO">${expected_keys} = ['gender', 'name', 'location', 'email', 'login']</msg>
<var>${expected_keys}</var>
<arg>gender</arg>
<arg>name</arg>
<arg>location</arg>
<arg>email</arg>
<arg>login</arg>
<doc>Returns a list containing given items.</doc>
<status status="PASS" start="2024-05-03T14:13:51.991602" elapsed="0.000181"/>
</kw>
<for flavor="IN">
<iter>
<kw name="Dictionary Should Contain Key" owner="Collections">
<msg time="2024-05-03T14:13:51.992784" level="INFO">False</msg>
<arg>${json_data['results'][0]}</arg>
<arg>${key}</arg>
<doc>Fails if ``key`` is not found from ``dictionary``.</doc>
<status status="PASS" start="2024-05-03T14:13:51.992382" elapsed="0.000441"/>
</kw>
<kw name="Log" owner="BuiltIn">
<msg time="2024-05-03T14:13:51.993492" level="INFO">{'gender': 'male', 'name': {'title': 'Monsieur', 'first': 'Erhard', 'last': 'Da Silva'}, 'location': {'street': {'number': 1726, 'name': "Avenue de L'Abbé-Roussel"}, 'city': 'Dürrenroth', 'state': 'Obwalden', 'country': 'Switzerland', 'postcode': 8168, 'coordinates': {'latitude': '-56.8964', 'longitude': '-115.1581'}, 'timezone': {'offset': '-8:00', 'description': 'Pacific Time (US &amp; Canada)'}}, 'email': 'erhard.dasilva@example.com', 'login': {'uuid': '4222039c-9418-4be3-9ee3-45bcc5bccffa', 'username': 'whiteduck370', 'password': 'universe', 'salt': 'LqgIR4me', 'md5': '6941622351a8ad06e58b9e2a2425c158', 'sha1': '08af7fdafa9e6c9c6317e8afb9d2c8f73846e1d4', 'sha256': 'f2ec6d45f1878e4936e5176b34d650fa2ebc5bf943fc47427a83dee85d34095d'}, 'dob': {'date': '1964-03-09T12:23:53.825Z', 'age': 60}, 'registered': {'date': '2017-02-27T09:24:05.858Z', 'age': 7}, 'phone': '076 777 99 61', 'cell': '077 590 80 95', 'id': {'name': 'AVS', 'value': '756.9066.4145.78'}, 'picture': {'large': 'https://randomuser.me/api/portraits/men/76.jpg', 'medium': 'https://randomuser.me/api/portraits/med/men/76.jpg', 'thumbnail': 'https://randomuser.me/api/portraits/thumb/men/76.jpg'}, 'nat': 'CH'}</msg>
<arg>${json_data['results'][0]}</arg>
<doc>Logs the given message with the given level.</doc>
<status status="PASS" start="2024-05-03T14:13:51.993124" elapsed="0.000420"/>
</kw>
<kw name="Log" owner="BuiltIn">
<msg time="2024-05-03T14:13:51.994016" level="INFO">gender</msg>
<arg>${key}</arg>
<doc>Logs the given message with the given level.</doc>
<status status="PASS" start="2024-05-03T14:13:51.993873" elapsed="0.000184"/>
</kw>
<var name="${key}">gender</var>
<status status="PASS" start="2024-05-03T14:13:51.992248" elapsed="0.002060"/>
</iter>
<iter>
<kw name="Dictionary Should Contain Key" owner="Collections">
<msg time="2024-05-03T14:13:51.995010" level="INFO">False</msg>
<arg>${json_data['results'][0]}</arg>
<arg>${key}</arg>
<doc>Fails if ``key`` is not found from ``dictionary``.</doc>
<status status="PASS" start="2024-05-03T14:13:51.994616" elapsed="0.000470"/>
</kw>
<kw name="Log" owner="BuiltIn">
<msg time="2024-05-03T14:13:51.995758" level="INFO">{'gender': 'male', 'name': {'title': 'Monsieur', 'first': 'Erhard', 'last': 'Da Silva'}, 'location': {'street': {'number': 1726, 'name': "Avenue de L'Abbé-Roussel"}, 'city': 'Dürrenroth', 'state': 'Obwalden', 'country': 'Switzerland', 'postcode': 8168, 'coordinates': {'latitude': '-56.8964', 'longitude': '-115.1581'}, 'timezone': {'offset': '-8:00', 'description': 'Pacific Time (US &amp; Canada)'}}, 'email': 'erhard.dasilva@example.com', 'login': {'uuid': '4222039c-9418-4be3-9ee3-45bcc5bccffa', 'username': 'whiteduck370', 'password': 'universe', 'salt': 'LqgIR4me', 'md5': '6941622351a8ad06e58b9e2a2425c158', 'sha1': '08af7fdafa9e6c9c6317e8afb9d2c8f73846e1d4', 'sha256': 'f2ec6d45f1878e4936e5176b34d650fa2ebc5bf943fc47427a83dee85d34095d'}, 'dob': {'date': '1964-03-09T12:23:53.825Z', 'age': 60}, 'registered': {'date': '2017-02-27T09:24:05.858Z', 'age': 7}, 'phone': '076 777 99 61', 'cell': '077 590 80 95', 'id': {'name': 'AVS', 'value': '756.9066.4145.78'}, 'picture': {'large': 'https://randomuser.me/api/portraits/men/76.jpg', 'medium': 'https://randomuser.me/api/portraits/med/men/76.jpg', 'thumbnail': 'https://randomuser.me/api/portraits/thumb/men/76.jpg'}, 'nat': 'CH'}</msg>
<arg>${json_data['results'][0]}</arg>
<doc>Logs the given message with the given level.</doc>
<status status="PASS" start="2024-05-03T14:13:51.995390" elapsed="0.000418"/>
</kw>
<kw name="Log" owner="BuiltIn">
<msg time="2024-05-03T14:13:51.996233" level="INFO">name</msg>
<arg>${key}</arg>
<doc>Logs the given message with the given level.</doc>
<status status="PASS" start="2024-05-03T14:13:51.996106" elapsed="0.000165"/>
</kw>
<var name="${key}">name</var>
<status status="PASS" start="2024-05-03T14:13:51.994500" elapsed="0.001986"/>
</iter>
<iter>
<kw name="Dictionary Should Contain Key" owner="Collections">
<msg time="2024-05-03T14:13:51.997165" level="INFO">False</msg>
<arg>${json_data['results'][0]}</arg>
<arg>${key}</arg>
<doc>Fails if ``key`` is not found from ``dictionary``.</doc>
<status status="PASS" start="2024-05-03T14:13:51.996777" elapsed="0.000425"/>
</kw>
<kw name="Log" owner="BuiltIn">
<msg time="2024-05-03T14:13:51.997914" level="INFO">{'gender': 'male', 'name': {'title': 'Monsieur', 'first': 'Erhard', 'last': 'Da Silva'}, 'location': {'street': {'number': 1726, 'name': "Avenue de L'Abbé-Roussel"}, 'city': 'Dürrenroth', 'state': 'Obwalden', 'country': 'Switzerland', 'postcode': 8168, 'coordinates': {'latitude': '-56.8964', 'longitude': '-115.1581'}, 'timezone': {'offset': '-8:00', 'description': 'Pacific Time (US &amp; Canada)'}}, 'email': 'erhard.dasilva@example.com', 'login': {'uuid': '4222039c-9418-4be3-9ee3-45bcc5bccffa', 'username': 'whiteduck370', 'password': 'universe', 'salt': 'LqgIR4me', 'md5': '6941622351a8ad06e58b9e2a2425c158', 'sha1': '08af7fdafa9e6c9c6317e8afb9d2c8f73846e1d4', 'sha256': 'f2ec6d45f1878e4936e5176b34d650fa2ebc5bf943fc47427a83dee85d34095d'}, 'dob': {'date': '1964-03-09T12:23:53.825Z', 'age': 60}, 'registered': {'date': '2017-02-27T09:24:05.858Z', 'age': 7}, 'phone': '076 777 99 61', 'cell': '077 590 80 95', 'id': {'name': 'AVS', 'value': '756.9066.4145.78'}, 'picture': {'large': 'https://randomuser.me/api/portraits/men/76.jpg', 'medium': 'https://randomuser.me/api/portraits/med/men/76.jpg', 'thumbnail': 'https://randomuser.me/api/portraits/thumb/men/76.jpg'}, 'nat': 'CH'}</msg>
<arg>${json_data['results'][0]}</arg>
<doc>Logs the given message with the given level.</doc>
<status status="PASS" start="2024-05-03T14:13:51.997497" elapsed="0.000469"/>
</kw>
<kw name="Log" owner="BuiltIn">
<msg time="2024-05-03T14:13:51.998436" level="INFO">location</msg>
<arg>${key}</arg>
<doc>Logs the given message with the given level.</doc>
<status status="PASS" start="2024-05-03T14:13:51.998307" elapsed="0.000168"/>
</kw>
<var name="${key}">location</var>
<status status="PASS" start="2024-05-03T14:13:51.996665" elapsed="0.002048"/>
</iter>
<iter>
<kw name="Dictionary Should Contain Key" owner="Collections">
<msg time="2024-05-03T14:13:51.999483" level="INFO">False</msg>
<arg>${json_data['results'][0]}</arg>
<arg>${key}</arg>
<doc>Fails if ``key`` is not found from ``dictionary``.</doc>
<status status="PASS" start="2024-05-03T14:13:51.999075" elapsed="0.000455"/>
</kw>
<kw name="Log" owner="BuiltIn">
<msg time="2024-05-03T14:13:52.000228" level="INFO">{'gender': 'male', 'name': {'title': 'Monsieur', 'first': 'Erhard', 'last': 'Da Silva'}, 'location': {'street': {'number': 1726, 'name': "Avenue de L'Abbé-Roussel"}, 'city': 'Dürrenroth', 'state': 'Obwalden', 'country': 'Switzerland', 'postcode': 8168, 'coordinates': {'latitude': '-56.8964', 'longitude': '-115.1581'}, 'timezone': {'offset': '-8:00', 'description': 'Pacific Time (US &amp; Canada)'}}, 'email': 'erhard.dasilva@example.com', 'login': {'uuid': '4222039c-9418-4be3-9ee3-45bcc5bccffa', 'username': 'whiteduck370', 'password': 'universe', 'salt': 'LqgIR4me', 'md5': '6941622351a8ad06e58b9e2a2425c158', 'sha1': '08af7fdafa9e6c9c6317e8afb9d2c8f73846e1d4', 'sha256': 'f2ec6d45f1878e4936e5176b34d650fa2ebc5bf943fc47427a83dee85d34095d'}, 'dob': {'date': '1964-03-09T12:23:53.825Z', 'age': 60}, 'registered': {'date': '2017-02-27T09:24:05.858Z', 'age': 7}, 'phone': '076 777 99 61', 'cell': '077 590 80 95', 'id': {'name': 'AVS', 'value': '756.9066.4145.78'}, 'picture': {'large': 'https://randomuser.me/api/portraits/men/76.jpg', 'medium': 'https://randomuser.me/api/portraits/med/men/76.jpg', 'thumbnail': 'https://randomuser.me/api/portraits/thumb/men/76.jpg'}, 'nat': 'CH'}</msg>
<arg>${json_data['results'][0]}</arg>
<doc>Logs the given message with the given level.</doc>
<status status="PASS" start="2024-05-03T14:13:51.999845" elapsed="0.000439"/>
</kw>
<kw name="Log" owner="BuiltIn">
<msg time="2024-05-03T14:13:52.000730" level="INFO">email</msg>
<arg>${key}</arg>
<doc>Logs the given message with the given level.</doc>
<status status="PASS" start="2024-05-03T14:13:52.000596" elapsed="0.000173"/>
</kw>
<var name="${key}">email</var>
<status status="PASS" start="2024-05-03T14:13:51.998945" elapsed="0.002042"/>
</iter>
<iter>
<kw name="Dictionary Should Contain Key" owner="Collections">
<msg time="2024-05-03T14:13:52.001733" level="INFO">False</msg>
<arg>${json_data['results'][0]}</arg>
<arg>${key}</arg>
<doc>Fails if ``key`` is not found from ``dictionary``.</doc>
<status status="PASS" start="2024-05-03T14:13:52.001287" elapsed="0.000485"/>
</kw>
<kw name="Log" owner="BuiltIn">
<msg time="2024-05-03T14:13:52.002467" level="INFO">{'gender': 'male', 'name': {'title': 'Monsieur', 'first': 'Erhard', 'last': 'Da Silva'}, 'location': {'street': {'number': 1726, 'name': "Avenue de L'Abbé-Roussel"}, 'city': 'Dürrenroth', 'state': 'Obwalden', 'country': 'Switzerland', 'postcode': 8168, 'coordinates': {'latitude': '-56.8964', 'longitude': '-115.1581'}, 'timezone': {'offset': '-8:00', 'description': 'Pacific Time (US &amp; Canada)'}}, 'email': 'erhard.dasilva@example.com', 'login': {'uuid': '4222039c-9418-4be3-9ee3-45bcc5bccffa', 'username': 'whiteduck370', 'password': 'universe', 'salt': 'LqgIR4me', 'md5': '6941622351a8ad06e58b9e2a2425c158', 'sha1': '08af7fdafa9e6c9c6317e8afb9d2c8f73846e1d4', 'sha256': 'f2ec6d45f1878e4936e5176b34d650fa2ebc5bf943fc47427a83dee85d34095d'}, 'dob': {'date': '1964-03-09T12:23:53.825Z', 'age': 60}, 'registered': {'date': '2017-02-27T09:24:05.858Z', 'age': 7}, 'phone': '076 777 99 61', 'cell': '077 590 80 95', 'id': {'name': 'AVS', 'value': '756.9066.4145.78'}, 'picture': {'large': 'https://randomuser.me/api/portraits/men/76.jpg', 'medium': 'https://randomuser.me/api/portraits/med/men/76.jpg', 'thumbnail': 'https://randomuser.me/api/portraits/thumb/men/76.jpg'}, 'nat': 'CH'}</msg>
<arg>${json_data['results'][0]}</arg>
<doc>Logs the given message with the given level.</doc>
<status status="PASS" start="2024-05-03T14:13:52.002088" elapsed="0.000430"/>
</kw>
<kw name="Log" owner="BuiltIn">
<msg time="2024-05-03T14:13:52.002974" level="INFO">login</msg>
<arg>${key}</arg>
<doc>Logs the given message with the given level.</doc>
<status status="PASS" start="2024-05-03T14:13:52.002843" elapsed="0.000169"/>
</kw>
<var name="${key}">login</var>
<status status="PASS" start="2024-05-03T14:13:52.001169" elapsed="0.002064"/>
</iter>
<var>${key}</var>
<value>@{expected_keys}</value>
<status status="PASS" start="2024-05-03T14:13:51.992047" elapsed="0.011311"/>
</for>
<kw name="Create List" owner="BuiltIn">
<msg time="2024-05-03T14:13:52.003702" level="INFO">${expected_keysTwo} = ['username', 'password']</msg>
<var>${expected_keysTwo}</var>
<arg>username</arg>
<arg>password</arg>
<doc>Returns a list containing given items.</doc>
<status status="PASS" start="2024-05-03T14:13:52.003563" elapsed="0.000163"/>
</kw>
<for flavor="IN">
<iter>
<kw name="Dictionary Should Contain Key" owner="Collections">
<msg time="2024-05-03T14:13:52.004641" level="INFO">False</msg>
<arg>${json_data['results'][0]['login']}</arg>
<arg>${keyTwo}</arg>
<doc>Fails if ``key`` is not found from ``dictionary``.</doc>
<status status="PASS" start="2024-05-03T14:13:52.004240" elapsed="0.000439"/>
</kw>
<kw name="Dictionary Should Contain Key" owner="Collections">
<msg time="2024-05-03T14:13:52.005356" level="INFO">False</msg>
<arg>${json_data['results'][0]['login']}</arg>
<arg>${keyTwo}</arg>
<doc>Fails if ``key`` is not found from ``dictionary``.</doc>
<status status="PASS" start="2024-05-03T14:13:52.004971" elapsed="0.000422"/>
</kw>
<kw name="Log" owner="BuiltIn">
<msg time="2024-05-03T14:13:52.005849" level="INFO">username</msg>
<arg>${keyTwo}</arg>
<doc>Logs the given message with the given level.</doc>
<status status="PASS" start="2024-05-03T14:13:52.005718" elapsed="0.000174"/>
</kw>
<var name="${keyTwo}">username</var>
<status status="PASS" start="2024-05-03T14:13:52.004129" elapsed="0.001982"/>
</iter>
<iter>
<kw name="Dictionary Should Contain Key" owner="Collections">
<msg time="2024-05-03T14:13:52.006877" level="INFO">False</msg>
<arg>${json_data['results'][0]['login']}</arg>
<arg>${keyTwo}</arg>
<doc>Fails if ``key`` is not found from ``dictionary``.</doc>
<status status="PASS" start="2024-05-03T14:13:52.006395" elapsed="0.000524"/>
</kw>
<kw name="Dictionary Should Contain Key" owner="Collections">
<msg time="2024-05-03T14:13:52.007591" level="INFO">False</msg>
<arg>${json_data['results'][0]['login']}</arg>
<arg>${keyTwo}</arg>
<doc>Fails if ``key`` is not found from ``dictionary``.</doc>
<status status="PASS" start="2024-05-03T14:13:52.007212" elapsed="0.000416"/>
</kw>
<kw name="Log" owner="BuiltIn">
<msg time="2024-05-03T14:13:52.008046" level="INFO">password</msg>
<arg>${keyTwo}</arg>
<doc>Logs the given message with the given level.</doc>
<status status="PASS" start="2024-05-03T14:13:52.007920" elapsed="0.000169"/>
</kw>
<var name="${keyTwo}">password</var>
<status status="PASS" start="2024-05-03T14:13:52.006284" elapsed="0.002023"/>
</iter>
<var>${keyTwo}</var>
<value>@{expected_keysTwo}</value>
<status status="PASS" start="2024-05-03T14:13:52.003967" elapsed="0.004461"/>
</for>
<status status="PASS" start="2024-05-03T14:13:51.898690" elapsed="0.109881"/>
</kw>
<doc>Testa a estrutura da resposta da API.</doc>
<tag>testeEstruturaResposta</tag>
<status status="PASS" start="2024-05-03T14:13:51.898027" elapsed="0.110706"/>
</test>
<test id="s1-s1-t4" name="Validar tipos de dados" line="28">
<kw name="Teste de Tipos de Dados" owner="random-user-service">
<kw name="GET On Session" owner="RequestsLibrary">
<msg time="2024-05-03T14:13:52.089239" level="INFO">GET Request : url=https://randomuser.me/api 
 path_url=/api 
 headers={'User-Agent': 'python-requests/2.31.0', 'Accept-Encoding': 'gzip, deflate', 'Accept': '*/*', 'Connection': 'keep-alive'} 
 body=None 
 </msg>
<msg time="2024-05-03T14:13:52.089337" level="INFO">GET Response : url=https://randomuser.me/api 
 status=200, reason=OK 
 headers={'Date': 'Fri, 03 May 2024 14:13:52 GMT', 'Content-Type': 'application/json; charset=utf-8', 'Transfer-Encoding': 'chunked', 'Connection': 'keep-alive', 'X-Powered-By': 'Express', 'Access-Control-Allow-Origin': '*', 'Cache-Control': 'no-cache', 'ETag': 'W/"484-JyMriXuBTejQoTPM1v9bhKi4gR8"', 'Vary': 'Accept-Encoding', 'Content-Encoding': 'gzip', 'CF-Cache-Status': 'DYNAMIC', 'Report-To': '{"endpoints":[{"url":"https:\\/\\/a.nel.cloudflare.com\\/report\\/v4?s=sTNGoZLyDJn7AUIH3Jz3MqJyL%2BDkKn2Zb3Y7m8D8iy4WMHbkAiDnElSF7nPmU%2FJmpo9U49Q4PmJyIgAyawp96vQFg9LwKb55l3YrjRr%2By0UZyTT%2B1NjN%2FZ14X0ro1O5p"}],"group":"cf-nel","max_age":604800}', 'NEL': '{"success_fraction":0,"report_to":"cf-nel","max_age":604800}', 'Server': 'cloudflare', 'CF-RAY': '87e0daa81a092cb9-ORD', 'alt-svc': 'h3=":443"; ma=86400'} 
 body={"results":[{"gender":"male","name":{"title":"Mr","first":"Ivan","last":"Kralj"},"location":{"street":{"number":2749,"name":"Filipa Hristića "},"city":"Štrpce","state":"Pomoravlje","country":"Serbia","postcode":40267,"coordinates":{"latitude":"56.1158","longitude":"-52.6448"},"timezone":{"offset":"+4:00","description":"Abu Dhabi, Muscat, Baku, Tbilisi"}},"email":"ivan.kralj@example.com","login":{"uuid":"55944b95-a47e-4ad8-a891-4154afeec747","username":"orangecat349","password":"katie1","salt":"QtD6NYF6","md5":"52ecb48fa31e680292022049e74e1d22","sha1":"4998fa8d6a760de07d7d7a0cbaa56695b8884ed1","sha256":"fa6d14e289e1dede3bafbf52ac4bc223c1822081fb30c51283ff86338a7c066d"},"dob":{"date":"1948-12-15T05:47:29.538Z","age":75},"registered":{"date":"2009-10-11T03:31:17.664Z","age":14},"phone":"039-9984-240","cell":"067-2318-497","id":{"name":"SID","value":"430673129"},"picture":{"large":"https://randomuser.me/api/portraits/men/25.jpg","medium":"https://randomuser.me/api/portraits/med/men/25.jpg","thumbnail":"https://randomuser.me/api/portraits/thumb/men/25.jpg"},"nat":"RS"}],"info":{"seed":"15d31d866a11c14b","results":1,"page":1,"version":"1.4"}} 
 </msg>
<msg time="2024-05-03T14:13:52.089411" level="INFO">/opt/hostedtoolcache/Python/3.12.3/x64/lib/python3.12/site-packages/urllib3/connectionpool.py:1103: InsecureRequestWarning: Unverified HTTPS request is being made to host 'randomuser.me'. Adding certificate verification is strongly advised. See: https://urllib3.readthedocs.io/en/latest/advanced-usage.html#tls-warnings
  warnings.warn(</msg>
<msg time="2024-05-03T14:13:52.089537" level="INFO">${response} = &lt;Response [200]&gt;</msg>
<var>${response}</var>
<arg>consultarAPI</arg>
<arg>/api</arg>
<doc>Sends a GET request on a previously created HTTP Session.</doc>
<status status="PASS" start="2024-05-03T14:13:52.011374" elapsed="0.078203"/>
</kw>
<kw name="Set Variable" owner="BuiltIn">
<msg time="2024-05-03T14:13:52.090899" level="INFO">${json_data} = {'results': [{'gender': 'male', 'name': {'title': 'Mr', 'first': 'Ivan', 'last': 'Kralj'}, 'location': {'street': {'number': 2749, 'name': 'Filipa Hristića '}, 'city': 'Štrpce', 'state': 'Pomoravlje',...</msg>
<var>${json_data}</var>
<arg>${response.json()}</arg>
<doc>Returns the given values which can then be assigned to a variables.</doc>
<status status="PASS" start="2024-05-03T14:13:52.090276" elapsed="0.000655"/>
</kw>
<kw name="Log" owner="BuiltIn">
<msg time="2024-05-03T14:13:52.091467" level="INFO">{'results': [{'gender': 'male', 'name': {'title': 'Mr', 'first': 'Ivan', 'last': 'Kralj'}, 'location': {'street': {'number': 2749, 'name': 'Filipa Hristića '}, 'city': 'Štrpce', 'state': 'Pomoravlje', 'country': 'Serbia', 'postcode': 40267, 'coordinates': {'latitude': '56.1158', 'longitude': '-52.6448'}, 'timezone': {'offset': '+4:00', 'description': 'Abu Dhabi, Muscat, Baku, Tbilisi'}}, 'email': 'ivan.kralj@example.com', 'login': {'uuid': '55944b95-a47e-4ad8-a891-4154afeec747', 'username': 'orangecat349', 'password': 'katie1', 'salt': 'QtD6NYF6', 'md5': '52ecb48fa31e680292022049e74e1d22', 'sha1': '4998fa8d6a760de07d7d7a0cbaa56695b8884ed1', 'sha256': 'fa6d14e289e1dede3bafbf52ac4bc223c1822081fb30c51283ff86338a7c066d'}, 'dob': {'date': '1948-12-15T05:47:29.538Z', 'age': 75}, 'registered': {'date': '2009-10-11T03:31:17.664Z', 'age': 14}, 'phone': '039-9984-240', 'cell': '067-2318-497', 'id': {'name': 'SID', 'value': '430673129'}, 'picture': {'large': 'https://randomuser.me/api/portraits/men/25.jpg', 'medium': 'https://randomuser.me/api/portraits/med/men/25.jpg', 'thumbnail': 'https://randomuser.me/api/portraits/thumb/men/25.jpg'}, 'nat': 'RS'}], 'info': {'seed': '15d31d866a11c14b', 'results': 1, 'page': 1, 'version': '1.4'}}</msg>
<arg>${json_data}</arg>
<doc>Logs the given message with the given level.</doc>
<status status="PASS" start="2024-05-03T14:13:52.091292" elapsed="0.000266"/>
</kw>
<kw name="Should Be String" owner="String">
<arg>${json_data['results'][0]['gender']}</arg>
<doc>Fails if the given ``item`` is not a string.</doc>
<status status="PASS" start="2024-05-03T14:13:52.091881" elapsed="0.000381"/>
</kw>
<kw name="Should Match Regexp" owner="BuiltIn">
<arg>${json_data['results'][0]['email']}</arg>
<arg>^[a-zA-Z0-9._%+-]+@[a-zA-Z0-9.-]+\.[a-zA-Z]{2,}$</arg>
<doc>Fails if ``string`` does not match ``pattern`` as a regular expression.</doc>
<status status="PASS" start="2024-05-03T14:13:52.092460" elapsed="0.000523"/>
</kw>
<kw name="Should Match Regexp" owner="BuiltIn">
<arg>${json_data['results'][0]['dob']['date']}</arg>
<arg>\\d{4}-\\d{2}-\\d{2}T\\d{2}:\\d{2}:\\d{2}\\.\\d{3}Z</arg>
<doc>Fails if ``string`` does not match ``pattern`` as a regular expression.</doc>
<status status="PASS" start="2024-05-03T14:13:52.093185" elapsed="0.000549"/>
</kw>
<kw name="Should Match Regexp" owner="BuiltIn">
<arg>${json_data['results'][0]['registered']['date']}</arg>
<arg>\\d{4}-\\d{2}-\\d{2}T\\d{2}:\\d{2}:\\d{2}\\.\\d{3}Z</arg>
<doc>Fails if ``string`` does not match ``pattern`` as a regular expression.</doc>
<status status="PASS" start="2024-05-03T14:13:52.093943" elapsed="0.000403"/>
</kw>
<kw name="Should Match Regexp" owner="BuiltIn">
<arg>${json_data['results'][0]['picture']['large']}</arg>
<arg>^https?://.*\.(?:png|jpe?g|gif|bmp)$</arg>
<doc>Fails if ``string`` does not match ``pattern`` as a regular expression.</doc>
<status status="PASS" start="2024-05-03T14:13:52.094552" elapsed="0.000486"/>
</kw>
<kw name="Should Match Regexp" owner="BuiltIn">
<arg>${json_data['results'][0]['picture']['medium']}</arg>
<arg>^https?://.*\.(?:png|jpe?g|gif|bmp)$</arg>
<doc>Fails if ``string`` does not match ``pattern`` as a regular expression.</doc>
<status status="PASS" start="2024-05-03T14:13:52.095236" elapsed="0.000364"/>
</kw>
<kw name="Should Match Regexp" owner="BuiltIn">
<arg>${json_data['results'][0]['picture']['thumbnail']}</arg>
<arg>^https?://.*\.(?:png|jpe?g|gif|bmp)$</arg>
<doc>Fails if ``string`` does not match ``pattern`` as a regular expression.</doc>
<status status="PASS" start="2024-05-03T14:13:52.095792" elapsed="0.000362"/>
</kw>
<kw name="Log" owner="BuiltIn">
<msg time="2024-05-03T14:13:52.096665" level="INFO">{'large': 'https://randomuser.me/api/portraits/men/25.jpg', 'medium': 'https://randomuser.me/api/portraits/med/men/25.jpg', 'thumbnail': 'https://randomuser.me/api/portraits/thumb/men/25.jpg'}</msg>
<arg>${json_data['results'][0]['picture']}</arg>
<doc>Logs the given message with the given level.</doc>
<status status="PASS" start="2024-05-03T14:13:52.096335" elapsed="0.000373"/>
</kw>
<status status="PASS" start="2024-05-03T14:13:52.011139" elapsed="0.085874"/>
</kw>
<kw name="Teste de Tipos de Dados - Postcode" owner="random-user-service">
<kw name="GET On Session" owner="RequestsLibrary">
<msg time="2024-05-03T14:13:52.186318" level="INFO">GET Request : url=https://randomuser.me/api 
 path_url=/api 
 headers={'User-Agent': 'python-requests/2.31.0', 'Accept-Encoding': 'gzip, deflate', 'Accept': '*/*', 'Connection': 'keep-alive'} 
 body=None 
 </msg>
<msg time="2024-05-03T14:13:52.186421" level="INFO">GET Response : url=https://randomuser.me/api 
 status=200, reason=OK 
 headers={'Date': 'Fri, 03 May 2024 14:13:52 GMT', 'Content-Type': 'application/json; charset=utf-8', 'Transfer-Encoding': 'chunked', 'Connection': 'keep-alive', 'X-Powered-By': 'Express', 'Access-Control-Allow-Origin': '*', 'Cache-Control': 'no-cache', 'ETag': 'W/"497-InywUMCmXa4Vej38n8bkj/agspw"', 'Vary': 'Accept-Encoding', 'Content-Encoding': 'gzip', 'CF-Cache-Status': 'DYNAMIC', 'Report-To': '{"endpoints":[{"url":"https:\\/\\/a.nel.cloudflare.com\\/report\\/v4?s=4IJKyNGPSWH1LlyEy2VQBA0WVirEXVjS3WajHj4szLvu8VOSKxk0v8LfV7Ee8ivlzGy9SwRExHiZ6XxuRT27Z3FDnDuSW3Qd8r76WLeGh7wFLIguXVY8QoYQIfO6lXZi"}],"group":"cf-nel","max_age":604800}', 'NEL': '{"success_fraction":0,"report_to":"cf-nel","max_age":604800}', 'Server': 'cloudflare', 'CF-RAY': '87e0daa89a952cb9-ORD', 'alt-svc': 'h3=":443"; ma=86400'} 
 body={"results":[{"gender":"male","name":{"title":"Mr","first":"Acácio","last":"da Rocha"},"location":{"street":{"number":4111,"name":"Avenida da Legalidade"},"city":"Magé","state":"Mato Grosso","country":"Brazil","postcode":38332,"coordinates":{"latitude":"-74.6149","longitude":"-150.4259"},"timezone":{"offset":"-7:00","description":"Mountain Time (US &amp; Canada)"}},"email":"acacio.darocha@example.com","login":{"uuid":"05260865-fca3-4c60-9153-5fd6aacccb8f","username":"goldenduck405","password":"avenue","salt":"7WOpVyaJ","md5":"86beac25349daaef1fc4a7f64349c3a0","sha1":"e377c0c38c3672eb472b19cddcf01448ff0fa4dc","sha256":"5180db8364cf715998659a3250c312156edd522eedd399cdb4aff88806701f59"},"dob":{"date":"1999-01-17T20:03:30.898Z","age":25},"registered":{"date":"2019-03-22T15:12:42.747Z","age":5},"phone":"(66) 7876-5968","cell":"(91) 5328-7717","id":{"name":"CPF","value":"224.111.581-14"},"picture":{"large":"https://randomuser.me/api/portraits/men/42.jpg","medium":"https://randomuser.me/api/portraits/med/men/42.jpg","thumbnail":"https://randomuser.me/api/portraits/thumb/men/42.jpg"},"nat":"BR"}],"info":{"seed":"c0066764eb0385b9","results":1,"page":1,"version":"1.4"}} 
 </msg>
<msg time="2024-05-03T14:13:52.186503" level="INFO">/opt/hostedtoolcache/Python/3.12.3/x64/lib/python3.12/site-packages/urllib3/connectionpool.py:1103: InsecureRequestWarning: Unverified HTTPS request is being made to host 'randomuser.me'. Adding certificate verification is strongly advised. See: https://urllib3.readthedocs.io/en/latest/advanced-usage.html#tls-warnings
  warnings.warn(</msg>
<msg time="2024-05-03T14:13:52.186631" level="INFO">${response} = &lt;Response [200]&gt;</msg>
<var>${response}</var>
<arg>consultarAPI</arg>
<arg>/api</arg>
<doc>Sends a GET request on a previously created HTTP Session.</doc>
<status status="PASS" start="2024-05-03T14:13:52.097506" elapsed="0.089165"/>
</kw>
<kw name="Set Variable" owner="BuiltIn">
<msg time="2024-05-03T14:13:52.188118" level="INFO">${json_data} = {'results': [{'gender': 'male', 'name': {'title': 'Mr', 'first': 'Acácio', 'last': 'da Rocha'}, 'location': {'street': {'number': 4111, 'name': 'Avenida da Legalidade'}, 'city': 'Magé', 'state': 'Mato...</msg>
<var>${json_data}</var>
<arg>${response.json()}</arg>
<doc>Returns the given values which can then be assigned to a variables.</doc>
<status status="PASS" start="2024-05-03T14:13:52.187372" elapsed="0.000777"/>
</kw>
<kw name="Log" owner="BuiltIn">
<msg time="2024-05-03T14:13:52.188773" level="INFO">{'results': [{'gender': 'male', 'name': {'title': 'Mr', 'first': 'Acácio', 'last': 'da Rocha'}, 'location': {'street': {'number': 4111, 'name': 'Avenida da Legalidade'}, 'city': 'Magé', 'state': 'Mato Grosso', 'country': 'Brazil', 'postcode': 38332, 'coordinates': {'latitude': '-74.6149', 'longitude': '-150.4259'}, 'timezone': {'offset': '-7:00', 'description': 'Mountain Time (US &amp; Canada)'}}, 'email': 'acacio.darocha@example.com', 'login': {'uuid': '05260865-fca3-4c60-9153-5fd6aacccb8f', 'username': 'goldenduck405', 'password': 'avenue', 'salt': '7WOpVyaJ', 'md5': '86beac25349daaef1fc4a7f64349c3a0', 'sha1': 'e377c0c38c3672eb472b19cddcf01448ff0fa4dc', 'sha256': '5180db8364cf715998659a3250c312156edd522eedd399cdb4aff88806701f59'}, 'dob': {'date': '1999-01-17T20:03:30.898Z', 'age': 25}, 'registered': {'date': '2019-03-22T15:12:42.747Z', 'age': 5}, 'phone': '(66) 7876-5968', 'cell': '(91) 5328-7717', 'id': {'name': 'CPF', 'value': '224.111.581-14'}, 'picture': {'large': 'https://randomuser.me/api/portraits/men/42.jpg', 'medium': 'https://randomuser.me/api/portraits/med/men/42.jpg', 'thumbnail': 'https://randomuser.me/api/portraits/thumb/men/42.jpg'}, 'nat': 'BR'}], 'info': {'seed': 'c0066764eb0385b9', 'results': 1, 'page': 1, 'version': '1.4'}}</msg>
<arg>${json_data}</arg>
<doc>Logs the given message with the given level.</doc>
<status status="PASS" start="2024-05-03T14:13:52.188571" elapsed="0.000301"/>
</kw>
<kw name="Should Be Equal As Numbers" owner="BuiltIn">
<arg>${json_data['results'][0]['location']['postcode']}</arg>
<arg>${json_data['results'][0]['location']['postcode']}</arg>
<doc>Fails if objects are unequal after converting them to real numbers.</doc>
<status status="PASS" start="2024-05-03T14:13:52.189484" elapsed="0.000760"/>
</kw>
<kw name="Log" owner="BuiltIn">
<msg time="2024-05-03T14:13:52.190854" level="INFO">38332</msg>
<arg>${json_data['results'][0]['location']['postcode']}</arg>
<doc>Logs the given message with the given level.</doc>
<status status="PASS" start="2024-05-03T14:13:52.190481" elapsed="0.000418"/>
</kw>
<status status="PASS" start="2024-05-03T14:13:52.097257" elapsed="0.093945"/>
</kw>
<doc>Testa se os tipos de dados na resposta da API estão corretos.</doc>
<tag>testeTiposDados</tag>
<status status="PASS" start="2024-05-03T14:13:52.010565" elapsed="0.180815"/>
</test>
<test id="s1-s1-t5" name="Validar conteudo" line="35">
<kw name="Teste de Tipos de Conteudo" owner="random-user-service">
<kw name="GET On Session" owner="RequestsLibrary">
<msg time="2024-05-03T14:13:52.292254" level="INFO">GET Request : url=https://randomuser.me/api 
 path_url=/api 
 headers={'User-Agent': 'python-requests/2.31.0', 'Accept-Encoding': 'gzip, deflate', 'Accept': '*/*', 'Connection': 'keep-alive'} 
 body=None 
 </msg>
<msg time="2024-05-03T14:13:52.292364" level="INFO">GET Response : url=https://randomuser.me/api 
 status=200, reason=OK 
 headers={'Date': 'Fri, 03 May 2024 14:13:52 GMT', 'Content-Type': 'application/json; charset=utf-8', 'Transfer-Encoding': 'chunked', 'Connection': 'keep-alive', 'X-Powered-By': 'Express', 'Access-Control-Allow-Origin': '*', 'Cache-Control': 'no-cache', 'ETag': 'W/"483-wSOop+oE0LMyirN1a450MZz8nfc"', 'Vary': 'Accept-Encoding', 'Content-Encoding': 'gzip', 'CF-Cache-Status': 'DYNAMIC', 'Report-To': '{"endpoints":[{"url":"https:\\/\\/a.nel.cloudflare.com\\/report\\/v4?s=zMdyHN9C4SxTTEokMWZlFM3wz%2B4TD8pwR6qGXOiKFTm%2BRfZbGxw%2FTj5ItIjCk%2F%2FyzAk1QmcQskVfqDdxANvw4R3byDBcQcRg%2BbJLRNvxKcMAcqJk6n2vzRAdENmAUZAQ"}],"group":"cf-nel","max_age":604800}', 'NEL': '{"success_fraction":0,"report_to":"cf-nel","max_age":604800}', 'Server': 'cloudflare', 'CF-RAY': '87e0daa93b3a2cb9-ORD', 'alt-svc': 'h3=":443"; ma=86400'} 
 body={"results":[{"gender":"male","name":{"title":"Mr","first":"Andreas","last":"Aakvik"},"location":{"street":{"number":6471,"name":"Fagerheimgata"},"city":"Verningen","state":"Nordland","country":"Norway","postcode":"1357","coordinates":{"latitude":"46.5965","longitude":"-140.5290"},"timezone":{"offset":"-7:00","description":"Mountain Time (US &amp; Canada)"}},"email":"andreas.aakvik@example.com","login":{"uuid":"0f2a3e71-f53b-45d4-9e64-aefd36bcf61c","username":"happyelephant686","password":"vagabond","salt":"8vnSt1pv","md5":"96e295fb4f177fae51a647a6f8ae021e","sha1":"b4d7e65b1242fdca4f3af56802763f3392964dc6","sha256":"0b904ce2290c594e4bf2b8733d822cca2fd488b0f6df46fc6d1bfdfe489bcae9"},"dob":{"date":"1997-10-21T02:12:45.933Z","age":26},"registered":{"date":"2021-08-22T11:01:17.481Z","age":2},"phone":"34779417","cell":"41250922","id":{"name":"FN","value":"21109700786"},"picture":{"large":"https://randomuser.me/api/portraits/men/81.jpg","medium":"https://randomuser.me/api/portraits/med/men/81.jpg","thumbnail":"https://randomuser.me/api/portraits/thumb/men/81.jpg"},"nat":"NO"}],"info":{"seed":"fb67e98869f64b7f","results":1,"page":1,"version":"1.4"}} 
 </msg>
<msg time="2024-05-03T14:13:52.292449" level="INFO">/opt/hostedtoolcache/Python/3.12.3/x64/lib/python3.12/site-packages/urllib3/connectionpool.py:1103: InsecureRequestWarning: Unverified HTTPS request is being made to host 'randomuser.me'. Adding certificate verification is strongly advised. See: https://urllib3.readthedocs.io/en/latest/advanced-usage.html#tls-warnings
  warnings.warn(</msg>
<msg time="2024-05-03T14:13:52.292581" level="INFO">${response} = &lt;Response [200]&gt;</msg>
<var>${response}</var>
<arg>consultarAPI</arg>
<arg>/api</arg>
<doc>Sends a GET request on a previously created HTTP Session.</doc>
<status status="PASS" start="2024-05-03T14:13:52.194109" elapsed="0.098511"/>
</kw>
<kw name="Set Variable" owner="BuiltIn">
<msg time="2024-05-03T14:13:52.293867" level="INFO">${json_data} = {'results': [{'gender': 'male', 'name': {'title': 'Mr', 'first': 'Andreas', 'last': 'Aakvik'}, 'location': {'street': {'number': 6471, 'name': 'Fagerheimgata'}, 'city': 'Verningen', 'state': 'Nordland...</msg>
<var>${json_data}</var>
<arg>${response.json()}</arg>
<doc>Returns the given values which can then be assigned to a variables.</doc>
<status status="PASS" start="2024-05-03T14:13:52.293251" elapsed="0.000644"/>
</kw>
<kw name="Set Variable" owner="BuiltIn">
<msg time="2024-05-03T14:13:52.294586" level="INFO">${name_title} = Mr</msg>
<var>${name_title}</var>
<arg>${json_data["results"][0]["name"]["title"]}</arg>
<doc>Returns the given values which can then be assigned to a variables.</doc>
<status status="PASS" start="2024-05-03T14:13:52.294199" elapsed="0.000412"/>
</kw>
<kw name="Create List" owner="BuiltIn">
<msg time="2024-05-03T14:13:52.295053" level="INFO">${allowed_titles} = ['Mr', 'Ms', 'Miss', 'Mrs', 'Madame', 'Monsieur']</msg>
<var>${allowed_titles}</var>
<arg>Mr</arg>
<arg>Ms</arg>
<arg>Miss</arg>
<arg>Mrs</arg>
<arg>Madame</arg>
<arg>Monsieur</arg>
<doc>Returns a list containing given items.</doc>
<status status="PASS" start="2024-05-03T14:13:52.294905" elapsed="0.000172"/>
</kw>
<kw name="List Should Contain Value" owner="Collections">
<msg time="2024-05-03T14:13:52.295544" level="INFO">False</msg>
<arg>${allowed_titles}</arg>
<arg>${name_title}</arg>
<doc>Fails if the ``value`` is not found from ``list``.</doc>
<status status="PASS" start="2024-05-03T14:13:52.295372" elapsed="0.000208"/>
</kw>
<kw name="Set Variable" owner="BuiltIn">
<msg time="2024-05-03T14:13:52.296244" level="INFO">${name_country} = NO</msg>
<var>${name_country}</var>
<arg>${json_data["results"][0]["nat"]}</arg>
<doc>Returns the given values which can then be assigned to a variables.</doc>
<status status="PASS" start="2024-05-03T14:13:52.295868" elapsed="0.000401"/>
</kw>
<kw name="Create List" owner="BuiltIn">
<msg time="2024-05-03T14:13:52.297159" level="INFO">${list_country} = ['AD', 'AE', 'AF', 'AG', 'AI', 'AL', 'AM', 'AO', 'AQ', 'AR', 'AS', 'AT', 'AU', 'AW', 'AX', 'AZ', 'BA', 'BB', 'BD', 'BE', 'BF', 'BG', 'BH', 'BI', 'BJ', 'BL', 'BM', 'BN', 'BO', 'BQ', 'BR', 'BS', 'BT', '...</msg>
<var>${list_country}</var>
<arg>AD</arg>
<arg>AE</arg>
<arg>AF</arg>
<arg>AG</arg>
<arg>AI</arg>
<arg>AL</arg>
<arg>AM</arg>
<arg>AO</arg>
<arg>AQ</arg>
<arg>AR</arg>
<arg>AS</arg>
<arg>AT</arg>
<arg>AU</arg>
<arg>AW</arg>
<arg>AX</arg>
<arg>AZ</arg>
<arg>BA</arg>
<arg>BB</arg>
<arg>BD</arg>
<arg>BE</arg>
<arg>BF</arg>
<arg>BG</arg>
<arg>BH</arg>
<arg>BI</arg>
<arg>BJ</arg>
<arg>BL</arg>
<arg>BM</arg>
<arg>BN</arg>
<arg>BO</arg>
<arg>BQ</arg>
<arg>BR</arg>
<arg>BS</arg>
<arg>BT</arg>
<arg>BV</arg>
<arg>BW</arg>
<arg>BY</arg>
<arg>BZ</arg>
<arg>CA</arg>
<arg>CC</arg>
<arg>CD</arg>
<arg>CF</arg>
<arg>CG</arg>
<arg>CH</arg>
<arg>CI</arg>
<arg>CK</arg>
<arg>CL</arg>
<arg>CM</arg>
<arg>CN</arg>
<arg>CO</arg>
<arg>CR</arg>
<arg>CU</arg>
<arg>CV</arg>
<arg>CW</arg>
<arg>CX</arg>
<arg>CY</arg>
<arg>CZ</arg>
<arg>DE</arg>
<arg>DJ</arg>
<arg>DK</arg>
<arg>DM</arg>
<arg>DO</arg>
<arg>DZ</arg>
<arg>EC</arg>
<arg>EE</arg>
<arg>EG</arg>
<arg>EH</arg>
<arg>ER</arg>
<arg>ES</arg>
<arg>ET</arg>
<arg>FI</arg>
<arg>FJ</arg>
<arg>FK</arg>
<arg>FM</arg>
<arg>FO</arg>
<arg>FR</arg>
<arg>GA</arg>
<arg>GB</arg>
<arg>GD</arg>
<arg>GE</arg>
<arg>GF</arg>
<arg>GG</arg>
<arg>GH</arg>
<arg>GI</arg>
<arg>GL</arg>
<arg>GM</arg>
<arg>GN</arg>
<arg>GP</arg>
<arg>GQ</arg>
<arg>GR</arg>
<arg>GS</arg>
<arg>GT</arg>
<arg>GU</arg>
<arg>GW</arg>
<arg>GY</arg>
<arg>HK</arg>
<arg>HM</arg>
<arg>HN</arg>
<arg>HR</arg>
<arg>HT</arg>
<arg>HU</arg>
<arg>ID</arg>
<arg>IE</arg>
<arg>IL</arg>
<arg>IM</arg>
<arg>IN</arg>
<arg>IO</arg>
<arg>IQ</arg>
<arg>IR</arg>
<arg>IS</arg>
<arg>IT</arg>
<arg>JE</arg>
<arg>JM</arg>
<arg>JO</arg>
<arg>JP</arg>
<arg>KE</arg>
<arg>KG</arg>
<arg>KH</arg>
<arg>KI</arg>
<arg>KM</arg>
<arg>KN</arg>
<arg>KP</arg>
<arg>KR</arg>
<arg>KW</arg>
<arg>KY</arg>
<arg>KZ</arg>
<arg>LA</arg>
<arg>LB</arg>
<arg>LC</arg>
<arg>LI</arg>
<arg>LK</arg>
<arg>LR</arg>
<arg>LS</arg>
<arg>LT</arg>
<arg>LU</arg>
<arg>LV</arg>
<arg>LY</arg>
<arg>MA</arg>
<arg>MC</arg>
<arg>MD</arg>
<arg>ME</arg>
<arg>MF</arg>
<arg>MG</arg>
<arg>MH</arg>
<arg>MK</arg>
<arg>ML</arg>
<arg>MM</arg>
<arg>MN</arg>
<arg>MO</arg>
<arg>MP</arg>
<arg>MQ</arg>
<arg>MR</arg>
<arg>MS</arg>
<arg>MT</arg>
<arg>MU</arg>
<arg>MV</arg>
<arg>MW</arg>
<arg>MX</arg>
<arg>MY</arg>
<arg>MZ</arg>
<arg>NA</arg>
<arg>NC</arg>
<arg>NE</arg>
<arg>NF</arg>
<arg>NG</arg>
<arg>NI</arg>
<arg>NL</arg>
<arg>NO</arg>
<arg>NP</arg>
<arg>NR</arg>
<arg>NU</arg>
<arg>NZ</arg>
<arg>OM</arg>
<arg>PA</arg>
<arg>PE</arg>
<arg>PF</arg>
<arg>PG</arg>
<arg>PH</arg>
<arg>PK</arg>
<arg>PL</arg>
<arg>PM</arg>
<arg>PN</arg>
<arg>PR</arg>
<arg>PS</arg>
<arg>PT</arg>
<arg>PW</arg>
<arg>PY</arg>
<arg>QA</arg>
<arg>RE</arg>
<arg>RO</arg>
<arg>RS</arg>
<arg>RU</arg>
<arg>RW</arg>
<arg>SA</arg>
<arg>SB</arg>
<arg>SC</arg>
<arg>SD</arg>
<arg>SE</arg>
<arg>SG</arg>
<arg>SH</arg>
<arg>SI</arg>
<arg>SJ</arg>
<arg>SK</arg>
<arg>SL</arg>
<arg>SM</arg>
<arg>SN</arg>
<arg>SO</arg>
<arg>SR</arg>
<arg>SS</arg>
<arg>ST</arg>
<arg>SV</arg>
<arg>SX</arg>
<arg>SY</arg>
<arg>SZ</arg>
<arg>TC</arg>
<arg>TD</arg>
<arg>TF</arg>
<arg>TG</arg>
<arg>TH</arg>
<arg>TJ</arg>
<arg>TK</arg>
<arg>TL</arg>
<arg>TM</arg>
<arg>TN</arg>
<arg>TO</arg>
<arg>TR</arg>
<arg>TT</arg>
<arg>TV</arg>
<arg>TW</arg>
<arg>TZ</arg>
<arg>UA</arg>
<arg>UG</arg>
<arg>UM</arg>
<arg>US</arg>
<arg>UY</arg>
<arg>UZ</arg>
<arg>VA</arg>
<arg>VC</arg>
<arg>VE</arg>
<arg>VG</arg>
<arg>VI</arg>
<arg>VN</arg>
<arg>VU</arg>
<arg>WF</arg>
<arg>WS</arg>
<arg>XK</arg>
<arg>YE</arg>
<arg>YT</arg>
<arg>ZA</arg>
<arg>ZM</arg>
<arg>ZW</arg>
<doc>Returns a list containing given items.</doc>
<status status="PASS" start="2024-05-03T14:13:52.296573" elapsed="0.000612"/>
</kw>
<kw name="List Should Contain Value" owner="Collections">
<msg time="2024-05-03T14:13:52.298314" level="INFO">False</msg>
<arg>${list_country}</arg>
<arg>${name_country}</arg>
<doc>Fails if the ``value`` is not found from ``list``.</doc>
<status status="PASS" start="2024-05-03T14:13:52.298062" elapsed="0.000306"/>
</kw>
<kw name="Run Keyword If" owner="BuiltIn">
<kw name="Should Be True" owner="BuiltIn">
<arg>${True}</arg>
<doc>Fails if the given condition is not true.</doc>
<status status="PASS" start="2024-05-03T14:13:52.299565" elapsed="0.000294"/>
</kw>
<arg>${json_data["results"][0]["location"]["coordinates"]["latitude"]} &gt;= -90 and ${json_data["results"][0]["location"]["coordinates"]["latitude"]} &lt;= 90</arg>
<arg>Should Be True</arg>
<arg>${True}</arg>
<doc>Runs the given keyword with the given arguments, if ``condition`` is true.</doc>
<status status="PASS" start="2024-05-03T14:13:52.298753" elapsed="0.001245"/>
</kw>
<kw name="Run Keyword If" owner="BuiltIn">
<kw name="Should Be True" owner="BuiltIn">
<arg>${True}</arg>
<doc>Fails if the given condition is not true.</doc>
<status status="PASS" start="2024-05-03T14:13:52.300941" elapsed="0.000146"/>
</kw>
<arg>${json_data["results"][0]["location"]["coordinates"]["longitude"]} &gt;= -180 and ${json_data["results"][0]["location"]["coordinates"]["longitude"]} &lt;= 180</arg>
<arg>Should Be True</arg>
<arg>${True}</arg>
<doc>Runs the given keyword with the given arguments, if ``condition`` is true.</doc>
<status status="PASS" start="2024-05-03T14:13:52.300208" elapsed="0.001005"/>
</kw>
<status status="PASS" start="2024-05-03T14:13:52.193829" elapsed="0.107521"/>
</kw>
<doc>Testa o conteúdo específico dos campos retornados pela API.</doc>
<tag>testeConteudo</tag>
<status status="PASS" start="2024-05-03T14:13:52.193188" elapsed="0.108321"/>
</test>
<status status="PASS" start="2024-05-03T14:13:51.459724" elapsed="0.843835"/>
</suite>
<status status="PASS" start="2024-05-03T14:13:51.445464" elapsed="0.863374"/>
</suite>
<statistics>
<total>
<stat pass="5" fail="0" skip="0">All Tests</stat>
</total>
<tag>
<stat pass="1" fail="0" skip="0">testeConteudo</stat>
<stat pass="1" fail="0" skip="0">testeEstruturaResposta</stat>
<stat pass="1" fail="0" skip="0">testeRequisicaoBasica</stat>
<stat pass="1" fail="0" skip="0">testeTiposDados</stat>
</tag>
<suite>
<stat pass="5" fail="0" skip="0" id="s1" name="Tests">Tests</stat>
<stat pass="5" fail="0" skip="0" id="s1-s1" name="Random-User-Test">Tests.Random-User-Test</stat>
</suite>
</statistics>
<errors>
</errors>
</robot>
