<?xml version="1.0" encoding="UTF-8"?>
<robot generator="Robot 7.0.1 (Python 3.12.4 on linux)" generated="2024-08-05T22:14:32.251954" rpa="false" schemaversion="5">
<suite id="s1" name="Tests" source="/home/runner/work/ApiRandomUser/ApiRandomUser/RamdonUser/tests">
<suite id="s1-s1" name="Random-User-Test" source="/home/runner/work/ApiRandomUser/ApiRandomUser/RamdonUser/tests/random-user-test.robot">
<test id="s1-s1-t1" name="Conectar" line="13">
<kw name="Conectar API" owner="random-user-service">
<kw name="Create Session" owner="RequestsLibrary">
<msg time="2024-08-05T22:14:32.649369" level="INFO">Creating Session using : alias=consultarAPI, url=https://randomuser.me/, headers={},                     cookies={}, auth=None, timeout=None, proxies=None, verify=False,                     debug=0 </msg>
<arg>consultarAPI</arg>
<arg>${URL}</arg>
<doc>Create Session: create a HTTP session to a server</doc>
<status status="PASS" start="2024-08-05T22:14:32.649168" elapsed="0.000371"/>
</kw>
<status status="PASS" start="2024-08-05T22:14:32.648146" elapsed="0.001741"/>
</kw>
<status status="PASS" start="2024-08-05T22:14:32.647563" elapsed="0.002517"/>
</test>
<test id="s1-s1-t2" name="Validar retorno 200 e JSON Válido" line="16">
<kw name="Teste de Requisicao Basica" owner="random-user-service">
<kw name="GET On Session" owner="RequestsLibrary">
<msg time="2024-08-05T22:14:32.784862" level="INFO">GET Request : url=https://randomuser.me/api 
 path_url=/api 
 headers={'User-Agent': 'python-requests/2.32.3', 'Accept-Encoding': 'gzip, deflate', 'Accept': '*/*', 'Connection': 'keep-alive'} 
 body=None 
 </msg>
<msg time="2024-08-05T22:14:32.784988" level="INFO">GET Response : url=https://randomuser.me/api 
 status=200, reason=OK 
 headers={'Date': 'Mon, 05 Aug 2024 22:14:32 GMT', 'Content-Type': 'application/json; charset=utf-8', 'Transfer-Encoding': 'chunked', 'Connection': 'keep-alive', 'X-Powered-By': 'Express', 'Access-Control-Allow-Origin': '*', 'Cache-Control': 'no-cache', 'ETag': 'W/"49c-Lh2Ir7694c0S5HpVJA1cYePTcbs"', 'Vary': 'Accept-Encoding', 'Content-Encoding': 'gzip', 'CF-Cache-Status': 'DYNAMIC', 'Report-To': '{"endpoints":[{"url":"https:\\/\\/a.nel.cloudflare.com\\/report\\/v4?s=4kQLsBTZsobdBxr9ts%2B%2FjkO%2F7l%2BopAGve%2BhKLrlPSUzVeeHuG42shCelgWMcp7TsmcBOgZhDunQwH1g3YoYCDjksyBrcV1vW%2FxqFYgxm2z6mBFOI9blzK%2FO5OYWIOh78"}],"group":"cf-nel","max_age":604800}', 'NEL': '{"success_fraction":0,"report_to":"cf-nel","max_age":604800}', 'Server': 'cloudflare', 'CF-RAY': '8aea24065c070633-IAD', 'alt-svc': 'h3=":443"; ma=86400'} 
 body={"results":[{"gender":"female","name":{"title":"Madame","first":"Andrée","last":"Guillaume"},"location":{"street":{"number":5789,"name":"Avenue Jean-Jaurès"},"city":"Cressier (Ne)","state":"Valais","country":"Switzerland","postcode":9986,"coordinates":{"latitude":"-56.4520","longitude":"11.7183"},"timezone":{"offset":"+9:30","description":"Adelaide, Darwin"}},"email":"andree.guillaume@example.com","login":{"uuid":"06be913d-279e-4ff1-b6fd-b09bcffa01d4","username":"smallpanda119","password":"yyyy","salt":"BJ309g9z","md5":"37bd5718d60466e47734fe2d42b5226b","sha1":"6b5a419d6d9828ca47541c6604b8e3b6a06ce26d","sha256":"1231c7c22b666dcaeef13071fb03630a15968435dda0b8e53d6b1b83a82cc5df"},"dob":{"date":"1979-08-01T09:30:33.702Z","age":45},"registered":{"date":"2016-05-05T22:42:12.238Z","age":8},"phone":"078 008 38 89","cell":"079 970 77 96","id":{"name":"AVS","value":"756.4950.9806.50"},"picture":{"large":"https://randomuser.me/api/portraits/women/74.jpg","medium":"https://randomuser.me/api/portraits/med/women/74.jpg","thumbnail":"https://randomuser.me/api/portraits/thumb/women/74.jpg"},"nat":"CH"}],"info":{"seed":"0077ca3ca3b4f7bc","results":1,"page":1,"version":"1.4"}} 
 </msg>
<msg time="2024-08-05T22:14:32.785060" level="INFO">/opt/hostedtoolcache/Python/3.12.4/x64/lib/python3.12/site-packages/urllib3/connectionpool.py:1099: InsecureRequestWarning: Unverified HTTPS request is being made to host 'randomuser.me'. Adding certificate verification is strongly advised. See: https://urllib3.readthedocs.io/en/latest/advanced-usage.html#tls-warnings
  warnings.warn(</msg>
<msg time="2024-08-05T22:14:32.785176" level="INFO">${response} = &lt;Response [200]&gt;</msg>
<var>${response}</var>
<arg>consultarAPI</arg>
<arg>/api</arg>
<doc>Sends a GET request on a previously created HTTP Session.</doc>
<status status="PASS" start="2024-08-05T22:14:32.652739" elapsed="0.132480"/>
</kw>
<kw name="Should Be Equal As Numbers" owner="BuiltIn">
<msg time="2024-08-05T22:14:32.786267" level="INFO">Argument types are:
&lt;class 'int'&gt;
&lt;class 'str'&gt;</msg>
<arg>${response.status_code}</arg>
<arg>200</arg>
<doc>Fails if objects are unequal after converting them to real numbers.</doc>
<status status="PASS" start="2024-08-05T22:14:32.785740" elapsed="0.000591"/>
</kw>
<kw name="Log" owner="BuiltIn">
<msg time="2024-08-05T22:14:32.787003" level="INFO">200</msg>
<arg>${response.status_code}</arg>
<doc>Logs the given message with the given level.</doc>
<status status="PASS" start="2024-08-05T22:14:32.786655" elapsed="0.000391"/>
</kw>
<kw name="Set Variable" owner="BuiltIn">
<msg time="2024-08-05T22:14:32.787793" level="INFO">${json_data} = {'results': [{'gender': 'female', 'name': {'title': 'Madame', 'first': 'Andrée', 'last': 'Guillaume'}, 'location': {'street': {'number': 5789, 'name': 'Avenue Jean-Jaurès'}, 'city': 'Cressier (Ne)', '...</msg>
<var>${json_data}</var>
<arg>${response.json()}</arg>
<doc>Returns the given values which can then be assigned to a variables.</doc>
<status status="PASS" start="2024-08-05T22:14:32.787349" elapsed="0.000473"/>
</kw>
<kw name="Dictionary Should Contain Key" owner="Collections">
<arg>${json_data}</arg>
<arg>results</arg>
<doc>Fails if ``key`` is not found from ``dictionary``.</doc>
<status status="PASS" start="2024-08-05T22:14:32.788121" elapsed="0.000341"/>
</kw>
<status status="PASS" start="2024-08-05T22:14:32.652481" elapsed="0.136174"/>
</kw>
<doc>Testa se a API responde corretamente e retorna um objeto JSON válido.</doc>
<tag>testeRequisicaoBasica</tag>
<status status="PASS" start="2024-08-05T22:14:32.651920" elapsed="0.136922"/>
</test>
<test id="s1-s1-t3" name="Validar estrutura de resposta" line="22">
<kw name="Teste de Estrutura de Resposta" owner="random-user-service">
<kw name="GET On Session" owner="RequestsLibrary">
<msg time="2024-08-05T22:14:32.890989" level="INFO">GET Request : url=https://randomuser.me/api 
 path_url=/api 
 headers={'User-Agent': 'python-requests/2.32.3', 'Accept-Encoding': 'gzip, deflate', 'Accept': '*/*', 'Connection': 'keep-alive'} 
 body=None 
 </msg>
<msg time="2024-08-05T22:14:32.891074" level="INFO">GET Response : url=https://randomuser.me/api 
 status=200, reason=OK 
 headers={'Date': 'Mon, 05 Aug 2024 22:14:32 GMT', 'Content-Type': 'application/json; charset=utf-8', 'Transfer-Encoding': 'chunked', 'Connection': 'keep-alive', 'X-Powered-By': 'Express', 'Access-Control-Allow-Origin': '*', 'Cache-Control': 'no-cache', 'ETag': 'W/"47d-4DNmeZeylmmFqgW3FEblVCEptiM"', 'Vary': 'Accept-Encoding', 'Content-Encoding': 'gzip', 'CF-Cache-Status': 'DYNAMIC', 'Report-To': '{"endpoints":[{"url":"https:\\/\\/a.nel.cloudflare.com\\/report\\/v4?s=lmP%2BAFPovyVOGBtYBl8Xn1K4gdp1QC8R6kJOGSb7JT1JZGmqJKfkWer2ZCtKCIt721g%2BzizT0R4GfKw3f%2BJ3h3cqOwaWmqHRcztT33FDvP9BOAdbnTYDu5SZcD3nL6PV"}],"group":"cf-nel","max_age":604800}', 'NEL': '{"success_fraction":0,"report_to":"cf-nel","max_age":604800}', 'Server': 'cloudflare', 'CF-RAY': '8aea2406fca00633-IAD', 'alt-svc': 'h3=":443"; ma=86400'} 
 body={"results":[{"gender":"female","name":{"title":"Miss","first":"Dorofeya","last":"Pishchenko"},"location":{"street":{"number":5611,"name":"Suhumska"},"city":"Kiverci","state":"Zakarpatska","country":"Ukraine","postcode":35716,"coordinates":{"latitude":"73.9104","longitude":"149.2645"},"timezone":{"offset":"-3:30","description":"Newfoundland"}},"email":"dorofeya.pishchenko@example.com","login":{"uuid":"3a058d64-4326-4dac-a8a5-053e534c8b85","username":"goldenbear388","password":"navy","salt":"njA1PYlH","md5":"3440c94ff5769aac85062b97491483a5","sha1":"79bed966db2de15ebd57307cb0b1eb13fbc44635","sha256":"c083379901a6f2c1933430bed0c18f2a61a9c98c138b0182315b1b42d97b0fac"},"dob":{"date":"1955-09-04T07:43:50.079Z","age":68},"registered":{"date":"2020-11-21T00:51:38.582Z","age":3},"phone":"(067) H75-7531","cell":"(098) P12-1769","id":{"name":"","value":null},"picture":{"large":"https://randomuser.me/api/portraits/women/32.jpg","medium":"https://randomuser.me/api/portraits/med/women/32.jpg","thumbnail":"https://randomuser.me/api/portraits/thumb/women/32.jpg"},"nat":"UA"}],"info":{"seed":"fe001baf2c2ac05b","results":1,"page":1,"version":"1.4"}} 
 </msg>
<msg time="2024-08-05T22:14:32.891178" level="INFO">/opt/hostedtoolcache/Python/3.12.4/x64/lib/python3.12/site-packages/urllib3/connectionpool.py:1099: InsecureRequestWarning: Unverified HTTPS request is being made to host 'randomuser.me'. Adding certificate verification is strongly advised. See: https://urllib3.readthedocs.io/en/latest/advanced-usage.html#tls-warnings
  warnings.warn(</msg>
<msg time="2024-08-05T22:14:32.891278" level="INFO">${response} = &lt;Response [200]&gt;</msg>
<var>${response}</var>
<arg>consultarAPI</arg>
<arg>/api</arg>
<doc>Sends a GET request on a previously created HTTP Session.</doc>
<status status="PASS" start="2024-08-05T22:14:32.791361" elapsed="0.099959"/>
</kw>
<kw name="Set Variable" owner="BuiltIn">
<msg time="2024-08-05T22:14:32.892359" level="INFO">${json_data} = {'results': [{'gender': 'female', 'name': {'title': 'Miss', 'first': 'Dorofeya', 'last': 'Pishchenko'}, 'location': {'street': {'number': 5611, 'name': 'Suhumska'}, 'city': 'Kiverci', 'state': 'Zakarp...</msg>
<var>${json_data}</var>
<arg>${response.json()}</arg>
<doc>Returns the given values which can then be assigned to a variables.</doc>
<status status="PASS" start="2024-08-05T22:14:32.891797" elapsed="0.000633"/>
</kw>
<kw name="Log" owner="BuiltIn">
<msg time="2024-08-05T22:14:32.892912" level="INFO">{'results': [{'gender': 'female', 'name': {'title': 'Miss', 'first': 'Dorofeya', 'last': 'Pishchenko'}, 'location': {'street': {'number': 5611, 'name': 'Suhumska'}, 'city': 'Kiverci', 'state': 'Zakarpatska', 'country': 'Ukraine', 'postcode': 35716, 'coordinates': {'latitude': '73.9104', 'longitude': '149.2645'}, 'timezone': {'offset': '-3:30', 'description': 'Newfoundland'}}, 'email': 'dorofeya.pishchenko@example.com', 'login': {'uuid': '3a058d64-4326-4dac-a8a5-053e534c8b85', 'username': 'goldenbear388', 'password': 'navy', 'salt': 'njA1PYlH', 'md5': '3440c94ff5769aac85062b97491483a5', 'sha1': '79bed966db2de15ebd57307cb0b1eb13fbc44635', 'sha256': 'c083379901a6f2c1933430bed0c18f2a61a9c98c138b0182315b1b42d97b0fac'}, 'dob': {'date': '1955-09-04T07:43:50.079Z', 'age': 68}, 'registered': {'date': '2020-11-21T00:51:38.582Z', 'age': 3}, 'phone': '(067) H75-7531', 'cell': '(098) P12-1769', 'id': {'name': '', 'value': None}, 'picture': {'large': 'https://randomuser.me/api/portraits/women/32.jpg', 'medium': 'https://randomuser.me/api/portraits/med/women/32.jpg', 'thumbnail': 'https://randomuser.me/api/portraits/thumb/women/32.jpg'}, 'nat': 'UA'}], 'info': {'seed': 'fe001baf2c2ac05b', 'results': 1, 'page': 1, 'version': '1.4'}}</msg>
<arg>${json_data}</arg>
<doc>Logs the given message with the given level.</doc>
<status status="PASS" start="2024-08-05T22:14:32.892753" elapsed="0.000213"/>
</kw>
<kw name="Dictionary Should Contain Key" owner="Collections">
<arg>${json_data}</arg>
<arg>results</arg>
<doc>Fails if ``key`` is not found from ``dictionary``.</doc>
<status status="PASS" start="2024-08-05T22:14:32.893261" elapsed="0.000162"/>
</kw>
<kw name="Should Not Be Empty" owner="BuiltIn">
<msg time="2024-08-05T22:14:32.893731" level="INFO">Length is 2.</msg>
<arg>${json_data}</arg>
<doc>Verifies that the given item is not empty.</doc>
<status status="PASS" start="2024-08-05T22:14:32.893606" elapsed="0.000165"/>
</kw>
<kw name="Create List" owner="BuiltIn">
<msg time="2024-08-05T22:14:32.894218" level="INFO">${expected_keys} = ['gender', 'name', 'location', 'email', 'login']</msg>
<var>${expected_keys}</var>
<arg>gender</arg>
<arg>name</arg>
<arg>location</arg>
<arg>email</arg>
<arg>login</arg>
<doc>Returns a list containing given items.</doc>
<status status="PASS" start="2024-08-05T22:14:32.894061" elapsed="0.000182"/>
</kw>
<for flavor="IN">
<iter>
<kw name="Dictionary Should Contain Key" owner="Collections">
<arg>${json_data['results'][0]}</arg>
<arg>${key}</arg>
<doc>Fails if ``key`` is not found from ``dictionary``.</doc>
<status status="PASS" start="2024-08-05T22:14:32.894815" elapsed="0.000409"/>
</kw>
<kw name="Log" owner="BuiltIn">
<msg time="2024-08-05T22:14:32.895774" level="INFO">{'gender': 'female', 'name': {'title': 'Miss', 'first': 'Dorofeya', 'last': 'Pishchenko'}, 'location': {'street': {'number': 5611, 'name': 'Suhumska'}, 'city': 'Kiverci', 'state': 'Zakarpatska', 'country': 'Ukraine', 'postcode': 35716, 'coordinates': {'latitude': '73.9104', 'longitude': '149.2645'}, 'timezone': {'offset': '-3:30', 'description': 'Newfoundland'}}, 'email': 'dorofeya.pishchenko@example.com', 'login': {'uuid': '3a058d64-4326-4dac-a8a5-053e534c8b85', 'username': 'goldenbear388', 'password': 'navy', 'salt': 'njA1PYlH', 'md5': '3440c94ff5769aac85062b97491483a5', 'sha1': '79bed966db2de15ebd57307cb0b1eb13fbc44635', 'sha256': 'c083379901a6f2c1933430bed0c18f2a61a9c98c138b0182315b1b42d97b0fac'}, 'dob': {'date': '1955-09-04T07:43:50.079Z', 'age': 68}, 'registered': {'date': '2020-11-21T00:51:38.582Z', 'age': 3}, 'phone': '(067) H75-7531', 'cell': '(098) P12-1769', 'id': {'name': '', 'value': None}, 'picture': {'large': 'https://randomuser.me/api/portraits/women/32.jpg', 'medium': 'https://randomuser.me/api/portraits/med/women/32.jpg', 'thumbnail': 'https://randomuser.me/api/portraits/thumb/women/32.jpg'}, 'nat': 'UA'}</msg>
<arg>${json_data['results'][0]}</arg>
<doc>Logs the given message with the given level.</doc>
<status status="PASS" start="2024-08-05T22:14:32.895417" elapsed="0.000418"/>
</kw>
<kw name="Log" owner="BuiltIn">
<msg time="2024-08-05T22:14:32.896274" level="INFO">gender</msg>
<arg>${key}</arg>
<doc>Logs the given message with the given level.</doc>
<status status="PASS" start="2024-08-05T22:14:32.896143" elapsed="0.000171"/>
</kw>
<var name="${key}">gender</var>
<status status="PASS" start="2024-08-05T22:14:32.894687" elapsed="0.001869"/>
</iter>
<iter>
<kw name="Dictionary Should Contain Key" owner="Collections">
<arg>${json_data['results'][0]}</arg>
<arg>${key}</arg>
<doc>Fails if ``key`` is not found from ``dictionary``.</doc>
<status status="PASS" start="2024-08-05T22:14:32.896864" elapsed="0.000413"/>
</kw>
<kw name="Log" owner="BuiltIn">
<msg time="2024-08-05T22:14:32.897821" level="INFO">{'gender': 'female', 'name': {'title': 'Miss', 'first': 'Dorofeya', 'last': 'Pishchenko'}, 'location': {'street': {'number': 5611, 'name': 'Suhumska'}, 'city': 'Kiverci', 'state': 'Zakarpatska', 'country': 'Ukraine', 'postcode': 35716, 'coordinates': {'latitude': '73.9104', 'longitude': '149.2645'}, 'timezone': {'offset': '-3:30', 'description': 'Newfoundland'}}, 'email': 'dorofeya.pishchenko@example.com', 'login': {'uuid': '3a058d64-4326-4dac-a8a5-053e534c8b85', 'username': 'goldenbear388', 'password': 'navy', 'salt': 'njA1PYlH', 'md5': '3440c94ff5769aac85062b97491483a5', 'sha1': '79bed966db2de15ebd57307cb0b1eb13fbc44635', 'sha256': 'c083379901a6f2c1933430bed0c18f2a61a9c98c138b0182315b1b42d97b0fac'}, 'dob': {'date': '1955-09-04T07:43:50.079Z', 'age': 68}, 'registered': {'date': '2020-11-21T00:51:38.582Z', 'age': 3}, 'phone': '(067) H75-7531', 'cell': '(098) P12-1769', 'id': {'name': '', 'value': None}, 'picture': {'large': 'https://randomuser.me/api/portraits/women/32.jpg', 'medium': 'https://randomuser.me/api/portraits/med/women/32.jpg', 'thumbnail': 'https://randomuser.me/api/portraits/thumb/women/32.jpg'}, 'nat': 'UA'}</msg>
<arg>${json_data['results'][0]}</arg>
<doc>Logs the given message with the given level.</doc>
<status status="PASS" start="2024-08-05T22:14:32.897462" elapsed="0.000439"/>
</kw>
<kw name="Log" owner="BuiltIn">
<msg time="2024-08-05T22:14:32.898328" level="INFO">name</msg>
<arg>${key}</arg>
<doc>Logs the given message with the given level.</doc>
<status status="PASS" start="2024-08-05T22:14:32.898200" elapsed="0.000166"/>
</kw>
<var name="${key}">name</var>
<status status="PASS" start="2024-08-05T22:14:32.896745" elapsed="0.001838"/>
</iter>
<iter>
<kw name="Dictionary Should Contain Key" owner="Collections">
<arg>${json_data['results'][0]}</arg>
<arg>${key}</arg>
<doc>Fails if ``key`` is not found from ``dictionary``.</doc>
<status status="PASS" start="2024-08-05T22:14:32.898868" elapsed="0.000385"/>
</kw>
<kw name="Log" owner="BuiltIn">
<msg time="2024-08-05T22:14:32.899790" level="INFO">{'gender': 'female', 'name': {'title': 'Miss', 'first': 'Dorofeya', 'last': 'Pishchenko'}, 'location': {'street': {'number': 5611, 'name': 'Suhumska'}, 'city': 'Kiverci', 'state': 'Zakarpatska', 'country': 'Ukraine', 'postcode': 35716, 'coordinates': {'latitude': '73.9104', 'longitude': '149.2645'}, 'timezone': {'offset': '-3:30', 'description': 'Newfoundland'}}, 'email': 'dorofeya.pishchenko@example.com', 'login': {'uuid': '3a058d64-4326-4dac-a8a5-053e534c8b85', 'username': 'goldenbear388', 'password': 'navy', 'salt': 'njA1PYlH', 'md5': '3440c94ff5769aac85062b97491483a5', 'sha1': '79bed966db2de15ebd57307cb0b1eb13fbc44635', 'sha256': 'c083379901a6f2c1933430bed0c18f2a61a9c98c138b0182315b1b42d97b0fac'}, 'dob': {'date': '1955-09-04T07:43:50.079Z', 'age': 68}, 'registered': {'date': '2020-11-21T00:51:38.582Z', 'age': 3}, 'phone': '(067) H75-7531', 'cell': '(098) P12-1769', 'id': {'name': '', 'value': None}, 'picture': {'large': 'https://randomuser.me/api/portraits/women/32.jpg', 'medium': 'https://randomuser.me/api/portraits/med/women/32.jpg', 'thumbnail': 'https://randomuser.me/api/portraits/thumb/women/32.jpg'}, 'nat': 'UA'}</msg>
<arg>${json_data['results'][0]}</arg>
<doc>Logs the given message with the given level.</doc>
<status status="PASS" start="2024-08-05T22:14:32.899441" elapsed="0.000397"/>
</kw>
<kw name="Log" owner="BuiltIn">
<msg time="2024-08-05T22:14:32.900269" level="INFO">location</msg>
<arg>${key}</arg>
<doc>Logs the given message with the given level.</doc>
<status status="PASS" start="2024-08-05T22:14:32.900139" elapsed="0.000167"/>
</kw>
<var name="${key}">location</var>
<status status="PASS" start="2024-08-05T22:14:32.898759" elapsed="0.001811"/>
</iter>
<iter>
<kw name="Dictionary Should Contain Key" owner="Collections">
<arg>${json_data['results'][0]}</arg>
<arg>${key}</arg>
<doc>Fails if ``key`` is not found from ``dictionary``.</doc>
<status status="PASS" start="2024-08-05T22:14:32.900855" elapsed="0.000393"/>
</kw>
<kw name="Log" owner="BuiltIn">
<msg time="2024-08-05T22:14:32.901899" level="INFO">{'gender': 'female', 'name': {'title': 'Miss', 'first': 'Dorofeya', 'last': 'Pishchenko'}, 'location': {'street': {'number': 5611, 'name': 'Suhumska'}, 'city': 'Kiverci', 'state': 'Zakarpatska', 'country': 'Ukraine', 'postcode': 35716, 'coordinates': {'latitude': '73.9104', 'longitude': '149.2645'}, 'timezone': {'offset': '-3:30', 'description': 'Newfoundland'}}, 'email': 'dorofeya.pishchenko@example.com', 'login': {'uuid': '3a058d64-4326-4dac-a8a5-053e534c8b85', 'username': 'goldenbear388', 'password': 'navy', 'salt': 'njA1PYlH', 'md5': '3440c94ff5769aac85062b97491483a5', 'sha1': '79bed966db2de15ebd57307cb0b1eb13fbc44635', 'sha256': 'c083379901a6f2c1933430bed0c18f2a61a9c98c138b0182315b1b42d97b0fac'}, 'dob': {'date': '1955-09-04T07:43:50.079Z', 'age': 68}, 'registered': {'date': '2020-11-21T00:51:38.582Z', 'age': 3}, 'phone': '(067) H75-7531', 'cell': '(098) P12-1769', 'id': {'name': '', 'value': None}, 'picture': {'large': 'https://randomuser.me/api/portraits/women/32.jpg', 'medium': 'https://randomuser.me/api/portraits/med/women/32.jpg', 'thumbnail': 'https://randomuser.me/api/portraits/thumb/women/32.jpg'}, 'nat': 'UA'}</msg>
<arg>${json_data['results'][0]}</arg>
<doc>Logs the given message with the given level.</doc>
<status status="PASS" start="2024-08-05T22:14:32.901545" elapsed="0.000403"/>
</kw>
<kw name="Log" owner="BuiltIn">
<msg time="2024-08-05T22:14:32.902376" level="INFO">email</msg>
<arg>${key}</arg>
<doc>Logs the given message with the given level.</doc>
<status status="PASS" start="2024-08-05T22:14:32.902246" elapsed="0.000170"/>
</kw>
<var name="${key}">email</var>
<status status="PASS" start="2024-08-05T22:14:32.900745" elapsed="0.001888"/>
</iter>
<iter>
<kw name="Dictionary Should Contain Key" owner="Collections">
<arg>${json_data['results'][0]}</arg>
<arg>${key}</arg>
<doc>Fails if ``key`` is not found from ``dictionary``.</doc>
<status status="PASS" start="2024-08-05T22:14:32.902938" elapsed="0.000384"/>
</kw>
<kw name="Log" owner="BuiltIn">
<msg time="2024-08-05T22:14:32.903857" level="INFO">{'gender': 'female', 'name': {'title': 'Miss', 'first': 'Dorofeya', 'last': 'Pishchenko'}, 'location': {'street': {'number': 5611, 'name': 'Suhumska'}, 'city': 'Kiverci', 'state': 'Zakarpatska', 'country': 'Ukraine', 'postcode': 35716, 'coordinates': {'latitude': '73.9104', 'longitude': '149.2645'}, 'timezone': {'offset': '-3:30', 'description': 'Newfoundland'}}, 'email': 'dorofeya.pishchenko@example.com', 'login': {'uuid': '3a058d64-4326-4dac-a8a5-053e534c8b85', 'username': 'goldenbear388', 'password': 'navy', 'salt': 'njA1PYlH', 'md5': '3440c94ff5769aac85062b97491483a5', 'sha1': '79bed966db2de15ebd57307cb0b1eb13fbc44635', 'sha256': 'c083379901a6f2c1933430bed0c18f2a61a9c98c138b0182315b1b42d97b0fac'}, 'dob': {'date': '1955-09-04T07:43:50.079Z', 'age': 68}, 'registered': {'date': '2020-11-21T00:51:38.582Z', 'age': 3}, 'phone': '(067) H75-7531', 'cell': '(098) P12-1769', 'id': {'name': '', 'value': None}, 'picture': {'large': 'https://randomuser.me/api/portraits/women/32.jpg', 'medium': 'https://randomuser.me/api/portraits/med/women/32.jpg', 'thumbnail': 'https://randomuser.me/api/portraits/thumb/women/32.jpg'}, 'nat': 'UA'}</msg>
<arg>${json_data['results'][0]}</arg>
<doc>Logs the given message with the given level.</doc>
<status status="PASS" start="2024-08-05T22:14:32.903505" elapsed="0.000400"/>
</kw>
<kw name="Log" owner="BuiltIn">
<msg time="2024-08-05T22:14:32.904333" level="INFO">login</msg>
<arg>${key}</arg>
<doc>Logs the given message with the given level.</doc>
<status status="PASS" start="2024-08-05T22:14:32.904204" elapsed="0.000168"/>
</kw>
<var name="${key}">login</var>
<status status="PASS" start="2024-08-05T22:14:32.902807" elapsed="0.001810"/>
</iter>
<var>${key}</var>
<value>@{expected_keys}</value>
<status status="PASS" start="2024-08-05T22:14:32.894505" elapsed="0.010234"/>
</for>
<kw name="Create List" owner="BuiltIn">
<msg time="2024-08-05T22:14:32.905130" level="INFO">${expected_keysTwo} = ['username', 'password']</msg>
<var>${expected_keysTwo}</var>
<arg>username</arg>
<arg>password</arg>
<doc>Returns a list containing given items.</doc>
<status status="PASS" start="2024-08-05T22:14:32.904955" elapsed="0.000201"/>
</kw>
<for flavor="IN">
<iter>
<kw name="Dictionary Should Contain Key" owner="Collections">
<arg>${json_data['results'][0]['login']}</arg>
<arg>${keyTwo}</arg>
<doc>Fails if ``key`` is not found from ``dictionary``.</doc>
<status status="PASS" start="2024-08-05T22:14:32.905698" elapsed="0.000388"/>
</kw>
<kw name="Dictionary Should Contain Key" owner="Collections">
<arg>${json_data['results'][0]['login']}</arg>
<arg>${keyTwo}</arg>
<doc>Fails if ``key`` is not found from ``dictionary``.</doc>
<status status="PASS" start="2024-08-05T22:14:32.906270" elapsed="0.000387"/>
</kw>
<kw name="Log" owner="BuiltIn">
<msg time="2024-08-05T22:14:32.906968" level="INFO">username</msg>
<arg>${keyTwo}</arg>
<doc>Logs the given message with the given level.</doc>
<status status="PASS" start="2024-08-05T22:14:32.906837" elapsed="0.000169"/>
</kw>
<var name="${keyTwo}">username</var>
<status status="PASS" start="2024-08-05T22:14:32.905589" elapsed="0.001645"/>
</iter>
<iter>
<kw name="Dictionary Should Contain Key" owner="Collections">
<arg>${json_data['results'][0]['login']}</arg>
<arg>${keyTwo}</arg>
<doc>Fails if ``key`` is not found from ``dictionary``.</doc>
<status status="PASS" start="2024-08-05T22:14:32.907513" elapsed="0.000385"/>
</kw>
<kw name="Dictionary Should Contain Key" owner="Collections">
<arg>${json_data['results'][0]['login']}</arg>
<arg>${keyTwo}</arg>
<doc>Fails if ``key`` is not found from ``dictionary``.</doc>
<status status="PASS" start="2024-08-05T22:14:32.908076" elapsed="0.000403"/>
</kw>
<kw name="Log" owner="BuiltIn">
<msg time="2024-08-05T22:14:32.908794" level="INFO">password</msg>
<arg>${keyTwo}</arg>
<doc>Logs the given message with the given level.</doc>
<status status="PASS" start="2024-08-05T22:14:32.908671" elapsed="0.000160"/>
</kw>
<var name="${keyTwo}">password</var>
<status status="PASS" start="2024-08-05T22:14:32.907407" elapsed="0.001645"/>
</iter>
<var>${keyTwo}</var>
<value>@{expected_keysTwo}</value>
<status status="PASS" start="2024-08-05T22:14:32.905433" elapsed="0.003739"/>
</for>
<status status="PASS" start="2024-08-05T22:14:32.791126" elapsed="0.118186"/>
</kw>
<doc>Testa a estrutura da resposta da API.</doc>
<tag>testeEstruturaResposta</tag>
<status status="PASS" start="2024-08-05T22:14:32.790640" elapsed="0.118824"/>
</test>
<test id="s1-s1-t4" name="Validar tipos de dados" line="28">
<kw name="Teste de Tipos de Dados" owner="random-user-service">
<kw name="GET On Session" owner="RequestsLibrary">
<msg time="2024-08-05T22:14:32.945709" level="INFO">GET Request : url=https://randomuser.me/api 
 path_url=/api 
 headers={'User-Agent': 'python-requests/2.32.3', 'Accept-Encoding': 'gzip, deflate', 'Accept': '*/*', 'Connection': 'keep-alive'} 
 body=None 
 </msg>
<msg time="2024-08-05T22:14:32.945790" level="INFO">GET Response : url=https://randomuser.me/api 
 status=200, reason=OK 
 headers={'Date': 'Mon, 05 Aug 2024 22:14:32 GMT', 'Content-Type': 'application/json; charset=utf-8', 'Transfer-Encoding': 'chunked', 'Connection': 'keep-alive', 'X-Powered-By': 'Express', 'Access-Control-Allow-Origin': '*', 'Cache-Control': 'no-cache', 'ETag': 'W/"487-gK4OACcr3EyDlFTTsW/Ay2+HRcY"', 'Vary': 'Accept-Encoding', 'Content-Encoding': 'gzip', 'CF-Cache-Status': 'DYNAMIC', 'Report-To': '{"endpoints":[{"url":"https:\\/\\/a.nel.cloudflare.com\\/report\\/v4?s=fMxJuC4rwy7on5qE6oLsmNbk8j2nOHIj8y75VNaR9gYs2kcFm1Vigf3%2FNSiGU6hg5N2PJdiaQcpFRdhlagIdnhSUOi6%2BNigeZgHQCLxBmHyBTO3NSX0JA7MPLzCrmOvy"}],"group":"cf-nel","max_age":604800}', 'NEL': '{"success_fraction":0,"report_to":"cf-nel","max_age":604800}', 'Server': 'cloudflare', 'CF-RAY': '8aea2407bd300633-IAD', 'alt-svc': 'h3=":443"; ma=86400'} 
 body={"results":[{"gender":"female","name":{"title":"Ms","first":"Angela","last":"Freeman"},"location":{"street":{"number":9857,"name":"Pearse Street"},"city":"Midleton","state":"Tipperary","country":"Ireland","postcode":66824,"coordinates":{"latitude":"-3.2558","longitude":"129.2768"},"timezone":{"offset":"+6:00","description":"Almaty, Dhaka, Colombo"}},"email":"angela.freeman@example.com","login":{"uuid":"14acfaad-af8e-4bf7-88ce-eaa5d0e179f6","username":"tinyswan702","password":"rockford","salt":"9I5U7DWG","md5":"ca01f55f3bfaa3dcf5524b045f0c894d","sha1":"094d254b76ebe7cb1db2952c1f01407a3d28ee80","sha256":"da76b961cb4f461a265ec9aa1bb1621624b8561ec5ecde8b3b200664d97dbdcf"},"dob":{"date":"1980-10-31T18:24:35.198Z","age":43},"registered":{"date":"2008-07-19T14:52:49.477Z","age":16},"phone":"011-914-5949","cell":"081-454-1191","id":{"name":"PPS","value":"2943320T"},"picture":{"large":"https://randomuser.me/api/portraits/women/83.jpg","medium":"https://randomuser.me/api/portraits/med/women/83.jpg","thumbnail":"https://randomuser.me/api/portraits/thumb/women/83.jpg"},"nat":"IE"}],"info":{"seed":"3acf6df694b7852e","results":1,"page":1,"version":"1.4"}} 
 </msg>
<msg time="2024-08-05T22:14:32.945866" level="INFO">/opt/hostedtoolcache/Python/3.12.4/x64/lib/python3.12/site-packages/urllib3/connectionpool.py:1099: InsecureRequestWarning: Unverified HTTPS request is being made to host 'randomuser.me'. Adding certificate verification is strongly advised. See: https://urllib3.readthedocs.io/en/latest/advanced-usage.html#tls-warnings
  warnings.warn(</msg>
<msg time="2024-08-05T22:14:32.945981" level="INFO">${response} = &lt;Response [200]&gt;</msg>
<var>${response}</var>
<arg>consultarAPI</arg>
<arg>/api</arg>
<doc>Sends a GET request on a previously created HTTP Session.</doc>
<status status="PASS" start="2024-08-05T22:14:32.911958" elapsed="0.034078"/>
</kw>
<kw name="Set Variable" owner="BuiltIn">
<msg time="2024-08-05T22:14:32.947096" level="INFO">${json_data} = {'results': [{'gender': 'female', 'name': {'title': 'Ms', 'first': 'Angela', 'last': 'Freeman'}, 'location': {'street': {'number': 9857, 'name': 'Pearse Street'}, 'city': 'Midleton', 'state': 'Tippera...</msg>
<var>${json_data}</var>
<arg>${response.json()}</arg>
<doc>Returns the given values which can then be assigned to a variables.</doc>
<status status="PASS" start="2024-08-05T22:14:32.946525" elapsed="0.000600"/>
</kw>
<kw name="Log" owner="BuiltIn">
<msg time="2024-08-05T22:14:32.947580" level="INFO">{'results': [{'gender': 'female', 'name': {'title': 'Ms', 'first': 'Angela', 'last': 'Freeman'}, 'location': {'street': {'number': 9857, 'name': 'Pearse Street'}, 'city': 'Midleton', 'state': 'Tipperary', 'country': 'Ireland', 'postcode': 66824, 'coordinates': {'latitude': '-3.2558', 'longitude': '129.2768'}, 'timezone': {'offset': '+6:00', 'description': 'Almaty, Dhaka, Colombo'}}, 'email': 'angela.freeman@example.com', 'login': {'uuid': '14acfaad-af8e-4bf7-88ce-eaa5d0e179f6', 'username': 'tinyswan702', 'password': 'rockford', 'salt': '9I5U7DWG', 'md5': 'ca01f55f3bfaa3dcf5524b045f0c894d', 'sha1': '094d254b76ebe7cb1db2952c1f01407a3d28ee80', 'sha256': 'da76b961cb4f461a265ec9aa1bb1621624b8561ec5ecde8b3b200664d97dbdcf'}, 'dob': {'date': '1980-10-31T18:24:35.198Z', 'age': 43}, 'registered': {'date': '2008-07-19T14:52:49.477Z', 'age': 16}, 'phone': '011-914-5949', 'cell': '081-454-1191', 'id': {'name': 'PPS', 'value': '2943320T'}, 'picture': {'large': 'https://randomuser.me/api/portraits/women/83.jpg', 'medium': 'https://randomuser.me/api/portraits/med/women/83.jpg', 'thumbnail': 'https://randomuser.me/api/portraits/thumb/women/83.jpg'}, 'nat': 'IE'}], 'info': {'seed': '3acf6df694b7852e', 'results': 1, 'page': 1, 'version': '1.4'}}</msg>
<arg>${json_data}</arg>
<doc>Logs the given message with the given level.</doc>
<status status="PASS" start="2024-08-05T22:14:32.947429" elapsed="0.000198"/>
</kw>
<kw name="Should Be String" owner="String">
<arg>${json_data['results'][0]['gender']}</arg>
<doc>Fails if the given ``item`` is not a string.</doc>
<status status="PASS" start="2024-08-05T22:14:32.947919" elapsed="0.000353"/>
</kw>
<kw name="Should Match Regexp" owner="BuiltIn">
<arg>${json_data['results'][0]['email']}</arg>
<arg>^[a-zA-Z0-9._%+-]+@[a-zA-Z0-9.-]+\.[a-zA-Z]{2,}$</arg>
<doc>Fails if ``string`` does not match ``pattern`` as a regular expression.</doc>
<status status="PASS" start="2024-08-05T22:14:32.948505" elapsed="0.000518"/>
</kw>
<kw name="Should Match Regexp" owner="BuiltIn">
<arg>${json_data['results'][0]['dob']['date']}</arg>
<arg>\\d{4}-\\d{2}-\\d{2}T\\d{2}:\\d{2}:\\d{2}\\.\\d{3}Z</arg>
<doc>Fails if ``string`` does not match ``pattern`` as a regular expression.</doc>
<status status="PASS" start="2024-08-05T22:14:32.949251" elapsed="0.000604"/>
</kw>
<kw name="Should Match Regexp" owner="BuiltIn">
<arg>${json_data['results'][0]['registered']['date']}</arg>
<arg>\\d{4}-\\d{2}-\\d{2}T\\d{2}:\\d{2}:\\d{2}\\.\\d{3}Z</arg>
<doc>Fails if ``string`` does not match ``pattern`` as a regular expression.</doc>
<status status="PASS" start="2024-08-05T22:14:32.950049" elapsed="0.000369"/>
</kw>
<kw name="Should Match Regexp" owner="BuiltIn">
<arg>${json_data['results'][0]['picture']['large']}</arg>
<arg>^https?://.*\.(?:png|jpe?g|gif|bmp)$</arg>
<doc>Fails if ``string`` does not match ``pattern`` as a regular expression.</doc>
<status status="PASS" start="2024-08-05T22:14:32.950603" elapsed="0.000458"/>
</kw>
<kw name="Should Match Regexp" owner="BuiltIn">
<arg>${json_data['results'][0]['picture']['medium']}</arg>
<arg>^https?://.*\.(?:png|jpe?g|gif|bmp)$</arg>
<doc>Fails if ``string`` does not match ``pattern`` as a regular expression.</doc>
<status status="PASS" start="2024-08-05T22:14:32.951250" elapsed="0.000355"/>
</kw>
<kw name="Should Match Regexp" owner="BuiltIn">
<arg>${json_data['results'][0]['picture']['thumbnail']}</arg>
<arg>^https?://.*\.(?:png|jpe?g|gif|bmp)$</arg>
<doc>Fails if ``string`` does not match ``pattern`` as a regular expression.</doc>
<status status="PASS" start="2024-08-05T22:14:32.951786" elapsed="0.000348"/>
</kw>
<kw name="Log" owner="BuiltIn">
<msg time="2024-08-05T22:14:32.952667" level="INFO">{'large': 'https://randomuser.me/api/portraits/women/83.jpg', 'medium': 'https://randomuser.me/api/portraits/med/women/83.jpg', 'thumbnail': 'https://randomuser.me/api/portraits/thumb/women/83.jpg'}</msg>
<arg>${json_data['results'][0]['picture']}</arg>
<doc>Logs the given message with the given level.</doc>
<status status="PASS" start="2024-08-05T22:14:32.952315" elapsed="0.000396"/>
</kw>
<status status="PASS" start="2024-08-05T22:14:32.911734" elapsed="0.041235"/>
</kw>
<kw name="Teste de Tipos de Dados - Postcode" owner="random-user-service">
<kw name="GET On Session" owner="RequestsLibrary">
<msg time="2024-08-05T22:14:33.050903" level="INFO">GET Request : url=https://randomuser.me/api 
 path_url=/api 
 headers={'User-Agent': 'python-requests/2.32.3', 'Accept-Encoding': 'gzip, deflate', 'Accept': '*/*', 'Connection': 'keep-alive'} 
 body=None 
 </msg>
<msg time="2024-08-05T22:14:33.050977" level="INFO">GET Response : url=https://randomuser.me/api 
 status=200, reason=OK 
 headers={'Date': 'Mon, 05 Aug 2024 22:14:33 GMT', 'Content-Type': 'application/json; charset=utf-8', 'Transfer-Encoding': 'chunked', 'Connection': 'keep-alive', 'X-Powered-By': 'Express', 'Access-Control-Allow-Origin': '*', 'Cache-Control': 'no-cache', 'ETag': 'W/"485-saCboNaBHGg9KS47t7vz/Brywfk"', 'Vary': 'Accept-Encoding', 'Content-Encoding': 'gzip', 'CF-Cache-Status': 'DYNAMIC', 'Report-To': '{"endpoints":[{"url":"https:\\/\\/a.nel.cloudflare.com\\/report\\/v4?s=0fEpZG0BOdyDcYjq6q34%2BxN%2BCnGJtUEHebOOl4o%2FjOLXy8tMtL2s4Y7nvylgqbMPJR0VQ5juD86vUVww1NzrhaXHQ%2F2potw%2B%2Bt81vx4OAZctDjezB8JZQZIP2lWLF%2BO5"}],"group":"cf-nel","max_age":604800}', 'NEL': '{"success_fraction":0,"report_to":"cf-nel","max_age":604800}', 'Server': 'cloudflare', 'CF-RAY': '8aea2407fd770633-IAD', 'alt-svc': 'h3=":443"; ma=86400'} 
 body={"results":[{"gender":"female","name":{"title":"Miss","first":"Svitovida","last":"Zhezher"},"location":{"street":{"number":6416,"name":"Prospekt Vinnichenka"},"city":"Teplodar","state":"Zakarpatska","country":"Ukraine","postcode":70625,"coordinates":{"latitude":"75.6342","longitude":"103.1540"},"timezone":{"offset":"-2:00","description":"Mid-Atlantic"}},"email":"svitovida.zhezher@example.com","login":{"uuid":"c456abd4-a439-4267-9841-de3d1ffeb10d","username":"bigsnake940","password":"coventry","salt":"soLlyD3H","md5":"f89810fb4f0c430cb13d7f41f731d883","sha1":"69acc50a88d31359c134dbb39cf9dcbf492d5037","sha256":"ad6fd9a925db23afc43c6195eea9ec04be410cd520856b82ae6b413a92ebd8a4"},"dob":{"date":"1957-09-08T13:33:23.556Z","age":66},"registered":{"date":"2019-11-08T18:52:17.483Z","age":4},"phone":"(099) Y87-0086","cell":"(098) F17-9433","id":{"name":"","value":null},"picture":{"large":"https://randomuser.me/api/portraits/women/6.jpg","medium":"https://randomuser.me/api/portraits/med/women/6.jpg","thumbnail":"https://randomuser.me/api/portraits/thumb/women/6.jpg"},"nat":"UA"}],"info":{"seed":"0351075af614e066","results":1,"page":1,"version":"1.4"}} 
 </msg>
<msg time="2024-08-05T22:14:33.051044" level="INFO">/opt/hostedtoolcache/Python/3.12.4/x64/lib/python3.12/site-packages/urllib3/connectionpool.py:1099: InsecureRequestWarning: Unverified HTTPS request is being made to host 'randomuser.me'. Adding certificate verification is strongly advised. See: https://urllib3.readthedocs.io/en/latest/advanced-usage.html#tls-warnings
  warnings.warn(</msg>
<msg time="2024-08-05T22:14:33.051150" level="INFO">${response} = &lt;Response [200]&gt;</msg>
<var>${response}</var>
<arg>consultarAPI</arg>
<arg>/api</arg>
<doc>Sends a GET request on a previously created HTTP Session.</doc>
<status status="PASS" start="2024-08-05T22:14:32.953392" elapsed="0.097809"/>
</kw>
<kw name="Set Variable" owner="BuiltIn">
<msg time="2024-08-05T22:14:33.052263" level="INFO">${json_data} = {'results': [{'gender': 'female', 'name': {'title': 'Miss', 'first': 'Svitovida', 'last': 'Zhezher'}, 'location': {'street': {'number': 6416, 'name': 'Prospekt Vinnichenka'}, 'city': 'Teplodar', 'stat...</msg>
<var>${json_data}</var>
<arg>${response.json()}</arg>
<doc>Returns the given values which can then be assigned to a variables.</doc>
<status status="PASS" start="2024-08-05T22:14:33.051678" elapsed="0.000614"/>
</kw>
<kw name="Log" owner="BuiltIn">
<msg time="2024-08-05T22:14:33.052797" level="INFO">{'results': [{'gender': 'female', 'name': {'title': 'Miss', 'first': 'Svitovida', 'last': 'Zhezher'}, 'location': {'street': {'number': 6416, 'name': 'Prospekt Vinnichenka'}, 'city': 'Teplodar', 'state': 'Zakarpatska', 'country': 'Ukraine', 'postcode': 70625, 'coordinates': {'latitude': '75.6342', 'longitude': '103.1540'}, 'timezone': {'offset': '-2:00', 'description': 'Mid-Atlantic'}}, 'email': 'svitovida.zhezher@example.com', 'login': {'uuid': 'c456abd4-a439-4267-9841-de3d1ffeb10d', 'username': 'bigsnake940', 'password': 'coventry', 'salt': 'soLlyD3H', 'md5': 'f89810fb4f0c430cb13d7f41f731d883', 'sha1': '69acc50a88d31359c134dbb39cf9dcbf492d5037', 'sha256': 'ad6fd9a925db23afc43c6195eea9ec04be410cd520856b82ae6b413a92ebd8a4'}, 'dob': {'date': '1957-09-08T13:33:23.556Z', 'age': 66}, 'registered': {'date': '2019-11-08T18:52:17.483Z', 'age': 4}, 'phone': '(099) Y87-0086', 'cell': '(098) F17-9433', 'id': {'name': '', 'value': None}, 'picture': {'large': 'https://randomuser.me/api/portraits/women/6.jpg', 'medium': 'https://randomuser.me/api/portraits/med/women/6.jpg', 'thumbnail': 'https://randomuser.me/api/portraits/thumb/women/6.jpg'}, 'nat': 'UA'}], 'info': {'seed': '0351075af614e066', 'results': 1, 'page': 1, 'version': '1.4'}}</msg>
<arg>${json_data}</arg>
<doc>Logs the given message with the given level.</doc>
<status status="PASS" start="2024-08-05T22:14:33.052643" elapsed="0.000201"/>
</kw>
<kw name="Should Be Equal As Numbers" owner="BuiltIn">
<arg>${json_data['results'][0]['location']['postcode']}</arg>
<arg>${json_data['results'][0]['location']['postcode']}</arg>
<doc>Fails if objects are unequal after converting them to real numbers.</doc>
<status status="PASS" start="2024-08-05T22:14:33.053136" elapsed="0.000625"/>
</kw>
<kw name="Log" owner="BuiltIn">
<msg time="2024-08-05T22:14:33.054309" level="INFO">70625</msg>
<arg>${json_data['results'][0]['location']['postcode']}</arg>
<doc>Logs the given message with the given level.</doc>
<status status="PASS" start="2024-08-05T22:14:33.053952" elapsed="0.000402"/>
</kw>
<status status="PASS" start="2024-08-05T22:14:32.953178" elapsed="0.101464"/>
</kw>
<doc>Testa se os tipos de dados na resposta da API estão corretos.</doc>
<tag>testeTiposDados</tag>
<status status="PASS" start="2024-08-05T22:14:32.911214" elapsed="0.143590"/>
</test>
<test id="s1-s1-t5" name="Validar conteudo" line="35">
<kw name="Teste de Tipos de Conteudo" owner="random-user-service">
<kw name="GET On Session" owner="RequestsLibrary">
<msg time="2024-08-05T22:14:33.170484" level="INFO">GET Request : url=https://randomuser.me/api 
 path_url=/api 
 headers={'User-Agent': 'python-requests/2.32.3', 'Accept-Encoding': 'gzip, deflate', 'Accept': '*/*', 'Connection': 'keep-alive'} 
 body=None 
 </msg>
<msg time="2024-08-05T22:14:33.170578" level="INFO">GET Response : url=https://randomuser.me/api 
 status=200, reason=OK 
 headers={'Date': 'Mon, 05 Aug 2024 22:14:33 GMT', 'Content-Type': 'application/json; charset=utf-8', 'Transfer-Encoding': 'chunked', 'Connection': 'keep-alive', 'X-Powered-By': 'Express', 'Access-Control-Allow-Origin': '*', 'Cache-Control': 'no-cache', 'ETag': 'W/"463-vvJrAtXXOUtUTYo/iUWHsxdqPN0"', 'Vary': 'Accept-Encoding', 'Content-Encoding': 'gzip', 'CF-Cache-Status': 'DYNAMIC', 'Report-To': '{"endpoints":[{"url":"https:\\/\\/a.nel.cloudflare.com\\/report\\/v4?s=Ah3i9vtDG2LOxMMvrg1l%2FOykAFvONiIcMTiXtTntdz96gMkxXKdF9CjOR7CiYgXWkHv29Xxe6eWTWg0pegXLuIArjt8z5GJxkacJpUCH1rj4M1G3b5VXKt8qaOdjmWo1"}],"group":"cf-nel","max_age":604800}', 'NEL': '{"success_fraction":0,"report_to":"cf-nel","max_age":604800}', 'Server': 'cloudflare', 'CF-RAY': '8aea2408ae2b0633-IAD', 'alt-svc': 'h3=":443"; ma=86400'} 
 body={"results":[{"gender":"male","name":{"title":"Mr","first":"Jeppe","last":"Thomsen"},"location":{"street":{"number":7360,"name":"Svanevej"},"city":"Hornbæk","state":"Sjælland","country":"Denmark","postcode":68490,"coordinates":{"latitude":"-38.9726","longitude":"-158.4635"},"timezone":{"offset":"-9:00","description":"Alaska"}},"email":"jeppe.thomsen@example.com","login":{"uuid":"6f1bc4ca-9442-47de-851d-89861c6a61bd","username":"bigsnake570","password":"empire","salt":"KrshEZ3V","md5":"19b2cd94956740cedc61aa5e3451caff","sha1":"e79517a7c9f078f34eb1ae6ec6edceb0b2956c38","sha256":"a634ad15da45e6a8ea4802ac52cde13ed284811202c2fee9052070fed5ae34ef"},"dob":{"date":"1978-12-31T22:57:04.184Z","age":45},"registered":{"date":"2012-09-03T12:04:33.348Z","age":11},"phone":"07463178","cell":"98893219","id":{"name":"CPR","value":"311278-1933"},"picture":{"large":"https://randomuser.me/api/portraits/men/41.jpg","medium":"https://randomuser.me/api/portraits/med/men/41.jpg","thumbnail":"https://randomuser.me/api/portraits/thumb/men/41.jpg"},"nat":"DK"}],"info":{"seed":"280d67712d8a1f98","results":1,"page":1,"version":"1.4"}} 
 </msg>
<msg time="2024-08-05T22:14:33.170657" level="INFO">/opt/hostedtoolcache/Python/3.12.4/x64/lib/python3.12/site-packages/urllib3/connectionpool.py:1099: InsecureRequestWarning: Unverified HTTPS request is being made to host 'randomuser.me'. Adding certificate verification is strongly advised. See: https://urllib3.readthedocs.io/en/latest/advanced-usage.html#tls-warnings
  warnings.warn(</msg>
<msg time="2024-08-05T22:14:33.170761" level="INFO">${response} = &lt;Response [200]&gt;</msg>
<var>${response}</var>
<arg>consultarAPI</arg>
<arg>/api</arg>
<doc>Sends a GET request on a previously created HTTP Session.</doc>
<status status="PASS" start="2024-08-05T22:14:33.057381" elapsed="0.113421"/>
</kw>
<kw name="Set Variable" owner="BuiltIn">
<msg time="2024-08-05T22:14:33.171864" level="INFO">${json_data} = {'results': [{'gender': 'male', 'name': {'title': 'Mr', 'first': 'Jeppe', 'last': 'Thomsen'}, 'location': {'street': {'number': 7360, 'name': 'Svanevej'}, 'city': 'Hornbæk', 'state': 'Sjælland', 'coun...</msg>
<var>${json_data}</var>
<arg>${response.json()}</arg>
<doc>Returns the given values which can then be assigned to a variables.</doc>
<status status="PASS" start="2024-08-05T22:14:33.171299" elapsed="0.000595"/>
</kw>
<kw name="Set Variable" owner="BuiltIn">
<msg time="2024-08-05T22:14:33.172643" level="INFO">${name_title} = Mr</msg>
<var>${name_title}</var>
<arg>${json_data["results"][0]["name"]["title"]}</arg>
<doc>Returns the given values which can then be assigned to a variables.</doc>
<status status="PASS" start="2024-08-05T22:14:33.172200" elapsed="0.000470"/>
</kw>
<kw name="Create List" owner="BuiltIn">
<msg time="2024-08-05T22:14:33.173125" level="INFO">${allowed_titles} = ['Mr', 'Ms', 'Miss', 'Mrs', 'Madame', 'Monsieur']</msg>
<var>${allowed_titles}</var>
<arg>Mr</arg>
<arg>Ms</arg>
<arg>Miss</arg>
<arg>Mrs</arg>
<arg>Madame</arg>
<arg>Monsieur</arg>
<doc>Returns a list containing given items.</doc>
<status status="PASS" start="2024-08-05T22:14:33.172971" elapsed="0.000179"/>
</kw>
<kw name="List Should Contain Value" owner="Collections">
<arg>${allowed_titles}</arg>
<arg>${name_title}</arg>
<doc>Fails if the ``value`` is not found from ``list``.</doc>
<status status="PASS" start="2024-08-05T22:14:33.173453" elapsed="0.000183"/>
</kw>
<kw name="Set Variable" owner="BuiltIn">
<msg time="2024-08-05T22:14:33.174190" level="INFO">${name_country} = DK</msg>
<var>${name_country}</var>
<arg>${json_data["results"][0]["nat"]}</arg>
<doc>Returns the given values which can then be assigned to a variables.</doc>
<status status="PASS" start="2024-08-05T22:14:33.173818" elapsed="0.000397"/>
</kw>
<kw name="Create List" owner="BuiltIn">
<msg time="2024-08-05T22:14:33.175096" level="INFO">${list_country} = ['AD', 'AE', 'AF', 'AG', 'AI', 'AL', 'AM', 'AO', 'AQ', 'AR', 'AS', 'AT', 'AU', 'AW', 'AX', 'AZ', 'BA', 'BB', 'BD', 'BE', 'BF', 'BG', 'BH', 'BI', 'BJ', 'BL', 'BM', 'BN', 'BO', 'BQ', 'BR', 'BS', 'BT', '...</msg>
<var>${list_country}</var>
<arg>AD</arg>
<arg>AE</arg>
<arg>AF</arg>
<arg>AG</arg>
<arg>AI</arg>
<arg>AL</arg>
<arg>AM</arg>
<arg>AO</arg>
<arg>AQ</arg>
<arg>AR</arg>
<arg>AS</arg>
<arg>AT</arg>
<arg>AU</arg>
<arg>AW</arg>
<arg>AX</arg>
<arg>AZ</arg>
<arg>BA</arg>
<arg>BB</arg>
<arg>BD</arg>
<arg>BE</arg>
<arg>BF</arg>
<arg>BG</arg>
<arg>BH</arg>
<arg>BI</arg>
<arg>BJ</arg>
<arg>BL</arg>
<arg>BM</arg>
<arg>BN</arg>
<arg>BO</arg>
<arg>BQ</arg>
<arg>BR</arg>
<arg>BS</arg>
<arg>BT</arg>
<arg>BV</arg>
<arg>BW</arg>
<arg>BY</arg>
<arg>BZ</arg>
<arg>CA</arg>
<arg>CC</arg>
<arg>CD</arg>
<arg>CF</arg>
<arg>CG</arg>
<arg>CH</arg>
<arg>CI</arg>
<arg>CK</arg>
<arg>CL</arg>
<arg>CM</arg>
<arg>CN</arg>
<arg>CO</arg>
<arg>CR</arg>
<arg>CU</arg>
<arg>CV</arg>
<arg>CW</arg>
<arg>CX</arg>
<arg>CY</arg>
<arg>CZ</arg>
<arg>DE</arg>
<arg>DJ</arg>
<arg>DK</arg>
<arg>DM</arg>
<arg>DO</arg>
<arg>DZ</arg>
<arg>EC</arg>
<arg>EE</arg>
<arg>EG</arg>
<arg>EH</arg>
<arg>ER</arg>
<arg>ES</arg>
<arg>ET</arg>
<arg>FI</arg>
<arg>FJ</arg>
<arg>FK</arg>
<arg>FM</arg>
<arg>FO</arg>
<arg>FR</arg>
<arg>GA</arg>
<arg>GB</arg>
<arg>GD</arg>
<arg>GE</arg>
<arg>GF</arg>
<arg>GG</arg>
<arg>GH</arg>
<arg>GI</arg>
<arg>GL</arg>
<arg>GM</arg>
<arg>GN</arg>
<arg>GP</arg>
<arg>GQ</arg>
<arg>GR</arg>
<arg>GS</arg>
<arg>GT</arg>
<arg>GU</arg>
<arg>GW</arg>
<arg>GY</arg>
<arg>HK</arg>
<arg>HM</arg>
<arg>HN</arg>
<arg>HR</arg>
<arg>HT</arg>
<arg>HU</arg>
<arg>ID</arg>
<arg>IE</arg>
<arg>IL</arg>
<arg>IM</arg>
<arg>IN</arg>
<arg>IO</arg>
<arg>IQ</arg>
<arg>IR</arg>
<arg>IS</arg>
<arg>IT</arg>
<arg>JE</arg>
<arg>JM</arg>
<arg>JO</arg>
<arg>JP</arg>
<arg>KE</arg>
<arg>KG</arg>
<arg>KH</arg>
<arg>KI</arg>
<arg>KM</arg>
<arg>KN</arg>
<arg>KP</arg>
<arg>KR</arg>
<arg>KW</arg>
<arg>KY</arg>
<arg>KZ</arg>
<arg>LA</arg>
<arg>LB</arg>
<arg>LC</arg>
<arg>LI</arg>
<arg>LK</arg>
<arg>LR</arg>
<arg>LS</arg>
<arg>LT</arg>
<arg>LU</arg>
<arg>LV</arg>
<arg>LY</arg>
<arg>MA</arg>
<arg>MC</arg>
<arg>MD</arg>
<arg>ME</arg>
<arg>MF</arg>
<arg>MG</arg>
<arg>MH</arg>
<arg>MK</arg>
<arg>ML</arg>
<arg>MM</arg>
<arg>MN</arg>
<arg>MO</arg>
<arg>MP</arg>
<arg>MQ</arg>
<arg>MR</arg>
<arg>MS</arg>
<arg>MT</arg>
<arg>MU</arg>
<arg>MV</arg>
<arg>MW</arg>
<arg>MX</arg>
<arg>MY</arg>
<arg>MZ</arg>
<arg>NA</arg>
<arg>NC</arg>
<arg>NE</arg>
<arg>NF</arg>
<arg>NG</arg>
<arg>NI</arg>
<arg>NL</arg>
<arg>NO</arg>
<arg>NP</arg>
<arg>NR</arg>
<arg>NU</arg>
<arg>NZ</arg>
<arg>OM</arg>
<arg>PA</arg>
<arg>PE</arg>
<arg>PF</arg>
<arg>PG</arg>
<arg>PH</arg>
<arg>PK</arg>
<arg>PL</arg>
<arg>PM</arg>
<arg>PN</arg>
<arg>PR</arg>
<arg>PS</arg>
<arg>PT</arg>
<arg>PW</arg>
<arg>PY</arg>
<arg>QA</arg>
<arg>RE</arg>
<arg>RO</arg>
<arg>RS</arg>
<arg>RU</arg>
<arg>RW</arg>
<arg>SA</arg>
<arg>SB</arg>
<arg>SC</arg>
<arg>SD</arg>
<arg>SE</arg>
<arg>SG</arg>
<arg>SH</arg>
<arg>SI</arg>
<arg>SJ</arg>
<arg>SK</arg>
<arg>SL</arg>
<arg>SM</arg>
<arg>SN</arg>
<arg>SO</arg>
<arg>SR</arg>
<arg>SS</arg>
<arg>ST</arg>
<arg>SV</arg>
<arg>SX</arg>
<arg>SY</arg>
<arg>SZ</arg>
<arg>TC</arg>
<arg>TD</arg>
<arg>TF</arg>
<arg>TG</arg>
<arg>TH</arg>
<arg>TJ</arg>
<arg>TK</arg>
<arg>TL</arg>
<arg>TM</arg>
<arg>TN</arg>
<arg>TO</arg>
<arg>TR</arg>
<arg>TT</arg>
<arg>TV</arg>
<arg>TW</arg>
<arg>TZ</arg>
<arg>UA</arg>
<arg>UG</arg>
<arg>UM</arg>
<arg>US</arg>
<arg>UY</arg>
<arg>UZ</arg>
<arg>VA</arg>
<arg>VC</arg>
<arg>VE</arg>
<arg>VG</arg>
<arg>VI</arg>
<arg>VN</arg>
<arg>VU</arg>
<arg>WF</arg>
<arg>WS</arg>
<arg>XK</arg>
<arg>YE</arg>
<arg>YT</arg>
<arg>ZA</arg>
<arg>ZM</arg>
<arg>ZW</arg>
<doc>Returns a list containing given items.</doc>
<status status="PASS" start="2024-08-05T22:14:33.174503" elapsed="0.000619"/>
</kw>
<kw name="List Should Contain Value" owner="Collections">
<arg>${list_country}</arg>
<arg>${name_country}</arg>
<doc>Fails if the ``value`` is not found from ``list``.</doc>
<status status="PASS" start="2024-08-05T22:14:33.176085" elapsed="0.000207"/>
</kw>
<kw name="Run Keyword If" owner="BuiltIn">
<kw name="Should Be True" owner="BuiltIn">
<arg>${True}</arg>
<doc>Fails if the given condition is not true.</doc>
<status status="PASS" start="2024-08-05T22:14:33.177292" elapsed="0.000144"/>
</kw>
<arg>${json_data["results"][0]["location"]["coordinates"]["latitude"]} &gt;= -90 and ${json_data["results"][0]["location"]["coordinates"]["latitude"]} &lt;= 90</arg>
<arg>Should Be True</arg>
<arg>${True}</arg>
<doc>Runs the given keyword with the given arguments, if ``condition`` is true.</doc>
<status status="PASS" start="2024-08-05T22:14:33.176530" elapsed="0.001032"/>
</kw>
<kw name="Run Keyword If" owner="BuiltIn">
<kw name="Should Be True" owner="BuiltIn">
<arg>${True}</arg>
<doc>Fails if the given condition is not true.</doc>
<status status="PASS" start="2024-08-05T22:14:33.178426" elapsed="0.000135"/>
</kw>
<arg>${json_data["results"][0]["location"]["coordinates"]["longitude"]} &gt;= -180 and ${json_data["results"][0]["location"]["coordinates"]["longitude"]} &lt;= 180</arg>
<arg>Should Be True</arg>
<arg>${True}</arg>
<doc>Runs the given keyword with the given arguments, if ``condition`` is true.</doc>
<status status="PASS" start="2024-08-05T22:14:33.177741" elapsed="0.000942"/>
</kw>
<status status="PASS" start="2024-08-05T22:14:33.057162" elapsed="0.121649"/>
</kw>
<doc>Testa o conteúdo específico dos campos retornados pela API.</doc>
<tag>testeConteudo</tag>
<status status="PASS" start="2024-08-05T22:14:33.056645" elapsed="0.122311"/>
</test>
<status status="PASS" start="2024-08-05T22:14:32.313007" elapsed="0.867927"/>
</suite>
<status status="PASS" start="2024-08-05T22:14:32.298644" elapsed="0.887313"/>
</suite>
<statistics>
<total>
<stat pass="5" fail="0" skip="0">All Tests</stat>
</total>
<tag>
<stat pass="1" fail="0" skip="0">testeConteudo</stat>
<stat pass="1" fail="0" skip="0">testeEstruturaResposta</stat>
<stat pass="1" fail="0" skip="0">testeRequisicaoBasica</stat>
<stat pass="1" fail="0" skip="0">testeTiposDados</stat>
</tag>
<suite>
<stat pass="5" fail="0" skip="0" id="s1" name="Tests">Tests</stat>
<stat pass="5" fail="0" skip="0" id="s1-s1" name="Random-User-Test">Tests.Random-User-Test</stat>
</suite>
</statistics>
<errors>
</errors>
</robot>
