<?xml version="1.0" encoding="UTF-8"?>
<robot generator="Robot 7.0.1 (Python 3.12.4 on linux)" generated="2024-06-19T20:14:56.914495" rpa="false" schemaversion="5">
<suite id="s1" name="Tests" source="/home/runner/work/ApiRandomUser/ApiRandomUser/RamdonUser/tests">
<suite id="s1-s1" name="Random-User-Test" source="/home/runner/work/ApiRandomUser/ApiRandomUser/RamdonUser/tests/random-user-test.robot">
<test id="s1-s1-t1" name="Conectar" line="13">
<kw name="Conectar API" owner="random-user-service">
<kw name="Create Session" owner="RequestsLibrary">
<msg time="2024-06-19T20:14:57.317941" level="INFO">Creating Session using : alias=consultarAPI, url=https://randomuser.me/, headers={},                     cookies={}, auth=None, timeout=None, proxies=None, verify=False,                     debug=0 </msg>
<arg>consultarAPI</arg>
<arg>${URL}</arg>
<doc>Create Session: create a HTTP session to a server</doc>
<status status="PASS" start="2024-06-19T20:14:57.317719" elapsed="0.000414"/>
</kw>
<status status="PASS" start="2024-06-19T20:14:57.316709" elapsed="0.001800"/>
</kw>
<status status="PASS" start="2024-06-19T20:14:57.316055" elapsed="0.002653"/>
</test>
<test id="s1-s1-t2" name="Validar retorno 200 e JSON Válido" line="16">
<kw name="Teste de Requisicao Basica" owner="random-user-service">
<kw name="GET On Session" owner="RequestsLibrary">
<msg time="2024-06-19T20:14:57.527089" level="INFO">GET Request : url=https://randomuser.me/api 
 path_url=/api 
 headers={'User-Agent': 'python-requests/2.32.3', 'Accept-Encoding': 'gzip, deflate', 'Accept': '*/*', 'Connection': 'keep-alive'} 
 body=None 
 </msg>
<msg time="2024-06-19T20:14:57.527264" level="INFO">GET Response : url=https://randomuser.me/api 
 status=200, reason=OK 
 headers={'Date': 'Wed, 19 Jun 2024 20:14:57 GMT', 'Content-Type': 'application/json; charset=utf-8', 'Transfer-Encoding': 'chunked', 'Connection': 'keep-alive', 'X-Powered-By': 'Express', 'Access-Control-Allow-Origin': '*', 'Cache-Control': 'no-cache', 'ETag': 'W/"4b0-xYvSA49/YmfHfGJBN8vCHNJHdsY"', 'Vary': 'Accept-Encoding', 'Content-Encoding': 'gzip', 'CF-Cache-Status': 'DYNAMIC', 'Report-To': '{"endpoints":[{"url":"https:\\/\\/a.nel.cloudflare.com\\/report\\/v4?s=osLJBb7jtTtpdowXz2voevL6psgAjAIZ7woLGKwLGmIsuBKL3yhfZVm6RsK4Wr9bntrwmcoeVguklLJoSNVaeHMI6JvbSlQDP8PTm0VFBZtXCTMv3XoaCyR4AC7WYOlm"}],"group":"cf-nel","max_age":604800}', 'NEL': '{"success_fraction":0,"report_to":"cf-nel","max_age":604800}', 'Server': 'cloudflare', 'CF-RAY': '896630392f676176-ORD', 'alt-svc': 'h3=":443"; ma=86400'} 
 body={"results":[{"gender":"female","name":{"title":"Ms","first":"Javeria","last":"Chiplunkar"},"location":{"street":{"number":8475,"name":"Rajpur Rd"},"city":"Narasaraopet","state":"Andaman and Nicobar Islands","country":"India","postcode":74723,"coordinates":{"latitude":"12.1938","longitude":"60.5618"},"timezone":{"offset":"+10:00","description":"Eastern Australia, Guam, Vladivostok"}},"email":"javeria.chiplunkar@example.com","login":{"uuid":"43ffdba0-b3de-4b67-976a-d179eb853678","username":"purplesnake169","password":"gggggg","salt":"pZ5TyDJC","md5":"51ffebb10d3ac321d6674d1a90bea821","sha1":"8b1c57e30fe40b6b82359372c430a2aad8650ff7","sha256":"da14022bdb6fdc7e8e1481f34fd39988ce4597a2297305d1adbcb02aaafb7a49"},"dob":{"date":"1970-06-15T04:15:03.195Z","age":54},"registered":{"date":"2014-04-16T12:53:29.636Z","age":10},"phone":"9532345362","cell":"7193170470","id":{"name":"UIDAI","value":"469717545633"},"picture":{"large":"https://randomuser.me/api/portraits/women/85.jpg","medium":"https://randomuser.me/api/portraits/med/women/85.jpg","thumbnail":"https://randomuser.me/api/portraits/thumb/women/85.jpg"},"nat":"IN"}],"info":{"seed":"9e48d31a24aa7813","results":1,"page":1,"version":"1.4"}} 
 </msg>
<msg time="2024-06-19T20:14:57.527350" level="INFO">/opt/hostedtoolcache/Python/3.12.4/x64/lib/python3.12/site-packages/urllib3/connectionpool.py:1099: InsecureRequestWarning: Unverified HTTPS request is being made to host 'randomuser.me'. Adding certificate verification is strongly advised. See: https://urllib3.readthedocs.io/en/latest/advanced-usage.html#tls-warnings
  warnings.warn(</msg>
<msg time="2024-06-19T20:14:57.527494" level="INFO">${response} = &lt;Response [200]&gt;</msg>
<var>${response}</var>
<arg>consultarAPI</arg>
<arg>/api</arg>
<doc>Sends a GET request on a previously created HTTP Session.</doc>
<status status="PASS" start="2024-06-19T20:14:57.321478" elapsed="0.206058"/>
</kw>
<kw name="Should Be Equal As Numbers" owner="BuiltIn">
<msg time="2024-06-19T20:14:57.528657" level="INFO">Argument types are:
&lt;class 'int'&gt;
&lt;class 'str'&gt;</msg>
<arg>${response.status_code}</arg>
<arg>200</arg>
<doc>Fails if objects are unequal after converting them to real numbers.</doc>
<status status="PASS" start="2024-06-19T20:14:57.528174" elapsed="0.000549"/>
</kw>
<kw name="Log" owner="BuiltIn">
<msg time="2024-06-19T20:14:57.529379" level="INFO">200</msg>
<arg>${response.status_code}</arg>
<doc>Logs the given message with the given level.</doc>
<status status="PASS" start="2024-06-19T20:14:57.529036" elapsed="0.000385"/>
</kw>
<kw name="Set Variable" owner="BuiltIn">
<msg time="2024-06-19T20:14:57.530158" level="INFO">${json_data} = {'results': [{'gender': 'female', 'name': {'title': 'Ms', 'first': 'Javeria', 'last': 'Chiplunkar'}, 'location': {'street': {'number': 8475, 'name': 'Rajpur Rd'}, 'city': 'Narasaraopet', 'state': 'And...</msg>
<var>${json_data}</var>
<arg>${response.json()}</arg>
<doc>Returns the given values which can then be assigned to a variables.</doc>
<status status="PASS" start="2024-06-19T20:14:57.529722" elapsed="0.000465"/>
</kw>
<kw name="Dictionary Should Contain Key" owner="Collections">
<arg>${json_data}</arg>
<arg>results</arg>
<doc>Fails if ``key`` is not found from ``dictionary``.</doc>
<status status="PASS" start="2024-06-19T20:14:57.530482" elapsed="0.000169"/>
</kw>
<status status="PASS" start="2024-06-19T20:14:57.321222" elapsed="0.209582"/>
</kw>
<doc>Testa se a API responde corretamente e retorna um objeto JSON válido.</doc>
<tag>testeRequisicaoBasica</tag>
<status status="PASS" start="2024-06-19T20:14:57.320652" elapsed="0.210330"/>
</test>
<test id="s1-s1-t3" name="Validar estrutura de resposta" line="22">
<kw name="Teste de Estrutura de Resposta" owner="random-user-service">
<kw name="GET On Session" owner="RequestsLibrary">
<msg time="2024-06-19T20:14:57.608776" level="INFO">GET Request : url=https://randomuser.me/api 
 path_url=/api 
 headers={'User-Agent': 'python-requests/2.32.3', 'Accept-Encoding': 'gzip, deflate', 'Accept': '*/*', 'Connection': 'keep-alive'} 
 body=None 
 </msg>
<msg time="2024-06-19T20:14:57.608864" level="INFO">GET Response : url=https://randomuser.me/api 
 status=200, reason=OK 
 headers={'Date': 'Wed, 19 Jun 2024 20:14:57 GMT', 'Content-Type': 'application/json; charset=utf-8', 'Transfer-Encoding': 'chunked', 'Connection': 'keep-alive', 'X-Powered-By': 'Express', 'Access-Control-Allow-Origin': '*', 'Cache-Control': 'no-cache', 'ETag': 'W/"49f-iGwAjgr7sOJdQkBWMNItb98XBBA"', 'Vary': 'Accept-Encoding', 'Content-Encoding': 'gzip', 'CF-Cache-Status': 'DYNAMIC', 'Report-To': '{"endpoints":[{"url":"https:\\/\\/a.nel.cloudflare.com\\/report\\/v4?s=eXv4wreok65cuDrBbI2px4XqRPmCuOjjGS5ZBiRxTKjocyswSUHzr%2FVJCuO%2BjI2LfuuiYp3iCPy4fPTaXZ0Wsl3%2Bz2EJR5rHFmlcdNDLOniycJZCFfo%2BuVEk%2FLK1GuKu"}],"group":"cf-nel","max_age":604800}', 'NEL': '{"success_fraction":0,"report_to":"cf-nel","max_age":604800}', 'Server': 'cloudflare', 'CF-RAY': '8966303998046176-ORD', 'alt-svc': 'h3=":443"; ma=86400'} 
 body={"results":[{"gender":"male","name":{"title":"Mr","first":"Benito","last":"Vidal"},"location":{"street":{"number":4011,"name":"Calle de La Democracia"},"city":"Ciudad Real","state":"Castilla y León","country":"Spain","postcode":23161,"coordinates":{"latitude":"-38.4523","longitude":"-29.1597"},"timezone":{"offset":"-5:00","description":"Eastern Time (US &amp; Canada), Bogota, Lima"}},"email":"benito.vidal@example.com","login":{"uuid":"2f368352-d5fb-4bce-8174-d22912e01515","username":"heavyfish862","password":"alabama","salt":"Zv7RTV6t","md5":"65e04bef3960b4c973cbc0f1ae669650","sha1":"57357d7932b7b5ddd4c32859b0a6ed964f7fdf0e","sha256":"91709a9969014cdc00fa8c1ce9ca99ddd2908c856068783d17e898af2e6fe6ed"},"dob":{"date":"1953-11-13T09:57:32.838Z","age":70},"registered":{"date":"2004-12-17T19:37:18.647Z","age":19},"phone":"901-900-303","cell":"641-693-782","id":{"name":"DNI","value":"36471594-C"},"picture":{"large":"https://randomuser.me/api/portraits/men/61.jpg","medium":"https://randomuser.me/api/portraits/med/men/61.jpg","thumbnail":"https://randomuser.me/api/portraits/thumb/men/61.jpg"},"nat":"ES"}],"info":{"seed":"1a320460a281c849","results":1,"page":1,"version":"1.4"}} 
 </msg>
<msg time="2024-06-19T20:14:57.608990" level="INFO">/opt/hostedtoolcache/Python/3.12.4/x64/lib/python3.12/site-packages/urllib3/connectionpool.py:1099: InsecureRequestWarning: Unverified HTTPS request is being made to host 'randomuser.me'. Adding certificate verification is strongly advised. See: https://urllib3.readthedocs.io/en/latest/advanced-usage.html#tls-warnings
  warnings.warn(</msg>
<msg time="2024-06-19T20:14:57.609105" level="INFO">${response} = &lt;Response [200]&gt;</msg>
<var>${response}</var>
<arg>consultarAPI</arg>
<arg>/api</arg>
<doc>Sends a GET request on a previously created HTTP Session.</doc>
<status status="PASS" start="2024-06-19T20:14:57.533917" elapsed="0.075228"/>
</kw>
<kw name="Set Variable" owner="BuiltIn">
<msg time="2024-06-19T20:14:57.610306" level="INFO">${json_data} = {'results': [{'gender': 'male', 'name': {'title': 'Mr', 'first': 'Benito', 'last': 'Vidal'}, 'location': {'street': {'number': 4011, 'name': 'Calle de La Democracia'}, 'city': 'Ciudad Real', 'state': ...</msg>
<var>${json_data}</var>
<arg>${response.json()}</arg>
<doc>Returns the given values which can then be assigned to a variables.</doc>
<status status="PASS" start="2024-06-19T20:14:57.609709" elapsed="0.000627"/>
</kw>
<kw name="Log" owner="BuiltIn">
<msg time="2024-06-19T20:14:57.610817" level="INFO">{'results': [{'gender': 'male', 'name': {'title': 'Mr', 'first': 'Benito', 'last': 'Vidal'}, 'location': {'street': {'number': 4011, 'name': 'Calle de La Democracia'}, 'city': 'Ciudad Real', 'state': 'Castilla y León', 'country': 'Spain', 'postcode': 23161, 'coordinates': {'latitude': '-38.4523', 'longitude': '-29.1597'}, 'timezone': {'offset': '-5:00', 'description': 'Eastern Time (US &amp; Canada), Bogota, Lima'}}, 'email': 'benito.vidal@example.com', 'login': {'uuid': '2f368352-d5fb-4bce-8174-d22912e01515', 'username': 'heavyfish862', 'password': 'alabama', 'salt': 'Zv7RTV6t', 'md5': '65e04bef3960b4c973cbc0f1ae669650', 'sha1': '57357d7932b7b5ddd4c32859b0a6ed964f7fdf0e', 'sha256': '91709a9969014cdc00fa8c1ce9ca99ddd2908c856068783d17e898af2e6fe6ed'}, 'dob': {'date': '1953-11-13T09:57:32.838Z', 'age': 70}, 'registered': {'date': '2004-12-17T19:37:18.647Z', 'age': 19}, 'phone': '901-900-303', 'cell': '641-693-782', 'id': {'name': 'DNI', 'value': '36471594-C'}, 'picture': {'large': 'https://randomuser.me/api/portraits/men/61.jpg', 'medium': 'https://randomuser.me/api/portraits/med/men/61.jpg', 'thumbnail': 'https://randomuser.me/api/portraits/thumb/men/61.jpg'}, 'nat': 'ES'}], 'info': {'seed': '1a320460a281c849', 'results': 1, 'page': 1, 'version': '1.4'}}</msg>
<arg>${json_data}</arg>
<doc>Logs the given message with the given level.</doc>
<status status="PASS" start="2024-06-19T20:14:57.610654" elapsed="0.000215"/>
</kw>
<kw name="Dictionary Should Contain Key" owner="Collections">
<arg>${json_data}</arg>
<arg>results</arg>
<doc>Fails if ``key`` is not found from ``dictionary``.</doc>
<status status="PASS" start="2024-06-19T20:14:57.611163" elapsed="0.000214"/>
</kw>
<kw name="Should Not Be Empty" owner="BuiltIn">
<msg time="2024-06-19T20:14:57.611697" level="INFO">Length is 2.</msg>
<arg>${json_data}</arg>
<doc>Verifies that the given item is not empty.</doc>
<status status="PASS" start="2024-06-19T20:14:57.611569" elapsed="0.000172"/>
</kw>
<kw name="Create List" owner="BuiltIn">
<msg time="2024-06-19T20:14:57.612181" level="INFO">${expected_keys} = ['gender', 'name', 'location', 'email', 'login']</msg>
<var>${expected_keys}</var>
<arg>gender</arg>
<arg>name</arg>
<arg>location</arg>
<arg>email</arg>
<arg>login</arg>
<doc>Returns a list containing given items.</doc>
<status status="PASS" start="2024-06-19T20:14:57.612034" elapsed="0.000171"/>
</kw>
<for flavor="IN">
<iter>
<kw name="Dictionary Should Contain Key" owner="Collections">
<arg>${json_data['results'][0]}</arg>
<arg>${key}</arg>
<doc>Fails if ``key`` is not found from ``dictionary``.</doc>
<status status="PASS" start="2024-06-19T20:14:57.612955" elapsed="0.000406"/>
</kw>
<kw name="Log" owner="BuiltIn">
<msg time="2024-06-19T20:14:57.613906" level="INFO">{'gender': 'male', 'name': {'title': 'Mr', 'first': 'Benito', 'last': 'Vidal'}, 'location': {'street': {'number': 4011, 'name': 'Calle de La Democracia'}, 'city': 'Ciudad Real', 'state': 'Castilla y León', 'country': 'Spain', 'postcode': 23161, 'coordinates': {'latitude': '-38.4523', 'longitude': '-29.1597'}, 'timezone': {'offset': '-5:00', 'description': 'Eastern Time (US &amp; Canada), Bogota, Lima'}}, 'email': 'benito.vidal@example.com', 'login': {'uuid': '2f368352-d5fb-4bce-8174-d22912e01515', 'username': 'heavyfish862', 'password': 'alabama', 'salt': 'Zv7RTV6t', 'md5': '65e04bef3960b4c973cbc0f1ae669650', 'sha1': '57357d7932b7b5ddd4c32859b0a6ed964f7fdf0e', 'sha256': '91709a9969014cdc00fa8c1ce9ca99ddd2908c856068783d17e898af2e6fe6ed'}, 'dob': {'date': '1953-11-13T09:57:32.838Z', 'age': 70}, 'registered': {'date': '2004-12-17T19:37:18.647Z', 'age': 19}, 'phone': '901-900-303', 'cell': '641-693-782', 'id': {'name': 'DNI', 'value': '36471594-C'}, 'picture': {'large': 'https://randomuser.me/api/portraits/men/61.jpg', 'medium': 'https://randomuser.me/api/portraits/med/men/61.jpg', 'thumbnail': 'https://randomuser.me/api/portraits/thumb/men/61.jpg'}, 'nat': 'ES'}</msg>
<arg>${json_data['results'][0]}</arg>
<doc>Logs the given message with the given level.</doc>
<status status="PASS" start="2024-06-19T20:14:57.613546" elapsed="0.000424"/>
</kw>
<kw name="Log" owner="BuiltIn">
<msg time="2024-06-19T20:14:57.614399" level="INFO">gender</msg>
<arg>${key}</arg>
<doc>Logs the given message with the given level.</doc>
<status status="PASS" start="2024-06-19T20:14:57.614271" elapsed="0.000166"/>
</kw>
<var name="${key}">gender</var>
<status status="PASS" start="2024-06-19T20:14:57.612824" elapsed="0.001833"/>
</iter>
<iter>
<kw name="Dictionary Should Contain Key" owner="Collections">
<arg>${json_data['results'][0]}</arg>
<arg>${key}</arg>
<doc>Fails if ``key`` is not found from ``dictionary``.</doc>
<status status="PASS" start="2024-06-19T20:14:57.614954" elapsed="0.000415"/>
</kw>
<kw name="Log" owner="BuiltIn">
<msg time="2024-06-19T20:14:57.615958" level="INFO">{'gender': 'male', 'name': {'title': 'Mr', 'first': 'Benito', 'last': 'Vidal'}, 'location': {'street': {'number': 4011, 'name': 'Calle de La Democracia'}, 'city': 'Ciudad Real', 'state': 'Castilla y León', 'country': 'Spain', 'postcode': 23161, 'coordinates': {'latitude': '-38.4523', 'longitude': '-29.1597'}, 'timezone': {'offset': '-5:00', 'description': 'Eastern Time (US &amp; Canada), Bogota, Lima'}}, 'email': 'benito.vidal@example.com', 'login': {'uuid': '2f368352-d5fb-4bce-8174-d22912e01515', 'username': 'heavyfish862', 'password': 'alabama', 'salt': 'Zv7RTV6t', 'md5': '65e04bef3960b4c973cbc0f1ae669650', 'sha1': '57357d7932b7b5ddd4c32859b0a6ed964f7fdf0e', 'sha256': '91709a9969014cdc00fa8c1ce9ca99ddd2908c856068783d17e898af2e6fe6ed'}, 'dob': {'date': '1953-11-13T09:57:32.838Z', 'age': 70}, 'registered': {'date': '2004-12-17T19:37:18.647Z', 'age': 19}, 'phone': '901-900-303', 'cell': '641-693-782', 'id': {'name': 'DNI', 'value': '36471594-C'}, 'picture': {'large': 'https://randomuser.me/api/portraits/men/61.jpg', 'medium': 'https://randomuser.me/api/portraits/med/men/61.jpg', 'thumbnail': 'https://randomuser.me/api/portraits/thumb/men/61.jpg'}, 'nat': 'ES'}</msg>
<arg>${json_data['results'][0]}</arg>
<doc>Logs the given message with the given level.</doc>
<status status="PASS" start="2024-06-19T20:14:57.615561" elapsed="0.000450"/>
</kw>
<kw name="Log" owner="BuiltIn">
<msg time="2024-06-19T20:14:57.616436" level="INFO">name</msg>
<arg>${key}</arg>
<doc>Logs the given message with the given level.</doc>
<status status="PASS" start="2024-06-19T20:14:57.616308" elapsed="0.000167"/>
</kw>
<var name="${key}">name</var>
<status status="PASS" start="2024-06-19T20:14:57.614843" elapsed="0.001847"/>
</iter>
<iter>
<kw name="Dictionary Should Contain Key" owner="Collections">
<arg>${json_data['results'][0]}</arg>
<arg>${key}</arg>
<doc>Fails if ``key`` is not found from ``dictionary``.</doc>
<status status="PASS" start="2024-06-19T20:14:57.616974" elapsed="0.000383"/>
</kw>
<kw name="Log" owner="BuiltIn">
<msg time="2024-06-19T20:14:57.617900" level="INFO">{'gender': 'male', 'name': {'title': 'Mr', 'first': 'Benito', 'last': 'Vidal'}, 'location': {'street': {'number': 4011, 'name': 'Calle de La Democracia'}, 'city': 'Ciudad Real', 'state': 'Castilla y León', 'country': 'Spain', 'postcode': 23161, 'coordinates': {'latitude': '-38.4523', 'longitude': '-29.1597'}, 'timezone': {'offset': '-5:00', 'description': 'Eastern Time (US &amp; Canada), Bogota, Lima'}}, 'email': 'benito.vidal@example.com', 'login': {'uuid': '2f368352-d5fb-4bce-8174-d22912e01515', 'username': 'heavyfish862', 'password': 'alabama', 'salt': 'Zv7RTV6t', 'md5': '65e04bef3960b4c973cbc0f1ae669650', 'sha1': '57357d7932b7b5ddd4c32859b0a6ed964f7fdf0e', 'sha256': '91709a9969014cdc00fa8c1ce9ca99ddd2908c856068783d17e898af2e6fe6ed'}, 'dob': {'date': '1953-11-13T09:57:32.838Z', 'age': 70}, 'registered': {'date': '2004-12-17T19:37:18.647Z', 'age': 19}, 'phone': '901-900-303', 'cell': '641-693-782', 'id': {'name': 'DNI', 'value': '36471594-C'}, 'picture': {'large': 'https://randomuser.me/api/portraits/men/61.jpg', 'medium': 'https://randomuser.me/api/portraits/med/men/61.jpg', 'thumbnail': 'https://randomuser.me/api/portraits/thumb/men/61.jpg'}, 'nat': 'ES'}</msg>
<arg>${json_data['results'][0]}</arg>
<doc>Logs the given message with the given level.</doc>
<status status="PASS" start="2024-06-19T20:14:57.617539" elapsed="0.000424"/>
</kw>
<kw name="Log" owner="BuiltIn">
<msg time="2024-06-19T20:14:57.618379" level="INFO">location</msg>
<arg>${key}</arg>
<doc>Logs the given message with the given level.</doc>
<status status="PASS" start="2024-06-19T20:14:57.618253" elapsed="0.000164"/>
</kw>
<var name="${key}">location</var>
<status status="PASS" start="2024-06-19T20:14:57.616867" elapsed="0.001764"/>
</iter>
<iter>
<kw name="Dictionary Should Contain Key" owner="Collections">
<arg>${json_data['results'][0]}</arg>
<arg>${key}</arg>
<doc>Fails if ``key`` is not found from ``dictionary``.</doc>
<status status="PASS" start="2024-06-19T20:14:57.618908" elapsed="0.000404"/>
</kw>
<kw name="Log" owner="BuiltIn">
<msg time="2024-06-19T20:14:57.619868" level="INFO">{'gender': 'male', 'name': {'title': 'Mr', 'first': 'Benito', 'last': 'Vidal'}, 'location': {'street': {'number': 4011, 'name': 'Calle de La Democracia'}, 'city': 'Ciudad Real', 'state': 'Castilla y León', 'country': 'Spain', 'postcode': 23161, 'coordinates': {'latitude': '-38.4523', 'longitude': '-29.1597'}, 'timezone': {'offset': '-5:00', 'description': 'Eastern Time (US &amp; Canada), Bogota, Lima'}}, 'email': 'benito.vidal@example.com', 'login': {'uuid': '2f368352-d5fb-4bce-8174-d22912e01515', 'username': 'heavyfish862', 'password': 'alabama', 'salt': 'Zv7RTV6t', 'md5': '65e04bef3960b4c973cbc0f1ae669650', 'sha1': '57357d7932b7b5ddd4c32859b0a6ed964f7fdf0e', 'sha256': '91709a9969014cdc00fa8c1ce9ca99ddd2908c856068783d17e898af2e6fe6ed'}, 'dob': {'date': '1953-11-13T09:57:32.838Z', 'age': 70}, 'registered': {'date': '2004-12-17T19:37:18.647Z', 'age': 19}, 'phone': '901-900-303', 'cell': '641-693-782', 'id': {'name': 'DNI', 'value': '36471594-C'}, 'picture': {'large': 'https://randomuser.me/api/portraits/men/61.jpg', 'medium': 'https://randomuser.me/api/portraits/med/men/61.jpg', 'thumbnail': 'https://randomuser.me/api/portraits/thumb/men/61.jpg'}, 'nat': 'ES'}</msg>
<arg>${json_data['results'][0]}</arg>
<doc>Logs the given message with the given level.</doc>
<status status="PASS" start="2024-06-19T20:14:57.619510" elapsed="0.000410"/>
</kw>
<kw name="Log" owner="BuiltIn">
<msg time="2024-06-19T20:14:57.620349" level="INFO">email</msg>
<arg>${key}</arg>
<doc>Logs the given message with the given level.</doc>
<status status="PASS" start="2024-06-19T20:14:57.620222" elapsed="0.000165"/>
</kw>
<var name="${key}">email</var>
<status status="PASS" start="2024-06-19T20:14:57.618802" elapsed="0.001795"/>
</iter>
<iter>
<kw name="Dictionary Should Contain Key" owner="Collections">
<arg>${json_data['results'][0]}</arg>
<arg>${key}</arg>
<doc>Fails if ``key`` is not found from ``dictionary``.</doc>
<status status="PASS" start="2024-06-19T20:14:57.620872" elapsed="0.000386"/>
</kw>
<kw name="Log" owner="BuiltIn">
<msg time="2024-06-19T20:14:57.621786" level="INFO">{'gender': 'male', 'name': {'title': 'Mr', 'first': 'Benito', 'last': 'Vidal'}, 'location': {'street': {'number': 4011, 'name': 'Calle de La Democracia'}, 'city': 'Ciudad Real', 'state': 'Castilla y León', 'country': 'Spain', 'postcode': 23161, 'coordinates': {'latitude': '-38.4523', 'longitude': '-29.1597'}, 'timezone': {'offset': '-5:00', 'description': 'Eastern Time (US &amp; Canada), Bogota, Lima'}}, 'email': 'benito.vidal@example.com', 'login': {'uuid': '2f368352-d5fb-4bce-8174-d22912e01515', 'username': 'heavyfish862', 'password': 'alabama', 'salt': 'Zv7RTV6t', 'md5': '65e04bef3960b4c973cbc0f1ae669650', 'sha1': '57357d7932b7b5ddd4c32859b0a6ed964f7fdf0e', 'sha256': '91709a9969014cdc00fa8c1ce9ca99ddd2908c856068783d17e898af2e6fe6ed'}, 'dob': {'date': '1953-11-13T09:57:32.838Z', 'age': 70}, 'registered': {'date': '2004-12-17T19:37:18.647Z', 'age': 19}, 'phone': '901-900-303', 'cell': '641-693-782', 'id': {'name': 'DNI', 'value': '36471594-C'}, 'picture': {'large': 'https://randomuser.me/api/portraits/men/61.jpg', 'medium': 'https://randomuser.me/api/portraits/med/men/61.jpg', 'thumbnail': 'https://randomuser.me/api/portraits/thumb/men/61.jpg'}, 'nat': 'ES'}</msg>
<arg>${json_data['results'][0]}</arg>
<doc>Logs the given message with the given level.</doc>
<status status="PASS" start="2024-06-19T20:14:57.621438" elapsed="0.000398"/>
</kw>
<kw name="Log" owner="BuiltIn">
<msg time="2024-06-19T20:14:57.622261" level="INFO">login</msg>
<arg>${key}</arg>
<doc>Logs the given message with the given level.</doc>
<status status="PASS" start="2024-06-19T20:14:57.622131" elapsed="0.000169"/>
</kw>
<var name="${key}">login</var>
<status status="PASS" start="2024-06-19T20:14:57.620765" elapsed="0.001748"/>
</iter>
<var>${key}</var>
<value>@{expected_keys}</value>
<status status="PASS" start="2024-06-19T20:14:57.612626" elapsed="0.010005"/>
</for>
<kw name="Create List" owner="BuiltIn">
<msg time="2024-06-19T20:14:57.622990" level="INFO">${expected_keysTwo} = ['username', 'password']</msg>
<var>${expected_keysTwo}</var>
<arg>username</arg>
<arg>password</arg>
<doc>Returns a list containing given items.</doc>
<status status="PASS" start="2024-06-19T20:14:57.622851" elapsed="0.000163"/>
</kw>
<for flavor="IN">
<iter>
<kw name="Dictionary Should Contain Key" owner="Collections">
<arg>${json_data['results'][0]['login']}</arg>
<arg>${keyTwo}</arg>
<doc>Fails if ``key`` is not found from ``dictionary``.</doc>
<status status="PASS" start="2024-06-19T20:14:57.623552" elapsed="0.000392"/>
</kw>
<kw name="Dictionary Should Contain Key" owner="Collections">
<arg>${json_data['results'][0]['login']}</arg>
<arg>${keyTwo}</arg>
<doc>Fails if ``key`` is not found from ``dictionary``.</doc>
<status status="PASS" start="2024-06-19T20:14:57.624122" elapsed="0.000372"/>
</kw>
<kw name="Log" owner="BuiltIn">
<msg time="2024-06-19T20:14:57.624790" level="INFO">username</msg>
<arg>${keyTwo}</arg>
<doc>Logs the given message with the given level.</doc>
<status status="PASS" start="2024-06-19T20:14:57.624671" elapsed="0.000156"/>
</kw>
<var name="${keyTwo}">username</var>
<status status="PASS" start="2024-06-19T20:14:57.623444" elapsed="0.001598"/>
</iter>
<iter>
<kw name="Dictionary Should Contain Key" owner="Collections">
<arg>${json_data['results'][0]['login']}</arg>
<arg>${keyTwo}</arg>
<doc>Fails if ``key`` is not found from ``dictionary``.</doc>
<status status="PASS" start="2024-06-19T20:14:57.625317" elapsed="0.000384"/>
</kw>
<kw name="Dictionary Should Contain Key" owner="Collections">
<arg>${json_data['results'][0]['login']}</arg>
<arg>${keyTwo}</arg>
<doc>Fails if ``key`` is not found from ``dictionary``.</doc>
<status status="PASS" start="2024-06-19T20:14:57.625880" elapsed="0.000377"/>
</kw>
<kw name="Log" owner="BuiltIn">
<msg time="2024-06-19T20:14:57.626549" level="INFO">password</msg>
<arg>${keyTwo}</arg>
<doc>Logs the given message with the given level.</doc>
<status status="PASS" start="2024-06-19T20:14:57.626432" elapsed="0.000154"/>
</kw>
<var name="${keyTwo}">password</var>
<status status="PASS" start="2024-06-19T20:14:57.625211" elapsed="0.001591"/>
</iter>
<var>${keyTwo}</var>
<value>@{expected_keysTwo}</value>
<status status="PASS" start="2024-06-19T20:14:57.623280" elapsed="0.003641"/>
</for>
<status status="PASS" start="2024-06-19T20:14:57.533596" elapsed="0.093468"/>
</kw>
<doc>Testa a estrutura da resposta da API.</doc>
<tag>testeEstruturaResposta</tag>
<status status="PASS" start="2024-06-19T20:14:57.532873" elapsed="0.094352"/>
</test>
<test id="s1-s1-t4" name="Validar tipos de dados" line="28">
<kw name="Teste de Tipos de Dados" owner="random-user-service">
<kw name="GET On Session" owner="RequestsLibrary">
<msg time="2024-06-19T20:14:57.706173" level="INFO">GET Request : url=https://randomuser.me/api 
 path_url=/api 
 headers={'User-Agent': 'python-requests/2.32.3', 'Accept-Encoding': 'gzip, deflate', 'Accept': '*/*', 'Connection': 'keep-alive'} 
 body=None 
 </msg>
<msg time="2024-06-19T20:14:57.706272" level="INFO">GET Response : url=https://randomuser.me/api 
 status=200, reason=OK 
 headers={'Date': 'Wed, 19 Jun 2024 20:14:57 GMT', 'Content-Type': 'application/json; charset=utf-8', 'Transfer-Encoding': 'chunked', 'Connection': 'keep-alive', 'X-Powered-By': 'Express', 'Access-Control-Allow-Origin': '*', 'Cache-Control': 'no-cache', 'ETag': 'W/"49d-iJVsD2KSkh089KkTeE94dNsAup4"', 'Vary': 'Accept-Encoding', 'Content-Encoding': 'gzip', 'CF-Cache-Status': 'DYNAMIC', 'Report-To': '{"endpoints":[{"url":"https:\\/\\/a.nel.cloudflare.com\\/report\\/v4?s=i%2BshWtuhA0NeEHJA%2F9Ch83jkC0tbQxGvQVO6S29CBXg4jS03ycKDY8UxYTwyAfo0By%2B11YPDQ1zvWPuWIWg07I6lREW6AJ1OPnidBIa6FpZ0p41HAlRc9eUDGZpl%2FZ37"}],"group":"cf-nel","max_age":604800}', 'NEL': '{"success_fraction":0,"report_to":"cf-nel","max_age":604800}', 'Server': 'cloudflare', 'CF-RAY': '8966303a38af6176-ORD', 'alt-svc': 'h3=":443"; ma=86400'} 
 body={"results":[{"gender":"male","name":{"title":"Mr","first":"Raphaël","last":"Dufour"},"location":{"street":{"number":676,"name":"Rue de L'Abbé-Soulange-Bodin"},"city":"Champigny-sur-Marne","state":"Vaucluse","country":"France","postcode":10687,"coordinates":{"latitude":"-13.2471","longitude":"-141.6590"},"timezone":{"offset":"+3:30","description":"Tehran"}},"email":"raphael.dufour@example.com","login":{"uuid":"c39193f0-27fc-49c8-8fd6-dcdb22da42bc","username":"ticklishgorilla867","password":"vantage","salt":"iB9WJVIr","md5":"036d7386a604a148b80556907f6b5fe5","sha1":"7808f186feb5b8893a6e015b33ec4cc7e863509d","sha256":"ea77f001a418a695a14f0ac905651c91d9e48d9aae1f9554bb855feff7fc9e31"},"dob":{"date":"1987-05-14T16:36:06.649Z","age":37},"registered":{"date":"2019-08-28T18:33:22.650Z","age":4},"phone":"01-18-62-17-81","cell":"06-63-24-77-88","id":{"name":"INSEE","value":"1870466053565 59"},"picture":{"large":"https://randomuser.me/api/portraits/men/72.jpg","medium":"https://randomuser.me/api/portraits/med/men/72.jpg","thumbnail":"https://randomuser.me/api/portraits/thumb/men/72.jpg"},"nat":"FR"}],"info":{"seed":"87559d3f34c38bbe","results":1,"page":1,"version":"1.4"}} 
 </msg>
<msg time="2024-06-19T20:14:57.706347" level="INFO">/opt/hostedtoolcache/Python/3.12.4/x64/lib/python3.12/site-packages/urllib3/connectionpool.py:1099: InsecureRequestWarning: Unverified HTTPS request is being made to host 'randomuser.me'. Adding certificate verification is strongly advised. See: https://urllib3.readthedocs.io/en/latest/advanced-usage.html#tls-warnings
  warnings.warn(</msg>
<msg time="2024-06-19T20:14:57.706482" level="INFO">${response} = &lt;Response [200]&gt;</msg>
<var>${response}</var>
<arg>consultarAPI</arg>
<arg>/api</arg>
<doc>Sends a GET request on a previously created HTTP Session.</doc>
<status status="PASS" start="2024-06-19T20:14:57.629933" elapsed="0.076586"/>
</kw>
<kw name="Set Variable" owner="BuiltIn">
<msg time="2024-06-19T20:14:57.707759" level="INFO">${json_data} = {'results': [{'gender': 'male', 'name': {'title': 'Mr', 'first': 'Raphaël', 'last': 'Dufour'}, 'location': {'street': {'number': 676, 'name': "Rue de L'Abbé-Soulange-Bodin"}, 'city': 'Champigny-sur-Ma...</msg>
<var>${json_data}</var>
<arg>${response.json()}</arg>
<doc>Returns the given values which can then be assigned to a variables.</doc>
<status status="PASS" start="2024-06-19T20:14:57.707152" elapsed="0.000638"/>
</kw>
<kw name="Log" owner="BuiltIn">
<msg time="2024-06-19T20:14:57.708257" level="INFO">{'results': [{'gender': 'male', 'name': {'title': 'Mr', 'first': 'Raphaël', 'last': 'Dufour'}, 'location': {'street': {'number': 676, 'name': "Rue de L'Abbé-Soulange-Bodin"}, 'city': 'Champigny-sur-Marne', 'state': 'Vaucluse', 'country': 'France', 'postcode': 10687, 'coordinates': {'latitude': '-13.2471', 'longitude': '-141.6590'}, 'timezone': {'offset': '+3:30', 'description': 'Tehran'}}, 'email': 'raphael.dufour@example.com', 'login': {'uuid': 'c39193f0-27fc-49c8-8fd6-dcdb22da42bc', 'username': 'ticklishgorilla867', 'password': 'vantage', 'salt': 'iB9WJVIr', 'md5': '036d7386a604a148b80556907f6b5fe5', 'sha1': '7808f186feb5b8893a6e015b33ec4cc7e863509d', 'sha256': 'ea77f001a418a695a14f0ac905651c91d9e48d9aae1f9554bb855feff7fc9e31'}, 'dob': {'date': '1987-05-14T16:36:06.649Z', 'age': 37}, 'registered': {'date': '2019-08-28T18:33:22.650Z', 'age': 4}, 'phone': '01-18-62-17-81', 'cell': '06-63-24-77-88', 'id': {'name': 'INSEE', 'value': '1870466053565 59'}, 'picture': {'large': 'https://randomuser.me/api/portraits/men/72.jpg', 'medium': 'https://randomuser.me/api/portraits/med/men/72.jpg', 'thumbnail': 'https://randomuser.me/api/portraits/thumb/men/72.jpg'}, 'nat': 'FR'}], 'info': {'seed': '87559d3f34c38bbe', 'results': 1, 'page': 1, 'version': '1.4'}}</msg>
<arg>${json_data}</arg>
<doc>Logs the given message with the given level.</doc>
<status status="PASS" start="2024-06-19T20:14:57.708097" elapsed="0.000209"/>
</kw>
<kw name="Should Be String" owner="String">
<arg>${json_data['results'][0]['gender']}</arg>
<doc>Fails if the given ``item`` is not a string.</doc>
<status status="PASS" start="2024-06-19T20:14:57.708606" elapsed="0.000367"/>
</kw>
<kw name="Should Match Regexp" owner="BuiltIn">
<arg>${json_data['results'][0]['email']}</arg>
<arg>^[a-zA-Z0-9._%+-]+@[a-zA-Z0-9.-]+\.[a-zA-Z]{2,}$</arg>
<doc>Fails if ``string`` does not match ``pattern`` as a regular expression.</doc>
<status status="PASS" start="2024-06-19T20:14:57.709197" elapsed="0.000526"/>
</kw>
<kw name="Should Match Regexp" owner="BuiltIn">
<arg>${json_data['results'][0]['dob']['date']}</arg>
<arg>\\d{4}-\\d{2}-\\d{2}T\\d{2}:\\d{2}:\\d{2}\\.\\d{3}Z</arg>
<doc>Fails if ``string`` does not match ``pattern`` as a regular expression.</doc>
<status status="PASS" start="2024-06-19T20:14:57.709917" elapsed="0.000492"/>
</kw>
<kw name="Should Match Regexp" owner="BuiltIn">
<arg>${json_data['results'][0]['registered']['date']}</arg>
<arg>\\d{4}-\\d{2}-\\d{2}T\\d{2}:\\d{2}:\\d{2}\\.\\d{3}Z</arg>
<doc>Fails if ``string`` does not match ``pattern`` as a regular expression.</doc>
<status status="PASS" start="2024-06-19T20:14:57.710598" elapsed="0.000366"/>
</kw>
<kw name="Should Match Regexp" owner="BuiltIn">
<arg>${json_data['results'][0]['picture']['large']}</arg>
<arg>^https?://.*\.(?:png|jpe?g|gif|bmp)$</arg>
<doc>Fails if ``string`` does not match ``pattern`` as a regular expression.</doc>
<status status="PASS" start="2024-06-19T20:14:57.711149" elapsed="0.000501"/>
</kw>
<kw name="Should Match Regexp" owner="BuiltIn">
<arg>${json_data['results'][0]['picture']['medium']}</arg>
<arg>^https?://.*\.(?:png|jpe?g|gif|bmp)$</arg>
<doc>Fails if ``string`` does not match ``pattern`` as a regular expression.</doc>
<status status="PASS" start="2024-06-19T20:14:57.711841" elapsed="0.000359"/>
</kw>
<kw name="Should Match Regexp" owner="BuiltIn">
<arg>${json_data['results'][0]['picture']['thumbnail']}</arg>
<arg>^https?://.*\.(?:png|jpe?g|gif|bmp)$</arg>
<doc>Fails if ``string`` does not match ``pattern`` as a regular expression.</doc>
<status status="PASS" start="2024-06-19T20:14:57.712383" elapsed="0.000347"/>
</kw>
<kw name="Log" owner="BuiltIn">
<msg time="2024-06-19T20:14:57.713229" level="INFO">{'large': 'https://randomuser.me/api/portraits/men/72.jpg', 'medium': 'https://randomuser.me/api/portraits/med/men/72.jpg', 'thumbnail': 'https://randomuser.me/api/portraits/thumb/men/72.jpg'}</msg>
<arg>${json_data['results'][0]['picture']}</arg>
<doc>Logs the given message with the given level.</doc>
<status status="PASS" start="2024-06-19T20:14:57.712909" elapsed="0.000363"/>
</kw>
<status status="PASS" start="2024-06-19T20:14:57.629700" elapsed="0.083833"/>
</kw>
<kw name="Teste de Tipos de Dados - Postcode" owner="random-user-service">
<kw name="GET On Session" owner="RequestsLibrary">
<msg time="2024-06-19T20:14:57.820165" level="INFO">GET Request : url=https://randomuser.me/api 
 path_url=/api 
 headers={'User-Agent': 'python-requests/2.32.3', 'Accept-Encoding': 'gzip, deflate', 'Accept': '*/*', 'Connection': 'keep-alive'} 
 body=None 
 </msg>
<msg time="2024-06-19T20:14:57.820276" level="INFO">GET Response : url=https://randomuser.me/api 
 status=200, reason=OK 
 headers={'Date': 'Wed, 19 Jun 2024 20:14:57 GMT', 'Content-Type': 'application/json; charset=utf-8', 'Transfer-Encoding': 'chunked', 'Connection': 'keep-alive', 'X-Powered-By': 'Express', 'Access-Control-Allow-Origin': '*', 'Cache-Control': 'no-cache', 'ETag': 'W/"471-ZUkKr6sIL6FZBcdtSm/SvyXJ1kA"', 'Vary': 'Accept-Encoding', 'Content-Encoding': 'gzip', 'CF-Cache-Status': 'DYNAMIC', 'Report-To': '{"endpoints":[{"url":"https:\\/\\/a.nel.cloudflare.com\\/report\\/v4?s=vRq38mUQOEvV%2Fazn8o8z4mfuKgjSURZ3ZmToec%2F5U2q4dZhuC%2BCREj5L6Tvmt48nsiinsowomRPTySTu8syMLKJqUqmu%2BQLHyv93xL5xPKFJTE%2FBDDshMlRz%2FXlPRUXb"}],"group":"cf-nel","max_age":604800}', 'NEL': '{"success_fraction":0,"report_to":"cf-nel","max_age":604800}', 'Server': 'cloudflare', 'CF-RAY': '8966303ab98e6176-ORD', 'alt-svc': 'h3=":443"; ma=86400'} 
 body={"results":[{"gender":"female","name":{"title":"Miss","first":"Oya","last":"Durak"},"location":{"street":{"number":4506,"name":"Maçka Cd"},"city":"Edirne","state":"Aksaray","country":"Turkey","postcode":49048,"coordinates":{"latitude":"67.9207","longitude":"76.8029"},"timezone":{"offset":"-11:00","description":"Midway Island, Samoa"}},"email":"oya.durak@example.com","login":{"uuid":"c4207b4d-65ba-491c-b306-be24be3ec840","username":"happypeacock903","password":"070462","salt":"uTQLhV8p","md5":"9ceaec6dafffdf1b85cd53fb55f649da","sha1":"dcc0ee6a9c9b2aa44b67259e60e93a4fbf24020b","sha256":"305ec713b14c0ef05ba5662cf5ee80f16f36453d96a4e1b6e6c25a784c1b4e0d"},"dob":{"date":"1954-10-01T23:14:57.340Z","age":69},"registered":{"date":"2008-04-07T04:47:49.128Z","age":16},"phone":"(929)-853-0231","cell":"(439)-484-0721","id":{"name":"","value":null},"picture":{"large":"https://randomuser.me/api/portraits/women/69.jpg","medium":"https://randomuser.me/api/portraits/med/women/69.jpg","thumbnail":"https://randomuser.me/api/portraits/thumb/women/69.jpg"},"nat":"TR"}],"info":{"seed":"379df98aa6621915","results":1,"page":1,"version":"1.4"}} 
 </msg>
<msg time="2024-06-19T20:14:57.820356" level="INFO">/opt/hostedtoolcache/Python/3.12.4/x64/lib/python3.12/site-packages/urllib3/connectionpool.py:1099: InsecureRequestWarning: Unverified HTTPS request is being made to host 'randomuser.me'. Adding certificate verification is strongly advised. See: https://urllib3.readthedocs.io/en/latest/advanced-usage.html#tls-warnings
  warnings.warn(</msg>
<msg time="2024-06-19T20:14:57.820473" level="INFO">${response} = &lt;Response [200]&gt;</msg>
<var>${response}</var>
<arg>consultarAPI</arg>
<arg>/api</arg>
<doc>Sends a GET request on a previously created HTTP Session.</doc>
<status status="PASS" start="2024-06-19T20:14:57.713993" elapsed="0.106520"/>
</kw>
<kw name="Set Variable" owner="BuiltIn">
<msg time="2024-06-19T20:14:57.821746" level="INFO">${json_data} = {'results': [{'gender': 'female', 'name': {'title': 'Miss', 'first': 'Oya', 'last': 'Durak'}, 'location': {'street': {'number': 4506, 'name': 'Maçka Cd'}, 'city': 'Edirne', 'state': 'Aksaray', 'countr...</msg>
<var>${json_data}</var>
<arg>${response.json()}</arg>
<doc>Returns the given values which can then be assigned to a variables.</doc>
<status status="PASS" start="2024-06-19T20:14:57.821153" elapsed="0.000623"/>
</kw>
<kw name="Log" owner="BuiltIn">
<msg time="2024-06-19T20:14:57.822241" level="INFO">{'results': [{'gender': 'female', 'name': {'title': 'Miss', 'first': 'Oya', 'last': 'Durak'}, 'location': {'street': {'number': 4506, 'name': 'Maçka Cd'}, 'city': 'Edirne', 'state': 'Aksaray', 'country': 'Turkey', 'postcode': 49048, 'coordinates': {'latitude': '67.9207', 'longitude': '76.8029'}, 'timezone': {'offset': '-11:00', 'description': 'Midway Island, Samoa'}}, 'email': 'oya.durak@example.com', 'login': {'uuid': 'c4207b4d-65ba-491c-b306-be24be3ec840', 'username': 'happypeacock903', 'password': '070462', 'salt': 'uTQLhV8p', 'md5': '9ceaec6dafffdf1b85cd53fb55f649da', 'sha1': 'dcc0ee6a9c9b2aa44b67259e60e93a4fbf24020b', 'sha256': '305ec713b14c0ef05ba5662cf5ee80f16f36453d96a4e1b6e6c25a784c1b4e0d'}, 'dob': {'date': '1954-10-01T23:14:57.340Z', 'age': 69}, 'registered': {'date': '2008-04-07T04:47:49.128Z', 'age': 16}, 'phone': '(929)-853-0231', 'cell': '(439)-484-0721', 'id': {'name': '', 'value': None}, 'picture': {'large': 'https://randomuser.me/api/portraits/women/69.jpg', 'medium': 'https://randomuser.me/api/portraits/med/women/69.jpg', 'thumbnail': 'https://randomuser.me/api/portraits/thumb/women/69.jpg'}, 'nat': 'TR'}], 'info': {'seed': '379df98aa6621915', 'results': 1, 'page': 1, 'version': '1.4'}}</msg>
<arg>${json_data}</arg>
<doc>Logs the given message with the given level.</doc>
<status status="PASS" start="2024-06-19T20:14:57.822082" elapsed="0.000206"/>
</kw>
<kw name="Should Be Equal As Numbers" owner="BuiltIn">
<arg>${json_data['results'][0]['location']['postcode']}</arg>
<arg>${json_data['results'][0]['location']['postcode']}</arg>
<doc>Fails if objects are unequal after converting them to real numbers.</doc>
<status status="PASS" start="2024-06-19T20:14:57.822580" elapsed="0.000631"/>
</kw>
<kw name="Log" owner="BuiltIn">
<msg time="2024-06-19T20:14:57.823822" level="INFO">49048</msg>
<arg>${json_data['results'][0]['location']['postcode']}</arg>
<doc>Logs the given message with the given level.</doc>
<status status="PASS" start="2024-06-19T20:14:57.823483" elapsed="0.000381"/>
</kw>
<status status="PASS" start="2024-06-19T20:14:57.713764" elapsed="0.110359"/>
</kw>
<doc>Testa se os tipos de dados na resposta da API estão corretos.</doc>
<tag>testeTiposDados</tag>
<status status="PASS" start="2024-06-19T20:14:57.629013" elapsed="0.195279"/>
</test>
<test id="s1-s1-t5" name="Validar conteudo" line="35">
<kw name="Teste de Tipos de Conteudo" owner="random-user-service">
<kw name="GET On Session" owner="RequestsLibrary">
<msg time="2024-06-19T20:14:57.938231" level="INFO">GET Request : url=https://randomuser.me/api 
 path_url=/api 
 headers={'User-Agent': 'python-requests/2.32.3', 'Accept-Encoding': 'gzip, deflate', 'Accept': '*/*', 'Connection': 'keep-alive'} 
 body=None 
 </msg>
<msg time="2024-06-19T20:14:57.938339" level="INFO">GET Response : url=https://randomuser.me/api 
 status=200, reason=OK 
 headers={'Date': 'Wed, 19 Jun 2024 20:14:57 GMT', 'Content-Type': 'application/json; charset=utf-8', 'Transfer-Encoding': 'chunked', 'Connection': 'keep-alive', 'X-Powered-By': 'Express', 'Access-Control-Allow-Origin': '*', 'Cache-Control': 'no-cache', 'ETag': 'W/"4b1-BONAmqsIFj4a6X70kk3nJs4x5Wc"', 'Vary': 'Accept-Encoding', 'Content-Encoding': 'gzip', 'CF-Cache-Status': 'DYNAMIC', 'Report-To': '{"endpoints":[{"url":"https:\\/\\/a.nel.cloudflare.com\\/report\\/v4?s=SJwpby5lSxX33nNer73HV1aSdZNaXJajLlrKyzph894sCYE1AJy6neaxskDLQh5KZU0S%2B3t924FGdQ%2FmQATR7aWHO1QNWqcUF4myLzx0fZb8eGh%2F%2BhNMPiyZWOyd1Khw"}],"group":"cf-nel","max_age":604800}', 'NEL': '{"success_fraction":0,"report_to":"cf-nel","max_age":604800}', 'Server': 'cloudflare', 'CF-RAY': '8966303b7b236176-ORD', 'alt-svc': 'h3=":443"; ma=86400'} 
 body={"results":[{"gender":"female","name":{"title":"Mrs","first":"Kathy","last":"Wright"},"location":{"street":{"number":5775,"name":"Windsor Road"},"city":"Stoke-on-Trent","state":"Norfolk","country":"United Kingdom","postcode":"S47 9HZ","coordinates":{"latitude":"-5.1195","longitude":"157.1996"},"timezone":{"offset":"+5:00","description":"Ekaterinburg, Islamabad, Karachi, Tashkent"}},"email":"kathy.wright@example.com","login":{"uuid":"8f6a9fda-1f55-4e55-a54e-1de19e7461da","username":"tinybutterfly862","password":"contract","salt":"7wv6vxju","md5":"c61d2b8d3dc5de9b878b088325f2a72d","sha1":"ca26be9927359152d9eaae171c3d17ab00d7beb8","sha256":"330d4ce6f23f11f0113afbc57f1ef42c64456972284f8691d69ae362686e8bf1"},"dob":{"date":"1996-04-17T07:06:56.167Z","age":28},"registered":{"date":"2004-05-17T04:45:20.345Z","age":20},"phone":"015395 52182","cell":"07190 589535","id":{"name":"NINO","value":"ZC 98 13 87 E"},"picture":{"large":"https://randomuser.me/api/portraits/women/56.jpg","medium":"https://randomuser.me/api/portraits/med/women/56.jpg","thumbnail":"https://randomuser.me/api/portraits/thumb/women/56.jpg"},"nat":"GB"}],"info":{"seed":"6719ea71cd9e2376","results":1,"page":1,"version":"1.4"}} 
 </msg>
<msg time="2024-06-19T20:14:57.938441" level="INFO">/opt/hostedtoolcache/Python/3.12.4/x64/lib/python3.12/site-packages/urllib3/connectionpool.py:1099: InsecureRequestWarning: Unverified HTTPS request is being made to host 'randomuser.me'. Adding certificate verification is strongly advised. See: https://urllib3.readthedocs.io/en/latest/advanced-usage.html#tls-warnings
  warnings.warn(</msg>
<msg time="2024-06-19T20:14:57.938584" level="INFO">${response} = &lt;Response [200]&gt;</msg>
<var>${response}</var>
<arg>consultarAPI</arg>
<arg>/api</arg>
<doc>Sends a GET request on a previously created HTTP Session.</doc>
<status status="PASS" start="2024-06-19T20:14:57.826949" elapsed="0.111675"/>
</kw>
<kw name="Set Variable" owner="BuiltIn">
<msg time="2024-06-19T20:14:57.939811" level="INFO">${json_data} = {'results': [{'gender': 'female', 'name': {'title': 'Mrs', 'first': 'Kathy', 'last': 'Wright'}, 'location': {'street': {'number': 5775, 'name': 'Windsor Road'}, 'city': 'Stoke-on-Trent', 'state': 'Nor...</msg>
<var>${json_data}</var>
<arg>${response.json()}</arg>
<doc>Returns the given values which can then be assigned to a variables.</doc>
<status status="PASS" start="2024-06-19T20:14:57.939268" elapsed="0.000571"/>
</kw>
<kw name="Set Variable" owner="BuiltIn">
<msg time="2024-06-19T20:14:57.940520" level="INFO">${name_title} = Mrs</msg>
<var>${name_title}</var>
<arg>${json_data["results"][0]["name"]["title"]}</arg>
<doc>Returns the given values which can then be assigned to a variables.</doc>
<status status="PASS" start="2024-06-19T20:14:57.940143" elapsed="0.000402"/>
</kw>
<kw name="Create List" owner="BuiltIn">
<msg time="2024-06-19T20:14:57.940986" level="INFO">${allowed_titles} = ['Mr', 'Ms', 'Miss', 'Mrs', 'Madame', 'Monsieur']</msg>
<var>${allowed_titles}</var>
<arg>Mr</arg>
<arg>Ms</arg>
<arg>Miss</arg>
<arg>Mrs</arg>
<arg>Madame</arg>
<arg>Monsieur</arg>
<doc>Returns a list containing given items.</doc>
<status status="PASS" start="2024-06-19T20:14:57.940837" elapsed="0.000173"/>
</kw>
<kw name="List Should Contain Value" owner="Collections">
<arg>${allowed_titles}</arg>
<arg>${name_title}</arg>
<doc>Fails if the ``value`` is not found from ``list``.</doc>
<status status="PASS" start="2024-06-19T20:14:57.941301" elapsed="0.000174"/>
</kw>
<kw name="Set Variable" owner="BuiltIn">
<msg time="2024-06-19T20:14:57.942022" level="INFO">${name_country} = GB</msg>
<var>${name_country}</var>
<arg>${json_data["results"][0]["nat"]}</arg>
<doc>Returns the given values which can then be assigned to a variables.</doc>
<status status="PASS" start="2024-06-19T20:14:57.941661" elapsed="0.000385"/>
</kw>
<kw name="Create List" owner="BuiltIn">
<msg time="2024-06-19T20:14:57.942921" level="INFO">${list_country} = ['AD', 'AE', 'AF', 'AG', 'AI', 'AL', 'AM', 'AO', 'AQ', 'AR', 'AS', 'AT', 'AU', 'AW', 'AX', 'AZ', 'BA', 'BB', 'BD', 'BE', 'BF', 'BG', 'BH', 'BI', 'BJ', 'BL', 'BM', 'BN', 'BO', 'BQ', 'BR', 'BS', 'BT', '...</msg>
<var>${list_country}</var>
<arg>AD</arg>
<arg>AE</arg>
<arg>AF</arg>
<arg>AG</arg>
<arg>AI</arg>
<arg>AL</arg>
<arg>AM</arg>
<arg>AO</arg>
<arg>AQ</arg>
<arg>AR</arg>
<arg>AS</arg>
<arg>AT</arg>
<arg>AU</arg>
<arg>AW</arg>
<arg>AX</arg>
<arg>AZ</arg>
<arg>BA</arg>
<arg>BB</arg>
<arg>BD</arg>
<arg>BE</arg>
<arg>BF</arg>
<arg>BG</arg>
<arg>BH</arg>
<arg>BI</arg>
<arg>BJ</arg>
<arg>BL</arg>
<arg>BM</arg>
<arg>BN</arg>
<arg>BO</arg>
<arg>BQ</arg>
<arg>BR</arg>
<arg>BS</arg>
<arg>BT</arg>
<arg>BV</arg>
<arg>BW</arg>
<arg>BY</arg>
<arg>BZ</arg>
<arg>CA</arg>
<arg>CC</arg>
<arg>CD</arg>
<arg>CF</arg>
<arg>CG</arg>
<arg>CH</arg>
<arg>CI</arg>
<arg>CK</arg>
<arg>CL</arg>
<arg>CM</arg>
<arg>CN</arg>
<arg>CO</arg>
<arg>CR</arg>
<arg>CU</arg>
<arg>CV</arg>
<arg>CW</arg>
<arg>CX</arg>
<arg>CY</arg>
<arg>CZ</arg>
<arg>DE</arg>
<arg>DJ</arg>
<arg>DK</arg>
<arg>DM</arg>
<arg>DO</arg>
<arg>DZ</arg>
<arg>EC</arg>
<arg>EE</arg>
<arg>EG</arg>
<arg>EH</arg>
<arg>ER</arg>
<arg>ES</arg>
<arg>ET</arg>
<arg>FI</arg>
<arg>FJ</arg>
<arg>FK</arg>
<arg>FM</arg>
<arg>FO</arg>
<arg>FR</arg>
<arg>GA</arg>
<arg>GB</arg>
<arg>GD</arg>
<arg>GE</arg>
<arg>GF</arg>
<arg>GG</arg>
<arg>GH</arg>
<arg>GI</arg>
<arg>GL</arg>
<arg>GM</arg>
<arg>GN</arg>
<arg>GP</arg>
<arg>GQ</arg>
<arg>GR</arg>
<arg>GS</arg>
<arg>GT</arg>
<arg>GU</arg>
<arg>GW</arg>
<arg>GY</arg>
<arg>HK</arg>
<arg>HM</arg>
<arg>HN</arg>
<arg>HR</arg>
<arg>HT</arg>
<arg>HU</arg>
<arg>ID</arg>
<arg>IE</arg>
<arg>IL</arg>
<arg>IM</arg>
<arg>IN</arg>
<arg>IO</arg>
<arg>IQ</arg>
<arg>IR</arg>
<arg>IS</arg>
<arg>IT</arg>
<arg>JE</arg>
<arg>JM</arg>
<arg>JO</arg>
<arg>JP</arg>
<arg>KE</arg>
<arg>KG</arg>
<arg>KH</arg>
<arg>KI</arg>
<arg>KM</arg>
<arg>KN</arg>
<arg>KP</arg>
<arg>KR</arg>
<arg>KW</arg>
<arg>KY</arg>
<arg>KZ</arg>
<arg>LA</arg>
<arg>LB</arg>
<arg>LC</arg>
<arg>LI</arg>
<arg>LK</arg>
<arg>LR</arg>
<arg>LS</arg>
<arg>LT</arg>
<arg>LU</arg>
<arg>LV</arg>
<arg>LY</arg>
<arg>MA</arg>
<arg>MC</arg>
<arg>MD</arg>
<arg>ME</arg>
<arg>MF</arg>
<arg>MG</arg>
<arg>MH</arg>
<arg>MK</arg>
<arg>ML</arg>
<arg>MM</arg>
<arg>MN</arg>
<arg>MO</arg>
<arg>MP</arg>
<arg>MQ</arg>
<arg>MR</arg>
<arg>MS</arg>
<arg>MT</arg>
<arg>MU</arg>
<arg>MV</arg>
<arg>MW</arg>
<arg>MX</arg>
<arg>MY</arg>
<arg>MZ</arg>
<arg>NA</arg>
<arg>NC</arg>
<arg>NE</arg>
<arg>NF</arg>
<arg>NG</arg>
<arg>NI</arg>
<arg>NL</arg>
<arg>NO</arg>
<arg>NP</arg>
<arg>NR</arg>
<arg>NU</arg>
<arg>NZ</arg>
<arg>OM</arg>
<arg>PA</arg>
<arg>PE</arg>
<arg>PF</arg>
<arg>PG</arg>
<arg>PH</arg>
<arg>PK</arg>
<arg>PL</arg>
<arg>PM</arg>
<arg>PN</arg>
<arg>PR</arg>
<arg>PS</arg>
<arg>PT</arg>
<arg>PW</arg>
<arg>PY</arg>
<arg>QA</arg>
<arg>RE</arg>
<arg>RO</arg>
<arg>RS</arg>
<arg>RU</arg>
<arg>RW</arg>
<arg>SA</arg>
<arg>SB</arg>
<arg>SC</arg>
<arg>SD</arg>
<arg>SE</arg>
<arg>SG</arg>
<arg>SH</arg>
<arg>SI</arg>
<arg>SJ</arg>
<arg>SK</arg>
<arg>SL</arg>
<arg>SM</arg>
<arg>SN</arg>
<arg>SO</arg>
<arg>SR</arg>
<arg>SS</arg>
<arg>ST</arg>
<arg>SV</arg>
<arg>SX</arg>
<arg>SY</arg>
<arg>SZ</arg>
<arg>TC</arg>
<arg>TD</arg>
<arg>TF</arg>
<arg>TG</arg>
<arg>TH</arg>
<arg>TJ</arg>
<arg>TK</arg>
<arg>TL</arg>
<arg>TM</arg>
<arg>TN</arg>
<arg>TO</arg>
<arg>TR</arg>
<arg>TT</arg>
<arg>TV</arg>
<arg>TW</arg>
<arg>TZ</arg>
<arg>UA</arg>
<arg>UG</arg>
<arg>UM</arg>
<arg>US</arg>
<arg>UY</arg>
<arg>UZ</arg>
<arg>VA</arg>
<arg>VC</arg>
<arg>VE</arg>
<arg>VG</arg>
<arg>VI</arg>
<arg>VN</arg>
<arg>VU</arg>
<arg>WF</arg>
<arg>WS</arg>
<arg>XK</arg>
<arg>YE</arg>
<arg>YT</arg>
<arg>ZA</arg>
<arg>ZM</arg>
<arg>ZW</arg>
<doc>Returns a list containing given items.</doc>
<status status="PASS" start="2024-06-19T20:14:57.942330" elapsed="0.000617"/>
</kw>
<kw name="List Should Contain Value" owner="Collections">
<arg>${list_country}</arg>
<arg>${name_country}</arg>
<doc>Fails if the ``value`` is not found from ``list``.</doc>
<status status="PASS" start="2024-06-19T20:14:57.943774" elapsed="0.000202"/>
</kw>
<kw name="Run Keyword If" owner="BuiltIn">
<kw name="Should Be True" owner="BuiltIn">
<arg>${True}</arg>
<doc>Fails if the given condition is not true.</doc>
<status status="PASS" start="2024-06-19T20:14:57.944907" elapsed="0.000138"/>
</kw>
<arg>${json_data["results"][0]["location"]["coordinates"]["latitude"]} &gt;= -90 and ${json_data["results"][0]["location"]["coordinates"]["latitude"]} &lt;= 90</arg>
<arg>Should Be True</arg>
<arg>${True}</arg>
<doc>Runs the given keyword with the given arguments, if ``condition`` is true.</doc>
<status status="PASS" start="2024-06-19T20:14:57.944172" elapsed="0.000994"/>
</kw>
<kw name="Run Keyword If" owner="BuiltIn">
<kw name="Should Be True" owner="BuiltIn">
<arg>${True}</arg>
<doc>Fails if the given condition is not true.</doc>
<status status="PASS" start="2024-06-19T20:14:57.946029" elapsed="0.000134"/>
</kw>
<arg>${json_data["results"][0]["location"]["coordinates"]["longitude"]} &gt;= -180 and ${json_data["results"][0]["location"]["coordinates"]["longitude"]} &lt;= 180</arg>
<arg>Should Be True</arg>
<arg>${True}</arg>
<doc>Runs the given keyword with the given arguments, if ``condition`` is true.</doc>
<status status="PASS" start="2024-06-19T20:14:57.945342" elapsed="0.000942"/>
</kw>
<status status="PASS" start="2024-06-19T20:14:57.826560" elapsed="0.119856"/>
</kw>
<doc>Testa o conteúdo específico dos campos retornados pela API.</doc>
<tag>testeConteudo</tag>
<status status="PASS" start="2024-06-19T20:14:57.826016" elapsed="0.120553"/>
</test>
<status status="PASS" start="2024-06-19T20:14:56.973304" elapsed="0.975252"/>
</suite>
<status status="PASS" start="2024-06-19T20:14:56.958998" elapsed="0.994801"/>
</suite>
<statistics>
<total>
<stat pass="5" fail="0" skip="0">All Tests</stat>
</total>
<tag>
<stat pass="1" fail="0" skip="0">testeConteudo</stat>
<stat pass="1" fail="0" skip="0">testeEstruturaResposta</stat>
<stat pass="1" fail="0" skip="0">testeRequisicaoBasica</stat>
<stat pass="1" fail="0" skip="0">testeTiposDados</stat>
</tag>
<suite>
<stat pass="5" fail="0" skip="0" id="s1" name="Tests">Tests</stat>
<stat pass="5" fail="0" skip="0" id="s1-s1" name="Random-User-Test">Tests.Random-User-Test</stat>
</suite>
</statistics>
<errors>
</errors>
</robot>
