<?xml version="1.0" encoding="UTF-8"?>
<robot generator="Robot 7.0 (Python 3.12.3 on linux)" generated="2024-05-26T21:13:36.750422" rpa="false" schemaversion="5">
<suite id="s1" name="Tests" source="/home/runner/work/ApiRandomUser/ApiRandomUser/RamdonUser/tests">
<suite id="s1-s1" name="Random-User-Test" source="/home/runner/work/ApiRandomUser/ApiRandomUser/RamdonUser/tests/random-user-test.robot">
<test id="s1-s1-t1" name="Conectar" line="13">
<kw name="Conectar API" owner="random-user-service">
<kw name="Create Session" owner="RequestsLibrary">
<msg time="2024-05-26T21:13:37.135922" level="INFO">Creating Session using : alias=consultarAPI, url=https://randomuser.me/, headers={},                     cookies={}, auth=None, timeout=None, proxies=None, verify=False,                     debug=0 </msg>
<arg>consultarAPI</arg>
<arg>${URL}</arg>
<doc>Create Session: create a HTTP session to a server</doc>
<status status="PASS" start="2024-05-26T21:13:37.135728" elapsed="0.000357"/>
</kw>
<status status="PASS" start="2024-05-26T21:13:37.134830" elapsed="0.001595"/>
</kw>
<status status="PASS" start="2024-05-26T21:13:37.134241" elapsed="0.002376"/>
</test>
<test id="s1-s1-t2" name="Validar retorno 200 e JSON Válido" line="16">
<kw name="Teste de Requisicao Basica" owner="random-user-service">
<kw name="GET On Session" owner="RequestsLibrary">
<msg time="2024-05-26T21:13:37.236364" level="INFO">GET Request : url=https://randomuser.me/api 
 path_url=/api 
 headers={'User-Agent': 'python-requests/2.32.2', 'Accept-Encoding': 'gzip, deflate', 'Accept': '*/*', 'Connection': 'keep-alive'} 
 body=None 
 </msg>
<msg time="2024-05-26T21:13:37.236466" level="INFO">GET Response : url=https://randomuser.me/api 
 status=200, reason=OK 
 headers={'Date': 'Sun, 26 May 2024 21:13:37 GMT', 'Content-Type': 'application/json; charset=utf-8', 'Transfer-Encoding': 'chunked', 'Connection': 'keep-alive', 'X-Powered-By': 'Express', 'Access-Control-Allow-Origin': '*', 'Cache-Control': 'no-cache', 'ETag': 'W/"472-DTXWVtTJHG+owH64zdEhm4vJlvI"', 'Vary': 'Accept-Encoding', 'Content-Encoding': 'gzip', 'CF-Cache-Status': 'DYNAMIC', 'Report-To': '{"endpoints":[{"url":"https:\\/\\/a.nel.cloudflare.com\\/report\\/v4?s=AFB%2BygemMrgNm6P8Wb%2FugWvkB5dp7Hh60O8nSWeB85ez72X3TSRz7Gy7FXpEpF6m9dTQ9%2FCIV3uK%2BJGwbrgFVb11rzrpP5tmb%2Bi%2Bx53M%2BLzp04ErRflhptbCNRRJUW1F"}],"group":"cf-nel","max_age":604800}', 'NEL': '{"success_fraction":0,"report_to":"cf-nel","max_age":604800}', 'Server': 'cloudflare', 'CF-RAY': '88a0c5276d25e241-ORD', 'alt-svc': 'h3=":443"; ma=86400'} 
 body={"results":[{"gender":"male","name":{"title":"Mr","first":"Ryan","last":"White"},"location":{"street":{"number":1332,"name":"Dame Street"},"city":"Shannon","state":"Galway City","country":"Ireland","postcode":10843,"coordinates":{"latitude":"-1.1909","longitude":"-26.4676"},"timezone":{"offset":"-12:00","description":"Eniwetok, Kwajalein"}},"email":"ryan.white@example.com","login":{"uuid":"df022d50-6450-48f4-8125-ac5049073b03","username":"blackfrog680","password":"asdf1234","salt":"zpwbF0sp","md5":"b5c0e23d93e87fb9325a79753b06d48f","sha1":"fcbc4b853c1842a70e9942cc1db34bc7d8e48308","sha256":"c180a6bc40897271f3071fec34d50034dbaed6e03c0218ccb85c8a4eadcef846"},"dob":{"date":"1989-08-29T04:15:18.559Z","age":34},"registered":{"date":"2008-12-18T05:26:05.281Z","age":15},"phone":"021-504-2602","cell":"081-594-4920","id":{"name":"PPS","value":"6485836T"},"picture":{"large":"https://randomuser.me/api/portraits/men/2.jpg","medium":"https://randomuser.me/api/portraits/med/men/2.jpg","thumbnail":"https://randomuser.me/api/portraits/thumb/men/2.jpg"},"nat":"IE"}],"info":{"seed":"829731155ae6dc5a","results":1,"page":1,"version":"1.4"}} 
 </msg>
<msg time="2024-05-26T21:13:37.236531" level="INFO">/opt/hostedtoolcache/Python/3.12.3/x64/lib/python3.12/site-packages/urllib3/connectionpool.py:1103: InsecureRequestWarning: Unverified HTTPS request is being made to host 'randomuser.me'. Adding certificate verification is strongly advised. See: https://urllib3.readthedocs.io/en/latest/advanced-usage.html#tls-warnings
  warnings.warn(</msg>
<msg time="2024-05-26T21:13:37.236631" level="INFO">${response} = &lt;Response [200]&gt;</msg>
<var>${response}</var>
<arg>consultarAPI</arg>
<arg>/api</arg>
<doc>Sends a GET request on a previously created HTTP Session.</doc>
<status status="PASS" start="2024-05-26T21:13:37.139253" elapsed="0.097417"/>
</kw>
<kw name="Should Be Equal As Numbers" owner="BuiltIn">
<msg time="2024-05-26T21:13:37.237460" level="INFO">Argument types are:
&lt;class 'int'&gt;
&lt;class 'str'&gt;</msg>
<arg>${response.status_code}</arg>
<arg>200</arg>
<doc>Fails if objects are unequal after converting them to real numbers.</doc>
<status status="PASS" start="2024-05-26T21:13:37.237070" elapsed="0.000453"/>
</kw>
<kw name="Log" owner="BuiltIn">
<msg time="2024-05-26T21:13:37.238217" level="INFO">200</msg>
<arg>${response.status_code}</arg>
<doc>Logs the given message with the given level.</doc>
<status status="PASS" start="2024-05-26T21:13:37.237863" elapsed="0.000402"/>
</kw>
<kw name="Set Variable" owner="BuiltIn">
<msg time="2024-05-26T21:13:37.239050" level="INFO">${json_data} = {'results': [{'gender': 'male', 'name': {'title': 'Mr', 'first': 'Ryan', 'last': 'White'}, 'location': {'street': {'number': 1332, 'name': 'Dame Street'}, 'city': 'Shannon', 'state': 'Galway City', 'c...</msg>
<var>${json_data}</var>
<arg>${response.json()}</arg>
<doc>Returns the given values which can then be assigned to a variables.</doc>
<status status="PASS" start="2024-05-26T21:13:37.238615" elapsed="0.000463"/>
</kw>
<kw name="Dictionary Should Contain Key" owner="Collections">
<msg time="2024-05-26T21:13:37.239544" level="INFO">False</msg>
<arg>${json_data}</arg>
<arg>results</arg>
<doc>Fails if ``key`` is not found from ``dictionary``.</doc>
<status status="PASS" start="2024-05-26T21:13:37.239379" elapsed="0.000204"/>
</kw>
<status status="PASS" start="2024-05-26T21:13:37.138999" elapsed="0.100834"/>
</kw>
<doc>Testa se a API responde corretamente e retorna um objeto JSON válido.</doc>
<tag>testeRequisicaoBasica</tag>
<status status="PASS" start="2024-05-26T21:13:37.138482" elapsed="0.101518"/>
</test>
<test id="s1-s1-t3" name="Validar estrutura de resposta" line="22">
<kw name="Teste de Estrutura de Resposta" owner="random-user-service">
<kw name="GET On Session" owner="RequestsLibrary">
<msg time="2024-05-26T21:13:37.337607" level="INFO">GET Request : url=https://randomuser.me/api 
 path_url=/api 
 headers={'User-Agent': 'python-requests/2.32.2', 'Accept-Encoding': 'gzip, deflate', 'Accept': '*/*', 'Connection': 'keep-alive'} 
 body=None 
 </msg>
<msg time="2024-05-26T21:13:37.337694" level="INFO">GET Response : url=https://randomuser.me/api 
 status=200, reason=OK 
 headers={'Date': 'Sun, 26 May 2024 21:13:37 GMT', 'Content-Type': 'application/json; charset=utf-8', 'Transfer-Encoding': 'chunked', 'Connection': 'keep-alive', 'X-Powered-By': 'Express', 'Access-Control-Allow-Origin': '*', 'Cache-Control': 'no-cache', 'ETag': 'W/"488-FmwAVCtHJ0z305UMuIKEY74rE8E"', 'Vary': 'Accept-Encoding', 'Content-Encoding': 'gzip', 'CF-Cache-Status': 'DYNAMIC', 'Report-To': '{"endpoints":[{"url":"https:\\/\\/a.nel.cloudflare.com\\/report\\/v4?s=CO69pt0CNdKGu8IvoolHv6L9pVlV4MwrhuIPIafS1T5vdbdqfeapBdqqIGHvbVu3EcRurb2hxk6kynUh6ESWS9YOtoSytQcxjqLJZduIxoi4u7IqMH9e%2BvkklPtXDoFe"}],"group":"cf-nel","max_age":604800}', 'NEL': '{"success_fraction":0,"report_to":"cf-nel","max_age":604800}', 'Server': 'cloudflare', 'CF-RAY': '88a0c527cd6fe241-ORD', 'alt-svc': 'h3=":443"; ma=86400'} 
 body={"results":[{"gender":"male","name":{"title":"Monsieur","first":"Yannis","last":"Moreau"},"location":{"street":{"number":3098,"name":"Rue Gasparin"},"city":"Veyras","state":"Ticino","country":"Switzerland","postcode":2534,"coordinates":{"latitude":"-61.3329","longitude":"-99.3177"},"timezone":{"offset":"-11:00","description":"Midway Island, Samoa"}},"email":"yannis.moreau@example.com","login":{"uuid":"fb04eecb-e21f-425a-8f73-503a2cb833d0","username":"lazyduck421","password":"winona","salt":"5jh7itQH","md5":"bf0044c52dc7bee53d033285839b1260","sha1":"cdf33da14202cd4b2ad3f1aa678cc522a45812ee","sha256":"163c7b081d5ec248aaeb05f7182fd37b76c146b67265cede2e52db330f0c2aee"},"dob":{"date":"1946-03-18T05:10:08.910Z","age":78},"registered":{"date":"2007-03-31T10:19:46.199Z","age":17},"phone":"078 752 28 02","cell":"079 866 09 12","id":{"name":"AVS","value":"756.3051.3777.83"},"picture":{"large":"https://randomuser.me/api/portraits/men/63.jpg","medium":"https://randomuser.me/api/portraits/med/men/63.jpg","thumbnail":"https://randomuser.me/api/portraits/thumb/men/63.jpg"},"nat":"CH"}],"info":{"seed":"dae0ce03fa0fc717","results":1,"page":1,"version":"1.4"}} 
 </msg>
<msg time="2024-05-26T21:13:37.337794" level="INFO">/opt/hostedtoolcache/Python/3.12.3/x64/lib/python3.12/site-packages/urllib3/connectionpool.py:1103: InsecureRequestWarning: Unverified HTTPS request is being made to host 'randomuser.me'. Adding certificate verification is strongly advised. See: https://urllib3.readthedocs.io/en/latest/advanced-usage.html#tls-warnings
  warnings.warn(</msg>
<msg time="2024-05-26T21:13:37.337886" level="INFO">${response} = &lt;Response [200]&gt;</msg>
<var>${response}</var>
<arg>consultarAPI</arg>
<arg>/api</arg>
<doc>Sends a GET request on a previously created HTTP Session.</doc>
<status status="PASS" start="2024-05-26T21:13:37.242875" elapsed="0.095042"/>
</kw>
<kw name="Set Variable" owner="BuiltIn">
<msg time="2024-05-26T21:13:37.338778" level="INFO">${json_data} = {'results': [{'gender': 'male', 'name': {'title': 'Monsieur', 'first': 'Yannis', 'last': 'Moreau'}, 'location': {'street': {'number': 3098, 'name': 'Rue Gasparin'}, 'city': 'Veyras', 'state': 'Ticino'...</msg>
<var>${json_data}</var>
<arg>${response.json()}</arg>
<doc>Returns the given values which can then be assigned to a variables.</doc>
<status status="PASS" start="2024-05-26T21:13:37.338293" elapsed="0.000516"/>
</kw>
<kw name="Log" owner="BuiltIn">
<msg time="2024-05-26T21:13:37.339271" level="INFO">{'results': [{'gender': 'male', 'name': {'title': 'Monsieur', 'first': 'Yannis', 'last': 'Moreau'}, 'location': {'street': {'number': 3098, 'name': 'Rue Gasparin'}, 'city': 'Veyras', 'state': 'Ticino', 'country': 'Switzerland', 'postcode': 2534, 'coordinates': {'latitude': '-61.3329', 'longitude': '-99.3177'}, 'timezone': {'offset': '-11:00', 'description': 'Midway Island, Samoa'}}, 'email': 'yannis.moreau@example.com', 'login': {'uuid': 'fb04eecb-e21f-425a-8f73-503a2cb833d0', 'username': 'lazyduck421', 'password': 'winona', 'salt': '5jh7itQH', 'md5': 'bf0044c52dc7bee53d033285839b1260', 'sha1': 'cdf33da14202cd4b2ad3f1aa678cc522a45812ee', 'sha256': '163c7b081d5ec248aaeb05f7182fd37b76c146b67265cede2e52db330f0c2aee'}, 'dob': {'date': '1946-03-18T05:10:08.910Z', 'age': 78}, 'registered': {'date': '2007-03-31T10:19:46.199Z', 'age': 17}, 'phone': '078 752 28 02', 'cell': '079 866 09 12', 'id': {'name': 'AVS', 'value': '756.3051.3777.83'}, 'picture': {'large': 'https://randomuser.me/api/portraits/men/63.jpg', 'medium': 'https://randomuser.me/api/portraits/med/men/63.jpg', 'thumbnail': 'https://randomuser.me/api/portraits/thumb/men/63.jpg'}, 'nat': 'CH'}], 'info': {'seed': 'dae0ce03fa0fc717', 'results': 1, 'page': 1, 'version': '1.4'}}</msg>
<arg>${json_data}</arg>
<doc>Logs the given message with the given level.</doc>
<status status="PASS" start="2024-05-26T21:13:37.339116" elapsed="0.000207"/>
</kw>
<kw name="Dictionary Should Contain Key" owner="Collections">
<msg time="2024-05-26T21:13:37.339781" level="INFO">False</msg>
<arg>${json_data}</arg>
<arg>results</arg>
<doc>Fails if ``key`` is not found from ``dictionary``.</doc>
<status status="PASS" start="2024-05-26T21:13:37.339626" elapsed="0.000192"/>
</kw>
<kw name="Should Not Be Empty" owner="BuiltIn">
<msg time="2024-05-26T21:13:37.340259" level="INFO">Length is 2.</msg>
<arg>${json_data}</arg>
<doc>Verifies that the given item is not empty.</doc>
<status status="PASS" start="2024-05-26T21:13:37.340122" elapsed="0.000176"/>
</kw>
<kw name="Create List" owner="BuiltIn">
<msg time="2024-05-26T21:13:37.340862" level="INFO">${expected_keys} = ['gender', 'name', 'location', 'email', 'login']</msg>
<var>${expected_keys}</var>
<arg>gender</arg>
<arg>name</arg>
<arg>location</arg>
<arg>email</arg>
<arg>login</arg>
<doc>Returns a list containing given items.</doc>
<status status="PASS" start="2024-05-26T21:13:37.340590" elapsed="0.000297"/>
</kw>
<for flavor="IN">
<iter>
<kw name="Dictionary Should Contain Key" owner="Collections">
<msg time="2024-05-26T21:13:37.341852" level="INFO">False</msg>
<arg>${json_data['results'][0]}</arg>
<arg>${key}</arg>
<doc>Fails if ``key`` is not found from ``dictionary``.</doc>
<status status="PASS" start="2024-05-26T21:13:37.341455" elapsed="0.000435"/>
</kw>
<kw name="Log" owner="BuiltIn">
<msg time="2024-05-26T21:13:37.342578" level="INFO">{'gender': 'male', 'name': {'title': 'Monsieur', 'first': 'Yannis', 'last': 'Moreau'}, 'location': {'street': {'number': 3098, 'name': 'Rue Gasparin'}, 'city': 'Veyras', 'state': 'Ticino', 'country': 'Switzerland', 'postcode': 2534, 'coordinates': {'latitude': '-61.3329', 'longitude': '-99.3177'}, 'timezone': {'offset': '-11:00', 'description': 'Midway Island, Samoa'}}, 'email': 'yannis.moreau@example.com', 'login': {'uuid': 'fb04eecb-e21f-425a-8f73-503a2cb833d0', 'username': 'lazyduck421', 'password': 'winona', 'salt': '5jh7itQH', 'md5': 'bf0044c52dc7bee53d033285839b1260', 'sha1': 'cdf33da14202cd4b2ad3f1aa678cc522a45812ee', 'sha256': '163c7b081d5ec248aaeb05f7182fd37b76c146b67265cede2e52db330f0c2aee'}, 'dob': {'date': '1946-03-18T05:10:08.910Z', 'age': 78}, 'registered': {'date': '2007-03-31T10:19:46.199Z', 'age': 17}, 'phone': '078 752 28 02', 'cell': '079 866 09 12', 'id': {'name': 'AVS', 'value': '756.3051.3777.83'}, 'picture': {'large': 'https://randomuser.me/api/portraits/men/63.jpg', 'medium': 'https://randomuser.me/api/portraits/med/men/63.jpg', 'thumbnail': 'https://randomuser.me/api/portraits/thumb/men/63.jpg'}, 'nat': 'CH'}</msg>
<arg>${json_data['results'][0]}</arg>
<doc>Logs the given message with the given level.</doc>
<status status="PASS" start="2024-05-26T21:13:37.342188" elapsed="0.000441"/>
</kw>
<kw name="Log" owner="BuiltIn">
<msg time="2024-05-26T21:13:37.343069" level="INFO">gender</msg>
<arg>${key}</arg>
<doc>Logs the given message with the given level.</doc>
<status status="PASS" start="2024-05-26T21:13:37.342925" elapsed="0.000182"/>
</kw>
<var name="${key}">gender</var>
<status status="PASS" start="2024-05-26T21:13:37.341326" elapsed="0.001997"/>
</iter>
<iter>
<kw name="Dictionary Should Contain Key" owner="Collections">
<msg time="2024-05-26T21:13:37.344060" level="INFO">False</msg>
<arg>${json_data['results'][0]}</arg>
<arg>${key}</arg>
<doc>Fails if ``key`` is not found from ``dictionary``.</doc>
<status status="PASS" start="2024-05-26T21:13:37.343655" elapsed="0.000446"/>
</kw>
<kw name="Log" owner="BuiltIn">
<msg time="2024-05-26T21:13:37.344802" level="INFO">{'gender': 'male', 'name': {'title': 'Monsieur', 'first': 'Yannis', 'last': 'Moreau'}, 'location': {'street': {'number': 3098, 'name': 'Rue Gasparin'}, 'city': 'Veyras', 'state': 'Ticino', 'country': 'Switzerland', 'postcode': 2534, 'coordinates': {'latitude': '-61.3329', 'longitude': '-99.3177'}, 'timezone': {'offset': '-11:00', 'description': 'Midway Island, Samoa'}}, 'email': 'yannis.moreau@example.com', 'login': {'uuid': 'fb04eecb-e21f-425a-8f73-503a2cb833d0', 'username': 'lazyduck421', 'password': 'winona', 'salt': '5jh7itQH', 'md5': 'bf0044c52dc7bee53d033285839b1260', 'sha1': 'cdf33da14202cd4b2ad3f1aa678cc522a45812ee', 'sha256': '163c7b081d5ec248aaeb05f7182fd37b76c146b67265cede2e52db330f0c2aee'}, 'dob': {'date': '1946-03-18T05:10:08.910Z', 'age': 78}, 'registered': {'date': '2007-03-31T10:19:46.199Z', 'age': 17}, 'phone': '078 752 28 02', 'cell': '079 866 09 12', 'id': {'name': 'AVS', 'value': '756.3051.3777.83'}, 'picture': {'large': 'https://randomuser.me/api/portraits/men/63.jpg', 'medium': 'https://randomuser.me/api/portraits/med/men/63.jpg', 'thumbnail': 'https://randomuser.me/api/portraits/thumb/men/63.jpg'}, 'nat': 'CH'}</msg>
<arg>${json_data['results'][0]}</arg>
<doc>Logs the given message with the given level.</doc>
<status status="PASS" start="2024-05-26T21:13:37.344443" elapsed="0.000408"/>
</kw>
<kw name="Log" owner="BuiltIn">
<msg time="2024-05-26T21:13:37.345272" level="INFO">name</msg>
<arg>${key}</arg>
<doc>Logs the given message with the given level.</doc>
<status status="PASS" start="2024-05-26T21:13:37.345144" elapsed="0.000165"/>
</kw>
<var name="${key}">name</var>
<status status="PASS" start="2024-05-26T21:13:37.343528" elapsed="0.001995"/>
</iter>
<iter>
<kw name="Dictionary Should Contain Key" owner="Collections">
<msg time="2024-05-26T21:13:37.346186" level="INFO">False</msg>
<arg>${json_data['results'][0]}</arg>
<arg>${key}</arg>
<doc>Fails if ``key`` is not found from ``dictionary``.</doc>
<status status="PASS" start="2024-05-26T21:13:37.345812" elapsed="0.000411"/>
</kw>
<kw name="Log" owner="BuiltIn">
<msg time="2024-05-26T21:13:37.346899" level="INFO">{'gender': 'male', 'name': {'title': 'Monsieur', 'first': 'Yannis', 'last': 'Moreau'}, 'location': {'street': {'number': 3098, 'name': 'Rue Gasparin'}, 'city': 'Veyras', 'state': 'Ticino', 'country': 'Switzerland', 'postcode': 2534, 'coordinates': {'latitude': '-61.3329', 'longitude': '-99.3177'}, 'timezone': {'offset': '-11:00', 'description': 'Midway Island, Samoa'}}, 'email': 'yannis.moreau@example.com', 'login': {'uuid': 'fb04eecb-e21f-425a-8f73-503a2cb833d0', 'username': 'lazyduck421', 'password': 'winona', 'salt': '5jh7itQH', 'md5': 'bf0044c52dc7bee53d033285839b1260', 'sha1': 'cdf33da14202cd4b2ad3f1aa678cc522a45812ee', 'sha256': '163c7b081d5ec248aaeb05f7182fd37b76c146b67265cede2e52db330f0c2aee'}, 'dob': {'date': '1946-03-18T05:10:08.910Z', 'age': 78}, 'registered': {'date': '2007-03-31T10:19:46.199Z', 'age': 17}, 'phone': '078 752 28 02', 'cell': '079 866 09 12', 'id': {'name': 'AVS', 'value': '756.3051.3777.83'}, 'picture': {'large': 'https://randomuser.me/api/portraits/men/63.jpg', 'medium': 'https://randomuser.me/api/portraits/med/men/63.jpg', 'thumbnail': 'https://randomuser.me/api/portraits/thumb/men/63.jpg'}, 'nat': 'CH'}</msg>
<arg>${json_data['results'][0]}</arg>
<doc>Logs the given message with the given level.</doc>
<status status="PASS" start="2024-05-26T21:13:37.346539" elapsed="0.000409"/>
</kw>
<kw name="Log" owner="BuiltIn">
<msg time="2024-05-26T21:13:37.347370" level="INFO">location</msg>
<arg>${key}</arg>
<doc>Logs the given message with the given level.</doc>
<status status="PASS" start="2024-05-26T21:13:37.347244" elapsed="0.000163"/>
</kw>
<var name="${key}">location</var>
<status status="PASS" start="2024-05-26T21:13:37.345701" elapsed="0.001920"/>
</iter>
<iter>
<kw name="Dictionary Should Contain Key" owner="Collections">
<msg time="2024-05-26T21:13:37.348283" level="INFO">False</msg>
<arg>${json_data['results'][0]}</arg>
<arg>${key}</arg>
<doc>Fails if ``key`` is not found from ``dictionary``.</doc>
<status status="PASS" start="2024-05-26T21:13:37.347908" elapsed="0.000412"/>
</kw>
<kw name="Log" owner="BuiltIn">
<msg time="2024-05-26T21:13:37.348971" level="INFO">{'gender': 'male', 'name': {'title': 'Monsieur', 'first': 'Yannis', 'last': 'Moreau'}, 'location': {'street': {'number': 3098, 'name': 'Rue Gasparin'}, 'city': 'Veyras', 'state': 'Ticino', 'country': 'Switzerland', 'postcode': 2534, 'coordinates': {'latitude': '-61.3329', 'longitude': '-99.3177'}, 'timezone': {'offset': '-11:00', 'description': 'Midway Island, Samoa'}}, 'email': 'yannis.moreau@example.com', 'login': {'uuid': 'fb04eecb-e21f-425a-8f73-503a2cb833d0', 'username': 'lazyduck421', 'password': 'winona', 'salt': '5jh7itQH', 'md5': 'bf0044c52dc7bee53d033285839b1260', 'sha1': 'cdf33da14202cd4b2ad3f1aa678cc522a45812ee', 'sha256': '163c7b081d5ec248aaeb05f7182fd37b76c146b67265cede2e52db330f0c2aee'}, 'dob': {'date': '1946-03-18T05:10:08.910Z', 'age': 78}, 'registered': {'date': '2007-03-31T10:19:46.199Z', 'age': 17}, 'phone': '078 752 28 02', 'cell': '079 866 09 12', 'id': {'name': 'AVS', 'value': '756.3051.3777.83'}, 'picture': {'large': 'https://randomuser.me/api/portraits/men/63.jpg', 'medium': 'https://randomuser.me/api/portraits/med/men/63.jpg', 'thumbnail': 'https://randomuser.me/api/portraits/thumb/men/63.jpg'}, 'nat': 'CH'}</msg>
<arg>${json_data['results'][0]}</arg>
<doc>Logs the given message with the given level.</doc>
<status status="PASS" start="2024-05-26T21:13:37.348615" elapsed="0.000412"/>
</kw>
<kw name="Log" owner="BuiltIn">
<msg time="2024-05-26T21:13:37.349457" level="INFO">email</msg>
<arg>${key}</arg>
<doc>Logs the given message with the given level.</doc>
<status status="PASS" start="2024-05-26T21:13:37.349322" elapsed="0.000172"/>
</kw>
<var name="${key}">email</var>
<status status="PASS" start="2024-05-26T21:13:37.347793" elapsed="0.001914"/>
</iter>
<iter>
<kw name="Dictionary Should Contain Key" owner="Collections">
<msg time="2024-05-26T21:13:37.350377" level="INFO">False</msg>
<arg>${json_data['results'][0]}</arg>
<arg>${key}</arg>
<doc>Fails if ``key`` is not found from ``dictionary``.</doc>
<status status="PASS" start="2024-05-26T21:13:37.349988" elapsed="0.000426"/>
</kw>
<kw name="Log" owner="BuiltIn">
<msg time="2024-05-26T21:13:37.351089" level="INFO">{'gender': 'male', 'name': {'title': 'Monsieur', 'first': 'Yannis', 'last': 'Moreau'}, 'location': {'street': {'number': 3098, 'name': 'Rue Gasparin'}, 'city': 'Veyras', 'state': 'Ticino', 'country': 'Switzerland', 'postcode': 2534, 'coordinates': {'latitude': '-61.3329', 'longitude': '-99.3177'}, 'timezone': {'offset': '-11:00', 'description': 'Midway Island, Samoa'}}, 'email': 'yannis.moreau@example.com', 'login': {'uuid': 'fb04eecb-e21f-425a-8f73-503a2cb833d0', 'username': 'lazyduck421', 'password': 'winona', 'salt': '5jh7itQH', 'md5': 'bf0044c52dc7bee53d033285839b1260', 'sha1': 'cdf33da14202cd4b2ad3f1aa678cc522a45812ee', 'sha256': '163c7b081d5ec248aaeb05f7182fd37b76c146b67265cede2e52db330f0c2aee'}, 'dob': {'date': '1946-03-18T05:10:08.910Z', 'age': 78}, 'registered': {'date': '2007-03-31T10:19:46.199Z', 'age': 17}, 'phone': '078 752 28 02', 'cell': '079 866 09 12', 'id': {'name': 'AVS', 'value': '756.3051.3777.83'}, 'picture': {'large': 'https://randomuser.me/api/portraits/men/63.jpg', 'medium': 'https://randomuser.me/api/portraits/med/men/63.jpg', 'thumbnail': 'https://randomuser.me/api/portraits/thumb/men/63.jpg'}, 'nat': 'CH'}</msg>
<arg>${json_data['results'][0]}</arg>
<doc>Logs the given message with the given level.</doc>
<status status="PASS" start="2024-05-26T21:13:37.350732" elapsed="0.000405"/>
</kw>
<kw name="Log" owner="BuiltIn">
<msg time="2024-05-26T21:13:37.351551" level="INFO">login</msg>
<arg>${key}</arg>
<doc>Logs the given message with the given level.</doc>
<status status="PASS" start="2024-05-26T21:13:37.351426" elapsed="0.000163"/>
</kw>
<var name="${key}">login</var>
<status status="PASS" start="2024-05-26T21:13:37.349878" elapsed="0.001945"/>
</iter>
<var>${key}</var>
<value>@{expected_keys}</value>
<status status="PASS" start="2024-05-26T21:13:37.341142" elapsed="0.010808"/>
</for>
<kw name="Create List" owner="BuiltIn">
<msg time="2024-05-26T21:13:37.352283" level="INFO">${expected_keysTwo} = ['username', 'password']</msg>
<var>${expected_keysTwo}</var>
<arg>username</arg>
<arg>password</arg>
<doc>Returns a list containing given items.</doc>
<status status="PASS" start="2024-05-26T21:13:37.352145" elapsed="0.000162"/>
</kw>
<for flavor="IN">
<iter>
<kw name="Dictionary Should Contain Key" owner="Collections">
<msg time="2024-05-26T21:13:37.353178" level="INFO">False</msg>
<arg>${json_data['results'][0]['login']}</arg>
<arg>${keyTwo}</arg>
<doc>Fails if ``key`` is not found from ``dictionary``.</doc>
<status status="PASS" start="2024-05-26T21:13:37.352801" elapsed="0.000414"/>
</kw>
<kw name="Dictionary Should Contain Key" owner="Collections">
<msg time="2024-05-26T21:13:37.353894" level="INFO">False</msg>
<arg>${json_data['results'][0]['login']}</arg>
<arg>${keyTwo}</arg>
<doc>Fails if ``key`` is not found from ``dictionary``.</doc>
<status status="PASS" start="2024-05-26T21:13:37.353514" elapsed="0.000417"/>
</kw>
<kw name="Log" owner="BuiltIn">
<msg time="2024-05-26T21:13:37.354340" level="INFO">username</msg>
<arg>${keyTwo}</arg>
<doc>Logs the given message with the given level.</doc>
<status status="PASS" start="2024-05-26T21:13:37.354217" elapsed="0.000159"/>
</kw>
<var name="${keyTwo}">username</var>
<status status="PASS" start="2024-05-26T21:13:37.352693" elapsed="0.001914"/>
</iter>
<iter>
<kw name="Dictionary Should Contain Key" owner="Collections">
<msg time="2024-05-26T21:13:37.355259" level="INFO">False</msg>
<arg>${json_data['results'][0]['login']}</arg>
<arg>${keyTwo}</arg>
<doc>Fails if ``key`` is not found from ``dictionary``.</doc>
<status status="PASS" start="2024-05-26T21:13:37.354890" elapsed="0.000407"/>
</kw>
<kw name="Dictionary Should Contain Key" owner="Collections">
<msg time="2024-05-26T21:13:37.356035" level="INFO">False</msg>
<arg>${json_data['results'][0]['login']}</arg>
<arg>${keyTwo}</arg>
<doc>Fails if ``key`` is not found from ``dictionary``.</doc>
<status status="PASS" start="2024-05-26T21:13:37.355585" elapsed="0.000490"/>
</kw>
<kw name="Log" owner="BuiltIn">
<msg time="2024-05-26T21:13:37.356500" level="INFO">password</msg>
<arg>${keyTwo}</arg>
<doc>Logs the given message with the given level.</doc>
<status status="PASS" start="2024-05-26T21:13:37.356372" elapsed="0.000166"/>
</kw>
<var name="${keyTwo}">password</var>
<status status="PASS" start="2024-05-26T21:13:37.354777" elapsed="0.001975"/>
</iter>
<var>${keyTwo}</var>
<value>@{expected_keysTwo}</value>
<status status="PASS" start="2024-05-26T21:13:37.352542" elapsed="0.004328"/>
</for>
<status status="PASS" start="2024-05-26T21:13:37.242520" elapsed="0.114485"/>
</kw>
<doc>Testa a estrutura da resposta da API.</doc>
<tag>testeEstruturaResposta</tag>
<status status="PASS" start="2024-05-26T21:13:37.241753" elapsed="0.115398"/>
</test>
<test id="s1-s1-t4" name="Validar tipos de dados" line="28">
<kw name="Teste de Tipos de Dados" owner="random-user-service">
<kw name="GET On Session" owner="RequestsLibrary">
<msg time="2024-05-26T21:13:37.435916" level="INFO">GET Request : url=https://randomuser.me/api 
 path_url=/api 
 headers={'User-Agent': 'python-requests/2.32.2', 'Accept-Encoding': 'gzip, deflate', 'Accept': '*/*', 'Connection': 'keep-alive'} 
 body=None 
 </msg>
<msg time="2024-05-26T21:13:37.435977" level="INFO">GET Response : url=https://randomuser.me/api 
 status=200, reason=OK 
 headers={'Date': 'Sun, 26 May 2024 21:13:37 GMT', 'Content-Type': 'application/json; charset=utf-8', 'Transfer-Encoding': 'chunked', 'Connection': 'keep-alive', 'X-Powered-By': 'Express', 'Access-Control-Allow-Origin': '*', 'Cache-Control': 'no-cache', 'ETag': 'W/"477-mpVymBpKKjqvSl4In3sbivOOgWA"', 'Vary': 'Accept-Encoding', 'Content-Encoding': 'gzip', 'CF-Cache-Status': 'DYNAMIC', 'Report-To': '{"endpoints":[{"url":"https:\\/\\/a.nel.cloudflare.com\\/report\\/v4?s=MDZr7eW3AMLS0If4oYOyVbcXZ%2FMx9fIMS88WSzFojJsl0rKUCQ%2Bxq7Ej3Esg1ubpg%2B5OfOKiNEIwn9bJpfKP0JfdkoHTDwWQHhs3sFmyuIO99Q%2FKRoqPVQZCtdD2VnW%2B"}],"group":"cf-nel","max_age":604800}', 'NEL': '{"success_fraction":0,"report_to":"cf-nel","max_age":604800}', 'Server': 'cloudflare', 'CF-RAY': '88a0c5288e04e241-ORD', 'alt-svc': 'h3=":443"; ma=86400'} 
 body={"results":[{"gender":"female","name":{"title":"Mrs","first":"Marie","last":"Jenkins"},"location":{"street":{"number":6671,"name":"The Crescent"},"city":"Celbridge","state":"Cork City","country":"Ireland","postcode":39427,"coordinates":{"latitude":"1.7614","longitude":"4.9426"},"timezone":{"offset":"-3:30","description":"Newfoundland"}},"email":"marie.jenkins@example.com","login":{"uuid":"b765ad32-54e3-450c-b8a4-6f9bf0b23b70","username":"crazygoose948","password":"pants","salt":"r4muaWBG","md5":"d6e3f9abbd72cbaec24668fae2f081e1","sha1":"0d830e08f215e6acad33d1d563285261667f8787","sha256":"eb6b250c10ad603eb27a9a96fd0066a17cac59d71801b6f4b839f4311771cc53"},"dob":{"date":"1979-08-18T20:15:46.770Z","age":44},"registered":{"date":"2016-10-23T08:00:31.027Z","age":7},"phone":"011-712-7408","cell":"081-935-2474","id":{"name":"PPS","value":"3708368T"},"picture":{"large":"https://randomuser.me/api/portraits/women/92.jpg","medium":"https://randomuser.me/api/portraits/med/women/92.jpg","thumbnail":"https://randomuser.me/api/portraits/thumb/women/92.jpg"},"nat":"IE"}],"info":{"seed":"93acef24d0ca6aef","results":1,"page":1,"version":"1.4"}} 
 </msg>
<msg time="2024-05-26T21:13:37.436030" level="INFO">/opt/hostedtoolcache/Python/3.12.3/x64/lib/python3.12/site-packages/urllib3/connectionpool.py:1103: InsecureRequestWarning: Unverified HTTPS request is being made to host 'randomuser.me'. Adding certificate verification is strongly advised. See: https://urllib3.readthedocs.io/en/latest/advanced-usage.html#tls-warnings
  warnings.warn(</msg>
<msg time="2024-05-26T21:13:37.436111" level="INFO">${response} = &lt;Response [200]&gt;</msg>
<var>${response}</var>
<arg>consultarAPI</arg>
<arg>/api</arg>
<doc>Sends a GET request on a previously created HTTP Session.</doc>
<status status="PASS" start="2024-05-26T21:13:37.359548" elapsed="0.076591"/>
</kw>
<kw name="Set Variable" owner="BuiltIn">
<msg time="2024-05-26T21:13:37.436950" level="INFO">${json_data} = {'results': [{'gender': 'female', 'name': {'title': 'Mrs', 'first': 'Marie', 'last': 'Jenkins'}, 'location': {'street': {'number': 6671, 'name': 'The Crescent'}, 'city': 'Celbridge', 'state': 'Cork Ci...</msg>
<var>${json_data}</var>
<arg>${response.json()}</arg>
<doc>Returns the given values which can then be assigned to a variables.</doc>
<status status="PASS" start="2024-05-26T21:13:37.436507" elapsed="0.000472"/>
</kw>
<kw name="Log" owner="BuiltIn">
<msg time="2024-05-26T21:13:37.437433" level="INFO">{'results': [{'gender': 'female', 'name': {'title': 'Mrs', 'first': 'Marie', 'last': 'Jenkins'}, 'location': {'street': {'number': 6671, 'name': 'The Crescent'}, 'city': 'Celbridge', 'state': 'Cork City', 'country': 'Ireland', 'postcode': 39427, 'coordinates': {'latitude': '1.7614', 'longitude': '4.9426'}, 'timezone': {'offset': '-3:30', 'description': 'Newfoundland'}}, 'email': 'marie.jenkins@example.com', 'login': {'uuid': 'b765ad32-54e3-450c-b8a4-6f9bf0b23b70', 'username': 'crazygoose948', 'password': 'pants', 'salt': 'r4muaWBG', 'md5': 'd6e3f9abbd72cbaec24668fae2f081e1', 'sha1': '0d830e08f215e6acad33d1d563285261667f8787', 'sha256': 'eb6b250c10ad603eb27a9a96fd0066a17cac59d71801b6f4b839f4311771cc53'}, 'dob': {'date': '1979-08-18T20:15:46.770Z', 'age': 44}, 'registered': {'date': '2016-10-23T08:00:31.027Z', 'age': 7}, 'phone': '011-712-7408', 'cell': '081-935-2474', 'id': {'name': 'PPS', 'value': '3708368T'}, 'picture': {'large': 'https://randomuser.me/api/portraits/women/92.jpg', 'medium': 'https://randomuser.me/api/portraits/med/women/92.jpg', 'thumbnail': 'https://randomuser.me/api/portraits/thumb/women/92.jpg'}, 'nat': 'IE'}], 'info': {'seed': '93acef24d0ca6aef', 'results': 1, 'page': 1, 'version': '1.4'}}</msg>
<arg>${json_data}</arg>
<doc>Logs the given message with the given level.</doc>
<status status="PASS" start="2024-05-26T21:13:37.437281" elapsed="0.000231"/>
</kw>
<kw name="Should Be String" owner="String">
<arg>${json_data['results'][0]['gender']}</arg>
<doc>Fails if the given ``item`` is not a string.</doc>
<status status="PASS" start="2024-05-26T21:13:37.437807" elapsed="0.000348"/>
</kw>
<kw name="Should Match Regexp" owner="BuiltIn">
<arg>${json_data['results'][0]['email']}</arg>
<arg>^[a-zA-Z0-9._%+-]+@[a-zA-Z0-9.-]+\.[a-zA-Z]{2,}$</arg>
<doc>Fails if ``string`` does not match ``pattern`` as a regular expression.</doc>
<status status="PASS" start="2024-05-26T21:13:37.438346" elapsed="0.000538"/>
</kw>
<kw name="Should Match Regexp" owner="BuiltIn">
<arg>${json_data['results'][0]['dob']['date']}</arg>
<arg>\\d{4}-\\d{2}-\\d{2}T\\d{2}:\\d{2}:\\d{2}\\.\\d{3}Z</arg>
<doc>Fails if ``string`` does not match ``pattern`` as a regular expression.</doc>
<status status="PASS" start="2024-05-26T21:13:37.439080" elapsed="0.000478"/>
</kw>
<kw name="Should Match Regexp" owner="BuiltIn">
<arg>${json_data['results'][0]['registered']['date']}</arg>
<arg>\\d{4}-\\d{2}-\\d{2}T\\d{2}:\\d{2}:\\d{2}\\.\\d{3}Z</arg>
<doc>Fails if ``string`` does not match ``pattern`` as a regular expression.</doc>
<status status="PASS" start="2024-05-26T21:13:37.439747" elapsed="0.000367"/>
</kw>
<kw name="Should Match Regexp" owner="BuiltIn">
<arg>${json_data['results'][0]['picture']['large']}</arg>
<arg>^https?://.*\.(?:png|jpe?g|gif|bmp)$</arg>
<doc>Fails if ``string`` does not match ``pattern`` as a regular expression.</doc>
<status status="PASS" start="2024-05-26T21:13:37.440303" elapsed="0.000456"/>
</kw>
<kw name="Should Match Regexp" owner="BuiltIn">
<arg>${json_data['results'][0]['picture']['medium']}</arg>
<arg>^https?://.*\.(?:png|jpe?g|gif|bmp)$</arg>
<doc>Fails if ``string`` does not match ``pattern`` as a regular expression.</doc>
<status status="PASS" start="2024-05-26T21:13:37.440947" elapsed="0.000345"/>
</kw>
<kw name="Should Match Regexp" owner="BuiltIn">
<arg>${json_data['results'][0]['picture']['thumbnail']}</arg>
<arg>^https?://.*\.(?:png|jpe?g|gif|bmp)$</arg>
<doc>Fails if ``string`` does not match ``pattern`` as a regular expression.</doc>
<status status="PASS" start="2024-05-26T21:13:37.441478" elapsed="0.000342"/>
</kw>
<kw name="Log" owner="BuiltIn">
<msg time="2024-05-26T21:13:37.442335" level="INFO">{'large': 'https://randomuser.me/api/portraits/women/92.jpg', 'medium': 'https://randomuser.me/api/portraits/med/women/92.jpg', 'thumbnail': 'https://randomuser.me/api/portraits/thumb/women/92.jpg'}</msg>
<arg>${json_data['results'][0]['picture']}</arg>
<doc>Logs the given message with the given level.</doc>
<status status="PASS" start="2024-05-26T21:13:37.442012" elapsed="0.000366"/>
</kw>
<status status="PASS" start="2024-05-26T21:13:37.359322" elapsed="0.083338"/>
</kw>
<kw name="Teste de Tipos de Dados - Postcode" owner="random-user-service">
<kw name="GET On Session" owner="RequestsLibrary">
<msg time="2024-05-26T21:13:37.535931" level="INFO">GET Request : url=https://randomuser.me/api 
 path_url=/api 
 headers={'User-Agent': 'python-requests/2.32.2', 'Accept-Encoding': 'gzip, deflate', 'Accept': '*/*', 'Connection': 'keep-alive'} 
 body=None 
 </msg>
<msg time="2024-05-26T21:13:37.536014" level="INFO">GET Response : url=https://randomuser.me/api 
 status=200, reason=OK 
 headers={'Date': 'Sun, 26 May 2024 21:13:37 GMT', 'Content-Type': 'application/json; charset=utf-8', 'Transfer-Encoding': 'chunked', 'Connection': 'keep-alive', 'X-Powered-By': 'Express', 'Access-Control-Allow-Origin': '*', 'Cache-Control': 'no-cache', 'ETag': 'W/"473-gOOruh5E9tzqe17hSwIz7PwAaOw"', 'Vary': 'Accept-Encoding', 'Content-Encoding': 'gzip', 'CF-Cache-Status': 'DYNAMIC', 'Report-To': '{"endpoints":[{"url":"https:\\/\\/a.nel.cloudflare.com\\/report\\/v4?s=OheAAd8eJWUCJkrd6vrDySa6%2BspqIpRNrFDDVFN9kYlr832aeAzrEWml4HKqx3v4YIU6E%2BJjGf5wejJBTO1xXWqJrk2hNwprdOVlADq%2FOQZr2ga0JQYUanq8qJ87%2Bxyo"}],"group":"cf-nel","max_age":604800}', 'NEL': '{"success_fraction":0,"report_to":"cf-nel","max_age":604800}', 'Server': 'cloudflare', 'CF-RAY': '88a0c5290e8ae241-ORD', 'alt-svc': 'h3=":443"; ma=86400'} 
 body={"results":[{"gender":"female","name":{"title":"Miss","first":"Aila","last":"Steindal"},"location":{"street":{"number":659,"name":"Feddersens gate"},"city":"Farsund","state":"Description","country":"Norway","postcode":"5835","coordinates":{"latitude":"41.1059","longitude":"138.0151"},"timezone":{"offset":"-10:00","description":"Hawaii"}},"email":"aila.steindal@example.com","login":{"uuid":"0c311323-9312-407a-9412-bd3ec4065f4d","username":"blackpanda852","password":"avenue","salt":"oehcBP2r","md5":"27e03eccc2dcd91fb03ecbcc4ca3f89d","sha1":"7d85faab92cb66d5c6be1f7c3f0eb5149f72bf98","sha256":"b344856ca7f7a88d23483c5e45f814e0f9835ba167a86ce77992767bfb204c6c"},"dob":{"date":"1956-01-21T06:04:36.339Z","age":68},"registered":{"date":"2020-10-27T10:13:19.750Z","age":3},"phone":"30439281","cell":"47362905","id":{"name":"FN","value":"21015626248"},"picture":{"large":"https://randomuser.me/api/portraits/women/75.jpg","medium":"https://randomuser.me/api/portraits/med/women/75.jpg","thumbnail":"https://randomuser.me/api/portraits/thumb/women/75.jpg"},"nat":"NO"}],"info":{"seed":"79ee4dbb7b464eb5","results":1,"page":1,"version":"1.4"}} 
 </msg>
<msg time="2024-05-26T21:13:37.536087" level="INFO">/opt/hostedtoolcache/Python/3.12.3/x64/lib/python3.12/site-packages/urllib3/connectionpool.py:1103: InsecureRequestWarning: Unverified HTTPS request is being made to host 'randomuser.me'. Adding certificate verification is strongly advised. See: https://urllib3.readthedocs.io/en/latest/advanced-usage.html#tls-warnings
  warnings.warn(</msg>
<msg time="2024-05-26T21:13:37.536183" level="INFO">${response} = &lt;Response [200]&gt;</msg>
<var>${response}</var>
<arg>consultarAPI</arg>
<arg>/api</arg>
<doc>Sends a GET request on a previously created HTTP Session.</doc>
<status status="PASS" start="2024-05-26T21:13:37.443091" elapsed="0.093132"/>
</kw>
<kw name="Set Variable" owner="BuiltIn">
<msg time="2024-05-26T21:13:37.537241" level="INFO">${json_data} = {'results': [{'gender': 'female', 'name': {'title': 'Miss', 'first': 'Aila', 'last': 'Steindal'}, 'location': {'street': {'number': 659, 'name': 'Feddersens gate'}, 'city': 'Farsund', 'state': 'Descri...</msg>
<var>${json_data}</var>
<arg>${response.json()}</arg>
<doc>Returns the given values which can then be assigned to a variables.</doc>
<status status="PASS" start="2024-05-26T21:13:37.536671" elapsed="0.000603"/>
</kw>
<kw name="Log" owner="BuiltIn">
<msg time="2024-05-26T21:13:37.537744" level="INFO">{'results': [{'gender': 'female', 'name': {'title': 'Miss', 'first': 'Aila', 'last': 'Steindal'}, 'location': {'street': {'number': 659, 'name': 'Feddersens gate'}, 'city': 'Farsund', 'state': 'Description', 'country': 'Norway', 'postcode': '5835', 'coordinates': {'latitude': '41.1059', 'longitude': '138.0151'}, 'timezone': {'offset': '-10:00', 'description': 'Hawaii'}}, 'email': 'aila.steindal@example.com', 'login': {'uuid': '0c311323-9312-407a-9412-bd3ec4065f4d', 'username': 'blackpanda852', 'password': 'avenue', 'salt': 'oehcBP2r', 'md5': '27e03eccc2dcd91fb03ecbcc4ca3f89d', 'sha1': '7d85faab92cb66d5c6be1f7c3f0eb5149f72bf98', 'sha256': 'b344856ca7f7a88d23483c5e45f814e0f9835ba167a86ce77992767bfb204c6c'}, 'dob': {'date': '1956-01-21T06:04:36.339Z', 'age': 68}, 'registered': {'date': '2020-10-27T10:13:19.750Z', 'age': 3}, 'phone': '30439281', 'cell': '47362905', 'id': {'name': 'FN', 'value': '21015626248'}, 'picture': {'large': 'https://randomuser.me/api/portraits/women/75.jpg', 'medium': 'https://randomuser.me/api/portraits/med/women/75.jpg', 'thumbnail': 'https://randomuser.me/api/portraits/thumb/women/75.jpg'}, 'nat': 'NO'}], 'info': {'seed': '79ee4dbb7b464eb5', 'results': 1, 'page': 1, 'version': '1.4'}}</msg>
<arg>${json_data}</arg>
<doc>Logs the given message with the given level.</doc>
<status status="PASS" start="2024-05-26T21:13:37.537590" elapsed="0.000231"/>
</kw>
<kw name="Should Be Equal As Numbers" owner="BuiltIn">
<arg>${json_data['results'][0]['location']['postcode']}</arg>
<arg>${json_data['results'][0]['location']['postcode']}</arg>
<doc>Fails if objects are unequal after converting them to real numbers.</doc>
<status status="PASS" start="2024-05-26T21:13:37.538128" elapsed="0.000790"/>
</kw>
<kw name="Log" owner="BuiltIn">
<msg time="2024-05-26T21:13:37.539457" level="INFO">5835</msg>
<arg>${json_data['results'][0]['location']['postcode']}</arg>
<doc>Logs the given message with the given level.</doc>
<status status="PASS" start="2024-05-26T21:13:37.539118" elapsed="0.000380"/>
</kw>
<status status="PASS" start="2024-05-26T21:13:37.442868" elapsed="0.096884"/>
</kw>
<doc>Testa se os tipos de dados na resposta da API estão corretos.</doc>
<tag>testeTiposDados</tag>
<status status="PASS" start="2024-05-26T21:13:37.358880" elapsed="0.181030"/>
</test>
<test id="s1-s1-t5" name="Validar conteudo" line="35">
<kw name="Teste de Tipos de Conteudo" owner="random-user-service">
<kw name="GET On Session" owner="RequestsLibrary">
<msg time="2024-05-26T21:13:37.642003" level="INFO">GET Request : url=https://randomuser.me/api 
 path_url=/api 
 headers={'User-Agent': 'python-requests/2.32.2', 'Accept-Encoding': 'gzip, deflate', 'Accept': '*/*', 'Connection': 'keep-alive'} 
 body=None 
 </msg>
<msg time="2024-05-26T21:13:37.642087" level="INFO">GET Response : url=https://randomuser.me/api 
 status=200, reason=OK 
 headers={'Date': 'Sun, 26 May 2024 21:13:37 GMT', 'Content-Type': 'application/json; charset=utf-8', 'Transfer-Encoding': 'chunked', 'Connection': 'keep-alive', 'X-Powered-By': 'Express', 'Access-Control-Allow-Origin': '*', 'Cache-Control': 'no-cache', 'ETag': 'W/"475-qfimbZsY0/nAoR7FN2Qpf4cDTMI"', 'Vary': 'Accept-Encoding', 'Content-Encoding': 'gzip', 'CF-Cache-Status': 'DYNAMIC', 'Report-To': '{"endpoints":[{"url":"https:\\/\\/a.nel.cloudflare.com\\/report\\/v4?s=LV12gkaHRr35sBQrRM6JmX96yyUSME7L5awhBzciaEye9XCe9Ha71RWD7pCIl02iEpgUi%2BhbR%2BSKJt2NFD9bBv6YNtpvvfrviQV0ZLqIw4D%2Ft8No7C4ClQP%2BSZuiPl%2Bj"}],"group":"cf-nel","max_age":604800}', 'NEL': '{"success_fraction":0,"report_to":"cf-nel","max_age":604800}', 'Server': 'cloudflare', 'CF-RAY': '88a0c529af12e241-ORD', 'alt-svc': 'h3=":443"; ma=86400'} 
 body={"results":[{"gender":"female","name":{"title":"Miss","first":"Tine","last":"Røren"},"location":{"street":{"number":9102,"name":"Væringkleiva"},"city":"Arna","state":"Bergen","country":"Norway","postcode":"3071","coordinates":{"latitude":"46.5488","longitude":"71.4345"},"timezone":{"offset":"-12:00","description":"Eniwetok, Kwajalein"}},"email":"tine.roren@example.com","login":{"uuid":"eb10ef01-645c-4346-be01-a38fe2eb38f0","username":"beautifulostrich279","password":"1027","salt":"tuXnrz94","md5":"4ce367ea21c24117a872d848420ce497","sha1":"9136aa9e0a2872dd21f630529302ccc91b96b1ac","sha256":"c399071bc709821ff2de862fbd2cac99fbe1c7ee482d0c9e193cb1578b5afeb9"},"dob":{"date":"1974-03-19T19:26:53.655Z","age":50},"registered":{"date":"2021-09-17T04:41:12.872Z","age":2},"phone":"28625908","cell":"99034206","id":{"name":"FN","value":"19037422676"},"picture":{"large":"https://randomuser.me/api/portraits/women/89.jpg","medium":"https://randomuser.me/api/portraits/med/women/89.jpg","thumbnail":"https://randomuser.me/api/portraits/thumb/women/89.jpg"},"nat":"NO"}],"info":{"seed":"ca9d5d4c30b0f99a","results":1,"page":1,"version":"1.4"}} 
 </msg>
<msg time="2024-05-26T21:13:37.642160" level="INFO">/opt/hostedtoolcache/Python/3.12.3/x64/lib/python3.12/site-packages/urllib3/connectionpool.py:1103: InsecureRequestWarning: Unverified HTTPS request is being made to host 'randomuser.me'. Adding certificate verification is strongly advised. See: https://urllib3.readthedocs.io/en/latest/advanced-usage.html#tls-warnings
  warnings.warn(</msg>
<msg time="2024-05-26T21:13:37.642277" level="INFO">${response} = &lt;Response [200]&gt;</msg>
<var>${response}</var>
<arg>consultarAPI</arg>
<arg>/api</arg>
<doc>Sends a GET request on a previously created HTTP Session.</doc>
<status status="PASS" start="2024-05-26T21:13:37.542275" elapsed="0.100056"/>
</kw>
<kw name="Set Variable" owner="BuiltIn">
<msg time="2024-05-26T21:13:37.643358" level="INFO">${json_data} = {'results': [{'gender': 'female', 'name': {'title': 'Miss', 'first': 'Tine', 'last': 'Røren'}, 'location': {'street': {'number': 9102, 'name': 'Væringkleiva'}, 'city': 'Arna', 'state': 'Bergen', 'coun...</msg>
<var>${json_data}</var>
<arg>${response.json()}</arg>
<doc>Returns the given values which can then be assigned to a variables.</doc>
<status status="PASS" start="2024-05-26T21:13:37.642801" elapsed="0.000585"/>
</kw>
<kw name="Set Variable" owner="BuiltIn">
<msg time="2024-05-26T21:13:37.644070" level="INFO">${name_title} = Miss</msg>
<var>${name_title}</var>
<arg>${json_data["results"][0]["name"]["title"]}</arg>
<doc>Returns the given values which can then be assigned to a variables.</doc>
<status status="PASS" start="2024-05-26T21:13:37.643692" elapsed="0.000403"/>
</kw>
<kw name="Create List" owner="BuiltIn">
<msg time="2024-05-26T21:13:37.644534" level="INFO">${allowed_titles} = ['Mr', 'Ms', 'Miss', 'Mrs', 'Madame', 'Monsieur']</msg>
<var>${allowed_titles}</var>
<arg>Mr</arg>
<arg>Ms</arg>
<arg>Miss</arg>
<arg>Mrs</arg>
<arg>Madame</arg>
<arg>Monsieur</arg>
<doc>Returns a list containing given items.</doc>
<status status="PASS" start="2024-05-26T21:13:37.644388" elapsed="0.000170"/>
</kw>
<kw name="List Should Contain Value" owner="Collections">
<msg time="2024-05-26T21:13:37.645036" level="INFO">False</msg>
<arg>${allowed_titles}</arg>
<arg>${name_title}</arg>
<doc>Fails if the ``value`` is not found from ``list``.</doc>
<status status="PASS" start="2024-05-26T21:13:37.644862" elapsed="0.000210"/>
</kw>
<kw name="Set Variable" owner="BuiltIn">
<msg time="2024-05-26T21:13:37.645749" level="INFO">${name_country} = NO</msg>
<var>${name_country}</var>
<arg>${json_data["results"][0]["nat"]}</arg>
<doc>Returns the given values which can then be assigned to a variables.</doc>
<status status="PASS" start="2024-05-26T21:13:37.645375" elapsed="0.000399"/>
</kw>
<kw name="Create List" owner="BuiltIn">
<msg time="2024-05-26T21:13:37.646697" level="INFO">${list_country} = ['AD', 'AE', 'AF', 'AG', 'AI', 'AL', 'AM', 'AO', 'AQ', 'AR', 'AS', 'AT', 'AU', 'AW', 'AX', 'AZ', 'BA', 'BB', 'BD', 'BE', 'BF', 'BG', 'BH', 'BI', 'BJ', 'BL', 'BM', 'BN', 'BO', 'BQ', 'BR', 'BS', 'BT', '...</msg>
<var>${list_country}</var>
<arg>AD</arg>
<arg>AE</arg>
<arg>AF</arg>
<arg>AG</arg>
<arg>AI</arg>
<arg>AL</arg>
<arg>AM</arg>
<arg>AO</arg>
<arg>AQ</arg>
<arg>AR</arg>
<arg>AS</arg>
<arg>AT</arg>
<arg>AU</arg>
<arg>AW</arg>
<arg>AX</arg>
<arg>AZ</arg>
<arg>BA</arg>
<arg>BB</arg>
<arg>BD</arg>
<arg>BE</arg>
<arg>BF</arg>
<arg>BG</arg>
<arg>BH</arg>
<arg>BI</arg>
<arg>BJ</arg>
<arg>BL</arg>
<arg>BM</arg>
<arg>BN</arg>
<arg>BO</arg>
<arg>BQ</arg>
<arg>BR</arg>
<arg>BS</arg>
<arg>BT</arg>
<arg>BV</arg>
<arg>BW</arg>
<arg>BY</arg>
<arg>BZ</arg>
<arg>CA</arg>
<arg>CC</arg>
<arg>CD</arg>
<arg>CF</arg>
<arg>CG</arg>
<arg>CH</arg>
<arg>CI</arg>
<arg>CK</arg>
<arg>CL</arg>
<arg>CM</arg>
<arg>CN</arg>
<arg>CO</arg>
<arg>CR</arg>
<arg>CU</arg>
<arg>CV</arg>
<arg>CW</arg>
<arg>CX</arg>
<arg>CY</arg>
<arg>CZ</arg>
<arg>DE</arg>
<arg>DJ</arg>
<arg>DK</arg>
<arg>DM</arg>
<arg>DO</arg>
<arg>DZ</arg>
<arg>EC</arg>
<arg>EE</arg>
<arg>EG</arg>
<arg>EH</arg>
<arg>ER</arg>
<arg>ES</arg>
<arg>ET</arg>
<arg>FI</arg>
<arg>FJ</arg>
<arg>FK</arg>
<arg>FM</arg>
<arg>FO</arg>
<arg>FR</arg>
<arg>GA</arg>
<arg>GB</arg>
<arg>GD</arg>
<arg>GE</arg>
<arg>GF</arg>
<arg>GG</arg>
<arg>GH</arg>
<arg>GI</arg>
<arg>GL</arg>
<arg>GM</arg>
<arg>GN</arg>
<arg>GP</arg>
<arg>GQ</arg>
<arg>GR</arg>
<arg>GS</arg>
<arg>GT</arg>
<arg>GU</arg>
<arg>GW</arg>
<arg>GY</arg>
<arg>HK</arg>
<arg>HM</arg>
<arg>HN</arg>
<arg>HR</arg>
<arg>HT</arg>
<arg>HU</arg>
<arg>ID</arg>
<arg>IE</arg>
<arg>IL</arg>
<arg>IM</arg>
<arg>IN</arg>
<arg>IO</arg>
<arg>IQ</arg>
<arg>IR</arg>
<arg>IS</arg>
<arg>IT</arg>
<arg>JE</arg>
<arg>JM</arg>
<arg>JO</arg>
<arg>JP</arg>
<arg>KE</arg>
<arg>KG</arg>
<arg>KH</arg>
<arg>KI</arg>
<arg>KM</arg>
<arg>KN</arg>
<arg>KP</arg>
<arg>KR</arg>
<arg>KW</arg>
<arg>KY</arg>
<arg>KZ</arg>
<arg>LA</arg>
<arg>LB</arg>
<arg>LC</arg>
<arg>LI</arg>
<arg>LK</arg>
<arg>LR</arg>
<arg>LS</arg>
<arg>LT</arg>
<arg>LU</arg>
<arg>LV</arg>
<arg>LY</arg>
<arg>MA</arg>
<arg>MC</arg>
<arg>MD</arg>
<arg>ME</arg>
<arg>MF</arg>
<arg>MG</arg>
<arg>MH</arg>
<arg>MK</arg>
<arg>ML</arg>
<arg>MM</arg>
<arg>MN</arg>
<arg>MO</arg>
<arg>MP</arg>
<arg>MQ</arg>
<arg>MR</arg>
<arg>MS</arg>
<arg>MT</arg>
<arg>MU</arg>
<arg>MV</arg>
<arg>MW</arg>
<arg>MX</arg>
<arg>MY</arg>
<arg>MZ</arg>
<arg>NA</arg>
<arg>NC</arg>
<arg>NE</arg>
<arg>NF</arg>
<arg>NG</arg>
<arg>NI</arg>
<arg>NL</arg>
<arg>NO</arg>
<arg>NP</arg>
<arg>NR</arg>
<arg>NU</arg>
<arg>NZ</arg>
<arg>OM</arg>
<arg>PA</arg>
<arg>PE</arg>
<arg>PF</arg>
<arg>PG</arg>
<arg>PH</arg>
<arg>PK</arg>
<arg>PL</arg>
<arg>PM</arg>
<arg>PN</arg>
<arg>PR</arg>
<arg>PS</arg>
<arg>PT</arg>
<arg>PW</arg>
<arg>PY</arg>
<arg>QA</arg>
<arg>RE</arg>
<arg>RO</arg>
<arg>RS</arg>
<arg>RU</arg>
<arg>RW</arg>
<arg>SA</arg>
<arg>SB</arg>
<arg>SC</arg>
<arg>SD</arg>
<arg>SE</arg>
<arg>SG</arg>
<arg>SH</arg>
<arg>SI</arg>
<arg>SJ</arg>
<arg>SK</arg>
<arg>SL</arg>
<arg>SM</arg>
<arg>SN</arg>
<arg>SO</arg>
<arg>SR</arg>
<arg>SS</arg>
<arg>ST</arg>
<arg>SV</arg>
<arg>SX</arg>
<arg>SY</arg>
<arg>SZ</arg>
<arg>TC</arg>
<arg>TD</arg>
<arg>TF</arg>
<arg>TG</arg>
<arg>TH</arg>
<arg>TJ</arg>
<arg>TK</arg>
<arg>TL</arg>
<arg>TM</arg>
<arg>TN</arg>
<arg>TO</arg>
<arg>TR</arg>
<arg>TT</arg>
<arg>TV</arg>
<arg>TW</arg>
<arg>TZ</arg>
<arg>UA</arg>
<arg>UG</arg>
<arg>UM</arg>
<arg>US</arg>
<arg>UY</arg>
<arg>UZ</arg>
<arg>VA</arg>
<arg>VC</arg>
<arg>VE</arg>
<arg>VG</arg>
<arg>VI</arg>
<arg>VN</arg>
<arg>VU</arg>
<arg>WF</arg>
<arg>WS</arg>
<arg>XK</arg>
<arg>YE</arg>
<arg>YT</arg>
<arg>ZA</arg>
<arg>ZM</arg>
<arg>ZW</arg>
<doc>Returns a list containing given items.</doc>
<status status="PASS" start="2024-05-26T21:13:37.646073" elapsed="0.000650"/>
</kw>
<kw name="List Should Contain Value" owner="Collections">
<msg time="2024-05-26T21:13:37.647769" level="INFO">False</msg>
<arg>${list_country}</arg>
<arg>${name_country}</arg>
<doc>Fails if the ``value`` is not found from ``list``.</doc>
<status status="PASS" start="2024-05-26T21:13:37.647553" elapsed="0.000263"/>
</kw>
<kw name="Run Keyword If" owner="BuiltIn">
<kw name="Should Be True" owner="BuiltIn">
<arg>${True}</arg>
<doc>Fails if the given condition is not true.</doc>
<status status="PASS" start="2024-05-26T21:13:37.648858" elapsed="0.000143"/>
</kw>
<arg>${json_data["results"][0]["location"]["coordinates"]["latitude"]} &gt;= -90 and ${json_data["results"][0]["location"]["coordinates"]["latitude"]} &lt;= 90</arg>
<arg>Should Be True</arg>
<arg>${True}</arg>
<doc>Runs the given keyword with the given arguments, if ``condition`` is true.</doc>
<status status="PASS" start="2024-05-26T21:13:37.648125" elapsed="0.001001"/>
</kw>
<kw name="Run Keyword If" owner="BuiltIn">
<kw name="Should Be True" owner="BuiltIn">
<arg>${True}</arg>
<doc>Fails if the given condition is not true.</doc>
<status status="PASS" start="2024-05-26T21:13:37.650002" elapsed="0.000241"/>
</kw>
<arg>${json_data["results"][0]["location"]["coordinates"]["longitude"]} &gt;= -180 and ${json_data["results"][0]["location"]["coordinates"]["longitude"]} &lt;= 180</arg>
<arg>Should Be True</arg>
<arg>${True}</arg>
<doc>Runs the given keyword with the given arguments, if ``condition`` is true.</doc>
<status status="PASS" start="2024-05-26T21:13:37.649308" elapsed="0.001062"/>
</kw>
<status status="PASS" start="2024-05-26T21:13:37.542048" elapsed="0.108487"/>
</kw>
<doc>Testa o conteúdo específico dos campos retornados pela API.</doc>
<tag>testeConteudo</tag>
<status status="PASS" start="2024-05-26T21:13:37.541634" elapsed="0.109059"/>
</test>
<status status="PASS" start="2024-05-26T21:13:36.807450" elapsed="0.845069"/>
</suite>
<status status="PASS" start="2024-05-26T21:13:36.794036" elapsed="0.863736"/>
</suite>
<statistics>
<total>
<stat pass="5" fail="0" skip="0">All Tests</stat>
</total>
<tag>
<stat pass="1" fail="0" skip="0">testeConteudo</stat>
<stat pass="1" fail="0" skip="0">testeEstruturaResposta</stat>
<stat pass="1" fail="0" skip="0">testeRequisicaoBasica</stat>
<stat pass="1" fail="0" skip="0">testeTiposDados</stat>
</tag>
<suite>
<stat pass="5" fail="0" skip="0" id="s1" name="Tests">Tests</stat>
<stat pass="5" fail="0" skip="0" id="s1-s1" name="Random-User-Test">Tests.Random-User-Test</stat>
</suite>
</statistics>
<errors>
</errors>
</robot>
