<?xml version="1.0" encoding="UTF-8"?>
<robot generator="Robot 7.0 (Python 3.12.3 on linux)" generated="2024-05-15T09:17:53.851249" rpa="false" schemaversion="5">
<suite id="s1" name="Tests" source="/home/runner/work/DesafioQAItauRogerioJordao/DesafioQAItauRogerioJordao/RamdonUser/tests">
<suite id="s1-s1" name="Random-User-Test" source="/home/runner/work/DesafioQAItauRogerioJordao/DesafioQAItauRogerioJordao/RamdonUser/tests/random-user-test.robot">
<test id="s1-s1-t1" name="Conectar" line="13">
<kw name="Conectar API" owner="random-user-service">
<kw name="Create Session" owner="RequestsLibrary">
<msg time="2024-05-15T09:17:54.215774" level="INFO">Creating Session using : alias=consultarAPI, url=https://randomuser.me/, headers={},                     cookies={}, auth=None, timeout=None, proxies=None, verify=False,                     debug=0 </msg>
<arg>consultarAPI</arg>
<arg>${URL}</arg>
<doc>Create Session: create a HTTP session to a server</doc>
<status status="PASS" start="2024-05-15T09:17:54.215579" elapsed="0.000373"/>
</kw>
<status status="PASS" start="2024-05-15T09:17:54.214609" elapsed="0.001702"/>
</kw>
<status status="PASS" start="2024-05-15T09:17:54.213982" elapsed="0.002567"/>
</test>
<test id="s1-s1-t2" name="Validar retorno 200 e JSON Válido" line="16">
<kw name="Teste de Requisicao Basica" owner="random-user-service">
<kw name="GET On Session" owner="RequestsLibrary">
<msg time="2024-05-15T09:17:54.302166" level="INFO">GET Request : url=https://randomuser.me/api 
 path_url=/api 
 headers={'User-Agent': 'python-requests/2.31.0', 'Accept-Encoding': 'gzip, deflate', 'Accept': '*/*', 'Connection': 'keep-alive'} 
 body=None 
 </msg>
<msg time="2024-05-15T09:17:54.302301" level="INFO">GET Response : url=https://randomuser.me/api 
 status=200, reason=OK 
 headers={'Date': 'Wed, 15 May 2024 09:17:54 GMT', 'Content-Type': 'application/json; charset=utf-8', 'Transfer-Encoding': 'chunked', 'Connection': 'keep-alive', 'X-Powered-By': 'Express', 'Access-Control-Allow-Origin': '*', 'Cache-Control': 'no-cache', 'ETag': 'W/"48b-nDkvzKnmxek+hoEsntxLmcbVmoU"', 'Vary': 'Accept-Encoding', 'Content-Encoding': 'gzip', 'CF-Cache-Status': 'DYNAMIC', 'Report-To': '{"endpoints":[{"url":"https:\\/\\/a.nel.cloudflare.com\\/report\\/v4?s=Xi28FuzardOgDw%2BW9Eh7EWhGsM93SQDKc1MVre7z2v9vudz1kSoNQ%2Fm7WujXIJkJQC9sbS9gaaHu4CuuEvdvF3MOKkkoMfjXWZi3gWrbr3rW4NzrxCSYI8EZgBnL2i1W"}],"group":"cf-nel","max_age":604800}', 'NEL': '{"success_fraction":0,"report_to":"cf-nel","max_age":604800}', 'Server': 'cloudflare', 'CF-RAY': '8842099e1e936070-ORD', 'alt-svc': 'h3=":443"; ma=86400'} 
 body={"results":[{"gender":"female","name":{"title":"Miss","first":"Hermine","last":"Hassel"},"location":{"street":{"number":6654,"name":"Egnehjemveien"},"city":"Bruflat","state":"Nordland","country":"Norway","postcode":"4909","coordinates":{"latitude":"45.3287","longitude":"119.1875"},"timezone":{"offset":"-3:00","description":"Brazil, Buenos Aires, Georgetown"}},"email":"hermine.hassel@example.com","login":{"uuid":"6415a217-561e-4c87-96c1-ae3f5f514c94","username":"bigostrich895","password":"rrpass1","salt":"yf3YGEgA","md5":"26f407eea77a0e5d4e1ebe6b6785d270","sha1":"240c75fe9213e2c31e14b3b3e75e5abf3dfcd777","sha256":"d74759eb5bba086313cedd5cccf3a998e6b1411b84a6364d80e1195d8bfa9cba"},"dob":{"date":"1957-07-15T00:56:18.388Z","age":66},"registered":{"date":"2022-03-28T16:28:16.500Z","age":2},"phone":"83127524","cell":"49376977","id":{"name":"FN","value":"15075711244"},"picture":{"large":"https://randomuser.me/api/portraits/women/36.jpg","medium":"https://randomuser.me/api/portraits/med/women/36.jpg","thumbnail":"https://randomuser.me/api/portraits/thumb/women/36.jpg"},"nat":"NO"}],"info":{"seed":"cdc9520407c072ba","results":1,"page":1,"version":"1.4"}} 
 </msg>
<msg time="2024-05-15T09:17:54.302379" level="INFO">/opt/hostedtoolcache/Python/3.12.3/x64/lib/python3.12/site-packages/urllib3/connectionpool.py:1103: InsecureRequestWarning: Unverified HTTPS request is being made to host 'randomuser.me'. Adding certificate verification is strongly advised. See: https://urllib3.readthedocs.io/en/latest/advanced-usage.html#tls-warnings
  warnings.warn(</msg>
<msg time="2024-05-15T09:17:54.302514" level="INFO">${response} = &lt;Response [200]&gt;</msg>
<var>${response}</var>
<arg>consultarAPI</arg>
<arg>/api</arg>
<doc>Sends a GET request on a previously created HTTP Session.</doc>
<status status="PASS" start="2024-05-15T09:17:54.219220" elapsed="0.083337"/>
</kw>
<kw name="Should Be Equal As Numbers" owner="BuiltIn">
<msg time="2024-05-15T09:17:54.303745" level="INFO">Argument types are:
&lt;class 'int'&gt;
&lt;class 'str'&gt;</msg>
<arg>${response.status_code}</arg>
<arg>200</arg>
<doc>Fails if objects are unequal after converting them to real numbers.</doc>
<status status="PASS" start="2024-05-15T09:17:54.303167" elapsed="0.000644"/>
</kw>
<kw name="Log" owner="BuiltIn">
<msg time="2024-05-15T09:17:54.304553" level="INFO">200</msg>
<arg>${response.status_code}</arg>
<doc>Logs the given message with the given level.</doc>
<status status="PASS" start="2024-05-15T09:17:54.304163" elapsed="0.000434"/>
</kw>
<kw name="Set Variable" owner="BuiltIn">
<msg time="2024-05-15T09:17:54.305347" level="INFO">${json_data} = {'results': [{'gender': 'female', 'name': {'title': 'Miss', 'first': 'Hermine', 'last': 'Hassel'}, 'location': {'street': {'number': 6654, 'name': 'Egnehjemveien'}, 'city': 'Bruflat', 'state': 'Nordla...</msg>
<var>${json_data}</var>
<arg>${response.json()}</arg>
<doc>Returns the given values which can then be assigned to a variables.</doc>
<status status="PASS" start="2024-05-15T09:17:54.304912" elapsed="0.000463"/>
</kw>
<kw name="Dictionary Should Contain Key" owner="Collections">
<msg time="2024-05-15T09:17:54.305846" level="INFO">False</msg>
<arg>${json_data}</arg>
<arg>results</arg>
<doc>Fails if ``key`` is not found from ``dictionary``.</doc>
<status status="PASS" start="2024-05-15T09:17:54.305674" elapsed="0.000212"/>
</kw>
<status status="PASS" start="2024-05-15T09:17:54.218982" elapsed="0.087163"/>
</kw>
<doc>Testa se a API responde corretamente e retorna um objeto JSON válido.</doc>
<tag>testeRequisicaoBasica</tag>
<status status="PASS" start="2024-05-15T09:17:54.218435" elapsed="0.087893"/>
</test>
<test id="s1-s1-t3" name="Validar estrutura de resposta" line="22">
<kw name="Teste de Estrutura de Resposta" owner="random-user-service">
<kw name="GET On Session" owner="RequestsLibrary">
<msg time="2024-05-15T09:17:54.403119" level="INFO">GET Request : url=https://randomuser.me/api 
 path_url=/api 
 headers={'User-Agent': 'python-requests/2.31.0', 'Accept-Encoding': 'gzip, deflate', 'Accept': '*/*', 'Connection': 'keep-alive'} 
 body=None 
 </msg>
<msg time="2024-05-15T09:17:54.403232" level="INFO">GET Response : url=https://randomuser.me/api 
 status=200, reason=OK 
 headers={'Date': 'Wed, 15 May 2024 09:17:54 GMT', 'Content-Type': 'application/json; charset=utf-8', 'Transfer-Encoding': 'chunked', 'Connection': 'keep-alive', 'X-Powered-By': 'Express', 'Access-Control-Allow-Origin': '*', 'Cache-Control': 'no-cache', 'ETag': 'W/"49d-FG5Aieq+EtbgXZ0oIrDG3OUT+ME"', 'Vary': 'Accept-Encoding', 'Content-Encoding': 'gzip', 'CF-Cache-Status': 'DYNAMIC', 'Report-To': '{"endpoints":[{"url":"https:\\/\\/a.nel.cloudflare.com\\/report\\/v4?s=n0cckPhhNQy6ssdZyobAZa%2F0bcsh0MdxRmo9S40HjAubembgzU9OJhNsyza0n%2B5AlEg%2BmpVBLZUte1NOaZLazgb3zhWCQlutnHR236T6Xxc9cWOU8isaOMwHb6nz6kZ3"}],"group":"cf-nel","max_age":604800}', 'NEL': '{"success_fraction":0,"report_to":"cf-nel","max_age":604800}', 'Server': 'cloudflare', 'CF-RAY': '8842099e7ec56070-ORD', 'alt-svc': 'h3=":443"; ma=86400'} 
 body={"results":[{"gender":"female","name":{"title":"Ms","first":"Deborah","last":"Walters"},"location":{"street":{"number":947,"name":"North Street"},"city":"Fermoy","state":"Dún Laoghaire–Rathdown","country":"Ireland","postcode":54507,"coordinates":{"latitude":"-0.0057","longitude":"14.3988"},"timezone":{"offset":"-3:00","description":"Brazil, Buenos Aires, Georgetown"}},"email":"deborah.walters@example.com","login":{"uuid":"4ee51863-78d1-40f4-97a5-ea2cd57b3c1d","username":"greentiger669","password":"newton","salt":"F2ea8rdC","md5":"5354093639424bb7a5be01d6fc9bcb2a","sha1":"f3b739dc068b0e261bf064278207b561c85544bd","sha256":"3c21d3db94ceba6309a95158578cb05059c043dd8590da3c1d42ebc365f36683"},"dob":{"date":"1952-01-27T08:19:59.332Z","age":72},"registered":{"date":"2017-09-13T15:09:46.879Z","age":6},"phone":"031-462-7088","cell":"081-561-7054","id":{"name":"PPS","value":"4763353T"},"picture":{"large":"https://randomuser.me/api/portraits/women/82.jpg","medium":"https://randomuser.me/api/portraits/med/women/82.jpg","thumbnail":"https://randomuser.me/api/portraits/thumb/women/82.jpg"},"nat":"IE"}],"info":{"seed":"ea6e23234cb3fae9","results":1,"page":1,"version":"1.4"}} 
 </msg>
<msg time="2024-05-15T09:17:54.403381" level="INFO">/opt/hostedtoolcache/Python/3.12.3/x64/lib/python3.12/site-packages/urllib3/connectionpool.py:1103: InsecureRequestWarning: Unverified HTTPS request is being made to host 'randomuser.me'. Adding certificate verification is strongly advised. See: https://urllib3.readthedocs.io/en/latest/advanced-usage.html#tls-warnings
  warnings.warn(</msg>
<msg time="2024-05-15T09:17:54.403537" level="INFO">${response} = &lt;Response [200]&gt;</msg>
<var>${response}</var>
<arg>consultarAPI</arg>
<arg>/api</arg>
<doc>Sends a GET request on a previously created HTTP Session.</doc>
<status status="PASS" start="2024-05-15T09:17:54.309059" elapsed="0.094529"/>
</kw>
<kw name="Set Variable" owner="BuiltIn">
<msg time="2024-05-15T09:17:54.404858" level="INFO">${json_data} = {'results': [{'gender': 'female', 'name': {'title': 'Ms', 'first': 'Deborah', 'last': 'Walters'}, 'location': {'street': {'number': 947, 'name': 'North Street'}, 'city': 'Fermoy', 'state': 'Dún Laogha...</msg>
<var>${json_data}</var>
<arg>${response.json()}</arg>
<doc>Returns the given values which can then be assigned to a variables.</doc>
<status status="PASS" start="2024-05-15T09:17:54.404226" elapsed="0.000663"/>
</kw>
<kw name="Log" owner="BuiltIn">
<msg time="2024-05-15T09:17:54.405369" level="INFO">{'results': [{'gender': 'female', 'name': {'title': 'Ms', 'first': 'Deborah', 'last': 'Walters'}, 'location': {'street': {'number': 947, 'name': 'North Street'}, 'city': 'Fermoy', 'state': 'Dún Laoghaire–Rathdown', 'country': 'Ireland', 'postcode': 54507, 'coordinates': {'latitude': '-0.0057', 'longitude': '14.3988'}, 'timezone': {'offset': '-3:00', 'description': 'Brazil, Buenos Aires, Georgetown'}}, 'email': 'deborah.walters@example.com', 'login': {'uuid': '4ee51863-78d1-40f4-97a5-ea2cd57b3c1d', 'username': 'greentiger669', 'password': 'newton', 'salt': 'F2ea8rdC', 'md5': '5354093639424bb7a5be01d6fc9bcb2a', 'sha1': 'f3b739dc068b0e261bf064278207b561c85544bd', 'sha256': '3c21d3db94ceba6309a95158578cb05059c043dd8590da3c1d42ebc365f36683'}, 'dob': {'date': '1952-01-27T08:19:59.332Z', 'age': 72}, 'registered': {'date': '2017-09-13T15:09:46.879Z', 'age': 6}, 'phone': '031-462-7088', 'cell': '081-561-7054', 'id': {'name': 'PPS', 'value': '4763353T'}, 'picture': {'large': 'https://randomuser.me/api/portraits/women/82.jpg', 'medium': 'https://randomuser.me/api/portraits/med/women/82.jpg', 'thumbnail': 'https://randomuser.me/api/portraits/thumb/women/82.jpg'}, 'nat': 'IE'}], 'info': {'seed': 'ea6e23234cb3fae9', 'results': 1, 'page': 1, 'version': '1.4'}}</msg>
<arg>${json_data}</arg>
<doc>Logs the given message with the given level.</doc>
<status status="PASS" start="2024-05-15T09:17:54.405203" elapsed="0.000218"/>
</kw>
<kw name="Dictionary Should Contain Key" owner="Collections">
<msg time="2024-05-15T09:17:54.405875" level="INFO">False</msg>
<arg>${json_data}</arg>
<arg>results</arg>
<doc>Fails if ``key`` is not found from ``dictionary``.</doc>
<status status="PASS" start="2024-05-15T09:17:54.405715" elapsed="0.000197"/>
</kw>
<kw name="Should Not Be Empty" owner="BuiltIn">
<msg time="2024-05-15T09:17:54.406478" level="INFO">Length is 2.</msg>
<arg>${json_data}</arg>
<doc>Verifies that the given item is not empty.</doc>
<status status="PASS" start="2024-05-15T09:17:54.406294" elapsed="0.000463"/>
</kw>
<kw name="Create List" owner="BuiltIn">
<msg time="2024-05-15T09:17:54.407400" level="INFO">${expected_keys} = ['gender', 'name', 'location', 'email', 'login']</msg>
<var>${expected_keys}</var>
<arg>gender</arg>
<arg>name</arg>
<arg>location</arg>
<arg>email</arg>
<arg>login</arg>
<doc>Returns a list containing given items.</doc>
<status status="PASS" start="2024-05-15T09:17:54.407191" elapsed="0.000247"/>
</kw>
<for flavor="IN">
<iter>
<kw name="Dictionary Should Contain Key" owner="Collections">
<msg time="2024-05-15T09:17:54.408494" level="INFO">False</msg>
<arg>${json_data['results'][0]}</arg>
<arg>${key}</arg>
<doc>Fails if ``key`` is not found from ``dictionary``.</doc>
<status status="PASS" start="2024-05-15T09:17:54.408054" elapsed="0.000481"/>
</kw>
<kw name="Log" owner="BuiltIn">
<msg time="2024-05-15T09:17:54.409220" level="INFO">{'gender': 'female', 'name': {'title': 'Ms', 'first': 'Deborah', 'last': 'Walters'}, 'location': {'street': {'number': 947, 'name': 'North Street'}, 'city': 'Fermoy', 'state': 'Dún Laoghaire–Rathdown', 'country': 'Ireland', 'postcode': 54507, 'coordinates': {'latitude': '-0.0057', 'longitude': '14.3988'}, 'timezone': {'offset': '-3:00', 'description': 'Brazil, Buenos Aires, Georgetown'}}, 'email': 'deborah.walters@example.com', 'login': {'uuid': '4ee51863-78d1-40f4-97a5-ea2cd57b3c1d', 'username': 'greentiger669', 'password': 'newton', 'salt': 'F2ea8rdC', 'md5': '5354093639424bb7a5be01d6fc9bcb2a', 'sha1': 'f3b739dc068b0e261bf064278207b561c85544bd', 'sha256': '3c21d3db94ceba6309a95158578cb05059c043dd8590da3c1d42ebc365f36683'}, 'dob': {'date': '1952-01-27T08:19:59.332Z', 'age': 72}, 'registered': {'date': '2017-09-13T15:09:46.879Z', 'age': 6}, 'phone': '031-462-7088', 'cell': '081-561-7054', 'id': {'name': 'PPS', 'value': '4763353T'}, 'picture': {'large': 'https://randomuser.me/api/portraits/women/82.jpg', 'medium': 'https://randomuser.me/api/portraits/med/women/82.jpg', 'thumbnail': 'https://randomuser.me/api/portraits/thumb/women/82.jpg'}, 'nat': 'IE'}</msg>
<arg>${json_data['results'][0]}</arg>
<doc>Logs the given message with the given level.</doc>
<status status="PASS" start="2024-05-15T09:17:54.408849" elapsed="0.000425"/>
</kw>
<kw name="Log" owner="BuiltIn">
<msg time="2024-05-15T09:17:54.409707" level="INFO">gender</msg>
<arg>${key}</arg>
<doc>Logs the given message with the given level.</doc>
<status status="PASS" start="2024-05-15T09:17:54.409577" elapsed="0.000168"/>
</kw>
<var name="${key}">gender</var>
<status status="PASS" start="2024-05-15T09:17:54.407927" elapsed="0.002031"/>
</iter>
<iter>
<kw name="Dictionary Should Contain Key" owner="Collections">
<msg time="2024-05-15T09:17:54.410648" level="INFO">False</msg>
<arg>${json_data['results'][0]}</arg>
<arg>${key}</arg>
<doc>Fails if ``key`` is not found from ``dictionary``.</doc>
<status status="PASS" start="2024-05-15T09:17:54.410262" elapsed="0.000422"/>
</kw>
<kw name="Log" owner="BuiltIn">
<msg time="2024-05-15T09:17:54.411372" level="INFO">{'gender': 'female', 'name': {'title': 'Ms', 'first': 'Deborah', 'last': 'Walters'}, 'location': {'street': {'number': 947, 'name': 'North Street'}, 'city': 'Fermoy', 'state': 'Dún Laoghaire–Rathdown', 'country': 'Ireland', 'postcode': 54507, 'coordinates': {'latitude': '-0.0057', 'longitude': '14.3988'}, 'timezone': {'offset': '-3:00', 'description': 'Brazil, Buenos Aires, Georgetown'}}, 'email': 'deborah.walters@example.com', 'login': {'uuid': '4ee51863-78d1-40f4-97a5-ea2cd57b3c1d', 'username': 'greentiger669', 'password': 'newton', 'salt': 'F2ea8rdC', 'md5': '5354093639424bb7a5be01d6fc9bcb2a', 'sha1': 'f3b739dc068b0e261bf064278207b561c85544bd', 'sha256': '3c21d3db94ceba6309a95158578cb05059c043dd8590da3c1d42ebc365f36683'}, 'dob': {'date': '1952-01-27T08:19:59.332Z', 'age': 72}, 'registered': {'date': '2017-09-13T15:09:46.879Z', 'age': 6}, 'phone': '031-462-7088', 'cell': '081-561-7054', 'id': {'name': 'PPS', 'value': '4763353T'}, 'picture': {'large': 'https://randomuser.me/api/portraits/women/82.jpg', 'medium': 'https://randomuser.me/api/portraits/med/women/82.jpg', 'thumbnail': 'https://randomuser.me/api/portraits/thumb/women/82.jpg'}, 'nat': 'IE'}</msg>
<arg>${json_data['results'][0]}</arg>
<doc>Logs the given message with the given level.</doc>
<status status="PASS" start="2024-05-15T09:17:54.411008" elapsed="0.000417"/>
</kw>
<kw name="Log" owner="BuiltIn">
<msg time="2024-05-15T09:17:54.411850" level="INFO">name</msg>
<arg>${key}</arg>
<doc>Logs the given message with the given level.</doc>
<status status="PASS" start="2024-05-15T09:17:54.411724" elapsed="0.000164"/>
</kw>
<var name="${key}">name</var>
<status status="PASS" start="2024-05-15T09:17:54.410147" elapsed="0.001954"/>
</iter>
<iter>
<kw name="Dictionary Should Contain Key" owner="Collections">
<msg time="2024-05-15T09:17:54.412809" level="INFO">False</msg>
<arg>${json_data['results'][0]}</arg>
<arg>${key}</arg>
<doc>Fails if ``key`` is not found from ``dictionary``.</doc>
<status status="PASS" start="2024-05-15T09:17:54.412420" elapsed="0.000426"/>
</kw>
<kw name="Log" owner="BuiltIn">
<msg time="2024-05-15T09:17:54.413517" level="INFO">{'gender': 'female', 'name': {'title': 'Ms', 'first': 'Deborah', 'last': 'Walters'}, 'location': {'street': {'number': 947, 'name': 'North Street'}, 'city': 'Fermoy', 'state': 'Dún Laoghaire–Rathdown', 'country': 'Ireland', 'postcode': 54507, 'coordinates': {'latitude': '-0.0057', 'longitude': '14.3988'}, 'timezone': {'offset': '-3:00', 'description': 'Brazil, Buenos Aires, Georgetown'}}, 'email': 'deborah.walters@example.com', 'login': {'uuid': '4ee51863-78d1-40f4-97a5-ea2cd57b3c1d', 'username': 'greentiger669', 'password': 'newton', 'salt': 'F2ea8rdC', 'md5': '5354093639424bb7a5be01d6fc9bcb2a', 'sha1': 'f3b739dc068b0e261bf064278207b561c85544bd', 'sha256': '3c21d3db94ceba6309a95158578cb05059c043dd8590da3c1d42ebc365f36683'}, 'dob': {'date': '1952-01-27T08:19:59.332Z', 'age': 72}, 'registered': {'date': '2017-09-13T15:09:46.879Z', 'age': 6}, 'phone': '031-462-7088', 'cell': '081-561-7054', 'id': {'name': 'PPS', 'value': '4763353T'}, 'picture': {'large': 'https://randomuser.me/api/portraits/women/82.jpg', 'medium': 'https://randomuser.me/api/portraits/med/women/82.jpg', 'thumbnail': 'https://randomuser.me/api/portraits/thumb/women/82.jpg'}, 'nat': 'IE'}</msg>
<arg>${json_data['results'][0]}</arg>
<doc>Logs the given message with the given level.</doc>
<status status="PASS" start="2024-05-15T09:17:54.413159" elapsed="0.000409"/>
</kw>
<kw name="Log" owner="BuiltIn">
<msg time="2024-05-15T09:17:54.413989" level="INFO">location</msg>
<arg>${key}</arg>
<doc>Logs the given message with the given level.</doc>
<status status="PASS" start="2024-05-15T09:17:54.413865" elapsed="0.000162"/>
</kw>
<var name="${key}">location</var>
<status status="PASS" start="2024-05-15T09:17:54.412280" elapsed="0.001967"/>
</iter>
<iter>
<kw name="Dictionary Should Contain Key" owner="Collections">
<msg time="2024-05-15T09:17:54.414912" level="INFO">False</msg>
<arg>${json_data['results'][0]}</arg>
<arg>${key}</arg>
<doc>Fails if ``key`` is not found from ``dictionary``.</doc>
<status status="PASS" start="2024-05-15T09:17:54.414527" elapsed="0.000422"/>
</kw>
<kw name="Log" owner="BuiltIn">
<msg time="2024-05-15T09:17:54.415602" level="INFO">{'gender': 'female', 'name': {'title': 'Ms', 'first': 'Deborah', 'last': 'Walters'}, 'location': {'street': {'number': 947, 'name': 'North Street'}, 'city': 'Fermoy', 'state': 'Dún Laoghaire–Rathdown', 'country': 'Ireland', 'postcode': 54507, 'coordinates': {'latitude': '-0.0057', 'longitude': '14.3988'}, 'timezone': {'offset': '-3:00', 'description': 'Brazil, Buenos Aires, Georgetown'}}, 'email': 'deborah.walters@example.com', 'login': {'uuid': '4ee51863-78d1-40f4-97a5-ea2cd57b3c1d', 'username': 'greentiger669', 'password': 'newton', 'salt': 'F2ea8rdC', 'md5': '5354093639424bb7a5be01d6fc9bcb2a', 'sha1': 'f3b739dc068b0e261bf064278207b561c85544bd', 'sha256': '3c21d3db94ceba6309a95158578cb05059c043dd8590da3c1d42ebc365f36683'}, 'dob': {'date': '1952-01-27T08:19:59.332Z', 'age': 72}, 'registered': {'date': '2017-09-13T15:09:46.879Z', 'age': 6}, 'phone': '031-462-7088', 'cell': '081-561-7054', 'id': {'name': 'PPS', 'value': '4763353T'}, 'picture': {'large': 'https://randomuser.me/api/portraits/women/82.jpg', 'medium': 'https://randomuser.me/api/portraits/med/women/82.jpg', 'thumbnail': 'https://randomuser.me/api/portraits/thumb/women/82.jpg'}, 'nat': 'IE'}</msg>
<arg>${json_data['results'][0]}</arg>
<doc>Logs the given message with the given level.</doc>
<status status="PASS" start="2024-05-15T09:17:54.415240" elapsed="0.000413"/>
</kw>
<kw name="Log" owner="BuiltIn">
<msg time="2024-05-15T09:17:54.416070" level="INFO">email</msg>
<arg>${key}</arg>
<doc>Logs the given message with the given level.</doc>
<status status="PASS" start="2024-05-15T09:17:54.415944" elapsed="0.000163"/>
</kw>
<var name="${key}">email</var>
<status status="PASS" start="2024-05-15T09:17:54.414417" elapsed="0.001899"/>
</iter>
<iter>
<kw name="Dictionary Should Contain Key" owner="Collections">
<msg time="2024-05-15T09:17:54.417017" level="INFO">False</msg>
<arg>${json_data['results'][0]}</arg>
<arg>${key}</arg>
<doc>Fails if ``key`` is not found from ``dictionary``.</doc>
<status status="PASS" start="2024-05-15T09:17:54.416637" elapsed="0.000417"/>
</kw>
<kw name="Log" owner="BuiltIn">
<msg time="2024-05-15T09:17:54.417729" level="INFO">{'gender': 'female', 'name': {'title': 'Ms', 'first': 'Deborah', 'last': 'Walters'}, 'location': {'street': {'number': 947, 'name': 'North Street'}, 'city': 'Fermoy', 'state': 'Dún Laoghaire–Rathdown', 'country': 'Ireland', 'postcode': 54507, 'coordinates': {'latitude': '-0.0057', 'longitude': '14.3988'}, 'timezone': {'offset': '-3:00', 'description': 'Brazil, Buenos Aires, Georgetown'}}, 'email': 'deborah.walters@example.com', 'login': {'uuid': '4ee51863-78d1-40f4-97a5-ea2cd57b3c1d', 'username': 'greentiger669', 'password': 'newton', 'salt': 'F2ea8rdC', 'md5': '5354093639424bb7a5be01d6fc9bcb2a', 'sha1': 'f3b739dc068b0e261bf064278207b561c85544bd', 'sha256': '3c21d3db94ceba6309a95158578cb05059c043dd8590da3c1d42ebc365f36683'}, 'dob': {'date': '1952-01-27T08:19:59.332Z', 'age': 72}, 'registered': {'date': '2017-09-13T15:09:46.879Z', 'age': 6}, 'phone': '031-462-7088', 'cell': '081-561-7054', 'id': {'name': 'PPS', 'value': '4763353T'}, 'picture': {'large': 'https://randomuser.me/api/portraits/women/82.jpg', 'medium': 'https://randomuser.me/api/portraits/med/women/82.jpg', 'thumbnail': 'https://randomuser.me/api/portraits/thumb/women/82.jpg'}, 'nat': 'IE'}</msg>
<arg>${json_data['results'][0]}</arg>
<doc>Logs the given message with the given level.</doc>
<status status="PASS" start="2024-05-15T09:17:54.417351" elapsed="0.000428"/>
</kw>
<kw name="Log" owner="BuiltIn">
<msg time="2024-05-15T09:17:54.418201" level="INFO">login</msg>
<arg>${key}</arg>
<doc>Logs the given message with the given level.</doc>
<status status="PASS" start="2024-05-15T09:17:54.418075" elapsed="0.000164"/>
</kw>
<var name="${key}">login</var>
<status status="PASS" start="2024-05-15T09:17:54.416526" elapsed="0.001955"/>
</iter>
<var>${key}</var>
<value>@{expected_keys}</value>
<status status="PASS" start="2024-05-15T09:17:54.407730" elapsed="0.010885"/>
</for>
<kw name="Create List" owner="BuiltIn">
<msg time="2024-05-15T09:17:54.418945" level="INFO">${expected_keysTwo} = ['username', 'password']</msg>
<var>${expected_keysTwo}</var>
<arg>username</arg>
<arg>password</arg>
<doc>Returns a list containing given items.</doc>
<status status="PASS" start="2024-05-15T09:17:54.418810" elapsed="0.000159"/>
</kw>
<for flavor="IN">
<iter>
<kw name="Dictionary Should Contain Key" owner="Collections">
<msg time="2024-05-15T09:17:54.419862" level="INFO">False</msg>
<arg>${json_data['results'][0]['login']}</arg>
<arg>${keyTwo}</arg>
<doc>Fails if ``key`` is not found from ``dictionary``.</doc>
<status status="PASS" start="2024-05-15T09:17:54.419471" elapsed="0.000428"/>
</kw>
<kw name="Dictionary Should Contain Key" owner="Collections">
<msg time="2024-05-15T09:17:54.420601" level="INFO">False</msg>
<arg>${json_data['results'][0]['login']}</arg>
<arg>${keyTwo}</arg>
<doc>Fails if ``key`` is not found from ``dictionary``.</doc>
<status status="PASS" start="2024-05-15T09:17:54.420189" elapsed="0.000450"/>
</kw>
<kw name="Log" owner="BuiltIn">
<msg time="2024-05-15T09:17:54.421069" level="INFO">username</msg>
<arg>${keyTwo}</arg>
<doc>Logs the given message with the given level.</doc>
<status status="PASS" start="2024-05-15T09:17:54.420937" elapsed="0.000173"/>
</kw>
<var name="${keyTwo}">username</var>
<status status="PASS" start="2024-05-15T09:17:54.419361" elapsed="0.001961"/>
</iter>
<iter>
<kw name="Dictionary Should Contain Key" owner="Collections">
<msg time="2024-05-15T09:17:54.422068" level="INFO">False</msg>
<arg>${json_data['results'][0]['login']}</arg>
<arg>${keyTwo}</arg>
<doc>Fails if ``key`` is not found from ``dictionary``.</doc>
<status status="PASS" start="2024-05-15T09:17:54.421604" elapsed="0.000503"/>
</kw>
<kw name="Dictionary Should Contain Key" owner="Collections">
<msg time="2024-05-15T09:17:54.422780" level="INFO">False</msg>
<arg>${json_data['results'][0]['login']}</arg>
<arg>${keyTwo}</arg>
<doc>Fails if ``key`` is not found from ``dictionary``.</doc>
<status status="PASS" start="2024-05-15T09:17:54.422405" elapsed="0.000412"/>
</kw>
<kw name="Log" owner="BuiltIn">
<msg time="2024-05-15T09:17:54.423232" level="INFO">password</msg>
<arg>${keyTwo}</arg>
<doc>Logs the given message with the given level.</doc>
<status status="PASS" start="2024-05-15T09:17:54.423106" elapsed="0.000163"/>
</kw>
<var name="${keyTwo}">password</var>
<status status="PASS" start="2024-05-15T09:17:54.421495" elapsed="0.001985"/>
</iter>
<var>${keyTwo}</var>
<value>@{expected_keysTwo}</value>
<status status="PASS" start="2024-05-15T09:17:54.419210" elapsed="0.004390"/>
</for>
<status status="PASS" start="2024-05-15T09:17:54.308818" elapsed="0.114933"/>
</kw>
<doc>Testa a estrutura da resposta da API.</doc>
<tag>testeEstruturaResposta</tag>
<status status="PASS" start="2024-05-15T09:17:54.308173" elapsed="0.115737"/>
</test>
<test id="s1-s1-t4" name="Validar tipos de dados" line="28">
<kw name="Teste de Tipos de Dados" owner="random-user-service">
<kw name="GET On Session" owner="RequestsLibrary">
<msg time="2024-05-15T09:17:54.502622" level="INFO">GET Request : url=https://randomuser.me/api 
 path_url=/api 
 headers={'User-Agent': 'python-requests/2.31.0', 'Accept-Encoding': 'gzip, deflate', 'Accept': '*/*', 'Connection': 'keep-alive'} 
 body=None 
 </msg>
<msg time="2024-05-15T09:17:54.502726" level="INFO">GET Response : url=https://randomuser.me/api 
 status=200, reason=OK 
 headers={'Date': 'Wed, 15 May 2024 09:17:54 GMT', 'Content-Type': 'application/json; charset=utf-8', 'Transfer-Encoding': 'chunked', 'Connection': 'keep-alive', 'X-Powered-By': 'Express', 'Access-Control-Allow-Origin': '*', 'Cache-Control': 'no-cache', 'ETag': 'W/"499-szF1gCqYfMyOaGVhznwlh7emZWs"', 'Vary': 'Accept-Encoding', 'Content-Encoding': 'gzip', 'CF-Cache-Status': 'DYNAMIC', 'Report-To': '{"endpoints":[{"url":"https:\\/\\/a.nel.cloudflare.com\\/report\\/v4?s=3rFUzS8HarBz4xNjR%2FtqaPo95YJRT7hoxIOO4%2FCN89HBqw2zrHDH97wYLUKwqHJZh895Kx2cJD%2B1CinJwj1uD0x6TIUS5sWqmWJChZbemwkp5lFDeovH3GXA46d9AR%2FA"}],"group":"cf-nel","max_age":604800}', 'NEL': '{"success_fraction":0,"report_to":"cf-nel","max_age":604800}', 'Server': 'cloudflare', 'CF-RAY': '8842099f2f286070-ORD', 'alt-svc': 'h3=":443"; ma=86400'} 
 body={"results":[{"gender":"male","name":{"title":"Mr","first":"Collin","last":"Edens"},"location":{"street":{"number":3483,"name":"Koolkoelenweg"},"city":"Zijdewind","state":"Overijssel","country":"Netherlands","postcode":"0251 XU","coordinates":{"latitude":"34.7683","longitude":"-8.8002"},"timezone":{"offset":"+11:00","description":"Magadan, Solomon Islands, New Caledonia"}},"email":"collin.edens@example.com","login":{"uuid":"23f5ffb7-7513-40e7-a463-f125b81736ce","username":"greenduck977","password":"dilligaf","salt":"Ctfpd6Bz","md5":"0cf9446a8c308d0582923bb5d522c91f","sha1":"a4f8de2e4635c4524e069847e09df1bcc3aeb13a","sha256":"d7a678f14e52e7a4b4fa13e101de507993fb5312c6b8e9d0ae77f1c4dde76195"},"dob":{"date":"1948-09-09T19:00:48.828Z","age":75},"registered":{"date":"2005-05-23T17:24:50.613Z","age":18},"phone":"(075) 1423786","cell":"(06) 38040517","id":{"name":"BSN","value":"17994823"},"picture":{"large":"https://randomuser.me/api/portraits/men/33.jpg","medium":"https://randomuser.me/api/portraits/med/men/33.jpg","thumbnail":"https://randomuser.me/api/portraits/thumb/men/33.jpg"},"nat":"NL"}],"info":{"seed":"ff541e97677edd91","results":1,"page":1,"version":"1.4"}} 
 </msg>
<msg time="2024-05-15T09:17:54.502806" level="INFO">/opt/hostedtoolcache/Python/3.12.3/x64/lib/python3.12/site-packages/urllib3/connectionpool.py:1103: InsecureRequestWarning: Unverified HTTPS request is being made to host 'randomuser.me'. Adding certificate verification is strongly advised. See: https://urllib3.readthedocs.io/en/latest/advanced-usage.html#tls-warnings
  warnings.warn(</msg>
<msg time="2024-05-15T09:17:54.502946" level="INFO">${response} = &lt;Response [200]&gt;</msg>
<var>${response}</var>
<arg>consultarAPI</arg>
<arg>/api</arg>
<doc>Sends a GET request on a previously created HTTP Session.</doc>
<status status="PASS" start="2024-05-15T09:17:54.426515" elapsed="0.076471"/>
</kw>
<kw name="Set Variable" owner="BuiltIn">
<msg time="2024-05-15T09:17:54.504229" level="INFO">${json_data} = {'results': [{'gender': 'male', 'name': {'title': 'Mr', 'first': 'Collin', 'last': 'Edens'}, 'location': {'street': {'number': 3483, 'name': 'Koolkoelenweg'}, 'city': 'Zijdewind', 'state': 'Overijssel...</msg>
<var>${json_data}</var>
<arg>${response.json()}</arg>
<doc>Returns the given values which can then be assigned to a variables.</doc>
<status status="PASS" start="2024-05-15T09:17:54.503595" elapsed="0.000663"/>
</kw>
<kw name="Log" owner="BuiltIn">
<msg time="2024-05-15T09:17:54.504802" level="INFO">{'results': [{'gender': 'male', 'name': {'title': 'Mr', 'first': 'Collin', 'last': 'Edens'}, 'location': {'street': {'number': 3483, 'name': 'Koolkoelenweg'}, 'city': 'Zijdewind', 'state': 'Overijssel', 'country': 'Netherlands', 'postcode': '0251 XU', 'coordinates': {'latitude': '34.7683', 'longitude': '-8.8002'}, 'timezone': {'offset': '+11:00', 'description': 'Magadan, Solomon Islands, New Caledonia'}}, 'email': 'collin.edens@example.com', 'login': {'uuid': '23f5ffb7-7513-40e7-a463-f125b81736ce', 'username': 'greenduck977', 'password': 'dilligaf', 'salt': 'Ctfpd6Bz', 'md5': '0cf9446a8c308d0582923bb5d522c91f', 'sha1': 'a4f8de2e4635c4524e069847e09df1bcc3aeb13a', 'sha256': 'd7a678f14e52e7a4b4fa13e101de507993fb5312c6b8e9d0ae77f1c4dde76195'}, 'dob': {'date': '1948-09-09T19:00:48.828Z', 'age': 75}, 'registered': {'date': '2005-05-23T17:24:50.613Z', 'age': 18}, 'phone': '(075) 1423786', 'cell': '(06) 38040517', 'id': {'name': 'BSN', 'value': '17994823'}, 'picture': {'large': 'https://randomuser.me/api/portraits/men/33.jpg', 'medium': 'https://randomuser.me/api/portraits/med/men/33.jpg', 'thumbnail': 'https://randomuser.me/api/portraits/thumb/men/33.jpg'}, 'nat': 'NL'}], 'info': {'seed': 'ff541e97677edd91', 'results': 1, 'page': 1, 'version': '1.4'}}</msg>
<arg>${json_data}</arg>
<doc>Logs the given message with the given level.</doc>
<status status="PASS" start="2024-05-15T09:17:54.504636" elapsed="0.000251"/>
</kw>
<kw name="Should Be String" owner="String">
<arg>${json_data['results'][0]['gender']}</arg>
<doc>Fails if the given ``item`` is not a string.</doc>
<status status="PASS" start="2024-05-15T09:17:54.505204" elapsed="0.000382"/>
</kw>
<kw name="Should Match Regexp" owner="BuiltIn">
<arg>${json_data['results'][0]['email']}</arg>
<arg>^[a-zA-Z0-9._%+-]+@[a-zA-Z0-9.-]+\.[a-zA-Z]{2,}$</arg>
<doc>Fails if ``string`` does not match ``pattern`` as a regular expression.</doc>
<status status="PASS" start="2024-05-15T09:17:54.505786" elapsed="0.000524"/>
</kw>
<kw name="Should Match Regexp" owner="BuiltIn">
<arg>${json_data['results'][0]['dob']['date']}</arg>
<arg>\\d{4}-\\d{2}-\\d{2}T\\d{2}:\\d{2}:\\d{2}\\.\\d{3}Z</arg>
<doc>Fails if ``string`` does not match ``pattern`` as a regular expression.</doc>
<status status="PASS" start="2024-05-15T09:17:54.506510" elapsed="0.000511"/>
</kw>
<kw name="Should Match Regexp" owner="BuiltIn">
<arg>${json_data['results'][0]['registered']['date']}</arg>
<arg>\\d{4}-\\d{2}-\\d{2}T\\d{2}:\\d{2}:\\d{2}\\.\\d{3}Z</arg>
<doc>Fails if ``string`` does not match ``pattern`` as a regular expression.</doc>
<status status="PASS" start="2024-05-15T09:17:54.507219" elapsed="0.000366"/>
</kw>
<kw name="Should Match Regexp" owner="BuiltIn">
<arg>${json_data['results'][0]['picture']['large']}</arg>
<arg>^https?://.*\.(?:png|jpe?g|gif|bmp)$</arg>
<doc>Fails if ``string`` does not match ``pattern`` as a regular expression.</doc>
<status status="PASS" start="2024-05-15T09:17:54.507777" elapsed="0.000470"/>
</kw>
<kw name="Should Match Regexp" owner="BuiltIn">
<arg>${json_data['results'][0]['picture']['medium']}</arg>
<arg>^https?://.*\.(?:png|jpe?g|gif|bmp)$</arg>
<doc>Fails if ``string`` does not match ``pattern`` as a regular expression.</doc>
<status status="PASS" start="2024-05-15T09:17:54.508473" elapsed="0.000366"/>
</kw>
<kw name="Should Match Regexp" owner="BuiltIn">
<arg>${json_data['results'][0]['picture']['thumbnail']}</arg>
<arg>^https?://.*\.(?:png|jpe?g|gif|bmp)$</arg>
<doc>Fails if ``string`` does not match ``pattern`` as a regular expression.</doc>
<status status="PASS" start="2024-05-15T09:17:54.509035" elapsed="0.000351"/>
</kw>
<kw name="Log" owner="BuiltIn">
<msg time="2024-05-15T09:17:54.509892" level="INFO">{'large': 'https://randomuser.me/api/portraits/men/33.jpg', 'medium': 'https://randomuser.me/api/portraits/med/men/33.jpg', 'thumbnail': 'https://randomuser.me/api/portraits/thumb/men/33.jpg'}</msg>
<arg>${json_data['results'][0]['picture']}</arg>
<doc>Logs the given message with the given level.</doc>
<status status="PASS" start="2024-05-15T09:17:54.509569" elapsed="0.000364"/>
</kw>
<status status="PASS" start="2024-05-15T09:17:54.426282" elapsed="0.083914"/>
</kw>
<kw name="Teste de Tipos de Dados - Postcode" owner="random-user-service">
<kw name="GET On Session" owner="RequestsLibrary">
<msg time="2024-05-15T09:17:54.603020" level="INFO">GET Request : url=https://randomuser.me/api 
 path_url=/api 
 headers={'User-Agent': 'python-requests/2.31.0', 'Accept-Encoding': 'gzip, deflate', 'Accept': '*/*', 'Connection': 'keep-alive'} 
 body=None 
 </msg>
<msg time="2024-05-15T09:17:54.603118" level="INFO">GET Response : url=https://randomuser.me/api 
 status=200, reason=OK 
 headers={'Date': 'Wed, 15 May 2024 09:17:54 GMT', 'Content-Type': 'application/json; charset=utf-8', 'Transfer-Encoding': 'chunked', 'Connection': 'keep-alive', 'X-Powered-By': 'Express', 'Access-Control-Allow-Origin': '*', 'Cache-Control': 'no-cache', 'ETag': 'W/"4a7-dzohAI5GBIo57xyEshFlA/pH424"', 'Vary': 'Accept-Encoding', 'Content-Encoding': 'gzip', 'CF-Cache-Status': 'DYNAMIC', 'Report-To': '{"endpoints":[{"url":"https:\\/\\/a.nel.cloudflare.com\\/report\\/v4?s=fSJ2LBQuou0jtsJDdi79P3kUxzmjP2cSLStPj6rzGaYS2%2FMKHAnk36V97%2FctGpeK%2FRkIvW8tal3Ef5D%2FiJIikNOSIJVNiCp6j9P%2F0x5nOXFNbh7kppb%2FxX1XYU3A%2F0Xo"}],"group":"cf-nel","max_age":604800}', 'NEL': '{"success_fraction":0,"report_to":"cf-nel","max_age":604800}', 'Server': 'cloudflare', 'CF-RAY': '8842099fbf726070-ORD', 'alt-svc': 'h3=":443"; ma=86400'} 
 body={"results":[{"gender":"female","name":{"title":"Ms","first":"Candice","last":"Caron"},"location":{"street":{"number":2158,"name":"Rue de la Baleine"},"city":"Nantes","state":"Guyane","country":"France","postcode":22000,"coordinates":{"latitude":"-16.3792","longitude":"37.3879"},"timezone":{"offset":"0:00","description":"Western Europe Time, London, Lisbon, Casablanca"}},"email":"candice.caron@example.com","login":{"uuid":"22c63995-2862-4a76-8a75-4b8d78b8093e","username":"goldenfish760","password":"jewel","salt":"IAiNEybP","md5":"db5817c39340223d380de4edb420067b","sha1":"c33c14f6898b4757f8aa97c3260db35a1ff077ac","sha256":"7f35a1ffd8df9fee5df053005e7bc3a9ac1320313f76f8998ece644fbac9faba"},"dob":{"date":"1973-11-30T22:48:09.246Z","age":50},"registered":{"date":"2018-10-19T14:42:47.587Z","age":5},"phone":"03-75-06-18-43","cell":"06-11-91-40-77","id":{"name":"INSEE","value":"2731025697917 74"},"picture":{"large":"https://randomuser.me/api/portraits/women/46.jpg","medium":"https://randomuser.me/api/portraits/med/women/46.jpg","thumbnail":"https://randomuser.me/api/portraits/thumb/women/46.jpg"},"nat":"FR"}],"info":{"seed":"3a8a4decbf60ccfe","results":1,"page":1,"version":"1.4"}} 
 </msg>
<msg time="2024-05-15T09:17:54.603186" level="INFO">/opt/hostedtoolcache/Python/3.12.3/x64/lib/python3.12/site-packages/urllib3/connectionpool.py:1103: InsecureRequestWarning: Unverified HTTPS request is being made to host 'randomuser.me'. Adding certificate verification is strongly advised. See: https://urllib3.readthedocs.io/en/latest/advanced-usage.html#tls-warnings
  warnings.warn(</msg>
<msg time="2024-05-15T09:17:54.603300" level="INFO">${response} = &lt;Response [200]&gt;</msg>
<var>${response}</var>
<arg>consultarAPI</arg>
<arg>/api</arg>
<doc>Sends a GET request on a previously created HTTP Session.</doc>
<status status="PASS" start="2024-05-15T09:17:54.510663" elapsed="0.092678"/>
</kw>
<kw name="Set Variable" owner="BuiltIn">
<msg time="2024-05-15T09:17:54.604581" level="INFO">${json_data} = {'results': [{'gender': 'female', 'name': {'title': 'Ms', 'first': 'Candice', 'last': 'Caron'}, 'location': {'street': {'number': 2158, 'name': 'Rue de la Baleine'}, 'city': 'Nantes', 'state': 'Guyane...</msg>
<var>${json_data}</var>
<arg>${response.json()}</arg>
<doc>Returns the given values which can then be assigned to a variables.</doc>
<status status="PASS" start="2024-05-15T09:17:54.603936" elapsed="0.000675"/>
</kw>
<kw name="Log" owner="BuiltIn">
<msg time="2024-05-15T09:17:54.605285" level="INFO">{'results': [{'gender': 'female', 'name': {'title': 'Ms', 'first': 'Candice', 'last': 'Caron'}, 'location': {'street': {'number': 2158, 'name': 'Rue de la Baleine'}, 'city': 'Nantes', 'state': 'Guyane', 'country': 'France', 'postcode': 22000, 'coordinates': {'latitude': '-16.3792', 'longitude': '37.3879'}, 'timezone': {'offset': '0:00', 'description': 'Western Europe Time, London, Lisbon, Casablanca'}}, 'email': 'candice.caron@example.com', 'login': {'uuid': '22c63995-2862-4a76-8a75-4b8d78b8093e', 'username': 'goldenfish760', 'password': 'jewel', 'salt': 'IAiNEybP', 'md5': 'db5817c39340223d380de4edb420067b', 'sha1': 'c33c14f6898b4757f8aa97c3260db35a1ff077ac', 'sha256': '7f35a1ffd8df9fee5df053005e7bc3a9ac1320313f76f8998ece644fbac9faba'}, 'dob': {'date': '1973-11-30T22:48:09.246Z', 'age': 50}, 'registered': {'date': '2018-10-19T14:42:47.587Z', 'age': 5}, 'phone': '03-75-06-18-43', 'cell': '06-11-91-40-77', 'id': {'name': 'INSEE', 'value': '2731025697917 74'}, 'picture': {'large': 'https://randomuser.me/api/portraits/women/46.jpg', 'medium': 'https://randomuser.me/api/portraits/med/women/46.jpg', 'thumbnail': 'https://randomuser.me/api/portraits/thumb/women/46.jpg'}, 'nat': 'FR'}], 'info': {'seed': '3a8a4decbf60ccfe', 'results': 1, 'page': 1, 'version': '1.4'}}</msg>
<arg>${json_data}</arg>
<doc>Logs the given message with the given level.</doc>
<status status="PASS" start="2024-05-15T09:17:54.605061" elapsed="0.000345"/>
</kw>
<kw name="Should Be Equal As Numbers" owner="BuiltIn">
<arg>${json_data['results'][0]['location']['postcode']}</arg>
<arg>${json_data['results'][0]['location']['postcode']}</arg>
<doc>Fails if objects are unequal after converting them to real numbers.</doc>
<status status="PASS" start="2024-05-15T09:17:54.605999" elapsed="0.000654"/>
</kw>
<kw name="Log" owner="BuiltIn">
<msg time="2024-05-15T09:17:54.607207" level="INFO">22000</msg>
<arg>${json_data['results'][0]['location']['postcode']}</arg>
<doc>Logs the given message with the given level.</doc>
<status status="PASS" start="2024-05-15T09:17:54.606853" elapsed="0.000397"/>
</kw>
<status status="PASS" start="2024-05-15T09:17:54.510428" elapsed="0.097084"/>
</kw>
<doc>Testa se os tipos de dados na resposta da API estão corretos.</doc>
<tag>testeTiposDados</tag>
<status status="PASS" start="2024-05-15T09:17:54.425737" elapsed="0.181945"/>
</test>
<test id="s1-s1-t5" name="Validar conteudo" line="35">
<kw name="Teste de Tipos de Conteudo" owner="random-user-service">
<kw name="GET On Session" owner="RequestsLibrary">
<msg time="2024-05-15T09:17:54.702918" level="INFO">GET Request : url=https://randomuser.me/api 
 path_url=/api 
 headers={'User-Agent': 'python-requests/2.31.0', 'Accept-Encoding': 'gzip, deflate', 'Accept': '*/*', 'Connection': 'keep-alive'} 
 body=None 
 </msg>
<msg time="2024-05-15T09:17:54.703029" level="INFO">GET Response : url=https://randomuser.me/api 
 status=200, reason=OK 
 headers={'Date': 'Wed, 15 May 2024 09:17:54 GMT', 'Content-Type': 'application/json; charset=utf-8', 'Transfer-Encoding': 'chunked', 'Connection': 'keep-alive', 'X-Powered-By': 'Express', 'Access-Control-Allow-Origin': '*', 'Cache-Control': 'no-cache', 'ETag': 'W/"485-d/oa9Y/ExYuIfiQg3eUeGtcyztE"', 'Vary': 'Accept-Encoding', 'Content-Encoding': 'gzip', 'CF-Cache-Status': 'DYNAMIC', 'Report-To': '{"endpoints":[{"url":"https:\\/\\/a.nel.cloudflare.com\\/report\\/v4?s=UUJ4lSsWLYTe8AdezzDE9mXECH7qb4SnCQkEb0v61ugjQMnYr%2FCPHYIGoF9qAy%2Bl4eGpDTmNvzVGcgimR%2BYRjNDoj%2F8CF3cc7EWs2KxzQyQjoVj0cVZMBxnJ7QWd8tC2"}],"group":"cf-nel","max_age":604800}', 'NEL': '{"success_fraction":0,"report_to":"cf-nel","max_age":604800}', 'Server': 'cloudflare', 'CF-RAY': '884209a05fd16070-ORD', 'alt-svc': 'h3=":443"; ma=86400'} 
 body={"results":[{"gender":"male","name":{"title":"Mr","first":"Carmelo","last":"Cortes"},"location":{"street":{"number":7768,"name":"Calle de Arganzuela"},"city":"Alcalá de Henares","state":"Región de Murcia","country":"Spain","postcode":73430,"coordinates":{"latitude":"-31.8055","longitude":"-32.1366"},"timezone":{"offset":"+3:30","description":"Tehran"}},"email":"carmelo.cortes@example.com","login":{"uuid":"329c40fb-c310-47f8-a40a-9efafbf0d9ba","username":"angrymouse619","password":"donner","salt":"VoeaC9FA","md5":"dd721ed67bfccc3a599898c43949f982","sha1":"a45b14e7aaa394dff3de732deb5d6d032ac4fa8b","sha256":"44df7c328a34923a2da8ff6dc0feb2938f09a45baf951edb6b0fa6647fc73e32"},"dob":{"date":"1996-01-08T02:21:42.928Z","age":28},"registered":{"date":"2021-09-11T05:17:00.301Z","age":2},"phone":"997-908-566","cell":"621-100-295","id":{"name":"DNI","value":"45080208-W"},"picture":{"large":"https://randomuser.me/api/portraits/men/64.jpg","medium":"https://randomuser.me/api/portraits/med/men/64.jpg","thumbnail":"https://randomuser.me/api/portraits/thumb/men/64.jpg"},"nat":"ES"}],"info":{"seed":"1c6c134abb017ece","results":1,"page":1,"version":"1.4"}} 
 </msg>
<msg time="2024-05-15T09:17:54.703113" level="INFO">/opt/hostedtoolcache/Python/3.12.3/x64/lib/python3.12/site-packages/urllib3/connectionpool.py:1103: InsecureRequestWarning: Unverified HTTPS request is being made to host 'randomuser.me'. Adding certificate verification is strongly advised. See: https://urllib3.readthedocs.io/en/latest/advanced-usage.html#tls-warnings
  warnings.warn(</msg>
<msg time="2024-05-15T09:17:54.703256" level="INFO">${response} = &lt;Response [200]&gt;</msg>
<var>${response}</var>
<arg>consultarAPI</arg>
<arg>/api</arg>
<doc>Sends a GET request on a previously created HTTP Session.</doc>
<status status="PASS" start="2024-05-15T09:17:54.610278" elapsed="0.093027"/>
</kw>
<kw name="Set Variable" owner="BuiltIn">
<msg time="2024-05-15T09:17:54.704554" level="INFO">${json_data} = {'results': [{'gender': 'male', 'name': {'title': 'Mr', 'first': 'Carmelo', 'last': 'Cortes'}, 'location': {'street': {'number': 7768, 'name': 'Calle de Arganzuela'}, 'city': 'Alcalá de Henares', 'sta...</msg>
<var>${json_data}</var>
<arg>${response.json()}</arg>
<doc>Returns the given values which can then be assigned to a variables.</doc>
<status status="PASS" start="2024-05-15T09:17:54.703940" elapsed="0.000644"/>
</kw>
<kw name="Set Variable" owner="BuiltIn">
<msg time="2024-05-15T09:17:54.705274" level="INFO">${name_title} = Mr</msg>
<var>${name_title}</var>
<arg>${json_data["results"][0]["name"]["title"]}</arg>
<doc>Returns the given values which can then be assigned to a variables.</doc>
<status status="PASS" start="2024-05-15T09:17:54.704893" elapsed="0.000406"/>
</kw>
<kw name="Create List" owner="BuiltIn">
<msg time="2024-05-15T09:17:54.705763" level="INFO">${allowed_titles} = ['Mr', 'Ms', 'Miss', 'Mrs', 'Madame', 'Monsieur']</msg>
<var>${allowed_titles}</var>
<arg>Mr</arg>
<arg>Ms</arg>
<arg>Miss</arg>
<arg>Mrs</arg>
<arg>Madame</arg>
<arg>Monsieur</arg>
<doc>Returns a list containing given items.</doc>
<status status="PASS" start="2024-05-15T09:17:54.705616" elapsed="0.000171"/>
</kw>
<kw name="List Should Contain Value" owner="Collections">
<msg time="2024-05-15T09:17:54.706255" level="INFO">False</msg>
<arg>${allowed_titles}</arg>
<arg>${name_title}</arg>
<doc>Fails if the ``value`` is not found from ``list``.</doc>
<status status="PASS" start="2024-05-15T09:17:54.706083" elapsed="0.000208"/>
</kw>
<kw name="Set Variable" owner="BuiltIn">
<msg time="2024-05-15T09:17:54.706953" level="INFO">${name_country} = ES</msg>
<var>${name_country}</var>
<arg>${json_data["results"][0]["nat"]}</arg>
<doc>Returns the given values which can then be assigned to a variables.</doc>
<status status="PASS" start="2024-05-15T09:17:54.706576" elapsed="0.000402"/>
</kw>
<kw name="Create List" owner="BuiltIn">
<msg time="2024-05-15T09:17:54.707855" level="INFO">${list_country} = ['AD', 'AE', 'AF', 'AG', 'AI', 'AL', 'AM', 'AO', 'AQ', 'AR', 'AS', 'AT', 'AU', 'AW', 'AX', 'AZ', 'BA', 'BB', 'BD', 'BE', 'BF', 'BG', 'BH', 'BI', 'BJ', 'BL', 'BM', 'BN', 'BO', 'BQ', 'BR', 'BS', 'BT', '...</msg>
<var>${list_country}</var>
<arg>AD</arg>
<arg>AE</arg>
<arg>AF</arg>
<arg>AG</arg>
<arg>AI</arg>
<arg>AL</arg>
<arg>AM</arg>
<arg>AO</arg>
<arg>AQ</arg>
<arg>AR</arg>
<arg>AS</arg>
<arg>AT</arg>
<arg>AU</arg>
<arg>AW</arg>
<arg>AX</arg>
<arg>AZ</arg>
<arg>BA</arg>
<arg>BB</arg>
<arg>BD</arg>
<arg>BE</arg>
<arg>BF</arg>
<arg>BG</arg>
<arg>BH</arg>
<arg>BI</arg>
<arg>BJ</arg>
<arg>BL</arg>
<arg>BM</arg>
<arg>BN</arg>
<arg>BO</arg>
<arg>BQ</arg>
<arg>BR</arg>
<arg>BS</arg>
<arg>BT</arg>
<arg>BV</arg>
<arg>BW</arg>
<arg>BY</arg>
<arg>BZ</arg>
<arg>CA</arg>
<arg>CC</arg>
<arg>CD</arg>
<arg>CF</arg>
<arg>CG</arg>
<arg>CH</arg>
<arg>CI</arg>
<arg>CK</arg>
<arg>CL</arg>
<arg>CM</arg>
<arg>CN</arg>
<arg>CO</arg>
<arg>CR</arg>
<arg>CU</arg>
<arg>CV</arg>
<arg>CW</arg>
<arg>CX</arg>
<arg>CY</arg>
<arg>CZ</arg>
<arg>DE</arg>
<arg>DJ</arg>
<arg>DK</arg>
<arg>DM</arg>
<arg>DO</arg>
<arg>DZ</arg>
<arg>EC</arg>
<arg>EE</arg>
<arg>EG</arg>
<arg>EH</arg>
<arg>ER</arg>
<arg>ES</arg>
<arg>ET</arg>
<arg>FI</arg>
<arg>FJ</arg>
<arg>FK</arg>
<arg>FM</arg>
<arg>FO</arg>
<arg>FR</arg>
<arg>GA</arg>
<arg>GB</arg>
<arg>GD</arg>
<arg>GE</arg>
<arg>GF</arg>
<arg>GG</arg>
<arg>GH</arg>
<arg>GI</arg>
<arg>GL</arg>
<arg>GM</arg>
<arg>GN</arg>
<arg>GP</arg>
<arg>GQ</arg>
<arg>GR</arg>
<arg>GS</arg>
<arg>GT</arg>
<arg>GU</arg>
<arg>GW</arg>
<arg>GY</arg>
<arg>HK</arg>
<arg>HM</arg>
<arg>HN</arg>
<arg>HR</arg>
<arg>HT</arg>
<arg>HU</arg>
<arg>ID</arg>
<arg>IE</arg>
<arg>IL</arg>
<arg>IM</arg>
<arg>IN</arg>
<arg>IO</arg>
<arg>IQ</arg>
<arg>IR</arg>
<arg>IS</arg>
<arg>IT</arg>
<arg>JE</arg>
<arg>JM</arg>
<arg>JO</arg>
<arg>JP</arg>
<arg>KE</arg>
<arg>KG</arg>
<arg>KH</arg>
<arg>KI</arg>
<arg>KM</arg>
<arg>KN</arg>
<arg>KP</arg>
<arg>KR</arg>
<arg>KW</arg>
<arg>KY</arg>
<arg>KZ</arg>
<arg>LA</arg>
<arg>LB</arg>
<arg>LC</arg>
<arg>LI</arg>
<arg>LK</arg>
<arg>LR</arg>
<arg>LS</arg>
<arg>LT</arg>
<arg>LU</arg>
<arg>LV</arg>
<arg>LY</arg>
<arg>MA</arg>
<arg>MC</arg>
<arg>MD</arg>
<arg>ME</arg>
<arg>MF</arg>
<arg>MG</arg>
<arg>MH</arg>
<arg>MK</arg>
<arg>ML</arg>
<arg>MM</arg>
<arg>MN</arg>
<arg>MO</arg>
<arg>MP</arg>
<arg>MQ</arg>
<arg>MR</arg>
<arg>MS</arg>
<arg>MT</arg>
<arg>MU</arg>
<arg>MV</arg>
<arg>MW</arg>
<arg>MX</arg>
<arg>MY</arg>
<arg>MZ</arg>
<arg>NA</arg>
<arg>NC</arg>
<arg>NE</arg>
<arg>NF</arg>
<arg>NG</arg>
<arg>NI</arg>
<arg>NL</arg>
<arg>NO</arg>
<arg>NP</arg>
<arg>NR</arg>
<arg>NU</arg>
<arg>NZ</arg>
<arg>OM</arg>
<arg>PA</arg>
<arg>PE</arg>
<arg>PF</arg>
<arg>PG</arg>
<arg>PH</arg>
<arg>PK</arg>
<arg>PL</arg>
<arg>PM</arg>
<arg>PN</arg>
<arg>PR</arg>
<arg>PS</arg>
<arg>PT</arg>
<arg>PW</arg>
<arg>PY</arg>
<arg>QA</arg>
<arg>RE</arg>
<arg>RO</arg>
<arg>RS</arg>
<arg>RU</arg>
<arg>RW</arg>
<arg>SA</arg>
<arg>SB</arg>
<arg>SC</arg>
<arg>SD</arg>
<arg>SE</arg>
<arg>SG</arg>
<arg>SH</arg>
<arg>SI</arg>
<arg>SJ</arg>
<arg>SK</arg>
<arg>SL</arg>
<arg>SM</arg>
<arg>SN</arg>
<arg>SO</arg>
<arg>SR</arg>
<arg>SS</arg>
<arg>ST</arg>
<arg>SV</arg>
<arg>SX</arg>
<arg>SY</arg>
<arg>SZ</arg>
<arg>TC</arg>
<arg>TD</arg>
<arg>TF</arg>
<arg>TG</arg>
<arg>TH</arg>
<arg>TJ</arg>
<arg>TK</arg>
<arg>TL</arg>
<arg>TM</arg>
<arg>TN</arg>
<arg>TO</arg>
<arg>TR</arg>
<arg>TT</arg>
<arg>TV</arg>
<arg>TW</arg>
<arg>TZ</arg>
<arg>UA</arg>
<arg>UG</arg>
<arg>UM</arg>
<arg>US</arg>
<arg>UY</arg>
<arg>UZ</arg>
<arg>VA</arg>
<arg>VC</arg>
<arg>VE</arg>
<arg>VG</arg>
<arg>VI</arg>
<arg>VN</arg>
<arg>VU</arg>
<arg>WF</arg>
<arg>WS</arg>
<arg>XK</arg>
<arg>YE</arg>
<arg>YT</arg>
<arg>ZA</arg>
<arg>ZM</arg>
<arg>ZW</arg>
<doc>Returns a list containing given items.</doc>
<status status="PASS" start="2024-05-15T09:17:54.707276" elapsed="0.000605"/>
</kw>
<kw name="List Should Contain Value" owner="Collections">
<msg time="2024-05-15T09:17:54.708884" level="INFO">False</msg>
<arg>${list_country}</arg>
<arg>${name_country}</arg>
<doc>Fails if the ``value`` is not found from ``list``.</doc>
<status status="PASS" start="2024-05-15T09:17:54.708686" elapsed="0.000234"/>
</kw>
<kw name="Run Keyword If" owner="BuiltIn">
<kw name="Should Be True" owner="BuiltIn">
<arg>${True}</arg>
<doc>Fails if the given condition is not true.</doc>
<status status="PASS" start="2024-05-15T09:17:54.709997" elapsed="0.000260"/>
</kw>
<arg>${json_data["results"][0]["location"]["coordinates"]["latitude"]} &gt;= -90 and ${json_data["results"][0]["location"]["coordinates"]["latitude"]} &lt;= 90</arg>
<arg>Should Be True</arg>
<arg>${True}</arg>
<doc>Runs the given keyword with the given arguments, if ``condition`` is true.</doc>
<status status="PASS" start="2024-05-15T09:17:54.709232" elapsed="0.001157"/>
</kw>
<kw name="Run Keyword If" owner="BuiltIn">
<kw name="Should Be True" owner="BuiltIn">
<arg>${True}</arg>
<doc>Fails if the given condition is not true.</doc>
<status status="PASS" start="2024-05-15T09:17:54.711279" elapsed="0.000138"/>
</kw>
<arg>${json_data["results"][0]["location"]["coordinates"]["longitude"]} &gt;= -180 and ${json_data["results"][0]["location"]["coordinates"]["longitude"]} &lt;= 180</arg>
<arg>Should Be True</arg>
<arg>${True}</arg>
<doc>Runs the given keyword with the given arguments, if ``condition`` is true.</doc>
<status status="PASS" start="2024-05-15T09:17:54.710576" elapsed="0.000962"/>
</kw>
<status status="PASS" start="2024-05-15T09:17:54.610041" elapsed="0.101636"/>
</kw>
<doc>Testa o conteúdo específico dos campos retornados pela API.</doc>
<tag>testeConteudo</tag>
<status status="PASS" start="2024-05-15T09:17:54.609501" elapsed="0.102326"/>
</test>
<status status="PASS" start="2024-05-15T09:17:53.909095" elapsed="0.804778"/>
</suite>
<status status="PASS" start="2024-05-15T09:17:53.895613" elapsed="0.823511"/>
</suite>
<statistics>
<total>
<stat pass="5" fail="0" skip="0">All Tests</stat>
</total>
<tag>
<stat pass="1" fail="0" skip="0">testeConteudo</stat>
<stat pass="1" fail="0" skip="0">testeEstruturaResposta</stat>
<stat pass="1" fail="0" skip="0">testeRequisicaoBasica</stat>
<stat pass="1" fail="0" skip="0">testeTiposDados</stat>
</tag>
<suite>
<stat pass="5" fail="0" skip="0" id="s1" name="Tests">Tests</stat>
<stat pass="5" fail="0" skip="0" id="s1-s1" name="Random-User-Test">Tests.Random-User-Test</stat>
</suite>
</statistics>
<errors>
</errors>
</robot>
