<?xml version="1.0" encoding="UTF-8"?>
<robot generator="Robot 7.0 (Python 3.12.3 on linux)" generated="2024-06-04T01:05:02.003103" rpa="false" schemaversion="5">
<suite id="s1" name="Tests" source="/home/runner/work/ApiRandomUser/ApiRandomUser/RamdonUser/tests">
<suite id="s1-s1" name="Random-User-Test" source="/home/runner/work/ApiRandomUser/ApiRandomUser/RamdonUser/tests/random-user-test.robot">
<test id="s1-s1-t1" name="Conectar" line="13">
<kw name="Conectar API" owner="random-user-service">
<kw name="Create Session" owner="RequestsLibrary">
<msg time="2024-06-04T01:05:02.403425" level="INFO">Creating Session using : alias=consultarAPI, url=https://randomuser.me/, headers={},                     cookies={}, auth=None, timeout=None, proxies=None, verify=False,                     debug=0 </msg>
<arg>consultarAPI</arg>
<arg>${URL}</arg>
<doc>Create Session: create a HTTP session to a server</doc>
<status status="PASS" start="2024-06-04T01:05:02.403196" elapsed="0.000430"/>
</kw>
<status status="PASS" start="2024-06-04T01:05:02.402072" elapsed="0.001945"/>
</kw>
<status status="PASS" start="2024-06-04T01:05:02.401468" elapsed="0.002803"/>
</test>
<test id="s1-s1-t2" name="Validar retorno 200 e JSON Válido" line="16">
<kw name="Teste de Requisicao Basica" owner="random-user-service">
<kw name="GET On Session" owner="RequestsLibrary">
<msg time="2024-06-04T01:05:02.674029" level="INFO">GET Request : url=https://randomuser.me/api 
 path_url=/api 
 headers={'User-Agent': 'python-requests/2.32.3', 'Accept-Encoding': 'gzip, deflate', 'Accept': '*/*', 'Connection': 'keep-alive'} 
 body=None 
 </msg>
<msg time="2024-06-04T01:05:02.674188" level="INFO">GET Response : url=https://randomuser.me/api 
 status=200, reason=OK 
 headers={'Date': 'Tue, 04 Jun 2024 01:05:02 GMT', 'Content-Type': 'application/json; charset=utf-8', 'Transfer-Encoding': 'chunked', 'Connection': 'keep-alive', 'X-Powered-By': 'Express', 'Access-Control-Allow-Origin': '*', 'Cache-Control': 'no-cache', 'ETag': 'W/"48b-M8UB1seZU2W0TsOkni/Atfe+Wpc"', 'Vary': 'Accept-Encoding', 'Content-Encoding': 'gzip', 'CF-Cache-Status': 'DYNAMIC', 'Report-To': '{"endpoints":[{"url":"https:\\/\\/a.nel.cloudflare.com\\/report\\/v4?s=ye%2BDHFGcwlg7vUhYFxmyxtDJ1By4QpKlFe5vsDkoecBua%2FOAb0DaYclfiEHc9C3CO%2B3WoaAvbmU4OgGa7pXTPryNEApF0A9ZbaZvWCoZ2LLpD6VZLsOZQEpvkN5F0e%2Fx"}],"group":"cf-nel","max_age":604800}', 'NEL': '{"success_fraction":0,"report_to":"cf-nel","max_age":604800}', 'Server': 'cloudflare', 'CF-RAY': '88e403263800969a-SJC', 'alt-svc': 'h3=":443"; ma=86400'} 
 body={"results":[{"gender":"female","name":{"title":"Ms","first":"Helmi","last":"Takala"},"location":{"street":{"number":189,"name":"Pirkankatu"},"city":"Raahe","state":"Åland","country":"Finland","postcode":12626,"coordinates":{"latitude":"-21.7337","longitude":"85.5159"},"timezone":{"offset":"+5:30","description":"Bombay, Calcutta, Madras, New Delhi"}},"email":"helmi.takala@example.com","login":{"uuid":"4edb08bf-0e9e-451f-99d5-24ea1bdad656","username":"goldendog351","password":"soprano","salt":"3L6ve0dM","md5":"3da1185c6aed295697da821735a0e47f","sha1":"91eeadb5255be19fefc77aa0fb0040fb5149ef26","sha256":"71b6af47f09946b55ddd9c6cb4f2e19e31c36847634855d10599bc082e2ffb1e"},"dob":{"date":"1995-10-27T08:36:57.279Z","age":28},"registered":{"date":"2015-06-10T03:22:50.514Z","age":8},"phone":"07-868-434","cell":"044-469-28-06","id":{"name":"HETU","value":"NaNNA940undefined"},"picture":{"large":"https://randomuser.me/api/portraits/women/8.jpg","medium":"https://randomuser.me/api/portraits/med/women/8.jpg","thumbnail":"https://randomuser.me/api/portraits/thumb/women/8.jpg"},"nat":"FI"}],"info":{"seed":"7f631cf819ef37f9","results":1,"page":1,"version":"1.4"}} 
 </msg>
<msg time="2024-06-04T01:05:02.674272" level="INFO">/opt/hostedtoolcache/Python/3.12.3/x64/lib/python3.12/site-packages/urllib3/connectionpool.py:1103: InsecureRequestWarning: Unverified HTTPS request is being made to host 'randomuser.me'. Adding certificate verification is strongly advised. See: https://urllib3.readthedocs.io/en/latest/advanced-usage.html#tls-warnings
  warnings.warn(</msg>
<msg time="2024-06-04T01:05:02.674560" level="INFO">${response} = &lt;Response [200]&gt;</msg>
<var>${response}</var>
<arg>consultarAPI</arg>
<arg>/api</arg>
<doc>Sends a GET request on a previously created HTTP Session.</doc>
<status status="PASS" start="2024-06-04T01:05:02.406924" elapsed="0.267687"/>
</kw>
<kw name="Should Be Equal As Numbers" owner="BuiltIn">
<msg time="2024-06-04T01:05:02.675727" level="INFO">Argument types are:
&lt;class 'int'&gt;
&lt;class 'str'&gt;</msg>
<arg>${response.status_code}</arg>
<arg>200</arg>
<doc>Fails if objects are unequal after converting them to real numbers.</doc>
<status status="PASS" start="2024-06-04T01:05:02.675270" elapsed="0.000521"/>
</kw>
<kw name="Log" owner="BuiltIn">
<msg time="2024-06-04T01:05:02.676544" level="INFO">200</msg>
<arg>${response.status_code}</arg>
<doc>Logs the given message with the given level.</doc>
<status status="PASS" start="2024-06-04T01:05:02.676192" elapsed="0.000400"/>
</kw>
<kw name="Set Variable" owner="BuiltIn">
<msg time="2024-06-04T01:05:02.677347" level="INFO">${json_data} = {'results': [{'gender': 'female', 'name': {'title': 'Ms', 'first': 'Helmi', 'last': 'Takala'}, 'location': {'street': {'number': 189, 'name': 'Pirkankatu'}, 'city': 'Raahe', 'state': 'Åland', 'country...</msg>
<var>${json_data}</var>
<arg>${response.json()}</arg>
<doc>Returns the given values which can then be assigned to a variables.</doc>
<status status="PASS" start="2024-06-04T01:05:02.676898" elapsed="0.000478"/>
</kw>
<kw name="Dictionary Should Contain Key" owner="Collections">
<msg time="2024-06-04T01:05:02.677862" level="INFO">False</msg>
<arg>${json_data}</arg>
<arg>results</arg>
<doc>Fails if ``key`` is not found from ``dictionary``.</doc>
<status status="PASS" start="2024-06-04T01:05:02.677681" elapsed="0.000395"/>
</kw>
<status status="PASS" start="2024-06-04T01:05:02.406664" elapsed="0.271681"/>
</kw>
<doc>Testa se a API responde corretamente e retorna um objeto JSON válido.</doc>
<tag>testeRequisicaoBasica</tag>
<status status="PASS" start="2024-06-04T01:05:02.406170" elapsed="0.272356"/>
</test>
<test id="s1-s1-t3" name="Validar estrutura de resposta" line="22">
<kw name="Teste de Estrutura de Resposta" owner="random-user-service">
<kw name="GET On Session" owner="RequestsLibrary">
<msg time="2024-06-04T01:05:02.933879" level="INFO">GET Request : url=https://randomuser.me/api 
 path_url=/api 
 headers={'User-Agent': 'python-requests/2.32.3', 'Accept-Encoding': 'gzip, deflate', 'Accept': '*/*', 'Connection': 'keep-alive'} 
 body=None 
 </msg>
<msg time="2024-06-04T01:05:02.933984" level="INFO">GET Response : url=https://randomuser.me/api 
 status=200, reason=OK 
 headers={'Date': 'Tue, 04 Jun 2024 01:05:02 GMT', 'Content-Type': 'application/json; charset=utf-8', 'Transfer-Encoding': 'chunked', 'Connection': 'keep-alive', 'X-Powered-By': 'Express', 'Access-Control-Allow-Origin': '*', 'Cache-Control': 'no-cache', 'ETag': 'W/"4ac-4qZzC9EFTMuTeIdDOX5tnd7mbMw"', 'Vary': 'Accept-Encoding', 'Content-Encoding': 'gzip', 'CF-Cache-Status': 'DYNAMIC', 'Report-To': '{"endpoints":[{"url":"https:\\/\\/a.nel.cloudflare.com\\/report\\/v4?s=z7EfzYVdb1YgWbMwHg1ZrPXDqi38H1FTzMXFjcRES7t5FdL4DBf6nppELF5bF8T4WgTspiPp%2F6cxMXl2Q%2F2l1hSwJkWxZrg87%2FVZ3x6Qz0LgrLHJjvKoc6ocvnG9E5Kp"}],"group":"cf-nel","max_age":604800}', 'NEL': '{"success_fraction":0,"report_to":"cf-nel","max_age":604800}', 'Server': 'cloudflare', 'CF-RAY': '88e40327c919969a-SJC', 'alt-svc': 'h3=":443"; ma=86400'} 
 body={"results":[{"gender":"male","name":{"title":"Mr","first":"Bertoldo","last":"Araújo"},"location":{"street":{"number":909,"name":"Avenida Brasil "},"city":"João Pessoa","state":"Espírito Santo","country":"Brazil","postcode":46504,"coordinates":{"latitude":"-73.7611","longitude":"-103.7555"},"timezone":{"offset":"0:00","description":"Western Europe Time, London, Lisbon, Casablanca"}},"email":"bertoldo.araujo@example.com","login":{"uuid":"20710746-bc23-4e5f-9abf-5ad5035b40e9","username":"sadwolf421","password":"mygirl","salt":"RWlo5v8Y","md5":"8efdc085c9f16e0c95ed669d16e2ba8d","sha1":"0b598d58edb91783a3e995bc7fc58e6dbdb1571c","sha256":"a6c2e49495a149af360e8d041cf0ef6d852b8d24d1bbaa20e4b02480906b36e7"},"dob":{"date":"1981-05-18T05:10:21.510Z","age":43},"registered":{"date":"2019-03-14T05:44:06.259Z","age":5},"phone":"(02) 3720-9531","cell":"(54) 8314-9944","id":{"name":"CPF","value":"667.702.186-74"},"picture":{"large":"https://randomuser.me/api/portraits/men/33.jpg","medium":"https://randomuser.me/api/portraits/med/men/33.jpg","thumbnail":"https://randomuser.me/api/portraits/thumb/men/33.jpg"},"nat":"BR"}],"info":{"seed":"c03b96b2ecea9538","results":1,"page":1,"version":"1.4"}} 
 </msg>
<msg time="2024-06-04T01:05:02.934114" level="INFO">/opt/hostedtoolcache/Python/3.12.3/x64/lib/python3.12/site-packages/urllib3/connectionpool.py:1103: InsecureRequestWarning: Unverified HTTPS request is being made to host 'randomuser.me'. Adding certificate verification is strongly advised. See: https://urllib3.readthedocs.io/en/latest/advanced-usage.html#tls-warnings
  warnings.warn(</msg>
<msg time="2024-06-04T01:05:02.934252" level="INFO">${response} = &lt;Response [200]&gt;</msg>
<var>${response}</var>
<arg>consultarAPI</arg>
<arg>/api</arg>
<doc>Sends a GET request on a previously created HTTP Session.</doc>
<status status="PASS" start="2024-06-04T01:05:02.681221" elapsed="0.253071"/>
</kw>
<kw name="Set Variable" owner="BuiltIn">
<msg time="2024-06-04T01:05:02.935505" level="INFO">${json_data} = {'results': [{'gender': 'male', 'name': {'title': 'Mr', 'first': 'Bertoldo', 'last': 'Araújo'}, 'location': {'street': {'number': 909, 'name': 'Avenida Brasil '}, 'city': 'João Pessoa', 'state': 'Espí...</msg>
<var>${json_data}</var>
<arg>${response.json()}</arg>
<doc>Returns the given values which can then be assigned to a variables.</doc>
<status status="PASS" start="2024-06-04T01:05:02.934940" elapsed="0.000595"/>
</kw>
<kw name="Log" owner="BuiltIn">
<msg time="2024-06-04T01:05:02.936012" level="INFO">{'results': [{'gender': 'male', 'name': {'title': 'Mr', 'first': 'Bertoldo', 'last': 'Araújo'}, 'location': {'street': {'number': 909, 'name': 'Avenida Brasil '}, 'city': 'João Pessoa', 'state': 'Espírito Santo', 'country': 'Brazil', 'postcode': 46504, 'coordinates': {'latitude': '-73.7611', 'longitude': '-103.7555'}, 'timezone': {'offset': '0:00', 'description': 'Western Europe Time, London, Lisbon, Casablanca'}}, 'email': 'bertoldo.araujo@example.com', 'login': {'uuid': '20710746-bc23-4e5f-9abf-5ad5035b40e9', 'username': 'sadwolf421', 'password': 'mygirl', 'salt': 'RWlo5v8Y', 'md5': '8efdc085c9f16e0c95ed669d16e2ba8d', 'sha1': '0b598d58edb91783a3e995bc7fc58e6dbdb1571c', 'sha256': 'a6c2e49495a149af360e8d041cf0ef6d852b8d24d1bbaa20e4b02480906b36e7'}, 'dob': {'date': '1981-05-18T05:10:21.510Z', 'age': 43}, 'registered': {'date': '2019-03-14T05:44:06.259Z', 'age': 5}, 'phone': '(02) 3720-9531', 'cell': '(54) 8314-9944', 'id': {'name': 'CPF', 'value': '667.702.186-74'}, 'picture': {'large': 'https://randomuser.me/api/portraits/men/33.jpg', 'medium': 'https://randomuser.me/api/portraits/med/men/33.jpg', 'thumbnail': 'https://randomuser.me/api/portraits/thumb/men/33.jpg'}, 'nat': 'BR'}], 'info': {'seed': 'c03b96b2ecea9538', 'results': 1, 'page': 1, 'version': '1.4'}}</msg>
<arg>${json_data}</arg>
<doc>Logs the given message with the given level.</doc>
<status status="PASS" start="2024-06-04T01:05:02.935849" elapsed="0.000212"/>
</kw>
<kw name="Dictionary Should Contain Key" owner="Collections">
<msg time="2024-06-04T01:05:02.936566" level="INFO">False</msg>
<arg>${json_data}</arg>
<arg>results</arg>
<doc>Fails if ``key`` is not found from ``dictionary``.</doc>
<status status="PASS" start="2024-06-04T01:05:02.936409" elapsed="0.000194"/>
</kw>
<kw name="Should Not Be Empty" owner="BuiltIn">
<msg time="2024-06-04T01:05:02.937028" level="INFO">Length is 2.</msg>
<arg>${json_data}</arg>
<doc>Verifies that the given item is not empty.</doc>
<status status="PASS" start="2024-06-04T01:05:02.936897" elapsed="0.000168"/>
</kw>
<kw name="Create List" owner="BuiltIn">
<msg time="2024-06-04T01:05:02.937496" level="INFO">${expected_keys} = ['gender', 'name', 'location', 'email', 'login']</msg>
<var>${expected_keys}</var>
<arg>gender</arg>
<arg>name</arg>
<arg>location</arg>
<arg>email</arg>
<arg>login</arg>
<doc>Returns a list containing given items.</doc>
<status status="PASS" start="2024-06-04T01:05:02.937350" elapsed="0.000170"/>
</kw>
<for flavor="IN">
<iter>
<kw name="Dictionary Should Contain Key" owner="Collections">
<msg time="2024-06-04T01:05:02.938517" level="INFO">False</msg>
<arg>${json_data['results'][0]}</arg>
<arg>${key}</arg>
<doc>Fails if ``key`` is not found from ``dictionary``.</doc>
<status status="PASS" start="2024-06-04T01:05:02.938105" elapsed="0.000456"/>
</kw>
<kw name="Log" owner="BuiltIn">
<msg time="2024-06-04T01:05:02.939225" level="INFO">{'gender': 'male', 'name': {'title': 'Mr', 'first': 'Bertoldo', 'last': 'Araújo'}, 'location': {'street': {'number': 909, 'name': 'Avenida Brasil '}, 'city': 'João Pessoa', 'state': 'Espírito Santo', 'country': 'Brazil', 'postcode': 46504, 'coordinates': {'latitude': '-73.7611', 'longitude': '-103.7555'}, 'timezone': {'offset': '0:00', 'description': 'Western Europe Time, London, Lisbon, Casablanca'}}, 'email': 'bertoldo.araujo@example.com', 'login': {'uuid': '20710746-bc23-4e5f-9abf-5ad5035b40e9', 'username': 'sadwolf421', 'password': 'mygirl', 'salt': 'RWlo5v8Y', 'md5': '8efdc085c9f16e0c95ed669d16e2ba8d', 'sha1': '0b598d58edb91783a3e995bc7fc58e6dbdb1571c', 'sha256': 'a6c2e49495a149af360e8d041cf0ef6d852b8d24d1bbaa20e4b02480906b36e7'}, 'dob': {'date': '1981-05-18T05:10:21.510Z', 'age': 43}, 'registered': {'date': '2019-03-14T05:44:06.259Z', 'age': 5}, 'phone': '(02) 3720-9531', 'cell': '(54) 8314-9944', 'id': {'name': 'CPF', 'value': '667.702.186-74'}, 'picture': {'large': 'https://randomuser.me/api/portraits/men/33.jpg', 'medium': 'https://randomuser.me/api/portraits/med/men/33.jpg', 'thumbnail': 'https://randomuser.me/api/portraits/thumb/men/33.jpg'}, 'nat': 'BR'}</msg>
<arg>${json_data['results'][0]}</arg>
<doc>Logs the given message with the given level.</doc>
<status status="PASS" start="2024-06-04T01:05:02.938860" elapsed="0.000416"/>
</kw>
<kw name="Log" owner="BuiltIn">
<msg time="2024-06-04T01:05:02.939707" level="INFO">gender</msg>
<arg>${key}</arg>
<doc>Logs the given message with the given level.</doc>
<status status="PASS" start="2024-06-04T01:05:02.939578" elapsed="0.000167"/>
</kw>
<var name="${key}">gender</var>
<status status="PASS" start="2024-06-04T01:05:02.937981" elapsed="0.001978"/>
</iter>
<iter>
<kw name="Dictionary Should Contain Key" owner="Collections">
<msg time="2024-06-04T01:05:02.940679" level="INFO">False</msg>
<arg>${json_data['results'][0]}</arg>
<arg>${key}</arg>
<doc>Fails if ``key`` is not found from ``dictionary``.</doc>
<status status="PASS" start="2024-06-04T01:05:02.940296" elapsed="0.000452"/>
</kw>
<kw name="Log" owner="BuiltIn">
<msg time="2024-06-04T01:05:02.941413" level="INFO">{'gender': 'male', 'name': {'title': 'Mr', 'first': 'Bertoldo', 'last': 'Araújo'}, 'location': {'street': {'number': 909, 'name': 'Avenida Brasil '}, 'city': 'João Pessoa', 'state': 'Espírito Santo', 'country': 'Brazil', 'postcode': 46504, 'coordinates': {'latitude': '-73.7611', 'longitude': '-103.7555'}, 'timezone': {'offset': '0:00', 'description': 'Western Europe Time, London, Lisbon, Casablanca'}}, 'email': 'bertoldo.araujo@example.com', 'login': {'uuid': '20710746-bc23-4e5f-9abf-5ad5035b40e9', 'username': 'sadwolf421', 'password': 'mygirl', 'salt': 'RWlo5v8Y', 'md5': '8efdc085c9f16e0c95ed669d16e2ba8d', 'sha1': '0b598d58edb91783a3e995bc7fc58e6dbdb1571c', 'sha256': 'a6c2e49495a149af360e8d041cf0ef6d852b8d24d1bbaa20e4b02480906b36e7'}, 'dob': {'date': '1981-05-18T05:10:21.510Z', 'age': 43}, 'registered': {'date': '2019-03-14T05:44:06.259Z', 'age': 5}, 'phone': '(02) 3720-9531', 'cell': '(54) 8314-9944', 'id': {'name': 'CPF', 'value': '667.702.186-74'}, 'picture': {'large': 'https://randomuser.me/api/portraits/men/33.jpg', 'medium': 'https://randomuser.me/api/portraits/med/men/33.jpg', 'thumbnail': 'https://randomuser.me/api/portraits/thumb/men/33.jpg'}, 'nat': 'BR'}</msg>
<arg>${json_data['results'][0]}</arg>
<doc>Logs the given message with the given level.</doc>
<status status="PASS" start="2024-06-04T01:05:02.941051" elapsed="0.000411"/>
</kw>
<kw name="Log" owner="BuiltIn">
<msg time="2024-06-04T01:05:02.941881" level="INFO">name</msg>
<arg>${key}</arg>
<doc>Logs the given message with the given level.</doc>
<status status="PASS" start="2024-06-04T01:05:02.941755" elapsed="0.000162"/>
</kw>
<var name="${key}">name</var>
<status status="PASS" start="2024-06-04T01:05:02.940177" elapsed="0.001962"/>
</iter>
<iter>
<kw name="Dictionary Should Contain Key" owner="Collections">
<msg time="2024-06-04T01:05:02.942807" level="INFO">False</msg>
<arg>${json_data['results'][0]}</arg>
<arg>${key}</arg>
<doc>Fails if ``key`` is not found from ``dictionary``.</doc>
<status status="PASS" start="2024-06-04T01:05:02.942427" elapsed="0.000417"/>
</kw>
<kw name="Log" owner="BuiltIn">
<msg time="2024-06-04T01:05:02.943509" level="INFO">{'gender': 'male', 'name': {'title': 'Mr', 'first': 'Bertoldo', 'last': 'Araújo'}, 'location': {'street': {'number': 909, 'name': 'Avenida Brasil '}, 'city': 'João Pessoa', 'state': 'Espírito Santo', 'country': 'Brazil', 'postcode': 46504, 'coordinates': {'latitude': '-73.7611', 'longitude': '-103.7555'}, 'timezone': {'offset': '0:00', 'description': 'Western Europe Time, London, Lisbon, Casablanca'}}, 'email': 'bertoldo.araujo@example.com', 'login': {'uuid': '20710746-bc23-4e5f-9abf-5ad5035b40e9', 'username': 'sadwolf421', 'password': 'mygirl', 'salt': 'RWlo5v8Y', 'md5': '8efdc085c9f16e0c95ed669d16e2ba8d', 'sha1': '0b598d58edb91783a3e995bc7fc58e6dbdb1571c', 'sha256': 'a6c2e49495a149af360e8d041cf0ef6d852b8d24d1bbaa20e4b02480906b36e7'}, 'dob': {'date': '1981-05-18T05:10:21.510Z', 'age': 43}, 'registered': {'date': '2019-03-14T05:44:06.259Z', 'age': 5}, 'phone': '(02) 3720-9531', 'cell': '(54) 8314-9944', 'id': {'name': 'CPF', 'value': '667.702.186-74'}, 'picture': {'large': 'https://randomuser.me/api/portraits/men/33.jpg', 'medium': 'https://randomuser.me/api/portraits/med/men/33.jpg', 'thumbnail': 'https://randomuser.me/api/portraits/thumb/men/33.jpg'}, 'nat': 'BR'}</msg>
<arg>${json_data['results'][0]}</arg>
<doc>Logs the given message with the given level.</doc>
<status status="PASS" start="2024-06-04T01:05:02.943141" elapsed="0.000430"/>
</kw>
<kw name="Log" owner="BuiltIn">
<msg time="2024-06-04T01:05:02.944182" level="INFO">location</msg>
<arg>${key}</arg>
<doc>Logs the given message with the given level.</doc>
<status status="PASS" start="2024-06-04T01:05:02.943979" elapsed="0.000266"/>
</kw>
<var name="${key}">location</var>
<status status="PASS" start="2024-06-04T01:05:02.942314" elapsed="0.002281"/>
</iter>
<iter>
<kw name="Dictionary Should Contain Key" owner="Collections">
<msg time="2024-06-04T01:05:02.945807" level="INFO">False</msg>
<arg>${json_data['results'][0]}</arg>
<arg>${key}</arg>
<doc>Fails if ``key`` is not found from ``dictionary``.</doc>
<status status="PASS" start="2024-06-04T01:05:02.945053" elapsed="0.000822"/>
</kw>
<kw name="Log" owner="BuiltIn">
<msg time="2024-06-04T01:05:02.946930" level="INFO">{'gender': 'male', 'name': {'title': 'Mr', 'first': 'Bertoldo', 'last': 'Araújo'}, 'location': {'street': {'number': 909, 'name': 'Avenida Brasil '}, 'city': 'João Pessoa', 'state': 'Espírito Santo', 'country': 'Brazil', 'postcode': 46504, 'coordinates': {'latitude': '-73.7611', 'longitude': '-103.7555'}, 'timezone': {'offset': '0:00', 'description': 'Western Europe Time, London, Lisbon, Casablanca'}}, 'email': 'bertoldo.araujo@example.com', 'login': {'uuid': '20710746-bc23-4e5f-9abf-5ad5035b40e9', 'username': 'sadwolf421', 'password': 'mygirl', 'salt': 'RWlo5v8Y', 'md5': '8efdc085c9f16e0c95ed669d16e2ba8d', 'sha1': '0b598d58edb91783a3e995bc7fc58e6dbdb1571c', 'sha256': 'a6c2e49495a149af360e8d041cf0ef6d852b8d24d1bbaa20e4b02480906b36e7'}, 'dob': {'date': '1981-05-18T05:10:21.510Z', 'age': 43}, 'registered': {'date': '2019-03-14T05:44:06.259Z', 'age': 5}, 'phone': '(02) 3720-9531', 'cell': '(54) 8314-9944', 'id': {'name': 'CPF', 'value': '667.702.186-74'}, 'picture': {'large': 'https://randomuser.me/api/portraits/men/33.jpg', 'medium': 'https://randomuser.me/api/portraits/med/men/33.jpg', 'thumbnail': 'https://randomuser.me/api/portraits/thumb/men/33.jpg'}, 'nat': 'BR'}</msg>
<arg>${json_data['results'][0]}</arg>
<doc>Logs the given message with the given level.</doc>
<status status="PASS" start="2024-06-04T01:05:02.946326" elapsed="0.000685"/>
</kw>
<kw name="Log" owner="BuiltIn">
<msg time="2024-06-04T01:05:02.947627" level="INFO">email</msg>
<arg>${key}</arg>
<doc>Logs the given message with the given level.</doc>
<status status="PASS" start="2024-06-04T01:05:02.947460" elapsed="0.000208"/>
</kw>
<var name="${key}">email</var>
<status status="PASS" start="2024-06-04T01:05:02.944877" elapsed="0.003022"/>
</iter>
<iter>
<kw name="Dictionary Should Contain Key" owner="Collections">
<msg time="2024-06-04T01:05:02.948627" level="INFO">False</msg>
<arg>${json_data['results'][0]}</arg>
<arg>${key}</arg>
<doc>Fails if ``key`` is not found from ``dictionary``.</doc>
<status status="PASS" start="2024-06-04T01:05:02.948226" elapsed="0.000440"/>
</kw>
<kw name="Log" owner="BuiltIn">
<msg time="2024-06-04T01:05:02.949338" level="INFO">{'gender': 'male', 'name': {'title': 'Mr', 'first': 'Bertoldo', 'last': 'Araújo'}, 'location': {'street': {'number': 909, 'name': 'Avenida Brasil '}, 'city': 'João Pessoa', 'state': 'Espírito Santo', 'country': 'Brazil', 'postcode': 46504, 'coordinates': {'latitude': '-73.7611', 'longitude': '-103.7555'}, 'timezone': {'offset': '0:00', 'description': 'Western Europe Time, London, Lisbon, Casablanca'}}, 'email': 'bertoldo.araujo@example.com', 'login': {'uuid': '20710746-bc23-4e5f-9abf-5ad5035b40e9', 'username': 'sadwolf421', 'password': 'mygirl', 'salt': 'RWlo5v8Y', 'md5': '8efdc085c9f16e0c95ed669d16e2ba8d', 'sha1': '0b598d58edb91783a3e995bc7fc58e6dbdb1571c', 'sha256': 'a6c2e49495a149af360e8d041cf0ef6d852b8d24d1bbaa20e4b02480906b36e7'}, 'dob': {'date': '1981-05-18T05:10:21.510Z', 'age': 43}, 'registered': {'date': '2019-03-14T05:44:06.259Z', 'age': 5}, 'phone': '(02) 3720-9531', 'cell': '(54) 8314-9944', 'id': {'name': 'CPF', 'value': '667.702.186-74'}, 'picture': {'large': 'https://randomuser.me/api/portraits/men/33.jpg', 'medium': 'https://randomuser.me/api/portraits/med/men/33.jpg', 'thumbnail': 'https://randomuser.me/api/portraits/thumb/men/33.jpg'}, 'nat': 'BR'}</msg>
<arg>${json_data['results'][0]}</arg>
<doc>Logs the given message with the given level.</doc>
<status status="PASS" start="2024-06-04T01:05:02.948974" elapsed="0.000414"/>
</kw>
<kw name="Log" owner="BuiltIn">
<msg time="2024-06-04T01:05:02.949848" level="INFO">login</msg>
<arg>${key}</arg>
<doc>Logs the given message with the given level.</doc>
<status status="PASS" start="2024-06-04T01:05:02.949685" elapsed="0.000201"/>
</kw>
<var name="${key}">login</var>
<status status="PASS" start="2024-06-04T01:05:02.948076" elapsed="0.002038"/>
</iter>
<var>${key}</var>
<value>@{expected_keys}</value>
<status status="PASS" start="2024-06-04T01:05:02.937782" elapsed="0.012454"/>
</for>
<kw name="Create List" owner="BuiltIn">
<msg time="2024-06-04T01:05:02.950569" level="INFO">${expected_keysTwo} = ['username', 'password']</msg>
<var>${expected_keysTwo}</var>
<arg>username</arg>
<arg>password</arg>
<doc>Returns a list containing given items.</doc>
<status status="PASS" start="2024-06-04T01:05:02.950431" elapsed="0.000161"/>
</kw>
<for flavor="IN">
<iter>
<kw name="Dictionary Should Contain Key" owner="Collections">
<msg time="2024-06-04T01:05:02.951478" level="INFO">False</msg>
<arg>${json_data['results'][0]['login']}</arg>
<arg>${keyTwo}</arg>
<doc>Fails if ``key`` is not found from ``dictionary``.</doc>
<status status="PASS" start="2024-06-04T01:05:02.951092" elapsed="0.000423"/>
</kw>
<kw name="Dictionary Should Contain Key" owner="Collections">
<msg time="2024-06-04T01:05:02.952234" level="INFO">False</msg>
<arg>${json_data['results'][0]['login']}</arg>
<arg>${keyTwo}</arg>
<doc>Fails if ``key`` is not found from ``dictionary``.</doc>
<status status="PASS" start="2024-06-04T01:05:02.951812" elapsed="0.000460"/>
</kw>
<kw name="Log" owner="BuiltIn">
<msg time="2024-06-04T01:05:02.952698" level="INFO">username</msg>
<arg>${keyTwo}</arg>
<doc>Logs the given message with the given level.</doc>
<status status="PASS" start="2024-06-04T01:05:02.952570" elapsed="0.000166"/>
</kw>
<var name="${keyTwo}">username</var>
<status status="PASS" start="2024-06-04T01:05:02.950982" elapsed="0.001968"/>
</iter>
<iter>
<kw name="Dictionary Should Contain Key" owner="Collections">
<msg time="2024-06-04T01:05:02.953613" level="INFO">False</msg>
<arg>${json_data['results'][0]['login']}</arg>
<arg>${keyTwo}</arg>
<doc>Fails if ``key`` is not found from ``dictionary``.</doc>
<status status="PASS" start="2024-06-04T01:05:02.953234" elapsed="0.000417"/>
</kw>
<kw name="Dictionary Should Contain Key" owner="Collections">
<msg time="2024-06-04T01:05:02.954336" level="INFO">False</msg>
<arg>${json_data['results'][0]['login']}</arg>
<arg>${keyTwo}</arg>
<doc>Fails if ``key`` is not found from ``dictionary``.</doc>
<status status="PASS" start="2024-06-04T01:05:02.953944" elapsed="0.000429"/>
</kw>
<kw name="Log" owner="BuiltIn">
<msg time="2024-06-04T01:05:02.954799" level="INFO">password</msg>
<arg>${keyTwo}</arg>
<doc>Logs the given message with the given level.</doc>
<status status="PASS" start="2024-06-04T01:05:02.954672" elapsed="0.000163"/>
</kw>
<var name="${keyTwo}">password</var>
<status status="PASS" start="2024-06-04T01:05:02.953123" elapsed="0.001928"/>
</iter>
<var>${keyTwo}</var>
<value>@{expected_keysTwo}</value>
<status status="PASS" start="2024-06-04T01:05:02.950829" elapsed="0.004339"/>
</for>
<status status="PASS" start="2024-06-04T01:05:02.680982" elapsed="0.274326"/>
</kw>
<doc>Testa a estrutura da resposta da API.</doc>
<tag>testeEstruturaResposta</tag>
<status status="PASS" start="2024-06-04T01:05:02.680362" elapsed="0.275104"/>
</test>
<test id="s1-s1-t4" name="Validar tipos de dados" line="28">
<kw name="Teste de Tipos de Dados" owner="random-user-service">
<kw name="GET On Session" owner="RequestsLibrary">
<msg time="2024-06-04T01:05:03.057879" level="INFO">GET Request : url=https://randomuser.me/api 
 path_url=/api 
 headers={'User-Agent': 'python-requests/2.32.3', 'Accept-Encoding': 'gzip, deflate', 'Accept': '*/*', 'Connection': 'keep-alive'} 
 body=None 
 </msg>
<msg time="2024-06-04T01:05:03.057979" level="INFO">GET Response : url=https://randomuser.me/api 
 status=200, reason=OK 
 headers={'Date': 'Tue, 04 Jun 2024 01:05:03 GMT', 'Content-Type': 'application/json; charset=utf-8', 'Transfer-Encoding': 'chunked', 'Connection': 'keep-alive', 'X-Powered-By': 'Express', 'Access-Control-Allow-Origin': '*', 'Cache-Control': 'no-cache', 'ETag': 'W/"483-YrXYTFZsAWrvOSa5XQIOi8XWH0k"', 'Vary': 'Accept-Encoding', 'Content-Encoding': 'gzip', 'CF-Cache-Status': 'DYNAMIC', 'Report-To': '{"endpoints":[{"url":"https:\\/\\/a.nel.cloudflare.com\\/report\\/v4?s=BWqgXpNUYhmS2UtaVaRQVWiU9j0b6iZj%2BNuhVVIFqt9gjxrXp6EaC2ex6HnlXQWN%2BRDY7YAKUWEwW7UAwaVuZG6Ra4fhZsUPfI%2FxbSseN%2FQUG5yA02sdX%2BB5lNUUL8Bh"}],"group":"cf-nel","max_age":604800}', 'NEL': '{"success_fraction":0,"report_to":"cf-nel","max_age":604800}', 'Server': 'cloudflare', 'CF-RAY': '88e403298a46969a-SJC', 'alt-svc': 'h3=":443"; ma=86400'} 
 body={"results":[{"gender":"female","name":{"title":"Ms","first":"Shruti","last":"Anand"},"location":{"street":{"number":9501,"name":"Rajaji Salai"},"city":"Hajipur","state":"Puducherry","country":"India","postcode":76179,"coordinates":{"latitude":"11.2948","longitude":"74.9966"},"timezone":{"offset":"+6:00","description":"Almaty, Dhaka, Colombo"}},"email":"shruti.anand@example.com","login":{"uuid":"c0ecfa5c-b27c-41b8-adfd-370881f226eb","username":"ticklishduck546","password":"writer","salt":"jBUgUG72","md5":"54b0918733fcbead145bc007691dd254","sha1":"90a08152262e002d51f00e9c9bfab106441328a3","sha256":"5111dd189fb6b81b96cc3d714b61fe7439fbe2ab3d915ebc80c3dd53f2d0877e"},"dob":{"date":"1946-09-05T02:42:40.043Z","age":77},"registered":{"date":"2013-04-09T01:47:18.618Z","age":11},"phone":"7911397929","cell":"7779732476","id":{"name":"UIDAI","value":"014875425969"},"picture":{"large":"https://randomuser.me/api/portraits/women/54.jpg","medium":"https://randomuser.me/api/portraits/med/women/54.jpg","thumbnail":"https://randomuser.me/api/portraits/thumb/women/54.jpg"},"nat":"IN"}],"info":{"seed":"fac7d57c16a0383e","results":1,"page":1,"version":"1.4"}} 
 </msg>
<msg time="2024-06-04T01:05:03.058052" level="INFO">/opt/hostedtoolcache/Python/3.12.3/x64/lib/python3.12/site-packages/urllib3/connectionpool.py:1103: InsecureRequestWarning: Unverified HTTPS request is being made to host 'randomuser.me'. Adding certificate verification is strongly advised. See: https://urllib3.readthedocs.io/en/latest/advanced-usage.html#tls-warnings
  warnings.warn(</msg>
<msg time="2024-06-04T01:05:03.058171" level="INFO">${response} = &lt;Response [200]&gt;</msg>
<var>${response}</var>
<arg>consultarAPI</arg>
<arg>/api</arg>
<doc>Sends a GET request on a previously created HTTP Session.</doc>
<status status="PASS" start="2024-06-04T01:05:02.958079" elapsed="0.100134"/>
</kw>
<kw name="Set Variable" owner="BuiltIn">
<msg time="2024-06-04T01:05:03.059278" level="INFO">${json_data} = {'results': [{'gender': 'female', 'name': {'title': 'Ms', 'first': 'Shruti', 'last': 'Anand'}, 'location': {'street': {'number': 9501, 'name': 'Rajaji Salai'}, 'city': 'Hajipur', 'state': 'Puducherry'...</msg>
<var>${json_data}</var>
<arg>${response.json()}</arg>
<doc>Returns the given values which can then be assigned to a variables.</doc>
<status status="PASS" start="2024-06-04T01:05:03.058741" elapsed="0.000566"/>
</kw>
<kw name="Log" owner="BuiltIn">
<msg time="2024-06-04T01:05:03.059789" level="INFO">{'results': [{'gender': 'female', 'name': {'title': 'Ms', 'first': 'Shruti', 'last': 'Anand'}, 'location': {'street': {'number': 9501, 'name': 'Rajaji Salai'}, 'city': 'Hajipur', 'state': 'Puducherry', 'country': 'India', 'postcode': 76179, 'coordinates': {'latitude': '11.2948', 'longitude': '74.9966'}, 'timezone': {'offset': '+6:00', 'description': 'Almaty, Dhaka, Colombo'}}, 'email': 'shruti.anand@example.com', 'login': {'uuid': 'c0ecfa5c-b27c-41b8-adfd-370881f226eb', 'username': 'ticklishduck546', 'password': 'writer', 'salt': 'jBUgUG72', 'md5': '54b0918733fcbead145bc007691dd254', 'sha1': '90a08152262e002d51f00e9c9bfab106441328a3', 'sha256': '5111dd189fb6b81b96cc3d714b61fe7439fbe2ab3d915ebc80c3dd53f2d0877e'}, 'dob': {'date': '1946-09-05T02:42:40.043Z', 'age': 77}, 'registered': {'date': '2013-04-09T01:47:18.618Z', 'age': 11}, 'phone': '7911397929', 'cell': '7779732476', 'id': {'name': 'UIDAI', 'value': '014875425969'}, 'picture': {'large': 'https://randomuser.me/api/portraits/women/54.jpg', 'medium': 'https://randomuser.me/api/portraits/med/women/54.jpg', 'thumbnail': 'https://randomuser.me/api/portraits/thumb/women/54.jpg'}, 'nat': 'IN'}], 'info': {'seed': 'fac7d57c16a0383e', 'results': 1, 'page': 1, 'version': '1.4'}}</msg>
<arg>${json_data}</arg>
<doc>Logs the given message with the given level.</doc>
<status status="PASS" start="2024-06-04T01:05:03.059628" elapsed="0.000250"/>
</kw>
<kw name="Should Be String" owner="String">
<arg>${json_data['results'][0]['gender']}</arg>
<doc>Fails if the given ``item`` is not a string.</doc>
<status status="PASS" start="2024-06-04T01:05:03.060222" elapsed="0.000378"/>
</kw>
<kw name="Should Match Regexp" owner="BuiltIn">
<arg>${json_data['results'][0]['email']}</arg>
<arg>^[a-zA-Z0-9._%+-]+@[a-zA-Z0-9.-]+\.[a-zA-Z]{2,}$</arg>
<doc>Fails if ``string`` does not match ``pattern`` as a regular expression.</doc>
<status status="PASS" start="2024-06-04T01:05:03.060797" elapsed="0.000669"/>
</kw>
<kw name="Should Match Regexp" owner="BuiltIn">
<arg>${json_data['results'][0]['dob']['date']}</arg>
<arg>\\d{4}-\\d{2}-\\d{2}T\\d{2}:\\d{2}:\\d{2}\\.\\d{3}Z</arg>
<doc>Fails if ``string`` does not match ``pattern`` as a regular expression.</doc>
<status status="PASS" start="2024-06-04T01:05:03.061666" elapsed="0.000486"/>
</kw>
<kw name="Should Match Regexp" owner="BuiltIn">
<arg>${json_data['results'][0]['registered']['date']}</arg>
<arg>\\d{4}-\\d{2}-\\d{2}T\\d{2}:\\d{2}:\\d{2}\\.\\d{3}Z</arg>
<doc>Fails if ``string`` does not match ``pattern`` as a regular expression.</doc>
<status status="PASS" start="2024-06-04T01:05:03.062346" elapsed="0.000368"/>
</kw>
<kw name="Should Match Regexp" owner="BuiltIn">
<arg>${json_data['results'][0]['picture']['large']}</arg>
<arg>^https?://.*\.(?:png|jpe?g|gif|bmp)$</arg>
<doc>Fails if ``string`` does not match ``pattern`` as a regular expression.</doc>
<status status="PASS" start="2024-06-04T01:05:03.062902" elapsed="0.000460"/>
</kw>
<kw name="Should Match Regexp" owner="BuiltIn">
<arg>${json_data['results'][0]['picture']['medium']}</arg>
<arg>^https?://.*\.(?:png|jpe?g|gif|bmp)$</arg>
<doc>Fails if ``string`` does not match ``pattern`` as a regular expression.</doc>
<status status="PASS" start="2024-06-04T01:05:03.063554" elapsed="0.000350"/>
</kw>
<kw name="Should Match Regexp" owner="BuiltIn">
<arg>${json_data['results'][0]['picture']['thumbnail']}</arg>
<arg>^https?://.*\.(?:png|jpe?g|gif|bmp)$</arg>
<doc>Fails if ``string`` does not match ``pattern`` as a regular expression.</doc>
<status status="PASS" start="2024-06-04T01:05:03.064089" elapsed="0.000396"/>
</kw>
<kw name="Log" owner="BuiltIn">
<msg time="2024-06-04T01:05:03.064998" level="INFO">{'large': 'https://randomuser.me/api/portraits/women/54.jpg', 'medium': 'https://randomuser.me/api/portraits/med/women/54.jpg', 'thumbnail': 'https://randomuser.me/api/portraits/thumb/women/54.jpg'}</msg>
<arg>${json_data['results'][0]['picture']}</arg>
<doc>Logs the given message with the given level.</doc>
<status status="PASS" start="2024-06-04T01:05:03.064668" elapsed="0.000372"/>
</kw>
<status status="PASS" start="2024-06-04T01:05:02.957845" elapsed="0.107451"/>
</kw>
<kw name="Teste de Tipos de Dados - Postcode" owner="random-user-service">
<kw name="GET On Session" owner="RequestsLibrary">
<msg time="2024-06-04T01:05:03.155355" level="INFO">GET Request : url=https://randomuser.me/api 
 path_url=/api 
 headers={'User-Agent': 'python-requests/2.32.3', 'Accept-Encoding': 'gzip, deflate', 'Accept': '*/*', 'Connection': 'keep-alive'} 
 body=None 
 </msg>
<msg time="2024-06-04T01:05:03.155453" level="INFO">GET Response : url=https://randomuser.me/api 
 status=200, reason=OK 
 headers={'Date': 'Tue, 04 Jun 2024 01:05:03 GMT', 'Content-Type': 'application/json; charset=utf-8', 'Transfer-Encoding': 'chunked', 'Connection': 'keep-alive', 'X-Powered-By': 'Express', 'Access-Control-Allow-Origin': '*', 'Cache-Control': 'no-cache', 'ETag': 'W/"474-xVDE/v7bWYKpMdD5AQx2a6LDz0s"', 'Vary': 'Accept-Encoding', 'Content-Encoding': 'gzip', 'CF-Cache-Status': 'DYNAMIC', 'Report-To': '{"endpoints":[{"url":"https:\\/\\/a.nel.cloudflare.com\\/report\\/v4?s=QwoFzEokRmuFK%2FgMTKn5rSH0w5yko2%2Bu3gsJaZvd936j0WedfGSL8%2F3Jc9IeFIOWzGqs38TNeWniHq6OjPaQ67gqQjYoDUppsR2wgTkjJdpLrhzQ4i1rtNI1l%2FbER9bQ"}],"group":"cf-nel","max_age":604800}', 'NEL': '{"success_fraction":0,"report_to":"cf-nel","max_age":604800}', 'Server': 'cloudflare', 'CF-RAY': '88e4032a2ac8969a-SJC', 'alt-svc': 'h3=":443"; ma=86400'} 
 body={"results":[{"gender":"female","name":{"title":"Miss","first":"Anjali","last":"Bangera"},"location":{"street":{"number":5142,"name":"College St"},"city":"Ballia","state":"Jharkhand","country":"India","postcode":91920,"coordinates":{"latitude":"7.0403","longitude":"17.4831"},"timezone":{"offset":"-10:00","description":"Hawaii"}},"email":"anjali.bangera@example.com","login":{"uuid":"11318316-ebdd-4774-a0eb-7c8064f798b7","username":"sadladybug820","password":"temp123","salt":"QYZDBtxb","md5":"3728ce603c21c28ff919b913665f5a4d","sha1":"87c0b57b6963786a61ca7e95e5f344fc49e473f3","sha256":"b04b757ba89da76296826e856108996743b0d8767c12cd9f2271e1aa1dee18cf"},"dob":{"date":"1975-02-05T01:26:06.700Z","age":49},"registered":{"date":"2002-09-08T15:51:04.940Z","age":21},"phone":"7945574814","cell":"7304959472","id":{"name":"UIDAI","value":"069011869667"},"picture":{"large":"https://randomuser.me/api/portraits/women/41.jpg","medium":"https://randomuser.me/api/portraits/med/women/41.jpg","thumbnail":"https://randomuser.me/api/portraits/thumb/women/41.jpg"},"nat":"IN"}],"info":{"seed":"9275cf7a5e5e1b3e","results":1,"page":1,"version":"1.4"}} 
 </msg>
<msg time="2024-06-04T01:05:03.155524" level="INFO">/opt/hostedtoolcache/Python/3.12.3/x64/lib/python3.12/site-packages/urllib3/connectionpool.py:1103: InsecureRequestWarning: Unverified HTTPS request is being made to host 'randomuser.me'. Adding certificate verification is strongly advised. See: https://urllib3.readthedocs.io/en/latest/advanced-usage.html#tls-warnings
  warnings.warn(</msg>
<msg time="2024-06-04T01:05:03.155644" level="INFO">${response} = &lt;Response [200]&gt;</msg>
<var>${response}</var>
<arg>consultarAPI</arg>
<arg>/api</arg>
<doc>Sends a GET request on a previously created HTTP Session.</doc>
<status status="PASS" start="2024-06-04T01:05:03.065750" elapsed="0.089919"/>
</kw>
<kw name="Set Variable" owner="BuiltIn">
<msg time="2024-06-04T01:05:03.156833" level="INFO">${json_data} = {'results': [{'gender': 'female', 'name': {'title': 'Miss', 'first': 'Anjali', 'last': 'Bangera'}, 'location': {'street': {'number': 5142, 'name': 'College St'}, 'city': 'Ballia', 'state': 'Jharkhand'...</msg>
<var>${json_data}</var>
<arg>${response.json()}</arg>
<doc>Returns the given values which can then be assigned to a variables.</doc>
<status status="PASS" start="2024-06-04T01:05:03.156297" elapsed="0.000565"/>
</kw>
<kw name="Log" owner="BuiltIn">
<msg time="2024-06-04T01:05:03.157327" level="INFO">{'results': [{'gender': 'female', 'name': {'title': 'Miss', 'first': 'Anjali', 'last': 'Bangera'}, 'location': {'street': {'number': 5142, 'name': 'College St'}, 'city': 'Ballia', 'state': 'Jharkhand', 'country': 'India', 'postcode': 91920, 'coordinates': {'latitude': '7.0403', 'longitude': '17.4831'}, 'timezone': {'offset': '-10:00', 'description': 'Hawaii'}}, 'email': 'anjali.bangera@example.com', 'login': {'uuid': '11318316-ebdd-4774-a0eb-7c8064f798b7', 'username': 'sadladybug820', 'password': 'temp123', 'salt': 'QYZDBtxb', 'md5': '3728ce603c21c28ff919b913665f5a4d', 'sha1': '87c0b57b6963786a61ca7e95e5f344fc49e473f3', 'sha256': 'b04b757ba89da76296826e856108996743b0d8767c12cd9f2271e1aa1dee18cf'}, 'dob': {'date': '1975-02-05T01:26:06.700Z', 'age': 49}, 'registered': {'date': '2002-09-08T15:51:04.940Z', 'age': 21}, 'phone': '7945574814', 'cell': '7304959472', 'id': {'name': 'UIDAI', 'value': '069011869667'}, 'picture': {'large': 'https://randomuser.me/api/portraits/women/41.jpg', 'medium': 'https://randomuser.me/api/portraits/med/women/41.jpg', 'thumbnail': 'https://randomuser.me/api/portraits/thumb/women/41.jpg'}, 'nat': 'IN'}], 'info': {'seed': '9275cf7a5e5e1b3e', 'results': 1, 'page': 1, 'version': '1.4'}}</msg>
<arg>${json_data}</arg>
<doc>Logs the given message with the given level.</doc>
<status status="PASS" start="2024-06-04T01:05:03.157172" elapsed="0.000236"/>
</kw>
<kw name="Should Be Equal As Numbers" owner="BuiltIn">
<arg>${json_data['results'][0]['location']['postcode']}</arg>
<arg>${json_data['results'][0]['location']['postcode']}</arg>
<doc>Fails if objects are unequal after converting them to real numbers.</doc>
<status status="PASS" start="2024-06-04T01:05:03.157708" elapsed="0.000620"/>
</kw>
<kw name="Log" owner="BuiltIn">
<msg time="2024-06-04T01:05:03.158851" level="INFO">91920</msg>
<arg>${json_data['results'][0]['location']['postcode']}</arg>
<doc>Logs the given message with the given level.</doc>
<status status="PASS" start="2024-06-04T01:05:03.158519" elapsed="0.000373"/>
</kw>
<status status="PASS" start="2024-06-04T01:05:03.065519" elapsed="0.093638"/>
</kw>
<doc>Testa se os tipos de dados na resposta da API estão corretos.</doc>
<tag>testeTiposDados</tag>
<status status="PASS" start="2024-06-04T01:05:02.957281" elapsed="0.202050"/>
</test>
<test id="s1-s1-t5" name="Validar conteudo" line="35">
<kw name="Teste de Tipos de Conteudo" owner="random-user-service">
<kw name="GET On Session" owner="RequestsLibrary">
<msg time="2024-06-04T01:05:03.252508" level="INFO">GET Request : url=https://randomuser.me/api 
 path_url=/api 
 headers={'User-Agent': 'python-requests/2.32.3', 'Accept-Encoding': 'gzip, deflate', 'Accept': '*/*', 'Connection': 'keep-alive'} 
 body=None 
 </msg>
<msg time="2024-06-04T01:05:03.252609" level="INFO">GET Response : url=https://randomuser.me/api 
 status=200, reason=OK 
 headers={'Date': 'Tue, 04 Jun 2024 01:05:03 GMT', 'Content-Type': 'application/json; charset=utf-8', 'Transfer-Encoding': 'chunked', 'Connection': 'keep-alive', 'X-Powered-By': 'Express', 'Access-Control-Allow-Origin': '*', 'Cache-Control': 'no-cache', 'ETag': 'W/"471-8/Xo3oY1jqBZuRILNR3gTigCm1o"', 'Vary': 'Accept-Encoding', 'Content-Encoding': 'gzip', 'CF-Cache-Status': 'DYNAMIC', 'Report-To': '{"endpoints":[{"url":"https:\\/\\/a.nel.cloudflare.com\\/report\\/v4?s=JgS3AQ28uC0jRPeZ55DijHSTlxheky6BRu%2FVPVVhbFQBonQQKF7El0sC57Hd1d6BAxHbk%2F9ezzKGQ%2F5cWrXG4p5jj%2BEdD2yDxjVyN5CyWZ6dXOJ6nNy5S0LgYzGOmH3A"}],"group":"cf-nel","max_age":604800}', 'NEL': '{"success_fraction":0,"report_to":"cf-nel","max_age":604800}', 'Server': 'cloudflare', 'CF-RAY': '88e4032acb35969a-SJC', 'alt-svc': 'h3=":443"; ma=86400'} 
 body={"results":[{"gender":"male","name":{"title":"Mr","first":"آراد","last":"رضایی"},"location":{"street":{"number":4954,"name":"شهید گلپایگانی"},"city":"بابل","state":"قزوین","country":"Iran","postcode":40241,"coordinates":{"latitude":"17.3449","longitude":"-16.0758"},"timezone":{"offset":"+4:30","description":"Kabul"}},"email":"ard.rdyy@example.com","login":{"uuid":"03a78385-9fe7-4cde-b686-627027305b87","username":"orangegorilla455","password":"helmut","salt":"K06DWY4D","md5":"efae58cff7fc4f7fac976e2d75bde8a0","sha1":"4989e14352f1a8881becc7e404f34a92237e879c","sha256":"9512138a3f1acf54e5bc52b2241ef24b4a5d7494fc93ed470512e8679ff5d799"},"dob":{"date":"1955-03-27T20:54:24.991Z","age":69},"registered":{"date":"2011-12-22T18:00:15.210Z","age":12},"phone":"014-20375409","cell":"0915-003-3528","id":{"name":"","value":null},"picture":{"large":"https://randomuser.me/api/portraits/men/3.jpg","medium":"https://randomuser.me/api/portraits/med/men/3.jpg","thumbnail":"https://randomuser.me/api/portraits/thumb/men/3.jpg"},"nat":"IR"}],"info":{"seed":"aad8138ac3214c77","results":1,"page":1,"version":"1.4"}} 
 </msg>
<msg time="2024-06-04T01:05:03.252684" level="INFO">/opt/hostedtoolcache/Python/3.12.3/x64/lib/python3.12/site-packages/urllib3/connectionpool.py:1103: InsecureRequestWarning: Unverified HTTPS request is being made to host 'randomuser.me'. Adding certificate verification is strongly advised. See: https://urllib3.readthedocs.io/en/latest/advanced-usage.html#tls-warnings
  warnings.warn(</msg>
<msg time="2024-06-04T01:05:03.252811" level="INFO">${response} = &lt;Response [200]&gt;</msg>
<var>${response}</var>
<arg>consultarAPI</arg>
<arg>/api</arg>
<doc>Sends a GET request on a previously created HTTP Session.</doc>
<status status="PASS" start="2024-06-04T01:05:03.162135" elapsed="0.090707"/>
</kw>
<kw name="Set Variable" owner="BuiltIn">
<msg time="2024-06-04T01:05:03.253983" level="INFO">${json_data} = {'results': [{'gender': 'male', 'name': {'title': 'Mr', 'first': 'آراد', 'last': 'رضایی'}, 'location': {'street': {'number': 4954, 'name': 'شهید گلپایگانی'}, 'city': 'بابل', 'state': 'قزوین', 'country...</msg>
<var>${json_data}</var>
<arg>${response.json()}</arg>
<doc>Returns the given values which can then be assigned to a variables.</doc>
<status status="PASS" start="2024-06-04T01:05:03.253445" elapsed="0.000571"/>
</kw>
<kw name="Set Variable" owner="BuiltIn">
<msg time="2024-06-04T01:05:03.254717" level="INFO">${name_title} = Mr</msg>
<var>${name_title}</var>
<arg>${json_data["results"][0]["name"]["title"]}</arg>
<doc>Returns the given values which can then be assigned to a variables.</doc>
<status status="PASS" start="2024-06-04T01:05:03.254335" elapsed="0.000409"/>
</kw>
<kw name="Create List" owner="BuiltIn">
<msg time="2024-06-04T01:05:03.255195" level="INFO">${allowed_titles} = ['Mr', 'Ms', 'Miss', 'Mrs', 'Madame', 'Monsieur']</msg>
<var>${allowed_titles}</var>
<arg>Mr</arg>
<arg>Ms</arg>
<arg>Miss</arg>
<arg>Mrs</arg>
<arg>Madame</arg>
<arg>Monsieur</arg>
<doc>Returns a list containing given items.</doc>
<status status="PASS" start="2024-06-04T01:05:03.255044" elapsed="0.000175"/>
</kw>
<kw name="List Should Contain Value" owner="Collections">
<msg time="2024-06-04T01:05:03.255693" level="INFO">False</msg>
<arg>${allowed_titles}</arg>
<arg>${name_title}</arg>
<doc>Fails if the ``value`` is not found from ``list``.</doc>
<status status="PASS" start="2024-06-04T01:05:03.255518" elapsed="0.000211"/>
</kw>
<kw name="Set Variable" owner="BuiltIn">
<msg time="2024-06-04T01:05:03.256617" level="INFO">${name_country} = IR</msg>
<var>${name_country}</var>
<arg>${json_data["results"][0]["nat"]}</arg>
<doc>Returns the given values which can then be assigned to a variables.</doc>
<status status="PASS" start="2024-06-04T01:05:03.256020" elapsed="0.000623"/>
</kw>
<kw name="Create List" owner="BuiltIn">
<msg time="2024-06-04T01:05:03.257557" level="INFO">${list_country} = ['AD', 'AE', 'AF', 'AG', 'AI', 'AL', 'AM', 'AO', 'AQ', 'AR', 'AS', 'AT', 'AU', 'AW', 'AX', 'AZ', 'BA', 'BB', 'BD', 'BE', 'BF', 'BG', 'BH', 'BI', 'BJ', 'BL', 'BM', 'BN', 'BO', 'BQ', 'BR', 'BS', 'BT', '...</msg>
<var>${list_country}</var>
<arg>AD</arg>
<arg>AE</arg>
<arg>AF</arg>
<arg>AG</arg>
<arg>AI</arg>
<arg>AL</arg>
<arg>AM</arg>
<arg>AO</arg>
<arg>AQ</arg>
<arg>AR</arg>
<arg>AS</arg>
<arg>AT</arg>
<arg>AU</arg>
<arg>AW</arg>
<arg>AX</arg>
<arg>AZ</arg>
<arg>BA</arg>
<arg>BB</arg>
<arg>BD</arg>
<arg>BE</arg>
<arg>BF</arg>
<arg>BG</arg>
<arg>BH</arg>
<arg>BI</arg>
<arg>BJ</arg>
<arg>BL</arg>
<arg>BM</arg>
<arg>BN</arg>
<arg>BO</arg>
<arg>BQ</arg>
<arg>BR</arg>
<arg>BS</arg>
<arg>BT</arg>
<arg>BV</arg>
<arg>BW</arg>
<arg>BY</arg>
<arg>BZ</arg>
<arg>CA</arg>
<arg>CC</arg>
<arg>CD</arg>
<arg>CF</arg>
<arg>CG</arg>
<arg>CH</arg>
<arg>CI</arg>
<arg>CK</arg>
<arg>CL</arg>
<arg>CM</arg>
<arg>CN</arg>
<arg>CO</arg>
<arg>CR</arg>
<arg>CU</arg>
<arg>CV</arg>
<arg>CW</arg>
<arg>CX</arg>
<arg>CY</arg>
<arg>CZ</arg>
<arg>DE</arg>
<arg>DJ</arg>
<arg>DK</arg>
<arg>DM</arg>
<arg>DO</arg>
<arg>DZ</arg>
<arg>EC</arg>
<arg>EE</arg>
<arg>EG</arg>
<arg>EH</arg>
<arg>ER</arg>
<arg>ES</arg>
<arg>ET</arg>
<arg>FI</arg>
<arg>FJ</arg>
<arg>FK</arg>
<arg>FM</arg>
<arg>FO</arg>
<arg>FR</arg>
<arg>GA</arg>
<arg>GB</arg>
<arg>GD</arg>
<arg>GE</arg>
<arg>GF</arg>
<arg>GG</arg>
<arg>GH</arg>
<arg>GI</arg>
<arg>GL</arg>
<arg>GM</arg>
<arg>GN</arg>
<arg>GP</arg>
<arg>GQ</arg>
<arg>GR</arg>
<arg>GS</arg>
<arg>GT</arg>
<arg>GU</arg>
<arg>GW</arg>
<arg>GY</arg>
<arg>HK</arg>
<arg>HM</arg>
<arg>HN</arg>
<arg>HR</arg>
<arg>HT</arg>
<arg>HU</arg>
<arg>ID</arg>
<arg>IE</arg>
<arg>IL</arg>
<arg>IM</arg>
<arg>IN</arg>
<arg>IO</arg>
<arg>IQ</arg>
<arg>IR</arg>
<arg>IS</arg>
<arg>IT</arg>
<arg>JE</arg>
<arg>JM</arg>
<arg>JO</arg>
<arg>JP</arg>
<arg>KE</arg>
<arg>KG</arg>
<arg>KH</arg>
<arg>KI</arg>
<arg>KM</arg>
<arg>KN</arg>
<arg>KP</arg>
<arg>KR</arg>
<arg>KW</arg>
<arg>KY</arg>
<arg>KZ</arg>
<arg>LA</arg>
<arg>LB</arg>
<arg>LC</arg>
<arg>LI</arg>
<arg>LK</arg>
<arg>LR</arg>
<arg>LS</arg>
<arg>LT</arg>
<arg>LU</arg>
<arg>LV</arg>
<arg>LY</arg>
<arg>MA</arg>
<arg>MC</arg>
<arg>MD</arg>
<arg>ME</arg>
<arg>MF</arg>
<arg>MG</arg>
<arg>MH</arg>
<arg>MK</arg>
<arg>ML</arg>
<arg>MM</arg>
<arg>MN</arg>
<arg>MO</arg>
<arg>MP</arg>
<arg>MQ</arg>
<arg>MR</arg>
<arg>MS</arg>
<arg>MT</arg>
<arg>MU</arg>
<arg>MV</arg>
<arg>MW</arg>
<arg>MX</arg>
<arg>MY</arg>
<arg>MZ</arg>
<arg>NA</arg>
<arg>NC</arg>
<arg>NE</arg>
<arg>NF</arg>
<arg>NG</arg>
<arg>NI</arg>
<arg>NL</arg>
<arg>NO</arg>
<arg>NP</arg>
<arg>NR</arg>
<arg>NU</arg>
<arg>NZ</arg>
<arg>OM</arg>
<arg>PA</arg>
<arg>PE</arg>
<arg>PF</arg>
<arg>PG</arg>
<arg>PH</arg>
<arg>PK</arg>
<arg>PL</arg>
<arg>PM</arg>
<arg>PN</arg>
<arg>PR</arg>
<arg>PS</arg>
<arg>PT</arg>
<arg>PW</arg>
<arg>PY</arg>
<arg>QA</arg>
<arg>RE</arg>
<arg>RO</arg>
<arg>RS</arg>
<arg>RU</arg>
<arg>RW</arg>
<arg>SA</arg>
<arg>SB</arg>
<arg>SC</arg>
<arg>SD</arg>
<arg>SE</arg>
<arg>SG</arg>
<arg>SH</arg>
<arg>SI</arg>
<arg>SJ</arg>
<arg>SK</arg>
<arg>SL</arg>
<arg>SM</arg>
<arg>SN</arg>
<arg>SO</arg>
<arg>SR</arg>
<arg>SS</arg>
<arg>ST</arg>
<arg>SV</arg>
<arg>SX</arg>
<arg>SY</arg>
<arg>SZ</arg>
<arg>TC</arg>
<arg>TD</arg>
<arg>TF</arg>
<arg>TG</arg>
<arg>TH</arg>
<arg>TJ</arg>
<arg>TK</arg>
<arg>TL</arg>
<arg>TM</arg>
<arg>TN</arg>
<arg>TO</arg>
<arg>TR</arg>
<arg>TT</arg>
<arg>TV</arg>
<arg>TW</arg>
<arg>TZ</arg>
<arg>UA</arg>
<arg>UG</arg>
<arg>UM</arg>
<arg>US</arg>
<arg>UY</arg>
<arg>UZ</arg>
<arg>VA</arg>
<arg>VC</arg>
<arg>VE</arg>
<arg>VG</arg>
<arg>VI</arg>
<arg>VN</arg>
<arg>VU</arg>
<arg>WF</arg>
<arg>WS</arg>
<arg>XK</arg>
<arg>YE</arg>
<arg>YT</arg>
<arg>ZA</arg>
<arg>ZM</arg>
<arg>ZW</arg>
<doc>Returns a list containing given items.</doc>
<status status="PASS" start="2024-06-04T01:05:03.256951" elapsed="0.000632"/>
</kw>
<kw name="List Should Contain Value" owner="Collections">
<msg time="2024-06-04T01:05:03.258575" level="INFO">False</msg>
<arg>${list_country}</arg>
<arg>${name_country}</arg>
<doc>Fails if the ``value`` is not found from ``list``.</doc>
<status status="PASS" start="2024-06-04T01:05:03.258368" elapsed="0.000243"/>
</kw>
<kw name="Run Keyword If" owner="BuiltIn">
<kw name="Should Be True" owner="BuiltIn">
<arg>${True}</arg>
<doc>Fails if the given condition is not true.</doc>
<status status="PASS" start="2024-06-04T01:05:03.259678" elapsed="0.000145"/>
</kw>
<arg>${json_data["results"][0]["location"]["coordinates"]["latitude"]} &gt;= -90 and ${json_data["results"][0]["location"]["coordinates"]["latitude"]} &lt;= 90</arg>
<arg>Should Be True</arg>
<arg>${True}</arg>
<doc>Runs the given keyword with the given arguments, if ``condition`` is true.</doc>
<status status="PASS" start="2024-06-04T01:05:03.258925" elapsed="0.001025"/>
</kw>
<kw name="Run Keyword If" owner="BuiltIn">
<kw name="Should Be True" owner="BuiltIn">
<arg>${True}</arg>
<doc>Fails if the given condition is not true.</doc>
<status status="PASS" start="2024-06-04T01:05:03.260874" elapsed="0.000137"/>
</kw>
<arg>${json_data["results"][0]["location"]["coordinates"]["longitude"]} &gt;= -180 and ${json_data["results"][0]["location"]["coordinates"]["longitude"]} &lt;= 180</arg>
<arg>Should Be True</arg>
<arg>${True}</arg>
<doc>Runs the given keyword with the given arguments, if ``condition`` is true.</doc>
<status status="PASS" start="2024-06-04T01:05:03.260164" elapsed="0.000969"/>
</kw>
<status status="PASS" start="2024-06-04T01:05:03.161760" elapsed="0.099506"/>
</kw>
<doc>Testa o conteúdo específico dos campos retornados pela API.</doc>
<tag>testeConteudo</tag>
<status status="PASS" start="2024-06-04T01:05:03.161118" elapsed="0.100303"/>
</test>
<status status="PASS" start="2024-06-04T01:05:02.062092" elapsed="1.201243"/>
</suite>
<status status="PASS" start="2024-06-04T01:05:02.048321" elapsed="1.220284"/>
</suite>
<statistics>
<total>
<stat pass="5" fail="0" skip="0">All Tests</stat>
</total>
<tag>
<stat pass="1" fail="0" skip="0">testeConteudo</stat>
<stat pass="1" fail="0" skip="0">testeEstruturaResposta</stat>
<stat pass="1" fail="0" skip="0">testeRequisicaoBasica</stat>
<stat pass="1" fail="0" skip="0">testeTiposDados</stat>
</tag>
<suite>
<stat pass="5" fail="0" skip="0" id="s1" name="Tests">Tests</stat>
<stat pass="5" fail="0" skip="0" id="s1-s1" name="Random-User-Test">Tests.Random-User-Test</stat>
</suite>
</statistics>
<errors>
</errors>
</robot>
