<?xml version="1.0" encoding="UTF-8"?>
<robot generator="Robot 7.0.1 (Python 3.12.4 on linux)" generated="2024-07-22T12:30:00.611610" rpa="false" schemaversion="5">
<suite id="s1" name="Tests" source="/home/runner/work/ApiRandomUser/ApiRandomUser/RamdonUser/tests">
<suite id="s1-s1" name="Random-User-Test" source="/home/runner/work/ApiRandomUser/ApiRandomUser/RamdonUser/tests/random-user-test.robot">
<test id="s1-s1-t1" name="Conectar" line="13">
<kw name="Conectar API" owner="random-user-service">
<kw name="Create Session" owner="RequestsLibrary">
<msg time="2024-07-22T12:30:01.012727" level="INFO">Creating Session using : alias=consultarAPI, url=https://randomuser.me/, headers={},                     cookies={}, auth=None, timeout=None, proxies=None, verify=False,                     debug=0 </msg>
<arg>consultarAPI</arg>
<arg>${URL}</arg>
<doc>Create Session: create a HTTP session to a server</doc>
<status status="PASS" start="2024-07-22T12:30:01.012519" elapsed="0.000408"/>
</kw>
<status status="PASS" start="2024-07-22T12:30:01.011418" elapsed="0.001882"/>
</kw>
<status status="PASS" start="2024-07-22T12:30:01.010817" elapsed="0.002678"/>
</test>
<test id="s1-s1-t2" name="Validar retorno 200 e JSON Válido" line="16">
<kw name="Teste de Requisicao Basica" owner="random-user-service">
<kw name="GET On Session" owner="RequestsLibrary">
<msg time="2024-07-22T12:30:01.231391" level="INFO">GET Request : url=https://randomuser.me/api 
 path_url=/api 
 headers={'User-Agent': 'python-requests/2.32.3', 'Accept-Encoding': 'gzip, deflate', 'Accept': '*/*', 'Connection': 'keep-alive'} 
 body=None 
 </msg>
<msg time="2024-07-22T12:30:01.231556" level="INFO">GET Response : url=https://randomuser.me/api 
 status=200, reason=OK 
 headers={'Date': 'Mon, 22 Jul 2024 12:30:01 GMT', 'Content-Type': 'application/json; charset=utf-8', 'Transfer-Encoding': 'chunked', 'Connection': 'keep-alive', 'X-Powered-By': 'Express', 'Access-Control-Allow-Origin': '*', 'Cache-Control': 'no-cache', 'ETag': 'W/"492-GBpPtT3PuQ5Tt9leCTft2ofFfvk"', 'Vary': 'Accept-Encoding', 'Content-Encoding': 'gzip', 'CF-Cache-Status': 'DYNAMIC', 'Report-To': '{"endpoints":[{"url":"https:\\/\\/a.nel.cloudflare.com\\/report\\/v4?s=eXSf0fcu%2BJrm%2BPAfyhW%2BLWIEqgz5fLOWnG25hhqpkVn3oURdX7chTVGqLn40LjH5MQxi3b6ToJkbmt79QzzpvSzwgEQ1tCVkPgbeKoIY6UuRmBvlL7vIXBALnYrGfOzX"}],"group":"cf-nel","max_age":604800}', 'NEL': '{"success_fraction":0,"report_to":"cf-nel","max_age":604800}', 'Server': 'cloudflare', 'CF-RAY': '8a7370887a1a07d5-IAD', 'alt-svc': 'h3=":443"; ma=86400'} 
 body={"results":[{"gender":"female","name":{"title":"Miss","first":"Leah","last":"Campbell"},"location":{"street":{"number":6354,"name":"Church Street"},"city":"Carrick-on-Shannon","state":"Roscommon","country":"Ireland","postcode":94534,"coordinates":{"latitude":"-3.6344","longitude":"5.1755"},"timezone":{"offset":"+2:00","description":"Kaliningrad, South Africa"}},"email":"leah.campbell@example.com","login":{"uuid":"9158a12c-f16a-43ab-a613-6c1a88496f22","username":"bluegorilla807","password":"asasas","salt":"fAOlQT5A","md5":"f8d7ecfe95b3689228642d8acf03bc90","sha1":"762f870dfe58a6b62778cc63d3e5e18cfdcc0459","sha256":"701f380789b8fe3fbc3f0392e64cb524b873be3aa296b68a3ac656189c89f891"},"dob":{"date":"1950-06-21T04:43:07.994Z","age":74},"registered":{"date":"2015-08-31T21:01:00.863Z","age":8},"phone":"041-253-9115","cell":"081-842-5346","id":{"name":"PPS","value":"2657449T"},"picture":{"large":"https://randomuser.me/api/portraits/women/49.jpg","medium":"https://randomuser.me/api/portraits/med/women/49.jpg","thumbnail":"https://randomuser.me/api/portraits/thumb/women/49.jpg"},"nat":"IE"}],"info":{"seed":"e159ef4169c5de44","results":1,"page":1,"version":"1.4"}} 
 </msg>
<msg time="2024-07-22T12:30:01.231647" level="INFO">/opt/hostedtoolcache/Python/3.12.4/x64/lib/python3.12/site-packages/urllib3/connectionpool.py:1099: InsecureRequestWarning: Unverified HTTPS request is being made to host 'randomuser.me'. Adding certificate verification is strongly advised. See: https://urllib3.readthedocs.io/en/latest/advanced-usage.html#tls-warnings
  warnings.warn(</msg>
<msg time="2024-07-22T12:30:01.231786" level="INFO">${response} = &lt;Response [200]&gt;</msg>
<var>${response}</var>
<arg>consultarAPI</arg>
<arg>/api</arg>
<doc>Sends a GET request on a previously created HTTP Session.</doc>
<status status="PASS" start="2024-07-22T12:30:01.016151" elapsed="0.215680"/>
</kw>
<kw name="Should Be Equal As Numbers" owner="BuiltIn">
<msg time="2024-07-22T12:30:01.232896" level="INFO">Argument types are:
&lt;class 'int'&gt;
&lt;class 'str'&gt;</msg>
<arg>${response.status_code}</arg>
<arg>200</arg>
<doc>Fails if objects are unequal after converting them to real numbers.</doc>
<status status="PASS" start="2024-07-22T12:30:01.232393" elapsed="0.000572"/>
</kw>
<kw name="Log" owner="BuiltIn">
<msg time="2024-07-22T12:30:01.233661" level="INFO">200</msg>
<arg>${response.status_code}</arg>
<doc>Logs the given message with the given level.</doc>
<status status="PASS" start="2024-07-22T12:30:01.233302" elapsed="0.000403"/>
</kw>
<kw name="Set Variable" owner="BuiltIn">
<msg time="2024-07-22T12:30:01.234458" level="INFO">${json_data} = {'results': [{'gender': 'female', 'name': {'title': 'Miss', 'first': 'Leah', 'last': 'Campbell'}, 'location': {'street': {'number': 6354, 'name': 'Church Street'}, 'city': 'Carrick-on-Shannon', 'state...</msg>
<var>${json_data}</var>
<arg>${response.json()}</arg>
<doc>Returns the given values which can then be assigned to a variables.</doc>
<status status="PASS" start="2024-07-22T12:30:01.234015" elapsed="0.000471"/>
</kw>
<kw name="Dictionary Should Contain Key" owner="Collections">
<arg>${json_data}</arg>
<arg>results</arg>
<doc>Fails if ``key`` is not found from ``dictionary``.</doc>
<status status="PASS" start="2024-07-22T12:30:01.234791" elapsed="0.000356"/>
</kw>
<status status="PASS" start="2024-07-22T12:30:01.015905" elapsed="0.219413"/>
</kw>
<doc>Testa se a API responde corretamente e retorna um objeto JSON válido.</doc>
<tag>testeRequisicaoBasica</tag>
<status status="PASS" start="2024-07-22T12:30:01.015433" elapsed="0.220063"/>
</test>
<test id="s1-s1-t3" name="Validar estrutura de resposta" line="22">
<kw name="Teste de Estrutura de Resposta" owner="random-user-service">
<kw name="GET On Session" owner="RequestsLibrary">
<msg time="2024-07-22T12:30:01.332184" level="INFO">GET Request : url=https://randomuser.me/api 
 path_url=/api 
 headers={'User-Agent': 'python-requests/2.32.3', 'Accept-Encoding': 'gzip, deflate', 'Accept': '*/*', 'Connection': 'keep-alive'} 
 body=None 
 </msg>
<msg time="2024-07-22T12:30:01.332292" level="INFO">GET Response : url=https://randomuser.me/api 
 status=200, reason=OK 
 headers={'Date': 'Mon, 22 Jul 2024 12:30:01 GMT', 'Content-Type': 'application/json; charset=utf-8', 'Transfer-Encoding': 'chunked', 'Connection': 'keep-alive', 'X-Powered-By': 'Express', 'Access-Control-Allow-Origin': '*', 'Cache-Control': 'no-cache', 'ETag': 'W/"497-/GKFTWfK/0Px5x8wVtGcCGSeKnI"', 'Vary': 'Accept-Encoding', 'Content-Encoding': 'gzip', 'CF-Cache-Status': 'DYNAMIC', 'Report-To': '{"endpoints":[{"url":"https:\\/\\/a.nel.cloudflare.com\\/report\\/v4?s=HDj3Sj%2BaZNJTIS6jNYQwsuI5gvXWrMdsv6vc4RDWrJzQCvHUi8ue6O0KgwFSSlsS6vaX0DWZsN2lJnwe58Sb332zCX5TOKqcKFoeKEGarHNHh7pGh7hUtqpjUlSxFq41"}],"group":"cf-nel","max_age":604800}', 'NEL': '{"success_fraction":0,"report_to":"cf-nel","max_age":604800}', 'Server': 'cloudflare', 'CF-RAY': '8a737089bbbc07d5-IAD', 'alt-svc': 'h3=":443"; ma=86400'} 
 body={"results":[{"gender":"male","name":{"title":"Mr","first":"Daniel","last":"Esteban"},"location":{"street":{"number":5828,"name":"Avenida de Burgos"},"city":"Almería","state":"Islas Baleares","country":"Spain","postcode":69248,"coordinates":{"latitude":"-37.0154","longitude":"-89.8899"},"timezone":{"offset":"+3:00","description":"Baghdad, Riyadh, Moscow, St. Petersburg"}},"email":"daniel.esteban@example.com","login":{"uuid":"338911ba-7ab8-4db4-bfd6-70c0f55cc6c8","username":"ticklishkoala547","password":"vectra","salt":"CNUFZTtE","md5":"238f8e662cb71884178d8263967d2f80","sha1":"cee8224991401fcb0f8a64b440e99374c4cff0cc","sha256":"9d5c34c29940c0369cddf8d07500786c55f7cec42e87ddda15b9e42ab3e49931"},"dob":{"date":"1946-05-20T16:52:05.605Z","age":78},"registered":{"date":"2017-11-12T12:25:48.576Z","age":6},"phone":"993-377-375","cell":"663-959-452","id":{"name":"DNI","value":"78852236-K"},"picture":{"large":"https://randomuser.me/api/portraits/men/3.jpg","medium":"https://randomuser.me/api/portraits/med/men/3.jpg","thumbnail":"https://randomuser.me/api/portraits/thumb/men/3.jpg"},"nat":"ES"}],"info":{"seed":"fdb18b4632ff48a7","results":1,"page":1,"version":"1.4"}} 
 </msg>
<msg time="2024-07-22T12:30:01.332436" level="INFO">/opt/hostedtoolcache/Python/3.12.4/x64/lib/python3.12/site-packages/urllib3/connectionpool.py:1099: InsecureRequestWarning: Unverified HTTPS request is being made to host 'randomuser.me'. Adding certificate verification is strongly advised. See: https://urllib3.readthedocs.io/en/latest/advanced-usage.html#tls-warnings
  warnings.warn(</msg>
<msg time="2024-07-22T12:30:01.332565" level="INFO">${response} = &lt;Response [200]&gt;</msg>
<var>${response}</var>
<arg>consultarAPI</arg>
<arg>/api</arg>
<doc>Sends a GET request on a previously created HTTP Session.</doc>
<status status="PASS" start="2024-07-22T12:30:01.238131" elapsed="0.094462"/>
</kw>
<kw name="Set Variable" owner="BuiltIn">
<msg time="2024-07-22T12:30:01.333708" level="INFO">${json_data} = {'results': [{'gender': 'male', 'name': {'title': 'Mr', 'first': 'Daniel', 'last': 'Esteban'}, 'location': {'street': {'number': 5828, 'name': 'Avenida de Burgos'}, 'city': 'Almería', 'state': 'Islas ...</msg>
<var>${json_data}</var>
<arg>${response.json()}</arg>
<doc>Returns the given values which can then be assigned to a variables.</doc>
<status status="PASS" start="2024-07-22T12:30:01.333140" elapsed="0.000599"/>
</kw>
<kw name="Log" owner="BuiltIn">
<msg time="2024-07-22T12:30:01.334223" level="INFO">{'results': [{'gender': 'male', 'name': {'title': 'Mr', 'first': 'Daniel', 'last': 'Esteban'}, 'location': {'street': {'number': 5828, 'name': 'Avenida de Burgos'}, 'city': 'Almería', 'state': 'Islas Baleares', 'country': 'Spain', 'postcode': 69248, 'coordinates': {'latitude': '-37.0154', 'longitude': '-89.8899'}, 'timezone': {'offset': '+3:00', 'description': 'Baghdad, Riyadh, Moscow, St. Petersburg'}}, 'email': 'daniel.esteban@example.com', 'login': {'uuid': '338911ba-7ab8-4db4-bfd6-70c0f55cc6c8', 'username': 'ticklishkoala547', 'password': 'vectra', 'salt': 'CNUFZTtE', 'md5': '238f8e662cb71884178d8263967d2f80', 'sha1': 'cee8224991401fcb0f8a64b440e99374c4cff0cc', 'sha256': '9d5c34c29940c0369cddf8d07500786c55f7cec42e87ddda15b9e42ab3e49931'}, 'dob': {'date': '1946-05-20T16:52:05.605Z', 'age': 78}, 'registered': {'date': '2017-11-12T12:25:48.576Z', 'age': 6}, 'phone': '993-377-375', 'cell': '663-959-452', 'id': {'name': 'DNI', 'value': '78852236-K'}, 'picture': {'large': 'https://randomuser.me/api/portraits/men/3.jpg', 'medium': 'https://randomuser.me/api/portraits/med/men/3.jpg', 'thumbnail': 'https://randomuser.me/api/portraits/thumb/men/3.jpg'}, 'nat': 'ES'}], 'info': {'seed': 'fdb18b4632ff48a7', 'results': 1, 'page': 1, 'version': '1.4'}}</msg>
<arg>${json_data}</arg>
<doc>Logs the given message with the given level.</doc>
<status status="PASS" start="2024-07-22T12:30:01.334054" elapsed="0.000220"/>
</kw>
<kw name="Dictionary Should Contain Key" owner="Collections">
<arg>${json_data}</arg>
<arg>results</arg>
<doc>Fails if ``key`` is not found from ``dictionary``.</doc>
<status status="PASS" start="2024-07-22T12:30:01.334573" elapsed="0.000163"/>
</kw>
<kw name="Should Not Be Empty" owner="BuiltIn">
<msg time="2024-07-22T12:30:01.335045" level="INFO">Length is 2.</msg>
<arg>${json_data}</arg>
<doc>Verifies that the given item is not empty.</doc>
<status status="PASS" start="2024-07-22T12:30:01.334924" elapsed="0.000195"/>
</kw>
<kw name="Create List" owner="BuiltIn">
<msg time="2024-07-22T12:30:01.335576" level="INFO">${expected_keys} = ['gender', 'name', 'location', 'email', 'login']</msg>
<var>${expected_keys}</var>
<arg>gender</arg>
<arg>name</arg>
<arg>location</arg>
<arg>email</arg>
<arg>login</arg>
<doc>Returns a list containing given items.</doc>
<status status="PASS" start="2024-07-22T12:30:01.335424" elapsed="0.000176"/>
</kw>
<for flavor="IN">
<iter>
<kw name="Dictionary Should Contain Key" owner="Collections">
<arg>${json_data['results'][0]}</arg>
<arg>${key}</arg>
<doc>Fails if ``key`` is not found from ``dictionary``.</doc>
<status status="PASS" start="2024-07-22T12:30:01.336210" elapsed="0.000419"/>
</kw>
<kw name="Log" owner="BuiltIn">
<msg time="2024-07-22T12:30:01.337184" level="INFO">{'gender': 'male', 'name': {'title': 'Mr', 'first': 'Daniel', 'last': 'Esteban'}, 'location': {'street': {'number': 5828, 'name': 'Avenida de Burgos'}, 'city': 'Almería', 'state': 'Islas Baleares', 'country': 'Spain', 'postcode': 69248, 'coordinates': {'latitude': '-37.0154', 'longitude': '-89.8899'}, 'timezone': {'offset': '+3:00', 'description': 'Baghdad, Riyadh, Moscow, St. Petersburg'}}, 'email': 'daniel.esteban@example.com', 'login': {'uuid': '338911ba-7ab8-4db4-bfd6-70c0f55cc6c8', 'username': 'ticklishkoala547', 'password': 'vectra', 'salt': 'CNUFZTtE', 'md5': '238f8e662cb71884178d8263967d2f80', 'sha1': 'cee8224991401fcb0f8a64b440e99374c4cff0cc', 'sha256': '9d5c34c29940c0369cddf8d07500786c55f7cec42e87ddda15b9e42ab3e49931'}, 'dob': {'date': '1946-05-20T16:52:05.605Z', 'age': 78}, 'registered': {'date': '2017-11-12T12:25:48.576Z', 'age': 6}, 'phone': '993-377-375', 'cell': '663-959-452', 'id': {'name': 'DNI', 'value': '78852236-K'}, 'picture': {'large': 'https://randomuser.me/api/portraits/men/3.jpg', 'medium': 'https://randomuser.me/api/portraits/med/men/3.jpg', 'thumbnail': 'https://randomuser.me/api/portraits/thumb/men/3.jpg'}, 'nat': 'ES'}</msg>
<arg>${json_data['results'][0]}</arg>
<doc>Logs the given message with the given level.</doc>
<status status="PASS" start="2024-07-22T12:30:01.336828" elapsed="0.000407"/>
</kw>
<kw name="Log" owner="BuiltIn">
<msg time="2024-07-22T12:30:01.337659" level="INFO">gender</msg>
<arg>${key}</arg>
<doc>Logs the given message with the given level.</doc>
<status status="PASS" start="2024-07-22T12:30:01.337532" elapsed="0.000164"/>
</kw>
<var name="${key}">gender</var>
<status status="PASS" start="2024-07-22T12:30:01.336082" elapsed="0.001831"/>
</iter>
<iter>
<kw name="Dictionary Should Contain Key" owner="Collections">
<arg>${json_data['results'][0]}</arg>
<arg>${key}</arg>
<doc>Fails if ``key`` is not found from ``dictionary``.</doc>
<status status="PASS" start="2024-07-22T12:30:01.338212" elapsed="0.000390"/>
</kw>
<kw name="Log" owner="BuiltIn">
<msg time="2024-07-22T12:30:01.339163" level="INFO">{'gender': 'male', 'name': {'title': 'Mr', 'first': 'Daniel', 'last': 'Esteban'}, 'location': {'street': {'number': 5828, 'name': 'Avenida de Burgos'}, 'city': 'Almería', 'state': 'Islas Baleares', 'country': 'Spain', 'postcode': 69248, 'coordinates': {'latitude': '-37.0154', 'longitude': '-89.8899'}, 'timezone': {'offset': '+3:00', 'description': 'Baghdad, Riyadh, Moscow, St. Petersburg'}}, 'email': 'daniel.esteban@example.com', 'login': {'uuid': '338911ba-7ab8-4db4-bfd6-70c0f55cc6c8', 'username': 'ticklishkoala547', 'password': 'vectra', 'salt': 'CNUFZTtE', 'md5': '238f8e662cb71884178d8263967d2f80', 'sha1': 'cee8224991401fcb0f8a64b440e99374c4cff0cc', 'sha256': '9d5c34c29940c0369cddf8d07500786c55f7cec42e87ddda15b9e42ab3e49931'}, 'dob': {'date': '1946-05-20T16:52:05.605Z', 'age': 78}, 'registered': {'date': '2017-11-12T12:25:48.576Z', 'age': 6}, 'phone': '993-377-375', 'cell': '663-959-452', 'id': {'name': 'DNI', 'value': '78852236-K'}, 'picture': {'large': 'https://randomuser.me/api/portraits/men/3.jpg', 'medium': 'https://randomuser.me/api/portraits/med/men/3.jpg', 'thumbnail': 'https://randomuser.me/api/portraits/thumb/men/3.jpg'}, 'nat': 'ES'}</msg>
<arg>${json_data['results'][0]}</arg>
<doc>Logs the given message with the given level.</doc>
<status status="PASS" start="2024-07-22T12:30:01.338786" elapsed="0.000468"/>
</kw>
<kw name="Log" owner="BuiltIn">
<msg time="2024-07-22T12:30:01.339679" level="INFO">name</msg>
<arg>${key}</arg>
<doc>Logs the given message with the given level.</doc>
<status status="PASS" start="2024-07-22T12:30:01.339554" elapsed="0.000162"/>
</kw>
<var name="${key}">name</var>
<status status="PASS" start="2024-07-22T12:30:01.338101" elapsed="0.001827"/>
</iter>
<iter>
<kw name="Dictionary Should Contain Key" owner="Collections">
<arg>${json_data['results'][0]}</arg>
<arg>${key}</arg>
<doc>Fails if ``key`` is not found from ``dictionary``.</doc>
<status status="PASS" start="2024-07-22T12:30:01.340206" elapsed="0.000382"/>
</kw>
<kw name="Log" owner="BuiltIn">
<msg time="2024-07-22T12:30:01.341136" level="INFO">{'gender': 'male', 'name': {'title': 'Mr', 'first': 'Daniel', 'last': 'Esteban'}, 'location': {'street': {'number': 5828, 'name': 'Avenida de Burgos'}, 'city': 'Almería', 'state': 'Islas Baleares', 'country': 'Spain', 'postcode': 69248, 'coordinates': {'latitude': '-37.0154', 'longitude': '-89.8899'}, 'timezone': {'offset': '+3:00', 'description': 'Baghdad, Riyadh, Moscow, St. Petersburg'}}, 'email': 'daniel.esteban@example.com', 'login': {'uuid': '338911ba-7ab8-4db4-bfd6-70c0f55cc6c8', 'username': 'ticklishkoala547', 'password': 'vectra', 'salt': 'CNUFZTtE', 'md5': '238f8e662cb71884178d8263967d2f80', 'sha1': 'cee8224991401fcb0f8a64b440e99374c4cff0cc', 'sha256': '9d5c34c29940c0369cddf8d07500786c55f7cec42e87ddda15b9e42ab3e49931'}, 'dob': {'date': '1946-05-20T16:52:05.605Z', 'age': 78}, 'registered': {'date': '2017-11-12T12:25:48.576Z', 'age': 6}, 'phone': '993-377-375', 'cell': '663-959-452', 'id': {'name': 'DNI', 'value': '78852236-K'}, 'picture': {'large': 'https://randomuser.me/api/portraits/men/3.jpg', 'medium': 'https://randomuser.me/api/portraits/med/men/3.jpg', 'thumbnail': 'https://randomuser.me/api/portraits/thumb/men/3.jpg'}, 'nat': 'ES'}</msg>
<arg>${json_data['results'][0]}</arg>
<doc>Logs the given message with the given level.</doc>
<status status="PASS" start="2024-07-22T12:30:01.340776" elapsed="0.000411"/>
</kw>
<kw name="Log" owner="BuiltIn">
<msg time="2024-07-22T12:30:01.341608" level="INFO">location</msg>
<arg>${key}</arg>
<doc>Logs the given message with the given level.</doc>
<status status="PASS" start="2024-07-22T12:30:01.341483" elapsed="0.000162"/>
</kw>
<var name="${key}">location</var>
<status status="PASS" start="2024-07-22T12:30:01.340100" elapsed="0.001758"/>
</iter>
<iter>
<kw name="Dictionary Should Contain Key" owner="Collections">
<arg>${json_data['results'][0]}</arg>
<arg>${key}</arg>
<doc>Fails if ``key`` is not found from ``dictionary``.</doc>
<status status="PASS" start="2024-07-22T12:30:01.342146" elapsed="0.000379"/>
</kw>
<kw name="Log" owner="BuiltIn">
<msg time="2024-07-22T12:30:01.343242" level="INFO">{'gender': 'male', 'name': {'title': 'Mr', 'first': 'Daniel', 'last': 'Esteban'}, 'location': {'street': {'number': 5828, 'name': 'Avenida de Burgos'}, 'city': 'Almería', 'state': 'Islas Baleares', 'country': 'Spain', 'postcode': 69248, 'coordinates': {'latitude': '-37.0154', 'longitude': '-89.8899'}, 'timezone': {'offset': '+3:00', 'description': 'Baghdad, Riyadh, Moscow, St. Petersburg'}}, 'email': 'daniel.esteban@example.com', 'login': {'uuid': '338911ba-7ab8-4db4-bfd6-70c0f55cc6c8', 'username': 'ticklishkoala547', 'password': 'vectra', 'salt': 'CNUFZTtE', 'md5': '238f8e662cb71884178d8263967d2f80', 'sha1': 'cee8224991401fcb0f8a64b440e99374c4cff0cc', 'sha256': '9d5c34c29940c0369cddf8d07500786c55f7cec42e87ddda15b9e42ab3e49931'}, 'dob': {'date': '1946-05-20T16:52:05.605Z', 'age': 78}, 'registered': {'date': '2017-11-12T12:25:48.576Z', 'age': 6}, 'phone': '993-377-375', 'cell': '663-959-452', 'id': {'name': 'DNI', 'value': '78852236-K'}, 'picture': {'large': 'https://randomuser.me/api/portraits/men/3.jpg', 'medium': 'https://randomuser.me/api/portraits/med/men/3.jpg', 'thumbnail': 'https://randomuser.me/api/portraits/thumb/men/3.jpg'}, 'nat': 'ES'}</msg>
<arg>${json_data['results'][0]}</arg>
<doc>Logs the given message with the given level.</doc>
<status status="PASS" start="2024-07-22T12:30:01.342838" elapsed="0.000457"/>
</kw>
<kw name="Log" owner="BuiltIn">
<msg time="2024-07-22T12:30:01.343728" level="INFO">email</msg>
<arg>${key}</arg>
<doc>Logs the given message with the given level.</doc>
<status status="PASS" start="2024-07-22T12:30:01.343600" elapsed="0.000165"/>
</kw>
<var name="${key}">email</var>
<status status="PASS" start="2024-07-22T12:30:01.342039" elapsed="0.001943"/>
</iter>
<iter>
<kw name="Dictionary Should Contain Key" owner="Collections">
<arg>${json_data['results'][0]}</arg>
<arg>${key}</arg>
<doc>Fails if ``key`` is not found from ``dictionary``.</doc>
<status status="PASS" start="2024-07-22T12:30:01.344263" elapsed="0.000387"/>
</kw>
<kw name="Log" owner="BuiltIn">
<msg time="2024-07-22T12:30:01.345186" level="INFO">{'gender': 'male', 'name': {'title': 'Mr', 'first': 'Daniel', 'last': 'Esteban'}, 'location': {'street': {'number': 5828, 'name': 'Avenida de Burgos'}, 'city': 'Almería', 'state': 'Islas Baleares', 'country': 'Spain', 'postcode': 69248, 'coordinates': {'latitude': '-37.0154', 'longitude': '-89.8899'}, 'timezone': {'offset': '+3:00', 'description': 'Baghdad, Riyadh, Moscow, St. Petersburg'}}, 'email': 'daniel.esteban@example.com', 'login': {'uuid': '338911ba-7ab8-4db4-bfd6-70c0f55cc6c8', 'username': 'ticklishkoala547', 'password': 'vectra', 'salt': 'CNUFZTtE', 'md5': '238f8e662cb71884178d8263967d2f80', 'sha1': 'cee8224991401fcb0f8a64b440e99374c4cff0cc', 'sha256': '9d5c34c29940c0369cddf8d07500786c55f7cec42e87ddda15b9e42ab3e49931'}, 'dob': {'date': '1946-05-20T16:52:05.605Z', 'age': 78}, 'registered': {'date': '2017-11-12T12:25:48.576Z', 'age': 6}, 'phone': '993-377-375', 'cell': '663-959-452', 'id': {'name': 'DNI', 'value': '78852236-K'}, 'picture': {'large': 'https://randomuser.me/api/portraits/men/3.jpg', 'medium': 'https://randomuser.me/api/portraits/med/men/3.jpg', 'thumbnail': 'https://randomuser.me/api/portraits/thumb/men/3.jpg'}, 'nat': 'ES'}</msg>
<arg>${json_data['results'][0]}</arg>
<doc>Logs the given message with the given level.</doc>
<status status="PASS" start="2024-07-22T12:30:01.344832" elapsed="0.000404"/>
</kw>
<kw name="Log" owner="BuiltIn">
<msg time="2024-07-22T12:30:01.345652" level="INFO">login</msg>
<arg>${key}</arg>
<doc>Logs the given message with the given level.</doc>
<status status="PASS" start="2024-07-22T12:30:01.345526" elapsed="0.000162"/>
</kw>
<var name="${key}">login</var>
<status status="PASS" start="2024-07-22T12:30:01.344154" elapsed="0.001743"/>
</iter>
<var>${key}</var>
<value>@{expected_keys}</value>
<status status="PASS" start="2024-07-22T12:30:01.335869" elapsed="0.010145"/>
</for>
<kw name="Create List" owner="BuiltIn">
<msg time="2024-07-22T12:30:01.346335" level="INFO">${expected_keysTwo} = ['username', 'password']</msg>
<var>${expected_keysTwo}</var>
<arg>username</arg>
<arg>password</arg>
<doc>Returns a list containing given items.</doc>
<status status="PASS" start="2024-07-22T12:30:01.346204" elapsed="0.000182"/>
</kw>
<for flavor="IN">
<iter>
<kw name="Dictionary Should Contain Key" owner="Collections">
<arg>${json_data['results'][0]['login']}</arg>
<arg>${keyTwo}</arg>
<doc>Fails if ``key`` is not found from ``dictionary``.</doc>
<status status="PASS" start="2024-07-22T12:30:01.346890" elapsed="0.000415"/>
</kw>
<kw name="Dictionary Should Contain Key" owner="Collections">
<arg>${json_data['results'][0]['login']}</arg>
<arg>${keyTwo}</arg>
<doc>Fails if ``key`` is not found from ``dictionary``.</doc>
<status status="PASS" start="2024-07-22T12:30:01.347485" elapsed="0.000366"/>
</kw>
<kw name="Log" owner="BuiltIn">
<msg time="2024-07-22T12:30:01.348145" level="INFO">username</msg>
<arg>${keyTwo}</arg>
<doc>Logs the given message with the given level.</doc>
<status status="PASS" start="2024-07-22T12:30:01.348028" elapsed="0.000153"/>
</kw>
<var name="${keyTwo}">username</var>
<status status="PASS" start="2024-07-22T12:30:01.346781" elapsed="0.001618"/>
</iter>
<iter>
<kw name="Dictionary Should Contain Key" owner="Collections">
<arg>${json_data['results'][0]['login']}</arg>
<arg>${keyTwo}</arg>
<doc>Fails if ``key`` is not found from ``dictionary``.</doc>
<status status="PASS" start="2024-07-22T12:30:01.348676" elapsed="0.000370"/>
</kw>
<kw name="Dictionary Should Contain Key" owner="Collections">
<arg>${json_data['results'][0]['login']}</arg>
<arg>${keyTwo}</arg>
<doc>Fails if ``key`` is not found from ``dictionary``.</doc>
<status status="PASS" start="2024-07-22T12:30:01.349223" elapsed="0.000365"/>
</kw>
<kw name="Log" owner="BuiltIn">
<msg time="2024-07-22T12:30:01.349883" level="INFO">password</msg>
<arg>${keyTwo}</arg>
<doc>Logs the given message with the given level.</doc>
<status status="PASS" start="2024-07-22T12:30:01.349762" elapsed="0.000158"/>
</kw>
<var name="${keyTwo}">password</var>
<status status="PASS" start="2024-07-22T12:30:01.348566" elapsed="0.001572"/>
</iter>
<var>${keyTwo}</var>
<value>@{expected_keysTwo}</value>
<status status="PASS" start="2024-07-22T12:30:01.346631" elapsed="0.003629"/>
</for>
<status status="PASS" start="2024-07-22T12:30:01.237891" elapsed="0.112510"/>
</kw>
<doc>Testa a estrutura da resposta da API.</doc>
<tag>testeEstruturaResposta</tag>
<status status="PASS" start="2024-07-22T12:30:01.237354" elapsed="0.113208"/>
</test>
<test id="s1-s1-t4" name="Validar tipos de dados" line="28">
<kw name="Teste de Tipos de Dados" owner="random-user-service">
<kw name="GET On Session" owner="RequestsLibrary">
<msg time="2024-07-22T12:30:01.389828" level="INFO">GET Request : url=https://randomuser.me/api 
 path_url=/api 
 headers={'User-Agent': 'python-requests/2.32.3', 'Accept-Encoding': 'gzip, deflate', 'Accept': '*/*', 'Connection': 'keep-alive'} 
 body=None 
 </msg>
<msg time="2024-07-22T12:30:01.389924" level="INFO">GET Response : url=https://randomuser.me/api 
 status=200, reason=OK 
 headers={'Date': 'Mon, 22 Jul 2024 12:30:01 GMT', 'Content-Type': 'application/json; charset=utf-8', 'Transfer-Encoding': 'chunked', 'Connection': 'keep-alive', 'X-Powered-By': 'Express', 'Access-Control-Allow-Origin': '*', 'Cache-Control': 'no-cache', 'ETag': 'W/"48a-Vekpgbx+kHrhIQIzgLLg50uOFDg"', 'Vary': 'Accept-Encoding', 'Content-Encoding': 'gzip', 'CF-Cache-Status': 'DYNAMIC', 'Report-To': '{"endpoints":[{"url":"https:\\/\\/a.nel.cloudflare.com\\/report\\/v4?s=b63RN9UP49Bq%2FQCHPAX1m%2Ff8wZCwhUAAp5Xqf4c0cWEONu4YmjqERcccGYrajr%2BlAzXMsK3g7PB3JTUarT10Nfi9oKUwgna25Bjm7YwYwOaPBcMRMfzzlA%2BTAjW%2Bpcrf"}],"group":"cf-nel","max_age":604800}', 'NEL': '{"success_fraction":0,"report_to":"cf-nel","max_age":604800}', 'Server': 'cloudflare', 'CF-RAY': '8a73708a7cae07d5-IAD', 'alt-svc': 'h3=":443"; ma=86400'} 
 body={"results":[{"gender":"male","name":{"title":"Mr","first":"Nathan","last":"Liu"},"location":{"street":{"number":5881,"name":"Bay Ave"},"city":"Fauquier","state":"Newfoundland and Labrador","country":"Canada","postcode":"T5F 6I4","coordinates":{"latitude":"-71.2203","longitude":"-32.5553"},"timezone":{"offset":"-11:00","description":"Midway Island, Samoa"}},"email":"nathan.liu@example.com","login":{"uuid":"a809355d-c973-4d60-9ffb-bd29f0bae04d","username":"yellowpeacock752","password":"zaq12wsx","salt":"YMCm3xcf","md5":"873d63e68abc0cf1cd217cf76c63f1a2","sha1":"eebc6e50980c61c9e29dff49fede95233f6671f4","sha256":"574f570cc2b2029eddc74892826bd17d8f73ef295fed8b166f00405eacdbe2cf"},"dob":{"date":"1991-12-30T09:00:00.130Z","age":32},"registered":{"date":"2005-10-18T04:21:54.290Z","age":18},"phone":"Z07 R80-2846","cell":"O87 M53-1044","id":{"name":"SIN","value":"357342880"},"picture":{"large":"https://randomuser.me/api/portraits/men/57.jpg","medium":"https://randomuser.me/api/portraits/med/men/57.jpg","thumbnail":"https://randomuser.me/api/portraits/thumb/men/57.jpg"},"nat":"CA"}],"info":{"seed":"b75155866062062a","results":1,"page":1,"version":"1.4"}} 
 </msg>
<msg time="2024-07-22T12:30:01.390006" level="INFO">/opt/hostedtoolcache/Python/3.12.4/x64/lib/python3.12/site-packages/urllib3/connectionpool.py:1099: InsecureRequestWarning: Unverified HTTPS request is being made to host 'randomuser.me'. Adding certificate verification is strongly advised. See: https://urllib3.readthedocs.io/en/latest/advanced-usage.html#tls-warnings
  warnings.warn(</msg>
<msg time="2024-07-22T12:30:01.390124" level="INFO">${response} = &lt;Response [200]&gt;</msg>
<var>${response}</var>
<arg>consultarAPI</arg>
<arg>/api</arg>
<doc>Sends a GET request on a previously created HTTP Session.</doc>
<status status="PASS" start="2024-07-22T12:30:01.353082" elapsed="0.037069"/>
</kw>
<kw name="Set Variable" owner="BuiltIn">
<msg time="2024-07-22T12:30:01.391176" level="INFO">${json_data} = {'results': [{'gender': 'male', 'name': {'title': 'Mr', 'first': 'Nathan', 'last': 'Liu'}, 'location': {'street': {'number': 5881, 'name': 'Bay Ave'}, 'city': 'Fauquier', 'state': 'Newfoundland and La...</msg>
<var>${json_data}</var>
<arg>${response.json()}</arg>
<doc>Returns the given values which can then be assigned to a variables.</doc>
<status status="PASS" start="2024-07-22T12:30:01.390622" elapsed="0.000584"/>
</kw>
<kw name="Log" owner="BuiltIn">
<msg time="2024-07-22T12:30:01.391684" level="INFO">{'results': [{'gender': 'male', 'name': {'title': 'Mr', 'first': 'Nathan', 'last': 'Liu'}, 'location': {'street': {'number': 5881, 'name': 'Bay Ave'}, 'city': 'Fauquier', 'state': 'Newfoundland and Labrador', 'country': 'Canada', 'postcode': 'T5F 6I4', 'coordinates': {'latitude': '-71.2203', 'longitude': '-32.5553'}, 'timezone': {'offset': '-11:00', 'description': 'Midway Island, Samoa'}}, 'email': 'nathan.liu@example.com', 'login': {'uuid': 'a809355d-c973-4d60-9ffb-bd29f0bae04d', 'username': 'yellowpeacock752', 'password': 'zaq12wsx', 'salt': 'YMCm3xcf', 'md5': '873d63e68abc0cf1cd217cf76c63f1a2', 'sha1': 'eebc6e50980c61c9e29dff49fede95233f6671f4', 'sha256': '574f570cc2b2029eddc74892826bd17d8f73ef295fed8b166f00405eacdbe2cf'}, 'dob': {'date': '1991-12-30T09:00:00.130Z', 'age': 32}, 'registered': {'date': '2005-10-18T04:21:54.290Z', 'age': 18}, 'phone': 'Z07 R80-2846', 'cell': 'O87 M53-1044', 'id': {'name': 'SIN', 'value': '357342880'}, 'picture': {'large': 'https://randomuser.me/api/portraits/men/57.jpg', 'medium': 'https://randomuser.me/api/portraits/med/men/57.jpg', 'thumbnail': 'https://randomuser.me/api/portraits/thumb/men/57.jpg'}, 'nat': 'CA'}], 'info': {'seed': 'b75155866062062a', 'results': 1, 'page': 1, 'version': '1.4'}}</msg>
<arg>${json_data}</arg>
<doc>Logs the given message with the given level.</doc>
<status status="PASS" start="2024-07-22T12:30:01.391533" elapsed="0.000210"/>
</kw>
<kw name="Should Be String" owner="String">
<arg>${json_data['results'][0]['gender']}</arg>
<doc>Fails if the given ``item`` is not a string.</doc>
<status status="PASS" start="2024-07-22T12:30:01.392031" elapsed="0.000363"/>
</kw>
<kw name="Should Match Regexp" owner="BuiltIn">
<arg>${json_data['results'][0]['email']}</arg>
<arg>^[a-zA-Z0-9._%+-]+@[a-zA-Z0-9.-]+\.[a-zA-Z]{2,}$</arg>
<doc>Fails if ``string`` does not match ``pattern`` as a regular expression.</doc>
<status status="PASS" start="2024-07-22T12:30:01.392579" elapsed="0.000515"/>
</kw>
<kw name="Should Match Regexp" owner="BuiltIn">
<arg>${json_data['results'][0]['dob']['date']}</arg>
<arg>\\d{4}-\\d{2}-\\d{2}T\\d{2}:\\d{2}:\\d{2}\\.\\d{3}Z</arg>
<doc>Fails if ``string`` does not match ``pattern`` as a regular expression.</doc>
<status status="PASS" start="2024-07-22T12:30:01.393325" elapsed="0.000632"/>
</kw>
<kw name="Should Match Regexp" owner="BuiltIn">
<arg>${json_data['results'][0]['registered']['date']}</arg>
<arg>\\d{4}-\\d{2}-\\d{2}T\\d{2}:\\d{2}:\\d{2}\\.\\d{3}Z</arg>
<doc>Fails if ``string`` does not match ``pattern`` as a regular expression.</doc>
<status status="PASS" start="2024-07-22T12:30:01.394148" elapsed="0.000368"/>
</kw>
<kw name="Should Match Regexp" owner="BuiltIn">
<arg>${json_data['results'][0]['picture']['large']}</arg>
<arg>^https?://.*\.(?:png|jpe?g|gif|bmp)$</arg>
<doc>Fails if ``string`` does not match ``pattern`` as a regular expression.</doc>
<status status="PASS" start="2024-07-22T12:30:01.394698" elapsed="0.000484"/>
</kw>
<kw name="Should Match Regexp" owner="BuiltIn">
<arg>${json_data['results'][0]['picture']['medium']}</arg>
<arg>^https?://.*\.(?:png|jpe?g|gif|bmp)$</arg>
<doc>Fails if ``string`` does not match ``pattern`` as a regular expression.</doc>
<status status="PASS" start="2024-07-22T12:30:01.395369" elapsed="0.000349"/>
</kw>
<kw name="Should Match Regexp" owner="BuiltIn">
<arg>${json_data['results'][0]['picture']['thumbnail']}</arg>
<arg>^https?://.*\.(?:png|jpe?g|gif|bmp)$</arg>
<doc>Fails if ``string`` does not match ``pattern`` as a regular expression.</doc>
<status status="PASS" start="2024-07-22T12:30:01.395896" elapsed="0.000347"/>
</kw>
<kw name="Log" owner="BuiltIn">
<msg time="2024-07-22T12:30:01.396739" level="INFO">{'large': 'https://randomuser.me/api/portraits/men/57.jpg', 'medium': 'https://randomuser.me/api/portraits/med/men/57.jpg', 'thumbnail': 'https://randomuser.me/api/portraits/thumb/men/57.jpg'}</msg>
<arg>${json_data['results'][0]['picture']}</arg>
<doc>Logs the given message with the given level.</doc>
<status status="PASS" start="2024-07-22T12:30:01.396421" elapsed="0.000360"/>
</kw>
<status status="PASS" start="2024-07-22T12:30:01.352856" elapsed="0.044181"/>
</kw>
<kw name="Teste de Tipos de Dados - Postcode" owner="random-user-service">
<kw name="GET On Session" owner="RequestsLibrary">
<msg time="2024-07-22T12:30:01.492408" level="INFO">GET Request : url=https://randomuser.me/api 
 path_url=/api 
 headers={'User-Agent': 'python-requests/2.32.3', 'Accept-Encoding': 'gzip, deflate', 'Accept': '*/*', 'Connection': 'keep-alive'} 
 body=None 
 </msg>
<msg time="2024-07-22T12:30:01.492506" level="INFO">GET Response : url=https://randomuser.me/api 
 status=200, reason=OK 
 headers={'Date': 'Mon, 22 Jul 2024 12:30:01 GMT', 'Content-Type': 'application/json; charset=utf-8', 'Transfer-Encoding': 'chunked', 'Connection': 'keep-alive', 'X-Powered-By': 'Express', 'Access-Control-Allow-Origin': '*', 'Cache-Control': 'no-cache', 'ETag': 'W/"469-vJgQuIJGWHjH/cOCxS25g6Zx3lA"', 'Vary': 'Accept-Encoding', 'Content-Encoding': 'gzip', 'CF-Cache-Status': 'DYNAMIC', 'Report-To': '{"endpoints":[{"url":"https:\\/\\/a.nel.cloudflare.com\\/report\\/v4?s=b1uFhxKBDNxaQuYaR3W%2FX%2FqWd99iBSgdIFO64Of8hffzXQ6pQRJpS%2BgTOogO0h3N8ehbaok14%2FheeXnY9C9rRMrECH4ku%2F71CJfNBFHsCPWf8XiuryMPu77jBUSy0V8d"}],"group":"cf-nel","max_age":604800}', 'NEL': '{"success_fraction":0,"report_to":"cf-nel","max_age":604800}', 'Server': 'cloudflare', 'CF-RAY': '8a73708abd0807d5-IAD', 'alt-svc': 'h3=":443"; ma=86400'} 
 body={"results":[{"gender":"male","name":{"title":"Mr","first":"Nikodem","last":"Grini"},"location":{"street":{"number":5144,"name":"Etterstadgata"},"city":"Napp","state":"Sogn og Fjordane","country":"Norway","postcode":"5855","coordinates":{"latitude":"42.9179","longitude":"-125.1056"},"timezone":{"offset":"-10:00","description":"Hawaii"}},"email":"nikodem.grini@example.com","login":{"uuid":"b41838a9-cc2f-4749-bcfd-f381af43f3c7","username":"yellowswan965","password":"rubber","salt":"YWk0CsJB","md5":"6b1ecdd1cd521c457de8d4be7d9a5e4d","sha1":"cad579c461a2a806f09a1d238cd039f72f27dfd1","sha256":"54e00c363ac2e40b57f861b9145ad84382c043b01e96766c7d3aea6a970c2640"},"dob":{"date":"1957-08-12T18:26:45.734Z","age":66},"registered":{"date":"2013-07-14T11:33:33.310Z","age":11},"phone":"79229274","cell":"46348218","id":{"name":"FN","value":"12085717764"},"picture":{"large":"https://randomuser.me/api/portraits/men/9.jpg","medium":"https://randomuser.me/api/portraits/med/men/9.jpg","thumbnail":"https://randomuser.me/api/portraits/thumb/men/9.jpg"},"nat":"NO"}],"info":{"seed":"9e5decadcdd40374","results":1,"page":1,"version":"1.4"}} 
 </msg>
<msg time="2024-07-22T12:30:01.492578" level="INFO">/opt/hostedtoolcache/Python/3.12.4/x64/lib/python3.12/site-packages/urllib3/connectionpool.py:1099: InsecureRequestWarning: Unverified HTTPS request is being made to host 'randomuser.me'. Adding certificate verification is strongly advised. See: https://urllib3.readthedocs.io/en/latest/advanced-usage.html#tls-warnings
  warnings.warn(</msg>
<msg time="2024-07-22T12:30:01.492698" level="INFO">${response} = &lt;Response [200]&gt;</msg>
<var>${response}</var>
<arg>consultarAPI</arg>
<arg>/api</arg>
<doc>Sends a GET request on a previously created HTTP Session.</doc>
<status status="PASS" start="2024-07-22T12:30:01.397491" elapsed="0.095248"/>
</kw>
<kw name="Set Variable" owner="BuiltIn">
<msg time="2024-07-22T12:30:01.493762" level="INFO">${json_data} = {'results': [{'gender': 'male', 'name': {'title': 'Mr', 'first': 'Nikodem', 'last': 'Grini'}, 'location': {'street': {'number': 5144, 'name': 'Etterstadgata'}, 'city': 'Napp', 'state': 'Sogn og Fjorda...</msg>
<var>${json_data}</var>
<arg>${response.json()}</arg>
<doc>Returns the given values which can then be assigned to a variables.</doc>
<status status="PASS" start="2024-07-22T12:30:01.493248" elapsed="0.000542"/>
</kw>
<kw name="Log" owner="BuiltIn">
<msg time="2024-07-22T12:30:01.494258" level="INFO">{'results': [{'gender': 'male', 'name': {'title': 'Mr', 'first': 'Nikodem', 'last': 'Grini'}, 'location': {'street': {'number': 5144, 'name': 'Etterstadgata'}, 'city': 'Napp', 'state': 'Sogn og Fjordane', 'country': 'Norway', 'postcode': '5855', 'coordinates': {'latitude': '42.9179', 'longitude': '-125.1056'}, 'timezone': {'offset': '-10:00', 'description': 'Hawaii'}}, 'email': 'nikodem.grini@example.com', 'login': {'uuid': 'b41838a9-cc2f-4749-bcfd-f381af43f3c7', 'username': 'yellowswan965', 'password': 'rubber', 'salt': 'YWk0CsJB', 'md5': '6b1ecdd1cd521c457de8d4be7d9a5e4d', 'sha1': 'cad579c461a2a806f09a1d238cd039f72f27dfd1', 'sha256': '54e00c363ac2e40b57f861b9145ad84382c043b01e96766c7d3aea6a970c2640'}, 'dob': {'date': '1957-08-12T18:26:45.734Z', 'age': 66}, 'registered': {'date': '2013-07-14T11:33:33.310Z', 'age': 11}, 'phone': '79229274', 'cell': '46348218', 'id': {'name': 'FN', 'value': '12085717764'}, 'picture': {'large': 'https://randomuser.me/api/portraits/men/9.jpg', 'medium': 'https://randomuser.me/api/portraits/med/men/9.jpg', 'thumbnail': 'https://randomuser.me/api/portraits/thumb/men/9.jpg'}, 'nat': 'NO'}], 'info': {'seed': '9e5decadcdd40374', 'results': 1, 'page': 1, 'version': '1.4'}}</msg>
<arg>${json_data}</arg>
<doc>Logs the given message with the given level.</doc>
<status status="PASS" start="2024-07-22T12:30:01.494099" elapsed="0.000208"/>
</kw>
<kw name="Should Be Equal As Numbers" owner="BuiltIn">
<arg>${json_data['results'][0]['location']['postcode']}</arg>
<arg>${json_data['results'][0]['location']['postcode']}</arg>
<doc>Fails if objects are unequal after converting them to real numbers.</doc>
<status status="PASS" start="2024-07-22T12:30:01.494600" elapsed="0.000690"/>
</kw>
<kw name="Log" owner="BuiltIn">
<msg time="2024-07-22T12:30:01.495829" level="INFO">5855</msg>
<arg>${json_data['results'][0]['location']['postcode']}</arg>
<doc>Logs the given message with the given level.</doc>
<status status="PASS" start="2024-07-22T12:30:01.495488" elapsed="0.000382"/>
</kw>
<status status="PASS" start="2024-07-22T12:30:01.397260" elapsed="0.098897"/>
</kw>
<doc>Testa se os tipos de dados na resposta da API estão corretos.</doc>
<tag>testeTiposDados</tag>
<status status="PASS" start="2024-07-22T12:30:01.352393" elapsed="0.143938"/>
</test>
<test id="s1-s1-t5" name="Validar conteudo" line="35">
<kw name="Teste de Tipos de Conteudo" owner="random-user-service">
<kw name="GET On Session" owner="RequestsLibrary">
<msg time="2024-07-22T12:30:01.601258" level="INFO">GET Request : url=https://randomuser.me/api 
 path_url=/api 
 headers={'User-Agent': 'python-requests/2.32.3', 'Accept-Encoding': 'gzip, deflate', 'Accept': '*/*', 'Connection': 'keep-alive'} 
 body=None 
 </msg>
<msg time="2024-07-22T12:30:01.601386" level="INFO">GET Response : url=https://randomuser.me/api 
 status=200, reason=OK 
 headers={'Date': 'Mon, 22 Jul 2024 12:30:01 GMT', 'Content-Type': 'application/json; charset=utf-8', 'Transfer-Encoding': 'chunked', 'Connection': 'keep-alive', 'X-Powered-By': 'Express', 'Access-Control-Allow-Origin': '*', 'Cache-Control': 'no-cache', 'ETag': 'W/"47c-rhsM4I0Gw/mu8ILoYrNUoI6bw+w"', 'Vary': 'Accept-Encoding', 'Content-Encoding': 'gzip', 'CF-Cache-Status': 'DYNAMIC', 'Report-To': '{"endpoints":[{"url":"https:\\/\\/a.nel.cloudflare.com\\/report\\/v4?s=lUKLcBcISmh221v1oEKsCXgLJBa3KGzB%2BTw1F4Vk8yTDSmyGsh9bkPl5gFfIYR94is9VbF%2BfMIZcOPbWfZ2XX5dWS1zqf4tZslC9P97%2F61hnR%2BoBcAJf2w5kHwnVx%2B14"}],"group":"cf-nel","max_age":604800}', 'NEL': '{"success_fraction":0,"report_to":"cf-nel","max_age":604800}', 'Server': 'cloudflare', 'CF-RAY': '8a73708b6dcf07d5-IAD', 'alt-svc': 'h3=":443"; ma=86400'} 
 body={"results":[{"gender":"male","name":{"title":"Mr","first":"Esteban","last":"Rubio"},"location":{"street":{"number":611,"name":"Calle de La Almudena"},"city":"San Sebastián","state":"Andalucía","country":"Spain","postcode":81248,"coordinates":{"latitude":"-36.0018","longitude":"-58.1811"},"timezone":{"offset":"-2:00","description":"Mid-Atlantic"}},"email":"esteban.rubio@example.com","login":{"uuid":"5d607b0c-3636-416e-b32d-30419529efeb","username":"blacksnake289","password":"cinder","salt":"oxmBex30","md5":"745855f496a6e9f0bd9904fe3732ff0d","sha1":"c6a523992870bcbd512699b75c86637f28b03062","sha256":"96db642e32b13b8bacec0c9705747aec95547a29a5ed536e5b4a30d763409e39"},"dob":{"date":"1945-12-06T23:43:29.479Z","age":78},"registered":{"date":"2008-06-13T02:44:17.819Z","age":16},"phone":"953-168-996","cell":"656-057-851","id":{"name":"DNI","value":"27786580-W"},"picture":{"large":"https://randomuser.me/api/portraits/men/7.jpg","medium":"https://randomuser.me/api/portraits/med/men/7.jpg","thumbnail":"https://randomuser.me/api/portraits/thumb/men/7.jpg"},"nat":"ES"}],"info":{"seed":"43d9958807a60ce1","results":1,"page":1,"version":"1.4"}} 
 </msg>
<msg time="2024-07-22T12:30:01.601479" level="INFO">/opt/hostedtoolcache/Python/3.12.4/x64/lib/python3.12/site-packages/urllib3/connectionpool.py:1099: InsecureRequestWarning: Unverified HTTPS request is being made to host 'randomuser.me'. Adding certificate verification is strongly advised. See: https://urllib3.readthedocs.io/en/latest/advanced-usage.html#tls-warnings
  warnings.warn(</msg>
<msg time="2024-07-22T12:30:01.601605" level="INFO">${response} = &lt;Response [200]&gt;</msg>
<var>${response}</var>
<arg>consultarAPI</arg>
<arg>/api</arg>
<doc>Sends a GET request on a previously created HTTP Session.</doc>
<status status="PASS" start="2024-07-22T12:30:01.498832" elapsed="0.102801"/>
</kw>
<kw name="Set Variable" owner="BuiltIn">
<msg time="2024-07-22T12:30:01.602759" level="INFO">${json_data} = {'results': [{'gender': 'male', 'name': {'title': 'Mr', 'first': 'Esteban', 'last': 'Rubio'}, 'location': {'street': {'number': 611, 'name': 'Calle de La Almudena'}, 'city': 'San Sebastián', 'state': ...</msg>
<var>${json_data}</var>
<arg>${response.json()}</arg>
<doc>Returns the given values which can then be assigned to a variables.</doc>
<status status="PASS" start="2024-07-22T12:30:01.602199" elapsed="0.000590"/>
</kw>
<kw name="Set Variable" owner="BuiltIn">
<msg time="2024-07-22T12:30:01.603554" level="INFO">${name_title} = Mr</msg>
<var>${name_title}</var>
<arg>${json_data["results"][0]["name"]["title"]}</arg>
<doc>Returns the given values which can then be assigned to a variables.</doc>
<status status="PASS" start="2024-07-22T12:30:01.603145" elapsed="0.000435"/>
</kw>
<kw name="Create List" owner="BuiltIn">
<msg time="2024-07-22T12:30:01.604022" level="INFO">${allowed_titles} = ['Mr', 'Ms', 'Miss', 'Mrs', 'Madame', 'Monsieur']</msg>
<var>${allowed_titles}</var>
<arg>Mr</arg>
<arg>Ms</arg>
<arg>Miss</arg>
<arg>Mrs</arg>
<arg>Madame</arg>
<arg>Monsieur</arg>
<doc>Returns a list containing given items.</doc>
<status status="PASS" start="2024-07-22T12:30:01.603874" elapsed="0.000173"/>
</kw>
<kw name="List Should Contain Value" owner="Collections">
<arg>${allowed_titles}</arg>
<arg>${name_title}</arg>
<doc>Fails if the ``value`` is not found from ``list``.</doc>
<status status="PASS" start="2024-07-22T12:30:01.604351" elapsed="0.000180"/>
</kw>
<kw name="Set Variable" owner="BuiltIn">
<msg time="2024-07-22T12:30:01.605095" level="INFO">${name_country} = ES</msg>
<var>${name_country}</var>
<arg>${json_data["results"][0]["nat"]}</arg>
<doc>Returns the given values which can then be assigned to a variables.</doc>
<status status="PASS" start="2024-07-22T12:30:01.604711" elapsed="0.000409"/>
</kw>
<kw name="Create List" owner="BuiltIn">
<msg time="2024-07-22T12:30:01.606001" level="INFO">${list_country} = ['AD', 'AE', 'AF', 'AG', 'AI', 'AL', 'AM', 'AO', 'AQ', 'AR', 'AS', 'AT', 'AU', 'AW', 'AX', 'AZ', 'BA', 'BB', 'BD', 'BE', 'BF', 'BG', 'BH', 'BI', 'BJ', 'BL', 'BM', 'BN', 'BO', 'BQ', 'BR', 'BS', 'BT', '...</msg>
<var>${list_country}</var>
<arg>AD</arg>
<arg>AE</arg>
<arg>AF</arg>
<arg>AG</arg>
<arg>AI</arg>
<arg>AL</arg>
<arg>AM</arg>
<arg>AO</arg>
<arg>AQ</arg>
<arg>AR</arg>
<arg>AS</arg>
<arg>AT</arg>
<arg>AU</arg>
<arg>AW</arg>
<arg>AX</arg>
<arg>AZ</arg>
<arg>BA</arg>
<arg>BB</arg>
<arg>BD</arg>
<arg>BE</arg>
<arg>BF</arg>
<arg>BG</arg>
<arg>BH</arg>
<arg>BI</arg>
<arg>BJ</arg>
<arg>BL</arg>
<arg>BM</arg>
<arg>BN</arg>
<arg>BO</arg>
<arg>BQ</arg>
<arg>BR</arg>
<arg>BS</arg>
<arg>BT</arg>
<arg>BV</arg>
<arg>BW</arg>
<arg>BY</arg>
<arg>BZ</arg>
<arg>CA</arg>
<arg>CC</arg>
<arg>CD</arg>
<arg>CF</arg>
<arg>CG</arg>
<arg>CH</arg>
<arg>CI</arg>
<arg>CK</arg>
<arg>CL</arg>
<arg>CM</arg>
<arg>CN</arg>
<arg>CO</arg>
<arg>CR</arg>
<arg>CU</arg>
<arg>CV</arg>
<arg>CW</arg>
<arg>CX</arg>
<arg>CY</arg>
<arg>CZ</arg>
<arg>DE</arg>
<arg>DJ</arg>
<arg>DK</arg>
<arg>DM</arg>
<arg>DO</arg>
<arg>DZ</arg>
<arg>EC</arg>
<arg>EE</arg>
<arg>EG</arg>
<arg>EH</arg>
<arg>ER</arg>
<arg>ES</arg>
<arg>ET</arg>
<arg>FI</arg>
<arg>FJ</arg>
<arg>FK</arg>
<arg>FM</arg>
<arg>FO</arg>
<arg>FR</arg>
<arg>GA</arg>
<arg>GB</arg>
<arg>GD</arg>
<arg>GE</arg>
<arg>GF</arg>
<arg>GG</arg>
<arg>GH</arg>
<arg>GI</arg>
<arg>GL</arg>
<arg>GM</arg>
<arg>GN</arg>
<arg>GP</arg>
<arg>GQ</arg>
<arg>GR</arg>
<arg>GS</arg>
<arg>GT</arg>
<arg>GU</arg>
<arg>GW</arg>
<arg>GY</arg>
<arg>HK</arg>
<arg>HM</arg>
<arg>HN</arg>
<arg>HR</arg>
<arg>HT</arg>
<arg>HU</arg>
<arg>ID</arg>
<arg>IE</arg>
<arg>IL</arg>
<arg>IM</arg>
<arg>IN</arg>
<arg>IO</arg>
<arg>IQ</arg>
<arg>IR</arg>
<arg>IS</arg>
<arg>IT</arg>
<arg>JE</arg>
<arg>JM</arg>
<arg>JO</arg>
<arg>JP</arg>
<arg>KE</arg>
<arg>KG</arg>
<arg>KH</arg>
<arg>KI</arg>
<arg>KM</arg>
<arg>KN</arg>
<arg>KP</arg>
<arg>KR</arg>
<arg>KW</arg>
<arg>KY</arg>
<arg>KZ</arg>
<arg>LA</arg>
<arg>LB</arg>
<arg>LC</arg>
<arg>LI</arg>
<arg>LK</arg>
<arg>LR</arg>
<arg>LS</arg>
<arg>LT</arg>
<arg>LU</arg>
<arg>LV</arg>
<arg>LY</arg>
<arg>MA</arg>
<arg>MC</arg>
<arg>MD</arg>
<arg>ME</arg>
<arg>MF</arg>
<arg>MG</arg>
<arg>MH</arg>
<arg>MK</arg>
<arg>ML</arg>
<arg>MM</arg>
<arg>MN</arg>
<arg>MO</arg>
<arg>MP</arg>
<arg>MQ</arg>
<arg>MR</arg>
<arg>MS</arg>
<arg>MT</arg>
<arg>MU</arg>
<arg>MV</arg>
<arg>MW</arg>
<arg>MX</arg>
<arg>MY</arg>
<arg>MZ</arg>
<arg>NA</arg>
<arg>NC</arg>
<arg>NE</arg>
<arg>NF</arg>
<arg>NG</arg>
<arg>NI</arg>
<arg>NL</arg>
<arg>NO</arg>
<arg>NP</arg>
<arg>NR</arg>
<arg>NU</arg>
<arg>NZ</arg>
<arg>OM</arg>
<arg>PA</arg>
<arg>PE</arg>
<arg>PF</arg>
<arg>PG</arg>
<arg>PH</arg>
<arg>PK</arg>
<arg>PL</arg>
<arg>PM</arg>
<arg>PN</arg>
<arg>PR</arg>
<arg>PS</arg>
<arg>PT</arg>
<arg>PW</arg>
<arg>PY</arg>
<arg>QA</arg>
<arg>RE</arg>
<arg>RO</arg>
<arg>RS</arg>
<arg>RU</arg>
<arg>RW</arg>
<arg>SA</arg>
<arg>SB</arg>
<arg>SC</arg>
<arg>SD</arg>
<arg>SE</arg>
<arg>SG</arg>
<arg>SH</arg>
<arg>SI</arg>
<arg>SJ</arg>
<arg>SK</arg>
<arg>SL</arg>
<arg>SM</arg>
<arg>SN</arg>
<arg>SO</arg>
<arg>SR</arg>
<arg>SS</arg>
<arg>ST</arg>
<arg>SV</arg>
<arg>SX</arg>
<arg>SY</arg>
<arg>SZ</arg>
<arg>TC</arg>
<arg>TD</arg>
<arg>TF</arg>
<arg>TG</arg>
<arg>TH</arg>
<arg>TJ</arg>
<arg>TK</arg>
<arg>TL</arg>
<arg>TM</arg>
<arg>TN</arg>
<arg>TO</arg>
<arg>TR</arg>
<arg>TT</arg>
<arg>TV</arg>
<arg>TW</arg>
<arg>TZ</arg>
<arg>UA</arg>
<arg>UG</arg>
<arg>UM</arg>
<arg>US</arg>
<arg>UY</arg>
<arg>UZ</arg>
<arg>VA</arg>
<arg>VC</arg>
<arg>VE</arg>
<arg>VG</arg>
<arg>VI</arg>
<arg>VN</arg>
<arg>VU</arg>
<arg>WF</arg>
<arg>WS</arg>
<arg>XK</arg>
<arg>YE</arg>
<arg>YT</arg>
<arg>ZA</arg>
<arg>ZM</arg>
<arg>ZW</arg>
<doc>Returns a list containing given items.</doc>
<status status="PASS" start="2024-07-22T12:30:01.605408" elapsed="0.000618"/>
</kw>
<kw name="List Should Contain Value" owner="Collections">
<arg>${list_country}</arg>
<arg>${name_country}</arg>
<doc>Fails if the ``value`` is not found from ``list``.</doc>
<status status="PASS" start="2024-07-22T12:30:01.607001" elapsed="0.000231"/>
</kw>
<kw name="Run Keyword If" owner="BuiltIn">
<kw name="Should Be True" owner="BuiltIn">
<arg>${True}</arg>
<doc>Fails if the given condition is not true.</doc>
<status status="PASS" start="2024-07-22T12:30:01.608191" elapsed="0.000149"/>
</kw>
<arg>${json_data["results"][0]["location"]["coordinates"]["latitude"]} &gt;= -90 and ${json_data["results"][0]["location"]["coordinates"]["latitude"]} &lt;= 90</arg>
<arg>Should Be True</arg>
<arg>${True}</arg>
<doc>Runs the given keyword with the given arguments, if ``condition`` is true.</doc>
<status status="PASS" start="2024-07-22T12:30:01.607431" elapsed="0.001034"/>
</kw>
<kw name="Run Keyword If" owner="BuiltIn">
<kw name="Should Be True" owner="BuiltIn">
<arg>${True}</arg>
<doc>Fails if the given condition is not true.</doc>
<status status="PASS" start="2024-07-22T12:30:01.609328" elapsed="0.000134"/>
</kw>
<arg>${json_data["results"][0]["location"]["coordinates"]["longitude"]} &gt;= -180 and ${json_data["results"][0]["location"]["coordinates"]["longitude"]} &lt;= 180</arg>
<arg>Should Be True</arg>
<arg>${True}</arg>
<doc>Runs the given keyword with the given arguments, if ``condition`` is true.</doc>
<status status="PASS" start="2024-07-22T12:30:01.608643" elapsed="0.000941"/>
</kw>
<status status="PASS" start="2024-07-22T12:30:01.498604" elapsed="0.111109"/>
</kw>
<doc>Testa o conteúdo específico dos campos retornados pela API.</doc>
<tag>testeConteudo</tag>
<status status="PASS" start="2024-07-22T12:30:01.498139" elapsed="0.111725"/>
</test>
<status status="PASS" start="2024-07-22T12:30:00.670612" elapsed="0.941359"/>
</suite>
<status status="PASS" start="2024-07-22T12:30:00.656138" elapsed="0.960791"/>
</suite>
<statistics>
<total>
<stat pass="5" fail="0" skip="0">All Tests</stat>
</total>
<tag>
<stat pass="1" fail="0" skip="0">testeConteudo</stat>
<stat pass="1" fail="0" skip="0">testeEstruturaResposta</stat>
<stat pass="1" fail="0" skip="0">testeRequisicaoBasica</stat>
<stat pass="1" fail="0" skip="0">testeTiposDados</stat>
</tag>
<suite>
<stat pass="5" fail="0" skip="0" id="s1" name="Tests">Tests</stat>
<stat pass="5" fail="0" skip="0" id="s1-s1" name="Random-User-Test">Tests.Random-User-Test</stat>
</suite>
</statistics>
<errors>
</errors>
</robot>
