<?xml version="1.0" encoding="UTF-8"?>
<robot generator="Robot 7.0.1 (Python 3.12.4 on linux)" generated="2024-07-14T23:14:49.053968" rpa="false" schemaversion="5">
<suite id="s1" name="Tests" source="/home/runner/work/ApiRandomUser/ApiRandomUser/RamdonUser/tests">
<suite id="s1-s1" name="Random-User-Test" source="/home/runner/work/ApiRandomUser/ApiRandomUser/RamdonUser/tests/random-user-test.robot">
<test id="s1-s1-t1" name="Conectar" line="13">
<kw name="Conectar API" owner="random-user-service">
<kw name="Create Session" owner="RequestsLibrary">
<msg time="2024-07-14T23:14:49.456653" level="INFO">Creating Session using : alias=consultarAPI, url=https://randomuser.me/, headers={},                     cookies={}, auth=None, timeout=None, proxies=None, verify=False,                     debug=0 </msg>
<arg>consultarAPI</arg>
<arg>${URL}</arg>
<doc>Create Session: create a HTTP session to a server</doc>
<status status="PASS" start="2024-07-14T23:14:49.456442" elapsed="0.000412"/>
</kw>
<status status="PASS" start="2024-07-14T23:14:49.455440" elapsed="0.001785"/>
</kw>
<status status="PASS" start="2024-07-14T23:14:49.454841" elapsed="0.002578"/>
</test>
<test id="s1-s1-t2" name="Validar retorno 200 e JSON Válido" line="16">
<kw name="Teste de Requisicao Basica" owner="random-user-service">
<kw name="GET On Session" owner="RequestsLibrary">
<msg time="2024-07-14T23:14:49.685720" level="INFO">GET Request : url=https://randomuser.me/api 
 path_url=/api 
 headers={'User-Agent': 'python-requests/2.32.3', 'Accept-Encoding': 'gzip, deflate', 'Accept': '*/*', 'Connection': 'keep-alive'} 
 body=None 
 </msg>
<msg time="2024-07-14T23:14:49.685873" level="INFO">GET Response : url=https://randomuser.me/api 
 status=200, reason=OK 
 headers={'Date': 'Sun, 14 Jul 2024 23:14:49 GMT', 'Content-Type': 'application/json; charset=utf-8', 'Transfer-Encoding': 'chunked', 'Connection': 'keep-alive', 'X-Powered-By': 'Express', 'Access-Control-Allow-Origin': '*', 'Cache-Control': 'no-cache', 'ETag': 'W/"4a4-lIIUG5Qw1c0gYWoUFPzxc2X3boc"', 'Vary': 'Accept-Encoding', 'Content-Encoding': 'gzip', 'CF-Cache-Status': 'DYNAMIC', 'Report-To': '{"endpoints":[{"url":"https:\\/\\/a.nel.cloudflare.com\\/report\\/v4?s=oI%2BZ7DjGOx4lGpDmclc2c%2F00FZusb8nxRdF9ePskYI51trMMvFZejW%2FA5OJIA3jBH%2FRShCLsIVLxCqQlkWtwQ1zFVC149amz43qgCW4NoVl7p6U42JhooK1g6dJMCz%2F%2F"}],"group":"cf-nel","max_age":604800}', 'NEL': '{"success_fraction":0,"report_to":"cf-nel","max_age":604800}', 'Server': 'cloudflare', 'CF-RAY': '8a353613cf030fbd-LAX', 'alt-svc': 'h3=":443"; ma=86400'} 
 body={"results":[{"gender":"female","name":{"title":"Miss","first":"Corina","last":"Souza"},"location":{"street":{"number":7871,"name":"Rua São José "},"city":"Jaraguá do Sul","state":"Amapá","country":"Brazil","postcode":69633,"coordinates":{"latitude":"-76.4075","longitude":"26.5873"},"timezone":{"offset":"-4:00","description":"Atlantic Time (Canada), Caracas, La Paz"}},"email":"corina.souza@example.com","login":{"uuid":"2f44cb71-a251-465a-b986-7e7fe03dfdac","username":"greenkoala932","password":"lambda","salt":"jwfAuPTJ","md5":"116665165f11ea279cce6a23a71ac466","sha1":"069a8ab74038593e6f8634d39cfd268d96d32f94","sha256":"0595cf053507dd667094201cf1d4136f326caa371c12918af68c6669903e18c4"},"dob":{"date":"1971-05-23T12:15:22.398Z","age":53},"registered":{"date":"2022-02-13T17:50:58.790Z","age":2},"phone":"(02) 8986-7807","cell":"(55) 5634-3989","id":{"name":"CPF","value":"528.374.237-90"},"picture":{"large":"https://randomuser.me/api/portraits/women/88.jpg","medium":"https://randomuser.me/api/portraits/med/women/88.jpg","thumbnail":"https://randomuser.me/api/portraits/thumb/women/88.jpg"},"nat":"BR"}],"info":{"seed":"ba3618d8d76fd2f7","results":1,"page":1,"version":"1.4"}} 
 </msg>
<msg time="2024-07-14T23:14:49.685957" level="INFO">/opt/hostedtoolcache/Python/3.12.4/x64/lib/python3.12/site-packages/urllib3/connectionpool.py:1099: InsecureRequestWarning: Unverified HTTPS request is being made to host 'randomuser.me'. Adding certificate verification is strongly advised. See: https://urllib3.readthedocs.io/en/latest/advanced-usage.html#tls-warnings
  warnings.warn(</msg>
<msg time="2024-07-14T23:14:49.686108" level="INFO">${response} = &lt;Response [200]&gt;</msg>
<var>${response}</var>
<arg>consultarAPI</arg>
<arg>/api</arg>
<doc>Sends a GET request on a previously created HTTP Session.</doc>
<status status="PASS" start="2024-07-14T23:14:49.460095" elapsed="0.226057"/>
</kw>
<kw name="Should Be Equal As Numbers" owner="BuiltIn">
<msg time="2024-07-14T23:14:49.687180" level="INFO">Argument types are:
&lt;class 'int'&gt;
&lt;class 'str'&gt;</msg>
<arg>${response.status_code}</arg>
<arg>200</arg>
<doc>Fails if objects are unequal after converting them to real numbers.</doc>
<status status="PASS" start="2024-07-14T23:14:49.686716" elapsed="0.000530"/>
</kw>
<kw name="Log" owner="BuiltIn">
<msg time="2024-07-14T23:14:49.687920" level="INFO">200</msg>
<arg>${response.status_code}</arg>
<doc>Logs the given message with the given level.</doc>
<status status="PASS" start="2024-07-14T23:14:49.687565" elapsed="0.000398"/>
</kw>
<kw name="Set Variable" owner="BuiltIn">
<msg time="2024-07-14T23:14:49.688712" level="INFO">${json_data} = {'results': [{'gender': 'female', 'name': {'title': 'Miss', 'first': 'Corina', 'last': 'Souza'}, 'location': {'street': {'number': 7871, 'name': 'Rua São José '}, 'city': 'Jaraguá do Sul', 'state': 'A...</msg>
<var>${json_data}</var>
<arg>${response.json()}</arg>
<doc>Returns the given values which can then be assigned to a variables.</doc>
<status status="PASS" start="2024-07-14T23:14:49.688271" elapsed="0.000471"/>
</kw>
<kw name="Dictionary Should Contain Key" owner="Collections">
<arg>${json_data}</arg>
<arg>results</arg>
<doc>Fails if ``key`` is not found from ``dictionary``.</doc>
<status status="PASS" start="2024-07-14T23:14:49.689040" elapsed="0.000165"/>
</kw>
<status status="PASS" start="2024-07-14T23:14:49.459837" elapsed="0.229523"/>
</kw>
<doc>Testa se a API responde corretamente e retorna um objeto JSON válido.</doc>
<tag>testeRequisicaoBasica</tag>
<status status="PASS" start="2024-07-14T23:14:49.459357" elapsed="0.230185"/>
</test>
<test id="s1-s1-t3" name="Validar estrutura de resposta" line="22">
<kw name="Teste de Estrutura de Resposta" owner="random-user-service">
<kw name="GET On Session" owner="RequestsLibrary">
<msg time="2024-07-14T23:14:49.794763" level="INFO">GET Request : url=https://randomuser.me/api 
 path_url=/api 
 headers={'User-Agent': 'python-requests/2.32.3', 'Accept-Encoding': 'gzip, deflate', 'Accept': '*/*', 'Connection': 'keep-alive'} 
 body=None 
 </msg>
<msg time="2024-07-14T23:14:49.794883" level="INFO">GET Response : url=https://randomuser.me/api 
 status=200, reason=OK 
 headers={'Date': 'Sun, 14 Jul 2024 23:14:49 GMT', 'Content-Type': 'application/json; charset=utf-8', 'Transfer-Encoding': 'chunked', 'Connection': 'keep-alive', 'X-Powered-By': 'Express', 'Access-Control-Allow-Origin': '*', 'Cache-Control': 'no-cache', 'ETag': 'W/"474-JU5/4aap/AiinoaOkPARrpUTWaM"', 'Vary': 'Accept-Encoding', 'Content-Encoding': 'gzip', 'CF-Cache-Status': 'DYNAMIC', 'Report-To': '{"endpoints":[{"url":"https:\\/\\/a.nel.cloudflare.com\\/report\\/v4?s=8fO7D%2F6HoAmb82nr9TGpgDBLov3fjdPkqHcTon9mxW67KuZV4SfMrv3Y7kNVbdQqOh2OoF1bXiqRgLbjizl91%2BrPbZy0mz1uvxi411%2F4CNS%2BAOMitpr6In%2BDgBz%2Fj7Sy"}],"group":"cf-nel","max_age":604800}', 'NEL': '{"success_fraction":0,"report_to":"cf-nel","max_age":604800}', 'Server': 'cloudflare', 'CF-RAY': '8a353614982b0fbd-LAX', 'alt-svc': 'h3=":443"; ma=86400'} 
 body={"results":[{"gender":"female","name":{"title":"Ms","first":"Karen","last":"Woods"},"location":{"street":{"number":9848,"name":"Killarney Road"},"city":"Dublin","state":"Meath","country":"Ireland","postcode":32666,"coordinates":{"latitude":"0.1571","longitude":"97.8826"},"timezone":{"offset":"-3:30","description":"Newfoundland"}},"email":"karen.woods@example.com","login":{"uuid":"8ff4f55a-4702-46c2-9ef0-1de0294091ba","username":"beautifulbird885","password":"walmart","salt":"DbiBUkf5","md5":"cd67cdb95492f99eb4e3ecc830d498c4","sha1":"0859b29bbe161052865d8f296030fb2e9ac62992","sha256":"595147050e42e8b570de99bfabd00b795a447b32d78ffa56b0da404aea54d685"},"dob":{"date":"1997-01-21T18:19:45.423Z","age":27},"registered":{"date":"2003-03-04T06:40:00.285Z","age":21},"phone":"051-305-0769","cell":"081-246-7795","id":{"name":"PPS","value":"9203061T"},"picture":{"large":"https://randomuser.me/api/portraits/women/13.jpg","medium":"https://randomuser.me/api/portraits/med/women/13.jpg","thumbnail":"https://randomuser.me/api/portraits/thumb/women/13.jpg"},"nat":"IE"}],"info":{"seed":"7e901e3c7293022e","results":1,"page":1,"version":"1.4"}} 
 </msg>
<msg time="2024-07-14T23:14:49.795034" level="INFO">/opt/hostedtoolcache/Python/3.12.4/x64/lib/python3.12/site-packages/urllib3/connectionpool.py:1099: InsecureRequestWarning: Unverified HTTPS request is being made to host 'randomuser.me'. Adding certificate verification is strongly advised. See: https://urllib3.readthedocs.io/en/latest/advanced-usage.html#tls-warnings
  warnings.warn(</msg>
<msg time="2024-07-14T23:14:49.795176" level="INFO">${response} = &lt;Response [200]&gt;</msg>
<var>${response}</var>
<arg>consultarAPI</arg>
<arg>/api</arg>
<doc>Sends a GET request on a previously created HTTP Session.</doc>
<status status="PASS" start="2024-07-14T23:14:49.692216" elapsed="0.103003"/>
</kw>
<kw name="Set Variable" owner="BuiltIn">
<msg time="2024-07-14T23:14:49.796241" level="INFO">${json_data} = {'results': [{'gender': 'female', 'name': {'title': 'Ms', 'first': 'Karen', 'last': 'Woods'}, 'location': {'street': {'number': 9848, 'name': 'Killarney Road'}, 'city': 'Dublin', 'state': 'Meath', 'co...</msg>
<var>${json_data}</var>
<arg>${response.json()}</arg>
<doc>Returns the given values which can then be assigned to a variables.</doc>
<status status="PASS" start="2024-07-14T23:14:49.795733" elapsed="0.000537"/>
</kw>
<kw name="Log" owner="BuiltIn">
<msg time="2024-07-14T23:14:49.796737" level="INFO">{'results': [{'gender': 'female', 'name': {'title': 'Ms', 'first': 'Karen', 'last': 'Woods'}, 'location': {'street': {'number': 9848, 'name': 'Killarney Road'}, 'city': 'Dublin', 'state': 'Meath', 'country': 'Ireland', 'postcode': 32666, 'coordinates': {'latitude': '0.1571', 'longitude': '97.8826'}, 'timezone': {'offset': '-3:30', 'description': 'Newfoundland'}}, 'email': 'karen.woods@example.com', 'login': {'uuid': '8ff4f55a-4702-46c2-9ef0-1de0294091ba', 'username': 'beautifulbird885', 'password': 'walmart', 'salt': 'DbiBUkf5', 'md5': 'cd67cdb95492f99eb4e3ecc830d498c4', 'sha1': '0859b29bbe161052865d8f296030fb2e9ac62992', 'sha256': '595147050e42e8b570de99bfabd00b795a447b32d78ffa56b0da404aea54d685'}, 'dob': {'date': '1997-01-21T18:19:45.423Z', 'age': 27}, 'registered': {'date': '2003-03-04T06:40:00.285Z', 'age': 21}, 'phone': '051-305-0769', 'cell': '081-246-7795', 'id': {'name': 'PPS', 'value': '9203061T'}, 'picture': {'large': 'https://randomuser.me/api/portraits/women/13.jpg', 'medium': 'https://randomuser.me/api/portraits/med/women/13.jpg', 'thumbnail': 'https://randomuser.me/api/portraits/thumb/women/13.jpg'}, 'nat': 'IE'}], 'info': {'seed': '7e901e3c7293022e', 'results': 1, 'page': 1, 'version': '1.4'}}</msg>
<arg>${json_data}</arg>
<doc>Logs the given message with the given level.</doc>
<status status="PASS" start="2024-07-14T23:14:49.796578" elapsed="0.000207"/>
</kw>
<kw name="Dictionary Should Contain Key" owner="Collections">
<arg>${json_data}</arg>
<arg>results</arg>
<doc>Fails if ``key`` is not found from ``dictionary``.</doc>
<status status="PASS" start="2024-07-14T23:14:49.797073" elapsed="0.000163"/>
</kw>
<kw name="Should Not Be Empty" owner="BuiltIn">
<msg time="2024-07-14T23:14:49.797547" level="INFO">Length is 2.</msg>
<arg>${json_data}</arg>
<doc>Verifies that the given item is not empty.</doc>
<status status="PASS" start="2024-07-14T23:14:49.797419" elapsed="0.000166"/>
</kw>
<kw name="Create List" owner="BuiltIn">
<msg time="2024-07-14T23:14:49.798020" level="INFO">${expected_keys} = ['gender', 'name', 'location', 'email', 'login']</msg>
<var>${expected_keys}</var>
<arg>gender</arg>
<arg>name</arg>
<arg>location</arg>
<arg>email</arg>
<arg>login</arg>
<doc>Returns a list containing given items.</doc>
<status status="PASS" start="2024-07-14T23:14:49.797876" elapsed="0.000169"/>
</kw>
<for flavor="IN">
<iter>
<kw name="Dictionary Should Contain Key" owner="Collections">
<arg>${json_data['results'][0]}</arg>
<arg>${key}</arg>
<doc>Fails if ``key`` is not found from ``dictionary``.</doc>
<status status="PASS" start="2024-07-14T23:14:49.798820" elapsed="0.000401"/>
</kw>
<kw name="Log" owner="BuiltIn">
<msg time="2024-07-14T23:14:49.799768" level="INFO">{'gender': 'female', 'name': {'title': 'Ms', 'first': 'Karen', 'last': 'Woods'}, 'location': {'street': {'number': 9848, 'name': 'Killarney Road'}, 'city': 'Dublin', 'state': 'Meath', 'country': 'Ireland', 'postcode': 32666, 'coordinates': {'latitude': '0.1571', 'longitude': '97.8826'}, 'timezone': {'offset': '-3:30', 'description': 'Newfoundland'}}, 'email': 'karen.woods@example.com', 'login': {'uuid': '8ff4f55a-4702-46c2-9ef0-1de0294091ba', 'username': 'beautifulbird885', 'password': 'walmart', 'salt': 'DbiBUkf5', 'md5': 'cd67cdb95492f99eb4e3ecc830d498c4', 'sha1': '0859b29bbe161052865d8f296030fb2e9ac62992', 'sha256': '595147050e42e8b570de99bfabd00b795a447b32d78ffa56b0da404aea54d685'}, 'dob': {'date': '1997-01-21T18:19:45.423Z', 'age': 27}, 'registered': {'date': '2003-03-04T06:40:00.285Z', 'age': 21}, 'phone': '051-305-0769', 'cell': '081-246-7795', 'id': {'name': 'PPS', 'value': '9203061T'}, 'picture': {'large': 'https://randomuser.me/api/portraits/women/13.jpg', 'medium': 'https://randomuser.me/api/portraits/med/women/13.jpg', 'thumbnail': 'https://randomuser.me/api/portraits/thumb/women/13.jpg'}, 'nat': 'IE'}</msg>
<arg>${json_data['results'][0]}</arg>
<doc>Logs the given message with the given level.</doc>
<status status="PASS" start="2024-07-14T23:14:49.799413" elapsed="0.000403"/>
</kw>
<kw name="Log" owner="BuiltIn">
<msg time="2024-07-14T23:14:49.800240" level="INFO">gender</msg>
<arg>${key}</arg>
<doc>Logs the given message with the given level.</doc>
<status status="PASS" start="2024-07-14T23:14:49.800114" elapsed="0.000164"/>
</kw>
<var name="${key}">gender</var>
<status status="PASS" start="2024-07-14T23:14:49.798695" elapsed="0.001797"/>
</iter>
<iter>
<kw name="Dictionary Should Contain Key" owner="Collections">
<arg>${json_data['results'][0]}</arg>
<arg>${key}</arg>
<doc>Fails if ``key`` is not found from ``dictionary``.</doc>
<status status="PASS" start="2024-07-14T23:14:49.800784" elapsed="0.000384"/>
</kw>
<kw name="Log" owner="BuiltIn">
<msg time="2024-07-14T23:14:49.801691" level="INFO">{'gender': 'female', 'name': {'title': 'Ms', 'first': 'Karen', 'last': 'Woods'}, 'location': {'street': {'number': 9848, 'name': 'Killarney Road'}, 'city': 'Dublin', 'state': 'Meath', 'country': 'Ireland', 'postcode': 32666, 'coordinates': {'latitude': '0.1571', 'longitude': '97.8826'}, 'timezone': {'offset': '-3:30', 'description': 'Newfoundland'}}, 'email': 'karen.woods@example.com', 'login': {'uuid': '8ff4f55a-4702-46c2-9ef0-1de0294091ba', 'username': 'beautifulbird885', 'password': 'walmart', 'salt': 'DbiBUkf5', 'md5': 'cd67cdb95492f99eb4e3ecc830d498c4', 'sha1': '0859b29bbe161052865d8f296030fb2e9ac62992', 'sha256': '595147050e42e8b570de99bfabd00b795a447b32d78ffa56b0da404aea54d685'}, 'dob': {'date': '1997-01-21T18:19:45.423Z', 'age': 27}, 'registered': {'date': '2003-03-04T06:40:00.285Z', 'age': 21}, 'phone': '051-305-0769', 'cell': '081-246-7795', 'id': {'name': 'PPS', 'value': '9203061T'}, 'picture': {'large': 'https://randomuser.me/api/portraits/women/13.jpg', 'medium': 'https://randomuser.me/api/portraits/med/women/13.jpg', 'thumbnail': 'https://randomuser.me/api/portraits/thumb/women/13.jpg'}, 'nat': 'IE'}</msg>
<arg>${json_data['results'][0]}</arg>
<doc>Logs the given message with the given level.</doc>
<status status="PASS" start="2024-07-14T23:14:49.801347" elapsed="0.000424"/>
</kw>
<kw name="Log" owner="BuiltIn">
<msg time="2024-07-14T23:14:49.802194" level="INFO">name</msg>
<arg>${key}</arg>
<doc>Logs the given message with the given level.</doc>
<status status="PASS" start="2024-07-14T23:14:49.802068" elapsed="0.000163"/>
</kw>
<var name="${key}">name</var>
<status status="PASS" start="2024-07-14T23:14:49.800675" elapsed="0.001772"/>
</iter>
<iter>
<kw name="Dictionary Should Contain Key" owner="Collections">
<arg>${json_data['results'][0]}</arg>
<arg>${key}</arg>
<doc>Fails if ``key`` is not found from ``dictionary``.</doc>
<status status="PASS" start="2024-07-14T23:14:49.802757" elapsed="0.000377"/>
</kw>
<kw name="Log" owner="BuiltIn">
<msg time="2024-07-14T23:14:49.803679" level="INFO">{'gender': 'female', 'name': {'title': 'Ms', 'first': 'Karen', 'last': 'Woods'}, 'location': {'street': {'number': 9848, 'name': 'Killarney Road'}, 'city': 'Dublin', 'state': 'Meath', 'country': 'Ireland', 'postcode': 32666, 'coordinates': {'latitude': '0.1571', 'longitude': '97.8826'}, 'timezone': {'offset': '-3:30', 'description': 'Newfoundland'}}, 'email': 'karen.woods@example.com', 'login': {'uuid': '8ff4f55a-4702-46c2-9ef0-1de0294091ba', 'username': 'beautifulbird885', 'password': 'walmart', 'salt': 'DbiBUkf5', 'md5': 'cd67cdb95492f99eb4e3ecc830d498c4', 'sha1': '0859b29bbe161052865d8f296030fb2e9ac62992', 'sha256': '595147050e42e8b570de99bfabd00b795a447b32d78ffa56b0da404aea54d685'}, 'dob': {'date': '1997-01-21T18:19:45.423Z', 'age': 27}, 'registered': {'date': '2003-03-04T06:40:00.285Z', 'age': 21}, 'phone': '051-305-0769', 'cell': '081-246-7795', 'id': {'name': 'PPS', 'value': '9203061T'}, 'picture': {'large': 'https://randomuser.me/api/portraits/women/13.jpg', 'medium': 'https://randomuser.me/api/portraits/med/women/13.jpg', 'thumbnail': 'https://randomuser.me/api/portraits/thumb/women/13.jpg'}, 'nat': 'IE'}</msg>
<arg>${json_data['results'][0]}</arg>
<doc>Logs the given message with the given level.</doc>
<status status="PASS" start="2024-07-14T23:14:49.803314" elapsed="0.000412"/>
</kw>
<kw name="Log" owner="BuiltIn">
<msg time="2024-07-14T23:14:49.804148" level="INFO">location</msg>
<arg>${key}</arg>
<doc>Logs the given message with the given level.</doc>
<status status="PASS" start="2024-07-14T23:14:49.804022" elapsed="0.000164"/>
</kw>
<var name="${key}">location</var>
<status status="PASS" start="2024-07-14T23:14:49.802650" elapsed="0.001750"/>
</iter>
<iter>
<kw name="Dictionary Should Contain Key" owner="Collections">
<arg>${json_data['results'][0]}</arg>
<arg>${key}</arg>
<doc>Fails if ``key`` is not found from ``dictionary``.</doc>
<status status="PASS" start="2024-07-14T23:14:49.804675" elapsed="0.000385"/>
</kw>
<kw name="Log" owner="BuiltIn">
<msg time="2024-07-14T23:14:49.805587" level="INFO">{'gender': 'female', 'name': {'title': 'Ms', 'first': 'Karen', 'last': 'Woods'}, 'location': {'street': {'number': 9848, 'name': 'Killarney Road'}, 'city': 'Dublin', 'state': 'Meath', 'country': 'Ireland', 'postcode': 32666, 'coordinates': {'latitude': '0.1571', 'longitude': '97.8826'}, 'timezone': {'offset': '-3:30', 'description': 'Newfoundland'}}, 'email': 'karen.woods@example.com', 'login': {'uuid': '8ff4f55a-4702-46c2-9ef0-1de0294091ba', 'username': 'beautifulbird885', 'password': 'walmart', 'salt': 'DbiBUkf5', 'md5': 'cd67cdb95492f99eb4e3ecc830d498c4', 'sha1': '0859b29bbe161052865d8f296030fb2e9ac62992', 'sha256': '595147050e42e8b570de99bfabd00b795a447b32d78ffa56b0da404aea54d685'}, 'dob': {'date': '1997-01-21T18:19:45.423Z', 'age': 27}, 'registered': {'date': '2003-03-04T06:40:00.285Z', 'age': 21}, 'phone': '051-305-0769', 'cell': '081-246-7795', 'id': {'name': 'PPS', 'value': '9203061T'}, 'picture': {'large': 'https://randomuser.me/api/portraits/women/13.jpg', 'medium': 'https://randomuser.me/api/portraits/med/women/13.jpg', 'thumbnail': 'https://randomuser.me/api/portraits/thumb/women/13.jpg'}, 'nat': 'IE'}</msg>
<arg>${json_data['results'][0]}</arg>
<doc>Logs the given message with the given level.</doc>
<status status="PASS" start="2024-07-14T23:14:49.805241" elapsed="0.000394"/>
</kw>
<kw name="Log" owner="BuiltIn">
<msg time="2024-07-14T23:14:49.806063" level="INFO">email</msg>
<arg>${key}</arg>
<doc>Logs the given message with the given level.</doc>
<status status="PASS" start="2024-07-14T23:14:49.805938" elapsed="0.000163"/>
</kw>
<var name="${key}">email</var>
<status status="PASS" start="2024-07-14T23:14:49.804569" elapsed="0.001749"/>
</iter>
<iter>
<kw name="Dictionary Should Contain Key" owner="Collections">
<arg>${json_data['results'][0]}</arg>
<arg>${key}</arg>
<doc>Fails if ``key`` is not found from ``dictionary``.</doc>
<status status="PASS" start="2024-07-14T23:14:49.806637" elapsed="0.000392"/>
</kw>
<kw name="Log" owner="BuiltIn">
<msg time="2024-07-14T23:14:49.807556" level="INFO">{'gender': 'female', 'name': {'title': 'Ms', 'first': 'Karen', 'last': 'Woods'}, 'location': {'street': {'number': 9848, 'name': 'Killarney Road'}, 'city': 'Dublin', 'state': 'Meath', 'country': 'Ireland', 'postcode': 32666, 'coordinates': {'latitude': '0.1571', 'longitude': '97.8826'}, 'timezone': {'offset': '-3:30', 'description': 'Newfoundland'}}, 'email': 'karen.woods@example.com', 'login': {'uuid': '8ff4f55a-4702-46c2-9ef0-1de0294091ba', 'username': 'beautifulbird885', 'password': 'walmart', 'salt': 'DbiBUkf5', 'md5': 'cd67cdb95492f99eb4e3ecc830d498c4', 'sha1': '0859b29bbe161052865d8f296030fb2e9ac62992', 'sha256': '595147050e42e8b570de99bfabd00b795a447b32d78ffa56b0da404aea54d685'}, 'dob': {'date': '1997-01-21T18:19:45.423Z', 'age': 27}, 'registered': {'date': '2003-03-04T06:40:00.285Z', 'age': 21}, 'phone': '051-305-0769', 'cell': '081-246-7795', 'id': {'name': 'PPS', 'value': '9203061T'}, 'picture': {'large': 'https://randomuser.me/api/portraits/women/13.jpg', 'medium': 'https://randomuser.me/api/portraits/med/women/13.jpg', 'thumbnail': 'https://randomuser.me/api/portraits/thumb/women/13.jpg'}, 'nat': 'IE'}</msg>
<arg>${json_data['results'][0]}</arg>
<doc>Logs the given message with the given level.</doc>
<status status="PASS" start="2024-07-14T23:14:49.807211" elapsed="0.000392"/>
</kw>
<kw name="Log" owner="BuiltIn">
<msg time="2024-07-14T23:14:49.808021" level="INFO">login</msg>
<arg>${key}</arg>
<doc>Logs the given message with the given level.</doc>
<status status="PASS" start="2024-07-14T23:14:49.807895" elapsed="0.000163"/>
</kw>
<var name="${key}">login</var>
<status status="PASS" start="2024-07-14T23:14:49.806508" elapsed="0.001773"/>
</iter>
<var>${key}</var>
<value>@{expected_keys}</value>
<status status="PASS" start="2024-07-14T23:14:49.798461" elapsed="0.009940"/>
</for>
<kw name="Create List" owner="BuiltIn">
<msg time="2024-07-14T23:14:49.808720" level="INFO">${expected_keysTwo} = ['username', 'password']</msg>
<var>${expected_keysTwo}</var>
<arg>username</arg>
<arg>password</arg>
<doc>Returns a list containing given items.</doc>
<status status="PASS" start="2024-07-14T23:14:49.808586" elapsed="0.000158"/>
</kw>
<for flavor="IN">
<iter>
<kw name="Dictionary Should Contain Key" owner="Collections">
<arg>${json_data['results'][0]['login']}</arg>
<arg>${keyTwo}</arg>
<doc>Fails if ``key`` is not found from ``dictionary``.</doc>
<status status="PASS" start="2024-07-14T23:14:49.809265" elapsed="0.000377"/>
</kw>
<kw name="Dictionary Should Contain Key" owner="Collections">
<arg>${json_data['results'][0]['login']}</arg>
<arg>${keyTwo}</arg>
<doc>Fails if ``key`` is not found from ``dictionary``.</doc>
<status status="PASS" start="2024-07-14T23:14:49.809823" elapsed="0.000376"/>
</kw>
<kw name="Log" owner="BuiltIn">
<msg time="2024-07-14T23:14:49.810525" level="INFO">username</msg>
<arg>${keyTwo}</arg>
<doc>Logs the given message with the given level.</doc>
<status status="PASS" start="2024-07-14T23:14:49.810382" elapsed="0.000185"/>
</kw>
<var name="${keyTwo}">username</var>
<status status="PASS" start="2024-07-14T23:14:49.809159" elapsed="0.001638"/>
</iter>
<iter>
<kw name="Dictionary Should Contain Key" owner="Collections">
<arg>${json_data['results'][0]['login']}</arg>
<arg>${keyTwo}</arg>
<doc>Fails if ``key`` is not found from ``dictionary``.</doc>
<status status="PASS" start="2024-07-14T23:14:49.811074" elapsed="0.000387"/>
</kw>
<kw name="Dictionary Should Contain Key" owner="Collections">
<arg>${json_data['results'][0]['login']}</arg>
<arg>${keyTwo}</arg>
<doc>Fails if ``key`` is not found from ``dictionary``.</doc>
<status status="PASS" start="2024-07-14T23:14:49.811643" elapsed="0.000369"/>
</kw>
<kw name="Log" owner="BuiltIn">
<msg time="2024-07-14T23:14:49.812307" level="INFO">password</msg>
<arg>${keyTwo}</arg>
<doc>Logs the given message with the given level.</doc>
<status status="PASS" start="2024-07-14T23:14:49.812188" elapsed="0.000162"/>
</kw>
<var name="${keyTwo}">password</var>
<status status="PASS" start="2024-07-14T23:14:49.810968" elapsed="0.001609"/>
</iter>
<var>${keyTwo}</var>
<value>@{expected_keysTwo}</value>
<status status="PASS" start="2024-07-14T23:14:49.809006" elapsed="0.003692"/>
</for>
<status status="PASS" start="2024-07-14T23:14:49.691979" elapsed="0.120862"/>
</kw>
<doc>Testa a estrutura da resposta da API.</doc>
<tag>testeEstruturaResposta</tag>
<status status="PASS" start="2024-07-14T23:14:49.691457" elapsed="0.121538"/>
</test>
<test id="s1-s1-t4" name="Validar tipos de dados" line="28">
<kw name="Teste de Tipos de Dados" owner="random-user-service">
<kw name="GET On Session" owner="RequestsLibrary">
<msg time="2024-07-14T23:14:49.910737" level="INFO">GET Request : url=https://randomuser.me/api 
 path_url=/api 
 headers={'User-Agent': 'python-requests/2.32.3', 'Accept-Encoding': 'gzip, deflate', 'Accept': '*/*', 'Connection': 'keep-alive'} 
 body=None 
 </msg>
<msg time="2024-07-14T23:14:49.910835" level="INFO">GET Response : url=https://randomuser.me/api 
 status=200, reason=OK 
 headers={'Date': 'Sun, 14 Jul 2024 23:14:49 GMT', 'Content-Type': 'application/json; charset=utf-8', 'Transfer-Encoding': 'chunked', 'Connection': 'keep-alive', 'X-Powered-By': 'Express', 'Access-Control-Allow-Origin': '*', 'Cache-Control': 'no-cache', 'ETag': 'W/"485-jQrzN0o9TGc+H2nw7X5ONPLRqwc"', 'Vary': 'Accept-Encoding', 'Content-Encoding': 'gzip', 'CF-Cache-Status': 'DYNAMIC', 'Report-To': '{"endpoints":[{"url":"https:\\/\\/a.nel.cloudflare.com\\/report\\/v4?s=DTS2UxUlGcSRCOMksWeL6k6Le%2FqzuNIFpxO0w3rihL%2FspfXWxYKmOUPTUHkghWGeBKTFZBE%2FMw58Os0SMevrjPxm7cZltdgbOKe9GKsvP7kZORhHvIiQVxcslP7eUWIF"}],"group":"cf-nel","max_age":604800}', 'NEL': '{"success_fraction":0,"report_to":"cf-nel","max_age":604800}', 'Server': 'cloudflare', 'CF-RAY': '8a35361559410fbd-LAX', 'alt-svc': 'h3=":443"; ma=86400'} 
 body={"results":[{"gender":"female","name":{"title":"Miss","first":"Shwetha","last":"Keshri"},"location":{"street":{"number":2792,"name":"S.A Rd"},"city":"Kulti","state":"Assam","country":"India","postcode":55211,"coordinates":{"latitude":"7.2466","longitude":"87.1123"},"timezone":{"offset":"+9:00","description":"Tokyo, Seoul, Osaka, Sapporo, Yakutsk"}},"email":"shwetha.keshri@example.com","login":{"uuid":"c64d4c81-8b55-42fc-9997-3b7f55ad7e54","username":"lazyduck759","password":"meagan","salt":"Rxvi0V1K","md5":"bbfabe16ea633532ad4aa5e6252f1aa5","sha1":"be771562565cafeef3994b8e3129b589c546bbeb","sha256":"c9b6b5a10c9bdeaa63d6a99c30a3ce729c8b5ffc8f86fa658ec7664292526a16"},"dob":{"date":"1970-06-30T14:25:40.087Z","age":54},"registered":{"date":"2021-06-26T06:29:48.697Z","age":3},"phone":"8684932781","cell":"7979223522","id":{"name":"UIDAI","value":"326183414636"},"picture":{"large":"https://randomuser.me/api/portraits/women/32.jpg","medium":"https://randomuser.me/api/portraits/med/women/32.jpg","thumbnail":"https://randomuser.me/api/portraits/thumb/women/32.jpg"},"nat":"IN"}],"info":{"seed":"966d4286abc503ce","results":1,"page":1,"version":"1.4"}} 
 </msg>
<msg time="2024-07-14T23:14:49.910907" level="INFO">/opt/hostedtoolcache/Python/3.12.4/x64/lib/python3.12/site-packages/urllib3/connectionpool.py:1099: InsecureRequestWarning: Unverified HTTPS request is being made to host 'randomuser.me'. Adding certificate verification is strongly advised. See: https://urllib3.readthedocs.io/en/latest/advanced-usage.html#tls-warnings
  warnings.warn(</msg>
<msg time="2024-07-14T23:14:49.911035" level="INFO">${response} = &lt;Response [200]&gt;</msg>
<var>${response}</var>
<arg>consultarAPI</arg>
<arg>/api</arg>
<doc>Sends a GET request on a previously created HTTP Session.</doc>
<status status="PASS" start="2024-07-14T23:14:49.815584" elapsed="0.095493"/>
</kw>
<kw name="Set Variable" owner="BuiltIn">
<msg time="2024-07-14T23:14:49.912303" level="INFO">${json_data} = {'results': [{'gender': 'female', 'name': {'title': 'Miss', 'first': 'Shwetha', 'last': 'Keshri'}, 'location': {'street': {'number': 2792, 'name': 'S.A Rd'}, 'city': 'Kulti', 'state': 'Assam', 'countr...</msg>
<var>${json_data}</var>
<arg>${response.json()}</arg>
<doc>Returns the given values which can then be assigned to a variables.</doc>
<status status="PASS" start="2024-07-14T23:14:49.911706" elapsed="0.000626"/>
</kw>
<kw name="Log" owner="BuiltIn">
<msg time="2024-07-14T23:14:49.912802" level="INFO">{'results': [{'gender': 'female', 'name': {'title': 'Miss', 'first': 'Shwetha', 'last': 'Keshri'}, 'location': {'street': {'number': 2792, 'name': 'S.A Rd'}, 'city': 'Kulti', 'state': 'Assam', 'country': 'India', 'postcode': 55211, 'coordinates': {'latitude': '7.2466', 'longitude': '87.1123'}, 'timezone': {'offset': '+9:00', 'description': 'Tokyo, Seoul, Osaka, Sapporo, Yakutsk'}}, 'email': 'shwetha.keshri@example.com', 'login': {'uuid': 'c64d4c81-8b55-42fc-9997-3b7f55ad7e54', 'username': 'lazyduck759', 'password': 'meagan', 'salt': 'Rxvi0V1K', 'md5': 'bbfabe16ea633532ad4aa5e6252f1aa5', 'sha1': 'be771562565cafeef3994b8e3129b589c546bbeb', 'sha256': 'c9b6b5a10c9bdeaa63d6a99c30a3ce729c8b5ffc8f86fa658ec7664292526a16'}, 'dob': {'date': '1970-06-30T14:25:40.087Z', 'age': 54}, 'registered': {'date': '2021-06-26T06:29:48.697Z', 'age': 3}, 'phone': '8684932781', 'cell': '7979223522', 'id': {'name': 'UIDAI', 'value': '326183414636'}, 'picture': {'large': 'https://randomuser.me/api/portraits/women/32.jpg', 'medium': 'https://randomuser.me/api/portraits/med/women/32.jpg', 'thumbnail': 'https://randomuser.me/api/portraits/thumb/women/32.jpg'}, 'nat': 'IN'}], 'info': {'seed': '966d4286abc503ce', 'results': 1, 'page': 1, 'version': '1.4'}}</msg>
<arg>${json_data}</arg>
<doc>Logs the given message with the given level.</doc>
<status status="PASS" start="2024-07-14T23:14:49.912645" elapsed="0.000204"/>
</kw>
<kw name="Should Be String" owner="String">
<arg>${json_data['results'][0]['gender']}</arg>
<doc>Fails if the given ``item`` is not a string.</doc>
<status status="PASS" start="2024-07-14T23:14:49.913140" elapsed="0.000366"/>
</kw>
<kw name="Should Match Regexp" owner="BuiltIn">
<arg>${json_data['results'][0]['email']}</arg>
<arg>^[a-zA-Z0-9._%+-]+@[a-zA-Z0-9.-]+\.[a-zA-Z]{2,}$</arg>
<doc>Fails if ``string`` does not match ``pattern`` as a regular expression.</doc>
<status status="PASS" start="2024-07-14T23:14:49.913695" elapsed="0.000521"/>
</kw>
<kw name="Should Match Regexp" owner="BuiltIn">
<arg>${json_data['results'][0]['dob']['date']}</arg>
<arg>\\d{4}-\\d{2}-\\d{2}T\\d{2}:\\d{2}:\\d{2}\\.\\d{3}Z</arg>
<doc>Fails if ``string`` does not match ``pattern`` as a regular expression.</doc>
<status status="PASS" start="2024-07-14T23:14:49.914448" elapsed="0.000538"/>
</kw>
<kw name="Should Match Regexp" owner="BuiltIn">
<arg>${json_data['results'][0]['registered']['date']}</arg>
<arg>\\d{4}-\\d{2}-\\d{2}T\\d{2}:\\d{2}:\\d{2}\\.\\d{3}Z</arg>
<doc>Fails if ``string`` does not match ``pattern`` as a regular expression.</doc>
<status status="PASS" start="2024-07-14T23:14:49.915189" elapsed="0.000372"/>
</kw>
<kw name="Should Match Regexp" owner="BuiltIn">
<arg>${json_data['results'][0]['picture']['large']}</arg>
<arg>^https?://.*\.(?:png|jpe?g|gif|bmp)$</arg>
<doc>Fails if ``string`` does not match ``pattern`` as a regular expression.</doc>
<status status="PASS" start="2024-07-14T23:14:49.915750" elapsed="0.000457"/>
</kw>
<kw name="Should Match Regexp" owner="BuiltIn">
<arg>${json_data['results'][0]['picture']['medium']}</arg>
<arg>^https?://.*\.(?:png|jpe?g|gif|bmp)$</arg>
<doc>Fails if ``string`` does not match ``pattern`` as a regular expression.</doc>
<status status="PASS" start="2024-07-14T23:14:49.916397" elapsed="0.000361"/>
</kw>
<kw name="Should Match Regexp" owner="BuiltIn">
<arg>${json_data['results'][0]['picture']['thumbnail']}</arg>
<arg>^https?://.*\.(?:png|jpe?g|gif|bmp)$</arg>
<doc>Fails if ``string`` does not match ``pattern`` as a regular expression.</doc>
<status status="PASS" start="2024-07-14T23:14:49.916943" elapsed="0.000347"/>
</kw>
<kw name="Log" owner="BuiltIn">
<msg time="2024-07-14T23:14:49.917806" level="INFO">{'large': 'https://randomuser.me/api/portraits/women/32.jpg', 'medium': 'https://randomuser.me/api/portraits/med/women/32.jpg', 'thumbnail': 'https://randomuser.me/api/portraits/thumb/women/32.jpg'}</msg>
<arg>${json_data['results'][0]['picture']}</arg>
<doc>Logs the given message with the given level.</doc>
<status status="PASS" start="2024-07-14T23:14:49.917476" elapsed="0.000373"/>
</kw>
<status status="PASS" start="2024-07-14T23:14:49.815357" elapsed="0.102761"/>
</kw>
<kw name="Teste de Tipos de Dados - Postcode" owner="random-user-service">
<kw name="GET On Session" owner="RequestsLibrary">
<msg time="2024-07-14T23:14:50.022461" level="INFO">GET Request : url=https://randomuser.me/api 
 path_url=/api 
 headers={'User-Agent': 'python-requests/2.32.3', 'Accept-Encoding': 'gzip, deflate', 'Accept': '*/*', 'Connection': 'keep-alive'} 
 body=None 
 </msg>
<msg time="2024-07-14T23:14:50.022610" level="INFO">GET Response : url=https://randomuser.me/api 
 status=200, reason=OK 
 headers={'Date': 'Sun, 14 Jul 2024 23:14:50 GMT', 'Content-Type': 'application/json; charset=utf-8', 'Transfer-Encoding': 'chunked', 'Connection': 'keep-alive', 'X-Powered-By': 'Express', 'Access-Control-Allow-Origin': '*', 'Cache-Control': 'no-cache', 'ETag': 'W/"4bb-klNftACwsiEPyYBoDfkDI8z7p1w"', 'Vary': 'Accept-Encoding', 'Content-Encoding': 'gzip', 'CF-Cache-Status': 'DYNAMIC', 'Report-To': '{"endpoints":[{"url":"https:\\/\\/a.nel.cloudflare.com\\/report\\/v4?s=AsSPQjLgwfJzTUKKpHJ7wDKpWgeIbFSO5TlqpfzA%2B8spI70pZCHkLdo%2BK4ABNWQqIo7lsxgl3Y4N1g91P3Ke53acsq8J4ZGH1bpn2oi59iPK19SQJuOx7V%2Fn9frmCchu"}],"group":"cf-nel","max_age":604800}', 'NEL': '{"success_fraction":0,"report_to":"cf-nel","max_age":604800}', 'Server': 'cloudflare', 'CF-RAY': '8a3536160a1d0fbd-LAX', 'alt-svc': 'h3=":443"; ma=86400'} 
 body={"results":[{"gender":"female","name":{"title":"Madame","first":"Adriana","last":"Le Gall"},"location":{"street":{"number":722,"name":"Rue de L'Abbé-Roger-Derry"},"city":"Düdingen","state":"Nidwalden","country":"Switzerland","postcode":2751,"coordinates":{"latitude":"-57.3983","longitude":"62.5434"},"timezone":{"offset":"-5:00","description":"Eastern Time (US &amp; Canada), Bogota, Lima"}},"email":"adriana.legall@example.com","login":{"uuid":"07e41938-f028-4e46-a497-c0862d3312ce","username":"heavyrabbit144","password":"monkey12","salt":"akG6qzNq","md5":"a09dae83b70410c0782440af99a6bdca","sha1":"3fcb1cd1f27f11d51fcd52f3b679c2dd69d9ee65","sha256":"bf0349b8f36d88c252b9632138b08c73396fa359600808cffa5baac0619e9402"},"dob":{"date":"1973-06-03T13:05:51.743Z","age":51},"registered":{"date":"2010-08-24T11:51:17.200Z","age":13},"phone":"075 117 96 15","cell":"076 283 87 59","id":{"name":"AVS","value":"756.9051.3371.61"},"picture":{"large":"https://randomuser.me/api/portraits/women/13.jpg","medium":"https://randomuser.me/api/portraits/med/women/13.jpg","thumbnail":"https://randomuser.me/api/portraits/thumb/women/13.jpg"},"nat":"CH"}],"info":{"seed":"99741cf4dead4a39","results":1,"page":1,"version":"1.4"}} 
 </msg>
<msg time="2024-07-14T23:14:50.022704" level="INFO">/opt/hostedtoolcache/Python/3.12.4/x64/lib/python3.12/site-packages/urllib3/connectionpool.py:1099: InsecureRequestWarning: Unverified HTTPS request is being made to host 'randomuser.me'. Adding certificate verification is strongly advised. See: https://urllib3.readthedocs.io/en/latest/advanced-usage.html#tls-warnings
  warnings.warn(</msg>
<msg time="2024-07-14T23:14:50.022857" level="INFO">${response} = &lt;Response [200]&gt;</msg>
<var>${response}</var>
<arg>consultarAPI</arg>
<arg>/api</arg>
<doc>Sends a GET request on a previously created HTTP Session.</doc>
<status status="PASS" start="2024-07-14T23:14:49.918602" elapsed="0.104302"/>
</kw>
<kw name="Set Variable" owner="BuiltIn">
<msg time="2024-07-14T23:14:50.024057" level="INFO">${json_data} = {'results': [{'gender': 'female', 'name': {'title': 'Madame', 'first': 'Adriana', 'last': 'Le Gall'}, 'location': {'street': {'number': 722, 'name': "Rue de L'Abbé-Roger-Derry"}, 'city': 'Düdingen', '...</msg>
<var>${json_data}</var>
<arg>${response.json()}</arg>
<doc>Returns the given values which can then be assigned to a variables.</doc>
<status status="PASS" start="2024-07-14T23:14:50.023503" elapsed="0.000584"/>
</kw>
<kw name="Log" owner="BuiltIn">
<msg time="2024-07-14T23:14:50.024567" level="INFO">{'results': [{'gender': 'female', 'name': {'title': 'Madame', 'first': 'Adriana', 'last': 'Le Gall'}, 'location': {'street': {'number': 722, 'name': "Rue de L'Abbé-Roger-Derry"}, 'city': 'Düdingen', 'state': 'Nidwalden', 'country': 'Switzerland', 'postcode': 2751, 'coordinates': {'latitude': '-57.3983', 'longitude': '62.5434'}, 'timezone': {'offset': '-5:00', 'description': 'Eastern Time (US &amp; Canada), Bogota, Lima'}}, 'email': 'adriana.legall@example.com', 'login': {'uuid': '07e41938-f028-4e46-a497-c0862d3312ce', 'username': 'heavyrabbit144', 'password': 'monkey12', 'salt': 'akG6qzNq', 'md5': 'a09dae83b70410c0782440af99a6bdca', 'sha1': '3fcb1cd1f27f11d51fcd52f3b679c2dd69d9ee65', 'sha256': 'bf0349b8f36d88c252b9632138b08c73396fa359600808cffa5baac0619e9402'}, 'dob': {'date': '1973-06-03T13:05:51.743Z', 'age': 51}, 'registered': {'date': '2010-08-24T11:51:17.200Z', 'age': 13}, 'phone': '075 117 96 15', 'cell': '076 283 87 59', 'id': {'name': 'AVS', 'value': '756.9051.3371.61'}, 'picture': {'large': 'https://randomuser.me/api/portraits/women/13.jpg', 'medium': 'https://randomuser.me/api/portraits/med/women/13.jpg', 'thumbnail': 'https://randomuser.me/api/portraits/thumb/women/13.jpg'}, 'nat': 'CH'}], 'info': {'seed': '99741cf4dead4a39', 'results': 1, 'page': 1, 'version': '1.4'}}</msg>
<arg>${json_data}</arg>
<doc>Logs the given message with the given level.</doc>
<status status="PASS" start="2024-07-14T23:14:50.024401" elapsed="0.000218"/>
</kw>
<kw name="Should Be Equal As Numbers" owner="BuiltIn">
<arg>${json_data['results'][0]['location']['postcode']}</arg>
<arg>${json_data['results'][0]['location']['postcode']}</arg>
<doc>Fails if objects are unequal after converting them to real numbers.</doc>
<status status="PASS" start="2024-07-14T23:14:50.024911" elapsed="0.000627"/>
</kw>
<kw name="Log" owner="BuiltIn">
<msg time="2024-07-14T23:14:50.026069" level="INFO">2751</msg>
<arg>${json_data['results'][0]['location']['postcode']}</arg>
<doc>Logs the given message with the given level.</doc>
<status status="PASS" start="2024-07-14T23:14:50.025729" elapsed="0.000381"/>
</kw>
<status status="PASS" start="2024-07-14T23:14:49.918344" elapsed="0.108049"/>
</kw>
<doc>Testa se os tipos de dados na resposta da API estão corretos.</doc>
<tag>testeTiposDados</tag>
<status status="PASS" start="2024-07-14T23:14:49.814807" elapsed="0.211789"/>
</test>
<test id="s1-s1-t5" name="Validar conteudo" line="35">
<kw name="Teste de Tipos de Conteudo" owner="random-user-service">
<kw name="GET On Session" owner="RequestsLibrary">
<msg time="2024-07-14T23:14:50.139294" level="INFO">GET Request : url=https://randomuser.me/api 
 path_url=/api 
 headers={'User-Agent': 'python-requests/2.32.3', 'Accept-Encoding': 'gzip, deflate', 'Accept': '*/*', 'Connection': 'keep-alive'} 
 body=None 
 </msg>
<msg time="2024-07-14T23:14:50.139383" level="INFO">GET Response : url=https://randomuser.me/api 
 status=200, reason=OK 
 headers={'Date': 'Sun, 14 Jul 2024 23:14:50 GMT', 'Content-Type': 'application/json; charset=utf-8', 'Transfer-Encoding': 'chunked', 'Connection': 'keep-alive', 'X-Powered-By': 'Express', 'Access-Control-Allow-Origin': '*', 'Cache-Control': 'no-cache', 'ETag': 'W/"47e-UANI8j392sweGEUb6/LV8PRCfoE"', 'Vary': 'Accept-Encoding', 'Content-Encoding': 'gzip', 'CF-Cache-Status': 'DYNAMIC', 'Report-To': '{"endpoints":[{"url":"https:\\/\\/a.nel.cloudflare.com\\/report\\/v4?s=tMObGxqkj8PSOqpMVFNXLSswB9LafQClYyRTQp%2F8YXBfeu1L81bd%2BVoQYUcvngCOqn13nCTqg7iqCdxlialX8VSsfIDG0eE%2FNEYn5S36aEDRyQtr3pxKLtR0rmWDnkje"}],"group":"cf-nel","max_age":604800}', 'NEL': '{"success_fraction":0,"report_to":"cf-nel","max_age":604800}', 'Server': 'cloudflare', 'CF-RAY': '8a353616bb1d0fbd-LAX', 'alt-svc': 'h3=":443"; ma=86400'} 
 body={"results":[{"gender":"female","name":{"title":"Miss","first":"کیانا","last":"مرادی"},"location":{"street":{"number":5003,"name":"کمیل"},"city":"یزد","state":"کرمان","country":"Iran","postcode":96743,"coordinates":{"latitude":"16.8579","longitude":"23.9345"},"timezone":{"offset":"-7:00","description":"Mountain Time (US &amp; Canada)"}},"email":"khyn.mrdy@example.com","login":{"uuid":"e9228ffd-fbf8-4e67-a02f-db836b68da28","username":"yellowswan744","password":"bonbon","salt":"S7G5yE5d","md5":"607a37d52ea6e3a661f659b5a00d096c","sha1":"4dfb1b56c9491e5bed9a21ba0fc07d46d87fe288","sha256":"48f848ebac508b7eb65e946617805b0095aa4b1fa02660845c860e4cc4a71971"},"dob":{"date":"1974-09-03T00:46:24.293Z","age":49},"registered":{"date":"2006-05-28T02:24:54.180Z","age":18},"phone":"073-58615037","cell":"0946-285-6084","id":{"name":"","value":null},"picture":{"large":"https://randomuser.me/api/portraits/women/40.jpg","medium":"https://randomuser.me/api/portraits/med/women/40.jpg","thumbnail":"https://randomuser.me/api/portraits/thumb/women/40.jpg"},"nat":"IR"}],"info":{"seed":"67916a73db306b1b","results":1,"page":1,"version":"1.4"}} 
 </msg>
<msg time="2024-07-14T23:14:50.139475" level="INFO">/opt/hostedtoolcache/Python/3.12.4/x64/lib/python3.12/site-packages/urllib3/connectionpool.py:1099: InsecureRequestWarning: Unverified HTTPS request is being made to host 'randomuser.me'. Adding certificate verification is strongly advised. See: https://urllib3.readthedocs.io/en/latest/advanced-usage.html#tls-warnings
  warnings.warn(</msg>
<msg time="2024-07-14T23:14:50.139588" level="INFO">${response} = &lt;Response [200]&gt;</msg>
<var>${response}</var>
<arg>consultarAPI</arg>
<arg>/api</arg>
<doc>Sends a GET request on a previously created HTTP Session.</doc>
<status status="PASS" start="2024-07-14T23:14:50.029636" elapsed="0.109994"/>
</kw>
<kw name="Set Variable" owner="BuiltIn">
<msg time="2024-07-14T23:14:50.140598" level="INFO">${json_data} = {'results': [{'gender': 'female', 'name': {'title': 'Miss', 'first': 'کیانا', 'last': 'مرادی'}, 'location': {'street': {'number': 5003, 'name': 'کمیل'}, 'city': 'یزد', 'state': 'کرمان', 'country': 'Ir...</msg>
<var>${json_data}</var>
<arg>${response.json()}</arg>
<doc>Returns the given values which can then be assigned to a variables.</doc>
<status status="PASS" start="2024-07-14T23:14:50.140100" elapsed="0.000529"/>
</kw>
<kw name="Set Variable" owner="BuiltIn">
<msg time="2024-07-14T23:14:50.141319" level="INFO">${name_title} = Miss</msg>
<var>${name_title}</var>
<arg>${json_data["results"][0]["name"]["title"]}</arg>
<doc>Returns the given values which can then be assigned to a variables.</doc>
<status status="PASS" start="2024-07-14T23:14:50.140934" elapsed="0.000411"/>
</kw>
<kw name="Create List" owner="BuiltIn">
<msg time="2024-07-14T23:14:50.141799" level="INFO">${allowed_titles} = ['Mr', 'Ms', 'Miss', 'Mrs', 'Madame', 'Monsieur']</msg>
<var>${allowed_titles}</var>
<arg>Mr</arg>
<arg>Ms</arg>
<arg>Miss</arg>
<arg>Mrs</arg>
<arg>Madame</arg>
<arg>Monsieur</arg>
<doc>Returns a list containing given items.</doc>
<status status="PASS" start="2024-07-14T23:14:50.141650" elapsed="0.000174"/>
</kw>
<kw name="List Should Contain Value" owner="Collections">
<arg>${allowed_titles}</arg>
<arg>${name_title}</arg>
<doc>Fails if the ``value`` is not found from ``list``.</doc>
<status status="PASS" start="2024-07-14T23:14:50.142122" elapsed="0.000176"/>
</kw>
<kw name="Set Variable" owner="BuiltIn">
<msg time="2024-07-14T23:14:50.142879" level="INFO">${name_country} = IR</msg>
<var>${name_country}</var>
<arg>${json_data["results"][0]["nat"]}</arg>
<doc>Returns the given values which can then be assigned to a variables.</doc>
<status status="PASS" start="2024-07-14T23:14:50.142478" elapsed="0.000426"/>
</kw>
<kw name="Create List" owner="BuiltIn">
<msg time="2024-07-14T23:14:50.143794" level="INFO">${list_country} = ['AD', 'AE', 'AF', 'AG', 'AI', 'AL', 'AM', 'AO', 'AQ', 'AR', 'AS', 'AT', 'AU', 'AW', 'AX', 'AZ', 'BA', 'BB', 'BD', 'BE', 'BF', 'BG', 'BH', 'BI', 'BJ', 'BL', 'BM', 'BN', 'BO', 'BQ', 'BR', 'BS', 'BT', '...</msg>
<var>${list_country}</var>
<arg>AD</arg>
<arg>AE</arg>
<arg>AF</arg>
<arg>AG</arg>
<arg>AI</arg>
<arg>AL</arg>
<arg>AM</arg>
<arg>AO</arg>
<arg>AQ</arg>
<arg>AR</arg>
<arg>AS</arg>
<arg>AT</arg>
<arg>AU</arg>
<arg>AW</arg>
<arg>AX</arg>
<arg>AZ</arg>
<arg>BA</arg>
<arg>BB</arg>
<arg>BD</arg>
<arg>BE</arg>
<arg>BF</arg>
<arg>BG</arg>
<arg>BH</arg>
<arg>BI</arg>
<arg>BJ</arg>
<arg>BL</arg>
<arg>BM</arg>
<arg>BN</arg>
<arg>BO</arg>
<arg>BQ</arg>
<arg>BR</arg>
<arg>BS</arg>
<arg>BT</arg>
<arg>BV</arg>
<arg>BW</arg>
<arg>BY</arg>
<arg>BZ</arg>
<arg>CA</arg>
<arg>CC</arg>
<arg>CD</arg>
<arg>CF</arg>
<arg>CG</arg>
<arg>CH</arg>
<arg>CI</arg>
<arg>CK</arg>
<arg>CL</arg>
<arg>CM</arg>
<arg>CN</arg>
<arg>CO</arg>
<arg>CR</arg>
<arg>CU</arg>
<arg>CV</arg>
<arg>CW</arg>
<arg>CX</arg>
<arg>CY</arg>
<arg>CZ</arg>
<arg>DE</arg>
<arg>DJ</arg>
<arg>DK</arg>
<arg>DM</arg>
<arg>DO</arg>
<arg>DZ</arg>
<arg>EC</arg>
<arg>EE</arg>
<arg>EG</arg>
<arg>EH</arg>
<arg>ER</arg>
<arg>ES</arg>
<arg>ET</arg>
<arg>FI</arg>
<arg>FJ</arg>
<arg>FK</arg>
<arg>FM</arg>
<arg>FO</arg>
<arg>FR</arg>
<arg>GA</arg>
<arg>GB</arg>
<arg>GD</arg>
<arg>GE</arg>
<arg>GF</arg>
<arg>GG</arg>
<arg>GH</arg>
<arg>GI</arg>
<arg>GL</arg>
<arg>GM</arg>
<arg>GN</arg>
<arg>GP</arg>
<arg>GQ</arg>
<arg>GR</arg>
<arg>GS</arg>
<arg>GT</arg>
<arg>GU</arg>
<arg>GW</arg>
<arg>GY</arg>
<arg>HK</arg>
<arg>HM</arg>
<arg>HN</arg>
<arg>HR</arg>
<arg>HT</arg>
<arg>HU</arg>
<arg>ID</arg>
<arg>IE</arg>
<arg>IL</arg>
<arg>IM</arg>
<arg>IN</arg>
<arg>IO</arg>
<arg>IQ</arg>
<arg>IR</arg>
<arg>IS</arg>
<arg>IT</arg>
<arg>JE</arg>
<arg>JM</arg>
<arg>JO</arg>
<arg>JP</arg>
<arg>KE</arg>
<arg>KG</arg>
<arg>KH</arg>
<arg>KI</arg>
<arg>KM</arg>
<arg>KN</arg>
<arg>KP</arg>
<arg>KR</arg>
<arg>KW</arg>
<arg>KY</arg>
<arg>KZ</arg>
<arg>LA</arg>
<arg>LB</arg>
<arg>LC</arg>
<arg>LI</arg>
<arg>LK</arg>
<arg>LR</arg>
<arg>LS</arg>
<arg>LT</arg>
<arg>LU</arg>
<arg>LV</arg>
<arg>LY</arg>
<arg>MA</arg>
<arg>MC</arg>
<arg>MD</arg>
<arg>ME</arg>
<arg>MF</arg>
<arg>MG</arg>
<arg>MH</arg>
<arg>MK</arg>
<arg>ML</arg>
<arg>MM</arg>
<arg>MN</arg>
<arg>MO</arg>
<arg>MP</arg>
<arg>MQ</arg>
<arg>MR</arg>
<arg>MS</arg>
<arg>MT</arg>
<arg>MU</arg>
<arg>MV</arg>
<arg>MW</arg>
<arg>MX</arg>
<arg>MY</arg>
<arg>MZ</arg>
<arg>NA</arg>
<arg>NC</arg>
<arg>NE</arg>
<arg>NF</arg>
<arg>NG</arg>
<arg>NI</arg>
<arg>NL</arg>
<arg>NO</arg>
<arg>NP</arg>
<arg>NR</arg>
<arg>NU</arg>
<arg>NZ</arg>
<arg>OM</arg>
<arg>PA</arg>
<arg>PE</arg>
<arg>PF</arg>
<arg>PG</arg>
<arg>PH</arg>
<arg>PK</arg>
<arg>PL</arg>
<arg>PM</arg>
<arg>PN</arg>
<arg>PR</arg>
<arg>PS</arg>
<arg>PT</arg>
<arg>PW</arg>
<arg>PY</arg>
<arg>QA</arg>
<arg>RE</arg>
<arg>RO</arg>
<arg>RS</arg>
<arg>RU</arg>
<arg>RW</arg>
<arg>SA</arg>
<arg>SB</arg>
<arg>SC</arg>
<arg>SD</arg>
<arg>SE</arg>
<arg>SG</arg>
<arg>SH</arg>
<arg>SI</arg>
<arg>SJ</arg>
<arg>SK</arg>
<arg>SL</arg>
<arg>SM</arg>
<arg>SN</arg>
<arg>SO</arg>
<arg>SR</arg>
<arg>SS</arg>
<arg>ST</arg>
<arg>SV</arg>
<arg>SX</arg>
<arg>SY</arg>
<arg>SZ</arg>
<arg>TC</arg>
<arg>TD</arg>
<arg>TF</arg>
<arg>TG</arg>
<arg>TH</arg>
<arg>TJ</arg>
<arg>TK</arg>
<arg>TL</arg>
<arg>TM</arg>
<arg>TN</arg>
<arg>TO</arg>
<arg>TR</arg>
<arg>TT</arg>
<arg>TV</arg>
<arg>TW</arg>
<arg>TZ</arg>
<arg>UA</arg>
<arg>UG</arg>
<arg>UM</arg>
<arg>US</arg>
<arg>UY</arg>
<arg>UZ</arg>
<arg>VA</arg>
<arg>VC</arg>
<arg>VE</arg>
<arg>VG</arg>
<arg>VI</arg>
<arg>VN</arg>
<arg>VU</arg>
<arg>WF</arg>
<arg>WS</arg>
<arg>XK</arg>
<arg>YE</arg>
<arg>YT</arg>
<arg>ZA</arg>
<arg>ZM</arg>
<arg>ZW</arg>
<doc>Returns a list containing given items.</doc>
<status status="PASS" start="2024-07-14T23:14:50.143201" elapsed="0.000619"/>
</kw>
<kw name="List Should Contain Value" owner="Collections">
<arg>${list_country}</arg>
<arg>${name_country}</arg>
<doc>Fails if the ``value`` is not found from ``list``.</doc>
<status status="PASS" start="2024-07-14T23:14:50.144616" elapsed="0.000203"/>
</kw>
<kw name="Run Keyword If" owner="BuiltIn">
<kw name="Should Be True" owner="BuiltIn">
<arg>${True}</arg>
<doc>Fails if the given condition is not true.</doc>
<status status="PASS" start="2024-07-14T23:14:50.145779" elapsed="0.000143"/>
</kw>
<arg>${json_data["results"][0]["location"]["coordinates"]["latitude"]} &gt;= -90 and ${json_data["results"][0]["location"]["coordinates"]["latitude"]} &lt;= 90</arg>
<arg>Should Be True</arg>
<arg>${True}</arg>
<doc>Runs the given keyword with the given arguments, if ``condition`` is true.</doc>
<status status="PASS" start="2024-07-14T23:14:50.145018" elapsed="0.001033"/>
</kw>
<kw name="Run Keyword If" owner="BuiltIn">
<kw name="Should Be True" owner="BuiltIn">
<arg>${True}</arg>
<doc>Fails if the given condition is not true.</doc>
<status status="PASS" start="2024-07-14T23:14:50.146995" elapsed="0.000139"/>
</kw>
<arg>${json_data["results"][0]["location"]["coordinates"]["longitude"]} &gt;= -180 and ${json_data["results"][0]["location"]["coordinates"]["longitude"]} &lt;= 180</arg>
<arg>Should Be True</arg>
<arg>${True}</arg>
<doc>Runs the given keyword with the given arguments, if ``condition`` is true.</doc>
<status status="PASS" start="2024-07-14T23:14:50.146255" elapsed="0.001003"/>
</kw>
<status status="PASS" start="2024-07-14T23:14:50.029031" elapsed="0.118359"/>
</kw>
<doc>Testa o conteúdo específico dos campos retornados pela API.</doc>
<tag>testeConteudo</tag>
<status status="PASS" start="2024-07-14T23:14:50.028365" elapsed="0.119176"/>
</test>
<status status="PASS" start="2024-07-14T23:14:49.114776" elapsed="1.034747"/>
</suite>
<status status="PASS" start="2024-07-14T23:14:49.100126" elapsed="1.054661"/>
</suite>
<statistics>
<total>
<stat pass="5" fail="0" skip="0">All Tests</stat>
</total>
<tag>
<stat pass="1" fail="0" skip="0">testeConteudo</stat>
<stat pass="1" fail="0" skip="0">testeEstruturaResposta</stat>
<stat pass="1" fail="0" skip="0">testeRequisicaoBasica</stat>
<stat pass="1" fail="0" skip="0">testeTiposDados</stat>
</tag>
<suite>
<stat pass="5" fail="0" skip="0" id="s1" name="Tests">Tests</stat>
<stat pass="5" fail="0" skip="0" id="s1-s1" name="Random-User-Test">Tests.Random-User-Test</stat>
</suite>
</statistics>
<errors>
</errors>
</robot>
