<?xml version="1.0" encoding="UTF-8"?>
<robot generator="Robot 7.0 (Python 3.12.3 on linux)" generated="2024-05-19T02:29:14.942939" rpa="false" schemaversion="5">
<suite id="s1" name="Tests" source="/home/runner/work/DesafioQAItauRogerioJordao/DesafioQAItauRogerioJordao/RamdonUser/tests">
<suite id="s1-s1" name="Random-User-Test" source="/home/runner/work/DesafioQAItauRogerioJordao/DesafioQAItauRogerioJordao/RamdonUser/tests/random-user-test.robot">
<test id="s1-s1-t1" name="Conectar" line="13">
<kw name="Conectar API" owner="random-user-service">
<kw name="Create Session" owner="RequestsLibrary">
<msg time="2024-05-19T02:29:15.341110" level="INFO">Creating Session using : alias=consultarAPI, url=https://randomuser.me/, headers={},                     cookies={}, auth=None, timeout=None, proxies=None, verify=False,                     debug=0 </msg>
<arg>consultarAPI</arg>
<arg>${URL}</arg>
<doc>Create Session: create a HTTP session to a server</doc>
<status status="PASS" start="2024-05-19T02:29:15.340897" elapsed="0.000403"/>
</kw>
<status status="PASS" start="2024-05-19T02:29:15.339903" elapsed="0.001792"/>
</kw>
<status status="PASS" start="2024-05-19T02:29:15.339317" elapsed="0.002576"/>
</test>
<test id="s1-s1-t2" name="Validar retorno 200 e JSON Válido" line="16">
<kw name="Teste de Requisicao Basica" owner="random-user-service">
<kw name="GET On Session" owner="RequestsLibrary">
<msg time="2024-05-19T02:29:15.607974" level="INFO">GET Request : url=https://randomuser.me/api 
 path_url=/api 
 headers={'User-Agent': 'python-requests/2.31.0', 'Accept-Encoding': 'gzip, deflate', 'Accept': '*/*', 'Connection': 'keep-alive'} 
 body=None 
 </msg>
<msg time="2024-05-19T02:29:15.608125" level="INFO">GET Response : url=https://randomuser.me/api 
 status=200, reason=OK 
 headers={'Date': 'Sun, 19 May 2024 02:29:15 GMT', 'Content-Type': 'application/json; charset=utf-8', 'Transfer-Encoding': 'chunked', 'Connection': 'keep-alive', 'X-Powered-By': 'Express', 'Access-Control-Allow-Origin': '*', 'Cache-Control': 'no-cache', 'ETag': 'W/"4a5-TmcjUw30HAueIfsFhxMpso5twkk"', 'Vary': 'Accept-Encoding', 'Content-Encoding': 'gzip', 'CF-Cache-Status': 'DYNAMIC', 'Report-To': '{"endpoints":[{"url":"https:\\/\\/a.nel.cloudflare.com\\/report\\/v4?s=Uk6Pg4Afn9f%2BG0IuMZNvr4APPUElv3Vg3zmHd69EUbwN6QDtguRKMSMlcStNYQbPdPUq0%2BL0oFk7%2FIUg5IQGPmAezTyqbemY8k5XGGkOAkbxbQY3xmuirIbYhZ7QYAxJ"}],"group":"cf-nel","max_age":604800}', 'NEL': '{"success_fraction":0,"report_to":"cf-nel","max_age":604800}', 'Server': 'cloudflare', 'CF-RAY': '8860a8842a667fa6-IAD', 'alt-svc': 'h3=":443"; ma=86400'} 
 body={"results":[{"gender":"female","name":{"title":"Ms","first":"Sineide","last":"da Mota"},"location":{"street":{"number":2642,"name":"Rua Duque de Caxias "},"city":"Montes Claros","state":"Acre","country":"Brazil","postcode":39904,"coordinates":{"latitude":"-78.8413","longitude":"137.3187"},"timezone":{"offset":"+4:00","description":"Abu Dhabi, Muscat, Baku, Tbilisi"}},"email":"sineide.damota@example.com","login":{"uuid":"d4c94590-51aa-4a83-99cb-ad9f24a4ce48","username":"silvermouse864","password":"seahawks","salt":"hNOOHpZM","md5":"ba27f21ad0afa5fb05f6f8a8bda2bc0b","sha1":"c153914a0e52077f6dbe441d8e21536406e0e222","sha256":"a7420d991bb63554e0477a91637d1533ca0eb4675c44710f0401f8f2791f71ae"},"dob":{"date":"1979-10-03T18:30:39.664Z","age":44},"registered":{"date":"2022-04-09T05:01:00.801Z","age":2},"phone":"(26) 3892-5243","cell":"(73) 7205-7803","id":{"name":"CPF","value":"576.306.366-08"},"picture":{"large":"https://randomuser.me/api/portraits/women/14.jpg","medium":"https://randomuser.me/api/portraits/med/women/14.jpg","thumbnail":"https://randomuser.me/api/portraits/thumb/women/14.jpg"},"nat":"BR"}],"info":{"seed":"f62463f52f3b3bc2","results":1,"page":1,"version":"1.4"}} 
 </msg>
<msg time="2024-05-19T02:29:15.608207" level="INFO">/opt/hostedtoolcache/Python/3.12.3/x64/lib/python3.12/site-packages/urllib3/connectionpool.py:1103: InsecureRequestWarning: Unverified HTTPS request is being made to host 'randomuser.me'. Adding certificate verification is strongly advised. See: https://urllib3.readthedocs.io/en/latest/advanced-usage.html#tls-warnings
  warnings.warn(</msg>
<msg time="2024-05-19T02:29:15.608351" level="INFO">${response} = &lt;Response [200]&gt;</msg>
<var>${response}</var>
<arg>consultarAPI</arg>
<arg>/api</arg>
<doc>Sends a GET request on a previously created HTTP Session.</doc>
<status status="PASS" start="2024-05-19T02:29:15.344482" elapsed="0.263909"/>
</kw>
<kw name="Should Be Equal As Numbers" owner="BuiltIn">
<msg time="2024-05-19T02:29:15.609653" level="INFO">Argument types are:
&lt;class 'int'&gt;
&lt;class 'str'&gt;</msg>
<arg>${response.status_code}</arg>
<arg>200</arg>
<doc>Fails if objects are unequal after converting them to real numbers.</doc>
<status status="PASS" start="2024-05-19T02:29:15.609067" elapsed="0.000654"/>
</kw>
<kw name="Log" owner="BuiltIn">
<msg time="2024-05-19T02:29:15.610415" level="INFO">200</msg>
<arg>${response.status_code}</arg>
<doc>Logs the given message with the given level.</doc>
<status status="PASS" start="2024-05-19T02:29:15.610072" elapsed="0.000384"/>
</kw>
<kw name="Set Variable" owner="BuiltIn">
<msg time="2024-05-19T02:29:15.611195" level="INFO">${json_data} = {'results': [{'gender': 'female', 'name': {'title': 'Ms', 'first': 'Sineide', 'last': 'da Mota'}, 'location': {'street': {'number': 2642, 'name': 'Rua Duque de Caxias '}, 'city': 'Montes Claros', 'sta...</msg>
<var>${json_data}</var>
<arg>${response.json()}</arg>
<doc>Returns the given values which can then be assigned to a variables.</doc>
<status status="PASS" start="2024-05-19T02:29:15.610761" elapsed="0.000463"/>
</kw>
<kw name="Dictionary Should Contain Key" owner="Collections">
<msg time="2024-05-19T02:29:15.611688" level="INFO">False</msg>
<arg>${json_data}</arg>
<arg>results</arg>
<doc>Fails if ``key`` is not found from ``dictionary``.</doc>
<status status="PASS" start="2024-05-19T02:29:15.611522" elapsed="0.000204"/>
</kw>
<status status="PASS" start="2024-05-19T02:29:15.344231" elapsed="0.267752"/>
</kw>
<doc>Testa se a API responde corretamente e retorna um objeto JSON válido.</doc>
<tag>testeRequisicaoBasica</tag>
<status status="PASS" start="2024-05-19T02:29:15.343749" elapsed="0.268416"/>
</test>
<test id="s1-s1-t3" name="Validar estrutura de resposta" line="22">
<kw name="Teste de Estrutura de Resposta" owner="random-user-service">
<kw name="GET On Session" owner="RequestsLibrary">
<msg time="2024-05-19T02:29:15.712780" level="INFO">GET Request : url=https://randomuser.me/api 
 path_url=/api 
 headers={'User-Agent': 'python-requests/2.31.0', 'Accept-Encoding': 'gzip, deflate', 'Accept': '*/*', 'Connection': 'keep-alive'} 
 body=None 
 </msg>
<msg time="2024-05-19T02:29:15.712892" level="INFO">GET Response : url=https://randomuser.me/api 
 status=200, reason=OK 
 headers={'Date': 'Sun, 19 May 2024 02:29:15 GMT', 'Content-Type': 'application/json; charset=utf-8', 'Transfer-Encoding': 'chunked', 'Connection': 'keep-alive', 'X-Powered-By': 'Express', 'Access-Control-Allow-Origin': '*', 'Cache-Control': 'no-cache', 'ETag': 'W/"474-pQZDnE21RM1iycog3qpR1PXaUoA"', 'Vary': 'Accept-Encoding', 'Content-Encoding': 'gzip', 'CF-Cache-Status': 'DYNAMIC', 'Report-To': '{"endpoints":[{"url":"https:\\/\\/a.nel.cloudflare.com\\/report\\/v4?s=x03tpEwN6beL6QXmzE3yR3%2BFCQYABeUdYLZs9AJoZNxOWSUiz50bCe3kRng%2FYMR739f0DQhh5vHG%2B8SDBZdeU7DwOWQvFPC%2BfQuNiAfsiCNdqc%2FQ2HCNRu%2BvYuB1%2BSdH"}],"group":"cf-nel","max_age":604800}', 'NEL': '{"success_fraction":0,"report_to":"cf-nel","max_age":604800}', 'Server': 'cloudflare', 'CF-RAY': '8860a8849adf7fa6-IAD', 'alt-svc': 'h3=":443"; ma=86400'} 
 body={"results":[{"gender":"male","name":{"title":"Mr","first":"Phillip","last":"Evans"},"location":{"street":{"number":4245,"name":"Wycliff Ave"},"city":"Visalia","state":"Virginia","country":"United States","postcode":56246,"coordinates":{"latitude":"86.5274","longitude":"-17.3340"},"timezone":{"offset":"+3:30","description":"Tehran"}},"email":"phillip.evans@example.com","login":{"uuid":"c396ffe8-83ef-4bd0-b940-64c41457a939","username":"crazybear437","password":"meagan","salt":"Gn39S2dD","md5":"d7270ecb5c3158e37d821f5fd81c04a5","sha1":"3b1b699d4ffc2b85933cc0f9bfda71a86f4e623e","sha256":"fc998277cac8ab88f40480fb8ece8561c1e1c8a7de7359470da89c57b38cc89b"},"dob":{"date":"1962-05-01T08:24:30.775Z","age":62},"registered":{"date":"2017-09-26T17:50:34.767Z","age":6},"phone":"(233) 565-1674","cell":"(745) 748-4226","id":{"name":"SSN","value":"391-84-9012"},"picture":{"large":"https://randomuser.me/api/portraits/men/26.jpg","medium":"https://randomuser.me/api/portraits/med/men/26.jpg","thumbnail":"https://randomuser.me/api/portraits/thumb/men/26.jpg"},"nat":"US"}],"info":{"seed":"a8327478a2b3815e","results":1,"page":1,"version":"1.4"}} 
 </msg>
<msg time="2024-05-19T02:29:15.713031" level="INFO">/opt/hostedtoolcache/Python/3.12.3/x64/lib/python3.12/site-packages/urllib3/connectionpool.py:1103: InsecureRequestWarning: Unverified HTTPS request is being made to host 'randomuser.me'. Adding certificate verification is strongly advised. See: https://urllib3.readthedocs.io/en/latest/advanced-usage.html#tls-warnings
  warnings.warn(</msg>
<msg time="2024-05-19T02:29:15.713181" level="INFO">${response} = &lt;Response [200]&gt;</msg>
<var>${response}</var>
<arg>consultarAPI</arg>
<arg>/api</arg>
<doc>Sends a GET request on a previously created HTTP Session.</doc>
<status status="PASS" start="2024-05-19T02:29:15.614852" elapsed="0.098367"/>
</kw>
<kw name="Set Variable" owner="BuiltIn">
<msg time="2024-05-19T02:29:15.714395" level="INFO">${json_data} = {'results': [{'gender': 'male', 'name': {'title': 'Mr', 'first': 'Phillip', 'last': 'Evans'}, 'location': {'street': {'number': 4245, 'name': 'Wycliff Ave'}, 'city': 'Visalia', 'state': 'Virginia', 'c...</msg>
<var>${json_data}</var>
<arg>${response.json()}</arg>
<doc>Returns the given values which can then be assigned to a variables.</doc>
<status status="PASS" start="2024-05-19T02:29:15.713849" elapsed="0.000575"/>
</kw>
<kw name="Log" owner="BuiltIn">
<msg time="2024-05-19T02:29:15.714891" level="INFO">{'results': [{'gender': 'male', 'name': {'title': 'Mr', 'first': 'Phillip', 'last': 'Evans'}, 'location': {'street': {'number': 4245, 'name': 'Wycliff Ave'}, 'city': 'Visalia', 'state': 'Virginia', 'country': 'United States', 'postcode': 56246, 'coordinates': {'latitude': '86.5274', 'longitude': '-17.3340'}, 'timezone': {'offset': '+3:30', 'description': 'Tehran'}}, 'email': 'phillip.evans@example.com', 'login': {'uuid': 'c396ffe8-83ef-4bd0-b940-64c41457a939', 'username': 'crazybear437', 'password': 'meagan', 'salt': 'Gn39S2dD', 'md5': 'd7270ecb5c3158e37d821f5fd81c04a5', 'sha1': '3b1b699d4ffc2b85933cc0f9bfda71a86f4e623e', 'sha256': 'fc998277cac8ab88f40480fb8ece8561c1e1c8a7de7359470da89c57b38cc89b'}, 'dob': {'date': '1962-05-01T08:24:30.775Z', 'age': 62}, 'registered': {'date': '2017-09-26T17:50:34.767Z', 'age': 6}, 'phone': '(233) 565-1674', 'cell': '(745) 748-4226', 'id': {'name': 'SSN', 'value': '391-84-9012'}, 'picture': {'large': 'https://randomuser.me/api/portraits/men/26.jpg', 'medium': 'https://randomuser.me/api/portraits/med/men/26.jpg', 'thumbnail': 'https://randomuser.me/api/portraits/thumb/men/26.jpg'}, 'nat': 'US'}], 'info': {'seed': 'a8327478a2b3815e', 'results': 1, 'page': 1, 'version': '1.4'}}</msg>
<arg>${json_data}</arg>
<doc>Logs the given message with the given level.</doc>
<status status="PASS" start="2024-05-19T02:29:15.714729" elapsed="0.000210"/>
</kw>
<kw name="Dictionary Should Contain Key" owner="Collections">
<msg time="2024-05-19T02:29:15.715394" level="INFO">False</msg>
<arg>${json_data}</arg>
<arg>results</arg>
<doc>Fails if ``key`` is not found from ``dictionary``.</doc>
<status status="PASS" start="2024-05-19T02:29:15.715236" elapsed="0.000193"/>
</kw>
<kw name="Should Not Be Empty" owner="BuiltIn">
<msg time="2024-05-19T02:29:15.715846" level="INFO">Length is 2.</msg>
<arg>${json_data}</arg>
<doc>Verifies that the given item is not empty.</doc>
<status status="PASS" start="2024-05-19T02:29:15.715716" elapsed="0.000167"/>
</kw>
<kw name="Create List" owner="BuiltIn">
<msg time="2024-05-19T02:29:15.716478" level="INFO">${expected_keys} = ['gender', 'name', 'location', 'email', 'login']</msg>
<var>${expected_keys}</var>
<arg>gender</arg>
<arg>name</arg>
<arg>location</arg>
<arg>email</arg>
<arg>login</arg>
<doc>Returns a list containing given items.</doc>
<status status="PASS" start="2024-05-19T02:29:15.716174" elapsed="0.000328"/>
</kw>
<for flavor="IN">
<iter>
<kw name="Dictionary Should Contain Key" owner="Collections">
<msg time="2024-05-19T02:29:15.717524" level="INFO">False</msg>
<arg>${json_data['results'][0]}</arg>
<arg>${key}</arg>
<doc>Fails if ``key`` is not found from ``dictionary``.</doc>
<status status="PASS" start="2024-05-19T02:29:15.717087" elapsed="0.000476"/>
</kw>
<kw name="Log" owner="BuiltIn">
<msg time="2024-05-19T02:29:15.718225" level="INFO">{'gender': 'male', 'name': {'title': 'Mr', 'first': 'Phillip', 'last': 'Evans'}, 'location': {'street': {'number': 4245, 'name': 'Wycliff Ave'}, 'city': 'Visalia', 'state': 'Virginia', 'country': 'United States', 'postcode': 56246, 'coordinates': {'latitude': '86.5274', 'longitude': '-17.3340'}, 'timezone': {'offset': '+3:30', 'description': 'Tehran'}}, 'email': 'phillip.evans@example.com', 'login': {'uuid': 'c396ffe8-83ef-4bd0-b940-64c41457a939', 'username': 'crazybear437', 'password': 'meagan', 'salt': 'Gn39S2dD', 'md5': 'd7270ecb5c3158e37d821f5fd81c04a5', 'sha1': '3b1b699d4ffc2b85933cc0f9bfda71a86f4e623e', 'sha256': 'fc998277cac8ab88f40480fb8ece8561c1e1c8a7de7359470da89c57b38cc89b'}, 'dob': {'date': '1962-05-01T08:24:30.775Z', 'age': 62}, 'registered': {'date': '2017-09-26T17:50:34.767Z', 'age': 6}, 'phone': '(233) 565-1674', 'cell': '(745) 748-4226', 'id': {'name': 'SSN', 'value': '391-84-9012'}, 'picture': {'large': 'https://randomuser.me/api/portraits/men/26.jpg', 'medium': 'https://randomuser.me/api/portraits/med/men/26.jpg', 'thumbnail': 'https://randomuser.me/api/portraits/thumb/men/26.jpg'}, 'nat': 'US'}</msg>
<arg>${json_data['results'][0]}</arg>
<doc>Logs the given message with the given level.</doc>
<status status="PASS" start="2024-05-19T02:29:15.717866" elapsed="0.000408"/>
</kw>
<kw name="Log" owner="BuiltIn">
<msg time="2024-05-19T02:29:15.718699" level="INFO">gender</msg>
<arg>${key}</arg>
<doc>Logs the given message with the given level.</doc>
<status status="PASS" start="2024-05-19T02:29:15.718571" elapsed="0.000165"/>
</kw>
<var name="${key}">gender</var>
<status status="PASS" start="2024-05-19T02:29:15.716963" elapsed="0.001988"/>
</iter>
<iter>
<kw name="Dictionary Should Contain Key" owner="Collections">
<msg time="2024-05-19T02:29:15.719636" level="INFO">False</msg>
<arg>${json_data['results'][0]}</arg>
<arg>${key}</arg>
<doc>Fails if ``key`` is not found from ``dictionary``.</doc>
<status status="PASS" start="2024-05-19T02:29:15.719251" elapsed="0.000422"/>
</kw>
<kw name="Log" owner="BuiltIn">
<msg time="2024-05-19T02:29:15.720351" level="INFO">{'gender': 'male', 'name': {'title': 'Mr', 'first': 'Phillip', 'last': 'Evans'}, 'location': {'street': {'number': 4245, 'name': 'Wycliff Ave'}, 'city': 'Visalia', 'state': 'Virginia', 'country': 'United States', 'postcode': 56246, 'coordinates': {'latitude': '86.5274', 'longitude': '-17.3340'}, 'timezone': {'offset': '+3:30', 'description': 'Tehran'}}, 'email': 'phillip.evans@example.com', 'login': {'uuid': 'c396ffe8-83ef-4bd0-b940-64c41457a939', 'username': 'crazybear437', 'password': 'meagan', 'salt': 'Gn39S2dD', 'md5': 'd7270ecb5c3158e37d821f5fd81c04a5', 'sha1': '3b1b699d4ffc2b85933cc0f9bfda71a86f4e623e', 'sha256': 'fc998277cac8ab88f40480fb8ece8561c1e1c8a7de7359470da89c57b38cc89b'}, 'dob': {'date': '1962-05-01T08:24:30.775Z', 'age': 62}, 'registered': {'date': '2017-09-26T17:50:34.767Z', 'age': 6}, 'phone': '(233) 565-1674', 'cell': '(745) 748-4226', 'id': {'name': 'SSN', 'value': '391-84-9012'}, 'picture': {'large': 'https://randomuser.me/api/portraits/men/26.jpg', 'medium': 'https://randomuser.me/api/portraits/med/men/26.jpg', 'thumbnail': 'https://randomuser.me/api/portraits/thumb/men/26.jpg'}, 'nat': 'US'}</msg>
<arg>${json_data['results'][0]}</arg>
<doc>Logs the given message with the given level.</doc>
<status status="PASS" start="2024-05-19T02:29:15.719995" elapsed="0.000405"/>
</kw>
<kw name="Log" owner="BuiltIn">
<msg time="2024-05-19T02:29:15.720816" level="INFO">name</msg>
<arg>${key}</arg>
<doc>Logs the given message with the given level.</doc>
<status status="PASS" start="2024-05-19T02:29:15.720690" elapsed="0.000163"/>
</kw>
<var name="${key}">name</var>
<status status="PASS" start="2024-05-19T02:29:15.719136" elapsed="0.001930"/>
</iter>
<iter>
<kw name="Dictionary Should Contain Key" owner="Collections">
<msg time="2024-05-19T02:29:15.721756" level="INFO">False</msg>
<arg>${json_data['results'][0]}</arg>
<arg>${key}</arg>
<doc>Fails if ``key`` is not found from ``dictionary``.</doc>
<status status="PASS" start="2024-05-19T02:29:15.721350" elapsed="0.000443"/>
</kw>
<kw name="Log" owner="BuiltIn">
<msg time="2024-05-19T02:29:15.722450" level="INFO">{'gender': 'male', 'name': {'title': 'Mr', 'first': 'Phillip', 'last': 'Evans'}, 'location': {'street': {'number': 4245, 'name': 'Wycliff Ave'}, 'city': 'Visalia', 'state': 'Virginia', 'country': 'United States', 'postcode': 56246, 'coordinates': {'latitude': '86.5274', 'longitude': '-17.3340'}, 'timezone': {'offset': '+3:30', 'description': 'Tehran'}}, 'email': 'phillip.evans@example.com', 'login': {'uuid': 'c396ffe8-83ef-4bd0-b940-64c41457a939', 'username': 'crazybear437', 'password': 'meagan', 'salt': 'Gn39S2dD', 'md5': 'd7270ecb5c3158e37d821f5fd81c04a5', 'sha1': '3b1b699d4ffc2b85933cc0f9bfda71a86f4e623e', 'sha256': 'fc998277cac8ab88f40480fb8ece8561c1e1c8a7de7359470da89c57b38cc89b'}, 'dob': {'date': '1962-05-01T08:24:30.775Z', 'age': 62}, 'registered': {'date': '2017-09-26T17:50:34.767Z', 'age': 6}, 'phone': '(233) 565-1674', 'cell': '(745) 748-4226', 'id': {'name': 'SSN', 'value': '391-84-9012'}, 'picture': {'large': 'https://randomuser.me/api/portraits/men/26.jpg', 'medium': 'https://randomuser.me/api/portraits/med/men/26.jpg', 'thumbnail': 'https://randomuser.me/api/portraits/thumb/men/26.jpg'}, 'nat': 'US'}</msg>
<arg>${json_data['results'][0]}</arg>
<doc>Logs the given message with the given level.</doc>
<status status="PASS" start="2024-05-19T02:29:15.722089" elapsed="0.000410"/>
</kw>
<kw name="Log" owner="BuiltIn">
<msg time="2024-05-19T02:29:15.722913" level="INFO">location</msg>
<arg>${key}</arg>
<doc>Logs the given message with the given level.</doc>
<status status="PASS" start="2024-05-19T02:29:15.722788" elapsed="0.000163"/>
</kw>
<var name="${key}">location</var>
<status status="PASS" start="2024-05-19T02:29:15.721240" elapsed="0.001923"/>
</iter>
<iter>
<kw name="Dictionary Should Contain Key" owner="Collections">
<msg time="2024-05-19T02:29:15.723821" level="INFO">False</msg>
<arg>${json_data['results'][0]}</arg>
<arg>${key}</arg>
<doc>Fails if ``key`` is not found from ``dictionary``.</doc>
<status status="PASS" start="2024-05-19T02:29:15.723443" elapsed="0.000415"/>
</kw>
<kw name="Log" owner="BuiltIn">
<msg time="2024-05-19T02:29:15.724512" level="INFO">{'gender': 'male', 'name': {'title': 'Mr', 'first': 'Phillip', 'last': 'Evans'}, 'location': {'street': {'number': 4245, 'name': 'Wycliff Ave'}, 'city': 'Visalia', 'state': 'Virginia', 'country': 'United States', 'postcode': 56246, 'coordinates': {'latitude': '86.5274', 'longitude': '-17.3340'}, 'timezone': {'offset': '+3:30', 'description': 'Tehran'}}, 'email': 'phillip.evans@example.com', 'login': {'uuid': 'c396ffe8-83ef-4bd0-b940-64c41457a939', 'username': 'crazybear437', 'password': 'meagan', 'salt': 'Gn39S2dD', 'md5': 'd7270ecb5c3158e37d821f5fd81c04a5', 'sha1': '3b1b699d4ffc2b85933cc0f9bfda71a86f4e623e', 'sha256': 'fc998277cac8ab88f40480fb8ece8561c1e1c8a7de7359470da89c57b38cc89b'}, 'dob': {'date': '1962-05-01T08:24:30.775Z', 'age': 62}, 'registered': {'date': '2017-09-26T17:50:34.767Z', 'age': 6}, 'phone': '(233) 565-1674', 'cell': '(745) 748-4226', 'id': {'name': 'SSN', 'value': '391-84-9012'}, 'picture': {'large': 'https://randomuser.me/api/portraits/men/26.jpg', 'medium': 'https://randomuser.me/api/portraits/med/men/26.jpg', 'thumbnail': 'https://randomuser.me/api/portraits/thumb/men/26.jpg'}, 'nat': 'US'}</msg>
<arg>${json_data['results'][0]}</arg>
<doc>Logs the given message with the given level.</doc>
<status status="PASS" start="2024-05-19T02:29:15.724162" elapsed="0.000406"/>
</kw>
<kw name="Log" owner="BuiltIn">
<msg time="2024-05-19T02:29:15.724979" level="INFO">email</msg>
<arg>${key}</arg>
<doc>Logs the given message with the given level.</doc>
<status status="PASS" start="2024-05-19T02:29:15.724856" elapsed="0.000159"/>
</kw>
<var name="${key}">email</var>
<status status="PASS" start="2024-05-19T02:29:15.723333" elapsed="0.001893"/>
</iter>
<iter>
<kw name="Dictionary Should Contain Key" owner="Collections">
<msg time="2024-05-19T02:29:15.725917" level="INFO">False</msg>
<arg>${json_data['results'][0]}</arg>
<arg>${key}</arg>
<doc>Fails if ``key`` is not found from ``dictionary``.</doc>
<status status="PASS" start="2024-05-19T02:29:15.725536" elapsed="0.000417"/>
</kw>
<kw name="Log" owner="BuiltIn">
<msg time="2024-05-19T02:29:15.726602" level="INFO">{'gender': 'male', 'name': {'title': 'Mr', 'first': 'Phillip', 'last': 'Evans'}, 'location': {'street': {'number': 4245, 'name': 'Wycliff Ave'}, 'city': 'Visalia', 'state': 'Virginia', 'country': 'United States', 'postcode': 56246, 'coordinates': {'latitude': '86.5274', 'longitude': '-17.3340'}, 'timezone': {'offset': '+3:30', 'description': 'Tehran'}}, 'email': 'phillip.evans@example.com', 'login': {'uuid': 'c396ffe8-83ef-4bd0-b940-64c41457a939', 'username': 'crazybear437', 'password': 'meagan', 'salt': 'Gn39S2dD', 'md5': 'd7270ecb5c3158e37d821f5fd81c04a5', 'sha1': '3b1b699d4ffc2b85933cc0f9bfda71a86f4e623e', 'sha256': 'fc998277cac8ab88f40480fb8ece8561c1e1c8a7de7359470da89c57b38cc89b'}, 'dob': {'date': '1962-05-01T08:24:30.775Z', 'age': 62}, 'registered': {'date': '2017-09-26T17:50:34.767Z', 'age': 6}, 'phone': '(233) 565-1674', 'cell': '(745) 748-4226', 'id': {'name': 'SSN', 'value': '391-84-9012'}, 'picture': {'large': 'https://randomuser.me/api/portraits/men/26.jpg', 'medium': 'https://randomuser.me/api/portraits/med/men/26.jpg', 'thumbnail': 'https://randomuser.me/api/portraits/thumb/men/26.jpg'}, 'nat': 'US'}</msg>
<arg>${json_data['results'][0]}</arg>
<doc>Logs the given message with the given level.</doc>
<status status="PASS" start="2024-05-19T02:29:15.726243" elapsed="0.000405"/>
</kw>
<kw name="Log" owner="BuiltIn">
<msg time="2024-05-19T02:29:15.727070" level="INFO">login</msg>
<arg>${key}</arg>
<doc>Logs the given message with the given level.</doc>
<status status="PASS" start="2024-05-19T02:29:15.726945" elapsed="0.000162"/>
</kw>
<var name="${key}">login</var>
<status status="PASS" start="2024-05-19T02:29:15.725416" elapsed="0.001905"/>
</iter>
<var>${key}</var>
<value>@{expected_keys}</value>
<status status="PASS" start="2024-05-19T02:29:15.716773" elapsed="0.010667"/>
</for>
<kw name="Create List" owner="BuiltIn">
<msg time="2024-05-19T02:29:15.727798" level="INFO">${expected_keysTwo} = ['username', 'password']</msg>
<var>${expected_keysTwo}</var>
<arg>username</arg>
<arg>password</arg>
<doc>Returns a list containing given items.</doc>
<status status="PASS" start="2024-05-19T02:29:15.727663" elapsed="0.000158"/>
</kw>
<for flavor="IN">
<iter>
<kw name="Dictionary Should Contain Key" owner="Collections">
<msg time="2024-05-19T02:29:15.728704" level="INFO">False</msg>
<arg>${json_data['results'][0]['login']}</arg>
<arg>${keyTwo}</arg>
<doc>Fails if ``key`` is not found from ``dictionary``.</doc>
<status status="PASS" start="2024-05-19T02:29:15.728321" elapsed="0.000419"/>
</kw>
<kw name="Dictionary Should Contain Key" owner="Collections">
<msg time="2024-05-19T02:29:15.729435" level="INFO">False</msg>
<arg>${json_data['results'][0]['login']}</arg>
<arg>${keyTwo}</arg>
<doc>Fails if ``key`` is not found from ``dictionary``.</doc>
<status status="PASS" start="2024-05-19T02:29:15.729035" elapsed="0.000438"/>
</kw>
<kw name="Log" owner="BuiltIn">
<msg time="2024-05-19T02:29:15.729886" level="INFO">username</msg>
<arg>${keyTwo}</arg>
<doc>Logs the given message with the given level.</doc>
<status status="PASS" start="2024-05-19T02:29:15.729762" elapsed="0.000165"/>
</kw>
<var name="${keyTwo}">username</var>
<status status="PASS" start="2024-05-19T02:29:15.728206" elapsed="0.001932"/>
</iter>
<iter>
<kw name="Dictionary Should Contain Key" owner="Collections">
<msg time="2024-05-19T02:29:15.730797" level="INFO">False</msg>
<arg>${json_data['results'][0]['login']}</arg>
<arg>${keyTwo}</arg>
<doc>Fails if ``key`` is not found from ``dictionary``.</doc>
<status status="PASS" start="2024-05-19T02:29:15.730417" elapsed="0.000417"/>
</kw>
<kw name="Dictionary Should Contain Key" owner="Collections">
<msg time="2024-05-19T02:29:15.731570" level="INFO">False</msg>
<arg>${json_data['results'][0]['login']}</arg>
<arg>${keyTwo}</arg>
<doc>Fails if ``key`` is not found from ``dictionary``.</doc>
<status status="PASS" start="2024-05-19T02:29:15.731119" elapsed="0.000487"/>
</kw>
<kw name="Log" owner="BuiltIn">
<msg time="2024-05-19T02:29:15.732021" level="INFO">password</msg>
<arg>${keyTwo}</arg>
<doc>Logs the given message with the given level.</doc>
<status status="PASS" start="2024-05-19T02:29:15.731896" elapsed="0.000161"/>
</kw>
<var name="${keyTwo}">password</var>
<status status="PASS" start="2024-05-19T02:29:15.730308" elapsed="0.001962"/>
</iter>
<var>${keyTwo}</var>
<value>@{expected_keysTwo}</value>
<status status="PASS" start="2024-05-19T02:29:15.728057" elapsed="0.004331"/>
</for>
<status status="PASS" start="2024-05-19T02:29:15.614600" elapsed="0.117925"/>
</kw>
<doc>Testa a estrutura da resposta da API.</doc>
<tag>testeEstruturaResposta</tag>
<status status="PASS" start="2024-05-19T02:29:15.613986" elapsed="0.118695"/>
</test>
<test id="s1-s1-t4" name="Validar tipos de dados" line="28">
<kw name="Teste de Tipos de Dados" owner="random-user-service">
<kw name="GET On Session" owner="RequestsLibrary">
<msg time="2024-05-19T02:29:15.805326" level="INFO">GET Request : url=https://randomuser.me/api 
 path_url=/api 
 headers={'User-Agent': 'python-requests/2.31.0', 'Accept-Encoding': 'gzip, deflate', 'Accept': '*/*', 'Connection': 'keep-alive'} 
 body=None 
 </msg>
<msg time="2024-05-19T02:29:15.805447" level="INFO">GET Response : url=https://randomuser.me/api 
 status=200, reason=OK 
 headers={'Date': 'Sun, 19 May 2024 02:29:15 GMT', 'Content-Type': 'application/json; charset=utf-8', 'Transfer-Encoding': 'chunked', 'Connection': 'keep-alive', 'X-Powered-By': 'Express', 'Access-Control-Allow-Origin': '*', 'Cache-Control': 'no-cache', 'ETag': 'W/"4a8-d0Jxg7b+uBLFqTcyq0RYKJKgKjo"', 'Vary': 'Accept-Encoding', 'Content-Encoding': 'gzip', 'CF-Cache-Status': 'DYNAMIC', 'Report-To': '{"endpoints":[{"url":"https:\\/\\/a.nel.cloudflare.com\\/report\\/v4?s=%2FW%2B3VrNF0nB2xnSfwd3cAo2F23mFJiBvWRAyBPWMbeetkOjZuv5s2V%2FFD9MFWFxO15J9howU8DByK3WHMvuC%2B%2FNQY%2BoIxqjelvp1n3NCQ19dYYdD16OeaJvLqvH4hkMV"}],"group":"cf-nel","max_age":604800}', 'NEL': '{"success_fraction":0,"report_to":"cf-nel","max_age":604800}', 'Server': 'cloudflare', 'CF-RAY': '8860a8855b997fa6-IAD', 'alt-svc': 'h3=":443"; ma=86400'} 
 body={"results":[{"gender":"female","name":{"title":"Madame","first":"Mirjam","last":"Berger"},"location":{"street":{"number":4037,"name":"Rue Principale"},"city":"Walliswil bei Niederbipp","state":"Luzern","country":"Switzerland","postcode":7183,"coordinates":{"latitude":"-63.1987","longitude":"42.1970"},"timezone":{"offset":"-1:00","description":"Azores, Cape Verde Islands"}},"email":"mirjam.berger@example.com","login":{"uuid":"b0f66ff7-d6a6-4107-8b84-c6d74faa8c4d","username":"crazyrabbit493","password":"lotus","salt":"zOzgdDFS","md5":"a399ecd210432829d06850eb16a5ecbc","sha1":"e0138cdd1c4cc6489e7ab9778c67411e0800fb2f","sha256":"cf31449f415d9aa134dd96634b89ff3725c908c176e1f749f1d194bc59cfc742"},"dob":{"date":"1993-10-17T08:21:19.957Z","age":30},"registered":{"date":"2011-02-16T16:11:26.367Z","age":13},"phone":"078 572 84 54","cell":"076 618 67 35","id":{"name":"AVS","value":"756.7787.2239.87"},"picture":{"large":"https://randomuser.me/api/portraits/women/25.jpg","medium":"https://randomuser.me/api/portraits/med/women/25.jpg","thumbnail":"https://randomuser.me/api/portraits/thumb/women/25.jpg"},"nat":"CH"}],"info":{"seed":"21d32546e2965fe4","results":1,"page":1,"version":"1.4"}} 
 </msg>
<msg time="2024-05-19T02:29:15.805523" level="INFO">/opt/hostedtoolcache/Python/3.12.3/x64/lib/python3.12/site-packages/urllib3/connectionpool.py:1103: InsecureRequestWarning: Unverified HTTPS request is being made to host 'randomuser.me'. Adding certificate verification is strongly advised. See: https://urllib3.readthedocs.io/en/latest/advanced-usage.html#tls-warnings
  warnings.warn(</msg>
<msg time="2024-05-19T02:29:15.805645" level="INFO">${response} = &lt;Response [200]&gt;</msg>
<var>${response}</var>
<arg>consultarAPI</arg>
<arg>/api</arg>
<doc>Sends a GET request on a previously created HTTP Session.</doc>
<status status="PASS" start="2024-05-19T02:29:15.735234" elapsed="0.070449"/>
</kw>
<kw name="Set Variable" owner="BuiltIn">
<msg time="2024-05-19T02:29:15.806853" level="INFO">${json_data} = {'results': [{'gender': 'female', 'name': {'title': 'Madame', 'first': 'Mirjam', 'last': 'Berger'}, 'location': {'street': {'number': 4037, 'name': 'Rue Principale'}, 'city': 'Walliswil bei Niederbipp...</msg>
<var>${json_data}</var>
<arg>${response.json()}</arg>
<doc>Returns the given values which can then be assigned to a variables.</doc>
<status status="PASS" start="2024-05-19T02:29:15.806301" elapsed="0.000581"/>
</kw>
<kw name="Log" owner="BuiltIn">
<msg time="2024-05-19T02:29:15.807349" level="INFO">{'results': [{'gender': 'female', 'name': {'title': 'Madame', 'first': 'Mirjam', 'last': 'Berger'}, 'location': {'street': {'number': 4037, 'name': 'Rue Principale'}, 'city': 'Walliswil bei Niederbipp', 'state': 'Luzern', 'country': 'Switzerland', 'postcode': 7183, 'coordinates': {'latitude': '-63.1987', 'longitude': '42.1970'}, 'timezone': {'offset': '-1:00', 'description': 'Azores, Cape Verde Islands'}}, 'email': 'mirjam.berger@example.com', 'login': {'uuid': 'b0f66ff7-d6a6-4107-8b84-c6d74faa8c4d', 'username': 'crazyrabbit493', 'password': 'lotus', 'salt': 'zOzgdDFS', 'md5': 'a399ecd210432829d06850eb16a5ecbc', 'sha1': 'e0138cdd1c4cc6489e7ab9778c67411e0800fb2f', 'sha256': 'cf31449f415d9aa134dd96634b89ff3725c908c176e1f749f1d194bc59cfc742'}, 'dob': {'date': '1993-10-17T08:21:19.957Z', 'age': 30}, 'registered': {'date': '2011-02-16T16:11:26.367Z', 'age': 13}, 'phone': '078 572 84 54', 'cell': '076 618 67 35', 'id': {'name': 'AVS', 'value': '756.7787.2239.87'}, 'picture': {'large': 'https://randomuser.me/api/portraits/women/25.jpg', 'medium': 'https://randomuser.me/api/portraits/med/women/25.jpg', 'thumbnail': 'https://randomuser.me/api/portraits/thumb/women/25.jpg'}, 'nat': 'CH'}], 'info': {'seed': '21d32546e2965fe4', 'results': 1, 'page': 1, 'version': '1.4'}}</msg>
<arg>${json_data}</arg>
<doc>Logs the given message with the given level.</doc>
<status status="PASS" start="2024-05-19T02:29:15.807194" elapsed="0.000245"/>
</kw>
<kw name="Should Be String" owner="String">
<arg>${json_data['results'][0]['gender']}</arg>
<doc>Fails if the given ``item`` is not a string.</doc>
<status status="PASS" start="2024-05-19T02:29:15.807737" elapsed="0.000362"/>
</kw>
<kw name="Should Match Regexp" owner="BuiltIn">
<arg>${json_data['results'][0]['email']}</arg>
<arg>^[a-zA-Z0-9._%+-]+@[a-zA-Z0-9.-]+\.[a-zA-Z]{2,}$</arg>
<doc>Fails if ``string`` does not match ``pattern`` as a regular expression.</doc>
<status status="PASS" start="2024-05-19T02:29:15.808292" elapsed="0.000521"/>
</kw>
<kw name="Should Match Regexp" owner="BuiltIn">
<arg>${json_data['results'][0]['dob']['date']}</arg>
<arg>\\d{4}-\\d{2}-\\d{2}T\\d{2}:\\d{2}:\\d{2}\\.\\d{3}Z</arg>
<doc>Fails if ``string`` does not match ``pattern`` as a regular expression.</doc>
<status status="PASS" start="2024-05-19T02:29:15.809005" elapsed="0.000526"/>
</kw>
<kw name="Should Match Regexp" owner="BuiltIn">
<arg>${json_data['results'][0]['registered']['date']}</arg>
<arg>\\d{4}-\\d{2}-\\d{2}T\\d{2}:\\d{2}:\\d{2}\\.\\d{3}Z</arg>
<doc>Fails if ``string`` does not match ``pattern`` as a regular expression.</doc>
<status status="PASS" start="2024-05-19T02:29:15.809723" elapsed="0.000364"/>
</kw>
<kw name="Should Match Regexp" owner="BuiltIn">
<arg>${json_data['results'][0]['picture']['large']}</arg>
<arg>^https?://.*\.(?:png|jpe?g|gif|bmp)$</arg>
<doc>Fails if ``string`` does not match ``pattern`` as a regular expression.</doc>
<status status="PASS" start="2024-05-19T02:29:15.810273" elapsed="0.000465"/>
</kw>
<kw name="Should Match Regexp" owner="BuiltIn">
<arg>${json_data['results'][0]['picture']['medium']}</arg>
<arg>^https?://.*\.(?:png|jpe?g|gif|bmp)$</arg>
<doc>Fails if ``string`` does not match ``pattern`` as a regular expression.</doc>
<status status="PASS" start="2024-05-19T02:29:15.810923" elapsed="0.000346"/>
</kw>
<kw name="Should Match Regexp" owner="BuiltIn">
<arg>${json_data['results'][0]['picture']['thumbnail']}</arg>
<arg>^https?://.*\.(?:png|jpe?g|gif|bmp)$</arg>
<doc>Fails if ``string`` does not match ``pattern`` as a regular expression.</doc>
<status status="PASS" start="2024-05-19T02:29:15.811458" elapsed="0.000349"/>
</kw>
<kw name="Log" owner="BuiltIn">
<msg time="2024-05-19T02:29:15.812303" level="INFO">{'large': 'https://randomuser.me/api/portraits/women/25.jpg', 'medium': 'https://randomuser.me/api/portraits/med/women/25.jpg', 'thumbnail': 'https://randomuser.me/api/portraits/thumb/women/25.jpg'}</msg>
<arg>${json_data['results'][0]['picture']}</arg>
<doc>Logs the given message with the given level.</doc>
<status status="PASS" start="2024-05-19T02:29:15.811988" elapsed="0.000357"/>
</kw>
<status status="PASS" start="2024-05-19T02:29:15.735006" elapsed="0.077596"/>
</kw>
<kw name="Teste de Tipos de Dados - Postcode" owner="random-user-service">
<kw name="GET On Session" owner="RequestsLibrary">
<msg time="2024-05-19T02:29:15.904306" level="INFO">GET Request : url=https://randomuser.me/api 
 path_url=/api 
 headers={'User-Agent': 'python-requests/2.31.0', 'Accept-Encoding': 'gzip, deflate', 'Accept': '*/*', 'Connection': 'keep-alive'} 
 body=None 
 </msg>
<msg time="2024-05-19T02:29:15.904414" level="INFO">GET Response : url=https://randomuser.me/api 
 status=200, reason=OK 
 headers={'Date': 'Sun, 19 May 2024 02:29:15 GMT', 'Content-Type': 'application/json; charset=utf-8', 'Transfer-Encoding': 'chunked', 'Connection': 'keep-alive', 'X-Powered-By': 'Express', 'Access-Control-Allow-Origin': '*', 'Cache-Control': 'no-cache', 'ETag': 'W/"4a1-W4y3G9B0ejBTPyHBl18mCdgHK1I"', 'Vary': 'Accept-Encoding', 'Content-Encoding': 'gzip', 'CF-Cache-Status': 'DYNAMIC', 'Report-To': '{"endpoints":[{"url":"https:\\/\\/a.nel.cloudflare.com\\/report\\/v4?s=FTuZlxwdj2eILkuZR%2F5DzsqbFMl0MahREvODsu7TN6KoVuMD8P7ZbC7ZPrTaMqZsNe1MaIwZ6l9OqUqHXVCS4Emt76MZFGDkRN7CXrHZbuajRXhHNwQUy7C%2FbKFu6DNk"}],"group":"cf-nel","max_age":604800}', 'NEL': '{"success_fraction":0,"report_to":"cf-nel","max_age":604800}', 'Server': 'cloudflare', 'CF-RAY': '8860a885dbf47fa6-IAD', 'alt-svc': 'h3=":443"; ma=86400'} 
 body={"results":[{"gender":"female","name":{"title":"Miss","first":"Olea","last":"Kjellevold"},"location":{"street":{"number":5395,"name":"Nordraaks gate"},"city":"Ferkingstad","state":"Description","country":"Norway","postcode":"9770","coordinates":{"latitude":"46.1878","longitude":"131.8378"},"timezone":{"offset":"+3:00","description":"Baghdad, Riyadh, Moscow, St. Petersburg"}},"email":"olea.kjellevold@example.com","login":{"uuid":"c6188923-4877-4cea-accc-8e92c6f1645c","username":"silverleopard926","password":"sherlock","salt":"FCCW5POW","md5":"d7811759ba8135b4b46eadf46ecba97e","sha1":"58115121fd00fba192f5f0268e08efdc0ca8a3bb","sha256":"cdeb34d6c52bc15cee193c72023fad5935a66cfc8e940fd6d9c07e766ddfa0f2"},"dob":{"date":"1977-02-07T07:09:35.868Z","age":47},"registered":{"date":"2005-10-15T23:03:52.055Z","age":18},"phone":"59032376","cell":"96468852","id":{"name":"FN","value":"07027711086"},"picture":{"large":"https://randomuser.me/api/portraits/women/76.jpg","medium":"https://randomuser.me/api/portraits/med/women/76.jpg","thumbnail":"https://randomuser.me/api/portraits/thumb/women/76.jpg"},"nat":"NO"}],"info":{"seed":"50a9e903d3fc17ed","results":1,"page":1,"version":"1.4"}} 
 </msg>
<msg time="2024-05-19T02:29:15.904493" level="INFO">/opt/hostedtoolcache/Python/3.12.3/x64/lib/python3.12/site-packages/urllib3/connectionpool.py:1103: InsecureRequestWarning: Unverified HTTPS request is being made to host 'randomuser.me'. Adding certificate verification is strongly advised. See: https://urllib3.readthedocs.io/en/latest/advanced-usage.html#tls-warnings
  warnings.warn(</msg>
<msg time="2024-05-19T02:29:15.904626" level="INFO">${response} = &lt;Response [200]&gt;</msg>
<var>${response}</var>
<arg>consultarAPI</arg>
<arg>/api</arg>
<doc>Sends a GET request on a previously created HTTP Session.</doc>
<status status="PASS" start="2024-05-19T02:29:15.813061" elapsed="0.091604"/>
</kw>
<kw name="Set Variable" owner="BuiltIn">
<msg time="2024-05-19T02:29:15.905881" level="INFO">${json_data} = {'results': [{'gender': 'female', 'name': {'title': 'Miss', 'first': 'Olea', 'last': 'Kjellevold'}, 'location': {'street': {'number': 5395, 'name': 'Nordraaks gate'}, 'city': 'Ferkingstad', 'state': '...</msg>
<var>${json_data}</var>
<arg>${response.json()}</arg>
<doc>Returns the given values which can then be assigned to a variables.</doc>
<status status="PASS" start="2024-05-19T02:29:15.905284" elapsed="0.000627"/>
</kw>
<kw name="Log" owner="BuiltIn">
<msg time="2024-05-19T02:29:15.906376" level="INFO">{'results': [{'gender': 'female', 'name': {'title': 'Miss', 'first': 'Olea', 'last': 'Kjellevold'}, 'location': {'street': {'number': 5395, 'name': 'Nordraaks gate'}, 'city': 'Ferkingstad', 'state': 'Description', 'country': 'Norway', 'postcode': '9770', 'coordinates': {'latitude': '46.1878', 'longitude': '131.8378'}, 'timezone': {'offset': '+3:00', 'description': 'Baghdad, Riyadh, Moscow, St. Petersburg'}}, 'email': 'olea.kjellevold@example.com', 'login': {'uuid': 'c6188923-4877-4cea-accc-8e92c6f1645c', 'username': 'silverleopard926', 'password': 'sherlock', 'salt': 'FCCW5POW', 'md5': 'd7811759ba8135b4b46eadf46ecba97e', 'sha1': '58115121fd00fba192f5f0268e08efdc0ca8a3bb', 'sha256': 'cdeb34d6c52bc15cee193c72023fad5935a66cfc8e940fd6d9c07e766ddfa0f2'}, 'dob': {'date': '1977-02-07T07:09:35.868Z', 'age': 47}, 'registered': {'date': '2005-10-15T23:03:52.055Z', 'age': 18}, 'phone': '59032376', 'cell': '96468852', 'id': {'name': 'FN', 'value': '07027711086'}, 'picture': {'large': 'https://randomuser.me/api/portraits/women/76.jpg', 'medium': 'https://randomuser.me/api/portraits/med/women/76.jpg', 'thumbnail': 'https://randomuser.me/api/portraits/thumb/women/76.jpg'}, 'nat': 'NO'}], 'info': {'seed': '50a9e903d3fc17ed', 'results': 1, 'page': 1, 'version': '1.4'}}</msg>
<arg>${json_data}</arg>
<doc>Logs the given message with the given level.</doc>
<status status="PASS" start="2024-05-19T02:29:15.906219" elapsed="0.000238"/>
</kw>
<kw name="Should Be Equal As Numbers" owner="BuiltIn">
<arg>${json_data['results'][0]['location']['postcode']}</arg>
<arg>${json_data['results'][0]['location']['postcode']}</arg>
<doc>Fails if objects are unequal after converting them to real numbers.</doc>
<status status="PASS" start="2024-05-19T02:29:15.906766" elapsed="0.000804"/>
</kw>
<kw name="Log" owner="BuiltIn">
<msg time="2024-05-19T02:29:15.908100" level="INFO">9770</msg>
<arg>${json_data['results'][0]['location']['postcode']}</arg>
<doc>Logs the given message with the given level.</doc>
<status status="PASS" start="2024-05-19T02:29:15.907764" elapsed="0.000376"/>
</kw>
<status status="PASS" start="2024-05-19T02:29:15.812831" elapsed="0.095564"/>
</kw>
<doc>Testa se os tipos de dados na resposta da API estão corretos.</doc>
<tag>testeTiposDados</tag>
<status status="PASS" start="2024-05-19T02:29:15.734454" elapsed="0.174109"/>
</test>
<test id="s1-s1-t5" name="Validar conteudo" line="35">
<kw name="Teste de Tipos de Conteudo" owner="random-user-service">
<kw name="GET On Session" owner="RequestsLibrary">
<msg time="2024-05-19T02:29:16.004965" level="INFO">GET Request : url=https://randomuser.me/api 
 path_url=/api 
 headers={'User-Agent': 'python-requests/2.31.0', 'Accept-Encoding': 'gzip, deflate', 'Accept': '*/*', 'Connection': 'keep-alive'} 
 body=None 
 </msg>
<msg time="2024-05-19T02:29:16.005068" level="INFO">GET Response : url=https://randomuser.me/api 
 status=200, reason=OK 
 headers={'Date': 'Sun, 19 May 2024 02:29:16 GMT', 'Content-Type': 'application/json; charset=utf-8', 'Transfer-Encoding': 'chunked', 'Connection': 'keep-alive', 'X-Powered-By': 'Express', 'Access-Control-Allow-Origin': '*', 'Cache-Control': 'no-cache', 'ETag': 'W/"495-4n/OPa9Hayll0vYENNIBK5KoxYQ"', 'Vary': 'Accept-Encoding', 'Content-Encoding': 'gzip', 'CF-Cache-Status': 'DYNAMIC', 'Report-To': '{"endpoints":[{"url":"https:\\/\\/a.nel.cloudflare.com\\/report\\/v4?s=XVnsGFGB%2Bk4GcJqW8cl7C4jYfApgh5U0KNIZGf%2FL0iFiULaMYCtH69GCHBaXwdPiUEVPBqiFlLxcvFNcCcHW4zWT3mVGA%2F809%2FTwPJdar9nidorqFTObpOwfjlMkzorX"}],"group":"cf-nel","max_age":604800}', 'NEL': '{"success_fraction":0,"report_to":"cf-nel","max_age":604800}', 'Server': 'cloudflare', 'CF-RAY': '8860a8867c657fa6-IAD', 'alt-svc': 'h3=":443"; ma=86400'} 
 body={"results":[{"gender":"female","name":{"title":"Mrs","first":"Linnea","last":"Waara"},"location":{"street":{"number":8139,"name":"Mannerheimintie"},"city":"Lapinlahti","state":"Satakunta","country":"Finland","postcode":66477,"coordinates":{"latitude":"-22.3463","longitude":"41.4867"},"timezone":{"offset":"-1:00","description":"Azores, Cape Verde Islands"}},"email":"linnea.waara@example.com","login":{"uuid":"7f96d56a-a34f-4fd8-a9c3-f7eb6825e6a9","username":"bluezebra525","password":"sentinel","salt":"nr70YFOI","md5":"e2ab8cfed950c0113c577d5d8c3706f0","sha1":"fd23c179f01fbd39c688bfc962ba0361315d73c5","sha256":"0dddd79059eaef340ba1f5a63db6b1a5c0d9cd1aebfdc6723e728e7e1947b832"},"dob":{"date":"1996-04-13T18:40:08.847Z","age":28},"registered":{"date":"2016-03-20T06:37:25.965Z","age":8},"phone":"06-139-366","cell":"047-909-61-95","id":{"name":"HETU","value":"NaNNA724undefined"},"picture":{"large":"https://randomuser.me/api/portraits/women/41.jpg","medium":"https://randomuser.me/api/portraits/med/women/41.jpg","thumbnail":"https://randomuser.me/api/portraits/thumb/women/41.jpg"},"nat":"FI"}],"info":{"seed":"625eb23505b051ce","results":1,"page":1,"version":"1.4"}} 
 </msg>
<msg time="2024-05-19T02:29:16.005138" level="INFO">/opt/hostedtoolcache/Python/3.12.3/x64/lib/python3.12/site-packages/urllib3/connectionpool.py:1103: InsecureRequestWarning: Unverified HTTPS request is being made to host 'randomuser.me'. Adding certificate verification is strongly advised. See: https://urllib3.readthedocs.io/en/latest/advanced-usage.html#tls-warnings
  warnings.warn(</msg>
<msg time="2024-05-19T02:29:16.005255" level="INFO">${response} = &lt;Response [200]&gt;</msg>
<var>${response}</var>
<arg>consultarAPI</arg>
<arg>/api</arg>
<doc>Sends a GET request on a previously created HTTP Session.</doc>
<status status="PASS" start="2024-05-19T02:29:15.911105" elapsed="0.094177"/>
</kw>
<kw name="Set Variable" owner="BuiltIn">
<msg time="2024-05-19T02:29:16.006373" level="INFO">${json_data} = {'results': [{'gender': 'female', 'name': {'title': 'Mrs', 'first': 'Linnea', 'last': 'Waara'}, 'location': {'street': {'number': 8139, 'name': 'Mannerheimintie'}, 'city': 'Lapinlahti', 'state': 'Sata...</msg>
<var>${json_data}</var>
<arg>${response.json()}</arg>
<doc>Returns the given values which can then be assigned to a variables.</doc>
<status status="PASS" start="2024-05-19T02:29:16.005861" elapsed="0.000541"/>
</kw>
<kw name="Set Variable" owner="BuiltIn">
<msg time="2024-05-19T02:29:16.007086" level="INFO">${name_title} = Mrs</msg>
<var>${name_title}</var>
<arg>${json_data["results"][0]["name"]["title"]}</arg>
<doc>Returns the given values which can then be assigned to a variables.</doc>
<status status="PASS" start="2024-05-19T02:29:16.006708" elapsed="0.000404"/>
</kw>
<kw name="Create List" owner="BuiltIn">
<msg time="2024-05-19T02:29:16.007556" level="INFO">${allowed_titles} = ['Mr', 'Ms', 'Miss', 'Mrs', 'Madame', 'Monsieur']</msg>
<var>${allowed_titles}</var>
<arg>Mr</arg>
<arg>Ms</arg>
<arg>Miss</arg>
<arg>Mrs</arg>
<arg>Madame</arg>
<arg>Monsieur</arg>
<doc>Returns a list containing given items.</doc>
<status status="PASS" start="2024-05-19T02:29:16.007410" elapsed="0.000170"/>
</kw>
<kw name="List Should Contain Value" owner="Collections">
<msg time="2024-05-19T02:29:16.008059" level="INFO">False</msg>
<arg>${allowed_titles}</arg>
<arg>${name_title}</arg>
<doc>Fails if the ``value`` is not found from ``list``.</doc>
<status status="PASS" start="2024-05-19T02:29:16.007875" elapsed="0.000220"/>
</kw>
<kw name="Set Variable" owner="BuiltIn">
<msg time="2024-05-19T02:29:16.008773" level="INFO">${name_country} = FI</msg>
<var>${name_country}</var>
<arg>${json_data["results"][0]["nat"]}</arg>
<doc>Returns the given values which can then be assigned to a variables.</doc>
<status status="PASS" start="2024-05-19T02:29:16.008395" elapsed="0.000403"/>
</kw>
<kw name="Create List" owner="BuiltIn">
<msg time="2024-05-19T02:29:16.009730" level="INFO">${list_country} = ['AD', 'AE', 'AF', 'AG', 'AI', 'AL', 'AM', 'AO', 'AQ', 'AR', 'AS', 'AT', 'AU', 'AW', 'AX', 'AZ', 'BA', 'BB', 'BD', 'BE', 'BF', 'BG', 'BH', 'BI', 'BJ', 'BL', 'BM', 'BN', 'BO', 'BQ', 'BR', 'BS', 'BT', '...</msg>
<var>${list_country}</var>
<arg>AD</arg>
<arg>AE</arg>
<arg>AF</arg>
<arg>AG</arg>
<arg>AI</arg>
<arg>AL</arg>
<arg>AM</arg>
<arg>AO</arg>
<arg>AQ</arg>
<arg>AR</arg>
<arg>AS</arg>
<arg>AT</arg>
<arg>AU</arg>
<arg>AW</arg>
<arg>AX</arg>
<arg>AZ</arg>
<arg>BA</arg>
<arg>BB</arg>
<arg>BD</arg>
<arg>BE</arg>
<arg>BF</arg>
<arg>BG</arg>
<arg>BH</arg>
<arg>BI</arg>
<arg>BJ</arg>
<arg>BL</arg>
<arg>BM</arg>
<arg>BN</arg>
<arg>BO</arg>
<arg>BQ</arg>
<arg>BR</arg>
<arg>BS</arg>
<arg>BT</arg>
<arg>BV</arg>
<arg>BW</arg>
<arg>BY</arg>
<arg>BZ</arg>
<arg>CA</arg>
<arg>CC</arg>
<arg>CD</arg>
<arg>CF</arg>
<arg>CG</arg>
<arg>CH</arg>
<arg>CI</arg>
<arg>CK</arg>
<arg>CL</arg>
<arg>CM</arg>
<arg>CN</arg>
<arg>CO</arg>
<arg>CR</arg>
<arg>CU</arg>
<arg>CV</arg>
<arg>CW</arg>
<arg>CX</arg>
<arg>CY</arg>
<arg>CZ</arg>
<arg>DE</arg>
<arg>DJ</arg>
<arg>DK</arg>
<arg>DM</arg>
<arg>DO</arg>
<arg>DZ</arg>
<arg>EC</arg>
<arg>EE</arg>
<arg>EG</arg>
<arg>EH</arg>
<arg>ER</arg>
<arg>ES</arg>
<arg>ET</arg>
<arg>FI</arg>
<arg>FJ</arg>
<arg>FK</arg>
<arg>FM</arg>
<arg>FO</arg>
<arg>FR</arg>
<arg>GA</arg>
<arg>GB</arg>
<arg>GD</arg>
<arg>GE</arg>
<arg>GF</arg>
<arg>GG</arg>
<arg>GH</arg>
<arg>GI</arg>
<arg>GL</arg>
<arg>GM</arg>
<arg>GN</arg>
<arg>GP</arg>
<arg>GQ</arg>
<arg>GR</arg>
<arg>GS</arg>
<arg>GT</arg>
<arg>GU</arg>
<arg>GW</arg>
<arg>GY</arg>
<arg>HK</arg>
<arg>HM</arg>
<arg>HN</arg>
<arg>HR</arg>
<arg>HT</arg>
<arg>HU</arg>
<arg>ID</arg>
<arg>IE</arg>
<arg>IL</arg>
<arg>IM</arg>
<arg>IN</arg>
<arg>IO</arg>
<arg>IQ</arg>
<arg>IR</arg>
<arg>IS</arg>
<arg>IT</arg>
<arg>JE</arg>
<arg>JM</arg>
<arg>JO</arg>
<arg>JP</arg>
<arg>KE</arg>
<arg>KG</arg>
<arg>KH</arg>
<arg>KI</arg>
<arg>KM</arg>
<arg>KN</arg>
<arg>KP</arg>
<arg>KR</arg>
<arg>KW</arg>
<arg>KY</arg>
<arg>KZ</arg>
<arg>LA</arg>
<arg>LB</arg>
<arg>LC</arg>
<arg>LI</arg>
<arg>LK</arg>
<arg>LR</arg>
<arg>LS</arg>
<arg>LT</arg>
<arg>LU</arg>
<arg>LV</arg>
<arg>LY</arg>
<arg>MA</arg>
<arg>MC</arg>
<arg>MD</arg>
<arg>ME</arg>
<arg>MF</arg>
<arg>MG</arg>
<arg>MH</arg>
<arg>MK</arg>
<arg>ML</arg>
<arg>MM</arg>
<arg>MN</arg>
<arg>MO</arg>
<arg>MP</arg>
<arg>MQ</arg>
<arg>MR</arg>
<arg>MS</arg>
<arg>MT</arg>
<arg>MU</arg>
<arg>MV</arg>
<arg>MW</arg>
<arg>MX</arg>
<arg>MY</arg>
<arg>MZ</arg>
<arg>NA</arg>
<arg>NC</arg>
<arg>NE</arg>
<arg>NF</arg>
<arg>NG</arg>
<arg>NI</arg>
<arg>NL</arg>
<arg>NO</arg>
<arg>NP</arg>
<arg>NR</arg>
<arg>NU</arg>
<arg>NZ</arg>
<arg>OM</arg>
<arg>PA</arg>
<arg>PE</arg>
<arg>PF</arg>
<arg>PG</arg>
<arg>PH</arg>
<arg>PK</arg>
<arg>PL</arg>
<arg>PM</arg>
<arg>PN</arg>
<arg>PR</arg>
<arg>PS</arg>
<arg>PT</arg>
<arg>PW</arg>
<arg>PY</arg>
<arg>QA</arg>
<arg>RE</arg>
<arg>RO</arg>
<arg>RS</arg>
<arg>RU</arg>
<arg>RW</arg>
<arg>SA</arg>
<arg>SB</arg>
<arg>SC</arg>
<arg>SD</arg>
<arg>SE</arg>
<arg>SG</arg>
<arg>SH</arg>
<arg>SI</arg>
<arg>SJ</arg>
<arg>SK</arg>
<arg>SL</arg>
<arg>SM</arg>
<arg>SN</arg>
<arg>SO</arg>
<arg>SR</arg>
<arg>SS</arg>
<arg>ST</arg>
<arg>SV</arg>
<arg>SX</arg>
<arg>SY</arg>
<arg>SZ</arg>
<arg>TC</arg>
<arg>TD</arg>
<arg>TF</arg>
<arg>TG</arg>
<arg>TH</arg>
<arg>TJ</arg>
<arg>TK</arg>
<arg>TL</arg>
<arg>TM</arg>
<arg>TN</arg>
<arg>TO</arg>
<arg>TR</arg>
<arg>TT</arg>
<arg>TV</arg>
<arg>TW</arg>
<arg>TZ</arg>
<arg>UA</arg>
<arg>UG</arg>
<arg>UM</arg>
<arg>US</arg>
<arg>UY</arg>
<arg>UZ</arg>
<arg>VA</arg>
<arg>VC</arg>
<arg>VE</arg>
<arg>VG</arg>
<arg>VI</arg>
<arg>VN</arg>
<arg>VU</arg>
<arg>WF</arg>
<arg>WS</arg>
<arg>XK</arg>
<arg>YE</arg>
<arg>YT</arg>
<arg>ZA</arg>
<arg>ZM</arg>
<arg>ZW</arg>
<doc>Returns a list containing given items.</doc>
<status status="PASS" start="2024-05-19T02:29:16.009101" elapsed="0.000655"/>
</kw>
<kw name="List Should Contain Value" owner="Collections">
<msg time="2024-05-19T02:29:16.010738" level="INFO">False</msg>
<arg>${list_country}</arg>
<arg>${name_country}</arg>
<doc>Fails if the ``value`` is not found from ``list``.</doc>
<status status="PASS" start="2024-05-19T02:29:16.010540" elapsed="0.000235"/>
</kw>
<kw name="Run Keyword If" owner="BuiltIn">
<kw name="Should Be True" owner="BuiltIn">
<arg>${True}</arg>
<doc>Fails if the given condition is not true.</doc>
<status status="PASS" start="2024-05-19T02:29:16.011834" elapsed="0.000145"/>
</kw>
<arg>${json_data["results"][0]["location"]["coordinates"]["latitude"]} &gt;= -90 and ${json_data["results"][0]["location"]["coordinates"]["latitude"]} &lt;= 90</arg>
<arg>Should Be True</arg>
<arg>${True}</arg>
<doc>Runs the given keyword with the given arguments, if ``condition`` is true.</doc>
<status status="PASS" start="2024-05-19T02:29:16.011082" elapsed="0.001022"/>
</kw>
<kw name="Run Keyword If" owner="BuiltIn">
<kw name="Should Be True" owner="BuiltIn">
<arg>${True}</arg>
<doc>Fails if the given condition is not true.</doc>
<status status="PASS" start="2024-05-19T02:29:16.012996" elapsed="0.000261"/>
</kw>
<arg>${json_data["results"][0]["location"]["coordinates"]["longitude"]} &gt;= -180 and ${json_data["results"][0]["location"]["coordinates"]["longitude"]} &lt;= 180</arg>
<arg>Should Be True</arg>
<arg>${True}</arg>
<doc>Runs the given keyword with the given arguments, if ``condition`` is true.</doc>
<status status="PASS" start="2024-05-19T02:29:16.012295" elapsed="0.001113"/>
</kw>
<status status="PASS" start="2024-05-19T02:29:15.910878" elapsed="0.102678"/>
</kw>
<doc>Testa o conteúdo específico dos campos retornados pela API.</doc>
<tag>testeConteudo</tag>
<status status="PASS" start="2024-05-19T02:29:15.910342" elapsed="0.103366"/>
</test>
<status status="PASS" start="2024-05-19T02:29:15.002831" elapsed="1.012769"/>
</suite>
<status status="PASS" start="2024-05-19T02:29:14.988880" elapsed="1.031807"/>
</suite>
<statistics>
<total>
<stat pass="5" fail="0" skip="0">All Tests</stat>
</total>
<tag>
<stat pass="1" fail="0" skip="0">testeConteudo</stat>
<stat pass="1" fail="0" skip="0">testeEstruturaResposta</stat>
<stat pass="1" fail="0" skip="0">testeRequisicaoBasica</stat>
<stat pass="1" fail="0" skip="0">testeTiposDados</stat>
</tag>
<suite>
<stat pass="5" fail="0" skip="0" id="s1" name="Tests">Tests</stat>
<stat pass="5" fail="0" skip="0" id="s1-s1" name="Random-User-Test">Tests.Random-User-Test</stat>
</suite>
</statistics>
<errors>
</errors>
</robot>
