<?xml version="1.0" encoding="UTF-8"?>
<robot generator="Robot 7.0 (Python 3.12.3 on linux)" generated="2024-05-28T23:16:14.699916" rpa="false" schemaversion="5">
<suite id="s1" name="Tests" source="/home/runner/work/ApiRandomUser/ApiRandomUser/RamdonUser/tests">
<suite id="s1-s1" name="Random-User-Test" source="/home/runner/work/ApiRandomUser/ApiRandomUser/RamdonUser/tests/random-user-test.robot">
<test id="s1-s1-t1" name="Conectar" line="13">
<kw name="Conectar API" owner="random-user-service">
<kw name="Create Session" owner="RequestsLibrary">
<msg time="2024-05-28T23:16:15.121701" level="INFO">Creating Session using : alias=consultarAPI, url=https://randomuser.me/, headers={},                     cookies={}, auth=None, timeout=None, proxies=None, verify=False,                     debug=0 </msg>
<arg>consultarAPI</arg>
<arg>${URL}</arg>
<doc>Create Session: create a HTTP session to a server</doc>
<status status="PASS" start="2024-05-28T23:16:15.121490" elapsed="0.000403"/>
</kw>
<status status="PASS" start="2024-05-28T23:16:15.120383" elapsed="0.001883"/>
</kw>
<status status="PASS" start="2024-05-28T23:16:15.119804" elapsed="0.002659"/>
</test>
<test id="s1-s1-t2" name="Validar retorno 200 e JSON Válido" line="16">
<kw name="Teste de Requisicao Basica" owner="random-user-service">
<kw name="GET On Session" owner="RequestsLibrary">
<msg time="2024-05-28T23:16:15.264111" level="INFO">GET Request : url=https://randomuser.me/api 
 path_url=/api 
 headers={'User-Agent': 'python-requests/2.32.2', 'Accept-Encoding': 'gzip, deflate', 'Accept': '*/*', 'Connection': 'keep-alive'} 
 body=None 
 </msg>
<msg time="2024-05-28T23:16:15.264267" level="INFO">GET Response : url=https://randomuser.me/api 
 status=200, reason=OK 
 headers={'Date': 'Tue, 28 May 2024 23:16:15 GMT', 'Content-Type': 'application/json; charset=utf-8', 'Transfer-Encoding': 'chunked', 'Connection': 'keep-alive', 'X-Powered-By': 'Express', 'Access-Control-Allow-Origin': '*', 'Cache-Control': 'no-cache', 'ETag': 'W/"483-xY2CgPtIExXhc9Pq3Pf+WG9bhjQ"', 'Vary': 'Accept-Encoding', 'Content-Encoding': 'gzip', 'CF-Cache-Status': 'DYNAMIC', 'Report-To': '{"endpoints":[{"url":"https:\\/\\/a.nel.cloudflare.com\\/report\\/v4?s=l64HBxwzaY%2FFP2gx6qeBLHB9ii%2Bky90qzcMjAr5ioPvsTtbrxTmmXnuKEm3rL8oZ%2FD%2FD3GEHsulJIm%2FnMNYP53is4YCNhAbM9S0hAzFTZjaepjt7DQFMMlioQ0cW%2B8Zd"}],"group":"cf-nel","max_age":604800}', 'NEL': '{"success_fraction":0,"report_to":"cf-nel","max_age":604800}', 'Server': 'cloudflare', 'CF-RAY': '88b1f38acf142191-ORD', 'alt-svc': 'h3=":443"; ma=86400'} 
 body={"results":[{"gender":"male","name":{"title":"Mr","first":"Jerry","last":"Hopkins"},"location":{"street":{"number":6647,"name":"New Road"},"city":"Shannon","state":"Meath","country":"Ireland","postcode":19991,"coordinates":{"latitude":"0.6436","longitude":"-141.4208"},"timezone":{"offset":"+8:00","description":"Beijing, Perth, Singapore, Hong Kong"}},"email":"jerry.hopkins@example.com","login":{"uuid":"76da7da1-9e95-45f1-83e8-89b6524d6dfe","username":"tinyleopard580","password":"catwoman","salt":"K4Jvw9et","md5":"100f6b6c3fa0401f623e777fa16d7fb8","sha1":"9bbcec14634c23b6fa9033579daf45e257670010","sha256":"66c59c948bfb2ea25920fcc81a0858d34ae9fd6baee74deb5d7d7f0070f0ffc6"},"dob":{"date":"1978-12-29T12:08:55.548Z","age":45},"registered":{"date":"2016-09-25T02:22:50.347Z","age":7},"phone":"031-128-4898","cell":"081-152-3111","id":{"name":"PPS","value":"0079773T"},"picture":{"large":"https://randomuser.me/api/portraits/men/38.jpg","medium":"https://randomuser.me/api/portraits/med/men/38.jpg","thumbnail":"https://randomuser.me/api/portraits/thumb/men/38.jpg"},"nat":"IE"}],"info":{"seed":"3aa8cc7a8e91059c","results":1,"page":1,"version":"1.4"}} 
 </msg>
<msg time="2024-05-28T23:16:15.264350" level="INFO">/opt/hostedtoolcache/Python/3.12.3/x64/lib/python3.12/site-packages/urllib3/connectionpool.py:1103: InsecureRequestWarning: Unverified HTTPS request is being made to host 'randomuser.me'. Adding certificate verification is strongly advised. See: https://urllib3.readthedocs.io/en/latest/advanced-usage.html#tls-warnings
  warnings.warn(</msg>
<msg time="2024-05-28T23:16:15.264506" level="INFO">${response} = &lt;Response [200]&gt;</msg>
<var>${response}</var>
<arg>consultarAPI</arg>
<arg>/api</arg>
<doc>Sends a GET request on a previously created HTTP Session.</doc>
<status status="PASS" start="2024-05-28T23:16:15.125106" elapsed="0.139441"/>
</kw>
<kw name="Should Be Equal As Numbers" owner="BuiltIn">
<msg time="2024-05-28T23:16:15.265767" level="INFO">Argument types are:
&lt;class 'int'&gt;
&lt;class 'str'&gt;</msg>
<arg>${response.status_code}</arg>
<arg>200</arg>
<doc>Fails if objects are unequal after converting them to real numbers.</doc>
<status status="PASS" start="2024-05-28T23:16:15.265262" elapsed="0.000571"/>
</kw>
<kw name="Log" owner="BuiltIn">
<msg time="2024-05-28T23:16:15.266515" level="INFO">200</msg>
<arg>${response.status_code}</arg>
<doc>Logs the given message with the given level.</doc>
<status status="PASS" start="2024-05-28T23:16:15.266168" elapsed="0.000395"/>
</kw>
<kw name="Set Variable" owner="BuiltIn">
<msg time="2024-05-28T23:16:15.267299" level="INFO">${json_data} = {'results': [{'gender': 'male', 'name': {'title': 'Mr', 'first': 'Jerry', 'last': 'Hopkins'}, 'location': {'street': {'number': 6647, 'name': 'New Road'}, 'city': 'Shannon', 'state': 'Meath', 'country...</msg>
<var>${json_data}</var>
<arg>${response.json()}</arg>
<doc>Returns the given values which can then be assigned to a variables.</doc>
<status status="PASS" start="2024-05-28T23:16:15.266867" elapsed="0.000460"/>
</kw>
<kw name="Dictionary Should Contain Key" owner="Collections">
<msg time="2024-05-28T23:16:15.267800" level="INFO">False</msg>
<arg>${json_data}</arg>
<arg>results</arg>
<doc>Fails if ``key`` is not found from ``dictionary``.</doc>
<status status="PASS" start="2024-05-28T23:16:15.267627" elapsed="0.000371"/>
</kw>
<status status="PASS" start="2024-05-28T23:16:15.124849" elapsed="0.143414"/>
</kw>
<doc>Testa se a API responde corretamente e retorna um objeto JSON válido.</doc>
<tag>testeRequisicaoBasica</tag>
<status status="PASS" start="2024-05-28T23:16:15.124345" elapsed="0.144099"/>
</test>
<test id="s1-s1-t3" name="Validar estrutura de resposta" line="22">
<kw name="Teste de Estrutura de Resposta" owner="random-user-service">
<kw name="GET On Session" owner="RequestsLibrary">
<msg time="2024-05-28T23:16:15.363131" level="INFO">GET Request : url=https://randomuser.me/api 
 path_url=/api 
 headers={'User-Agent': 'python-requests/2.32.2', 'Accept-Encoding': 'gzip, deflate', 'Accept': '*/*', 'Connection': 'keep-alive'} 
 body=None 
 </msg>
<msg time="2024-05-28T23:16:15.363240" level="INFO">GET Response : url=https://randomuser.me/api 
 status=200, reason=OK 
 headers={'Date': 'Tue, 28 May 2024 23:16:15 GMT', 'Content-Type': 'application/json; charset=utf-8', 'Transfer-Encoding': 'chunked', 'Connection': 'keep-alive', 'X-Powered-By': 'Express', 'Access-Control-Allow-Origin': '*', 'Cache-Control': 'no-cache', 'ETag': 'W/"4a6-4ycc6mpGDlUOlPM8yfie7o5IaII"', 'Vary': 'Accept-Encoding', 'Content-Encoding': 'gzip', 'CF-Cache-Status': 'DYNAMIC', 'Report-To': '{"endpoints":[{"url":"https:\\/\\/a.nel.cloudflare.com\\/report\\/v4?s=FNXt1DXHNGhia87%2BauitsOX29xY1nWWbN8dX%2FM6JSmUELL8PFSpHXNIheHcmJvUjnJvRMl8CDcDdjovuibNYVYU1clZdgTY9VsVppNnJFl2UaoNdjiSrDkLpBWMnip8e"}],"group":"cf-nel","max_age":604800}', 'NEL': '{"success_fraction":0,"report_to":"cf-nel","max_age":604800}', 'Server': 'cloudflare', 'CF-RAY': '88b1f38b78042191-ORD', 'alt-svc': 'h3=":443"; ma=86400'} 
 body={"results":[{"gender":"male","name":{"title":"Monsieur","first":"Elio","last":"Moreau"},"location":{"street":{"number":6502,"name":"Avenue du Château"},"city":"Stocken-Höfen","state":"Uri","country":"Switzerland","postcode":7707,"coordinates":{"latitude":"-59.2533","longitude":"-171.9632"},"timezone":{"offset":"+5:00","description":"Ekaterinburg, Islamabad, Karachi, Tashkent"}},"email":"elio.moreau@example.com","login":{"uuid":"3baa1dd2-870e-4910-b85c-18cebad82d4a","username":"greenrabbit196","password":"lenny","salt":"IDa5Lga0","md5":"470365723cc865238c0407ab4397c712","sha1":"36eda8026589518096b5954e8ce760c9fc199a32","sha256":"8838df9afceaf634c8c26a1d16346d35f8bd55fd7e3763d8dac274a103b205e2"},"dob":{"date":"1974-11-04T01:26:35.325Z","age":49},"registered":{"date":"2017-06-18T13:37:02.050Z","age":6},"phone":"078 851 83 66","cell":"079 165 39 92","id":{"name":"AVS","value":"756.8278.0300.87"},"picture":{"large":"https://randomuser.me/api/portraits/men/93.jpg","medium":"https://randomuser.me/api/portraits/med/men/93.jpg","thumbnail":"https://randomuser.me/api/portraits/thumb/men/93.jpg"},"nat":"CH"}],"info":{"seed":"abedd5c785f136d9","results":1,"page":1,"version":"1.4"}} 
 </msg>
<msg time="2024-05-28T23:16:15.363373" level="INFO">/opt/hostedtoolcache/Python/3.12.3/x64/lib/python3.12/site-packages/urllib3/connectionpool.py:1103: InsecureRequestWarning: Unverified HTTPS request is being made to host 'randomuser.me'. Adding certificate verification is strongly advised. See: https://urllib3.readthedocs.io/en/latest/advanced-usage.html#tls-warnings
  warnings.warn(</msg>
<msg time="2024-05-28T23:16:15.363504" level="INFO">${response} = &lt;Response [200]&gt;</msg>
<var>${response}</var>
<arg>consultarAPI</arg>
<arg>/api</arg>
<doc>Sends a GET request on a previously created HTTP Session.</doc>
<status status="PASS" start="2024-05-28T23:16:15.272078" elapsed="0.091466"/>
</kw>
<kw name="Set Variable" owner="BuiltIn">
<msg time="2024-05-28T23:16:15.364641" level="INFO">${json_data} = {'results': [{'gender': 'male', 'name': {'title': 'Monsieur', 'first': 'Elio', 'last': 'Moreau'}, 'location': {'street': {'number': 6502, 'name': 'Avenue du Château'}, 'city': 'Stocken-Höfen', 'state'...</msg>
<var>${json_data}</var>
<arg>${response.json()}</arg>
<doc>Returns the given values which can then be assigned to a variables.</doc>
<status status="PASS" start="2024-05-28T23:16:15.364113" elapsed="0.000560"/>
</kw>
<kw name="Log" owner="BuiltIn">
<msg time="2024-05-28T23:16:15.365179" level="INFO">{'results': [{'gender': 'male', 'name': {'title': 'Monsieur', 'first': 'Elio', 'last': 'Moreau'}, 'location': {'street': {'number': 6502, 'name': 'Avenue du Château'}, 'city': 'Stocken-Höfen', 'state': 'Uri', 'country': 'Switzerland', 'postcode': 7707, 'coordinates': {'latitude': '-59.2533', 'longitude': '-171.9632'}, 'timezone': {'offset': '+5:00', 'description': 'Ekaterinburg, Islamabad, Karachi, Tashkent'}}, 'email': 'elio.moreau@example.com', 'login': {'uuid': '3baa1dd2-870e-4910-b85c-18cebad82d4a', 'username': 'greenrabbit196', 'password': 'lenny', 'salt': 'IDa5Lga0', 'md5': '470365723cc865238c0407ab4397c712', 'sha1': '36eda8026589518096b5954e8ce760c9fc199a32', 'sha256': '8838df9afceaf634c8c26a1d16346d35f8bd55fd7e3763d8dac274a103b205e2'}, 'dob': {'date': '1974-11-04T01:26:35.325Z', 'age': 49}, 'registered': {'date': '2017-06-18T13:37:02.050Z', 'age': 6}, 'phone': '078 851 83 66', 'cell': '079 165 39 92', 'id': {'name': 'AVS', 'value': '756.8278.0300.87'}, 'picture': {'large': 'https://randomuser.me/api/portraits/men/93.jpg', 'medium': 'https://randomuser.me/api/portraits/med/men/93.jpg', 'thumbnail': 'https://randomuser.me/api/portraits/thumb/men/93.jpg'}, 'nat': 'CH'}], 'info': {'seed': 'abedd5c785f136d9', 'results': 1, 'page': 1, 'version': '1.4'}}</msg>
<arg>${json_data}</arg>
<doc>Logs the given message with the given level.</doc>
<status status="PASS" start="2024-05-28T23:16:15.365015" elapsed="0.000212"/>
</kw>
<kw name="Dictionary Should Contain Key" owner="Collections">
<msg time="2024-05-28T23:16:15.365682" level="INFO">False</msg>
<arg>${json_data}</arg>
<arg>results</arg>
<doc>Fails if ``key`` is not found from ``dictionary``.</doc>
<status status="PASS" start="2024-05-28T23:16:15.365526" elapsed="0.000191"/>
</kw>
<kw name="Should Not Be Empty" owner="BuiltIn">
<msg time="2024-05-28T23:16:15.366150" level="INFO">Length is 2.</msg>
<arg>${json_data}</arg>
<doc>Verifies that the given item is not empty.</doc>
<status status="PASS" start="2024-05-28T23:16:15.366007" elapsed="0.000180"/>
</kw>
<kw name="Create List" owner="BuiltIn">
<msg time="2024-05-28T23:16:15.366615" level="INFO">${expected_keys} = ['gender', 'name', 'location', 'email', 'login']</msg>
<var>${expected_keys}</var>
<arg>gender</arg>
<arg>name</arg>
<arg>location</arg>
<arg>email</arg>
<arg>login</arg>
<doc>Returns a list containing given items.</doc>
<status status="PASS" start="2024-05-28T23:16:15.366472" elapsed="0.000167"/>
</kw>
<for flavor="IN">
<iter>
<kw name="Dictionary Should Contain Key" owner="Collections">
<msg time="2024-05-28T23:16:15.367638" level="INFO">False</msg>
<arg>${json_data['results'][0]}</arg>
<arg>${key}</arg>
<doc>Fails if ``key`` is not found from ``dictionary``.</doc>
<status status="PASS" start="2024-05-28T23:16:15.367229" elapsed="0.000447"/>
</kw>
<kw name="Log" owner="BuiltIn">
<msg time="2024-05-28T23:16:15.368344" level="INFO">{'gender': 'male', 'name': {'title': 'Monsieur', 'first': 'Elio', 'last': 'Moreau'}, 'location': {'street': {'number': 6502, 'name': 'Avenue du Château'}, 'city': 'Stocken-Höfen', 'state': 'Uri', 'country': 'Switzerland', 'postcode': 7707, 'coordinates': {'latitude': '-59.2533', 'longitude': '-171.9632'}, 'timezone': {'offset': '+5:00', 'description': 'Ekaterinburg, Islamabad, Karachi, Tashkent'}}, 'email': 'elio.moreau@example.com', 'login': {'uuid': '3baa1dd2-870e-4910-b85c-18cebad82d4a', 'username': 'greenrabbit196', 'password': 'lenny', 'salt': 'IDa5Lga0', 'md5': '470365723cc865238c0407ab4397c712', 'sha1': '36eda8026589518096b5954e8ce760c9fc199a32', 'sha256': '8838df9afceaf634c8c26a1d16346d35f8bd55fd7e3763d8dac274a103b205e2'}, 'dob': {'date': '1974-11-04T01:26:35.325Z', 'age': 49}, 'registered': {'date': '2017-06-18T13:37:02.050Z', 'age': 6}, 'phone': '078 851 83 66', 'cell': '079 165 39 92', 'id': {'name': 'AVS', 'value': '756.8278.0300.87'}, 'picture': {'large': 'https://randomuser.me/api/portraits/men/93.jpg', 'medium': 'https://randomuser.me/api/portraits/med/men/93.jpg', 'thumbnail': 'https://randomuser.me/api/portraits/thumb/men/93.jpg'}, 'nat': 'CH'}</msg>
<arg>${json_data['results'][0]}</arg>
<doc>Logs the given message with the given level.</doc>
<status status="PASS" start="2024-05-28T23:16:15.367975" elapsed="0.000420"/>
</kw>
<kw name="Log" owner="BuiltIn">
<msg time="2024-05-28T23:16:15.368845" level="INFO">gender</msg>
<arg>${key}</arg>
<doc>Logs the given message with the given level.</doc>
<status status="PASS" start="2024-05-28T23:16:15.368694" elapsed="0.000190"/>
</kw>
<var name="${key}">gender</var>
<status status="PASS" start="2024-05-28T23:16:15.367098" elapsed="0.002002"/>
</iter>
<iter>
<kw name="Dictionary Should Contain Key" owner="Collections">
<msg time="2024-05-28T23:16:15.369788" level="INFO">False</msg>
<arg>${json_data['results'][0]}</arg>
<arg>${key}</arg>
<doc>Fails if ``key`` is not found from ``dictionary``.</doc>
<status status="PASS" start="2024-05-28T23:16:15.369399" elapsed="0.000427"/>
</kw>
<kw name="Log" owner="BuiltIn">
<msg time="2024-05-28T23:16:15.370507" level="INFO">{'gender': 'male', 'name': {'title': 'Monsieur', 'first': 'Elio', 'last': 'Moreau'}, 'location': {'street': {'number': 6502, 'name': 'Avenue du Château'}, 'city': 'Stocken-Höfen', 'state': 'Uri', 'country': 'Switzerland', 'postcode': 7707, 'coordinates': {'latitude': '-59.2533', 'longitude': '-171.9632'}, 'timezone': {'offset': '+5:00', 'description': 'Ekaterinburg, Islamabad, Karachi, Tashkent'}}, 'email': 'elio.moreau@example.com', 'login': {'uuid': '3baa1dd2-870e-4910-b85c-18cebad82d4a', 'username': 'greenrabbit196', 'password': 'lenny', 'salt': 'IDa5Lga0', 'md5': '470365723cc865238c0407ab4397c712', 'sha1': '36eda8026589518096b5954e8ce760c9fc199a32', 'sha256': '8838df9afceaf634c8c26a1d16346d35f8bd55fd7e3763d8dac274a103b205e2'}, 'dob': {'date': '1974-11-04T01:26:35.325Z', 'age': 49}, 'registered': {'date': '2017-06-18T13:37:02.050Z', 'age': 6}, 'phone': '078 851 83 66', 'cell': '079 165 39 92', 'id': {'name': 'AVS', 'value': '756.8278.0300.87'}, 'picture': {'large': 'https://randomuser.me/api/portraits/men/93.jpg', 'medium': 'https://randomuser.me/api/portraits/med/men/93.jpg', 'thumbnail': 'https://randomuser.me/api/portraits/thumb/men/93.jpg'}, 'nat': 'CH'}</msg>
<arg>${json_data['results'][0]}</arg>
<doc>Logs the given message with the given level.</doc>
<status status="PASS" start="2024-05-28T23:16:15.370145" elapsed="0.000421"/>
</kw>
<kw name="Log" owner="BuiltIn">
<msg time="2024-05-28T23:16:15.370990" level="INFO">name</msg>
<arg>${key}</arg>
<doc>Logs the given message with the given level.</doc>
<status status="PASS" start="2024-05-28T23:16:15.370865" elapsed="0.000162"/>
</kw>
<var name="${key}">name</var>
<status status="PASS" start="2024-05-28T23:16:15.369286" elapsed="0.001973"/>
</iter>
<iter>
<kw name="Dictionary Should Contain Key" owner="Collections">
<msg time="2024-05-28T23:16:15.371926" level="INFO">False</msg>
<arg>${json_data['results'][0]}</arg>
<arg>${key}</arg>
<doc>Fails if ``key`` is not found from ``dictionary``.</doc>
<status status="PASS" start="2024-05-28T23:16:15.371550" elapsed="0.000413"/>
</kw>
<kw name="Log" owner="BuiltIn">
<msg time="2024-05-28T23:16:15.372631" level="INFO">{'gender': 'male', 'name': {'title': 'Monsieur', 'first': 'Elio', 'last': 'Moreau'}, 'location': {'street': {'number': 6502, 'name': 'Avenue du Château'}, 'city': 'Stocken-Höfen', 'state': 'Uri', 'country': 'Switzerland', 'postcode': 7707, 'coordinates': {'latitude': '-59.2533', 'longitude': '-171.9632'}, 'timezone': {'offset': '+5:00', 'description': 'Ekaterinburg, Islamabad, Karachi, Tashkent'}}, 'email': 'elio.moreau@example.com', 'login': {'uuid': '3baa1dd2-870e-4910-b85c-18cebad82d4a', 'username': 'greenrabbit196', 'password': 'lenny', 'salt': 'IDa5Lga0', 'md5': '470365723cc865238c0407ab4397c712', 'sha1': '36eda8026589518096b5954e8ce760c9fc199a32', 'sha256': '8838df9afceaf634c8c26a1d16346d35f8bd55fd7e3763d8dac274a103b205e2'}, 'dob': {'date': '1974-11-04T01:26:35.325Z', 'age': 49}, 'registered': {'date': '2017-06-18T13:37:02.050Z', 'age': 6}, 'phone': '078 851 83 66', 'cell': '079 165 39 92', 'id': {'name': 'AVS', 'value': '756.8278.0300.87'}, 'picture': {'large': 'https://randomuser.me/api/portraits/men/93.jpg', 'medium': 'https://randomuser.me/api/portraits/med/men/93.jpg', 'thumbnail': 'https://randomuser.me/api/portraits/thumb/men/93.jpg'}, 'nat': 'CH'}</msg>
<arg>${json_data['results'][0]}</arg>
<doc>Logs the given message with the given level.</doc>
<status status="PASS" start="2024-05-28T23:16:15.372262" elapsed="0.000419"/>
</kw>
<kw name="Log" owner="BuiltIn">
<msg time="2024-05-28T23:16:15.373124" level="INFO">location</msg>
<arg>${key}</arg>
<doc>Logs the given message with the given level.</doc>
<status status="PASS" start="2024-05-28T23:16:15.372998" elapsed="0.000164"/>
</kw>
<var name="${key}">location</var>
<status status="PASS" start="2024-05-28T23:16:15.371438" elapsed="0.001937"/>
</iter>
<iter>
<kw name="Dictionary Should Contain Key" owner="Collections">
<msg time="2024-05-28T23:16:15.374149" level="INFO">False</msg>
<arg>${json_data['results'][0]}</arg>
<arg>${key}</arg>
<doc>Fails if ``key`` is not found from ``dictionary``.</doc>
<status status="PASS" start="2024-05-28T23:16:15.373660" elapsed="0.000526"/>
</kw>
<kw name="Log" owner="BuiltIn">
<msg time="2024-05-28T23:16:15.374844" level="INFO">{'gender': 'male', 'name': {'title': 'Monsieur', 'first': 'Elio', 'last': 'Moreau'}, 'location': {'street': {'number': 6502, 'name': 'Avenue du Château'}, 'city': 'Stocken-Höfen', 'state': 'Uri', 'country': 'Switzerland', 'postcode': 7707, 'coordinates': {'latitude': '-59.2533', 'longitude': '-171.9632'}, 'timezone': {'offset': '+5:00', 'description': 'Ekaterinburg, Islamabad, Karachi, Tashkent'}}, 'email': 'elio.moreau@example.com', 'login': {'uuid': '3baa1dd2-870e-4910-b85c-18cebad82d4a', 'username': 'greenrabbit196', 'password': 'lenny', 'salt': 'IDa5Lga0', 'md5': '470365723cc865238c0407ab4397c712', 'sha1': '36eda8026589518096b5954e8ce760c9fc199a32', 'sha256': '8838df9afceaf634c8c26a1d16346d35f8bd55fd7e3763d8dac274a103b205e2'}, 'dob': {'date': '1974-11-04T01:26:35.325Z', 'age': 49}, 'registered': {'date': '2017-06-18T13:37:02.050Z', 'age': 6}, 'phone': '078 851 83 66', 'cell': '079 165 39 92', 'id': {'name': 'AVS', 'value': '756.8278.0300.87'}, 'picture': {'large': 'https://randomuser.me/api/portraits/men/93.jpg', 'medium': 'https://randomuser.me/api/portraits/med/men/93.jpg', 'thumbnail': 'https://randomuser.me/api/portraits/thumb/men/93.jpg'}, 'nat': 'CH'}</msg>
<arg>${json_data['results'][0]}</arg>
<doc>Logs the given message with the given level.</doc>
<status status="PASS" start="2024-05-28T23:16:15.374482" elapsed="0.000412"/>
</kw>
<kw name="Log" owner="BuiltIn">
<msg time="2024-05-28T23:16:15.375321" level="INFO">email</msg>
<arg>${key}</arg>
<doc>Logs the given message with the given level.</doc>
<status status="PASS" start="2024-05-28T23:16:15.375193" elapsed="0.000166"/>
</kw>
<var name="${key}">email</var>
<status status="PASS" start="2024-05-28T23:16:15.373548" elapsed="0.002024"/>
</iter>
<iter>
<kw name="Dictionary Should Contain Key" owner="Collections">
<msg time="2024-05-28T23:16:15.376242" level="INFO">False</msg>
<arg>${json_data['results'][0]}</arg>
<arg>${key}</arg>
<doc>Fails if ``key`` is not found from ``dictionary``.</doc>
<status status="PASS" start="2024-05-28T23:16:15.375862" elapsed="0.000418"/>
</kw>
<kw name="Log" owner="BuiltIn">
<msg time="2024-05-28T23:16:15.376959" level="INFO">{'gender': 'male', 'name': {'title': 'Monsieur', 'first': 'Elio', 'last': 'Moreau'}, 'location': {'street': {'number': 6502, 'name': 'Avenue du Château'}, 'city': 'Stocken-Höfen', 'state': 'Uri', 'country': 'Switzerland', 'postcode': 7707, 'coordinates': {'latitude': '-59.2533', 'longitude': '-171.9632'}, 'timezone': {'offset': '+5:00', 'description': 'Ekaterinburg, Islamabad, Karachi, Tashkent'}}, 'email': 'elio.moreau@example.com', 'login': {'uuid': '3baa1dd2-870e-4910-b85c-18cebad82d4a', 'username': 'greenrabbit196', 'password': 'lenny', 'salt': 'IDa5Lga0', 'md5': '470365723cc865238c0407ab4397c712', 'sha1': '36eda8026589518096b5954e8ce760c9fc199a32', 'sha256': '8838df9afceaf634c8c26a1d16346d35f8bd55fd7e3763d8dac274a103b205e2'}, 'dob': {'date': '1974-11-04T01:26:35.325Z', 'age': 49}, 'registered': {'date': '2017-06-18T13:37:02.050Z', 'age': 6}, 'phone': '078 851 83 66', 'cell': '079 165 39 92', 'id': {'name': 'AVS', 'value': '756.8278.0300.87'}, 'picture': {'large': 'https://randomuser.me/api/portraits/men/93.jpg', 'medium': 'https://randomuser.me/api/portraits/med/men/93.jpg', 'thumbnail': 'https://randomuser.me/api/portraits/thumb/men/93.jpg'}, 'nat': 'CH'}</msg>
<arg>${json_data['results'][0]}</arg>
<doc>Logs the given message with the given level.</doc>
<status status="PASS" start="2024-05-28T23:16:15.376573" elapsed="0.000444"/>
</kw>
<kw name="Log" owner="BuiltIn">
<msg time="2024-05-28T23:16:15.377438" level="INFO">login</msg>
<arg>${key}</arg>
<doc>Logs the given message with the given level.</doc>
<status status="PASS" start="2024-05-28T23:16:15.377312" elapsed="0.000193"/>
</kw>
<var name="${key}">login</var>
<status status="PASS" start="2024-05-28T23:16:15.375748" elapsed="0.001977"/>
</iter>
<var>${key}</var>
<value>@{expected_keys}</value>
<status status="PASS" start="2024-05-28T23:16:15.366895" elapsed="0.010949"/>
</for>
<kw name="Create List" owner="BuiltIn">
<msg time="2024-05-28T23:16:15.378169" level="INFO">${expected_keysTwo} = ['username', 'password']</msg>
<var>${expected_keysTwo}</var>
<arg>username</arg>
<arg>password</arg>
<doc>Returns a list containing given items.</doc>
<status status="PASS" start="2024-05-28T23:16:15.378033" elapsed="0.000160"/>
</kw>
<for flavor="IN">
<iter>
<kw name="Dictionary Should Contain Key" owner="Collections">
<msg time="2024-05-28T23:16:15.379069" level="INFO">False</msg>
<arg>${json_data['results'][0]['login']}</arg>
<arg>${keyTwo}</arg>
<doc>Fails if ``key`` is not found from ``dictionary``.</doc>
<status status="PASS" start="2024-05-28T23:16:15.378686" elapsed="0.000419"/>
</kw>
<kw name="Dictionary Should Contain Key" owner="Collections">
<msg time="2024-05-28T23:16:15.379781" level="INFO">False</msg>
<arg>${json_data['results'][0]['login']}</arg>
<arg>${keyTwo}</arg>
<doc>Fails if ``key`` is not found from ``dictionary``.</doc>
<status status="PASS" start="2024-05-28T23:16:15.379406" elapsed="0.000412"/>
</kw>
<kw name="Log" owner="BuiltIn">
<msg time="2024-05-28T23:16:15.380230" level="INFO">username</msg>
<arg>${keyTwo}</arg>
<doc>Logs the given message with the given level.</doc>
<status status="PASS" start="2024-05-28T23:16:15.380105" elapsed="0.000162"/>
</kw>
<var name="${keyTwo}">username</var>
<status status="PASS" start="2024-05-28T23:16:15.378577" elapsed="0.001899"/>
</iter>
<iter>
<kw name="Dictionary Should Contain Key" owner="Collections">
<msg time="2024-05-28T23:16:15.381158" level="INFO">False</msg>
<arg>${json_data['results'][0]['login']}</arg>
<arg>${keyTwo}</arg>
<doc>Fails if ``key`` is not found from ``dictionary``.</doc>
<status status="PASS" start="2024-05-28T23:16:15.380756" elapsed="0.000439"/>
</kw>
<kw name="Dictionary Should Contain Key" owner="Collections">
<msg time="2024-05-28T23:16:15.381867" level="INFO">False</msg>
<arg>${json_data['results'][0]['login']}</arg>
<arg>${keyTwo}</arg>
<doc>Fails if ``key`` is not found from ``dictionary``.</doc>
<status status="PASS" start="2024-05-28T23:16:15.381484" elapsed="0.000419"/>
</kw>
<kw name="Log" owner="BuiltIn">
<msg time="2024-05-28T23:16:15.382388" level="INFO">password</msg>
<arg>${keyTwo}</arg>
<doc>Logs the given message with the given level.</doc>
<status status="PASS" start="2024-05-28T23:16:15.382253" elapsed="0.000172"/>
</kw>
<var name="${keyTwo}">password</var>
<status status="PASS" start="2024-05-28T23:16:15.380648" elapsed="0.001999"/>
</iter>
<var>${keyTwo}</var>
<value>@{expected_keysTwo}</value>
<status status="PASS" start="2024-05-28T23:16:15.378427" elapsed="0.004342"/>
</for>
<status status="PASS" start="2024-05-28T23:16:15.271832" elapsed="0.111079"/>
</kw>
<doc>Testa a estrutura da resposta da API.</doc>
<tag>testeEstruturaResposta</tag>
<status status="PASS" start="2024-05-28T23:16:15.271298" elapsed="0.111783"/>
</test>
<test id="s1-s1-t4" name="Validar tipos de dados" line="28">
<kw name="Teste de Tipos de Dados" owner="random-user-service">
<kw name="GET On Session" owner="RequestsLibrary">
<msg time="2024-05-28T23:16:15.460712" level="INFO">GET Request : url=https://randomuser.me/api 
 path_url=/api 
 headers={'User-Agent': 'python-requests/2.32.2', 'Accept-Encoding': 'gzip, deflate', 'Accept': '*/*', 'Connection': 'keep-alive'} 
 body=None 
 </msg>
<msg time="2024-05-28T23:16:15.460854" level="INFO">GET Response : url=https://randomuser.me/api 
 status=200, reason=OK 
 headers={'Date': 'Tue, 28 May 2024 23:16:15 GMT', 'Content-Type': 'application/json; charset=utf-8', 'Transfer-Encoding': 'chunked', 'Connection': 'keep-alive', 'X-Powered-By': 'Express', 'Access-Control-Allow-Origin': '*', 'Cache-Control': 'no-cache', 'ETag': 'W/"4b6-kWBO95oyM+1Yy/tdky2xhfWE5uU"', 'Vary': 'Accept-Encoding', 'Content-Encoding': 'gzip', 'CF-Cache-Status': 'DYNAMIC', 'Report-To': '{"endpoints":[{"url":"https:\\/\\/a.nel.cloudflare.com\\/report\\/v4?s=58mAYPEfcWR%2FaQA%2FeRbxF%2Bh4GGfpcXMAWpZJAhP8fWQF2C%2FO%2Br7Xw5yof0p2txPVUCb4v0legfjn0%2BZG%2BuSnJzmB3YsFUjMvCQjztHRka12S%2BJWiavH5nbxY6jNGdNy8"}],"group":"cf-nel","max_age":604800}', 'NEL': '{"success_fraction":0,"report_to":"cf-nel","max_age":604800}', 'Server': 'cloudflare', 'CF-RAY': '88b1f38c28ee2191-ORD', 'alt-svc': 'h3=":443"; ma=86400'} 
 body={"results":[{"gender":"male","name":{"title":"Mr","first":"Arnold","last":"Russell"},"location":{"street":{"number":9882,"name":"Lone Wolf Trail"},"city":"Australian Capital Territory","state":"Northern Territory","country":"Australia","postcode":6940,"coordinates":{"latitude":"-85.2306","longitude":"-72.3366"},"timezone":{"offset":"+5:00","description":"Ekaterinburg, Islamabad, Karachi, Tashkent"}},"email":"arnold.russell@example.com","login":{"uuid":"1cbf715b-ab5c-4d7f-8048-03718fa844ff","username":"crazyleopard141","password":"22222222","salt":"PTtXYB0d","md5":"3cd868f2d8863d4a8a9217ed0c50f71e","sha1":"b95b3ce9a839fbd3c1cd6e067de23d27cc1cac2d","sha256":"c53d0fd390f08ed3b860385d41e61c72d0d1bef826510e7bf58889ef2ad1daef"},"dob":{"date":"1958-01-22T22:31:44.164Z","age":66},"registered":{"date":"2012-01-28T05:07:07.269Z","age":12},"phone":"05-9652-2997","cell":"0495-190-516","id":{"name":"TFN","value":"640441233"},"picture":{"large":"https://randomuser.me/api/portraits/men/8.jpg","medium":"https://randomuser.me/api/portraits/med/men/8.jpg","thumbnail":"https://randomuser.me/api/portraits/thumb/men/8.jpg"},"nat":"AU"}],"info":{"seed":"fa71382c82e6c20f","results":1,"page":1,"version":"1.4"}} 
 </msg>
<msg time="2024-05-28T23:16:15.460944" level="INFO">/opt/hostedtoolcache/Python/3.12.3/x64/lib/python3.12/site-packages/urllib3/connectionpool.py:1103: InsecureRequestWarning: Unverified HTTPS request is being made to host 'randomuser.me'. Adding certificate verification is strongly advised. See: https://urllib3.readthedocs.io/en/latest/advanced-usage.html#tls-warnings
  warnings.warn(</msg>
<msg time="2024-05-28T23:16:15.461077" level="INFO">${response} = &lt;Response [200]&gt;</msg>
<var>${response}</var>
<arg>consultarAPI</arg>
<arg>/api</arg>
<doc>Sends a GET request on a previously created HTTP Session.</doc>
<status status="PASS" start="2024-05-28T23:16:15.385722" elapsed="0.075397"/>
</kw>
<kw name="Set Variable" owner="BuiltIn">
<msg time="2024-05-28T23:16:15.462399" level="INFO">${json_data} = {'results': [{'gender': 'male', 'name': {'title': 'Mr', 'first': 'Arnold', 'last': 'Russell'}, 'location': {'street': {'number': 9882, 'name': 'Lone Wolf Trail'}, 'city': 'Australian Capital Territory...</msg>
<var>${json_data}</var>
<arg>${response.json()}</arg>
<doc>Returns the given values which can then be assigned to a variables.</doc>
<status status="PASS" start="2024-05-28T23:16:15.461783" elapsed="0.000648"/>
</kw>
<kw name="Log" owner="BuiltIn">
<msg time="2024-05-28T23:16:15.462935" level="INFO">{'results': [{'gender': 'male', 'name': {'title': 'Mr', 'first': 'Arnold', 'last': 'Russell'}, 'location': {'street': {'number': 9882, 'name': 'Lone Wolf Trail'}, 'city': 'Australian Capital Territory', 'state': 'Northern Territory', 'country': 'Australia', 'postcode': 6940, 'coordinates': {'latitude': '-85.2306', 'longitude': '-72.3366'}, 'timezone': {'offset': '+5:00', 'description': 'Ekaterinburg, Islamabad, Karachi, Tashkent'}}, 'email': 'arnold.russell@example.com', 'login': {'uuid': '1cbf715b-ab5c-4d7f-8048-03718fa844ff', 'username': 'crazyleopard141', 'password': '22222222', 'salt': 'PTtXYB0d', 'md5': '3cd868f2d8863d4a8a9217ed0c50f71e', 'sha1': 'b95b3ce9a839fbd3c1cd6e067de23d27cc1cac2d', 'sha256': 'c53d0fd390f08ed3b860385d41e61c72d0d1bef826510e7bf58889ef2ad1daef'}, 'dob': {'date': '1958-01-22T22:31:44.164Z', 'age': 66}, 'registered': {'date': '2012-01-28T05:07:07.269Z', 'age': 12}, 'phone': '05-9652-2997', 'cell': '0495-190-516', 'id': {'name': 'TFN', 'value': '640441233'}, 'picture': {'large': 'https://randomuser.me/api/portraits/men/8.jpg', 'medium': 'https://randomuser.me/api/portraits/med/men/8.jpg', 'thumbnail': 'https://randomuser.me/api/portraits/thumb/men/8.jpg'}, 'nat': 'AU'}], 'info': {'seed': 'fa71382c82e6c20f', 'results': 1, 'page': 1, 'version': '1.4'}}</msg>
<arg>${json_data}</arg>
<doc>Logs the given message with the given level.</doc>
<status status="PASS" start="2024-05-28T23:16:15.462771" elapsed="0.000250"/>
</kw>
<kw name="Should Be String" owner="String">
<arg>${json_data['results'][0]['gender']}</arg>
<doc>Fails if the given ``item`` is not a string.</doc>
<status status="PASS" start="2024-05-28T23:16:15.463324" elapsed="0.000379"/>
</kw>
<kw name="Should Match Regexp" owner="BuiltIn">
<arg>${json_data['results'][0]['email']}</arg>
<arg>^[a-zA-Z0-9._%+-]+@[a-zA-Z0-9.-]+\.[a-zA-Z]{2,}$</arg>
<doc>Fails if ``string`` does not match ``pattern`` as a regular expression.</doc>
<status status="PASS" start="2024-05-28T23:16:15.463914" elapsed="0.000673"/>
</kw>
<kw name="Should Match Regexp" owner="BuiltIn">
<arg>${json_data['results'][0]['dob']['date']}</arg>
<arg>\\d{4}-\\d{2}-\\d{2}T\\d{2}:\\d{2}:\\d{2}\\.\\d{3}Z</arg>
<doc>Fails if ``string`` does not match ``pattern`` as a regular expression.</doc>
<status status="PASS" start="2024-05-28T23:16:15.464826" elapsed="0.000512"/>
</kw>
<kw name="Should Match Regexp" owner="BuiltIn">
<arg>${json_data['results'][0]['registered']['date']}</arg>
<arg>\\d{4}-\\d{2}-\\d{2}T\\d{2}:\\d{2}:\\d{2}\\.\\d{3}Z</arg>
<doc>Fails if ``string`` does not match ``pattern`` as a regular expression.</doc>
<status status="PASS" start="2024-05-28T23:16:15.465535" elapsed="0.000370"/>
</kw>
<kw name="Should Match Regexp" owner="BuiltIn">
<arg>${json_data['results'][0]['picture']['large']}</arg>
<arg>^https?://.*\.(?:png|jpe?g|gif|bmp)$</arg>
<doc>Fails if ``string`` does not match ``pattern`` as a regular expression.</doc>
<status status="PASS" start="2024-05-28T23:16:15.466097" elapsed="0.000465"/>
</kw>
<kw name="Should Match Regexp" owner="BuiltIn">
<arg>${json_data['results'][0]['picture']['medium']}</arg>
<arg>^https?://.*\.(?:png|jpe?g|gif|bmp)$</arg>
<doc>Fails if ``string`` does not match ``pattern`` as a regular expression.</doc>
<status status="PASS" start="2024-05-28T23:16:15.466753" elapsed="0.000356"/>
</kw>
<kw name="Should Match Regexp" owner="BuiltIn">
<arg>${json_data['results'][0]['picture']['thumbnail']}</arg>
<arg>^https?://.*\.(?:png|jpe?g|gif|bmp)$</arg>
<doc>Fails if ``string`` does not match ``pattern`` as a regular expression.</doc>
<status status="PASS" start="2024-05-28T23:16:15.467299" elapsed="0.000356"/>
</kw>
<kw name="Log" owner="BuiltIn">
<msg time="2024-05-28T23:16:15.468156" level="INFO">{'large': 'https://randomuser.me/api/portraits/men/8.jpg', 'medium': 'https://randomuser.me/api/portraits/med/men/8.jpg', 'thumbnail': 'https://randomuser.me/api/portraits/thumb/men/8.jpg'}</msg>
<arg>${json_data['results'][0]['picture']}</arg>
<doc>Logs the given message with the given level.</doc>
<status status="PASS" start="2024-05-28T23:16:15.467835" elapsed="0.000364"/>
</kw>
<status status="PASS" start="2024-05-28T23:16:15.385483" elapsed="0.082971"/>
</kw>
<kw name="Teste de Tipos de Dados - Postcode" owner="random-user-service">
<kw name="GET On Session" owner="RequestsLibrary">
<msg time="2024-05-28T23:16:15.562761" level="INFO">GET Request : url=https://randomuser.me/api 
 path_url=/api 
 headers={'User-Agent': 'python-requests/2.32.2', 'Accept-Encoding': 'gzip, deflate', 'Accept': '*/*', 'Connection': 'keep-alive'} 
 body=None 
 </msg>
<msg time="2024-05-28T23:16:15.562872" level="INFO">GET Response : url=https://randomuser.me/api 
 status=200, reason=OK 
 headers={'Date': 'Tue, 28 May 2024 23:16:15 GMT', 'Content-Type': 'application/json; charset=utf-8', 'Transfer-Encoding': 'chunked', 'Connection': 'keep-alive', 'X-Powered-By': 'Express', 'Access-Control-Allow-Origin': '*', 'Cache-Control': 'no-cache', 'ETag': 'W/"4a9-bSdjER7IcZ9WQTJMYBSl6izEC4w"', 'Vary': 'Accept-Encoding', 'Content-Encoding': 'gzip', 'CF-Cache-Status': 'DYNAMIC', 'Report-To': '{"endpoints":[{"url":"https:\\/\\/a.nel.cloudflare.com\\/report\\/v4?s=YgCznqamaj7qpo%2FbhcCmCV44jdGBzUMjoUJohVst0RpjDf8Vy3yqH6ZVX7lMhbb9dDHJZgQ%2F6Am9GMBVwO%2FTYSUaK%2BN4DAONvU7JH4LTXWPV%2FubksFanRR8XJjHJyI2h"}],"group":"cf-nel","max_age":604800}', 'NEL': '{"success_fraction":0,"report_to":"cf-nel","max_age":604800}', 'Server': 'cloudflare', 'CF-RAY': '88b1f38cb9bb2191-ORD', 'alt-svc': 'h3=":443"; ma=86400'} 
 body={"results":[{"gender":"male","name":{"title":"Mr","first":"Cassiano","last":"Fogaça"},"location":{"street":{"number":5270,"name":"Rua Vinte de Setembro"},"city":"Bauru","state":"Distrito Federal","country":"Brazil","postcode":59757,"coordinates":{"latitude":"-75.4834","longitude":"-151.5929"},"timezone":{"offset":"+10:00","description":"Eastern Australia, Guam, Vladivostok"}},"email":"cassiano.fogaca@example.com","login":{"uuid":"37f8e148-892a-44c9-bb38-314f67c74569","username":"blueleopard295","password":"psycho","salt":"GIkNtYMR","md5":"eb2063aa8ebc59b79736b2dffba89523","sha1":"2383e46c98877c875e5608afdb9c2da0126766bb","sha256":"aa7508beef4e3e82171aa4d28e5dc1ac86a7b758b1202fa85324a358b8ba205f"},"dob":{"date":"1951-02-08T14:26:59.984Z","age":73},"registered":{"date":"2008-01-24T22:00:30.488Z","age":16},"phone":"(44) 7433-4670","cell":"(45) 3949-9942","id":{"name":"CPF","value":"460.992.145-65"},"picture":{"large":"https://randomuser.me/api/portraits/men/97.jpg","medium":"https://randomuser.me/api/portraits/med/men/97.jpg","thumbnail":"https://randomuser.me/api/portraits/thumb/men/97.jpg"},"nat":"BR"}],"info":{"seed":"bde807aa6f8d4db6","results":1,"page":1,"version":"1.4"}} 
 </msg>
<msg time="2024-05-28T23:16:15.562960" level="INFO">/opt/hostedtoolcache/Python/3.12.3/x64/lib/python3.12/site-packages/urllib3/connectionpool.py:1103: InsecureRequestWarning: Unverified HTTPS request is being made to host 'randomuser.me'. Adding certificate verification is strongly advised. See: https://urllib3.readthedocs.io/en/latest/advanced-usage.html#tls-warnings
  warnings.warn(</msg>
<msg time="2024-05-28T23:16:15.563101" level="INFO">${response} = &lt;Response [200]&gt;</msg>
<var>${response}</var>
<arg>consultarAPI</arg>
<arg>/api</arg>
<doc>Sends a GET request on a previously created HTTP Session.</doc>
<status status="PASS" start="2024-05-28T23:16:15.468958" elapsed="0.094193"/>
</kw>
<kw name="Set Variable" owner="BuiltIn">
<msg time="2024-05-28T23:16:15.564414" level="INFO">${json_data} = {'results': [{'gender': 'male', 'name': {'title': 'Mr', 'first': 'Cassiano', 'last': 'Fogaça'}, 'location': {'street': {'number': 5270, 'name': 'Rua Vinte de Setembro'}, 'city': 'Bauru', 'state': 'Dis...</msg>
<var>${json_data}</var>
<arg>${response.json()}</arg>
<doc>Returns the given values which can then be assigned to a variables.</doc>
<status status="PASS" start="2024-05-28T23:16:15.563803" elapsed="0.000642"/>
</kw>
<kw name="Log" owner="BuiltIn">
<msg time="2024-05-28T23:16:15.564968" level="INFO">{'results': [{'gender': 'male', 'name': {'title': 'Mr', 'first': 'Cassiano', 'last': 'Fogaça'}, 'location': {'street': {'number': 5270, 'name': 'Rua Vinte de Setembro'}, 'city': 'Bauru', 'state': 'Distrito Federal', 'country': 'Brazil', 'postcode': 59757, 'coordinates': {'latitude': '-75.4834', 'longitude': '-151.5929'}, 'timezone': {'offset': '+10:00', 'description': 'Eastern Australia, Guam, Vladivostok'}}, 'email': 'cassiano.fogaca@example.com', 'login': {'uuid': '37f8e148-892a-44c9-bb38-314f67c74569', 'username': 'blueleopard295', 'password': 'psycho', 'salt': 'GIkNtYMR', 'md5': 'eb2063aa8ebc59b79736b2dffba89523', 'sha1': '2383e46c98877c875e5608afdb9c2da0126766bb', 'sha256': 'aa7508beef4e3e82171aa4d28e5dc1ac86a7b758b1202fa85324a358b8ba205f'}, 'dob': {'date': '1951-02-08T14:26:59.984Z', 'age': 73}, 'registered': {'date': '2008-01-24T22:00:30.488Z', 'age': 16}, 'phone': '(44) 7433-4670', 'cell': '(45) 3949-9942', 'id': {'name': 'CPF', 'value': '460.992.145-65'}, 'picture': {'large': 'https://randomuser.me/api/portraits/men/97.jpg', 'medium': 'https://randomuser.me/api/portraits/med/men/97.jpg', 'thumbnail': 'https://randomuser.me/api/portraits/thumb/men/97.jpg'}, 'nat': 'BR'}], 'info': {'seed': 'bde807aa6f8d4db6', 'results': 1, 'page': 1, 'version': '1.4'}}</msg>
<arg>${json_data}</arg>
<doc>Logs the given message with the given level.</doc>
<status status="PASS" start="2024-05-28T23:16:15.564759" elapsed="0.000295"/>
</kw>
<kw name="Should Be Equal As Numbers" owner="BuiltIn">
<arg>${json_data['results'][0]['location']['postcode']}</arg>
<arg>${json_data['results'][0]['location']['postcode']}</arg>
<doc>Fails if objects are unequal after converting them to real numbers.</doc>
<status status="PASS" start="2024-05-28T23:16:15.565362" elapsed="0.000635"/>
</kw>
<kw name="Log" owner="BuiltIn">
<msg time="2024-05-28T23:16:15.566528" level="INFO">59757</msg>
<arg>${json_data['results'][0]['location']['postcode']}</arg>
<doc>Logs the given message with the given level.</doc>
<status status="PASS" start="2024-05-28T23:16:15.566187" elapsed="0.000382"/>
</kw>
<status status="PASS" start="2024-05-28T23:16:15.468681" elapsed="0.098186"/>
</kw>
<doc>Testa se os tipos de dados na resposta da API estão corretos.</doc>
<tag>testeTiposDados</tag>
<status status="PASS" start="2024-05-28T23:16:15.384908" elapsed="0.182133"/>
</test>
<test id="s1-s1-t5" name="Validar conteudo" line="35">
<kw name="Teste de Tipos de Conteudo" owner="random-user-service">
<kw name="GET On Session" owner="RequestsLibrary">
<msg time="2024-05-28T23:16:15.658042" level="INFO">GET Request : url=https://randomuser.me/api 
 path_url=/api 
 headers={'User-Agent': 'python-requests/2.32.2', 'Accept-Encoding': 'gzip, deflate', 'Accept': '*/*', 'Connection': 'keep-alive'} 
 body=None 
 </msg>
<msg time="2024-05-28T23:16:15.658156" level="INFO">GET Response : url=https://randomuser.me/api 
 status=200, reason=OK 
 headers={'Date': 'Tue, 28 May 2024 23:16:15 GMT', 'Content-Type': 'application/json; charset=utf-8', 'Transfer-Encoding': 'chunked', 'Connection': 'keep-alive', 'X-Powered-By': 'Express', 'Access-Control-Allow-Origin': '*', 'Cache-Control': 'no-cache', 'ETag': 'W/"499-nua7RiyX5ybsrpfru+HF8/1Wgeg"', 'Vary': 'Accept-Encoding', 'Content-Encoding': 'gzip', 'CF-Cache-Status': 'DYNAMIC', 'Report-To': '{"endpoints":[{"url":"https:\\/\\/a.nel.cloudflare.com\\/report\\/v4?s=oOJNthlsR1eocpNFq6ZoTZ5CbjAgklA5%2F676wjsHfbDpDcbV0lDfiKeBECdI46M9IXj5gXqdYUemVyZT%2FqMjS3qANeM3Ge7QkweBYESNXExtKIDk7OgFQGA379xHLqLi"}],"group":"cf-nel","max_age":604800}', 'NEL': '{"success_fraction":0,"report_to":"cf-nel","max_age":604800}', 'Server': 'cloudflare', 'CF-RAY': '88b1f38d5a952191-ORD', 'alt-svc': 'h3=":443"; ma=86400'} 
 body={"results":[{"gender":"male","name":{"title":"Mr","first":"Miloje","last":"Petković"},"location":{"street":{"number":3310,"name":"Ace Nikolića"},"city":"Žabalj","state":"South Banat","country":"Serbia","postcode":42736,"coordinates":{"latitude":"63.0211","longitude":"-38.0596"},"timezone":{"offset":"+3:00","description":"Baghdad, Riyadh, Moscow, St. Petersburg"}},"email":"miloje.petkovic@example.com","login":{"uuid":"78850fc5-b005-4cc3-9549-dcebf2ce10d0","username":"brownmeercat842","password":"enterprise","salt":"QdawWXmx","md5":"858675bf159c5fcaea62254c579add97","sha1":"0175263ba5528c0bb4f0ad957771dd2f9979a4bd","sha256":"8393cd6325f6490c2698d17b0ece853c4d6803a7575b012d80253307359e5032"},"dob":{"date":"1988-01-20T06:36:42.278Z","age":36},"registered":{"date":"2020-03-14T04:19:32.371Z","age":4},"phone":"031-8910-803","cell":"068-5862-529","id":{"name":"SID","value":"897442507"},"picture":{"large":"https://randomuser.me/api/portraits/men/71.jpg","medium":"https://randomuser.me/api/portraits/med/men/71.jpg","thumbnail":"https://randomuser.me/api/portraits/thumb/men/71.jpg"},"nat":"RS"}],"info":{"seed":"db0591d35b81f9a5","results":1,"page":1,"version":"1.4"}} 
 </msg>
<msg time="2024-05-28T23:16:15.658247" level="INFO">/opt/hostedtoolcache/Python/3.12.3/x64/lib/python3.12/site-packages/urllib3/connectionpool.py:1103: InsecureRequestWarning: Unverified HTTPS request is being made to host 'randomuser.me'. Adding certificate verification is strongly advised. See: https://urllib3.readthedocs.io/en/latest/advanced-usage.html#tls-warnings
  warnings.warn(</msg>
<msg time="2024-05-28T23:16:15.658380" level="INFO">${response} = &lt;Response [200]&gt;</msg>
<var>${response}</var>
<arg>consultarAPI</arg>
<arg>/api</arg>
<doc>Sends a GET request on a previously created HTTP Session.</doc>
<status status="PASS" start="2024-05-28T23:16:15.570008" elapsed="0.088399"/>
</kw>
<kw name="Set Variable" owner="BuiltIn">
<msg time="2024-05-28T23:16:15.659489" level="INFO">${json_data} = {'results': [{'gender': 'male', 'name': {'title': 'Mr', 'first': 'Miloje', 'last': 'Petković'}, 'location': {'street': {'number': 3310, 'name': 'Ace Nikolića'}, 'city': 'Žabalj', 'state': 'South Banat...</msg>
<var>${json_data}</var>
<arg>${response.json()}</arg>
<doc>Returns the given values which can then be assigned to a variables.</doc>
<status status="PASS" start="2024-05-28T23:16:15.658959" elapsed="0.000561"/>
</kw>
<kw name="Set Variable" owner="BuiltIn">
<msg time="2024-05-28T23:16:15.660217" level="INFO">${name_title} = Mr</msg>
<var>${name_title}</var>
<arg>${json_data["results"][0]["name"]["title"]}</arg>
<doc>Returns the given values which can then be assigned to a variables.</doc>
<status status="PASS" start="2024-05-28T23:16:15.659829" elapsed="0.000414"/>
</kw>
<kw name="Create List" owner="BuiltIn">
<msg time="2024-05-28T23:16:15.660701" level="INFO">${allowed_titles} = ['Mr', 'Ms', 'Miss', 'Mrs', 'Madame', 'Monsieur']</msg>
<var>${allowed_titles}</var>
<arg>Mr</arg>
<arg>Ms</arg>
<arg>Miss</arg>
<arg>Mrs</arg>
<arg>Madame</arg>
<arg>Monsieur</arg>
<doc>Returns a list containing given items.</doc>
<status status="PASS" start="2024-05-28T23:16:15.660553" elapsed="0.000173"/>
</kw>
<kw name="List Should Contain Value" owner="Collections">
<msg time="2024-05-28T23:16:15.661254" level="INFO">False</msg>
<arg>${allowed_titles}</arg>
<arg>${name_title}</arg>
<doc>Fails if the ``value`` is not found from ``list``.</doc>
<status status="PASS" start="2024-05-28T23:16:15.661076" elapsed="0.000215"/>
</kw>
<kw name="Set Variable" owner="BuiltIn">
<msg time="2024-05-28T23:16:15.662157" level="INFO">${name_country} = RS</msg>
<var>${name_country}</var>
<arg>${json_data["results"][0]["nat"]}</arg>
<doc>Returns the given values which can then be assigned to a variables.</doc>
<status status="PASS" start="2024-05-28T23:16:15.661590" elapsed="0.000592"/>
</kw>
<kw name="Create List" owner="BuiltIn">
<msg time="2024-05-28T23:16:15.663088" level="INFO">${list_country} = ['AD', 'AE', 'AF', 'AG', 'AI', 'AL', 'AM', 'AO', 'AQ', 'AR', 'AS', 'AT', 'AU', 'AW', 'AX', 'AZ', 'BA', 'BB', 'BD', 'BE', 'BF', 'BG', 'BH', 'BI', 'BJ', 'BL', 'BM', 'BN', 'BO', 'BQ', 'BR', 'BS', 'BT', '...</msg>
<var>${list_country}</var>
<arg>AD</arg>
<arg>AE</arg>
<arg>AF</arg>
<arg>AG</arg>
<arg>AI</arg>
<arg>AL</arg>
<arg>AM</arg>
<arg>AO</arg>
<arg>AQ</arg>
<arg>AR</arg>
<arg>AS</arg>
<arg>AT</arg>
<arg>AU</arg>
<arg>AW</arg>
<arg>AX</arg>
<arg>AZ</arg>
<arg>BA</arg>
<arg>BB</arg>
<arg>BD</arg>
<arg>BE</arg>
<arg>BF</arg>
<arg>BG</arg>
<arg>BH</arg>
<arg>BI</arg>
<arg>BJ</arg>
<arg>BL</arg>
<arg>BM</arg>
<arg>BN</arg>
<arg>BO</arg>
<arg>BQ</arg>
<arg>BR</arg>
<arg>BS</arg>
<arg>BT</arg>
<arg>BV</arg>
<arg>BW</arg>
<arg>BY</arg>
<arg>BZ</arg>
<arg>CA</arg>
<arg>CC</arg>
<arg>CD</arg>
<arg>CF</arg>
<arg>CG</arg>
<arg>CH</arg>
<arg>CI</arg>
<arg>CK</arg>
<arg>CL</arg>
<arg>CM</arg>
<arg>CN</arg>
<arg>CO</arg>
<arg>CR</arg>
<arg>CU</arg>
<arg>CV</arg>
<arg>CW</arg>
<arg>CX</arg>
<arg>CY</arg>
<arg>CZ</arg>
<arg>DE</arg>
<arg>DJ</arg>
<arg>DK</arg>
<arg>DM</arg>
<arg>DO</arg>
<arg>DZ</arg>
<arg>EC</arg>
<arg>EE</arg>
<arg>EG</arg>
<arg>EH</arg>
<arg>ER</arg>
<arg>ES</arg>
<arg>ET</arg>
<arg>FI</arg>
<arg>FJ</arg>
<arg>FK</arg>
<arg>FM</arg>
<arg>FO</arg>
<arg>FR</arg>
<arg>GA</arg>
<arg>GB</arg>
<arg>GD</arg>
<arg>GE</arg>
<arg>GF</arg>
<arg>GG</arg>
<arg>GH</arg>
<arg>GI</arg>
<arg>GL</arg>
<arg>GM</arg>
<arg>GN</arg>
<arg>GP</arg>
<arg>GQ</arg>
<arg>GR</arg>
<arg>GS</arg>
<arg>GT</arg>
<arg>GU</arg>
<arg>GW</arg>
<arg>GY</arg>
<arg>HK</arg>
<arg>HM</arg>
<arg>HN</arg>
<arg>HR</arg>
<arg>HT</arg>
<arg>HU</arg>
<arg>ID</arg>
<arg>IE</arg>
<arg>IL</arg>
<arg>IM</arg>
<arg>IN</arg>
<arg>IO</arg>
<arg>IQ</arg>
<arg>IR</arg>
<arg>IS</arg>
<arg>IT</arg>
<arg>JE</arg>
<arg>JM</arg>
<arg>JO</arg>
<arg>JP</arg>
<arg>KE</arg>
<arg>KG</arg>
<arg>KH</arg>
<arg>KI</arg>
<arg>KM</arg>
<arg>KN</arg>
<arg>KP</arg>
<arg>KR</arg>
<arg>KW</arg>
<arg>KY</arg>
<arg>KZ</arg>
<arg>LA</arg>
<arg>LB</arg>
<arg>LC</arg>
<arg>LI</arg>
<arg>LK</arg>
<arg>LR</arg>
<arg>LS</arg>
<arg>LT</arg>
<arg>LU</arg>
<arg>LV</arg>
<arg>LY</arg>
<arg>MA</arg>
<arg>MC</arg>
<arg>MD</arg>
<arg>ME</arg>
<arg>MF</arg>
<arg>MG</arg>
<arg>MH</arg>
<arg>MK</arg>
<arg>ML</arg>
<arg>MM</arg>
<arg>MN</arg>
<arg>MO</arg>
<arg>MP</arg>
<arg>MQ</arg>
<arg>MR</arg>
<arg>MS</arg>
<arg>MT</arg>
<arg>MU</arg>
<arg>MV</arg>
<arg>MW</arg>
<arg>MX</arg>
<arg>MY</arg>
<arg>MZ</arg>
<arg>NA</arg>
<arg>NC</arg>
<arg>NE</arg>
<arg>NF</arg>
<arg>NG</arg>
<arg>NI</arg>
<arg>NL</arg>
<arg>NO</arg>
<arg>NP</arg>
<arg>NR</arg>
<arg>NU</arg>
<arg>NZ</arg>
<arg>OM</arg>
<arg>PA</arg>
<arg>PE</arg>
<arg>PF</arg>
<arg>PG</arg>
<arg>PH</arg>
<arg>PK</arg>
<arg>PL</arg>
<arg>PM</arg>
<arg>PN</arg>
<arg>PR</arg>
<arg>PS</arg>
<arg>PT</arg>
<arg>PW</arg>
<arg>PY</arg>
<arg>QA</arg>
<arg>RE</arg>
<arg>RO</arg>
<arg>RS</arg>
<arg>RU</arg>
<arg>RW</arg>
<arg>SA</arg>
<arg>SB</arg>
<arg>SC</arg>
<arg>SD</arg>
<arg>SE</arg>
<arg>SG</arg>
<arg>SH</arg>
<arg>SI</arg>
<arg>SJ</arg>
<arg>SK</arg>
<arg>SL</arg>
<arg>SM</arg>
<arg>SN</arg>
<arg>SO</arg>
<arg>SR</arg>
<arg>SS</arg>
<arg>ST</arg>
<arg>SV</arg>
<arg>SX</arg>
<arg>SY</arg>
<arg>SZ</arg>
<arg>TC</arg>
<arg>TD</arg>
<arg>TF</arg>
<arg>TG</arg>
<arg>TH</arg>
<arg>TJ</arg>
<arg>TK</arg>
<arg>TL</arg>
<arg>TM</arg>
<arg>TN</arg>
<arg>TO</arg>
<arg>TR</arg>
<arg>TT</arg>
<arg>TV</arg>
<arg>TW</arg>
<arg>TZ</arg>
<arg>UA</arg>
<arg>UG</arg>
<arg>UM</arg>
<arg>US</arg>
<arg>UY</arg>
<arg>UZ</arg>
<arg>VA</arg>
<arg>VC</arg>
<arg>VE</arg>
<arg>VG</arg>
<arg>VI</arg>
<arg>VN</arg>
<arg>VU</arg>
<arg>WF</arg>
<arg>WS</arg>
<arg>XK</arg>
<arg>YE</arg>
<arg>YT</arg>
<arg>ZA</arg>
<arg>ZM</arg>
<arg>ZW</arg>
<doc>Returns a list containing given items.</doc>
<status status="PASS" start="2024-05-28T23:16:15.662490" elapsed="0.000624"/>
</kw>
<kw name="List Should Contain Value" owner="Collections">
<msg time="2024-05-28T23:16:15.664097" level="INFO">False</msg>
<arg>${list_country}</arg>
<arg>${name_country}</arg>
<doc>Fails if the ``value`` is not found from ``list``.</doc>
<status status="PASS" start="2024-05-28T23:16:15.663893" elapsed="0.000240"/>
</kw>
<kw name="Run Keyword If" owner="BuiltIn">
<kw name="Should Be True" owner="BuiltIn">
<arg>${True}</arg>
<doc>Fails if the given condition is not true.</doc>
<status status="PASS" start="2024-05-28T23:16:15.665242" elapsed="0.000147"/>
</kw>
<arg>${json_data["results"][0]["location"]["coordinates"]["latitude"]} &gt;= -90 and ${json_data["results"][0]["location"]["coordinates"]["latitude"]} &lt;= 90</arg>
<arg>Should Be True</arg>
<arg>${True}</arg>
<doc>Runs the given keyword with the given arguments, if ``condition`` is true.</doc>
<status status="PASS" start="2024-05-28T23:16:15.664445" elapsed="0.001074"/>
</kw>
<kw name="Run Keyword If" owner="BuiltIn">
<kw name="Should Be True" owner="BuiltIn">
<arg>${True}</arg>
<doc>Fails if the given condition is not true.</doc>
<status status="PASS" start="2024-05-28T23:16:15.666404" elapsed="0.000138"/>
</kw>
<arg>${json_data["results"][0]["location"]["coordinates"]["longitude"]} &gt;= -180 and ${json_data["results"][0]["location"]["coordinates"]["longitude"]} &lt;= 180</arg>
<arg>Should Be True</arg>
<arg>${True}</arg>
<doc>Runs the given keyword with the given arguments, if ``condition`` is true.</doc>
<status status="PASS" start="2024-05-28T23:16:15.665706" elapsed="0.000959"/>
</kw>
<status status="PASS" start="2024-05-28T23:16:15.569631" elapsed="0.097165"/>
</kw>
<doc>Testa o conteúdo específico dos campos retornados pela API.</doc>
<tag>testeConteudo</tag>
<status status="PASS" start="2024-05-28T23:16:15.568929" elapsed="0.098017"/>
</test>
<status status="PASS" start="2024-05-28T23:16:14.758812" elapsed="0.910071"/>
</suite>
<status status="PASS" start="2024-05-28T23:16:14.744982" elapsed="0.929091"/>
</suite>
<statistics>
<total>
<stat pass="5" fail="0" skip="0">All Tests</stat>
</total>
<tag>
<stat pass="1" fail="0" skip="0">testeConteudo</stat>
<stat pass="1" fail="0" skip="0">testeEstruturaResposta</stat>
<stat pass="1" fail="0" skip="0">testeRequisicaoBasica</stat>
<stat pass="1" fail="0" skip="0">testeTiposDados</stat>
</tag>
<suite>
<stat pass="5" fail="0" skip="0" id="s1" name="Tests">Tests</stat>
<stat pass="5" fail="0" skip="0" id="s1-s1" name="Random-User-Test">Tests.Random-User-Test</stat>
</suite>
</statistics>
<errors>
</errors>
</robot>
