<?xml version="1.0" encoding="UTF-8"?>
<robot generator="Robot 7.0 (Python 3.12.3 on linux)" generated="2024-05-28T17:14:03.590729" rpa="false" schemaversion="5">
<suite id="s1" name="Tests" source="/home/runner/work/ApiRandomUser/ApiRandomUser/RamdonUser/tests">
<suite id="s1-s1" name="Random-User-Test" source="/home/runner/work/ApiRandomUser/ApiRandomUser/RamdonUser/tests/random-user-test.robot">
<test id="s1-s1-t1" name="Conectar" line="13">
<kw name="Conectar API" owner="random-user-service">
<kw name="Create Session" owner="RequestsLibrary">
<msg time="2024-05-28T17:14:03.987216" level="INFO">Creating Session using : alias=consultarAPI, url=https://randomuser.me/, headers={},                     cookies={}, auth=None, timeout=None, proxies=None, verify=False,                     debug=0 </msg>
<arg>consultarAPI</arg>
<arg>${URL}</arg>
<doc>Create Session: create a HTTP session to a server</doc>
<status status="PASS" start="2024-05-28T17:14:03.987016" elapsed="0.000380"/>
</kw>
<status status="PASS" start="2024-05-28T17:14:03.985966" elapsed="0.001786"/>
</kw>
<status status="PASS" start="2024-05-28T17:14:03.985316" elapsed="0.002628"/>
</test>
<test id="s1-s1-t2" name="Validar retorno 200 e JSON Válido" line="16">
<kw name="Teste de Requisicao Basica" owner="random-user-service">
<kw name="GET On Session" owner="RequestsLibrary">
<msg time="2024-05-28T17:14:04.225235" level="INFO">GET Request : url=https://randomuser.me/api 
 path_url=/api 
 headers={'User-Agent': 'python-requests/2.32.2', 'Accept-Encoding': 'gzip, deflate', 'Accept': '*/*', 'Connection': 'keep-alive'} 
 body=None 
 </msg>
<msg time="2024-05-28T17:14:04.225389" level="INFO">GET Response : url=https://randomuser.me/api 
 status=200, reason=OK 
 headers={'Date': 'Tue, 28 May 2024 17:14:04 GMT', 'Content-Type': 'application/json; charset=utf-8', 'Transfer-Encoding': 'chunked', 'Connection': 'keep-alive', 'X-Powered-By': 'Express', 'Access-Control-Allow-Origin': '*', 'Cache-Control': 'no-cache', 'ETag': 'W/"476-sUINnoq6LKoVnpNSpnfoJ5w/eVc"', 'Vary': 'Accept-Encoding', 'Content-Encoding': 'gzip', 'CF-Cache-Status': 'DYNAMIC', 'Report-To': '{"endpoints":[{"url":"https:\\/\\/a.nel.cloudflare.com\\/report\\/v4?s=lGhnDQoNkhMxRXt94U8WpSwpsDCsEbVn0HsPVgW9b65RNgIUwDS88t7VVAANvkDT0bpLJb8hygpGKPN6c0CMCoceREZCQcfJva9taxwigNh9sl6caKtro7xkWAFgRK%2Fz"}],"group":"cf-nel","max_age":604800}', 'NEL': '{"success_fraction":0,"report_to":"cf-nel","max_age":604800}', 'Server': 'cloudflare', 'CF-RAY': '88afe0ffdf999c1e-IAD', 'alt-svc': 'h3=":443"; ma=86400'} 
 body={"results":[{"gender":"female","name":{"title":"Mrs","first":"تینا","last":"كامياران"},"location":{"street":{"number":9555,"name":"نبرد"},"city":"یزد","state":"سمنان","country":"Iran","postcode":22490,"coordinates":{"latitude":"16.4067","longitude":"56.6319"},"timezone":{"offset":"+9:30","description":"Adelaide, Darwin"}},"email":"tyn.kmyrn@example.com","login":{"uuid":"486efdf6-2335-456c-89e7-9426eb51ddff","username":"heavymouse348","password":"thirty","salt":"mmuwzWsK","md5":"c861d68fc08c0c129a0e3d4d429d3bc5","sha1":"961852dfb1a915ee576307ce5dc11dd0ceaac4ea","sha256":"ae81895d0c38f41fbfb4bd97bedc7d49794b567895c388e091d572f21df47d41"},"dob":{"date":"1953-12-16T17:27:32.555Z","age":70},"registered":{"date":"2010-09-26T19:43:14.409Z","age":13},"phone":"063-08899424","cell":"0950-885-8931","id":{"name":"","value":null},"picture":{"large":"https://randomuser.me/api/portraits/women/88.jpg","medium":"https://randomuser.me/api/portraits/med/women/88.jpg","thumbnail":"https://randomuser.me/api/portraits/thumb/women/88.jpg"},"nat":"IR"}],"info":{"seed":"8d723c1a34630bd2","results":1,"page":1,"version":"1.4"}} 
 </msg>
<msg time="2024-05-28T17:14:04.225474" level="INFO">/opt/hostedtoolcache/Python/3.12.3/x64/lib/python3.12/site-packages/urllib3/connectionpool.py:1103: InsecureRequestWarning: Unverified HTTPS request is being made to host 'randomuser.me'. Adding certificate verification is strongly advised. See: https://urllib3.readthedocs.io/en/latest/advanced-usage.html#tls-warnings
  warnings.warn(</msg>
<msg time="2024-05-28T17:14:04.225653" level="INFO">${response} = &lt;Response [200]&gt;</msg>
<var>${response}</var>
<arg>consultarAPI</arg>
<arg>/api</arg>
<doc>Sends a GET request on a previously created HTTP Session.</doc>
<status status="PASS" start="2024-05-28T17:14:03.990591" elapsed="0.235098"/>
</kw>
<kw name="Should Be Equal As Numbers" owner="BuiltIn">
<msg time="2024-05-28T17:14:04.226672" level="INFO">Argument types are:
&lt;class 'int'&gt;
&lt;class 'str'&gt;</msg>
<arg>${response.status_code}</arg>
<arg>200</arg>
<doc>Fails if objects are unequal after converting them to real numbers.</doc>
<status status="PASS" start="2024-05-28T17:14:04.226193" elapsed="0.000545"/>
</kw>
<kw name="Log" owner="BuiltIn">
<msg time="2024-05-28T17:14:04.227420" level="INFO">200</msg>
<arg>${response.status_code}</arg>
<doc>Logs the given message with the given level.</doc>
<status status="PASS" start="2024-05-28T17:14:04.227074" elapsed="0.000395"/>
</kw>
<kw name="Set Variable" owner="BuiltIn">
<msg time="2024-05-28T17:14:04.228265" level="INFO">${json_data} = {'results': [{'gender': 'female', 'name': {'title': 'Mrs', 'first': 'تینا', 'last': 'كامياران'}, 'location': {'street': {'number': 9555, 'name': 'نبرد'}, 'city': 'یزد', 'state': 'سمنان', 'country': 'I...</msg>
<var>${json_data}</var>
<arg>${response.json()}</arg>
<doc>Returns the given values which can then be assigned to a variables.</doc>
<status status="PASS" start="2024-05-28T17:14:04.227797" elapsed="0.000501"/>
</kw>
<kw name="Dictionary Should Contain Key" owner="Collections">
<msg time="2024-05-28T17:14:04.228830" level="INFO">False</msg>
<arg>${json_data}</arg>
<arg>results</arg>
<doc>Fails if ``key`` is not found from ``dictionary``.</doc>
<status status="PASS" start="2024-05-28T17:14:04.228625" elapsed="0.000426"/>
</kw>
<status status="PASS" start="2024-05-28T17:14:03.990350" elapsed="0.238977"/>
</kw>
<doc>Testa se a API responde corretamente e retorna um objeto JSON válido.</doc>
<tag>testeRequisicaoBasica</tag>
<status status="PASS" start="2024-05-28T17:14:03.989807" elapsed="0.239703"/>
</test>
<test id="s1-s1-t3" name="Validar estrutura de resposta" line="22">
<kw name="Teste de Estrutura de Resposta" owner="random-user-service">
<kw name="GET On Session" owner="RequestsLibrary">
<msg time="2024-05-28T17:14:04.357037" level="INFO">GET Request : url=https://randomuser.me/api 
 path_url=/api 
 headers={'User-Agent': 'python-requests/2.32.2', 'Accept-Encoding': 'gzip, deflate', 'Accept': '*/*', 'Connection': 'keep-alive'} 
 body=None 
 </msg>
<msg time="2024-05-28T17:14:04.357145" level="INFO">GET Response : url=https://randomuser.me/api 
 status=200, reason=OK 
 headers={'Date': 'Tue, 28 May 2024 17:14:04 GMT', 'Content-Type': 'application/json; charset=utf-8', 'Transfer-Encoding': 'chunked', 'Connection': 'keep-alive', 'X-Powered-By': 'Express', 'Access-Control-Allow-Origin': '*', 'Cache-Control': 'no-cache', 'ETag': 'W/"488-5qleZQBUDOTHvXyOSHcvld8kXz4"', 'Vary': 'Accept-Encoding', 'Content-Encoding': 'gzip', 'CF-Cache-Status': 'DYNAMIC', 'Report-To': '{"endpoints":[{"url":"https:\\/\\/a.nel.cloudflare.com\\/report\\/v4?s=Bs6atKf3UAeoPPLh6ibeXV2HhwelMbezvXIcbcEXOvRkubHURx5HptDb2dhoSQtM%2B2RqB0vdS%2FDsI0fOMHqrp2FKMFPn9wegINZsU1VcMfxd6tj%2BtTastxn0GYfuErZ0"}],"group":"cf-nel","max_age":604800}', 'NEL': '{"success_fraction":0,"report_to":"cf-nel","max_age":604800}', 'Server': 'cloudflare', 'CF-RAY': '88afe10078829c1e-IAD', 'alt-svc': 'h3=":443"; ma=86400'} 
 body={"results":[{"gender":"female","name":{"title":"Miss","first":"Dinorá","last":"Santos"},"location":{"street":{"number":9844,"name":"Avenida da Legalidade"},"city":"Botucatu","state":"Sergipe","country":"Brazil","postcode":99576,"coordinates":{"latitude":"-77.3730","longitude":"176.1799"},"timezone":{"offset":"-10:00","description":"Hawaii"}},"email":"dinora.santos@example.com","login":{"uuid":"3e01f02e-fb99-4a51-9c5c-fb5567eb4c05","username":"silverzebra766","password":"drum","salt":"QJLNxgYV","md5":"db216b93d14ad5e1a2fc366e2f966224","sha1":"1f37a0a860a7c3831d1aad64702d9e2c328e191a","sha256":"8475ef8ffe431c56323c37ce215b874517db4e27d1710306837f2ad7ce15196b"},"dob":{"date":"1964-03-28T13:50:50.828Z","age":60},"registered":{"date":"2009-06-12T05:08:28.616Z","age":14},"phone":"(49) 6370-3182","cell":"(00) 5307-6075","id":{"name":"CPF","value":"311.967.888-79"},"picture":{"large":"https://randomuser.me/api/portraits/women/41.jpg","medium":"https://randomuser.me/api/portraits/med/women/41.jpg","thumbnail":"https://randomuser.me/api/portraits/thumb/women/41.jpg"},"nat":"BR"}],"info":{"seed":"103a5f3e921feacc","results":1,"page":1,"version":"1.4"}} 
 </msg>
<msg time="2024-05-28T17:14:04.357288" level="INFO">/opt/hostedtoolcache/Python/3.12.3/x64/lib/python3.12/site-packages/urllib3/connectionpool.py:1103: InsecureRequestWarning: Unverified HTTPS request is being made to host 'randomuser.me'. Adding certificate verification is strongly advised. See: https://urllib3.readthedocs.io/en/latest/advanced-usage.html#tls-warnings
  warnings.warn(</msg>
<msg time="2024-05-28T17:14:04.357451" level="INFO">${response} = &lt;Response [200]&gt;</msg>
<var>${response}</var>
<arg>consultarAPI</arg>
<arg>/api</arg>
<doc>Sends a GET request on a previously created HTTP Session.</doc>
<status status="PASS" start="2024-05-28T17:14:04.232476" elapsed="0.125028"/>
</kw>
<kw name="Set Variable" owner="BuiltIn">
<msg time="2024-05-28T17:14:04.358538" level="INFO">${json_data} = {'results': [{'gender': 'female', 'name': {'title': 'Miss', 'first': 'Dinorá', 'last': 'Santos'}, 'location': {'street': {'number': 9844, 'name': 'Avenida da Legalidade'}, 'city': 'Botucatu', 'state':...</msg>
<var>${json_data}</var>
<arg>${response.json()}</arg>
<doc>Returns the given values which can then be assigned to a variables.</doc>
<status status="PASS" start="2024-05-28T17:14:04.358023" elapsed="0.000547"/>
</kw>
<kw name="Log" owner="BuiltIn">
<msg time="2024-05-28T17:14:04.359038" level="INFO">{'results': [{'gender': 'female', 'name': {'title': 'Miss', 'first': 'Dinorá', 'last': 'Santos'}, 'location': {'street': {'number': 9844, 'name': 'Avenida da Legalidade'}, 'city': 'Botucatu', 'state': 'Sergipe', 'country': 'Brazil', 'postcode': 99576, 'coordinates': {'latitude': '-77.3730', 'longitude': '176.1799'}, 'timezone': {'offset': '-10:00', 'description': 'Hawaii'}}, 'email': 'dinora.santos@example.com', 'login': {'uuid': '3e01f02e-fb99-4a51-9c5c-fb5567eb4c05', 'username': 'silverzebra766', 'password': 'drum', 'salt': 'QJLNxgYV', 'md5': 'db216b93d14ad5e1a2fc366e2f966224', 'sha1': '1f37a0a860a7c3831d1aad64702d9e2c328e191a', 'sha256': '8475ef8ffe431c56323c37ce215b874517db4e27d1710306837f2ad7ce15196b'}, 'dob': {'date': '1964-03-28T13:50:50.828Z', 'age': 60}, 'registered': {'date': '2009-06-12T05:08:28.616Z', 'age': 14}, 'phone': '(49) 6370-3182', 'cell': '(00) 5307-6075', 'id': {'name': 'CPF', 'value': '311.967.888-79'}, 'picture': {'large': 'https://randomuser.me/api/portraits/women/41.jpg', 'medium': 'https://randomuser.me/api/portraits/med/women/41.jpg', 'thumbnail': 'https://randomuser.me/api/portraits/thumb/women/41.jpg'}, 'nat': 'BR'}], 'info': {'seed': '103a5f3e921feacc', 'results': 1, 'page': 1, 'version': '1.4'}}</msg>
<arg>${json_data}</arg>
<doc>Logs the given message with the given level.</doc>
<status status="PASS" start="2024-05-28T17:14:04.358879" elapsed="0.000209"/>
</kw>
<kw name="Dictionary Should Contain Key" owner="Collections">
<msg time="2024-05-28T17:14:04.359542" level="INFO">False</msg>
<arg>${json_data}</arg>
<arg>results</arg>
<doc>Fails if ``key`` is not found from ``dictionary``.</doc>
<status status="PASS" start="2024-05-28T17:14:04.359381" elapsed="0.000199"/>
</kw>
<kw name="Should Not Be Empty" owner="BuiltIn">
<msg time="2024-05-28T17:14:04.360021" level="INFO">Length is 2.</msg>
<arg>${json_data}</arg>
<doc>Verifies that the given item is not empty.</doc>
<status status="PASS" start="2024-05-28T17:14:04.359870" elapsed="0.000195"/>
</kw>
<kw name="Create List" owner="BuiltIn">
<msg time="2024-05-28T17:14:04.360514" level="INFO">${expected_keys} = ['gender', 'name', 'location', 'email', 'login']</msg>
<var>${expected_keys}</var>
<arg>gender</arg>
<arg>name</arg>
<arg>location</arg>
<arg>email</arg>
<arg>login</arg>
<doc>Returns a list containing given items.</doc>
<status status="PASS" start="2024-05-28T17:14:04.360368" elapsed="0.000171"/>
</kw>
<for flavor="IN">
<iter>
<kw name="Dictionary Should Contain Key" owner="Collections">
<msg time="2024-05-28T17:14:04.361524" level="INFO">False</msg>
<arg>${json_data['results'][0]}</arg>
<arg>${key}</arg>
<doc>Fails if ``key`` is not found from ``dictionary``.</doc>
<status status="PASS" start="2024-05-28T17:14:04.361117" elapsed="0.000475"/>
</kw>
<kw name="Log" owner="BuiltIn">
<msg time="2024-05-28T17:14:04.362327" level="INFO">{'gender': 'female', 'name': {'title': 'Miss', 'first': 'Dinorá', 'last': 'Santos'}, 'location': {'street': {'number': 9844, 'name': 'Avenida da Legalidade'}, 'city': 'Botucatu', 'state': 'Sergipe', 'country': 'Brazil', 'postcode': 99576, 'coordinates': {'latitude': '-77.3730', 'longitude': '176.1799'}, 'timezone': {'offset': '-10:00', 'description': 'Hawaii'}}, 'email': 'dinora.santos@example.com', 'login': {'uuid': '3e01f02e-fb99-4a51-9c5c-fb5567eb4c05', 'username': 'silverzebra766', 'password': 'drum', 'salt': 'QJLNxgYV', 'md5': 'db216b93d14ad5e1a2fc366e2f966224', 'sha1': '1f37a0a860a7c3831d1aad64702d9e2c328e191a', 'sha256': '8475ef8ffe431c56323c37ce215b874517db4e27d1710306837f2ad7ce15196b'}, 'dob': {'date': '1964-03-28T13:50:50.828Z', 'age': 60}, 'registered': {'date': '2009-06-12T05:08:28.616Z', 'age': 14}, 'phone': '(49) 6370-3182', 'cell': '(00) 5307-6075', 'id': {'name': 'CPF', 'value': '311.967.888-79'}, 'picture': {'large': 'https://randomuser.me/api/portraits/women/41.jpg', 'medium': 'https://randomuser.me/api/portraits/med/women/41.jpg', 'thumbnail': 'https://randomuser.me/api/portraits/thumb/women/41.jpg'}, 'nat': 'BR'}</msg>
<arg>${json_data['results'][0]}</arg>
<doc>Logs the given message with the given level.</doc>
<status status="PASS" start="2024-05-28T17:14:04.361917" elapsed="0.000460"/>
</kw>
<kw name="Log" owner="BuiltIn">
<msg time="2024-05-28T17:14:04.362821" level="INFO">gender</msg>
<arg>${key}</arg>
<doc>Logs the given message with the given level.</doc>
<status status="PASS" start="2024-05-28T17:14:04.362692" elapsed="0.000167"/>
</kw>
<var name="${key}">gender</var>
<status status="PASS" start="2024-05-28T17:14:04.360989" elapsed="0.002085"/>
</iter>
<iter>
<kw name="Dictionary Should Contain Key" owner="Collections">
<msg time="2024-05-28T17:14:04.363759" level="INFO">False</msg>
<arg>${json_data['results'][0]}</arg>
<arg>${key}</arg>
<doc>Fails if ``key`` is not found from ``dictionary``.</doc>
<status status="PASS" start="2024-05-28T17:14:04.363376" elapsed="0.000420"/>
</kw>
<kw name="Log" owner="BuiltIn">
<msg time="2024-05-28T17:14:04.364484" level="INFO">{'gender': 'female', 'name': {'title': 'Miss', 'first': 'Dinorá', 'last': 'Santos'}, 'location': {'street': {'number': 9844, 'name': 'Avenida da Legalidade'}, 'city': 'Botucatu', 'state': 'Sergipe', 'country': 'Brazil', 'postcode': 99576, 'coordinates': {'latitude': '-77.3730', 'longitude': '176.1799'}, 'timezone': {'offset': '-10:00', 'description': 'Hawaii'}}, 'email': 'dinora.santos@example.com', 'login': {'uuid': '3e01f02e-fb99-4a51-9c5c-fb5567eb4c05', 'username': 'silverzebra766', 'password': 'drum', 'salt': 'QJLNxgYV', 'md5': 'db216b93d14ad5e1a2fc366e2f966224', 'sha1': '1f37a0a860a7c3831d1aad64702d9e2c328e191a', 'sha256': '8475ef8ffe431c56323c37ce215b874517db4e27d1710306837f2ad7ce15196b'}, 'dob': {'date': '1964-03-28T13:50:50.828Z', 'age': 60}, 'registered': {'date': '2009-06-12T05:08:28.616Z', 'age': 14}, 'phone': '(49) 6370-3182', 'cell': '(00) 5307-6075', 'id': {'name': 'CPF', 'value': '311.967.888-79'}, 'picture': {'large': 'https://randomuser.me/api/portraits/women/41.jpg', 'medium': 'https://randomuser.me/api/portraits/med/women/41.jpg', 'thumbnail': 'https://randomuser.me/api/portraits/thumb/women/41.jpg'}, 'nat': 'BR'}</msg>
<arg>${json_data['results'][0]}</arg>
<doc>Logs the given message with the given level.</doc>
<status status="PASS" start="2024-05-28T17:14:04.364117" elapsed="0.000417"/>
</kw>
<kw name="Log" owner="BuiltIn">
<msg time="2024-05-28T17:14:04.364958" level="INFO">name</msg>
<arg>${key}</arg>
<doc>Logs the given message with the given level.</doc>
<status status="PASS" start="2024-05-28T17:14:04.364833" elapsed="0.000162"/>
</kw>
<var name="${key}">name</var>
<status status="PASS" start="2024-05-28T17:14:04.363261" elapsed="0.001953"/>
</iter>
<iter>
<kw name="Dictionary Should Contain Key" owner="Collections">
<msg time="2024-05-28T17:14:04.365922" level="INFO">False</msg>
<arg>${json_data['results'][0]}</arg>
<arg>${key}</arg>
<doc>Fails if ``key`` is not found from ``dictionary``.</doc>
<status status="PASS" start="2024-05-28T17:14:04.365510" elapsed="0.000449"/>
</kw>
<kw name="Log" owner="BuiltIn">
<msg time="2024-05-28T17:14:04.366628" level="INFO">{'gender': 'female', 'name': {'title': 'Miss', 'first': 'Dinorá', 'last': 'Santos'}, 'location': {'street': {'number': 9844, 'name': 'Avenida da Legalidade'}, 'city': 'Botucatu', 'state': 'Sergipe', 'country': 'Brazil', 'postcode': 99576, 'coordinates': {'latitude': '-77.3730', 'longitude': '176.1799'}, 'timezone': {'offset': '-10:00', 'description': 'Hawaii'}}, 'email': 'dinora.santos@example.com', 'login': {'uuid': '3e01f02e-fb99-4a51-9c5c-fb5567eb4c05', 'username': 'silverzebra766', 'password': 'drum', 'salt': 'QJLNxgYV', 'md5': 'db216b93d14ad5e1a2fc366e2f966224', 'sha1': '1f37a0a860a7c3831d1aad64702d9e2c328e191a', 'sha256': '8475ef8ffe431c56323c37ce215b874517db4e27d1710306837f2ad7ce15196b'}, 'dob': {'date': '1964-03-28T13:50:50.828Z', 'age': 60}, 'registered': {'date': '2009-06-12T05:08:28.616Z', 'age': 14}, 'phone': '(49) 6370-3182', 'cell': '(00) 5307-6075', 'id': {'name': 'CPF', 'value': '311.967.888-79'}, 'picture': {'large': 'https://randomuser.me/api/portraits/women/41.jpg', 'medium': 'https://randomuser.me/api/portraits/med/women/41.jpg', 'thumbnail': 'https://randomuser.me/api/portraits/thumb/women/41.jpg'}, 'nat': 'BR'}</msg>
<arg>${json_data['results'][0]}</arg>
<doc>Logs the given message with the given level.</doc>
<status status="PASS" start="2024-05-28T17:14:04.366260" elapsed="0.000416"/>
</kw>
<kw name="Log" owner="BuiltIn">
<msg time="2024-05-28T17:14:04.367111" level="INFO">location</msg>
<arg>${key}</arg>
<doc>Logs the given message with the given level.</doc>
<status status="PASS" start="2024-05-28T17:14:04.366978" elapsed="0.000171"/>
</kw>
<var name="${key}">location</var>
<status status="PASS" start="2024-05-28T17:14:04.365397" elapsed="0.001969"/>
</iter>
<iter>
<kw name="Dictionary Should Contain Key" owner="Collections">
<msg time="2024-05-28T17:14:04.368131" level="INFO">False</msg>
<arg>${json_data['results'][0]}</arg>
<arg>${key}</arg>
<doc>Fails if ``key`` is not found from ``dictionary``.</doc>
<status status="PASS" start="2024-05-28T17:14:04.367646" elapsed="0.000523"/>
</kw>
<kw name="Log" owner="BuiltIn">
<msg time="2024-05-28T17:14:04.368824" level="INFO">{'gender': 'female', 'name': {'title': 'Miss', 'first': 'Dinorá', 'last': 'Santos'}, 'location': {'street': {'number': 9844, 'name': 'Avenida da Legalidade'}, 'city': 'Botucatu', 'state': 'Sergipe', 'country': 'Brazil', 'postcode': 99576, 'coordinates': {'latitude': '-77.3730', 'longitude': '176.1799'}, 'timezone': {'offset': '-10:00', 'description': 'Hawaii'}}, 'email': 'dinora.santos@example.com', 'login': {'uuid': '3e01f02e-fb99-4a51-9c5c-fb5567eb4c05', 'username': 'silverzebra766', 'password': 'drum', 'salt': 'QJLNxgYV', 'md5': 'db216b93d14ad5e1a2fc366e2f966224', 'sha1': '1f37a0a860a7c3831d1aad64702d9e2c328e191a', 'sha256': '8475ef8ffe431c56323c37ce215b874517db4e27d1710306837f2ad7ce15196b'}, 'dob': {'date': '1964-03-28T13:50:50.828Z', 'age': 60}, 'registered': {'date': '2009-06-12T05:08:28.616Z', 'age': 14}, 'phone': '(49) 6370-3182', 'cell': '(00) 5307-6075', 'id': {'name': 'CPF', 'value': '311.967.888-79'}, 'picture': {'large': 'https://randomuser.me/api/portraits/women/41.jpg', 'medium': 'https://randomuser.me/api/portraits/med/women/41.jpg', 'thumbnail': 'https://randomuser.me/api/portraits/thumb/women/41.jpg'}, 'nat': 'BR'}</msg>
<arg>${json_data['results'][0]}</arg>
<doc>Logs the given message with the given level.</doc>
<status status="PASS" start="2024-05-28T17:14:04.368466" elapsed="0.000407"/>
</kw>
<kw name="Log" owner="BuiltIn">
<msg time="2024-05-28T17:14:04.369291" level="INFO">email</msg>
<arg>${key}</arg>
<doc>Logs the given message with the given level.</doc>
<status status="PASS" start="2024-05-28T17:14:04.369165" elapsed="0.000162"/>
</kw>
<var name="${key}">email</var>
<status status="PASS" start="2024-05-28T17:14:04.367537" elapsed="0.002002"/>
</iter>
<iter>
<kw name="Dictionary Should Contain Key" owner="Collections">
<msg time="2024-05-28T17:14:04.370255" level="INFO">False</msg>
<arg>${json_data['results'][0]}</arg>
<arg>${key}</arg>
<doc>Fails if ``key`` is not found from ``dictionary``.</doc>
<status status="PASS" start="2024-05-28T17:14:04.369874" elapsed="0.000418"/>
</kw>
<kw name="Log" owner="BuiltIn">
<msg time="2024-05-28T17:14:04.370950" level="INFO">{'gender': 'female', 'name': {'title': 'Miss', 'first': 'Dinorá', 'last': 'Santos'}, 'location': {'street': {'number': 9844, 'name': 'Avenida da Legalidade'}, 'city': 'Botucatu', 'state': 'Sergipe', 'country': 'Brazil', 'postcode': 99576, 'coordinates': {'latitude': '-77.3730', 'longitude': '176.1799'}, 'timezone': {'offset': '-10:00', 'description': 'Hawaii'}}, 'email': 'dinora.santos@example.com', 'login': {'uuid': '3e01f02e-fb99-4a51-9c5c-fb5567eb4c05', 'username': 'silverzebra766', 'password': 'drum', 'salt': 'QJLNxgYV', 'md5': 'db216b93d14ad5e1a2fc366e2f966224', 'sha1': '1f37a0a860a7c3831d1aad64702d9e2c328e191a', 'sha256': '8475ef8ffe431c56323c37ce215b874517db4e27d1710306837f2ad7ce15196b'}, 'dob': {'date': '1964-03-28T13:50:50.828Z', 'age': 60}, 'registered': {'date': '2009-06-12T05:08:28.616Z', 'age': 14}, 'phone': '(49) 6370-3182', 'cell': '(00) 5307-6075', 'id': {'name': 'CPF', 'value': '311.967.888-79'}, 'picture': {'large': 'https://randomuser.me/api/portraits/women/41.jpg', 'medium': 'https://randomuser.me/api/portraits/med/women/41.jpg', 'thumbnail': 'https://randomuser.me/api/portraits/thumb/women/41.jpg'}, 'nat': 'BR'}</msg>
<arg>${json_data['results'][0]}</arg>
<doc>Logs the given message with the given level.</doc>
<status status="PASS" start="2024-05-28T17:14:04.370589" elapsed="0.000412"/>
</kw>
<kw name="Log" owner="BuiltIn">
<msg time="2024-05-28T17:14:04.371417" level="INFO">login</msg>
<arg>${key}</arg>
<doc>Logs the given message with the given level.</doc>
<status status="PASS" start="2024-05-28T17:14:04.371291" elapsed="0.000164"/>
</kw>
<var name="${key}">login</var>
<status status="PASS" start="2024-05-28T17:14:04.369759" elapsed="0.001936"/>
</iter>
<var>${key}</var>
<value>@{expected_keys}</value>
<status status="PASS" start="2024-05-28T17:14:04.360799" elapsed="0.011022"/>
</for>
<kw name="Create List" owner="BuiltIn">
<msg time="2024-05-28T17:14:04.372148" level="INFO">${expected_keysTwo} = ['username', 'password']</msg>
<var>${expected_keysTwo}</var>
<arg>username</arg>
<arg>password</arg>
<doc>Returns a list containing given items.</doc>
<status status="PASS" start="2024-05-28T17:14:04.372013" elapsed="0.000159"/>
</kw>
<for flavor="IN">
<iter>
<kw name="Dictionary Should Contain Key" owner="Collections">
<msg time="2024-05-28T17:14:04.373053" level="INFO">False</msg>
<arg>${json_data['results'][0]['login']}</arg>
<arg>${keyTwo}</arg>
<doc>Fails if ``key`` is not found from ``dictionary``.</doc>
<status status="PASS" start="2024-05-28T17:14:04.372679" elapsed="0.000412"/>
</kw>
<kw name="Dictionary Should Contain Key" owner="Collections">
<msg time="2024-05-28T17:14:04.373792" level="INFO">False</msg>
<arg>${json_data['results'][0]['login']}</arg>
<arg>${keyTwo}</arg>
<doc>Fails if ``key`` is not found from ``dictionary``.</doc>
<status status="PASS" start="2024-05-28T17:14:04.373383" elapsed="0.000447"/>
</kw>
<kw name="Log" owner="BuiltIn">
<msg time="2024-05-28T17:14:04.374249" level="INFO">username</msg>
<arg>${keyTwo}</arg>
<doc>Logs the given message with the given level.</doc>
<status status="PASS" start="2024-05-28T17:14:04.374122" elapsed="0.000164"/>
</kw>
<var name="${keyTwo}">username</var>
<status status="PASS" start="2024-05-28T17:14:04.372569" elapsed="0.001931"/>
</iter>
<iter>
<kw name="Dictionary Should Contain Key" owner="Collections">
<msg time="2024-05-28T17:14:04.375152" level="INFO">False</msg>
<arg>${json_data['results'][0]['login']}</arg>
<arg>${keyTwo}</arg>
<doc>Fails if ``key`` is not found from ``dictionary``.</doc>
<status status="PASS" start="2024-05-28T17:14:04.374779" elapsed="0.000411"/>
</kw>
<kw name="Dictionary Should Contain Key" owner="Collections">
<msg time="2024-05-28T17:14:04.375861" level="INFO">False</msg>
<arg>${json_data['results'][0]['login']}</arg>
<arg>${keyTwo}</arg>
<doc>Fails if ``key`` is not found from ``dictionary``.</doc>
<status status="PASS" start="2024-05-28T17:14:04.375485" elapsed="0.000413"/>
</kw>
<kw name="Log" owner="BuiltIn">
<msg time="2024-05-28T17:14:04.376319" level="INFO">password</msg>
<arg>${keyTwo}</arg>
<doc>Logs the given message with the given level.</doc>
<status status="PASS" start="2024-05-28T17:14:04.376190" elapsed="0.000167"/>
</kw>
<var name="${keyTwo}">password</var>
<status status="PASS" start="2024-05-28T17:14:04.374670" elapsed="0.001901"/>
</iter>
<var>${keyTwo}</var>
<value>@{expected_keysTwo}</value>
<status status="PASS" start="2024-05-28T17:14:04.372418" elapsed="0.004275"/>
</for>
<status status="PASS" start="2024-05-28T17:14:04.232133" elapsed="0.144702"/>
</kw>
<doc>Testa a estrutura da resposta da API.</doc>
<tag>testeEstruturaResposta</tag>
<status status="PASS" start="2024-05-28T17:14:04.231369" elapsed="0.145627"/>
</test>
<test id="s1-s1-t4" name="Validar tipos de dados" line="28">
<kw name="Teste de Tipos de Dados" owner="random-user-service">
<kw name="GET On Session" owner="RequestsLibrary">
<msg time="2024-05-28T17:14:04.431957" level="INFO">GET Request : url=https://randomuser.me/api 
 path_url=/api 
 headers={'User-Agent': 'python-requests/2.32.2', 'Accept-Encoding': 'gzip, deflate', 'Accept': '*/*', 'Connection': 'keep-alive'} 
 body=None 
 </msg>
<msg time="2024-05-28T17:14:04.432055" level="INFO">GET Response : url=https://randomuser.me/api 
 status=200, reason=OK 
 headers={'Date': 'Tue, 28 May 2024 17:14:04 GMT', 'Content-Type': 'application/json; charset=utf-8', 'Transfer-Encoding': 'chunked', 'Connection': 'keep-alive', 'X-Powered-By': 'Express', 'Access-Control-Allow-Origin': '*', 'Cache-Control': 'no-cache', 'ETag': 'W/"492-jykBe+IsFEZE+AVpLVdaTNGcL54"', 'Vary': 'Accept-Encoding', 'Content-Encoding': 'gzip', 'CF-Cache-Status': 'DYNAMIC', 'Report-To': '{"endpoints":[{"url":"https:\\/\\/a.nel.cloudflare.com\\/report\\/v4?s=KJ2q6b9IruuHq7sXKz5%2FKMxa2EaUAaHrb778pBnrdHLRUp%2FRH2yaKMgh6Ka6Hk46wLAJ%2F6ljvJcGlrHBoFSfH4tzSHSVD6SgvJjI6wglyMRoYmF%2BcsRLmvRljEkmaRVx"}],"group":"cf-nel","max_age":604800}', 'NEL': '{"success_fraction":0,"report_to":"cf-nel","max_age":604800}', 'Server': 'cloudflare', 'CF-RAY': '88afe10169cd9c1e-IAD', 'alt-svc': 'h3=":443"; ma=86400'} 
 body={"results":[{"gender":"male","name":{"title":"Mr","first":"Hanspeter","last":"Benner"},"location":{"street":{"number":6573,"name":"Bachstraße"},"city":"Lollar","state":"Brandenburg","country":"Germany","postcode":22306,"coordinates":{"latitude":"-48.9138","longitude":"-90.2582"},"timezone":{"offset":"+4:00","description":"Abu Dhabi, Muscat, Baku, Tbilisi"}},"email":"hanspeter.benner@example.com","login":{"uuid":"609a0832-e9ef-4f42-af07-e1e42ea4e5ee","username":"angrykoala941","password":"woman","salt":"4M499qlP","md5":"fe1cadb2dcf11a1279594386188bbe9b","sha1":"2198dd8cebf79c9002a876640605fe4cd8daf092","sha256":"8e0c241c58a6c3e9afbf9b621e048369e00fcd1cc49c73239d25efdc99c50a24"},"dob":{"date":"1949-09-17T18:10:03.843Z","age":74},"registered":{"date":"2019-12-23T23:28:41.059Z","age":4},"phone":"0196-3939808","cell":"0179-6758377","id":{"name":"SVNR","value":"63 170949 B 070"},"picture":{"large":"https://randomuser.me/api/portraits/men/30.jpg","medium":"https://randomuser.me/api/portraits/med/men/30.jpg","thumbnail":"https://randomuser.me/api/portraits/thumb/men/30.jpg"},"nat":"DE"}],"info":{"seed":"dfb1715df6f77b92","results":1,"page":1,"version":"1.4"}} 
 </msg>
<msg time="2024-05-28T17:14:04.432128" level="INFO">/opt/hostedtoolcache/Python/3.12.3/x64/lib/python3.12/site-packages/urllib3/connectionpool.py:1103: InsecureRequestWarning: Unverified HTTPS request is being made to host 'randomuser.me'. Adding certificate verification is strongly advised. See: https://urllib3.readthedocs.io/en/latest/advanced-usage.html#tls-warnings
  warnings.warn(</msg>
<msg time="2024-05-28T17:14:04.432263" level="INFO">${response} = &lt;Response [200]&gt;</msg>
<var>${response}</var>
<arg>consultarAPI</arg>
<arg>/api</arg>
<doc>Sends a GET request on a previously created HTTP Session.</doc>
<status status="PASS" start="2024-05-28T17:14:04.379702" elapsed="0.052605"/>
</kw>
<kw name="Set Variable" owner="BuiltIn">
<msg time="2024-05-28T17:14:04.433427" level="INFO">${json_data} = {'results': [{'gender': 'male', 'name': {'title': 'Mr', 'first': 'Hanspeter', 'last': 'Benner'}, 'location': {'street': {'number': 6573, 'name': 'Bachstraße'}, 'city': 'Lollar', 'state': 'Brandenburg'...</msg>
<var>${json_data}</var>
<arg>${response.json()}</arg>
<doc>Returns the given values which can then be assigned to a variables.</doc>
<status status="PASS" start="2024-05-28T17:14:04.432867" elapsed="0.000591"/>
</kw>
<kw name="Log" owner="BuiltIn">
<msg time="2024-05-28T17:14:04.434030" level="INFO">{'results': [{'gender': 'male', 'name': {'title': 'Mr', 'first': 'Hanspeter', 'last': 'Benner'}, 'location': {'street': {'number': 6573, 'name': 'Bachstraße'}, 'city': 'Lollar', 'state': 'Brandenburg', 'country': 'Germany', 'postcode': 22306, 'coordinates': {'latitude': '-48.9138', 'longitude': '-90.2582'}, 'timezone': {'offset': '+4:00', 'description': 'Abu Dhabi, Muscat, Baku, Tbilisi'}}, 'email': 'hanspeter.benner@example.com', 'login': {'uuid': '609a0832-e9ef-4f42-af07-e1e42ea4e5ee', 'username': 'angrykoala941', 'password': 'woman', 'salt': '4M499qlP', 'md5': 'fe1cadb2dcf11a1279594386188bbe9b', 'sha1': '2198dd8cebf79c9002a876640605fe4cd8daf092', 'sha256': '8e0c241c58a6c3e9afbf9b621e048369e00fcd1cc49c73239d25efdc99c50a24'}, 'dob': {'date': '1949-09-17T18:10:03.843Z', 'age': 74}, 'registered': {'date': '2019-12-23T23:28:41.059Z', 'age': 4}, 'phone': '0196-3939808', 'cell': '0179-6758377', 'id': {'name': 'SVNR', 'value': '63 170949 B 070'}, 'picture': {'large': 'https://randomuser.me/api/portraits/men/30.jpg', 'medium': 'https://randomuser.me/api/portraits/med/men/30.jpg', 'thumbnail': 'https://randomuser.me/api/portraits/thumb/men/30.jpg'}, 'nat': 'DE'}], 'info': {'seed': 'dfb1715df6f77b92', 'results': 1, 'page': 1, 'version': '1.4'}}</msg>
<arg>${json_data}</arg>
<doc>Logs the given message with the given level.</doc>
<status status="PASS" start="2024-05-28T17:14:04.433862" elapsed="0.000255"/>
</kw>
<kw name="Should Be String" owner="String">
<arg>${json_data['results'][0]['gender']}</arg>
<doc>Fails if the given ``item`` is not a string.</doc>
<status status="PASS" start="2024-05-28T17:14:04.434428" elapsed="0.000382"/>
</kw>
<kw name="Should Match Regexp" owner="BuiltIn">
<arg>${json_data['results'][0]['email']}</arg>
<arg>^[a-zA-Z0-9._%+-]+@[a-zA-Z0-9.-]+\.[a-zA-Z]{2,}$</arg>
<doc>Fails if ``string`` does not match ``pattern`` as a regular expression.</doc>
<status status="PASS" start="2024-05-28T17:14:04.435002" elapsed="0.000676"/>
</kw>
<kw name="Should Match Regexp" owner="BuiltIn">
<arg>${json_data['results'][0]['dob']['date']}</arg>
<arg>\\d{4}-\\d{2}-\\d{2}T\\d{2}:\\d{2}:\\d{2}\\.\\d{3}Z</arg>
<doc>Fails if ``string`` does not match ``pattern`` as a regular expression.</doc>
<status status="PASS" start="2024-05-28T17:14:04.435877" elapsed="0.000491"/>
</kw>
<kw name="Should Match Regexp" owner="BuiltIn">
<arg>${json_data['results'][0]['registered']['date']}</arg>
<arg>\\d{4}-\\d{2}-\\d{2}T\\d{2}:\\d{2}:\\d{2}\\.\\d{3}Z</arg>
<doc>Fails if ``string`` does not match ``pattern`` as a regular expression.</doc>
<status status="PASS" start="2024-05-28T17:14:04.436562" elapsed="0.000368"/>
</kw>
<kw name="Should Match Regexp" owner="BuiltIn">
<arg>${json_data['results'][0]['picture']['large']}</arg>
<arg>^https?://.*\.(?:png|jpe?g|gif|bmp)$</arg>
<doc>Fails if ``string`` does not match ``pattern`` as a regular expression.</doc>
<status status="PASS" start="2024-05-28T17:14:04.437119" elapsed="0.000478"/>
</kw>
<kw name="Should Match Regexp" owner="BuiltIn">
<arg>${json_data['results'][0]['picture']['medium']}</arg>
<arg>^https?://.*\.(?:png|jpe?g|gif|bmp)$</arg>
<doc>Fails if ``string`` does not match ``pattern`` as a regular expression.</doc>
<status status="PASS" start="2024-05-28T17:14:04.437798" elapsed="0.000351"/>
</kw>
<kw name="Should Match Regexp" owner="BuiltIn">
<arg>${json_data['results'][0]['picture']['thumbnail']}</arg>
<arg>^https?://.*\.(?:png|jpe?g|gif|bmp)$</arg>
<doc>Fails if ``string`` does not match ``pattern`` as a regular expression.</doc>
<status status="PASS" start="2024-05-28T17:14:04.438335" elapsed="0.000343"/>
</kw>
<kw name="Log" owner="BuiltIn">
<msg time="2024-05-28T17:14:04.439179" level="INFO">{'large': 'https://randomuser.me/api/portraits/men/30.jpg', 'medium': 'https://randomuser.me/api/portraits/med/men/30.jpg', 'thumbnail': 'https://randomuser.me/api/portraits/thumb/men/30.jpg'}</msg>
<arg>${json_data['results'][0]['picture']}</arg>
<doc>Logs the given message with the given level.</doc>
<status status="PASS" start="2024-05-28T17:14:04.438859" elapsed="0.000363"/>
</kw>
<status status="PASS" start="2024-05-28T17:14:04.379456" elapsed="0.060029"/>
</kw>
<kw name="Teste de Tipos de Dados - Postcode" owner="random-user-service">
<kw name="GET On Session" owner="RequestsLibrary">
<msg time="2024-05-28T17:14:04.533705" level="INFO">GET Request : url=https://randomuser.me/api 
 path_url=/api 
 headers={'User-Agent': 'python-requests/2.32.2', 'Accept-Encoding': 'gzip, deflate', 'Accept': '*/*', 'Connection': 'keep-alive'} 
 body=None 
 </msg>
<msg time="2024-05-28T17:14:04.533785" level="INFO">GET Response : url=https://randomuser.me/api 
 status=200, reason=OK 
 headers={'Date': 'Tue, 28 May 2024 17:14:04 GMT', 'Content-Type': 'application/json; charset=utf-8', 'Transfer-Encoding': 'chunked', 'Connection': 'keep-alive', 'X-Powered-By': 'Express', 'Access-Control-Allow-Origin': '*', 'Cache-Control': 'no-cache', 'ETag': 'W/"486-3OrKLpsr3OPnAZu4vH0GfYcWZGo"', 'Vary': 'Accept-Encoding', 'Content-Encoding': 'gzip', 'CF-Cache-Status': 'DYNAMIC', 'Report-To': '{"endpoints":[{"url":"https:\\/\\/a.nel.cloudflare.com\\/report\\/v4?s=6FMTyv4sTPBpAFar7VIxR9kQY9leMkJgNgEEejA221c64AqNmz%2FCHTCLe5PLoUBmN4IwTFz%2FqyylQl69YSQhm%2F4mojcretrHZ8RWB4TczSCOFnF4PhP%2FFT64NzDbD%2BWJ"}],"group":"cf-nel","max_age":604800}', 'NEL': '{"success_fraction":0,"report_to":"cf-nel","max_age":604800}', 'Server': 'cloudflare', 'CF-RAY': '88afe101ca3f9c1e-IAD', 'alt-svc': 'h3=":443"; ma=86400'} 
 body={"results":[{"gender":"female","name":{"title":"Mrs","first":"Suchita","last":"Kumar"},"location":{"street":{"number":5799,"name":"NAD X Rd"},"city":"Gurgaon","state":"Chhattisgarh","country":"India","postcode":71678,"coordinates":{"latitude":"6.6672","longitude":"163.2541"},"timezone":{"offset":"-1:00","description":"Azores, Cape Verde Islands"}},"email":"suchita.kumar@example.com","login":{"uuid":"d7669953-a4a5-4c58-bb83-c92d3b2b2b90","username":"bluerabbit656","password":"killjoy","salt":"sOtWuFmR","md5":"ebb2fe8f447a91c9f1fb626427377571","sha1":"5fe2374f039cdfc81b86e396fe211127190302fd","sha256":"36e28e0e5f25740165e7fb9ef80204c897264322025dc682fabc4576d550688e"},"dob":{"date":"1953-10-18T22:44:43.200Z","age":70},"registered":{"date":"2018-12-19T03:46:31.449Z","age":5},"phone":"9171760712","cell":"7417084946","id":{"name":"UIDAI","value":"627878578759"},"picture":{"large":"https://randomuser.me/api/portraits/women/21.jpg","medium":"https://randomuser.me/api/portraits/med/women/21.jpg","thumbnail":"https://randomuser.me/api/portraits/thumb/women/21.jpg"},"nat":"IN"}],"info":{"seed":"4eeb9c3467af14b8","results":1,"page":1,"version":"1.4"}} 
 </msg>
<msg time="2024-05-28T17:14:04.533859" level="INFO">/opt/hostedtoolcache/Python/3.12.3/x64/lib/python3.12/site-packages/urllib3/connectionpool.py:1103: InsecureRequestWarning: Unverified HTTPS request is being made to host 'randomuser.me'. Adding certificate verification is strongly advised. See: https://urllib3.readthedocs.io/en/latest/advanced-usage.html#tls-warnings
  warnings.warn(</msg>
<msg time="2024-05-28T17:14:04.533949" level="INFO">${response} = &lt;Response [200]&gt;</msg>
<var>${response}</var>
<arg>consultarAPI</arg>
<arg>/api</arg>
<doc>Sends a GET request on a previously created HTTP Session.</doc>
<status status="PASS" start="2024-05-28T17:14:04.439953" elapsed="0.094027"/>
</kw>
<kw name="Set Variable" owner="BuiltIn">
<msg time="2024-05-28T17:14:04.534849" level="INFO">${json_data} = {'results': [{'gender': 'female', 'name': {'title': 'Mrs', 'first': 'Suchita', 'last': 'Kumar'}, 'location': {'street': {'number': 5799, 'name': 'NAD X Rd'}, 'city': 'Gurgaon', 'state': 'Chhattisgarh'...</msg>
<var>${json_data}</var>
<arg>${response.json()}</arg>
<doc>Returns the given values which can then be assigned to a variables.</doc>
<status status="PASS" start="2024-05-28T17:14:04.534377" elapsed="0.000501"/>
</kw>
<kw name="Log" owner="BuiltIn">
<msg time="2024-05-28T17:14:04.535338" level="INFO">{'results': [{'gender': 'female', 'name': {'title': 'Mrs', 'first': 'Suchita', 'last': 'Kumar'}, 'location': {'street': {'number': 5799, 'name': 'NAD X Rd'}, 'city': 'Gurgaon', 'state': 'Chhattisgarh', 'country': 'India', 'postcode': 71678, 'coordinates': {'latitude': '6.6672', 'longitude': '163.2541'}, 'timezone': {'offset': '-1:00', 'description': 'Azores, Cape Verde Islands'}}, 'email': 'suchita.kumar@example.com', 'login': {'uuid': 'd7669953-a4a5-4c58-bb83-c92d3b2b2b90', 'username': 'bluerabbit656', 'password': 'killjoy', 'salt': 'sOtWuFmR', 'md5': 'ebb2fe8f447a91c9f1fb626427377571', 'sha1': '5fe2374f039cdfc81b86e396fe211127190302fd', 'sha256': '36e28e0e5f25740165e7fb9ef80204c897264322025dc682fabc4576d550688e'}, 'dob': {'date': '1953-10-18T22:44:43.200Z', 'age': 70}, 'registered': {'date': '2018-12-19T03:46:31.449Z', 'age': 5}, 'phone': '9171760712', 'cell': '7417084946', 'id': {'name': 'UIDAI', 'value': '627878578759'}, 'picture': {'large': 'https://randomuser.me/api/portraits/women/21.jpg', 'medium': 'https://randomuser.me/api/portraits/med/women/21.jpg', 'thumbnail': 'https://randomuser.me/api/portraits/thumb/women/21.jpg'}, 'nat': 'IN'}], 'info': {'seed': '4eeb9c3467af14b8', 'results': 1, 'page': 1, 'version': '1.4'}}</msg>
<arg>${json_data}</arg>
<doc>Logs the given message with the given level.</doc>
<status status="PASS" start="2024-05-28T17:14:04.535183" elapsed="0.000238"/>
</kw>
<kw name="Should Be Equal As Numbers" owner="BuiltIn">
<arg>${json_data['results'][0]['location']['postcode']}</arg>
<arg>${json_data['results'][0]['location']['postcode']}</arg>
<doc>Fails if objects are unequal after converting them to real numbers.</doc>
<status status="PASS" start="2024-05-28T17:14:04.535726" elapsed="0.000625"/>
</kw>
<kw name="Log" owner="BuiltIn">
<msg time="2024-05-28T17:14:04.536886" level="INFO">71678</msg>
<arg>${json_data['results'][0]['location']['postcode']}</arg>
<doc>Logs the given message with the given level.</doc>
<status status="PASS" start="2024-05-28T17:14:04.536547" elapsed="0.000381"/>
</kw>
<status status="PASS" start="2024-05-28T17:14:04.439711" elapsed="0.097471"/>
</kw>
<doc>Testa se os tipos de dados na resposta da API estão corretos.</doc>
<tag>testeTiposDados</tag>
<status status="PASS" start="2024-05-28T17:14:04.378851" elapsed="0.158500"/>
</test>
<test id="s1-s1-t5" name="Validar conteudo" line="35">
<kw name="Teste de Tipos de Conteudo" owner="random-user-service">
<kw name="GET On Session" owner="RequestsLibrary">
<msg time="2024-05-28T17:14:04.622841" level="INFO">GET Request : url=https://randomuser.me/api 
 path_url=/api 
 headers={'User-Agent': 'python-requests/2.32.2', 'Accept-Encoding': 'gzip, deflate', 'Accept': '*/*', 'Connection': 'keep-alive'} 
 body=None 
 </msg>
<msg time="2024-05-28T17:14:04.622926" level="INFO">GET Response : url=https://randomuser.me/api 
 status=200, reason=OK 
 headers={'Date': 'Tue, 28 May 2024 17:14:04 GMT', 'Content-Type': 'application/json; charset=utf-8', 'Transfer-Encoding': 'chunked', 'Connection': 'keep-alive', 'X-Powered-By': 'Express', 'Access-Control-Allow-Origin': '*', 'Cache-Control': 'no-cache', 'ETag': 'W/"49b-mVx9nFcOSSLz9GG8/Ll0DVp2wa8"', 'Vary': 'Accept-Encoding', 'Content-Encoding': 'gzip', 'CF-Cache-Status': 'DYNAMIC', 'Report-To': '{"endpoints":[{"url":"https:\\/\\/a.nel.cloudflare.com\\/report\\/v4?s=M5NnOyv00rTcxPE%2BRy4IiE6xbezajo67ShlfLyurKbxI%2F0BrmDZo1blStnPdkCPmRFrHQ2VemB28fPw7hnUIly%2FIahIiI1jgT3wXdyFOsyNfieEbeQXbZPFcYhaBjFPc"}],"group":"cf-nel","max_age":604800}', 'NEL': '{"success_fraction":0,"report_to":"cf-nel","max_age":604800}', 'Server': 'cloudflare', 'CF-RAY': '88afe1026b6c9c1e-IAD', 'alt-svc': 'h3=":443"; ma=86400'} 
 body={"results":[{"gender":"female","name":{"title":"Mrs","first":"Anja","last":"Zeljković"},"location":{"street":{"number":7732,"name":"Doljanska"},"city":"Beočin","state":"Braničevo","country":"Serbia","postcode":30505,"coordinates":{"latitude":"63.0624","longitude":"57.1959"},"timezone":{"offset":"+3:00","description":"Baghdad, Riyadh, Moscow, St. Petersburg"}},"email":"anja.zeljkovic@example.com","login":{"uuid":"1f98c210-3e2b-42a1-a137-1801600ab138","username":"heavybutterfly600","password":"charlton","salt":"6lRkNeye","md5":"bc14e3f4c008cdaf214fd1f9857eb9fc","sha1":"8922a1224d017c91ed9351acfe4fa722eac249c7","sha256":"f533c4a8e98751d8230f3ba5d47361dddf1090416aeebb66543d10f9c0fc2720"},"dob":{"date":"1946-09-25T13:35:12.399Z","age":77},"registered":{"date":"2004-02-10T15:16:02.292Z","age":20},"phone":"010-6702-526","cell":"069-4670-824","id":{"name":"SID","value":"230947317"},"picture":{"large":"https://randomuser.me/api/portraits/women/40.jpg","medium":"https://randomuser.me/api/portraits/med/women/40.jpg","thumbnail":"https://randomuser.me/api/portraits/thumb/women/40.jpg"},"nat":"RS"}],"info":{"seed":"3dd9b357a668404a","results":1,"page":1,"version":"1.4"}} 
 </msg>
<msg time="2024-05-28T17:14:04.623006" level="INFO">/opt/hostedtoolcache/Python/3.12.3/x64/lib/python3.12/site-packages/urllib3/connectionpool.py:1103: InsecureRequestWarning: Unverified HTTPS request is being made to host 'randomuser.me'. Adding certificate verification is strongly advised. See: https://urllib3.readthedocs.io/en/latest/advanced-usage.html#tls-warnings
  warnings.warn(</msg>
<msg time="2024-05-28T17:14:04.623104" level="INFO">${response} = &lt;Response [200]&gt;</msg>
<var>${response}</var>
<arg>consultarAPI</arg>
<arg>/api</arg>
<doc>Sends a GET request on a previously created HTTP Session.</doc>
<status status="PASS" start="2024-05-28T17:14:04.539939" elapsed="0.083209"/>
</kw>
<kw name="Set Variable" owner="BuiltIn">
<msg time="2024-05-28T17:14:04.624249" level="INFO">${json_data} = {'results': [{'gender': 'female', 'name': {'title': 'Mrs', 'first': 'Anja', 'last': 'Zeljković'}, 'location': {'street': {'number': 7732, 'name': 'Doljanska'}, 'city': 'Beočin', 'state': 'Braničevo', ...</msg>
<var>${json_data}</var>
<arg>${response.json()}</arg>
<doc>Returns the given values which can then be assigned to a variables.</doc>
<status status="PASS" start="2024-05-28T17:14:04.623672" elapsed="0.000609"/>
</kw>
<kw name="Set Variable" owner="BuiltIn">
<msg time="2024-05-28T17:14:04.624976" level="INFO">${name_title} = Mrs</msg>
<var>${name_title}</var>
<arg>${json_data["results"][0]["name"]["title"]}</arg>
<doc>Returns the given values which can then be assigned to a variables.</doc>
<status status="PASS" start="2024-05-28T17:14:04.624593" elapsed="0.000408"/>
</kw>
<kw name="Create List" owner="BuiltIn">
<msg time="2024-05-28T17:14:04.625464" level="INFO">${allowed_titles} = ['Mr', 'Ms', 'Miss', 'Mrs', 'Madame', 'Monsieur']</msg>
<var>${allowed_titles}</var>
<arg>Mr</arg>
<arg>Ms</arg>
<arg>Miss</arg>
<arg>Mrs</arg>
<arg>Madame</arg>
<arg>Monsieur</arg>
<doc>Returns a list containing given items.</doc>
<status status="PASS" start="2024-05-28T17:14:04.625313" elapsed="0.000176"/>
</kw>
<kw name="List Should Contain Value" owner="Collections">
<msg time="2024-05-28T17:14:04.626024" level="INFO">False</msg>
<arg>${allowed_titles}</arg>
<arg>${name_title}</arg>
<doc>Fails if the ``value`` is not found from ``list``.</doc>
<status status="PASS" start="2024-05-28T17:14:04.625848" elapsed="0.000215"/>
</kw>
<kw name="Set Variable" owner="BuiltIn">
<msg time="2024-05-28T17:14:04.626896" level="INFO">${name_country} = RS</msg>
<var>${name_country}</var>
<arg>${json_data["results"][0]["nat"]}</arg>
<doc>Returns the given values which can then be assigned to a variables.</doc>
<status status="PASS" start="2024-05-28T17:14:04.626363" elapsed="0.000560"/>
</kw>
<kw name="Create List" owner="BuiltIn">
<msg time="2024-05-28T17:14:04.627825" level="INFO">${list_country} = ['AD', 'AE', 'AF', 'AG', 'AI', 'AL', 'AM', 'AO', 'AQ', 'AR', 'AS', 'AT', 'AU', 'AW', 'AX', 'AZ', 'BA', 'BB', 'BD', 'BE', 'BF', 'BG', 'BH', 'BI', 'BJ', 'BL', 'BM', 'BN', 'BO', 'BQ', 'BR', 'BS', 'BT', '...</msg>
<var>${list_country}</var>
<arg>AD</arg>
<arg>AE</arg>
<arg>AF</arg>
<arg>AG</arg>
<arg>AI</arg>
<arg>AL</arg>
<arg>AM</arg>
<arg>AO</arg>
<arg>AQ</arg>
<arg>AR</arg>
<arg>AS</arg>
<arg>AT</arg>
<arg>AU</arg>
<arg>AW</arg>
<arg>AX</arg>
<arg>AZ</arg>
<arg>BA</arg>
<arg>BB</arg>
<arg>BD</arg>
<arg>BE</arg>
<arg>BF</arg>
<arg>BG</arg>
<arg>BH</arg>
<arg>BI</arg>
<arg>BJ</arg>
<arg>BL</arg>
<arg>BM</arg>
<arg>BN</arg>
<arg>BO</arg>
<arg>BQ</arg>
<arg>BR</arg>
<arg>BS</arg>
<arg>BT</arg>
<arg>BV</arg>
<arg>BW</arg>
<arg>BY</arg>
<arg>BZ</arg>
<arg>CA</arg>
<arg>CC</arg>
<arg>CD</arg>
<arg>CF</arg>
<arg>CG</arg>
<arg>CH</arg>
<arg>CI</arg>
<arg>CK</arg>
<arg>CL</arg>
<arg>CM</arg>
<arg>CN</arg>
<arg>CO</arg>
<arg>CR</arg>
<arg>CU</arg>
<arg>CV</arg>
<arg>CW</arg>
<arg>CX</arg>
<arg>CY</arg>
<arg>CZ</arg>
<arg>DE</arg>
<arg>DJ</arg>
<arg>DK</arg>
<arg>DM</arg>
<arg>DO</arg>
<arg>DZ</arg>
<arg>EC</arg>
<arg>EE</arg>
<arg>EG</arg>
<arg>EH</arg>
<arg>ER</arg>
<arg>ES</arg>
<arg>ET</arg>
<arg>FI</arg>
<arg>FJ</arg>
<arg>FK</arg>
<arg>FM</arg>
<arg>FO</arg>
<arg>FR</arg>
<arg>GA</arg>
<arg>GB</arg>
<arg>GD</arg>
<arg>GE</arg>
<arg>GF</arg>
<arg>GG</arg>
<arg>GH</arg>
<arg>GI</arg>
<arg>GL</arg>
<arg>GM</arg>
<arg>GN</arg>
<arg>GP</arg>
<arg>GQ</arg>
<arg>GR</arg>
<arg>GS</arg>
<arg>GT</arg>
<arg>GU</arg>
<arg>GW</arg>
<arg>GY</arg>
<arg>HK</arg>
<arg>HM</arg>
<arg>HN</arg>
<arg>HR</arg>
<arg>HT</arg>
<arg>HU</arg>
<arg>ID</arg>
<arg>IE</arg>
<arg>IL</arg>
<arg>IM</arg>
<arg>IN</arg>
<arg>IO</arg>
<arg>IQ</arg>
<arg>IR</arg>
<arg>IS</arg>
<arg>IT</arg>
<arg>JE</arg>
<arg>JM</arg>
<arg>JO</arg>
<arg>JP</arg>
<arg>KE</arg>
<arg>KG</arg>
<arg>KH</arg>
<arg>KI</arg>
<arg>KM</arg>
<arg>KN</arg>
<arg>KP</arg>
<arg>KR</arg>
<arg>KW</arg>
<arg>KY</arg>
<arg>KZ</arg>
<arg>LA</arg>
<arg>LB</arg>
<arg>LC</arg>
<arg>LI</arg>
<arg>LK</arg>
<arg>LR</arg>
<arg>LS</arg>
<arg>LT</arg>
<arg>LU</arg>
<arg>LV</arg>
<arg>LY</arg>
<arg>MA</arg>
<arg>MC</arg>
<arg>MD</arg>
<arg>ME</arg>
<arg>MF</arg>
<arg>MG</arg>
<arg>MH</arg>
<arg>MK</arg>
<arg>ML</arg>
<arg>MM</arg>
<arg>MN</arg>
<arg>MO</arg>
<arg>MP</arg>
<arg>MQ</arg>
<arg>MR</arg>
<arg>MS</arg>
<arg>MT</arg>
<arg>MU</arg>
<arg>MV</arg>
<arg>MW</arg>
<arg>MX</arg>
<arg>MY</arg>
<arg>MZ</arg>
<arg>NA</arg>
<arg>NC</arg>
<arg>NE</arg>
<arg>NF</arg>
<arg>NG</arg>
<arg>NI</arg>
<arg>NL</arg>
<arg>NO</arg>
<arg>NP</arg>
<arg>NR</arg>
<arg>NU</arg>
<arg>NZ</arg>
<arg>OM</arg>
<arg>PA</arg>
<arg>PE</arg>
<arg>PF</arg>
<arg>PG</arg>
<arg>PH</arg>
<arg>PK</arg>
<arg>PL</arg>
<arg>PM</arg>
<arg>PN</arg>
<arg>PR</arg>
<arg>PS</arg>
<arg>PT</arg>
<arg>PW</arg>
<arg>PY</arg>
<arg>QA</arg>
<arg>RE</arg>
<arg>RO</arg>
<arg>RS</arg>
<arg>RU</arg>
<arg>RW</arg>
<arg>SA</arg>
<arg>SB</arg>
<arg>SC</arg>
<arg>SD</arg>
<arg>SE</arg>
<arg>SG</arg>
<arg>SH</arg>
<arg>SI</arg>
<arg>SJ</arg>
<arg>SK</arg>
<arg>SL</arg>
<arg>SM</arg>
<arg>SN</arg>
<arg>SO</arg>
<arg>SR</arg>
<arg>SS</arg>
<arg>ST</arg>
<arg>SV</arg>
<arg>SX</arg>
<arg>SY</arg>
<arg>SZ</arg>
<arg>TC</arg>
<arg>TD</arg>
<arg>TF</arg>
<arg>TG</arg>
<arg>TH</arg>
<arg>TJ</arg>
<arg>TK</arg>
<arg>TL</arg>
<arg>TM</arg>
<arg>TN</arg>
<arg>TO</arg>
<arg>TR</arg>
<arg>TT</arg>
<arg>TV</arg>
<arg>TW</arg>
<arg>TZ</arg>
<arg>UA</arg>
<arg>UG</arg>
<arg>UM</arg>
<arg>US</arg>
<arg>UY</arg>
<arg>UZ</arg>
<arg>VA</arg>
<arg>VC</arg>
<arg>VE</arg>
<arg>VG</arg>
<arg>VI</arg>
<arg>VN</arg>
<arg>VU</arg>
<arg>WF</arg>
<arg>WS</arg>
<arg>XK</arg>
<arg>YE</arg>
<arg>YT</arg>
<arg>ZA</arg>
<arg>ZM</arg>
<arg>ZW</arg>
<doc>Returns a list containing given items.</doc>
<status status="PASS" start="2024-05-28T17:14:04.627232" elapsed="0.000619"/>
</kw>
<kw name="List Should Contain Value" owner="Collections">
<msg time="2024-05-28T17:14:04.628839" level="INFO">False</msg>
<arg>${list_country}</arg>
<arg>${name_country}</arg>
<doc>Fails if the ``value`` is not found from ``list``.</doc>
<status status="PASS" start="2024-05-28T17:14:04.628634" elapsed="0.000242"/>
</kw>
<kw name="Run Keyword If" owner="BuiltIn">
<kw name="Should Be True" owner="BuiltIn">
<arg>${True}</arg>
<doc>Fails if the given condition is not true.</doc>
<status status="PASS" start="2024-05-28T17:14:04.630118" elapsed="0.000159"/>
</kw>
<arg>${json_data["results"][0]["location"]["coordinates"]["latitude"]} &gt;= -90 and ${json_data["results"][0]["location"]["coordinates"]["latitude"]} &lt;= 90</arg>
<arg>Should Be True</arg>
<arg>${True}</arg>
<doc>Runs the given keyword with the given arguments, if ``condition`` is true.</doc>
<status status="PASS" start="2024-05-28T17:14:04.629196" elapsed="0.001211"/>
</kw>
<kw name="Run Keyword If" owner="BuiltIn">
<kw name="Should Be True" owner="BuiltIn">
<arg>${True}</arg>
<doc>Fails if the given condition is not true.</doc>
<status status="PASS" start="2024-05-28T17:14:04.631290" elapsed="0.000138"/>
</kw>
<arg>${json_data["results"][0]["location"]["coordinates"]["longitude"]} &gt;= -180 and ${json_data["results"][0]["location"]["coordinates"]["longitude"]} &lt;= 180</arg>
<arg>Should Be True</arg>
<arg>${True}</arg>
<doc>Runs the given keyword with the given arguments, if ``condition`` is true.</doc>
<status status="PASS" start="2024-05-28T17:14:04.630594" elapsed="0.000958"/>
</kw>
<status status="PASS" start="2024-05-28T17:14:04.539706" elapsed="0.091974"/>
</kw>
<doc>Testa o conteúdo específico dos campos retornados pela API.</doc>
<tag>testeConteudo</tag>
<status status="PASS" start="2024-05-28T17:14:04.539163" elapsed="0.092659"/>
</test>
<status status="PASS" start="2024-05-28T17:14:03.647743" elapsed="0.986080"/>
</suite>
<status status="PASS" start="2024-05-28T17:14:03.634354" elapsed="1.004719"/>
</suite>
<statistics>
<total>
<stat pass="5" fail="0" skip="0">All Tests</stat>
</total>
<tag>
<stat pass="1" fail="0" skip="0">testeConteudo</stat>
<stat pass="1" fail="0" skip="0">testeEstruturaResposta</stat>
<stat pass="1" fail="0" skip="0">testeRequisicaoBasica</stat>
<stat pass="1" fail="0" skip="0">testeTiposDados</stat>
</tag>
<suite>
<stat pass="5" fail="0" skip="0" id="s1" name="Tests">Tests</stat>
<stat pass="5" fail="0" skip="0" id="s1-s1" name="Random-User-Test">Tests.Random-User-Test</stat>
</suite>
</statistics>
<errors>
</errors>
</robot>
