<?xml version="1.0" encoding="UTF-8"?>
<robot generator="Robot 7.0 (Python 3.12.3 on linux)" generated="2024-05-08T20:14:43.755159" rpa="false" schemaversion="5">
<suite id="s1" name="Tests" source="/home/runner/work/DesafioQAItauRogerioJordao/DesafioQAItauRogerioJordao/RamdonUser/tests">
<suite id="s1-s1" name="Random-User-Test" source="/home/runner/work/DesafioQAItauRogerioJordao/DesafioQAItauRogerioJordao/RamdonUser/tests/random-user-test.robot">
<test id="s1-s1-t1" name="Conectar" line="13">
<kw name="Conectar API" owner="random-user-service">
<kw name="Create Session" owner="RequestsLibrary">
<msg time="2024-05-08T20:14:44.124827" level="INFO">Creating Session using : alias=consultarAPI, url=https://randomuser.me/, headers={},                     cookies={}, auth=None, timeout=None, proxies=None, verify=False,                     debug=0 </msg>
<arg>consultarAPI</arg>
<arg>${URL}</arg>
<doc>Create Session: create a HTTP session to a server</doc>
<status status="PASS" start="2024-05-08T20:14:44.124628" elapsed="0.000382"/>
</kw>
<status status="PASS" start="2024-05-08T20:14:44.123650" elapsed="0.001718"/>
</kw>
<status status="PASS" start="2024-05-08T20:14:44.123059" elapsed="0.002498"/>
</test>
<test id="s1-s1-t2" name="Validar retorno 200 e JSON Válido" line="16">
<kw name="Teste de Requisicao Basica" owner="random-user-service">
<kw name="GET On Session" owner="RequestsLibrary">
<msg time="2024-05-08T20:14:44.252655" level="INFO">GET Request : url=https://randomuser.me/api 
 path_url=/api 
 headers={'User-Agent': 'python-requests/2.31.0', 'Accept-Encoding': 'gzip, deflate', 'Accept': '*/*', 'Connection': 'keep-alive'} 
 body=None 
 </msg>
<msg time="2024-05-08T20:14:44.252815" level="INFO">GET Response : url=https://randomuser.me/api 
 status=200, reason=OK 
 headers={'Date': 'Wed, 08 May 2024 20:14:44 GMT', 'Content-Type': 'application/json; charset=utf-8', 'Transfer-Encoding': 'chunked', 'Connection': 'keep-alive', 'X-Powered-By': 'Express', 'Access-Control-Allow-Origin': '*', 'Cache-Control': 'no-cache', 'ETag': 'W/"4a0-d2soLOk/Td1kJb+HbVch5nXcnNc"', 'Vary': 'Accept-Encoding', 'Content-Encoding': 'gzip', 'CF-Cache-Status': 'DYNAMIC', 'Report-To': '{"endpoints":[{"url":"https:\\/\\/a.nel.cloudflare.com\\/report\\/v4?s=i0hSdStTyevTtX759JyVQxtzNBm9F8XhsMDzsvKz47R3UIU%2Fu%2FRW3UJ6Ww00Uq4a%2FA56%2BovbX%2B2XhsxMnU0y%2FJde89fA4fci5Am8ppfawF9%2BQK4UvnbFKdw6U2zKHtZu"}],"group":"cf-nel","max_age":604800}', 'NEL': '{"success_fraction":0,"report_to":"cf-nel","max_age":604800}', 'Server': 'cloudflare', 'CF-RAY': '880c1e25faa1238b-SJC', 'alt-svc': 'h3=":443"; ma=86400'} 
 body={"results":[{"gender":"female","name":{"title":"Miss","first":"Leona","last":"Knight"},"location":{"street":{"number":2740,"name":"Brown Terrace"},"city":"Launceston","state":"Australian Capital Territory","country":"Australia","postcode":8114,"coordinates":{"latitude":"-81.6074","longitude":"43.9683"},"timezone":{"offset":"+4:00","description":"Abu Dhabi, Muscat, Baku, Tbilisi"}},"email":"leona.knight@example.com","login":{"uuid":"98094080-e77b-4bcf-b29c-23860fe16dbb","username":"silverdog289","password":"mimi","salt":"EBSSX7mj","md5":"db1790572846eedee0f17e9da2adc35e","sha1":"0acd7f55bcc81e4f5c0f5a382bda6a2039587aa2","sha256":"ca3ebe83b1737c32f7c3245b5e251fe04676fdc07b31193bba593664467ab9c0"},"dob":{"date":"1974-03-21T11:16:00.601Z","age":50},"registered":{"date":"2010-02-15T00:41:15.640Z","age":14},"phone":"09-9038-6703","cell":"0456-631-604","id":{"name":"TFN","value":"756464707"},"picture":{"large":"https://randomuser.me/api/portraits/women/2.jpg","medium":"https://randomuser.me/api/portraits/med/women/2.jpg","thumbnail":"https://randomuser.me/api/portraits/thumb/women/2.jpg"},"nat":"AU"}],"info":{"seed":"4e7583eafff5d612","results":1,"page":1,"version":"1.4"}} 
 </msg>
<msg time="2024-05-08T20:14:44.252898" level="INFO">/opt/hostedtoolcache/Python/3.12.3/x64/lib/python3.12/site-packages/urllib3/connectionpool.py:1103: InsecureRequestWarning: Unverified HTTPS request is being made to host 'randomuser.me'. Adding certificate verification is strongly advised. See: https://urllib3.readthedocs.io/en/latest/advanced-usage.html#tls-warnings
  warnings.warn(</msg>
<msg time="2024-05-08T20:14:44.253041" level="INFO">${response} = &lt;Response [200]&gt;</msg>
<var>${response}</var>
<arg>consultarAPI</arg>
<arg>/api</arg>
<doc>Sends a GET request on a previously created HTTP Session.</doc>
<status status="PASS" start="2024-05-08T20:14:44.128202" elapsed="0.124878"/>
</kw>
<kw name="Should Be Equal As Numbers" owner="BuiltIn">
<msg time="2024-05-08T20:14:44.254084" level="INFO">Argument types are:
&lt;class 'int'&gt;
&lt;class 'str'&gt;</msg>
<arg>${response.status_code}</arg>
<arg>200</arg>
<doc>Fails if objects are unequal after converting them to real numbers.</doc>
<status status="PASS" start="2024-05-08T20:14:44.253600" elapsed="0.000550"/>
</kw>
<kw name="Log" owner="BuiltIn">
<msg time="2024-05-08T20:14:44.254814" level="INFO">200</msg>
<arg>${response.status_code}</arg>
<doc>Logs the given message with the given level.</doc>
<status status="PASS" start="2024-05-08T20:14:44.254467" elapsed="0.000388"/>
</kw>
<kw name="Set Variable" owner="BuiltIn">
<msg time="2024-05-08T20:14:44.255627" level="INFO">${json_data} = {'results': [{'gender': 'female', 'name': {'title': 'Miss', 'first': 'Leona', 'last': 'Knight'}, 'location': {'street': {'number': 2740, 'name': 'Brown Terrace'}, 'city': 'Launceston', 'state': 'Austr...</msg>
<var>${json_data}</var>
<arg>${response.json()}</arg>
<doc>Returns the given values which can then be assigned to a variables.</doc>
<status status="PASS" start="2024-05-08T20:14:44.255152" elapsed="0.000504"/>
</kw>
<kw name="Dictionary Should Contain Key" owner="Collections">
<msg time="2024-05-08T20:14:44.256145" level="INFO">False</msg>
<arg>${json_data}</arg>
<arg>results</arg>
<doc>Fails if ``key`` is not found from ``dictionary``.</doc>
<status status="PASS" start="2024-05-08T20:14:44.255966" elapsed="0.000218"/>
</kw>
<status status="PASS" start="2024-05-08T20:14:44.127962" elapsed="0.128473"/>
</kw>
<doc>Testa se a API responde corretamente e retorna um objeto JSON válido.</doc>
<tag>testeRequisicaoBasica</tag>
<status status="PASS" start="2024-05-08T20:14:44.127476" elapsed="0.129139"/>
</test>
<test id="s1-s1-t3" name="Validar estrutura de resposta" line="22">
<kw name="Teste de Estrutura de Resposta" owner="random-user-service">
<kw name="GET On Session" owner="RequestsLibrary">
<msg time="2024-05-08T20:14:44.361594" level="INFO">GET Request : url=https://randomuser.me/api 
 path_url=/api 
 headers={'User-Agent': 'python-requests/2.31.0', 'Accept-Encoding': 'gzip, deflate', 'Accept': '*/*', 'Connection': 'keep-alive'} 
 body=None 
 </msg>
<msg time="2024-05-08T20:14:44.361686" level="INFO">GET Response : url=https://randomuser.me/api 
 status=200, reason=OK 
 headers={'Date': 'Wed, 08 May 2024 20:14:44 GMT', 'Content-Type': 'application/json; charset=utf-8', 'Transfer-Encoding': 'chunked', 'Connection': 'keep-alive', 'X-Powered-By': 'Express', 'Access-Control-Allow-Origin': '*', 'Cache-Control': 'no-cache', 'ETag': 'W/"491-MhXOmWg9zCX1uWpgyBWJkxXWuos"', 'Vary': 'Accept-Encoding', 'Content-Encoding': 'gzip', 'CF-Cache-Status': 'DYNAMIC', 'Report-To': '{"endpoints":[{"url":"https:\\/\\/a.nel.cloudflare.com\\/report\\/v4?s=I%2FlBE82SyTc1cW7UdcTEYn7da%2B%2BBf6wM1SA85UH5p%2BVCMb0bwy0laes3UbrsLq6XOign2gZnqMyM%2BVr9hoZ0fy%2F5BToQEa3pFeWQD0gE4wRWd8rHux2RLXfNAE0PiUJm"}],"group":"cf-nel","max_age":604800}', 'NEL': '{"success_fraction":0,"report_to":"cf-nel","max_age":604800}', 'Server': 'cloudflare', 'CF-RAY': '880c1e26ab4e238b-SJC', 'alt-svc': 'h3=":443"; ma=86400'} 
 body={"results":[{"gender":"male","name":{"title":"Mr","first":"Charlie","last":"Dufour"},"location":{"street":{"number":621,"name":"Avenue du Château"},"city":"Vitry-sur-Seine","state":"Corse-du-Sud","country":"France","postcode":82279,"coordinates":{"latitude":"-21.4162","longitude":"-133.3984"},"timezone":{"offset":"+5:45","description":"Kathmandu"}},"email":"charlie.dufour@example.com","login":{"uuid":"23b00f3c-cd71-461b-a5c6-d6d6aa4611bd","username":"smallgorilla868","password":"footjob","salt":"VYChAfQx","md5":"6815b61068ee98055bb7b9cc3d349f8b","sha1":"304af284f37feacbb9fa8612475e4dc55c61e71d","sha256":"9ffa6839e2a06a8c72aa96b6b22da96f69552f70a82f66bca2fd8fa3ad9a0bed"},"dob":{"date":"1969-02-20T12:36:53.813Z","age":55},"registered":{"date":"2019-11-06T01:38:45.797Z","age":4},"phone":"04-62-41-17-88","cell":"06-47-00-27-37","id":{"name":"INSEE","value":"1690123094374 45"},"picture":{"large":"https://randomuser.me/api/portraits/men/38.jpg","medium":"https://randomuser.me/api/portraits/med/men/38.jpg","thumbnail":"https://randomuser.me/api/portraits/thumb/men/38.jpg"},"nat":"FR"}],"info":{"seed":"7a8503b4668b41cc","results":1,"page":1,"version":"1.4"}} 
 </msg>
<msg time="2024-05-08T20:14:44.361803" level="INFO">/opt/hostedtoolcache/Python/3.12.3/x64/lib/python3.12/site-packages/urllib3/connectionpool.py:1103: InsecureRequestWarning: Unverified HTTPS request is being made to host 'randomuser.me'. Adding certificate verification is strongly advised. See: https://urllib3.readthedocs.io/en/latest/advanced-usage.html#tls-warnings
  warnings.warn(</msg>
<msg time="2024-05-08T20:14:44.361931" level="INFO">${response} = &lt;Response [200]&gt;</msg>
<var>${response}</var>
<arg>consultarAPI</arg>
<arg>/api</arg>
<doc>Sends a GET request on a previously created HTTP Session.</doc>
<status status="PASS" start="2024-05-08T20:14:44.259125" elapsed="0.102845"/>
</kw>
<kw name="Set Variable" owner="BuiltIn">
<msg time="2024-05-08T20:14:44.363112" level="INFO">${json_data} = {'results': [{'gender': 'male', 'name': {'title': 'Mr', 'first': 'Charlie', 'last': 'Dufour'}, 'location': {'street': {'number': 621, 'name': 'Avenue du Château'}, 'city': 'Vitry-sur-Seine', 'state': ...</msg>
<var>${json_data}</var>
<arg>${response.json()}</arg>
<doc>Returns the given values which can then be assigned to a variables.</doc>
<status status="PASS" start="2024-05-08T20:14:44.362546" elapsed="0.000597"/>
</kw>
<kw name="Log" owner="BuiltIn">
<msg time="2024-05-08T20:14:44.363655" level="INFO">{'results': [{'gender': 'male', 'name': {'title': 'Mr', 'first': 'Charlie', 'last': 'Dufour'}, 'location': {'street': {'number': 621, 'name': 'Avenue du Château'}, 'city': 'Vitry-sur-Seine', 'state': 'Corse-du-Sud', 'country': 'France', 'postcode': 82279, 'coordinates': {'latitude': '-21.4162', 'longitude': '-133.3984'}, 'timezone': {'offset': '+5:45', 'description': 'Kathmandu'}}, 'email': 'charlie.dufour@example.com', 'login': {'uuid': '23b00f3c-cd71-461b-a5c6-d6d6aa4611bd', 'username': 'smallgorilla868', 'password': 'footjob', 'salt': 'VYChAfQx', 'md5': '6815b61068ee98055bb7b9cc3d349f8b', 'sha1': '304af284f37feacbb9fa8612475e4dc55c61e71d', 'sha256': '9ffa6839e2a06a8c72aa96b6b22da96f69552f70a82f66bca2fd8fa3ad9a0bed'}, 'dob': {'date': '1969-02-20T12:36:53.813Z', 'age': 55}, 'registered': {'date': '2019-11-06T01:38:45.797Z', 'age': 4}, 'phone': '04-62-41-17-88', 'cell': '06-47-00-27-37', 'id': {'name': 'INSEE', 'value': '1690123094374 45'}, 'picture': {'large': 'https://randomuser.me/api/portraits/men/38.jpg', 'medium': 'https://randomuser.me/api/portraits/med/men/38.jpg', 'thumbnail': 'https://randomuser.me/api/portraits/thumb/men/38.jpg'}, 'nat': 'FR'}], 'info': {'seed': '7a8503b4668b41cc', 'results': 1, 'page': 1, 'version': '1.4'}}</msg>
<arg>${json_data}</arg>
<doc>Logs the given message with the given level.</doc>
<status status="PASS" start="2024-05-08T20:14:44.363488" elapsed="0.000217"/>
</kw>
<kw name="Dictionary Should Contain Key" owner="Collections">
<msg time="2024-05-08T20:14:44.364163" level="INFO">False</msg>
<arg>${json_data}</arg>
<arg>results</arg>
<doc>Fails if ``key`` is not found from ``dictionary``.</doc>
<status status="PASS" start="2024-05-08T20:14:44.364002" elapsed="0.000197"/>
</kw>
<kw name="Should Not Be Empty" owner="BuiltIn">
<msg time="2024-05-08T20:14:44.364621" level="INFO">Length is 2.</msg>
<arg>${json_data}</arg>
<doc>Verifies that the given item is not empty.</doc>
<status status="PASS" start="2024-05-08T20:14:44.364489" elapsed="0.000322"/>
</kw>
<kw name="Create List" owner="BuiltIn">
<msg time="2024-05-08T20:14:44.365263" level="INFO">${expected_keys} = ['gender', 'name', 'location', 'email', 'login']</msg>
<var>${expected_keys}</var>
<arg>gender</arg>
<arg>name</arg>
<arg>location</arg>
<arg>email</arg>
<arg>login</arg>
<doc>Returns a list containing given items.</doc>
<status status="PASS" start="2024-05-08T20:14:44.365109" elapsed="0.000178"/>
</kw>
<for flavor="IN">
<iter>
<kw name="Dictionary Should Contain Key" owner="Collections">
<msg time="2024-05-08T20:14:44.366266" level="INFO">False</msg>
<arg>${json_data['results'][0]}</arg>
<arg>${key}</arg>
<doc>Fails if ``key`` is not found from ``dictionary``.</doc>
<status status="PASS" start="2024-05-08T20:14:44.365863" elapsed="0.000441"/>
</kw>
<kw name="Log" owner="BuiltIn">
<msg time="2024-05-08T20:14:44.366965" level="INFO">{'gender': 'male', 'name': {'title': 'Mr', 'first': 'Charlie', 'last': 'Dufour'}, 'location': {'street': {'number': 621, 'name': 'Avenue du Château'}, 'city': 'Vitry-sur-Seine', 'state': 'Corse-du-Sud', 'country': 'France', 'postcode': 82279, 'coordinates': {'latitude': '-21.4162', 'longitude': '-133.3984'}, 'timezone': {'offset': '+5:45', 'description': 'Kathmandu'}}, 'email': 'charlie.dufour@example.com', 'login': {'uuid': '23b00f3c-cd71-461b-a5c6-d6d6aa4611bd', 'username': 'smallgorilla868', 'password': 'footjob', 'salt': 'VYChAfQx', 'md5': '6815b61068ee98055bb7b9cc3d349f8b', 'sha1': '304af284f37feacbb9fa8612475e4dc55c61e71d', 'sha256': '9ffa6839e2a06a8c72aa96b6b22da96f69552f70a82f66bca2fd8fa3ad9a0bed'}, 'dob': {'date': '1969-02-20T12:36:53.813Z', 'age': 55}, 'registered': {'date': '2019-11-06T01:38:45.797Z', 'age': 4}, 'phone': '04-62-41-17-88', 'cell': '06-47-00-27-37', 'id': {'name': 'INSEE', 'value': '1690123094374 45'}, 'picture': {'large': 'https://randomuser.me/api/portraits/men/38.jpg', 'medium': 'https://randomuser.me/api/portraits/med/men/38.jpg', 'thumbnail': 'https://randomuser.me/api/portraits/thumb/men/38.jpg'}, 'nat': 'FR'}</msg>
<arg>${json_data['results'][0]}</arg>
<doc>Logs the given message with the given level.</doc>
<status status="PASS" start="2024-05-08T20:14:44.366599" elapsed="0.000414"/>
</kw>
<kw name="Log" owner="BuiltIn">
<msg time="2024-05-08T20:14:44.367473" level="INFO">gender</msg>
<arg>${key}</arg>
<doc>Logs the given message with the given level.</doc>
<status status="PASS" start="2024-05-08T20:14:44.367313" elapsed="0.000200"/>
</kw>
<var name="${key}">gender</var>
<status status="PASS" start="2024-05-08T20:14:44.365732" elapsed="0.002002"/>
</iter>
<iter>
<kw name="Dictionary Should Contain Key" owner="Collections">
<msg time="2024-05-08T20:14:44.368427" level="INFO">False</msg>
<arg>${json_data['results'][0]}</arg>
<arg>${key}</arg>
<doc>Fails if ``key`` is not found from ``dictionary``.</doc>
<status status="PASS" start="2024-05-08T20:14:44.368036" elapsed="0.000429"/>
</kw>
<kw name="Log" owner="BuiltIn">
<msg time="2024-05-08T20:14:44.369150" level="INFO">{'gender': 'male', 'name': {'title': 'Mr', 'first': 'Charlie', 'last': 'Dufour'}, 'location': {'street': {'number': 621, 'name': 'Avenue du Château'}, 'city': 'Vitry-sur-Seine', 'state': 'Corse-du-Sud', 'country': 'France', 'postcode': 82279, 'coordinates': {'latitude': '-21.4162', 'longitude': '-133.3984'}, 'timezone': {'offset': '+5:45', 'description': 'Kathmandu'}}, 'email': 'charlie.dufour@example.com', 'login': {'uuid': '23b00f3c-cd71-461b-a5c6-d6d6aa4611bd', 'username': 'smallgorilla868', 'password': 'footjob', 'salt': 'VYChAfQx', 'md5': '6815b61068ee98055bb7b9cc3d349f8b', 'sha1': '304af284f37feacbb9fa8612475e4dc55c61e71d', 'sha256': '9ffa6839e2a06a8c72aa96b6b22da96f69552f70a82f66bca2fd8fa3ad9a0bed'}, 'dob': {'date': '1969-02-20T12:36:53.813Z', 'age': 55}, 'registered': {'date': '2019-11-06T01:38:45.797Z', 'age': 4}, 'phone': '04-62-41-17-88', 'cell': '06-47-00-27-37', 'id': {'name': 'INSEE', 'value': '1690123094374 45'}, 'picture': {'large': 'https://randomuser.me/api/portraits/men/38.jpg', 'medium': 'https://randomuser.me/api/portraits/med/men/38.jpg', 'thumbnail': 'https://randomuser.me/api/portraits/thumb/men/38.jpg'}, 'nat': 'FR'}</msg>
<arg>${json_data['results'][0]}</arg>
<doc>Logs the given message with the given level.</doc>
<status status="PASS" start="2024-05-08T20:14:44.368785" elapsed="0.000414"/>
</kw>
<kw name="Log" owner="BuiltIn">
<msg time="2024-05-08T20:14:44.369619" level="INFO">name</msg>
<arg>${key}</arg>
<doc>Logs the given message with the given level.</doc>
<status status="PASS" start="2024-05-08T20:14:44.369493" elapsed="0.000162"/>
</kw>
<var name="${key}">name</var>
<status status="PASS" start="2024-05-08T20:14:44.367921" elapsed="0.001947"/>
</iter>
<iter>
<kw name="Dictionary Should Contain Key" owner="Collections">
<msg time="2024-05-08T20:14:44.370536" level="INFO">False</msg>
<arg>${json_data['results'][0]}</arg>
<arg>${key}</arg>
<doc>Fails if ``key`` is not found from ``dictionary``.</doc>
<status status="PASS" start="2024-05-08T20:14:44.370156" elapsed="0.000416"/>
</kw>
<kw name="Log" owner="BuiltIn">
<msg time="2024-05-08T20:14:44.371221" level="INFO">{'gender': 'male', 'name': {'title': 'Mr', 'first': 'Charlie', 'last': 'Dufour'}, 'location': {'street': {'number': 621, 'name': 'Avenue du Château'}, 'city': 'Vitry-sur-Seine', 'state': 'Corse-du-Sud', 'country': 'France', 'postcode': 82279, 'coordinates': {'latitude': '-21.4162', 'longitude': '-133.3984'}, 'timezone': {'offset': '+5:45', 'description': 'Kathmandu'}}, 'email': 'charlie.dufour@example.com', 'login': {'uuid': '23b00f3c-cd71-461b-a5c6-d6d6aa4611bd', 'username': 'smallgorilla868', 'password': 'footjob', 'salt': 'VYChAfQx', 'md5': '6815b61068ee98055bb7b9cc3d349f8b', 'sha1': '304af284f37feacbb9fa8612475e4dc55c61e71d', 'sha256': '9ffa6839e2a06a8c72aa96b6b22da96f69552f70a82f66bca2fd8fa3ad9a0bed'}, 'dob': {'date': '1969-02-20T12:36:53.813Z', 'age': 55}, 'registered': {'date': '2019-11-06T01:38:45.797Z', 'age': 4}, 'phone': '04-62-41-17-88', 'cell': '06-47-00-27-37', 'id': {'name': 'INSEE', 'value': '1690123094374 45'}, 'picture': {'large': 'https://randomuser.me/api/portraits/men/38.jpg', 'medium': 'https://randomuser.me/api/portraits/med/men/38.jpg', 'thumbnail': 'https://randomuser.me/api/portraits/thumb/men/38.jpg'}, 'nat': 'FR'}</msg>
<arg>${json_data['results'][0]}</arg>
<doc>Logs the given message with the given level.</doc>
<status status="PASS" start="2024-05-08T20:14:44.370861" elapsed="0.000410"/>
</kw>
<kw name="Log" owner="BuiltIn">
<msg time="2024-05-08T20:14:44.371742" level="INFO">location</msg>
<arg>${key}</arg>
<doc>Logs the given message with the given level.</doc>
<status status="PASS" start="2024-05-08T20:14:44.371613" elapsed="0.000166"/>
</kw>
<var name="${key}">location</var>
<status status="PASS" start="2024-05-08T20:14:44.370045" elapsed="0.001948"/>
</iter>
<iter>
<kw name="Dictionary Should Contain Key" owner="Collections">
<msg time="2024-05-08T20:14:44.372660" level="INFO">False</msg>
<arg>${json_data['results'][0]}</arg>
<arg>${key}</arg>
<doc>Fails if ``key`` is not found from ``dictionary``.</doc>
<status status="PASS" start="2024-05-08T20:14:44.372276" elapsed="0.000420"/>
</kw>
<kw name="Log" owner="BuiltIn">
<msg time="2024-05-08T20:14:44.373343" level="INFO">{'gender': 'male', 'name': {'title': 'Mr', 'first': 'Charlie', 'last': 'Dufour'}, 'location': {'street': {'number': 621, 'name': 'Avenue du Château'}, 'city': 'Vitry-sur-Seine', 'state': 'Corse-du-Sud', 'country': 'France', 'postcode': 82279, 'coordinates': {'latitude': '-21.4162', 'longitude': '-133.3984'}, 'timezone': {'offset': '+5:45', 'description': 'Kathmandu'}}, 'email': 'charlie.dufour@example.com', 'login': {'uuid': '23b00f3c-cd71-461b-a5c6-d6d6aa4611bd', 'username': 'smallgorilla868', 'password': 'footjob', 'salt': 'VYChAfQx', 'md5': '6815b61068ee98055bb7b9cc3d349f8b', 'sha1': '304af284f37feacbb9fa8612475e4dc55c61e71d', 'sha256': '9ffa6839e2a06a8c72aa96b6b22da96f69552f70a82f66bca2fd8fa3ad9a0bed'}, 'dob': {'date': '1969-02-20T12:36:53.813Z', 'age': 55}, 'registered': {'date': '2019-11-06T01:38:45.797Z', 'age': 4}, 'phone': '04-62-41-17-88', 'cell': '06-47-00-27-37', 'id': {'name': 'INSEE', 'value': '1690123094374 45'}, 'picture': {'large': 'https://randomuser.me/api/portraits/men/38.jpg', 'medium': 'https://randomuser.me/api/portraits/med/men/38.jpg', 'thumbnail': 'https://randomuser.me/api/portraits/thumb/men/38.jpg'}, 'nat': 'FR'}</msg>
<arg>${json_data['results'][0]}</arg>
<doc>Logs the given message with the given level.</doc>
<status status="PASS" start="2024-05-08T20:14:44.372986" elapsed="0.000407"/>
</kw>
<kw name="Log" owner="BuiltIn">
<msg time="2024-05-08T20:14:44.373810" level="INFO">email</msg>
<arg>${key}</arg>
<doc>Logs the given message with the given level.</doc>
<status status="PASS" start="2024-05-08T20:14:44.373684" elapsed="0.000162"/>
</kw>
<var name="${key}">email</var>
<status status="PASS" start="2024-05-08T20:14:44.372166" elapsed="0.001891"/>
</iter>
<iter>
<kw name="Dictionary Should Contain Key" owner="Collections">
<msg time="2024-05-08T20:14:44.374730" level="INFO">False</msg>
<arg>${json_data['results'][0]}</arg>
<arg>${key}</arg>
<doc>Fails if ``key`` is not found from ``dictionary``.</doc>
<status status="PASS" start="2024-05-08T20:14:44.374337" elapsed="0.000431"/>
</kw>
<kw name="Log" owner="BuiltIn">
<msg time="2024-05-08T20:14:44.375460" level="INFO">{'gender': 'male', 'name': {'title': 'Mr', 'first': 'Charlie', 'last': 'Dufour'}, 'location': {'street': {'number': 621, 'name': 'Avenue du Château'}, 'city': 'Vitry-sur-Seine', 'state': 'Corse-du-Sud', 'country': 'France', 'postcode': 82279, 'coordinates': {'latitude': '-21.4162', 'longitude': '-133.3984'}, 'timezone': {'offset': '+5:45', 'description': 'Kathmandu'}}, 'email': 'charlie.dufour@example.com', 'login': {'uuid': '23b00f3c-cd71-461b-a5c6-d6d6aa4611bd', 'username': 'smallgorilla868', 'password': 'footjob', 'salt': 'VYChAfQx', 'md5': '6815b61068ee98055bb7b9cc3d349f8b', 'sha1': '304af284f37feacbb9fa8612475e4dc55c61e71d', 'sha256': '9ffa6839e2a06a8c72aa96b6b22da96f69552f70a82f66bca2fd8fa3ad9a0bed'}, 'dob': {'date': '1969-02-20T12:36:53.813Z', 'age': 55}, 'registered': {'date': '2019-11-06T01:38:45.797Z', 'age': 4}, 'phone': '04-62-41-17-88', 'cell': '06-47-00-27-37', 'id': {'name': 'INSEE', 'value': '1690123094374 45'}, 'picture': {'large': 'https://randomuser.me/api/portraits/men/38.jpg', 'medium': 'https://randomuser.me/api/portraits/med/men/38.jpg', 'thumbnail': 'https://randomuser.me/api/portraits/thumb/men/38.jpg'}, 'nat': 'FR'}</msg>
<arg>${json_data['results'][0]}</arg>
<doc>Logs the given message with the given level.</doc>
<status status="PASS" start="2024-05-08T20:14:44.375062" elapsed="0.000453"/>
</kw>
<kw name="Log" owner="BuiltIn">
<msg time="2024-05-08T20:14:44.375937" level="INFO">login</msg>
<arg>${key}</arg>
<doc>Logs the given message with the given level.</doc>
<status status="PASS" start="2024-05-08T20:14:44.375812" elapsed="0.000163"/>
</kw>
<var name="${key}">login</var>
<status status="PASS" start="2024-05-08T20:14:44.374227" elapsed="0.001989"/>
</iter>
<var>${key}</var>
<value>@{expected_keys}</value>
<status status="PASS" start="2024-05-08T20:14:44.365541" elapsed="0.010801"/>
</for>
<kw name="Create List" owner="BuiltIn">
<msg time="2024-05-08T20:14:44.376669" level="INFO">${expected_keysTwo} = ['username', 'password']</msg>
<var>${expected_keysTwo}</var>
<arg>username</arg>
<arg>password</arg>
<doc>Returns a list containing given items.</doc>
<status status="PASS" start="2024-05-08T20:14:44.376533" elapsed="0.000159"/>
</kw>
<for flavor="IN">
<iter>
<kw name="Dictionary Should Contain Key" owner="Collections">
<msg time="2024-05-08T20:14:44.377569" level="INFO">False</msg>
<arg>${json_data['results'][0]['login']}</arg>
<arg>${keyTwo}</arg>
<doc>Fails if ``key`` is not found from ``dictionary``.</doc>
<status status="PASS" start="2024-05-08T20:14:44.377184" elapsed="0.000421"/>
</kw>
<kw name="Dictionary Should Contain Key" owner="Collections">
<msg time="2024-05-08T20:14:44.378283" level="INFO">False</msg>
<arg>${json_data['results'][0]['login']}</arg>
<arg>${keyTwo}</arg>
<doc>Fails if ``key`` is not found from ``dictionary``.</doc>
<status status="PASS" start="2024-05-08T20:14:44.377894" elapsed="0.000425"/>
</kw>
<kw name="Log" owner="BuiltIn">
<msg time="2024-05-08T20:14:44.378731" level="INFO">username</msg>
<arg>${keyTwo}</arg>
<doc>Logs the given message with the given level.</doc>
<status status="PASS" start="2024-05-08T20:14:44.378607" elapsed="0.000165"/>
</kw>
<var name="${keyTwo}">username</var>
<status status="PASS" start="2024-05-08T20:14:44.377075" elapsed="0.001916"/>
</iter>
<iter>
<kw name="Dictionary Should Contain Key" owner="Collections">
<msg time="2024-05-08T20:14:44.379769" level="INFO">False</msg>
<arg>${json_data['results'][0]['login']}</arg>
<arg>${keyTwo}</arg>
<doc>Fails if ``key`` is not found from ``dictionary``.</doc>
<status status="PASS" start="2024-05-08T20:14:44.379269" elapsed="0.000540"/>
</kw>
<kw name="Dictionary Should Contain Key" owner="Collections">
<msg time="2024-05-08T20:14:44.380481" level="INFO">False</msg>
<arg>${json_data['results'][0]['login']}</arg>
<arg>${keyTwo}</arg>
<doc>Fails if ``key`` is not found from ``dictionary``.</doc>
<status status="PASS" start="2024-05-08T20:14:44.380104" elapsed="0.000413"/>
</kw>
<kw name="Log" owner="BuiltIn">
<msg time="2024-05-08T20:14:44.380931" level="INFO">password</msg>
<arg>${keyTwo}</arg>
<doc>Logs the given message with the given level.</doc>
<status status="PASS" start="2024-05-08T20:14:44.380807" elapsed="0.000159"/>
</kw>
<var name="${keyTwo}">password</var>
<status status="PASS" start="2024-05-08T20:14:44.379161" elapsed="0.002016"/>
</iter>
<var>${keyTwo}</var>
<value>@{expected_keysTwo}</value>
<status status="PASS" start="2024-05-08T20:14:44.376926" elapsed="0.004370"/>
</for>
<status status="PASS" start="2024-05-08T20:14:44.258891" elapsed="0.122543"/>
</kw>
<doc>Testa a estrutura da resposta da API.</doc>
<tag>testeEstruturaResposta</tag>
<status status="PASS" start="2024-05-08T20:14:44.258409" elapsed="0.123180"/>
</test>
<test id="s1-s1-t4" name="Validar tipos de dados" line="28">
<kw name="Teste de Tipos de Dados" owner="random-user-service">
<kw name="GET On Session" owner="RequestsLibrary">
<msg time="2024-05-08T20:14:44.473052" level="INFO">GET Request : url=https://randomuser.me/api 
 path_url=/api 
 headers={'User-Agent': 'python-requests/2.31.0', 'Accept-Encoding': 'gzip, deflate', 'Accept': '*/*', 'Connection': 'keep-alive'} 
 body=None 
 </msg>
<msg time="2024-05-08T20:14:44.473148" level="INFO">GET Response : url=https://randomuser.me/api 
 status=200, reason=OK 
 headers={'Date': 'Wed, 08 May 2024 20:14:44 GMT', 'Content-Type': 'application/json; charset=utf-8', 'Transfer-Encoding': 'chunked', 'Connection': 'keep-alive', 'X-Powered-By': 'Express', 'Access-Control-Allow-Origin': '*', 'Cache-Control': 'no-cache', 'ETag': 'W/"46b-nRcVByH9+BrMOY70z5LKdhJHc90"', 'Vary': 'Accept-Encoding', 'Content-Encoding': 'gzip', 'CF-Cache-Status': 'DYNAMIC', 'Report-To': '{"endpoints":[{"url":"https:\\/\\/a.nel.cloudflare.com\\/report\\/v4?s=8JGaGDdZXYvKxfsG1xedz3WtbrhziOmB6syLOI49BNQtxnhSa3qMCZWOKIrwg7PkZWNXfhVYkXkK4xr54W8u3yqfhAYv77x%2BlUgDQBpoirgx%2BIazyXOkge2%2BduxtAcLU"}],"group":"cf-nel","max_age":604800}', 'NEL': '{"success_fraction":0,"report_to":"cf-nel","max_age":604800}', 'Server': 'cloudflare', 'CF-RAY': '880c1e276c4c238b-SJC', 'alt-svc': 'h3=":443"; ma=86400'} 
 body={"results":[{"gender":"female","name":{"title":"Miss","first":"Aliya","last":"Vikane"},"location":{"street":{"number":7293,"name":"Brennastubben"},"city":"Flekkefjord","state":"Hedmark","country":"Norway","postcode":"7821","coordinates":{"latitude":"45.9882","longitude":"110.7575"},"timezone":{"offset":"+3:30","description":"Tehran"}},"email":"aliya.vikane@example.com","login":{"uuid":"0e29b124-4971-4c93-b6eb-00e5bdacaf25","username":"sadbear139","password":"tool","salt":"MDfXMmBx","md5":"f2279e89197cc0123d285f4cbea61463","sha1":"7bc42415ffd0f9bc04aa4d2d68a49bef3de3e8f1","sha256":"34c6cbf80a1ecfde28b376246a2710174b590c724e5ae3d00e232ff13b730b42"},"dob":{"date":"1996-01-28T12:38:55.570Z","age":28},"registered":{"date":"2009-03-07T04:07:51.570Z","age":15},"phone":"76769134","cell":"93648316","id":{"name":"FN","value":"28019607668"},"picture":{"large":"https://randomuser.me/api/portraits/women/67.jpg","medium":"https://randomuser.me/api/portraits/med/women/67.jpg","thumbnail":"https://randomuser.me/api/portraits/thumb/women/67.jpg"},"nat":"NO"}],"info":{"seed":"39c58cc9a3e77da0","results":1,"page":1,"version":"1.4"}} 
 </msg>
<msg time="2024-05-08T20:14:44.473216" level="INFO">/opt/hostedtoolcache/Python/3.12.3/x64/lib/python3.12/site-packages/urllib3/connectionpool.py:1103: InsecureRequestWarning: Unverified HTTPS request is being made to host 'randomuser.me'. Adding certificate verification is strongly advised. See: https://urllib3.readthedocs.io/en/latest/advanced-usage.html#tls-warnings
  warnings.warn(</msg>
<msg time="2024-05-08T20:14:44.473336" level="INFO">${response} = &lt;Response [200]&gt;</msg>
<var>${response}</var>
<arg>consultarAPI</arg>
<arg>/api</arg>
<doc>Sends a GET request on a previously created HTTP Session.</doc>
<status status="PASS" start="2024-05-08T20:14:44.384150" elapsed="0.089227"/>
</kw>
<kw name="Set Variable" owner="BuiltIn">
<msg time="2024-05-08T20:14:44.474546" level="INFO">${json_data} = {'results': [{'gender': 'female', 'name': {'title': 'Miss', 'first': 'Aliya', 'last': 'Vikane'}, 'location': {'street': {'number': 7293, 'name': 'Brennastubben'}, 'city': 'Flekkefjord', 'state': 'Hedm...</msg>
<var>${json_data}</var>
<arg>${response.json()}</arg>
<doc>Returns the given values which can then be assigned to a variables.</doc>
<status status="PASS" start="2024-05-08T20:14:44.473983" elapsed="0.000594"/>
</kw>
<kw name="Log" owner="BuiltIn">
<msg time="2024-05-08T20:14:44.475047" level="INFO">{'results': [{'gender': 'female', 'name': {'title': 'Miss', 'first': 'Aliya', 'last': 'Vikane'}, 'location': {'street': {'number': 7293, 'name': 'Brennastubben'}, 'city': 'Flekkefjord', 'state': 'Hedmark', 'country': 'Norway', 'postcode': '7821', 'coordinates': {'latitude': '45.9882', 'longitude': '110.7575'}, 'timezone': {'offset': '+3:30', 'description': 'Tehran'}}, 'email': 'aliya.vikane@example.com', 'login': {'uuid': '0e29b124-4971-4c93-b6eb-00e5bdacaf25', 'username': 'sadbear139', 'password': 'tool', 'salt': 'MDfXMmBx', 'md5': 'f2279e89197cc0123d285f4cbea61463', 'sha1': '7bc42415ffd0f9bc04aa4d2d68a49bef3de3e8f1', 'sha256': '34c6cbf80a1ecfde28b376246a2710174b590c724e5ae3d00e232ff13b730b42'}, 'dob': {'date': '1996-01-28T12:38:55.570Z', 'age': 28}, 'registered': {'date': '2009-03-07T04:07:51.570Z', 'age': 15}, 'phone': '76769134', 'cell': '93648316', 'id': {'name': 'FN', 'value': '28019607668'}, 'picture': {'large': 'https://randomuser.me/api/portraits/women/67.jpg', 'medium': 'https://randomuser.me/api/portraits/med/women/67.jpg', 'thumbnail': 'https://randomuser.me/api/portraits/thumb/women/67.jpg'}, 'nat': 'NO'}], 'info': {'seed': '39c58cc9a3e77da0', 'results': 1, 'page': 1, 'version': '1.4'}}</msg>
<arg>${json_data}</arg>
<doc>Logs the given message with the given level.</doc>
<status status="PASS" start="2024-05-08T20:14:44.474890" elapsed="0.000241"/>
</kw>
<kw name="Should Be String" owner="String">
<arg>${json_data['results'][0]['gender']}</arg>
<doc>Fails if the given ``item`` is not a string.</doc>
<status status="PASS" start="2024-05-08T20:14:44.475464" elapsed="0.000384"/>
</kw>
<kw name="Should Match Regexp" owner="BuiltIn">
<arg>${json_data['results'][0]['email']}</arg>
<arg>^[a-zA-Z0-9._%+-]+@[a-zA-Z0-9.-]+\.[a-zA-Z]{2,}$</arg>
<doc>Fails if ``string`` does not match ``pattern`` as a regular expression.</doc>
<status status="PASS" start="2024-05-08T20:14:44.476046" elapsed="0.000565"/>
</kw>
<kw name="Should Match Regexp" owner="BuiltIn">
<arg>${json_data['results'][0]['dob']['date']}</arg>
<arg>\\d{4}-\\d{2}-\\d{2}T\\d{2}:\\d{2}:\\d{2}\\.\\d{3}Z</arg>
<doc>Fails if ``string`` does not match ``pattern`` as a regular expression.</doc>
<status status="PASS" start="2024-05-08T20:14:44.476807" elapsed="0.000491"/>
</kw>
<kw name="Should Match Regexp" owner="BuiltIn">
<arg>${json_data['results'][0]['registered']['date']}</arg>
<arg>\\d{4}-\\d{2}-\\d{2}T\\d{2}:\\d{2}:\\d{2}\\.\\d{3}Z</arg>
<doc>Fails if ``string`` does not match ``pattern`` as a regular expression.</doc>
<status status="PASS" start="2024-05-08T20:14:44.477493" elapsed="0.000369"/>
</kw>
<kw name="Should Match Regexp" owner="BuiltIn">
<arg>${json_data['results'][0]['picture']['large']}</arg>
<arg>^https?://.*\.(?:png|jpe?g|gif|bmp)$</arg>
<doc>Fails if ``string`` does not match ``pattern`` as a regular expression.</doc>
<status status="PASS" start="2024-05-08T20:14:44.478054" elapsed="0.000463"/>
</kw>
<kw name="Should Match Regexp" owner="BuiltIn">
<arg>${json_data['results'][0]['picture']['medium']}</arg>
<arg>^https?://.*\.(?:png|jpe?g|gif|bmp)$</arg>
<doc>Fails if ``string`` does not match ``pattern`` as a regular expression.</doc>
<status status="PASS" start="2024-05-08T20:14:44.478702" elapsed="0.000361"/>
</kw>
<kw name="Should Match Regexp" owner="BuiltIn">
<arg>${json_data['results'][0]['picture']['thumbnail']}</arg>
<arg>^https?://.*\.(?:png|jpe?g|gif|bmp)$</arg>
<doc>Fails if ``string`` does not match ``pattern`` as a regular expression.</doc>
<status status="PASS" start="2024-05-08T20:14:44.479248" elapsed="0.000369"/>
</kw>
<kw name="Log" owner="BuiltIn">
<msg time="2024-05-08T20:14:44.480117" level="INFO">{'large': 'https://randomuser.me/api/portraits/women/67.jpg', 'medium': 'https://randomuser.me/api/portraits/med/women/67.jpg', 'thumbnail': 'https://randomuser.me/api/portraits/thumb/women/67.jpg'}</msg>
<arg>${json_data['results'][0]['picture']}</arg>
<doc>Logs the given message with the given level.</doc>
<status status="PASS" start="2024-05-08T20:14:44.479795" elapsed="0.000371"/>
</kw>
<status status="PASS" start="2024-05-08T20:14:44.383927" elapsed="0.096491"/>
</kw>
<kw name="Teste de Tipos de Dados - Postcode" owner="random-user-service">
<kw name="GET On Session" owner="RequestsLibrary">
<msg time="2024-05-08T20:14:44.580040" level="INFO">GET Request : url=https://randomuser.me/api 
 path_url=/api 
 headers={'User-Agent': 'python-requests/2.31.0', 'Accept-Encoding': 'gzip, deflate', 'Accept': '*/*', 'Connection': 'keep-alive'} 
 body=None 
 </msg>
<msg time="2024-05-08T20:14:44.580183" level="INFO">GET Response : url=https://randomuser.me/api 
 status=200, reason=OK 
 headers={'Date': 'Wed, 08 May 2024 20:14:44 GMT', 'Content-Type': 'application/json; charset=utf-8', 'Transfer-Encoding': 'chunked', 'Connection': 'keep-alive', 'X-Powered-By': 'Express', 'Access-Control-Allow-Origin': '*', 'Cache-Control': 'no-cache', 'ETag': 'W/"49c-9qz7xt5rbsqQYj7RwagLd0YR1sQ"', 'Vary': 'Accept-Encoding', 'Content-Encoding': 'gzip', 'CF-Cache-Status': 'DYNAMIC', 'Report-To': '{"endpoints":[{"url":"https:\\/\\/a.nel.cloudflare.com\\/report\\/v4?s=PxnaLKDKMTfRVxx%2B77Uudg%2BnxGnODguct2ON1LFHPKBqDFaUFUOpRs96OIZb9wC4QmxYKGTccjpIIJRs3qD%2FqgDx9dhsHfTidsHz%2F0WjTh8vDtTgFwz5WZQvba2GM25D"}],"group":"cf-nel","max_age":604800}', 'NEL': '{"success_fraction":0,"report_to":"cf-nel","max_age":604800}', 'Server': 'cloudflare', 'CF-RAY': '880c1e280cf7238b-SJC', 'alt-svc': 'h3=":443"; ma=86400'} 
 body={"results":[{"gender":"male","name":{"title":"Mr","first":"Sobimir","last":"Shcherbakivskiy"},"location":{"street":{"number":2646,"name":"Rizdvyana"},"city":"Snovsk","state":"Zakarpatska","country":"Ukraine","postcode":42574,"coordinates":{"latitude":"75.3418","longitude":"-98.4065"},"timezone":{"offset":"+9:00","description":"Tokyo, Seoul, Osaka, Sapporo, Yakutsk"}},"email":"sobimir.shcherbakivskiy@example.com","login":{"uuid":"dfe4cc45-f6df-4671-8917-91528fc6dff4","username":"beautifulladybug645","password":"misty","salt":"7A18ACfq","md5":"1517acb499a26cad98ba008dd74b4dcc","sha1":"2be671fc1398d2aacdf4144175413236c137ca35","sha256":"073ea5d58149f104b856d6968f65309253f80feb4619ab90f57bbc2d50787095"},"dob":{"date":"1949-05-01T13:14:33.337Z","age":75},"registered":{"date":"2009-05-29T10:38:24.732Z","age":14},"phone":"(096) Z74-8992","cell":"(096) B35-0080","id":{"name":"","value":null},"picture":{"large":"https://randomuser.me/api/portraits/men/18.jpg","medium":"https://randomuser.me/api/portraits/med/men/18.jpg","thumbnail":"https://randomuser.me/api/portraits/thumb/men/18.jpg"},"nat":"UA"}],"info":{"seed":"f7fa5e5727b5ad7f","results":1,"page":1,"version":"1.4"}} 
 </msg>
<msg time="2024-05-08T20:14:44.580302" level="INFO">/opt/hostedtoolcache/Python/3.12.3/x64/lib/python3.12/site-packages/urllib3/connectionpool.py:1103: InsecureRequestWarning: Unverified HTTPS request is being made to host 'randomuser.me'. Adding certificate verification is strongly advised. See: https://urllib3.readthedocs.io/en/latest/advanced-usage.html#tls-warnings
  warnings.warn(</msg>
<msg time="2024-05-08T20:14:44.580483" level="INFO">${response} = &lt;Response [200]&gt;</msg>
<var>${response}</var>
<arg>consultarAPI</arg>
<arg>/api</arg>
<doc>Sends a GET request on a previously created HTTP Session.</doc>
<status status="PASS" start="2024-05-08T20:14:44.480869" elapsed="0.099659"/>
</kw>
<kw name="Set Variable" owner="BuiltIn">
<msg time="2024-05-08T20:14:44.581757" level="INFO">${json_data} = {'results': [{'gender': 'male', 'name': {'title': 'Mr', 'first': 'Sobimir', 'last': 'Shcherbakivskiy'}, 'location': {'street': {'number': 2646, 'name': 'Rizdvyana'}, 'city': 'Snovsk', 'state': 'Zakarp...</msg>
<var>${json_data}</var>
<arg>${response.json()}</arg>
<doc>Returns the given values which can then be assigned to a variables.</doc>
<status status="PASS" start="2024-05-08T20:14:44.581191" elapsed="0.000596"/>
</kw>
<kw name="Log" owner="BuiltIn">
<msg time="2024-05-08T20:14:44.582274" level="INFO">{'results': [{'gender': 'male', 'name': {'title': 'Mr', 'first': 'Sobimir', 'last': 'Shcherbakivskiy'}, 'location': {'street': {'number': 2646, 'name': 'Rizdvyana'}, 'city': 'Snovsk', 'state': 'Zakarpatska', 'country': 'Ukraine', 'postcode': 42574, 'coordinates': {'latitude': '75.3418', 'longitude': '-98.4065'}, 'timezone': {'offset': '+9:00', 'description': 'Tokyo, Seoul, Osaka, Sapporo, Yakutsk'}}, 'email': 'sobimir.shcherbakivskiy@example.com', 'login': {'uuid': 'dfe4cc45-f6df-4671-8917-91528fc6dff4', 'username': 'beautifulladybug645', 'password': 'misty', 'salt': '7A18ACfq', 'md5': '1517acb499a26cad98ba008dd74b4dcc', 'sha1': '2be671fc1398d2aacdf4144175413236c137ca35', 'sha256': '073ea5d58149f104b856d6968f65309253f80feb4619ab90f57bbc2d50787095'}, 'dob': {'date': '1949-05-01T13:14:33.337Z', 'age': 75}, 'registered': {'date': '2009-05-29T10:38:24.732Z', 'age': 14}, 'phone': '(096) Z74-8992', 'cell': '(096) B35-0080', 'id': {'name': '', 'value': None}, 'picture': {'large': 'https://randomuser.me/api/portraits/men/18.jpg', 'medium': 'https://randomuser.me/api/portraits/med/men/18.jpg', 'thumbnail': 'https://randomuser.me/api/portraits/thumb/men/18.jpg'}, 'nat': 'UA'}], 'info': {'seed': 'f7fa5e5727b5ad7f', 'results': 1, 'page': 1, 'version': '1.4'}}</msg>
<arg>${json_data}</arg>
<doc>Logs the given message with the given level.</doc>
<status status="PASS" start="2024-05-08T20:14:44.582115" elapsed="0.000241"/>
</kw>
<kw name="Should Be Equal As Numbers" owner="BuiltIn">
<arg>${json_data['results'][0]['location']['postcode']}</arg>
<arg>${json_data['results'][0]['location']['postcode']}</arg>
<doc>Fails if objects are unequal after converting them to real numbers.</doc>
<status status="PASS" start="2024-05-08T20:14:44.582845" elapsed="0.000682"/>
</kw>
<kw name="Log" owner="BuiltIn">
<msg time="2024-05-08T20:14:44.584069" level="INFO">42574</msg>
<arg>${json_data['results'][0]['location']['postcode']}</arg>
<doc>Logs the given message with the given level.</doc>
<status status="PASS" start="2024-05-08T20:14:44.583727" elapsed="0.000384"/>
</kw>
<status status="PASS" start="2024-05-08T20:14:44.480645" elapsed="0.103719"/>
</kw>
<doc>Testa se os tipos de dados na resposta da API estão corretos.</doc>
<tag>testeTiposDados</tag>
<status status="PASS" start="2024-05-08T20:14:44.383350" elapsed="0.201182"/>
</test>
<test id="s1-s1-t5" name="Validar conteudo" line="35">
<kw name="Teste de Tipos de Conteudo" owner="random-user-service">
<kw name="GET On Session" owner="RequestsLibrary">
<msg time="2024-05-08T20:14:44.679330" level="INFO">GET Request : url=https://randomuser.me/api 
 path_url=/api 
 headers={'User-Agent': 'python-requests/2.31.0', 'Accept-Encoding': 'gzip, deflate', 'Accept': '*/*', 'Connection': 'keep-alive'} 
 body=None 
 </msg>
<msg time="2024-05-08T20:14:44.679457" level="INFO">GET Response : url=https://randomuser.me/api 
 status=200, reason=OK 
 headers={'Date': 'Wed, 08 May 2024 20:14:44 GMT', 'Content-Type': 'application/json; charset=utf-8', 'Transfer-Encoding': 'chunked', 'Connection': 'keep-alive', 'X-Powered-By': 'Express', 'Access-Control-Allow-Origin': '*', 'Cache-Control': 'no-cache', 'ETag': 'W/"4a6-EisW95K2wcf/9u3DqLcUZcloovo"', 'Vary': 'Accept-Encoding', 'Content-Encoding': 'gzip', 'CF-Cache-Status': 'DYNAMIC', 'Report-To': '{"endpoints":[{"url":"https:\\/\\/a.nel.cloudflare.com\\/report\\/v4?s=VP6j25Ytz6CpOFZEbCUxoZUhsVFIWEL1QUC3cf4roqnN1%2Fx9uou8J0riCq93tvfji3fSIRRf05arHuFHNno7yZVNmOvrsJuB7pJvylX%2B01O0BWoSWdwXcCE9Z7BpsEAT"}],"group":"cf-nel","max_age":604800}', 'NEL': '{"success_fraction":0,"report_to":"cf-nel","max_age":604800}', 'Server': 'cloudflare', 'CF-RAY': '880c1e28bdd8238b-SJC', 'alt-svc': 'h3=":443"; ma=86400'} 
 body={"results":[{"gender":"female","name":{"title":"Ms","first":"Christine","last":"Sanders"},"location":{"street":{"number":8566,"name":"Robinson Rd"},"city":"Albury","state":"Western Australia","country":"Australia","postcode":1129,"coordinates":{"latitude":"-88.5152","longitude":"102.8931"},"timezone":{"offset":"+9:00","description":"Tokyo, Seoul, Osaka, Sapporo, Yakutsk"}},"email":"christine.sanders@example.com","login":{"uuid":"3deedb0e-4fa9-4392-b1fe-ebc3fc4442c5","username":"whitetiger741","password":"wonderboy","salt":"0OLpKlDh","md5":"d979516adb79859b4f5631398fac3ac7","sha1":"288bc5caea93098a73c530fdc82b7e9cecfb5763","sha256":"90ead39f8a3a5be5e43bc02fa88f9cafced9a153ca09df82109bf2863a38363a"},"dob":{"date":"1990-08-30T09:58:09.180Z","age":33},"registered":{"date":"2007-01-06T03:59:17.429Z","age":17},"phone":"07-2221-7302","cell":"0474-057-095","id":{"name":"TFN","value":"211016228"},"picture":{"large":"https://randomuser.me/api/portraits/women/92.jpg","medium":"https://randomuser.me/api/portraits/med/women/92.jpg","thumbnail":"https://randomuser.me/api/portraits/thumb/women/92.jpg"},"nat":"AU"}],"info":{"seed":"7cdcc4a28cbe557f","results":1,"page":1,"version":"1.4"}} 
 </msg>
<msg time="2024-05-08T20:14:44.679530" level="INFO">/opt/hostedtoolcache/Python/3.12.3/x64/lib/python3.12/site-packages/urllib3/connectionpool.py:1103: InsecureRequestWarning: Unverified HTTPS request is being made to host 'randomuser.me'. Adding certificate verification is strongly advised. See: https://urllib3.readthedocs.io/en/latest/advanced-usage.html#tls-warnings
  warnings.warn(</msg>
<msg time="2024-05-08T20:14:44.679659" level="INFO">${response} = &lt;Response [200]&gt;</msg>
<var>${response}</var>
<arg>consultarAPI</arg>
<arg>/api</arg>
<doc>Sends a GET request on a previously created HTTP Session.</doc>
<status status="PASS" start="2024-05-08T20:14:44.586991" elapsed="0.092708"/>
</kw>
<kw name="Set Variable" owner="BuiltIn">
<msg time="2024-05-08T20:14:44.680822" level="INFO">${json_data} = {'results': [{'gender': 'female', 'name': {'title': 'Ms', 'first': 'Christine', 'last': 'Sanders'}, 'location': {'street': {'number': 8566, 'name': 'Robinson Rd'}, 'city': 'Albury', 'state': 'Western ...</msg>
<var>${json_data}</var>
<arg>${response.json()}</arg>
<doc>Returns the given values which can then be assigned to a variables.</doc>
<status status="PASS" start="2024-05-08T20:14:44.680281" elapsed="0.000571"/>
</kw>
<kw name="Set Variable" owner="BuiltIn">
<msg time="2024-05-08T20:14:44.681556" level="INFO">${name_title} = Ms</msg>
<var>${name_title}</var>
<arg>${json_data["results"][0]["name"]["title"]}</arg>
<doc>Returns the given values which can then be assigned to a variables.</doc>
<status status="PASS" start="2024-05-08T20:14:44.681165" elapsed="0.000417"/>
</kw>
<kw name="Create List" owner="BuiltIn">
<msg time="2024-05-08T20:14:44.682033" level="INFO">${allowed_titles} = ['Mr', 'Ms', 'Miss', 'Mrs', 'Madame', 'Monsieur']</msg>
<var>${allowed_titles}</var>
<arg>Mr</arg>
<arg>Ms</arg>
<arg>Miss</arg>
<arg>Mrs</arg>
<arg>Madame</arg>
<arg>Monsieur</arg>
<doc>Returns a list containing given items.</doc>
<status status="PASS" start="2024-05-08T20:14:44.681885" elapsed="0.000173"/>
</kw>
<kw name="List Should Contain Value" owner="Collections">
<msg time="2024-05-08T20:14:44.682531" level="INFO">False</msg>
<arg>${allowed_titles}</arg>
<arg>${name_title}</arg>
<doc>Fails if the ``value`` is not found from ``list``.</doc>
<status status="PASS" start="2024-05-08T20:14:44.682357" elapsed="0.000211"/>
</kw>
<kw name="Set Variable" owner="BuiltIn">
<msg time="2024-05-08T20:14:44.683246" level="INFO">${name_country} = AU</msg>
<var>${name_country}</var>
<arg>${json_data["results"][0]["nat"]}</arg>
<doc>Returns the given values which can then be assigned to a variables.</doc>
<status status="PASS" start="2024-05-08T20:14:44.682859" elapsed="0.000413"/>
</kw>
<kw name="Create List" owner="BuiltIn">
<msg time="2024-05-08T20:14:44.684198" level="INFO">${list_country} = ['AD', 'AE', 'AF', 'AG', 'AI', 'AL', 'AM', 'AO', 'AQ', 'AR', 'AS', 'AT', 'AU', 'AW', 'AX', 'AZ', 'BA', 'BB', 'BD', 'BE', 'BF', 'BG', 'BH', 'BI', 'BJ', 'BL', 'BM', 'BN', 'BO', 'BQ', 'BR', 'BS', 'BT', '...</msg>
<var>${list_country}</var>
<arg>AD</arg>
<arg>AE</arg>
<arg>AF</arg>
<arg>AG</arg>
<arg>AI</arg>
<arg>AL</arg>
<arg>AM</arg>
<arg>AO</arg>
<arg>AQ</arg>
<arg>AR</arg>
<arg>AS</arg>
<arg>AT</arg>
<arg>AU</arg>
<arg>AW</arg>
<arg>AX</arg>
<arg>AZ</arg>
<arg>BA</arg>
<arg>BB</arg>
<arg>BD</arg>
<arg>BE</arg>
<arg>BF</arg>
<arg>BG</arg>
<arg>BH</arg>
<arg>BI</arg>
<arg>BJ</arg>
<arg>BL</arg>
<arg>BM</arg>
<arg>BN</arg>
<arg>BO</arg>
<arg>BQ</arg>
<arg>BR</arg>
<arg>BS</arg>
<arg>BT</arg>
<arg>BV</arg>
<arg>BW</arg>
<arg>BY</arg>
<arg>BZ</arg>
<arg>CA</arg>
<arg>CC</arg>
<arg>CD</arg>
<arg>CF</arg>
<arg>CG</arg>
<arg>CH</arg>
<arg>CI</arg>
<arg>CK</arg>
<arg>CL</arg>
<arg>CM</arg>
<arg>CN</arg>
<arg>CO</arg>
<arg>CR</arg>
<arg>CU</arg>
<arg>CV</arg>
<arg>CW</arg>
<arg>CX</arg>
<arg>CY</arg>
<arg>CZ</arg>
<arg>DE</arg>
<arg>DJ</arg>
<arg>DK</arg>
<arg>DM</arg>
<arg>DO</arg>
<arg>DZ</arg>
<arg>EC</arg>
<arg>EE</arg>
<arg>EG</arg>
<arg>EH</arg>
<arg>ER</arg>
<arg>ES</arg>
<arg>ET</arg>
<arg>FI</arg>
<arg>FJ</arg>
<arg>FK</arg>
<arg>FM</arg>
<arg>FO</arg>
<arg>FR</arg>
<arg>GA</arg>
<arg>GB</arg>
<arg>GD</arg>
<arg>GE</arg>
<arg>GF</arg>
<arg>GG</arg>
<arg>GH</arg>
<arg>GI</arg>
<arg>GL</arg>
<arg>GM</arg>
<arg>GN</arg>
<arg>GP</arg>
<arg>GQ</arg>
<arg>GR</arg>
<arg>GS</arg>
<arg>GT</arg>
<arg>GU</arg>
<arg>GW</arg>
<arg>GY</arg>
<arg>HK</arg>
<arg>HM</arg>
<arg>HN</arg>
<arg>HR</arg>
<arg>HT</arg>
<arg>HU</arg>
<arg>ID</arg>
<arg>IE</arg>
<arg>IL</arg>
<arg>IM</arg>
<arg>IN</arg>
<arg>IO</arg>
<arg>IQ</arg>
<arg>IR</arg>
<arg>IS</arg>
<arg>IT</arg>
<arg>JE</arg>
<arg>JM</arg>
<arg>JO</arg>
<arg>JP</arg>
<arg>KE</arg>
<arg>KG</arg>
<arg>KH</arg>
<arg>KI</arg>
<arg>KM</arg>
<arg>KN</arg>
<arg>KP</arg>
<arg>KR</arg>
<arg>KW</arg>
<arg>KY</arg>
<arg>KZ</arg>
<arg>LA</arg>
<arg>LB</arg>
<arg>LC</arg>
<arg>LI</arg>
<arg>LK</arg>
<arg>LR</arg>
<arg>LS</arg>
<arg>LT</arg>
<arg>LU</arg>
<arg>LV</arg>
<arg>LY</arg>
<arg>MA</arg>
<arg>MC</arg>
<arg>MD</arg>
<arg>ME</arg>
<arg>MF</arg>
<arg>MG</arg>
<arg>MH</arg>
<arg>MK</arg>
<arg>ML</arg>
<arg>MM</arg>
<arg>MN</arg>
<arg>MO</arg>
<arg>MP</arg>
<arg>MQ</arg>
<arg>MR</arg>
<arg>MS</arg>
<arg>MT</arg>
<arg>MU</arg>
<arg>MV</arg>
<arg>MW</arg>
<arg>MX</arg>
<arg>MY</arg>
<arg>MZ</arg>
<arg>NA</arg>
<arg>NC</arg>
<arg>NE</arg>
<arg>NF</arg>
<arg>NG</arg>
<arg>NI</arg>
<arg>NL</arg>
<arg>NO</arg>
<arg>NP</arg>
<arg>NR</arg>
<arg>NU</arg>
<arg>NZ</arg>
<arg>OM</arg>
<arg>PA</arg>
<arg>PE</arg>
<arg>PF</arg>
<arg>PG</arg>
<arg>PH</arg>
<arg>PK</arg>
<arg>PL</arg>
<arg>PM</arg>
<arg>PN</arg>
<arg>PR</arg>
<arg>PS</arg>
<arg>PT</arg>
<arg>PW</arg>
<arg>PY</arg>
<arg>QA</arg>
<arg>RE</arg>
<arg>RO</arg>
<arg>RS</arg>
<arg>RU</arg>
<arg>RW</arg>
<arg>SA</arg>
<arg>SB</arg>
<arg>SC</arg>
<arg>SD</arg>
<arg>SE</arg>
<arg>SG</arg>
<arg>SH</arg>
<arg>SI</arg>
<arg>SJ</arg>
<arg>SK</arg>
<arg>SL</arg>
<arg>SM</arg>
<arg>SN</arg>
<arg>SO</arg>
<arg>SR</arg>
<arg>SS</arg>
<arg>ST</arg>
<arg>SV</arg>
<arg>SX</arg>
<arg>SY</arg>
<arg>SZ</arg>
<arg>TC</arg>
<arg>TD</arg>
<arg>TF</arg>
<arg>TG</arg>
<arg>TH</arg>
<arg>TJ</arg>
<arg>TK</arg>
<arg>TL</arg>
<arg>TM</arg>
<arg>TN</arg>
<arg>TO</arg>
<arg>TR</arg>
<arg>TT</arg>
<arg>TV</arg>
<arg>TW</arg>
<arg>TZ</arg>
<arg>UA</arg>
<arg>UG</arg>
<arg>UM</arg>
<arg>US</arg>
<arg>UY</arg>
<arg>UZ</arg>
<arg>VA</arg>
<arg>VC</arg>
<arg>VE</arg>
<arg>VG</arg>
<arg>VI</arg>
<arg>VN</arg>
<arg>VU</arg>
<arg>WF</arg>
<arg>WS</arg>
<arg>XK</arg>
<arg>YE</arg>
<arg>YT</arg>
<arg>ZA</arg>
<arg>ZM</arg>
<arg>ZW</arg>
<doc>Returns a list containing given items.</doc>
<status status="PASS" start="2024-05-08T20:14:44.683614" elapsed="0.000610"/>
</kw>
<kw name="List Should Contain Value" owner="Collections">
<msg time="2024-05-08T20:14:44.685209" level="INFO">False</msg>
<arg>${list_country}</arg>
<arg>${name_country}</arg>
<doc>Fails if the ``value`` is not found from ``list``.</doc>
<status status="PASS" start="2024-05-08T20:14:44.685009" elapsed="0.000236"/>
</kw>
<kw name="Run Keyword If" owner="BuiltIn">
<kw name="Should Be True" owner="BuiltIn">
<arg>${True}</arg>
<doc>Fails if the given condition is not true.</doc>
<status status="PASS" start="2024-05-08T20:14:44.686318" elapsed="0.000263"/>
</kw>
<arg>${json_data["results"][0]["location"]["coordinates"]["latitude"]} &gt;= -90 and ${json_data["results"][0]["location"]["coordinates"]["latitude"]} &lt;= 90</arg>
<arg>Should Be True</arg>
<arg>${True}</arg>
<doc>Runs the given keyword with the given arguments, if ``condition`` is true.</doc>
<status status="PASS" start="2024-05-08T20:14:44.685555" elapsed="0.001160"/>
</kw>
<kw name="Run Keyword If" owner="BuiltIn">
<kw name="Should Be True" owner="BuiltIn">
<arg>${True}</arg>
<doc>Fails if the given condition is not true.</doc>
<status status="PASS" start="2024-05-08T20:14:44.687667" elapsed="0.000141"/>
</kw>
<arg>${json_data["results"][0]["location"]["coordinates"]["longitude"]} &gt;= -180 and ${json_data["results"][0]["location"]["coordinates"]["longitude"]} &lt;= 180</arg>
<arg>Should Be True</arg>
<arg>${True}</arg>
<doc>Runs the given keyword with the given arguments, if ``condition`` is true.</doc>
<status status="PASS" start="2024-05-08T20:14:44.686902" elapsed="0.001031"/>
</kw>
<status status="PASS" start="2024-05-08T20:14:44.586766" elapsed="0.101299"/>
</kw>
<doc>Testa o conteúdo específico dos campos retornados pela API.</doc>
<tag>testeConteudo</tag>
<status status="PASS" start="2024-05-08T20:14:44.586312" elapsed="0.101907"/>
</test>
<status status="PASS" start="2024-05-08T20:14:43.812170" elapsed="0.878015"/>
</suite>
<status status="PASS" start="2024-05-08T20:14:43.798825" elapsed="0.896501"/>
</suite>
<statistics>
<total>
<stat pass="5" fail="0" skip="0">All Tests</stat>
</total>
<tag>
<stat pass="1" fail="0" skip="0">testeConteudo</stat>
<stat pass="1" fail="0" skip="0">testeEstruturaResposta</stat>
<stat pass="1" fail="0" skip="0">testeRequisicaoBasica</stat>
<stat pass="1" fail="0" skip="0">testeTiposDados</stat>
</tag>
<suite>
<stat pass="5" fail="0" skip="0" id="s1" name="Tests">Tests</stat>
<stat pass="5" fail="0" skip="0" id="s1-s1" name="Random-User-Test">Tests.Random-User-Test</stat>
</suite>
</statistics>
<errors>
</errors>
</robot>
