<?xml version="1.0" encoding="UTF-8"?>
<robot generator="Robot 7.0.1 (Python 3.12.4 on linux)" generated="2024-08-07T22:14:52.970717" rpa="false" schemaversion="5">
<suite id="s1" name="Tests" source="/home/runner/work/ApiRandomUser/ApiRandomUser/RamdonUser/tests">
<suite id="s1-s1" name="Random-User-Test" source="/home/runner/work/ApiRandomUser/ApiRandomUser/RamdonUser/tests/random-user-test.robot">
<test id="s1-s1-t1" name="Conectar" line="13">
<kw name="Conectar API" owner="random-user-service">
<kw name="Create Session" owner="RequestsLibrary">
<msg time="2024-08-07T22:14:53.382338" level="INFO">Creating Session using : alias=consultarAPI, url=https://randomuser.me/, headers={},                     cookies={}, auth=None, timeout=None, proxies=None, verify=False,                     debug=0 </msg>
<arg>consultarAPI</arg>
<arg>${URL}</arg>
<doc>Create Session: create a HTTP session to a server</doc>
<status status="PASS" start="2024-08-07T22:14:53.382133" elapsed="0.000403"/>
</kw>
<status status="PASS" start="2024-08-07T22:14:53.381051" elapsed="0.001859"/>
</kw>
<status status="PASS" start="2024-08-07T22:14:53.380372" elapsed="0.002735"/>
</test>
<test id="s1-s1-t2" name="Validar retorno 200 e JSON Válido" line="16">
<kw name="Teste de Requisicao Basica" owner="random-user-service">
<kw name="GET On Session" owner="RequestsLibrary">
<msg time="2024-08-07T22:14:54.231904" level="INFO">GET Request : url=https://randomuser.me/api 
 path_url=/api 
 headers={'User-Agent': 'python-requests/2.32.3', 'Accept-Encoding': 'gzip, deflate', 'Accept': '*/*', 'Connection': 'keep-alive'} 
 body=None 
 </msg>
<msg time="2024-08-07T22:14:54.232085" level="INFO">GET Response : url=https://randomuser.me/api 
 status=200, reason=OK 
 headers={'Date': 'Wed, 07 Aug 2024 22:14:54 GMT', 'Content-Type': 'application/json; charset=utf-8', 'Transfer-Encoding': 'chunked', 'Connection': 'keep-alive', 'X-Powered-By': 'Express', 'Access-Control-Allow-Origin': '*', 'Cache-Control': 'no-cache', 'ETag': 'W/"4ad-EPq2oh8a9Zn2TIc7FBPi/kc4IPk"', 'Vary': 'Accept-Encoding', 'Content-Encoding': 'gzip', 'CF-Cache-Status': 'DYNAMIC', 'Report-To': '{"endpoints":[{"url":"https:\\/\\/a.nel.cloudflare.com\\/report\\/v4?s=whgGEWm6pG%2BpBvs4bOXYPw9OmkqArvA9mtH%2FHWbud395CZYaVHpULl3KiL4Z7Bnpx08IAG0fW8dcwTZl2BXSR4YeNskua6jsxlVl9s7w1aZ1f4ggSI2EcpJt1R%2F51isc"}],"group":"cf-nel","max_age":604800}', 'NEL': '{"success_fraction":0,"report_to":"cf-nel","max_age":604800}', 'Server': 'cloudflare', 'CF-RAY': '8afa9f489e1f7ff3-IAD', 'alt-svc': 'h3=":443"; ma=86400'} 
 body={"results":[{"gender":"female","name":{"title":"Miss","first":"Louane","last":"Lacroix"},"location":{"street":{"number":2591,"name":"Rue de L'Abbé-Carton"},"city":"Vitry-sur-Seine","state":"Bas-Rhin","country":"France","postcode":89695,"coordinates":{"latitude":"-20.9872","longitude":"112.8339"},"timezone":{"offset":"-8:00","description":"Pacific Time (US &amp; Canada)"}},"email":"louane.lacroix@example.com","login":{"uuid":"973248f1-e971-49c3-b110-6627b13a958b","username":"beautifulkoala454","password":"angel1","salt":"KEeJXlmf","md5":"f00e1f967565fb872319da9a3a46a53e","sha1":"1a0afe6f839e7379bd19aef142dee9e02beae6d2","sha256":"28d897d47febd8072874408a0c1b1ae009589b4c93a26a5ba4be60d89d4a0a6c"},"dob":{"date":"1952-06-17T05:22:19.267Z","age":72},"registered":{"date":"2011-05-24T07:25:52.474Z","age":13},"phone":"01-16-63-57-49","cell":"06-02-72-13-66","id":{"name":"INSEE","value":"2520594137727 48"},"picture":{"large":"https://randomuser.me/api/portraits/women/72.jpg","medium":"https://randomuser.me/api/portraits/med/women/72.jpg","thumbnail":"https://randomuser.me/api/portraits/thumb/women/72.jpg"},"nat":"FR"}],"info":{"seed":"847058d2a4ba8521","results":1,"page":1,"version":"1.4"}} 
 </msg>
<msg time="2024-08-07T22:14:54.232180" level="INFO">/opt/hostedtoolcache/Python/3.12.4/x64/lib/python3.12/site-packages/urllib3/connectionpool.py:1099: InsecureRequestWarning: Unverified HTTPS request is being made to host 'randomuser.me'. Adding certificate verification is strongly advised. See: https://urllib3.readthedocs.io/en/latest/advanced-usage.html#tls-warnings
  warnings.warn(</msg>
<msg time="2024-08-07T22:14:54.232324" level="INFO">${response} = &lt;Response [200]&gt;</msg>
<var>${response}</var>
<arg>consultarAPI</arg>
<arg>/api</arg>
<doc>Sends a GET request on a previously created HTTP Session.</doc>
<status status="PASS" start="2024-08-07T22:14:53.386108" elapsed="0.846259"/>
</kw>
<kw name="Should Be Equal As Numbers" owner="BuiltIn">
<msg time="2024-08-07T22:14:54.233439" level="INFO">Argument types are:
&lt;class 'int'&gt;
&lt;class 'str'&gt;</msg>
<arg>${response.status_code}</arg>
<arg>200</arg>
<doc>Fails if objects are unequal after converting them to real numbers.</doc>
<status status="PASS" start="2024-08-07T22:14:54.232967" elapsed="0.000539"/>
</kw>
<kw name="Log" owner="BuiltIn">
<msg time="2024-08-07T22:14:54.234184" level="INFO">200</msg>
<arg>${response.status_code}</arg>
<doc>Logs the given message with the given level.</doc>
<status status="PASS" start="2024-08-07T22:14:54.233832" elapsed="0.000394"/>
</kw>
<kw name="Set Variable" owner="BuiltIn">
<msg time="2024-08-07T22:14:54.234975" level="INFO">${json_data} = {'results': [{'gender': 'female', 'name': {'title': 'Miss', 'first': 'Louane', 'last': 'Lacroix'}, 'location': {'street': {'number': 2591, 'name': "Rue de L'Abbé-Carton"}, 'city': 'Vitry-sur-Seine', '...</msg>
<var>${json_data}</var>
<arg>${response.json()}</arg>
<doc>Returns the given values which can then be assigned to a variables.</doc>
<status status="PASS" start="2024-08-07T22:14:54.234534" elapsed="0.000472"/>
</kw>
<kw name="Dictionary Should Contain Key" owner="Collections">
<arg>${json_data}</arg>
<arg>results</arg>
<doc>Fails if ``key`` is not found from ``dictionary``.</doc>
<status status="PASS" start="2024-08-07T22:14:54.235310" elapsed="0.000330"/>
</kw>
<status status="PASS" start="2024-08-07T22:14:53.385856" elapsed="0.849942"/>
</kw>
<doc>Testa se a API responde corretamente e retorna um objeto JSON válido.</doc>
<tag>testeRequisicaoBasica</tag>
<status status="PASS" start="2024-08-07T22:14:53.385347" elapsed="0.850625"/>
</test>
<test id="s1-s1-t3" name="Validar estrutura de resposta" line="22">
<kw name="Teste de Estrutura de Resposta" owner="random-user-service">
<kw name="GET On Session" owner="RequestsLibrary">
<msg time="2024-08-07T22:14:55.132172" level="INFO">GET Request : url=https://randomuser.me/api 
 path_url=/api 
 headers={'User-Agent': 'python-requests/2.32.3', 'Accept-Encoding': 'gzip, deflate', 'Accept': '*/*', 'Connection': 'keep-alive'} 
 body=None 
 </msg>
<msg time="2024-08-07T22:14:55.132272" level="INFO">GET Response : url=https://randomuser.me/api 
 status=200, reason=OK 
 headers={'Date': 'Wed, 07 Aug 2024 22:14:55 GMT', 'Content-Type': 'application/json; charset=utf-8', 'Transfer-Encoding': 'chunked', 'Connection': 'keep-alive', 'X-Powered-By': 'Express', 'Access-Control-Allow-Origin': '*', 'Cache-Control': 'no-cache', 'ETag': 'W/"495-QsR1Y4KiY2whnYDn3L6mEut3/ec"', 'Vary': 'Accept-Encoding', 'Content-Encoding': 'gzip', 'CF-Cache-Status': 'DYNAMIC', 'Report-To': '{"endpoints":[{"url":"https:\\/\\/a.nel.cloudflare.com\\/report\\/v4?s=eHmvJRbHpfN86ft5dgclqiJA%2FWUHFZ%2FqOYdTVcn3EMjljO2gP15GKlTY7VvDtVcPI8e5cAXlD5ZnVz7D1pJ7tH4Q3rs8e2bidCHrpey4WPSIaW6jaLhymqfQNo%2FjbgRs"}],"group":"cf-nel","max_age":604800}', 'NEL': '{"success_fraction":0,"report_to":"cf-nel","max_age":604800}', 'Server': 'cloudflare', 'CF-RAY': '8afa9f4d0a7e7ff3-IAD', 'alt-svc': 'h3=":443"; ma=86400'} 
 body={"results":[{"gender":"female","name":{"title":"Mrs","first":"Shravya","last":"Keshri"},"location":{"street":{"number":7134,"name":"Dadabhai Naoroji Rd"},"city":"Mau","state":"Kerala","country":"India","postcode":76460,"coordinates":{"latitude":"10.6322","longitude":"56.0763"},"timezone":{"offset":"+3:00","description":"Baghdad, Riyadh, Moscow, St. Petersburg"}},"email":"shravya.keshri@example.com","login":{"uuid":"c689b498-b5e9-46dd-ab05-65bd6414314c","username":"greenkoala431","password":"987456","salt":"u4MxZ1zR","md5":"954608817716e1733e84efff83063cd3","sha1":"af0c81a1988014213cee2cf1333e161e063367cd","sha256":"0294da494cdf93a213b4a1b1f6d45a01c0f44a8d304888a8c08e478131b8dcf6"},"dob":{"date":"1986-09-12T17:01:31.237Z","age":37},"registered":{"date":"2018-12-30T15:51:16.863Z","age":5},"phone":"7121127073","cell":"7603221126","id":{"name":"UIDAI","value":"712718395834"},"picture":{"large":"https://randomuser.me/api/portraits/women/37.jpg","medium":"https://randomuser.me/api/portraits/med/women/37.jpg","thumbnail":"https://randomuser.me/api/portraits/thumb/women/37.jpg"},"nat":"IN"}],"info":{"seed":"04753985ebe84ccb","results":1,"page":1,"version":"1.4"}} 
 </msg>
<msg time="2024-08-07T22:14:55.132411" level="INFO">/opt/hostedtoolcache/Python/3.12.4/x64/lib/python3.12/site-packages/urllib3/connectionpool.py:1099: InsecureRequestWarning: Unverified HTTPS request is being made to host 'randomuser.me'. Adding certificate verification is strongly advised. See: https://urllib3.readthedocs.io/en/latest/advanced-usage.html#tls-warnings
  warnings.warn(</msg>
<msg time="2024-08-07T22:14:55.132564" level="INFO">${response} = &lt;Response [200]&gt;</msg>
<var>${response}</var>
<arg>consultarAPI</arg>
<arg>/api</arg>
<doc>Sends a GET request on a previously created HTTP Session.</doc>
<status status="PASS" start="2024-08-07T22:14:54.238616" elapsed="0.893977"/>
</kw>
<kw name="Set Variable" owner="BuiltIn">
<msg time="2024-08-07T22:14:55.133666" level="INFO">${json_data} = {'results': [{'gender': 'female', 'name': {'title': 'Mrs', 'first': 'Shravya', 'last': 'Keshri'}, 'location': {'street': {'number': 7134, 'name': 'Dadabhai Naoroji Rd'}, 'city': 'Mau', 'state': 'Keral...</msg>
<var>${json_data}</var>
<arg>${response.json()}</arg>
<doc>Returns the given values which can then be assigned to a variables.</doc>
<status status="PASS" start="2024-08-07T22:14:55.133144" elapsed="0.000550"/>
</kw>
<kw name="Log" owner="BuiltIn">
<msg time="2024-08-07T22:14:55.134163" level="INFO">{'results': [{'gender': 'female', 'name': {'title': 'Mrs', 'first': 'Shravya', 'last': 'Keshri'}, 'location': {'street': {'number': 7134, 'name': 'Dadabhai Naoroji Rd'}, 'city': 'Mau', 'state': 'Kerala', 'country': 'India', 'postcode': 76460, 'coordinates': {'latitude': '10.6322', 'longitude': '56.0763'}, 'timezone': {'offset': '+3:00', 'description': 'Baghdad, Riyadh, Moscow, St. Petersburg'}}, 'email': 'shravya.keshri@example.com', 'login': {'uuid': 'c689b498-b5e9-46dd-ab05-65bd6414314c', 'username': 'greenkoala431', 'password': '987456', 'salt': 'u4MxZ1zR', 'md5': '954608817716e1733e84efff83063cd3', 'sha1': 'af0c81a1988014213cee2cf1333e161e063367cd', 'sha256': '0294da494cdf93a213b4a1b1f6d45a01c0f44a8d304888a8c08e478131b8dcf6'}, 'dob': {'date': '1986-09-12T17:01:31.237Z', 'age': 37}, 'registered': {'date': '2018-12-30T15:51:16.863Z', 'age': 5}, 'phone': '7121127073', 'cell': '7603221126', 'id': {'name': 'UIDAI', 'value': '712718395834'}, 'picture': {'large': 'https://randomuser.me/api/portraits/women/37.jpg', 'medium': 'https://randomuser.me/api/portraits/med/women/37.jpg', 'thumbnail': 'https://randomuser.me/api/portraits/thumb/women/37.jpg'}, 'nat': 'IN'}], 'info': {'seed': '04753985ebe84ccb', 'results': 1, 'page': 1, 'version': '1.4'}}</msg>
<arg>${json_data}</arg>
<doc>Logs the given message with the given level.</doc>
<status status="PASS" start="2024-08-07T22:14:55.134004" elapsed="0.000206"/>
</kw>
<kw name="Dictionary Should Contain Key" owner="Collections">
<arg>${json_data}</arg>
<arg>results</arg>
<doc>Fails if ``key`` is not found from ``dictionary``.</doc>
<status status="PASS" start="2024-08-07T22:14:55.134499" elapsed="0.000161"/>
</kw>
<kw name="Should Not Be Empty" owner="BuiltIn">
<msg time="2024-08-07T22:14:55.134965" level="INFO">Length is 2.</msg>
<arg>${json_data}</arg>
<doc>Verifies that the given item is not empty.</doc>
<status status="PASS" start="2024-08-07T22:14:55.134842" elapsed="0.000160"/>
</kw>
<kw name="Create List" owner="BuiltIn">
<msg time="2024-08-07T22:14:55.135447" level="INFO">${expected_keys} = ['gender', 'name', 'location', 'email', 'login']</msg>
<var>${expected_keys}</var>
<arg>gender</arg>
<arg>name</arg>
<arg>location</arg>
<arg>email</arg>
<arg>login</arg>
<doc>Returns a list containing given items.</doc>
<status status="PASS" start="2024-08-07T22:14:55.135288" elapsed="0.000185"/>
</kw>
<for flavor="IN">
<iter>
<kw name="Dictionary Should Contain Key" owner="Collections">
<arg>${json_data['results'][0]}</arg>
<arg>${key}</arg>
<doc>Fails if ``key`` is not found from ``dictionary``.</doc>
<status status="PASS" start="2024-08-07T22:14:55.136069" elapsed="0.000414"/>
</kw>
<kw name="Log" owner="BuiltIn">
<msg time="2024-08-07T22:14:55.137083" level="INFO">{'gender': 'female', 'name': {'title': 'Mrs', 'first': 'Shravya', 'last': 'Keshri'}, 'location': {'street': {'number': 7134, 'name': 'Dadabhai Naoroji Rd'}, 'city': 'Mau', 'state': 'Kerala', 'country': 'India', 'postcode': 76460, 'coordinates': {'latitude': '10.6322', 'longitude': '56.0763'}, 'timezone': {'offset': '+3:00', 'description': 'Baghdad, Riyadh, Moscow, St. Petersburg'}}, 'email': 'shravya.keshri@example.com', 'login': {'uuid': 'c689b498-b5e9-46dd-ab05-65bd6414314c', 'username': 'greenkoala431', 'password': '987456', 'salt': 'u4MxZ1zR', 'md5': '954608817716e1733e84efff83063cd3', 'sha1': 'af0c81a1988014213cee2cf1333e161e063367cd', 'sha256': '0294da494cdf93a213b4a1b1f6d45a01c0f44a8d304888a8c08e478131b8dcf6'}, 'dob': {'date': '1986-09-12T17:01:31.237Z', 'age': 37}, 'registered': {'date': '2018-12-30T15:51:16.863Z', 'age': 5}, 'phone': '7121127073', 'cell': '7603221126', 'id': {'name': 'UIDAI', 'value': '712718395834'}, 'picture': {'large': 'https://randomuser.me/api/portraits/women/37.jpg', 'medium': 'https://randomuser.me/api/portraits/med/women/37.jpg', 'thumbnail': 'https://randomuser.me/api/portraits/thumb/women/37.jpg'}, 'nat': 'IN'}</msg>
<arg>${json_data['results'][0]}</arg>
<doc>Logs the given message with the given level.</doc>
<status status="PASS" start="2024-08-07T22:14:55.136720" elapsed="0.000421"/>
</kw>
<kw name="Log" owner="BuiltIn">
<msg time="2024-08-07T22:14:55.137568" level="INFO">gender</msg>
<arg>${key}</arg>
<doc>Logs the given message with the given level.</doc>
<status status="PASS" start="2024-08-07T22:14:55.137437" elapsed="0.000170"/>
</kw>
<var name="${key}">gender</var>
<status status="PASS" start="2024-08-07T22:14:55.135943" elapsed="0.001897"/>
</iter>
<iter>
<kw name="Dictionary Should Contain Key" owner="Collections">
<arg>${json_data['results'][0]}</arg>
<arg>${key}</arg>
<doc>Fails if ``key`` is not found from ``dictionary``.</doc>
<status status="PASS" start="2024-08-07T22:14:55.138140" elapsed="0.000398"/>
</kw>
<kw name="Log" owner="BuiltIn">
<msg time="2024-08-07T22:14:55.139076" level="INFO">{'gender': 'female', 'name': {'title': 'Mrs', 'first': 'Shravya', 'last': 'Keshri'}, 'location': {'street': {'number': 7134, 'name': 'Dadabhai Naoroji Rd'}, 'city': 'Mau', 'state': 'Kerala', 'country': 'India', 'postcode': 76460, 'coordinates': {'latitude': '10.6322', 'longitude': '56.0763'}, 'timezone': {'offset': '+3:00', 'description': 'Baghdad, Riyadh, Moscow, St. Petersburg'}}, 'email': 'shravya.keshri@example.com', 'login': {'uuid': 'c689b498-b5e9-46dd-ab05-65bd6414314c', 'username': 'greenkoala431', 'password': '987456', 'salt': 'u4MxZ1zR', 'md5': '954608817716e1733e84efff83063cd3', 'sha1': 'af0c81a1988014213cee2cf1333e161e063367cd', 'sha256': '0294da494cdf93a213b4a1b1f6d45a01c0f44a8d304888a8c08e478131b8dcf6'}, 'dob': {'date': '1986-09-12T17:01:31.237Z', 'age': 37}, 'registered': {'date': '2018-12-30T15:51:16.863Z', 'age': 5}, 'phone': '7121127073', 'cell': '7603221126', 'id': {'name': 'UIDAI', 'value': '712718395834'}, 'picture': {'large': 'https://randomuser.me/api/portraits/women/37.jpg', 'medium': 'https://randomuser.me/api/portraits/med/women/37.jpg', 'thumbnail': 'https://randomuser.me/api/portraits/thumb/women/37.jpg'}, 'nat': 'IN'}</msg>
<arg>${json_data['results'][0]}</arg>
<doc>Logs the given message with the given level.</doc>
<status status="PASS" start="2024-08-07T22:14:55.138722" elapsed="0.000437"/>
</kw>
<kw name="Log" owner="BuiltIn">
<msg time="2024-08-07T22:14:55.139588" level="INFO">name</msg>
<arg>${key}</arg>
<doc>Logs the given message with the given level.</doc>
<status status="PASS" start="2024-08-07T22:14:55.139458" elapsed="0.000168"/>
</kw>
<var name="${key}">name</var>
<status status="PASS" start="2024-08-07T22:14:55.138024" elapsed="0.001819"/>
</iter>
<iter>
<kw name="Dictionary Should Contain Key" owner="Collections">
<arg>${json_data['results'][0]}</arg>
<arg>${key}</arg>
<doc>Fails if ``key`` is not found from ``dictionary``.</doc>
<status status="PASS" start="2024-08-07T22:14:55.140127" elapsed="0.000382"/>
</kw>
<kw name="Log" owner="BuiltIn">
<msg time="2024-08-07T22:14:55.141082" level="INFO">{'gender': 'female', 'name': {'title': 'Mrs', 'first': 'Shravya', 'last': 'Keshri'}, 'location': {'street': {'number': 7134, 'name': 'Dadabhai Naoroji Rd'}, 'city': 'Mau', 'state': 'Kerala', 'country': 'India', 'postcode': 76460, 'coordinates': {'latitude': '10.6322', 'longitude': '56.0763'}, 'timezone': {'offset': '+3:00', 'description': 'Baghdad, Riyadh, Moscow, St. Petersburg'}}, 'email': 'shravya.keshri@example.com', 'login': {'uuid': 'c689b498-b5e9-46dd-ab05-65bd6414314c', 'username': 'greenkoala431', 'password': '987456', 'salt': 'u4MxZ1zR', 'md5': '954608817716e1733e84efff83063cd3', 'sha1': 'af0c81a1988014213cee2cf1333e161e063367cd', 'sha256': '0294da494cdf93a213b4a1b1f6d45a01c0f44a8d304888a8c08e478131b8dcf6'}, 'dob': {'date': '1986-09-12T17:01:31.237Z', 'age': 37}, 'registered': {'date': '2018-12-30T15:51:16.863Z', 'age': 5}, 'phone': '7121127073', 'cell': '7603221126', 'id': {'name': 'UIDAI', 'value': '712718395834'}, 'picture': {'large': 'https://randomuser.me/api/portraits/women/37.jpg', 'medium': 'https://randomuser.me/api/portraits/med/women/37.jpg', 'thumbnail': 'https://randomuser.me/api/portraits/thumb/women/37.jpg'}, 'nat': 'IN'}</msg>
<arg>${json_data['results'][0]}</arg>
<doc>Logs the given message with the given level.</doc>
<status status="PASS" start="2024-08-07T22:14:55.140726" elapsed="0.000402"/>
</kw>
<kw name="Log" owner="BuiltIn">
<msg time="2024-08-07T22:14:55.141572" level="INFO">location</msg>
<arg>${key}</arg>
<doc>Logs the given message with the given level.</doc>
<status status="PASS" start="2024-08-07T22:14:55.141439" elapsed="0.000170"/>
</kw>
<var name="${key}">location</var>
<status status="PASS" start="2024-08-07T22:14:55.140018" elapsed="0.001810"/>
</iter>
<iter>
<kw name="Dictionary Should Contain Key" owner="Collections">
<arg>${json_data['results'][0]}</arg>
<arg>${key}</arg>
<doc>Fails if ``key`` is not found from ``dictionary``.</doc>
<status status="PASS" start="2024-08-07T22:14:55.142108" elapsed="0.000391"/>
</kw>
<kw name="Log" owner="BuiltIn">
<msg time="2024-08-07T22:14:55.143159" level="INFO">{'gender': 'female', 'name': {'title': 'Mrs', 'first': 'Shravya', 'last': 'Keshri'}, 'location': {'street': {'number': 7134, 'name': 'Dadabhai Naoroji Rd'}, 'city': 'Mau', 'state': 'Kerala', 'country': 'India', 'postcode': 76460, 'coordinates': {'latitude': '10.6322', 'longitude': '56.0763'}, 'timezone': {'offset': '+3:00', 'description': 'Baghdad, Riyadh, Moscow, St. Petersburg'}}, 'email': 'shravya.keshri@example.com', 'login': {'uuid': 'c689b498-b5e9-46dd-ab05-65bd6414314c', 'username': 'greenkoala431', 'password': '987456', 'salt': 'u4MxZ1zR', 'md5': '954608817716e1733e84efff83063cd3', 'sha1': 'af0c81a1988014213cee2cf1333e161e063367cd', 'sha256': '0294da494cdf93a213b4a1b1f6d45a01c0f44a8d304888a8c08e478131b8dcf6'}, 'dob': {'date': '1986-09-12T17:01:31.237Z', 'age': 37}, 'registered': {'date': '2018-12-30T15:51:16.863Z', 'age': 5}, 'phone': '7121127073', 'cell': '7603221126', 'id': {'name': 'UIDAI', 'value': '712718395834'}, 'picture': {'large': 'https://randomuser.me/api/portraits/women/37.jpg', 'medium': 'https://randomuser.me/api/portraits/med/women/37.jpg', 'thumbnail': 'https://randomuser.me/api/portraits/thumb/women/37.jpg'}, 'nat': 'IN'}</msg>
<arg>${json_data['results'][0]}</arg>
<doc>Logs the given message with the given level.</doc>
<status status="PASS" start="2024-08-07T22:14:55.142803" elapsed="0.000403"/>
</kw>
<kw name="Log" owner="BuiltIn">
<msg time="2024-08-07T22:14:55.143634" level="INFO">email</msg>
<arg>${key}</arg>
<doc>Logs the given message with the given level.</doc>
<status status="PASS" start="2024-08-07T22:14:55.143504" elapsed="0.000169"/>
</kw>
<var name="${key}">email</var>
<status status="PASS" start="2024-08-07T22:14:55.141998" elapsed="0.001894"/>
</iter>
<iter>
<kw name="Dictionary Should Contain Key" owner="Collections">
<arg>${json_data['results'][0]}</arg>
<arg>${key}</arg>
<doc>Fails if ``key`` is not found from ``dictionary``.</doc>
<status status="PASS" start="2024-08-07T22:14:55.144176" elapsed="0.000409"/>
</kw>
<kw name="Log" owner="BuiltIn">
<msg time="2024-08-07T22:14:55.145123" level="INFO">{'gender': 'female', 'name': {'title': 'Mrs', 'first': 'Shravya', 'last': 'Keshri'}, 'location': {'street': {'number': 7134, 'name': 'Dadabhai Naoroji Rd'}, 'city': 'Mau', 'state': 'Kerala', 'country': 'India', 'postcode': 76460, 'coordinates': {'latitude': '10.6322', 'longitude': '56.0763'}, 'timezone': {'offset': '+3:00', 'description': 'Baghdad, Riyadh, Moscow, St. Petersburg'}}, 'email': 'shravya.keshri@example.com', 'login': {'uuid': 'c689b498-b5e9-46dd-ab05-65bd6414314c', 'username': 'greenkoala431', 'password': '987456', 'salt': 'u4MxZ1zR', 'md5': '954608817716e1733e84efff83063cd3', 'sha1': 'af0c81a1988014213cee2cf1333e161e063367cd', 'sha256': '0294da494cdf93a213b4a1b1f6d45a01c0f44a8d304888a8c08e478131b8dcf6'}, 'dob': {'date': '1986-09-12T17:01:31.237Z', 'age': 37}, 'registered': {'date': '2018-12-30T15:51:16.863Z', 'age': 5}, 'phone': '7121127073', 'cell': '7603221126', 'id': {'name': 'UIDAI', 'value': '712718395834'}, 'picture': {'large': 'https://randomuser.me/api/portraits/women/37.jpg', 'medium': 'https://randomuser.me/api/portraits/med/women/37.jpg', 'thumbnail': 'https://randomuser.me/api/portraits/thumb/women/37.jpg'}, 'nat': 'IN'}</msg>
<arg>${json_data['results'][0]}</arg>
<doc>Logs the given message with the given level.</doc>
<status status="PASS" start="2024-08-07T22:14:55.144776" elapsed="0.000394"/>
</kw>
<kw name="Log" owner="BuiltIn">
<msg time="2024-08-07T22:14:55.145591" level="INFO">login</msg>
<arg>${key}</arg>
<doc>Logs the given message with the given level.</doc>
<status status="PASS" start="2024-08-07T22:14:55.145464" elapsed="0.000164"/>
</kw>
<var name="${key}">login</var>
<status status="PASS" start="2024-08-07T22:14:55.144068" elapsed="0.001780"/>
</iter>
<var>${key}</var>
<value>@{expected_keys}</value>
<status status="PASS" start="2024-08-07T22:14:55.135740" elapsed="0.010229"/>
</for>
<kw name="Create List" owner="BuiltIn">
<msg time="2024-08-07T22:14:55.146297" level="INFO">${expected_keysTwo} = ['username', 'password']</msg>
<var>${expected_keysTwo}</var>
<arg>username</arg>
<arg>password</arg>
<doc>Returns a list containing given items.</doc>
<status status="PASS" start="2024-08-07T22:14:55.146161" elapsed="0.000193"/>
</kw>
<for flavor="IN">
<iter>
<kw name="Dictionary Should Contain Key" owner="Collections">
<arg>${json_data['results'][0]['login']}</arg>
<arg>${keyTwo}</arg>
<doc>Fails if ``key`` is not found from ``dictionary``.</doc>
<status status="PASS" start="2024-08-07T22:14:55.146861" elapsed="0.000394"/>
</kw>
<kw name="Dictionary Should Contain Key" owner="Collections">
<arg>${json_data['results'][0]['login']}</arg>
<arg>${keyTwo}</arg>
<doc>Fails if ``key`` is not found from ``dictionary``.</doc>
<status status="PASS" start="2024-08-07T22:14:55.147436" elapsed="0.000380"/>
</kw>
<kw name="Log" owner="BuiltIn">
<msg time="2024-08-07T22:14:55.148121" level="INFO">username</msg>
<arg>${keyTwo}</arg>
<doc>Logs the given message with the given level.</doc>
<status status="PASS" start="2024-08-07T22:14:55.147999" elapsed="0.000159"/>
</kw>
<var name="${keyTwo}">username</var>
<status status="PASS" start="2024-08-07T22:14:55.146753" elapsed="0.001624"/>
</iter>
<iter>
<kw name="Dictionary Should Contain Key" owner="Collections">
<arg>${json_data['results'][0]['login']}</arg>
<arg>${keyTwo}</arg>
<doc>Fails if ``key`` is not found from ``dictionary``.</doc>
<status status="PASS" start="2024-08-07T22:14:55.148686" elapsed="0.000382"/>
</kw>
<kw name="Dictionary Should Contain Key" owner="Collections">
<arg>${json_data['results'][0]['login']}</arg>
<arg>${keyTwo}</arg>
<doc>Fails if ``key`` is not found from ``dictionary``.</doc>
<status status="PASS" start="2024-08-07T22:14:55.149244" elapsed="0.000377"/>
</kw>
<kw name="Log" owner="BuiltIn">
<msg time="2024-08-07T22:14:55.149915" level="INFO">password</msg>
<arg>${keyTwo}</arg>
<doc>Logs the given message with the given level.</doc>
<status status="PASS" start="2024-08-07T22:14:55.149795" elapsed="0.000157"/>
</kw>
<var name="${keyTwo}">password</var>
<status status="PASS" start="2024-08-07T22:14:55.148572" elapsed="0.001605"/>
</iter>
<var>${keyTwo}</var>
<value>@{expected_keysTwo}</value>
<status status="PASS" start="2024-08-07T22:14:55.146599" elapsed="0.003700"/>
</for>
<status status="PASS" start="2024-08-07T22:14:54.238379" elapsed="0.912065"/>
</kw>
<doc>Testa a estrutura da resposta da API.</doc>
<tag>testeEstruturaResposta</tag>
<status status="PASS" start="2024-08-07T22:14:54.237825" elapsed="0.912778"/>
</test>
<test id="s1-s1-t4" name="Validar tipos de dados" line="28">
<kw name="Teste de Tipos de Dados" owner="random-user-service">
<kw name="GET On Session" owner="RequestsLibrary">
<msg time="2024-08-07T22:14:55.539339" level="INFO">GET Request : url=https://randomuser.me/api 
 path_url=/api 
 headers={'User-Agent': 'python-requests/2.32.3', 'Accept-Encoding': 'gzip, deflate', 'Accept': '*/*', 'Connection': 'keep-alive'} 
 body=None 
 </msg>
<msg time="2024-08-07T22:14:55.539451" level="INFO">GET Response : url=https://randomuser.me/api 
 status=200, reason=OK 
 headers={'Date': 'Wed, 07 Aug 2024 22:14:55 GMT', 'Content-Type': 'application/json; charset=utf-8', 'Transfer-Encoding': 'chunked', 'Connection': 'keep-alive', 'X-Powered-By': 'Express', 'Access-Control-Allow-Origin': '*', 'Cache-Control': 'no-cache', 'ETag': 'W/"480-gWITgWEyy9N8+mvwChJesknabO8"', 'Vary': 'Accept-Encoding', 'Content-Encoding': 'gzip', 'CF-Cache-Status': 'DYNAMIC', 'Report-To': '{"endpoints":[{"url":"https:\\/\\/a.nel.cloudflare.com\\/report\\/v4?s=%2FOEqpKBdmskBAEWfXirm6QXpaZO1HQJPBkRNxnqxBXh5EWqXjx5biY9MwpdBHEI8qB4v1MDvbYv7YrpEKBrUkUQdbmc8VLF5IE3RjyVdWljVSNRdw6jMb%2B0lVIm6WxfG"}],"group":"cf-nel","max_age":604800}', 'NEL': '{"success_fraction":0,"report_to":"cf-nel","max_age":604800}', 'Server': 'cloudflare', 'CF-RAY': '8afa9f52b8507ff3-IAD', 'alt-svc': 'h3=":443"; ma=86400'} 
 body={"results":[{"gender":"male","name":{"title":"Mr","first":"Blagovid","last":"Turula"},"location":{"street":{"number":8760,"name":"Zhovkivska"},"city":"Vuglegirsk","state":"Ivano-Frankivska","country":"Ukraine","postcode":53889,"coordinates":{"latitude":"74.9347","longitude":"-63.5387"},"timezone":{"offset":"-11:00","description":"Midway Island, Samoa"}},"email":"blagovid.turula@example.com","login":{"uuid":"1d0e5357-5de1-4a8a-9daa-22bd608d162e","username":"redostrich249","password":"snake1","salt":"v25ePIQw","md5":"836b6d3cbfb43f824f045acff8951519","sha1":"578006f67ec9d888c5384c1f986e43132b29047b","sha256":"c5364e348621c97dc7625d029bcb4a04a4e695ae1d7ac2c88654ea742cee2a8b"},"dob":{"date":"1952-10-10T01:31:03.732Z","age":71},"registered":{"date":"2017-02-10T08:11:31.256Z","age":7},"phone":"(068) B58-1418","cell":"(068) Y65-7765","id":{"name":"","value":null},"picture":{"large":"https://randomuser.me/api/portraits/men/82.jpg","medium":"https://randomuser.me/api/portraits/med/men/82.jpg","thumbnail":"https://randomuser.me/api/portraits/thumb/men/82.jpg"},"nat":"UA"}],"info":{"seed":"3d98396e3a581708","results":1,"page":1,"version":"1.4"}} 
 </msg>
<msg time="2024-08-07T22:14:55.539533" level="INFO">/opt/hostedtoolcache/Python/3.12.4/x64/lib/python3.12/site-packages/urllib3/connectionpool.py:1099: InsecureRequestWarning: Unverified HTTPS request is being made to host 'randomuser.me'. Adding certificate verification is strongly advised. See: https://urllib3.readthedocs.io/en/latest/advanced-usage.html#tls-warnings
  warnings.warn(</msg>
<msg time="2024-08-07T22:14:55.539665" level="INFO">${response} = &lt;Response [200]&gt;</msg>
<var>${response}</var>
<arg>consultarAPI</arg>
<arg>/api</arg>
<doc>Sends a GET request on a previously created HTTP Session.</doc>
<status status="PASS" start="2024-08-07T22:14:55.153167" elapsed="0.386539"/>
</kw>
<kw name="Set Variable" owner="BuiltIn">
<msg time="2024-08-07T22:14:55.540789" level="INFO">${json_data} = {'results': [{'gender': 'male', 'name': {'title': 'Mr', 'first': 'Blagovid', 'last': 'Turula'}, 'location': {'street': {'number': 8760, 'name': 'Zhovkivska'}, 'city': 'Vuglegirsk', 'state': 'Ivano-Fra...</msg>
<var>${json_data}</var>
<arg>${response.json()}</arg>
<doc>Returns the given values which can then be assigned to a variables.</doc>
<status status="PASS" start="2024-08-07T22:14:55.540232" elapsed="0.000584"/>
</kw>
<kw name="Log" owner="BuiltIn">
<msg time="2024-08-07T22:14:55.541282" level="INFO">{'results': [{'gender': 'male', 'name': {'title': 'Mr', 'first': 'Blagovid', 'last': 'Turula'}, 'location': {'street': {'number': 8760, 'name': 'Zhovkivska'}, 'city': 'Vuglegirsk', 'state': 'Ivano-Frankivska', 'country': 'Ukraine', 'postcode': 53889, 'coordinates': {'latitude': '74.9347', 'longitude': '-63.5387'}, 'timezone': {'offset': '-11:00', 'description': 'Midway Island, Samoa'}}, 'email': 'blagovid.turula@example.com', 'login': {'uuid': '1d0e5357-5de1-4a8a-9daa-22bd608d162e', 'username': 'redostrich249', 'password': 'snake1', 'salt': 'v25ePIQw', 'md5': '836b6d3cbfb43f824f045acff8951519', 'sha1': '578006f67ec9d888c5384c1f986e43132b29047b', 'sha256': 'c5364e348621c97dc7625d029bcb4a04a4e695ae1d7ac2c88654ea742cee2a8b'}, 'dob': {'date': '1952-10-10T01:31:03.732Z', 'age': 71}, 'registered': {'date': '2017-02-10T08:11:31.256Z', 'age': 7}, 'phone': '(068) B58-1418', 'cell': '(068) Y65-7765', 'id': {'name': '', 'value': None}, 'picture': {'large': 'https://randomuser.me/api/portraits/men/82.jpg', 'medium': 'https://randomuser.me/api/portraits/med/men/82.jpg', 'thumbnail': 'https://randomuser.me/api/portraits/thumb/men/82.jpg'}, 'nat': 'UA'}], 'info': {'seed': '3d98396e3a581708', 'results': 1, 'page': 1, 'version': '1.4'}}</msg>
<arg>${json_data}</arg>
<doc>Logs the given message with the given level.</doc>
<status status="PASS" start="2024-08-07T22:14:55.541125" elapsed="0.000202"/>
</kw>
<kw name="Should Be String" owner="String">
<arg>${json_data['results'][0]['gender']}</arg>
<doc>Fails if the given ``item`` is not a string.</doc>
<status status="PASS" start="2024-08-07T22:14:55.541617" elapsed="0.000362"/>
</kw>
<kw name="Should Match Regexp" owner="BuiltIn">
<arg>${json_data['results'][0]['email']}</arg>
<arg>^[a-zA-Z0-9._%+-]+@[a-zA-Z0-9.-]+\.[a-zA-Z]{2,}$</arg>
<doc>Fails if ``string`` does not match ``pattern`` as a regular expression.</doc>
<status status="PASS" start="2024-08-07T22:14:55.542170" elapsed="0.000519"/>
</kw>
<kw name="Should Match Regexp" owner="BuiltIn">
<arg>${json_data['results'][0]['dob']['date']}</arg>
<arg>\\d{4}-\\d{2}-\\d{2}T\\d{2}:\\d{2}:\\d{2}\\.\\d{3}Z</arg>
<doc>Fails if ``string`` does not match ``pattern`` as a regular expression.</doc>
<status status="PASS" start="2024-08-07T22:14:55.542920" elapsed="0.000642"/>
</kw>
<kw name="Should Match Regexp" owner="BuiltIn">
<arg>${json_data['results'][0]['registered']['date']}</arg>
<arg>\\d{4}-\\d{2}-\\d{2}T\\d{2}:\\d{2}:\\d{2}\\.\\d{3}Z</arg>
<doc>Fails if ``string`` does not match ``pattern`` as a regular expression.</doc>
<status status="PASS" start="2024-08-07T22:14:55.543753" elapsed="0.000379"/>
</kw>
<kw name="Should Match Regexp" owner="BuiltIn">
<arg>${json_data['results'][0]['picture']['large']}</arg>
<arg>^https?://.*\.(?:png|jpe?g|gif|bmp)$</arg>
<doc>Fails if ``string`` does not match ``pattern`` as a regular expression.</doc>
<status status="PASS" start="2024-08-07T22:14:55.544316" elapsed="0.000508"/>
</kw>
<kw name="Should Match Regexp" owner="BuiltIn">
<arg>${json_data['results'][0]['picture']['medium']}</arg>
<arg>^https?://.*\.(?:png|jpe?g|gif|bmp)$</arg>
<doc>Fails if ``string`` does not match ``pattern`` as a regular expression.</doc>
<status status="PASS" start="2024-08-07T22:14:55.545014" elapsed="0.000357"/>
</kw>
<kw name="Should Match Regexp" owner="BuiltIn">
<arg>${json_data['results'][0]['picture']['thumbnail']}</arg>
<arg>^https?://.*\.(?:png|jpe?g|gif|bmp)$</arg>
<doc>Fails if ``string`` does not match ``pattern`` as a regular expression.</doc>
<status status="PASS" start="2024-08-07T22:14:55.545553" elapsed="0.000350"/>
</kw>
<kw name="Log" owner="BuiltIn">
<msg time="2024-08-07T22:14:55.546404" level="INFO">{'large': 'https://randomuser.me/api/portraits/men/82.jpg', 'medium': 'https://randomuser.me/api/portraits/med/men/82.jpg', 'thumbnail': 'https://randomuser.me/api/portraits/thumb/men/82.jpg'}</msg>
<arg>${json_data['results'][0]['picture']}</arg>
<doc>Logs the given message with the given level.</doc>
<status status="PASS" start="2024-08-07T22:14:55.546082" elapsed="0.000365"/>
</kw>
<status status="PASS" start="2024-08-07T22:14:55.152933" elapsed="0.393772"/>
</kw>
<kw name="Teste de Tipos de Dados - Postcode" owner="random-user-service">
<kw name="GET On Session" owner="RequestsLibrary">
<msg time="2024-08-07T22:14:55.974471" level="INFO">GET Request : url=https://randomuser.me/api 
 path_url=/api 
 headers={'User-Agent': 'python-requests/2.32.3', 'Accept-Encoding': 'gzip, deflate', 'Accept': '*/*', 'Connection': 'keep-alive'} 
 body=None 
 </msg>
<msg time="2024-08-07T22:14:55.974573" level="INFO">GET Response : url=https://randomuser.me/api 
 status=200, reason=OK 
 headers={'Date': 'Wed, 07 Aug 2024 22:14:55 GMT', 'Content-Type': 'application/json; charset=utf-8', 'Transfer-Encoding': 'chunked', 'Connection': 'keep-alive', 'X-Powered-By': 'Express', 'Access-Control-Allow-Origin': '*', 'Cache-Control': 'no-cache', 'ETag': 'W/"493-TR2rBsBowCXna6HGNGCglSPLXi8"', 'Vary': 'Accept-Encoding', 'Content-Encoding': 'gzip', 'CF-Cache-Status': 'DYNAMIC', 'Report-To': '{"endpoints":[{"url":"https:\\/\\/a.nel.cloudflare.com\\/report\\/v4?s=yng2gsCS0M10Z16%2BuY1sudf44FaJf6VT6V9KM5vYPBZ90kOUU1ytRiZbuDwE6VByEtUrrc6P0%2F%2BF9ym8YBzbnkj7Tza4neIW5OLen%2FrKdoKx9PhWq9IJ%2BdN%2BbwNkbuva"}],"group":"cf-nel","max_age":604800}', 'NEL': '{"success_fraction":0,"report_to":"cf-nel","max_age":604800}', 'Server': 'cloudflare', 'CF-RAY': '8afa9f553ad97ff3-IAD', 'alt-svc': 'h3=":443"; ma=86400'} 
 body={"results":[{"gender":"female","name":{"title":"Ms","first":"Emma","last":"Niemi"},"location":{"street":{"number":8794,"name":"Hermiankatu"},"city":"Ii","state":"Finland Proper","country":"Finland","postcode":56650,"coordinates":{"latitude":"-23.3320","longitude":"60.8746"},"timezone":{"offset":"-6:00","description":"Central Time (US &amp; Canada), Mexico City"}},"email":"emma.niemi@example.com","login":{"uuid":"3ad3e221-807b-4edb-8608-5ba5a1ee4532","username":"lazygoose737","password":"0123","salt":"aBS6ZQGy","md5":"cf473fbca9218384020555dd97b51840","sha1":"edf776f49d8bbdbed2395aa4cf398e2c081ba123","sha256":"d9eab965f65582a6bf2197a8a8145d0ea11e0a1d97fb0229682c9ad1365ba4b5"},"dob":{"date":"1981-10-26T23:47:24.885Z","age":42},"registered":{"date":"2008-12-17T23:47:02.975Z","age":15},"phone":"02-882-321","cell":"043-430-24-21","id":{"name":"HETU","value":"NaNNA082undefined"},"picture":{"large":"https://randomuser.me/api/portraits/women/64.jpg","medium":"https://randomuser.me/api/portraits/med/women/64.jpg","thumbnail":"https://randomuser.me/api/portraits/thumb/women/64.jpg"},"nat":"FI"}],"info":{"seed":"5057c02c0f0ef163","results":1,"page":1,"version":"1.4"}} 
 </msg>
<msg time="2024-08-07T22:14:55.974648" level="INFO">/opt/hostedtoolcache/Python/3.12.4/x64/lib/python3.12/site-packages/urllib3/connectionpool.py:1099: InsecureRequestWarning: Unverified HTTPS request is being made to host 'randomuser.me'. Adding certificate verification is strongly advised. See: https://urllib3.readthedocs.io/en/latest/advanced-usage.html#tls-warnings
  warnings.warn(</msg>
<msg time="2024-08-07T22:14:55.974767" level="INFO">${response} = &lt;Response [200]&gt;</msg>
<var>${response}</var>
<arg>consultarAPI</arg>
<arg>/api</arg>
<doc>Sends a GET request on a previously created HTTP Session.</doc>
<status status="PASS" start="2024-08-07T22:14:55.547154" elapsed="0.427658"/>
</kw>
<kw name="Set Variable" owner="BuiltIn">
<msg time="2024-08-07T22:14:55.975860" level="INFO">${json_data} = {'results': [{'gender': 'female', 'name': {'title': 'Ms', 'first': 'Emma', 'last': 'Niemi'}, 'location': {'street': {'number': 8794, 'name': 'Hermiankatu'}, 'city': 'Ii', 'state': 'Finland Proper', 'c...</msg>
<var>${json_data}</var>
<arg>${response.json()}</arg>
<doc>Returns the given values which can then be assigned to a variables.</doc>
<status status="PASS" start="2024-08-07T22:14:55.975338" elapsed="0.000551"/>
</kw>
<kw name="Log" owner="BuiltIn">
<msg time="2024-08-07T22:14:55.976348" level="INFO">{'results': [{'gender': 'female', 'name': {'title': 'Ms', 'first': 'Emma', 'last': 'Niemi'}, 'location': {'street': {'number': 8794, 'name': 'Hermiankatu'}, 'city': 'Ii', 'state': 'Finland Proper', 'country': 'Finland', 'postcode': 56650, 'coordinates': {'latitude': '-23.3320', 'longitude': '60.8746'}, 'timezone': {'offset': '-6:00', 'description': 'Central Time (US &amp; Canada), Mexico City'}}, 'email': 'emma.niemi@example.com', 'login': {'uuid': '3ad3e221-807b-4edb-8608-5ba5a1ee4532', 'username': 'lazygoose737', 'password': '0123', 'salt': 'aBS6ZQGy', 'md5': 'cf473fbca9218384020555dd97b51840', 'sha1': 'edf776f49d8bbdbed2395aa4cf398e2c081ba123', 'sha256': 'd9eab965f65582a6bf2197a8a8145d0ea11e0a1d97fb0229682c9ad1365ba4b5'}, 'dob': {'date': '1981-10-26T23:47:24.885Z', 'age': 42}, 'registered': {'date': '2008-12-17T23:47:02.975Z', 'age': 15}, 'phone': '02-882-321', 'cell': '043-430-24-21', 'id': {'name': 'HETU', 'value': 'NaNNA082undefined'}, 'picture': {'large': 'https://randomuser.me/api/portraits/women/64.jpg', 'medium': 'https://randomuser.me/api/portraits/med/women/64.jpg', 'thumbnail': 'https://randomuser.me/api/portraits/thumb/women/64.jpg'}, 'nat': 'FI'}], 'info': {'seed': '5057c02c0f0ef163', 'results': 1, 'page': 1, 'version': '1.4'}}</msg>
<arg>${json_data}</arg>
<doc>Logs the given message with the given level.</doc>
<status status="PASS" start="2024-08-07T22:14:55.976194" elapsed="0.000201"/>
</kw>
<kw name="Should Be Equal As Numbers" owner="BuiltIn">
<arg>${json_data['results'][0]['location']['postcode']}</arg>
<arg>${json_data['results'][0]['location']['postcode']}</arg>
<doc>Fails if objects are unequal after converting them to real numbers.</doc>
<status status="PASS" start="2024-08-07T22:14:55.976733" elapsed="0.000621"/>
</kw>
<kw name="Log" owner="BuiltIn">
<msg time="2024-08-07T22:14:55.977880" level="INFO">56650</msg>
<arg>${json_data['results'][0]['location']['postcode']}</arg>
<doc>Logs the given message with the given level.</doc>
<status status="PASS" start="2024-08-07T22:14:55.977543" elapsed="0.000377"/>
</kw>
<status status="PASS" start="2024-08-07T22:14:55.546930" elapsed="0.431278"/>
</kw>
<doc>Testa se os tipos de dados na resposta da API estão corretos.</doc>
<tag>testeTiposDados</tag>
<status status="PASS" start="2024-08-07T22:14:55.152405" elapsed="0.825977"/>
</test>
<test id="s1-s1-t5" name="Validar conteudo" line="35">
<kw name="Teste de Tipos de Conteudo" owner="random-user-service">
<kw name="GET On Session" owner="RequestsLibrary">
<msg time="2024-08-07T22:14:56.162044" level="INFO">GET Request : url=https://randomuser.me/api 
 path_url=/api 
 headers={'User-Agent': 'python-requests/2.32.3', 'Accept-Encoding': 'gzip, deflate', 'Accept': '*/*', 'Connection': 'keep-alive'} 
 body=None 
 </msg>
<msg time="2024-08-07T22:14:56.162146" level="INFO">GET Response : url=https://randomuser.me/api 
 status=200, reason=OK 
 headers={'Date': 'Wed, 07 Aug 2024 22:14:56 GMT', 'Content-Type': 'application/json; charset=utf-8', 'Transfer-Encoding': 'chunked', 'Connection': 'keep-alive', 'X-Powered-By': 'Express', 'Access-Control-Allow-Origin': '*', 'Cache-Control': 'no-cache', 'ETag': 'W/"490-/8Gmus7tWBbqCl9Ixbgrdapy4gs"', 'Vary': 'Accept-Encoding', 'Content-Encoding': 'gzip', 'CF-Cache-Status': 'DYNAMIC', 'Report-To': '{"endpoints":[{"url":"https:\\/\\/a.nel.cloudflare.com\\/report\\/v4?s=s65C6S7UxkFsncoM2bNFCc%2FrkXOKSoRULwTZnsCFNjmoY5eSG1SpnXQDXJwZSYFR5%2BznkAJCNuIKFuKLazeQsGHZxhdZEA5bYfCNgjnLXBFHiLDqrZzDZJv6bEax2TDg"}],"group":"cf-nel","max_age":604800}', 'NEL': '{"success_fraction":0,"report_to":"cf-nel","max_age":604800}', 'Server': 'cloudflare', 'CF-RAY': '8afa9f57ed6e7ff3-IAD', 'alt-svc': 'h3=":443"; ma=86400'} 
 body={"results":[{"gender":"female","name":{"title":"Mrs","first":"Mikaela","last":"Ringvold"},"location":{"street":{"number":9115,"name":"Siloveien"},"city":"Jelsnes","state":"Sogn og Fjordane","country":"Norway","postcode":"9193","coordinates":{"latitude":"40.5204","longitude":"87.8090"},"timezone":{"offset":"-3:00","description":"Brazil, Buenos Aires, Georgetown"}},"email":"mikaela.ringvold@example.com","login":{"uuid":"aa85eb5b-799d-4e1e-bf3e-de9bb1b78b64","username":"whiteswan894","password":"charles","salt":"MK23e6S8","md5":"001c27338cf8e8d229075d3022886bda","sha1":"a566b175ac23d583ae3b134f646638803adc1fd9","sha256":"18a2eb7673c11abeaa93db285fd8d14c70006fb307ec7b558a0af06af07b6dc3"},"dob":{"date":"1978-10-11T07:30:41.744Z","age":45},"registered":{"date":"2016-11-24T15:44:30.972Z","age":7},"phone":"27457426","cell":"49299715","id":{"name":"FN","value":"11107830687"},"picture":{"large":"https://randomuser.me/api/portraits/women/69.jpg","medium":"https://randomuser.me/api/portraits/med/women/69.jpg","thumbnail":"https://randomuser.me/api/portraits/thumb/women/69.jpg"},"nat":"NO"}],"info":{"seed":"e123804a2f6b6403","results":1,"page":1,"version":"1.4"}} 
 </msg>
<msg time="2024-08-07T22:14:56.162218" level="INFO">/opt/hostedtoolcache/Python/3.12.4/x64/lib/python3.12/site-packages/urllib3/connectionpool.py:1099: InsecureRequestWarning: Unverified HTTPS request is being made to host 'randomuser.me'. Adding certificate verification is strongly advised. See: https://urllib3.readthedocs.io/en/latest/advanced-usage.html#tls-warnings
  warnings.warn(</msg>
<msg time="2024-08-07T22:14:56.162338" level="INFO">${response} = &lt;Response [200]&gt;</msg>
<var>${response}</var>
<arg>consultarAPI</arg>
<arg>/api</arg>
<doc>Sends a GET request on a previously created HTTP Session.</doc>
<status status="PASS" start="2024-08-07T22:14:55.980830" elapsed="0.181536"/>
</kw>
<kw name="Set Variable" owner="BuiltIn">
<msg time="2024-08-07T22:14:56.163468" level="INFO">${json_data} = {'results': [{'gender': 'female', 'name': {'title': 'Mrs', 'first': 'Mikaela', 'last': 'Ringvold'}, 'location': {'street': {'number': 9115, 'name': 'Siloveien'}, 'city': 'Jelsnes', 'state': 'Sogn og F...</msg>
<var>${json_data}</var>
<arg>${response.json()}</arg>
<doc>Returns the given values which can then be assigned to a variables.</doc>
<status status="PASS" start="2024-08-07T22:14:56.162939" elapsed="0.000557"/>
</kw>
<kw name="Set Variable" owner="BuiltIn">
<msg time="2024-08-07T22:14:56.164187" level="INFO">${name_title} = Mrs</msg>
<var>${name_title}</var>
<arg>${json_data["results"][0]["name"]["title"]}</arg>
<doc>Returns the given values which can then be assigned to a variables.</doc>
<status status="PASS" start="2024-08-07T22:14:56.163802" elapsed="0.000410"/>
</kw>
<kw name="Create List" owner="BuiltIn">
<msg time="2024-08-07T22:14:56.164702" level="INFO">${allowed_titles} = ['Mr', 'Ms', 'Miss', 'Mrs', 'Madame', 'Monsieur']</msg>
<var>${allowed_titles}</var>
<arg>Mr</arg>
<arg>Ms</arg>
<arg>Miss</arg>
<arg>Mrs</arg>
<arg>Madame</arg>
<arg>Monsieur</arg>
<doc>Returns a list containing given items.</doc>
<status status="PASS" start="2024-08-07T22:14:56.164506" elapsed="0.000222"/>
</kw>
<kw name="List Should Contain Value" owner="Collections">
<arg>${allowed_titles}</arg>
<arg>${name_title}</arg>
<doc>Fails if the ``value`` is not found from ``list``.</doc>
<status status="PASS" start="2024-08-07T22:14:56.165028" elapsed="0.000180"/>
</kw>
<kw name="Set Variable" owner="BuiltIn">
<msg time="2024-08-07T22:14:56.165771" level="INFO">${name_country} = NO</msg>
<var>${name_country}</var>
<arg>${json_data["results"][0]["nat"]}</arg>
<doc>Returns the given values which can then be assigned to a variables.</doc>
<status status="PASS" start="2024-08-07T22:14:56.165393" elapsed="0.000404"/>
</kw>
<kw name="Create List" owner="BuiltIn">
<msg time="2024-08-07T22:14:56.166685" level="INFO">${list_country} = ['AD', 'AE', 'AF', 'AG', 'AI', 'AL', 'AM', 'AO', 'AQ', 'AR', 'AS', 'AT', 'AU', 'AW', 'AX', 'AZ', 'BA', 'BB', 'BD', 'BE', 'BF', 'BG', 'BH', 'BI', 'BJ', 'BL', 'BM', 'BN', 'BO', 'BQ', 'BR', 'BS', 'BT', '...</msg>
<var>${list_country}</var>
<arg>AD</arg>
<arg>AE</arg>
<arg>AF</arg>
<arg>AG</arg>
<arg>AI</arg>
<arg>AL</arg>
<arg>AM</arg>
<arg>AO</arg>
<arg>AQ</arg>
<arg>AR</arg>
<arg>AS</arg>
<arg>AT</arg>
<arg>AU</arg>
<arg>AW</arg>
<arg>AX</arg>
<arg>AZ</arg>
<arg>BA</arg>
<arg>BB</arg>
<arg>BD</arg>
<arg>BE</arg>
<arg>BF</arg>
<arg>BG</arg>
<arg>BH</arg>
<arg>BI</arg>
<arg>BJ</arg>
<arg>BL</arg>
<arg>BM</arg>
<arg>BN</arg>
<arg>BO</arg>
<arg>BQ</arg>
<arg>BR</arg>
<arg>BS</arg>
<arg>BT</arg>
<arg>BV</arg>
<arg>BW</arg>
<arg>BY</arg>
<arg>BZ</arg>
<arg>CA</arg>
<arg>CC</arg>
<arg>CD</arg>
<arg>CF</arg>
<arg>CG</arg>
<arg>CH</arg>
<arg>CI</arg>
<arg>CK</arg>
<arg>CL</arg>
<arg>CM</arg>
<arg>CN</arg>
<arg>CO</arg>
<arg>CR</arg>
<arg>CU</arg>
<arg>CV</arg>
<arg>CW</arg>
<arg>CX</arg>
<arg>CY</arg>
<arg>CZ</arg>
<arg>DE</arg>
<arg>DJ</arg>
<arg>DK</arg>
<arg>DM</arg>
<arg>DO</arg>
<arg>DZ</arg>
<arg>EC</arg>
<arg>EE</arg>
<arg>EG</arg>
<arg>EH</arg>
<arg>ER</arg>
<arg>ES</arg>
<arg>ET</arg>
<arg>FI</arg>
<arg>FJ</arg>
<arg>FK</arg>
<arg>FM</arg>
<arg>FO</arg>
<arg>FR</arg>
<arg>GA</arg>
<arg>GB</arg>
<arg>GD</arg>
<arg>GE</arg>
<arg>GF</arg>
<arg>GG</arg>
<arg>GH</arg>
<arg>GI</arg>
<arg>GL</arg>
<arg>GM</arg>
<arg>GN</arg>
<arg>GP</arg>
<arg>GQ</arg>
<arg>GR</arg>
<arg>GS</arg>
<arg>GT</arg>
<arg>GU</arg>
<arg>GW</arg>
<arg>GY</arg>
<arg>HK</arg>
<arg>HM</arg>
<arg>HN</arg>
<arg>HR</arg>
<arg>HT</arg>
<arg>HU</arg>
<arg>ID</arg>
<arg>IE</arg>
<arg>IL</arg>
<arg>IM</arg>
<arg>IN</arg>
<arg>IO</arg>
<arg>IQ</arg>
<arg>IR</arg>
<arg>IS</arg>
<arg>IT</arg>
<arg>JE</arg>
<arg>JM</arg>
<arg>JO</arg>
<arg>JP</arg>
<arg>KE</arg>
<arg>KG</arg>
<arg>KH</arg>
<arg>KI</arg>
<arg>KM</arg>
<arg>KN</arg>
<arg>KP</arg>
<arg>KR</arg>
<arg>KW</arg>
<arg>KY</arg>
<arg>KZ</arg>
<arg>LA</arg>
<arg>LB</arg>
<arg>LC</arg>
<arg>LI</arg>
<arg>LK</arg>
<arg>LR</arg>
<arg>LS</arg>
<arg>LT</arg>
<arg>LU</arg>
<arg>LV</arg>
<arg>LY</arg>
<arg>MA</arg>
<arg>MC</arg>
<arg>MD</arg>
<arg>ME</arg>
<arg>MF</arg>
<arg>MG</arg>
<arg>MH</arg>
<arg>MK</arg>
<arg>ML</arg>
<arg>MM</arg>
<arg>MN</arg>
<arg>MO</arg>
<arg>MP</arg>
<arg>MQ</arg>
<arg>MR</arg>
<arg>MS</arg>
<arg>MT</arg>
<arg>MU</arg>
<arg>MV</arg>
<arg>MW</arg>
<arg>MX</arg>
<arg>MY</arg>
<arg>MZ</arg>
<arg>NA</arg>
<arg>NC</arg>
<arg>NE</arg>
<arg>NF</arg>
<arg>NG</arg>
<arg>NI</arg>
<arg>NL</arg>
<arg>NO</arg>
<arg>NP</arg>
<arg>NR</arg>
<arg>NU</arg>
<arg>NZ</arg>
<arg>OM</arg>
<arg>PA</arg>
<arg>PE</arg>
<arg>PF</arg>
<arg>PG</arg>
<arg>PH</arg>
<arg>PK</arg>
<arg>PL</arg>
<arg>PM</arg>
<arg>PN</arg>
<arg>PR</arg>
<arg>PS</arg>
<arg>PT</arg>
<arg>PW</arg>
<arg>PY</arg>
<arg>QA</arg>
<arg>RE</arg>
<arg>RO</arg>
<arg>RS</arg>
<arg>RU</arg>
<arg>RW</arg>
<arg>SA</arg>
<arg>SB</arg>
<arg>SC</arg>
<arg>SD</arg>
<arg>SE</arg>
<arg>SG</arg>
<arg>SH</arg>
<arg>SI</arg>
<arg>SJ</arg>
<arg>SK</arg>
<arg>SL</arg>
<arg>SM</arg>
<arg>SN</arg>
<arg>SO</arg>
<arg>SR</arg>
<arg>SS</arg>
<arg>ST</arg>
<arg>SV</arg>
<arg>SX</arg>
<arg>SY</arg>
<arg>SZ</arg>
<arg>TC</arg>
<arg>TD</arg>
<arg>TF</arg>
<arg>TG</arg>
<arg>TH</arg>
<arg>TJ</arg>
<arg>TK</arg>
<arg>TL</arg>
<arg>TM</arg>
<arg>TN</arg>
<arg>TO</arg>
<arg>TR</arg>
<arg>TT</arg>
<arg>TV</arg>
<arg>TW</arg>
<arg>TZ</arg>
<arg>UA</arg>
<arg>UG</arg>
<arg>UM</arg>
<arg>US</arg>
<arg>UY</arg>
<arg>UZ</arg>
<arg>VA</arg>
<arg>VC</arg>
<arg>VE</arg>
<arg>VG</arg>
<arg>VI</arg>
<arg>VN</arg>
<arg>VU</arg>
<arg>WF</arg>
<arg>WS</arg>
<arg>XK</arg>
<arg>YE</arg>
<arg>YT</arg>
<arg>ZA</arg>
<arg>ZM</arg>
<arg>ZW</arg>
<doc>Returns a list containing given items.</doc>
<status status="PASS" start="2024-08-07T22:14:56.166090" elapsed="0.000621"/>
</kw>
<kw name="List Should Contain Value" owner="Collections">
<arg>${list_country}</arg>
<arg>${name_country}</arg>
<doc>Fails if the ``value`` is not found from ``list``.</doc>
<status status="PASS" start="2024-08-07T22:14:56.167690" elapsed="0.000209"/>
</kw>
<kw name="Run Keyword If" owner="BuiltIn">
<kw name="Should Be True" owner="BuiltIn">
<arg>${True}</arg>
<doc>Fails if the given condition is not true.</doc>
<status status="PASS" start="2024-08-07T22:14:56.168893" elapsed="0.000147"/>
</kw>
<arg>${json_data["results"][0]["location"]["coordinates"]["latitude"]} &gt;= -90 and ${json_data["results"][0]["location"]["coordinates"]["latitude"]} &lt;= 90</arg>
<arg>Should Be True</arg>
<arg>${True}</arg>
<doc>Runs the given keyword with the given arguments, if ``condition`` is true.</doc>
<status status="PASS" start="2024-08-07T22:14:56.168099" elapsed="0.001083"/>
</kw>
<kw name="Run Keyword If" owner="BuiltIn">
<kw name="Should Be True" owner="BuiltIn">
<arg>${True}</arg>
<doc>Fails if the given condition is not true.</doc>
<status status="PASS" start="2024-08-07T22:14:56.170061" elapsed="0.000140"/>
</kw>
<arg>${json_data["results"][0]["location"]["coordinates"]["longitude"]} &gt;= -180 and ${json_data["results"][0]["location"]["coordinates"]["longitude"]} &lt;= 180</arg>
<arg>Should Be True</arg>
<arg>${True}</arg>
<doc>Runs the given keyword with the given arguments, if ``condition`` is true.</doc>
<status status="PASS" start="2024-08-07T22:14:56.169364" elapsed="0.000961"/>
</kw>
<status status="PASS" start="2024-08-07T22:14:55.980603" elapsed="0.189853"/>
</kw>
<doc>Testa o conteúdo específico dos campos retornados pela API.</doc>
<tag>testeConteudo</tag>
<status status="PASS" start="2024-08-07T22:14:55.980105" elapsed="0.190506"/>
</test>
<status status="PASS" start="2024-08-07T22:14:53.031082" elapsed="3.141524"/>
</suite>
<status status="PASS" start="2024-08-07T22:14:53.016356" elapsed="3.161324"/>
</suite>
<statistics>
<total>
<stat pass="5" fail="0" skip="0">All Tests</stat>
</total>
<tag>
<stat pass="1" fail="0" skip="0">testeConteudo</stat>
<stat pass="1" fail="0" skip="0">testeEstruturaResposta</stat>
<stat pass="1" fail="0" skip="0">testeRequisicaoBasica</stat>
<stat pass="1" fail="0" skip="0">testeTiposDados</stat>
</tag>
<suite>
<stat pass="5" fail="0" skip="0" id="s1" name="Tests">Tests</stat>
<stat pass="5" fail="0" skip="0" id="s1-s1" name="Random-User-Test">Tests.Random-User-Test</stat>
</suite>
</statistics>
<errors>
</errors>
</robot>
