<?xml version="1.0" encoding="UTF-8"?>
<robot generator="Robot 7.0.1 (Python 3.12.4 on linux)" generated="2024-07-25T16:19:27.927429" rpa="false" schemaversion="5">
<suite id="s1" name="Tests" source="/home/runner/work/ApiRandomUser/ApiRandomUser/RamdonUser/tests">
<suite id="s1-s1" name="Random-User-Test" source="/home/runner/work/ApiRandomUser/ApiRandomUser/RamdonUser/tests/random-user-test.robot">
<test id="s1-s1-t1" name="Conectar" line="13">
<kw name="Conectar API" owner="random-user-service">
<kw name="Create Session" owner="RequestsLibrary">
<msg time="2024-07-25T16:19:28.324924" level="INFO">Creating Session using : alias=consultarAPI, url=https://randomuser.me/, headers={},                     cookies={}, auth=None, timeout=None, proxies=None, verify=False,                     debug=0 </msg>
<arg>consultarAPI</arg>
<arg>${URL}</arg>
<doc>Create Session: create a HTTP session to a server</doc>
<status status="PASS" start="2024-07-25T16:19:28.324720" elapsed="0.000391"/>
</kw>
<status status="PASS" start="2024-07-25T16:19:28.323647" elapsed="0.001829"/>
</kw>
<status status="PASS" start="2024-07-25T16:19:28.323000" elapsed="0.002673"/>
</test>
<test id="s1-s1-t2" name="Validar retorno 200 e JSON Válido" line="16">
<kw name="Teste de Requisicao Basica" owner="random-user-service">
<kw name="GET On Session" owner="RequestsLibrary">
<msg time="2024-07-25T16:19:30.339464" level="INFO">GET Request : url=https://randomuser.me/api 
 path_url=/api 
 headers={'User-Agent': 'python-requests/2.32.3', 'Accept-Encoding': 'gzip, deflate', 'Accept': '*/*', 'Connection': 'keep-alive'} 
 body=None 
 </msg>
<msg time="2024-07-25T16:19:30.339613" level="INFO">GET Response : url=https://randomuser.me/api 
 status=200, reason=OK 
 headers={'Date': 'Thu, 25 Jul 2024 16:19:30 GMT', 'Content-Type': 'application/json; charset=utf-8', 'Transfer-Encoding': 'chunked', 'Connection': 'keep-alive', 'X-Powered-By': 'Express', 'Access-Control-Allow-Origin': '*', 'Cache-Control': 'no-cache', 'ETag': 'W/"485-PRGJq7M1LQR6YL3kkWYvvmhH558"', 'Vary': 'Accept-Encoding', 'Content-Encoding': 'gzip', 'CF-Cache-Status': 'DYNAMIC', 'Report-To': '{"endpoints":[{"url":"https:\\/\\/a.nel.cloudflare.com\\/report\\/v4?s=5hQSVEbzxRnaz%2FUIeWdSsDOaDdye3K8cZPsLvEdynp02jjZcm1AgwVp96chALT6n5kVKN60nEr%2BSU%2FM4ThGmm7jCjLDeFSs%2BWxi1C3wu8Q8xEVws9%2BlOb5%2Fi86XBORf3"}],"group":"cf-nel","max_age":604800}', 'NEL': '{"success_fraction":0,"report_to":"cf-nel","max_age":604800}', 'Server': 'cloudflare', 'CF-RAY': '8a8d78c75ecc82e6-IAD', 'alt-svc': 'h3=":443"; ma=86400'} 
 body={"results":[{"gender":"male","name":{"title":"Mr","first":"Vseslav","last":"Puchko"},"location":{"street":{"number":6597,"name":"Revolyuciyi"},"city":"Ivano-Frankivsk","state":"Dnipropetrovska","country":"Ukraine","postcode":12913,"coordinates":{"latitude":"79.1796","longitude":"-69.7476"},"timezone":{"offset":"-12:00","description":"Eniwetok, Kwajalein"}},"email":"vseslav.puchko@example.com","login":{"uuid":"3b0ac520-4bef-4712-994c-aad8b2020106","username":"brownrabbit712","password":"marlboro","salt":"sU69Bfig","md5":"292ac77ff46edc12e502a599a9751220","sha1":"30a943c70eb2dd4106d8abb40b1057516b829cb0","sha256":"2b5a13ae8c4fb1f673c6af4a8ad47e2609be70225a201eb57d57416d8c9d24d4"},"dob":{"date":"1983-06-12T20:22:34.020Z","age":41},"registered":{"date":"2018-12-08T19:37:20.002Z","age":5},"phone":"(097) E01-0103","cell":"(097) U85-0688","id":{"name":"","value":null},"picture":{"large":"https://randomuser.me/api/portraits/men/54.jpg","medium":"https://randomuser.me/api/portraits/med/men/54.jpg","thumbnail":"https://randomuser.me/api/portraits/thumb/men/54.jpg"},"nat":"UA"}],"info":{"seed":"5aad1eb694b9b67e","results":1,"page":1,"version":"1.4"}} 
 </msg>
<msg time="2024-07-25T16:19:30.339691" level="INFO">/opt/hostedtoolcache/Python/3.12.4/x64/lib/python3.12/site-packages/urllib3/connectionpool.py:1099: InsecureRequestWarning: Unverified HTTPS request is being made to host 'randomuser.me'. Adding certificate verification is strongly advised. See: https://urllib3.readthedocs.io/en/latest/advanced-usage.html#tls-warnings
  warnings.warn(</msg>
<msg time="2024-07-25T16:19:30.339855" level="INFO">${response} = &lt;Response [200]&gt;</msg>
<var>${response}</var>
<arg>consultarAPI</arg>
<arg>/api</arg>
<doc>Sends a GET request on a previously created HTTP Session.</doc>
<status status="PASS" start="2024-07-25T16:19:28.328354" elapsed="2.011544"/>
</kw>
<kw name="Should Be Equal As Numbers" owner="BuiltIn">
<msg time="2024-07-25T16:19:30.340906" level="INFO">Argument types are:
&lt;class 'int'&gt;
&lt;class 'str'&gt;</msg>
<arg>${response.status_code}</arg>
<arg>200</arg>
<doc>Fails if objects are unequal after converting them to real numbers.</doc>
<status status="PASS" start="2024-07-25T16:19:30.340420" elapsed="0.000550"/>
</kw>
<kw name="Log" owner="BuiltIn">
<msg time="2024-07-25T16:19:30.341639" level="INFO">200</msg>
<arg>${response.status_code}</arg>
<doc>Logs the given message with the given level.</doc>
<status status="PASS" start="2024-07-25T16:19:30.341286" elapsed="0.000395"/>
</kw>
<kw name="Set Variable" owner="BuiltIn">
<msg time="2024-07-25T16:19:30.342412" level="INFO">${json_data} = {'results': [{'gender': 'male', 'name': {'title': 'Mr', 'first': 'Vseslav', 'last': 'Puchko'}, 'location': {'street': {'number': 6597, 'name': 'Revolyuciyi'}, 'city': 'Ivano-Frankivsk', 'state': 'Dnip...</msg>
<var>${json_data}</var>
<arg>${response.json()}</arg>
<doc>Returns the given values which can then be assigned to a variables.</doc>
<status status="PASS" start="2024-07-25T16:19:30.341987" elapsed="0.000452"/>
</kw>
<kw name="Dictionary Should Contain Key" owner="Collections">
<arg>${json_data}</arg>
<arg>results</arg>
<doc>Fails if ``key`` is not found from ``dictionary``.</doc>
<status status="PASS" start="2024-07-25T16:19:30.342742" elapsed="0.000319"/>
</kw>
<status status="PASS" start="2024-07-25T16:19:28.328115" elapsed="2.015098"/>
</kw>
<doc>Testa se a API responde corretamente e retorna um objeto JSON válido.</doc>
<tag>testeRequisicaoBasica</tag>
<status status="PASS" start="2024-07-25T16:19:28.327571" elapsed="2.015815"/>
</test>
<test id="s1-s1-t3" name="Validar estrutura de resposta" line="22">
<kw name="Teste de Estrutura de Resposta" owner="random-user-service">
<kw name="GET On Session" owner="RequestsLibrary">
<msg time="2024-07-25T16:19:31.635974" level="INFO">GET Request : url=https://randomuser.me/api 
 path_url=/api 
 headers={'User-Agent': 'python-requests/2.32.3', 'Accept-Encoding': 'gzip, deflate', 'Accept': '*/*', 'Connection': 'keep-alive'} 
 body=None 
 </msg>
<msg time="2024-07-25T16:19:31.636074" level="INFO">GET Response : url=https://randomuser.me/api 
 status=200, reason=OK 
 headers={'Date': 'Thu, 25 Jul 2024 16:19:31 GMT', 'Content-Type': 'application/json; charset=utf-8', 'Transfer-Encoding': 'chunked', 'Connection': 'keep-alive', 'X-Powered-By': 'Express', 'Access-Control-Allow-Origin': '*', 'Cache-Control': 'no-cache', 'ETag': 'W/"49e-bNVZAYCZpJE7VEHu54pr/JmrbIA"', 'Vary': 'Accept-Encoding', 'Content-Encoding': 'gzip', 'CF-Cache-Status': 'DYNAMIC', 'Report-To': '{"endpoints":[{"url":"https:\\/\\/a.nel.cloudflare.com\\/report\\/v4?s=ukq%2FHeKFkI5iCOS%2FCjz4KspD8F7KgwI5qN8hCkAhrdpejV9yfW%2BmMzydtJCoaaig5TX2jXr9d%2Bfz65CfMHAz7xsiZjoQ3VNW%2BpeEUkoHGbNgCxNKg%2BywL%2BvT5S5T9%2FZm"}],"group":"cf-nel","max_age":604800}', 'NEL': '{"success_fraction":0,"report_to":"cf-nel","max_age":604800}', 'Server': 'cloudflare', 'CF-RAY': '8a8d78d2b90582e6-IAD', 'alt-svc': 'h3=":443"; ma=86400'} 
 body={"results":[{"gender":"female","name":{"title":"Mrs","first":"Reneé","last":"Polling"},"location":{"street":{"number":2177,"name":"Frederikspark"},"city":"Oudega gem Smallingerlnd","state":"Limburg","country":"Netherlands","postcode":"5821 QL","coordinates":{"latitude":"32.1910","longitude":"47.6804"},"timezone":{"offset":"-1:00","description":"Azores, Cape Verde Islands"}},"email":"renee.polling@example.com","login":{"uuid":"c88638a6-652c-43f2-b141-ea4c4dea412f","username":"bigwolf712","password":"dixie1","salt":"ulXn7j8g","md5":"8dcdeaf2f2a3653765c90fa8954ced2c","sha1":"99e214eff02dc3c67877d55f06bbb707d58e1758","sha256":"2f35802cc2e55584ebc783fe11653394d3fd4d5244729e9958f45ae63ecfbe43"},"dob":{"date":"1959-10-28T03:29:43.118Z","age":64},"registered":{"date":"2018-07-15T15:28:23.327Z","age":6},"phone":"(0037) 765875","cell":"(06) 63440140","id":{"name":"BSN","value":"57650371"},"picture":{"large":"https://randomuser.me/api/portraits/women/28.jpg","medium":"https://randomuser.me/api/portraits/med/women/28.jpg","thumbnail":"https://randomuser.me/api/portraits/thumb/women/28.jpg"},"nat":"NL"}],"info":{"seed":"36fbc1fd0aa7ee7e","results":1,"page":1,"version":"1.4"}} 
 </msg>
<msg time="2024-07-25T16:19:31.636205" level="INFO">/opt/hostedtoolcache/Python/3.12.4/x64/lib/python3.12/site-packages/urllib3/connectionpool.py:1099: InsecureRequestWarning: Unverified HTTPS request is being made to host 'randomuser.me'. Adding certificate verification is strongly advised. See: https://urllib3.readthedocs.io/en/latest/advanced-usage.html#tls-warnings
  warnings.warn(</msg>
<msg time="2024-07-25T16:19:31.636331" level="INFO">${response} = &lt;Response [200]&gt;</msg>
<var>${response}</var>
<arg>consultarAPI</arg>
<arg>/api</arg>
<doc>Sends a GET request on a previously created HTTP Session.</doc>
<status status="PASS" start="2024-07-25T16:19:30.346322" elapsed="1.290051"/>
</kw>
<kw name="Set Variable" owner="BuiltIn">
<msg time="2024-07-25T16:19:31.637419" level="INFO">${json_data} = {'results': [{'gender': 'female', 'name': {'title': 'Mrs', 'first': 'Reneé', 'last': 'Polling'}, 'location': {'street': {'number': 2177, 'name': 'Frederikspark'}, 'city': 'Oudega gem Smallingerlnd', '...</msg>
<var>${json_data}</var>
<arg>${response.json()}</arg>
<doc>Returns the given values which can then be assigned to a variables.</doc>
<status status="PASS" start="2024-07-25T16:19:31.636906" elapsed="0.000542"/>
</kw>
<kw name="Log" owner="BuiltIn">
<msg time="2024-07-25T16:19:31.637926" level="INFO">{'results': [{'gender': 'female', 'name': {'title': 'Mrs', 'first': 'Reneé', 'last': 'Polling'}, 'location': {'street': {'number': 2177, 'name': 'Frederikspark'}, 'city': 'Oudega gem Smallingerlnd', 'state': 'Limburg', 'country': 'Netherlands', 'postcode': '5821 QL', 'coordinates': {'latitude': '32.1910', 'longitude': '47.6804'}, 'timezone': {'offset': '-1:00', 'description': 'Azores, Cape Verde Islands'}}, 'email': 'renee.polling@example.com', 'login': {'uuid': 'c88638a6-652c-43f2-b141-ea4c4dea412f', 'username': 'bigwolf712', 'password': 'dixie1', 'salt': 'ulXn7j8g', 'md5': '8dcdeaf2f2a3653765c90fa8954ced2c', 'sha1': '99e214eff02dc3c67877d55f06bbb707d58e1758', 'sha256': '2f35802cc2e55584ebc783fe11653394d3fd4d5244729e9958f45ae63ecfbe43'}, 'dob': {'date': '1959-10-28T03:29:43.118Z', 'age': 64}, 'registered': {'date': '2018-07-15T15:28:23.327Z', 'age': 6}, 'phone': '(0037) 765875', 'cell': '(06) 63440140', 'id': {'name': 'BSN', 'value': '57650371'}, 'picture': {'large': 'https://randomuser.me/api/portraits/women/28.jpg', 'medium': 'https://randomuser.me/api/portraits/med/women/28.jpg', 'thumbnail': 'https://randomuser.me/api/portraits/thumb/women/28.jpg'}, 'nat': 'NL'}], 'info': {'seed': '36fbc1fd0aa7ee7e', 'results': 1, 'page': 1, 'version': '1.4'}}</msg>
<arg>${json_data}</arg>
<doc>Logs the given message with the given level.</doc>
<status status="PASS" start="2024-07-25T16:19:31.637762" elapsed="0.000218"/>
</kw>
<kw name="Dictionary Should Contain Key" owner="Collections">
<arg>${json_data}</arg>
<arg>results</arg>
<doc>Fails if ``key`` is not found from ``dictionary``.</doc>
<status status="PASS" start="2024-07-25T16:19:31.638272" elapsed="0.000164"/>
</kw>
<kw name="Should Not Be Empty" owner="BuiltIn">
<msg time="2024-07-25T16:19:31.638746" level="INFO">Length is 2.</msg>
<arg>${json_data}</arg>
<doc>Verifies that the given item is not empty.</doc>
<status status="PASS" start="2024-07-25T16:19:31.638619" elapsed="0.000168"/>
</kw>
<kw name="Create List" owner="BuiltIn">
<msg time="2024-07-25T16:19:31.639224" level="INFO">${expected_keys} = ['gender', 'name', 'location', 'email', 'login']</msg>
<var>${expected_keys}</var>
<arg>gender</arg>
<arg>name</arg>
<arg>location</arg>
<arg>email</arg>
<arg>login</arg>
<doc>Returns a list containing given items.</doc>
<status status="PASS" start="2024-07-25T16:19:31.639073" elapsed="0.000174"/>
</kw>
<for flavor="IN">
<iter>
<kw name="Dictionary Should Contain Key" owner="Collections">
<arg>${json_data['results'][0]}</arg>
<arg>${key}</arg>
<doc>Fails if ``key`` is not found from ``dictionary``.</doc>
<status status="PASS" start="2024-07-25T16:19:31.639835" elapsed="0.000407"/>
</kw>
<kw name="Log" owner="BuiltIn">
<msg time="2024-07-25T16:19:31.640825" level="INFO">{'gender': 'female', 'name': {'title': 'Mrs', 'first': 'Reneé', 'last': 'Polling'}, 'location': {'street': {'number': 2177, 'name': 'Frederikspark'}, 'city': 'Oudega gem Smallingerlnd', 'state': 'Limburg', 'country': 'Netherlands', 'postcode': '5821 QL', 'coordinates': {'latitude': '32.1910', 'longitude': '47.6804'}, 'timezone': {'offset': '-1:00', 'description': 'Azores, Cape Verde Islands'}}, 'email': 'renee.polling@example.com', 'login': {'uuid': 'c88638a6-652c-43f2-b141-ea4c4dea412f', 'username': 'bigwolf712', 'password': 'dixie1', 'salt': 'ulXn7j8g', 'md5': '8dcdeaf2f2a3653765c90fa8954ced2c', 'sha1': '99e214eff02dc3c67877d55f06bbb707d58e1758', 'sha256': '2f35802cc2e55584ebc783fe11653394d3fd4d5244729e9958f45ae63ecfbe43'}, 'dob': {'date': '1959-10-28T03:29:43.118Z', 'age': 64}, 'registered': {'date': '2018-07-15T15:28:23.327Z', 'age': 6}, 'phone': '(0037) 765875', 'cell': '(06) 63440140', 'id': {'name': 'BSN', 'value': '57650371'}, 'picture': {'large': 'https://randomuser.me/api/portraits/women/28.jpg', 'medium': 'https://randomuser.me/api/portraits/med/women/28.jpg', 'thumbnail': 'https://randomuser.me/api/portraits/thumb/women/28.jpg'}, 'nat': 'NL'}</msg>
<arg>${json_data['results'][0]}</arg>
<doc>Logs the given message with the given level.</doc>
<status status="PASS" start="2024-07-25T16:19:31.640430" elapsed="0.000455"/>
</kw>
<kw name="Log" owner="BuiltIn">
<msg time="2024-07-25T16:19:31.641320" level="INFO">gender</msg>
<arg>${key}</arg>
<doc>Logs the given message with the given level.</doc>
<status status="PASS" start="2024-07-25T16:19:31.641192" elapsed="0.000165"/>
</kw>
<var name="${key}">gender</var>
<status status="PASS" start="2024-07-25T16:19:31.639702" elapsed="0.001870"/>
</iter>
<iter>
<kw name="Dictionary Should Contain Key" owner="Collections">
<arg>${json_data['results'][0]}</arg>
<arg>${key}</arg>
<doc>Fails if ``key`` is not found from ``dictionary``.</doc>
<status status="PASS" start="2024-07-25T16:19:31.641864" elapsed="0.000379"/>
</kw>
<kw name="Log" owner="BuiltIn">
<msg time="2024-07-25T16:19:31.642817" level="INFO">{'gender': 'female', 'name': {'title': 'Mrs', 'first': 'Reneé', 'last': 'Polling'}, 'location': {'street': {'number': 2177, 'name': 'Frederikspark'}, 'city': 'Oudega gem Smallingerlnd', 'state': 'Limburg', 'country': 'Netherlands', 'postcode': '5821 QL', 'coordinates': {'latitude': '32.1910', 'longitude': '47.6804'}, 'timezone': {'offset': '-1:00', 'description': 'Azores, Cape Verde Islands'}}, 'email': 'renee.polling@example.com', 'login': {'uuid': 'c88638a6-652c-43f2-b141-ea4c4dea412f', 'username': 'bigwolf712', 'password': 'dixie1', 'salt': 'ulXn7j8g', 'md5': '8dcdeaf2f2a3653765c90fa8954ced2c', 'sha1': '99e214eff02dc3c67877d55f06bbb707d58e1758', 'sha256': '2f35802cc2e55584ebc783fe11653394d3fd4d5244729e9958f45ae63ecfbe43'}, 'dob': {'date': '1959-10-28T03:29:43.118Z', 'age': 64}, 'registered': {'date': '2018-07-15T15:28:23.327Z', 'age': 6}, 'phone': '(0037) 765875', 'cell': '(06) 63440140', 'id': {'name': 'BSN', 'value': '57650371'}, 'picture': {'large': 'https://randomuser.me/api/portraits/women/28.jpg', 'medium': 'https://randomuser.me/api/portraits/med/women/28.jpg', 'thumbnail': 'https://randomuser.me/api/portraits/thumb/women/28.jpg'}, 'nat': 'NL'}</msg>
<arg>${json_data['results'][0]}</arg>
<doc>Logs the given message with the given level.</doc>
<status status="PASS" start="2024-07-25T16:19:31.642423" elapsed="0.000445"/>
</kw>
<kw name="Log" owner="BuiltIn">
<msg time="2024-07-25T16:19:31.643290" level="INFO">name</msg>
<arg>${key}</arg>
<doc>Logs the given message with the given level.</doc>
<status status="PASS" start="2024-07-25T16:19:31.643162" elapsed="0.000166"/>
</kw>
<var name="${key}">name</var>
<status status="PASS" start="2024-07-25T16:19:31.641755" elapsed="0.001789"/>
</iter>
<iter>
<kw name="Dictionary Should Contain Key" owner="Collections">
<arg>${json_data['results'][0]}</arg>
<arg>${key}</arg>
<doc>Fails if ``key`` is not found from ``dictionary``.</doc>
<status status="PASS" start="2024-07-25T16:19:31.643834" elapsed="0.000387"/>
</kw>
<kw name="Log" owner="BuiltIn">
<msg time="2024-07-25T16:19:31.644795" level="INFO">{'gender': 'female', 'name': {'title': 'Mrs', 'first': 'Reneé', 'last': 'Polling'}, 'location': {'street': {'number': 2177, 'name': 'Frederikspark'}, 'city': 'Oudega gem Smallingerlnd', 'state': 'Limburg', 'country': 'Netherlands', 'postcode': '5821 QL', 'coordinates': {'latitude': '32.1910', 'longitude': '47.6804'}, 'timezone': {'offset': '-1:00', 'description': 'Azores, Cape Verde Islands'}}, 'email': 'renee.polling@example.com', 'login': {'uuid': 'c88638a6-652c-43f2-b141-ea4c4dea412f', 'username': 'bigwolf712', 'password': 'dixie1', 'salt': 'ulXn7j8g', 'md5': '8dcdeaf2f2a3653765c90fa8954ced2c', 'sha1': '99e214eff02dc3c67877d55f06bbb707d58e1758', 'sha256': '2f35802cc2e55584ebc783fe11653394d3fd4d5244729e9958f45ae63ecfbe43'}, 'dob': {'date': '1959-10-28T03:29:43.118Z', 'age': 64}, 'registered': {'date': '2018-07-15T15:28:23.327Z', 'age': 6}, 'phone': '(0037) 765875', 'cell': '(06) 63440140', 'id': {'name': 'BSN', 'value': '57650371'}, 'picture': {'large': 'https://randomuser.me/api/portraits/women/28.jpg', 'medium': 'https://randomuser.me/api/portraits/med/women/28.jpg', 'thumbnail': 'https://randomuser.me/api/portraits/thumb/women/28.jpg'}, 'nat': 'NL'}</msg>
<arg>${json_data['results'][0]}</arg>
<doc>Logs the given message with the given level.</doc>
<status status="PASS" start="2024-07-25T16:19:31.644417" elapsed="0.000428"/>
</kw>
<kw name="Log" owner="BuiltIn">
<msg time="2024-07-25T16:19:31.645282" level="INFO">location</msg>
<arg>${key}</arg>
<doc>Logs the given message with the given level.</doc>
<status status="PASS" start="2024-07-25T16:19:31.645154" elapsed="0.000175"/>
</kw>
<var name="${key}">location</var>
<status status="PASS" start="2024-07-25T16:19:31.643728" elapsed="0.001828"/>
</iter>
<iter>
<kw name="Dictionary Should Contain Key" owner="Collections">
<arg>${json_data['results'][0]}</arg>
<arg>${key}</arg>
<doc>Fails if ``key`` is not found from ``dictionary``.</doc>
<status status="PASS" start="2024-07-25T16:19:31.645852" elapsed="0.000394"/>
</kw>
<kw name="Log" owner="BuiltIn">
<msg time="2024-07-25T16:19:31.646911" level="INFO">{'gender': 'female', 'name': {'title': 'Mrs', 'first': 'Reneé', 'last': 'Polling'}, 'location': {'street': {'number': 2177, 'name': 'Frederikspark'}, 'city': 'Oudega gem Smallingerlnd', 'state': 'Limburg', 'country': 'Netherlands', 'postcode': '5821 QL', 'coordinates': {'latitude': '32.1910', 'longitude': '47.6804'}, 'timezone': {'offset': '-1:00', 'description': 'Azores, Cape Verde Islands'}}, 'email': 'renee.polling@example.com', 'login': {'uuid': 'c88638a6-652c-43f2-b141-ea4c4dea412f', 'username': 'bigwolf712', 'password': 'dixie1', 'salt': 'ulXn7j8g', 'md5': '8dcdeaf2f2a3653765c90fa8954ced2c', 'sha1': '99e214eff02dc3c67877d55f06bbb707d58e1758', 'sha256': '2f35802cc2e55584ebc783fe11653394d3fd4d5244729e9958f45ae63ecfbe43'}, 'dob': {'date': '1959-10-28T03:29:43.118Z', 'age': 64}, 'registered': {'date': '2018-07-15T15:28:23.327Z', 'age': 6}, 'phone': '(0037) 765875', 'cell': '(06) 63440140', 'id': {'name': 'BSN', 'value': '57650371'}, 'picture': {'large': 'https://randomuser.me/api/portraits/women/28.jpg', 'medium': 'https://randomuser.me/api/portraits/med/women/28.jpg', 'thumbnail': 'https://randomuser.me/api/portraits/thumb/women/28.jpg'}, 'nat': 'NL'}</msg>
<arg>${json_data['results'][0]}</arg>
<doc>Logs the given message with the given level.</doc>
<status status="PASS" start="2024-07-25T16:19:31.646550" elapsed="0.000411"/>
</kw>
<kw name="Log" owner="BuiltIn">
<msg time="2024-07-25T16:19:31.647391" level="INFO">email</msg>
<arg>${key}</arg>
<doc>Logs the given message with the given level.</doc>
<status status="PASS" start="2024-07-25T16:19:31.647261" elapsed="0.000169"/>
</kw>
<var name="${key}">email</var>
<status status="PASS" start="2024-07-25T16:19:31.645736" elapsed="0.001912"/>
</iter>
<iter>
<kw name="Dictionary Should Contain Key" owner="Collections">
<arg>${json_data['results'][0]}</arg>
<arg>${key}</arg>
<doc>Fails if ``key`` is not found from ``dictionary``.</doc>
<status status="PASS" start="2024-07-25T16:19:31.647928" elapsed="0.000375"/>
</kw>
<kw name="Log" owner="BuiltIn">
<msg time="2024-07-25T16:19:31.648862" level="INFO">{'gender': 'female', 'name': {'title': 'Mrs', 'first': 'Reneé', 'last': 'Polling'}, 'location': {'street': {'number': 2177, 'name': 'Frederikspark'}, 'city': 'Oudega gem Smallingerlnd', 'state': 'Limburg', 'country': 'Netherlands', 'postcode': '5821 QL', 'coordinates': {'latitude': '32.1910', 'longitude': '47.6804'}, 'timezone': {'offset': '-1:00', 'description': 'Azores, Cape Verde Islands'}}, 'email': 'renee.polling@example.com', 'login': {'uuid': 'c88638a6-652c-43f2-b141-ea4c4dea412f', 'username': 'bigwolf712', 'password': 'dixie1', 'salt': 'ulXn7j8g', 'md5': '8dcdeaf2f2a3653765c90fa8954ced2c', 'sha1': '99e214eff02dc3c67877d55f06bbb707d58e1758', 'sha256': '2f35802cc2e55584ebc783fe11653394d3fd4d5244729e9958f45ae63ecfbe43'}, 'dob': {'date': '1959-10-28T03:29:43.118Z', 'age': 64}, 'registered': {'date': '2018-07-15T15:28:23.327Z', 'age': 6}, 'phone': '(0037) 765875', 'cell': '(06) 63440140', 'id': {'name': 'BSN', 'value': '57650371'}, 'picture': {'large': 'https://randomuser.me/api/portraits/women/28.jpg', 'medium': 'https://randomuser.me/api/portraits/med/women/28.jpg', 'thumbnail': 'https://randomuser.me/api/portraits/thumb/women/28.jpg'}, 'nat': 'NL'}</msg>
<arg>${json_data['results'][0]}</arg>
<doc>Logs the given message with the given level.</doc>
<status status="PASS" start="2024-07-25T16:19:31.648483" elapsed="0.000439"/>
</kw>
<kw name="Log" owner="BuiltIn">
<msg time="2024-07-25T16:19:31.649346" level="INFO">login</msg>
<arg>${key}</arg>
<doc>Logs the given message with the given level.</doc>
<status status="PASS" start="2024-07-25T16:19:31.649217" elapsed="0.000167"/>
</kw>
<var name="${key}">login</var>
<status status="PASS" start="2024-07-25T16:19:31.647818" elapsed="0.001780"/>
</iter>
<var>${key}</var>
<value>@{expected_keys}</value>
<status status="PASS" start="2024-07-25T16:19:31.639508" elapsed="0.010209"/>
</for>
<kw name="Create List" owner="BuiltIn">
<msg time="2024-07-25T16:19:31.650074" level="INFO">${expected_keysTwo} = ['username', 'password']</msg>
<var>${expected_keysTwo}</var>
<arg>username</arg>
<arg>password</arg>
<doc>Returns a list containing given items.</doc>
<status status="PASS" start="2024-07-25T16:19:31.649935" elapsed="0.000164"/>
</kw>
<for flavor="IN">
<iter>
<kw name="Dictionary Should Contain Key" owner="Collections">
<arg>${json_data['results'][0]['login']}</arg>
<arg>${keyTwo}</arg>
<doc>Fails if ``key`` is not found from ``dictionary``.</doc>
<status status="PASS" start="2024-07-25T16:19:31.650600" elapsed="0.000380"/>
</kw>
<kw name="Dictionary Should Contain Key" owner="Collections">
<arg>${json_data['results'][0]['login']}</arg>
<arg>${keyTwo}</arg>
<doc>Fails if ``key`` is not found from ``dictionary``.</doc>
<status status="PASS" start="2024-07-25T16:19:31.651159" elapsed="0.000393"/>
</kw>
<kw name="Log" owner="BuiltIn">
<msg time="2024-07-25T16:19:31.651847" level="INFO">username</msg>
<arg>${keyTwo}</arg>
<doc>Logs the given message with the given level.</doc>
<status status="PASS" start="2024-07-25T16:19:31.651728" elapsed="0.000156"/>
</kw>
<var name="${keyTwo}">username</var>
<status status="PASS" start="2024-07-25T16:19:31.650492" elapsed="0.001612"/>
</iter>
<iter>
<kw name="Dictionary Should Contain Key" owner="Collections">
<arg>${json_data['results'][0]['login']}</arg>
<arg>${keyTwo}</arg>
<doc>Fails if ``key`` is not found from ``dictionary``.</doc>
<status status="PASS" start="2024-07-25T16:19:31.652385" elapsed="0.000399"/>
</kw>
<kw name="Dictionary Should Contain Key" owner="Collections">
<arg>${json_data['results'][0]['login']}</arg>
<arg>${keyTwo}</arg>
<doc>Fails if ``key`` is not found from ``dictionary``.</doc>
<status status="PASS" start="2024-07-25T16:19:31.652962" elapsed="0.000372"/>
</kw>
<kw name="Log" owner="BuiltIn">
<msg time="2024-07-25T16:19:31.653643" level="INFO">password</msg>
<arg>${keyTwo}</arg>
<doc>Logs the given message with the given level.</doc>
<status status="PASS" start="2024-07-25T16:19:31.653508" elapsed="0.000172"/>
</kw>
<var name="${keyTwo}">password</var>
<status status="PASS" start="2024-07-25T16:19:31.652275" elapsed="0.001625"/>
</iter>
<var>${keyTwo}</var>
<value>@{expected_keysTwo}</value>
<status status="PASS" start="2024-07-25T16:19:31.650333" elapsed="0.003690"/>
</for>
<status status="PASS" start="2024-07-25T16:19:30.345991" elapsed="1.308173"/>
</kw>
<doc>Testa a estrutura da resposta da API.</doc>
<tag>testeEstruturaResposta</tag>
<status status="PASS" start="2024-07-25T16:19:30.345234" elapsed="1.309091"/>
</test>
<test id="s1-s1-t4" name="Validar tipos de dados" line="28">
<kw name="Teste de Tipos de Dados" owner="random-user-service">
<kw name="GET On Session" owner="RequestsLibrary">
<msg time="2024-07-25T16:19:32.243272" level="INFO">GET Request : url=https://randomuser.me/api 
 path_url=/api 
 headers={'User-Agent': 'python-requests/2.32.3', 'Accept-Encoding': 'gzip, deflate', 'Accept': '*/*', 'Connection': 'keep-alive'} 
 body=None 
 </msg>
<msg time="2024-07-25T16:19:32.243370" level="INFO">GET Response : url=https://randomuser.me/api 
 status=200, reason=OK 
 headers={'Date': 'Thu, 25 Jul 2024 16:19:32 GMT', 'Content-Type': 'application/json; charset=utf-8', 'Transfer-Encoding': 'chunked', 'Connection': 'keep-alive', 'X-Powered-By': 'Express', 'Access-Control-Allow-Origin': '*', 'Cache-Control': 'no-cache', 'ETag': 'W/"49b-bgjaombKrqAodr10y//NH4Gegz8"', 'Vary': 'Accept-Encoding', 'Content-Encoding': 'gzip', 'CF-Cache-Status': 'DYNAMIC', 'Report-To': '{"endpoints":[{"url":"https:\\/\\/a.nel.cloudflare.com\\/report\\/v4?s=%2FLXXBGGSePKExhoX2H%2BDINudQZJAJExRd6TWCAxDPG50YcKfRmMa6B0KRzkyYtrchsVPfR6ZlcWGYwyx1d%2B8iQpGKNu1j8uu8KxsnQeZsQ8fSm6spjxlFzuyvsjxRZoq"}],"group":"cf-nel","max_age":604800}', 'NEL': '{"success_fraction":0,"report_to":"cf-nel","max_age":604800}', 'Server': 'cloudflare', 'CF-RAY': '8a8d78dae83782e6-IAD', 'alt-svc': 'h3=":443"; ma=86400'} 
 body={"results":[{"gender":"male","name":{"title":"Mr","first":"Damian","last":"Hacker"},"location":{"street":{"number":9408,"name":"Dorfstraße"},"city":"Creuzburg","state":"Rheinland-Pfalz","country":"Germany","postcode":57389,"coordinates":{"latitude":"-48.7944","longitude":"-94.1599"},"timezone":{"offset":"-6:00","description":"Central Time (US &amp; Canada), Mexico City"}},"email":"damian.hacker@example.com","login":{"uuid":"243f32a8-b2d1-499e-b0bc-5bf8b03b497b","username":"sadpeacock388","password":"303030","salt":"TiZeJL40","md5":"befaca6f833475b6df21acab392054b0","sha1":"713724164caad6d04af54e0ce3b956cb07a8e432","sha256":"2e637e2e22b65e4301c0ae5d7ead4cf26c3641a85fc9edcc5ba83595516e69d7"},"dob":{"date":"1983-11-01T15:45:35.988Z","age":40},"registered":{"date":"2021-05-19T14:23:59.605Z","age":3},"phone":"0701-7254613","cell":"0177-9563968","id":{"name":"SVNR","value":"11 011183 H 255"},"picture":{"large":"https://randomuser.me/api/portraits/men/56.jpg","medium":"https://randomuser.me/api/portraits/med/men/56.jpg","thumbnail":"https://randomuser.me/api/portraits/thumb/men/56.jpg"},"nat":"DE"}],"info":{"seed":"8844e0a7274ab26a","results":1,"page":1,"version":"1.4"}} 
 </msg>
<msg time="2024-07-25T16:19:32.243441" level="INFO">/opt/hostedtoolcache/Python/3.12.4/x64/lib/python3.12/site-packages/urllib3/connectionpool.py:1099: InsecureRequestWarning: Unverified HTTPS request is being made to host 'randomuser.me'. Adding certificate verification is strongly advised. See: https://urllib3.readthedocs.io/en/latest/advanced-usage.html#tls-warnings
  warnings.warn(</msg>
<msg time="2024-07-25T16:19:32.243561" level="INFO">${response} = &lt;Response [200]&gt;</msg>
<var>${response}</var>
<arg>consultarAPI</arg>
<arg>/api</arg>
<doc>Sends a GET request on a previously created HTTP Session.</doc>
<status status="PASS" start="2024-07-25T16:19:31.656749" elapsed="0.586849"/>
</kw>
<kw name="Set Variable" owner="BuiltIn">
<msg time="2024-07-25T16:19:32.245449" level="INFO">${json_data} = {'results': [{'gender': 'male', 'name': {'title': 'Mr', 'first': 'Damian', 'last': 'Hacker'}, 'location': {'street': {'number': 9408, 'name': 'Dorfstraße'}, 'city': 'Creuzburg', 'state': 'Rheinland-Pf...</msg>
<var>${json_data}</var>
<arg>${response.json()}</arg>
<doc>Returns the given values which can then be assigned to a variables.</doc>
<status status="PASS" start="2024-07-25T16:19:32.244661" elapsed="0.000829"/>
</kw>
<kw name="Log" owner="BuiltIn">
<msg time="2024-07-25T16:19:32.249494" level="INFO">{'results': [{'gender': 'male', 'name': {'title': 'Mr', 'first': 'Damian', 'last': 'Hacker'}, 'location': {'street': {'number': 9408, 'name': 'Dorfstraße'}, 'city': 'Creuzburg', 'state': 'Rheinland-Pfalz', 'country': 'Germany', 'postcode': 57389, 'coordinates': {'latitude': '-48.7944', 'longitude': '-94.1599'}, 'timezone': {'offset': '-6:00', 'description': 'Central Time (US &amp; Canada), Mexico City'}}, 'email': 'damian.hacker@example.com', 'login': {'uuid': '243f32a8-b2d1-499e-b0bc-5bf8b03b497b', 'username': 'sadpeacock388', 'password': '303030', 'salt': 'TiZeJL40', 'md5': 'befaca6f833475b6df21acab392054b0', 'sha1': '713724164caad6d04af54e0ce3b956cb07a8e432', 'sha256': '2e637e2e22b65e4301c0ae5d7ead4cf26c3641a85fc9edcc5ba83595516e69d7'}, 'dob': {'date': '1983-11-01T15:45:35.988Z', 'age': 40}, 'registered': {'date': '2021-05-19T14:23:59.605Z', 'age': 3}, 'phone': '0701-7254613', 'cell': '0177-9563968', 'id': {'name': 'SVNR', 'value': '11 011183 H 255'}, 'picture': {'large': 'https://randomuser.me/api/portraits/men/56.jpg', 'medium': 'https://randomuser.me/api/portraits/med/men/56.jpg', 'thumbnail': 'https://randomuser.me/api/portraits/thumb/men/56.jpg'}, 'nat': 'DE'}], 'info': {'seed': '8844e0a7274ab26a', 'results': 1, 'page': 1, 'version': '1.4'}}</msg>
<arg>${json_data}</arg>
<doc>Logs the given message with the given level.</doc>
<status status="PASS" start="2024-07-25T16:19:32.249280" elapsed="0.000289"/>
</kw>
<kw name="Should Be String" owner="String">
<arg>${json_data['results'][0]['gender']}</arg>
<doc>Fails if the given ``item`` is not a string.</doc>
<status status="PASS" start="2024-07-25T16:19:32.249955" elapsed="0.000433"/>
</kw>
<kw name="Should Match Regexp" owner="BuiltIn">
<arg>${json_data['results'][0]['email']}</arg>
<arg>^[a-zA-Z0-9._%+-]+@[a-zA-Z0-9.-]+\.[a-zA-Z]{2,}$</arg>
<doc>Fails if ``string`` does not match ``pattern`` as a regular expression.</doc>
<status status="PASS" start="2024-07-25T16:19:32.250627" elapsed="0.000562"/>
</kw>
<kw name="Should Match Regexp" owner="BuiltIn">
<arg>${json_data['results'][0]['dob']['date']}</arg>
<arg>\\d{4}-\\d{2}-\\d{2}T\\d{2}:\\d{2}:\\d{2}\\.\\d{3}Z</arg>
<doc>Fails if ``string`` does not match ``pattern`` as a regular expression.</doc>
<status status="PASS" start="2024-07-25T16:19:32.251401" elapsed="0.000676"/>
</kw>
<kw name="Should Match Regexp" owner="BuiltIn">
<arg>${json_data['results'][0]['registered']['date']}</arg>
<arg>\\d{4}-\\d{2}-\\d{2}T\\d{2}:\\d{2}:\\d{2}\\.\\d{3}Z</arg>
<doc>Fails if ``string`` does not match ``pattern`` as a regular expression.</doc>
<status status="PASS" start="2024-07-25T16:19:32.252293" elapsed="0.000445"/>
</kw>
<kw name="Should Match Regexp" owner="BuiltIn">
<arg>${json_data['results'][0]['picture']['large']}</arg>
<arg>^https?://.*\.(?:png|jpe?g|gif|bmp)$</arg>
<doc>Fails if ``string`` does not match ``pattern`` as a regular expression.</doc>
<status status="PASS" start="2024-07-25T16:19:32.252948" elapsed="0.000485"/>
</kw>
<kw name="Should Match Regexp" owner="BuiltIn">
<arg>${json_data['results'][0]['picture']['medium']}</arg>
<arg>^https?://.*\.(?:png|jpe?g|gif|bmp)$</arg>
<doc>Fails if ``string`` does not match ``pattern`` as a regular expression.</doc>
<status status="PASS" start="2024-07-25T16:19:32.253640" elapsed="0.000393"/>
</kw>
<kw name="Should Match Regexp" owner="BuiltIn">
<arg>${json_data['results'][0]['picture']['thumbnail']}</arg>
<arg>^https?://.*\.(?:png|jpe?g|gif|bmp)$</arg>
<doc>Fails if ``string`` does not match ``pattern`` as a regular expression.</doc>
<status status="PASS" start="2024-07-25T16:19:32.254250" elapsed="0.000382"/>
</kw>
<kw name="Log" owner="BuiltIn">
<msg time="2024-07-25T16:19:32.255160" level="INFO">{'large': 'https://randomuser.me/api/portraits/men/56.jpg', 'medium': 'https://randomuser.me/api/portraits/med/men/56.jpg', 'thumbnail': 'https://randomuser.me/api/portraits/thumb/men/56.jpg'}</msg>
<arg>${json_data['results'][0]['picture']}</arg>
<doc>Logs the given message with the given level.</doc>
<status status="PASS" start="2024-07-25T16:19:32.254825" elapsed="0.000388"/>
</kw>
<status status="PASS" start="2024-07-25T16:19:31.656510" elapsed="0.598989"/>
</kw>
<kw name="Teste de Tipos de Dados - Postcode" owner="random-user-service">
<kw name="GET On Session" owner="RequestsLibrary">
<msg time="2024-07-25T16:19:32.558207" level="INFO">GET Request : url=https://randomuser.me/api 
 path_url=/api 
 headers={'User-Agent': 'python-requests/2.32.3', 'Accept-Encoding': 'gzip, deflate', 'Accept': '*/*', 'Connection': 'keep-alive'} 
 body=None 
 </msg>
<msg time="2024-07-25T16:19:32.558323" level="INFO">GET Response : url=https://randomuser.me/api 
 status=200, reason=OK 
 headers={'Date': 'Thu, 25 Jul 2024 16:19:32 GMT', 'Content-Type': 'application/json; charset=utf-8', 'Transfer-Encoding': 'chunked', 'Connection': 'keep-alive', 'X-Powered-By': 'Express', 'Access-Control-Allow-Origin': '*', 'Cache-Control': 'no-cache', 'ETag': 'W/"4a7-NQ/C4Y/qp1XxrgWrsXFGsyrW43U"', 'Vary': 'Accept-Encoding', 'Content-Encoding': 'gzip', 'CF-Cache-Status': 'DYNAMIC', 'Report-To': '{"endpoints":[{"url":"https:\\/\\/a.nel.cloudflare.com\\/report\\/v4?s=f%2FDid%2FiXIuChJOD7gwrTsauTjLY3%2B5QU%2BIE9yLdbhQ6ioHakBjRSVtj9bq7DyjjP7EN9G85iJcz6wGArrZpndU2kyYjtRsDS9gbOE9MkgtuSCJBnZNgL32VW3IPFTMqt"}],"group":"cf-nel","max_age":604800}', 'NEL': '{"success_fraction":0,"report_to":"cf-nel","max_age":604800}', 'Server': 'cloudflare', 'CF-RAY': '8a8d78deabef82e6-IAD', 'alt-svc': 'h3=":443"; ma=86400'} 
 body={"results":[{"gender":"female","name":{"title":"Ms","first":"Nina","last":"Thompson"},"location":{"street":{"number":5310,"name":"Albany Expressway"},"city":"Hamilton","state":"Bay of Plenty","country":"New Zealand","postcode":36484,"coordinates":{"latitude":"50.1710","longitude":"59.0894"},"timezone":{"offset":"0:00","description":"Western Europe Time, London, Lisbon, Casablanca"}},"email":"nina.thompson@example.com","login":{"uuid":"bbd78041-47c6-4f7f-a3da-85f61efd1a0c","username":"purpleleopard409","password":"sophie1","salt":"DVz9C8jp","md5":"c4803594788b5d1b63df5b54a92285a3","sha1":"0f41e29e8ff7b7bf4aaa0f8558ca9a9df640ee7a","sha256":"f8fa36cff668301251148ab51602973644f1a5bb497f52120cb2566ed564ec8c"},"dob":{"date":"2000-09-27T23:55:02.643Z","age":23},"registered":{"date":"2010-06-25T19:56:58.547Z","age":14},"phone":"(898)-060-7613","cell":"(269)-985-1657","id":{"name":"","value":null},"picture":{"large":"https://randomuser.me/api/portraits/women/11.jpg","medium":"https://randomuser.me/api/portraits/med/women/11.jpg","thumbnail":"https://randomuser.me/api/portraits/thumb/women/11.jpg"},"nat":"NZ"}],"info":{"seed":"7523f24429c0211e","results":1,"page":1,"version":"1.4"}} 
 </msg>
<msg time="2024-07-25T16:19:32.558405" level="INFO">/opt/hostedtoolcache/Python/3.12.4/x64/lib/python3.12/site-packages/urllib3/connectionpool.py:1099: InsecureRequestWarning: Unverified HTTPS request is being made to host 'randomuser.me'. Adding certificate verification is strongly advised. See: https://urllib3.readthedocs.io/en/latest/advanced-usage.html#tls-warnings
  warnings.warn(</msg>
<msg time="2024-07-25T16:19:32.558542" level="INFO">${response} = &lt;Response [200]&gt;</msg>
<var>${response}</var>
<arg>consultarAPI</arg>
<arg>/api</arg>
<doc>Sends a GET request on a previously created HTTP Session.</doc>
<status status="PASS" start="2024-07-25T16:19:32.256039" elapsed="0.302555"/>
</kw>
<kw name="Set Variable" owner="BuiltIn">
<msg time="2024-07-25T16:19:32.559623" level="INFO">${json_data} = {'results': [{'gender': 'female', 'name': {'title': 'Ms', 'first': 'Nina', 'last': 'Thompson'}, 'location': {'street': {'number': 5310, 'name': 'Albany Expressway'}, 'city': 'Hamilton', 'state': 'Bay ...</msg>
<var>${json_data}</var>
<arg>${response.json()}</arg>
<doc>Returns the given values which can then be assigned to a variables.</doc>
<status status="PASS" start="2024-07-25T16:19:32.559121" elapsed="0.000530"/>
</kw>
<kw name="Log" owner="BuiltIn">
<msg time="2024-07-25T16:19:32.560112" level="INFO">{'results': [{'gender': 'female', 'name': {'title': 'Ms', 'first': 'Nina', 'last': 'Thompson'}, 'location': {'street': {'number': 5310, 'name': 'Albany Expressway'}, 'city': 'Hamilton', 'state': 'Bay of Plenty', 'country': 'New Zealand', 'postcode': 36484, 'coordinates': {'latitude': '50.1710', 'longitude': '59.0894'}, 'timezone': {'offset': '0:00', 'description': 'Western Europe Time, London, Lisbon, Casablanca'}}, 'email': 'nina.thompson@example.com', 'login': {'uuid': 'bbd78041-47c6-4f7f-a3da-85f61efd1a0c', 'username': 'purpleleopard409', 'password': 'sophie1', 'salt': 'DVz9C8jp', 'md5': 'c4803594788b5d1b63df5b54a92285a3', 'sha1': '0f41e29e8ff7b7bf4aaa0f8558ca9a9df640ee7a', 'sha256': 'f8fa36cff668301251148ab51602973644f1a5bb497f52120cb2566ed564ec8c'}, 'dob': {'date': '2000-09-27T23:55:02.643Z', 'age': 23}, 'registered': {'date': '2010-06-25T19:56:58.547Z', 'age': 14}, 'phone': '(898)-060-7613', 'cell': '(269)-985-1657', 'id': {'name': '', 'value': None}, 'picture': {'large': 'https://randomuser.me/api/portraits/women/11.jpg', 'medium': 'https://randomuser.me/api/portraits/med/women/11.jpg', 'thumbnail': 'https://randomuser.me/api/portraits/thumb/women/11.jpg'}, 'nat': 'NZ'}], 'info': {'seed': '7523f24429c0211e', 'results': 1, 'page': 1, 'version': '1.4'}}</msg>
<arg>${json_data}</arg>
<doc>Logs the given message with the given level.</doc>
<status status="PASS" start="2024-07-25T16:19:32.559956" elapsed="0.000202"/>
</kw>
<kw name="Should Be Equal As Numbers" owner="BuiltIn">
<arg>${json_data['results'][0]['location']['postcode']}</arg>
<arg>${json_data['results'][0]['location']['postcode']}</arg>
<doc>Fails if objects are unequal after converting them to real numbers.</doc>
<status status="PASS" start="2024-07-25T16:19:32.560446" elapsed="0.000668"/>
</kw>
<kw name="Log" owner="BuiltIn">
<msg time="2024-07-25T16:19:32.561674" level="INFO">36484</msg>
<arg>${json_data['results'][0]['location']['postcode']}</arg>
<doc>Logs the given message with the given level.</doc>
<status status="PASS" start="2024-07-25T16:19:32.561338" elapsed="0.000376"/>
</kw>
<status status="PASS" start="2024-07-25T16:19:32.255762" elapsed="0.306207"/>
</kw>
<doc>Testa se os tipos de dados na resposta da API estão corretos.</doc>
<tag>testeTiposDados</tag>
<status status="PASS" start="2024-07-25T16:19:31.656048" elapsed="0.906090"/>
</test>
<test id="s1-s1-t5" name="Validar conteudo" line="35">
<kw name="Teste de Tipos de Conteudo" owner="random-user-service">
<kw name="GET On Session" owner="RequestsLibrary">
<msg time="2024-07-25T16:19:32.879606" level="INFO">GET Request : url=https://randomuser.me/api 
 path_url=/api 
 headers={'User-Agent': 'python-requests/2.32.3', 'Accept-Encoding': 'gzip, deflate', 'Accept': '*/*', 'Connection': 'keep-alive'} 
 body=None 
 </msg>
<msg time="2024-07-25T16:19:32.879711" level="INFO">GET Response : url=https://randomuser.me/api 
 status=200, reason=OK 
 headers={'Date': 'Thu, 25 Jul 2024 16:19:32 GMT', 'Content-Type': 'application/json; charset=utf-8', 'Transfer-Encoding': 'chunked', 'Connection': 'keep-alive', 'X-Powered-By': 'Express', 'Access-Control-Allow-Origin': '*', 'Cache-Control': 'no-cache', 'ETag': 'W/"484-QVhxMwQJ5FrjBXnXzKBnmaXxSkw"', 'Vary': 'Accept-Encoding', 'Content-Encoding': 'gzip', 'CF-Cache-Status': 'DYNAMIC', 'Report-To': '{"endpoints":[{"url":"https:\\/\\/a.nel.cloudflare.com\\/report\\/v4?s=yWiZKjS9mk1oDo9DbgUJF61iXFHD4R97U9%2B51SNm8uF4IL0Lu7hpB%2FTDypIx76L2293NBOc%2BwrXsFvblXgHIIzumN3bblgrivZZ%2FB8YpIIc4YJuJKofoJ0sIaXNUkCRJ"}],"group":"cf-nel","max_age":604800}', 'NEL': '{"success_fraction":0,"report_to":"cf-nel","max_age":604800}', 'Server': 'cloudflare', 'CF-RAY': '8a8d78e09db082e6-IAD', 'alt-svc': 'h3=":443"; ma=86400'} 
 body={"results":[{"gender":"female","name":{"title":"Miss","first":"Malou","last":"Hansen"},"location":{"street":{"number":7407,"name":"Astrupvej"},"city":"Jystrup","state":"Hovedstaden","country":"Denmark","postcode":22149,"coordinates":{"latitude":"-40.7999","longitude":"169.5165"},"timezone":{"offset":"+2:00","description":"Kaliningrad, South Africa"}},"email":"malou.hansen@example.com","login":{"uuid":"9248b054-208e-4cbc-8869-801ab74205e6","username":"organicleopard155","password":"geheim","salt":"bI4WTXcF","md5":"102d8b0781338d9a9f2aba89fc163a6b","sha1":"2f438fe8d8a633a4e31060e03698b484dd4de160","sha256":"faa905d16fc646355990a4e1170a14ad883c2e209c01f133562fcc6b7d711f1d"},"dob":{"date":"1948-06-18T08:23:49.608Z","age":76},"registered":{"date":"2015-07-18T14:25:34.340Z","age":9},"phone":"43103837","cell":"71052598","id":{"name":"CPR","value":"180648-7297"},"picture":{"large":"https://randomuser.me/api/portraits/women/71.jpg","medium":"https://randomuser.me/api/portraits/med/women/71.jpg","thumbnail":"https://randomuser.me/api/portraits/thumb/women/71.jpg"},"nat":"DK"}],"info":{"seed":"605f9fc9a4e50a99","results":1,"page":1,"version":"1.4"}} 
 </msg>
<msg time="2024-07-25T16:19:32.879788" level="INFO">/opt/hostedtoolcache/Python/3.12.4/x64/lib/python3.12/site-packages/urllib3/connectionpool.py:1099: InsecureRequestWarning: Unverified HTTPS request is being made to host 'randomuser.me'. Adding certificate verification is strongly advised. See: https://urllib3.readthedocs.io/en/latest/advanced-usage.html#tls-warnings
  warnings.warn(</msg>
<msg time="2024-07-25T16:19:32.879916" level="INFO">${response} = &lt;Response [200]&gt;</msg>
<var>${response}</var>
<arg>consultarAPI</arg>
<arg>/api</arg>
<doc>Sends a GET request on a previously created HTTP Session.</doc>
<status status="PASS" start="2024-07-25T16:19:32.564963" elapsed="0.315003"/>
</kw>
<kw name="Set Variable" owner="BuiltIn">
<msg time="2024-07-25T16:19:32.881046" level="INFO">${json_data} = {'results': [{'gender': 'female', 'name': {'title': 'Miss', 'first': 'Malou', 'last': 'Hansen'}, 'location': {'street': {'number': 7407, 'name': 'Astrupvej'}, 'city': 'Jystrup', 'state': 'Hovedstaden'...</msg>
<var>${json_data}</var>
<arg>${response.json()}</arg>
<doc>Returns the given values which can then be assigned to a variables.</doc>
<status status="PASS" start="2024-07-25T16:19:32.880495" elapsed="0.000579"/>
</kw>
<kw name="Set Variable" owner="BuiltIn">
<msg time="2024-07-25T16:19:32.881763" level="INFO">${name_title} = Miss</msg>
<var>${name_title}</var>
<arg>${json_data["results"][0]["name"]["title"]}</arg>
<doc>Returns the given values which can then be assigned to a variables.</doc>
<status status="PASS" start="2024-07-25T16:19:32.881380" elapsed="0.000414"/>
</kw>
<kw name="Create List" owner="BuiltIn">
<msg time="2024-07-25T16:19:32.882239" level="INFO">${allowed_titles} = ['Mr', 'Ms', 'Miss', 'Mrs', 'Madame', 'Monsieur']</msg>
<var>${allowed_titles}</var>
<arg>Mr</arg>
<arg>Ms</arg>
<arg>Miss</arg>
<arg>Mrs</arg>
<arg>Madame</arg>
<arg>Monsieur</arg>
<doc>Returns a list containing given items.</doc>
<status status="PASS" start="2024-07-25T16:19:32.882089" elapsed="0.000175"/>
</kw>
<kw name="List Should Contain Value" owner="Collections">
<arg>${allowed_titles}</arg>
<arg>${name_title}</arg>
<doc>Fails if the ``value`` is not found from ``list``.</doc>
<status status="PASS" start="2024-07-25T16:19:32.882562" elapsed="0.000175"/>
</kw>
<kw name="Set Variable" owner="BuiltIn">
<msg time="2024-07-25T16:19:32.883287" level="INFO">${name_country} = DK</msg>
<var>${name_country}</var>
<arg>${json_data["results"][0]["nat"]}</arg>
<doc>Returns the given values which can then be assigned to a variables.</doc>
<status status="PASS" start="2024-07-25T16:19:32.882921" elapsed="0.000391"/>
</kw>
<kw name="Create List" owner="BuiltIn">
<msg time="2024-07-25T16:19:32.884183" level="INFO">${list_country} = ['AD', 'AE', 'AF', 'AG', 'AI', 'AL', 'AM', 'AO', 'AQ', 'AR', 'AS', 'AT', 'AU', 'AW', 'AX', 'AZ', 'BA', 'BB', 'BD', 'BE', 'BF', 'BG', 'BH', 'BI', 'BJ', 'BL', 'BM', 'BN', 'BO', 'BQ', 'BR', 'BS', 'BT', '...</msg>
<var>${list_country}</var>
<arg>AD</arg>
<arg>AE</arg>
<arg>AF</arg>
<arg>AG</arg>
<arg>AI</arg>
<arg>AL</arg>
<arg>AM</arg>
<arg>AO</arg>
<arg>AQ</arg>
<arg>AR</arg>
<arg>AS</arg>
<arg>AT</arg>
<arg>AU</arg>
<arg>AW</arg>
<arg>AX</arg>
<arg>AZ</arg>
<arg>BA</arg>
<arg>BB</arg>
<arg>BD</arg>
<arg>BE</arg>
<arg>BF</arg>
<arg>BG</arg>
<arg>BH</arg>
<arg>BI</arg>
<arg>BJ</arg>
<arg>BL</arg>
<arg>BM</arg>
<arg>BN</arg>
<arg>BO</arg>
<arg>BQ</arg>
<arg>BR</arg>
<arg>BS</arg>
<arg>BT</arg>
<arg>BV</arg>
<arg>BW</arg>
<arg>BY</arg>
<arg>BZ</arg>
<arg>CA</arg>
<arg>CC</arg>
<arg>CD</arg>
<arg>CF</arg>
<arg>CG</arg>
<arg>CH</arg>
<arg>CI</arg>
<arg>CK</arg>
<arg>CL</arg>
<arg>CM</arg>
<arg>CN</arg>
<arg>CO</arg>
<arg>CR</arg>
<arg>CU</arg>
<arg>CV</arg>
<arg>CW</arg>
<arg>CX</arg>
<arg>CY</arg>
<arg>CZ</arg>
<arg>DE</arg>
<arg>DJ</arg>
<arg>DK</arg>
<arg>DM</arg>
<arg>DO</arg>
<arg>DZ</arg>
<arg>EC</arg>
<arg>EE</arg>
<arg>EG</arg>
<arg>EH</arg>
<arg>ER</arg>
<arg>ES</arg>
<arg>ET</arg>
<arg>FI</arg>
<arg>FJ</arg>
<arg>FK</arg>
<arg>FM</arg>
<arg>FO</arg>
<arg>FR</arg>
<arg>GA</arg>
<arg>GB</arg>
<arg>GD</arg>
<arg>GE</arg>
<arg>GF</arg>
<arg>GG</arg>
<arg>GH</arg>
<arg>GI</arg>
<arg>GL</arg>
<arg>GM</arg>
<arg>GN</arg>
<arg>GP</arg>
<arg>GQ</arg>
<arg>GR</arg>
<arg>GS</arg>
<arg>GT</arg>
<arg>GU</arg>
<arg>GW</arg>
<arg>GY</arg>
<arg>HK</arg>
<arg>HM</arg>
<arg>HN</arg>
<arg>HR</arg>
<arg>HT</arg>
<arg>HU</arg>
<arg>ID</arg>
<arg>IE</arg>
<arg>IL</arg>
<arg>IM</arg>
<arg>IN</arg>
<arg>IO</arg>
<arg>IQ</arg>
<arg>IR</arg>
<arg>IS</arg>
<arg>IT</arg>
<arg>JE</arg>
<arg>JM</arg>
<arg>JO</arg>
<arg>JP</arg>
<arg>KE</arg>
<arg>KG</arg>
<arg>KH</arg>
<arg>KI</arg>
<arg>KM</arg>
<arg>KN</arg>
<arg>KP</arg>
<arg>KR</arg>
<arg>KW</arg>
<arg>KY</arg>
<arg>KZ</arg>
<arg>LA</arg>
<arg>LB</arg>
<arg>LC</arg>
<arg>LI</arg>
<arg>LK</arg>
<arg>LR</arg>
<arg>LS</arg>
<arg>LT</arg>
<arg>LU</arg>
<arg>LV</arg>
<arg>LY</arg>
<arg>MA</arg>
<arg>MC</arg>
<arg>MD</arg>
<arg>ME</arg>
<arg>MF</arg>
<arg>MG</arg>
<arg>MH</arg>
<arg>MK</arg>
<arg>ML</arg>
<arg>MM</arg>
<arg>MN</arg>
<arg>MO</arg>
<arg>MP</arg>
<arg>MQ</arg>
<arg>MR</arg>
<arg>MS</arg>
<arg>MT</arg>
<arg>MU</arg>
<arg>MV</arg>
<arg>MW</arg>
<arg>MX</arg>
<arg>MY</arg>
<arg>MZ</arg>
<arg>NA</arg>
<arg>NC</arg>
<arg>NE</arg>
<arg>NF</arg>
<arg>NG</arg>
<arg>NI</arg>
<arg>NL</arg>
<arg>NO</arg>
<arg>NP</arg>
<arg>NR</arg>
<arg>NU</arg>
<arg>NZ</arg>
<arg>OM</arg>
<arg>PA</arg>
<arg>PE</arg>
<arg>PF</arg>
<arg>PG</arg>
<arg>PH</arg>
<arg>PK</arg>
<arg>PL</arg>
<arg>PM</arg>
<arg>PN</arg>
<arg>PR</arg>
<arg>PS</arg>
<arg>PT</arg>
<arg>PW</arg>
<arg>PY</arg>
<arg>QA</arg>
<arg>RE</arg>
<arg>RO</arg>
<arg>RS</arg>
<arg>RU</arg>
<arg>RW</arg>
<arg>SA</arg>
<arg>SB</arg>
<arg>SC</arg>
<arg>SD</arg>
<arg>SE</arg>
<arg>SG</arg>
<arg>SH</arg>
<arg>SI</arg>
<arg>SJ</arg>
<arg>SK</arg>
<arg>SL</arg>
<arg>SM</arg>
<arg>SN</arg>
<arg>SO</arg>
<arg>SR</arg>
<arg>SS</arg>
<arg>ST</arg>
<arg>SV</arg>
<arg>SX</arg>
<arg>SY</arg>
<arg>SZ</arg>
<arg>TC</arg>
<arg>TD</arg>
<arg>TF</arg>
<arg>TG</arg>
<arg>TH</arg>
<arg>TJ</arg>
<arg>TK</arg>
<arg>TL</arg>
<arg>TM</arg>
<arg>TN</arg>
<arg>TO</arg>
<arg>TR</arg>
<arg>TT</arg>
<arg>TV</arg>
<arg>TW</arg>
<arg>TZ</arg>
<arg>UA</arg>
<arg>UG</arg>
<arg>UM</arg>
<arg>US</arg>
<arg>UY</arg>
<arg>UZ</arg>
<arg>VA</arg>
<arg>VC</arg>
<arg>VE</arg>
<arg>VG</arg>
<arg>VI</arg>
<arg>VN</arg>
<arg>VU</arg>
<arg>WF</arg>
<arg>WS</arg>
<arg>XK</arg>
<arg>YE</arg>
<arg>YT</arg>
<arg>ZA</arg>
<arg>ZM</arg>
<arg>ZW</arg>
<doc>Returns a list containing given items.</doc>
<status status="PASS" start="2024-07-25T16:19:32.883599" elapsed="0.000610"/>
</kw>
<kw name="List Should Contain Value" owner="Collections">
<arg>${list_country}</arg>
<arg>${name_country}</arg>
<doc>Fails if the ``value`` is not found from ``list``.</doc>
<status status="PASS" start="2024-07-25T16:19:32.885190" elapsed="0.000212"/>
</kw>
<kw name="Run Keyword If" owner="BuiltIn">
<kw name="Should Be True" owner="BuiltIn">
<arg>${True}</arg>
<doc>Fails if the given condition is not true.</doc>
<status status="PASS" start="2024-07-25T16:19:32.886341" elapsed="0.000140"/>
</kw>
<arg>${json_data["results"][0]["location"]["coordinates"]["latitude"]} &gt;= -90 and ${json_data["results"][0]["location"]["coordinates"]["latitude"]} &lt;= 90</arg>
<arg>Should Be True</arg>
<arg>${True}</arg>
<doc>Runs the given keyword with the given arguments, if ``condition`` is true.</doc>
<status status="PASS" start="2024-07-25T16:19:32.885602" elapsed="0.001002"/>
</kw>
<kw name="Run Keyword If" owner="BuiltIn">
<kw name="Should Be True" owner="BuiltIn">
<arg>${True}</arg>
<doc>Fails if the given condition is not true.</doc>
<status status="PASS" start="2024-07-25T16:19:32.887478" elapsed="0.000136"/>
</kw>
<arg>${json_data["results"][0]["location"]["coordinates"]["longitude"]} &gt;= -180 and ${json_data["results"][0]["location"]["coordinates"]["longitude"]} &lt;= 180</arg>
<arg>Should Be True</arg>
<arg>${True}</arg>
<doc>Runs the given keyword with the given arguments, if ``condition`` is true.</doc>
<status status="PASS" start="2024-07-25T16:19:32.886785" elapsed="0.000956"/>
</kw>
<status status="PASS" start="2024-07-25T16:19:32.564557" elapsed="0.323314"/>
</kw>
<doc>Testa o conteúdo específico dos campos retornados pela API.</doc>
<tag>testeConteudo</tag>
<status status="PASS" start="2024-07-25T16:19:32.563886" elapsed="0.324137"/>
</test>
<status status="PASS" start="2024-07-25T16:19:27.985779" elapsed="4.904214"/>
</suite>
<status status="PASS" start="2024-07-25T16:19:27.971437" elapsed="4.923713"/>
</suite>
<statistics>
<total>
<stat pass="5" fail="0" skip="0">All Tests</stat>
</total>
<tag>
<stat pass="1" fail="0" skip="0">testeConteudo</stat>
<stat pass="1" fail="0" skip="0">testeEstruturaResposta</stat>
<stat pass="1" fail="0" skip="0">testeRequisicaoBasica</stat>
<stat pass="1" fail="0" skip="0">testeTiposDados</stat>
</tag>
<suite>
<stat pass="5" fail="0" skip="0" id="s1" name="Tests">Tests</stat>
<stat pass="5" fail="0" skip="0" id="s1-s1" name="Random-User-Test">Tests.Random-User-Test</stat>
</suite>
</statistics>
<errors>
</errors>
</robot>
