<?xml version="1.0" encoding="UTF-8"?>
<robot generator="Robot 7.0.1 (Python 3.12.3 on linux)" generated="2024-06-11T23:14:37.226790" rpa="false" schemaversion="5">
<suite id="s1" name="Tests" source="/home/runner/work/ApiRandomUser/ApiRandomUser/RamdonUser/tests">
<suite id="s1-s1" name="Random-User-Test" source="/home/runner/work/ApiRandomUser/ApiRandomUser/RamdonUser/tests/random-user-test.robot">
<test id="s1-s1-t1" name="Conectar" line="13">
<kw name="Conectar API" owner="random-user-service">
<kw name="Create Session" owner="RequestsLibrary">
<msg time="2024-06-11T23:14:37.619003" level="INFO">Creating Session using : alias=consultarAPI, url=https://randomuser.me/, headers={},                     cookies={}, auth=None, timeout=None, proxies=None, verify=False,                     debug=0 </msg>
<arg>consultarAPI</arg>
<arg>${URL}</arg>
<doc>Create Session: create a HTTP session to a server</doc>
<status status="PASS" start="2024-06-11T23:14:37.618798" elapsed="0.000398"/>
</kw>
<status status="PASS" start="2024-06-11T23:14:37.617731" elapsed="0.001836"/>
</kw>
<status status="PASS" start="2024-06-11T23:14:37.617118" elapsed="0.002671"/>
</test>
<test id="s1-s1-t2" name="Validar retorno 200 e JSON Válido" line="16">
<kw name="Teste de Requisicao Basica" owner="random-user-service">
<kw name="GET On Session" owner="RequestsLibrary">
<msg time="2024-06-11T23:14:37.709539" level="INFO">GET Request : url=https://randomuser.me/api 
 path_url=/api 
 headers={'User-Agent': 'python-requests/2.32.3', 'Accept-Encoding': 'gzip, deflate', 'Accept': '*/*', 'Connection': 'keep-alive'} 
 body=None 
 </msg>
<msg time="2024-06-11T23:14:37.709698" level="INFO">GET Response : url=https://randomuser.me/api 
 status=200, reason=OK 
 headers={'Date': 'Tue, 11 Jun 2024 23:14:37 GMT', 'Content-Type': 'application/json; charset=utf-8', 'Transfer-Encoding': 'chunked', 'Connection': 'keep-alive', 'X-Powered-By': 'Express', 'Access-Control-Allow-Origin': '*', 'Cache-Control': 'no-cache', 'ETag': 'W/"4c3-i+T4Vx725ikErZ7OzheJ0aNb27I"', 'Vary': 'Accept-Encoding', 'Content-Encoding': 'gzip', 'CF-Cache-Status': 'DYNAMIC', 'Report-To': '{"endpoints":[{"url":"https:\\/\\/a.nel.cloudflare.com\\/report\\/v4?s=UqCoTL9LUOcjbMuGDw3yzyqxFr2Ynlz9%2FWWcn9HvFBF6RzVa44pYOVoXOJiDtZYVcTo0aGpie%2BwYhkKmOYO9zfdTkNuYPl3HOv%2Fa%2FMXvZiIgge4Mr8nit1l47lxRCFxD"}],"group":"cf-nel","max_age":604800}', 'NEL': '{"success_fraction":0,"report_to":"cf-nel","max_age":604800}', 'Server': 'cloudflare', 'CF-RAY': '89254c696a59e27b-ORD', 'alt-svc': 'h3=":443"; ma=86400'} 
 body={"results":[{"gender":"male","name":{"title":"Mr","first":"Omar","last":"de la Fuente"},"location":{"street":{"number":3650,"name":"Ampliación Coahuila de Zaragoza"},"city":"San Francisco de Borja","state":"Tamaulipas","country":"Mexico","postcode":85431,"coordinates":{"latitude":"25.2957","longitude":"-159.1697"},"timezone":{"offset":"-6:00","description":"Central Time (US &amp; Canada), Mexico City"}},"email":"omar.delafuente@example.com","login":{"uuid":"b4350add-6063-46dc-9d5a-930eee0c3313","username":"goldenmouse636","password":"splurge","salt":"yayoyZYJ","md5":"2a1f743def5ee15ec2d2959174baf59b","sha1":"aaa85a79e3700698fb608fab47d92d30312a2f1e","sha256":"824cbafe0853159ba5498725442cdb8b5afe0dd7069449dea025a42d06e3214e"},"dob":{"date":"1956-08-26T11:42:01.962Z","age":67},"registered":{"date":"2003-03-23T05:19:57.111Z","age":21},"phone":"(698) 072 1120","cell":"(626) 166 4426","id":{"name":"NSS","value":"62 89 63 7179 9"},"picture":{"large":"https://randomuser.me/api/portraits/men/91.jpg","medium":"https://randomuser.me/api/portraits/med/men/91.jpg","thumbnail":"https://randomuser.me/api/portraits/thumb/men/91.jpg"},"nat":"MX"}],"info":{"seed":"609a399ee0a33ae1","results":1,"page":1,"version":"1.4"}} 
 </msg>
<msg time="2024-06-11T23:14:37.709787" level="INFO">/opt/hostedtoolcache/Python/3.12.3/x64/lib/python3.12/site-packages/urllib3/connectionpool.py:1103: InsecureRequestWarning: Unverified HTTPS request is being made to host 'randomuser.me'. Adding certificate verification is strongly advised. See: https://urllib3.readthedocs.io/en/latest/advanced-usage.html#tls-warnings
  warnings.warn(</msg>
<msg time="2024-06-11T23:14:37.709935" level="INFO">${response} = &lt;Response [200]&gt;</msg>
<var>${response}</var>
<arg>consultarAPI</arg>
<arg>/api</arg>
<doc>Sends a GET request on a previously created HTTP Session.</doc>
<status status="PASS" start="2024-06-11T23:14:37.622441" elapsed="0.087535"/>
</kw>
<kw name="Should Be Equal As Numbers" owner="BuiltIn">
<msg time="2024-06-11T23:14:37.711119" level="INFO">Argument types are:
&lt;class 'int'&gt;
&lt;class 'str'&gt;</msg>
<arg>${response.status_code}</arg>
<arg>200</arg>
<doc>Fails if objects are unequal after converting them to real numbers.</doc>
<status status="PASS" start="2024-06-11T23:14:37.710630" elapsed="0.000555"/>
</kw>
<kw name="Log" owner="BuiltIn">
<msg time="2024-06-11T23:14:37.711939" level="INFO">200</msg>
<arg>${response.status_code}</arg>
<doc>Logs the given message with the given level.</doc>
<status status="PASS" start="2024-06-11T23:14:37.711538" elapsed="0.000450"/>
</kw>
<kw name="Set Variable" owner="BuiltIn">
<msg time="2024-06-11T23:14:37.712748" level="INFO">${json_data} = {'results': [{'gender': 'male', 'name': {'title': 'Mr', 'first': 'Omar', 'last': 'de la Fuente'}, 'location': {'street': {'number': 3650, 'name': 'Ampliación Coahuila de Zaragoza'}, 'city': 'San Franc...</msg>
<var>${json_data}</var>
<arg>${response.json()}</arg>
<doc>Returns the given values which can then be assigned to a variables.</doc>
<status status="PASS" start="2024-06-11T23:14:37.712308" elapsed="0.000469"/>
</kw>
<kw name="Dictionary Should Contain Key" owner="Collections">
<arg>${json_data}</arg>
<arg>results</arg>
<doc>Fails if ``key`` is not found from ``dictionary``.</doc>
<status status="PASS" start="2024-06-11T23:14:37.713079" elapsed="0.000173"/>
</kw>
<status status="PASS" start="2024-06-11T23:14:37.622201" elapsed="0.091206"/>
</kw>
<doc>Testa se a API responde corretamente e retorna um objeto JSON válido.</doc>
<tag>testeRequisicaoBasica</tag>
<status status="PASS" start="2024-06-11T23:14:37.621659" elapsed="0.091929"/>
</test>
<test id="s1-s1-t3" name="Validar estrutura de resposta" line="22">
<kw name="Teste de Estrutura de Resposta" owner="random-user-service">
<kw name="GET On Session" owner="RequestsLibrary">
<msg time="2024-06-11T23:14:37.805407" level="INFO">GET Request : url=https://randomuser.me/api 
 path_url=/api 
 headers={'User-Agent': 'python-requests/2.32.3', 'Accept-Encoding': 'gzip, deflate', 'Accept': '*/*', 'Connection': 'keep-alive'} 
 body=None 
 </msg>
<msg time="2024-06-11T23:14:37.805508" level="INFO">GET Response : url=https://randomuser.me/api 
 status=200, reason=OK 
 headers={'Date': 'Tue, 11 Jun 2024 23:14:37 GMT', 'Content-Type': 'application/json; charset=utf-8', 'Transfer-Encoding': 'chunked', 'Connection': 'keep-alive', 'X-Powered-By': 'Express', 'Access-Control-Allow-Origin': '*', 'Cache-Control': 'no-cache', 'ETag': 'W/"49b-w8TlxDZ/5ZGJdfhcbLw73GG/6WY"', 'Vary': 'Accept-Encoding', 'Content-Encoding': 'gzip', 'CF-Cache-Status': 'DYNAMIC', 'Report-To': '{"endpoints":[{"url":"https:\\/\\/a.nel.cloudflare.com\\/report\\/v4?s=sL1DiHjxs%2Bxb3XBel5XRibR5QNFzskLDsa%2BLAPelX%2BK0QeIW0NW47QMuibkO8fvfMC0TZNM%2BxxOzXjEoE03TEXjpqpbOHeetp9EQcXhiv%2F6yWAcLPYSrjfH5SpxQu66V"}],"group":"cf-nel","max_age":604800}', 'NEL': '{"success_fraction":0,"report_to":"cf-nel","max_age":604800}', 'Server': 'cloudflare', 'CF-RAY': '89254c69bab3e27b-ORD', 'alt-svc': 'h3=":443"; ma=86400'} 
 body={"results":[{"gender":"female","name":{"title":"Mrs","first":"Emilie","last":"Bouchard"},"location":{"street":{"number":3083,"name":"Vimy St"},"city":"Inverness","state":"Nova Scotia","country":"Canada","postcode":"O4N 2Y2","coordinates":{"latitude":"-68.0810","longitude":"31.8748"},"timezone":{"offset":"+11:00","description":"Magadan, Solomon Islands, New Caledonia"}},"email":"emilie.bouchard@example.com","login":{"uuid":"619f4e78-b6fb-416a-be73-4a1ec1b0fda3","username":"brownfish711","password":"jungle","salt":"x8SfyOC6","md5":"7e05b300b0a825111c5d7fcc5bf58449","sha1":"f9099a9b4cb91ce7a3884b41abc26ebf22ed4829","sha256":"f66ec41d8d12ac515a0ed425e9551c89d65bc368a8ef796b1b33f1245325971c"},"dob":{"date":"1948-09-07T22:40:38.927Z","age":75},"registered":{"date":"2020-02-29T16:04:34.402Z","age":4},"phone":"C70 Z86-2697","cell":"I72 M52-6591","id":{"name":"SIN","value":"209334770"},"picture":{"large":"https://randomuser.me/api/portraits/women/74.jpg","medium":"https://randomuser.me/api/portraits/med/women/74.jpg","thumbnail":"https://randomuser.me/api/portraits/thumb/women/74.jpg"},"nat":"CA"}],"info":{"seed":"1d48240a90165f43","results":1,"page":1,"version":"1.4"}} 
 </msg>
<msg time="2024-06-11T23:14:37.805659" level="INFO">/opt/hostedtoolcache/Python/3.12.3/x64/lib/python3.12/site-packages/urllib3/connectionpool.py:1103: InsecureRequestWarning: Unverified HTTPS request is being made to host 'randomuser.me'. Adding certificate verification is strongly advised. See: https://urllib3.readthedocs.io/en/latest/advanced-usage.html#tls-warnings
  warnings.warn(</msg>
<msg time="2024-06-11T23:14:37.805792" level="INFO">${response} = &lt;Response [200]&gt;</msg>
<var>${response}</var>
<arg>consultarAPI</arg>
<arg>/api</arg>
<doc>Sends a GET request on a previously created HTTP Session.</doc>
<status status="PASS" start="2024-06-11T23:14:37.716462" elapsed="0.089378"/>
</kw>
<kw name="Set Variable" owner="BuiltIn">
<msg time="2024-06-11T23:14:37.807015" level="INFO">${json_data} = {'results': [{'gender': 'female', 'name': {'title': 'Mrs', 'first': 'Emilie', 'last': 'Bouchard'}, 'location': {'street': {'number': 3083, 'name': 'Vimy St'}, 'city': 'Inverness', 'state': 'Nova Scoti...</msg>
<var>${json_data}</var>
<arg>${response.json()}</arg>
<doc>Returns the given values which can then be assigned to a variables.</doc>
<status status="PASS" start="2024-06-11T23:14:37.806457" elapsed="0.000587"/>
</kw>
<kw name="Log" owner="BuiltIn">
<msg time="2024-06-11T23:14:37.807511" level="INFO">{'results': [{'gender': 'female', 'name': {'title': 'Mrs', 'first': 'Emilie', 'last': 'Bouchard'}, 'location': {'street': {'number': 3083, 'name': 'Vimy St'}, 'city': 'Inverness', 'state': 'Nova Scotia', 'country': 'Canada', 'postcode': 'O4N 2Y2', 'coordinates': {'latitude': '-68.0810', 'longitude': '31.8748'}, 'timezone': {'offset': '+11:00', 'description': 'Magadan, Solomon Islands, New Caledonia'}}, 'email': 'emilie.bouchard@example.com', 'login': {'uuid': '619f4e78-b6fb-416a-be73-4a1ec1b0fda3', 'username': 'brownfish711', 'password': 'jungle', 'salt': 'x8SfyOC6', 'md5': '7e05b300b0a825111c5d7fcc5bf58449', 'sha1': 'f9099a9b4cb91ce7a3884b41abc26ebf22ed4829', 'sha256': 'f66ec41d8d12ac515a0ed425e9551c89d65bc368a8ef796b1b33f1245325971c'}, 'dob': {'date': '1948-09-07T22:40:38.927Z', 'age': 75}, 'registered': {'date': '2020-02-29T16:04:34.402Z', 'age': 4}, 'phone': 'C70 Z86-2697', 'cell': 'I72 M52-6591', 'id': {'name': 'SIN', 'value': '209334770'}, 'picture': {'large': 'https://randomuser.me/api/portraits/women/74.jpg', 'medium': 'https://randomuser.me/api/portraits/med/women/74.jpg', 'thumbnail': 'https://randomuser.me/api/portraits/thumb/women/74.jpg'}, 'nat': 'CA'}], 'info': {'seed': '1d48240a90165f43', 'results': 1, 'page': 1, 'version': '1.4'}}</msg>
<arg>${json_data}</arg>
<doc>Logs the given message with the given level.</doc>
<status status="PASS" start="2024-06-11T23:14:37.807353" elapsed="0.000208"/>
</kw>
<kw name="Dictionary Should Contain Key" owner="Collections">
<arg>${json_data}</arg>
<arg>results</arg>
<doc>Fails if ``key`` is not found from ``dictionary``.</doc>
<status status="PASS" start="2024-06-11T23:14:37.807902" elapsed="0.000165"/>
</kw>
<kw name="Should Not Be Empty" owner="BuiltIn">
<msg time="2024-06-11T23:14:37.808380" level="INFO">Length is 2.</msg>
<arg>${json_data}</arg>
<doc>Verifies that the given item is not empty.</doc>
<status status="PASS" start="2024-06-11T23:14:37.808254" elapsed="0.000165"/>
</kw>
<kw name="Create List" owner="BuiltIn">
<msg time="2024-06-11T23:14:37.808859" level="INFO">${expected_keys} = ['gender', 'name', 'location', 'email', 'login']</msg>
<var>${expected_keys}</var>
<arg>gender</arg>
<arg>name</arg>
<arg>location</arg>
<arg>email</arg>
<arg>login</arg>
<doc>Returns a list containing given items.</doc>
<status status="PASS" start="2024-06-11T23:14:37.808712" elapsed="0.000171"/>
</kw>
<for flavor="IN">
<iter>
<kw name="Dictionary Should Contain Key" owner="Collections">
<arg>${json_data['results'][0]}</arg>
<arg>${key}</arg>
<doc>Fails if ``key`` is not found from ``dictionary``.</doc>
<status status="PASS" start="2024-06-11T23:14:37.809482" elapsed="0.000400"/>
</kw>
<kw name="Log" owner="BuiltIn">
<msg time="2024-06-11T23:14:37.810440" level="INFO">{'gender': 'female', 'name': {'title': 'Mrs', 'first': 'Emilie', 'last': 'Bouchard'}, 'location': {'street': {'number': 3083, 'name': 'Vimy St'}, 'city': 'Inverness', 'state': 'Nova Scotia', 'country': 'Canada', 'postcode': 'O4N 2Y2', 'coordinates': {'latitude': '-68.0810', 'longitude': '31.8748'}, 'timezone': {'offset': '+11:00', 'description': 'Magadan, Solomon Islands, New Caledonia'}}, 'email': 'emilie.bouchard@example.com', 'login': {'uuid': '619f4e78-b6fb-416a-be73-4a1ec1b0fda3', 'username': 'brownfish711', 'password': 'jungle', 'salt': 'x8SfyOC6', 'md5': '7e05b300b0a825111c5d7fcc5bf58449', 'sha1': 'f9099a9b4cb91ce7a3884b41abc26ebf22ed4829', 'sha256': 'f66ec41d8d12ac515a0ed425e9551c89d65bc368a8ef796b1b33f1245325971c'}, 'dob': {'date': '1948-09-07T22:40:38.927Z', 'age': 75}, 'registered': {'date': '2020-02-29T16:04:34.402Z', 'age': 4}, 'phone': 'C70 Z86-2697', 'cell': 'I72 M52-6591', 'id': {'name': 'SIN', 'value': '209334770'}, 'picture': {'large': 'https://randomuser.me/api/portraits/women/74.jpg', 'medium': 'https://randomuser.me/api/portraits/med/women/74.jpg', 'thumbnail': 'https://randomuser.me/api/portraits/thumb/women/74.jpg'}, 'nat': 'CA'}</msg>
<arg>${json_data['results'][0]}</arg>
<doc>Logs the given message with the given level.</doc>
<status status="PASS" start="2024-06-11T23:14:37.810076" elapsed="0.000415"/>
</kw>
<kw name="Log" owner="BuiltIn">
<msg time="2024-06-11T23:14:37.810924" level="INFO">gender</msg>
<arg>${key}</arg>
<doc>Logs the given message with the given level.</doc>
<status status="PASS" start="2024-06-11T23:14:37.810794" elapsed="0.000169"/>
</kw>
<var name="${key}">gender</var>
<status status="PASS" start="2024-06-11T23:14:37.809347" elapsed="0.001842"/>
</iter>
<iter>
<kw name="Dictionary Should Contain Key" owner="Collections">
<arg>${json_data['results'][0]}</arg>
<arg>${key}</arg>
<doc>Fails if ``key`` is not found from ``dictionary``.</doc>
<status status="PASS" start="2024-06-11T23:14:37.811495" elapsed="0.000434"/>
</kw>
<kw name="Log" owner="BuiltIn">
<msg time="2024-06-11T23:14:37.812509" level="INFO">{'gender': 'female', 'name': {'title': 'Mrs', 'first': 'Emilie', 'last': 'Bouchard'}, 'location': {'street': {'number': 3083, 'name': 'Vimy St'}, 'city': 'Inverness', 'state': 'Nova Scotia', 'country': 'Canada', 'postcode': 'O4N 2Y2', 'coordinates': {'latitude': '-68.0810', 'longitude': '31.8748'}, 'timezone': {'offset': '+11:00', 'description': 'Magadan, Solomon Islands, New Caledonia'}}, 'email': 'emilie.bouchard@example.com', 'login': {'uuid': '619f4e78-b6fb-416a-be73-4a1ec1b0fda3', 'username': 'brownfish711', 'password': 'jungle', 'salt': 'x8SfyOC6', 'md5': '7e05b300b0a825111c5d7fcc5bf58449', 'sha1': 'f9099a9b4cb91ce7a3884b41abc26ebf22ed4829', 'sha256': 'f66ec41d8d12ac515a0ed425e9551c89d65bc368a8ef796b1b33f1245325971c'}, 'dob': {'date': '1948-09-07T22:40:38.927Z', 'age': 75}, 'registered': {'date': '2020-02-29T16:04:34.402Z', 'age': 4}, 'phone': 'C70 Z86-2697', 'cell': 'I72 M52-6591', 'id': {'name': 'SIN', 'value': '209334770'}, 'picture': {'large': 'https://randomuser.me/api/portraits/women/74.jpg', 'medium': 'https://randomuser.me/api/portraits/med/women/74.jpg', 'thumbnail': 'https://randomuser.me/api/portraits/thumb/women/74.jpg'}, 'nat': 'CA'}</msg>
<arg>${json_data['results'][0]}</arg>
<doc>Logs the given message with the given level.</doc>
<status status="PASS" start="2024-06-11T23:14:37.812117" elapsed="0.000442"/>
</kw>
<kw name="Log" owner="BuiltIn">
<msg time="2024-06-11T23:14:37.812996" level="INFO">name</msg>
<arg>${key}</arg>
<doc>Logs the given message with the given level.</doc>
<status status="PASS" start="2024-06-11T23:14:37.812861" elapsed="0.000176"/>
</kw>
<var name="${key}">name</var>
<status status="PASS" start="2024-06-11T23:14:37.811382" elapsed="0.001877"/>
</iter>
<iter>
<kw name="Dictionary Should Contain Key" owner="Collections">
<arg>${json_data['results'][0]}</arg>
<arg>${key}</arg>
<doc>Fails if ``key`` is not found from ``dictionary``.</doc>
<status status="PASS" start="2024-06-11T23:14:37.813556" elapsed="0.000390"/>
</kw>
<kw name="Log" owner="BuiltIn">
<msg time="2024-06-11T23:14:37.814487" level="INFO">{'gender': 'female', 'name': {'title': 'Mrs', 'first': 'Emilie', 'last': 'Bouchard'}, 'location': {'street': {'number': 3083, 'name': 'Vimy St'}, 'city': 'Inverness', 'state': 'Nova Scotia', 'country': 'Canada', 'postcode': 'O4N 2Y2', 'coordinates': {'latitude': '-68.0810', 'longitude': '31.8748'}, 'timezone': {'offset': '+11:00', 'description': 'Magadan, Solomon Islands, New Caledonia'}}, 'email': 'emilie.bouchard@example.com', 'login': {'uuid': '619f4e78-b6fb-416a-be73-4a1ec1b0fda3', 'username': 'brownfish711', 'password': 'jungle', 'salt': 'x8SfyOC6', 'md5': '7e05b300b0a825111c5d7fcc5bf58449', 'sha1': 'f9099a9b4cb91ce7a3884b41abc26ebf22ed4829', 'sha256': 'f66ec41d8d12ac515a0ed425e9551c89d65bc368a8ef796b1b33f1245325971c'}, 'dob': {'date': '1948-09-07T22:40:38.927Z', 'age': 75}, 'registered': {'date': '2020-02-29T16:04:34.402Z', 'age': 4}, 'phone': 'C70 Z86-2697', 'cell': 'I72 M52-6591', 'id': {'name': 'SIN', 'value': '209334770'}, 'picture': {'large': 'https://randomuser.me/api/portraits/women/74.jpg', 'medium': 'https://randomuser.me/api/portraits/med/women/74.jpg', 'thumbnail': 'https://randomuser.me/api/portraits/thumb/women/74.jpg'}, 'nat': 'CA'}</msg>
<arg>${json_data['results'][0]}</arg>
<doc>Logs the given message with the given level.</doc>
<status status="PASS" start="2024-06-11T23:14:37.814136" elapsed="0.000409"/>
</kw>
<kw name="Log" owner="BuiltIn">
<msg time="2024-06-11T23:14:37.814961" level="INFO">location</msg>
<arg>${key}</arg>
<doc>Logs the given message with the given level.</doc>
<status status="PASS" start="2024-06-11T23:14:37.814837" elapsed="0.000162"/>
</kw>
<var name="${key}">location</var>
<status status="PASS" start="2024-06-11T23:14:37.813440" elapsed="0.001783"/>
</iter>
<iter>
<kw name="Dictionary Should Contain Key" owner="Collections">
<arg>${json_data['results'][0]}</arg>
<arg>${key}</arg>
<doc>Fails if ``key`` is not found from ``dictionary``.</doc>
<status status="PASS" start="2024-06-11T23:14:37.815503" elapsed="0.000420"/>
</kw>
<kw name="Log" owner="BuiltIn">
<msg time="2024-06-11T23:14:37.816468" level="INFO">{'gender': 'female', 'name': {'title': 'Mrs', 'first': 'Emilie', 'last': 'Bouchard'}, 'location': {'street': {'number': 3083, 'name': 'Vimy St'}, 'city': 'Inverness', 'state': 'Nova Scotia', 'country': 'Canada', 'postcode': 'O4N 2Y2', 'coordinates': {'latitude': '-68.0810', 'longitude': '31.8748'}, 'timezone': {'offset': '+11:00', 'description': 'Magadan, Solomon Islands, New Caledonia'}}, 'email': 'emilie.bouchard@example.com', 'login': {'uuid': '619f4e78-b6fb-416a-be73-4a1ec1b0fda3', 'username': 'brownfish711', 'password': 'jungle', 'salt': 'x8SfyOC6', 'md5': '7e05b300b0a825111c5d7fcc5bf58449', 'sha1': 'f9099a9b4cb91ce7a3884b41abc26ebf22ed4829', 'sha256': 'f66ec41d8d12ac515a0ed425e9551c89d65bc368a8ef796b1b33f1245325971c'}, 'dob': {'date': '1948-09-07T22:40:38.927Z', 'age': 75}, 'registered': {'date': '2020-02-29T16:04:34.402Z', 'age': 4}, 'phone': 'C70 Z86-2697', 'cell': 'I72 M52-6591', 'id': {'name': 'SIN', 'value': '209334770'}, 'picture': {'large': 'https://randomuser.me/api/portraits/women/74.jpg', 'medium': 'https://randomuser.me/api/portraits/med/women/74.jpg', 'thumbnail': 'https://randomuser.me/api/portraits/thumb/women/74.jpg'}, 'nat': 'CA'}</msg>
<arg>${json_data['results'][0]}</arg>
<doc>Logs the given message with the given level.</doc>
<status status="PASS" start="2024-06-11T23:14:37.816110" elapsed="0.000407"/>
</kw>
<kw name="Log" owner="BuiltIn">
<msg time="2024-06-11T23:14:37.816942" level="INFO">email</msg>
<arg>${key}</arg>
<doc>Logs the given message with the given level.</doc>
<status status="PASS" start="2024-06-11T23:14:37.816813" elapsed="0.000167"/>
</kw>
<var name="${key}">email</var>
<status status="PASS" start="2024-06-11T23:14:37.815396" elapsed="0.001798"/>
</iter>
<iter>
<kw name="Dictionary Should Contain Key" owner="Collections">
<arg>${json_data['results'][0]}</arg>
<arg>${key}</arg>
<doc>Fails if ``key`` is not found from ``dictionary``.</doc>
<status status="PASS" start="2024-06-11T23:14:37.817481" elapsed="0.000377"/>
</kw>
<kw name="Log" owner="BuiltIn">
<msg time="2024-06-11T23:14:37.818393" level="INFO">{'gender': 'female', 'name': {'title': 'Mrs', 'first': 'Emilie', 'last': 'Bouchard'}, 'location': {'street': {'number': 3083, 'name': 'Vimy St'}, 'city': 'Inverness', 'state': 'Nova Scotia', 'country': 'Canada', 'postcode': 'O4N 2Y2', 'coordinates': {'latitude': '-68.0810', 'longitude': '31.8748'}, 'timezone': {'offset': '+11:00', 'description': 'Magadan, Solomon Islands, New Caledonia'}}, 'email': 'emilie.bouchard@example.com', 'login': {'uuid': '619f4e78-b6fb-416a-be73-4a1ec1b0fda3', 'username': 'brownfish711', 'password': 'jungle', 'salt': 'x8SfyOC6', 'md5': '7e05b300b0a825111c5d7fcc5bf58449', 'sha1': 'f9099a9b4cb91ce7a3884b41abc26ebf22ed4829', 'sha256': 'f66ec41d8d12ac515a0ed425e9551c89d65bc368a8ef796b1b33f1245325971c'}, 'dob': {'date': '1948-09-07T22:40:38.927Z', 'age': 75}, 'registered': {'date': '2020-02-29T16:04:34.402Z', 'age': 4}, 'phone': 'C70 Z86-2697', 'cell': 'I72 M52-6591', 'id': {'name': 'SIN', 'value': '209334770'}, 'picture': {'large': 'https://randomuser.me/api/portraits/women/74.jpg', 'medium': 'https://randomuser.me/api/portraits/med/women/74.jpg', 'thumbnail': 'https://randomuser.me/api/portraits/thumb/women/74.jpg'}, 'nat': 'CA'}</msg>
<arg>${json_data['results'][0]}</arg>
<doc>Logs the given message with the given level.</doc>
<status status="PASS" start="2024-06-11T23:14:37.818045" elapsed="0.000396"/>
</kw>
<kw name="Log" owner="BuiltIn">
<msg time="2024-06-11T23:14:37.818968" level="INFO">login</msg>
<arg>${key}</arg>
<doc>Logs the given message with the given level.</doc>
<status status="PASS" start="2024-06-11T23:14:37.818731" elapsed="0.000275"/>
</kw>
<var name="${key}">login</var>
<status status="PASS" start="2024-06-11T23:14:37.817367" elapsed="0.001857"/>
</iter>
<var>${key}</var>
<value>@{expected_keys}</value>
<status status="PASS" start="2024-06-11T23:14:37.809152" elapsed="0.010194"/>
</for>
<kw name="Create List" owner="BuiltIn">
<msg time="2024-06-11T23:14:37.819705" level="INFO">${expected_keysTwo} = ['username', 'password']</msg>
<var>${expected_keysTwo}</var>
<arg>username</arg>
<arg>password</arg>
<doc>Returns a list containing given items.</doc>
<status status="PASS" start="2024-06-11T23:14:37.819533" elapsed="0.000197"/>
</kw>
<for flavor="IN">
<iter>
<kw name="Dictionary Should Contain Key" owner="Collections">
<arg>${json_data['results'][0]['login']}</arg>
<arg>${keyTwo}</arg>
<doc>Fails if ``key`` is not found from ``dictionary``.</doc>
<status status="PASS" start="2024-06-11T23:14:37.820309" elapsed="0.000399"/>
</kw>
<kw name="Dictionary Should Contain Key" owner="Collections">
<arg>${json_data['results'][0]['login']}</arg>
<arg>${keyTwo}</arg>
<doc>Fails if ``key`` is not found from ``dictionary``.</doc>
<status status="PASS" start="2024-06-11T23:14:37.820890" elapsed="0.000369"/>
</kw>
<kw name="Log" owner="BuiltIn">
<msg time="2024-06-11T23:14:37.821558" level="INFO">username</msg>
<arg>${keyTwo}</arg>
<doc>Logs the given message with the given level.</doc>
<status status="PASS" start="2024-06-11T23:14:37.821438" elapsed="0.000158"/>
</kw>
<var name="${keyTwo}">username</var>
<status status="PASS" start="2024-06-11T23:14:37.820163" elapsed="0.001655"/>
</iter>
<iter>
<kw name="Dictionary Should Contain Key" owner="Collections">
<arg>${json_data['results'][0]['login']}</arg>
<arg>${keyTwo}</arg>
<doc>Fails if ``key`` is not found from ``dictionary``.</doc>
<status status="PASS" start="2024-06-11T23:14:37.822102" elapsed="0.000375"/>
</kw>
<kw name="Dictionary Should Contain Key" owner="Collections">
<arg>${json_data['results'][0]['login']}</arg>
<arg>${keyTwo}</arg>
<doc>Fails if ``key`` is not found from ``dictionary``.</doc>
<status status="PASS" start="2024-06-11T23:14:37.822656" elapsed="0.000367"/>
</kw>
<kw name="Log" owner="BuiltIn">
<msg time="2024-06-11T23:14:37.823320" level="INFO">password</msg>
<arg>${keyTwo}</arg>
<doc>Logs the given message with the given level.</doc>
<status status="PASS" start="2024-06-11T23:14:37.823202" elapsed="0.000155"/>
</kw>
<var name="${keyTwo}">password</var>
<status status="PASS" start="2024-06-11T23:14:37.821996" elapsed="0.001580"/>
</iter>
<var>${keyTwo}</var>
<value>@{expected_keysTwo}</value>
<status status="PASS" start="2024-06-11T23:14:37.819996" elapsed="0.003703"/>
</for>
<status status="PASS" start="2024-06-11T23:14:37.716226" elapsed="0.107640"/>
</kw>
<doc>Testa a estrutura da resposta da API.</doc>
<tag>testeEstruturaResposta</tag>
<status status="PASS" start="2024-06-11T23:14:37.715434" elapsed="0.108603"/>
</test>
<test id="s1-s1-t4" name="Validar tipos de dados" line="28">
<kw name="Teste de Tipos de Dados" owner="random-user-service">
<kw name="GET On Session" owner="RequestsLibrary">
<msg time="2024-06-11T23:14:37.904159" level="INFO">GET Request : url=https://randomuser.me/api 
 path_url=/api 
 headers={'User-Agent': 'python-requests/2.32.3', 'Accept-Encoding': 'gzip, deflate', 'Accept': '*/*', 'Connection': 'keep-alive'} 
 body=None 
 </msg>
<msg time="2024-06-11T23:14:37.904257" level="INFO">GET Response : url=https://randomuser.me/api 
 status=200, reason=OK 
 headers={'Date': 'Tue, 11 Jun 2024 23:14:37 GMT', 'Content-Type': 'application/json; charset=utf-8', 'Transfer-Encoding': 'chunked', 'Connection': 'keep-alive', 'X-Powered-By': 'Express', 'Access-Control-Allow-Origin': '*', 'Cache-Control': 'no-cache', 'ETag': 'W/"49f-uS1HSBzaYkqJ0TA0+Xp/VIoqamw"', 'Vary': 'Accept-Encoding', 'Content-Encoding': 'gzip', 'CF-Cache-Status': 'DYNAMIC', 'Report-To': '{"endpoints":[{"url":"https:\\/\\/a.nel.cloudflare.com\\/report\\/v4?s=BBLSEmin0ZdhLsq92gwd7qVQnk6RPmeKQ8s%2FkM%2Ba6bbApG9op5oDwbkNr2WiaKGuYG2wrlLkO1lRaq1oUWimvAabfYh9GpL1PzW43L2YXV%2B1JY7HiCA5CLIYgq97nklt"}],"group":"cf-nel","max_age":604800}', 'NEL': '{"success_fraction":0,"report_to":"cf-nel","max_age":604800}', 'Server': 'cloudflare', 'CF-RAY': '89254c6a6b63e27b-ORD', 'alt-svc': 'h3=":443"; ma=86400'} 
 body={"results":[{"gender":"male","name":{"title":"Mr","first":"Roshan","last":"Arendse"},"location":{"street":{"number":968,"name":"Beeldentuinlaan"},"city":"Babberich","state":"Zuid-Holland","country":"Netherlands","postcode":"2200 DJ","coordinates":{"latitude":"34.8677","longitude":"-31.1471"},"timezone":{"offset":"-5:00","description":"Eastern Time (US &amp; Canada), Bogota, Lima"}},"email":"roshan.arendse@example.com","login":{"uuid":"c04110f2-178d-44aa-bfbc-ac38d1559811","username":"redrabbit716","password":"vector","salt":"gDG1qNP7","md5":"d14102b91ad9606b9d94f837b6f54573","sha1":"af129627b52e58f1326262e2c4384e4d20479fd3","sha256":"4dd2505c172b0b6c48d8350b0ec31df0491b60cc1649818c6556fb54f65eacf1"},"dob":{"date":"1987-10-13T06:07:59.920Z","age":36},"registered":{"date":"2006-05-22T23:57:12.746Z","age":18},"phone":"(081) 3365111","cell":"(06) 62534326","id":{"name":"BSN","value":"20123083"},"picture":{"large":"https://randomuser.me/api/portraits/men/54.jpg","medium":"https://randomuser.me/api/portraits/med/men/54.jpg","thumbnail":"https://randomuser.me/api/portraits/thumb/men/54.jpg"},"nat":"NL"}],"info":{"seed":"3c745dcb3ab8e816","results":1,"page":1,"version":"1.4"}} 
 </msg>
<msg time="2024-06-11T23:14:37.904334" level="INFO">/opt/hostedtoolcache/Python/3.12.3/x64/lib/python3.12/site-packages/urllib3/connectionpool.py:1103: InsecureRequestWarning: Unverified HTTPS request is being made to host 'randomuser.me'. Adding certificate verification is strongly advised. See: https://urllib3.readthedocs.io/en/latest/advanced-usage.html#tls-warnings
  warnings.warn(</msg>
<msg time="2024-06-11T23:14:37.904477" level="INFO">${response} = &lt;Response [200]&gt;</msg>
<var>${response}</var>
<arg>consultarAPI</arg>
<arg>/api</arg>
<doc>Sends a GET request on a previously created HTTP Session.</doc>
<status status="PASS" start="2024-06-11T23:14:37.826619" elapsed="0.077897"/>
</kw>
<kw name="Set Variable" owner="BuiltIn">
<msg time="2024-06-11T23:14:37.905747" level="INFO">${json_data} = {'results': [{'gender': 'male', 'name': {'title': 'Mr', 'first': 'Roshan', 'last': 'Arendse'}, 'location': {'street': {'number': 968, 'name': 'Beeldentuinlaan'}, 'city': 'Babberich', 'state': 'Zuid-Ho...</msg>
<var>${json_data}</var>
<arg>${response.json()}</arg>
<doc>Returns the given values which can then be assigned to a variables.</doc>
<status status="PASS" start="2024-06-11T23:14:37.905163" elapsed="0.000613"/>
</kw>
<kw name="Log" owner="BuiltIn">
<msg time="2024-06-11T23:14:37.906244" level="INFO">{'results': [{'gender': 'male', 'name': {'title': 'Mr', 'first': 'Roshan', 'last': 'Arendse'}, 'location': {'street': {'number': 968, 'name': 'Beeldentuinlaan'}, 'city': 'Babberich', 'state': 'Zuid-Holland', 'country': 'Netherlands', 'postcode': '2200 DJ', 'coordinates': {'latitude': '34.8677', 'longitude': '-31.1471'}, 'timezone': {'offset': '-5:00', 'description': 'Eastern Time (US &amp; Canada), Bogota, Lima'}}, 'email': 'roshan.arendse@example.com', 'login': {'uuid': 'c04110f2-178d-44aa-bfbc-ac38d1559811', 'username': 'redrabbit716', 'password': 'vector', 'salt': 'gDG1qNP7', 'md5': 'd14102b91ad9606b9d94f837b6f54573', 'sha1': 'af129627b52e58f1326262e2c4384e4d20479fd3', 'sha256': '4dd2505c172b0b6c48d8350b0ec31df0491b60cc1649818c6556fb54f65eacf1'}, 'dob': {'date': '1987-10-13T06:07:59.920Z', 'age': 36}, 'registered': {'date': '2006-05-22T23:57:12.746Z', 'age': 18}, 'phone': '(081) 3365111', 'cell': '(06) 62534326', 'id': {'name': 'BSN', 'value': '20123083'}, 'picture': {'large': 'https://randomuser.me/api/portraits/men/54.jpg', 'medium': 'https://randomuser.me/api/portraits/med/men/54.jpg', 'thumbnail': 'https://randomuser.me/api/portraits/thumb/men/54.jpg'}, 'nat': 'NL'}], 'info': {'seed': '3c745dcb3ab8e816', 'results': 1, 'page': 1, 'version': '1.4'}}</msg>
<arg>${json_data}</arg>
<doc>Logs the given message with the given level.</doc>
<status status="PASS" start="2024-06-11T23:14:37.906089" elapsed="0.000205"/>
</kw>
<kw name="Should Be String" owner="String">
<arg>${json_data['results'][0]['gender']}</arg>
<doc>Fails if the given ``item`` is not a string.</doc>
<status status="PASS" start="2024-06-11T23:14:37.906589" elapsed="0.000364"/>
</kw>
<kw name="Should Match Regexp" owner="BuiltIn">
<arg>${json_data['results'][0]['email']}</arg>
<arg>^[a-zA-Z0-9._%+-]+@[a-zA-Z0-9.-]+\.[a-zA-Z]{2,}$</arg>
<doc>Fails if ``string`` does not match ``pattern`` as a regular expression.</doc>
<status status="PASS" start="2024-06-11T23:14:37.907181" elapsed="0.000524"/>
</kw>
<kw name="Should Match Regexp" owner="BuiltIn">
<arg>${json_data['results'][0]['dob']['date']}</arg>
<arg>\\d{4}-\\d{2}-\\d{2}T\\d{2}:\\d{2}:\\d{2}\\.\\d{3}Z</arg>
<doc>Fails if ``string`` does not match ``pattern`` as a regular expression.</doc>
<status status="PASS" start="2024-06-11T23:14:37.907949" elapsed="0.000505"/>
</kw>
<kw name="Should Match Regexp" owner="BuiltIn">
<arg>${json_data['results'][0]['registered']['date']}</arg>
<arg>\\d{4}-\\d{2}-\\d{2}T\\d{2}:\\d{2}:\\d{2}\\.\\d{3}Z</arg>
<doc>Fails if ``string`` does not match ``pattern`` as a regular expression.</doc>
<status status="PASS" start="2024-06-11T23:14:37.908648" elapsed="0.000365"/>
</kw>
<kw name="Should Match Regexp" owner="BuiltIn">
<arg>${json_data['results'][0]['picture']['large']}</arg>
<arg>^https?://.*\.(?:png|jpe?g|gif|bmp)$</arg>
<doc>Fails if ``string`` does not match ``pattern`` as a regular expression.</doc>
<status status="PASS" start="2024-06-11T23:14:37.909194" elapsed="0.000472"/>
</kw>
<kw name="Should Match Regexp" owner="BuiltIn">
<arg>${json_data['results'][0]['picture']['medium']}</arg>
<arg>^https?://.*\.(?:png|jpe?g|gif|bmp)$</arg>
<doc>Fails if ``string`` does not match ``pattern`` as a regular expression.</doc>
<status status="PASS" start="2024-06-11T23:14:37.909855" elapsed="0.000350"/>
</kw>
<kw name="Should Match Regexp" owner="BuiltIn">
<arg>${json_data['results'][0]['picture']['thumbnail']}</arg>
<arg>^https?://.*\.(?:png|jpe?g|gif|bmp)$</arg>
<doc>Fails if ``string`` does not match ``pattern`` as a regular expression.</doc>
<status status="PASS" start="2024-06-11T23:14:37.910391" elapsed="0.000350"/>
</kw>
<kw name="Log" owner="BuiltIn">
<msg time="2024-06-11T23:14:37.911242" level="INFO">{'large': 'https://randomuser.me/api/portraits/men/54.jpg', 'medium': 'https://randomuser.me/api/portraits/med/men/54.jpg', 'thumbnail': 'https://randomuser.me/api/portraits/thumb/men/54.jpg'}</msg>
<arg>${json_data['results'][0]['picture']}</arg>
<doc>Logs the given message with the given level.</doc>
<status status="PASS" start="2024-06-11T23:14:37.910919" elapsed="0.000365"/>
</kw>
<status status="PASS" start="2024-06-11T23:14:37.826388" elapsed="0.085157"/>
</kw>
<kw name="Teste de Tipos de Dados - Postcode" owner="random-user-service">
<kw name="GET On Session" owner="RequestsLibrary">
<msg time="2024-06-11T23:14:38.015770" level="INFO">GET Request : url=https://randomuser.me/api 
 path_url=/api 
 headers={'User-Agent': 'python-requests/2.32.3', 'Accept-Encoding': 'gzip, deflate', 'Accept': '*/*', 'Connection': 'keep-alive'} 
 body=None 
 </msg>
<msg time="2024-06-11T23:14:38.015880" level="INFO">GET Response : url=https://randomuser.me/api 
 status=200, reason=OK 
 headers={'Date': 'Tue, 11 Jun 2024 23:14:38 GMT', 'Content-Type': 'application/json; charset=utf-8', 'Transfer-Encoding': 'chunked', 'Connection': 'keep-alive', 'X-Powered-By': 'Express', 'Access-Control-Allow-Origin': '*', 'Cache-Control': 'no-cache', 'ETag': 'W/"4b2-8MBFk7pfDx3gUyL2QWLgMRF4Jkk"', 'Vary': 'Accept-Encoding', 'Content-Encoding': 'gzip', 'CF-Cache-Status': 'DYNAMIC', 'Report-To': '{"endpoints":[{"url":"https:\\/\\/a.nel.cloudflare.com\\/report\\/v4?s=E6wGusLqBke0gB1eYusgfBFMUKZYvWBol0tqjATWXfEvOetP%2Flw27%2Bgxi9s9ePIYnm3aycuxbOwACYisEKq7zb4XdvSHRlBhgeMyrgFR7kcEnwsZKC4Ynmt164yTsrdx"}],"group":"cf-nel","max_age":604800}', 'NEL': '{"success_fraction":0,"report_to":"cf-nel","max_age":604800}', 'Server': 'cloudflare', 'CF-RAY': '89254c6afbede27b-ORD', 'alt-svc': 'h3=":443"; ma=86400'} 
 body={"results":[{"gender":"male","name":{"title":"Mr","first":"میلاد","last":"سهيلي راد"},"location":{"street":{"number":5840,"name":"میدان شمشیری"},"city":"شیراز","state":"کهگیلویه و بویراحمد","country":"Iran","postcode":53681,"coordinates":{"latitude":"13.0318","longitude":"-73.5662"},"timezone":{"offset":"+4:00","description":"Abu Dhabi, Muscat, Baku, Tbilisi"}},"email":"myld.shylyrd@example.com","login":{"uuid":"e599b9e7-be0b-42c5-bc8c-c95d0bc926dc","username":"lazypeacock784","password":"series","salt":"T5aSiWu8","md5":"580c20a1e6e4fcf9a8857a493d023156","sha1":"f94e5b19c326c7b922ecf67083a586625b31d859","sha256":"38dbf9f5fa19a26b2dc5a769973144b51b3af5da8033d9d3e75dafdf097fddb7"},"dob":{"date":"1977-02-27T09:54:44.265Z","age":47},"registered":{"date":"2009-07-31T22:13:01.101Z","age":14},"phone":"007-76138710","cell":"0943-963-9787","id":{"name":"","value":null},"picture":{"large":"https://randomuser.me/api/portraits/men/84.jpg","medium":"https://randomuser.me/api/portraits/med/men/84.jpg","thumbnail":"https://randomuser.me/api/portraits/thumb/men/84.jpg"},"nat":"IR"}],"info":{"seed":"6a7d5d61e330f714","results":1,"page":1,"version":"1.4"}} 
 </msg>
<msg time="2024-06-11T23:14:38.015973" level="INFO">/opt/hostedtoolcache/Python/3.12.3/x64/lib/python3.12/site-packages/urllib3/connectionpool.py:1103: InsecureRequestWarning: Unverified HTTPS request is being made to host 'randomuser.me'. Adding certificate verification is strongly advised. See: https://urllib3.readthedocs.io/en/latest/advanced-usage.html#tls-warnings
  warnings.warn(</msg>
<msg time="2024-06-11T23:14:38.016106" level="INFO">${response} = &lt;Response [200]&gt;</msg>
<var>${response}</var>
<arg>consultarAPI</arg>
<arg>/api</arg>
<doc>Sends a GET request on a previously created HTTP Session.</doc>
<status status="PASS" start="2024-06-11T23:14:37.912068" elapsed="0.104079"/>
</kw>
<kw name="Set Variable" owner="BuiltIn">
<msg time="2024-06-11T23:14:38.017330" level="INFO">${json_data} = {'results': [{'gender': 'male', 'name': {'title': 'Mr', 'first': 'میلاد', 'last': 'سهيلي راد'}, 'location': {'street': {'number': 5840, 'name': 'میدان شمشیری'}, 'city': 'شیراز', 'state': 'کهگیلویه و ب...</msg>
<var>${json_data}</var>
<arg>${response.json()}</arg>
<doc>Returns the given values which can then be assigned to a variables.</doc>
<status status="PASS" start="2024-06-11T23:14:38.016771" elapsed="0.000589"/>
</kw>
<kw name="Log" owner="BuiltIn">
<msg time="2024-06-11T23:14:38.017828" level="INFO">{'results': [{'gender': 'male', 'name': {'title': 'Mr', 'first': 'میلاد', 'last': 'سهيلي راد'}, 'location': {'street': {'number': 5840, 'name': 'میدان شمشیری'}, 'city': 'شیراز', 'state': 'کهگیلویه و بویراحمد', 'country': 'Iran', 'postcode': 53681, 'coordinates': {'latitude': '13.0318', 'longitude': '-73.5662'}, 'timezone': {'offset': '+4:00', 'description': 'Abu Dhabi, Muscat, Baku, Tbilisi'}}, 'email': 'myld.shylyrd@example.com', 'login': {'uuid': 'e599b9e7-be0b-42c5-bc8c-c95d0bc926dc', 'username': 'lazypeacock784', 'password': 'series', 'salt': 'T5aSiWu8', 'md5': '580c20a1e6e4fcf9a8857a493d023156', 'sha1': 'f94e5b19c326c7b922ecf67083a586625b31d859', 'sha256': '38dbf9f5fa19a26b2dc5a769973144b51b3af5da8033d9d3e75dafdf097fddb7'}, 'dob': {'date': '1977-02-27T09:54:44.265Z', 'age': 47}, 'registered': {'date': '2009-07-31T22:13:01.101Z', 'age': 14}, 'phone': '007-76138710', 'cell': '0943-963-9787', 'id': {'name': '', 'value': None}, 'picture': {'large': 'https://randomuser.me/api/portraits/men/84.jpg', 'medium': 'https://randomuser.me/api/portraits/med/men/84.jpg', 'thumbnail': 'https://randomuser.me/api/portraits/thumb/men/84.jpg'}, 'nat': 'IR'}], 'info': {'seed': '6a7d5d61e330f714', 'results': 1, 'page': 1, 'version': '1.4'}}</msg>
<arg>${json_data}</arg>
<doc>Logs the given message with the given level.</doc>
<status status="PASS" start="2024-06-11T23:14:38.017668" elapsed="0.000210"/>
</kw>
<kw name="Should Be Equal As Numbers" owner="BuiltIn">
<arg>${json_data['results'][0]['location']['postcode']}</arg>
<arg>${json_data['results'][0]['location']['postcode']}</arg>
<doc>Fails if objects are unequal after converting them to real numbers.</doc>
<status status="PASS" start="2024-06-11T23:14:38.018176" elapsed="0.000628"/>
</kw>
<kw name="Log" owner="BuiltIn">
<msg time="2024-06-11T23:14:38.019366" level="INFO">53681</msg>
<arg>${json_data['results'][0]['location']['postcode']}</arg>
<doc>Logs the given message with the given level.</doc>
<status status="PASS" start="2024-06-11T23:14:38.019030" elapsed="0.000377"/>
</kw>
<status status="PASS" start="2024-06-11T23:14:37.911808" elapsed="0.107852"/>
</kw>
<doc>Testa se os tipos de dados na resposta da API estão corretos.</doc>
<tag>testeTiposDados</tag>
<status status="PASS" start="2024-06-11T23:14:37.825826" elapsed="0.194060"/>
</test>
<test id="s1-s1-t5" name="Validar conteudo" line="35">
<kw name="Teste de Tipos de Conteudo" owner="random-user-service">
<kw name="GET On Session" owner="RequestsLibrary">
<msg time="2024-06-11T23:14:38.104592" level="INFO">GET Request : url=https://randomuser.me/api 
 path_url=/api 
 headers={'User-Agent': 'python-requests/2.32.3', 'Accept-Encoding': 'gzip, deflate', 'Accept': '*/*', 'Connection': 'keep-alive'} 
 body=None 
 </msg>
<msg time="2024-06-11T23:14:38.104708" level="INFO">GET Response : url=https://randomuser.me/api 
 status=200, reason=OK 
 headers={'Date': 'Tue, 11 Jun 2024 23:14:38 GMT', 'Content-Type': 'application/json; charset=utf-8', 'Transfer-Encoding': 'chunked', 'Connection': 'keep-alive', 'X-Powered-By': 'Express', 'Access-Control-Allow-Origin': '*', 'Cache-Control': 'no-cache', 'ETag': 'W/"48e-kyT0+QO2gHuUD5Bbxr0nDtxTInQ"', 'Vary': 'Accept-Encoding', 'Content-Encoding': 'gzip', 'CF-Cache-Status': 'DYNAMIC', 'Report-To': '{"endpoints":[{"url":"https:\\/\\/a.nel.cloudflare.com\\/report\\/v4?s=c3Y0HqvzGleOuNr6aQUKoR6t18j9IL%2FPDzYoI%2FqVIcQFfi%2BVCM3rB1HXZVRy4eAYHr3hR187ybjaV4Q%2B4P9Y92I3fEbKRA409TbMMVP1rG4amHXBWNPV5S0wJbpYwNWT"}],"group":"cf-nel","max_age":604800}', 'NEL': '{"success_fraction":0,"report_to":"cf-nel","max_age":604800}', 'Server': 'cloudflare', 'CF-RAY': '89254c6bacb1e27b-ORD', 'alt-svc': 'h3=":443"; ma=86400'} 
 body={"results":[{"gender":"female","name":{"title":"Ms","first":"Isabella","last":"Thomsen"},"location":{"street":{"number":2461,"name":"Kærbyvej"},"city":"Rønnede","state":"Hovedstaden","country":"Denmark","postcode":84255,"coordinates":{"latitude":"-45.4041","longitude":"102.0370"},"timezone":{"offset":"+10:00","description":"Eastern Australia, Guam, Vladivostok"}},"email":"isabella.thomsen@example.com","login":{"uuid":"6fdf37b4-d5d4-4d9b-9938-ea5f02aaa813","username":"lazytiger697","password":"celeb","salt":"v2qZKTKM","md5":"3d9f594b1653f295c056d09ca59aa6e9","sha1":"5de1e298fd49a725666f8ab02c463bcfb24b9f43","sha256":"5d17ec7eca8ac9a83436c952d7155aeb46b3db05672ce9fbc8913aac9add4628"},"dob":{"date":"1963-06-02T00:49:32.807Z","age":61},"registered":{"date":"2021-03-04T09:08:21.732Z","age":3},"phone":"16665128","cell":"88560707","id":{"name":"CPR","value":"010663-7099"},"picture":{"large":"https://randomuser.me/api/portraits/women/5.jpg","medium":"https://randomuser.me/api/portraits/med/women/5.jpg","thumbnail":"https://randomuser.me/api/portraits/thumb/women/5.jpg"},"nat":"DK"}],"info":{"seed":"5fc81f86848b135d","results":1,"page":1,"version":"1.4"}} 
 </msg>
<msg time="2024-06-11T23:14:38.104796" level="INFO">/opt/hostedtoolcache/Python/3.12.3/x64/lib/python3.12/site-packages/urllib3/connectionpool.py:1103: InsecureRequestWarning: Unverified HTTPS request is being made to host 'randomuser.me'. Adding certificate verification is strongly advised. See: https://urllib3.readthedocs.io/en/latest/advanced-usage.html#tls-warnings
  warnings.warn(</msg>
<msg time="2024-06-11T23:14:38.104925" level="INFO">${response} = &lt;Response [200]&gt;</msg>
<var>${response}</var>
<arg>consultarAPI</arg>
<arg>/api</arg>
<doc>Sends a GET request on a previously created HTTP Session.</doc>
<status status="PASS" start="2024-06-11T23:14:38.022421" elapsed="0.082544"/>
</kw>
<kw name="Set Variable" owner="BuiltIn">
<msg time="2024-06-11T23:14:38.106252" level="INFO">${json_data} = {'results': [{'gender': 'female', 'name': {'title': 'Ms', 'first': 'Isabella', 'last': 'Thomsen'}, 'location': {'street': {'number': 2461, 'name': 'Kærbyvej'}, 'city': 'Rønnede', 'state': 'Hovedstaden...</msg>
<var>${json_data}</var>
<arg>${response.json()}</arg>
<doc>Returns the given values which can then be assigned to a variables.</doc>
<status status="PASS" start="2024-06-11T23:14:38.105650" elapsed="0.000632"/>
</kw>
<kw name="Set Variable" owner="BuiltIn">
<msg time="2024-06-11T23:14:38.106985" level="INFO">${name_title} = Ms</msg>
<var>${name_title}</var>
<arg>${json_data["results"][0]["name"]["title"]}</arg>
<doc>Returns the given values which can then be assigned to a variables.</doc>
<status status="PASS" start="2024-06-11T23:14:38.106596" elapsed="0.000416"/>
</kw>
<kw name="Create List" owner="BuiltIn">
<msg time="2024-06-11T23:14:38.107456" level="INFO">${allowed_titles} = ['Mr', 'Ms', 'Miss', 'Mrs', 'Madame', 'Monsieur']</msg>
<var>${allowed_titles}</var>
<arg>Mr</arg>
<arg>Ms</arg>
<arg>Miss</arg>
<arg>Mrs</arg>
<arg>Madame</arg>
<arg>Monsieur</arg>
<doc>Returns a list containing given items.</doc>
<status status="PASS" start="2024-06-11T23:14:38.107307" elapsed="0.000174"/>
</kw>
<kw name="List Should Contain Value" owner="Collections">
<arg>${allowed_titles}</arg>
<arg>${name_title}</arg>
<doc>Fails if the ``value`` is not found from ``list``.</doc>
<status status="PASS" start="2024-06-11T23:14:38.107823" elapsed="0.000189"/>
</kw>
<kw name="Set Variable" owner="BuiltIn">
<msg time="2024-06-11T23:14:38.108579" level="INFO">${name_country} = DK</msg>
<var>${name_country}</var>
<arg>${json_data["results"][0]["nat"]}</arg>
<doc>Returns the given values which can then be assigned to a variables.</doc>
<status status="PASS" start="2024-06-11T23:14:38.108191" elapsed="0.000413"/>
</kw>
<kw name="Create List" owner="BuiltIn">
<msg time="2024-06-11T23:14:38.109509" level="INFO">${list_country} = ['AD', 'AE', 'AF', 'AG', 'AI', 'AL', 'AM', 'AO', 'AQ', 'AR', 'AS', 'AT', 'AU', 'AW', 'AX', 'AZ', 'BA', 'BB', 'BD', 'BE', 'BF', 'BG', 'BH', 'BI', 'BJ', 'BL', 'BM', 'BN', 'BO', 'BQ', 'BR', 'BS', 'BT', '...</msg>
<var>${list_country}</var>
<arg>AD</arg>
<arg>AE</arg>
<arg>AF</arg>
<arg>AG</arg>
<arg>AI</arg>
<arg>AL</arg>
<arg>AM</arg>
<arg>AO</arg>
<arg>AQ</arg>
<arg>AR</arg>
<arg>AS</arg>
<arg>AT</arg>
<arg>AU</arg>
<arg>AW</arg>
<arg>AX</arg>
<arg>AZ</arg>
<arg>BA</arg>
<arg>BB</arg>
<arg>BD</arg>
<arg>BE</arg>
<arg>BF</arg>
<arg>BG</arg>
<arg>BH</arg>
<arg>BI</arg>
<arg>BJ</arg>
<arg>BL</arg>
<arg>BM</arg>
<arg>BN</arg>
<arg>BO</arg>
<arg>BQ</arg>
<arg>BR</arg>
<arg>BS</arg>
<arg>BT</arg>
<arg>BV</arg>
<arg>BW</arg>
<arg>BY</arg>
<arg>BZ</arg>
<arg>CA</arg>
<arg>CC</arg>
<arg>CD</arg>
<arg>CF</arg>
<arg>CG</arg>
<arg>CH</arg>
<arg>CI</arg>
<arg>CK</arg>
<arg>CL</arg>
<arg>CM</arg>
<arg>CN</arg>
<arg>CO</arg>
<arg>CR</arg>
<arg>CU</arg>
<arg>CV</arg>
<arg>CW</arg>
<arg>CX</arg>
<arg>CY</arg>
<arg>CZ</arg>
<arg>DE</arg>
<arg>DJ</arg>
<arg>DK</arg>
<arg>DM</arg>
<arg>DO</arg>
<arg>DZ</arg>
<arg>EC</arg>
<arg>EE</arg>
<arg>EG</arg>
<arg>EH</arg>
<arg>ER</arg>
<arg>ES</arg>
<arg>ET</arg>
<arg>FI</arg>
<arg>FJ</arg>
<arg>FK</arg>
<arg>FM</arg>
<arg>FO</arg>
<arg>FR</arg>
<arg>GA</arg>
<arg>GB</arg>
<arg>GD</arg>
<arg>GE</arg>
<arg>GF</arg>
<arg>GG</arg>
<arg>GH</arg>
<arg>GI</arg>
<arg>GL</arg>
<arg>GM</arg>
<arg>GN</arg>
<arg>GP</arg>
<arg>GQ</arg>
<arg>GR</arg>
<arg>GS</arg>
<arg>GT</arg>
<arg>GU</arg>
<arg>GW</arg>
<arg>GY</arg>
<arg>HK</arg>
<arg>HM</arg>
<arg>HN</arg>
<arg>HR</arg>
<arg>HT</arg>
<arg>HU</arg>
<arg>ID</arg>
<arg>IE</arg>
<arg>IL</arg>
<arg>IM</arg>
<arg>IN</arg>
<arg>IO</arg>
<arg>IQ</arg>
<arg>IR</arg>
<arg>IS</arg>
<arg>IT</arg>
<arg>JE</arg>
<arg>JM</arg>
<arg>JO</arg>
<arg>JP</arg>
<arg>KE</arg>
<arg>KG</arg>
<arg>KH</arg>
<arg>KI</arg>
<arg>KM</arg>
<arg>KN</arg>
<arg>KP</arg>
<arg>KR</arg>
<arg>KW</arg>
<arg>KY</arg>
<arg>KZ</arg>
<arg>LA</arg>
<arg>LB</arg>
<arg>LC</arg>
<arg>LI</arg>
<arg>LK</arg>
<arg>LR</arg>
<arg>LS</arg>
<arg>LT</arg>
<arg>LU</arg>
<arg>LV</arg>
<arg>LY</arg>
<arg>MA</arg>
<arg>MC</arg>
<arg>MD</arg>
<arg>ME</arg>
<arg>MF</arg>
<arg>MG</arg>
<arg>MH</arg>
<arg>MK</arg>
<arg>ML</arg>
<arg>MM</arg>
<arg>MN</arg>
<arg>MO</arg>
<arg>MP</arg>
<arg>MQ</arg>
<arg>MR</arg>
<arg>MS</arg>
<arg>MT</arg>
<arg>MU</arg>
<arg>MV</arg>
<arg>MW</arg>
<arg>MX</arg>
<arg>MY</arg>
<arg>MZ</arg>
<arg>NA</arg>
<arg>NC</arg>
<arg>NE</arg>
<arg>NF</arg>
<arg>NG</arg>
<arg>NI</arg>
<arg>NL</arg>
<arg>NO</arg>
<arg>NP</arg>
<arg>NR</arg>
<arg>NU</arg>
<arg>NZ</arg>
<arg>OM</arg>
<arg>PA</arg>
<arg>PE</arg>
<arg>PF</arg>
<arg>PG</arg>
<arg>PH</arg>
<arg>PK</arg>
<arg>PL</arg>
<arg>PM</arg>
<arg>PN</arg>
<arg>PR</arg>
<arg>PS</arg>
<arg>PT</arg>
<arg>PW</arg>
<arg>PY</arg>
<arg>QA</arg>
<arg>RE</arg>
<arg>RO</arg>
<arg>RS</arg>
<arg>RU</arg>
<arg>RW</arg>
<arg>SA</arg>
<arg>SB</arg>
<arg>SC</arg>
<arg>SD</arg>
<arg>SE</arg>
<arg>SG</arg>
<arg>SH</arg>
<arg>SI</arg>
<arg>SJ</arg>
<arg>SK</arg>
<arg>SL</arg>
<arg>SM</arg>
<arg>SN</arg>
<arg>SO</arg>
<arg>SR</arg>
<arg>SS</arg>
<arg>ST</arg>
<arg>SV</arg>
<arg>SX</arg>
<arg>SY</arg>
<arg>SZ</arg>
<arg>TC</arg>
<arg>TD</arg>
<arg>TF</arg>
<arg>TG</arg>
<arg>TH</arg>
<arg>TJ</arg>
<arg>TK</arg>
<arg>TL</arg>
<arg>TM</arg>
<arg>TN</arg>
<arg>TO</arg>
<arg>TR</arg>
<arg>TT</arg>
<arg>TV</arg>
<arg>TW</arg>
<arg>TZ</arg>
<arg>UA</arg>
<arg>UG</arg>
<arg>UM</arg>
<arg>US</arg>
<arg>UY</arg>
<arg>UZ</arg>
<arg>VA</arg>
<arg>VC</arg>
<arg>VE</arg>
<arg>VG</arg>
<arg>VI</arg>
<arg>VN</arg>
<arg>VU</arg>
<arg>WF</arg>
<arg>WS</arg>
<arg>XK</arg>
<arg>YE</arg>
<arg>YT</arg>
<arg>ZA</arg>
<arg>ZM</arg>
<arg>ZW</arg>
<doc>Returns a list containing given items.</doc>
<status status="PASS" start="2024-06-11T23:14:38.108902" elapsed="0.000633"/>
</kw>
<kw name="List Should Contain Value" owner="Collections">
<arg>${list_country}</arg>
<arg>${name_country}</arg>
<doc>Fails if the ``value`` is not found from ``list``.</doc>
<status status="PASS" start="2024-06-11T23:14:38.110334" elapsed="0.000205"/>
</kw>
<kw name="Run Keyword If" owner="BuiltIn">
<kw name="Should Be True" owner="BuiltIn">
<arg>${True}</arg>
<doc>Fails if the given condition is not true.</doc>
<status status="PASS" start="2024-06-11T23:14:38.111614" elapsed="0.000171"/>
</kw>
<arg>${json_data["results"][0]["location"]["coordinates"]["latitude"]} &gt;= -90 and ${json_data["results"][0]["location"]["coordinates"]["latitude"]} &lt;= 90</arg>
<arg>Should Be True</arg>
<arg>${True}</arg>
<doc>Runs the given keyword with the given arguments, if ``condition`` is true.</doc>
<status status="PASS" start="2024-06-11T23:14:38.110740" elapsed="0.001181"/>
</kw>
<kw name="Run Keyword If" owner="BuiltIn">
<kw name="Should Be True" owner="BuiltIn">
<arg>${True}</arg>
<doc>Fails if the given condition is not true.</doc>
<status status="PASS" start="2024-06-11T23:14:38.112785" elapsed="0.000138"/>
</kw>
<arg>${json_data["results"][0]["location"]["coordinates"]["longitude"]} &gt;= -180 and ${json_data["results"][0]["location"]["coordinates"]["longitude"]} &lt;= 180</arg>
<arg>Should Be True</arg>
<arg>${True}</arg>
<doc>Runs the given keyword with the given arguments, if ``condition`` is true.</doc>
<status status="PASS" start="2024-06-11T23:14:38.112102" elapsed="0.000951"/>
</kw>
<status status="PASS" start="2024-06-11T23:14:38.022195" elapsed="0.090990"/>
</kw>
<doc>Testa o conteúdo específico dos campos retornados pela API.</doc>
<tag>testeConteudo</tag>
<status status="PASS" start="2024-06-11T23:14:38.021661" elapsed="0.091677"/>
</test>
<status status="PASS" start="2024-06-11T23:14:37.285052" elapsed="0.830245"/>
</suite>
<status status="PASS" start="2024-06-11T23:14:37.271354" elapsed="0.849085"/>
</suite>
<statistics>
<total>
<stat pass="5" fail="0" skip="0">All Tests</stat>
</total>
<tag>
<stat pass="1" fail="0" skip="0">testeConteudo</stat>
<stat pass="1" fail="0" skip="0">testeEstruturaResposta</stat>
<stat pass="1" fail="0" skip="0">testeRequisicaoBasica</stat>
<stat pass="1" fail="0" skip="0">testeTiposDados</stat>
</tag>
<suite>
<stat pass="5" fail="0" skip="0" id="s1" name="Tests">Tests</stat>
<stat pass="5" fail="0" skip="0" id="s1-s1" name="Random-User-Test">Tests.Random-User-Test</stat>
</suite>
</statistics>
<errors>
</errors>
</robot>
