<?xml version="1.0" encoding="UTF-8"?>
<robot generator="Robot 7.0 (Python 3.12.3 on linux)" generated="2024-05-03T17:12:54.863700" rpa="false" schemaversion="5">
<suite id="s1" name="Tests" source="/home/runner/work/DesafioQAItauRogerioJordao/DesafioQAItauRogerioJordao/RamdonUser/tests">
<suite id="s1-s1" name="Random-User-Test" source="/home/runner/work/DesafioQAItauRogerioJordao/DesafioQAItauRogerioJordao/RamdonUser/tests/random-user-test.robot">
<test id="s1-s1-t1" name="Conectar" line="13">
<kw name="Conectar API" owner="random-user-service">
<kw name="Create Session" owner="RequestsLibrary">
<msg time="2024-05-03T17:12:55.228604" level="INFO">Creating Session using : alias=consultarAPI, url=https://randomuser.me/, headers={},                     cookies={}, auth=None, timeout=None, proxies=None, verify=False,                     debug=0 </msg>
<arg>consultarAPI</arg>
<arg>${URL}</arg>
<doc>Create Session: create a HTTP session to a server</doc>
<status status="PASS" start="2024-05-03T17:12:55.228406" elapsed="0.000382"/>
</kw>
<status status="PASS" start="2024-05-03T17:12:55.227419" elapsed="0.001731"/>
</kw>
<status status="PASS" start="2024-05-03T17:12:55.226861" elapsed="0.002481"/>
</test>
<test id="s1-s1-t2" name="Validar retorno 200 e JSON Válido" line="16">
<kw name="Teste de Requisicao Basica" owner="random-user-service">
<kw name="GET On Session" owner="RequestsLibrary">
<msg time="2024-05-03T17:12:55.426036" level="INFO">GET Request : url=https://randomuser.me/api 
 path_url=/api 
 headers={'User-Agent': 'python-requests/2.31.0', 'Accept-Encoding': 'gzip, deflate', 'Accept': '*/*', 'Connection': 'keep-alive'} 
 body=None 
 </msg>
<msg time="2024-05-03T17:12:55.426197" level="INFO">GET Response : url=https://randomuser.me/api 
 status=200, reason=OK 
 headers={'Date': 'Fri, 03 May 2024 17:12:55 GMT', 'Content-Type': 'application/json; charset=utf-8', 'Transfer-Encoding': 'chunked', 'Connection': 'keep-alive', 'X-Powered-By': 'Express', 'Access-Control-Allow-Origin': '*', 'Cache-Control': 'no-cache', 'ETag': 'W/"483-HB8TIJoC7d+UUtFdKdLxk6pob+Q"', 'Vary': 'Accept-Encoding', 'Content-Encoding': 'gzip', 'CF-Cache-Status': 'DYNAMIC', 'Report-To': '{"endpoints":[{"url":"https:\\/\\/a.nel.cloudflare.com\\/report\\/v4?s=ZDLba3zFgk7OWUPxjMY%2BibNnowEquhqIQ1xcVNgaT8CLZGNp%2Bv%2FznjkWbtyi3XOsXxg8O0kCM9kn8j78U3d2%2FY1wj8oDnVzD%2BFSBT%2BJkjNIrOud1q0i2qmYE%2BAp5jEpN"}],"group":"cf-nel","max_age":604800}', 'NEL': '{"success_fraction":0,"report_to":"cf-nel","max_age":604800}', 'Server': 'cloudflare', 'CF-RAY': '87e1e0f22e8b2d0c-IAD', 'alt-svc': 'h3=":443"; ma=86400'} 
 body={"results":[{"gender":"female","name":{"title":"Miss","first":"Kalina","last":"Krivda"},"location":{"street":{"number":257,"name":"Ploshcha Knyazya Svyatoslava"},"city":"Truskavec","state":"Zakarpatska","country":"Ukraine","postcode":22638,"coordinates":{"latitude":"78.2885","longitude":"26.8382"},"timezone":{"offset":"-9:00","description":"Alaska"}},"email":"kalina.krivda@example.com","login":{"uuid":"575106e4-2e8d-46c0-932a-65849aca7487","username":"purplegoose415","password":"bronco","salt":"6IYzVd1n","md5":"4d86e8c692f8766801136a474510c09a","sha1":"69354a0be0fb804d46a49570edd824b77c060fe6","sha256":"1600ac88a26c6fe03e27d544de27df7c99895997b3120c0818f0bc00143f904d"},"dob":{"date":"1973-04-01T02:59:34.915Z","age":51},"registered":{"date":"2007-10-19T21:01:04.446Z","age":16},"phone":"(097) U64-2546","cell":"(099) Q13-5608","id":{"name":"","value":null},"picture":{"large":"https://randomuser.me/api/portraits/women/58.jpg","medium":"https://randomuser.me/api/portraits/med/women/58.jpg","thumbnail":"https://randomuser.me/api/portraits/thumb/women/58.jpg"},"nat":"UA"}],"info":{"seed":"007539189ba7b2b9","results":1,"page":1,"version":"1.4"}} 
 </msg>
<msg time="2024-05-03T17:12:55.426280" level="INFO">/opt/hostedtoolcache/Python/3.12.3/x64/lib/python3.12/site-packages/urllib3/connectionpool.py:1103: InsecureRequestWarning: Unverified HTTPS request is being made to host 'randomuser.me'. Adding certificate verification is strongly advised. See: https://urllib3.readthedocs.io/en/latest/advanced-usage.html#tls-warnings
  warnings.warn(</msg>
<msg time="2024-05-03T17:12:55.426446" level="INFO">${response} = &lt;Response [200]&gt;</msg>
<var>${response}</var>
<arg>consultarAPI</arg>
<arg>/api</arg>
<doc>Sends a GET request on a previously created HTTP Session.</doc>
<status status="PASS" start="2024-05-03T17:12:55.232019" elapsed="0.194471"/>
</kw>
<kw name="Should Be Equal As Numbers" owner="BuiltIn">
<msg time="2024-05-03T17:12:55.427539" level="INFO">Argument types are:
&lt;class 'int'&gt;
&lt;class 'str'&gt;</msg>
<arg>${response.status_code}</arg>
<arg>200</arg>
<doc>Fails if objects are unequal after converting them to real numbers.</doc>
<status status="PASS" start="2024-05-03T17:12:55.427071" elapsed="0.000536"/>
</kw>
<kw name="Log" owner="BuiltIn">
<msg time="2024-05-03T17:12:55.428328" level="INFO">200</msg>
<arg>${response.status_code}</arg>
<doc>Logs the given message with the given level.</doc>
<status status="PASS" start="2024-05-03T17:12:55.427964" elapsed="0.000408"/>
</kw>
<kw name="Set Variable" owner="BuiltIn">
<msg time="2024-05-03T17:12:55.429132" level="INFO">${json_data} = {'results': [{'gender': 'female', 'name': {'title': 'Miss', 'first': 'Kalina', 'last': 'Krivda'}, 'location': {'street': {'number': 257, 'name': 'Ploshcha Knyazya Svyatoslava'}, 'city': 'Truskavec', '...</msg>
<var>${json_data}</var>
<arg>${response.json()}</arg>
<doc>Returns the given values which can then be assigned to a variables.</doc>
<status status="PASS" start="2024-05-03T17:12:55.428686" elapsed="0.000475"/>
</kw>
<kw name="Dictionary Should Contain Key" owner="Collections">
<msg time="2024-05-03T17:12:55.429639" level="INFO">False</msg>
<arg>${json_data}</arg>
<arg>results</arg>
<doc>Fails if ``key`` is not found from ``dictionary``.</doc>
<status status="PASS" start="2024-05-03T17:12:55.429464" elapsed="0.000215"/>
</kw>
<status status="PASS" start="2024-05-03T17:12:55.231770" elapsed="0.198207"/>
</kw>
<doc>Testa se a API responde corretamente e retorna um objeto JSON válido.</doc>
<tag>testeRequisicaoBasica</tag>
<status status="PASS" start="2024-05-03T17:12:55.231297" elapsed="0.198874"/>
</test>
<test id="s1-s1-t3" name="Validar estrutura de resposta" line="22">
<kw name="Teste de Estrutura de Resposta" owner="random-user-service">
<kw name="GET On Session" owner="RequestsLibrary">
<msg time="2024-05-03T17:12:55.539514" level="INFO">GET Request : url=https://randomuser.me/api 
 path_url=/api 
 headers={'User-Agent': 'python-requests/2.31.0', 'Accept-Encoding': 'gzip, deflate', 'Accept': '*/*', 'Connection': 'keep-alive'} 
 body=None 
 </msg>
<msg time="2024-05-03T17:12:55.539614" level="INFO">GET Response : url=https://randomuser.me/api 
 status=200, reason=OK 
 headers={'Date': 'Fri, 03 May 2024 17:12:55 GMT', 'Content-Type': 'application/json; charset=utf-8', 'Transfer-Encoding': 'chunked', 'Connection': 'keep-alive', 'X-Powered-By': 'Express', 'Access-Control-Allow-Origin': '*', 'Cache-Control': 'no-cache', 'ETag': 'W/"486-J26wbHvUwreUkKJquG5C+z538cs"', 'Vary': 'Accept-Encoding', 'Content-Encoding': 'gzip', 'CF-Cache-Status': 'DYNAMIC', 'Report-To': '{"endpoints":[{"url":"https:\\/\\/a.nel.cloudflare.com\\/report\\/v4?s=ifGOwrnbyaoe5efmzM1gB5hFQ%2F18RJOP13axoTtZulj0GbZxmdRadU8JqgyvhbzNPp7Z859DN0XNaeM59DqZLzFTn8IRilWVdeExcy94xC3ePeacotrRChJPRwqijYrx"}],"group":"cf-nel","max_age":604800}', 'NEL': '{"success_fraction":0,"report_to":"cf-nel","max_age":604800}', 'Server': 'cloudflare', 'CF-RAY': '87e1e0f27f1f2d0c-IAD', 'alt-svc': 'h3=":443"; ma=86400'} 
 body={"results":[{"gender":"male","name":{"title":"Mr","first":"Dylan","last":"Thompson"},"location":{"street":{"number":3839,"name":"Vimy St"},"city":"Hampton","state":"Yukon","country":"Canada","postcode":"K5U 0B8","coordinates":{"latitude":"-68.6422","longitude":"-57.1492"},"timezone":{"offset":"-5:00","description":"Eastern Time (US &amp; Canada), Bogota, Lima"}},"email":"dylan.thompson@example.com","login":{"uuid":"4e46e6f6-dc8f-4993-b338-cd30bbb74393","username":"bluelion830","password":"clutch","salt":"1XG7JKpR","md5":"7121ca87fc4ffb259ca074f81e569ca3","sha1":"a9f93008f5bea73d33010df74e31f6e4ef1eed23","sha256":"37771c15fd510990eb1ceaeba483ef50d1e4a1aa3673a7a20fa34d5354391846"},"dob":{"date":"1992-07-04T00:27:19.683Z","age":31},"registered":{"date":"2006-11-18T09:17:20.814Z","age":17},"phone":"R77 M32-5268","cell":"J45 W04-7300","id":{"name":"SIN","value":"080171663"},"picture":{"large":"https://randomuser.me/api/portraits/men/6.jpg","medium":"https://randomuser.me/api/portraits/med/men/6.jpg","thumbnail":"https://randomuser.me/api/portraits/thumb/men/6.jpg"},"nat":"CA"}],"info":{"seed":"62a0b303d81bbc63","results":1,"page":1,"version":"1.4"}} 
 </msg>
<msg time="2024-05-03T17:12:55.539744" level="INFO">/opt/hostedtoolcache/Python/3.12.3/x64/lib/python3.12/site-packages/urllib3/connectionpool.py:1103: InsecureRequestWarning: Unverified HTTPS request is being made to host 'randomuser.me'. Adding certificate verification is strongly advised. See: https://urllib3.readthedocs.io/en/latest/advanced-usage.html#tls-warnings
  warnings.warn(</msg>
<msg time="2024-05-03T17:12:55.539895" level="INFO">${response} = &lt;Response [200]&gt;</msg>
<var>${response}</var>
<arg>consultarAPI</arg>
<arg>/api</arg>
<doc>Sends a GET request on a previously created HTTP Session.</doc>
<status status="PASS" start="2024-05-03T17:12:55.432954" elapsed="0.106989"/>
</kw>
<kw name="Set Variable" owner="BuiltIn">
<msg time="2024-05-03T17:12:55.540975" level="INFO">${json_data} = {'results': [{'gender': 'male', 'name': {'title': 'Mr', 'first': 'Dylan', 'last': 'Thompson'}, 'location': {'street': {'number': 3839, 'name': 'Vimy St'}, 'city': 'Hampton', 'state': 'Yukon', 'country...</msg>
<var>${json_data}</var>
<arg>${response.json()}</arg>
<doc>Returns the given values which can then be assigned to a variables.</doc>
<status status="PASS" start="2024-05-03T17:12:55.540453" elapsed="0.000551"/>
</kw>
<kw name="Log" owner="BuiltIn">
<msg time="2024-05-03T17:12:55.541480" level="INFO">{'results': [{'gender': 'male', 'name': {'title': 'Mr', 'first': 'Dylan', 'last': 'Thompson'}, 'location': {'street': {'number': 3839, 'name': 'Vimy St'}, 'city': 'Hampton', 'state': 'Yukon', 'country': 'Canada', 'postcode': 'K5U 0B8', 'coordinates': {'latitude': '-68.6422', 'longitude': '-57.1492'}, 'timezone': {'offset': '-5:00', 'description': 'Eastern Time (US &amp; Canada), Bogota, Lima'}}, 'email': 'dylan.thompson@example.com', 'login': {'uuid': '4e46e6f6-dc8f-4993-b338-cd30bbb74393', 'username': 'bluelion830', 'password': 'clutch', 'salt': '1XG7JKpR', 'md5': '7121ca87fc4ffb259ca074f81e569ca3', 'sha1': 'a9f93008f5bea73d33010df74e31f6e4ef1eed23', 'sha256': '37771c15fd510990eb1ceaeba483ef50d1e4a1aa3673a7a20fa34d5354391846'}, 'dob': {'date': '1992-07-04T00:27:19.683Z', 'age': 31}, 'registered': {'date': '2006-11-18T09:17:20.814Z', 'age': 17}, 'phone': 'R77 M32-5268', 'cell': 'J45 W04-7300', 'id': {'name': 'SIN', 'value': '080171663'}, 'picture': {'large': 'https://randomuser.me/api/portraits/men/6.jpg', 'medium': 'https://randomuser.me/api/portraits/med/men/6.jpg', 'thumbnail': 'https://randomuser.me/api/portraits/thumb/men/6.jpg'}, 'nat': 'CA'}], 'info': {'seed': '62a0b303d81bbc63', 'results': 1, 'page': 1, 'version': '1.4'}}</msg>
<arg>${json_data}</arg>
<doc>Logs the given message with the given level.</doc>
<status status="PASS" start="2024-05-03T17:12:55.541320" elapsed="0.000211"/>
</kw>
<kw name="Dictionary Should Contain Key" owner="Collections">
<msg time="2024-05-03T17:12:55.542066" level="INFO">False</msg>
<arg>${json_data}</arg>
<arg>results</arg>
<doc>Fails if ``key`` is not found from ``dictionary``.</doc>
<status status="PASS" start="2024-05-03T17:12:55.541889" elapsed="0.000217"/>
</kw>
<kw name="Should Not Be Empty" owner="BuiltIn">
<msg time="2024-05-03T17:12:55.542552" level="INFO">Length is 2.</msg>
<arg>${json_data}</arg>
<doc>Verifies that the given item is not empty.</doc>
<status status="PASS" start="2024-05-03T17:12:55.542408" elapsed="0.000352"/>
</kw>
<kw name="Create List" owner="BuiltIn">
<msg time="2024-05-03T17:12:55.543220" level="INFO">${expected_keys} = ['gender', 'name', 'location', 'email', 'login']</msg>
<var>${expected_keys}</var>
<arg>gender</arg>
<arg>name</arg>
<arg>location</arg>
<arg>email</arg>
<arg>login</arg>
<doc>Returns a list containing given items.</doc>
<status status="PASS" start="2024-05-03T17:12:55.543064" elapsed="0.000181"/>
</kw>
<for flavor="IN">
<iter>
<kw name="Dictionary Should Contain Key" owner="Collections">
<msg time="2024-05-03T17:12:55.544244" level="INFO">False</msg>
<arg>${json_data['results'][0]}</arg>
<arg>${key}</arg>
<doc>Fails if ``key`` is not found from ``dictionary``.</doc>
<status status="PASS" start="2024-05-03T17:12:55.543839" elapsed="0.000444"/>
</kw>
<kw name="Log" owner="BuiltIn">
<msg time="2024-05-03T17:12:55.544969" level="INFO">{'gender': 'male', 'name': {'title': 'Mr', 'first': 'Dylan', 'last': 'Thompson'}, 'location': {'street': {'number': 3839, 'name': 'Vimy St'}, 'city': 'Hampton', 'state': 'Yukon', 'country': 'Canada', 'postcode': 'K5U 0B8', 'coordinates': {'latitude': '-68.6422', 'longitude': '-57.1492'}, 'timezone': {'offset': '-5:00', 'description': 'Eastern Time (US &amp; Canada), Bogota, Lima'}}, 'email': 'dylan.thompson@example.com', 'login': {'uuid': '4e46e6f6-dc8f-4993-b338-cd30bbb74393', 'username': 'bluelion830', 'password': 'clutch', 'salt': '1XG7JKpR', 'md5': '7121ca87fc4ffb259ca074f81e569ca3', 'sha1': 'a9f93008f5bea73d33010df74e31f6e4ef1eed23', 'sha256': '37771c15fd510990eb1ceaeba483ef50d1e4a1aa3673a7a20fa34d5354391846'}, 'dob': {'date': '1992-07-04T00:27:19.683Z', 'age': 31}, 'registered': {'date': '2006-11-18T09:17:20.814Z', 'age': 17}, 'phone': 'R77 M32-5268', 'cell': 'J45 W04-7300', 'id': {'name': 'SIN', 'value': '080171663'}, 'picture': {'large': 'https://randomuser.me/api/portraits/men/6.jpg', 'medium': 'https://randomuser.me/api/portraits/med/men/6.jpg', 'thumbnail': 'https://randomuser.me/api/portraits/thumb/men/6.jpg'}, 'nat': 'CA'}</msg>
<arg>${json_data['results'][0]}</arg>
<doc>Logs the given message with the given level.</doc>
<status status="PASS" start="2024-05-03T17:12:55.544588" elapsed="0.000432"/>
</kw>
<kw name="Log" owner="BuiltIn">
<msg time="2024-05-03T17:12:55.545457" level="INFO">gender</msg>
<arg>${key}</arg>
<doc>Logs the given message with the given level.</doc>
<status status="PASS" start="2024-05-03T17:12:55.545325" elapsed="0.000171"/>
</kw>
<var name="${key}">gender</var>
<status status="PASS" start="2024-05-03T17:12:55.543710" elapsed="0.002000"/>
</iter>
<iter>
<kw name="Dictionary Should Contain Key" owner="Collections">
<msg time="2024-05-03T17:12:55.546441" level="INFO">False</msg>
<arg>${json_data['results'][0]}</arg>
<arg>${key}</arg>
<doc>Fails if ``key`` is not found from ``dictionary``.</doc>
<status status="PASS" start="2024-05-03T17:12:55.546057" elapsed="0.000422"/>
</kw>
<kw name="Log" owner="BuiltIn">
<msg time="2024-05-03T17:12:55.547168" level="INFO">{'gender': 'male', 'name': {'title': 'Mr', 'first': 'Dylan', 'last': 'Thompson'}, 'location': {'street': {'number': 3839, 'name': 'Vimy St'}, 'city': 'Hampton', 'state': 'Yukon', 'country': 'Canada', 'postcode': 'K5U 0B8', 'coordinates': {'latitude': '-68.6422', 'longitude': '-57.1492'}, 'timezone': {'offset': '-5:00', 'description': 'Eastern Time (US &amp; Canada), Bogota, Lima'}}, 'email': 'dylan.thompson@example.com', 'login': {'uuid': '4e46e6f6-dc8f-4993-b338-cd30bbb74393', 'username': 'bluelion830', 'password': 'clutch', 'salt': '1XG7JKpR', 'md5': '7121ca87fc4ffb259ca074f81e569ca3', 'sha1': 'a9f93008f5bea73d33010df74e31f6e4ef1eed23', 'sha256': '37771c15fd510990eb1ceaeba483ef50d1e4a1aa3673a7a20fa34d5354391846'}, 'dob': {'date': '1992-07-04T00:27:19.683Z', 'age': 31}, 'registered': {'date': '2006-11-18T09:17:20.814Z', 'age': 17}, 'phone': 'R77 M32-5268', 'cell': 'J45 W04-7300', 'id': {'name': 'SIN', 'value': '080171663'}, 'picture': {'large': 'https://randomuser.me/api/portraits/men/6.jpg', 'medium': 'https://randomuser.me/api/portraits/med/men/6.jpg', 'thumbnail': 'https://randomuser.me/api/portraits/thumb/men/6.jpg'}, 'nat': 'CA'}</msg>
<arg>${json_data['results'][0]}</arg>
<doc>Logs the given message with the given level.</doc>
<status status="PASS" start="2024-05-03T17:12:55.546806" elapsed="0.000411"/>
</kw>
<kw name="Log" owner="BuiltIn">
<msg time="2024-05-03T17:12:55.547645" level="INFO">name</msg>
<arg>${key}</arg>
<doc>Logs the given message with the given level.</doc>
<status status="PASS" start="2024-05-03T17:12:55.547516" elapsed="0.000168"/>
</kw>
<var name="${key}">name</var>
<status status="PASS" start="2024-05-03T17:12:55.545939" elapsed="0.001963"/>
</iter>
<iter>
<kw name="Dictionary Should Contain Key" owner="Collections">
<msg time="2024-05-03T17:12:55.548612" level="INFO">False</msg>
<arg>${json_data['results'][0]}</arg>
<arg>${key}</arg>
<doc>Fails if ``key`` is not found from ``dictionary``.</doc>
<status status="PASS" start="2024-05-03T17:12:55.548221" elapsed="0.000429"/>
</kw>
<kw name="Log" owner="BuiltIn">
<msg time="2024-05-03T17:12:55.549314" level="INFO">{'gender': 'male', 'name': {'title': 'Mr', 'first': 'Dylan', 'last': 'Thompson'}, 'location': {'street': {'number': 3839, 'name': 'Vimy St'}, 'city': 'Hampton', 'state': 'Yukon', 'country': 'Canada', 'postcode': 'K5U 0B8', 'coordinates': {'latitude': '-68.6422', 'longitude': '-57.1492'}, 'timezone': {'offset': '-5:00', 'description': 'Eastern Time (US &amp; Canada), Bogota, Lima'}}, 'email': 'dylan.thompson@example.com', 'login': {'uuid': '4e46e6f6-dc8f-4993-b338-cd30bbb74393', 'username': 'bluelion830', 'password': 'clutch', 'salt': '1XG7JKpR', 'md5': '7121ca87fc4ffb259ca074f81e569ca3', 'sha1': 'a9f93008f5bea73d33010df74e31f6e4ef1eed23', 'sha256': '37771c15fd510990eb1ceaeba483ef50d1e4a1aa3673a7a20fa34d5354391846'}, 'dob': {'date': '1992-07-04T00:27:19.683Z', 'age': 31}, 'registered': {'date': '2006-11-18T09:17:20.814Z', 'age': 17}, 'phone': 'R77 M32-5268', 'cell': 'J45 W04-7300', 'id': {'name': 'SIN', 'value': '080171663'}, 'picture': {'large': 'https://randomuser.me/api/portraits/men/6.jpg', 'medium': 'https://randomuser.me/api/portraits/med/men/6.jpg', 'thumbnail': 'https://randomuser.me/api/portraits/thumb/men/6.jpg'}, 'nat': 'CA'}</msg>
<arg>${json_data['results'][0]}</arg>
<doc>Logs the given message with the given level.</doc>
<status status="PASS" start="2024-05-03T17:12:55.548952" elapsed="0.000410"/>
</kw>
<kw name="Log" owner="BuiltIn">
<msg time="2024-05-03T17:12:55.549820" level="INFO">location</msg>
<arg>${key}</arg>
<doc>Logs the given message with the given level.</doc>
<status status="PASS" start="2024-05-03T17:12:55.549659" elapsed="0.000205"/>
</kw>
<var name="${key}">location</var>
<status status="PASS" start="2024-05-03T17:12:55.548106" elapsed="0.001990"/>
</iter>
<iter>
<kw name="Dictionary Should Contain Key" owner="Collections">
<msg time="2024-05-03T17:12:55.550776" level="INFO">False</msg>
<arg>${json_data['results'][0]}</arg>
<arg>${key}</arg>
<doc>Fails if ``key`` is not found from ``dictionary``.</doc>
<status status="PASS" start="2024-05-03T17:12:55.550387" elapsed="0.000427"/>
</kw>
<kw name="Log" owner="BuiltIn">
<msg time="2024-05-03T17:12:55.551488" level="INFO">{'gender': 'male', 'name': {'title': 'Mr', 'first': 'Dylan', 'last': 'Thompson'}, 'location': {'street': {'number': 3839, 'name': 'Vimy St'}, 'city': 'Hampton', 'state': 'Yukon', 'country': 'Canada', 'postcode': 'K5U 0B8', 'coordinates': {'latitude': '-68.6422', 'longitude': '-57.1492'}, 'timezone': {'offset': '-5:00', 'description': 'Eastern Time (US &amp; Canada), Bogota, Lima'}}, 'email': 'dylan.thompson@example.com', 'login': {'uuid': '4e46e6f6-dc8f-4993-b338-cd30bbb74393', 'username': 'bluelion830', 'password': 'clutch', 'salt': '1XG7JKpR', 'md5': '7121ca87fc4ffb259ca074f81e569ca3', 'sha1': 'a9f93008f5bea73d33010df74e31f6e4ef1eed23', 'sha256': '37771c15fd510990eb1ceaeba483ef50d1e4a1aa3673a7a20fa34d5354391846'}, 'dob': {'date': '1992-07-04T00:27:19.683Z', 'age': 31}, 'registered': {'date': '2006-11-18T09:17:20.814Z', 'age': 17}, 'phone': 'R77 M32-5268', 'cell': 'J45 W04-7300', 'id': {'name': 'SIN', 'value': '080171663'}, 'picture': {'large': 'https://randomuser.me/api/portraits/men/6.jpg', 'medium': 'https://randomuser.me/api/portraits/med/men/6.jpg', 'thumbnail': 'https://randomuser.me/api/portraits/thumb/men/6.jpg'}, 'nat': 'CA'}</msg>
<arg>${json_data['results'][0]}</arg>
<doc>Logs the given message with the given level.</doc>
<status status="PASS" start="2024-05-03T17:12:55.551115" elapsed="0.000422"/>
</kw>
<kw name="Log" owner="BuiltIn">
<msg time="2024-05-03T17:12:55.551960" level="INFO">email</msg>
<arg>${key}</arg>
<doc>Logs the given message with the given level.</doc>
<status status="PASS" start="2024-05-03T17:12:55.551832" elapsed="0.000166"/>
</kw>
<var name="${key}">email</var>
<status status="PASS" start="2024-05-03T17:12:55.550274" elapsed="0.001937"/>
</iter>
<iter>
<kw name="Dictionary Should Contain Key" owner="Collections">
<msg time="2024-05-03T17:12:55.552891" level="INFO">False</msg>
<arg>${json_data['results'][0]}</arg>
<arg>${key}</arg>
<doc>Fails if ``key`` is not found from ``dictionary``.</doc>
<status status="PASS" start="2024-05-03T17:12:55.552497" elapsed="0.000432"/>
</kw>
<kw name="Log" owner="BuiltIn">
<msg time="2024-05-03T17:12:55.553619" level="INFO">{'gender': 'male', 'name': {'title': 'Mr', 'first': 'Dylan', 'last': 'Thompson'}, 'location': {'street': {'number': 3839, 'name': 'Vimy St'}, 'city': 'Hampton', 'state': 'Yukon', 'country': 'Canada', 'postcode': 'K5U 0B8', 'coordinates': {'latitude': '-68.6422', 'longitude': '-57.1492'}, 'timezone': {'offset': '-5:00', 'description': 'Eastern Time (US &amp; Canada), Bogota, Lima'}}, 'email': 'dylan.thompson@example.com', 'login': {'uuid': '4e46e6f6-dc8f-4993-b338-cd30bbb74393', 'username': 'bluelion830', 'password': 'clutch', 'salt': '1XG7JKpR', 'md5': '7121ca87fc4ffb259ca074f81e569ca3', 'sha1': 'a9f93008f5bea73d33010df74e31f6e4ef1eed23', 'sha256': '37771c15fd510990eb1ceaeba483ef50d1e4a1aa3673a7a20fa34d5354391846'}, 'dob': {'date': '1992-07-04T00:27:19.683Z', 'age': 31}, 'registered': {'date': '2006-11-18T09:17:20.814Z', 'age': 17}, 'phone': 'R77 M32-5268', 'cell': 'J45 W04-7300', 'id': {'name': 'SIN', 'value': '080171663'}, 'picture': {'large': 'https://randomuser.me/api/portraits/men/6.jpg', 'medium': 'https://randomuser.me/api/portraits/med/men/6.jpg', 'thumbnail': 'https://randomuser.me/api/portraits/thumb/men/6.jpg'}, 'nat': 'CA'}</msg>
<arg>${json_data['results'][0]}</arg>
<doc>Logs the given message with the given level.</doc>
<status status="PASS" start="2024-05-03T17:12:55.553226" elapsed="0.000442"/>
</kw>
<kw name="Log" owner="BuiltIn">
<msg time="2024-05-03T17:12:55.554132" level="INFO">login</msg>
<arg>${key}</arg>
<doc>Logs the given message with the given level.</doc>
<status status="PASS" start="2024-05-03T17:12:55.554003" elapsed="0.000167"/>
</kw>
<var name="${key}">login</var>
<status status="PASS" start="2024-05-03T17:12:55.552384" elapsed="0.002029"/>
</iter>
<var>${key}</var>
<value>@{expected_keys}</value>
<status status="PASS" start="2024-05-03T17:12:55.543509" elapsed="0.011032"/>
</for>
<kw name="Create List" owner="BuiltIn">
<msg time="2024-05-03T17:12:55.554874" level="INFO">${expected_keysTwo} = ['username', 'password']</msg>
<var>${expected_keysTwo}</var>
<arg>username</arg>
<arg>password</arg>
<doc>Returns a list containing given items.</doc>
<status status="PASS" start="2024-05-03T17:12:55.554737" elapsed="0.000161"/>
</kw>
<for flavor="IN">
<iter>
<kw name="Dictionary Should Contain Key" owner="Collections">
<msg time="2024-05-03T17:12:55.555812" level="INFO">False</msg>
<arg>${json_data['results'][0]['login']}</arg>
<arg>${keyTwo}</arg>
<doc>Fails if ``key`` is not found from ``dictionary``.</doc>
<status status="PASS" start="2024-05-03T17:12:55.555414" elapsed="0.000435"/>
</kw>
<kw name="Dictionary Should Contain Key" owner="Collections">
<msg time="2024-05-03T17:12:55.556535" level="INFO">False</msg>
<arg>${json_data['results'][0]['login']}</arg>
<arg>${keyTwo}</arg>
<doc>Fails if ``key`` is not found from ``dictionary``.</doc>
<status status="PASS" start="2024-05-03T17:12:55.556146" elapsed="0.000427"/>
</kw>
<kw name="Log" owner="BuiltIn">
<msg time="2024-05-03T17:12:55.556994" level="INFO">username</msg>
<arg>${keyTwo}</arg>
<doc>Logs the given message with the given level.</doc>
<status status="PASS" start="2024-05-03T17:12:55.556866" elapsed="0.000174"/>
</kw>
<var name="${keyTwo}">username</var>
<status status="PASS" start="2024-05-03T17:12:55.555304" elapsed="0.001953"/>
</iter>
<iter>
<kw name="Dictionary Should Contain Key" owner="Collections">
<msg time="2024-05-03T17:12:55.558051" level="INFO">False</msg>
<arg>${json_data['results'][0]['login']}</arg>
<arg>${keyTwo}</arg>
<doc>Fails if ``key`` is not found from ``dictionary``.</doc>
<status status="PASS" start="2024-05-03T17:12:55.557543" elapsed="0.000548"/>
</kw>
<kw name="Dictionary Should Contain Key" owner="Collections">
<msg time="2024-05-03T17:12:55.558773" level="INFO">False</msg>
<arg>${json_data['results'][0]['login']}</arg>
<arg>${keyTwo}</arg>
<doc>Fails if ``key`` is not found from ``dictionary``.</doc>
<status status="PASS" start="2024-05-03T17:12:55.558393" elapsed="0.000419"/>
</kw>
<kw name="Log" owner="BuiltIn">
<msg time="2024-05-03T17:12:55.559231" level="INFO">password</msg>
<arg>${keyTwo}</arg>
<doc>Logs the given message with the given level.</doc>
<status status="PASS" start="2024-05-03T17:12:55.559104" elapsed="0.000164"/>
</kw>
<var name="${keyTwo}">password</var>
<status status="PASS" start="2024-05-03T17:12:55.557432" elapsed="0.002047"/>
</iter>
<var>${keyTwo}</var>
<value>@{expected_keysTwo}</value>
<status status="PASS" start="2024-05-03T17:12:55.555145" elapsed="0.004458"/>
</for>
<status status="PASS" start="2024-05-03T17:12:55.432709" elapsed="0.127037"/>
</kw>
<doc>Testa a estrutura da resposta da API.</doc>
<tag>testeEstruturaResposta</tag>
<status status="PASS" start="2024-05-03T17:12:55.432071" elapsed="0.127839"/>
</test>
<test id="s1-s1-t4" name="Validar tipos de dados" line="28">
<kw name="Teste de Tipos de Dados" owner="random-user-service">
<kw name="GET On Session" owner="RequestsLibrary">
<msg time="2024-05-03T17:12:55.633143" level="INFO">GET Request : url=https://randomuser.me/api 
 path_url=/api 
 headers={'User-Agent': 'python-requests/2.31.0', 'Accept-Encoding': 'gzip, deflate', 'Accept': '*/*', 'Connection': 'keep-alive'} 
 body=None 
 </msg>
<msg time="2024-05-03T17:12:55.633253" level="INFO">GET Response : url=https://randomuser.me/api 
 status=200, reason=OK 
 headers={'Date': 'Fri, 03 May 2024 17:12:55 GMT', 'Content-Type': 'application/json; charset=utf-8', 'Transfer-Encoding': 'chunked', 'Connection': 'keep-alive', 'X-Powered-By': 'Express', 'Access-Control-Allow-Origin': '*', 'Cache-Control': 'no-cache', 'ETag': 'W/"47e-5j8r7eu3E4yEDZhHa3J5kZ2WWDs"', 'Vary': 'Accept-Encoding', 'Content-Encoding': 'gzip', 'CF-Cache-Status': 'DYNAMIC', 'Report-To': '{"endpoints":[{"url":"https:\\/\\/a.nel.cloudflare.com\\/report\\/v4?s=WchJPUpJPGZuZp38noy4UAIMWxShXqKGGI8tTkC9WO71fL0Qon%2BRZ%2BbgR2zahnu%2F%2BGU%2F%2BcQmJGqEz5%2FITdPcyI8%2F3I1gwPE%2BUQkUesypqp23mD242G9EsA2MRRn%2F9W5v"}],"group":"cf-nel","max_age":604800}', 'NEL': '{"success_fraction":0,"report_to":"cf-nel","max_age":604800}', 'Server': 'cloudflare', 'CF-RAY': '87e1e0f348472d0c-IAD', 'alt-svc': 'h3=":443"; ma=86400'} 
 body={"results":[{"gender":"female","name":{"title":"Ms","first":"Kaylee","last":"Spencer"},"location":{"street":{"number":5564,"name":"Bollinger Rd"},"city":"Hartford","state":"Delaware","country":"United States","postcode":34564,"coordinates":{"latitude":"88.6653","longitude":"154.0249"},"timezone":{"offset":"+5:45","description":"Kathmandu"}},"email":"kaylee.spencer@example.com","login":{"uuid":"8dfb8062-4c7b-4b90-a40b-2d7a754c0801","username":"sadcat871","password":"1001","salt":"XCRTMa5q","md5":"3e1b856f722e3a6b3573532a5300db03","sha1":"af16f144d166f9324c2f381796d70a6f5bfef59c","sha256":"7d61be505c880d1f410d77d1ae97d995eb85674f74a775e39578ae79e390220d"},"dob":{"date":"1971-07-10T20:45:39.346Z","age":52},"registered":{"date":"2015-02-06T09:17:33.111Z","age":9},"phone":"(427) 250-0740","cell":"(309) 467-4721","id":{"name":"SSN","value":"039-93-5147"},"picture":{"large":"https://randomuser.me/api/portraits/women/46.jpg","medium":"https://randomuser.me/api/portraits/med/women/46.jpg","thumbnail":"https://randomuser.me/api/portraits/thumb/women/46.jpg"},"nat":"US"}],"info":{"seed":"8e92e3565115703e","results":1,"page":1,"version":"1.4"}} 
 </msg>
<msg time="2024-05-03T17:12:55.633334" level="INFO">/opt/hostedtoolcache/Python/3.12.3/x64/lib/python3.12/site-packages/urllib3/connectionpool.py:1103: InsecureRequestWarning: Unverified HTTPS request is being made to host 'randomuser.me'. Adding certificate verification is strongly advised. See: https://urllib3.readthedocs.io/en/latest/advanced-usage.html#tls-warnings
  warnings.warn(</msg>
<msg time="2024-05-03T17:12:55.633482" level="INFO">${response} = &lt;Response [200]&gt;</msg>
<var>${response}</var>
<arg>consultarAPI</arg>
<arg>/api</arg>
<doc>Sends a GET request on a previously created HTTP Session.</doc>
<status status="PASS" start="2024-05-03T17:12:55.562505" elapsed="0.071021"/>
</kw>
<kw name="Set Variable" owner="BuiltIn">
<msg time="2024-05-03T17:12:55.634578" level="INFO">${json_data} = {'results': [{'gender': 'female', 'name': {'title': 'Ms', 'first': 'Kaylee', 'last': 'Spencer'}, 'location': {'street': {'number': 5564, 'name': 'Bollinger Rd'}, 'city': 'Hartford', 'state': 'Delaware...</msg>
<var>${json_data}</var>
<arg>${response.json()}</arg>
<doc>Returns the given values which can then be assigned to a variables.</doc>
<status status="PASS" start="2024-05-03T17:12:55.634068" elapsed="0.000539"/>
</kw>
<kw name="Log" owner="BuiltIn">
<msg time="2024-05-03T17:12:55.635068" level="INFO">{'results': [{'gender': 'female', 'name': {'title': 'Ms', 'first': 'Kaylee', 'last': 'Spencer'}, 'location': {'street': {'number': 5564, 'name': 'Bollinger Rd'}, 'city': 'Hartford', 'state': 'Delaware', 'country': 'United States', 'postcode': 34564, 'coordinates': {'latitude': '88.6653', 'longitude': '154.0249'}, 'timezone': {'offset': '+5:45', 'description': 'Kathmandu'}}, 'email': 'kaylee.spencer@example.com', 'login': {'uuid': '8dfb8062-4c7b-4b90-a40b-2d7a754c0801', 'username': 'sadcat871', 'password': '1001', 'salt': 'XCRTMa5q', 'md5': '3e1b856f722e3a6b3573532a5300db03', 'sha1': 'af16f144d166f9324c2f381796d70a6f5bfef59c', 'sha256': '7d61be505c880d1f410d77d1ae97d995eb85674f74a775e39578ae79e390220d'}, 'dob': {'date': '1971-07-10T20:45:39.346Z', 'age': 52}, 'registered': {'date': '2015-02-06T09:17:33.111Z', 'age': 9}, 'phone': '(427) 250-0740', 'cell': '(309) 467-4721', 'id': {'name': 'SSN', 'value': '039-93-5147'}, 'picture': {'large': 'https://randomuser.me/api/portraits/women/46.jpg', 'medium': 'https://randomuser.me/api/portraits/med/women/46.jpg', 'thumbnail': 'https://randomuser.me/api/portraits/thumb/women/46.jpg'}, 'nat': 'US'}], 'info': {'seed': '8e92e3565115703e', 'results': 1, 'page': 1, 'version': '1.4'}}</msg>
<arg>${json_data}</arg>
<doc>Logs the given message with the given level.</doc>
<status status="PASS" start="2024-05-03T17:12:55.634914" elapsed="0.000239"/>
</kw>
<kw name="Should Be String" owner="String">
<arg>${json_data['results'][0]['gender']}</arg>
<doc>Fails if the given ``item`` is not a string.</doc>
<status status="PASS" start="2024-05-03T17:12:55.635450" elapsed="0.000372"/>
</kw>
<kw name="Should Match Regexp" owner="BuiltIn">
<arg>${json_data['results'][0]['email']}</arg>
<arg>^[a-zA-Z0-9._%+-]+@[a-zA-Z0-9.-]+\.[a-zA-Z]{2,}$</arg>
<doc>Fails if ``string`` does not match ``pattern`` as a regular expression.</doc>
<status status="PASS" start="2024-05-03T17:12:55.636017" elapsed="0.000515"/>
</kw>
<kw name="Should Match Regexp" owner="BuiltIn">
<arg>${json_data['results'][0]['dob']['date']}</arg>
<arg>\\d{4}-\\d{2}-\\d{2}T\\d{2}:\\d{2}:\\d{2}\\.\\d{3}Z</arg>
<doc>Fails if ``string`` does not match ``pattern`` as a regular expression.</doc>
<status status="PASS" start="2024-05-03T17:12:55.636727" elapsed="0.000499"/>
</kw>
<kw name="Should Match Regexp" owner="BuiltIn">
<arg>${json_data['results'][0]['registered']['date']}</arg>
<arg>\\d{4}-\\d{2}-\\d{2}T\\d{2}:\\d{2}:\\d{2}\\.\\d{3}Z</arg>
<doc>Fails if ``string`` does not match ``pattern`` as a regular expression.</doc>
<status status="PASS" start="2024-05-03T17:12:55.637417" elapsed="0.000405"/>
</kw>
<kw name="Should Match Regexp" owner="BuiltIn">
<arg>${json_data['results'][0]['picture']['large']}</arg>
<arg>^https?://.*\.(?:png|jpe?g|gif|bmp)$</arg>
<doc>Fails if ``string`` does not match ``pattern`` as a regular expression.</doc>
<status status="PASS" start="2024-05-03T17:12:55.638032" elapsed="0.000476"/>
</kw>
<kw name="Should Match Regexp" owner="BuiltIn">
<arg>${json_data['results'][0]['picture']['medium']}</arg>
<arg>^https?://.*\.(?:png|jpe?g|gif|bmp)$</arg>
<doc>Fails if ``string`` does not match ``pattern`` as a regular expression.</doc>
<status status="PASS" start="2024-05-03T17:12:55.638697" elapsed="0.000355"/>
</kw>
<kw name="Should Match Regexp" owner="BuiltIn">
<arg>${json_data['results'][0]['picture']['thumbnail']}</arg>
<arg>^https?://.*\.(?:png|jpe?g|gif|bmp)$</arg>
<doc>Fails if ``string`` does not match ``pattern`` as a regular expression.</doc>
<status status="PASS" start="2024-05-03T17:12:55.639241" elapsed="0.000351"/>
</kw>
<kw name="Log" owner="BuiltIn">
<msg time="2024-05-03T17:12:55.640102" level="INFO">{'large': 'https://randomuser.me/api/portraits/women/46.jpg', 'medium': 'https://randomuser.me/api/portraits/med/women/46.jpg', 'thumbnail': 'https://randomuser.me/api/portraits/thumb/women/46.jpg'}</msg>
<arg>${json_data['results'][0]['picture']}</arg>
<doc>Logs the given message with the given level.</doc>
<status status="PASS" start="2024-05-03T17:12:55.639770" elapsed="0.000375"/>
</kw>
<status status="PASS" start="2024-05-03T17:12:55.562259" elapsed="0.078143"/>
</kw>
<kw name="Teste de Tipos de Dados - Postcode" owner="random-user-service">
<kw name="GET On Session" owner="RequestsLibrary">
<msg time="2024-05-03T17:12:55.725722" level="INFO">GET Request : url=https://randomuser.me/api 
 path_url=/api 
 headers={'User-Agent': 'python-requests/2.31.0', 'Accept-Encoding': 'gzip, deflate', 'Accept': '*/*', 'Connection': 'keep-alive'} 
 body=None 
 </msg>
<msg time="2024-05-03T17:12:55.725845" level="INFO">GET Response : url=https://randomuser.me/api 
 status=200, reason=OK 
 headers={'Date': 'Fri, 03 May 2024 17:12:55 GMT', 'Content-Type': 'application/json; charset=utf-8', 'Transfer-Encoding': 'chunked', 'Connection': 'keep-alive', 'X-Powered-By': 'Express', 'Access-Control-Allow-Origin': '*', 'Cache-Control': 'no-cache', 'ETag': 'W/"482-NokscK0t4motNE76sd536Yygedg"', 'Vary': 'Accept-Encoding', 'Content-Encoding': 'gzip', 'CF-Cache-Status': 'DYNAMIC', 'Report-To': '{"endpoints":[{"url":"https:\\/\\/a.nel.cloudflare.com\\/report\\/v4?s=xgPoipmG%2FCCjj37N5ok4r7nyzrgfqBahJz8ZCHEQ%2B87HBsKsxlYp9P8K3szlFNImvp9EHnlCXIh6Ccxv0%2BxBjPKevHCVWTtoroHHcVgUfVIQJvzNvgfqCT3qMXrw0dpi"}],"group":"cf-nel","max_age":604800}', 'NEL': '{"success_fraction":0,"report_to":"cf-nel","max_age":604800}', 'Server': 'cloudflare', 'CF-RAY': '87e1e0f3c9162d0c-IAD', 'alt-svc': 'h3=":443"; ma=86400'} 
 body={"results":[{"gender":"female","name":{"title":"Miss","first":"Sangeetha","last":"Chiplunkar"},"location":{"street":{"number":2225,"name":"Shanmugham Rd"},"city":"Uluberia","state":"Punjab","country":"India","postcode":15674,"coordinates":{"latitude":"6.2648","longitude":"38.0435"},"timezone":{"offset":"-9:00","description":"Alaska"}},"email":"sangeetha.chiplunkar@example.com","login":{"uuid":"a3213dfc-1e23-4a8d-9d80-6035d0f08fe9","username":"angrykoala102","password":"kisskiss","salt":"6imOF2LY","md5":"f3240574d848abe5b11e5d6a24ad64fd","sha1":"39efe6f212edb358aafc87cbca37f1ab9bde3704","sha256":"d2d06002546e1a97a0d0731fb9582cf1362b6a2f57215cc915d81a807018abac"},"dob":{"date":"1957-11-08T11:51:14.515Z","age":66},"registered":{"date":"2009-02-06T02:50:43.139Z","age":15},"phone":"7905986795","cell":"8770955544","id":{"name":"UIDAI","value":"635440132794"},"picture":{"large":"https://randomuser.me/api/portraits/women/78.jpg","medium":"https://randomuser.me/api/portraits/med/women/78.jpg","thumbnail":"https://randomuser.me/api/portraits/thumb/women/78.jpg"},"nat":"IN"}],"info":{"seed":"e56bea1e76ce2590","results":1,"page":1,"version":"1.4"}} 
 </msg>
<msg time="2024-05-03T17:12:55.725917" level="INFO">/opt/hostedtoolcache/Python/3.12.3/x64/lib/python3.12/site-packages/urllib3/connectionpool.py:1103: InsecureRequestWarning: Unverified HTTPS request is being made to host 'randomuser.me'. Adding certificate verification is strongly advised. See: https://urllib3.readthedocs.io/en/latest/advanced-usage.html#tls-warnings
  warnings.warn(</msg>
<msg time="2024-05-03T17:12:55.726051" level="INFO">${response} = &lt;Response [200]&gt;</msg>
<var>${response}</var>
<arg>consultarAPI</arg>
<arg>/api</arg>
<doc>Sends a GET request on a previously created HTTP Session.</doc>
<status status="PASS" start="2024-05-03T17:12:55.640867" elapsed="0.085228"/>
</kw>
<kw name="Set Variable" owner="BuiltIn">
<msg time="2024-05-03T17:12:55.727151" level="INFO">${json_data} = {'results': [{'gender': 'female', 'name': {'title': 'Miss', 'first': 'Sangeetha', 'last': 'Chiplunkar'}, 'location': {'street': {'number': 2225, 'name': 'Shanmugham Rd'}, 'city': 'Uluberia', 'state': ...</msg>
<var>${json_data}</var>
<arg>${response.json()}</arg>
<doc>Returns the given values which can then be assigned to a variables.</doc>
<status status="PASS" start="2024-05-03T17:12:55.726631" elapsed="0.000548"/>
</kw>
<kw name="Log" owner="BuiltIn">
<msg time="2024-05-03T17:12:55.727640" level="INFO">{'results': [{'gender': 'female', 'name': {'title': 'Miss', 'first': 'Sangeetha', 'last': 'Chiplunkar'}, 'location': {'street': {'number': 2225, 'name': 'Shanmugham Rd'}, 'city': 'Uluberia', 'state': 'Punjab', 'country': 'India', 'postcode': 15674, 'coordinates': {'latitude': '6.2648', 'longitude': '38.0435'}, 'timezone': {'offset': '-9:00', 'description': 'Alaska'}}, 'email': 'sangeetha.chiplunkar@example.com', 'login': {'uuid': 'a3213dfc-1e23-4a8d-9d80-6035d0f08fe9', 'username': 'angrykoala102', 'password': 'kisskiss', 'salt': '6imOF2LY', 'md5': 'f3240574d848abe5b11e5d6a24ad64fd', 'sha1': '39efe6f212edb358aafc87cbca37f1ab9bde3704', 'sha256': 'd2d06002546e1a97a0d0731fb9582cf1362b6a2f57215cc915d81a807018abac'}, 'dob': {'date': '1957-11-08T11:51:14.515Z', 'age': 66}, 'registered': {'date': '2009-02-06T02:50:43.139Z', 'age': 15}, 'phone': '7905986795', 'cell': '8770955544', 'id': {'name': 'UIDAI', 'value': '635440132794'}, 'picture': {'large': 'https://randomuser.me/api/portraits/women/78.jpg', 'medium': 'https://randomuser.me/api/portraits/med/women/78.jpg', 'thumbnail': 'https://randomuser.me/api/portraits/thumb/women/78.jpg'}, 'nat': 'IN'}], 'info': {'seed': 'e56bea1e76ce2590', 'results': 1, 'page': 1, 'version': '1.4'}}</msg>
<arg>${json_data}</arg>
<doc>Logs the given message with the given level.</doc>
<status status="PASS" start="2024-05-03T17:12:55.727486" elapsed="0.000236"/>
</kw>
<kw name="Should Be Equal As Numbers" owner="BuiltIn">
<arg>${json_data['results'][0]['location']['postcode']}</arg>
<arg>${json_data['results'][0]['location']['postcode']}</arg>
<doc>Fails if objects are unequal after converting them to real numbers.</doc>
<status status="PASS" start="2024-05-03T17:12:55.728209" elapsed="0.000629"/>
</kw>
<kw name="Log" owner="BuiltIn">
<msg time="2024-05-03T17:12:55.729368" level="INFO">15674</msg>
<arg>${json_data['results'][0]['location']['postcode']}</arg>
<doc>Logs the given message with the given level.</doc>
<status status="PASS" start="2024-05-03T17:12:55.729028" elapsed="0.000381"/>
</kw>
<status status="PASS" start="2024-05-03T17:12:55.640635" elapsed="0.089030"/>
</kw>
<doc>Testa se os tipos de dados na resposta da API estão corretos.</doc>
<tag>testeTiposDados</tag>
<status status="PASS" start="2024-05-03T17:12:55.561719" elapsed="0.168167"/>
</test>
<test id="s1-s1-t5" name="Validar conteudo" line="35">
<kw name="Teste de Tipos de Conteudo" owner="random-user-service">
<kw name="GET On Session" owner="RequestsLibrary">
<msg time="2024-05-03T17:12:55.832802" level="INFO">GET Request : url=https://randomuser.me/api 
 path_url=/api 
 headers={'User-Agent': 'python-requests/2.31.0', 'Accept-Encoding': 'gzip, deflate', 'Accept': '*/*', 'Connection': 'keep-alive'} 
 body=None 
 </msg>
<msg time="2024-05-03T17:12:55.832908" level="INFO">GET Response : url=https://randomuser.me/api 
 status=200, reason=OK 
 headers={'Date': 'Fri, 03 May 2024 17:12:55 GMT', 'Content-Type': 'application/json; charset=utf-8', 'Transfer-Encoding': 'chunked', 'Connection': 'keep-alive', 'X-Powered-By': 'Express', 'Access-Control-Allow-Origin': '*', 'Cache-Control': 'no-cache', 'ETag': 'W/"48f-BLZ1XWOv8xkrnHqg6d1PGCPpGzM"', 'Vary': 'Accept-Encoding', 'Content-Encoding': 'gzip', 'CF-Cache-Status': 'DYNAMIC', 'Report-To': '{"endpoints":[{"url":"https:\\/\\/a.nel.cloudflare.com\\/report\\/v4?s=1pe10%2FafPNTI%2FlONM4jEvsCu%2Bm72s0ss3QZhaKnQMHZ%2BzMJxrixn6dJViEZA4MfMvY3%2FKnwnAj01oP%2BuvV%2BzQJfxEjjkce%2Fn2Itfkvg8zIqqrew9NeuzxXErIEuQomcG"}],"group":"cf-nel","max_age":604800}', 'NEL': '{"success_fraction":0,"report_to":"cf-nel","max_age":604800}', 'Server': 'cloudflare', 'CF-RAY': '87e1e0f459d32d0c-IAD', 'alt-svc': 'h3=":443"; ma=86400'} 
 body={"results":[{"gender":"female","name":{"title":"Miss","first":"Meral","last":"Topçuoğlu"},"location":{"street":{"number":7885,"name":"Necatibey Cd"},"city":"Burdur","state":"Iğdır","country":"Turkey","postcode":68060,"coordinates":{"latitude":"70.4248","longitude":"43.9819"},"timezone":{"offset":"+11:00","description":"Magadan, Solomon Islands, New Caledonia"}},"email":"meral.topcuoglu@example.com","login":{"uuid":"ac4fc82f-a606-447d-a3c2-2afc3982e137","username":"blackdog706","password":"river","salt":"AayrB16o","md5":"f45102d479caabcd877196c7f71f7bb2","sha1":"eff8e04e403bfeb5b66ab4587590ae1d17d3309d","sha256":"4a8ca61ca4feec67018aac06f822f59d7bac728058d19c8da7f9f7b7dfd8d31e"},"dob":{"date":"1998-09-24T09:05:42.876Z","age":25},"registered":{"date":"2018-06-23T06:11:10.242Z","age":5},"phone":"(651)-802-4995","cell":"(451)-730-3638","id":{"name":"","value":null},"picture":{"large":"https://randomuser.me/api/portraits/women/21.jpg","medium":"https://randomuser.me/api/portraits/med/women/21.jpg","thumbnail":"https://randomuser.me/api/portraits/thumb/women/21.jpg"},"nat":"TR"}],"info":{"seed":"502020447758d2fe","results":1,"page":1,"version":"1.4"}} 
 </msg>
<msg time="2024-05-03T17:12:55.832984" level="INFO">/opt/hostedtoolcache/Python/3.12.3/x64/lib/python3.12/site-packages/urllib3/connectionpool.py:1103: InsecureRequestWarning: Unverified HTTPS request is being made to host 'randomuser.me'. Adding certificate verification is strongly advised. See: https://urllib3.readthedocs.io/en/latest/advanced-usage.html#tls-warnings
  warnings.warn(</msg>
<msg time="2024-05-03T17:12:55.833125" level="INFO">${response} = &lt;Response [200]&gt;</msg>
<var>${response}</var>
<arg>consultarAPI</arg>
<arg>/api</arg>
<doc>Sends a GET request on a previously created HTTP Session.</doc>
<status status="PASS" start="2024-05-03T17:12:55.732386" elapsed="0.100782"/>
</kw>
<kw name="Set Variable" owner="BuiltIn">
<msg time="2024-05-03T17:12:55.834448" level="INFO">${json_data} = {'results': [{'gender': 'female', 'name': {'title': 'Miss', 'first': 'Meral', 'last': 'Topçuoğlu'}, 'location': {'street': {'number': 7885, 'name': 'Necatibey Cd'}, 'city': 'Burdur', 'state': 'Iğdır',...</msg>
<var>${json_data}</var>
<arg>${response.json()}</arg>
<doc>Returns the given values which can then be assigned to a variables.</doc>
<status status="PASS" start="2024-05-03T17:12:55.833866" elapsed="0.000614"/>
</kw>
<kw name="Set Variable" owner="BuiltIn">
<msg time="2024-05-03T17:12:55.835208" level="INFO">${name_title} = Miss</msg>
<var>${name_title}</var>
<arg>${json_data["results"][0]["name"]["title"]}</arg>
<doc>Returns the given values which can then be assigned to a variables.</doc>
<status status="PASS" start="2024-05-03T17:12:55.834801" elapsed="0.000434"/>
</kw>
<kw name="Create List" owner="BuiltIn">
<msg time="2024-05-03T17:12:55.835696" level="INFO">${allowed_titles} = ['Mr', 'Ms', 'Miss', 'Mrs', 'Madame', 'Monsieur']</msg>
<var>${allowed_titles}</var>
<arg>Mr</arg>
<arg>Ms</arg>
<arg>Miss</arg>
<arg>Mrs</arg>
<arg>Madame</arg>
<arg>Monsieur</arg>
<doc>Returns a list containing given items.</doc>
<status status="PASS" start="2024-05-03T17:12:55.835544" elapsed="0.000177"/>
</kw>
<kw name="List Should Contain Value" owner="Collections">
<msg time="2024-05-03T17:12:55.836208" level="INFO">False</msg>
<arg>${allowed_titles}</arg>
<arg>${name_title}</arg>
<doc>Fails if the ``value`` is not found from ``list``.</doc>
<status status="PASS" start="2024-05-03T17:12:55.836030" elapsed="0.000221"/>
</kw>
<kw name="Set Variable" owner="BuiltIn">
<msg time="2024-05-03T17:12:55.836929" level="INFO">${name_country} = TR</msg>
<var>${name_country}</var>
<arg>${json_data["results"][0]["nat"]}</arg>
<doc>Returns the given values which can then be assigned to a variables.</doc>
<status status="PASS" start="2024-05-03T17:12:55.836550" elapsed="0.000405"/>
</kw>
<kw name="Create List" owner="BuiltIn">
<msg time="2024-05-03T17:12:55.837883" level="INFO">${list_country} = ['AD', 'AE', 'AF', 'AG', 'AI', 'AL', 'AM', 'AO', 'AQ', 'AR', 'AS', 'AT', 'AU', 'AW', 'AX', 'AZ', 'BA', 'BB', 'BD', 'BE', 'BF', 'BG', 'BH', 'BI', 'BJ', 'BL', 'BM', 'BN', 'BO', 'BQ', 'BR', 'BS', 'BT', '...</msg>
<var>${list_country}</var>
<arg>AD</arg>
<arg>AE</arg>
<arg>AF</arg>
<arg>AG</arg>
<arg>AI</arg>
<arg>AL</arg>
<arg>AM</arg>
<arg>AO</arg>
<arg>AQ</arg>
<arg>AR</arg>
<arg>AS</arg>
<arg>AT</arg>
<arg>AU</arg>
<arg>AW</arg>
<arg>AX</arg>
<arg>AZ</arg>
<arg>BA</arg>
<arg>BB</arg>
<arg>BD</arg>
<arg>BE</arg>
<arg>BF</arg>
<arg>BG</arg>
<arg>BH</arg>
<arg>BI</arg>
<arg>BJ</arg>
<arg>BL</arg>
<arg>BM</arg>
<arg>BN</arg>
<arg>BO</arg>
<arg>BQ</arg>
<arg>BR</arg>
<arg>BS</arg>
<arg>BT</arg>
<arg>BV</arg>
<arg>BW</arg>
<arg>BY</arg>
<arg>BZ</arg>
<arg>CA</arg>
<arg>CC</arg>
<arg>CD</arg>
<arg>CF</arg>
<arg>CG</arg>
<arg>CH</arg>
<arg>CI</arg>
<arg>CK</arg>
<arg>CL</arg>
<arg>CM</arg>
<arg>CN</arg>
<arg>CO</arg>
<arg>CR</arg>
<arg>CU</arg>
<arg>CV</arg>
<arg>CW</arg>
<arg>CX</arg>
<arg>CY</arg>
<arg>CZ</arg>
<arg>DE</arg>
<arg>DJ</arg>
<arg>DK</arg>
<arg>DM</arg>
<arg>DO</arg>
<arg>DZ</arg>
<arg>EC</arg>
<arg>EE</arg>
<arg>EG</arg>
<arg>EH</arg>
<arg>ER</arg>
<arg>ES</arg>
<arg>ET</arg>
<arg>FI</arg>
<arg>FJ</arg>
<arg>FK</arg>
<arg>FM</arg>
<arg>FO</arg>
<arg>FR</arg>
<arg>GA</arg>
<arg>GB</arg>
<arg>GD</arg>
<arg>GE</arg>
<arg>GF</arg>
<arg>GG</arg>
<arg>GH</arg>
<arg>GI</arg>
<arg>GL</arg>
<arg>GM</arg>
<arg>GN</arg>
<arg>GP</arg>
<arg>GQ</arg>
<arg>GR</arg>
<arg>GS</arg>
<arg>GT</arg>
<arg>GU</arg>
<arg>GW</arg>
<arg>GY</arg>
<arg>HK</arg>
<arg>HM</arg>
<arg>HN</arg>
<arg>HR</arg>
<arg>HT</arg>
<arg>HU</arg>
<arg>ID</arg>
<arg>IE</arg>
<arg>IL</arg>
<arg>IM</arg>
<arg>IN</arg>
<arg>IO</arg>
<arg>IQ</arg>
<arg>IR</arg>
<arg>IS</arg>
<arg>IT</arg>
<arg>JE</arg>
<arg>JM</arg>
<arg>JO</arg>
<arg>JP</arg>
<arg>KE</arg>
<arg>KG</arg>
<arg>KH</arg>
<arg>KI</arg>
<arg>KM</arg>
<arg>KN</arg>
<arg>KP</arg>
<arg>KR</arg>
<arg>KW</arg>
<arg>KY</arg>
<arg>KZ</arg>
<arg>LA</arg>
<arg>LB</arg>
<arg>LC</arg>
<arg>LI</arg>
<arg>LK</arg>
<arg>LR</arg>
<arg>LS</arg>
<arg>LT</arg>
<arg>LU</arg>
<arg>LV</arg>
<arg>LY</arg>
<arg>MA</arg>
<arg>MC</arg>
<arg>MD</arg>
<arg>ME</arg>
<arg>MF</arg>
<arg>MG</arg>
<arg>MH</arg>
<arg>MK</arg>
<arg>ML</arg>
<arg>MM</arg>
<arg>MN</arg>
<arg>MO</arg>
<arg>MP</arg>
<arg>MQ</arg>
<arg>MR</arg>
<arg>MS</arg>
<arg>MT</arg>
<arg>MU</arg>
<arg>MV</arg>
<arg>MW</arg>
<arg>MX</arg>
<arg>MY</arg>
<arg>MZ</arg>
<arg>NA</arg>
<arg>NC</arg>
<arg>NE</arg>
<arg>NF</arg>
<arg>NG</arg>
<arg>NI</arg>
<arg>NL</arg>
<arg>NO</arg>
<arg>NP</arg>
<arg>NR</arg>
<arg>NU</arg>
<arg>NZ</arg>
<arg>OM</arg>
<arg>PA</arg>
<arg>PE</arg>
<arg>PF</arg>
<arg>PG</arg>
<arg>PH</arg>
<arg>PK</arg>
<arg>PL</arg>
<arg>PM</arg>
<arg>PN</arg>
<arg>PR</arg>
<arg>PS</arg>
<arg>PT</arg>
<arg>PW</arg>
<arg>PY</arg>
<arg>QA</arg>
<arg>RE</arg>
<arg>RO</arg>
<arg>RS</arg>
<arg>RU</arg>
<arg>RW</arg>
<arg>SA</arg>
<arg>SB</arg>
<arg>SC</arg>
<arg>SD</arg>
<arg>SE</arg>
<arg>SG</arg>
<arg>SH</arg>
<arg>SI</arg>
<arg>SJ</arg>
<arg>SK</arg>
<arg>SL</arg>
<arg>SM</arg>
<arg>SN</arg>
<arg>SO</arg>
<arg>SR</arg>
<arg>SS</arg>
<arg>ST</arg>
<arg>SV</arg>
<arg>SX</arg>
<arg>SY</arg>
<arg>SZ</arg>
<arg>TC</arg>
<arg>TD</arg>
<arg>TF</arg>
<arg>TG</arg>
<arg>TH</arg>
<arg>TJ</arg>
<arg>TK</arg>
<arg>TL</arg>
<arg>TM</arg>
<arg>TN</arg>
<arg>TO</arg>
<arg>TR</arg>
<arg>TT</arg>
<arg>TV</arg>
<arg>TW</arg>
<arg>TZ</arg>
<arg>UA</arg>
<arg>UG</arg>
<arg>UM</arg>
<arg>US</arg>
<arg>UY</arg>
<arg>UZ</arg>
<arg>VA</arg>
<arg>VC</arg>
<arg>VE</arg>
<arg>VG</arg>
<arg>VI</arg>
<arg>VN</arg>
<arg>VU</arg>
<arg>WF</arg>
<arg>WS</arg>
<arg>XK</arg>
<arg>YE</arg>
<arg>YT</arg>
<arg>ZA</arg>
<arg>ZM</arg>
<arg>ZW</arg>
<doc>Returns a list containing given items.</doc>
<status status="PASS" start="2024-05-03T17:12:55.837261" elapsed="0.000649"/>
</kw>
<kw name="List Should Contain Value" owner="Collections">
<msg time="2024-05-03T17:12:55.838924" level="INFO">False</msg>
<arg>${list_country}</arg>
<arg>${name_country}</arg>
<doc>Fails if the ``value`` is not found from ``list``.</doc>
<status status="PASS" start="2024-05-03T17:12:55.838716" elapsed="0.000246"/>
</kw>
<kw name="Run Keyword If" owner="BuiltIn">
<kw name="Should Be True" owner="BuiltIn">
<arg>${True}</arg>
<doc>Fails if the given condition is not true.</doc>
<status status="PASS" start="2024-05-03T17:12:55.840060" elapsed="0.000272"/>
</kw>
<arg>${json_data["results"][0]["location"]["coordinates"]["latitude"]} &gt;= -90 and ${json_data["results"][0]["location"]["coordinates"]["latitude"]} &lt;= 90</arg>
<arg>Should Be True</arg>
<arg>${True}</arg>
<doc>Runs the given keyword with the given arguments, if ``condition`` is true.</doc>
<status status="PASS" start="2024-05-03T17:12:55.839285" elapsed="0.001184"/>
</kw>
<kw name="Run Keyword If" owner="BuiltIn">
<kw name="Should Be True" owner="BuiltIn">
<arg>${True}</arg>
<doc>Fails if the given condition is not true.</doc>
<status status="PASS" start="2024-05-03T17:12:55.841378" elapsed="0.000140"/>
</kw>
<arg>${json_data["results"][0]["location"]["coordinates"]["longitude"]} &gt;= -180 and ${json_data["results"][0]["location"]["coordinates"]["longitude"]} &lt;= 180</arg>
<arg>Should Be True</arg>
<arg>${True}</arg>
<doc>Runs the given keyword with the given arguments, if ``condition`` is true.</doc>
<status status="PASS" start="2024-05-03T17:12:55.840661" elapsed="0.000985"/>
</kw>
<status status="PASS" start="2024-05-03T17:12:55.732154" elapsed="0.109650"/>
</kw>
<doc>Testa o conteúdo específico dos campos retornados pela API.</doc>
<tag>testeConteudo</tag>
<status status="PASS" start="2024-05-03T17:12:55.731691" elapsed="0.110285"/>
</test>
<status status="PASS" start="2024-05-03T17:12:54.923966" elapsed="0.920042"/>
</suite>
<status status="PASS" start="2024-05-03T17:12:54.910209" elapsed="0.939026"/>
</suite>
<statistics>
<total>
<stat pass="5" fail="0" skip="0">All Tests</stat>
</total>
<tag>
<stat pass="1" fail="0" skip="0">testeConteudo</stat>
<stat pass="1" fail="0" skip="0">testeEstruturaResposta</stat>
<stat pass="1" fail="0" skip="0">testeRequisicaoBasica</stat>
<stat pass="1" fail="0" skip="0">testeTiposDados</stat>
</tag>
<suite>
<stat pass="5" fail="0" skip="0" id="s1" name="Tests">Tests</stat>
<stat pass="5" fail="0" skip="0" id="s1-s1" name="Random-User-Test">Tests.Random-User-Test</stat>
</suite>
</statistics>
<errors>
</errors>
</robot>
