<?xml version="1.0" encoding="UTF-8"?>
<robot generator="Robot 7.0 (Python 3.12.3 on linux)" generated="2024-05-15T01:03:15.721980" rpa="false" schemaversion="5">
<suite id="s1" name="Tests" source="/home/runner/work/DesafioQAItauRogerioJordao/DesafioQAItauRogerioJordao/RamdonUser/tests">
<suite id="s1-s1" name="Random-User-Test" source="/home/runner/work/DesafioQAItauRogerioJordao/DesafioQAItauRogerioJordao/RamdonUser/tests/random-user-test.robot">
<test id="s1-s1-t1" name="Conectar" line="13">
<kw name="Conectar API" owner="random-user-service">
<kw name="Create Session" owner="RequestsLibrary">
<msg time="2024-05-15T01:03:16.085903" level="INFO">Creating Session using : alias=consultarAPI, url=https://randomuser.me/, headers={},                     cookies={}, auth=None, timeout=None, proxies=None, verify=False,                     debug=0 </msg>
<arg>consultarAPI</arg>
<arg>${URL}</arg>
<doc>Create Session: create a HTTP session to a server</doc>
<status status="PASS" start="2024-05-15T01:03:16.085691" elapsed="0.000388"/>
</kw>
<status status="PASS" start="2024-05-15T01:03:16.084706" elapsed="0.001732"/>
</kw>
<status status="PASS" start="2024-05-15T01:03:16.084169" elapsed="0.002464"/>
</test>
<test id="s1-s1-t2" name="Validar retorno 200 e JSON Válido" line="16">
<kw name="Teste de Requisicao Basica" owner="random-user-service">
<kw name="GET On Session" owner="RequestsLibrary">
<msg time="2024-05-15T01:03:16.263353" level="INFO">GET Request : url=https://randomuser.me/api 
 path_url=/api 
 headers={'User-Agent': 'python-requests/2.31.0', 'Accept-Encoding': 'gzip, deflate', 'Accept': '*/*', 'Connection': 'keep-alive'} 
 body=None 
 </msg>
<msg time="2024-05-15T01:03:16.263507" level="INFO">GET Response : url=https://randomuser.me/api 
 status=200, reason=OK 
 headers={'Date': 'Wed, 15 May 2024 01:03:16 GMT', 'Content-Type': 'application/json; charset=utf-8', 'Transfer-Encoding': 'chunked', 'Connection': 'keep-alive', 'X-Powered-By': 'Express', 'Access-Control-Allow-Origin': '*', 'Cache-Control': 'no-cache', 'ETag': 'W/"475-jk/1RztxGMdffyEHKwebvpKgKOg"', 'Vary': 'Accept-Encoding', 'Content-Encoding': 'gzip', 'CF-Cache-Status': 'DYNAMIC', 'Report-To': '{"endpoints":[{"url":"https:\\/\\/a.nel.cloudflare.com\\/report\\/v4?s=%2BWaCKP%2FIUbzg2AIa94watAfc0QJUFH1vzVqqcPz5ymIC683y2QnzRvyE%2BeVR%2FEeiZRlvn%2F6cP%2BpJsIwa4pTtYmBcWEi3bNIZ0N9Umjak3%2BtHnQseXAuJE4Jui1J2qoEK"}],"group":"cf-nel","max_age":604800}', 'NEL': '{"success_fraction":0,"report_to":"cf-nel","max_age":604800}', 'Server': 'cloudflare', 'CF-RAY': '883f350dba0c9e65-SJC', 'alt-svc': 'h3=":443"; ma=86400'} 
 body={"results":[{"gender":"male","name":{"title":"Mr","first":"Jared","last":"Austin"},"location":{"street":{"number":8911,"name":"The Crescent"},"city":"Leixlip","state":"Leitrim","country":"Ireland","postcode":25736,"coordinates":{"latitude":"-1.3720","longitude":"-12.0191"},"timezone":{"offset":"-11:00","description":"Midway Island, Samoa"}},"email":"jared.austin@example.com","login":{"uuid":"700ed882-6d6a-4cf9-991d-ace05aca05db","username":"beautifulsnake683","password":"marma","salt":"z2APY8Mu","md5":"12022ef7188b85b579b8c3a6df09d66e","sha1":"063dfea2cd38c08f5c1a654b47bfb78c07e55d1f","sha256":"bd2a68b9cecb42fa70d5358ef17d933d29c91a77f79f7fd163f91baf041d9880"},"dob":{"date":"1989-10-08T23:43:37.564Z","age":34},"registered":{"date":"2020-06-13T05:41:55.625Z","age":3},"phone":"031-676-0386","cell":"081-685-0345","id":{"name":"PPS","value":"7344664T"},"picture":{"large":"https://randomuser.me/api/portraits/men/2.jpg","medium":"https://randomuser.me/api/portraits/med/men/2.jpg","thumbnail":"https://randomuser.me/api/portraits/thumb/men/2.jpg"},"nat":"IE"}],"info":{"seed":"b0d9852f2db22ccd","results":1,"page":1,"version":"1.4"}} 
 </msg>
<msg time="2024-05-15T01:03:16.263589" level="INFO">/opt/hostedtoolcache/Python/3.12.3/x64/lib/python3.12/site-packages/urllib3/connectionpool.py:1103: InsecureRequestWarning: Unverified HTTPS request is being made to host 'randomuser.me'. Adding certificate verification is strongly advised. See: https://urllib3.readthedocs.io/en/latest/advanced-usage.html#tls-warnings
  warnings.warn(</msg>
<msg time="2024-05-15T01:03:16.263752" level="INFO">${response} = &lt;Response [200]&gt;</msg>
<var>${response}</var>
<arg>consultarAPI</arg>
<arg>/api</arg>
<doc>Sends a GET request on a previously created HTTP Session.</doc>
<status status="PASS" start="2024-05-15T01:03:16.089212" elapsed="0.174587"/>
</kw>
<kw name="Should Be Equal As Numbers" owner="BuiltIn">
<msg time="2024-05-15T01:03:16.264798" level="INFO">Argument types are:
&lt;class 'int'&gt;
&lt;class 'str'&gt;</msg>
<arg>${response.status_code}</arg>
<arg>200</arg>
<doc>Fails if objects are unequal after converting them to real numbers.</doc>
<status status="PASS" start="2024-05-15T01:03:16.264330" elapsed="0.000540"/>
</kw>
<kw name="Log" owner="BuiltIn">
<msg time="2024-05-15T01:03:16.265635" level="INFO">200</msg>
<arg>${response.status_code}</arg>
<doc>Logs the given message with the given level.</doc>
<status status="PASS" start="2024-05-15T01:03:16.265231" elapsed="0.000491"/>
</kw>
<kw name="Set Variable" owner="BuiltIn">
<msg time="2024-05-15T01:03:16.266481" level="INFO">${json_data} = {'results': [{'gender': 'male', 'name': {'title': 'Mr', 'first': 'Jared', 'last': 'Austin'}, 'location': {'street': {'number': 8911, 'name': 'The Crescent'}, 'city': 'Leixlip', 'state': 'Leitrim', 'co...</msg>
<var>${json_data}</var>
<arg>${response.json()}</arg>
<doc>Returns the given values which can then be assigned to a variables.</doc>
<status status="PASS" start="2024-05-15T01:03:16.266036" elapsed="0.000474"/>
</kw>
<kw name="Dictionary Should Contain Key" owner="Collections">
<msg time="2024-05-15T01:03:16.266985" level="INFO">False</msg>
<arg>${json_data}</arg>
<arg>results</arg>
<doc>Fails if ``key`` is not found from ``dictionary``.</doc>
<status status="PASS" start="2024-05-15T01:03:16.266814" elapsed="0.000211"/>
</kw>
<status status="PASS" start="2024-05-15T01:03:16.088973" elapsed="0.178309"/>
</kw>
<doc>Testa se a API responde corretamente e retorna um objeto JSON válido.</doc>
<tag>testeRequisicaoBasica</tag>
<status status="PASS" start="2024-05-15T01:03:16.088513" elapsed="0.178957"/>
</test>
<test id="s1-s1-t3" name="Validar estrutura de resposta" line="22">
<kw name="Teste de Estrutura de Resposta" owner="random-user-service">
<kw name="GET On Session" owner="RequestsLibrary">
<msg time="2024-05-15T01:03:16.527439" level="INFO">GET Request : url=https://randomuser.me/api 
 path_url=/api 
 headers={'User-Agent': 'python-requests/2.31.0', 'Accept-Encoding': 'gzip, deflate', 'Accept': '*/*', 'Connection': 'keep-alive'} 
 body=None 
 </msg>
<msg time="2024-05-15T01:03:16.527549" level="INFO">GET Response : url=https://randomuser.me/api 
 status=200, reason=OK 
 headers={'Date': 'Wed, 15 May 2024 01:03:16 GMT', 'Content-Type': 'application/json; charset=utf-8', 'Transfer-Encoding': 'chunked', 'Connection': 'keep-alive', 'X-Powered-By': 'Express', 'Access-Control-Allow-Origin': '*', 'Cache-Control': 'no-cache', 'ETag': 'W/"4ac-ZME7zRTAM7ZqWzE/FlhbiTNOV/o"', 'Vary': 'Accept-Encoding', 'Content-Encoding': 'gzip', 'CF-Cache-Status': 'DYNAMIC', 'Report-To': '{"endpoints":[{"url":"https:\\/\\/a.nel.cloudflare.com\\/report\\/v4?s=GcAYKxjDtlTwNDDJa%2BgzKM6NiS3Skwp3xvCNNzH3ilwVeKTa83qAiPqz3YaHAhlRqYvvRAwW7UMuLbzQnc%2FhYnt%2F4j%2FLJwE2BL8%2F7eShxMpvp1k3Zzcefbj8lU26jHo5"}],"group":"cf-nel","max_age":604800}', 'NEL': '{"success_fraction":0,"report_to":"cf-nel","max_age":604800}', 'Server': 'cloudflare', 'CF-RAY': '883f350eab3b9e65-SJC', 'alt-svc': 'h3=":443"; ma=86400'} 
 body={"results":[{"gender":"male","name":{"title":"Mr","first":"Theodore","last":"Bradley"},"location":{"street":{"number":8717,"name":"Chester Road"},"city":"Swansea","state":"Worcestershire","country":"United Kingdom","postcode":"WS8U 6BN","coordinates":{"latitude":"-12.2014","longitude":"-149.8218"},"timezone":{"offset":"+3:00","description":"Baghdad, Riyadh, Moscow, St. Petersburg"}},"email":"theodore.bradley@example.com","login":{"uuid":"e18d1df9-0531-412b-ae40-1ea35c089043","username":"goldenbird172","password":"synergy","salt":"cuoeejRk","md5":"d71566e8c4cb1d615d03b4226f16ae31","sha1":"a1262ab07faa922d77a0ded17b0d83333b01b1a4","sha256":"15a3ab4266c3aeebb90df7a89b587e77007659380894e563469124eb307fb511"},"dob":{"date":"1996-09-24T20:31:05.793Z","age":27},"registered":{"date":"2015-10-01T16:22:49.449Z","age":8},"phone":"0111 205 1431","cell":"07210 401987","id":{"name":"NINO","value":"ZR 42 23 06 M"},"picture":{"large":"https://randomuser.me/api/portraits/men/21.jpg","medium":"https://randomuser.me/api/portraits/med/men/21.jpg","thumbnail":"https://randomuser.me/api/portraits/thumb/men/21.jpg"},"nat":"GB"}],"info":{"seed":"0736bdd84176c6e4","results":1,"page":1,"version":"1.4"}} 
 </msg>
<msg time="2024-05-15T01:03:16.527668" level="INFO">/opt/hostedtoolcache/Python/3.12.3/x64/lib/python3.12/site-packages/urllib3/connectionpool.py:1103: InsecureRequestWarning: Unverified HTTPS request is being made to host 'randomuser.me'. Adding certificate verification is strongly advised. See: https://urllib3.readthedocs.io/en/latest/advanced-usage.html#tls-warnings
  warnings.warn(</msg>
<msg time="2024-05-15T01:03:16.527812" level="INFO">${response} = &lt;Response [200]&gt;</msg>
<var>${response}</var>
<arg>consultarAPI</arg>
<arg>/api</arg>
<doc>Sends a GET request on a previously created HTTP Session.</doc>
<status status="PASS" start="2024-05-15T01:03:16.270149" elapsed="0.257705"/>
</kw>
<kw name="Set Variable" owner="BuiltIn">
<msg time="2024-05-15T01:03:16.528865" level="INFO">${json_data} = {'results': [{'gender': 'male', 'name': {'title': 'Mr', 'first': 'Theodore', 'last': 'Bradley'}, 'location': {'street': {'number': 8717, 'name': 'Chester Road'}, 'city': 'Swansea', 'state': 'Worcester...</msg>
<var>${json_data}</var>
<arg>${response.json()}</arg>
<doc>Returns the given values which can then be assigned to a variables.</doc>
<status status="PASS" start="2024-05-15T01:03:16.528339" elapsed="0.000555"/>
</kw>
<kw name="Log" owner="BuiltIn">
<msg time="2024-05-15T01:03:16.529358" level="INFO">{'results': [{'gender': 'male', 'name': {'title': 'Mr', 'first': 'Theodore', 'last': 'Bradley'}, 'location': {'street': {'number': 8717, 'name': 'Chester Road'}, 'city': 'Swansea', 'state': 'Worcestershire', 'country': 'United Kingdom', 'postcode': 'WS8U 6BN', 'coordinates': {'latitude': '-12.2014', 'longitude': '-149.8218'}, 'timezone': {'offset': '+3:00', 'description': 'Baghdad, Riyadh, Moscow, St. Petersburg'}}, 'email': 'theodore.bradley@example.com', 'login': {'uuid': 'e18d1df9-0531-412b-ae40-1ea35c089043', 'username': 'goldenbird172', 'password': 'synergy', 'salt': 'cuoeejRk', 'md5': 'd71566e8c4cb1d615d03b4226f16ae31', 'sha1': 'a1262ab07faa922d77a0ded17b0d83333b01b1a4', 'sha256': '15a3ab4266c3aeebb90df7a89b587e77007659380894e563469124eb307fb511'}, 'dob': {'date': '1996-09-24T20:31:05.793Z', 'age': 27}, 'registered': {'date': '2015-10-01T16:22:49.449Z', 'age': 8}, 'phone': '0111 205 1431', 'cell': '07210 401987', 'id': {'name': 'NINO', 'value': 'ZR 42 23 06 M'}, 'picture': {'large': 'https://randomuser.me/api/portraits/men/21.jpg', 'medium': 'https://randomuser.me/api/portraits/med/men/21.jpg', 'thumbnail': 'https://randomuser.me/api/portraits/thumb/men/21.jpg'}, 'nat': 'GB'}], 'info': {'seed': '0736bdd84176c6e4', 'results': 1, 'page': 1, 'version': '1.4'}}</msg>
<arg>${json_data}</arg>
<doc>Logs the given message with the given level.</doc>
<status status="PASS" start="2024-05-15T01:03:16.529201" elapsed="0.000206"/>
</kw>
<kw name="Dictionary Should Contain Key" owner="Collections">
<msg time="2024-05-15T01:03:16.529915" level="INFO">False</msg>
<arg>${json_data}</arg>
<arg>results</arg>
<doc>Fails if ``key`` is not found from ``dictionary``.</doc>
<status status="PASS" start="2024-05-15T01:03:16.529749" elapsed="0.000203"/>
</kw>
<kw name="Should Not Be Empty" owner="BuiltIn">
<msg time="2024-05-15T01:03:16.530374" level="INFO">Length is 2.</msg>
<arg>${json_data}</arg>
<doc>Verifies that the given item is not empty.</doc>
<status status="PASS" start="2024-05-15T01:03:16.530243" elapsed="0.000327"/>
</kw>
<kw name="Create List" owner="BuiltIn">
<msg time="2024-05-15T01:03:16.531011" level="INFO">${expected_keys} = ['gender', 'name', 'location', 'email', 'login']</msg>
<var>${expected_keys}</var>
<arg>gender</arg>
<arg>name</arg>
<arg>location</arg>
<arg>email</arg>
<arg>login</arg>
<doc>Returns a list containing given items.</doc>
<status status="PASS" start="2024-05-15T01:03:16.530861" elapsed="0.000174"/>
</kw>
<for flavor="IN">
<iter>
<kw name="Dictionary Should Contain Key" owner="Collections">
<msg time="2024-05-15T01:03:16.532017" level="INFO">False</msg>
<arg>${json_data['results'][0]}</arg>
<arg>${key}</arg>
<doc>Fails if ``key`` is not found from ``dictionary``.</doc>
<status status="PASS" start="2024-05-15T01:03:16.531620" elapsed="0.000436"/>
</kw>
<kw name="Log" owner="BuiltIn">
<msg time="2024-05-15T01:03:16.532712" level="INFO">{'gender': 'male', 'name': {'title': 'Mr', 'first': 'Theodore', 'last': 'Bradley'}, 'location': {'street': {'number': 8717, 'name': 'Chester Road'}, 'city': 'Swansea', 'state': 'Worcestershire', 'country': 'United Kingdom', 'postcode': 'WS8U 6BN', 'coordinates': {'latitude': '-12.2014', 'longitude': '-149.8218'}, 'timezone': {'offset': '+3:00', 'description': 'Baghdad, Riyadh, Moscow, St. Petersburg'}}, 'email': 'theodore.bradley@example.com', 'login': {'uuid': 'e18d1df9-0531-412b-ae40-1ea35c089043', 'username': 'goldenbird172', 'password': 'synergy', 'salt': 'cuoeejRk', 'md5': 'd71566e8c4cb1d615d03b4226f16ae31', 'sha1': 'a1262ab07faa922d77a0ded17b0d83333b01b1a4', 'sha256': '15a3ab4266c3aeebb90df7a89b587e77007659380894e563469124eb307fb511'}, 'dob': {'date': '1996-09-24T20:31:05.793Z', 'age': 27}, 'registered': {'date': '2015-10-01T16:22:49.449Z', 'age': 8}, 'phone': '0111 205 1431', 'cell': '07210 401987', 'id': {'name': 'NINO', 'value': 'ZR 42 23 06 M'}, 'picture': {'large': 'https://randomuser.me/api/portraits/men/21.jpg', 'medium': 'https://randomuser.me/api/portraits/med/men/21.jpg', 'thumbnail': 'https://randomuser.me/api/portraits/thumb/men/21.jpg'}, 'nat': 'GB'}</msg>
<arg>${json_data['results'][0]}</arg>
<doc>Logs the given message with the given level.</doc>
<status status="PASS" start="2024-05-15T01:03:16.532349" elapsed="0.000412"/>
</kw>
<kw name="Log" owner="BuiltIn">
<msg time="2024-05-15T01:03:16.533195" level="INFO">gender</msg>
<arg>${key}</arg>
<doc>Logs the given message with the given level.</doc>
<status status="PASS" start="2024-05-15T01:03:16.533067" elapsed="0.000166"/>
</kw>
<var name="${key}">gender</var>
<status status="PASS" start="2024-05-15T01:03:16.531493" elapsed="0.001953"/>
</iter>
<iter>
<kw name="Dictionary Should Contain Key" owner="Collections">
<msg time="2024-05-15T01:03:16.534158" level="INFO">False</msg>
<arg>${json_data['results'][0]}</arg>
<arg>${key}</arg>
<doc>Fails if ``key`` is not found from ``dictionary``.</doc>
<status status="PASS" start="2024-05-15T01:03:16.533772" elapsed="0.000456"/>
</kw>
<kw name="Log" owner="BuiltIn">
<msg time="2024-05-15T01:03:16.534885" level="INFO">{'gender': 'male', 'name': {'title': 'Mr', 'first': 'Theodore', 'last': 'Bradley'}, 'location': {'street': {'number': 8717, 'name': 'Chester Road'}, 'city': 'Swansea', 'state': 'Worcestershire', 'country': 'United Kingdom', 'postcode': 'WS8U 6BN', 'coordinates': {'latitude': '-12.2014', 'longitude': '-149.8218'}, 'timezone': {'offset': '+3:00', 'description': 'Baghdad, Riyadh, Moscow, St. Petersburg'}}, 'email': 'theodore.bradley@example.com', 'login': {'uuid': 'e18d1df9-0531-412b-ae40-1ea35c089043', 'username': 'goldenbird172', 'password': 'synergy', 'salt': 'cuoeejRk', 'md5': 'd71566e8c4cb1d615d03b4226f16ae31', 'sha1': 'a1262ab07faa922d77a0ded17b0d83333b01b1a4', 'sha256': '15a3ab4266c3aeebb90df7a89b587e77007659380894e563469124eb307fb511'}, 'dob': {'date': '1996-09-24T20:31:05.793Z', 'age': 27}, 'registered': {'date': '2015-10-01T16:22:49.449Z', 'age': 8}, 'phone': '0111 205 1431', 'cell': '07210 401987', 'id': {'name': 'NINO', 'value': 'ZR 42 23 06 M'}, 'picture': {'large': 'https://randomuser.me/api/portraits/men/21.jpg', 'medium': 'https://randomuser.me/api/portraits/med/men/21.jpg', 'thumbnail': 'https://randomuser.me/api/portraits/thumb/men/21.jpg'}, 'nat': 'GB'}</msg>
<arg>${json_data['results'][0]}</arg>
<doc>Logs the given message with the given level.</doc>
<status status="PASS" start="2024-05-15T01:03:16.534527" elapsed="0.000404"/>
</kw>
<kw name="Log" owner="BuiltIn">
<msg time="2024-05-15T01:03:16.535349" level="INFO">name</msg>
<arg>${key}</arg>
<doc>Logs the given message with the given level.</doc>
<status status="PASS" start="2024-05-15T01:03:16.535223" elapsed="0.000163"/>
</kw>
<var name="${key}">name</var>
<status status="PASS" start="2024-05-15T01:03:16.533631" elapsed="0.001975"/>
</iter>
<iter>
<kw name="Dictionary Should Contain Key" owner="Collections">
<msg time="2024-05-15T01:03:16.536284" level="INFO">False</msg>
<arg>${json_data['results'][0]}</arg>
<arg>${key}</arg>
<doc>Fails if ``key`` is not found from ``dictionary``.</doc>
<status status="PASS" start="2024-05-15T01:03:16.535896" elapsed="0.000425"/>
</kw>
<kw name="Log" owner="BuiltIn">
<msg time="2024-05-15T01:03:16.536976" level="INFO">{'gender': 'male', 'name': {'title': 'Mr', 'first': 'Theodore', 'last': 'Bradley'}, 'location': {'street': {'number': 8717, 'name': 'Chester Road'}, 'city': 'Swansea', 'state': 'Worcestershire', 'country': 'United Kingdom', 'postcode': 'WS8U 6BN', 'coordinates': {'latitude': '-12.2014', 'longitude': '-149.8218'}, 'timezone': {'offset': '+3:00', 'description': 'Baghdad, Riyadh, Moscow, St. Petersburg'}}, 'email': 'theodore.bradley@example.com', 'login': {'uuid': 'e18d1df9-0531-412b-ae40-1ea35c089043', 'username': 'goldenbird172', 'password': 'synergy', 'salt': 'cuoeejRk', 'md5': 'd71566e8c4cb1d615d03b4226f16ae31', 'sha1': 'a1262ab07faa922d77a0ded17b0d83333b01b1a4', 'sha256': '15a3ab4266c3aeebb90df7a89b587e77007659380894e563469124eb307fb511'}, 'dob': {'date': '1996-09-24T20:31:05.793Z', 'age': 27}, 'registered': {'date': '2015-10-01T16:22:49.449Z', 'age': 8}, 'phone': '0111 205 1431', 'cell': '07210 401987', 'id': {'name': 'NINO', 'value': 'ZR 42 23 06 M'}, 'picture': {'large': 'https://randomuser.me/api/portraits/men/21.jpg', 'medium': 'https://randomuser.me/api/portraits/med/men/21.jpg', 'thumbnail': 'https://randomuser.me/api/portraits/thumb/men/21.jpg'}, 'nat': 'GB'}</msg>
<arg>${json_data['results'][0]}</arg>
<doc>Logs the given message with the given level.</doc>
<status status="PASS" start="2024-05-15T01:03:16.536621" elapsed="0.000402"/>
</kw>
<kw name="Log" owner="BuiltIn">
<msg time="2024-05-15T01:03:16.537439" level="INFO">location</msg>
<arg>${key}</arg>
<doc>Logs the given message with the given level.</doc>
<status status="PASS" start="2024-05-15T01:03:16.537315" elapsed="0.000161"/>
</kw>
<var name="${key}">location</var>
<status status="PASS" start="2024-05-15T01:03:16.535785" elapsed="0.001939"/>
</iter>
<iter>
<kw name="Dictionary Should Contain Key" owner="Collections">
<msg time="2024-05-15T01:03:16.538400" level="INFO">False</msg>
<arg>${json_data['results'][0]}</arg>
<arg>${key}</arg>
<doc>Fails if ``key`` is not found from ``dictionary``.</doc>
<status status="PASS" start="2024-05-15T01:03:16.538020" elapsed="0.000417"/>
</kw>
<kw name="Log" owner="BuiltIn">
<msg time="2024-05-15T01:03:16.539090" level="INFO">{'gender': 'male', 'name': {'title': 'Mr', 'first': 'Theodore', 'last': 'Bradley'}, 'location': {'street': {'number': 8717, 'name': 'Chester Road'}, 'city': 'Swansea', 'state': 'Worcestershire', 'country': 'United Kingdom', 'postcode': 'WS8U 6BN', 'coordinates': {'latitude': '-12.2014', 'longitude': '-149.8218'}, 'timezone': {'offset': '+3:00', 'description': 'Baghdad, Riyadh, Moscow, St. Petersburg'}}, 'email': 'theodore.bradley@example.com', 'login': {'uuid': 'e18d1df9-0531-412b-ae40-1ea35c089043', 'username': 'goldenbird172', 'password': 'synergy', 'salt': 'cuoeejRk', 'md5': 'd71566e8c4cb1d615d03b4226f16ae31', 'sha1': 'a1262ab07faa922d77a0ded17b0d83333b01b1a4', 'sha256': '15a3ab4266c3aeebb90df7a89b587e77007659380894e563469124eb307fb511'}, 'dob': {'date': '1996-09-24T20:31:05.793Z', 'age': 27}, 'registered': {'date': '2015-10-01T16:22:49.449Z', 'age': 8}, 'phone': '0111 205 1431', 'cell': '07210 401987', 'id': {'name': 'NINO', 'value': 'ZR 42 23 06 M'}, 'picture': {'large': 'https://randomuser.me/api/portraits/men/21.jpg', 'medium': 'https://randomuser.me/api/portraits/med/men/21.jpg', 'thumbnail': 'https://randomuser.me/api/portraits/thumb/men/21.jpg'}, 'nat': 'GB'}</msg>
<arg>${json_data['results'][0]}</arg>
<doc>Logs the given message with the given level.</doc>
<status status="PASS" start="2024-05-15T01:03:16.538733" elapsed="0.000405"/>
</kw>
<kw name="Log" owner="BuiltIn">
<msg time="2024-05-15T01:03:16.539553" level="INFO">email</msg>
<arg>${key}</arg>
<doc>Logs the given message with the given level.</doc>
<status status="PASS" start="2024-05-15T01:03:16.539427" elapsed="0.000161"/>
</kw>
<var name="${key}">email</var>
<status status="PASS" start="2024-05-15T01:03:16.537909" elapsed="0.001890"/>
</iter>
<iter>
<kw name="Dictionary Should Contain Key" owner="Collections">
<msg time="2024-05-15T01:03:16.540463" level="INFO">False</msg>
<arg>${json_data['results'][0]}</arg>
<arg>${key}</arg>
<doc>Fails if ``key`` is not found from ``dictionary``.</doc>
<status status="PASS" start="2024-05-15T01:03:16.540080" elapsed="0.000420"/>
</kw>
<kw name="Log" owner="BuiltIn">
<msg time="2024-05-15T01:03:16.541150" level="INFO">{'gender': 'male', 'name': {'title': 'Mr', 'first': 'Theodore', 'last': 'Bradley'}, 'location': {'street': {'number': 8717, 'name': 'Chester Road'}, 'city': 'Swansea', 'state': 'Worcestershire', 'country': 'United Kingdom', 'postcode': 'WS8U 6BN', 'coordinates': {'latitude': '-12.2014', 'longitude': '-149.8218'}, 'timezone': {'offset': '+3:00', 'description': 'Baghdad, Riyadh, Moscow, St. Petersburg'}}, 'email': 'theodore.bradley@example.com', 'login': {'uuid': 'e18d1df9-0531-412b-ae40-1ea35c089043', 'username': 'goldenbird172', 'password': 'synergy', 'salt': 'cuoeejRk', 'md5': 'd71566e8c4cb1d615d03b4226f16ae31', 'sha1': 'a1262ab07faa922d77a0ded17b0d83333b01b1a4', 'sha256': '15a3ab4266c3aeebb90df7a89b587e77007659380894e563469124eb307fb511'}, 'dob': {'date': '1996-09-24T20:31:05.793Z', 'age': 27}, 'registered': {'date': '2015-10-01T16:22:49.449Z', 'age': 8}, 'phone': '0111 205 1431', 'cell': '07210 401987', 'id': {'name': 'NINO', 'value': 'ZR 42 23 06 M'}, 'picture': {'large': 'https://randomuser.me/api/portraits/men/21.jpg', 'medium': 'https://randomuser.me/api/portraits/med/men/21.jpg', 'thumbnail': 'https://randomuser.me/api/portraits/thumb/men/21.jpg'}, 'nat': 'GB'}</msg>
<arg>${json_data['results'][0]}</arg>
<doc>Logs the given message with the given level.</doc>
<status status="PASS" start="2024-05-15T01:03:16.540798" elapsed="0.000399"/>
</kw>
<kw name="Log" owner="BuiltIn">
<msg time="2024-05-15T01:03:16.541647" level="INFO">login</msg>
<arg>${key}</arg>
<doc>Logs the given message with the given level.</doc>
<status status="PASS" start="2024-05-15T01:03:16.541490" elapsed="0.000220"/>
</kw>
<var name="${key}">login</var>
<status status="PASS" start="2024-05-15T01:03:16.539971" elapsed="0.001968"/>
</iter>
<var>${key}</var>
<value>@{expected_keys}</value>
<status status="PASS" start="2024-05-15T01:03:16.531292" elapsed="0.010769"/>
</for>
<kw name="Create List" owner="BuiltIn">
<msg time="2024-05-15T01:03:16.542384" level="INFO">${expected_keysTwo} = ['username', 'password']</msg>
<var>${expected_keysTwo}</var>
<arg>username</arg>
<arg>password</arg>
<doc>Returns a list containing given items.</doc>
<status status="PASS" start="2024-05-15T01:03:16.542249" elapsed="0.000158"/>
</kw>
<for flavor="IN">
<iter>
<kw name="Dictionary Should Contain Key" owner="Collections">
<msg time="2024-05-15T01:03:16.543293" level="INFO">False</msg>
<arg>${json_data['results'][0]['login']}</arg>
<arg>${keyTwo}</arg>
<doc>Fails if ``key`` is not found from ``dictionary``.</doc>
<status status="PASS" start="2024-05-15T01:03:16.542905" elapsed="0.000425"/>
</kw>
<kw name="Dictionary Should Contain Key" owner="Collections">
<msg time="2024-05-15T01:03:16.543996" level="INFO">False</msg>
<arg>${json_data['results'][0]['login']}</arg>
<arg>${keyTwo}</arg>
<doc>Fails if ``key`` is not found from ``dictionary``.</doc>
<status status="PASS" start="2024-05-15T01:03:16.543621" elapsed="0.000413"/>
</kw>
<kw name="Log" owner="BuiltIn">
<msg time="2024-05-15T01:03:16.544445" level="INFO">username</msg>
<arg>${keyTwo}</arg>
<doc>Logs the given message with the given level.</doc>
<status status="PASS" start="2024-05-15T01:03:16.544322" elapsed="0.000164"/>
</kw>
<var name="${keyTwo}">username</var>
<status status="PASS" start="2024-05-15T01:03:16.542796" elapsed="0.001900"/>
</iter>
<iter>
<kw name="Dictionary Should Contain Key" owner="Collections">
<msg time="2024-05-15T01:03:16.545445" level="INFO">False</msg>
<arg>${json_data['results'][0]['login']}</arg>
<arg>${keyTwo}</arg>
<doc>Fails if ``key`` is not found from ``dictionary``.</doc>
<status status="PASS" start="2024-05-15T01:03:16.544976" elapsed="0.000509"/>
</kw>
<kw name="Dictionary Should Contain Key" owner="Collections">
<msg time="2024-05-15T01:03:16.546202" level="INFO">False</msg>
<arg>${json_data['results'][0]['login']}</arg>
<arg>${keyTwo}</arg>
<doc>Fails if ``key`` is not found from ``dictionary``.</doc>
<status status="PASS" start="2024-05-15T01:03:16.545817" elapsed="0.000421"/>
</kw>
<kw name="Log" owner="BuiltIn">
<msg time="2024-05-15T01:03:16.546662" level="INFO">password</msg>
<arg>${keyTwo}</arg>
<doc>Logs the given message with the given level.</doc>
<status status="PASS" start="2024-05-15T01:03:16.546534" elapsed="0.000165"/>
</kw>
<var name="${keyTwo}">password</var>
<status status="PASS" start="2024-05-15T01:03:16.544866" elapsed="0.002048"/>
</iter>
<var>${keyTwo}</var>
<value>@{expected_keysTwo}</value>
<status status="PASS" start="2024-05-15T01:03:16.542639" elapsed="0.004395"/>
</for>
<status status="PASS" start="2024-05-15T01:03:16.269908" elapsed="0.277267"/>
</kw>
<doc>Testa a estrutura da resposta da API.</doc>
<tag>testeEstruturaResposta</tag>
<status status="PASS" start="2024-05-15T01:03:16.269372" elapsed="0.277959"/>
</test>
<test id="s1-s1-t4" name="Validar tipos de dados" line="28">
<kw name="Teste de Tipos de Dados" owner="random-user-service">
<kw name="GET On Session" owner="RequestsLibrary">
<msg time="2024-05-15T01:03:16.637527" level="INFO">GET Request : url=https://randomuser.me/api 
 path_url=/api 
 headers={'User-Agent': 'python-requests/2.31.0', 'Accept-Encoding': 'gzip, deflate', 'Accept': '*/*', 'Connection': 'keep-alive'} 
 body=None 
 </msg>
<msg time="2024-05-15T01:03:16.637606" level="INFO">GET Response : url=https://randomuser.me/api 
 status=200, reason=OK 
 headers={'Date': 'Wed, 15 May 2024 01:03:16 GMT', 'Content-Type': 'application/json; charset=utf-8', 'Transfer-Encoding': 'chunked', 'Connection': 'keep-alive', 'X-Powered-By': 'Express', 'Access-Control-Allow-Origin': '*', 'Cache-Control': 'no-cache', 'ETag': 'W/"47f-h60n7Sv8sKn5XSW7HR74kfxV390"', 'Vary': 'Accept-Encoding', 'Content-Encoding': 'gzip', 'CF-Cache-Status': 'DYNAMIC', 'Report-To': '{"endpoints":[{"url":"https:\\/\\/a.nel.cloudflare.com\\/report\\/v4?s=ORej71yGMJAJQLu37Ch9BtTPNLfZJcBkAxmi4TO2m%2FS7UCiX32jmozeueSBQ%2BYK1MrsHgt7WJvYpPvEf4IVqk1T7VLdidDqTSn3uyvYXgWEbcMbw3u1AQ5zjJW%2BHJ%2B9k"}],"group":"cf-nel","max_age":604800}', 'NEL': '{"success_fraction":0,"report_to":"cf-nel","max_age":604800}', 'Server': 'cloudflare', 'CF-RAY': '883f35106c8f9e65-SJC', 'alt-svc': 'h3=":443"; ma=86400'} 
 body={"results":[{"gender":"female","name":{"title":"Miss","first":"Olga","last":"Gallardo"},"location":{"street":{"number":462,"name":"Calle de Argumosa"},"city":"Elche","state":"Comunidad de Madrid","country":"Spain","postcode":94126,"coordinates":{"latitude":"-31.7182","longitude":"48.2631"},"timezone":{"offset":"-9:00","description":"Alaska"}},"email":"olga.gallardo@example.com","login":{"uuid":"c4320548-eebc-4f14-bde5-4a01782bcb0f","username":"greenfrog672","password":"theatre","salt":"4RX7eqTY","md5":"7b540fe14570a2ada1c068d2ea44c99a","sha1":"df041986971eeb71066701fa285d43c95bba499c","sha256":"8ed6483070de9916eb3e817a06feed004c9d077fa44f0eefe64516c967801eef"},"dob":{"date":"1948-03-08T20:50:15.680Z","age":76},"registered":{"date":"2003-12-30T09:35:34.008Z","age":20},"phone":"951-777-091","cell":"618-696-974","id":{"name":"DNI","value":"15377155-U"},"picture":{"large":"https://randomuser.me/api/portraits/women/48.jpg","medium":"https://randomuser.me/api/portraits/med/women/48.jpg","thumbnail":"https://randomuser.me/api/portraits/thumb/women/48.jpg"},"nat":"ES"}],"info":{"seed":"fa055d8a6d1466db","results":1,"page":1,"version":"1.4"}} 
 </msg>
<msg time="2024-05-15T01:03:16.637710" level="INFO">/opt/hostedtoolcache/Python/3.12.3/x64/lib/python3.12/site-packages/urllib3/connectionpool.py:1103: InsecureRequestWarning: Unverified HTTPS request is being made to host 'randomuser.me'. Adding certificate verification is strongly advised. See: https://urllib3.readthedocs.io/en/latest/advanced-usage.html#tls-warnings
  warnings.warn(</msg>
<msg time="2024-05-15T01:03:16.637855" level="INFO">${response} = &lt;Response [200]&gt;</msg>
<var>${response}</var>
<arg>consultarAPI</arg>
<arg>/api</arg>
<doc>Sends a GET request on a previously created HTTP Session.</doc>
<status status="PASS" start="2024-05-15T01:03:16.549903" elapsed="0.087998"/>
</kw>
<kw name="Set Variable" owner="BuiltIn">
<msg time="2024-05-15T01:03:16.639050" level="INFO">${json_data} = {'results': [{'gender': 'female', 'name': {'title': 'Miss', 'first': 'Olga', 'last': 'Gallardo'}, 'location': {'street': {'number': 462, 'name': 'Calle de Argumosa'}, 'city': 'Elche', 'state': 'Comuni...</msg>
<var>${json_data}</var>
<arg>${response.json()}</arg>
<doc>Returns the given values which can then be assigned to a variables.</doc>
<status status="PASS" start="2024-05-15T01:03:16.638450" elapsed="0.000629"/>
</kw>
<kw name="Log" owner="BuiltIn">
<msg time="2024-05-15T01:03:16.639534" level="INFO">{'results': [{'gender': 'female', 'name': {'title': 'Miss', 'first': 'Olga', 'last': 'Gallardo'}, 'location': {'street': {'number': 462, 'name': 'Calle de Argumosa'}, 'city': 'Elche', 'state': 'Comunidad de Madrid', 'country': 'Spain', 'postcode': 94126, 'coordinates': {'latitude': '-31.7182', 'longitude': '48.2631'}, 'timezone': {'offset': '-9:00', 'description': 'Alaska'}}, 'email': 'olga.gallardo@example.com', 'login': {'uuid': 'c4320548-eebc-4f14-bde5-4a01782bcb0f', 'username': 'greenfrog672', 'password': 'theatre', 'salt': '4RX7eqTY', 'md5': '7b540fe14570a2ada1c068d2ea44c99a', 'sha1': 'df041986971eeb71066701fa285d43c95bba499c', 'sha256': '8ed6483070de9916eb3e817a06feed004c9d077fa44f0eefe64516c967801eef'}, 'dob': {'date': '1948-03-08T20:50:15.680Z', 'age': 76}, 'registered': {'date': '2003-12-30T09:35:34.008Z', 'age': 20}, 'phone': '951-777-091', 'cell': '618-696-974', 'id': {'name': 'DNI', 'value': '15377155-U'}, 'picture': {'large': 'https://randomuser.me/api/portraits/women/48.jpg', 'medium': 'https://randomuser.me/api/portraits/med/women/48.jpg', 'thumbnail': 'https://randomuser.me/api/portraits/thumb/women/48.jpg'}, 'nat': 'ES'}], 'info': {'seed': 'fa055d8a6d1466db', 'results': 1, 'page': 1, 'version': '1.4'}}</msg>
<arg>${json_data}</arg>
<doc>Logs the given message with the given level.</doc>
<status status="PASS" start="2024-05-15T01:03:16.639383" elapsed="0.000231"/>
</kw>
<kw name="Should Be String" owner="String">
<arg>${json_data['results'][0]['gender']}</arg>
<doc>Fails if the given ``item`` is not a string.</doc>
<status status="PASS" start="2024-05-15T01:03:16.639913" elapsed="0.000369"/>
</kw>
<kw name="Should Match Regexp" owner="BuiltIn">
<arg>${json_data['results'][0]['email']}</arg>
<arg>^[a-zA-Z0-9._%+-]+@[a-zA-Z0-9.-]+\.[a-zA-Z]{2,}$</arg>
<doc>Fails if ``string`` does not match ``pattern`` as a regular expression.</doc>
<status status="PASS" start="2024-05-15T01:03:16.640473" elapsed="0.000510"/>
</kw>
<kw name="Should Match Regexp" owner="BuiltIn">
<arg>${json_data['results'][0]['dob']['date']}</arg>
<arg>\\d{4}-\\d{2}-\\d{2}T\\d{2}:\\d{2}:\\d{2}\\.\\d{3}Z</arg>
<doc>Fails if ``string`` does not match ``pattern`` as a regular expression.</doc>
<status status="PASS" start="2024-05-15T01:03:16.641179" elapsed="0.000528"/>
</kw>
<kw name="Should Match Regexp" owner="BuiltIn">
<arg>${json_data['results'][0]['registered']['date']}</arg>
<arg>\\d{4}-\\d{2}-\\d{2}T\\d{2}:\\d{2}:\\d{2}\\.\\d{3}Z</arg>
<doc>Fails if ``string`` does not match ``pattern`` as a regular expression.</doc>
<status status="PASS" start="2024-05-15T01:03:16.641912" elapsed="0.000371"/>
</kw>
<kw name="Should Match Regexp" owner="BuiltIn">
<arg>${json_data['results'][0]['picture']['large']}</arg>
<arg>^https?://.*\.(?:png|jpe?g|gif|bmp)$</arg>
<doc>Fails if ``string`` does not match ``pattern`` as a regular expression.</doc>
<status status="PASS" start="2024-05-15T01:03:16.642477" elapsed="0.000463"/>
</kw>
<kw name="Should Match Regexp" owner="BuiltIn">
<arg>${json_data['results'][0]['picture']['medium']}</arg>
<arg>^https?://.*\.(?:png|jpe?g|gif|bmp)$</arg>
<doc>Fails if ``string`` does not match ``pattern`` as a regular expression.</doc>
<status status="PASS" start="2024-05-15T01:03:16.643128" elapsed="0.000360"/>
</kw>
<kw name="Should Match Regexp" owner="BuiltIn">
<arg>${json_data['results'][0]['picture']['thumbnail']}</arg>
<arg>^https?://.*\.(?:png|jpe?g|gif|bmp)$</arg>
<doc>Fails if ``string`` does not match ``pattern`` as a regular expression.</doc>
<status status="PASS" start="2024-05-15T01:03:16.643677" elapsed="0.000349"/>
</kw>
<kw name="Log" owner="BuiltIn">
<msg time="2024-05-15T01:03:16.644531" level="INFO">{'large': 'https://randomuser.me/api/portraits/women/48.jpg', 'medium': 'https://randomuser.me/api/portraits/med/women/48.jpg', 'thumbnail': 'https://randomuser.me/api/portraits/thumb/women/48.jpg'}</msg>
<arg>${json_data['results'][0]['picture']}</arg>
<doc>Logs the given message with the given level.</doc>
<status status="PASS" start="2024-05-15T01:03:16.644208" elapsed="0.000365"/>
</kw>
<status status="PASS" start="2024-05-15T01:03:16.549635" elapsed="0.095191"/>
</kw>
<kw name="Teste de Tipos de Dados - Postcode" owner="random-user-service">
<kw name="GET On Session" owner="RequestsLibrary">
<msg time="2024-05-15T01:03:16.739100" level="INFO">GET Request : url=https://randomuser.me/api 
 path_url=/api 
 headers={'User-Agent': 'python-requests/2.31.0', 'Accept-Encoding': 'gzip, deflate', 'Accept': '*/*', 'Connection': 'keep-alive'} 
 body=None 
 </msg>
<msg time="2024-05-15T01:03:16.739165" level="INFO">GET Response : url=https://randomuser.me/api 
 status=200, reason=OK 
 headers={'Date': 'Wed, 15 May 2024 01:03:16 GMT', 'Content-Type': 'application/json; charset=utf-8', 'Transfer-Encoding': 'chunked', 'Connection': 'keep-alive', 'X-Powered-By': 'Express', 'Access-Control-Allow-Origin': '*', 'Cache-Control': 'no-cache', 'ETag': 'W/"4a5-N7G54cIlg7wKa3GSkbFhB3nX9tU"', 'Vary': 'Accept-Encoding', 'Content-Encoding': 'gzip', 'CF-Cache-Status': 'DYNAMIC', 'Report-To': '{"endpoints":[{"url":"https:\\/\\/a.nel.cloudflare.com\\/report\\/v4?s=WtdKruJGWylk2Ew0SueaRLFCR1Vm%2BLjEZYZC8rCO%2FdlBpS1amdbSa%2F0lAP5dGJghv9uFgdWbLTZcf%2B9bMp%2BxaCQtf6yHgm075ROH1t5tzvyItjokzSGmwBQlbwLUIGir"}],"group":"cf-nel","max_age":604800}', 'NEL': '{"success_fraction":0,"report_to":"cf-nel","max_age":604800}', 'Server': 'cloudflare', 'CF-RAY': '883f35110d369e65-SJC', 'alt-svc': 'h3=":443"; ma=86400'} 
 body={"results":[{"gender":"female","name":{"title":"Miss","first":"تینا","last":"محمدخان"},"location":{"street":{"number":7920,"name":"جلال آل احمد"},"city":"شیراز","state":"یزد","country":"Iran","postcode":13049,"coordinates":{"latitude":"19.3193","longitude":"176.9510"},"timezone":{"offset":"0:00","description":"Western Europe Time, London, Lisbon, Casablanca"}},"email":"tyn.mhmdkhn@example.com","login":{"uuid":"4947c29f-08d0-4525-85d9-d23a66f259b6","username":"organicsnake266","password":"stereo","salt":"F3avktqu","md5":"c0090288ede047353da47928f04c7498","sha1":"e11506d97ae1bfa2444386e1aa440a9967c4c678","sha256":"5d0fdce42ea2a0fb06cb222ca7fc63232126f054d2cfc587e96e5019111092b5"},"dob":{"date":"1956-09-12T05:00:48.049Z","age":67},"registered":{"date":"2015-01-23T17:57:39.163Z","age":9},"phone":"039-13674418","cell":"0911-854-2741","id":{"name":"","value":null},"picture":{"large":"https://randomuser.me/api/portraits/women/42.jpg","medium":"https://randomuser.me/api/portraits/med/women/42.jpg","thumbnail":"https://randomuser.me/api/portraits/thumb/women/42.jpg"},"nat":"IR"}],"info":{"seed":"68826bba4d1890bd","results":1,"page":1,"version":"1.4"}} 
 </msg>
<msg time="2024-05-15T01:03:16.739228" level="INFO">/opt/hostedtoolcache/Python/3.12.3/x64/lib/python3.12/site-packages/urllib3/connectionpool.py:1103: InsecureRequestWarning: Unverified HTTPS request is being made to host 'randomuser.me'. Adding certificate verification is strongly advised. See: https://urllib3.readthedocs.io/en/latest/advanced-usage.html#tls-warnings
  warnings.warn(</msg>
<msg time="2024-05-15T01:03:16.739320" level="INFO">${response} = &lt;Response [200]&gt;</msg>
<var>${response}</var>
<arg>consultarAPI</arg>
<arg>/api</arg>
<doc>Sends a GET request on a previously created HTTP Session.</doc>
<status status="PASS" start="2024-05-15T01:03:16.645267" elapsed="0.094094"/>
</kw>
<kw name="Set Variable" owner="BuiltIn">
<msg time="2024-05-15T01:03:16.740374" level="INFO">${json_data} = {'results': [{'gender': 'female', 'name': {'title': 'Miss', 'first': 'تینا', 'last': 'محمدخان'}, 'location': {'street': {'number': 7920, 'name': 'جلال آل احمد'}, 'city': 'شیراز', 'state': 'یزد', 'coun...</msg>
<var>${json_data}</var>
<arg>${response.json()}</arg>
<doc>Returns the given values which can then be assigned to a variables.</doc>
<status status="PASS" start="2024-05-15T01:03:16.739813" elapsed="0.000592"/>
</kw>
<kw name="Log" owner="BuiltIn">
<msg time="2024-05-15T01:03:16.740873" level="INFO">{'results': [{'gender': 'female', 'name': {'title': 'Miss', 'first': 'تینا', 'last': 'محمدخان'}, 'location': {'street': {'number': 7920, 'name': 'جلال آل احمد'}, 'city': 'شیراز', 'state': 'یزد', 'country': 'Iran', 'postcode': 13049, 'coordinates': {'latitude': '19.3193', 'longitude': '176.9510'}, 'timezone': {'offset': '0:00', 'description': 'Western Europe Time, London, Lisbon, Casablanca'}}, 'email': 'tyn.mhmdkhn@example.com', 'login': {'uuid': '4947c29f-08d0-4525-85d9-d23a66f259b6', 'username': 'organicsnake266', 'password': 'stereo', 'salt': 'F3avktqu', 'md5': 'c0090288ede047353da47928f04c7498', 'sha1': 'e11506d97ae1bfa2444386e1aa440a9967c4c678', 'sha256': '5d0fdce42ea2a0fb06cb222ca7fc63232126f054d2cfc587e96e5019111092b5'}, 'dob': {'date': '1956-09-12T05:00:48.049Z', 'age': 67}, 'registered': {'date': '2015-01-23T17:57:39.163Z', 'age': 9}, 'phone': '039-13674418', 'cell': '0911-854-2741', 'id': {'name': '', 'value': None}, 'picture': {'large': 'https://randomuser.me/api/portraits/women/42.jpg', 'medium': 'https://randomuser.me/api/portraits/med/women/42.jpg', 'thumbnail': 'https://randomuser.me/api/portraits/thumb/women/42.jpg'}, 'nat': 'IR'}], 'info': {'seed': '68826bba4d1890bd', 'results': 1, 'page': 1, 'version': '1.4'}}</msg>
<arg>${json_data}</arg>
<doc>Logs the given message with the given level.</doc>
<status status="PASS" start="2024-05-15T01:03:16.740716" elapsed="0.000236"/>
</kw>
<kw name="Should Be Equal As Numbers" owner="BuiltIn">
<arg>${json_data['results'][0]['location']['postcode']}</arg>
<arg>${json_data['results'][0]['location']['postcode']}</arg>
<doc>Fails if objects are unequal after converting them to real numbers.</doc>
<status status="PASS" start="2024-05-15T01:03:16.741384" elapsed="0.000665"/>
</kw>
<kw name="Log" owner="BuiltIn">
<msg time="2024-05-15T01:03:16.742578" level="INFO">13049</msg>
<arg>${json_data['results'][0]['location']['postcode']}</arg>
<doc>Logs the given message with the given level.</doc>
<status status="PASS" start="2024-05-15T01:03:16.742242" elapsed="0.000377"/>
</kw>
<status status="PASS" start="2024-05-15T01:03:16.645045" elapsed="0.097821"/>
</kw>
<doc>Testa se os tipos de dados na resposta da API estão corretos.</doc>
<tag>testeTiposDados</tag>
<status status="PASS" start="2024-05-15T01:03:16.549083" elapsed="0.193942"/>
</test>
<test id="s1-s1-t5" name="Validar conteudo" line="35">
<kw name="Teste de Tipos de Conteudo" owner="random-user-service">
<kw name="GET On Session" owner="RequestsLibrary">
<msg time="2024-05-15T01:03:16.839239" level="INFO">GET Request : url=https://randomuser.me/api 
 path_url=/api 
 headers={'User-Agent': 'python-requests/2.31.0', 'Accept-Encoding': 'gzip, deflate', 'Accept': '*/*', 'Connection': 'keep-alive'} 
 body=None 
 </msg>
<msg time="2024-05-15T01:03:16.839312" level="INFO">GET Response : url=https://randomuser.me/api 
 status=200, reason=OK 
 headers={'Date': 'Wed, 15 May 2024 01:03:16 GMT', 'Content-Type': 'application/json; charset=utf-8', 'Transfer-Encoding': 'chunked', 'Connection': 'keep-alive', 'X-Powered-By': 'Express', 'Access-Control-Allow-Origin': '*', 'Cache-Control': 'no-cache', 'ETag': 'W/"493-GXSzYUE05Lvoq60eSPl2gVxynmA"', 'Vary': 'Accept-Encoding', 'Content-Encoding': 'gzip', 'CF-Cache-Status': 'DYNAMIC', 'Report-To': '{"endpoints":[{"url":"https:\\/\\/a.nel.cloudflare.com\\/report\\/v4?s=Weu1pevPIlsdFzrDhO1SSu1eOMDDiC%2FaDaSRCL8XyBAruYfdu4OAkXFx1C3H99bm4oWzrh6GP16Ram48nkY8mA17fEQ1wE4wkPxQiVaHbvcBkgX7y%2Fa%2B7dv6ighkZQHh"}],"group":"cf-nel","max_age":604800}', 'NEL': '{"success_fraction":0,"report_to":"cf-nel","max_age":604800}', 'Server': 'cloudflare', 'CF-RAY': '883f3511adb69e65-SJC', 'alt-svc': 'h3=":443"; ma=86400'} 
 body={"results":[{"gender":"male","name":{"title":"Monsieur","first":"Ralf","last":"Nguyen"},"location":{"street":{"number":5459,"name":"Rue des Ecrivains"},"city":"Massagno","state":"Zürich","country":"Switzerland","postcode":5046,"coordinates":{"latitude":"-62.6203","longitude":"-8.1227"},"timezone":{"offset":"+2:00","description":"Kaliningrad, South Africa"}},"email":"ralf.nguyen@example.com","login":{"uuid":"cb88b8f3-eae7-416c-8785-aa197c97c7f1","username":"orangegoose678","password":"junior1","salt":"3N4EfAYU","md5":"d9a723da3b3955381eec77fb315e3737","sha1":"ec3ad4e309410daae2ffb9ef0c2d54cf7a68a73b","sha256":"88313a5c846973a63096ab598c75095c6c6d1cb0d8081269ec0a5a140e97b3a2"},"dob":{"date":"1982-02-17T17:42:22.212Z","age":42},"registered":{"date":"2004-02-18T21:40:14.819Z","age":20},"phone":"078 548 49 15","cell":"076 536 37 82","id":{"name":"AVS","value":"756.5928.1591.67"},"picture":{"large":"https://randomuser.me/api/portraits/men/57.jpg","medium":"https://randomuser.me/api/portraits/med/men/57.jpg","thumbnail":"https://randomuser.me/api/portraits/thumb/men/57.jpg"},"nat":"CH"}],"info":{"seed":"8f12e31aa5a3e503","results":1,"page":1,"version":"1.4"}} 
 </msg>
<msg time="2024-05-15T01:03:16.839375" level="INFO">/opt/hostedtoolcache/Python/3.12.3/x64/lib/python3.12/site-packages/urllib3/connectionpool.py:1103: InsecureRequestWarning: Unverified HTTPS request is being made to host 'randomuser.me'. Adding certificate verification is strongly advised. See: https://urllib3.readthedocs.io/en/latest/advanced-usage.html#tls-warnings
  warnings.warn(</msg>
<msg time="2024-05-15T01:03:16.839469" level="INFO">${response} = &lt;Response [200]&gt;</msg>
<var>${response}</var>
<arg>consultarAPI</arg>
<arg>/api</arg>
<doc>Sends a GET request on a previously created HTTP Session.</doc>
<status status="PASS" start="2024-05-15T01:03:16.745495" elapsed="0.094015"/>
</kw>
<kw name="Set Variable" owner="BuiltIn">
<msg time="2024-05-15T01:03:16.840570" level="INFO">${json_data} = {'results': [{'gender': 'male', 'name': {'title': 'Monsieur', 'first': 'Ralf', 'last': 'Nguyen'}, 'location': {'street': {'number': 5459, 'name': 'Rue des Ecrivains'}, 'city': 'Massagno', 'state': 'Zü...</msg>
<var>${json_data}</var>
<arg>${response.json()}</arg>
<doc>Returns the given values which can then be assigned to a variables.</doc>
<status status="PASS" start="2024-05-15T01:03:16.840003" elapsed="0.000597"/>
</kw>
<kw name="Set Variable" owner="BuiltIn">
<msg time="2024-05-15T01:03:16.841290" level="INFO">${name_title} = Monsieur</msg>
<var>${name_title}</var>
<arg>${json_data["results"][0]["name"]["title"]}</arg>
<doc>Returns the given values which can then be assigned to a variables.</doc>
<status status="PASS" start="2024-05-15T01:03:16.840905" elapsed="0.000411"/>
</kw>
<kw name="Create List" owner="BuiltIn">
<msg time="2024-05-15T01:03:16.841804" level="INFO">${allowed_titles} = ['Mr', 'Ms', 'Miss', 'Mrs', 'Madame', 'Monsieur']</msg>
<var>${allowed_titles}</var>
<arg>Mr</arg>
<arg>Ms</arg>
<arg>Miss</arg>
<arg>Mrs</arg>
<arg>Madame</arg>
<arg>Monsieur</arg>
<doc>Returns a list containing given items.</doc>
<status status="PASS" start="2024-05-15T01:03:16.841610" elapsed="0.000219"/>
</kw>
<kw name="List Should Contain Value" owner="Collections">
<msg time="2024-05-15T01:03:16.842306" level="INFO">False</msg>
<arg>${allowed_titles}</arg>
<arg>${name_title}</arg>
<doc>Fails if the ``value`` is not found from ``list``.</doc>
<status status="PASS" start="2024-05-15T01:03:16.842134" elapsed="0.000215"/>
</kw>
<kw name="Set Variable" owner="BuiltIn">
<msg time="2024-05-15T01:03:16.843026" level="INFO">${name_country} = CH</msg>
<var>${name_country}</var>
<arg>${json_data["results"][0]["nat"]}</arg>
<doc>Returns the given values which can then be assigned to a variables.</doc>
<status status="PASS" start="2024-05-15T01:03:16.842646" elapsed="0.000405"/>
</kw>
<kw name="Create List" owner="BuiltIn">
<msg time="2024-05-15T01:03:16.843937" level="INFO">${list_country} = ['AD', 'AE', 'AF', 'AG', 'AI', 'AL', 'AM', 'AO', 'AQ', 'AR', 'AS', 'AT', 'AU', 'AW', 'AX', 'AZ', 'BA', 'BB', 'BD', 'BE', 'BF', 'BG', 'BH', 'BI', 'BJ', 'BL', 'BM', 'BN', 'BO', 'BQ', 'BR', 'BS', 'BT', '...</msg>
<var>${list_country}</var>
<arg>AD</arg>
<arg>AE</arg>
<arg>AF</arg>
<arg>AG</arg>
<arg>AI</arg>
<arg>AL</arg>
<arg>AM</arg>
<arg>AO</arg>
<arg>AQ</arg>
<arg>AR</arg>
<arg>AS</arg>
<arg>AT</arg>
<arg>AU</arg>
<arg>AW</arg>
<arg>AX</arg>
<arg>AZ</arg>
<arg>BA</arg>
<arg>BB</arg>
<arg>BD</arg>
<arg>BE</arg>
<arg>BF</arg>
<arg>BG</arg>
<arg>BH</arg>
<arg>BI</arg>
<arg>BJ</arg>
<arg>BL</arg>
<arg>BM</arg>
<arg>BN</arg>
<arg>BO</arg>
<arg>BQ</arg>
<arg>BR</arg>
<arg>BS</arg>
<arg>BT</arg>
<arg>BV</arg>
<arg>BW</arg>
<arg>BY</arg>
<arg>BZ</arg>
<arg>CA</arg>
<arg>CC</arg>
<arg>CD</arg>
<arg>CF</arg>
<arg>CG</arg>
<arg>CH</arg>
<arg>CI</arg>
<arg>CK</arg>
<arg>CL</arg>
<arg>CM</arg>
<arg>CN</arg>
<arg>CO</arg>
<arg>CR</arg>
<arg>CU</arg>
<arg>CV</arg>
<arg>CW</arg>
<arg>CX</arg>
<arg>CY</arg>
<arg>CZ</arg>
<arg>DE</arg>
<arg>DJ</arg>
<arg>DK</arg>
<arg>DM</arg>
<arg>DO</arg>
<arg>DZ</arg>
<arg>EC</arg>
<arg>EE</arg>
<arg>EG</arg>
<arg>EH</arg>
<arg>ER</arg>
<arg>ES</arg>
<arg>ET</arg>
<arg>FI</arg>
<arg>FJ</arg>
<arg>FK</arg>
<arg>FM</arg>
<arg>FO</arg>
<arg>FR</arg>
<arg>GA</arg>
<arg>GB</arg>
<arg>GD</arg>
<arg>GE</arg>
<arg>GF</arg>
<arg>GG</arg>
<arg>GH</arg>
<arg>GI</arg>
<arg>GL</arg>
<arg>GM</arg>
<arg>GN</arg>
<arg>GP</arg>
<arg>GQ</arg>
<arg>GR</arg>
<arg>GS</arg>
<arg>GT</arg>
<arg>GU</arg>
<arg>GW</arg>
<arg>GY</arg>
<arg>HK</arg>
<arg>HM</arg>
<arg>HN</arg>
<arg>HR</arg>
<arg>HT</arg>
<arg>HU</arg>
<arg>ID</arg>
<arg>IE</arg>
<arg>IL</arg>
<arg>IM</arg>
<arg>IN</arg>
<arg>IO</arg>
<arg>IQ</arg>
<arg>IR</arg>
<arg>IS</arg>
<arg>IT</arg>
<arg>JE</arg>
<arg>JM</arg>
<arg>JO</arg>
<arg>JP</arg>
<arg>KE</arg>
<arg>KG</arg>
<arg>KH</arg>
<arg>KI</arg>
<arg>KM</arg>
<arg>KN</arg>
<arg>KP</arg>
<arg>KR</arg>
<arg>KW</arg>
<arg>KY</arg>
<arg>KZ</arg>
<arg>LA</arg>
<arg>LB</arg>
<arg>LC</arg>
<arg>LI</arg>
<arg>LK</arg>
<arg>LR</arg>
<arg>LS</arg>
<arg>LT</arg>
<arg>LU</arg>
<arg>LV</arg>
<arg>LY</arg>
<arg>MA</arg>
<arg>MC</arg>
<arg>MD</arg>
<arg>ME</arg>
<arg>MF</arg>
<arg>MG</arg>
<arg>MH</arg>
<arg>MK</arg>
<arg>ML</arg>
<arg>MM</arg>
<arg>MN</arg>
<arg>MO</arg>
<arg>MP</arg>
<arg>MQ</arg>
<arg>MR</arg>
<arg>MS</arg>
<arg>MT</arg>
<arg>MU</arg>
<arg>MV</arg>
<arg>MW</arg>
<arg>MX</arg>
<arg>MY</arg>
<arg>MZ</arg>
<arg>NA</arg>
<arg>NC</arg>
<arg>NE</arg>
<arg>NF</arg>
<arg>NG</arg>
<arg>NI</arg>
<arg>NL</arg>
<arg>NO</arg>
<arg>NP</arg>
<arg>NR</arg>
<arg>NU</arg>
<arg>NZ</arg>
<arg>OM</arg>
<arg>PA</arg>
<arg>PE</arg>
<arg>PF</arg>
<arg>PG</arg>
<arg>PH</arg>
<arg>PK</arg>
<arg>PL</arg>
<arg>PM</arg>
<arg>PN</arg>
<arg>PR</arg>
<arg>PS</arg>
<arg>PT</arg>
<arg>PW</arg>
<arg>PY</arg>
<arg>QA</arg>
<arg>RE</arg>
<arg>RO</arg>
<arg>RS</arg>
<arg>RU</arg>
<arg>RW</arg>
<arg>SA</arg>
<arg>SB</arg>
<arg>SC</arg>
<arg>SD</arg>
<arg>SE</arg>
<arg>SG</arg>
<arg>SH</arg>
<arg>SI</arg>
<arg>SJ</arg>
<arg>SK</arg>
<arg>SL</arg>
<arg>SM</arg>
<arg>SN</arg>
<arg>SO</arg>
<arg>SR</arg>
<arg>SS</arg>
<arg>ST</arg>
<arg>SV</arg>
<arg>SX</arg>
<arg>SY</arg>
<arg>SZ</arg>
<arg>TC</arg>
<arg>TD</arg>
<arg>TF</arg>
<arg>TG</arg>
<arg>TH</arg>
<arg>TJ</arg>
<arg>TK</arg>
<arg>TL</arg>
<arg>TM</arg>
<arg>TN</arg>
<arg>TO</arg>
<arg>TR</arg>
<arg>TT</arg>
<arg>TV</arg>
<arg>TW</arg>
<arg>TZ</arg>
<arg>UA</arg>
<arg>UG</arg>
<arg>UM</arg>
<arg>US</arg>
<arg>UY</arg>
<arg>UZ</arg>
<arg>VA</arg>
<arg>VC</arg>
<arg>VE</arg>
<arg>VG</arg>
<arg>VI</arg>
<arg>VN</arg>
<arg>VU</arg>
<arg>WF</arg>
<arg>WS</arg>
<arg>XK</arg>
<arg>YE</arg>
<arg>YT</arg>
<arg>ZA</arg>
<arg>ZM</arg>
<arg>ZW</arg>
<doc>Returns a list containing given items.</doc>
<status status="PASS" start="2024-05-15T01:03:16.843353" elapsed="0.000609"/>
</kw>
<kw name="List Should Contain Value" owner="Collections">
<msg time="2024-05-15T01:03:16.844952" level="INFO">False</msg>
<arg>${list_country}</arg>
<arg>${name_country}</arg>
<doc>Fails if the ``value`` is not found from ``list``.</doc>
<status status="PASS" start="2024-05-15T01:03:16.844755" elapsed="0.000234"/>
</kw>
<kw name="Run Keyword If" owner="BuiltIn">
<kw name="Should Be True" owner="BuiltIn">
<arg>${True}</arg>
<doc>Fails if the given condition is not true.</doc>
<status status="PASS" start="2024-05-15T01:03:16.846094" elapsed="0.000254"/>
</kw>
<arg>${json_data["results"][0]["location"]["coordinates"]["latitude"]} &gt;= -90 and ${json_data["results"][0]["location"]["coordinates"]["latitude"]} &lt;= 90</arg>
<arg>Should Be True</arg>
<arg>${True}</arg>
<doc>Runs the given keyword with the given arguments, if ``condition`` is true.</doc>
<status status="PASS" start="2024-05-15T01:03:16.845299" elapsed="0.001181"/>
</kw>
<kw name="Run Keyword If" owner="BuiltIn">
<kw name="Should Be True" owner="BuiltIn">
<arg>${True}</arg>
<doc>Fails if the given condition is not true.</doc>
<status status="PASS" start="2024-05-15T01:03:16.847372" elapsed="0.000138"/>
</kw>
<arg>${json_data["results"][0]["location"]["coordinates"]["longitude"]} &gt;= -180 and ${json_data["results"][0]["location"]["coordinates"]["longitude"]} &lt;= 180</arg>
<arg>Should Be True</arg>
<arg>${True}</arg>
<doc>Runs the given keyword with the given arguments, if ``condition`` is true.</doc>
<status status="PASS" start="2024-05-15T01:03:16.846671" elapsed="0.000961"/>
</kw>
<status status="PASS" start="2024-05-15T01:03:16.745274" elapsed="0.102488"/>
</kw>
<doc>Testa o conteúdo específico dos campos retornados pela API.</doc>
<tag>testeConteudo</tag>
<status status="PASS" start="2024-05-15T01:03:16.744767" elapsed="0.103143"/>
</test>
<status status="PASS" start="2024-05-15T01:03:15.780214" elapsed="1.069679"/>
</suite>
<status status="PASS" start="2024-05-15T01:03:15.766526" elapsed="1.088538"/>
</suite>
<statistics>
<total>
<stat pass="5" fail="0" skip="0">All Tests</stat>
</total>
<tag>
<stat pass="1" fail="0" skip="0">testeConteudo</stat>
<stat pass="1" fail="0" skip="0">testeEstruturaResposta</stat>
<stat pass="1" fail="0" skip="0">testeRequisicaoBasica</stat>
<stat pass="1" fail="0" skip="0">testeTiposDados</stat>
</tag>
<suite>
<stat pass="5" fail="0" skip="0" id="s1" name="Tests">Tests</stat>
<stat pass="5" fail="0" skip="0" id="s1-s1" name="Random-User-Test">Tests.Random-User-Test</stat>
</suite>
</statistics>
<errors>
</errors>
</robot>
