<?xml version="1.0" encoding="UTF-8"?>
<robot generator="Robot 7.0 (Python 3.12.2 on linux)" generated="2024-04-15T03:48:52.559965" rpa="false" schemaversion="5">
<suite id="s1" name="Tests" source="/home/runner/work/DesafioQAItauRogerioJordao/DesafioQAItauRogerioJordao/RamdonUser/tests">
<suite id="s1-s1" name="Random-User-Test" source="/home/runner/work/DesafioQAItauRogerioJordao/DesafioQAItauRogerioJordao/RamdonUser/tests/random-user-test.robot">
<test id="s1-s1-t1" name="Conectar" line="13">
<kw name="Conectar API" owner="random-user-service">
<kw name="Create Session" owner="RequestsLibrary">
<msg time="2024-04-15T03:48:52.943719" level="INFO">Creating Session using : alias=consultarAPI, url=https://randomuser.me/, headers={},                     cookies={}, auth=None, timeout=None, proxies=None, verify=False,                     debug=0 </msg>
<arg>consultarAPI</arg>
<arg>${URL}</arg>
<doc>Create Session: create a HTTP session to a server</doc>
<status status="PASS" start="2024-04-15T03:48:52.943505" elapsed="0.000408"/>
</kw>
<status status="PASS" start="2024-04-15T03:48:52.942361" elapsed="0.001923"/>
</kw>
<status status="PASS" start="2024-04-15T03:48:52.941790" elapsed="0.002698"/>
</test>
<test id="s1-s1-t2" name="Validar retorno 200 e JSON Válido" line="16">
<kw name="Teste de Requisicao Basica" owner="random-user-service">
<kw name="GET On Session" owner="RequestsLibrary">
<msg time="2024-04-15T03:48:53.112504" level="INFO">GET Request : url=https://randomuser.me/api 
 path_url=/api 
 headers={'User-Agent': 'python-requests/2.31.0', 'Accept-Encoding': 'gzip, deflate', 'Accept': '*/*', 'Connection': 'keep-alive'} 
 body=None 
 </msg>
<msg time="2024-04-15T03:48:53.112667" level="INFO">GET Response : url=https://randomuser.me/api 
 status=200, reason=OK 
 headers={'Date': 'Mon, 15 Apr 2024 03:48:53 GMT', 'Content-Type': 'application/json; charset=utf-8', 'Transfer-Encoding': 'chunked', 'Connection': 'keep-alive', 'X-Powered-By': 'Express', 'Access-Control-Allow-Origin': '*', 'Cache-Control': 'no-cache', 'ETag': 'W/"494-Un+1+wb/T1lIhGNS23czyXy8rLc"', 'Vary': 'Accept-Encoding', 'Content-Encoding': 'gzip', 'CF-Cache-Status': 'DYNAMIC', 'Report-To': '{"endpoints":[{"url":"https:\\/\\/a.nel.cloudflare.com\\/report\\/v4?s=cfx7ugRseYpZDq5LVxz%2F96i1X%2FUpJ7TEhZVfukRW5n0PG6cEDDJ6%2B6K5ZJjzPBoeI4mHTcwnvoqrfUBQ2VgmTfc4HfYDwKAz6h64%2FmfVCdUZ0cW1AV2QN4ujbRwRdJS2"}],"group":"cf-nel","max_age":604800}', 'NEL': '{"success_fraction":0,"report_to":"cf-nel","max_age":604800}', 'Server': 'cloudflare', 'CF-RAY': '8748f6673c64db8a-LAX', 'alt-svc': 'h3=":443"; ma=86400'} 
 body={"results":[{"gender":"male","name":{"title":"Mr","first":"Yulian","last":"Gromnickiy"},"location":{"street":{"number":355,"name":"Oleksandra Pivovarova"},"city":"Slavutich","state":"Odeska","country":"Ukraine","postcode":27115,"coordinates":{"latitude":"80.7776","longitude":"-138.1734"},"timezone":{"offset":"-4:00","description":"Atlantic Time (Canada), Caracas, La Paz"}},"email":"yulian.gromnickiy@example.com","login":{"uuid":"f3403c93-437d-4637-90fd-b57999c8f1f3","username":"whiteswan753","password":"1015","salt":"slC2ypBe","md5":"2633936c9ee19f1ef373ea66827bcb7d","sha1":"335042ae448ad5da3025300c076a7e680e902270","sha256":"052c42585c64810cd6b3eebe798cee9890d4529b37fd877e4c94e4eab017a0ba"},"dob":{"date":"1962-12-28T22:10:36.001Z","age":61},"registered":{"date":"2011-01-31T01:14:23.118Z","age":13},"phone":"(097) Q75-9192","cell":"(099) R63-0212","id":{"name":"","value":null},"picture":{"large":"https://randomuser.me/api/portraits/men/58.jpg","medium":"https://randomuser.me/api/portraits/med/men/58.jpg","thumbnail":"https://randomuser.me/api/portraits/thumb/men/58.jpg"},"nat":"UA"}],"info":{"seed":"bc94cdba2a3b2601","results":1,"page":1,"version":"1.4"}} 
 </msg>
<msg time="2024-04-15T03:48:53.112761" level="INFO">/opt/hostedtoolcache/Python/3.12.2/x64/lib/python3.12/site-packages/urllib3/connectionpool.py:1103: InsecureRequestWarning: Unverified HTTPS request is being made to host 'randomuser.me'. Adding certificate verification is strongly advised. See: https://urllib3.readthedocs.io/en/latest/advanced-usage.html#tls-warnings
  warnings.warn(</msg>
<msg time="2024-04-15T03:48:53.112920" level="INFO">${response} = &lt;Response [200]&gt;</msg>
<var>${response}</var>
<arg>consultarAPI</arg>
<arg>/api</arg>
<doc>Sends a GET request on a previously created HTTP Session.</doc>
<status status="PASS" start="2024-04-15T03:48:52.947121" elapsed="0.165885"/>
</kw>
<kw name="Should Be Equal As Numbers" owner="BuiltIn">
<msg time="2024-04-15T03:48:53.114006" level="INFO">Argument types are:
&lt;class 'int'&gt;
&lt;class 'str'&gt;</msg>
<arg>${response.status_code}</arg>
<arg>200</arg>
<doc>Fails if objects are unequal after converting them to real numbers.</doc>
<status status="PASS" start="2024-04-15T03:48:53.113535" elapsed="0.000539"/>
</kw>
<kw name="Log" owner="BuiltIn">
<msg time="2024-04-15T03:48:53.114831" level="INFO">200</msg>
<arg>${response.status_code}</arg>
<doc>Logs the given message with the given level.</doc>
<status status="PASS" start="2024-04-15T03:48:53.114433" elapsed="0.000449"/>
</kw>
<kw name="Set Variable" owner="BuiltIn">
<msg time="2024-04-15T03:48:53.115651" level="INFO">${json_data} = {'results': [{'gender': 'male', 'name': {'title': 'Mr', 'first': 'Yulian', 'last': 'Gromnickiy'}, 'location': {'street': {'number': 355, 'name': 'Oleksandra Pivovarova'}, 'city': 'Slavutich', 'state':...</msg>
<var>${json_data}</var>
<arg>${response.json()}</arg>
<doc>Returns the given values which can then be assigned to a variables.</doc>
<status status="PASS" start="2024-04-15T03:48:53.115210" elapsed="0.000470"/>
</kw>
<kw name="Dictionary Should Contain Key" owner="Collections">
<msg time="2024-04-15T03:48:53.116161" level="INFO">False</msg>
<arg>${json_data}</arg>
<arg>results</arg>
<doc>Fails if ``key`` is not found from ``dictionary``.</doc>
<status status="PASS" start="2024-04-15T03:48:53.115990" elapsed="0.000214"/>
</kw>
<status status="PASS" start="2024-04-15T03:48:52.946862" elapsed="0.169607"/>
</kw>
<doc>Testa se a API responde corretamente e retorna um objeto JSON válido.</doc>
<tag>testeRequisicaoBasica</tag>
<status status="PASS" start="2024-04-15T03:48:52.946352" elapsed="0.170305"/>
</test>
<test id="s1-s1-t3" name="Validar estrutura de resposta" line="22">
<kw name="Teste de Estrutura de Resposta" owner="random-user-service">
<kw name="GET On Session" owner="RequestsLibrary">
<msg time="2024-04-15T03:48:53.216617" level="INFO">GET Request : url=https://randomuser.me/api 
 path_url=/api 
 headers={'User-Agent': 'python-requests/2.31.0', 'Accept-Encoding': 'gzip, deflate', 'Accept': '*/*', 'Connection': 'keep-alive'} 
 body=None 
 </msg>
<msg time="2024-04-15T03:48:53.216700" level="INFO">GET Response : url=https://randomuser.me/api 
 status=200, reason=OK 
 headers={'Date': 'Mon, 15 Apr 2024 03:48:53 GMT', 'Content-Type': 'application/json; charset=utf-8', 'Transfer-Encoding': 'chunked', 'Connection': 'keep-alive', 'X-Powered-By': 'Express', 'Access-Control-Allow-Origin': '*', 'Cache-Control': 'no-cache', 'ETag': 'W/"48a-QWvwsuv2jCtjjLuRaKj7LXx6flM"', 'Vary': 'Accept-Encoding', 'Content-Encoding': 'gzip', 'CF-Cache-Status': 'DYNAMIC', 'Report-To': '{"endpoints":[{"url":"https:\\/\\/a.nel.cloudflare.com\\/report\\/v4?s=QqJ5it1pVSVoxo42MDYA50udGhplB5iMib1OmdIZsmdEPWKa5y2XXR%2FGCCj30LsRTjF4The7L7mYgokMriQjdiTaGXfpA3vLjKuPJQAM2vHnp4kku8%2FjwStS2L2uAqfx"}],"group":"cf-nel","max_age":604800}', 'NEL': '{"success_fraction":0,"report_to":"cf-nel","max_age":604800}', 'Server': 'cloudflare', 'CF-RAY': '8748f6680d5ddb8a-LAX', 'alt-svc': 'h3=":443"; ma=86400'} 
 body={"results":[{"gender":"male","name":{"title":"Monsieur","first":"Gérald","last":"Dubois"},"location":{"street":{"number":727,"name":"Grande Rue"},"city":"Mézières (Fr)","state":"Basel-Landschaft","country":"Switzerland","postcode":4879,"coordinates":{"latitude":"-63.3997","longitude":"-54.0612"},"timezone":{"offset":"+3:30","description":"Tehran"}},"email":"gerald.dubois@example.com","login":{"uuid":"53912816-7575-4559-8aae-b29763f967a0","username":"redtiger726","password":"olympia","salt":"EtDuuwIV","md5":"0d79cbdcb488594a189346fd2f14380b","sha1":"fa3e6b0f20482edd514c77c1755c70f694da8315","sha256":"f511f3db4fa3b5ccf80fc049d5760824a5d848cb1c10fb77fd763d63cc5cf296"},"dob":{"date":"1954-04-08T05:36:36.954Z","age":70},"registered":{"date":"2014-04-22T00:34:47.112Z","age":9},"phone":"076 964 46 06","cell":"076 706 65 62","id":{"name":"AVS","value":"756.7111.5296.78"},"picture":{"large":"https://randomuser.me/api/portraits/men/45.jpg","medium":"https://randomuser.me/api/portraits/med/men/45.jpg","thumbnail":"https://randomuser.me/api/portraits/thumb/men/45.jpg"},"nat":"CH"}],"info":{"seed":"1141ef45d82ab542","results":1,"page":1,"version":"1.4"}} 
 </msg>
<msg time="2024-04-15T03:48:53.216833" level="INFO">/opt/hostedtoolcache/Python/3.12.2/x64/lib/python3.12/site-packages/urllib3/connectionpool.py:1103: InsecureRequestWarning: Unverified HTTPS request is being made to host 'randomuser.me'. Adding certificate verification is strongly advised. See: https://urllib3.readthedocs.io/en/latest/advanced-usage.html#tls-warnings
  warnings.warn(</msg>
<msg time="2024-04-15T03:48:53.216947" level="INFO">${response} = &lt;Response [200]&gt;</msg>
<var>${response}</var>
<arg>consultarAPI</arg>
<arg>/api</arg>
<doc>Sends a GET request on a previously created HTTP Session.</doc>
<status status="PASS" start="2024-04-15T03:48:53.119423" elapsed="0.097567"/>
</kw>
<kw name="Set Variable" owner="BuiltIn">
<msg time="2024-04-15T03:48:53.217966" level="INFO">${json_data} = {'results': [{'gender': 'male', 'name': {'title': 'Monsieur', 'first': 'Gérald', 'last': 'Dubois'}, 'location': {'street': {'number': 727, 'name': 'Grande Rue'}, 'city': 'Mézières (Fr)', 'state': 'Bas...</msg>
<var>${json_data}</var>
<arg>${response.json()}</arg>
<doc>Returns the given values which can then be assigned to a variables.</doc>
<status status="PASS" start="2024-04-15T03:48:53.217453" elapsed="0.000543"/>
</kw>
<kw name="Log" owner="BuiltIn">
<msg time="2024-04-15T03:48:53.218497" level="INFO">{'results': [{'gender': 'male', 'name': {'title': 'Monsieur', 'first': 'Gérald', 'last': 'Dubois'}, 'location': {'street': {'number': 727, 'name': 'Grande Rue'}, 'city': 'Mézières (Fr)', 'state': 'Basel-Landschaft', 'country': 'Switzerland', 'postcode': 4879, 'coordinates': {'latitude': '-63.3997', 'longitude': '-54.0612'}, 'timezone': {'offset': '+3:30', 'description': 'Tehran'}}, 'email': 'gerald.dubois@example.com', 'login': {'uuid': '53912816-7575-4559-8aae-b29763f967a0', 'username': 'redtiger726', 'password': 'olympia', 'salt': 'EtDuuwIV', 'md5': '0d79cbdcb488594a189346fd2f14380b', 'sha1': 'fa3e6b0f20482edd514c77c1755c70f694da8315', 'sha256': 'f511f3db4fa3b5ccf80fc049d5760824a5d848cb1c10fb77fd763d63cc5cf296'}, 'dob': {'date': '1954-04-08T05:36:36.954Z', 'age': 70}, 'registered': {'date': '2014-04-22T00:34:47.112Z', 'age': 9}, 'phone': '076 964 46 06', 'cell': '076 706 65 62', 'id': {'name': 'AVS', 'value': '756.7111.5296.78'}, 'picture': {'large': 'https://randomuser.me/api/portraits/men/45.jpg', 'medium': 'https://randomuser.me/api/portraits/med/men/45.jpg', 'thumbnail': 'https://randomuser.me/api/portraits/thumb/men/45.jpg'}, 'nat': 'CH'}], 'info': {'seed': '1141ef45d82ab542', 'results': 1, 'page': 1, 'version': '1.4'}}</msg>
<arg>${json_data}</arg>
<doc>Logs the given message with the given level.</doc>
<status status="PASS" start="2024-04-15T03:48:53.218330" elapsed="0.000217"/>
</kw>
<kw name="Dictionary Should Contain Key" owner="Collections">
<msg time="2024-04-15T03:48:53.219044" level="INFO">False</msg>
<arg>${json_data}</arg>
<arg>results</arg>
<doc>Fails if ``key`` is not found from ``dictionary``.</doc>
<status status="PASS" start="2024-04-15T03:48:53.218880" elapsed="0.000203"/>
</kw>
<kw name="Should Not Be Empty" owner="BuiltIn">
<msg time="2024-04-15T03:48:53.219522" level="INFO">Length is 2.</msg>
<arg>${json_data}</arg>
<doc>Verifies that the given item is not empty.</doc>
<status status="PASS" start="2024-04-15T03:48:53.219386" elapsed="0.000176"/>
</kw>
<kw name="Create List" owner="BuiltIn">
<msg time="2024-04-15T03:48:53.220013" level="INFO">${expected_keys} = ['gender', 'name', 'location', 'email', 'login']</msg>
<var>${expected_keys}</var>
<arg>gender</arg>
<arg>name</arg>
<arg>location</arg>
<arg>email</arg>
<arg>login</arg>
<doc>Returns a list containing given items.</doc>
<status status="PASS" start="2024-04-15T03:48:53.219860" elapsed="0.000179"/>
</kw>
<for flavor="IN">
<iter>
<kw name="Dictionary Should Contain Key" owner="Collections">
<msg time="2024-04-15T03:48:53.221049" level="INFO">False</msg>
<arg>${json_data['results'][0]}</arg>
<arg>${key}</arg>
<doc>Fails if ``key`` is not found from ``dictionary``.</doc>
<status status="PASS" start="2024-04-15T03:48:53.220627" elapsed="0.000463"/>
</kw>
<kw name="Log" owner="BuiltIn">
<msg time="2024-04-15T03:48:53.221778" level="INFO">{'gender': 'male', 'name': {'title': 'Monsieur', 'first': 'Gérald', 'last': 'Dubois'}, 'location': {'street': {'number': 727, 'name': 'Grande Rue'}, 'city': 'Mézières (Fr)', 'state': 'Basel-Landschaft', 'country': 'Switzerland', 'postcode': 4879, 'coordinates': {'latitude': '-63.3997', 'longitude': '-54.0612'}, 'timezone': {'offset': '+3:30', 'description': 'Tehran'}}, 'email': 'gerald.dubois@example.com', 'login': {'uuid': '53912816-7575-4559-8aae-b29763f967a0', 'username': 'redtiger726', 'password': 'olympia', 'salt': 'EtDuuwIV', 'md5': '0d79cbdcb488594a189346fd2f14380b', 'sha1': 'fa3e6b0f20482edd514c77c1755c70f694da8315', 'sha256': 'f511f3db4fa3b5ccf80fc049d5760824a5d848cb1c10fb77fd763d63cc5cf296'}, 'dob': {'date': '1954-04-08T05:36:36.954Z', 'age': 70}, 'registered': {'date': '2014-04-22T00:34:47.112Z', 'age': 9}, 'phone': '076 964 46 06', 'cell': '076 706 65 62', 'id': {'name': 'AVS', 'value': '756.7111.5296.78'}, 'picture': {'large': 'https://randomuser.me/api/portraits/men/45.jpg', 'medium': 'https://randomuser.me/api/portraits/med/men/45.jpg', 'thumbnail': 'https://randomuser.me/api/portraits/thumb/men/45.jpg'}, 'nat': 'CH'}</msg>
<arg>${json_data['results'][0]}</arg>
<doc>Logs the given message with the given level.</doc>
<status status="PASS" start="2024-04-15T03:48:53.221398" elapsed="0.000431"/>
</kw>
<kw name="Log" owner="BuiltIn">
<msg time="2024-04-15T03:48:53.222263" level="INFO">gender</msg>
<arg>${key}</arg>
<doc>Logs the given message with the given level.</doc>
<status status="PASS" start="2024-04-15T03:48:53.222131" elapsed="0.000170"/>
</kw>
<var name="${key}">gender</var>
<status status="PASS" start="2024-04-15T03:48:53.220499" elapsed="0.002031"/>
</iter>
<iter>
<kw name="Dictionary Should Contain Key" owner="Collections">
<msg time="2024-04-15T03:48:53.223259" level="INFO">False</msg>
<arg>${json_data['results'][0]}</arg>
<arg>${key}</arg>
<doc>Fails if ``key`` is not found from ``dictionary``.</doc>
<status status="PASS" start="2024-04-15T03:48:53.222862" elapsed="0.000436"/>
</kw>
<kw name="Log" owner="BuiltIn">
<msg time="2024-04-15T03:48:53.224022" level="INFO">{'gender': 'male', 'name': {'title': 'Monsieur', 'first': 'Gérald', 'last': 'Dubois'}, 'location': {'street': {'number': 727, 'name': 'Grande Rue'}, 'city': 'Mézières (Fr)', 'state': 'Basel-Landschaft', 'country': 'Switzerland', 'postcode': 4879, 'coordinates': {'latitude': '-63.3997', 'longitude': '-54.0612'}, 'timezone': {'offset': '+3:30', 'description': 'Tehran'}}, 'email': 'gerald.dubois@example.com', 'login': {'uuid': '53912816-7575-4559-8aae-b29763f967a0', 'username': 'redtiger726', 'password': 'olympia', 'salt': 'EtDuuwIV', 'md5': '0d79cbdcb488594a189346fd2f14380b', 'sha1': 'fa3e6b0f20482edd514c77c1755c70f694da8315', 'sha256': 'f511f3db4fa3b5ccf80fc049d5760824a5d848cb1c10fb77fd763d63cc5cf296'}, 'dob': {'date': '1954-04-08T05:36:36.954Z', 'age': 70}, 'registered': {'date': '2014-04-22T00:34:47.112Z', 'age': 9}, 'phone': '076 964 46 06', 'cell': '076 706 65 62', 'id': {'name': 'AVS', 'value': '756.7111.5296.78'}, 'picture': {'large': 'https://randomuser.me/api/portraits/men/45.jpg', 'medium': 'https://randomuser.me/api/portraits/med/men/45.jpg', 'thumbnail': 'https://randomuser.me/api/portraits/thumb/men/45.jpg'}, 'nat': 'CH'}</msg>
<arg>${json_data['results'][0]}</arg>
<doc>Logs the given message with the given level.</doc>
<status status="PASS" start="2024-04-15T03:48:53.223630" elapsed="0.000447"/>
</kw>
<kw name="Log" owner="BuiltIn">
<msg time="2024-04-15T03:48:53.224531" level="INFO">name</msg>
<arg>${key}</arg>
<doc>Logs the given message with the given level.</doc>
<status status="PASS" start="2024-04-15T03:48:53.224399" elapsed="0.000170"/>
</kw>
<var name="${key}">name</var>
<status status="PASS" start="2024-04-15T03:48:53.222721" elapsed="0.002067"/>
</iter>
<iter>
<kw name="Dictionary Should Contain Key" owner="Collections">
<msg time="2024-04-15T03:48:53.225464" level="INFO">False</msg>
<arg>${json_data['results'][0]}</arg>
<arg>${key}</arg>
<doc>Fails if ``key`` is not found from ``dictionary``.</doc>
<status status="PASS" start="2024-04-15T03:48:53.225084" elapsed="0.000418"/>
</kw>
<kw name="Log" owner="BuiltIn">
<msg time="2024-04-15T03:48:53.226163" level="INFO">{'gender': 'male', 'name': {'title': 'Monsieur', 'first': 'Gérald', 'last': 'Dubois'}, 'location': {'street': {'number': 727, 'name': 'Grande Rue'}, 'city': 'Mézières (Fr)', 'state': 'Basel-Landschaft', 'country': 'Switzerland', 'postcode': 4879, 'coordinates': {'latitude': '-63.3997', 'longitude': '-54.0612'}, 'timezone': {'offset': '+3:30', 'description': 'Tehran'}}, 'email': 'gerald.dubois@example.com', 'login': {'uuid': '53912816-7575-4559-8aae-b29763f967a0', 'username': 'redtiger726', 'password': 'olympia', 'salt': 'EtDuuwIV', 'md5': '0d79cbdcb488594a189346fd2f14380b', 'sha1': 'fa3e6b0f20482edd514c77c1755c70f694da8315', 'sha256': 'f511f3db4fa3b5ccf80fc049d5760824a5d848cb1c10fb77fd763d63cc5cf296'}, 'dob': {'date': '1954-04-08T05:36:36.954Z', 'age': 70}, 'registered': {'date': '2014-04-22T00:34:47.112Z', 'age': 9}, 'phone': '076 964 46 06', 'cell': '076 706 65 62', 'id': {'name': 'AVS', 'value': '756.7111.5296.78'}, 'picture': {'large': 'https://randomuser.me/api/portraits/men/45.jpg', 'medium': 'https://randomuser.me/api/portraits/med/men/45.jpg', 'thumbnail': 'https://randomuser.me/api/portraits/thumb/men/45.jpg'}, 'nat': 'CH'}</msg>
<arg>${json_data['results'][0]}</arg>
<doc>Logs the given message with the given level.</doc>
<status status="PASS" start="2024-04-15T03:48:53.225798" elapsed="0.000415"/>
</kw>
<kw name="Log" owner="BuiltIn">
<msg time="2024-04-15T03:48:53.226649" level="INFO">location</msg>
<arg>${key}</arg>
<doc>Logs the given message with the given level.</doc>
<status status="PASS" start="2024-04-15T03:48:53.226519" elapsed="0.000169"/>
</kw>
<var name="${key}">location</var>
<status status="PASS" start="2024-04-15T03:48:53.224970" elapsed="0.001962"/>
</iter>
<iter>
<kw name="Dictionary Should Contain Key" owner="Collections">
<msg time="2024-04-15T03:48:53.227611" level="INFO">False</msg>
<arg>${json_data['results'][0]}</arg>
<arg>${key}</arg>
<doc>Fails if ``key`` is not found from ``dictionary``.</doc>
<status status="PASS" start="2024-04-15T03:48:53.227222" elapsed="0.000431"/>
</kw>
<kw name="Log" owner="BuiltIn">
<msg time="2024-04-15T03:48:53.228325" level="INFO">{'gender': 'male', 'name': {'title': 'Monsieur', 'first': 'Gérald', 'last': 'Dubois'}, 'location': {'street': {'number': 727, 'name': 'Grande Rue'}, 'city': 'Mézières (Fr)', 'state': 'Basel-Landschaft', 'country': 'Switzerland', 'postcode': 4879, 'coordinates': {'latitude': '-63.3997', 'longitude': '-54.0612'}, 'timezone': {'offset': '+3:30', 'description': 'Tehran'}}, 'email': 'gerald.dubois@example.com', 'login': {'uuid': '53912816-7575-4559-8aae-b29763f967a0', 'username': 'redtiger726', 'password': 'olympia', 'salt': 'EtDuuwIV', 'md5': '0d79cbdcb488594a189346fd2f14380b', 'sha1': 'fa3e6b0f20482edd514c77c1755c70f694da8315', 'sha256': 'f511f3db4fa3b5ccf80fc049d5760824a5d848cb1c10fb77fd763d63cc5cf296'}, 'dob': {'date': '1954-04-08T05:36:36.954Z', 'age': 70}, 'registered': {'date': '2014-04-22T00:34:47.112Z', 'age': 9}, 'phone': '076 964 46 06', 'cell': '076 706 65 62', 'id': {'name': 'AVS', 'value': '756.7111.5296.78'}, 'picture': {'large': 'https://randomuser.me/api/portraits/men/45.jpg', 'medium': 'https://randomuser.me/api/portraits/med/men/45.jpg', 'thumbnail': 'https://randomuser.me/api/portraits/thumb/men/45.jpg'}, 'nat': 'CH'}</msg>
<arg>${json_data['results'][0]}</arg>
<doc>Logs the given message with the given level.</doc>
<status status="PASS" start="2024-04-15T03:48:53.227954" elapsed="0.000421"/>
</kw>
<kw name="Log" owner="BuiltIn">
<msg time="2024-04-15T03:48:53.228805" level="INFO">email</msg>
<arg>${key}</arg>
<doc>Logs the given message with the given level.</doc>
<status status="PASS" start="2024-04-15T03:48:53.228676" elapsed="0.000168"/>
</kw>
<var name="${key}">email</var>
<status status="PASS" start="2024-04-15T03:48:53.227109" elapsed="0.001950"/>
</iter>
<iter>
<kw name="Dictionary Should Contain Key" owner="Collections">
<msg time="2024-04-15T03:48:53.229717" level="INFO">False</msg>
<arg>${json_data['results'][0]}</arg>
<arg>${key}</arg>
<doc>Fails if ``key`` is not found from ``dictionary``.</doc>
<status status="PASS" start="2024-04-15T03:48:53.229344" elapsed="0.000410"/>
</kw>
<kw name="Log" owner="BuiltIn">
<msg time="2024-04-15T03:48:53.230421" level="INFO">{'gender': 'male', 'name': {'title': 'Monsieur', 'first': 'Gérald', 'last': 'Dubois'}, 'location': {'street': {'number': 727, 'name': 'Grande Rue'}, 'city': 'Mézières (Fr)', 'state': 'Basel-Landschaft', 'country': 'Switzerland', 'postcode': 4879, 'coordinates': {'latitude': '-63.3997', 'longitude': '-54.0612'}, 'timezone': {'offset': '+3:30', 'description': 'Tehran'}}, 'email': 'gerald.dubois@example.com', 'login': {'uuid': '53912816-7575-4559-8aae-b29763f967a0', 'username': 'redtiger726', 'password': 'olympia', 'salt': 'EtDuuwIV', 'md5': '0d79cbdcb488594a189346fd2f14380b', 'sha1': 'fa3e6b0f20482edd514c77c1755c70f694da8315', 'sha256': 'f511f3db4fa3b5ccf80fc049d5760824a5d848cb1c10fb77fd763d63cc5cf296'}, 'dob': {'date': '1954-04-08T05:36:36.954Z', 'age': 70}, 'registered': {'date': '2014-04-22T00:34:47.112Z', 'age': 9}, 'phone': '076 964 46 06', 'cell': '076 706 65 62', 'id': {'name': 'AVS', 'value': '756.7111.5296.78'}, 'picture': {'large': 'https://randomuser.me/api/portraits/men/45.jpg', 'medium': 'https://randomuser.me/api/portraits/med/men/45.jpg', 'thumbnail': 'https://randomuser.me/api/portraits/thumb/men/45.jpg'}, 'nat': 'CH'}</msg>
<arg>${json_data['results'][0]}</arg>
<doc>Logs the given message with the given level.</doc>
<status status="PASS" start="2024-04-15T03:48:53.230052" elapsed="0.000418"/>
</kw>
<kw name="Log" owner="BuiltIn">
<msg time="2024-04-15T03:48:53.230932" level="INFO">login</msg>
<arg>${key}</arg>
<doc>Logs the given message with the given level.</doc>
<status status="PASS" start="2024-04-15T03:48:53.230791" elapsed="0.000180"/>
</kw>
<var name="${key}">login</var>
<status status="PASS" start="2024-04-15T03:48:53.229232" elapsed="0.001988"/>
</iter>
<var>${key}</var>
<value>@{expected_keys}</value>
<status status="PASS" start="2024-04-15T03:48:53.220304" elapsed="0.011044"/>
</for>
<kw name="Create List" owner="BuiltIn">
<msg time="2024-04-15T03:48:53.231690" level="INFO">${expected_keysTwo} = ['username', 'password']</msg>
<var>${expected_keysTwo}</var>
<arg>username</arg>
<arg>password</arg>
<doc>Returns a list containing given items.</doc>
<status status="PASS" start="2024-04-15T03:48:53.231552" elapsed="0.000161"/>
</kw>
<for flavor="IN">
<iter>
<kw name="Dictionary Should Contain Key" owner="Collections">
<msg time="2024-04-15T03:48:53.232706" level="INFO">False</msg>
<arg>${json_data['results'][0]['login']}</arg>
<arg>${keyTwo}</arg>
<doc>Fails if ``key`` is not found from ``dictionary``.</doc>
<status status="PASS" start="2024-04-15T03:48:53.232322" elapsed="0.000422"/>
</kw>
<kw name="Dictionary Should Contain Key" owner="Collections">
<msg time="2024-04-15T03:48:53.233451" level="INFO">False</msg>
<arg>${json_data['results'][0]['login']}</arg>
<arg>${keyTwo}</arg>
<doc>Fails if ``key`` is not found from ``dictionary``.</doc>
<status status="PASS" start="2024-04-15T03:48:53.233069" elapsed="0.000419"/>
</kw>
<kw name="Log" owner="BuiltIn">
<msg time="2024-04-15T03:48:53.233909" level="INFO">username</msg>
<arg>${keyTwo}</arg>
<doc>Logs the given message with the given level.</doc>
<status status="PASS" start="2024-04-15T03:48:53.233781" elapsed="0.000165"/>
</kw>
<var name="${keyTwo}">username</var>
<status status="PASS" start="2024-04-15T03:48:53.232207" elapsed="0.001954"/>
</iter>
<iter>
<kw name="Dictionary Should Contain Key" owner="Collections">
<msg time="2024-04-15T03:48:53.234852" level="INFO">False</msg>
<arg>${json_data['results'][0]['login']}</arg>
<arg>${keyTwo}</arg>
<doc>Fails if ``key`` is not found from ``dictionary``.</doc>
<status status="PASS" start="2024-04-15T03:48:53.234447" elapsed="0.000443"/>
</kw>
<kw name="Dictionary Should Contain Key" owner="Collections">
<msg time="2024-04-15T03:48:53.235567" level="INFO">False</msg>
<arg>${json_data['results'][0]['login']}</arg>
<arg>${keyTwo}</arg>
<doc>Fails if ``key`` is not found from ``dictionary``.</doc>
<status status="PASS" start="2024-04-15T03:48:53.235186" elapsed="0.000418"/>
</kw>
<kw name="Log" owner="BuiltIn">
<msg time="2024-04-15T03:48:53.236028" level="INFO">password</msg>
<arg>${keyTwo}</arg>
<doc>Logs the given message with the given level.</doc>
<status status="PASS" start="2024-04-15T03:48:53.235898" elapsed="0.000168"/>
</kw>
<var name="${keyTwo}">password</var>
<status status="PASS" start="2024-04-15T03:48:53.234338" elapsed="0.001945"/>
</iter>
<var>${keyTwo}</var>
<value>@{expected_keysTwo}</value>
<status status="PASS" start="2024-04-15T03:48:53.231950" elapsed="0.004457"/>
</for>
<status status="PASS" start="2024-04-15T03:48:53.119179" elapsed="0.117372"/>
</kw>
<doc>Testa a estrutura da resposta da API.</doc>
<tag>testeEstruturaResposta</tag>
<status status="PASS" start="2024-04-15T03:48:53.118499" elapsed="0.118213"/>
</test>
<test id="s1-s1-t4" name="Validar tipos de dados" line="28">
<kw name="Teste de Tipos de Dados" owner="random-user-service">
<kw name="GET On Session" owner="RequestsLibrary">
<msg time="2024-04-15T03:48:53.347396" level="INFO">GET Request : url=https://randomuser.me/api 
 path_url=/api 
 headers={'User-Agent': 'python-requests/2.31.0', 'Accept-Encoding': 'gzip, deflate', 'Accept': '*/*', 'Connection': 'keep-alive'} 
 body=None 
 </msg>
<msg time="2024-04-15T03:48:53.347493" level="INFO">GET Response : url=https://randomuser.me/api 
 status=200, reason=OK 
 headers={'Date': 'Mon, 15 Apr 2024 03:48:53 GMT', 'Content-Type': 'application/json; charset=utf-8', 'Transfer-Encoding': 'chunked', 'Connection': 'keep-alive', 'X-Powered-By': 'Express', 'Access-Control-Allow-Origin': '*', 'Cache-Control': 'no-cache', 'ETag': 'W/"498-gxFzzKAfCHwEQfMZ33+XaUpfTdY"', 'Vary': 'Accept-Encoding', 'Content-Encoding': 'gzip', 'CF-Cache-Status': 'DYNAMIC', 'Report-To': '{"endpoints":[{"url":"https:\\/\\/a.nel.cloudflare.com\\/report\\/v4?s=4K8F2Miy2slIIKddpyO%2F9Xz7b8BdWQOncrdxBWCMI3YTRf2aowvpzYf9nOYZIIE5t9f0VPpQOmrnof5yBIyqSw1t%2BOSkdvCsZfsCdm4qHbRIIhOXrWNVF%2BpT6ZugJTxO"}],"group":"cf-nel","max_age":604800}', 'NEL': '{"success_fraction":0,"report_to":"cf-nel","max_age":604800}', 'Server': 'cloudflare', 'CF-RAY': '8748f668ce4cdb8a-LAX', 'alt-svc': 'h3=":443"; ma=86400'} 
 body={"results":[{"gender":"male","name":{"title":"Mr","first":"Johnno","last":"Starmans"},"location":{"street":{"number":4358,"name":"Botersteeg"},"city":"Rijckholt","state":"Drenthe","country":"Netherlands","postcode":"7632 PL","coordinates":{"latitude":"37.0847","longitude":"-83.2783"},"timezone":{"offset":"+5:00","description":"Ekaterinburg, Islamabad, Karachi, Tashkent"}},"email":"johnno.starmans@example.com","login":{"uuid":"7aa63b05-17a1-4c35-b8ac-8aa96051a2af","username":"redsnake605","password":"kelly1","salt":"fCPgUpwE","md5":"c1d123c472706023b2a846178a9de7a6","sha1":"8046252bc61feb6a9ee22e81c7519d4da104b562","sha256":"a4370bc55c32a80bc8bf9f7271a783a98620208b9a7c1fd9b2c97e55d04d5091"},"dob":{"date":"1982-09-11T09:15:58.831Z","age":41},"registered":{"date":"2015-06-19T07:34:57.720Z","age":8},"phone":"(030) 3061690","cell":"(06) 88169490","id":{"name":"BSN","value":"99530857"},"picture":{"large":"https://randomuser.me/api/portraits/men/56.jpg","medium":"https://randomuser.me/api/portraits/med/men/56.jpg","thumbnail":"https://randomuser.me/api/portraits/thumb/men/56.jpg"},"nat":"NL"}],"info":{"seed":"efcb443438f54bba","results":1,"page":1,"version":"1.4"}} 
 </msg>
<msg time="2024-04-15T03:48:53.347564" level="INFO">/opt/hostedtoolcache/Python/3.12.2/x64/lib/python3.12/site-packages/urllib3/connectionpool.py:1103: InsecureRequestWarning: Unverified HTTPS request is being made to host 'randomuser.me'. Adding certificate verification is strongly advised. See: https://urllib3.readthedocs.io/en/latest/advanced-usage.html#tls-warnings
  warnings.warn(</msg>
<msg time="2024-04-15T03:48:53.347696" level="INFO">${response} = &lt;Response [200]&gt;</msg>
<var>${response}</var>
<arg>consultarAPI</arg>
<arg>/api</arg>
<doc>Sends a GET request on a previously created HTTP Session.</doc>
<status status="PASS" start="2024-04-15T03:48:53.239242" elapsed="0.108495"/>
</kw>
<kw name="Set Variable" owner="BuiltIn">
<msg time="2024-04-15T03:48:53.348942" level="INFO">${json_data} = {'results': [{'gender': 'male', 'name': {'title': 'Mr', 'first': 'Johnno', 'last': 'Starmans'}, 'location': {'street': {'number': 4358, 'name': 'Botersteeg'}, 'city': 'Rijckholt', 'state': 'Drenthe', ...</msg>
<var>${json_data}</var>
<arg>${response.json()}</arg>
<doc>Returns the given values which can then be assigned to a variables.</doc>
<status status="PASS" start="2024-04-15T03:48:53.348370" elapsed="0.000601"/>
</kw>
<kw name="Log" owner="BuiltIn">
<msg time="2024-04-15T03:48:53.349477" level="INFO">{'results': [{'gender': 'male', 'name': {'title': 'Mr', 'first': 'Johnno', 'last': 'Starmans'}, 'location': {'street': {'number': 4358, 'name': 'Botersteeg'}, 'city': 'Rijckholt', 'state': 'Drenthe', 'country': 'Netherlands', 'postcode': '7632 PL', 'coordinates': {'latitude': '37.0847', 'longitude': '-83.2783'}, 'timezone': {'offset': '+5:00', 'description': 'Ekaterinburg, Islamabad, Karachi, Tashkent'}}, 'email': 'johnno.starmans@example.com', 'login': {'uuid': '7aa63b05-17a1-4c35-b8ac-8aa96051a2af', 'username': 'redsnake605', 'password': 'kelly1', 'salt': 'fCPgUpwE', 'md5': 'c1d123c472706023b2a846178a9de7a6', 'sha1': '8046252bc61feb6a9ee22e81c7519d4da104b562', 'sha256': 'a4370bc55c32a80bc8bf9f7271a783a98620208b9a7c1fd9b2c97e55d04d5091'}, 'dob': {'date': '1982-09-11T09:15:58.831Z', 'age': 41}, 'registered': {'date': '2015-06-19T07:34:57.720Z', 'age': 8}, 'phone': '(030) 3061690', 'cell': '(06) 88169490', 'id': {'name': 'BSN', 'value': '99530857'}, 'picture': {'large': 'https://randomuser.me/api/portraits/men/56.jpg', 'medium': 'https://randomuser.me/api/portraits/med/men/56.jpg', 'thumbnail': 'https://randomuser.me/api/portraits/thumb/men/56.jpg'}, 'nat': 'NL'}], 'info': {'seed': 'efcb443438f54bba', 'results': 1, 'page': 1, 'version': '1.4'}}</msg>
<arg>${json_data}</arg>
<doc>Logs the given message with the given level.</doc>
<status status="PASS" start="2024-04-15T03:48:53.349312" elapsed="0.000252"/>
</kw>
<kw name="Should Be String" owner="String">
<arg>${json_data['results'][0]['gender']}</arg>
<doc>Fails if the given ``item`` is not a string.</doc>
<status status="PASS" start="2024-04-15T03:48:53.349868" elapsed="0.000377"/>
</kw>
<kw name="Should Match Regexp" owner="BuiltIn">
<arg>${json_data['results'][0]['email']}</arg>
<arg>^[a-zA-Z0-9._%+-]+@[a-zA-Z0-9.-]+\.[a-zA-Z]{2,}$</arg>
<doc>Fails if ``string`` does not match ``pattern`` as a regular expression.</doc>
<status status="PASS" start="2024-04-15T03:48:53.350441" elapsed="0.000556"/>
</kw>
<kw name="Should Match Regexp" owner="BuiltIn">
<arg>${json_data['results'][0]['dob']['date']}</arg>
<arg>\\d{4}-\\d{2}-\\d{2}T\\d{2}:\\d{2}:\\d{2}\\.\\d{3}Z</arg>
<doc>Fails if ``string`` does not match ``pattern`` as a regular expression.</doc>
<status status="PASS" start="2024-04-15T03:48:53.351197" elapsed="0.000499"/>
</kw>
<kw name="Should Match Regexp" owner="BuiltIn">
<arg>${json_data['results'][0]['registered']['date']}</arg>
<arg>\\d{4}-\\d{2}-\\d{2}T\\d{2}:\\d{2}:\\d{2}\\.\\d{3}Z</arg>
<doc>Fails if ``string`` does not match ``pattern`` as a regular expression.</doc>
<status status="PASS" start="2024-04-15T03:48:53.351897" elapsed="0.000372"/>
</kw>
<kw name="Should Match Regexp" owner="BuiltIn">
<arg>${json_data['results'][0]['picture']['large']}</arg>
<arg>^https?://.*\.(?:png|jpe?g|gif|bmp)$</arg>
<doc>Fails if ``string`` does not match ``pattern`` as a regular expression.</doc>
<status status="PASS" start="2024-04-15T03:48:53.352455" elapsed="0.000459"/>
</kw>
<kw name="Should Match Regexp" owner="BuiltIn">
<arg>${json_data['results'][0]['picture']['medium']}</arg>
<arg>^https?://.*\.(?:png|jpe?g|gif|bmp)$</arg>
<doc>Fails if ``string`` does not match ``pattern`` as a regular expression.</doc>
<status status="PASS" start="2024-04-15T03:48:53.353102" elapsed="0.000352"/>
</kw>
<kw name="Should Match Regexp" owner="BuiltIn">
<arg>${json_data['results'][0]['picture']['thumbnail']}</arg>
<arg>^https?://.*\.(?:png|jpe?g|gif|bmp)$</arg>
<doc>Fails if ``string`` does not match ``pattern`` as a regular expression.</doc>
<status status="PASS" start="2024-04-15T03:48:53.353637" elapsed="0.000357"/>
</kw>
<kw name="Log" owner="BuiltIn">
<msg time="2024-04-15T03:48:53.354510" level="INFO">{'large': 'https://randomuser.me/api/portraits/men/56.jpg', 'medium': 'https://randomuser.me/api/portraits/med/men/56.jpg', 'thumbnail': 'https://randomuser.me/api/portraits/thumb/men/56.jpg'}</msg>
<arg>${json_data['results'][0]['picture']}</arg>
<doc>Logs the given message with the given level.</doc>
<status status="PASS" start="2024-04-15T03:48:53.354176" elapsed="0.000376"/>
</kw>
<status status="PASS" start="2024-04-15T03:48:53.239006" elapsed="0.115844"/>
</kw>
<kw name="Teste de Tipos de Dados - Postcode" owner="random-user-service">
<kw name="GET On Session" owner="RequestsLibrary">
<msg time="2024-04-15T03:48:53.452047" level="INFO">GET Request : url=https://randomuser.me/api 
 path_url=/api 
 headers={'User-Agent': 'python-requests/2.31.0', 'Accept-Encoding': 'gzip, deflate', 'Accept': '*/*', 'Connection': 'keep-alive'} 
 body=None 
 </msg>
<msg time="2024-04-15T03:48:53.452155" level="INFO">GET Response : url=https://randomuser.me/api 
 status=200, reason=OK 
 headers={'Date': 'Mon, 15 Apr 2024 03:48:53 GMT', 'Content-Type': 'application/json; charset=utf-8', 'Transfer-Encoding': 'chunked', 'Connection': 'keep-alive', 'X-Powered-By': 'Express', 'Access-Control-Allow-Origin': '*', 'Cache-Control': 'no-cache', 'ETag': 'W/"492-+llNbmNqz8trhzHAp1cvzC9GMPM"', 'Vary': 'Accept-Encoding', 'Content-Encoding': 'gzip', 'CF-Cache-Status': 'DYNAMIC', 'Report-To': '{"endpoints":[{"url":"https:\\/\\/a.nel.cloudflare.com\\/report\\/v4?s=waVYMxZxf42VGKAKk0MiJxlrlME%2FfCzSatB09e%2BFDnYmRx3WFLHreRwU0c9IH4dE4zbUy0tn9YtquKPu10%2FeDIXt2pOU5S8K38zwa06cAinFjflhJXFeQn9NhZJxdrxh"}],"group":"cf-nel","max_age":604800}', 'NEL': '{"success_fraction":0,"report_to":"cf-nel","max_age":604800}', 'Server': 'cloudflare', 'CF-RAY': '8748f6697f49db8a-LAX', 'alt-svc': 'h3=":443"; ma=86400'} 
 body={"results":[{"gender":"female","name":{"title":"Miss","first":"Lillie","last":"Ferguson"},"location":{"street":{"number":61,"name":"College St"},"city":"Nashville","state":"Arkansas","country":"United States","postcode":92513,"coordinates":{"latitude":"86.4966","longitude":"68.2926"},"timezone":{"offset":"-12:00","description":"Eniwetok, Kwajalein"}},"email":"lillie.ferguson@example.com","login":{"uuid":"93300190-e2be-4a57-af0f-1624846fc4f4","username":"whitebutterfly465","password":"1022","salt":"lU4QwCl8","md5":"98ac8e04041bb05cc83c74065ab8cd25","sha1":"4bc386d52c6de6d61821a6efd78ad5d6ae21ff76","sha256":"e8e07694456b33bcd0b6a6df817ca3186183a5bdd77886f61713635164ac4aed"},"dob":{"date":"1955-02-23T23:13:55.594Z","age":69},"registered":{"date":"2008-03-03T08:10:31.319Z","age":16},"phone":"(439) 839-2517","cell":"(474) 879-6182","id":{"name":"SSN","value":"709-66-2565"},"picture":{"large":"https://randomuser.me/api/portraits/women/50.jpg","medium":"https://randomuser.me/api/portraits/med/women/50.jpg","thumbnail":"https://randomuser.me/api/portraits/thumb/women/50.jpg"},"nat":"US"}],"info":{"seed":"2d6f9e90447a5466","results":1,"page":1,"version":"1.4"}} 
 </msg>
<msg time="2024-04-15T03:48:53.452245" level="INFO">/opt/hostedtoolcache/Python/3.12.2/x64/lib/python3.12/site-packages/urllib3/connectionpool.py:1103: InsecureRequestWarning: Unverified HTTPS request is being made to host 'randomuser.me'. Adding certificate verification is strongly advised. See: https://urllib3.readthedocs.io/en/latest/advanced-usage.html#tls-warnings
  warnings.warn(</msg>
<msg time="2024-04-15T03:48:53.452367" level="INFO">${response} = &lt;Response [200]&gt;</msg>
<var>${response}</var>
<arg>consultarAPI</arg>
<arg>/api</arg>
<doc>Sends a GET request on a previously created HTTP Session.</doc>
<status status="PASS" start="2024-04-15T03:48:53.355333" elapsed="0.097073"/>
</kw>
<kw name="Set Variable" owner="BuiltIn">
<msg time="2024-04-15T03:48:53.453636" level="INFO">${json_data} = {'results': [{'gender': 'female', 'name': {'title': 'Miss', 'first': 'Lillie', 'last': 'Ferguson'}, 'location': {'street': {'number': 61, 'name': 'College St'}, 'city': 'Nashville', 'state': 'Arkansas...</msg>
<var>${json_data}</var>
<arg>${response.json()}</arg>
<doc>Returns the given values which can then be assigned to a variables.</doc>
<status status="PASS" start="2024-04-15T03:48:53.453048" elapsed="0.000617"/>
</kw>
<kw name="Log" owner="BuiltIn">
<msg time="2024-04-15T03:48:53.454135" level="INFO">{'results': [{'gender': 'female', 'name': {'title': 'Miss', 'first': 'Lillie', 'last': 'Ferguson'}, 'location': {'street': {'number': 61, 'name': 'College St'}, 'city': 'Nashville', 'state': 'Arkansas', 'country': 'United States', 'postcode': 92513, 'coordinates': {'latitude': '86.4966', 'longitude': '68.2926'}, 'timezone': {'offset': '-12:00', 'description': 'Eniwetok, Kwajalein'}}, 'email': 'lillie.ferguson@example.com', 'login': {'uuid': '93300190-e2be-4a57-af0f-1624846fc4f4', 'username': 'whitebutterfly465', 'password': '1022', 'salt': 'lU4QwCl8', 'md5': '98ac8e04041bb05cc83c74065ab8cd25', 'sha1': '4bc386d52c6de6d61821a6efd78ad5d6ae21ff76', 'sha256': 'e8e07694456b33bcd0b6a6df817ca3186183a5bdd77886f61713635164ac4aed'}, 'dob': {'date': '1955-02-23T23:13:55.594Z', 'age': 69}, 'registered': {'date': '2008-03-03T08:10:31.319Z', 'age': 16}, 'phone': '(439) 839-2517', 'cell': '(474) 879-6182', 'id': {'name': 'SSN', 'value': '709-66-2565'}, 'picture': {'large': 'https://randomuser.me/api/portraits/women/50.jpg', 'medium': 'https://randomuser.me/api/portraits/med/women/50.jpg', 'thumbnail': 'https://randomuser.me/api/portraits/thumb/women/50.jpg'}, 'nat': 'US'}], 'info': {'seed': '2d6f9e90447a5466', 'results': 1, 'page': 1, 'version': '1.4'}}</msg>
<arg>${json_data}</arg>
<doc>Logs the given message with the given level.</doc>
<status status="PASS" start="2024-04-15T03:48:53.453978" elapsed="0.000239"/>
</kw>
<kw name="Should Be Equal As Numbers" owner="BuiltIn">
<arg>${json_data['results'][0]['location']['postcode']}</arg>
<arg>${json_data['results'][0]['location']['postcode']}</arg>
<doc>Fails if objects are unequal after converting them to real numbers.</doc>
<status status="PASS" start="2024-04-15T03:48:53.454517" elapsed="0.000665"/>
</kw>
<kw name="Log" owner="BuiltIn">
<msg time="2024-04-15T03:48:53.455713" level="INFO">92513</msg>
<arg>${json_data['results'][0]['location']['postcode']}</arg>
<doc>Logs the given message with the given level.</doc>
<status status="PASS" start="2024-04-15T03:48:53.455373" elapsed="0.000380"/>
</kw>
<status status="PASS" start="2024-04-15T03:48:53.355089" elapsed="0.100922"/>
</kw>
<doc>Testa se os tipos de dados na resposta da API estão corretos.</doc>
<tag>testeTiposDados</tag>
<status status="PASS" start="2024-04-15T03:48:53.238455" elapsed="0.217734"/>
</test>
<test id="s1-s1-t5" name="Validar conteudo" line="35">
<kw name="Teste de Tipos de Conteudo" owner="random-user-service">
<kw name="GET On Session" owner="RequestsLibrary">
<msg time="2024-04-15T03:48:53.557599" level="INFO">GET Request : url=https://randomuser.me/api 
 path_url=/api 
 headers={'User-Agent': 'python-requests/2.31.0', 'Accept-Encoding': 'gzip, deflate', 'Accept': '*/*', 'Connection': 'keep-alive'} 
 body=None 
 </msg>
<msg time="2024-04-15T03:48:53.557687" level="INFO">GET Response : url=https://randomuser.me/api 
 status=200, reason=OK 
 headers={'Date': 'Mon, 15 Apr 2024 03:48:53 GMT', 'Content-Type': 'application/json; charset=utf-8', 'Transfer-Encoding': 'chunked', 'Connection': 'keep-alive', 'X-Powered-By': 'Express', 'Access-Control-Allow-Origin': '*', 'Cache-Control': 'no-cache', 'ETag': 'W/"470-lfzQsJ7L8icBvRRYR5BsAWs5suQ"', 'Vary': 'Accept-Encoding', 'Content-Encoding': 'gzip', 'CF-Cache-Status': 'DYNAMIC', 'Report-To': '{"endpoints":[{"url":"https:\\/\\/a.nel.cloudflare.com\\/report\\/v4?s=OOZx5lroWuTZaav%2B1Q5C1lPrphEMIP%2FLYU3tN2OB8EGyIcBJJyI3U2IuXf0AwgZ0PiDnRMjCRush2hRc2GEFiKn9f%2FdLOepbvNAadmvsAgDxM%2FsIuFxCKjdE5YNVcQJx"}],"group":"cf-nel","max_age":604800}', 'NEL': '{"success_fraction":0,"report_to":"cf-nel","max_age":604800}', 'Server': 'cloudflare', 'CF-RAY': '8748f66a2874db8a-LAX', 'alt-svc': 'h3=":443"; ma=86400'} 
 body={"results":[{"gender":"male","name":{"title":"Mr","first":"Kurt","last":"Moreno"},"location":{"street":{"number":8859,"name":"Poplar Dr"},"city":"Devonport","state":"Western Australia","country":"Australia","postcode":1000,"coordinates":{"latitude":"-89.9650","longitude":"-127.2619"},"timezone":{"offset":"+4:30","description":"Kabul"}},"email":"kurt.moreno@example.com","login":{"uuid":"99aea5ea-832a-4cf5-8183-02efa2b6c20a","username":"orangeduck100","password":"auburn","salt":"HmhPU0wr","md5":"17f67f1382b1aa63a2c92b83f90eec86","sha1":"fc74be50d4ffb29c70180324f25d91ba811a8c08","sha256":"db75a2b94e8d579fca70bd6ba56f6ef2844fa28488683bff23e732be3307b881"},"dob":{"date":"1954-08-08T15:12:47.323Z","age":69},"registered":{"date":"2020-01-10T04:26:15.978Z","age":4},"phone":"06-1747-1064","cell":"0471-262-414","id":{"name":"TFN","value":"878551562"},"picture":{"large":"https://randomuser.me/api/portraits/men/95.jpg","medium":"https://randomuser.me/api/portraits/med/men/95.jpg","thumbnail":"https://randomuser.me/api/portraits/thumb/men/95.jpg"},"nat":"AU"}],"info":{"seed":"128df831905e71f4","results":1,"page":1,"version":"1.4"}} 
 </msg>
<msg time="2024-04-15T03:48:53.557753" level="INFO">/opt/hostedtoolcache/Python/3.12.2/x64/lib/python3.12/site-packages/urllib3/connectionpool.py:1103: InsecureRequestWarning: Unverified HTTPS request is being made to host 'randomuser.me'. Adding certificate verification is strongly advised. See: https://urllib3.readthedocs.io/en/latest/advanced-usage.html#tls-warnings
  warnings.warn(</msg>
<msg time="2024-04-15T03:48:53.557867" level="INFO">${response} = &lt;Response [200]&gt;</msg>
<var>${response}</var>
<arg>consultarAPI</arg>
<arg>/api</arg>
<doc>Sends a GET request on a previously created HTTP Session.</doc>
<status status="PASS" start="2024-04-15T03:48:53.458736" elapsed="0.099171"/>
</kw>
<kw name="Set Variable" owner="BuiltIn">
<msg time="2024-04-15T03:48:53.559082" level="INFO">${json_data} = {'results': [{'gender': 'male', 'name': {'title': 'Mr', 'first': 'Kurt', 'last': 'Moreno'}, 'location': {'street': {'number': 8859, 'name': 'Poplar Dr'}, 'city': 'Devonport', 'state': 'Western Austral...</msg>
<var>${json_data}</var>
<arg>${response.json()}</arg>
<doc>Returns the given values which can then be assigned to a variables.</doc>
<status status="PASS" start="2024-04-15T03:48:53.558490" elapsed="0.000621"/>
</kw>
<kw name="Set Variable" owner="BuiltIn">
<msg time="2024-04-15T03:48:53.559811" level="INFO">${name_title} = Mr</msg>
<var>${name_title}</var>
<arg>${json_data["results"][0]["name"]["title"]}</arg>
<doc>Returns the given values which can then be assigned to a variables.</doc>
<status status="PASS" start="2024-04-15T03:48:53.559427" elapsed="0.000410"/>
</kw>
<kw name="Create List" owner="BuiltIn">
<msg time="2024-04-15T03:48:53.560295" level="INFO">${allowed_titles} = ['Mr', 'Ms', 'Miss', 'Mrs', 'Madame', 'Monsieur']</msg>
<var>${allowed_titles}</var>
<arg>Mr</arg>
<arg>Ms</arg>
<arg>Miss</arg>
<arg>Mrs</arg>
<arg>Madame</arg>
<arg>Monsieur</arg>
<doc>Returns a list containing given items.</doc>
<status status="PASS" start="2024-04-15T03:48:53.560146" elapsed="0.000173"/>
</kw>
<kw name="List Should Contain Value" owner="Collections">
<msg time="2024-04-15T03:48:53.560804" level="INFO">False</msg>
<arg>${allowed_titles}</arg>
<arg>${name_title}</arg>
<doc>Fails if the ``value`` is not found from ``list``.</doc>
<status status="PASS" start="2024-04-15T03:48:53.560630" elapsed="0.000211"/>
</kw>
<kw name="Set Variable" owner="BuiltIn">
<msg time="2024-04-15T03:48:53.561576" level="INFO">${name_country} = AU</msg>
<var>${name_country}</var>
<arg>${json_data["results"][0]["nat"]}</arg>
<doc>Returns the given values which can then be assigned to a variables.</doc>
<status status="PASS" start="2024-04-15T03:48:53.561181" elapsed="0.000421"/>
</kw>
<kw name="Create List" owner="BuiltIn">
<msg time="2024-04-15T03:48:53.562507" level="INFO">${list_country} = ['AD', 'AE', 'AF', 'AG', 'AI', 'AL', 'AM', 'AO', 'AQ', 'AR', 'AS', 'AT', 'AU', 'AW', 'AX', 'AZ', 'BA', 'BB', 'BD', 'BE', 'BF', 'BG', 'BH', 'BI', 'BJ', 'BL', 'BM', 'BN', 'BO', 'BQ', 'BR', 'BS', 'BT', '...</msg>
<var>${list_country}</var>
<arg>AD</arg>
<arg>AE</arg>
<arg>AF</arg>
<arg>AG</arg>
<arg>AI</arg>
<arg>AL</arg>
<arg>AM</arg>
<arg>AO</arg>
<arg>AQ</arg>
<arg>AR</arg>
<arg>AS</arg>
<arg>AT</arg>
<arg>AU</arg>
<arg>AW</arg>
<arg>AX</arg>
<arg>AZ</arg>
<arg>BA</arg>
<arg>BB</arg>
<arg>BD</arg>
<arg>BE</arg>
<arg>BF</arg>
<arg>BG</arg>
<arg>BH</arg>
<arg>BI</arg>
<arg>BJ</arg>
<arg>BL</arg>
<arg>BM</arg>
<arg>BN</arg>
<arg>BO</arg>
<arg>BQ</arg>
<arg>BR</arg>
<arg>BS</arg>
<arg>BT</arg>
<arg>BV</arg>
<arg>BW</arg>
<arg>BY</arg>
<arg>BZ</arg>
<arg>CA</arg>
<arg>CC</arg>
<arg>CD</arg>
<arg>CF</arg>
<arg>CG</arg>
<arg>CH</arg>
<arg>CI</arg>
<arg>CK</arg>
<arg>CL</arg>
<arg>CM</arg>
<arg>CN</arg>
<arg>CO</arg>
<arg>CR</arg>
<arg>CU</arg>
<arg>CV</arg>
<arg>CW</arg>
<arg>CX</arg>
<arg>CY</arg>
<arg>CZ</arg>
<arg>DE</arg>
<arg>DJ</arg>
<arg>DK</arg>
<arg>DM</arg>
<arg>DO</arg>
<arg>DZ</arg>
<arg>EC</arg>
<arg>EE</arg>
<arg>EG</arg>
<arg>EH</arg>
<arg>ER</arg>
<arg>ES</arg>
<arg>ET</arg>
<arg>FI</arg>
<arg>FJ</arg>
<arg>FK</arg>
<arg>FM</arg>
<arg>FO</arg>
<arg>FR</arg>
<arg>GA</arg>
<arg>GB</arg>
<arg>GD</arg>
<arg>GE</arg>
<arg>GF</arg>
<arg>GG</arg>
<arg>GH</arg>
<arg>GI</arg>
<arg>GL</arg>
<arg>GM</arg>
<arg>GN</arg>
<arg>GP</arg>
<arg>GQ</arg>
<arg>GR</arg>
<arg>GS</arg>
<arg>GT</arg>
<arg>GU</arg>
<arg>GW</arg>
<arg>GY</arg>
<arg>HK</arg>
<arg>HM</arg>
<arg>HN</arg>
<arg>HR</arg>
<arg>HT</arg>
<arg>HU</arg>
<arg>ID</arg>
<arg>IE</arg>
<arg>IL</arg>
<arg>IM</arg>
<arg>IN</arg>
<arg>IO</arg>
<arg>IQ</arg>
<arg>IR</arg>
<arg>IS</arg>
<arg>IT</arg>
<arg>JE</arg>
<arg>JM</arg>
<arg>JO</arg>
<arg>JP</arg>
<arg>KE</arg>
<arg>KG</arg>
<arg>KH</arg>
<arg>KI</arg>
<arg>KM</arg>
<arg>KN</arg>
<arg>KP</arg>
<arg>KR</arg>
<arg>KW</arg>
<arg>KY</arg>
<arg>KZ</arg>
<arg>LA</arg>
<arg>LB</arg>
<arg>LC</arg>
<arg>LI</arg>
<arg>LK</arg>
<arg>LR</arg>
<arg>LS</arg>
<arg>LT</arg>
<arg>LU</arg>
<arg>LV</arg>
<arg>LY</arg>
<arg>MA</arg>
<arg>MC</arg>
<arg>MD</arg>
<arg>ME</arg>
<arg>MF</arg>
<arg>MG</arg>
<arg>MH</arg>
<arg>MK</arg>
<arg>ML</arg>
<arg>MM</arg>
<arg>MN</arg>
<arg>MO</arg>
<arg>MP</arg>
<arg>MQ</arg>
<arg>MR</arg>
<arg>MS</arg>
<arg>MT</arg>
<arg>MU</arg>
<arg>MV</arg>
<arg>MW</arg>
<arg>MX</arg>
<arg>MY</arg>
<arg>MZ</arg>
<arg>NA</arg>
<arg>NC</arg>
<arg>NE</arg>
<arg>NF</arg>
<arg>NG</arg>
<arg>NI</arg>
<arg>NL</arg>
<arg>NO</arg>
<arg>NP</arg>
<arg>NR</arg>
<arg>NU</arg>
<arg>NZ</arg>
<arg>OM</arg>
<arg>PA</arg>
<arg>PE</arg>
<arg>PF</arg>
<arg>PG</arg>
<arg>PH</arg>
<arg>PK</arg>
<arg>PL</arg>
<arg>PM</arg>
<arg>PN</arg>
<arg>PR</arg>
<arg>PS</arg>
<arg>PT</arg>
<arg>PW</arg>
<arg>PY</arg>
<arg>QA</arg>
<arg>RE</arg>
<arg>RO</arg>
<arg>RS</arg>
<arg>RU</arg>
<arg>RW</arg>
<arg>SA</arg>
<arg>SB</arg>
<arg>SC</arg>
<arg>SD</arg>
<arg>SE</arg>
<arg>SG</arg>
<arg>SH</arg>
<arg>SI</arg>
<arg>SJ</arg>
<arg>SK</arg>
<arg>SL</arg>
<arg>SM</arg>
<arg>SN</arg>
<arg>SO</arg>
<arg>SR</arg>
<arg>SS</arg>
<arg>ST</arg>
<arg>SV</arg>
<arg>SX</arg>
<arg>SY</arg>
<arg>SZ</arg>
<arg>TC</arg>
<arg>TD</arg>
<arg>TF</arg>
<arg>TG</arg>
<arg>TH</arg>
<arg>TJ</arg>
<arg>TK</arg>
<arg>TL</arg>
<arg>TM</arg>
<arg>TN</arg>
<arg>TO</arg>
<arg>TR</arg>
<arg>TT</arg>
<arg>TV</arg>
<arg>TW</arg>
<arg>TZ</arg>
<arg>UA</arg>
<arg>UG</arg>
<arg>UM</arg>
<arg>US</arg>
<arg>UY</arg>
<arg>UZ</arg>
<arg>VA</arg>
<arg>VC</arg>
<arg>VE</arg>
<arg>VG</arg>
<arg>VI</arg>
<arg>VN</arg>
<arg>VU</arg>
<arg>WF</arg>
<arg>WS</arg>
<arg>XK</arg>
<arg>YE</arg>
<arg>YT</arg>
<arg>ZA</arg>
<arg>ZM</arg>
<arg>ZW</arg>
<doc>Returns a list containing given items.</doc>
<status status="PASS" start="2024-04-15T03:48:53.561906" elapsed="0.000627"/>
</kw>
<kw name="List Should Contain Value" owner="Collections">
<msg time="2024-04-15T03:48:53.563549" level="INFO">False</msg>
<arg>${list_country}</arg>
<arg>${name_country}</arg>
<doc>Fails if the ``value`` is not found from ``list``.</doc>
<status status="PASS" start="2024-04-15T03:48:53.563345" elapsed="0.000242"/>
</kw>
<kw name="Run Keyword If" owner="BuiltIn">
<kw name="Should Be True" owner="BuiltIn">
<arg>${True}</arg>
<doc>Fails if the given condition is not true.</doc>
<status status="PASS" start="2024-04-15T03:48:53.564788" elapsed="0.000150"/>
</kw>
<arg>${json_data["results"][0]["location"]["coordinates"]["latitude"]} &gt;= -90 and ${json_data["results"][0]["location"]["coordinates"]["latitude"]} &lt;= 90</arg>
<arg>Should Be True</arg>
<arg>${True}</arg>
<doc>Runs the given keyword with the given arguments, if ``condition`` is true.</doc>
<status status="PASS" start="2024-04-15T03:48:53.563906" elapsed="0.001165"/>
</kw>
<kw name="Run Keyword If" owner="BuiltIn">
<kw name="Should Be True" owner="BuiltIn">
<arg>${True}</arg>
<doc>Fails if the given condition is not true.</doc>
<status status="PASS" start="2024-04-15T03:48:53.565957" elapsed="0.000140"/>
</kw>
<arg>${json_data["results"][0]["location"]["coordinates"]["longitude"]} &gt;= -180 and ${json_data["results"][0]["location"]["coordinates"]["longitude"]} &lt;= 180</arg>
<arg>Should Be True</arg>
<arg>${True}</arg>
<doc>Runs the given keyword with the given arguments, if ``condition`` is true.</doc>
<status status="PASS" start="2024-04-15T03:48:53.565260" elapsed="0.000962"/>
</kw>
<status status="PASS" start="2024-04-15T03:48:53.458495" elapsed="0.107862"/>
</kw>
<doc>Testa o conteúdo específico dos campos retornados pela API.</doc>
<tag>testeConteudo</tag>
<status status="PASS" start="2024-04-15T03:48:53.457930" elapsed="0.108580"/>
</test>
<status status="PASS" start="2024-04-15T03:48:52.613990" elapsed="0.954553"/>
</suite>
<status status="PASS" start="2024-04-15T03:48:52.600041" elapsed="0.973938"/>
</suite>
<statistics>
<total>
<stat pass="5" fail="0" skip="0">All Tests</stat>
</total>
<tag>
<stat pass="1" fail="0" skip="0">testeConteudo</stat>
<stat pass="1" fail="0" skip="0">testeEstruturaResposta</stat>
<stat pass="1" fail="0" skip="0">testeRequisicaoBasica</stat>
<stat pass="1" fail="0" skip="0">testeTiposDados</stat>
</tag>
<suite>
<stat pass="5" fail="0" skip="0" id="s1" name="Tests">Tests</stat>
<stat pass="5" fail="0" skip="0" id="s1-s1" name="Random-User-Test">Tests.Random-User-Test</stat>
</suite>
</statistics>
<errors>
</errors>
</robot>
