<?xml version="1.0" encoding="UTF-8"?>
<robot generator="Robot 7.0.1 (Python 3.12.4 on linux)" generated="2024-06-26T09:17:50.279851" rpa="false" schemaversion="5">
<suite id="s1" name="Tests" source="/home/runner/work/ApiRandomUser/ApiRandomUser/RamdonUser/tests">
<suite id="s1-s1" name="Random-User-Test" source="/home/runner/work/ApiRandomUser/ApiRandomUser/RamdonUser/tests/random-user-test.robot">
<test id="s1-s1-t1" name="Conectar" line="13">
<kw name="Conectar API" owner="random-user-service">
<kw name="Create Session" owner="RequestsLibrary">
<msg time="2024-06-26T09:17:50.711112" level="INFO">Creating Session using : alias=consultarAPI, url=https://randomuser.me/, headers={},                     cookies={}, auth=None, timeout=None, proxies=None, verify=False,                     debug=0 </msg>
<arg>consultarAPI</arg>
<arg>${URL}</arg>
<doc>Create Session: create a HTTP session to a server</doc>
<status status="PASS" start="2024-06-26T09:17:50.710791" elapsed="0.000623"/>
</kw>
<status status="PASS" start="2024-06-26T09:17:50.709192" elapsed="0.002727"/>
</kw>
<status status="PASS" start="2024-06-26T09:17:50.708368" elapsed="0.003871"/>
</test>
<test id="s1-s1-t2" name="Validar retorno 200 e JSON Válido" line="16">
<kw name="Teste de Requisicao Basica" owner="random-user-service">
<kw name="GET On Session" owner="RequestsLibrary">
<msg time="2024-06-26T09:17:50.895144" level="INFO">GET Request : url=https://randomuser.me/api 
 path_url=/api 
 headers={'User-Agent': 'python-requests/2.32.3', 'Accept-Encoding': 'gzip, deflate', 'Accept': '*/*', 'Connection': 'keep-alive'} 
 body=None 
 </msg>
<msg time="2024-06-26T09:17:50.895307" level="INFO">GET Response : url=https://randomuser.me/api 
 status=200, reason=OK 
 headers={'Date': 'Wed, 26 Jun 2024 09:17:50 GMT', 'Content-Type': 'application/json; charset=utf-8', 'Transfer-Encoding': 'chunked', 'Connection': 'keep-alive', 'X-Powered-By': 'Express', 'Access-Control-Allow-Origin': '*', 'Cache-Control': 'no-cache', 'ETag': 'W/"4c2-SM/bd9LwZdW9CWz3qABnrdU6y24"', 'Vary': 'Accept-Encoding', 'Content-Encoding': 'gzip', 'CF-Cache-Status': 'DYNAMIC', 'Report-To': '{"endpoints":[{"url":"https:\\/\\/a.nel.cloudflare.com\\/report\\/v4?s=7fb6MO2WLwIakebsk%2Bk92H5ejk%2Fe8TrXgzC%2F48tTI53EMxAEEQBs858sZ0N2Lbs8FM2nBAfzVi1XyS9bXi3pCDp2e3uX1wuqkReTFeBOtecUHXL6aYGHtpiUk%2BrY8V4U"}],"group":"cf-nel","max_age":604800}', 'NEL': '{"success_fraction":0,"report_to":"cf-nel","max_age":604800}', 'Server': 'cloudflare', 'CF-RAY': '899c1b48d8ff3adb-IAD', 'alt-svc': 'h3=":443"; ma=86400'} 
 body={"results":[{"gender":"female","name":{"title":"Mrs","first":"Isabela","last":"Hernádez"},"location":{"street":{"number":8771,"name":"Ampliación Hidalgo"},"city":"Susupuato de Guerrero","state":"San Luis Potosí","country":"Mexico","postcode":62918,"coordinates":{"latitude":"24.5218","longitude":"79.0802"},"timezone":{"offset":"+8:00","description":"Beijing, Perth, Singapore, Hong Kong"}},"email":"isabela.hernadez@example.com","login":{"uuid":"868de0db-9af1-4da3-9c35-cde3d31a22ce","username":"goldenrabbit847","password":"commando","salt":"P8fZQlLX","md5":"fda4fe409d6e3127c8b89869e519bd6d","sha1":"b922adc6c834a81a533eec34520174c79fa2d22b","sha256":"27d44784c3dd49d502a25f5f2b92ebc97462e5861c3450307689c2c9d4022357"},"dob":{"date":"1996-10-30T04:36:45.908Z","age":27},"registered":{"date":"2006-09-16T05:23:35.378Z","age":17},"phone":"(620) 611 8922","cell":"(613) 163 2807","id":{"name":"NSS","value":"05 03 97 4643 1"},"picture":{"large":"https://randomuser.me/api/portraits/women/84.jpg","medium":"https://randomuser.me/api/portraits/med/women/84.jpg","thumbnail":"https://randomuser.me/api/portraits/thumb/women/84.jpg"},"nat":"MX"}],"info":{"seed":"5b08ce07c6f00adf","results":1,"page":1,"version":"1.4"}} 
 </msg>
<msg time="2024-06-26T09:17:50.895393" level="INFO">/opt/hostedtoolcache/Python/3.12.4/x64/lib/python3.12/site-packages/urllib3/connectionpool.py:1099: InsecureRequestWarning: Unverified HTTPS request is being made to host 'randomuser.me'. Adding certificate verification is strongly advised. See: https://urllib3.readthedocs.io/en/latest/advanced-usage.html#tls-warnings
  warnings.warn(</msg>
<msg time="2024-06-26T09:17:50.895542" level="INFO">${response} = &lt;Response [200]&gt;</msg>
<var>${response}</var>
<arg>consultarAPI</arg>
<arg>/api</arg>
<doc>Sends a GET request on a previously created HTTP Session.</doc>
<status status="PASS" start="2024-06-26T09:17:50.716595" elapsed="0.178991"/>
</kw>
<kw name="Should Be Equal As Numbers" owner="BuiltIn">
<msg time="2024-06-26T09:17:50.896771" level="INFO">Argument types are:
&lt;class 'int'&gt;
&lt;class 'str'&gt;</msg>
<arg>${response.status_code}</arg>
<arg>200</arg>
<doc>Fails if objects are unequal after converting them to real numbers.</doc>
<status status="PASS" start="2024-06-26T09:17:50.896255" elapsed="0.000581"/>
</kw>
<kw name="Log" owner="BuiltIn">
<msg time="2024-06-26T09:17:50.897515" level="INFO">200</msg>
<arg>${response.status_code}</arg>
<doc>Logs the given message with the given level.</doc>
<status status="PASS" start="2024-06-26T09:17:50.897157" elapsed="0.000399"/>
</kw>
<kw name="Set Variable" owner="BuiltIn">
<msg time="2024-06-26T09:17:50.898315" level="INFO">${json_data} = {'results': [{'gender': 'female', 'name': {'title': 'Mrs', 'first': 'Isabela', 'last': 'Hernádez'}, 'location': {'street': {'number': 8771, 'name': 'Ampliación Hidalgo'}, 'city': 'Susupuato de Guerrer...</msg>
<var>${json_data}</var>
<arg>${response.json()}</arg>
<doc>Returns the given values which can then be assigned to a variables.</doc>
<status status="PASS" start="2024-06-26T09:17:50.897858" elapsed="0.000489"/>
</kw>
<kw name="Dictionary Should Contain Key" owner="Collections">
<arg>${json_data}</arg>
<arg>results</arg>
<doc>Fails if ``key`` is not found from ``dictionary``.</doc>
<status status="PASS" start="2024-06-26T09:17:50.898638" elapsed="0.000160"/>
</kw>
<status status="PASS" start="2024-06-26T09:17:50.716163" elapsed="0.182790"/>
</kw>
<doc>Testa se a API responde corretamente e retorna um objeto JSON válido.</doc>
<tag>testeRequisicaoBasica</tag>
<status status="PASS" start="2024-06-26T09:17:50.715480" elapsed="0.183645"/>
</test>
<test id="s1-s1-t3" name="Validar estrutura de resposta" line="22">
<kw name="Teste de Estrutura de Resposta" owner="random-user-service">
<kw name="GET On Session" owner="RequestsLibrary">
<msg time="2024-06-26T09:17:51.001738" level="INFO">GET Request : url=https://randomuser.me/api 
 path_url=/api 
 headers={'User-Agent': 'python-requests/2.32.3', 'Accept-Encoding': 'gzip, deflate', 'Accept': '*/*', 'Connection': 'keep-alive'} 
 body=None 
 </msg>
<msg time="2024-06-26T09:17:51.001853" level="INFO">GET Response : url=https://randomuser.me/api 
 status=200, reason=OK 
 headers={'Date': 'Wed, 26 Jun 2024 09:17:50 GMT', 'Content-Type': 'application/json; charset=utf-8', 'Transfer-Encoding': 'chunked', 'Connection': 'keep-alive', 'X-Powered-By': 'Express', 'Access-Control-Allow-Origin': '*', 'Cache-Control': 'no-cache', 'ETag': 'W/"495-kgkQ6vbWPioHC0wRjDAMkAMTllQ"', 'Vary': 'Accept-Encoding', 'Content-Encoding': 'gzip', 'CF-Cache-Status': 'DYNAMIC', 'Report-To': '{"endpoints":[{"url":"https:\\/\\/a.nel.cloudflare.com\\/report\\/v4?s=z96y%2FIBYyI%2FqM3bnZ%2FVS3NkhfbPTftANcuZ8tYk8KqZ%2Fi%2BuQgydoWRxWmDXGd%2FKyBN4V19gZ0vxvsE%2FT%2FW3G0u8jf3ivFHx1NjV8PxFaWC4NYJ4%2BFRtX78ugKaZdvV0f"}],"group":"cf-nel","max_age":604800}', 'NEL': '{"success_fraction":0,"report_to":"cf-nel","max_age":604800}', 'Server': 'cloudflare', 'CF-RAY': '899c1b49292b3adb-IAD', 'alt-svc': 'h3=":443"; ma=86400'} 
 body={"results":[{"gender":"female","name":{"title":"Miss","first":"Iiris","last":"Laitinen"},"location":{"street":{"number":4067,"name":"Satakennankatu"},"city":"Inari","state":"Satakunta","country":"Finland","postcode":94827,"coordinates":{"latitude":"-24.9824","longitude":"102.2520"},"timezone":{"offset":"-8:00","description":"Pacific Time (US &amp; Canada)"}},"email":"iiris.laitinen@example.com","login":{"uuid":"56426c2a-fdc3-4b59-8b88-f6cbdd6e9385","username":"orangezebra480","password":"lonely","salt":"1UoQvLXR","md5":"5abfa144f1671e513a31fed519dcbdd7","sha1":"99f22f59286440f0f92327d6f11a7eca698b29a2","sha256":"8921404ef598e6707668649d3670d790267e7628dc5aca0add69757b22fade39"},"dob":{"date":"1988-06-28T22:26:00.120Z","age":35},"registered":{"date":"2016-04-08T14:49:47.924Z","age":8},"phone":"08-485-153","cell":"046-211-21-49","id":{"name":"HETU","value":"NaNNA896undefined"},"picture":{"large":"https://randomuser.me/api/portraits/women/82.jpg","medium":"https://randomuser.me/api/portraits/med/women/82.jpg","thumbnail":"https://randomuser.me/api/portraits/thumb/women/82.jpg"},"nat":"FI"}],"info":{"seed":"954c3093a33a28fc","results":1,"page":1,"version":"1.4"}} 
 </msg>
<msg time="2024-06-26T09:17:51.002008" level="INFO">/opt/hostedtoolcache/Python/3.12.4/x64/lib/python3.12/site-packages/urllib3/connectionpool.py:1099: InsecureRequestWarning: Unverified HTTPS request is being made to host 'randomuser.me'. Adding certificate verification is strongly advised. See: https://urllib3.readthedocs.io/en/latest/advanced-usage.html#tls-warnings
  warnings.warn(</msg>
<msg time="2024-06-26T09:17:51.002155" level="INFO">${response} = &lt;Response [200]&gt;</msg>
<var>${response}</var>
<arg>consultarAPI</arg>
<arg>/api</arg>
<doc>Sends a GET request on a previously created HTTP Session.</doc>
<status status="PASS" start="2024-06-26T09:17:50.901746" elapsed="0.100448"/>
</kw>
<kw name="Set Variable" owner="BuiltIn">
<msg time="2024-06-26T09:17:51.003191" level="INFO">${json_data} = {'results': [{'gender': 'female', 'name': {'title': 'Miss', 'first': 'Iiris', 'last': 'Laitinen'}, 'location': {'street': {'number': 4067, 'name': 'Satakennankatu'}, 'city': 'Inari', 'state': 'Satakun...</msg>
<var>${json_data}</var>
<arg>${response.json()}</arg>
<doc>Returns the given values which can then be assigned to a variables.</doc>
<status status="PASS" start="2024-06-26T09:17:51.002688" elapsed="0.000530"/>
</kw>
<kw name="Log" owner="BuiltIn">
<msg time="2024-06-26T09:17:51.003682" level="INFO">{'results': [{'gender': 'female', 'name': {'title': 'Miss', 'first': 'Iiris', 'last': 'Laitinen'}, 'location': {'street': {'number': 4067, 'name': 'Satakennankatu'}, 'city': 'Inari', 'state': 'Satakunta', 'country': 'Finland', 'postcode': 94827, 'coordinates': {'latitude': '-24.9824', 'longitude': '102.2520'}, 'timezone': {'offset': '-8:00', 'description': 'Pacific Time (US &amp; Canada)'}}, 'email': 'iiris.laitinen@example.com', 'login': {'uuid': '56426c2a-fdc3-4b59-8b88-f6cbdd6e9385', 'username': 'orangezebra480', 'password': 'lonely', 'salt': '1UoQvLXR', 'md5': '5abfa144f1671e513a31fed519dcbdd7', 'sha1': '99f22f59286440f0f92327d6f11a7eca698b29a2', 'sha256': '8921404ef598e6707668649d3670d790267e7628dc5aca0add69757b22fade39'}, 'dob': {'date': '1988-06-28T22:26:00.120Z', 'age': 35}, 'registered': {'date': '2016-04-08T14:49:47.924Z', 'age': 8}, 'phone': '08-485-153', 'cell': '046-211-21-49', 'id': {'name': 'HETU', 'value': 'NaNNA896undefined'}, 'picture': {'large': 'https://randomuser.me/api/portraits/women/82.jpg', 'medium': 'https://randomuser.me/api/portraits/med/women/82.jpg', 'thumbnail': 'https://randomuser.me/api/portraits/thumb/women/82.jpg'}, 'nat': 'FI'}], 'info': {'seed': '954c3093a33a28fc', 'results': 1, 'page': 1, 'version': '1.4'}}</msg>
<arg>${json_data}</arg>
<doc>Logs the given message with the given level.</doc>
<status status="PASS" start="2024-06-26T09:17:51.003521" elapsed="0.000211"/>
</kw>
<kw name="Dictionary Should Contain Key" owner="Collections">
<arg>${json_data}</arg>
<arg>results</arg>
<doc>Fails if ``key`` is not found from ``dictionary``.</doc>
<status status="PASS" start="2024-06-26T09:17:51.004018" elapsed="0.000154"/>
</kw>
<kw name="Should Not Be Empty" owner="BuiltIn">
<msg time="2024-06-26T09:17:51.004537" level="INFO">Length is 2.</msg>
<arg>${json_data}</arg>
<doc>Verifies that the given item is not empty.</doc>
<status status="PASS" start="2024-06-26T09:17:51.004402" elapsed="0.000174"/>
</kw>
<kw name="Create List" owner="BuiltIn">
<msg time="2024-06-26T09:17:51.005015" level="INFO">${expected_keys} = ['gender', 'name', 'location', 'email', 'login']</msg>
<var>${expected_keys}</var>
<arg>gender</arg>
<arg>name</arg>
<arg>location</arg>
<arg>email</arg>
<arg>login</arg>
<doc>Returns a list containing given items.</doc>
<status status="PASS" start="2024-06-26T09:17:51.004864" elapsed="0.000175"/>
</kw>
<for flavor="IN">
<iter>
<kw name="Dictionary Should Contain Key" owner="Collections">
<arg>${json_data['results'][0]}</arg>
<arg>${key}</arg>
<doc>Fails if ``key`` is not found from ``dictionary``.</doc>
<status status="PASS" start="2024-06-26T09:17:51.005765" elapsed="0.000396"/>
</kw>
<kw name="Log" owner="BuiltIn">
<msg time="2024-06-26T09:17:51.006698" level="INFO">{'gender': 'female', 'name': {'title': 'Miss', 'first': 'Iiris', 'last': 'Laitinen'}, 'location': {'street': {'number': 4067, 'name': 'Satakennankatu'}, 'city': 'Inari', 'state': 'Satakunta', 'country': 'Finland', 'postcode': 94827, 'coordinates': {'latitude': '-24.9824', 'longitude': '102.2520'}, 'timezone': {'offset': '-8:00', 'description': 'Pacific Time (US &amp; Canada)'}}, 'email': 'iiris.laitinen@example.com', 'login': {'uuid': '56426c2a-fdc3-4b59-8b88-f6cbdd6e9385', 'username': 'orangezebra480', 'password': 'lonely', 'salt': '1UoQvLXR', 'md5': '5abfa144f1671e513a31fed519dcbdd7', 'sha1': '99f22f59286440f0f92327d6f11a7eca698b29a2', 'sha256': '8921404ef598e6707668649d3670d790267e7628dc5aca0add69757b22fade39'}, 'dob': {'date': '1988-06-28T22:26:00.120Z', 'age': 35}, 'registered': {'date': '2016-04-08T14:49:47.924Z', 'age': 8}, 'phone': '08-485-153', 'cell': '046-211-21-49', 'id': {'name': 'HETU', 'value': 'NaNNA896undefined'}, 'picture': {'large': 'https://randomuser.me/api/portraits/women/82.jpg', 'medium': 'https://randomuser.me/api/portraits/med/women/82.jpg', 'thumbnail': 'https://randomuser.me/api/portraits/thumb/women/82.jpg'}, 'nat': 'FI'}</msg>
<arg>${json_data['results'][0]}</arg>
<doc>Logs the given message with the given level.</doc>
<status status="PASS" start="2024-06-26T09:17:51.006346" elapsed="0.000401"/>
</kw>
<kw name="Log" owner="BuiltIn">
<msg time="2024-06-26T09:17:51.007160" level="INFO">gender</msg>
<arg>${key}</arg>
<doc>Logs the given message with the given level.</doc>
<status status="PASS" start="2024-06-26T09:17:51.007034" elapsed="0.000164"/>
</kw>
<var name="${key}">gender</var>
<status status="PASS" start="2024-06-26T09:17:51.005644" elapsed="0.001768"/>
</iter>
<iter>
<kw name="Dictionary Should Contain Key" owner="Collections">
<arg>${json_data['results'][0]}</arg>
<arg>${key}</arg>
<doc>Fails if ``key`` is not found from ``dictionary``.</doc>
<status status="PASS" start="2024-06-26T09:17:51.007705" elapsed="0.000385"/>
</kw>
<kw name="Log" owner="BuiltIn">
<msg time="2024-06-26T09:17:51.008679" level="INFO">{'gender': 'female', 'name': {'title': 'Miss', 'first': 'Iiris', 'last': 'Laitinen'}, 'location': {'street': {'number': 4067, 'name': 'Satakennankatu'}, 'city': 'Inari', 'state': 'Satakunta', 'country': 'Finland', 'postcode': 94827, 'coordinates': {'latitude': '-24.9824', 'longitude': '102.2520'}, 'timezone': {'offset': '-8:00', 'description': 'Pacific Time (US &amp; Canada)'}}, 'email': 'iiris.laitinen@example.com', 'login': {'uuid': '56426c2a-fdc3-4b59-8b88-f6cbdd6e9385', 'username': 'orangezebra480', 'password': 'lonely', 'salt': '1UoQvLXR', 'md5': '5abfa144f1671e513a31fed519dcbdd7', 'sha1': '99f22f59286440f0f92327d6f11a7eca698b29a2', 'sha256': '8921404ef598e6707668649d3670d790267e7628dc5aca0add69757b22fade39'}, 'dob': {'date': '1988-06-28T22:26:00.120Z', 'age': 35}, 'registered': {'date': '2016-04-08T14:49:47.924Z', 'age': 8}, 'phone': '08-485-153', 'cell': '046-211-21-49', 'id': {'name': 'HETU', 'value': 'NaNNA896undefined'}, 'picture': {'large': 'https://randomuser.me/api/portraits/women/82.jpg', 'medium': 'https://randomuser.me/api/portraits/med/women/82.jpg', 'thumbnail': 'https://randomuser.me/api/portraits/thumb/women/82.jpg'}, 'nat': 'FI'}</msg>
<arg>${json_data['results'][0]}</arg>
<doc>Logs the given message with the given level.</doc>
<status status="PASS" start="2024-06-26T09:17:51.008292" elapsed="0.000446"/>
</kw>
<kw name="Log" owner="BuiltIn">
<msg time="2024-06-26T09:17:51.009159" level="INFO">name</msg>
<arg>${key}</arg>
<doc>Logs the given message with the given level.</doc>
<status status="PASS" start="2024-06-26T09:17:51.009032" elapsed="0.000163"/>
</kw>
<var name="${key}">name</var>
<status status="PASS" start="2024-06-26T09:17:51.007595" elapsed="0.001811"/>
</iter>
<iter>
<kw name="Dictionary Should Contain Key" owner="Collections">
<arg>${json_data['results'][0]}</arg>
<arg>${key}</arg>
<doc>Fails if ``key`` is not found from ``dictionary``.</doc>
<status status="PASS" start="2024-06-26T09:17:51.009691" elapsed="0.000378"/>
</kw>
<kw name="Log" owner="BuiltIn">
<msg time="2024-06-26T09:17:51.010591" level="INFO">{'gender': 'female', 'name': {'title': 'Miss', 'first': 'Iiris', 'last': 'Laitinen'}, 'location': {'street': {'number': 4067, 'name': 'Satakennankatu'}, 'city': 'Inari', 'state': 'Satakunta', 'country': 'Finland', 'postcode': 94827, 'coordinates': {'latitude': '-24.9824', 'longitude': '102.2520'}, 'timezone': {'offset': '-8:00', 'description': 'Pacific Time (US &amp; Canada)'}}, 'email': 'iiris.laitinen@example.com', 'login': {'uuid': '56426c2a-fdc3-4b59-8b88-f6cbdd6e9385', 'username': 'orangezebra480', 'password': 'lonely', 'salt': '1UoQvLXR', 'md5': '5abfa144f1671e513a31fed519dcbdd7', 'sha1': '99f22f59286440f0f92327d6f11a7eca698b29a2', 'sha256': '8921404ef598e6707668649d3670d790267e7628dc5aca0add69757b22fade39'}, 'dob': {'date': '1988-06-28T22:26:00.120Z', 'age': 35}, 'registered': {'date': '2016-04-08T14:49:47.924Z', 'age': 8}, 'phone': '08-485-153', 'cell': '046-211-21-49', 'id': {'name': 'HETU', 'value': 'NaNNA896undefined'}, 'picture': {'large': 'https://randomuser.me/api/portraits/women/82.jpg', 'medium': 'https://randomuser.me/api/portraits/med/women/82.jpg', 'thumbnail': 'https://randomuser.me/api/portraits/thumb/women/82.jpg'}, 'nat': 'FI'}</msg>
<arg>${json_data['results'][0]}</arg>
<doc>Logs the given message with the given level.</doc>
<status status="PASS" start="2024-06-26T09:17:51.010247" elapsed="0.000392"/>
</kw>
<kw name="Log" owner="BuiltIn">
<msg time="2024-06-26T09:17:51.011049" level="INFO">location</msg>
<arg>${key}</arg>
<doc>Logs the given message with the given level.</doc>
<status status="PASS" start="2024-06-26T09:17:51.010925" elapsed="0.000160"/>
</kw>
<var name="${key}">location</var>
<status status="PASS" start="2024-06-26T09:17:51.009585" elapsed="0.001710"/>
</iter>
<iter>
<kw name="Dictionary Should Contain Key" owner="Collections">
<arg>${json_data['results'][0]}</arg>
<arg>${key}</arg>
<doc>Fails if ``key`` is not found from ``dictionary``.</doc>
<status status="PASS" start="2024-06-26T09:17:51.011568" elapsed="0.000376"/>
</kw>
<kw name="Log" owner="BuiltIn">
<msg time="2024-06-26T09:17:51.012491" level="INFO">{'gender': 'female', 'name': {'title': 'Miss', 'first': 'Iiris', 'last': 'Laitinen'}, 'location': {'street': {'number': 4067, 'name': 'Satakennankatu'}, 'city': 'Inari', 'state': 'Satakunta', 'country': 'Finland', 'postcode': 94827, 'coordinates': {'latitude': '-24.9824', 'longitude': '102.2520'}, 'timezone': {'offset': '-8:00', 'description': 'Pacific Time (US &amp; Canada)'}}, 'email': 'iiris.laitinen@example.com', 'login': {'uuid': '56426c2a-fdc3-4b59-8b88-f6cbdd6e9385', 'username': 'orangezebra480', 'password': 'lonely', 'salt': '1UoQvLXR', 'md5': '5abfa144f1671e513a31fed519dcbdd7', 'sha1': '99f22f59286440f0f92327d6f11a7eca698b29a2', 'sha256': '8921404ef598e6707668649d3670d790267e7628dc5aca0add69757b22fade39'}, 'dob': {'date': '1988-06-28T22:26:00.120Z', 'age': 35}, 'registered': {'date': '2016-04-08T14:49:47.924Z', 'age': 8}, 'phone': '08-485-153', 'cell': '046-211-21-49', 'id': {'name': 'HETU', 'value': 'NaNNA896undefined'}, 'picture': {'large': 'https://randomuser.me/api/portraits/women/82.jpg', 'medium': 'https://randomuser.me/api/portraits/med/women/82.jpg', 'thumbnail': 'https://randomuser.me/api/portraits/thumb/women/82.jpg'}, 'nat': 'FI'}</msg>
<arg>${json_data['results'][0]}</arg>
<doc>Logs the given message with the given level.</doc>
<status status="PASS" start="2024-06-26T09:17:51.012125" elapsed="0.000415"/>
</kw>
<kw name="Log" owner="BuiltIn">
<msg time="2024-06-26T09:17:51.012950" level="INFO">email</msg>
<arg>${key}</arg>
<doc>Logs the given message with the given level.</doc>
<status status="PASS" start="2024-06-26T09:17:51.012826" elapsed="0.000161"/>
</kw>
<var name="${key}">email</var>
<status status="PASS" start="2024-06-26T09:17:51.011461" elapsed="0.001734"/>
</iter>
<iter>
<kw name="Dictionary Should Contain Key" owner="Collections">
<arg>${json_data['results'][0]}</arg>
<arg>${key}</arg>
<doc>Fails if ``key`` is not found from ``dictionary``.</doc>
<status status="PASS" start="2024-06-26T09:17:51.013467" elapsed="0.000382"/>
</kw>
<kw name="Log" owner="BuiltIn">
<msg time="2024-06-26T09:17:51.014375" level="INFO">{'gender': 'female', 'name': {'title': 'Miss', 'first': 'Iiris', 'last': 'Laitinen'}, 'location': {'street': {'number': 4067, 'name': 'Satakennankatu'}, 'city': 'Inari', 'state': 'Satakunta', 'country': 'Finland', 'postcode': 94827, 'coordinates': {'latitude': '-24.9824', 'longitude': '102.2520'}, 'timezone': {'offset': '-8:00', 'description': 'Pacific Time (US &amp; Canada)'}}, 'email': 'iiris.laitinen@example.com', 'login': {'uuid': '56426c2a-fdc3-4b59-8b88-f6cbdd6e9385', 'username': 'orangezebra480', 'password': 'lonely', 'salt': '1UoQvLXR', 'md5': '5abfa144f1671e513a31fed519dcbdd7', 'sha1': '99f22f59286440f0f92327d6f11a7eca698b29a2', 'sha256': '8921404ef598e6707668649d3670d790267e7628dc5aca0add69757b22fade39'}, 'dob': {'date': '1988-06-28T22:26:00.120Z', 'age': 35}, 'registered': {'date': '2016-04-08T14:49:47.924Z', 'age': 8}, 'phone': '08-485-153', 'cell': '046-211-21-49', 'id': {'name': 'HETU', 'value': 'NaNNA896undefined'}, 'picture': {'large': 'https://randomuser.me/api/portraits/women/82.jpg', 'medium': 'https://randomuser.me/api/portraits/med/women/82.jpg', 'thumbnail': 'https://randomuser.me/api/portraits/thumb/women/82.jpg'}, 'nat': 'FI'}</msg>
<arg>${json_data['results'][0]}</arg>
<doc>Logs the given message with the given level.</doc>
<status status="PASS" start="2024-06-26T09:17:51.014028" elapsed="0.000395"/>
</kw>
<kw name="Log" owner="BuiltIn">
<msg time="2024-06-26T09:17:51.014844" level="INFO">login</msg>
<arg>${key}</arg>
<doc>Logs the given message with the given level.</doc>
<status status="PASS" start="2024-06-26T09:17:51.014709" elapsed="0.000173"/>
</kw>
<var name="${key}">login</var>
<status status="PASS" start="2024-06-26T09:17:51.013360" elapsed="0.001734"/>
</iter>
<var>${key}</var>
<value>@{expected_keys}</value>
<status status="PASS" start="2024-06-26T09:17:51.005449" elapsed="0.009763"/>
</for>
<kw name="Create List" owner="BuiltIn">
<msg time="2024-06-26T09:17:51.015567" level="INFO">${expected_keysTwo} = ['username', 'password']</msg>
<var>${expected_keysTwo}</var>
<arg>username</arg>
<arg>password</arg>
<doc>Returns a list containing given items.</doc>
<status status="PASS" start="2024-06-26T09:17:51.015398" elapsed="0.000194"/>
</kw>
<for flavor="IN">
<iter>
<kw name="Dictionary Should Contain Key" owner="Collections">
<arg>${json_data['results'][0]['login']}</arg>
<arg>${keyTwo}</arg>
<doc>Fails if ``key`` is not found from ``dictionary``.</doc>
<status status="PASS" start="2024-06-26T09:17:51.016089" elapsed="0.000406"/>
</kw>
<kw name="Dictionary Should Contain Key" owner="Collections">
<arg>${json_data['results'][0]['login']}</arg>
<arg>${keyTwo}</arg>
<doc>Fails if ``key`` is not found from ``dictionary``.</doc>
<status status="PASS" start="2024-06-26T09:17:51.016673" elapsed="0.000368"/>
</kw>
<kw name="Log" owner="BuiltIn">
<msg time="2024-06-26T09:17:51.017335" level="INFO">username</msg>
<arg>${keyTwo}</arg>
<doc>Logs the given message with the given level.</doc>
<status status="PASS" start="2024-06-26T09:17:51.017217" elapsed="0.000155"/>
</kw>
<var name="${keyTwo}">username</var>
<status status="PASS" start="2024-06-26T09:17:51.015977" elapsed="0.001610"/>
</iter>
<iter>
<kw name="Dictionary Should Contain Key" owner="Collections">
<arg>${json_data['results'][0]['login']}</arg>
<arg>${keyTwo}</arg>
<doc>Fails if ``key`` is not found from ``dictionary``.</doc>
<status status="PASS" start="2024-06-26T09:17:51.017861" elapsed="0.000381"/>
</kw>
<kw name="Dictionary Should Contain Key" owner="Collections">
<arg>${json_data['results'][0]['login']}</arg>
<arg>${keyTwo}</arg>
<doc>Fails if ``key`` is not found from ``dictionary``.</doc>
<status status="PASS" start="2024-06-26T09:17:51.018415" elapsed="0.000359"/>
</kw>
<kw name="Log" owner="BuiltIn">
<msg time="2024-06-26T09:17:51.019082" level="INFO">password</msg>
<arg>${keyTwo}</arg>
<doc>Logs the given message with the given level.</doc>
<status status="PASS" start="2024-06-26T09:17:51.018965" elapsed="0.000158"/>
</kw>
<var name="${keyTwo}">password</var>
<status status="PASS" start="2024-06-26T09:17:51.017750" elapsed="0.001587"/>
</iter>
<var>${keyTwo}</var>
<value>@{expected_keysTwo}</value>
<status status="PASS" start="2024-06-26T09:17:51.015828" elapsed="0.003626"/>
</for>
<status status="PASS" start="2024-06-26T09:17:50.901517" elapsed="0.118082"/>
</kw>
<doc>Testa a estrutura da resposta da API.</doc>
<tag>testeEstruturaResposta</tag>
<status status="PASS" start="2024-06-26T09:17:50.901007" elapsed="0.118746"/>
</test>
<test id="s1-s1-t4" name="Validar tipos de dados" line="28">
<kw name="Teste de Tipos de Dados" owner="random-user-service">
<kw name="GET On Session" owner="RequestsLibrary">
<msg time="2024-06-26T09:17:51.110906" level="INFO">GET Request : url=https://randomuser.me/api 
 path_url=/api 
 headers={'User-Agent': 'python-requests/2.32.3', 'Accept-Encoding': 'gzip, deflate', 'Accept': '*/*', 'Connection': 'keep-alive'} 
 body=None 
 </msg>
<msg time="2024-06-26T09:17:51.110999" level="INFO">GET Response : url=https://randomuser.me/api 
 status=200, reason=OK 
 headers={'Date': 'Wed, 26 Jun 2024 09:17:51 GMT', 'Content-Type': 'application/json; charset=utf-8', 'Transfer-Encoding': 'chunked', 'Connection': 'keep-alive', 'X-Powered-By': 'Express', 'Access-Control-Allow-Origin': '*', 'Cache-Control': 'no-cache', 'ETag': 'W/"49e-HYnLt1Yuwg0oEcHUct6SnnWvcA8"', 'Vary': 'Accept-Encoding', 'Content-Encoding': 'gzip', 'CF-Cache-Status': 'DYNAMIC', 'Report-To': '{"endpoints":[{"url":"https:\\/\\/a.nel.cloudflare.com\\/report\\/v4?s=WTuUKXQdp0y0wPUpj8AvK6HRC35Plm5GxPwibmjBDL4LxsWNxytL9pGNpXGgpIabVtK9wHJMEeZ477rBx20JUGZjd8VtFkXE4LG5caoALDAkJnf6kGJ22phZDB5fs4Xq"}],"group":"cf-nel","max_age":604800}', 'NEL': '{"success_fraction":0,"report_to":"cf-nel","max_age":604800}', 'Server': 'cloudflare', 'CF-RAY': '899c1b49e9a93adb-IAD', 'alt-svc': 'h3=":443"; ma=86400'} 
 body={"results":[{"gender":"female","name":{"title":"Ms","first":"Lison","last":"Garnier"},"location":{"street":{"number":7255,"name":"Avenue des Ternes"},"city":"Avignon","state":"Indre","country":"France","postcode":70077,"coordinates":{"latitude":"-17.2435","longitude":"96.1128"},"timezone":{"offset":"+10:00","description":"Eastern Australia, Guam, Vladivostok"}},"email":"lison.garnier@example.com","login":{"uuid":"95deb027-a63f-4bf8-8950-fc393cf5ea74","username":"angrywolf789","password":"frank1","salt":"zl8T8FcJ","md5":"78475874016745e4167e6de6d3b82838","sha1":"2ce40ef75a3500cd84b2a636e3ee0e3e7f6a8334","sha256":"ed8ac2ba8277d62494e17d32ab22edd86fd1c0a446426f0689f1c7761f816447"},"dob":{"date":"1958-10-15T14:18:17.681Z","age":65},"registered":{"date":"2014-10-27T15:34:28.500Z","age":9},"phone":"04-93-86-43-85","cell":"06-52-53-35-10","id":{"name":"INSEE","value":"2580969544038 30"},"picture":{"large":"https://randomuser.me/api/portraits/women/23.jpg","medium":"https://randomuser.me/api/portraits/med/women/23.jpg","thumbnail":"https://randomuser.me/api/portraits/thumb/women/23.jpg"},"nat":"FR"}],"info":{"seed":"278531e45a14eb4e","results":1,"page":1,"version":"1.4"}} 
 </msg>
<msg time="2024-06-26T09:17:51.111070" level="INFO">/opt/hostedtoolcache/Python/3.12.4/x64/lib/python3.12/site-packages/urllib3/connectionpool.py:1099: InsecureRequestWarning: Unverified HTTPS request is being made to host 'randomuser.me'. Adding certificate verification is strongly advised. See: https://urllib3.readthedocs.io/en/latest/advanced-usage.html#tls-warnings
  warnings.warn(</msg>
<msg time="2024-06-26T09:17:51.111190" level="INFO">${response} = &lt;Response [200]&gt;</msg>
<var>${response}</var>
<arg>consultarAPI</arg>
<arg>/api</arg>
<doc>Sends a GET request on a previously created HTTP Session.</doc>
<status status="PASS" start="2024-06-26T09:17:51.022309" elapsed="0.088924"/>
</kw>
<kw name="Set Variable" owner="BuiltIn">
<msg time="2024-06-26T09:17:51.112521" level="INFO">${json_data} = {'results': [{'gender': 'female', 'name': {'title': 'Ms', 'first': 'Lison', 'last': 'Garnier'}, 'location': {'street': {'number': 7255, 'name': 'Avenue des Ternes'}, 'city': 'Avignon', 'state': 'Indre...</msg>
<var>${json_data}</var>
<arg>${response.json()}</arg>
<doc>Returns the given values which can then be assigned to a variables.</doc>
<status status="PASS" start="2024-06-26T09:17:51.111870" elapsed="0.000681"/>
</kw>
<kw name="Log" owner="BuiltIn">
<msg time="2024-06-26T09:17:51.113073" level="INFO">{'results': [{'gender': 'female', 'name': {'title': 'Ms', 'first': 'Lison', 'last': 'Garnier'}, 'location': {'street': {'number': 7255, 'name': 'Avenue des Ternes'}, 'city': 'Avignon', 'state': 'Indre', 'country': 'France', 'postcode': 70077, 'coordinates': {'latitude': '-17.2435', 'longitude': '96.1128'}, 'timezone': {'offset': '+10:00', 'description': 'Eastern Australia, Guam, Vladivostok'}}, 'email': 'lison.garnier@example.com', 'login': {'uuid': '95deb027-a63f-4bf8-8950-fc393cf5ea74', 'username': 'angrywolf789', 'password': 'frank1', 'salt': 'zl8T8FcJ', 'md5': '78475874016745e4167e6de6d3b82838', 'sha1': '2ce40ef75a3500cd84b2a636e3ee0e3e7f6a8334', 'sha256': 'ed8ac2ba8277d62494e17d32ab22edd86fd1c0a446426f0689f1c7761f816447'}, 'dob': {'date': '1958-10-15T14:18:17.681Z', 'age': 65}, 'registered': {'date': '2014-10-27T15:34:28.500Z', 'age': 9}, 'phone': '04-93-86-43-85', 'cell': '06-52-53-35-10', 'id': {'name': 'INSEE', 'value': '2580969544038 30'}, 'picture': {'large': 'https://randomuser.me/api/portraits/women/23.jpg', 'medium': 'https://randomuser.me/api/portraits/med/women/23.jpg', 'thumbnail': 'https://randomuser.me/api/portraits/thumb/women/23.jpg'}, 'nat': 'FR'}], 'info': {'seed': '278531e45a14eb4e', 'results': 1, 'page': 1, 'version': '1.4'}}</msg>
<arg>${json_data}</arg>
<doc>Logs the given message with the given level.</doc>
<status status="PASS" start="2024-06-26T09:17:51.112905" elapsed="0.000216"/>
</kw>
<kw name="Should Be String" owner="String">
<arg>${json_data['results'][0]['gender']}</arg>
<doc>Fails if the given ``item`` is not a string.</doc>
<status status="PASS" start="2024-06-26T09:17:51.113423" elapsed="0.000379"/>
</kw>
<kw name="Should Match Regexp" owner="BuiltIn">
<arg>${json_data['results'][0]['email']}</arg>
<arg>^[a-zA-Z0-9._%+-]+@[a-zA-Z0-9.-]+\.[a-zA-Z]{2,}$</arg>
<doc>Fails if ``string`` does not match ``pattern`` as a regular expression.</doc>
<status status="PASS" start="2024-06-26T09:17:51.114030" elapsed="0.000520"/>
</kw>
<kw name="Should Match Regexp" owner="BuiltIn">
<arg>${json_data['results'][0]['dob']['date']}</arg>
<arg>\\d{4}-\\d{2}-\\d{2}T\\d{2}:\\d{2}:\\d{2}\\.\\d{3}Z</arg>
<doc>Fails if ``string`` does not match ``pattern`` as a regular expression.</doc>
<status status="PASS" start="2024-06-26T09:17:51.114746" elapsed="0.000501"/>
</kw>
<kw name="Should Match Regexp" owner="BuiltIn">
<arg>${json_data['results'][0]['registered']['date']}</arg>
<arg>\\d{4}-\\d{2}-\\d{2}T\\d{2}:\\d{2}:\\d{2}\\.\\d{3}Z</arg>
<doc>Fails if ``string`` does not match ``pattern`` as a regular expression.</doc>
<status status="PASS" start="2024-06-26T09:17:51.115440" elapsed="0.000366"/>
</kw>
<kw name="Should Match Regexp" owner="BuiltIn">
<arg>${json_data['results'][0]['picture']['large']}</arg>
<arg>^https?://.*\.(?:png|jpe?g|gif|bmp)$</arg>
<doc>Fails if ``string`` does not match ``pattern`` as a regular expression.</doc>
<status status="PASS" start="2024-06-26T09:17:51.115993" elapsed="0.000496"/>
</kw>
<kw name="Should Match Regexp" owner="BuiltIn">
<arg>${json_data['results'][0]['picture']['medium']}</arg>
<arg>^https?://.*\.(?:png|jpe?g|gif|bmp)$</arg>
<doc>Fails if ``string`` does not match ``pattern`` as a regular expression.</doc>
<status status="PASS" start="2024-06-26T09:17:51.116678" elapsed="0.000352"/>
</kw>
<kw name="Should Match Regexp" owner="BuiltIn">
<arg>${json_data['results'][0]['picture']['thumbnail']}</arg>
<arg>^https?://.*\.(?:png|jpe?g|gif|bmp)$</arg>
<doc>Fails if ``string`` does not match ``pattern`` as a regular expression.</doc>
<status status="PASS" start="2024-06-26T09:17:51.117211" elapsed="0.000347"/>
</kw>
<kw name="Log" owner="BuiltIn">
<msg time="2024-06-26T09:17:51.118063" level="INFO">{'large': 'https://randomuser.me/api/portraits/women/23.jpg', 'medium': 'https://randomuser.me/api/portraits/med/women/23.jpg', 'thumbnail': 'https://randomuser.me/api/portraits/thumb/women/23.jpg'}</msg>
<arg>${json_data['results'][0]['picture']}</arg>
<doc>Logs the given message with the given level.</doc>
<status status="PASS" start="2024-06-26T09:17:51.117737" elapsed="0.000371"/>
</kw>
<status status="PASS" start="2024-06-26T09:17:51.022080" elapsed="0.096290"/>
</kw>
<kw name="Teste de Tipos de Dados - Postcode" owner="random-user-service">
<kw name="GET On Session" owner="RequestsLibrary">
<msg time="2024-06-26T09:17:51.190805" level="INFO">GET Request : url=https://randomuser.me/api 
 path_url=/api 
 headers={'User-Agent': 'python-requests/2.32.3', 'Accept-Encoding': 'gzip, deflate', 'Accept': '*/*', 'Connection': 'keep-alive'} 
 body=None 
 </msg>
<msg time="2024-06-26T09:17:51.190888" level="INFO">GET Response : url=https://randomuser.me/api 
 status=200, reason=OK 
 headers={'Date': 'Wed, 26 Jun 2024 09:17:51 GMT', 'Content-Type': 'application/json; charset=utf-8', 'Transfer-Encoding': 'chunked', 'Connection': 'keep-alive', 'X-Powered-By': 'Express', 'Access-Control-Allow-Origin': '*', 'Cache-Control': 'no-cache', 'ETag': 'W/"4ae-ffOoxLk0+AVZ3NRR8RwOTR1KDv4"', 'Vary': 'Accept-Encoding', 'Content-Encoding': 'gzip', 'CF-Cache-Status': 'DYNAMIC', 'Report-To': '{"endpoints":[{"url":"https:\\/\\/a.nel.cloudflare.com\\/report\\/v4?s=iwMyAsf0s7gqGrVZz2yzMUTi0we2yOVJKyzjoJ%2FIqu0JXk3BJzlp%2BhXSBtZpJNtoJiphxVJujz%2FekpdVVqglM99cCcvIuZ1wprEb%2BIhwwk7gpN8eweIi4UDP%2BUqmBZSR"}],"group":"cf-nel","max_age":604800}', 'NEL': '{"success_fraction":0,"report_to":"cf-nel","max_age":604800}', 'Server': 'cloudflare', 'CF-RAY': '899c1b4a7a0a3adb-IAD', 'alt-svc': 'h3=":443"; ma=86400'} 
 body={"results":[{"gender":"male","name":{"title":"Monsieur","first":"Maik","last":"Laurent"},"location":{"street":{"number":5199,"name":"Rue Paul-Duvivier"},"city":"Recherswil","state":"Appenzell Innerrhoden","country":"Switzerland","postcode":5539,"coordinates":{"latitude":"-63.8935","longitude":"-103.9370"},"timezone":{"offset":"+10:00","description":"Eastern Australia, Guam, Vladivostok"}},"email":"maik.laurent@example.com","login":{"uuid":"97f8fb11-35b9-4d97-b03f-525d8098bfa2","username":"brownwolf384","password":"1962","salt":"mwTIZLCS","md5":"ba6fdb6fe34b3e129476f2fde30eaa07","sha1":"cf15a36cade665befb438e37731e3792242b9baf","sha256":"71c85202d1b444308b727c67216839484a9839c6f59a4dc584a6d4cba56c1d78"},"dob":{"date":"1953-01-12T21:47:15.663Z","age":71},"registered":{"date":"2009-03-14T06:36:19.013Z","age":15},"phone":"075 656 96 18","cell":"076 049 28 04","id":{"name":"AVS","value":"756.8267.7969.88"},"picture":{"large":"https://randomuser.me/api/portraits/men/82.jpg","medium":"https://randomuser.me/api/portraits/med/men/82.jpg","thumbnail":"https://randomuser.me/api/portraits/thumb/men/82.jpg"},"nat":"CH"}],"info":{"seed":"46833c3dc0e1a4cc","results":1,"page":1,"version":"1.4"}} 
 </msg>
<msg time="2024-06-26T09:17:51.190952" level="INFO">/opt/hostedtoolcache/Python/3.12.4/x64/lib/python3.12/site-packages/urllib3/connectionpool.py:1099: InsecureRequestWarning: Unverified HTTPS request is being made to host 'randomuser.me'. Adding certificate verification is strongly advised. See: https://urllib3.readthedocs.io/en/latest/advanced-usage.html#tls-warnings
  warnings.warn(</msg>
<msg time="2024-06-26T09:17:51.191050" level="INFO">${response} = &lt;Response [200]&gt;</msg>
<var>${response}</var>
<arg>consultarAPI</arg>
<arg>/api</arg>
<doc>Sends a GET request on a previously created HTTP Session.</doc>
<status status="PASS" start="2024-06-26T09:17:51.118840" elapsed="0.072251"/>
</kw>
<kw name="Set Variable" owner="BuiltIn">
<msg time="2024-06-26T09:17:51.192271" level="INFO">${json_data} = {'results': [{'gender': 'male', 'name': {'title': 'Monsieur', 'first': 'Maik', 'last': 'Laurent'}, 'location': {'street': {'number': 5199, 'name': 'Rue Paul-Duvivier'}, 'city': 'Recherswil', 'state': ...</msg>
<var>${json_data}</var>
<arg>${response.json()}</arg>
<doc>Returns the given values which can then be assigned to a variables.</doc>
<status status="PASS" start="2024-06-26T09:17:51.191612" elapsed="0.000694"/>
</kw>
<kw name="Log" owner="BuiltIn">
<msg time="2024-06-26T09:17:51.192783" level="INFO">{'results': [{'gender': 'male', 'name': {'title': 'Monsieur', 'first': 'Maik', 'last': 'Laurent'}, 'location': {'street': {'number': 5199, 'name': 'Rue Paul-Duvivier'}, 'city': 'Recherswil', 'state': 'Appenzell Innerrhoden', 'country': 'Switzerland', 'postcode': 5539, 'coordinates': {'latitude': '-63.8935', 'longitude': '-103.9370'}, 'timezone': {'offset': '+10:00', 'description': 'Eastern Australia, Guam, Vladivostok'}}, 'email': 'maik.laurent@example.com', 'login': {'uuid': '97f8fb11-35b9-4d97-b03f-525d8098bfa2', 'username': 'brownwolf384', 'password': '1962', 'salt': 'mwTIZLCS', 'md5': 'ba6fdb6fe34b3e129476f2fde30eaa07', 'sha1': 'cf15a36cade665befb438e37731e3792242b9baf', 'sha256': '71c85202d1b444308b727c67216839484a9839c6f59a4dc584a6d4cba56c1d78'}, 'dob': {'date': '1953-01-12T21:47:15.663Z', 'age': 71}, 'registered': {'date': '2009-03-14T06:36:19.013Z', 'age': 15}, 'phone': '075 656 96 18', 'cell': '076 049 28 04', 'id': {'name': 'AVS', 'value': '756.8267.7969.88'}, 'picture': {'large': 'https://randomuser.me/api/portraits/men/82.jpg', 'medium': 'https://randomuser.me/api/portraits/med/men/82.jpg', 'thumbnail': 'https://randomuser.me/api/portraits/thumb/men/82.jpg'}, 'nat': 'CH'}], 'info': {'seed': '46833c3dc0e1a4cc', 'results': 1, 'page': 1, 'version': '1.4'}}</msg>
<arg>${json_data}</arg>
<doc>Logs the given message with the given level.</doc>
<status status="PASS" start="2024-06-26T09:17:51.192622" elapsed="0.000209"/>
</kw>
<kw name="Should Be Equal As Numbers" owner="BuiltIn">
<arg>${json_data['results'][0]['location']['postcode']}</arg>
<arg>${json_data['results'][0]['location']['postcode']}</arg>
<doc>Fails if objects are unequal after converting them to real numbers.</doc>
<status status="PASS" start="2024-06-26T09:17:51.193123" elapsed="0.000626"/>
</kw>
<kw name="Log" owner="BuiltIn">
<msg time="2024-06-26T09:17:51.194303" level="INFO">5539</msg>
<arg>${json_data['results'][0]['location']['postcode']}</arg>
<doc>Logs the given message with the given level.</doc>
<status status="PASS" start="2024-06-26T09:17:51.193964" elapsed="0.000380"/>
</kw>
<status status="PASS" start="2024-06-26T09:17:51.118604" elapsed="0.075988"/>
</kw>
<doc>Testa se os tipos de dados na resposta da API estão corretos.</doc>
<tag>testeTiposDados</tag>
<status status="PASS" start="2024-06-26T09:17:51.021526" elapsed="0.173233"/>
</test>
<test id="s1-s1-t5" name="Validar conteudo" line="35">
<kw name="Teste de Tipos de Conteudo" owner="random-user-service">
<kw name="GET On Session" owner="RequestsLibrary">
<msg time="2024-06-26T09:17:51.319967" level="INFO">GET Request : url=https://randomuser.me/api 
 path_url=/api 
 headers={'User-Agent': 'python-requests/2.32.3', 'Accept-Encoding': 'gzip, deflate', 'Accept': '*/*', 'Connection': 'keep-alive'} 
 body=None 
 </msg>
<msg time="2024-06-26T09:17:51.320069" level="INFO">GET Response : url=https://randomuser.me/api 
 status=200, reason=OK 
 headers={'Date': 'Wed, 26 Jun 2024 09:17:51 GMT', 'Content-Type': 'application/json; charset=utf-8', 'Transfer-Encoding': 'chunked', 'Connection': 'keep-alive', 'X-Powered-By': 'Express', 'Access-Control-Allow-Origin': '*', 'Cache-Control': 'no-cache', 'ETag': 'W/"479-twhBhrokJRHdc3auA/HagkbBO3I"', 'Vary': 'Accept-Encoding', 'Content-Encoding': 'gzip', 'CF-Cache-Status': 'DYNAMIC', 'Report-To': '{"endpoints":[{"url":"https:\\/\\/a.nel.cloudflare.com\\/report\\/v4?s=yJAsHaJBaKCcEZpqlI%2BAEHwR3vix9DLJDfmfWYAmYEH3JX86%2Fp%2BKmeJcXY%2FVKH%2BnfHf44ieWXJPk6TCCAgHVEJYNhRfd%2FX0eZNa8sewql36QtWPdLEPBsUathcAi0Sjv"}],"group":"cf-nel","max_age":604800}', 'NEL': '{"success_fraction":0,"report_to":"cf-nel","max_age":604800}', 'Server': 'cloudflare', 'CF-RAY': '899c1b4afa6e3adb-IAD', 'alt-svc': 'h3=":443"; ma=86400'} 
 body={"results":[{"gender":"female","name":{"title":"Miss","first":"Gül","last":"Toraman"},"location":{"street":{"number":8712,"name":"Şehitler Cd"},"city":"Aksaray","state":"Aksaray","country":"Turkey","postcode":28666,"coordinates":{"latitude":"70.7563","longitude":"98.6160"},"timezone":{"offset":"-12:00","description":"Eniwetok, Kwajalein"}},"email":"gul.toraman@example.com","login":{"uuid":"8c10d5dd-359f-4a57-8aef-e2bdfbb52979","username":"yellowtiger245","password":"triangle","salt":"wJ0OxBaO","md5":"65bfc68818d669588ae04bcf1d762acc","sha1":"60ff6cffaba0e634f8e740217699d885b4e01995","sha256":"288cc951384134a83e4f8366f85541afc0879c69d325e20cd3fc640ae465bc06"},"dob":{"date":"1984-01-28T16:26:01.528Z","age":40},"registered":{"date":"2019-05-17T05:55:08.003Z","age":5},"phone":"(773)-154-5388","cell":"(151)-897-6661","id":{"name":"","value":null},"picture":{"large":"https://randomuser.me/api/portraits/women/91.jpg","medium":"https://randomuser.me/api/portraits/med/women/91.jpg","thumbnail":"https://randomuser.me/api/portraits/thumb/women/91.jpg"},"nat":"TR"}],"info":{"seed":"af9aabec17501aee","results":1,"page":1,"version":"1.4"}} 
 </msg>
<msg time="2024-06-26T09:17:51.320169" level="INFO">/opt/hostedtoolcache/Python/3.12.4/x64/lib/python3.12/site-packages/urllib3/connectionpool.py:1099: InsecureRequestWarning: Unverified HTTPS request is being made to host 'randomuser.me'. Adding certificate verification is strongly advised. See: https://urllib3.readthedocs.io/en/latest/advanced-usage.html#tls-warnings
  warnings.warn(</msg>
<msg time="2024-06-26T09:17:51.320328" level="INFO">${response} = &lt;Response [200]&gt;</msg>
<var>${response}</var>
<arg>consultarAPI</arg>
<arg>/api</arg>
<doc>Sends a GET request on a previously created HTTP Session.</doc>
<status status="PASS" start="2024-06-26T09:17:51.197396" elapsed="0.122974"/>
</kw>
<kw name="Set Variable" owner="BuiltIn">
<msg time="2024-06-26T09:17:51.321607" level="INFO">${json_data} = {'results': [{'gender': 'female', 'name': {'title': 'Miss', 'first': 'Gül', 'last': 'Toraman'}, 'location': {'street': {'number': 8712, 'name': 'Şehitler Cd'}, 'city': 'Aksaray', 'state': 'Aksaray', '...</msg>
<var>${json_data}</var>
<arg>${response.json()}</arg>
<doc>Returns the given values which can then be assigned to a variables.</doc>
<status status="PASS" start="2024-06-26T09:17:51.320997" elapsed="0.000640"/>
</kw>
<kw name="Set Variable" owner="BuiltIn">
<msg time="2024-06-26T09:17:51.322331" level="INFO">${name_title} = Miss</msg>
<var>${name_title}</var>
<arg>${json_data["results"][0]["name"]["title"]}</arg>
<doc>Returns the given values which can then be assigned to a variables.</doc>
<status status="PASS" start="2024-06-26T09:17:51.321954" elapsed="0.000403"/>
</kw>
<kw name="Create List" owner="BuiltIn">
<msg time="2024-06-26T09:17:51.322797" level="INFO">${allowed_titles} = ['Mr', 'Ms', 'Miss', 'Mrs', 'Madame', 'Monsieur']</msg>
<var>${allowed_titles}</var>
<arg>Mr</arg>
<arg>Ms</arg>
<arg>Miss</arg>
<arg>Mrs</arg>
<arg>Madame</arg>
<arg>Monsieur</arg>
<doc>Returns a list containing given items.</doc>
<status status="PASS" start="2024-06-26T09:17:51.322647" elapsed="0.000175"/>
</kw>
<kw name="List Should Contain Value" owner="Collections">
<arg>${allowed_titles}</arg>
<arg>${name_title}</arg>
<doc>Fails if the ``value`` is not found from ``list``.</doc>
<status status="PASS" start="2024-06-26T09:17:51.323117" elapsed="0.000176"/>
</kw>
<kw name="Set Variable" owner="BuiltIn">
<msg time="2024-06-26T09:17:51.323828" level="INFO">${name_country} = TR</msg>
<var>${name_country}</var>
<arg>${json_data["results"][0]["nat"]}</arg>
<doc>Returns the given values which can then be assigned to a variables.</doc>
<status status="PASS" start="2024-06-26T09:17:51.323470" elapsed="0.000382"/>
</kw>
<kw name="Create List" owner="BuiltIn">
<msg time="2024-06-26T09:17:51.324761" level="INFO">${list_country} = ['AD', 'AE', 'AF', 'AG', 'AI', 'AL', 'AM', 'AO', 'AQ', 'AR', 'AS', 'AT', 'AU', 'AW', 'AX', 'AZ', 'BA', 'BB', 'BD', 'BE', 'BF', 'BG', 'BH', 'BI', 'BJ', 'BL', 'BM', 'BN', 'BO', 'BQ', 'BR', 'BS', 'BT', '...</msg>
<var>${list_country}</var>
<arg>AD</arg>
<arg>AE</arg>
<arg>AF</arg>
<arg>AG</arg>
<arg>AI</arg>
<arg>AL</arg>
<arg>AM</arg>
<arg>AO</arg>
<arg>AQ</arg>
<arg>AR</arg>
<arg>AS</arg>
<arg>AT</arg>
<arg>AU</arg>
<arg>AW</arg>
<arg>AX</arg>
<arg>AZ</arg>
<arg>BA</arg>
<arg>BB</arg>
<arg>BD</arg>
<arg>BE</arg>
<arg>BF</arg>
<arg>BG</arg>
<arg>BH</arg>
<arg>BI</arg>
<arg>BJ</arg>
<arg>BL</arg>
<arg>BM</arg>
<arg>BN</arg>
<arg>BO</arg>
<arg>BQ</arg>
<arg>BR</arg>
<arg>BS</arg>
<arg>BT</arg>
<arg>BV</arg>
<arg>BW</arg>
<arg>BY</arg>
<arg>BZ</arg>
<arg>CA</arg>
<arg>CC</arg>
<arg>CD</arg>
<arg>CF</arg>
<arg>CG</arg>
<arg>CH</arg>
<arg>CI</arg>
<arg>CK</arg>
<arg>CL</arg>
<arg>CM</arg>
<arg>CN</arg>
<arg>CO</arg>
<arg>CR</arg>
<arg>CU</arg>
<arg>CV</arg>
<arg>CW</arg>
<arg>CX</arg>
<arg>CY</arg>
<arg>CZ</arg>
<arg>DE</arg>
<arg>DJ</arg>
<arg>DK</arg>
<arg>DM</arg>
<arg>DO</arg>
<arg>DZ</arg>
<arg>EC</arg>
<arg>EE</arg>
<arg>EG</arg>
<arg>EH</arg>
<arg>ER</arg>
<arg>ES</arg>
<arg>ET</arg>
<arg>FI</arg>
<arg>FJ</arg>
<arg>FK</arg>
<arg>FM</arg>
<arg>FO</arg>
<arg>FR</arg>
<arg>GA</arg>
<arg>GB</arg>
<arg>GD</arg>
<arg>GE</arg>
<arg>GF</arg>
<arg>GG</arg>
<arg>GH</arg>
<arg>GI</arg>
<arg>GL</arg>
<arg>GM</arg>
<arg>GN</arg>
<arg>GP</arg>
<arg>GQ</arg>
<arg>GR</arg>
<arg>GS</arg>
<arg>GT</arg>
<arg>GU</arg>
<arg>GW</arg>
<arg>GY</arg>
<arg>HK</arg>
<arg>HM</arg>
<arg>HN</arg>
<arg>HR</arg>
<arg>HT</arg>
<arg>HU</arg>
<arg>ID</arg>
<arg>IE</arg>
<arg>IL</arg>
<arg>IM</arg>
<arg>IN</arg>
<arg>IO</arg>
<arg>IQ</arg>
<arg>IR</arg>
<arg>IS</arg>
<arg>IT</arg>
<arg>JE</arg>
<arg>JM</arg>
<arg>JO</arg>
<arg>JP</arg>
<arg>KE</arg>
<arg>KG</arg>
<arg>KH</arg>
<arg>KI</arg>
<arg>KM</arg>
<arg>KN</arg>
<arg>KP</arg>
<arg>KR</arg>
<arg>KW</arg>
<arg>KY</arg>
<arg>KZ</arg>
<arg>LA</arg>
<arg>LB</arg>
<arg>LC</arg>
<arg>LI</arg>
<arg>LK</arg>
<arg>LR</arg>
<arg>LS</arg>
<arg>LT</arg>
<arg>LU</arg>
<arg>LV</arg>
<arg>LY</arg>
<arg>MA</arg>
<arg>MC</arg>
<arg>MD</arg>
<arg>ME</arg>
<arg>MF</arg>
<arg>MG</arg>
<arg>MH</arg>
<arg>MK</arg>
<arg>ML</arg>
<arg>MM</arg>
<arg>MN</arg>
<arg>MO</arg>
<arg>MP</arg>
<arg>MQ</arg>
<arg>MR</arg>
<arg>MS</arg>
<arg>MT</arg>
<arg>MU</arg>
<arg>MV</arg>
<arg>MW</arg>
<arg>MX</arg>
<arg>MY</arg>
<arg>MZ</arg>
<arg>NA</arg>
<arg>NC</arg>
<arg>NE</arg>
<arg>NF</arg>
<arg>NG</arg>
<arg>NI</arg>
<arg>NL</arg>
<arg>NO</arg>
<arg>NP</arg>
<arg>NR</arg>
<arg>NU</arg>
<arg>NZ</arg>
<arg>OM</arg>
<arg>PA</arg>
<arg>PE</arg>
<arg>PF</arg>
<arg>PG</arg>
<arg>PH</arg>
<arg>PK</arg>
<arg>PL</arg>
<arg>PM</arg>
<arg>PN</arg>
<arg>PR</arg>
<arg>PS</arg>
<arg>PT</arg>
<arg>PW</arg>
<arg>PY</arg>
<arg>QA</arg>
<arg>RE</arg>
<arg>RO</arg>
<arg>RS</arg>
<arg>RU</arg>
<arg>RW</arg>
<arg>SA</arg>
<arg>SB</arg>
<arg>SC</arg>
<arg>SD</arg>
<arg>SE</arg>
<arg>SG</arg>
<arg>SH</arg>
<arg>SI</arg>
<arg>SJ</arg>
<arg>SK</arg>
<arg>SL</arg>
<arg>SM</arg>
<arg>SN</arg>
<arg>SO</arg>
<arg>SR</arg>
<arg>SS</arg>
<arg>ST</arg>
<arg>SV</arg>
<arg>SX</arg>
<arg>SY</arg>
<arg>SZ</arg>
<arg>TC</arg>
<arg>TD</arg>
<arg>TF</arg>
<arg>TG</arg>
<arg>TH</arg>
<arg>TJ</arg>
<arg>TK</arg>
<arg>TL</arg>
<arg>TM</arg>
<arg>TN</arg>
<arg>TO</arg>
<arg>TR</arg>
<arg>TT</arg>
<arg>TV</arg>
<arg>TW</arg>
<arg>TZ</arg>
<arg>UA</arg>
<arg>UG</arg>
<arg>UM</arg>
<arg>US</arg>
<arg>UY</arg>
<arg>UZ</arg>
<arg>VA</arg>
<arg>VC</arg>
<arg>VE</arg>
<arg>VG</arg>
<arg>VI</arg>
<arg>VN</arg>
<arg>VU</arg>
<arg>WF</arg>
<arg>WS</arg>
<arg>XK</arg>
<arg>YE</arg>
<arg>YT</arg>
<arg>ZA</arg>
<arg>ZM</arg>
<arg>ZW</arg>
<doc>Returns a list containing given items.</doc>
<status status="PASS" start="2024-06-26T09:17:51.324138" elapsed="0.000649"/>
</kw>
<kw name="List Should Contain Value" owner="Collections">
<arg>${list_country}</arg>
<arg>${name_country}</arg>
<doc>Fails if the ``value`` is not found from ``list``.</doc>
<status status="PASS" start="2024-06-26T09:17:51.325586" elapsed="0.000210"/>
</kw>
<kw name="Run Keyword If" owner="BuiltIn">
<kw name="Should Be True" owner="BuiltIn">
<arg>${True}</arg>
<doc>Fails if the given condition is not true.</doc>
<status status="PASS" start="2024-06-26T09:17:51.326712" elapsed="0.000140"/>
</kw>
<arg>${json_data["results"][0]["location"]["coordinates"]["latitude"]} &gt;= -90 and ${json_data["results"][0]["location"]["coordinates"]["latitude"]} &lt;= 90</arg>
<arg>Should Be True</arg>
<arg>${True}</arg>
<doc>Runs the given keyword with the given arguments, if ``condition`` is true.</doc>
<status status="PASS" start="2024-06-26T09:17:51.325989" elapsed="0.000986"/>
</kw>
<kw name="Run Keyword If" owner="BuiltIn">
<kw name="Should Be True" owner="BuiltIn">
<arg>${True}</arg>
<doc>Fails if the given condition is not true.</doc>
<status status="PASS" start="2024-06-26T09:17:51.327834" elapsed="0.000135"/>
</kw>
<arg>${json_data["results"][0]["location"]["coordinates"]["longitude"]} &gt;= -180 and ${json_data["results"][0]["location"]["coordinates"]["longitude"]} &lt;= 180</arg>
<arg>Should Be True</arg>
<arg>${True}</arg>
<doc>Runs the given keyword with the given arguments, if ``condition`` is true.</doc>
<status status="PASS" start="2024-06-26T09:17:51.327155" elapsed="0.000933"/>
</kw>
<status status="PASS" start="2024-06-26T09:17:51.197028" elapsed="0.131228"/>
</kw>
<doc>Testa o conteúdo específico dos campos retornados pela API.</doc>
<tag>testeConteudo</tag>
<status status="PASS" start="2024-06-26T09:17:51.196555" elapsed="0.131863"/>
</test>
<status status="PASS" start="2024-06-26T09:17:50.340641" elapsed="0.989745"/>
</suite>
<status status="PASS" start="2024-06-26T09:17:50.325646" elapsed="1.009946"/>
</suite>
<statistics>
<total>
<stat pass="5" fail="0" skip="0">All Tests</stat>
</total>
<tag>
<stat pass="1" fail="0" skip="0">testeConteudo</stat>
<stat pass="1" fail="0" skip="0">testeEstruturaResposta</stat>
<stat pass="1" fail="0" skip="0">testeRequisicaoBasica</stat>
<stat pass="1" fail="0" skip="0">testeTiposDados</stat>
</tag>
<suite>
<stat pass="5" fail="0" skip="0" id="s1" name="Tests">Tests</stat>
<stat pass="5" fail="0" skip="0" id="s1-s1" name="Random-User-Test">Tests.Random-User-Test</stat>
</suite>
</statistics>
<errors>
</errors>
</robot>
