<?xml version="1.0" encoding="UTF-8"?>
<robot generator="Robot 7.0 (Python 3.12.3 on linux)" generated="2024-05-20T09:18:30.696045" rpa="false" schemaversion="5">
<suite id="s1" name="Tests" source="/home/runner/work/DesafioQAItauRogerioJordao/DesafioQAItauRogerioJordao/RamdonUser/tests">
<suite id="s1-s1" name="Random-User-Test" source="/home/runner/work/DesafioQAItauRogerioJordao/DesafioQAItauRogerioJordao/RamdonUser/tests/random-user-test.robot">
<test id="s1-s1-t1" name="Conectar" line="13">
<kw name="Conectar API" owner="random-user-service">
<kw name="Create Session" owner="RequestsLibrary">
<msg time="2024-05-20T09:18:31.067816" level="INFO">Creating Session using : alias=consultarAPI, url=https://randomuser.me/, headers={},                     cookies={}, auth=None, timeout=None, proxies=None, verify=False,                     debug=0 </msg>
<arg>consultarAPI</arg>
<arg>${URL}</arg>
<doc>Create Session: create a HTTP session to a server</doc>
<status status="PASS" start="2024-05-20T09:18:31.067601" elapsed="0.000425"/>
</kw>
<status status="PASS" start="2024-05-20T09:18:31.066545" elapsed="0.001872"/>
</kw>
<status status="PASS" start="2024-05-20T09:18:31.065942" elapsed="0.002671"/>
</test>
<test id="s1-s1-t2" name="Validar retorno 200 e JSON Válido" line="16">
<kw name="Teste de Requisicao Basica" owner="random-user-service">
<kw name="GET On Session" owner="RequestsLibrary">
<msg time="2024-05-20T09:18:31.193733" level="INFO">GET Request : url=https://randomuser.me/api 
 path_url=/api 
 headers={'User-Agent': 'python-requests/2.31.0', 'Accept-Encoding': 'gzip, deflate', 'Accept': '*/*', 'Connection': 'keep-alive'} 
 body=None 
 </msg>
<msg time="2024-05-20T09:18:31.193892" level="INFO">GET Response : url=https://randomuser.me/api 
 status=200, reason=OK 
 headers={'Date': 'Mon, 20 May 2024 09:18:31 GMT', 'Content-Type': 'application/json; charset=utf-8', 'Transfer-Encoding': 'chunked', 'Connection': 'keep-alive', 'X-Powered-By': 'Express', 'Access-Control-Allow-Origin': '*', 'Cache-Control': 'no-cache', 'ETag': 'W/"48f-s/t9JXMXLDjahfxhQnGmC6uAlP4"', 'Vary': 'Accept-Encoding', 'Content-Encoding': 'gzip', 'CF-Cache-Status': 'DYNAMIC', 'Report-To': '{"endpoints":[{"url":"https:\\/\\/a.nel.cloudflare.com\\/report\\/v4?s=2QjshkVCCAzNEa9CblNOO5bVeEsWCtyrNitWxG%2BUXiCQvCRrNRsxUWxSoSRh%2Fq2vGIq0AjoCY1zIN1TQBfj%2BygFnagB48iZoc0QN8Q%2B2qsEHcj0bctWgMH5gVQMgfHfq"}],"group":"cf-nel","max_age":604800}', 'NEL': '{"success_fraction":0,"report_to":"cf-nel","max_age":604800}', 'Server': 'cloudflare', 'CF-RAY': '886b3d646d6acea8-SJC', 'alt-svc': 'h3=":443"; ma=86400'} 
 body={"results":[{"gender":"female","name":{"title":"Ms","first":"فاطمه زهرا","last":"کامروا"},"location":{"street":{"number":2825,"name":"دستغیب"},"city":"تهران","state":"قزوین","country":"Iran","postcode":88731,"coordinates":{"latitude":"13.0476","longitude":"90.4200"},"timezone":{"offset":"-12:00","description":"Eniwetok, Kwajalein"}},"email":"ftmhzhr.khmrw@example.com","login":{"uuid":"9dc04458-dc06-4fff-87dd-a257c78f9a3d","username":"ticklishmouse216","password":"sunny1","salt":"Wdy070VE","md5":"eb8cb70fb249d3ab80fb2b992210ddb1","sha1":"03808a86a40f5465212c75066e5aa2a05d860b8b","sha256":"9bd6d30dad836c188f22daa4262a08cd1be63161439532dd63a8aaca5b4d89ef"},"dob":{"date":"1963-05-03T03:28:28.397Z","age":61},"registered":{"date":"2011-07-08T22:59:19.940Z","age":12},"phone":"045-95628969","cell":"0904-745-1009","id":{"name":"","value":null},"picture":{"large":"https://randomuser.me/api/portraits/women/75.jpg","medium":"https://randomuser.me/api/portraits/med/women/75.jpg","thumbnail":"https://randomuser.me/api/portraits/thumb/women/75.jpg"},"nat":"IR"}],"info":{"seed":"317fda2b4c5f30b9","results":1,"page":1,"version":"1.4"}} 
 </msg>
<msg time="2024-05-20T09:18:31.193981" level="INFO">/opt/hostedtoolcache/Python/3.12.3/x64/lib/python3.12/site-packages/urllib3/connectionpool.py:1103: InsecureRequestWarning: Unverified HTTPS request is being made to host 'randomuser.me'. Adding certificate verification is strongly advised. See: https://urllib3.readthedocs.io/en/latest/advanced-usage.html#tls-warnings
  warnings.warn(</msg>
<msg time="2024-05-20T09:18:31.194133" level="INFO">${response} = &lt;Response [200]&gt;</msg>
<var>${response}</var>
<arg>consultarAPI</arg>
<arg>/api</arg>
<doc>Sends a GET request on a previously created HTTP Session.</doc>
<status status="PASS" start="2024-05-20T09:18:31.071318" elapsed="0.122859"/>
</kw>
<kw name="Should Be Equal As Numbers" owner="BuiltIn">
<msg time="2024-05-20T09:18:31.195217" level="INFO">Argument types are:
&lt;class 'int'&gt;
&lt;class 'str'&gt;</msg>
<arg>${response.status_code}</arg>
<arg>200</arg>
<doc>Fails if objects are unequal after converting them to real numbers.</doc>
<status status="PASS" start="2024-05-20T09:18:31.194750" elapsed="0.000535"/>
</kw>
<kw name="Log" owner="BuiltIn">
<msg time="2024-05-20T09:18:31.195994" level="INFO">200</msg>
<arg>${response.status_code}</arg>
<doc>Logs the given message with the given level.</doc>
<status status="PASS" start="2024-05-20T09:18:31.195642" elapsed="0.000394"/>
</kw>
<kw name="Set Variable" owner="BuiltIn">
<msg time="2024-05-20T09:18:31.196781" level="INFO">${json_data} = {'results': [{'gender': 'female', 'name': {'title': 'Ms', 'first': 'فاطمه زهرا', 'last': 'کامروا'}, 'location': {'street': {'number': 2825, 'name': 'دستغیب'}, 'city': 'تهران', 'state': 'قزوین', 'count...</msg>
<var>${json_data}</var>
<arg>${response.json()}</arg>
<doc>Returns the given values which can then be assigned to a variables.</doc>
<status status="PASS" start="2024-05-20T09:18:31.196340" elapsed="0.000471"/>
</kw>
<kw name="Dictionary Should Contain Key" owner="Collections">
<msg time="2024-05-20T09:18:31.197283" level="INFO">False</msg>
<arg>${json_data}</arg>
<arg>results</arg>
<doc>Fails if ``key`` is not found from ``dictionary``.</doc>
<status status="PASS" start="2024-05-20T09:18:31.197112" elapsed="0.000211"/>
</kw>
<status status="PASS" start="2024-05-20T09:18:31.071057" elapsed="0.126527"/>
</kw>
<doc>Testa se a API responde corretamente e retorna um objeto JSON válido.</doc>
<tag>testeRequisicaoBasica</tag>
<status status="PASS" start="2024-05-20T09:18:31.070586" elapsed="0.127221"/>
</test>
<test id="s1-s1-t3" name="Validar estrutura de resposta" line="22">
<kw name="Teste de Estrutura de Resposta" owner="random-user-service">
<kw name="GET On Session" owner="RequestsLibrary">
<msg time="2024-05-20T09:18:31.294816" level="INFO">GET Request : url=https://randomuser.me/api 
 path_url=/api 
 headers={'User-Agent': 'python-requests/2.31.0', 'Accept-Encoding': 'gzip, deflate', 'Accept': '*/*', 'Connection': 'keep-alive'} 
 body=None 
 </msg>
<msg time="2024-05-20T09:18:31.294919" level="INFO">GET Response : url=https://randomuser.me/api 
 status=200, reason=OK 
 headers={'Date': 'Mon, 20 May 2024 09:18:31 GMT', 'Content-Type': 'application/json; charset=utf-8', 'Transfer-Encoding': 'chunked', 'Connection': 'keep-alive', 'X-Powered-By': 'Express', 'Access-Control-Allow-Origin': '*', 'Cache-Control': 'no-cache', 'ETag': 'W/"494-9bhcNNe6ZgUFBoSqEPk3SWD6LUM"', 'Vary': 'Accept-Encoding', 'Content-Encoding': 'gzip', 'CF-Cache-Status': 'DYNAMIC', 'Report-To': '{"endpoints":[{"url":"https:\\/\\/a.nel.cloudflare.com\\/report\\/v4?s=aJIKyYwCNS0lgq0sxczbxekHkMrOlrEGmyHc5ZwQRSxaY6PrQM0%2BsirRdB6ohyWg3UaVnOTYLNiV91AV2lw%2B8Cn0jkY9CknNPFdCFtAvcco%2Biib4ze8iSS4xJ1emqf6%2B"}],"group":"cf-nel","max_age":604800}', 'NEL': '{"success_fraction":0,"report_to":"cf-nel","max_age":604800}', 'Server': 'cloudflare', 'CF-RAY': '886b3d650dc5cea8-SJC', 'alt-svc': 'h3=":443"; ma=86400'} 
 body={"results":[{"gender":"female","name":{"title":"Mrs","first":"Avery","last":"Hale"},"location":{"street":{"number":1375,"name":"Queensway"},"city":"St Davids","state":"Gwynedd County","country":"United Kingdom","postcode":"JP9 2UX","coordinates":{"latitude":"-10.0946","longitude":"125.9498"},"timezone":{"offset":"-7:00","description":"Mountain Time (US &amp; Canada)"}},"email":"avery.hale@example.com","login":{"uuid":"25922ad7-7235-4f69-85fe-2411f4e9a328","username":"tinycat355","password":"witch","salt":"iou9AKYv","md5":"09d90589720ef1eed9d156dd7160ea6e","sha1":"0ba3f9528a9242f7dc6b2654f76accfa5973c317","sha256":"ff67c2145a1138d70a0e4412242f28d611a1b8a7ba2d5d70fca3244ad74f0000"},"dob":{"date":"1951-06-02T22:26:29.019Z","age":72},"registered":{"date":"2004-04-16T19:35:08.757Z","age":20},"phone":"016977 9102","cell":"07682 610377","id":{"name":"NINO","value":"CP 81 27 95 X"},"picture":{"large":"https://randomuser.me/api/portraits/women/95.jpg","medium":"https://randomuser.me/api/portraits/med/women/95.jpg","thumbnail":"https://randomuser.me/api/portraits/thumb/women/95.jpg"},"nat":"GB"}],"info":{"seed":"f7f62927dbc884f6","results":1,"page":1,"version":"1.4"}} 
 </msg>
<msg time="2024-05-20T09:18:31.295055" level="INFO">/opt/hostedtoolcache/Python/3.12.3/x64/lib/python3.12/site-packages/urllib3/connectionpool.py:1103: InsecureRequestWarning: Unverified HTTPS request is being made to host 'randomuser.me'. Adding certificate verification is strongly advised. See: https://urllib3.readthedocs.io/en/latest/advanced-usage.html#tls-warnings
  warnings.warn(</msg>
<msg time="2024-05-20T09:18:31.295186" level="INFO">${response} = &lt;Response [200]&gt;</msg>
<var>${response}</var>
<arg>consultarAPI</arg>
<arg>/api</arg>
<doc>Sends a GET request on a previously created HTTP Session.</doc>
<status status="PASS" start="2024-05-20T09:18:31.200392" elapsed="0.094835"/>
</kw>
<kw name="Set Variable" owner="BuiltIn">
<msg time="2024-05-20T09:18:31.296255" level="INFO">${json_data} = {'results': [{'gender': 'female', 'name': {'title': 'Mrs', 'first': 'Avery', 'last': 'Hale'}, 'location': {'street': {'number': 1375, 'name': 'Queensway'}, 'city': 'St Davids', 'state': 'Gwynedd Count...</msg>
<var>${json_data}</var>
<arg>${response.json()}</arg>
<doc>Returns the given values which can then be assigned to a variables.</doc>
<status status="PASS" start="2024-05-20T09:18:31.295740" elapsed="0.000550"/>
</kw>
<kw name="Log" owner="BuiltIn">
<msg time="2024-05-20T09:18:31.296754" level="INFO">{'results': [{'gender': 'female', 'name': {'title': 'Mrs', 'first': 'Avery', 'last': 'Hale'}, 'location': {'street': {'number': 1375, 'name': 'Queensway'}, 'city': 'St Davids', 'state': 'Gwynedd County', 'country': 'United Kingdom', 'postcode': 'JP9 2UX', 'coordinates': {'latitude': '-10.0946', 'longitude': '125.9498'}, 'timezone': {'offset': '-7:00', 'description': 'Mountain Time (US &amp; Canada)'}}, 'email': 'avery.hale@example.com', 'login': {'uuid': '25922ad7-7235-4f69-85fe-2411f4e9a328', 'username': 'tinycat355', 'password': 'witch', 'salt': 'iou9AKYv', 'md5': '09d90589720ef1eed9d156dd7160ea6e', 'sha1': '0ba3f9528a9242f7dc6b2654f76accfa5973c317', 'sha256': 'ff67c2145a1138d70a0e4412242f28d611a1b8a7ba2d5d70fca3244ad74f0000'}, 'dob': {'date': '1951-06-02T22:26:29.019Z', 'age': 72}, 'registered': {'date': '2004-04-16T19:35:08.757Z', 'age': 20}, 'phone': '016977 9102', 'cell': '07682 610377', 'id': {'name': 'NINO', 'value': 'CP 81 27 95 X'}, 'picture': {'large': 'https://randomuser.me/api/portraits/women/95.jpg', 'medium': 'https://randomuser.me/api/portraits/med/women/95.jpg', 'thumbnail': 'https://randomuser.me/api/portraits/thumb/women/95.jpg'}, 'nat': 'GB'}], 'info': {'seed': 'f7f62927dbc884f6', 'results': 1, 'page': 1, 'version': '1.4'}}</msg>
<arg>${json_data}</arg>
<doc>Logs the given message with the given level.</doc>
<status status="PASS" start="2024-05-20T09:18:31.296599" elapsed="0.000203"/>
</kw>
<kw name="Dictionary Should Contain Key" owner="Collections">
<msg time="2024-05-20T09:18:31.297250" level="INFO">False</msg>
<arg>${json_data}</arg>
<arg>results</arg>
<doc>Fails if ``key`` is not found from ``dictionary``.</doc>
<status status="PASS" start="2024-05-20T09:18:31.297089" elapsed="0.000198"/>
</kw>
<kw name="Should Not Be Empty" owner="BuiltIn">
<msg time="2024-05-20T09:18:31.297737" level="INFO">Length is 2.</msg>
<arg>${json_data}</arg>
<doc>Verifies that the given item is not empty.</doc>
<status status="PASS" start="2024-05-20T09:18:31.297573" elapsed="0.000368"/>
</kw>
<kw name="Create List" owner="BuiltIn">
<msg time="2024-05-20T09:18:31.298390" level="INFO">${expected_keys} = ['gender', 'name', 'location', 'email', 'login']</msg>
<var>${expected_keys}</var>
<arg>gender</arg>
<arg>name</arg>
<arg>location</arg>
<arg>email</arg>
<arg>login</arg>
<doc>Returns a list containing given items.</doc>
<status status="PASS" start="2024-05-20T09:18:31.298237" elapsed="0.000177"/>
</kw>
<for flavor="IN">
<iter>
<kw name="Dictionary Should Contain Key" owner="Collections">
<msg time="2024-05-20T09:18:31.299394" level="INFO">False</msg>
<arg>${json_data['results'][0]}</arg>
<arg>${key}</arg>
<doc>Fails if ``key`` is not found from ``dictionary``.</doc>
<status status="PASS" start="2024-05-20T09:18:31.298990" elapsed="0.000442"/>
</kw>
<kw name="Log" owner="BuiltIn">
<msg time="2024-05-20T09:18:31.300083" level="INFO">{'gender': 'female', 'name': {'title': 'Mrs', 'first': 'Avery', 'last': 'Hale'}, 'location': {'street': {'number': 1375, 'name': 'Queensway'}, 'city': 'St Davids', 'state': 'Gwynedd County', 'country': 'United Kingdom', 'postcode': 'JP9 2UX', 'coordinates': {'latitude': '-10.0946', 'longitude': '125.9498'}, 'timezone': {'offset': '-7:00', 'description': 'Mountain Time (US &amp; Canada)'}}, 'email': 'avery.hale@example.com', 'login': {'uuid': '25922ad7-7235-4f69-85fe-2411f4e9a328', 'username': 'tinycat355', 'password': 'witch', 'salt': 'iou9AKYv', 'md5': '09d90589720ef1eed9d156dd7160ea6e', 'sha1': '0ba3f9528a9242f7dc6b2654f76accfa5973c317', 'sha256': 'ff67c2145a1138d70a0e4412242f28d611a1b8a7ba2d5d70fca3244ad74f0000'}, 'dob': {'date': '1951-06-02T22:26:29.019Z', 'age': 72}, 'registered': {'date': '2004-04-16T19:35:08.757Z', 'age': 20}, 'phone': '016977 9102', 'cell': '07682 610377', 'id': {'name': 'NINO', 'value': 'CP 81 27 95 X'}, 'picture': {'large': 'https://randomuser.me/api/portraits/women/95.jpg', 'medium': 'https://randomuser.me/api/portraits/med/women/95.jpg', 'thumbnail': 'https://randomuser.me/api/portraits/thumb/women/95.jpg'}, 'nat': 'GB'}</msg>
<arg>${json_data['results'][0]}</arg>
<doc>Logs the given message with the given level.</doc>
<status status="PASS" start="2024-05-20T09:18:31.299726" elapsed="0.000406"/>
</kw>
<kw name="Log" owner="BuiltIn">
<msg time="2024-05-20T09:18:31.300549" level="INFO">gender</msg>
<arg>${key}</arg>
<doc>Logs the given message with the given level.</doc>
<status status="PASS" start="2024-05-20T09:18:31.300424" elapsed="0.000161"/>
</kw>
<var name="${key}">gender</var>
<status status="PASS" start="2024-05-20T09:18:31.298861" elapsed="0.001934"/>
</iter>
<iter>
<kw name="Dictionary Should Contain Key" owner="Collections">
<msg time="2024-05-20T09:18:31.301482" level="INFO">False</msg>
<arg>${json_data['results'][0]}</arg>
<arg>${key}</arg>
<doc>Fails if ``key`` is not found from ``dictionary``.</doc>
<status status="PASS" start="2024-05-20T09:18:31.301096" elapsed="0.000423"/>
</kw>
<kw name="Log" owner="BuiltIn">
<msg time="2024-05-20T09:18:31.302264" level="INFO">{'gender': 'female', 'name': {'title': 'Mrs', 'first': 'Avery', 'last': 'Hale'}, 'location': {'street': {'number': 1375, 'name': 'Queensway'}, 'city': 'St Davids', 'state': 'Gwynedd County', 'country': 'United Kingdom', 'postcode': 'JP9 2UX', 'coordinates': {'latitude': '-10.0946', 'longitude': '125.9498'}, 'timezone': {'offset': '-7:00', 'description': 'Mountain Time (US &amp; Canada)'}}, 'email': 'avery.hale@example.com', 'login': {'uuid': '25922ad7-7235-4f69-85fe-2411f4e9a328', 'username': 'tinycat355', 'password': 'witch', 'salt': 'iou9AKYv', 'md5': '09d90589720ef1eed9d156dd7160ea6e', 'sha1': '0ba3f9528a9242f7dc6b2654f76accfa5973c317', 'sha256': 'ff67c2145a1138d70a0e4412242f28d611a1b8a7ba2d5d70fca3244ad74f0000'}, 'dob': {'date': '1951-06-02T22:26:29.019Z', 'age': 72}, 'registered': {'date': '2004-04-16T19:35:08.757Z', 'age': 20}, 'phone': '016977 9102', 'cell': '07682 610377', 'id': {'name': 'NINO', 'value': 'CP 81 27 95 X'}, 'picture': {'large': 'https://randomuser.me/api/portraits/women/95.jpg', 'medium': 'https://randomuser.me/api/portraits/med/women/95.jpg', 'thumbnail': 'https://randomuser.me/api/portraits/thumb/women/95.jpg'}, 'nat': 'GB'}</msg>
<arg>${json_data['results'][0]}</arg>
<doc>Logs the given message with the given level.</doc>
<status status="PASS" start="2024-05-20T09:18:31.301899" elapsed="0.000415"/>
</kw>
<kw name="Log" owner="BuiltIn">
<msg time="2024-05-20T09:18:31.302737" level="INFO">name</msg>
<arg>${key}</arg>
<doc>Logs the given message with the given level.</doc>
<status status="PASS" start="2024-05-20T09:18:31.302611" elapsed="0.000163"/>
</kw>
<var name="${key}">name</var>
<status status="PASS" start="2024-05-20T09:18:31.300981" elapsed="0.002009"/>
</iter>
<iter>
<kw name="Dictionary Should Contain Key" owner="Collections">
<msg time="2024-05-20T09:18:31.303654" level="INFO">False</msg>
<arg>${json_data['results'][0]}</arg>
<arg>${key}</arg>
<doc>Fails if ``key`` is not found from ``dictionary``.</doc>
<status status="PASS" start="2024-05-20T09:18:31.303280" elapsed="0.000410"/>
</kw>
<kw name="Log" owner="BuiltIn">
<msg time="2024-05-20T09:18:31.304342" level="INFO">{'gender': 'female', 'name': {'title': 'Mrs', 'first': 'Avery', 'last': 'Hale'}, 'location': {'street': {'number': 1375, 'name': 'Queensway'}, 'city': 'St Davids', 'state': 'Gwynedd County', 'country': 'United Kingdom', 'postcode': 'JP9 2UX', 'coordinates': {'latitude': '-10.0946', 'longitude': '125.9498'}, 'timezone': {'offset': '-7:00', 'description': 'Mountain Time (US &amp; Canada)'}}, 'email': 'avery.hale@example.com', 'login': {'uuid': '25922ad7-7235-4f69-85fe-2411f4e9a328', 'username': 'tinycat355', 'password': 'witch', 'salt': 'iou9AKYv', 'md5': '09d90589720ef1eed9d156dd7160ea6e', 'sha1': '0ba3f9528a9242f7dc6b2654f76accfa5973c317', 'sha256': 'ff67c2145a1138d70a0e4412242f28d611a1b8a7ba2d5d70fca3244ad74f0000'}, 'dob': {'date': '1951-06-02T22:26:29.019Z', 'age': 72}, 'registered': {'date': '2004-04-16T19:35:08.757Z', 'age': 20}, 'phone': '016977 9102', 'cell': '07682 610377', 'id': {'name': 'NINO', 'value': 'CP 81 27 95 X'}, 'picture': {'large': 'https://randomuser.me/api/portraits/women/95.jpg', 'medium': 'https://randomuser.me/api/portraits/med/women/95.jpg', 'thumbnail': 'https://randomuser.me/api/portraits/thumb/women/95.jpg'}, 'nat': 'GB'}</msg>
<arg>${json_data['results'][0]}</arg>
<doc>Logs the given message with the given level.</doc>
<status status="PASS" start="2024-05-20T09:18:31.303985" elapsed="0.000405"/>
</kw>
<kw name="Log" owner="BuiltIn">
<msg time="2024-05-20T09:18:31.304817" level="INFO">location</msg>
<arg>${key}</arg>
<doc>Logs the given message with the given level.</doc>
<status status="PASS" start="2024-05-20T09:18:31.304684" elapsed="0.000170"/>
</kw>
<var name="${key}">location</var>
<status status="PASS" start="2024-05-20T09:18:31.303169" elapsed="0.001897"/>
</iter>
<iter>
<kw name="Dictionary Should Contain Key" owner="Collections">
<msg time="2024-05-20T09:18:31.305736" level="INFO">False</msg>
<arg>${json_data['results'][0]}</arg>
<arg>${key}</arg>
<doc>Fails if ``key`` is not found from ``dictionary``.</doc>
<status status="PASS" start="2024-05-20T09:18:31.305341" elapsed="0.000432"/>
</kw>
<kw name="Log" owner="BuiltIn">
<msg time="2024-05-20T09:18:31.306417" level="INFO">{'gender': 'female', 'name': {'title': 'Mrs', 'first': 'Avery', 'last': 'Hale'}, 'location': {'street': {'number': 1375, 'name': 'Queensway'}, 'city': 'St Davids', 'state': 'Gwynedd County', 'country': 'United Kingdom', 'postcode': 'JP9 2UX', 'coordinates': {'latitude': '-10.0946', 'longitude': '125.9498'}, 'timezone': {'offset': '-7:00', 'description': 'Mountain Time (US &amp; Canada)'}}, 'email': 'avery.hale@example.com', 'login': {'uuid': '25922ad7-7235-4f69-85fe-2411f4e9a328', 'username': 'tinycat355', 'password': 'witch', 'salt': 'iou9AKYv', 'md5': '09d90589720ef1eed9d156dd7160ea6e', 'sha1': '0ba3f9528a9242f7dc6b2654f76accfa5973c317', 'sha256': 'ff67c2145a1138d70a0e4412242f28d611a1b8a7ba2d5d70fca3244ad74f0000'}, 'dob': {'date': '1951-06-02T22:26:29.019Z', 'age': 72}, 'registered': {'date': '2004-04-16T19:35:08.757Z', 'age': 20}, 'phone': '016977 9102', 'cell': '07682 610377', 'id': {'name': 'NINO', 'value': 'CP 81 27 95 X'}, 'picture': {'large': 'https://randomuser.me/api/portraits/women/95.jpg', 'medium': 'https://randomuser.me/api/portraits/med/women/95.jpg', 'thumbnail': 'https://randomuser.me/api/portraits/thumb/women/95.jpg'}, 'nat': 'GB'}</msg>
<arg>${json_data['results'][0]}</arg>
<doc>Logs the given message with the given level.</doc>
<status status="PASS" start="2024-05-20T09:18:31.306064" elapsed="0.000427"/>
</kw>
<kw name="Log" owner="BuiltIn">
<msg time="2024-05-20T09:18:31.306938" level="INFO">email</msg>
<arg>${key}</arg>
<doc>Logs the given message with the given level.</doc>
<status status="PASS" start="2024-05-20T09:18:31.306812" elapsed="0.000162"/>
</kw>
<var name="${key}">email</var>
<status status="PASS" start="2024-05-20T09:18:31.305234" elapsed="0.001950"/>
</iter>
<iter>
<kw name="Dictionary Should Contain Key" owner="Collections">
<msg time="2024-05-20T09:18:31.307845" level="INFO">False</msg>
<arg>${json_data['results'][0]}</arg>
<arg>${key}</arg>
<doc>Fails if ``key`` is not found from ``dictionary``.</doc>
<status status="PASS" start="2024-05-20T09:18:31.307471" elapsed="0.000410"/>
</kw>
<kw name="Log" owner="BuiltIn">
<msg time="2024-05-20T09:18:31.308528" level="INFO">{'gender': 'female', 'name': {'title': 'Mrs', 'first': 'Avery', 'last': 'Hale'}, 'location': {'street': {'number': 1375, 'name': 'Queensway'}, 'city': 'St Davids', 'state': 'Gwynedd County', 'country': 'United Kingdom', 'postcode': 'JP9 2UX', 'coordinates': {'latitude': '-10.0946', 'longitude': '125.9498'}, 'timezone': {'offset': '-7:00', 'description': 'Mountain Time (US &amp; Canada)'}}, 'email': 'avery.hale@example.com', 'login': {'uuid': '25922ad7-7235-4f69-85fe-2411f4e9a328', 'username': 'tinycat355', 'password': 'witch', 'salt': 'iou9AKYv', 'md5': '09d90589720ef1eed9d156dd7160ea6e', 'sha1': '0ba3f9528a9242f7dc6b2654f76accfa5973c317', 'sha256': 'ff67c2145a1138d70a0e4412242f28d611a1b8a7ba2d5d70fca3244ad74f0000'}, 'dob': {'date': '1951-06-02T22:26:29.019Z', 'age': 72}, 'registered': {'date': '2004-04-16T19:35:08.757Z', 'age': 20}, 'phone': '016977 9102', 'cell': '07682 610377', 'id': {'name': 'NINO', 'value': 'CP 81 27 95 X'}, 'picture': {'large': 'https://randomuser.me/api/portraits/women/95.jpg', 'medium': 'https://randomuser.me/api/portraits/med/women/95.jpg', 'thumbnail': 'https://randomuser.me/api/portraits/thumb/women/95.jpg'}, 'nat': 'GB'}</msg>
<arg>${json_data['results'][0]}</arg>
<doc>Logs the given message with the given level.</doc>
<status status="PASS" start="2024-05-20T09:18:31.308167" elapsed="0.000418"/>
</kw>
<kw name="Log" owner="BuiltIn">
<msg time="2024-05-20T09:18:31.309003" level="INFO">login</msg>
<arg>${key}</arg>
<doc>Logs the given message with the given level.</doc>
<status status="PASS" start="2024-05-20T09:18:31.308878" elapsed="0.000163"/>
</kw>
<var name="${key}">login</var>
<status status="PASS" start="2024-05-20T09:18:31.307361" elapsed="0.001926"/>
</iter>
<var>${key}</var>
<value>@{expected_keys}</value>
<status status="PASS" start="2024-05-20T09:18:31.298670" elapsed="0.010741"/>
</for>
<kw name="Create List" owner="BuiltIn">
<msg time="2024-05-20T09:18:31.309772" level="INFO">${expected_keysTwo} = ['username', 'password']</msg>
<var>${expected_keysTwo}</var>
<arg>username</arg>
<arg>password</arg>
<doc>Returns a list containing given items.</doc>
<status status="PASS" start="2024-05-20T09:18:31.309604" elapsed="0.000193"/>
</kw>
<for flavor="IN">
<iter>
<kw name="Dictionary Should Contain Key" owner="Collections">
<msg time="2024-05-20T09:18:31.310682" level="INFO">False</msg>
<arg>${json_data['results'][0]['login']}</arg>
<arg>${keyTwo}</arg>
<doc>Fails if ``key`` is not found from ``dictionary``.</doc>
<status status="PASS" start="2024-05-20T09:18:31.310304" elapsed="0.000412"/>
</kw>
<kw name="Dictionary Should Contain Key" owner="Collections">
<msg time="2024-05-20T09:18:31.311371" level="INFO">False</msg>
<arg>${json_data['results'][0]['login']}</arg>
<arg>${keyTwo}</arg>
<doc>Fails if ``key`` is not found from ``dictionary``.</doc>
<status status="PASS" start="2024-05-20T09:18:31.311005" elapsed="0.000402"/>
</kw>
<kw name="Log" owner="BuiltIn">
<msg time="2024-05-20T09:18:31.311819" level="INFO">username</msg>
<arg>${keyTwo}</arg>
<doc>Logs the given message with the given level.</doc>
<status status="PASS" start="2024-05-20T09:18:31.311693" elapsed="0.000171"/>
</kw>
<var name="${keyTwo}">username</var>
<status status="PASS" start="2024-05-20T09:18:31.310197" elapsed="0.001876"/>
</iter>
<iter>
<kw name="Dictionary Should Contain Key" owner="Collections">
<msg time="2024-05-20T09:18:31.312804" level="INFO">False</msg>
<arg>${json_data['results'][0]['login']}</arg>
<arg>${keyTwo}</arg>
<doc>Fails if ``key`` is not found from ``dictionary``.</doc>
<status status="PASS" start="2024-05-20T09:18:31.312343" elapsed="0.000501"/>
</kw>
<kw name="Dictionary Should Contain Key" owner="Collections">
<msg time="2024-05-20T09:18:31.313500" level="INFO">False</msg>
<arg>${json_data['results'][0]['login']}</arg>
<arg>${keyTwo}</arg>
<doc>Fails if ``key`` is not found from ``dictionary``.</doc>
<status status="PASS" start="2024-05-20T09:18:31.313133" elapsed="0.000401"/>
</kw>
<kw name="Log" owner="BuiltIn">
<msg time="2024-05-20T09:18:31.313970" level="INFO">password</msg>
<arg>${keyTwo}</arg>
<doc>Logs the given message with the given level.</doc>
<status status="PASS" start="2024-05-20T09:18:31.313844" elapsed="0.000163"/>
</kw>
<var name="${keyTwo}">password</var>
<status status="PASS" start="2024-05-20T09:18:31.312238" elapsed="0.001982"/>
</iter>
<var>${keyTwo}</var>
<value>@{expected_keysTwo}</value>
<status status="PASS" start="2024-05-20T09:18:31.310041" elapsed="0.004295"/>
</for>
<status status="PASS" start="2024-05-20T09:18:31.200157" elapsed="0.114322"/>
</kw>
<doc>Testa a estrutura da resposta da API.</doc>
<tag>testeEstruturaResposta</tag>
<status status="PASS" start="2024-05-20T09:18:31.199626" elapsed="0.115010"/>
</test>
<test id="s1-s1-t4" name="Validar tipos de dados" line="28">
<kw name="Teste de Tipos de Dados" owner="random-user-service">
<kw name="GET On Session" owner="RequestsLibrary">
<msg time="2024-05-20T09:18:31.421856" level="INFO">GET Request : url=https://randomuser.me/api 
 path_url=/api 
 headers={'User-Agent': 'python-requests/2.31.0', 'Accept-Encoding': 'gzip, deflate', 'Accept': '*/*', 'Connection': 'keep-alive'} 
 body=None 
 </msg>
<msg time="2024-05-20T09:18:31.421959" level="INFO">GET Response : url=https://randomuser.me/api 
 status=200, reason=OK 
 headers={'Date': 'Mon, 20 May 2024 09:18:31 GMT', 'Content-Type': 'application/json; charset=utf-8', 'Transfer-Encoding': 'chunked', 'Connection': 'keep-alive', 'X-Powered-By': 'Express', 'Access-Control-Allow-Origin': '*', 'Cache-Control': 'no-cache', 'ETag': 'W/"49e-Ijg7+iMxyxPfTjyFntHvX4kT6kg"', 'Vary': 'Accept-Encoding', 'Content-Encoding': 'gzip', 'CF-Cache-Status': 'DYNAMIC', 'Report-To': '{"endpoints":[{"url":"https:\\/\\/a.nel.cloudflare.com\\/report\\/v4?s=1ZiYsD%2F0UT4lts80UDfUNtyQvJ1eeem%2FlepvmemuAg3CliqxFJ3SF53j1Re2u13s3yVITMjWXwYAsLwX%2BVyI%2BP%2FFrobICVsUkrwY5Jjm5ztE0QaE6NmHJmIH84hfaq%2F8"}],"group":"cf-nel","max_age":604800}', 'NEL': '{"success_fraction":0,"report_to":"cf-nel","max_age":604800}', 'Server': 'cloudflare', 'CF-RAY': '886b3d65ce2bcea8-SJC', 'alt-svc': 'h3=":443"; ma=86400'} 
 body={"results":[{"gender":"female","name":{"title":"Mrs","first":"Lohana","last":"Farias"},"location":{"street":{"number":9157,"name":"Rua Vinte de Setembro"},"city":"Taboão da Serra","state":"Piauí","country":"Brazil","postcode":31664,"coordinates":{"latitude":"-77.1235","longitude":"66.3150"},"timezone":{"offset":"+2:00","description":"Kaliningrad, South Africa"}},"email":"lohana.farias@example.com","login":{"uuid":"9658eeea-3455-4e20-990e-ce9b3fda6e30","username":"tinyrabbit890","password":"626262","salt":"qvt5jbKM","md5":"6f9035270d47a8183a72f313bcd19e99","sha1":"fb1f01854cc2e474e764381f358942e629ade6a9","sha256":"0a966a8a4c355c7387ea5e87eda59e4ff263f4e31bf36964f339d4e386e9c4c1"},"dob":{"date":"1979-06-02T15:09:27.619Z","age":44},"registered":{"date":"2016-10-06T06:44:09.036Z","age":7},"phone":"(98) 6492-0234","cell":"(11) 6759-0598","id":{"name":"CPF","value":"557.441.732-89"},"picture":{"large":"https://randomuser.me/api/portraits/women/22.jpg","medium":"https://randomuser.me/api/portraits/med/women/22.jpg","thumbnail":"https://randomuser.me/api/portraits/thumb/women/22.jpg"},"nat":"BR"}],"info":{"seed":"f18570ef6a186425","results":1,"page":1,"version":"1.4"}} 
 </msg>
<msg time="2024-05-20T09:18:31.422032" level="INFO">/opt/hostedtoolcache/Python/3.12.3/x64/lib/python3.12/site-packages/urllib3/connectionpool.py:1103: InsecureRequestWarning: Unverified HTTPS request is being made to host 'randomuser.me'. Adding certificate verification is strongly advised. See: https://urllib3.readthedocs.io/en/latest/advanced-usage.html#tls-warnings
  warnings.warn(</msg>
<msg time="2024-05-20T09:18:31.422157" level="INFO">${response} = &lt;Response [200]&gt;</msg>
<var>${response}</var>
<arg>consultarAPI</arg>
<arg>/api</arg>
<doc>Sends a GET request on a previously created HTTP Session.</doc>
<status status="PASS" start="2024-05-20T09:18:31.317156" elapsed="0.105042"/>
</kw>
<kw name="Set Variable" owner="BuiltIn">
<msg time="2024-05-20T09:18:31.423436" level="INFO">${json_data} = {'results': [{'gender': 'female', 'name': {'title': 'Mrs', 'first': 'Lohana', 'last': 'Farias'}, 'location': {'street': {'number': 9157, 'name': 'Rua Vinte de Setembro'}, 'city': 'Taboão da Serra', 's...</msg>
<var>${json_data}</var>
<arg>${response.json()}</arg>
<doc>Returns the given values which can then be assigned to a variables.</doc>
<status status="PASS" start="2024-05-20T09:18:31.422846" elapsed="0.000620"/>
</kw>
<kw name="Log" owner="BuiltIn">
<msg time="2024-05-20T09:18:31.423959" level="INFO">{'results': [{'gender': 'female', 'name': {'title': 'Mrs', 'first': 'Lohana', 'last': 'Farias'}, 'location': {'street': {'number': 9157, 'name': 'Rua Vinte de Setembro'}, 'city': 'Taboão da Serra', 'state': 'Piauí', 'country': 'Brazil', 'postcode': 31664, 'coordinates': {'latitude': '-77.1235', 'longitude': '66.3150'}, 'timezone': {'offset': '+2:00', 'description': 'Kaliningrad, South Africa'}}, 'email': 'lohana.farias@example.com', 'login': {'uuid': '9658eeea-3455-4e20-990e-ce9b3fda6e30', 'username': 'tinyrabbit890', 'password': '626262', 'salt': 'qvt5jbKM', 'md5': '6f9035270d47a8183a72f313bcd19e99', 'sha1': 'fb1f01854cc2e474e764381f358942e629ade6a9', 'sha256': '0a966a8a4c355c7387ea5e87eda59e4ff263f4e31bf36964f339d4e386e9c4c1'}, 'dob': {'date': '1979-06-02T15:09:27.619Z', 'age': 44}, 'registered': {'date': '2016-10-06T06:44:09.036Z', 'age': 7}, 'phone': '(98) 6492-0234', 'cell': '(11) 6759-0598', 'id': {'name': 'CPF', 'value': '557.441.732-89'}, 'picture': {'large': 'https://randomuser.me/api/portraits/women/22.jpg', 'medium': 'https://randomuser.me/api/portraits/med/women/22.jpg', 'thumbnail': 'https://randomuser.me/api/portraits/thumb/women/22.jpg'}, 'nat': 'BR'}], 'info': {'seed': 'f18570ef6a186425', 'results': 1, 'page': 1, 'version': '1.4'}}</msg>
<arg>${json_data}</arg>
<doc>Logs the given message with the given level.</doc>
<status status="PASS" start="2024-05-20T09:18:31.423797" elapsed="0.000249"/>
</kw>
<kw name="Should Be String" owner="String">
<arg>${json_data['results'][0]['gender']}</arg>
<doc>Fails if the given ``item`` is not a string.</doc>
<status status="PASS" start="2024-05-20T09:18:31.424347" elapsed="0.000367"/>
</kw>
<kw name="Should Match Regexp" owner="BuiltIn">
<arg>${json_data['results'][0]['email']}</arg>
<arg>^[a-zA-Z0-9._%+-]+@[a-zA-Z0-9.-]+\.[a-zA-Z]{2,}$</arg>
<doc>Fails if ``string`` does not match ``pattern`` as a regular expression.</doc>
<status status="PASS" start="2024-05-20T09:18:31.424910" elapsed="0.000512"/>
</kw>
<kw name="Should Match Regexp" owner="BuiltIn">
<arg>${json_data['results'][0]['dob']['date']}</arg>
<arg>\\d{4}-\\d{2}-\\d{2}T\\d{2}:\\d{2}:\\d{2}\\.\\d{3}Z</arg>
<doc>Fails if ``string`` does not match ``pattern`` as a regular expression.</doc>
<status status="PASS" start="2024-05-20T09:18:31.425619" elapsed="0.000536"/>
</kw>
<kw name="Should Match Regexp" owner="BuiltIn">
<arg>${json_data['results'][0]['registered']['date']}</arg>
<arg>\\d{4}-\\d{2}-\\d{2}T\\d{2}:\\d{2}:\\d{2}\\.\\d{3}Z</arg>
<doc>Fails if ``string`` does not match ``pattern`` as a regular expression.</doc>
<status status="PASS" start="2024-05-20T09:18:31.426356" elapsed="0.000372"/>
</kw>
<kw name="Should Match Regexp" owner="BuiltIn">
<arg>${json_data['results'][0]['picture']['large']}</arg>
<arg>^https?://.*\.(?:png|jpe?g|gif|bmp)$</arg>
<doc>Fails if ``string`` does not match ``pattern`` as a regular expression.</doc>
<status status="PASS" start="2024-05-20T09:18:31.426927" elapsed="0.000459"/>
</kw>
<kw name="Should Match Regexp" owner="BuiltIn">
<arg>${json_data['results'][0]['picture']['medium']}</arg>
<arg>^https?://.*\.(?:png|jpe?g|gif|bmp)$</arg>
<doc>Fails if ``string`` does not match ``pattern`` as a regular expression.</doc>
<status status="PASS" start="2024-05-20T09:18:31.427577" elapsed="0.000361"/>
</kw>
<kw name="Should Match Regexp" owner="BuiltIn">
<arg>${json_data['results'][0]['picture']['thumbnail']}</arg>
<arg>^https?://.*\.(?:png|jpe?g|gif|bmp)$</arg>
<doc>Fails if ``string`` does not match ``pattern`` as a regular expression.</doc>
<status status="PASS" start="2024-05-20T09:18:31.428126" elapsed="0.000346"/>
</kw>
<kw name="Log" owner="BuiltIn">
<msg time="2024-05-20T09:18:31.428972" level="INFO">{'large': 'https://randomuser.me/api/portraits/women/22.jpg', 'medium': 'https://randomuser.me/api/portraits/med/women/22.jpg', 'thumbnail': 'https://randomuser.me/api/portraits/thumb/women/22.jpg'}</msg>
<arg>${json_data['results'][0]['picture']}</arg>
<doc>Logs the given message with the given level.</doc>
<status status="PASS" start="2024-05-20T09:18:31.428652" elapsed="0.000362"/>
</kw>
<status status="PASS" start="2024-05-20T09:18:31.316902" elapsed="0.112394"/>
</kw>
<kw name="Teste de Tipos de Dados - Postcode" owner="random-user-service">
<kw name="GET On Session" owner="RequestsLibrary">
<msg time="2024-05-20T09:18:31.514948" level="INFO">GET Request : url=https://randomuser.me/api 
 path_url=/api 
 headers={'User-Agent': 'python-requests/2.31.0', 'Accept-Encoding': 'gzip, deflate', 'Accept': '*/*', 'Connection': 'keep-alive'} 
 body=None 
 </msg>
<msg time="2024-05-20T09:18:31.515063" level="INFO">GET Response : url=https://randomuser.me/api 
 status=200, reason=OK 
 headers={'Date': 'Mon, 20 May 2024 09:18:31 GMT', 'Content-Type': 'application/json; charset=utf-8', 'Transfer-Encoding': 'chunked', 'Connection': 'keep-alive', 'X-Powered-By': 'Express', 'Access-Control-Allow-Origin': '*', 'Cache-Control': 'no-cache', 'ETag': 'W/"481-CM8krxxNoZ0Ib9OfM4Wll0QGkA4"', 'Vary': 'Accept-Encoding', 'Content-Encoding': 'gzip', 'CF-Cache-Status': 'DYNAMIC', 'Report-To': '{"endpoints":[{"url":"https:\\/\\/a.nel.cloudflare.com\\/report\\/v4?s=Z1f6NMeo6o2nE2KciJXGf73lAtHf5Y5atdyEC01galV6vt2GccESXBTUupyXPBpc1qfBW44MLFY7o62IpFg%2F4HNdoccxEW3pRiECaJu%2BqKrwTWWx5b%2BTlnVVagfdAdKY"}],"group":"cf-nel","max_age":604800}', 'NEL': '{"success_fraction":0,"report_to":"cf-nel","max_age":604800}', 'Server': 'cloudflare', 'CF-RAY': '886b3d667e91cea8-SJC', 'alt-svc': 'h3=":443"; ma=86400'} 
 body={"results":[{"gender":"male","name":{"title":"Mr","first":"Hardy","last":"Knabe"},"location":{"street":{"number":4362,"name":"Im Winkel"},"city":"Walsrode","state":"Bayern","country":"Germany","postcode":83279,"coordinates":{"latitude":"-55.2534","longitude":"-163.6150"},"timezone":{"offset":"+2:00","description":"Kaliningrad, South Africa"}},"email":"hardy.knabe@example.com","login":{"uuid":"67866e1d-9027-4fce-bf26-ee478fb7f307","username":"blackgoose891","password":"zanzibar","salt":"MdiC7Y5D","md5":"c78f16eecf4e5f6dd2e878d9c784001c","sha1":"9117260994d5ea5935a72a4fca73ee5f394352de","sha256":"64ee4a27b57c3064a5055d55fcff2362cf72dde678fff897721aba0f325b7a4d"},"dob":{"date":"1997-08-20T13:55:52.294Z","age":26},"registered":{"date":"2008-03-09T19:41:31.063Z","age":16},"phone":"0596-4920417","cell":"0170-8384142","id":{"name":"SVNR","value":"52 200897 K 110"},"picture":{"large":"https://randomuser.me/api/portraits/men/48.jpg","medium":"https://randomuser.me/api/portraits/med/men/48.jpg","thumbnail":"https://randomuser.me/api/portraits/thumb/men/48.jpg"},"nat":"DE"}],"info":{"seed":"e7c67cb21f03e4a3","results":1,"page":1,"version":"1.4"}} 
 </msg>
<msg time="2024-05-20T09:18:31.515135" level="INFO">/opt/hostedtoolcache/Python/3.12.3/x64/lib/python3.12/site-packages/urllib3/connectionpool.py:1103: InsecureRequestWarning: Unverified HTTPS request is being made to host 'randomuser.me'. Adding certificate verification is strongly advised. See: https://urllib3.readthedocs.io/en/latest/advanced-usage.html#tls-warnings
  warnings.warn(</msg>
<msg time="2024-05-20T09:18:31.515271" level="INFO">${response} = &lt;Response [200]&gt;</msg>
<var>${response}</var>
<arg>consultarAPI</arg>
<arg>/api</arg>
<doc>Sends a GET request on a previously created HTTP Session.</doc>
<status status="PASS" start="2024-05-20T09:18:31.429818" elapsed="0.085493"/>
</kw>
<kw name="Set Variable" owner="BuiltIn">
<msg time="2024-05-20T09:18:31.516587" level="INFO">${json_data} = {'results': [{'gender': 'male', 'name': {'title': 'Mr', 'first': 'Hardy', 'last': 'Knabe'}, 'location': {'street': {'number': 4362, 'name': 'Im Winkel'}, 'city': 'Walsrode', 'state': 'Bayern', 'countr...</msg>
<var>${json_data}</var>
<arg>${response.json()}</arg>
<doc>Returns the given values which can then be assigned to a variables.</doc>
<status status="PASS" start="2024-05-20T09:18:31.515985" elapsed="0.000631"/>
</kw>
<kw name="Log" owner="BuiltIn">
<msg time="2024-05-20T09:18:31.517106" level="INFO">{'results': [{'gender': 'male', 'name': {'title': 'Mr', 'first': 'Hardy', 'last': 'Knabe'}, 'location': {'street': {'number': 4362, 'name': 'Im Winkel'}, 'city': 'Walsrode', 'state': 'Bayern', 'country': 'Germany', 'postcode': 83279, 'coordinates': {'latitude': '-55.2534', 'longitude': '-163.6150'}, 'timezone': {'offset': '+2:00', 'description': 'Kaliningrad, South Africa'}}, 'email': 'hardy.knabe@example.com', 'login': {'uuid': '67866e1d-9027-4fce-bf26-ee478fb7f307', 'username': 'blackgoose891', 'password': 'zanzibar', 'salt': 'MdiC7Y5D', 'md5': 'c78f16eecf4e5f6dd2e878d9c784001c', 'sha1': '9117260994d5ea5935a72a4fca73ee5f394352de', 'sha256': '64ee4a27b57c3064a5055d55fcff2362cf72dde678fff897721aba0f325b7a4d'}, 'dob': {'date': '1997-08-20T13:55:52.294Z', 'age': 26}, 'registered': {'date': '2008-03-09T19:41:31.063Z', 'age': 16}, 'phone': '0596-4920417', 'cell': '0170-8384142', 'id': {'name': 'SVNR', 'value': '52 200897 K 110'}, 'picture': {'large': 'https://randomuser.me/api/portraits/men/48.jpg', 'medium': 'https://randomuser.me/api/portraits/med/men/48.jpg', 'thumbnail': 'https://randomuser.me/api/portraits/thumb/men/48.jpg'}, 'nat': 'DE'}], 'info': {'seed': 'e7c67cb21f03e4a3', 'results': 1, 'page': 1, 'version': '1.4'}}</msg>
<arg>${json_data}</arg>
<doc>Logs the given message with the given level.</doc>
<status status="PASS" start="2024-05-20T09:18:31.516948" elapsed="0.000241"/>
</kw>
<kw name="Should Be Equal As Numbers" owner="BuiltIn">
<arg>${json_data['results'][0]['location']['postcode']}</arg>
<arg>${json_data['results'][0]['location']['postcode']}</arg>
<doc>Fails if objects are unequal after converting them to real numbers.</doc>
<status status="PASS" start="2024-05-20T09:18:31.517727" elapsed="0.000638"/>
</kw>
<kw name="Log" owner="BuiltIn">
<msg time="2024-05-20T09:18:31.518891" level="INFO">83279</msg>
<arg>${json_data['results'][0]['location']['postcode']}</arg>
<doc>Logs the given message with the given level.</doc>
<status status="PASS" start="2024-05-20T09:18:31.518559" elapsed="0.000371"/>
</kw>
<status status="PASS" start="2024-05-20T09:18:31.429529" elapsed="0.089660"/>
</kw>
<doc>Testa se os tipos de dados na resposta da API estão corretos.</doc>
<tag>testeTiposDados</tag>
<status status="PASS" start="2024-05-20T09:18:31.316412" elapsed="0.202950"/>
</test>
<test id="s1-s1-t5" name="Validar conteudo" line="35">
<kw name="Teste de Tipos de Conteudo" owner="random-user-service">
<kw name="GET On Session" owner="RequestsLibrary">
<msg time="2024-05-20T09:18:31.616221" level="INFO">GET Request : url=https://randomuser.me/api 
 path_url=/api 
 headers={'User-Agent': 'python-requests/2.31.0', 'Accept-Encoding': 'gzip, deflate', 'Accept': '*/*', 'Connection': 'keep-alive'} 
 body=None 
 </msg>
<msg time="2024-05-20T09:18:31.616328" level="INFO">GET Response : url=https://randomuser.me/api 
 status=200, reason=OK 
 headers={'Date': 'Mon, 20 May 2024 09:18:31 GMT', 'Content-Type': 'application/json; charset=utf-8', 'Transfer-Encoding': 'chunked', 'Connection': 'keep-alive', 'X-Powered-By': 'Express', 'Access-Control-Allow-Origin': '*', 'Cache-Control': 'no-cache', 'ETag': 'W/"486-4aSUBJMXCBkxxTE1TFr4PdaP6gk"', 'Vary': 'Accept-Encoding', 'Content-Encoding': 'gzip', 'CF-Cache-Status': 'DYNAMIC', 'Report-To': '{"endpoints":[{"url":"https:\\/\\/a.nel.cloudflare.com\\/report\\/v4?s=coojGHKji69o0YvuyJyLwvswv9glkUmL7%2FGYXAZpebcFb3QHBwGke8smhgsPXcUiFN49HpUc8P2eIVRWY9jDew6HiAMTUJ6C4KrbbOlD2JYqdybVl0qM93fq5TD6Q6AX"}],"group":"cf-nel","max_age":604800}', 'NEL': '{"success_fraction":0,"report_to":"cf-nel","max_age":604800}', 'Server': 'cloudflare', 'CF-RAY': '886b3d670ee6cea8-SJC', 'alt-svc': 'h3=":443"; ma=86400'} 
 body={"results":[{"gender":"male","name":{"title":"Mr","first":"Borja","last":"Hernández"},"location":{"street":{"number":1178,"name":"Calle de Arturo Soria"},"city":"Toledo","state":"País Vasco","country":"Spain","postcode":51735,"coordinates":{"latitude":"-36.9267","longitude":"-121.9662"},"timezone":{"offset":"-12:00","description":"Eniwetok, Kwajalein"}},"email":"borja.hernandez@example.com","login":{"uuid":"26016df7-2a79-44f3-9bef-aedf025200f7","username":"whitewolf685","password":"pulsar","salt":"iOEJr8md","md5":"09024f50469d72d3c7fe6ecdfbc6b4ca","sha1":"534ff1817d2557bdaa807bc5260deaf3047f532c","sha256":"28e32e44b42f58e6e8c24b1b9f07f8e56f5a2b8797a859f8e6d87425bbd6bae5"},"dob":{"date":"1997-10-17T06:37:55.172Z","age":26},"registered":{"date":"2019-05-18T18:26:32.568Z","age":5},"phone":"901-310-094","cell":"635-080-110","id":{"name":"DNI","value":"48315848-Z"},"picture":{"large":"https://randomuser.me/api/portraits/men/94.jpg","medium":"https://randomuser.me/api/portraits/med/men/94.jpg","thumbnail":"https://randomuser.me/api/portraits/thumb/men/94.jpg"},"nat":"ES"}],"info":{"seed":"6adfa24cef4c9f9b","results":1,"page":1,"version":"1.4"}} 
 </msg>
<msg time="2024-05-20T09:18:31.616401" level="INFO">/opt/hostedtoolcache/Python/3.12.3/x64/lib/python3.12/site-packages/urllib3/connectionpool.py:1103: InsecureRequestWarning: Unverified HTTPS request is being made to host 'randomuser.me'. Adding certificate verification is strongly advised. See: https://urllib3.readthedocs.io/en/latest/advanced-usage.html#tls-warnings
  warnings.warn(</msg>
<msg time="2024-05-20T09:18:31.616530" level="INFO">${response} = &lt;Response [200]&gt;</msg>
<var>${response}</var>
<arg>consultarAPI</arg>
<arg>/api</arg>
<doc>Sends a GET request on a previously created HTTP Session.</doc>
<status status="PASS" start="2024-05-20T09:18:31.522730" elapsed="0.093842"/>
</kw>
<kw name="Set Variable" owner="BuiltIn">
<msg time="2024-05-20T09:18:31.617850" level="INFO">${json_data} = {'results': [{'gender': 'male', 'name': {'title': 'Mr', 'first': 'Borja', 'last': 'Hernández'}, 'location': {'street': {'number': 1178, 'name': 'Calle de Arturo Soria'}, 'city': 'Toledo', 'state': 'Pa...</msg>
<var>${json_data}</var>
<arg>${response.json()}</arg>
<doc>Returns the given values which can then be assigned to a variables.</doc>
<status status="PASS" start="2024-05-20T09:18:31.617225" elapsed="0.000658"/>
</kw>
<kw name="Set Variable" owner="BuiltIn">
<msg time="2024-05-20T09:18:31.618642" level="INFO">${name_title} = Mr</msg>
<var>${name_title}</var>
<arg>${json_data["results"][0]["name"]["title"]}</arg>
<doc>Returns the given values which can then be assigned to a variables.</doc>
<status status="PASS" start="2024-05-20T09:18:31.618223" elapsed="0.000446"/>
</kw>
<kw name="Create List" owner="BuiltIn">
<msg time="2024-05-20T09:18:31.619157" level="INFO">${allowed_titles} = ['Mr', 'Ms', 'Miss', 'Mrs', 'Madame', 'Monsieur']</msg>
<var>${allowed_titles}</var>
<arg>Mr</arg>
<arg>Ms</arg>
<arg>Miss</arg>
<arg>Mrs</arg>
<arg>Madame</arg>
<arg>Monsieur</arg>
<doc>Returns a list containing given items.</doc>
<status status="PASS" start="2024-05-20T09:18:31.619002" elapsed="0.000180"/>
</kw>
<kw name="List Should Contain Value" owner="Collections">
<msg time="2024-05-20T09:18:31.619663" level="INFO">False</msg>
<arg>${allowed_titles}</arg>
<arg>${name_title}</arg>
<doc>Fails if the ``value`` is not found from ``list``.</doc>
<status status="PASS" start="2024-05-20T09:18:31.619484" elapsed="0.000217"/>
</kw>
<kw name="Set Variable" owner="BuiltIn">
<msg time="2024-05-20T09:18:31.620383" level="INFO">${name_country} = ES</msg>
<var>${name_country}</var>
<arg>${json_data["results"][0]["nat"]}</arg>
<doc>Returns the given values which can then be assigned to a variables.</doc>
<status status="PASS" start="2024-05-20T09:18:31.619996" elapsed="0.000413"/>
</kw>
<kw name="Create List" owner="BuiltIn">
<msg time="2024-05-20T09:18:31.621318" level="INFO">${list_country} = ['AD', 'AE', 'AF', 'AG', 'AI', 'AL', 'AM', 'AO', 'AQ', 'AR', 'AS', 'AT', 'AU', 'AW', 'AX', 'AZ', 'BA', 'BB', 'BD', 'BE', 'BF', 'BG', 'BH', 'BI', 'BJ', 'BL', 'BM', 'BN', 'BO', 'BQ', 'BR', 'BS', 'BT', '...</msg>
<var>${list_country}</var>
<arg>AD</arg>
<arg>AE</arg>
<arg>AF</arg>
<arg>AG</arg>
<arg>AI</arg>
<arg>AL</arg>
<arg>AM</arg>
<arg>AO</arg>
<arg>AQ</arg>
<arg>AR</arg>
<arg>AS</arg>
<arg>AT</arg>
<arg>AU</arg>
<arg>AW</arg>
<arg>AX</arg>
<arg>AZ</arg>
<arg>BA</arg>
<arg>BB</arg>
<arg>BD</arg>
<arg>BE</arg>
<arg>BF</arg>
<arg>BG</arg>
<arg>BH</arg>
<arg>BI</arg>
<arg>BJ</arg>
<arg>BL</arg>
<arg>BM</arg>
<arg>BN</arg>
<arg>BO</arg>
<arg>BQ</arg>
<arg>BR</arg>
<arg>BS</arg>
<arg>BT</arg>
<arg>BV</arg>
<arg>BW</arg>
<arg>BY</arg>
<arg>BZ</arg>
<arg>CA</arg>
<arg>CC</arg>
<arg>CD</arg>
<arg>CF</arg>
<arg>CG</arg>
<arg>CH</arg>
<arg>CI</arg>
<arg>CK</arg>
<arg>CL</arg>
<arg>CM</arg>
<arg>CN</arg>
<arg>CO</arg>
<arg>CR</arg>
<arg>CU</arg>
<arg>CV</arg>
<arg>CW</arg>
<arg>CX</arg>
<arg>CY</arg>
<arg>CZ</arg>
<arg>DE</arg>
<arg>DJ</arg>
<arg>DK</arg>
<arg>DM</arg>
<arg>DO</arg>
<arg>DZ</arg>
<arg>EC</arg>
<arg>EE</arg>
<arg>EG</arg>
<arg>EH</arg>
<arg>ER</arg>
<arg>ES</arg>
<arg>ET</arg>
<arg>FI</arg>
<arg>FJ</arg>
<arg>FK</arg>
<arg>FM</arg>
<arg>FO</arg>
<arg>FR</arg>
<arg>GA</arg>
<arg>GB</arg>
<arg>GD</arg>
<arg>GE</arg>
<arg>GF</arg>
<arg>GG</arg>
<arg>GH</arg>
<arg>GI</arg>
<arg>GL</arg>
<arg>GM</arg>
<arg>GN</arg>
<arg>GP</arg>
<arg>GQ</arg>
<arg>GR</arg>
<arg>GS</arg>
<arg>GT</arg>
<arg>GU</arg>
<arg>GW</arg>
<arg>GY</arg>
<arg>HK</arg>
<arg>HM</arg>
<arg>HN</arg>
<arg>HR</arg>
<arg>HT</arg>
<arg>HU</arg>
<arg>ID</arg>
<arg>IE</arg>
<arg>IL</arg>
<arg>IM</arg>
<arg>IN</arg>
<arg>IO</arg>
<arg>IQ</arg>
<arg>IR</arg>
<arg>IS</arg>
<arg>IT</arg>
<arg>JE</arg>
<arg>JM</arg>
<arg>JO</arg>
<arg>JP</arg>
<arg>KE</arg>
<arg>KG</arg>
<arg>KH</arg>
<arg>KI</arg>
<arg>KM</arg>
<arg>KN</arg>
<arg>KP</arg>
<arg>KR</arg>
<arg>KW</arg>
<arg>KY</arg>
<arg>KZ</arg>
<arg>LA</arg>
<arg>LB</arg>
<arg>LC</arg>
<arg>LI</arg>
<arg>LK</arg>
<arg>LR</arg>
<arg>LS</arg>
<arg>LT</arg>
<arg>LU</arg>
<arg>LV</arg>
<arg>LY</arg>
<arg>MA</arg>
<arg>MC</arg>
<arg>MD</arg>
<arg>ME</arg>
<arg>MF</arg>
<arg>MG</arg>
<arg>MH</arg>
<arg>MK</arg>
<arg>ML</arg>
<arg>MM</arg>
<arg>MN</arg>
<arg>MO</arg>
<arg>MP</arg>
<arg>MQ</arg>
<arg>MR</arg>
<arg>MS</arg>
<arg>MT</arg>
<arg>MU</arg>
<arg>MV</arg>
<arg>MW</arg>
<arg>MX</arg>
<arg>MY</arg>
<arg>MZ</arg>
<arg>NA</arg>
<arg>NC</arg>
<arg>NE</arg>
<arg>NF</arg>
<arg>NG</arg>
<arg>NI</arg>
<arg>NL</arg>
<arg>NO</arg>
<arg>NP</arg>
<arg>NR</arg>
<arg>NU</arg>
<arg>NZ</arg>
<arg>OM</arg>
<arg>PA</arg>
<arg>PE</arg>
<arg>PF</arg>
<arg>PG</arg>
<arg>PH</arg>
<arg>PK</arg>
<arg>PL</arg>
<arg>PM</arg>
<arg>PN</arg>
<arg>PR</arg>
<arg>PS</arg>
<arg>PT</arg>
<arg>PW</arg>
<arg>PY</arg>
<arg>QA</arg>
<arg>RE</arg>
<arg>RO</arg>
<arg>RS</arg>
<arg>RU</arg>
<arg>RW</arg>
<arg>SA</arg>
<arg>SB</arg>
<arg>SC</arg>
<arg>SD</arg>
<arg>SE</arg>
<arg>SG</arg>
<arg>SH</arg>
<arg>SI</arg>
<arg>SJ</arg>
<arg>SK</arg>
<arg>SL</arg>
<arg>SM</arg>
<arg>SN</arg>
<arg>SO</arg>
<arg>SR</arg>
<arg>SS</arg>
<arg>ST</arg>
<arg>SV</arg>
<arg>SX</arg>
<arg>SY</arg>
<arg>SZ</arg>
<arg>TC</arg>
<arg>TD</arg>
<arg>TF</arg>
<arg>TG</arg>
<arg>TH</arg>
<arg>TJ</arg>
<arg>TK</arg>
<arg>TL</arg>
<arg>TM</arg>
<arg>TN</arg>
<arg>TO</arg>
<arg>TR</arg>
<arg>TT</arg>
<arg>TV</arg>
<arg>TW</arg>
<arg>TZ</arg>
<arg>UA</arg>
<arg>UG</arg>
<arg>UM</arg>
<arg>US</arg>
<arg>UY</arg>
<arg>UZ</arg>
<arg>VA</arg>
<arg>VC</arg>
<arg>VE</arg>
<arg>VG</arg>
<arg>VI</arg>
<arg>VN</arg>
<arg>VU</arg>
<arg>WF</arg>
<arg>WS</arg>
<arg>XK</arg>
<arg>YE</arg>
<arg>YT</arg>
<arg>ZA</arg>
<arg>ZM</arg>
<arg>ZW</arg>
<doc>Returns a list containing given items.</doc>
<status status="PASS" start="2024-05-20T09:18:31.620719" elapsed="0.000625"/>
</kw>
<kw name="List Should Contain Value" owner="Collections">
<msg time="2024-05-20T09:18:31.622400" level="INFO">False</msg>
<arg>${list_country}</arg>
<arg>${name_country}</arg>
<doc>Fails if the ``value`` is not found from ``list``.</doc>
<status status="PASS" start="2024-05-20T09:18:31.622188" elapsed="0.000249"/>
</kw>
<kw name="Run Keyword If" owner="BuiltIn">
<kw name="Should Be True" owner="BuiltIn">
<arg>${True}</arg>
<doc>Fails if the given condition is not true.</doc>
<status status="PASS" start="2024-05-20T09:18:31.623511" elapsed="0.000279"/>
</kw>
<arg>${json_data["results"][0]["location"]["coordinates"]["latitude"]} &gt;= -90 and ${json_data["results"][0]["location"]["coordinates"]["latitude"]} &lt;= 90</arg>
<arg>Should Be True</arg>
<arg>${True}</arg>
<doc>Runs the given keyword with the given arguments, if ``condition`` is true.</doc>
<status status="PASS" start="2024-05-20T09:18:31.622753" elapsed="0.001178"/>
</kw>
<kw name="Run Keyword If" owner="BuiltIn">
<kw name="Should Be True" owner="BuiltIn">
<arg>${True}</arg>
<doc>Fails if the given condition is not true.</doc>
<status status="PASS" start="2024-05-20T09:18:31.624818" elapsed="0.000139"/>
</kw>
<arg>${json_data["results"][0]["location"]["coordinates"]["longitude"]} &gt;= -180 and ${json_data["results"][0]["location"]["coordinates"]["longitude"]} &lt;= 180</arg>
<arg>Should Be True</arg>
<arg>${True}</arg>
<doc>Runs the given keyword with the given arguments, if ``condition`` is true.</doc>
<status status="PASS" start="2024-05-20T09:18:31.624118" elapsed="0.000962"/>
</kw>
<status status="PASS" start="2024-05-20T09:18:31.522324" elapsed="0.102889"/>
</kw>
<doc>Testa o conteúdo específico dos campos retornados pela API.</doc>
<tag>testeConteudo</tag>
<status status="PASS" start="2024-05-20T09:18:31.521533" elapsed="0.103833"/>
</test>
<status status="PASS" start="2024-05-20T09:18:30.754882" elapsed="0.872514"/>
</suite>
<status status="PASS" start="2024-05-20T09:18:30.741181" elapsed="0.891664"/>
</suite>
<statistics>
<total>
<stat pass="5" fail="0" skip="0">All Tests</stat>
</total>
<tag>
<stat pass="1" fail="0" skip="0">testeConteudo</stat>
<stat pass="1" fail="0" skip="0">testeEstruturaResposta</stat>
<stat pass="1" fail="0" skip="0">testeRequisicaoBasica</stat>
<stat pass="1" fail="0" skip="0">testeTiposDados</stat>
</tag>
<suite>
<stat pass="5" fail="0" skip="0" id="s1" name="Tests">Tests</stat>
<stat pass="5" fail="0" skip="0" id="s1-s1" name="Random-User-Test">Tests.Random-User-Test</stat>
</suite>
</statistics>
<errors>
</errors>
</robot>
