<?xml version="1.0" encoding="UTF-8"?>
<robot generator="Robot 7.0 (Python 3.12.3 on linux)" generated="2024-05-04T11:10:52.006668" rpa="false" schemaversion="5">
<suite id="s1" name="Tests" source="/home/runner/work/DesafioQAItauRogerioJordao/DesafioQAItauRogerioJordao/RamdonUser/tests">
<suite id="s1-s1" name="Random-User-Test" source="/home/runner/work/DesafioQAItauRogerioJordao/DesafioQAItauRogerioJordao/RamdonUser/tests/random-user-test.robot">
<test id="s1-s1-t1" name="Conectar" line="13">
<kw name="Conectar API" owner="random-user-service">
<kw name="Create Session" owner="RequestsLibrary">
<msg time="2024-05-04T11:10:52.358733" level="INFO">Creating Session using : alias=consultarAPI, url=https://randomuser.me/, headers={},                     cookies={}, auth=None, timeout=None, proxies=None, verify=False,                     debug=0 </msg>
<arg>consultarAPI</arg>
<arg>${URL}</arg>
<doc>Create Session: create a HTTP session to a server</doc>
<status status="PASS" start="2024-05-04T11:10:52.358545" elapsed="0.000368"/>
</kw>
<status status="PASS" start="2024-05-04T11:10:52.357619" elapsed="0.001636"/>
</kw>
<status status="PASS" start="2024-05-04T11:10:52.357078" elapsed="0.002367"/>
</test>
<test id="s1-s1-t2" name="Validar retorno 200 e JSON Válido" line="16">
<kw name="Teste de Requisicao Basica" owner="random-user-service">
<kw name="GET On Session" owner="RequestsLibrary">
<msg time="2024-05-04T11:10:52.516954" level="INFO">GET Request : url=https://randomuser.me/api 
 path_url=/api 
 headers={'User-Agent': 'python-requests/2.31.0', 'Accept-Encoding': 'gzip, deflate', 'Accept': '*/*', 'Connection': 'keep-alive'} 
 body=None 
 </msg>
<msg time="2024-05-04T11:10:52.517106" level="INFO">GET Response : url=https://randomuser.me/api 
 status=200, reason=OK 
 headers={'Date': 'Sat, 04 May 2024 11:10:52 GMT', 'Content-Type': 'application/json; charset=utf-8', 'Transfer-Encoding': 'chunked', 'Connection': 'keep-alive', 'X-Powered-By': 'Express', 'Access-Control-Allow-Origin': '*', 'Cache-Control': 'no-cache', 'ETag': 'W/"48f-3aRkL4d4hEMs5GUxYn808K0I34o"', 'Vary': 'Accept-Encoding', 'Content-Encoding': 'gzip', 'CF-Cache-Status': 'DYNAMIC', 'Report-To': '{"endpoints":[{"url":"https:\\/\\/a.nel.cloudflare.com\\/report\\/v4?s=HQC8yK47j6C%2F9NUnqTEkW9sD2P8u9EESj%2BZnNdWbPml7pfqCJhmyAxWhj9YNW55isF7RJ2EdA4Ur1dekIdzpoGUbRWz%2FPba3jssRidWvEzwKiD8%2FOLnkLJd6AqZmiTs0"}],"group":"cf-nel","max_age":604800}', 'NEL': '{"success_fraction":0,"report_to":"cf-nel","max_age":604800}', 'Server': 'cloudflare', 'CF-RAY': '87e80bf99dc12b7d-LAX', 'alt-svc': 'h3=":443"; ma=86400'} 
 body={"results":[{"gender":"female","name":{"title":"Miss","first":"آنیتا","last":"کامروا"},"location":{"street":{"number":6224,"name":"آیت الله کاشانی"},"city":"تبریز","state":"بوشهر","country":"Iran","postcode":97966,"coordinates":{"latitude":"14.9741","longitude":"26.3756"},"timezone":{"offset":"-2:00","description":"Mid-Atlantic"}},"email":"anyt.khmrw@example.com","login":{"uuid":"0c069143-f283-4ed1-8fd0-0647658d99b3","username":"beautifulbird453","password":"snowball","salt":"iIo42dI9","md5":"dc19ee123885db5ef44fbcf58985b632","sha1":"5dceb61905f62803bafadb291ea8eb2b743c39a2","sha256":"dc3415788b2dd461b2014d30c974a3f17352206702f6a04d97651fc7535d2010"},"dob":{"date":"1959-12-26T06:58:32.980Z","age":64},"registered":{"date":"2011-10-31T10:09:46.032Z","age":12},"phone":"035-85672127","cell":"0990-567-7050","id":{"name":"","value":null},"picture":{"large":"https://randomuser.me/api/portraits/women/39.jpg","medium":"https://randomuser.me/api/portraits/med/women/39.jpg","thumbnail":"https://randomuser.me/api/portraits/thumb/women/39.jpg"},"nat":"IR"}],"info":{"seed":"379bd8bef2885438","results":1,"page":1,"version":"1.4"}} 
 </msg>
<msg time="2024-05-04T11:10:52.517212" level="INFO">/opt/hostedtoolcache/Python/3.12.3/x64/lib/python3.12/site-packages/urllib3/connectionpool.py:1103: InsecureRequestWarning: Unverified HTTPS request is being made to host 'randomuser.me'. Adding certificate verification is strongly advised. See: https://urllib3.readthedocs.io/en/latest/advanced-usage.html#tls-warnings
  warnings.warn(</msg>
<msg time="2024-05-04T11:10:52.517373" level="INFO">${response} = &lt;Response [200]&gt;</msg>
<var>${response}</var>
<arg>consultarAPI</arg>
<arg>/api</arg>
<doc>Sends a GET request on a previously created HTTP Session.</doc>
<status status="PASS" start="2024-05-04T11:10:52.362170" elapsed="0.155253"/>
</kw>
<kw name="Should Be Equal As Numbers" owner="BuiltIn">
<msg time="2024-05-04T11:10:52.518646" level="INFO">Argument types are:
&lt;class 'int'&gt;
&lt;class 'str'&gt;</msg>
<arg>${response.status_code}</arg>
<arg>200</arg>
<doc>Fails if objects are unequal after converting them to real numbers.</doc>
<status status="PASS" start="2024-05-04T11:10:52.518026" elapsed="0.000686"/>
</kw>
<kw name="Log" owner="BuiltIn">
<msg time="2024-05-04T11:10:52.519419" level="INFO">200</msg>
<arg>${response.status_code}</arg>
<doc>Logs the given message with the given level.</doc>
<status status="PASS" start="2024-05-04T11:10:52.519069" elapsed="0.000391"/>
</kw>
<kw name="Set Variable" owner="BuiltIn">
<msg time="2024-05-04T11:10:52.520243" level="INFO">${json_data} = {'results': [{'gender': 'female', 'name': {'title': 'Miss', 'first': 'آنیتا', 'last': 'کامروا'}, 'location': {'street': {'number': 6224, 'name': 'آیت الله کاشانی'}, 'city': 'تبریز', 'state': 'بوشهر', ...</msg>
<var>${json_data}</var>
<arg>${response.json()}</arg>
<doc>Returns the given values which can then be assigned to a variables.</doc>
<status status="PASS" start="2024-05-04T11:10:52.519760" elapsed="0.000514"/>
</kw>
<kw name="Dictionary Should Contain Key" owner="Collections">
<msg time="2024-05-04T11:10:52.520754" level="INFO">False</msg>
<arg>${json_data}</arg>
<arg>results</arg>
<doc>Fails if ``key`` is not found from ``dictionary``.</doc>
<status status="PASS" start="2024-05-04T11:10:52.520588" elapsed="0.000204"/>
</kw>
<status status="PASS" start="2024-05-04T11:10:52.361932" elapsed="0.159110"/>
</kw>
<doc>Testa se a API responde corretamente e retorna um objeto JSON válido.</doc>
<tag>testeRequisicaoBasica</tag>
<status status="PASS" start="2024-05-04T11:10:52.361378" elapsed="0.159835"/>
</test>
<test id="s1-s1-t3" name="Validar estrutura de resposta" line="22">
<kw name="Teste de Estrutura de Resposta" owner="random-user-service">
<kw name="GET On Session" owner="RequestsLibrary">
<msg time="2024-05-04T11:10:52.622840" level="INFO">GET Request : url=https://randomuser.me/api 
 path_url=/api 
 headers={'User-Agent': 'python-requests/2.31.0', 'Accept-Encoding': 'gzip, deflate', 'Accept': '*/*', 'Connection': 'keep-alive'} 
 body=None 
 </msg>
<msg time="2024-05-04T11:10:52.622926" level="INFO">GET Response : url=https://randomuser.me/api 
 status=200, reason=OK 
 headers={'Date': 'Sat, 04 May 2024 11:10:52 GMT', 'Content-Type': 'application/json; charset=utf-8', 'Transfer-Encoding': 'chunked', 'Connection': 'keep-alive', 'X-Powered-By': 'Express', 'Access-Control-Allow-Origin': '*', 'Cache-Control': 'no-cache', 'ETag': 'W/"48f-OvmzZP/OXTbP8moQwkEHewbrR74"', 'Vary': 'Accept-Encoding', 'Content-Encoding': 'gzip', 'CF-Cache-Status': 'DYNAMIC', 'Report-To': '{"endpoints":[{"url":"https:\\/\\/a.nel.cloudflare.com\\/report\\/v4?s=5hrDvZw%2FYksyi78VL%2BqTsEwnjHXCdi6vijdOPBYrmVy7Heyd9w%2FYQiJoU4bXNMmNCZUHxv3dI97mjdS2w39vlTH62jmFBKyTd9liQHDWxYHl%2FqM5LpMza3NjiQuLZwnI"}],"group":"cf-nel","max_age":604800}', 'NEL': '{"success_fraction":0,"report_to":"cf-nel","max_age":604800}', 'Server': 'cloudflare', 'CF-RAY': '87e80bfa4e552b7d-LAX', 'alt-svc': 'h3=":443"; ma=86400'} 
 body={"results":[{"gender":"male","name":{"title":"Mr","first":"Udarsh","last":"Padmanabha"},"location":{"street":{"number":5100,"name":"Tripolia Bazar"},"city":"Panchkula","state":"Manipur","country":"India","postcode":26587,"coordinates":{"latitude":"6.8365","longitude":"-167.4092"},"timezone":{"offset":"+5:30","description":"Bombay, Calcutta, Madras, New Delhi"}},"email":"udarsh.padmanabha@example.com","login":{"uuid":"eab8fb92-c910-4154-b13f-9d9bed822eb0","username":"bluezebra658","password":"bank","salt":"WJhbgvrT","md5":"a50fb61f7d1584ec372908d81bc00287","sha1":"92420d69aa013290f5291b8a0293ac9046ba9bb8","sha256":"386aa651c520f0d4f95de2e038634348fd9e212fa1b1fe04edd069712911d6fd"},"dob":{"date":"1992-02-14T18:11:47.690Z","age":32},"registered":{"date":"2013-07-26T14:45:35.650Z","age":10},"phone":"9851187017","cell":"7092413181","id":{"name":"UIDAI","value":"791296731134"},"picture":{"large":"https://randomuser.me/api/portraits/men/69.jpg","medium":"https://randomuser.me/api/portraits/med/men/69.jpg","thumbnail":"https://randomuser.me/api/portraits/thumb/men/69.jpg"},"nat":"IN"}],"info":{"seed":"1eaea17fec7364e8","results":1,"page":1,"version":"1.4"}} 
 </msg>
<msg time="2024-05-04T11:10:52.623051" level="INFO">/opt/hostedtoolcache/Python/3.12.3/x64/lib/python3.12/site-packages/urllib3/connectionpool.py:1103: InsecureRequestWarning: Unverified HTTPS request is being made to host 'randomuser.me'. Adding certificate verification is strongly advised. See: https://urllib3.readthedocs.io/en/latest/advanced-usage.html#tls-warnings
  warnings.warn(</msg>
<msg time="2024-05-04T11:10:52.623178" level="INFO">${response} = &lt;Response [200]&gt;</msg>
<var>${response}</var>
<arg>consultarAPI</arg>
<arg>/api</arg>
<doc>Sends a GET request on a previously created HTTP Session.</doc>
<status status="PASS" start="2024-05-04T11:10:52.523698" elapsed="0.099535"/>
</kw>
<kw name="Set Variable" owner="BuiltIn">
<msg time="2024-05-04T11:10:52.624615" level="INFO">${json_data} = {'results': [{'gender': 'male', 'name': {'title': 'Mr', 'first': 'Udarsh', 'last': 'Padmanabha'}, 'location': {'street': {'number': 5100, 'name': 'Tripolia Bazar'}, 'city': 'Panchkula', 'state': 'Mani...</msg>
<var>${json_data}</var>
<arg>${response.json()}</arg>
<doc>Returns the given values which can then be assigned to a variables.</doc>
<status status="PASS" start="2024-05-04T11:10:52.623835" elapsed="0.000808"/>
</kw>
<kw name="Log" owner="BuiltIn">
<msg time="2024-05-04T11:10:52.625095" level="INFO">{'results': [{'gender': 'male', 'name': {'title': 'Mr', 'first': 'Udarsh', 'last': 'Padmanabha'}, 'location': {'street': {'number': 5100, 'name': 'Tripolia Bazar'}, 'city': 'Panchkula', 'state': 'Manipur', 'country': 'India', 'postcode': 26587, 'coordinates': {'latitude': '6.8365', 'longitude': '-167.4092'}, 'timezone': {'offset': '+5:30', 'description': 'Bombay, Calcutta, Madras, New Delhi'}}, 'email': 'udarsh.padmanabha@example.com', 'login': {'uuid': 'eab8fb92-c910-4154-b13f-9d9bed822eb0', 'username': 'bluezebra658', 'password': 'bank', 'salt': 'WJhbgvrT', 'md5': 'a50fb61f7d1584ec372908d81bc00287', 'sha1': '92420d69aa013290f5291b8a0293ac9046ba9bb8', 'sha256': '386aa651c520f0d4f95de2e038634348fd9e212fa1b1fe04edd069712911d6fd'}, 'dob': {'date': '1992-02-14T18:11:47.690Z', 'age': 32}, 'registered': {'date': '2013-07-26T14:45:35.650Z', 'age': 10}, 'phone': '9851187017', 'cell': '7092413181', 'id': {'name': 'UIDAI', 'value': '791296731134'}, 'picture': {'large': 'https://randomuser.me/api/portraits/men/69.jpg', 'medium': 'https://randomuser.me/api/portraits/med/men/69.jpg', 'thumbnail': 'https://randomuser.me/api/portraits/thumb/men/69.jpg'}, 'nat': 'IN'}], 'info': {'seed': '1eaea17fec7364e8', 'results': 1, 'page': 1, 'version': '1.4'}}</msg>
<arg>${json_data}</arg>
<doc>Logs the given message with the given level.</doc>
<status status="PASS" start="2024-05-04T11:10:52.624943" elapsed="0.000205"/>
</kw>
<kw name="Dictionary Should Contain Key" owner="Collections">
<msg time="2024-05-04T11:10:52.625586" level="INFO">False</msg>
<arg>${json_data}</arg>
<arg>results</arg>
<doc>Fails if ``key`` is not found from ``dictionary``.</doc>
<status status="PASS" start="2024-05-04T11:10:52.625439" elapsed="0.000183"/>
</kw>
<kw name="Should Not Be Empty" owner="BuiltIn">
<msg time="2024-05-04T11:10:52.626031" level="INFO">Length is 2.</msg>
<arg>${json_data}</arg>
<doc>Verifies that the given item is not empty.</doc>
<status status="PASS" start="2024-05-04T11:10:52.625905" elapsed="0.000163"/>
</kw>
<kw name="Create List" owner="BuiltIn">
<msg time="2024-05-04T11:10:52.626624" level="INFO">${expected_keys} = ['gender', 'name', 'location', 'email', 'login']</msg>
<var>${expected_keys}</var>
<arg>gender</arg>
<arg>name</arg>
<arg>location</arg>
<arg>email</arg>
<arg>login</arg>
<doc>Returns a list containing given items.</doc>
<status status="PASS" start="2024-05-04T11:10:52.626355" elapsed="0.000293"/>
</kw>
<for flavor="IN">
<iter>
<kw name="Dictionary Should Contain Key" owner="Collections">
<msg time="2024-05-04T11:10:52.627608" level="INFO">False</msg>
<arg>${json_data['results'][0]}</arg>
<arg>${key}</arg>
<doc>Fails if ``key`` is not found from ``dictionary``.</doc>
<status status="PASS" start="2024-05-04T11:10:52.627220" elapsed="0.000424"/>
</kw>
<kw name="Log" owner="BuiltIn">
<msg time="2024-05-04T11:10:52.628342" level="INFO">{'gender': 'male', 'name': {'title': 'Mr', 'first': 'Udarsh', 'last': 'Padmanabha'}, 'location': {'street': {'number': 5100, 'name': 'Tripolia Bazar'}, 'city': 'Panchkula', 'state': 'Manipur', 'country': 'India', 'postcode': 26587, 'coordinates': {'latitude': '6.8365', 'longitude': '-167.4092'}, 'timezone': {'offset': '+5:30', 'description': 'Bombay, Calcutta, Madras, New Delhi'}}, 'email': 'udarsh.padmanabha@example.com', 'login': {'uuid': 'eab8fb92-c910-4154-b13f-9d9bed822eb0', 'username': 'bluezebra658', 'password': 'bank', 'salt': 'WJhbgvrT', 'md5': 'a50fb61f7d1584ec372908d81bc00287', 'sha1': '92420d69aa013290f5291b8a0293ac9046ba9bb8', 'sha256': '386aa651c520f0d4f95de2e038634348fd9e212fa1b1fe04edd069712911d6fd'}, 'dob': {'date': '1992-02-14T18:11:47.690Z', 'age': 32}, 'registered': {'date': '2013-07-26T14:45:35.650Z', 'age': 10}, 'phone': '9851187017', 'cell': '7092413181', 'id': {'name': 'UIDAI', 'value': '791296731134'}, 'picture': {'large': 'https://randomuser.me/api/portraits/men/69.jpg', 'medium': 'https://randomuser.me/api/portraits/med/men/69.jpg', 'thumbnail': 'https://randomuser.me/api/portraits/thumb/men/69.jpg'}, 'nat': 'IN'}</msg>
<arg>${json_data['results'][0]}</arg>
<doc>Logs the given message with the given level.</doc>
<status status="PASS" start="2024-05-04T11:10:52.627943" elapsed="0.000446"/>
</kw>
<kw name="Log" owner="BuiltIn">
<msg time="2024-05-04T11:10:52.628815" level="INFO">gender</msg>
<arg>${key}</arg>
<doc>Logs the given message with the given level.</doc>
<status status="PASS" start="2024-05-04T11:10:52.628690" elapsed="0.000161"/>
</kw>
<var name="${key}">gender</var>
<status status="PASS" start="2024-05-04T11:10:52.627096" elapsed="0.001967"/>
</iter>
<iter>
<kw name="Dictionary Should Contain Key" owner="Collections">
<msg time="2024-05-04T11:10:52.629759" level="INFO">False</msg>
<arg>${json_data['results'][0]}</arg>
<arg>${key}</arg>
<doc>Fails if ``key`` is not found from ``dictionary``.</doc>
<status status="PASS" start="2024-05-04T11:10:52.629358" elapsed="0.000438"/>
</kw>
<kw name="Log" owner="BuiltIn">
<msg time="2024-05-04T11:10:52.630471" level="INFO">{'gender': 'male', 'name': {'title': 'Mr', 'first': 'Udarsh', 'last': 'Padmanabha'}, 'location': {'street': {'number': 5100, 'name': 'Tripolia Bazar'}, 'city': 'Panchkula', 'state': 'Manipur', 'country': 'India', 'postcode': 26587, 'coordinates': {'latitude': '6.8365', 'longitude': '-167.4092'}, 'timezone': {'offset': '+5:30', 'description': 'Bombay, Calcutta, Madras, New Delhi'}}, 'email': 'udarsh.padmanabha@example.com', 'login': {'uuid': 'eab8fb92-c910-4154-b13f-9d9bed822eb0', 'username': 'bluezebra658', 'password': 'bank', 'salt': 'WJhbgvrT', 'md5': 'a50fb61f7d1584ec372908d81bc00287', 'sha1': '92420d69aa013290f5291b8a0293ac9046ba9bb8', 'sha256': '386aa651c520f0d4f95de2e038634348fd9e212fa1b1fe04edd069712911d6fd'}, 'dob': {'date': '1992-02-14T18:11:47.690Z', 'age': 32}, 'registered': {'date': '2013-07-26T14:45:35.650Z', 'age': 10}, 'phone': '9851187017', 'cell': '7092413181', 'id': {'name': 'UIDAI', 'value': '791296731134'}, 'picture': {'large': 'https://randomuser.me/api/portraits/men/69.jpg', 'medium': 'https://randomuser.me/api/portraits/med/men/69.jpg', 'thumbnail': 'https://randomuser.me/api/portraits/thumb/men/69.jpg'}, 'nat': 'IN'}</msg>
<arg>${json_data['results'][0]}</arg>
<doc>Logs the given message with the given level.</doc>
<status status="PASS" start="2024-05-04T11:10:52.630115" elapsed="0.000403"/>
</kw>
<kw name="Log" owner="BuiltIn">
<msg time="2024-05-04T11:10:52.630932" level="INFO">name</msg>
<arg>${key}</arg>
<doc>Logs the given message with the given level.</doc>
<status status="PASS" start="2024-05-04T11:10:52.630810" elapsed="0.000157"/>
</kw>
<var name="${key}">name</var>
<status status="PASS" start="2024-05-04T11:10:52.629246" elapsed="0.001932"/>
</iter>
<iter>
<kw name="Dictionary Should Contain Key" owner="Collections">
<msg time="2024-05-04T11:10:52.631839" level="INFO">False</msg>
<arg>${json_data['results'][0]}</arg>
<arg>${key}</arg>
<doc>Fails if ``key`` is not found from ``dictionary``.</doc>
<status status="PASS" start="2024-05-04T11:10:52.631462" elapsed="0.000413"/>
</kw>
<kw name="Log" owner="BuiltIn">
<msg time="2024-05-04T11:10:52.632568" level="INFO">{'gender': 'male', 'name': {'title': 'Mr', 'first': 'Udarsh', 'last': 'Padmanabha'}, 'location': {'street': {'number': 5100, 'name': 'Tripolia Bazar'}, 'city': 'Panchkula', 'state': 'Manipur', 'country': 'India', 'postcode': 26587, 'coordinates': {'latitude': '6.8365', 'longitude': '-167.4092'}, 'timezone': {'offset': '+5:30', 'description': 'Bombay, Calcutta, Madras, New Delhi'}}, 'email': 'udarsh.padmanabha@example.com', 'login': {'uuid': 'eab8fb92-c910-4154-b13f-9d9bed822eb0', 'username': 'bluezebra658', 'password': 'bank', 'salt': 'WJhbgvrT', 'md5': 'a50fb61f7d1584ec372908d81bc00287', 'sha1': '92420d69aa013290f5291b8a0293ac9046ba9bb8', 'sha256': '386aa651c520f0d4f95de2e038634348fd9e212fa1b1fe04edd069712911d6fd'}, 'dob': {'date': '1992-02-14T18:11:47.690Z', 'age': 32}, 'registered': {'date': '2013-07-26T14:45:35.650Z', 'age': 10}, 'phone': '9851187017', 'cell': '7092413181', 'id': {'name': 'UIDAI', 'value': '791296731134'}, 'picture': {'large': 'https://randomuser.me/api/portraits/men/69.jpg', 'medium': 'https://randomuser.me/api/portraits/med/men/69.jpg', 'thumbnail': 'https://randomuser.me/api/portraits/thumb/men/69.jpg'}, 'nat': 'IN'}</msg>
<arg>${json_data['results'][0]}</arg>
<doc>Logs the given message with the given level.</doc>
<status status="PASS" start="2024-05-04T11:10:52.632207" elapsed="0.000406"/>
</kw>
<kw name="Log" owner="BuiltIn">
<msg time="2024-05-04T11:10:52.633027" level="INFO">location</msg>
<arg>${key}</arg>
<doc>Logs the given message with the given level.</doc>
<status status="PASS" start="2024-05-04T11:10:52.632904" elapsed="0.000159"/>
</kw>
<var name="${key}">location</var>
<status status="PASS" start="2024-05-04T11:10:52.631353" elapsed="0.001921"/>
</iter>
<iter>
<kw name="Dictionary Should Contain Key" owner="Collections">
<msg time="2024-05-04T11:10:52.633976" level="INFO">False</msg>
<arg>${json_data['results'][0]}</arg>
<arg>${key}</arg>
<doc>Fails if ``key`` is not found from ``dictionary``.</doc>
<status status="PASS" start="2024-05-04T11:10:52.633549" elapsed="0.000464"/>
</kw>
<kw name="Log" owner="BuiltIn">
<msg time="2024-05-04T11:10:52.634661" level="INFO">{'gender': 'male', 'name': {'title': 'Mr', 'first': 'Udarsh', 'last': 'Padmanabha'}, 'location': {'street': {'number': 5100, 'name': 'Tripolia Bazar'}, 'city': 'Panchkula', 'state': 'Manipur', 'country': 'India', 'postcode': 26587, 'coordinates': {'latitude': '6.8365', 'longitude': '-167.4092'}, 'timezone': {'offset': '+5:30', 'description': 'Bombay, Calcutta, Madras, New Delhi'}}, 'email': 'udarsh.padmanabha@example.com', 'login': {'uuid': 'eab8fb92-c910-4154-b13f-9d9bed822eb0', 'username': 'bluezebra658', 'password': 'bank', 'salt': 'WJhbgvrT', 'md5': 'a50fb61f7d1584ec372908d81bc00287', 'sha1': '92420d69aa013290f5291b8a0293ac9046ba9bb8', 'sha256': '386aa651c520f0d4f95de2e038634348fd9e212fa1b1fe04edd069712911d6fd'}, 'dob': {'date': '1992-02-14T18:11:47.690Z', 'age': 32}, 'registered': {'date': '2013-07-26T14:45:35.650Z', 'age': 10}, 'phone': '9851187017', 'cell': '7092413181', 'id': {'name': 'UIDAI', 'value': '791296731134'}, 'picture': {'large': 'https://randomuser.me/api/portraits/men/69.jpg', 'medium': 'https://randomuser.me/api/portraits/med/men/69.jpg', 'thumbnail': 'https://randomuser.me/api/portraits/thumb/men/69.jpg'}, 'nat': 'IN'}</msg>
<arg>${json_data['results'][0]}</arg>
<doc>Logs the given message with the given level.</doc>
<status status="PASS" start="2024-05-04T11:10:52.634310" elapsed="0.000397"/>
</kw>
<kw name="Log" owner="BuiltIn">
<msg time="2024-05-04T11:10:52.635116" level="INFO">email</msg>
<arg>${key}</arg>
<doc>Logs the given message with the given level.</doc>
<status status="PASS" start="2024-05-04T11:10:52.634993" elapsed="0.000158"/>
</kw>
<var name="${key}">email</var>
<status status="PASS" start="2024-05-04T11:10:52.633441" elapsed="0.001925"/>
</iter>
<iter>
<kw name="Dictionary Should Contain Key" owner="Collections">
<msg time="2024-05-04T11:10:52.636021" level="INFO">False</msg>
<arg>${json_data['results'][0]}</arg>
<arg>${key}</arg>
<doc>Fails if ``key`` is not found from ``dictionary``.</doc>
<status status="PASS" start="2024-05-04T11:10:52.635644" elapsed="0.000414"/>
</kw>
<kw name="Log" owner="BuiltIn">
<msg time="2024-05-04T11:10:52.636748" level="INFO">{'gender': 'male', 'name': {'title': 'Mr', 'first': 'Udarsh', 'last': 'Padmanabha'}, 'location': {'street': {'number': 5100, 'name': 'Tripolia Bazar'}, 'city': 'Panchkula', 'state': 'Manipur', 'country': 'India', 'postcode': 26587, 'coordinates': {'latitude': '6.8365', 'longitude': '-167.4092'}, 'timezone': {'offset': '+5:30', 'description': 'Bombay, Calcutta, Madras, New Delhi'}}, 'email': 'udarsh.padmanabha@example.com', 'login': {'uuid': 'eab8fb92-c910-4154-b13f-9d9bed822eb0', 'username': 'bluezebra658', 'password': 'bank', 'salt': 'WJhbgvrT', 'md5': 'a50fb61f7d1584ec372908d81bc00287', 'sha1': '92420d69aa013290f5291b8a0293ac9046ba9bb8', 'sha256': '386aa651c520f0d4f95de2e038634348fd9e212fa1b1fe04edd069712911d6fd'}, 'dob': {'date': '1992-02-14T18:11:47.690Z', 'age': 32}, 'registered': {'date': '2013-07-26T14:45:35.650Z', 'age': 10}, 'phone': '9851187017', 'cell': '7092413181', 'id': {'name': 'UIDAI', 'value': '791296731134'}, 'picture': {'large': 'https://randomuser.me/api/portraits/men/69.jpg', 'medium': 'https://randomuser.me/api/portraits/med/men/69.jpg', 'thumbnail': 'https://randomuser.me/api/portraits/thumb/men/69.jpg'}, 'nat': 'IN'}</msg>
<arg>${json_data['results'][0]}</arg>
<doc>Logs the given message with the given level.</doc>
<status status="PASS" start="2024-05-04T11:10:52.636388" elapsed="0.000407"/>
</kw>
<kw name="Log" owner="BuiltIn">
<msg time="2024-05-04T11:10:52.637211" level="INFO">login</msg>
<arg>${key}</arg>
<doc>Logs the given message with the given level.</doc>
<status status="PASS" start="2024-05-04T11:10:52.637087" elapsed="0.000161"/>
</kw>
<var name="${key}">login</var>
<status status="PASS" start="2024-05-04T11:10:52.635535" elapsed="0.001946"/>
</iter>
<var>${key}</var>
<value>@{expected_keys}</value>
<status status="PASS" start="2024-05-04T11:10:52.626908" elapsed="0.010695"/>
</for>
<kw name="Create List" owner="BuiltIn">
<msg time="2024-05-04T11:10:52.637933" level="INFO">${expected_keysTwo} = ['username', 'password']</msg>
<var>${expected_keysTwo}</var>
<arg>username</arg>
<arg>password</arg>
<doc>Returns a list containing given items.</doc>
<status status="PASS" start="2024-05-04T11:10:52.637792" elapsed="0.000165"/>
</kw>
<for flavor="IN">
<iter>
<kw name="Dictionary Should Contain Key" owner="Collections">
<msg time="2024-05-04T11:10:52.638829" level="INFO">False</msg>
<arg>${json_data['results'][0]['login']}</arg>
<arg>${keyTwo}</arg>
<doc>Fails if ``key`` is not found from ``dictionary``.</doc>
<status status="PASS" start="2024-05-04T11:10:52.638446" elapsed="0.000420"/>
</kw>
<kw name="Dictionary Should Contain Key" owner="Collections">
<msg time="2024-05-04T11:10:52.639527" level="INFO">False</msg>
<arg>${json_data['results'][0]['login']}</arg>
<arg>${keyTwo}</arg>
<doc>Fails if ``key`` is not found from ``dictionary``.</doc>
<status status="PASS" start="2024-05-04T11:10:52.639156" elapsed="0.000407"/>
</kw>
<kw name="Log" owner="BuiltIn">
<msg time="2024-05-04T11:10:52.639972" level="INFO">username</msg>
<arg>${keyTwo}</arg>
<doc>Logs the given message with the given level.</doc>
<status status="PASS" start="2024-05-04T11:10:52.639849" elapsed="0.000166"/>
</kw>
<var name="${keyTwo}">username</var>
<status status="PASS" start="2024-05-04T11:10:52.638338" elapsed="0.001955"/>
</iter>
<iter>
<kw name="Dictionary Should Contain Key" owner="Collections">
<msg time="2024-05-04T11:10:52.640956" level="INFO">False</msg>
<arg>${json_data['results'][0]['login']}</arg>
<arg>${keyTwo}</arg>
<doc>Fails if ``key`` is not found from ``dictionary``.</doc>
<status status="PASS" start="2024-05-04T11:10:52.640575" elapsed="0.000418"/>
</kw>
<kw name="Dictionary Should Contain Key" owner="Collections">
<msg time="2024-05-04T11:10:52.641743" level="INFO">False</msg>
<arg>${json_data['results'][0]['login']}</arg>
<arg>${keyTwo}</arg>
<doc>Fails if ``key`` is not found from ``dictionary``.</doc>
<status status="PASS" start="2024-05-04T11:10:52.641281" elapsed="0.000500"/>
</kw>
<kw name="Log" owner="BuiltIn">
<msg time="2024-05-04T11:10:52.642194" level="INFO">password</msg>
<arg>${keyTwo}</arg>
<doc>Logs the given message with the given level.</doc>
<status status="PASS" start="2024-05-04T11:10:52.642069" elapsed="0.000162"/>
</kw>
<var name="${keyTwo}">password</var>
<status status="PASS" start="2024-05-04T11:10:52.640465" elapsed="0.001981"/>
</iter>
<var>${keyTwo}</var>
<value>@{expected_keysTwo}</value>
<status status="PASS" start="2024-05-04T11:10:52.638190" elapsed="0.004377"/>
</for>
<status status="PASS" start="2024-05-04T11:10:52.523467" elapsed="0.119235"/>
</kw>
<doc>Testa a estrutura da resposta da API.</doc>
<tag>testeEstruturaResposta</tag>
<status status="PASS" start="2024-05-04T11:10:52.523001" elapsed="0.119844"/>
</test>
<test id="s1-s1-t4" name="Validar tipos de dados" line="28">
<kw name="Teste de Tipos de Dados" owner="random-user-service">
<kw name="GET On Session" owner="RequestsLibrary">
<msg time="2024-05-04T11:10:52.742787" level="INFO">GET Request : url=https://randomuser.me/api 
 path_url=/api 
 headers={'User-Agent': 'python-requests/2.31.0', 'Accept-Encoding': 'gzip, deflate', 'Accept': '*/*', 'Connection': 'keep-alive'} 
 body=None 
 </msg>
<msg time="2024-05-04T11:10:52.742852" level="INFO">GET Response : url=https://randomuser.me/api 
 status=200, reason=OK 
 headers={'Date': 'Sat, 04 May 2024 11:10:52 GMT', 'Content-Type': 'application/json; charset=utf-8', 'Transfer-Encoding': 'chunked', 'Connection': 'keep-alive', 'X-Powered-By': 'Express', 'Access-Control-Allow-Origin': '*', 'Cache-Control': 'no-cache', 'ETag': 'W/"486-I7KW4ipoqZe3lzqOpCSrCsZ8hbg"', 'Vary': 'Accept-Encoding', 'Content-Encoding': 'gzip', 'CF-Cache-Status': 'DYNAMIC', 'Report-To': '{"endpoints":[{"url":"https:\\/\\/a.nel.cloudflare.com\\/report\\/v4?s=PXagYDTl6tdkkxd%2BuaA7W4sEQ8iqt%2BdNhKZNDgskoKhIVLWu7%2FgMuJiOsQtUIFFYd2B8lI1JtFdttKXtxYtN0B0QRcKHSmEB8UxDgxYY8Tp8UABD4%2B88ZCQ0mCwbrJlX"}],"group":"cf-nel","max_age":604800}', 'NEL': '{"success_fraction":0,"report_to":"cf-nel","max_age":604800}', 'Server': 'cloudflare', 'CF-RAY': '87e80bfb0ec02b7d-LAX', 'alt-svc': 'h3=":443"; ma=86400'} 
 body={"results":[{"gender":"male","name":{"title":"Mr","first":"Isaiah","last":"Owens"},"location":{"street":{"number":1427,"name":"Harrison Ct"},"city":"Wollongong","state":"Western Australia","country":"Australia","postcode":8719,"coordinates":{"latitude":"-87.9880","longitude":"-112.2913"},"timezone":{"offset":"-1:00","description":"Azores, Cape Verde Islands"}},"email":"isaiah.owens@example.com","login":{"uuid":"7a625fe4-9308-4cc8-a812-73255b76ac3f","username":"bigcat544","password":"kajak","salt":"JmbHVWHO","md5":"b0cea0d83277698e089dcfef40c90634","sha1":"f532db022546dfa279df13fefa21cf66d75f7aa5","sha256":"78a60e5af18caaadea63051dce7639f989f5a3e33eccc589d23a6d858eedbdb6"},"dob":{"date":"1956-08-24T17:16:33.729Z","age":67},"registered":{"date":"2005-09-03T15:19:44.119Z","age":18},"phone":"03-6446-7292","cell":"0460-866-687","id":{"name":"TFN","value":"388096774"},"picture":{"large":"https://randomuser.me/api/portraits/men/37.jpg","medium":"https://randomuser.me/api/portraits/med/men/37.jpg","thumbnail":"https://randomuser.me/api/portraits/thumb/men/37.jpg"},"nat":"AU"}],"info":{"seed":"93a4feab7d34afa6","results":1,"page":1,"version":"1.4"}} 
 </msg>
<msg time="2024-05-04T11:10:52.742913" level="INFO">/opt/hostedtoolcache/Python/3.12.3/x64/lib/python3.12/site-packages/urllib3/connectionpool.py:1103: InsecureRequestWarning: Unverified HTTPS request is being made to host 'randomuser.me'. Adding certificate verification is strongly advised. See: https://urllib3.readthedocs.io/en/latest/advanced-usage.html#tls-warnings
  warnings.warn(</msg>
<msg time="2024-05-04T11:10:52.743000" level="INFO">${response} = &lt;Response [200]&gt;</msg>
<var>${response}</var>
<arg>consultarAPI</arg>
<arg>/api</arg>
<doc>Sends a GET request on a previously created HTTP Session.</doc>
<status status="PASS" start="2024-05-04T11:10:52.645251" elapsed="0.097790"/>
</kw>
<kw name="Set Variable" owner="BuiltIn">
<msg time="2024-05-04T11:10:52.744395" level="INFO">${json_data} = {'results': [{'gender': 'male', 'name': {'title': 'Mr', 'first': 'Isaiah', 'last': 'Owens'}, 'location': {'street': {'number': 1427, 'name': 'Harrison Ct'}, 'city': 'Wollongong', 'state': 'Western Aus...</msg>
<var>${json_data}</var>
<arg>${response.json()}</arg>
<doc>Returns the given values which can then be assigned to a variables.</doc>
<status status="PASS" start="2024-05-04T11:10:52.743609" elapsed="0.000816"/>
</kw>
<kw name="Log" owner="BuiltIn">
<msg time="2024-05-04T11:10:52.744910" level="INFO">{'results': [{'gender': 'male', 'name': {'title': 'Mr', 'first': 'Isaiah', 'last': 'Owens'}, 'location': {'street': {'number': 1427, 'name': 'Harrison Ct'}, 'city': 'Wollongong', 'state': 'Western Australia', 'country': 'Australia', 'postcode': 8719, 'coordinates': {'latitude': '-87.9880', 'longitude': '-112.2913'}, 'timezone': {'offset': '-1:00', 'description': 'Azores, Cape Verde Islands'}}, 'email': 'isaiah.owens@example.com', 'login': {'uuid': '7a625fe4-9308-4cc8-a812-73255b76ac3f', 'username': 'bigcat544', 'password': 'kajak', 'salt': 'JmbHVWHO', 'md5': 'b0cea0d83277698e089dcfef40c90634', 'sha1': 'f532db022546dfa279df13fefa21cf66d75f7aa5', 'sha256': '78a60e5af18caaadea63051dce7639f989f5a3e33eccc589d23a6d858eedbdb6'}, 'dob': {'date': '1956-08-24T17:16:33.729Z', 'age': 67}, 'registered': {'date': '2005-09-03T15:19:44.119Z', 'age': 18}, 'phone': '03-6446-7292', 'cell': '0460-866-687', 'id': {'name': 'TFN', 'value': '388096774'}, 'picture': {'large': 'https://randomuser.me/api/portraits/men/37.jpg', 'medium': 'https://randomuser.me/api/portraits/med/men/37.jpg', 'thumbnail': 'https://randomuser.me/api/portraits/thumb/men/37.jpg'}, 'nat': 'AU'}], 'info': {'seed': '93a4feab7d34afa6', 'results': 1, 'page': 1, 'version': '1.4'}}</msg>
<arg>${json_data}</arg>
<doc>Logs the given message with the given level.</doc>
<status status="PASS" start="2024-05-04T11:10:52.744760" elapsed="0.000230"/>
</kw>
<kw name="Should Be String" owner="String">
<arg>${json_data['results'][0]['gender']}</arg>
<doc>Fails if the given ``item`` is not a string.</doc>
<status status="PASS" start="2024-05-04T11:10:52.745285" elapsed="0.000356"/>
</kw>
<kw name="Should Match Regexp" owner="BuiltIn">
<arg>${json_data['results'][0]['email']}</arg>
<arg>^[a-zA-Z0-9._%+-]+@[a-zA-Z0-9.-]+\.[a-zA-Z]{2,}$</arg>
<doc>Fails if ``string`` does not match ``pattern`` as a regular expression.</doc>
<status status="PASS" start="2024-05-04T11:10:52.745829" elapsed="0.000490"/>
</kw>
<kw name="Should Match Regexp" owner="BuiltIn">
<arg>${json_data['results'][0]['dob']['date']}</arg>
<arg>\\d{4}-\\d{2}-\\d{2}T\\d{2}:\\d{2}:\\d{2}\\.\\d{3}Z</arg>
<doc>Fails if ``string`` does not match ``pattern`` as a regular expression.</doc>
<status status="PASS" start="2024-05-04T11:10:52.746511" elapsed="0.000484"/>
</kw>
<kw name="Should Match Regexp" owner="BuiltIn">
<arg>${json_data['results'][0]['registered']['date']}</arg>
<arg>\\d{4}-\\d{2}-\\d{2}T\\d{2}:\\d{2}:\\d{2}\\.\\d{3}Z</arg>
<doc>Fails if ``string`` does not match ``pattern`` as a regular expression.</doc>
<status status="PASS" start="2024-05-04T11:10:52.747185" elapsed="0.000359"/>
</kw>
<kw name="Should Match Regexp" owner="BuiltIn">
<arg>${json_data['results'][0]['picture']['large']}</arg>
<arg>^https?://.*\.(?:png|jpe?g|gif|bmp)$</arg>
<doc>Fails if ``string`` does not match ``pattern`` as a regular expression.</doc>
<status status="PASS" start="2024-05-04T11:10:52.747729" elapsed="0.000485"/>
</kw>
<kw name="Should Match Regexp" owner="BuiltIn">
<arg>${json_data['results'][0]['picture']['medium']}</arg>
<arg>^https?://.*\.(?:png|jpe?g|gif|bmp)$</arg>
<doc>Fails if ``string`` does not match ``pattern`` as a regular expression.</doc>
<status status="PASS" start="2024-05-04T11:10:52.748404" elapsed="0.000351"/>
</kw>
<kw name="Should Match Regexp" owner="BuiltIn">
<arg>${json_data['results'][0]['picture']['thumbnail']}</arg>
<arg>^https?://.*\.(?:png|jpe?g|gif|bmp)$</arg>
<doc>Fails if ``string`` does not match ``pattern`` as a regular expression.</doc>
<status status="PASS" start="2024-05-04T11:10:52.748943" elapsed="0.000351"/>
</kw>
<kw name="Log" owner="BuiltIn">
<msg time="2024-05-04T11:10:52.749791" level="INFO">{'large': 'https://randomuser.me/api/portraits/men/37.jpg', 'medium': 'https://randomuser.me/api/portraits/med/men/37.jpg', 'thumbnail': 'https://randomuser.me/api/portraits/thumb/men/37.jpg'}</msg>
<arg>${json_data['results'][0]['picture']}</arg>
<doc>Logs the given message with the given level.</doc>
<status status="PASS" start="2024-05-04T11:10:52.749473" elapsed="0.000358"/>
</kw>
<status status="PASS" start="2024-05-04T11:10:52.645030" elapsed="0.105046"/>
</kw>
<kw name="Teste de Tipos de Dados - Postcode" owner="random-user-service">
<kw name="GET On Session" owner="RequestsLibrary">
<msg time="2024-05-04T11:10:52.845663" level="INFO">GET Request : url=https://randomuser.me/api 
 path_url=/api 
 headers={'User-Agent': 'python-requests/2.31.0', 'Accept-Encoding': 'gzip, deflate', 'Accept': '*/*', 'Connection': 'keep-alive'} 
 body=None 
 </msg>
<msg time="2024-05-04T11:10:52.845732" level="INFO">GET Response : url=https://randomuser.me/api 
 status=200, reason=OK 
 headers={'Date': 'Sat, 04 May 2024 11:10:52 GMT', 'Content-Type': 'application/json; charset=utf-8', 'Transfer-Encoding': 'chunked', 'Connection': 'keep-alive', 'X-Powered-By': 'Express', 'Access-Control-Allow-Origin': '*', 'Cache-Control': 'no-cache', 'ETag': 'W/"48f-eCMwxpjurs+XXvz6eYHmcEoNdzc"', 'Vary': 'Accept-Encoding', 'Content-Encoding': 'gzip', 'CF-Cache-Status': 'DYNAMIC', 'Report-To': '{"endpoints":[{"url":"https:\\/\\/a.nel.cloudflare.com\\/report\\/v4?s=wBC3foQ0xjZ6blAHdKXMgMFIFVJh2cWOfswzawxai3mzB1%2BrHFDPZuKTDlk4a%2Bchwi8CfTcVodDp72eF7thpJ2n1%2Bv4URUhjlmEuSvFruiTmXiYLkfkRA5LAFYjzdDWa"}],"group":"cf-nel","max_age":604800}', 'NEL': '{"success_fraction":0,"report_to":"cf-nel","max_age":604800}', 'Server': 'cloudflare', 'CF-RAY': '87e80bfbbf362b7d-LAX', 'alt-svc': 'h3=":443"; ma=86400'} 
 body={"results":[{"gender":"male","name":{"title":"Mr","first":"Želimir","last":"Tošić"},"location":{"street":{"number":9,"name":"Marije Vučetić "},"city":"Negotin","state":"Jablanica","country":"Serbia","postcode":25865,"coordinates":{"latitude":"60.8030","longitude":"-90.8202"},"timezone":{"offset":"+11:00","description":"Magadan, Solomon Islands, New Caledonia"}},"email":"zelimir.tosic@example.com","login":{"uuid":"fdf07822-2290-44b9-aa42-c377e8bc19d7","username":"goldencat826","password":"nope","salt":"jjKcqRJ6","md5":"8e9e5f6551915e970036b7eb38fda1fb","sha1":"dffffbb8315f6e485e558fce47c6fa022fc56127","sha256":"8efba46af5aa41df4b3a457f97f2a99ac6283ea3863c65b88dd53e486d9ea859"},"dob":{"date":"1956-10-12T07:27:38.846Z","age":67},"registered":{"date":"2012-03-25T09:36:42.062Z","age":12},"phone":"035-7716-844","cell":"065-2871-455","id":{"name":"SID","value":"457154400"},"picture":{"large":"https://randomuser.me/api/portraits/men/45.jpg","medium":"https://randomuser.me/api/portraits/med/men/45.jpg","thumbnail":"https://randomuser.me/api/portraits/thumb/men/45.jpg"},"nat":"RS"}],"info":{"seed":"e48b5751d945fc82","results":1,"page":1,"version":"1.4"}} 
 </msg>
<msg time="2024-05-04T11:10:52.845798" level="INFO">/opt/hostedtoolcache/Python/3.12.3/x64/lib/python3.12/site-packages/urllib3/connectionpool.py:1103: InsecureRequestWarning: Unverified HTTPS request is being made to host 'randomuser.me'. Adding certificate verification is strongly advised. See: https://urllib3.readthedocs.io/en/latest/advanced-usage.html#tls-warnings
  warnings.warn(</msg>
<msg time="2024-05-04T11:10:52.845887" level="INFO">${response} = &lt;Response [200]&gt;</msg>
<var>${response}</var>
<arg>consultarAPI</arg>
<arg>/api</arg>
<doc>Sends a GET request on a previously created HTTP Session.</doc>
<status status="PASS" start="2024-05-04T11:10:52.750494" elapsed="0.095419"/>
</kw>
<kw name="Set Variable" owner="BuiltIn">
<msg time="2024-05-04T11:10:52.846917" level="INFO">${json_data} = {'results': [{'gender': 'male', 'name': {'title': 'Mr', 'first': 'Želimir', 'last': 'Tošić'}, 'location': {'street': {'number': 9, 'name': 'Marije Vučetić '}, 'city': 'Negotin', 'state': 'Jablanica', ...</msg>
<var>${json_data}</var>
<arg>${response.json()}</arg>
<doc>Returns the given values which can then be assigned to a variables.</doc>
<status status="PASS" start="2024-05-04T11:10:52.846404" elapsed="0.000546"/>
</kw>
<kw name="Log" owner="BuiltIn">
<msg time="2024-05-04T11:10:52.847410" level="INFO">{'results': [{'gender': 'male', 'name': {'title': 'Mr', 'first': 'Želimir', 'last': 'Tošić'}, 'location': {'street': {'number': 9, 'name': 'Marije Vučetić '}, 'city': 'Negotin', 'state': 'Jablanica', 'country': 'Serbia', 'postcode': 25865, 'coordinates': {'latitude': '60.8030', 'longitude': '-90.8202'}, 'timezone': {'offset': '+11:00', 'description': 'Magadan, Solomon Islands, New Caledonia'}}, 'email': 'zelimir.tosic@example.com', 'login': {'uuid': 'fdf07822-2290-44b9-aa42-c377e8bc19d7', 'username': 'goldencat826', 'password': 'nope', 'salt': 'jjKcqRJ6', 'md5': '8e9e5f6551915e970036b7eb38fda1fb', 'sha1': 'dffffbb8315f6e485e558fce47c6fa022fc56127', 'sha256': '8efba46af5aa41df4b3a457f97f2a99ac6283ea3863c65b88dd53e486d9ea859'}, 'dob': {'date': '1956-10-12T07:27:38.846Z', 'age': 67}, 'registered': {'date': '2012-03-25T09:36:42.062Z', 'age': 12}, 'phone': '035-7716-844', 'cell': '065-2871-455', 'id': {'name': 'SID', 'value': '457154400'}, 'picture': {'large': 'https://randomuser.me/api/portraits/men/45.jpg', 'medium': 'https://randomuser.me/api/portraits/med/men/45.jpg', 'thumbnail': 'https://randomuser.me/api/portraits/thumb/men/45.jpg'}, 'nat': 'RS'}], 'info': {'seed': 'e48b5751d945fc82', 'results': 1, 'page': 1, 'version': '1.4'}}</msg>
<arg>${json_data}</arg>
<doc>Logs the given message with the given level.</doc>
<status status="PASS" start="2024-05-04T11:10:52.847254" elapsed="0.000235"/>
</kw>
<kw name="Should Be Equal As Numbers" owner="BuiltIn">
<arg>${json_data['results'][0]['location']['postcode']}</arg>
<arg>${json_data['results'][0]['location']['postcode']}</arg>
<doc>Fails if objects are unequal after converting them to real numbers.</doc>
<status status="PASS" start="2024-05-04T11:10:52.847791" elapsed="0.000811"/>
</kw>
<kw name="Log" owner="BuiltIn">
<msg time="2024-05-04T11:10:52.849166" level="INFO">25865</msg>
<arg>${json_data['results'][0]['location']['postcode']}</arg>
<doc>Logs the given message with the given level.</doc>
<status status="PASS" start="2024-05-04T11:10:52.848825" elapsed="0.000381"/>
</kw>
<status status="PASS" start="2024-05-04T11:10:52.750281" elapsed="0.099174"/>
</kw>
<doc>Testa se os tipos de dados na resposta da API estão corretos.</doc>
<tag>testeTiposDados</tag>
<status status="PASS" start="2024-05-04T11:10:52.644615" elapsed="0.204996"/>
</test>
<test id="s1-s1-t5" name="Validar conteudo" line="35">
<kw name="Teste de Tipos de Conteudo" owner="random-user-service">
<kw name="GET On Session" owner="RequestsLibrary">
<msg time="2024-05-04T11:10:52.953734" level="INFO">GET Request : url=https://randomuser.me/api 
 path_url=/api 
 headers={'User-Agent': 'python-requests/2.31.0', 'Accept-Encoding': 'gzip, deflate', 'Accept': '*/*', 'Connection': 'keep-alive'} 
 body=None 
 </msg>
<msg time="2024-05-04T11:10:52.953800" level="INFO">GET Response : url=https://randomuser.me/api 
 status=200, reason=OK 
 headers={'Date': 'Sat, 04 May 2024 11:10:52 GMT', 'Content-Type': 'application/json; charset=utf-8', 'Transfer-Encoding': 'chunked', 'Connection': 'keep-alive', 'X-Powered-By': 'Express', 'Access-Control-Allow-Origin': '*', 'Cache-Control': 'no-cache', 'ETag': 'W/"46c-NGbdsnb7wDqlt206iPF1TH7ApkY"', 'Vary': 'Accept-Encoding', 'Content-Encoding': 'gzip', 'CF-Cache-Status': 'DYNAMIC', 'Report-To': '{"endpoints":[{"url":"https:\\/\\/a.nel.cloudflare.com\\/report\\/v4?s=6lmCnBeSHLPIt5bgbtqvznqUgmakbKtLncBb8yWAeffm6Sm%2F6h%2BjXx1tGLUSkKQ45cxgJITquLhUh7ZFQ13CnORBVyP8R2zw4Wg6scGwdyio8o2uIc7tWCys0LFtX6YU"}],"group":"cf-nel","max_age":604800}', 'NEL': '{"success_fraction":0,"report_to":"cf-nel","max_age":604800}', 'Server': 'cloudflare', 'CF-RAY': '87e80bfc5f952b7d-LAX', 'alt-svc': 'h3=":443"; ma=86400'} 
 body={"results":[{"gender":"female","name":{"title":"Miss","first":"Julie","last":"Sætren"},"location":{"street":{"number":3871,"name":"Thunes vei"},"city":"Vangsvik","state":"Buskerud","country":"Norway","postcode":"2439","coordinates":{"latitude":"44.0323","longitude":"33.4016"},"timezone":{"offset":"-10:00","description":"Hawaii"}},"email":"julie.saetren@example.com","login":{"uuid":"7d016de2-a887-4144-8e4c-0ed12326fe9e","username":"smallbear905","password":"connie","salt":"FGEessV4","md5":"c62b564c265ed619b789772977a0a762","sha1":"8fb5f606bb73f5af59c0ac5300480e2490e6d4a2","sha256":"274fffa575752f8c02256f908064b1095c40f4bed90c3c6269f280871d5b239b"},"dob":{"date":"1990-12-31T00:16:11.387Z","age":33},"registered":{"date":"2003-12-26T19:53:33.926Z","age":20},"phone":"31499594","cell":"91099879","id":{"name":"FN","value":"31129034206"},"picture":{"large":"https://randomuser.me/api/portraits/women/14.jpg","medium":"https://randomuser.me/api/portraits/med/women/14.jpg","thumbnail":"https://randomuser.me/api/portraits/thumb/women/14.jpg"},"nat":"NO"}],"info":{"seed":"a836f47a7b814e35","results":1,"page":1,"version":"1.4"}} 
 </msg>
<msg time="2024-05-04T11:10:52.953865" level="INFO">/opt/hostedtoolcache/Python/3.12.3/x64/lib/python3.12/site-packages/urllib3/connectionpool.py:1103: InsecureRequestWarning: Unverified HTTPS request is being made to host 'randomuser.me'. Adding certificate verification is strongly advised. See: https://urllib3.readthedocs.io/en/latest/advanced-usage.html#tls-warnings
  warnings.warn(</msg>
<msg time="2024-05-04T11:10:52.953956" level="INFO">${response} = &lt;Response [200]&gt;</msg>
<var>${response}</var>
<arg>consultarAPI</arg>
<arg>/api</arg>
<doc>Sends a GET request on a previously created HTTP Session.</doc>
<status status="PASS" start="2024-05-04T11:10:52.852451" elapsed="0.101548"/>
</kw>
<kw name="Set Variable" owner="BuiltIn">
<msg time="2024-05-04T11:10:52.954936" level="INFO">${json_data} = {'results': [{'gender': 'female', 'name': {'title': 'Miss', 'first': 'Julie', 'last': 'Sætren'}, 'location': {'street': {'number': 3871, 'name': 'Thunes vei'}, 'city': 'Vangsvik', 'state': 'Buskerud',...</msg>
<var>${json_data}</var>
<arg>${response.json()}</arg>
<doc>Returns the given values which can then be assigned to a variables.</doc>
<status status="PASS" start="2024-05-04T11:10:52.954457" elapsed="0.000510"/>
</kw>
<kw name="Set Variable" owner="BuiltIn">
<msg time="2024-05-04T11:10:52.955661" level="INFO">${name_title} = Miss</msg>
<var>${name_title}</var>
<arg>${json_data["results"][0]["name"]["title"]}</arg>
<doc>Returns the given values which can then be assigned to a variables.</doc>
<status status="PASS" start="2024-05-04T11:10:52.955279" elapsed="0.000407"/>
</kw>
<kw name="Create List" owner="BuiltIn">
<msg time="2024-05-04T11:10:52.956160" level="INFO">${allowed_titles} = ['Mr', 'Ms', 'Miss', 'Mrs', 'Madame', 'Monsieur']</msg>
<var>${allowed_titles}</var>
<arg>Mr</arg>
<arg>Ms</arg>
<arg>Miss</arg>
<arg>Mrs</arg>
<arg>Madame</arg>
<arg>Monsieur</arg>
<doc>Returns a list containing given items.</doc>
<status status="PASS" start="2024-05-04T11:10:52.955984" elapsed="0.000200"/>
</kw>
<kw name="List Should Contain Value" owner="Collections">
<msg time="2024-05-04T11:10:52.956656" level="INFO">False</msg>
<arg>${allowed_titles}</arg>
<arg>${name_title}</arg>
<doc>Fails if the ``value`` is not found from ``list``.</doc>
<status status="PASS" start="2024-05-04T11:10:52.956487" elapsed="0.000205"/>
</kw>
<kw name="Set Variable" owner="BuiltIn">
<msg time="2024-05-04T11:10:52.957371" level="INFO">${name_country} = NO</msg>
<var>${name_country}</var>
<arg>${json_data["results"][0]["nat"]}</arg>
<doc>Returns the given values which can then be assigned to a variables.</doc>
<status status="PASS" start="2024-05-04T11:10:52.956981" elapsed="0.000416"/>
</kw>
<kw name="Create List" owner="BuiltIn">
<msg time="2024-05-04T11:10:52.958281" level="INFO">${list_country} = ['AD', 'AE', 'AF', 'AG', 'AI', 'AL', 'AM', 'AO', 'AQ', 'AR', 'AS', 'AT', 'AU', 'AW', 'AX', 'AZ', 'BA', 'BB', 'BD', 'BE', 'BF', 'BG', 'BH', 'BI', 'BJ', 'BL', 'BM', 'BN', 'BO', 'BQ', 'BR', 'BS', 'BT', '...</msg>
<var>${list_country}</var>
<arg>AD</arg>
<arg>AE</arg>
<arg>AF</arg>
<arg>AG</arg>
<arg>AI</arg>
<arg>AL</arg>
<arg>AM</arg>
<arg>AO</arg>
<arg>AQ</arg>
<arg>AR</arg>
<arg>AS</arg>
<arg>AT</arg>
<arg>AU</arg>
<arg>AW</arg>
<arg>AX</arg>
<arg>AZ</arg>
<arg>BA</arg>
<arg>BB</arg>
<arg>BD</arg>
<arg>BE</arg>
<arg>BF</arg>
<arg>BG</arg>
<arg>BH</arg>
<arg>BI</arg>
<arg>BJ</arg>
<arg>BL</arg>
<arg>BM</arg>
<arg>BN</arg>
<arg>BO</arg>
<arg>BQ</arg>
<arg>BR</arg>
<arg>BS</arg>
<arg>BT</arg>
<arg>BV</arg>
<arg>BW</arg>
<arg>BY</arg>
<arg>BZ</arg>
<arg>CA</arg>
<arg>CC</arg>
<arg>CD</arg>
<arg>CF</arg>
<arg>CG</arg>
<arg>CH</arg>
<arg>CI</arg>
<arg>CK</arg>
<arg>CL</arg>
<arg>CM</arg>
<arg>CN</arg>
<arg>CO</arg>
<arg>CR</arg>
<arg>CU</arg>
<arg>CV</arg>
<arg>CW</arg>
<arg>CX</arg>
<arg>CY</arg>
<arg>CZ</arg>
<arg>DE</arg>
<arg>DJ</arg>
<arg>DK</arg>
<arg>DM</arg>
<arg>DO</arg>
<arg>DZ</arg>
<arg>EC</arg>
<arg>EE</arg>
<arg>EG</arg>
<arg>EH</arg>
<arg>ER</arg>
<arg>ES</arg>
<arg>ET</arg>
<arg>FI</arg>
<arg>FJ</arg>
<arg>FK</arg>
<arg>FM</arg>
<arg>FO</arg>
<arg>FR</arg>
<arg>GA</arg>
<arg>GB</arg>
<arg>GD</arg>
<arg>GE</arg>
<arg>GF</arg>
<arg>GG</arg>
<arg>GH</arg>
<arg>GI</arg>
<arg>GL</arg>
<arg>GM</arg>
<arg>GN</arg>
<arg>GP</arg>
<arg>GQ</arg>
<arg>GR</arg>
<arg>GS</arg>
<arg>GT</arg>
<arg>GU</arg>
<arg>GW</arg>
<arg>GY</arg>
<arg>HK</arg>
<arg>HM</arg>
<arg>HN</arg>
<arg>HR</arg>
<arg>HT</arg>
<arg>HU</arg>
<arg>ID</arg>
<arg>IE</arg>
<arg>IL</arg>
<arg>IM</arg>
<arg>IN</arg>
<arg>IO</arg>
<arg>IQ</arg>
<arg>IR</arg>
<arg>IS</arg>
<arg>IT</arg>
<arg>JE</arg>
<arg>JM</arg>
<arg>JO</arg>
<arg>JP</arg>
<arg>KE</arg>
<arg>KG</arg>
<arg>KH</arg>
<arg>KI</arg>
<arg>KM</arg>
<arg>KN</arg>
<arg>KP</arg>
<arg>KR</arg>
<arg>KW</arg>
<arg>KY</arg>
<arg>KZ</arg>
<arg>LA</arg>
<arg>LB</arg>
<arg>LC</arg>
<arg>LI</arg>
<arg>LK</arg>
<arg>LR</arg>
<arg>LS</arg>
<arg>LT</arg>
<arg>LU</arg>
<arg>LV</arg>
<arg>LY</arg>
<arg>MA</arg>
<arg>MC</arg>
<arg>MD</arg>
<arg>ME</arg>
<arg>MF</arg>
<arg>MG</arg>
<arg>MH</arg>
<arg>MK</arg>
<arg>ML</arg>
<arg>MM</arg>
<arg>MN</arg>
<arg>MO</arg>
<arg>MP</arg>
<arg>MQ</arg>
<arg>MR</arg>
<arg>MS</arg>
<arg>MT</arg>
<arg>MU</arg>
<arg>MV</arg>
<arg>MW</arg>
<arg>MX</arg>
<arg>MY</arg>
<arg>MZ</arg>
<arg>NA</arg>
<arg>NC</arg>
<arg>NE</arg>
<arg>NF</arg>
<arg>NG</arg>
<arg>NI</arg>
<arg>NL</arg>
<arg>NO</arg>
<arg>NP</arg>
<arg>NR</arg>
<arg>NU</arg>
<arg>NZ</arg>
<arg>OM</arg>
<arg>PA</arg>
<arg>PE</arg>
<arg>PF</arg>
<arg>PG</arg>
<arg>PH</arg>
<arg>PK</arg>
<arg>PL</arg>
<arg>PM</arg>
<arg>PN</arg>
<arg>PR</arg>
<arg>PS</arg>
<arg>PT</arg>
<arg>PW</arg>
<arg>PY</arg>
<arg>QA</arg>
<arg>RE</arg>
<arg>RO</arg>
<arg>RS</arg>
<arg>RU</arg>
<arg>RW</arg>
<arg>SA</arg>
<arg>SB</arg>
<arg>SC</arg>
<arg>SD</arg>
<arg>SE</arg>
<arg>SG</arg>
<arg>SH</arg>
<arg>SI</arg>
<arg>SJ</arg>
<arg>SK</arg>
<arg>SL</arg>
<arg>SM</arg>
<arg>SN</arg>
<arg>SO</arg>
<arg>SR</arg>
<arg>SS</arg>
<arg>ST</arg>
<arg>SV</arg>
<arg>SX</arg>
<arg>SY</arg>
<arg>SZ</arg>
<arg>TC</arg>
<arg>TD</arg>
<arg>TF</arg>
<arg>TG</arg>
<arg>TH</arg>
<arg>TJ</arg>
<arg>TK</arg>
<arg>TL</arg>
<arg>TM</arg>
<arg>TN</arg>
<arg>TO</arg>
<arg>TR</arg>
<arg>TT</arg>
<arg>TV</arg>
<arg>TW</arg>
<arg>TZ</arg>
<arg>UA</arg>
<arg>UG</arg>
<arg>UM</arg>
<arg>US</arg>
<arg>UY</arg>
<arg>UZ</arg>
<arg>VA</arg>
<arg>VC</arg>
<arg>VE</arg>
<arg>VG</arg>
<arg>VI</arg>
<arg>VN</arg>
<arg>VU</arg>
<arg>WF</arg>
<arg>WS</arg>
<arg>XK</arg>
<arg>YE</arg>
<arg>YT</arg>
<arg>ZA</arg>
<arg>ZM</arg>
<arg>ZW</arg>
<doc>Returns a list containing given items.</doc>
<status status="PASS" start="2024-05-04T11:10:52.957694" elapsed="0.000612"/>
</kw>
<kw name="List Should Contain Value" owner="Collections">
<msg time="2024-05-04T11:10:52.959288" level="INFO">False</msg>
<arg>${list_country}</arg>
<arg>${name_country}</arg>
<doc>Fails if the ``value`` is not found from ``list``.</doc>
<status status="PASS" start="2024-05-04T11:10:52.959092" elapsed="0.000232"/>
</kw>
<kw name="Run Keyword If" owner="BuiltIn">
<kw name="Should Be True" owner="BuiltIn">
<arg>${True}</arg>
<doc>Fails if the given condition is not true.</doc>
<status status="PASS" start="2024-05-04T11:10:52.960404" elapsed="0.000142"/>
</kw>
<arg>${json_data["results"][0]["location"]["coordinates"]["latitude"]} &gt;= -90 and ${json_data["results"][0]["location"]["coordinates"]["latitude"]} &lt;= 90</arg>
<arg>Should Be True</arg>
<arg>${True}</arg>
<doc>Runs the given keyword with the given arguments, if ``condition`` is true.</doc>
<status status="PASS" start="2024-05-04T11:10:52.959629" elapsed="0.001043"/>
</kw>
<kw name="Run Keyword If" owner="BuiltIn">
<kw name="Should Be True" owner="BuiltIn">
<arg>${True}</arg>
<doc>Fails if the given condition is not true.</doc>
<status status="PASS" start="2024-05-04T11:10:52.961548" elapsed="0.000238"/>
</kw>
<arg>${json_data["results"][0]["location"]["coordinates"]["longitude"]} &gt;= -180 and ${json_data["results"][0]["location"]["coordinates"]["longitude"]} &lt;= 180</arg>
<arg>Should Be True</arg>
<arg>${True}</arg>
<doc>Runs the given keyword with the given arguments, if ``condition`` is true.</doc>
<status status="PASS" start="2024-05-04T11:10:52.960861" elapsed="0.001050"/>
</kw>
<status status="PASS" start="2024-05-04T11:10:52.852059" elapsed="0.109979"/>
</kw>
<doc>Testa o conteúdo específico dos campos retornados pela API.</doc>
<tag>testeConteudo</tag>
<status status="PASS" start="2024-05-04T11:10:52.851402" elapsed="0.110779"/>
</test>
<status status="PASS" start="2024-05-04T11:10:52.063659" elapsed="0.900437"/>
</suite>
<status status="PASS" start="2024-05-04T11:10:52.050115" elapsed="0.918992"/>
</suite>
<statistics>
<total>
<stat pass="5" fail="0" skip="0">All Tests</stat>
</total>
<tag>
<stat pass="1" fail="0" skip="0">testeConteudo</stat>
<stat pass="1" fail="0" skip="0">testeEstruturaResposta</stat>
<stat pass="1" fail="0" skip="0">testeRequisicaoBasica</stat>
<stat pass="1" fail="0" skip="0">testeTiposDados</stat>
</tag>
<suite>
<stat pass="5" fail="0" skip="0" id="s1" name="Tests">Tests</stat>
<stat pass="5" fail="0" skip="0" id="s1-s1" name="Random-User-Test">Tests.Random-User-Test</stat>
</suite>
</statistics>
<errors>
</errors>
</robot>
