<?xml version="1.0" encoding="UTF-8"?>
<robot generator="Robot 7.0.1 (Python 3.12.4 on linux)" generated="2024-07-30T21:15:15.199422" rpa="false" schemaversion="5">
<suite id="s1" name="Tests" source="/home/runner/work/ApiRandomUser/ApiRandomUser/RamdonUser/tests">
<suite id="s1-s1" name="Random-User-Test" source="/home/runner/work/ApiRandomUser/ApiRandomUser/RamdonUser/tests/random-user-test.robot">
<test id="s1-s1-t1" name="Conectar" line="13">
<kw name="Conectar API" owner="random-user-service">
<kw name="Create Session" owner="RequestsLibrary">
<msg time="2024-07-30T21:15:15.588011" level="INFO">Creating Session using : alias=consultarAPI, url=https://randomuser.me/, headers={},                     cookies={}, auth=None, timeout=None, proxies=None, verify=False,                     debug=0 </msg>
<arg>consultarAPI</arg>
<arg>${URL}</arg>
<doc>Create Session: create a HTTP session to a server</doc>
<status status="PASS" start="2024-07-30T21:15:15.587816" elapsed="0.000372"/>
</kw>
<status status="PASS" start="2024-07-30T21:15:15.586782" elapsed="0.001765"/>
</kw>
<status status="PASS" start="2024-07-30T21:15:15.586232" elapsed="0.002507"/>
</test>
<test id="s1-s1-t2" name="Validar retorno 200 e JSON Válido" line="16">
<kw name="Teste de Requisicao Basica" owner="random-user-service">
<kw name="GET On Session" owner="RequestsLibrary">
<msg time="2024-07-30T21:15:15.704835" level="INFO">GET Request : url=https://randomuser.me/api 
 path_url=/api 
 headers={'User-Agent': 'python-requests/2.32.3', 'Accept-Encoding': 'gzip, deflate', 'Accept': '*/*', 'Connection': 'keep-alive'} 
 body=None 
 </msg>
<msg time="2024-07-30T21:15:15.704999" level="INFO">GET Response : url=https://randomuser.me/api 
 status=200, reason=OK 
 headers={'Date': 'Tue, 30 Jul 2024 21:15:15 GMT', 'Content-Type': 'application/json; charset=utf-8', 'Transfer-Encoding': 'chunked', 'Connection': 'keep-alive', 'X-Powered-By': 'Express', 'Access-Control-Allow-Origin': '*', 'Cache-Control': 'no-cache', 'ETag': 'W/"496-qcIK4Qo4U+Vzdqg2Po36h+Cznio"', 'Vary': 'Accept-Encoding', 'Content-Encoding': 'gzip', 'cf-cache-status': 'DYNAMIC', 'Report-To': '{"endpoints":[{"url":"https:\\/\\/a.nel.cloudflare.com\\/report\\/v4?s=E4YfUh74rswpxWsImPkruH8%2FnVHRFrAYp71H6eIpH0p%2BEAOhdysxLPOWL3gLqo7MGBZEhVInuQnKmybcNPT72z7%2FdX14iR6JJjQYlx%2BtSKiF2K4TbKuilKMaUkV%2BBx5B"}],"group":"cf-nel","max_age":604800}', 'NEL': '{"success_fraction":0,"report_to":"cf-nel","max_age":604800}', 'Server': 'cloudflare', 'CF-RAY': '8ab85ceeb9e061b5-ORD', 'alt-svc': 'h3=":443"; ma=86400'} 
 body={"results":[{"gender":"female","name":{"title":"Ms","first":"Ines","last":"Martini"},"location":{"street":{"number":6177,"name":"Am Sportplatz"},"city":"Siegen","state":"Bayern","country":"Germany","postcode":62445,"coordinates":{"latitude":"-54.5577","longitude":"131.5076"},"timezone":{"offset":"+8:00","description":"Beijing, Perth, Singapore, Hong Kong"}},"email":"ines.martini@example.com","login":{"uuid":"79fd90c1-93ea-44ee-94b2-c8d1a54c956d","username":"blackrabbit588","password":"ravens","salt":"n4Os43Jq","md5":"3cfad05c3e556eee3b23daab823c3933","sha1":"317965f5969d17fede9f517d60653756d5611e41","sha256":"082a72daf474f399f5ff014826af557b2242ebe970210e615344718b93717e31"},"dob":{"date":"1991-06-15T09:45:30.232Z","age":33},"registered":{"date":"2004-05-30T17:34:38.753Z","age":20},"phone":"0327-5348906","cell":"0170-4434215","id":{"name":"SVNR","value":"61 150691 M 604"},"picture":{"large":"https://randomuser.me/api/portraits/women/66.jpg","medium":"https://randomuser.me/api/portraits/med/women/66.jpg","thumbnail":"https://randomuser.me/api/portraits/thumb/women/66.jpg"},"nat":"DE"}],"info":{"seed":"7fb1aa0fc542f46c","results":1,"page":1,"version":"1.4"}} 
 </msg>
<msg time="2024-07-30T21:15:15.705072" level="INFO">/opt/hostedtoolcache/Python/3.12.4/x64/lib/python3.12/site-packages/urllib3/connectionpool.py:1099: InsecureRequestWarning: Unverified HTTPS request is being made to host 'randomuser.me'. Adding certificate verification is strongly advised. See: https://urllib3.readthedocs.io/en/latest/advanced-usage.html#tls-warnings
  warnings.warn(</msg>
<msg time="2024-07-30T21:15:15.705202" level="INFO">${response} = &lt;Response [200]&gt;</msg>
<var>${response}</var>
<arg>consultarAPI</arg>
<arg>/api</arg>
<doc>Sends a GET request on a previously created HTTP Session.</doc>
<status status="PASS" start="2024-07-30T21:15:15.591301" elapsed="0.113937"/>
</kw>
<kw name="Should Be Equal As Numbers" owner="BuiltIn">
<msg time="2024-07-30T21:15:15.706124" level="INFO">Argument types are:
&lt;class 'int'&gt;
&lt;class 'str'&gt;</msg>
<arg>${response.status_code}</arg>
<arg>200</arg>
<doc>Fails if objects are unequal after converting them to real numbers.</doc>
<status status="PASS" start="2024-07-30T21:15:15.705715" elapsed="0.000470"/>
</kw>
<kw name="Log" owner="BuiltIn">
<msg time="2024-07-30T21:15:15.706849" level="INFO">200</msg>
<arg>${response.status_code}</arg>
<doc>Logs the given message with the given level.</doc>
<status status="PASS" start="2024-07-30T21:15:15.706503" elapsed="0.000386"/>
</kw>
<kw name="Set Variable" owner="BuiltIn">
<msg time="2024-07-30T21:15:15.707616" level="INFO">${json_data} = {'results': [{'gender': 'female', 'name': {'title': 'Ms', 'first': 'Ines', 'last': 'Martini'}, 'location': {'street': {'number': 6177, 'name': 'Am Sportplatz'}, 'city': 'Siegen', 'state': 'Bayern', 'c...</msg>
<var>${json_data}</var>
<arg>${response.json()}</arg>
<doc>Returns the given values which can then be assigned to a variables.</doc>
<status status="PASS" start="2024-07-30T21:15:15.707191" elapsed="0.000453"/>
</kw>
<kw name="Dictionary Should Contain Key" owner="Collections">
<arg>${json_data}</arg>
<arg>results</arg>
<doc>Fails if ``key`` is not found from ``dictionary``.</doc>
<status status="PASS" start="2024-07-30T21:15:15.707943" elapsed="0.000299"/>
</kw>
<status status="PASS" start="2024-07-30T21:15:15.591063" elapsed="0.117336"/>
</kw>
<doc>Testa se a API responde corretamente e retorna um objeto JSON válido.</doc>
<tag>testeRequisicaoBasica</tag>
<status status="PASS" start="2024-07-30T21:15:15.590615" elapsed="0.117948"/>
</test>
<test id="s1-s1-t3" name="Validar estrutura de resposta" line="22">
<kw name="Teste de Estrutura de Resposta" owner="random-user-service">
<kw name="GET On Session" owner="RequestsLibrary">
<msg time="2024-07-30T21:15:15.806819" level="INFO">GET Request : url=https://randomuser.me/api 
 path_url=/api 
 headers={'User-Agent': 'python-requests/2.32.3', 'Accept-Encoding': 'gzip, deflate', 'Accept': '*/*', 'Connection': 'keep-alive'} 
 body=None 
 </msg>
<msg time="2024-07-30T21:15:15.806899" level="INFO">GET Response : url=https://randomuser.me/api 
 status=200, reason=OK 
 headers={'Date': 'Tue, 30 Jul 2024 21:15:15 GMT', 'Content-Type': 'application/json; charset=utf-8', 'Transfer-Encoding': 'chunked', 'Connection': 'keep-alive', 'X-Powered-By': 'Express', 'Access-Control-Allow-Origin': '*', 'Cache-Control': 'no-cache', 'ETag': 'W/"48a-L1kONJMbEHbEIJXIayDQsxj+CM8"', 'Vary': 'Accept-Encoding', 'Content-Encoding': 'gzip', 'CF-Cache-Status': 'DYNAMIC', 'Report-To': '{"endpoints":[{"url":"https:\\/\\/a.nel.cloudflare.com\\/report\\/v4?s=qQRJMUKPa9mYZQFgbnBs7Xmwp4nH5nT481PI9jxsNbGCmLftMLJXUu8YrBMcyCoBeT3wmdh9IlIjDvAfpdoGrbZF3sCvPIPVZ0yJ2VQmDw%2BKpngv9PAaO9Iwc9ni5pz3"}],"group":"cf-nel","max_age":604800}', 'NEL': '{"success_fraction":0,"report_to":"cf-nel","max_age":604800}', 'Server': 'cloudflare', 'CF-RAY': '8ab85cef3a4a61b5-ORD', 'alt-svc': 'h3=":443"; ma=86400'} 
 body={"results":[{"gender":"male","name":{"title":"Mr","first":"Naveen","last":"Ramesh"},"location":{"street":{"number":8665,"name":"Shakespeare Sarani"},"city":"Buxar","state":"Chandigarh","country":"India","postcode":33093,"coordinates":{"latitude":"9.9865","longitude":"-86.5610"},"timezone":{"offset":"-3:00","description":"Brazil, Buenos Aires, Georgetown"}},"email":"naveen.ramesh@example.com","login":{"uuid":"ab5dd324-81b9-4586-9934-0c6fef73bb51","username":"brownfish108","password":"mistress","salt":"FeRKvGy1","md5":"2c2598ef86a6976f5b05eba4ca2d8ef9","sha1":"8d49e1cbbc1bdabebf190fda4ba6cc3d68ff4b40","sha256":"2b755cf343f19bf1b2f70f12fa43acac46cfe0a6d5aa58a37aadfa02f9a9dae6"},"dob":{"date":"1987-06-18T05:14:07.785Z","age":37},"registered":{"date":"2010-08-03T17:10:22.153Z","age":13},"phone":"9941773006","cell":"8104694025","id":{"name":"UIDAI","value":"035499836145"},"picture":{"large":"https://randomuser.me/api/portraits/men/96.jpg","medium":"https://randomuser.me/api/portraits/med/men/96.jpg","thumbnail":"https://randomuser.me/api/portraits/thumb/men/96.jpg"},"nat":"IN"}],"info":{"seed":"92c3dbdef964d7ff","results":1,"page":1,"version":"1.4"}} 
 </msg>
<msg time="2024-07-30T21:15:15.807013" level="INFO">/opt/hostedtoolcache/Python/3.12.4/x64/lib/python3.12/site-packages/urllib3/connectionpool.py:1099: InsecureRequestWarning: Unverified HTTPS request is being made to host 'randomuser.me'. Adding certificate verification is strongly advised. See: https://urllib3.readthedocs.io/en/latest/advanced-usage.html#tls-warnings
  warnings.warn(</msg>
<msg time="2024-07-30T21:15:15.807149" level="INFO">${response} = &lt;Response [200]&gt;</msg>
<var>${response}</var>
<arg>consultarAPI</arg>
<arg>/api</arg>
<doc>Sends a GET request on a previously created HTTP Session.</doc>
<status status="PASS" start="2024-07-30T21:15:15.711129" elapsed="0.096055"/>
</kw>
<kw name="Set Variable" owner="BuiltIn">
<msg time="2024-07-30T21:15:15.807951" level="INFO">${json_data} = {'results': [{'gender': 'male', 'name': {'title': 'Mr', 'first': 'Naveen', 'last': 'Ramesh'}, 'location': {'street': {'number': 8665, 'name': 'Shakespeare Sarani'}, 'city': 'Buxar', 'state': 'Chandiga...</msg>
<var>${json_data}</var>
<arg>${response.json()}</arg>
<doc>Returns the given values which can then be assigned to a variables.</doc>
<status status="PASS" start="2024-07-30T21:15:15.807521" elapsed="0.000459"/>
</kw>
<kw name="Log" owner="BuiltIn">
<msg time="2024-07-30T21:15:15.808438" level="INFO">{'results': [{'gender': 'male', 'name': {'title': 'Mr', 'first': 'Naveen', 'last': 'Ramesh'}, 'location': {'street': {'number': 8665, 'name': 'Shakespeare Sarani'}, 'city': 'Buxar', 'state': 'Chandigarh', 'country': 'India', 'postcode': 33093, 'coordinates': {'latitude': '9.9865', 'longitude': '-86.5610'}, 'timezone': {'offset': '-3:00', 'description': 'Brazil, Buenos Aires, Georgetown'}}, 'email': 'naveen.ramesh@example.com', 'login': {'uuid': 'ab5dd324-81b9-4586-9934-0c6fef73bb51', 'username': 'brownfish108', 'password': 'mistress', 'salt': 'FeRKvGy1', 'md5': '2c2598ef86a6976f5b05eba4ca2d8ef9', 'sha1': '8d49e1cbbc1bdabebf190fda4ba6cc3d68ff4b40', 'sha256': '2b755cf343f19bf1b2f70f12fa43acac46cfe0a6d5aa58a37aadfa02f9a9dae6'}, 'dob': {'date': '1987-06-18T05:14:07.785Z', 'age': 37}, 'registered': {'date': '2010-08-03T17:10:22.153Z', 'age': 13}, 'phone': '9941773006', 'cell': '8104694025', 'id': {'name': 'UIDAI', 'value': '035499836145'}, 'picture': {'large': 'https://randomuser.me/api/portraits/men/96.jpg', 'medium': 'https://randomuser.me/api/portraits/med/men/96.jpg', 'thumbnail': 'https://randomuser.me/api/portraits/thumb/men/96.jpg'}, 'nat': 'IN'}], 'info': {'seed': '92c3dbdef964d7ff', 'results': 1, 'page': 1, 'version': '1.4'}}</msg>
<arg>${json_data}</arg>
<doc>Logs the given message with the given level.</doc>
<status status="PASS" start="2024-07-30T21:15:15.808280" elapsed="0.000206"/>
</kw>
<kw name="Dictionary Should Contain Key" owner="Collections">
<arg>${json_data}</arg>
<arg>results</arg>
<doc>Fails if ``key`` is not found from ``dictionary``.</doc>
<status status="PASS" start="2024-07-30T21:15:15.808774" elapsed="0.000156"/>
</kw>
<kw name="Should Not Be Empty" owner="BuiltIn">
<msg time="2024-07-30T21:15:15.809238" level="INFO">Length is 2.</msg>
<arg>${json_data}</arg>
<doc>Verifies that the given item is not empty.</doc>
<status status="PASS" start="2024-07-30T21:15:15.809116" elapsed="0.000159"/>
</kw>
<kw name="Create List" owner="BuiltIn">
<msg time="2024-07-30T21:15:15.809763" level="INFO">${expected_keys} = ['gender', 'name', 'location', 'email', 'login']</msg>
<var>${expected_keys}</var>
<arg>gender</arg>
<arg>name</arg>
<arg>location</arg>
<arg>email</arg>
<arg>login</arg>
<doc>Returns a list containing given items.</doc>
<status status="PASS" start="2024-07-30T21:15:15.809608" elapsed="0.000180"/>
</kw>
<for flavor="IN">
<iter>
<kw name="Dictionary Should Contain Key" owner="Collections">
<arg>${json_data['results'][0]}</arg>
<arg>${key}</arg>
<doc>Fails if ``key`` is not found from ``dictionary``.</doc>
<status status="PASS" start="2024-07-30T21:15:15.810356" elapsed="0.000398"/>
</kw>
<kw name="Log" owner="BuiltIn">
<msg time="2024-07-30T21:15:15.811297" level="INFO">{'gender': 'male', 'name': {'title': 'Mr', 'first': 'Naveen', 'last': 'Ramesh'}, 'location': {'street': {'number': 8665, 'name': 'Shakespeare Sarani'}, 'city': 'Buxar', 'state': 'Chandigarh', 'country': 'India', 'postcode': 33093, 'coordinates': {'latitude': '9.9865', 'longitude': '-86.5610'}, 'timezone': {'offset': '-3:00', 'description': 'Brazil, Buenos Aires, Georgetown'}}, 'email': 'naveen.ramesh@example.com', 'login': {'uuid': 'ab5dd324-81b9-4586-9934-0c6fef73bb51', 'username': 'brownfish108', 'password': 'mistress', 'salt': 'FeRKvGy1', 'md5': '2c2598ef86a6976f5b05eba4ca2d8ef9', 'sha1': '8d49e1cbbc1bdabebf190fda4ba6cc3d68ff4b40', 'sha256': '2b755cf343f19bf1b2f70f12fa43acac46cfe0a6d5aa58a37aadfa02f9a9dae6'}, 'dob': {'date': '1987-06-18T05:14:07.785Z', 'age': 37}, 'registered': {'date': '2010-08-03T17:10:22.153Z', 'age': 13}, 'phone': '9941773006', 'cell': '8104694025', 'id': {'name': 'UIDAI', 'value': '035499836145'}, 'picture': {'large': 'https://randomuser.me/api/portraits/men/96.jpg', 'medium': 'https://randomuser.me/api/portraits/med/men/96.jpg', 'thumbnail': 'https://randomuser.me/api/portraits/thumb/men/96.jpg'}, 'nat': 'IN'}</msg>
<arg>${json_data['results'][0]}</arg>
<doc>Logs the given message with the given level.</doc>
<status status="PASS" start="2024-07-30T21:15:15.810947" elapsed="0.000398"/>
</kw>
<kw name="Log" owner="BuiltIn">
<msg time="2024-07-30T21:15:15.811763" level="INFO">gender</msg>
<arg>${key}</arg>
<doc>Logs the given message with the given level.</doc>
<status status="PASS" start="2024-07-30T21:15:15.811638" elapsed="0.000163"/>
</kw>
<var name="${key}">gender</var>
<status status="PASS" start="2024-07-30T21:15:15.810229" elapsed="0.001787"/>
</iter>
<iter>
<kw name="Dictionary Should Contain Key" owner="Collections">
<arg>${json_data['results'][0]}</arg>
<arg>${key}</arg>
<doc>Fails if ``key`` is not found from ``dictionary``.</doc>
<status status="PASS" start="2024-07-30T21:15:15.812309" elapsed="0.000380"/>
</kw>
<kw name="Log" owner="BuiltIn">
<msg time="2024-07-30T21:15:15.813226" level="INFO">{'gender': 'male', 'name': {'title': 'Mr', 'first': 'Naveen', 'last': 'Ramesh'}, 'location': {'street': {'number': 8665, 'name': 'Shakespeare Sarani'}, 'city': 'Buxar', 'state': 'Chandigarh', 'country': 'India', 'postcode': 33093, 'coordinates': {'latitude': '9.9865', 'longitude': '-86.5610'}, 'timezone': {'offset': '-3:00', 'description': 'Brazil, Buenos Aires, Georgetown'}}, 'email': 'naveen.ramesh@example.com', 'login': {'uuid': 'ab5dd324-81b9-4586-9934-0c6fef73bb51', 'username': 'brownfish108', 'password': 'mistress', 'salt': 'FeRKvGy1', 'md5': '2c2598ef86a6976f5b05eba4ca2d8ef9', 'sha1': '8d49e1cbbc1bdabebf190fda4ba6cc3d68ff4b40', 'sha256': '2b755cf343f19bf1b2f70f12fa43acac46cfe0a6d5aa58a37aadfa02f9a9dae6'}, 'dob': {'date': '1987-06-18T05:14:07.785Z', 'age': 37}, 'registered': {'date': '2010-08-03T17:10:22.153Z', 'age': 13}, 'phone': '9941773006', 'cell': '8104694025', 'id': {'name': 'UIDAI', 'value': '035499836145'}, 'picture': {'large': 'https://randomuser.me/api/portraits/men/96.jpg', 'medium': 'https://randomuser.me/api/portraits/med/men/96.jpg', 'thumbnail': 'https://randomuser.me/api/portraits/thumb/men/96.jpg'}, 'nat': 'IN'}</msg>
<arg>${json_data['results'][0]}</arg>
<doc>Logs the given message with the given level.</doc>
<status status="PASS" start="2024-07-30T21:15:15.812871" elapsed="0.000433"/>
</kw>
<kw name="Log" owner="BuiltIn">
<msg time="2024-07-30T21:15:15.813761" level="INFO">name</msg>
<arg>${key}</arg>
<doc>Logs the given message with the given level.</doc>
<status status="PASS" start="2024-07-30T21:15:15.813634" elapsed="0.000165"/>
</kw>
<var name="${key}">name</var>
<status status="PASS" start="2024-07-30T21:15:15.812199" elapsed="0.001815"/>
</iter>
<iter>
<kw name="Dictionary Should Contain Key" owner="Collections">
<arg>${json_data['results'][0]}</arg>
<arg>${key}</arg>
<doc>Fails if ``key`` is not found from ``dictionary``.</doc>
<status status="PASS" start="2024-07-30T21:15:15.814296" elapsed="0.000379"/>
</kw>
<kw name="Log" owner="BuiltIn">
<msg time="2024-07-30T21:15:15.815203" level="INFO">{'gender': 'male', 'name': {'title': 'Mr', 'first': 'Naveen', 'last': 'Ramesh'}, 'location': {'street': {'number': 8665, 'name': 'Shakespeare Sarani'}, 'city': 'Buxar', 'state': 'Chandigarh', 'country': 'India', 'postcode': 33093, 'coordinates': {'latitude': '9.9865', 'longitude': '-86.5610'}, 'timezone': {'offset': '-3:00', 'description': 'Brazil, Buenos Aires, Georgetown'}}, 'email': 'naveen.ramesh@example.com', 'login': {'uuid': 'ab5dd324-81b9-4586-9934-0c6fef73bb51', 'username': 'brownfish108', 'password': 'mistress', 'salt': 'FeRKvGy1', 'md5': '2c2598ef86a6976f5b05eba4ca2d8ef9', 'sha1': '8d49e1cbbc1bdabebf190fda4ba6cc3d68ff4b40', 'sha256': '2b755cf343f19bf1b2f70f12fa43acac46cfe0a6d5aa58a37aadfa02f9a9dae6'}, 'dob': {'date': '1987-06-18T05:14:07.785Z', 'age': 37}, 'registered': {'date': '2010-08-03T17:10:22.153Z', 'age': 13}, 'phone': '9941773006', 'cell': '8104694025', 'id': {'name': 'UIDAI', 'value': '035499836145'}, 'picture': {'large': 'https://randomuser.me/api/portraits/men/96.jpg', 'medium': 'https://randomuser.me/api/portraits/med/men/96.jpg', 'thumbnail': 'https://randomuser.me/api/portraits/thumb/men/96.jpg'}, 'nat': 'IN'}</msg>
<arg>${json_data['results'][0]}</arg>
<doc>Logs the given message with the given level.</doc>
<status status="PASS" start="2024-07-30T21:15:15.814860" elapsed="0.000391"/>
</kw>
<kw name="Log" owner="BuiltIn">
<msg time="2024-07-30T21:15:15.815672" level="INFO">location</msg>
<arg>${key}</arg>
<doc>Logs the given message with the given level.</doc>
<status status="PASS" start="2024-07-30T21:15:15.815546" elapsed="0.000164"/>
</kw>
<var name="${key}">location</var>
<status status="PASS" start="2024-07-30T21:15:15.814189" elapsed="0.001739"/>
</iter>
<iter>
<kw name="Dictionary Should Contain Key" owner="Collections">
<arg>${json_data['results'][0]}</arg>
<arg>${key}</arg>
<doc>Fails if ``key`` is not found from ``dictionary``.</doc>
<status status="PASS" start="2024-07-30T21:15:15.816204" elapsed="0.000370"/>
</kw>
<kw name="Log" owner="BuiltIn">
<msg time="2024-07-30T21:15:15.817212" level="INFO">{'gender': 'male', 'name': {'title': 'Mr', 'first': 'Naveen', 'last': 'Ramesh'}, 'location': {'street': {'number': 8665, 'name': 'Shakespeare Sarani'}, 'city': 'Buxar', 'state': 'Chandigarh', 'country': 'India', 'postcode': 33093, 'coordinates': {'latitude': '9.9865', 'longitude': '-86.5610'}, 'timezone': {'offset': '-3:00', 'description': 'Brazil, Buenos Aires, Georgetown'}}, 'email': 'naveen.ramesh@example.com', 'login': {'uuid': 'ab5dd324-81b9-4586-9934-0c6fef73bb51', 'username': 'brownfish108', 'password': 'mistress', 'salt': 'FeRKvGy1', 'md5': '2c2598ef86a6976f5b05eba4ca2d8ef9', 'sha1': '8d49e1cbbc1bdabebf190fda4ba6cc3d68ff4b40', 'sha256': '2b755cf343f19bf1b2f70f12fa43acac46cfe0a6d5aa58a37aadfa02f9a9dae6'}, 'dob': {'date': '1987-06-18T05:14:07.785Z', 'age': 37}, 'registered': {'date': '2010-08-03T17:10:22.153Z', 'age': 13}, 'phone': '9941773006', 'cell': '8104694025', 'id': {'name': 'UIDAI', 'value': '035499836145'}, 'picture': {'large': 'https://randomuser.me/api/portraits/men/96.jpg', 'medium': 'https://randomuser.me/api/portraits/med/men/96.jpg', 'thumbnail': 'https://randomuser.me/api/portraits/thumb/men/96.jpg'}, 'nat': 'IN'}</msg>
<arg>${json_data['results'][0]}</arg>
<doc>Logs the given message with the given level.</doc>
<status status="PASS" start="2024-07-30T21:15:15.816866" elapsed="0.000393"/>
</kw>
<kw name="Log" owner="BuiltIn">
<msg time="2024-07-30T21:15:15.817722" level="INFO">email</msg>
<arg>${key}</arg>
<doc>Logs the given message with the given level.</doc>
<status status="PASS" start="2024-07-30T21:15:15.817593" elapsed="0.000168"/>
</kw>
<var name="${key}">email</var>
<status status="PASS" start="2024-07-30T21:15:15.816099" elapsed="0.001878"/>
</iter>
<iter>
<kw name="Dictionary Should Contain Key" owner="Collections">
<arg>${json_data['results'][0]}</arg>
<arg>${key}</arg>
<doc>Fails if ``key`` is not found from ``dictionary``.</doc>
<status status="PASS" start="2024-07-30T21:15:15.818254" elapsed="0.000370"/>
</kw>
<kw name="Log" owner="BuiltIn">
<msg time="2024-07-30T21:15:15.819154" level="INFO">{'gender': 'male', 'name': {'title': 'Mr', 'first': 'Naveen', 'last': 'Ramesh'}, 'location': {'street': {'number': 8665, 'name': 'Shakespeare Sarani'}, 'city': 'Buxar', 'state': 'Chandigarh', 'country': 'India', 'postcode': 33093, 'coordinates': {'latitude': '9.9865', 'longitude': '-86.5610'}, 'timezone': {'offset': '-3:00', 'description': 'Brazil, Buenos Aires, Georgetown'}}, 'email': 'naveen.ramesh@example.com', 'login': {'uuid': 'ab5dd324-81b9-4586-9934-0c6fef73bb51', 'username': 'brownfish108', 'password': 'mistress', 'salt': 'FeRKvGy1', 'md5': '2c2598ef86a6976f5b05eba4ca2d8ef9', 'sha1': '8d49e1cbbc1bdabebf190fda4ba6cc3d68ff4b40', 'sha256': '2b755cf343f19bf1b2f70f12fa43acac46cfe0a6d5aa58a37aadfa02f9a9dae6'}, 'dob': {'date': '1987-06-18T05:14:07.785Z', 'age': 37}, 'registered': {'date': '2010-08-03T17:10:22.153Z', 'age': 13}, 'phone': '9941773006', 'cell': '8104694025', 'id': {'name': 'UIDAI', 'value': '035499836145'}, 'picture': {'large': 'https://randomuser.me/api/portraits/men/96.jpg', 'medium': 'https://randomuser.me/api/portraits/med/men/96.jpg', 'thumbnail': 'https://randomuser.me/api/portraits/thumb/men/96.jpg'}, 'nat': 'IN'}</msg>
<arg>${json_data['results'][0]}</arg>
<doc>Logs the given message with the given level.</doc>
<status status="PASS" start="2024-07-30T21:15:15.818804" elapsed="0.000405"/>
</kw>
<kw name="Log" owner="BuiltIn">
<msg time="2024-07-30T21:15:15.819626" level="INFO">login</msg>
<arg>${key}</arg>
<doc>Logs the given message with the given level.</doc>
<status status="PASS" start="2024-07-30T21:15:15.819499" elapsed="0.000163"/>
</kw>
<var name="${key}">login</var>
<status status="PASS" start="2024-07-30T21:15:15.818148" elapsed="0.001726"/>
</iter>
<var>${key}</var>
<value>@{expected_keys}</value>
<status status="PASS" start="2024-07-30T21:15:15.810045" elapsed="0.009947"/>
</for>
<kw name="Create List" owner="BuiltIn">
<msg time="2024-07-30T21:15:15.820353" level="INFO">${expected_keysTwo} = ['username', 'password']</msg>
<var>${expected_keysTwo}</var>
<arg>username</arg>
<arg>password</arg>
<doc>Returns a list containing given items.</doc>
<status status="PASS" start="2024-07-30T21:15:15.820203" elapsed="0.000175"/>
</kw>
<for flavor="IN">
<iter>
<kw name="Dictionary Should Contain Key" owner="Collections">
<arg>${json_data['results'][0]['login']}</arg>
<arg>${keyTwo}</arg>
<doc>Fails if ``key`` is not found from ``dictionary``.</doc>
<status status="PASS" start="2024-07-30T21:15:15.820894" elapsed="0.000409"/>
</kw>
<kw name="Dictionary Should Contain Key" owner="Collections">
<arg>${json_data['results'][0]['login']}</arg>
<arg>${keyTwo}</arg>
<doc>Fails if ``key`` is not found from ``dictionary``.</doc>
<status status="PASS" start="2024-07-30T21:15:15.821509" elapsed="0.000376"/>
</kw>
<kw name="Log" owner="BuiltIn">
<msg time="2024-07-30T21:15:15.822181" level="INFO">username</msg>
<arg>${keyTwo}</arg>
<doc>Logs the given message with the given level.</doc>
<status status="PASS" start="2024-07-30T21:15:15.822062" elapsed="0.000156"/>
</kw>
<var name="${keyTwo}">username</var>
<status status="PASS" start="2024-07-30T21:15:15.820789" elapsed="0.001649"/>
</iter>
<iter>
<kw name="Dictionary Should Contain Key" owner="Collections">
<arg>${json_data['results'][0]['login']}</arg>
<arg>${keyTwo}</arg>
<doc>Fails if ``key`` is not found from ``dictionary``.</doc>
<status status="PASS" start="2024-07-30T21:15:15.822716" elapsed="0.000388"/>
</kw>
<kw name="Dictionary Should Contain Key" owner="Collections">
<arg>${json_data['results'][0]['login']}</arg>
<arg>${keyTwo}</arg>
<doc>Fails if ``key`` is not found from ``dictionary``.</doc>
<status status="PASS" start="2024-07-30T21:15:15.823280" elapsed="0.000366"/>
</kw>
<kw name="Log" owner="BuiltIn">
<msg time="2024-07-30T21:15:15.823944" level="INFO">password</msg>
<arg>${keyTwo}</arg>
<doc>Logs the given message with the given level.</doc>
<status status="PASS" start="2024-07-30T21:15:15.823821" elapsed="0.000160"/>
</kw>
<var name="${keyTwo}">password</var>
<status status="PASS" start="2024-07-30T21:15:15.822606" elapsed="0.001591"/>
</iter>
<var>${keyTwo}</var>
<value>@{expected_keysTwo}</value>
<status status="PASS" start="2024-07-30T21:15:15.820638" elapsed="0.003681"/>
</for>
<status status="PASS" start="2024-07-30T21:15:15.710896" elapsed="0.113560"/>
</kw>
<doc>Testa a estrutura da resposta da API.</doc>
<tag>testeEstruturaResposta</tag>
<status status="PASS" start="2024-07-30T21:15:15.710410" elapsed="0.114189"/>
</test>
<test id="s1-s1-t4" name="Validar tipos de dados" line="28">
<kw name="Teste de Tipos de Dados" owner="random-user-service">
<kw name="GET On Session" owner="RequestsLibrary">
<msg time="2024-07-30T21:15:15.917665" level="INFO">GET Request : url=https://randomuser.me/api 
 path_url=/api 
 headers={'User-Agent': 'python-requests/2.32.3', 'Accept-Encoding': 'gzip, deflate', 'Accept': '*/*', 'Connection': 'keep-alive'} 
 body=None 
 </msg>
<msg time="2024-07-30T21:15:15.917727" level="INFO">GET Response : url=https://randomuser.me/api 
 status=200, reason=OK 
 headers={'Date': 'Tue, 30 Jul 2024 21:15:15 GMT', 'Content-Type': 'application/json; charset=utf-8', 'Transfer-Encoding': 'chunked', 'Connection': 'keep-alive', 'X-Powered-By': 'Express', 'Access-Control-Allow-Origin': '*', 'Cache-Control': 'no-cache', 'ETag': 'W/"487-XcAVLDC3HuPEGRCHV6rKDJZRqLY"', 'Vary': 'Accept-Encoding', 'Content-Encoding': 'gzip', 'CF-Cache-Status': 'DYNAMIC', 'Report-To': '{"endpoints":[{"url":"https:\\/\\/a.nel.cloudflare.com\\/report\\/v4?s=HVMgOcNQ46OcCxslKHmgXOJnYYA5qTupseco9DoBBCIUFhMM3KYWR1%2F78ja7Q9wUbIYsm4evmFNh%2BnfbBqQE2gnNunz8%2B4BqMUhZJW7dsnQAlzj7o%2Fii9pKMuEBo8RqC"}],"group":"cf-nel","max_age":604800}', 'NEL': '{"success_fraction":0,"report_to":"cf-nel","max_age":604800}', 'Server': 'cloudflare', 'CF-RAY': '8ab85cefeae661b5-ORD', 'alt-svc': 'h3=":443"; ma=86400'} 
 body={"results":[{"gender":"male","name":{"title":"Mr","first":"Kenneth","last":"Dittmer"},"location":{"street":{"number":2341,"name":"Mittelweg"},"city":"Neustadt In Holstein","state":"Sachsen","country":"Germany","postcode":21658,"coordinates":{"latitude":"-48.0278","longitude":"-29.4804"},"timezone":{"offset":"+9:30","description":"Adelaide, Darwin"}},"email":"kenneth.dittmer@example.com","login":{"uuid":"92e3a9c2-54c5-4fc6-b064-4415cc9f3c0d","username":"happyfish378","password":"&amp;amp","salt":"tqXw7VxR","md5":"0b3af18fa348fdfdcc6d1c8600a932b2","sha1":"600c077580278ee2ad47d63a13c7d20be7ed7b34","sha256":"2ab2c2961a83982605b170e8cc590c313e623145057a84a16f23175bae71e963"},"dob":{"date":"1958-11-24T00:14:47.683Z","age":65},"registered":{"date":"2004-01-22T14:18:16.142Z","age":20},"phone":"0776-9270877","cell":"0170-4373011","id":{"name":"SVNR","value":"14 231158 D 241"},"picture":{"large":"https://randomuser.me/api/portraits/men/31.jpg","medium":"https://randomuser.me/api/portraits/med/men/31.jpg","thumbnail":"https://randomuser.me/api/portraits/thumb/men/31.jpg"},"nat":"DE"}],"info":{"seed":"3b983392ddf824f3","results":1,"page":1,"version":"1.4"}} 
 </msg>
<msg time="2024-07-30T21:15:15.917784" level="INFO">/opt/hostedtoolcache/Python/3.12.4/x64/lib/python3.12/site-packages/urllib3/connectionpool.py:1099: InsecureRequestWarning: Unverified HTTPS request is being made to host 'randomuser.me'. Adding certificate verification is strongly advised. See: https://urllib3.readthedocs.io/en/latest/advanced-usage.html#tls-warnings
  warnings.warn(</msg>
<msg time="2024-07-30T21:15:15.917887" level="INFO">${response} = &lt;Response [200]&gt;</msg>
<var>${response}</var>
<arg>consultarAPI</arg>
<arg>/api</arg>
<doc>Sends a GET request on a previously created HTTP Session.</doc>
<status status="PASS" start="2024-07-30T21:15:15.827265" elapsed="0.090655"/>
</kw>
<kw name="Set Variable" owner="BuiltIn">
<msg time="2024-07-30T21:15:15.918703" level="INFO">${json_data} = {'results': [{'gender': 'male', 'name': {'title': 'Mr', 'first': 'Kenneth', 'last': 'Dittmer'}, 'location': {'street': {'number': 2341, 'name': 'Mittelweg'}, 'city': 'Neustadt In Holstein', 'state': '...</msg>
<var>${json_data}</var>
<arg>${response.json()}</arg>
<doc>Returns the given values which can then be assigned to a variables.</doc>
<status status="PASS" start="2024-07-30T21:15:15.918258" elapsed="0.000474"/>
</kw>
<kw name="Log" owner="BuiltIn">
<msg time="2024-07-30T21:15:15.919191" level="INFO">{'results': [{'gender': 'male', 'name': {'title': 'Mr', 'first': 'Kenneth', 'last': 'Dittmer'}, 'location': {'street': {'number': 2341, 'name': 'Mittelweg'}, 'city': 'Neustadt In Holstein', 'state': 'Sachsen', 'country': 'Germany', 'postcode': 21658, 'coordinates': {'latitude': '-48.0278', 'longitude': '-29.4804'}, 'timezone': {'offset': '+9:30', 'description': 'Adelaide, Darwin'}}, 'email': 'kenneth.dittmer@example.com', 'login': {'uuid': '92e3a9c2-54c5-4fc6-b064-4415cc9f3c0d', 'username': 'happyfish378', 'password': '&amp;amp', 'salt': 'tqXw7VxR', 'md5': '0b3af18fa348fdfdcc6d1c8600a932b2', 'sha1': '600c077580278ee2ad47d63a13c7d20be7ed7b34', 'sha256': '2ab2c2961a83982605b170e8cc590c313e623145057a84a16f23175bae71e963'}, 'dob': {'date': '1958-11-24T00:14:47.683Z', 'age': 65}, 'registered': {'date': '2004-01-22T14:18:16.142Z', 'age': 20}, 'phone': '0776-9270877', 'cell': '0170-4373011', 'id': {'name': 'SVNR', 'value': '14 231158 D 241'}, 'picture': {'large': 'https://randomuser.me/api/portraits/men/31.jpg', 'medium': 'https://randomuser.me/api/portraits/med/men/31.jpg', 'thumbnail': 'https://randomuser.me/api/portraits/thumb/men/31.jpg'}, 'nat': 'DE'}], 'info': {'seed': '3b983392ddf824f3', 'results': 1, 'page': 1, 'version': '1.4'}}</msg>
<arg>${json_data}</arg>
<doc>Logs the given message with the given level.</doc>
<status status="PASS" start="2024-07-30T21:15:15.919038" elapsed="0.000203"/>
</kw>
<kw name="Should Be String" owner="String">
<arg>${json_data['results'][0]['gender']}</arg>
<doc>Fails if the given ``item`` is not a string.</doc>
<status status="PASS" start="2024-07-30T21:15:15.919542" elapsed="0.000389"/>
</kw>
<kw name="Should Match Regexp" owner="BuiltIn">
<arg>${json_data['results'][0]['email']}</arg>
<arg>^[a-zA-Z0-9._%+-]+@[a-zA-Z0-9.-]+\.[a-zA-Z]{2,}$</arg>
<doc>Fails if ``string`` does not match ``pattern`` as a regular expression.</doc>
<status status="PASS" start="2024-07-30T21:15:15.920124" elapsed="0.000512"/>
</kw>
<kw name="Should Match Regexp" owner="BuiltIn">
<arg>${json_data['results'][0]['dob']['date']}</arg>
<arg>\\d{4}-\\d{2}-\\d{2}T\\d{2}:\\d{2}:\\d{2}\\.\\d{3}Z</arg>
<doc>Fails if ``string`` does not match ``pattern`` as a regular expression.</doc>
<status status="PASS" start="2024-07-30T21:15:15.920863" elapsed="0.000615"/>
</kw>
<kw name="Should Match Regexp" owner="BuiltIn">
<arg>${json_data['results'][0]['registered']['date']}</arg>
<arg>\\d{4}-\\d{2}-\\d{2}T\\d{2}:\\d{2}:\\d{2}\\.\\d{3}Z</arg>
<doc>Fails if ``string`` does not match ``pattern`` as a regular expression.</doc>
<status status="PASS" start="2024-07-30T21:15:15.921675" elapsed="0.000370"/>
</kw>
<kw name="Should Match Regexp" owner="BuiltIn">
<arg>${json_data['results'][0]['picture']['large']}</arg>
<arg>^https?://.*\.(?:png|jpe?g|gif|bmp)$</arg>
<doc>Fails if ``string`` does not match ``pattern`` as a regular expression.</doc>
<status status="PASS" start="2024-07-30T21:15:15.922233" elapsed="0.000457"/>
</kw>
<kw name="Should Match Regexp" owner="BuiltIn">
<arg>${json_data['results'][0]['picture']['medium']}</arg>
<arg>^https?://.*\.(?:png|jpe?g|gif|bmp)$</arg>
<doc>Fails if ``string`` does not match ``pattern`` as a regular expression.</doc>
<status status="PASS" start="2024-07-30T21:15:15.922892" elapsed="0.000583"/>
</kw>
<kw name="Should Match Regexp" owner="BuiltIn">
<arg>${json_data['results'][0]['picture']['thumbnail']}</arg>
<arg>^https?://.*\.(?:png|jpe?g|gif|bmp)$</arg>
<doc>Fails if ``string`` does not match ``pattern`` as a regular expression.</doc>
<status status="PASS" start="2024-07-30T21:15:15.923764" elapsed="0.000559"/>
</kw>
<kw name="Log" owner="BuiltIn">
<msg time="2024-07-30T21:15:15.924850" level="INFO">{'large': 'https://randomuser.me/api/portraits/men/31.jpg', 'medium': 'https://randomuser.me/api/portraits/med/men/31.jpg', 'thumbnail': 'https://randomuser.me/api/portraits/thumb/men/31.jpg'}</msg>
<arg>${json_data['results'][0]['picture']}</arg>
<doc>Logs the given message with the given level.</doc>
<status status="PASS" start="2024-07-30T21:15:15.924518" elapsed="0.000375"/>
</kw>
<status status="PASS" start="2024-07-30T21:15:15.827003" elapsed="0.098146"/>
</kw>
<kw name="Teste de Tipos de Dados - Postcode" owner="random-user-service">
<kw name="GET On Session" owner="RequestsLibrary">
<msg time="2024-07-30T21:15:16.055438" level="INFO">GET Request : url=https://randomuser.me/api 
 path_url=/api 
 headers={'User-Agent': 'python-requests/2.32.3', 'Accept-Encoding': 'gzip, deflate', 'Accept': '*/*', 'Connection': 'keep-alive'} 
 body=None 
 </msg>
<msg time="2024-07-30T21:15:16.055499" level="INFO">GET Response : url=https://randomuser.me/api 
 status=200, reason=OK 
 headers={'Date': 'Tue, 30 Jul 2024 21:15:16 GMT', 'Content-Type': 'application/json; charset=utf-8', 'Transfer-Encoding': 'chunked', 'Connection': 'keep-alive', 'X-Powered-By': 'Express', 'Access-Control-Allow-Origin': '*', 'Cache-Control': 'no-cache', 'ETag': 'W/"493-6HZuTcdB6iltKee3Gi165xQ14mY"', 'Vary': 'Accept-Encoding', 'Content-Encoding': 'gzip', 'CF-Cache-Status': 'DYNAMIC', 'Report-To': '{"endpoints":[{"url":"https:\\/\\/a.nel.cloudflare.com\\/report\\/v4?s=jxf%2F0DWi9TzwGuBy134ckH10PXp%2BlV45zf6SBZuk6O2V8H%2Bt1%2B%2F31NHhySzwiwh9E7QbuCg9uKCaL6WYLyydptF5OjTFHK5%2BbQSGMM0B79amh5SN%2FwV0pQwPkwAElVXf"}],"group":"cf-nel","max_age":604800}', 'NEL': '{"success_fraction":0,"report_to":"cf-nel","max_age":604800}', 'Server': 'cloudflare', 'CF-RAY': '8ab85cf08b8c61b5-ORD', 'alt-svc': 'h3=":443"; ma=86400'} 
 body={"results":[{"gender":"male","name":{"title":"Mr","first":"Valeriy","last":"Shutko"},"location":{"street":{"number":5034,"name":"Korchuvatskiy provulok"},"city":"Lohvicya","state":"Harkivska","country":"Ukraine","postcode":84141,"coordinates":{"latitude":"76.6572","longitude":"-118.2899"},"timezone":{"offset":"-5:00","description":"Eastern Time (US &amp; Canada), Bogota, Lima"}},"email":"valeriy.shutko@example.com","login":{"uuid":"2f3878cd-f49f-40b3-8be5-436a086ecd76","username":"whitefrog371","password":"pian","salt":"7rK0bTmd","md5":"01dd88f7726f82d93bd680e1e98f6def","sha1":"34990e5310f63b7f646425060e2cad527f33d967","sha256":"227895ef52d729dcdcaa8f2cdf9968201875331887562fda56ed9f686dca8f09"},"dob":{"date":"1955-04-20T17:49:03.975Z","age":69},"registered":{"date":"2009-12-07T04:54:06.341Z","age":14},"phone":"(066) N48-8844","cell":"(097) W32-1770","id":{"name":"","value":null},"picture":{"large":"https://randomuser.me/api/portraits/men/64.jpg","medium":"https://randomuser.me/api/portraits/med/men/64.jpg","thumbnail":"https://randomuser.me/api/portraits/thumb/men/64.jpg"},"nat":"UA"}],"info":{"seed":"bdd9c783df6d21ec","results":1,"page":1,"version":"1.4"}} 
 </msg>
<msg time="2024-07-30T21:15:16.055564" level="INFO">/opt/hostedtoolcache/Python/3.12.4/x64/lib/python3.12/site-packages/urllib3/connectionpool.py:1099: InsecureRequestWarning: Unverified HTTPS request is being made to host 'randomuser.me'. Adding certificate verification is strongly advised. See: https://urllib3.readthedocs.io/en/latest/advanced-usage.html#tls-warnings
  warnings.warn(</msg>
<msg time="2024-07-30T21:15:16.055665" level="INFO">${response} = &lt;Response [200]&gt;</msg>
<var>${response}</var>
<arg>consultarAPI</arg>
<arg>/api</arg>
<doc>Sends a GET request on a previously created HTTP Session.</doc>
<status status="PASS" start="2024-07-30T21:15:15.925613" elapsed="0.130091"/>
</kw>
<kw name="Set Variable" owner="BuiltIn">
<msg time="2024-07-30T21:15:16.056474" level="INFO">${json_data} = {'results': [{'gender': 'male', 'name': {'title': 'Mr', 'first': 'Valeriy', 'last': 'Shutko'}, 'location': {'street': {'number': 5034, 'name': 'Korchuvatskiy provulok'}, 'city': 'Lohvicya', 'state': '...</msg>
<var>${json_data}</var>
<arg>${response.json()}</arg>
<doc>Returns the given values which can then be assigned to a variables.</doc>
<status status="PASS" start="2024-07-30T21:15:16.056046" elapsed="0.000456"/>
</kw>
<kw name="Log" owner="BuiltIn">
<msg time="2024-07-30T21:15:16.056958" level="INFO">{'results': [{'gender': 'male', 'name': {'title': 'Mr', 'first': 'Valeriy', 'last': 'Shutko'}, 'location': {'street': {'number': 5034, 'name': 'Korchuvatskiy provulok'}, 'city': 'Lohvicya', 'state': 'Harkivska', 'country': 'Ukraine', 'postcode': 84141, 'coordinates': {'latitude': '76.6572', 'longitude': '-118.2899'}, 'timezone': {'offset': '-5:00', 'description': 'Eastern Time (US &amp; Canada), Bogota, Lima'}}, 'email': 'valeriy.shutko@example.com', 'login': {'uuid': '2f3878cd-f49f-40b3-8be5-436a086ecd76', 'username': 'whitefrog371', 'password': 'pian', 'salt': '7rK0bTmd', 'md5': '01dd88f7726f82d93bd680e1e98f6def', 'sha1': '34990e5310f63b7f646425060e2cad527f33d967', 'sha256': '227895ef52d729dcdcaa8f2cdf9968201875331887562fda56ed9f686dca8f09'}, 'dob': {'date': '1955-04-20T17:49:03.975Z', 'age': 69}, 'registered': {'date': '2009-12-07T04:54:06.341Z', 'age': 14}, 'phone': '(066) N48-8844', 'cell': '(097) W32-1770', 'id': {'name': '', 'value': None}, 'picture': {'large': 'https://randomuser.me/api/portraits/men/64.jpg', 'medium': 'https://randomuser.me/api/portraits/med/men/64.jpg', 'thumbnail': 'https://randomuser.me/api/portraits/thumb/men/64.jpg'}, 'nat': 'UA'}], 'info': {'seed': 'bdd9c783df6d21ec', 'results': 1, 'page': 1, 'version': '1.4'}}</msg>
<arg>${json_data}</arg>
<doc>Logs the given message with the given level.</doc>
<status status="PASS" start="2024-07-30T21:15:16.056802" elapsed="0.000206"/>
</kw>
<kw name="Should Be Equal As Numbers" owner="BuiltIn">
<arg>${json_data['results'][0]['location']['postcode']}</arg>
<arg>${json_data['results'][0]['location']['postcode']}</arg>
<doc>Fails if objects are unequal after converting them to real numbers.</doc>
<status status="PASS" start="2024-07-30T21:15:16.057295" elapsed="0.000665"/>
</kw>
<kw name="Log" owner="BuiltIn">
<msg time="2024-07-30T21:15:16.058479" level="INFO">84141</msg>
<arg>${json_data['results'][0]['location']['postcode']}</arg>
<doc>Logs the given message with the given level.</doc>
<status status="PASS" start="2024-07-30T21:15:16.058152" elapsed="0.000367"/>
</kw>
<status status="PASS" start="2024-07-30T21:15:15.925385" elapsed="0.133407"/>
</kw>
<doc>Testa se os tipos de dados na resposta da API estão corretos.</doc>
<tag>testeTiposDados</tag>
<status status="PASS" start="2024-07-30T21:15:15.826351" elapsed="0.232601"/>
</test>
<test id="s1-s1-t5" name="Validar conteudo" line="35">
<kw name="Teste de Tipos de Conteudo" owner="random-user-service">
<kw name="GET On Session" owner="RequestsLibrary">
<msg time="2024-07-30T21:15:16.153898" level="INFO">GET Request : url=https://randomuser.me/api 
 path_url=/api 
 headers={'User-Agent': 'python-requests/2.32.3', 'Accept-Encoding': 'gzip, deflate', 'Accept': '*/*', 'Connection': 'keep-alive'} 
 body=None 
 </msg>
<msg time="2024-07-30T21:15:16.153998" level="INFO">GET Response : url=https://randomuser.me/api 
 status=200, reason=OK 
 headers={'Date': 'Tue, 30 Jul 2024 21:15:16 GMT', 'Content-Type': 'application/json; charset=utf-8', 'Transfer-Encoding': 'chunked', 'Connection': 'keep-alive', 'X-Powered-By': 'Express', 'Access-Control-Allow-Origin': '*', 'Cache-Control': 'no-cache', 'ETag': 'W/"498-z6XGR2tpFVlJQt/RQ/7PD2C1mM8"', 'Vary': 'Accept-Encoding', 'Content-Encoding': 'gzip', 'CF-Cache-Status': 'DYNAMIC', 'Report-To': '{"endpoints":[{"url":"https:\\/\\/a.nel.cloudflare.com\\/report\\/v4?s=MvffQp0GkwEIhj8MR97jDDdkY1h%2FDQmwzV8h8GQN2HZOsrUXTDJAupPGLdTLYbWZ14OH9u6%2Fm6J0zJf1GgBw4%2FqlsYTS4kPeYDSrDb3IP3a0Z7Xex8pCYJMymEbUsz8E"}],"group":"cf-nel","max_age":604800}', 'NEL': '{"success_fraction":0,"report_to":"cf-nel","max_age":604800}', 'Server': 'cloudflare', 'CF-RAY': '8ab85cf16c6161b5-ORD', 'alt-svc': 'h3=":443"; ma=86400'} 
 body={"results":[{"gender":"male","name":{"title":"Mr","first":"Gordon","last":"Day"},"location":{"street":{"number":1910,"name":"Fairview St"},"city":"Anchorage","state":"California","country":"United States","postcode":88954,"coordinates":{"latitude":"81.4552","longitude":"-45.4336"},"timezone":{"offset":"+5:00","description":"Ekaterinburg, Islamabad, Karachi, Tashkent"}},"email":"gordon.day@example.com","login":{"uuid":"63a3401e-366f-4333-92ce-37febe07357a","username":"smalltiger287","password":"borders","salt":"nzx8monx","md5":"b90ed4bf7011db7afdaa705058e7150c","sha1":"a37226da4d212ad0c882c7b56de6313104a9a555","sha256":"d01ecf3ae0032242f615ce8904d3a1d00e725492406d29dc279f8c91b7030636"},"dob":{"date":"1970-09-20T08:07:16.490Z","age":53},"registered":{"date":"2021-11-01T23:53:25.181Z","age":2},"phone":"(780) 523-4673","cell":"(702) 603-8751","id":{"name":"SSN","value":"645-98-8850"},"picture":{"large":"https://randomuser.me/api/portraits/men/90.jpg","medium":"https://randomuser.me/api/portraits/med/men/90.jpg","thumbnail":"https://randomuser.me/api/portraits/thumb/men/90.jpg"},"nat":"US"}],"info":{"seed":"0183d960ac78bdc3","results":1,"page":1,"version":"1.4"}} 
 </msg>
<msg time="2024-07-30T21:15:16.154091" level="INFO">/opt/hostedtoolcache/Python/3.12.4/x64/lib/python3.12/site-packages/urllib3/connectionpool.py:1099: InsecureRequestWarning: Unverified HTTPS request is being made to host 'randomuser.me'. Adding certificate verification is strongly advised. See: https://urllib3.readthedocs.io/en/latest/advanced-usage.html#tls-warnings
  warnings.warn(</msg>
<msg time="2024-07-30T21:15:16.154220" level="INFO">${response} = &lt;Response [200]&gt;</msg>
<var>${response}</var>
<arg>consultarAPI</arg>
<arg>/api</arg>
<doc>Sends a GET request on a previously created HTTP Session.</doc>
<status status="PASS" start="2024-07-30T21:15:16.061363" elapsed="0.092896"/>
</kw>
<kw name="Set Variable" owner="BuiltIn">
<msg time="2024-07-30T21:15:16.155490" level="INFO">${json_data} = {'results': [{'gender': 'male', 'name': {'title': 'Mr', 'first': 'Gordon', 'last': 'Day'}, 'location': {'street': {'number': 1910, 'name': 'Fairview St'}, 'city': 'Anchorage', 'state': 'California', '...</msg>
<var>${json_data}</var>
<arg>${response.json()}</arg>
<doc>Returns the given values which can then be assigned to a variables.</doc>
<status status="PASS" start="2024-07-30T21:15:16.154783" elapsed="0.000756"/>
</kw>
<kw name="Set Variable" owner="BuiltIn">
<msg time="2024-07-30T21:15:16.156630" level="INFO">${name_title} = Mr</msg>
<var>${name_title}</var>
<arg>${json_data["results"][0]["name"]["title"]}</arg>
<doc>Returns the given values which can then be assigned to a variables.</doc>
<status status="PASS" start="2024-07-30T21:15:16.156013" elapsed="0.000656"/>
</kw>
<kw name="Create List" owner="BuiltIn">
<msg time="2024-07-30T21:15:16.157365" level="INFO">${allowed_titles} = ['Mr', 'Ms', 'Miss', 'Mrs', 'Madame', 'Monsieur']</msg>
<var>${allowed_titles}</var>
<arg>Mr</arg>
<arg>Ms</arg>
<arg>Miss</arg>
<arg>Mrs</arg>
<arg>Madame</arg>
<arg>Monsieur</arg>
<doc>Returns a list containing given items.</doc>
<status status="PASS" start="2024-07-30T21:15:16.157117" elapsed="0.000291"/>
</kw>
<kw name="List Should Contain Value" owner="Collections">
<arg>${allowed_titles}</arg>
<arg>${name_title}</arg>
<doc>Fails if the ``value`` is not found from ``list``.</doc>
<status status="PASS" start="2024-07-30T21:15:16.157862" elapsed="0.000294"/>
</kw>
<kw name="Set Variable" owner="BuiltIn">
<msg time="2024-07-30T21:15:16.159142" level="INFO">${name_country} = US</msg>
<var>${name_country}</var>
<arg>${json_data["results"][0]["nat"]}</arg>
<doc>Returns the given values which can then be assigned to a variables.</doc>
<status status="PASS" start="2024-07-30T21:15:16.158488" elapsed="0.000697"/>
</kw>
<kw name="Create List" owner="BuiltIn">
<msg time="2024-07-30T21:15:16.160903" level="INFO">${list_country} = ['AD', 'AE', 'AF', 'AG', 'AI', 'AL', 'AM', 'AO', 'AQ', 'AR', 'AS', 'AT', 'AU', 'AW', 'AX', 'AZ', 'BA', 'BB', 'BD', 'BE', 'BF', 'BG', 'BH', 'BI', 'BJ', 'BL', 'BM', 'BN', 'BO', 'BQ', 'BR', 'BS', 'BT', '...</msg>
<var>${list_country}</var>
<arg>AD</arg>
<arg>AE</arg>
<arg>AF</arg>
<arg>AG</arg>
<arg>AI</arg>
<arg>AL</arg>
<arg>AM</arg>
<arg>AO</arg>
<arg>AQ</arg>
<arg>AR</arg>
<arg>AS</arg>
<arg>AT</arg>
<arg>AU</arg>
<arg>AW</arg>
<arg>AX</arg>
<arg>AZ</arg>
<arg>BA</arg>
<arg>BB</arg>
<arg>BD</arg>
<arg>BE</arg>
<arg>BF</arg>
<arg>BG</arg>
<arg>BH</arg>
<arg>BI</arg>
<arg>BJ</arg>
<arg>BL</arg>
<arg>BM</arg>
<arg>BN</arg>
<arg>BO</arg>
<arg>BQ</arg>
<arg>BR</arg>
<arg>BS</arg>
<arg>BT</arg>
<arg>BV</arg>
<arg>BW</arg>
<arg>BY</arg>
<arg>BZ</arg>
<arg>CA</arg>
<arg>CC</arg>
<arg>CD</arg>
<arg>CF</arg>
<arg>CG</arg>
<arg>CH</arg>
<arg>CI</arg>
<arg>CK</arg>
<arg>CL</arg>
<arg>CM</arg>
<arg>CN</arg>
<arg>CO</arg>
<arg>CR</arg>
<arg>CU</arg>
<arg>CV</arg>
<arg>CW</arg>
<arg>CX</arg>
<arg>CY</arg>
<arg>CZ</arg>
<arg>DE</arg>
<arg>DJ</arg>
<arg>DK</arg>
<arg>DM</arg>
<arg>DO</arg>
<arg>DZ</arg>
<arg>EC</arg>
<arg>EE</arg>
<arg>EG</arg>
<arg>EH</arg>
<arg>ER</arg>
<arg>ES</arg>
<arg>ET</arg>
<arg>FI</arg>
<arg>FJ</arg>
<arg>FK</arg>
<arg>FM</arg>
<arg>FO</arg>
<arg>FR</arg>
<arg>GA</arg>
<arg>GB</arg>
<arg>GD</arg>
<arg>GE</arg>
<arg>GF</arg>
<arg>GG</arg>
<arg>GH</arg>
<arg>GI</arg>
<arg>GL</arg>
<arg>GM</arg>
<arg>GN</arg>
<arg>GP</arg>
<arg>GQ</arg>
<arg>GR</arg>
<arg>GS</arg>
<arg>GT</arg>
<arg>GU</arg>
<arg>GW</arg>
<arg>GY</arg>
<arg>HK</arg>
<arg>HM</arg>
<arg>HN</arg>
<arg>HR</arg>
<arg>HT</arg>
<arg>HU</arg>
<arg>ID</arg>
<arg>IE</arg>
<arg>IL</arg>
<arg>IM</arg>
<arg>IN</arg>
<arg>IO</arg>
<arg>IQ</arg>
<arg>IR</arg>
<arg>IS</arg>
<arg>IT</arg>
<arg>JE</arg>
<arg>JM</arg>
<arg>JO</arg>
<arg>JP</arg>
<arg>KE</arg>
<arg>KG</arg>
<arg>KH</arg>
<arg>KI</arg>
<arg>KM</arg>
<arg>KN</arg>
<arg>KP</arg>
<arg>KR</arg>
<arg>KW</arg>
<arg>KY</arg>
<arg>KZ</arg>
<arg>LA</arg>
<arg>LB</arg>
<arg>LC</arg>
<arg>LI</arg>
<arg>LK</arg>
<arg>LR</arg>
<arg>LS</arg>
<arg>LT</arg>
<arg>LU</arg>
<arg>LV</arg>
<arg>LY</arg>
<arg>MA</arg>
<arg>MC</arg>
<arg>MD</arg>
<arg>ME</arg>
<arg>MF</arg>
<arg>MG</arg>
<arg>MH</arg>
<arg>MK</arg>
<arg>ML</arg>
<arg>MM</arg>
<arg>MN</arg>
<arg>MO</arg>
<arg>MP</arg>
<arg>MQ</arg>
<arg>MR</arg>
<arg>MS</arg>
<arg>MT</arg>
<arg>MU</arg>
<arg>MV</arg>
<arg>MW</arg>
<arg>MX</arg>
<arg>MY</arg>
<arg>MZ</arg>
<arg>NA</arg>
<arg>NC</arg>
<arg>NE</arg>
<arg>NF</arg>
<arg>NG</arg>
<arg>NI</arg>
<arg>NL</arg>
<arg>NO</arg>
<arg>NP</arg>
<arg>NR</arg>
<arg>NU</arg>
<arg>NZ</arg>
<arg>OM</arg>
<arg>PA</arg>
<arg>PE</arg>
<arg>PF</arg>
<arg>PG</arg>
<arg>PH</arg>
<arg>PK</arg>
<arg>PL</arg>
<arg>PM</arg>
<arg>PN</arg>
<arg>PR</arg>
<arg>PS</arg>
<arg>PT</arg>
<arg>PW</arg>
<arg>PY</arg>
<arg>QA</arg>
<arg>RE</arg>
<arg>RO</arg>
<arg>RS</arg>
<arg>RU</arg>
<arg>RW</arg>
<arg>SA</arg>
<arg>SB</arg>
<arg>SC</arg>
<arg>SD</arg>
<arg>SE</arg>
<arg>SG</arg>
<arg>SH</arg>
<arg>SI</arg>
<arg>SJ</arg>
<arg>SK</arg>
<arg>SL</arg>
<arg>SM</arg>
<arg>SN</arg>
<arg>SO</arg>
<arg>SR</arg>
<arg>SS</arg>
<arg>ST</arg>
<arg>SV</arg>
<arg>SX</arg>
<arg>SY</arg>
<arg>SZ</arg>
<arg>TC</arg>
<arg>TD</arg>
<arg>TF</arg>
<arg>TG</arg>
<arg>TH</arg>
<arg>TJ</arg>
<arg>TK</arg>
<arg>TL</arg>
<arg>TM</arg>
<arg>TN</arg>
<arg>TO</arg>
<arg>TR</arg>
<arg>TT</arg>
<arg>TV</arg>
<arg>TW</arg>
<arg>TZ</arg>
<arg>UA</arg>
<arg>UG</arg>
<arg>UM</arg>
<arg>US</arg>
<arg>UY</arg>
<arg>UZ</arg>
<arg>VA</arg>
<arg>VC</arg>
<arg>VE</arg>
<arg>VG</arg>
<arg>VI</arg>
<arg>VN</arg>
<arg>VU</arg>
<arg>WF</arg>
<arg>WS</arg>
<arg>XK</arg>
<arg>YE</arg>
<arg>YT</arg>
<arg>ZA</arg>
<arg>ZM</arg>
<arg>ZW</arg>
<doc>Returns a list containing given items.</doc>
<status status="PASS" start="2024-07-30T21:15:16.159675" elapsed="0.001277"/>
</kw>
<kw name="List Should Contain Value" owner="Collections">
<arg>${list_country}</arg>
<arg>${name_country}</arg>
<doc>Fails if the ``value`` is not found from ``list``.</doc>
<status status="PASS" start="2024-07-30T21:15:16.162601" elapsed="0.000312"/>
</kw>
<kw name="Run Keyword If" owner="BuiltIn">
<kw name="Should Be True" owner="BuiltIn">
<arg>${True}</arg>
<doc>Fails if the given condition is not true.</doc>
<status status="PASS" start="2024-07-30T21:15:16.164376" elapsed="0.000205"/>
</kw>
<arg>${json_data["results"][0]["location"]["coordinates"]["latitude"]} &gt;= -90 and ${json_data["results"][0]["location"]["coordinates"]["latitude"]} &lt;= 90</arg>
<arg>Should Be True</arg>
<arg>${True}</arg>
<doc>Runs the given keyword with the given arguments, if ``condition`` is true.</doc>
<status status="PASS" start="2024-07-30T21:15:16.163206" elapsed="0.001564"/>
</kw>
<kw name="Run Keyword If" owner="BuiltIn">
<kw name="Should Be True" owner="BuiltIn">
<arg>${True}</arg>
<doc>Fails if the given condition is not true.</doc>
<status status="PASS" start="2024-07-30T21:15:16.166222" elapsed="0.000196"/>
</kw>
<arg>${json_data["results"][0]["location"]["coordinates"]["longitude"]} &gt;= -180 and ${json_data["results"][0]["location"]["coordinates"]["longitude"]} &lt;= 180</arg>
<arg>Should Be True</arg>
<arg>${True}</arg>
<doc>Runs the given keyword with the given arguments, if ``condition`` is true.</doc>
<status status="PASS" start="2024-07-30T21:15:16.165053" elapsed="0.001573"/>
</kw>
<status status="PASS" start="2024-07-30T21:15:16.061122" elapsed="0.105720"/>
</kw>
<doc>Testa o conteúdo específico dos campos retornados pela API.</doc>
<tag>testeConteudo</tag>
<status status="PASS" start="2024-07-30T21:15:16.060625" elapsed="0.106426"/>
</test>
<status status="PASS" start="2024-07-30T21:15:15.258040" elapsed="0.912497"/>
</suite>
<status status="PASS" start="2024-07-30T21:15:15.243489" elapsed="0.935851"/>
</suite>
<statistics>
<total>
<stat pass="5" fail="0" skip="0">All Tests</stat>
</total>
<tag>
<stat pass="1" fail="0" skip="0">testeConteudo</stat>
<stat pass="1" fail="0" skip="0">testeEstruturaResposta</stat>
<stat pass="1" fail="0" skip="0">testeRequisicaoBasica</stat>
<stat pass="1" fail="0" skip="0">testeTiposDados</stat>
</tag>
<suite>
<stat pass="5" fail="0" skip="0" id="s1" name="Tests">Tests</stat>
<stat pass="5" fail="0" skip="0" id="s1-s1" name="Random-User-Test">Tests.Random-User-Test</stat>
</suite>
</statistics>
<errors>
</errors>
</robot>
