<?xml version="1.0" encoding="UTF-8"?>
<robot generator="Robot 7.0.1 (Python 3.12.4 on linux)" generated="2024-06-30T15:15:45.310207" rpa="false" schemaversion="5">
<suite id="s1" name="Tests" source="/home/runner/work/ApiRandomUser/ApiRandomUser/RamdonUser/tests">
<suite id="s1-s1" name="Random-User-Test" source="/home/runner/work/ApiRandomUser/ApiRandomUser/RamdonUser/tests/random-user-test.robot">
<test id="s1-s1-t1" name="Conectar" line="13">
<kw name="Conectar API" owner="random-user-service">
<kw name="Create Session" owner="RequestsLibrary">
<msg time="2024-06-30T15:15:45.722230" level="INFO">Creating Session using : alias=consultarAPI, url=https://randomuser.me/, headers={},                     cookies={}, auth=None, timeout=None, proxies=None, verify=False,                     debug=0 </msg>
<arg>consultarAPI</arg>
<arg>${URL}</arg>
<doc>Create Session: create a HTTP session to a server</doc>
<status status="PASS" start="2024-06-30T15:15:45.722003" elapsed="0.000398"/>
</kw>
<status status="PASS" start="2024-06-30T15:15:45.720990" elapsed="0.001766"/>
</kw>
<status status="PASS" start="2024-06-30T15:15:45.720368" elapsed="0.002581"/>
</test>
<test id="s1-s1-t2" name="Validar retorno 200 e JSON Válido" line="16">
<kw name="Teste de Requisicao Basica" owner="random-user-service">
<kw name="GET On Session" owner="RequestsLibrary">
<msg time="2024-06-30T15:15:45.925315" level="INFO">GET Request : url=https://randomuser.me/api 
 path_url=/api 
 headers={'User-Agent': 'python-requests/2.32.3', 'Accept-Encoding': 'gzip, deflate', 'Accept': '*/*', 'Connection': 'keep-alive'} 
 body=None 
 </msg>
<msg time="2024-06-30T15:15:45.925480" level="INFO">GET Response : url=https://randomuser.me/api 
 status=200, reason=OK 
 headers={'Date': 'Sun, 30 Jun 2024 15:15:45 GMT', 'Content-Type': 'application/json; charset=utf-8', 'Transfer-Encoding': 'chunked', 'Connection': 'keep-alive', 'X-Powered-By': 'Express', 'Access-Control-Allow-Origin': '*', 'Cache-Control': 'no-cache', 'ETag': 'W/"4a3-RRy6/7nkg/hGwHg2KqKtzYsduCw"', 'Vary': 'Accept-Encoding', 'Content-Encoding': 'gzip', 'CF-Cache-Status': 'DYNAMIC', 'Report-To': '{"endpoints":[{"url":"https:\\/\\/a.nel.cloudflare.com\\/report\\/v4?s=Z0MWZsDsS4IwqSB3e3B2CYS%2BMD%2B8BxWLR7%2BC1W9xa1x%2BNyhj5hH1I%2BRKDuFONfMKVybKkKfCU5D5Kiehk8IE80SijRYJXWVljOhDno0Pc38OCd2HKhWNVTBXGPxYlWSU"}],"group":"cf-nel","max_age":604800}', 'NEL': '{"success_fraction":0,"report_to":"cf-nel","max_age":604800}', 'Server': 'cloudflare', 'CF-RAY': '89bf1d13bb0e3b5c-IAD', 'alt-svc': 'h3=":443"; ma=86400'} 
 body={"results":[{"gender":"male","name":{"title":"Mr","first":"Herbert","last":"Stanley"},"location":{"street":{"number":7801,"name":"Bruce St"},"city":"Australian Capital Territory","state":"Western Australia","country":"Australia","postcode":276,"coordinates":{"latitude":"-84.0110","longitude":"-41.4732"},"timezone":{"offset":"+9:00","description":"Tokyo, Seoul, Osaka, Sapporo, Yakutsk"}},"email":"herbert.stanley@example.com","login":{"uuid":"6dec11ee-6c8c-45c9-92bd-ecc03d29e58e","username":"sadsnake910","password":"brodie","salt":"zVIVxVK2","md5":"8dd59dadc1c0e9433b256d062b3a2a66","sha1":"1916d57bd6526ae4051ffbd0bae17630dad2bb10","sha256":"e48780bd7c71f6b2c9a4ccdd7f18e09f8f304e2dcdcbcfa1ee3106191468b852"},"dob":{"date":"1988-10-30T02:04:15.950Z","age":35},"registered":{"date":"2018-01-23T14:29:51.463Z","age":6},"phone":"02-8169-3587","cell":"0496-386-964","id":{"name":"TFN","value":"005126548"},"picture":{"large":"https://randomuser.me/api/portraits/men/5.jpg","medium":"https://randomuser.me/api/portraits/med/men/5.jpg","thumbnail":"https://randomuser.me/api/portraits/thumb/men/5.jpg"},"nat":"AU"}],"info":{"seed":"89e0f9ad8d3d3411","results":1,"page":1,"version":"1.4"}} 
 </msg>
<msg time="2024-06-30T15:15:45.925584" level="INFO">/opt/hostedtoolcache/Python/3.12.4/x64/lib/python3.12/site-packages/urllib3/connectionpool.py:1099: InsecureRequestWarning: Unverified HTTPS request is being made to host 'randomuser.me'. Adding certificate verification is strongly advised. See: https://urllib3.readthedocs.io/en/latest/advanced-usage.html#tls-warnings
  warnings.warn(</msg>
<msg time="2024-06-30T15:15:45.925765" level="INFO">${response} = &lt;Response [200]&gt;</msg>
<var>${response}</var>
<arg>consultarAPI</arg>
<arg>/api</arg>
<doc>Sends a GET request on a previously created HTTP Session.</doc>
<status status="PASS" start="2024-06-30T15:15:45.725571" elapsed="0.200279"/>
</kw>
<kw name="Should Be Equal As Numbers" owner="BuiltIn">
<msg time="2024-06-30T15:15:45.926940" level="INFO">Argument types are:
&lt;class 'int'&gt;
&lt;class 'str'&gt;</msg>
<arg>${response.status_code}</arg>
<arg>200</arg>
<doc>Fails if objects are unequal after converting them to real numbers.</doc>
<status status="PASS" start="2024-06-30T15:15:45.926459" elapsed="0.000548"/>
</kw>
<kw name="Log" owner="BuiltIn">
<msg time="2024-06-30T15:15:45.927718" level="INFO">200</msg>
<arg>${response.status_code}</arg>
<doc>Logs the given message with the given level.</doc>
<status status="PASS" start="2024-06-30T15:15:45.927354" elapsed="0.000407"/>
</kw>
<kw name="Set Variable" owner="BuiltIn">
<msg time="2024-06-30T15:15:45.928509" level="INFO">${json_data} = {'results': [{'gender': 'male', 'name': {'title': 'Mr', 'first': 'Herbert', 'last': 'Stanley'}, 'location': {'street': {'number': 7801, 'name': 'Bruce St'}, 'city': 'Australian Capital Territory', 'st...</msg>
<var>${json_data}</var>
<arg>${response.json()}</arg>
<doc>Returns the given values which can then be assigned to a variables.</doc>
<status status="PASS" start="2024-06-30T15:15:45.928069" elapsed="0.000468"/>
</kw>
<kw name="Dictionary Should Contain Key" owner="Collections">
<arg>${json_data}</arg>
<arg>results</arg>
<doc>Fails if ``key`` is not found from ``dictionary``.</doc>
<status status="PASS" start="2024-06-30T15:15:45.928836" elapsed="0.000171"/>
</kw>
<status status="PASS" start="2024-06-30T15:15:45.725319" elapsed="0.203839"/>
</kw>
<doc>Testa se a API responde corretamente e retorna um objeto JSON válido.</doc>
<tag>testeRequisicaoBasica</tag>
<status status="PASS" start="2024-06-30T15:15:45.724788" elapsed="0.204545"/>
</test>
<test id="s1-s1-t3" name="Validar estrutura de resposta" line="22">
<kw name="Teste de Estrutura de Resposta" owner="random-user-service">
<kw name="GET On Session" owner="RequestsLibrary">
<msg time="2024-06-30T15:15:46.024740" level="INFO">GET Request : url=https://randomuser.me/api 
 path_url=/api 
 headers={'User-Agent': 'python-requests/2.32.3', 'Accept-Encoding': 'gzip, deflate', 'Accept': '*/*', 'Connection': 'keep-alive'} 
 body=None 
 </msg>
<msg time="2024-06-30T15:15:46.024808" level="INFO">GET Response : url=https://randomuser.me/api 
 status=200, reason=OK 
 headers={'Date': 'Sun, 30 Jun 2024 15:15:46 GMT', 'Content-Type': 'application/json; charset=utf-8', 'Transfer-Encoding': 'chunked', 'Connection': 'keep-alive', 'X-Powered-By': 'Express', 'Access-Control-Allow-Origin': '*', 'Cache-Control': 'no-cache', 'ETag': 'W/"47d-47mHPr1TEFqa42mF3X5rOeIP7tA"', 'Vary': 'Accept-Encoding', 'Content-Encoding': 'gzip', 'CF-Cache-Status': 'DYNAMIC', 'Report-To': '{"endpoints":[{"url":"https:\\/\\/a.nel.cloudflare.com\\/report\\/v4?s=rP89xqJ%2BRtR6QUgmF8hTZuBQjfqkXPz4s3%2Byry%2F8uIVZppuL%2Fe6CjRAIcupya%2BiVF3EejQy%2FSXILkKGV6TIdF67N%2BVbiXFLYcsRUm9U0fme1fVeoMErThY4rTDnXkRb9"}],"group":"cf-nel","max_age":604800}', 'NEL': '{"success_fraction":0,"report_to":"cf-nel","max_age":604800}', 'Server': 'cloudflare', 'CF-RAY': '89bf1d141b6f3b5c-IAD', 'alt-svc': 'h3=":443"; ma=86400'} 
 body={"results":[{"gender":"male","name":{"title":"Mr","first":"Herwig","last":"Marx"},"location":{"street":{"number":2069,"name":"Birkenweg"},"city":"Kyllburg","state":"Brandenburg","country":"Germany","postcode":92771,"coordinates":{"latitude":"-54.3095","longitude":"-125.0031"},"timezone":{"offset":"-12:00","description":"Eniwetok, Kwajalein"}},"email":"herwig.marx@example.com","login":{"uuid":"7903273e-4605-4532-b42c-5ee37cfc80fd","username":"bluesnake402","password":"design","salt":"pxatuokl","md5":"0caedf667e555c39f5030ec27c40d7f7","sha1":"18b76deb5c36edaf54de80f94d6c324730b1d45e","sha256":"a5324267b2bdaeb812938f34bc3ac76ccfea03e2bee6c85a2406e23ecf9b1639"},"dob":{"date":"1995-01-11T16:17:02.320Z","age":29},"registered":{"date":"2019-12-12T20:13:45.834Z","age":4},"phone":"0479-8509823","cell":"0176-7616213","id":{"name":"SVNR","value":"15 110195 M 466"},"picture":{"large":"https://randomuser.me/api/portraits/men/24.jpg","medium":"https://randomuser.me/api/portraits/med/men/24.jpg","thumbnail":"https://randomuser.me/api/portraits/thumb/men/24.jpg"},"nat":"DE"}],"info":{"seed":"a037997b2a4fdf62","results":1,"page":1,"version":"1.4"}} 
 </msg>
<msg time="2024-06-30T15:15:46.024906" level="INFO">/opt/hostedtoolcache/Python/3.12.4/x64/lib/python3.12/site-packages/urllib3/connectionpool.py:1099: InsecureRequestWarning: Unverified HTTPS request is being made to host 'randomuser.me'. Adding certificate verification is strongly advised. See: https://urllib3.readthedocs.io/en/latest/advanced-usage.html#tls-warnings
  warnings.warn(</msg>
<msg time="2024-06-30T15:15:46.024999" level="INFO">${response} = &lt;Response [200]&gt;</msg>
<var>${response}</var>
<arg>consultarAPI</arg>
<arg>/api</arg>
<doc>Sends a GET request on a previously created HTTP Session.</doc>
<status status="PASS" start="2024-06-30T15:15:45.932028" elapsed="0.093006"/>
</kw>
<kw name="Set Variable" owner="BuiltIn">
<msg time="2024-06-30T15:15:46.025911" level="INFO">${json_data} = {'results': [{'gender': 'male', 'name': {'title': 'Mr', 'first': 'Herwig', 'last': 'Marx'}, 'location': {'street': {'number': 2069, 'name': 'Birkenweg'}, 'city': 'Kyllburg', 'state': 'Brandenburg', 'c...</msg>
<var>${json_data}</var>
<arg>${response.json()}</arg>
<doc>Returns the given values which can then be assigned to a variables.</doc>
<status status="PASS" start="2024-06-30T15:15:46.025415" elapsed="0.000524"/>
</kw>
<kw name="Log" owner="BuiltIn">
<msg time="2024-06-30T15:15:46.026408" level="INFO">{'results': [{'gender': 'male', 'name': {'title': 'Mr', 'first': 'Herwig', 'last': 'Marx'}, 'location': {'street': {'number': 2069, 'name': 'Birkenweg'}, 'city': 'Kyllburg', 'state': 'Brandenburg', 'country': 'Germany', 'postcode': 92771, 'coordinates': {'latitude': '-54.3095', 'longitude': '-125.0031'}, 'timezone': {'offset': '-12:00', 'description': 'Eniwetok, Kwajalein'}}, 'email': 'herwig.marx@example.com', 'login': {'uuid': '7903273e-4605-4532-b42c-5ee37cfc80fd', 'username': 'bluesnake402', 'password': 'design', 'salt': 'pxatuokl', 'md5': '0caedf667e555c39f5030ec27c40d7f7', 'sha1': '18b76deb5c36edaf54de80f94d6c324730b1d45e', 'sha256': 'a5324267b2bdaeb812938f34bc3ac76ccfea03e2bee6c85a2406e23ecf9b1639'}, 'dob': {'date': '1995-01-11T16:17:02.320Z', 'age': 29}, 'registered': {'date': '2019-12-12T20:13:45.834Z', 'age': 4}, 'phone': '0479-8509823', 'cell': '0176-7616213', 'id': {'name': 'SVNR', 'value': '15 110195 M 466'}, 'picture': {'large': 'https://randomuser.me/api/portraits/men/24.jpg', 'medium': 'https://randomuser.me/api/portraits/med/men/24.jpg', 'thumbnail': 'https://randomuser.me/api/portraits/thumb/men/24.jpg'}, 'nat': 'DE'}], 'info': {'seed': 'a037997b2a4fdf62', 'results': 1, 'page': 1, 'version': '1.4'}}</msg>
<arg>${json_data}</arg>
<doc>Logs the given message with the given level.</doc>
<status status="PASS" start="2024-06-30T15:15:46.026252" elapsed="0.000204"/>
</kw>
<kw name="Dictionary Should Contain Key" owner="Collections">
<arg>${json_data}</arg>
<arg>results</arg>
<doc>Fails if ``key`` is not found from ``dictionary``.</doc>
<status status="PASS" start="2024-06-30T15:15:46.026744" elapsed="0.000155"/>
</kw>
<kw name="Should Not Be Empty" owner="BuiltIn">
<msg time="2024-06-30T15:15:46.027214" level="INFO">Length is 2.</msg>
<arg>${json_data}</arg>
<doc>Verifies that the given item is not empty.</doc>
<status status="PASS" start="2024-06-30T15:15:46.027087" elapsed="0.000166"/>
</kw>
<kw name="Create List" owner="BuiltIn">
<msg time="2024-06-30T15:15:46.027827" level="INFO">${expected_keys} = ['gender', 'name', 'location', 'email', 'login']</msg>
<var>${expected_keys}</var>
<arg>gender</arg>
<arg>name</arg>
<arg>location</arg>
<arg>email</arg>
<arg>login</arg>
<doc>Returns a list containing given items.</doc>
<status status="PASS" start="2024-06-30T15:15:46.027545" elapsed="0.000306"/>
</kw>
<for flavor="IN">
<iter>
<kw name="Dictionary Should Contain Key" owner="Collections">
<arg>${json_data['results'][0]}</arg>
<arg>${key}</arg>
<doc>Fails if ``key`` is not found from ``dictionary``.</doc>
<status status="PASS" start="2024-06-30T15:15:46.028426" elapsed="0.000401"/>
</kw>
<kw name="Log" owner="BuiltIn">
<msg time="2024-06-30T15:15:46.029379" level="INFO">{'gender': 'male', 'name': {'title': 'Mr', 'first': 'Herwig', 'last': 'Marx'}, 'location': {'street': {'number': 2069, 'name': 'Birkenweg'}, 'city': 'Kyllburg', 'state': 'Brandenburg', 'country': 'Germany', 'postcode': 92771, 'coordinates': {'latitude': '-54.3095', 'longitude': '-125.0031'}, 'timezone': {'offset': '-12:00', 'description': 'Eniwetok, Kwajalein'}}, 'email': 'herwig.marx@example.com', 'login': {'uuid': '7903273e-4605-4532-b42c-5ee37cfc80fd', 'username': 'bluesnake402', 'password': 'design', 'salt': 'pxatuokl', 'md5': '0caedf667e555c39f5030ec27c40d7f7', 'sha1': '18b76deb5c36edaf54de80f94d6c324730b1d45e', 'sha256': 'a5324267b2bdaeb812938f34bc3ac76ccfea03e2bee6c85a2406e23ecf9b1639'}, 'dob': {'date': '1995-01-11T16:17:02.320Z', 'age': 29}, 'registered': {'date': '2019-12-12T20:13:45.834Z', 'age': 4}, 'phone': '0479-8509823', 'cell': '0176-7616213', 'id': {'name': 'SVNR', 'value': '15 110195 M 466'}, 'picture': {'large': 'https://randomuser.me/api/portraits/men/24.jpg', 'medium': 'https://randomuser.me/api/portraits/med/men/24.jpg', 'thumbnail': 'https://randomuser.me/api/portraits/thumb/men/24.jpg'}, 'nat': 'DE'}</msg>
<arg>${json_data['results'][0]}</arg>
<doc>Logs the given message with the given level.</doc>
<status status="PASS" start="2024-06-30T15:15:46.029012" elapsed="0.000414"/>
</kw>
<kw name="Log" owner="BuiltIn">
<msg time="2024-06-30T15:15:46.029883" level="INFO">gender</msg>
<arg>${key}</arg>
<doc>Logs the given message with the given level.</doc>
<status status="PASS" start="2024-06-30T15:15:46.029725" elapsed="0.000197"/>
</kw>
<var name="${key}">gender</var>
<status status="PASS" start="2024-06-30T15:15:46.028302" elapsed="0.001838"/>
</iter>
<iter>
<kw name="Dictionary Should Contain Key" owner="Collections">
<arg>${json_data['results'][0]}</arg>
<arg>${key}</arg>
<doc>Fails if ``key`` is not found from ``dictionary``.</doc>
<status status="PASS" start="2024-06-30T15:15:46.030450" elapsed="0.000386"/>
</kw>
<kw name="Log" owner="BuiltIn">
<msg time="2024-06-30T15:15:46.031368" level="INFO">{'gender': 'male', 'name': {'title': 'Mr', 'first': 'Herwig', 'last': 'Marx'}, 'location': {'street': {'number': 2069, 'name': 'Birkenweg'}, 'city': 'Kyllburg', 'state': 'Brandenburg', 'country': 'Germany', 'postcode': 92771, 'coordinates': {'latitude': '-54.3095', 'longitude': '-125.0031'}, 'timezone': {'offset': '-12:00', 'description': 'Eniwetok, Kwajalein'}}, 'email': 'herwig.marx@example.com', 'login': {'uuid': '7903273e-4605-4532-b42c-5ee37cfc80fd', 'username': 'bluesnake402', 'password': 'design', 'salt': 'pxatuokl', 'md5': '0caedf667e555c39f5030ec27c40d7f7', 'sha1': '18b76deb5c36edaf54de80f94d6c324730b1d45e', 'sha256': 'a5324267b2bdaeb812938f34bc3ac76ccfea03e2bee6c85a2406e23ecf9b1639'}, 'dob': {'date': '1995-01-11T16:17:02.320Z', 'age': 29}, 'registered': {'date': '2019-12-12T20:13:45.834Z', 'age': 4}, 'phone': '0479-8509823', 'cell': '0176-7616213', 'id': {'name': 'SVNR', 'value': '15 110195 M 466'}, 'picture': {'large': 'https://randomuser.me/api/portraits/men/24.jpg', 'medium': 'https://randomuser.me/api/portraits/med/men/24.jpg', 'thumbnail': 'https://randomuser.me/api/portraits/thumb/men/24.jpg'}, 'nat': 'DE'}</msg>
<arg>${json_data['results'][0]}</arg>
<doc>Logs the given message with the given level.</doc>
<status status="PASS" start="2024-06-30T15:15:46.031017" elapsed="0.000429"/>
</kw>
<kw name="Log" owner="BuiltIn">
<msg time="2024-06-30T15:15:46.031871" level="INFO">name</msg>
<arg>${key}</arg>
<doc>Logs the given message with the given level.</doc>
<status status="PASS" start="2024-06-30T15:15:46.031742" elapsed="0.000166"/>
</kw>
<var name="${key}">name</var>
<status status="PASS" start="2024-06-30T15:15:46.030328" elapsed="0.001796"/>
</iter>
<iter>
<kw name="Dictionary Should Contain Key" owner="Collections">
<arg>${json_data['results'][0]}</arg>
<arg>${key}</arg>
<doc>Fails if ``key`` is not found from ``dictionary``.</doc>
<status status="PASS" start="2024-06-30T15:15:46.032408" elapsed="0.000376"/>
</kw>
<kw name="Log" owner="BuiltIn">
<msg time="2024-06-30T15:15:46.033310" level="INFO">{'gender': 'male', 'name': {'title': 'Mr', 'first': 'Herwig', 'last': 'Marx'}, 'location': {'street': {'number': 2069, 'name': 'Birkenweg'}, 'city': 'Kyllburg', 'state': 'Brandenburg', 'country': 'Germany', 'postcode': 92771, 'coordinates': {'latitude': '-54.3095', 'longitude': '-125.0031'}, 'timezone': {'offset': '-12:00', 'description': 'Eniwetok, Kwajalein'}}, 'email': 'herwig.marx@example.com', 'login': {'uuid': '7903273e-4605-4532-b42c-5ee37cfc80fd', 'username': 'bluesnake402', 'password': 'design', 'salt': 'pxatuokl', 'md5': '0caedf667e555c39f5030ec27c40d7f7', 'sha1': '18b76deb5c36edaf54de80f94d6c324730b1d45e', 'sha256': 'a5324267b2bdaeb812938f34bc3ac76ccfea03e2bee6c85a2406e23ecf9b1639'}, 'dob': {'date': '1995-01-11T16:17:02.320Z', 'age': 29}, 'registered': {'date': '2019-12-12T20:13:45.834Z', 'age': 4}, 'phone': '0479-8509823', 'cell': '0176-7616213', 'id': {'name': 'SVNR', 'value': '15 110195 M 466'}, 'picture': {'large': 'https://randomuser.me/api/portraits/men/24.jpg', 'medium': 'https://randomuser.me/api/portraits/med/men/24.jpg', 'thumbnail': 'https://randomuser.me/api/portraits/thumb/men/24.jpg'}, 'nat': 'DE'}</msg>
<arg>${json_data['results'][0]}</arg>
<doc>Logs the given message with the given level.</doc>
<status status="PASS" start="2024-06-30T15:15:46.032964" elapsed="0.000393"/>
</kw>
<kw name="Log" owner="BuiltIn">
<msg time="2024-06-30T15:15:46.033814" level="INFO">location</msg>
<arg>${key}</arg>
<doc>Logs the given message with the given level.</doc>
<status status="PASS" start="2024-06-30T15:15:46.033661" elapsed="0.000200"/>
</kw>
<var name="${key}">location</var>
<status status="PASS" start="2024-06-30T15:15:46.032301" elapsed="0.001793"/>
</iter>
<iter>
<kw name="Dictionary Should Contain Key" owner="Collections">
<arg>${json_data['results'][0]}</arg>
<arg>${key}</arg>
<doc>Fails if ``key`` is not found from ``dictionary``.</doc>
<status status="PASS" start="2024-06-30T15:15:46.034374" elapsed="0.000393"/>
</kw>
<kw name="Log" owner="BuiltIn">
<msg time="2024-06-30T15:15:46.035295" level="INFO">{'gender': 'male', 'name': {'title': 'Mr', 'first': 'Herwig', 'last': 'Marx'}, 'location': {'street': {'number': 2069, 'name': 'Birkenweg'}, 'city': 'Kyllburg', 'state': 'Brandenburg', 'country': 'Germany', 'postcode': 92771, 'coordinates': {'latitude': '-54.3095', 'longitude': '-125.0031'}, 'timezone': {'offset': '-12:00', 'description': 'Eniwetok, Kwajalein'}}, 'email': 'herwig.marx@example.com', 'login': {'uuid': '7903273e-4605-4532-b42c-5ee37cfc80fd', 'username': 'bluesnake402', 'password': 'design', 'salt': 'pxatuokl', 'md5': '0caedf667e555c39f5030ec27c40d7f7', 'sha1': '18b76deb5c36edaf54de80f94d6c324730b1d45e', 'sha256': 'a5324267b2bdaeb812938f34bc3ac76ccfea03e2bee6c85a2406e23ecf9b1639'}, 'dob': {'date': '1995-01-11T16:17:02.320Z', 'age': 29}, 'registered': {'date': '2019-12-12T20:13:45.834Z', 'age': 4}, 'phone': '0479-8509823', 'cell': '0176-7616213', 'id': {'name': 'SVNR', 'value': '15 110195 M 466'}, 'picture': {'large': 'https://randomuser.me/api/portraits/men/24.jpg', 'medium': 'https://randomuser.me/api/portraits/med/men/24.jpg', 'thumbnail': 'https://randomuser.me/api/portraits/thumb/men/24.jpg'}, 'nat': 'DE'}</msg>
<arg>${json_data['results'][0]}</arg>
<doc>Logs the given message with the given level.</doc>
<status status="PASS" start="2024-06-30T15:15:46.034949" elapsed="0.000394"/>
</kw>
<kw name="Log" owner="BuiltIn">
<msg time="2024-06-30T15:15:46.035763" level="INFO">email</msg>
<arg>${key}</arg>
<doc>Logs the given message with the given level.</doc>
<status status="PASS" start="2024-06-30T15:15:46.035636" elapsed="0.000165"/>
</kw>
<var name="${key}">email</var>
<status status="PASS" start="2024-06-30T15:15:46.034266" elapsed="0.001755"/>
</iter>
<iter>
<kw name="Dictionary Should Contain Key" owner="Collections">
<arg>${json_data['results'][0]}</arg>
<arg>${key}</arg>
<doc>Fails if ``key`` is not found from ``dictionary``.</doc>
<status status="PASS" start="2024-06-30T15:15:46.036310" elapsed="0.000385"/>
</kw>
<kw name="Log" owner="BuiltIn">
<msg time="2024-06-30T15:15:46.037246" level="INFO">{'gender': 'male', 'name': {'title': 'Mr', 'first': 'Herwig', 'last': 'Marx'}, 'location': {'street': {'number': 2069, 'name': 'Birkenweg'}, 'city': 'Kyllburg', 'state': 'Brandenburg', 'country': 'Germany', 'postcode': 92771, 'coordinates': {'latitude': '-54.3095', 'longitude': '-125.0031'}, 'timezone': {'offset': '-12:00', 'description': 'Eniwetok, Kwajalein'}}, 'email': 'herwig.marx@example.com', 'login': {'uuid': '7903273e-4605-4532-b42c-5ee37cfc80fd', 'username': 'bluesnake402', 'password': 'design', 'salt': 'pxatuokl', 'md5': '0caedf667e555c39f5030ec27c40d7f7', 'sha1': '18b76deb5c36edaf54de80f94d6c324730b1d45e', 'sha256': 'a5324267b2bdaeb812938f34bc3ac76ccfea03e2bee6c85a2406e23ecf9b1639'}, 'dob': {'date': '1995-01-11T16:17:02.320Z', 'age': 29}, 'registered': {'date': '2019-12-12T20:13:45.834Z', 'age': 4}, 'phone': '0479-8509823', 'cell': '0176-7616213', 'id': {'name': 'SVNR', 'value': '15 110195 M 466'}, 'picture': {'large': 'https://randomuser.me/api/portraits/men/24.jpg', 'medium': 'https://randomuser.me/api/portraits/med/men/24.jpg', 'thumbnail': 'https://randomuser.me/api/portraits/thumb/men/24.jpg'}, 'nat': 'DE'}</msg>
<arg>${json_data['results'][0]}</arg>
<doc>Logs the given message with the given level.</doc>
<status status="PASS" start="2024-06-30T15:15:46.036878" elapsed="0.000415"/>
</kw>
<kw name="Log" owner="BuiltIn">
<msg time="2024-06-30T15:15:46.037711" level="INFO">login</msg>
<arg>${key}</arg>
<doc>Logs the given message with the given level.</doc>
<status status="PASS" start="2024-06-30T15:15:46.037587" elapsed="0.000161"/>
</kw>
<var name="${key}">login</var>
<status status="PASS" start="2024-06-30T15:15:46.036194" elapsed="0.001802"/>
</iter>
<var>${key}</var>
<value>@{expected_keys}</value>
<status status="PASS" start="2024-06-30T15:15:46.028114" elapsed="0.010003"/>
</for>
<kw name="Create List" owner="BuiltIn">
<msg time="2024-06-30T15:15:46.038447" level="INFO">${expected_keysTwo} = ['username', 'password']</msg>
<var>${expected_keysTwo}</var>
<arg>username</arg>
<arg>password</arg>
<doc>Returns a list containing given items.</doc>
<status status="PASS" start="2024-06-30T15:15:46.038310" elapsed="0.000161"/>
</kw>
<for flavor="IN">
<iter>
<kw name="Dictionary Should Contain Key" owner="Collections">
<arg>${json_data['results'][0]['login']}</arg>
<arg>${keyTwo}</arg>
<doc>Fails if ``key`` is not found from ``dictionary``.</doc>
<status status="PASS" start="2024-06-30T15:15:46.038994" elapsed="0.000379"/>
</kw>
<kw name="Dictionary Should Contain Key" owner="Collections">
<arg>${json_data['results'][0]['login']}</arg>
<arg>${keyTwo}</arg>
<doc>Fails if ``key`` is not found from ``dictionary``.</doc>
<status status="PASS" start="2024-06-30T15:15:46.039552" elapsed="0.000372"/>
</kw>
<kw name="Log" owner="BuiltIn">
<msg time="2024-06-30T15:15:46.040226" level="INFO">username</msg>
<arg>${keyTwo}</arg>
<doc>Logs the given message with the given level.</doc>
<status status="PASS" start="2024-06-30T15:15:46.040106" elapsed="0.000157"/>
</kw>
<var name="${keyTwo}">username</var>
<status status="PASS" start="2024-06-30T15:15:46.038886" elapsed="0.001602"/>
</iter>
<iter>
<kw name="Dictionary Should Contain Key" owner="Collections">
<arg>${json_data['results'][0]['login']}</arg>
<arg>${keyTwo}</arg>
<doc>Fails if ``key`` is not found from ``dictionary``.</doc>
<status status="PASS" start="2024-06-30T15:15:46.040767" elapsed="0.000384"/>
</kw>
<kw name="Dictionary Should Contain Key" owner="Collections">
<arg>${json_data['results'][0]['login']}</arg>
<arg>${keyTwo}</arg>
<doc>Fails if ``key`` is not found from ``dictionary``.</doc>
<status status="PASS" start="2024-06-30T15:15:46.041330" elapsed="0.000365"/>
</kw>
<kw name="Log" owner="BuiltIn">
<msg time="2024-06-30T15:15:46.042068" level="INFO">password</msg>
<arg>${keyTwo}</arg>
<doc>Logs the given message with the given level.</doc>
<status status="PASS" start="2024-06-30T15:15:46.041942" elapsed="0.000169"/>
</kw>
<var name="${keyTwo}">password</var>
<status status="PASS" start="2024-06-30T15:15:46.040660" elapsed="0.001768"/>
</iter>
<var>${keyTwo}</var>
<value>@{expected_keysTwo}</value>
<status status="PASS" start="2024-06-30T15:15:46.038733" elapsed="0.003816"/>
</for>
<status status="PASS" start="2024-06-30T15:15:45.931790" elapsed="0.110896"/>
</kw>
<doc>Testa a estrutura da resposta da API.</doc>
<tag>testeEstruturaResposta</tag>
<status status="PASS" start="2024-06-30T15:15:45.931209" elapsed="0.111624"/>
</test>
<test id="s1-s1-t4" name="Validar tipos de dados" line="28">
<kw name="Teste de Tipos de Dados" owner="random-user-service">
<kw name="GET On Session" owner="RequestsLibrary">
<msg time="2024-06-30T15:15:46.116805" level="INFO">GET Request : url=https://randomuser.me/api 
 path_url=/api 
 headers={'User-Agent': 'python-requests/2.32.3', 'Accept-Encoding': 'gzip, deflate', 'Accept': '*/*', 'Connection': 'keep-alive'} 
 body=None 
 </msg>
<msg time="2024-06-30T15:15:46.116894" level="INFO">GET Response : url=https://randomuser.me/api 
 status=200, reason=OK 
 headers={'Date': 'Sun, 30 Jun 2024 15:15:46 GMT', 'Content-Type': 'application/json; charset=utf-8', 'Transfer-Encoding': 'chunked', 'Connection': 'keep-alive', 'X-Powered-By': 'Express', 'Access-Control-Allow-Origin': '*', 'Cache-Control': 'no-cache', 'ETag': 'W/"494-YhSWmDASGLROY8m+7X9HxAUYqVo"', 'Vary': 'Accept-Encoding', 'Content-Encoding': 'gzip', 'CF-Cache-Status': 'DYNAMIC', 'Report-To': '{"endpoints":[{"url":"https:\\/\\/a.nel.cloudflare.com\\/report\\/v4?s=I8GkLAxPNoCICPCjLM6HawB1d%2BVzkmYQpNXzqA1Gm1lVv7ZkmSsL2rGIf%2FhHDqEdpDMvElNMUE7cQq18MnRgN9tkqbsS6wsnpIFuqTSCKpzlmaeAthboYSbnqbhaVFWq"}],"group":"cf-nel","max_age":604800}', 'NEL': '{"success_fraction":0,"report_to":"cf-nel","max_age":604800}', 'Server': 'cloudflare', 'CF-RAY': '89bf1d14cc103b5c-IAD', 'alt-svc': 'h3=":443"; ma=86400'} 
 body={"results":[{"gender":"male","name":{"title":"Mr","first":"Joona","last":"Niemela"},"location":{"street":{"number":6119,"name":"Reijolankatu"},"city":"Kökar","state":"Pirkanmaa","country":"Finland","postcode":13228,"coordinates":{"latitude":"-22.8311","longitude":"-21.2360"},"timezone":{"offset":"+11:00","description":"Magadan, Solomon Islands, New Caledonia"}},"email":"joona.niemela@example.com","login":{"uuid":"59f9b680-d178-4d68-bb42-ee8a757f5a7a","username":"browncat928","password":"phish1","salt":"2eDF1AFR","md5":"bbfa5a39f90dc56057ec20b3b2a3283f","sha1":"be39dd4c6b12dad7007f7376a64271ea89e844b6","sha256":"4c8f4593abaf6497ea076c2250cc61c635b8730b73a105d92187678ae5188d0c"},"dob":{"date":"1996-04-06T10:17:35.951Z","age":28},"registered":{"date":"2013-06-22T17:59:12.594Z","age":11},"phone":"05-349-364","cell":"046-230-88-49","id":{"name":"HETU","value":"NaNNA681undefined"},"picture":{"large":"https://randomuser.me/api/portraits/men/64.jpg","medium":"https://randomuser.me/api/portraits/med/men/64.jpg","thumbnail":"https://randomuser.me/api/portraits/thumb/men/64.jpg"},"nat":"FI"}],"info":{"seed":"a3707f2bd3c69e41","results":1,"page":1,"version":"1.4"}} 
 </msg>
<msg time="2024-06-30T15:15:46.116971" level="INFO">/opt/hostedtoolcache/Python/3.12.4/x64/lib/python3.12/site-packages/urllib3/connectionpool.py:1099: InsecureRequestWarning: Unverified HTTPS request is being made to host 'randomuser.me'. Adding certificate verification is strongly advised. See: https://urllib3.readthedocs.io/en/latest/advanced-usage.html#tls-warnings
  warnings.warn(</msg>
<msg time="2024-06-30T15:15:46.117088" level="INFO">${response} = &lt;Response [200]&gt;</msg>
<var>${response}</var>
<arg>consultarAPI</arg>
<arg>/api</arg>
<doc>Sends a GET request on a previously created HTTP Session.</doc>
<status status="PASS" start="2024-06-30T15:15:46.045225" elapsed="0.071905"/>
</kw>
<kw name="Set Variable" owner="BuiltIn">
<msg time="2024-06-30T15:15:46.118073" level="INFO">${json_data} = {'results': [{'gender': 'male', 'name': {'title': 'Mr', 'first': 'Joona', 'last': 'Niemela'}, 'location': {'street': {'number': 6119, 'name': 'Reijolankatu'}, 'city': 'Kökar', 'state': 'Pirkanmaa', 'c...</msg>
<var>${json_data}</var>
<arg>${response.json()}</arg>
<doc>Returns the given values which can then be assigned to a variables.</doc>
<status status="PASS" start="2024-06-30T15:15:46.117562" elapsed="0.000540"/>
</kw>
<kw name="Log" owner="BuiltIn">
<msg time="2024-06-30T15:15:46.118586" level="INFO">{'results': [{'gender': 'male', 'name': {'title': 'Mr', 'first': 'Joona', 'last': 'Niemela'}, 'location': {'street': {'number': 6119, 'name': 'Reijolankatu'}, 'city': 'Kökar', 'state': 'Pirkanmaa', 'country': 'Finland', 'postcode': 13228, 'coordinates': {'latitude': '-22.8311', 'longitude': '-21.2360'}, 'timezone': {'offset': '+11:00', 'description': 'Magadan, Solomon Islands, New Caledonia'}}, 'email': 'joona.niemela@example.com', 'login': {'uuid': '59f9b680-d178-4d68-bb42-ee8a757f5a7a', 'username': 'browncat928', 'password': 'phish1', 'salt': '2eDF1AFR', 'md5': 'bbfa5a39f90dc56057ec20b3b2a3283f', 'sha1': 'be39dd4c6b12dad7007f7376a64271ea89e844b6', 'sha256': '4c8f4593abaf6497ea076c2250cc61c635b8730b73a105d92187678ae5188d0c'}, 'dob': {'date': '1996-04-06T10:17:35.951Z', 'age': 28}, 'registered': {'date': '2013-06-22T17:59:12.594Z', 'age': 11}, 'phone': '05-349-364', 'cell': '046-230-88-49', 'id': {'name': 'HETU', 'value': 'NaNNA681undefined'}, 'picture': {'large': 'https://randomuser.me/api/portraits/men/64.jpg', 'medium': 'https://randomuser.me/api/portraits/med/men/64.jpg', 'thumbnail': 'https://randomuser.me/api/portraits/thumb/men/64.jpg'}, 'nat': 'FI'}], 'info': {'seed': 'a3707f2bd3c69e41', 'results': 1, 'page': 1, 'version': '1.4'}}</msg>
<arg>${json_data}</arg>
<doc>Logs the given message with the given level.</doc>
<status status="PASS" start="2024-06-30T15:15:46.118420" elapsed="0.000215"/>
</kw>
<kw name="Should Be String" owner="String">
<arg>${json_data['results'][0]['gender']}</arg>
<doc>Fails if the given ``item`` is not a string.</doc>
<status status="PASS" start="2024-06-30T15:15:46.118927" elapsed="0.000363"/>
</kw>
<kw name="Should Match Regexp" owner="BuiltIn">
<arg>${json_data['results'][0]['email']}</arg>
<arg>^[a-zA-Z0-9._%+-]+@[a-zA-Z0-9.-]+\.[a-zA-Z]{2,}$</arg>
<doc>Fails if ``string`` does not match ``pattern`` as a regular expression.</doc>
<status status="PASS" start="2024-06-30T15:15:46.119475" elapsed="0.000505"/>
</kw>
<kw name="Should Match Regexp" owner="BuiltIn">
<arg>${json_data['results'][0]['dob']['date']}</arg>
<arg>\\d{4}-\\d{2}-\\d{2}T\\d{2}:\\d{2}:\\d{2}\\.\\d{3}Z</arg>
<doc>Fails if ``string`` does not match ``pattern`` as a regular expression.</doc>
<status status="PASS" start="2024-06-30T15:15:46.120208" elapsed="0.000484"/>
</kw>
<kw name="Should Match Regexp" owner="BuiltIn">
<arg>${json_data['results'][0]['registered']['date']}</arg>
<arg>\\d{4}-\\d{2}-\\d{2}T\\d{2}:\\d{2}:\\d{2}\\.\\d{3}Z</arg>
<doc>Fails if ``string`` does not match ``pattern`` as a regular expression.</doc>
<status status="PASS" start="2024-06-30T15:15:46.120880" elapsed="0.000365"/>
</kw>
<kw name="Should Match Regexp" owner="BuiltIn">
<arg>${json_data['results'][0]['picture']['large']}</arg>
<arg>^https?://.*\.(?:png|jpe?g|gif|bmp)$</arg>
<doc>Fails if ``string`` does not match ``pattern`` as a regular expression.</doc>
<status status="PASS" start="2024-06-30T15:15:46.121429" elapsed="0.000512"/>
</kw>
<kw name="Should Match Regexp" owner="BuiltIn">
<arg>${json_data['results'][0]['picture']['medium']}</arg>
<arg>^https?://.*\.(?:png|jpe?g|gif|bmp)$</arg>
<doc>Fails if ``string`` does not match ``pattern`` as a regular expression.</doc>
<status status="PASS" start="2024-06-30T15:15:46.122128" elapsed="0.000353"/>
</kw>
<kw name="Should Match Regexp" owner="BuiltIn">
<arg>${json_data['results'][0]['picture']['thumbnail']}</arg>
<arg>^https?://.*\.(?:png|jpe?g|gif|bmp)$</arg>
<doc>Fails if ``string`` does not match ``pattern`` as a regular expression.</doc>
<status status="PASS" start="2024-06-30T15:15:46.122691" elapsed="0.000362"/>
</kw>
<kw name="Log" owner="BuiltIn">
<msg time="2024-06-30T15:15:46.123573" level="INFO">{'large': 'https://randomuser.me/api/portraits/men/64.jpg', 'medium': 'https://randomuser.me/api/portraits/med/men/64.jpg', 'thumbnail': 'https://randomuser.me/api/portraits/thumb/men/64.jpg'}</msg>
<arg>${json_data['results'][0]['picture']}</arg>
<doc>Logs the given message with the given level.</doc>
<status status="PASS" start="2024-06-30T15:15:46.123238" elapsed="0.000376"/>
</kw>
<status status="PASS" start="2024-06-30T15:15:46.045004" elapsed="0.078865"/>
</kw>
<kw name="Teste de Tipos de Dados - Postcode" owner="random-user-service">
<kw name="GET On Session" owner="RequestsLibrary">
<msg time="2024-06-30T15:15:46.211743" level="INFO">GET Request : url=https://randomuser.me/api 
 path_url=/api 
 headers={'User-Agent': 'python-requests/2.32.3', 'Accept-Encoding': 'gzip, deflate', 'Accept': '*/*', 'Connection': 'keep-alive'} 
 body=None 
 </msg>
<msg time="2024-06-30T15:15:46.211827" level="INFO">GET Response : url=https://randomuser.me/api 
 status=200, reason=OK 
 headers={'Date': 'Sun, 30 Jun 2024 15:15:46 GMT', 'Content-Type': 'application/json; charset=utf-8', 'Transfer-Encoding': 'chunked', 'Connection': 'keep-alive', 'X-Powered-By': 'Express', 'Access-Control-Allow-Origin': '*', 'Cache-Control': 'no-cache', 'ETag': 'W/"48e-sebkzVE2FUKiO4Xcw2CAnDbqbsU"', 'Vary': 'Accept-Encoding', 'Content-Encoding': 'gzip', 'CF-Cache-Status': 'DYNAMIC', 'Report-To': '{"endpoints":[{"url":"https:\\/\\/a.nel.cloudflare.com\\/report\\/v4?s=lk7kCZyeR8JHzLoBCRMDRc0PPlfy%2F5Lw6SNn5sMgok2g4O%2FKJttXlrO0qjvL3wD1MkXG%2BUjmRbTDz83I3aTF23bwVIGf2%2BVgMdQyQcjuAZI2AsL5zMdUf2E0OCSg%2FIYq"}],"group":"cf-nel","max_age":604800}', 'NEL': '{"success_fraction":0,"report_to":"cf-nel","max_age":604800}', 'Server': 'cloudflare', 'CF-RAY': '89bf1d154c713b5c-IAD', 'alt-svc': 'h3=":443"; ma=86400'} 
 body={"results":[{"gender":"female","name":{"title":"Miss","first":"Sophie","last":"Hvattum"},"location":{"street":{"number":5124,"name":"Lofthusveien"},"city":"Sand","state":"Vestfold","country":"Norway","postcode":"3692","coordinates":{"latitude":"43.7687","longitude":"55.8034"},"timezone":{"offset":"-6:00","description":"Central Time (US &amp; Canada), Mexico City"}},"email":"sophie.hvattum@example.com","login":{"uuid":"e50388af-9a1d-4b81-a01f-f8b1e1242322","username":"yellowzebra582","password":"beach1","salt":"Pg2TFfja","md5":"5ba6f4bb04090a9cd626888c38773d9d","sha1":"ce387083344e0b66a5a3b7eece65c11655abfb0c","sha256":"46114a7002b46aa72c20f8aa05d42bfdd2bb87a1457dab1c7309fd7de4262a9c"},"dob":{"date":"1985-12-20T09:25:21.083Z","age":38},"registered":{"date":"2003-09-06T01:25:03.621Z","age":20},"phone":"21211111","cell":"93404026","id":{"name":"FN","value":"20128516248"},"picture":{"large":"https://randomuser.me/api/portraits/women/87.jpg","medium":"https://randomuser.me/api/portraits/med/women/87.jpg","thumbnail":"https://randomuser.me/api/portraits/thumb/women/87.jpg"},"nat":"NO"}],"info":{"seed":"3411d44e46bb636c","results":1,"page":1,"version":"1.4"}} 
 </msg>
<msg time="2024-06-30T15:15:46.211902" level="INFO">/opt/hostedtoolcache/Python/3.12.4/x64/lib/python3.12/site-packages/urllib3/connectionpool.py:1099: InsecureRequestWarning: Unverified HTTPS request is being made to host 'randomuser.me'. Adding certificate verification is strongly advised. See: https://urllib3.readthedocs.io/en/latest/advanced-usage.html#tls-warnings
  warnings.warn(</msg>
<msg time="2024-06-30T15:15:46.212012" level="INFO">${response} = &lt;Response [200]&gt;</msg>
<var>${response}</var>
<arg>consultarAPI</arg>
<arg>/api</arg>
<doc>Sends a GET request on a previously created HTTP Session.</doc>
<status status="PASS" start="2024-06-30T15:15:46.124311" elapsed="0.087742"/>
</kw>
<kw name="Set Variable" owner="BuiltIn">
<msg time="2024-06-30T15:15:46.212957" level="INFO">${json_data} = {'results': [{'gender': 'female', 'name': {'title': 'Miss', 'first': 'Sophie', 'last': 'Hvattum'}, 'location': {'street': {'number': 5124, 'name': 'Lofthusveien'}, 'city': 'Sand', 'state': 'Vestfold',...</msg>
<var>${json_data}</var>
<arg>${response.json()}</arg>
<doc>Returns the given values which can then be assigned to a variables.</doc>
<status status="PASS" start="2024-06-30T15:15:46.212521" elapsed="0.000464"/>
</kw>
<kw name="Log" owner="BuiltIn">
<msg time="2024-06-30T15:15:46.213443" level="INFO">{'results': [{'gender': 'female', 'name': {'title': 'Miss', 'first': 'Sophie', 'last': 'Hvattum'}, 'location': {'street': {'number': 5124, 'name': 'Lofthusveien'}, 'city': 'Sand', 'state': 'Vestfold', 'country': 'Norway', 'postcode': '3692', 'coordinates': {'latitude': '43.7687', 'longitude': '55.8034'}, 'timezone': {'offset': '-6:00', 'description': 'Central Time (US &amp; Canada), Mexico City'}}, 'email': 'sophie.hvattum@example.com', 'login': {'uuid': 'e50388af-9a1d-4b81-a01f-f8b1e1242322', 'username': 'yellowzebra582', 'password': 'beach1', 'salt': 'Pg2TFfja', 'md5': '5ba6f4bb04090a9cd626888c38773d9d', 'sha1': 'ce387083344e0b66a5a3b7eece65c11655abfb0c', 'sha256': '46114a7002b46aa72c20f8aa05d42bfdd2bb87a1457dab1c7309fd7de4262a9c'}, 'dob': {'date': '1985-12-20T09:25:21.083Z', 'age': 38}, 'registered': {'date': '2003-09-06T01:25:03.621Z', 'age': 20}, 'phone': '21211111', 'cell': '93404026', 'id': {'name': 'FN', 'value': '20128516248'}, 'picture': {'large': 'https://randomuser.me/api/portraits/women/87.jpg', 'medium': 'https://randomuser.me/api/portraits/med/women/87.jpg', 'thumbnail': 'https://randomuser.me/api/portraits/thumb/women/87.jpg'}, 'nat': 'NO'}], 'info': {'seed': '3411d44e46bb636c', 'results': 1, 'page': 1, 'version': '1.4'}}</msg>
<arg>${json_data}</arg>
<doc>Logs the given message with the given level.</doc>
<status status="PASS" start="2024-06-30T15:15:46.213289" elapsed="0.000203"/>
</kw>
<kw name="Should Be Equal As Numbers" owner="BuiltIn">
<arg>${json_data['results'][0]['location']['postcode']}</arg>
<arg>${json_data['results'][0]['location']['postcode']}</arg>
<doc>Fails if objects are unequal after converting them to real numbers.</doc>
<status status="PASS" start="2024-06-30T15:15:46.213820" elapsed="0.000637"/>
</kw>
<kw name="Log" owner="BuiltIn">
<msg time="2024-06-30T15:15:46.215110" level="INFO">3692</msg>
<arg>${json_data['results'][0]['location']['postcode']}</arg>
<doc>Logs the given message with the given level.</doc>
<status status="PASS" start="2024-06-30T15:15:46.214650" elapsed="0.000501"/>
</kw>
<status status="PASS" start="2024-06-30T15:15:46.124088" elapsed="0.091342"/>
</kw>
<doc>Testa se os tipos de dados na resposta da API estão corretos.</doc>
<tag>testeTiposDados</tag>
<status status="PASS" start="2024-06-30T15:15:46.044565" elapsed="0.171030"/>
</test>
<test id="s1-s1-t5" name="Validar conteudo" line="35">
<kw name="Teste de Tipos de Conteudo" owner="random-user-service">
<kw name="GET On Session" owner="RequestsLibrary">
<msg time="2024-06-30T15:15:46.314353" level="INFO">GET Request : url=https://randomuser.me/api 
 path_url=/api 
 headers={'User-Agent': 'python-requests/2.32.3', 'Accept-Encoding': 'gzip, deflate', 'Accept': '*/*', 'Connection': 'keep-alive'} 
 body=None 
 </msg>
<msg time="2024-06-30T15:15:46.314433" level="INFO">GET Response : url=https://randomuser.me/api 
 status=200, reason=OK 
 headers={'Date': 'Sun, 30 Jun 2024 15:15:46 GMT', 'Content-Type': 'application/json; charset=utf-8', 'Transfer-Encoding': 'chunked', 'Connection': 'keep-alive', 'X-Powered-By': 'Express', 'Access-Control-Allow-Origin': '*', 'Cache-Control': 'no-cache', 'ETag': 'W/"483-OxN4dew2yFz0qM0iR0ZYB6yUFpM"', 'Vary': 'Accept-Encoding', 'Content-Encoding': 'gzip', 'CF-Cache-Status': 'DYNAMIC', 'Report-To': '{"endpoints":[{"url":"https:\\/\\/a.nel.cloudflare.com\\/report\\/v4?s=yhEyBzxKhw5jmjOqwo6ss%2FgNGxk%2BZyLPRa8DEGhIxdNVpqrfla54Fr9MW7EMTl7L8YGojThgQIVehj1mM0I%2FPJOHsCiOLB5H1ho9zCcZu%2FZCWw98uqoT%2BKxnFZvKhoEv"}],"group":"cf-nel","max_age":604800}', 'NEL': '{"success_fraction":0,"report_to":"cf-nel","max_age":604800}', 'Server': 'cloudflare', 'CF-RAY': '89bf1d15ecfe3b5c-IAD', 'alt-svc': 'h3=":443"; ma=86400'} 
 body={"results":[{"gender":"male","name":{"title":"Mr","first":"Önal","last":"Aydan"},"location":{"street":{"number":5169,"name":"Şehitler Cd"},"city":"İstanbul","state":"Sivas","country":"Turkey","postcode":89509,"coordinates":{"latitude":"69.7226","longitude":"-135.4873"},"timezone":{"offset":"+5:00","description":"Ekaterinburg, Islamabad, Karachi, Tashkent"}},"email":"onal.aydan@example.com","login":{"uuid":"d2a856be-8b61-4af2-a619-eb0d158bda6b","username":"bigmeercat899","password":"galore","salt":"GSyhN9jM","md5":"20a8559cfaae4372d088261779c36812","sha1":"aaadf3869b867fe7aaf30e93b6688fa49007e7c6","sha256":"e4b005fbde37f620f48be044d4fe8b185a5243bc34f5c77eb7d9ab95ab970197"},"dob":{"date":"1985-01-21T12:42:21.417Z","age":39},"registered":{"date":"2002-04-05T03:13:22.368Z","age":22},"phone":"(035)-786-4740","cell":"(059)-180-6483","id":{"name":"","value":null},"picture":{"large":"https://randomuser.me/api/portraits/men/81.jpg","medium":"https://randomuser.me/api/portraits/med/men/81.jpg","thumbnail":"https://randomuser.me/api/portraits/thumb/men/81.jpg"},"nat":"TR"}],"info":{"seed":"32abf0c96ffd8d4d","results":1,"page":1,"version":"1.4"}} 
 </msg>
<msg time="2024-06-30T15:15:46.314503" level="INFO">/opt/hostedtoolcache/Python/3.12.4/x64/lib/python3.12/site-packages/urllib3/connectionpool.py:1099: InsecureRequestWarning: Unverified HTTPS request is being made to host 'randomuser.me'. Adding certificate verification is strongly advised. See: https://urllib3.readthedocs.io/en/latest/advanced-usage.html#tls-warnings
  warnings.warn(</msg>
<msg time="2024-06-30T15:15:46.314601" level="INFO">${response} = &lt;Response [200]&gt;</msg>
<var>${response}</var>
<arg>consultarAPI</arg>
<arg>/api</arg>
<doc>Sends a GET request on a previously created HTTP Session.</doc>
<status status="PASS" start="2024-06-30T15:15:46.218027" elapsed="0.096598"/>
</kw>
<kw name="Set Variable" owner="BuiltIn">
<msg time="2024-06-30T15:15:46.315445" level="INFO">${json_data} = {'results': [{'gender': 'male', 'name': {'title': 'Mr', 'first': 'Önal', 'last': 'Aydan'}, 'location': {'street': {'number': 5169, 'name': 'Şehitler Cd'}, 'city': 'İstanbul', 'state': 'Sivas', 'countr...</msg>
<var>${json_data}</var>
<arg>${response.json()}</arg>
<doc>Returns the given values which can then be assigned to a variables.</doc>
<status status="PASS" start="2024-06-30T15:15:46.314992" elapsed="0.000483"/>
</kw>
<kw name="Set Variable" owner="BuiltIn">
<msg time="2024-06-30T15:15:46.316145" level="INFO">${name_title} = Mr</msg>
<var>${name_title}</var>
<arg>${json_data["results"][0]["name"]["title"]}</arg>
<doc>Returns the given values which can then be assigned to a variables.</doc>
<status status="PASS" start="2024-06-30T15:15:46.315774" elapsed="0.000396"/>
</kw>
<kw name="Create List" owner="BuiltIn">
<msg time="2024-06-30T15:15:46.316603" level="INFO">${allowed_titles} = ['Mr', 'Ms', 'Miss', 'Mrs', 'Madame', 'Monsieur']</msg>
<var>${allowed_titles}</var>
<arg>Mr</arg>
<arg>Ms</arg>
<arg>Miss</arg>
<arg>Mrs</arg>
<arg>Madame</arg>
<arg>Monsieur</arg>
<doc>Returns a list containing given items.</doc>
<status status="PASS" start="2024-06-30T15:15:46.316458" elapsed="0.000168"/>
</kw>
<kw name="List Should Contain Value" owner="Collections">
<arg>${allowed_titles}</arg>
<arg>${name_title}</arg>
<doc>Fails if the ``value`` is not found from ``list``.</doc>
<status status="PASS" start="2024-06-30T15:15:46.316925" elapsed="0.000173"/>
</kw>
<kw name="Set Variable" owner="BuiltIn">
<msg time="2024-06-30T15:15:46.317639" level="INFO">${name_country} = TR</msg>
<var>${name_country}</var>
<arg>${json_data["results"][0]["nat"]}</arg>
<doc>Returns the given values which can then be assigned to a variables.</doc>
<status status="PASS" start="2024-06-30T15:15:46.317277" elapsed="0.000385"/>
</kw>
<kw name="Create List" owner="BuiltIn">
<msg time="2024-06-30T15:15:46.318654" level="INFO">${list_country} = ['AD', 'AE', 'AF', 'AG', 'AI', 'AL', 'AM', 'AO', 'AQ', 'AR', 'AS', 'AT', 'AU', 'AW', 'AX', 'AZ', 'BA', 'BB', 'BD', 'BE', 'BF', 'BG', 'BH', 'BI', 'BJ', 'BL', 'BM', 'BN', 'BO', 'BQ', 'BR', 'BS', 'BT', '...</msg>
<var>${list_country}</var>
<arg>AD</arg>
<arg>AE</arg>
<arg>AF</arg>
<arg>AG</arg>
<arg>AI</arg>
<arg>AL</arg>
<arg>AM</arg>
<arg>AO</arg>
<arg>AQ</arg>
<arg>AR</arg>
<arg>AS</arg>
<arg>AT</arg>
<arg>AU</arg>
<arg>AW</arg>
<arg>AX</arg>
<arg>AZ</arg>
<arg>BA</arg>
<arg>BB</arg>
<arg>BD</arg>
<arg>BE</arg>
<arg>BF</arg>
<arg>BG</arg>
<arg>BH</arg>
<arg>BI</arg>
<arg>BJ</arg>
<arg>BL</arg>
<arg>BM</arg>
<arg>BN</arg>
<arg>BO</arg>
<arg>BQ</arg>
<arg>BR</arg>
<arg>BS</arg>
<arg>BT</arg>
<arg>BV</arg>
<arg>BW</arg>
<arg>BY</arg>
<arg>BZ</arg>
<arg>CA</arg>
<arg>CC</arg>
<arg>CD</arg>
<arg>CF</arg>
<arg>CG</arg>
<arg>CH</arg>
<arg>CI</arg>
<arg>CK</arg>
<arg>CL</arg>
<arg>CM</arg>
<arg>CN</arg>
<arg>CO</arg>
<arg>CR</arg>
<arg>CU</arg>
<arg>CV</arg>
<arg>CW</arg>
<arg>CX</arg>
<arg>CY</arg>
<arg>CZ</arg>
<arg>DE</arg>
<arg>DJ</arg>
<arg>DK</arg>
<arg>DM</arg>
<arg>DO</arg>
<arg>DZ</arg>
<arg>EC</arg>
<arg>EE</arg>
<arg>EG</arg>
<arg>EH</arg>
<arg>ER</arg>
<arg>ES</arg>
<arg>ET</arg>
<arg>FI</arg>
<arg>FJ</arg>
<arg>FK</arg>
<arg>FM</arg>
<arg>FO</arg>
<arg>FR</arg>
<arg>GA</arg>
<arg>GB</arg>
<arg>GD</arg>
<arg>GE</arg>
<arg>GF</arg>
<arg>GG</arg>
<arg>GH</arg>
<arg>GI</arg>
<arg>GL</arg>
<arg>GM</arg>
<arg>GN</arg>
<arg>GP</arg>
<arg>GQ</arg>
<arg>GR</arg>
<arg>GS</arg>
<arg>GT</arg>
<arg>GU</arg>
<arg>GW</arg>
<arg>GY</arg>
<arg>HK</arg>
<arg>HM</arg>
<arg>HN</arg>
<arg>HR</arg>
<arg>HT</arg>
<arg>HU</arg>
<arg>ID</arg>
<arg>IE</arg>
<arg>IL</arg>
<arg>IM</arg>
<arg>IN</arg>
<arg>IO</arg>
<arg>IQ</arg>
<arg>IR</arg>
<arg>IS</arg>
<arg>IT</arg>
<arg>JE</arg>
<arg>JM</arg>
<arg>JO</arg>
<arg>JP</arg>
<arg>KE</arg>
<arg>KG</arg>
<arg>KH</arg>
<arg>KI</arg>
<arg>KM</arg>
<arg>KN</arg>
<arg>KP</arg>
<arg>KR</arg>
<arg>KW</arg>
<arg>KY</arg>
<arg>KZ</arg>
<arg>LA</arg>
<arg>LB</arg>
<arg>LC</arg>
<arg>LI</arg>
<arg>LK</arg>
<arg>LR</arg>
<arg>LS</arg>
<arg>LT</arg>
<arg>LU</arg>
<arg>LV</arg>
<arg>LY</arg>
<arg>MA</arg>
<arg>MC</arg>
<arg>MD</arg>
<arg>ME</arg>
<arg>MF</arg>
<arg>MG</arg>
<arg>MH</arg>
<arg>MK</arg>
<arg>ML</arg>
<arg>MM</arg>
<arg>MN</arg>
<arg>MO</arg>
<arg>MP</arg>
<arg>MQ</arg>
<arg>MR</arg>
<arg>MS</arg>
<arg>MT</arg>
<arg>MU</arg>
<arg>MV</arg>
<arg>MW</arg>
<arg>MX</arg>
<arg>MY</arg>
<arg>MZ</arg>
<arg>NA</arg>
<arg>NC</arg>
<arg>NE</arg>
<arg>NF</arg>
<arg>NG</arg>
<arg>NI</arg>
<arg>NL</arg>
<arg>NO</arg>
<arg>NP</arg>
<arg>NR</arg>
<arg>NU</arg>
<arg>NZ</arg>
<arg>OM</arg>
<arg>PA</arg>
<arg>PE</arg>
<arg>PF</arg>
<arg>PG</arg>
<arg>PH</arg>
<arg>PK</arg>
<arg>PL</arg>
<arg>PM</arg>
<arg>PN</arg>
<arg>PR</arg>
<arg>PS</arg>
<arg>PT</arg>
<arg>PW</arg>
<arg>PY</arg>
<arg>QA</arg>
<arg>RE</arg>
<arg>RO</arg>
<arg>RS</arg>
<arg>RU</arg>
<arg>RW</arg>
<arg>SA</arg>
<arg>SB</arg>
<arg>SC</arg>
<arg>SD</arg>
<arg>SE</arg>
<arg>SG</arg>
<arg>SH</arg>
<arg>SI</arg>
<arg>SJ</arg>
<arg>SK</arg>
<arg>SL</arg>
<arg>SM</arg>
<arg>SN</arg>
<arg>SO</arg>
<arg>SR</arg>
<arg>SS</arg>
<arg>ST</arg>
<arg>SV</arg>
<arg>SX</arg>
<arg>SY</arg>
<arg>SZ</arg>
<arg>TC</arg>
<arg>TD</arg>
<arg>TF</arg>
<arg>TG</arg>
<arg>TH</arg>
<arg>TJ</arg>
<arg>TK</arg>
<arg>TL</arg>
<arg>TM</arg>
<arg>TN</arg>
<arg>TO</arg>
<arg>TR</arg>
<arg>TT</arg>
<arg>TV</arg>
<arg>TW</arg>
<arg>TZ</arg>
<arg>UA</arg>
<arg>UG</arg>
<arg>UM</arg>
<arg>US</arg>
<arg>UY</arg>
<arg>UZ</arg>
<arg>VA</arg>
<arg>VC</arg>
<arg>VE</arg>
<arg>VG</arg>
<arg>VI</arg>
<arg>VN</arg>
<arg>VU</arg>
<arg>WF</arg>
<arg>WS</arg>
<arg>XK</arg>
<arg>YE</arg>
<arg>YT</arg>
<arg>ZA</arg>
<arg>ZM</arg>
<arg>ZW</arg>
<doc>Returns a list containing given items.</doc>
<status status="PASS" start="2024-06-30T15:15:46.317998" elapsed="0.000683"/>
</kw>
<kw name="List Should Contain Value" owner="Collections">
<arg>${list_country}</arg>
<arg>${name_country}</arg>
<doc>Fails if the ``value`` is not found from ``list``.</doc>
<status status="PASS" start="2024-06-30T15:15:46.319488" elapsed="0.000213"/>
</kw>
<kw name="Run Keyword If" owner="BuiltIn">
<kw name="Should Be True" owner="BuiltIn">
<arg>${True}</arg>
<doc>Fails if the given condition is not true.</doc>
<status status="PASS" start="2024-06-30T15:15:46.320633" elapsed="0.000137"/>
</kw>
<arg>${json_data["results"][0]["location"]["coordinates"]["latitude"]} &gt;= -90 and ${json_data["results"][0]["location"]["coordinates"]["latitude"]} &lt;= 90</arg>
<arg>Should Be True</arg>
<arg>${True}</arg>
<doc>Runs the given keyword with the given arguments, if ``condition`` is true.</doc>
<status status="PASS" start="2024-06-30T15:15:46.319894" elapsed="0.000999"/>
</kw>
<kw name="Run Keyword If" owner="BuiltIn">
<kw name="Should Be True" owner="BuiltIn">
<arg>${True}</arg>
<doc>Fails if the given condition is not true.</doc>
<status status="PASS" start="2024-06-30T15:15:46.321755" elapsed="0.000274"/>
</kw>
<arg>${json_data["results"][0]["location"]["coordinates"]["longitude"]} &gt;= -180 and ${json_data["results"][0]["location"]["coordinates"]["longitude"]} &lt;= 180</arg>
<arg>Should Be True</arg>
<arg>${True}</arg>
<doc>Runs the given keyword with the given arguments, if ``condition`` is true.</doc>
<status status="PASS" start="2024-06-30T15:15:46.321069" elapsed="0.001089"/>
</kw>
<status status="PASS" start="2024-06-30T15:15:46.217798" elapsed="0.104487"/>
</kw>
<doc>Testa o conteúdo específico dos campos retornados pela API.</doc>
<tag>testeConteudo</tag>
<status status="PASS" start="2024-06-30T15:15:46.217341" elapsed="0.105085"/>
</test>
<status status="PASS" start="2024-06-30T15:15:45.368209" elapsed="0.956121"/>
</suite>
<status status="PASS" start="2024-06-30T15:15:45.354095" elapsed="0.975159"/>
</suite>
<statistics>
<total>
<stat pass="5" fail="0" skip="0">All Tests</stat>
</total>
<tag>
<stat pass="1" fail="0" skip="0">testeConteudo</stat>
<stat pass="1" fail="0" skip="0">testeEstruturaResposta</stat>
<stat pass="1" fail="0" skip="0">testeRequisicaoBasica</stat>
<stat pass="1" fail="0" skip="0">testeTiposDados</stat>
</tag>
<suite>
<stat pass="5" fail="0" skip="0" id="s1" name="Tests">Tests</stat>
<stat pass="5" fail="0" skip="0" id="s1-s1" name="Random-User-Test">Tests.Random-User-Test</stat>
</suite>
</statistics>
<errors>
</errors>
</robot>
