<?xml version="1.0" encoding="UTF-8"?>
<robot generator="Robot 7.0.1 (Python 3.12.4 on linux)" generated="2024-07-03T15:16:14.120352" rpa="false" schemaversion="5">
<suite id="s1" name="Tests" source="/home/runner/work/ApiRandomUser/ApiRandomUser/RamdonUser/tests">
<suite id="s1-s1" name="Random-User-Test" source="/home/runner/work/ApiRandomUser/ApiRandomUser/RamdonUser/tests/random-user-test.robot">
<test id="s1-s1-t1" name="Conectar" line="13">
<kw name="Conectar API" owner="random-user-service">
<kw name="Create Session" owner="RequestsLibrary">
<msg time="2024-07-03T15:16:14.530185" level="INFO">Creating Session using : alias=consultarAPI, url=https://randomuser.me/, headers={},                     cookies={}, auth=None, timeout=None, proxies=None, verify=False,                     debug=0 </msg>
<arg>consultarAPI</arg>
<arg>${URL}</arg>
<doc>Create Session: create a HTTP session to a server</doc>
<status status="PASS" start="2024-07-03T15:16:14.529989" elapsed="0.000367"/>
</kw>
<status status="PASS" start="2024-07-03T15:16:14.529040" elapsed="0.001666"/>
</kw>
<status status="PASS" start="2024-07-03T15:16:14.528488" elapsed="0.002410"/>
</test>
<test id="s1-s1-t2" name="Validar retorno 200 e JSON Válido" line="16">
<kw name="Teste de Requisicao Basica" owner="random-user-service">
<kw name="GET On Session" owner="RequestsLibrary">
<msg time="2024-07-03T15:16:15.864528" level="INFO">GET Request : url=https://randomuser.me/api 
 path_url=/api 
 headers={'User-Agent': 'python-requests/2.32.3', 'Accept-Encoding': 'gzip, deflate', 'Accept': '*/*', 'Connection': 'keep-alive'} 
 body=None 
 </msg>
<msg time="2024-07-03T15:16:15.864675" level="INFO">GET Response : url=https://randomuser.me/api 
 status=200, reason=OK 
 headers={'Date': 'Wed, 03 Jul 2024 15:16:15 GMT', 'Content-Type': 'application/json; charset=utf-8', 'Transfer-Encoding': 'chunked', 'Connection': 'keep-alive', 'X-Powered-By': 'Express', 'Access-Control-Allow-Origin': '*', 'Cache-Control': 'no-cache', 'ETag': 'W/"4a0-qAwiYXYZT1ohXYq8F8t+eETButc"', 'Vary': 'Accept-Encoding', 'Content-Encoding': 'gzip', 'CF-Cache-Status': 'DYNAMIC', 'Report-To': '{"endpoints":[{"url":"https:\\/\\/a.nel.cloudflare.com\\/report\\/v4?s=DBv7T%2Bd%2BA2CuPR5I0MXtjXe0%2FyaFHSM19IvjD%2BczSuxknn6G%2FO069B0b%2BWO6h4CcY8%2BnXawQzjxGg0990yVlyqhqrGv347b1V0k8YBdWKeu0xhDHGfI8mA0sany6iaNJ"}],"group":"cf-nel","max_age":604800}', 'NEL': '{"success_fraction":0,"report_to":"cf-nel","max_age":604800}', 'Server': 'cloudflare', 'CF-RAY': '89d7d5e82b7b4406-EWR', 'alt-svc': 'h3=":443"; ma=86400'} 
 body={"results":[{"gender":"female","name":{"title":"Madame","first":"Miranda","last":"Fournier"},"location":{"street":{"number":5786,"name":"Avenue Debourg"},"city":"Maienfeld","state":"Solothurn","country":"Switzerland","postcode":1797,"coordinates":{"latitude":"-60.3781","longitude":"143.4364"},"timezone":{"offset":"+2:00","description":"Kaliningrad, South Africa"}},"email":"miranda.fournier@example.com","login":{"uuid":"b568908a-2d41-4096-81be-f916ad194bee","username":"whitewolf620","password":"picks","salt":"ZsfcLAsg","md5":"2ca5eb92e8d5ec623d33a60c485f8055","sha1":"e2154cf35cc970808a6ad61e9ef2103b2a97e0a2","sha256":"b606184e20695681804d080dbf441fba6918078508ad9172bec2269218480ce2"},"dob":{"date":"1948-06-11T07:38:47.902Z","age":76},"registered":{"date":"2009-10-16T15:01:13.713Z","age":14},"phone":"078 278 92 55","cell":"078 336 25 04","id":{"name":"AVS","value":"756.6962.1643.53"},"picture":{"large":"https://randomuser.me/api/portraits/women/61.jpg","medium":"https://randomuser.me/api/portraits/med/women/61.jpg","thumbnail":"https://randomuser.me/api/portraits/thumb/women/61.jpg"},"nat":"CH"}],"info":{"seed":"4fdf9c209d78e23b","results":1,"page":1,"version":"1.4"}} 
 </msg>
<msg time="2024-07-03T15:16:15.864798" level="INFO">/opt/hostedtoolcache/Python/3.12.4/x64/lib/python3.12/site-packages/urllib3/connectionpool.py:1099: InsecureRequestWarning: Unverified HTTPS request is being made to host 'randomuser.me'. Adding certificate verification is strongly advised. See: https://urllib3.readthedocs.io/en/latest/advanced-usage.html#tls-warnings
  warnings.warn(</msg>
<msg time="2024-07-03T15:16:15.864954" level="INFO">${response} = &lt;Response [200]&gt;</msg>
<var>${response}</var>
<arg>consultarAPI</arg>
<arg>/api</arg>
<doc>Sends a GET request on a previously created HTTP Session.</doc>
<status status="PASS" start="2024-07-03T15:16:14.533462" elapsed="1.331534"/>
</kw>
<kw name="Should Be Equal As Numbers" owner="BuiltIn">
<msg time="2024-07-03T15:16:15.866000" level="INFO">Argument types are:
&lt;class 'int'&gt;
&lt;class 'str'&gt;</msg>
<arg>${response.status_code}</arg>
<arg>200</arg>
<doc>Fails if objects are unequal after converting them to real numbers.</doc>
<status status="PASS" start="2024-07-03T15:16:15.865543" elapsed="0.000520"/>
</kw>
<kw name="Log" owner="BuiltIn">
<msg time="2024-07-03T15:16:15.866712" level="INFO">200</msg>
<arg>${response.status_code}</arg>
<doc>Logs the given message with the given level.</doc>
<status status="PASS" start="2024-07-03T15:16:15.866376" elapsed="0.000378"/>
</kw>
<kw name="Set Variable" owner="BuiltIn">
<msg time="2024-07-03T15:16:15.867466" level="INFO">${json_data} = {'results': [{'gender': 'female', 'name': {'title': 'Madame', 'first': 'Miranda', 'last': 'Fournier'}, 'location': {'street': {'number': 5786, 'name': 'Avenue Debourg'}, 'city': 'Maienfeld', 'state': ...</msg>
<var>${json_data}</var>
<arg>${response.json()}</arg>
<doc>Returns the given values which can then be assigned to a variables.</doc>
<status status="PASS" start="2024-07-03T15:16:15.867047" elapsed="0.000446"/>
</kw>
<kw name="Dictionary Should Contain Key" owner="Collections">
<arg>${json_data}</arg>
<arg>results</arg>
<doc>Fails if ``key`` is not found from ``dictionary``.</doc>
<status status="PASS" start="2024-07-03T15:16:15.867781" elapsed="0.000169"/>
</kw>
<status status="PASS" start="2024-07-03T15:16:14.533217" elapsed="1.334883"/>
</kw>
<doc>Testa se a API responde corretamente e retorna um objeto JSON válido.</doc>
<tag>testeRequisicaoBasica</tag>
<status status="PASS" start="2024-07-03T15:16:14.532749" elapsed="1.335527"/>
</test>
<test id="s1-s1-t3" name="Validar estrutura de resposta" line="22">
<kw name="Teste de Estrutura de Resposta" owner="random-user-service">
<kw name="GET On Session" owner="RequestsLibrary">
<msg time="2024-07-03T15:16:16.808665" level="INFO">GET Request : url=https://randomuser.me/api 
 path_url=/api 
 headers={'User-Agent': 'python-requests/2.32.3', 'Accept-Encoding': 'gzip, deflate', 'Accept': '*/*', 'Connection': 'keep-alive'} 
 body=None 
 </msg>
<msg time="2024-07-03T15:16:16.808851" level="INFO">GET Response : url=https://randomuser.me/api 
 status=200, reason=OK 
 headers={'Date': 'Wed, 03 Jul 2024 15:16:16 GMT', 'Content-Type': 'application/json; charset=utf-8', 'Transfer-Encoding': 'chunked', 'Connection': 'keep-alive', 'X-Powered-By': 'Express', 'Access-Control-Allow-Origin': '*', 'Cache-Control': 'no-cache', 'ETag': 'W/"48d-OMAv02mXVRhbAGuxes5G7qPVOZI"', 'Vary': 'Accept-Encoding', 'Content-Encoding': 'gzip', 'CF-Cache-Status': 'DYNAMIC', 'Report-To': '{"endpoints":[{"url":"https:\\/\\/a.nel.cloudflare.com\\/report\\/v4?s=QH%2FCS5P3PZrDfzmd3efUggMqiamhNATi52tHFr4oihq%2BSds03rpCV7CejQgvT%2F0MyFH91mvzO6mvSQcJwmDQrE3QF3k7LPkTzah32S0b1nKYiecA8lZKdR7TtrGw13kN"}],"group":"cf-nel","max_age":604800}', 'NEL': '{"success_fraction":0,"report_to":"cf-nel","max_age":604800}', 'Server': 'cloudflare', 'CF-RAY': '89d7d5ef3fe44406-EWR', 'alt-svc': 'h3=":443"; ma=86400'} 
 body={"results":[{"gender":"male","name":{"title":"Mr","first":"Necati","last":"Reischl"},"location":{"street":{"number":6154,"name":"Tulpenweg"},"city":"Bad Vilbel","state":"Niedersachsen","country":"Germany","postcode":46034,"coordinates":{"latitude":"-47.8452","longitude":"-157.3460"},"timezone":{"offset":"+2:00","description":"Kaliningrad, South Africa"}},"email":"necati.reischl@example.com","login":{"uuid":"bb89e186-884b-4fc3-883e-a3e4b24819df","username":"brownswan674","password":"lorenzo","salt":"IIqS8XmW","md5":"935b50b611c5e3e7da2038c90cfc1bcd","sha1":"17e55d76db0702b035741be7668bef62b2942cec","sha256":"a03c1181fe4a8336e616397b9b672040d0dc2d7ca8a8b56fb90be8f0feb4a8d0"},"dob":{"date":"1957-08-07T00:39:06.008Z","age":66},"registered":{"date":"2019-12-05T00:42:13.343Z","age":4},"phone":"0712-5058945","cell":"0178-2163912","id":{"name":"SVNR","value":"39 060857 R 324"},"picture":{"large":"https://randomuser.me/api/portraits/men/29.jpg","medium":"https://randomuser.me/api/portraits/med/men/29.jpg","thumbnail":"https://randomuser.me/api/portraits/thumb/men/29.jpg"},"nat":"DE"}],"info":{"seed":"dd075b53f0e29478","results":1,"page":1,"version":"1.4"}} 
 </msg>
<msg time="2024-07-03T15:16:16.809029" level="INFO">/opt/hostedtoolcache/Python/3.12.4/x64/lib/python3.12/site-packages/urllib3/connectionpool.py:1099: InsecureRequestWarning: Unverified HTTPS request is being made to host 'randomuser.me'. Adding certificate verification is strongly advised. See: https://urllib3.readthedocs.io/en/latest/advanced-usage.html#tls-warnings
  warnings.warn(</msg>
<msg time="2024-07-03T15:16:16.809153" level="INFO">${response} = &lt;Response [200]&gt;</msg>
<var>${response}</var>
<arg>consultarAPI</arg>
<arg>/api</arg>
<doc>Sends a GET request on a previously created HTTP Session.</doc>
<status status="PASS" start="2024-07-03T15:16:15.870846" elapsed="0.938350"/>
</kw>
<kw name="Set Variable" owner="BuiltIn">
<msg time="2024-07-03T15:16:16.810218" level="INFO">${json_data} = {'results': [{'gender': 'male', 'name': {'title': 'Mr', 'first': 'Necati', 'last': 'Reischl'}, 'location': {'street': {'number': 6154, 'name': 'Tulpenweg'}, 'city': 'Bad Vilbel', 'state': 'Niedersachs...</msg>
<var>${json_data}</var>
<arg>${response.json()}</arg>
<doc>Returns the given values which can then be assigned to a variables.</doc>
<status status="PASS" start="2024-07-03T15:16:16.809706" elapsed="0.000539"/>
</kw>
<kw name="Log" owner="BuiltIn">
<msg time="2024-07-03T15:16:16.810696" level="INFO">{'results': [{'gender': 'male', 'name': {'title': 'Mr', 'first': 'Necati', 'last': 'Reischl'}, 'location': {'street': {'number': 6154, 'name': 'Tulpenweg'}, 'city': 'Bad Vilbel', 'state': 'Niedersachsen', 'country': 'Germany', 'postcode': 46034, 'coordinates': {'latitude': '-47.8452', 'longitude': '-157.3460'}, 'timezone': {'offset': '+2:00', 'description': 'Kaliningrad, South Africa'}}, 'email': 'necati.reischl@example.com', 'login': {'uuid': 'bb89e186-884b-4fc3-883e-a3e4b24819df', 'username': 'brownswan674', 'password': 'lorenzo', 'salt': 'IIqS8XmW', 'md5': '935b50b611c5e3e7da2038c90cfc1bcd', 'sha1': '17e55d76db0702b035741be7668bef62b2942cec', 'sha256': 'a03c1181fe4a8336e616397b9b672040d0dc2d7ca8a8b56fb90be8f0feb4a8d0'}, 'dob': {'date': '1957-08-07T00:39:06.008Z', 'age': 66}, 'registered': {'date': '2019-12-05T00:42:13.343Z', 'age': 4}, 'phone': '0712-5058945', 'cell': '0178-2163912', 'id': {'name': 'SVNR', 'value': '39 060857 R 324'}, 'picture': {'large': 'https://randomuser.me/api/portraits/men/29.jpg', 'medium': 'https://randomuser.me/api/portraits/med/men/29.jpg', 'thumbnail': 'https://randomuser.me/api/portraits/thumb/men/29.jpg'}, 'nat': 'DE'}], 'info': {'seed': 'dd075b53f0e29478', 'results': 1, 'page': 1, 'version': '1.4'}}</msg>
<arg>${json_data}</arg>
<doc>Logs the given message with the given level.</doc>
<status status="PASS" start="2024-07-03T15:16:16.810543" elapsed="0.000200"/>
</kw>
<kw name="Dictionary Should Contain Key" owner="Collections">
<arg>${json_data}</arg>
<arg>results</arg>
<doc>Fails if ``key`` is not found from ``dictionary``.</doc>
<status status="PASS" start="2024-07-03T15:16:16.811031" elapsed="0.000165"/>
</kw>
<kw name="Should Not Be Empty" owner="BuiltIn">
<msg time="2024-07-03T15:16:16.811501" level="INFO">Length is 2.</msg>
<arg>${json_data}</arg>
<doc>Verifies that the given item is not empty.</doc>
<status status="PASS" start="2024-07-03T15:16:16.811378" elapsed="0.000160"/>
</kw>
<kw name="Create List" owner="BuiltIn">
<msg time="2024-07-03T15:16:16.811973" level="INFO">${expected_keys} = ['gender', 'name', 'location', 'email', 'login']</msg>
<var>${expected_keys}</var>
<arg>gender</arg>
<arg>name</arg>
<arg>location</arg>
<arg>email</arg>
<arg>login</arg>
<doc>Returns a list containing given items.</doc>
<status status="PASS" start="2024-07-03T15:16:16.811826" elapsed="0.000170"/>
</kw>
<for flavor="IN">
<iter>
<kw name="Dictionary Should Contain Key" owner="Collections">
<arg>${json_data['results'][0]}</arg>
<arg>${key}</arg>
<doc>Fails if ``key`` is not found from ``dictionary``.</doc>
<status status="PASS" start="2024-07-03T15:16:16.812717" elapsed="0.000429"/>
</kw>
<kw name="Log" owner="BuiltIn">
<msg time="2024-07-03T15:16:16.813691" level="INFO">{'gender': 'male', 'name': {'title': 'Mr', 'first': 'Necati', 'last': 'Reischl'}, 'location': {'street': {'number': 6154, 'name': 'Tulpenweg'}, 'city': 'Bad Vilbel', 'state': 'Niedersachsen', 'country': 'Germany', 'postcode': 46034, 'coordinates': {'latitude': '-47.8452', 'longitude': '-157.3460'}, 'timezone': {'offset': '+2:00', 'description': 'Kaliningrad, South Africa'}}, 'email': 'necati.reischl@example.com', 'login': {'uuid': 'bb89e186-884b-4fc3-883e-a3e4b24819df', 'username': 'brownswan674', 'password': 'lorenzo', 'salt': 'IIqS8XmW', 'md5': '935b50b611c5e3e7da2038c90cfc1bcd', 'sha1': '17e55d76db0702b035741be7668bef62b2942cec', 'sha256': 'a03c1181fe4a8336e616397b9b672040d0dc2d7ca8a8b56fb90be8f0feb4a8d0'}, 'dob': {'date': '1957-08-07T00:39:06.008Z', 'age': 66}, 'registered': {'date': '2019-12-05T00:42:13.343Z', 'age': 4}, 'phone': '0712-5058945', 'cell': '0178-2163912', 'id': {'name': 'SVNR', 'value': '39 060857 R 324'}, 'picture': {'large': 'https://randomuser.me/api/portraits/men/29.jpg', 'medium': 'https://randomuser.me/api/portraits/med/men/29.jpg', 'thumbnail': 'https://randomuser.me/api/portraits/thumb/men/29.jpg'}, 'nat': 'DE'}</msg>
<arg>${json_data['results'][0]}</arg>
<doc>Logs the given message with the given level.</doc>
<status status="PASS" start="2024-07-03T15:16:16.813335" elapsed="0.000403"/>
</kw>
<kw name="Log" owner="BuiltIn">
<msg time="2024-07-03T15:16:16.814158" level="INFO">gender</msg>
<arg>${key}</arg>
<doc>Logs the given message with the given level.</doc>
<status status="PASS" start="2024-07-03T15:16:16.814031" elapsed="0.000164"/>
</kw>
<var name="${key}">gender</var>
<status status="PASS" start="2024-07-03T15:16:16.812597" elapsed="0.001812"/>
</iter>
<iter>
<kw name="Dictionary Should Contain Key" owner="Collections">
<arg>${json_data['results'][0]}</arg>
<arg>${key}</arg>
<doc>Fails if ``key`` is not found from ``dictionary``.</doc>
<status status="PASS" start="2024-07-03T15:16:16.814697" elapsed="0.000382"/>
</kw>
<kw name="Log" owner="BuiltIn">
<msg time="2024-07-03T15:16:16.815609" level="INFO">{'gender': 'male', 'name': {'title': 'Mr', 'first': 'Necati', 'last': 'Reischl'}, 'location': {'street': {'number': 6154, 'name': 'Tulpenweg'}, 'city': 'Bad Vilbel', 'state': 'Niedersachsen', 'country': 'Germany', 'postcode': 46034, 'coordinates': {'latitude': '-47.8452', 'longitude': '-157.3460'}, 'timezone': {'offset': '+2:00', 'description': 'Kaliningrad, South Africa'}}, 'email': 'necati.reischl@example.com', 'login': {'uuid': 'bb89e186-884b-4fc3-883e-a3e4b24819df', 'username': 'brownswan674', 'password': 'lorenzo', 'salt': 'IIqS8XmW', 'md5': '935b50b611c5e3e7da2038c90cfc1bcd', 'sha1': '17e55d76db0702b035741be7668bef62b2942cec', 'sha256': 'a03c1181fe4a8336e616397b9b672040d0dc2d7ca8a8b56fb90be8f0feb4a8d0'}, 'dob': {'date': '1957-08-07T00:39:06.008Z', 'age': 66}, 'registered': {'date': '2019-12-05T00:42:13.343Z', 'age': 4}, 'phone': '0712-5058945', 'cell': '0178-2163912', 'id': {'name': 'SVNR', 'value': '39 060857 R 324'}, 'picture': {'large': 'https://randomuser.me/api/portraits/men/29.jpg', 'medium': 'https://randomuser.me/api/portraits/med/men/29.jpg', 'thumbnail': 'https://randomuser.me/api/portraits/thumb/men/29.jpg'}, 'nat': 'DE'}</msg>
<arg>${json_data['results'][0]}</arg>
<doc>Logs the given message with the given level.</doc>
<status status="PASS" start="2024-07-03T15:16:16.815259" elapsed="0.000428"/>
</kw>
<kw name="Log" owner="BuiltIn">
<msg time="2024-07-03T15:16:16.816109" level="INFO">name</msg>
<arg>${key}</arg>
<doc>Logs the given message with the given level.</doc>
<status status="PASS" start="2024-07-03T15:16:16.815984" elapsed="0.000162"/>
</kw>
<var name="${key}">name</var>
<status status="PASS" start="2024-07-03T15:16:16.814588" elapsed="0.001770"/>
</iter>
<iter>
<kw name="Dictionary Should Contain Key" owner="Collections">
<arg>${json_data['results'][0]}</arg>
<arg>${key}</arg>
<doc>Fails if ``key`` is not found from ``dictionary``.</doc>
<status status="PASS" start="2024-07-03T15:16:16.816634" elapsed="0.000398"/>
</kw>
<kw name="Log" owner="BuiltIn">
<msg time="2024-07-03T15:16:16.817561" level="INFO">{'gender': 'male', 'name': {'title': 'Mr', 'first': 'Necati', 'last': 'Reischl'}, 'location': {'street': {'number': 6154, 'name': 'Tulpenweg'}, 'city': 'Bad Vilbel', 'state': 'Niedersachsen', 'country': 'Germany', 'postcode': 46034, 'coordinates': {'latitude': '-47.8452', 'longitude': '-157.3460'}, 'timezone': {'offset': '+2:00', 'description': 'Kaliningrad, South Africa'}}, 'email': 'necati.reischl@example.com', 'login': {'uuid': 'bb89e186-884b-4fc3-883e-a3e4b24819df', 'username': 'brownswan674', 'password': 'lorenzo', 'salt': 'IIqS8XmW', 'md5': '935b50b611c5e3e7da2038c90cfc1bcd', 'sha1': '17e55d76db0702b035741be7668bef62b2942cec', 'sha256': 'a03c1181fe4a8336e616397b9b672040d0dc2d7ca8a8b56fb90be8f0feb4a8d0'}, 'dob': {'date': '1957-08-07T00:39:06.008Z', 'age': 66}, 'registered': {'date': '2019-12-05T00:42:13.343Z', 'age': 4}, 'phone': '0712-5058945', 'cell': '0178-2163912', 'id': {'name': 'SVNR', 'value': '39 060857 R 324'}, 'picture': {'large': 'https://randomuser.me/api/portraits/men/29.jpg', 'medium': 'https://randomuser.me/api/portraits/med/men/29.jpg', 'thumbnail': 'https://randomuser.me/api/portraits/thumb/men/29.jpg'}, 'nat': 'DE'}</msg>
<arg>${json_data['results'][0]}</arg>
<doc>Logs the given message with the given level.</doc>
<status status="PASS" start="2024-07-03T15:16:16.817209" elapsed="0.000398"/>
</kw>
<kw name="Log" owner="BuiltIn">
<msg time="2024-07-03T15:16:16.818022" level="INFO">location</msg>
<arg>${key}</arg>
<doc>Logs the given message with the given level.</doc>
<status status="PASS" start="2024-07-03T15:16:16.817899" elapsed="0.000158"/>
</kw>
<var name="${key}">location</var>
<status status="PASS" start="2024-07-03T15:16:16.816529" elapsed="0.001740"/>
</iter>
<iter>
<kw name="Dictionary Should Contain Key" owner="Collections">
<arg>${json_data['results'][0]}</arg>
<arg>${key}</arg>
<doc>Fails if ``key`` is not found from ``dictionary``.</doc>
<status status="PASS" start="2024-07-03T15:16:16.818536" elapsed="0.000374"/>
</kw>
<kw name="Log" owner="BuiltIn">
<msg time="2024-07-03T15:16:16.819425" level="INFO">{'gender': 'male', 'name': {'title': 'Mr', 'first': 'Necati', 'last': 'Reischl'}, 'location': {'street': {'number': 6154, 'name': 'Tulpenweg'}, 'city': 'Bad Vilbel', 'state': 'Niedersachsen', 'country': 'Germany', 'postcode': 46034, 'coordinates': {'latitude': '-47.8452', 'longitude': '-157.3460'}, 'timezone': {'offset': '+2:00', 'description': 'Kaliningrad, South Africa'}}, 'email': 'necati.reischl@example.com', 'login': {'uuid': 'bb89e186-884b-4fc3-883e-a3e4b24819df', 'username': 'brownswan674', 'password': 'lorenzo', 'salt': 'IIqS8XmW', 'md5': '935b50b611c5e3e7da2038c90cfc1bcd', 'sha1': '17e55d76db0702b035741be7668bef62b2942cec', 'sha256': 'a03c1181fe4a8336e616397b9b672040d0dc2d7ca8a8b56fb90be8f0feb4a8d0'}, 'dob': {'date': '1957-08-07T00:39:06.008Z', 'age': 66}, 'registered': {'date': '2019-12-05T00:42:13.343Z', 'age': 4}, 'phone': '0712-5058945', 'cell': '0178-2163912', 'id': {'name': 'SVNR', 'value': '39 060857 R 324'}, 'picture': {'large': 'https://randomuser.me/api/portraits/men/29.jpg', 'medium': 'https://randomuser.me/api/portraits/med/men/29.jpg', 'thumbnail': 'https://randomuser.me/api/portraits/thumb/men/29.jpg'}, 'nat': 'DE'}</msg>
<arg>${json_data['results'][0]}</arg>
<doc>Logs the given message with the given level.</doc>
<status status="PASS" start="2024-07-03T15:16:16.819087" elapsed="0.000384"/>
</kw>
<kw name="Log" owner="BuiltIn">
<msg time="2024-07-03T15:16:16.819886" level="INFO">email</msg>
<arg>${key}</arg>
<doc>Logs the given message with the given level.</doc>
<status status="PASS" start="2024-07-03T15:16:16.819764" elapsed="0.000159"/>
</kw>
<var name="${key}">email</var>
<status status="PASS" start="2024-07-03T15:16:16.818433" elapsed="0.001704"/>
</iter>
<iter>
<kw name="Dictionary Should Contain Key" owner="Collections">
<arg>${json_data['results'][0]}</arg>
<arg>${key}</arg>
<doc>Fails if ``key`` is not found from ``dictionary``.</doc>
<status status="PASS" start="2024-07-03T15:16:16.820410" elapsed="0.000397"/>
</kw>
<kw name="Log" owner="BuiltIn">
<msg time="2024-07-03T15:16:16.821348" level="INFO">{'gender': 'male', 'name': {'title': 'Mr', 'first': 'Necati', 'last': 'Reischl'}, 'location': {'street': {'number': 6154, 'name': 'Tulpenweg'}, 'city': 'Bad Vilbel', 'state': 'Niedersachsen', 'country': 'Germany', 'postcode': 46034, 'coordinates': {'latitude': '-47.8452', 'longitude': '-157.3460'}, 'timezone': {'offset': '+2:00', 'description': 'Kaliningrad, South Africa'}}, 'email': 'necati.reischl@example.com', 'login': {'uuid': 'bb89e186-884b-4fc3-883e-a3e4b24819df', 'username': 'brownswan674', 'password': 'lorenzo', 'salt': 'IIqS8XmW', 'md5': '935b50b611c5e3e7da2038c90cfc1bcd', 'sha1': '17e55d76db0702b035741be7668bef62b2942cec', 'sha256': 'a03c1181fe4a8336e616397b9b672040d0dc2d7ca8a8b56fb90be8f0feb4a8d0'}, 'dob': {'date': '1957-08-07T00:39:06.008Z', 'age': 66}, 'registered': {'date': '2019-12-05T00:42:13.343Z', 'age': 4}, 'phone': '0712-5058945', 'cell': '0178-2163912', 'id': {'name': 'SVNR', 'value': '39 060857 R 324'}, 'picture': {'large': 'https://randomuser.me/api/portraits/men/29.jpg', 'medium': 'https://randomuser.me/api/portraits/med/men/29.jpg', 'thumbnail': 'https://randomuser.me/api/portraits/thumb/men/29.jpg'}, 'nat': 'DE'}</msg>
<arg>${json_data['results'][0]}</arg>
<doc>Logs the given message with the given level.</doc>
<status status="PASS" start="2024-07-03T15:16:16.820997" elapsed="0.000398"/>
</kw>
<kw name="Log" owner="BuiltIn">
<msg time="2024-07-03T15:16:16.821807" level="INFO">login</msg>
<arg>${key}</arg>
<doc>Logs the given message with the given level.</doc>
<status status="PASS" start="2024-07-03T15:16:16.821683" elapsed="0.000161"/>
</kw>
<var name="${key}">login</var>
<status status="PASS" start="2024-07-03T15:16:16.820302" elapsed="0.001758"/>
</iter>
<var>${key}</var>
<value>@{expected_keys}</value>
<status status="PASS" start="2024-07-03T15:16:16.812406" elapsed="0.009772"/>
</for>
<kw name="Create List" owner="BuiltIn">
<msg time="2024-07-03T15:16:16.822495" level="INFO">${expected_keysTwo} = ['username', 'password']</msg>
<var>${expected_keysTwo}</var>
<arg>username</arg>
<arg>password</arg>
<doc>Returns a list containing given items.</doc>
<status status="PASS" start="2024-07-03T15:16:16.822365" elapsed="0.000181"/>
</kw>
<for flavor="IN">
<iter>
<kw name="Dictionary Should Contain Key" owner="Collections">
<arg>${json_data['results'][0]['login']}</arg>
<arg>${keyTwo}</arg>
<doc>Fails if ``key`` is not found from ``dictionary``.</doc>
<status status="PASS" start="2024-07-03T15:16:16.823034" elapsed="0.000378"/>
</kw>
<kw name="Dictionary Should Contain Key" owner="Collections">
<arg>${json_data['results'][0]['login']}</arg>
<arg>${keyTwo}</arg>
<doc>Fails if ``key`` is not found from ``dictionary``.</doc>
<status status="PASS" start="2024-07-03T15:16:16.823589" elapsed="0.000370"/>
</kw>
<kw name="Log" owner="BuiltIn">
<msg time="2024-07-03T15:16:16.824260" level="INFO">username</msg>
<arg>${keyTwo}</arg>
<doc>Logs the given message with the given level.</doc>
<status status="PASS" start="2024-07-03T15:16:16.824138" elapsed="0.000159"/>
</kw>
<var name="${keyTwo}">username</var>
<status status="PASS" start="2024-07-03T15:16:16.822930" elapsed="0.001582"/>
</iter>
<iter>
<kw name="Dictionary Should Contain Key" owner="Collections">
<arg>${json_data['results'][0]['login']}</arg>
<arg>${keyTwo}</arg>
<doc>Fails if ``key`` is not found from ``dictionary``.</doc>
<status status="PASS" start="2024-07-03T15:16:16.824804" elapsed="0.000379"/>
</kw>
<kw name="Dictionary Should Contain Key" owner="Collections">
<arg>${json_data['results'][0]['login']}</arg>
<arg>${keyTwo}</arg>
<doc>Fails if ``key`` is not found from ``dictionary``.</doc>
<status status="PASS" start="2024-07-03T15:16:16.825356" elapsed="0.000359"/>
</kw>
<kw name="Log" owner="BuiltIn">
<msg time="2024-07-03T15:16:16.826013" level="INFO">password</msg>
<arg>${keyTwo}</arg>
<doc>Logs the given message with the given level.</doc>
<status status="PASS" start="2024-07-03T15:16:16.825893" elapsed="0.000161"/>
</kw>
<var name="${keyTwo}">password</var>
<status status="PASS" start="2024-07-03T15:16:16.824679" elapsed="0.001591"/>
</iter>
<var>${keyTwo}</var>
<value>@{expected_keysTwo}</value>
<status status="PASS" start="2024-07-03T15:16:16.822784" elapsed="0.003603"/>
</for>
<status status="PASS" start="2024-07-03T15:16:15.870621" elapsed="0.955904"/>
</kw>
<doc>Testa a estrutura da resposta da API.</doc>
<tag>testeEstruturaResposta</tag>
<status status="PASS" start="2024-07-03T15:16:15.870110" elapsed="0.956565"/>
</test>
<test id="s1-s1-t4" name="Validar tipos de dados" line="28">
<kw name="Teste de Tipos de Dados" owner="random-user-service">
<kw name="GET On Session" owner="RequestsLibrary">
<msg time="2024-07-03T15:16:17.398626" level="INFO">GET Request : url=https://randomuser.me/api 
 path_url=/api 
 headers={'User-Agent': 'python-requests/2.32.3', 'Accept-Encoding': 'gzip, deflate', 'Accept': '*/*', 'Connection': 'keep-alive'} 
 body=None 
 </msg>
<msg time="2024-07-03T15:16:17.398737" level="INFO">GET Response : url=https://randomuser.me/api 
 status=200, reason=OK 
 headers={'Date': 'Wed, 03 Jul 2024 15:16:17 GMT', 'Content-Type': 'application/json; charset=utf-8', 'Transfer-Encoding': 'chunked', 'Connection': 'keep-alive', 'X-Powered-By': 'Express', 'Access-Control-Allow-Origin': '*', 'Cache-Control': 'no-cache', 'ETag': 'W/"488-3hMsiLXwDroNvHgpnlj7Jx7IpAQ"', 'Vary': 'Accept-Encoding', 'Content-Encoding': 'gzip', 'CF-Cache-Status': 'DYNAMIC', 'Report-To': '{"endpoints":[{"url":"https:\\/\\/a.nel.cloudflare.com\\/report\\/v4?s=ngSKw%2BrqlAK2S1f75TNlgwLmKENJQ1gs%2BhIjpEv%2BbRdhvm6IHlYvNSiNc1079M6n2VPCiYtaRADUqSkjYvTMpR%2B5qFdxT3Iea0tbk723PsrBbswfYkA302VCwMIrUXOa"}],"group":"cf-nel","max_age":604800}', 'NEL': '{"success_fraction":0,"report_to":"cf-nel","max_age":604800}', 'Server': 'cloudflare', 'CF-RAY': '89d7d5f539f74406-EWR', 'alt-svc': 'h3=":443"; ma=86400'} 
 body={"results":[{"gender":"male","name":{"title":"Mr","first":"Isaac","last":"Thompson"},"location":{"street":{"number":6649,"name":"Albert Road"},"city":"Cork","state":"Monaghan","country":"Ireland","postcode":60624,"coordinates":{"latitude":"1.0612","longitude":"-147.0728"},"timezone":{"offset":"-4:00","description":"Atlantic Time (Canada), Caracas, La Paz"}},"email":"isaac.thompson@example.com","login":{"uuid":"7e4a04a8-b458-4c82-88fd-7b63d3f8a903","username":"yellowsnake531","password":"kong","salt":"QqvFUIir","md5":"00adcae8110e6a865a629c609b07312e","sha1":"8ac9130d2725e253b7f8678077751457bf4bc646","sha256":"525200bf8d742c04d3ae9bdfdbdd1426ce357469ec2cad566dd560892d81004c"},"dob":{"date":"1984-12-11T09:01:46.954Z","age":39},"registered":{"date":"2009-10-27T05:15:37.550Z","age":14},"phone":"061-295-6502","cell":"081-366-6296","id":{"name":"PPS","value":"5297368T"},"picture":{"large":"https://randomuser.me/api/portraits/men/20.jpg","medium":"https://randomuser.me/api/portraits/med/men/20.jpg","thumbnail":"https://randomuser.me/api/portraits/thumb/men/20.jpg"},"nat":"IE"}],"info":{"seed":"303b902adeb475bd","results":1,"page":1,"version":"1.4"}} 
 </msg>
<msg time="2024-07-03T15:16:17.398817" level="INFO">/opt/hostedtoolcache/Python/3.12.4/x64/lib/python3.12/site-packages/urllib3/connectionpool.py:1099: InsecureRequestWarning: Unverified HTTPS request is being made to host 'randomuser.me'. Adding certificate verification is strongly advised. See: https://urllib3.readthedocs.io/en/latest/advanced-usage.html#tls-warnings
  warnings.warn(</msg>
<msg time="2024-07-03T15:16:17.398953" level="INFO">${response} = &lt;Response [200]&gt;</msg>
<var>${response}</var>
<arg>consultarAPI</arg>
<arg>/api</arg>
<doc>Sends a GET request on a previously created HTTP Session.</doc>
<status status="PASS" start="2024-07-03T15:16:16.829198" elapsed="0.569806"/>
</kw>
<kw name="Set Variable" owner="BuiltIn">
<msg time="2024-07-03T15:16:17.400111" level="INFO">${json_data} = {'results': [{'gender': 'male', 'name': {'title': 'Mr', 'first': 'Isaac', 'last': 'Thompson'}, 'location': {'street': {'number': 6649, 'name': 'Albert Road'}, 'city': 'Cork', 'state': 'Monaghan', 'cou...</msg>
<var>${json_data}</var>
<arg>${response.json()}</arg>
<doc>Returns the given values which can then be assigned to a variables.</doc>
<status status="PASS" start="2024-07-03T15:16:17.399584" elapsed="0.000556"/>
</kw>
<kw name="Log" owner="BuiltIn">
<msg time="2024-07-03T15:16:17.400598" level="INFO">{'results': [{'gender': 'male', 'name': {'title': 'Mr', 'first': 'Isaac', 'last': 'Thompson'}, 'location': {'street': {'number': 6649, 'name': 'Albert Road'}, 'city': 'Cork', 'state': 'Monaghan', 'country': 'Ireland', 'postcode': 60624, 'coordinates': {'latitude': '1.0612', 'longitude': '-147.0728'}, 'timezone': {'offset': '-4:00', 'description': 'Atlantic Time (Canada), Caracas, La Paz'}}, 'email': 'isaac.thompson@example.com', 'login': {'uuid': '7e4a04a8-b458-4c82-88fd-7b63d3f8a903', 'username': 'yellowsnake531', 'password': 'kong', 'salt': 'QqvFUIir', 'md5': '00adcae8110e6a865a629c609b07312e', 'sha1': '8ac9130d2725e253b7f8678077751457bf4bc646', 'sha256': '525200bf8d742c04d3ae9bdfdbdd1426ce357469ec2cad566dd560892d81004c'}, 'dob': {'date': '1984-12-11T09:01:46.954Z', 'age': 39}, 'registered': {'date': '2009-10-27T05:15:37.550Z', 'age': 14}, 'phone': '061-295-6502', 'cell': '081-366-6296', 'id': {'name': 'PPS', 'value': '5297368T'}, 'picture': {'large': 'https://randomuser.me/api/portraits/men/20.jpg', 'medium': 'https://randomuser.me/api/portraits/med/men/20.jpg', 'thumbnail': 'https://randomuser.me/api/portraits/thumb/men/20.jpg'}, 'nat': 'IE'}], 'info': {'seed': '303b902adeb475bd', 'results': 1, 'page': 1, 'version': '1.4'}}</msg>
<arg>${json_data}</arg>
<doc>Logs the given message with the given level.</doc>
<status status="PASS" start="2024-07-03T15:16:17.400441" elapsed="0.000205"/>
</kw>
<kw name="Should Be String" owner="String">
<arg>${json_data['results'][0]['gender']}</arg>
<doc>Fails if the given ``item`` is not a string.</doc>
<status status="PASS" start="2024-07-03T15:16:17.400990" elapsed="0.000356"/>
</kw>
<kw name="Should Match Regexp" owner="BuiltIn">
<arg>${json_data['results'][0]['email']}</arg>
<arg>^[a-zA-Z0-9._%+-]+@[a-zA-Z0-9.-]+\.[a-zA-Z]{2,}$</arg>
<doc>Fails if ``string`` does not match ``pattern`` as a regular expression.</doc>
<status status="PASS" start="2024-07-03T15:16:17.401531" elapsed="0.000507"/>
</kw>
<kw name="Should Match Regexp" owner="BuiltIn">
<arg>${json_data['results'][0]['dob']['date']}</arg>
<arg>\\d{4}-\\d{2}-\\d{2}T\\d{2}:\\d{2}:\\d{2}\\.\\d{3}Z</arg>
<doc>Fails if ``string`` does not match ``pattern`` as a regular expression.</doc>
<status status="PASS" start="2024-07-03T15:16:17.402264" elapsed="0.000488"/>
</kw>
<kw name="Should Match Regexp" owner="BuiltIn">
<arg>${json_data['results'][0]['registered']['date']}</arg>
<arg>\\d{4}-\\d{2}-\\d{2}T\\d{2}:\\d{2}:\\d{2}\\.\\d{3}Z</arg>
<doc>Fails if ``string`` does not match ``pattern`` as a regular expression.</doc>
<status status="PASS" start="2024-07-03T15:16:17.402940" elapsed="0.000362"/>
</kw>
<kw name="Should Match Regexp" owner="BuiltIn">
<arg>${json_data['results'][0]['picture']['large']}</arg>
<arg>^https?://.*\.(?:png|jpe?g|gif|bmp)$</arg>
<doc>Fails if ``string`` does not match ``pattern`` as a regular expression.</doc>
<status status="PASS" start="2024-07-03T15:16:17.403480" elapsed="0.000445"/>
</kw>
<kw name="Should Match Regexp" owner="BuiltIn">
<arg>${json_data['results'][0]['picture']['medium']}</arg>
<arg>^https?://.*\.(?:png|jpe?g|gif|bmp)$</arg>
<doc>Fails if ``string`` does not match ``pattern`` as a regular expression.</doc>
<status status="PASS" start="2024-07-03T15:16:17.404106" elapsed="0.000341"/>
</kw>
<kw name="Should Match Regexp" owner="BuiltIn">
<arg>${json_data['results'][0]['picture']['thumbnail']}</arg>
<arg>^https?://.*\.(?:png|jpe?g|gif|bmp)$</arg>
<doc>Fails if ``string`` does not match ``pattern`` as a regular expression.</doc>
<status status="PASS" start="2024-07-03T15:16:17.404623" elapsed="0.000390"/>
</kw>
<kw name="Log" owner="BuiltIn">
<msg time="2024-07-03T15:16:17.405521" level="INFO">{'large': 'https://randomuser.me/api/portraits/men/20.jpg', 'medium': 'https://randomuser.me/api/portraits/med/men/20.jpg', 'thumbnail': 'https://randomuser.me/api/portraits/thumb/men/20.jpg'}</msg>
<arg>${json_data['results'][0]['picture']}</arg>
<doc>Logs the given message with the given level.</doc>
<status status="PASS" start="2024-07-03T15:16:17.405196" elapsed="0.000368"/>
</kw>
<status status="PASS" start="2024-07-03T15:16:16.828976" elapsed="0.576845"/>
</kw>
<kw name="Teste de Tipos de Dados - Postcode" owner="random-user-service">
<kw name="GET On Session" owner="RequestsLibrary">
<msg time="2024-07-03T15:16:17.646024" level="INFO">GET Request : url=https://randomuser.me/api 
 path_url=/api 
 headers={'User-Agent': 'python-requests/2.32.3', 'Accept-Encoding': 'gzip, deflate', 'Accept': '*/*', 'Connection': 'keep-alive'} 
 body=None 
 </msg>
<msg time="2024-07-03T15:16:17.646117" level="INFO">GET Response : url=https://randomuser.me/api 
 status=200, reason=OK 
 headers={'Date': 'Wed, 03 Jul 2024 15:16:17 GMT', 'Content-Type': 'application/json; charset=utf-8', 'Transfer-Encoding': 'chunked', 'Connection': 'keep-alive', 'X-Powered-By': 'Express', 'Access-Control-Allow-Origin': '*', 'Cache-Control': 'no-cache', 'ETag': 'W/"484-FF1h6nGHn+188n2SoeVPuSPXaOE"', 'Vary': 'Accept-Encoding', 'Content-Encoding': 'gzip', 'CF-Cache-Status': 'DYNAMIC', 'Report-To': '{"endpoints":[{"url":"https:\\/\\/a.nel.cloudflare.com\\/report\\/v4?s=g6JHj46cp%2F5ZneFsB1oHhR58dagOIfbXy5Op7OiUOr%2FGH3tqXOhWO%2BdBfJBcFZpCUf589hVFk5QsFvlxD0NcTGFqNVO8r%2B2hpZOrfiBjPd6295qV0OI4gY5IsLt%2FtejA"}],"group":"cf-nel","max_age":604800}', 'NEL': '{"success_fraction":0,"report_to":"cf-nel","max_age":604800}', 'Server': 'cloudflare', 'CF-RAY': '89d7d5f8cfed4406-EWR', 'alt-svc': 'h3=":443"; ma=86400'} 
 body={"results":[{"gender":"female","name":{"title":"Miss","first":"Sharron","last":"Pierce"},"location":{"street":{"number":6834,"name":"Galway Road"},"city":"Wicklow","state":"Cork","country":"Ireland","postcode":98095,"coordinates":{"latitude":"0.6359","longitude":"83.0496"},"timezone":{"offset":"-8:00","description":"Pacific Time (US &amp; Canada)"}},"email":"sharron.pierce@example.com","login":{"uuid":"db32a2f1-f3e5-4ea4-9ea0-4cb880165095","username":"angryfish788","password":"panasoni","salt":"o4v3PqJ5","md5":"eac1d872facbcfdda44df690a0ec9d20","sha1":"13740e51e7d646bdea38ad24ed5c3e0321beb004","sha256":"9c0c4f620aadfb8e009fb94ec41d3fe2c1aa3add98874c1386f47498c58e6ed8"},"dob":{"date":"1984-01-15T11:43:38.249Z","age":40},"registered":{"date":"2013-05-11T23:29:44.680Z","age":11},"phone":"011-033-0630","cell":"081-282-3245","id":{"name":"PPS","value":"7723688T"},"picture":{"large":"https://randomuser.me/api/portraits/women/49.jpg","medium":"https://randomuser.me/api/portraits/med/women/49.jpg","thumbnail":"https://randomuser.me/api/portraits/thumb/women/49.jpg"},"nat":"IE"}],"info":{"seed":"540699ddcb925fdd","results":1,"page":1,"version":"1.4"}} 
 </msg>
<msg time="2024-07-03T15:16:17.646219" level="INFO">/opt/hostedtoolcache/Python/3.12.4/x64/lib/python3.12/site-packages/urllib3/connectionpool.py:1099: InsecureRequestWarning: Unverified HTTPS request is being made to host 'randomuser.me'. Adding certificate verification is strongly advised. See: https://urllib3.readthedocs.io/en/latest/advanced-usage.html#tls-warnings
  warnings.warn(</msg>
<msg time="2024-07-03T15:16:17.646345" level="INFO">${response} = &lt;Response [200]&gt;</msg>
<var>${response}</var>
<arg>consultarAPI</arg>
<arg>/api</arg>
<doc>Sends a GET request on a previously created HTTP Session.</doc>
<status status="PASS" start="2024-07-03T15:16:17.406273" elapsed="0.240115"/>
</kw>
<kw name="Set Variable" owner="BuiltIn">
<msg time="2024-07-03T15:16:17.647283" level="INFO">${json_data} = {'results': [{'gender': 'female', 'name': {'title': 'Miss', 'first': 'Sharron', 'last': 'Pierce'}, 'location': {'street': {'number': 6834, 'name': 'Galway Road'}, 'city': 'Wicklow', 'state': 'Cork', '...</msg>
<var>${json_data}</var>
<arg>${response.json()}</arg>
<doc>Returns the given values which can then be assigned to a variables.</doc>
<status status="PASS" start="2024-07-03T15:16:17.646824" elapsed="0.000487"/>
</kw>
<kw name="Log" owner="BuiltIn">
<msg time="2024-07-03T15:16:17.647763" level="INFO">{'results': [{'gender': 'female', 'name': {'title': 'Miss', 'first': 'Sharron', 'last': 'Pierce'}, 'location': {'street': {'number': 6834, 'name': 'Galway Road'}, 'city': 'Wicklow', 'state': 'Cork', 'country': 'Ireland', 'postcode': 98095, 'coordinates': {'latitude': '0.6359', 'longitude': '83.0496'}, 'timezone': {'offset': '-8:00', 'description': 'Pacific Time (US &amp; Canada)'}}, 'email': 'sharron.pierce@example.com', 'login': {'uuid': 'db32a2f1-f3e5-4ea4-9ea0-4cb880165095', 'username': 'angryfish788', 'password': 'panasoni', 'salt': 'o4v3PqJ5', 'md5': 'eac1d872facbcfdda44df690a0ec9d20', 'sha1': '13740e51e7d646bdea38ad24ed5c3e0321beb004', 'sha256': '9c0c4f620aadfb8e009fb94ec41d3fe2c1aa3add98874c1386f47498c58e6ed8'}, 'dob': {'date': '1984-01-15T11:43:38.249Z', 'age': 40}, 'registered': {'date': '2013-05-11T23:29:44.680Z', 'age': 11}, 'phone': '011-033-0630', 'cell': '081-282-3245', 'id': {'name': 'PPS', 'value': '7723688T'}, 'picture': {'large': 'https://randomuser.me/api/portraits/women/49.jpg', 'medium': 'https://randomuser.me/api/portraits/med/women/49.jpg', 'thumbnail': 'https://randomuser.me/api/portraits/thumb/women/49.jpg'}, 'nat': 'IE'}], 'info': {'seed': '540699ddcb925fdd', 'results': 1, 'page': 1, 'version': '1.4'}}</msg>
<arg>${json_data}</arg>
<doc>Logs the given message with the given level.</doc>
<status status="PASS" start="2024-07-03T15:16:17.647613" elapsed="0.000197"/>
</kw>
<kw name="Should Be Equal As Numbers" owner="BuiltIn">
<arg>${json_data['results'][0]['location']['postcode']}</arg>
<arg>${json_data['results'][0]['location']['postcode']}</arg>
<doc>Fails if objects are unequal after converting them to real numbers.</doc>
<status status="PASS" start="2024-07-03T15:16:17.648096" elapsed="0.000630"/>
</kw>
<kw name="Log" owner="BuiltIn">
<msg time="2024-07-03T15:16:17.649297" level="INFO">98095</msg>
<arg>${json_data['results'][0]['location']['postcode']}</arg>
<doc>Logs the given message with the given level.</doc>
<status status="PASS" start="2024-07-03T15:16:17.648959" elapsed="0.000379"/>
</kw>
<status status="PASS" start="2024-07-03T15:16:17.406046" elapsed="0.243567"/>
</kw>
<doc>Testa se os tipos de dados na resposta da API estão corretos.</doc>
<tag>testeTiposDados</tag>
<status status="PASS" start="2024-07-03T15:16:16.828418" elapsed="0.821360"/>
</test>
<test id="s1-s1-t5" name="Validar conteudo" line="35">
<kw name="Teste de Tipos de Conteudo" owner="random-user-service">
<kw name="GET On Session" owner="RequestsLibrary">
<msg time="2024-07-03T15:16:17.719312" level="INFO">GET Request : url=https://randomuser.me/api 
 path_url=/api 
 headers={'User-Agent': 'python-requests/2.32.3', 'Accept-Encoding': 'gzip, deflate', 'Accept': '*/*', 'Connection': 'keep-alive'} 
 body=None 
 </msg>
<msg time="2024-07-03T15:16:17.719396" level="INFO">GET Response : url=https://randomuser.me/api 
 status=200, reason=OK 
 headers={'Date': 'Wed, 03 Jul 2024 15:16:17 GMT', 'Content-Type': 'application/json; charset=utf-8', 'Transfer-Encoding': 'chunked', 'Connection': 'keep-alive', 'X-Powered-By': 'Express', 'Access-Control-Allow-Origin': '*', 'Cache-Control': 'no-cache', 'ETag': 'W/"481-vfXIQDQV9xuuzo8S0N3MwvxGsJs"', 'Vary': 'Accept-Encoding', 'Content-Encoding': 'gzip', 'CF-Cache-Status': 'DYNAMIC', 'Report-To': '{"endpoints":[{"url":"https:\\/\\/a.nel.cloudflare.com\\/report\\/v4?s=KipkW2yGqZ64d8KdlGWkMGR%2FVw4SYtAbkzeol8b14YWL2XzgtXsrIwSPRtM0gm2yUzUob7grzZ0FNUu72f5FwHIlsfQbyrL60mOGcHwCQRni8jS8mgl39AqJ2i5QYFPL"}],"group":"cf-nel","max_age":604800}', 'NEL': '{"success_fraction":0,"report_to":"cf-nel","max_age":604800}', 'Server': 'cloudflare', 'CF-RAY': '89d7d5fa5a734406-EWR', 'alt-svc': 'h3=":443"; ma=86400'} 
 body={"results":[{"gender":"female","name":{"title":"Miss","first":"Nina","last":"Davies"},"location":{"street":{"number":3424,"name":"Emerson Street"},"city":"Hamilton","state":"Auckland","country":"New Zealand","postcode":24029,"coordinates":{"latitude":"48.3293","longitude":"168.0124"},"timezone":{"offset":"+7:00","description":"Bangkok, Hanoi, Jakarta"}},"email":"nina.davies@example.com","login":{"uuid":"b20d5340-2718-4c7e-9b1b-51bf78ee5f6d","username":"sadfrog207","password":"american","salt":"CeHXD7tR","md5":"01e4f56fbf15c3cca25e4864bbff8797","sha1":"fe3dfcdbde48e607fc1ed554285fdaf05196c23b","sha256":"061bbb90af040b98acd222153800d881c16c668b4bc40d19b32320ba2a50049e"},"dob":{"date":"1986-04-04T22:08:08.198Z","age":38},"registered":{"date":"2021-09-09T10:48:20.657Z","age":2},"phone":"(588)-394-8262","cell":"(321)-688-2558","id":{"name":"","value":null},"picture":{"large":"https://randomuser.me/api/portraits/women/44.jpg","medium":"https://randomuser.me/api/portraits/med/women/44.jpg","thumbnail":"https://randomuser.me/api/portraits/thumb/women/44.jpg"},"nat":"NZ"}],"info":{"seed":"e935df3436ba2d24","results":1,"page":1,"version":"1.4"}} 
 </msg>
<msg time="2024-07-03T15:16:17.719484" level="INFO">/opt/hostedtoolcache/Python/3.12.4/x64/lib/python3.12/site-packages/urllib3/connectionpool.py:1099: InsecureRequestWarning: Unverified HTTPS request is being made to host 'randomuser.me'. Adding certificate verification is strongly advised. See: https://urllib3.readthedocs.io/en/latest/advanced-usage.html#tls-warnings
  warnings.warn(</msg>
<msg time="2024-07-03T15:16:17.719599" level="INFO">${response} = &lt;Response [200]&gt;</msg>
<var>${response}</var>
<arg>consultarAPI</arg>
<arg>/api</arg>
<doc>Sends a GET request on a previously created HTTP Session.</doc>
<status status="PASS" start="2024-07-03T15:16:17.652388" elapsed="0.067255"/>
</kw>
<kw name="Set Variable" owner="BuiltIn">
<msg time="2024-07-03T15:16:17.720444" level="INFO">${json_data} = {'results': [{'gender': 'female', 'name': {'title': 'Miss', 'first': 'Nina', 'last': 'Davies'}, 'location': {'street': {'number': 3424, 'name': 'Emerson Street'}, 'city': 'Hamilton', 'state': 'Aucklan...</msg>
<var>${json_data}</var>
<arg>${response.json()}</arg>
<doc>Returns the given values which can then be assigned to a variables.</doc>
<status status="PASS" start="2024-07-03T15:16:17.720018" elapsed="0.000454"/>
</kw>
<kw name="Set Variable" owner="BuiltIn">
<msg time="2024-07-03T15:16:17.721193" level="INFO">${name_title} = Miss</msg>
<var>${name_title}</var>
<arg>${json_data["results"][0]["name"]["title"]}</arg>
<doc>Returns the given values which can then be assigned to a variables.</doc>
<status status="PASS" start="2024-07-03T15:16:17.720819" elapsed="0.000399"/>
</kw>
<kw name="Create List" owner="BuiltIn">
<msg time="2024-07-03T15:16:17.721655" level="INFO">${allowed_titles} = ['Mr', 'Ms', 'Miss', 'Mrs', 'Madame', 'Monsieur']</msg>
<var>${allowed_titles}</var>
<arg>Mr</arg>
<arg>Ms</arg>
<arg>Miss</arg>
<arg>Mrs</arg>
<arg>Madame</arg>
<arg>Monsieur</arg>
<doc>Returns a list containing given items.</doc>
<status status="PASS" start="2024-07-03T15:16:17.721509" elapsed="0.000170"/>
</kw>
<kw name="List Should Contain Value" owner="Collections">
<arg>${allowed_titles}</arg>
<arg>${name_title}</arg>
<doc>Fails if the ``value`` is not found from ``list``.</doc>
<status status="PASS" start="2024-07-03T15:16:17.721971" elapsed="0.000172"/>
</kw>
<kw name="Set Variable" owner="BuiltIn">
<msg time="2024-07-03T15:16:17.722679" level="INFO">${name_country} = NZ</msg>
<var>${name_country}</var>
<arg>${json_data["results"][0]["nat"]}</arg>
<doc>Returns the given values which can then be assigned to a variables.</doc>
<status status="PASS" start="2024-07-03T15:16:17.722315" elapsed="0.000388"/>
</kw>
<kw name="Create List" owner="BuiltIn">
<msg time="2024-07-03T15:16:17.723583" level="INFO">${list_country} = ['AD', 'AE', 'AF', 'AG', 'AI', 'AL', 'AM', 'AO', 'AQ', 'AR', 'AS', 'AT', 'AU', 'AW', 'AX', 'AZ', 'BA', 'BB', 'BD', 'BE', 'BF', 'BG', 'BH', 'BI', 'BJ', 'BL', 'BM', 'BN', 'BO', 'BQ', 'BR', 'BS', 'BT', '...</msg>
<var>${list_country}</var>
<arg>AD</arg>
<arg>AE</arg>
<arg>AF</arg>
<arg>AG</arg>
<arg>AI</arg>
<arg>AL</arg>
<arg>AM</arg>
<arg>AO</arg>
<arg>AQ</arg>
<arg>AR</arg>
<arg>AS</arg>
<arg>AT</arg>
<arg>AU</arg>
<arg>AW</arg>
<arg>AX</arg>
<arg>AZ</arg>
<arg>BA</arg>
<arg>BB</arg>
<arg>BD</arg>
<arg>BE</arg>
<arg>BF</arg>
<arg>BG</arg>
<arg>BH</arg>
<arg>BI</arg>
<arg>BJ</arg>
<arg>BL</arg>
<arg>BM</arg>
<arg>BN</arg>
<arg>BO</arg>
<arg>BQ</arg>
<arg>BR</arg>
<arg>BS</arg>
<arg>BT</arg>
<arg>BV</arg>
<arg>BW</arg>
<arg>BY</arg>
<arg>BZ</arg>
<arg>CA</arg>
<arg>CC</arg>
<arg>CD</arg>
<arg>CF</arg>
<arg>CG</arg>
<arg>CH</arg>
<arg>CI</arg>
<arg>CK</arg>
<arg>CL</arg>
<arg>CM</arg>
<arg>CN</arg>
<arg>CO</arg>
<arg>CR</arg>
<arg>CU</arg>
<arg>CV</arg>
<arg>CW</arg>
<arg>CX</arg>
<arg>CY</arg>
<arg>CZ</arg>
<arg>DE</arg>
<arg>DJ</arg>
<arg>DK</arg>
<arg>DM</arg>
<arg>DO</arg>
<arg>DZ</arg>
<arg>EC</arg>
<arg>EE</arg>
<arg>EG</arg>
<arg>EH</arg>
<arg>ER</arg>
<arg>ES</arg>
<arg>ET</arg>
<arg>FI</arg>
<arg>FJ</arg>
<arg>FK</arg>
<arg>FM</arg>
<arg>FO</arg>
<arg>FR</arg>
<arg>GA</arg>
<arg>GB</arg>
<arg>GD</arg>
<arg>GE</arg>
<arg>GF</arg>
<arg>GG</arg>
<arg>GH</arg>
<arg>GI</arg>
<arg>GL</arg>
<arg>GM</arg>
<arg>GN</arg>
<arg>GP</arg>
<arg>GQ</arg>
<arg>GR</arg>
<arg>GS</arg>
<arg>GT</arg>
<arg>GU</arg>
<arg>GW</arg>
<arg>GY</arg>
<arg>HK</arg>
<arg>HM</arg>
<arg>HN</arg>
<arg>HR</arg>
<arg>HT</arg>
<arg>HU</arg>
<arg>ID</arg>
<arg>IE</arg>
<arg>IL</arg>
<arg>IM</arg>
<arg>IN</arg>
<arg>IO</arg>
<arg>IQ</arg>
<arg>IR</arg>
<arg>IS</arg>
<arg>IT</arg>
<arg>JE</arg>
<arg>JM</arg>
<arg>JO</arg>
<arg>JP</arg>
<arg>KE</arg>
<arg>KG</arg>
<arg>KH</arg>
<arg>KI</arg>
<arg>KM</arg>
<arg>KN</arg>
<arg>KP</arg>
<arg>KR</arg>
<arg>KW</arg>
<arg>KY</arg>
<arg>KZ</arg>
<arg>LA</arg>
<arg>LB</arg>
<arg>LC</arg>
<arg>LI</arg>
<arg>LK</arg>
<arg>LR</arg>
<arg>LS</arg>
<arg>LT</arg>
<arg>LU</arg>
<arg>LV</arg>
<arg>LY</arg>
<arg>MA</arg>
<arg>MC</arg>
<arg>MD</arg>
<arg>ME</arg>
<arg>MF</arg>
<arg>MG</arg>
<arg>MH</arg>
<arg>MK</arg>
<arg>ML</arg>
<arg>MM</arg>
<arg>MN</arg>
<arg>MO</arg>
<arg>MP</arg>
<arg>MQ</arg>
<arg>MR</arg>
<arg>MS</arg>
<arg>MT</arg>
<arg>MU</arg>
<arg>MV</arg>
<arg>MW</arg>
<arg>MX</arg>
<arg>MY</arg>
<arg>MZ</arg>
<arg>NA</arg>
<arg>NC</arg>
<arg>NE</arg>
<arg>NF</arg>
<arg>NG</arg>
<arg>NI</arg>
<arg>NL</arg>
<arg>NO</arg>
<arg>NP</arg>
<arg>NR</arg>
<arg>NU</arg>
<arg>NZ</arg>
<arg>OM</arg>
<arg>PA</arg>
<arg>PE</arg>
<arg>PF</arg>
<arg>PG</arg>
<arg>PH</arg>
<arg>PK</arg>
<arg>PL</arg>
<arg>PM</arg>
<arg>PN</arg>
<arg>PR</arg>
<arg>PS</arg>
<arg>PT</arg>
<arg>PW</arg>
<arg>PY</arg>
<arg>QA</arg>
<arg>RE</arg>
<arg>RO</arg>
<arg>RS</arg>
<arg>RU</arg>
<arg>RW</arg>
<arg>SA</arg>
<arg>SB</arg>
<arg>SC</arg>
<arg>SD</arg>
<arg>SE</arg>
<arg>SG</arg>
<arg>SH</arg>
<arg>SI</arg>
<arg>SJ</arg>
<arg>SK</arg>
<arg>SL</arg>
<arg>SM</arg>
<arg>SN</arg>
<arg>SO</arg>
<arg>SR</arg>
<arg>SS</arg>
<arg>ST</arg>
<arg>SV</arg>
<arg>SX</arg>
<arg>SY</arg>
<arg>SZ</arg>
<arg>TC</arg>
<arg>TD</arg>
<arg>TF</arg>
<arg>TG</arg>
<arg>TH</arg>
<arg>TJ</arg>
<arg>TK</arg>
<arg>TL</arg>
<arg>TM</arg>
<arg>TN</arg>
<arg>TO</arg>
<arg>TR</arg>
<arg>TT</arg>
<arg>TV</arg>
<arg>TW</arg>
<arg>TZ</arg>
<arg>UA</arg>
<arg>UG</arg>
<arg>UM</arg>
<arg>US</arg>
<arg>UY</arg>
<arg>UZ</arg>
<arg>VA</arg>
<arg>VC</arg>
<arg>VE</arg>
<arg>VG</arg>
<arg>VI</arg>
<arg>VN</arg>
<arg>VU</arg>
<arg>WF</arg>
<arg>WS</arg>
<arg>XK</arg>
<arg>YE</arg>
<arg>YT</arg>
<arg>ZA</arg>
<arg>ZM</arg>
<arg>ZW</arg>
<doc>Returns a list containing given items.</doc>
<status status="PASS" start="2024-07-03T15:16:17.722988" elapsed="0.000620"/>
</kw>
<kw name="List Should Contain Value" owner="Collections">
<arg>${list_country}</arg>
<arg>${name_country}</arg>
<doc>Fails if the ``value`` is not found from ``list``.</doc>
<status status="PASS" start="2024-07-03T15:16:17.724399" elapsed="0.000199"/>
</kw>
<kw name="Run Keyword If" owner="BuiltIn">
<kw name="Should Be True" owner="BuiltIn">
<arg>${True}</arg>
<doc>Fails if the given condition is not true.</doc>
<status status="PASS" start="2024-07-03T15:16:17.725544" elapsed="0.000138"/>
</kw>
<arg>${json_data["results"][0]["location"]["coordinates"]["latitude"]} &gt;= -90 and ${json_data["results"][0]["location"]["coordinates"]["latitude"]} &lt;= 90</arg>
<arg>Should Be True</arg>
<arg>${True}</arg>
<doc>Runs the given keyword with the given arguments, if ``condition`` is true.</doc>
<status status="PASS" start="2024-07-03T15:16:17.724810" elapsed="0.000993"/>
</kw>
<kw name="Run Keyword If" owner="BuiltIn">
<kw name="Should Be True" owner="BuiltIn">
<arg>${True}</arg>
<doc>Fails if the given condition is not true.</doc>
<status status="PASS" start="2024-07-03T15:16:17.726658" elapsed="0.000136"/>
</kw>
<arg>${json_data["results"][0]["location"]["coordinates"]["longitude"]} &gt;= -180 and ${json_data["results"][0]["location"]["coordinates"]["longitude"]} &lt;= 180</arg>
<arg>Should Be True</arg>
<arg>${True}</arg>
<doc>Runs the given keyword with the given arguments, if ``condition`` is true.</doc>
<status status="PASS" start="2024-07-03T15:16:17.725979" elapsed="0.000935"/>
</kw>
<status status="PASS" start="2024-07-03T15:16:17.652029" elapsed="0.075011"/>
</kw>
<doc>Testa o conteúdo específico dos campos retornados pela API.</doc>
<tag>testeConteudo</tag>
<status status="PASS" start="2024-07-03T15:16:17.651497" elapsed="0.075687"/>
</test>
<status status="PASS" start="2024-07-03T15:16:14.181019" elapsed="3.548052"/>
</suite>
<status status="PASS" start="2024-07-03T15:16:14.166549" elapsed="3.567581"/>
</suite>
<statistics>
<total>
<stat pass="5" fail="0" skip="0">All Tests</stat>
</total>
<tag>
<stat pass="1" fail="0" skip="0">testeConteudo</stat>
<stat pass="1" fail="0" skip="0">testeEstruturaResposta</stat>
<stat pass="1" fail="0" skip="0">testeRequisicaoBasica</stat>
<stat pass="1" fail="0" skip="0">testeTiposDados</stat>
</tag>
<suite>
<stat pass="5" fail="0" skip="0" id="s1" name="Tests">Tests</stat>
<stat pass="5" fail="0" skip="0" id="s1-s1" name="Random-User-Test">Tests.Random-User-Test</stat>
</suite>
</statistics>
<errors>
</errors>
</robot>
