<?xml version="1.0" encoding="UTF-8"?>
<robot generator="Robot 7.0.1 (Python 3.12.4 on linux)" generated="2024-07-13T20:15:16.369921" rpa="false" schemaversion="5">
<suite id="s1" name="Tests" source="/home/runner/work/ApiRandomUser/ApiRandomUser/RamdonUser/tests">
<suite id="s1-s1" name="Random-User-Test" source="/home/runner/work/ApiRandomUser/ApiRandomUser/RamdonUser/tests/random-user-test.robot">
<test id="s1-s1-t1" name="Conectar" line="13">
<kw name="Conectar API" owner="random-user-service">
<kw name="Create Session" owner="RequestsLibrary">
<msg time="2024-07-13T20:15:16.751140" level="INFO">Creating Session using : alias=consultarAPI, url=https://randomuser.me/, headers={},                     cookies={}, auth=None, timeout=None, proxies=None, verify=False,                     debug=0 </msg>
<arg>consultarAPI</arg>
<arg>${URL}</arg>
<doc>Create Session: create a HTTP session to a server</doc>
<status status="PASS" start="2024-07-13T20:15:16.750939" elapsed="0.000371"/>
</kw>
<status status="PASS" start="2024-07-13T20:15:16.750028" elapsed="0.001621"/>
</kw>
<status status="PASS" start="2024-07-13T20:15:16.749430" elapsed="0.002404"/>
</test>
<test id="s1-s1-t2" name="Validar retorno 200 e JSON Válido" line="16">
<kw name="Teste de Requisicao Basica" owner="random-user-service">
<kw name="GET On Session" owner="RequestsLibrary">
<msg time="2024-07-13T20:15:17.006903" level="INFO">GET Request : url=https://randomuser.me/api 
 path_url=/api 
 headers={'User-Agent': 'python-requests/2.32.3', 'Accept-Encoding': 'gzip, deflate', 'Accept': '*/*', 'Connection': 'keep-alive'} 
 body=None 
 </msg>
<msg time="2024-07-13T20:15:17.007026" level="INFO">GET Response : url=https://randomuser.me/api 
 status=200, reason=OK 
 headers={'Date': 'Sat, 13 Jul 2024 20:15:17 GMT', 'Content-Type': 'application/json; charset=utf-8', 'Transfer-Encoding': 'chunked', 'Connection': 'keep-alive', 'X-Powered-By': 'Express', 'Access-Control-Allow-Origin': '*', 'Cache-Control': 'no-cache', 'ETag': 'W/"470-dnFRDwsNERRyffPo4YYvHEzGJGE"', 'Vary': 'Accept-Encoding', 'Content-Encoding': 'gzip', 'CF-Cache-Status': 'DYNAMIC', 'Report-To': '{"endpoints":[{"url":"https:\\/\\/a.nel.cloudflare.com\\/report\\/v4?s=bbaQtOSzN2p976s%2BUT75O0nzAwhMv7bs5TTnHolPBL5kFOcWvBDtySL48ZRb%2FiZ4UYBZP797aT2zrxtEve%2Bsm09WoepzlpXvBwY9Y6uN%2FI0PX3vPQoku%2F1l7%2FDVLEp1x"}],"group":"cf-nel","max_age":604800}', 'NEL': '{"success_fraction":0,"report_to":"cf-nel","max_age":604800}', 'Server': 'cloudflare', 'CF-RAY': '8a2bf1b2ef90e25f-ORD', 'alt-svc': 'h3=":443"; ma=86400'} 
 body={"results":[{"gender":"male","name":{"title":"Mr","first":"Brajko","last":"Španović"},"location":{"street":{"number":7962,"name":"Jeličićeva"},"city":"Ivanjica","state":"Zaječar","country":"Serbia","postcode":42305,"coordinates":{"latitude":"60.4318","longitude":"-39.2798"},"timezone":{"offset":"+4:30","description":"Kabul"}},"email":"brajko.spanovic@example.com","login":{"uuid":"1bac54f5-1e40-4ba8-9f62-632cf539c2df","username":"happydog474","password":"warcraft","salt":"e6qbTNHu","md5":"bef78b84b5381e8dad80090473db67d9","sha1":"a74aa6d4fd158bac9b39be821c21670399854440","sha256":"21f9f54baa70fe967117514ab83055f2a944ed043be0418e2e74cbb178ccf113"},"dob":{"date":"1955-05-10T18:32:42.441Z","age":69},"registered":{"date":"2005-03-22T12:00:10.010Z","age":19},"phone":"033-2571-899","cell":"069-7303-063","id":{"name":"SID","value":"450546030"},"picture":{"large":"https://randomuser.me/api/portraits/men/75.jpg","medium":"https://randomuser.me/api/portraits/med/men/75.jpg","thumbnail":"https://randomuser.me/api/portraits/thumb/men/75.jpg"},"nat":"RS"}],"info":{"seed":"67141a7b5729ecd8","results":1,"page":1,"version":"1.4"}} 
 </msg>
<msg time="2024-07-13T20:15:17.007122" level="INFO">/opt/hostedtoolcache/Python/3.12.4/x64/lib/python3.12/site-packages/urllib3/connectionpool.py:1099: InsecureRequestWarning: Unverified HTTPS request is being made to host 'randomuser.me'. Adding certificate verification is strongly advised. See: https://urllib3.readthedocs.io/en/latest/advanced-usage.html#tls-warnings
  warnings.warn(</msg>
<msg time="2024-07-13T20:15:17.007253" level="INFO">${response} = &lt;Response [200]&gt;</msg>
<var>${response}</var>
<arg>consultarAPI</arg>
<arg>/api</arg>
<doc>Sends a GET request on a previously created HTTP Session.</doc>
<status status="PASS" start="2024-07-13T20:15:16.754503" elapsed="0.252803"/>
</kw>
<kw name="Should Be Equal As Numbers" owner="BuiltIn">
<msg time="2024-07-13T20:15:17.008314" level="INFO">Argument types are:
&lt;class 'int'&gt;
&lt;class 'str'&gt;</msg>
<arg>${response.status_code}</arg>
<arg>200</arg>
<doc>Fails if objects are unequal after converting them to real numbers.</doc>
<status status="PASS" start="2024-07-13T20:15:17.007808" elapsed="0.000569"/>
</kw>
<kw name="Log" owner="BuiltIn">
<msg time="2024-07-13T20:15:17.009049" level="INFO">200</msg>
<arg>${response.status_code}</arg>
<doc>Logs the given message with the given level.</doc>
<status status="PASS" start="2024-07-13T20:15:17.008694" elapsed="0.000398"/>
</kw>
<kw name="Set Variable" owner="BuiltIn">
<msg time="2024-07-13T20:15:17.009870" level="INFO">${json_data} = {'results': [{'gender': 'male', 'name': {'title': 'Mr', 'first': 'Brajko', 'last': 'Španović'}, 'location': {'street': {'number': 7962, 'name': 'Jeličićeva'}, 'city': 'Ivanjica', 'state': 'Zaječar', '...</msg>
<var>${json_data}</var>
<arg>${response.json()}</arg>
<doc>Returns the given values which can then be assigned to a variables.</doc>
<status status="PASS" start="2024-07-13T20:15:17.009425" elapsed="0.000474"/>
</kw>
<kw name="Dictionary Should Contain Key" owner="Collections">
<arg>${json_data}</arg>
<arg>results</arg>
<doc>Fails if ``key`` is not found from ``dictionary``.</doc>
<status status="PASS" start="2024-07-13T20:15:17.010217" elapsed="0.000162"/>
</kw>
<status status="PASS" start="2024-07-13T20:15:16.754259" elapsed="0.256266"/>
</kw>
<doc>Testa se a API responde corretamente e retorna um objeto JSON válido.</doc>
<tag>testeRequisicaoBasica</tag>
<status status="PASS" start="2024-07-13T20:15:16.753737" elapsed="0.256950"/>
</test>
<test id="s1-s1-t3" name="Validar estrutura de resposta" line="22">
<kw name="Teste de Estrutura de Resposta" owner="random-user-service">
<kw name="GET On Session" owner="RequestsLibrary">
<msg time="2024-07-13T20:15:17.092610" level="INFO">GET Request : url=https://randomuser.me/api 
 path_url=/api 
 headers={'User-Agent': 'python-requests/2.32.3', 'Accept-Encoding': 'gzip, deflate', 'Accept': '*/*', 'Connection': 'keep-alive'} 
 body=None 
 </msg>
<msg time="2024-07-13T20:15:17.092679" level="INFO">GET Response : url=https://randomuser.me/api 
 status=200, reason=OK 
 headers={'Date': 'Sat, 13 Jul 2024 20:15:17 GMT', 'Content-Type': 'application/json; charset=utf-8', 'Transfer-Encoding': 'chunked', 'Connection': 'keep-alive', 'X-Powered-By': 'Express', 'Access-Control-Allow-Origin': '*', 'Cache-Control': 'no-cache', 'ETag': 'W/"47f-4fJI7v/vf9Z7JzrJKShiMxDEzH0"', 'Vary': 'Accept-Encoding', 'Content-Encoding': 'gzip', 'CF-Cache-Status': 'DYNAMIC', 'Report-To': '{"endpoints":[{"url":"https:\\/\\/a.nel.cloudflare.com\\/report\\/v4?s=iVNHRpLKEPu%2FnkXldo8biVoIB%2BWr8DDH7rsdWW25BkfVo0c2mcAEW5%2BFkQ%2B4DxZTUFxiNMwena0YjX%2B%2FNUMtZZWQqyVNSyTYW9K7%2F%2Fcxg61EJd4n9WoJSpzW%2BCOo%2BWv1"}],"group":"cf-nel","max_age":604800}', 'NEL': '{"success_fraction":0,"report_to":"cf-nel","max_age":604800}', 'Server': 'cloudflare', 'CF-RAY': '8a2bf1b35fffe25f-ORD', 'alt-svc': 'h3=":443"; ma=86400'} 
 body={"results":[{"gender":"male","name":{"title":"Mr","first":"سپهر","last":"کوتی"},"location":{"street":{"number":8592,"name":"پارک 17 شهریور"},"city":"قزوین","state":"کردستان","country":"Iran","postcode":50025,"coordinates":{"latitude":"16.9716","longitude":"-142.6541"},"timezone":{"offset":"-12:00","description":"Eniwetok, Kwajalein"}},"email":"sphr.khwty@example.com","login":{"uuid":"7e0debc7-df75-428f-8bbb-1bb33683f261","username":"sadpanda187","password":"qian","salt":"19BvkH7H","md5":"62ae6177a5b2e641688ca0c168a142d5","sha1":"f357893c20131c9b593473bd799f02cc706018ef","sha256":"692d4f232d9a3778a25393f14b2e6fd1db76fb5af678a5dcb6593e24fe804faf"},"dob":{"date":"1985-04-17T18:08:09.974Z","age":39},"registered":{"date":"2016-09-17T15:22:29.627Z","age":7},"phone":"024-52913065","cell":"0942-371-3872","id":{"name":"","value":null},"picture":{"large":"https://randomuser.me/api/portraits/men/24.jpg","medium":"https://randomuser.me/api/portraits/med/men/24.jpg","thumbnail":"https://randomuser.me/api/portraits/thumb/men/24.jpg"},"nat":"IR"}],"info":{"seed":"fc7621746980095d","results":1,"page":1,"version":"1.4"}} 
 </msg>
<msg time="2024-07-13T20:15:17.092775" level="INFO">/opt/hostedtoolcache/Python/3.12.4/x64/lib/python3.12/site-packages/urllib3/connectionpool.py:1099: InsecureRequestWarning: Unverified HTTPS request is being made to host 'randomuser.me'. Adding certificate verification is strongly advised. See: https://urllib3.readthedocs.io/en/latest/advanced-usage.html#tls-warnings
  warnings.warn(</msg>
<msg time="2024-07-13T20:15:17.092868" level="INFO">${response} = &lt;Response [200]&gt;</msg>
<var>${response}</var>
<arg>consultarAPI</arg>
<arg>/api</arg>
<doc>Sends a GET request on a previously created HTTP Session.</doc>
<status status="PASS" start="2024-07-13T20:15:17.013277" elapsed="0.079620"/>
</kw>
<kw name="Set Variable" owner="BuiltIn">
<msg time="2024-07-13T20:15:17.093768" level="INFO">${json_data} = {'results': [{'gender': 'male', 'name': {'title': 'Mr', 'first': 'سپهر', 'last': 'کوتی'}, 'location': {'street': {'number': 8592, 'name': 'پارک 17 شهریور'}, 'city': 'قزوین', 'state': 'کردستان', 'count...</msg>
<var>${json_data}</var>
<arg>${response.json()}</arg>
<doc>Returns the given values which can then be assigned to a variables.</doc>
<status status="PASS" start="2024-07-13T20:15:17.093280" elapsed="0.000519"/>
</kw>
<kw name="Log" owner="BuiltIn">
<msg time="2024-07-13T20:15:17.094278" level="INFO">{'results': [{'gender': 'male', 'name': {'title': 'Mr', 'first': 'سپهر', 'last': 'کوتی'}, 'location': {'street': {'number': 8592, 'name': 'پارک 17 شهریور'}, 'city': 'قزوین', 'state': 'کردستان', 'country': 'Iran', 'postcode': 50025, 'coordinates': {'latitude': '16.9716', 'longitude': '-142.6541'}, 'timezone': {'offset': '-12:00', 'description': 'Eniwetok, Kwajalein'}}, 'email': 'sphr.khwty@example.com', 'login': {'uuid': '7e0debc7-df75-428f-8bbb-1bb33683f261', 'username': 'sadpanda187', 'password': 'qian', 'salt': '19BvkH7H', 'md5': '62ae6177a5b2e641688ca0c168a142d5', 'sha1': 'f357893c20131c9b593473bd799f02cc706018ef', 'sha256': '692d4f232d9a3778a25393f14b2e6fd1db76fb5af678a5dcb6593e24fe804faf'}, 'dob': {'date': '1985-04-17T18:08:09.974Z', 'age': 39}, 'registered': {'date': '2016-09-17T15:22:29.627Z', 'age': 7}, 'phone': '024-52913065', 'cell': '0942-371-3872', 'id': {'name': '', 'value': None}, 'picture': {'large': 'https://randomuser.me/api/portraits/men/24.jpg', 'medium': 'https://randomuser.me/api/portraits/med/men/24.jpg', 'thumbnail': 'https://randomuser.me/api/portraits/thumb/men/24.jpg'}, 'nat': 'IR'}], 'info': {'seed': 'fc7621746980095d', 'results': 1, 'page': 1, 'version': '1.4'}}</msg>
<arg>${json_data}</arg>
<doc>Logs the given message with the given level.</doc>
<status status="PASS" start="2024-07-13T20:15:17.094114" elapsed="0.000214"/>
</kw>
<kw name="Dictionary Should Contain Key" owner="Collections">
<arg>${json_data}</arg>
<arg>results</arg>
<doc>Fails if ``key`` is not found from ``dictionary``.</doc>
<status status="PASS" start="2024-07-13T20:15:17.094620" elapsed="0.000152"/>
</kw>
<kw name="Should Not Be Empty" owner="BuiltIn">
<msg time="2024-07-13T20:15:17.095093" level="INFO">Length is 2.</msg>
<arg>${json_data}</arg>
<doc>Verifies that the given item is not empty.</doc>
<status status="PASS" start="2024-07-13T20:15:17.094957" elapsed="0.000174"/>
</kw>
<kw name="Create List" owner="BuiltIn">
<msg time="2024-07-13T20:15:17.095680" level="INFO">${expected_keys} = ['gender', 'name', 'location', 'email', 'login']</msg>
<var>${expected_keys}</var>
<arg>gender</arg>
<arg>name</arg>
<arg>location</arg>
<arg>email</arg>
<arg>login</arg>
<doc>Returns a list containing given items.</doc>
<status status="PASS" start="2024-07-13T20:15:17.095417" elapsed="0.000287"/>
</kw>
<for flavor="IN">
<iter>
<kw name="Dictionary Should Contain Key" owner="Collections">
<arg>${json_data['results'][0]}</arg>
<arg>${key}</arg>
<doc>Fails if ``key`` is not found from ``dictionary``.</doc>
<status status="PASS" start="2024-07-13T20:15:17.096260" elapsed="0.000392"/>
</kw>
<kw name="Log" owner="BuiltIn">
<msg time="2024-07-13T20:15:17.097204" level="INFO">{'gender': 'male', 'name': {'title': 'Mr', 'first': 'سپهر', 'last': 'کوتی'}, 'location': {'street': {'number': 8592, 'name': 'پارک 17 شهریور'}, 'city': 'قزوین', 'state': 'کردستان', 'country': 'Iran', 'postcode': 50025, 'coordinates': {'latitude': '16.9716', 'longitude': '-142.6541'}, 'timezone': {'offset': '-12:00', 'description': 'Eniwetok, Kwajalein'}}, 'email': 'sphr.khwty@example.com', 'login': {'uuid': '7e0debc7-df75-428f-8bbb-1bb33683f261', 'username': 'sadpanda187', 'password': 'qian', 'salt': '19BvkH7H', 'md5': '62ae6177a5b2e641688ca0c168a142d5', 'sha1': 'f357893c20131c9b593473bd799f02cc706018ef', 'sha256': '692d4f232d9a3778a25393f14b2e6fd1db76fb5af678a5dcb6593e24fe804faf'}, 'dob': {'date': '1985-04-17T18:08:09.974Z', 'age': 39}, 'registered': {'date': '2016-09-17T15:22:29.627Z', 'age': 7}, 'phone': '024-52913065', 'cell': '0942-371-3872', 'id': {'name': '', 'value': None}, 'picture': {'large': 'https://randomuser.me/api/portraits/men/24.jpg', 'medium': 'https://randomuser.me/api/portraits/med/men/24.jpg', 'thumbnail': 'https://randomuser.me/api/portraits/thumb/men/24.jpg'}, 'nat': 'IR'}</msg>
<arg>${json_data['results'][0]}</arg>
<doc>Logs the given message with the given level.</doc>
<status status="PASS" start="2024-07-13T20:15:17.096845" elapsed="0.000411"/>
</kw>
<kw name="Log" owner="BuiltIn">
<msg time="2024-07-13T20:15:17.097728" level="INFO">gender</msg>
<arg>${key}</arg>
<doc>Logs the given message with the given level.</doc>
<status status="PASS" start="2024-07-13T20:15:17.097599" elapsed="0.000167"/>
</kw>
<var name="${key}">gender</var>
<status status="PASS" start="2024-07-13T20:15:17.096138" elapsed="0.001841"/>
</iter>
<iter>
<kw name="Dictionary Should Contain Key" owner="Collections">
<arg>${json_data['results'][0]}</arg>
<arg>${key}</arg>
<doc>Fails if ``key`` is not found from ``dictionary``.</doc>
<status status="PASS" start="2024-07-13T20:15:17.098271" elapsed="0.000383"/>
</kw>
<kw name="Log" owner="BuiltIn">
<msg time="2024-07-13T20:15:17.099183" level="INFO">{'gender': 'male', 'name': {'title': 'Mr', 'first': 'سپهر', 'last': 'کوتی'}, 'location': {'street': {'number': 8592, 'name': 'پارک 17 شهریور'}, 'city': 'قزوین', 'state': 'کردستان', 'country': 'Iran', 'postcode': 50025, 'coordinates': {'latitude': '16.9716', 'longitude': '-142.6541'}, 'timezone': {'offset': '-12:00', 'description': 'Eniwetok, Kwajalein'}}, 'email': 'sphr.khwty@example.com', 'login': {'uuid': '7e0debc7-df75-428f-8bbb-1bb33683f261', 'username': 'sadpanda187', 'password': 'qian', 'salt': '19BvkH7H', 'md5': '62ae6177a5b2e641688ca0c168a142d5', 'sha1': 'f357893c20131c9b593473bd799f02cc706018ef', 'sha256': '692d4f232d9a3778a25393f14b2e6fd1db76fb5af678a5dcb6593e24fe804faf'}, 'dob': {'date': '1985-04-17T18:08:09.974Z', 'age': 39}, 'registered': {'date': '2016-09-17T15:22:29.627Z', 'age': 7}, 'phone': '024-52913065', 'cell': '0942-371-3872', 'id': {'name': '', 'value': None}, 'picture': {'large': 'https://randomuser.me/api/portraits/men/24.jpg', 'medium': 'https://randomuser.me/api/portraits/med/men/24.jpg', 'thumbnail': 'https://randomuser.me/api/portraits/thumb/men/24.jpg'}, 'nat': 'IR'}</msg>
<arg>${json_data['results'][0]}</arg>
<doc>Logs the given message with the given level.</doc>
<status status="PASS" start="2024-07-13T20:15:17.098835" elapsed="0.000434"/>
</kw>
<kw name="Log" owner="BuiltIn">
<msg time="2024-07-13T20:15:17.099694" level="INFO">name</msg>
<arg>${key}</arg>
<doc>Logs the given message with the given level.</doc>
<status status="PASS" start="2024-07-13T20:15:17.099568" elapsed="0.000163"/>
</kw>
<var name="${key}">name</var>
<status status="PASS" start="2024-07-13T20:15:17.098159" elapsed="0.001787"/>
</iter>
<iter>
<kw name="Dictionary Should Contain Key" owner="Collections">
<arg>${json_data['results'][0]}</arg>
<arg>${key}</arg>
<doc>Fails if ``key`` is not found from ``dictionary``.</doc>
<status status="PASS" start="2024-07-13T20:15:17.100227" elapsed="0.000377"/>
</kw>
<kw name="Log" owner="BuiltIn">
<msg time="2024-07-13T20:15:17.101132" level="INFO">{'gender': 'male', 'name': {'title': 'Mr', 'first': 'سپهر', 'last': 'کوتی'}, 'location': {'street': {'number': 8592, 'name': 'پارک 17 شهریور'}, 'city': 'قزوین', 'state': 'کردستان', 'country': 'Iran', 'postcode': 50025, 'coordinates': {'latitude': '16.9716', 'longitude': '-142.6541'}, 'timezone': {'offset': '-12:00', 'description': 'Eniwetok, Kwajalein'}}, 'email': 'sphr.khwty@example.com', 'login': {'uuid': '7e0debc7-df75-428f-8bbb-1bb33683f261', 'username': 'sadpanda187', 'password': 'qian', 'salt': '19BvkH7H', 'md5': '62ae6177a5b2e641688ca0c168a142d5', 'sha1': 'f357893c20131c9b593473bd799f02cc706018ef', 'sha256': '692d4f232d9a3778a25393f14b2e6fd1db76fb5af678a5dcb6593e24fe804faf'}, 'dob': {'date': '1985-04-17T18:08:09.974Z', 'age': 39}, 'registered': {'date': '2016-09-17T15:22:29.627Z', 'age': 7}, 'phone': '024-52913065', 'cell': '0942-371-3872', 'id': {'name': '', 'value': None}, 'picture': {'large': 'https://randomuser.me/api/portraits/men/24.jpg', 'medium': 'https://randomuser.me/api/portraits/med/men/24.jpg', 'thumbnail': 'https://randomuser.me/api/portraits/thumb/men/24.jpg'}, 'nat': 'IR'}</msg>
<arg>${json_data['results'][0]}</arg>
<doc>Logs the given message with the given level.</doc>
<status status="PASS" start="2024-07-13T20:15:17.100782" elapsed="0.000401"/>
</kw>
<kw name="Log" owner="BuiltIn">
<msg time="2024-07-13T20:15:17.101667" level="INFO">location</msg>
<arg>${key}</arg>
<doc>Logs the given message with the given level.</doc>
<status status="PASS" start="2024-07-13T20:15:17.101536" elapsed="0.000168"/>
</kw>
<var name="${key}">location</var>
<status status="PASS" start="2024-07-13T20:15:17.100120" elapsed="0.001801"/>
</iter>
<iter>
<kw name="Dictionary Should Contain Key" owner="Collections">
<arg>${json_data['results'][0]}</arg>
<arg>${key}</arg>
<doc>Fails if ``key`` is not found from ``dictionary``.</doc>
<status status="PASS" start="2024-07-13T20:15:17.102199" elapsed="0.000391"/>
</kw>
<kw name="Log" owner="BuiltIn">
<msg time="2024-07-13T20:15:17.103128" level="INFO">{'gender': 'male', 'name': {'title': 'Mr', 'first': 'سپهر', 'last': 'کوتی'}, 'location': {'street': {'number': 8592, 'name': 'پارک 17 شهریور'}, 'city': 'قزوین', 'state': 'کردستان', 'country': 'Iran', 'postcode': 50025, 'coordinates': {'latitude': '16.9716', 'longitude': '-142.6541'}, 'timezone': {'offset': '-12:00', 'description': 'Eniwetok, Kwajalein'}}, 'email': 'sphr.khwty@example.com', 'login': {'uuid': '7e0debc7-df75-428f-8bbb-1bb33683f261', 'username': 'sadpanda187', 'password': 'qian', 'salt': '19BvkH7H', 'md5': '62ae6177a5b2e641688ca0c168a142d5', 'sha1': 'f357893c20131c9b593473bd799f02cc706018ef', 'sha256': '692d4f232d9a3778a25393f14b2e6fd1db76fb5af678a5dcb6593e24fe804faf'}, 'dob': {'date': '1985-04-17T18:08:09.974Z', 'age': 39}, 'registered': {'date': '2016-09-17T15:22:29.627Z', 'age': 7}, 'phone': '024-52913065', 'cell': '0942-371-3872', 'id': {'name': '', 'value': None}, 'picture': {'large': 'https://randomuser.me/api/portraits/men/24.jpg', 'medium': 'https://randomuser.me/api/portraits/med/men/24.jpg', 'thumbnail': 'https://randomuser.me/api/portraits/thumb/men/24.jpg'}, 'nat': 'IR'}</msg>
<arg>${json_data['results'][0]}</arg>
<doc>Logs the given message with the given level.</doc>
<status status="PASS" start="2024-07-13T20:15:17.102778" elapsed="0.000402"/>
</kw>
<kw name="Log" owner="BuiltIn">
<msg time="2024-07-13T20:15:17.103605" level="INFO">email</msg>
<arg>${key}</arg>
<doc>Logs the given message with the given level.</doc>
<status status="PASS" start="2024-07-13T20:15:17.103474" elapsed="0.000169"/>
</kw>
<var name="${key}">email</var>
<status status="PASS" start="2024-07-13T20:15:17.102091" elapsed="0.001763"/>
</iter>
<iter>
<kw name="Dictionary Should Contain Key" owner="Collections">
<arg>${json_data['results'][0]}</arg>
<arg>${key}</arg>
<doc>Fails if ``key`` is not found from ``dictionary``.</doc>
<status status="PASS" start="2024-07-13T20:15:17.104135" elapsed="0.000383"/>
</kw>
<kw name="Log" owner="BuiltIn">
<msg time="2024-07-13T20:15:17.105047" level="INFO">{'gender': 'male', 'name': {'title': 'Mr', 'first': 'سپهر', 'last': 'کوتی'}, 'location': {'street': {'number': 8592, 'name': 'پارک 17 شهریور'}, 'city': 'قزوین', 'state': 'کردستان', 'country': 'Iran', 'postcode': 50025, 'coordinates': {'latitude': '16.9716', 'longitude': '-142.6541'}, 'timezone': {'offset': '-12:00', 'description': 'Eniwetok, Kwajalein'}}, 'email': 'sphr.khwty@example.com', 'login': {'uuid': '7e0debc7-df75-428f-8bbb-1bb33683f261', 'username': 'sadpanda187', 'password': 'qian', 'salt': '19BvkH7H', 'md5': '62ae6177a5b2e641688ca0c168a142d5', 'sha1': 'f357893c20131c9b593473bd799f02cc706018ef', 'sha256': '692d4f232d9a3778a25393f14b2e6fd1db76fb5af678a5dcb6593e24fe804faf'}, 'dob': {'date': '1985-04-17T18:08:09.974Z', 'age': 39}, 'registered': {'date': '2016-09-17T15:22:29.627Z', 'age': 7}, 'phone': '024-52913065', 'cell': '0942-371-3872', 'id': {'name': '', 'value': None}, 'picture': {'large': 'https://randomuser.me/api/portraits/men/24.jpg', 'medium': 'https://randomuser.me/api/portraits/med/men/24.jpg', 'thumbnail': 'https://randomuser.me/api/portraits/thumb/men/24.jpg'}, 'nat': 'IR'}</msg>
<arg>${json_data['results'][0]}</arg>
<doc>Logs the given message with the given level.</doc>
<status status="PASS" start="2024-07-13T20:15:17.104697" elapsed="0.000400"/>
</kw>
<kw name="Log" owner="BuiltIn">
<msg time="2024-07-13T20:15:17.105563" level="INFO">login</msg>
<arg>${key}</arg>
<doc>Logs the given message with the given level.</doc>
<status status="PASS" start="2024-07-13T20:15:17.105419" elapsed="0.000181"/>
</kw>
<var name="${key}">login</var>
<status status="PASS" start="2024-07-13T20:15:17.104022" elapsed="0.001790"/>
</iter>
<var>${key}</var>
<value>@{expected_keys}</value>
<status status="PASS" start="2024-07-13T20:15:17.095956" elapsed="0.009975"/>
</for>
<kw name="Create List" owner="BuiltIn">
<msg time="2024-07-13T20:15:17.106256" level="INFO">${expected_keysTwo} = ['username', 'password']</msg>
<var>${expected_keysTwo}</var>
<arg>username</arg>
<arg>password</arg>
<doc>Returns a list containing given items.</doc>
<status status="PASS" start="2024-07-13T20:15:17.106118" elapsed="0.000190"/>
</kw>
<for flavor="IN">
<iter>
<kw name="Dictionary Should Contain Key" owner="Collections">
<arg>${json_data['results'][0]['login']}</arg>
<arg>${keyTwo}</arg>
<doc>Fails if ``key`` is not found from ``dictionary``.</doc>
<status status="PASS" start="2024-07-13T20:15:17.106803" elapsed="0.000390"/>
</kw>
<kw name="Dictionary Should Contain Key" owner="Collections">
<arg>${json_data['results'][0]['login']}</arg>
<arg>${keyTwo}</arg>
<doc>Fails if ``key`` is not found from ``dictionary``.</doc>
<status status="PASS" start="2024-07-13T20:15:17.107370" elapsed="0.000369"/>
</kw>
<kw name="Log" owner="BuiltIn">
<msg time="2024-07-13T20:15:17.108036" level="INFO">username</msg>
<arg>${keyTwo}</arg>
<doc>Logs the given message with the given level.</doc>
<status status="PASS" start="2024-07-13T20:15:17.107918" elapsed="0.000155"/>
</kw>
<var name="${keyTwo}">username</var>
<status status="PASS" start="2024-07-13T20:15:17.106697" elapsed="0.001590"/>
</iter>
<iter>
<kw name="Dictionary Should Contain Key" owner="Collections">
<arg>${json_data['results'][0]['login']}</arg>
<arg>${keyTwo}</arg>
<doc>Fails if ``key`` is not found from ``dictionary``.</doc>
<status status="PASS" start="2024-07-13T20:15:17.108560" elapsed="0.000382"/>
</kw>
<kw name="Dictionary Should Contain Key" owner="Collections">
<arg>${json_data['results'][0]['login']}</arg>
<arg>${keyTwo}</arg>
<doc>Fails if ``key`` is not found from ``dictionary``.</doc>
<status status="PASS" start="2024-07-13T20:15:17.109117" elapsed="0.000416"/>
</kw>
<kw name="Log" owner="BuiltIn">
<msg time="2024-07-13T20:15:17.109832" level="INFO">password</msg>
<arg>${keyTwo}</arg>
<doc>Logs the given message with the given level.</doc>
<status status="PASS" start="2024-07-13T20:15:17.109712" elapsed="0.000164"/>
</kw>
<var name="${keyTwo}">password</var>
<status status="PASS" start="2024-07-13T20:15:17.108454" elapsed="0.001730"/>
</iter>
<var>${keyTwo}</var>
<value>@{expected_keysTwo}</value>
<status status="PASS" start="2024-07-13T20:15:17.106549" elapsed="0.003755"/>
</for>
<status status="PASS" start="2024-07-13T20:15:17.013049" elapsed="0.097389"/>
</kw>
<doc>Testa a estrutura da resposta da API.</doc>
<tag>testeEstruturaResposta</tag>
<status status="PASS" start="2024-07-13T20:15:17.012479" elapsed="0.098101"/>
</test>
<test id="s1-s1-t4" name="Validar tipos de dados" line="28">
<kw name="Teste de Tipos de Dados" owner="random-user-service">
<kw name="GET On Session" owner="RequestsLibrary">
<msg time="2024-07-13T20:15:17.193169" level="INFO">GET Request : url=https://randomuser.me/api 
 path_url=/api 
 headers={'User-Agent': 'python-requests/2.32.3', 'Accept-Encoding': 'gzip, deflate', 'Accept': '*/*', 'Connection': 'keep-alive'} 
 body=None 
 </msg>
<msg time="2024-07-13T20:15:17.193233" level="INFO">GET Response : url=https://randomuser.me/api 
 status=200, reason=OK 
 headers={'Date': 'Sat, 13 Jul 2024 20:15:17 GMT', 'Content-Type': 'application/json; charset=utf-8', 'Transfer-Encoding': 'chunked', 'Connection': 'keep-alive', 'X-Powered-By': 'Express', 'Access-Control-Allow-Origin': '*', 'Cache-Control': 'no-cache', 'ETag': 'W/"48e-VqxaG5ivWdqQDOJ8p8bR9jX8coI"', 'Vary': 'Accept-Encoding', 'Content-Encoding': 'gzip', 'CF-Cache-Status': 'DYNAMIC', 'Report-To': '{"endpoints":[{"url":"https:\\/\\/a.nel.cloudflare.com\\/report\\/v4?s=iA%2BczuHBEOAeKeul%2FCcW3RdwXyD%2F9v%2BZ1wvqdBads9C5GYhCCuUqoj5bJeFRJALr5fe0Se%2FAQG9u7jGoyHlTVRgKFK9%2Fp0jNi8NqeWeN9AgPDUODTKQKRc%2FS4ZImFzvN"}],"group":"cf-nel","max_age":604800}', 'NEL': '{"success_fraction":0,"report_to":"cf-nel","max_age":604800}', 'Server': 'cloudflare', 'CF-RAY': '8a2bf1b3f8c9e25f-ORD', 'alt-svc': 'h3=":443"; ma=86400'} 
 body={"results":[{"gender":"female","name":{"title":"Mrs","first":"Karen","last":"Cook"},"location":{"street":{"number":6626,"name":"Mill Lane"},"city":"Longford","state":"Cavan","country":"Ireland","postcode":27126,"coordinates":{"latitude":"-3.7871","longitude":"16.8042"},"timezone":{"offset":"0:00","description":"Western Europe Time, London, Lisbon, Casablanca"}},"email":"karen.cook@example.com","login":{"uuid":"8297a690-3bfa-4ca7-869e-e7d2d45cc608","username":"tinytiger544","password":"milano","salt":"S7QXMEdx","md5":"12f086299a6de809db252c48cebf04bc","sha1":"fb4f5968bcef0a7bdde46b9248c162daf7049713","sha256":"e48bec7173e606949bb3021c03f7e367921e06feab739639a3bfbab408789529"},"dob":{"date":"1993-03-13T21:05:56.642Z","age":31},"registered":{"date":"2005-08-22T05:33:00.378Z","age":18},"phone":"021-378-3051","cell":"081-664-5151","id":{"name":"PPS","value":"9349286T"},"picture":{"large":"https://randomuser.me/api/portraits/women/80.jpg","medium":"https://randomuser.me/api/portraits/med/women/80.jpg","thumbnail":"https://randomuser.me/api/portraits/thumb/women/80.jpg"},"nat":"IE"}],"info":{"seed":"b44f6e71fdf1a9d5","results":1,"page":1,"version":"1.4"}} 
 </msg>
<msg time="2024-07-13T20:15:17.193287" level="INFO">/opt/hostedtoolcache/Python/3.12.4/x64/lib/python3.12/site-packages/urllib3/connectionpool.py:1099: InsecureRequestWarning: Unverified HTTPS request is being made to host 'randomuser.me'. Adding certificate verification is strongly advised. See: https://urllib3.readthedocs.io/en/latest/advanced-usage.html#tls-warnings
  warnings.warn(</msg>
<msg time="2024-07-13T20:15:17.193407" level="INFO">${response} = &lt;Response [200]&gt;</msg>
<var>${response}</var>
<arg>consultarAPI</arg>
<arg>/api</arg>
<doc>Sends a GET request on a previously created HTTP Session.</doc>
<status status="PASS" start="2024-07-13T20:15:17.112968" elapsed="0.080481"/>
</kw>
<kw name="Set Variable" owner="BuiltIn">
<msg time="2024-07-13T20:15:17.194255" level="INFO">${json_data} = {'results': [{'gender': 'female', 'name': {'title': 'Mrs', 'first': 'Karen', 'last': 'Cook'}, 'location': {'street': {'number': 6626, 'name': 'Mill Lane'}, 'city': 'Longford', 'state': 'Cavan', 'count...</msg>
<var>${json_data}</var>
<arg>${response.json()}</arg>
<doc>Returns the given values which can then be assigned to a variables.</doc>
<status status="PASS" start="2024-07-13T20:15:17.193812" elapsed="0.000471"/>
</kw>
<kw name="Log" owner="BuiltIn">
<msg time="2024-07-13T20:15:17.194741" level="INFO">{'results': [{'gender': 'female', 'name': {'title': 'Mrs', 'first': 'Karen', 'last': 'Cook'}, 'location': {'street': {'number': 6626, 'name': 'Mill Lane'}, 'city': 'Longford', 'state': 'Cavan', 'country': 'Ireland', 'postcode': 27126, 'coordinates': {'latitude': '-3.7871', 'longitude': '16.8042'}, 'timezone': {'offset': '0:00', 'description': 'Western Europe Time, London, Lisbon, Casablanca'}}, 'email': 'karen.cook@example.com', 'login': {'uuid': '8297a690-3bfa-4ca7-869e-e7d2d45cc608', 'username': 'tinytiger544', 'password': 'milano', 'salt': 'S7QXMEdx', 'md5': '12f086299a6de809db252c48cebf04bc', 'sha1': 'fb4f5968bcef0a7bdde46b9248c162daf7049713', 'sha256': 'e48bec7173e606949bb3021c03f7e367921e06feab739639a3bfbab408789529'}, 'dob': {'date': '1993-03-13T21:05:56.642Z', 'age': 31}, 'registered': {'date': '2005-08-22T05:33:00.378Z', 'age': 18}, 'phone': '021-378-3051', 'cell': '081-664-5151', 'id': {'name': 'PPS', 'value': '9349286T'}, 'picture': {'large': 'https://randomuser.me/api/portraits/women/80.jpg', 'medium': 'https://randomuser.me/api/portraits/med/women/80.jpg', 'thumbnail': 'https://randomuser.me/api/portraits/thumb/women/80.jpg'}, 'nat': 'IE'}], 'info': {'seed': 'b44f6e71fdf1a9d5', 'results': 1, 'page': 1, 'version': '1.4'}}</msg>
<arg>${json_data}</arg>
<doc>Logs the given message with the given level.</doc>
<status status="PASS" start="2024-07-13T20:15:17.194590" elapsed="0.000198"/>
</kw>
<kw name="Should Be String" owner="String">
<arg>${json_data['results'][0]['gender']}</arg>
<doc>Fails if the given ``item`` is not a string.</doc>
<status status="PASS" start="2024-07-13T20:15:17.195080" elapsed="0.000408"/>
</kw>
<kw name="Should Match Regexp" owner="BuiltIn">
<arg>${json_data['results'][0]['email']}</arg>
<arg>^[a-zA-Z0-9._%+-]+@[a-zA-Z0-9.-]+\.[a-zA-Z]{2,}$</arg>
<doc>Fails if ``string`` does not match ``pattern`` as a regular expression.</doc>
<status status="PASS" start="2024-07-13T20:15:17.195687" elapsed="0.000510"/>
</kw>
<kw name="Should Match Regexp" owner="BuiltIn">
<arg>${json_data['results'][0]['dob']['date']}</arg>
<arg>\\d{4}-\\d{2}-\\d{2}T\\d{2}:\\d{2}:\\d{2}\\.\\d{3}Z</arg>
<doc>Fails if ``string`` does not match ``pattern`` as a regular expression.</doc>
<status status="PASS" start="2024-07-13T20:15:17.196430" elapsed="0.000487"/>
</kw>
<kw name="Should Match Regexp" owner="BuiltIn">
<arg>${json_data['results'][0]['registered']['date']}</arg>
<arg>\\d{4}-\\d{2}-\\d{2}T\\d{2}:\\d{2}:\\d{2}\\.\\d{3}Z</arg>
<doc>Fails if ``string`` does not match ``pattern`` as a regular expression.</doc>
<status status="PASS" start="2024-07-13T20:15:17.197108" elapsed="0.000400"/>
</kw>
<kw name="Should Match Regexp" owner="BuiltIn">
<arg>${json_data['results'][0]['picture']['large']}</arg>
<arg>^https?://.*\.(?:png|jpe?g|gif|bmp)$</arg>
<doc>Fails if ``string`` does not match ``pattern`` as a regular expression.</doc>
<status status="PASS" start="2024-07-13T20:15:17.197696" elapsed="0.000464"/>
</kw>
<kw name="Should Match Regexp" owner="BuiltIn">
<arg>${json_data['results'][0]['picture']['medium']}</arg>
<arg>^https?://.*\.(?:png|jpe?g|gif|bmp)$</arg>
<doc>Fails if ``string`` does not match ``pattern`` as a regular expression.</doc>
<status status="PASS" start="2024-07-13T20:15:17.198348" elapsed="0.000348"/>
</kw>
<kw name="Should Match Regexp" owner="BuiltIn">
<arg>${json_data['results'][0]['picture']['thumbnail']}</arg>
<arg>^https?://.*\.(?:png|jpe?g|gif|bmp)$</arg>
<doc>Fails if ``string`` does not match ``pattern`` as a regular expression.</doc>
<status status="PASS" start="2024-07-13T20:15:17.198878" elapsed="0.000346"/>
</kw>
<kw name="Log" owner="BuiltIn">
<msg time="2024-07-13T20:15:17.199753" level="INFO">{'large': 'https://randomuser.me/api/portraits/women/80.jpg', 'medium': 'https://randomuser.me/api/portraits/med/women/80.jpg', 'thumbnail': 'https://randomuser.me/api/portraits/thumb/women/80.jpg'}</msg>
<arg>${json_data['results'][0]['picture']}</arg>
<doc>Logs the given message with the given level.</doc>
<status status="PASS" start="2024-07-13T20:15:17.199410" elapsed="0.000387"/>
</kw>
<status status="PASS" start="2024-07-13T20:15:17.112756" elapsed="0.087299"/>
</kw>
<kw name="Teste de Tipos de Dados - Postcode" owner="random-user-service">
<kw name="GET On Session" owner="RequestsLibrary">
<msg time="2024-07-13T20:15:17.297288" level="INFO">GET Request : url=https://randomuser.me/api 
 path_url=/api 
 headers={'User-Agent': 'python-requests/2.32.3', 'Accept-Encoding': 'gzip, deflate', 'Accept': '*/*', 'Connection': 'keep-alive'} 
 body=None 
 </msg>
<msg time="2024-07-13T20:15:17.297435" level="INFO">GET Response : url=https://randomuser.me/api 
 status=200, reason=OK 
 headers={'Date': 'Sat, 13 Jul 2024 20:15:17 GMT', 'Content-Type': 'application/json; charset=utf-8', 'Transfer-Encoding': 'chunked', 'Connection': 'keep-alive', 'X-Powered-By': 'Express', 'Access-Control-Allow-Origin': '*', 'Cache-Control': 'no-cache', 'ETag': 'W/"4a4-owVi+uZvwlO5JjcLuy/lXL8yS/A"', 'Vary': 'Accept-Encoding', 'Content-Encoding': 'gzip', 'CF-Cache-Status': 'DYNAMIC', 'Report-To': '{"endpoints":[{"url":"https:\\/\\/a.nel.cloudflare.com\\/report\\/v4?s=rGOg2RZYmH75EK2QE1PrdZNo5TYt5lZoVPr0XH1y65ICUgOf5wLocY9ct1qtrrFUPedt8Vwr7oYsVJebHox4GB0DC3Fke6Lnx0unnpB5V0BphK0gBJXTW7bUYbJifXnx"}],"group":"cf-nel","max_age":604800}', 'NEL': '{"success_fraction":0,"report_to":"cf-nel","max_age":604800}', 'Server': 'cloudflare', 'CF-RAY': '8a2bf1b48947e25f-ORD', 'alt-svc': 'h3=":443"; ma=86400'} 
 body={"results":[{"gender":"female","name":{"title":"Miss","first":"Jadranka","last":"Ivančević"},"location":{"street":{"number":4288,"name":"Aleksandra Krstića"},"city":"Batočina","state":"Šumadija","country":"Serbia","postcode":23006,"coordinates":{"latitude":"61.2606","longitude":"33.1802"},"timezone":{"offset":"-3:00","description":"Brazil, Buenos Aires, Georgetown"}},"email":"jadranka.ivancevic@example.com","login":{"uuid":"5345601e-25ac-46ad-a7c1-e4160994723d","username":"beautifulswan345","password":"seymour","salt":"vQUzMYNE","md5":"2a2fe125e8132b3409e5514cc2b0a926","sha1":"9d8c5251a4e1f910751871ee4ae5dcc3858f1baa","sha256":"1d68c174a92bfee1125dbd171bb5e5ec2bbd58b8454771ab4864e7bd62ccb4bc"},"dob":{"date":"1948-10-20T23:48:09.603Z","age":75},"registered":{"date":"2010-12-06T19:16:06.522Z","age":13},"phone":"025-2411-865","cell":"069-8218-740","id":{"name":"SID","value":"969596622"},"picture":{"large":"https://randomuser.me/api/portraits/women/2.jpg","medium":"https://randomuser.me/api/portraits/med/women/2.jpg","thumbnail":"https://randomuser.me/api/portraits/thumb/women/2.jpg"},"nat":"RS"}],"info":{"seed":"d18d5f02d66aa483","results":1,"page":1,"version":"1.4"}} 
 </msg>
<msg time="2024-07-13T20:15:17.297523" level="INFO">/opt/hostedtoolcache/Python/3.12.4/x64/lib/python3.12/site-packages/urllib3/connectionpool.py:1099: InsecureRequestWarning: Unverified HTTPS request is being made to host 'randomuser.me'. Adding certificate verification is strongly advised. See: https://urllib3.readthedocs.io/en/latest/advanced-usage.html#tls-warnings
  warnings.warn(</msg>
<msg time="2024-07-13T20:15:17.297661" level="INFO">${response} = &lt;Response [200]&gt;</msg>
<var>${response}</var>
<arg>consultarAPI</arg>
<arg>/api</arg>
<doc>Sends a GET request on a previously created HTTP Session.</doc>
<status status="PASS" start="2024-07-13T20:15:17.200486" elapsed="0.097223"/>
</kw>
<kw name="Set Variable" owner="BuiltIn">
<msg time="2024-07-13T20:15:17.298915" level="INFO">${json_data} = {'results': [{'gender': 'female', 'name': {'title': 'Miss', 'first': 'Jadranka', 'last': 'Ivančević'}, 'location': {'street': {'number': 4288, 'name': 'Aleksandra Krstića'}, 'city': 'Batočina', 'state...</msg>
<var>${json_data}</var>
<arg>${response.json()}</arg>
<doc>Returns the given values which can then be assigned to a variables.</doc>
<status status="PASS" start="2024-07-13T20:15:17.298338" elapsed="0.000608"/>
</kw>
<kw name="Log" owner="BuiltIn">
<msg time="2024-07-13T20:15:17.299418" level="INFO">{'results': [{'gender': 'female', 'name': {'title': 'Miss', 'first': 'Jadranka', 'last': 'Ivančević'}, 'location': {'street': {'number': 4288, 'name': 'Aleksandra Krstića'}, 'city': 'Batočina', 'state': 'Šumadija', 'country': 'Serbia', 'postcode': 23006, 'coordinates': {'latitude': '61.2606', 'longitude': '33.1802'}, 'timezone': {'offset': '-3:00', 'description': 'Brazil, Buenos Aires, Georgetown'}}, 'email': 'jadranka.ivancevic@example.com', 'login': {'uuid': '5345601e-25ac-46ad-a7c1-e4160994723d', 'username': 'beautifulswan345', 'password': 'seymour', 'salt': 'vQUzMYNE', 'md5': '2a2fe125e8132b3409e5514cc2b0a926', 'sha1': '9d8c5251a4e1f910751871ee4ae5dcc3858f1baa', 'sha256': '1d68c174a92bfee1125dbd171bb5e5ec2bbd58b8454771ab4864e7bd62ccb4bc'}, 'dob': {'date': '1948-10-20T23:48:09.603Z', 'age': 75}, 'registered': {'date': '2010-12-06T19:16:06.522Z', 'age': 13}, 'phone': '025-2411-865', 'cell': '069-8218-740', 'id': {'name': 'SID', 'value': '969596622'}, 'picture': {'large': 'https://randomuser.me/api/portraits/women/2.jpg', 'medium': 'https://randomuser.me/api/portraits/med/women/2.jpg', 'thumbnail': 'https://randomuser.me/api/portraits/thumb/women/2.jpg'}, 'nat': 'RS'}], 'info': {'seed': 'd18d5f02d66aa483', 'results': 1, 'page': 1, 'version': '1.4'}}</msg>
<arg>${json_data}</arg>
<doc>Logs the given message with the given level.</doc>
<status status="PASS" start="2024-07-13T20:15:17.299256" elapsed="0.000210"/>
</kw>
<kw name="Should Be Equal As Numbers" owner="BuiltIn">
<arg>${json_data['results'][0]['location']['postcode']}</arg>
<arg>${json_data['results'][0]['location']['postcode']}</arg>
<doc>Fails if objects are unequal after converting them to real numbers.</doc>
<status status="PASS" start="2024-07-13T20:15:17.299759" elapsed="0.000626"/>
</kw>
<kw name="Log" owner="BuiltIn">
<msg time="2024-07-13T20:15:17.301070" level="INFO">23006</msg>
<arg>${json_data['results'][0]['location']['postcode']}</arg>
<doc>Logs the given message with the given level.</doc>
<status status="PASS" start="2024-07-13T20:15:17.300570" elapsed="0.000541"/>
</kw>
<status status="PASS" start="2024-07-13T20:15:17.200268" elapsed="0.101164"/>
</kw>
<doc>Testa se os tipos de dados na resposta da API estão corretos.</doc>
<tag>testeTiposDados</tag>
<status status="PASS" start="2024-07-13T20:15:17.112333" elapsed="0.189270"/>
</test>
<test id="s1-s1-t5" name="Validar conteudo" line="35">
<kw name="Teste de Tipos de Conteudo" owner="random-user-service">
<kw name="GET On Session" owner="RequestsLibrary">
<msg time="2024-07-13T20:15:17.399161" level="INFO">GET Request : url=https://randomuser.me/api 
 path_url=/api 
 headers={'User-Agent': 'python-requests/2.32.3', 'Accept-Encoding': 'gzip, deflate', 'Accept': '*/*', 'Connection': 'keep-alive'} 
 body=None 
 </msg>
<msg time="2024-07-13T20:15:17.399249" level="INFO">GET Response : url=https://randomuser.me/api 
 status=200, reason=OK 
 headers={'Date': 'Sat, 13 Jul 2024 20:15:17 GMT', 'Content-Type': 'application/json; charset=utf-8', 'Transfer-Encoding': 'chunked', 'Connection': 'keep-alive', 'X-Powered-By': 'Express', 'Access-Control-Allow-Origin': '*', 'Cache-Control': 'no-cache', 'ETag': 'W/"48f-exWoI9j+WVoytFs+fajEVoYZmFk"', 'Vary': 'Accept-Encoding', 'Content-Encoding': 'gzip', 'CF-Cache-Status': 'DYNAMIC', 'Report-To': '{"endpoints":[{"url":"https:\\/\\/a.nel.cloudflare.com\\/report\\/v4?s=NmzLz1jjDfSX821lhrwaZy4Y9%2BCF3TH1RryggqxHMLWxx68xNqdvXbjihSIAKrn%2FbEDf09FsdTQtATD1HtwNUoJPgDvZ4YzHyPwemYqvUN%2BFtPwmv3lIxuRnw5tGdHt8"}],"group":"cf-nel","max_age":604800}', 'NEL': '{"success_fraction":0,"report_to":"cf-nel","max_age":604800}', 'Server': 'cloudflare', 'CF-RAY': '8a2bf1b529e6e25f-ORD', 'alt-svc': 'h3=":443"; ma=86400'} 
 body={"results":[{"gender":"female","name":{"title":"Mrs","first":"Adrijana","last":"Radivojević"},"location":{"street":{"number":7106,"name":"Zorke Todosić "},"city":"Čoka","state":"Zaječar","country":"Serbia","postcode":27411,"coordinates":{"latitude":"62.6388","longitude":"76.5833"},"timezone":{"offset":"-11:00","description":"Midway Island, Samoa"}},"email":"adrijana.radivojevic@example.com","login":{"uuid":"0990bf3f-3530-47eb-b97b-06b05d348681","username":"sadbird486","password":"jenkins","salt":"wmaC5RmM","md5":"0f780d6c616e2af06d536f321a5352ec","sha1":"1c9fc57f83dd2649d665892a95259c4513599502","sha256":"5f7ac1522159430ca78307f94ecdee320a3685be076d78fa79f9dca189c9d14e"},"dob":{"date":"1985-03-03T00:43:55.197Z","age":39},"registered":{"date":"2003-04-12T02:02:45.129Z","age":21},"phone":"032-2545-016","cell":"068-6277-969","id":{"name":"SID","value":"547833402"},"picture":{"large":"https://randomuser.me/api/portraits/women/35.jpg","medium":"https://randomuser.me/api/portraits/med/women/35.jpg","thumbnail":"https://randomuser.me/api/portraits/thumb/women/35.jpg"},"nat":"RS"}],"info":{"seed":"2d4b29b136121ed8","results":1,"page":1,"version":"1.4"}} 
 </msg>
<msg time="2024-07-13T20:15:17.399319" level="INFO">/opt/hostedtoolcache/Python/3.12.4/x64/lib/python3.12/site-packages/urllib3/connectionpool.py:1099: InsecureRequestWarning: Unverified HTTPS request is being made to host 'randomuser.me'. Adding certificate verification is strongly advised. See: https://urllib3.readthedocs.io/en/latest/advanced-usage.html#tls-warnings
  warnings.warn(</msg>
<msg time="2024-07-13T20:15:17.399435" level="INFO">${response} = &lt;Response [200]&gt;</msg>
<var>${response}</var>
<arg>consultarAPI</arg>
<arg>/api</arg>
<doc>Sends a GET request on a previously created HTTP Session.</doc>
<status status="PASS" start="2024-07-13T20:15:17.304113" elapsed="0.095362"/>
</kw>
<kw name="Set Variable" owner="BuiltIn">
<msg time="2024-07-13T20:15:17.400617" level="INFO">${json_data} = {'results': [{'gender': 'female', 'name': {'title': 'Mrs', 'first': 'Adrijana', 'last': 'Radivojević'}, 'location': {'street': {'number': 7106, 'name': 'Zorke Todosić '}, 'city': 'Čoka', 'state': 'Zaj...</msg>
<var>${json_data}</var>
<arg>${response.json()}</arg>
<doc>Returns the given values which can then be assigned to a variables.</doc>
<status status="PASS" start="2024-07-13T20:15:17.400070" elapsed="0.000577"/>
</kw>
<kw name="Set Variable" owner="BuiltIn">
<msg time="2024-07-13T20:15:17.401337" level="INFO">${name_title} = Mrs</msg>
<var>${name_title}</var>
<arg>${json_data["results"][0]["name"]["title"]}</arg>
<doc>Returns the given values which can then be assigned to a variables.</doc>
<status status="PASS" start="2024-07-13T20:15:17.400955" elapsed="0.000453"/>
</kw>
<kw name="Create List" owner="BuiltIn">
<msg time="2024-07-13T20:15:17.401858" level="INFO">${allowed_titles} = ['Mr', 'Ms', 'Miss', 'Mrs', 'Madame', 'Monsieur']</msg>
<var>${allowed_titles}</var>
<arg>Mr</arg>
<arg>Ms</arg>
<arg>Miss</arg>
<arg>Mrs</arg>
<arg>Madame</arg>
<arg>Monsieur</arg>
<doc>Returns a list containing given items.</doc>
<status status="PASS" start="2024-07-13T20:15:17.401712" elapsed="0.000170"/>
</kw>
<kw name="List Should Contain Value" owner="Collections">
<arg>${allowed_titles}</arg>
<arg>${name_title}</arg>
<doc>Fails if the ``value`` is not found from ``list``.</doc>
<status status="PASS" start="2024-07-13T20:15:17.402176" elapsed="0.000182"/>
</kw>
<kw name="Set Variable" owner="BuiltIn">
<msg time="2024-07-13T20:15:17.402912" level="INFO">${name_country} = RS</msg>
<var>${name_country}</var>
<arg>${json_data["results"][0]["nat"]}</arg>
<doc>Returns the given values which can then be assigned to a variables.</doc>
<status status="PASS" start="2024-07-13T20:15:17.402539" elapsed="0.000398"/>
</kw>
<kw name="Create List" owner="BuiltIn">
<msg time="2024-07-13T20:15:17.403816" level="INFO">${list_country} = ['AD', 'AE', 'AF', 'AG', 'AI', 'AL', 'AM', 'AO', 'AQ', 'AR', 'AS', 'AT', 'AU', 'AW', 'AX', 'AZ', 'BA', 'BB', 'BD', 'BE', 'BF', 'BG', 'BH', 'BI', 'BJ', 'BL', 'BM', 'BN', 'BO', 'BQ', 'BR', 'BS', 'BT', '...</msg>
<var>${list_country}</var>
<arg>AD</arg>
<arg>AE</arg>
<arg>AF</arg>
<arg>AG</arg>
<arg>AI</arg>
<arg>AL</arg>
<arg>AM</arg>
<arg>AO</arg>
<arg>AQ</arg>
<arg>AR</arg>
<arg>AS</arg>
<arg>AT</arg>
<arg>AU</arg>
<arg>AW</arg>
<arg>AX</arg>
<arg>AZ</arg>
<arg>BA</arg>
<arg>BB</arg>
<arg>BD</arg>
<arg>BE</arg>
<arg>BF</arg>
<arg>BG</arg>
<arg>BH</arg>
<arg>BI</arg>
<arg>BJ</arg>
<arg>BL</arg>
<arg>BM</arg>
<arg>BN</arg>
<arg>BO</arg>
<arg>BQ</arg>
<arg>BR</arg>
<arg>BS</arg>
<arg>BT</arg>
<arg>BV</arg>
<arg>BW</arg>
<arg>BY</arg>
<arg>BZ</arg>
<arg>CA</arg>
<arg>CC</arg>
<arg>CD</arg>
<arg>CF</arg>
<arg>CG</arg>
<arg>CH</arg>
<arg>CI</arg>
<arg>CK</arg>
<arg>CL</arg>
<arg>CM</arg>
<arg>CN</arg>
<arg>CO</arg>
<arg>CR</arg>
<arg>CU</arg>
<arg>CV</arg>
<arg>CW</arg>
<arg>CX</arg>
<arg>CY</arg>
<arg>CZ</arg>
<arg>DE</arg>
<arg>DJ</arg>
<arg>DK</arg>
<arg>DM</arg>
<arg>DO</arg>
<arg>DZ</arg>
<arg>EC</arg>
<arg>EE</arg>
<arg>EG</arg>
<arg>EH</arg>
<arg>ER</arg>
<arg>ES</arg>
<arg>ET</arg>
<arg>FI</arg>
<arg>FJ</arg>
<arg>FK</arg>
<arg>FM</arg>
<arg>FO</arg>
<arg>FR</arg>
<arg>GA</arg>
<arg>GB</arg>
<arg>GD</arg>
<arg>GE</arg>
<arg>GF</arg>
<arg>GG</arg>
<arg>GH</arg>
<arg>GI</arg>
<arg>GL</arg>
<arg>GM</arg>
<arg>GN</arg>
<arg>GP</arg>
<arg>GQ</arg>
<arg>GR</arg>
<arg>GS</arg>
<arg>GT</arg>
<arg>GU</arg>
<arg>GW</arg>
<arg>GY</arg>
<arg>HK</arg>
<arg>HM</arg>
<arg>HN</arg>
<arg>HR</arg>
<arg>HT</arg>
<arg>HU</arg>
<arg>ID</arg>
<arg>IE</arg>
<arg>IL</arg>
<arg>IM</arg>
<arg>IN</arg>
<arg>IO</arg>
<arg>IQ</arg>
<arg>IR</arg>
<arg>IS</arg>
<arg>IT</arg>
<arg>JE</arg>
<arg>JM</arg>
<arg>JO</arg>
<arg>JP</arg>
<arg>KE</arg>
<arg>KG</arg>
<arg>KH</arg>
<arg>KI</arg>
<arg>KM</arg>
<arg>KN</arg>
<arg>KP</arg>
<arg>KR</arg>
<arg>KW</arg>
<arg>KY</arg>
<arg>KZ</arg>
<arg>LA</arg>
<arg>LB</arg>
<arg>LC</arg>
<arg>LI</arg>
<arg>LK</arg>
<arg>LR</arg>
<arg>LS</arg>
<arg>LT</arg>
<arg>LU</arg>
<arg>LV</arg>
<arg>LY</arg>
<arg>MA</arg>
<arg>MC</arg>
<arg>MD</arg>
<arg>ME</arg>
<arg>MF</arg>
<arg>MG</arg>
<arg>MH</arg>
<arg>MK</arg>
<arg>ML</arg>
<arg>MM</arg>
<arg>MN</arg>
<arg>MO</arg>
<arg>MP</arg>
<arg>MQ</arg>
<arg>MR</arg>
<arg>MS</arg>
<arg>MT</arg>
<arg>MU</arg>
<arg>MV</arg>
<arg>MW</arg>
<arg>MX</arg>
<arg>MY</arg>
<arg>MZ</arg>
<arg>NA</arg>
<arg>NC</arg>
<arg>NE</arg>
<arg>NF</arg>
<arg>NG</arg>
<arg>NI</arg>
<arg>NL</arg>
<arg>NO</arg>
<arg>NP</arg>
<arg>NR</arg>
<arg>NU</arg>
<arg>NZ</arg>
<arg>OM</arg>
<arg>PA</arg>
<arg>PE</arg>
<arg>PF</arg>
<arg>PG</arg>
<arg>PH</arg>
<arg>PK</arg>
<arg>PL</arg>
<arg>PM</arg>
<arg>PN</arg>
<arg>PR</arg>
<arg>PS</arg>
<arg>PT</arg>
<arg>PW</arg>
<arg>PY</arg>
<arg>QA</arg>
<arg>RE</arg>
<arg>RO</arg>
<arg>RS</arg>
<arg>RU</arg>
<arg>RW</arg>
<arg>SA</arg>
<arg>SB</arg>
<arg>SC</arg>
<arg>SD</arg>
<arg>SE</arg>
<arg>SG</arg>
<arg>SH</arg>
<arg>SI</arg>
<arg>SJ</arg>
<arg>SK</arg>
<arg>SL</arg>
<arg>SM</arg>
<arg>SN</arg>
<arg>SO</arg>
<arg>SR</arg>
<arg>SS</arg>
<arg>ST</arg>
<arg>SV</arg>
<arg>SX</arg>
<arg>SY</arg>
<arg>SZ</arg>
<arg>TC</arg>
<arg>TD</arg>
<arg>TF</arg>
<arg>TG</arg>
<arg>TH</arg>
<arg>TJ</arg>
<arg>TK</arg>
<arg>TL</arg>
<arg>TM</arg>
<arg>TN</arg>
<arg>TO</arg>
<arg>TR</arg>
<arg>TT</arg>
<arg>TV</arg>
<arg>TW</arg>
<arg>TZ</arg>
<arg>UA</arg>
<arg>UG</arg>
<arg>UM</arg>
<arg>US</arg>
<arg>UY</arg>
<arg>UZ</arg>
<arg>VA</arg>
<arg>VC</arg>
<arg>VE</arg>
<arg>VG</arg>
<arg>VI</arg>
<arg>VN</arg>
<arg>VU</arg>
<arg>WF</arg>
<arg>WS</arg>
<arg>XK</arg>
<arg>YE</arg>
<arg>YT</arg>
<arg>ZA</arg>
<arg>ZM</arg>
<arg>ZW</arg>
<doc>Returns a list containing given items.</doc>
<status status="PASS" start="2024-07-13T20:15:17.403226" elapsed="0.000615"/>
</kw>
<kw name="List Should Contain Value" owner="Collections">
<arg>${list_country}</arg>
<arg>${name_country}</arg>
<doc>Fails if the ``value`` is not found from ``list``.</doc>
<status status="PASS" start="2024-07-13T20:15:17.404631" elapsed="0.000202"/>
</kw>
<kw name="Run Keyword If" owner="BuiltIn">
<kw name="Should Be True" owner="BuiltIn">
<arg>${True}</arg>
<doc>Fails if the given condition is not true.</doc>
<status status="PASS" start="2024-07-13T20:15:17.405775" elapsed="0.000139"/>
</kw>
<arg>${json_data["results"][0]["location"]["coordinates"]["latitude"]} &gt;= -90 and ${json_data["results"][0]["location"]["coordinates"]["latitude"]} &lt;= 90</arg>
<arg>Should Be True</arg>
<arg>${True}</arg>
<doc>Runs the given keyword with the given arguments, if ``condition`` is true.</doc>
<status status="PASS" start="2024-07-13T20:15:17.405025" elapsed="0.001011"/>
</kw>
<kw name="Run Keyword If" owner="BuiltIn">
<kw name="Should Be True" owner="BuiltIn">
<arg>${True}</arg>
<doc>Fails if the given condition is not true.</doc>
<status status="PASS" start="2024-07-13T20:15:17.406910" elapsed="0.000241"/>
</kw>
<arg>${json_data["results"][0]["location"]["coordinates"]["longitude"]} &gt;= -180 and ${json_data["results"][0]["location"]["coordinates"]["longitude"]} &lt;= 180</arg>
<arg>Should Be True</arg>
<arg>${True}</arg>
<doc>Runs the given keyword with the given arguments, if ``condition`` is true.</doc>
<status status="PASS" start="2024-07-13T20:15:17.406222" elapsed="0.001057"/>
</kw>
<status status="PASS" start="2024-07-13T20:15:17.303889" elapsed="0.103525"/>
</kw>
<doc>Testa o conteúdo específico dos campos retornados pela API.</doc>
<tag>testeConteudo</tag>
<status status="PASS" start="2024-07-13T20:15:17.303351" elapsed="0.104216"/>
</test>
<status status="PASS" start="2024-07-13T20:15:16.427950" elapsed="0.981633"/>
</suite>
<status status="PASS" start="2024-07-13T20:15:16.413765" elapsed="1.000904"/>
</suite>
<statistics>
<total>
<stat pass="5" fail="0" skip="0">All Tests</stat>
</total>
<tag>
<stat pass="1" fail="0" skip="0">testeConteudo</stat>
<stat pass="1" fail="0" skip="0">testeEstruturaResposta</stat>
<stat pass="1" fail="0" skip="0">testeRequisicaoBasica</stat>
<stat pass="1" fail="0" skip="0">testeTiposDados</stat>
</tag>
<suite>
<stat pass="5" fail="0" skip="0" id="s1" name="Tests">Tests</stat>
<stat pass="5" fail="0" skip="0" id="s1-s1" name="Random-User-Test">Tests.Random-User-Test</stat>
</suite>
</statistics>
<errors>
</errors>
</robot>
