<?xml version="1.0" encoding="UTF-8"?>
<robot generator="Robot 7.0.1 (Python 3.12.4 on linux)" generated="2024-07-27T21:13:10.082850" rpa="false" schemaversion="5">
<suite id="s1" name="Tests" source="/home/runner/work/ApiRandomUser/ApiRandomUser/RamdonUser/tests">
<suite id="s1-s1" name="Random-User-Test" source="/home/runner/work/ApiRandomUser/ApiRandomUser/RamdonUser/tests/random-user-test.robot">
<test id="s1-s1-t1" name="Conectar" line="13">
<kw name="Conectar API" owner="random-user-service">
<kw name="Create Session" owner="RequestsLibrary">
<msg time="2024-07-27T21:13:10.497548" level="INFO">Creating Session using : alias=consultarAPI, url=https://randomuser.me/, headers={},                     cookies={}, auth=None, timeout=None, proxies=None, verify=False,                     debug=0 </msg>
<arg>consultarAPI</arg>
<arg>${URL}</arg>
<doc>Create Session: create a HTTP session to a server</doc>
<status status="PASS" start="2024-07-27T21:13:10.497354" elapsed="0.000373"/>
</kw>
<status status="PASS" start="2024-07-27T21:13:10.496308" elapsed="0.001807"/>
</kw>
<status status="PASS" start="2024-07-27T21:13:10.495776" elapsed="0.002539"/>
</test>
<test id="s1-s1-t2" name="Validar retorno 200 e JSON Válido" line="16">
<kw name="Teste de Requisicao Basica" owner="random-user-service">
<kw name="GET On Session" owner="RequestsLibrary">
<msg time="2024-07-27T21:13:10.749392" level="INFO">GET Request : url=https://randomuser.me/api 
 path_url=/api 
 headers={'User-Agent': 'python-requests/2.32.3', 'Accept-Encoding': 'gzip, deflate', 'Accept': '*/*', 'Connection': 'keep-alive'} 
 body=None 
 </msg>
<msg time="2024-07-27T21:13:10.749549" level="INFO">GET Response : url=https://randomuser.me/api 
 status=200, reason=OK 
 headers={'Date': 'Sat, 27 Jul 2024 21:13:10 GMT', 'Content-Type': 'application/json; charset=utf-8', 'Transfer-Encoding': 'chunked', 'Connection': 'keep-alive', 'X-Powered-By': 'Express', 'Access-Control-Allow-Origin': '*', 'Cache-Control': 'no-cache', 'ETag': 'W/"47f-on6m1rr9ApYQ/JnQyItKSgf5+VI"', 'Vary': 'Accept-Encoding', 'Content-Encoding': 'gzip', 'CF-Cache-Status': 'DYNAMIC', 'Report-To': '{"endpoints":[{"url":"https:\\/\\/a.nel.cloudflare.com\\/report\\/v4?s=7QzTuTPsw2N20aHdXW5%2FWenuYeZMKrSif%2FOdy96GT4jg1lahOu4rmLbsunrC01Dwyz5Tbykw4%2Fgka0YixUnYbhdILJ%2Ft3Ip4DHEGY0voqUR0wA4Enobclg1Nw%2BR0ZHCU"}],"group":"cf-nel","max_age":604800}', 'NEL': '{"success_fraction":0,"report_to":"cf-nel","max_age":604800}', 'Server': 'cloudflare', 'CF-RAY': '8a9fa1c1edf020bd-IAD', 'alt-svc': 'h3=":443"; ma=86400'} 
 body={"results":[{"gender":"female","name":{"title":"Miss","first":"Lily","last":"Brown"},"location":{"street":{"number":976,"name":"Disputed Rd"},"city":"Chatham","state":"Ontario","country":"Canada","postcode":"Y6Z 7W4","coordinates":{"latitude":"-66.3637","longitude":"129.3505"},"timezone":{"offset":"-12:00","description":"Eniwetok, Kwajalein"}},"email":"lily.brown@example.com","login":{"uuid":"b2401629-a22a-4130-bc54-d82250c606ec","username":"brownswan581","password":"fredrick","salt":"ijPfpaCX","md5":"0247a9d706b313e3a375cf2ae16030fd","sha1":"a7a57f39d26568af4d15e3f436e06d90ea1c6cf4","sha256":"9e02988f77380b24bfc3d9c4ec1b208e0bab20496f05d8b9153033b0ec019485"},"dob":{"date":"1954-01-11T14:01:08.635Z","age":70},"registered":{"date":"2005-03-01T21:41:17.144Z","age":19},"phone":"A73 B38-7939","cell":"H63 S47-8247","id":{"name":"SIN","value":"980394498"},"picture":{"large":"https://randomuser.me/api/portraits/women/34.jpg","medium":"https://randomuser.me/api/portraits/med/women/34.jpg","thumbnail":"https://randomuser.me/api/portraits/thumb/women/34.jpg"},"nat":"CA"}],"info":{"seed":"ec255341c8024e29","results":1,"page":1,"version":"1.4"}} 
 </msg>
<msg time="2024-07-27T21:13:10.749624" level="INFO">/opt/hostedtoolcache/Python/3.12.4/x64/lib/python3.12/site-packages/urllib3/connectionpool.py:1099: InsecureRequestWarning: Unverified HTTPS request is being made to host 'randomuser.me'. Adding certificate verification is strongly advised. See: https://urllib3.readthedocs.io/en/latest/advanced-usage.html#tls-warnings
  warnings.warn(</msg>
<msg time="2024-07-27T21:13:10.749767" level="INFO">${response} = &lt;Response [200]&gt;</msg>
<var>${response}</var>
<arg>consultarAPI</arg>
<arg>/api</arg>
<doc>Sends a GET request on a previously created HTTP Session.</doc>
<status status="PASS" start="2024-07-27T21:13:10.500873" elapsed="0.248935"/>
</kw>
<kw name="Should Be Equal As Numbers" owner="BuiltIn">
<msg time="2024-07-27T21:13:10.750939" level="INFO">Argument types are:
&lt;class 'int'&gt;
&lt;class 'str'&gt;</msg>
<arg>${response.status_code}</arg>
<arg>200</arg>
<doc>Fails if objects are unequal after converting them to real numbers.</doc>
<status status="PASS" start="2024-07-27T21:13:10.750466" elapsed="0.000538"/>
</kw>
<kw name="Log" owner="BuiltIn">
<msg time="2024-07-27T21:13:10.751695" level="INFO">200</msg>
<arg>${response.status_code}</arg>
<doc>Logs the given message with the given level.</doc>
<status status="PASS" start="2024-07-27T21:13:10.751334" elapsed="0.000405"/>
</kw>
<kw name="Set Variable" owner="BuiltIn">
<msg time="2024-07-27T21:13:10.752488" level="INFO">${json_data} = {'results': [{'gender': 'female', 'name': {'title': 'Miss', 'first': 'Lily', 'last': 'Brown'}, 'location': {'street': {'number': 976, 'name': 'Disputed Rd'}, 'city': 'Chatham', 'state': 'Ontario', 'co...</msg>
<var>${json_data}</var>
<arg>${response.json()}</arg>
<doc>Returns the given values which can then be assigned to a variables.</doc>
<status status="PASS" start="2024-07-27T21:13:10.752047" elapsed="0.000469"/>
</kw>
<kw name="Dictionary Should Contain Key" owner="Collections">
<arg>${json_data}</arg>
<arg>results</arg>
<doc>Fails if ``key`` is not found from ``dictionary``.</doc>
<status status="PASS" start="2024-07-27T21:13:10.752820" elapsed="0.000319"/>
</kw>
<status status="PASS" start="2024-07-27T21:13:10.500627" elapsed="0.252667"/>
</kw>
<doc>Testa se a API responde corretamente e retorna um objeto JSON válido.</doc>
<tag>testeRequisicaoBasica</tag>
<status status="PASS" start="2024-07-27T21:13:10.500169" elapsed="0.253300"/>
</test>
<test id="s1-s1-t3" name="Validar estrutura de resposta" line="22">
<kw name="Teste de Estrutura de Resposta" owner="random-user-service">
<kw name="GET On Session" owner="RequestsLibrary">
<msg time="2024-07-27T21:13:10.852869" level="INFO">GET Request : url=https://randomuser.me/api 
 path_url=/api 
 headers={'User-Agent': 'python-requests/2.32.3', 'Accept-Encoding': 'gzip, deflate', 'Accept': '*/*', 'Connection': 'keep-alive'} 
 body=None 
 </msg>
<msg time="2024-07-27T21:13:10.852951" level="INFO">GET Response : url=https://randomuser.me/api 
 status=200, reason=OK 
 headers={'Date': 'Sat, 27 Jul 2024 21:13:10 GMT', 'Content-Type': 'application/json; charset=utf-8', 'Transfer-Encoding': 'chunked', 'Connection': 'keep-alive', 'X-Powered-By': 'Express', 'Access-Control-Allow-Origin': '*', 'Cache-Control': 'no-cache', 'ETag': 'W/"491-ZpTprbIXWOKqIUZGkitiLBg82gw"', 'Vary': 'Accept-Encoding', 'Content-Encoding': 'gzip', 'CF-Cache-Status': 'DYNAMIC', 'Report-To': '{"endpoints":[{"url":"https:\\/\\/a.nel.cloudflare.com\\/report\\/v4?s=K4VAgnXebezcKFexIlTQrXHb0%2FRefcgVs3Rbp4EgdvhsoiXqE5mLa8CaKA8MNreAPLXpFOGfN3AZ6qzD0BYizHejWl58VO5hP8nmWtbk1WfuwHI5DKmzHlPePc226a7t"}],"group":"cf-nel","max_age":604800}', 'NEL': '{"success_fraction":0,"report_to":"cf-nel","max_age":604800}', 'Server': 'cloudflare', 'CF-RAY': '8a9fa1c23e6020bd-IAD', 'alt-svc': 'h3=":443"; ma=86400'} 
 body={"results":[{"gender":"male","name":{"title":"Mr","first":"Tyler","last":"Ferguson"},"location":{"street":{"number":5968,"name":"Main Street"},"city":"Cambridge","state":"Berkshire","country":"United Kingdom","postcode":"BO2 2DH","coordinates":{"latitude":"-6.8756","longitude":"-80.9873"},"timezone":{"offset":"+6:00","description":"Almaty, Dhaka, Colombo"}},"email":"tyler.ferguson@example.com","login":{"uuid":"f3c96203-3c93-4ccd-818b-2b01e7846d21","username":"orangepeacock259","password":"america1","salt":"oWJlXUYX","md5":"876edb73cad8214fa38b5f365134f3f8","sha1":"2ec25533e3fa3fa8615eca5ecb55ce15ec2db0cb","sha256":"ef87ce6f34674de763da355aabfee986b8f476877950a58e8c5a06ed4d46f553"},"dob":{"date":"1986-08-08T02:33:47.521Z","age":37},"registered":{"date":"2003-03-29T19:39:42.648Z","age":21},"phone":"015394 15542","cell":"07971 043283","id":{"name":"NINO","value":"MP 40 98 06 W"},"picture":{"large":"https://randomuser.me/api/portraits/men/9.jpg","medium":"https://randomuser.me/api/portraits/med/men/9.jpg","thumbnail":"https://randomuser.me/api/portraits/thumb/men/9.jpg"},"nat":"GB"}],"info":{"seed":"6a31b4d8d522fe62","results":1,"page":1,"version":"1.4"}} 
 </msg>
<msg time="2024-07-27T21:13:10.853066" level="INFO">/opt/hostedtoolcache/Python/3.12.4/x64/lib/python3.12/site-packages/urllib3/connectionpool.py:1099: InsecureRequestWarning: Unverified HTTPS request is being made to host 'randomuser.me'. Adding certificate verification is strongly advised. See: https://urllib3.readthedocs.io/en/latest/advanced-usage.html#tls-warnings
  warnings.warn(</msg>
<msg time="2024-07-27T21:13:10.853197" level="INFO">${response} = &lt;Response [200]&gt;</msg>
<var>${response}</var>
<arg>consultarAPI</arg>
<arg>/api</arg>
<doc>Sends a GET request on a previously created HTTP Session.</doc>
<status status="PASS" start="2024-07-27T21:13:10.756140" elapsed="0.097104"/>
</kw>
<kw name="Set Variable" owner="BuiltIn">
<msg time="2024-07-27T21:13:10.854340" level="INFO">${json_data} = {'results': [{'gender': 'male', 'name': {'title': 'Mr', 'first': 'Tyler', 'last': 'Ferguson'}, 'location': {'street': {'number': 5968, 'name': 'Main Street'}, 'city': 'Cambridge', 'state': 'Berkshire'...</msg>
<var>${json_data}</var>
<arg>${response.json()}</arg>
<doc>Returns the given values which can then be assigned to a variables.</doc>
<status status="PASS" start="2024-07-27T21:13:10.853758" elapsed="0.000611"/>
</kw>
<kw name="Log" owner="BuiltIn">
<msg time="2024-07-27T21:13:10.854850" level="INFO">{'results': [{'gender': 'male', 'name': {'title': 'Mr', 'first': 'Tyler', 'last': 'Ferguson'}, 'location': {'street': {'number': 5968, 'name': 'Main Street'}, 'city': 'Cambridge', 'state': 'Berkshire', 'country': 'United Kingdom', 'postcode': 'BO2 2DH', 'coordinates': {'latitude': '-6.8756', 'longitude': '-80.9873'}, 'timezone': {'offset': '+6:00', 'description': 'Almaty, Dhaka, Colombo'}}, 'email': 'tyler.ferguson@example.com', 'login': {'uuid': 'f3c96203-3c93-4ccd-818b-2b01e7846d21', 'username': 'orangepeacock259', 'password': 'america1', 'salt': 'oWJlXUYX', 'md5': '876edb73cad8214fa38b5f365134f3f8', 'sha1': '2ec25533e3fa3fa8615eca5ecb55ce15ec2db0cb', 'sha256': 'ef87ce6f34674de763da355aabfee986b8f476877950a58e8c5a06ed4d46f553'}, 'dob': {'date': '1986-08-08T02:33:47.521Z', 'age': 37}, 'registered': {'date': '2003-03-29T19:39:42.648Z', 'age': 21}, 'phone': '015394 15542', 'cell': '07971 043283', 'id': {'name': 'NINO', 'value': 'MP 40 98 06 W'}, 'picture': {'large': 'https://randomuser.me/api/portraits/men/9.jpg', 'medium': 'https://randomuser.me/api/portraits/med/men/9.jpg', 'thumbnail': 'https://randomuser.me/api/portraits/thumb/men/9.jpg'}, 'nat': 'GB'}], 'info': {'seed': '6a31b4d8d522fe62', 'results': 1, 'page': 1, 'version': '1.4'}}</msg>
<arg>${json_data}</arg>
<doc>Logs the given message with the given level.</doc>
<status status="PASS" start="2024-07-27T21:13:10.854674" elapsed="0.000223"/>
</kw>
<kw name="Dictionary Should Contain Key" owner="Collections">
<arg>${json_data}</arg>
<arg>results</arg>
<doc>Fails if ``key`` is not found from ``dictionary``.</doc>
<status status="PASS" start="2024-07-27T21:13:10.855206" elapsed="0.000163"/>
</kw>
<kw name="Should Not Be Empty" owner="BuiltIn">
<msg time="2024-07-27T21:13:10.855681" level="INFO">Length is 2.</msg>
<arg>${json_data}</arg>
<doc>Verifies that the given item is not empty.</doc>
<status status="PASS" start="2024-07-27T21:13:10.855552" elapsed="0.000167"/>
</kw>
<kw name="Create List" owner="BuiltIn">
<msg time="2024-07-27T21:13:10.856153" level="INFO">${expected_keys} = ['gender', 'name', 'location', 'email', 'login']</msg>
<var>${expected_keys}</var>
<arg>gender</arg>
<arg>name</arg>
<arg>location</arg>
<arg>email</arg>
<arg>login</arg>
<doc>Returns a list containing given items.</doc>
<status status="PASS" start="2024-07-27T21:13:10.856003" elapsed="0.000173"/>
</kw>
<for flavor="IN">
<iter>
<kw name="Dictionary Should Contain Key" owner="Collections">
<arg>${json_data['results'][0]}</arg>
<arg>${key}</arg>
<doc>Fails if ``key`` is not found from ``dictionary``.</doc>
<status status="PASS" start="2024-07-27T21:13:10.856762" elapsed="0.000420"/>
</kw>
<kw name="Log" owner="BuiltIn">
<msg time="2024-07-27T21:13:10.857726" level="INFO">{'gender': 'male', 'name': {'title': 'Mr', 'first': 'Tyler', 'last': 'Ferguson'}, 'location': {'street': {'number': 5968, 'name': 'Main Street'}, 'city': 'Cambridge', 'state': 'Berkshire', 'country': 'United Kingdom', 'postcode': 'BO2 2DH', 'coordinates': {'latitude': '-6.8756', 'longitude': '-80.9873'}, 'timezone': {'offset': '+6:00', 'description': 'Almaty, Dhaka, Colombo'}}, 'email': 'tyler.ferguson@example.com', 'login': {'uuid': 'f3c96203-3c93-4ccd-818b-2b01e7846d21', 'username': 'orangepeacock259', 'password': 'america1', 'salt': 'oWJlXUYX', 'md5': '876edb73cad8214fa38b5f365134f3f8', 'sha1': '2ec25533e3fa3fa8615eca5ecb55ce15ec2db0cb', 'sha256': 'ef87ce6f34674de763da355aabfee986b8f476877950a58e8c5a06ed4d46f553'}, 'dob': {'date': '1986-08-08T02:33:47.521Z', 'age': 37}, 'registered': {'date': '2003-03-29T19:39:42.648Z', 'age': 21}, 'phone': '015394 15542', 'cell': '07971 043283', 'id': {'name': 'NINO', 'value': 'MP 40 98 06 W'}, 'picture': {'large': 'https://randomuser.me/api/portraits/men/9.jpg', 'medium': 'https://randomuser.me/api/portraits/med/men/9.jpg', 'thumbnail': 'https://randomuser.me/api/portraits/thumb/men/9.jpg'}, 'nat': 'GB'}</msg>
<arg>${json_data['results'][0]}</arg>
<doc>Logs the given message with the given level.</doc>
<status status="PASS" start="2024-07-27T21:13:10.857372" elapsed="0.000402"/>
</kw>
<kw name="Log" owner="BuiltIn">
<msg time="2024-07-27T21:13:10.858249" level="INFO">gender</msg>
<arg>${key}</arg>
<doc>Logs the given message with the given level.</doc>
<status status="PASS" start="2024-07-27T21:13:10.858112" elapsed="0.000176"/>
</kw>
<var name="${key}">gender</var>
<status status="PASS" start="2024-07-27T21:13:10.856636" elapsed="0.001872"/>
</iter>
<iter>
<kw name="Dictionary Should Contain Key" owner="Collections">
<arg>${json_data['results'][0]}</arg>
<arg>${key}</arg>
<doc>Fails if ``key`` is not found from ``dictionary``.</doc>
<status status="PASS" start="2024-07-27T21:13:10.858806" elapsed="0.000387"/>
</kw>
<kw name="Log" owner="BuiltIn">
<msg time="2024-07-27T21:13:10.859732" level="INFO">{'gender': 'male', 'name': {'title': 'Mr', 'first': 'Tyler', 'last': 'Ferguson'}, 'location': {'street': {'number': 5968, 'name': 'Main Street'}, 'city': 'Cambridge', 'state': 'Berkshire', 'country': 'United Kingdom', 'postcode': 'BO2 2DH', 'coordinates': {'latitude': '-6.8756', 'longitude': '-80.9873'}, 'timezone': {'offset': '+6:00', 'description': 'Almaty, Dhaka, Colombo'}}, 'email': 'tyler.ferguson@example.com', 'login': {'uuid': 'f3c96203-3c93-4ccd-818b-2b01e7846d21', 'username': 'orangepeacock259', 'password': 'america1', 'salt': 'oWJlXUYX', 'md5': '876edb73cad8214fa38b5f365134f3f8', 'sha1': '2ec25533e3fa3fa8615eca5ecb55ce15ec2db0cb', 'sha256': 'ef87ce6f34674de763da355aabfee986b8f476877950a58e8c5a06ed4d46f553'}, 'dob': {'date': '1986-08-08T02:33:47.521Z', 'age': 37}, 'registered': {'date': '2003-03-29T19:39:42.648Z', 'age': 21}, 'phone': '015394 15542', 'cell': '07971 043283', 'id': {'name': 'NINO', 'value': 'MP 40 98 06 W'}, 'picture': {'large': 'https://randomuser.me/api/portraits/men/9.jpg', 'medium': 'https://randomuser.me/api/portraits/med/men/9.jpg', 'thumbnail': 'https://randomuser.me/api/portraits/thumb/men/9.jpg'}, 'nat': 'GB'}</msg>
<arg>${json_data['results'][0]}</arg>
<doc>Logs the given message with the given level.</doc>
<status status="PASS" start="2024-07-27T21:13:10.859375" elapsed="0.000437"/>
</kw>
<kw name="Log" owner="BuiltIn">
<msg time="2024-07-27T21:13:10.860243" level="INFO">name</msg>
<arg>${key}</arg>
<doc>Logs the given message with the given level.</doc>
<status status="PASS" start="2024-07-27T21:13:10.860112" elapsed="0.000169"/>
</kw>
<var name="${key}">name</var>
<status status="PASS" start="2024-07-27T21:13:10.858694" elapsed="0.001803"/>
</iter>
<iter>
<kw name="Dictionary Should Contain Key" owner="Collections">
<arg>${json_data['results'][0]}</arg>
<arg>${key}</arg>
<doc>Fails if ``key`` is not found from ``dictionary``.</doc>
<status status="PASS" start="2024-07-27T21:13:10.860788" elapsed="0.000384"/>
</kw>
<kw name="Log" owner="BuiltIn">
<msg time="2024-07-27T21:13:10.861711" level="INFO">{'gender': 'male', 'name': {'title': 'Mr', 'first': 'Tyler', 'last': 'Ferguson'}, 'location': {'street': {'number': 5968, 'name': 'Main Street'}, 'city': 'Cambridge', 'state': 'Berkshire', 'country': 'United Kingdom', 'postcode': 'BO2 2DH', 'coordinates': {'latitude': '-6.8756', 'longitude': '-80.9873'}, 'timezone': {'offset': '+6:00', 'description': 'Almaty, Dhaka, Colombo'}}, 'email': 'tyler.ferguson@example.com', 'login': {'uuid': 'f3c96203-3c93-4ccd-818b-2b01e7846d21', 'username': 'orangepeacock259', 'password': 'america1', 'salt': 'oWJlXUYX', 'md5': '876edb73cad8214fa38b5f365134f3f8', 'sha1': '2ec25533e3fa3fa8615eca5ecb55ce15ec2db0cb', 'sha256': 'ef87ce6f34674de763da355aabfee986b8f476877950a58e8c5a06ed4d46f553'}, 'dob': {'date': '1986-08-08T02:33:47.521Z', 'age': 37}, 'registered': {'date': '2003-03-29T19:39:42.648Z', 'age': 21}, 'phone': '015394 15542', 'cell': '07971 043283', 'id': {'name': 'NINO', 'value': 'MP 40 98 06 W'}, 'picture': {'large': 'https://randomuser.me/api/portraits/men/9.jpg', 'medium': 'https://randomuser.me/api/portraits/med/men/9.jpg', 'thumbnail': 'https://randomuser.me/api/portraits/thumb/men/9.jpg'}, 'nat': 'GB'}</msg>
<arg>${json_data['results'][0]}</arg>
<doc>Logs the given message with the given level.</doc>
<status status="PASS" start="2024-07-27T21:13:10.861362" elapsed="0.000396"/>
</kw>
<kw name="Log" owner="BuiltIn">
<msg time="2024-07-27T21:13:10.862220" level="INFO">location</msg>
<arg>${key}</arg>
<doc>Logs the given message with the given level.</doc>
<status status="PASS" start="2024-07-27T21:13:10.862078" elapsed="0.000179"/>
</kw>
<var name="${key}">location</var>
<status status="PASS" start="2024-07-27T21:13:10.860669" elapsed="0.001808"/>
</iter>
<iter>
<kw name="Dictionary Should Contain Key" owner="Collections">
<arg>${json_data['results'][0]}</arg>
<arg>${key}</arg>
<doc>Fails if ``key`` is not found from ``dictionary``.</doc>
<status status="PASS" start="2024-07-27T21:13:10.862755" elapsed="0.000384"/>
</kw>
<kw name="Log" owner="BuiltIn">
<msg time="2024-07-27T21:13:10.863782" level="INFO">{'gender': 'male', 'name': {'title': 'Mr', 'first': 'Tyler', 'last': 'Ferguson'}, 'location': {'street': {'number': 5968, 'name': 'Main Street'}, 'city': 'Cambridge', 'state': 'Berkshire', 'country': 'United Kingdom', 'postcode': 'BO2 2DH', 'coordinates': {'latitude': '-6.8756', 'longitude': '-80.9873'}, 'timezone': {'offset': '+6:00', 'description': 'Almaty, Dhaka, Colombo'}}, 'email': 'tyler.ferguson@example.com', 'login': {'uuid': 'f3c96203-3c93-4ccd-818b-2b01e7846d21', 'username': 'orangepeacock259', 'password': 'america1', 'salt': 'oWJlXUYX', 'md5': '876edb73cad8214fa38b5f365134f3f8', 'sha1': '2ec25533e3fa3fa8615eca5ecb55ce15ec2db0cb', 'sha256': 'ef87ce6f34674de763da355aabfee986b8f476877950a58e8c5a06ed4d46f553'}, 'dob': {'date': '1986-08-08T02:33:47.521Z', 'age': 37}, 'registered': {'date': '2003-03-29T19:39:42.648Z', 'age': 21}, 'phone': '015394 15542', 'cell': '07971 043283', 'id': {'name': 'NINO', 'value': 'MP 40 98 06 W'}, 'picture': {'large': 'https://randomuser.me/api/portraits/men/9.jpg', 'medium': 'https://randomuser.me/api/portraits/med/men/9.jpg', 'thumbnail': 'https://randomuser.me/api/portraits/thumb/men/9.jpg'}, 'nat': 'GB'}</msg>
<arg>${json_data['results'][0]}</arg>
<doc>Logs the given message with the given level.</doc>
<status status="PASS" start="2024-07-27T21:13:10.863432" elapsed="0.000399"/>
</kw>
<kw name="Log" owner="BuiltIn">
<msg time="2024-07-27T21:13:10.864254" level="INFO">email</msg>
<arg>${key}</arg>
<doc>Logs the given message with the given level.</doc>
<status status="PASS" start="2024-07-27T21:13:10.864127" elapsed="0.000166"/>
</kw>
<var name="${key}">email</var>
<status status="PASS" start="2024-07-27T21:13:10.862648" elapsed="0.001860"/>
</iter>
<iter>
<kw name="Dictionary Should Contain Key" owner="Collections">
<arg>${json_data['results'][0]}</arg>
<arg>${key}</arg>
<doc>Fails if ``key`` is not found from ``dictionary``.</doc>
<status status="PASS" start="2024-07-27T21:13:10.864787" elapsed="0.000400"/>
</kw>
<kw name="Log" owner="BuiltIn">
<msg time="2024-07-27T21:13:10.865716" level="INFO">{'gender': 'male', 'name': {'title': 'Mr', 'first': 'Tyler', 'last': 'Ferguson'}, 'location': {'street': {'number': 5968, 'name': 'Main Street'}, 'city': 'Cambridge', 'state': 'Berkshire', 'country': 'United Kingdom', 'postcode': 'BO2 2DH', 'coordinates': {'latitude': '-6.8756', 'longitude': '-80.9873'}, 'timezone': {'offset': '+6:00', 'description': 'Almaty, Dhaka, Colombo'}}, 'email': 'tyler.ferguson@example.com', 'login': {'uuid': 'f3c96203-3c93-4ccd-818b-2b01e7846d21', 'username': 'orangepeacock259', 'password': 'america1', 'salt': 'oWJlXUYX', 'md5': '876edb73cad8214fa38b5f365134f3f8', 'sha1': '2ec25533e3fa3fa8615eca5ecb55ce15ec2db0cb', 'sha256': 'ef87ce6f34674de763da355aabfee986b8f476877950a58e8c5a06ed4d46f553'}, 'dob': {'date': '1986-08-08T02:33:47.521Z', 'age': 37}, 'registered': {'date': '2003-03-29T19:39:42.648Z', 'age': 21}, 'phone': '015394 15542', 'cell': '07971 043283', 'id': {'name': 'NINO', 'value': 'MP 40 98 06 W'}, 'picture': {'large': 'https://randomuser.me/api/portraits/men/9.jpg', 'medium': 'https://randomuser.me/api/portraits/med/men/9.jpg', 'thumbnail': 'https://randomuser.me/api/portraits/thumb/men/9.jpg'}, 'nat': 'GB'}</msg>
<arg>${json_data['results'][0]}</arg>
<doc>Logs the given message with the given level.</doc>
<status status="PASS" start="2024-07-27T21:13:10.865367" elapsed="0.000395"/>
</kw>
<kw name="Log" owner="BuiltIn">
<msg time="2024-07-27T21:13:10.866218" level="INFO">login</msg>
<arg>${key}</arg>
<doc>Logs the given message with the given level.</doc>
<status status="PASS" start="2024-07-27T21:13:10.866052" elapsed="0.000203"/>
</kw>
<var name="${key}">login</var>
<status status="PASS" start="2024-07-27T21:13:10.864680" elapsed="0.001792"/>
</iter>
<var>${key}</var>
<value>@{expected_keys}</value>
<status status="PASS" start="2024-07-27T21:13:10.856444" elapsed="0.010148"/>
</for>
<kw name="Create List" owner="BuiltIn">
<msg time="2024-07-27T21:13:10.866915" level="INFO">${expected_keysTwo} = ['username', 'password']</msg>
<var>${expected_keysTwo}</var>
<arg>username</arg>
<arg>password</arg>
<doc>Returns a list containing given items.</doc>
<status status="PASS" start="2024-07-27T21:13:10.866780" elapsed="0.000188"/>
</kw>
<for flavor="IN">
<iter>
<kw name="Dictionary Should Contain Key" owner="Collections">
<arg>${json_data['results'][0]['login']}</arg>
<arg>${keyTwo}</arg>
<doc>Fails if ``key`` is not found from ``dictionary``.</doc>
<status status="PASS" start="2024-07-27T21:13:10.867472" elapsed="0.000377"/>
</kw>
<kw name="Dictionary Should Contain Key" owner="Collections">
<arg>${json_data['results'][0]['login']}</arg>
<arg>${keyTwo}</arg>
<doc>Fails if ``key`` is not found from ``dictionary``.</doc>
<status status="PASS" start="2024-07-27T21:13:10.868027" elapsed="0.000374"/>
</kw>
<kw name="Log" owner="BuiltIn">
<msg time="2024-07-27T21:13:10.868696" level="INFO">username</msg>
<arg>${keyTwo}</arg>
<doc>Logs the given message with the given level.</doc>
<status status="PASS" start="2024-07-27T21:13:10.868576" elapsed="0.000157"/>
</kw>
<var name="${keyTwo}">username</var>
<status status="PASS" start="2024-07-27T21:13:10.867365" elapsed="0.001587"/>
</iter>
<iter>
<kw name="Dictionary Should Contain Key" owner="Collections">
<arg>${json_data['results'][0]['login']}</arg>
<arg>${keyTwo}</arg>
<doc>Fails if ``key`` is not found from ``dictionary``.</doc>
<status status="PASS" start="2024-07-27T21:13:10.869235" elapsed="0.000372"/>
</kw>
<kw name="Dictionary Should Contain Key" owner="Collections">
<arg>${json_data['results'][0]['login']}</arg>
<arg>${keyTwo}</arg>
<doc>Fails if ``key`` is not found from ``dictionary``.</doc>
<status status="PASS" start="2024-07-27T21:13:10.869785" elapsed="0.000418"/>
</kw>
<kw name="Log" owner="BuiltIn">
<msg time="2024-07-27T21:13:10.870523" level="INFO">password</msg>
<arg>${keyTwo}</arg>
<doc>Logs the given message with the given level.</doc>
<status status="PASS" start="2024-07-27T21:13:10.870395" elapsed="0.000164"/>
</kw>
<var name="${keyTwo}">password</var>
<status status="PASS" start="2024-07-27T21:13:10.869123" elapsed="0.001669"/>
</iter>
<var>${keyTwo}</var>
<value>@{expected_keysTwo}</value>
<status status="PASS" start="2024-07-27T21:13:10.867215" elapsed="0.003699"/>
</for>
<status status="PASS" start="2024-07-27T21:13:10.755904" elapsed="0.115149"/>
</kw>
<doc>Testa a estrutura da resposta da API.</doc>
<tag>testeEstruturaResposta</tag>
<status status="PASS" start="2024-07-27T21:13:10.755370" elapsed="0.115833"/>
</test>
<test id="s1-s1-t4" name="Validar tipos de dados" line="28">
<kw name="Teste de Tipos de Dados" owner="random-user-service">
<kw name="GET On Session" owner="RequestsLibrary">
<msg time="2024-07-27T21:13:10.963909" level="INFO">GET Request : url=https://randomuser.me/api 
 path_url=/api 
 headers={'User-Agent': 'python-requests/2.32.3', 'Accept-Encoding': 'gzip, deflate', 'Accept': '*/*', 'Connection': 'keep-alive'} 
 body=None 
 </msg>
<msg time="2024-07-27T21:13:10.963990" level="INFO">GET Response : url=https://randomuser.me/api 
 status=200, reason=OK 
 headers={'Date': 'Sat, 27 Jul 2024 21:13:10 GMT', 'Content-Type': 'application/json; charset=utf-8', 'Transfer-Encoding': 'chunked', 'Connection': 'keep-alive', 'X-Powered-By': 'Express', 'Access-Control-Allow-Origin': '*', 'Cache-Control': 'no-cache', 'ETag': 'W/"485-GxXBQknKjgIv+GBQZ6BfcDRGAxA"', 'Vary': 'Accept-Encoding', 'Content-Encoding': 'gzip', 'CF-Cache-Status': 'DYNAMIC', 'Report-To': '{"endpoints":[{"url":"https:\\/\\/a.nel.cloudflare.com\\/report\\/v4?s=rB4K%2Fn0qWpHpO9l%2BDmigKcZsOZR9hptPInn7esQGxObcK7O1OobMGDU9p1NOCdGsJljjixVaN1%2B%2FyOAjGEhV4A3RnraA0WhYmfTeCDeFrGIfrjcMTWcLnZUsUFNDZJaA"}],"group":"cf-nel","max_age":604800}', 'NEL': '{"success_fraction":0,"report_to":"cf-nel","max_age":604800}', 'Server': 'cloudflare', 'CF-RAY': '8a9fa1c2ff1b20bd-IAD', 'alt-svc': 'h3=":443"; ma=86400'} 
 body={"results":[{"gender":"male","name":{"title":"Mr","first":"Perelyub","last":"Gerasimchuk"},"location":{"street":{"number":4964,"name":"Dokuchaievskiy provulok"},"city":"Harcizk","state":"Ivano-Frankivska","country":"Ukraine","postcode":12307,"coordinates":{"latitude":"76.7617","longitude":"-105.4650"},"timezone":{"offset":"+4:30","description":"Kabul"}},"email":"perelyub.gerasimchuk@example.com","login":{"uuid":"a2a74e50-b139-48c3-bd32-b73a440ed66c","username":"browncat730","password":"sophie1","salt":"SgoLHWlE","md5":"5a6cf4d450e1c880ca52bf1b034d4ff9","sha1":"84d7dcc58c33e5445ccc9085ca68565a448b2156","sha256":"592d7b9b53313fc879f51bff081fb3addd892fa8bc32824b98a862fa02b1be99"},"dob":{"date":"1970-10-02T19:28:58.081Z","age":53},"registered":{"date":"2006-11-26T09:25:43.699Z","age":17},"phone":"(067) G08-8447","cell":"(098) T58-5217","id":{"name":"","value":null},"picture":{"large":"https://randomuser.me/api/portraits/men/64.jpg","medium":"https://randomuser.me/api/portraits/med/men/64.jpg","thumbnail":"https://randomuser.me/api/portraits/thumb/men/64.jpg"},"nat":"UA"}],"info":{"seed":"d17850780de4b8b2","results":1,"page":1,"version":"1.4"}} 
 </msg>
<msg time="2024-07-27T21:13:10.964052" level="INFO">/opt/hostedtoolcache/Python/3.12.4/x64/lib/python3.12/site-packages/urllib3/connectionpool.py:1099: InsecureRequestWarning: Unverified HTTPS request is being made to host 'randomuser.me'. Adding certificate verification is strongly advised. See: https://urllib3.readthedocs.io/en/latest/advanced-usage.html#tls-warnings
  warnings.warn(</msg>
<msg time="2024-07-27T21:13:10.964156" level="INFO">${response} = &lt;Response [200]&gt;</msg>
<var>${response}</var>
<arg>consultarAPI</arg>
<arg>/api</arg>
<doc>Sends a GET request on a previously created HTTP Session.</doc>
<status status="PASS" start="2024-07-27T21:13:10.873578" elapsed="0.090619"/>
</kw>
<kw name="Set Variable" owner="BuiltIn">
<msg time="2024-07-27T21:13:10.965332" level="INFO">${json_data} = {'results': [{'gender': 'male', 'name': {'title': 'Mr', 'first': 'Perelyub', 'last': 'Gerasimchuk'}, 'location': {'street': {'number': 4964, 'name': 'Dokuchaievskiy provulok'}, 'city': 'Harcizk', 'sta...</msg>
<var>${json_data}</var>
<arg>${response.json()}</arg>
<doc>Returns the given values which can then be assigned to a variables.</doc>
<status status="PASS" start="2024-07-27T21:13:10.964751" elapsed="0.000610"/>
</kw>
<kw name="Log" owner="BuiltIn">
<msg time="2024-07-27T21:13:10.965824" level="INFO">{'results': [{'gender': 'male', 'name': {'title': 'Mr', 'first': 'Perelyub', 'last': 'Gerasimchuk'}, 'location': {'street': {'number': 4964, 'name': 'Dokuchaievskiy provulok'}, 'city': 'Harcizk', 'state': 'Ivano-Frankivska', 'country': 'Ukraine', 'postcode': 12307, 'coordinates': {'latitude': '76.7617', 'longitude': '-105.4650'}, 'timezone': {'offset': '+4:30', 'description': 'Kabul'}}, 'email': 'perelyub.gerasimchuk@example.com', 'login': {'uuid': 'a2a74e50-b139-48c3-bd32-b73a440ed66c', 'username': 'browncat730', 'password': 'sophie1', 'salt': 'SgoLHWlE', 'md5': '5a6cf4d450e1c880ca52bf1b034d4ff9', 'sha1': '84d7dcc58c33e5445ccc9085ca68565a448b2156', 'sha256': '592d7b9b53313fc879f51bff081fb3addd892fa8bc32824b98a862fa02b1be99'}, 'dob': {'date': '1970-10-02T19:28:58.081Z', 'age': 53}, 'registered': {'date': '2006-11-26T09:25:43.699Z', 'age': 17}, 'phone': '(067) G08-8447', 'cell': '(098) T58-5217', 'id': {'name': '', 'value': None}, 'picture': {'large': 'https://randomuser.me/api/portraits/men/64.jpg', 'medium': 'https://randomuser.me/api/portraits/med/men/64.jpg', 'thumbnail': 'https://randomuser.me/api/portraits/thumb/men/64.jpg'}, 'nat': 'UA'}], 'info': {'seed': 'd17850780de4b8b2', 'results': 1, 'page': 1, 'version': '1.4'}}</msg>
<arg>${json_data}</arg>
<doc>Logs the given message with the given level.</doc>
<status status="PASS" start="2024-07-27T21:13:10.965668" elapsed="0.000204"/>
</kw>
<kw name="Should Be String" owner="String">
<arg>${json_data['results'][0]['gender']}</arg>
<doc>Fails if the given ``item`` is not a string.</doc>
<status status="PASS" start="2024-07-27T21:13:10.966224" elapsed="0.000373"/>
</kw>
<kw name="Should Match Regexp" owner="BuiltIn">
<arg>${json_data['results'][0]['email']}</arg>
<arg>^[a-zA-Z0-9._%+-]+@[a-zA-Z0-9.-]+\.[a-zA-Z]{2,}$</arg>
<doc>Fails if ``string`` does not match ``pattern`` as a regular expression.</doc>
<status status="PASS" start="2024-07-27T21:13:10.966788" elapsed="0.000514"/>
</kw>
<kw name="Should Match Regexp" owner="BuiltIn">
<arg>${json_data['results'][0]['dob']['date']}</arg>
<arg>\\d{4}-\\d{2}-\\d{2}T\\d{2}:\\d{2}:\\d{2}\\.\\d{3}Z</arg>
<doc>Fails if ``string`` does not match ``pattern`` as a regular expression.</doc>
<status status="PASS" start="2024-07-27T21:13:10.967534" elapsed="0.000618"/>
</kw>
<kw name="Should Match Regexp" owner="BuiltIn">
<arg>${json_data['results'][0]['registered']['date']}</arg>
<arg>\\d{4}-\\d{2}-\\d{2}T\\d{2}:\\d{2}:\\d{2}\\.\\d{3}Z</arg>
<doc>Fails if ``string`` does not match ``pattern`` as a regular expression.</doc>
<status status="PASS" start="2024-07-27T21:13:10.968347" elapsed="0.000376"/>
</kw>
<kw name="Should Match Regexp" owner="BuiltIn">
<arg>${json_data['results'][0]['picture']['large']}</arg>
<arg>^https?://.*\.(?:png|jpe?g|gif|bmp)$</arg>
<doc>Fails if ``string`` does not match ``pattern`` as a regular expression.</doc>
<status status="PASS" start="2024-07-27T21:13:10.968909" elapsed="0.000454"/>
</kw>
<kw name="Should Match Regexp" owner="BuiltIn">
<arg>${json_data['results'][0]['picture']['medium']}</arg>
<arg>^https?://.*\.(?:png|jpe?g|gif|bmp)$</arg>
<doc>Fails if ``string`` does not match ``pattern`` as a regular expression.</doc>
<status status="PASS" start="2024-07-27T21:13:10.969564" elapsed="0.000357"/>
</kw>
<kw name="Should Match Regexp" owner="BuiltIn">
<arg>${json_data['results'][0]['picture']['thumbnail']}</arg>
<arg>^https?://.*\.(?:png|jpe?g|gif|bmp)$</arg>
<doc>Fails if ``string`` does not match ``pattern`` as a regular expression.</doc>
<status status="PASS" start="2024-07-27T21:13:10.970142" elapsed="0.000364"/>
</kw>
<kw name="Log" owner="BuiltIn">
<msg time="2024-07-27T21:13:10.971042" level="INFO">{'large': 'https://randomuser.me/api/portraits/men/64.jpg', 'medium': 'https://randomuser.me/api/portraits/med/men/64.jpg', 'thumbnail': 'https://randomuser.me/api/portraits/thumb/men/64.jpg'}</msg>
<arg>${json_data['results'][0]['picture']}</arg>
<doc>Logs the given message with the given level.</doc>
<status status="PASS" start="2024-07-27T21:13:10.970718" elapsed="0.000368"/>
</kw>
<status status="PASS" start="2024-07-27T21:13:10.873357" elapsed="0.097998"/>
</kw>
<kw name="Teste de Tipos de Dados - Postcode" owner="random-user-service">
<kw name="GET On Session" owner="RequestsLibrary">
<msg time="2024-07-27T21:13:11.036651" level="INFO">GET Request : url=https://randomuser.me/api 
 path_url=/api 
 headers={'User-Agent': 'python-requests/2.32.3', 'Accept-Encoding': 'gzip, deflate', 'Accept': '*/*', 'Connection': 'keep-alive'} 
 body=None 
 </msg>
<msg time="2024-07-27T21:13:11.036750" level="INFO">GET Response : url=https://randomuser.me/api 
 status=200, reason=OK 
 headers={'Date': 'Sat, 27 Jul 2024 21:13:11 GMT', 'Content-Type': 'application/json; charset=utf-8', 'Transfer-Encoding': 'chunked', 'Connection': 'keep-alive', 'X-Powered-By': 'Express', 'Access-Control-Allow-Origin': '*', 'Cache-Control': 'no-cache', 'ETag': 'W/"47e-6BTFX6vD/YR700A/L5vo4Swwy40"', 'Vary': 'Accept-Encoding', 'Content-Encoding': 'gzip', 'CF-Cache-Status': 'DYNAMIC', 'Report-To': '{"endpoints":[{"url":"https:\\/\\/a.nel.cloudflare.com\\/report\\/v4?s=BjjvTa%2FgBUb20Crap64lLkTRe3FMARgYCftW2qoZDwOUf5MYj8kxiEukjSIZIf3WeVhENY8%2BjGgG7dj3slWseeoLJ5nw0vEjf3iIoGTTJxfRwnZVUwiXQK6FCa3EH9p8"}],"group":"cf-nel","max_age":604800}', 'NEL': '{"success_fraction":0,"report_to":"cf-nel","max_age":604800}', 'Server': 'cloudflare', 'CF-RAY': '8a9fa1c39fb220bd-IAD', 'alt-svc': 'h3=":443"; ma=86400'} 
 body={"results":[{"gender":"male","name":{"title":"Mr","first":"Stefan","last":"Vasić"},"location":{"street":{"number":4153,"name":"Đurakovačka"},"city":"Dečan","state":"Kosovo","country":"Serbia","postcode":91792,"coordinates":{"latitude":"55.8105","longitude":"-4.4613"},"timezone":{"offset":"+4:00","description":"Abu Dhabi, Muscat, Baku, Tbilisi"}},"email":"stefan.vasic@example.com","login":{"uuid":"ce96333e-4c99-4dab-b916-7b4e960a57fd","username":"bigkoala499","password":"mentor","salt":"qWJL2QS7","md5":"c673daeb186c98117d87d3b129267c90","sha1":"ba1492ba5f4bd6ae3cd976c69f60d8b1304c5724","sha256":"66f601dd926da9f748267bf8f439dc10041dc2af6d2570faafbded4a60c53f64"},"dob":{"date":"1985-10-26T12:08:35.230Z","age":38},"registered":{"date":"2007-08-25T00:45:30.567Z","age":16},"phone":"024-0634-982","cell":"065-7051-759","id":{"name":"SID","value":"502280328"},"picture":{"large":"https://randomuser.me/api/portraits/men/88.jpg","medium":"https://randomuser.me/api/portraits/med/men/88.jpg","thumbnail":"https://randomuser.me/api/portraits/thumb/men/88.jpg"},"nat":"RS"}],"info":{"seed":"0823694e868373b2","results":1,"page":1,"version":"1.4"}} 
 </msg>
<msg time="2024-07-27T21:13:11.036834" level="INFO">/opt/hostedtoolcache/Python/3.12.4/x64/lib/python3.12/site-packages/urllib3/connectionpool.py:1099: InsecureRequestWarning: Unverified HTTPS request is being made to host 'randomuser.me'. Adding certificate verification is strongly advised. See: https://urllib3.readthedocs.io/en/latest/advanced-usage.html#tls-warnings
  warnings.warn(</msg>
<msg time="2024-07-27T21:13:11.036964" level="INFO">${response} = &lt;Response [200]&gt;</msg>
<var>${response}</var>
<arg>consultarAPI</arg>
<arg>/api</arg>
<doc>Sends a GET request on a previously created HTTP Session.</doc>
<status status="PASS" start="2024-07-27T21:13:10.971811" elapsed="0.065197"/>
</kw>
<kw name="Set Variable" owner="BuiltIn">
<msg time="2024-07-27T21:13:11.038189" level="INFO">${json_data} = {'results': [{'gender': 'male', 'name': {'title': 'Mr', 'first': 'Stefan', 'last': 'Vasić'}, 'location': {'street': {'number': 4153, 'name': 'Đurakovačka'}, 'city': 'Dečan', 'state': 'Kosovo', 'countr...</msg>
<var>${json_data}</var>
<arg>${response.json()}</arg>
<doc>Returns the given values which can then be assigned to a variables.</doc>
<status status="PASS" start="2024-07-27T21:13:11.037572" elapsed="0.000649"/>
</kw>
<kw name="Log" owner="BuiltIn">
<msg time="2024-07-27T21:13:11.038710" level="INFO">{'results': [{'gender': 'male', 'name': {'title': 'Mr', 'first': 'Stefan', 'last': 'Vasić'}, 'location': {'street': {'number': 4153, 'name': 'Đurakovačka'}, 'city': 'Dečan', 'state': 'Kosovo', 'country': 'Serbia', 'postcode': 91792, 'coordinates': {'latitude': '55.8105', 'longitude': '-4.4613'}, 'timezone': {'offset': '+4:00', 'description': 'Abu Dhabi, Muscat, Baku, Tbilisi'}}, 'email': 'stefan.vasic@example.com', 'login': {'uuid': 'ce96333e-4c99-4dab-b916-7b4e960a57fd', 'username': 'bigkoala499', 'password': 'mentor', 'salt': 'qWJL2QS7', 'md5': 'c673daeb186c98117d87d3b129267c90', 'sha1': 'ba1492ba5f4bd6ae3cd976c69f60d8b1304c5724', 'sha256': '66f601dd926da9f748267bf8f439dc10041dc2af6d2570faafbded4a60c53f64'}, 'dob': {'date': '1985-10-26T12:08:35.230Z', 'age': 38}, 'registered': {'date': '2007-08-25T00:45:30.567Z', 'age': 16}, 'phone': '024-0634-982', 'cell': '065-7051-759', 'id': {'name': 'SID', 'value': '502280328'}, 'picture': {'large': 'https://randomuser.me/api/portraits/men/88.jpg', 'medium': 'https://randomuser.me/api/portraits/med/men/88.jpg', 'thumbnail': 'https://randomuser.me/api/portraits/thumb/men/88.jpg'}, 'nat': 'RS'}], 'info': {'seed': '0823694e868373b2', 'results': 1, 'page': 1, 'version': '1.4'}}</msg>
<arg>${json_data}</arg>
<doc>Logs the given message with the given level.</doc>
<status status="PASS" start="2024-07-27T21:13:11.038541" elapsed="0.000219"/>
</kw>
<kw name="Should Be Equal As Numbers" owner="BuiltIn">
<arg>${json_data['results'][0]['location']['postcode']}</arg>
<arg>${json_data['results'][0]['location']['postcode']}</arg>
<doc>Fails if objects are unequal after converting them to real numbers.</doc>
<status status="PASS" start="2024-07-27T21:13:11.039057" elapsed="0.000620"/>
</kw>
<kw name="Log" owner="BuiltIn">
<msg time="2024-07-27T21:13:11.040199" level="INFO">91792</msg>
<arg>${json_data['results'][0]['location']['postcode']}</arg>
<doc>Logs the given message with the given level.</doc>
<status status="PASS" start="2024-07-27T21:13:11.039870" elapsed="0.000370"/>
</kw>
<status status="PASS" start="2024-07-27T21:13:10.971578" elapsed="0.068947"/>
</kw>
<doc>Testa se os tipos de dados na resposta da API estão corretos.</doc>
<tag>testeTiposDados</tag>
<status status="PASS" start="2024-07-27T21:13:10.872920" elapsed="0.167780"/>
</test>
<test id="s1-s1-t5" name="Validar conteudo" line="35">
<kw name="Teste de Tipos de Conteudo" owner="random-user-service">
<kw name="GET On Session" owner="RequestsLibrary">
<msg time="2024-07-27T21:13:11.133094" level="INFO">GET Request : url=https://randomuser.me/api 
 path_url=/api 
 headers={'User-Agent': 'python-requests/2.32.3', 'Accept-Encoding': 'gzip, deflate', 'Accept': '*/*', 'Connection': 'keep-alive'} 
 body=None 
 </msg>
<msg time="2024-07-27T21:13:11.133181" level="INFO">GET Response : url=https://randomuser.me/api 
 status=200, reason=OK 
 headers={'Date': 'Sat, 27 Jul 2024 21:13:11 GMT', 'Content-Type': 'application/json; charset=utf-8', 'Transfer-Encoding': 'chunked', 'Connection': 'keep-alive', 'X-Powered-By': 'Express', 'Access-Control-Allow-Origin': '*', 'Cache-Control': 'no-cache', 'ETag': 'W/"49e-AucRR8VQUZpmWj4ZuW1WMX1SpCo"', 'Vary': 'Accept-Encoding', 'Content-Encoding': 'gzip', 'CF-Cache-Status': 'DYNAMIC', 'Report-To': '{"endpoints":[{"url":"https:\\/\\/a.nel.cloudflare.com\\/report\\/v4?s=bRN3b4FWeh8uDSu64%2FIes7En8j0%2BHsSwEbEQ5OOdCGVdTGi97dbKpb6EWMq2dSj5prPwOvEhMDxtbLt9xRBE0yonJcbthAknmb35%2FozeRHA3yqnWUO%2BYmRz0WkQ1%2BA%2F%2B"}],"group":"cf-nel","max_age":604800}', 'NEL': '{"success_fraction":0,"report_to":"cf-nel","max_age":604800}', 'Server': 'cloudflare', 'CF-RAY': '8a9fa1c4082820bd-IAD', 'alt-svc': 'h3=":443"; ma=86400'} 
 body={"results":[{"gender":"male","name":{"title":"Mr","first":"Ian","last":"Richardson"},"location":{"street":{"number":6077,"name":"Manor Road"},"city":"Cardiff","state":"Derbyshire","country":"United Kingdom","postcode":"EX5B 1FS","coordinates":{"latitude":"-6.4796","longitude":"-95.8033"},"timezone":{"offset":"+10:00","description":"Eastern Australia, Guam, Vladivostok"}},"email":"ian.richardson@example.com","login":{"uuid":"6cf96240-159f-4297-b52e-ff2d824781ac","username":"blacktiger973","password":"forrest","salt":"fxK9jJDn","md5":"78779905d9cbcde4895602d92894f272","sha1":"a5ccd93fed8e2d4af8d2c17381c2d8d6c035db3f","sha256":"cca491f960cecbb76c4550bfa39435511dc3efc5b22e3047e04f2d7fb1eb1cb1"},"dob":{"date":"1998-12-26T06:01:24.900Z","age":25},"registered":{"date":"2004-11-29T17:15:27.046Z","age":19},"phone":"016973 93633","cell":"07937 310843","id":{"name":"NINO","value":"YC 21 97 91 X"},"picture":{"large":"https://randomuser.me/api/portraits/men/81.jpg","medium":"https://randomuser.me/api/portraits/med/men/81.jpg","thumbnail":"https://randomuser.me/api/portraits/thumb/men/81.jpg"},"nat":"GB"}],"info":{"seed":"9b7fb51937cd4f4b","results":1,"page":1,"version":"1.4"}} 
 </msg>
<msg time="2024-07-27T21:13:11.133244" level="INFO">/opt/hostedtoolcache/Python/3.12.4/x64/lib/python3.12/site-packages/urllib3/connectionpool.py:1099: InsecureRequestWarning: Unverified HTTPS request is being made to host 'randomuser.me'. Adding certificate verification is strongly advised. See: https://urllib3.readthedocs.io/en/latest/advanced-usage.html#tls-warnings
  warnings.warn(</msg>
<msg time="2024-07-27T21:13:11.133342" level="INFO">${response} = &lt;Response [200]&gt;</msg>
<var>${response}</var>
<arg>consultarAPI</arg>
<arg>/api</arg>
<doc>Sends a GET request on a previously created HTTP Session.</doc>
<status status="PASS" start="2024-07-27T21:13:11.043601" elapsed="0.089779"/>
</kw>
<kw name="Set Variable" owner="BuiltIn">
<msg time="2024-07-27T21:13:11.134346" level="INFO">${json_data} = {'results': [{'gender': 'male', 'name': {'title': 'Mr', 'first': 'Ian', 'last': 'Richardson'}, 'location': {'street': {'number': 6077, 'name': 'Manor Road'}, 'city': 'Cardiff', 'state': 'Derbyshire', ...</msg>
<var>${json_data}</var>
<arg>${response.json()}</arg>
<doc>Returns the given values which can then be assigned to a variables.</doc>
<status status="PASS" start="2024-07-27T21:13:11.133821" elapsed="0.000555"/>
</kw>
<kw name="Set Variable" owner="BuiltIn">
<msg time="2024-07-27T21:13:11.135087" level="INFO">${name_title} = Mr</msg>
<var>${name_title}</var>
<arg>${json_data["results"][0]["name"]["title"]}</arg>
<doc>Returns the given values which can then be assigned to a variables.</doc>
<status status="PASS" start="2024-07-27T21:13:11.134704" elapsed="0.000408"/>
</kw>
<kw name="Create List" owner="BuiltIn">
<msg time="2024-07-27T21:13:11.135555" level="INFO">${allowed_titles} = ['Mr', 'Ms', 'Miss', 'Mrs', 'Madame', 'Monsieur']</msg>
<var>${allowed_titles}</var>
<arg>Mr</arg>
<arg>Ms</arg>
<arg>Miss</arg>
<arg>Mrs</arg>
<arg>Madame</arg>
<arg>Monsieur</arg>
<doc>Returns a list containing given items.</doc>
<status status="PASS" start="2024-07-27T21:13:11.135407" elapsed="0.000172"/>
</kw>
<kw name="List Should Contain Value" owner="Collections">
<arg>${allowed_titles}</arg>
<arg>${name_title}</arg>
<doc>Fails if the ``value`` is not found from ``list``.</doc>
<status status="PASS" start="2024-07-27T21:13:11.135872" elapsed="0.000196"/>
</kw>
<kw name="Set Variable" owner="BuiltIn">
<msg time="2024-07-27T21:13:11.136619" level="INFO">${name_country} = GB</msg>
<var>${name_country}</var>
<arg>${json_data["results"][0]["nat"]}</arg>
<doc>Returns the given values which can then be assigned to a variables.</doc>
<status status="PASS" start="2024-07-27T21:13:11.136249" elapsed="0.000395"/>
</kw>
<kw name="Create List" owner="BuiltIn">
<msg time="2024-07-27T21:13:11.137527" level="INFO">${list_country} = ['AD', 'AE', 'AF', 'AG', 'AI', 'AL', 'AM', 'AO', 'AQ', 'AR', 'AS', 'AT', 'AU', 'AW', 'AX', 'AZ', 'BA', 'BB', 'BD', 'BE', 'BF', 'BG', 'BH', 'BI', 'BJ', 'BL', 'BM', 'BN', 'BO', 'BQ', 'BR', 'BS', 'BT', '...</msg>
<var>${list_country}</var>
<arg>AD</arg>
<arg>AE</arg>
<arg>AF</arg>
<arg>AG</arg>
<arg>AI</arg>
<arg>AL</arg>
<arg>AM</arg>
<arg>AO</arg>
<arg>AQ</arg>
<arg>AR</arg>
<arg>AS</arg>
<arg>AT</arg>
<arg>AU</arg>
<arg>AW</arg>
<arg>AX</arg>
<arg>AZ</arg>
<arg>BA</arg>
<arg>BB</arg>
<arg>BD</arg>
<arg>BE</arg>
<arg>BF</arg>
<arg>BG</arg>
<arg>BH</arg>
<arg>BI</arg>
<arg>BJ</arg>
<arg>BL</arg>
<arg>BM</arg>
<arg>BN</arg>
<arg>BO</arg>
<arg>BQ</arg>
<arg>BR</arg>
<arg>BS</arg>
<arg>BT</arg>
<arg>BV</arg>
<arg>BW</arg>
<arg>BY</arg>
<arg>BZ</arg>
<arg>CA</arg>
<arg>CC</arg>
<arg>CD</arg>
<arg>CF</arg>
<arg>CG</arg>
<arg>CH</arg>
<arg>CI</arg>
<arg>CK</arg>
<arg>CL</arg>
<arg>CM</arg>
<arg>CN</arg>
<arg>CO</arg>
<arg>CR</arg>
<arg>CU</arg>
<arg>CV</arg>
<arg>CW</arg>
<arg>CX</arg>
<arg>CY</arg>
<arg>CZ</arg>
<arg>DE</arg>
<arg>DJ</arg>
<arg>DK</arg>
<arg>DM</arg>
<arg>DO</arg>
<arg>DZ</arg>
<arg>EC</arg>
<arg>EE</arg>
<arg>EG</arg>
<arg>EH</arg>
<arg>ER</arg>
<arg>ES</arg>
<arg>ET</arg>
<arg>FI</arg>
<arg>FJ</arg>
<arg>FK</arg>
<arg>FM</arg>
<arg>FO</arg>
<arg>FR</arg>
<arg>GA</arg>
<arg>GB</arg>
<arg>GD</arg>
<arg>GE</arg>
<arg>GF</arg>
<arg>GG</arg>
<arg>GH</arg>
<arg>GI</arg>
<arg>GL</arg>
<arg>GM</arg>
<arg>GN</arg>
<arg>GP</arg>
<arg>GQ</arg>
<arg>GR</arg>
<arg>GS</arg>
<arg>GT</arg>
<arg>GU</arg>
<arg>GW</arg>
<arg>GY</arg>
<arg>HK</arg>
<arg>HM</arg>
<arg>HN</arg>
<arg>HR</arg>
<arg>HT</arg>
<arg>HU</arg>
<arg>ID</arg>
<arg>IE</arg>
<arg>IL</arg>
<arg>IM</arg>
<arg>IN</arg>
<arg>IO</arg>
<arg>IQ</arg>
<arg>IR</arg>
<arg>IS</arg>
<arg>IT</arg>
<arg>JE</arg>
<arg>JM</arg>
<arg>JO</arg>
<arg>JP</arg>
<arg>KE</arg>
<arg>KG</arg>
<arg>KH</arg>
<arg>KI</arg>
<arg>KM</arg>
<arg>KN</arg>
<arg>KP</arg>
<arg>KR</arg>
<arg>KW</arg>
<arg>KY</arg>
<arg>KZ</arg>
<arg>LA</arg>
<arg>LB</arg>
<arg>LC</arg>
<arg>LI</arg>
<arg>LK</arg>
<arg>LR</arg>
<arg>LS</arg>
<arg>LT</arg>
<arg>LU</arg>
<arg>LV</arg>
<arg>LY</arg>
<arg>MA</arg>
<arg>MC</arg>
<arg>MD</arg>
<arg>ME</arg>
<arg>MF</arg>
<arg>MG</arg>
<arg>MH</arg>
<arg>MK</arg>
<arg>ML</arg>
<arg>MM</arg>
<arg>MN</arg>
<arg>MO</arg>
<arg>MP</arg>
<arg>MQ</arg>
<arg>MR</arg>
<arg>MS</arg>
<arg>MT</arg>
<arg>MU</arg>
<arg>MV</arg>
<arg>MW</arg>
<arg>MX</arg>
<arg>MY</arg>
<arg>MZ</arg>
<arg>NA</arg>
<arg>NC</arg>
<arg>NE</arg>
<arg>NF</arg>
<arg>NG</arg>
<arg>NI</arg>
<arg>NL</arg>
<arg>NO</arg>
<arg>NP</arg>
<arg>NR</arg>
<arg>NU</arg>
<arg>NZ</arg>
<arg>OM</arg>
<arg>PA</arg>
<arg>PE</arg>
<arg>PF</arg>
<arg>PG</arg>
<arg>PH</arg>
<arg>PK</arg>
<arg>PL</arg>
<arg>PM</arg>
<arg>PN</arg>
<arg>PR</arg>
<arg>PS</arg>
<arg>PT</arg>
<arg>PW</arg>
<arg>PY</arg>
<arg>QA</arg>
<arg>RE</arg>
<arg>RO</arg>
<arg>RS</arg>
<arg>RU</arg>
<arg>RW</arg>
<arg>SA</arg>
<arg>SB</arg>
<arg>SC</arg>
<arg>SD</arg>
<arg>SE</arg>
<arg>SG</arg>
<arg>SH</arg>
<arg>SI</arg>
<arg>SJ</arg>
<arg>SK</arg>
<arg>SL</arg>
<arg>SM</arg>
<arg>SN</arg>
<arg>SO</arg>
<arg>SR</arg>
<arg>SS</arg>
<arg>ST</arg>
<arg>SV</arg>
<arg>SX</arg>
<arg>SY</arg>
<arg>SZ</arg>
<arg>TC</arg>
<arg>TD</arg>
<arg>TF</arg>
<arg>TG</arg>
<arg>TH</arg>
<arg>TJ</arg>
<arg>TK</arg>
<arg>TL</arg>
<arg>TM</arg>
<arg>TN</arg>
<arg>TO</arg>
<arg>TR</arg>
<arg>TT</arg>
<arg>TV</arg>
<arg>TW</arg>
<arg>TZ</arg>
<arg>UA</arg>
<arg>UG</arg>
<arg>UM</arg>
<arg>US</arg>
<arg>UY</arg>
<arg>UZ</arg>
<arg>VA</arg>
<arg>VC</arg>
<arg>VE</arg>
<arg>VG</arg>
<arg>VI</arg>
<arg>VN</arg>
<arg>VU</arg>
<arg>WF</arg>
<arg>WS</arg>
<arg>XK</arg>
<arg>YE</arg>
<arg>YT</arg>
<arg>ZA</arg>
<arg>ZM</arg>
<arg>ZW</arg>
<doc>Returns a list containing given items.</doc>
<status status="PASS" start="2024-07-27T21:13:11.136933" elapsed="0.000619"/>
</kw>
<kw name="List Should Contain Value" owner="Collections">
<arg>${list_country}</arg>
<arg>${name_country}</arg>
<doc>Fails if the ``value`` is not found from ``list``.</doc>
<status status="PASS" start="2024-07-27T21:13:11.138530" elapsed="0.000210"/>
</kw>
<kw name="Run Keyword If" owner="BuiltIn">
<kw name="Should Be True" owner="BuiltIn">
<arg>${True}</arg>
<doc>Fails if the given condition is not true.</doc>
<status status="PASS" start="2024-07-27T21:13:11.139691" elapsed="0.000141"/>
</kw>
<arg>${json_data["results"][0]["location"]["coordinates"]["latitude"]} &gt;= -90 and ${json_data["results"][0]["location"]["coordinates"]["latitude"]} &lt;= 90</arg>
<arg>Should Be True</arg>
<arg>${True}</arg>
<doc>Runs the given keyword with the given arguments, if ``condition`` is true.</doc>
<status status="PASS" start="2024-07-27T21:13:11.138940" elapsed="0.001017"/>
</kw>
<kw name="Run Keyword If" owner="BuiltIn">
<kw name="Should Be True" owner="BuiltIn">
<arg>${True}</arg>
<doc>Fails if the given condition is not true.</doc>
<status status="PASS" start="2024-07-27T21:13:11.140825" elapsed="0.000136"/>
</kw>
<arg>${json_data["results"][0]["location"]["coordinates"]["longitude"]} &gt;= -180 and ${json_data["results"][0]["location"]["coordinates"]["longitude"]} &lt;= 180</arg>
<arg>Should Be True</arg>
<arg>${True}</arg>
<doc>Runs the given keyword with the given arguments, if ``condition`` is true.</doc>
<status status="PASS" start="2024-07-27T21:13:11.140137" elapsed="0.000946"/>
</kw>
<status status="PASS" start="2024-07-27T21:13:11.043219" elapsed="0.097995"/>
</kw>
<doc>Testa o conteúdo específico dos campos retornados pela API.</doc>
<tag>testeConteudo</tag>
<status status="PASS" start="2024-07-27T21:13:11.042555" elapsed="0.098807"/>
</test>
<status status="PASS" start="2024-07-27T21:13:10.142886" elapsed="1.000403"/>
</suite>
<status status="PASS" start="2024-07-27T21:13:10.128003" elapsed="1.020307"/>
</suite>
<statistics>
<total>
<stat pass="5" fail="0" skip="0">All Tests</stat>
</total>
<tag>
<stat pass="1" fail="0" skip="0">testeConteudo</stat>
<stat pass="1" fail="0" skip="0">testeEstruturaResposta</stat>
<stat pass="1" fail="0" skip="0">testeRequisicaoBasica</stat>
<stat pass="1" fail="0" skip="0">testeTiposDados</stat>
</tag>
<suite>
<stat pass="5" fail="0" skip="0" id="s1" name="Tests">Tests</stat>
<stat pass="5" fail="0" skip="0" id="s1-s1" name="Random-User-Test">Tests.Random-User-Test</stat>
</suite>
</statistics>
<errors>
</errors>
</robot>
