<?xml version="1.0" encoding="UTF-8"?>
<robot generator="Robot 7.0 (Python 3.12.3 on linux)" generated="2024-05-25T01:02:13.888166" rpa="false" schemaversion="5">
<suite id="s1" name="Tests" source="/home/runner/work/DesafioQAItauRogerioJordao/DesafioQAItauRogerioJordao/RamdonUser/tests">
<suite id="s1-s1" name="Random-User-Test" source="/home/runner/work/DesafioQAItauRogerioJordao/DesafioQAItauRogerioJordao/RamdonUser/tests/random-user-test.robot">
<test id="s1-s1-t1" name="Conectar" line="13">
<kw name="Conectar API" owner="random-user-service">
<kw name="Create Session" owner="RequestsLibrary">
<msg time="2024-05-25T01:02:14.275506" level="INFO">Creating Session using : alias=consultarAPI, url=https://randomuser.me/, headers={},                     cookies={}, auth=None, timeout=None, proxies=None, verify=False,                     debug=0 </msg>
<arg>consultarAPI</arg>
<arg>${URL}</arg>
<doc>Create Session: create a HTTP session to a server</doc>
<status status="PASS" start="2024-05-25T01:02:14.275308" elapsed="0.000375"/>
</kw>
<status status="PASS" start="2024-05-25T01:02:14.274258" elapsed="0.001773"/>
</kw>
<status status="PASS" start="2024-05-25T01:02:14.273679" elapsed="0.002545"/>
</test>
<test id="s1-s1-t2" name="Validar retorno 200 e JSON Válido" line="16">
<kw name="Teste de Requisicao Basica" owner="random-user-service">
<kw name="GET On Session" owner="RequestsLibrary">
<msg time="2024-05-25T01:02:14.402125" level="INFO">GET Request : url=https://randomuser.me/api 
 path_url=/api 
 headers={'User-Agent': 'python-requests/2.32.2', 'Accept-Encoding': 'gzip, deflate', 'Accept': '*/*', 'Connection': 'keep-alive'} 
 body=None 
 </msg>
<msg time="2024-05-25T01:02:14.402256" level="INFO">GET Response : url=https://randomuser.me/api 
 status=200, reason=OK 
 headers={'Date': 'Sat, 25 May 2024 01:02:14 GMT', 'Content-Type': 'application/json; charset=utf-8', 'Transfer-Encoding': 'chunked', 'Connection': 'keep-alive', 'X-Powered-By': 'Express', 'Access-Control-Allow-Origin': '*', 'Cache-Control': 'no-cache', 'ETag': 'W/"48b-81PaNdwqXkL6sJpX1nDn28owOyo"', 'Vary': 'Accept-Encoding', 'Content-Encoding': 'gzip', 'CF-Cache-Status': 'DYNAMIC', 'Report-To': '{"endpoints":[{"url":"https:\\/\\/a.nel.cloudflare.com\\/report\\/v4?s=DbLUHKQeZ1KoWzGvdUiA82PX07gavgOWmmepTpzgI14GDXK7I4tQh13GiM4eArI7WBIGx4RefKQIb5VIrgo4gs81XtRAUbyfxDu%2BfYTwPqVq59x1FJzaSlzICyHgbpJO"}],"group":"cf-nel","max_age":604800}', 'NEL': '{"success_fraction":0,"report_to":"cf-nel","max_age":604800}', 'Server': 'cloudflare', 'CF-RAY': '8891994b7b4b67f0-SJC', 'alt-svc': 'h3=":443"; ma=86400'} 
 body={"results":[{"gender":"male","name":{"title":"Mr","first":"Guy","last":"Soto"},"location":{"street":{"number":1950,"name":"Park Avenue"},"city":"Swords","state":"Waterford","country":"Ireland","postcode":15534,"coordinates":{"latitude":"3.7491","longitude":"-4.4284"},"timezone":{"offset":"0:00","description":"Western Europe Time, London, Lisbon, Casablanca"}},"email":"guy.soto@example.com","login":{"uuid":"6d739de0-fa71-466f-a0dc-d91b852aae40","username":"ticklishpeacock868","password":"6666666","salt":"8QEeyA0x","md5":"545605c74df2f20fe3a72c47eb42e4b9","sha1":"a78258d7170817a34dbd8ad9b8edb7c6b89f1f35","sha256":"04ee98811f06b6212a6d6a7ac62092bc97cfbe6b89a283cf11690aec67d686ee"},"dob":{"date":"1977-10-07T02:41:51.620Z","age":46},"registered":{"date":"2004-06-30T18:37:58.915Z","age":19},"phone":"041-316-6920","cell":"081-508-8297","id":{"name":"PPS","value":"2151876T"},"picture":{"large":"https://randomuser.me/api/portraits/men/72.jpg","medium":"https://randomuser.me/api/portraits/med/men/72.jpg","thumbnail":"https://randomuser.me/api/portraits/thumb/men/72.jpg"},"nat":"IE"}],"info":{"seed":"489ed5c557776cf4","results":1,"page":1,"version":"1.4"}} 
 </msg>
<msg time="2024-05-25T01:02:14.402331" level="INFO">/opt/hostedtoolcache/Python/3.12.3/x64/lib/python3.12/site-packages/urllib3/connectionpool.py:1103: InsecureRequestWarning: Unverified HTTPS request is being made to host 'randomuser.me'. Adding certificate verification is strongly advised. See: https://urllib3.readthedocs.io/en/latest/advanced-usage.html#tls-warnings
  warnings.warn(</msg>
<msg time="2024-05-25T01:02:14.402472" level="INFO">${response} = &lt;Response [200]&gt;</msg>
<var>${response}</var>
<arg>consultarAPI</arg>
<arg>/api</arg>
<doc>Sends a GET request on a previously created HTTP Session.</doc>
<status status="PASS" start="2024-05-25T01:02:14.278838" elapsed="0.123674"/>
</kw>
<kw name="Should Be Equal As Numbers" owner="BuiltIn">
<msg time="2024-05-25T01:02:14.403384" level="INFO">Argument types are:
&lt;class 'int'&gt;
&lt;class 'str'&gt;</msg>
<arg>${response.status_code}</arg>
<arg>200</arg>
<doc>Fails if objects are unequal after converting them to real numbers.</doc>
<status status="PASS" start="2024-05-25T01:02:14.402957" elapsed="0.000493"/>
</kw>
<kw name="Log" owner="BuiltIn">
<msg time="2024-05-25T01:02:14.404143" level="INFO">200</msg>
<arg>${response.status_code}</arg>
<doc>Logs the given message with the given level.</doc>
<status status="PASS" start="2024-05-25T01:02:14.403796" elapsed="0.000396"/>
</kw>
<kw name="Set Variable" owner="BuiltIn">
<msg time="2024-05-25T01:02:14.404933" level="INFO">${json_data} = {'results': [{'gender': 'male', 'name': {'title': 'Mr', 'first': 'Guy', 'last': 'Soto'}, 'location': {'street': {'number': 1950, 'name': 'Park Avenue'}, 'city': 'Swords', 'state': 'Waterford', 'countr...</msg>
<var>${json_data}</var>
<arg>${response.json()}</arg>
<doc>Returns the given values which can then be assigned to a variables.</doc>
<status status="PASS" start="2024-05-25T01:02:14.404501" elapsed="0.000461"/>
</kw>
<kw name="Dictionary Should Contain Key" owner="Collections">
<msg time="2024-05-25T01:02:14.405433" level="INFO">False</msg>
<arg>${json_data}</arg>
<arg>results</arg>
<doc>Fails if ``key`` is not found from ``dictionary``.</doc>
<status status="PASS" start="2024-05-25T01:02:14.405265" elapsed="0.000350"/>
</kw>
<status status="PASS" start="2024-05-25T01:02:14.278587" elapsed="0.127292"/>
</kw>
<doc>Testa se a API responde corretamente e retorna um objeto JSON válido.</doc>
<tag>testeRequisicaoBasica</tag>
<status status="PASS" start="2024-05-25T01:02:14.278130" elapsed="0.127929"/>
</test>
<test id="s1-s1-t3" name="Validar estrutura de resposta" line="22">
<kw name="Teste de Estrutura de Resposta" owner="random-user-service">
<kw name="GET On Session" owner="RequestsLibrary">
<msg time="2024-05-25T01:02:14.503083" level="INFO">GET Request : url=https://randomuser.me/api 
 path_url=/api 
 headers={'User-Agent': 'python-requests/2.32.2', 'Accept-Encoding': 'gzip, deflate', 'Accept': '*/*', 'Connection': 'keep-alive'} 
 body=None 
 </msg>
<msg time="2024-05-25T01:02:14.503175" level="INFO">GET Response : url=https://randomuser.me/api 
 status=200, reason=OK 
 headers={'Date': 'Sat, 25 May 2024 01:02:14 GMT', 'Content-Type': 'application/json; charset=utf-8', 'Transfer-Encoding': 'chunked', 'Connection': 'keep-alive', 'X-Powered-By': 'Express', 'Access-Control-Allow-Origin': '*', 'Cache-Control': 'no-cache', 'ETag': 'W/"498-gJ4AtaBRfuLLNvKqxROxHhbXl5k"', 'Vary': 'Accept-Encoding', 'Content-Encoding': 'gzip', 'CF-Cache-Status': 'DYNAMIC', 'Report-To': '{"endpoints":[{"url":"https:\\/\\/a.nel.cloudflare.com\\/report\\/v4?s=mN4glj2k6bY1tOGAGRJzCl%2F9H%2FejF%2FhxX40Q42wSUJYIaZMIjHQW5j%2BVt9UCf8WrisNCIsrma62fcd88PFo%2FAi6BzmTnF9XjVkzcpNojgVjdKO9HB9uZBzt%2FikB4Tgyn"}],"group":"cf-nel","max_age":604800}', 'NEL': '{"success_fraction":0,"report_to":"cf-nel","max_age":604800}', 'Server': 'cloudflare', 'CF-RAY': '8891994c1bcb67f0-SJC', 'alt-svc': 'h3=":443"; ma=86400'} 
 body={"results":[{"gender":"male","name":{"title":"Mr","first":"Derrick","last":"Brooks"},"location":{"street":{"number":7694,"name":"Railroad St"},"city":"Sydney","state":"South Australia","country":"Australia","postcode":2450,"coordinates":{"latitude":"-86.5681","longitude":"-109.1801"},"timezone":{"offset":"+5:00","description":"Ekaterinburg, Islamabad, Karachi, Tashkent"}},"email":"derrick.brooks@example.com","login":{"uuid":"41acac9b-bdad-4b48-a9e3-8725ca56ab21","username":"whiteduck589","password":"millie","salt":"TZN1SqHN","md5":"d5f3477178168c3fc6791a2beb332b06","sha1":"dca1489ea68a12e0d493b26476c55b68b99d3066","sha256":"93e3595a5bf9905919e718073e401934696eb91492a03e5834dbdaea32a5acc9"},"dob":{"date":"1970-10-25T07:16:42.244Z","age":53},"registered":{"date":"2005-05-19T23:31:38.500Z","age":19},"phone":"07-6346-7108","cell":"0487-921-474","id":{"name":"TFN","value":"060821901"},"picture":{"large":"https://randomuser.me/api/portraits/men/31.jpg","medium":"https://randomuser.me/api/portraits/med/men/31.jpg","thumbnail":"https://randomuser.me/api/portraits/thumb/men/31.jpg"},"nat":"AU"}],"info":{"seed":"a9f2f8035eca07c6","results":1,"page":1,"version":"1.4"}} 
 </msg>
<msg time="2024-05-25T01:02:14.503278" level="INFO">/opt/hostedtoolcache/Python/3.12.3/x64/lib/python3.12/site-packages/urllib3/connectionpool.py:1103: InsecureRequestWarning: Unverified HTTPS request is being made to host 'randomuser.me'. Adding certificate verification is strongly advised. See: https://urllib3.readthedocs.io/en/latest/advanced-usage.html#tls-warnings
  warnings.warn(</msg>
<msg time="2024-05-25T01:02:14.503396" level="INFO">${response} = &lt;Response [200]&gt;</msg>
<var>${response}</var>
<arg>consultarAPI</arg>
<arg>/api</arg>
<doc>Sends a GET request on a previously created HTTP Session.</doc>
<status status="PASS" start="2024-05-25T01:02:14.408653" elapsed="0.094786"/>
</kw>
<kw name="Set Variable" owner="BuiltIn">
<msg time="2024-05-25T01:02:14.504296" level="INFO">${json_data} = {'results': [{'gender': 'male', 'name': {'title': 'Mr', 'first': 'Derrick', 'last': 'Brooks'}, 'location': {'street': {'number': 7694, 'name': 'Railroad St'}, 'city': 'Sydney', 'state': 'South Austral...</msg>
<var>${json_data}</var>
<arg>${response.json()}</arg>
<doc>Returns the given values which can then be assigned to a variables.</doc>
<status status="PASS" start="2024-05-25T01:02:14.503821" elapsed="0.000504"/>
</kw>
<kw name="Log" owner="BuiltIn">
<msg time="2024-05-25T01:02:14.504796" level="INFO">{'results': [{'gender': 'male', 'name': {'title': 'Mr', 'first': 'Derrick', 'last': 'Brooks'}, 'location': {'street': {'number': 7694, 'name': 'Railroad St'}, 'city': 'Sydney', 'state': 'South Australia', 'country': 'Australia', 'postcode': 2450, 'coordinates': {'latitude': '-86.5681', 'longitude': '-109.1801'}, 'timezone': {'offset': '+5:00', 'description': 'Ekaterinburg, Islamabad, Karachi, Tashkent'}}, 'email': 'derrick.brooks@example.com', 'login': {'uuid': '41acac9b-bdad-4b48-a9e3-8725ca56ab21', 'username': 'whiteduck589', 'password': 'millie', 'salt': 'TZN1SqHN', 'md5': 'd5f3477178168c3fc6791a2beb332b06', 'sha1': 'dca1489ea68a12e0d493b26476c55b68b99d3066', 'sha256': '93e3595a5bf9905919e718073e401934696eb91492a03e5834dbdaea32a5acc9'}, 'dob': {'date': '1970-10-25T07:16:42.244Z', 'age': 53}, 'registered': {'date': '2005-05-19T23:31:38.500Z', 'age': 19}, 'phone': '07-6346-7108', 'cell': '0487-921-474', 'id': {'name': 'TFN', 'value': '060821901'}, 'picture': {'large': 'https://randomuser.me/api/portraits/men/31.jpg', 'medium': 'https://randomuser.me/api/portraits/med/men/31.jpg', 'thumbnail': 'https://randomuser.me/api/portraits/thumb/men/31.jpg'}, 'nat': 'AU'}], 'info': {'seed': 'a9f2f8035eca07c6', 'results': 1, 'page': 1, 'version': '1.4'}}</msg>
<arg>${json_data}</arg>
<doc>Logs the given message with the given level.</doc>
<status status="PASS" start="2024-05-25T01:02:14.504637" elapsed="0.000206"/>
</kw>
<kw name="Dictionary Should Contain Key" owner="Collections">
<msg time="2024-05-25T01:02:14.505297" level="INFO">False</msg>
<arg>${json_data}</arg>
<arg>results</arg>
<doc>Fails if ``key`` is not found from ``dictionary``.</doc>
<status status="PASS" start="2024-05-25T01:02:14.505140" elapsed="0.000195"/>
</kw>
<kw name="Should Not Be Empty" owner="BuiltIn">
<msg time="2024-05-25T01:02:14.505769" level="INFO">Length is 2.</msg>
<arg>${json_data}</arg>
<doc>Verifies that the given item is not empty.</doc>
<status status="PASS" start="2024-05-25T01:02:14.505628" elapsed="0.000181"/>
</kw>
<kw name="Create List" owner="BuiltIn">
<msg time="2024-05-25T01:02:14.506307" level="INFO">${expected_keys} = ['gender', 'name', 'location', 'email', 'login']</msg>
<var>${expected_keys}</var>
<arg>gender</arg>
<arg>name</arg>
<arg>location</arg>
<arg>email</arg>
<arg>login</arg>
<doc>Returns a list containing given items.</doc>
<status status="PASS" start="2024-05-25T01:02:14.506148" elapsed="0.000184"/>
</kw>
<for flavor="IN">
<iter>
<kw name="Dictionary Should Contain Key" owner="Collections">
<msg time="2024-05-25T01:02:14.507337" level="INFO">False</msg>
<arg>${json_data['results'][0]}</arg>
<arg>${key}</arg>
<doc>Fails if ``key`` is not found from ``dictionary``.</doc>
<status status="PASS" start="2024-05-25T01:02:14.506921" elapsed="0.000460"/>
</kw>
<kw name="Log" owner="BuiltIn">
<msg time="2024-05-25T01:02:14.508056" level="INFO">{'gender': 'male', 'name': {'title': 'Mr', 'first': 'Derrick', 'last': 'Brooks'}, 'location': {'street': {'number': 7694, 'name': 'Railroad St'}, 'city': 'Sydney', 'state': 'South Australia', 'country': 'Australia', 'postcode': 2450, 'coordinates': {'latitude': '-86.5681', 'longitude': '-109.1801'}, 'timezone': {'offset': '+5:00', 'description': 'Ekaterinburg, Islamabad, Karachi, Tashkent'}}, 'email': 'derrick.brooks@example.com', 'login': {'uuid': '41acac9b-bdad-4b48-a9e3-8725ca56ab21', 'username': 'whiteduck589', 'password': 'millie', 'salt': 'TZN1SqHN', 'md5': 'd5f3477178168c3fc6791a2beb332b06', 'sha1': 'dca1489ea68a12e0d493b26476c55b68b99d3066', 'sha256': '93e3595a5bf9905919e718073e401934696eb91492a03e5834dbdaea32a5acc9'}, 'dob': {'date': '1970-10-25T07:16:42.244Z', 'age': 53}, 'registered': {'date': '2005-05-19T23:31:38.500Z', 'age': 19}, 'phone': '07-6346-7108', 'cell': '0487-921-474', 'id': {'name': 'TFN', 'value': '060821901'}, 'picture': {'large': 'https://randomuser.me/api/portraits/men/31.jpg', 'medium': 'https://randomuser.me/api/portraits/med/men/31.jpg', 'thumbnail': 'https://randomuser.me/api/portraits/thumb/men/31.jpg'}, 'nat': 'AU'}</msg>
<arg>${json_data['results'][0]}</arg>
<doc>Logs the given message with the given level.</doc>
<status status="PASS" start="2024-05-25T01:02:14.507682" elapsed="0.000430"/>
</kw>
<kw name="Log" owner="BuiltIn">
<msg time="2024-05-25T01:02:14.508543" level="INFO">gender</msg>
<arg>${key}</arg>
<doc>Logs the given message with the given level.</doc>
<status status="PASS" start="2024-05-25T01:02:14.508413" elapsed="0.000168"/>
</kw>
<var name="${key}">gender</var>
<status status="PASS" start="2024-05-25T01:02:14.506790" elapsed="0.002010"/>
</iter>
<iter>
<kw name="Dictionary Should Contain Key" owner="Collections">
<msg time="2024-05-25T01:02:14.509504" level="INFO">False</msg>
<arg>${json_data['results'][0]}</arg>
<arg>${key}</arg>
<doc>Fails if ``key`` is not found from ``dictionary``.</doc>
<status status="PASS" start="2024-05-25T01:02:14.509112" elapsed="0.000431"/>
</kw>
<kw name="Log" owner="BuiltIn">
<msg time="2024-05-25T01:02:14.510281" level="INFO">{'gender': 'male', 'name': {'title': 'Mr', 'first': 'Derrick', 'last': 'Brooks'}, 'location': {'street': {'number': 7694, 'name': 'Railroad St'}, 'city': 'Sydney', 'state': 'South Australia', 'country': 'Australia', 'postcode': 2450, 'coordinates': {'latitude': '-86.5681', 'longitude': '-109.1801'}, 'timezone': {'offset': '+5:00', 'description': 'Ekaterinburg, Islamabad, Karachi, Tashkent'}}, 'email': 'derrick.brooks@example.com', 'login': {'uuid': '41acac9b-bdad-4b48-a9e3-8725ca56ab21', 'username': 'whiteduck589', 'password': 'millie', 'salt': 'TZN1SqHN', 'md5': 'd5f3477178168c3fc6791a2beb332b06', 'sha1': 'dca1489ea68a12e0d493b26476c55b68b99d3066', 'sha256': '93e3595a5bf9905919e718073e401934696eb91492a03e5834dbdaea32a5acc9'}, 'dob': {'date': '1970-10-25T07:16:42.244Z', 'age': 53}, 'registered': {'date': '2005-05-19T23:31:38.500Z', 'age': 19}, 'phone': '07-6346-7108', 'cell': '0487-921-474', 'id': {'name': 'TFN', 'value': '060821901'}, 'picture': {'large': 'https://randomuser.me/api/portraits/men/31.jpg', 'medium': 'https://randomuser.me/api/portraits/med/men/31.jpg', 'thumbnail': 'https://randomuser.me/api/portraits/thumb/men/31.jpg'}, 'nat': 'AU'}</msg>
<arg>${json_data['results'][0]}</arg>
<doc>Logs the given message with the given level.</doc>
<status status="PASS" start="2024-05-25T01:02:14.509869" elapsed="0.000472"/>
</kw>
<kw name="Log" owner="BuiltIn">
<msg time="2024-05-25T01:02:14.510775" level="INFO">name</msg>
<arg>${key}</arg>
<doc>Logs the given message with the given level.</doc>
<status status="PASS" start="2024-05-25T01:02:14.510645" elapsed="0.000168"/>
</kw>
<var name="${key}">name</var>
<status status="PASS" start="2024-05-25T01:02:14.508994" elapsed="0.002034"/>
</iter>
<iter>
<kw name="Dictionary Should Contain Key" owner="Collections">
<msg time="2024-05-25T01:02:14.511709" level="INFO">False</msg>
<arg>${json_data['results'][0]}</arg>
<arg>${key}</arg>
<doc>Fails if ``key`` is not found from ``dictionary``.</doc>
<status status="PASS" start="2024-05-25T01:02:14.511328" elapsed="0.000420"/>
</kw>
<kw name="Log" owner="BuiltIn">
<msg time="2024-05-25T01:02:14.512423" level="INFO">{'gender': 'male', 'name': {'title': 'Mr', 'first': 'Derrick', 'last': 'Brooks'}, 'location': {'street': {'number': 7694, 'name': 'Railroad St'}, 'city': 'Sydney', 'state': 'South Australia', 'country': 'Australia', 'postcode': 2450, 'coordinates': {'latitude': '-86.5681', 'longitude': '-109.1801'}, 'timezone': {'offset': '+5:00', 'description': 'Ekaterinburg, Islamabad, Karachi, Tashkent'}}, 'email': 'derrick.brooks@example.com', 'login': {'uuid': '41acac9b-bdad-4b48-a9e3-8725ca56ab21', 'username': 'whiteduck589', 'password': 'millie', 'salt': 'TZN1SqHN', 'md5': 'd5f3477178168c3fc6791a2beb332b06', 'sha1': 'dca1489ea68a12e0d493b26476c55b68b99d3066', 'sha256': '93e3595a5bf9905919e718073e401934696eb91492a03e5834dbdaea32a5acc9'}, 'dob': {'date': '1970-10-25T07:16:42.244Z', 'age': 53}, 'registered': {'date': '2005-05-19T23:31:38.500Z', 'age': 19}, 'phone': '07-6346-7108', 'cell': '0487-921-474', 'id': {'name': 'TFN', 'value': '060821901'}, 'picture': {'large': 'https://randomuser.me/api/portraits/men/31.jpg', 'medium': 'https://randomuser.me/api/portraits/med/men/31.jpg', 'thumbnail': 'https://randomuser.me/api/portraits/thumb/men/31.jpg'}, 'nat': 'AU'}</msg>
<arg>${json_data['results'][0]}</arg>
<doc>Logs the given message with the given level.</doc>
<status status="PASS" start="2024-05-25T01:02:14.512056" elapsed="0.000426"/>
</kw>
<kw name="Log" owner="BuiltIn">
<msg time="2024-05-25T01:02:14.512900" level="INFO">location</msg>
<arg>${key}</arg>
<doc>Logs the given message with the given level.</doc>
<status status="PASS" start="2024-05-25T01:02:14.512774" elapsed="0.000164"/>
</kw>
<var name="${key}">location</var>
<status status="PASS" start="2024-05-25T01:02:14.511208" elapsed="0.001950"/>
</iter>
<iter>
<kw name="Dictionary Should Contain Key" owner="Collections">
<msg time="2024-05-25T01:02:14.513940" level="INFO">False</msg>
<arg>${json_data['results'][0]}</arg>
<arg>${key}</arg>
<doc>Fails if ``key`` is not found from ``dictionary``.</doc>
<status status="PASS" start="2024-05-25T01:02:14.513445" elapsed="0.000535"/>
</kw>
<kw name="Log" owner="BuiltIn">
<msg time="2024-05-25T01:02:14.514676" level="INFO">{'gender': 'male', 'name': {'title': 'Mr', 'first': 'Derrick', 'last': 'Brooks'}, 'location': {'street': {'number': 7694, 'name': 'Railroad St'}, 'city': 'Sydney', 'state': 'South Australia', 'country': 'Australia', 'postcode': 2450, 'coordinates': {'latitude': '-86.5681', 'longitude': '-109.1801'}, 'timezone': {'offset': '+5:00', 'description': 'Ekaterinburg, Islamabad, Karachi, Tashkent'}}, 'email': 'derrick.brooks@example.com', 'login': {'uuid': '41acac9b-bdad-4b48-a9e3-8725ca56ab21', 'username': 'whiteduck589', 'password': 'millie', 'salt': 'TZN1SqHN', 'md5': 'd5f3477178168c3fc6791a2beb332b06', 'sha1': 'dca1489ea68a12e0d493b26476c55b68b99d3066', 'sha256': '93e3595a5bf9905919e718073e401934696eb91492a03e5834dbdaea32a5acc9'}, 'dob': {'date': '1970-10-25T07:16:42.244Z', 'age': 53}, 'registered': {'date': '2005-05-19T23:31:38.500Z', 'age': 19}, 'phone': '07-6346-7108', 'cell': '0487-921-474', 'id': {'name': 'TFN', 'value': '060821901'}, 'picture': {'large': 'https://randomuser.me/api/portraits/men/31.jpg', 'medium': 'https://randomuser.me/api/portraits/med/men/31.jpg', 'thumbnail': 'https://randomuser.me/api/portraits/thumb/men/31.jpg'}, 'nat': 'AU'}</msg>
<arg>${json_data['results'][0]}</arg>
<doc>Logs the given message with the given level.</doc>
<status status="PASS" start="2024-05-25T01:02:14.514316" elapsed="0.000408"/>
</kw>
<kw name="Log" owner="BuiltIn">
<msg time="2024-05-25T01:02:14.515145" level="INFO">email</msg>
<arg>${key}</arg>
<doc>Logs the given message with the given level.</doc>
<status status="PASS" start="2024-05-25T01:02:14.515018" elapsed="0.000164"/>
</kw>
<var name="${key}">email</var>
<status status="PASS" start="2024-05-25T01:02:14.513332" elapsed="0.002063"/>
</iter>
<iter>
<kw name="Dictionary Should Contain Key" owner="Collections">
<msg time="2024-05-25T01:02:14.516056" level="INFO">False</msg>
<arg>${json_data['results'][0]}</arg>
<arg>${key}</arg>
<doc>Fails if ``key`` is not found from ``dictionary``.</doc>
<status status="PASS" start="2024-05-25T01:02:14.515678" elapsed="0.000415"/>
</kw>
<kw name="Log" owner="BuiltIn">
<msg time="2024-05-25T01:02:14.516748" level="INFO">{'gender': 'male', 'name': {'title': 'Mr', 'first': 'Derrick', 'last': 'Brooks'}, 'location': {'street': {'number': 7694, 'name': 'Railroad St'}, 'city': 'Sydney', 'state': 'South Australia', 'country': 'Australia', 'postcode': 2450, 'coordinates': {'latitude': '-86.5681', 'longitude': '-109.1801'}, 'timezone': {'offset': '+5:00', 'description': 'Ekaterinburg, Islamabad, Karachi, Tashkent'}}, 'email': 'derrick.brooks@example.com', 'login': {'uuid': '41acac9b-bdad-4b48-a9e3-8725ca56ab21', 'username': 'whiteduck589', 'password': 'millie', 'salt': 'TZN1SqHN', 'md5': 'd5f3477178168c3fc6791a2beb332b06', 'sha1': 'dca1489ea68a12e0d493b26476c55b68b99d3066', 'sha256': '93e3595a5bf9905919e718073e401934696eb91492a03e5834dbdaea32a5acc9'}, 'dob': {'date': '1970-10-25T07:16:42.244Z', 'age': 53}, 'registered': {'date': '2005-05-19T23:31:38.500Z', 'age': 19}, 'phone': '07-6346-7108', 'cell': '0487-921-474', 'id': {'name': 'TFN', 'value': '060821901'}, 'picture': {'large': 'https://randomuser.me/api/portraits/men/31.jpg', 'medium': 'https://randomuser.me/api/portraits/med/men/31.jpg', 'thumbnail': 'https://randomuser.me/api/portraits/thumb/men/31.jpg'}, 'nat': 'AU'}</msg>
<arg>${json_data['results'][0]}</arg>
<doc>Logs the given message with the given level.</doc>
<status status="PASS" start="2024-05-25T01:02:14.516389" elapsed="0.000405"/>
</kw>
<kw name="Log" owner="BuiltIn">
<msg time="2024-05-25T01:02:14.517208" level="INFO">login</msg>
<arg>${key}</arg>
<doc>Logs the given message with the given level.</doc>
<status status="PASS" start="2024-05-25T01:02:14.517083" elapsed="0.000163"/>
</kw>
<var name="${key}">login</var>
<status status="PASS" start="2024-05-25T01:02:14.515569" elapsed="0.001912"/>
</iter>
<var>${key}</var>
<value>@{expected_keys}</value>
<status status="PASS" start="2024-05-25T01:02:14.506598" elapsed="0.011015"/>
</for>
<kw name="Create List" owner="BuiltIn">
<msg time="2024-05-25T01:02:14.517949" level="INFO">${expected_keysTwo} = ['username', 'password']</msg>
<var>${expected_keysTwo}</var>
<arg>username</arg>
<arg>password</arg>
<doc>Returns a list containing given items.</doc>
<status status="PASS" start="2024-05-25T01:02:14.517814" elapsed="0.000158"/>
</kw>
<for flavor="IN">
<iter>
<kw name="Dictionary Should Contain Key" owner="Collections">
<msg time="2024-05-25T01:02:14.518903" level="INFO">False</msg>
<arg>${json_data['results'][0]['login']}</arg>
<arg>${keyTwo}</arg>
<doc>Fails if ``key`` is not found from ``dictionary``.</doc>
<status status="PASS" start="2024-05-25T01:02:14.518519" elapsed="0.000422"/>
</kw>
<kw name="Dictionary Should Contain Key" owner="Collections">
<msg time="2024-05-25T01:02:14.519613" level="INFO">False</msg>
<arg>${json_data['results'][0]['login']}</arg>
<arg>${keyTwo}</arg>
<doc>Fails if ``key`` is not found from ``dictionary``.</doc>
<status status="PASS" start="2024-05-25T01:02:14.519237" elapsed="0.000413"/>
</kw>
<kw name="Log" owner="BuiltIn">
<msg time="2024-05-25T01:02:14.520066" level="INFO">username</msg>
<arg>${keyTwo}</arg>
<doc>Logs the given message with the given level.</doc>
<status status="PASS" start="2024-05-25T01:02:14.519940" elapsed="0.000163"/>
</kw>
<var name="${keyTwo}">username</var>
<status status="PASS" start="2024-05-25T01:02:14.518410" elapsed="0.001908"/>
</iter>
<iter>
<kw name="Dictionary Should Contain Key" owner="Collections">
<msg time="2024-05-25T01:02:14.520984" level="INFO">False</msg>
<arg>${json_data['results'][0]['login']}</arg>
<arg>${keyTwo}</arg>
<doc>Fails if ``key`` is not found from ``dictionary``.</doc>
<status status="PASS" start="2024-05-25T01:02:14.520602" elapsed="0.000419"/>
</kw>
<kw name="Dictionary Should Contain Key" owner="Collections">
<msg time="2024-05-25T01:02:14.521689" level="INFO">False</msg>
<arg>${json_data['results'][0]['login']}</arg>
<arg>${keyTwo}</arg>
<doc>Fails if ``key`` is not found from ``dictionary``.</doc>
<status status="PASS" start="2024-05-25T01:02:14.521314" elapsed="0.000412"/>
</kw>
<kw name="Log" owner="BuiltIn">
<msg time="2024-05-25T01:02:14.522176" level="INFO">password</msg>
<arg>${keyTwo}</arg>
<doc>Logs the given message with the given level.</doc>
<status status="PASS" start="2024-05-25T01:02:14.522017" elapsed="0.000197"/>
</kw>
<var name="${keyTwo}">password</var>
<status status="PASS" start="2024-05-25T01:02:14.520492" elapsed="0.001935"/>
</iter>
<var>${keyTwo}</var>
<value>@{expected_keysTwo}</value>
<status status="PASS" start="2024-05-25T01:02:14.518256" elapsed="0.004291"/>
</for>
<status status="PASS" start="2024-05-25T01:02:14.408409" elapsed="0.114278"/>
</kw>
<doc>Testa a estrutura da resposta da API.</doc>
<tag>testeEstruturaResposta</tag>
<status status="PASS" start="2024-05-25T01:02:14.407925" elapsed="0.114912"/>
</test>
<test id="s1-s1-t4" name="Validar tipos de dados" line="28">
<kw name="Teste de Tipos de Dados" owner="random-user-service">
<kw name="GET On Session" owner="RequestsLibrary">
<msg time="2024-05-25T01:02:14.610708" level="INFO">GET Request : url=https://randomuser.me/api 
 path_url=/api 
 headers={'User-Agent': 'python-requests/2.32.2', 'Accept-Encoding': 'gzip, deflate', 'Accept': '*/*', 'Connection': 'keep-alive'} 
 body=None 
 </msg>
<msg time="2024-05-25T01:02:14.610794" level="INFO">GET Response : url=https://randomuser.me/api 
 status=200, reason=OK 
 headers={'Date': 'Sat, 25 May 2024 01:02:14 GMT', 'Content-Type': 'application/json; charset=utf-8', 'Transfer-Encoding': 'chunked', 'Connection': 'keep-alive', 'X-Powered-By': 'Express', 'Access-Control-Allow-Origin': '*', 'Cache-Control': 'no-cache', 'ETag': 'W/"4a7-fWcmbBi+uqedSz9E27YPV0IfjH0"', 'Vary': 'Accept-Encoding', 'Content-Encoding': 'gzip', 'CF-Cache-Status': 'DYNAMIC', 'Report-To': '{"endpoints":[{"url":"https:\\/\\/a.nel.cloudflare.com\\/report\\/v4?s=1nVBkCrdjtDjUimOrwB4hoJ8gQtGDRyiK38ho6O2wVqn2h2q3%2FnRJOpf1e%2FHp%2BbkvLsjHKfnELS4RN9YNHygoa%2BmYSJZmQXiUMXGYL2eXa6OcbEIK3F7wjXB2tqAWgC1"}],"group":"cf-nel","max_age":604800}', 'NEL': '{"success_fraction":0,"report_to":"cf-nel","max_age":604800}', 'Server': 'cloudflare', 'CF-RAY': '8891994ccc6067f0-SJC', 'alt-svc': 'h3=":443"; ma=86400'} 
 body={"results":[{"gender":"female","name":{"title":"Mrs","first":"آدرینا","last":"سلطانی نژاد"},"location":{"street":{"number":2252,"name":"شهید کشواد"},"city":"ساری","state":"آذربایجان غربی","country":"Iran","postcode":37931,"coordinates":{"latitude":"14.7323","longitude":"169.5928"},"timezone":{"offset":"-11:00","description":"Midway Island, Samoa"}},"email":"adryn.sltnynjd@example.com","login":{"uuid":"05903871-45e2-45ca-80be-65e8fda8f75c","username":"tinykoala415","password":"ramsey","salt":"u4kvXPWd","md5":"f4ef6fc9a1f9d77f8ecd898f5f9734da","sha1":"3fba962c0dab350f9f7f9a4a1ba60d9de35d99c0","sha256":"eb86c75663623327b8bfad95112a3289b9d7f9311704a8aacda14bf4d9b57a87"},"dob":{"date":"1995-12-12T06:46:48.668Z","age":28},"registered":{"date":"2013-05-26T10:41:39.254Z","age":10},"phone":"086-59437997","cell":"0930-656-3177","id":{"name":"","value":null},"picture":{"large":"https://randomuser.me/api/portraits/women/93.jpg","medium":"https://randomuser.me/api/portraits/med/women/93.jpg","thumbnail":"https://randomuser.me/api/portraits/thumb/women/93.jpg"},"nat":"IR"}],"info":{"seed":"c801ce0dc256e3e3","results":1,"page":1,"version":"1.4"}} 
 </msg>
<msg time="2024-05-25T01:02:14.610877" level="INFO">/opt/hostedtoolcache/Python/3.12.3/x64/lib/python3.12/site-packages/urllib3/connectionpool.py:1103: InsecureRequestWarning: Unverified HTTPS request is being made to host 'randomuser.me'. Adding certificate verification is strongly advised. See: https://urllib3.readthedocs.io/en/latest/advanced-usage.html#tls-warnings
  warnings.warn(</msg>
<msg time="2024-05-25T01:02:14.611004" level="INFO">${response} = &lt;Response [200]&gt;</msg>
<var>${response}</var>
<arg>consultarAPI</arg>
<arg>/api</arg>
<doc>Sends a GET request on a previously created HTTP Session.</doc>
<status status="PASS" start="2024-05-25T01:02:14.525308" elapsed="0.085749"/>
</kw>
<kw name="Set Variable" owner="BuiltIn">
<msg time="2024-05-25T01:02:14.611960" level="INFO">${json_data} = {'results': [{'gender': 'female', 'name': {'title': 'Mrs', 'first': 'آدرینا', 'last': 'سلطانی نژاد'}, 'location': {'street': {'number': 2252, 'name': 'شهید کشواد'}, 'city': 'ساری', 'state': 'آذربایجان...</msg>
<var>${json_data}</var>
<arg>${response.json()}</arg>
<doc>Returns the given values which can then be assigned to a variables.</doc>
<status status="PASS" start="2024-05-25T01:02:14.611488" elapsed="0.000502"/>
</kw>
<kw name="Log" owner="BuiltIn">
<msg time="2024-05-25T01:02:14.612451" level="INFO">{'results': [{'gender': 'female', 'name': {'title': 'Mrs', 'first': 'آدرینا', 'last': 'سلطانی نژاد'}, 'location': {'street': {'number': 2252, 'name': 'شهید کشواد'}, 'city': 'ساری', 'state': 'آذربایجان غربی', 'country': 'Iran', 'postcode': 37931, 'coordinates': {'latitude': '14.7323', 'longitude': '169.5928'}, 'timezone': {'offset': '-11:00', 'description': 'Midway Island, Samoa'}}, 'email': 'adryn.sltnynjd@example.com', 'login': {'uuid': '05903871-45e2-45ca-80be-65e8fda8f75c', 'username': 'tinykoala415', 'password': 'ramsey', 'salt': 'u4kvXPWd', 'md5': 'f4ef6fc9a1f9d77f8ecd898f5f9734da', 'sha1': '3fba962c0dab350f9f7f9a4a1ba60d9de35d99c0', 'sha256': 'eb86c75663623327b8bfad95112a3289b9d7f9311704a8aacda14bf4d9b57a87'}, 'dob': {'date': '1995-12-12T06:46:48.668Z', 'age': 28}, 'registered': {'date': '2013-05-26T10:41:39.254Z', 'age': 10}, 'phone': '086-59437997', 'cell': '0930-656-3177', 'id': {'name': '', 'value': None}, 'picture': {'large': 'https://randomuser.me/api/portraits/women/93.jpg', 'medium': 'https://randomuser.me/api/portraits/med/women/93.jpg', 'thumbnail': 'https://randomuser.me/api/portraits/thumb/women/93.jpg'}, 'nat': 'IR'}], 'info': {'seed': 'c801ce0dc256e3e3', 'results': 1, 'page': 1, 'version': '1.4'}}</msg>
<arg>${json_data}</arg>
<doc>Logs the given message with the given level.</doc>
<status status="PASS" start="2024-05-25T01:02:14.612296" elapsed="0.000240"/>
</kw>
<kw name="Should Be String" owner="String">
<arg>${json_data['results'][0]['gender']}</arg>
<doc>Fails if the given ``item`` is not a string.</doc>
<status status="PASS" start="2024-05-25T01:02:14.612838" elapsed="0.000367"/>
</kw>
<kw name="Should Match Regexp" owner="BuiltIn">
<arg>${json_data['results'][0]['email']}</arg>
<arg>^[a-zA-Z0-9._%+-]+@[a-zA-Z0-9.-]+\.[a-zA-Z]{2,}$</arg>
<doc>Fails if ``string`` does not match ``pattern`` as a regular expression.</doc>
<status status="PASS" start="2024-05-25T01:02:14.613398" elapsed="0.000641"/>
</kw>
<kw name="Should Match Regexp" owner="BuiltIn">
<arg>${json_data['results'][0]['dob']['date']}</arg>
<arg>\\d{4}-\\d{2}-\\d{2}T\\d{2}:\\d{2}:\\d{2}\\.\\d{3}Z</arg>
<doc>Fails if ``string`` does not match ``pattern`` as a regular expression.</doc>
<status status="PASS" start="2024-05-25T01:02:14.614291" elapsed="0.000566"/>
</kw>
<kw name="Should Match Regexp" owner="BuiltIn">
<arg>${json_data['results'][0]['registered']['date']}</arg>
<arg>\\d{4}-\\d{2}-\\d{2}T\\d{2}:\\d{2}:\\d{2}\\.\\d{3}Z</arg>
<doc>Fails if ``string`` does not match ``pattern`` as a regular expression.</doc>
<status status="PASS" start="2024-05-25T01:02:14.615148" elapsed="0.000628"/>
</kw>
<kw name="Should Match Regexp" owner="BuiltIn">
<arg>${json_data['results'][0]['picture']['large']}</arg>
<arg>^https?://.*\.(?:png|jpe?g|gif|bmp)$</arg>
<doc>Fails if ``string`` does not match ``pattern`` as a regular expression.</doc>
<status status="PASS" start="2024-05-25T01:02:14.616116" elapsed="0.000741"/>
</kw>
<kw name="Should Match Regexp" owner="BuiltIn">
<arg>${json_data['results'][0]['picture']['medium']}</arg>
<arg>^https?://.*\.(?:png|jpe?g|gif|bmp)$</arg>
<doc>Fails if ``string`` does not match ``pattern`` as a regular expression.</doc>
<status status="PASS" start="2024-05-25T01:02:14.617182" elapsed="0.000635"/>
</kw>
<kw name="Should Match Regexp" owner="BuiltIn">
<arg>${json_data['results'][0]['picture']['thumbnail']}</arg>
<arg>^https?://.*\.(?:png|jpe?g|gif|bmp)$</arg>
<doc>Fails if ``string`` does not match ``pattern`` as a regular expression.</doc>
<status status="PASS" start="2024-05-25T01:02:14.618177" elapsed="0.000607"/>
</kw>
<kw name="Log" owner="BuiltIn">
<msg time="2024-05-25T01:02:14.619657" level="INFO">{'large': 'https://randomuser.me/api/portraits/women/93.jpg', 'medium': 'https://randomuser.me/api/portraits/med/women/93.jpg', 'thumbnail': 'https://randomuser.me/api/portraits/thumb/women/93.jpg'}</msg>
<arg>${json_data['results'][0]['picture']}</arg>
<doc>Logs the given message with the given level.</doc>
<status status="PASS" start="2024-05-25T01:02:14.619087" elapsed="0.000644"/>
</kw>
<status status="PASS" start="2024-05-25T01:02:14.525076" elapsed="0.095018"/>
</kw>
<kw name="Teste de Tipos de Dados - Postcode" owner="random-user-service">
<kw name="GET On Session" owner="RequestsLibrary">
<msg time="2024-05-25T01:02:14.715574" level="INFO">GET Request : url=https://randomuser.me/api 
 path_url=/api 
 headers={'User-Agent': 'python-requests/2.32.2', 'Accept-Encoding': 'gzip, deflate', 'Accept': '*/*', 'Connection': 'keep-alive'} 
 body=None 
 </msg>
<msg time="2024-05-25T01:02:14.715653" level="INFO">GET Response : url=https://randomuser.me/api 
 status=200, reason=OK 
 headers={'Date': 'Sat, 25 May 2024 01:02:14 GMT', 'Content-Type': 'application/json; charset=utf-8', 'Transfer-Encoding': 'chunked', 'Connection': 'keep-alive', 'X-Powered-By': 'Express', 'Access-Control-Allow-Origin': '*', 'Cache-Control': 'no-cache', 'ETag': 'W/"4a0-QqTr7JdR49ggprKqQmGgPTMZSFQ"', 'Vary': 'Accept-Encoding', 'Content-Encoding': 'gzip', 'CF-Cache-Status': 'DYNAMIC', 'Report-To': '{"endpoints":[{"url":"https:\\/\\/a.nel.cloudflare.com\\/report\\/v4?s=%2BoeDrAQwL27Smm2oMyZOHM1OlZGsstNnA%2FJAyOrJsFpE7Dgcji4Fi2i%2F3DFBm2m3x0vvy7MUK0qHtSXHzjJt%2Bnvg4RrgnESiUDi90uIFMRIb5AV2cgalVtv1buivk6FF"}],"group":"cf-nel","max_age":604800}', 'NEL': '{"success_fraction":0,"report_to":"cf-nel","max_age":604800}', 'Server': 'cloudflare', 'CF-RAY': '8891994d6ce967f0-SJC', 'alt-svc': 'h3=":443"; ma=86400'} 
 body={"results":[{"gender":"female","name":{"title":"Ms","first":"Claudia","last":"Benítez"},"location":{"street":{"number":2448,"name":"Avenida del Planetario"},"city":"Zaragoza","state":"Andalucía","country":"Spain","postcode":60323,"coordinates":{"latitude":"-33.5150","longitude":"82.8004"},"timezone":{"offset":"+8:00","description":"Beijing, Perth, Singapore, Hong Kong"}},"email":"claudia.benitez@example.com","login":{"uuid":"30dd33f0-8fd0-4cde-b5df-fec9a43b653a","username":"yellowwolf927","password":"stereo","salt":"81aXZ30u","md5":"c3bf2df65d62841713e8d42ab2b1e1cb","sha1":"fc52408a1f430e053da49b9abcecf4f55b7b05d5","sha256":"c904c56c1dba3c62d06c8b601dd79a44da69efaf503248da7460d94f33653c37"},"dob":{"date":"1988-08-10T17:29:23.107Z","age":35},"registered":{"date":"2014-05-19T04:18:09.100Z","age":10},"phone":"921-733-164","cell":"649-039-228","id":{"name":"DNI","value":"66689881-S"},"picture":{"large":"https://randomuser.me/api/portraits/women/62.jpg","medium":"https://randomuser.me/api/portraits/med/women/62.jpg","thumbnail":"https://randomuser.me/api/portraits/thumb/women/62.jpg"},"nat":"ES"}],"info":{"seed":"10920719d8633f2b","results":1,"page":1,"version":"1.4"}} 
 </msg>
<msg time="2024-05-25T01:02:14.715717" level="INFO">/opt/hostedtoolcache/Python/3.12.3/x64/lib/python3.12/site-packages/urllib3/connectionpool.py:1103: InsecureRequestWarning: Unverified HTTPS request is being made to host 'randomuser.me'. Adding certificate verification is strongly advised. See: https://urllib3.readthedocs.io/en/latest/advanced-usage.html#tls-warnings
  warnings.warn(</msg>
<msg time="2024-05-25T01:02:14.715843" level="INFO">${response} = &lt;Response [200]&gt;</msg>
<var>${response}</var>
<arg>consultarAPI</arg>
<arg>/api</arg>
<doc>Sends a GET request on a previously created HTTP Session.</doc>
<status status="PASS" start="2024-05-25T01:02:14.620776" elapsed="0.095110"/>
</kw>
<kw name="Set Variable" owner="BuiltIn">
<msg time="2024-05-25T01:02:14.716780" level="INFO">${json_data} = {'results': [{'gender': 'female', 'name': {'title': 'Ms', 'first': 'Claudia', 'last': 'Benítez'}, 'location': {'street': {'number': 2448, 'name': 'Avenida del Planetario'}, 'city': 'Zaragoza', 'state'...</msg>
<var>${json_data}</var>
<arg>${response.json()}</arg>
<doc>Returns the given values which can then be assigned to a variables.</doc>
<status status="PASS" start="2024-05-25T01:02:14.716296" elapsed="0.000518"/>
</kw>
<kw name="Log" owner="BuiltIn">
<msg time="2024-05-25T01:02:14.717298" level="INFO">{'results': [{'gender': 'female', 'name': {'title': 'Ms', 'first': 'Claudia', 'last': 'Benítez'}, 'location': {'street': {'number': 2448, 'name': 'Avenida del Planetario'}, 'city': 'Zaragoza', 'state': 'Andalucía', 'country': 'Spain', 'postcode': 60323, 'coordinates': {'latitude': '-33.5150', 'longitude': '82.8004'}, 'timezone': {'offset': '+8:00', 'description': 'Beijing, Perth, Singapore, Hong Kong'}}, 'email': 'claudia.benitez@example.com', 'login': {'uuid': '30dd33f0-8fd0-4cde-b5df-fec9a43b653a', 'username': 'yellowwolf927', 'password': 'stereo', 'salt': '81aXZ30u', 'md5': 'c3bf2df65d62841713e8d42ab2b1e1cb', 'sha1': 'fc52408a1f430e053da49b9abcecf4f55b7b05d5', 'sha256': 'c904c56c1dba3c62d06c8b601dd79a44da69efaf503248da7460d94f33653c37'}, 'dob': {'date': '1988-08-10T17:29:23.107Z', 'age': 35}, 'registered': {'date': '2014-05-19T04:18:09.100Z', 'age': 10}, 'phone': '921-733-164', 'cell': '649-039-228', 'id': {'name': 'DNI', 'value': '66689881-S'}, 'picture': {'large': 'https://randomuser.me/api/portraits/women/62.jpg', 'medium': 'https://randomuser.me/api/portraits/med/women/62.jpg', 'thumbnail': 'https://randomuser.me/api/portraits/thumb/women/62.jpg'}, 'nat': 'ES'}], 'info': {'seed': '10920719d8633f2b', 'results': 1, 'page': 1, 'version': '1.4'}}</msg>
<arg>${json_data}</arg>
<doc>Logs the given message with the given level.</doc>
<status status="PASS" start="2024-05-25T01:02:14.717131" elapsed="0.000253"/>
</kw>
<kw name="Should Be Equal As Numbers" owner="BuiltIn">
<arg>${json_data['results'][0]['location']['postcode']}</arg>
<arg>${json_data['results'][0]['location']['postcode']}</arg>
<doc>Fails if objects are unequal after converting them to real numbers.</doc>
<status status="PASS" start="2024-05-25T01:02:14.717697" elapsed="0.000690"/>
</kw>
<kw name="Log" owner="BuiltIn">
<msg time="2024-05-25T01:02:14.718927" level="INFO">60323</msg>
<arg>${json_data['results'][0]['location']['postcode']}</arg>
<doc>Logs the given message with the given level.</doc>
<status status="PASS" start="2024-05-25T01:02:14.718586" elapsed="0.000383"/>
</kw>
<status status="PASS" start="2024-05-25T01:02:14.620416" elapsed="0.098811"/>
</kw>
<doc>Testa se os tipos de dados na resposta da API estão corretos.</doc>
<tag>testeTiposDados</tag>
<status status="PASS" start="2024-05-25T01:02:14.524618" elapsed="0.194781"/>
</test>
<test id="s1-s1-t5" name="Validar conteudo" line="35">
<kw name="Teste de Tipos de Conteudo" owner="random-user-service">
<kw name="GET On Session" owner="RequestsLibrary">
<msg time="2024-05-25T01:02:14.812743" level="INFO">GET Request : url=https://randomuser.me/api 
 path_url=/api 
 headers={'User-Agent': 'python-requests/2.32.2', 'Accept-Encoding': 'gzip, deflate', 'Accept': '*/*', 'Connection': 'keep-alive'} 
 body=None 
 </msg>
<msg time="2024-05-25T01:02:14.812816" level="INFO">GET Response : url=https://randomuser.me/api 
 status=200, reason=OK 
 headers={'Date': 'Sat, 25 May 2024 01:02:14 GMT', 'Content-Type': 'application/json; charset=utf-8', 'Transfer-Encoding': 'chunked', 'Connection': 'keep-alive', 'X-Powered-By': 'Express', 'Access-Control-Allow-Origin': '*', 'Cache-Control': 'no-cache', 'ETag': 'W/"486-o9bLSx/gxGPRlUb0VV8rve4ssR4"', 'Vary': 'Accept-Encoding', 'Content-Encoding': 'gzip', 'CF-Cache-Status': 'DYNAMIC', 'Report-To': '{"endpoints":[{"url":"https:\\/\\/a.nel.cloudflare.com\\/report\\/v4?s=3Atos12f6izmGbBd7QPVjRP2AqzFrkDsS5Vw5rSDq14poo%2FwAkbp1AFREYryDqpNcGswppl608lLzinl4Kz9tFddhM%2FG0w58fDrVZWktSL%2Bv%2Bzmni9TTk0wcOpuQlc7A"}],"group":"cf-nel","max_age":604800}', 'NEL': '{"success_fraction":0,"report_to":"cf-nel","max_age":604800}', 'Server': 'cloudflare', 'CF-RAY': '8891994e0d7d67f0-SJC', 'alt-svc': 'h3=":443"; ma=86400'} 
 body={"results":[{"gender":"male","name":{"title":"Mr","first":"Brad","last":"Jimenez"},"location":{"street":{"number":5358,"name":"W 6th St"},"city":"Plano","state":"West Virginia","country":"United States","postcode":84890,"coordinates":{"latitude":"82.3910","longitude":"-104.5464"},"timezone":{"offset":"+6:00","description":"Almaty, Dhaka, Colombo"}},"email":"brad.jimenez@example.com","login":{"uuid":"17c8dafd-49ef-4158-87c5-f8aa35733844","username":"silvergoose986","password":"instant","salt":"qK68guFa","md5":"63ffce138c1c9b82dd5a1cd9bdfb033e","sha1":"880b5a91f172a74d6d002676c31a1074dbac6921","sha256":"cc10ee0303c20b6c41dcf58cfd58c075df19a6204cd967f52bbf30e83e5e90f5"},"dob":{"date":"1973-08-22T12:58:28.436Z","age":50},"registered":{"date":"2014-11-10T13:28:54.215Z","age":9},"phone":"(334) 325-3211","cell":"(710) 440-1549","id":{"name":"SSN","value":"610-46-1443"},"picture":{"large":"https://randomuser.me/api/portraits/men/64.jpg","medium":"https://randomuser.me/api/portraits/med/men/64.jpg","thumbnail":"https://randomuser.me/api/portraits/thumb/men/64.jpg"},"nat":"US"}],"info":{"seed":"c449d45204456ad2","results":1,"page":1,"version":"1.4"}} 
 </msg>
<msg time="2024-05-25T01:02:14.812871" level="INFO">/opt/hostedtoolcache/Python/3.12.3/x64/lib/python3.12/site-packages/urllib3/connectionpool.py:1103: InsecureRequestWarning: Unverified HTTPS request is being made to host 'randomuser.me'. Adding certificate verification is strongly advised. See: https://urllib3.readthedocs.io/en/latest/advanced-usage.html#tls-warnings
  warnings.warn(</msg>
<msg time="2024-05-25T01:02:14.812960" level="INFO">${response} = &lt;Response [200]&gt;</msg>
<var>${response}</var>
<arg>consultarAPI</arg>
<arg>/api</arg>
<doc>Sends a GET request on a previously created HTTP Session.</doc>
<status status="PASS" start="2024-05-25T01:02:14.722318" elapsed="0.090667"/>
</kw>
<kw name="Set Variable" owner="BuiltIn">
<msg time="2024-05-25T01:02:14.813853" level="INFO">${json_data} = {'results': [{'gender': 'male', 'name': {'title': 'Mr', 'first': 'Brad', 'last': 'Jimenez'}, 'location': {'street': {'number': 5358, 'name': 'W 6th St'}, 'city': 'Plano', 'state': 'West Virginia', 'co...</msg>
<var>${json_data}</var>
<arg>${response.json()}</arg>
<doc>Returns the given values which can then be assigned to a variables.</doc>
<status status="PASS" start="2024-05-25T01:02:14.813394" elapsed="0.000487"/>
</kw>
<kw name="Set Variable" owner="BuiltIn">
<msg time="2024-05-25T01:02:14.814616" level="INFO">${name_title} = Mr</msg>
<var>${name_title}</var>
<arg>${json_data["results"][0]["name"]["title"]}</arg>
<doc>Returns the given values which can then be assigned to a variables.</doc>
<status status="PASS" start="2024-05-25T01:02:14.814231" elapsed="0.000411"/>
</kw>
<kw name="Create List" owner="BuiltIn">
<msg time="2024-05-25T01:02:14.815083" level="INFO">${allowed_titles} = ['Mr', 'Ms', 'Miss', 'Mrs', 'Madame', 'Monsieur']</msg>
<var>${allowed_titles}</var>
<arg>Mr</arg>
<arg>Ms</arg>
<arg>Miss</arg>
<arg>Mrs</arg>
<arg>Madame</arg>
<arg>Monsieur</arg>
<doc>Returns a list containing given items.</doc>
<status status="PASS" start="2024-05-25T01:02:14.814934" elapsed="0.000173"/>
</kw>
<kw name="List Should Contain Value" owner="Collections">
<msg time="2024-05-25T01:02:14.815569" level="INFO">False</msg>
<arg>${allowed_titles}</arg>
<arg>${name_title}</arg>
<doc>Fails if the ``value`` is not found from ``list``.</doc>
<status status="PASS" start="2024-05-25T01:02:14.815399" elapsed="0.000205"/>
</kw>
<kw name="Set Variable" owner="BuiltIn">
<msg time="2024-05-25T01:02:14.816407" level="INFO">${name_country} = US</msg>
<var>${name_country}</var>
<arg>${json_data["results"][0]["nat"]}</arg>
<doc>Returns the given values which can then be assigned to a variables.</doc>
<status status="PASS" start="2024-05-25T01:02:14.815889" elapsed="0.000543"/>
</kw>
<kw name="Create List" owner="BuiltIn">
<msg time="2024-05-25T01:02:14.817329" level="INFO">${list_country} = ['AD', 'AE', 'AF', 'AG', 'AI', 'AL', 'AM', 'AO', 'AQ', 'AR', 'AS', 'AT', 'AU', 'AW', 'AX', 'AZ', 'BA', 'BB', 'BD', 'BE', 'BF', 'BG', 'BH', 'BI', 'BJ', 'BL', 'BM', 'BN', 'BO', 'BQ', 'BR', 'BS', 'BT', '...</msg>
<var>${list_country}</var>
<arg>AD</arg>
<arg>AE</arg>
<arg>AF</arg>
<arg>AG</arg>
<arg>AI</arg>
<arg>AL</arg>
<arg>AM</arg>
<arg>AO</arg>
<arg>AQ</arg>
<arg>AR</arg>
<arg>AS</arg>
<arg>AT</arg>
<arg>AU</arg>
<arg>AW</arg>
<arg>AX</arg>
<arg>AZ</arg>
<arg>BA</arg>
<arg>BB</arg>
<arg>BD</arg>
<arg>BE</arg>
<arg>BF</arg>
<arg>BG</arg>
<arg>BH</arg>
<arg>BI</arg>
<arg>BJ</arg>
<arg>BL</arg>
<arg>BM</arg>
<arg>BN</arg>
<arg>BO</arg>
<arg>BQ</arg>
<arg>BR</arg>
<arg>BS</arg>
<arg>BT</arg>
<arg>BV</arg>
<arg>BW</arg>
<arg>BY</arg>
<arg>BZ</arg>
<arg>CA</arg>
<arg>CC</arg>
<arg>CD</arg>
<arg>CF</arg>
<arg>CG</arg>
<arg>CH</arg>
<arg>CI</arg>
<arg>CK</arg>
<arg>CL</arg>
<arg>CM</arg>
<arg>CN</arg>
<arg>CO</arg>
<arg>CR</arg>
<arg>CU</arg>
<arg>CV</arg>
<arg>CW</arg>
<arg>CX</arg>
<arg>CY</arg>
<arg>CZ</arg>
<arg>DE</arg>
<arg>DJ</arg>
<arg>DK</arg>
<arg>DM</arg>
<arg>DO</arg>
<arg>DZ</arg>
<arg>EC</arg>
<arg>EE</arg>
<arg>EG</arg>
<arg>EH</arg>
<arg>ER</arg>
<arg>ES</arg>
<arg>ET</arg>
<arg>FI</arg>
<arg>FJ</arg>
<arg>FK</arg>
<arg>FM</arg>
<arg>FO</arg>
<arg>FR</arg>
<arg>GA</arg>
<arg>GB</arg>
<arg>GD</arg>
<arg>GE</arg>
<arg>GF</arg>
<arg>GG</arg>
<arg>GH</arg>
<arg>GI</arg>
<arg>GL</arg>
<arg>GM</arg>
<arg>GN</arg>
<arg>GP</arg>
<arg>GQ</arg>
<arg>GR</arg>
<arg>GS</arg>
<arg>GT</arg>
<arg>GU</arg>
<arg>GW</arg>
<arg>GY</arg>
<arg>HK</arg>
<arg>HM</arg>
<arg>HN</arg>
<arg>HR</arg>
<arg>HT</arg>
<arg>HU</arg>
<arg>ID</arg>
<arg>IE</arg>
<arg>IL</arg>
<arg>IM</arg>
<arg>IN</arg>
<arg>IO</arg>
<arg>IQ</arg>
<arg>IR</arg>
<arg>IS</arg>
<arg>IT</arg>
<arg>JE</arg>
<arg>JM</arg>
<arg>JO</arg>
<arg>JP</arg>
<arg>KE</arg>
<arg>KG</arg>
<arg>KH</arg>
<arg>KI</arg>
<arg>KM</arg>
<arg>KN</arg>
<arg>KP</arg>
<arg>KR</arg>
<arg>KW</arg>
<arg>KY</arg>
<arg>KZ</arg>
<arg>LA</arg>
<arg>LB</arg>
<arg>LC</arg>
<arg>LI</arg>
<arg>LK</arg>
<arg>LR</arg>
<arg>LS</arg>
<arg>LT</arg>
<arg>LU</arg>
<arg>LV</arg>
<arg>LY</arg>
<arg>MA</arg>
<arg>MC</arg>
<arg>MD</arg>
<arg>ME</arg>
<arg>MF</arg>
<arg>MG</arg>
<arg>MH</arg>
<arg>MK</arg>
<arg>ML</arg>
<arg>MM</arg>
<arg>MN</arg>
<arg>MO</arg>
<arg>MP</arg>
<arg>MQ</arg>
<arg>MR</arg>
<arg>MS</arg>
<arg>MT</arg>
<arg>MU</arg>
<arg>MV</arg>
<arg>MW</arg>
<arg>MX</arg>
<arg>MY</arg>
<arg>MZ</arg>
<arg>NA</arg>
<arg>NC</arg>
<arg>NE</arg>
<arg>NF</arg>
<arg>NG</arg>
<arg>NI</arg>
<arg>NL</arg>
<arg>NO</arg>
<arg>NP</arg>
<arg>NR</arg>
<arg>NU</arg>
<arg>NZ</arg>
<arg>OM</arg>
<arg>PA</arg>
<arg>PE</arg>
<arg>PF</arg>
<arg>PG</arg>
<arg>PH</arg>
<arg>PK</arg>
<arg>PL</arg>
<arg>PM</arg>
<arg>PN</arg>
<arg>PR</arg>
<arg>PS</arg>
<arg>PT</arg>
<arg>PW</arg>
<arg>PY</arg>
<arg>QA</arg>
<arg>RE</arg>
<arg>RO</arg>
<arg>RS</arg>
<arg>RU</arg>
<arg>RW</arg>
<arg>SA</arg>
<arg>SB</arg>
<arg>SC</arg>
<arg>SD</arg>
<arg>SE</arg>
<arg>SG</arg>
<arg>SH</arg>
<arg>SI</arg>
<arg>SJ</arg>
<arg>SK</arg>
<arg>SL</arg>
<arg>SM</arg>
<arg>SN</arg>
<arg>SO</arg>
<arg>SR</arg>
<arg>SS</arg>
<arg>ST</arg>
<arg>SV</arg>
<arg>SX</arg>
<arg>SY</arg>
<arg>SZ</arg>
<arg>TC</arg>
<arg>TD</arg>
<arg>TF</arg>
<arg>TG</arg>
<arg>TH</arg>
<arg>TJ</arg>
<arg>TK</arg>
<arg>TL</arg>
<arg>TM</arg>
<arg>TN</arg>
<arg>TO</arg>
<arg>TR</arg>
<arg>TT</arg>
<arg>TV</arg>
<arg>TW</arg>
<arg>TZ</arg>
<arg>UA</arg>
<arg>UG</arg>
<arg>UM</arg>
<arg>US</arg>
<arg>UY</arg>
<arg>UZ</arg>
<arg>VA</arg>
<arg>VC</arg>
<arg>VE</arg>
<arg>VG</arg>
<arg>VI</arg>
<arg>VN</arg>
<arg>VU</arg>
<arg>WF</arg>
<arg>WS</arg>
<arg>XK</arg>
<arg>YE</arg>
<arg>YT</arg>
<arg>ZA</arg>
<arg>ZM</arg>
<arg>ZW</arg>
<doc>Returns a list containing given items.</doc>
<status status="PASS" start="2024-05-25T01:02:14.816736" elapsed="0.000619"/>
</kw>
<kw name="List Should Contain Value" owner="Collections">
<msg time="2024-05-25T01:02:14.818375" level="INFO">False</msg>
<arg>${list_country}</arg>
<arg>${name_country}</arg>
<doc>Fails if the ``value`` is not found from ``list``.</doc>
<status status="PASS" start="2024-05-25T01:02:14.818162" elapsed="0.000249"/>
</kw>
<kw name="Run Keyword If" owner="BuiltIn">
<kw name="Should Be True" owner="BuiltIn">
<arg>${True}</arg>
<doc>Fails if the given condition is not true.</doc>
<status status="PASS" start="2024-05-25T01:02:14.819485" elapsed="0.000144"/>
</kw>
<arg>${json_data["results"][0]["location"]["coordinates"]["latitude"]} &gt;= -90 and ${json_data["results"][0]["location"]["coordinates"]["latitude"]} &lt;= 90</arg>
<arg>Should Be True</arg>
<arg>${True}</arg>
<doc>Runs the given keyword with the given arguments, if ``condition`` is true.</doc>
<status status="PASS" start="2024-05-25T01:02:14.818735" elapsed="0.001021"/>
</kw>
<kw name="Run Keyword If" owner="BuiltIn">
<kw name="Should Be True" owner="BuiltIn">
<arg>${True}</arg>
<doc>Fails if the given condition is not true.</doc>
<status status="PASS" start="2024-05-25T01:02:14.820631" elapsed="0.000139"/>
</kw>
<arg>${json_data["results"][0]["location"]["coordinates"]["longitude"]} &gt;= -180 and ${json_data["results"][0]["location"]["coordinates"]["longitude"]} &lt;= 180</arg>
<arg>Should Be True</arg>
<arg>${True}</arg>
<doc>Runs the given keyword with the given arguments, if ``condition`` is true.</doc>
<status status="PASS" start="2024-05-25T01:02:14.819944" elapsed="0.000948"/>
</kw>
<status status="PASS" start="2024-05-25T01:02:14.721910" elapsed="0.099110"/>
</kw>
<doc>Testa o conteúdo específico dos campos retornados pela API.</doc>
<tag>testeConteudo</tag>
<status status="PASS" start="2024-05-25T01:02:14.721218" elapsed="0.099946"/>
</test>
<status status="PASS" start="2024-05-25T01:02:13.945479" elapsed="0.877612"/>
</suite>
<status status="PASS" start="2024-05-25T01:02:13.931770" elapsed="0.896629"/>
</suite>
<statistics>
<total>
<stat pass="5" fail="0" skip="0">All Tests</stat>
</total>
<tag>
<stat pass="1" fail="0" skip="0">testeConteudo</stat>
<stat pass="1" fail="0" skip="0">testeEstruturaResposta</stat>
<stat pass="1" fail="0" skip="0">testeRequisicaoBasica</stat>
<stat pass="1" fail="0" skip="0">testeTiposDados</stat>
</tag>
<suite>
<stat pass="5" fail="0" skip="0" id="s1" name="Tests">Tests</stat>
<stat pass="5" fail="0" skip="0" id="s1-s1" name="Random-User-Test">Tests.Random-User-Test</stat>
</suite>
</statistics>
<errors>
</errors>
</robot>
