<?xml version="1.0" encoding="UTF-8"?>
<robot generator="Robot 7.0 (Python 3.12.3 on linux)" generated="2024-06-01T04:17:32.211623" rpa="false" schemaversion="5">
<suite id="s1" name="Tests" source="/home/runner/work/ApiRandomUser/ApiRandomUser/RamdonUser/tests">
<suite id="s1-s1" name="Random-User-Test" source="/home/runner/work/ApiRandomUser/ApiRandomUser/RamdonUser/tests/random-user-test.robot">
<test id="s1-s1-t1" name="Conectar" line="13">
<kw name="Conectar API" owner="random-user-service">
<kw name="Create Session" owner="RequestsLibrary">
<msg time="2024-06-01T04:17:32.602945" level="INFO">Creating Session using : alias=consultarAPI, url=https://randomuser.me/, headers={},                     cookies={}, auth=None, timeout=None, proxies=None, verify=False,                     debug=0 </msg>
<arg>consultarAPI</arg>
<arg>${URL}</arg>
<doc>Create Session: create a HTTP session to a server</doc>
<status status="PASS" start="2024-06-01T04:17:32.602751" elapsed="0.000355"/>
</kw>
<status status="PASS" start="2024-06-01T04:17:32.601734" elapsed="0.001717"/>
</kw>
<status status="PASS" start="2024-06-01T04:17:32.601180" elapsed="0.002467"/>
</test>
<test id="s1-s1-t2" name="Validar retorno 200 e JSON Válido" line="16">
<kw name="Teste de Requisicao Basica" owner="random-user-service">
<kw name="GET On Session" owner="RequestsLibrary">
<msg time="2024-06-01T04:17:32.732274" level="INFO">GET Request : url=https://randomuser.me/api 
 path_url=/api 
 headers={'User-Agent': 'python-requests/2.32.3', 'Accept-Encoding': 'gzip, deflate', 'Accept': '*/*', 'Connection': 'keep-alive'} 
 body=None 
 </msg>
<msg time="2024-06-01T04:17:32.732379" level="INFO">GET Response : url=https://randomuser.me/api 
 status=200, reason=OK 
 headers={'Date': 'Sat, 01 Jun 2024 04:17:32 GMT', 'Content-Type': 'application/json; charset=utf-8', 'Transfer-Encoding': 'chunked', 'Connection': 'keep-alive', 'X-Powered-By': 'Express', 'Access-Control-Allow-Origin': '*', 'Cache-Control': 'no-cache', 'ETag': 'W/"47d-G3LuroS0EY3lQT5HVvHAAYMNOQ4"', 'Vary': 'Accept-Encoding', 'Content-Encoding': 'gzip', 'CF-Cache-Status': 'DYNAMIC', 'Report-To': '{"endpoints":[{"url":"https:\\/\\/a.nel.cloudflare.com\\/report\\/v4?s=%2FuJ8bU6XJ7jZWq8QFTRXWzHBKP%2FLw6wWaf7Pvh6Bdxq%2B7ZoGKlAB6zVmwL4riKQpgL7FDcLCZEcKQjB%2Fe5vmGXF84b6BlPjMdScTWWohz%2BeOQDA%2BH99aUotHuyvWBfvF"}],"group":"cf-nel","max_age":604800}', 'NEL': '{"success_fraction":0,"report_to":"cf-nel","max_age":604800}', 'Server': 'cloudflare', 'CF-RAY': '88cc65030836155d-SJC', 'alt-svc': 'h3=":443"; ma=86400'} 
 body={"results":[{"gender":"male","name":{"title":"Mr","first":"Murat","last":"Özdenak"},"location":{"street":{"number":7189,"name":"Anafartalar Cd"},"city":"Tokat","state":"İzmir","country":"Turkey","postcode":76411,"coordinates":{"latitude":"65.1780","longitude":"-68.4809"},"timezone":{"offset":"+5:30","description":"Bombay, Calcutta, Madras, New Delhi"}},"email":"murat.ozdenak@example.com","login":{"uuid":"bfbb1b6b-7e41-45d8-96d4-99e2907131b3","username":"smallfish632","password":"girsl","salt":"E6tevZH2","md5":"51882a1d44a88157ef06ca5f137adf75","sha1":"1f451861b50932ed6531bd0fcd1b205d169067c1","sha256":"51cbdfff610a21e44e03a29d0655e836adaf84b8bea093d6859cadaf6998477c"},"dob":{"date":"1979-03-04T11:05:28.976Z","age":45},"registered":{"date":"2020-03-12T14:07:36.059Z","age":4},"phone":"(504)-121-7157","cell":"(182)-467-7062","id":{"name":"","value":null},"picture":{"large":"https://randomuser.me/api/portraits/men/17.jpg","medium":"https://randomuser.me/api/portraits/med/men/17.jpg","thumbnail":"https://randomuser.me/api/portraits/thumb/men/17.jpg"},"nat":"TR"}],"info":{"seed":"9d8f28135d184230","results":1,"page":1,"version":"1.4"}} 
 </msg>
<msg time="2024-06-01T04:17:32.732451" level="INFO">/opt/hostedtoolcache/Python/3.12.3/x64/lib/python3.12/site-packages/urllib3/connectionpool.py:1103: InsecureRequestWarning: Unverified HTTPS request is being made to host 'randomuser.me'. Adding certificate verification is strongly advised. See: https://urllib3.readthedocs.io/en/latest/advanced-usage.html#tls-warnings
  warnings.warn(</msg>
<msg time="2024-06-01T04:17:32.732580" level="INFO">${response} = &lt;Response [200]&gt;</msg>
<var>${response}</var>
<arg>consultarAPI</arg>
<arg>/api</arg>
<doc>Sends a GET request on a previously created HTTP Session.</doc>
<status status="PASS" start="2024-06-01T04:17:32.606324" elapsed="0.126298"/>
</kw>
<kw name="Should Be Equal As Numbers" owner="BuiltIn">
<msg time="2024-06-01T04:17:32.733489" level="INFO">Argument types are:
&lt;class 'int'&gt;
&lt;class 'str'&gt;</msg>
<arg>${response.status_code}</arg>
<arg>200</arg>
<doc>Fails if objects are unequal after converting them to real numbers.</doc>
<status status="PASS" start="2024-06-01T04:17:32.733063" elapsed="0.000491"/>
</kw>
<kw name="Log" owner="BuiltIn">
<msg time="2024-06-01T04:17:32.734218" level="INFO">200</msg>
<arg>${response.status_code}</arg>
<doc>Logs the given message with the given level.</doc>
<status status="PASS" start="2024-06-01T04:17:32.733871" elapsed="0.000405"/>
</kw>
<kw name="Set Variable" owner="BuiltIn">
<msg time="2024-06-01T04:17:32.735028" level="INFO">${json_data} = {'results': [{'gender': 'male', 'name': {'title': 'Mr', 'first': 'Murat', 'last': 'Özdenak'}, 'location': {'street': {'number': 7189, 'name': 'Anafartalar Cd'}, 'city': 'Tokat', 'state': 'İzmir', 'cou...</msg>
<var>${json_data}</var>
<arg>${response.json()}</arg>
<doc>Returns the given values which can then be assigned to a variables.</doc>
<status status="PASS" start="2024-06-01T04:17:32.734583" elapsed="0.000475"/>
</kw>
<kw name="Dictionary Should Contain Key" owner="Collections">
<msg time="2024-06-01T04:17:32.735540" level="INFO">False</msg>
<arg>${json_data}</arg>
<arg>results</arg>
<doc>Fails if ``key`` is not found from ``dictionary``.</doc>
<status status="PASS" start="2024-06-01T04:17:32.735366" elapsed="0.000213"/>
</kw>
<status status="PASS" start="2024-06-01T04:17:32.606077" elapsed="0.129757"/>
</kw>
<doc>Testa se a API responde corretamente e retorna um objeto JSON válido.</doc>
<tag>testeRequisicaoBasica</tag>
<status status="PASS" start="2024-06-01T04:17:32.605555" elapsed="0.130450"/>
</test>
<test id="s1-s1-t3" name="Validar estrutura de resposta" line="22">
<kw name="Teste de Estrutura de Resposta" owner="random-user-service">
<kw name="GET On Session" owner="RequestsLibrary">
<msg time="2024-06-01T04:17:32.841830" level="INFO">GET Request : url=https://randomuser.me/api 
 path_url=/api 
 headers={'User-Agent': 'python-requests/2.32.3', 'Accept-Encoding': 'gzip, deflate', 'Accept': '*/*', 'Connection': 'keep-alive'} 
 body=None 
 </msg>
<msg time="2024-06-01T04:17:32.841918" level="INFO">GET Response : url=https://randomuser.me/api 
 status=200, reason=OK 
 headers={'Date': 'Sat, 01 Jun 2024 04:17:32 GMT', 'Content-Type': 'application/json; charset=utf-8', 'Transfer-Encoding': 'chunked', 'Connection': 'keep-alive', 'X-Powered-By': 'Express', 'Access-Control-Allow-Origin': '*', 'Cache-Control': 'no-cache', 'ETag': 'W/"479-iN5/RnSNxL6u+Ml14qxnQN+ENgk"', 'Vary': 'Accept-Encoding', 'Content-Encoding': 'gzip', 'CF-Cache-Status': 'DYNAMIC', 'Report-To': '{"endpoints":[{"url":"https:\\/\\/a.nel.cloudflare.com\\/report\\/v4?s=ds4uZm2dKSW34LKk5BztY3keT9HYBjUDGk2uxW%2FKbkLg1M9EIxu8PeYWuEWRGep0fwSpDeie9niYm9%2Fl3vwPGYXgrMxz8rGFdfmJEL05bfPlqnBwbPbtkaj3TFEVH6l9"}],"group":"cf-nel","max_age":604800}', 'NEL': '{"success_fraction":0,"report_to":"cf-nel","max_age":604800}', 'Server': 'cloudflare', 'CF-RAY': '88cc6503a88e155d-SJC', 'alt-svc': 'h3=":443"; ma=86400'} 
 body={"results":[{"gender":"male","name":{"title":"Mr","first":"Mostafa","last":"Osnes"},"location":{"street":{"number":4882,"name":"Kastellbakken"},"city":"Skarnes","state":"Hedmark","country":"Norway","postcode":"3891","coordinates":{"latitude":"42.7316","longitude":"-156.8009"},"timezone":{"offset":"-11:00","description":"Midway Island, Samoa"}},"email":"mostafa.osnes@example.com","login":{"uuid":"aa076b44-584c-4fc5-b915-01356681490f","username":"beautifulgoose116","password":"miller1","salt":"xIsX9Wvm","md5":"a118925f8f8b550af076e9585d22c59c","sha1":"aee978000d51a10b94ca2066b165e08380edc011","sha256":"0429df5b8a1075dc7a0a39009ad3d3f37aa5448019d3248d8369a398423651ac"},"dob":{"date":"1948-09-18T11:20:32.579Z","age":75},"registered":{"date":"2006-12-05T02:58:24.360Z","age":17},"phone":"53502609","cell":"96887480","id":{"name":"FN","value":"18094833503"},"picture":{"large":"https://randomuser.me/api/portraits/men/32.jpg","medium":"https://randomuser.me/api/portraits/med/men/32.jpg","thumbnail":"https://randomuser.me/api/portraits/thumb/men/32.jpg"},"nat":"NO"}],"info":{"seed":"c6925e97cd7e57fc","results":1,"page":1,"version":"1.4"}} 
 </msg>
<msg time="2024-06-01T04:17:32.842056" level="INFO">/opt/hostedtoolcache/Python/3.12.3/x64/lib/python3.12/site-packages/urllib3/connectionpool.py:1103: InsecureRequestWarning: Unverified HTTPS request is being made to host 'randomuser.me'. Adding certificate verification is strongly advised. See: https://urllib3.readthedocs.io/en/latest/advanced-usage.html#tls-warnings
  warnings.warn(</msg>
<msg time="2024-06-01T04:17:32.842209" level="INFO">${response} = &lt;Response [200]&gt;</msg>
<var>${response}</var>
<arg>consultarAPI</arg>
<arg>/api</arg>
<doc>Sends a GET request on a previously created HTTP Session.</doc>
<status status="PASS" start="2024-06-01T04:17:32.739102" elapsed="0.103163"/>
</kw>
<kw name="Set Variable" owner="BuiltIn">
<msg time="2024-06-01T04:17:32.843121" level="INFO">${json_data} = {'results': [{'gender': 'male', 'name': {'title': 'Mr', 'first': 'Mostafa', 'last': 'Osnes'}, 'location': {'street': {'number': 4882, 'name': 'Kastellbakken'}, 'city': 'Skarnes', 'state': 'Hedmark', '...</msg>
<var>${json_data}</var>
<arg>${response.json()}</arg>
<doc>Returns the given values which can then be assigned to a variables.</doc>
<status status="PASS" start="2024-06-01T04:17:32.842666" elapsed="0.000484"/>
</kw>
<kw name="Log" owner="BuiltIn">
<msg time="2024-06-01T04:17:32.843615" level="INFO">{'results': [{'gender': 'male', 'name': {'title': 'Mr', 'first': 'Mostafa', 'last': 'Osnes'}, 'location': {'street': {'number': 4882, 'name': 'Kastellbakken'}, 'city': 'Skarnes', 'state': 'Hedmark', 'country': 'Norway', 'postcode': '3891', 'coordinates': {'latitude': '42.7316', 'longitude': '-156.8009'}, 'timezone': {'offset': '-11:00', 'description': 'Midway Island, Samoa'}}, 'email': 'mostafa.osnes@example.com', 'login': {'uuid': 'aa076b44-584c-4fc5-b915-01356681490f', 'username': 'beautifulgoose116', 'password': 'miller1', 'salt': 'xIsX9Wvm', 'md5': 'a118925f8f8b550af076e9585d22c59c', 'sha1': 'aee978000d51a10b94ca2066b165e08380edc011', 'sha256': '0429df5b8a1075dc7a0a39009ad3d3f37aa5448019d3248d8369a398423651ac'}, 'dob': {'date': '1948-09-18T11:20:32.579Z', 'age': 75}, 'registered': {'date': '2006-12-05T02:58:24.360Z', 'age': 17}, 'phone': '53502609', 'cell': '96887480', 'id': {'name': 'FN', 'value': '18094833503'}, 'picture': {'large': 'https://randomuser.me/api/portraits/men/32.jpg', 'medium': 'https://randomuser.me/api/portraits/med/men/32.jpg', 'thumbnail': 'https://randomuser.me/api/portraits/thumb/men/32.jpg'}, 'nat': 'NO'}], 'info': {'seed': 'c6925e97cd7e57fc', 'results': 1, 'page': 1, 'version': '1.4'}}</msg>
<arg>${json_data}</arg>
<doc>Logs the given message with the given level.</doc>
<status status="PASS" start="2024-06-01T04:17:32.843459" elapsed="0.000203"/>
</kw>
<kw name="Dictionary Should Contain Key" owner="Collections">
<msg time="2024-06-01T04:17:32.844111" level="INFO">False</msg>
<arg>${json_data}</arg>
<arg>results</arg>
<doc>Fails if ``key`` is not found from ``dictionary``.</doc>
<status status="PASS" start="2024-06-01T04:17:32.843959" elapsed="0.000188"/>
</kw>
<kw name="Should Not Be Empty" owner="BuiltIn">
<msg time="2024-06-01T04:17:32.844571" level="INFO">Length is 2.</msg>
<arg>${json_data}</arg>
<doc>Verifies that the given item is not empty.</doc>
<status status="PASS" start="2024-06-01T04:17:32.844440" elapsed="0.000169"/>
</kw>
<kw name="Create List" owner="BuiltIn">
<msg time="2024-06-01T04:17:32.845095" level="INFO">${expected_keys} = ['gender', 'name', 'location', 'email', 'login']</msg>
<var>${expected_keys}</var>
<arg>gender</arg>
<arg>name</arg>
<arg>location</arg>
<arg>email</arg>
<arg>login</arg>
<doc>Returns a list containing given items.</doc>
<status status="PASS" start="2024-06-01T04:17:32.844902" elapsed="0.000227"/>
</kw>
<for flavor="IN">
<iter>
<kw name="Dictionary Should Contain Key" owner="Collections">
<msg time="2024-06-01T04:17:32.846103" level="INFO">False</msg>
<arg>${json_data['results'][0]}</arg>
<arg>${key}</arg>
<doc>Fails if ``key`` is not found from ``dictionary``.</doc>
<status status="PASS" start="2024-06-01T04:17:32.845703" elapsed="0.000439"/>
</kw>
<kw name="Log" owner="BuiltIn">
<msg time="2024-06-01T04:17:32.846822" level="INFO">{'gender': 'male', 'name': {'title': 'Mr', 'first': 'Mostafa', 'last': 'Osnes'}, 'location': {'street': {'number': 4882, 'name': 'Kastellbakken'}, 'city': 'Skarnes', 'state': 'Hedmark', 'country': 'Norway', 'postcode': '3891', 'coordinates': {'latitude': '42.7316', 'longitude': '-156.8009'}, 'timezone': {'offset': '-11:00', 'description': 'Midway Island, Samoa'}}, 'email': 'mostafa.osnes@example.com', 'login': {'uuid': 'aa076b44-584c-4fc5-b915-01356681490f', 'username': 'beautifulgoose116', 'password': 'miller1', 'salt': 'xIsX9Wvm', 'md5': 'a118925f8f8b550af076e9585d22c59c', 'sha1': 'aee978000d51a10b94ca2066b165e08380edc011', 'sha256': '0429df5b8a1075dc7a0a39009ad3d3f37aa5448019d3248d8369a398423651ac'}, 'dob': {'date': '1948-09-18T11:20:32.579Z', 'age': 75}, 'registered': {'date': '2006-12-05T02:58:24.360Z', 'age': 17}, 'phone': '53502609', 'cell': '96887480', 'id': {'name': 'FN', 'value': '18094833503'}, 'picture': {'large': 'https://randomuser.me/api/portraits/men/32.jpg', 'medium': 'https://randomuser.me/api/portraits/med/men/32.jpg', 'thumbnail': 'https://randomuser.me/api/portraits/thumb/men/32.jpg'}, 'nat': 'NO'}</msg>
<arg>${json_data['results'][0]}</arg>
<doc>Logs the given message with the given level.</doc>
<status status="PASS" start="2024-06-01T04:17:32.846448" elapsed="0.000424"/>
</kw>
<kw name="Log" owner="BuiltIn">
<msg time="2024-06-01T04:17:32.847309" level="INFO">gender</msg>
<arg>${key}</arg>
<doc>Logs the given message with the given level.</doc>
<status status="PASS" start="2024-06-01T04:17:32.847178" elapsed="0.000169"/>
</kw>
<var name="${key}">gender</var>
<status status="PASS" start="2024-06-01T04:17:32.845579" elapsed="0.001984"/>
</iter>
<iter>
<kw name="Dictionary Should Contain Key" owner="Collections">
<msg time="2024-06-01T04:17:32.848256" level="INFO">False</msg>
<arg>${json_data['results'][0]}</arg>
<arg>${key}</arg>
<doc>Fails if ``key`` is not found from ``dictionary``.</doc>
<status status="PASS" start="2024-06-01T04:17:32.847874" elapsed="0.000420"/>
</kw>
<kw name="Log" owner="BuiltIn">
<msg time="2024-06-01T04:17:32.848979" level="INFO">{'gender': 'male', 'name': {'title': 'Mr', 'first': 'Mostafa', 'last': 'Osnes'}, 'location': {'street': {'number': 4882, 'name': 'Kastellbakken'}, 'city': 'Skarnes', 'state': 'Hedmark', 'country': 'Norway', 'postcode': '3891', 'coordinates': {'latitude': '42.7316', 'longitude': '-156.8009'}, 'timezone': {'offset': '-11:00', 'description': 'Midway Island, Samoa'}}, 'email': 'mostafa.osnes@example.com', 'login': {'uuid': 'aa076b44-584c-4fc5-b915-01356681490f', 'username': 'beautifulgoose116', 'password': 'miller1', 'salt': 'xIsX9Wvm', 'md5': 'a118925f8f8b550af076e9585d22c59c', 'sha1': 'aee978000d51a10b94ca2066b165e08380edc011', 'sha256': '0429df5b8a1075dc7a0a39009ad3d3f37aa5448019d3248d8369a398423651ac'}, 'dob': {'date': '1948-09-18T11:20:32.579Z', 'age': 75}, 'registered': {'date': '2006-12-05T02:58:24.360Z', 'age': 17}, 'phone': '53502609', 'cell': '96887480', 'id': {'name': 'FN', 'value': '18094833503'}, 'picture': {'large': 'https://randomuser.me/api/portraits/men/32.jpg', 'medium': 'https://randomuser.me/api/portraits/med/men/32.jpg', 'thumbnail': 'https://randomuser.me/api/portraits/thumb/men/32.jpg'}, 'nat': 'NO'}</msg>
<arg>${json_data['results'][0]}</arg>
<doc>Logs the given message with the given level.</doc>
<status status="PASS" start="2024-06-01T04:17:32.848618" elapsed="0.000434"/>
</kw>
<kw name="Log" owner="BuiltIn">
<msg time="2024-06-01T04:17:32.849493" level="INFO">name</msg>
<arg>${key}</arg>
<doc>Logs the given message with the given level.</doc>
<status status="PASS" start="2024-06-01T04:17:32.849363" elapsed="0.000168"/>
</kw>
<var name="${key}">name</var>
<status status="PASS" start="2024-06-01T04:17:32.847752" elapsed="0.001995"/>
</iter>
<iter>
<kw name="Dictionary Should Contain Key" owner="Collections">
<msg time="2024-06-01T04:17:32.850425" level="INFO">False</msg>
<arg>${json_data['results'][0]}</arg>
<arg>${key}</arg>
<doc>Fails if ``key`` is not found from ``dictionary``.</doc>
<status status="PASS" start="2024-06-01T04:17:32.850043" elapsed="0.000419"/>
</kw>
<kw name="Log" owner="BuiltIn">
<msg time="2024-06-01T04:17:32.851119" level="INFO">{'gender': 'male', 'name': {'title': 'Mr', 'first': 'Mostafa', 'last': 'Osnes'}, 'location': {'street': {'number': 4882, 'name': 'Kastellbakken'}, 'city': 'Skarnes', 'state': 'Hedmark', 'country': 'Norway', 'postcode': '3891', 'coordinates': {'latitude': '42.7316', 'longitude': '-156.8009'}, 'timezone': {'offset': '-11:00', 'description': 'Midway Island, Samoa'}}, 'email': 'mostafa.osnes@example.com', 'login': {'uuid': 'aa076b44-584c-4fc5-b915-01356681490f', 'username': 'beautifulgoose116', 'password': 'miller1', 'salt': 'xIsX9Wvm', 'md5': 'a118925f8f8b550af076e9585d22c59c', 'sha1': 'aee978000d51a10b94ca2066b165e08380edc011', 'sha256': '0429df5b8a1075dc7a0a39009ad3d3f37aa5448019d3248d8369a398423651ac'}, 'dob': {'date': '1948-09-18T11:20:32.579Z', 'age': 75}, 'registered': {'date': '2006-12-05T02:58:24.360Z', 'age': 17}, 'phone': '53502609', 'cell': '96887480', 'id': {'name': 'FN', 'value': '18094833503'}, 'picture': {'large': 'https://randomuser.me/api/portraits/men/32.jpg', 'medium': 'https://randomuser.me/api/portraits/med/men/32.jpg', 'thumbnail': 'https://randomuser.me/api/portraits/thumb/men/32.jpg'}, 'nat': 'NO'}</msg>
<arg>${json_data['results'][0]}</arg>
<doc>Logs the given message with the given level.</doc>
<status status="PASS" start="2024-06-01T04:17:32.850757" elapsed="0.000412"/>
</kw>
<kw name="Log" owner="BuiltIn">
<msg time="2024-06-01T04:17:32.851588" level="INFO">location</msg>
<arg>${key}</arg>
<doc>Logs the given message with the given level.</doc>
<status status="PASS" start="2024-06-01T04:17:32.851462" elapsed="0.000169"/>
</kw>
<var name="${key}">location</var>
<status status="PASS" start="2024-06-01T04:17:32.849927" elapsed="0.001919"/>
</iter>
<iter>
<kw name="Dictionary Should Contain Key" owner="Collections">
<msg time="2024-06-01T04:17:32.852513" level="INFO">False</msg>
<arg>${json_data['results'][0]}</arg>
<arg>${key}</arg>
<doc>Fails if ``key`` is not found from ``dictionary``.</doc>
<status status="PASS" start="2024-06-01T04:17:32.852131" elapsed="0.000424"/>
</kw>
<kw name="Log" owner="BuiltIn">
<msg time="2024-06-01T04:17:32.853243" level="INFO">{'gender': 'male', 'name': {'title': 'Mr', 'first': 'Mostafa', 'last': 'Osnes'}, 'location': {'street': {'number': 4882, 'name': 'Kastellbakken'}, 'city': 'Skarnes', 'state': 'Hedmark', 'country': 'Norway', 'postcode': '3891', 'coordinates': {'latitude': '42.7316', 'longitude': '-156.8009'}, 'timezone': {'offset': '-11:00', 'description': 'Midway Island, Samoa'}}, 'email': 'mostafa.osnes@example.com', 'login': {'uuid': 'aa076b44-584c-4fc5-b915-01356681490f', 'username': 'beautifulgoose116', 'password': 'miller1', 'salt': 'xIsX9Wvm', 'md5': 'a118925f8f8b550af076e9585d22c59c', 'sha1': 'aee978000d51a10b94ca2066b165e08380edc011', 'sha256': '0429df5b8a1075dc7a0a39009ad3d3f37aa5448019d3248d8369a398423651ac'}, 'dob': {'date': '1948-09-18T11:20:32.579Z', 'age': 75}, 'registered': {'date': '2006-12-05T02:58:24.360Z', 'age': 17}, 'phone': '53502609', 'cell': '96887480', 'id': {'name': 'FN', 'value': '18094833503'}, 'picture': {'large': 'https://randomuser.me/api/portraits/men/32.jpg', 'medium': 'https://randomuser.me/api/portraits/med/men/32.jpg', 'thumbnail': 'https://randomuser.me/api/portraits/thumb/men/32.jpg'}, 'nat': 'NO'}</msg>
<arg>${json_data['results'][0]}</arg>
<doc>Logs the given message with the given level.</doc>
<status status="PASS" start="2024-06-01T04:17:32.852851" elapsed="0.000443"/>
</kw>
<kw name="Log" owner="BuiltIn">
<msg time="2024-06-01T04:17:32.853715" level="INFO">email</msg>
<arg>${key}</arg>
<doc>Logs the given message with the given level.</doc>
<status status="PASS" start="2024-06-01T04:17:32.853590" elapsed="0.000161"/>
</kw>
<var name="${key}">email</var>
<status status="PASS" start="2024-06-01T04:17:32.852019" elapsed="0.001942"/>
</iter>
<iter>
<kw name="Dictionary Should Contain Key" owner="Collections">
<msg time="2024-06-01T04:17:32.854627" level="INFO">False</msg>
<arg>${json_data['results'][0]}</arg>
<arg>${key}</arg>
<doc>Fails if ``key`` is not found from ``dictionary``.</doc>
<status status="PASS" start="2024-06-01T04:17:32.854243" elapsed="0.000421"/>
</kw>
<kw name="Log" owner="BuiltIn">
<msg time="2024-06-01T04:17:32.855306" level="INFO">{'gender': 'male', 'name': {'title': 'Mr', 'first': 'Mostafa', 'last': 'Osnes'}, 'location': {'street': {'number': 4882, 'name': 'Kastellbakken'}, 'city': 'Skarnes', 'state': 'Hedmark', 'country': 'Norway', 'postcode': '3891', 'coordinates': {'latitude': '42.7316', 'longitude': '-156.8009'}, 'timezone': {'offset': '-11:00', 'description': 'Midway Island, Samoa'}}, 'email': 'mostafa.osnes@example.com', 'login': {'uuid': 'aa076b44-584c-4fc5-b915-01356681490f', 'username': 'beautifulgoose116', 'password': 'miller1', 'salt': 'xIsX9Wvm', 'md5': 'a118925f8f8b550af076e9585d22c59c', 'sha1': 'aee978000d51a10b94ca2066b165e08380edc011', 'sha256': '0429df5b8a1075dc7a0a39009ad3d3f37aa5448019d3248d8369a398423651ac'}, 'dob': {'date': '1948-09-18T11:20:32.579Z', 'age': 75}, 'registered': {'date': '2006-12-05T02:58:24.360Z', 'age': 17}, 'phone': '53502609', 'cell': '96887480', 'id': {'name': 'FN', 'value': '18094833503'}, 'picture': {'large': 'https://randomuser.me/api/portraits/men/32.jpg', 'medium': 'https://randomuser.me/api/portraits/med/men/32.jpg', 'thumbnail': 'https://randomuser.me/api/portraits/thumb/men/32.jpg'}, 'nat': 'NO'}</msg>
<arg>${json_data['results'][0]}</arg>
<doc>Logs the given message with the given level.</doc>
<status status="PASS" start="2024-06-01T04:17:32.854956" elapsed="0.000399"/>
</kw>
<kw name="Log" owner="BuiltIn">
<msg time="2024-06-01T04:17:32.855783" level="INFO">login</msg>
<arg>${key}</arg>
<doc>Logs the given message with the given level.</doc>
<status status="PASS" start="2024-06-01T04:17:32.855657" elapsed="0.000163"/>
</kw>
<var name="${key}">login</var>
<status status="PASS" start="2024-06-01T04:17:32.854134" elapsed="0.001908"/>
</iter>
<var>${key}</var>
<value>@{expected_keys}</value>
<status status="PASS" start="2024-06-01T04:17:32.845398" elapsed="0.010791"/>
</for>
<kw name="Create List" owner="BuiltIn">
<msg time="2024-06-01T04:17:32.856530" level="INFO">${expected_keysTwo} = ['username', 'password']</msg>
<var>${expected_keysTwo}</var>
<arg>username</arg>
<arg>password</arg>
<doc>Returns a list containing given items.</doc>
<status status="PASS" start="2024-06-01T04:17:32.856392" elapsed="0.000161"/>
</kw>
<for flavor="IN">
<iter>
<kw name="Dictionary Should Contain Key" owner="Collections">
<msg time="2024-06-01T04:17:32.857568" level="INFO">False</msg>
<arg>${json_data['results'][0]['login']}</arg>
<arg>${keyTwo}</arg>
<doc>Fails if ``key`` is not found from ``dictionary``.</doc>
<status status="PASS" start="2024-06-01T04:17:32.857074" elapsed="0.000531"/>
</kw>
<kw name="Dictionary Should Contain Key" owner="Collections">
<msg time="2024-06-01T04:17:32.858298" level="INFO">False</msg>
<arg>${json_data['results'][0]['login']}</arg>
<arg>${keyTwo}</arg>
<doc>Fails if ``key`` is not found from ``dictionary``.</doc>
<status status="PASS" start="2024-06-01T04:17:32.857908" elapsed="0.000427"/>
</kw>
<kw name="Log" owner="BuiltIn">
<msg time="2024-06-01T04:17:32.858757" level="INFO">username</msg>
<arg>${keyTwo}</arg>
<doc>Logs the given message with the given level.</doc>
<status status="PASS" start="2024-06-01T04:17:32.858627" elapsed="0.000167"/>
</kw>
<var name="${keyTwo}">username</var>
<status status="PASS" start="2024-06-01T04:17:32.856938" elapsed="0.002070"/>
</iter>
<iter>
<kw name="Dictionary Should Contain Key" owner="Collections">
<msg time="2024-06-01T04:17:32.859667" level="INFO">False</msg>
<arg>${json_data['results'][0]['login']}</arg>
<arg>${keyTwo}</arg>
<doc>Fails if ``key`` is not found from ``dictionary``.</doc>
<status status="PASS" start="2024-06-01T04:17:32.859294" elapsed="0.000410"/>
</kw>
<kw name="Dictionary Should Contain Key" owner="Collections">
<msg time="2024-06-01T04:17:32.860371" level="INFO">False</msg>
<arg>${json_data['results'][0]['login']}</arg>
<arg>${keyTwo}</arg>
<doc>Fails if ``key`` is not found from ``dictionary``.</doc>
<status status="PASS" start="2024-06-01T04:17:32.859999" elapsed="0.000408"/>
</kw>
<kw name="Log" owner="BuiltIn">
<msg time="2024-06-01T04:17:32.860821" level="INFO">password</msg>
<arg>${keyTwo}</arg>
<doc>Logs the given message with the given level.</doc>
<status status="PASS" start="2024-06-01T04:17:32.860696" elapsed="0.000163"/>
</kw>
<var name="${keyTwo}">password</var>
<status status="PASS" start="2024-06-01T04:17:32.859183" elapsed="0.001920"/>
</iter>
<var>${keyTwo}</var>
<value>@{expected_keysTwo}</value>
<status status="PASS" start="2024-06-01T04:17:32.856788" elapsed="0.004441"/>
</for>
<status status="PASS" start="2024-06-01T04:17:32.738578" elapsed="0.122791"/>
</kw>
<doc>Testa a estrutura da resposta da API.</doc>
<tag>testeEstruturaResposta</tag>
<status status="PASS" start="2024-06-01T04:17:32.737827" elapsed="0.123690"/>
</test>
<test id="s1-s1-t4" name="Validar tipos de dados" line="28">
<kw name="Teste de Tipos de Dados" owner="random-user-service">
<kw name="GET On Session" owner="RequestsLibrary">
<msg time="2024-06-01T04:17:32.949885" level="INFO">GET Request : url=https://randomuser.me/api 
 path_url=/api 
 headers={'User-Agent': 'python-requests/2.32.3', 'Accept-Encoding': 'gzip, deflate', 'Accept': '*/*', 'Connection': 'keep-alive'} 
 body=None 
 </msg>
<msg time="2024-06-01T04:17:32.949972" level="INFO">GET Response : url=https://randomuser.me/api 
 status=200, reason=OK 
 headers={'Date': 'Sat, 01 Jun 2024 04:17:32 GMT', 'Content-Type': 'application/json; charset=utf-8', 'Transfer-Encoding': 'chunked', 'Connection': 'keep-alive', 'X-Powered-By': 'Express', 'Access-Control-Allow-Origin': '*', 'Cache-Control': 'no-cache', 'ETag': 'W/"463-zbQ6PFrhcoV/1QrY79kIlBNuuCA"', 'Vary': 'Accept-Encoding', 'Content-Encoding': 'gzip', 'CF-Cache-Status': 'DYNAMIC', 'Report-To': '{"endpoints":[{"url":"https:\\/\\/a.nel.cloudflare.com\\/report\\/v4?s=kyUDoJc7lfGkmHu2AxDN8BcWWz9Zb%2F%2BCPkGp6MCL3JlgU7pRogCt9hVVdgOxO0y9Mi7zYNSeNLZnso7EtMnB0iAXI%2B0i9LpEjs6Hwsf7FluHNUi1Kvlw96IBk7Hryh5N"}],"group":"cf-nel","max_age":604800}', 'NEL': '{"success_fraction":0,"report_to":"cf-nel","max_age":604800}', 'Server': 'cloudflare', 'CF-RAY': '88cc6504690a155d-SJC', 'alt-svc': 'h3=":443"; ma=86400'} 
 body={"results":[{"gender":"male","name":{"title":"Mr","first":"Oğuzhan","last":"Çevik"},"location":{"street":{"number":6855,"name":"Doktorlar Cd"},"city":"Karaman","state":"Sinop","country":"Turkey","postcode":14018,"coordinates":{"latitude":"70.3880","longitude":"-124.4158"},"timezone":{"offset":"+4:30","description":"Kabul"}},"email":"oguzhan.cevik@example.com","login":{"uuid":"ceaa2db0-59ff-4bbe-944b-b6fbb94428f5","username":"crazypanda726","password":"critter","salt":"tL80UR3v","md5":"4f38107098193c1b751fde066cb76e19","sha1":"59013a5cca6241d84b8710c63950a86c775c9e94","sha256":"9ecc358e411be7bd2fa991d53fe5ed06d263166b5000bf6e70d3000dee23aa53"},"dob":{"date":"1966-01-21T22:35:29.140Z","age":58},"registered":{"date":"2022-01-14T09:43:21.646Z","age":2},"phone":"(762)-215-9394","cell":"(678)-027-6272","id":{"name":"","value":null},"picture":{"large":"https://randomuser.me/api/portraits/men/71.jpg","medium":"https://randomuser.me/api/portraits/med/men/71.jpg","thumbnail":"https://randomuser.me/api/portraits/thumb/men/71.jpg"},"nat":"TR"}],"info":{"seed":"336ca09cc44b26ba","results":1,"page":1,"version":"1.4"}} 
 </msg>
<msg time="2024-06-01T04:17:32.950051" level="INFO">/opt/hostedtoolcache/Python/3.12.3/x64/lib/python3.12/site-packages/urllib3/connectionpool.py:1103: InsecureRequestWarning: Unverified HTTPS request is being made to host 'randomuser.me'. Adding certificate verification is strongly advised. See: https://urllib3.readthedocs.io/en/latest/advanced-usage.html#tls-warnings
  warnings.warn(</msg>
<msg time="2024-06-01T04:17:32.950194" level="INFO">${response} = &lt;Response [200]&gt;</msg>
<var>${response}</var>
<arg>consultarAPI</arg>
<arg>/api</arg>
<doc>Sends a GET request on a previously created HTTP Session.</doc>
<status status="PASS" start="2024-06-01T04:17:32.863875" elapsed="0.086378"/>
</kw>
<kw name="Set Variable" owner="BuiltIn">
<msg time="2024-06-01T04:17:32.951160" level="INFO">${json_data} = {'results': [{'gender': 'male', 'name': {'title': 'Mr', 'first': 'Oğuzhan', 'last': 'Çevik'}, 'location': {'street': {'number': 6855, 'name': 'Doktorlar Cd'}, 'city': 'Karaman', 'state': 'Sinop', 'cou...</msg>
<var>${json_data}</var>
<arg>${response.json()}</arg>
<doc>Returns the given values which can then be assigned to a variables.</doc>
<status status="PASS" start="2024-06-01T04:17:32.950695" elapsed="0.000496"/>
</kw>
<kw name="Log" owner="BuiltIn">
<msg time="2024-06-01T04:17:32.951663" level="INFO">{'results': [{'gender': 'male', 'name': {'title': 'Mr', 'first': 'Oğuzhan', 'last': 'Çevik'}, 'location': {'street': {'number': 6855, 'name': 'Doktorlar Cd'}, 'city': 'Karaman', 'state': 'Sinop', 'country': 'Turkey', 'postcode': 14018, 'coordinates': {'latitude': '70.3880', 'longitude': '-124.4158'}, 'timezone': {'offset': '+4:30', 'description': 'Kabul'}}, 'email': 'oguzhan.cevik@example.com', 'login': {'uuid': 'ceaa2db0-59ff-4bbe-944b-b6fbb94428f5', 'username': 'crazypanda726', 'password': 'critter', 'salt': 'tL80UR3v', 'md5': '4f38107098193c1b751fde066cb76e19', 'sha1': '59013a5cca6241d84b8710c63950a86c775c9e94', 'sha256': '9ecc358e411be7bd2fa991d53fe5ed06d263166b5000bf6e70d3000dee23aa53'}, 'dob': {'date': '1966-01-21T22:35:29.140Z', 'age': 58}, 'registered': {'date': '2022-01-14T09:43:21.646Z', 'age': 2}, 'phone': '(762)-215-9394', 'cell': '(678)-027-6272', 'id': {'name': '', 'value': None}, 'picture': {'large': 'https://randomuser.me/api/portraits/men/71.jpg', 'medium': 'https://randomuser.me/api/portraits/med/men/71.jpg', 'thumbnail': 'https://randomuser.me/api/portraits/thumb/men/71.jpg'}, 'nat': 'TR'}], 'info': {'seed': '336ca09cc44b26ba', 'results': 1, 'page': 1, 'version': '1.4'}}</msg>
<arg>${json_data}</arg>
<doc>Logs the given message with the given level.</doc>
<status status="PASS" start="2024-06-01T04:17:32.951505" elapsed="0.000219"/>
</kw>
<kw name="Should Be String" owner="String">
<arg>${json_data['results'][0]['gender']}</arg>
<doc>Fails if the given ``item`` is not a string.</doc>
<status status="PASS" start="2024-06-01T04:17:32.952050" elapsed="0.000367"/>
</kw>
<kw name="Should Match Regexp" owner="BuiltIn">
<arg>${json_data['results'][0]['email']}</arg>
<arg>^[a-zA-Z0-9._%+-]+@[a-zA-Z0-9.-]+\.[a-zA-Z]{2,}$</arg>
<doc>Fails if ``string`` does not match ``pattern`` as a regular expression.</doc>
<status status="PASS" start="2024-06-01T04:17:32.952613" elapsed="0.000526"/>
</kw>
<kw name="Should Match Regexp" owner="BuiltIn">
<arg>${json_data['results'][0]['dob']['date']}</arg>
<arg>\\d{4}-\\d{2}-\\d{2}T\\d{2}:\\d{2}:\\d{2}\\.\\d{3}Z</arg>
<doc>Fails if ``string`` does not match ``pattern`` as a regular expression.</doc>
<status status="PASS" start="2024-06-01T04:17:32.953355" elapsed="0.000490"/>
</kw>
<kw name="Should Match Regexp" owner="BuiltIn">
<arg>${json_data['results'][0]['registered']['date']}</arg>
<arg>\\d{4}-\\d{2}-\\d{2}T\\d{2}:\\d{2}:\\d{2}\\.\\d{3}Z</arg>
<doc>Fails if ``string`` does not match ``pattern`` as a regular expression.</doc>
<status status="PASS" start="2024-06-01T04:17:32.954038" elapsed="0.000368"/>
</kw>
<kw name="Should Match Regexp" owner="BuiltIn">
<arg>${json_data['results'][0]['picture']['large']}</arg>
<arg>^https?://.*\.(?:png|jpe?g|gif|bmp)$</arg>
<doc>Fails if ``string`` does not match ``pattern`` as a regular expression.</doc>
<status status="PASS" start="2024-06-01T04:17:32.954607" elapsed="0.000461"/>
</kw>
<kw name="Should Match Regexp" owner="BuiltIn">
<arg>${json_data['results'][0]['picture']['medium']}</arg>
<arg>^https?://.*\.(?:png|jpe?g|gif|bmp)$</arg>
<doc>Fails if ``string`` does not match ``pattern`` as a regular expression.</doc>
<status status="PASS" start="2024-06-01T04:17:32.955262" elapsed="0.000360"/>
</kw>
<kw name="Should Match Regexp" owner="BuiltIn">
<arg>${json_data['results'][0]['picture']['thumbnail']}</arg>
<arg>^https?://.*\.(?:png|jpe?g|gif|bmp)$</arg>
<doc>Fails if ``string`` does not match ``pattern`` as a regular expression.</doc>
<status status="PASS" start="2024-06-01T04:17:32.955812" elapsed="0.000346"/>
</kw>
<kw name="Log" owner="BuiltIn">
<msg time="2024-06-01T04:17:32.956674" level="INFO">{'large': 'https://randomuser.me/api/portraits/men/71.jpg', 'medium': 'https://randomuser.me/api/portraits/med/men/71.jpg', 'thumbnail': 'https://randomuser.me/api/portraits/thumb/men/71.jpg'}</msg>
<arg>${json_data['results'][0]['picture']}</arg>
<doc>Logs the given message with the given level.</doc>
<status status="PASS" start="2024-06-01T04:17:32.956341" elapsed="0.000376"/>
</kw>
<status status="PASS" start="2024-06-01T04:17:32.863657" elapsed="0.093317"/>
</kw>
<kw name="Teste de Tipos de Dados - Postcode" owner="random-user-service">
<kw name="GET On Session" owner="RequestsLibrary">
<msg time="2024-06-01T04:17:33.048432" level="INFO">GET Request : url=https://randomuser.me/api 
 path_url=/api 
 headers={'User-Agent': 'python-requests/2.32.3', 'Accept-Encoding': 'gzip, deflate', 'Accept': '*/*', 'Connection': 'keep-alive'} 
 body=None 
 </msg>
<msg time="2024-06-01T04:17:33.048513" level="INFO">GET Response : url=https://randomuser.me/api 
 status=200, reason=OK 
 headers={'Date': 'Sat, 01 Jun 2024 04:17:33 GMT', 'Content-Type': 'application/json; charset=utf-8', 'Transfer-Encoding': 'chunked', 'Connection': 'keep-alive', 'X-Powered-By': 'Express', 'Access-Control-Allow-Origin': '*', 'Cache-Control': 'no-cache', 'ETag': 'W/"489-dAxpVJJqMn8JiqqsZenxJGxxSnA"', 'Vary': 'Accept-Encoding', 'Content-Encoding': 'gzip', 'CF-Cache-Status': 'DYNAMIC', 'Report-To': '{"endpoints":[{"url":"https:\\/\\/a.nel.cloudflare.com\\/report\\/v4?s=kEzzy1930oq2BO305dYoq5Zj22D2O4rmcMNXfiy5DPfg%2BkpHSVckHRISfgb6%2BO4Kd8bL0VxMxBWPVVdhZ%2FOTyXXDbyR%2F6a%2BOnTTSmz8C%2FMttccp%2BwelrkxvWLP4mEtaZ"}],"group":"cf-nel","max_age":604800}', 'NEL': '{"success_fraction":0,"report_to":"cf-nel","max_age":604800}', 'Server': 'cloudflare', 'CF-RAY': '88cc65050966155d-SJC', 'alt-svc': 'h3=":443"; ma=86400'} 
 body={"results":[{"gender":"male","name":{"title":"Mr","first":"Udarsh","last":"Acharya"},"location":{"street":{"number":5124,"name":"Ratha Bheedi"},"city":"Bikaner","state":"Punjab","country":"India","postcode":65113,"coordinates":{"latitude":"10.3164","longitude":"-179.4359"},"timezone":{"offset":"-5:00","description":"Eastern Time (US &amp; Canada), Bogota, Lima"}},"email":"udarsh.acharya@example.com","login":{"uuid":"e038c3c9-bd0b-4886-8c07-3971cdd0f29e","username":"angrykoala270","password":"sales","salt":"R1dRGHzd","md5":"ff9231950e8bf06bfea6612d21ae280d","sha1":"afdab2fe22224d4facd683c45ee4c61739f9d8e9","sha256":"689a7a85ce1b8fe7d0f85575376c96158ab1567e52574b707f4b624bcef4e99c"},"dob":{"date":"1976-08-31T08:48:51.781Z","age":47},"registered":{"date":"2011-03-27T17:24:41.762Z","age":13},"phone":"9880915906","cell":"8222076303","id":{"name":"UIDAI","value":"745698603976"},"picture":{"large":"https://randomuser.me/api/portraits/men/7.jpg","medium":"https://randomuser.me/api/portraits/med/men/7.jpg","thumbnail":"https://randomuser.me/api/portraits/thumb/men/7.jpg"},"nat":"IN"}],"info":{"seed":"693c5bb412bae1b7","results":1,"page":1,"version":"1.4"}} 
 </msg>
<msg time="2024-06-01T04:17:33.048602" level="INFO">/opt/hostedtoolcache/Python/3.12.3/x64/lib/python3.12/site-packages/urllib3/connectionpool.py:1103: InsecureRequestWarning: Unverified HTTPS request is being made to host 'randomuser.me'. Adding certificate verification is strongly advised. See: https://urllib3.readthedocs.io/en/latest/advanced-usage.html#tls-warnings
  warnings.warn(</msg>
<msg time="2024-06-01T04:17:33.048741" level="INFO">${response} = &lt;Response [200]&gt;</msg>
<var>${response}</var>
<arg>consultarAPI</arg>
<arg>/api</arg>
<doc>Sends a GET request on a previously created HTTP Session.</doc>
<status status="PASS" start="2024-06-01T04:17:32.957448" elapsed="0.091335"/>
</kw>
<kw name="Set Variable" owner="BuiltIn">
<msg time="2024-06-01T04:17:33.049612" level="INFO">${json_data} = {'results': [{'gender': 'male', 'name': {'title': 'Mr', 'first': 'Udarsh', 'last': 'Acharya'}, 'location': {'street': {'number': 5124, 'name': 'Ratha Bheedi'}, 'city': 'Bikaner', 'state': 'Punjab', 'c...</msg>
<var>${json_data}</var>
<arg>${response.json()}</arg>
<doc>Returns the given values which can then be assigned to a variables.</doc>
<status status="PASS" start="2024-06-01T04:17:33.049177" elapsed="0.000465"/>
</kw>
<kw name="Log" owner="BuiltIn">
<msg time="2024-06-01T04:17:33.050101" level="INFO">{'results': [{'gender': 'male', 'name': {'title': 'Mr', 'first': 'Udarsh', 'last': 'Acharya'}, 'location': {'street': {'number': 5124, 'name': 'Ratha Bheedi'}, 'city': 'Bikaner', 'state': 'Punjab', 'country': 'India', 'postcode': 65113, 'coordinates': {'latitude': '10.3164', 'longitude': '-179.4359'}, 'timezone': {'offset': '-5:00', 'description': 'Eastern Time (US &amp; Canada), Bogota, Lima'}}, 'email': 'udarsh.acharya@example.com', 'login': {'uuid': 'e038c3c9-bd0b-4886-8c07-3971cdd0f29e', 'username': 'angrykoala270', 'password': 'sales', 'salt': 'R1dRGHzd', 'md5': 'ff9231950e8bf06bfea6612d21ae280d', 'sha1': 'afdab2fe22224d4facd683c45ee4c61739f9d8e9', 'sha256': '689a7a85ce1b8fe7d0f85575376c96158ab1567e52574b707f4b624bcef4e99c'}, 'dob': {'date': '1976-08-31T08:48:51.781Z', 'age': 47}, 'registered': {'date': '2011-03-27T17:24:41.762Z', 'age': 13}, 'phone': '9880915906', 'cell': '8222076303', 'id': {'name': 'UIDAI', 'value': '745698603976'}, 'picture': {'large': 'https://randomuser.me/api/portraits/men/7.jpg', 'medium': 'https://randomuser.me/api/portraits/med/men/7.jpg', 'thumbnail': 'https://randomuser.me/api/portraits/thumb/men/7.jpg'}, 'nat': 'IN'}], 'info': {'seed': '693c5bb412bae1b7', 'results': 1, 'page': 1, 'version': '1.4'}}</msg>
<arg>${json_data}</arg>
<doc>Logs the given message with the given level.</doc>
<status status="PASS" start="2024-06-01T04:17:33.049952" elapsed="0.000208"/>
</kw>
<kw name="Should Be Equal As Numbers" owner="BuiltIn">
<arg>${json_data['results'][0]['location']['postcode']}</arg>
<arg>${json_data['results'][0]['location']['postcode']}</arg>
<doc>Fails if objects are unequal after converting them to real numbers.</doc>
<status status="PASS" start="2024-06-01T04:17:33.050457" elapsed="0.000617"/>
</kw>
<kw name="Log" owner="BuiltIn">
<msg time="2024-06-01T04:17:33.051637" level="INFO">65113</msg>
<arg>${json_data['results'][0]['location']['postcode']}</arg>
<doc>Logs the given message with the given level.</doc>
<status status="PASS" start="2024-06-01T04:17:33.051296" elapsed="0.000383"/>
</kw>
<status status="PASS" start="2024-06-01T04:17:32.957223" elapsed="0.094706"/>
</kw>
<doc>Testa se os tipos de dados na resposta da API estão corretos.</doc>
<tag>testeTiposDados</tag>
<status status="PASS" start="2024-06-01T04:17:32.863232" elapsed="0.188858"/>
</test>
<test id="s1-s1-t5" name="Validar conteudo" line="35">
<kw name="Teste de Tipos de Conteudo" owner="random-user-service">
<kw name="GET On Session" owner="RequestsLibrary">
<msg time="2024-06-01T04:17:33.386168" level="INFO">GET Request : url=https://randomuser.me/api 
 path_url=/api 
 headers={'User-Agent': 'python-requests/2.32.3', 'Accept-Encoding': 'gzip, deflate', 'Accept': '*/*', 'Connection': 'keep-alive'} 
 body=None 
 </msg>
<msg time="2024-06-01T04:17:33.386231" level="INFO">GET Response : url=https://randomuser.me/api 
 status=200, reason=OK 
 headers={'Date': 'Sat, 01 Jun 2024 04:17:33 GMT', 'Content-Type': 'application/json; charset=utf-8', 'Transfer-Encoding': 'chunked', 'Connection': 'keep-alive', 'X-Powered-By': 'Express', 'Access-Control-Allow-Origin': '*', 'Cache-Control': 'no-cache', 'ETag': 'W/"470-yYZc8JAtEC+v7kQgLGhojyT/Zks"', 'Vary': 'Accept-Encoding', 'Content-Encoding': 'gzip', 'CF-Cache-Status': 'DYNAMIC', 'Report-To': '{"endpoints":[{"url":"https:\\/\\/a.nel.cloudflare.com\\/report\\/v4?s=0l%2F5blo%2B6%2BJo1qJNpvJ9zZCn0r8jHK1QZK9WZPZJC8glR8Bs9%2F%2BNQ1U%2FMrs6%2BmXMQOqFwt4DNKLVftxfki91e2hEUs1KGjd3Ash0umXzWTtRhEy%2BDzHoVh%2F0Ee3SJ%2BXV"}],"group":"cf-nel","max_age":604800}', 'NEL': '{"success_fraction":0,"report_to":"cf-nel","max_age":604800}', 'Server': 'cloudflare', 'CF-RAY': '88cc650599ce155d-SJC', 'alt-svc': 'h3=":443"; ma=86400'} 
 body={"results":[{"gender":"female","name":{"title":"Mrs","first":"Florence","last":"Lam"},"location":{"street":{"number":9154,"name":"George St"},"city":"Greenwood","state":"Yukon","country":"Canada","postcode":"L7V 9Y7","coordinates":{"latitude":"-70.5860","longitude":"64.2255"},"timezone":{"offset":"+5:45","description":"Kathmandu"}},"email":"florence.lam@example.com","login":{"uuid":"779ce86f-36ec-4dba-9c4b-91520ad34f50","username":"sadmeercat181","password":"donna","salt":"y6WZSOJY","md5":"84a266786aba9da656e9aad7580e6c5e","sha1":"325b24c6697df5cc5fd7029c40a301fae075e871","sha256":"5417fd283d8bb2df82e8b308e7ec1ff28e4f6105fb692305c5f642dde520e4c6"},"dob":{"date":"1964-07-16T13:51:38.347Z","age":59},"registered":{"date":"2005-07-06T20:50:05.867Z","age":18},"phone":"Q82 H93-0028","cell":"R16 K73-6783","id":{"name":"SIN","value":"637017898"},"picture":{"large":"https://randomuser.me/api/portraits/women/5.jpg","medium":"https://randomuser.me/api/portraits/med/women/5.jpg","thumbnail":"https://randomuser.me/api/portraits/thumb/women/5.jpg"},"nat":"CA"}],"info":{"seed":"1dfc2f0e5fefdce8","results":1,"page":1,"version":"1.4"}} 
 </msg>
<msg time="2024-06-01T04:17:33.386285" level="INFO">/opt/hostedtoolcache/Python/3.12.3/x64/lib/python3.12/site-packages/urllib3/connectionpool.py:1103: InsecureRequestWarning: Unverified HTTPS request is being made to host 'randomuser.me'. Adding certificate verification is strongly advised. See: https://urllib3.readthedocs.io/en/latest/advanced-usage.html#tls-warnings
  warnings.warn(</msg>
<msg time="2024-06-01T04:17:33.386393" level="INFO">${response} = &lt;Response [200]&gt;</msg>
<var>${response}</var>
<arg>consultarAPI</arg>
<arg>/api</arg>
<doc>Sends a GET request on a previously created HTTP Session.</doc>
<status status="PASS" start="2024-06-01T04:17:33.054471" elapsed="0.331961"/>
</kw>
<kw name="Set Variable" owner="BuiltIn">
<msg time="2024-06-01T04:17:33.387229" level="INFO">${json_data} = {'results': [{'gender': 'female', 'name': {'title': 'Mrs', 'first': 'Florence', 'last': 'Lam'}, 'location': {'street': {'number': 9154, 'name': 'George St'}, 'city': 'Greenwood', 'state': 'Yukon', 'co...</msg>
<var>${json_data}</var>
<arg>${response.json()}</arg>
<doc>Returns the given values which can then be assigned to a variables.</doc>
<status status="PASS" start="2024-06-01T04:17:33.386793" elapsed="0.000464"/>
</kw>
<kw name="Set Variable" owner="BuiltIn">
<msg time="2024-06-01T04:17:33.387940" level="INFO">${name_title} = Mrs</msg>
<var>${name_title}</var>
<arg>${json_data["results"][0]["name"]["title"]}</arg>
<doc>Returns the given values which can then be assigned to a variables.</doc>
<status status="PASS" start="2024-06-01T04:17:33.387556" elapsed="0.000410"/>
</kw>
<kw name="Create List" owner="BuiltIn">
<msg time="2024-06-01T04:17:33.388405" level="INFO">${allowed_titles} = ['Mr', 'Ms', 'Miss', 'Mrs', 'Madame', 'Monsieur']</msg>
<var>${allowed_titles}</var>
<arg>Mr</arg>
<arg>Ms</arg>
<arg>Miss</arg>
<arg>Mrs</arg>
<arg>Madame</arg>
<arg>Monsieur</arg>
<doc>Returns a list containing given items.</doc>
<status status="PASS" start="2024-06-01T04:17:33.388259" elapsed="0.000170"/>
</kw>
<kw name="List Should Contain Value" owner="Collections">
<msg time="2024-06-01T04:17:33.388891" level="INFO">False</msg>
<arg>${allowed_titles}</arg>
<arg>${name_title}</arg>
<doc>Fails if the ``value`` is not found from ``list``.</doc>
<status status="PASS" start="2024-06-01T04:17:33.388723" elapsed="0.000203"/>
</kw>
<kw name="Set Variable" owner="BuiltIn">
<msg time="2024-06-01T04:17:33.389613" level="INFO">${name_country} = CA</msg>
<var>${name_country}</var>
<arg>${json_data["results"][0]["nat"]}</arg>
<doc>Returns the given values which can then be assigned to a variables.</doc>
<status status="PASS" start="2024-06-01T04:17:33.389237" elapsed="0.000400"/>
</kw>
<kw name="Create List" owner="BuiltIn">
<msg time="2024-06-01T04:17:33.390531" level="INFO">${list_country} = ['AD', 'AE', 'AF', 'AG', 'AI', 'AL', 'AM', 'AO', 'AQ', 'AR', 'AS', 'AT', 'AU', 'AW', 'AX', 'AZ', 'BA', 'BB', 'BD', 'BE', 'BF', 'BG', 'BH', 'BI', 'BJ', 'BL', 'BM', 'BN', 'BO', 'BQ', 'BR', 'BS', 'BT', '...</msg>
<var>${list_country}</var>
<arg>AD</arg>
<arg>AE</arg>
<arg>AF</arg>
<arg>AG</arg>
<arg>AI</arg>
<arg>AL</arg>
<arg>AM</arg>
<arg>AO</arg>
<arg>AQ</arg>
<arg>AR</arg>
<arg>AS</arg>
<arg>AT</arg>
<arg>AU</arg>
<arg>AW</arg>
<arg>AX</arg>
<arg>AZ</arg>
<arg>BA</arg>
<arg>BB</arg>
<arg>BD</arg>
<arg>BE</arg>
<arg>BF</arg>
<arg>BG</arg>
<arg>BH</arg>
<arg>BI</arg>
<arg>BJ</arg>
<arg>BL</arg>
<arg>BM</arg>
<arg>BN</arg>
<arg>BO</arg>
<arg>BQ</arg>
<arg>BR</arg>
<arg>BS</arg>
<arg>BT</arg>
<arg>BV</arg>
<arg>BW</arg>
<arg>BY</arg>
<arg>BZ</arg>
<arg>CA</arg>
<arg>CC</arg>
<arg>CD</arg>
<arg>CF</arg>
<arg>CG</arg>
<arg>CH</arg>
<arg>CI</arg>
<arg>CK</arg>
<arg>CL</arg>
<arg>CM</arg>
<arg>CN</arg>
<arg>CO</arg>
<arg>CR</arg>
<arg>CU</arg>
<arg>CV</arg>
<arg>CW</arg>
<arg>CX</arg>
<arg>CY</arg>
<arg>CZ</arg>
<arg>DE</arg>
<arg>DJ</arg>
<arg>DK</arg>
<arg>DM</arg>
<arg>DO</arg>
<arg>DZ</arg>
<arg>EC</arg>
<arg>EE</arg>
<arg>EG</arg>
<arg>EH</arg>
<arg>ER</arg>
<arg>ES</arg>
<arg>ET</arg>
<arg>FI</arg>
<arg>FJ</arg>
<arg>FK</arg>
<arg>FM</arg>
<arg>FO</arg>
<arg>FR</arg>
<arg>GA</arg>
<arg>GB</arg>
<arg>GD</arg>
<arg>GE</arg>
<arg>GF</arg>
<arg>GG</arg>
<arg>GH</arg>
<arg>GI</arg>
<arg>GL</arg>
<arg>GM</arg>
<arg>GN</arg>
<arg>GP</arg>
<arg>GQ</arg>
<arg>GR</arg>
<arg>GS</arg>
<arg>GT</arg>
<arg>GU</arg>
<arg>GW</arg>
<arg>GY</arg>
<arg>HK</arg>
<arg>HM</arg>
<arg>HN</arg>
<arg>HR</arg>
<arg>HT</arg>
<arg>HU</arg>
<arg>ID</arg>
<arg>IE</arg>
<arg>IL</arg>
<arg>IM</arg>
<arg>IN</arg>
<arg>IO</arg>
<arg>IQ</arg>
<arg>IR</arg>
<arg>IS</arg>
<arg>IT</arg>
<arg>JE</arg>
<arg>JM</arg>
<arg>JO</arg>
<arg>JP</arg>
<arg>KE</arg>
<arg>KG</arg>
<arg>KH</arg>
<arg>KI</arg>
<arg>KM</arg>
<arg>KN</arg>
<arg>KP</arg>
<arg>KR</arg>
<arg>KW</arg>
<arg>KY</arg>
<arg>KZ</arg>
<arg>LA</arg>
<arg>LB</arg>
<arg>LC</arg>
<arg>LI</arg>
<arg>LK</arg>
<arg>LR</arg>
<arg>LS</arg>
<arg>LT</arg>
<arg>LU</arg>
<arg>LV</arg>
<arg>LY</arg>
<arg>MA</arg>
<arg>MC</arg>
<arg>MD</arg>
<arg>ME</arg>
<arg>MF</arg>
<arg>MG</arg>
<arg>MH</arg>
<arg>MK</arg>
<arg>ML</arg>
<arg>MM</arg>
<arg>MN</arg>
<arg>MO</arg>
<arg>MP</arg>
<arg>MQ</arg>
<arg>MR</arg>
<arg>MS</arg>
<arg>MT</arg>
<arg>MU</arg>
<arg>MV</arg>
<arg>MW</arg>
<arg>MX</arg>
<arg>MY</arg>
<arg>MZ</arg>
<arg>NA</arg>
<arg>NC</arg>
<arg>NE</arg>
<arg>NF</arg>
<arg>NG</arg>
<arg>NI</arg>
<arg>NL</arg>
<arg>NO</arg>
<arg>NP</arg>
<arg>NR</arg>
<arg>NU</arg>
<arg>NZ</arg>
<arg>OM</arg>
<arg>PA</arg>
<arg>PE</arg>
<arg>PF</arg>
<arg>PG</arg>
<arg>PH</arg>
<arg>PK</arg>
<arg>PL</arg>
<arg>PM</arg>
<arg>PN</arg>
<arg>PR</arg>
<arg>PS</arg>
<arg>PT</arg>
<arg>PW</arg>
<arg>PY</arg>
<arg>QA</arg>
<arg>RE</arg>
<arg>RO</arg>
<arg>RS</arg>
<arg>RU</arg>
<arg>RW</arg>
<arg>SA</arg>
<arg>SB</arg>
<arg>SC</arg>
<arg>SD</arg>
<arg>SE</arg>
<arg>SG</arg>
<arg>SH</arg>
<arg>SI</arg>
<arg>SJ</arg>
<arg>SK</arg>
<arg>SL</arg>
<arg>SM</arg>
<arg>SN</arg>
<arg>SO</arg>
<arg>SR</arg>
<arg>SS</arg>
<arg>ST</arg>
<arg>SV</arg>
<arg>SX</arg>
<arg>SY</arg>
<arg>SZ</arg>
<arg>TC</arg>
<arg>TD</arg>
<arg>TF</arg>
<arg>TG</arg>
<arg>TH</arg>
<arg>TJ</arg>
<arg>TK</arg>
<arg>TL</arg>
<arg>TM</arg>
<arg>TN</arg>
<arg>TO</arg>
<arg>TR</arg>
<arg>TT</arg>
<arg>TV</arg>
<arg>TW</arg>
<arg>TZ</arg>
<arg>UA</arg>
<arg>UG</arg>
<arg>UM</arg>
<arg>US</arg>
<arg>UY</arg>
<arg>UZ</arg>
<arg>VA</arg>
<arg>VC</arg>
<arg>VE</arg>
<arg>VG</arg>
<arg>VI</arg>
<arg>VN</arg>
<arg>VU</arg>
<arg>WF</arg>
<arg>WS</arg>
<arg>XK</arg>
<arg>YE</arg>
<arg>YT</arg>
<arg>ZA</arg>
<arg>ZM</arg>
<arg>ZW</arg>
<doc>Returns a list containing given items.</doc>
<status status="PASS" start="2024-06-01T04:17:33.389938" elapsed="0.000619"/>
</kw>
<kw name="List Should Contain Value" owner="Collections">
<msg time="2024-06-01T04:17:33.391528" level="INFO">False</msg>
<arg>${list_country}</arg>
<arg>${name_country}</arg>
<doc>Fails if the ``value`` is not found from ``list``.</doc>
<status status="PASS" start="2024-06-01T04:17:33.391327" elapsed="0.000239"/>
</kw>
<kw name="Run Keyword If" owner="BuiltIn">
<kw name="Should Be True" owner="BuiltIn">
<arg>${True}</arg>
<doc>Fails if the given condition is not true.</doc>
<status status="PASS" start="2024-06-01T04:17:33.392719" elapsed="0.000145"/>
</kw>
<arg>${json_data["results"][0]["location"]["coordinates"]["latitude"]} &gt;= -90 and ${json_data["results"][0]["location"]["coordinates"]["latitude"]} &lt;= 90</arg>
<arg>Should Be True</arg>
<arg>${True}</arg>
<doc>Runs the given keyword with the given arguments, if ``condition`` is true.</doc>
<status status="PASS" start="2024-06-01T04:17:33.391874" elapsed="0.001118"/>
</kw>
<kw name="Run Keyword If" owner="BuiltIn">
<kw name="Should Be True" owner="BuiltIn">
<arg>${True}</arg>
<doc>Fails if the given condition is not true.</doc>
<status status="PASS" start="2024-06-01T04:17:33.393896" elapsed="0.000139"/>
</kw>
<arg>${json_data["results"][0]["location"]["coordinates"]["longitude"]} &gt;= -180 and ${json_data["results"][0]["location"]["coordinates"]["longitude"]} &lt;= 180</arg>
<arg>Should Be True</arg>
<arg>${True}</arg>
<doc>Runs the given keyword with the given arguments, if ``condition`` is true.</doc>
<status status="PASS" start="2024-06-01T04:17:33.393205" elapsed="0.000952"/>
</kw>
<status status="PASS" start="2024-06-01T04:17:33.054254" elapsed="0.340029"/>
</kw>
<doc>Testa o conteúdo específico dos campos retornados pela API.</doc>
<tag>testeConteudo</tag>
<status status="PASS" start="2024-06-01T04:17:33.053838" elapsed="0.340587"/>
</test>
<status status="PASS" start="2024-06-01T04:17:32.268834" elapsed="1.127574"/>
</suite>
<status status="PASS" start="2024-06-01T04:17:32.255580" elapsed="1.146049"/>
</suite>
<statistics>
<total>
<stat pass="5" fail="0" skip="0">All Tests</stat>
</total>
<tag>
<stat pass="1" fail="0" skip="0">testeConteudo</stat>
<stat pass="1" fail="0" skip="0">testeEstruturaResposta</stat>
<stat pass="1" fail="0" skip="0">testeRequisicaoBasica</stat>
<stat pass="1" fail="0" skip="0">testeTiposDados</stat>
</tag>
<suite>
<stat pass="5" fail="0" skip="0" id="s1" name="Tests">Tests</stat>
<stat pass="5" fail="0" skip="0" id="s1-s1" name="Random-User-Test">Tests.Random-User-Test</stat>
</suite>
</statistics>
<errors>
</errors>
</robot>
