<?xml version="1.0" encoding="UTF-8"?>
<robot generator="Robot 7.0.1 (Python 3.12.4 on linux)" generated="2024-07-26T09:16:10.903040" rpa="false" schemaversion="5">
<suite id="s1" name="Tests" source="/home/runner/work/ApiRandomUser/ApiRandomUser/RamdonUser/tests">
<suite id="s1-s1" name="Random-User-Test" source="/home/runner/work/ApiRandomUser/ApiRandomUser/RamdonUser/tests/random-user-test.robot">
<test id="s1-s1-t1" name="Conectar" line="13">
<kw name="Conectar API" owner="random-user-service">
<kw name="Create Session" owner="RequestsLibrary">
<msg time="2024-07-26T09:16:11.305799" level="INFO">Creating Session using : alias=consultarAPI, url=https://randomuser.me/, headers={},                     cookies={}, auth=None, timeout=None, proxies=None, verify=False,                     debug=0 </msg>
<arg>consultarAPI</arg>
<arg>${URL}</arg>
<doc>Create Session: create a HTTP session to a server</doc>
<status status="PASS" start="2024-07-26T09:16:11.305601" elapsed="0.000377"/>
</kw>
<status status="PASS" start="2024-07-26T09:16:11.304575" elapsed="0.001756"/>
</kw>
<status status="PASS" start="2024-07-26T09:16:11.304039" elapsed="0.002486"/>
</test>
<test id="s1-s1-t2" name="Validar retorno 200 e JSON Válido" line="16">
<kw name="Teste de Requisicao Basica" owner="random-user-service">
<kw name="GET On Session" owner="RequestsLibrary">
<msg time="2024-07-26T09:16:11.494328" level="INFO">GET Request : url=https://randomuser.me/api 
 path_url=/api 
 headers={'User-Agent': 'python-requests/2.32.3', 'Accept-Encoding': 'gzip, deflate', 'Accept': '*/*', 'Connection': 'keep-alive'} 
 body=None 
 </msg>
<msg time="2024-07-26T09:16:11.494487" level="INFO">GET Response : url=https://randomuser.me/api 
 status=200, reason=OK 
 headers={'Date': 'Fri, 26 Jul 2024 09:16:11 GMT', 'Content-Type': 'application/json; charset=utf-8', 'Transfer-Encoding': 'chunked', 'Connection': 'keep-alive', 'X-Powered-By': 'Express', 'Access-Control-Allow-Origin': '*', 'Cache-Control': 'no-cache', 'ETag': 'W/"490-UU8EN2FSV+CMNYHJsOThQohlFfw"', 'Vary': 'Accept-Encoding', 'Content-Encoding': 'gzip', 'CF-Cache-Status': 'DYNAMIC', 'Report-To': '{"endpoints":[{"url":"https:\\/\\/a.nel.cloudflare.com\\/report\\/v4?s=9KIoB%2FM%2F9vOcz3I1%2BtmllX%2BYh%2BxF0kAH4FVz1Ux%2FRlG0OGQBId2YVzx7rgLa9bKtcjqOru0DCQiIvAjFKTTklHrP1mJaKf4tA750iaQF6TtYFsJgyov2eYFkuwJesoXb"}],"group":"cf-nel","max_age":604800}', 'NEL': '{"success_fraction":0,"report_to":"cf-nel","max_age":604800}', 'Server': 'cloudflare', 'CF-RAY': '8a934a1b9f5981be-IAD', 'alt-svc': 'h3=":443"; ma=86400'} 
 body={"results":[{"gender":"female","name":{"title":"Ms","first":"Melodie","last":"Novak"},"location":{"street":{"number":7275,"name":"St. Catherine St"},"city":"Wellington","state":"British Columbia","country":"Canada","postcode":"V6G 4J3","coordinates":{"latitude":"-71.4732","longitude":"158.2837"},"timezone":{"offset":"+9:30","description":"Adelaide, Darwin"}},"email":"melodie.novak@example.com","login":{"uuid":"dbfebdf1-179a-4c04-9889-5bde2a3b0376","username":"organicfrog722","password":"justus","salt":"BLPWbqMF","md5":"4ceceef35481cc44241d8282d00534d6","sha1":"5adb030a6eb88509eccd1036771714a162ac101c","sha256":"f8b2bb080ffdccfd7ee50b8bee71a7443035d8842c83276de52c2649426fe553"},"dob":{"date":"1993-08-17T15:43:36.716Z","age":30},"registered":{"date":"2020-01-04T00:58:46.908Z","age":4},"phone":"R27 A14-4484","cell":"I81 G29-4760","id":{"name":"SIN","value":"866725682"},"picture":{"large":"https://randomuser.me/api/portraits/women/12.jpg","medium":"https://randomuser.me/api/portraits/med/women/12.jpg","thumbnail":"https://randomuser.me/api/portraits/thumb/women/12.jpg"},"nat":"CA"}],"info":{"seed":"ebcc6a482880f9c0","results":1,"page":1,"version":"1.4"}} 
 </msg>
<msg time="2024-07-26T09:16:11.494567" level="INFO">/opt/hostedtoolcache/Python/3.12.4/x64/lib/python3.12/site-packages/urllib3/connectionpool.py:1099: InsecureRequestWarning: Unverified HTTPS request is being made to host 'randomuser.me'. Adding certificate verification is strongly advised. See: https://urllib3.readthedocs.io/en/latest/advanced-usage.html#tls-warnings
  warnings.warn(</msg>
<msg time="2024-07-26T09:16:11.494712" level="INFO">${response} = &lt;Response [200]&gt;</msg>
<var>${response}</var>
<arg>consultarAPI</arg>
<arg>/api</arg>
<doc>Sends a GET request on a previously created HTTP Session.</doc>
<status status="PASS" start="2024-07-26T09:16:11.309083" elapsed="0.185664"/>
</kw>
<kw name="Should Be Equal As Numbers" owner="BuiltIn">
<msg time="2024-07-26T09:16:11.495682" level="INFO">Argument types are:
&lt;class 'int'&gt;
&lt;class 'str'&gt;</msg>
<arg>${response.status_code}</arg>
<arg>200</arg>
<doc>Fails if objects are unequal after converting them to real numbers.</doc>
<status status="PASS" start="2024-07-26T09:16:11.495238" elapsed="0.000507"/>
</kw>
<kw name="Log" owner="BuiltIn">
<msg time="2024-07-26T09:16:11.496402" level="INFO">200</msg>
<arg>${response.status_code}</arg>
<doc>Logs the given message with the given level.</doc>
<status status="PASS" start="2024-07-26T09:16:11.496057" elapsed="0.000387"/>
</kw>
<kw name="Set Variable" owner="BuiltIn">
<msg time="2024-07-26T09:16:11.497179" level="INFO">${json_data} = {'results': [{'gender': 'female', 'name': {'title': 'Ms', 'first': 'Melodie', 'last': 'Novak'}, 'location': {'street': {'number': 7275, 'name': 'St. Catherine St'}, 'city': 'Wellington', 'state': 'Bri...</msg>
<var>${json_data}</var>
<arg>${response.json()}</arg>
<doc>Returns the given values which can then be assigned to a variables.</doc>
<status status="PASS" start="2024-07-26T09:16:11.496748" elapsed="0.000458"/>
</kw>
<kw name="Dictionary Should Contain Key" owner="Collections">
<arg>${json_data}</arg>
<arg>results</arg>
<doc>Fails if ``key`` is not found from ``dictionary``.</doc>
<status status="PASS" start="2024-07-26T09:16:11.497510" elapsed="0.000309"/>
</kw>
<status status="PASS" start="2024-07-26T09:16:11.308838" elapsed="0.189134"/>
</kw>
<doc>Testa se a API responde corretamente e retorna um objeto JSON válido.</doc>
<tag>testeRequisicaoBasica</tag>
<status status="PASS" start="2024-07-26T09:16:11.308383" elapsed="0.189757"/>
</test>
<test id="s1-s1-t3" name="Validar estrutura de resposta" line="22">
<kw name="Teste de Estrutura de Resposta" owner="random-user-service">
<kw name="GET On Session" owner="RequestsLibrary">
<msg time="2024-07-26T09:16:11.584210" level="INFO">GET Request : url=https://randomuser.me/api 
 path_url=/api 
 headers={'User-Agent': 'python-requests/2.32.3', 'Accept-Encoding': 'gzip, deflate', 'Accept': '*/*', 'Connection': 'keep-alive'} 
 body=None 
 </msg>
<msg time="2024-07-26T09:16:11.584290" level="INFO">GET Response : url=https://randomuser.me/api 
 status=200, reason=OK 
 headers={'Date': 'Fri, 26 Jul 2024 09:16:11 GMT', 'Content-Type': 'application/json; charset=utf-8', 'Transfer-Encoding': 'chunked', 'Connection': 'keep-alive', 'X-Powered-By': 'Express', 'Access-Control-Allow-Origin': '*', 'Cache-Control': 'no-cache', 'ETag': 'W/"495-4pNrB4/7db/gU7utnzjirM/x+bM"', 'Vary': 'Accept-Encoding', 'Content-Encoding': 'gzip', 'CF-Cache-Status': 'DYNAMIC', 'Report-To': '{"endpoints":[{"url":"https:\\/\\/a.nel.cloudflare.com\\/report\\/v4?s=WP619ApEjVWdIDomk6cm18MO2oEaSQ7gDXN9l2rKPvUtzCCsu2YDhDxghxCAD79wnsWlQ08OxAA5t8mTsIYk9TBnLCQtPNbhGEOhpmr15RUYO7djHX5FCUW7qfsA5Apr"}],"group":"cf-nel","max_age":604800}', 'NEL': '{"success_fraction":0,"report_to":"cf-nel","max_age":604800}', 'Server': 'cloudflare', 'CF-RAY': '8a934a1bef9981be-IAD', 'alt-svc': 'h3=":443"; ma=86400'} 
 body={"results":[{"gender":"female","name":{"title":"Mrs","first":"Mavka","last":"Povstenko"},"location":{"street":{"number":7180,"name":"Zemlyanska"},"city":"Yagotin","state":"Kiyivska","country":"Ukraine","postcode":87462,"coordinates":{"latitude":"75.0596","longitude":"108.9453"},"timezone":{"offset":"+11:00","description":"Magadan, Solomon Islands, New Caledonia"}},"email":"mavka.povstenko@example.com","login":{"uuid":"7a9fb5f6-d06c-4181-9876-30a8a22cc81e","username":"happyelephant120","password":"homerj","salt":"cyWeFe3G","md5":"25907cfbb3d4be5a66a6864797ef7c37","sha1":"2a221c43a33c2fb5dcc5df71a5f4d16ad70783a7","sha256":"532a4f592fd760bf8d8bfa7b78cf7d930375d5c5a5815ba274475fe140e94b52"},"dob":{"date":"1981-02-23T22:57:28.641Z","age":43},"registered":{"date":"2012-08-24T09:24:32.757Z","age":11},"phone":"(067) E87-5087","cell":"(066) F14-6991","id":{"name":"","value":null},"picture":{"large":"https://randomuser.me/api/portraits/women/64.jpg","medium":"https://randomuser.me/api/portraits/med/women/64.jpg","thumbnail":"https://randomuser.me/api/portraits/thumb/women/64.jpg"},"nat":"UA"}],"info":{"seed":"c0b4bb2112edfdce","results":1,"page":1,"version":"1.4"}} 
 </msg>
<msg time="2024-07-26T09:16:11.584403" level="INFO">/opt/hostedtoolcache/Python/3.12.4/x64/lib/python3.12/site-packages/urllib3/connectionpool.py:1099: InsecureRequestWarning: Unverified HTTPS request is being made to host 'randomuser.me'. Adding certificate verification is strongly advised. See: https://urllib3.readthedocs.io/en/latest/advanced-usage.html#tls-warnings
  warnings.warn(</msg>
<msg time="2024-07-26T09:16:11.584538" level="INFO">${response} = &lt;Response [200]&gt;</msg>
<var>${response}</var>
<arg>consultarAPI</arg>
<arg>/api</arg>
<doc>Sends a GET request on a previously created HTTP Session.</doc>
<status status="PASS" start="2024-07-26T09:16:11.501153" elapsed="0.083436"/>
</kw>
<kw name="Set Variable" owner="BuiltIn">
<msg time="2024-07-26T09:16:11.585400" level="INFO">${json_data} = {'results': [{'gender': 'female', 'name': {'title': 'Mrs', 'first': 'Mavka', 'last': 'Povstenko'}, 'location': {'street': {'number': 7180, 'name': 'Zemlyanska'}, 'city': 'Yagotin', 'state': 'Kiyivska'...</msg>
<var>${json_data}</var>
<arg>${response.json()}</arg>
<doc>Returns the given values which can then be assigned to a variables.</doc>
<status status="PASS" start="2024-07-26T09:16:11.584956" elapsed="0.000478"/>
</kw>
<kw name="Log" owner="BuiltIn">
<msg time="2024-07-26T09:16:11.585901" level="INFO">{'results': [{'gender': 'female', 'name': {'title': 'Mrs', 'first': 'Mavka', 'last': 'Povstenko'}, 'location': {'street': {'number': 7180, 'name': 'Zemlyanska'}, 'city': 'Yagotin', 'state': 'Kiyivska', 'country': 'Ukraine', 'postcode': 87462, 'coordinates': {'latitude': '75.0596', 'longitude': '108.9453'}, 'timezone': {'offset': '+11:00', 'description': 'Magadan, Solomon Islands, New Caledonia'}}, 'email': 'mavka.povstenko@example.com', 'login': {'uuid': '7a9fb5f6-d06c-4181-9876-30a8a22cc81e', 'username': 'happyelephant120', 'password': 'homerj', 'salt': 'cyWeFe3G', 'md5': '25907cfbb3d4be5a66a6864797ef7c37', 'sha1': '2a221c43a33c2fb5dcc5df71a5f4d16ad70783a7', 'sha256': '532a4f592fd760bf8d8bfa7b78cf7d930375d5c5a5815ba274475fe140e94b52'}, 'dob': {'date': '1981-02-23T22:57:28.641Z', 'age': 43}, 'registered': {'date': '2012-08-24T09:24:32.757Z', 'age': 11}, 'phone': '(067) E87-5087', 'cell': '(066) F14-6991', 'id': {'name': '', 'value': None}, 'picture': {'large': 'https://randomuser.me/api/portraits/women/64.jpg', 'medium': 'https://randomuser.me/api/portraits/med/women/64.jpg', 'thumbnail': 'https://randomuser.me/api/portraits/thumb/women/64.jpg'}, 'nat': 'UA'}], 'info': {'seed': 'c0b4bb2112edfdce', 'results': 1, 'page': 1, 'version': '1.4'}}</msg>
<arg>${json_data}</arg>
<doc>Logs the given message with the given level.</doc>
<status status="PASS" start="2024-07-26T09:16:11.585741" elapsed="0.000207"/>
</kw>
<kw name="Dictionary Should Contain Key" owner="Collections">
<arg>${json_data}</arg>
<arg>results</arg>
<doc>Fails if ``key`` is not found from ``dictionary``.</doc>
<status status="PASS" start="2024-07-26T09:16:11.586239" elapsed="0.000165"/>
</kw>
<kw name="Should Not Be Empty" owner="BuiltIn">
<msg time="2024-07-26T09:16:11.586715" level="INFO">Length is 2.</msg>
<arg>${json_data}</arg>
<doc>Verifies that the given item is not empty.</doc>
<status status="PASS" start="2024-07-26T09:16:11.586589" elapsed="0.000197"/>
</kw>
<kw name="Create List" owner="BuiltIn">
<msg time="2024-07-26T09:16:11.587259" level="INFO">${expected_keys} = ['gender', 'name', 'location', 'email', 'login']</msg>
<var>${expected_keys}</var>
<arg>gender</arg>
<arg>name</arg>
<arg>location</arg>
<arg>email</arg>
<arg>login</arg>
<doc>Returns a list containing given items.</doc>
<status status="PASS" start="2024-07-26T09:16:11.587100" elapsed="0.000184"/>
</kw>
<for flavor="IN">
<iter>
<kw name="Dictionary Should Contain Key" owner="Collections">
<arg>${json_data['results'][0]}</arg>
<arg>${key}</arg>
<doc>Fails if ``key`` is not found from ``dictionary``.</doc>
<status status="PASS" start="2024-07-26T09:16:11.587851" elapsed="0.000396"/>
</kw>
<kw name="Log" owner="BuiltIn">
<msg time="2024-07-26T09:16:11.588807" level="INFO">{'gender': 'female', 'name': {'title': 'Mrs', 'first': 'Mavka', 'last': 'Povstenko'}, 'location': {'street': {'number': 7180, 'name': 'Zemlyanska'}, 'city': 'Yagotin', 'state': 'Kiyivska', 'country': 'Ukraine', 'postcode': 87462, 'coordinates': {'latitude': '75.0596', 'longitude': '108.9453'}, 'timezone': {'offset': '+11:00', 'description': 'Magadan, Solomon Islands, New Caledonia'}}, 'email': 'mavka.povstenko@example.com', 'login': {'uuid': '7a9fb5f6-d06c-4181-9876-30a8a22cc81e', 'username': 'happyelephant120', 'password': 'homerj', 'salt': 'cyWeFe3G', 'md5': '25907cfbb3d4be5a66a6864797ef7c37', 'sha1': '2a221c43a33c2fb5dcc5df71a5f4d16ad70783a7', 'sha256': '532a4f592fd760bf8d8bfa7b78cf7d930375d5c5a5815ba274475fe140e94b52'}, 'dob': {'date': '1981-02-23T22:57:28.641Z', 'age': 43}, 'registered': {'date': '2012-08-24T09:24:32.757Z', 'age': 11}, 'phone': '(067) E87-5087', 'cell': '(066) F14-6991', 'id': {'name': '', 'value': None}, 'picture': {'large': 'https://randomuser.me/api/portraits/women/64.jpg', 'medium': 'https://randomuser.me/api/portraits/med/women/64.jpg', 'thumbnail': 'https://randomuser.me/api/portraits/thumb/women/64.jpg'}, 'nat': 'UA'}</msg>
<arg>${json_data['results'][0]}</arg>
<doc>Logs the given message with the given level.</doc>
<status status="PASS" start="2024-07-26T09:16:11.588450" elapsed="0.000415"/>
</kw>
<kw name="Log" owner="BuiltIn">
<msg time="2024-07-26T09:16:11.589288" level="INFO">gender</msg>
<arg>${key}</arg>
<doc>Logs the given message with the given level.</doc>
<status status="PASS" start="2024-07-26T09:16:11.589160" elapsed="0.000166"/>
</kw>
<var name="${key}">gender</var>
<status status="PASS" start="2024-07-26T09:16:11.587720" elapsed="0.001822"/>
</iter>
<iter>
<kw name="Dictionary Should Contain Key" owner="Collections">
<arg>${json_data['results'][0]}</arg>
<arg>${key}</arg>
<doc>Fails if ``key`` is not found from ``dictionary``.</doc>
<status status="PASS" start="2024-07-26T09:16:11.589836" elapsed="0.000389"/>
</kw>
<kw name="Log" owner="BuiltIn">
<msg time="2024-07-26T09:16:11.590787" level="INFO">{'gender': 'female', 'name': {'title': 'Mrs', 'first': 'Mavka', 'last': 'Povstenko'}, 'location': {'street': {'number': 7180, 'name': 'Zemlyanska'}, 'city': 'Yagotin', 'state': 'Kiyivska', 'country': 'Ukraine', 'postcode': 87462, 'coordinates': {'latitude': '75.0596', 'longitude': '108.9453'}, 'timezone': {'offset': '+11:00', 'description': 'Magadan, Solomon Islands, New Caledonia'}}, 'email': 'mavka.povstenko@example.com', 'login': {'uuid': '7a9fb5f6-d06c-4181-9876-30a8a22cc81e', 'username': 'happyelephant120', 'password': 'homerj', 'salt': 'cyWeFe3G', 'md5': '25907cfbb3d4be5a66a6864797ef7c37', 'sha1': '2a221c43a33c2fb5dcc5df71a5f4d16ad70783a7', 'sha256': '532a4f592fd760bf8d8bfa7b78cf7d930375d5c5a5815ba274475fe140e94b52'}, 'dob': {'date': '1981-02-23T22:57:28.641Z', 'age': 43}, 'registered': {'date': '2012-08-24T09:24:32.757Z', 'age': 11}, 'phone': '(067) E87-5087', 'cell': '(066) F14-6991', 'id': {'name': '', 'value': None}, 'picture': {'large': 'https://randomuser.me/api/portraits/women/64.jpg', 'medium': 'https://randomuser.me/api/portraits/med/women/64.jpg', 'thumbnail': 'https://randomuser.me/api/portraits/thumb/women/64.jpg'}, 'nat': 'UA'}</msg>
<arg>${json_data['results'][0]}</arg>
<doc>Logs the given message with the given level.</doc>
<status status="PASS" start="2024-07-26T09:16:11.590407" elapsed="0.000474"/>
</kw>
<kw name="Log" owner="BuiltIn">
<msg time="2024-07-26T09:16:11.591319" level="INFO">name</msg>
<arg>${key}</arg>
<doc>Logs the given message with the given level.</doc>
<status status="PASS" start="2024-07-26T09:16:11.591191" elapsed="0.000165"/>
</kw>
<var name="${key}">name</var>
<status status="PASS" start="2024-07-26T09:16:11.589726" elapsed="0.001846"/>
</iter>
<iter>
<kw name="Dictionary Should Contain Key" owner="Collections">
<arg>${json_data['results'][0]}</arg>
<arg>${key}</arg>
<doc>Fails if ``key`` is not found from ``dictionary``.</doc>
<status status="PASS" start="2024-07-26T09:16:11.591852" elapsed="0.000384"/>
</kw>
<kw name="Log" owner="BuiltIn">
<msg time="2024-07-26T09:16:11.592768" level="INFO">{'gender': 'female', 'name': {'title': 'Mrs', 'first': 'Mavka', 'last': 'Povstenko'}, 'location': {'street': {'number': 7180, 'name': 'Zemlyanska'}, 'city': 'Yagotin', 'state': 'Kiyivska', 'country': 'Ukraine', 'postcode': 87462, 'coordinates': {'latitude': '75.0596', 'longitude': '108.9453'}, 'timezone': {'offset': '+11:00', 'description': 'Magadan, Solomon Islands, New Caledonia'}}, 'email': 'mavka.povstenko@example.com', 'login': {'uuid': '7a9fb5f6-d06c-4181-9876-30a8a22cc81e', 'username': 'happyelephant120', 'password': 'homerj', 'salt': 'cyWeFe3G', 'md5': '25907cfbb3d4be5a66a6864797ef7c37', 'sha1': '2a221c43a33c2fb5dcc5df71a5f4d16ad70783a7', 'sha256': '532a4f592fd760bf8d8bfa7b78cf7d930375d5c5a5815ba274475fe140e94b52'}, 'dob': {'date': '1981-02-23T22:57:28.641Z', 'age': 43}, 'registered': {'date': '2012-08-24T09:24:32.757Z', 'age': 11}, 'phone': '(067) E87-5087', 'cell': '(066) F14-6991', 'id': {'name': '', 'value': None}, 'picture': {'large': 'https://randomuser.me/api/portraits/women/64.jpg', 'medium': 'https://randomuser.me/api/portraits/med/women/64.jpg', 'thumbnail': 'https://randomuser.me/api/portraits/thumb/women/64.jpg'}, 'nat': 'UA'}</msg>
<arg>${json_data['results'][0]}</arg>
<doc>Logs the given message with the given level.</doc>
<status status="PASS" start="2024-07-26T09:16:11.592427" elapsed="0.000387"/>
</kw>
<kw name="Log" owner="BuiltIn">
<msg time="2024-07-26T09:16:11.593233" level="INFO">location</msg>
<arg>${key}</arg>
<doc>Logs the given message with the given level.</doc>
<status status="PASS" start="2024-07-26T09:16:11.593106" elapsed="0.000164"/>
</kw>
<var name="${key}">location</var>
<status status="PASS" start="2024-07-26T09:16:11.591744" elapsed="0.001745"/>
</iter>
<iter>
<kw name="Dictionary Should Contain Key" owner="Collections">
<arg>${json_data['results'][0]}</arg>
<arg>${key}</arg>
<doc>Fails if ``key`` is not found from ``dictionary``.</doc>
<status status="PASS" start="2024-07-26T09:16:11.593768" elapsed="0.000382"/>
</kw>
<kw name="Log" owner="BuiltIn">
<msg time="2024-07-26T09:16:11.594829" level="INFO">{'gender': 'female', 'name': {'title': 'Mrs', 'first': 'Mavka', 'last': 'Povstenko'}, 'location': {'street': {'number': 7180, 'name': 'Zemlyanska'}, 'city': 'Yagotin', 'state': 'Kiyivska', 'country': 'Ukraine', 'postcode': 87462, 'coordinates': {'latitude': '75.0596', 'longitude': '108.9453'}, 'timezone': {'offset': '+11:00', 'description': 'Magadan, Solomon Islands, New Caledonia'}}, 'email': 'mavka.povstenko@example.com', 'login': {'uuid': '7a9fb5f6-d06c-4181-9876-30a8a22cc81e', 'username': 'happyelephant120', 'password': 'homerj', 'salt': 'cyWeFe3G', 'md5': '25907cfbb3d4be5a66a6864797ef7c37', 'sha1': '2a221c43a33c2fb5dcc5df71a5f4d16ad70783a7', 'sha256': '532a4f592fd760bf8d8bfa7b78cf7d930375d5c5a5815ba274475fe140e94b52'}, 'dob': {'date': '1981-02-23T22:57:28.641Z', 'age': 43}, 'registered': {'date': '2012-08-24T09:24:32.757Z', 'age': 11}, 'phone': '(067) E87-5087', 'cell': '(066) F14-6991', 'id': {'name': '', 'value': None}, 'picture': {'large': 'https://randomuser.me/api/portraits/women/64.jpg', 'medium': 'https://randomuser.me/api/portraits/med/women/64.jpg', 'thumbnail': 'https://randomuser.me/api/portraits/thumb/women/64.jpg'}, 'nat': 'UA'}</msg>
<arg>${json_data['results'][0]}</arg>
<doc>Logs the given message with the given level.</doc>
<status status="PASS" start="2024-07-26T09:16:11.594444" elapsed="0.000442"/>
</kw>
<kw name="Log" owner="BuiltIn">
<msg time="2024-07-26T09:16:11.595313" level="INFO">email</msg>
<arg>${key}</arg>
<doc>Logs the given message with the given level.</doc>
<status status="PASS" start="2024-07-26T09:16:11.595185" elapsed="0.000165"/>
</kw>
<var name="${key}">email</var>
<status status="PASS" start="2024-07-26T09:16:11.593660" elapsed="0.001909"/>
</iter>
<iter>
<kw name="Dictionary Should Contain Key" owner="Collections">
<arg>${json_data['results'][0]}</arg>
<arg>${key}</arg>
<doc>Fails if ``key`` is not found from ``dictionary``.</doc>
<status status="PASS" start="2024-07-26T09:16:11.595845" elapsed="0.000372"/>
</kw>
<kw name="Log" owner="BuiltIn">
<msg time="2024-07-26T09:16:11.596751" level="INFO">{'gender': 'female', 'name': {'title': 'Mrs', 'first': 'Mavka', 'last': 'Povstenko'}, 'location': {'street': {'number': 7180, 'name': 'Zemlyanska'}, 'city': 'Yagotin', 'state': 'Kiyivska', 'country': 'Ukraine', 'postcode': 87462, 'coordinates': {'latitude': '75.0596', 'longitude': '108.9453'}, 'timezone': {'offset': '+11:00', 'description': 'Magadan, Solomon Islands, New Caledonia'}}, 'email': 'mavka.povstenko@example.com', 'login': {'uuid': '7a9fb5f6-d06c-4181-9876-30a8a22cc81e', 'username': 'happyelephant120', 'password': 'homerj', 'salt': 'cyWeFe3G', 'md5': '25907cfbb3d4be5a66a6864797ef7c37', 'sha1': '2a221c43a33c2fb5dcc5df71a5f4d16ad70783a7', 'sha256': '532a4f592fd760bf8d8bfa7b78cf7d930375d5c5a5815ba274475fe140e94b52'}, 'dob': {'date': '1981-02-23T22:57:28.641Z', 'age': 43}, 'registered': {'date': '2012-08-24T09:24:32.757Z', 'age': 11}, 'phone': '(067) E87-5087', 'cell': '(066) F14-6991', 'id': {'name': '', 'value': None}, 'picture': {'large': 'https://randomuser.me/api/portraits/women/64.jpg', 'medium': 'https://randomuser.me/api/portraits/med/women/64.jpg', 'thumbnail': 'https://randomuser.me/api/portraits/thumb/women/64.jpg'}, 'nat': 'UA'}</msg>
<arg>${json_data['results'][0]}</arg>
<doc>Logs the given message with the given level.</doc>
<status status="PASS" start="2024-07-26T09:16:11.596399" elapsed="0.000407"/>
</kw>
<kw name="Log" owner="BuiltIn">
<msg time="2024-07-26T09:16:11.597221" level="INFO">login</msg>
<arg>${key}</arg>
<doc>Logs the given message with the given level.</doc>
<status status="PASS" start="2024-07-26T09:16:11.597095" elapsed="0.000162"/>
</kw>
<var name="${key}">login</var>
<status status="PASS" start="2024-07-26T09:16:11.595739" elapsed="0.001731"/>
</iter>
<var>${key}</var>
<value>@{expected_keys}</value>
<status status="PASS" start="2024-07-26T09:16:11.587541" elapsed="0.010046"/>
</for>
<kw name="Create List" owner="BuiltIn">
<msg time="2024-07-26T09:16:11.597903" level="INFO">${expected_keysTwo} = ['username', 'password']</msg>
<var>${expected_keysTwo}</var>
<arg>username</arg>
<arg>password</arg>
<doc>Returns a list containing given items.</doc>
<status status="PASS" start="2024-07-26T09:16:11.597772" elapsed="0.000181"/>
</kw>
<for flavor="IN">
<iter>
<kw name="Dictionary Should Contain Key" owner="Collections">
<arg>${json_data['results'][0]['login']}</arg>
<arg>${keyTwo}</arg>
<doc>Fails if ``key`` is not found from ``dictionary``.</doc>
<status status="PASS" start="2024-07-26T09:16:11.598457" elapsed="0.000426"/>
</kw>
<kw name="Dictionary Should Contain Key" owner="Collections">
<arg>${json_data['results'][0]['login']}</arg>
<arg>${keyTwo}</arg>
<doc>Fails if ``key`` is not found from ``dictionary``.</doc>
<status status="PASS" start="2024-07-26T09:16:11.599069" elapsed="0.000373"/>
</kw>
<kw name="Log" owner="BuiltIn">
<msg time="2024-07-26T09:16:11.599741" level="INFO">username</msg>
<arg>${keyTwo}</arg>
<doc>Logs the given message with the given level.</doc>
<status status="PASS" start="2024-07-26T09:16:11.599620" elapsed="0.000157"/>
</kw>
<var name="${keyTwo}">username</var>
<status status="PASS" start="2024-07-26T09:16:11.598350" elapsed="0.001646"/>
</iter>
<iter>
<kw name="Dictionary Should Contain Key" owner="Collections">
<arg>${json_data['results'][0]['login']}</arg>
<arg>${keyTwo}</arg>
<doc>Fails if ``key`` is not found from ``dictionary``.</doc>
<status status="PASS" start="2024-07-26T09:16:11.600288" elapsed="0.000386"/>
</kw>
<kw name="Dictionary Should Contain Key" owner="Collections">
<arg>${json_data['results'][0]['login']}</arg>
<arg>${keyTwo}</arg>
<doc>Fails if ``key`` is not found from ``dictionary``.</doc>
<status status="PASS" start="2024-07-26T09:16:11.600860" elapsed="0.000367"/>
</kw>
<kw name="Log" owner="BuiltIn">
<msg time="2024-07-26T09:16:11.601527" level="INFO">password</msg>
<arg>${keyTwo}</arg>
<doc>Logs the given message with the given level.</doc>
<status status="PASS" start="2024-07-26T09:16:11.601403" elapsed="0.000160"/>
</kw>
<var name="${keyTwo}">password</var>
<status status="PASS" start="2024-07-26T09:16:11.600167" elapsed="0.001611"/>
</iter>
<var>${keyTwo}</var>
<value>@{expected_keysTwo}</value>
<status status="PASS" start="2024-07-26T09:16:11.598194" elapsed="0.003704"/>
</for>
<status status="PASS" start="2024-07-26T09:16:11.500810" elapsed="0.101225"/>
</kw>
<doc>Testa a estrutura da resposta da API.</doc>
<tag>testeEstruturaResposta</tag>
<status status="PASS" start="2024-07-26T09:16:11.500042" elapsed="0.102140"/>
</test>
<test id="s1-s1-t4" name="Validar tipos de dados" line="28">
<kw name="Teste de Tipos de Dados" owner="random-user-service">
<kw name="GET On Session" owner="RequestsLibrary">
<msg time="2024-07-26T09:16:11.687101" level="INFO">GET Request : url=https://randomuser.me/api 
 path_url=/api 
 headers={'User-Agent': 'python-requests/2.32.3', 'Accept-Encoding': 'gzip, deflate', 'Accept': '*/*', 'Connection': 'keep-alive'} 
 body=None 
 </msg>
<msg time="2024-07-26T09:16:11.687178" level="INFO">GET Response : url=https://randomuser.me/api 
 status=200, reason=OK 
 headers={'Date': 'Fri, 26 Jul 2024 09:16:11 GMT', 'Content-Type': 'application/json; charset=utf-8', 'Transfer-Encoding': 'chunked', 'Connection': 'keep-alive', 'X-Powered-By': 'Express', 'Access-Control-Allow-Origin': '*', 'Cache-Control': 'no-cache', 'ETag': 'W/"492-Z8mH74YNstSAuHPWDu0mD0jpPXk"', 'Vary': 'Accept-Encoding', 'Content-Encoding': 'gzip', 'CF-Cache-Status': 'DYNAMIC', 'Report-To': '{"endpoints":[{"url":"https:\\/\\/a.nel.cloudflare.com\\/report\\/v4?s=TOweXT0LM4Dvyn3UiaYaXIiWbtj%2FW%2Bo%2FCCjB1w6L%2FwRTTmeS8unV46EQFVyOmNY3FmdPJatvm7Npeon3aDjaszhg245JK75C17ihWtJIHIG0nAfDRGsZ6foRChuRn1SS"}],"group":"cf-nel","max_age":604800}', 'NEL': '{"success_fraction":0,"report_to":"cf-nel","max_age":604800}', 'Server': 'cloudflare', 'CF-RAY': '8a934a1c8ff681be-IAD', 'alt-svc': 'h3=":443"; ma=86400'} 
 body={"results":[{"gender":"female","name":{"title":"Miss","first":"Olja","last":"Silić"},"location":{"street":{"number":8841,"name":"Đorđa Milojevića"},"city":"Topola","state":"Rasina","country":"Serbia","postcode":35179,"coordinates":{"latitude":"55.8482","longitude":"47.7005"},"timezone":{"offset":"+10:00","description":"Eastern Australia, Guam, Vladivostok"}},"email":"olja.silic@example.com","login":{"uuid":"bb4fe3da-4927-4b6d-a83c-21245ce5c31a","username":"silvercat162","password":"carlitos","salt":"LlDSzY5I","md5":"c88398787a887f38f14eefe4f57bf28b","sha1":"9b8c66ab8f6776dd4ee14bc70ef084697fcde3db","sha256":"e770b44f81a17daf1ce1a70a02903a2f069e27ec8bb3a8bc6bdfe3dd5203b768"},"dob":{"date":"1952-11-18T20:27:22.860Z","age":71},"registered":{"date":"2008-01-07T05:40:25.175Z","age":16},"phone":"039-3710-672","cell":"060-5552-616","id":{"name":"SID","value":"289682795"},"picture":{"large":"https://randomuser.me/api/portraits/women/32.jpg","medium":"https://randomuser.me/api/portraits/med/women/32.jpg","thumbnail":"https://randomuser.me/api/portraits/thumb/women/32.jpg"},"nat":"RS"}],"info":{"seed":"383c94eaaf23b91e","results":1,"page":1,"version":"1.4"}} 
 </msg>
<msg time="2024-07-26T09:16:11.687248" level="INFO">/opt/hostedtoolcache/Python/3.12.4/x64/lib/python3.12/site-packages/urllib3/connectionpool.py:1099: InsecureRequestWarning: Unverified HTTPS request is being made to host 'randomuser.me'. Adding certificate verification is strongly advised. See: https://urllib3.readthedocs.io/en/latest/advanced-usage.html#tls-warnings
  warnings.warn(</msg>
<msg time="2024-07-26T09:16:11.687372" level="INFO">${response} = &lt;Response [200]&gt;</msg>
<var>${response}</var>
<arg>consultarAPI</arg>
<arg>/api</arg>
<doc>Sends a GET request on a previously created HTTP Session.</doc>
<status status="PASS" start="2024-07-26T09:16:11.604705" elapsed="0.082719"/>
</kw>
<kw name="Set Variable" owner="BuiltIn">
<msg time="2024-07-26T09:16:11.688409" level="INFO">${json_data} = {'results': [{'gender': 'female', 'name': {'title': 'Miss', 'first': 'Olja', 'last': 'Silić'}, 'location': {'street': {'number': 8841, 'name': 'Đorđa Milojevića'}, 'city': 'Topola', 'state': 'Rasina',...</msg>
<var>${json_data}</var>
<arg>${response.json()}</arg>
<doc>Returns the given values which can then be assigned to a variables.</doc>
<status status="PASS" start="2024-07-26T09:16:11.687849" elapsed="0.000595"/>
</kw>
<kw name="Log" owner="BuiltIn">
<msg time="2024-07-26T09:16:11.688915" level="INFO">{'results': [{'gender': 'female', 'name': {'title': 'Miss', 'first': 'Olja', 'last': 'Silić'}, 'location': {'street': {'number': 8841, 'name': 'Đorđa Milojevića'}, 'city': 'Topola', 'state': 'Rasina', 'country': 'Serbia', 'postcode': 35179, 'coordinates': {'latitude': '55.8482', 'longitude': '47.7005'}, 'timezone': {'offset': '+10:00', 'description': 'Eastern Australia, Guam, Vladivostok'}}, 'email': 'olja.silic@example.com', 'login': {'uuid': 'bb4fe3da-4927-4b6d-a83c-21245ce5c31a', 'username': 'silvercat162', 'password': 'carlitos', 'salt': 'LlDSzY5I', 'md5': 'c88398787a887f38f14eefe4f57bf28b', 'sha1': '9b8c66ab8f6776dd4ee14bc70ef084697fcde3db', 'sha256': 'e770b44f81a17daf1ce1a70a02903a2f069e27ec8bb3a8bc6bdfe3dd5203b768'}, 'dob': {'date': '1952-11-18T20:27:22.860Z', 'age': 71}, 'registered': {'date': '2008-01-07T05:40:25.175Z', 'age': 16}, 'phone': '039-3710-672', 'cell': '060-5552-616', 'id': {'name': 'SID', 'value': '289682795'}, 'picture': {'large': 'https://randomuser.me/api/portraits/women/32.jpg', 'medium': 'https://randomuser.me/api/portraits/med/women/32.jpg', 'thumbnail': 'https://randomuser.me/api/portraits/thumb/women/32.jpg'}, 'nat': 'RS'}], 'info': {'seed': '383c94eaaf23b91e', 'results': 1, 'page': 1, 'version': '1.4'}}</msg>
<arg>${json_data}</arg>
<doc>Logs the given message with the given level.</doc>
<status status="PASS" start="2024-07-26T09:16:11.688760" elapsed="0.000204"/>
</kw>
<kw name="Should Be String" owner="String">
<arg>${json_data['results'][0]['gender']}</arg>
<doc>Fails if the given ``item`` is not a string.</doc>
<status status="PASS" start="2024-07-26T09:16:11.689263" elapsed="0.000367"/>
</kw>
<kw name="Should Match Regexp" owner="BuiltIn">
<arg>${json_data['results'][0]['email']}</arg>
<arg>^[a-zA-Z0-9._%+-]+@[a-zA-Z0-9.-]+\.[a-zA-Z]{2,}$</arg>
<doc>Fails if ``string`` does not match ``pattern`` as a regular expression.</doc>
<status status="PASS" start="2024-07-26T09:16:11.689816" elapsed="0.000547"/>
</kw>
<kw name="Should Match Regexp" owner="BuiltIn">
<arg>${json_data['results'][0]['dob']['date']}</arg>
<arg>\\d{4}-\\d{2}-\\d{2}T\\d{2}:\\d{2}:\\d{2}\\.\\d{3}Z</arg>
<doc>Fails if ``string`` does not match ``pattern`` as a regular expression.</doc>
<status status="PASS" start="2024-07-26T09:16:11.690561" elapsed="0.000650"/>
</kw>
<kw name="Should Match Regexp" owner="BuiltIn">
<arg>${json_data['results'][0]['registered']['date']}</arg>
<arg>\\d{4}-\\d{2}-\\d{2}T\\d{2}:\\d{2}:\\d{2}\\.\\d{3}Z</arg>
<doc>Fails if ``string`` does not match ``pattern`` as a regular expression.</doc>
<status status="PASS" start="2024-07-26T09:16:11.691410" elapsed="0.000374"/>
</kw>
<kw name="Should Match Regexp" owner="BuiltIn">
<arg>${json_data['results'][0]['picture']['large']}</arg>
<arg>^https?://.*\.(?:png|jpe?g|gif|bmp)$</arg>
<doc>Fails if ``string`` does not match ``pattern`` as a regular expression.</doc>
<status status="PASS" start="2024-07-26T09:16:11.691971" elapsed="0.000461"/>
</kw>
<kw name="Should Match Regexp" owner="BuiltIn">
<arg>${json_data['results'][0]['picture']['medium']}</arg>
<arg>^https?://.*\.(?:png|jpe?g|gif|bmp)$</arg>
<doc>Fails if ``string`` does not match ``pattern`` as a regular expression.</doc>
<status status="PASS" start="2024-07-26T09:16:11.692620" elapsed="0.000352"/>
</kw>
<kw name="Should Match Regexp" owner="BuiltIn">
<arg>${json_data['results'][0]['picture']['thumbnail']}</arg>
<arg>^https?://.*\.(?:png|jpe?g|gif|bmp)$</arg>
<doc>Fails if ``string`` does not match ``pattern`` as a regular expression.</doc>
<status status="PASS" start="2024-07-26T09:16:11.693155" elapsed="0.000348"/>
</kw>
<kw name="Log" owner="BuiltIn">
<msg time="2024-07-26T09:16:11.694003" level="INFO">{'large': 'https://randomuser.me/api/portraits/women/32.jpg', 'medium': 'https://randomuser.me/api/portraits/med/women/32.jpg', 'thumbnail': 'https://randomuser.me/api/portraits/thumb/women/32.jpg'}</msg>
<arg>${json_data['results'][0]['picture']}</arg>
<doc>Logs the given message with the given level.</doc>
<status status="PASS" start="2024-07-26T09:16:11.693682" elapsed="0.000362"/>
</kw>
<status status="PASS" start="2024-07-26T09:16:11.604485" elapsed="0.089810"/>
</kw>
<kw name="Teste de Tipos de Dados - Postcode" owner="random-user-service">
<kw name="GET On Session" owner="RequestsLibrary">
<msg time="2024-07-26T09:16:11.785188" level="INFO">GET Request : url=https://randomuser.me/api 
 path_url=/api 
 headers={'User-Agent': 'python-requests/2.32.3', 'Accept-Encoding': 'gzip, deflate', 'Accept': '*/*', 'Connection': 'keep-alive'} 
 body=None 
 </msg>
<msg time="2024-07-26T09:16:11.785265" level="INFO">GET Response : url=https://randomuser.me/api 
 status=200, reason=OK 
 headers={'Date': 'Fri, 26 Jul 2024 09:16:11 GMT', 'Content-Type': 'application/json; charset=utf-8', 'Transfer-Encoding': 'chunked', 'Connection': 'keep-alive', 'X-Powered-By': 'Express', 'Access-Control-Allow-Origin': '*', 'Cache-Control': 'no-cache', 'ETag': 'W/"499-xEP8E14HdoX2/OB9PDFa9b3MTis"', 'Vary': 'Accept-Encoding', 'Content-Encoding': 'gzip', 'CF-Cache-Status': 'DYNAMIC', 'Report-To': '{"endpoints":[{"url":"https:\\/\\/a.nel.cloudflare.com\\/report\\/v4?s=O861b78yM9YQVWJfBKVL06gy3M8swH7DiS96jrdHcNWtgpsVhDVNQZYExvuPDQfmjE9Fkmj6j2XY2oFJuT9Q4AtRuv8eFjjN4gGDIa6PPG5Ery2JhHv7ZY%2FZzn3Fe1Bi"}],"group":"cf-nel","max_age":604800}', 'NEL': '{"success_fraction":0,"report_to":"cf-nel","max_age":604800}', 'Server': 'cloudflare', 'CF-RAY': '8a934a1d185381be-IAD', 'alt-svc': 'h3=":443"; ma=86400'} 
 body={"results":[{"gender":"female","name":{"title":"Miss","first":"Moema","last":"Mendes"},"location":{"street":{"number":5329,"name":"Rua Paraná "},"city":"Paulista","state":"São Paulo","country":"Brazil","postcode":84015,"coordinates":{"latitude":"-78.7376","longitude":"71.5304"},"timezone":{"offset":"-3:00","description":"Brazil, Buenos Aires, Georgetown"}},"email":"moema.mendes@example.com","login":{"uuid":"b91587af-d5fd-4ac3-a452-6c984a7bdeb4","username":"bluegorilla813","password":"eskimo","salt":"w92NUnxq","md5":"25e3215b98b2880257e594a46a992497","sha1":"78e74c86e96adb422bb242a26484f98a814d5687","sha256":"20733e931c1b8a60e16ad3ec244b7584a320baf1fabab6ab858a0b9a8c9f319b"},"dob":{"date":"1978-03-10T09:09:08.875Z","age":46},"registered":{"date":"2012-11-25T19:14:01.327Z","age":11},"phone":"(64) 6897-2726","cell":"(63) 7265-7875","id":{"name":"CPF","value":"475.186.941-81"},"picture":{"large":"https://randomuser.me/api/portraits/women/27.jpg","medium":"https://randomuser.me/api/portraits/med/women/27.jpg","thumbnail":"https://randomuser.me/api/portraits/thumb/women/27.jpg"},"nat":"BR"}],"info":{"seed":"506ad23796fec2c2","results":1,"page":1,"version":"1.4"}} 
 </msg>
<msg time="2024-07-26T09:16:11.785331" level="INFO">/opt/hostedtoolcache/Python/3.12.4/x64/lib/python3.12/site-packages/urllib3/connectionpool.py:1099: InsecureRequestWarning: Unverified HTTPS request is being made to host 'randomuser.me'. Adding certificate verification is strongly advised. See: https://urllib3.readthedocs.io/en/latest/advanced-usage.html#tls-warnings
  warnings.warn(</msg>
<msg time="2024-07-26T09:16:11.785460" level="INFO">${response} = &lt;Response [200]&gt;</msg>
<var>${response}</var>
<arg>consultarAPI</arg>
<arg>/api</arg>
<doc>Sends a GET request on a previously created HTTP Session.</doc>
<status status="PASS" start="2024-07-26T09:16:11.694712" elapsed="0.090807"/>
</kw>
<kw name="Set Variable" owner="BuiltIn">
<msg time="2024-07-26T09:16:11.786395" level="INFO">${json_data} = {'results': [{'gender': 'female', 'name': {'title': 'Miss', 'first': 'Moema', 'last': 'Mendes'}, 'location': {'street': {'number': 5329, 'name': 'Rua Paraná '}, 'city': 'Paulista', 'state': 'São Paulo...</msg>
<var>${json_data}</var>
<arg>${response.json()}</arg>
<doc>Returns the given values which can then be assigned to a variables.</doc>
<status status="PASS" start="2024-07-26T09:16:11.785953" elapsed="0.000472"/>
</kw>
<kw name="Log" owner="BuiltIn">
<msg time="2024-07-26T09:16:11.786937" level="INFO">{'results': [{'gender': 'female', 'name': {'title': 'Miss', 'first': 'Moema', 'last': 'Mendes'}, 'location': {'street': {'number': 5329, 'name': 'Rua Paraná '}, 'city': 'Paulista', 'state': 'São Paulo', 'country': 'Brazil', 'postcode': 84015, 'coordinates': {'latitude': '-78.7376', 'longitude': '71.5304'}, 'timezone': {'offset': '-3:00', 'description': 'Brazil, Buenos Aires, Georgetown'}}, 'email': 'moema.mendes@example.com', 'login': {'uuid': 'b91587af-d5fd-4ac3-a452-6c984a7bdeb4', 'username': 'bluegorilla813', 'password': 'eskimo', 'salt': 'w92NUnxq', 'md5': '25e3215b98b2880257e594a46a992497', 'sha1': '78e74c86e96adb422bb242a26484f98a814d5687', 'sha256': '20733e931c1b8a60e16ad3ec244b7584a320baf1fabab6ab858a0b9a8c9f319b'}, 'dob': {'date': '1978-03-10T09:09:08.875Z', 'age': 46}, 'registered': {'date': '2012-11-25T19:14:01.327Z', 'age': 11}, 'phone': '(64) 6897-2726', 'cell': '(63) 7265-7875', 'id': {'name': 'CPF', 'value': '475.186.941-81'}, 'picture': {'large': 'https://randomuser.me/api/portraits/women/27.jpg', 'medium': 'https://randomuser.me/api/portraits/med/women/27.jpg', 'thumbnail': 'https://randomuser.me/api/portraits/thumb/women/27.jpg'}, 'nat': 'BR'}], 'info': {'seed': '506ad23796fec2c2', 'results': 1, 'page': 1, 'version': '1.4'}}</msg>
<arg>${json_data}</arg>
<doc>Logs the given message with the given level.</doc>
<status status="PASS" start="2024-07-26T09:16:11.786729" elapsed="0.000257"/>
</kw>
<kw name="Should Be Equal As Numbers" owner="BuiltIn">
<arg>${json_data['results'][0]['location']['postcode']}</arg>
<arg>${json_data['results'][0]['location']['postcode']}</arg>
<doc>Fails if objects are unequal after converting them to real numbers.</doc>
<status status="PASS" start="2024-07-26T09:16:11.787293" elapsed="0.000631"/>
</kw>
<kw name="Log" owner="BuiltIn">
<msg time="2024-07-26T09:16:11.788464" level="INFO">84015</msg>
<arg>${json_data['results'][0]['location']['postcode']}</arg>
<doc>Logs the given message with the given level.</doc>
<status status="PASS" start="2024-07-26T09:16:11.788112" elapsed="0.000424"/>
</kw>
<status status="PASS" start="2024-07-26T09:16:11.694498" elapsed="0.094298"/>
</kw>
<doc>Testa se os tipos de dados na resposta da API estão corretos.</doc>
<tag>testeTiposDados</tag>
<status status="PASS" start="2024-07-26T09:16:11.603944" elapsed="0.185007"/>
</test>
<test id="s1-s1-t5" name="Validar conteudo" line="35">
<kw name="Teste de Tipos de Conteudo" owner="random-user-service">
<kw name="GET On Session" owner="RequestsLibrary">
<msg time="2024-07-26T09:16:11.886717" level="INFO">GET Request : url=https://randomuser.me/api 
 path_url=/api 
 headers={'User-Agent': 'python-requests/2.32.3', 'Accept-Encoding': 'gzip, deflate', 'Accept': '*/*', 'Connection': 'keep-alive'} 
 body=None 
 </msg>
<msg time="2024-07-26T09:16:11.886845" level="INFO">GET Response : url=https://randomuser.me/api 
 status=200, reason=OK 
 headers={'Date': 'Fri, 26 Jul 2024 09:16:11 GMT', 'Content-Type': 'application/json; charset=utf-8', 'Transfer-Encoding': 'chunked', 'Connection': 'keep-alive', 'X-Powered-By': 'Express', 'Access-Control-Allow-Origin': '*', 'Cache-Control': 'no-cache', 'ETag': 'W/"47c-kKkmwrPDlx2u+mFXeMn8mPfxKYI"', 'Vary': 'Accept-Encoding', 'Content-Encoding': 'gzip', 'CF-Cache-Status': 'DYNAMIC', 'Report-To': '{"endpoints":[{"url":"https:\\/\\/a.nel.cloudflare.com\\/report\\/v4?s=qU9UqbVGYnNv4dChtWsHc72lLM%2BKXE7sAlmxJyQh25xmUWnxyrMujiKGM8pMsMcUEBOsd2%2Bpsl%2FIxCbbR1zQfQehmVr2r8u%2FRUBSOgZ8WKfAuC1MWPjJO9J4rqjTa79x"}],"group":"cf-nel","max_age":604800}', 'NEL': '{"success_fraction":0,"report_to":"cf-nel","max_age":604800}', 'Server': 'cloudflare', 'CF-RAY': '8a934a1db8c781be-IAD', 'alt-svc': 'h3=":443"; ma=86400'} 
 body={"results":[{"gender":"male","name":{"title":"Mr","first":"Melvin","last":"Caron"},"location":{"street":{"number":971,"name":"Cours Charlemagne"},"city":"Lille","state":"Drôme","country":"France","postcode":90008,"coordinates":{"latitude":"-15.4095","longitude":"-168.2888"},"timezone":{"offset":"-2:00","description":"Mid-Atlantic"}},"email":"melvin.caron@example.com","login":{"uuid":"a261264e-5d6f-4856-b11f-36eb35c27d1d","username":"bigzebra270","password":"angelina","salt":"u1B0ItA9","md5":"e89c237dc9d84a9482264ce0a2cb9e81","sha1":"db8941412155914183cc8c72efa39adc05bb5aeb","sha256":"f14cc85a2640a22b7fbd27e44e7722fbea0b224ec37865731c652c0869979a69"},"dob":{"date":"1965-12-11T00:09:31.599Z","age":58},"registered":{"date":"2020-11-05T11:27:07.650Z","age":3},"phone":"02-37-14-80-86","cell":"06-32-20-18-02","id":{"name":"INSEE","value":"1651119684151 07"},"picture":{"large":"https://randomuser.me/api/portraits/men/72.jpg","medium":"https://randomuser.me/api/portraits/med/men/72.jpg","thumbnail":"https://randomuser.me/api/portraits/thumb/men/72.jpg"},"nat":"FR"}],"info":{"seed":"f3e4f5066990883a","results":1,"page":1,"version":"1.4"}} 
 </msg>
<msg time="2024-07-26T09:16:11.886910" level="INFO">/opt/hostedtoolcache/Python/3.12.4/x64/lib/python3.12/site-packages/urllib3/connectionpool.py:1099: InsecureRequestWarning: Unverified HTTPS request is being made to host 'randomuser.me'. Adding certificate verification is strongly advised. See: https://urllib3.readthedocs.io/en/latest/advanced-usage.html#tls-warnings
  warnings.warn(</msg>
<msg time="2024-07-26T09:16:11.887023" level="INFO">${response} = &lt;Response [200]&gt;</msg>
<var>${response}</var>
<arg>consultarAPI</arg>
<arg>/api</arg>
<doc>Sends a GET request on a previously created HTTP Session.</doc>
<status status="PASS" start="2024-07-26T09:16:11.791300" elapsed="0.095761"/>
</kw>
<kw name="Set Variable" owner="BuiltIn">
<msg time="2024-07-26T09:16:11.887908" level="INFO">${json_data} = {'results': [{'gender': 'male', 'name': {'title': 'Mr', 'first': 'Melvin', 'last': 'Caron'}, 'location': {'street': {'number': 971, 'name': 'Cours Charlemagne'}, 'city': 'Lille', 'state': 'Drôme', 'co...</msg>
<var>${json_data}</var>
<arg>${response.json()}</arg>
<doc>Returns the given values which can then be assigned to a variables.</doc>
<status status="PASS" start="2024-07-26T09:16:11.887434" elapsed="0.000503"/>
</kw>
<kw name="Set Variable" owner="BuiltIn">
<msg time="2024-07-26T09:16:11.888622" level="INFO">${name_title} = Mr</msg>
<var>${name_title}</var>
<arg>${json_data["results"][0]["name"]["title"]}</arg>
<doc>Returns the given values which can then be assigned to a variables.</doc>
<status status="PASS" start="2024-07-26T09:16:11.888247" elapsed="0.000400"/>
</kw>
<kw name="Create List" owner="BuiltIn">
<msg time="2024-07-26T09:16:11.889091" level="INFO">${allowed_titles} = ['Mr', 'Ms', 'Miss', 'Mrs', 'Madame', 'Monsieur']</msg>
<var>${allowed_titles}</var>
<arg>Mr</arg>
<arg>Ms</arg>
<arg>Miss</arg>
<arg>Mrs</arg>
<arg>Madame</arg>
<arg>Monsieur</arg>
<doc>Returns a list containing given items.</doc>
<status status="PASS" start="2024-07-26T09:16:11.888942" elapsed="0.000173"/>
</kw>
<kw name="List Should Contain Value" owner="Collections">
<arg>${allowed_titles}</arg>
<arg>${name_title}</arg>
<doc>Fails if the ``value`` is not found from ``list``.</doc>
<status status="PASS" start="2024-07-26T09:16:11.889417" elapsed="0.000180"/>
</kw>
<kw name="Set Variable" owner="BuiltIn">
<msg time="2024-07-26T09:16:11.890165" level="INFO">${name_country} = FR</msg>
<var>${name_country}</var>
<arg>${json_data["results"][0]["nat"]}</arg>
<doc>Returns the given values which can then be assigned to a variables.</doc>
<status status="PASS" start="2024-07-26T09:16:11.889778" elapsed="0.000411"/>
</kw>
<kw name="Create List" owner="BuiltIn">
<msg time="2024-07-26T09:16:11.891109" level="INFO">${list_country} = ['AD', 'AE', 'AF', 'AG', 'AI', 'AL', 'AM', 'AO', 'AQ', 'AR', 'AS', 'AT', 'AU', 'AW', 'AX', 'AZ', 'BA', 'BB', 'BD', 'BE', 'BF', 'BG', 'BH', 'BI', 'BJ', 'BL', 'BM', 'BN', 'BO', 'BQ', 'BR', 'BS', 'BT', '...</msg>
<var>${list_country}</var>
<arg>AD</arg>
<arg>AE</arg>
<arg>AF</arg>
<arg>AG</arg>
<arg>AI</arg>
<arg>AL</arg>
<arg>AM</arg>
<arg>AO</arg>
<arg>AQ</arg>
<arg>AR</arg>
<arg>AS</arg>
<arg>AT</arg>
<arg>AU</arg>
<arg>AW</arg>
<arg>AX</arg>
<arg>AZ</arg>
<arg>BA</arg>
<arg>BB</arg>
<arg>BD</arg>
<arg>BE</arg>
<arg>BF</arg>
<arg>BG</arg>
<arg>BH</arg>
<arg>BI</arg>
<arg>BJ</arg>
<arg>BL</arg>
<arg>BM</arg>
<arg>BN</arg>
<arg>BO</arg>
<arg>BQ</arg>
<arg>BR</arg>
<arg>BS</arg>
<arg>BT</arg>
<arg>BV</arg>
<arg>BW</arg>
<arg>BY</arg>
<arg>BZ</arg>
<arg>CA</arg>
<arg>CC</arg>
<arg>CD</arg>
<arg>CF</arg>
<arg>CG</arg>
<arg>CH</arg>
<arg>CI</arg>
<arg>CK</arg>
<arg>CL</arg>
<arg>CM</arg>
<arg>CN</arg>
<arg>CO</arg>
<arg>CR</arg>
<arg>CU</arg>
<arg>CV</arg>
<arg>CW</arg>
<arg>CX</arg>
<arg>CY</arg>
<arg>CZ</arg>
<arg>DE</arg>
<arg>DJ</arg>
<arg>DK</arg>
<arg>DM</arg>
<arg>DO</arg>
<arg>DZ</arg>
<arg>EC</arg>
<arg>EE</arg>
<arg>EG</arg>
<arg>EH</arg>
<arg>ER</arg>
<arg>ES</arg>
<arg>ET</arg>
<arg>FI</arg>
<arg>FJ</arg>
<arg>FK</arg>
<arg>FM</arg>
<arg>FO</arg>
<arg>FR</arg>
<arg>GA</arg>
<arg>GB</arg>
<arg>GD</arg>
<arg>GE</arg>
<arg>GF</arg>
<arg>GG</arg>
<arg>GH</arg>
<arg>GI</arg>
<arg>GL</arg>
<arg>GM</arg>
<arg>GN</arg>
<arg>GP</arg>
<arg>GQ</arg>
<arg>GR</arg>
<arg>GS</arg>
<arg>GT</arg>
<arg>GU</arg>
<arg>GW</arg>
<arg>GY</arg>
<arg>HK</arg>
<arg>HM</arg>
<arg>HN</arg>
<arg>HR</arg>
<arg>HT</arg>
<arg>HU</arg>
<arg>ID</arg>
<arg>IE</arg>
<arg>IL</arg>
<arg>IM</arg>
<arg>IN</arg>
<arg>IO</arg>
<arg>IQ</arg>
<arg>IR</arg>
<arg>IS</arg>
<arg>IT</arg>
<arg>JE</arg>
<arg>JM</arg>
<arg>JO</arg>
<arg>JP</arg>
<arg>KE</arg>
<arg>KG</arg>
<arg>KH</arg>
<arg>KI</arg>
<arg>KM</arg>
<arg>KN</arg>
<arg>KP</arg>
<arg>KR</arg>
<arg>KW</arg>
<arg>KY</arg>
<arg>KZ</arg>
<arg>LA</arg>
<arg>LB</arg>
<arg>LC</arg>
<arg>LI</arg>
<arg>LK</arg>
<arg>LR</arg>
<arg>LS</arg>
<arg>LT</arg>
<arg>LU</arg>
<arg>LV</arg>
<arg>LY</arg>
<arg>MA</arg>
<arg>MC</arg>
<arg>MD</arg>
<arg>ME</arg>
<arg>MF</arg>
<arg>MG</arg>
<arg>MH</arg>
<arg>MK</arg>
<arg>ML</arg>
<arg>MM</arg>
<arg>MN</arg>
<arg>MO</arg>
<arg>MP</arg>
<arg>MQ</arg>
<arg>MR</arg>
<arg>MS</arg>
<arg>MT</arg>
<arg>MU</arg>
<arg>MV</arg>
<arg>MW</arg>
<arg>MX</arg>
<arg>MY</arg>
<arg>MZ</arg>
<arg>NA</arg>
<arg>NC</arg>
<arg>NE</arg>
<arg>NF</arg>
<arg>NG</arg>
<arg>NI</arg>
<arg>NL</arg>
<arg>NO</arg>
<arg>NP</arg>
<arg>NR</arg>
<arg>NU</arg>
<arg>NZ</arg>
<arg>OM</arg>
<arg>PA</arg>
<arg>PE</arg>
<arg>PF</arg>
<arg>PG</arg>
<arg>PH</arg>
<arg>PK</arg>
<arg>PL</arg>
<arg>PM</arg>
<arg>PN</arg>
<arg>PR</arg>
<arg>PS</arg>
<arg>PT</arg>
<arg>PW</arg>
<arg>PY</arg>
<arg>QA</arg>
<arg>RE</arg>
<arg>RO</arg>
<arg>RS</arg>
<arg>RU</arg>
<arg>RW</arg>
<arg>SA</arg>
<arg>SB</arg>
<arg>SC</arg>
<arg>SD</arg>
<arg>SE</arg>
<arg>SG</arg>
<arg>SH</arg>
<arg>SI</arg>
<arg>SJ</arg>
<arg>SK</arg>
<arg>SL</arg>
<arg>SM</arg>
<arg>SN</arg>
<arg>SO</arg>
<arg>SR</arg>
<arg>SS</arg>
<arg>ST</arg>
<arg>SV</arg>
<arg>SX</arg>
<arg>SY</arg>
<arg>SZ</arg>
<arg>TC</arg>
<arg>TD</arg>
<arg>TF</arg>
<arg>TG</arg>
<arg>TH</arg>
<arg>TJ</arg>
<arg>TK</arg>
<arg>TL</arg>
<arg>TM</arg>
<arg>TN</arg>
<arg>TO</arg>
<arg>TR</arg>
<arg>TT</arg>
<arg>TV</arg>
<arg>TW</arg>
<arg>TZ</arg>
<arg>UA</arg>
<arg>UG</arg>
<arg>UM</arg>
<arg>US</arg>
<arg>UY</arg>
<arg>UZ</arg>
<arg>VA</arg>
<arg>VC</arg>
<arg>VE</arg>
<arg>VG</arg>
<arg>VI</arg>
<arg>VN</arg>
<arg>VU</arg>
<arg>WF</arg>
<arg>WS</arg>
<arg>XK</arg>
<arg>YE</arg>
<arg>YT</arg>
<arg>ZA</arg>
<arg>ZM</arg>
<arg>ZW</arg>
<doc>Returns a list containing given items.</doc>
<status status="PASS" start="2024-07-26T09:16:11.890476" elapsed="0.000660"/>
</kw>
<kw name="List Should Contain Value" owner="Collections">
<arg>${list_country}</arg>
<arg>${name_country}</arg>
<doc>Fails if the ``value`` is not found from ``list``.</doc>
<status status="PASS" start="2024-07-26T09:16:11.892083" elapsed="0.000211"/>
</kw>
<kw name="Run Keyword If" owner="BuiltIn">
<kw name="Should Be True" owner="BuiltIn">
<arg>${True}</arg>
<doc>Fails if the given condition is not true.</doc>
<status status="PASS" start="2024-07-26T09:16:11.893244" elapsed="0.000143"/>
</kw>
<arg>${json_data["results"][0]["location"]["coordinates"]["latitude"]} &gt;= -90 and ${json_data["results"][0]["location"]["coordinates"]["latitude"]} &lt;= 90</arg>
<arg>Should Be True</arg>
<arg>${True}</arg>
<doc>Runs the given keyword with the given arguments, if ``condition`` is true.</doc>
<status status="PASS" start="2024-07-26T09:16:11.892496" elapsed="0.001018"/>
</kw>
<kw name="Run Keyword If" owner="BuiltIn">
<kw name="Should Be True" owner="BuiltIn">
<arg>${True}</arg>
<doc>Fails if the given condition is not true.</doc>
<status status="PASS" start="2024-07-26T09:16:11.894389" elapsed="0.000136"/>
</kw>
<arg>${json_data["results"][0]["location"]["coordinates"]["longitude"]} &gt;= -180 and ${json_data["results"][0]["location"]["coordinates"]["longitude"]} &lt;= 180</arg>
<arg>Should Be True</arg>
<arg>${True}</arg>
<doc>Runs the given keyword with the given arguments, if ``condition`` is true.</doc>
<status status="PASS" start="2024-07-26T09:16:11.893697" elapsed="0.000951"/>
</kw>
<status status="PASS" start="2024-07-26T09:16:11.791083" elapsed="0.103720"/>
</kw>
<doc>Testa o conteúdo específico dos campos retornados pela API.</doc>
<tag>testeConteudo</tag>
<status status="PASS" start="2024-07-26T09:16:11.790631" elapsed="0.104324"/>
</test>
<status status="PASS" start="2024-07-26T09:16:10.961373" elapsed="0.935448"/>
</suite>
<status status="PASS" start="2024-07-26T09:16:10.946917" elapsed="0.954909"/>
</suite>
<statistics>
<total>
<stat pass="5" fail="0" skip="0">All Tests</stat>
</total>
<tag>
<stat pass="1" fail="0" skip="0">testeConteudo</stat>
<stat pass="1" fail="0" skip="0">testeEstruturaResposta</stat>
<stat pass="1" fail="0" skip="0">testeRequisicaoBasica</stat>
<stat pass="1" fail="0" skip="0">testeTiposDados</stat>
</tag>
<suite>
<stat pass="5" fail="0" skip="0" id="s1" name="Tests">Tests</stat>
<stat pass="5" fail="0" skip="0" id="s1-s1" name="Random-User-Test">Tests.Random-User-Test</stat>
</suite>
</statistics>
<errors>
</errors>
</robot>
