<?xml version="1.0" encoding="UTF-8"?>
<robot generator="Robot 7.0.1 (Python 3.12.4 on linux)" generated="2024-06-24T21:14:19.547189" rpa="false" schemaversion="5">
<suite id="s1" name="Tests" source="/home/runner/work/ApiRandomUser/ApiRandomUser/RamdonUser/tests">
<suite id="s1-s1" name="Random-User-Test" source="/home/runner/work/ApiRandomUser/ApiRandomUser/RamdonUser/tests/random-user-test.robot">
<test id="s1-s1-t1" name="Conectar" line="13">
<kw name="Conectar API" owner="random-user-service">
<kw name="Create Session" owner="RequestsLibrary">
<msg time="2024-06-24T21:14:19.986554" level="INFO">Creating Session using : alias=consultarAPI, url=https://randomuser.me/, headers={},                     cookies={}, auth=None, timeout=None, proxies=None, verify=False,                     debug=0 </msg>
<arg>consultarAPI</arg>
<arg>${URL}</arg>
<doc>Create Session: create a HTTP session to a server</doc>
<status status="PASS" start="2024-06-24T21:14:19.986321" elapsed="0.000441"/>
</kw>
<status status="PASS" start="2024-06-24T21:14:19.985241" elapsed="0.001937"/>
</kw>
<status status="PASS" start="2024-06-24T21:14:19.984424" elapsed="0.002962"/>
</test>
<test id="s1-s1-t2" name="Validar retorno 200 e JSON Válido" line="16">
<kw name="Teste de Requisicao Basica" owner="random-user-service">
<kw name="GET On Session" owner="RequestsLibrary">
<msg time="2024-06-24T21:14:20.422187" level="INFO">GET Request : url=https://randomuser.me/api 
 path_url=/api 
 headers={'User-Agent': 'python-requests/2.32.3', 'Accept-Encoding': 'gzip, deflate', 'Accept': '*/*', 'Connection': 'keep-alive'} 
 body=None 
 </msg>
<msg time="2024-06-24T21:14:20.422340" level="INFO">GET Response : url=https://randomuser.me/api 
 status=200, reason=OK 
 headers={'Date': 'Mon, 24 Jun 2024 21:14:20 GMT', 'Content-Type': 'application/json; charset=utf-8', 'Transfer-Encoding': 'chunked', 'Connection': 'keep-alive', 'X-Powered-By': 'Express', 'Access-Control-Allow-Origin': '*', 'Cache-Control': 'no-cache', 'ETag': 'W/"479-XwldUEj33rgiCe6eVoWRnOQ5gHE"', 'Vary': 'Accept-Encoding', 'Content-Encoding': 'gzip', 'CF-Cache-Status': 'DYNAMIC', 'Report-To': '{"endpoints":[{"url":"https:\\/\\/a.nel.cloudflare.com\\/report\\/v4?s=3QlcbVxP%2FMbxlg8HM9zzYWQd2ywUOHLFM5SSCUdt7pBepYxpDuD20WFLzqd%2BXot%2Fqbkc7aZaqinzK%2BgXAC%2Fytf%2FqbdDCRYGAVWdb5XS4zixg7xVm%2FuoGBCBsjj6yb4Zt"}],"group":"cf-nel","max_age":604800}', 'NEL': '{"success_fraction":0,"report_to":"cf-nel","max_age":604800}', 'Server': 'cloudflare', 'CF-RAY': '898fba13e96701ca-ORD', 'alt-svc': 'h3=":443"; ma=86400'} 
 body={"results":[{"gender":"male","name":{"title":"Mr","first":"Colin","last":"Nelson"},"location":{"street":{"number":2034,"name":"West Street"},"city":"Athlone","state":"Waterford","country":"Ireland","postcode":13669,"coordinates":{"latitude":"-0.2822","longitude":"-125.7800"},"timezone":{"offset":"-11:00","description":"Midway Island, Samoa"}},"email":"colin.nelson@example.com","login":{"uuid":"2a03e0e0-eae3-4633-9f97-6ef7d08171bd","username":"organicladybug473","password":"wing","salt":"5N3oxnpw","md5":"a9f03f6fa3e10f26301a0133763b5736","sha1":"aed9427bbd3add0027ecfbbbbb9ae77786be7048","sha256":"d0d4ea89a8d23dcf6c2750fbef7abaa369a01fd6bceba5fbeb177e8435508c56"},"dob":{"date":"1994-07-28T11:22:28.784Z","age":29},"registered":{"date":"2021-09-21T04:40:02.278Z","age":2},"phone":"071-050-4078","cell":"081-315-5717","id":{"name":"PPS","value":"0591635T"},"picture":{"large":"https://randomuser.me/api/portraits/men/48.jpg","medium":"https://randomuser.me/api/portraits/med/men/48.jpg","thumbnail":"https://randomuser.me/api/portraits/thumb/men/48.jpg"},"nat":"IE"}],"info":{"seed":"e82670593c959f3c","results":1,"page":1,"version":"1.4"}} 
 </msg>
<msg time="2024-06-24T21:14:20.422418" level="INFO">/opt/hostedtoolcache/Python/3.12.4/x64/lib/python3.12/site-packages/urllib3/connectionpool.py:1099: InsecureRequestWarning: Unverified HTTPS request is being made to host 'randomuser.me'. Adding certificate verification is strongly advised. See: https://urllib3.readthedocs.io/en/latest/advanced-usage.html#tls-warnings
  warnings.warn(</msg>
<msg time="2024-06-24T21:14:20.422575" level="INFO">${response} = &lt;Response [200]&gt;</msg>
<var>${response}</var>
<arg>consultarAPI</arg>
<arg>/api</arg>
<doc>Sends a GET request on a previously created HTTP Session.</doc>
<status status="PASS" start="2024-06-24T21:14:19.990269" elapsed="0.432351"/>
</kw>
<kw name="Should Be Equal As Numbers" owner="BuiltIn">
<msg time="2024-06-24T21:14:20.423708" level="INFO">Argument types are:
&lt;class 'int'&gt;
&lt;class 'str'&gt;</msg>
<arg>${response.status_code}</arg>
<arg>200</arg>
<doc>Fails if objects are unequal after converting them to real numbers.</doc>
<status status="PASS" start="2024-06-24T21:14:20.423212" elapsed="0.000576"/>
</kw>
<kw name="Log" owner="BuiltIn">
<msg time="2024-06-24T21:14:20.424456" level="INFO">200</msg>
<arg>${response.status_code}</arg>
<doc>Logs the given message with the given level.</doc>
<status status="PASS" start="2024-06-24T21:14:20.424111" elapsed="0.000386"/>
</kw>
<kw name="Set Variable" owner="BuiltIn">
<msg time="2024-06-24T21:14:20.425214" level="INFO">${json_data} = {'results': [{'gender': 'male', 'name': {'title': 'Mr', 'first': 'Colin', 'last': 'Nelson'}, 'location': {'street': {'number': 2034, 'name': 'West Street'}, 'city': 'Athlone', 'state': 'Waterford', 'c...</msg>
<var>${json_data}</var>
<arg>${response.json()}</arg>
<doc>Returns the given values which can then be assigned to a variables.</doc>
<status status="PASS" start="2024-06-24T21:14:20.424794" elapsed="0.000448"/>
</kw>
<kw name="Dictionary Should Contain Key" owner="Collections">
<arg>${json_data}</arg>
<arg>results</arg>
<doc>Fails if ``key`` is not found from ``dictionary``.</doc>
<status status="PASS" start="2024-06-24T21:14:20.425531" elapsed="0.000169"/>
</kw>
<status status="PASS" start="2024-06-24T21:14:19.989997" elapsed="0.435852"/>
</kw>
<doc>Testa se a API responde corretamente e retorna um objeto JSON válido.</doc>
<tag>testeRequisicaoBasica</tag>
<status status="PASS" start="2024-06-24T21:14:19.989393" elapsed="0.436629"/>
</test>
<test id="s1-s1-t3" name="Validar estrutura de resposta" line="22">
<kw name="Teste de Estrutura de Resposta" owner="random-user-service">
<kw name="GET On Session" owner="RequestsLibrary">
<msg time="2024-06-24T21:14:20.504758" level="INFO">GET Request : url=https://randomuser.me/api 
 path_url=/api 
 headers={'User-Agent': 'python-requests/2.32.3', 'Accept-Encoding': 'gzip, deflate', 'Accept': '*/*', 'Connection': 'keep-alive'} 
 body=None 
 </msg>
<msg time="2024-06-24T21:14:20.504872" level="INFO">GET Response : url=https://randomuser.me/api 
 status=200, reason=OK 
 headers={'Date': 'Mon, 24 Jun 2024 21:14:20 GMT', 'Content-Type': 'application/json; charset=utf-8', 'Transfer-Encoding': 'chunked', 'Connection': 'keep-alive', 'X-Powered-By': 'Express', 'Access-Control-Allow-Origin': '*', 'Cache-Control': 'no-cache', 'ETag': 'W/"4a9-n/eYVQ5vmVSQbAWz5svPhTeIez4"', 'Vary': 'Accept-Encoding', 'Content-Encoding': 'gzip', 'CF-Cache-Status': 'DYNAMIC', 'Report-To': '{"endpoints":[{"url":"https:\\/\\/a.nel.cloudflare.com\\/report\\/v4?s=ICVzswRcZhqybcJ82knbhZvj4EUHjLBxqEkN6dbKAnZEJcCuFA2yRhCaUgdr5U5bZUz%2FXlFSuY%2BEYM96J2NP435Ry2d3Yt7dq%2BNO9Prs15KuUmvUXsRivuTIRwdHgZbn"}],"group":"cf-nel","max_age":604800}', 'NEL': '{"success_fraction":0,"report_to":"cf-nel","max_age":604800}', 'Server': 'cloudflare', 'CF-RAY': '898fba15bc8601ca-ORD', 'alt-svc': 'h3=":443"; ma=86400'} 
 body={"results":[{"gender":"female","name":{"title":"Ms","first":"Guadalupe","last":"Guerrero"},"location":{"street":{"number":7261,"name":"Diagonal Nuevo León"},"city":"Infiernillo","state":"Oaxaca","country":"Mexico","postcode":97730,"coordinates":{"latitude":"26.7655","longitude":"6.2566"},"timezone":{"offset":"-4:00","description":"Atlantic Time (Canada), Caracas, La Paz"}},"email":"guadalupe.guerrero@example.com","login":{"uuid":"76a4b959-fbc0-4952-b69a-056507803a61","username":"redbear381","password":"mouser","salt":"TWdKxjox","md5":"db990de2d18ca923ed2624001e0edfd2","sha1":"42172ec202b97e2135d6ed833d3d9a712abb409a","sha256":"5be81096f859b3e2a6b4873268e72bf26f310156d57276b54a099b04a8297495"},"dob":{"date":"1968-08-14T03:13:37.697Z","age":55},"registered":{"date":"2008-10-27T07:34:13.543Z","age":15},"phone":"(645) 026 4046","cell":"(682) 153 9807","id":{"name":"NSS","value":"49 36 81 2721 0"},"picture":{"large":"https://randomuser.me/api/portraits/women/3.jpg","medium":"https://randomuser.me/api/portraits/med/women/3.jpg","thumbnail":"https://randomuser.me/api/portraits/thumb/women/3.jpg"},"nat":"MX"}],"info":{"seed":"90bed493184e0a99","results":1,"page":1,"version":"1.4"}} 
 </msg>
<msg time="2024-06-24T21:14:20.505025" level="INFO">/opt/hostedtoolcache/Python/3.12.4/x64/lib/python3.12/site-packages/urllib3/connectionpool.py:1099: InsecureRequestWarning: Unverified HTTPS request is being made to host 'randomuser.me'. Adding certificate verification is strongly advised. See: https://urllib3.readthedocs.io/en/latest/advanced-usage.html#tls-warnings
  warnings.warn(</msg>
<msg time="2024-06-24T21:14:20.505157" level="INFO">${response} = &lt;Response [200]&gt;</msg>
<var>${response}</var>
<arg>consultarAPI</arg>
<arg>/api</arg>
<doc>Sends a GET request on a previously created HTTP Session.</doc>
<status status="PASS" start="2024-06-24T21:14:20.428691" elapsed="0.076507"/>
</kw>
<kw name="Set Variable" owner="BuiltIn">
<msg time="2024-06-24T21:14:20.506385" level="INFO">${json_data} = {'results': [{'gender': 'female', 'name': {'title': 'Ms', 'first': 'Guadalupe', 'last': 'Guerrero'}, 'location': {'street': {'number': 7261, 'name': 'Diagonal Nuevo León'}, 'city': 'Infiernillo', 'sta...</msg>
<var>${json_data}</var>
<arg>${response.json()}</arg>
<doc>Returns the given values which can then be assigned to a variables.</doc>
<status status="PASS" start="2024-06-24T21:14:20.505829" elapsed="0.000585"/>
</kw>
<kw name="Log" owner="BuiltIn">
<msg time="2024-06-24T21:14:20.506885" level="INFO">{'results': [{'gender': 'female', 'name': {'title': 'Ms', 'first': 'Guadalupe', 'last': 'Guerrero'}, 'location': {'street': {'number': 7261, 'name': 'Diagonal Nuevo León'}, 'city': 'Infiernillo', 'state': 'Oaxaca', 'country': 'Mexico', 'postcode': 97730, 'coordinates': {'latitude': '26.7655', 'longitude': '6.2566'}, 'timezone': {'offset': '-4:00', 'description': 'Atlantic Time (Canada), Caracas, La Paz'}}, 'email': 'guadalupe.guerrero@example.com', 'login': {'uuid': '76a4b959-fbc0-4952-b69a-056507803a61', 'username': 'redbear381', 'password': 'mouser', 'salt': 'TWdKxjox', 'md5': 'db990de2d18ca923ed2624001e0edfd2', 'sha1': '42172ec202b97e2135d6ed833d3d9a712abb409a', 'sha256': '5be81096f859b3e2a6b4873268e72bf26f310156d57276b54a099b04a8297495'}, 'dob': {'date': '1968-08-14T03:13:37.697Z', 'age': 55}, 'registered': {'date': '2008-10-27T07:34:13.543Z', 'age': 15}, 'phone': '(645) 026 4046', 'cell': '(682) 153 9807', 'id': {'name': 'NSS', 'value': '49 36 81 2721 0'}, 'picture': {'large': 'https://randomuser.me/api/portraits/women/3.jpg', 'medium': 'https://randomuser.me/api/portraits/med/women/3.jpg', 'thumbnail': 'https://randomuser.me/api/portraits/thumb/women/3.jpg'}, 'nat': 'MX'}], 'info': {'seed': '90bed493184e0a99', 'results': 1, 'page': 1, 'version': '1.4'}}</msg>
<arg>${json_data}</arg>
<doc>Logs the given message with the given level.</doc>
<status status="PASS" start="2024-06-24T21:14:20.506725" elapsed="0.000209"/>
</kw>
<kw name="Dictionary Should Contain Key" owner="Collections">
<arg>${json_data}</arg>
<arg>results</arg>
<doc>Fails if ``key`` is not found from ``dictionary``.</doc>
<status status="PASS" start="2024-06-24T21:14:20.507223" elapsed="0.000161"/>
</kw>
<kw name="Should Not Be Empty" owner="BuiltIn">
<msg time="2024-06-24T21:14:20.507738" level="INFO">Length is 2.</msg>
<arg>${json_data}</arg>
<doc>Verifies that the given item is not empty.</doc>
<status status="PASS" start="2024-06-24T21:14:20.507565" elapsed="0.000212"/>
</kw>
<kw name="Create List" owner="BuiltIn">
<msg time="2024-06-24T21:14:20.508373" level="INFO">${expected_keys} = ['gender', 'name', 'location', 'email', 'login']</msg>
<var>${expected_keys}</var>
<arg>gender</arg>
<arg>name</arg>
<arg>location</arg>
<arg>email</arg>
<arg>login</arg>
<doc>Returns a list containing given items.</doc>
<status status="PASS" start="2024-06-24T21:14:20.508066" elapsed="0.000332"/>
</kw>
<for flavor="IN">
<iter>
<kw name="Dictionary Should Contain Key" owner="Collections">
<arg>${json_data['results'][0]}</arg>
<arg>${key}</arg>
<doc>Fails if ``key`` is not found from ``dictionary``.</doc>
<status status="PASS" start="2024-06-24T21:14:20.508982" elapsed="0.000394"/>
</kw>
<kw name="Log" owner="BuiltIn">
<msg time="2024-06-24T21:14:20.509907" level="INFO">{'gender': 'female', 'name': {'title': 'Ms', 'first': 'Guadalupe', 'last': 'Guerrero'}, 'location': {'street': {'number': 7261, 'name': 'Diagonal Nuevo León'}, 'city': 'Infiernillo', 'state': 'Oaxaca', 'country': 'Mexico', 'postcode': 97730, 'coordinates': {'latitude': '26.7655', 'longitude': '6.2566'}, 'timezone': {'offset': '-4:00', 'description': 'Atlantic Time (Canada), Caracas, La Paz'}}, 'email': 'guadalupe.guerrero@example.com', 'login': {'uuid': '76a4b959-fbc0-4952-b69a-056507803a61', 'username': 'redbear381', 'password': 'mouser', 'salt': 'TWdKxjox', 'md5': 'db990de2d18ca923ed2624001e0edfd2', 'sha1': '42172ec202b97e2135d6ed833d3d9a712abb409a', 'sha256': '5be81096f859b3e2a6b4873268e72bf26f310156d57276b54a099b04a8297495'}, 'dob': {'date': '1968-08-14T03:13:37.697Z', 'age': 55}, 'registered': {'date': '2008-10-27T07:34:13.543Z', 'age': 15}, 'phone': '(645) 026 4046', 'cell': '(682) 153 9807', 'id': {'name': 'NSS', 'value': '49 36 81 2721 0'}, 'picture': {'large': 'https://randomuser.me/api/portraits/women/3.jpg', 'medium': 'https://randomuser.me/api/portraits/med/women/3.jpg', 'thumbnail': 'https://randomuser.me/api/portraits/thumb/women/3.jpg'}, 'nat': 'MX'}</msg>
<arg>${json_data['results'][0]}</arg>
<doc>Logs the given message with the given level.</doc>
<status status="PASS" start="2024-06-24T21:14:20.509559" elapsed="0.000397"/>
</kw>
<kw name="Log" owner="BuiltIn">
<msg time="2024-06-24T21:14:20.510385" level="INFO">gender</msg>
<arg>${key}</arg>
<doc>Logs the given message with the given level.</doc>
<status status="PASS" start="2024-06-24T21:14:20.510259" elapsed="0.000163"/>
</kw>
<var name="${key}">gender</var>
<status status="PASS" start="2024-06-24T21:14:20.508858" elapsed="0.001776"/>
</iter>
<iter>
<kw name="Dictionary Should Contain Key" owner="Collections">
<arg>${json_data['results'][0]}</arg>
<arg>${key}</arg>
<doc>Fails if ``key`` is not found from ``dictionary``.</doc>
<status status="PASS" start="2024-06-24T21:14:20.510923" elapsed="0.000373"/>
</kw>
<kw name="Log" owner="BuiltIn">
<msg time="2024-06-24T21:14:20.511888" level="INFO">{'gender': 'female', 'name': {'title': 'Ms', 'first': 'Guadalupe', 'last': 'Guerrero'}, 'location': {'street': {'number': 7261, 'name': 'Diagonal Nuevo León'}, 'city': 'Infiernillo', 'state': 'Oaxaca', 'country': 'Mexico', 'postcode': 97730, 'coordinates': {'latitude': '26.7655', 'longitude': '6.2566'}, 'timezone': {'offset': '-4:00', 'description': 'Atlantic Time (Canada), Caracas, La Paz'}}, 'email': 'guadalupe.guerrero@example.com', 'login': {'uuid': '76a4b959-fbc0-4952-b69a-056507803a61', 'username': 'redbear381', 'password': 'mouser', 'salt': 'TWdKxjox', 'md5': 'db990de2d18ca923ed2624001e0edfd2', 'sha1': '42172ec202b97e2135d6ed833d3d9a712abb409a', 'sha256': '5be81096f859b3e2a6b4873268e72bf26f310156d57276b54a099b04a8297495'}, 'dob': {'date': '1968-08-14T03:13:37.697Z', 'age': 55}, 'registered': {'date': '2008-10-27T07:34:13.543Z', 'age': 15}, 'phone': '(645) 026 4046', 'cell': '(682) 153 9807', 'id': {'name': 'NSS', 'value': '49 36 81 2721 0'}, 'picture': {'large': 'https://randomuser.me/api/portraits/women/3.jpg', 'medium': 'https://randomuser.me/api/portraits/med/women/3.jpg', 'thumbnail': 'https://randomuser.me/api/portraits/thumb/women/3.jpg'}, 'nat': 'MX'}</msg>
<arg>${json_data['results'][0]}</arg>
<doc>Logs the given message with the given level.</doc>
<status status="PASS" start="2024-06-24T21:14:20.511506" elapsed="0.000433"/>
</kw>
<kw name="Log" owner="BuiltIn">
<msg time="2024-06-24T21:14:20.512368" level="INFO">name</msg>
<arg>${key}</arg>
<doc>Logs the given message with the given level.</doc>
<status status="PASS" start="2024-06-24T21:14:20.512241" elapsed="0.000164"/>
</kw>
<var name="${key}">name</var>
<status status="PASS" start="2024-06-24T21:14:20.510815" elapsed="0.001808"/>
</iter>
<iter>
<kw name="Dictionary Should Contain Key" owner="Collections">
<arg>${json_data['results'][0]}</arg>
<arg>${key}</arg>
<doc>Fails if ``key`` is not found from ``dictionary``.</doc>
<status status="PASS" start="2024-06-24T21:14:20.512905" elapsed="0.000383"/>
</kw>
<kw name="Log" owner="BuiltIn">
<msg time="2024-06-24T21:14:20.513812" level="INFO">{'gender': 'female', 'name': {'title': 'Ms', 'first': 'Guadalupe', 'last': 'Guerrero'}, 'location': {'street': {'number': 7261, 'name': 'Diagonal Nuevo León'}, 'city': 'Infiernillo', 'state': 'Oaxaca', 'country': 'Mexico', 'postcode': 97730, 'coordinates': {'latitude': '26.7655', 'longitude': '6.2566'}, 'timezone': {'offset': '-4:00', 'description': 'Atlantic Time (Canada), Caracas, La Paz'}}, 'email': 'guadalupe.guerrero@example.com', 'login': {'uuid': '76a4b959-fbc0-4952-b69a-056507803a61', 'username': 'redbear381', 'password': 'mouser', 'salt': 'TWdKxjox', 'md5': 'db990de2d18ca923ed2624001e0edfd2', 'sha1': '42172ec202b97e2135d6ed833d3d9a712abb409a', 'sha256': '5be81096f859b3e2a6b4873268e72bf26f310156d57276b54a099b04a8297495'}, 'dob': {'date': '1968-08-14T03:13:37.697Z', 'age': 55}, 'registered': {'date': '2008-10-27T07:34:13.543Z', 'age': 15}, 'phone': '(645) 026 4046', 'cell': '(682) 153 9807', 'id': {'name': 'NSS', 'value': '49 36 81 2721 0'}, 'picture': {'large': 'https://randomuser.me/api/portraits/women/3.jpg', 'medium': 'https://randomuser.me/api/portraits/med/women/3.jpg', 'thumbnail': 'https://randomuser.me/api/portraits/thumb/women/3.jpg'}, 'nat': 'MX'}</msg>
<arg>${json_data['results'][0]}</arg>
<doc>Logs the given message with the given level.</doc>
<status status="PASS" start="2024-06-24T21:14:20.513467" elapsed="0.000394"/>
</kw>
<kw name="Log" owner="BuiltIn">
<msg time="2024-06-24T21:14:20.514273" level="INFO">location</msg>
<arg>${key}</arg>
<doc>Logs the given message with the given level.</doc>
<status status="PASS" start="2024-06-24T21:14:20.514149" elapsed="0.000160"/>
</kw>
<var name="${key}">location</var>
<status status="PASS" start="2024-06-24T21:14:20.512798" elapsed="0.001722"/>
</iter>
<iter>
<kw name="Dictionary Should Contain Key" owner="Collections">
<arg>${json_data['results'][0]}</arg>
<arg>${key}</arg>
<doc>Fails if ``key`` is not found from ``dictionary``.</doc>
<status status="PASS" start="2024-06-24T21:14:20.514797" elapsed="0.000372"/>
</kw>
<kw name="Log" owner="BuiltIn">
<msg time="2024-06-24T21:14:20.515732" level="INFO">{'gender': 'female', 'name': {'title': 'Ms', 'first': 'Guadalupe', 'last': 'Guerrero'}, 'location': {'street': {'number': 7261, 'name': 'Diagonal Nuevo León'}, 'city': 'Infiernillo', 'state': 'Oaxaca', 'country': 'Mexico', 'postcode': 97730, 'coordinates': {'latitude': '26.7655', 'longitude': '6.2566'}, 'timezone': {'offset': '-4:00', 'description': 'Atlantic Time (Canada), Caracas, La Paz'}}, 'email': 'guadalupe.guerrero@example.com', 'login': {'uuid': '76a4b959-fbc0-4952-b69a-056507803a61', 'username': 'redbear381', 'password': 'mouser', 'salt': 'TWdKxjox', 'md5': 'db990de2d18ca923ed2624001e0edfd2', 'sha1': '42172ec202b97e2135d6ed833d3d9a712abb409a', 'sha256': '5be81096f859b3e2a6b4873268e72bf26f310156d57276b54a099b04a8297495'}, 'dob': {'date': '1968-08-14T03:13:37.697Z', 'age': 55}, 'registered': {'date': '2008-10-27T07:34:13.543Z', 'age': 15}, 'phone': '(645) 026 4046', 'cell': '(682) 153 9807', 'id': {'name': 'NSS', 'value': '49 36 81 2721 0'}, 'picture': {'large': 'https://randomuser.me/api/portraits/women/3.jpg', 'medium': 'https://randomuser.me/api/portraits/med/women/3.jpg', 'thumbnail': 'https://randomuser.me/api/portraits/thumb/women/3.jpg'}, 'nat': 'MX'}</msg>
<arg>${json_data['results'][0]}</arg>
<doc>Logs the given message with the given level.</doc>
<status status="PASS" start="2024-06-24T21:14:20.515357" elapsed="0.000436"/>
</kw>
<kw name="Log" owner="BuiltIn">
<msg time="2024-06-24T21:14:20.516202" level="INFO">email</msg>
<arg>${key}</arg>
<doc>Logs the given message with the given level.</doc>
<status status="PASS" start="2024-06-24T21:14:20.516081" elapsed="0.000158"/>
</kw>
<var name="${key}">email</var>
<status status="PASS" start="2024-06-24T21:14:20.514692" elapsed="0.001756"/>
</iter>
<iter>
<kw name="Dictionary Should Contain Key" owner="Collections">
<arg>${json_data['results'][0]}</arg>
<arg>${key}</arg>
<doc>Fails if ``key`` is not found from ``dictionary``.</doc>
<status status="PASS" start="2024-06-24T21:14:20.516714" elapsed="0.000379"/>
</kw>
<kw name="Log" owner="BuiltIn">
<msg time="2024-06-24T21:14:20.517614" level="INFO">{'gender': 'female', 'name': {'title': 'Ms', 'first': 'Guadalupe', 'last': 'Guerrero'}, 'location': {'street': {'number': 7261, 'name': 'Diagonal Nuevo León'}, 'city': 'Infiernillo', 'state': 'Oaxaca', 'country': 'Mexico', 'postcode': 97730, 'coordinates': {'latitude': '26.7655', 'longitude': '6.2566'}, 'timezone': {'offset': '-4:00', 'description': 'Atlantic Time (Canada), Caracas, La Paz'}}, 'email': 'guadalupe.guerrero@example.com', 'login': {'uuid': '76a4b959-fbc0-4952-b69a-056507803a61', 'username': 'redbear381', 'password': 'mouser', 'salt': 'TWdKxjox', 'md5': 'db990de2d18ca923ed2624001e0edfd2', 'sha1': '42172ec202b97e2135d6ed833d3d9a712abb409a', 'sha256': '5be81096f859b3e2a6b4873268e72bf26f310156d57276b54a099b04a8297495'}, 'dob': {'date': '1968-08-14T03:13:37.697Z', 'age': 55}, 'registered': {'date': '2008-10-27T07:34:13.543Z', 'age': 15}, 'phone': '(645) 026 4046', 'cell': '(682) 153 9807', 'id': {'name': 'NSS', 'value': '49 36 81 2721 0'}, 'picture': {'large': 'https://randomuser.me/api/portraits/women/3.jpg', 'medium': 'https://randomuser.me/api/portraits/med/women/3.jpg', 'thumbnail': 'https://randomuser.me/api/portraits/thumb/women/3.jpg'}, 'nat': 'MX'}</msg>
<arg>${json_data['results'][0]}</arg>
<doc>Logs the given message with the given level.</doc>
<status status="PASS" start="2024-06-24T21:14:20.517272" elapsed="0.000390"/>
</kw>
<kw name="Log" owner="BuiltIn">
<msg time="2024-06-24T21:14:20.518075" level="INFO">login</msg>
<arg>${key}</arg>
<doc>Logs the given message with the given level.</doc>
<status status="PASS" start="2024-06-24T21:14:20.517951" elapsed="0.000160"/>
</kw>
<var name="${key}">login</var>
<status status="PASS" start="2024-06-24T21:14:20.516612" elapsed="0.001709"/>
</iter>
<var>${key}</var>
<value>@{expected_keys}</value>
<status status="PASS" start="2024-06-24T21:14:20.508658" elapsed="0.009805"/>
</for>
<kw name="Create List" owner="BuiltIn">
<msg time="2024-06-24T21:14:20.518788" level="INFO">${expected_keysTwo} = ['username', 'password']</msg>
<var>${expected_keysTwo}</var>
<arg>username</arg>
<arg>password</arg>
<doc>Returns a list containing given items.</doc>
<status status="PASS" start="2024-06-24T21:14:20.518655" elapsed="0.000157"/>
</kw>
<for flavor="IN">
<iter>
<kw name="Dictionary Should Contain Key" owner="Collections">
<arg>${json_data['results'][0]['login']}</arg>
<arg>${keyTwo}</arg>
<doc>Fails if ``key`` is not found from ``dictionary``.</doc>
<status status="PASS" start="2024-06-24T21:14:20.519299" elapsed="0.000400"/>
</kw>
<kw name="Dictionary Should Contain Key" owner="Collections">
<arg>${json_data['results'][0]['login']}</arg>
<arg>${keyTwo}</arg>
<doc>Fails if ``key`` is not found from ``dictionary``.</doc>
<status status="PASS" start="2024-06-24T21:14:20.519880" elapsed="0.000364"/>
</kw>
<kw name="Log" owner="BuiltIn">
<msg time="2024-06-24T21:14:20.520533" level="INFO">username</msg>
<arg>${keyTwo}</arg>
<doc>Logs the given message with the given level.</doc>
<status status="PASS" start="2024-06-24T21:14:20.520417" elapsed="0.000152"/>
</kw>
<var name="${keyTwo}">username</var>
<status status="PASS" start="2024-06-24T21:14:20.519195" elapsed="0.001596"/>
</iter>
<iter>
<kw name="Dictionary Should Contain Key" owner="Collections">
<arg>${json_data['results'][0]['login']}</arg>
<arg>${keyTwo}</arg>
<doc>Fails if ``key`` is not found from ``dictionary``.</doc>
<status status="PASS" start="2024-06-24T21:14:20.521060" elapsed="0.000380"/>
</kw>
<kw name="Dictionary Should Contain Key" owner="Collections">
<arg>${json_data['results'][0]['login']}</arg>
<arg>${keyTwo}</arg>
<doc>Fails if ``key`` is not found from ``dictionary``.</doc>
<status status="PASS" start="2024-06-24T21:14:20.521614" elapsed="0.000372"/>
</kw>
<kw name="Log" owner="BuiltIn">
<msg time="2024-06-24T21:14:20.522276" level="INFO">password</msg>
<arg>${keyTwo}</arg>
<doc>Logs the given message with the given level.</doc>
<status status="PASS" start="2024-06-24T21:14:20.522160" elapsed="0.000152"/>
</kw>
<var name="${keyTwo}">password</var>
<status status="PASS" start="2024-06-24T21:14:20.520957" elapsed="0.001666"/>
</iter>
<var>${keyTwo}</var>
<value>@{expected_keysTwo}</value>
<status status="PASS" start="2024-06-24T21:14:20.519045" elapsed="0.003698"/>
</for>
<status status="PASS" start="2024-06-24T21:14:20.428459" elapsed="0.094422"/>
</kw>
<doc>Testa a estrutura da resposta da API.</doc>
<tag>testeEstruturaResposta</tag>
<status status="PASS" start="2024-06-24T21:14:20.427862" elapsed="0.095172"/>
</test>
<test id="s1-s1-t4" name="Validar tipos de dados" line="28">
<kw name="Teste de Tipos de Dados" owner="random-user-service">
<kw name="GET On Session" owner="RequestsLibrary">
<msg time="2024-06-24T21:14:20.575822" level="INFO">GET Request : url=https://randomuser.me/api 
 path_url=/api 
 headers={'User-Agent': 'python-requests/2.32.3', 'Accept-Encoding': 'gzip, deflate', 'Accept': '*/*', 'Connection': 'keep-alive'} 
 body=None 
 </msg>
<msg time="2024-06-24T21:14:20.575903" level="INFO">GET Response : url=https://randomuser.me/api 
 status=200, reason=OK 
 headers={'Date': 'Mon, 24 Jun 2024 21:14:20 GMT', 'Content-Type': 'application/json; charset=utf-8', 'Transfer-Encoding': 'chunked', 'Connection': 'keep-alive', 'X-Powered-By': 'Express', 'Access-Control-Allow-Origin': '*', 'Cache-Control': 'no-cache', 'ETag': 'W/"4b5-dVPu8mehhVq90RWE4D+v2cRnApE"', 'Vary': 'Accept-Encoding', 'Content-Encoding': 'gzip', 'CF-Cache-Status': 'DYNAMIC', 'Report-To': '{"endpoints":[{"url":"https:\\/\\/a.nel.cloudflare.com\\/report\\/v4?s=PZtBUDG8%2B2CCyxoi6Txj7Idmi0W3OGpQ5Y8knMLkDN2hokAnti4iX%2BR%2BmvU6wX1uhGgfwUKots30AvaUot3JLqhE3pZEoSjsYZ0HmaDHGYfQWjv6b%2FhJUsYSQ5ldNKtr"}],"group":"cf-nel","max_age":604800}', 'NEL': '{"success_fraction":0,"report_to":"cf-nel","max_age":604800}', 'Server': 'cloudflare', 'CF-RAY': '898fba164d6101ca-ORD', 'alt-svc': 'h3=":443"; ma=86400'} 
 body={"results":[{"gender":"male","name":{"title":"Monsieur","first":"Gérald","last":"Muller"},"location":{"street":{"number":2826,"name":"Rue de la Fontaine"},"city":"Penthaz","state":"Appenzell Ausserrhoden","country":"Switzerland","postcode":1715,"coordinates":{"latitude":"-62.2662","longitude":"-125.0817"},"timezone":{"offset":"-4:00","description":"Atlantic Time (Canada), Caracas, La Paz"}},"email":"gerald.muller@example.com","login":{"uuid":"5b44aa06-132a-4e1d-bb0d-a25919d129d7","username":"angrysnake669","password":"pirate","salt":"fmkO6eYB","md5":"4fc066fde05c0c0df314b65436ef4d7c","sha1":"efc2754f6eb0d826c91fcf7d582c07cf935a6abb","sha256":"b24a759afda8e5d9661303ab38dd8d9ee8b4913ec3b2e851f524481d4c9a0830"},"dob":{"date":"1954-10-20T04:26:20.426Z","age":69},"registered":{"date":"2009-08-15T18:21:57.815Z","age":14},"phone":"077 811 68 41","cell":"077 034 50 29","id":{"name":"AVS","value":"756.3085.9426.89"},"picture":{"large":"https://randomuser.me/api/portraits/men/60.jpg","medium":"https://randomuser.me/api/portraits/med/men/60.jpg","thumbnail":"https://randomuser.me/api/portraits/thumb/men/60.jpg"},"nat":"CH"}],"info":{"seed":"47c4021c09d48567","results":1,"page":1,"version":"1.4"}} 
 </msg>
<msg time="2024-06-24T21:14:20.575979" level="INFO">/opt/hostedtoolcache/Python/3.12.4/x64/lib/python3.12/site-packages/urllib3/connectionpool.py:1099: InsecureRequestWarning: Unverified HTTPS request is being made to host 'randomuser.me'. Adding certificate verification is strongly advised. See: https://urllib3.readthedocs.io/en/latest/advanced-usage.html#tls-warnings
  warnings.warn(</msg>
<msg time="2024-06-24T21:14:20.576090" level="INFO">${response} = &lt;Response [200]&gt;</msg>
<var>${response}</var>
<arg>consultarAPI</arg>
<arg>/api</arg>
<doc>Sends a GET request on a previously created HTTP Session.</doc>
<status status="PASS" start="2024-06-24T21:14:20.525628" elapsed="0.050513"/>
</kw>
<kw name="Set Variable" owner="BuiltIn">
<msg time="2024-06-24T21:14:20.577192" level="INFO">${json_data} = {'results': [{'gender': 'male', 'name': {'title': 'Monsieur', 'first': 'Gérald', 'last': 'Muller'}, 'location': {'street': {'number': 2826, 'name': 'Rue de la Fontaine'}, 'city': 'Penthaz', 'state': '...</msg>
<var>${json_data}</var>
<arg>${response.json()}</arg>
<doc>Returns the given values which can then be assigned to a variables.</doc>
<status status="PASS" start="2024-06-24T21:14:20.576641" elapsed="0.000579"/>
</kw>
<kw name="Log" owner="BuiltIn">
<msg time="2024-06-24T21:14:20.577690" level="INFO">{'results': [{'gender': 'male', 'name': {'title': 'Monsieur', 'first': 'Gérald', 'last': 'Muller'}, 'location': {'street': {'number': 2826, 'name': 'Rue de la Fontaine'}, 'city': 'Penthaz', 'state': 'Appenzell Ausserrhoden', 'country': 'Switzerland', 'postcode': 1715, 'coordinates': {'latitude': '-62.2662', 'longitude': '-125.0817'}, 'timezone': {'offset': '-4:00', 'description': 'Atlantic Time (Canada), Caracas, La Paz'}}, 'email': 'gerald.muller@example.com', 'login': {'uuid': '5b44aa06-132a-4e1d-bb0d-a25919d129d7', 'username': 'angrysnake669', 'password': 'pirate', 'salt': 'fmkO6eYB', 'md5': '4fc066fde05c0c0df314b65436ef4d7c', 'sha1': 'efc2754f6eb0d826c91fcf7d582c07cf935a6abb', 'sha256': 'b24a759afda8e5d9661303ab38dd8d9ee8b4913ec3b2e851f524481d4c9a0830'}, 'dob': {'date': '1954-10-20T04:26:20.426Z', 'age': 69}, 'registered': {'date': '2009-08-15T18:21:57.815Z', 'age': 14}, 'phone': '077 811 68 41', 'cell': '077 034 50 29', 'id': {'name': 'AVS', 'value': '756.3085.9426.89'}, 'picture': {'large': 'https://randomuser.me/api/portraits/men/60.jpg', 'medium': 'https://randomuser.me/api/portraits/med/men/60.jpg', 'thumbnail': 'https://randomuser.me/api/portraits/thumb/men/60.jpg'}, 'nat': 'CH'}], 'info': {'seed': '47c4021c09d48567', 'results': 1, 'page': 1, 'version': '1.4'}}</msg>
<arg>${json_data}</arg>
<doc>Logs the given message with the given level.</doc>
<status status="PASS" start="2024-06-24T21:14:20.577530" elapsed="0.000207"/>
</kw>
<kw name="Should Be String" owner="String">
<arg>${json_data['results'][0]['gender']}</arg>
<doc>Fails if the given ``item`` is not a string.</doc>
<status status="PASS" start="2024-06-24T21:14:20.578027" elapsed="0.000395"/>
</kw>
<kw name="Should Match Regexp" owner="BuiltIn">
<arg>${json_data['results'][0]['email']}</arg>
<arg>^[a-zA-Z0-9._%+-]+@[a-zA-Z0-9.-]+\.[a-zA-Z]{2,}$</arg>
<doc>Fails if ``string`` does not match ``pattern`` as a regular expression.</doc>
<status status="PASS" start="2024-06-24T21:14:20.578610" elapsed="0.000554"/>
</kw>
<kw name="Should Match Regexp" owner="BuiltIn">
<arg>${json_data['results'][0]['dob']['date']}</arg>
<arg>\\d{4}-\\d{2}-\\d{2}T\\d{2}:\\d{2}:\\d{2}\\.\\d{3}Z</arg>
<doc>Fails if ``string`` does not match ``pattern`` as a regular expression.</doc>
<status status="PASS" start="2024-06-24T21:14:20.579359" elapsed="0.000530"/>
</kw>
<kw name="Should Match Regexp" owner="BuiltIn">
<arg>${json_data['results'][0]['registered']['date']}</arg>
<arg>\\d{4}-\\d{2}-\\d{2}T\\d{2}:\\d{2}:\\d{2}\\.\\d{3}Z</arg>
<doc>Fails if ``string`` does not match ``pattern`` as a regular expression.</doc>
<status status="PASS" start="2024-06-24T21:14:20.580102" elapsed="0.000366"/>
</kw>
<kw name="Should Match Regexp" owner="BuiltIn">
<arg>${json_data['results'][0]['picture']['large']}</arg>
<arg>^https?://.*\.(?:png|jpe?g|gif|bmp)$</arg>
<doc>Fails if ``string`` does not match ``pattern`` as a regular expression.</doc>
<status status="PASS" start="2024-06-24T21:14:20.580659" elapsed="0.000451"/>
</kw>
<kw name="Should Match Regexp" owner="BuiltIn">
<arg>${json_data['results'][0]['picture']['medium']}</arg>
<arg>^https?://.*\.(?:png|jpe?g|gif|bmp)$</arg>
<doc>Fails if ``string`` does not match ``pattern`` as a regular expression.</doc>
<status status="PASS" start="2024-06-24T21:14:20.581301" elapsed="0.000351"/>
</kw>
<kw name="Should Match Regexp" owner="BuiltIn">
<arg>${json_data['results'][0]['picture']['thumbnail']}</arg>
<arg>^https?://.*\.(?:png|jpe?g|gif|bmp)$</arg>
<doc>Fails if ``string`` does not match ``pattern`` as a regular expression.</doc>
<status status="PASS" start="2024-06-24T21:14:20.581834" elapsed="0.000348"/>
</kw>
<kw name="Log" owner="BuiltIn">
<msg time="2024-06-24T21:14:20.582687" level="INFO">{'large': 'https://randomuser.me/api/portraits/men/60.jpg', 'medium': 'https://randomuser.me/api/portraits/med/men/60.jpg', 'thumbnail': 'https://randomuser.me/api/portraits/thumb/men/60.jpg'}</msg>
<arg>${json_data['results'][0]['picture']}</arg>
<doc>Logs the given message with the given level.</doc>
<status status="PASS" start="2024-06-24T21:14:20.582359" elapsed="0.000370"/>
</kw>
<status status="PASS" start="2024-06-24T21:14:20.525408" elapsed="0.057572"/>
</kw>
<kw name="Teste de Tipos de Dados - Postcode" owner="random-user-service">
<kw name="GET On Session" owner="RequestsLibrary">
<msg time="2024-06-24T21:14:20.678444" level="INFO">GET Request : url=https://randomuser.me/api 
 path_url=/api 
 headers={'User-Agent': 'python-requests/2.32.3', 'Accept-Encoding': 'gzip, deflate', 'Accept': '*/*', 'Connection': 'keep-alive'} 
 body=None 
 </msg>
<msg time="2024-06-24T21:14:20.678532" level="INFO">GET Response : url=https://randomuser.me/api 
 status=200, reason=OK 
 headers={'Date': 'Mon, 24 Jun 2024 21:14:20 GMT', 'Content-Type': 'application/json; charset=utf-8', 'Transfer-Encoding': 'chunked', 'Connection': 'keep-alive', 'X-Powered-By': 'Express', 'Access-Control-Allow-Origin': '*', 'Cache-Control': 'no-cache', 'ETag': 'W/"494-sds4KhJImrcU+FN3tdoDT6dz16U"', 'Vary': 'Accept-Encoding', 'Content-Encoding': 'gzip', 'CF-Cache-Status': 'DYNAMIC', 'Report-To': '{"endpoints":[{"url":"https:\\/\\/a.nel.cloudflare.com\\/report\\/v4?s=%2FgfMNHAd0VfWEJMqxNXpHayOkzGwUwCwGwIeHsk5DrBFOdN7efwrCqGvqSiVQrTEAC31QUq4vzJEV5uVxzMsHuEaVeIRI0SbxiXA%2FKJjljvQelRCXxHHeO96ix5Fy3Cf"}],"group":"cf-nel","max_age":604800}', 'NEL': '{"success_fraction":0,"report_to":"cf-nel","max_age":604800}', 'Server': 'cloudflare', 'CF-RAY': '898fba16ae0301ca-ORD', 'alt-svc': 'h3=":443"; ma=86400'} 
 body={"results":[{"gender":"female","name":{"title":"Miss","first":"Sylvana","last":"Markert"},"location":{"street":{"number":8282,"name":"Friedhofstraße"},"city":"Weinstadt","state":"Berlin","country":"Germany","postcode":38578,"coordinates":{"latitude":"-47.4844","longitude":"142.7039"},"timezone":{"offset":"-11:00","description":"Midway Island, Samoa"}},"email":"sylvana.markert@example.com","login":{"uuid":"e900d5e2-58f1-4632-8d59-55c685c6be9d","username":"organicgoose432","password":"flesh","salt":"I0eAnkW2","md5":"f00ce2d9e9beefc8896b2201c67ff948","sha1":"8204276fd8facba603b64946760740669129fc16","sha256":"9dd8c0ff291ec0fb7da8bc3f408074f79747fd5aec3810f9f586cf0ab7a137f0"},"dob":{"date":"1987-06-13T13:30:29.284Z","age":37},"registered":{"date":"2010-09-15T21:40:54.953Z","age":13},"phone":"0373-7858815","cell":"0179-1790844","id":{"name":"SVNR","value":"24 130687 M 792"},"picture":{"large":"https://randomuser.me/api/portraits/women/49.jpg","medium":"https://randomuser.me/api/portraits/med/women/49.jpg","thumbnail":"https://randomuser.me/api/portraits/thumb/women/49.jpg"},"nat":"DE"}],"info":{"seed":"899c86a70c725e74","results":1,"page":1,"version":"1.4"}} 
 </msg>
<msg time="2024-06-24T21:14:20.678598" level="INFO">/opt/hostedtoolcache/Python/3.12.4/x64/lib/python3.12/site-packages/urllib3/connectionpool.py:1099: InsecureRequestWarning: Unverified HTTPS request is being made to host 'randomuser.me'. Adding certificate verification is strongly advised. See: https://urllib3.readthedocs.io/en/latest/advanced-usage.html#tls-warnings
  warnings.warn(</msg>
<msg time="2024-06-24T21:14:20.678728" level="INFO">${response} = &lt;Response [200]&gt;</msg>
<var>${response}</var>
<arg>consultarAPI</arg>
<arg>/api</arg>
<doc>Sends a GET request on a previously created HTTP Session.</doc>
<status status="PASS" start="2024-06-24T21:14:20.583408" elapsed="0.095351"/>
</kw>
<kw name="Set Variable" owner="BuiltIn">
<msg time="2024-06-24T21:14:20.679910" level="INFO">${json_data} = {'results': [{'gender': 'female', 'name': {'title': 'Miss', 'first': 'Sylvana', 'last': 'Markert'}, 'location': {'street': {'number': 8282, 'name': 'Friedhofstraße'}, 'city': 'Weinstadt', 'state': 'Be...</msg>
<var>${json_data}</var>
<arg>${response.json()}</arg>
<doc>Returns the given values which can then be assigned to a variables.</doc>
<status status="PASS" start="2024-06-24T21:14:20.679340" elapsed="0.000602"/>
</kw>
<kw name="Log" owner="BuiltIn">
<msg time="2024-06-24T21:14:20.680428" level="INFO">{'results': [{'gender': 'female', 'name': {'title': 'Miss', 'first': 'Sylvana', 'last': 'Markert'}, 'location': {'street': {'number': 8282, 'name': 'Friedhofstraße'}, 'city': 'Weinstadt', 'state': 'Berlin', 'country': 'Germany', 'postcode': 38578, 'coordinates': {'latitude': '-47.4844', 'longitude': '142.7039'}, 'timezone': {'offset': '-11:00', 'description': 'Midway Island, Samoa'}}, 'email': 'sylvana.markert@example.com', 'login': {'uuid': 'e900d5e2-58f1-4632-8d59-55c685c6be9d', 'username': 'organicgoose432', 'password': 'flesh', 'salt': 'I0eAnkW2', 'md5': 'f00ce2d9e9beefc8896b2201c67ff948', 'sha1': '8204276fd8facba603b64946760740669129fc16', 'sha256': '9dd8c0ff291ec0fb7da8bc3f408074f79747fd5aec3810f9f586cf0ab7a137f0'}, 'dob': {'date': '1987-06-13T13:30:29.284Z', 'age': 37}, 'registered': {'date': '2010-09-15T21:40:54.953Z', 'age': 13}, 'phone': '0373-7858815', 'cell': '0179-1790844', 'id': {'name': 'SVNR', 'value': '24 130687 M 792'}, 'picture': {'large': 'https://randomuser.me/api/portraits/women/49.jpg', 'medium': 'https://randomuser.me/api/portraits/med/women/49.jpg', 'thumbnail': 'https://randomuser.me/api/portraits/thumb/women/49.jpg'}, 'nat': 'DE'}], 'info': {'seed': '899c86a70c725e74', 'results': 1, 'page': 1, 'version': '1.4'}}</msg>
<arg>${json_data}</arg>
<doc>Logs the given message with the given level.</doc>
<status status="PASS" start="2024-06-24T21:14:20.680271" elapsed="0.000205"/>
</kw>
<kw name="Should Be Equal As Numbers" owner="BuiltIn">
<arg>${json_data['results'][0]['location']['postcode']}</arg>
<arg>${json_data['results'][0]['location']['postcode']}</arg>
<doc>Fails if objects are unequal after converting them to real numbers.</doc>
<status status="PASS" start="2024-06-24T21:14:20.680772" elapsed="0.000616"/>
</kw>
<kw name="Log" owner="BuiltIn">
<msg time="2024-06-24T21:14:20.682112" level="INFO">38578</msg>
<arg>${json_data['results'][0]['location']['postcode']}</arg>
<doc>Logs the given message with the given level.</doc>
<status status="PASS" start="2024-06-24T21:14:20.681615" elapsed="0.000538"/>
</kw>
<status status="PASS" start="2024-06-24T21:14:20.583194" elapsed="0.099212"/>
</kw>
<doc>Testa se os tipos de dados na resposta da API estão corretos.</doc>
<tag>testeTiposDados</tag>
<status status="PASS" start="2024-06-24T21:14:20.524834" elapsed="0.157733"/>
</test>
<test id="s1-s1-t5" name="Validar conteudo" line="35">
<kw name="Teste de Tipos de Conteudo" owner="random-user-service">
<kw name="GET On Session" owner="RequestsLibrary">
<msg time="2024-06-24T21:14:20.778866" level="INFO">GET Request : url=https://randomuser.me/api 
 path_url=/api 
 headers={'User-Agent': 'python-requests/2.32.3', 'Accept-Encoding': 'gzip, deflate', 'Accept': '*/*', 'Connection': 'keep-alive'} 
 body=None 
 </msg>
<msg time="2024-06-24T21:14:20.778968" level="INFO">GET Response : url=https://randomuser.me/api 
 status=200, reason=OK 
 headers={'Date': 'Mon, 24 Jun 2024 21:14:20 GMT', 'Content-Type': 'application/json; charset=utf-8', 'Transfer-Encoding': 'chunked', 'Connection': 'keep-alive', 'X-Powered-By': 'Express', 'Access-Control-Allow-Origin': '*', 'Cache-Control': 'no-cache', 'ETag': 'W/"468-Qa55+gFFktKsfkzwwBNruqdT+OY"', 'Vary': 'Accept-Encoding', 'Content-Encoding': 'gzip', 'CF-Cache-Status': 'DYNAMIC', 'Report-To': '{"endpoints":[{"url":"https:\\/\\/a.nel.cloudflare.com\\/report\\/v4?s=XzTCE1rRSqSYEFC7E4IKdsMRN7eEa9ZYmpNvSLJf7LR8VvEtGcnxlm%2F5OkjS%2FZD1MAf6PW7gn6ZZSIfvlDdt2vMt1l5kVuoXGudTbX9pU3NyNr2EMNayr7zuXsY3z2oJ"}],"group":"cf-nel","max_age":604800}', 'NEL': '{"success_fraction":0,"report_to":"cf-nel","max_age":604800}', 'Server': 'cloudflare', 'CF-RAY': '898fba174f2201ca-ORD', 'alt-svc': 'h3=":443"; ma=86400'} 
 body={"results":[{"gender":"male","name":{"title":"Mr","first":"Angus","last":"Williams"},"location":{"street":{"number":7028,"name":"Tennent Drive"},"city":"Timaru","state":"Nelson","country":"New Zealand","postcode":67282,"coordinates":{"latitude":"48.1485","longitude":"-75.5708"},"timezone":{"offset":"-9:00","description":"Alaska"}},"email":"angus.williams@example.com","login":{"uuid":"1e2bdc7a-b543-4f08-9517-ffe8bcd64769","username":"bigkoala986","password":"elcamino","salt":"Uttm7cGf","md5":"830036f1f2de00900df7915dafb1d66f","sha1":"193fc3d61f9988cc0a757bd4a943af93729f86cb","sha256":"7fed5714e2860a0facb254547c6787c8716c3e038cca76541ac2f65a0e181dbb"},"dob":{"date":"1997-12-11T02:29:45.872Z","age":26},"registered":{"date":"2020-10-27T22:09:09.214Z","age":3},"phone":"(788)-334-4654","cell":"(303)-600-2612","id":{"name":"","value":null},"picture":{"large":"https://randomuser.me/api/portraits/men/55.jpg","medium":"https://randomuser.me/api/portraits/med/men/55.jpg","thumbnail":"https://randomuser.me/api/portraits/thumb/men/55.jpg"},"nat":"NZ"}],"info":{"seed":"c7d03460e987f5f5","results":1,"page":1,"version":"1.4"}} 
 </msg>
<msg time="2024-06-24T21:14:20.779046" level="INFO">/opt/hostedtoolcache/Python/3.12.4/x64/lib/python3.12/site-packages/urllib3/connectionpool.py:1099: InsecureRequestWarning: Unverified HTTPS request is being made to host 'randomuser.me'. Adding certificate verification is strongly advised. See: https://urllib3.readthedocs.io/en/latest/advanced-usage.html#tls-warnings
  warnings.warn(</msg>
<msg time="2024-06-24T21:14:20.779201" level="INFO">${response} = &lt;Response [200]&gt;</msg>
<var>${response}</var>
<arg>consultarAPI</arg>
<arg>/api</arg>
<doc>Sends a GET request on a previously created HTTP Session.</doc>
<status status="PASS" start="2024-06-24T21:14:20.685117" elapsed="0.094136"/>
</kw>
<kw name="Set Variable" owner="BuiltIn">
<msg time="2024-06-24T21:14:20.780316" level="INFO">${json_data} = {'results': [{'gender': 'male', 'name': {'title': 'Mr', 'first': 'Angus', 'last': 'Williams'}, 'location': {'street': {'number': 7028, 'name': 'Tennent Drive'}, 'city': 'Timaru', 'state': 'Nelson', 'c...</msg>
<var>${json_data}</var>
<arg>${response.json()}</arg>
<doc>Returns the given values which can then be assigned to a variables.</doc>
<status status="PASS" start="2024-06-24T21:14:20.779805" elapsed="0.000544"/>
</kw>
<kw name="Set Variable" owner="BuiltIn">
<msg time="2024-06-24T21:14:20.781050" level="INFO">${name_title} = Mr</msg>
<var>${name_title}</var>
<arg>${json_data["results"][0]["name"]["title"]}</arg>
<doc>Returns the given values which can then be assigned to a variables.</doc>
<status status="PASS" start="2024-06-24T21:14:20.780674" elapsed="0.000402"/>
</kw>
<kw name="Create List" owner="BuiltIn">
<msg time="2024-06-24T21:14:20.781517" level="INFO">${allowed_titles} = ['Mr', 'Ms', 'Miss', 'Mrs', 'Madame', 'Monsieur']</msg>
<var>${allowed_titles}</var>
<arg>Mr</arg>
<arg>Ms</arg>
<arg>Miss</arg>
<arg>Mrs</arg>
<arg>Madame</arg>
<arg>Monsieur</arg>
<doc>Returns a list containing given items.</doc>
<status status="PASS" start="2024-06-24T21:14:20.781369" elapsed="0.000173"/>
</kw>
<kw name="List Should Contain Value" owner="Collections">
<arg>${allowed_titles}</arg>
<arg>${name_title}</arg>
<doc>Fails if the ``value`` is not found from ``list``.</doc>
<status status="PASS" start="2024-06-24T21:14:20.781844" elapsed="0.000174"/>
</kw>
<kw name="Set Variable" owner="BuiltIn">
<msg time="2024-06-24T21:14:20.782559" level="INFO">${name_country} = NZ</msg>
<var>${name_country}</var>
<arg>${json_data["results"][0]["nat"]}</arg>
<doc>Returns the given values which can then be assigned to a variables.</doc>
<status status="PASS" start="2024-06-24T21:14:20.782194" elapsed="0.000390"/>
</kw>
<kw name="Create List" owner="BuiltIn">
<msg time="2024-06-24T21:14:20.783461" level="INFO">${list_country} = ['AD', 'AE', 'AF', 'AG', 'AI', 'AL', 'AM', 'AO', 'AQ', 'AR', 'AS', 'AT', 'AU', 'AW', 'AX', 'AZ', 'BA', 'BB', 'BD', 'BE', 'BF', 'BG', 'BH', 'BI', 'BJ', 'BL', 'BM', 'BN', 'BO', 'BQ', 'BR', 'BS', 'BT', '...</msg>
<var>${list_country}</var>
<arg>AD</arg>
<arg>AE</arg>
<arg>AF</arg>
<arg>AG</arg>
<arg>AI</arg>
<arg>AL</arg>
<arg>AM</arg>
<arg>AO</arg>
<arg>AQ</arg>
<arg>AR</arg>
<arg>AS</arg>
<arg>AT</arg>
<arg>AU</arg>
<arg>AW</arg>
<arg>AX</arg>
<arg>AZ</arg>
<arg>BA</arg>
<arg>BB</arg>
<arg>BD</arg>
<arg>BE</arg>
<arg>BF</arg>
<arg>BG</arg>
<arg>BH</arg>
<arg>BI</arg>
<arg>BJ</arg>
<arg>BL</arg>
<arg>BM</arg>
<arg>BN</arg>
<arg>BO</arg>
<arg>BQ</arg>
<arg>BR</arg>
<arg>BS</arg>
<arg>BT</arg>
<arg>BV</arg>
<arg>BW</arg>
<arg>BY</arg>
<arg>BZ</arg>
<arg>CA</arg>
<arg>CC</arg>
<arg>CD</arg>
<arg>CF</arg>
<arg>CG</arg>
<arg>CH</arg>
<arg>CI</arg>
<arg>CK</arg>
<arg>CL</arg>
<arg>CM</arg>
<arg>CN</arg>
<arg>CO</arg>
<arg>CR</arg>
<arg>CU</arg>
<arg>CV</arg>
<arg>CW</arg>
<arg>CX</arg>
<arg>CY</arg>
<arg>CZ</arg>
<arg>DE</arg>
<arg>DJ</arg>
<arg>DK</arg>
<arg>DM</arg>
<arg>DO</arg>
<arg>DZ</arg>
<arg>EC</arg>
<arg>EE</arg>
<arg>EG</arg>
<arg>EH</arg>
<arg>ER</arg>
<arg>ES</arg>
<arg>ET</arg>
<arg>FI</arg>
<arg>FJ</arg>
<arg>FK</arg>
<arg>FM</arg>
<arg>FO</arg>
<arg>FR</arg>
<arg>GA</arg>
<arg>GB</arg>
<arg>GD</arg>
<arg>GE</arg>
<arg>GF</arg>
<arg>GG</arg>
<arg>GH</arg>
<arg>GI</arg>
<arg>GL</arg>
<arg>GM</arg>
<arg>GN</arg>
<arg>GP</arg>
<arg>GQ</arg>
<arg>GR</arg>
<arg>GS</arg>
<arg>GT</arg>
<arg>GU</arg>
<arg>GW</arg>
<arg>GY</arg>
<arg>HK</arg>
<arg>HM</arg>
<arg>HN</arg>
<arg>HR</arg>
<arg>HT</arg>
<arg>HU</arg>
<arg>ID</arg>
<arg>IE</arg>
<arg>IL</arg>
<arg>IM</arg>
<arg>IN</arg>
<arg>IO</arg>
<arg>IQ</arg>
<arg>IR</arg>
<arg>IS</arg>
<arg>IT</arg>
<arg>JE</arg>
<arg>JM</arg>
<arg>JO</arg>
<arg>JP</arg>
<arg>KE</arg>
<arg>KG</arg>
<arg>KH</arg>
<arg>KI</arg>
<arg>KM</arg>
<arg>KN</arg>
<arg>KP</arg>
<arg>KR</arg>
<arg>KW</arg>
<arg>KY</arg>
<arg>KZ</arg>
<arg>LA</arg>
<arg>LB</arg>
<arg>LC</arg>
<arg>LI</arg>
<arg>LK</arg>
<arg>LR</arg>
<arg>LS</arg>
<arg>LT</arg>
<arg>LU</arg>
<arg>LV</arg>
<arg>LY</arg>
<arg>MA</arg>
<arg>MC</arg>
<arg>MD</arg>
<arg>ME</arg>
<arg>MF</arg>
<arg>MG</arg>
<arg>MH</arg>
<arg>MK</arg>
<arg>ML</arg>
<arg>MM</arg>
<arg>MN</arg>
<arg>MO</arg>
<arg>MP</arg>
<arg>MQ</arg>
<arg>MR</arg>
<arg>MS</arg>
<arg>MT</arg>
<arg>MU</arg>
<arg>MV</arg>
<arg>MW</arg>
<arg>MX</arg>
<arg>MY</arg>
<arg>MZ</arg>
<arg>NA</arg>
<arg>NC</arg>
<arg>NE</arg>
<arg>NF</arg>
<arg>NG</arg>
<arg>NI</arg>
<arg>NL</arg>
<arg>NO</arg>
<arg>NP</arg>
<arg>NR</arg>
<arg>NU</arg>
<arg>NZ</arg>
<arg>OM</arg>
<arg>PA</arg>
<arg>PE</arg>
<arg>PF</arg>
<arg>PG</arg>
<arg>PH</arg>
<arg>PK</arg>
<arg>PL</arg>
<arg>PM</arg>
<arg>PN</arg>
<arg>PR</arg>
<arg>PS</arg>
<arg>PT</arg>
<arg>PW</arg>
<arg>PY</arg>
<arg>QA</arg>
<arg>RE</arg>
<arg>RO</arg>
<arg>RS</arg>
<arg>RU</arg>
<arg>RW</arg>
<arg>SA</arg>
<arg>SB</arg>
<arg>SC</arg>
<arg>SD</arg>
<arg>SE</arg>
<arg>SG</arg>
<arg>SH</arg>
<arg>SI</arg>
<arg>SJ</arg>
<arg>SK</arg>
<arg>SL</arg>
<arg>SM</arg>
<arg>SN</arg>
<arg>SO</arg>
<arg>SR</arg>
<arg>SS</arg>
<arg>ST</arg>
<arg>SV</arg>
<arg>SX</arg>
<arg>SY</arg>
<arg>SZ</arg>
<arg>TC</arg>
<arg>TD</arg>
<arg>TF</arg>
<arg>TG</arg>
<arg>TH</arg>
<arg>TJ</arg>
<arg>TK</arg>
<arg>TL</arg>
<arg>TM</arg>
<arg>TN</arg>
<arg>TO</arg>
<arg>TR</arg>
<arg>TT</arg>
<arg>TV</arg>
<arg>TW</arg>
<arg>TZ</arg>
<arg>UA</arg>
<arg>UG</arg>
<arg>UM</arg>
<arg>US</arg>
<arg>UY</arg>
<arg>UZ</arg>
<arg>VA</arg>
<arg>VC</arg>
<arg>VE</arg>
<arg>VG</arg>
<arg>VI</arg>
<arg>VN</arg>
<arg>VU</arg>
<arg>WF</arg>
<arg>WS</arg>
<arg>XK</arg>
<arg>YE</arg>
<arg>YT</arg>
<arg>ZA</arg>
<arg>ZM</arg>
<arg>ZW</arg>
<doc>Returns a list containing given items.</doc>
<status status="PASS" start="2024-06-24T21:14:20.782870" elapsed="0.000616"/>
</kw>
<kw name="List Should Contain Value" owner="Collections">
<arg>${list_country}</arg>
<arg>${name_country}</arg>
<doc>Fails if the ``value`` is not found from ``list``.</doc>
<status status="PASS" start="2024-06-24T21:14:20.784322" elapsed="0.000200"/>
</kw>
<kw name="Run Keyword If" owner="BuiltIn">
<kw name="Should Be True" owner="BuiltIn">
<arg>${True}</arg>
<doc>Fails if the given condition is not true.</doc>
<status status="PASS" start="2024-06-24T21:14:20.785459" elapsed="0.000138"/>
</kw>
<arg>${json_data["results"][0]["location"]["coordinates"]["latitude"]} &gt;= -90 and ${json_data["results"][0]["location"]["coordinates"]["latitude"]} &lt;= 90</arg>
<arg>Should Be True</arg>
<arg>${True}</arg>
<doc>Runs the given keyword with the given arguments, if ``condition`` is true.</doc>
<status status="PASS" start="2024-06-24T21:14:20.784720" elapsed="0.000999"/>
</kw>
<kw name="Run Keyword If" owner="BuiltIn">
<kw name="Should Be True" owner="BuiltIn">
<arg>${True}</arg>
<doc>Fails if the given condition is not true.</doc>
<status status="PASS" start="2024-06-24T21:14:20.786586" elapsed="0.000237"/>
</kw>
<arg>${json_data["results"][0]["location"]["coordinates"]["longitude"]} &gt;= -180 and ${json_data["results"][0]["location"]["coordinates"]["longitude"]} &lt;= 180</arg>
<arg>Should Be True</arg>
<arg>${True}</arg>
<doc>Runs the given keyword with the given arguments, if ``condition`` is true.</doc>
<status status="PASS" start="2024-06-24T21:14:20.785896" elapsed="0.001053"/>
</kw>
<status status="PASS" start="2024-06-24T21:14:20.684896" elapsed="0.102182"/>
</kw>
<doc>Testa o conteúdo específico dos campos retornados pela API.</doc>
<tag>testeConteudo</tag>
<status status="PASS" start="2024-06-24T21:14:20.684376" elapsed="0.102850"/>
</test>
<status status="PASS" start="2024-06-24T21:14:19.615061" elapsed="1.174131"/>
</suite>
<status status="PASS" start="2024-06-24T21:14:19.600502" elapsed="1.193761"/>
</suite>
<statistics>
<total>
<stat pass="5" fail="0" skip="0">All Tests</stat>
</total>
<tag>
<stat pass="1" fail="0" skip="0">testeConteudo</stat>
<stat pass="1" fail="0" skip="0">testeEstruturaResposta</stat>
<stat pass="1" fail="0" skip="0">testeRequisicaoBasica</stat>
<stat pass="1" fail="0" skip="0">testeTiposDados</stat>
</tag>
<suite>
<stat pass="5" fail="0" skip="0" id="s1" name="Tests">Tests</stat>
<stat pass="5" fail="0" skip="0" id="s1-s1" name="Random-User-Test">Tests.Random-User-Test</stat>
</suite>
</statistics>
<errors>
</errors>
</robot>
