<?xml version="1.0" encoding="UTF-8"?>
<robot generator="Robot 7.0.1 (Python 3.12.4 on linux)" generated="2024-06-22T14:14:17.230242" rpa="false" schemaversion="5">
<suite id="s1" name="Tests" source="/home/runner/work/ApiRandomUser/ApiRandomUser/RamdonUser/tests">
<suite id="s1-s1" name="Random-User-Test" source="/home/runner/work/ApiRandomUser/ApiRandomUser/RamdonUser/tests/random-user-test.robot">
<test id="s1-s1-t1" name="Conectar" line="13">
<kw name="Conectar API" owner="random-user-service">
<kw name="Create Session" owner="RequestsLibrary">
<msg time="2024-06-22T14:14:17.651185" level="INFO">Creating Session using : alias=consultarAPI, url=https://randomuser.me/, headers={},                     cookies={}, auth=None, timeout=None, proxies=None, verify=False,                     debug=0 </msg>
<arg>consultarAPI</arg>
<arg>${URL}</arg>
<doc>Create Session: create a HTTP session to a server</doc>
<status status="PASS" start="2024-06-22T14:14:17.650976" elapsed="0.000383"/>
</kw>
<status status="PASS" start="2024-06-22T14:14:17.649974" elapsed="0.001754"/>
</kw>
<status status="PASS" start="2024-06-22T14:14:17.649392" elapsed="0.002533"/>
</test>
<test id="s1-s1-t2" name="Validar retorno 200 e JSON Válido" line="16">
<kw name="Teste de Requisicao Basica" owner="random-user-service">
<kw name="GET On Session" owner="RequestsLibrary">
<msg time="2024-06-22T14:14:17.845279" level="INFO">GET Request : url=https://randomuser.me/api 
 path_url=/api 
 headers={'User-Agent': 'python-requests/2.32.3', 'Accept-Encoding': 'gzip, deflate', 'Accept': '*/*', 'Connection': 'keep-alive'} 
 body=None 
 </msg>
<msg time="2024-06-22T14:14:17.845428" level="INFO">GET Response : url=https://randomuser.me/api 
 status=200, reason=OK 
 headers={'Date': 'Sat, 22 Jun 2024 14:14:17 GMT', 'Content-Type': 'application/json; charset=utf-8', 'Transfer-Encoding': 'chunked', 'Connection': 'keep-alive', 'X-Powered-By': 'Express', 'Access-Control-Allow-Origin': '*', 'Cache-Control': 'no-cache', 'ETag': 'W/"49c-qS3LCsMuxdqCWRvwsGpKl6pjiWw"', 'Vary': 'Accept-Encoding', 'Content-Encoding': 'gzip', 'CF-Cache-Status': 'DYNAMIC', 'Report-To': '{"endpoints":[{"url":"https:\\/\\/a.nel.cloudflare.com\\/report\\/v4?s=5oTmLO%2FdMRgia7Fu6kheaenkqZCql6AdmRGl%2F%2BMpU6p8Zc3jCXG4GbgD6gsYfwSUQVRRNMGurJmmFG5xPLxM0zKB8ynV%2BIC8i2rhNCRyLEeOt%2Bc1aAn%2BRpH3tF1NagwH"}],"group":"cf-nel","max_age":604800}', 'NEL': '{"success_fraction":0,"report_to":"cf-nel","max_age":604800}', 'Server': 'cloudflare', 'CF-RAY': '897cd8094cbe8722-ORD', 'alt-svc': 'h3=":443"; ma=86400'} 
 body={"results":[{"gender":"male","name":{"title":"Monsieur","first":"Antonino","last":"Rey"},"location":{"street":{"number":5848,"name":"Avenue du Château"},"city":"Gossau (Sg)","state":"Graubünden","country":"Switzerland","postcode":7062,"coordinates":{"latitude":"-58.7798","longitude":"-29.9283"},"timezone":{"offset":"-11:00","description":"Midway Island, Samoa"}},"email":"antonino.rey@example.com","login":{"uuid":"1d09056d-955d-4d17-b06b-691ea337529e","username":"greenostrich479","password":"1234qwer","salt":"Lww1ZfBR","md5":"f185b04d64b2a6bdedfa8813adb156f4","sha1":"bbaf69e0f0d0e503a92854e38803dd0ac2b5729e","sha256":"b542376ccccf99ca273cdf33a033e19c900f1d183fdb9c713870c7f06a92c1fe"},"dob":{"date":"1979-07-10T05:07:48.424Z","age":44},"registered":{"date":"2004-03-21T00:17:35.245Z","age":20},"phone":"076 243 15 99","cell":"075 097 89 18","id":{"name":"AVS","value":"756.0239.2261.24"},"picture":{"large":"https://randomuser.me/api/portraits/men/90.jpg","medium":"https://randomuser.me/api/portraits/med/men/90.jpg","thumbnail":"https://randomuser.me/api/portraits/thumb/men/90.jpg"},"nat":"CH"}],"info":{"seed":"5b8db71fcee41fd1","results":1,"page":1,"version":"1.4"}} 
 </msg>
<msg time="2024-06-22T14:14:17.845513" level="INFO">/opt/hostedtoolcache/Python/3.12.4/x64/lib/python3.12/site-packages/urllib3/connectionpool.py:1099: InsecureRequestWarning: Unverified HTTPS request is being made to host 'randomuser.me'. Adding certificate verification is strongly advised. See: https://urllib3.readthedocs.io/en/latest/advanced-usage.html#tls-warnings
  warnings.warn(</msg>
<msg time="2024-06-22T14:14:17.845650" level="INFO">${response} = &lt;Response [200]&gt;</msg>
<var>${response}</var>
<arg>consultarAPI</arg>
<arg>/api</arg>
<doc>Sends a GET request on a previously created HTTP Session.</doc>
<status status="PASS" start="2024-06-22T14:14:17.654795" elapsed="0.190898"/>
</kw>
<kw name="Should Be Equal As Numbers" owner="BuiltIn">
<msg time="2024-06-22T14:14:17.846688" level="INFO">Argument types are:
&lt;class 'int'&gt;
&lt;class 'str'&gt;</msg>
<arg>${response.status_code}</arg>
<arg>200</arg>
<doc>Fails if objects are unequal after converting them to real numbers.</doc>
<status status="PASS" start="2024-06-22T14:14:17.846223" elapsed="0.000533"/>
</kw>
<kw name="Log" owner="BuiltIn">
<msg time="2024-06-22T14:14:17.847425" level="INFO">200</msg>
<arg>${response.status_code}</arg>
<doc>Logs the given message with the given level.</doc>
<status status="PASS" start="2024-06-22T14:14:17.847072" elapsed="0.000405"/>
</kw>
<kw name="Set Variable" owner="BuiltIn">
<msg time="2024-06-22T14:14:17.848231" level="INFO">${json_data} = {'results': [{'gender': 'male', 'name': {'title': 'Monsieur', 'first': 'Antonino', 'last': 'Rey'}, 'location': {'street': {'number': 5848, 'name': 'Avenue du Château'}, 'city': 'Gossau (Sg)', 'state':...</msg>
<var>${json_data}</var>
<arg>${response.json()}</arg>
<doc>Returns the given values which can then be assigned to a variables.</doc>
<status status="PASS" start="2024-06-22T14:14:17.847783" elapsed="0.000480"/>
</kw>
<kw name="Dictionary Should Contain Key" owner="Collections">
<arg>${json_data}</arg>
<arg>results</arg>
<doc>Fails if ``key`` is not found from ``dictionary``.</doc>
<status status="PASS" start="2024-06-22T14:14:17.848566" elapsed="0.000163"/>
</kw>
<status status="PASS" start="2024-06-22T14:14:17.654536" elapsed="0.194343"/>
</kw>
<doc>Testa se a API responde corretamente e retorna um objeto JSON válido.</doc>
<tag>testeRequisicaoBasica</tag>
<status status="PASS" start="2024-06-22T14:14:17.653905" elapsed="0.195153"/>
</test>
<test id="s1-s1-t3" name="Validar estrutura de resposta" line="22">
<kw name="Teste de Estrutura de Resposta" owner="random-user-service">
<kw name="GET On Session" owner="RequestsLibrary">
<msg time="2024-06-22T14:14:17.951932" level="INFO">GET Request : url=https://randomuser.me/api 
 path_url=/api 
 headers={'User-Agent': 'python-requests/2.32.3', 'Accept-Encoding': 'gzip, deflate', 'Accept': '*/*', 'Connection': 'keep-alive'} 
 body=None 
 </msg>
<msg time="2024-06-22T14:14:17.952017" level="INFO">GET Response : url=https://randomuser.me/api 
 status=200, reason=OK 
 headers={'Date': 'Sat, 22 Jun 2024 14:14:17 GMT', 'Content-Type': 'application/json; charset=utf-8', 'Transfer-Encoding': 'chunked', 'Connection': 'keep-alive', 'X-Powered-By': 'Express', 'Access-Control-Allow-Origin': '*', 'Cache-Control': 'no-cache', 'ETag': 'W/"482-FmU5t1DNPiYCdUPmegp1BkEUznQ"', 'Vary': 'Accept-Encoding', 'Content-Encoding': 'gzip', 'CF-Cache-Status': 'DYNAMIC', 'Report-To': '{"endpoints":[{"url":"https:\\/\\/a.nel.cloudflare.com\\/report\\/v4?s=Cco2rSLE3U3v%2FaZToCpDkCxjtfs9bA6pVMrdHmqqLR%2BXQF0qKX5oZFB4ZcYl3aAGkMGq7gxHqvZDy%2F7MJrUO%2FiMpq01WNTcxJhN7bLFrOI40KXYU6vQnCXUgCo6%2FOh1V"}],"group":"cf-nel","max_age":604800}', 'NEL': '{"success_fraction":0,"report_to":"cf-nel","max_age":604800}', 'Server': 'cloudflare', 'CF-RAY': '897cd8099d118722-ORD', 'alt-svc': 'h3=":443"; ma=86400'} 
 body={"results":[{"gender":"female","name":{"title":"Ms","first":"Kayla","last":"Terry"},"location":{"street":{"number":3753,"name":"Denny Street"},"city":"Kilcoole","state":"Tipperary","country":"Ireland","postcode":64346,"coordinates":{"latitude":"3.7738","longitude":"170.2494"},"timezone":{"offset":"-8:00","description":"Pacific Time (US &amp; Canada)"}},"email":"kayla.terry@example.com","login":{"uuid":"9ee2627d-947d-4b98-8c72-5584738f35e1","username":"blackfrog420","password":"janine","salt":"sBYRKFdW","md5":"7f3b5d4b8f7537235049f6ee7756e438","sha1":"2fa39b36b94da891d3048a8260baa4f65591693e","sha256":"bfa8657c5a382c40cddbf4fdd8772bc76cd8b4167e388d33a070fee827e71e09"},"dob":{"date":"1974-07-31T12:02:18.181Z","age":49},"registered":{"date":"2007-07-02T15:14:03.154Z","age":16},"phone":"021-592-3908","cell":"081-905-8905","id":{"name":"PPS","value":"3325880T"},"picture":{"large":"https://randomuser.me/api/portraits/women/46.jpg","medium":"https://randomuser.me/api/portraits/med/women/46.jpg","thumbnail":"https://randomuser.me/api/portraits/thumb/women/46.jpg"},"nat":"IE"}],"info":{"seed":"0480babd6b924eee","results":1,"page":1,"version":"1.4"}} 
 </msg>
<msg time="2024-06-22T14:14:17.952130" level="INFO">/opt/hostedtoolcache/Python/3.12.4/x64/lib/python3.12/site-packages/urllib3/connectionpool.py:1099: InsecureRequestWarning: Unverified HTTPS request is being made to host 'randomuser.me'. Adding certificate verification is strongly advised. See: https://urllib3.readthedocs.io/en/latest/advanced-usage.html#tls-warnings
  warnings.warn(</msg>
<msg time="2024-06-22T14:14:17.952239" level="INFO">${response} = &lt;Response [200]&gt;</msg>
<var>${response}</var>
<arg>consultarAPI</arg>
<arg>/api</arg>
<doc>Sends a GET request on a previously created HTTP Session.</doc>
<status status="PASS" start="2024-06-22T14:14:17.851677" elapsed="0.100598"/>
</kw>
<kw name="Set Variable" owner="BuiltIn">
<msg time="2024-06-22T14:14:17.953254" level="INFO">${json_data} = {'results': [{'gender': 'female', 'name': {'title': 'Ms', 'first': 'Kayla', 'last': 'Terry'}, 'location': {'street': {'number': 3753, 'name': 'Denny Street'}, 'city': 'Kilcoole', 'state': 'Tipperary',...</msg>
<var>${json_data}</var>
<arg>${response.json()}</arg>
<doc>Returns the given values which can then be assigned to a variables.</doc>
<status status="PASS" start="2024-06-22T14:14:17.952721" elapsed="0.000562"/>
</kw>
<kw name="Log" owner="BuiltIn">
<msg time="2024-06-22T14:14:17.953746" level="INFO">{'results': [{'gender': 'female', 'name': {'title': 'Ms', 'first': 'Kayla', 'last': 'Terry'}, 'location': {'street': {'number': 3753, 'name': 'Denny Street'}, 'city': 'Kilcoole', 'state': 'Tipperary', 'country': 'Ireland', 'postcode': 64346, 'coordinates': {'latitude': '3.7738', 'longitude': '170.2494'}, 'timezone': {'offset': '-8:00', 'description': 'Pacific Time (US &amp; Canada)'}}, 'email': 'kayla.terry@example.com', 'login': {'uuid': '9ee2627d-947d-4b98-8c72-5584738f35e1', 'username': 'blackfrog420', 'password': 'janine', 'salt': 'sBYRKFdW', 'md5': '7f3b5d4b8f7537235049f6ee7756e438', 'sha1': '2fa39b36b94da891d3048a8260baa4f65591693e', 'sha256': 'bfa8657c5a382c40cddbf4fdd8772bc76cd8b4167e388d33a070fee827e71e09'}, 'dob': {'date': '1974-07-31T12:02:18.181Z', 'age': 49}, 'registered': {'date': '2007-07-02T15:14:03.154Z', 'age': 16}, 'phone': '021-592-3908', 'cell': '081-905-8905', 'id': {'name': 'PPS', 'value': '3325880T'}, 'picture': {'large': 'https://randomuser.me/api/portraits/women/46.jpg', 'medium': 'https://randomuser.me/api/portraits/med/women/46.jpg', 'thumbnail': 'https://randomuser.me/api/portraits/thumb/women/46.jpg'}, 'nat': 'IE'}], 'info': {'seed': '0480babd6b924eee', 'results': 1, 'page': 1, 'version': '1.4'}}</msg>
<arg>${json_data}</arg>
<doc>Logs the given message with the given level.</doc>
<status status="PASS" start="2024-06-22T14:14:17.953590" elapsed="0.000210"/>
</kw>
<kw name="Dictionary Should Contain Key" owner="Collections">
<arg>${json_data}</arg>
<arg>results</arg>
<doc>Fails if ``key`` is not found from ``dictionary``.</doc>
<status status="PASS" start="2024-06-22T14:14:17.954087" elapsed="0.000157"/>
</kw>
<kw name="Should Not Be Empty" owner="BuiltIn">
<msg time="2024-06-22T14:14:17.954546" level="INFO">Length is 2.</msg>
<arg>${json_data}</arg>
<doc>Verifies that the given item is not empty.</doc>
<status status="PASS" start="2024-06-22T14:14:17.954423" elapsed="0.000160"/>
</kw>
<kw name="Create List" owner="BuiltIn">
<msg time="2024-06-22T14:14:17.955163" level="INFO">${expected_keys} = ['gender', 'name', 'location', 'email', 'login']</msg>
<var>${expected_keys}</var>
<arg>gender</arg>
<arg>name</arg>
<arg>location</arg>
<arg>email</arg>
<arg>login</arg>
<doc>Returns a list containing given items.</doc>
<status status="PASS" start="2024-06-22T14:14:17.954870" elapsed="0.000317"/>
</kw>
<for flavor="IN">
<iter>
<kw name="Dictionary Should Contain Key" owner="Collections">
<arg>${json_data['results'][0]}</arg>
<arg>${key}</arg>
<doc>Fails if ``key`` is not found from ``dictionary``.</doc>
<status status="PASS" start="2024-06-22T14:14:17.955765" elapsed="0.000394"/>
</kw>
<kw name="Log" owner="BuiltIn">
<msg time="2024-06-22T14:14:17.956704" level="INFO">{'gender': 'female', 'name': {'title': 'Ms', 'first': 'Kayla', 'last': 'Terry'}, 'location': {'street': {'number': 3753, 'name': 'Denny Street'}, 'city': 'Kilcoole', 'state': 'Tipperary', 'country': 'Ireland', 'postcode': 64346, 'coordinates': {'latitude': '3.7738', 'longitude': '170.2494'}, 'timezone': {'offset': '-8:00', 'description': 'Pacific Time (US &amp; Canada)'}}, 'email': 'kayla.terry@example.com', 'login': {'uuid': '9ee2627d-947d-4b98-8c72-5584738f35e1', 'username': 'blackfrog420', 'password': 'janine', 'salt': 'sBYRKFdW', 'md5': '7f3b5d4b8f7537235049f6ee7756e438', 'sha1': '2fa39b36b94da891d3048a8260baa4f65591693e', 'sha256': 'bfa8657c5a382c40cddbf4fdd8772bc76cd8b4167e388d33a070fee827e71e09'}, 'dob': {'date': '1974-07-31T12:02:18.181Z', 'age': 49}, 'registered': {'date': '2007-07-02T15:14:03.154Z', 'age': 16}, 'phone': '021-592-3908', 'cell': '081-905-8905', 'id': {'name': 'PPS', 'value': '3325880T'}, 'picture': {'large': 'https://randomuser.me/api/portraits/women/46.jpg', 'medium': 'https://randomuser.me/api/portraits/med/women/46.jpg', 'thumbnail': 'https://randomuser.me/api/portraits/thumb/women/46.jpg'}, 'nat': 'IE'}</msg>
<arg>${json_data['results'][0]}</arg>
<doc>Logs the given message with the given level.</doc>
<status status="PASS" start="2024-06-22T14:14:17.956345" elapsed="0.000407"/>
</kw>
<kw name="Log" owner="BuiltIn">
<msg time="2024-06-22T14:14:17.957197" level="INFO">gender</msg>
<arg>${key}</arg>
<doc>Logs the given message with the given level.</doc>
<status status="PASS" start="2024-06-22T14:14:17.957049" elapsed="0.000187"/>
</kw>
<var name="${key}">gender</var>
<status status="PASS" start="2024-06-22T14:14:17.955643" elapsed="0.001815"/>
</iter>
<iter>
<kw name="Dictionary Should Contain Key" owner="Collections">
<arg>${json_data['results'][0]}</arg>
<arg>${key}</arg>
<doc>Fails if ``key`` is not found from ``dictionary``.</doc>
<status status="PASS" start="2024-06-22T14:14:17.957748" elapsed="0.000381"/>
</kw>
<kw name="Log" owner="BuiltIn">
<msg time="2024-06-22T14:14:17.958665" level="INFO">{'gender': 'female', 'name': {'title': 'Ms', 'first': 'Kayla', 'last': 'Terry'}, 'location': {'street': {'number': 3753, 'name': 'Denny Street'}, 'city': 'Kilcoole', 'state': 'Tipperary', 'country': 'Ireland', 'postcode': 64346, 'coordinates': {'latitude': '3.7738', 'longitude': '170.2494'}, 'timezone': {'offset': '-8:00', 'description': 'Pacific Time (US &amp; Canada)'}}, 'email': 'kayla.terry@example.com', 'login': {'uuid': '9ee2627d-947d-4b98-8c72-5584738f35e1', 'username': 'blackfrog420', 'password': 'janine', 'salt': 'sBYRKFdW', 'md5': '7f3b5d4b8f7537235049f6ee7756e438', 'sha1': '2fa39b36b94da891d3048a8260baa4f65591693e', 'sha256': 'bfa8657c5a382c40cddbf4fdd8772bc76cd8b4167e388d33a070fee827e71e09'}, 'dob': {'date': '1974-07-31T12:02:18.181Z', 'age': 49}, 'registered': {'date': '2007-07-02T15:14:03.154Z', 'age': 16}, 'phone': '021-592-3908', 'cell': '081-905-8905', 'id': {'name': 'PPS', 'value': '3325880T'}, 'picture': {'large': 'https://randomuser.me/api/portraits/women/46.jpg', 'medium': 'https://randomuser.me/api/portraits/med/women/46.jpg', 'thumbnail': 'https://randomuser.me/api/portraits/thumb/women/46.jpg'}, 'nat': 'IE'}</msg>
<arg>${json_data['results'][0]}</arg>
<doc>Logs the given message with the given level.</doc>
<status status="PASS" start="2024-06-22T14:14:17.958312" elapsed="0.000443"/>
</kw>
<kw name="Log" owner="BuiltIn">
<msg time="2024-06-22T14:14:17.959175" level="INFO">name</msg>
<arg>${key}</arg>
<doc>Logs the given message with the given level.</doc>
<status status="PASS" start="2024-06-22T14:14:17.959049" elapsed="0.000163"/>
</kw>
<var name="${key}">name</var>
<status status="PASS" start="2024-06-22T14:14:17.957639" elapsed="0.001786"/>
</iter>
<iter>
<kw name="Dictionary Should Contain Key" owner="Collections">
<arg>${json_data['results'][0]}</arg>
<arg>${key}</arg>
<doc>Fails if ``key`` is not found from ``dictionary``.</doc>
<status status="PASS" start="2024-06-22T14:14:17.959706" elapsed="0.000380"/>
</kw>
<kw name="Log" owner="BuiltIn">
<msg time="2024-06-22T14:14:17.960617" level="INFO">{'gender': 'female', 'name': {'title': 'Ms', 'first': 'Kayla', 'last': 'Terry'}, 'location': {'street': {'number': 3753, 'name': 'Denny Street'}, 'city': 'Kilcoole', 'state': 'Tipperary', 'country': 'Ireland', 'postcode': 64346, 'coordinates': {'latitude': '3.7738', 'longitude': '170.2494'}, 'timezone': {'offset': '-8:00', 'description': 'Pacific Time (US &amp; Canada)'}}, 'email': 'kayla.terry@example.com', 'login': {'uuid': '9ee2627d-947d-4b98-8c72-5584738f35e1', 'username': 'blackfrog420', 'password': 'janine', 'salt': 'sBYRKFdW', 'md5': '7f3b5d4b8f7537235049f6ee7756e438', 'sha1': '2fa39b36b94da891d3048a8260baa4f65591693e', 'sha256': 'bfa8657c5a382c40cddbf4fdd8772bc76cd8b4167e388d33a070fee827e71e09'}, 'dob': {'date': '1974-07-31T12:02:18.181Z', 'age': 49}, 'registered': {'date': '2007-07-02T15:14:03.154Z', 'age': 16}, 'phone': '021-592-3908', 'cell': '081-905-8905', 'id': {'name': 'PPS', 'value': '3325880T'}, 'picture': {'large': 'https://randomuser.me/api/portraits/women/46.jpg', 'medium': 'https://randomuser.me/api/portraits/med/women/46.jpg', 'thumbnail': 'https://randomuser.me/api/portraits/thumb/women/46.jpg'}, 'nat': 'IE'}</msg>
<arg>${json_data['results'][0]}</arg>
<doc>Logs the given message with the given level.</doc>
<status status="PASS" start="2024-06-22T14:14:17.960264" elapsed="0.000401"/>
</kw>
<kw name="Log" owner="BuiltIn">
<msg time="2024-06-22T14:14:17.961078" level="INFO">location</msg>
<arg>${key}</arg>
<doc>Logs the given message with the given level.</doc>
<status status="PASS" start="2024-06-22T14:14:17.960952" elapsed="0.000163"/>
</kw>
<var name="${key}">location</var>
<status status="PASS" start="2024-06-22T14:14:17.959600" elapsed="0.001774"/>
</iter>
<iter>
<kw name="Dictionary Should Contain Key" owner="Collections">
<arg>${json_data['results'][0]}</arg>
<arg>${key}</arg>
<doc>Fails if ``key`` is not found from ``dictionary``.</doc>
<status status="PASS" start="2024-06-22T14:14:17.961651" elapsed="0.000391"/>
</kw>
<kw name="Log" owner="BuiltIn">
<msg time="2024-06-22T14:14:17.962577" level="INFO">{'gender': 'female', 'name': {'title': 'Ms', 'first': 'Kayla', 'last': 'Terry'}, 'location': {'street': {'number': 3753, 'name': 'Denny Street'}, 'city': 'Kilcoole', 'state': 'Tipperary', 'country': 'Ireland', 'postcode': 64346, 'coordinates': {'latitude': '3.7738', 'longitude': '170.2494'}, 'timezone': {'offset': '-8:00', 'description': 'Pacific Time (US &amp; Canada)'}}, 'email': 'kayla.terry@example.com', 'login': {'uuid': '9ee2627d-947d-4b98-8c72-5584738f35e1', 'username': 'blackfrog420', 'password': 'janine', 'salt': 'sBYRKFdW', 'md5': '7f3b5d4b8f7537235049f6ee7756e438', 'sha1': '2fa39b36b94da891d3048a8260baa4f65591693e', 'sha256': 'bfa8657c5a382c40cddbf4fdd8772bc76cd8b4167e388d33a070fee827e71e09'}, 'dob': {'date': '1974-07-31T12:02:18.181Z', 'age': 49}, 'registered': {'date': '2007-07-02T15:14:03.154Z', 'age': 16}, 'phone': '021-592-3908', 'cell': '081-905-8905', 'id': {'name': 'PPS', 'value': '3325880T'}, 'picture': {'large': 'https://randomuser.me/api/portraits/women/46.jpg', 'medium': 'https://randomuser.me/api/portraits/med/women/46.jpg', 'thumbnail': 'https://randomuser.me/api/portraits/thumb/women/46.jpg'}, 'nat': 'IE'}</msg>
<arg>${json_data['results'][0]}</arg>
<doc>Logs the given message with the given level.</doc>
<status status="PASS" start="2024-06-22T14:14:17.962227" elapsed="0.000403"/>
</kw>
<kw name="Log" owner="BuiltIn">
<msg time="2024-06-22T14:14:17.963044" level="INFO">email</msg>
<arg>${key}</arg>
<doc>Logs the given message with the given level.</doc>
<status status="PASS" start="2024-06-22T14:14:17.962917" elapsed="0.000165"/>
</kw>
<var name="${key}">email</var>
<status status="PASS" start="2024-06-22T14:14:17.961546" elapsed="0.001747"/>
</iter>
<iter>
<kw name="Dictionary Should Contain Key" owner="Collections">
<arg>${json_data['results'][0]}</arg>
<arg>${key}</arg>
<doc>Fails if ``key`` is not found from ``dictionary``.</doc>
<status status="PASS" start="2024-06-22T14:14:17.963567" elapsed="0.000388"/>
</kw>
<kw name="Log" owner="BuiltIn">
<msg time="2024-06-22T14:14:17.964474" level="INFO">{'gender': 'female', 'name': {'title': 'Ms', 'first': 'Kayla', 'last': 'Terry'}, 'location': {'street': {'number': 3753, 'name': 'Denny Street'}, 'city': 'Kilcoole', 'state': 'Tipperary', 'country': 'Ireland', 'postcode': 64346, 'coordinates': {'latitude': '3.7738', 'longitude': '170.2494'}, 'timezone': {'offset': '-8:00', 'description': 'Pacific Time (US &amp; Canada)'}}, 'email': 'kayla.terry@example.com', 'login': {'uuid': '9ee2627d-947d-4b98-8c72-5584738f35e1', 'username': 'blackfrog420', 'password': 'janine', 'salt': 'sBYRKFdW', 'md5': '7f3b5d4b8f7537235049f6ee7756e438', 'sha1': '2fa39b36b94da891d3048a8260baa4f65591693e', 'sha256': 'bfa8657c5a382c40cddbf4fdd8772bc76cd8b4167e388d33a070fee827e71e09'}, 'dob': {'date': '1974-07-31T12:02:18.181Z', 'age': 49}, 'registered': {'date': '2007-07-02T15:14:03.154Z', 'age': 16}, 'phone': '021-592-3908', 'cell': '081-905-8905', 'id': {'name': 'PPS', 'value': '3325880T'}, 'picture': {'large': 'https://randomuser.me/api/portraits/women/46.jpg', 'medium': 'https://randomuser.me/api/portraits/med/women/46.jpg', 'thumbnail': 'https://randomuser.me/api/portraits/thumb/women/46.jpg'}, 'nat': 'IE'}</msg>
<arg>${json_data['results'][0]}</arg>
<doc>Logs the given message with the given level.</doc>
<status status="PASS" start="2024-06-22T14:14:17.964133" elapsed="0.000398"/>
</kw>
<kw name="Log" owner="BuiltIn">
<msg time="2024-06-22T14:14:17.964946" level="INFO">login</msg>
<arg>${key}</arg>
<doc>Logs the given message with the given level.</doc>
<status status="PASS" start="2024-06-22T14:14:17.964820" elapsed="0.000162"/>
</kw>
<var name="${key}">login</var>
<status status="PASS" start="2024-06-22T14:14:17.963462" elapsed="0.001759"/>
</iter>
<var>${key}</var>
<value>@{expected_keys}</value>
<status status="PASS" start="2024-06-22T14:14:17.955449" elapsed="0.009891"/>
</for>
<kw name="Create List" owner="BuiltIn">
<msg time="2024-06-22T14:14:17.965655" level="INFO">${expected_keysTwo} = ['username', 'password']</msg>
<var>${expected_keysTwo}</var>
<arg>username</arg>
<arg>password</arg>
<doc>Returns a list containing given items.</doc>
<status status="PASS" start="2024-06-22T14:14:17.965523" elapsed="0.000155"/>
</kw>
<for flavor="IN">
<iter>
<kw name="Dictionary Should Contain Key" owner="Collections">
<arg>${json_data['results'][0]['login']}</arg>
<arg>${keyTwo}</arg>
<doc>Fails if ``key`` is not found from ``dictionary``.</doc>
<status status="PASS" start="2024-06-22T14:14:17.966195" elapsed="0.000380"/>
</kw>
<kw name="Dictionary Should Contain Key" owner="Collections">
<arg>${json_data['results'][0]['login']}</arg>
<arg>${keyTwo}</arg>
<doc>Fails if ``key`` is not found from ``dictionary``.</doc>
<status status="PASS" start="2024-06-22T14:14:17.966757" elapsed="0.000371"/>
</kw>
<kw name="Log" owner="BuiltIn">
<msg time="2024-06-22T14:14:17.967420" level="INFO">username</msg>
<arg>${keyTwo}</arg>
<doc>Logs the given message with the given level.</doc>
<status status="PASS" start="2024-06-22T14:14:17.967303" elapsed="0.000154"/>
</kw>
<var name="${keyTwo}">username</var>
<status status="PASS" start="2024-06-22T14:14:17.966090" elapsed="0.001588"/>
</iter>
<iter>
<kw name="Dictionary Should Contain Key" owner="Collections">
<arg>${json_data['results'][0]['login']}</arg>
<arg>${keyTwo}</arg>
<doc>Fails if ``key`` is not found from ``dictionary``.</doc>
<status status="PASS" start="2024-06-22T14:14:17.967952" elapsed="0.000382"/>
</kw>
<kw name="Dictionary Should Contain Key" owner="Collections">
<arg>${json_data['results'][0]['login']}</arg>
<arg>${keyTwo}</arg>
<doc>Fails if ``key`` is not found from ``dictionary``.</doc>
<status status="PASS" start="2024-06-22T14:14:17.968508" elapsed="0.000371"/>
</kw>
<kw name="Log" owner="BuiltIn">
<msg time="2024-06-22T14:14:17.969208" level="INFO">password</msg>
<arg>${keyTwo}</arg>
<doc>Logs the given message with the given level.</doc>
<status status="PASS" start="2024-06-22T14:14:17.969053" elapsed="0.000205"/>
</kw>
<var name="${keyTwo}">password</var>
<status status="PASS" start="2024-06-22T14:14:17.967848" elapsed="0.001722"/>
</iter>
<var>${keyTwo}</var>
<value>@{expected_keysTwo}</value>
<status status="PASS" start="2024-06-22T14:14:17.965938" elapsed="0.003752"/>
</for>
<status status="PASS" start="2024-06-22T14:14:17.851444" elapsed="0.118385"/>
</kw>
<doc>Testa a estrutura da resposta da API.</doc>
<tag>testeEstruturaResposta</tag>
<status status="PASS" start="2024-06-22T14:14:17.850955" elapsed="0.119024"/>
</test>
<test id="s1-s1-t4" name="Validar tipos de dados" line="28">
<kw name="Teste de Tipos de Dados" owner="random-user-service">
<kw name="GET On Session" owner="RequestsLibrary">
<msg time="2024-06-22T14:14:18.045620" level="INFO">GET Request : url=https://randomuser.me/api 
 path_url=/api 
 headers={'User-Agent': 'python-requests/2.32.3', 'Accept-Encoding': 'gzip, deflate', 'Accept': '*/*', 'Connection': 'keep-alive'} 
 body=None 
 </msg>
<msg time="2024-06-22T14:14:18.045699" level="INFO">GET Response : url=https://randomuser.me/api 
 status=200, reason=OK 
 headers={'Date': 'Sat, 22 Jun 2024 14:14:18 GMT', 'Content-Type': 'application/json; charset=utf-8', 'Transfer-Encoding': 'chunked', 'Connection': 'keep-alive', 'X-Powered-By': 'Express', 'Access-Control-Allow-Origin': '*', 'Cache-Control': 'no-cache', 'ETag': 'W/"49e-uTfn1bQX7LOXVvMjG3zwg8eROgE"', 'Vary': 'Accept-Encoding', 'Content-Encoding': 'gzip', 'CF-Cache-Status': 'DYNAMIC', 'Report-To': '{"endpoints":[{"url":"https:\\/\\/a.nel.cloudflare.com\\/report\\/v4?s=8cWlFUMS6t2mQnIt2mukGHUdqR6UBK1oaXTfgoFhhfOiBpn%2F7LThM2qJmtZ2dBZxG2GHllFaj01UGbPnnYNScbrm5w6tttdBGqB4Xrc6gDtCBkIRsLltSKlimAzNGDuO"}],"group":"cf-nel","max_age":604800}', 'NEL': '{"success_fraction":0,"report_to":"cf-nel","max_age":604800}', 'Server': 'cloudflare', 'CF-RAY': '897cd80a5e0e8722-ORD', 'alt-svc': 'h3=":443"; ma=86400'} 
 body={"results":[{"gender":"female","name":{"title":"Mrs","first":"Charlene","last":"Mckinney"},"location":{"street":{"number":6225,"name":"Poplar Dr"},"city":"Lewiston","state":"Nevada","country":"United States","postcode":50989,"coordinates":{"latitude":"82.2970","longitude":"132.8446"},"timezone":{"offset":"+4:00","description":"Abu Dhabi, Muscat, Baku, Tbilisi"}},"email":"charlene.mckinney@example.com","login":{"uuid":"298a9a78-7fc4-40a5-a986-0ec2149f591d","username":"happybear929","password":"letmein","salt":"9VsdPvAJ","md5":"cbf318319709a266ef376f68d486513e","sha1":"1e9f060ede8d0d0c82142aaf7b0e2f923ea120b2","sha256":"4807d774f5d39506b5025b20767e85e2879eabd33d5c83bc2d71123983a7ca49"},"dob":{"date":"1989-05-27T19:41:40.615Z","age":35},"registered":{"date":"2005-04-10T12:55:55.943Z","age":19},"phone":"(469) 450-8390","cell":"(304) 936-4614","id":{"name":"SSN","value":"335-05-4016"},"picture":{"large":"https://randomuser.me/api/portraits/women/11.jpg","medium":"https://randomuser.me/api/portraits/med/women/11.jpg","thumbnail":"https://randomuser.me/api/portraits/thumb/women/11.jpg"},"nat":"US"}],"info":{"seed":"0609027b0f8ba2f1","results":1,"page":1,"version":"1.4"}} 
 </msg>
<msg time="2024-06-22T14:14:18.045763" level="INFO">/opt/hostedtoolcache/Python/3.12.4/x64/lib/python3.12/site-packages/urllib3/connectionpool.py:1099: InsecureRequestWarning: Unverified HTTPS request is being made to host 'randomuser.me'. Adding certificate verification is strongly advised. See: https://urllib3.readthedocs.io/en/latest/advanced-usage.html#tls-warnings
  warnings.warn(</msg>
<msg time="2024-06-22T14:14:18.045867" level="INFO">${response} = &lt;Response [200]&gt;</msg>
<var>${response}</var>
<arg>consultarAPI</arg>
<arg>/api</arg>
<doc>Sends a GET request on a previously created HTTP Session.</doc>
<status status="PASS" start="2024-06-22T14:14:17.972415" elapsed="0.073477"/>
</kw>
<kw name="Set Variable" owner="BuiltIn">
<msg time="2024-06-22T14:14:18.046864" level="INFO">${json_data} = {'results': [{'gender': 'female', 'name': {'title': 'Mrs', 'first': 'Charlene', 'last': 'Mckinney'}, 'location': {'street': {'number': 6225, 'name': 'Poplar Dr'}, 'city': 'Lewiston', 'state': 'Nevada'...</msg>
<var>${json_data}</var>
<arg>${response.json()}</arg>
<doc>Returns the given values which can then be assigned to a variables.</doc>
<status status="PASS" start="2024-06-22T14:14:18.046367" elapsed="0.000526"/>
</kw>
<kw name="Log" owner="BuiltIn">
<msg time="2024-06-22T14:14:18.047368" level="INFO">{'results': [{'gender': 'female', 'name': {'title': 'Mrs', 'first': 'Charlene', 'last': 'Mckinney'}, 'location': {'street': {'number': 6225, 'name': 'Poplar Dr'}, 'city': 'Lewiston', 'state': 'Nevada', 'country': 'United States', 'postcode': 50989, 'coordinates': {'latitude': '82.2970', 'longitude': '132.8446'}, 'timezone': {'offset': '+4:00', 'description': 'Abu Dhabi, Muscat, Baku, Tbilisi'}}, 'email': 'charlene.mckinney@example.com', 'login': {'uuid': '298a9a78-7fc4-40a5-a986-0ec2149f591d', 'username': 'happybear929', 'password': 'letmein', 'salt': '9VsdPvAJ', 'md5': 'cbf318319709a266ef376f68d486513e', 'sha1': '1e9f060ede8d0d0c82142aaf7b0e2f923ea120b2', 'sha256': '4807d774f5d39506b5025b20767e85e2879eabd33d5c83bc2d71123983a7ca49'}, 'dob': {'date': '1989-05-27T19:41:40.615Z', 'age': 35}, 'registered': {'date': '2005-04-10T12:55:55.943Z', 'age': 19}, 'phone': '(469) 450-8390', 'cell': '(304) 936-4614', 'id': {'name': 'SSN', 'value': '335-05-4016'}, 'picture': {'large': 'https://randomuser.me/api/portraits/women/11.jpg', 'medium': 'https://randomuser.me/api/portraits/med/women/11.jpg', 'thumbnail': 'https://randomuser.me/api/portraits/thumb/women/11.jpg'}, 'nat': 'US'}], 'info': {'seed': '0609027b0f8ba2f1', 'results': 1, 'page': 1, 'version': '1.4'}}</msg>
<arg>${json_data}</arg>
<doc>Logs the given message with the given level.</doc>
<status status="PASS" start="2024-06-22T14:14:18.047210" elapsed="0.000204"/>
</kw>
<kw name="Should Be String" owner="String">
<arg>${json_data['results'][0]['gender']}</arg>
<doc>Fails if the given ``item`` is not a string.</doc>
<status status="PASS" start="2024-06-22T14:14:18.047706" elapsed="0.000370"/>
</kw>
<kw name="Should Match Regexp" owner="BuiltIn">
<arg>${json_data['results'][0]['email']}</arg>
<arg>^[a-zA-Z0-9._%+-]+@[a-zA-Z0-9.-]+\.[a-zA-Z]{2,}$</arg>
<doc>Fails if ``string`` does not match ``pattern`` as a regular expression.</doc>
<status status="PASS" start="2024-06-22T14:14:18.048269" elapsed="0.000518"/>
</kw>
<kw name="Should Match Regexp" owner="BuiltIn">
<arg>${json_data['results'][0]['dob']['date']}</arg>
<arg>\\d{4}-\\d{2}-\\d{2}T\\d{2}:\\d{2}:\\d{2}\\.\\d{3}Z</arg>
<doc>Fails if ``string`` does not match ``pattern`` as a regular expression.</doc>
<status status="PASS" start="2024-06-22T14:14:18.049016" elapsed="0.000541"/>
</kw>
<kw name="Should Match Regexp" owner="BuiltIn">
<arg>${json_data['results'][0]['registered']['date']}</arg>
<arg>\\d{4}-\\d{2}-\\d{2}T\\d{2}:\\d{2}:\\d{2}\\.\\d{3}Z</arg>
<doc>Fails if ``string`` does not match ``pattern`` as a regular expression.</doc>
<status status="PASS" start="2024-06-22T14:14:18.049748" elapsed="0.000393"/>
</kw>
<kw name="Should Match Regexp" owner="BuiltIn">
<arg>${json_data['results'][0]['picture']['large']}</arg>
<arg>^https?://.*\.(?:png|jpe?g|gif|bmp)$</arg>
<doc>Fails if ``string`` does not match ``pattern`` as a regular expression.</doc>
<status status="PASS" start="2024-06-22T14:14:18.050343" elapsed="0.000494"/>
</kw>
<kw name="Should Match Regexp" owner="BuiltIn">
<arg>${json_data['results'][0]['picture']['medium']}</arg>
<arg>^https?://.*\.(?:png|jpe?g|gif|bmp)$</arg>
<doc>Fails if ``string`` does not match ``pattern`` as a regular expression.</doc>
<status status="PASS" start="2024-06-22T14:14:18.051080" elapsed="0.000363"/>
</kw>
<kw name="Should Match Regexp" owner="BuiltIn">
<arg>${json_data['results'][0]['picture']['thumbnail']}</arg>
<arg>^https?://.*\.(?:png|jpe?g|gif|bmp)$</arg>
<doc>Fails if ``string`` does not match ``pattern`` as a regular expression.</doc>
<status status="PASS" start="2024-06-22T14:14:18.051627" elapsed="0.000359"/>
</kw>
<kw name="Log" owner="BuiltIn">
<msg time="2024-06-22T14:14:18.052510" level="INFO">{'large': 'https://randomuser.me/api/portraits/women/11.jpg', 'medium': 'https://randomuser.me/api/portraits/med/women/11.jpg', 'thumbnail': 'https://randomuser.me/api/portraits/thumb/women/11.jpg'}</msg>
<arg>${json_data['results'][0]['picture']}</arg>
<doc>Logs the given message with the given level.</doc>
<status status="PASS" start="2024-06-22T14:14:18.052165" elapsed="0.000386"/>
</kw>
<status status="PASS" start="2024-06-22T14:14:17.972195" elapsed="0.080612"/>
</kw>
<kw name="Teste de Tipos de Dados - Postcode" owner="random-user-service">
<kw name="GET On Session" owner="RequestsLibrary">
<msg time="2024-06-22T14:14:18.147091" level="INFO">GET Request : url=https://randomuser.me/api 
 path_url=/api 
 headers={'User-Agent': 'python-requests/2.32.3', 'Accept-Encoding': 'gzip, deflate', 'Accept': '*/*', 'Connection': 'keep-alive'} 
 body=None 
 </msg>
<msg time="2024-06-22T14:14:18.147195" level="INFO">GET Response : url=https://randomuser.me/api 
 status=200, reason=OK 
 headers={'Date': 'Sat, 22 Jun 2024 14:14:18 GMT', 'Content-Type': 'application/json; charset=utf-8', 'Transfer-Encoding': 'chunked', 'Connection': 'keep-alive', 'X-Powered-By': 'Express', 'Access-Control-Allow-Origin': '*', 'Cache-Control': 'no-cache', 'ETag': 'W/"46a-5Ucr7Z2ONqdG4BS5ZJFQZV5suEo"', 'Vary': 'Accept-Encoding', 'Content-Encoding': 'gzip', 'CF-Cache-Status': 'DYNAMIC', 'Report-To': '{"endpoints":[{"url":"https:\\/\\/a.nel.cloudflare.com\\/report\\/v4?s=mmxly%2F8do3cZV%2FXqGCiVM28%2BzOUPU6xqRRRArV6hPoZivoRpIBz0q6Sr62psRMnZ6FT92Y6wIIdhWi9s6yjNkH2lgiD7XpVWmxFQK%2FheH86T2eS7NS5L5iSEgEY6VREN"}],"group":"cf-nel","max_age":604800}', 'NEL': '{"success_fraction":0,"report_to":"cf-nel","max_age":604800}', 'Server': 'cloudflare', 'CF-RAY': '897cd80adecc8722-ORD', 'alt-svc': 'h3=":443"; ma=86400'} 
 body={"results":[{"gender":"male","name":{"title":"Mr","first":"Roland","last":"Chambers"},"location":{"street":{"number":1930,"name":"South Street"},"city":"Dublin","state":"Louth","country":"Ireland","postcode":96992,"coordinates":{"latitude":"-2.2376","longitude":"-28.4671"},"timezone":{"offset":"-9:00","description":"Alaska"}},"email":"roland.chambers@example.com","login":{"uuid":"d213b59f-25db-470d-888f-88daff626333","username":"orangewolf595","password":"kaitlyn","salt":"iv2SEd1F","md5":"a75407ec64848173e2493ec11fe7169c","sha1":"628e0859589bf73278aa095450c72b2cd0b53118","sha256":"25a50b1b58956900d955c31bb2276dc875ffff13480be9dab0778b6032208e31"},"dob":{"date":"1973-06-18T07:53:40.026Z","age":51},"registered":{"date":"2019-11-03T17:47:23.781Z","age":4},"phone":"071-941-4222","cell":"081-164-9981","id":{"name":"PPS","value":"5483822T"},"picture":{"large":"https://randomuser.me/api/portraits/men/66.jpg","medium":"https://randomuser.me/api/portraits/med/men/66.jpg","thumbnail":"https://randomuser.me/api/portraits/thumb/men/66.jpg"},"nat":"IE"}],"info":{"seed":"a2d7cba02f2508a2","results":1,"page":1,"version":"1.4"}} 
 </msg>
<msg time="2024-06-22T14:14:18.147272" level="INFO">/opt/hostedtoolcache/Python/3.12.4/x64/lib/python3.12/site-packages/urllib3/connectionpool.py:1099: InsecureRequestWarning: Unverified HTTPS request is being made to host 'randomuser.me'. Adding certificate verification is strongly advised. See: https://urllib3.readthedocs.io/en/latest/advanced-usage.html#tls-warnings
  warnings.warn(</msg>
<msg time="2024-06-22T14:14:18.147411" level="INFO">${response} = &lt;Response [200]&gt;</msg>
<var>${response}</var>
<arg>consultarAPI</arg>
<arg>/api</arg>
<doc>Sends a GET request on a previously created HTTP Session.</doc>
<status status="PASS" start="2024-06-22T14:14:18.053295" elapsed="0.094162"/>
</kw>
<kw name="Set Variable" owner="BuiltIn">
<msg time="2024-06-22T14:14:18.148668" level="INFO">${json_data} = {'results': [{'gender': 'male', 'name': {'title': 'Mr', 'first': 'Roland', 'last': 'Chambers'}, 'location': {'street': {'number': 1930, 'name': 'South Street'}, 'city': 'Dublin', 'state': 'Louth', 'co...</msg>
<var>${json_data}</var>
<arg>${response.json()}</arg>
<doc>Returns the given values which can then be assigned to a variables.</doc>
<status status="PASS" start="2024-06-22T14:14:18.148077" elapsed="0.000619"/>
</kw>
<kw name="Log" owner="BuiltIn">
<msg time="2024-06-22T14:14:18.149186" level="INFO">{'results': [{'gender': 'male', 'name': {'title': 'Mr', 'first': 'Roland', 'last': 'Chambers'}, 'location': {'street': {'number': 1930, 'name': 'South Street'}, 'city': 'Dublin', 'state': 'Louth', 'country': 'Ireland', 'postcode': 96992, 'coordinates': {'latitude': '-2.2376', 'longitude': '-28.4671'}, 'timezone': {'offset': '-9:00', 'description': 'Alaska'}}, 'email': 'roland.chambers@example.com', 'login': {'uuid': 'd213b59f-25db-470d-888f-88daff626333', 'username': 'orangewolf595', 'password': 'kaitlyn', 'salt': 'iv2SEd1F', 'md5': 'a75407ec64848173e2493ec11fe7169c', 'sha1': '628e0859589bf73278aa095450c72b2cd0b53118', 'sha256': '25a50b1b58956900d955c31bb2276dc875ffff13480be9dab0778b6032208e31'}, 'dob': {'date': '1973-06-18T07:53:40.026Z', 'age': 51}, 'registered': {'date': '2019-11-03T17:47:23.781Z', 'age': 4}, 'phone': '071-941-4222', 'cell': '081-164-9981', 'id': {'name': 'PPS', 'value': '5483822T'}, 'picture': {'large': 'https://randomuser.me/api/portraits/men/66.jpg', 'medium': 'https://randomuser.me/api/portraits/med/men/66.jpg', 'thumbnail': 'https://randomuser.me/api/portraits/thumb/men/66.jpg'}, 'nat': 'IE'}], 'info': {'seed': 'a2d7cba02f2508a2', 'results': 1, 'page': 1, 'version': '1.4'}}</msg>
<arg>${json_data}</arg>
<doc>Logs the given message with the given level.</doc>
<status status="PASS" start="2024-06-22T14:14:18.148998" elapsed="0.000243"/>
</kw>
<kw name="Should Be Equal As Numbers" owner="BuiltIn">
<arg>${json_data['results'][0]['location']['postcode']}</arg>
<arg>${json_data['results'][0]['location']['postcode']}</arg>
<doc>Fails if objects are unequal after converting them to real numbers.</doc>
<status status="PASS" start="2024-06-22T14:14:18.149546" elapsed="0.000626"/>
</kw>
<kw name="Log" owner="BuiltIn">
<msg time="2024-06-22T14:14:18.150853" level="INFO">96992</msg>
<arg>${json_data['results'][0]['location']['postcode']}</arg>
<doc>Logs the given message with the given level.</doc>
<status status="PASS" start="2024-06-22T14:14:18.150358" elapsed="0.000535"/>
</kw>
<status status="PASS" start="2024-06-22T14:14:18.053034" elapsed="0.098142"/>
</kw>
<doc>Testa se os tipos de dados na resposta da API estão corretos.</doc>
<tag>testeTiposDados</tag>
<status status="PASS" start="2024-06-22T14:14:17.971731" elapsed="0.179614"/>
</test>
<test id="s1-s1-t5" name="Validar conteudo" line="35">
<kw name="Teste de Tipos de Conteudo" owner="random-user-service">
<kw name="GET On Session" owner="RequestsLibrary">
<msg time="2024-06-22T14:14:18.249775" level="INFO">GET Request : url=https://randomuser.me/api 
 path_url=/api 
 headers={'User-Agent': 'python-requests/2.32.3', 'Accept-Encoding': 'gzip, deflate', 'Accept': '*/*', 'Connection': 'keep-alive'} 
 body=None 
 </msg>
<msg time="2024-06-22T14:14:18.249872" level="INFO">GET Response : url=https://randomuser.me/api 
 status=200, reason=OK 
 headers={'Date': 'Sat, 22 Jun 2024 14:14:18 GMT', 'Content-Type': 'application/json; charset=utf-8', 'Transfer-Encoding': 'chunked', 'Connection': 'keep-alive', 'X-Powered-By': 'Express', 'Access-Control-Allow-Origin': '*', 'Cache-Control': 'no-cache', 'ETag': 'W/"481-33uLKD8kb0sRa15bqV8BISOZoYw"', 'Vary': 'Accept-Encoding', 'Content-Encoding': 'gzip', 'CF-Cache-Status': 'DYNAMIC', 'Report-To': '{"endpoints":[{"url":"https:\\/\\/a.nel.cloudflare.com\\/report\\/v4?s=RrwhuYbgi7m2EFED6UBX9lRXUX0C%2BJESkUrZyxpmSy7cEV9w7vbCMauU32hkZVna3ezQGcFqFbdfBkClqfCHqaVWnu15e15T9f%2F5tpybct4zlp%2Fahxqpbby5k1q5WSob"}],"group":"cf-nel","max_age":604800}', 'NEL': '{"success_fraction":0,"report_to":"cf-nel","max_age":604800}', 'Server': 'cloudflare', 'CF-RAY': '897cd80b7f908722-ORD', 'alt-svc': 'h3=":443"; ma=86400'} 
 body={"results":[{"gender":"male","name":{"title":"Mr","first":"Johan","last":"Sørensen"},"location":{"street":{"number":2316,"name":"Skyttevej"},"city":"Vesterborg","state":"Nordjylland","country":"Denmark","postcode":42974,"coordinates":{"latitude":"-45.5390","longitude":"-2.2185"},"timezone":{"offset":"-7:00","description":"Mountain Time (US &amp; Canada)"}},"email":"johan.sorensen@example.com","login":{"uuid":"6e33bea5-fe0a-418d-942a-ed1ac1d45dd4","username":"blackmouse939","password":"crystal","salt":"96aNeIZ1","md5":"3b87e20710365718ea384bfc688e6f8d","sha1":"3b99efe6f6fe20fcdc2e783babe7356e8545fdb7","sha256":"afbb3fbc17668f006d488f5fd99feeab28b561f6dfe1380430767c9fe118d7de"},"dob":{"date":"1991-11-12T19:58:35.974Z","age":32},"registered":{"date":"2003-08-19T18:12:21.989Z","age":20},"phone":"81823883","cell":"18196343","id":{"name":"CPR","value":"121191-1887"},"picture":{"large":"https://randomuser.me/api/portraits/men/66.jpg","medium":"https://randomuser.me/api/portraits/med/men/66.jpg","thumbnail":"https://randomuser.me/api/portraits/thumb/men/66.jpg"},"nat":"DK"}],"info":{"seed":"d51763f1e5d45a3b","results":1,"page":1,"version":"1.4"}} 
 </msg>
<msg time="2024-06-22T14:14:18.249946" level="INFO">/opt/hostedtoolcache/Python/3.12.4/x64/lib/python3.12/site-packages/urllib3/connectionpool.py:1099: InsecureRequestWarning: Unverified HTTPS request is being made to host 'randomuser.me'. Adding certificate verification is strongly advised. See: https://urllib3.readthedocs.io/en/latest/advanced-usage.html#tls-warnings
  warnings.warn(</msg>
<msg time="2024-06-22T14:14:18.250072" level="INFO">${response} = &lt;Response [200]&gt;</msg>
<var>${response}</var>
<arg>consultarAPI</arg>
<arg>/api</arg>
<doc>Sends a GET request on a previously created HTTP Session.</doc>
<status status="PASS" start="2024-06-22T14:14:18.153851" elapsed="0.096259"/>
</kw>
<kw name="Set Variable" owner="BuiltIn">
<msg time="2024-06-22T14:14:18.251287" level="INFO">${json_data} = {'results': [{'gender': 'male', 'name': {'title': 'Mr', 'first': 'Johan', 'last': 'Sørensen'}, 'location': {'street': {'number': 2316, 'name': 'Skyttevej'}, 'city': 'Vesterborg', 'state': 'Nordjylland...</msg>
<var>${json_data}</var>
<arg>${response.json()}</arg>
<doc>Returns the given values which can then be assigned to a variables.</doc>
<status status="PASS" start="2024-06-22T14:14:18.250713" elapsed="0.000604"/>
</kw>
<kw name="Set Variable" owner="BuiltIn">
<msg time="2024-06-22T14:14:18.252007" level="INFO">${name_title} = Mr</msg>
<var>${name_title}</var>
<arg>${json_data["results"][0]["name"]["title"]}</arg>
<doc>Returns the given values which can then be assigned to a variables.</doc>
<status status="PASS" start="2024-06-22T14:14:18.251621" elapsed="0.000412"/>
</kw>
<kw name="Create List" owner="BuiltIn">
<msg time="2024-06-22T14:14:18.252474" level="INFO">${allowed_titles} = ['Mr', 'Ms', 'Miss', 'Mrs', 'Madame', 'Monsieur']</msg>
<var>${allowed_titles}</var>
<arg>Mr</arg>
<arg>Ms</arg>
<arg>Miss</arg>
<arg>Mrs</arg>
<arg>Madame</arg>
<arg>Monsieur</arg>
<doc>Returns a list containing given items.</doc>
<status status="PASS" start="2024-06-22T14:14:18.252326" elapsed="0.000172"/>
</kw>
<kw name="List Should Contain Value" owner="Collections">
<arg>${allowed_titles}</arg>
<arg>${name_title}</arg>
<doc>Fails if the ``value`` is not found from ``list``.</doc>
<status status="PASS" start="2024-06-22T14:14:18.252793" elapsed="0.000175"/>
</kw>
<kw name="Set Variable" owner="BuiltIn">
<msg time="2024-06-22T14:14:18.253580" level="INFO">${name_country} = DK</msg>
<var>${name_country}</var>
<arg>${json_data["results"][0]["nat"]}</arg>
<doc>Returns the given values which can then be assigned to a variables.</doc>
<status status="PASS" start="2024-06-22T14:14:18.253189" elapsed="0.000415"/>
</kw>
<kw name="Create List" owner="BuiltIn">
<msg time="2024-06-22T14:14:18.254484" level="INFO">${list_country} = ['AD', 'AE', 'AF', 'AG', 'AI', 'AL', 'AM', 'AO', 'AQ', 'AR', 'AS', 'AT', 'AU', 'AW', 'AX', 'AZ', 'BA', 'BB', 'BD', 'BE', 'BF', 'BG', 'BH', 'BI', 'BJ', 'BL', 'BM', 'BN', 'BO', 'BQ', 'BR', 'BS', 'BT', '...</msg>
<var>${list_country}</var>
<arg>AD</arg>
<arg>AE</arg>
<arg>AF</arg>
<arg>AG</arg>
<arg>AI</arg>
<arg>AL</arg>
<arg>AM</arg>
<arg>AO</arg>
<arg>AQ</arg>
<arg>AR</arg>
<arg>AS</arg>
<arg>AT</arg>
<arg>AU</arg>
<arg>AW</arg>
<arg>AX</arg>
<arg>AZ</arg>
<arg>BA</arg>
<arg>BB</arg>
<arg>BD</arg>
<arg>BE</arg>
<arg>BF</arg>
<arg>BG</arg>
<arg>BH</arg>
<arg>BI</arg>
<arg>BJ</arg>
<arg>BL</arg>
<arg>BM</arg>
<arg>BN</arg>
<arg>BO</arg>
<arg>BQ</arg>
<arg>BR</arg>
<arg>BS</arg>
<arg>BT</arg>
<arg>BV</arg>
<arg>BW</arg>
<arg>BY</arg>
<arg>BZ</arg>
<arg>CA</arg>
<arg>CC</arg>
<arg>CD</arg>
<arg>CF</arg>
<arg>CG</arg>
<arg>CH</arg>
<arg>CI</arg>
<arg>CK</arg>
<arg>CL</arg>
<arg>CM</arg>
<arg>CN</arg>
<arg>CO</arg>
<arg>CR</arg>
<arg>CU</arg>
<arg>CV</arg>
<arg>CW</arg>
<arg>CX</arg>
<arg>CY</arg>
<arg>CZ</arg>
<arg>DE</arg>
<arg>DJ</arg>
<arg>DK</arg>
<arg>DM</arg>
<arg>DO</arg>
<arg>DZ</arg>
<arg>EC</arg>
<arg>EE</arg>
<arg>EG</arg>
<arg>EH</arg>
<arg>ER</arg>
<arg>ES</arg>
<arg>ET</arg>
<arg>FI</arg>
<arg>FJ</arg>
<arg>FK</arg>
<arg>FM</arg>
<arg>FO</arg>
<arg>FR</arg>
<arg>GA</arg>
<arg>GB</arg>
<arg>GD</arg>
<arg>GE</arg>
<arg>GF</arg>
<arg>GG</arg>
<arg>GH</arg>
<arg>GI</arg>
<arg>GL</arg>
<arg>GM</arg>
<arg>GN</arg>
<arg>GP</arg>
<arg>GQ</arg>
<arg>GR</arg>
<arg>GS</arg>
<arg>GT</arg>
<arg>GU</arg>
<arg>GW</arg>
<arg>GY</arg>
<arg>HK</arg>
<arg>HM</arg>
<arg>HN</arg>
<arg>HR</arg>
<arg>HT</arg>
<arg>HU</arg>
<arg>ID</arg>
<arg>IE</arg>
<arg>IL</arg>
<arg>IM</arg>
<arg>IN</arg>
<arg>IO</arg>
<arg>IQ</arg>
<arg>IR</arg>
<arg>IS</arg>
<arg>IT</arg>
<arg>JE</arg>
<arg>JM</arg>
<arg>JO</arg>
<arg>JP</arg>
<arg>KE</arg>
<arg>KG</arg>
<arg>KH</arg>
<arg>KI</arg>
<arg>KM</arg>
<arg>KN</arg>
<arg>KP</arg>
<arg>KR</arg>
<arg>KW</arg>
<arg>KY</arg>
<arg>KZ</arg>
<arg>LA</arg>
<arg>LB</arg>
<arg>LC</arg>
<arg>LI</arg>
<arg>LK</arg>
<arg>LR</arg>
<arg>LS</arg>
<arg>LT</arg>
<arg>LU</arg>
<arg>LV</arg>
<arg>LY</arg>
<arg>MA</arg>
<arg>MC</arg>
<arg>MD</arg>
<arg>ME</arg>
<arg>MF</arg>
<arg>MG</arg>
<arg>MH</arg>
<arg>MK</arg>
<arg>ML</arg>
<arg>MM</arg>
<arg>MN</arg>
<arg>MO</arg>
<arg>MP</arg>
<arg>MQ</arg>
<arg>MR</arg>
<arg>MS</arg>
<arg>MT</arg>
<arg>MU</arg>
<arg>MV</arg>
<arg>MW</arg>
<arg>MX</arg>
<arg>MY</arg>
<arg>MZ</arg>
<arg>NA</arg>
<arg>NC</arg>
<arg>NE</arg>
<arg>NF</arg>
<arg>NG</arg>
<arg>NI</arg>
<arg>NL</arg>
<arg>NO</arg>
<arg>NP</arg>
<arg>NR</arg>
<arg>NU</arg>
<arg>NZ</arg>
<arg>OM</arg>
<arg>PA</arg>
<arg>PE</arg>
<arg>PF</arg>
<arg>PG</arg>
<arg>PH</arg>
<arg>PK</arg>
<arg>PL</arg>
<arg>PM</arg>
<arg>PN</arg>
<arg>PR</arg>
<arg>PS</arg>
<arg>PT</arg>
<arg>PW</arg>
<arg>PY</arg>
<arg>QA</arg>
<arg>RE</arg>
<arg>RO</arg>
<arg>RS</arg>
<arg>RU</arg>
<arg>RW</arg>
<arg>SA</arg>
<arg>SB</arg>
<arg>SC</arg>
<arg>SD</arg>
<arg>SE</arg>
<arg>SG</arg>
<arg>SH</arg>
<arg>SI</arg>
<arg>SJ</arg>
<arg>SK</arg>
<arg>SL</arg>
<arg>SM</arg>
<arg>SN</arg>
<arg>SO</arg>
<arg>SR</arg>
<arg>SS</arg>
<arg>ST</arg>
<arg>SV</arg>
<arg>SX</arg>
<arg>SY</arg>
<arg>SZ</arg>
<arg>TC</arg>
<arg>TD</arg>
<arg>TF</arg>
<arg>TG</arg>
<arg>TH</arg>
<arg>TJ</arg>
<arg>TK</arg>
<arg>TL</arg>
<arg>TM</arg>
<arg>TN</arg>
<arg>TO</arg>
<arg>TR</arg>
<arg>TT</arg>
<arg>TV</arg>
<arg>TW</arg>
<arg>TZ</arg>
<arg>UA</arg>
<arg>UG</arg>
<arg>UM</arg>
<arg>US</arg>
<arg>UY</arg>
<arg>UZ</arg>
<arg>VA</arg>
<arg>VC</arg>
<arg>VE</arg>
<arg>VG</arg>
<arg>VI</arg>
<arg>VN</arg>
<arg>VU</arg>
<arg>WF</arg>
<arg>WS</arg>
<arg>XK</arg>
<arg>YE</arg>
<arg>YT</arg>
<arg>ZA</arg>
<arg>ZM</arg>
<arg>ZW</arg>
<doc>Returns a list containing given items.</doc>
<status status="PASS" start="2024-06-22T14:14:18.253891" elapsed="0.000618"/>
</kw>
<kw name="List Should Contain Value" owner="Collections">
<arg>${list_country}</arg>
<arg>${name_country}</arg>
<doc>Fails if the ``value`` is not found from ``list``.</doc>
<status status="PASS" start="2024-06-22T14:14:18.255298" elapsed="0.000206"/>
</kw>
<kw name="Run Keyword If" owner="BuiltIn">
<kw name="Should Be True" owner="BuiltIn">
<arg>${True}</arg>
<doc>Fails if the given condition is not true.</doc>
<status status="PASS" start="2024-06-22T14:14:18.256446" elapsed="0.000139"/>
</kw>
<arg>${json_data["results"][0]["location"]["coordinates"]["latitude"]} &gt;= -90 and ${json_data["results"][0]["location"]["coordinates"]["latitude"]} &lt;= 90</arg>
<arg>Should Be True</arg>
<arg>${True}</arg>
<doc>Runs the given keyword with the given arguments, if ``condition`` is true.</doc>
<status status="PASS" start="2024-06-22T14:14:18.255701" elapsed="0.001008"/>
</kw>
<kw name="Run Keyword If" owner="BuiltIn">
<kw name="Should Be True" owner="BuiltIn">
<arg>${True}</arg>
<doc>Fails if the given condition is not true.</doc>
<status status="PASS" start="2024-06-22T14:14:18.257612" elapsed="0.000240"/>
</kw>
<arg>${json_data["results"][0]["location"]["coordinates"]["longitude"]} &gt;= -180 and ${json_data["results"][0]["location"]["coordinates"]["longitude"]} &lt;= 180</arg>
<arg>Should Be True</arg>
<arg>${True}</arg>
<doc>Runs the given keyword with the given arguments, if ``condition`` is true.</doc>
<status status="PASS" start="2024-06-22T14:14:18.256890" elapsed="0.001089"/>
</kw>
<status status="PASS" start="2024-06-22T14:14:18.153630" elapsed="0.104483"/>
</kw>
<doc>Testa o conteúdo específico dos campos retornados pela API.</doc>
<tag>testeConteudo</tag>
<status status="PASS" start="2024-06-22T14:14:18.153077" elapsed="0.105186"/>
</test>
<status status="PASS" start="2024-06-22T14:14:17.288540" elapsed="0.971705"/>
</suite>
<status status="PASS" start="2024-06-22T14:14:17.274296" elapsed="0.991079"/>
</suite>
<statistics>
<total>
<stat pass="5" fail="0" skip="0">All Tests</stat>
</total>
<tag>
<stat pass="1" fail="0" skip="0">testeConteudo</stat>
<stat pass="1" fail="0" skip="0">testeEstruturaResposta</stat>
<stat pass="1" fail="0" skip="0">testeRequisicaoBasica</stat>
<stat pass="1" fail="0" skip="0">testeTiposDados</stat>
</tag>
<suite>
<stat pass="5" fail="0" skip="0" id="s1" name="Tests">Tests</stat>
<stat pass="5" fail="0" skip="0" id="s1-s1" name="Random-User-Test">Tests.Random-User-Test</stat>
</suite>
</statistics>
<errors>
</errors>
</robot>
