<?xml version="1.0" encoding="UTF-8"?>
<robot generator="Robot 7.0 (Python 3.12.3 on linux)" generated="2024-05-23T17:15:10.709926" rpa="false" schemaversion="5">
<suite id="s1" name="Tests" source="/home/runner/work/DesafioQAItauRogerioJordao/DesafioQAItauRogerioJordao/RamdonUser/tests">
<suite id="s1-s1" name="Random-User-Test" source="/home/runner/work/DesafioQAItauRogerioJordao/DesafioQAItauRogerioJordao/RamdonUser/tests/random-user-test.robot">
<test id="s1-s1-t1" name="Conectar" line="13">
<kw name="Conectar API" owner="random-user-service">
<kw name="Create Session" owner="RequestsLibrary">
<msg time="2024-05-23T17:15:11.122775" level="INFO">Creating Session using : alias=consultarAPI, url=https://randomuser.me/, headers={},                     cookies={}, auth=None, timeout=None, proxies=None, verify=False,                     debug=0 </msg>
<arg>consultarAPI</arg>
<arg>${URL}</arg>
<doc>Create Session: create a HTTP session to a server</doc>
<status status="PASS" start="2024-05-23T17:15:11.122548" elapsed="0.000423"/>
</kw>
<status status="PASS" start="2024-05-23T17:15:11.121400" elapsed="0.001954"/>
</kw>
<status status="PASS" start="2024-05-23T17:15:11.120807" elapsed="0.002748"/>
</test>
<test id="s1-s1-t2" name="Validar retorno 200 e JSON Válido" line="16">
<kw name="Teste de Requisicao Basica" owner="random-user-service">
<kw name="GET On Session" owner="RequestsLibrary">
<msg time="2024-05-23T17:15:11.230873" level="INFO">GET Request : url=https://randomuser.me/api 
 path_url=/api 
 headers={'User-Agent': 'python-requests/2.32.2', 'Accept-Encoding': 'gzip, deflate', 'Accept': '*/*', 'Connection': 'keep-alive'} 
 body=None 
 </msg>
<msg time="2024-05-23T17:15:11.231092" level="INFO">GET Response : url=https://randomuser.me/api 
 status=200, reason=OK 
 headers={'Date': 'Thu, 23 May 2024 17:15:11 GMT', 'Content-Type': 'application/json; charset=utf-8', 'Transfer-Encoding': 'chunked', 'Connection': 'keep-alive', 'X-Powered-By': 'Express', 'Access-Control-Allow-Origin': '*', 'Cache-Control': 'no-cache', 'ETag': 'W/"4b0-8L4DqKHnyjpFIkZkGAhjXCkY9n4"', 'Vary': 'Accept-Encoding', 'Content-Encoding': 'gzip', 'CF-Cache-Status': 'DYNAMIC', 'Report-To': '{"endpoints":[{"url":"https:\\/\\/a.nel.cloudflare.com\\/report\\/v4?s=EJBZQ0rH%2Fqcadiar74st1XSb8q2rjLqfKp7EiRbb272Dp8R4FWJ%2FmeIPN%2Fvhj%2FzyNqQ04RQaWXIz8aFftE5VWciqkGxVkMC%2BT8q7NdfqT7bl3242ElL0rVDRV5BJRuA3"}],"group":"cf-nel","max_age":604800}', 'NEL': '{"success_fraction":0,"report_to":"cf-nel","max_age":604800}', 'Server': 'cloudflare', 'CF-RAY': '8886afc2cb0e61a3-ORD', 'alt-svc': 'h3=":443"; ma=86400'} 
 body={"results":[{"gender":"female","name":{"title":"Mrs","first":"Melissa","last":"Fernandez"},"location":{"street":{"number":6767,"name":"Camden Ave"},"city":"Darwin","state":"Australian Capital Territory","country":"Australia","postcode":4675,"coordinates":{"latitude":"-86.2380","longitude":"168.6671"},"timezone":{"offset":"-3:00","description":"Brazil, Buenos Aires, Georgetown"}},"email":"melissa.fernandez@example.com","login":{"uuid":"b365a140-e1cd-4a70-a9e9-6eeb2fea559d","username":"organicgorilla925","password":"techniques","salt":"gYZOCazL","md5":"758cae390660e2f461bd2a042c42fb69","sha1":"b900558f6597e771dff0772d87ca3ccbb87aac56","sha256":"994348a9dc96fe029cd76093ffa531e336d1eb6b6005b1aada0e06ef6e430aa0"},"dob":{"date":"1996-07-28T00:55:54.608Z","age":27},"registered":{"date":"2016-11-15T06:47:56.816Z","age":7},"phone":"09-9633-5857","cell":"0421-231-890","id":{"name":"TFN","value":"033032262"},"picture":{"large":"https://randomuser.me/api/portraits/women/12.jpg","medium":"https://randomuser.me/api/portraits/med/women/12.jpg","thumbnail":"https://randomuser.me/api/portraits/thumb/women/12.jpg"},"nat":"AU"}],"info":{"seed":"e5145179d80e58a0","results":1,"page":1,"version":"1.4"}} 
 </msg>
<msg time="2024-05-23T17:15:11.231209" level="INFO">/opt/hostedtoolcache/Python/3.12.3/x64/lib/python3.12/site-packages/urllib3/connectionpool.py:1103: InsecureRequestWarning: Unverified HTTPS request is being made to host 'randomuser.me'. Adding certificate verification is strongly advised. See: https://urllib3.readthedocs.io/en/latest/advanced-usage.html#tls-warnings
  warnings.warn(</msg>
<msg time="2024-05-23T17:15:11.231409" level="INFO">${response} = &lt;Response [200]&gt;</msg>
<var>${response}</var>
<arg>consultarAPI</arg>
<arg>/api</arg>
<doc>Sends a GET request on a previously created HTTP Session.</doc>
<status status="PASS" start="2024-05-23T17:15:11.126261" elapsed="0.105199"/>
</kw>
<kw name="Should Be Equal As Numbers" owner="BuiltIn">
<msg time="2024-05-23T17:15:11.232875" level="INFO">Argument types are:
&lt;class 'int'&gt;
&lt;class 'str'&gt;</msg>
<arg>${response.status_code}</arg>
<arg>200</arg>
<doc>Fails if objects are unequal after converting them to real numbers.</doc>
<status status="PASS" start="2024-05-23T17:15:11.232189" elapsed="0.000797"/>
</kw>
<kw name="Log" owner="BuiltIn">
<msg time="2024-05-23T17:15:11.234072" level="INFO">200</msg>
<arg>${response.status_code}</arg>
<doc>Logs the given message with the given level.</doc>
<status status="PASS" start="2024-05-23T17:15:11.233522" elapsed="0.000622"/>
</kw>
<kw name="Set Variable" owner="BuiltIn">
<msg time="2024-05-23T17:15:11.235343" level="INFO">${json_data} = {'results': [{'gender': 'female', 'name': {'title': 'Mrs', 'first': 'Melissa', 'last': 'Fernandez'}, 'location': {'street': {'number': 6767, 'name': 'Camden Ave'}, 'city': 'Darwin', 'state': 'Australi...</msg>
<var>${json_data}</var>
<arg>${response.json()}</arg>
<doc>Returns the given values which can then be assigned to a variables.</doc>
<status status="PASS" start="2024-05-23T17:15:11.234663" elapsed="0.000718"/>
</kw>
<kw name="Dictionary Should Contain Key" owner="Collections">
<msg time="2024-05-23T17:15:11.235889" level="INFO">False</msg>
<arg>${json_data}</arg>
<arg>results</arg>
<doc>Fails if ``key`` is not found from ``dictionary``.</doc>
<status status="PASS" start="2024-05-23T17:15:11.235708" elapsed="0.000395"/>
</kw>
<status status="PASS" start="2024-05-23T17:15:11.125998" elapsed="0.110378"/>
</kw>
<doc>Testa se a API responde corretamente e retorna um objeto JSON válido.</doc>
<tag>testeRequisicaoBasica</tag>
<status status="PASS" start="2024-05-23T17:15:11.125420" elapsed="0.111146"/>
</test>
<test id="s1-s1-t3" name="Validar estrutura de resposta" line="22">
<kw name="Teste de Estrutura de Resposta" owner="random-user-service">
<kw name="GET On Session" owner="RequestsLibrary">
<msg time="2024-05-23T17:15:11.330782" level="INFO">GET Request : url=https://randomuser.me/api 
 path_url=/api 
 headers={'User-Agent': 'python-requests/2.32.2', 'Accept-Encoding': 'gzip, deflate', 'Accept': '*/*', 'Connection': 'keep-alive'} 
 body=None 
 </msg>
<msg time="2024-05-23T17:15:11.330888" level="INFO">GET Response : url=https://randomuser.me/api 
 status=200, reason=OK 
 headers={'Date': 'Thu, 23 May 2024 17:15:11 GMT', 'Content-Type': 'application/json; charset=utf-8', 'Transfer-Encoding': 'chunked', 'Connection': 'keep-alive', 'X-Powered-By': 'Express', 'Access-Control-Allow-Origin': '*', 'Cache-Control': 'no-cache', 'ETag': 'W/"49e-MlbJCSgJtEv6T5WtlCPaLiUxxYk"', 'Vary': 'Accept-Encoding', 'Content-Encoding': 'gzip', 'CF-Cache-Status': 'DYNAMIC', 'Report-To': '{"endpoints":[{"url":"https:\\/\\/a.nel.cloudflare.com\\/report\\/v4?s=f0gRNlQ7GMSyz9SB2XHoIyMwEhtsreCm6uW%2BuNHfS1HwLp3CMsV98oixA0ZeSxjb1ZfSvleSnDPJebpyiKKwbq10foPZGNDBLsvKw6NB%2BE8cSQNr1zLztLpXCb5YlJfO"}],"group":"cf-nel","max_age":604800}', 'NEL': '{"success_fraction":0,"report_to":"cf-nel","max_age":604800}', 'Server': 'cloudflare', 'CF-RAY': '8886afc34bac61a3-ORD', 'alt-svc': 'h3=":443"; ma=86400'} 
 body={"results":[{"gender":"female","name":{"title":"Miss","first":"Sybrich","last":"Nab"},"location":{"street":{"number":2173,"name":"Dokter Diamantlaan"},"city":"Langeveen","state":"Noord-Brabant","country":"Netherlands","postcode":"6982 QH","coordinates":{"latitude":"36.9342","longitude":"58.1432"},"timezone":{"offset":"-1:00","description":"Azores, Cape Verde Islands"}},"email":"sybrich.nab@example.com","login":{"uuid":"e7363678-51c8-4a16-8c31-bf2a5680117e","username":"beautifulostrich979","password":"carol","salt":"hUIPdAXY","md5":"ea77544a78cf79917dba439d27187d10","sha1":"d3f9bb900e97e9a7b6e07e9b44f8df2b7f188fb0","sha256":"dba154d8e60998e39a5a0924489266c742049d3d327735a8da8507077a4987b1"},"dob":{"date":"1953-04-20T00:06:41.738Z","age":71},"registered":{"date":"2015-11-23T01:58:57.809Z","age":8},"phone":"(045) 0004970","cell":"(06) 70704229","id":{"name":"BSN","value":"93332905"},"picture":{"large":"https://randomuser.me/api/portraits/women/32.jpg","medium":"https://randomuser.me/api/portraits/med/women/32.jpg","thumbnail":"https://randomuser.me/api/portraits/thumb/women/32.jpg"},"nat":"NL"}],"info":{"seed":"e29ae32888f89b56","results":1,"page":1,"version":"1.4"}} 
 </msg>
<msg time="2024-05-23T17:15:11.331021" level="INFO">/opt/hostedtoolcache/Python/3.12.3/x64/lib/python3.12/site-packages/urllib3/connectionpool.py:1103: InsecureRequestWarning: Unverified HTTPS request is being made to host 'randomuser.me'. Adding certificate verification is strongly advised. See: https://urllib3.readthedocs.io/en/latest/advanced-usage.html#tls-warnings
  warnings.warn(</msg>
<msg time="2024-05-23T17:15:11.331152" level="INFO">${response} = &lt;Response [200]&gt;</msg>
<var>${response}</var>
<arg>consultarAPI</arg>
<arg>/api</arg>
<doc>Sends a GET request on a previously created HTTP Session.</doc>
<status status="PASS" start="2024-05-23T17:15:11.239348" elapsed="0.091837"/>
</kw>
<kw name="Set Variable" owner="BuiltIn">
<msg time="2024-05-23T17:15:11.332289" level="INFO">${json_data} = {'results': [{'gender': 'female', 'name': {'title': 'Miss', 'first': 'Sybrich', 'last': 'Nab'}, 'location': {'street': {'number': 2173, 'name': 'Dokter Diamantlaan'}, 'city': 'Langeveen', 'state': 'No...</msg>
<var>${json_data}</var>
<arg>${response.json()}</arg>
<doc>Returns the given values which can then be assigned to a variables.</doc>
<status status="PASS" start="2024-05-23T17:15:11.331736" elapsed="0.000583"/>
</kw>
<kw name="Log" owner="BuiltIn">
<msg time="2024-05-23T17:15:11.332826" level="INFO">{'results': [{'gender': 'female', 'name': {'title': 'Miss', 'first': 'Sybrich', 'last': 'Nab'}, 'location': {'street': {'number': 2173, 'name': 'Dokter Diamantlaan'}, 'city': 'Langeveen', 'state': 'Noord-Brabant', 'country': 'Netherlands', 'postcode': '6982 QH', 'coordinates': {'latitude': '36.9342', 'longitude': '58.1432'}, 'timezone': {'offset': '-1:00', 'description': 'Azores, Cape Verde Islands'}}, 'email': 'sybrich.nab@example.com', 'login': {'uuid': 'e7363678-51c8-4a16-8c31-bf2a5680117e', 'username': 'beautifulostrich979', 'password': 'carol', 'salt': 'hUIPdAXY', 'md5': 'ea77544a78cf79917dba439d27187d10', 'sha1': 'd3f9bb900e97e9a7b6e07e9b44f8df2b7f188fb0', 'sha256': 'dba154d8e60998e39a5a0924489266c742049d3d327735a8da8507077a4987b1'}, 'dob': {'date': '1953-04-20T00:06:41.738Z', 'age': 71}, 'registered': {'date': '2015-11-23T01:58:57.809Z', 'age': 8}, 'phone': '(045) 0004970', 'cell': '(06) 70704229', 'id': {'name': 'BSN', 'value': '93332905'}, 'picture': {'large': 'https://randomuser.me/api/portraits/women/32.jpg', 'medium': 'https://randomuser.me/api/portraits/med/women/32.jpg', 'thumbnail': 'https://randomuser.me/api/portraits/thumb/women/32.jpg'}, 'nat': 'NL'}], 'info': {'seed': 'e29ae32888f89b56', 'results': 1, 'page': 1, 'version': '1.4'}}</msg>
<arg>${json_data}</arg>
<doc>Logs the given message with the given level.</doc>
<status status="PASS" start="2024-05-23T17:15:11.332656" elapsed="0.000221"/>
</kw>
<kw name="Dictionary Should Contain Key" owner="Collections">
<msg time="2024-05-23T17:15:11.333356" level="INFO">False</msg>
<arg>${json_data}</arg>
<arg>results</arg>
<doc>Fails if ``key`` is not found from ``dictionary``.</doc>
<status status="PASS" start="2024-05-23T17:15:11.333189" elapsed="0.000208"/>
</kw>
<kw name="Should Not Be Empty" owner="BuiltIn">
<msg time="2024-05-23T17:15:11.333853" level="INFO">Length is 2.</msg>
<arg>${json_data}</arg>
<doc>Verifies that the given item is not empty.</doc>
<status status="PASS" start="2024-05-23T17:15:11.333710" elapsed="0.000182"/>
</kw>
<kw name="Create List" owner="BuiltIn">
<msg time="2024-05-23T17:15:11.334364" level="INFO">${expected_keys} = ['gender', 'name', 'location', 'email', 'login']</msg>
<var>${expected_keys}</var>
<arg>gender</arg>
<arg>name</arg>
<arg>location</arg>
<arg>email</arg>
<arg>login</arg>
<doc>Returns a list containing given items.</doc>
<status status="PASS" start="2024-05-23T17:15:11.334201" elapsed="0.000189"/>
</kw>
<for flavor="IN">
<iter>
<kw name="Dictionary Should Contain Key" owner="Collections">
<msg time="2024-05-23T17:15:11.335507" level="INFO">False</msg>
<arg>${json_data['results'][0]}</arg>
<arg>${key}</arg>
<doc>Fails if ``key`` is not found from ``dictionary``.</doc>
<status status="PASS" start="2024-05-23T17:15:11.335087" elapsed="0.000463"/>
</kw>
<kw name="Log" owner="BuiltIn">
<msg time="2024-05-23T17:15:11.336238" level="INFO">{'gender': 'female', 'name': {'title': 'Miss', 'first': 'Sybrich', 'last': 'Nab'}, 'location': {'street': {'number': 2173, 'name': 'Dokter Diamantlaan'}, 'city': 'Langeveen', 'state': 'Noord-Brabant', 'country': 'Netherlands', 'postcode': '6982 QH', 'coordinates': {'latitude': '36.9342', 'longitude': '58.1432'}, 'timezone': {'offset': '-1:00', 'description': 'Azores, Cape Verde Islands'}}, 'email': 'sybrich.nab@example.com', 'login': {'uuid': 'e7363678-51c8-4a16-8c31-bf2a5680117e', 'username': 'beautifulostrich979', 'password': 'carol', 'salt': 'hUIPdAXY', 'md5': 'ea77544a78cf79917dba439d27187d10', 'sha1': 'd3f9bb900e97e9a7b6e07e9b44f8df2b7f188fb0', 'sha256': 'dba154d8e60998e39a5a0924489266c742049d3d327735a8da8507077a4987b1'}, 'dob': {'date': '1953-04-20T00:06:41.738Z', 'age': 71}, 'registered': {'date': '2015-11-23T01:58:57.809Z', 'age': 8}, 'phone': '(045) 0004970', 'cell': '(06) 70704229', 'id': {'name': 'BSN', 'value': '93332905'}, 'picture': {'large': 'https://randomuser.me/api/portraits/women/32.jpg', 'medium': 'https://randomuser.me/api/portraits/med/women/32.jpg', 'thumbnail': 'https://randomuser.me/api/portraits/thumb/women/32.jpg'}, 'nat': 'NL'}</msg>
<arg>${json_data['results'][0]}</arg>
<doc>Logs the given message with the given level.</doc>
<status status="PASS" start="2024-05-23T17:15:11.335857" elapsed="0.000431"/>
</kw>
<kw name="Log" owner="BuiltIn">
<msg time="2024-05-23T17:15:11.336749" level="INFO">gender</msg>
<arg>${key}</arg>
<doc>Logs the given message with the given level.</doc>
<status status="PASS" start="2024-05-23T17:15:11.336604" elapsed="0.000184"/>
</kw>
<var name="${key}">gender</var>
<status status="PASS" start="2024-05-23T17:15:11.334959" elapsed="0.002052"/>
</iter>
<iter>
<kw name="Dictionary Should Contain Key" owner="Collections">
<msg time="2024-05-23T17:15:11.337722" level="INFO">False</msg>
<arg>${json_data['results'][0]}</arg>
<arg>${key}</arg>
<doc>Fails if ``key`` is not found from ``dictionary``.</doc>
<status status="PASS" start="2024-05-23T17:15:11.337328" elapsed="0.000432"/>
</kw>
<kw name="Log" owner="BuiltIn">
<msg time="2024-05-23T17:15:11.338456" level="INFO">{'gender': 'female', 'name': {'title': 'Miss', 'first': 'Sybrich', 'last': 'Nab'}, 'location': {'street': {'number': 2173, 'name': 'Dokter Diamantlaan'}, 'city': 'Langeveen', 'state': 'Noord-Brabant', 'country': 'Netherlands', 'postcode': '6982 QH', 'coordinates': {'latitude': '36.9342', 'longitude': '58.1432'}, 'timezone': {'offset': '-1:00', 'description': 'Azores, Cape Verde Islands'}}, 'email': 'sybrich.nab@example.com', 'login': {'uuid': 'e7363678-51c8-4a16-8c31-bf2a5680117e', 'username': 'beautifulostrich979', 'password': 'carol', 'salt': 'hUIPdAXY', 'md5': 'ea77544a78cf79917dba439d27187d10', 'sha1': 'd3f9bb900e97e9a7b6e07e9b44f8df2b7f188fb0', 'sha256': 'dba154d8e60998e39a5a0924489266c742049d3d327735a8da8507077a4987b1'}, 'dob': {'date': '1953-04-20T00:06:41.738Z', 'age': 71}, 'registered': {'date': '2015-11-23T01:58:57.809Z', 'age': 8}, 'phone': '(045) 0004970', 'cell': '(06) 70704229', 'id': {'name': 'BSN', 'value': '93332905'}, 'picture': {'large': 'https://randomuser.me/api/portraits/women/32.jpg', 'medium': 'https://randomuser.me/api/portraits/med/women/32.jpg', 'thumbnail': 'https://randomuser.me/api/portraits/thumb/women/32.jpg'}, 'nat': 'NL'}</msg>
<arg>${json_data['results'][0]}</arg>
<doc>Logs the given message with the given level.</doc>
<status status="PASS" start="2024-05-23T17:15:11.338092" elapsed="0.000446"/>
</kw>
<kw name="Log" owner="BuiltIn">
<msg time="2024-05-23T17:15:11.338978" level="INFO">name</msg>
<arg>${key}</arg>
<doc>Logs the given message with the given level.</doc>
<status status="PASS" start="2024-05-23T17:15:11.338848" elapsed="0.000167"/>
</kw>
<var name="${key}">name</var>
<status status="PASS" start="2024-05-23T17:15:11.337210" elapsed="0.002023"/>
</iter>
<iter>
<kw name="Dictionary Should Contain Key" owner="Collections">
<msg time="2024-05-23T17:15:11.339913" level="INFO">False</msg>
<arg>${json_data['results'][0]}</arg>
<arg>${key}</arg>
<doc>Fails if ``key`` is not found from ``dictionary``.</doc>
<status status="PASS" start="2024-05-23T17:15:11.339534" elapsed="0.000417"/>
</kw>
<kw name="Log" owner="BuiltIn">
<msg time="2024-05-23T17:15:11.340644" level="INFO">{'gender': 'female', 'name': {'title': 'Miss', 'first': 'Sybrich', 'last': 'Nab'}, 'location': {'street': {'number': 2173, 'name': 'Dokter Diamantlaan'}, 'city': 'Langeveen', 'state': 'Noord-Brabant', 'country': 'Netherlands', 'postcode': '6982 QH', 'coordinates': {'latitude': '36.9342', 'longitude': '58.1432'}, 'timezone': {'offset': '-1:00', 'description': 'Azores, Cape Verde Islands'}}, 'email': 'sybrich.nab@example.com', 'login': {'uuid': 'e7363678-51c8-4a16-8c31-bf2a5680117e', 'username': 'beautifulostrich979', 'password': 'carol', 'salt': 'hUIPdAXY', 'md5': 'ea77544a78cf79917dba439d27187d10', 'sha1': 'd3f9bb900e97e9a7b6e07e9b44f8df2b7f188fb0', 'sha256': 'dba154d8e60998e39a5a0924489266c742049d3d327735a8da8507077a4987b1'}, 'dob': {'date': '1953-04-20T00:06:41.738Z', 'age': 71}, 'registered': {'date': '2015-11-23T01:58:57.809Z', 'age': 8}, 'phone': '(045) 0004970', 'cell': '(06) 70704229', 'id': {'name': 'BSN', 'value': '93332905'}, 'picture': {'large': 'https://randomuser.me/api/portraits/women/32.jpg', 'medium': 'https://randomuser.me/api/portraits/med/women/32.jpg', 'thumbnail': 'https://randomuser.me/api/portraits/thumb/women/32.jpg'}, 'nat': 'NL'}</msg>
<arg>${json_data['results'][0]}</arg>
<doc>Logs the given message with the given level.</doc>
<status status="PASS" start="2024-05-23T17:15:11.340261" elapsed="0.000433"/>
</kw>
<kw name="Log" owner="BuiltIn">
<msg time="2024-05-23T17:15:11.341121" level="INFO">location</msg>
<arg>${key}</arg>
<doc>Logs the given message with the given level.</doc>
<status status="PASS" start="2024-05-23T17:15:11.340994" elapsed="0.000166"/>
</kw>
<var name="${key}">location</var>
<status status="PASS" start="2024-05-23T17:15:11.339420" elapsed="0.001965"/>
</iter>
<iter>
<kw name="Dictionary Should Contain Key" owner="Collections">
<msg time="2024-05-23T17:15:11.342202" level="INFO">False</msg>
<arg>${json_data['results'][0]}</arg>
<arg>${key}</arg>
<doc>Fails if ``key`` is not found from ``dictionary``.</doc>
<status status="PASS" start="2024-05-23T17:15:11.341677" elapsed="0.000563"/>
</kw>
<kw name="Log" owner="BuiltIn">
<msg time="2024-05-23T17:15:11.342944" level="INFO">{'gender': 'female', 'name': {'title': 'Miss', 'first': 'Sybrich', 'last': 'Nab'}, 'location': {'street': {'number': 2173, 'name': 'Dokter Diamantlaan'}, 'city': 'Langeveen', 'state': 'Noord-Brabant', 'country': 'Netherlands', 'postcode': '6982 QH', 'coordinates': {'latitude': '36.9342', 'longitude': '58.1432'}, 'timezone': {'offset': '-1:00', 'description': 'Azores, Cape Verde Islands'}}, 'email': 'sybrich.nab@example.com', 'login': {'uuid': 'e7363678-51c8-4a16-8c31-bf2a5680117e', 'username': 'beautifulostrich979', 'password': 'carol', 'salt': 'hUIPdAXY', 'md5': 'ea77544a78cf79917dba439d27187d10', 'sha1': 'd3f9bb900e97e9a7b6e07e9b44f8df2b7f188fb0', 'sha256': 'dba154d8e60998e39a5a0924489266c742049d3d327735a8da8507077a4987b1'}, 'dob': {'date': '1953-04-20T00:06:41.738Z', 'age': 71}, 'registered': {'date': '2015-11-23T01:58:57.809Z', 'age': 8}, 'phone': '(045) 0004970', 'cell': '(06) 70704229', 'id': {'name': 'BSN', 'value': '93332905'}, 'picture': {'large': 'https://randomuser.me/api/portraits/women/32.jpg', 'medium': 'https://randomuser.me/api/portraits/med/women/32.jpg', 'thumbnail': 'https://randomuser.me/api/portraits/thumb/women/32.jpg'}, 'nat': 'NL'}</msg>
<arg>${json_data['results'][0]}</arg>
<doc>Logs the given message with the given level.</doc>
<status status="PASS" start="2024-05-23T17:15:11.342568" elapsed="0.000425"/>
</kw>
<kw name="Log" owner="BuiltIn">
<msg time="2024-05-23T17:15:11.343421" level="INFO">email</msg>
<arg>${key}</arg>
<doc>Logs the given message with the given level.</doc>
<status status="PASS" start="2024-05-23T17:15:11.343293" elapsed="0.000166"/>
</kw>
<var name="${key}">email</var>
<status status="PASS" start="2024-05-23T17:15:11.341564" elapsed="0.002117"/>
</iter>
<iter>
<kw name="Dictionary Should Contain Key" owner="Collections">
<msg time="2024-05-23T17:15:11.344443" level="INFO">False</msg>
<arg>${json_data['results'][0]}</arg>
<arg>${key}</arg>
<doc>Fails if ``key`` is not found from ``dictionary``.</doc>
<status status="PASS" start="2024-05-23T17:15:11.344040" elapsed="0.000440"/>
</kw>
<kw name="Log" owner="BuiltIn">
<msg time="2024-05-23T17:15:11.345185" level="INFO">{'gender': 'female', 'name': {'title': 'Miss', 'first': 'Sybrich', 'last': 'Nab'}, 'location': {'street': {'number': 2173, 'name': 'Dokter Diamantlaan'}, 'city': 'Langeveen', 'state': 'Noord-Brabant', 'country': 'Netherlands', 'postcode': '6982 QH', 'coordinates': {'latitude': '36.9342', 'longitude': '58.1432'}, 'timezone': {'offset': '-1:00', 'description': 'Azores, Cape Verde Islands'}}, 'email': 'sybrich.nab@example.com', 'login': {'uuid': 'e7363678-51c8-4a16-8c31-bf2a5680117e', 'username': 'beautifulostrich979', 'password': 'carol', 'salt': 'hUIPdAXY', 'md5': 'ea77544a78cf79917dba439d27187d10', 'sha1': 'd3f9bb900e97e9a7b6e07e9b44f8df2b7f188fb0', 'sha256': 'dba154d8e60998e39a5a0924489266c742049d3d327735a8da8507077a4987b1'}, 'dob': {'date': '1953-04-20T00:06:41.738Z', 'age': 71}, 'registered': {'date': '2015-11-23T01:58:57.809Z', 'age': 8}, 'phone': '(045) 0004970', 'cell': '(06) 70704229', 'id': {'name': 'BSN', 'value': '93332905'}, 'picture': {'large': 'https://randomuser.me/api/portraits/women/32.jpg', 'medium': 'https://randomuser.me/api/portraits/med/women/32.jpg', 'thumbnail': 'https://randomuser.me/api/portraits/thumb/women/32.jpg'}, 'nat': 'NL'}</msg>
<arg>${json_data['results'][0]}</arg>
<doc>Logs the given message with the given level.</doc>
<status status="PASS" start="2024-05-23T17:15:11.344825" elapsed="0.000408"/>
</kw>
<kw name="Log" owner="BuiltIn">
<msg time="2024-05-23T17:15:11.345661" level="INFO">login</msg>
<arg>${key}</arg>
<doc>Logs the given message with the given level.</doc>
<status status="PASS" start="2024-05-23T17:15:11.345532" elapsed="0.000168"/>
</kw>
<var name="${key}">login</var>
<status status="PASS" start="2024-05-23T17:15:11.343921" elapsed="0.002051"/>
</iter>
<var>${key}</var>
<value>@{expected_keys}</value>
<status status="PASS" start="2024-05-23T17:15:11.334751" elapsed="0.011352"/>
</for>
<kw name="Create List" owner="BuiltIn">
<msg time="2024-05-23T17:15:11.346514" level="INFO">${expected_keysTwo} = ['username', 'password']</msg>
<var>${expected_keysTwo}</var>
<arg>username</arg>
<arg>password</arg>
<doc>Returns a list containing given items.</doc>
<status status="PASS" start="2024-05-23T17:15:11.346319" elapsed="0.000222"/>
</kw>
<for flavor="IN">
<iter>
<kw name="Dictionary Should Contain Key" owner="Collections">
<msg time="2024-05-23T17:15:11.347471" level="INFO">False</msg>
<arg>${json_data['results'][0]['login']}</arg>
<arg>${keyTwo}</arg>
<doc>Fails if ``key`` is not found from ``dictionary``.</doc>
<status status="PASS" start="2024-05-23T17:15:11.347060" elapsed="0.000450"/>
</kw>
<kw name="Dictionary Should Contain Key" owner="Collections">
<msg time="2024-05-23T17:15:11.348241" level="INFO">False</msg>
<arg>${json_data['results'][0]['login']}</arg>
<arg>${keyTwo}</arg>
<doc>Fails if ``key`` is not found from ``dictionary``.</doc>
<status status="PASS" start="2024-05-23T17:15:11.347859" elapsed="0.000420"/>
</kw>
<kw name="Log" owner="BuiltIn">
<msg time="2024-05-23T17:15:11.348708" level="INFO">username</msg>
<arg>${keyTwo}</arg>
<doc>Logs the given message with the given level.</doc>
<status status="PASS" start="2024-05-23T17:15:11.348578" elapsed="0.000167"/>
</kw>
<var name="${keyTwo}">username</var>
<status status="PASS" start="2024-05-23T17:15:11.346949" elapsed="0.002013"/>
</iter>
<iter>
<kw name="Dictionary Should Contain Key" owner="Collections">
<msg time="2024-05-23T17:15:11.349632" level="INFO">False</msg>
<arg>${json_data['results'][0]['login']}</arg>
<arg>${keyTwo}</arg>
<doc>Fails if ``key`` is not found from ``dictionary``.</doc>
<status status="PASS" start="2024-05-23T17:15:11.349249" elapsed="0.000420"/>
</kw>
<kw name="Dictionary Should Contain Key" owner="Collections">
<msg time="2024-05-23T17:15:11.350363" level="INFO">False</msg>
<arg>${json_data['results'][0]['login']}</arg>
<arg>${keyTwo}</arg>
<doc>Fails if ``key`` is not found from ``dictionary``.</doc>
<status status="PASS" start="2024-05-23T17:15:11.349971" elapsed="0.000431"/>
</kw>
<kw name="Log" owner="BuiltIn">
<msg time="2024-05-23T17:15:11.350865" level="INFO">password</msg>
<arg>${keyTwo}</arg>
<doc>Logs the given message with the given level.</doc>
<status status="PASS" start="2024-05-23T17:15:11.350731" elapsed="0.000171"/>
</kw>
<var name="${keyTwo}">password</var>
<status status="PASS" start="2024-05-23T17:15:11.349137" elapsed="0.001983"/>
</iter>
<var>${keyTwo}</var>
<value>@{expected_keysTwo}</value>
<status status="PASS" start="2024-05-23T17:15:11.346787" elapsed="0.004455"/>
</for>
<status status="PASS" start="2024-05-23T17:15:11.239085" elapsed="0.112307"/>
</kw>
<doc>Testa a estrutura da resposta da API.</doc>
<tag>testeEstruturaResposta</tag>
<status status="PASS" start="2024-05-23T17:15:11.238434" elapsed="0.113124"/>
</test>
<test id="s1-s1-t4" name="Validar tipos de dados" line="28">
<kw name="Teste de Tipos de Dados" owner="random-user-service">
<kw name="GET On Session" owner="RequestsLibrary">
<msg time="2024-05-23T17:15:11.417302" level="INFO">GET Request : url=https://randomuser.me/api 
 path_url=/api 
 headers={'User-Agent': 'python-requests/2.32.2', 'Accept-Encoding': 'gzip, deflate', 'Accept': '*/*', 'Connection': 'keep-alive'} 
 body=None 
 </msg>
<msg time="2024-05-23T17:15:11.417417" level="INFO">GET Response : url=https://randomuser.me/api 
 status=200, reason=OK 
 headers={'Date': 'Thu, 23 May 2024 17:15:11 GMT', 'Content-Type': 'application/json; charset=utf-8', 'Transfer-Encoding': 'chunked', 'Connection': 'keep-alive', 'X-Powered-By': 'Express', 'Access-Control-Allow-Origin': '*', 'Cache-Control': 'no-cache', 'ETag': 'W/"490-67NN5n7+ioVusikjTbsv5sLm8gA"', 'Vary': 'Accept-Encoding', 'Content-Encoding': 'gzip', 'CF-Cache-Status': 'DYNAMIC', 'Report-To': '{"endpoints":[{"url":"https:\\/\\/a.nel.cloudflare.com\\/report\\/v4?s=n9lzuvL5ZfjA%2F3jclKHtaY30s71i%2BfmkBQWe8v95bvHL2DbeRnhh2OI4UYW4578jHAwuwR3Rsz3MWKm5L18jmonGLxJmi1tpugPAFgbxucgVw9zbYrvzPJ%2BeR45jTj2u"}],"group":"cf-nel","max_age":604800}', 'NEL': '{"success_fraction":0,"report_to":"cf-nel","max_age":604800}', 'Server': 'cloudflare', 'CF-RAY': '8886afc3fc7361a3-ORD', 'alt-svc': 'h3=":443"; ma=86400'} 
 body={"results":[{"gender":"female","name":{"title":"Miss","first":"Florence","last":"Lam"},"location":{"street":{"number":8966,"name":"Dalhousie Ave"},"city":"Field","state":"Nunavut","country":"Canada","postcode":"A4U 1B4","coordinates":{"latitude":"-70.0813","longitude":"32.0131"},"timezone":{"offset":"+1:00","description":"Brussels, Copenhagen, Madrid, Paris"}},"email":"florence.lam@example.com","login":{"uuid":"7737e559-0c61-4a41-a787-936554a800c8","username":"heavylion315","password":"lister","salt":"XzhNrexE","md5":"36fd4af8999d3bb3c4abdcd6fe71de52","sha1":"558da12256894fef6918ec187f98e15d58f4fad2","sha256":"25fd8ec1050960528fff29903b195fe4c4618ed6f6644e6ae91e16e45f14da27"},"dob":{"date":"1969-02-23T05:04:58.074Z","age":55},"registered":{"date":"2008-09-08T19:08:40.517Z","age":15},"phone":"G65 B08-5314","cell":"G87 M47-0093","id":{"name":"SIN","value":"211148507"},"picture":{"large":"https://randomuser.me/api/portraits/women/32.jpg","medium":"https://randomuser.me/api/portraits/med/women/32.jpg","thumbnail":"https://randomuser.me/api/portraits/thumb/women/32.jpg"},"nat":"CA"}],"info":{"seed":"2f4147db4deac69f","results":1,"page":1,"version":"1.4"}} 
 </msg>
<msg time="2024-05-23T17:15:11.417502" level="INFO">/opt/hostedtoolcache/Python/3.12.3/x64/lib/python3.12/site-packages/urllib3/connectionpool.py:1103: InsecureRequestWarning: Unverified HTTPS request is being made to host 'randomuser.me'. Adding certificate verification is strongly advised. See: https://urllib3.readthedocs.io/en/latest/advanced-usage.html#tls-warnings
  warnings.warn(</msg>
<msg time="2024-05-23T17:15:11.417645" level="INFO">${response} = &lt;Response [200]&gt;</msg>
<var>${response}</var>
<arg>consultarAPI</arg>
<arg>/api</arg>
<doc>Sends a GET request on a previously created HTTP Session.</doc>
<status status="PASS" start="2024-05-23T17:15:11.354098" elapsed="0.063584"/>
</kw>
<kw name="Set Variable" owner="BuiltIn">
<msg time="2024-05-23T17:15:11.418820" level="INFO">${json_data} = {'results': [{'gender': 'female', 'name': {'title': 'Miss', 'first': 'Florence', 'last': 'Lam'}, 'location': {'street': {'number': 8966, 'name': 'Dalhousie Ave'}, 'city': 'Field', 'state': 'Nunavut', ...</msg>
<var>${json_data}</var>
<arg>${response.json()}</arg>
<doc>Returns the given values which can then be assigned to a variables.</doc>
<status status="PASS" start="2024-05-23T17:15:11.418251" elapsed="0.000598"/>
</kw>
<kw name="Log" owner="BuiltIn">
<msg time="2024-05-23T17:15:11.419333" level="INFO">{'results': [{'gender': 'female', 'name': {'title': 'Miss', 'first': 'Florence', 'last': 'Lam'}, 'location': {'street': {'number': 8966, 'name': 'Dalhousie Ave'}, 'city': 'Field', 'state': 'Nunavut', 'country': 'Canada', 'postcode': 'A4U 1B4', 'coordinates': {'latitude': '-70.0813', 'longitude': '32.0131'}, 'timezone': {'offset': '+1:00', 'description': 'Brussels, Copenhagen, Madrid, Paris'}}, 'email': 'florence.lam@example.com', 'login': {'uuid': '7737e559-0c61-4a41-a787-936554a800c8', 'username': 'heavylion315', 'password': 'lister', 'salt': 'XzhNrexE', 'md5': '36fd4af8999d3bb3c4abdcd6fe71de52', 'sha1': '558da12256894fef6918ec187f98e15d58f4fad2', 'sha256': '25fd8ec1050960528fff29903b195fe4c4618ed6f6644e6ae91e16e45f14da27'}, 'dob': {'date': '1969-02-23T05:04:58.074Z', 'age': 55}, 'registered': {'date': '2008-09-08T19:08:40.517Z', 'age': 15}, 'phone': 'G65 B08-5314', 'cell': 'G87 M47-0093', 'id': {'name': 'SIN', 'value': '211148507'}, 'picture': {'large': 'https://randomuser.me/api/portraits/women/32.jpg', 'medium': 'https://randomuser.me/api/portraits/med/women/32.jpg', 'thumbnail': 'https://randomuser.me/api/portraits/thumb/women/32.jpg'}, 'nat': 'CA'}], 'info': {'seed': '2f4147db4deac69f', 'results': 1, 'page': 1, 'version': '1.4'}}</msg>
<arg>${json_data}</arg>
<doc>Logs the given message with the given level.</doc>
<status status="PASS" start="2024-05-23T17:15:11.419171" elapsed="0.000248"/>
</kw>
<kw name="Should Be String" owner="String">
<arg>${json_data['results'][0]['gender']}</arg>
<doc>Fails if the given ``item`` is not a string.</doc>
<status status="PASS" start="2024-05-23T17:15:11.419727" elapsed="0.000375"/>
</kw>
<kw name="Should Match Regexp" owner="BuiltIn">
<arg>${json_data['results'][0]['email']}</arg>
<arg>^[a-zA-Z0-9._%+-]+@[a-zA-Z0-9.-]+\.[a-zA-Z]{2,}$</arg>
<doc>Fails if ``string`` does not match ``pattern`` as a regular expression.</doc>
<status status="PASS" start="2024-05-23T17:15:11.420299" elapsed="0.000691"/>
</kw>
<kw name="Should Match Regexp" owner="BuiltIn">
<arg>${json_data['results'][0]['dob']['date']}</arg>
<arg>\\d{4}-\\d{2}-\\d{2}T\\d{2}:\\d{2}:\\d{2}\\.\\d{3}Z</arg>
<doc>Fails if ``string`` does not match ``pattern`` as a regular expression.</doc>
<status status="PASS" start="2024-05-23T17:15:11.421194" elapsed="0.000498"/>
</kw>
<kw name="Should Match Regexp" owner="BuiltIn">
<arg>${json_data['results'][0]['registered']['date']}</arg>
<arg>\\d{4}-\\d{2}-\\d{2}T\\d{2}:\\d{2}:\\d{2}\\.\\d{3}Z</arg>
<doc>Fails if ``string`` does not match ``pattern`` as a regular expression.</doc>
<status status="PASS" start="2024-05-23T17:15:11.421917" elapsed="0.000377"/>
</kw>
<kw name="Should Match Regexp" owner="BuiltIn">
<arg>${json_data['results'][0]['picture']['large']}</arg>
<arg>^https?://.*\.(?:png|jpe?g|gif|bmp)$</arg>
<doc>Fails if ``string`` does not match ``pattern`` as a regular expression.</doc>
<status status="PASS" start="2024-05-23T17:15:11.422518" elapsed="0.000491"/>
</kw>
<kw name="Should Match Regexp" owner="BuiltIn">
<arg>${json_data['results'][0]['picture']['medium']}</arg>
<arg>^https?://.*\.(?:png|jpe?g|gif|bmp)$</arg>
<doc>Fails if ``string`` does not match ``pattern`` as a regular expression.</doc>
<status status="PASS" start="2024-05-23T17:15:11.423205" elapsed="0.000353"/>
</kw>
<kw name="Should Match Regexp" owner="BuiltIn">
<arg>${json_data['results'][0]['picture']['thumbnail']}</arg>
<arg>^https?://.*\.(?:png|jpe?g|gif|bmp)$</arg>
<doc>Fails if ``string`` does not match ``pattern`` as a regular expression.</doc>
<status status="PASS" start="2024-05-23T17:15:11.423748" elapsed="0.000347"/>
</kw>
<kw name="Log" owner="BuiltIn">
<msg time="2024-05-23T17:15:11.424603" level="INFO">{'large': 'https://randomuser.me/api/portraits/women/32.jpg', 'medium': 'https://randomuser.me/api/portraits/med/women/32.jpg', 'thumbnail': 'https://randomuser.me/api/portraits/thumb/women/32.jpg'}</msg>
<arg>${json_data['results'][0]['picture']}</arg>
<doc>Logs the given message with the given level.</doc>
<status status="PASS" start="2024-05-23T17:15:11.424277" elapsed="0.000368"/>
</kw>
<status status="PASS" start="2024-05-23T17:15:11.353850" elapsed="0.071100"/>
</kw>
<kw name="Teste de Tipos de Dados - Postcode" owner="random-user-service">
<kw name="GET On Session" owner="RequestsLibrary">
<msg time="2024-05-23T17:15:11.512179" level="INFO">GET Request : url=https://randomuser.me/api 
 path_url=/api 
 headers={'User-Agent': 'python-requests/2.32.2', 'Accept-Encoding': 'gzip, deflate', 'Accept': '*/*', 'Connection': 'keep-alive'} 
 body=None 
 </msg>
<msg time="2024-05-23T17:15:11.512274" level="INFO">GET Response : url=https://randomuser.me/api 
 status=200, reason=OK 
 headers={'Date': 'Thu, 23 May 2024 17:15:11 GMT', 'Content-Type': 'application/json; charset=utf-8', 'Transfer-Encoding': 'chunked', 'Connection': 'keep-alive', 'X-Powered-By': 'Express', 'Access-Control-Allow-Origin': '*', 'Cache-Control': 'no-cache', 'ETag': 'W/"482-uroR2+6R4G0w8IAqqpx053wEW3Y"', 'Vary': 'Accept-Encoding', 'Content-Encoding': 'gzip', 'CF-Cache-Status': 'DYNAMIC', 'Report-To': '{"endpoints":[{"url":"https:\\/\\/a.nel.cloudflare.com\\/report\\/v4?s=yZBmnuQ452abTJChvqXonzYeDLXMMST9sKF4ES3pmmGRSH4SDdkLs3lThsB0xnuZpA5%2Fed60RMvC12oosCfls82SV0z4G%2BFQEp7hk1X7SZhvJF9KJwz3H3bVd%2BT8qTN5"}],"group":"cf-nel","max_age":604800}', 'NEL': '{"success_fraction":0,"report_to":"cf-nel","max_age":604800}', 'Server': 'cloudflare', 'CF-RAY': '8886afc46cf561a3-ORD', 'alt-svc': 'h3=":443"; ma=86400'} 
 body={"results":[{"gender":"female","name":{"title":"Miss","first":"Hrisa","last":"Krip'yakevich"},"location":{"street":{"number":8505,"name":"Gusovskogo"},"city":"Sorokine","state":"Ternopilska","country":"Ukraine","postcode":39976,"coordinates":{"latitude":"77.3312","longitude":"135.5510"},"timezone":{"offset":"-10:00","description":"Hawaii"}},"email":"hrisa.krip'yakevich@example.com","login":{"uuid":"f711d4dc-5f4c-4f88-9a69-a7b47b4c42aa","username":"purpleostrich497","password":"hardone","salt":"8qU8HFtO","md5":"a802ccb6b6152550a2b735d40a24ac2e","sha1":"d06c511a1f1e494154e1c1a25a85df5cb1952ffc","sha256":"79da74ee8efaad937bc5d4cdef9f58d89d85d78a2b3dcc1212efcabf1d9b5556"},"dob":{"date":"1984-05-14T22:31:10.749Z","age":40},"registered":{"date":"2008-03-22T03:33:46.133Z","age":16},"phone":"(097) I72-1661","cell":"(097) M65-6560","id":{"name":"","value":null},"picture":{"large":"https://randomuser.me/api/portraits/women/43.jpg","medium":"https://randomuser.me/api/portraits/med/women/43.jpg","thumbnail":"https://randomuser.me/api/portraits/thumb/women/43.jpg"},"nat":"UA"}],"info":{"seed":"942e98de8a9701f7","results":1,"page":1,"version":"1.4"}} 
 </msg>
<msg time="2024-05-23T17:15:11.512345" level="INFO">/opt/hostedtoolcache/Python/3.12.3/x64/lib/python3.12/site-packages/urllib3/connectionpool.py:1103: InsecureRequestWarning: Unverified HTTPS request is being made to host 'randomuser.me'. Adding certificate verification is strongly advised. See: https://urllib3.readthedocs.io/en/latest/advanced-usage.html#tls-warnings
  warnings.warn(</msg>
<msg time="2024-05-23T17:15:11.512469" level="INFO">${response} = &lt;Response [200]&gt;</msg>
<var>${response}</var>
<arg>consultarAPI</arg>
<arg>/api</arg>
<doc>Sends a GET request on a previously created HTTP Session.</doc>
<status status="PASS" start="2024-05-23T17:15:11.425423" elapsed="0.087086"/>
</kw>
<kw name="Set Variable" owner="BuiltIn">
<msg time="2024-05-23T17:15:11.513708" level="INFO">${json_data} = {'results': [{'gender': 'female', 'name': {'title': 'Miss', 'first': 'Hrisa', 'last': "Krip'yakevich"}, 'location': {'street': {'number': 8505, 'name': 'Gusovskogo'}, 'city': 'Sorokine', 'state': 'Ter...</msg>
<var>${json_data}</var>
<arg>${response.json()}</arg>
<doc>Returns the given values which can then be assigned to a variables.</doc>
<status status="PASS" start="2024-05-23T17:15:11.513144" elapsed="0.000593"/>
</kw>
<kw name="Log" owner="BuiltIn">
<msg time="2024-05-23T17:15:11.514239" level="INFO">{'results': [{'gender': 'female', 'name': {'title': 'Miss', 'first': 'Hrisa', 'last': "Krip'yakevich"}, 'location': {'street': {'number': 8505, 'name': 'Gusovskogo'}, 'city': 'Sorokine', 'state': 'Ternopilska', 'country': 'Ukraine', 'postcode': 39976, 'coordinates': {'latitude': '77.3312', 'longitude': '135.5510'}, 'timezone': {'offset': '-10:00', 'description': 'Hawaii'}}, 'email': "hrisa.krip'yakevich@example.com", 'login': {'uuid': 'f711d4dc-5f4c-4f88-9a69-a7b47b4c42aa', 'username': 'purpleostrich497', 'password': 'hardone', 'salt': '8qU8HFtO', 'md5': 'a802ccb6b6152550a2b735d40a24ac2e', 'sha1': 'd06c511a1f1e494154e1c1a25a85df5cb1952ffc', 'sha256': '79da74ee8efaad937bc5d4cdef9f58d89d85d78a2b3dcc1212efcabf1d9b5556'}, 'dob': {'date': '1984-05-14T22:31:10.749Z', 'age': 40}, 'registered': {'date': '2008-03-22T03:33:46.133Z', 'age': 16}, 'phone': '(097) I72-1661', 'cell': '(097) M65-6560', 'id': {'name': '', 'value': None}, 'picture': {'large': 'https://randomuser.me/api/portraits/women/43.jpg', 'medium': 'https://randomuser.me/api/portraits/med/women/43.jpg', 'thumbnail': 'https://randomuser.me/api/portraits/thumb/women/43.jpg'}, 'nat': 'UA'}], 'info': {'seed': '942e98de8a9701f7', 'results': 1, 'page': 1, 'version': '1.4'}}</msg>
<arg>${json_data}</arg>
<doc>Logs the given message with the given level.</doc>
<status status="PASS" start="2024-05-23T17:15:11.514077" elapsed="0.000248"/>
</kw>
<kw name="Should Be Equal As Numbers" owner="BuiltIn">
<arg>${json_data['results'][0]['location']['postcode']}</arg>
<arg>${json_data['results'][0]['location']['postcode']}</arg>
<doc>Fails if objects are unequal after converting them to real numbers.</doc>
<status status="PASS" start="2024-05-23T17:15:11.514680" elapsed="0.000639"/>
</kw>
<kw name="Log" owner="BuiltIn">
<msg time="2024-05-23T17:15:11.515845" level="INFO">39976</msg>
<arg>${json_data['results'][0]['location']['postcode']}</arg>
<doc>Logs the given message with the given level.</doc>
<status status="PASS" start="2024-05-23T17:15:11.515511" elapsed="0.000373"/>
</kw>
<status status="PASS" start="2024-05-23T17:15:11.425187" elapsed="0.090995"/>
</kw>
<doc>Testa se os tipos de dados na resposta da API estão corretos.</doc>
<tag>testeTiposDados</tag>
<status status="PASS" start="2024-05-23T17:15:11.353351" elapsed="0.163021"/>
</test>
<test id="s1-s1-t5" name="Validar conteudo" line="35">
<kw name="Teste de Tipos de Conteudo" owner="random-user-service">
<kw name="GET On Session" owner="RequestsLibrary">
<msg time="2024-05-23T17:15:11.610532" level="INFO">GET Request : url=https://randomuser.me/api 
 path_url=/api 
 headers={'User-Agent': 'python-requests/2.32.2', 'Accept-Encoding': 'gzip, deflate', 'Accept': '*/*', 'Connection': 'keep-alive'} 
 body=None 
 </msg>
<msg time="2024-05-23T17:15:11.610650" level="INFO">GET Response : url=https://randomuser.me/api 
 status=200, reason=OK 
 headers={'Date': 'Thu, 23 May 2024 17:15:11 GMT', 'Content-Type': 'application/json; charset=utf-8', 'Transfer-Encoding': 'chunked', 'Connection': 'keep-alive', 'X-Powered-By': 'Express', 'Access-Control-Allow-Origin': '*', 'Cache-Control': 'no-cache', 'ETag': 'W/"483-T987YqoZO9r13qr4QfkGXBNoM4o"', 'Vary': 'Accept-Encoding', 'Content-Encoding': 'gzip', 'CF-Cache-Status': 'DYNAMIC', 'Report-To': '{"endpoints":[{"url":"https:\\/\\/a.nel.cloudflare.com\\/report\\/v4?s=MI1DppxvJLDLS7ICIxPOU9b9K2%2FAWYMa4jXXivdYJfVmTAVp8Xj0vmTwzsCNeZbBjEM52loDpCRSXoM5HLPS%2Bbu%2FKeVqQUb9nTDnrtOMCijWyfN0KxILWLwnsW9IYfow"}],"group":"cf-nel","max_age":604800}', 'NEL': '{"success_fraction":0,"report_to":"cf-nel","max_age":604800}', 'Server': 'cloudflare', 'CF-RAY': '8886afc50dba61a3-ORD', 'alt-svc': 'h3=":443"; ma=86400'} 
 body={"results":[{"gender":"male","name":{"title":"Mr","first":"Santiago","last":"Gallardo"},"location":{"street":{"number":9788,"name":"Calle Nebrija"},"city":"Orense","state":"Ceuta","country":"Spain","postcode":48846,"coordinates":{"latitude":"-37.9025","longitude":"-151.2221"},"timezone":{"offset":"+6:00","description":"Almaty, Dhaka, Colombo"}},"email":"santiago.gallardo@example.com","login":{"uuid":"e4cfe976-dfbb-4b1d-9fe4-5f5e796e1155","username":"tinyelephant429","password":"windsurf","salt":"37QRUf3M","md5":"1263b5c3effffc4185d76e246f6d1aad","sha1":"3ee6570bb6a4cce04aa60d541932777ae7037cc9","sha256":"068f6ddcf501faad008a8f301b74314cf7e2cdade961f2db3056e4354a4a97ec"},"dob":{"date":"1998-02-16T01:54:18.055Z","age":26},"registered":{"date":"2009-08-23T03:36:36.535Z","age":14},"phone":"946-390-133","cell":"637-440-569","id":{"name":"DNI","value":"27697836-K"},"picture":{"large":"https://randomuser.me/api/portraits/men/88.jpg","medium":"https://randomuser.me/api/portraits/med/men/88.jpg","thumbnail":"https://randomuser.me/api/portraits/thumb/men/88.jpg"},"nat":"ES"}],"info":{"seed":"7cc3121678dea641","results":1,"page":1,"version":"1.4"}} 
 </msg>
<msg time="2024-05-23T17:15:11.610731" level="INFO">/opt/hostedtoolcache/Python/3.12.3/x64/lib/python3.12/site-packages/urllib3/connectionpool.py:1103: InsecureRequestWarning: Unverified HTTPS request is being made to host 'randomuser.me'. Adding certificate verification is strongly advised. See: https://urllib3.readthedocs.io/en/latest/advanced-usage.html#tls-warnings
  warnings.warn(</msg>
<msg time="2024-05-23T17:15:11.610880" level="INFO">${response} = &lt;Response [200]&gt;</msg>
<var>${response}</var>
<arg>consultarAPI</arg>
<arg>/api</arg>
<doc>Sends a GET request on a previously created HTTP Session.</doc>
<status status="PASS" start="2024-05-23T17:15:11.518934" elapsed="0.091995"/>
</kw>
<kw name="Set Variable" owner="BuiltIn">
<msg time="2024-05-23T17:15:11.612122" level="INFO">${json_data} = {'results': [{'gender': 'male', 'name': {'title': 'Mr', 'first': 'Santiago', 'last': 'Gallardo'}, 'location': {'street': {'number': 9788, 'name': 'Calle Nebrija'}, 'city': 'Orense', 'state': 'Ceuta', ...</msg>
<var>${json_data}</var>
<arg>${response.json()}</arg>
<doc>Returns the given values which can then be assigned to a variables.</doc>
<status status="PASS" start="2024-05-23T17:15:11.611573" elapsed="0.000577"/>
</kw>
<kw name="Set Variable" owner="BuiltIn">
<msg time="2024-05-23T17:15:11.612849" level="INFO">${name_title} = Mr</msg>
<var>${name_title}</var>
<arg>${json_data["results"][0]["name"]["title"]}</arg>
<doc>Returns the given values which can then be assigned to a variables.</doc>
<status status="PASS" start="2024-05-23T17:15:11.612464" elapsed="0.000411"/>
</kw>
<kw name="Create List" owner="BuiltIn">
<msg time="2024-05-23T17:15:11.613328" level="INFO">${allowed_titles} = ['Mr', 'Ms', 'Miss', 'Mrs', 'Madame', 'Monsieur']</msg>
<var>${allowed_titles}</var>
<arg>Mr</arg>
<arg>Ms</arg>
<arg>Miss</arg>
<arg>Mrs</arg>
<arg>Madame</arg>
<arg>Monsieur</arg>
<doc>Returns a list containing given items.</doc>
<status status="PASS" start="2024-05-23T17:15:11.613177" elapsed="0.000175"/>
</kw>
<kw name="List Should Contain Value" owner="Collections">
<msg time="2024-05-23T17:15:11.613836" level="INFO">False</msg>
<arg>${allowed_titles}</arg>
<arg>${name_title}</arg>
<doc>Fails if the ``value`` is not found from ``list``.</doc>
<status status="PASS" start="2024-05-23T17:15:11.613658" elapsed="0.000215"/>
</kw>
<kw name="Set Variable" owner="BuiltIn">
<msg time="2024-05-23T17:15:11.614830" level="INFO">${name_country} = ES</msg>
<var>${name_country}</var>
<arg>${json_data["results"][0]["nat"]}</arg>
<doc>Returns the given values which can then be assigned to a variables.</doc>
<status status="PASS" start="2024-05-23T17:15:11.614187" elapsed="0.000669"/>
</kw>
<kw name="Create List" owner="BuiltIn">
<msg time="2024-05-23T17:15:11.615813" level="INFO">${list_country} = ['AD', 'AE', 'AF', 'AG', 'AI', 'AL', 'AM', 'AO', 'AQ', 'AR', 'AS', 'AT', 'AU', 'AW', 'AX', 'AZ', 'BA', 'BB', 'BD', 'BE', 'BF', 'BG', 'BH', 'BI', 'BJ', 'BL', 'BM', 'BN', 'BO', 'BQ', 'BR', 'BS', 'BT', '...</msg>
<var>${list_country}</var>
<arg>AD</arg>
<arg>AE</arg>
<arg>AF</arg>
<arg>AG</arg>
<arg>AI</arg>
<arg>AL</arg>
<arg>AM</arg>
<arg>AO</arg>
<arg>AQ</arg>
<arg>AR</arg>
<arg>AS</arg>
<arg>AT</arg>
<arg>AU</arg>
<arg>AW</arg>
<arg>AX</arg>
<arg>AZ</arg>
<arg>BA</arg>
<arg>BB</arg>
<arg>BD</arg>
<arg>BE</arg>
<arg>BF</arg>
<arg>BG</arg>
<arg>BH</arg>
<arg>BI</arg>
<arg>BJ</arg>
<arg>BL</arg>
<arg>BM</arg>
<arg>BN</arg>
<arg>BO</arg>
<arg>BQ</arg>
<arg>BR</arg>
<arg>BS</arg>
<arg>BT</arg>
<arg>BV</arg>
<arg>BW</arg>
<arg>BY</arg>
<arg>BZ</arg>
<arg>CA</arg>
<arg>CC</arg>
<arg>CD</arg>
<arg>CF</arg>
<arg>CG</arg>
<arg>CH</arg>
<arg>CI</arg>
<arg>CK</arg>
<arg>CL</arg>
<arg>CM</arg>
<arg>CN</arg>
<arg>CO</arg>
<arg>CR</arg>
<arg>CU</arg>
<arg>CV</arg>
<arg>CW</arg>
<arg>CX</arg>
<arg>CY</arg>
<arg>CZ</arg>
<arg>DE</arg>
<arg>DJ</arg>
<arg>DK</arg>
<arg>DM</arg>
<arg>DO</arg>
<arg>DZ</arg>
<arg>EC</arg>
<arg>EE</arg>
<arg>EG</arg>
<arg>EH</arg>
<arg>ER</arg>
<arg>ES</arg>
<arg>ET</arg>
<arg>FI</arg>
<arg>FJ</arg>
<arg>FK</arg>
<arg>FM</arg>
<arg>FO</arg>
<arg>FR</arg>
<arg>GA</arg>
<arg>GB</arg>
<arg>GD</arg>
<arg>GE</arg>
<arg>GF</arg>
<arg>GG</arg>
<arg>GH</arg>
<arg>GI</arg>
<arg>GL</arg>
<arg>GM</arg>
<arg>GN</arg>
<arg>GP</arg>
<arg>GQ</arg>
<arg>GR</arg>
<arg>GS</arg>
<arg>GT</arg>
<arg>GU</arg>
<arg>GW</arg>
<arg>GY</arg>
<arg>HK</arg>
<arg>HM</arg>
<arg>HN</arg>
<arg>HR</arg>
<arg>HT</arg>
<arg>HU</arg>
<arg>ID</arg>
<arg>IE</arg>
<arg>IL</arg>
<arg>IM</arg>
<arg>IN</arg>
<arg>IO</arg>
<arg>IQ</arg>
<arg>IR</arg>
<arg>IS</arg>
<arg>IT</arg>
<arg>JE</arg>
<arg>JM</arg>
<arg>JO</arg>
<arg>JP</arg>
<arg>KE</arg>
<arg>KG</arg>
<arg>KH</arg>
<arg>KI</arg>
<arg>KM</arg>
<arg>KN</arg>
<arg>KP</arg>
<arg>KR</arg>
<arg>KW</arg>
<arg>KY</arg>
<arg>KZ</arg>
<arg>LA</arg>
<arg>LB</arg>
<arg>LC</arg>
<arg>LI</arg>
<arg>LK</arg>
<arg>LR</arg>
<arg>LS</arg>
<arg>LT</arg>
<arg>LU</arg>
<arg>LV</arg>
<arg>LY</arg>
<arg>MA</arg>
<arg>MC</arg>
<arg>MD</arg>
<arg>ME</arg>
<arg>MF</arg>
<arg>MG</arg>
<arg>MH</arg>
<arg>MK</arg>
<arg>ML</arg>
<arg>MM</arg>
<arg>MN</arg>
<arg>MO</arg>
<arg>MP</arg>
<arg>MQ</arg>
<arg>MR</arg>
<arg>MS</arg>
<arg>MT</arg>
<arg>MU</arg>
<arg>MV</arg>
<arg>MW</arg>
<arg>MX</arg>
<arg>MY</arg>
<arg>MZ</arg>
<arg>NA</arg>
<arg>NC</arg>
<arg>NE</arg>
<arg>NF</arg>
<arg>NG</arg>
<arg>NI</arg>
<arg>NL</arg>
<arg>NO</arg>
<arg>NP</arg>
<arg>NR</arg>
<arg>NU</arg>
<arg>NZ</arg>
<arg>OM</arg>
<arg>PA</arg>
<arg>PE</arg>
<arg>PF</arg>
<arg>PG</arg>
<arg>PH</arg>
<arg>PK</arg>
<arg>PL</arg>
<arg>PM</arg>
<arg>PN</arg>
<arg>PR</arg>
<arg>PS</arg>
<arg>PT</arg>
<arg>PW</arg>
<arg>PY</arg>
<arg>QA</arg>
<arg>RE</arg>
<arg>RO</arg>
<arg>RS</arg>
<arg>RU</arg>
<arg>RW</arg>
<arg>SA</arg>
<arg>SB</arg>
<arg>SC</arg>
<arg>SD</arg>
<arg>SE</arg>
<arg>SG</arg>
<arg>SH</arg>
<arg>SI</arg>
<arg>SJ</arg>
<arg>SK</arg>
<arg>SL</arg>
<arg>SM</arg>
<arg>SN</arg>
<arg>SO</arg>
<arg>SR</arg>
<arg>SS</arg>
<arg>ST</arg>
<arg>SV</arg>
<arg>SX</arg>
<arg>SY</arg>
<arg>SZ</arg>
<arg>TC</arg>
<arg>TD</arg>
<arg>TF</arg>
<arg>TG</arg>
<arg>TH</arg>
<arg>TJ</arg>
<arg>TK</arg>
<arg>TL</arg>
<arg>TM</arg>
<arg>TN</arg>
<arg>TO</arg>
<arg>TR</arg>
<arg>TT</arg>
<arg>TV</arg>
<arg>TW</arg>
<arg>TZ</arg>
<arg>UA</arg>
<arg>UG</arg>
<arg>UM</arg>
<arg>US</arg>
<arg>UY</arg>
<arg>UZ</arg>
<arg>VA</arg>
<arg>VC</arg>
<arg>VE</arg>
<arg>VG</arg>
<arg>VI</arg>
<arg>VN</arg>
<arg>VU</arg>
<arg>WF</arg>
<arg>WS</arg>
<arg>XK</arg>
<arg>YE</arg>
<arg>YT</arg>
<arg>ZA</arg>
<arg>ZM</arg>
<arg>ZW</arg>
<doc>Returns a list containing given items.</doc>
<status status="PASS" start="2024-05-23T17:15:11.615216" elapsed="0.000623"/>
</kw>
<kw name="List Should Contain Value" owner="Collections">
<msg time="2024-05-23T17:15:11.616856" level="INFO">False</msg>
<arg>${list_country}</arg>
<arg>${name_country}</arg>
<doc>Fails if the ``value`` is not found from ``list``.</doc>
<status status="PASS" start="2024-05-23T17:15:11.616645" elapsed="0.000248"/>
</kw>
<kw name="Run Keyword If" owner="BuiltIn">
<kw name="Should Be True" owner="BuiltIn">
<arg>${True}</arg>
<doc>Fails if the given condition is not true.</doc>
<status status="PASS" start="2024-05-23T17:15:11.618024" elapsed="0.000165"/>
</kw>
<arg>${json_data["results"][0]["location"]["coordinates"]["latitude"]} &gt;= -90 and ${json_data["results"][0]["location"]["coordinates"]["latitude"]} &lt;= 90</arg>
<arg>Should Be True</arg>
<arg>${True}</arg>
<doc>Runs the given keyword with the given arguments, if ``condition`` is true.</doc>
<status status="PASS" start="2024-05-23T17:15:11.617212" elapsed="0.001116"/>
</kw>
<kw name="Run Keyword If" owner="BuiltIn">
<kw name="Should Be True" owner="BuiltIn">
<arg>${True}</arg>
<doc>Fails if the given condition is not true.</doc>
<status status="PASS" start="2024-05-23T17:15:11.619341" elapsed="0.000146"/>
</kw>
<arg>${json_data["results"][0]["location"]["coordinates"]["longitude"]} &gt;= -180 and ${json_data["results"][0]["location"]["coordinates"]["longitude"]} &lt;= 180</arg>
<arg>Should Be True</arg>
<arg>${True}</arg>
<doc>Runs the given keyword with the given arguments, if ``condition`` is true.</doc>
<status status="PASS" start="2024-05-23T17:15:11.618570" elapsed="0.001046"/>
</kw>
<status status="PASS" start="2024-05-23T17:15:11.518695" elapsed="0.101057"/>
</kw>
<doc>Testa o conteúdo específico dos campos retornados pela API.</doc>
<tag>testeConteudo</tag>
<status status="PASS" start="2024-05-23T17:15:11.518168" elapsed="0.101741"/>
</test>
<status status="PASS" start="2024-05-23T17:15:10.775031" elapsed="0.846870"/>
</suite>
<status status="PASS" start="2024-05-23T17:15:10.760837" elapsed="0.866466"/>
</suite>
<statistics>
<total>
<stat pass="5" fail="0" skip="0">All Tests</stat>
</total>
<tag>
<stat pass="1" fail="0" skip="0">testeConteudo</stat>
<stat pass="1" fail="0" skip="0">testeEstruturaResposta</stat>
<stat pass="1" fail="0" skip="0">testeRequisicaoBasica</stat>
<stat pass="1" fail="0" skip="0">testeTiposDados</stat>
</tag>
<suite>
<stat pass="5" fail="0" skip="0" id="s1" name="Tests">Tests</stat>
<stat pass="5" fail="0" skip="0" id="s1-s1" name="Random-User-Test">Tests.Random-User-Test</stat>
</suite>
</statistics>
<errors>
</errors>
</robot>
