<?xml version="1.0" encoding="UTF-8"?>
<robot generator="Robot 7.0 (Python 3.12.3 on linux)" generated="2024-05-22T13:16:56.717135" rpa="false" schemaversion="5">
<suite id="s1" name="Tests" source="/home/runner/work/DesafioQAItauRogerioJordao/DesafioQAItauRogerioJordao/RamdonUser/tests">
<suite id="s1-s1" name="Random-User-Test" source="/home/runner/work/DesafioQAItauRogerioJordao/DesafioQAItauRogerioJordao/RamdonUser/tests/random-user-test.robot">
<test id="s1-s1-t1" name="Conectar" line="13">
<kw name="Conectar API" owner="random-user-service">
<kw name="Create Session" owner="RequestsLibrary">
<msg time="2024-05-22T13:16:57.111882" level="INFO">Creating Session using : alias=consultarAPI, url=https://randomuser.me/, headers={},                     cookies={}, auth=None, timeout=None, proxies=None, verify=False,                     debug=0 </msg>
<arg>consultarAPI</arg>
<arg>${URL}</arg>
<doc>Create Session: create a HTTP session to a server</doc>
<status status="PASS" start="2024-05-22T13:16:57.111629" elapsed="0.000447"/>
</kw>
<status status="PASS" start="2024-05-22T13:16:57.110528" elapsed="0.001931"/>
</kw>
<status status="PASS" start="2024-05-22T13:16:57.109951" elapsed="0.002706"/>
</test>
<test id="s1-s1-t2" name="Validar retorno 200 e JSON Válido" line="16">
<kw name="Teste de Requisicao Basica" owner="random-user-service">
<kw name="GET On Session" owner="RequestsLibrary">
<msg time="2024-05-22T13:17:18.218808" level="INFO">GET Request : url=https://randomuser.me/api 
 path_url=/api 
 headers={'User-Agent': 'python-requests/2.32.2', 'Accept-Encoding': 'gzip, deflate', 'Accept': '*/*', 'Connection': 'keep-alive'} 
 body=None 
 </msg>
<msg time="2024-05-22T13:17:18.218979" level="INFO">GET Response : url=https://randomuser.me/api 
 status=200, reason=OK 
 headers={'Date': 'Wed, 22 May 2024 13:17:18 GMT', 'Content-Type': 'application/json; charset=utf-8', 'Transfer-Encoding': 'chunked', 'Connection': 'keep-alive', 'X-Powered-By': 'Express', 'Access-Control-Allow-Origin': '*', 'Cache-Control': 'no-cache', 'ETag': 'W/"470-RZaQ25fMM78WXIZZJGa1FFxmDfU"', 'Vary': 'Accept-Encoding', 'Content-Encoding': 'gzip', 'CF-Cache-Status': 'DYNAMIC', 'Report-To': '{"endpoints":[{"url":"https:\\/\\/a.nel.cloudflare.com\\/report\\/v4?s=R7URAFuPO1K07s9kKVwPV1Te8HL%2Bdbk%2BXwN%2BWchhFLqXH%2B%2F9BIWi7%2FHcLzyFBr532ZqkOTsmbIvEWC8C3vbL0U49E16%2FR19aCwJVgvso3%2Bd7vJhpgmJH%2BP%2FBqIBT4P8y"}],"group":"cf-nel","max_age":604800}', 'NEL': '{"success_fraction":0,"report_to":"cf-nel","max_age":604800}', 'Server': 'cloudflare', 'CF-RAY': '887d1569df798296-IAD', 'alt-svc': 'h3=":443"; ma=86400'} 
 body={"results":[{"gender":"female","name":{"title":"Miss","first":"Karla","last":"Golz"},"location":{"street":{"number":6503,"name":"Feldstraße"},"city":"Dahn","state":"Bayern","country":"Germany","postcode":82615,"coordinates":{"latitude":"-48.7790","longitude":"57.7238"},"timezone":{"offset":"-9:00","description":"Alaska"}},"email":"karla.golz@example.com","login":{"uuid":"8342a421-c67a-4678-a683-4b2b3272904f","username":"brownfish760","password":"lonewolf","salt":"ADQxCFQz","md5":"b1c6258f8b82668bdbf20e9644cc3524","sha1":"03e47079b2d9ed89fe5f706b2683d78c0b483769","sha256":"ae5965f16e6f04beb3b145355417c48f3c9b2c8b4038c0e77a17abf1a3d9ec99"},"dob":{"date":"1952-06-28T13:49:45.828Z","age":71},"registered":{"date":"2016-09-22T15:18:07.915Z","age":7},"phone":"0141-5029636","cell":"0171-9223000","id":{"name":"SVNR","value":"39 280652 G 677"},"picture":{"large":"https://randomuser.me/api/portraits/women/23.jpg","medium":"https://randomuser.me/api/portraits/med/women/23.jpg","thumbnail":"https://randomuser.me/api/portraits/thumb/women/23.jpg"},"nat":"DE"}],"info":{"seed":"ee87b2618cfc2a37","results":1,"page":1,"version":"1.4"}} 
 </msg>
<msg time="2024-05-22T13:17:18.219068" level="INFO">/opt/hostedtoolcache/Python/3.12.3/x64/lib/python3.12/site-packages/urllib3/connectionpool.py:1103: InsecureRequestWarning: Unverified HTTPS request is being made to host 'randomuser.me'. Adding certificate verification is strongly advised. See: https://urllib3.readthedocs.io/en/latest/advanced-usage.html#tls-warnings
  warnings.warn(</msg>
<msg time="2024-05-22T13:17:18.219240" level="INFO">${response} = &lt;Response [200]&gt;</msg>
<var>${response}</var>
<arg>consultarAPI</arg>
<arg>/api</arg>
<doc>Sends a GET request on a previously created HTTP Session.</doc>
<status status="PASS" start="2024-05-22T13:16:57.115294" elapsed="21.103992"/>
</kw>
<kw name="Should Be Equal As Numbers" owner="BuiltIn">
<msg time="2024-05-22T13:17:18.220364" level="INFO">Argument types are:
&lt;class 'int'&gt;
&lt;class 'str'&gt;</msg>
<arg>${response.status_code}</arg>
<arg>200</arg>
<doc>Fails if objects are unequal after converting them to real numbers.</doc>
<status status="PASS" start="2024-05-22T13:17:18.219896" elapsed="0.000532"/>
</kw>
<kw name="Log" owner="BuiltIn">
<msg time="2024-05-22T13:17:18.221202" level="INFO">200</msg>
<arg>${response.status_code}</arg>
<doc>Logs the given message with the given level.</doc>
<status status="PASS" start="2024-05-22T13:17:18.220783" elapsed="0.000468"/>
</kw>
<kw name="Set Variable" owner="BuiltIn">
<msg time="2024-05-22T13:17:18.222029" level="INFO">${json_data} = {'results': [{'gender': 'female', 'name': {'title': 'Miss', 'first': 'Karla', 'last': 'Golz'}, 'location': {'street': {'number': 6503, 'name': 'Feldstraße'}, 'city': 'Dahn', 'state': 'Bayern', 'countr...</msg>
<var>${json_data}</var>
<arg>${response.json()}</arg>
<doc>Returns the given values which can then be assigned to a variables.</doc>
<status status="PASS" start="2024-05-22T13:17:18.221579" elapsed="0.000480"/>
</kw>
<kw name="Dictionary Should Contain Key" owner="Collections">
<msg time="2024-05-22T13:17:18.222558" level="INFO">False</msg>
<arg>${json_data}</arg>
<arg>results</arg>
<doc>Fails if ``key`` is not found from ``dictionary``.</doc>
<status status="PASS" start="2024-05-22T13:17:18.222384" elapsed="0.000384"/>
</kw>
<status status="PASS" start="2024-05-22T13:16:57.115031" elapsed="21.108010"/>
</kw>
<doc>Testa se a API responde corretamente e retorna um objeto JSON válido.</doc>
<tag>testeRequisicaoBasica</tag>
<status status="PASS" start="2024-05-22T13:16:57.114550" elapsed="21.108675"/>
</test>
<test id="s1-s1-t3" name="Validar estrutura de resposta" line="22">
<kw name="Teste de Estrutura de Resposta" owner="random-user-service">
<kw name="GET On Session" owner="RequestsLibrary">
<msg time="2024-05-22T13:17:35.269889" level="INFO">GET Request : url=https://randomuser.me/api 
 path_url=/api 
 headers={'User-Agent': 'python-requests/2.32.2', 'Accept-Encoding': 'gzip, deflate', 'Accept': '*/*', 'Connection': 'keep-alive'} 
 body=None 
 </msg>
<msg time="2024-05-22T13:17:35.269996" level="INFO">GET Response : url=https://randomuser.me/api 
 status=200, reason=OK 
 headers={'Date': 'Wed, 22 May 2024 13:17:35 GMT', 'Content-Type': 'application/json; charset=utf-8', 'Transfer-Encoding': 'chunked', 'Connection': 'keep-alive', 'X-Powered-By': 'Express', 'Access-Control-Allow-Origin': '*', 'Cache-Control': 'no-cache', 'ETag': 'W/"48c-BY7qHG7FGEAAfnRBYA2GpzMwqcM"', 'Vary': 'Accept-Encoding', 'Content-Encoding': 'gzip', 'CF-Cache-Status': 'DYNAMIC', 'Report-To': '{"endpoints":[{"url":"https:\\/\\/a.nel.cloudflare.com\\/report\\/v4?s=3STim1%2BFGulliUOgdVTodj8ezoglsIEeFkUW1ctTXR80EwZXIZPmRtkYeE7sdkGudghucZYL4rrimpiR0PmLuE10MDUciaar%2FOP%2FnzPfrfdpVwcaoTB%2FmPQgKW8pvxxP"}],"group":"cf-nel","max_age":604800}', 'NEL': '{"success_fraction":0,"report_to":"cf-nel","max_age":604800}', 'Server': 'cloudflare', 'CF-RAY': '887d15ecec098296-IAD', 'alt-svc': 'h3=":443"; ma=86400'} 
 body={"results":[{"gender":"female","name":{"title":"Ms","first":"Alicia","last":"Lozano"},"location":{"street":{"number":5155,"name":"Calle de Segovia"},"city":"Oviedo","state":"Cantabria","country":"Spain","postcode":98396,"coordinates":{"latitude":"-30.3572","longitude":"127.6751"},"timezone":{"offset":"+4:00","description":"Abu Dhabi, Muscat, Baku, Tbilisi"}},"email":"alicia.lozano@example.com","login":{"uuid":"07d989a3-fd0a-47bb-8d48-8061665efdc6","username":"lazylion139","password":"daman","salt":"2aNBSQa2","md5":"22a396944719d366db505dbef59ae525","sha1":"aa7e23c3ea2430dc598e73e5bd918219972e254e","sha256":"7e9c5a30385068b98780d50c1ca8ed5e49723e09c382381e9abb35382d32bb37"},"dob":{"date":"1967-08-02T19:04:08.035Z","age":56},"registered":{"date":"2004-07-03T17:47:37.938Z","age":19},"phone":"943-898-747","cell":"661-281-394","id":{"name":"DNI","value":"30657687-C"},"picture":{"large":"https://randomuser.me/api/portraits/women/39.jpg","medium":"https://randomuser.me/api/portraits/med/women/39.jpg","thumbnail":"https://randomuser.me/api/portraits/thumb/women/39.jpg"},"nat":"ES"}],"info":{"seed":"9a71266bc5db61d1","results":1,"page":1,"version":"1.4"}} 
 </msg>
<msg time="2024-05-22T13:17:35.270151" level="INFO">/opt/hostedtoolcache/Python/3.12.3/x64/lib/python3.12/site-packages/urllib3/connectionpool.py:1103: InsecureRequestWarning: Unverified HTTPS request is being made to host 'randomuser.me'. Adding certificate verification is strongly advised. See: https://urllib3.readthedocs.io/en/latest/advanced-usage.html#tls-warnings
  warnings.warn(</msg>
<msg time="2024-05-22T13:17:35.270303" level="INFO">${response} = &lt;Response [200]&gt;</msg>
<var>${response}</var>
<arg>consultarAPI</arg>
<arg>/api</arg>
<doc>Sends a GET request on a previously created HTTP Session.</doc>
<status status="PASS" start="2024-05-22T13:17:18.225863" elapsed="17.044481"/>
</kw>
<kw name="Set Variable" owner="BuiltIn">
<msg time="2024-05-22T13:17:35.271739" level="INFO">${json_data} = {'results': [{'gender': 'female', 'name': {'title': 'Ms', 'first': 'Alicia', 'last': 'Lozano'}, 'location': {'street': {'number': 5155, 'name': 'Calle de Segovia'}, 'city': 'Oviedo', 'state': 'Cantabr...</msg>
<var>${json_data}</var>
<arg>${response.json()}</arg>
<doc>Returns the given values which can then be assigned to a variables.</doc>
<status status="PASS" start="2024-05-22T13:17:35.271147" elapsed="0.000629"/>
</kw>
<kw name="Log" owner="BuiltIn">
<msg time="2024-05-22T13:17:35.272257" level="INFO">{'results': [{'gender': 'female', 'name': {'title': 'Ms', 'first': 'Alicia', 'last': 'Lozano'}, 'location': {'street': {'number': 5155, 'name': 'Calle de Segovia'}, 'city': 'Oviedo', 'state': 'Cantabria', 'country': 'Spain', 'postcode': 98396, 'coordinates': {'latitude': '-30.3572', 'longitude': '127.6751'}, 'timezone': {'offset': '+4:00', 'description': 'Abu Dhabi, Muscat, Baku, Tbilisi'}}, 'email': 'alicia.lozano@example.com', 'login': {'uuid': '07d989a3-fd0a-47bb-8d48-8061665efdc6', 'username': 'lazylion139', 'password': 'daman', 'salt': '2aNBSQa2', 'md5': '22a396944719d366db505dbef59ae525', 'sha1': 'aa7e23c3ea2430dc598e73e5bd918219972e254e', 'sha256': '7e9c5a30385068b98780d50c1ca8ed5e49723e09c382381e9abb35382d32bb37'}, 'dob': {'date': '1967-08-02T19:04:08.035Z', 'age': 56}, 'registered': {'date': '2004-07-03T17:47:37.938Z', 'age': 19}, 'phone': '943-898-747', 'cell': '661-281-394', 'id': {'name': 'DNI', 'value': '30657687-C'}, 'picture': {'large': 'https://randomuser.me/api/portraits/women/39.jpg', 'medium': 'https://randomuser.me/api/portraits/med/women/39.jpg', 'thumbnail': 'https://randomuser.me/api/portraits/thumb/women/39.jpg'}, 'nat': 'ES'}], 'info': {'seed': '9a71266bc5db61d1', 'results': 1, 'page': 1, 'version': '1.4'}}</msg>
<arg>${json_data}</arg>
<doc>Logs the given message with the given level.</doc>
<status status="PASS" start="2024-05-22T13:17:35.272096" elapsed="0.000209"/>
</kw>
<kw name="Dictionary Should Contain Key" owner="Collections">
<msg time="2024-05-22T13:17:35.272763" level="INFO">False</msg>
<arg>${json_data}</arg>
<arg>results</arg>
<doc>Fails if ``key`` is not found from ``dictionary``.</doc>
<status status="PASS" start="2024-05-22T13:17:35.272605" elapsed="0.000195"/>
</kw>
<kw name="Should Not Be Empty" owner="BuiltIn">
<msg time="2024-05-22T13:17:35.273234" level="INFO">Length is 2.</msg>
<arg>${json_data}</arg>
<doc>Verifies that the given item is not empty.</doc>
<status status="PASS" start="2024-05-22T13:17:35.273100" elapsed="0.000173"/>
</kw>
<kw name="Create List" owner="BuiltIn">
<msg time="2024-05-22T13:17:35.273734" level="INFO">${expected_keys} = ['gender', 'name', 'location', 'email', 'login']</msg>
<var>${expected_keys}</var>
<arg>gender</arg>
<arg>name</arg>
<arg>location</arg>
<arg>email</arg>
<arg>login</arg>
<doc>Returns a list containing given items.</doc>
<status status="PASS" start="2024-05-22T13:17:35.273578" elapsed="0.000180"/>
</kw>
<for flavor="IN">
<iter>
<kw name="Dictionary Should Contain Key" owner="Collections">
<msg time="2024-05-22T13:17:35.274770" level="INFO">False</msg>
<arg>${json_data['results'][0]}</arg>
<arg>${key}</arg>
<doc>Fails if ``key`` is not found from ``dictionary``.</doc>
<status status="PASS" start="2024-05-22T13:17:35.274371" elapsed="0.000443"/>
</kw>
<kw name="Log" owner="BuiltIn">
<msg time="2024-05-22T13:17:35.275496" level="INFO">{'gender': 'female', 'name': {'title': 'Ms', 'first': 'Alicia', 'last': 'Lozano'}, 'location': {'street': {'number': 5155, 'name': 'Calle de Segovia'}, 'city': 'Oviedo', 'state': 'Cantabria', 'country': 'Spain', 'postcode': 98396, 'coordinates': {'latitude': '-30.3572', 'longitude': '127.6751'}, 'timezone': {'offset': '+4:00', 'description': 'Abu Dhabi, Muscat, Baku, Tbilisi'}}, 'email': 'alicia.lozano@example.com', 'login': {'uuid': '07d989a3-fd0a-47bb-8d48-8061665efdc6', 'username': 'lazylion139', 'password': 'daman', 'salt': '2aNBSQa2', 'md5': '22a396944719d366db505dbef59ae525', 'sha1': 'aa7e23c3ea2430dc598e73e5bd918219972e254e', 'sha256': '7e9c5a30385068b98780d50c1ca8ed5e49723e09c382381e9abb35382d32bb37'}, 'dob': {'date': '1967-08-02T19:04:08.035Z', 'age': 56}, 'registered': {'date': '2004-07-03T17:47:37.938Z', 'age': 19}, 'phone': '943-898-747', 'cell': '661-281-394', 'id': {'name': 'DNI', 'value': '30657687-C'}, 'picture': {'large': 'https://randomuser.me/api/portraits/women/39.jpg', 'medium': 'https://randomuser.me/api/portraits/med/women/39.jpg', 'thumbnail': 'https://randomuser.me/api/portraits/thumb/women/39.jpg'}, 'nat': 'ES'}</msg>
<arg>${json_data['results'][0]}</arg>
<doc>Logs the given message with the given level.</doc>
<status status="PASS" start="2024-05-22T13:17:35.275122" elapsed="0.000423"/>
</kw>
<kw name="Log" owner="BuiltIn">
<msg time="2024-05-22T13:17:35.276007" level="INFO">gender</msg>
<arg>${key}</arg>
<doc>Logs the given message with the given level.</doc>
<status status="PASS" start="2024-05-22T13:17:35.275877" elapsed="0.000168"/>
</kw>
<var name="${key}">gender</var>
<status status="PASS" start="2024-05-22T13:17:35.274244" elapsed="0.002020"/>
</iter>
<iter>
<kw name="Dictionary Should Contain Key" owner="Collections">
<msg time="2024-05-22T13:17:35.276952" level="INFO">False</msg>
<arg>${json_data['results'][0]}</arg>
<arg>${key}</arg>
<doc>Fails if ``key`` is not found from ``dictionary``.</doc>
<status status="PASS" start="2024-05-22T13:17:35.276568" elapsed="0.000421"/>
</kw>
<kw name="Log" owner="BuiltIn">
<msg time="2024-05-22T13:17:35.277675" level="INFO">{'gender': 'female', 'name': {'title': 'Ms', 'first': 'Alicia', 'last': 'Lozano'}, 'location': {'street': {'number': 5155, 'name': 'Calle de Segovia'}, 'city': 'Oviedo', 'state': 'Cantabria', 'country': 'Spain', 'postcode': 98396, 'coordinates': {'latitude': '-30.3572', 'longitude': '127.6751'}, 'timezone': {'offset': '+4:00', 'description': 'Abu Dhabi, Muscat, Baku, Tbilisi'}}, 'email': 'alicia.lozano@example.com', 'login': {'uuid': '07d989a3-fd0a-47bb-8d48-8061665efdc6', 'username': 'lazylion139', 'password': 'daman', 'salt': '2aNBSQa2', 'md5': '22a396944719d366db505dbef59ae525', 'sha1': 'aa7e23c3ea2430dc598e73e5bd918219972e254e', 'sha256': '7e9c5a30385068b98780d50c1ca8ed5e49723e09c382381e9abb35382d32bb37'}, 'dob': {'date': '1967-08-02T19:04:08.035Z', 'age': 56}, 'registered': {'date': '2004-07-03T17:47:37.938Z', 'age': 19}, 'phone': '943-898-747', 'cell': '661-281-394', 'id': {'name': 'DNI', 'value': '30657687-C'}, 'picture': {'large': 'https://randomuser.me/api/portraits/women/39.jpg', 'medium': 'https://randomuser.me/api/portraits/med/women/39.jpg', 'thumbnail': 'https://randomuser.me/api/portraits/thumb/women/39.jpg'}, 'nat': 'ES'}</msg>
<arg>${json_data['results'][0]}</arg>
<doc>Logs the given message with the given level.</doc>
<status status="PASS" start="2024-05-22T13:17:35.277318" elapsed="0.000407"/>
</kw>
<kw name="Log" owner="BuiltIn">
<msg time="2024-05-22T13:17:35.278154" level="INFO">name</msg>
<arg>${key}</arg>
<doc>Logs the given message with the given level.</doc>
<status status="PASS" start="2024-05-22T13:17:35.278026" elapsed="0.000165"/>
</kw>
<var name="${key}">name</var>
<status status="PASS" start="2024-05-22T13:17:35.276453" elapsed="0.001962"/>
</iter>
<iter>
<kw name="Dictionary Should Contain Key" owner="Collections">
<msg time="2024-05-22T13:17:35.279089" level="INFO">False</msg>
<arg>${json_data['results'][0]}</arg>
<arg>${key}</arg>
<doc>Fails if ``key`` is not found from ``dictionary``.</doc>
<status status="PASS" start="2024-05-22T13:17:35.278710" elapsed="0.000417"/>
</kw>
<kw name="Log" owner="BuiltIn">
<msg time="2024-05-22T13:17:35.279825" level="INFO">{'gender': 'female', 'name': {'title': 'Ms', 'first': 'Alicia', 'last': 'Lozano'}, 'location': {'street': {'number': 5155, 'name': 'Calle de Segovia'}, 'city': 'Oviedo', 'state': 'Cantabria', 'country': 'Spain', 'postcode': 98396, 'coordinates': {'latitude': '-30.3572', 'longitude': '127.6751'}, 'timezone': {'offset': '+4:00', 'description': 'Abu Dhabi, Muscat, Baku, Tbilisi'}}, 'email': 'alicia.lozano@example.com', 'login': {'uuid': '07d989a3-fd0a-47bb-8d48-8061665efdc6', 'username': 'lazylion139', 'password': 'daman', 'salt': '2aNBSQa2', 'md5': '22a396944719d366db505dbef59ae525', 'sha1': 'aa7e23c3ea2430dc598e73e5bd918219972e254e', 'sha256': '7e9c5a30385068b98780d50c1ca8ed5e49723e09c382381e9abb35382d32bb37'}, 'dob': {'date': '1967-08-02T19:04:08.035Z', 'age': 56}, 'registered': {'date': '2004-07-03T17:47:37.938Z', 'age': 19}, 'phone': '943-898-747', 'cell': '661-281-394', 'id': {'name': 'DNI', 'value': '30657687-C'}, 'picture': {'large': 'https://randomuser.me/api/portraits/women/39.jpg', 'medium': 'https://randomuser.me/api/portraits/med/women/39.jpg', 'thumbnail': 'https://randomuser.me/api/portraits/thumb/women/39.jpg'}, 'nat': 'ES'}</msg>
<arg>${json_data['results'][0]}</arg>
<doc>Logs the given message with the given level.</doc>
<status status="PASS" start="2024-05-22T13:17:35.279425" elapsed="0.000450"/>
</kw>
<kw name="Log" owner="BuiltIn">
<msg time="2024-05-22T13:17:35.280302" level="INFO">location</msg>
<arg>${key}</arg>
<doc>Logs the given message with the given level.</doc>
<status status="PASS" start="2024-05-22T13:17:35.280177" elapsed="0.000162"/>
</kw>
<var name="${key}">location</var>
<status status="PASS" start="2024-05-22T13:17:35.278595" elapsed="0.001968"/>
</iter>
<iter>
<kw name="Dictionary Should Contain Key" owner="Collections">
<msg time="2024-05-22T13:17:35.281352" level="INFO">False</msg>
<arg>${json_data['results'][0]}</arg>
<arg>${key}</arg>
<doc>Fails if ``key`` is not found from ``dictionary``.</doc>
<status status="PASS" start="2024-05-22T13:17:35.280846" elapsed="0.000545"/>
</kw>
<kw name="Log" owner="BuiltIn">
<msg time="2024-05-22T13:17:35.282059" level="INFO">{'gender': 'female', 'name': {'title': 'Ms', 'first': 'Alicia', 'last': 'Lozano'}, 'location': {'street': {'number': 5155, 'name': 'Calle de Segovia'}, 'city': 'Oviedo', 'state': 'Cantabria', 'country': 'Spain', 'postcode': 98396, 'coordinates': {'latitude': '-30.3572', 'longitude': '127.6751'}, 'timezone': {'offset': '+4:00', 'description': 'Abu Dhabi, Muscat, Baku, Tbilisi'}}, 'email': 'alicia.lozano@example.com', 'login': {'uuid': '07d989a3-fd0a-47bb-8d48-8061665efdc6', 'username': 'lazylion139', 'password': 'daman', 'salt': '2aNBSQa2', 'md5': '22a396944719d366db505dbef59ae525', 'sha1': 'aa7e23c3ea2430dc598e73e5bd918219972e254e', 'sha256': '7e9c5a30385068b98780d50c1ca8ed5e49723e09c382381e9abb35382d32bb37'}, 'dob': {'date': '1967-08-02T19:04:08.035Z', 'age': 56}, 'registered': {'date': '2004-07-03T17:47:37.938Z', 'age': 19}, 'phone': '943-898-747', 'cell': '661-281-394', 'id': {'name': 'DNI', 'value': '30657687-C'}, 'picture': {'large': 'https://randomuser.me/api/portraits/women/39.jpg', 'medium': 'https://randomuser.me/api/portraits/med/women/39.jpg', 'thumbnail': 'https://randomuser.me/api/portraits/thumb/women/39.jpg'}, 'nat': 'ES'}</msg>
<arg>${json_data['results'][0]}</arg>
<doc>Logs the given message with the given level.</doc>
<status status="PASS" start="2024-05-22T13:17:35.281699" elapsed="0.000408"/>
</kw>
<kw name="Log" owner="BuiltIn">
<msg time="2024-05-22T13:17:35.282534" level="INFO">email</msg>
<arg>${key}</arg>
<doc>Logs the given message with the given level.</doc>
<status status="PASS" start="2024-05-22T13:17:35.282406" elapsed="0.000166"/>
</kw>
<var name="${key}">email</var>
<status status="PASS" start="2024-05-22T13:17:35.280734" elapsed="0.002054"/>
</iter>
<iter>
<kw name="Dictionary Should Contain Key" owner="Collections">
<msg time="2024-05-22T13:17:35.283458" level="INFO">False</msg>
<arg>${json_data['results'][0]}</arg>
<arg>${key}</arg>
<doc>Fails if ``key`` is not found from ``dictionary``.</doc>
<status status="PASS" start="2024-05-22T13:17:35.283076" elapsed="0.000419"/>
</kw>
<kw name="Log" owner="BuiltIn">
<msg time="2024-05-22T13:17:35.284201" level="INFO">{'gender': 'female', 'name': {'title': 'Ms', 'first': 'Alicia', 'last': 'Lozano'}, 'location': {'street': {'number': 5155, 'name': 'Calle de Segovia'}, 'city': 'Oviedo', 'state': 'Cantabria', 'country': 'Spain', 'postcode': 98396, 'coordinates': {'latitude': '-30.3572', 'longitude': '127.6751'}, 'timezone': {'offset': '+4:00', 'description': 'Abu Dhabi, Muscat, Baku, Tbilisi'}}, 'email': 'alicia.lozano@example.com', 'login': {'uuid': '07d989a3-fd0a-47bb-8d48-8061665efdc6', 'username': 'lazylion139', 'password': 'daman', 'salt': '2aNBSQa2', 'md5': '22a396944719d366db505dbef59ae525', 'sha1': 'aa7e23c3ea2430dc598e73e5bd918219972e254e', 'sha256': '7e9c5a30385068b98780d50c1ca8ed5e49723e09c382381e9abb35382d32bb37'}, 'dob': {'date': '1967-08-02T19:04:08.035Z', 'age': 56}, 'registered': {'date': '2004-07-03T17:47:37.938Z', 'age': 19}, 'phone': '943-898-747', 'cell': '661-281-394', 'id': {'name': 'DNI', 'value': '30657687-C'}, 'picture': {'large': 'https://randomuser.me/api/portraits/women/39.jpg', 'medium': 'https://randomuser.me/api/portraits/med/women/39.jpg', 'thumbnail': 'https://randomuser.me/api/portraits/thumb/women/39.jpg'}, 'nat': 'ES'}</msg>
<arg>${json_data['results'][0]}</arg>
<doc>Logs the given message with the given level.</doc>
<status status="PASS" start="2024-05-22T13:17:35.283834" elapsed="0.000416"/>
</kw>
<kw name="Log" owner="BuiltIn">
<msg time="2024-05-22T13:17:35.284674" level="INFO">login</msg>
<arg>${key}</arg>
<doc>Logs the given message with the given level.</doc>
<status status="PASS" start="2024-05-22T13:17:35.284546" elapsed="0.000167"/>
</kw>
<var name="${key}">login</var>
<status status="PASS" start="2024-05-22T13:17:35.282964" elapsed="0.002019"/>
</iter>
<var>${key}</var>
<value>@{expected_keys}</value>
<status status="PASS" start="2024-05-22T13:17:35.274034" elapsed="0.011096"/>
</for>
<kw name="Create List" owner="BuiltIn">
<msg time="2024-05-22T13:17:35.285476" level="INFO">${expected_keysTwo} = ['username', 'password']</msg>
<var>${expected_keysTwo}</var>
<arg>username</arg>
<arg>password</arg>
<doc>Returns a list containing given items.</doc>
<status status="PASS" start="2024-05-22T13:17:35.285334" elapsed="0.000166"/>
</kw>
<for flavor="IN">
<iter>
<kw name="Dictionary Should Contain Key" owner="Collections">
<msg time="2024-05-22T13:17:35.286406" level="INFO">False</msg>
<arg>${json_data['results'][0]['login']}</arg>
<arg>${keyTwo}</arg>
<doc>Fails if ``key`` is not found from ``dictionary``.</doc>
<status status="PASS" start="2024-05-22T13:17:35.286011" elapsed="0.000433"/>
</kw>
<kw name="Dictionary Should Contain Key" owner="Collections">
<msg time="2024-05-22T13:17:35.287141" level="INFO">False</msg>
<arg>${json_data['results'][0]['login']}</arg>
<arg>${keyTwo}</arg>
<doc>Fails if ``key`` is not found from ``dictionary``.</doc>
<status status="PASS" start="2024-05-22T13:17:35.286744" elapsed="0.000435"/>
</kw>
<kw name="Log" owner="BuiltIn">
<msg time="2024-05-22T13:17:35.287612" level="INFO">username</msg>
<arg>${keyTwo}</arg>
<doc>Logs the given message with the given level.</doc>
<status status="PASS" start="2024-05-22T13:17:35.287485" elapsed="0.000186"/>
</kw>
<var name="${keyTwo}">username</var>
<status status="PASS" start="2024-05-22T13:17:35.285900" elapsed="0.002004"/>
</iter>
<iter>
<kw name="Dictionary Should Contain Key" owner="Collections">
<msg time="2024-05-22T13:17:35.288572" level="INFO">False</msg>
<arg>${json_data['results'][0]['login']}</arg>
<arg>${keyTwo}</arg>
<doc>Fails if ``key`` is not found from ``dictionary``.</doc>
<status status="PASS" start="2024-05-22T13:17:35.288191" elapsed="0.000419"/>
</kw>
<kw name="Dictionary Should Contain Key" owner="Collections">
<msg time="2024-05-22T13:17:35.289283" level="INFO">False</msg>
<arg>${json_data['results'][0]['login']}</arg>
<arg>${keyTwo}</arg>
<doc>Fails if ``key`` is not found from ``dictionary``.</doc>
<status status="PASS" start="2024-05-22T13:17:35.288903" elapsed="0.000417"/>
</kw>
<kw name="Log" owner="BuiltIn">
<msg time="2024-05-22T13:17:35.289743" level="INFO">password</msg>
<arg>${keyTwo}</arg>
<doc>Logs the given message with the given level.</doc>
<status status="PASS" start="2024-05-22T13:17:35.289616" elapsed="0.000165"/>
</kw>
<var name="${keyTwo}">password</var>
<status status="PASS" start="2024-05-22T13:17:35.288076" elapsed="0.001921"/>
</iter>
<var>${keyTwo}</var>
<value>@{expected_keysTwo}</value>
<status status="PASS" start="2024-05-22T13:17:35.285744" elapsed="0.004373"/>
</for>
<status status="PASS" start="2024-05-22T13:17:18.225618" elapsed="17.064643"/>
</kw>
<doc>Testa a estrutura da resposta da API.</doc>
<tag>testeEstruturaResposta</tag>
<status status="PASS" start="2024-05-22T13:17:18.225096" elapsed="17.065329"/>
</test>
<test id="s1-s1-t4" name="Validar tipos de dados" line="28">
<kw name="Teste de Tipos de Dados" owner="random-user-service">
<kw name="GET On Session" owner="RequestsLibrary">
<msg time="2024-05-22T13:17:47.366498" level="INFO">GET Request : url=https://randomuser.me/api 
 path_url=/api 
 headers={'User-Agent': 'python-requests/2.32.2', 'Accept-Encoding': 'gzip, deflate', 'Accept': '*/*', 'Connection': 'keep-alive'} 
 body=None 
 </msg>
<msg time="2024-05-22T13:17:47.366603" level="INFO">GET Response : url=https://randomuser.me/api 
 status=200, reason=OK 
 headers={'Date': 'Wed, 22 May 2024 13:17:47 GMT', 'Content-Type': 'application/json; charset=utf-8', 'Transfer-Encoding': 'chunked', 'Connection': 'keep-alive', 'X-Powered-By': 'Express', 'Access-Control-Allow-Origin': '*', 'Cache-Control': 'no-cache', 'ETag': 'W/"47e-nKr2jVlEp4aRX+zVPEXxKww/MrU"', 'Vary': 'Accept-Encoding', 'Content-Encoding': 'gzip', 'CF-Cache-Status': 'DYNAMIC', 'Report-To': '{"endpoints":[{"url":"https:\\/\\/a.nel.cloudflare.com\\/report\\/v4?s=PhTPJZOW4IzBZBS8CpzDo2SlZkw%2BZfCfpZqULFLIzBjrHQb7sRNrblujY9qRpOxO2O13ffJOxMiJFI7pFbLC8mdTLwzdyqkV%2FanGMlawWnZkgpWnlyqLIhdLAsomGCYv"}],"group":"cf-nel","max_age":604800}', 'NEL': '{"success_fraction":0,"report_to":"cf-nel","max_age":604800}', 'Server': 'cloudflare', 'CF-RAY': '887d16579e2e8296-IAD', 'alt-svc': 'h3=":443"; ma=86400'} 
 body={"results":[{"gender":"male","name":{"title":"Mr","first":"Adolfo","last":"Parra"},"location":{"street":{"number":6360,"name":"Calle de La Democracia"},"city":"Málaga","state":"Extremadura","country":"Spain","postcode":56526,"coordinates":{"latitude":"-35.9201","longitude":"-169.8081"},"timezone":{"offset":"-2:00","description":"Mid-Atlantic"}},"email":"adolfo.parra@example.com","login":{"uuid":"0a6a8898-d941-4b13-a4ca-a43efd6be0c1","username":"smallostrich669","password":"crystal","salt":"1LqfQgp3","md5":"3d6990e6e8aa3b50197cfd582da5e21c","sha1":"af28f4fa10ce54199f091a0b41b3314cbb323ebb","sha256":"d029b87626abe7fc47e0a34c6f638fe3299117bcc86534a0b14344bab958a62d"},"dob":{"date":"1958-11-10T00:32:28.919Z","age":65},"registered":{"date":"2007-01-24T08:12:39.673Z","age":17},"phone":"998-479-071","cell":"640-836-947","id":{"name":"DNI","value":"25998942-H"},"picture":{"large":"https://randomuser.me/api/portraits/men/88.jpg","medium":"https://randomuser.me/api/portraits/med/men/88.jpg","thumbnail":"https://randomuser.me/api/portraits/thumb/men/88.jpg"},"nat":"ES"}],"info":{"seed":"0b586c53cb5a56d1","results":1,"page":1,"version":"1.4"}} 
 </msg>
<msg time="2024-05-22T13:17:47.366677" level="INFO">/opt/hostedtoolcache/Python/3.12.3/x64/lib/python3.12/site-packages/urllib3/connectionpool.py:1103: InsecureRequestWarning: Unverified HTTPS request is being made to host 'randomuser.me'. Adding certificate verification is strongly advised. See: https://urllib3.readthedocs.io/en/latest/advanced-usage.html#tls-warnings
  warnings.warn(</msg>
<msg time="2024-05-22T13:17:47.366820" level="INFO">${response} = &lt;Response [200]&gt;</msg>
<var>${response}</var>
<arg>consultarAPI</arg>
<arg>/api</arg>
<doc>Sends a GET request on a previously created HTTP Session.</doc>
<status status="PASS" start="2024-05-22T13:17:35.293457" elapsed="12.073404"/>
</kw>
<kw name="Set Variable" owner="BuiltIn">
<msg time="2024-05-22T13:17:47.367993" level="INFO">${json_data} = {'results': [{'gender': 'male', 'name': {'title': 'Mr', 'first': 'Adolfo', 'last': 'Parra'}, 'location': {'street': {'number': 6360, 'name': 'Calle de La Democracia'}, 'city': 'Málaga', 'state': 'Extr...</msg>
<var>${json_data}</var>
<arg>${response.json()}</arg>
<doc>Returns the given values which can then be assigned to a variables.</doc>
<status status="PASS" start="2024-05-22T13:17:47.367428" elapsed="0.000596"/>
</kw>
<kw name="Log" owner="BuiltIn">
<msg time="2024-05-22T13:17:47.368505" level="INFO">{'results': [{'gender': 'male', 'name': {'title': 'Mr', 'first': 'Adolfo', 'last': 'Parra'}, 'location': {'street': {'number': 6360, 'name': 'Calle de La Democracia'}, 'city': 'Málaga', 'state': 'Extremadura', 'country': 'Spain', 'postcode': 56526, 'coordinates': {'latitude': '-35.9201', 'longitude': '-169.8081'}, 'timezone': {'offset': '-2:00', 'description': 'Mid-Atlantic'}}, 'email': 'adolfo.parra@example.com', 'login': {'uuid': '0a6a8898-d941-4b13-a4ca-a43efd6be0c1', 'username': 'smallostrich669', 'password': 'crystal', 'salt': '1LqfQgp3', 'md5': '3d6990e6e8aa3b50197cfd582da5e21c', 'sha1': 'af28f4fa10ce54199f091a0b41b3314cbb323ebb', 'sha256': 'd029b87626abe7fc47e0a34c6f638fe3299117bcc86534a0b14344bab958a62d'}, 'dob': {'date': '1958-11-10T00:32:28.919Z', 'age': 65}, 'registered': {'date': '2007-01-24T08:12:39.673Z', 'age': 17}, 'phone': '998-479-071', 'cell': '640-836-947', 'id': {'name': 'DNI', 'value': '25998942-H'}, 'picture': {'large': 'https://randomuser.me/api/portraits/men/88.jpg', 'medium': 'https://randomuser.me/api/portraits/med/men/88.jpg', 'thumbnail': 'https://randomuser.me/api/portraits/thumb/men/88.jpg'}, 'nat': 'ES'}], 'info': {'seed': '0b586c53cb5a56d1', 'results': 1, 'page': 1, 'version': '1.4'}}</msg>
<arg>${json_data}</arg>
<doc>Logs the given message with the given level.</doc>
<status status="PASS" start="2024-05-22T13:17:47.368338" elapsed="0.000262"/>
</kw>
<kw name="Should Be String" owner="String">
<arg>${json_data['results'][0]['gender']}</arg>
<doc>Fails if the given ``item`` is not a string.</doc>
<status status="PASS" start="2024-05-22T13:17:47.368910" elapsed="0.000367"/>
</kw>
<kw name="Should Match Regexp" owner="BuiltIn">
<arg>${json_data['results'][0]['email']}</arg>
<arg>^[a-zA-Z0-9._%+-]+@[a-zA-Z0-9.-]+\.[a-zA-Z]{2,}$</arg>
<doc>Fails if ``string`` does not match ``pattern`` as a regular expression.</doc>
<status status="PASS" start="2024-05-22T13:17:47.369472" elapsed="0.000701"/>
</kw>
<kw name="Should Match Regexp" owner="BuiltIn">
<arg>${json_data['results'][0]['dob']['date']}</arg>
<arg>\\d{4}-\\d{2}-\\d{2}T\\d{2}:\\d{2}:\\d{2}\\.\\d{3}Z</arg>
<doc>Fails if ``string`` does not match ``pattern`` as a regular expression.</doc>
<status status="PASS" start="2024-05-22T13:17:47.370374" elapsed="0.000489"/>
</kw>
<kw name="Should Match Regexp" owner="BuiltIn">
<arg>${json_data['results'][0]['registered']['date']}</arg>
<arg>\\d{4}-\\d{2}-\\d{2}T\\d{2}:\\d{2}:\\d{2}\\.\\d{3}Z</arg>
<doc>Fails if ``string`` does not match ``pattern`` as a regular expression.</doc>
<status status="PASS" start="2024-05-22T13:17:47.371059" elapsed="0.000366"/>
</kw>
<kw name="Should Match Regexp" owner="BuiltIn">
<arg>${json_data['results'][0]['picture']['large']}</arg>
<arg>^https?://.*\.(?:png|jpe?g|gif|bmp)$</arg>
<doc>Fails if ``string`` does not match ``pattern`` as a regular expression.</doc>
<status status="PASS" start="2024-05-22T13:17:47.371614" elapsed="0.000486"/>
</kw>
<kw name="Should Match Regexp" owner="BuiltIn">
<arg>${json_data['results'][0]['picture']['medium']}</arg>
<arg>^https?://.*\.(?:png|jpe?g|gif|bmp)$</arg>
<doc>Fails if ``string`` does not match ``pattern`` as a regular expression.</doc>
<status status="PASS" start="2024-05-22T13:17:47.372292" elapsed="0.000352"/>
</kw>
<kw name="Should Match Regexp" owner="BuiltIn">
<arg>${json_data['results'][0]['picture']['thumbnail']}</arg>
<arg>^https?://.*\.(?:png|jpe?g|gif|bmp)$</arg>
<doc>Fails if ``string`` does not match ``pattern`` as a regular expression.</doc>
<status status="PASS" start="2024-05-22T13:17:47.372833" elapsed="0.000348"/>
</kw>
<kw name="Log" owner="BuiltIn">
<msg time="2024-05-22T13:17:47.373686" level="INFO">{'large': 'https://randomuser.me/api/portraits/men/88.jpg', 'medium': 'https://randomuser.me/api/portraits/med/men/88.jpg', 'thumbnail': 'https://randomuser.me/api/portraits/thumb/men/88.jpg'}</msg>
<arg>${json_data['results'][0]['picture']}</arg>
<doc>Logs the given message with the given level.</doc>
<status status="PASS" start="2024-05-22T13:17:47.373363" elapsed="0.000364"/>
</kw>
<status status="PASS" start="2024-05-22T13:17:35.293114" elapsed="12.080874"/>
</kw>
<kw name="Teste de Tipos de Dados - Postcode" owner="random-user-service">
<kw name="GET On Session" owner="RequestsLibrary">
<msg time="2024-05-22T13:17:58.589995" level="INFO">GET Request : url=https://randomuser.me/api 
 path_url=/api 
 headers={'User-Agent': 'python-requests/2.32.2', 'Accept-Encoding': 'gzip, deflate', 'Accept': '*/*', 'Connection': 'keep-alive'} 
 body=None 
 </msg>
<msg time="2024-05-22T13:17:58.590110" level="INFO">GET Response : url=https://randomuser.me/api 
 status=200, reason=OK 
 headers={'Date': 'Wed, 22 May 2024 13:17:58 GMT', 'Content-Type': 'application/json; charset=utf-8', 'Transfer-Encoding': 'chunked', 'Connection': 'keep-alive', 'X-Powered-By': 'Express', 'Access-Control-Allow-Origin': '*', 'Cache-Control': 'no-cache', 'ETag': 'W/"46c-Ppt7fvnSpPfXLv7bDM6uC6X4yPM"', 'Vary': 'Accept-Encoding', 'Content-Encoding': 'gzip', 'CF-Cache-Status': 'DYNAMIC', 'Report-To': '{"endpoints":[{"url":"https:\\/\\/a.nel.cloudflare.com\\/report\\/v4?s=jKemN5fH%2FL%2FB51OPOENCq39a7Sn4YY0sjj0lIJ2OE9IO9cbmEeo%2F40d2Oj3BkIXQyXaP6J83ylVXW0muHhuw%2BhNoZAbG%2FEmkgiJAj1h2cgQR16UsY%2B0r%2Fxkp4SyW1eOg"}],"group":"cf-nel","max_age":604800}', 'NEL': '{"success_fraction":0,"report_to":"cf-nel","max_age":604800}', 'Server': 'cloudflare', 'CF-RAY': '887d16a31deb8296-IAD', 'alt-svc': 'h3=":443"; ma=86400'} 
 body={"results":[{"gender":"male","name":{"title":"Mr","first":"Helge","last":"Kasin"},"location":{"street":{"number":2020,"name":"Bernhard Getz' gate"},"city":"Bogen","state":"Sogn og Fjordane","country":"Norway","postcode":"3870","coordinates":{"latitude":"39.9334","longitude":"-48.0358"},"timezone":{"offset":"+5:45","description":"Kathmandu"}},"email":"helge.kasin@example.com","login":{"uuid":"56b301be-2361-46f5-8f8f-fe509f915f1e","username":"orangezebra996","password":"zeng","salt":"lmBhy8tp","md5":"7228458e26091092e39629ff3371a41c","sha1":"bb9e752900433e649a78bf54f3376ed3b75fa896","sha256":"97b2927006ce50bcf4f4b058d872f2827a5a5b77bd0d16dd40bd61f1a211acd6"},"dob":{"date":"1995-01-18T16:19:38.118Z","age":29},"registered":{"date":"2008-10-16T18:19:28.495Z","age":15},"phone":"69503909","cell":"40273062","id":{"name":"FN","value":"18019529955"},"picture":{"large":"https://randomuser.me/api/portraits/men/1.jpg","medium":"https://randomuser.me/api/portraits/med/men/1.jpg","thumbnail":"https://randomuser.me/api/portraits/thumb/men/1.jpg"},"nat":"NO"}],"info":{"seed":"ba979d161e389f55","results":1,"page":1,"version":"1.4"}} 
 </msg>
<msg time="2024-05-22T13:17:58.590192" level="INFO">/opt/hostedtoolcache/Python/3.12.3/x64/lib/python3.12/site-packages/urllib3/connectionpool.py:1103: InsecureRequestWarning: Unverified HTTPS request is being made to host 'randomuser.me'. Adding certificate verification is strongly advised. See: https://urllib3.readthedocs.io/en/latest/advanced-usage.html#tls-warnings
  warnings.warn(</msg>
<msg time="2024-05-22T13:17:58.590349" level="INFO">${response} = &lt;Response [200]&gt;</msg>
<var>${response}</var>
<arg>consultarAPI</arg>
<arg>/api</arg>
<doc>Sends a GET request on a previously created HTTP Session.</doc>
<status status="PASS" start="2024-05-22T13:17:47.374456" elapsed="11.215936"/>
</kw>
<kw name="Set Variable" owner="BuiltIn">
<msg time="2024-05-22T13:17:58.591579" level="INFO">${json_data} = {'results': [{'gender': 'male', 'name': {'title': 'Mr', 'first': 'Helge', 'last': 'Kasin'}, 'location': {'street': {'number': 2020, 'name': "Bernhard Getz' gate"}, 'city': 'Bogen', 'state': 'Sogn og F...</msg>
<var>${json_data}</var>
<arg>${response.json()}</arg>
<doc>Returns the given values which can then be assigned to a variables.</doc>
<status status="PASS" start="2024-05-22T13:17:58.591015" elapsed="0.000592"/>
</kw>
<kw name="Log" owner="BuiltIn">
<msg time="2024-05-22T13:17:58.592148" level="INFO">{'results': [{'gender': 'male', 'name': {'title': 'Mr', 'first': 'Helge', 'last': 'Kasin'}, 'location': {'street': {'number': 2020, 'name': "Bernhard Getz' gate"}, 'city': 'Bogen', 'state': 'Sogn og Fjordane', 'country': 'Norway', 'postcode': '3870', 'coordinates': {'latitude': '39.9334', 'longitude': '-48.0358'}, 'timezone': {'offset': '+5:45', 'description': 'Kathmandu'}}, 'email': 'helge.kasin@example.com', 'login': {'uuid': '56b301be-2361-46f5-8f8f-fe509f915f1e', 'username': 'orangezebra996', 'password': 'zeng', 'salt': 'lmBhy8tp', 'md5': '7228458e26091092e39629ff3371a41c', 'sha1': 'bb9e752900433e649a78bf54f3376ed3b75fa896', 'sha256': '97b2927006ce50bcf4f4b058d872f2827a5a5b77bd0d16dd40bd61f1a211acd6'}, 'dob': {'date': '1995-01-18T16:19:38.118Z', 'age': 29}, 'registered': {'date': '2008-10-16T18:19:28.495Z', 'age': 15}, 'phone': '69503909', 'cell': '40273062', 'id': {'name': 'FN', 'value': '18019529955'}, 'picture': {'large': 'https://randomuser.me/api/portraits/men/1.jpg', 'medium': 'https://randomuser.me/api/portraits/med/men/1.jpg', 'thumbnail': 'https://randomuser.me/api/portraits/thumb/men/1.jpg'}, 'nat': 'NO'}], 'info': {'seed': 'ba979d161e389f55', 'results': 1, 'page': 1, 'version': '1.4'}}</msg>
<arg>${json_data}</arg>
<doc>Logs the given message with the given level.</doc>
<status status="PASS" start="2024-05-22T13:17:58.591983" elapsed="0.000251"/>
</kw>
<kw name="Should Be Equal As Numbers" owner="BuiltIn">
<arg>${json_data['results'][0]['location']['postcode']}</arg>
<arg>${json_data['results'][0]['location']['postcode']}</arg>
<doc>Fails if objects are unequal after converting them to real numbers.</doc>
<status status="PASS" start="2024-05-22T13:17:58.592541" elapsed="0.000621"/>
</kw>
<kw name="Log" owner="BuiltIn">
<msg time="2024-05-22T13:17:58.593693" level="INFO">3870</msg>
<arg>${json_data['results'][0]['location']['postcode']}</arg>
<doc>Logs the given message with the given level.</doc>
<status status="PASS" start="2024-05-22T13:17:58.593352" elapsed="0.000381"/>
</kw>
<status status="PASS" start="2024-05-22T13:17:47.374221" elapsed="11.219774"/>
</kw>
<doc>Testa se os tipos de dados na resposta da API estão corretos.</doc>
<tag>testeTiposDados</tag>
<status status="PASS" start="2024-05-22T13:17:35.292419" elapsed="23.301750"/>
</test>
<test id="s1-s1-t5" name="Validar conteudo" line="35">
<kw name="Teste de Tipos de Conteudo" owner="random-user-service">
<kw name="GET On Session" owner="RequestsLibrary">
<msg time="2024-05-22T13:18:09.008460" level="INFO">GET Request : url=https://randomuser.me/api 
 path_url=/api 
 headers={'User-Agent': 'python-requests/2.32.2', 'Accept-Encoding': 'gzip, deflate', 'Accept': '*/*', 'Connection': 'keep-alive'} 
 body=None 
 </msg>
<msg time="2024-05-22T13:18:09.008574" level="INFO">GET Response : url=https://randomuser.me/api 
 status=200, reason=OK 
 headers={'Date': 'Wed, 22 May 2024 13:18:09 GMT', 'Content-Type': 'application/json; charset=utf-8', 'Transfer-Encoding': 'chunked', 'Connection': 'keep-alive', 'X-Powered-By': 'Express', 'Access-Control-Allow-Origin': '*', 'Cache-Control': 'no-cache', 'ETag': 'W/"4a1-mpHjO+gXJ0MyMTx/6yam26qkbJc"', 'Vary': 'Accept-Encoding', 'Content-Encoding': 'gzip', 'CF-Cache-Status': 'DYNAMIC', 'Report-To': '{"endpoints":[{"url":"https:\\/\\/a.nel.cloudflare.com\\/report\\/v4?s=nFSd6jMf44DBanvhQjM7X97V6d1FAKTU37TT7nDE3zj2hNW6sCu%2F0WYcYdMDjQ4cOWKP%2Ff%2BSjcW%2BgnNO3ZEfOEsh5S3GAy3xTRs1IU502bmuINODc%2Fv6bAa%2FhumdoW6W"}],"group":"cf-nel","max_age":604800}', 'NEL': '{"success_fraction":0,"report_to":"cf-nel","max_age":604800}', 'Server': 'cloudflare', 'CF-RAY': '887d16e93d738296-IAD', 'alt-svc': 'h3=":443"; ma=86400'} 
 body={"results":[{"gender":"female","name":{"title":"Miss","first":"Ruby","last":"Palmer"},"location":{"street":{"number":4873,"name":"Fincher Rd"},"city":"Brisbane","state":"Northern Territory","country":"Australia","postcode":7950,"coordinates":{"latitude":"-88.6908","longitude":"169.7099"},"timezone":{"offset":"+5:00","description":"Ekaterinburg, Islamabad, Karachi, Tashkent"}},"email":"ruby.palmer@example.com","login":{"uuid":"da3b7425-36c7-407c-b17c-0ba39d5130a4","username":"silverbear729","password":"iverson","salt":"yUEaEX8f","md5":"0ed5c20068976caadbf8b4fe5dcc60bc","sha1":"8f43afdfbf89ffcd9d272826ea8c9dc44049d19c","sha256":"e9aa776839f168c1afe2e1a48e5271d6b1496f1db2fcdfa81dff5aa332dc6a6f"},"dob":{"date":"1980-08-07T15:04:03.347Z","age":43},"registered":{"date":"2006-11-16T22:31:38.841Z","age":17},"phone":"08-3020-6283","cell":"0408-774-519","id":{"name":"TFN","value":"291041618"},"picture":{"large":"https://randomuser.me/api/portraits/women/55.jpg","medium":"https://randomuser.me/api/portraits/med/women/55.jpg","thumbnail":"https://randomuser.me/api/portraits/thumb/women/55.jpg"},"nat":"AU"}],"info":{"seed":"410fd9789eb90808","results":1,"page":1,"version":"1.4"}} 
 </msg>
<msg time="2024-05-22T13:18:09.008652" level="INFO">/opt/hostedtoolcache/Python/3.12.3/x64/lib/python3.12/site-packages/urllib3/connectionpool.py:1103: InsecureRequestWarning: Unverified HTTPS request is being made to host 'randomuser.me'. Adding certificate verification is strongly advised. See: https://urllib3.readthedocs.io/en/latest/advanced-usage.html#tls-warnings
  warnings.warn(</msg>
<msg time="2024-05-22T13:18:09.008787" level="INFO">${response} = &lt;Response [200]&gt;</msg>
<var>${response}</var>
<arg>consultarAPI</arg>
<arg>/api</arg>
<doc>Sends a GET request on a previously created HTTP Session.</doc>
<status status="PASS" start="2024-05-22T13:17:58.596701" elapsed="10.412127"/>
</kw>
<kw name="Set Variable" owner="BuiltIn">
<msg time="2024-05-22T13:18:09.010121" level="INFO">${json_data} = {'results': [{'gender': 'female', 'name': {'title': 'Miss', 'first': 'Ruby', 'last': 'Palmer'}, 'location': {'street': {'number': 4873, 'name': 'Fincher Rd'}, 'city': 'Brisbane', 'state': 'Northern Te...</msg>
<var>${json_data}</var>
<arg>${response.json()}</arg>
<doc>Returns the given values which can then be assigned to a variables.</doc>
<status status="PASS" start="2024-05-22T13:18:09.009521" elapsed="0.000628"/>
</kw>
<kw name="Set Variable" owner="BuiltIn">
<msg time="2024-05-22T13:18:09.010845" level="INFO">${name_title} = Miss</msg>
<var>${name_title}</var>
<arg>${json_data["results"][0]["name"]["title"]}</arg>
<doc>Returns the given values which can then be assigned to a variables.</doc>
<status status="PASS" start="2024-05-22T13:18:09.010460" elapsed="0.000409"/>
</kw>
<kw name="Create List" owner="BuiltIn">
<msg time="2024-05-22T13:18:09.011325" level="INFO">${allowed_titles} = ['Mr', 'Ms', 'Miss', 'Mrs', 'Madame', 'Monsieur']</msg>
<var>${allowed_titles}</var>
<arg>Mr</arg>
<arg>Ms</arg>
<arg>Miss</arg>
<arg>Mrs</arg>
<arg>Madame</arg>
<arg>Monsieur</arg>
<doc>Returns a list containing given items.</doc>
<status status="PASS" start="2024-05-22T13:18:09.011168" elapsed="0.000181"/>
</kw>
<kw name="List Should Contain Value" owner="Collections">
<msg time="2024-05-22T13:18:09.011889" level="INFO">False</msg>
<arg>${allowed_titles}</arg>
<arg>${name_title}</arg>
<doc>Fails if the ``value`` is not found from ``list``.</doc>
<status status="PASS" start="2024-05-22T13:18:09.011690" elapsed="0.000238"/>
</kw>
<kw name="Set Variable" owner="BuiltIn">
<msg time="2024-05-22T13:18:09.012819" level="INFO">${name_country} = AU</msg>
<var>${name_country}</var>
<arg>${json_data["results"][0]["nat"]}</arg>
<doc>Returns the given values which can then be assigned to a variables.</doc>
<status status="PASS" start="2024-05-22T13:18:09.012229" elapsed="0.000616"/>
</kw>
<kw name="Create List" owner="BuiltIn">
<msg time="2024-05-22T13:18:09.013764" level="INFO">${list_country} = ['AD', 'AE', 'AF', 'AG', 'AI', 'AL', 'AM', 'AO', 'AQ', 'AR', 'AS', 'AT', 'AU', 'AW', 'AX', 'AZ', 'BA', 'BB', 'BD', 'BE', 'BF', 'BG', 'BH', 'BI', 'BJ', 'BL', 'BM', 'BN', 'BO', 'BQ', 'BR', 'BS', 'BT', '...</msg>
<var>${list_country}</var>
<arg>AD</arg>
<arg>AE</arg>
<arg>AF</arg>
<arg>AG</arg>
<arg>AI</arg>
<arg>AL</arg>
<arg>AM</arg>
<arg>AO</arg>
<arg>AQ</arg>
<arg>AR</arg>
<arg>AS</arg>
<arg>AT</arg>
<arg>AU</arg>
<arg>AW</arg>
<arg>AX</arg>
<arg>AZ</arg>
<arg>BA</arg>
<arg>BB</arg>
<arg>BD</arg>
<arg>BE</arg>
<arg>BF</arg>
<arg>BG</arg>
<arg>BH</arg>
<arg>BI</arg>
<arg>BJ</arg>
<arg>BL</arg>
<arg>BM</arg>
<arg>BN</arg>
<arg>BO</arg>
<arg>BQ</arg>
<arg>BR</arg>
<arg>BS</arg>
<arg>BT</arg>
<arg>BV</arg>
<arg>BW</arg>
<arg>BY</arg>
<arg>BZ</arg>
<arg>CA</arg>
<arg>CC</arg>
<arg>CD</arg>
<arg>CF</arg>
<arg>CG</arg>
<arg>CH</arg>
<arg>CI</arg>
<arg>CK</arg>
<arg>CL</arg>
<arg>CM</arg>
<arg>CN</arg>
<arg>CO</arg>
<arg>CR</arg>
<arg>CU</arg>
<arg>CV</arg>
<arg>CW</arg>
<arg>CX</arg>
<arg>CY</arg>
<arg>CZ</arg>
<arg>DE</arg>
<arg>DJ</arg>
<arg>DK</arg>
<arg>DM</arg>
<arg>DO</arg>
<arg>DZ</arg>
<arg>EC</arg>
<arg>EE</arg>
<arg>EG</arg>
<arg>EH</arg>
<arg>ER</arg>
<arg>ES</arg>
<arg>ET</arg>
<arg>FI</arg>
<arg>FJ</arg>
<arg>FK</arg>
<arg>FM</arg>
<arg>FO</arg>
<arg>FR</arg>
<arg>GA</arg>
<arg>GB</arg>
<arg>GD</arg>
<arg>GE</arg>
<arg>GF</arg>
<arg>GG</arg>
<arg>GH</arg>
<arg>GI</arg>
<arg>GL</arg>
<arg>GM</arg>
<arg>GN</arg>
<arg>GP</arg>
<arg>GQ</arg>
<arg>GR</arg>
<arg>GS</arg>
<arg>GT</arg>
<arg>GU</arg>
<arg>GW</arg>
<arg>GY</arg>
<arg>HK</arg>
<arg>HM</arg>
<arg>HN</arg>
<arg>HR</arg>
<arg>HT</arg>
<arg>HU</arg>
<arg>ID</arg>
<arg>IE</arg>
<arg>IL</arg>
<arg>IM</arg>
<arg>IN</arg>
<arg>IO</arg>
<arg>IQ</arg>
<arg>IR</arg>
<arg>IS</arg>
<arg>IT</arg>
<arg>JE</arg>
<arg>JM</arg>
<arg>JO</arg>
<arg>JP</arg>
<arg>KE</arg>
<arg>KG</arg>
<arg>KH</arg>
<arg>KI</arg>
<arg>KM</arg>
<arg>KN</arg>
<arg>KP</arg>
<arg>KR</arg>
<arg>KW</arg>
<arg>KY</arg>
<arg>KZ</arg>
<arg>LA</arg>
<arg>LB</arg>
<arg>LC</arg>
<arg>LI</arg>
<arg>LK</arg>
<arg>LR</arg>
<arg>LS</arg>
<arg>LT</arg>
<arg>LU</arg>
<arg>LV</arg>
<arg>LY</arg>
<arg>MA</arg>
<arg>MC</arg>
<arg>MD</arg>
<arg>ME</arg>
<arg>MF</arg>
<arg>MG</arg>
<arg>MH</arg>
<arg>MK</arg>
<arg>ML</arg>
<arg>MM</arg>
<arg>MN</arg>
<arg>MO</arg>
<arg>MP</arg>
<arg>MQ</arg>
<arg>MR</arg>
<arg>MS</arg>
<arg>MT</arg>
<arg>MU</arg>
<arg>MV</arg>
<arg>MW</arg>
<arg>MX</arg>
<arg>MY</arg>
<arg>MZ</arg>
<arg>NA</arg>
<arg>NC</arg>
<arg>NE</arg>
<arg>NF</arg>
<arg>NG</arg>
<arg>NI</arg>
<arg>NL</arg>
<arg>NO</arg>
<arg>NP</arg>
<arg>NR</arg>
<arg>NU</arg>
<arg>NZ</arg>
<arg>OM</arg>
<arg>PA</arg>
<arg>PE</arg>
<arg>PF</arg>
<arg>PG</arg>
<arg>PH</arg>
<arg>PK</arg>
<arg>PL</arg>
<arg>PM</arg>
<arg>PN</arg>
<arg>PR</arg>
<arg>PS</arg>
<arg>PT</arg>
<arg>PW</arg>
<arg>PY</arg>
<arg>QA</arg>
<arg>RE</arg>
<arg>RO</arg>
<arg>RS</arg>
<arg>RU</arg>
<arg>RW</arg>
<arg>SA</arg>
<arg>SB</arg>
<arg>SC</arg>
<arg>SD</arg>
<arg>SE</arg>
<arg>SG</arg>
<arg>SH</arg>
<arg>SI</arg>
<arg>SJ</arg>
<arg>SK</arg>
<arg>SL</arg>
<arg>SM</arg>
<arg>SN</arg>
<arg>SO</arg>
<arg>SR</arg>
<arg>SS</arg>
<arg>ST</arg>
<arg>SV</arg>
<arg>SX</arg>
<arg>SY</arg>
<arg>SZ</arg>
<arg>TC</arg>
<arg>TD</arg>
<arg>TF</arg>
<arg>TG</arg>
<arg>TH</arg>
<arg>TJ</arg>
<arg>TK</arg>
<arg>TL</arg>
<arg>TM</arg>
<arg>TN</arg>
<arg>TO</arg>
<arg>TR</arg>
<arg>TT</arg>
<arg>TV</arg>
<arg>TW</arg>
<arg>TZ</arg>
<arg>UA</arg>
<arg>UG</arg>
<arg>UM</arg>
<arg>US</arg>
<arg>UY</arg>
<arg>UZ</arg>
<arg>VA</arg>
<arg>VC</arg>
<arg>VE</arg>
<arg>VG</arg>
<arg>VI</arg>
<arg>VN</arg>
<arg>VU</arg>
<arg>WF</arg>
<arg>WS</arg>
<arg>XK</arg>
<arg>YE</arg>
<arg>YT</arg>
<arg>ZA</arg>
<arg>ZM</arg>
<arg>ZW</arg>
<doc>Returns a list containing given items.</doc>
<status status="PASS" start="2024-05-22T13:18:09.013157" elapsed="0.000632"/>
</kw>
<kw name="List Should Contain Value" owner="Collections">
<msg time="2024-05-22T13:18:09.014787" level="INFO">False</msg>
<arg>${list_country}</arg>
<arg>${name_country}</arg>
<doc>Fails if the ``value`` is not found from ``list``.</doc>
<status status="PASS" start="2024-05-22T13:18:09.014583" elapsed="0.000240"/>
</kw>
<kw name="Run Keyword If" owner="BuiltIn">
<kw name="Should Be True" owner="BuiltIn">
<arg>${True}</arg>
<doc>Fails if the given condition is not true.</doc>
<status status="PASS" start="2024-05-22T13:18:09.015929" elapsed="0.000147"/>
</kw>
<arg>${json_data["results"][0]["location"]["coordinates"]["latitude"]} &gt;= -90 and ${json_data["results"][0]["location"]["coordinates"]["latitude"]} &lt;= 90</arg>
<arg>Should Be True</arg>
<arg>${True}</arg>
<doc>Runs the given keyword with the given arguments, if ``condition`` is true.</doc>
<status status="PASS" start="2024-05-22T13:18:09.015131" elapsed="0.001070"/>
</kw>
<kw name="Run Keyword If" owner="BuiltIn">
<kw name="Should Be True" owner="BuiltIn">
<arg>${True}</arg>
<doc>Fails if the given condition is not true.</doc>
<status status="PASS" start="2024-05-22T13:18:09.017070" elapsed="0.000140"/>
</kw>
<arg>${json_data["results"][0]["location"]["coordinates"]["longitude"]} &gt;= -180 and ${json_data["results"][0]["location"]["coordinates"]["longitude"]} &lt;= 180</arg>
<arg>Should Be True</arg>
<arg>${True}</arg>
<doc>Runs the given keyword with the given arguments, if ``condition`` is true.</doc>
<status status="PASS" start="2024-05-22T13:18:09.016385" elapsed="0.000948"/>
</kw>
<status status="PASS" start="2024-05-22T13:17:58.596464" elapsed="10.421001"/>
</kw>
<doc>Testa o conteúdo específico dos campos retornados pela API.</doc>
<tag>testeConteudo</tag>
<status status="PASS" start="2024-05-22T13:17:58.595925" elapsed="10.421695"/>
</test>
<status status="PASS" start="2024-05-22T13:16:56.775021" elapsed="72.244572"/>
</suite>
<status status="PASS" start="2024-05-22T13:16:56.761332" elapsed="72.263532"/>
</suite>
<statistics>
<total>
<stat pass="5" fail="0" skip="0">All Tests</stat>
</total>
<tag>
<stat pass="1" fail="0" skip="0">testeConteudo</stat>
<stat pass="1" fail="0" skip="0">testeEstruturaResposta</stat>
<stat pass="1" fail="0" skip="0">testeRequisicaoBasica</stat>
<stat pass="1" fail="0" skip="0">testeTiposDados</stat>
</tag>
<suite>
<stat pass="5" fail="0" skip="0" id="s1" name="Tests">Tests</stat>
<stat pass="5" fail="0" skip="0" id="s1-s1" name="Random-User-Test">Tests.Random-User-Test</stat>
</suite>
</statistics>
<errors>
</errors>
</robot>
