<?xml version="1.0" encoding="UTF-8"?>
<robot generator="Robot 7.0 (Python 3.12.3 on linux)" generated="2024-05-16T10:15:03.735174" rpa="false" schemaversion="5">
<suite id="s1" name="Tests" source="/home/runner/work/DesafioQAItauRogerioJordao/DesafioQAItauRogerioJordao/RamdonUser/tests">
<suite id="s1-s1" name="Random-User-Test" source="/home/runner/work/DesafioQAItauRogerioJordao/DesafioQAItauRogerioJordao/RamdonUser/tests/random-user-test.robot">
<test id="s1-s1-t1" name="Conectar" line="13">
<kw name="Conectar API" owner="random-user-service">
<kw name="Create Session" owner="RequestsLibrary">
<msg time="2024-05-16T10:15:04.093746" level="INFO">Creating Session using : alias=consultarAPI, url=https://randomuser.me/, headers={},                     cookies={}, auth=None, timeout=None, proxies=None, verify=False,                     debug=0 </msg>
<arg>consultarAPI</arg>
<arg>${URL}</arg>
<doc>Create Session: create a HTTP session to a server</doc>
<status status="PASS" start="2024-05-16T10:15:04.093550" elapsed="0.000368"/>
</kw>
<status status="PASS" start="2024-05-16T10:15:04.092607" elapsed="0.001686"/>
</kw>
<status status="PASS" start="2024-05-16T10:15:04.092070" elapsed="0.002420"/>
</test>
<test id="s1-s1-t2" name="Validar retorno 200 e JSON Válido" line="16">
<kw name="Teste de Requisicao Basica" owner="random-user-service">
<kw name="GET On Session" owner="RequestsLibrary">
<msg time="2024-05-16T10:15:04.154230" level="INFO">GET Request : url=https://randomuser.me/api 
 path_url=/api 
 headers={'User-Agent': 'python-requests/2.31.0', 'Accept-Encoding': 'gzip, deflate', 'Accept': '*/*', 'Connection': 'keep-alive'} 
 body=None 
 </msg>
<msg time="2024-05-16T10:15:04.154333" level="INFO">GET Response : url=https://randomuser.me/api 
 status=200, reason=OK 
 headers={'Date': 'Thu, 16 May 2024 10:15:04 GMT', 'Content-Type': 'application/json; charset=utf-8', 'Transfer-Encoding': 'chunked', 'Connection': 'keep-alive', 'X-Powered-By': 'Express', 'Access-Control-Allow-Origin': '*', 'Cache-Control': 'no-cache', 'ETag': 'W/"4a5-dlwHgH3uCBLfzpdylyVtIIv1Odo"', 'Vary': 'Accept-Encoding', 'Content-Encoding': 'gzip', 'CF-Cache-Status': 'DYNAMIC', 'Report-To': '{"endpoints":[{"url":"https:\\/\\/a.nel.cloudflare.com\\/report\\/v4?s=L7bFaG7cNJF0dlulw%2FytuObFLGz04sBMKoUrRh59OpvbS4hHDhljIXT0EwP%2FsfcRrPSP2joy%2BPg1fXRkXyTGwOkXwMCWiSu89FKYJ2behDriNjiynLe5lNV0JVO%2Bn3z3"}],"group":"cf-nel","max_age":604800}', 'NEL': '{"success_fraction":0,"report_to":"cf-nel","max_age":604800}', 'Server': 'cloudflare', 'CF-RAY': '884a9ababb3c57f7-IAD', 'alt-svc': 'h3=":443"; ma=86400'} 
 body={"results":[{"gender":"female","name":{"title":"Mrs","first":"Deekshitha","last":"Saldanha"},"location":{"street":{"number":7649,"name":"Rajaji Salai"},"city":"Jamalpur","state":"Karnataka","country":"India","postcode":16452,"coordinates":{"latitude":"10.3853","longitude":"5.0710"},"timezone":{"offset":"0:00","description":"Western Europe Time, London, Lisbon, Casablanca"}},"email":"deekshitha.saldanha@example.com","login":{"uuid":"2c67ca67-1c0d-4075-b425-68cd0995755a","username":"greengorilla590","password":"bogart","salt":"XdYbEwpr","md5":"cc934efca09d01ba0bf3eb2e8e6cf9a8","sha1":"ada64f3795049116bc75c7a3046465b31512e9b3","sha256":"9dbd467bb27a91290da64405c36623068459be9fe89607fe42b24db8c5a1153b"},"dob":{"date":"1988-03-12T06:40:07.275Z","age":36},"registered":{"date":"2018-11-26T06:20:26.972Z","age":5},"phone":"8634336193","cell":"9189232844","id":{"name":"UIDAI","value":"108393705822"},"picture":{"large":"https://randomuser.me/api/portraits/women/5.jpg","medium":"https://randomuser.me/api/portraits/med/women/5.jpg","thumbnail":"https://randomuser.me/api/portraits/thumb/women/5.jpg"},"nat":"IN"}],"info":{"seed":"a0bf9c42ea46469e","results":1,"page":1,"version":"1.4"}} 
 </msg>
<msg time="2024-05-16T10:15:04.154405" level="INFO">/opt/hostedtoolcache/Python/3.12.3/x64/lib/python3.12/site-packages/urllib3/connectionpool.py:1103: InsecureRequestWarning: Unverified HTTPS request is being made to host 'randomuser.me'. Adding certificate verification is strongly advised. See: https://urllib3.readthedocs.io/en/latest/advanced-usage.html#tls-warnings
  warnings.warn(</msg>
<msg time="2024-05-16T10:15:04.154532" level="INFO">${response} = &lt;Response [200]&gt;</msg>
<var>${response}</var>
<arg>consultarAPI</arg>
<arg>/api</arg>
<doc>Sends a GET request on a previously created HTTP Session.</doc>
<status status="PASS" start="2024-05-16T10:15:04.097088" elapsed="0.057486"/>
</kw>
<kw name="Should Be Equal As Numbers" owner="BuiltIn">
<msg time="2024-05-16T10:15:04.155358" level="INFO">Argument types are:
&lt;class 'int'&gt;
&lt;class 'str'&gt;</msg>
<arg>${response.status_code}</arg>
<arg>200</arg>
<doc>Fails if objects are unequal after converting them to real numbers.</doc>
<status status="PASS" start="2024-05-16T10:15:04.154956" elapsed="0.000466"/>
</kw>
<kw name="Log" owner="BuiltIn">
<msg time="2024-05-16T10:15:04.156110" level="INFO">200</msg>
<arg>${response.status_code}</arg>
<doc>Logs the given message with the given level.</doc>
<status status="PASS" start="2024-05-16T10:15:04.155759" elapsed="0.000394"/>
</kw>
<kw name="Set Variable" owner="BuiltIn">
<msg time="2024-05-16T10:15:04.156886" level="INFO">${json_data} = {'results': [{'gender': 'female', 'name': {'title': 'Mrs', 'first': 'Deekshitha', 'last': 'Saldanha'}, 'location': {'street': {'number': 7649, 'name': 'Rajaji Salai'}, 'city': 'Jamalpur', 'state': 'Ka...</msg>
<var>${json_data}</var>
<arg>${response.json()}</arg>
<doc>Returns the given values which can then be assigned to a variables.</doc>
<status status="PASS" start="2024-05-16T10:15:04.156461" elapsed="0.000452"/>
</kw>
<kw name="Dictionary Should Contain Key" owner="Collections">
<msg time="2024-05-16T10:15:04.157384" level="INFO">False</msg>
<arg>${json_data}</arg>
<arg>results</arg>
<doc>Fails if ``key`` is not found from ``dictionary``.</doc>
<status status="PASS" start="2024-05-16T10:15:04.157213" elapsed="0.000211"/>
</kw>
<status status="PASS" start="2024-05-16T10:15:04.096844" elapsed="0.060831"/>
</kw>
<doc>Testa se a API responde corretamente e retorna um objeto JSON válido.</doc>
<tag>testeRequisicaoBasica</tag>
<status status="PASS" start="2024-05-16T10:15:04.096381" elapsed="0.061469"/>
</test>
<test id="s1-s1-t3" name="Validar estrutura de resposta" line="22">
<kw name="Teste de Estrutura de Resposta" owner="random-user-service">
<kw name="GET On Session" owner="RequestsLibrary">
<msg time="2024-05-16T10:15:04.693430" level="INFO">GET Request : url=https://randomuser.me/api 
 path_url=/api 
 headers={'User-Agent': 'python-requests/2.31.0', 'Accept-Encoding': 'gzip, deflate', 'Accept': '*/*', 'Connection': 'keep-alive'} 
 body=None 
 </msg>
<msg time="2024-05-16T10:15:04.693532" level="INFO">GET Response : url=https://randomuser.me/api 
 status=200, reason=OK 
 headers={'Date': 'Thu, 16 May 2024 10:15:04 GMT', 'Content-Type': 'application/json; charset=utf-8', 'Transfer-Encoding': 'chunked', 'Connection': 'keep-alive', 'X-Powered-By': 'Express', 'Access-Control-Allow-Origin': '*', 'Cache-Control': 'no-cache', 'ETag': 'W/"45a-ePls3uzTDlk91+dxGV/uhNezx/o"', 'Vary': 'Accept-Encoding', 'Content-Encoding': 'gzip', 'CF-Cache-Status': 'DYNAMIC', 'Report-To': '{"endpoints":[{"url":"https:\\/\\/a.nel.cloudflare.com\\/report\\/v4?s=RwgHBAgHRvrPsc1sGdxzkU%2B4ACvwAypxqwmQdd%2BYz%2Fwwxj78DkQrXQeYzvcHZ1z8ju6%2Bx%2FCfS3wRDe6v%2BcGHux8vE31e2GNeRMU2J1FX1K197NO4mmwkXN6kQqLsg6Ux"}],"group":"cf-nel","max_age":604800}', 'NEL': '{"success_fraction":0,"report_to":"cf-nel","max_age":604800}', 'Server': 'cloudflare', 'CF-RAY': '884a9abb0b7257f7-IAD', 'alt-svc': 'h3=":443"; ma=86400'} 
 body={"results":[{"gender":"male","name":{"title":"Mr","first":"Sava","last":"Sakić"},"location":{"street":{"number":901,"name":"Kosmetska"},"city":"Užice","state":"Srem","country":"Serbia","postcode":91955,"coordinates":{"latitude":"61.7173","longitude":"-57.1611"},"timezone":{"offset":"+3:30","description":"Tehran"}},"email":"sava.sakic@example.com","login":{"uuid":"ba916ede-9a63-40bd-bdf7-eab2150f03fe","username":"yellowkoala907","password":"ssss","salt":"LOAnaRZC","md5":"64461d16d698ee479f217ffe8c18216c","sha1":"1cd07e93e57e16e7ff77f4ac371a0c9ca9e24e21","sha256":"028ecd98160e93aa916b19b2d46d827b6e37aa6ab84cea06ecf217c1bc52389b"},"dob":{"date":"1983-01-04T15:27:10.191Z","age":41},"registered":{"date":"2017-04-19T16:09:44.559Z","age":7},"phone":"013-0902-983","cell":"062-3467-055","id":{"name":"SID","value":"641796665"},"picture":{"large":"https://randomuser.me/api/portraits/men/15.jpg","medium":"https://randomuser.me/api/portraits/med/men/15.jpg","thumbnail":"https://randomuser.me/api/portraits/thumb/men/15.jpg"},"nat":"RS"}],"info":{"seed":"a46a012cd4c22205","results":1,"page":1,"version":"1.4"}} 
 </msg>
<msg time="2024-05-16T10:15:04.693669" level="INFO">/opt/hostedtoolcache/Python/3.12.3/x64/lib/python3.12/site-packages/urllib3/connectionpool.py:1103: InsecureRequestWarning: Unverified HTTPS request is being made to host 'randomuser.me'. Adding certificate verification is strongly advised. See: https://urllib3.readthedocs.io/en/latest/advanced-usage.html#tls-warnings
  warnings.warn(</msg>
<msg time="2024-05-16T10:15:04.693817" level="INFO">${response} = &lt;Response [200]&gt;</msg>
<var>${response}</var>
<arg>consultarAPI</arg>
<arg>/api</arg>
<doc>Sends a GET request on a previously created HTTP Session.</doc>
<status status="PASS" start="2024-05-16T10:15:04.160764" elapsed="0.533096"/>
</kw>
<kw name="Set Variable" owner="BuiltIn">
<msg time="2024-05-16T10:15:04.694923" level="INFO">${json_data} = {'results': [{'gender': 'male', 'name': {'title': 'Mr', 'first': 'Sava', 'last': 'Sakić'}, 'location': {'street': {'number': 901, 'name': 'Kosmetska'}, 'city': 'Užice', 'state': 'Srem', 'country': 'Se...</msg>
<var>${json_data}</var>
<arg>${response.json()}</arg>
<doc>Returns the given values which can then be assigned to a variables.</doc>
<status status="PASS" start="2024-05-16T10:15:04.694387" elapsed="0.000567"/>
</kw>
<kw name="Log" owner="BuiltIn">
<msg time="2024-05-16T10:15:04.695427" level="INFO">{'results': [{'gender': 'male', 'name': {'title': 'Mr', 'first': 'Sava', 'last': 'Sakić'}, 'location': {'street': {'number': 901, 'name': 'Kosmetska'}, 'city': 'Užice', 'state': 'Srem', 'country': 'Serbia', 'postcode': 91955, 'coordinates': {'latitude': '61.7173', 'longitude': '-57.1611'}, 'timezone': {'offset': '+3:30', 'description': 'Tehran'}}, 'email': 'sava.sakic@example.com', 'login': {'uuid': 'ba916ede-9a63-40bd-bdf7-eab2150f03fe', 'username': 'yellowkoala907', 'password': 'ssss', 'salt': 'LOAnaRZC', 'md5': '64461d16d698ee479f217ffe8c18216c', 'sha1': '1cd07e93e57e16e7ff77f4ac371a0c9ca9e24e21', 'sha256': '028ecd98160e93aa916b19b2d46d827b6e37aa6ab84cea06ecf217c1bc52389b'}, 'dob': {'date': '1983-01-04T15:27:10.191Z', 'age': 41}, 'registered': {'date': '2017-04-19T16:09:44.559Z', 'age': 7}, 'phone': '013-0902-983', 'cell': '062-3467-055', 'id': {'name': 'SID', 'value': '641796665'}, 'picture': {'large': 'https://randomuser.me/api/portraits/men/15.jpg', 'medium': 'https://randomuser.me/api/portraits/med/men/15.jpg', 'thumbnail': 'https://randomuser.me/api/portraits/thumb/men/15.jpg'}, 'nat': 'RS'}], 'info': {'seed': 'a46a012cd4c22205', 'results': 1, 'page': 1, 'version': '1.4'}}</msg>
<arg>${json_data}</arg>
<doc>Logs the given message with the given level.</doc>
<status status="PASS" start="2024-05-16T10:15:04.695264" elapsed="0.000212"/>
</kw>
<kw name="Dictionary Should Contain Key" owner="Collections">
<msg time="2024-05-16T10:15:04.695936" level="INFO">False</msg>
<arg>${json_data}</arg>
<arg>results</arg>
<doc>Fails if ``key`` is not found from ``dictionary``.</doc>
<status status="PASS" start="2024-05-16T10:15:04.695777" elapsed="0.000194"/>
</kw>
<kw name="Should Not Be Empty" owner="BuiltIn">
<msg time="2024-05-16T10:15:04.696392" level="INFO">Length is 2.</msg>
<arg>${json_data}</arg>
<doc>Verifies that the given item is not empty.</doc>
<status status="PASS" start="2024-05-16T10:15:04.696262" elapsed="0.000328"/>
</kw>
<kw name="Create List" owner="BuiltIn">
<msg time="2024-05-16T10:15:04.697039" level="INFO">${expected_keys} = ['gender', 'name', 'location', 'email', 'login']</msg>
<var>${expected_keys}</var>
<arg>gender</arg>
<arg>name</arg>
<arg>location</arg>
<arg>email</arg>
<arg>login</arg>
<doc>Returns a list containing given items.</doc>
<status status="PASS" start="2024-05-16T10:15:04.696885" elapsed="0.000177"/>
</kw>
<for flavor="IN">
<iter>
<kw name="Dictionary Should Contain Key" owner="Collections">
<msg time="2024-05-16T10:15:04.698054" level="INFO">False</msg>
<arg>${json_data['results'][0]}</arg>
<arg>${key}</arg>
<doc>Fails if ``key`` is not found from ``dictionary``.</doc>
<status status="PASS" start="2024-05-16T10:15:04.697643" elapsed="0.000448"/>
</kw>
<kw name="Log" owner="BuiltIn">
<msg time="2024-05-16T10:15:04.698804" level="INFO">{'gender': 'male', 'name': {'title': 'Mr', 'first': 'Sava', 'last': 'Sakić'}, 'location': {'street': {'number': 901, 'name': 'Kosmetska'}, 'city': 'Užice', 'state': 'Srem', 'country': 'Serbia', 'postcode': 91955, 'coordinates': {'latitude': '61.7173', 'longitude': '-57.1611'}, 'timezone': {'offset': '+3:30', 'description': 'Tehran'}}, 'email': 'sava.sakic@example.com', 'login': {'uuid': 'ba916ede-9a63-40bd-bdf7-eab2150f03fe', 'username': 'yellowkoala907', 'password': 'ssss', 'salt': 'LOAnaRZC', 'md5': '64461d16d698ee479f217ffe8c18216c', 'sha1': '1cd07e93e57e16e7ff77f4ac371a0c9ca9e24e21', 'sha256': '028ecd98160e93aa916b19b2d46d827b6e37aa6ab84cea06ecf217c1bc52389b'}, 'dob': {'date': '1983-01-04T15:27:10.191Z', 'age': 41}, 'registered': {'date': '2017-04-19T16:09:44.559Z', 'age': 7}, 'phone': '013-0902-983', 'cell': '062-3467-055', 'id': {'name': 'SID', 'value': '641796665'}, 'picture': {'large': 'https://randomuser.me/api/portraits/men/15.jpg', 'medium': 'https://randomuser.me/api/portraits/med/men/15.jpg', 'thumbnail': 'https://randomuser.me/api/portraits/thumb/men/15.jpg'}, 'nat': 'RS'}</msg>
<arg>${json_data['results'][0]}</arg>
<doc>Logs the given message with the given level.</doc>
<status status="PASS" start="2024-05-16T10:15:04.698441" elapsed="0.000414"/>
</kw>
<kw name="Log" owner="BuiltIn">
<msg time="2024-05-16T10:15:04.699285" level="INFO">gender</msg>
<arg>${key}</arg>
<doc>Logs the given message with the given level.</doc>
<status status="PASS" start="2024-05-16T10:15:04.699160" elapsed="0.000162"/>
</kw>
<var name="${key}">gender</var>
<status status="PASS" start="2024-05-16T10:15:04.697516" elapsed="0.002023"/>
</iter>
<iter>
<kw name="Dictionary Should Contain Key" owner="Collections">
<msg time="2024-05-16T10:15:04.700222" level="INFO">False</msg>
<arg>${json_data['results'][0]}</arg>
<arg>${key}</arg>
<doc>Fails if ``key`` is not found from ``dictionary``.</doc>
<status status="PASS" start="2024-05-16T10:15:04.699842" elapsed="0.000417"/>
</kw>
<kw name="Log" owner="BuiltIn">
<msg time="2024-05-16T10:15:04.700950" level="INFO">{'gender': 'male', 'name': {'title': 'Mr', 'first': 'Sava', 'last': 'Sakić'}, 'location': {'street': {'number': 901, 'name': 'Kosmetska'}, 'city': 'Užice', 'state': 'Srem', 'country': 'Serbia', 'postcode': 91955, 'coordinates': {'latitude': '61.7173', 'longitude': '-57.1611'}, 'timezone': {'offset': '+3:30', 'description': 'Tehran'}}, 'email': 'sava.sakic@example.com', 'login': {'uuid': 'ba916ede-9a63-40bd-bdf7-eab2150f03fe', 'username': 'yellowkoala907', 'password': 'ssss', 'salt': 'LOAnaRZC', 'md5': '64461d16d698ee479f217ffe8c18216c', 'sha1': '1cd07e93e57e16e7ff77f4ac371a0c9ca9e24e21', 'sha256': '028ecd98160e93aa916b19b2d46d827b6e37aa6ab84cea06ecf217c1bc52389b'}, 'dob': {'date': '1983-01-04T15:27:10.191Z', 'age': 41}, 'registered': {'date': '2017-04-19T16:09:44.559Z', 'age': 7}, 'phone': '013-0902-983', 'cell': '062-3467-055', 'id': {'name': 'SID', 'value': '641796665'}, 'picture': {'large': 'https://randomuser.me/api/portraits/men/15.jpg', 'medium': 'https://randomuser.me/api/portraits/med/men/15.jpg', 'thumbnail': 'https://randomuser.me/api/portraits/thumb/men/15.jpg'}, 'nat': 'RS'}</msg>
<arg>${json_data['results'][0]}</arg>
<doc>Logs the given message with the given level.</doc>
<status status="PASS" start="2024-05-16T10:15:04.700554" elapsed="0.000447"/>
</kw>
<kw name="Log" owner="BuiltIn">
<msg time="2024-05-16T10:15:04.701424" level="INFO">name</msg>
<arg>${key}</arg>
<doc>Logs the given message with the given level.</doc>
<status status="PASS" start="2024-05-16T10:15:04.701298" elapsed="0.000162"/>
</kw>
<var name="${key}">name</var>
<status status="PASS" start="2024-05-16T10:15:04.699728" elapsed="0.001948"/>
</iter>
<iter>
<kw name="Dictionary Should Contain Key" owner="Collections">
<msg time="2024-05-16T10:15:04.702368" level="INFO">False</msg>
<arg>${json_data['results'][0]}</arg>
<arg>${key}</arg>
<doc>Fails if ``key`` is not found from ``dictionary``.</doc>
<status status="PASS" start="2024-05-16T10:15:04.701966" elapsed="0.000438"/>
</kw>
<kw name="Log" owner="BuiltIn">
<msg time="2024-05-16T10:15:04.703063" level="INFO">{'gender': 'male', 'name': {'title': 'Mr', 'first': 'Sava', 'last': 'Sakić'}, 'location': {'street': {'number': 901, 'name': 'Kosmetska'}, 'city': 'Užice', 'state': 'Srem', 'country': 'Serbia', 'postcode': 91955, 'coordinates': {'latitude': '61.7173', 'longitude': '-57.1611'}, 'timezone': {'offset': '+3:30', 'description': 'Tehran'}}, 'email': 'sava.sakic@example.com', 'login': {'uuid': 'ba916ede-9a63-40bd-bdf7-eab2150f03fe', 'username': 'yellowkoala907', 'password': 'ssss', 'salt': 'LOAnaRZC', 'md5': '64461d16d698ee479f217ffe8c18216c', 'sha1': '1cd07e93e57e16e7ff77f4ac371a0c9ca9e24e21', 'sha256': '028ecd98160e93aa916b19b2d46d827b6e37aa6ab84cea06ecf217c1bc52389b'}, 'dob': {'date': '1983-01-04T15:27:10.191Z', 'age': 41}, 'registered': {'date': '2017-04-19T16:09:44.559Z', 'age': 7}, 'phone': '013-0902-983', 'cell': '062-3467-055', 'id': {'name': 'SID', 'value': '641796665'}, 'picture': {'large': 'https://randomuser.me/api/portraits/men/15.jpg', 'medium': 'https://randomuser.me/api/portraits/med/men/15.jpg', 'thumbnail': 'https://randomuser.me/api/portraits/thumb/men/15.jpg'}, 'nat': 'RS'}</msg>
<arg>${json_data['results'][0]}</arg>
<doc>Logs the given message with the given level.</doc>
<status status="PASS" start="2024-05-16T10:15:04.702699" elapsed="0.000414"/>
</kw>
<kw name="Log" owner="BuiltIn">
<msg time="2024-05-16T10:15:04.703534" level="INFO">location</msg>
<arg>${key}</arg>
<doc>Logs the given message with the given level.</doc>
<status status="PASS" start="2024-05-16T10:15:04.703408" elapsed="0.000163"/>
</kw>
<var name="${key}">location</var>
<status status="PASS" start="2024-05-16T10:15:04.701853" elapsed="0.001930"/>
</iter>
<iter>
<kw name="Dictionary Should Contain Key" owner="Collections">
<msg time="2024-05-16T10:15:04.704443" level="INFO">False</msg>
<arg>${json_data['results'][0]}</arg>
<arg>${key}</arg>
<doc>Fails if ``key`` is not found from ``dictionary``.</doc>
<status status="PASS" start="2024-05-16T10:15:04.704066" elapsed="0.000413"/>
</kw>
<kw name="Log" owner="BuiltIn">
<msg time="2024-05-16T10:15:04.705134" level="INFO">{'gender': 'male', 'name': {'title': 'Mr', 'first': 'Sava', 'last': 'Sakić'}, 'location': {'street': {'number': 901, 'name': 'Kosmetska'}, 'city': 'Užice', 'state': 'Srem', 'country': 'Serbia', 'postcode': 91955, 'coordinates': {'latitude': '61.7173', 'longitude': '-57.1611'}, 'timezone': {'offset': '+3:30', 'description': 'Tehran'}}, 'email': 'sava.sakic@example.com', 'login': {'uuid': 'ba916ede-9a63-40bd-bdf7-eab2150f03fe', 'username': 'yellowkoala907', 'password': 'ssss', 'salt': 'LOAnaRZC', 'md5': '64461d16d698ee479f217ffe8c18216c', 'sha1': '1cd07e93e57e16e7ff77f4ac371a0c9ca9e24e21', 'sha256': '028ecd98160e93aa916b19b2d46d827b6e37aa6ab84cea06ecf217c1bc52389b'}, 'dob': {'date': '1983-01-04T15:27:10.191Z', 'age': 41}, 'registered': {'date': '2017-04-19T16:09:44.559Z', 'age': 7}, 'phone': '013-0902-983', 'cell': '062-3467-055', 'id': {'name': 'SID', 'value': '641796665'}, 'picture': {'large': 'https://randomuser.me/api/portraits/men/15.jpg', 'medium': 'https://randomuser.me/api/portraits/med/men/15.jpg', 'thumbnail': 'https://randomuser.me/api/portraits/thumb/men/15.jpg'}, 'nat': 'RS'}</msg>
<arg>${json_data['results'][0]}</arg>
<doc>Logs the given message with the given level.</doc>
<status status="PASS" start="2024-05-16T10:15:04.704775" elapsed="0.000418"/>
</kw>
<kw name="Log" owner="BuiltIn">
<msg time="2024-05-16T10:15:04.705612" level="INFO">email</msg>
<arg>${key}</arg>
<doc>Logs the given message with the given level.</doc>
<status status="PASS" start="2024-05-16T10:15:04.705487" elapsed="0.000162"/>
</kw>
<var name="${key}">email</var>
<status status="PASS" start="2024-05-16T10:15:04.703956" elapsed="0.001913"/>
</iter>
<iter>
<kw name="Dictionary Should Contain Key" owner="Collections">
<msg time="2024-05-16T10:15:04.706579" level="INFO">False</msg>
<arg>${json_data['results'][0]}</arg>
<arg>${key}</arg>
<doc>Fails if ``key`` is not found from ``dictionary``.</doc>
<status status="PASS" start="2024-05-16T10:15:04.706179" elapsed="0.000437"/>
</kw>
<kw name="Log" owner="BuiltIn">
<msg time="2024-05-16T10:15:04.707281" level="INFO">{'gender': 'male', 'name': {'title': 'Mr', 'first': 'Sava', 'last': 'Sakić'}, 'location': {'street': {'number': 901, 'name': 'Kosmetska'}, 'city': 'Užice', 'state': 'Srem', 'country': 'Serbia', 'postcode': 91955, 'coordinates': {'latitude': '61.7173', 'longitude': '-57.1611'}, 'timezone': {'offset': '+3:30', 'description': 'Tehran'}}, 'email': 'sava.sakic@example.com', 'login': {'uuid': 'ba916ede-9a63-40bd-bdf7-eab2150f03fe', 'username': 'yellowkoala907', 'password': 'ssss', 'salt': 'LOAnaRZC', 'md5': '64461d16d698ee479f217ffe8c18216c', 'sha1': '1cd07e93e57e16e7ff77f4ac371a0c9ca9e24e21', 'sha256': '028ecd98160e93aa916b19b2d46d827b6e37aa6ab84cea06ecf217c1bc52389b'}, 'dob': {'date': '1983-01-04T15:27:10.191Z', 'age': 41}, 'registered': {'date': '2017-04-19T16:09:44.559Z', 'age': 7}, 'phone': '013-0902-983', 'cell': '062-3467-055', 'id': {'name': 'SID', 'value': '641796665'}, 'picture': {'large': 'https://randomuser.me/api/portraits/men/15.jpg', 'medium': 'https://randomuser.me/api/portraits/med/men/15.jpg', 'thumbnail': 'https://randomuser.me/api/portraits/thumb/men/15.jpg'}, 'nat': 'RS'}</msg>
<arg>${json_data['results'][0]}</arg>
<doc>Logs the given message with the given level.</doc>
<status status="PASS" start="2024-05-16T10:15:04.706913" elapsed="0.000418"/>
</kw>
<kw name="Log" owner="BuiltIn">
<msg time="2024-05-16T10:15:04.707753" level="INFO">login</msg>
<arg>${key}</arg>
<doc>Logs the given message with the given level.</doc>
<status status="PASS" start="2024-05-16T10:15:04.707627" elapsed="0.000163"/>
</kw>
<var name="${key}">login</var>
<status status="PASS" start="2024-05-16T10:15:04.706039" elapsed="0.001970"/>
</iter>
<var>${key}</var>
<value>@{expected_keys}</value>
<status status="PASS" start="2024-05-16T10:15:04.697323" elapsed="0.010808"/>
</for>
<kw name="Create List" owner="BuiltIn">
<msg time="2024-05-16T10:15:04.708459" level="INFO">${expected_keysTwo} = ['username', 'password']</msg>
<var>${expected_keysTwo}</var>
<arg>username</arg>
<arg>password</arg>
<doc>Returns a list containing given items.</doc>
<status status="PASS" start="2024-05-16T10:15:04.708324" elapsed="0.000186"/>
</kw>
<for flavor="IN">
<iter>
<kw name="Dictionary Should Contain Key" owner="Collections">
<msg time="2024-05-16T10:15:04.709405" level="INFO">False</msg>
<arg>${json_data['results'][0]['login']}</arg>
<arg>${keyTwo}</arg>
<doc>Fails if ``key`` is not found from ``dictionary``.</doc>
<status status="PASS" start="2024-05-16T10:15:04.709022" elapsed="0.000419"/>
</kw>
<kw name="Dictionary Should Contain Key" owner="Collections">
<msg time="2024-05-16T10:15:04.710132" level="INFO">False</msg>
<arg>${json_data['results'][0]['login']}</arg>
<arg>${keyTwo}</arg>
<doc>Fails if ``key`` is not found from ``dictionary``.</doc>
<status status="PASS" start="2024-05-16T10:15:04.709735" elapsed="0.000436"/>
</kw>
<kw name="Log" owner="BuiltIn">
<msg time="2024-05-16T10:15:04.710599" level="INFO">username</msg>
<arg>${keyTwo}</arg>
<doc>Logs the given message with the given level.</doc>
<status status="PASS" start="2024-05-16T10:15:04.710472" elapsed="0.000172"/>
</kw>
<var name="${keyTwo}">username</var>
<status status="PASS" start="2024-05-16T10:15:04.708904" elapsed="0.001956"/>
</iter>
<iter>
<kw name="Dictionary Should Contain Key" owner="Collections">
<msg time="2024-05-16T10:15:04.711600" level="INFO">False</msg>
<arg>${json_data['results'][0]['login']}</arg>
<arg>${keyTwo}</arg>
<doc>Fails if ``key`` is not found from ``dictionary``.</doc>
<status status="PASS" start="2024-05-16T10:15:04.711142" elapsed="0.000497"/>
</kw>
<kw name="Dictionary Should Contain Key" owner="Collections">
<msg time="2024-05-16T10:15:04.712312" level="INFO">False</msg>
<arg>${json_data['results'][0]['login']}</arg>
<arg>${keyTwo}</arg>
<doc>Fails if ``key`` is not found from ``dictionary``.</doc>
<status status="PASS" start="2024-05-16T10:15:04.711936" elapsed="0.000412"/>
</kw>
<kw name="Log" owner="BuiltIn">
<msg time="2024-05-16T10:15:04.712764" level="INFO">password</msg>
<arg>${keyTwo}</arg>
<doc>Logs the given message with the given level.</doc>
<status status="PASS" start="2024-05-16T10:15:04.712639" elapsed="0.000160"/>
</kw>
<var name="${keyTwo}">password</var>
<status status="PASS" start="2024-05-16T10:15:04.711033" elapsed="0.001979"/>
</iter>
<var>${keyTwo}</var>
<value>@{expected_keysTwo}</value>
<status status="PASS" start="2024-05-16T10:15:04.708753" elapsed="0.004378"/>
</for>
<status status="PASS" start="2024-05-16T10:15:04.160381" elapsed="0.552894"/>
</kw>
<doc>Testa a estrutura da resposta da API.</doc>
<tag>testeEstruturaResposta</tag>
<status status="PASS" start="2024-05-16T10:15:04.159690" elapsed="0.553743"/>
</test>
<test id="s1-s1-t4" name="Validar tipos de dados" line="28">
<kw name="Teste de Tipos de Dados" owner="random-user-service">
<kw name="GET On Session" owner="RequestsLibrary">
<msg time="2024-05-16T10:15:05.569753" level="INFO">GET Request : url=https://randomuser.me/api 
 path_url=/api 
 headers={'User-Agent': 'python-requests/2.31.0', 'Accept-Encoding': 'gzip, deflate', 'Accept': '*/*', 'Connection': 'keep-alive'} 
 body=None 
 </msg>
<msg time="2024-05-16T10:15:05.569851" level="INFO">GET Response : url=https://randomuser.me/api 
 status=200, reason=OK 
 headers={'Date': 'Thu, 16 May 2024 10:15:05 GMT', 'Content-Type': 'application/json; charset=utf-8', 'Transfer-Encoding': 'chunked', 'Connection': 'keep-alive', 'X-Powered-By': 'Express', 'Access-Control-Allow-Origin': '*', 'Cache-Control': 'no-cache', 'ETag': 'W/"4a7-xUPu6uh5y+mOWW9l8foVSDy7yk0"', 'Vary': 'Accept-Encoding', 'Content-Encoding': 'gzip', 'CF-Cache-Status': 'DYNAMIC', 'Report-To': '{"endpoints":[{"url":"https:\\/\\/a.nel.cloudflare.com\\/report\\/v4?s=a9erKxIkyTyzRlbrTdXCm5h7bzCDjWAzjs8n5gYhSDPf4P1yroaj7Cvk1ZABdhwuSunPTXIp%2FkLkKP1Xwi9gONBV%2FOx6OXCqK2x2L9Q14sqBP3rxAVFq4%2F9Cyjm%2BlEJH"}],"group":"cf-nel","max_age":604800}', 'NEL': '{"success_fraction":0,"report_to":"cf-nel","max_age":604800}', 'Server': 'cloudflare', 'CF-RAY': '884a9abe7d4f57f7-IAD', 'alt-svc': 'h3=":443"; ma=86400'} 
 body={"results":[{"gender":"female","name":{"title":"Mrs","first":"Alexis","last":"Martin"},"location":{"street":{"number":1753,"name":"Blossom Hill Rd"},"city":"Nowra","state":"Australian Capital Territory","country":"Australia","postcode":1611,"coordinates":{"latitude":"-81.6843","longitude":"25.9810"},"timezone":{"offset":"-6:00","description":"Central Time (US &amp; Canada), Mexico City"}},"email":"alexis.martin@example.com","login":{"uuid":"08a32090-8643-4b21-acb3-6d9a1882cd42","username":"bluegoose836","password":"polaris","salt":"AroTjgAV","md5":"516d8ad2d1e208599f31122b0d4c3155","sha1":"a6070e8d5fea8f3333062ba6d8928fea59be5894","sha256":"48445d22a9b44e16ecf47eb44cc20133856013d1ef4c2f46ab924c00888b0187"},"dob":{"date":"1978-02-15T20:53:59.150Z","age":46},"registered":{"date":"2014-12-06T01:03:51.743Z","age":9},"phone":"05-5178-2166","cell":"0492-357-971","id":{"name":"TFN","value":"213712342"},"picture":{"large":"https://randomuser.me/api/portraits/women/6.jpg","medium":"https://randomuser.me/api/portraits/med/women/6.jpg","thumbnail":"https://randomuser.me/api/portraits/thumb/women/6.jpg"},"nat":"AU"}],"info":{"seed":"44c5c4414b55b5d4","results":1,"page":1,"version":"1.4"}} 
 </msg>
<msg time="2024-05-16T10:15:05.569922" level="INFO">/opt/hostedtoolcache/Python/3.12.3/x64/lib/python3.12/site-packages/urllib3/connectionpool.py:1103: InsecureRequestWarning: Unverified HTTPS request is being made to host 'randomuser.me'. Adding certificate verification is strongly advised. See: https://urllib3.readthedocs.io/en/latest/advanced-usage.html#tls-warnings
  warnings.warn(</msg>
<msg time="2024-05-16T10:15:05.570060" level="INFO">${response} = &lt;Response [200]&gt;</msg>
<var>${response}</var>
<arg>consultarAPI</arg>
<arg>/api</arg>
<doc>Sends a GET request on a previously created HTTP Session.</doc>
<status status="PASS" start="2024-05-16T10:15:04.716043" elapsed="0.854083"/>
</kw>
<kw name="Set Variable" owner="BuiltIn">
<msg time="2024-05-16T10:15:05.571139" level="INFO">${json_data} = {'results': [{'gender': 'female', 'name': {'title': 'Mrs', 'first': 'Alexis', 'last': 'Martin'}, 'location': {'street': {'number': 1753, 'name': 'Blossom Hill Rd'}, 'city': 'Nowra', 'state': 'Australi...</msg>
<var>${json_data}</var>
<arg>${response.json()}</arg>
<doc>Returns the given values which can then be assigned to a variables.</doc>
<status status="PASS" start="2024-05-16T10:15:05.570635" elapsed="0.000532"/>
</kw>
<kw name="Log" owner="BuiltIn">
<msg time="2024-05-16T10:15:05.571630" level="INFO">{'results': [{'gender': 'female', 'name': {'title': 'Mrs', 'first': 'Alexis', 'last': 'Martin'}, 'location': {'street': {'number': 1753, 'name': 'Blossom Hill Rd'}, 'city': 'Nowra', 'state': 'Australian Capital Territory', 'country': 'Australia', 'postcode': 1611, 'coordinates': {'latitude': '-81.6843', 'longitude': '25.9810'}, 'timezone': {'offset': '-6:00', 'description': 'Central Time (US &amp; Canada), Mexico City'}}, 'email': 'alexis.martin@example.com', 'login': {'uuid': '08a32090-8643-4b21-acb3-6d9a1882cd42', 'username': 'bluegoose836', 'password': 'polaris', 'salt': 'AroTjgAV', 'md5': '516d8ad2d1e208599f31122b0d4c3155', 'sha1': 'a6070e8d5fea8f3333062ba6d8928fea59be5894', 'sha256': '48445d22a9b44e16ecf47eb44cc20133856013d1ef4c2f46ab924c00888b0187'}, 'dob': {'date': '1978-02-15T20:53:59.150Z', 'age': 46}, 'registered': {'date': '2014-12-06T01:03:51.743Z', 'age': 9}, 'phone': '05-5178-2166', 'cell': '0492-357-971', 'id': {'name': 'TFN', 'value': '213712342'}, 'picture': {'large': 'https://randomuser.me/api/portraits/women/6.jpg', 'medium': 'https://randomuser.me/api/portraits/med/women/6.jpg', 'thumbnail': 'https://randomuser.me/api/portraits/thumb/women/6.jpg'}, 'nat': 'AU'}], 'info': {'seed': '44c5c4414b55b5d4', 'results': 1, 'page': 1, 'version': '1.4'}}</msg>
<arg>${json_data}</arg>
<doc>Logs the given message with the given level.</doc>
<status status="PASS" start="2024-05-16T10:15:05.571474" elapsed="0.000206"/>
</kw>
<kw name="Should Be String" owner="String">
<arg>${json_data['results'][0]['gender']}</arg>
<doc>Fails if the given ``item`` is not a string.</doc>
<status status="PASS" start="2024-05-16T10:15:05.572002" elapsed="0.000364"/>
</kw>
<kw name="Should Match Regexp" owner="BuiltIn">
<arg>${json_data['results'][0]['email']}</arg>
<arg>^[a-zA-Z0-9._%+-]+@[a-zA-Z0-9.-]+\.[a-zA-Z]{2,}$</arg>
<doc>Fails if ``string`` does not match ``pattern`` as a regular expression.</doc>
<status status="PASS" start="2024-05-16T10:15:05.572556" elapsed="0.000508"/>
</kw>
<kw name="Should Match Regexp" owner="BuiltIn">
<arg>${json_data['results'][0]['dob']['date']}</arg>
<arg>\\d{4}-\\d{2}-\\d{2}T\\d{2}:\\d{2}:\\d{2}\\.\\d{3}Z</arg>
<doc>Fails if ``string`` does not match ``pattern`` as a regular expression.</doc>
<status status="PASS" start="2024-05-16T10:15:05.573257" elapsed="0.000483"/>
</kw>
<kw name="Should Match Regexp" owner="BuiltIn">
<arg>${json_data['results'][0]['registered']['date']}</arg>
<arg>\\d{4}-\\d{2}-\\d{2}T\\d{2}:\\d{2}:\\d{2}\\.\\d{3}Z</arg>
<doc>Fails if ``string`` does not match ``pattern`` as a regular expression.</doc>
<status status="PASS" start="2024-05-16T10:15:05.573933" elapsed="0.000433"/>
</kw>
<kw name="Should Match Regexp" owner="BuiltIn">
<arg>${json_data['results'][0]['picture']['large']}</arg>
<arg>^https?://.*\.(?:png|jpe?g|gif|bmp)$</arg>
<doc>Fails if ``string`` does not match ``pattern`` as a regular expression.</doc>
<status status="PASS" start="2024-05-16T10:15:05.574558" elapsed="0.000459"/>
</kw>
<kw name="Should Match Regexp" owner="BuiltIn">
<arg>${json_data['results'][0]['picture']['medium']}</arg>
<arg>^https?://.*\.(?:png|jpe?g|gif|bmp)$</arg>
<doc>Fails if ``string`` does not match ``pattern`` as a regular expression.</doc>
<status status="PASS" start="2024-05-16T10:15:05.575206" elapsed="0.000349"/>
</kw>
<kw name="Should Match Regexp" owner="BuiltIn">
<arg>${json_data['results'][0]['picture']['thumbnail']}</arg>
<arg>^https?://.*\.(?:png|jpe?g|gif|bmp)$</arg>
<doc>Fails if ``string`` does not match ``pattern`` as a regular expression.</doc>
<status status="PASS" start="2024-05-16T10:15:05.575755" elapsed="0.000355"/>
</kw>
<kw name="Log" owner="BuiltIn">
<msg time="2024-05-16T10:15:05.576609" level="INFO">{'large': 'https://randomuser.me/api/portraits/women/6.jpg', 'medium': 'https://randomuser.me/api/portraits/med/women/6.jpg', 'thumbnail': 'https://randomuser.me/api/portraits/thumb/women/6.jpg'}</msg>
<arg>${json_data['results'][0]['picture']}</arg>
<doc>Logs the given message with the given level.</doc>
<status status="PASS" start="2024-05-16T10:15:05.576290" elapsed="0.000361"/>
</kw>
<status status="PASS" start="2024-05-16T10:15:04.715815" elapsed="0.861093"/>
</kw>
<kw name="Teste de Tipos de Dados - Postcode" owner="random-user-service">
<kw name="GET On Session" owner="RequestsLibrary">
<msg time="2024-05-16T10:15:05.756212" level="INFO">GET Request : url=https://randomuser.me/api 
 path_url=/api 
 headers={'User-Agent': 'python-requests/2.31.0', 'Accept-Encoding': 'gzip, deflate', 'Accept': '*/*', 'Connection': 'keep-alive'} 
 body=None 
 </msg>
<msg time="2024-05-16T10:15:05.756297" level="INFO">GET Response : url=https://randomuser.me/api 
 status=200, reason=OK 
 headers={'Date': 'Thu, 16 May 2024 10:15:05 GMT', 'Content-Type': 'application/json; charset=utf-8', 'Transfer-Encoding': 'chunked', 'Connection': 'keep-alive', 'X-Powered-By': 'Express', 'Access-Control-Allow-Origin': '*', 'Cache-Control': 'no-cache', 'ETag': 'W/"48a-CNBxH5PhTXyGvvxLVYnx+TfzZ2w"', 'Vary': 'Accept-Encoding', 'Content-Encoding': 'gzip', 'CF-Cache-Status': 'DYNAMIC', 'Report-To': '{"endpoints":[{"url":"https:\\/\\/a.nel.cloudflare.com\\/report\\/v4?s=gziINn99mnD04bZtduE72l6eERe2I9pRdetUTIxvq1VrltIvtP7RcMchEQiNwPMn%2FA2VmoX1hw6zpJ3VkwIs%2Fj9drTRlSdhR%2BkE4vdB8G2BaiWghRpwRdcrjRecYIQOV"}],"group":"cf-nel","max_age":604800}', 'NEL': '{"success_fraction":0,"report_to":"cf-nel","max_age":604800}', 'Server': 'cloudflare', 'CF-RAY': '884a9ac3e87957f7-IAD', 'alt-svc': 'h3=":443"; ma=86400'} 
 body={"results":[{"gender":"female","name":{"title":"Mrs","first":"Mélani","last":"Nunes"},"location":{"street":{"number":4198,"name":"Rua São Jorge "},"city":"Vila Velha","state":"Rondônia","country":"Brazil","postcode":63966,"coordinates":{"latitude":"-80.6732","longitude":"74.7781"},"timezone":{"offset":"-11:00","description":"Midway Island, Samoa"}},"email":"melani.nunes@example.com","login":{"uuid":"bb916bfc-9d86-4939-a0b8-24251d7cca8e","username":"lazycat348","password":"poiuy","salt":"1GzJoLAb","md5":"6d43d57a9de979048fe411d2a7412bd7","sha1":"579090a778a445b6dc6e39d2f682b256086114bc","sha256":"77fe99a44dec82b4f160938b9a31470bb4e6a5307425efefd38e497bc5171859"},"dob":{"date":"1954-03-08T03:15:11.933Z","age":70},"registered":{"date":"2009-02-28T03:34:51.499Z","age":15},"phone":"(84) 7765-8300","cell":"(40) 2744-1204","id":{"name":"CPF","value":"677.192.160-36"},"picture":{"large":"https://randomuser.me/api/portraits/women/9.jpg","medium":"https://randomuser.me/api/portraits/med/women/9.jpg","thumbnail":"https://randomuser.me/api/portraits/thumb/women/9.jpg"},"nat":"BR"}],"info":{"seed":"a50b4536881a5f27","results":1,"page":1,"version":"1.4"}} 
 </msg>
<msg time="2024-05-16T10:15:05.756369" level="INFO">/opt/hostedtoolcache/Python/3.12.3/x64/lib/python3.12/site-packages/urllib3/connectionpool.py:1103: InsecureRequestWarning: Unverified HTTPS request is being made to host 'randomuser.me'. Adding certificate verification is strongly advised. See: https://urllib3.readthedocs.io/en/latest/advanced-usage.html#tls-warnings
  warnings.warn(</msg>
<msg time="2024-05-16T10:15:05.756497" level="INFO">${response} = &lt;Response [200]&gt;</msg>
<var>${response}</var>
<arg>consultarAPI</arg>
<arg>/api</arg>
<doc>Sends a GET request on a previously created HTTP Session.</doc>
<status status="PASS" start="2024-05-16T10:15:05.577360" elapsed="0.179179"/>
</kw>
<kw name="Set Variable" owner="BuiltIn">
<msg time="2024-05-16T10:15:05.757490" level="INFO">${json_data} = {'results': [{'gender': 'female', 'name': {'title': 'Mrs', 'first': 'Mélani', 'last': 'Nunes'}, 'location': {'street': {'number': 4198, 'name': 'Rua São Jorge '}, 'city': 'Vila Velha', 'state': 'Rondô...</msg>
<var>${json_data}</var>
<arg>${response.json()}</arg>
<doc>Returns the given values which can then be assigned to a variables.</doc>
<status status="PASS" start="2024-05-16T10:15:05.756986" elapsed="0.000534"/>
</kw>
<kw name="Log" owner="BuiltIn">
<msg time="2024-05-16T10:15:05.757984" level="INFO">{'results': [{'gender': 'female', 'name': {'title': 'Mrs', 'first': 'Mélani', 'last': 'Nunes'}, 'location': {'street': {'number': 4198, 'name': 'Rua São Jorge '}, 'city': 'Vila Velha', 'state': 'Rondônia', 'country': 'Brazil', 'postcode': 63966, 'coordinates': {'latitude': '-80.6732', 'longitude': '74.7781'}, 'timezone': {'offset': '-11:00', 'description': 'Midway Island, Samoa'}}, 'email': 'melani.nunes@example.com', 'login': {'uuid': 'bb916bfc-9d86-4939-a0b8-24251d7cca8e', 'username': 'lazycat348', 'password': 'poiuy', 'salt': '1GzJoLAb', 'md5': '6d43d57a9de979048fe411d2a7412bd7', 'sha1': '579090a778a445b6dc6e39d2f682b256086114bc', 'sha256': '77fe99a44dec82b4f160938b9a31470bb4e6a5307425efefd38e497bc5171859'}, 'dob': {'date': '1954-03-08T03:15:11.933Z', 'age': 70}, 'registered': {'date': '2009-02-28T03:34:51.499Z', 'age': 15}, 'phone': '(84) 7765-8300', 'cell': '(40) 2744-1204', 'id': {'name': 'CPF', 'value': '677.192.160-36'}, 'picture': {'large': 'https://randomuser.me/api/portraits/women/9.jpg', 'medium': 'https://randomuser.me/api/portraits/med/women/9.jpg', 'thumbnail': 'https://randomuser.me/api/portraits/thumb/women/9.jpg'}, 'nat': 'BR'}], 'info': {'seed': 'a50b4536881a5f27', 'results': 1, 'page': 1, 'version': '1.4'}}</msg>
<arg>${json_data}</arg>
<doc>Logs the given message with the given level.</doc>
<status status="PASS" start="2024-05-16T10:15:05.757827" elapsed="0.000205"/>
</kw>
<kw name="Should Be Equal As Numbers" owner="BuiltIn">
<arg>${json_data['results'][0]['location']['postcode']}</arg>
<arg>${json_data['results'][0]['location']['postcode']}</arg>
<doc>Fails if objects are unequal after converting them to real numbers.</doc>
<status status="PASS" start="2024-05-16T10:15:05.758555" elapsed="0.000614"/>
</kw>
<kw name="Log" owner="BuiltIn">
<msg time="2024-05-16T10:15:05.759743" level="INFO">63966</msg>
<arg>${json_data['results'][0]['location']['postcode']}</arg>
<doc>Logs the given message with the given level.</doc>
<status status="PASS" start="2024-05-16T10:15:05.759407" elapsed="0.000376"/>
</kw>
<status status="PASS" start="2024-05-16T10:15:05.577132" elapsed="0.182904"/>
</kw>
<doc>Testa se os tipos de dados na resposta da API estão corretos.</doc>
<tag>testeTiposDados</tag>
<status status="PASS" start="2024-05-16T10:15:04.715258" elapsed="1.044945"/>
</test>
<test id="s1-s1-t5" name="Validar conteudo" line="35">
<kw name="Teste de Tipos de Conteudo" owner="random-user-service">
<kw name="GET On Session" owner="RequestsLibrary">
<msg time="2024-05-16T10:15:05.837984" level="INFO">GET Request : url=https://randomuser.me/api 
 path_url=/api 
 headers={'User-Agent': 'python-requests/2.31.0', 'Accept-Encoding': 'gzip, deflate', 'Accept': '*/*', 'Connection': 'keep-alive'} 
 body=None 
 </msg>
<msg time="2024-05-16T10:15:05.838072" level="INFO">GET Response : url=https://randomuser.me/api 
 status=200, reason=OK 
 headers={'Date': 'Thu, 16 May 2024 10:15:05 GMT', 'Content-Type': 'application/json; charset=utf-8', 'Transfer-Encoding': 'chunked', 'Connection': 'keep-alive', 'X-Powered-By': 'Express', 'Access-Control-Allow-Origin': '*', 'Cache-Control': 'no-cache', 'ETag': 'W/"497-Z2SvIBMNd5ZR/Xh/4BY97T85MFc"', 'Vary': 'Accept-Encoding', 'Content-Encoding': 'gzip', 'CF-Cache-Status': 'DYNAMIC', 'Report-To': '{"endpoints":[{"url":"https:\\/\\/a.nel.cloudflare.com\\/report\\/v4?s=fDbKRQQR7vRM33CM6IAxZerSj8oy%2BBNaD2RIg%2FNwgYvuvquA1DF6i7P3kgvOf6kEvOTL1qleyCjSg0cFPrZNO9ylXsIXRdNnFXmqNlActWSMc4CN7%2FFhMOsuqqrDrkDh"}],"group":"cf-nel","max_age":604800}', 'NEL': '{"success_fraction":0,"report_to":"cf-nel","max_age":604800}', 'Server': 'cloudflare', 'CF-RAY': '884a9ac5091e57f7-IAD', 'alt-svc': 'h3=":443"; ma=86400'} 
 body={"results":[{"gender":"male","name":{"title":"Mr","first":"Arron","last":"Wood"},"location":{"street":{"number":1031,"name":"Stevens Creek Blvd"},"city":"Jacksonville","state":"Missouri","country":"United States","postcode":20043,"coordinates":{"latitude":"84.0659","longitude":"-119.8130"},"timezone":{"offset":"+4:00","description":"Abu Dhabi, Muscat, Baku, Tbilisi"}},"email":"arron.wood@example.com","login":{"uuid":"1f91c771-f6f8-4e5c-b16b-c43fad8584aa","username":"happypanda776","password":"alpine","salt":"9x7F6wWD","md5":"cfdd61a4f238c8bb44aef2ad2b07d255","sha1":"9277f9185c7fa6b7fc07690744b3d38cab575db2","sha256":"98497b022566b5c09d96aee4c81bee79feda45544811f8cffb57aec8d1e4da72"},"dob":{"date":"1959-09-15T12:57:47.690Z","age":64},"registered":{"date":"2006-10-24T21:46:52.876Z","age":17},"phone":"(785) 452-6690","cell":"(387) 517-5144","id":{"name":"SSN","value":"543-30-0310"},"picture":{"large":"https://randomuser.me/api/portraits/men/95.jpg","medium":"https://randomuser.me/api/portraits/med/men/95.jpg","thumbnail":"https://randomuser.me/api/portraits/thumb/men/95.jpg"},"nat":"US"}],"info":{"seed":"ebdd954a4d437b16","results":1,"page":1,"version":"1.4"}} 
 </msg>
<msg time="2024-05-16T10:15:05.838202" level="INFO">/opt/hostedtoolcache/Python/3.12.3/x64/lib/python3.12/site-packages/urllib3/connectionpool.py:1103: InsecureRequestWarning: Unverified HTTPS request is being made to host 'randomuser.me'. Adding certificate verification is strongly advised. See: https://urllib3.readthedocs.io/en/latest/advanced-usage.html#tls-warnings
  warnings.warn(</msg>
<msg time="2024-05-16T10:15:05.838346" level="INFO">${response} = &lt;Response [200]&gt;</msg>
<var>${response}</var>
<arg>consultarAPI</arg>
<arg>/api</arg>
<doc>Sends a GET request on a previously created HTTP Session.</doc>
<status status="PASS" start="2024-05-16T10:15:05.762659" elapsed="0.075728"/>
</kw>
<kw name="Set Variable" owner="BuiltIn">
<msg time="2024-05-16T10:15:05.839184" level="INFO">${json_data} = {'results': [{'gender': 'male', 'name': {'title': 'Mr', 'first': 'Arron', 'last': 'Wood'}, 'location': {'street': {'number': 1031, 'name': 'Stevens Creek Blvd'}, 'city': 'Jacksonville', 'state': 'Miss...</msg>
<var>${json_data}</var>
<arg>${response.json()}</arg>
<doc>Returns the given values which can then be assigned to a variables.</doc>
<status status="PASS" start="2024-05-16T10:15:05.838753" elapsed="0.000460"/>
</kw>
<kw name="Set Variable" owner="BuiltIn">
<msg time="2024-05-16T10:15:05.839888" level="INFO">${name_title} = Mr</msg>
<var>${name_title}</var>
<arg>${json_data["results"][0]["name"]["title"]}</arg>
<doc>Returns the given values which can then be assigned to a variables.</doc>
<status status="PASS" start="2024-05-16T10:15:05.839515" elapsed="0.000398"/>
</kw>
<kw name="Create List" owner="BuiltIn">
<msg time="2024-05-16T10:15:05.840367" level="INFO">${allowed_titles} = ['Mr', 'Ms', 'Miss', 'Mrs', 'Madame', 'Monsieur']</msg>
<var>${allowed_titles}</var>
<arg>Mr</arg>
<arg>Ms</arg>
<arg>Miss</arg>
<arg>Mrs</arg>
<arg>Madame</arg>
<arg>Monsieur</arg>
<doc>Returns a list containing given items.</doc>
<status status="PASS" start="2024-05-16T10:15:05.840218" elapsed="0.000172"/>
</kw>
<kw name="List Should Contain Value" owner="Collections">
<msg time="2024-05-16T10:15:05.840867" level="INFO">False</msg>
<arg>${allowed_titles}</arg>
<arg>${name_title}</arg>
<doc>Fails if the ``value`` is not found from ``list``.</doc>
<status status="PASS" start="2024-05-16T10:15:05.840692" elapsed="0.000211"/>
</kw>
<kw name="Set Variable" owner="BuiltIn">
<msg time="2024-05-16T10:15:05.841574" level="INFO">${name_country} = US</msg>
<var>${name_country}</var>
<arg>${json_data["results"][0]["nat"]}</arg>
<doc>Returns the given values which can then be assigned to a variables.</doc>
<status status="PASS" start="2024-05-16T10:15:05.841195" elapsed="0.000403"/>
</kw>
<kw name="Create List" owner="BuiltIn">
<msg time="2024-05-16T10:15:05.842528" level="INFO">${list_country} = ['AD', 'AE', 'AF', 'AG', 'AI', 'AL', 'AM', 'AO', 'AQ', 'AR', 'AS', 'AT', 'AU', 'AW', 'AX', 'AZ', 'BA', 'BB', 'BD', 'BE', 'BF', 'BG', 'BH', 'BI', 'BJ', 'BL', 'BM', 'BN', 'BO', 'BQ', 'BR', 'BS', 'BT', '...</msg>
<var>${list_country}</var>
<arg>AD</arg>
<arg>AE</arg>
<arg>AF</arg>
<arg>AG</arg>
<arg>AI</arg>
<arg>AL</arg>
<arg>AM</arg>
<arg>AO</arg>
<arg>AQ</arg>
<arg>AR</arg>
<arg>AS</arg>
<arg>AT</arg>
<arg>AU</arg>
<arg>AW</arg>
<arg>AX</arg>
<arg>AZ</arg>
<arg>BA</arg>
<arg>BB</arg>
<arg>BD</arg>
<arg>BE</arg>
<arg>BF</arg>
<arg>BG</arg>
<arg>BH</arg>
<arg>BI</arg>
<arg>BJ</arg>
<arg>BL</arg>
<arg>BM</arg>
<arg>BN</arg>
<arg>BO</arg>
<arg>BQ</arg>
<arg>BR</arg>
<arg>BS</arg>
<arg>BT</arg>
<arg>BV</arg>
<arg>BW</arg>
<arg>BY</arg>
<arg>BZ</arg>
<arg>CA</arg>
<arg>CC</arg>
<arg>CD</arg>
<arg>CF</arg>
<arg>CG</arg>
<arg>CH</arg>
<arg>CI</arg>
<arg>CK</arg>
<arg>CL</arg>
<arg>CM</arg>
<arg>CN</arg>
<arg>CO</arg>
<arg>CR</arg>
<arg>CU</arg>
<arg>CV</arg>
<arg>CW</arg>
<arg>CX</arg>
<arg>CY</arg>
<arg>CZ</arg>
<arg>DE</arg>
<arg>DJ</arg>
<arg>DK</arg>
<arg>DM</arg>
<arg>DO</arg>
<arg>DZ</arg>
<arg>EC</arg>
<arg>EE</arg>
<arg>EG</arg>
<arg>EH</arg>
<arg>ER</arg>
<arg>ES</arg>
<arg>ET</arg>
<arg>FI</arg>
<arg>FJ</arg>
<arg>FK</arg>
<arg>FM</arg>
<arg>FO</arg>
<arg>FR</arg>
<arg>GA</arg>
<arg>GB</arg>
<arg>GD</arg>
<arg>GE</arg>
<arg>GF</arg>
<arg>GG</arg>
<arg>GH</arg>
<arg>GI</arg>
<arg>GL</arg>
<arg>GM</arg>
<arg>GN</arg>
<arg>GP</arg>
<arg>GQ</arg>
<arg>GR</arg>
<arg>GS</arg>
<arg>GT</arg>
<arg>GU</arg>
<arg>GW</arg>
<arg>GY</arg>
<arg>HK</arg>
<arg>HM</arg>
<arg>HN</arg>
<arg>HR</arg>
<arg>HT</arg>
<arg>HU</arg>
<arg>ID</arg>
<arg>IE</arg>
<arg>IL</arg>
<arg>IM</arg>
<arg>IN</arg>
<arg>IO</arg>
<arg>IQ</arg>
<arg>IR</arg>
<arg>IS</arg>
<arg>IT</arg>
<arg>JE</arg>
<arg>JM</arg>
<arg>JO</arg>
<arg>JP</arg>
<arg>KE</arg>
<arg>KG</arg>
<arg>KH</arg>
<arg>KI</arg>
<arg>KM</arg>
<arg>KN</arg>
<arg>KP</arg>
<arg>KR</arg>
<arg>KW</arg>
<arg>KY</arg>
<arg>KZ</arg>
<arg>LA</arg>
<arg>LB</arg>
<arg>LC</arg>
<arg>LI</arg>
<arg>LK</arg>
<arg>LR</arg>
<arg>LS</arg>
<arg>LT</arg>
<arg>LU</arg>
<arg>LV</arg>
<arg>LY</arg>
<arg>MA</arg>
<arg>MC</arg>
<arg>MD</arg>
<arg>ME</arg>
<arg>MF</arg>
<arg>MG</arg>
<arg>MH</arg>
<arg>MK</arg>
<arg>ML</arg>
<arg>MM</arg>
<arg>MN</arg>
<arg>MO</arg>
<arg>MP</arg>
<arg>MQ</arg>
<arg>MR</arg>
<arg>MS</arg>
<arg>MT</arg>
<arg>MU</arg>
<arg>MV</arg>
<arg>MW</arg>
<arg>MX</arg>
<arg>MY</arg>
<arg>MZ</arg>
<arg>NA</arg>
<arg>NC</arg>
<arg>NE</arg>
<arg>NF</arg>
<arg>NG</arg>
<arg>NI</arg>
<arg>NL</arg>
<arg>NO</arg>
<arg>NP</arg>
<arg>NR</arg>
<arg>NU</arg>
<arg>NZ</arg>
<arg>OM</arg>
<arg>PA</arg>
<arg>PE</arg>
<arg>PF</arg>
<arg>PG</arg>
<arg>PH</arg>
<arg>PK</arg>
<arg>PL</arg>
<arg>PM</arg>
<arg>PN</arg>
<arg>PR</arg>
<arg>PS</arg>
<arg>PT</arg>
<arg>PW</arg>
<arg>PY</arg>
<arg>QA</arg>
<arg>RE</arg>
<arg>RO</arg>
<arg>RS</arg>
<arg>RU</arg>
<arg>RW</arg>
<arg>SA</arg>
<arg>SB</arg>
<arg>SC</arg>
<arg>SD</arg>
<arg>SE</arg>
<arg>SG</arg>
<arg>SH</arg>
<arg>SI</arg>
<arg>SJ</arg>
<arg>SK</arg>
<arg>SL</arg>
<arg>SM</arg>
<arg>SN</arg>
<arg>SO</arg>
<arg>SR</arg>
<arg>SS</arg>
<arg>ST</arg>
<arg>SV</arg>
<arg>SX</arg>
<arg>SY</arg>
<arg>SZ</arg>
<arg>TC</arg>
<arg>TD</arg>
<arg>TF</arg>
<arg>TG</arg>
<arg>TH</arg>
<arg>TJ</arg>
<arg>TK</arg>
<arg>TL</arg>
<arg>TM</arg>
<arg>TN</arg>
<arg>TO</arg>
<arg>TR</arg>
<arg>TT</arg>
<arg>TV</arg>
<arg>TW</arg>
<arg>TZ</arg>
<arg>UA</arg>
<arg>UG</arg>
<arg>UM</arg>
<arg>US</arg>
<arg>UY</arg>
<arg>UZ</arg>
<arg>VA</arg>
<arg>VC</arg>
<arg>VE</arg>
<arg>VG</arg>
<arg>VI</arg>
<arg>VN</arg>
<arg>VU</arg>
<arg>WF</arg>
<arg>WS</arg>
<arg>XK</arg>
<arg>YE</arg>
<arg>YT</arg>
<arg>ZA</arg>
<arg>ZM</arg>
<arg>ZW</arg>
<doc>Returns a list containing given items.</doc>
<status status="PASS" start="2024-05-16T10:15:05.841898" elapsed="0.000656"/>
</kw>
<kw name="List Should Contain Value" owner="Collections">
<msg time="2024-05-16T10:15:05.843528" level="INFO">False</msg>
<arg>${list_country}</arg>
<arg>${name_country}</arg>
<doc>Fails if the ``value`` is not found from ``list``.</doc>
<status status="PASS" start="2024-05-16T10:15:05.843328" elapsed="0.000245"/>
</kw>
<kw name="Run Keyword If" owner="BuiltIn">
<kw name="Should Be True" owner="BuiltIn">
<arg>${True}</arg>
<doc>Fails if the given condition is not true.</doc>
<status status="PASS" start="2024-05-16T10:15:05.844622" elapsed="0.000237"/>
</kw>
<arg>${json_data["results"][0]["location"]["coordinates"]["latitude"]} &gt;= -90 and ${json_data["results"][0]["location"]["coordinates"]["latitude"]} &lt;= 90</arg>
<arg>Should Be True</arg>
<arg>${True}</arg>
<doc>Runs the given keyword with the given arguments, if ``condition`` is true.</doc>
<status status="PASS" start="2024-05-16T10:15:05.843883" elapsed="0.001106"/>
</kw>
<kw name="Run Keyword If" owner="BuiltIn">
<kw name="Should Be True" owner="BuiltIn">
<arg>${True}</arg>
<doc>Fails if the given condition is not true.</doc>
<status status="PASS" start="2024-05-16T10:15:05.845880" elapsed="0.000137"/>
</kw>
<arg>${json_data["results"][0]["location"]["coordinates"]["longitude"]} &gt;= -180 and ${json_data["results"][0]["location"]["coordinates"]["longitude"]} &lt;= 180</arg>
<arg>Should Be True</arg>
<arg>${True}</arg>
<doc>Runs the given keyword with the given arguments, if ``condition`` is true.</doc>
<status status="PASS" start="2024-05-16T10:15:05.845175" elapsed="0.000986"/>
</kw>
<status status="PASS" start="2024-05-16T10:15:05.762434" elapsed="0.083856"/>
</kw>
<doc>Testa o conteúdo específico dos campos retornados pela API.</doc>
<tag>testeConteudo</tag>
<status status="PASS" start="2024-05-16T10:15:05.761941" elapsed="0.084496"/>
</test>
<status status="PASS" start="2024-05-16T10:15:03.794402" elapsed="2.053953"/>
</suite>
<status status="PASS" start="2024-05-16T10:15:03.780858" elapsed="2.072573"/>
</suite>
<statistics>
<total>
<stat pass="5" fail="0" skip="0">All Tests</stat>
</total>
<tag>
<stat pass="1" fail="0" skip="0">testeConteudo</stat>
<stat pass="1" fail="0" skip="0">testeEstruturaResposta</stat>
<stat pass="1" fail="0" skip="0">testeRequisicaoBasica</stat>
<stat pass="1" fail="0" skip="0">testeTiposDados</stat>
</tag>
<suite>
<stat pass="5" fail="0" skip="0" id="s1" name="Tests">Tests</stat>
<stat pass="5" fail="0" skip="0" id="s1-s1" name="Random-User-Test">Tests.Random-User-Test</stat>
</suite>
</statistics>
<errors>
</errors>
</robot>
