<?xml version="1.0" encoding="UTF-8"?>
<robot generator="Robot 7.0.1 (Python 3.12.4 on linux)" generated="2024-07-19T09:15:55.400599" rpa="false" schemaversion="5">
<suite id="s1" name="Tests" source="/home/runner/work/ApiRandomUser/ApiRandomUser/RamdonUser/tests">
<suite id="s1-s1" name="Random-User-Test" source="/home/runner/work/ApiRandomUser/ApiRandomUser/RamdonUser/tests/random-user-test.robot">
<test id="s1-s1-t1" name="Conectar" line="13">
<kw name="Conectar API" owner="random-user-service">
<kw name="Create Session" owner="RequestsLibrary">
<msg time="2024-07-19T09:15:55.808122" level="INFO">Creating Session using : alias=consultarAPI, url=https://randomuser.me/, headers={},                     cookies={}, auth=None, timeout=None, proxies=None, verify=False,                     debug=0 </msg>
<arg>consultarAPI</arg>
<arg>${URL}</arg>
<doc>Create Session: create a HTTP session to a server</doc>
<status status="PASS" start="2024-07-19T09:15:55.807836" elapsed="0.000571"/>
</kw>
<status status="PASS" start="2024-07-19T09:15:55.806579" elapsed="0.002227"/>
</kw>
<status status="PASS" start="2024-07-19T09:15:55.805883" elapsed="0.003125"/>
</test>
<test id="s1-s1-t2" name="Validar retorno 200 e JSON Válido" line="16">
<kw name="Teste de Requisicao Basica" owner="random-user-service">
<kw name="GET On Session" owner="RequestsLibrary">
<msg time="2024-07-19T09:15:55.978868" level="INFO">GET Request : url=https://randomuser.me/api 
 path_url=/api 
 headers={'User-Agent': 'python-requests/2.32.3', 'Accept-Encoding': 'gzip, deflate', 'Accept': '*/*', 'Connection': 'keep-alive'} 
 body=None 
 </msg>
<msg time="2024-07-19T09:15:55.979049" level="INFO">GET Response : url=https://randomuser.me/api 
 status=200, reason=OK 
 headers={'Date': 'Fri, 19 Jul 2024 09:15:55 GMT', 'Content-Type': 'application/json; charset=utf-8', 'Transfer-Encoding': 'chunked', 'Connection': 'keep-alive', 'X-Powered-By': 'Express', 'Access-Control-Allow-Origin': '*', 'Cache-Control': 'no-cache', 'ETag': 'W/"47d-qg+daYcqSTjTY/meve8YkklFhVc"', 'Vary': 'Accept-Encoding', 'Content-Encoding': 'gzip', 'CF-Cache-Status': 'DYNAMIC', 'Report-To': '{"endpoints":[{"url":"https:\\/\\/a.nel.cloudflare.com\\/report\\/v4?s=%2BEtbFd3H9EPyrWP%2FMok2AOccLzmgyjiMZQ5UdsHkYDoXJW3J8kTJD35TGNeb4yfsV9PKgv4aOYq7Ucn%2FS6QdDgvZA2BSiN88offjswtgM4BGNTMGgkC0eFaXepTogZG5"}],"group":"cf-nel","max_age":604800}', 'NEL': '{"success_fraction":0,"report_to":"cf-nel","max_age":604800}', 'Server': 'cloudflare', 'CF-RAY': '8a599c1aad323b32-IAD', 'alt-svc': 'h3=":443"; ma=86400'} 
 body={"results":[{"gender":"male","name":{"title":"Mr","first":"Hitesh","last":"Shenoy"},"location":{"street":{"number":990,"name":"Sampige Rd"},"city":"Ozhukarai","state":"Sikkim","country":"India","postcode":77396,"coordinates":{"latitude":"10.6889","longitude":"-60.9335"},"timezone":{"offset":"-1:00","description":"Azores, Cape Verde Islands"}},"email":"hitesh.shenoy@example.com","login":{"uuid":"7d61cbdb-8d2a-46e1-8ece-561b692c95e4","username":"silverswan414","password":"undertak","salt":"HZlOz7fG","md5":"394bd571d29cccaeb502e53c3b5c6380","sha1":"4fb3c6fb6454368b4fcda93be46eaa702a0c19e3","sha256":"11be517f8220dbe006d01c7eaf5b83bb91542bd136393e9b9b4edb2689006e16"},"dob":{"date":"1968-08-04T12:19:38.807Z","age":55},"registered":{"date":"2003-07-27T11:47:03.889Z","age":20},"phone":"8517538246","cell":"9118763335","id":{"name":"UIDAI","value":"772235862226"},"picture":{"large":"https://randomuser.me/api/portraits/men/69.jpg","medium":"https://randomuser.me/api/portraits/med/men/69.jpg","thumbnail":"https://randomuser.me/api/portraits/thumb/men/69.jpg"},"nat":"IN"}],"info":{"seed":"793feb3b15b31e19","results":1,"page":1,"version":"1.4"}} 
 </msg>
<msg time="2024-07-19T09:15:55.979146" level="INFO">/opt/hostedtoolcache/Python/3.12.4/x64/lib/python3.12/site-packages/urllib3/connectionpool.py:1099: InsecureRequestWarning: Unverified HTTPS request is being made to host 'randomuser.me'. Adding certificate verification is strongly advised. See: https://urllib3.readthedocs.io/en/latest/advanced-usage.html#tls-warnings
  warnings.warn(</msg>
<msg time="2024-07-19T09:15:55.979321" level="INFO">${response} = &lt;Response [200]&gt;</msg>
<var>${response}</var>
<arg>consultarAPI</arg>
<arg>/api</arg>
<doc>Sends a GET request on a previously created HTTP Session.</doc>
<status status="PASS" start="2024-07-19T09:15:55.811764" elapsed="0.167599"/>
</kw>
<kw name="Should Be Equal As Numbers" owner="BuiltIn">
<msg time="2024-07-19T09:15:55.980466" level="INFO">Argument types are:
&lt;class 'int'&gt;
&lt;class 'str'&gt;</msg>
<arg>${response.status_code}</arg>
<arg>200</arg>
<doc>Fails if objects are unequal after converting them to real numbers.</doc>
<status status="PASS" start="2024-07-19T09:15:55.979956" elapsed="0.000586"/>
</kw>
<kw name="Log" owner="BuiltIn">
<msg time="2024-07-19T09:15:55.981364" level="INFO">200</msg>
<arg>${response.status_code}</arg>
<doc>Logs the given message with the given level.</doc>
<status status="PASS" start="2024-07-19T09:15:55.980970" elapsed="0.000442"/>
</kw>
<kw name="Set Variable" owner="BuiltIn">
<msg time="2024-07-19T09:15:55.982272" level="INFO">${json_data} = {'results': [{'gender': 'male', 'name': {'title': 'Mr', 'first': 'Hitesh', 'last': 'Shenoy'}, 'location': {'street': {'number': 990, 'name': 'Sampige Rd'}, 'city': 'Ozhukarai', 'state': 'Sikkim', 'cou...</msg>
<var>${json_data}</var>
<arg>${response.json()}</arg>
<doc>Returns the given values which can then be assigned to a variables.</doc>
<status status="PASS" start="2024-07-19T09:15:55.981756" elapsed="0.000546"/>
</kw>
<kw name="Dictionary Should Contain Key" owner="Collections">
<arg>${json_data}</arg>
<arg>results</arg>
<doc>Fails if ``key`` is not found from ``dictionary``.</doc>
<status status="PASS" start="2024-07-19T09:15:55.982627" elapsed="0.000353"/>
</kw>
<status status="PASS" start="2024-07-19T09:15:55.811502" elapsed="0.171635"/>
</kw>
<doc>Testa se a API responde corretamente e retorna um objeto JSON válido.</doc>
<tag>testeRequisicaoBasica</tag>
<status status="PASS" start="2024-07-19T09:15:55.810956" elapsed="0.172357"/>
</test>
<test id="s1-s1-t3" name="Validar estrutura de resposta" line="22">
<kw name="Teste de Estrutura de Resposta" owner="random-user-service">
<kw name="GET On Session" owner="RequestsLibrary">
<msg time="2024-07-19T09:15:56.091582" level="INFO">GET Request : url=https://randomuser.me/api 
 path_url=/api 
 headers={'User-Agent': 'python-requests/2.32.3', 'Accept-Encoding': 'gzip, deflate', 'Accept': '*/*', 'Connection': 'keep-alive'} 
 body=None 
 </msg>
<msg time="2024-07-19T09:15:56.091703" level="INFO">GET Response : url=https://randomuser.me/api 
 status=200, reason=OK 
 headers={'Date': 'Fri, 19 Jul 2024 09:15:56 GMT', 'Content-Type': 'application/json; charset=utf-8', 'Transfer-Encoding': 'chunked', 'Connection': 'keep-alive', 'X-Powered-By': 'Express', 'Access-Control-Allow-Origin': '*', 'Cache-Control': 'no-cache', 'ETag': 'W/"497-DQ6YxOCTfjMnUQOQkf9wZc78r+I"', 'Vary': 'Accept-Encoding', 'Content-Encoding': 'gzip', 'CF-Cache-Status': 'DYNAMIC', 'Report-To': '{"endpoints":[{"url":"https:\\/\\/a.nel.cloudflare.com\\/report\\/v4?s=3DAxc%2B2gqKz220%2BVQqGGESW4d6k8iad5fVPaxatwWPGPZI9cS1fZ7dN64xfUjI18LgT2nN2UZGz6qko8I9PmqVWUQ7InC6TdqY4JuFVTQZH3mrpYRJ0YRHrxyu%2BhaZ6B"}],"group":"cf-nel","max_age":604800}', 'NEL': '{"success_fraction":0,"report_to":"cf-nel","max_age":604800}', 'Server': 'cloudflare', 'CF-RAY': '8a599c1afd573b32-IAD', 'alt-svc': 'h3=":443"; ma=86400'} 
 body={"results":[{"gender":"female","name":{"title":"Mrs","first":"Abigail","last":"Clark"},"location":{"street":{"number":5394,"name":"20th Ave"},"city":"Cumberland","state":"Québec","country":"Canada","postcode":"Y3C 0F2","coordinates":{"latitude":"-66.3025","longitude":"107.4968"},"timezone":{"offset":"-4:00","description":"Atlantic Time (Canada), Caracas, La Paz"}},"email":"abigail.clark@example.com","login":{"uuid":"0374803c-5bc3-4025-9a43-b40f348f2570","username":"bluepanda355","password":"director","salt":"TWmbkw1P","md5":"1072652c5a4bacb150965ce0eb75c47a","sha1":"3d37f1b12f2582195cf57df1d23b7e8e41b953d3","sha256":"ab26b55a71dad614be6d9d8e89214853577614efe0578c1bffc6e4fd020c8501"},"dob":{"date":"1947-12-01T13:01:23.764Z","age":76},"registered":{"date":"2021-08-19T17:22:31.002Z","age":2},"phone":"H59 E34-0562","cell":"V32 S74-2327","id":{"name":"SIN","value":"474536521"},"picture":{"large":"https://randomuser.me/api/portraits/women/18.jpg","medium":"https://randomuser.me/api/portraits/med/women/18.jpg","thumbnail":"https://randomuser.me/api/portraits/thumb/women/18.jpg"},"nat":"CA"}],"info":{"seed":"89f3fcdaf04e08a6","results":1,"page":1,"version":"1.4"}} 
 </msg>
<msg time="2024-07-19T09:15:56.091862" level="INFO">/opt/hostedtoolcache/Python/3.12.4/x64/lib/python3.12/site-packages/urllib3/connectionpool.py:1099: InsecureRequestWarning: Unverified HTTPS request is being made to host 'randomuser.me'. Adding certificate verification is strongly advised. See: https://urllib3.readthedocs.io/en/latest/advanced-usage.html#tls-warnings
  warnings.warn(</msg>
<msg time="2024-07-19T09:15:56.092011" level="INFO">${response} = &lt;Response [200]&gt;</msg>
<var>${response}</var>
<arg>consultarAPI</arg>
<arg>/api</arg>
<doc>Sends a GET request on a previously created HTTP Session.</doc>
<status status="PASS" start="2024-07-19T09:15:55.986093" elapsed="0.105963"/>
</kw>
<kw name="Set Variable" owner="BuiltIn">
<msg time="2024-07-19T09:15:56.093112" level="INFO">${json_data} = {'results': [{'gender': 'female', 'name': {'title': 'Mrs', 'first': 'Abigail', 'last': 'Clark'}, 'location': {'street': {'number': 5394, 'name': '20th Ave'}, 'city': 'Cumberland', 'state': 'Québec', '...</msg>
<var>${json_data}</var>
<arg>${response.json()}</arg>
<doc>Returns the given values which can then be assigned to a variables.</doc>
<status status="PASS" start="2024-07-19T09:15:56.092571" elapsed="0.000572"/>
</kw>
<kw name="Log" owner="BuiltIn">
<msg time="2024-07-19T09:15:56.093671" level="INFO">{'results': [{'gender': 'female', 'name': {'title': 'Mrs', 'first': 'Abigail', 'last': 'Clark'}, 'location': {'street': {'number': 5394, 'name': '20th Ave'}, 'city': 'Cumberland', 'state': 'Québec', 'country': 'Canada', 'postcode': 'Y3C 0F2', 'coordinates': {'latitude': '-66.3025', 'longitude': '107.4968'}, 'timezone': {'offset': '-4:00', 'description': 'Atlantic Time (Canada), Caracas, La Paz'}}, 'email': 'abigail.clark@example.com', 'login': {'uuid': '0374803c-5bc3-4025-9a43-b40f348f2570', 'username': 'bluepanda355', 'password': 'director', 'salt': 'TWmbkw1P', 'md5': '1072652c5a4bacb150965ce0eb75c47a', 'sha1': '3d37f1b12f2582195cf57df1d23b7e8e41b953d3', 'sha256': 'ab26b55a71dad614be6d9d8e89214853577614efe0578c1bffc6e4fd020c8501'}, 'dob': {'date': '1947-12-01T13:01:23.764Z', 'age': 76}, 'registered': {'date': '2021-08-19T17:22:31.002Z', 'age': 2}, 'phone': 'H59 E34-0562', 'cell': 'V32 S74-2327', 'id': {'name': 'SIN', 'value': '474536521'}, 'picture': {'large': 'https://randomuser.me/api/portraits/women/18.jpg', 'medium': 'https://randomuser.me/api/portraits/med/women/18.jpg', 'thumbnail': 'https://randomuser.me/api/portraits/thumb/women/18.jpg'}, 'nat': 'CA'}], 'info': {'seed': '89f3fcdaf04e08a6', 'results': 1, 'page': 1, 'version': '1.4'}}</msg>
<arg>${json_data}</arg>
<doc>Logs the given message with the given level.</doc>
<status status="PASS" start="2024-07-19T09:15:56.093491" elapsed="0.000234"/>
</kw>
<kw name="Dictionary Should Contain Key" owner="Collections">
<arg>${json_data}</arg>
<arg>results</arg>
<doc>Fails if ``key`` is not found from ``dictionary``.</doc>
<status status="PASS" start="2024-07-19T09:15:56.094084" elapsed="0.000183"/>
</kw>
<kw name="Should Not Be Empty" owner="BuiltIn">
<msg time="2024-07-19T09:15:56.094590" level="INFO">Length is 2.</msg>
<arg>${json_data}</arg>
<doc>Verifies that the given item is not empty.</doc>
<status status="PASS" start="2024-07-19T09:15:56.094460" elapsed="0.000169"/>
</kw>
<kw name="Create List" owner="BuiltIn">
<msg time="2024-07-19T09:15:56.095079" level="INFO">${expected_keys} = ['gender', 'name', 'location', 'email', 'login']</msg>
<var>${expected_keys}</var>
<arg>gender</arg>
<arg>name</arg>
<arg>location</arg>
<arg>email</arg>
<arg>login</arg>
<doc>Returns a list containing given items.</doc>
<status status="PASS" start="2024-07-19T09:15:56.094923" elapsed="0.000181"/>
</kw>
<for flavor="IN">
<iter>
<kw name="Dictionary Should Contain Key" owner="Collections">
<arg>${json_data['results'][0]}</arg>
<arg>${key}</arg>
<doc>Fails if ``key`` is not found from ``dictionary``.</doc>
<status status="PASS" start="2024-07-19T09:15:56.095713" elapsed="0.000437"/>
</kw>
<kw name="Log" owner="BuiltIn">
<msg time="2024-07-19T09:15:56.096749" level="INFO">{'gender': 'female', 'name': {'title': 'Mrs', 'first': 'Abigail', 'last': 'Clark'}, 'location': {'street': {'number': 5394, 'name': '20th Ave'}, 'city': 'Cumberland', 'state': 'Québec', 'country': 'Canada', 'postcode': 'Y3C 0F2', 'coordinates': {'latitude': '-66.3025', 'longitude': '107.4968'}, 'timezone': {'offset': '-4:00', 'description': 'Atlantic Time (Canada), Caracas, La Paz'}}, 'email': 'abigail.clark@example.com', 'login': {'uuid': '0374803c-5bc3-4025-9a43-b40f348f2570', 'username': 'bluepanda355', 'password': 'director', 'salt': 'TWmbkw1P', 'md5': '1072652c5a4bacb150965ce0eb75c47a', 'sha1': '3d37f1b12f2582195cf57df1d23b7e8e41b953d3', 'sha256': 'ab26b55a71dad614be6d9d8e89214853577614efe0578c1bffc6e4fd020c8501'}, 'dob': {'date': '1947-12-01T13:01:23.764Z', 'age': 76}, 'registered': {'date': '2021-08-19T17:22:31.002Z', 'age': 2}, 'phone': 'H59 E34-0562', 'cell': 'V32 S74-2327', 'id': {'name': 'SIN', 'value': '474536521'}, 'picture': {'large': 'https://randomuser.me/api/portraits/women/18.jpg', 'medium': 'https://randomuser.me/api/portraits/med/women/18.jpg', 'thumbnail': 'https://randomuser.me/api/portraits/thumb/women/18.jpg'}, 'nat': 'CA'}</msg>
<arg>${json_data['results'][0]}</arg>
<doc>Logs the given message with the given level.</doc>
<status status="PASS" start="2024-07-19T09:15:56.096383" elapsed="0.000420"/>
</kw>
<kw name="Log" owner="BuiltIn">
<msg time="2024-07-19T09:15:56.097239" level="INFO">gender</msg>
<arg>${key}</arg>
<doc>Logs the given message with the given level.</doc>
<status status="PASS" start="2024-07-19T09:15:56.097110" elapsed="0.000169"/>
</kw>
<var name="${key}">gender</var>
<status status="PASS" start="2024-07-19T09:15:56.095579" elapsed="0.001921"/>
</iter>
<iter>
<kw name="Dictionary Should Contain Key" owner="Collections">
<arg>${json_data['results'][0]}</arg>
<arg>${key}</arg>
<doc>Fails if ``key`` is not found from ``dictionary``.</doc>
<status status="PASS" start="2024-07-19T09:15:56.097812" elapsed="0.000422"/>
</kw>
<kw name="Log" owner="BuiltIn">
<msg time="2024-07-19T09:15:56.098784" level="INFO">{'gender': 'female', 'name': {'title': 'Mrs', 'first': 'Abigail', 'last': 'Clark'}, 'location': {'street': {'number': 5394, 'name': '20th Ave'}, 'city': 'Cumberland', 'state': 'Québec', 'country': 'Canada', 'postcode': 'Y3C 0F2', 'coordinates': {'latitude': '-66.3025', 'longitude': '107.4968'}, 'timezone': {'offset': '-4:00', 'description': 'Atlantic Time (Canada), Caracas, La Paz'}}, 'email': 'abigail.clark@example.com', 'login': {'uuid': '0374803c-5bc3-4025-9a43-b40f348f2570', 'username': 'bluepanda355', 'password': 'director', 'salt': 'TWmbkw1P', 'md5': '1072652c5a4bacb150965ce0eb75c47a', 'sha1': '3d37f1b12f2582195cf57df1d23b7e8e41b953d3', 'sha256': 'ab26b55a71dad614be6d9d8e89214853577614efe0578c1bffc6e4fd020c8501'}, 'dob': {'date': '1947-12-01T13:01:23.764Z', 'age': 76}, 'registered': {'date': '2021-08-19T17:22:31.002Z', 'age': 2}, 'phone': 'H59 E34-0562', 'cell': 'V32 S74-2327', 'id': {'name': 'SIN', 'value': '474536521'}, 'picture': {'large': 'https://randomuser.me/api/portraits/women/18.jpg', 'medium': 'https://randomuser.me/api/portraits/med/women/18.jpg', 'thumbnail': 'https://randomuser.me/api/portraits/thumb/women/18.jpg'}, 'nat': 'CA'}</msg>
<arg>${json_data['results'][0]}</arg>
<doc>Logs the given message with the given level.</doc>
<status status="PASS" start="2024-07-19T09:15:56.098421" elapsed="0.000448"/>
</kw>
<kw name="Log" owner="BuiltIn">
<msg time="2024-07-19T09:15:56.099296" level="INFO">name</msg>
<arg>${key}</arg>
<doc>Logs the given message with the given level.</doc>
<status status="PASS" start="2024-07-19T09:15:56.099167" elapsed="0.000167"/>
</kw>
<var name="${key}">name</var>
<status status="PASS" start="2024-07-19T09:15:56.097697" elapsed="0.001852"/>
</iter>
<iter>
<kw name="Dictionary Should Contain Key" owner="Collections">
<arg>${json_data['results'][0]}</arg>
<arg>${key}</arg>
<doc>Fails if ``key`` is not found from ``dictionary``.</doc>
<status status="PASS" start="2024-07-19T09:15:56.099841" elapsed="0.000384"/>
</kw>
<kw name="Log" owner="BuiltIn">
<msg time="2024-07-19T09:15:56.100768" level="INFO">{'gender': 'female', 'name': {'title': 'Mrs', 'first': 'Abigail', 'last': 'Clark'}, 'location': {'street': {'number': 5394, 'name': '20th Ave'}, 'city': 'Cumberland', 'state': 'Québec', 'country': 'Canada', 'postcode': 'Y3C 0F2', 'coordinates': {'latitude': '-66.3025', 'longitude': '107.4968'}, 'timezone': {'offset': '-4:00', 'description': 'Atlantic Time (Canada), Caracas, La Paz'}}, 'email': 'abigail.clark@example.com', 'login': {'uuid': '0374803c-5bc3-4025-9a43-b40f348f2570', 'username': 'bluepanda355', 'password': 'director', 'salt': 'TWmbkw1P', 'md5': '1072652c5a4bacb150965ce0eb75c47a', 'sha1': '3d37f1b12f2582195cf57df1d23b7e8e41b953d3', 'sha256': 'ab26b55a71dad614be6d9d8e89214853577614efe0578c1bffc6e4fd020c8501'}, 'dob': {'date': '1947-12-01T13:01:23.764Z', 'age': 76}, 'registered': {'date': '2021-08-19T17:22:31.002Z', 'age': 2}, 'phone': 'H59 E34-0562', 'cell': 'V32 S74-2327', 'id': {'name': 'SIN', 'value': '474536521'}, 'picture': {'large': 'https://randomuser.me/api/portraits/women/18.jpg', 'medium': 'https://randomuser.me/api/portraits/med/women/18.jpg', 'thumbnail': 'https://randomuser.me/api/portraits/thumb/women/18.jpg'}, 'nat': 'CA'}</msg>
<arg>${json_data['results'][0]}</arg>
<doc>Logs the given message with the given level.</doc>
<status status="PASS" start="2024-07-19T09:15:56.100415" elapsed="0.000403"/>
</kw>
<kw name="Log" owner="BuiltIn">
<msg time="2024-07-19T09:15:56.101242" level="INFO">location</msg>
<arg>${key}</arg>
<doc>Logs the given message with the given level.</doc>
<status status="PASS" start="2024-07-19T09:15:56.101116" elapsed="0.000164"/>
</kw>
<var name="${key}">location</var>
<status status="PASS" start="2024-07-19T09:15:56.099730" elapsed="0.001765"/>
</iter>
<iter>
<kw name="Dictionary Should Contain Key" owner="Collections">
<arg>${json_data['results'][0]}</arg>
<arg>${key}</arg>
<doc>Fails if ``key`` is not found from ``dictionary``.</doc>
<status status="PASS" start="2024-07-19T09:15:56.101788" elapsed="0.000427"/>
</kw>
<kw name="Log" owner="BuiltIn">
<msg time="2024-07-19T09:15:56.102894" level="INFO">{'gender': 'female', 'name': {'title': 'Mrs', 'first': 'Abigail', 'last': 'Clark'}, 'location': {'street': {'number': 5394, 'name': '20th Ave'}, 'city': 'Cumberland', 'state': 'Québec', 'country': 'Canada', 'postcode': 'Y3C 0F2', 'coordinates': {'latitude': '-66.3025', 'longitude': '107.4968'}, 'timezone': {'offset': '-4:00', 'description': 'Atlantic Time (Canada), Caracas, La Paz'}}, 'email': 'abigail.clark@example.com', 'login': {'uuid': '0374803c-5bc3-4025-9a43-b40f348f2570', 'username': 'bluepanda355', 'password': 'director', 'salt': 'TWmbkw1P', 'md5': '1072652c5a4bacb150965ce0eb75c47a', 'sha1': '3d37f1b12f2582195cf57df1d23b7e8e41b953d3', 'sha256': 'ab26b55a71dad614be6d9d8e89214853577614efe0578c1bffc6e4fd020c8501'}, 'dob': {'date': '1947-12-01T13:01:23.764Z', 'age': 76}, 'registered': {'date': '2021-08-19T17:22:31.002Z', 'age': 2}, 'phone': 'H59 E34-0562', 'cell': 'V32 S74-2327', 'id': {'name': 'SIN', 'value': '474536521'}, 'picture': {'large': 'https://randomuser.me/api/portraits/women/18.jpg', 'medium': 'https://randomuser.me/api/portraits/med/women/18.jpg', 'thumbnail': 'https://randomuser.me/api/portraits/thumb/women/18.jpg'}, 'nat': 'CA'}</msg>
<arg>${json_data['results'][0]}</arg>
<doc>Logs the given message with the given level.</doc>
<status status="PASS" start="2024-07-19T09:15:56.102532" elapsed="0.000413"/>
</kw>
<kw name="Log" owner="BuiltIn">
<msg time="2024-07-19T09:15:56.103377" level="INFO">email</msg>
<arg>${key}</arg>
<doc>Logs the given message with the given level.</doc>
<status status="PASS" start="2024-07-19T09:15:56.103248" elapsed="0.000168"/>
</kw>
<var name="${key}">email</var>
<status status="PASS" start="2024-07-19T09:15:56.101678" elapsed="0.001957"/>
</iter>
<iter>
<kw name="Dictionary Should Contain Key" owner="Collections">
<arg>${json_data['results'][0]}</arg>
<arg>${key}</arg>
<doc>Fails if ``key`` is not found from ``dictionary``.</doc>
<status status="PASS" start="2024-07-19T09:15:56.103919" elapsed="0.000382"/>
</kw>
<kw name="Log" owner="BuiltIn">
<msg time="2024-07-19T09:15:56.104840" level="INFO">{'gender': 'female', 'name': {'title': 'Mrs', 'first': 'Abigail', 'last': 'Clark'}, 'location': {'street': {'number': 5394, 'name': '20th Ave'}, 'city': 'Cumberland', 'state': 'Québec', 'country': 'Canada', 'postcode': 'Y3C 0F2', 'coordinates': {'latitude': '-66.3025', 'longitude': '107.4968'}, 'timezone': {'offset': '-4:00', 'description': 'Atlantic Time (Canada), Caracas, La Paz'}}, 'email': 'abigail.clark@example.com', 'login': {'uuid': '0374803c-5bc3-4025-9a43-b40f348f2570', 'username': 'bluepanda355', 'password': 'director', 'salt': 'TWmbkw1P', 'md5': '1072652c5a4bacb150965ce0eb75c47a', 'sha1': '3d37f1b12f2582195cf57df1d23b7e8e41b953d3', 'sha256': 'ab26b55a71dad614be6d9d8e89214853577614efe0578c1bffc6e4fd020c8501'}, 'dob': {'date': '1947-12-01T13:01:23.764Z', 'age': 76}, 'registered': {'date': '2021-08-19T17:22:31.002Z', 'age': 2}, 'phone': 'H59 E34-0562', 'cell': 'V32 S74-2327', 'id': {'name': 'SIN', 'value': '474536521'}, 'picture': {'large': 'https://randomuser.me/api/portraits/women/18.jpg', 'medium': 'https://randomuser.me/api/portraits/med/women/18.jpg', 'thumbnail': 'https://randomuser.me/api/portraits/thumb/women/18.jpg'}, 'nat': 'CA'}</msg>
<arg>${json_data['results'][0]}</arg>
<doc>Logs the given message with the given level.</doc>
<status status="PASS" start="2024-07-19T09:15:56.104484" elapsed="0.000405"/>
</kw>
<kw name="Log" owner="BuiltIn">
<msg time="2024-07-19T09:15:56.105310" level="INFO">login</msg>
<arg>${key}</arg>
<doc>Logs the given message with the given level.</doc>
<status status="PASS" start="2024-07-19T09:15:56.105185" elapsed="0.000162"/>
</kw>
<var name="${key}">login</var>
<status status="PASS" start="2024-07-19T09:15:56.103809" elapsed="0.001755"/>
</iter>
<var>${key}</var>
<value>@{expected_keys}</value>
<status status="PASS" start="2024-07-19T09:15:56.095373" elapsed="0.010313"/>
</for>
<kw name="Create List" owner="BuiltIn">
<msg time="2024-07-19T09:15:56.106037" level="INFO">${expected_keysTwo} = ['username', 'password']</msg>
<var>${expected_keysTwo}</var>
<arg>username</arg>
<arg>password</arg>
<doc>Returns a list containing given items.</doc>
<status status="PASS" start="2024-07-19T09:15:56.105880" elapsed="0.000210"/>
</kw>
<for flavor="IN">
<iter>
<kw name="Dictionary Should Contain Key" owner="Collections">
<arg>${json_data['results'][0]['login']}</arg>
<arg>${keyTwo}</arg>
<doc>Fails if ``key`` is not found from ``dictionary``.</doc>
<status status="PASS" start="2024-07-19T09:15:56.106604" elapsed="0.000382"/>
</kw>
<kw name="Dictionary Should Contain Key" owner="Collections">
<arg>${json_data['results'][0]['login']}</arg>
<arg>${keyTwo}</arg>
<doc>Fails if ``key`` is not found from ``dictionary``.</doc>
<status status="PASS" start="2024-07-19T09:15:56.107171" elapsed="0.000380"/>
</kw>
<kw name="Log" owner="BuiltIn">
<msg time="2024-07-19T09:15:56.107849" level="INFO">username</msg>
<arg>${keyTwo}</arg>
<doc>Logs the given message with the given level.</doc>
<status status="PASS" start="2024-07-19T09:15:56.107731" elapsed="0.000156"/>
</kw>
<var name="${keyTwo}">username</var>
<status status="PASS" start="2024-07-19T09:15:56.106494" elapsed="0.001611"/>
</iter>
<iter>
<kw name="Dictionary Should Contain Key" owner="Collections">
<arg>${json_data['results'][0]['login']}</arg>
<arg>${keyTwo}</arg>
<doc>Fails if ``key`` is not found from ``dictionary``.</doc>
<status status="PASS" start="2024-07-19T09:15:56.108411" elapsed="0.000386"/>
</kw>
<kw name="Dictionary Should Contain Key" owner="Collections">
<arg>${json_data['results'][0]['login']}</arg>
<arg>${keyTwo}</arg>
<doc>Fails if ``key`` is not found from ``dictionary``.</doc>
<status status="PASS" start="2024-07-19T09:15:56.108978" elapsed="0.000367"/>
</kw>
<kw name="Log" owner="BuiltIn">
<msg time="2024-07-19T09:15:56.109642" level="INFO">password</msg>
<arg>${keyTwo}</arg>
<doc>Logs the given message with the given level.</doc>
<status status="PASS" start="2024-07-19T09:15:56.109519" elapsed="0.000161"/>
</kw>
<var name="${keyTwo}">password</var>
<status status="PASS" start="2024-07-19T09:15:56.108292" elapsed="0.001605"/>
</iter>
<var>${keyTwo}</var>
<value>@{expected_keysTwo}</value>
<status status="PASS" start="2024-07-19T09:15:56.106338" elapsed="0.003716"/>
</for>
<status status="PASS" start="2024-07-19T09:15:55.985817" elapsed="0.124388"/>
</kw>
<doc>Testa a estrutura da resposta da API.</doc>
<tag>testeEstruturaResposta</tag>
<status status="PASS" start="2024-07-19T09:15:55.985194" elapsed="0.125171"/>
</test>
<test id="s1-s1-t4" name="Validar tipos de dados" line="28">
<kw name="Teste de Tipos de Dados" owner="random-user-service">
<kw name="GET On Session" owner="RequestsLibrary">
<msg time="2024-07-19T09:15:56.185651" level="INFO">GET Request : url=https://randomuser.me/api 
 path_url=/api 
 headers={'User-Agent': 'python-requests/2.32.3', 'Accept-Encoding': 'gzip, deflate', 'Accept': '*/*', 'Connection': 'keep-alive'} 
 body=None 
 </msg>
<msg time="2024-07-19T09:15:56.185765" level="INFO">GET Response : url=https://randomuser.me/api 
 status=200, reason=OK 
 headers={'Date': 'Fri, 19 Jul 2024 09:15:56 GMT', 'Content-Type': 'application/json; charset=utf-8', 'Transfer-Encoding': 'chunked', 'Connection': 'keep-alive', 'X-Powered-By': 'Express', 'Access-Control-Allow-Origin': '*', 'Cache-Control': 'no-cache', 'ETag': 'W/"487-BJT6shr0slx+HgCDP92EYUtx0Oo"', 'Vary': 'Accept-Encoding', 'Content-Encoding': 'gzip', 'CF-Cache-Status': 'DYNAMIC', 'Report-To': '{"endpoints":[{"url":"https:\\/\\/a.nel.cloudflare.com\\/report\\/v4?s=7kd4OuMAnMAa9%2Fy20sEOHe0C%2FbhLCevfY2m57t1Ddu4%2FFsvaTyKrhvX7EFrUPIISNW2G9ZNdadaF2E3pkDz4YVhhtcp9rTee6WTRxGJGZVPOj5BYXynLKnLrSMGOIiRr"}],"group":"cf-nel","max_age":604800}', 'NEL': '{"success_fraction":0,"report_to":"cf-nel","max_age":604800}', 'Server': 'cloudflare', 'CF-RAY': '8a599c1bcde23b32-IAD', 'alt-svc': 'h3=":443"; ma=86400'} 
 body={"results":[{"gender":"male","name":{"title":"Mr","first":"Antonio","last":"Askeland"},"location":{"street":{"number":4530,"name":"Nylænde"},"city":"Haugsbygda","state":"Finnmark - Finnmárku","country":"Norway","postcode":"2000","coordinates":{"latitude":"38.8262","longitude":"-159.6936"},"timezone":{"offset":"-1:00","description":"Azores, Cape Verde Islands"}},"email":"antonio.askeland@example.com","login":{"uuid":"1067943d-57ac-4616-aca9-07e2f012e8a8","username":"redlion134","password":"saleen","salt":"vEPXzezk","md5":"2546802b87971842f05c04d6a125b9c2","sha1":"b97062d6336c1aa912213ebcb006507998cb99d7","sha256":"334a5c90b8de0f489bd05cf623124d1deaed18d068ee619f54831244a07d14ed"},"dob":{"date":"1969-07-01T21:25:33.097Z","age":55},"registered":{"date":"2020-07-14T19:14:38.402Z","age":4},"phone":"80018565","cell":"42893746","id":{"name":"FN","value":"01076910584"},"picture":{"large":"https://randomuser.me/api/portraits/men/15.jpg","medium":"https://randomuser.me/api/portraits/med/men/15.jpg","thumbnail":"https://randomuser.me/api/portraits/thumb/men/15.jpg"},"nat":"NO"}],"info":{"seed":"9cccd55906b93abf","results":1,"page":1,"version":"1.4"}} 
 </msg>
<msg time="2024-07-19T09:15:56.185850" level="INFO">/opt/hostedtoolcache/Python/3.12.4/x64/lib/python3.12/site-packages/urllib3/connectionpool.py:1099: InsecureRequestWarning: Unverified HTTPS request is being made to host 'randomuser.me'. Adding certificate verification is strongly advised. See: https://urllib3.readthedocs.io/en/latest/advanced-usage.html#tls-warnings
  warnings.warn(</msg>
<msg time="2024-07-19T09:15:56.186039" level="INFO">${response} = &lt;Response [200]&gt;</msg>
<var>${response}</var>
<arg>consultarAPI</arg>
<arg>/api</arg>
<doc>Sends a GET request on a previously created HTTP Session.</doc>
<status status="PASS" start="2024-07-19T09:15:56.112931" elapsed="0.073155"/>
</kw>
<kw name="Set Variable" owner="BuiltIn">
<msg time="2024-07-19T09:15:56.187200" level="INFO">${json_data} = {'results': [{'gender': 'male', 'name': {'title': 'Mr', 'first': 'Antonio', 'last': 'Askeland'}, 'location': {'street': {'number': 4530, 'name': 'Nylænde'}, 'city': 'Haugsbygda', 'state': 'Finnmark - ...</msg>
<var>${json_data}</var>
<arg>${response.json()}</arg>
<doc>Returns the given values which can then be assigned to a variables.</doc>
<status status="PASS" start="2024-07-19T09:15:56.186654" elapsed="0.000577"/>
</kw>
<kw name="Log" owner="BuiltIn">
<msg time="2024-07-19T09:15:56.187755" level="INFO">{'results': [{'gender': 'male', 'name': {'title': 'Mr', 'first': 'Antonio', 'last': 'Askeland'}, 'location': {'street': {'number': 4530, 'name': 'Nylænde'}, 'city': 'Haugsbygda', 'state': 'Finnmark - Finnmárku', 'country': 'Norway', 'postcode': '2000', 'coordinates': {'latitude': '38.8262', 'longitude': '-159.6936'}, 'timezone': {'offset': '-1:00', 'description': 'Azores, Cape Verde Islands'}}, 'email': 'antonio.askeland@example.com', 'login': {'uuid': '1067943d-57ac-4616-aca9-07e2f012e8a8', 'username': 'redlion134', 'password': 'saleen', 'salt': 'vEPXzezk', 'md5': '2546802b87971842f05c04d6a125b9c2', 'sha1': 'b97062d6336c1aa912213ebcb006507998cb99d7', 'sha256': '334a5c90b8de0f489bd05cf623124d1deaed18d068ee619f54831244a07d14ed'}, 'dob': {'date': '1969-07-01T21:25:33.097Z', 'age': 55}, 'registered': {'date': '2020-07-14T19:14:38.402Z', 'age': 4}, 'phone': '80018565', 'cell': '42893746', 'id': {'name': 'FN', 'value': '01076910584'}, 'picture': {'large': 'https://randomuser.me/api/portraits/men/15.jpg', 'medium': 'https://randomuser.me/api/portraits/med/men/15.jpg', 'thumbnail': 'https://randomuser.me/api/portraits/thumb/men/15.jpg'}, 'nat': 'NO'}], 'info': {'seed': '9cccd55906b93abf', 'results': 1, 'page': 1, 'version': '1.4'}}</msg>
<arg>${json_data}</arg>
<doc>Logs the given message with the given level.</doc>
<status status="PASS" start="2024-07-19T09:15:56.187586" elapsed="0.000222"/>
</kw>
<kw name="Should Be String" owner="String">
<arg>${json_data['results'][0]['gender']}</arg>
<doc>Fails if the given ``item`` is not a string.</doc>
<status status="PASS" start="2024-07-19T09:15:56.188114" elapsed="0.000380"/>
</kw>
<kw name="Should Match Regexp" owner="BuiltIn">
<arg>${json_data['results'][0]['email']}</arg>
<arg>^[a-zA-Z0-9._%+-]+@[a-zA-Z0-9.-]+\.[a-zA-Z]{2,}$</arg>
<doc>Fails if ``string`` does not match ``pattern`` as a regular expression.</doc>
<status status="PASS" start="2024-07-19T09:15:56.188689" elapsed="0.000527"/>
</kw>
<kw name="Should Match Regexp" owner="BuiltIn">
<arg>${json_data['results'][0]['dob']['date']}</arg>
<arg>\\d{4}-\\d{2}-\\d{2}T\\d{2}:\\d{2}:\\d{2}\\.\\d{3}Z</arg>
<doc>Fails if ``string`` does not match ``pattern`` as a regular expression.</doc>
<status status="PASS" start="2024-07-19T09:15:56.189453" elapsed="0.000699"/>
</kw>
<kw name="Should Match Regexp" owner="BuiltIn">
<arg>${json_data['results'][0]['registered']['date']}</arg>
<arg>\\d{4}-\\d{2}-\\d{2}T\\d{2}:\\d{2}:\\d{2}\\.\\d{3}Z</arg>
<doc>Fails if ``string`` does not match ``pattern`` as a regular expression.</doc>
<status status="PASS" start="2024-07-19T09:15:56.190353" elapsed="0.000379"/>
</kw>
<kw name="Should Match Regexp" owner="BuiltIn">
<arg>${json_data['results'][0]['picture']['large']}</arg>
<arg>^https?://.*\.(?:png|jpe?g|gif|bmp)$</arg>
<doc>Fails if ``string`` does not match ``pattern`` as a regular expression.</doc>
<status status="PASS" start="2024-07-19T09:15:56.190919" elapsed="0.000465"/>
</kw>
<kw name="Should Match Regexp" owner="BuiltIn">
<arg>${json_data['results'][0]['picture']['medium']}</arg>
<arg>^https?://.*\.(?:png|jpe?g|gif|bmp)$</arg>
<doc>Fails if ``string`` does not match ``pattern`` as a regular expression.</doc>
<status status="PASS" start="2024-07-19T09:15:56.191572" elapsed="0.000353"/>
</kw>
<kw name="Should Match Regexp" owner="BuiltIn">
<arg>${json_data['results'][0]['picture']['thumbnail']}</arg>
<arg>^https?://.*\.(?:png|jpe?g|gif|bmp)$</arg>
<doc>Fails if ``string`` does not match ``pattern`` as a regular expression.</doc>
<status status="PASS" start="2024-07-19T09:15:56.192109" elapsed="0.000354"/>
</kw>
<kw name="Log" owner="BuiltIn">
<msg time="2024-07-19T09:15:56.192971" level="INFO">{'large': 'https://randomuser.me/api/portraits/men/15.jpg', 'medium': 'https://randomuser.me/api/portraits/med/men/15.jpg', 'thumbnail': 'https://randomuser.me/api/portraits/thumb/men/15.jpg'}</msg>
<arg>${json_data['results'][0]['picture']}</arg>
<doc>Logs the given message with the given level.</doc>
<status status="PASS" start="2024-07-19T09:15:56.192646" elapsed="0.000369"/>
</kw>
<status status="PASS" start="2024-07-19T09:15:56.112701" elapsed="0.080582"/>
</kw>
<kw name="Teste de Tipos de Dados - Postcode" owner="random-user-service">
<kw name="GET On Session" owner="RequestsLibrary">
<msg time="2024-07-19T09:15:56.278803" level="INFO">GET Request : url=https://randomuser.me/api 
 path_url=/api 
 headers={'User-Agent': 'python-requests/2.32.3', 'Accept-Encoding': 'gzip, deflate', 'Accept': '*/*', 'Connection': 'keep-alive'} 
 body=None 
 </msg>
<msg time="2024-07-19T09:15:56.278920" level="INFO">GET Response : url=https://randomuser.me/api 
 status=200, reason=OK 
 headers={'Date': 'Fri, 19 Jul 2024 09:15:56 GMT', 'Content-Type': 'application/json; charset=utf-8', 'Transfer-Encoding': 'chunked', 'Connection': 'keep-alive', 'X-Powered-By': 'Express', 'Access-Control-Allow-Origin': '*', 'Cache-Control': 'no-cache', 'ETag': 'W/"499-frJfpz8cuKw6u3J9InVdXi2eQYI"', 'Vary': 'Accept-Encoding', 'Content-Encoding': 'gzip', 'CF-Cache-Status': 'DYNAMIC', 'Report-To': '{"endpoints":[{"url":"https:\\/\\/a.nel.cloudflare.com\\/report\\/v4?s=I1epNSxASXF9qSzh%2FLf287TGi7NxI2N1sH3%2F1aSdLgXpU51FbHCfDdJOCkv6VUZfHo9LMGmXOEcZjsesN2yTXfCjJ16h6fzYkC27ZCBgNm2ooUMhOwBx6IAv1%2F4nNYC9"}],"group":"cf-nel","max_age":604800}', 'NEL': '{"success_fraction":0,"report_to":"cf-nel","max_age":604800}', 'Server': 'cloudflare', 'CF-RAY': '8a599c1c4e3f3b32-IAD', 'alt-svc': 'h3=":443"; ma=86400'} 
 body={"results":[{"gender":"female","name":{"title":"Ms","first":"Joice","last":"da Conceição"},"location":{"street":{"number":5877,"name":"Rua Alagoas "},"city":"Juazeiro","state":"Pará","country":"Brazil","postcode":75094,"coordinates":{"latitude":"-75.3545","longitude":"160.6312"},"timezone":{"offset":"-8:00","description":"Pacific Time (US &amp; Canada)"}},"email":"joice.daconceicao@example.com","login":{"uuid":"73e29178-b8db-4ab6-b078-b8830a573222","username":"orangepanda551","password":"josephin","salt":"G1TPTx9a","md5":"034f585066eea886e7e8397b01a30cd7","sha1":"a4828d6d1d1f4be09987e5f1d4f2a954d3a4772f","sha256":"4bd569d953de62c6744384865919dc9a8b8aa9836e15a67222b6a83df1705c3b"},"dob":{"date":"1975-11-18T08:35:22.983Z","age":48},"registered":{"date":"2007-02-20T08:59:57.987Z","age":17},"phone":"(63) 4211-1548","cell":"(53) 1763-6088","id":{"name":"CPF","value":"933.093.778-37"},"picture":{"large":"https://randomuser.me/api/portraits/women/1.jpg","medium":"https://randomuser.me/api/portraits/med/women/1.jpg","thumbnail":"https://randomuser.me/api/portraits/thumb/women/1.jpg"},"nat":"BR"}],"info":{"seed":"9e5bd5cd41581531","results":1,"page":1,"version":"1.4"}} 
 </msg>
<msg time="2024-07-19T09:15:56.279008" level="INFO">/opt/hostedtoolcache/Python/3.12.4/x64/lib/python3.12/site-packages/urllib3/connectionpool.py:1099: InsecureRequestWarning: Unverified HTTPS request is being made to host 'randomuser.me'. Adding certificate verification is strongly advised. See: https://urllib3.readthedocs.io/en/latest/advanced-usage.html#tls-warnings
  warnings.warn(</msg>
<msg time="2024-07-19T09:15:56.279174" level="INFO">${response} = &lt;Response [200]&gt;</msg>
<var>${response}</var>
<arg>consultarAPI</arg>
<arg>/api</arg>
<doc>Sends a GET request on a previously created HTTP Session.</doc>
<status status="PASS" start="2024-07-19T09:15:56.193757" elapsed="0.085469"/>
</kw>
<kw name="Set Variable" owner="BuiltIn">
<msg time="2024-07-19T09:15:56.280329" level="INFO">${json_data} = {'results': [{'gender': 'female', 'name': {'title': 'Ms', 'first': 'Joice', 'last': 'da Conceição'}, 'location': {'street': {'number': 5877, 'name': 'Rua Alagoas '}, 'city': 'Juazeiro', 'state': 'Pará...</msg>
<var>${json_data}</var>
<arg>${response.json()}</arg>
<doc>Returns the given values which can then be assigned to a variables.</doc>
<status status="PASS" start="2024-07-19T09:15:56.279786" elapsed="0.000573"/>
</kw>
<kw name="Log" owner="BuiltIn">
<msg time="2024-07-19T09:15:56.280891" level="INFO">{'results': [{'gender': 'female', 'name': {'title': 'Ms', 'first': 'Joice', 'last': 'da Conceição'}, 'location': {'street': {'number': 5877, 'name': 'Rua Alagoas '}, 'city': 'Juazeiro', 'state': 'Pará', 'country': 'Brazil', 'postcode': 75094, 'coordinates': {'latitude': '-75.3545', 'longitude': '160.6312'}, 'timezone': {'offset': '-8:00', 'description': 'Pacific Time (US &amp; Canada)'}}, 'email': 'joice.daconceicao@example.com', 'login': {'uuid': '73e29178-b8db-4ab6-b078-b8830a573222', 'username': 'orangepanda551', 'password': 'josephin', 'salt': 'G1TPTx9a', 'md5': '034f585066eea886e7e8397b01a30cd7', 'sha1': 'a4828d6d1d1f4be09987e5f1d4f2a954d3a4772f', 'sha256': '4bd569d953de62c6744384865919dc9a8b8aa9836e15a67222b6a83df1705c3b'}, 'dob': {'date': '1975-11-18T08:35:22.983Z', 'age': 48}, 'registered': {'date': '2007-02-20T08:59:57.987Z', 'age': 17}, 'phone': '(63) 4211-1548', 'cell': '(53) 1763-6088', 'id': {'name': 'CPF', 'value': '933.093.778-37'}, 'picture': {'large': 'https://randomuser.me/api/portraits/women/1.jpg', 'medium': 'https://randomuser.me/api/portraits/med/women/1.jpg', 'thumbnail': 'https://randomuser.me/api/portraits/thumb/women/1.jpg'}, 'nat': 'BR'}], 'info': {'seed': '9e5bd5cd41581531', 'results': 1, 'page': 1, 'version': '1.4'}}</msg>
<arg>${json_data}</arg>
<doc>Logs the given message with the given level.</doc>
<status status="PASS" start="2024-07-19T09:15:56.280713" elapsed="0.000232"/>
</kw>
<kw name="Should Be Equal As Numbers" owner="BuiltIn">
<arg>${json_data['results'][0]['location']['postcode']}</arg>
<arg>${json_data['results'][0]['location']['postcode']}</arg>
<doc>Fails if objects are unequal after converting them to real numbers.</doc>
<status status="PASS" start="2024-07-19T09:15:56.281260" elapsed="0.000637"/>
</kw>
<kw name="Log" owner="BuiltIn">
<msg time="2024-07-19T09:15:56.282501" level="INFO">75094</msg>
<arg>${json_data['results'][0]['location']['postcode']}</arg>
<doc>Logs the given message with the given level.</doc>
<status status="PASS" start="2024-07-19T09:15:56.282150" elapsed="0.000394"/>
</kw>
<status status="PASS" start="2024-07-19T09:15:56.193516" elapsed="0.089322"/>
</kw>
<doc>Testa se os tipos de dados na resposta da API estão corretos.</doc>
<tag>testeTiposDados</tag>
<status status="PASS" start="2024-07-19T09:15:56.112131" elapsed="0.170877"/>
</test>
<test id="s1-s1-t5" name="Validar conteudo" line="35">
<kw name="Teste de Tipos de Conteudo" owner="random-user-service">
<kw name="GET On Session" owner="RequestsLibrary">
<msg time="2024-07-19T09:15:56.403427" level="INFO">GET Request : url=https://randomuser.me/api 
 path_url=/api 
 headers={'User-Agent': 'python-requests/2.32.3', 'Accept-Encoding': 'gzip, deflate', 'Accept': '*/*', 'Connection': 'keep-alive'} 
 body=None 
 </msg>
<msg time="2024-07-19T09:15:56.403524" level="INFO">GET Response : url=https://randomuser.me/api 
 status=200, reason=OK 
 headers={'Date': 'Fri, 19 Jul 2024 09:15:56 GMT', 'Content-Type': 'application/json; charset=utf-8', 'Transfer-Encoding': 'chunked', 'Connection': 'keep-alive', 'X-Powered-By': 'Express', 'Access-Control-Allow-Origin': '*', 'Cache-Control': 'no-cache', 'ETag': 'W/"490-g9gDjtdBRLWR8ixwQNc1qldBj54"', 'Vary': 'Accept-Encoding', 'Content-Encoding': 'gzip', 'CF-Cache-Status': 'DYNAMIC', 'Report-To': '{"endpoints":[{"url":"https:\\/\\/a.nel.cloudflare.com\\/report\\/v4?s=%2BVEyLr4bgK00yhykgh3fKitNVNT%2FZJirKi4S7izUcYm16gK6xxVmGNmzb%2B%2F%2Bi8DFvLpBLL2j39Zad9LVIaAY%2B%2FtAVn4BaAAuQWmd%2F6S0UQfwwydgYLGdwgBLcFUuJb25"}],"group":"cf-nel","max_age":604800}', 'NEL': '{"success_fraction":0,"report_to":"cf-nel","max_age":604800}', 'Server': 'cloudflare', 'CF-RAY': '8a599c1cdeab3b32-IAD', 'alt-svc': 'h3=":443"; ma=86400'} 
 body={"results":[{"gender":"female","name":{"title":"Mrs","first":"Sharron","last":"Rogers"},"location":{"street":{"number":9452,"name":"Manor Road"},"city":"Skerries","state":"Waterford","country":"Ireland","postcode":95011,"coordinates":{"latitude":"-3.2927","longitude":"156.7898"},"timezone":{"offset":"-3:00","description":"Brazil, Buenos Aires, Georgetown"}},"email":"sharron.rogers@example.com","login":{"uuid":"dc55f6de-ffcd-42f9-8066-fef1aacfab79","username":"happywolf935","password":"hardcore","salt":"9VZj7KYc","md5":"3cb4309990fe78fa45eaa5387d15e0df","sha1":"686c32e8c9f6a3fa1a6587582563bf8f9b74da62","sha256":"9005637f23253d36213b57243f8316b1b1689c06f3255b8e9861b4c76079bda8"},"dob":{"date":"1998-04-20T07:01:56.359Z","age":26},"registered":{"date":"2004-07-26T07:13:25.482Z","age":19},"phone":"051-796-7450","cell":"081-323-9136","id":{"name":"PPS","value":"2825061T"},"picture":{"large":"https://randomuser.me/api/portraits/women/66.jpg","medium":"https://randomuser.me/api/portraits/med/women/66.jpg","thumbnail":"https://randomuser.me/api/portraits/thumb/women/66.jpg"},"nat":"IE"}],"info":{"seed":"a16d55ec62859ace","results":1,"page":1,"version":"1.4"}} 
 </msg>
<msg time="2024-07-19T09:15:56.403592" level="INFO">/opt/hostedtoolcache/Python/3.12.4/x64/lib/python3.12/site-packages/urllib3/connectionpool.py:1099: InsecureRequestWarning: Unverified HTTPS request is being made to host 'randomuser.me'. Adding certificate verification is strongly advised. See: https://urllib3.readthedocs.io/en/latest/advanced-usage.html#tls-warnings
  warnings.warn(</msg>
<msg time="2024-07-19T09:15:56.403732" level="INFO">${response} = &lt;Response [200]&gt;</msg>
<var>${response}</var>
<arg>consultarAPI</arg>
<arg>/api</arg>
<doc>Sends a GET request on a previously created HTTP Session.</doc>
<status status="PASS" start="2024-07-19T09:15:56.285580" elapsed="0.118194"/>
</kw>
<kw name="Set Variable" owner="BuiltIn">
<msg time="2024-07-19T09:15:56.404805" level="INFO">${json_data} = {'results': [{'gender': 'female', 'name': {'title': 'Mrs', 'first': 'Sharron', 'last': 'Rogers'}, 'location': {'street': {'number': 9452, 'name': 'Manor Road'}, 'city': 'Skerries', 'state': 'Waterford...</msg>
<var>${json_data}</var>
<arg>${response.json()}</arg>
<doc>Returns the given values which can then be assigned to a variables.</doc>
<status status="PASS" start="2024-07-19T09:15:56.404290" elapsed="0.000543"/>
</kw>
<kw name="Set Variable" owner="BuiltIn">
<msg time="2024-07-19T09:15:56.405524" level="INFO">${name_title} = Mrs</msg>
<var>${name_title}</var>
<arg>${json_data["results"][0]["name"]["title"]}</arg>
<doc>Returns the given values which can then be assigned to a variables.</doc>
<status status="PASS" start="2024-07-19T09:15:56.405142" elapsed="0.000407"/>
</kw>
<kw name="Create List" owner="BuiltIn">
<msg time="2024-07-19T09:15:56.406030" level="INFO">${allowed_titles} = ['Mr', 'Ms', 'Miss', 'Mrs', 'Madame', 'Monsieur']</msg>
<var>${allowed_titles}</var>
<arg>Mr</arg>
<arg>Ms</arg>
<arg>Miss</arg>
<arg>Mrs</arg>
<arg>Madame</arg>
<arg>Monsieur</arg>
<doc>Returns a list containing given items.</doc>
<status status="PASS" start="2024-07-19T09:15:56.405841" elapsed="0.000224"/>
</kw>
<kw name="List Should Contain Value" owner="Collections">
<arg>${allowed_titles}</arg>
<arg>${name_title}</arg>
<doc>Fails if the ``value`` is not found from ``list``.</doc>
<status status="PASS" start="2024-07-19T09:15:56.406372" elapsed="0.000182"/>
</kw>
<kw name="Set Variable" owner="BuiltIn">
<msg time="2024-07-19T09:15:56.407105" level="INFO">${name_country} = IE</msg>
<var>${name_country}</var>
<arg>${json_data["results"][0]["nat"]}</arg>
<doc>Returns the given values which can then be assigned to a variables.</doc>
<status status="PASS" start="2024-07-19T09:15:56.406736" elapsed="0.000394"/>
</kw>
<kw name="Create List" owner="BuiltIn">
<msg time="2024-07-19T09:15:56.408007" level="INFO">${list_country} = ['AD', 'AE', 'AF', 'AG', 'AI', 'AL', 'AM', 'AO', 'AQ', 'AR', 'AS', 'AT', 'AU', 'AW', 'AX', 'AZ', 'BA', 'BB', 'BD', 'BE', 'BF', 'BG', 'BH', 'BI', 'BJ', 'BL', 'BM', 'BN', 'BO', 'BQ', 'BR', 'BS', 'BT', '...</msg>
<var>${list_country}</var>
<arg>AD</arg>
<arg>AE</arg>
<arg>AF</arg>
<arg>AG</arg>
<arg>AI</arg>
<arg>AL</arg>
<arg>AM</arg>
<arg>AO</arg>
<arg>AQ</arg>
<arg>AR</arg>
<arg>AS</arg>
<arg>AT</arg>
<arg>AU</arg>
<arg>AW</arg>
<arg>AX</arg>
<arg>AZ</arg>
<arg>BA</arg>
<arg>BB</arg>
<arg>BD</arg>
<arg>BE</arg>
<arg>BF</arg>
<arg>BG</arg>
<arg>BH</arg>
<arg>BI</arg>
<arg>BJ</arg>
<arg>BL</arg>
<arg>BM</arg>
<arg>BN</arg>
<arg>BO</arg>
<arg>BQ</arg>
<arg>BR</arg>
<arg>BS</arg>
<arg>BT</arg>
<arg>BV</arg>
<arg>BW</arg>
<arg>BY</arg>
<arg>BZ</arg>
<arg>CA</arg>
<arg>CC</arg>
<arg>CD</arg>
<arg>CF</arg>
<arg>CG</arg>
<arg>CH</arg>
<arg>CI</arg>
<arg>CK</arg>
<arg>CL</arg>
<arg>CM</arg>
<arg>CN</arg>
<arg>CO</arg>
<arg>CR</arg>
<arg>CU</arg>
<arg>CV</arg>
<arg>CW</arg>
<arg>CX</arg>
<arg>CY</arg>
<arg>CZ</arg>
<arg>DE</arg>
<arg>DJ</arg>
<arg>DK</arg>
<arg>DM</arg>
<arg>DO</arg>
<arg>DZ</arg>
<arg>EC</arg>
<arg>EE</arg>
<arg>EG</arg>
<arg>EH</arg>
<arg>ER</arg>
<arg>ES</arg>
<arg>ET</arg>
<arg>FI</arg>
<arg>FJ</arg>
<arg>FK</arg>
<arg>FM</arg>
<arg>FO</arg>
<arg>FR</arg>
<arg>GA</arg>
<arg>GB</arg>
<arg>GD</arg>
<arg>GE</arg>
<arg>GF</arg>
<arg>GG</arg>
<arg>GH</arg>
<arg>GI</arg>
<arg>GL</arg>
<arg>GM</arg>
<arg>GN</arg>
<arg>GP</arg>
<arg>GQ</arg>
<arg>GR</arg>
<arg>GS</arg>
<arg>GT</arg>
<arg>GU</arg>
<arg>GW</arg>
<arg>GY</arg>
<arg>HK</arg>
<arg>HM</arg>
<arg>HN</arg>
<arg>HR</arg>
<arg>HT</arg>
<arg>HU</arg>
<arg>ID</arg>
<arg>IE</arg>
<arg>IL</arg>
<arg>IM</arg>
<arg>IN</arg>
<arg>IO</arg>
<arg>IQ</arg>
<arg>IR</arg>
<arg>IS</arg>
<arg>IT</arg>
<arg>JE</arg>
<arg>JM</arg>
<arg>JO</arg>
<arg>JP</arg>
<arg>KE</arg>
<arg>KG</arg>
<arg>KH</arg>
<arg>KI</arg>
<arg>KM</arg>
<arg>KN</arg>
<arg>KP</arg>
<arg>KR</arg>
<arg>KW</arg>
<arg>KY</arg>
<arg>KZ</arg>
<arg>LA</arg>
<arg>LB</arg>
<arg>LC</arg>
<arg>LI</arg>
<arg>LK</arg>
<arg>LR</arg>
<arg>LS</arg>
<arg>LT</arg>
<arg>LU</arg>
<arg>LV</arg>
<arg>LY</arg>
<arg>MA</arg>
<arg>MC</arg>
<arg>MD</arg>
<arg>ME</arg>
<arg>MF</arg>
<arg>MG</arg>
<arg>MH</arg>
<arg>MK</arg>
<arg>ML</arg>
<arg>MM</arg>
<arg>MN</arg>
<arg>MO</arg>
<arg>MP</arg>
<arg>MQ</arg>
<arg>MR</arg>
<arg>MS</arg>
<arg>MT</arg>
<arg>MU</arg>
<arg>MV</arg>
<arg>MW</arg>
<arg>MX</arg>
<arg>MY</arg>
<arg>MZ</arg>
<arg>NA</arg>
<arg>NC</arg>
<arg>NE</arg>
<arg>NF</arg>
<arg>NG</arg>
<arg>NI</arg>
<arg>NL</arg>
<arg>NO</arg>
<arg>NP</arg>
<arg>NR</arg>
<arg>NU</arg>
<arg>NZ</arg>
<arg>OM</arg>
<arg>PA</arg>
<arg>PE</arg>
<arg>PF</arg>
<arg>PG</arg>
<arg>PH</arg>
<arg>PK</arg>
<arg>PL</arg>
<arg>PM</arg>
<arg>PN</arg>
<arg>PR</arg>
<arg>PS</arg>
<arg>PT</arg>
<arg>PW</arg>
<arg>PY</arg>
<arg>QA</arg>
<arg>RE</arg>
<arg>RO</arg>
<arg>RS</arg>
<arg>RU</arg>
<arg>RW</arg>
<arg>SA</arg>
<arg>SB</arg>
<arg>SC</arg>
<arg>SD</arg>
<arg>SE</arg>
<arg>SG</arg>
<arg>SH</arg>
<arg>SI</arg>
<arg>SJ</arg>
<arg>SK</arg>
<arg>SL</arg>
<arg>SM</arg>
<arg>SN</arg>
<arg>SO</arg>
<arg>SR</arg>
<arg>SS</arg>
<arg>ST</arg>
<arg>SV</arg>
<arg>SX</arg>
<arg>SY</arg>
<arg>SZ</arg>
<arg>TC</arg>
<arg>TD</arg>
<arg>TF</arg>
<arg>TG</arg>
<arg>TH</arg>
<arg>TJ</arg>
<arg>TK</arg>
<arg>TL</arg>
<arg>TM</arg>
<arg>TN</arg>
<arg>TO</arg>
<arg>TR</arg>
<arg>TT</arg>
<arg>TV</arg>
<arg>TW</arg>
<arg>TZ</arg>
<arg>UA</arg>
<arg>UG</arg>
<arg>UM</arg>
<arg>US</arg>
<arg>UY</arg>
<arg>UZ</arg>
<arg>VA</arg>
<arg>VC</arg>
<arg>VE</arg>
<arg>VG</arg>
<arg>VI</arg>
<arg>VN</arg>
<arg>VU</arg>
<arg>WF</arg>
<arg>WS</arg>
<arg>XK</arg>
<arg>YE</arg>
<arg>YT</arg>
<arg>ZA</arg>
<arg>ZM</arg>
<arg>ZW</arg>
<doc>Returns a list containing given items.</doc>
<status status="PASS" start="2024-07-19T09:15:56.407416" elapsed="0.000618"/>
</kw>
<kw name="List Should Contain Value" owner="Collections">
<arg>${list_country}</arg>
<arg>${name_country}</arg>
<doc>Fails if the ``value`` is not found from ``list``.</doc>
<status status="PASS" start="2024-07-19T09:15:56.409010" elapsed="0.000207"/>
</kw>
<kw name="Run Keyword If" owner="BuiltIn">
<kw name="Should Be True" owner="BuiltIn">
<arg>${True}</arg>
<doc>Fails if the given condition is not true.</doc>
<status status="PASS" start="2024-07-19T09:15:56.410174" elapsed="0.000141"/>
</kw>
<arg>${json_data["results"][0]["location"]["coordinates"]["latitude"]} &gt;= -90 and ${json_data["results"][0]["location"]["coordinates"]["latitude"]} &lt;= 90</arg>
<arg>Should Be True</arg>
<arg>${True}</arg>
<doc>Runs the given keyword with the given arguments, if ``condition`` is true.</doc>
<status status="PASS" start="2024-07-19T09:15:56.409416" elapsed="0.001023"/>
</kw>
<kw name="Run Keyword If" owner="BuiltIn">
<kw name="Should Be True" owner="BuiltIn">
<arg>${True}</arg>
<doc>Fails if the given condition is not true.</doc>
<status status="PASS" start="2024-07-19T09:15:56.411300" elapsed="0.000136"/>
</kw>
<arg>${json_data["results"][0]["location"]["coordinates"]["longitude"]} &gt;= -180 and ${json_data["results"][0]["location"]["coordinates"]["longitude"]} &lt;= 180</arg>
<arg>Should Be True</arg>
<arg>${True}</arg>
<doc>Runs the given keyword with the given arguments, if ``condition`` is true.</doc>
<status status="PASS" start="2024-07-19T09:15:56.410617" elapsed="0.000941"/>
</kw>
<status status="PASS" start="2024-07-19T09:15:56.285342" elapsed="0.126346"/>
</kw>
<doc>Testa o conteúdo específico dos campos retornados pela API.</doc>
<tag>testeConteudo</tag>
<status status="PASS" start="2024-07-19T09:15:56.284786" elapsed="0.127053"/>
</test>
<status status="PASS" start="2024-07-19T09:15:55.460367" elapsed="0.953368"/>
</suite>
<status status="PASS" start="2024-07-19T09:15:55.445618" elapsed="0.973065"/>
</suite>
<statistics>
<total>
<stat pass="5" fail="0" skip="0">All Tests</stat>
</total>
<tag>
<stat pass="1" fail="0" skip="0">testeConteudo</stat>
<stat pass="1" fail="0" skip="0">testeEstruturaResposta</stat>
<stat pass="1" fail="0" skip="0">testeRequisicaoBasica</stat>
<stat pass="1" fail="0" skip="0">testeTiposDados</stat>
</tag>
<suite>
<stat pass="5" fail="0" skip="0" id="s1" name="Tests">Tests</stat>
<stat pass="5" fail="0" skip="0" id="s1-s1" name="Random-User-Test">Tests.Random-User-Test</stat>
</suite>
</statistics>
<errors>
</errors>
</robot>
