<?xml version="1.0" encoding="UTF-8"?>
<robot generator="Robot 7.0 (Python 3.12.3 on linux)" generated="2024-04-20T02:20:56.367298" rpa="false" schemaversion="5">
<suite id="s1" name="Tests" source="/home/runner/work/DesafioQAItauRogerioJordao/DesafioQAItauRogerioJordao/RamdonUser/tests">
<suite id="s1-s1" name="Random-User-Test" source="/home/runner/work/DesafioQAItauRogerioJordao/DesafioQAItauRogerioJordao/RamdonUser/tests/random-user-test.robot">
<test id="s1-s1-t1" name="Conectar" line="13">
<kw name="Conectar API" owner="random-user-service">
<kw name="Create Session" owner="RequestsLibrary">
<msg time="2024-04-20T02:20:56.733613" level="INFO">Creating Session using : alias=consultarAPI, url=https://randomuser.me/, headers={},                     cookies={}, auth=None, timeout=None, proxies=None, verify=False,                     debug=0 </msg>
<arg>consultarAPI</arg>
<arg>${URL}</arg>
<doc>Create Session: create a HTTP session to a server</doc>
<status status="PASS" start="2024-04-20T02:20:56.733401" elapsed="0.000417"/>
</kw>
<status status="PASS" start="2024-04-20T02:20:56.732341" elapsed="0.001856"/>
</kw>
<status status="PASS" start="2024-04-20T02:20:56.731702" elapsed="0.002691"/>
</test>
<test id="s1-s1-t2" name="Validar retorno 200 e JSON Válido" line="16">
<kw name="Teste de Requisicao Basica" owner="random-user-service">
<kw name="GET On Session" owner="RequestsLibrary">
<msg time="2024-04-20T02:20:56.950546" level="INFO">GET Request : url=https://randomuser.me/api 
 path_url=/api 
 headers={'User-Agent': 'python-requests/2.31.0', 'Accept-Encoding': 'gzip, deflate', 'Accept': '*/*', 'Connection': 'keep-alive'} 
 body=None 
 </msg>
<msg time="2024-04-20T02:20:56.950697" level="INFO">GET Response : url=https://randomuser.me/api 
 status=200, reason=OK 
 headers={'Date': 'Sat, 20 Apr 2024 02:20:56 GMT', 'Content-Type': 'application/json; charset=utf-8', 'Transfer-Encoding': 'chunked', 'Connection': 'keep-alive', 'X-Powered-By': 'Express', 'Access-Control-Allow-Origin': '*', 'Cache-Control': 'no-cache', 'ETag': 'W/"482-BrBPMpi2VDdnmC/VSq9z+PhyWxA"', 'Vary': 'Accept-Encoding', 'Content-Encoding': 'gzip', 'CF-Cache-Status': 'DYNAMIC', 'Report-To': '{"endpoints":[{"url":"https:\\/\\/a.nel.cloudflare.com\\/report\\/v4?s=nlOqweoDZm0c6wcmAYqmHBIb0p3DMts6hj9s%2B65eJfoWZzPJZMWhc9NlEOjvhDfk7KuUWP3mYWSTcnUxoKeGtmOV%2FjlUYAl%2FKopqe0in09gBSZ%2F40jMx3YTdYLf3EFBT"}],"group":"cf-nel","max_age":604800}', 'NEL': '{"success_fraction":0,"report_to":"cf-nel","max_age":604800}', 'Server': 'cloudflare', 'CF-RAY': '8771a8776c4f16a4-SJC', 'alt-svc': 'h3=":443"; ma=86400'} 
 body={"results":[{"gender":"male","name":{"title":"Mr","first":"Bartosz","last":"Soldal"},"location":{"street":{"number":6329,"name":"Sofies gate"},"city":"Glosli","state":"Buskerud","country":"Norway","postcode":"2160","coordinates":{"latitude":"41.4896","longitude":"-79.3803"},"timezone":{"offset":"+1:00","description":"Brussels, Copenhagen, Madrid, Paris"}},"email":"bartosz.soldal@example.com","login":{"uuid":"1c7ac326-567a-4a5e-bc06-19fe48a3172e","username":"angrygorilla195","password":"school","salt":"wABOQt49","md5":"ec8b72f7b8c4b4eaac1b48dfacd3935f","sha1":"0490cbb80a938d93a27fe97d1302e63f72388303","sha256":"d8ccfbb91ab04d3c31c792be91f61012a0b8b2e9af51d852cb980e154da814f9"},"dob":{"date":"1978-09-08T08:42:30.653Z","age":45},"registered":{"date":"2021-05-19T22:41:54.032Z","age":2},"phone":"35620418","cell":"95586413","id":{"name":"FN","value":"08097848557"},"picture":{"large":"https://randomuser.me/api/portraits/men/92.jpg","medium":"https://randomuser.me/api/portraits/med/men/92.jpg","thumbnail":"https://randomuser.me/api/portraits/thumb/men/92.jpg"},"nat":"NO"}],"info":{"seed":"a49c45b773bbb568","results":1,"page":1,"version":"1.4"}} 
 </msg>
<msg time="2024-04-20T02:20:56.950781" level="INFO">/opt/hostedtoolcache/Python/3.12.3/x64/lib/python3.12/site-packages/urllib3/connectionpool.py:1103: InsecureRequestWarning: Unverified HTTPS request is being made to host 'randomuser.me'. Adding certificate verification is strongly advised. See: https://urllib3.readthedocs.io/en/latest/advanced-usage.html#tls-warnings
  warnings.warn(</msg>
<msg time="2024-04-20T02:20:56.950948" level="INFO">${response} = &lt;Response [200]&gt;</msg>
<var>${response}</var>
<arg>consultarAPI</arg>
<arg>/api</arg>
<doc>Sends a GET request on a previously created HTTP Session.</doc>
<status status="PASS" start="2024-04-20T02:20:56.737137" elapsed="0.213854"/>
</kw>
<kw name="Should Be Equal As Numbers" owner="BuiltIn">
<msg time="2024-04-20T02:20:56.951997" level="INFO">Argument types are:
&lt;class 'int'&gt;
&lt;class 'str'&gt;</msg>
<arg>${response.status_code}</arg>
<arg>200</arg>
<doc>Fails if objects are unequal after converting them to real numbers.</doc>
<status status="PASS" start="2024-04-20T02:20:56.951537" elapsed="0.000526"/>
</kw>
<kw name="Log" owner="BuiltIn">
<msg time="2024-04-20T02:20:56.952814" level="INFO">200</msg>
<arg>${response.status_code}</arg>
<doc>Logs the given message with the given level.</doc>
<status status="PASS" start="2024-04-20T02:20:56.952421" elapsed="0.000437"/>
</kw>
<kw name="Set Variable" owner="BuiltIn">
<msg time="2024-04-20T02:20:56.953607" level="INFO">${json_data} = {'results': [{'gender': 'male', 'name': {'title': 'Mr', 'first': 'Bartosz', 'last': 'Soldal'}, 'location': {'street': {'number': 6329, 'name': 'Sofies gate'}, 'city': 'Glosli', 'state': 'Buskerud', 'c...</msg>
<var>${json_data}</var>
<arg>${response.json()}</arg>
<doc>Returns the given values which can then be assigned to a variables.</doc>
<status status="PASS" start="2024-04-20T02:20:56.953168" elapsed="0.000467"/>
</kw>
<kw name="Dictionary Should Contain Key" owner="Collections">
<msg time="2024-04-20T02:20:56.954110" level="INFO">False</msg>
<arg>${json_data}</arg>
<arg>results</arg>
<doc>Fails if ``key`` is not found from ``dictionary``.</doc>
<status status="PASS" start="2024-04-20T02:20:56.953939" elapsed="0.000210"/>
</kw>
<status status="PASS" start="2024-04-20T02:20:56.736883" elapsed="0.217525"/>
</kw>
<doc>Testa se a API responde corretamente e retorna um objeto JSON válido.</doc>
<tag>testeRequisicaoBasica</tag>
<status status="PASS" start="2024-04-20T02:20:56.736288" elapsed="0.218305"/>
</test>
<test id="s1-s1-t3" name="Validar estrutura de resposta" line="22">
<kw name="Teste de Estrutura de Resposta" owner="random-user-service">
<kw name="GET On Session" owner="RequestsLibrary">
<msg time="2024-04-20T02:20:57.054383" level="INFO">GET Request : url=https://randomuser.me/api 
 path_url=/api 
 headers={'User-Agent': 'python-requests/2.31.0', 'Accept-Encoding': 'gzip, deflate', 'Accept': '*/*', 'Connection': 'keep-alive'} 
 body=None 
 </msg>
<msg time="2024-04-20T02:20:57.054484" level="INFO">GET Response : url=https://randomuser.me/api 
 status=200, reason=OK 
 headers={'Date': 'Sat, 20 Apr 2024 02:20:57 GMT', 'Content-Type': 'application/json; charset=utf-8', 'Transfer-Encoding': 'chunked', 'Connection': 'keep-alive', 'X-Powered-By': 'Express', 'Access-Control-Allow-Origin': '*', 'Cache-Control': 'no-cache', 'ETag': 'W/"467-3jMdY1NVsORgs+2znw3ikpPQpvI"', 'Vary': 'Accept-Encoding', 'Content-Encoding': 'gzip', 'CF-Cache-Status': 'DYNAMIC', 'Report-To': '{"endpoints":[{"url":"https:\\/\\/a.nel.cloudflare.com\\/report\\/v4?s=fyOh8b8dWCoDAUsAlfKeyTidXx%2BdgZwaViZpklA6nm6LB6n0nplHQxQT9JINtRuh52KH3Zp%2Fj9Dyx3YbIS4VmP%2BDfBwGwWiR7Xm2UhBDSOYijX9NvJhzScPO2KGwBhZV"}],"group":"cf-nel","max_age":604800}', 'NEL': '{"success_fraction":0,"report_to":"cf-nel","max_age":604800}', 'Server': 'cloudflare', 'CF-RAY': '8771a8780cee16a4-SJC', 'alt-svc': 'h3=":443"; ma=86400'} 
 body={"results":[{"gender":"female","name":{"title":"Ms","first":"Vida","last":"Zahl"},"location":{"street":{"number":9078,"name":"Nydalen Bruks vei"},"city":"Nordstrand","state":"Bergen","country":"Norway","postcode":"8170","coordinates":{"latitude":"41.0291","longitude":"106.6927"},"timezone":{"offset":"+3:30","description":"Tehran"}},"email":"vida.zahl@example.com","login":{"uuid":"ffb9e992-f750-47e3-87ee-28fec86b6761","username":"whitecat565","password":"theman","salt":"EvdD5msC","md5":"2efac76d35f83ff72d9e76452134bcce","sha1":"3c866e1cac1cf5b0e9a3331eb0250dd7ed166ca7","sha256":"2c9ef19ea37faa2cdee42c8c1f5e915315d6a1bd23a339c92550de82cc82eb88"},"dob":{"date":"1998-10-10T22:48:34.230Z","age":25},"registered":{"date":"2020-02-10T01:24:31.727Z","age":4},"phone":"64744405","cell":"45035062","id":{"name":"FN","value":"10109818602"},"picture":{"large":"https://randomuser.me/api/portraits/women/76.jpg","medium":"https://randomuser.me/api/portraits/med/women/76.jpg","thumbnail":"https://randomuser.me/api/portraits/thumb/women/76.jpg"},"nat":"NO"}],"info":{"seed":"40d1ecadc0a2a0c6","results":1,"page":1,"version":"1.4"}} 
 </msg>
<msg time="2024-04-20T02:20:57.054621" level="INFO">/opt/hostedtoolcache/Python/3.12.3/x64/lib/python3.12/site-packages/urllib3/connectionpool.py:1103: InsecureRequestWarning: Unverified HTTPS request is being made to host 'randomuser.me'. Adding certificate verification is strongly advised. See: https://urllib3.readthedocs.io/en/latest/advanced-usage.html#tls-warnings
  warnings.warn(</msg>
<msg time="2024-04-20T02:20:57.054770" level="INFO">${response} = &lt;Response [200]&gt;</msg>
<var>${response}</var>
<arg>consultarAPI</arg>
<arg>/api</arg>
<doc>Sends a GET request on a previously created HTTP Session.</doc>
<status status="PASS" start="2024-04-20T02:20:56.957210" elapsed="0.097604"/>
</kw>
<kw name="Set Variable" owner="BuiltIn">
<msg time="2024-04-20T02:20:57.055842" level="INFO">${json_data} = {'results': [{'gender': 'female', 'name': {'title': 'Ms', 'first': 'Vida', 'last': 'Zahl'}, 'location': {'street': {'number': 9078, 'name': 'Nydalen Bruks vei'}, 'city': 'Nordstrand', 'state': 'Bergen...</msg>
<var>${json_data}</var>
<arg>${response.json()}</arg>
<doc>Returns the given values which can then be assigned to a variables.</doc>
<status status="PASS" start="2024-04-20T02:20:57.055309" elapsed="0.000563"/>
</kw>
<kw name="Log" owner="BuiltIn">
<msg time="2024-04-20T02:20:57.056348" level="INFO">{'results': [{'gender': 'female', 'name': {'title': 'Ms', 'first': 'Vida', 'last': 'Zahl'}, 'location': {'street': {'number': 9078, 'name': 'Nydalen Bruks vei'}, 'city': 'Nordstrand', 'state': 'Bergen', 'country': 'Norway', 'postcode': '8170', 'coordinates': {'latitude': '41.0291', 'longitude': '106.6927'}, 'timezone': {'offset': '+3:30', 'description': 'Tehran'}}, 'email': 'vida.zahl@example.com', 'login': {'uuid': 'ffb9e992-f750-47e3-87ee-28fec86b6761', 'username': 'whitecat565', 'password': 'theman', 'salt': 'EvdD5msC', 'md5': '2efac76d35f83ff72d9e76452134bcce', 'sha1': '3c866e1cac1cf5b0e9a3331eb0250dd7ed166ca7', 'sha256': '2c9ef19ea37faa2cdee42c8c1f5e915315d6a1bd23a339c92550de82cc82eb88'}, 'dob': {'date': '1998-10-10T22:48:34.230Z', 'age': 25}, 'registered': {'date': '2020-02-10T01:24:31.727Z', 'age': 4}, 'phone': '64744405', 'cell': '45035062', 'id': {'name': 'FN', 'value': '10109818602'}, 'picture': {'large': 'https://randomuser.me/api/portraits/women/76.jpg', 'medium': 'https://randomuser.me/api/portraits/med/women/76.jpg', 'thumbnail': 'https://randomuser.me/api/portraits/thumb/women/76.jpg'}, 'nat': 'NO'}], 'info': {'seed': '40d1ecadc0a2a0c6', 'results': 1, 'page': 1, 'version': '1.4'}}</msg>
<arg>${json_data}</arg>
<doc>Logs the given message with the given level.</doc>
<status status="PASS" start="2024-04-20T02:20:57.056187" elapsed="0.000211"/>
</kw>
<kw name="Dictionary Should Contain Key" owner="Collections">
<msg time="2024-04-20T02:20:57.056909" level="INFO">False</msg>
<arg>${json_data}</arg>
<arg>results</arg>
<doc>Fails if ``key`` is not found from ``dictionary``.</doc>
<status status="PASS" start="2024-04-20T02:20:57.056731" elapsed="0.000217"/>
</kw>
<kw name="Should Not Be Empty" owner="BuiltIn">
<msg time="2024-04-20T02:20:57.057391" level="INFO">Length is 2.</msg>
<arg>${json_data}</arg>
<doc>Verifies that the given item is not empty.</doc>
<status status="PASS" start="2024-04-20T02:20:57.057251" elapsed="0.000343"/>
</kw>
<kw name="Create List" owner="BuiltIn">
<msg time="2024-04-20T02:20:57.058052" level="INFO">${expected_keys} = ['gender', 'name', 'location', 'email', 'login']</msg>
<var>${expected_keys}</var>
<arg>gender</arg>
<arg>name</arg>
<arg>location</arg>
<arg>email</arg>
<arg>login</arg>
<doc>Returns a list containing given items.</doc>
<status status="PASS" start="2024-04-20T02:20:57.057899" elapsed="0.000177"/>
</kw>
<for flavor="IN">
<iter>
<kw name="Dictionary Should Contain Key" owner="Collections">
<msg time="2024-04-20T02:20:57.059109" level="INFO">False</msg>
<arg>${json_data['results'][0]}</arg>
<arg>${key}</arg>
<doc>Fails if ``key`` is not found from ``dictionary``.</doc>
<status status="PASS" start="2024-04-20T02:20:57.058696" elapsed="0.000453"/>
</kw>
<kw name="Log" owner="BuiltIn">
<msg time="2024-04-20T02:20:57.059834" level="INFO">{'gender': 'female', 'name': {'title': 'Ms', 'first': 'Vida', 'last': 'Zahl'}, 'location': {'street': {'number': 9078, 'name': 'Nydalen Bruks vei'}, 'city': 'Nordstrand', 'state': 'Bergen', 'country': 'Norway', 'postcode': '8170', 'coordinates': {'latitude': '41.0291', 'longitude': '106.6927'}, 'timezone': {'offset': '+3:30', 'description': 'Tehran'}}, 'email': 'vida.zahl@example.com', 'login': {'uuid': 'ffb9e992-f750-47e3-87ee-28fec86b6761', 'username': 'whitecat565', 'password': 'theman', 'salt': 'EvdD5msC', 'md5': '2efac76d35f83ff72d9e76452134bcce', 'sha1': '3c866e1cac1cf5b0e9a3331eb0250dd7ed166ca7', 'sha256': '2c9ef19ea37faa2cdee42c8c1f5e915315d6a1bd23a339c92550de82cc82eb88'}, 'dob': {'date': '1998-10-10T22:48:34.230Z', 'age': 25}, 'registered': {'date': '2020-02-10T01:24:31.727Z', 'age': 4}, 'phone': '64744405', 'cell': '45035062', 'id': {'name': 'FN', 'value': '10109818602'}, 'picture': {'large': 'https://randomuser.me/api/portraits/women/76.jpg', 'medium': 'https://randomuser.me/api/portraits/med/women/76.jpg', 'thumbnail': 'https://randomuser.me/api/portraits/thumb/women/76.jpg'}, 'nat': 'NO'}</msg>
<arg>${json_data['results'][0]}</arg>
<doc>Logs the given message with the given level.</doc>
<status status="PASS" start="2024-04-20T02:20:57.059449" elapsed="0.000435"/>
</kw>
<kw name="Log" owner="BuiltIn">
<msg time="2024-04-20T02:20:57.060310" level="INFO">gender</msg>
<arg>${key}</arg>
<doc>Logs the given message with the given level.</doc>
<status status="PASS" start="2024-04-20T02:20:57.060181" elapsed="0.000166"/>
</kw>
<var name="${key}">gender</var>
<status status="PASS" start="2024-04-20T02:20:57.058561" elapsed="0.002005"/>
</iter>
<iter>
<kw name="Dictionary Should Contain Key" owner="Collections">
<msg time="2024-04-20T02:20:57.061308" level="INFO">False</msg>
<arg>${json_data['results'][0]}</arg>
<arg>${key}</arg>
<doc>Fails if ``key`` is not found from ``dictionary``.</doc>
<status status="PASS" start="2024-04-20T02:20:57.060915" elapsed="0.000431"/>
</kw>
<kw name="Log" owner="BuiltIn">
<msg time="2024-04-20T02:20:57.062046" level="INFO">{'gender': 'female', 'name': {'title': 'Ms', 'first': 'Vida', 'last': 'Zahl'}, 'location': {'street': {'number': 9078, 'name': 'Nydalen Bruks vei'}, 'city': 'Nordstrand', 'state': 'Bergen', 'country': 'Norway', 'postcode': '8170', 'coordinates': {'latitude': '41.0291', 'longitude': '106.6927'}, 'timezone': {'offset': '+3:30', 'description': 'Tehran'}}, 'email': 'vida.zahl@example.com', 'login': {'uuid': 'ffb9e992-f750-47e3-87ee-28fec86b6761', 'username': 'whitecat565', 'password': 'theman', 'salt': 'EvdD5msC', 'md5': '2efac76d35f83ff72d9e76452134bcce', 'sha1': '3c866e1cac1cf5b0e9a3331eb0250dd7ed166ca7', 'sha256': '2c9ef19ea37faa2cdee42c8c1f5e915315d6a1bd23a339c92550de82cc82eb88'}, 'dob': {'date': '1998-10-10T22:48:34.230Z', 'age': 25}, 'registered': {'date': '2020-02-10T01:24:31.727Z', 'age': 4}, 'phone': '64744405', 'cell': '45035062', 'id': {'name': 'FN', 'value': '10109818602'}, 'picture': {'large': 'https://randomuser.me/api/portraits/women/76.jpg', 'medium': 'https://randomuser.me/api/portraits/med/women/76.jpg', 'thumbnail': 'https://randomuser.me/api/portraits/thumb/women/76.jpg'}, 'nat': 'NO'}</msg>
<arg>${json_data['results'][0]}</arg>
<doc>Logs the given message with the given level.</doc>
<status status="PASS" start="2024-04-20T02:20:57.061673" elapsed="0.000421"/>
</kw>
<kw name="Log" owner="BuiltIn">
<msg time="2024-04-20T02:20:57.062518" level="INFO">name</msg>
<arg>${key}</arg>
<doc>Logs the given message with the given level.</doc>
<status status="PASS" start="2024-04-20T02:20:57.062391" elapsed="0.000165"/>
</kw>
<var name="${key}">name</var>
<status status="PASS" start="2024-04-20T02:20:57.060798" elapsed="0.001973"/>
</iter>
<iter>
<kw name="Dictionary Should Contain Key" owner="Collections">
<msg time="2024-04-20T02:20:57.063460" level="INFO">False</msg>
<arg>${json_data['results'][0]}</arg>
<arg>${key}</arg>
<doc>Fails if ``key`` is not found from ``dictionary``.</doc>
<status status="PASS" start="2024-04-20T02:20:57.063064" elapsed="0.000434"/>
</kw>
<kw name="Log" owner="BuiltIn">
<msg time="2024-04-20T02:20:57.064165" level="INFO">{'gender': 'female', 'name': {'title': 'Ms', 'first': 'Vida', 'last': 'Zahl'}, 'location': {'street': {'number': 9078, 'name': 'Nydalen Bruks vei'}, 'city': 'Nordstrand', 'state': 'Bergen', 'country': 'Norway', 'postcode': '8170', 'coordinates': {'latitude': '41.0291', 'longitude': '106.6927'}, 'timezone': {'offset': '+3:30', 'description': 'Tehran'}}, 'email': 'vida.zahl@example.com', 'login': {'uuid': 'ffb9e992-f750-47e3-87ee-28fec86b6761', 'username': 'whitecat565', 'password': 'theman', 'salt': 'EvdD5msC', 'md5': '2efac76d35f83ff72d9e76452134bcce', 'sha1': '3c866e1cac1cf5b0e9a3331eb0250dd7ed166ca7', 'sha256': '2c9ef19ea37faa2cdee42c8c1f5e915315d6a1bd23a339c92550de82cc82eb88'}, 'dob': {'date': '1998-10-10T22:48:34.230Z', 'age': 25}, 'registered': {'date': '2020-02-10T01:24:31.727Z', 'age': 4}, 'phone': '64744405', 'cell': '45035062', 'id': {'name': 'FN', 'value': '10109818602'}, 'picture': {'large': 'https://randomuser.me/api/portraits/women/76.jpg', 'medium': 'https://randomuser.me/api/portraits/med/women/76.jpg', 'thumbnail': 'https://randomuser.me/api/portraits/thumb/women/76.jpg'}, 'nat': 'NO'}</msg>
<arg>${json_data['results'][0]}</arg>
<doc>Logs the given message with the given level.</doc>
<status status="PASS" start="2024-04-20T02:20:57.063801" elapsed="0.000411"/>
</kw>
<kw name="Log" owner="BuiltIn">
<msg time="2024-04-20T02:20:57.064628" level="INFO">location</msg>
<arg>${key}</arg>
<doc>Logs the given message with the given level.</doc>
<status status="PASS" start="2024-04-20T02:20:57.064505" elapsed="0.000160"/>
</kw>
<var name="${key}">location</var>
<status status="PASS" start="2024-04-20T02:20:57.062952" elapsed="0.001973"/>
</iter>
<iter>
<kw name="Dictionary Should Contain Key" owner="Collections">
<msg time="2024-04-20T02:20:57.065597" level="INFO">False</msg>
<arg>${json_data['results'][0]}</arg>
<arg>${key}</arg>
<doc>Fails if ``key`` is not found from ``dictionary``.</doc>
<status status="PASS" start="2024-04-20T02:20:57.065211" elapsed="0.000423"/>
</kw>
<kw name="Log" owner="BuiltIn">
<msg time="2024-04-20T02:20:57.066296" level="INFO">{'gender': 'female', 'name': {'title': 'Ms', 'first': 'Vida', 'last': 'Zahl'}, 'location': {'street': {'number': 9078, 'name': 'Nydalen Bruks vei'}, 'city': 'Nordstrand', 'state': 'Bergen', 'country': 'Norway', 'postcode': '8170', 'coordinates': {'latitude': '41.0291', 'longitude': '106.6927'}, 'timezone': {'offset': '+3:30', 'description': 'Tehran'}}, 'email': 'vida.zahl@example.com', 'login': {'uuid': 'ffb9e992-f750-47e3-87ee-28fec86b6761', 'username': 'whitecat565', 'password': 'theman', 'salt': 'EvdD5msC', 'md5': '2efac76d35f83ff72d9e76452134bcce', 'sha1': '3c866e1cac1cf5b0e9a3331eb0250dd7ed166ca7', 'sha256': '2c9ef19ea37faa2cdee42c8c1f5e915315d6a1bd23a339c92550de82cc82eb88'}, 'dob': {'date': '1998-10-10T22:48:34.230Z', 'age': 25}, 'registered': {'date': '2020-02-10T01:24:31.727Z', 'age': 4}, 'phone': '64744405', 'cell': '45035062', 'id': {'name': 'FN', 'value': '10109818602'}, 'picture': {'large': 'https://randomuser.me/api/portraits/women/76.jpg', 'medium': 'https://randomuser.me/api/portraits/med/women/76.jpg', 'thumbnail': 'https://randomuser.me/api/portraits/thumb/women/76.jpg'}, 'nat': 'NO'}</msg>
<arg>${json_data['results'][0]}</arg>
<doc>Logs the given message with the given level.</doc>
<status status="PASS" start="2024-04-20T02:20:57.065934" elapsed="0.000408"/>
</kw>
<kw name="Log" owner="BuiltIn">
<msg time="2024-04-20T02:20:57.066788" level="INFO">email</msg>
<arg>${key}</arg>
<doc>Logs the given message with the given level.</doc>
<status status="PASS" start="2024-04-20T02:20:57.066663" elapsed="0.000163"/>
</kw>
<var name="${key}">email</var>
<status status="PASS" start="2024-04-20T02:20:57.065100" elapsed="0.001938"/>
</iter>
<iter>
<kw name="Dictionary Should Contain Key" owner="Collections">
<msg time="2024-04-20T02:20:57.067704" level="INFO">False</msg>
<arg>${json_data['results'][0]}</arg>
<arg>${key}</arg>
<doc>Fails if ``key`` is not found from ``dictionary``.</doc>
<status status="PASS" start="2024-04-20T02:20:57.067319" elapsed="0.000423"/>
</kw>
<kw name="Log" owner="BuiltIn">
<msg time="2024-04-20T02:20:57.068415" level="INFO">{'gender': 'female', 'name': {'title': 'Ms', 'first': 'Vida', 'last': 'Zahl'}, 'location': {'street': {'number': 9078, 'name': 'Nydalen Bruks vei'}, 'city': 'Nordstrand', 'state': 'Bergen', 'country': 'Norway', 'postcode': '8170', 'coordinates': {'latitude': '41.0291', 'longitude': '106.6927'}, 'timezone': {'offset': '+3:30', 'description': 'Tehran'}}, 'email': 'vida.zahl@example.com', 'login': {'uuid': 'ffb9e992-f750-47e3-87ee-28fec86b6761', 'username': 'whitecat565', 'password': 'theman', 'salt': 'EvdD5msC', 'md5': '2efac76d35f83ff72d9e76452134bcce', 'sha1': '3c866e1cac1cf5b0e9a3331eb0250dd7ed166ca7', 'sha256': '2c9ef19ea37faa2cdee42c8c1f5e915315d6a1bd23a339c92550de82cc82eb88'}, 'dob': {'date': '1998-10-10T22:48:34.230Z', 'age': 25}, 'registered': {'date': '2020-02-10T01:24:31.727Z', 'age': 4}, 'phone': '64744405', 'cell': '45035062', 'id': {'name': 'FN', 'value': '10109818602'}, 'picture': {'large': 'https://randomuser.me/api/portraits/women/76.jpg', 'medium': 'https://randomuser.me/api/portraits/med/women/76.jpg', 'thumbnail': 'https://randomuser.me/api/portraits/thumb/women/76.jpg'}, 'nat': 'NO'}</msg>
<arg>${json_data['results'][0]}</arg>
<doc>Logs the given message with the given level.</doc>
<status status="PASS" start="2024-04-20T02:20:57.068038" elapsed="0.000424"/>
</kw>
<kw name="Log" owner="BuiltIn">
<msg time="2024-04-20T02:20:57.068933" level="INFO">login</msg>
<arg>${key}</arg>
<doc>Logs the given message with the given level.</doc>
<status status="PASS" start="2024-04-20T02:20:57.068796" elapsed="0.000182"/>
</kw>
<var name="${key}">login</var>
<status status="PASS" start="2024-04-20T02:20:57.067211" elapsed="0.001991"/>
</iter>
<var>${key}</var>
<value>@{expected_keys}</value>
<status status="PASS" start="2024-04-20T02:20:57.058360" elapsed="0.010962"/>
</for>
<kw name="Create List" owner="BuiltIn">
<msg time="2024-04-20T02:20:57.069714" level="INFO">${expected_keysTwo} = ['username', 'password']</msg>
<var>${expected_keysTwo}</var>
<arg>username</arg>
<arg>password</arg>
<doc>Returns a list containing given items.</doc>
<status status="PASS" start="2024-04-20T02:20:57.069522" elapsed="0.000217"/>
</kw>
<for flavor="IN">
<iter>
<kw name="Dictionary Should Contain Key" owner="Collections">
<msg time="2024-04-20T02:20:57.070667" level="INFO">False</msg>
<arg>${json_data['results'][0]['login']}</arg>
<arg>${keyTwo}</arg>
<doc>Fails if ``key`` is not found from ``dictionary``.</doc>
<status status="PASS" start="2024-04-20T02:20:57.070248" elapsed="0.000458"/>
</kw>
<kw name="Dictionary Should Contain Key" owner="Collections">
<msg time="2024-04-20T02:20:57.071382" level="INFO">False</msg>
<arg>${json_data['results'][0]['login']}</arg>
<arg>${keyTwo}</arg>
<doc>Fails if ``key`` is not found from ``dictionary``.</doc>
<status status="PASS" start="2024-04-20T02:20:57.071002" elapsed="0.000418"/>
</kw>
<kw name="Log" owner="BuiltIn">
<msg time="2024-04-20T02:20:57.071836" level="INFO">username</msg>
<arg>${keyTwo}</arg>
<doc>Logs the given message with the given level.</doc>
<status status="PASS" start="2024-04-20T02:20:57.071711" elapsed="0.000168"/>
</kw>
<var name="${keyTwo}">username</var>
<status status="PASS" start="2024-04-20T02:20:57.070139" elapsed="0.001954"/>
</iter>
<iter>
<kw name="Dictionary Should Contain Key" owner="Collections">
<msg time="2024-04-20T02:20:57.072878" level="INFO">False</msg>
<arg>${json_data['results'][0]['login']}</arg>
<arg>${keyTwo}</arg>
<doc>Fails if ``key`` is not found from ``dictionary``.</doc>
<status status="PASS" start="2024-04-20T02:20:57.072370" elapsed="0.000557"/>
</kw>
<kw name="Dictionary Should Contain Key" owner="Collections">
<msg time="2024-04-20T02:20:57.073615" level="INFO">False</msg>
<arg>${json_data['results'][0]['login']}</arg>
<arg>${keyTwo}</arg>
<doc>Fails if ``key`` is not found from ``dictionary``.</doc>
<status status="PASS" start="2024-04-20T02:20:57.073230" elapsed="0.000423"/>
</kw>
<kw name="Log" owner="BuiltIn">
<msg time="2024-04-20T02:20:57.074077" level="INFO">password</msg>
<arg>${keyTwo}</arg>
<doc>Logs the given message with the given level.</doc>
<status status="PASS" start="2024-04-20T02:20:57.073949" elapsed="0.000166"/>
</kw>
<var name="${keyTwo}">password</var>
<status status="PASS" start="2024-04-20T02:20:57.072262" elapsed="0.002070"/>
</iter>
<var>${keyTwo}</var>
<value>@{expected_keysTwo}</value>
<status status="PASS" start="2024-04-20T02:20:57.069983" elapsed="0.004472"/>
</for>
<status status="PASS" start="2024-04-20T02:20:56.956967" elapsed="0.117631"/>
</kw>
<doc>Testa a estrutura da resposta da API.</doc>
<tag>testeEstruturaResposta</tag>
<status status="PASS" start="2024-04-20T02:20:56.956439" elapsed="0.118320"/>
</test>
<test id="s1-s1-t4" name="Validar tipos de dados" line="28">
<kw name="Teste de Tipos de Dados" owner="random-user-service">
<kw name="GET On Session" owner="RequestsLibrary">
<msg time="2024-04-20T02:20:57.169557" level="INFO">GET Request : url=https://randomuser.me/api 
 path_url=/api 
 headers={'User-Agent': 'python-requests/2.31.0', 'Accept-Encoding': 'gzip, deflate', 'Accept': '*/*', 'Connection': 'keep-alive'} 
 body=None 
 </msg>
<msg time="2024-04-20T02:20:57.169663" level="INFO">GET Response : url=https://randomuser.me/api 
 status=200, reason=OK 
 headers={'Date': 'Sat, 20 Apr 2024 02:20:57 GMT', 'Content-Type': 'application/json; charset=utf-8', 'Transfer-Encoding': 'chunked', 'Connection': 'keep-alive', 'X-Powered-By': 'Express', 'Access-Control-Allow-Origin': '*', 'Cache-Control': 'no-cache', 'ETag': 'W/"4b3-ir3khvxFvzyrREXxv2hz6gMNYqM"', 'Vary': 'Accept-Encoding', 'Content-Encoding': 'gzip', 'CF-Cache-Status': 'DYNAMIC', 'Report-To': '{"endpoints":[{"url":"https:\\/\\/a.nel.cloudflare.com\\/report\\/v4?s=TthoUbGO95FwtPWbpGwfXsj3e%2Bubcy94tWRHcrXUxfu57eh9IMikdalTyDiyK3YboFpfXJEtC%2FiWWFZKn1aEwIYZqbg%2FF5xXpD%2Bz9IREvCuxydnZP35XJSd4C7Kv22Uj"}],"group":"cf-nel","max_age":604800}', 'NEL': '{"success_fraction":0,"report_to":"cf-nel","max_age":604800}', 'Server': 'cloudflare', 'CF-RAY': '8771a878cdaf16a4-SJC', 'alt-svc': 'h3=":443"; ma=86400'} 
 body={"results":[{"gender":"female","name":{"title":"Miss","first":"Tania","last":"Pineda"},"location":{"street":{"number":7364,"name":"Cerrada Sandoval"},"city":"San Miguel Canoa","state":"Estado de Mexico","country":"Mexico","postcode":61012,"coordinates":{"latitude":"24.6810","longitude":"112.4887"},"timezone":{"offset":"+9:00","description":"Tokyo, Seoul, Osaka, Sapporo, Yakutsk"}},"email":"tania.pineda@example.com","login":{"uuid":"eb3eb5b5-9db6-407a-8265-367ee48b3d3a","username":"greenelephant448","password":"getsome","salt":"1TAcBNqi","md5":"4bbb6679ca39c7f78073bd238c917b4c","sha1":"b125e3317bfc8c6a9eb25fc071970013d8e2720f","sha256":"b72b2f66c5d1142145bbab6cf492945fc2c5ceb13fc0692a7f08e32a9dabb6dc"},"dob":{"date":"1970-03-16T02:37:06.647Z","age":54},"registered":{"date":"2020-09-26T08:19:03.173Z","age":3},"phone":"(635) 618 1666","cell":"(666) 762 7446","id":{"name":"NSS","value":"60 82 97 5327 7"},"picture":{"large":"https://randomuser.me/api/portraits/women/87.jpg","medium":"https://randomuser.me/api/portraits/med/women/87.jpg","thumbnail":"https://randomuser.me/api/portraits/thumb/women/87.jpg"},"nat":"MX"}],"info":{"seed":"7f682230b15cc597","results":1,"page":1,"version":"1.4"}} 
 </msg>
<msg time="2024-04-20T02:20:57.169751" level="INFO">/opt/hostedtoolcache/Python/3.12.3/x64/lib/python3.12/site-packages/urllib3/connectionpool.py:1103: InsecureRequestWarning: Unverified HTTPS request is being made to host 'randomuser.me'. Adding certificate verification is strongly advised. See: https://urllib3.readthedocs.io/en/latest/advanced-usage.html#tls-warnings
  warnings.warn(</msg>
<msg time="2024-04-20T02:20:57.169911" level="INFO">${response} = &lt;Response [200]&gt;</msg>
<var>${response}</var>
<arg>consultarAPI</arg>
<arg>/api</arg>
<doc>Sends a GET request on a previously created HTTP Session.</doc>
<status status="PASS" start="2024-04-20T02:20:57.077338" elapsed="0.092610"/>
</kw>
<kw name="Set Variable" owner="BuiltIn">
<msg time="2024-04-20T02:20:57.170955" level="INFO">${json_data} = {'results': [{'gender': 'female', 'name': {'title': 'Miss', 'first': 'Tania', 'last': 'Pineda'}, 'location': {'street': {'number': 7364, 'name': 'Cerrada Sandoval'}, 'city': 'San Miguel Canoa', 'state...</msg>
<var>${json_data}</var>
<arg>${response.json()}</arg>
<doc>Returns the given values which can then be assigned to a variables.</doc>
<status status="PASS" start="2024-04-20T02:20:57.170445" elapsed="0.000539"/>
</kw>
<kw name="Log" owner="BuiltIn">
<msg time="2024-04-20T02:20:57.171443" level="INFO">{'results': [{'gender': 'female', 'name': {'title': 'Miss', 'first': 'Tania', 'last': 'Pineda'}, 'location': {'street': {'number': 7364, 'name': 'Cerrada Sandoval'}, 'city': 'San Miguel Canoa', 'state': 'Estado de Mexico', 'country': 'Mexico', 'postcode': 61012, 'coordinates': {'latitude': '24.6810', 'longitude': '112.4887'}, 'timezone': {'offset': '+9:00', 'description': 'Tokyo, Seoul, Osaka, Sapporo, Yakutsk'}}, 'email': 'tania.pineda@example.com', 'login': {'uuid': 'eb3eb5b5-9db6-407a-8265-367ee48b3d3a', 'username': 'greenelephant448', 'password': 'getsome', 'salt': '1TAcBNqi', 'md5': '4bbb6679ca39c7f78073bd238c917b4c', 'sha1': 'b125e3317bfc8c6a9eb25fc071970013d8e2720f', 'sha256': 'b72b2f66c5d1142145bbab6cf492945fc2c5ceb13fc0692a7f08e32a9dabb6dc'}, 'dob': {'date': '1970-03-16T02:37:06.647Z', 'age': 54}, 'registered': {'date': '2020-09-26T08:19:03.173Z', 'age': 3}, 'phone': '(635) 618 1666', 'cell': '(666) 762 7446', 'id': {'name': 'NSS', 'value': '60 82 97 5327 7'}, 'picture': {'large': 'https://randomuser.me/api/portraits/women/87.jpg', 'medium': 'https://randomuser.me/api/portraits/med/women/87.jpg', 'thumbnail': 'https://randomuser.me/api/portraits/thumb/women/87.jpg'}, 'nat': 'MX'}], 'info': {'seed': '7f682230b15cc597', 'results': 1, 'page': 1, 'version': '1.4'}}</msg>
<arg>${json_data}</arg>
<doc>Logs the given message with the given level.</doc>
<status status="PASS" start="2024-04-20T02:20:57.171289" elapsed="0.000202"/>
</kw>
<kw name="Should Be String" owner="String">
<arg>${json_data['results'][0]['gender']}</arg>
<doc>Fails if the given ``item`` is not a string.</doc>
<status status="PASS" start="2024-04-20T02:20:57.171815" elapsed="0.000368"/>
</kw>
<kw name="Should Match Regexp" owner="BuiltIn">
<arg>${json_data['results'][0]['email']}</arg>
<arg>^[a-zA-Z0-9._%+-]+@[a-zA-Z0-9.-]+\.[a-zA-Z]{2,}$</arg>
<doc>Fails if ``string`` does not match ``pattern`` as a regular expression.</doc>
<status status="PASS" start="2024-04-20T02:20:57.172373" elapsed="0.000557"/>
</kw>
<kw name="Should Match Regexp" owner="BuiltIn">
<arg>${json_data['results'][0]['dob']['date']}</arg>
<arg>\\d{4}-\\d{2}-\\d{2}T\\d{2}:\\d{2}:\\d{2}\\.\\d{3}Z</arg>
<doc>Fails if ``string`` does not match ``pattern`` as a regular expression.</doc>
<status status="PASS" start="2024-04-20T02:20:57.173127" elapsed="0.000486"/>
</kw>
<kw name="Should Match Regexp" owner="BuiltIn">
<arg>${json_data['results'][0]['registered']['date']}</arg>
<arg>\\d{4}-\\d{2}-\\d{2}T\\d{2}:\\d{2}:\\d{2}\\.\\d{3}Z</arg>
<doc>Fails if ``string`` does not match ``pattern`` as a regular expression.</doc>
<status status="PASS" start="2024-04-20T02:20:57.173804" elapsed="0.000375"/>
</kw>
<kw name="Should Match Regexp" owner="BuiltIn">
<arg>${json_data['results'][0]['picture']['large']}</arg>
<arg>^https?://.*\.(?:png|jpe?g|gif|bmp)$</arg>
<doc>Fails if ``string`` does not match ``pattern`` as a regular expression.</doc>
<status status="PASS" start="2024-04-20T02:20:57.174392" elapsed="0.000468"/>
</kw>
<kw name="Should Match Regexp" owner="BuiltIn">
<arg>${json_data['results'][0]['picture']['medium']}</arg>
<arg>^https?://.*\.(?:png|jpe?g|gif|bmp)$</arg>
<doc>Fails if ``string`` does not match ``pattern`` as a regular expression.</doc>
<status status="PASS" start="2024-04-20T02:20:57.175048" elapsed="0.000360"/>
</kw>
<kw name="Should Match Regexp" owner="BuiltIn">
<arg>${json_data['results'][0]['picture']['thumbnail']}</arg>
<arg>^https?://.*\.(?:png|jpe?g|gif|bmp)$</arg>
<doc>Fails if ``string`` does not match ``pattern`` as a regular expression.</doc>
<status status="PASS" start="2024-04-20T02:20:57.175598" elapsed="0.000350"/>
</kw>
<kw name="Log" owner="BuiltIn">
<msg time="2024-04-20T02:20:57.176448" level="INFO">{'large': 'https://randomuser.me/api/portraits/women/87.jpg', 'medium': 'https://randomuser.me/api/portraits/med/women/87.jpg', 'thumbnail': 'https://randomuser.me/api/portraits/thumb/women/87.jpg'}</msg>
<arg>${json_data['results'][0]['picture']}</arg>
<doc>Logs the given message with the given level.</doc>
<status status="PASS" start="2024-04-20T02:20:57.176127" elapsed="0.000362"/>
</kw>
<status status="PASS" start="2024-04-20T02:20:57.077098" elapsed="0.099681"/>
</kw>
<kw name="Teste de Tipos de Dados - Postcode" owner="random-user-service">
<kw name="GET On Session" owner="RequestsLibrary">
<msg time="2024-04-20T02:20:57.281965" level="INFO">GET Request : url=https://randomuser.me/api 
 path_url=/api 
 headers={'User-Agent': 'python-requests/2.31.0', 'Accept-Encoding': 'gzip, deflate', 'Accept': '*/*', 'Connection': 'keep-alive'} 
 body=None 
 </msg>
<msg time="2024-04-20T02:20:57.282076" level="INFO">GET Response : url=https://randomuser.me/api 
 status=200, reason=OK 
 headers={'Date': 'Sat, 20 Apr 2024 02:20:57 GMT', 'Content-Type': 'application/json; charset=utf-8', 'Transfer-Encoding': 'chunked', 'Connection': 'keep-alive', 'X-Powered-By': 'Express', 'Access-Control-Allow-Origin': '*', 'Cache-Control': 'no-cache', 'ETag': 'W/"476-IOEN7e11kt9BVOmKOCDEwrQon6Q"', 'Vary': 'Accept-Encoding', 'Content-Encoding': 'gzip', 'CF-Cache-Status': 'DYNAMIC', 'Report-To': '{"endpoints":[{"url":"https:\\/\\/a.nel.cloudflare.com\\/report\\/v4?s=WJ4xvIJkDEbadW%2BxCugcRIKosaSsDv9WPe%2Byu22JARd6kUF2Qf3ccBwPG5QbZFVr98gg3CRkZ1PP16nhgEa24xySUlRmqNvcP7eSSoSGALOtS%2B07QYOYeQUw4UhRthJ2"}],"group":"cf-nel","max_age":604800}', 'NEL': '{"success_fraction":0,"report_to":"cf-nel","max_age":604800}', 'Server': 'cloudflare', 'CF-RAY': '8771a8796e5016a4-SJC', 'alt-svc': 'h3=":443"; ma=86400'} 
 body={"results":[{"gender":"male","name":{"title":"Mr","first":"Parth","last":"Manjunath"},"location":{"street":{"number":2075,"name":"S.A Rd"},"city":"Kollam","state":"Assam","country":"India","postcode":99197,"coordinates":{"latitude":"6.4453","longitude":"-113.4625"},"timezone":{"offset":"+7:00","description":"Bangkok, Hanoi, Jakarta"}},"email":"parth.manjunath@example.com","login":{"uuid":"b7d3c81f-7f07-4638-a97e-38e211daaf31","username":"heavytiger301","password":"mountain","salt":"D7bDAmF3","md5":"ccb391de72eb1ea8b1463dd64df9c899","sha1":"d0a454e4351d23e1ef3d145d798036b389c1f665","sha256":"db1e385105c9dd4ae3ecac282dfcdb12df5320dd549656087367efd5b4a83d25"},"dob":{"date":"1973-05-15T19:37:04.480Z","age":50},"registered":{"date":"2020-10-16T09:55:55.064Z","age":3},"phone":"7186691145","cell":"8222430236","id":{"name":"UIDAI","value":"903432467115"},"picture":{"large":"https://randomuser.me/api/portraits/men/17.jpg","medium":"https://randomuser.me/api/portraits/med/men/17.jpg","thumbnail":"https://randomuser.me/api/portraits/thumb/men/17.jpg"},"nat":"IN"}],"info":{"seed":"dd117a84c0ae5c19","results":1,"page":1,"version":"1.4"}} 
 </msg>
<msg time="2024-04-20T02:20:57.282158" level="INFO">/opt/hostedtoolcache/Python/3.12.3/x64/lib/python3.12/site-packages/urllib3/connectionpool.py:1103: InsecureRequestWarning: Unverified HTTPS request is being made to host 'randomuser.me'. Adding certificate verification is strongly advised. See: https://urllib3.readthedocs.io/en/latest/advanced-usage.html#tls-warnings
  warnings.warn(</msg>
<msg time="2024-04-20T02:20:57.282298" level="INFO">${response} = &lt;Response [200]&gt;</msg>
<var>${response}</var>
<arg>consultarAPI</arg>
<arg>/api</arg>
<doc>Sends a GET request on a previously created HTTP Session.</doc>
<status status="PASS" start="2024-04-20T02:20:57.177253" elapsed="0.105085"/>
</kw>
<kw name="Set Variable" owner="BuiltIn">
<msg time="2024-04-20T02:20:57.283431" level="INFO">${json_data} = {'results': [{'gender': 'male', 'name': {'title': 'Mr', 'first': 'Parth', 'last': 'Manjunath'}, 'location': {'street': {'number': 2075, 'name': 'S.A Rd'}, 'city': 'Kollam', 'state': 'Assam', 'country'...</msg>
<var>${json_data}</var>
<arg>${response.json()}</arg>
<doc>Returns the given values which can then be assigned to a variables.</doc>
<status status="PASS" start="2024-04-20T02:20:57.282901" elapsed="0.000558"/>
</kw>
<kw name="Log" owner="BuiltIn">
<msg time="2024-04-20T02:20:57.283925" level="INFO">{'results': [{'gender': 'male', 'name': {'title': 'Mr', 'first': 'Parth', 'last': 'Manjunath'}, 'location': {'street': {'number': 2075, 'name': 'S.A Rd'}, 'city': 'Kollam', 'state': 'Assam', 'country': 'India', 'postcode': 99197, 'coordinates': {'latitude': '6.4453', 'longitude': '-113.4625'}, 'timezone': {'offset': '+7:00', 'description': 'Bangkok, Hanoi, Jakarta'}}, 'email': 'parth.manjunath@example.com', 'login': {'uuid': 'b7d3c81f-7f07-4638-a97e-38e211daaf31', 'username': 'heavytiger301', 'password': 'mountain', 'salt': 'D7bDAmF3', 'md5': 'ccb391de72eb1ea8b1463dd64df9c899', 'sha1': 'd0a454e4351d23e1ef3d145d798036b389c1f665', 'sha256': 'db1e385105c9dd4ae3ecac282dfcdb12df5320dd549656087367efd5b4a83d25'}, 'dob': {'date': '1973-05-15T19:37:04.480Z', 'age': 50}, 'registered': {'date': '2020-10-16T09:55:55.064Z', 'age': 3}, 'phone': '7186691145', 'cell': '8222430236', 'id': {'name': 'UIDAI', 'value': '903432467115'}, 'picture': {'large': 'https://randomuser.me/api/portraits/men/17.jpg', 'medium': 'https://randomuser.me/api/portraits/med/men/17.jpg', 'thumbnail': 'https://randomuser.me/api/portraits/thumb/men/17.jpg'}, 'nat': 'IN'}], 'info': {'seed': 'dd117a84c0ae5c19', 'results': 1, 'page': 1, 'version': '1.4'}}</msg>
<arg>${json_data}</arg>
<doc>Logs the given message with the given level.</doc>
<status status="PASS" start="2024-04-20T02:20:57.283770" elapsed="0.000201"/>
</kw>
<kw name="Should Be Equal As Numbers" owner="BuiltIn">
<arg>${json_data['results'][0]['location']['postcode']}</arg>
<arg>${json_data['results'][0]['location']['postcode']}</arg>
<doc>Fails if objects are unequal after converting them to real numbers.</doc>
<status status="PASS" start="2024-04-20T02:20:57.284448" elapsed="0.000672"/>
</kw>
<kw name="Log" owner="BuiltIn">
<msg time="2024-04-20T02:20:57.285686" level="INFO">99197</msg>
<arg>${json_data['results'][0]['location']['postcode']}</arg>
<doc>Logs the given message with the given level.</doc>
<status status="PASS" start="2024-04-20T02:20:57.285350" elapsed="0.000375"/>
</kw>
<status status="PASS" start="2024-04-20T02:20:57.177011" elapsed="0.108968"/>
</kw>
<doc>Testa se os tipos de dados na resposta da API estão corretos.</doc>
<tag>testeTiposDados</tag>
<status status="PASS" start="2024-04-20T02:20:57.076580" elapsed="0.209569"/>
</test>
<test id="s1-s1-t5" name="Validar conteudo" line="35">
<kw name="Teste de Tipos de Conteudo" owner="random-user-service">
<kw name="GET On Session" owner="RequestsLibrary">
<msg time="2024-04-20T02:20:57.373782" level="INFO">GET Request : url=https://randomuser.me/api 
 path_url=/api 
 headers={'User-Agent': 'python-requests/2.31.0', 'Accept-Encoding': 'gzip, deflate', 'Accept': '*/*', 'Connection': 'keep-alive'} 
 body=None 
 </msg>
<msg time="2024-04-20T02:20:57.373894" level="INFO">GET Response : url=https://randomuser.me/api 
 status=200, reason=OK 
 headers={'Date': 'Sat, 20 Apr 2024 02:20:57 GMT', 'Content-Type': 'application/json; charset=utf-8', 'Transfer-Encoding': 'chunked', 'Connection': 'keep-alive', 'X-Powered-By': 'Express', 'Access-Control-Allow-Origin': '*', 'Cache-Control': 'no-cache', 'ETag': 'W/"495-eoTixA+f6XGIIDS5FhxKlSTEUWM"', 'Vary': 'Accept-Encoding', 'Content-Encoding': 'gzip', 'CF-Cache-Status': 'DYNAMIC', 'Report-To': '{"endpoints":[{"url":"https:\\/\\/a.nel.cloudflare.com\\/report\\/v4?s=DU8IuT2jp5TZeu%2BcjfT0NKNDbUzPI46gpdr5X2LjUUsPOZX%2BFL46R5erCkn4YlUp9wxINPMIClTCqpbCjXJO%2FhHalQiP1fuV7vEcxpjjkGYn%2FPd994dQyvt%2FAbJs9uOR"}],"group":"cf-nel","max_age":604800}', 'NEL': '{"success_fraction":0,"report_to":"cf-nel","max_age":604800}', 'Server': 'cloudflare', 'CF-RAY': '8771a87a1f0d16a4-SJC', 'alt-svc': 'h3=":443"; ma=86400'} 
 body={"results":[{"gender":"female","name":{"title":"Ms","first":"Lucy","last":"Fowler"},"location":{"street":{"number":2015,"name":"E North St"},"city":"Port Macquarie","state":"Tasmania","country":"Australia","postcode":8213,"coordinates":{"latitude":"-89.3302","longitude":"72.0129"},"timezone":{"offset":"+10:00","description":"Eastern Australia, Guam, Vladivostok"}},"email":"lucy.fowler@example.com","login":{"uuid":"94cf33ab-03d9-4e81-b3fd-6c3cfd6513fe","username":"smallkoala811","password":"wildcard","salt":"m1M6HeEn","md5":"960e58e50d68d2fa98f8f55aea81a8c3","sha1":"f2184fe80ed3952b6633d85346488c3361cd38d9","sha256":"6c373e8f2579b40d2bb04951923f7ebc0e31bf9d197fd0fd4a3249809e6bbb8e"},"dob":{"date":"1956-09-26T05:18:37.786Z","age":67},"registered":{"date":"2017-12-11T22:07:40.112Z","age":6},"phone":"08-3311-9986","cell":"0425-153-210","id":{"name":"TFN","value":"876176192"},"picture":{"large":"https://randomuser.me/api/portraits/women/93.jpg","medium":"https://randomuser.me/api/portraits/med/women/93.jpg","thumbnail":"https://randomuser.me/api/portraits/thumb/women/93.jpg"},"nat":"AU"}],"info":{"seed":"31116c777e9c6108","results":1,"page":1,"version":"1.4"}} 
 </msg>
<msg time="2024-04-20T02:20:57.373982" level="INFO">/opt/hostedtoolcache/Python/3.12.3/x64/lib/python3.12/site-packages/urllib3/connectionpool.py:1103: InsecureRequestWarning: Unverified HTTPS request is being made to host 'randomuser.me'. Adding certificate verification is strongly advised. See: https://urllib3.readthedocs.io/en/latest/advanced-usage.html#tls-warnings
  warnings.warn(</msg>
<msg time="2024-04-20T02:20:57.374121" level="INFO">${response} = &lt;Response [200]&gt;</msg>
<var>${response}</var>
<arg>consultarAPI</arg>
<arg>/api</arg>
<doc>Sends a GET request on a previously created HTTP Session.</doc>
<status status="PASS" start="2024-04-20T02:20:57.289005" elapsed="0.085164"/>
</kw>
<kw name="Set Variable" owner="BuiltIn">
<msg time="2024-04-20T02:20:57.375306" level="INFO">${json_data} = {'results': [{'gender': 'female', 'name': {'title': 'Ms', 'first': 'Lucy', 'last': 'Fowler'}, 'location': {'street': {'number': 2015, 'name': 'E North St'}, 'city': 'Port Macquarie', 'state': 'Tasmani...</msg>
<var>${json_data}</var>
<arg>${response.json()}</arg>
<doc>Returns the given values which can then be assigned to a variables.</doc>
<status status="PASS" start="2024-04-20T02:20:57.374733" elapsed="0.000616"/>
</kw>
<kw name="Set Variable" owner="BuiltIn">
<msg time="2024-04-20T02:20:57.376095" level="INFO">${name_title} = Ms</msg>
<var>${name_title}</var>
<arg>${json_data["results"][0]["name"]["title"]}</arg>
<doc>Returns the given values which can then be assigned to a variables.</doc>
<status status="PASS" start="2024-04-20T02:20:57.375689" elapsed="0.000432"/>
</kw>
<kw name="Create List" owner="BuiltIn">
<msg time="2024-04-20T02:20:57.376584" level="INFO">${allowed_titles} = ['Mr', 'Ms', 'Miss', 'Mrs', 'Madame', 'Monsieur']</msg>
<var>${allowed_titles}</var>
<arg>Mr</arg>
<arg>Ms</arg>
<arg>Miss</arg>
<arg>Mrs</arg>
<arg>Madame</arg>
<arg>Monsieur</arg>
<doc>Returns a list containing given items.</doc>
<status status="PASS" start="2024-04-20T02:20:57.376431" elapsed="0.000178"/>
</kw>
<kw name="List Should Contain Value" owner="Collections">
<msg time="2024-04-20T02:20:57.377152" level="INFO">False</msg>
<arg>${allowed_titles}</arg>
<arg>${name_title}</arg>
<doc>Fails if the ``value`` is not found from ``list``.</doc>
<status status="PASS" start="2024-04-20T02:20:57.376969" elapsed="0.000222"/>
</kw>
<kw name="Set Variable" owner="BuiltIn">
<msg time="2024-04-20T02:20:57.377985" level="INFO">${name_country} = AU</msg>
<var>${name_country}</var>
<arg>${json_data["results"][0]["nat"]}</arg>
<doc>Returns the given values which can then be assigned to a variables.</doc>
<status status="PASS" start="2024-04-20T02:20:57.377540" elapsed="0.000471"/>
</kw>
<kw name="Create List" owner="BuiltIn">
<msg time="2024-04-20T02:20:57.378897" level="INFO">${list_country} = ['AD', 'AE', 'AF', 'AG', 'AI', 'AL', 'AM', 'AO', 'AQ', 'AR', 'AS', 'AT', 'AU', 'AW', 'AX', 'AZ', 'BA', 'BB', 'BD', 'BE', 'BF', 'BG', 'BH', 'BI', 'BJ', 'BL', 'BM', 'BN', 'BO', 'BQ', 'BR', 'BS', 'BT', '...</msg>
<var>${list_country}</var>
<arg>AD</arg>
<arg>AE</arg>
<arg>AF</arg>
<arg>AG</arg>
<arg>AI</arg>
<arg>AL</arg>
<arg>AM</arg>
<arg>AO</arg>
<arg>AQ</arg>
<arg>AR</arg>
<arg>AS</arg>
<arg>AT</arg>
<arg>AU</arg>
<arg>AW</arg>
<arg>AX</arg>
<arg>AZ</arg>
<arg>BA</arg>
<arg>BB</arg>
<arg>BD</arg>
<arg>BE</arg>
<arg>BF</arg>
<arg>BG</arg>
<arg>BH</arg>
<arg>BI</arg>
<arg>BJ</arg>
<arg>BL</arg>
<arg>BM</arg>
<arg>BN</arg>
<arg>BO</arg>
<arg>BQ</arg>
<arg>BR</arg>
<arg>BS</arg>
<arg>BT</arg>
<arg>BV</arg>
<arg>BW</arg>
<arg>BY</arg>
<arg>BZ</arg>
<arg>CA</arg>
<arg>CC</arg>
<arg>CD</arg>
<arg>CF</arg>
<arg>CG</arg>
<arg>CH</arg>
<arg>CI</arg>
<arg>CK</arg>
<arg>CL</arg>
<arg>CM</arg>
<arg>CN</arg>
<arg>CO</arg>
<arg>CR</arg>
<arg>CU</arg>
<arg>CV</arg>
<arg>CW</arg>
<arg>CX</arg>
<arg>CY</arg>
<arg>CZ</arg>
<arg>DE</arg>
<arg>DJ</arg>
<arg>DK</arg>
<arg>DM</arg>
<arg>DO</arg>
<arg>DZ</arg>
<arg>EC</arg>
<arg>EE</arg>
<arg>EG</arg>
<arg>EH</arg>
<arg>ER</arg>
<arg>ES</arg>
<arg>ET</arg>
<arg>FI</arg>
<arg>FJ</arg>
<arg>FK</arg>
<arg>FM</arg>
<arg>FO</arg>
<arg>FR</arg>
<arg>GA</arg>
<arg>GB</arg>
<arg>GD</arg>
<arg>GE</arg>
<arg>GF</arg>
<arg>GG</arg>
<arg>GH</arg>
<arg>GI</arg>
<arg>GL</arg>
<arg>GM</arg>
<arg>GN</arg>
<arg>GP</arg>
<arg>GQ</arg>
<arg>GR</arg>
<arg>GS</arg>
<arg>GT</arg>
<arg>GU</arg>
<arg>GW</arg>
<arg>GY</arg>
<arg>HK</arg>
<arg>HM</arg>
<arg>HN</arg>
<arg>HR</arg>
<arg>HT</arg>
<arg>HU</arg>
<arg>ID</arg>
<arg>IE</arg>
<arg>IL</arg>
<arg>IM</arg>
<arg>IN</arg>
<arg>IO</arg>
<arg>IQ</arg>
<arg>IR</arg>
<arg>IS</arg>
<arg>IT</arg>
<arg>JE</arg>
<arg>JM</arg>
<arg>JO</arg>
<arg>JP</arg>
<arg>KE</arg>
<arg>KG</arg>
<arg>KH</arg>
<arg>KI</arg>
<arg>KM</arg>
<arg>KN</arg>
<arg>KP</arg>
<arg>KR</arg>
<arg>KW</arg>
<arg>KY</arg>
<arg>KZ</arg>
<arg>LA</arg>
<arg>LB</arg>
<arg>LC</arg>
<arg>LI</arg>
<arg>LK</arg>
<arg>LR</arg>
<arg>LS</arg>
<arg>LT</arg>
<arg>LU</arg>
<arg>LV</arg>
<arg>LY</arg>
<arg>MA</arg>
<arg>MC</arg>
<arg>MD</arg>
<arg>ME</arg>
<arg>MF</arg>
<arg>MG</arg>
<arg>MH</arg>
<arg>MK</arg>
<arg>ML</arg>
<arg>MM</arg>
<arg>MN</arg>
<arg>MO</arg>
<arg>MP</arg>
<arg>MQ</arg>
<arg>MR</arg>
<arg>MS</arg>
<arg>MT</arg>
<arg>MU</arg>
<arg>MV</arg>
<arg>MW</arg>
<arg>MX</arg>
<arg>MY</arg>
<arg>MZ</arg>
<arg>NA</arg>
<arg>NC</arg>
<arg>NE</arg>
<arg>NF</arg>
<arg>NG</arg>
<arg>NI</arg>
<arg>NL</arg>
<arg>NO</arg>
<arg>NP</arg>
<arg>NR</arg>
<arg>NU</arg>
<arg>NZ</arg>
<arg>OM</arg>
<arg>PA</arg>
<arg>PE</arg>
<arg>PF</arg>
<arg>PG</arg>
<arg>PH</arg>
<arg>PK</arg>
<arg>PL</arg>
<arg>PM</arg>
<arg>PN</arg>
<arg>PR</arg>
<arg>PS</arg>
<arg>PT</arg>
<arg>PW</arg>
<arg>PY</arg>
<arg>QA</arg>
<arg>RE</arg>
<arg>RO</arg>
<arg>RS</arg>
<arg>RU</arg>
<arg>RW</arg>
<arg>SA</arg>
<arg>SB</arg>
<arg>SC</arg>
<arg>SD</arg>
<arg>SE</arg>
<arg>SG</arg>
<arg>SH</arg>
<arg>SI</arg>
<arg>SJ</arg>
<arg>SK</arg>
<arg>SL</arg>
<arg>SM</arg>
<arg>SN</arg>
<arg>SO</arg>
<arg>SR</arg>
<arg>SS</arg>
<arg>ST</arg>
<arg>SV</arg>
<arg>SX</arg>
<arg>SY</arg>
<arg>SZ</arg>
<arg>TC</arg>
<arg>TD</arg>
<arg>TF</arg>
<arg>TG</arg>
<arg>TH</arg>
<arg>TJ</arg>
<arg>TK</arg>
<arg>TL</arg>
<arg>TM</arg>
<arg>TN</arg>
<arg>TO</arg>
<arg>TR</arg>
<arg>TT</arg>
<arg>TV</arg>
<arg>TW</arg>
<arg>TZ</arg>
<arg>UA</arg>
<arg>UG</arg>
<arg>UM</arg>
<arg>US</arg>
<arg>UY</arg>
<arg>UZ</arg>
<arg>VA</arg>
<arg>VC</arg>
<arg>VE</arg>
<arg>VG</arg>
<arg>VI</arg>
<arg>VN</arg>
<arg>VU</arg>
<arg>WF</arg>
<arg>WS</arg>
<arg>XK</arg>
<arg>YE</arg>
<arg>YT</arg>
<arg>ZA</arg>
<arg>ZM</arg>
<arg>ZW</arg>
<doc>Returns a list containing given items.</doc>
<status status="PASS" start="2024-04-20T02:20:57.378320" elapsed="0.000602"/>
</kw>
<kw name="List Should Contain Value" owner="Collections">
<msg time="2024-04-20T02:20:57.379916" level="INFO">False</msg>
<arg>${list_country}</arg>
<arg>${name_country}</arg>
<doc>Fails if the ``value`` is not found from ``list``.</doc>
<status status="PASS" start="2024-04-20T02:20:57.379717" elapsed="0.000236"/>
</kw>
<kw name="Run Keyword If" owner="BuiltIn">
<kw name="Should Be True" owner="BuiltIn">
<arg>${True}</arg>
<doc>Fails if the given condition is not true.</doc>
<status status="PASS" start="2024-04-20T02:20:57.381074" elapsed="0.000269"/>
</kw>
<arg>${json_data["results"][0]["location"]["coordinates"]["latitude"]} &gt;= -90 and ${json_data["results"][0]["location"]["coordinates"]["latitude"]} &lt;= 90</arg>
<arg>Should Be True</arg>
<arg>${True}</arg>
<doc>Runs the given keyword with the given arguments, if ``condition`` is true.</doc>
<status status="PASS" start="2024-04-20T02:20:57.380271" elapsed="0.001216"/>
</kw>
<kw name="Run Keyword If" owner="BuiltIn">
<kw name="Should Be True" owner="BuiltIn">
<arg>${True}</arg>
<doc>Fails if the given condition is not true.</doc>
<status status="PASS" start="2024-04-20T02:20:57.382382" elapsed="0.000139"/>
</kw>
<arg>${json_data["results"][0]["location"]["coordinates"]["longitude"]} &gt;= -180 and ${json_data["results"][0]["location"]["coordinates"]["longitude"]} &lt;= 180</arg>
<arg>Should Be True</arg>
<arg>${True}</arg>
<doc>Runs the given keyword with the given arguments, if ``condition`` is true.</doc>
<status status="PASS" start="2024-04-20T02:20:57.381676" elapsed="0.000970"/>
</kw>
<status status="PASS" start="2024-04-20T02:20:57.288599" elapsed="0.094181"/>
</kw>
<doc>Testa o conteúdo específico dos campos retornados pela API.</doc>
<tag>testeConteudo</tag>
<status status="PASS" start="2024-04-20T02:20:57.287930" elapsed="0.095007"/>
</test>
<status status="PASS" start="2024-04-20T02:20:56.427027" elapsed="0.957965"/>
</suite>
<status status="PASS" start="2024-04-20T02:20:56.412575" elapsed="0.977669"/>
</suite>
<statistics>
<total>
<stat pass="5" fail="0" skip="0">All Tests</stat>
</total>
<tag>
<stat pass="1" fail="0" skip="0">testeConteudo</stat>
<stat pass="1" fail="0" skip="0">testeEstruturaResposta</stat>
<stat pass="1" fail="0" skip="0">testeRequisicaoBasica</stat>
<stat pass="1" fail="0" skip="0">testeTiposDados</stat>
</tag>
<suite>
<stat pass="5" fail="0" skip="0" id="s1" name="Tests">Tests</stat>
<stat pass="5" fail="0" skip="0" id="s1-s1" name="Random-User-Test">Tests.Random-User-Test</stat>
</suite>
</statistics>
<errors>
</errors>
</robot>
