<?xml version="1.0" encoding="UTF-8"?>
<robot generator="Robot 7.0.1 (Python 3.12.4 on linux)" generated="2024-08-06T03:17:21.240637" rpa="false" schemaversion="5">
<suite id="s1" name="Tests" source="/home/runner/work/ApiRandomUser/ApiRandomUser/RamdonUser/tests">
<suite id="s1-s1" name="Random-User-Test" source="/home/runner/work/ApiRandomUser/ApiRandomUser/RamdonUser/tests/random-user-test.robot">
<test id="s1-s1-t1" name="Conectar" line="13">
<kw name="Conectar API" owner="random-user-service">
<kw name="Create Session" owner="RequestsLibrary">
<msg time="2024-08-06T03:17:21.638768" level="INFO">Creating Session using : alias=consultarAPI, url=https://randomuser.me/, headers={},                     cookies={}, auth=None, timeout=None, proxies=None, verify=False,                     debug=0 </msg>
<arg>consultarAPI</arg>
<arg>${URL}</arg>
<doc>Create Session: create a HTTP session to a server</doc>
<status status="PASS" start="2024-08-06T03:17:21.638561" elapsed="0.000413"/>
</kw>
<status status="PASS" start="2024-08-06T03:17:21.637480" elapsed="0.001867"/>
</kw>
<status status="PASS" start="2024-08-06T03:17:21.636861" elapsed="0.002680"/>
</test>
<test id="s1-s1-t2" name="Validar retorno 200 e JSON Válido" line="16">
<kw name="Teste de Requisicao Basica" owner="random-user-service">
<kw name="GET On Session" owner="RequestsLibrary">
<msg time="2024-08-06T03:17:21.713594" level="INFO">GET Request : url=https://randomuser.me/api 
 path_url=/api 
 headers={'User-Agent': 'python-requests/2.32.3', 'Accept-Encoding': 'gzip, deflate', 'Accept': '*/*', 'Connection': 'keep-alive'} 
 body=None 
 </msg>
<msg time="2024-08-06T03:17:21.713754" level="INFO">GET Response : url=https://randomuser.me/api 
 status=200, reason=OK 
 headers={'Date': 'Tue, 06 Aug 2024 03:17:21 GMT', 'Content-Type': 'application/json; charset=utf-8', 'Transfer-Encoding': 'chunked', 'Connection': 'keep-alive', 'X-Powered-By': 'Express', 'Access-Control-Allow-Origin': '*', 'Cache-Control': 'no-cache', 'ETag': 'W/"468-JgCSi8OQtyIAAJUdn7gLhBdlAjk"', 'Vary': 'Accept-Encoding', 'Content-Encoding': 'gzip', 'CF-Cache-Status': 'DYNAMIC', 'Report-To': '{"endpoints":[{"url":"https:\\/\\/a.nel.cloudflare.com\\/report\\/v4?s=Ke8y1%2B%2FF%2BChDR9DakOG6C6XMLYeDoVy3rJVBvA7oxAuUwo01w7PRaAZndaKzfwN5yw%2BL9lNhHelxIOcG68XweQcZoRbB%2Fun7qIZlWszigESE17Ipon%2FI%2Brt1Qfo%2F%2B9VU"}],"group":"cf-nel","max_age":604800}', 'NEL': '{"success_fraction":0,"report_to":"cf-nel","max_age":604800}', 'Server': 'cloudflare', 'CF-RAY': '8aebdf9a7c3a3b78-IAD', 'alt-svc': 'h3=":443"; ma=86400'} 
 body={"results":[{"gender":"female","name":{"title":"Miss","first":"Meral","last":"Adal"},"location":{"street":{"number":8121,"name":"Necatibey Cd"},"city":"Mardin","state":"Antalya","country":"Turkey","postcode":95335,"coordinates":{"latitude":"65.1141","longitude":"99.3024"},"timezone":{"offset":"+5:45","description":"Kathmandu"}},"email":"meral.adal@example.com","login":{"uuid":"a00cc891-f1b6-4bf7-ba94-b391e00b15d6","username":"brownpanda309","password":"mental","salt":"fTyR7DoN","md5":"a776bb5c065fb84f7e13f1dc354e28b2","sha1":"3f7d39eb70dff12ae78ec28154025dbcd2488704","sha256":"333a98a4b5c650d2d2bd9287554f4e70bd761814dd08311fe07429fe19aeeee2"},"dob":{"date":"1979-07-07T04:00:11.485Z","age":45},"registered":{"date":"2004-06-17T04:37:02.344Z","age":20},"phone":"(006)-038-3191","cell":"(005)-991-3209","id":{"name":"","value":null},"picture":{"large":"https://randomuser.me/api/portraits/women/88.jpg","medium":"https://randomuser.me/api/portraits/med/women/88.jpg","thumbnail":"https://randomuser.me/api/portraits/thumb/women/88.jpg"},"nat":"TR"}],"info":{"seed":"c9ca20b729d23e60","results":1,"page":1,"version":"1.4"}} 
 </msg>
<msg time="2024-08-06T03:17:21.713834" level="INFO">/opt/hostedtoolcache/Python/3.12.4/x64/lib/python3.12/site-packages/urllib3/connectionpool.py:1099: InsecureRequestWarning: Unverified HTTPS request is being made to host 'randomuser.me'. Adding certificate verification is strongly advised. See: https://urllib3.readthedocs.io/en/latest/advanced-usage.html#tls-warnings
  warnings.warn(</msg>
<msg time="2024-08-06T03:17:21.713984" level="INFO">${response} = &lt;Response [200]&gt;</msg>
<var>${response}</var>
<arg>consultarAPI</arg>
<arg>/api</arg>
<doc>Sends a GET request on a previously created HTTP Session.</doc>
<status status="PASS" start="2024-08-06T03:17:21.642132" elapsed="0.071892"/>
</kw>
<kw name="Should Be Equal As Numbers" owner="BuiltIn">
<msg time="2024-08-06T03:17:21.715014" level="INFO">Argument types are:
&lt;class 'int'&gt;
&lt;class 'str'&gt;</msg>
<arg>${response.status_code}</arg>
<arg>200</arg>
<doc>Fails if objects are unequal after converting them to real numbers.</doc>
<status status="PASS" start="2024-08-06T03:17:21.714556" elapsed="0.000523"/>
</kw>
<kw name="Log" owner="BuiltIn">
<msg time="2024-08-06T03:17:21.715734" level="INFO">200</msg>
<arg>${response.status_code}</arg>
<doc>Logs the given message with the given level.</doc>
<status status="PASS" start="2024-08-06T03:17:21.715388" elapsed="0.000389"/>
</kw>
<kw name="Set Variable" owner="BuiltIn">
<msg time="2024-08-06T03:17:21.716519" level="INFO">${json_data} = {'results': [{'gender': 'female', 'name': {'title': 'Miss', 'first': 'Meral', 'last': 'Adal'}, 'location': {'street': {'number': 8121, 'name': 'Necatibey Cd'}, 'city': 'Mardin', 'state': 'Antalya', 'c...</msg>
<var>${json_data}</var>
<arg>${response.json()}</arg>
<doc>Returns the given values which can then be assigned to a variables.</doc>
<status status="PASS" start="2024-08-06T03:17:21.716082" elapsed="0.000465"/>
</kw>
<kw name="Dictionary Should Contain Key" owner="Collections">
<arg>${json_data}</arg>
<arg>results</arg>
<doc>Fails if ``key`` is not found from ``dictionary``.</doc>
<status status="PASS" start="2024-08-06T03:17:21.716843" elapsed="0.000351"/>
</kw>
<status status="PASS" start="2024-08-06T03:17:21.641888" elapsed="0.075463"/>
</kw>
<doc>Testa se a API responde corretamente e retorna um objeto JSON válido.</doc>
<tag>testeRequisicaoBasica</tag>
<status status="PASS" start="2024-08-06T03:17:21.641432" elapsed="0.076095"/>
</test>
<test id="s1-s1-t3" name="Validar estrutura de resposta" line="22">
<kw name="Teste de Estrutura de Resposta" owner="random-user-service">
<kw name="GET On Session" owner="RequestsLibrary">
<msg time="2024-08-06T03:17:21.829567" level="INFO">GET Request : url=https://randomuser.me/api 
 path_url=/api 
 headers={'User-Agent': 'python-requests/2.32.3', 'Accept-Encoding': 'gzip, deflate', 'Accept': '*/*', 'Connection': 'keep-alive'} 
 body=None 
 </msg>
<msg time="2024-08-06T03:17:21.829666" level="INFO">GET Response : url=https://randomuser.me/api 
 status=200, reason=OK 
 headers={'Date': 'Tue, 06 Aug 2024 03:17:21 GMT', 'Content-Type': 'application/json; charset=utf-8', 'Transfer-Encoding': 'chunked', 'Connection': 'keep-alive', 'X-Powered-By': 'Express', 'Access-Control-Allow-Origin': '*', 'Cache-Control': 'no-cache', 'ETag': 'W/"475-BsSEfTABdfG19UDRiDwMk3mcbik"', 'Vary': 'Accept-Encoding', 'Content-Encoding': 'gzip', 'CF-Cache-Status': 'DYNAMIC', 'Report-To': '{"endpoints":[{"url":"https:\\/\\/a.nel.cloudflare.com\\/report\\/v4?s=1WNW7CYXYxMsIk%2FgPvKVDdA9C07IjPBNFniaFHbF62%2BZJYI6psFKJisPmFZv13X4mvG5HYwRM%2F6UZBpdMSwtcmFY4jl260%2FjJFGzW18O6uuq5KtE%2BQrL3W2bDUyeVitI"}],"group":"cf-nel","max_age":604800}', 'NEL': '{"success_fraction":0,"report_to":"cf-nel","max_age":604800}', 'Server': 'cloudflare', 'CF-RAY': '8aebdf9acc803b78-IAD', 'alt-svc': 'h3=":443"; ma=86400'} 
 body={"results":[{"gender":"male","name":{"title":"Mr","first":"Emil","last":"Møller"},"location":{"street":{"number":7742,"name":"Toften"},"city":"Jystrup","state":"Nordjylland","country":"Denmark","postcode":20210,"coordinates":{"latitude":"-41.0258","longitude":"-145.8652"},"timezone":{"offset":"-1:00","description":"Azores, Cape Verde Islands"}},"email":"emil.moller@example.com","login":{"uuid":"496cd581-1f03-41d3-9fed-a98aeaa2c32c","username":"whitesnake669","password":"wolves","salt":"h8ale3p1","md5":"95297e6e162d3c21fb4fc5cfd0e372e6","sha1":"2c379ad019fa872d28fef84740d2f8700a042893","sha256":"ee0ea79ee20b177b9c33a997189741ea772f995b2ce1206792973f1174380c13"},"dob":{"date":"1977-10-17T06:02:00.133Z","age":46},"registered":{"date":"2012-05-23T10:53:03.907Z","age":12},"phone":"86618217","cell":"50536477","id":{"name":"CPR","value":"171077-7871"},"picture":{"large":"https://randomuser.me/api/portraits/men/65.jpg","medium":"https://randomuser.me/api/portraits/med/men/65.jpg","thumbnail":"https://randomuser.me/api/portraits/thumb/men/65.jpg"},"nat":"DK"}],"info":{"seed":"1b6139b2cc44b83b","results":1,"page":1,"version":"1.4"}} 
 </msg>
<msg time="2024-08-06T03:17:21.829790" level="INFO">/opt/hostedtoolcache/Python/3.12.4/x64/lib/python3.12/site-packages/urllib3/connectionpool.py:1099: InsecureRequestWarning: Unverified HTTPS request is being made to host 'randomuser.me'. Adding certificate verification is strongly advised. See: https://urllib3.readthedocs.io/en/latest/advanced-usage.html#tls-warnings
  warnings.warn(</msg>
<msg time="2024-08-06T03:17:21.829915" level="INFO">${response} = &lt;Response [200]&gt;</msg>
<var>${response}</var>
<arg>consultarAPI</arg>
<arg>/api</arg>
<doc>Sends a GET request on a previously created HTTP Session.</doc>
<status status="PASS" start="2024-08-06T03:17:21.720479" elapsed="0.109475"/>
</kw>
<kw name="Set Variable" owner="BuiltIn">
<msg time="2024-08-06T03:17:21.830966" level="INFO">${json_data} = {'results': [{'gender': 'male', 'name': {'title': 'Mr', 'first': 'Emil', 'last': 'Møller'}, 'location': {'street': {'number': 7742, 'name': 'Toften'}, 'city': 'Jystrup', 'state': 'Nordjylland', 'count...</msg>
<var>${json_data}</var>
<arg>${response.json()}</arg>
<doc>Returns the given values which can then be assigned to a variables.</doc>
<status status="PASS" start="2024-08-06T03:17:21.830443" elapsed="0.000554"/>
</kw>
<kw name="Log" owner="BuiltIn">
<msg time="2024-08-06T03:17:21.831473" level="INFO">{'results': [{'gender': 'male', 'name': {'title': 'Mr', 'first': 'Emil', 'last': 'Møller'}, 'location': {'street': {'number': 7742, 'name': 'Toften'}, 'city': 'Jystrup', 'state': 'Nordjylland', 'country': 'Denmark', 'postcode': 20210, 'coordinates': {'latitude': '-41.0258', 'longitude': '-145.8652'}, 'timezone': {'offset': '-1:00', 'description': 'Azores, Cape Verde Islands'}}, 'email': 'emil.moller@example.com', 'login': {'uuid': '496cd581-1f03-41d3-9fed-a98aeaa2c32c', 'username': 'whitesnake669', 'password': 'wolves', 'salt': 'h8ale3p1', 'md5': '95297e6e162d3c21fb4fc5cfd0e372e6', 'sha1': '2c379ad019fa872d28fef84740d2f8700a042893', 'sha256': 'ee0ea79ee20b177b9c33a997189741ea772f995b2ce1206792973f1174380c13'}, 'dob': {'date': '1977-10-17T06:02:00.133Z', 'age': 46}, 'registered': {'date': '2012-05-23T10:53:03.907Z', 'age': 12}, 'phone': '86618217', 'cell': '50536477', 'id': {'name': 'CPR', 'value': '171077-7871'}, 'picture': {'large': 'https://randomuser.me/api/portraits/men/65.jpg', 'medium': 'https://randomuser.me/api/portraits/med/men/65.jpg', 'thumbnail': 'https://randomuser.me/api/portraits/thumb/men/65.jpg'}, 'nat': 'DK'}], 'info': {'seed': '1b6139b2cc44b83b', 'results': 1, 'page': 1, 'version': '1.4'}}</msg>
<arg>${json_data}</arg>
<doc>Logs the given message with the given level.</doc>
<status status="PASS" start="2024-08-06T03:17:21.831305" elapsed="0.000221"/>
</kw>
<kw name="Dictionary Should Contain Key" owner="Collections">
<arg>${json_data}</arg>
<arg>results</arg>
<doc>Fails if ``key`` is not found from ``dictionary``.</doc>
<status status="PASS" start="2024-08-06T03:17:21.831819" elapsed="0.000167"/>
</kw>
<kw name="Should Not Be Empty" owner="BuiltIn">
<msg time="2024-08-06T03:17:21.832298" level="INFO">Length is 2.</msg>
<arg>${json_data}</arg>
<doc>Verifies that the given item is not empty.</doc>
<status status="PASS" start="2024-08-06T03:17:21.832171" elapsed="0.000165"/>
</kw>
<kw name="Create List" owner="BuiltIn">
<msg time="2024-08-06T03:17:21.832767" level="INFO">${expected_keys} = ['gender', 'name', 'location', 'email', 'login']</msg>
<var>${expected_keys}</var>
<arg>gender</arg>
<arg>name</arg>
<arg>location</arg>
<arg>email</arg>
<arg>login</arg>
<doc>Returns a list containing given items.</doc>
<status status="PASS" start="2024-08-06T03:17:21.832619" elapsed="0.000172"/>
</kw>
<for flavor="IN">
<iter>
<kw name="Dictionary Should Contain Key" owner="Collections">
<arg>${json_data['results'][0]}</arg>
<arg>${key}</arg>
<doc>Fails if ``key`` is not found from ``dictionary``.</doc>
<status status="PASS" start="2024-08-06T03:17:21.833422" elapsed="0.000402"/>
</kw>
<kw name="Log" owner="BuiltIn">
<msg time="2024-08-06T03:17:21.834373" level="INFO">{'gender': 'male', 'name': {'title': 'Mr', 'first': 'Emil', 'last': 'Møller'}, 'location': {'street': {'number': 7742, 'name': 'Toften'}, 'city': 'Jystrup', 'state': 'Nordjylland', 'country': 'Denmark', 'postcode': 20210, 'coordinates': {'latitude': '-41.0258', 'longitude': '-145.8652'}, 'timezone': {'offset': '-1:00', 'description': 'Azores, Cape Verde Islands'}}, 'email': 'emil.moller@example.com', 'login': {'uuid': '496cd581-1f03-41d3-9fed-a98aeaa2c32c', 'username': 'whitesnake669', 'password': 'wolves', 'salt': 'h8ale3p1', 'md5': '95297e6e162d3c21fb4fc5cfd0e372e6', 'sha1': '2c379ad019fa872d28fef84740d2f8700a042893', 'sha256': 'ee0ea79ee20b177b9c33a997189741ea772f995b2ce1206792973f1174380c13'}, 'dob': {'date': '1977-10-17T06:02:00.133Z', 'age': 46}, 'registered': {'date': '2012-05-23T10:53:03.907Z', 'age': 12}, 'phone': '86618217', 'cell': '50536477', 'id': {'name': 'CPR', 'value': '171077-7871'}, 'picture': {'large': 'https://randomuser.me/api/portraits/men/65.jpg', 'medium': 'https://randomuser.me/api/portraits/med/men/65.jpg', 'thumbnail': 'https://randomuser.me/api/portraits/thumb/men/65.jpg'}, 'nat': 'DK'}</msg>
<arg>${json_data['results'][0]}</arg>
<doc>Logs the given message with the given level.</doc>
<status status="PASS" start="2024-08-06T03:17:21.834014" elapsed="0.000418"/>
</kw>
<kw name="Log" owner="BuiltIn">
<msg time="2024-08-06T03:17:21.834863" level="INFO">gender</msg>
<arg>${key}</arg>
<doc>Logs the given message with the given level.</doc>
<status status="PASS" start="2024-08-06T03:17:21.834736" elapsed="0.000164"/>
</kw>
<var name="${key}">gender</var>
<status status="PASS" start="2024-08-06T03:17:21.833290" elapsed="0.001830"/>
</iter>
<iter>
<kw name="Dictionary Should Contain Key" owner="Collections">
<arg>${json_data['results'][0]}</arg>
<arg>${key}</arg>
<doc>Fails if ``key`` is not found from ``dictionary``.</doc>
<status status="PASS" start="2024-08-06T03:17:21.835416" elapsed="0.000401"/>
</kw>
<kw name="Log" owner="BuiltIn">
<msg time="2024-08-06T03:17:21.836353" level="INFO">{'gender': 'male', 'name': {'title': 'Mr', 'first': 'Emil', 'last': 'Møller'}, 'location': {'street': {'number': 7742, 'name': 'Toften'}, 'city': 'Jystrup', 'state': 'Nordjylland', 'country': 'Denmark', 'postcode': 20210, 'coordinates': {'latitude': '-41.0258', 'longitude': '-145.8652'}, 'timezone': {'offset': '-1:00', 'description': 'Azores, Cape Verde Islands'}}, 'email': 'emil.moller@example.com', 'login': {'uuid': '496cd581-1f03-41d3-9fed-a98aeaa2c32c', 'username': 'whitesnake669', 'password': 'wolves', 'salt': 'h8ale3p1', 'md5': '95297e6e162d3c21fb4fc5cfd0e372e6', 'sha1': '2c379ad019fa872d28fef84740d2f8700a042893', 'sha256': 'ee0ea79ee20b177b9c33a997189741ea772f995b2ce1206792973f1174380c13'}, 'dob': {'date': '1977-10-17T06:02:00.133Z', 'age': 46}, 'registered': {'date': '2012-05-23T10:53:03.907Z', 'age': 12}, 'phone': '86618217', 'cell': '50536477', 'id': {'name': 'CPR', 'value': '171077-7871'}, 'picture': {'large': 'https://randomuser.me/api/portraits/men/65.jpg', 'medium': 'https://randomuser.me/api/portraits/med/men/65.jpg', 'thumbnail': 'https://randomuser.me/api/portraits/thumb/men/65.jpg'}, 'nat': 'DK'}</msg>
<arg>${json_data['results'][0]}</arg>
<doc>Logs the given message with the given level.</doc>
<status status="PASS" start="2024-08-06T03:17:21.836001" elapsed="0.000444"/>
</kw>
<kw name="Log" owner="BuiltIn">
<msg time="2024-08-06T03:17:21.836878" level="INFO">name</msg>
<arg>${key}</arg>
<doc>Logs the given message with the given level.</doc>
<status status="PASS" start="2024-08-06T03:17:21.836752" elapsed="0.000164"/>
</kw>
<var name="${key}">name</var>
<status status="PASS" start="2024-08-06T03:17:21.835306" elapsed="0.001853"/>
</iter>
<iter>
<kw name="Dictionary Should Contain Key" owner="Collections">
<arg>${json_data['results'][0]}</arg>
<arg>${key}</arg>
<doc>Fails if ``key`` is not found from ``dictionary``.</doc>
<status status="PASS" start="2024-08-06T03:17:21.837446" elapsed="0.000384"/>
</kw>
<kw name="Log" owner="BuiltIn">
<msg time="2024-08-06T03:17:21.838363" level="INFO">{'gender': 'male', 'name': {'title': 'Mr', 'first': 'Emil', 'last': 'Møller'}, 'location': {'street': {'number': 7742, 'name': 'Toften'}, 'city': 'Jystrup', 'state': 'Nordjylland', 'country': 'Denmark', 'postcode': 20210, 'coordinates': {'latitude': '-41.0258', 'longitude': '-145.8652'}, 'timezone': {'offset': '-1:00', 'description': 'Azores, Cape Verde Islands'}}, 'email': 'emil.moller@example.com', 'login': {'uuid': '496cd581-1f03-41d3-9fed-a98aeaa2c32c', 'username': 'whitesnake669', 'password': 'wolves', 'salt': 'h8ale3p1', 'md5': '95297e6e162d3c21fb4fc5cfd0e372e6', 'sha1': '2c379ad019fa872d28fef84740d2f8700a042893', 'sha256': 'ee0ea79ee20b177b9c33a997189741ea772f995b2ce1206792973f1174380c13'}, 'dob': {'date': '1977-10-17T06:02:00.133Z', 'age': 46}, 'registered': {'date': '2012-05-23T10:53:03.907Z', 'age': 12}, 'phone': '86618217', 'cell': '50536477', 'id': {'name': 'CPR', 'value': '171077-7871'}, 'picture': {'large': 'https://randomuser.me/api/portraits/men/65.jpg', 'medium': 'https://randomuser.me/api/portraits/med/men/65.jpg', 'thumbnail': 'https://randomuser.me/api/portraits/thumb/men/65.jpg'}, 'nat': 'DK'}</msg>
<arg>${json_data['results'][0]}</arg>
<doc>Logs the given message with the given level.</doc>
<status status="PASS" start="2024-08-06T03:17:21.838018" elapsed="0.000393"/>
</kw>
<kw name="Log" owner="BuiltIn">
<msg time="2024-08-06T03:17:21.838832" level="INFO">location</msg>
<arg>${key}</arg>
<doc>Logs the given message with the given level.</doc>
<status status="PASS" start="2024-08-06T03:17:21.838707" elapsed="0.000162"/>
</kw>
<var name="${key}">location</var>
<status status="PASS" start="2024-08-06T03:17:21.837338" elapsed="0.001756"/>
</iter>
<iter>
<kw name="Dictionary Should Contain Key" owner="Collections">
<arg>${json_data['results'][0]}</arg>
<arg>${key}</arg>
<doc>Fails if ``key`` is not found from ``dictionary``.</doc>
<status status="PASS" start="2024-08-06T03:17:21.839373" elapsed="0.000380"/>
</kw>
<kw name="Log" owner="BuiltIn">
<msg time="2024-08-06T03:17:21.840415" level="INFO">{'gender': 'male', 'name': {'title': 'Mr', 'first': 'Emil', 'last': 'Møller'}, 'location': {'street': {'number': 7742, 'name': 'Toften'}, 'city': 'Jystrup', 'state': 'Nordjylland', 'country': 'Denmark', 'postcode': 20210, 'coordinates': {'latitude': '-41.0258', 'longitude': '-145.8652'}, 'timezone': {'offset': '-1:00', 'description': 'Azores, Cape Verde Islands'}}, 'email': 'emil.moller@example.com', 'login': {'uuid': '496cd581-1f03-41d3-9fed-a98aeaa2c32c', 'username': 'whitesnake669', 'password': 'wolves', 'salt': 'h8ale3p1', 'md5': '95297e6e162d3c21fb4fc5cfd0e372e6', 'sha1': '2c379ad019fa872d28fef84740d2f8700a042893', 'sha256': 'ee0ea79ee20b177b9c33a997189741ea772f995b2ce1206792973f1174380c13'}, 'dob': {'date': '1977-10-17T06:02:00.133Z', 'age': 46}, 'registered': {'date': '2012-05-23T10:53:03.907Z', 'age': 12}, 'phone': '86618217', 'cell': '50536477', 'id': {'name': 'CPR', 'value': '171077-7871'}, 'picture': {'large': 'https://randomuser.me/api/portraits/men/65.jpg', 'medium': 'https://randomuser.me/api/portraits/med/men/65.jpg', 'thumbnail': 'https://randomuser.me/api/portraits/thumb/men/65.jpg'}, 'nat': 'DK'}</msg>
<arg>${json_data['results'][0]}</arg>
<doc>Logs the given message with the given level.</doc>
<status status="PASS" start="2024-08-06T03:17:21.840058" elapsed="0.000405"/>
</kw>
<kw name="Log" owner="BuiltIn">
<msg time="2024-08-06T03:17:21.840890" level="INFO">email</msg>
<arg>${key}</arg>
<doc>Logs the given message with the given level.</doc>
<status status="PASS" start="2024-08-06T03:17:21.840761" elapsed="0.000167"/>
</kw>
<var name="${key}">email</var>
<status status="PASS" start="2024-08-06T03:17:21.839265" elapsed="0.001925"/>
</iter>
<iter>
<kw name="Dictionary Should Contain Key" owner="Collections">
<arg>${json_data['results'][0]}</arg>
<arg>${key}</arg>
<doc>Fails if ``key`` is not found from ``dictionary``.</doc>
<status status="PASS" start="2024-08-06T03:17:21.841472" elapsed="0.000382"/>
</kw>
<kw name="Log" owner="BuiltIn">
<msg time="2024-08-06T03:17:21.842385" level="INFO">{'gender': 'male', 'name': {'title': 'Mr', 'first': 'Emil', 'last': 'Møller'}, 'location': {'street': {'number': 7742, 'name': 'Toften'}, 'city': 'Jystrup', 'state': 'Nordjylland', 'country': 'Denmark', 'postcode': 20210, 'coordinates': {'latitude': '-41.0258', 'longitude': '-145.8652'}, 'timezone': {'offset': '-1:00', 'description': 'Azores, Cape Verde Islands'}}, 'email': 'emil.moller@example.com', 'login': {'uuid': '496cd581-1f03-41d3-9fed-a98aeaa2c32c', 'username': 'whitesnake669', 'password': 'wolves', 'salt': 'h8ale3p1', 'md5': '95297e6e162d3c21fb4fc5cfd0e372e6', 'sha1': '2c379ad019fa872d28fef84740d2f8700a042893', 'sha256': 'ee0ea79ee20b177b9c33a997189741ea772f995b2ce1206792973f1174380c13'}, 'dob': {'date': '1977-10-17T06:02:00.133Z', 'age': 46}, 'registered': {'date': '2012-05-23T10:53:03.907Z', 'age': 12}, 'phone': '86618217', 'cell': '50536477', 'id': {'name': 'CPR', 'value': '171077-7871'}, 'picture': {'large': 'https://randomuser.me/api/portraits/men/65.jpg', 'medium': 'https://randomuser.me/api/portraits/med/men/65.jpg', 'thumbnail': 'https://randomuser.me/api/portraits/thumb/men/65.jpg'}, 'nat': 'DK'}</msg>
<arg>${json_data['results'][0]}</arg>
<doc>Logs the given message with the given level.</doc>
<status status="PASS" start="2024-08-06T03:17:21.842035" elapsed="0.000398"/>
</kw>
<kw name="Log" owner="BuiltIn">
<msg time="2024-08-06T03:17:21.842855" level="INFO">login</msg>
<arg>${key}</arg>
<doc>Logs the given message with the given level.</doc>
<status status="PASS" start="2024-08-06T03:17:21.842727" elapsed="0.000165"/>
</kw>
<var name="${key}">login</var>
<status status="PASS" start="2024-08-06T03:17:21.841364" elapsed="0.001741"/>
</iter>
<var>${key}</var>
<value>@{expected_keys}</value>
<status status="PASS" start="2024-08-06T03:17:21.833077" elapsed="0.010150"/>
</for>
<kw name="Create List" owner="BuiltIn">
<msg time="2024-08-06T03:17:21.843549" level="INFO">${expected_keysTwo} = ['username', 'password']</msg>
<var>${expected_keysTwo}</var>
<arg>username</arg>
<arg>password</arg>
<doc>Returns a list containing given items.</doc>
<status status="PASS" start="2024-08-06T03:17:21.843415" elapsed="0.000158"/>
</kw>
<for flavor="IN">
<iter>
<kw name="Dictionary Should Contain Key" owner="Collections">
<arg>${json_data['results'][0]['login']}</arg>
<arg>${keyTwo}</arg>
<doc>Fails if ``key`` is not found from ``dictionary``.</doc>
<status status="PASS" start="2024-08-06T03:17:21.844107" elapsed="0.000379"/>
</kw>
<kw name="Dictionary Should Contain Key" owner="Collections">
<arg>${json_data['results'][0]['login']}</arg>
<arg>${keyTwo}</arg>
<doc>Fails if ``key`` is not found from ``dictionary``.</doc>
<status status="PASS" start="2024-08-06T03:17:21.844668" elapsed="0.000406"/>
</kw>
<kw name="Log" owner="BuiltIn">
<msg time="2024-08-06T03:17:21.845374" level="INFO">username</msg>
<arg>${keyTwo}</arg>
<doc>Logs the given message with the given level.</doc>
<status status="PASS" start="2024-08-06T03:17:21.845254" elapsed="0.000157"/>
</kw>
<var name="${keyTwo}">username</var>
<status status="PASS" start="2024-08-06T03:17:21.844000" elapsed="0.001630"/>
</iter>
<iter>
<kw name="Dictionary Should Contain Key" owner="Collections">
<arg>${json_data['results'][0]['login']}</arg>
<arg>${keyTwo}</arg>
<doc>Fails if ``key`` is not found from ``dictionary``.</doc>
<status status="PASS" start="2024-08-06T03:17:21.845910" elapsed="0.000387"/>
</kw>
<kw name="Dictionary Should Contain Key" owner="Collections">
<arg>${json_data['results'][0]['login']}</arg>
<arg>${keyTwo}</arg>
<doc>Fails if ``key`` is not found from ``dictionary``.</doc>
<status status="PASS" start="2024-08-06T03:17:21.846475" elapsed="0.000366"/>
</kw>
<kw name="Log" owner="BuiltIn">
<msg time="2024-08-06T03:17:21.847154" level="INFO">password</msg>
<arg>${keyTwo}</arg>
<doc>Logs the given message with the given level.</doc>
<status status="PASS" start="2024-08-06T03:17:21.847027" elapsed="0.000164"/>
</kw>
<var name="${keyTwo}">password</var>
<status status="PASS" start="2024-08-06T03:17:21.845804" elapsed="0.001607"/>
</iter>
<var>${keyTwo}</var>
<value>@{expected_keysTwo}</value>
<status status="PASS" start="2024-08-06T03:17:21.843848" elapsed="0.003684"/>
</for>
<status status="PASS" start="2024-08-06T03:17:21.720135" elapsed="0.127537"/>
</kw>
<doc>Testa a estrutura da resposta da API.</doc>
<tag>testeEstruturaResposta</tag>
<status status="PASS" start="2024-08-06T03:17:21.719366" elapsed="0.128467"/>
</test>
<test id="s1-s1-t4" name="Validar tipos de dados" line="28">
<kw name="Teste de Tipos de Dados" owner="random-user-service">
<kw name="GET On Session" owner="RequestsLibrary">
<msg time="2024-08-06T03:17:21.924834" level="INFO">GET Request : url=https://randomuser.me/api 
 path_url=/api 
 headers={'User-Agent': 'python-requests/2.32.3', 'Accept-Encoding': 'gzip, deflate', 'Accept': '*/*', 'Connection': 'keep-alive'} 
 body=None 
 </msg>
<msg time="2024-08-06T03:17:21.924934" level="INFO">GET Response : url=https://randomuser.me/api 
 status=200, reason=OK 
 headers={'Date': 'Tue, 06 Aug 2024 03:17:21 GMT', 'Content-Type': 'application/json; charset=utf-8', 'Transfer-Encoding': 'chunked', 'Connection': 'keep-alive', 'X-Powered-By': 'Express', 'Access-Control-Allow-Origin': '*', 'Cache-Control': 'no-cache', 'ETag': 'W/"47c-pDZn4Lw0ifK0TsZeUCq7kEh0syU"', 'Vary': 'Accept-Encoding', 'Content-Encoding': 'gzip', 'CF-Cache-Status': 'DYNAMIC', 'Report-To': '{"endpoints":[{"url":"https:\\/\\/a.nel.cloudflare.com\\/report\\/v4?s=Duj6R6XtPjYtr%2FQckA%2F8CgB%2Ffe29KFkZkVnSiKEI9mQXDfka3ouJuCbYb6Zb%2FqrzcUb122XRRV8qh0wrbDP6%2BdbmqJxXbRHWKhO5xSWRU2Ft8kdbBDfNMeU5rzMuCs9g"}],"group":"cf-nel","max_age":604800}', 'NEL': '{"success_fraction":0,"report_to":"cf-nel","max_age":604800}', 'Server': 'cloudflare', 'CF-RAY': '8aebdf9b9d403b78-IAD', 'alt-svc': 'h3=":443"; ma=86400'} 
 body={"results":[{"gender":"female","name":{"title":"Mrs","first":"بهار","last":"نجاتی"},"location":{"street":{"number":3183,"name":"دکتر علی شریعتی"},"city":"بروجرد","state":"بوشهر","country":"Iran","postcode":65010,"coordinates":{"latitude":"19.2701","longitude":"41.2433"},"timezone":{"offset":"+4:30","description":"Kabul"}},"email":"bhr.njty@example.com","login":{"uuid":"3b9a5433-964a-4681-94b1-d26ada0ba3b3","username":"bigsnake223","password":"rebecca","salt":"ArOyFgwr","md5":"e157ecf82033c1055827a2a287d8df9c","sha1":"1b0b06248c80e71ae3e5a7945d246a566e0d5fdc","sha256":"dfa6ff79133af781a8e7677f00daa1128e7384da24b2edcfa0cb19a038fc1490"},"dob":{"date":"1968-05-28T13:26:17.043Z","age":56},"registered":{"date":"2015-07-01T09:42:52.080Z","age":9},"phone":"060-76272476","cell":"0951-955-8445","id":{"name":"","value":null},"picture":{"large":"https://randomuser.me/api/portraits/women/84.jpg","medium":"https://randomuser.me/api/portraits/med/women/84.jpg","thumbnail":"https://randomuser.me/api/portraits/thumb/women/84.jpg"},"nat":"IR"}],"info":{"seed":"07e418d19eff86ba","results":1,"page":1,"version":"1.4"}} 
 </msg>
<msg time="2024-08-06T03:17:21.925055" level="INFO">/opt/hostedtoolcache/Python/3.12.4/x64/lib/python3.12/site-packages/urllib3/connectionpool.py:1099: InsecureRequestWarning: Unverified HTTPS request is being made to host 'randomuser.me'. Adding certificate verification is strongly advised. See: https://urllib3.readthedocs.io/en/latest/advanced-usage.html#tls-warnings
  warnings.warn(</msg>
<msg time="2024-08-06T03:17:21.925192" level="INFO">${response} = &lt;Response [200]&gt;</msg>
<var>${response}</var>
<arg>consultarAPI</arg>
<arg>/api</arg>
<doc>Sends a GET request on a previously created HTTP Session.</doc>
<status status="PASS" start="2024-08-06T03:17:21.850268" elapsed="0.074977"/>
</kw>
<kw name="Set Variable" owner="BuiltIn">
<msg time="2024-08-06T03:17:21.926423" level="INFO">${json_data} = {'results': [{'gender': 'female', 'name': {'title': 'Mrs', 'first': 'بهار', 'last': 'نجاتی'}, 'location': {'street': {'number': 3183, 'name': 'دکتر علی شریعتی'}, 'city': 'بروجرد', 'state': 'بوشهر', 'c...</msg>
<var>${json_data}</var>
<arg>${response.json()}</arg>
<doc>Returns the given values which can then be assigned to a variables.</doc>
<status status="PASS" start="2024-08-06T03:17:21.925837" elapsed="0.000617"/>
</kw>
<kw name="Log" owner="BuiltIn">
<msg time="2024-08-06T03:17:21.926933" level="INFO">{'results': [{'gender': 'female', 'name': {'title': 'Mrs', 'first': 'بهار', 'last': 'نجاتی'}, 'location': {'street': {'number': 3183, 'name': 'دکتر علی شریعتی'}, 'city': 'بروجرد', 'state': 'بوشهر', 'country': 'Iran', 'postcode': 65010, 'coordinates': {'latitude': '19.2701', 'longitude': '41.2433'}, 'timezone': {'offset': '+4:30', 'description': 'Kabul'}}, 'email': 'bhr.njty@example.com', 'login': {'uuid': '3b9a5433-964a-4681-94b1-d26ada0ba3b3', 'username': 'bigsnake223', 'password': 'rebecca', 'salt': 'ArOyFgwr', 'md5': 'e157ecf82033c1055827a2a287d8df9c', 'sha1': '1b0b06248c80e71ae3e5a7945d246a566e0d5fdc', 'sha256': 'dfa6ff79133af781a8e7677f00daa1128e7384da24b2edcfa0cb19a038fc1490'}, 'dob': {'date': '1968-05-28T13:26:17.043Z', 'age': 56}, 'registered': {'date': '2015-07-01T09:42:52.080Z', 'age': 9}, 'phone': '060-76272476', 'cell': '0951-955-8445', 'id': {'name': '', 'value': None}, 'picture': {'large': 'https://randomuser.me/api/portraits/women/84.jpg', 'medium': 'https://randomuser.me/api/portraits/med/women/84.jpg', 'thumbnail': 'https://randomuser.me/api/portraits/thumb/women/84.jpg'}, 'nat': 'IR'}], 'info': {'seed': '07e418d19eff86ba', 'results': 1, 'page': 1, 'version': '1.4'}}</msg>
<arg>${json_data}</arg>
<doc>Logs the given message with the given level.</doc>
<status status="PASS" start="2024-08-06T03:17:21.926763" elapsed="0.000220"/>
</kw>
<kw name="Should Be String" owner="String">
<arg>${json_data['results'][0]['gender']}</arg>
<doc>Fails if the given ``item`` is not a string.</doc>
<status status="PASS" start="2024-08-06T03:17:21.927278" elapsed="0.000363"/>
</kw>
<kw name="Should Match Regexp" owner="BuiltIn">
<arg>${json_data['results'][0]['email']}</arg>
<arg>^[a-zA-Z0-9._%+-]+@[a-zA-Z0-9.-]+\.[a-zA-Z]{2,}$</arg>
<doc>Fails if ``string`` does not match ``pattern`` as a regular expression.</doc>
<status status="PASS" start="2024-08-06T03:17:21.927833" elapsed="0.000519"/>
</kw>
<kw name="Should Match Regexp" owner="BuiltIn">
<arg>${json_data['results'][0]['dob']['date']}</arg>
<arg>\\d{4}-\\d{2}-\\d{2}T\\d{2}:\\d{2}:\\d{2}\\.\\d{3}Z</arg>
<doc>Fails if ``string`` does not match ``pattern`` as a regular expression.</doc>
<status status="PASS" start="2024-08-06T03:17:21.928583" elapsed="0.000662"/>
</kw>
<kw name="Should Match Regexp" owner="BuiltIn">
<arg>${json_data['results'][0]['registered']['date']}</arg>
<arg>\\d{4}-\\d{2}-\\d{2}T\\d{2}:\\d{2}:\\d{2}\\.\\d{3}Z</arg>
<doc>Fails if ``string`` does not match ``pattern`` as a regular expression.</doc>
<status status="PASS" start="2024-08-06T03:17:21.929449" elapsed="0.000380"/>
</kw>
<kw name="Should Match Regexp" owner="BuiltIn">
<arg>${json_data['results'][0]['picture']['large']}</arg>
<arg>^https?://.*\.(?:png|jpe?g|gif|bmp)$</arg>
<doc>Fails if ``string`` does not match ``pattern`` as a regular expression.</doc>
<status status="PASS" start="2024-08-06T03:17:21.930019" elapsed="0.000465"/>
</kw>
<kw name="Should Match Regexp" owner="BuiltIn">
<arg>${json_data['results'][0]['picture']['medium']}</arg>
<arg>^https?://.*\.(?:png|jpe?g|gif|bmp)$</arg>
<doc>Fails if ``string`` does not match ``pattern`` as a regular expression.</doc>
<status status="PASS" start="2024-08-06T03:17:21.930672" elapsed="0.000354"/>
</kw>
<kw name="Should Match Regexp" owner="BuiltIn">
<arg>${json_data['results'][0]['picture']['thumbnail']}</arg>
<arg>^https?://.*\.(?:png|jpe?g|gif|bmp)$</arg>
<doc>Fails if ``string`` does not match ``pattern`` as a regular expression.</doc>
<status status="PASS" start="2024-08-06T03:17:21.931213" elapsed="0.000348"/>
</kw>
<kw name="Log" owner="BuiltIn">
<msg time="2024-08-06T03:17:21.932062" level="INFO">{'large': 'https://randomuser.me/api/portraits/women/84.jpg', 'medium': 'https://randomuser.me/api/portraits/med/women/84.jpg', 'thumbnail': 'https://randomuser.me/api/portraits/thumb/women/84.jpg'}</msg>
<arg>${json_data['results'][0]['picture']}</arg>
<doc>Logs the given message with the given level.</doc>
<status status="PASS" start="2024-08-06T03:17:21.931742" elapsed="0.000361"/>
</kw>
<status status="PASS" start="2024-08-06T03:17:21.850045" elapsed="0.082312"/>
</kw>
<kw name="Teste de Tipos de Dados - Postcode" owner="random-user-service">
<kw name="GET On Session" owner="RequestsLibrary">
<msg time="2024-08-06T03:17:22.016232" level="INFO">GET Request : url=https://randomuser.me/api 
 path_url=/api 
 headers={'User-Agent': 'python-requests/2.32.3', 'Accept-Encoding': 'gzip, deflate', 'Accept': '*/*', 'Connection': 'keep-alive'} 
 body=None 
 </msg>
<msg time="2024-08-06T03:17:22.016331" level="INFO">GET Response : url=https://randomuser.me/api 
 status=200, reason=OK 
 headers={'Date': 'Tue, 06 Aug 2024 03:17:22 GMT', 'Content-Type': 'application/json; charset=utf-8', 'Transfer-Encoding': 'chunked', 'Connection': 'keep-alive', 'X-Powered-By': 'Express', 'Access-Control-Allow-Origin': '*', 'Cache-Control': 'no-cache', 'ETag': 'W/"495-G9zzJJXKiRYbUoqxao4hFKd6dMg"', 'Vary': 'Accept-Encoding', 'Content-Encoding': 'gzip', 'CF-Cache-Status': 'DYNAMIC', 'Report-To': '{"endpoints":[{"url":"https:\\/\\/a.nel.cloudflare.com\\/report\\/v4?s=iQQeRZcw6LGdm9xwDvQj837O95dTtSAwZMbeRMfIrqOOBFti2HSWxEjlyeWqpT0W%2F3quEdF0MLh3CbGz0TJ1Cs0Ce26f86ei3aFgqmi%2FQZ%2FDszXbcDBMwBWTXCcx0pUa"}],"group":"cf-nel","max_age":604800}', 'NEL': '{"success_fraction":0,"report_to":"cf-nel","max_age":604800}', 'Server': 'cloudflare', 'CF-RAY': '8aebdf9c1dbd3b78-IAD', 'alt-svc': 'h3=":443"; ma=86400'} 
 body={"results":[{"gender":"female","name":{"title":"Ms","first":"Lovise","last":"Tverå"},"location":{"street":{"number":8332,"name":"Totengata"},"city":"Bjertnestunet","state":"Vestfold","country":"Norway","postcode":"3296","coordinates":{"latitude":"44.7593","longitude":"158.9079"},"timezone":{"offset":"0:00","description":"Western Europe Time, London, Lisbon, Casablanca"}},"email":"lovise.tvera@example.com","login":{"uuid":"9ed7de0f-a4c3-4e3f-bc36-004e69990cff","username":"greenbird131","password":"capecod","salt":"rVn5n09V","md5":"79ced1742ec8a726e11c8d4ac69f5cd3","sha1":"93457bfce11e49e9a21ddec24f1d731176be0465","sha256":"f5495370c62b55089a7e4a70606bea12e436f2beedd99ae3015c297e8153a47a"},"dob":{"date":"1960-01-30T17:28:02.911Z","age":64},"registered":{"date":"2020-04-03T07:08:17.545Z","age":4},"phone":"66507992","cell":"99799057","id":{"name":"FN","value":"30016002417"},"picture":{"large":"https://randomuser.me/api/portraits/women/42.jpg","medium":"https://randomuser.me/api/portraits/med/women/42.jpg","thumbnail":"https://randomuser.me/api/portraits/thumb/women/42.jpg"},"nat":"NO"}],"info":{"seed":"2d8dfb04d73c9eb8","results":1,"page":1,"version":"1.4"}} 
 </msg>
<msg time="2024-08-06T03:17:22.016411" level="INFO">/opt/hostedtoolcache/Python/3.12.4/x64/lib/python3.12/site-packages/urllib3/connectionpool.py:1099: InsecureRequestWarning: Unverified HTTPS request is being made to host 'randomuser.me'. Adding certificate verification is strongly advised. See: https://urllib3.readthedocs.io/en/latest/advanced-usage.html#tls-warnings
  warnings.warn(</msg>
<msg time="2024-08-06T03:17:22.016544" level="INFO">${response} = &lt;Response [200]&gt;</msg>
<var>${response}</var>
<arg>consultarAPI</arg>
<arg>/api</arg>
<doc>Sends a GET request on a previously created HTTP Session.</doc>
<status status="PASS" start="2024-08-06T03:17:21.932799" elapsed="0.083794"/>
</kw>
<kw name="Set Variable" owner="BuiltIn">
<msg time="2024-08-06T03:17:22.017759" level="INFO">${json_data} = {'results': [{'gender': 'female', 'name': {'title': 'Ms', 'first': 'Lovise', 'last': 'Tverå'}, 'location': {'street': {'number': 8332, 'name': 'Totengata'}, 'city': 'Bjertnestunet', 'state': 'Vestfold...</msg>
<var>${json_data}</var>
<arg>${response.json()}</arg>
<doc>Returns the given values which can then be assigned to a variables.</doc>
<status status="PASS" start="2024-08-06T03:17:22.017199" elapsed="0.000590"/>
</kw>
<kw name="Log" owner="BuiltIn">
<msg time="2024-08-06T03:17:22.018267" level="INFO">{'results': [{'gender': 'female', 'name': {'title': 'Ms', 'first': 'Lovise', 'last': 'Tverå'}, 'location': {'street': {'number': 8332, 'name': 'Totengata'}, 'city': 'Bjertnestunet', 'state': 'Vestfold', 'country': 'Norway', 'postcode': '3296', 'coordinates': {'latitude': '44.7593', 'longitude': '158.9079'}, 'timezone': {'offset': '0:00', 'description': 'Western Europe Time, London, Lisbon, Casablanca'}}, 'email': 'lovise.tvera@example.com', 'login': {'uuid': '9ed7de0f-a4c3-4e3f-bc36-004e69990cff', 'username': 'greenbird131', 'password': 'capecod', 'salt': 'rVn5n09V', 'md5': '79ced1742ec8a726e11c8d4ac69f5cd3', 'sha1': '93457bfce11e49e9a21ddec24f1d731176be0465', 'sha256': 'f5495370c62b55089a7e4a70606bea12e436f2beedd99ae3015c297e8153a47a'}, 'dob': {'date': '1960-01-30T17:28:02.911Z', 'age': 64}, 'registered': {'date': '2020-04-03T07:08:17.545Z', 'age': 4}, 'phone': '66507992', 'cell': '99799057', 'id': {'name': 'FN', 'value': '30016002417'}, 'picture': {'large': 'https://randomuser.me/api/portraits/women/42.jpg', 'medium': 'https://randomuser.me/api/portraits/med/women/42.jpg', 'thumbnail': 'https://randomuser.me/api/portraits/thumb/women/42.jpg'}, 'nat': 'NO'}], 'info': {'seed': '2d8dfb04d73c9eb8', 'results': 1, 'page': 1, 'version': '1.4'}}</msg>
<arg>${json_data}</arg>
<doc>Logs the given message with the given level.</doc>
<status status="PASS" start="2024-08-06T03:17:22.018104" elapsed="0.000212"/>
</kw>
<kw name="Should Be Equal As Numbers" owner="BuiltIn">
<arg>${json_data['results'][0]['location']['postcode']}</arg>
<arg>${json_data['results'][0]['location']['postcode']}</arg>
<doc>Fails if objects are unequal after converting them to real numbers.</doc>
<status status="PASS" start="2024-08-06T03:17:22.018612" elapsed="0.000621"/>
</kw>
<kw name="Log" owner="BuiltIn">
<msg time="2024-08-06T03:17:22.019759" level="INFO">3296</msg>
<arg>${json_data['results'][0]['location']['postcode']}</arg>
<doc>Logs the given message with the given level.</doc>
<status status="PASS" start="2024-08-06T03:17:22.019421" elapsed="0.000378"/>
</kw>
<status status="PASS" start="2024-08-06T03:17:21.932575" elapsed="0.087506"/>
</kw>
<doc>Testa se os tipos de dados na resposta da API estão corretos.</doc>
<tag>testeTiposDados</tag>
<status status="PASS" start="2024-08-06T03:17:21.849581" elapsed="0.170672"/>
</test>
<test id="s1-s1-t5" name="Validar conteudo" line="35">
<kw name="Teste de Tipos de Conteudo" owner="random-user-service">
<kw name="GET On Session" owner="RequestsLibrary">
<msg time="2024-08-06T03:17:22.116620" level="INFO">GET Request : url=https://randomuser.me/api 
 path_url=/api 
 headers={'User-Agent': 'python-requests/2.32.3', 'Accept-Encoding': 'gzip, deflate', 'Accept': '*/*', 'Connection': 'keep-alive'} 
 body=None 
 </msg>
<msg time="2024-08-06T03:17:22.116709" level="INFO">GET Response : url=https://randomuser.me/api 
 status=200, reason=OK 
 headers={'Date': 'Tue, 06 Aug 2024 03:17:22 GMT', 'Content-Type': 'application/json; charset=utf-8', 'Transfer-Encoding': 'chunked', 'Connection': 'keep-alive', 'X-Powered-By': 'Express', 'Access-Control-Allow-Origin': '*', 'Cache-Control': 'no-cache', 'ETag': 'W/"49f-r0eoCZHFO1HaFFFJIOy3sVK7qow"', 'Vary': 'Accept-Encoding', 'Content-Encoding': 'gzip', 'CF-Cache-Status': 'DYNAMIC', 'Report-To': '{"endpoints":[{"url":"https:\\/\\/a.nel.cloudflare.com\\/report\\/v4?s=cRNJZNicqgFsADvD7TY7QabpmFMxOd%2Bx%2FGBT2453XxR8GuyHxdWoZGToQoLSDy%2FcNtsYfUc9mIcFp9Xf1tkke2XmmSlgCR6tJarB3WjooeFPXrn3uZUqOGKdnrt3OVci"}],"group":"cf-nel","max_age":604800}', 'NEL': '{"success_fraction":0,"report_to":"cf-nel","max_age":604800}', 'Server': 'cloudflare', 'CF-RAY': '8aebdf9cae5a3b78-IAD', 'alt-svc': 'h3=":443"; ma=86400'} 
 body={"results":[{"gender":"male","name":{"title":"Mr","first":"Laurence","last":"Klumper"},"location":{"street":{"number":8686,"name":"Hushoverweg"},"city":"Balinge","state":"Zuid-Holland","country":"Netherlands","postcode":"4587 KS","coordinates":{"latitude":"38.2744","longitude":"-11.1160"},"timezone":{"offset":"+5:30","description":"Bombay, Calcutta, Madras, New Delhi"}},"email":"laurence.klumper@example.com","login":{"uuid":"86bdc1f6-ac19-4e28-8e9b-29369cbdd38f","username":"organicostrich263","password":"thecrow","salt":"PVgJ4kFV","md5":"0ea7cda6ca7d14ce10144cd20979c168","sha1":"a680f671265687869da8d817dea08efdd6e9d98c","sha256":"1f47b6038775553391fcb4e9d26a9c1264c8dbba3e1d968d582320effbcf99c3"},"dob":{"date":"1979-04-01T03:55:36.437Z","age":45},"registered":{"date":"2006-01-11T12:39:29.257Z","age":18},"phone":"(058) 7882599","cell":"(06) 99025600","id":{"name":"BSN","value":"95455289"},"picture":{"large":"https://randomuser.me/api/portraits/men/42.jpg","medium":"https://randomuser.me/api/portraits/med/men/42.jpg","thumbnail":"https://randomuser.me/api/portraits/thumb/men/42.jpg"},"nat":"NL"}],"info":{"seed":"458919b72a61b9ce","results":1,"page":1,"version":"1.4"}} 
 </msg>
<msg time="2024-08-06T03:17:22.116784" level="INFO">/opt/hostedtoolcache/Python/3.12.4/x64/lib/python3.12/site-packages/urllib3/connectionpool.py:1099: InsecureRequestWarning: Unverified HTTPS request is being made to host 'randomuser.me'. Adding certificate verification is strongly advised. See: https://urllib3.readthedocs.io/en/latest/advanced-usage.html#tls-warnings
  warnings.warn(</msg>
<msg time="2024-08-06T03:17:22.116907" level="INFO">${response} = &lt;Response [200]&gt;</msg>
<var>${response}</var>
<arg>consultarAPI</arg>
<arg>/api</arg>
<doc>Sends a GET request on a previously created HTTP Session.</doc>
<status status="PASS" start="2024-08-06T03:17:22.022856" elapsed="0.094102"/>
</kw>
<kw name="Set Variable" owner="BuiltIn">
<msg time="2024-08-06T03:17:22.118129" level="INFO">${json_data} = {'results': [{'gender': 'male', 'name': {'title': 'Mr', 'first': 'Laurence', 'last': 'Klumper'}, 'location': {'street': {'number': 8686, 'name': 'Hushoverweg'}, 'city': 'Balinge', 'state': 'Zuid-Holla...</msg>
<var>${json_data}</var>
<arg>${response.json()}</arg>
<doc>Returns the given values which can then be assigned to a variables.</doc>
<status status="PASS" start="2024-08-06T03:17:22.117570" elapsed="0.000589"/>
</kw>
<kw name="Set Variable" owner="BuiltIn">
<msg time="2024-08-06T03:17:22.118850" level="INFO">${name_title} = Mr</msg>
<var>${name_title}</var>
<arg>${json_data["results"][0]["name"]["title"]}</arg>
<doc>Returns the given values which can then be assigned to a variables.</doc>
<status status="PASS" start="2024-08-06T03:17:22.118473" elapsed="0.000403"/>
</kw>
<kw name="Create List" owner="BuiltIn">
<msg time="2024-08-06T03:17:22.119323" level="INFO">${allowed_titles} = ['Mr', 'Ms', 'Miss', 'Mrs', 'Madame', 'Monsieur']</msg>
<var>${allowed_titles}</var>
<arg>Mr</arg>
<arg>Ms</arg>
<arg>Miss</arg>
<arg>Mrs</arg>
<arg>Madame</arg>
<arg>Monsieur</arg>
<doc>Returns a list containing given items.</doc>
<status status="PASS" start="2024-08-06T03:17:22.119174" elapsed="0.000175"/>
</kw>
<kw name="List Should Contain Value" owner="Collections">
<arg>${allowed_titles}</arg>
<arg>${name_title}</arg>
<doc>Fails if the ``value`` is not found from ``list``.</doc>
<status status="PASS" start="2024-08-06T03:17:22.119652" elapsed="0.000184"/>
</kw>
<kw name="Set Variable" owner="BuiltIn">
<msg time="2024-08-06T03:17:22.120391" level="INFO">${name_country} = NL</msg>
<var>${name_country}</var>
<arg>${json_data["results"][0]["nat"]}</arg>
<doc>Returns the given values which can then be assigned to a variables.</doc>
<status status="PASS" start="2024-08-06T03:17:22.120019" elapsed="0.000397"/>
</kw>
<kw name="Create List" owner="BuiltIn">
<msg time="2024-08-06T03:17:22.121358" level="INFO">${list_country} = ['AD', 'AE', 'AF', 'AG', 'AI', 'AL', 'AM', 'AO', 'AQ', 'AR', 'AS', 'AT', 'AU', 'AW', 'AX', 'AZ', 'BA', 'BB', 'BD', 'BE', 'BF', 'BG', 'BH', 'BI', 'BJ', 'BL', 'BM', 'BN', 'BO', 'BQ', 'BR', 'BS', 'BT', '...</msg>
<var>${list_country}</var>
<arg>AD</arg>
<arg>AE</arg>
<arg>AF</arg>
<arg>AG</arg>
<arg>AI</arg>
<arg>AL</arg>
<arg>AM</arg>
<arg>AO</arg>
<arg>AQ</arg>
<arg>AR</arg>
<arg>AS</arg>
<arg>AT</arg>
<arg>AU</arg>
<arg>AW</arg>
<arg>AX</arg>
<arg>AZ</arg>
<arg>BA</arg>
<arg>BB</arg>
<arg>BD</arg>
<arg>BE</arg>
<arg>BF</arg>
<arg>BG</arg>
<arg>BH</arg>
<arg>BI</arg>
<arg>BJ</arg>
<arg>BL</arg>
<arg>BM</arg>
<arg>BN</arg>
<arg>BO</arg>
<arg>BQ</arg>
<arg>BR</arg>
<arg>BS</arg>
<arg>BT</arg>
<arg>BV</arg>
<arg>BW</arg>
<arg>BY</arg>
<arg>BZ</arg>
<arg>CA</arg>
<arg>CC</arg>
<arg>CD</arg>
<arg>CF</arg>
<arg>CG</arg>
<arg>CH</arg>
<arg>CI</arg>
<arg>CK</arg>
<arg>CL</arg>
<arg>CM</arg>
<arg>CN</arg>
<arg>CO</arg>
<arg>CR</arg>
<arg>CU</arg>
<arg>CV</arg>
<arg>CW</arg>
<arg>CX</arg>
<arg>CY</arg>
<arg>CZ</arg>
<arg>DE</arg>
<arg>DJ</arg>
<arg>DK</arg>
<arg>DM</arg>
<arg>DO</arg>
<arg>DZ</arg>
<arg>EC</arg>
<arg>EE</arg>
<arg>EG</arg>
<arg>EH</arg>
<arg>ER</arg>
<arg>ES</arg>
<arg>ET</arg>
<arg>FI</arg>
<arg>FJ</arg>
<arg>FK</arg>
<arg>FM</arg>
<arg>FO</arg>
<arg>FR</arg>
<arg>GA</arg>
<arg>GB</arg>
<arg>GD</arg>
<arg>GE</arg>
<arg>GF</arg>
<arg>GG</arg>
<arg>GH</arg>
<arg>GI</arg>
<arg>GL</arg>
<arg>GM</arg>
<arg>GN</arg>
<arg>GP</arg>
<arg>GQ</arg>
<arg>GR</arg>
<arg>GS</arg>
<arg>GT</arg>
<arg>GU</arg>
<arg>GW</arg>
<arg>GY</arg>
<arg>HK</arg>
<arg>HM</arg>
<arg>HN</arg>
<arg>HR</arg>
<arg>HT</arg>
<arg>HU</arg>
<arg>ID</arg>
<arg>IE</arg>
<arg>IL</arg>
<arg>IM</arg>
<arg>IN</arg>
<arg>IO</arg>
<arg>IQ</arg>
<arg>IR</arg>
<arg>IS</arg>
<arg>IT</arg>
<arg>JE</arg>
<arg>JM</arg>
<arg>JO</arg>
<arg>JP</arg>
<arg>KE</arg>
<arg>KG</arg>
<arg>KH</arg>
<arg>KI</arg>
<arg>KM</arg>
<arg>KN</arg>
<arg>KP</arg>
<arg>KR</arg>
<arg>KW</arg>
<arg>KY</arg>
<arg>KZ</arg>
<arg>LA</arg>
<arg>LB</arg>
<arg>LC</arg>
<arg>LI</arg>
<arg>LK</arg>
<arg>LR</arg>
<arg>LS</arg>
<arg>LT</arg>
<arg>LU</arg>
<arg>LV</arg>
<arg>LY</arg>
<arg>MA</arg>
<arg>MC</arg>
<arg>MD</arg>
<arg>ME</arg>
<arg>MF</arg>
<arg>MG</arg>
<arg>MH</arg>
<arg>MK</arg>
<arg>ML</arg>
<arg>MM</arg>
<arg>MN</arg>
<arg>MO</arg>
<arg>MP</arg>
<arg>MQ</arg>
<arg>MR</arg>
<arg>MS</arg>
<arg>MT</arg>
<arg>MU</arg>
<arg>MV</arg>
<arg>MW</arg>
<arg>MX</arg>
<arg>MY</arg>
<arg>MZ</arg>
<arg>NA</arg>
<arg>NC</arg>
<arg>NE</arg>
<arg>NF</arg>
<arg>NG</arg>
<arg>NI</arg>
<arg>NL</arg>
<arg>NO</arg>
<arg>NP</arg>
<arg>NR</arg>
<arg>NU</arg>
<arg>NZ</arg>
<arg>OM</arg>
<arg>PA</arg>
<arg>PE</arg>
<arg>PF</arg>
<arg>PG</arg>
<arg>PH</arg>
<arg>PK</arg>
<arg>PL</arg>
<arg>PM</arg>
<arg>PN</arg>
<arg>PR</arg>
<arg>PS</arg>
<arg>PT</arg>
<arg>PW</arg>
<arg>PY</arg>
<arg>QA</arg>
<arg>RE</arg>
<arg>RO</arg>
<arg>RS</arg>
<arg>RU</arg>
<arg>RW</arg>
<arg>SA</arg>
<arg>SB</arg>
<arg>SC</arg>
<arg>SD</arg>
<arg>SE</arg>
<arg>SG</arg>
<arg>SH</arg>
<arg>SI</arg>
<arg>SJ</arg>
<arg>SK</arg>
<arg>SL</arg>
<arg>SM</arg>
<arg>SN</arg>
<arg>SO</arg>
<arg>SR</arg>
<arg>SS</arg>
<arg>ST</arg>
<arg>SV</arg>
<arg>SX</arg>
<arg>SY</arg>
<arg>SZ</arg>
<arg>TC</arg>
<arg>TD</arg>
<arg>TF</arg>
<arg>TG</arg>
<arg>TH</arg>
<arg>TJ</arg>
<arg>TK</arg>
<arg>TL</arg>
<arg>TM</arg>
<arg>TN</arg>
<arg>TO</arg>
<arg>TR</arg>
<arg>TT</arg>
<arg>TV</arg>
<arg>TW</arg>
<arg>TZ</arg>
<arg>UA</arg>
<arg>UG</arg>
<arg>UM</arg>
<arg>US</arg>
<arg>UY</arg>
<arg>UZ</arg>
<arg>VA</arg>
<arg>VC</arg>
<arg>VE</arg>
<arg>VG</arg>
<arg>VI</arg>
<arg>VN</arg>
<arg>VU</arg>
<arg>WF</arg>
<arg>WS</arg>
<arg>XK</arg>
<arg>YE</arg>
<arg>YT</arg>
<arg>ZA</arg>
<arg>ZM</arg>
<arg>ZW</arg>
<doc>Returns a list containing given items.</doc>
<status status="PASS" start="2024-08-06T03:17:22.120710" elapsed="0.000675"/>
</kw>
<kw name="List Should Contain Value" owner="Collections">
<arg>${list_country}</arg>
<arg>${name_country}</arg>
<doc>Fails if the ``value`` is not found from ``list``.</doc>
<status status="PASS" start="2024-08-06T03:17:22.122343" elapsed="0.000213"/>
</kw>
<kw name="Run Keyword If" owner="BuiltIn">
<kw name="Should Be True" owner="BuiltIn">
<arg>${True}</arg>
<doc>Fails if the given condition is not true.</doc>
<status status="PASS" start="2024-08-06T03:17:22.123505" elapsed="0.000143"/>
</kw>
<arg>${json_data["results"][0]["location"]["coordinates"]["latitude"]} &gt;= -90 and ${json_data["results"][0]["location"]["coordinates"]["latitude"]} &lt;= 90</arg>
<arg>Should Be True</arg>
<arg>${True}</arg>
<doc>Runs the given keyword with the given arguments, if ``condition`` is true.</doc>
<status status="PASS" start="2024-08-06T03:17:22.122754" elapsed="0.001021"/>
</kw>
<kw name="Run Keyword If" owner="BuiltIn">
<kw name="Should Be True" owner="BuiltIn">
<arg>${True}</arg>
<doc>Fails if the given condition is not true.</doc>
<status status="PASS" start="2024-08-06T03:17:22.124642" elapsed="0.000136"/>
</kw>
<arg>${json_data["results"][0]["location"]["coordinates"]["longitude"]} &gt;= -180 and ${json_data["results"][0]["location"]["coordinates"]["longitude"]} &lt;= 180</arg>
<arg>Should Be True</arg>
<arg>${True}</arg>
<doc>Runs the given keyword with the given arguments, if ``condition`` is true.</doc>
<status status="PASS" start="2024-08-06T03:17:22.123956" elapsed="0.000945"/>
</kw>
<status status="PASS" start="2024-08-06T03:17:22.022630" elapsed="0.102424"/>
</kw>
<doc>Testa o conteúdo específico dos campos retornados pela API.</doc>
<tag>testeConteudo</tag>
<status status="PASS" start="2024-08-06T03:17:22.022089" elapsed="0.103118"/>
</test>
<status status="PASS" start="2024-08-06T03:17:21.299948" elapsed="0.827202"/>
</suite>
<status status="PASS" start="2024-08-06T03:17:21.285197" elapsed="0.847045"/>
</suite>
<statistics>
<total>
<stat pass="5" fail="0" skip="0">All Tests</stat>
</total>
<tag>
<stat pass="1" fail="0" skip="0">testeConteudo</stat>
<stat pass="1" fail="0" skip="0">testeEstruturaResposta</stat>
<stat pass="1" fail="0" skip="0">testeRequisicaoBasica</stat>
<stat pass="1" fail="0" skip="0">testeTiposDados</stat>
</tag>
<suite>
<stat pass="5" fail="0" skip="0" id="s1" name="Tests">Tests</stat>
<stat pass="5" fail="0" skip="0" id="s1-s1" name="Random-User-Test">Tests.Random-User-Test</stat>
</suite>
</statistics>
<errors>
</errors>
</robot>
