<?xml version="1.0" encoding="UTF-8"?>
<robot generator="Robot 7.0.1 (Python 3.12.4 on linux)" generated="2024-07-25T09:17:31.220592" rpa="false" schemaversion="5">
<suite id="s1" name="Tests" source="/home/runner/work/ApiRandomUser/ApiRandomUser/RamdonUser/tests">
<suite id="s1-s1" name="Random-User-Test" source="/home/runner/work/ApiRandomUser/ApiRandomUser/RamdonUser/tests/random-user-test.robot">
<test id="s1-s1-t1" name="Conectar" line="13">
<kw name="Conectar API" owner="random-user-service">
<kw name="Create Session" owner="RequestsLibrary">
<msg time="2024-07-25T09:17:31.620713" level="INFO">Creating Session using : alias=consultarAPI, url=https://randomuser.me/, headers={},                     cookies={}, auth=None, timeout=None, proxies=None, verify=False,                     debug=0 </msg>
<arg>consultarAPI</arg>
<arg>${URL}</arg>
<doc>Create Session: create a HTTP session to a server</doc>
<status status="PASS" start="2024-07-25T09:17:31.620509" elapsed="0.000392"/>
</kw>
<status status="PASS" start="2024-07-25T09:17:31.619451" elapsed="0.001818"/>
</kw>
<status status="PASS" start="2024-07-25T09:17:31.618811" elapsed="0.002658"/>
</test>
<test id="s1-s1-t2" name="Validar retorno 200 e JSON Válido" line="16">
<kw name="Teste de Requisicao Basica" owner="random-user-service">
<kw name="GET On Session" owner="RequestsLibrary">
<msg time="2024-07-25T09:17:31.897256" level="INFO">GET Request : url=https://randomuser.me/api 
 path_url=/api 
 headers={'User-Agent': 'python-requests/2.32.3', 'Accept-Encoding': 'gzip, deflate', 'Accept': '*/*', 'Connection': 'keep-alive'} 
 body=None 
 </msg>
<msg time="2024-07-25T09:17:31.897414" level="INFO">GET Response : url=https://randomuser.me/api 
 status=200, reason=OK 
 headers={'Date': 'Thu, 25 Jul 2024 09:17:31 GMT', 'Content-Type': 'application/json; charset=utf-8', 'Transfer-Encoding': 'chunked', 'Connection': 'keep-alive', 'X-Powered-By': 'Express', 'Access-Control-Allow-Origin': '*', 'Cache-Control': 'no-cache', 'ETag': 'W/"4a2-AJSsc6+W1Cgk2SjrAqE88pNKG4Y"', 'Vary': 'Accept-Encoding', 'Content-Encoding': 'gzip', 'CF-Cache-Status': 'DYNAMIC', 'Report-To': '{"endpoints":[{"url":"https:\\/\\/a.nel.cloudflare.com\\/report\\/v4?s=tLKTPCw7nIRsLpEKO%2FcUG7kO6tw1FFLO0fP0o8%2F7DUv2BnH9ZqIGXrQRRT%2BoAg%2F7MyBDCsyijfFV7uZPTjWCurQo3IrixaA18imW9NHX4NHMc8thrbyxNiyDHrewsMbt"}],"group":"cf-nel","max_age":604800}', 'NEL': '{"success_fraction":0,"report_to":"cf-nel","max_age":604800}', 'Server': 'cloudflare', 'CF-RAY': '8a8b0eb1be7467a2-SJC', 'alt-svc': 'h3=":443"; ma=86400'} 
 body={"results":[{"gender":"female","name":{"title":"Ms","first":"Guadalupe","last":"Guevara"},"location":{"street":{"number":1350,"name":"Andador Irán"},"city":"Chapala","state":"Hidalgo","country":"Mexico","postcode":20599,"coordinates":{"latitude":"26.7557","longitude":"164.8742"},"timezone":{"offset":"-4:00","description":"Atlantic Time (Canada), Caracas, La Paz"}},"email":"guadalupe.guevara@example.com","login":{"uuid":"76f42126-1c7c-458c-a7aa-2b67f57034c9","username":"reddog727","password":"patches","salt":"YDUtFXyE","md5":"f703934633110ab9bc8678e416b20395","sha1":"177755bf48148049d766c4da5ef1aba28b92e5bf","sha256":"13ec3b0c1b5f755cbf59894dffdd6835d18767361a387903ab3c6d3299ee7a35"},"dob":{"date":"1968-12-24T21:09:57.256Z","age":55},"registered":{"date":"2012-02-09T11:18:40.661Z","age":12},"phone":"(634) 022 8577","cell":"(682) 607 0621","id":{"name":"NSS","value":"66 81 21 6949 9"},"picture":{"large":"https://randomuser.me/api/portraits/women/93.jpg","medium":"https://randomuser.me/api/portraits/med/women/93.jpg","thumbnail":"https://randomuser.me/api/portraits/thumb/women/93.jpg"},"nat":"MX"}],"info":{"seed":"40e020b03b1aba4e","results":1,"page":1,"version":"1.4"}} 
 </msg>
<msg time="2024-07-25T09:17:31.897501" level="INFO">/opt/hostedtoolcache/Python/3.12.4/x64/lib/python3.12/site-packages/urllib3/connectionpool.py:1099: InsecureRequestWarning: Unverified HTTPS request is being made to host 'randomuser.me'. Adding certificate verification is strongly advised. See: https://urllib3.readthedocs.io/en/latest/advanced-usage.html#tls-warnings
  warnings.warn(</msg>
<msg time="2024-07-25T09:17:31.897666" level="INFO">${response} = &lt;Response [200]&gt;</msg>
<var>${response}</var>
<arg>consultarAPI</arg>
<arg>/api</arg>
<doc>Sends a GET request on a previously created HTTP Session.</doc>
<status status="PASS" start="2024-07-25T09:17:31.624233" elapsed="0.273479"/>
</kw>
<kw name="Should Be Equal As Numbers" owner="BuiltIn">
<msg time="2024-07-25T09:17:31.898794" level="INFO">Argument types are:
&lt;class 'int'&gt;
&lt;class 'str'&gt;</msg>
<arg>${response.status_code}</arg>
<arg>200</arg>
<doc>Fails if objects are unequal after converting them to real numbers.</doc>
<status status="PASS" start="2024-07-25T09:17:31.898267" elapsed="0.000598"/>
</kw>
<kw name="Log" owner="BuiltIn">
<msg time="2024-07-25T09:17:31.899648" level="INFO">200</msg>
<arg>${response.status_code}</arg>
<doc>Logs the given message with the given level.</doc>
<status status="PASS" start="2024-07-25T09:17:31.899268" elapsed="0.000426"/>
</kw>
<kw name="Set Variable" owner="BuiltIn">
<msg time="2024-07-25T09:17:31.900470" level="INFO">${json_data} = {'results': [{'gender': 'female', 'name': {'title': 'Ms', 'first': 'Guadalupe', 'last': 'Guevara'}, 'location': {'street': {'number': 1350, 'name': 'Andador Irán'}, 'city': 'Chapala', 'state': 'Hidalg...</msg>
<var>${json_data}</var>
<arg>${response.json()}</arg>
<doc>Returns the given values which can then be assigned to a variables.</doc>
<status status="PASS" start="2024-07-25T09:17:31.900016" elapsed="0.000483"/>
</kw>
<kw name="Dictionary Should Contain Key" owner="Collections">
<arg>${json_data}</arg>
<arg>results</arg>
<doc>Fails if ``key`` is not found from ``dictionary``.</doc>
<status status="PASS" start="2024-07-25T09:17:31.900814" elapsed="0.000344"/>
</kw>
<status status="PASS" start="2024-07-25T09:17:31.623981" elapsed="0.277335"/>
</kw>
<doc>Testa se a API responde corretamente e retorna um objeto JSON válido.</doc>
<tag>testeRequisicaoBasica</tag>
<status status="PASS" start="2024-07-25T09:17:31.623446" elapsed="0.278045"/>
</test>
<test id="s1-s1-t3" name="Validar estrutura de resposta" line="22">
<kw name="Teste de Estrutura de Resposta" owner="random-user-service">
<kw name="GET On Session" owner="RequestsLibrary">
<msg time="2024-07-25T09:17:32.205430" level="INFO">GET Request : url=https://randomuser.me/api 
 path_url=/api 
 headers={'User-Agent': 'python-requests/2.32.3', 'Accept-Encoding': 'gzip, deflate', 'Accept': '*/*', 'Connection': 'keep-alive'} 
 body=None 
 </msg>
<msg time="2024-07-25T09:17:32.205531" level="INFO">GET Response : url=https://randomuser.me/api 
 status=200, reason=OK 
 headers={'Date': 'Thu, 25 Jul 2024 09:17:32 GMT', 'Content-Type': 'application/json; charset=utf-8', 'Transfer-Encoding': 'chunked', 'Connection': 'keep-alive', 'X-Powered-By': 'Express', 'Access-Control-Allow-Origin': '*', 'Cache-Control': 'no-cache', 'ETag': 'W/"4a7-dw11Vl6qPAgXLObzEh3PZOy0jFI"', 'Vary': 'Accept-Encoding', 'Content-Encoding': 'gzip', 'CF-Cache-Status': 'DYNAMIC', 'Report-To': '{"endpoints":[{"url":"https:\\/\\/a.nel.cloudflare.com\\/report\\/v4?s=1nJKrvop6F9m8nP0FhWSr6PTk8rDMhXxR2ONwXuDe40LW0PxPUPEnSVvkrhevzelRLmVLHf3J1AOiMUz8ddTEHrGsPnK6NL3Fg%2FwU%2BLd6cDnNzs0Q7mMR9nfktjKFRdV"}],"group":"cf-nel","max_age":604800}', 'NEL': '{"success_fraction":0,"report_to":"cf-nel","max_age":604800}', 'Server': 'cloudflare', 'CF-RAY': '8a8b0eb26ecf67a2-SJC', 'alt-svc': 'h3=":443"; ma=86400'} 
 body={"results":[{"gender":"female","name":{"title":"Ms","first":"Diana","last":"Sutton"},"location":{"street":{"number":8191,"name":"Church Road"},"city":"Newry","state":"Worcestershire","country":"United Kingdom","postcode":"VN1M 2WL","coordinates":{"latitude":"-4.3032","longitude":"13.4679"},"timezone":{"offset":"-6:00","description":"Central Time (US &amp; Canada), Mexico City"}},"email":"diana.sutton@example.com","login":{"uuid":"4ed3d29f-b4fe-44b2-b16c-7dbd3e721736","username":"silverladybug846","password":"hello","salt":"s84sSioh","md5":"09b0cbb24439332f452fadefcf96fa57","sha1":"e2a694e55db9241e3897f935447e5959319a7039","sha256":"2ac652d6102679a92492751cc92a3708bb17d1032211ccbf1e780dc16a6ceb1c"},"dob":{"date":"1986-02-16T13:15:19.187Z","age":38},"registered":{"date":"2018-11-14T22:28:40.316Z","age":5},"phone":"024 4314 5475","cell":"07986 012695","id":{"name":"NINO","value":"WE 95 08 58 W"},"picture":{"large":"https://randomuser.me/api/portraits/women/23.jpg","medium":"https://randomuser.me/api/portraits/med/women/23.jpg","thumbnail":"https://randomuser.me/api/portraits/thumb/women/23.jpg"},"nat":"GB"}],"info":{"seed":"9561c8f5d4511d0b","results":1,"page":1,"version":"1.4"}} 
 </msg>
<msg time="2024-07-25T09:17:32.205659" level="INFO">/opt/hostedtoolcache/Python/3.12.4/x64/lib/python3.12/site-packages/urllib3/connectionpool.py:1099: InsecureRequestWarning: Unverified HTTPS request is being made to host 'randomuser.me'. Adding certificate verification is strongly advised. See: https://urllib3.readthedocs.io/en/latest/advanced-usage.html#tls-warnings
  warnings.warn(</msg>
<msg time="2024-07-25T09:17:32.205806" level="INFO">${response} = &lt;Response [200]&gt;</msg>
<var>${response}</var>
<arg>consultarAPI</arg>
<arg>/api</arg>
<doc>Sends a GET request on a previously created HTTP Session.</doc>
<status status="PASS" start="2024-07-25T09:17:31.904278" elapsed="0.301569"/>
</kw>
<kw name="Set Variable" owner="BuiltIn">
<msg time="2024-07-25T09:17:32.206905" level="INFO">${json_data} = {'results': [{'gender': 'female', 'name': {'title': 'Ms', 'first': 'Diana', 'last': 'Sutton'}, 'location': {'street': {'number': 8191, 'name': 'Church Road'}, 'city': 'Newry', 'state': 'Worcestershire...</msg>
<var>${json_data}</var>
<arg>${response.json()}</arg>
<doc>Returns the given values which can then be assigned to a variables.</doc>
<status status="PASS" start="2024-07-25T09:17:32.206328" elapsed="0.000605"/>
</kw>
<kw name="Log" owner="BuiltIn">
<msg time="2024-07-25T09:17:32.207406" level="INFO">{'results': [{'gender': 'female', 'name': {'title': 'Ms', 'first': 'Diana', 'last': 'Sutton'}, 'location': {'street': {'number': 8191, 'name': 'Church Road'}, 'city': 'Newry', 'state': 'Worcestershire', 'country': 'United Kingdom', 'postcode': 'VN1M 2WL', 'coordinates': {'latitude': '-4.3032', 'longitude': '13.4679'}, 'timezone': {'offset': '-6:00', 'description': 'Central Time (US &amp; Canada), Mexico City'}}, 'email': 'diana.sutton@example.com', 'login': {'uuid': '4ed3d29f-b4fe-44b2-b16c-7dbd3e721736', 'username': 'silverladybug846', 'password': 'hello', 'salt': 's84sSioh', 'md5': '09b0cbb24439332f452fadefcf96fa57', 'sha1': 'e2a694e55db9241e3897f935447e5959319a7039', 'sha256': '2ac652d6102679a92492751cc92a3708bb17d1032211ccbf1e780dc16a6ceb1c'}, 'dob': {'date': '1986-02-16T13:15:19.187Z', 'age': 38}, 'registered': {'date': '2018-11-14T22:28:40.316Z', 'age': 5}, 'phone': '024 4314 5475', 'cell': '07986 012695', 'id': {'name': 'NINO', 'value': 'WE 95 08 58 W'}, 'picture': {'large': 'https://randomuser.me/api/portraits/women/23.jpg', 'medium': 'https://randomuser.me/api/portraits/med/women/23.jpg', 'thumbnail': 'https://randomuser.me/api/portraits/thumb/women/23.jpg'}, 'nat': 'GB'}], 'info': {'seed': '9561c8f5d4511d0b', 'results': 1, 'page': 1, 'version': '1.4'}}</msg>
<arg>${json_data}</arg>
<doc>Logs the given message with the given level.</doc>
<status status="PASS" start="2024-07-25T09:17:32.207242" elapsed="0.000214"/>
</kw>
<kw name="Dictionary Should Contain Key" owner="Collections">
<arg>${json_data}</arg>
<arg>results</arg>
<doc>Fails if ``key`` is not found from ``dictionary``.</doc>
<status status="PASS" start="2024-07-25T09:17:32.207745" elapsed="0.000163"/>
</kw>
<kw name="Should Not Be Empty" owner="BuiltIn">
<msg time="2024-07-25T09:17:32.208221" level="INFO">Length is 2.</msg>
<arg>${json_data}</arg>
<doc>Verifies that the given item is not empty.</doc>
<status status="PASS" start="2024-07-25T09:17:32.208090" elapsed="0.000169"/>
</kw>
<kw name="Create List" owner="BuiltIn">
<msg time="2024-07-25T09:17:32.208694" level="INFO">${expected_keys} = ['gender', 'name', 'location', 'email', 'login']</msg>
<var>${expected_keys}</var>
<arg>gender</arg>
<arg>name</arg>
<arg>location</arg>
<arg>email</arg>
<arg>login</arg>
<doc>Returns a list containing given items.</doc>
<status status="PASS" start="2024-07-25T09:17:32.208543" elapsed="0.000175"/>
</kw>
<for flavor="IN">
<iter>
<kw name="Dictionary Should Contain Key" owner="Collections">
<arg>${json_data['results'][0]}</arg>
<arg>${key}</arg>
<doc>Fails if ``key`` is not found from ``dictionary``.</doc>
<status status="PASS" start="2024-07-25T09:17:32.209295" elapsed="0.000404"/>
</kw>
<kw name="Log" owner="BuiltIn">
<msg time="2024-07-25T09:17:32.210246" level="INFO">{'gender': 'female', 'name': {'title': 'Ms', 'first': 'Diana', 'last': 'Sutton'}, 'location': {'street': {'number': 8191, 'name': 'Church Road'}, 'city': 'Newry', 'state': 'Worcestershire', 'country': 'United Kingdom', 'postcode': 'VN1M 2WL', 'coordinates': {'latitude': '-4.3032', 'longitude': '13.4679'}, 'timezone': {'offset': '-6:00', 'description': 'Central Time (US &amp; Canada), Mexico City'}}, 'email': 'diana.sutton@example.com', 'login': {'uuid': '4ed3d29f-b4fe-44b2-b16c-7dbd3e721736', 'username': 'silverladybug846', 'password': 'hello', 'salt': 's84sSioh', 'md5': '09b0cbb24439332f452fadefcf96fa57', 'sha1': 'e2a694e55db9241e3897f935447e5959319a7039', 'sha256': '2ac652d6102679a92492751cc92a3708bb17d1032211ccbf1e780dc16a6ceb1c'}, 'dob': {'date': '1986-02-16T13:15:19.187Z', 'age': 38}, 'registered': {'date': '2018-11-14T22:28:40.316Z', 'age': 5}, 'phone': '024 4314 5475', 'cell': '07986 012695', 'id': {'name': 'NINO', 'value': 'WE 95 08 58 W'}, 'picture': {'large': 'https://randomuser.me/api/portraits/women/23.jpg', 'medium': 'https://randomuser.me/api/portraits/med/women/23.jpg', 'thumbnail': 'https://randomuser.me/api/portraits/thumb/women/23.jpg'}, 'nat': 'GB'}</msg>
<arg>${json_data['results'][0]}</arg>
<doc>Logs the given message with the given level.</doc>
<status status="PASS" start="2024-07-25T09:17:32.209881" elapsed="0.000413"/>
</kw>
<kw name="Log" owner="BuiltIn">
<msg time="2024-07-25T09:17:32.210768" level="INFO">gender</msg>
<arg>${key}</arg>
<doc>Logs the given message with the given level.</doc>
<status status="PASS" start="2024-07-25T09:17:32.210627" elapsed="0.000180"/>
</kw>
<var name="${key}">gender</var>
<status status="PASS" start="2024-07-25T09:17:32.209171" elapsed="0.001858"/>
</iter>
<iter>
<kw name="Dictionary Should Contain Key" owner="Collections">
<arg>${json_data['results'][0]}</arg>
<arg>${key}</arg>
<doc>Fails if ``key`` is not found from ``dictionary``.</doc>
<status status="PASS" start="2024-07-25T09:17:32.211321" elapsed="0.000381"/>
</kw>
<kw name="Log" owner="BuiltIn">
<msg time="2024-07-25T09:17:32.212279" level="INFO">{'gender': 'female', 'name': {'title': 'Ms', 'first': 'Diana', 'last': 'Sutton'}, 'location': {'street': {'number': 8191, 'name': 'Church Road'}, 'city': 'Newry', 'state': 'Worcestershire', 'country': 'United Kingdom', 'postcode': 'VN1M 2WL', 'coordinates': {'latitude': '-4.3032', 'longitude': '13.4679'}, 'timezone': {'offset': '-6:00', 'description': 'Central Time (US &amp; Canada), Mexico City'}}, 'email': 'diana.sutton@example.com', 'login': {'uuid': '4ed3d29f-b4fe-44b2-b16c-7dbd3e721736', 'username': 'silverladybug846', 'password': 'hello', 'salt': 's84sSioh', 'md5': '09b0cbb24439332f452fadefcf96fa57', 'sha1': 'e2a694e55db9241e3897f935447e5959319a7039', 'sha256': '2ac652d6102679a92492751cc92a3708bb17d1032211ccbf1e780dc16a6ceb1c'}, 'dob': {'date': '1986-02-16T13:15:19.187Z', 'age': 38}, 'registered': {'date': '2018-11-14T22:28:40.316Z', 'age': 5}, 'phone': '024 4314 5475', 'cell': '07986 012695', 'id': {'name': 'NINO', 'value': 'WE 95 08 58 W'}, 'picture': {'large': 'https://randomuser.me/api/portraits/women/23.jpg', 'medium': 'https://randomuser.me/api/portraits/med/women/23.jpg', 'thumbnail': 'https://randomuser.me/api/portraits/thumb/women/23.jpg'}, 'nat': 'GB'}</msg>
<arg>${json_data['results'][0]}</arg>
<doc>Logs the given message with the given level.</doc>
<status status="PASS" start="2024-07-25T09:17:32.211923" elapsed="0.000405"/>
</kw>
<kw name="Log" owner="BuiltIn">
<msg time="2024-07-25T09:17:32.212760" level="INFO">name</msg>
<arg>${key}</arg>
<doc>Logs the given message with the given level.</doc>
<status status="PASS" start="2024-07-25T09:17:32.212634" elapsed="0.000163"/>
</kw>
<var name="${key}">name</var>
<status status="PASS" start="2024-07-25T09:17:32.211212" elapsed="0.001798"/>
</iter>
<iter>
<kw name="Dictionary Should Contain Key" owner="Collections">
<arg>${json_data['results'][0]}</arg>
<arg>${key}</arg>
<doc>Fails if ``key`` is not found from ``dictionary``.</doc>
<status status="PASS" start="2024-07-25T09:17:32.213293" elapsed="0.000381"/>
</kw>
<kw name="Log" owner="BuiltIn">
<msg time="2024-07-25T09:17:32.214237" level="INFO">{'gender': 'female', 'name': {'title': 'Ms', 'first': 'Diana', 'last': 'Sutton'}, 'location': {'street': {'number': 8191, 'name': 'Church Road'}, 'city': 'Newry', 'state': 'Worcestershire', 'country': 'United Kingdom', 'postcode': 'VN1M 2WL', 'coordinates': {'latitude': '-4.3032', 'longitude': '13.4679'}, 'timezone': {'offset': '-6:00', 'description': 'Central Time (US &amp; Canada), Mexico City'}}, 'email': 'diana.sutton@example.com', 'login': {'uuid': '4ed3d29f-b4fe-44b2-b16c-7dbd3e721736', 'username': 'silverladybug846', 'password': 'hello', 'salt': 's84sSioh', 'md5': '09b0cbb24439332f452fadefcf96fa57', 'sha1': 'e2a694e55db9241e3897f935447e5959319a7039', 'sha256': '2ac652d6102679a92492751cc92a3708bb17d1032211ccbf1e780dc16a6ceb1c'}, 'dob': {'date': '1986-02-16T13:15:19.187Z', 'age': 38}, 'registered': {'date': '2018-11-14T22:28:40.316Z', 'age': 5}, 'phone': '024 4314 5475', 'cell': '07986 012695', 'id': {'name': 'NINO', 'value': 'WE 95 08 58 W'}, 'picture': {'large': 'https://randomuser.me/api/portraits/women/23.jpg', 'medium': 'https://randomuser.me/api/portraits/med/women/23.jpg', 'thumbnail': 'https://randomuser.me/api/portraits/thumb/women/23.jpg'}, 'nat': 'GB'}</msg>
<arg>${json_data['results'][0]}</arg>
<doc>Logs the given message with the given level.</doc>
<status status="PASS" start="2024-07-25T09:17:32.213862" elapsed="0.000423"/>
</kw>
<kw name="Log" owner="BuiltIn">
<msg time="2024-07-25T09:17:32.214758" level="INFO">location</msg>
<arg>${key}</arg>
<doc>Logs the given message with the given level.</doc>
<status status="PASS" start="2024-07-25T09:17:32.214618" elapsed="0.000178"/>
</kw>
<var name="${key}">location</var>
<status status="PASS" start="2024-07-25T09:17:32.213187" elapsed="0.001829"/>
</iter>
<iter>
<kw name="Dictionary Should Contain Key" owner="Collections">
<arg>${json_data['results'][0]}</arg>
<arg>${key}</arg>
<doc>Fails if ``key`` is not found from ``dictionary``.</doc>
<status status="PASS" start="2024-07-25T09:17:32.215297" elapsed="0.000377"/>
</kw>
<kw name="Log" owner="BuiltIn">
<msg time="2024-07-25T09:17:32.216331" level="INFO">{'gender': 'female', 'name': {'title': 'Ms', 'first': 'Diana', 'last': 'Sutton'}, 'location': {'street': {'number': 8191, 'name': 'Church Road'}, 'city': 'Newry', 'state': 'Worcestershire', 'country': 'United Kingdom', 'postcode': 'VN1M 2WL', 'coordinates': {'latitude': '-4.3032', 'longitude': '13.4679'}, 'timezone': {'offset': '-6:00', 'description': 'Central Time (US &amp; Canada), Mexico City'}}, 'email': 'diana.sutton@example.com', 'login': {'uuid': '4ed3d29f-b4fe-44b2-b16c-7dbd3e721736', 'username': 'silverladybug846', 'password': 'hello', 'salt': 's84sSioh', 'md5': '09b0cbb24439332f452fadefcf96fa57', 'sha1': 'e2a694e55db9241e3897f935447e5959319a7039', 'sha256': '2ac652d6102679a92492751cc92a3708bb17d1032211ccbf1e780dc16a6ceb1c'}, 'dob': {'date': '1986-02-16T13:15:19.187Z', 'age': 38}, 'registered': {'date': '2018-11-14T22:28:40.316Z', 'age': 5}, 'phone': '024 4314 5475', 'cell': '07986 012695', 'id': {'name': 'NINO', 'value': 'WE 95 08 58 W'}, 'picture': {'large': 'https://randomuser.me/api/portraits/women/23.jpg', 'medium': 'https://randomuser.me/api/portraits/med/women/23.jpg', 'thumbnail': 'https://randomuser.me/api/portraits/thumb/women/23.jpg'}, 'nat': 'GB'}</msg>
<arg>${json_data['results'][0]}</arg>
<doc>Logs the given message with the given level.</doc>
<status status="PASS" start="2024-07-25T09:17:32.215977" elapsed="0.000407"/>
</kw>
<kw name="Log" owner="BuiltIn">
<msg time="2024-07-25T09:17:32.216835" level="INFO">email</msg>
<arg>${key}</arg>
<doc>Logs the given message with the given level.</doc>
<status status="PASS" start="2024-07-25T09:17:32.216707" elapsed="0.000168"/>
</kw>
<var name="${key}">email</var>
<status status="PASS" start="2024-07-25T09:17:32.215191" elapsed="0.001901"/>
</iter>
<iter>
<kw name="Dictionary Should Contain Key" owner="Collections">
<arg>${json_data['results'][0]}</arg>
<arg>${key}</arg>
<doc>Fails if ``key`` is not found from ``dictionary``.</doc>
<status status="PASS" start="2024-07-25T09:17:32.217373" elapsed="0.000370"/>
</kw>
<kw name="Log" owner="BuiltIn">
<msg time="2024-07-25T09:17:32.218277" level="INFO">{'gender': 'female', 'name': {'title': 'Ms', 'first': 'Diana', 'last': 'Sutton'}, 'location': {'street': {'number': 8191, 'name': 'Church Road'}, 'city': 'Newry', 'state': 'Worcestershire', 'country': 'United Kingdom', 'postcode': 'VN1M 2WL', 'coordinates': {'latitude': '-4.3032', 'longitude': '13.4679'}, 'timezone': {'offset': '-6:00', 'description': 'Central Time (US &amp; Canada), Mexico City'}}, 'email': 'diana.sutton@example.com', 'login': {'uuid': '4ed3d29f-b4fe-44b2-b16c-7dbd3e721736', 'username': 'silverladybug846', 'password': 'hello', 'salt': 's84sSioh', 'md5': '09b0cbb24439332f452fadefcf96fa57', 'sha1': 'e2a694e55db9241e3897f935447e5959319a7039', 'sha256': '2ac652d6102679a92492751cc92a3708bb17d1032211ccbf1e780dc16a6ceb1c'}, 'dob': {'date': '1986-02-16T13:15:19.187Z', 'age': 38}, 'registered': {'date': '2018-11-14T22:28:40.316Z', 'age': 5}, 'phone': '024 4314 5475', 'cell': '07986 012695', 'id': {'name': 'NINO', 'value': 'WE 95 08 58 W'}, 'picture': {'large': 'https://randomuser.me/api/portraits/women/23.jpg', 'medium': 'https://randomuser.me/api/portraits/med/women/23.jpg', 'thumbnail': 'https://randomuser.me/api/portraits/thumb/women/23.jpg'}, 'nat': 'GB'}</msg>
<arg>${json_data['results'][0]}</arg>
<doc>Logs the given message with the given level.</doc>
<status status="PASS" start="2024-07-25T09:17:32.217924" elapsed="0.000401"/>
</kw>
<kw name="Log" owner="BuiltIn">
<msg time="2024-07-25T09:17:32.218792" level="INFO">login</msg>
<arg>${key}</arg>
<doc>Logs the given message with the given level.</doc>
<status status="PASS" start="2024-07-25T09:17:32.218652" elapsed="0.000177"/>
</kw>
<var name="${key}">login</var>
<status status="PASS" start="2024-07-25T09:17:32.217265" elapsed="0.001790"/>
</iter>
<var>${key}</var>
<value>@{expected_keys}</value>
<status status="PASS" start="2024-07-25T09:17:32.208981" elapsed="0.010218"/>
</for>
<kw name="Create List" owner="BuiltIn">
<msg time="2024-07-25T09:17:32.219525" level="INFO">${expected_keysTwo} = ['username', 'password']</msg>
<var>${expected_keysTwo}</var>
<arg>username</arg>
<arg>password</arg>
<doc>Returns a list containing given items.</doc>
<status status="PASS" start="2024-07-25T09:17:32.219393" elapsed="0.000155"/>
</kw>
<for flavor="IN">
<iter>
<kw name="Dictionary Should Contain Key" owner="Collections">
<arg>${json_data['results'][0]['login']}</arg>
<arg>${keyTwo}</arg>
<doc>Fails if ``key`` is not found from ``dictionary``.</doc>
<status status="PASS" start="2024-07-25T09:17:32.220035" elapsed="0.000379"/>
</kw>
<kw name="Dictionary Should Contain Key" owner="Collections">
<arg>${json_data['results'][0]['login']}</arg>
<arg>${keyTwo}</arg>
<doc>Fails if ``key`` is not found from ``dictionary``.</doc>
<status status="PASS" start="2024-07-25T09:17:32.220596" elapsed="0.000369"/>
</kw>
<kw name="Log" owner="BuiltIn">
<msg time="2024-07-25T09:17:32.221270" level="INFO">username</msg>
<arg>${keyTwo}</arg>
<doc>Logs the given message with the given level.</doc>
<status status="PASS" start="2024-07-25T09:17:32.221148" elapsed="0.000160"/>
</kw>
<var name="${keyTwo}">username</var>
<status status="PASS" start="2024-07-25T09:17:32.219930" elapsed="0.001598"/>
</iter>
<iter>
<kw name="Dictionary Should Contain Key" owner="Collections">
<arg>${json_data['results'][0]['login']}</arg>
<arg>${keyTwo}</arg>
<doc>Fails if ``key`` is not found from ``dictionary``.</doc>
<status status="PASS" start="2024-07-25T09:17:32.221804" elapsed="0.000384"/>
</kw>
<kw name="Dictionary Should Contain Key" owner="Collections">
<arg>${json_data['results'][0]['login']}</arg>
<arg>${keyTwo}</arg>
<doc>Fails if ``key`` is not found from ``dictionary``.</doc>
<status status="PASS" start="2024-07-25T09:17:32.222366" elapsed="0.000398"/>
</kw>
<kw name="Log" owner="BuiltIn">
<msg time="2024-07-25T09:17:32.223065" level="INFO">password</msg>
<arg>${keyTwo}</arg>
<doc>Logs the given message with the given level.</doc>
<status status="PASS" start="2024-07-25T09:17:32.222938" elapsed="0.000164"/>
</kw>
<var name="${keyTwo}">password</var>
<status status="PASS" start="2024-07-25T09:17:32.221700" elapsed="0.001622"/>
</iter>
<var>${keyTwo}</var>
<value>@{expected_keysTwo}</value>
<status status="PASS" start="2024-07-25T09:17:32.219780" elapsed="0.003663"/>
</for>
<status status="PASS" start="2024-07-25T09:17:31.904017" elapsed="0.319566"/>
</kw>
<doc>Testa a estrutura da resposta da API.</doc>
<tag>testeEstruturaResposta</tag>
<status status="PASS" start="2024-07-25T09:17:31.903396" elapsed="0.320345"/>
</test>
<test id="s1-s1-t4" name="Validar tipos de dados" line="28">
<kw name="Teste de Tipos de Dados" owner="random-user-service">
<kw name="GET On Session" owner="RequestsLibrary">
<msg time="2024-07-25T09:17:32.345163" level="INFO">GET Request : url=https://randomuser.me/api 
 path_url=/api 
 headers={'User-Agent': 'python-requests/2.32.3', 'Accept-Encoding': 'gzip, deflate', 'Accept': '*/*', 'Connection': 'keep-alive'} 
 body=None 
 </msg>
<msg time="2024-07-25T09:17:32.345274" level="INFO">GET Response : url=https://randomuser.me/api 
 status=200, reason=OK 
 headers={'Date': 'Thu, 25 Jul 2024 09:17:32 GMT', 'Content-Type': 'application/json; charset=utf-8', 'Transfer-Encoding': 'chunked', 'Connection': 'keep-alive', 'X-Powered-By': 'Express', 'Access-Control-Allow-Origin': '*', 'Cache-Control': 'no-cache', 'ETag': 'W/"494-Zv8YHvGyxmIuoYh22GNXu566Npg"', 'Vary': 'Accept-Encoding', 'Content-Encoding': 'gzip', 'CF-Cache-Status': 'DYNAMIC', 'Report-To': '{"endpoints":[{"url":"https:\\/\\/a.nel.cloudflare.com\\/report\\/v4?s=a%2BvoCx%2Bpk%2B3IKeLTXqgBf8abFOucWPc7RwHvdXB3eU1a6OHF8qMHk4elc2I6ka43eg%2FgXOkshwsrHecIRDz9z%2FhRVeMjNz71upR33hUwKZDY7d7FdPQGKValXyLNgGbJ"}],"group":"cf-nel","max_age":604800}', 'NEL': '{"success_fraction":0,"report_to":"cf-nel","max_age":604800}', 'Server': 'cloudflare', 'CF-RAY': '8a8b0eb46fed67a2-SJC', 'alt-svc': 'h3=":443"; ma=86400'} 
 body={"results":[{"gender":"female","name":{"title":"Mademoiselle","first":"Virginie","last":"Gonzalez"},"location":{"street":{"number":8719,"name":"Place de L'Église"},"city":"Noflen","state":"St. Gallen","country":"Switzerland","postcode":1030,"coordinates":{"latitude":"-63.1228","longitude":"42.1484"},"timezone":{"offset":"+3:30","description":"Tehran"}},"email":"virginie.gonzalez@example.com","login":{"uuid":"f6d9d39b-8551-4617-845f-032316089228","username":"yellowbear270","password":"enjoy","salt":"vthzfCWq","md5":"090718e098cb93e76d31ab41cfb7de46","sha1":"902319808f00ae630a9ef1ee2bde0a00192eb130","sha256":"34cb4e64913b45030e2171cb337c116e819ff40150941d869656ae2442993b15"},"dob":{"date":"1951-10-03T19:41:59.128Z","age":72},"registered":{"date":"2006-12-10T21:08:40.820Z","age":17},"phone":"077 511 54 61","cell":"078 978 30 42","id":{"name":"AVS","value":"756.4433.5565.82"},"picture":{"large":"https://randomuser.me/api/portraits/women/7.jpg","medium":"https://randomuser.me/api/portraits/med/women/7.jpg","thumbnail":"https://randomuser.me/api/portraits/thumb/women/7.jpg"},"nat":"CH"}],"info":{"seed":"cc97a0f46471c997","results":1,"page":1,"version":"1.4"}} 
 </msg>
<msg time="2024-07-25T09:17:32.345357" level="INFO">/opt/hostedtoolcache/Python/3.12.4/x64/lib/python3.12/site-packages/urllib3/connectionpool.py:1099: InsecureRequestWarning: Unverified HTTPS request is being made to host 'randomuser.me'. Adding certificate verification is strongly advised. See: https://urllib3.readthedocs.io/en/latest/advanced-usage.html#tls-warnings
  warnings.warn(</msg>
<msg time="2024-07-25T09:17:32.345518" level="INFO">${response} = &lt;Response [200]&gt;</msg>
<var>${response}</var>
<arg>consultarAPI</arg>
<arg>/api</arg>
<doc>Sends a GET request on a previously created HTTP Session.</doc>
<status status="PASS" start="2024-07-25T09:17:32.226308" elapsed="0.119259"/>
</kw>
<kw name="Set Variable" owner="BuiltIn">
<msg time="2024-07-25T09:17:32.346658" level="INFO">${json_data} = {'results': [{'gender': 'female', 'name': {'title': 'Mademoiselle', 'first': 'Virginie', 'last': 'Gonzalez'}, 'location': {'street': {'number': 8719, 'name': "Place de L'Église"}, 'city': 'Noflen', 's...</msg>
<var>${json_data}</var>
<arg>${response.json()}</arg>
<doc>Returns the given values which can then be assigned to a variables.</doc>
<status status="PASS" start="2024-07-25T09:17:32.346106" elapsed="0.000582"/>
</kw>
<kw name="Log" owner="BuiltIn">
<msg time="2024-07-25T09:17:32.347156" level="INFO">{'results': [{'gender': 'female', 'name': {'title': 'Mademoiselle', 'first': 'Virginie', 'last': 'Gonzalez'}, 'location': {'street': {'number': 8719, 'name': "Place de L'Église"}, 'city': 'Noflen', 'state': 'St. Gallen', 'country': 'Switzerland', 'postcode': 1030, 'coordinates': {'latitude': '-63.1228', 'longitude': '42.1484'}, 'timezone': {'offset': '+3:30', 'description': 'Tehran'}}, 'email': 'virginie.gonzalez@example.com', 'login': {'uuid': 'f6d9d39b-8551-4617-845f-032316089228', 'username': 'yellowbear270', 'password': 'enjoy', 'salt': 'vthzfCWq', 'md5': '090718e098cb93e76d31ab41cfb7de46', 'sha1': '902319808f00ae630a9ef1ee2bde0a00192eb130', 'sha256': '34cb4e64913b45030e2171cb337c116e819ff40150941d869656ae2442993b15'}, 'dob': {'date': '1951-10-03T19:41:59.128Z', 'age': 72}, 'registered': {'date': '2006-12-10T21:08:40.820Z', 'age': 17}, 'phone': '077 511 54 61', 'cell': '078 978 30 42', 'id': {'name': 'AVS', 'value': '756.4433.5565.82'}, 'picture': {'large': 'https://randomuser.me/api/portraits/women/7.jpg', 'medium': 'https://randomuser.me/api/portraits/med/women/7.jpg', 'thumbnail': 'https://randomuser.me/api/portraits/thumb/women/7.jpg'}, 'nat': 'CH'}], 'info': {'seed': 'cc97a0f46471c997', 'results': 1, 'page': 1, 'version': '1.4'}}</msg>
<arg>${json_data}</arg>
<doc>Logs the given message with the given level.</doc>
<status status="PASS" start="2024-07-25T09:17:32.346995" elapsed="0.000209"/>
</kw>
<kw name="Should Be String" owner="String">
<arg>${json_data['results'][0]['gender']}</arg>
<doc>Fails if the given ``item`` is not a string.</doc>
<status status="PASS" start="2024-07-25T09:17:32.347500" elapsed="0.000398"/>
</kw>
<kw name="Should Match Regexp" owner="BuiltIn">
<arg>${json_data['results'][0]['email']}</arg>
<arg>^[a-zA-Z0-9._%+-]+@[a-zA-Z0-9.-]+\.[a-zA-Z]{2,}$</arg>
<doc>Fails if ``string`` does not match ``pattern`` as a regular expression.</doc>
<status status="PASS" start="2024-07-25T09:17:32.348086" elapsed="0.000510"/>
</kw>
<kw name="Should Match Regexp" owner="BuiltIn">
<arg>${json_data['results'][0]['dob']['date']}</arg>
<arg>\\d{4}-\\d{2}-\\d{2}T\\d{2}:\\d{2}:\\d{2}\\.\\d{3}Z</arg>
<doc>Fails if ``string`` does not match ``pattern`` as a regular expression.</doc>
<status status="PASS" start="2024-07-25T09:17:32.348787" elapsed="0.000632"/>
</kw>
<kw name="Should Match Regexp" owner="BuiltIn">
<arg>${json_data['results'][0]['registered']['date']}</arg>
<arg>\\d{4}-\\d{2}-\\d{2}T\\d{2}:\\d{2}:\\d{2}\\.\\d{3}Z</arg>
<doc>Fails if ``string`` does not match ``pattern`` as a regular expression.</doc>
<status status="PASS" start="2024-07-25T09:17:32.349612" elapsed="0.000367"/>
</kw>
<kw name="Should Match Regexp" owner="BuiltIn">
<arg>${json_data['results'][0]['picture']['large']}</arg>
<arg>^https?://.*\.(?:png|jpe?g|gif|bmp)$</arg>
<doc>Fails if ``string`` does not match ``pattern`` as a regular expression.</doc>
<status status="PASS" start="2024-07-25T09:17:32.350163" elapsed="0.000492"/>
</kw>
<kw name="Should Match Regexp" owner="BuiltIn">
<arg>${json_data['results'][0]['picture']['medium']}</arg>
<arg>^https?://.*\.(?:png|jpe?g|gif|bmp)$</arg>
<doc>Fails if ``string`` does not match ``pattern`` as a regular expression.</doc>
<status status="PASS" start="2024-07-25T09:17:32.350848" elapsed="0.000357"/>
</kw>
<kw name="Should Match Regexp" owner="BuiltIn">
<arg>${json_data['results'][0]['picture']['thumbnail']}</arg>
<arg>^https?://.*\.(?:png|jpe?g|gif|bmp)$</arg>
<doc>Fails if ``string`` does not match ``pattern`` as a regular expression.</doc>
<status status="PASS" start="2024-07-25T09:17:32.351387" elapsed="0.000394"/>
</kw>
<kw name="Log" owner="BuiltIn">
<msg time="2024-07-25T09:17:32.352292" level="INFO">{'large': 'https://randomuser.me/api/portraits/women/7.jpg', 'medium': 'https://randomuser.me/api/portraits/med/women/7.jpg', 'thumbnail': 'https://randomuser.me/api/portraits/thumb/women/7.jpg'}</msg>
<arg>${json_data['results'][0]['picture']}</arg>
<doc>Logs the given message with the given level.</doc>
<status status="PASS" start="2024-07-25T09:17:32.351961" elapsed="0.000374"/>
</kw>
<status status="PASS" start="2024-07-25T09:17:32.226082" elapsed="0.126510"/>
</kw>
<kw name="Teste de Tipos de Dados - Postcode" owner="random-user-service">
<kw name="GET On Session" owner="RequestsLibrary">
<msg time="2024-07-25T09:17:32.449793" level="INFO">GET Request : url=https://randomuser.me/api 
 path_url=/api 
 headers={'User-Agent': 'python-requests/2.32.3', 'Accept-Encoding': 'gzip, deflate', 'Accept': '*/*', 'Connection': 'keep-alive'} 
 body=None 
 </msg>
<msg time="2024-07-25T09:17:32.449888" level="INFO">GET Response : url=https://randomuser.me/api 
 status=200, reason=OK 
 headers={'Date': 'Thu, 25 Jul 2024 09:17:32 GMT', 'Content-Type': 'application/json; charset=utf-8', 'Transfer-Encoding': 'chunked', 'Connection': 'keep-alive', 'X-Powered-By': 'Express', 'Access-Control-Allow-Origin': '*', 'Cache-Control': 'no-cache', 'ETag': 'W/"4a8-nE2oPFGa75qSkloZ/JRZ0q/uKIs"', 'Vary': 'Accept-Encoding', 'Content-Encoding': 'gzip', 'CF-Cache-Status': 'DYNAMIC', 'Report-To': '{"endpoints":[{"url":"https:\\/\\/a.nel.cloudflare.com\\/report\\/v4?s=2PyOdDtS8qndkhVycYzD%2Fah66%2FPvJEuxvwstzuHDnIjDBjsEgVmDl7mYEcvS%2BHhjjvfl1ADb67uTk%2Brsybh6NKcLjP93azsl5IryaWixbXy8h%2BsiRgInO%2FlUQovh5M8S"}],"group":"cf-nel","max_age":604800}', 'NEL': '{"success_fraction":0,"report_to":"cf-nel","max_age":604800}', 'Server': 'cloudflare', 'CF-RAY': '8a8b0eb5384367a2-SJC', 'alt-svc': 'h3=":443"; ma=86400'} 
 body={"results":[{"gender":"male","name":{"title":"Mr","first":"Maël","last":"Guillaume"},"location":{"street":{"number":6381,"name":"Place du 8 Novembre 1942"},"city":"Amiens","state":"Ille-et-Vilaine","country":"France","postcode":81394,"coordinates":{"latitude":"-18.1445","longitude":"-160.8060"},"timezone":{"offset":"+5:30","description":"Bombay, Calcutta, Madras, New Delhi"}},"email":"mael.guillaume@example.com","login":{"uuid":"a6ba407c-566b-49b4-bd7e-7ae3b0c5a7e3","username":"heavyswan525","password":"smurf","salt":"tBAULTrS","md5":"4bbe36038bfc2b94ed2b14972fe6b2b9","sha1":"ee7dad2a1482fbcdf715137ccd447aa18c7ac01a","sha256":"54d4066b19c307ef835af495569998b34b7bf0b67d902dc48ce098519d117e79"},"dob":{"date":"1980-04-25T20:07:47.483Z","age":44},"registered":{"date":"2020-09-05T15:25:15.952Z","age":3},"phone":"04-08-36-49-23","cell":"06-35-65-98-55","id":{"name":"INSEE","value":"1800329829120 84"},"picture":{"large":"https://randomuser.me/api/portraits/men/24.jpg","medium":"https://randomuser.me/api/portraits/med/men/24.jpg","thumbnail":"https://randomuser.me/api/portraits/thumb/men/24.jpg"},"nat":"FR"}],"info":{"seed":"4333f01adb3322b3","results":1,"page":1,"version":"1.4"}} 
 </msg>
<msg time="2024-07-25T09:17:32.449961" level="INFO">/opt/hostedtoolcache/Python/3.12.4/x64/lib/python3.12/site-packages/urllib3/connectionpool.py:1099: InsecureRequestWarning: Unverified HTTPS request is being made to host 'randomuser.me'. Adding certificate verification is strongly advised. See: https://urllib3.readthedocs.io/en/latest/advanced-usage.html#tls-warnings
  warnings.warn(</msg>
<msg time="2024-07-25T09:17:32.450097" level="INFO">${response} = &lt;Response [200]&gt;</msg>
<var>${response}</var>
<arg>consultarAPI</arg>
<arg>/api</arg>
<doc>Sends a GET request on a previously created HTTP Session.</doc>
<status status="PASS" start="2024-07-25T09:17:32.353046" elapsed="0.097092"/>
</kw>
<kw name="Set Variable" owner="BuiltIn">
<msg time="2024-07-25T09:17:32.451267" level="INFO">${json_data} = {'results': [{'gender': 'male', 'name': {'title': 'Mr', 'first': 'Maël', 'last': 'Guillaume'}, 'location': {'street': {'number': 6381, 'name': 'Place du 8 Novembre 1942'}, 'city': 'Amiens', 'state': '...</msg>
<var>${json_data}</var>
<arg>${response.json()}</arg>
<doc>Returns the given values which can then be assigned to a variables.</doc>
<status status="PASS" start="2024-07-25T09:17:32.450707" elapsed="0.000590"/>
</kw>
<kw name="Log" owner="BuiltIn">
<msg time="2024-07-25T09:17:32.451771" level="INFO">{'results': [{'gender': 'male', 'name': {'title': 'Mr', 'first': 'Maël', 'last': 'Guillaume'}, 'location': {'street': {'number': 6381, 'name': 'Place du 8 Novembre 1942'}, 'city': 'Amiens', 'state': 'Ille-et-Vilaine', 'country': 'France', 'postcode': 81394, 'coordinates': {'latitude': '-18.1445', 'longitude': '-160.8060'}, 'timezone': {'offset': '+5:30', 'description': 'Bombay, Calcutta, Madras, New Delhi'}}, 'email': 'mael.guillaume@example.com', 'login': {'uuid': 'a6ba407c-566b-49b4-bd7e-7ae3b0c5a7e3', 'username': 'heavyswan525', 'password': 'smurf', 'salt': 'tBAULTrS', 'md5': '4bbe36038bfc2b94ed2b14972fe6b2b9', 'sha1': 'ee7dad2a1482fbcdf715137ccd447aa18c7ac01a', 'sha256': '54d4066b19c307ef835af495569998b34b7bf0b67d902dc48ce098519d117e79'}, 'dob': {'date': '1980-04-25T20:07:47.483Z', 'age': 44}, 'registered': {'date': '2020-09-05T15:25:15.952Z', 'age': 3}, 'phone': '04-08-36-49-23', 'cell': '06-35-65-98-55', 'id': {'name': 'INSEE', 'value': '1800329829120 84'}, 'picture': {'large': 'https://randomuser.me/api/portraits/men/24.jpg', 'medium': 'https://randomuser.me/api/portraits/med/men/24.jpg', 'thumbnail': 'https://randomuser.me/api/portraits/thumb/men/24.jpg'}, 'nat': 'FR'}], 'info': {'seed': '4333f01adb3322b3', 'results': 1, 'page': 1, 'version': '1.4'}}</msg>
<arg>${json_data}</arg>
<doc>Logs the given message with the given level.</doc>
<status status="PASS" start="2024-07-25T09:17:32.451608" elapsed="0.000222"/>
</kw>
<kw name="Should Be Equal As Numbers" owner="BuiltIn">
<arg>${json_data['results'][0]['location']['postcode']}</arg>
<arg>${json_data['results'][0]['location']['postcode']}</arg>
<doc>Fails if objects are unequal after converting them to real numbers.</doc>
<status status="PASS" start="2024-07-25T09:17:32.452123" elapsed="0.000623"/>
</kw>
<kw name="Log" owner="BuiltIn">
<msg time="2024-07-25T09:17:32.453308" level="INFO">81394</msg>
<arg>${json_data['results'][0]['location']['postcode']}</arg>
<doc>Logs the given message with the given level.</doc>
<status status="PASS" start="2024-07-25T09:17:32.452970" elapsed="0.000378"/>
</kw>
<status status="PASS" start="2024-07-25T09:17:32.352816" elapsed="0.100791"/>
</kw>
<doc>Testa se os tipos de dados na resposta da API estão corretos.</doc>
<tag>testeTiposDados</tag>
<status status="PASS" start="2024-07-25T09:17:32.225493" elapsed="0.228283"/>
</test>
<test id="s1-s1-t5" name="Validar conteudo" line="35">
<kw name="Teste de Tipos de Conteudo" owner="random-user-service">
<kw name="GET On Session" owner="RequestsLibrary">
<msg time="2024-07-25T09:17:32.596328" level="INFO">GET Request : url=https://randomuser.me/api 
 path_url=/api 
 headers={'User-Agent': 'python-requests/2.32.3', 'Accept-Encoding': 'gzip, deflate', 'Accept': '*/*', 'Connection': 'keep-alive'} 
 body=None 
 </msg>
<msg time="2024-07-25T09:17:32.596424" level="INFO">GET Response : url=https://randomuser.me/api 
 status=200, reason=OK 
 headers={'Date': 'Thu, 25 Jul 2024 09:17:32 GMT', 'Content-Type': 'application/json; charset=utf-8', 'Transfer-Encoding': 'chunked', 'Connection': 'keep-alive', 'X-Powered-By': 'Express', 'Access-Control-Allow-Origin': '*', 'Cache-Control': 'no-cache', 'ETag': 'W/"485-as4NQdmBIMWgAZ+rTTQALch1Dsg"', 'Vary': 'Accept-Encoding', 'Content-Encoding': 'gzip', 'CF-Cache-Status': 'DYNAMIC', 'Report-To': '{"endpoints":[{"url":"https:\\/\\/a.nel.cloudflare.com\\/report\\/v4?s=piik6UcPI81fFfqSP3UfNWS1KB3oztdXe71YbngJelsT%2FuJB6gmAS2DSsQvuQoMi%2BwDM%2BcJllu%2F7FEPAcKB1sAbOnPXDfBVWt%2FDNgt%2FI0gVHr89n3re0%2BD12eEjOkNv7"}],"group":"cf-nel","max_age":604800}', 'NEL': '{"success_fraction":0,"report_to":"cf-nel","max_age":604800}', 'Server': 'cloudflare', 'CF-RAY': '8a8b0eb5d89c67a2-SJC', 'alt-svc': 'h3=":443"; ma=86400'} 
 body={"results":[{"gender":"female","name":{"title":"Miss","first":"Olivia","last":"Halla"},"location":{"street":{"number":3548,"name":"Satakennankatu"},"city":"Vihti","state":"Northern Ostrobothnia","country":"Finland","postcode":60446,"coordinates":{"latitude":"-29.4063","longitude":"108.1745"},"timezone":{"offset":"+4:30","description":"Kabul"}},"email":"olivia.halla@example.com","login":{"uuid":"b12a5cf6-8e95-4ffa-bb71-c66f93ac3d25","username":"bigsnake490","password":"hookem","salt":"5Lv77PRR","md5":"9d2efb1e022536d0093914fcde57d87a","sha1":"fdad0ac77a780d7188c9e358eabdd150f8e561e4","sha256":"579a3db7c77b9bc8ec236940a4392eca05883653c15ca0222eed6414135c6dce"},"dob":{"date":"1967-07-20T22:36:16.578Z","age":57},"registered":{"date":"2021-07-31T23:50:43.718Z","age":2},"phone":"03-672-813","cell":"043-005-48-19","id":{"name":"HETU","value":"NaNNA962undefined"},"picture":{"large":"https://randomuser.me/api/portraits/women/60.jpg","medium":"https://randomuser.me/api/portraits/med/women/60.jpg","thumbnail":"https://randomuser.me/api/portraits/thumb/women/60.jpg"},"nat":"FI"}],"info":{"seed":"03fc8ddbca5428c3","results":1,"page":1,"version":"1.4"}} 
 </msg>
<msg time="2024-07-25T09:17:32.596495" level="INFO">/opt/hostedtoolcache/Python/3.12.4/x64/lib/python3.12/site-packages/urllib3/connectionpool.py:1099: InsecureRequestWarning: Unverified HTTPS request is being made to host 'randomuser.me'. Adding certificate verification is strongly advised. See: https://urllib3.readthedocs.io/en/latest/advanced-usage.html#tls-warnings
  warnings.warn(</msg>
<msg time="2024-07-25T09:17:32.596630" level="INFO">${response} = &lt;Response [200]&gt;</msg>
<var>${response}</var>
<arg>consultarAPI</arg>
<arg>/api</arg>
<doc>Sends a GET request on a previously created HTTP Session.</doc>
<status status="PASS" start="2024-07-25T09:17:32.456269" elapsed="0.140404"/>
</kw>
<kw name="Set Variable" owner="BuiltIn">
<msg time="2024-07-25T09:17:32.597713" level="INFO">${json_data} = {'results': [{'gender': 'female', 'name': {'title': 'Miss', 'first': 'Olivia', 'last': 'Halla'}, 'location': {'street': {'number': 3548, 'name': 'Satakennankatu'}, 'city': 'Vihti', 'state': 'Northern ...</msg>
<var>${json_data}</var>
<arg>${response.json()}</arg>
<doc>Returns the given values which can then be assigned to a variables.</doc>
<status status="PASS" start="2024-07-25T09:17:32.597210" elapsed="0.000531"/>
</kw>
<kw name="Set Variable" owner="BuiltIn">
<msg time="2024-07-25T09:17:32.598426" level="INFO">${name_title} = Miss</msg>
<var>${name_title}</var>
<arg>${json_data["results"][0]["name"]["title"]}</arg>
<doc>Returns the given values which can then be assigned to a variables.</doc>
<status status="PASS" start="2024-07-25T09:17:32.598052" elapsed="0.000399"/>
</kw>
<kw name="Create List" owner="BuiltIn">
<msg time="2024-07-25T09:17:32.598961" level="INFO">${allowed_titles} = ['Mr', 'Ms', 'Miss', 'Mrs', 'Madame', 'Monsieur']</msg>
<var>${allowed_titles}</var>
<arg>Mr</arg>
<arg>Ms</arg>
<arg>Miss</arg>
<arg>Mrs</arg>
<arg>Madame</arg>
<arg>Monsieur</arg>
<doc>Returns a list containing given items.</doc>
<status status="PASS" start="2024-07-25T09:17:32.598811" elapsed="0.000174"/>
</kw>
<kw name="List Should Contain Value" owner="Collections">
<arg>${allowed_titles}</arg>
<arg>${name_title}</arg>
<doc>Fails if the ``value`` is not found from ``list``.</doc>
<status status="PASS" start="2024-07-25T09:17:32.599283" elapsed="0.000180"/>
</kw>
<kw name="Set Variable" owner="BuiltIn">
<msg time="2024-07-25T09:17:32.600010" level="INFO">${name_country} = FI</msg>
<var>${name_country}</var>
<arg>${json_data["results"][0]["nat"]}</arg>
<doc>Returns the given values which can then be assigned to a variables.</doc>
<status status="PASS" start="2024-07-25T09:17:32.599639" elapsed="0.000396"/>
</kw>
<kw name="Create List" owner="BuiltIn">
<msg time="2024-07-25T09:17:32.600920" level="INFO">${list_country} = ['AD', 'AE', 'AF', 'AG', 'AI', 'AL', 'AM', 'AO', 'AQ', 'AR', 'AS', 'AT', 'AU', 'AW', 'AX', 'AZ', 'BA', 'BB', 'BD', 'BE', 'BF', 'BG', 'BH', 'BI', 'BJ', 'BL', 'BM', 'BN', 'BO', 'BQ', 'BR', 'BS', 'BT', '...</msg>
<var>${list_country}</var>
<arg>AD</arg>
<arg>AE</arg>
<arg>AF</arg>
<arg>AG</arg>
<arg>AI</arg>
<arg>AL</arg>
<arg>AM</arg>
<arg>AO</arg>
<arg>AQ</arg>
<arg>AR</arg>
<arg>AS</arg>
<arg>AT</arg>
<arg>AU</arg>
<arg>AW</arg>
<arg>AX</arg>
<arg>AZ</arg>
<arg>BA</arg>
<arg>BB</arg>
<arg>BD</arg>
<arg>BE</arg>
<arg>BF</arg>
<arg>BG</arg>
<arg>BH</arg>
<arg>BI</arg>
<arg>BJ</arg>
<arg>BL</arg>
<arg>BM</arg>
<arg>BN</arg>
<arg>BO</arg>
<arg>BQ</arg>
<arg>BR</arg>
<arg>BS</arg>
<arg>BT</arg>
<arg>BV</arg>
<arg>BW</arg>
<arg>BY</arg>
<arg>BZ</arg>
<arg>CA</arg>
<arg>CC</arg>
<arg>CD</arg>
<arg>CF</arg>
<arg>CG</arg>
<arg>CH</arg>
<arg>CI</arg>
<arg>CK</arg>
<arg>CL</arg>
<arg>CM</arg>
<arg>CN</arg>
<arg>CO</arg>
<arg>CR</arg>
<arg>CU</arg>
<arg>CV</arg>
<arg>CW</arg>
<arg>CX</arg>
<arg>CY</arg>
<arg>CZ</arg>
<arg>DE</arg>
<arg>DJ</arg>
<arg>DK</arg>
<arg>DM</arg>
<arg>DO</arg>
<arg>DZ</arg>
<arg>EC</arg>
<arg>EE</arg>
<arg>EG</arg>
<arg>EH</arg>
<arg>ER</arg>
<arg>ES</arg>
<arg>ET</arg>
<arg>FI</arg>
<arg>FJ</arg>
<arg>FK</arg>
<arg>FM</arg>
<arg>FO</arg>
<arg>FR</arg>
<arg>GA</arg>
<arg>GB</arg>
<arg>GD</arg>
<arg>GE</arg>
<arg>GF</arg>
<arg>GG</arg>
<arg>GH</arg>
<arg>GI</arg>
<arg>GL</arg>
<arg>GM</arg>
<arg>GN</arg>
<arg>GP</arg>
<arg>GQ</arg>
<arg>GR</arg>
<arg>GS</arg>
<arg>GT</arg>
<arg>GU</arg>
<arg>GW</arg>
<arg>GY</arg>
<arg>HK</arg>
<arg>HM</arg>
<arg>HN</arg>
<arg>HR</arg>
<arg>HT</arg>
<arg>HU</arg>
<arg>ID</arg>
<arg>IE</arg>
<arg>IL</arg>
<arg>IM</arg>
<arg>IN</arg>
<arg>IO</arg>
<arg>IQ</arg>
<arg>IR</arg>
<arg>IS</arg>
<arg>IT</arg>
<arg>JE</arg>
<arg>JM</arg>
<arg>JO</arg>
<arg>JP</arg>
<arg>KE</arg>
<arg>KG</arg>
<arg>KH</arg>
<arg>KI</arg>
<arg>KM</arg>
<arg>KN</arg>
<arg>KP</arg>
<arg>KR</arg>
<arg>KW</arg>
<arg>KY</arg>
<arg>KZ</arg>
<arg>LA</arg>
<arg>LB</arg>
<arg>LC</arg>
<arg>LI</arg>
<arg>LK</arg>
<arg>LR</arg>
<arg>LS</arg>
<arg>LT</arg>
<arg>LU</arg>
<arg>LV</arg>
<arg>LY</arg>
<arg>MA</arg>
<arg>MC</arg>
<arg>MD</arg>
<arg>ME</arg>
<arg>MF</arg>
<arg>MG</arg>
<arg>MH</arg>
<arg>MK</arg>
<arg>ML</arg>
<arg>MM</arg>
<arg>MN</arg>
<arg>MO</arg>
<arg>MP</arg>
<arg>MQ</arg>
<arg>MR</arg>
<arg>MS</arg>
<arg>MT</arg>
<arg>MU</arg>
<arg>MV</arg>
<arg>MW</arg>
<arg>MX</arg>
<arg>MY</arg>
<arg>MZ</arg>
<arg>NA</arg>
<arg>NC</arg>
<arg>NE</arg>
<arg>NF</arg>
<arg>NG</arg>
<arg>NI</arg>
<arg>NL</arg>
<arg>NO</arg>
<arg>NP</arg>
<arg>NR</arg>
<arg>NU</arg>
<arg>NZ</arg>
<arg>OM</arg>
<arg>PA</arg>
<arg>PE</arg>
<arg>PF</arg>
<arg>PG</arg>
<arg>PH</arg>
<arg>PK</arg>
<arg>PL</arg>
<arg>PM</arg>
<arg>PN</arg>
<arg>PR</arg>
<arg>PS</arg>
<arg>PT</arg>
<arg>PW</arg>
<arg>PY</arg>
<arg>QA</arg>
<arg>RE</arg>
<arg>RO</arg>
<arg>RS</arg>
<arg>RU</arg>
<arg>RW</arg>
<arg>SA</arg>
<arg>SB</arg>
<arg>SC</arg>
<arg>SD</arg>
<arg>SE</arg>
<arg>SG</arg>
<arg>SH</arg>
<arg>SI</arg>
<arg>SJ</arg>
<arg>SK</arg>
<arg>SL</arg>
<arg>SM</arg>
<arg>SN</arg>
<arg>SO</arg>
<arg>SR</arg>
<arg>SS</arg>
<arg>ST</arg>
<arg>SV</arg>
<arg>SX</arg>
<arg>SY</arg>
<arg>SZ</arg>
<arg>TC</arg>
<arg>TD</arg>
<arg>TF</arg>
<arg>TG</arg>
<arg>TH</arg>
<arg>TJ</arg>
<arg>TK</arg>
<arg>TL</arg>
<arg>TM</arg>
<arg>TN</arg>
<arg>TO</arg>
<arg>TR</arg>
<arg>TT</arg>
<arg>TV</arg>
<arg>TW</arg>
<arg>TZ</arg>
<arg>UA</arg>
<arg>UG</arg>
<arg>UM</arg>
<arg>US</arg>
<arg>UY</arg>
<arg>UZ</arg>
<arg>VA</arg>
<arg>VC</arg>
<arg>VE</arg>
<arg>VG</arg>
<arg>VI</arg>
<arg>VN</arg>
<arg>VU</arg>
<arg>WF</arg>
<arg>WS</arg>
<arg>XK</arg>
<arg>YE</arg>
<arg>YT</arg>
<arg>ZA</arg>
<arg>ZM</arg>
<arg>ZW</arg>
<doc>Returns a list containing given items.</doc>
<status status="PASS" start="2024-07-25T09:17:32.600320" elapsed="0.000626"/>
</kw>
<kw name="List Should Contain Value" owner="Collections">
<arg>${list_country}</arg>
<arg>${name_country}</arg>
<doc>Fails if the ``value`` is not found from ``list``.</doc>
<status status="PASS" start="2024-07-25T09:17:32.601918" elapsed="0.000209"/>
</kw>
<kw name="Run Keyword If" owner="BuiltIn">
<kw name="Should Be True" owner="BuiltIn">
<arg>${True}</arg>
<doc>Fails if the given condition is not true.</doc>
<status status="PASS" start="2024-07-25T09:17:32.603094" elapsed="0.000141"/>
</kw>
<arg>${json_data["results"][0]["location"]["coordinates"]["latitude"]} &gt;= -90 and ${json_data["results"][0]["location"]["coordinates"]["latitude"]} &lt;= 90</arg>
<arg>Should Be True</arg>
<arg>${True}</arg>
<doc>Runs the given keyword with the given arguments, if ``condition`` is true.</doc>
<status status="PASS" start="2024-07-25T09:17:32.602329" elapsed="0.001029"/>
</kw>
<kw name="Run Keyword If" owner="BuiltIn">
<kw name="Should Be True" owner="BuiltIn">
<arg>${True}</arg>
<doc>Fails if the given condition is not true.</doc>
<status status="PASS" start="2024-07-25T09:17:32.604222" elapsed="0.000133"/>
</kw>
<arg>${json_data["results"][0]["location"]["coordinates"]["longitude"]} &gt;= -180 and ${json_data["results"][0]["location"]["coordinates"]["longitude"]} &lt;= 180</arg>
<arg>Should Be True</arg>
<arg>${True}</arg>
<doc>Runs the given keyword with the given arguments, if ``condition`` is true.</doc>
<status status="PASS" start="2024-07-25T09:17:32.603536" elapsed="0.000941"/>
</kw>
<status status="PASS" start="2024-07-25T09:17:32.456044" elapsed="0.148560"/>
</kw>
<doc>Testa o conteúdo específico dos campos retornados pela API.</doc>
<tag>testeConteudo</tag>
<status status="PASS" start="2024-07-25T09:17:32.455577" elapsed="0.149177"/>
</test>
<status status="PASS" start="2024-07-25T09:17:31.280127" elapsed="1.326634"/>
</suite>
<status status="PASS" start="2024-07-25T09:17:31.265511" elapsed="1.346464"/>
</suite>
<statistics>
<total>
<stat pass="5" fail="0" skip="0">All Tests</stat>
</total>
<tag>
<stat pass="1" fail="0" skip="0">testeConteudo</stat>
<stat pass="1" fail="0" skip="0">testeEstruturaResposta</stat>
<stat pass="1" fail="0" skip="0">testeRequisicaoBasica</stat>
<stat pass="1" fail="0" skip="0">testeTiposDados</stat>
</tag>
<suite>
<stat pass="5" fail="0" skip="0" id="s1" name="Tests">Tests</stat>
<stat pass="5" fail="0" skip="0" id="s1-s1" name="Random-User-Test">Tests.Random-User-Test</stat>
</suite>
</statistics>
<errors>
</errors>
</robot>
