<?xml version="1.0" encoding="UTF-8"?>
<robot generator="Robot 7.0 (Python 3.12.3 on linux)" generated="2024-05-18T14:12:52.219269" rpa="false" schemaversion="5">
<suite id="s1" name="Tests" source="/home/runner/work/DesafioQAItauRogerioJordao/DesafioQAItauRogerioJordao/RamdonUser/tests">
<suite id="s1-s1" name="Random-User-Test" source="/home/runner/work/DesafioQAItauRogerioJordao/DesafioQAItauRogerioJordao/RamdonUser/tests/random-user-test.robot">
<test id="s1-s1-t1" name="Conectar" line="13">
<kw name="Conectar API" owner="random-user-service">
<kw name="Create Session" owner="RequestsLibrary">
<msg time="2024-05-18T14:12:52.577457" level="INFO">Creating Session using : alias=consultarAPI, url=https://randomuser.me/, headers={},                     cookies={}, auth=None, timeout=None, proxies=None, verify=False,                     debug=0 </msg>
<arg>consultarAPI</arg>
<arg>${URL}</arg>
<doc>Create Session: create a HTTP session to a server</doc>
<status status="PASS" start="2024-05-18T14:12:52.577258" elapsed="0.000378"/>
</kw>
<status status="PASS" start="2024-05-18T14:12:52.576297" elapsed="0.001699"/>
</kw>
<status status="PASS" start="2024-05-18T14:12:52.575760" elapsed="0.002433"/>
</test>
<test id="s1-s1-t2" name="Validar retorno 200 e JSON Válido" line="16">
<kw name="Teste de Requisicao Basica" owner="random-user-service">
<kw name="GET On Session" owner="RequestsLibrary">
<msg time="2024-05-18T14:12:52.669805" level="INFO">GET Request : url=https://randomuser.me/api 
 path_url=/api 
 headers={'User-Agent': 'python-requests/2.31.0', 'Accept-Encoding': 'gzip, deflate', 'Accept': '*/*', 'Connection': 'keep-alive'} 
 body=None 
 </msg>
<msg time="2024-05-18T14:12:52.669921" level="INFO">GET Response : url=https://randomuser.me/api 
 status=200, reason=OK 
 headers={'Date': 'Sat, 18 May 2024 14:12:52 GMT', 'Content-Type': 'application/json; charset=utf-8', 'Transfer-Encoding': 'chunked', 'Connection': 'keep-alive', 'X-Powered-By': 'Express', 'Access-Control-Allow-Origin': '*', 'Cache-Control': 'no-cache', 'ETag': 'W/"47d-0B9sOdInIvXFXN4c2bN8oFBQBOk"', 'Vary': 'Accept-Encoding', 'Content-Encoding': 'gzip', 'CF-Cache-Status': 'DYNAMIC', 'Report-To': '{"endpoints":[{"url":"https:\\/\\/a.nel.cloudflare.com\\/report\\/v4?s=t2XNo3MsoCBxWmnBXrSGRo%2BjyxgJ1jnBn7djv2KZ3YQHBv8Fjgl8%2BPyES9Sv9PFEHJPQxkH9%2FrlFnP2q7lnEsvBhlmBSmzi%2BvutLti%2BJwUMi6pd7R2tJWK0HGSolXxo4"}],"group":"cf-nel","max_age":604800}', 'NEL': '{"success_fraction":0,"report_to":"cf-nel","max_age":604800}', 'Server': 'cloudflare', 'CF-RAY': '885c71d4ff6c9c4e-IAD', 'alt-svc': 'h3=":443"; ma=86400'} 
 body={"results":[{"gender":"female","name":{"title":"Mrs","first":"Becky","last":"Doyle"},"location":{"street":{"number":1545,"name":"The Drive"},"city":"Cavan","state":"Galway City","country":"Ireland","postcode":91209,"coordinates":{"latitude":"-0.5517","longitude":"61.3972"},"timezone":{"offset":"-11:00","description":"Midway Island, Samoa"}},"email":"becky.doyle@example.com","login":{"uuid":"23602d35-e8dd-40df-91c6-7cd16397d116","username":"happyladybug792","password":"seviyi","salt":"H2Yc17fg","md5":"7ff04eb2868b7d01ed6e23ee5e658131","sha1":"2fd74008148ab9f13a87536079140a10c8046ff8","sha256":"e35048543bf8886a727006f2d05f5ded1ff1b6f6b58ff645edf2d7afcae8bccc"},"dob":{"date":"1991-01-06T13:41:43.111Z","age":33},"registered":{"date":"2004-05-04T14:15:14.580Z","age":20},"phone":"021-548-0047","cell":"081-491-1657","id":{"name":"PPS","value":"8792616T"},"picture":{"large":"https://randomuser.me/api/portraits/women/38.jpg","medium":"https://randomuser.me/api/portraits/med/women/38.jpg","thumbnail":"https://randomuser.me/api/portraits/thumb/women/38.jpg"},"nat":"IE"}],"info":{"seed":"bdb2d99ef59bce4d","results":1,"page":1,"version":"1.4"}} 
 </msg>
<msg time="2024-05-18T14:12:52.669995" level="INFO">/opt/hostedtoolcache/Python/3.12.3/x64/lib/python3.12/site-packages/urllib3/connectionpool.py:1103: InsecureRequestWarning: Unverified HTTPS request is being made to host 'randomuser.me'. Adding certificate verification is strongly advised. See: https://urllib3.readthedocs.io/en/latest/advanced-usage.html#tls-warnings
  warnings.warn(</msg>
<msg time="2024-05-18T14:12:52.670109" level="INFO">${response} = &lt;Response [200]&gt;</msg>
<var>${response}</var>
<arg>consultarAPI</arg>
<arg>/api</arg>
<doc>Sends a GET request on a previously created HTTP Session.</doc>
<status status="PASS" start="2024-05-18T14:12:52.580835" elapsed="0.089316"/>
</kw>
<kw name="Should Be Equal As Numbers" owner="BuiltIn">
<msg time="2024-05-18T14:12:52.671047" level="INFO">Argument types are:
&lt;class 'int'&gt;
&lt;class 'str'&gt;</msg>
<arg>${response.status_code}</arg>
<arg>200</arg>
<doc>Fails if objects are unequal after converting them to real numbers.</doc>
<status status="PASS" start="2024-05-18T14:12:52.670621" elapsed="0.000492"/>
</kw>
<kw name="Log" owner="BuiltIn">
<msg time="2024-05-18T14:12:52.671816" level="INFO">200</msg>
<arg>${response.status_code}</arg>
<doc>Logs the given message with the given level.</doc>
<status status="PASS" start="2024-05-18T14:12:52.671458" elapsed="0.000400"/>
</kw>
<kw name="Set Variable" owner="BuiltIn">
<msg time="2024-05-18T14:12:52.672606" level="INFO">${json_data} = {'results': [{'gender': 'female', 'name': {'title': 'Mrs', 'first': 'Becky', 'last': 'Doyle'}, 'location': {'street': {'number': 1545, 'name': 'The Drive'}, 'city': 'Cavan', 'state': 'Galway City', 'c...</msg>
<var>${json_data}</var>
<arg>${response.json()}</arg>
<doc>Returns the given values which can then be assigned to a variables.</doc>
<status status="PASS" start="2024-05-18T14:12:52.672167" elapsed="0.000470"/>
</kw>
<kw name="Dictionary Should Contain Key" owner="Collections">
<msg time="2024-05-18T14:12:52.673115" level="INFO">False</msg>
<arg>${json_data}</arg>
<arg>results</arg>
<doc>Fails if ``key`` is not found from ``dictionary``.</doc>
<status status="PASS" start="2024-05-18T14:12:52.672945" elapsed="0.000210"/>
</kw>
<status status="PASS" start="2024-05-18T14:12:52.580589" elapsed="0.092819"/>
</kw>
<doc>Testa se a API responde corretamente e retorna um objeto JSON válido.</doc>
<tag>testeRequisicaoBasica</tag>
<status status="PASS" start="2024-05-18T14:12:52.580115" elapsed="0.093467"/>
</test>
<test id="s1-s1-t3" name="Validar estrutura de resposta" line="22">
<kw name="Teste de Estrutura de Resposta" owner="random-user-service">
<kw name="GET On Session" owner="RequestsLibrary">
<msg time="2024-05-18T14:12:52.781111" level="INFO">GET Request : url=https://randomuser.me/api 
 path_url=/api 
 headers={'User-Agent': 'python-requests/2.31.0', 'Accept-Encoding': 'gzip, deflate', 'Accept': '*/*', 'Connection': 'keep-alive'} 
 body=None 
 </msg>
<msg time="2024-05-18T14:12:52.781193" level="INFO">GET Response : url=https://randomuser.me/api 
 status=200, reason=OK 
 headers={'Date': 'Sat, 18 May 2024 14:12:52 GMT', 'Content-Type': 'application/json; charset=utf-8', 'Transfer-Encoding': 'chunked', 'Connection': 'keep-alive', 'X-Powered-By': 'Express', 'Access-Control-Allow-Origin': '*', 'Cache-Control': 'no-cache', 'ETag': 'W/"49a-7mEfQMGZjO6PL6l4jKHYALqrQSA"', 'Vary': 'Accept-Encoding', 'Content-Encoding': 'gzip', 'CF-Cache-Status': 'DYNAMIC', 'Report-To': '{"endpoints":[{"url":"https:\\/\\/a.nel.cloudflare.com\\/report\\/v4?s=Qd1HocfB0vkQ05kRwKIsPDVG8%2B9N35LyRx1cxf5E07%2B076JqONxbjKXXvBGAQfY7tbmFY%2FgN5oczXJi18jJajm4H3qGYjhbu5T%2F48l8bcGHJjyc5X4L5nFbdY2H2K64u"}],"group":"cf-nel","max_age":604800}', 'NEL': '{"success_fraction":0,"report_to":"cf-nel","max_age":604800}', 'Server': 'cloudflare', 'CF-RAY': '885c71d53fa99c4e-IAD', 'alt-svc': 'h3=":443"; ma=86400'} 
 body={"results":[{"gender":"female","name":{"title":"Miss","first":"Olivia","last":"Jansen"},"location":{"street":{"number":1624,"name":"Birkenstraße"},"city":"Fürth","state":"Thüringen","country":"Germany","postcode":92976,"coordinates":{"latitude":"-54.7402","longitude":"43.2002"},"timezone":{"offset":"+1:00","description":"Brussels, Copenhagen, Madrid, Paris"}},"email":"olivia.jansen@example.com","login":{"uuid":"c617224f-ec23-4e20-bc44-76b9f33fb817","username":"brownladybug479","password":"dave","salt":"Ylm3kcEV","md5":"4f22ba470929c9a6938ae81f2f06f5bc","sha1":"3c34be9d65832d287bc40d8d894d6941ac01df14","sha256":"5a627a833687c0622eb4c92d6a8742ca58b7e5a40b14d401f73d838f77a2ef16"},"dob":{"date":"1984-08-06T22:44:46.926Z","age":39},"registered":{"date":"2014-06-09T04:52:21.016Z","age":9},"phone":"0229-7514397","cell":"0179-3169384","id":{"name":"SVNR","value":"45 060884 J 996"},"picture":{"large":"https://randomuser.me/api/portraits/women/93.jpg","medium":"https://randomuser.me/api/portraits/med/women/93.jpg","thumbnail":"https://randomuser.me/api/portraits/thumb/women/93.jpg"},"nat":"DE"}],"info":{"seed":"54745da3875490ba","results":1,"page":1,"version":"1.4"}} 
 </msg>
<msg time="2024-05-18T14:12:52.781310" level="INFO">/opt/hostedtoolcache/Python/3.12.3/x64/lib/python3.12/site-packages/urllib3/connectionpool.py:1103: InsecureRequestWarning: Unverified HTTPS request is being made to host 'randomuser.me'. Adding certificate verification is strongly advised. See: https://urllib3.readthedocs.io/en/latest/advanced-usage.html#tls-warnings
  warnings.warn(</msg>
<msg time="2024-05-18T14:12:52.781422" level="INFO">${response} = &lt;Response [200]&gt;</msg>
<var>${response}</var>
<arg>consultarAPI</arg>
<arg>/api</arg>
<doc>Sends a GET request on a previously created HTTP Session.</doc>
<status status="PASS" start="2024-05-18T14:12:52.676176" elapsed="0.105296"/>
</kw>
<kw name="Set Variable" owner="BuiltIn">
<msg time="2024-05-18T14:12:52.782460" level="INFO">${json_data} = {'results': [{'gender': 'female', 'name': {'title': 'Miss', 'first': 'Olivia', 'last': 'Jansen'}, 'location': {'street': {'number': 1624, 'name': 'Birkenstraße'}, 'city': 'Fürth', 'state': 'Thüringen'...</msg>
<var>${json_data}</var>
<arg>${response.json()}</arg>
<doc>Returns the given values which can then be assigned to a variables.</doc>
<status status="PASS" start="2024-05-18T14:12:52.781950" elapsed="0.000542"/>
</kw>
<kw name="Log" owner="BuiltIn">
<msg time="2024-05-18T14:12:52.782961" level="INFO">{'results': [{'gender': 'female', 'name': {'title': 'Miss', 'first': 'Olivia', 'last': 'Jansen'}, 'location': {'street': {'number': 1624, 'name': 'Birkenstraße'}, 'city': 'Fürth', 'state': 'Thüringen', 'country': 'Germany', 'postcode': 92976, 'coordinates': {'latitude': '-54.7402', 'longitude': '43.2002'}, 'timezone': {'offset': '+1:00', 'description': 'Brussels, Copenhagen, Madrid, Paris'}}, 'email': 'olivia.jansen@example.com', 'login': {'uuid': 'c617224f-ec23-4e20-bc44-76b9f33fb817', 'username': 'brownladybug479', 'password': 'dave', 'salt': 'Ylm3kcEV', 'md5': '4f22ba470929c9a6938ae81f2f06f5bc', 'sha1': '3c34be9d65832d287bc40d8d894d6941ac01df14', 'sha256': '5a627a833687c0622eb4c92d6a8742ca58b7e5a40b14d401f73d838f77a2ef16'}, 'dob': {'date': '1984-08-06T22:44:46.926Z', 'age': 39}, 'registered': {'date': '2014-06-09T04:52:21.016Z', 'age': 9}, 'phone': '0229-7514397', 'cell': '0179-3169384', 'id': {'name': 'SVNR', 'value': '45 060884 J 996'}, 'picture': {'large': 'https://randomuser.me/api/portraits/women/93.jpg', 'medium': 'https://randomuser.me/api/portraits/med/women/93.jpg', 'thumbnail': 'https://randomuser.me/api/portraits/thumb/women/93.jpg'}, 'nat': 'DE'}], 'info': {'seed': '54745da3875490ba', 'results': 1, 'page': 1, 'version': '1.4'}}</msg>
<arg>${json_data}</arg>
<doc>Logs the given message with the given level.</doc>
<status status="PASS" start="2024-05-18T14:12:52.782800" elapsed="0.000210"/>
</kw>
<kw name="Dictionary Should Contain Key" owner="Collections">
<msg time="2024-05-18T14:12:52.783464" level="INFO">False</msg>
<arg>${json_data}</arg>
<arg>results</arg>
<doc>Fails if ``key`` is not found from ``dictionary``.</doc>
<status status="PASS" start="2024-05-18T14:12:52.783306" elapsed="0.000195"/>
</kw>
<kw name="Should Not Be Empty" owner="BuiltIn">
<msg time="2024-05-18T14:12:52.783930" level="INFO">Length is 2.</msg>
<arg>${json_data}</arg>
<doc>Verifies that the given item is not empty.</doc>
<status status="PASS" start="2024-05-18T14:12:52.783795" elapsed="0.000309"/>
</kw>
<kw name="Create List" owner="BuiltIn">
<msg time="2024-05-18T14:12:52.784556" level="INFO">${expected_keys} = ['gender', 'name', 'location', 'email', 'login']</msg>
<var>${expected_keys}</var>
<arg>gender</arg>
<arg>name</arg>
<arg>location</arg>
<arg>email</arg>
<arg>login</arg>
<doc>Returns a list containing given items.</doc>
<status status="PASS" start="2024-05-18T14:12:52.784402" elapsed="0.000179"/>
</kw>
<for flavor="IN">
<iter>
<kw name="Dictionary Should Contain Key" owner="Collections">
<msg time="2024-05-18T14:12:52.785555" level="INFO">False</msg>
<arg>${json_data['results'][0]}</arg>
<arg>${key}</arg>
<doc>Fails if ``key`` is not found from ``dictionary``.</doc>
<status status="PASS" start="2024-05-18T14:12:52.785159" elapsed="0.000434"/>
</kw>
<kw name="Log" owner="BuiltIn">
<msg time="2024-05-18T14:12:52.786262" level="INFO">{'gender': 'female', 'name': {'title': 'Miss', 'first': 'Olivia', 'last': 'Jansen'}, 'location': {'street': {'number': 1624, 'name': 'Birkenstraße'}, 'city': 'Fürth', 'state': 'Thüringen', 'country': 'Germany', 'postcode': 92976, 'coordinates': {'latitude': '-54.7402', 'longitude': '43.2002'}, 'timezone': {'offset': '+1:00', 'description': 'Brussels, Copenhagen, Madrid, Paris'}}, 'email': 'olivia.jansen@example.com', 'login': {'uuid': 'c617224f-ec23-4e20-bc44-76b9f33fb817', 'username': 'brownladybug479', 'password': 'dave', 'salt': 'Ylm3kcEV', 'md5': '4f22ba470929c9a6938ae81f2f06f5bc', 'sha1': '3c34be9d65832d287bc40d8d894d6941ac01df14', 'sha256': '5a627a833687c0622eb4c92d6a8742ca58b7e5a40b14d401f73d838f77a2ef16'}, 'dob': {'date': '1984-08-06T22:44:46.926Z', 'age': 39}, 'registered': {'date': '2014-06-09T04:52:21.016Z', 'age': 9}, 'phone': '0229-7514397', 'cell': '0179-3169384', 'id': {'name': 'SVNR', 'value': '45 060884 J 996'}, 'picture': {'large': 'https://randomuser.me/api/portraits/women/93.jpg', 'medium': 'https://randomuser.me/api/portraits/med/women/93.jpg', 'thumbnail': 'https://randomuser.me/api/portraits/thumb/women/93.jpg'}, 'nat': 'DE'}</msg>
<arg>${json_data['results'][0]}</arg>
<doc>Logs the given message with the given level.</doc>
<status status="PASS" start="2024-05-18T14:12:52.785892" elapsed="0.000443"/>
</kw>
<kw name="Log" owner="BuiltIn">
<msg time="2024-05-18T14:12:52.786778" level="INFO">gender</msg>
<arg>${key}</arg>
<doc>Logs the given message with the given level.</doc>
<status status="PASS" start="2024-05-18T14:12:52.786648" elapsed="0.000168"/>
</kw>
<var name="${key}">gender</var>
<status status="PASS" start="2024-05-18T14:12:52.785028" elapsed="0.002003"/>
</iter>
<iter>
<kw name="Dictionary Should Contain Key" owner="Collections">
<msg time="2024-05-18T14:12:52.787711" level="INFO">False</msg>
<arg>${json_data['results'][0]}</arg>
<arg>${key}</arg>
<doc>Fails if ``key`` is not found from ``dictionary``.</doc>
<status status="PASS" start="2024-05-18T14:12:52.787334" elapsed="0.000415"/>
</kw>
<kw name="Log" owner="BuiltIn">
<msg time="2024-05-18T14:12:52.788434" level="INFO">{'gender': 'female', 'name': {'title': 'Miss', 'first': 'Olivia', 'last': 'Jansen'}, 'location': {'street': {'number': 1624, 'name': 'Birkenstraße'}, 'city': 'Fürth', 'state': 'Thüringen', 'country': 'Germany', 'postcode': 92976, 'coordinates': {'latitude': '-54.7402', 'longitude': '43.2002'}, 'timezone': {'offset': '+1:00', 'description': 'Brussels, Copenhagen, Madrid, Paris'}}, 'email': 'olivia.jansen@example.com', 'login': {'uuid': 'c617224f-ec23-4e20-bc44-76b9f33fb817', 'username': 'brownladybug479', 'password': 'dave', 'salt': 'Ylm3kcEV', 'md5': '4f22ba470929c9a6938ae81f2f06f5bc', 'sha1': '3c34be9d65832d287bc40d8d894d6941ac01df14', 'sha256': '5a627a833687c0622eb4c92d6a8742ca58b7e5a40b14d401f73d838f77a2ef16'}, 'dob': {'date': '1984-08-06T22:44:46.926Z', 'age': 39}, 'registered': {'date': '2014-06-09T04:52:21.016Z', 'age': 9}, 'phone': '0229-7514397', 'cell': '0179-3169384', 'id': {'name': 'SVNR', 'value': '45 060884 J 996'}, 'picture': {'large': 'https://randomuser.me/api/portraits/women/93.jpg', 'medium': 'https://randomuser.me/api/portraits/med/women/93.jpg', 'thumbnail': 'https://randomuser.me/api/portraits/thumb/women/93.jpg'}, 'nat': 'DE'}</msg>
<arg>${json_data['results'][0]}</arg>
<doc>Logs the given message with the given level.</doc>
<status status="PASS" start="2024-05-18T14:12:52.788074" elapsed="0.000412"/>
</kw>
<kw name="Log" owner="BuiltIn">
<msg time="2024-05-18T14:12:52.788909" level="INFO">name</msg>
<arg>${key}</arg>
<doc>Logs the given message with the given level.</doc>
<status status="PASS" start="2024-05-18T14:12:52.788784" elapsed="0.000162"/>
</kw>
<var name="${key}">name</var>
<status status="PASS" start="2024-05-18T14:12:52.787218" elapsed="0.001943"/>
</iter>
<iter>
<kw name="Dictionary Should Contain Key" owner="Collections">
<msg time="2024-05-18T14:12:52.789839" level="INFO">False</msg>
<arg>${json_data['results'][0]}</arg>
<arg>${key}</arg>
<doc>Fails if ``key`` is not found from ``dictionary``.</doc>
<status status="PASS" start="2024-05-18T14:12:52.789449" elapsed="0.000428"/>
</kw>
<kw name="Log" owner="BuiltIn">
<msg time="2024-05-18T14:12:52.790565" level="INFO">{'gender': 'female', 'name': {'title': 'Miss', 'first': 'Olivia', 'last': 'Jansen'}, 'location': {'street': {'number': 1624, 'name': 'Birkenstraße'}, 'city': 'Fürth', 'state': 'Thüringen', 'country': 'Germany', 'postcode': 92976, 'coordinates': {'latitude': '-54.7402', 'longitude': '43.2002'}, 'timezone': {'offset': '+1:00', 'description': 'Brussels, Copenhagen, Madrid, Paris'}}, 'email': 'olivia.jansen@example.com', 'login': {'uuid': 'c617224f-ec23-4e20-bc44-76b9f33fb817', 'username': 'brownladybug479', 'password': 'dave', 'salt': 'Ylm3kcEV', 'md5': '4f22ba470929c9a6938ae81f2f06f5bc', 'sha1': '3c34be9d65832d287bc40d8d894d6941ac01df14', 'sha256': '5a627a833687c0622eb4c92d6a8742ca58b7e5a40b14d401f73d838f77a2ef16'}, 'dob': {'date': '1984-08-06T22:44:46.926Z', 'age': 39}, 'registered': {'date': '2014-06-09T04:52:21.016Z', 'age': 9}, 'phone': '0229-7514397', 'cell': '0179-3169384', 'id': {'name': 'SVNR', 'value': '45 060884 J 996'}, 'picture': {'large': 'https://randomuser.me/api/portraits/women/93.jpg', 'medium': 'https://randomuser.me/api/portraits/med/women/93.jpg', 'thumbnail': 'https://randomuser.me/api/portraits/thumb/women/93.jpg'}, 'nat': 'DE'}</msg>
<arg>${json_data['results'][0]}</arg>
<doc>Logs the given message with the given level.</doc>
<status status="PASS" start="2024-05-18T14:12:52.790175" elapsed="0.000439"/>
</kw>
<kw name="Log" owner="BuiltIn">
<msg time="2024-05-18T14:12:52.791036" level="INFO">location</msg>
<arg>${key}</arg>
<doc>Logs the given message with the given level.</doc>
<status status="PASS" start="2024-05-18T14:12:52.790912" elapsed="0.000161"/>
</kw>
<var name="${key}">location</var>
<status status="PASS" start="2024-05-18T14:12:52.789337" elapsed="0.001947"/>
</iter>
<iter>
<kw name="Dictionary Should Contain Key" owner="Collections">
<msg time="2024-05-18T14:12:52.791945" level="INFO">False</msg>
<arg>${json_data['results'][0]}</arg>
<arg>${key}</arg>
<doc>Fails if ``key`` is not found from ``dictionary``.</doc>
<status status="PASS" start="2024-05-18T14:12:52.791566" elapsed="0.000417"/>
</kw>
<kw name="Log" owner="BuiltIn">
<msg time="2024-05-18T14:12:52.792634" level="INFO">{'gender': 'female', 'name': {'title': 'Miss', 'first': 'Olivia', 'last': 'Jansen'}, 'location': {'street': {'number': 1624, 'name': 'Birkenstraße'}, 'city': 'Fürth', 'state': 'Thüringen', 'country': 'Germany', 'postcode': 92976, 'coordinates': {'latitude': '-54.7402', 'longitude': '43.2002'}, 'timezone': {'offset': '+1:00', 'description': 'Brussels, Copenhagen, Madrid, Paris'}}, 'email': 'olivia.jansen@example.com', 'login': {'uuid': 'c617224f-ec23-4e20-bc44-76b9f33fb817', 'username': 'brownladybug479', 'password': 'dave', 'salt': 'Ylm3kcEV', 'md5': '4f22ba470929c9a6938ae81f2f06f5bc', 'sha1': '3c34be9d65832d287bc40d8d894d6941ac01df14', 'sha256': '5a627a833687c0622eb4c92d6a8742ca58b7e5a40b14d401f73d838f77a2ef16'}, 'dob': {'date': '1984-08-06T22:44:46.926Z', 'age': 39}, 'registered': {'date': '2014-06-09T04:52:21.016Z', 'age': 9}, 'phone': '0229-7514397', 'cell': '0179-3169384', 'id': {'name': 'SVNR', 'value': '45 060884 J 996'}, 'picture': {'large': 'https://randomuser.me/api/portraits/women/93.jpg', 'medium': 'https://randomuser.me/api/portraits/med/women/93.jpg', 'thumbnail': 'https://randomuser.me/api/portraits/thumb/women/93.jpg'}, 'nat': 'DE'}</msg>
<arg>${json_data['results'][0]}</arg>
<doc>Logs the given message with the given level.</doc>
<status status="PASS" start="2024-05-18T14:12:52.792280" elapsed="0.000403"/>
</kw>
<kw name="Log" owner="BuiltIn">
<msg time="2024-05-18T14:12:52.793103" level="INFO">email</msg>
<arg>${key}</arg>
<doc>Logs the given message with the given level.</doc>
<status status="PASS" start="2024-05-18T14:12:52.792978" elapsed="0.000162"/>
</kw>
<var name="${key}">email</var>
<status status="PASS" start="2024-05-18T14:12:52.791455" elapsed="0.001899"/>
</iter>
<iter>
<kw name="Dictionary Should Contain Key" owner="Collections">
<msg time="2024-05-18T14:12:52.794019" level="INFO">False</msg>
<arg>${json_data['results'][0]}</arg>
<arg>${key}</arg>
<doc>Fails if ``key`` is not found from ``dictionary``.</doc>
<status status="PASS" start="2024-05-18T14:12:52.793635" elapsed="0.000422"/>
</kw>
<kw name="Log" owner="BuiltIn">
<msg time="2024-05-18T14:12:52.794760" level="INFO">{'gender': 'female', 'name': {'title': 'Miss', 'first': 'Olivia', 'last': 'Jansen'}, 'location': {'street': {'number': 1624, 'name': 'Birkenstraße'}, 'city': 'Fürth', 'state': 'Thüringen', 'country': 'Germany', 'postcode': 92976, 'coordinates': {'latitude': '-54.7402', 'longitude': '43.2002'}, 'timezone': {'offset': '+1:00', 'description': 'Brussels, Copenhagen, Madrid, Paris'}}, 'email': 'olivia.jansen@example.com', 'login': {'uuid': 'c617224f-ec23-4e20-bc44-76b9f33fb817', 'username': 'brownladybug479', 'password': 'dave', 'salt': 'Ylm3kcEV', 'md5': '4f22ba470929c9a6938ae81f2f06f5bc', 'sha1': '3c34be9d65832d287bc40d8d894d6941ac01df14', 'sha256': '5a627a833687c0622eb4c92d6a8742ca58b7e5a40b14d401f73d838f77a2ef16'}, 'dob': {'date': '1984-08-06T22:44:46.926Z', 'age': 39}, 'registered': {'date': '2014-06-09T04:52:21.016Z', 'age': 9}, 'phone': '0229-7514397', 'cell': '0179-3169384', 'id': {'name': 'SVNR', 'value': '45 060884 J 996'}, 'picture': {'large': 'https://randomuser.me/api/portraits/women/93.jpg', 'medium': 'https://randomuser.me/api/portraits/med/women/93.jpg', 'thumbnail': 'https://randomuser.me/api/portraits/thumb/women/93.jpg'}, 'nat': 'DE'}</msg>
<arg>${json_data['results'][0]}</arg>
<doc>Logs the given message with the given level.</doc>
<status status="PASS" start="2024-05-18T14:12:52.794387" elapsed="0.000433"/>
</kw>
<kw name="Log" owner="BuiltIn">
<msg time="2024-05-18T14:12:52.795248" level="INFO">login</msg>
<arg>${key}</arg>
<doc>Logs the given message with the given level.</doc>
<status status="PASS" start="2024-05-18T14:12:52.795121" elapsed="0.000165"/>
</kw>
<var name="${key}">login</var>
<status status="PASS" start="2024-05-18T14:12:52.793524" elapsed="0.002007"/>
</iter>
<var>${key}</var>
<value>@{expected_keys}</value>
<status status="PASS" start="2024-05-18T14:12:52.784842" elapsed="0.010813"/>
</for>
<kw name="Create List" owner="BuiltIn">
<msg time="2024-05-18T14:12:52.795994" level="INFO">${expected_keysTwo} = ['username', 'password']</msg>
<var>${expected_keysTwo}</var>
<arg>username</arg>
<arg>password</arg>
<doc>Returns a list containing given items.</doc>
<status status="PASS" start="2024-05-18T14:12:52.795857" elapsed="0.000161"/>
</kw>
<for flavor="IN">
<iter>
<kw name="Dictionary Should Contain Key" owner="Collections">
<msg time="2024-05-18T14:12:52.796894" level="INFO">False</msg>
<arg>${json_data['results'][0]['login']}</arg>
<arg>${keyTwo}</arg>
<doc>Fails if ``key`` is not found from ``dictionary``.</doc>
<status status="PASS" start="2024-05-18T14:12:52.796513" elapsed="0.000420"/>
</kw>
<kw name="Dictionary Should Contain Key" owner="Collections">
<msg time="2024-05-18T14:12:52.797599" level="INFO">False</msg>
<arg>${json_data['results'][0]['login']}</arg>
<arg>${keyTwo}</arg>
<doc>Fails if ``key`` is not found from ``dictionary``.</doc>
<status status="PASS" start="2024-05-18T14:12:52.797227" elapsed="0.000410"/>
</kw>
<kw name="Log" owner="BuiltIn">
<msg time="2024-05-18T14:12:52.798065" level="INFO">username</msg>
<arg>${keyTwo}</arg>
<doc>Logs the given message with the given level.</doc>
<status status="PASS" start="2024-05-18T14:12:52.797939" elapsed="0.000171"/>
</kw>
<var name="${keyTwo}">username</var>
<status status="PASS" start="2024-05-18T14:12:52.796404" elapsed="0.001941"/>
</iter>
<iter>
<kw name="Dictionary Should Contain Key" owner="Collections">
<msg time="2024-05-18T14:12:52.799092" level="INFO">False</msg>
<arg>${json_data['results'][0]['login']}</arg>
<arg>${keyTwo}</arg>
<doc>Fails if ``key`` is not found from ``dictionary``.</doc>
<status status="PASS" start="2024-05-18T14:12:52.798635" elapsed="0.000496"/>
</kw>
<kw name="Dictionary Should Contain Key" owner="Collections">
<msg time="2024-05-18T14:12:52.799802" level="INFO">False</msg>
<arg>${json_data['results'][0]['login']}</arg>
<arg>${keyTwo}</arg>
<doc>Fails if ``key`` is not found from ``dictionary``.</doc>
<status status="PASS" start="2024-05-18T14:12:52.799429" elapsed="0.000409"/>
</kw>
<kw name="Log" owner="BuiltIn">
<msg time="2024-05-18T14:12:52.800257" level="INFO">password</msg>
<arg>${keyTwo}</arg>
<doc>Logs the given message with the given level.</doc>
<status status="PASS" start="2024-05-18T14:12:52.800132" elapsed="0.000161"/>
</kw>
<var name="${keyTwo}">password</var>
<status status="PASS" start="2024-05-18T14:12:52.798524" elapsed="0.001983"/>
</iter>
<var>${keyTwo}</var>
<value>@{expected_keysTwo}</value>
<status status="PASS" start="2024-05-18T14:12:52.796254" elapsed="0.004370"/>
</for>
<status status="PASS" start="2024-05-18T14:12:52.675944" elapsed="0.124829"/>
</kw>
<doc>Testa a estrutura da resposta da API.</doc>
<tag>testeEstruturaResposta</tag>
<status status="PASS" start="2024-05-18T14:12:52.675448" elapsed="0.125472"/>
</test>
<test id="s1-s1-t4" name="Validar tipos de dados" line="28">
<kw name="Teste de Tipos de Dados" owner="random-user-service">
<kw name="GET On Session" owner="RequestsLibrary">
<msg time="2024-05-18T14:12:52.879184" level="INFO">GET Request : url=https://randomuser.me/api 
 path_url=/api 
 headers={'User-Agent': 'python-requests/2.31.0', 'Accept-Encoding': 'gzip, deflate', 'Accept': '*/*', 'Connection': 'keep-alive'} 
 body=None 
 </msg>
<msg time="2024-05-18T14:12:52.879244" level="INFO">GET Response : url=https://randomuser.me/api 
 status=200, reason=OK 
 headers={'Date': 'Sat, 18 May 2024 14:12:52 GMT', 'Content-Type': 'application/json; charset=utf-8', 'Transfer-Encoding': 'chunked', 'Connection': 'keep-alive', 'X-Powered-By': 'Express', 'Access-Control-Allow-Origin': '*', 'Cache-Control': 'no-cache', 'ETag': 'W/"49d-K6bnIdy3qDkWGUHuoW/TYnN1XXc"', 'Vary': 'Accept-Encoding', 'Content-Encoding': 'gzip', 'CF-Cache-Status': 'DYNAMIC', 'Report-To': '{"endpoints":[{"url":"https:\\/\\/a.nel.cloudflare.com\\/report\\/v4?s=aizHskJhztO5mLCWqv2P72DGon37fhCyLO2YF7MXcZvg%2Fs0YufDIH5lavAY7G8oaD5PlRcjbqf7%2B%2F25NYXl3VG3m1Rvn21x%2Ft%2Fa4pSTTilXOdrJGvNEyxHAeqtmAUcWc"}],"group":"cf-nel","max_age":604800}', 'NEL': '{"success_fraction":0,"report_to":"cf-nel","max_age":604800}', 'Server': 'cloudflare', 'CF-RAY': '885c71d608869c4e-IAD', 'alt-svc': 'h3=":443"; ma=86400'} 
 body={"results":[{"gender":"female","name":{"title":"Ms","first":"Lilly","last":"Denis"},"location":{"street":{"number":3906,"name":"Rue des Abbesses"},"city":"Strasbourg","state":"Var","country":"France","postcode":42627,"coordinates":{"latitude":"-14.5581","longitude":"154.2352"},"timezone":{"offset":"-4:00","description":"Atlantic Time (Canada), Caracas, La Paz"}},"email":"lilly.denis@example.com","login":{"uuid":"83c46aef-5eb2-4881-a6de-536ecf651bad","username":"tinyfrog274","password":"stephen","salt":"5QjGHfjy","md5":"c6a82dc43601e102a7527c0d6097f0f1","sha1":"b3ed322492ee640f6244b4cac78b4e67cf5a7bd6","sha256":"f3b321a22b059804480f5fbfcd3ac3054526eb678d5273397962d6df3c50414a"},"dob":{"date":"1969-06-13T08:18:11.215Z","age":54},"registered":{"date":"2020-12-27T13:17:01.189Z","age":3},"phone":"05-43-07-68-61","cell":"06-73-43-95-77","id":{"name":"INSEE","value":"2690533893928 97"},"picture":{"large":"https://randomuser.me/api/portraits/women/77.jpg","medium":"https://randomuser.me/api/portraits/med/women/77.jpg","thumbnail":"https://randomuser.me/api/portraits/thumb/women/77.jpg"},"nat":"FR"}],"info":{"seed":"c7a72ced766b57b1","results":1,"page":1,"version":"1.4"}} 
 </msg>
<msg time="2024-05-18T14:12:52.879298" level="INFO">/opt/hostedtoolcache/Python/3.12.3/x64/lib/python3.12/site-packages/urllib3/connectionpool.py:1103: InsecureRequestWarning: Unverified HTTPS request is being made to host 'randomuser.me'. Adding certificate verification is strongly advised. See: https://urllib3.readthedocs.io/en/latest/advanced-usage.html#tls-warnings
  warnings.warn(</msg>
<msg time="2024-05-18T14:12:52.879380" level="INFO">${response} = &lt;Response [200]&gt;</msg>
<var>${response}</var>
<arg>consultarAPI</arg>
<arg>/api</arg>
<doc>Sends a GET request on a previously created HTTP Session.</doc>
<status status="PASS" start="2024-05-18T14:12:52.803361" elapsed="0.076051"/>
</kw>
<kw name="Set Variable" owner="BuiltIn">
<msg time="2024-05-18T14:12:52.880223" level="INFO">${json_data} = {'results': [{'gender': 'female', 'name': {'title': 'Ms', 'first': 'Lilly', 'last': 'Denis'}, 'location': {'street': {'number': 3906, 'name': 'Rue des Abbesses'}, 'city': 'Strasbourg', 'state': 'Var',...</msg>
<var>${json_data}</var>
<arg>${response.json()}</arg>
<doc>Returns the given values which can then be assigned to a variables.</doc>
<status status="PASS" start="2024-05-18T14:12:52.879789" elapsed="0.000461"/>
</kw>
<kw name="Log" owner="BuiltIn">
<msg time="2024-05-18T14:12:52.880699" level="INFO">{'results': [{'gender': 'female', 'name': {'title': 'Ms', 'first': 'Lilly', 'last': 'Denis'}, 'location': {'street': {'number': 3906, 'name': 'Rue des Abbesses'}, 'city': 'Strasbourg', 'state': 'Var', 'country': 'France', 'postcode': 42627, 'coordinates': {'latitude': '-14.5581', 'longitude': '154.2352'}, 'timezone': {'offset': '-4:00', 'description': 'Atlantic Time (Canada), Caracas, La Paz'}}, 'email': 'lilly.denis@example.com', 'login': {'uuid': '83c46aef-5eb2-4881-a6de-536ecf651bad', 'username': 'tinyfrog274', 'password': 'stephen', 'salt': '5QjGHfjy', 'md5': 'c6a82dc43601e102a7527c0d6097f0f1', 'sha1': 'b3ed322492ee640f6244b4cac78b4e67cf5a7bd6', 'sha256': 'f3b321a22b059804480f5fbfcd3ac3054526eb678d5273397962d6df3c50414a'}, 'dob': {'date': '1969-06-13T08:18:11.215Z', 'age': 54}, 'registered': {'date': '2020-12-27T13:17:01.189Z', 'age': 3}, 'phone': '05-43-07-68-61', 'cell': '06-73-43-95-77', 'id': {'name': 'INSEE', 'value': '2690533893928 97'}, 'picture': {'large': 'https://randomuser.me/api/portraits/women/77.jpg', 'medium': 'https://randomuser.me/api/portraits/med/women/77.jpg', 'thumbnail': 'https://randomuser.me/api/portraits/thumb/women/77.jpg'}, 'nat': 'FR'}], 'info': {'seed': 'c7a72ced766b57b1', 'results': 1, 'page': 1, 'version': '1.4'}}</msg>
<arg>${json_data}</arg>
<doc>Logs the given message with the given level.</doc>
<status status="PASS" start="2024-05-18T14:12:52.880551" elapsed="0.000225"/>
</kw>
<kw name="Should Be String" owner="String">
<arg>${json_data['results'][0]['gender']}</arg>
<doc>Fails if the given ``item`` is not a string.</doc>
<status status="PASS" start="2024-05-18T14:12:52.881072" elapsed="0.000352"/>
</kw>
<kw name="Should Match Regexp" owner="BuiltIn">
<arg>${json_data['results'][0]['email']}</arg>
<arg>^[a-zA-Z0-9._%+-]+@[a-zA-Z0-9.-]+\.[a-zA-Z]{2,}$</arg>
<doc>Fails if ``string`` does not match ``pattern`` as a regular expression.</doc>
<status status="PASS" start="2024-05-18T14:12:52.881614" elapsed="0.000503"/>
</kw>
<kw name="Should Match Regexp" owner="BuiltIn">
<arg>${json_data['results'][0]['dob']['date']}</arg>
<arg>\\d{4}-\\d{2}-\\d{2}T\\d{2}:\\d{2}:\\d{2}\\.\\d{3}Z</arg>
<doc>Fails if ``string`` does not match ``pattern`` as a regular expression.</doc>
<status status="PASS" start="2024-05-18T14:12:52.882347" elapsed="0.000509"/>
</kw>
<kw name="Should Match Regexp" owner="BuiltIn">
<arg>${json_data['results'][0]['registered']['date']}</arg>
<arg>\\d{4}-\\d{2}-\\d{2}T\\d{2}:\\d{2}:\\d{2}\\.\\d{3}Z</arg>
<doc>Fails if ``string`` does not match ``pattern`` as a regular expression.</doc>
<status status="PASS" start="2024-05-18T14:12:52.883048" elapsed="0.000379"/>
</kw>
<kw name="Should Match Regexp" owner="BuiltIn">
<arg>${json_data['results'][0]['picture']['large']}</arg>
<arg>^https?://.*\.(?:png|jpe?g|gif|bmp)$</arg>
<doc>Fails if ``string`` does not match ``pattern`` as a regular expression.</doc>
<status status="PASS" start="2024-05-18T14:12:52.883619" elapsed="0.000454"/>
</kw>
<kw name="Should Match Regexp" owner="BuiltIn">
<arg>${json_data['results'][0]['picture']['medium']}</arg>
<arg>^https?://.*\.(?:png|jpe?g|gif|bmp)$</arg>
<doc>Fails if ``string`` does not match ``pattern`` as a regular expression.</doc>
<status status="PASS" start="2024-05-18T14:12:52.884263" elapsed="0.000356"/>
</kw>
<kw name="Should Match Regexp" owner="BuiltIn">
<arg>${json_data['results'][0]['picture']['thumbnail']}</arg>
<arg>^https?://.*\.(?:png|jpe?g|gif|bmp)$</arg>
<doc>Fails if ``string`` does not match ``pattern`` as a regular expression.</doc>
<status status="PASS" start="2024-05-18T14:12:52.884809" elapsed="0.000347"/>
</kw>
<kw name="Log" owner="BuiltIn">
<msg time="2024-05-18T14:12:52.885654" level="INFO">{'large': 'https://randomuser.me/api/portraits/women/77.jpg', 'medium': 'https://randomuser.me/api/portraits/med/women/77.jpg', 'thumbnail': 'https://randomuser.me/api/portraits/thumb/women/77.jpg'}</msg>
<arg>${json_data['results'][0]['picture']}</arg>
<doc>Logs the given message with the given level.</doc>
<status status="PASS" start="2024-05-18T14:12:52.885334" elapsed="0.000361"/>
</kw>
<status status="PASS" start="2024-05-18T14:12:52.803140" elapsed="0.082805"/>
</kw>
<kw name="Teste de Tipos de Dados - Postcode" owner="random-user-service">
<kw name="GET On Session" owner="RequestsLibrary">
<msg time="2024-05-18T14:12:52.977292" level="INFO">GET Request : url=https://randomuser.me/api 
 path_url=/api 
 headers={'User-Agent': 'python-requests/2.31.0', 'Accept-Encoding': 'gzip, deflate', 'Accept': '*/*', 'Connection': 'keep-alive'} 
 body=None 
 </msg>
<msg time="2024-05-18T14:12:52.977365" level="INFO">GET Response : url=https://randomuser.me/api 
 status=200, reason=OK 
 headers={'Date': 'Sat, 18 May 2024 14:12:52 GMT', 'Content-Type': 'application/json; charset=utf-8', 'Transfer-Encoding': 'chunked', 'Connection': 'keep-alive', 'X-Powered-By': 'Express', 'Access-Control-Allow-Origin': '*', 'Cache-Control': 'no-cache', 'ETag': 'W/"4a9-FC3KDxwAKijkQY6y9pA2x7t+XvE"', 'Vary': 'Accept-Encoding', 'Content-Encoding': 'gzip', 'CF-Cache-Status': 'DYNAMIC', 'Report-To': '{"endpoints":[{"url":"https:\\/\\/a.nel.cloudflare.com\\/report\\/v4?s=TRg5Dj3DII5tIkwIXKutwRJvEs84NwuQgy52InPmiget9zI3Fz6iachd3uQFewFLrmE%2BmUz34psL%2BRjujSZfFJmys1qKWXUbTkrYGZ9SQzHFLk1ZCUcX2sHQSQ%2FElJSZ"}],"group":"cf-nel","max_age":604800}', 'NEL': '{"success_fraction":0,"report_to":"cf-nel","max_age":604800}', 'Server': 'cloudflare', 'CF-RAY': '885c71d6891d9c4e-IAD', 'alt-svc': 'h3=":443"; ma=86400'} 
 body={"results":[{"gender":"male","name":{"title":"Mr","first":"Rolf-Dieter","last":"Drechsler"},"location":{"street":{"number":5507,"name":"Heideweg"},"city":"Falkenstein/Vogtl.","state":"Brandenburg","country":"Germany","postcode":16849,"coordinates":{"latitude":"-52.6351","longitude":"-148.5574"},"timezone":{"offset":"+8:00","description":"Beijing, Perth, Singapore, Hong Kong"}},"email":"rolf-dieter.drechsler@example.com","login":{"uuid":"d2d86331-ecce-473f-8023-c274914f5acc","username":"bigduck776","password":"656565","salt":"6YW6Ep7s","md5":"8291978282e002f11537660ff0497c4e","sha1":"3360840d2abdd9ffb1386e4a640c397636a8cf88","sha256":"2ce8e7813fb281f1ec9dc7077e8bf704823fa7272a2d14da98925d84b668ec04"},"dob":{"date":"1953-09-13T10:29:49.992Z","age":70},"registered":{"date":"2011-02-16T08:23:58.318Z","age":13},"phone":"0612-9368714","cell":"0171-3406213","id":{"name":"SVNR","value":"44 130953 D 003"},"picture":{"large":"https://randomuser.me/api/portraits/men/30.jpg","medium":"https://randomuser.me/api/portraits/med/men/30.jpg","thumbnail":"https://randomuser.me/api/portraits/thumb/men/30.jpg"},"nat":"DE"}],"info":{"seed":"a577c547446d5afd","results":1,"page":1,"version":"1.4"}} 
 </msg>
<msg time="2024-05-18T14:12:52.977421" level="INFO">/opt/hostedtoolcache/Python/3.12.3/x64/lib/python3.12/site-packages/urllib3/connectionpool.py:1103: InsecureRequestWarning: Unverified HTTPS request is being made to host 'randomuser.me'. Adding certificate verification is strongly advised. See: https://urllib3.readthedocs.io/en/latest/advanced-usage.html#tls-warnings
  warnings.warn(</msg>
<msg time="2024-05-18T14:12:52.977507" level="INFO">${response} = &lt;Response [200]&gt;</msg>
<var>${response}</var>
<arg>consultarAPI</arg>
<arg>/api</arg>
<doc>Sends a GET request on a previously created HTTP Session.</doc>
<status status="PASS" start="2024-05-18T14:12:52.886396" elapsed="0.091141"/>
</kw>
<kw name="Set Variable" owner="BuiltIn">
<msg time="2024-05-18T14:12:52.978410" level="INFO">${json_data} = {'results': [{'gender': 'male', 'name': {'title': 'Mr', 'first': 'Rolf-Dieter', 'last': 'Drechsler'}, 'location': {'street': {'number': 5507, 'name': 'Heideweg'}, 'city': 'Falkenstein/Vogtl.', 'state'...</msg>
<var>${json_data}</var>
<arg>${response.json()}</arg>
<doc>Returns the given values which can then be assigned to a variables.</doc>
<status status="PASS" start="2024-05-18T14:12:52.977920" elapsed="0.000519"/>
</kw>
<kw name="Log" owner="BuiltIn">
<msg time="2024-05-18T14:12:52.978899" level="INFO">{'results': [{'gender': 'male', 'name': {'title': 'Mr', 'first': 'Rolf-Dieter', 'last': 'Drechsler'}, 'location': {'street': {'number': 5507, 'name': 'Heideweg'}, 'city': 'Falkenstein/Vogtl.', 'state': 'Brandenburg', 'country': 'Germany', 'postcode': 16849, 'coordinates': {'latitude': '-52.6351', 'longitude': '-148.5574'}, 'timezone': {'offset': '+8:00', 'description': 'Beijing, Perth, Singapore, Hong Kong'}}, 'email': 'rolf-dieter.drechsler@example.com', 'login': {'uuid': 'd2d86331-ecce-473f-8023-c274914f5acc', 'username': 'bigduck776', 'password': '656565', 'salt': '6YW6Ep7s', 'md5': '8291978282e002f11537660ff0497c4e', 'sha1': '3360840d2abdd9ffb1386e4a640c397636a8cf88', 'sha256': '2ce8e7813fb281f1ec9dc7077e8bf704823fa7272a2d14da98925d84b668ec04'}, 'dob': {'date': '1953-09-13T10:29:49.992Z', 'age': 70}, 'registered': {'date': '2011-02-16T08:23:58.318Z', 'age': 13}, 'phone': '0612-9368714', 'cell': '0171-3406213', 'id': {'name': 'SVNR', 'value': '44 130953 D 003'}, 'picture': {'large': 'https://randomuser.me/api/portraits/men/30.jpg', 'medium': 'https://randomuser.me/api/portraits/med/men/30.jpg', 'thumbnail': 'https://randomuser.me/api/portraits/thumb/men/30.jpg'}, 'nat': 'DE'}], 'info': {'seed': 'a577c547446d5afd', 'results': 1, 'page': 1, 'version': '1.4'}}</msg>
<arg>${json_data}</arg>
<doc>Logs the given message with the given level.</doc>
<status status="PASS" start="2024-05-18T14:12:52.978749" elapsed="0.000227"/>
</kw>
<kw name="Should Be Equal As Numbers" owner="BuiltIn">
<arg>${json_data['results'][0]['location']['postcode']}</arg>
<arg>${json_data['results'][0]['location']['postcode']}</arg>
<doc>Fails if objects are unequal after converting them to real numbers.</doc>
<status status="PASS" start="2024-05-18T14:12:52.979402" elapsed="0.000608"/>
</kw>
<kw name="Log" owner="BuiltIn">
<msg time="2024-05-18T14:12:52.980532" level="INFO">16849</msg>
<arg>${json_data['results'][0]['location']['postcode']}</arg>
<doc>Logs the given message with the given level.</doc>
<status status="PASS" start="2024-05-18T14:12:52.980203" elapsed="0.000368"/>
</kw>
<status status="PASS" start="2024-05-18T14:12:52.886156" elapsed="0.094664"/>
</kw>
<doc>Testa se os tipos de dados na resposta da API estão corretos.</doc>
<tag>testeTiposDados</tag>
<status status="PASS" start="2024-05-18T14:12:52.802708" elapsed="0.178270"/>
</test>
<test id="s1-s1-t5" name="Validar conteudo" line="35">
<kw name="Teste de Tipos de Conteudo" owner="random-user-service">
<kw name="GET On Session" owner="RequestsLibrary">
<msg time="2024-05-18T14:12:53.082712" level="INFO">GET Request : url=https://randomuser.me/api 
 path_url=/api 
 headers={'User-Agent': 'python-requests/2.31.0', 'Accept-Encoding': 'gzip, deflate', 'Accept': '*/*', 'Connection': 'keep-alive'} 
 body=None 
 </msg>
<msg time="2024-05-18T14:12:53.082791" level="INFO">GET Response : url=https://randomuser.me/api 
 status=200, reason=OK 
 headers={'Date': 'Sat, 18 May 2024 14:12:53 GMT', 'Content-Type': 'application/json; charset=utf-8', 'Transfer-Encoding': 'chunked', 'Connection': 'keep-alive', 'X-Powered-By': 'Express', 'Access-Control-Allow-Origin': '*', 'Cache-Control': 'no-cache', 'ETag': 'W/"47f-zCmC1FZjkJe2PmkMiABUnwOytTI"', 'Vary': 'Accept-Encoding', 'Content-Encoding': 'gzip', 'CF-Cache-Status': 'DYNAMIC', 'Report-To': '{"endpoints":[{"url":"https:\\/\\/a.nel.cloudflare.com\\/report\\/v4?s=btM%2FqzYI77cruxkJG5ULTh5s6IZlkkhelZhumjX3JpcaQORVBbBfILz7xoSCHFR93phPFYy%2FYYFSCwEu3wVS3nQYfhTYpu91STmFADj3Dhp4CRrKBtXUBNX56IXhr1S2"}],"group":"cf-nel","max_age":604800}', 'NEL': '{"success_fraction":0,"report_to":"cf-nel","max_age":604800}', 'Server': 'cloudflare', 'CF-RAY': '885c71d729e69c4e-IAD', 'alt-svc': 'h3=":443"; ma=86400'} 
 body={"results":[{"gender":"male","name":{"title":"Mr","first":"Bjørnar","last":"Risdal"},"location":{"street":{"number":8313,"name":"Bryggetorget"},"city":"Mesnali","state":"Telemark","country":"Norway","postcode":"1550","coordinates":{"latitude":"39.7659","longitude":"-162.4287"},"timezone":{"offset":"-7:00","description":"Mountain Time (US &amp; Canada)"}},"email":"bjornar.risdal@example.com","login":{"uuid":"2a3d18ce-5c46-4fa9-b300-f16506700b24","username":"beautifulbird969","password":"chief","salt":"wUrz9PL9","md5":"123c649fc54011464bf2370e0c001058","sha1":"10ce8b8310702b019edcec850a92944d331d0346","sha256":"e116d1c1952ee3d17d3fcfa4448ed9d56d6734894175ee540e750aa8d57f9ccb"},"dob":{"date":"1948-10-31T17:27:27.652Z","age":75},"registered":{"date":"2009-10-28T13:18:46.536Z","age":14},"phone":"23400712","cell":"43020731","id":{"name":"FN","value":"31104826523"},"picture":{"large":"https://randomuser.me/api/portraits/men/31.jpg","medium":"https://randomuser.me/api/portraits/med/men/31.jpg","thumbnail":"https://randomuser.me/api/portraits/thumb/men/31.jpg"},"nat":"NO"}],"info":{"seed":"9b7d1f9d812e5478","results":1,"page":1,"version":"1.4"}} 
 </msg>
<msg time="2024-05-18T14:12:53.082862" level="INFO">/opt/hostedtoolcache/Python/3.12.3/x64/lib/python3.12/site-packages/urllib3/connectionpool.py:1103: InsecureRequestWarning: Unverified HTTPS request is being made to host 'randomuser.me'. Adding certificate verification is strongly advised. See: https://urllib3.readthedocs.io/en/latest/advanced-usage.html#tls-warnings
  warnings.warn(</msg>
<msg time="2024-05-18T14:12:53.082975" level="INFO">${response} = &lt;Response [200]&gt;</msg>
<var>${response}</var>
<arg>consultarAPI</arg>
<arg>/api</arg>
<doc>Sends a GET request on a previously created HTTP Session.</doc>
<status status="PASS" start="2024-05-18T14:12:52.983329" elapsed="0.099695"/>
</kw>
<kw name="Set Variable" owner="BuiltIn">
<msg time="2024-05-18T14:12:53.084138" level="INFO">${json_data} = {'results': [{'gender': 'male', 'name': {'title': 'Mr', 'first': 'Bjørnar', 'last': 'Risdal'}, 'location': {'street': {'number': 8313, 'name': 'Bryggetorget'}, 'city': 'Mesnali', 'state': 'Telemark', ...</msg>
<var>${json_data}</var>
<arg>${response.json()}</arg>
<doc>Returns the given values which can then be assigned to a variables.</doc>
<status status="PASS" start="2024-05-18T14:12:53.083587" elapsed="0.000580"/>
</kw>
<kw name="Set Variable" owner="BuiltIn">
<msg time="2024-05-18T14:12:53.084855" level="INFO">${name_title} = Mr</msg>
<var>${name_title}</var>
<arg>${json_data["results"][0]["name"]["title"]}</arg>
<doc>Returns the given values which can then be assigned to a variables.</doc>
<status status="PASS" start="2024-05-18T14:12:53.084474" elapsed="0.000407"/>
</kw>
<kw name="Create List" owner="BuiltIn">
<msg time="2024-05-18T14:12:53.085332" level="INFO">${allowed_titles} = ['Mr', 'Ms', 'Miss', 'Mrs', 'Madame', 'Monsieur']</msg>
<var>${allowed_titles}</var>
<arg>Mr</arg>
<arg>Ms</arg>
<arg>Miss</arg>
<arg>Mrs</arg>
<arg>Madame</arg>
<arg>Monsieur</arg>
<doc>Returns a list containing given items.</doc>
<status status="PASS" start="2024-05-18T14:12:53.085182" elapsed="0.000174"/>
</kw>
<kw name="List Should Contain Value" owner="Collections">
<msg time="2024-05-18T14:12:53.085823" level="INFO">False</msg>
<arg>${allowed_titles}</arg>
<arg>${name_title}</arg>
<doc>Fails if the ``value`` is not found from ``list``.</doc>
<status status="PASS" start="2024-05-18T14:12:53.085655" elapsed="0.000204"/>
</kw>
<kw name="Set Variable" owner="BuiltIn">
<msg time="2024-05-18T14:12:53.086587" level="INFO">${name_country} = NO</msg>
<var>${name_country}</var>
<arg>${json_data["results"][0]["nat"]}</arg>
<doc>Returns the given values which can then be assigned to a variables.</doc>
<status status="PASS" start="2024-05-18T14:12:53.086151" elapsed="0.000462"/>
</kw>
<kw name="Create List" owner="BuiltIn">
<msg time="2024-05-18T14:12:53.087508" level="INFO">${list_country} = ['AD', 'AE', 'AF', 'AG', 'AI', 'AL', 'AM', 'AO', 'AQ', 'AR', 'AS', 'AT', 'AU', 'AW', 'AX', 'AZ', 'BA', 'BB', 'BD', 'BE', 'BF', 'BG', 'BH', 'BI', 'BJ', 'BL', 'BM', 'BN', 'BO', 'BQ', 'BR', 'BS', 'BT', '...</msg>
<var>${list_country}</var>
<arg>AD</arg>
<arg>AE</arg>
<arg>AF</arg>
<arg>AG</arg>
<arg>AI</arg>
<arg>AL</arg>
<arg>AM</arg>
<arg>AO</arg>
<arg>AQ</arg>
<arg>AR</arg>
<arg>AS</arg>
<arg>AT</arg>
<arg>AU</arg>
<arg>AW</arg>
<arg>AX</arg>
<arg>AZ</arg>
<arg>BA</arg>
<arg>BB</arg>
<arg>BD</arg>
<arg>BE</arg>
<arg>BF</arg>
<arg>BG</arg>
<arg>BH</arg>
<arg>BI</arg>
<arg>BJ</arg>
<arg>BL</arg>
<arg>BM</arg>
<arg>BN</arg>
<arg>BO</arg>
<arg>BQ</arg>
<arg>BR</arg>
<arg>BS</arg>
<arg>BT</arg>
<arg>BV</arg>
<arg>BW</arg>
<arg>BY</arg>
<arg>BZ</arg>
<arg>CA</arg>
<arg>CC</arg>
<arg>CD</arg>
<arg>CF</arg>
<arg>CG</arg>
<arg>CH</arg>
<arg>CI</arg>
<arg>CK</arg>
<arg>CL</arg>
<arg>CM</arg>
<arg>CN</arg>
<arg>CO</arg>
<arg>CR</arg>
<arg>CU</arg>
<arg>CV</arg>
<arg>CW</arg>
<arg>CX</arg>
<arg>CY</arg>
<arg>CZ</arg>
<arg>DE</arg>
<arg>DJ</arg>
<arg>DK</arg>
<arg>DM</arg>
<arg>DO</arg>
<arg>DZ</arg>
<arg>EC</arg>
<arg>EE</arg>
<arg>EG</arg>
<arg>EH</arg>
<arg>ER</arg>
<arg>ES</arg>
<arg>ET</arg>
<arg>FI</arg>
<arg>FJ</arg>
<arg>FK</arg>
<arg>FM</arg>
<arg>FO</arg>
<arg>FR</arg>
<arg>GA</arg>
<arg>GB</arg>
<arg>GD</arg>
<arg>GE</arg>
<arg>GF</arg>
<arg>GG</arg>
<arg>GH</arg>
<arg>GI</arg>
<arg>GL</arg>
<arg>GM</arg>
<arg>GN</arg>
<arg>GP</arg>
<arg>GQ</arg>
<arg>GR</arg>
<arg>GS</arg>
<arg>GT</arg>
<arg>GU</arg>
<arg>GW</arg>
<arg>GY</arg>
<arg>HK</arg>
<arg>HM</arg>
<arg>HN</arg>
<arg>HR</arg>
<arg>HT</arg>
<arg>HU</arg>
<arg>ID</arg>
<arg>IE</arg>
<arg>IL</arg>
<arg>IM</arg>
<arg>IN</arg>
<arg>IO</arg>
<arg>IQ</arg>
<arg>IR</arg>
<arg>IS</arg>
<arg>IT</arg>
<arg>JE</arg>
<arg>JM</arg>
<arg>JO</arg>
<arg>JP</arg>
<arg>KE</arg>
<arg>KG</arg>
<arg>KH</arg>
<arg>KI</arg>
<arg>KM</arg>
<arg>KN</arg>
<arg>KP</arg>
<arg>KR</arg>
<arg>KW</arg>
<arg>KY</arg>
<arg>KZ</arg>
<arg>LA</arg>
<arg>LB</arg>
<arg>LC</arg>
<arg>LI</arg>
<arg>LK</arg>
<arg>LR</arg>
<arg>LS</arg>
<arg>LT</arg>
<arg>LU</arg>
<arg>LV</arg>
<arg>LY</arg>
<arg>MA</arg>
<arg>MC</arg>
<arg>MD</arg>
<arg>ME</arg>
<arg>MF</arg>
<arg>MG</arg>
<arg>MH</arg>
<arg>MK</arg>
<arg>ML</arg>
<arg>MM</arg>
<arg>MN</arg>
<arg>MO</arg>
<arg>MP</arg>
<arg>MQ</arg>
<arg>MR</arg>
<arg>MS</arg>
<arg>MT</arg>
<arg>MU</arg>
<arg>MV</arg>
<arg>MW</arg>
<arg>MX</arg>
<arg>MY</arg>
<arg>MZ</arg>
<arg>NA</arg>
<arg>NC</arg>
<arg>NE</arg>
<arg>NF</arg>
<arg>NG</arg>
<arg>NI</arg>
<arg>NL</arg>
<arg>NO</arg>
<arg>NP</arg>
<arg>NR</arg>
<arg>NU</arg>
<arg>NZ</arg>
<arg>OM</arg>
<arg>PA</arg>
<arg>PE</arg>
<arg>PF</arg>
<arg>PG</arg>
<arg>PH</arg>
<arg>PK</arg>
<arg>PL</arg>
<arg>PM</arg>
<arg>PN</arg>
<arg>PR</arg>
<arg>PS</arg>
<arg>PT</arg>
<arg>PW</arg>
<arg>PY</arg>
<arg>QA</arg>
<arg>RE</arg>
<arg>RO</arg>
<arg>RS</arg>
<arg>RU</arg>
<arg>RW</arg>
<arg>SA</arg>
<arg>SB</arg>
<arg>SC</arg>
<arg>SD</arg>
<arg>SE</arg>
<arg>SG</arg>
<arg>SH</arg>
<arg>SI</arg>
<arg>SJ</arg>
<arg>SK</arg>
<arg>SL</arg>
<arg>SM</arg>
<arg>SN</arg>
<arg>SO</arg>
<arg>SR</arg>
<arg>SS</arg>
<arg>ST</arg>
<arg>SV</arg>
<arg>SX</arg>
<arg>SY</arg>
<arg>SZ</arg>
<arg>TC</arg>
<arg>TD</arg>
<arg>TF</arg>
<arg>TG</arg>
<arg>TH</arg>
<arg>TJ</arg>
<arg>TK</arg>
<arg>TL</arg>
<arg>TM</arg>
<arg>TN</arg>
<arg>TO</arg>
<arg>TR</arg>
<arg>TT</arg>
<arg>TV</arg>
<arg>TW</arg>
<arg>TZ</arg>
<arg>UA</arg>
<arg>UG</arg>
<arg>UM</arg>
<arg>US</arg>
<arg>UY</arg>
<arg>UZ</arg>
<arg>VA</arg>
<arg>VC</arg>
<arg>VE</arg>
<arg>VG</arg>
<arg>VI</arg>
<arg>VN</arg>
<arg>VU</arg>
<arg>WF</arg>
<arg>WS</arg>
<arg>XK</arg>
<arg>YE</arg>
<arg>YT</arg>
<arg>ZA</arg>
<arg>ZM</arg>
<arg>ZW</arg>
<doc>Returns a list containing given items.</doc>
<status status="PASS" start="2024-05-18T14:12:53.086917" elapsed="0.000616"/>
</kw>
<kw name="List Should Contain Value" owner="Collections">
<msg time="2024-05-18T14:12:53.088520" level="INFO">False</msg>
<arg>${list_country}</arg>
<arg>${name_country}</arg>
<doc>Fails if the ``value`` is not found from ``list``.</doc>
<status status="PASS" start="2024-05-18T14:12:53.088322" elapsed="0.000233"/>
</kw>
<kw name="Run Keyword If" owner="BuiltIn">
<kw name="Should Be True" owner="BuiltIn">
<arg>${True}</arg>
<doc>Fails if the given condition is not true.</doc>
<status status="PASS" start="2024-05-18T14:12:53.089602" elapsed="0.000245"/>
</kw>
<arg>${json_data["results"][0]["location"]["coordinates"]["latitude"]} &gt;= -90 and ${json_data["results"][0]["location"]["coordinates"]["latitude"]} &lt;= 90</arg>
<arg>Should Be True</arg>
<arg>${True}</arg>
<doc>Runs the given keyword with the given arguments, if ``condition`` is true.</doc>
<status status="PASS" start="2024-05-18T14:12:53.088863" elapsed="0.001115"/>
</kw>
<kw name="Run Keyword If" owner="BuiltIn">
<kw name="Should Be True" owner="BuiltIn">
<arg>${True}</arg>
<doc>Fails if the given condition is not true.</doc>
<status status="PASS" start="2024-05-18T14:12:53.090896" elapsed="0.000140"/>
</kw>
<arg>${json_data["results"][0]["location"]["coordinates"]["longitude"]} &gt;= -180 and ${json_data["results"][0]["location"]["coordinates"]["longitude"]} &lt;= 180</arg>
<arg>Should Be True</arg>
<arg>${True}</arg>
<doc>Runs the given keyword with the given arguments, if ``condition`` is true.</doc>
<status status="PASS" start="2024-05-18T14:12:53.090161" elapsed="0.000998"/>
</kw>
<status status="PASS" start="2024-05-18T14:12:52.983102" elapsed="0.108184"/>
</kw>
<doc>Testa o conteúdo específico dos campos retornados pela API.</doc>
<tag>testeConteudo</tag>
<status status="PASS" start="2024-05-18T14:12:52.982684" elapsed="0.108744"/>
</test>
<status status="PASS" start="2024-05-18T14:12:52.276420" elapsed="0.816947"/>
</suite>
<status status="PASS" start="2024-05-18T14:12:52.263105" elapsed="0.835489"/>
</suite>
<statistics>
<total>
<stat pass="5" fail="0" skip="0">All Tests</stat>
</total>
<tag>
<stat pass="1" fail="0" skip="0">testeConteudo</stat>
<stat pass="1" fail="0" skip="0">testeEstruturaResposta</stat>
<stat pass="1" fail="0" skip="0">testeRequisicaoBasica</stat>
<stat pass="1" fail="0" skip="0">testeTiposDados</stat>
</tag>
<suite>
<stat pass="5" fail="0" skip="0" id="s1" name="Tests">Tests</stat>
<stat pass="5" fail="0" skip="0" id="s1-s1" name="Random-User-Test">Tests.Random-User-Test</stat>
</suite>
</statistics>
<errors>
</errors>
</robot>
