<?xml version="1.0" encoding="UTF-8"?>
<robot generator="Robot 7.0 (Python 3.12.3 on linux)" generated="2024-05-31T19:13:05.582542" rpa="false" schemaversion="5">
<suite id="s1" name="Tests" source="/home/runner/work/ApiRandomUser/ApiRandomUser/RamdonUser/tests">
<suite id="s1-s1" name="Random-User-Test" source="/home/runner/work/ApiRandomUser/ApiRandomUser/RamdonUser/tests/random-user-test.robot">
<test id="s1-s1-t1" name="Conectar" line="13">
<kw name="Conectar API" owner="random-user-service">
<kw name="Create Session" owner="RequestsLibrary">
<msg time="2024-05-31T19:13:05.980032" level="INFO">Creating Session using : alias=consultarAPI, url=https://randomuser.me/, headers={},                     cookies={}, auth=None, timeout=None, proxies=None, verify=False,                     debug=0 </msg>
<arg>consultarAPI</arg>
<arg>${URL}</arg>
<doc>Create Session: create a HTTP session to a server</doc>
<status status="PASS" start="2024-05-31T19:13:05.979824" elapsed="0.000387"/>
</kw>
<status status="PASS" start="2024-05-31T19:13:05.978771" elapsed="0.001806"/>
</kw>
<status status="PASS" start="2024-05-31T19:13:05.978196" elapsed="0.002574"/>
</test>
<test id="s1-s1-t2" name="Validar retorno 200 e JSON Válido" line="16">
<kw name="Teste de Requisicao Basica" owner="random-user-service">
<kw name="GET On Session" owner="RequestsLibrary">
<msg time="2024-05-31T19:13:06.175718" level="INFO">GET Request : url=https://randomuser.me/api 
 path_url=/api 
 headers={'User-Agent': 'python-requests/2.32.3', 'Accept-Encoding': 'gzip, deflate', 'Accept': '*/*', 'Connection': 'keep-alive'} 
 body=None 
 </msg>
<msg time="2024-05-31T19:13:06.175876" level="INFO">GET Response : url=https://randomuser.me/api 
 status=200, reason=OK 
 headers={'Date': 'Fri, 31 May 2024 19:13:06 GMT', 'Content-Type': 'application/json; charset=utf-8', 'Transfer-Encoding': 'chunked', 'Connection': 'keep-alive', 'X-Powered-By': 'Express', 'Access-Control-Allow-Origin': '*', 'Cache-Control': 'no-cache', 'ETag': 'W/"481-swIDHD6ryPppLtuz2DRBCOtQ3I0"', 'Vary': 'Accept-Encoding', 'Content-Encoding': 'gzip', 'CF-Cache-Status': 'DYNAMIC', 'Report-To': '{"endpoints":[{"url":"https:\\/\\/a.nel.cloudflare.com\\/report\\/v4?s=NEbpY6Kbe6HAtCqSOz9cGEnnIevuMAXyRaxfeUEwD8%2F43mUz9%2FcgIovqmiFDwCTZyMZjK%2BFLKnFth4bB%2BPEFCqCyr8Irf0zRsR9fgRxD9fntkrlca3qg9ng7V8rtygQq"}],"group":"cf-nel","max_age":604800}', 'NEL': '{"success_fraction":0,"report_to":"cf-nel","max_age":604800}', 'Server': 'cloudflare', 'CF-RAY': '88c9477d4a1381db-IAD', 'alt-svc': 'h3=":443"; ma=86400'} 
 body={"results":[{"gender":"male","name":{"title":"Mr","first":"Jordan","last":"Dupuis"},"location":{"street":{"number":5354,"name":"Rue Dumenge"},"city":"Saint-Étienne","state":"Pas-de-Calais","country":"France","postcode":76656,"coordinates":{"latitude":"-18.1659","longitude":"-99.8888"},"timezone":{"offset":"-10:00","description":"Hawaii"}},"email":"jordan.dupuis@example.com","login":{"uuid":"6418edcb-5425-4147-a180-46659ce10a29","username":"lazybear325","password":"atlas","salt":"uphuftEz","md5":"024a5c594cd0569e775bd9c239b28b5b","sha1":"17df6c5bc6ea5b267b3a59ab7ba836420452dbd2","sha256":"f9cc11c1f0ee891a4e033c79124959175e230e6b56da8c0c1f0c507dd7c57a91"},"dob":{"date":"1969-04-10T02:00:01.908Z","age":55},"registered":{"date":"2009-11-08T11:59:44.948Z","age":14},"phone":"03-78-00-61-59","cell":"06-94-06-65-79","id":{"name":"INSEE","value":"1690307796412 72"},"picture":{"large":"https://randomuser.me/api/portraits/men/34.jpg","medium":"https://randomuser.me/api/portraits/med/men/34.jpg","thumbnail":"https://randomuser.me/api/portraits/thumb/men/34.jpg"},"nat":"FR"}],"info":{"seed":"1fd88babac334ee3","results":1,"page":1,"version":"1.4"}} 
 </msg>
<msg time="2024-05-31T19:13:06.175959" level="INFO">/opt/hostedtoolcache/Python/3.12.3/x64/lib/python3.12/site-packages/urllib3/connectionpool.py:1103: InsecureRequestWarning: Unverified HTTPS request is being made to host 'randomuser.me'. Adding certificate verification is strongly advised. See: https://urllib3.readthedocs.io/en/latest/advanced-usage.html#tls-warnings
  warnings.warn(</msg>
<msg time="2024-05-31T19:13:06.176111" level="INFO">${response} = &lt;Response [200]&gt;</msg>
<var>${response}</var>
<arg>consultarAPI</arg>
<arg>/api</arg>
<doc>Sends a GET request on a previously created HTTP Session.</doc>
<status status="PASS" start="2024-05-31T19:13:05.983403" elapsed="0.192750"/>
</kw>
<kw name="Should Be Equal As Numbers" owner="BuiltIn">
<msg time="2024-05-31T19:13:06.177255" level="INFO">Argument types are:
&lt;class 'int'&gt;
&lt;class 'str'&gt;</msg>
<arg>${response.status_code}</arg>
<arg>200</arg>
<doc>Fails if objects are unequal after converting them to real numbers.</doc>
<status status="PASS" start="2024-05-31T19:13:06.176777" elapsed="0.000547"/>
</kw>
<kw name="Log" owner="BuiltIn">
<msg time="2024-05-31T19:13:06.178023" level="INFO">200</msg>
<arg>${response.status_code}</arg>
<doc>Logs the given message with the given level.</doc>
<status status="PASS" start="2024-05-31T19:13:06.177673" elapsed="0.000401"/>
</kw>
<kw name="Set Variable" owner="BuiltIn">
<msg time="2024-05-31T19:13:06.178863" level="INFO">${json_data} = {'results': [{'gender': 'male', 'name': {'title': 'Mr', 'first': 'Jordan', 'last': 'Dupuis'}, 'location': {'street': {'number': 5354, 'name': 'Rue Dumenge'}, 'city': 'Saint-Étienne', 'state': 'Pas-de-...</msg>
<var>${json_data}</var>
<arg>${response.json()}</arg>
<doc>Returns the given values which can then be assigned to a variables.</doc>
<status status="PASS" start="2024-05-31T19:13:06.178384" elapsed="0.000508"/>
</kw>
<kw name="Dictionary Should Contain Key" owner="Collections">
<msg time="2024-05-31T19:13:06.179366" level="INFO">False</msg>
<arg>${json_data}</arg>
<arg>results</arg>
<doc>Fails if ``key`` is not found from ``dictionary``.</doc>
<status status="PASS" start="2024-05-31T19:13:06.179198" elapsed="0.000371"/>
</kw>
<status status="PASS" start="2024-05-31T19:13:05.983162" elapsed="0.196675"/>
</kw>
<doc>Testa se a API responde corretamente e retorna um objeto JSON válido.</doc>
<tag>testeRequisicaoBasica</tag>
<status status="PASS" start="2024-05-31T19:13:05.982701" elapsed="0.197323"/>
</test>
<test id="s1-s1-t3" name="Validar estrutura de resposta" line="22">
<kw name="Teste de Estrutura de Resposta" owner="random-user-service">
<kw name="GET On Session" owner="RequestsLibrary">
<msg time="2024-05-31T19:13:06.267690" level="INFO">GET Request : url=https://randomuser.me/api 
 path_url=/api 
 headers={'User-Agent': 'python-requests/2.32.3', 'Accept-Encoding': 'gzip, deflate', 'Accept': '*/*', 'Connection': 'keep-alive'} 
 body=None 
 </msg>
<msg time="2024-05-31T19:13:06.267785" level="INFO">GET Response : url=https://randomuser.me/api 
 status=200, reason=OK 
 headers={'Date': 'Fri, 31 May 2024 19:13:06 GMT', 'Content-Type': 'application/json; charset=utf-8', 'Transfer-Encoding': 'chunked', 'Connection': 'keep-alive', 'X-Powered-By': 'Express', 'Access-Control-Allow-Origin': '*', 'Cache-Control': 'no-cache', 'ETag': 'W/"489-R6PxHIHACs+fJs0M4nXzOBsQzEg"', 'Vary': 'Accept-Encoding', 'Content-Encoding': 'gzip', 'CF-Cache-Status': 'DYNAMIC', 'Report-To': '{"endpoints":[{"url":"https:\\/\\/a.nel.cloudflare.com\\/report\\/v4?s=Y84yXF4ZvsOludtu2LTyEHFBLjQ%2F5sGbjB%2F3kD%2BGbuMh9ci6LSJPkBIhbOGXtboGaKfV8pHWNJ3Te0LaWEMTSYnMBqWXC97QqkbBT0azVSynpS6%2Bjc7igtcTss73A%2Fiu"}],"group":"cf-nel","max_age":604800}', 'NEL': '{"success_fraction":0,"report_to":"cf-nel","max_age":604800}', 'Server': 'cloudflare', 'CF-RAY': '88c9477daa7b81db-IAD', 'alt-svc': 'h3=":443"; ma=86400'} 
 body={"results":[{"gender":"male","name":{"title":"Mr","first":"Mathias","last":"Nielsen"},"location":{"street":{"number":1982,"name":"Blichersvej"},"city":"Øster Assels","state":"Syddanmark","country":"Denmark","postcode":89718,"coordinates":{"latitude":"-39.5730","longitude":"-144.4957"},"timezone":{"offset":"+2:00","description":"Kaliningrad, South Africa"}},"email":"mathias.nielsen@example.com","login":{"uuid":"9a831fde-f41a-4614-857a-6268b6b72faf","username":"heavyostrich455","password":"francois","salt":"0sfMzfsq","md5":"3cfaaac01fc90462bfc1aa8794a5fe14","sha1":"123c485cffaab661fcef6acb67684577544963ec","sha256":"194222c99025b8f12257fb2d0a7fd8458e162344441ad4ccf1d890d761844f63"},"dob":{"date":"1954-10-28T13:01:46.393Z","age":69},"registered":{"date":"2010-07-13T23:34:33.193Z","age":13},"phone":"74741969","cell":"27668363","id":{"name":"CPR","value":"281054-8332"},"picture":{"large":"https://randomuser.me/api/portraits/men/53.jpg","medium":"https://randomuser.me/api/portraits/med/men/53.jpg","thumbnail":"https://randomuser.me/api/portraits/thumb/men/53.jpg"},"nat":"DK"}],"info":{"seed":"4b875cc092be2e1a","results":1,"page":1,"version":"1.4"}} 
 </msg>
<msg time="2024-05-31T19:13:06.267913" level="INFO">/opt/hostedtoolcache/Python/3.12.3/x64/lib/python3.12/site-packages/urllib3/connectionpool.py:1103: InsecureRequestWarning: Unverified HTTPS request is being made to host 'randomuser.me'. Adding certificate verification is strongly advised. See: https://urllib3.readthedocs.io/en/latest/advanced-usage.html#tls-warnings
  warnings.warn(</msg>
<msg time="2024-05-31T19:13:06.268036" level="INFO">${response} = &lt;Response [200]&gt;</msg>
<var>${response}</var>
<arg>consultarAPI</arg>
<arg>/api</arg>
<doc>Sends a GET request on a previously created HTTP Session.</doc>
<status status="PASS" start="2024-05-31T19:13:06.182594" elapsed="0.085474"/>
</kw>
<kw name="Set Variable" owner="BuiltIn">
<msg time="2024-05-31T19:13:06.269088" level="INFO">${json_data} = {'results': [{'gender': 'male', 'name': {'title': 'Mr', 'first': 'Mathias', 'last': 'Nielsen'}, 'location': {'street': {'number': 1982, 'name': 'Blichersvej'}, 'city': 'Øster Assels', 'state': 'Syddan...</msg>
<var>${json_data}</var>
<arg>${response.json()}</arg>
<doc>Returns the given values which can then be assigned to a variables.</doc>
<status status="PASS" start="2024-05-31T19:13:06.268571" elapsed="0.000549"/>
</kw>
<kw name="Log" owner="BuiltIn">
<msg time="2024-05-31T19:13:06.269595" level="INFO">{'results': [{'gender': 'male', 'name': {'title': 'Mr', 'first': 'Mathias', 'last': 'Nielsen'}, 'location': {'street': {'number': 1982, 'name': 'Blichersvej'}, 'city': 'Øster Assels', 'state': 'Syddanmark', 'country': 'Denmark', 'postcode': 89718, 'coordinates': {'latitude': '-39.5730', 'longitude': '-144.4957'}, 'timezone': {'offset': '+2:00', 'description': 'Kaliningrad, South Africa'}}, 'email': 'mathias.nielsen@example.com', 'login': {'uuid': '9a831fde-f41a-4614-857a-6268b6b72faf', 'username': 'heavyostrich455', 'password': 'francois', 'salt': '0sfMzfsq', 'md5': '3cfaaac01fc90462bfc1aa8794a5fe14', 'sha1': '123c485cffaab661fcef6acb67684577544963ec', 'sha256': '194222c99025b8f12257fb2d0a7fd8458e162344441ad4ccf1d890d761844f63'}, 'dob': {'date': '1954-10-28T13:01:46.393Z', 'age': 69}, 'registered': {'date': '2010-07-13T23:34:33.193Z', 'age': 13}, 'phone': '74741969', 'cell': '27668363', 'id': {'name': 'CPR', 'value': '281054-8332'}, 'picture': {'large': 'https://randomuser.me/api/portraits/men/53.jpg', 'medium': 'https://randomuser.me/api/portraits/med/men/53.jpg', 'thumbnail': 'https://randomuser.me/api/portraits/thumb/men/53.jpg'}, 'nat': 'DK'}], 'info': {'seed': '4b875cc092be2e1a', 'results': 1, 'page': 1, 'version': '1.4'}}</msg>
<arg>${json_data}</arg>
<doc>Logs the given message with the given level.</doc>
<status status="PASS" start="2024-05-31T19:13:06.269437" elapsed="0.000208"/>
</kw>
<kw name="Dictionary Should Contain Key" owner="Collections">
<msg time="2024-05-31T19:13:06.270108" level="INFO">False</msg>
<arg>${json_data}</arg>
<arg>results</arg>
<doc>Fails if ``key`` is not found from ``dictionary``.</doc>
<status status="PASS" start="2024-05-31T19:13:06.269947" elapsed="0.000197"/>
</kw>
<kw name="Should Not Be Empty" owner="BuiltIn">
<msg time="2024-05-31T19:13:06.270580" level="INFO">Length is 2.</msg>
<arg>${json_data}</arg>
<doc>Verifies that the given item is not empty.</doc>
<status status="PASS" start="2024-05-31T19:13:06.270448" elapsed="0.000202"/>
</kw>
<kw name="Create List" owner="BuiltIn">
<msg time="2024-05-31T19:13:06.271109" level="INFO">${expected_keys} = ['gender', 'name', 'location', 'email', 'login']</msg>
<var>${expected_keys}</var>
<arg>gender</arg>
<arg>name</arg>
<arg>location</arg>
<arg>email</arg>
<arg>login</arg>
<doc>Returns a list containing given items.</doc>
<status status="PASS" start="2024-05-31T19:13:06.270959" elapsed="0.000174"/>
</kw>
<for flavor="IN">
<iter>
<kw name="Dictionary Should Contain Key" owner="Collections">
<msg time="2024-05-31T19:13:06.272137" level="INFO">False</msg>
<arg>${json_data['results'][0]}</arg>
<arg>${key}</arg>
<doc>Fails if ``key`` is not found from ``dictionary``.</doc>
<status status="PASS" start="2024-05-31T19:13:06.271720" elapsed="0.000462"/>
</kw>
<kw name="Log" owner="BuiltIn">
<msg time="2024-05-31T19:13:06.272848" level="INFO">{'gender': 'male', 'name': {'title': 'Mr', 'first': 'Mathias', 'last': 'Nielsen'}, 'location': {'street': {'number': 1982, 'name': 'Blichersvej'}, 'city': 'Øster Assels', 'state': 'Syddanmark', 'country': 'Denmark', 'postcode': 89718, 'coordinates': {'latitude': '-39.5730', 'longitude': '-144.4957'}, 'timezone': {'offset': '+2:00', 'description': 'Kaliningrad, South Africa'}}, 'email': 'mathias.nielsen@example.com', 'login': {'uuid': '9a831fde-f41a-4614-857a-6268b6b72faf', 'username': 'heavyostrich455', 'password': 'francois', 'salt': '0sfMzfsq', 'md5': '3cfaaac01fc90462bfc1aa8794a5fe14', 'sha1': '123c485cffaab661fcef6acb67684577544963ec', 'sha256': '194222c99025b8f12257fb2d0a7fd8458e162344441ad4ccf1d890d761844f63'}, 'dob': {'date': '1954-10-28T13:01:46.393Z', 'age': 69}, 'registered': {'date': '2010-07-13T23:34:33.193Z', 'age': 13}, 'phone': '74741969', 'cell': '27668363', 'id': {'name': 'CPR', 'value': '281054-8332'}, 'picture': {'large': 'https://randomuser.me/api/portraits/men/53.jpg', 'medium': 'https://randomuser.me/api/portraits/med/men/53.jpg', 'thumbnail': 'https://randomuser.me/api/portraits/thumb/men/53.jpg'}, 'nat': 'DK'}</msg>
<arg>${json_data['results'][0]}</arg>
<doc>Logs the given message with the given level.</doc>
<status status="PASS" start="2024-05-31T19:13:06.272486" elapsed="0.000414"/>
</kw>
<kw name="Log" owner="BuiltIn">
<msg time="2024-05-31T19:13:06.273333" level="INFO">gender</msg>
<arg>${key}</arg>
<doc>Logs the given message with the given level.</doc>
<status status="PASS" start="2024-05-31T19:13:06.273202" elapsed="0.000169"/>
</kw>
<var name="${key}">gender</var>
<status status="PASS" start="2024-05-31T19:13:06.271592" elapsed="0.001999"/>
</iter>
<iter>
<kw name="Dictionary Should Contain Key" owner="Collections">
<msg time="2024-05-31T19:13:06.274289" level="INFO">False</msg>
<arg>${json_data['results'][0]}</arg>
<arg>${key}</arg>
<doc>Fails if ``key`` is not found from ``dictionary``.</doc>
<status status="PASS" start="2024-05-31T19:13:06.273899" elapsed="0.000428"/>
</kw>
<kw name="Log" owner="BuiltIn">
<msg time="2024-05-31T19:13:06.275045" level="INFO">{'gender': 'male', 'name': {'title': 'Mr', 'first': 'Mathias', 'last': 'Nielsen'}, 'location': {'street': {'number': 1982, 'name': 'Blichersvej'}, 'city': 'Øster Assels', 'state': 'Syddanmark', 'country': 'Denmark', 'postcode': 89718, 'coordinates': {'latitude': '-39.5730', 'longitude': '-144.4957'}, 'timezone': {'offset': '+2:00', 'description': 'Kaliningrad, South Africa'}}, 'email': 'mathias.nielsen@example.com', 'login': {'uuid': '9a831fde-f41a-4614-857a-6268b6b72faf', 'username': 'heavyostrich455', 'password': 'francois', 'salt': '0sfMzfsq', 'md5': '3cfaaac01fc90462bfc1aa8794a5fe14', 'sha1': '123c485cffaab661fcef6acb67684577544963ec', 'sha256': '194222c99025b8f12257fb2d0a7fd8458e162344441ad4ccf1d890d761844f63'}, 'dob': {'date': '1954-10-28T13:01:46.393Z', 'age': 69}, 'registered': {'date': '2010-07-13T23:34:33.193Z', 'age': 13}, 'phone': '74741969', 'cell': '27668363', 'id': {'name': 'CPR', 'value': '281054-8332'}, 'picture': {'large': 'https://randomuser.me/api/portraits/men/53.jpg', 'medium': 'https://randomuser.me/api/portraits/med/men/53.jpg', 'thumbnail': 'https://randomuser.me/api/portraits/thumb/men/53.jpg'}, 'nat': 'DK'}</msg>
<arg>${json_data['results'][0]}</arg>
<doc>Logs the given message with the given level.</doc>
<status status="PASS" start="2024-05-31T19:13:06.274668" elapsed="0.000429"/>
</kw>
<kw name="Log" owner="BuiltIn">
<msg time="2024-05-31T19:13:06.275526" level="INFO">name</msg>
<arg>${key}</arg>
<doc>Logs the given message with the given level.</doc>
<status status="PASS" start="2024-05-31T19:13:06.275398" elapsed="0.000166"/>
</kw>
<var name="${key}">name</var>
<status status="PASS" start="2024-05-31T19:13:06.273783" elapsed="0.002003"/>
</iter>
<iter>
<kw name="Dictionary Should Contain Key" owner="Collections">
<msg time="2024-05-31T19:13:06.276463" level="INFO">False</msg>
<arg>${json_data['results'][0]}</arg>
<arg>${key}</arg>
<doc>Fails if ``key`` is not found from ``dictionary``.</doc>
<status status="PASS" start="2024-05-31T19:13:06.276080" elapsed="0.000421"/>
</kw>
<kw name="Log" owner="BuiltIn">
<msg time="2024-05-31T19:13:06.277175" level="INFO">{'gender': 'male', 'name': {'title': 'Mr', 'first': 'Mathias', 'last': 'Nielsen'}, 'location': {'street': {'number': 1982, 'name': 'Blichersvej'}, 'city': 'Øster Assels', 'state': 'Syddanmark', 'country': 'Denmark', 'postcode': 89718, 'coordinates': {'latitude': '-39.5730', 'longitude': '-144.4957'}, 'timezone': {'offset': '+2:00', 'description': 'Kaliningrad, South Africa'}}, 'email': 'mathias.nielsen@example.com', 'login': {'uuid': '9a831fde-f41a-4614-857a-6268b6b72faf', 'username': 'heavyostrich455', 'password': 'francois', 'salt': '0sfMzfsq', 'md5': '3cfaaac01fc90462bfc1aa8794a5fe14', 'sha1': '123c485cffaab661fcef6acb67684577544963ec', 'sha256': '194222c99025b8f12257fb2d0a7fd8458e162344441ad4ccf1d890d761844f63'}, 'dob': {'date': '1954-10-28T13:01:46.393Z', 'age': 69}, 'registered': {'date': '2010-07-13T23:34:33.193Z', 'age': 13}, 'phone': '74741969', 'cell': '27668363', 'id': {'name': 'CPR', 'value': '281054-8332'}, 'picture': {'large': 'https://randomuser.me/api/portraits/men/53.jpg', 'medium': 'https://randomuser.me/api/portraits/med/men/53.jpg', 'thumbnail': 'https://randomuser.me/api/portraits/thumb/men/53.jpg'}, 'nat': 'DK'}</msg>
<arg>${json_data['results'][0]}</arg>
<doc>Logs the given message with the given level.</doc>
<status status="PASS" start="2024-05-31T19:13:06.276803" elapsed="0.000423"/>
</kw>
<kw name="Log" owner="BuiltIn">
<msg time="2024-05-31T19:13:06.277650" level="INFO">location</msg>
<arg>${key}</arg>
<doc>Logs the given message with the given level.</doc>
<status status="PASS" start="2024-05-31T19:13:06.277524" elapsed="0.000165"/>
</kw>
<var name="${key}">location</var>
<status status="PASS" start="2024-05-31T19:13:06.275967" elapsed="0.001944"/>
</iter>
<iter>
<kw name="Dictionary Should Contain Key" owner="Collections">
<msg time="2024-05-31T19:13:06.278715" level="INFO">False</msg>
<arg>${json_data['results'][0]}</arg>
<arg>${key}</arg>
<doc>Fails if ``key`` is not found from ``dictionary``.</doc>
<status status="PASS" start="2024-05-31T19:13:06.278197" elapsed="0.000557"/>
</kw>
<kw name="Log" owner="BuiltIn">
<msg time="2024-05-31T19:13:06.279415" level="INFO">{'gender': 'male', 'name': {'title': 'Mr', 'first': 'Mathias', 'last': 'Nielsen'}, 'location': {'street': {'number': 1982, 'name': 'Blichersvej'}, 'city': 'Øster Assels', 'state': 'Syddanmark', 'country': 'Denmark', 'postcode': 89718, 'coordinates': {'latitude': '-39.5730', 'longitude': '-144.4957'}, 'timezone': {'offset': '+2:00', 'description': 'Kaliningrad, South Africa'}}, 'email': 'mathias.nielsen@example.com', 'login': {'uuid': '9a831fde-f41a-4614-857a-6268b6b72faf', 'username': 'heavyostrich455', 'password': 'francois', 'salt': '0sfMzfsq', 'md5': '3cfaaac01fc90462bfc1aa8794a5fe14', 'sha1': '123c485cffaab661fcef6acb67684577544963ec', 'sha256': '194222c99025b8f12257fb2d0a7fd8458e162344441ad4ccf1d890d761844f63'}, 'dob': {'date': '1954-10-28T13:01:46.393Z', 'age': 69}, 'registered': {'date': '2010-07-13T23:34:33.193Z', 'age': 13}, 'phone': '74741969', 'cell': '27668363', 'id': {'name': 'CPR', 'value': '281054-8332'}, 'picture': {'large': 'https://randomuser.me/api/portraits/men/53.jpg', 'medium': 'https://randomuser.me/api/portraits/med/men/53.jpg', 'thumbnail': 'https://randomuser.me/api/portraits/thumb/men/53.jpg'}, 'nat': 'DK'}</msg>
<arg>${json_data['results'][0]}</arg>
<doc>Logs the given message with the given level.</doc>
<status status="PASS" start="2024-05-31T19:13:06.279055" elapsed="0.000413"/>
</kw>
<kw name="Log" owner="BuiltIn">
<msg time="2024-05-31T19:13:06.279887" level="INFO">email</msg>
<arg>${key}</arg>
<doc>Logs the given message with the given level.</doc>
<status status="PASS" start="2024-05-31T19:13:06.279760" elapsed="0.000165"/>
</kw>
<var name="${key}">email</var>
<status status="PASS" start="2024-05-31T19:13:06.278084" elapsed="0.002055"/>
</iter>
<iter>
<kw name="Dictionary Should Contain Key" owner="Collections">
<msg time="2024-05-31T19:13:06.280801" level="INFO">False</msg>
<arg>${json_data['results'][0]}</arg>
<arg>${key}</arg>
<doc>Fails if ``key`` is not found from ``dictionary``.</doc>
<status status="PASS" start="2024-05-31T19:13:06.280425" elapsed="0.000414"/>
</kw>
<kw name="Log" owner="BuiltIn">
<msg time="2024-05-31T19:13:06.281500" level="INFO">{'gender': 'male', 'name': {'title': 'Mr', 'first': 'Mathias', 'last': 'Nielsen'}, 'location': {'street': {'number': 1982, 'name': 'Blichersvej'}, 'city': 'Øster Assels', 'state': 'Syddanmark', 'country': 'Denmark', 'postcode': 89718, 'coordinates': {'latitude': '-39.5730', 'longitude': '-144.4957'}, 'timezone': {'offset': '+2:00', 'description': 'Kaliningrad, South Africa'}}, 'email': 'mathias.nielsen@example.com', 'login': {'uuid': '9a831fde-f41a-4614-857a-6268b6b72faf', 'username': 'heavyostrich455', 'password': 'francois', 'salt': '0sfMzfsq', 'md5': '3cfaaac01fc90462bfc1aa8794a5fe14', 'sha1': '123c485cffaab661fcef6acb67684577544963ec', 'sha256': '194222c99025b8f12257fb2d0a7fd8458e162344441ad4ccf1d890d761844f63'}, 'dob': {'date': '1954-10-28T13:01:46.393Z', 'age': 69}, 'registered': {'date': '2010-07-13T23:34:33.193Z', 'age': 13}, 'phone': '74741969', 'cell': '27668363', 'id': {'name': 'CPR', 'value': '281054-8332'}, 'picture': {'large': 'https://randomuser.me/api/portraits/men/53.jpg', 'medium': 'https://randomuser.me/api/portraits/med/men/53.jpg', 'thumbnail': 'https://randomuser.me/api/portraits/thumb/men/53.jpg'}, 'nat': 'DK'}</msg>
<arg>${json_data['results'][0]}</arg>
<doc>Logs the given message with the given level.</doc>
<status status="PASS" start="2024-05-31T19:13:06.281140" elapsed="0.000410"/>
</kw>
<kw name="Log" owner="BuiltIn">
<msg time="2024-05-31T19:13:06.281963" level="INFO">login</msg>
<arg>${key}</arg>
<doc>Logs the given message with the given level.</doc>
<status status="PASS" start="2024-05-31T19:13:06.281839" elapsed="0.000163"/>
</kw>
<var name="${key}">login</var>
<status status="PASS" start="2024-05-31T19:13:06.280314" elapsed="0.001927"/>
</iter>
<var>${key}</var>
<value>@{expected_keys}</value>
<status status="PASS" start="2024-05-31T19:13:06.271395" elapsed="0.010974"/>
</for>
<kw name="Create List" owner="BuiltIn">
<msg time="2024-05-31T19:13:06.282723" level="INFO">${expected_keysTwo} = ['username', 'password']</msg>
<var>${expected_keysTwo}</var>
<arg>username</arg>
<arg>password</arg>
<doc>Returns a list containing given items.</doc>
<status status="PASS" start="2024-05-31T19:13:06.282563" elapsed="0.000185"/>
</kw>
<for flavor="IN">
<iter>
<kw name="Dictionary Should Contain Key" owner="Collections">
<msg time="2024-05-31T19:13:06.283645" level="INFO">False</msg>
<arg>${json_data['results'][0]['login']}</arg>
<arg>${keyTwo}</arg>
<doc>Fails if ``key`` is not found from ``dictionary``.</doc>
<status status="PASS" start="2024-05-31T19:13:06.283263" elapsed="0.000420"/>
</kw>
<kw name="Dictionary Should Contain Key" owner="Collections">
<msg time="2024-05-31T19:13:06.284353" level="INFO">False</msg>
<arg>${json_data['results'][0]['login']}</arg>
<arg>${keyTwo}</arg>
<doc>Fails if ``key`` is not found from ``dictionary``.</doc>
<status status="PASS" start="2024-05-31T19:13:06.283977" elapsed="0.000413"/>
</kw>
<kw name="Log" owner="BuiltIn">
<msg time="2024-05-31T19:13:06.284818" level="INFO">username</msg>
<arg>${keyTwo}</arg>
<doc>Logs the given message with the given level.</doc>
<status status="PASS" start="2024-05-31T19:13:06.284685" elapsed="0.000172"/>
</kw>
<var name="${keyTwo}">username</var>
<status status="PASS" start="2024-05-31T19:13:06.283151" elapsed="0.001920"/>
</iter>
<iter>
<kw name="Dictionary Should Contain Key" owner="Collections">
<msg time="2024-05-31T19:13:06.285730" level="INFO">False</msg>
<arg>${json_data['results'][0]['login']}</arg>
<arg>${keyTwo}</arg>
<doc>Fails if ``key`` is not found from ``dictionary``.</doc>
<status status="PASS" start="2024-05-31T19:13:06.285355" elapsed="0.000412"/>
</kw>
<kw name="Dictionary Should Contain Key" owner="Collections">
<msg time="2024-05-31T19:13:06.286436" level="INFO">False</msg>
<arg>${json_data['results'][0]['login']}</arg>
<arg>${keyTwo}</arg>
<doc>Fails if ``key`` is not found from ``dictionary``.</doc>
<status status="PASS" start="2024-05-31T19:13:06.286058" elapsed="0.000416"/>
</kw>
<kw name="Log" owner="BuiltIn">
<msg time="2024-05-31T19:13:06.286916" level="INFO">password</msg>
<arg>${keyTwo}</arg>
<doc>Logs the given message with the given level.</doc>
<status status="PASS" start="2024-05-31T19:13:06.286787" elapsed="0.000167"/>
</kw>
<var name="${keyTwo}">password</var>
<status status="PASS" start="2024-05-31T19:13:06.285245" elapsed="0.001937"/>
</iter>
<var>${keyTwo}</var>
<value>@{expected_keysTwo}</value>
<status status="PASS" start="2024-05-31T19:13:06.282992" elapsed="0.004311"/>
</for>
<status status="PASS" start="2024-05-31T19:13:06.182356" elapsed="0.105088"/>
</kw>
<doc>Testa a estrutura da resposta da API.</doc>
<tag>testeEstruturaResposta</tag>
<status status="PASS" start="2024-05-31T19:13:06.181825" elapsed="0.105777"/>
</test>
<test id="s1-s1-t4" name="Validar tipos de dados" line="28">
<kw name="Teste de Tipos de Dados" owner="random-user-service">
<kw name="GET On Session" owner="RequestsLibrary">
<msg time="2024-05-31T19:13:06.377672" level="INFO">GET Request : url=https://randomuser.me/api 
 path_url=/api 
 headers={'User-Agent': 'python-requests/2.32.3', 'Accept-Encoding': 'gzip, deflate', 'Accept': '*/*', 'Connection': 'keep-alive'} 
 body=None 
 </msg>
<msg time="2024-05-31T19:13:06.377782" level="INFO">GET Response : url=https://randomuser.me/api 
 status=200, reason=OK 
 headers={'Date': 'Fri, 31 May 2024 19:13:06 GMT', 'Content-Type': 'application/json; charset=utf-8', 'Transfer-Encoding': 'chunked', 'Connection': 'keep-alive', 'X-Powered-By': 'Express', 'Access-Control-Allow-Origin': '*', 'Cache-Control': 'no-cache', 'ETag': 'W/"46f-6dl6+MdkgHPW+Q8O3JIHEcM3glI"', 'Vary': 'Accept-Encoding', 'Content-Encoding': 'gzip', 'CF-Cache-Status': 'DYNAMIC', 'Report-To': '{"endpoints":[{"url":"https:\\/\\/a.nel.cloudflare.com\\/report\\/v4?s=Ny6uWDUMfv9n5AdWxFB583Qa0AfDPG94PBXO7NuodCQlMt6gPXQuLUNs4ql9PpGSpjdUFefgup7fV9a7nCqlzvjsaizJV6vq1UHwLmpNxlaLHCw96hjGKa9g5xyOYuuG"}],"group":"cf-nel","max_age":604800}', 'NEL': '{"success_fraction":0,"report_to":"cf-nel","max_age":604800}', 'Server': 'cloudflare', 'CF-RAY': '88c9477e5b5281db-IAD', 'alt-svc': 'h3=":443"; ma=86400'} 
 body={"results":[{"gender":"male","name":{"title":"Mr","first":"Ananth","last":"Kavser"},"location":{"street":{"number":8268,"name":"Mall Rd"},"city":"Kolkata","state":"Goa","country":"India","postcode":19974,"coordinates":{"latitude":"6.8320","longitude":"-1.6410"},"timezone":{"offset":"-7:00","description":"Mountain Time (US &amp; Canada)"}},"email":"ananth.kavser@example.com","login":{"uuid":"162d7841-9722-47ef-b531-b9bdabf44820","username":"bluecat720","password":"froggy","salt":"MBklD38B","md5":"5c73e14ba5cd85ab13773abe60de8d3e","sha1":"1f5238573767bbd7461f9612fe6cb567772bd931","sha256":"a1d6bed5869ba33f5eff6c17826da4b3d7c7ceacee1a3dd7abddd806d0ba4f4a"},"dob":{"date":"1978-03-10T08:54:04.358Z","age":46},"registered":{"date":"2016-12-26T06:22:57.932Z","age":7},"phone":"8692251096","cell":"7596361668","id":{"name":"UIDAI","value":"356996234829"},"picture":{"large":"https://randomuser.me/api/portraits/men/86.jpg","medium":"https://randomuser.me/api/portraits/med/men/86.jpg","thumbnail":"https://randomuser.me/api/portraits/thumb/men/86.jpg"},"nat":"IN"}],"info":{"seed":"f9cc1562e0870da1","results":1,"page":1,"version":"1.4"}} 
 </msg>
<msg time="2024-05-31T19:13:06.377851" level="INFO">/opt/hostedtoolcache/Python/3.12.3/x64/lib/python3.12/site-packages/urllib3/connectionpool.py:1103: InsecureRequestWarning: Unverified HTTPS request is being made to host 'randomuser.me'. Adding certificate verification is strongly advised. See: https://urllib3.readthedocs.io/en/latest/advanced-usage.html#tls-warnings
  warnings.warn(</msg>
<msg time="2024-05-31T19:13:06.377968" level="INFO">${response} = &lt;Response [200]&gt;</msg>
<var>${response}</var>
<arg>consultarAPI</arg>
<arg>/api</arg>
<doc>Sends a GET request on a previously created HTTP Session.</doc>
<status status="PASS" start="2024-05-31T19:13:06.290109" elapsed="0.087900"/>
</kw>
<kw name="Set Variable" owner="BuiltIn">
<msg time="2024-05-31T19:13:06.379086" level="INFO">${json_data} = {'results': [{'gender': 'male', 'name': {'title': 'Mr', 'first': 'Ananth', 'last': 'Kavser'}, 'location': {'street': {'number': 8268, 'name': 'Mall Rd'}, 'city': 'Kolkata', 'state': 'Goa', 'country': ...</msg>
<var>${json_data}</var>
<arg>${response.json()}</arg>
<doc>Returns the given values which can then be assigned to a variables.</doc>
<status status="PASS" start="2024-05-31T19:13:06.378529" elapsed="0.000589"/>
</kw>
<kw name="Log" owner="BuiltIn">
<msg time="2024-05-31T19:13:06.379607" level="INFO">{'results': [{'gender': 'male', 'name': {'title': 'Mr', 'first': 'Ananth', 'last': 'Kavser'}, 'location': {'street': {'number': 8268, 'name': 'Mall Rd'}, 'city': 'Kolkata', 'state': 'Goa', 'country': 'India', 'postcode': 19974, 'coordinates': {'latitude': '6.8320', 'longitude': '-1.6410'}, 'timezone': {'offset': '-7:00', 'description': 'Mountain Time (US &amp; Canada)'}}, 'email': 'ananth.kavser@example.com', 'login': {'uuid': '162d7841-9722-47ef-b531-b9bdabf44820', 'username': 'bluecat720', 'password': 'froggy', 'salt': 'MBklD38B', 'md5': '5c73e14ba5cd85ab13773abe60de8d3e', 'sha1': '1f5238573767bbd7461f9612fe6cb567772bd931', 'sha256': 'a1d6bed5869ba33f5eff6c17826da4b3d7c7ceacee1a3dd7abddd806d0ba4f4a'}, 'dob': {'date': '1978-03-10T08:54:04.358Z', 'age': 46}, 'registered': {'date': '2016-12-26T06:22:57.932Z', 'age': 7}, 'phone': '8692251096', 'cell': '7596361668', 'id': {'name': 'UIDAI', 'value': '356996234829'}, 'picture': {'large': 'https://randomuser.me/api/portraits/men/86.jpg', 'medium': 'https://randomuser.me/api/portraits/med/men/86.jpg', 'thumbnail': 'https://randomuser.me/api/portraits/thumb/men/86.jpg'}, 'nat': 'IN'}], 'info': {'seed': 'f9cc1562e0870da1', 'results': 1, 'page': 1, 'version': '1.4'}}</msg>
<arg>${json_data}</arg>
<doc>Logs the given message with the given level.</doc>
<status status="PASS" start="2024-05-31T19:13:06.379446" elapsed="0.000254"/>
</kw>
<kw name="Should Be String" owner="String">
<arg>${json_data['results'][0]['gender']}</arg>
<doc>Fails if the given ``item`` is not a string.</doc>
<status status="PASS" start="2024-05-31T19:13:06.380016" elapsed="0.000378"/>
</kw>
<kw name="Should Match Regexp" owner="BuiltIn">
<arg>${json_data['results'][0]['email']}</arg>
<arg>^[a-zA-Z0-9._%+-]+@[a-zA-Z0-9.-]+\.[a-zA-Z]{2,}$</arg>
<doc>Fails if ``string`` does not match ``pattern`` as a regular expression.</doc>
<status status="PASS" start="2024-05-31T19:13:06.380589" elapsed="0.000674"/>
</kw>
<kw name="Should Match Regexp" owner="BuiltIn">
<arg>${json_data['results'][0]['dob']['date']}</arg>
<arg>\\d{4}-\\d{2}-\\d{2}T\\d{2}:\\d{2}:\\d{2}\\.\\d{3}Z</arg>
<doc>Fails if ``string`` does not match ``pattern`` as a regular expression.</doc>
<status status="PASS" start="2024-05-31T19:13:06.381471" elapsed="0.000493"/>
</kw>
<kw name="Should Match Regexp" owner="BuiltIn">
<arg>${json_data['results'][0]['registered']['date']}</arg>
<arg>\\d{4}-\\d{2}-\\d{2}T\\d{2}:\\d{2}:\\d{2}\\.\\d{3}Z</arg>
<doc>Fails if ``string`` does not match ``pattern`` as a regular expression.</doc>
<status status="PASS" start="2024-05-31T19:13:06.382160" elapsed="0.000372"/>
</kw>
<kw name="Should Match Regexp" owner="BuiltIn">
<arg>${json_data['results'][0]['picture']['large']}</arg>
<arg>^https?://.*\.(?:png|jpe?g|gif|bmp)$</arg>
<doc>Fails if ``string`` does not match ``pattern`` as a regular expression.</doc>
<status status="PASS" start="2024-05-31T19:13:06.382750" elapsed="0.000465"/>
</kw>
<kw name="Should Match Regexp" owner="BuiltIn">
<arg>${json_data['results'][0]['picture']['medium']}</arg>
<arg>^https?://.*\.(?:png|jpe?g|gif|bmp)$</arg>
<doc>Fails if ``string`` does not match ``pattern`` as a regular expression.</doc>
<status status="PASS" start="2024-05-31T19:13:06.383406" elapsed="0.000351"/>
</kw>
<kw name="Should Match Regexp" owner="BuiltIn">
<arg>${json_data['results'][0]['picture']['thumbnail']}</arg>
<arg>^https?://.*\.(?:png|jpe?g|gif|bmp)$</arg>
<doc>Fails if ``string`` does not match ``pattern`` as a regular expression.</doc>
<status status="PASS" start="2024-05-31T19:13:06.383942" elapsed="0.000346"/>
</kw>
<kw name="Log" owner="BuiltIn">
<msg time="2024-05-31T19:13:06.384787" level="INFO">{'large': 'https://randomuser.me/api/portraits/men/86.jpg', 'medium': 'https://randomuser.me/api/portraits/med/men/86.jpg', 'thumbnail': 'https://randomuser.me/api/portraits/thumb/men/86.jpg'}</msg>
<arg>${json_data['results'][0]['picture']}</arg>
<doc>Logs the given message with the given level.</doc>
<status status="PASS" start="2024-05-31T19:13:06.384467" elapsed="0.000363"/>
</kw>
<status status="PASS" start="2024-05-31T19:13:06.289868" elapsed="0.095221"/>
</kw>
<kw name="Teste de Tipos de Dados - Postcode" owner="random-user-service">
<kw name="GET On Session" owner="RequestsLibrary">
<msg time="2024-05-31T19:13:06.482361" level="INFO">GET Request : url=https://randomuser.me/api 
 path_url=/api 
 headers={'User-Agent': 'python-requests/2.32.3', 'Accept-Encoding': 'gzip, deflate', 'Accept': '*/*', 'Connection': 'keep-alive'} 
 body=None 
 </msg>
<msg time="2024-05-31T19:13:06.482458" level="INFO">GET Response : url=https://randomuser.me/api 
 status=200, reason=OK 
 headers={'Date': 'Fri, 31 May 2024 19:13:06 GMT', 'Content-Type': 'application/json; charset=utf-8', 'Transfer-Encoding': 'chunked', 'Connection': 'keep-alive', 'X-Powered-By': 'Express', 'Access-Control-Allow-Origin': '*', 'Cache-Control': 'no-cache', 'ETag': 'W/"481-hYCJIG2KPDvPur/gC2suEnG9LSY"', 'Vary': 'Accept-Encoding', 'Content-Encoding': 'gzip', 'CF-Cache-Status': 'DYNAMIC', 'Report-To': '{"endpoints":[{"url":"https:\\/\\/a.nel.cloudflare.com\\/report\\/v4?s=0yjNdwqjVFjJVWbub0PlDwD77Q3SE5oYVEWxkAjUEILQcIgw4h34O%2BuuBlx%2B77ooT4MAu78jiiIHCw%2B%2FWDsk0yjdJl0khJ%2BCIiKaKsrlNPZmqImPzGDHOW7Bw%2B%2BG%2BR4s"}],"group":"cf-nel","max_age":604800}', 'NEL': '{"success_fraction":0,"report_to":"cf-nel","max_age":604800}', 'Server': 'cloudflare', 'CF-RAY': '88c9477eec2481db-IAD', 'alt-svc': 'h3=":443"; ma=86400'} 
 body={"results":[{"gender":"female","name":{"title":"Mrs","first":"Vanessa","last":"Bennett"},"location":{"street":{"number":9127,"name":"High Street"},"city":"Tuam","state":"Sligo","country":"Ireland","postcode":13827,"coordinates":{"latitude":"-0.3656","longitude":"62.1862"},"timezone":{"offset":"+7:00","description":"Bangkok, Hanoi, Jakarta"}},"email":"vanessa.bennett@example.com","login":{"uuid":"f06ce5ec-08aa-4ce7-b249-59f249b54f83","username":"purplefrog653","password":"dolphin","salt":"IPMU6E8i","md5":"ce5ee9532efdc11f8f46562bd3a6525e","sha1":"677b51ff54e18f3d0c6adacc6e38b9c87be57305","sha256":"d89b6b0ba1d2d87dee41e087926fb18a25ff87ffb8ed3fadf506eccb20274830"},"dob":{"date":"1999-08-14T03:42:56.479Z","age":24},"registered":{"date":"2005-08-17T15:10:41.328Z","age":18},"phone":"051-732-9518","cell":"081-735-5362","id":{"name":"PPS","value":"2837860T"},"picture":{"large":"https://randomuser.me/api/portraits/women/30.jpg","medium":"https://randomuser.me/api/portraits/med/women/30.jpg","thumbnail":"https://randomuser.me/api/portraits/thumb/women/30.jpg"},"nat":"IE"}],"info":{"seed":"504be430b355f466","results":1,"page":1,"version":"1.4"}} 
 </msg>
<msg time="2024-05-31T19:13:06.482531" level="INFO">/opt/hostedtoolcache/Python/3.12.3/x64/lib/python3.12/site-packages/urllib3/connectionpool.py:1103: InsecureRequestWarning: Unverified HTTPS request is being made to host 'randomuser.me'. Adding certificate verification is strongly advised. See: https://urllib3.readthedocs.io/en/latest/advanced-usage.html#tls-warnings
  warnings.warn(</msg>
<msg time="2024-05-31T19:13:06.482691" level="INFO">${response} = &lt;Response [200]&gt;</msg>
<var>${response}</var>
<arg>consultarAPI</arg>
<arg>/api</arg>
<doc>Sends a GET request on a previously created HTTP Session.</doc>
<status status="PASS" start="2024-05-31T19:13:06.385548" elapsed="0.097194"/>
</kw>
<kw name="Set Variable" owner="BuiltIn">
<msg time="2024-05-31T19:13:06.483737" level="INFO">${json_data} = {'results': [{'gender': 'female', 'name': {'title': 'Mrs', 'first': 'Vanessa', 'last': 'Bennett'}, 'location': {'street': {'number': 9127, 'name': 'High Street'}, 'city': 'Tuam', 'state': 'Sligo', 'co...</msg>
<var>${json_data}</var>
<arg>${response.json()}</arg>
<doc>Returns the given values which can then be assigned to a variables.</doc>
<status status="PASS" start="2024-05-31T19:13:06.483243" elapsed="0.000523"/>
</kw>
<kw name="Log" owner="BuiltIn">
<msg time="2024-05-31T19:13:06.484222" level="INFO">{'results': [{'gender': 'female', 'name': {'title': 'Mrs', 'first': 'Vanessa', 'last': 'Bennett'}, 'location': {'street': {'number': 9127, 'name': 'High Street'}, 'city': 'Tuam', 'state': 'Sligo', 'country': 'Ireland', 'postcode': 13827, 'coordinates': {'latitude': '-0.3656', 'longitude': '62.1862'}, 'timezone': {'offset': '+7:00', 'description': 'Bangkok, Hanoi, Jakarta'}}, 'email': 'vanessa.bennett@example.com', 'login': {'uuid': 'f06ce5ec-08aa-4ce7-b249-59f249b54f83', 'username': 'purplefrog653', 'password': 'dolphin', 'salt': 'IPMU6E8i', 'md5': 'ce5ee9532efdc11f8f46562bd3a6525e', 'sha1': '677b51ff54e18f3d0c6adacc6e38b9c87be57305', 'sha256': 'd89b6b0ba1d2d87dee41e087926fb18a25ff87ffb8ed3fadf506eccb20274830'}, 'dob': {'date': '1999-08-14T03:42:56.479Z', 'age': 24}, 'registered': {'date': '2005-08-17T15:10:41.328Z', 'age': 18}, 'phone': '051-732-9518', 'cell': '081-735-5362', 'id': {'name': 'PPS', 'value': '2837860T'}, 'picture': {'large': 'https://randomuser.me/api/portraits/women/30.jpg', 'medium': 'https://randomuser.me/api/portraits/med/women/30.jpg', 'thumbnail': 'https://randomuser.me/api/portraits/thumb/women/30.jpg'}, 'nat': 'IE'}], 'info': {'seed': '504be430b355f466', 'results': 1, 'page': 1, 'version': '1.4'}}</msg>
<arg>${json_data}</arg>
<doc>Logs the given message with the given level.</doc>
<status status="PASS" start="2024-05-31T19:13:06.484070" elapsed="0.000244"/>
</kw>
<kw name="Should Be Equal As Numbers" owner="BuiltIn">
<arg>${json_data['results'][0]['location']['postcode']}</arg>
<arg>${json_data['results'][0]['location']['postcode']}</arg>
<doc>Fails if objects are unequal after converting them to real numbers.</doc>
<status status="PASS" start="2024-05-31T19:13:06.484613" elapsed="0.000612"/>
</kw>
<kw name="Log" owner="BuiltIn">
<msg time="2024-05-31T19:13:06.485759" level="INFO">13827</msg>
<arg>${json_data['results'][0]['location']['postcode']}</arg>
<doc>Logs the given message with the given level.</doc>
<status status="PASS" start="2024-05-31T19:13:06.485422" elapsed="0.000378"/>
</kw>
<status status="PASS" start="2024-05-31T19:13:06.385315" elapsed="0.100741"/>
</kw>
<doc>Testa se os tipos de dados na resposta da API estão corretos.</doc>
<tag>testeTiposDados</tag>
<status status="PASS" start="2024-05-31T19:13:06.289397" elapsed="0.196831"/>
</test>
<test id="s1-s1-t5" name="Validar conteudo" line="35">
<kw name="Teste de Tipos de Conteudo" owner="random-user-service">
<kw name="GET On Session" owner="RequestsLibrary">
<msg time="2024-05-31T19:13:06.576842" level="INFO">GET Request : url=https://randomuser.me/api 
 path_url=/api 
 headers={'User-Agent': 'python-requests/2.32.3', 'Accept-Encoding': 'gzip, deflate', 'Accept': '*/*', 'Connection': 'keep-alive'} 
 body=None 
 </msg>
<msg time="2024-05-31T19:13:06.576939" level="INFO">GET Response : url=https://randomuser.me/api 
 status=200, reason=OK 
 headers={'Date': 'Fri, 31 May 2024 19:13:06 GMT', 'Content-Type': 'application/json; charset=utf-8', 'Transfer-Encoding': 'chunked', 'Connection': 'keep-alive', 'X-Powered-By': 'Express', 'Access-Control-Allow-Origin': '*', 'Cache-Control': 'no-cache', 'ETag': 'W/"4b9-t2qiM4/HeXxUVEb5SAHtB3s3bT0"', 'Vary': 'Accept-Encoding', 'Content-Encoding': 'gzip', 'CF-Cache-Status': 'DYNAMIC', 'Report-To': '{"endpoints":[{"url":"https:\\/\\/a.nel.cloudflare.com\\/report\\/v4?s=%2FroNIjE2e3GnKSl2frmvf3jd7M39E7%2BL6iNpG3LHqqXsse1%2B9vieLVxDoobzZD04MaPYqaa4Mxddoy4a0i29BrhUmLArCpSMgsNUakEKzFVxSJYqrMBrh%2Bxyc%2B7%2Fa8EX"}],"group":"cf-nel","max_age":604800}', 'NEL': '{"success_fraction":0,"report_to":"cf-nel","max_age":604800}', 'Server': 'cloudflare', 'CF-RAY': '88c9477f9cd181db-IAD', 'alt-svc': 'h3=":443"; ma=86400'} 
 body={"results":[{"gender":"male","name":{"title":"Mr","first":"Juan Manuel","last":"Nazario"},"location":{"street":{"number":1076,"name":"Pasaje Sur Velasco"},"city":"Tacotalpa","state":"San Luis Potosí","country":"Mexico","postcode":31408,"coordinates":{"latitude":"21.4376","longitude":"-128.3175"},"timezone":{"offset":"0:00","description":"Western Europe Time, London, Lisbon, Casablanca"}},"email":"juanmanuel.nazario@example.com","login":{"uuid":"9971adb3-e0e2-4738-89fe-f7d775af1c6c","username":"whitetiger956","password":"megadeth","salt":"6c6iDnFr","md5":"dde45fab644823f22458e626032d5de9","sha1":"bc19033d2ad7f484e0a3dfdf33951c8794d05d4b","sha256":"d55118c1c34419e70c65f15fe221987d8aa5d77dff29723324ec27b088c73659"},"dob":{"date":"1970-04-26T06:22:35.943Z","age":54},"registered":{"date":"2018-11-13T22:29:10.157Z","age":5},"phone":"(643) 690 7374","cell":"(653) 514 4201","id":{"name":"NSS","value":"58 92 12 3890 4"},"picture":{"large":"https://randomuser.me/api/portraits/men/48.jpg","medium":"https://randomuser.me/api/portraits/med/men/48.jpg","thumbnail":"https://randomuser.me/api/portraits/thumb/men/48.jpg"},"nat":"MX"}],"info":{"seed":"0dfd323ad6a378b3","results":1,"page":1,"version":"1.4"}} 
 </msg>
<msg time="2024-05-31T19:13:06.577018" level="INFO">/opt/hostedtoolcache/Python/3.12.3/x64/lib/python3.12/site-packages/urllib3/connectionpool.py:1103: InsecureRequestWarning: Unverified HTTPS request is being made to host 'randomuser.me'. Adding certificate verification is strongly advised. See: https://urllib3.readthedocs.io/en/latest/advanced-usage.html#tls-warnings
  warnings.warn(</msg>
<msg time="2024-05-31T19:13:06.577146" level="INFO">${response} = &lt;Response [200]&gt;</msg>
<var>${response}</var>
<arg>consultarAPI</arg>
<arg>/api</arg>
<doc>Sends a GET request on a previously created HTTP Session.</doc>
<status status="PASS" start="2024-05-31T19:13:06.489325" elapsed="0.087867"/>
</kw>
<kw name="Set Variable" owner="BuiltIn">
<msg time="2024-05-31T19:13:06.578149" level="INFO">${json_data} = {'results': [{'gender': 'male', 'name': {'title': 'Mr', 'first': 'Juan Manuel', 'last': 'Nazario'}, 'location': {'street': {'number': 1076, 'name': 'Pasaje Sur Velasco'}, 'city': 'Tacotalpa', 'state':...</msg>
<var>${json_data}</var>
<arg>${response.json()}</arg>
<doc>Returns the given values which can then be assigned to a variables.</doc>
<status status="PASS" start="2024-05-31T19:13:06.577657" elapsed="0.000523"/>
</kw>
<kw name="Set Variable" owner="BuiltIn">
<msg time="2024-05-31T19:13:06.578905" level="INFO">${name_title} = Mr</msg>
<var>${name_title}</var>
<arg>${json_data["results"][0]["name"]["title"]}</arg>
<doc>Returns the given values which can then be assigned to a variables.</doc>
<status status="PASS" start="2024-05-31T19:13:06.578487" elapsed="0.000445"/>
</kw>
<kw name="Create List" owner="BuiltIn">
<msg time="2024-05-31T19:13:06.579388" level="INFO">${allowed_titles} = ['Mr', 'Ms', 'Miss', 'Mrs', 'Madame', 'Monsieur']</msg>
<var>${allowed_titles}</var>
<arg>Mr</arg>
<arg>Ms</arg>
<arg>Miss</arg>
<arg>Mrs</arg>
<arg>Madame</arg>
<arg>Monsieur</arg>
<doc>Returns a list containing given items.</doc>
<status status="PASS" start="2024-05-31T19:13:06.579236" elapsed="0.000178"/>
</kw>
<kw name="List Should Contain Value" owner="Collections">
<msg time="2024-05-31T19:13:06.579902" level="INFO">False</msg>
<arg>${allowed_titles}</arg>
<arg>${name_title}</arg>
<doc>Fails if the ``value`` is not found from ``list``.</doc>
<status status="PASS" start="2024-05-31T19:13:06.579726" elapsed="0.000214"/>
</kw>
<kw name="Set Variable" owner="BuiltIn">
<msg time="2024-05-31T19:13:06.580800" level="INFO">${name_country} = MX</msg>
<var>${name_country}</var>
<arg>${json_data["results"][0]["nat"]}</arg>
<doc>Returns the given values which can then be assigned to a variables.</doc>
<status status="PASS" start="2024-05-31T19:13:06.580247" elapsed="0.000579"/>
</kw>
<kw name="Create List" owner="BuiltIn">
<msg time="2024-05-31T19:13:06.581741" level="INFO">${list_country} = ['AD', 'AE', 'AF', 'AG', 'AI', 'AL', 'AM', 'AO', 'AQ', 'AR', 'AS', 'AT', 'AU', 'AW', 'AX', 'AZ', 'BA', 'BB', 'BD', 'BE', 'BF', 'BG', 'BH', 'BI', 'BJ', 'BL', 'BM', 'BN', 'BO', 'BQ', 'BR', 'BS', 'BT', '...</msg>
<var>${list_country}</var>
<arg>AD</arg>
<arg>AE</arg>
<arg>AF</arg>
<arg>AG</arg>
<arg>AI</arg>
<arg>AL</arg>
<arg>AM</arg>
<arg>AO</arg>
<arg>AQ</arg>
<arg>AR</arg>
<arg>AS</arg>
<arg>AT</arg>
<arg>AU</arg>
<arg>AW</arg>
<arg>AX</arg>
<arg>AZ</arg>
<arg>BA</arg>
<arg>BB</arg>
<arg>BD</arg>
<arg>BE</arg>
<arg>BF</arg>
<arg>BG</arg>
<arg>BH</arg>
<arg>BI</arg>
<arg>BJ</arg>
<arg>BL</arg>
<arg>BM</arg>
<arg>BN</arg>
<arg>BO</arg>
<arg>BQ</arg>
<arg>BR</arg>
<arg>BS</arg>
<arg>BT</arg>
<arg>BV</arg>
<arg>BW</arg>
<arg>BY</arg>
<arg>BZ</arg>
<arg>CA</arg>
<arg>CC</arg>
<arg>CD</arg>
<arg>CF</arg>
<arg>CG</arg>
<arg>CH</arg>
<arg>CI</arg>
<arg>CK</arg>
<arg>CL</arg>
<arg>CM</arg>
<arg>CN</arg>
<arg>CO</arg>
<arg>CR</arg>
<arg>CU</arg>
<arg>CV</arg>
<arg>CW</arg>
<arg>CX</arg>
<arg>CY</arg>
<arg>CZ</arg>
<arg>DE</arg>
<arg>DJ</arg>
<arg>DK</arg>
<arg>DM</arg>
<arg>DO</arg>
<arg>DZ</arg>
<arg>EC</arg>
<arg>EE</arg>
<arg>EG</arg>
<arg>EH</arg>
<arg>ER</arg>
<arg>ES</arg>
<arg>ET</arg>
<arg>FI</arg>
<arg>FJ</arg>
<arg>FK</arg>
<arg>FM</arg>
<arg>FO</arg>
<arg>FR</arg>
<arg>GA</arg>
<arg>GB</arg>
<arg>GD</arg>
<arg>GE</arg>
<arg>GF</arg>
<arg>GG</arg>
<arg>GH</arg>
<arg>GI</arg>
<arg>GL</arg>
<arg>GM</arg>
<arg>GN</arg>
<arg>GP</arg>
<arg>GQ</arg>
<arg>GR</arg>
<arg>GS</arg>
<arg>GT</arg>
<arg>GU</arg>
<arg>GW</arg>
<arg>GY</arg>
<arg>HK</arg>
<arg>HM</arg>
<arg>HN</arg>
<arg>HR</arg>
<arg>HT</arg>
<arg>HU</arg>
<arg>ID</arg>
<arg>IE</arg>
<arg>IL</arg>
<arg>IM</arg>
<arg>IN</arg>
<arg>IO</arg>
<arg>IQ</arg>
<arg>IR</arg>
<arg>IS</arg>
<arg>IT</arg>
<arg>JE</arg>
<arg>JM</arg>
<arg>JO</arg>
<arg>JP</arg>
<arg>KE</arg>
<arg>KG</arg>
<arg>KH</arg>
<arg>KI</arg>
<arg>KM</arg>
<arg>KN</arg>
<arg>KP</arg>
<arg>KR</arg>
<arg>KW</arg>
<arg>KY</arg>
<arg>KZ</arg>
<arg>LA</arg>
<arg>LB</arg>
<arg>LC</arg>
<arg>LI</arg>
<arg>LK</arg>
<arg>LR</arg>
<arg>LS</arg>
<arg>LT</arg>
<arg>LU</arg>
<arg>LV</arg>
<arg>LY</arg>
<arg>MA</arg>
<arg>MC</arg>
<arg>MD</arg>
<arg>ME</arg>
<arg>MF</arg>
<arg>MG</arg>
<arg>MH</arg>
<arg>MK</arg>
<arg>ML</arg>
<arg>MM</arg>
<arg>MN</arg>
<arg>MO</arg>
<arg>MP</arg>
<arg>MQ</arg>
<arg>MR</arg>
<arg>MS</arg>
<arg>MT</arg>
<arg>MU</arg>
<arg>MV</arg>
<arg>MW</arg>
<arg>MX</arg>
<arg>MY</arg>
<arg>MZ</arg>
<arg>NA</arg>
<arg>NC</arg>
<arg>NE</arg>
<arg>NF</arg>
<arg>NG</arg>
<arg>NI</arg>
<arg>NL</arg>
<arg>NO</arg>
<arg>NP</arg>
<arg>NR</arg>
<arg>NU</arg>
<arg>NZ</arg>
<arg>OM</arg>
<arg>PA</arg>
<arg>PE</arg>
<arg>PF</arg>
<arg>PG</arg>
<arg>PH</arg>
<arg>PK</arg>
<arg>PL</arg>
<arg>PM</arg>
<arg>PN</arg>
<arg>PR</arg>
<arg>PS</arg>
<arg>PT</arg>
<arg>PW</arg>
<arg>PY</arg>
<arg>QA</arg>
<arg>RE</arg>
<arg>RO</arg>
<arg>RS</arg>
<arg>RU</arg>
<arg>RW</arg>
<arg>SA</arg>
<arg>SB</arg>
<arg>SC</arg>
<arg>SD</arg>
<arg>SE</arg>
<arg>SG</arg>
<arg>SH</arg>
<arg>SI</arg>
<arg>SJ</arg>
<arg>SK</arg>
<arg>SL</arg>
<arg>SM</arg>
<arg>SN</arg>
<arg>SO</arg>
<arg>SR</arg>
<arg>SS</arg>
<arg>ST</arg>
<arg>SV</arg>
<arg>SX</arg>
<arg>SY</arg>
<arg>SZ</arg>
<arg>TC</arg>
<arg>TD</arg>
<arg>TF</arg>
<arg>TG</arg>
<arg>TH</arg>
<arg>TJ</arg>
<arg>TK</arg>
<arg>TL</arg>
<arg>TM</arg>
<arg>TN</arg>
<arg>TO</arg>
<arg>TR</arg>
<arg>TT</arg>
<arg>TV</arg>
<arg>TW</arg>
<arg>TZ</arg>
<arg>UA</arg>
<arg>UG</arg>
<arg>UM</arg>
<arg>US</arg>
<arg>UY</arg>
<arg>UZ</arg>
<arg>VA</arg>
<arg>VC</arg>
<arg>VE</arg>
<arg>VG</arg>
<arg>VI</arg>
<arg>VN</arg>
<arg>VU</arg>
<arg>WF</arg>
<arg>WS</arg>
<arg>XK</arg>
<arg>YE</arg>
<arg>YT</arg>
<arg>ZA</arg>
<arg>ZM</arg>
<arg>ZW</arg>
<doc>Returns a list containing given items.</doc>
<status status="PASS" start="2024-05-31T19:13:06.581134" elapsed="0.000633"/>
</kw>
<kw name="List Should Contain Value" owner="Collections">
<msg time="2024-05-31T19:13:06.582779" level="INFO">False</msg>
<arg>${list_country}</arg>
<arg>${name_country}</arg>
<doc>Fails if the ``value`` is not found from ``list``.</doc>
<status status="PASS" start="2024-05-31T19:13:06.582554" elapsed="0.000263"/>
</kw>
<kw name="Run Keyword If" owner="BuiltIn">
<kw name="Should Be True" owner="BuiltIn">
<arg>${True}</arg>
<doc>Fails if the given condition is not true.</doc>
<status status="PASS" start="2024-05-31T19:13:06.583882" elapsed="0.000144"/>
</kw>
<arg>${json_data["results"][0]["location"]["coordinates"]["latitude"]} &gt;= -90 and ${json_data["results"][0]["location"]["coordinates"]["latitude"]} &lt;= 90</arg>
<arg>Should Be True</arg>
<arg>${True}</arg>
<doc>Runs the given keyword with the given arguments, if ``condition`` is true.</doc>
<status status="PASS" start="2024-05-31T19:13:06.583131" elapsed="0.001023"/>
</kw>
<kw name="Run Keyword If" owner="BuiltIn">
<kw name="Should Be True" owner="BuiltIn">
<arg>${True}</arg>
<doc>Fails if the given condition is not true.</doc>
<status status="PASS" start="2024-05-31T19:13:06.585044" elapsed="0.000137"/>
</kw>
<arg>${json_data["results"][0]["location"]["coordinates"]["longitude"]} &gt;= -180 and ${json_data["results"][0]["location"]["coordinates"]["longitude"]} &lt;= 180</arg>
<arg>Should Be True</arg>
<arg>${True}</arg>
<doc>Runs the given keyword with the given arguments, if ``condition`` is true.</doc>
<status status="PASS" start="2024-05-31T19:13:06.584353" elapsed="0.000953"/>
</kw>
<status status="PASS" start="2024-05-31T19:13:06.488940" elapsed="0.096496"/>
</kw>
<doc>Testa o conteúdo específico dos campos retornados pela API.</doc>
<tag>testeConteudo</tag>
<status status="PASS" start="2024-05-31T19:13:06.488232" elapsed="0.097356"/>
</test>
<status status="PASS" start="2024-05-31T19:13:05.639408" elapsed="0.948102"/>
</suite>
<status status="PASS" start="2024-05-31T19:13:05.626000" elapsed="0.966652"/>
</suite>
<statistics>
<total>
<stat pass="5" fail="0" skip="0">All Tests</stat>
</total>
<tag>
<stat pass="1" fail="0" skip="0">testeConteudo</stat>
<stat pass="1" fail="0" skip="0">testeEstruturaResposta</stat>
<stat pass="1" fail="0" skip="0">testeRequisicaoBasica</stat>
<stat pass="1" fail="0" skip="0">testeTiposDados</stat>
</tag>
<suite>
<stat pass="5" fail="0" skip="0" id="s1" name="Tests">Tests</stat>
<stat pass="5" fail="0" skip="0" id="s1-s1" name="Random-User-Test">Tests.Random-User-Test</stat>
</suite>
</statistics>
<errors>
</errors>
</robot>
