<?xml version="1.0" encoding="UTF-8"?>
<robot generator="Robot 7.0 (Python 3.12.3 on linux)" generated="2024-06-04T14:14:07.219814" rpa="false" schemaversion="5">
<suite id="s1" name="Tests" source="/home/runner/work/ApiRandomUser/ApiRandomUser/RamdonUser/tests">
<suite id="s1-s1" name="Random-User-Test" source="/home/runner/work/ApiRandomUser/ApiRandomUser/RamdonUser/tests/random-user-test.robot">
<test id="s1-s1-t1" name="Conectar" line="13">
<kw name="Conectar API" owner="random-user-service">
<kw name="Create Session" owner="RequestsLibrary">
<msg time="2024-06-04T14:14:07.651664" level="INFO">Creating Session using : alias=consultarAPI, url=https://randomuser.me/, headers={},                     cookies={}, auth=None, timeout=None, proxies=None, verify=False,                     debug=0 </msg>
<arg>consultarAPI</arg>
<arg>${URL}</arg>
<doc>Create Session: create a HTTP session to a server</doc>
<status status="PASS" start="2024-06-04T14:14:07.651409" elapsed="0.000473"/>
</kw>
<status status="PASS" start="2024-06-04T14:14:07.650195" elapsed="0.002155"/>
</kw>
<status status="PASS" start="2024-06-04T14:14:07.649440" elapsed="0.003127"/>
</test>
<test id="s1-s1-t2" name="Validar retorno 200 e JSON Válido" line="16">
<kw name="Teste de Requisicao Basica" owner="random-user-service">
<kw name="GET On Session" owner="RequestsLibrary">
<msg time="2024-06-04T14:14:07.976046" level="INFO">GET Request : url=https://randomuser.me/api 
 path_url=/api 
 headers={'User-Agent': 'python-requests/2.32.3', 'Accept-Encoding': 'gzip, deflate', 'Accept': '*/*', 'Connection': 'keep-alive'} 
 body=None 
 </msg>
<msg time="2024-06-04T14:14:07.976229" level="INFO">GET Response : url=https://randomuser.me/api 
 status=200, reason=OK 
 headers={'Date': 'Tue, 04 Jun 2024 14:14:07 GMT', 'Content-Type': 'application/json; charset=utf-8', 'Transfer-Encoding': 'chunked', 'Connection': 'keep-alive', 'X-Powered-By': 'Express', 'Access-Control-Allow-Origin': '*', 'Cache-Control': 'no-cache', 'ETag': 'W/"45b-eOnAF5FK+YoC/Ss7lCnFTaT/JfM"', 'Vary': 'Accept-Encoding', 'Content-Encoding': 'gzip', 'CF-Cache-Status': 'DYNAMIC', 'Report-To': '{"endpoints":[{"url":"https:\\/\\/a.nel.cloudflare.com\\/report\\/v4?s=ijPF3vY192OPZi%2FdeHvQ1ZDxM6TjEBFrSZ4E5tIH8ZLpcl%2FPkeDYK5f2KPJPD29KfWEIv4%2FEPF1HHZ4ikCUZvoONQxQdA7gHUh2lcWNQlDAZltWcvNYNfiFYF1yI0HoF"}],"group":"cf-nel","max_age":604800}', 'NEL': '{"success_fraction":0,"report_to":"cf-nel","max_age":604800}', 'Server': 'cloudflare', 'CF-RAY': '88e8870b2e831143-ORD', 'alt-svc': 'h3=":443"; ma=86400'} 
 body={"results":[{"gender":"female","name":{"title":"Ms","first":"Ege","last":"Başoğlu"},"location":{"street":{"number":36,"name":"Abanoz Sk"},"city":"Bolu","state":"Tokat","country":"Turkey","postcode":96156,"coordinates":{"latitude":"69.8222","longitude":"61.4203"},"timezone":{"offset":"+4:30","description":"Kabul"}},"email":"ege.basoglu@example.com","login":{"uuid":"43aa062b-f732-4e42-95fb-589174e61529","username":"sadgoose558","password":"vernon","salt":"Dml4siev","md5":"8651833540e20ec29e762be87e12deff","sha1":"1290ec80dc59bd1f4ea828ff12569b3dbf68e901","sha256":"fffa315d72aabacde21db89f861d649260e52f5958d4cb4143783ddd62c85a52"},"dob":{"date":"1979-02-03T02:19:46.323Z","age":45},"registered":{"date":"2004-04-06T09:03:35.385Z","age":20},"phone":"(284)-131-5415","cell":"(432)-247-1296","id":{"name":"","value":null},"picture":{"large":"https://randomuser.me/api/portraits/women/42.jpg","medium":"https://randomuser.me/api/portraits/med/women/42.jpg","thumbnail":"https://randomuser.me/api/portraits/thumb/women/42.jpg"},"nat":"TR"}],"info":{"seed":"5cae890107cca22c","results":1,"page":1,"version":"1.4"}} 
 </msg>
<msg time="2024-06-04T14:14:07.976337" level="INFO">/opt/hostedtoolcache/Python/3.12.3/x64/lib/python3.12/site-packages/urllib3/connectionpool.py:1103: InsecureRequestWarning: Unverified HTTPS request is being made to host 'randomuser.me'. Adding certificate verification is strongly advised. See: https://urllib3.readthedocs.io/en/latest/advanced-usage.html#tls-warnings
  warnings.warn(</msg>
<msg time="2024-06-04T14:14:07.976524" level="INFO">${response} = &lt;Response [200]&gt;</msg>
<var>${response}</var>
<arg>consultarAPI</arg>
<arg>/api</arg>
<doc>Sends a GET request on a previously created HTTP Session.</doc>
<status status="PASS" start="2024-06-04T14:14:07.655635" elapsed="0.320936"/>
</kw>
<kw name="Should Be Equal As Numbers" owner="BuiltIn">
<msg time="2024-06-04T14:14:07.977731" level="INFO">Argument types are:
&lt;class 'int'&gt;
&lt;class 'str'&gt;</msg>
<arg>${response.status_code}</arg>
<arg>200</arg>
<doc>Fails if objects are unequal after converting them to real numbers.</doc>
<status status="PASS" start="2024-06-04T14:14:07.977206" elapsed="0.000605"/>
</kw>
<kw name="Log" owner="BuiltIn">
<msg time="2024-06-04T14:14:07.978710" level="INFO">200</msg>
<arg>${response.status_code}</arg>
<doc>Logs the given message with the given level.</doc>
<status status="PASS" start="2024-06-04T14:14:07.978290" elapsed="0.000476"/>
</kw>
<kw name="Set Variable" owner="BuiltIn">
<msg time="2024-06-04T14:14:07.979723" level="INFO">${json_data} = {'results': [{'gender': 'female', 'name': {'title': 'Ms', 'first': 'Ege', 'last': 'Başoğlu'}, 'location': {'street': {'number': 36, 'name': 'Abanoz Sk'}, 'city': 'Bolu', 'state': 'Tokat', 'country': '...</msg>
<var>${json_data}</var>
<arg>${response.json()}</arg>
<doc>Returns the given values which can then be assigned to a variables.</doc>
<status status="PASS" start="2024-06-04T14:14:07.979198" elapsed="0.000559"/>
</kw>
<kw name="Dictionary Should Contain Key" owner="Collections">
<msg time="2024-06-04T14:14:07.980323" level="INFO">False</msg>
<arg>${json_data}</arg>
<arg>results</arg>
<doc>Fails if ``key`` is not found from ``dictionary``.</doc>
<status status="PASS" start="2024-06-04T14:14:07.980128" elapsed="0.000445"/>
</kw>
<status status="PASS" start="2024-06-04T14:14:07.655318" elapsed="0.325563"/>
</kw>
<doc>Testa se a API responde corretamente e retorna um objeto JSON válido.</doc>
<tag>testeRequisicaoBasica</tag>
<status status="PASS" start="2024-06-04T14:14:07.654556" elapsed="0.326528"/>
</test>
<test id="s1-s1-t3" name="Validar estrutura de resposta" line="22">
<kw name="Teste de Estrutura de Resposta" owner="random-user-service">
<kw name="GET On Session" owner="RequestsLibrary">
<msg time="2024-06-04T14:14:08.066423" level="INFO">GET Request : url=https://randomuser.me/api 
 path_url=/api 
 headers={'User-Agent': 'python-requests/2.32.3', 'Accept-Encoding': 'gzip, deflate', 'Accept': '*/*', 'Connection': 'keep-alive'} 
 body=None 
 </msg>
<msg time="2024-06-04T14:14:08.066532" level="INFO">GET Response : url=https://randomuser.me/api 
 status=200, reason=OK 
 headers={'Date': 'Tue, 04 Jun 2024 14:14:08 GMT', 'Content-Type': 'application/json; charset=utf-8', 'Transfer-Encoding': 'chunked', 'Connection': 'keep-alive', 'X-Powered-By': 'Express', 'Access-Control-Allow-Origin': '*', 'Cache-Control': 'no-cache', 'ETag': 'W/"49d-kgbHLBZTCnmQRD2tEQr39e5ZRgo"', 'Vary': 'Accept-Encoding', 'Content-Encoding': 'gzip', 'CF-Cache-Status': 'DYNAMIC', 'Report-To': '{"endpoints":[{"url":"https:\\/\\/a.nel.cloudflare.com\\/report\\/v4?s=PsMnDxYgUwAkXyCGVdj2y%2FnehE8nsCCBS7wtUKtEam7ZnpQjbb88xiJeykJT7iCbvaH6QQlpIel3afi02YwISPjXacif%2FdDLgMICP9jlUd1itCd2vtvbplBlYhpzym4i"}],"group":"cf-nel","max_age":604800}', 'NEL': '{"success_fraction":0,"report_to":"cf-nel","max_age":604800}', 'Server': 'cloudflare', 'CF-RAY': '88e8870bef861143-ORD', 'alt-svc': 'h3=":443"; ma=86400'} 
 body={"results":[{"gender":"male","name":{"title":"Mr","first":"Cristóbal","last":"Hidalgo"},"location":{"street":{"number":1120,"name":"Avenida de La Albufera"},"city":"Fuenlabrada","state":"Ceuta","country":"Spain","postcode":46947,"coordinates":{"latitude":"-34.4192","longitude":"-141.0559"},"timezone":{"offset":"-4:00","description":"Atlantic Time (Canada), Caracas, La Paz"}},"email":"cristobal.hidalgo@example.com","login":{"uuid":"36411466-6207-4347-b676-6e91b7237d17","username":"lazykoala464","password":"gabriela","salt":"yjcEmqEE","md5":"3a7b8adc6e6ad3dc85fccdae08d05b58","sha1":"8a39de66e51d163b7a859ff4ba5b4296f62d56cc","sha256":"d02b445d59f2d208961a77d5f388c7aacda27a4a3477646da574f125532a36e0"},"dob":{"date":"1995-03-14T15:20:35.103Z","age":29},"registered":{"date":"2013-11-12T13:34:34.145Z","age":10},"phone":"974-124-804","cell":"683-175-992","id":{"name":"DNI","value":"49496337-P"},"picture":{"large":"https://randomuser.me/api/portraits/men/8.jpg","medium":"https://randomuser.me/api/portraits/med/men/8.jpg","thumbnail":"https://randomuser.me/api/portraits/thumb/men/8.jpg"},"nat":"ES"}],"info":{"seed":"6c4c47d6e15a7078","results":1,"page":1,"version":"1.4"}} 
 </msg>
<msg time="2024-06-04T14:14:08.066670" level="INFO">/opt/hostedtoolcache/Python/3.12.3/x64/lib/python3.12/site-packages/urllib3/connectionpool.py:1103: InsecureRequestWarning: Unverified HTTPS request is being made to host 'randomuser.me'. Adding certificate verification is strongly advised. See: https://urllib3.readthedocs.io/en/latest/advanced-usage.html#tls-warnings
  warnings.warn(</msg>
<msg time="2024-06-04T14:14:08.066822" level="INFO">${response} = &lt;Response [200]&gt;</msg>
<var>${response}</var>
<arg>consultarAPI</arg>
<arg>/api</arg>
<doc>Sends a GET request on a previously created HTTP Session.</doc>
<status status="PASS" start="2024-06-04T14:14:07.984104" elapsed="0.082760"/>
</kw>
<kw name="Set Variable" owner="BuiltIn">
<msg time="2024-06-04T14:14:08.068056" level="INFO">${json_data} = {'results': [{'gender': 'male', 'name': {'title': 'Mr', 'first': 'Cristóbal', 'last': 'Hidalgo'}, 'location': {'street': {'number': 1120, 'name': 'Avenida de La Albufera'}, 'city': 'Fuenlabrada', 'sta...</msg>
<var>${json_data}</var>
<arg>${response.json()}</arg>
<doc>Returns the given values which can then be assigned to a variables.</doc>
<status status="PASS" start="2024-06-04T14:14:08.067486" elapsed="0.000602"/>
</kw>
<kw name="Log" owner="BuiltIn">
<msg time="2024-06-04T14:14:08.068577" level="INFO">{'results': [{'gender': 'male', 'name': {'title': 'Mr', 'first': 'Cristóbal', 'last': 'Hidalgo'}, 'location': {'street': {'number': 1120, 'name': 'Avenida de La Albufera'}, 'city': 'Fuenlabrada', 'state': 'Ceuta', 'country': 'Spain', 'postcode': 46947, 'coordinates': {'latitude': '-34.4192', 'longitude': '-141.0559'}, 'timezone': {'offset': '-4:00', 'description': 'Atlantic Time (Canada), Caracas, La Paz'}}, 'email': 'cristobal.hidalgo@example.com', 'login': {'uuid': '36411466-6207-4347-b676-6e91b7237d17', 'username': 'lazykoala464', 'password': 'gabriela', 'salt': 'yjcEmqEE', 'md5': '3a7b8adc6e6ad3dc85fccdae08d05b58', 'sha1': '8a39de66e51d163b7a859ff4ba5b4296f62d56cc', 'sha256': 'd02b445d59f2d208961a77d5f388c7aacda27a4a3477646da574f125532a36e0'}, 'dob': {'date': '1995-03-14T15:20:35.103Z', 'age': 29}, 'registered': {'date': '2013-11-12T13:34:34.145Z', 'age': 10}, 'phone': '974-124-804', 'cell': '683-175-992', 'id': {'name': 'DNI', 'value': '49496337-P'}, 'picture': {'large': 'https://randomuser.me/api/portraits/men/8.jpg', 'medium': 'https://randomuser.me/api/portraits/med/men/8.jpg', 'thumbnail': 'https://randomuser.me/api/portraits/thumb/men/8.jpg'}, 'nat': 'ES'}], 'info': {'seed': '6c4c47d6e15a7078', 'results': 1, 'page': 1, 'version': '1.4'}}</msg>
<arg>${json_data}</arg>
<doc>Logs the given message with the given level.</doc>
<status status="PASS" start="2024-06-04T14:14:08.068410" elapsed="0.000219"/>
</kw>
<kw name="Dictionary Should Contain Key" owner="Collections">
<msg time="2024-06-04T14:14:08.069108" level="INFO">False</msg>
<arg>${json_data}</arg>
<arg>results</arg>
<doc>Fails if ``key`` is not found from ``dictionary``.</doc>
<status status="PASS" start="2024-06-04T14:14:08.068936" elapsed="0.000211"/>
</kw>
<kw name="Should Not Be Empty" owner="BuiltIn">
<msg time="2024-06-04T14:14:08.069582" level="INFO">Length is 2.</msg>
<arg>${json_data}</arg>
<doc>Verifies that the given item is not empty.</doc>
<status status="PASS" start="2024-06-04T14:14:08.069449" elapsed="0.000173"/>
</kw>
<kw name="Create List" owner="BuiltIn">
<msg time="2024-06-04T14:14:08.070068" level="INFO">${expected_keys} = ['gender', 'name', 'location', 'email', 'login']</msg>
<var>${expected_keys}</var>
<arg>gender</arg>
<arg>name</arg>
<arg>location</arg>
<arg>email</arg>
<arg>login</arg>
<doc>Returns a list containing given items.</doc>
<status status="PASS" start="2024-06-04T14:14:08.069917" elapsed="0.000175"/>
</kw>
<for flavor="IN">
<iter>
<kw name="Dictionary Should Contain Key" owner="Collections">
<msg time="2024-06-04T14:14:08.071152" level="INFO">False</msg>
<arg>${json_data['results'][0]}</arg>
<arg>${key}</arg>
<doc>Fails if ``key`` is not found from ``dictionary``.</doc>
<status status="PASS" start="2024-06-04T14:14:08.070701" elapsed="0.000496"/>
</kw>
<kw name="Log" owner="BuiltIn">
<msg time="2024-06-04T14:14:08.071898" level="INFO">{'gender': 'male', 'name': {'title': 'Mr', 'first': 'Cristóbal', 'last': 'Hidalgo'}, 'location': {'street': {'number': 1120, 'name': 'Avenida de La Albufera'}, 'city': 'Fuenlabrada', 'state': 'Ceuta', 'country': 'Spain', 'postcode': 46947, 'coordinates': {'latitude': '-34.4192', 'longitude': '-141.0559'}, 'timezone': {'offset': '-4:00', 'description': 'Atlantic Time (Canada), Caracas, La Paz'}}, 'email': 'cristobal.hidalgo@example.com', 'login': {'uuid': '36411466-6207-4347-b676-6e91b7237d17', 'username': 'lazykoala464', 'password': 'gabriela', 'salt': 'yjcEmqEE', 'md5': '3a7b8adc6e6ad3dc85fccdae08d05b58', 'sha1': '8a39de66e51d163b7a859ff4ba5b4296f62d56cc', 'sha256': 'd02b445d59f2d208961a77d5f388c7aacda27a4a3477646da574f125532a36e0'}, 'dob': {'date': '1995-03-14T15:20:35.103Z', 'age': 29}, 'registered': {'date': '2013-11-12T13:34:34.145Z', 'age': 10}, 'phone': '974-124-804', 'cell': '683-175-992', 'id': {'name': 'DNI', 'value': '49496337-P'}, 'picture': {'large': 'https://randomuser.me/api/portraits/men/8.jpg', 'medium': 'https://randomuser.me/api/portraits/med/men/8.jpg', 'thumbnail': 'https://randomuser.me/api/portraits/thumb/men/8.jpg'}, 'nat': 'ES'}</msg>
<arg>${json_data['results'][0]}</arg>
<doc>Logs the given message with the given level.</doc>
<status status="PASS" start="2024-06-04T14:14:08.071522" elapsed="0.000429"/>
</kw>
<kw name="Log" owner="BuiltIn">
<msg time="2024-06-04T14:14:08.072389" level="INFO">gender</msg>
<arg>${key}</arg>
<doc>Logs the given message with the given level.</doc>
<status status="PASS" start="2024-06-04T14:14:08.072257" elapsed="0.000172"/>
</kw>
<var name="${key}">gender</var>
<status status="PASS" start="2024-06-04T14:14:08.070564" elapsed="0.002081"/>
</iter>
<iter>
<kw name="Dictionary Should Contain Key" owner="Collections">
<msg time="2024-06-04T14:14:08.073367" level="INFO">False</msg>
<arg>${json_data['results'][0]}</arg>
<arg>${key}</arg>
<doc>Fails if ``key`` is not found from ``dictionary``.</doc>
<status status="PASS" start="2024-06-04T14:14:08.072954" elapsed="0.000451"/>
</kw>
<kw name="Log" owner="BuiltIn">
<msg time="2024-06-04T14:14:08.074106" level="INFO">{'gender': 'male', 'name': {'title': 'Mr', 'first': 'Cristóbal', 'last': 'Hidalgo'}, 'location': {'street': {'number': 1120, 'name': 'Avenida de La Albufera'}, 'city': 'Fuenlabrada', 'state': 'Ceuta', 'country': 'Spain', 'postcode': 46947, 'coordinates': {'latitude': '-34.4192', 'longitude': '-141.0559'}, 'timezone': {'offset': '-4:00', 'description': 'Atlantic Time (Canada), Caracas, La Paz'}}, 'email': 'cristobal.hidalgo@example.com', 'login': {'uuid': '36411466-6207-4347-b676-6e91b7237d17', 'username': 'lazykoala464', 'password': 'gabriela', 'salt': 'yjcEmqEE', 'md5': '3a7b8adc6e6ad3dc85fccdae08d05b58', 'sha1': '8a39de66e51d163b7a859ff4ba5b4296f62d56cc', 'sha256': 'd02b445d59f2d208961a77d5f388c7aacda27a4a3477646da574f125532a36e0'}, 'dob': {'date': '1995-03-14T15:20:35.103Z', 'age': 29}, 'registered': {'date': '2013-11-12T13:34:34.145Z', 'age': 10}, 'phone': '974-124-804', 'cell': '683-175-992', 'id': {'name': 'DNI', 'value': '49496337-P'}, 'picture': {'large': 'https://randomuser.me/api/portraits/men/8.jpg', 'medium': 'https://randomuser.me/api/portraits/med/men/8.jpg', 'thumbnail': 'https://randomuser.me/api/portraits/thumb/men/8.jpg'}, 'nat': 'ES'}</msg>
<arg>${json_data['results'][0]}</arg>
<doc>Logs the given message with the given level.</doc>
<status status="PASS" start="2024-06-04T14:14:08.073738" elapsed="0.000420"/>
</kw>
<kw name="Log" owner="BuiltIn">
<msg time="2024-06-04T14:14:08.074595" level="INFO">name</msg>
<arg>${key}</arg>
<doc>Logs the given message with the given level.</doc>
<status status="PASS" start="2024-06-04T14:14:08.074466" elapsed="0.000168"/>
</kw>
<var name="${key}">name</var>
<status status="PASS" start="2024-06-04T14:14:08.072838" elapsed="0.002025"/>
</iter>
<iter>
<kw name="Dictionary Should Contain Key" owner="Collections">
<msg time="2024-06-04T14:14:08.075563" level="INFO">False</msg>
<arg>${json_data['results'][0]}</arg>
<arg>${key}</arg>
<doc>Fails if ``key`` is not found from ``dictionary``.</doc>
<status status="PASS" start="2024-06-04T14:14:08.075188" elapsed="0.000413"/>
</kw>
<kw name="Log" owner="BuiltIn">
<msg time="2024-06-04T14:14:08.076274" level="INFO">{'gender': 'male', 'name': {'title': 'Mr', 'first': 'Cristóbal', 'last': 'Hidalgo'}, 'location': {'street': {'number': 1120, 'name': 'Avenida de La Albufera'}, 'city': 'Fuenlabrada', 'state': 'Ceuta', 'country': 'Spain', 'postcode': 46947, 'coordinates': {'latitude': '-34.4192', 'longitude': '-141.0559'}, 'timezone': {'offset': '-4:00', 'description': 'Atlantic Time (Canada), Caracas, La Paz'}}, 'email': 'cristobal.hidalgo@example.com', 'login': {'uuid': '36411466-6207-4347-b676-6e91b7237d17', 'username': 'lazykoala464', 'password': 'gabriela', 'salt': 'yjcEmqEE', 'md5': '3a7b8adc6e6ad3dc85fccdae08d05b58', 'sha1': '8a39de66e51d163b7a859ff4ba5b4296f62d56cc', 'sha256': 'd02b445d59f2d208961a77d5f388c7aacda27a4a3477646da574f125532a36e0'}, 'dob': {'date': '1995-03-14T15:20:35.103Z', 'age': 29}, 'registered': {'date': '2013-11-12T13:34:34.145Z', 'age': 10}, 'phone': '974-124-804', 'cell': '683-175-992', 'id': {'name': 'DNI', 'value': '49496337-P'}, 'picture': {'large': 'https://randomuser.me/api/portraits/men/8.jpg', 'medium': 'https://randomuser.me/api/portraits/med/men/8.jpg', 'thumbnail': 'https://randomuser.me/api/portraits/thumb/men/8.jpg'}, 'nat': 'ES'}</msg>
<arg>${json_data['results'][0]}</arg>
<doc>Logs the given message with the given level.</doc>
<status status="PASS" start="2024-06-04T14:14:08.075905" elapsed="0.000420"/>
</kw>
<kw name="Log" owner="BuiltIn">
<msg time="2024-06-04T14:14:08.076759" level="INFO">location</msg>
<arg>${key}</arg>
<doc>Logs the given message with the given level.</doc>
<status status="PASS" start="2024-06-04T14:14:08.076631" elapsed="0.000167"/>
</kw>
<var name="${key}">location</var>
<status status="PASS" start="2024-06-04T14:14:08.075074" elapsed="0.001940"/>
</iter>
<iter>
<kw name="Dictionary Should Contain Key" owner="Collections">
<msg time="2024-06-04T14:14:08.077805" level="INFO">False</msg>
<arg>${json_data['results'][0]}</arg>
<arg>${key}</arg>
<doc>Fails if ``key`` is not found from ``dictionary``.</doc>
<status status="PASS" start="2024-06-04T14:14:08.077301" elapsed="0.000543"/>
</kw>
<kw name="Log" owner="BuiltIn">
<msg time="2024-06-04T14:14:08.078509" level="INFO">{'gender': 'male', 'name': {'title': 'Mr', 'first': 'Cristóbal', 'last': 'Hidalgo'}, 'location': {'street': {'number': 1120, 'name': 'Avenida de La Albufera'}, 'city': 'Fuenlabrada', 'state': 'Ceuta', 'country': 'Spain', 'postcode': 46947, 'coordinates': {'latitude': '-34.4192', 'longitude': '-141.0559'}, 'timezone': {'offset': '-4:00', 'description': 'Atlantic Time (Canada), Caracas, La Paz'}}, 'email': 'cristobal.hidalgo@example.com', 'login': {'uuid': '36411466-6207-4347-b676-6e91b7237d17', 'username': 'lazykoala464', 'password': 'gabriela', 'salt': 'yjcEmqEE', 'md5': '3a7b8adc6e6ad3dc85fccdae08d05b58', 'sha1': '8a39de66e51d163b7a859ff4ba5b4296f62d56cc', 'sha256': 'd02b445d59f2d208961a77d5f388c7aacda27a4a3477646da574f125532a36e0'}, 'dob': {'date': '1995-03-14T15:20:35.103Z', 'age': 29}, 'registered': {'date': '2013-11-12T13:34:34.145Z', 'age': 10}, 'phone': '974-124-804', 'cell': '683-175-992', 'id': {'name': 'DNI', 'value': '49496337-P'}, 'picture': {'large': 'https://randomuser.me/api/portraits/men/8.jpg', 'medium': 'https://randomuser.me/api/portraits/med/men/8.jpg', 'thumbnail': 'https://randomuser.me/api/portraits/thumb/men/8.jpg'}, 'nat': 'ES'}</msg>
<arg>${json_data['results'][0]}</arg>
<doc>Logs the given message with the given level.</doc>
<status status="PASS" start="2024-06-04T14:14:08.078144" elapsed="0.000417"/>
</kw>
<kw name="Log" owner="BuiltIn">
<msg time="2024-06-04T14:14:08.079018" level="INFO">email</msg>
<arg>${key}</arg>
<doc>Logs the given message with the given level.</doc>
<status status="PASS" start="2024-06-04T14:14:08.078860" elapsed="0.000201"/>
</kw>
<var name="${key}">email</var>
<status status="PASS" start="2024-06-04T14:14:08.077188" elapsed="0.002096"/>
</iter>
<iter>
<kw name="Dictionary Should Contain Key" owner="Collections">
<msg time="2024-06-04T14:14:08.079959" level="INFO">False</msg>
<arg>${json_data['results'][0]}</arg>
<arg>${key}</arg>
<doc>Fails if ``key`` is not found from ``dictionary``.</doc>
<status status="PASS" start="2024-06-04T14:14:08.079576" elapsed="0.000421"/>
</kw>
<kw name="Log" owner="BuiltIn">
<msg time="2024-06-04T14:14:08.080649" level="INFO">{'gender': 'male', 'name': {'title': 'Mr', 'first': 'Cristóbal', 'last': 'Hidalgo'}, 'location': {'street': {'number': 1120, 'name': 'Avenida de La Albufera'}, 'city': 'Fuenlabrada', 'state': 'Ceuta', 'country': 'Spain', 'postcode': 46947, 'coordinates': {'latitude': '-34.4192', 'longitude': '-141.0559'}, 'timezone': {'offset': '-4:00', 'description': 'Atlantic Time (Canada), Caracas, La Paz'}}, 'email': 'cristobal.hidalgo@example.com', 'login': {'uuid': '36411466-6207-4347-b676-6e91b7237d17', 'username': 'lazykoala464', 'password': 'gabriela', 'salt': 'yjcEmqEE', 'md5': '3a7b8adc6e6ad3dc85fccdae08d05b58', 'sha1': '8a39de66e51d163b7a859ff4ba5b4296f62d56cc', 'sha256': 'd02b445d59f2d208961a77d5f388c7aacda27a4a3477646da574f125532a36e0'}, 'dob': {'date': '1995-03-14T15:20:35.103Z', 'age': 29}, 'registered': {'date': '2013-11-12T13:34:34.145Z', 'age': 10}, 'phone': '974-124-804', 'cell': '683-175-992', 'id': {'name': 'DNI', 'value': '49496337-P'}, 'picture': {'large': 'https://randomuser.me/api/portraits/men/8.jpg', 'medium': 'https://randomuser.me/api/portraits/med/men/8.jpg', 'thumbnail': 'https://randomuser.me/api/portraits/thumb/men/8.jpg'}, 'nat': 'ES'}</msg>
<arg>${json_data['results'][0]}</arg>
<doc>Logs the given message with the given level.</doc>
<status status="PASS" start="2024-06-04T14:14:08.080294" elapsed="0.000403"/>
</kw>
<kw name="Log" owner="BuiltIn">
<msg time="2024-06-04T14:14:08.081123" level="INFO">login</msg>
<arg>${key}</arg>
<doc>Logs the given message with the given level.</doc>
<status status="PASS" start="2024-06-04T14:14:08.080995" elapsed="0.000166"/>
</kw>
<var name="${key}">login</var>
<status status="PASS" start="2024-06-04T14:14:08.079462" elapsed="0.001942"/>
</iter>
<var>${key}</var>
<value>@{expected_keys}</value>
<status status="PASS" start="2024-06-04T14:14:08.070360" elapsed="0.011172"/>
</for>
<kw name="Create List" owner="BuiltIn">
<msg time="2024-06-04T14:14:08.081872" level="INFO">${expected_keysTwo} = ['username', 'password']</msg>
<var>${expected_keysTwo}</var>
<arg>username</arg>
<arg>password</arg>
<doc>Returns a list containing given items.</doc>
<status status="PASS" start="2024-06-04T14:14:08.081733" elapsed="0.000163"/>
</kw>
<for flavor="IN">
<iter>
<kw name="Dictionary Should Contain Key" owner="Collections">
<msg time="2024-06-04T14:14:08.082791" level="INFO">False</msg>
<arg>${json_data['results'][0]['login']}</arg>
<arg>${keyTwo}</arg>
<doc>Fails if ``key`` is not found from ``dictionary``.</doc>
<status status="PASS" start="2024-06-04T14:14:08.082407" elapsed="0.000422"/>
</kw>
<kw name="Dictionary Should Contain Key" owner="Collections">
<msg time="2024-06-04T14:14:08.083531" level="INFO">False</msg>
<arg>${json_data['results'][0]['login']}</arg>
<arg>${keyTwo}</arg>
<doc>Fails if ``key`` is not found from ``dictionary``.</doc>
<status status="PASS" start="2024-06-04T14:14:08.083155" elapsed="0.000414"/>
</kw>
<kw name="Log" owner="BuiltIn">
<msg time="2024-06-04T14:14:08.083990" level="INFO">username</msg>
<arg>${keyTwo}</arg>
<doc>Logs the given message with the given level.</doc>
<status status="PASS" start="2024-06-04T14:14:08.083864" elapsed="0.000164"/>
</kw>
<var name="${keyTwo}">username</var>
<status status="PASS" start="2024-06-04T14:14:08.082297" elapsed="0.001944"/>
</iter>
<iter>
<kw name="Dictionary Should Contain Key" owner="Collections">
<msg time="2024-06-04T14:14:08.084907" level="INFO">False</msg>
<arg>${json_data['results'][0]['login']}</arg>
<arg>${keyTwo}</arg>
<doc>Fails if ``key`` is not found from ``dictionary``.</doc>
<status status="PASS" start="2024-06-04T14:14:08.084531" elapsed="0.000413"/>
</kw>
<kw name="Dictionary Should Contain Key" owner="Collections">
<msg time="2024-06-04T14:14:08.085615" level="INFO">False</msg>
<arg>${json_data['results'][0]['login']}</arg>
<arg>${keyTwo}</arg>
<doc>Fails if ``key`` is not found from ``dictionary``.</doc>
<status status="PASS" start="2024-06-04T14:14:08.085238" elapsed="0.000414"/>
</kw>
<kw name="Log" owner="BuiltIn">
<msg time="2024-06-04T14:14:08.086069" level="INFO">password</msg>
<arg>${keyTwo}</arg>
<doc>Logs the given message with the given level.</doc>
<status status="PASS" start="2024-06-04T14:14:08.085943" elapsed="0.000163"/>
</kw>
<var name="${keyTwo}">password</var>
<status status="PASS" start="2024-06-04T14:14:08.084416" elapsed="0.001905"/>
</iter>
<var>${keyTwo}</var>
<value>@{expected_keysTwo}</value>
<status status="PASS" start="2024-06-04T14:14:08.082137" elapsed="0.004305"/>
</for>
<status status="PASS" start="2024-06-04T14:14:07.983797" elapsed="0.102788"/>
</kw>
<doc>Testa a estrutura da resposta da API.</doc>
<tag>testeEstruturaResposta</tag>
<status status="PASS" start="2024-06-04T14:14:07.983046" elapsed="0.103703"/>
</test>
<test id="s1-s1-t4" name="Validar tipos de dados" line="28">
<kw name="Teste de Tipos de Dados" owner="random-user-service">
<kw name="GET On Session" owner="RequestsLibrary">
<msg time="2024-06-04T14:14:08.150013" level="INFO">GET Request : url=https://randomuser.me/api 
 path_url=/api 
 headers={'User-Agent': 'python-requests/2.32.3', 'Accept-Encoding': 'gzip, deflate', 'Accept': '*/*', 'Connection': 'keep-alive'} 
 body=None 
 </msg>
<msg time="2024-06-04T14:14:08.150121" level="INFO">GET Response : url=https://randomuser.me/api 
 status=200, reason=OK 
 headers={'Date': 'Tue, 04 Jun 2024 14:14:08 GMT', 'Content-Type': 'application/json; charset=utf-8', 'Transfer-Encoding': 'chunked', 'Connection': 'keep-alive', 'X-Powered-By': 'Express', 'Access-Control-Allow-Origin': '*', 'Cache-Control': 'no-cache', 'ETag': 'W/"484-2rQYnbVNSaPKjnbelIBQeT1e9eU"', 'Vary': 'Accept-Encoding', 'Content-Encoding': 'gzip', 'CF-Cache-Status': 'DYNAMIC', 'Report-To': '{"endpoints":[{"url":"https:\\/\\/a.nel.cloudflare.com\\/report\\/v4?s=u%2FJIxZ7v0yozVl7fBZdE3seAffdKUB63l%2F3M8IkPwDqXeBCBkytJTsxIEO3jDn%2B31bMK0NIWjsyoBHhz9ta6wiAc4Md13g7IdZZCu8HUufkTSt%2BhAkUl6EHSYmNi0ylB"}],"group":"cf-nel","max_age":604800}', 'NEL': '{"success_fraction":0,"report_to":"cf-nel","max_age":604800}', 'Server': 'cloudflare', 'CF-RAY': '88e8870c98861143-ORD', 'alt-svc': 'h3=":443"; ma=86400'} 
 body={"results":[{"gender":"male","name":{"title":"Mr","first":"Josep","last":"Velasco"},"location":{"street":{"number":3896,"name":"Avenida de América"},"city":"Cartagena","state":"Canarias","country":"Spain","postcode":60827,"coordinates":{"latitude":"-30.0227","longitude":"-10.3525"},"timezone":{"offset":"+7:00","description":"Bangkok, Hanoi, Jakarta"}},"email":"josep.velasco@example.com","login":{"uuid":"afd60229-884e-4f9c-aa0d-826b645518f2","username":"angryswan560","password":"mustangs","salt":"FFr69JUy","md5":"cbf2a78d1d3b160148c6c3641c03e055","sha1":"134c9bc43a67eb21c726382c1f35bfbb79783f39","sha256":"07f4100be098315be885cc014b3a5ac24dcf4cd038bdcdbafede5b05bf90bf88"},"dob":{"date":"1952-05-25T22:12:52.593Z","age":72},"registered":{"date":"2010-01-05T06:58:23.798Z","age":14},"phone":"932-331-591","cell":"656-104-676","id":{"name":"DNI","value":"10294633-J"},"picture":{"large":"https://randomuser.me/api/portraits/men/71.jpg","medium":"https://randomuser.me/api/portraits/med/men/71.jpg","thumbnail":"https://randomuser.me/api/portraits/thumb/men/71.jpg"},"nat":"ES"}],"info":{"seed":"4e2d4dda62aa88d1","results":1,"page":1,"version":"1.4"}} 
 </msg>
<msg time="2024-06-04T14:14:08.150205" level="INFO">/opt/hostedtoolcache/Python/3.12.3/x64/lib/python3.12/site-packages/urllib3/connectionpool.py:1103: InsecureRequestWarning: Unverified HTTPS request is being made to host 'randomuser.me'. Adding certificate verification is strongly advised. See: https://urllib3.readthedocs.io/en/latest/advanced-usage.html#tls-warnings
  warnings.warn(</msg>
<msg time="2024-06-04T14:14:08.150354" level="INFO">${response} = &lt;Response [200]&gt;</msg>
<var>${response}</var>
<arg>consultarAPI</arg>
<arg>/api</arg>
<doc>Sends a GET request on a previously created HTTP Session.</doc>
<status status="PASS" start="2024-06-04T14:14:08.089391" elapsed="0.061007"/>
</kw>
<kw name="Set Variable" owner="BuiltIn">
<msg time="2024-06-04T14:14:08.151580" level="INFO">${json_data} = {'results': [{'gender': 'male', 'name': {'title': 'Mr', 'first': 'Josep', 'last': 'Velasco'}, 'location': {'street': {'number': 3896, 'name': 'Avenida de América'}, 'city': 'Cartagena', 'state': 'Cana...</msg>
<var>${json_data}</var>
<arg>${response.json()}</arg>
<doc>Returns the given values which can then be assigned to a variables.</doc>
<status status="PASS" start="2024-06-04T14:14:08.151000" elapsed="0.000613"/>
</kw>
<kw name="Log" owner="BuiltIn">
<msg time="2024-06-04T14:14:08.152132" level="INFO">{'results': [{'gender': 'male', 'name': {'title': 'Mr', 'first': 'Josep', 'last': 'Velasco'}, 'location': {'street': {'number': 3896, 'name': 'Avenida de América'}, 'city': 'Cartagena', 'state': 'Canarias', 'country': 'Spain', 'postcode': 60827, 'coordinates': {'latitude': '-30.0227', 'longitude': '-10.3525'}, 'timezone': {'offset': '+7:00', 'description': 'Bangkok, Hanoi, Jakarta'}}, 'email': 'josep.velasco@example.com', 'login': {'uuid': 'afd60229-884e-4f9c-aa0d-826b645518f2', 'username': 'angryswan560', 'password': 'mustangs', 'salt': 'FFr69JUy', 'md5': 'cbf2a78d1d3b160148c6c3641c03e055', 'sha1': '134c9bc43a67eb21c726382c1f35bfbb79783f39', 'sha256': '07f4100be098315be885cc014b3a5ac24dcf4cd038bdcdbafede5b05bf90bf88'}, 'dob': {'date': '1952-05-25T22:12:52.593Z', 'age': 72}, 'registered': {'date': '2010-01-05T06:58:23.798Z', 'age': 14}, 'phone': '932-331-591', 'cell': '656-104-676', 'id': {'name': 'DNI', 'value': '10294633-J'}, 'picture': {'large': 'https://randomuser.me/api/portraits/men/71.jpg', 'medium': 'https://randomuser.me/api/portraits/med/men/71.jpg', 'thumbnail': 'https://randomuser.me/api/portraits/thumb/men/71.jpg'}, 'nat': 'ES'}], 'info': {'seed': '4e2d4dda62aa88d1', 'results': 1, 'page': 1, 'version': '1.4'}}</msg>
<arg>${json_data}</arg>
<doc>Logs the given message with the given level.</doc>
<status status="PASS" start="2024-06-04T14:14:08.151958" elapsed="0.000279"/>
</kw>
<kw name="Should Be String" owner="String">
<arg>${json_data['results'][0]['gender']}</arg>
<doc>Fails if the given ``item`` is not a string.</doc>
<status status="PASS" start="2024-06-04T14:14:08.152555" elapsed="0.000406"/>
</kw>
<kw name="Should Match Regexp" owner="BuiltIn">
<arg>${json_data['results'][0]['email']}</arg>
<arg>^[a-zA-Z0-9._%+-]+@[a-zA-Z0-9.-]+\.[a-zA-Z]{2,}$</arg>
<doc>Fails if ``string`` does not match ``pattern`` as a regular expression.</doc>
<status status="PASS" start="2024-06-04T14:14:08.153162" elapsed="0.000712"/>
</kw>
<kw name="Should Match Regexp" owner="BuiltIn">
<arg>${json_data['results'][0]['dob']['date']}</arg>
<arg>\\d{4}-\\d{2}-\\d{2}T\\d{2}:\\d{2}:\\d{2}\\.\\d{3}Z</arg>
<doc>Fails if ``string`` does not match ``pattern`` as a regular expression.</doc>
<status status="PASS" start="2024-06-04T14:14:08.154136" elapsed="0.000605"/>
</kw>
<kw name="Should Match Regexp" owner="BuiltIn">
<arg>${json_data['results'][0]['registered']['date']}</arg>
<arg>\\d{4}-\\d{2}-\\d{2}T\\d{2}:\\d{2}:\\d{2}\\.\\d{3}Z</arg>
<doc>Fails if ``string`` does not match ``pattern`` as a regular expression.</doc>
<status status="PASS" start="2024-06-04T14:14:08.155013" elapsed="0.000430"/>
</kw>
<kw name="Should Match Regexp" owner="BuiltIn">
<arg>${json_data['results'][0]['picture']['large']}</arg>
<arg>^https?://.*\.(?:png|jpe?g|gif|bmp)$</arg>
<doc>Fails if ``string`` does not match ``pattern`` as a regular expression.</doc>
<status status="PASS" start="2024-06-04T14:14:08.155648" elapsed="0.000481"/>
</kw>
<kw name="Should Match Regexp" owner="BuiltIn">
<arg>${json_data['results'][0]['picture']['medium']}</arg>
<arg>^https?://.*\.(?:png|jpe?g|gif|bmp)$</arg>
<doc>Fails if ``string`` does not match ``pattern`` as a regular expression.</doc>
<status status="PASS" start="2024-06-04T14:14:08.156334" elapsed="0.000367"/>
</kw>
<kw name="Should Match Regexp" owner="BuiltIn">
<arg>${json_data['results'][0]['picture']['thumbnail']}</arg>
<arg>^https?://.*\.(?:png|jpe?g|gif|bmp)$</arg>
<doc>Fails if ``string`` does not match ``pattern`` as a regular expression.</doc>
<status status="PASS" start="2024-06-04T14:14:08.156896" elapsed="0.000359"/>
</kw>
<kw name="Log" owner="BuiltIn">
<msg time="2024-06-04T14:14:08.157781" level="INFO">{'large': 'https://randomuser.me/api/portraits/men/71.jpg', 'medium': 'https://randomuser.me/api/portraits/med/men/71.jpg', 'thumbnail': 'https://randomuser.me/api/portraits/thumb/men/71.jpg'}</msg>
<arg>${json_data['results'][0]['picture']}</arg>
<doc>Logs the given message with the given level.</doc>
<status status="PASS" start="2024-06-04T14:14:08.157449" elapsed="0.000376"/>
</kw>
<status status="PASS" start="2024-06-04T14:14:08.089152" elapsed="0.068984"/>
</kw>
<kw name="Teste de Tipos de Dados - Postcode" owner="random-user-service">
<kw name="GET On Session" owner="RequestsLibrary">
<msg time="2024-06-04T14:14:08.255319" level="INFO">GET Request : url=https://randomuser.me/api 
 path_url=/api 
 headers={'User-Agent': 'python-requests/2.32.3', 'Accept-Encoding': 'gzip, deflate', 'Accept': '*/*', 'Connection': 'keep-alive'} 
 body=None 
 </msg>
<msg time="2024-06-04T14:14:08.255442" level="INFO">GET Response : url=https://randomuser.me/api 
 status=200, reason=OK 
 headers={'Date': 'Tue, 04 Jun 2024 14:14:08 GMT', 'Content-Type': 'application/json; charset=utf-8', 'Transfer-Encoding': 'chunked', 'Connection': 'keep-alive', 'X-Powered-By': 'Express', 'Access-Control-Allow-Origin': '*', 'Cache-Control': 'no-cache', 'ETag': 'W/"488-KUGXhYaEurUcSxDpQr0AgpHyx00"', 'Vary': 'Accept-Encoding', 'Content-Encoding': 'gzip', 'CF-Cache-Status': 'DYNAMIC', 'Report-To': '{"endpoints":[{"url":"https:\\/\\/a.nel.cloudflare.com\\/report\\/v4?s=1HCzc8ytt4dzAfVXULdYDgqxoPmBNRPdeZv8THnS8V%2BKdyilq7GGTVTrJa%2FftKiZvv4NWSbDGkf%2BgRsB4fCkBDe57SR%2BsXYpN6lcgbUdBKH9DUXDnnXM6tniycd3SyFA"}],"group":"cf-nel","max_age":604800}', 'NEL': '{"success_fraction":0,"report_to":"cf-nel","max_age":604800}', 'Server': 'cloudflare', 'CF-RAY': '88e8870d09471143-ORD', 'alt-svc': 'h3=":443"; ma=86400'} 
 body={"results":[{"gender":"male","name":{"title":"Mr","first":"Adrián","last":"Jiménez"},"location":{"street":{"number":9474,"name":"Avenida de La Albufera"},"city":"Lorca","state":"Andalucía","country":"Spain","postcode":21935,"coordinates":{"latitude":"-35.5057","longitude":"-67.6750"},"timezone":{"offset":"-12:00","description":"Eniwetok, Kwajalein"}},"email":"adrian.jimenez@example.com","login":{"uuid":"070f2702-0937-4062-bf71-1cd25a3c5c1b","username":"heavybutterfly174","password":"yoyoma","salt":"cJoEbAh0","md5":"6596d769fd0422732e9d17fc96c30600","sha1":"5eabdfd2abf6362e12fa36c3662cf17309531f48","sha256":"ce2f5379eba0160c86aec7f3a965611daf8ffc47681cd01d53985ff4bb8f42ca"},"dob":{"date":"1988-07-11T19:47:51.406Z","age":35},"registered":{"date":"2019-09-21T09:42:13.835Z","age":4},"phone":"936-273-807","cell":"678-560-301","id":{"name":"DNI","value":"79344059-P"},"picture":{"large":"https://randomuser.me/api/portraits/men/15.jpg","medium":"https://randomuser.me/api/portraits/med/men/15.jpg","thumbnail":"https://randomuser.me/api/portraits/thumb/men/15.jpg"},"nat":"ES"}],"info":{"seed":"eb42e967ab25d0ae","results":1,"page":1,"version":"1.4"}} 
 </msg>
<msg time="2024-06-04T14:14:08.255534" level="INFO">/opt/hostedtoolcache/Python/3.12.3/x64/lib/python3.12/site-packages/urllib3/connectionpool.py:1103: InsecureRequestWarning: Unverified HTTPS request is being made to host 'randomuser.me'. Adding certificate verification is strongly advised. See: https://urllib3.readthedocs.io/en/latest/advanced-usage.html#tls-warnings
  warnings.warn(</msg>
<msg time="2024-06-04T14:14:08.255695" level="INFO">${response} = &lt;Response [200]&gt;</msg>
<var>${response}</var>
<arg>consultarAPI</arg>
<arg>/api</arg>
<doc>Sends a GET request on a previously created HTTP Session.</doc>
<status status="PASS" start="2024-06-04T14:14:08.158622" elapsed="0.097118"/>
</kw>
<kw name="Set Variable" owner="BuiltIn">
<msg time="2024-06-04T14:14:08.256914" level="INFO">${json_data} = {'results': [{'gender': 'male', 'name': {'title': 'Mr', 'first': 'Adrián', 'last': 'Jiménez'}, 'location': {'street': {'number': 9474, 'name': 'Avenida de La Albufera'}, 'city': 'Lorca', 'state': 'And...</msg>
<var>${json_data}</var>
<arg>${response.json()}</arg>
<doc>Returns the given values which can then be assigned to a variables.</doc>
<status status="PASS" start="2024-06-04T14:14:08.256325" elapsed="0.000622"/>
</kw>
<kw name="Log" owner="BuiltIn">
<msg time="2024-06-04T14:14:08.257476" level="INFO">{'results': [{'gender': 'male', 'name': {'title': 'Mr', 'first': 'Adrián', 'last': 'Jiménez'}, 'location': {'street': {'number': 9474, 'name': 'Avenida de La Albufera'}, 'city': 'Lorca', 'state': 'Andalucía', 'country': 'Spain', 'postcode': 21935, 'coordinates': {'latitude': '-35.5057', 'longitude': '-67.6750'}, 'timezone': {'offset': '-12:00', 'description': 'Eniwetok, Kwajalein'}}, 'email': 'adrian.jimenez@example.com', 'login': {'uuid': '070f2702-0937-4062-bf71-1cd25a3c5c1b', 'username': 'heavybutterfly174', 'password': 'yoyoma', 'salt': 'cJoEbAh0', 'md5': '6596d769fd0422732e9d17fc96c30600', 'sha1': '5eabdfd2abf6362e12fa36c3662cf17309531f48', 'sha256': 'ce2f5379eba0160c86aec7f3a965611daf8ffc47681cd01d53985ff4bb8f42ca'}, 'dob': {'date': '1988-07-11T19:47:51.406Z', 'age': 35}, 'registered': {'date': '2019-09-21T09:42:13.835Z', 'age': 4}, 'phone': '936-273-807', 'cell': '678-560-301', 'id': {'name': 'DNI', 'value': '79344059-P'}, 'picture': {'large': 'https://randomuser.me/api/portraits/men/15.jpg', 'medium': 'https://randomuser.me/api/portraits/med/men/15.jpg', 'thumbnail': 'https://randomuser.me/api/portraits/thumb/men/15.jpg'}, 'nat': 'ES'}], 'info': {'seed': 'eb42e967ab25d0ae', 'results': 1, 'page': 1, 'version': '1.4'}}</msg>
<arg>${json_data}</arg>
<doc>Logs the given message with the given level.</doc>
<status status="PASS" start="2024-06-04T14:14:08.257291" elapsed="0.000288"/>
</kw>
<kw name="Should Be Equal As Numbers" owner="BuiltIn">
<arg>${json_data['results'][0]['location']['postcode']}</arg>
<arg>${json_data['results'][0]['location']['postcode']}</arg>
<doc>Fails if objects are unequal after converting them to real numbers.</doc>
<status status="PASS" start="2024-06-04T14:14:08.257897" elapsed="0.000655"/>
</kw>
<kw name="Log" owner="BuiltIn">
<msg time="2024-06-04T14:14:08.259146" level="INFO">21935</msg>
<arg>${json_data['results'][0]['location']['postcode']}</arg>
<doc>Logs the given message with the given level.</doc>
<status status="PASS" start="2024-06-04T14:14:08.258759" elapsed="0.000429"/>
</kw>
<status status="PASS" start="2024-06-04T14:14:08.158378" elapsed="0.101093"/>
</kw>
<doc>Testa se os tipos de dados na resposta da API estão corretos.</doc>
<tag>testeTiposDados</tag>
<status status="PASS" start="2024-06-04T14:14:08.088543" elapsed="0.171121"/>
</test>
<test id="s1-s1-t5" name="Validar conteudo" line="35">
<kw name="Teste de Tipos de Conteudo" owner="random-user-service">
<kw name="GET On Session" owner="RequestsLibrary">
<msg time="2024-06-04T14:14:08.347302" level="INFO">GET Request : url=https://randomuser.me/api 
 path_url=/api 
 headers={'User-Agent': 'python-requests/2.32.3', 'Accept-Encoding': 'gzip, deflate', 'Accept': '*/*', 'Connection': 'keep-alive'} 
 body=None 
 </msg>
<msg time="2024-06-04T14:14:08.347511" level="INFO">GET Response : url=https://randomuser.me/api 
 status=200, reason=OK 
 headers={'Date': 'Tue, 04 Jun 2024 14:14:08 GMT', 'Content-Type': 'application/json; charset=utf-8', 'Transfer-Encoding': 'chunked', 'Connection': 'keep-alive', 'X-Powered-By': 'Express', 'Access-Control-Allow-Origin': '*', 'Cache-Control': 'no-cache', 'ETag': 'W/"48e-p9a7ahHYSuYZquJNU3zQtx0eO/k"', 'Vary': 'Accept-Encoding', 'Content-Encoding': 'gzip', 'CF-Cache-Status': 'DYNAMIC', 'Report-To': '{"endpoints":[{"url":"https:\\/\\/a.nel.cloudflare.com\\/report\\/v4?s=rlBOyz1FqkxhT1cURNtSUMhr8mPVVnocGlv7J8JdFH4sYU3SfSrWBcr39zDws5IMeTGFxN4mw7lmUjUnrVkoi35VM%2BG2FKxK0dsZP8mENvPiafAMgr40TRSjBUD2C%2Fkj"}],"group":"cf-nel","max_age":604800}', 'NEL': '{"success_fraction":0,"report_to":"cf-nel","max_age":604800}', 'Server': 'cloudflare', 'CF-RAY': '88e8870daa361143-ORD', 'alt-svc': 'h3=":443"; ma=86400'} 
 body={"results":[{"gender":"male","name":{"title":"Mr","first":"مهراد","last":"نكو نظر"},"location":{"street":{"number":9942,"name":"آیت الله طالقانی"},"city":"اراک","state":"آذربایجان غربی","country":"Iran","postcode":66012,"coordinates":{"latitude":"14.8905","longitude":"-99.4084"},"timezone":{"offset":"+4:30","description":"Kabul"}},"email":"mhrd.nkwnzr@example.com","login":{"uuid":"ecaf0009-83c5-496c-826a-08b32ac99e90","username":"happyostrich107","password":"booger","salt":"HnUtLzVG","md5":"67df322df5ff47b67abd566452903dce","sha1":"fb4b7e75a9504c949948d95140b6121aa57b03a3","sha256":"8d1af7b772a88036a0b210a4ea04c6f585c9d20340a186ca0316a906606479ef"},"dob":{"date":"1973-08-04T19:43:13.445Z","age":50},"registered":{"date":"2017-03-02T03:10:01.026Z","age":7},"phone":"016-75586056","cell":"0960-112-8191","id":{"name":"","value":null},"picture":{"large":"https://randomuser.me/api/portraits/men/20.jpg","medium":"https://randomuser.me/api/portraits/med/men/20.jpg","thumbnail":"https://randomuser.me/api/portraits/thumb/men/20.jpg"},"nat":"IR"}],"info":{"seed":"d6c0dead8a2cc306","results":1,"page":1,"version":"1.4"}} 
 </msg>
<msg time="2024-06-04T14:14:08.347652" level="INFO">/opt/hostedtoolcache/Python/3.12.3/x64/lib/python3.12/site-packages/urllib3/connectionpool.py:1103: InsecureRequestWarning: Unverified HTTPS request is being made to host 'randomuser.me'. Adding certificate verification is strongly advised. See: https://urllib3.readthedocs.io/en/latest/advanced-usage.html#tls-warnings
  warnings.warn(</msg>
<msg time="2024-06-04T14:14:08.347873" level="INFO">${response} = &lt;Response [200]&gt;</msg>
<var>${response}</var>
<arg>consultarAPI</arg>
<arg>/api</arg>
<doc>Sends a GET request on a previously created HTTP Session.</doc>
<status status="PASS" start="2024-06-04T14:14:08.262439" elapsed="0.085480"/>
</kw>
<kw name="Set Variable" owner="BuiltIn">
<msg time="2024-06-04T14:14:08.349999" level="INFO">${json_data} = {'results': [{'gender': 'male', 'name': {'title': 'Mr', 'first': 'مهراد', 'last': 'نكو نظر'}, 'location': {'street': {'number': 9942, 'name': 'آیت الله طالقانی'}, 'city': 'اراک', 'state': 'آذربایجان غ...</msg>
<var>${json_data}</var>
<arg>${response.json()}</arg>
<doc>Returns the given values which can then be assigned to a variables.</doc>
<status status="PASS" start="2024-06-04T14:14:08.348843" elapsed="0.001196"/>
</kw>
<kw name="Set Variable" owner="BuiltIn">
<msg time="2024-06-04T14:14:08.351187" level="INFO">${name_title} = Mr</msg>
<var>${name_title}</var>
<arg>${json_data["results"][0]["name"]["title"]}</arg>
<doc>Returns the given values which can then be assigned to a variables.</doc>
<status status="PASS" start="2024-06-04T14:14:08.350564" elapsed="0.000676"/>
</kw>
<kw name="Create List" owner="BuiltIn">
<msg time="2024-06-04T14:14:08.351917" level="INFO">${allowed_titles} = ['Mr', 'Ms', 'Miss', 'Mrs', 'Madame', 'Monsieur']</msg>
<var>${allowed_titles}</var>
<arg>Mr</arg>
<arg>Ms</arg>
<arg>Miss</arg>
<arg>Mrs</arg>
<arg>Madame</arg>
<arg>Monsieur</arg>
<doc>Returns a list containing given items.</doc>
<status status="PASS" start="2024-06-04T14:14:08.351707" elapsed="0.000236"/>
</kw>
<kw name="List Should Contain Value" owner="Collections">
<msg time="2024-06-04T14:14:08.352653" level="INFO">False</msg>
<arg>${allowed_titles}</arg>
<arg>${name_title}</arg>
<doc>Fails if the ``value`` is not found from ``list``.</doc>
<status status="PASS" start="2024-06-04T14:14:08.352423" elapsed="0.000298"/>
</kw>
<kw name="Set Variable" owner="BuiltIn">
<msg time="2024-06-04T14:14:08.353916" level="INFO">${name_country} = IR</msg>
<var>${name_country}</var>
<arg>${json_data["results"][0]["nat"]}</arg>
<doc>Returns the given values which can then be assigned to a variables.</doc>
<status status="PASS" start="2024-06-04T14:14:08.353128" elapsed="0.000816"/>
</kw>
<kw name="Create List" owner="BuiltIn">
<msg time="2024-06-04T14:14:08.355382" level="INFO">${list_country} = ['AD', 'AE', 'AF', 'AG', 'AI', 'AL', 'AM', 'AO', 'AQ', 'AR', 'AS', 'AT', 'AU', 'AW', 'AX', 'AZ', 'BA', 'BB', 'BD', 'BE', 'BF', 'BG', 'BH', 'BI', 'BJ', 'BL', 'BM', 'BN', 'BO', 'BQ', 'BR', 'BS', 'BT', '...</msg>
<var>${list_country}</var>
<arg>AD</arg>
<arg>AE</arg>
<arg>AF</arg>
<arg>AG</arg>
<arg>AI</arg>
<arg>AL</arg>
<arg>AM</arg>
<arg>AO</arg>
<arg>AQ</arg>
<arg>AR</arg>
<arg>AS</arg>
<arg>AT</arg>
<arg>AU</arg>
<arg>AW</arg>
<arg>AX</arg>
<arg>AZ</arg>
<arg>BA</arg>
<arg>BB</arg>
<arg>BD</arg>
<arg>BE</arg>
<arg>BF</arg>
<arg>BG</arg>
<arg>BH</arg>
<arg>BI</arg>
<arg>BJ</arg>
<arg>BL</arg>
<arg>BM</arg>
<arg>BN</arg>
<arg>BO</arg>
<arg>BQ</arg>
<arg>BR</arg>
<arg>BS</arg>
<arg>BT</arg>
<arg>BV</arg>
<arg>BW</arg>
<arg>BY</arg>
<arg>BZ</arg>
<arg>CA</arg>
<arg>CC</arg>
<arg>CD</arg>
<arg>CF</arg>
<arg>CG</arg>
<arg>CH</arg>
<arg>CI</arg>
<arg>CK</arg>
<arg>CL</arg>
<arg>CM</arg>
<arg>CN</arg>
<arg>CO</arg>
<arg>CR</arg>
<arg>CU</arg>
<arg>CV</arg>
<arg>CW</arg>
<arg>CX</arg>
<arg>CY</arg>
<arg>CZ</arg>
<arg>DE</arg>
<arg>DJ</arg>
<arg>DK</arg>
<arg>DM</arg>
<arg>DO</arg>
<arg>DZ</arg>
<arg>EC</arg>
<arg>EE</arg>
<arg>EG</arg>
<arg>EH</arg>
<arg>ER</arg>
<arg>ES</arg>
<arg>ET</arg>
<arg>FI</arg>
<arg>FJ</arg>
<arg>FK</arg>
<arg>FM</arg>
<arg>FO</arg>
<arg>FR</arg>
<arg>GA</arg>
<arg>GB</arg>
<arg>GD</arg>
<arg>GE</arg>
<arg>GF</arg>
<arg>GG</arg>
<arg>GH</arg>
<arg>GI</arg>
<arg>GL</arg>
<arg>GM</arg>
<arg>GN</arg>
<arg>GP</arg>
<arg>GQ</arg>
<arg>GR</arg>
<arg>GS</arg>
<arg>GT</arg>
<arg>GU</arg>
<arg>GW</arg>
<arg>GY</arg>
<arg>HK</arg>
<arg>HM</arg>
<arg>HN</arg>
<arg>HR</arg>
<arg>HT</arg>
<arg>HU</arg>
<arg>ID</arg>
<arg>IE</arg>
<arg>IL</arg>
<arg>IM</arg>
<arg>IN</arg>
<arg>IO</arg>
<arg>IQ</arg>
<arg>IR</arg>
<arg>IS</arg>
<arg>IT</arg>
<arg>JE</arg>
<arg>JM</arg>
<arg>JO</arg>
<arg>JP</arg>
<arg>KE</arg>
<arg>KG</arg>
<arg>KH</arg>
<arg>KI</arg>
<arg>KM</arg>
<arg>KN</arg>
<arg>KP</arg>
<arg>KR</arg>
<arg>KW</arg>
<arg>KY</arg>
<arg>KZ</arg>
<arg>LA</arg>
<arg>LB</arg>
<arg>LC</arg>
<arg>LI</arg>
<arg>LK</arg>
<arg>LR</arg>
<arg>LS</arg>
<arg>LT</arg>
<arg>LU</arg>
<arg>LV</arg>
<arg>LY</arg>
<arg>MA</arg>
<arg>MC</arg>
<arg>MD</arg>
<arg>ME</arg>
<arg>MF</arg>
<arg>MG</arg>
<arg>MH</arg>
<arg>MK</arg>
<arg>ML</arg>
<arg>MM</arg>
<arg>MN</arg>
<arg>MO</arg>
<arg>MP</arg>
<arg>MQ</arg>
<arg>MR</arg>
<arg>MS</arg>
<arg>MT</arg>
<arg>MU</arg>
<arg>MV</arg>
<arg>MW</arg>
<arg>MX</arg>
<arg>MY</arg>
<arg>MZ</arg>
<arg>NA</arg>
<arg>NC</arg>
<arg>NE</arg>
<arg>NF</arg>
<arg>NG</arg>
<arg>NI</arg>
<arg>NL</arg>
<arg>NO</arg>
<arg>NP</arg>
<arg>NR</arg>
<arg>NU</arg>
<arg>NZ</arg>
<arg>OM</arg>
<arg>PA</arg>
<arg>PE</arg>
<arg>PF</arg>
<arg>PG</arg>
<arg>PH</arg>
<arg>PK</arg>
<arg>PL</arg>
<arg>PM</arg>
<arg>PN</arg>
<arg>PR</arg>
<arg>PS</arg>
<arg>PT</arg>
<arg>PW</arg>
<arg>PY</arg>
<arg>QA</arg>
<arg>RE</arg>
<arg>RO</arg>
<arg>RS</arg>
<arg>RU</arg>
<arg>RW</arg>
<arg>SA</arg>
<arg>SB</arg>
<arg>SC</arg>
<arg>SD</arg>
<arg>SE</arg>
<arg>SG</arg>
<arg>SH</arg>
<arg>SI</arg>
<arg>SJ</arg>
<arg>SK</arg>
<arg>SL</arg>
<arg>SM</arg>
<arg>SN</arg>
<arg>SO</arg>
<arg>SR</arg>
<arg>SS</arg>
<arg>ST</arg>
<arg>SV</arg>
<arg>SX</arg>
<arg>SY</arg>
<arg>SZ</arg>
<arg>TC</arg>
<arg>TD</arg>
<arg>TF</arg>
<arg>TG</arg>
<arg>TH</arg>
<arg>TJ</arg>
<arg>TK</arg>
<arg>TL</arg>
<arg>TM</arg>
<arg>TN</arg>
<arg>TO</arg>
<arg>TR</arg>
<arg>TT</arg>
<arg>TV</arg>
<arg>TW</arg>
<arg>TZ</arg>
<arg>UA</arg>
<arg>UG</arg>
<arg>UM</arg>
<arg>US</arg>
<arg>UY</arg>
<arg>UZ</arg>
<arg>VA</arg>
<arg>VC</arg>
<arg>VE</arg>
<arg>VG</arg>
<arg>VI</arg>
<arg>VN</arg>
<arg>VU</arg>
<arg>WF</arg>
<arg>WS</arg>
<arg>XK</arg>
<arg>YE</arg>
<arg>YT</arg>
<arg>ZA</arg>
<arg>ZM</arg>
<arg>ZW</arg>
<doc>Returns a list containing given items.</doc>
<status status="PASS" start="2024-06-04T14:14:08.354462" elapsed="0.000955"/>
</kw>
<kw name="List Should Contain Value" owner="Collections">
<msg time="2024-06-04T14:14:08.356760" level="INFO">False</msg>
<arg>${list_country}</arg>
<arg>${name_country}</arg>
<doc>Fails if the ``value`` is not found from ``list``.</doc>
<status status="PASS" start="2024-06-04T14:14:08.356469" elapsed="0.000331"/>
</kw>
<kw name="Run Keyword If" owner="BuiltIn">
<kw name="Should Be True" owner="BuiltIn">
<arg>${True}</arg>
<doc>Fails if the given condition is not true.</doc>
<status status="PASS" start="2024-06-04T14:14:08.358204" elapsed="0.000174"/>
</kw>
<arg>${json_data["results"][0]["location"]["coordinates"]["latitude"]} &gt;= -90 and ${json_data["results"][0]["location"]["coordinates"]["latitude"]} &lt;= 90</arg>
<arg>Should Be True</arg>
<arg>${True}</arg>
<doc>Runs the given keyword with the given arguments, if ``condition`` is true.</doc>
<status status="PASS" start="2024-06-04T14:14:08.357227" elapsed="0.001282"/>
</kw>
<kw name="Run Keyword If" owner="BuiltIn">
<kw name="Should Be True" owner="BuiltIn">
<arg>${True}</arg>
<doc>Fails if the given condition is not true.</doc>
<status status="PASS" start="2024-06-04T14:14:08.359674" elapsed="0.000166"/>
</kw>
<arg>${json_data["results"][0]["location"]["coordinates"]["longitude"]} &gt;= -180 and ${json_data["results"][0]["location"]["coordinates"]["longitude"]} &lt;= 180</arg>
<arg>Should Be True</arg>
<arg>${True}</arg>
<doc>Runs the given keyword with the given arguments, if ``condition`` is true.</doc>
<status status="PASS" start="2024-06-04T14:14:08.358764" elapsed="0.001237"/>
</kw>
<status status="PASS" start="2024-06-04T14:14:08.262149" elapsed="0.098045"/>
</kw>
<doc>Testa o conteúdo específico dos campos retornados pela API.</doc>
<tag>testeConteudo</tag>
<status status="PASS" start="2024-06-04T14:14:08.261545" elapsed="0.098867"/>
</test>
<status status="PASS" start="2024-06-04T14:14:07.283206" elapsed="1.079815"/>
</suite>
<status status="PASS" start="2024-06-04T14:14:07.268728" elapsed="1.100714"/>
</suite>
<statistics>
<total>
<stat pass="5" fail="0" skip="0">All Tests</stat>
</total>
<tag>
<stat pass="1" fail="0" skip="0">testeConteudo</stat>
<stat pass="1" fail="0" skip="0">testeEstruturaResposta</stat>
<stat pass="1" fail="0" skip="0">testeRequisicaoBasica</stat>
<stat pass="1" fail="0" skip="0">testeTiposDados</stat>
</tag>
<suite>
<stat pass="5" fail="0" skip="0" id="s1" name="Tests">Tests</stat>
<stat pass="5" fail="0" skip="0" id="s1-s1" name="Random-User-Test">Tests.Random-User-Test</stat>
</suite>
</statistics>
<errors>
</errors>
</robot>
