<?xml version="1.0" encoding="UTF-8"?>
<robot generator="Robot 7.0 (Python 3.12.3 on linux)" generated="2024-06-07T15:16:52.020462" rpa="false" schemaversion="5">
<suite id="s1" name="Tests" source="/home/runner/work/ApiRandomUser/ApiRandomUser/RamdonUser/tests">
<suite id="s1-s1" name="Random-User-Test" source="/home/runner/work/ApiRandomUser/ApiRandomUser/RamdonUser/tests/random-user-test.robot">
<test id="s1-s1-t1" name="Conectar" line="13">
<kw name="Conectar API" owner="random-user-service">
<kw name="Create Session" owner="RequestsLibrary">
<msg time="2024-06-07T15:16:52.421352" level="INFO">Creating Session using : alias=consultarAPI, url=https://randomuser.me/, headers={},                     cookies={}, auth=None, timeout=None, proxies=None, verify=False,                     debug=0 </msg>
<arg>consultarAPI</arg>
<arg>${URL}</arg>
<doc>Create Session: create a HTTP session to a server</doc>
<status status="PASS" start="2024-06-07T15:16:52.421150" elapsed="0.000389"/>
</kw>
<status status="PASS" start="2024-06-07T15:16:52.420107" elapsed="0.001820"/>
</kw>
<status status="PASS" start="2024-06-07T15:16:52.419556" elapsed="0.002572"/>
</test>
<test id="s1-s1-t2" name="Validar retorno 200 e JSON Válido" line="16">
<kw name="Teste de Requisicao Basica" owner="random-user-service">
<kw name="GET On Session" owner="RequestsLibrary">
<msg time="2024-06-07T15:16:52.573136" level="INFO">GET Request : url=https://randomuser.me/api 
 path_url=/api 
 headers={'User-Agent': 'python-requests/2.32.3', 'Accept-Encoding': 'gzip, deflate', 'Accept': '*/*', 'Connection': 'keep-alive'} 
 body=None 
 </msg>
<msg time="2024-06-07T15:16:52.573296" level="INFO">GET Response : url=https://randomuser.me/api 
 status=200, reason=OK 
 headers={'Date': 'Fri, 07 Jun 2024 15:16:52 GMT', 'Content-Type': 'application/json; charset=utf-8', 'Transfer-Encoding': 'chunked', 'Connection': 'keep-alive', 'X-Powered-By': 'Express', 'Access-Control-Allow-Origin': '*', 'Cache-Control': 'no-cache', 'ETag': 'W/"49d-vSFacKaXXHpPypILVC1jNX2mLuQ"', 'Vary': 'Accept-Encoding', 'Content-Encoding': 'gzip', 'CF-Cache-Status': 'DYNAMIC', 'Report-To': '{"endpoints":[{"url":"https:\\/\\/a.nel.cloudflare.com\\/report\\/v4?s=7mauyTHAiriULmzdxumoiomQn7n8N66MDBmcNLw32Ah6c9gbA6luzisVvQotfAIbWr2e2Cjgfq3Hvp6aPerhKRe1HJ1GPyMKdXvLNV4detGcwgcZKNGSw8pwJXBLfDAI"}],"group":"cf-nel","max_age":604800}', 'NEL': '{"success_fraction":0,"report_to":"cf-nel","max_age":604800}', 'Server': 'cloudflare', 'CF-RAY': '89019b13f86328fa-LAX', 'alt-svc': 'h3=":443"; ma=86400'} 
 body={"results":[{"gender":"female","name":{"title":"Mrs","first":"Olivia","last":"Rivera"},"location":{"street":{"number":9318,"name":"Queensway"},"city":"Coventry","state":"Nottinghamshire","country":"United Kingdom","postcode":"V2 6XB","coordinates":{"latitude":"-8.5862","longitude":"41.5456"},"timezone":{"offset":"-8:00","description":"Pacific Time (US &amp; Canada)"}},"email":"olivia.rivera@example.com","login":{"uuid":"cc92ea4b-d703-4532-89e7-c7a99511b38f","username":"lazypeacock547","password":"trainer","salt":"CdoxniqL","md5":"dfee37ab358737b1d08bc99d67be859a","sha1":"1e03236bfc16b5b7708ab84bbd76fdf753271260","sha256":"bfeba14081d0d5dc6bf2fed51e7f867d63ca096687486cf0cd7449686b9306a4"},"dob":{"date":"1981-07-15T10:11:26.982Z","age":42},"registered":{"date":"2013-08-11T02:04:35.458Z","age":10},"phone":"017684 34030","cell":"07887 623904","id":{"name":"NINO","value":"LX 72 62 76 F"},"picture":{"large":"https://randomuser.me/api/portraits/women/59.jpg","medium":"https://randomuser.me/api/portraits/med/women/59.jpg","thumbnail":"https://randomuser.me/api/portraits/thumb/women/59.jpg"},"nat":"GB"}],"info":{"seed":"c2678fd4e416e4dc","results":1,"page":1,"version":"1.4"}} 
 </msg>
<msg time="2024-06-07T15:16:52.573379" level="INFO">/opt/hostedtoolcache/Python/3.12.3/x64/lib/python3.12/site-packages/urllib3/connectionpool.py:1103: InsecureRequestWarning: Unverified HTTPS request is being made to host 'randomuser.me'. Adding certificate verification is strongly advised. See: https://urllib3.readthedocs.io/en/latest/advanced-usage.html#tls-warnings
  warnings.warn(</msg>
<msg time="2024-06-07T15:16:52.573523" level="INFO">${response} = &lt;Response [200]&gt;</msg>
<var>${response}</var>
<arg>consultarAPI</arg>
<arg>/api</arg>
<doc>Sends a GET request on a previously created HTTP Session.</doc>
<status status="PASS" start="2024-06-07T15:16:52.424686" elapsed="0.148878"/>
</kw>
<kw name="Should Be Equal As Numbers" owner="BuiltIn">
<msg time="2024-06-07T15:16:52.574597" level="INFO">Argument types are:
&lt;class 'int'&gt;
&lt;class 'str'&gt;</msg>
<arg>${response.status_code}</arg>
<arg>200</arg>
<doc>Fails if objects are unequal after converting them to real numbers.</doc>
<status status="PASS" start="2024-06-07T15:16:52.574138" elapsed="0.000525"/>
</kw>
<kw name="Log" owner="BuiltIn">
<msg time="2024-06-07T15:16:52.575325" level="INFO">200</msg>
<arg>${response.status_code}</arg>
<doc>Logs the given message with the given level.</doc>
<status status="PASS" start="2024-06-07T15:16:52.574984" elapsed="0.000387"/>
</kw>
<kw name="Set Variable" owner="BuiltIn">
<msg time="2024-06-07T15:16:52.576113" level="INFO">${json_data} = {'results': [{'gender': 'female', 'name': {'title': 'Mrs', 'first': 'Olivia', 'last': 'Rivera'}, 'location': {'street': {'number': 9318, 'name': 'Queensway'}, 'city': 'Coventry', 'state': 'Nottinghams...</msg>
<var>${json_data}</var>
<arg>${response.json()}</arg>
<doc>Returns the given values which can then be assigned to a variables.</doc>
<status status="PASS" start="2024-06-07T15:16:52.575688" elapsed="0.000453"/>
</kw>
<kw name="Dictionary Should Contain Key" owner="Collections">
<msg time="2024-06-07T15:16:52.576603" level="INFO">False</msg>
<arg>${json_data}</arg>
<arg>results</arg>
<doc>Fails if ``key`` is not found from ``dictionary``.</doc>
<status status="PASS" start="2024-06-07T15:16:52.576436" elapsed="0.000366"/>
</kw>
<status status="PASS" start="2024-06-07T15:16:52.424442" elapsed="0.152628"/>
</kw>
<doc>Testa se a API responde corretamente e retorna um objeto JSON válido.</doc>
<tag>testeRequisicaoBasica</tag>
<status status="PASS" start="2024-06-07T15:16:52.423979" elapsed="0.153275"/>
</test>
<test id="s1-s1-t3" name="Validar estrutura de resposta" line="22">
<kw name="Teste de Estrutura de Resposta" owner="random-user-service">
<kw name="GET On Session" owner="RequestsLibrary">
<msg time="2024-06-07T15:16:52.874160" level="INFO">GET Request : url=https://randomuser.me/api 
 path_url=/api 
 headers={'User-Agent': 'python-requests/2.32.3', 'Accept-Encoding': 'gzip, deflate', 'Accept': '*/*', 'Connection': 'keep-alive'} 
 body=None 
 </msg>
<msg time="2024-06-07T15:16:52.874269" level="INFO">GET Response : url=https://randomuser.me/api 
 status=200, reason=OK 
 headers={'Date': 'Fri, 07 Jun 2024 15:16:52 GMT', 'Content-Type': 'application/json; charset=utf-8', 'Transfer-Encoding': 'chunked', 'Connection': 'keep-alive', 'X-Powered-By': 'Express', 'Access-Control-Allow-Origin': '*', 'Cache-Control': 'no-cache', 'ETag': 'W/"46c-QIEAfySkxyyBcyqH5psMXMC1MrA"', 'Vary': 'Accept-Encoding', 'Content-Encoding': 'gzip', 'CF-Cache-Status': 'DYNAMIC', 'Report-To': '{"endpoints":[{"url":"https:\\/\\/a.nel.cloudflare.com\\/report\\/v4?s=hVHEecfahMyrdDHOHUTInjNWwZh8MJuucCf4bXulvZFmTPMpThLkMK%2Btcp%2FtBR9YiPI8T572gcyEadSCDcPQaPsNosDC574pGLmvSRTCxysBUxVU4um9e3w8TcShJptu"}],"group":"cf-nel","max_age":604800}', 'NEL': '{"success_fraction":0,"report_to":"cf-nel","max_age":604800}', 'Server': 'cloudflare', 'CF-RAY': '89019b14a91828fa-LAX', 'alt-svc': 'h3=":443"; ma=86400'} 
 body={"results":[{"gender":"female","name":{"title":"Ms","first":"Ece","last":"Türkyılmaz"},"location":{"street":{"number":8110,"name":"Bağdat Cd"},"city":"Ağrı","state":"Sinop","country":"Turkey","postcode":53345,"coordinates":{"latitude":"66.2184","longitude":"90.3278"},"timezone":{"offset":"-10:00","description":"Hawaii"}},"email":"ece.turkyilmaz@example.com","login":{"uuid":"6df1cd0b-7ce1-4b94-8b45-d2ca493596ad","username":"goldensnake223","password":"davidson","salt":"U5fSJqqQ","md5":"9f80c37623fb281b572b34208fdf4751","sha1":"6024b12573a90429c233eee32910af646f13a62a","sha256":"f80fb0fad31b287d9559550738f3863bb4b376842fdfda3cd920f1ba10bbaad6"},"dob":{"date":"1988-03-05T07:48:37.595Z","age":36},"registered":{"date":"2015-09-02T17:15:34.366Z","age":8},"phone":"(513)-536-8754","cell":"(556)-744-2435","id":{"name":"","value":null},"picture":{"large":"https://randomuser.me/api/portraits/women/28.jpg","medium":"https://randomuser.me/api/portraits/med/women/28.jpg","thumbnail":"https://randomuser.me/api/portraits/thumb/women/28.jpg"},"nat":"TR"}],"info":{"seed":"f473e8e639fa38e9","results":1,"page":1,"version":"1.4"}} 
 </msg>
<msg time="2024-06-07T15:16:52.874405" level="INFO">/opt/hostedtoolcache/Python/3.12.3/x64/lib/python3.12/site-packages/urllib3/connectionpool.py:1103: InsecureRequestWarning: Unverified HTTPS request is being made to host 'randomuser.me'. Adding certificate verification is strongly advised. See: https://urllib3.readthedocs.io/en/latest/advanced-usage.html#tls-warnings
  warnings.warn(</msg>
<msg time="2024-06-07T15:16:52.874536" level="INFO">${response} = &lt;Response [200]&gt;</msg>
<var>${response}</var>
<arg>consultarAPI</arg>
<arg>/api</arg>
<doc>Sends a GET request on a previously created HTTP Session.</doc>
<status status="PASS" start="2024-06-07T15:16:52.579866" elapsed="0.294709"/>
</kw>
<kw name="Set Variable" owner="BuiltIn">
<msg time="2024-06-07T15:16:52.875653" level="INFO">${json_data} = {'results': [{'gender': 'female', 'name': {'title': 'Ms', 'first': 'Ece', 'last': 'Türkyılmaz'}, 'location': {'street': {'number': 8110, 'name': 'Bağdat Cd'}, 'city': 'Ağrı', 'state': 'Sinop', 'countr...</msg>
<var>${json_data}</var>
<arg>${response.json()}</arg>
<doc>Returns the given values which can then be assigned to a variables.</doc>
<status status="PASS" start="2024-06-07T15:16:52.875105" elapsed="0.000579"/>
</kw>
<kw name="Log" owner="BuiltIn">
<msg time="2024-06-07T15:16:52.876167" level="INFO">{'results': [{'gender': 'female', 'name': {'title': 'Ms', 'first': 'Ece', 'last': 'Türkyılmaz'}, 'location': {'street': {'number': 8110, 'name': 'Bağdat Cd'}, 'city': 'Ağrı', 'state': 'Sinop', 'country': 'Turkey', 'postcode': 53345, 'coordinates': {'latitude': '66.2184', 'longitude': '90.3278'}, 'timezone': {'offset': '-10:00', 'description': 'Hawaii'}}, 'email': 'ece.turkyilmaz@example.com', 'login': {'uuid': '6df1cd0b-7ce1-4b94-8b45-d2ca493596ad', 'username': 'goldensnake223', 'password': 'davidson', 'salt': 'U5fSJqqQ', 'md5': '9f80c37623fb281b572b34208fdf4751', 'sha1': '6024b12573a90429c233eee32910af646f13a62a', 'sha256': 'f80fb0fad31b287d9559550738f3863bb4b376842fdfda3cd920f1ba10bbaad6'}, 'dob': {'date': '1988-03-05T07:48:37.595Z', 'age': 36}, 'registered': {'date': '2015-09-02T17:15:34.366Z', 'age': 8}, 'phone': '(513)-536-8754', 'cell': '(556)-744-2435', 'id': {'name': '', 'value': None}, 'picture': {'large': 'https://randomuser.me/api/portraits/women/28.jpg', 'medium': 'https://randomuser.me/api/portraits/med/women/28.jpg', 'thumbnail': 'https://randomuser.me/api/portraits/thumb/women/28.jpg'}, 'nat': 'TR'}], 'info': {'seed': 'f473e8e639fa38e9', 'results': 1, 'page': 1, 'version': '1.4'}}</msg>
<arg>${json_data}</arg>
<doc>Logs the given message with the given level.</doc>
<status status="PASS" start="2024-06-07T15:16:52.876001" elapsed="0.000217"/>
</kw>
<kw name="Dictionary Should Contain Key" owner="Collections">
<msg time="2024-06-07T15:16:52.876676" level="INFO">False</msg>
<arg>${json_data}</arg>
<arg>results</arg>
<doc>Fails if ``key`` is not found from ``dictionary``.</doc>
<status status="PASS" start="2024-06-07T15:16:52.876518" elapsed="0.000202"/>
</kw>
<kw name="Should Not Be Empty" owner="BuiltIn">
<msg time="2024-06-07T15:16:52.877148" level="INFO">Length is 2.</msg>
<arg>${json_data}</arg>
<doc>Verifies that the given item is not empty.</doc>
<status status="PASS" start="2024-06-07T15:16:52.877016" elapsed="0.000171"/>
</kw>
<kw name="Create List" owner="BuiltIn">
<msg time="2024-06-07T15:16:52.877626" level="INFO">${expected_keys} = ['gender', 'name', 'location', 'email', 'login']</msg>
<var>${expected_keys}</var>
<arg>gender</arg>
<arg>name</arg>
<arg>location</arg>
<arg>email</arg>
<arg>login</arg>
<doc>Returns a list containing given items.</doc>
<status status="PASS" start="2024-06-07T15:16:52.877479" elapsed="0.000171"/>
</kw>
<for flavor="IN">
<iter>
<kw name="Dictionary Should Contain Key" owner="Collections">
<msg time="2024-06-07T15:16:52.878708" level="INFO">False</msg>
<arg>${json_data['results'][0]}</arg>
<arg>${key}</arg>
<doc>Fails if ``key`` is not found from ``dictionary``.</doc>
<status status="PASS" start="2024-06-07T15:16:52.878292" elapsed="0.000459"/>
</kw>
<kw name="Log" owner="BuiltIn">
<msg time="2024-06-07T15:16:52.879418" level="INFO">{'gender': 'female', 'name': {'title': 'Ms', 'first': 'Ece', 'last': 'Türkyılmaz'}, 'location': {'street': {'number': 8110, 'name': 'Bağdat Cd'}, 'city': 'Ağrı', 'state': 'Sinop', 'country': 'Turkey', 'postcode': 53345, 'coordinates': {'latitude': '66.2184', 'longitude': '90.3278'}, 'timezone': {'offset': '-10:00', 'description': 'Hawaii'}}, 'email': 'ece.turkyilmaz@example.com', 'login': {'uuid': '6df1cd0b-7ce1-4b94-8b45-d2ca493596ad', 'username': 'goldensnake223', 'password': 'davidson', 'salt': 'U5fSJqqQ', 'md5': '9f80c37623fb281b572b34208fdf4751', 'sha1': '6024b12573a90429c233eee32910af646f13a62a', 'sha256': 'f80fb0fad31b287d9559550738f3863bb4b376842fdfda3cd920f1ba10bbaad6'}, 'dob': {'date': '1988-03-05T07:48:37.595Z', 'age': 36}, 'registered': {'date': '2015-09-02T17:15:34.366Z', 'age': 8}, 'phone': '(513)-536-8754', 'cell': '(556)-744-2435', 'id': {'name': '', 'value': None}, 'picture': {'large': 'https://randomuser.me/api/portraits/women/28.jpg', 'medium': 'https://randomuser.me/api/portraits/med/women/28.jpg', 'thumbnail': 'https://randomuser.me/api/portraits/thumb/women/28.jpg'}, 'nat': 'TR'}</msg>
<arg>${json_data['results'][0]}</arg>
<doc>Logs the given message with the given level.</doc>
<status status="PASS" start="2024-06-07T15:16:52.879052" elapsed="0.000428"/>
</kw>
<kw name="Log" owner="BuiltIn">
<msg time="2024-06-07T15:16:52.879912" level="INFO">gender</msg>
<arg>${key}</arg>
<doc>Logs the given message with the given level.</doc>
<status status="PASS" start="2024-06-07T15:16:52.879783" elapsed="0.000166"/>
</kw>
<var name="${key}">gender</var>
<status status="PASS" start="2024-06-07T15:16:52.878166" elapsed="0.001996"/>
</iter>
<iter>
<kw name="Dictionary Should Contain Key" owner="Collections">
<msg time="2024-06-07T15:16:52.880854" level="INFO">False</msg>
<arg>${json_data['results'][0]}</arg>
<arg>${key}</arg>
<doc>Fails if ``key`` is not found from ``dictionary``.</doc>
<status status="PASS" start="2024-06-07T15:16:52.880462" elapsed="0.000428"/>
</kw>
<kw name="Log" owner="BuiltIn">
<msg time="2024-06-07T15:16:52.881584" level="INFO">{'gender': 'female', 'name': {'title': 'Ms', 'first': 'Ece', 'last': 'Türkyılmaz'}, 'location': {'street': {'number': 8110, 'name': 'Bağdat Cd'}, 'city': 'Ağrı', 'state': 'Sinop', 'country': 'Turkey', 'postcode': 53345, 'coordinates': {'latitude': '66.2184', 'longitude': '90.3278'}, 'timezone': {'offset': '-10:00', 'description': 'Hawaii'}}, 'email': 'ece.turkyilmaz@example.com', 'login': {'uuid': '6df1cd0b-7ce1-4b94-8b45-d2ca493596ad', 'username': 'goldensnake223', 'password': 'davidson', 'salt': 'U5fSJqqQ', 'md5': '9f80c37623fb281b572b34208fdf4751', 'sha1': '6024b12573a90429c233eee32910af646f13a62a', 'sha256': 'f80fb0fad31b287d9559550738f3863bb4b376842fdfda3cd920f1ba10bbaad6'}, 'dob': {'date': '1988-03-05T07:48:37.595Z', 'age': 36}, 'registered': {'date': '2015-09-02T17:15:34.366Z', 'age': 8}, 'phone': '(513)-536-8754', 'cell': '(556)-744-2435', 'id': {'name': '', 'value': None}, 'picture': {'large': 'https://randomuser.me/api/portraits/women/28.jpg', 'medium': 'https://randomuser.me/api/portraits/med/women/28.jpg', 'thumbnail': 'https://randomuser.me/api/portraits/thumb/women/28.jpg'}, 'nat': 'TR'}</msg>
<arg>${json_data['results'][0]}</arg>
<doc>Logs the given message with the given level.</doc>
<status status="PASS" start="2024-06-07T15:16:52.881218" elapsed="0.000417"/>
</kw>
<kw name="Log" owner="BuiltIn">
<msg time="2024-06-07T15:16:52.882091" level="INFO">name</msg>
<arg>${key}</arg>
<doc>Logs the given message with the given level.</doc>
<status status="PASS" start="2024-06-07T15:16:52.881958" elapsed="0.000171"/>
</kw>
<var name="${key}">name</var>
<status status="PASS" start="2024-06-07T15:16:52.880349" elapsed="0.001996"/>
</iter>
<iter>
<kw name="Dictionary Should Contain Key" owner="Collections">
<msg time="2024-06-07T15:16:52.883019" level="INFO">False</msg>
<arg>${json_data['results'][0]}</arg>
<arg>${key}</arg>
<doc>Fails if ``key`` is not found from ``dictionary``.</doc>
<status status="PASS" start="2024-06-07T15:16:52.882636" elapsed="0.000419"/>
</kw>
<kw name="Log" owner="BuiltIn">
<msg time="2024-06-07T15:16:52.883723" level="INFO">{'gender': 'female', 'name': {'title': 'Ms', 'first': 'Ece', 'last': 'Türkyılmaz'}, 'location': {'street': {'number': 8110, 'name': 'Bağdat Cd'}, 'city': 'Ağrı', 'state': 'Sinop', 'country': 'Turkey', 'postcode': 53345, 'coordinates': {'latitude': '66.2184', 'longitude': '90.3278'}, 'timezone': {'offset': '-10:00', 'description': 'Hawaii'}}, 'email': 'ece.turkyilmaz@example.com', 'login': {'uuid': '6df1cd0b-7ce1-4b94-8b45-d2ca493596ad', 'username': 'goldensnake223', 'password': 'davidson', 'salt': 'U5fSJqqQ', 'md5': '9f80c37623fb281b572b34208fdf4751', 'sha1': '6024b12573a90429c233eee32910af646f13a62a', 'sha256': 'f80fb0fad31b287d9559550738f3863bb4b376842fdfda3cd920f1ba10bbaad6'}, 'dob': {'date': '1988-03-05T07:48:37.595Z', 'age': 36}, 'registered': {'date': '2015-09-02T17:15:34.366Z', 'age': 8}, 'phone': '(513)-536-8754', 'cell': '(556)-744-2435', 'id': {'name': '', 'value': None}, 'picture': {'large': 'https://randomuser.me/api/portraits/women/28.jpg', 'medium': 'https://randomuser.me/api/portraits/med/women/28.jpg', 'thumbnail': 'https://randomuser.me/api/portraits/thumb/women/28.jpg'}, 'nat': 'TR'}</msg>
<arg>${json_data['results'][0]}</arg>
<doc>Logs the given message with the given level.</doc>
<status status="PASS" start="2024-06-07T15:16:52.883355" elapsed="0.000420"/>
</kw>
<kw name="Log" owner="BuiltIn">
<msg time="2024-06-07T15:16:52.884200" level="INFO">location</msg>
<arg>${key}</arg>
<doc>Logs the given message with the given level.</doc>
<status status="PASS" start="2024-06-07T15:16:52.884074" elapsed="0.000164"/>
</kw>
<var name="${key}">location</var>
<status status="PASS" start="2024-06-07T15:16:52.882523" elapsed="0.001928"/>
</iter>
<iter>
<kw name="Dictionary Should Contain Key" owner="Collections">
<msg time="2024-06-07T15:16:52.885220" level="INFO">False</msg>
<arg>${json_data['results'][0]}</arg>
<arg>${key}</arg>
<doc>Fails if ``key`` is not found from ``dictionary``.</doc>
<status status="PASS" start="2024-06-07T15:16:52.884732" elapsed="0.000527"/>
</kw>
<kw name="Log" owner="BuiltIn">
<msg time="2024-06-07T15:16:52.885953" level="INFO">{'gender': 'female', 'name': {'title': 'Ms', 'first': 'Ece', 'last': 'Türkyılmaz'}, 'location': {'street': {'number': 8110, 'name': 'Bağdat Cd'}, 'city': 'Ağrı', 'state': 'Sinop', 'country': 'Turkey', 'postcode': 53345, 'coordinates': {'latitude': '66.2184', 'longitude': '90.3278'}, 'timezone': {'offset': '-10:00', 'description': 'Hawaii'}}, 'email': 'ece.turkyilmaz@example.com', 'login': {'uuid': '6df1cd0b-7ce1-4b94-8b45-d2ca493596ad', 'username': 'goldensnake223', 'password': 'davidson', 'salt': 'U5fSJqqQ', 'md5': '9f80c37623fb281b572b34208fdf4751', 'sha1': '6024b12573a90429c233eee32910af646f13a62a', 'sha256': 'f80fb0fad31b287d9559550738f3863bb4b376842fdfda3cd920f1ba10bbaad6'}, 'dob': {'date': '1988-03-05T07:48:37.595Z', 'age': 36}, 'registered': {'date': '2015-09-02T17:15:34.366Z', 'age': 8}, 'phone': '(513)-536-8754', 'cell': '(556)-744-2435', 'id': {'name': '', 'value': None}, 'picture': {'large': 'https://randomuser.me/api/portraits/women/28.jpg', 'medium': 'https://randomuser.me/api/portraits/med/women/28.jpg', 'thumbnail': 'https://randomuser.me/api/portraits/thumb/women/28.jpg'}, 'nat': 'TR'}</msg>
<arg>${json_data['results'][0]}</arg>
<doc>Logs the given message with the given level.</doc>
<status status="PASS" start="2024-06-07T15:16:52.885556" elapsed="0.000450"/>
</kw>
<kw name="Log" owner="BuiltIn">
<msg time="2024-06-07T15:16:52.886435" level="INFO">email</msg>
<arg>${key}</arg>
<doc>Logs the given message with the given level.</doc>
<status status="PASS" start="2024-06-07T15:16:52.886306" elapsed="0.000166"/>
</kw>
<var name="${key}">email</var>
<status status="PASS" start="2024-06-07T15:16:52.884623" elapsed="0.002068"/>
</iter>
<iter>
<kw name="Dictionary Should Contain Key" owner="Collections">
<msg time="2024-06-07T15:16:52.887355" level="INFO">False</msg>
<arg>${json_data['results'][0]}</arg>
<arg>${key}</arg>
<doc>Fails if ``key`` is not found from ``dictionary``.</doc>
<status status="PASS" start="2024-06-07T15:16:52.886979" elapsed="0.000413"/>
</kw>
<kw name="Log" owner="BuiltIn">
<msg time="2024-06-07T15:16:52.888036" level="INFO">{'gender': 'female', 'name': {'title': 'Ms', 'first': 'Ece', 'last': 'Türkyılmaz'}, 'location': {'street': {'number': 8110, 'name': 'Bağdat Cd'}, 'city': 'Ağrı', 'state': 'Sinop', 'country': 'Turkey', 'postcode': 53345, 'coordinates': {'latitude': '66.2184', 'longitude': '90.3278'}, 'timezone': {'offset': '-10:00', 'description': 'Hawaii'}}, 'email': 'ece.turkyilmaz@example.com', 'login': {'uuid': '6df1cd0b-7ce1-4b94-8b45-d2ca493596ad', 'username': 'goldensnake223', 'password': 'davidson', 'salt': 'U5fSJqqQ', 'md5': '9f80c37623fb281b572b34208fdf4751', 'sha1': '6024b12573a90429c233eee32910af646f13a62a', 'sha256': 'f80fb0fad31b287d9559550738f3863bb4b376842fdfda3cd920f1ba10bbaad6'}, 'dob': {'date': '1988-03-05T07:48:37.595Z', 'age': 36}, 'registered': {'date': '2015-09-02T17:15:34.366Z', 'age': 8}, 'phone': '(513)-536-8754', 'cell': '(556)-744-2435', 'id': {'name': '', 'value': None}, 'picture': {'large': 'https://randomuser.me/api/portraits/women/28.jpg', 'medium': 'https://randomuser.me/api/portraits/med/women/28.jpg', 'thumbnail': 'https://randomuser.me/api/portraits/thumb/women/28.jpg'}, 'nat': 'TR'}</msg>
<arg>${json_data['results'][0]}</arg>
<doc>Logs the given message with the given level.</doc>
<status status="PASS" start="2024-06-07T15:16:52.887681" elapsed="0.000414"/>
</kw>
<kw name="Log" owner="BuiltIn">
<msg time="2024-06-07T15:16:52.888513" level="INFO">login</msg>
<arg>${key}</arg>
<doc>Logs the given message with the given level.</doc>
<status status="PASS" start="2024-06-07T15:16:52.888386" elapsed="0.000165"/>
</kw>
<var name="${key}">login</var>
<status status="PASS" start="2024-06-07T15:16:52.886867" elapsed="0.001899"/>
</iter>
<var>${key}</var>
<value>@{expected_keys}</value>
<status status="PASS" start="2024-06-07T15:16:52.877963" elapsed="0.010926"/>
</for>
<kw name="Create List" owner="BuiltIn">
<msg time="2024-06-07T15:16:52.889255" level="INFO">${expected_keysTwo} = ['username', 'password']</msg>
<var>${expected_keysTwo}</var>
<arg>username</arg>
<arg>password</arg>
<doc>Returns a list containing given items.</doc>
<status status="PASS" start="2024-06-07T15:16:52.889117" elapsed="0.000162"/>
</kw>
<for flavor="IN">
<iter>
<kw name="Dictionary Should Contain Key" owner="Collections">
<msg time="2024-06-07T15:16:52.890190" level="INFO">False</msg>
<arg>${json_data['results'][0]['login']}</arg>
<arg>${keyTwo}</arg>
<doc>Fails if ``key`` is not found from ``dictionary``.</doc>
<status status="PASS" start="2024-06-07T15:16:52.889778" elapsed="0.000450"/>
</kw>
<kw name="Dictionary Should Contain Key" owner="Collections">
<msg time="2024-06-07T15:16:52.890900" level="INFO">False</msg>
<arg>${json_data['results'][0]['login']}</arg>
<arg>${keyTwo}</arg>
<doc>Fails if ``key`` is not found from ``dictionary``.</doc>
<status status="PASS" start="2024-06-07T15:16:52.890524" elapsed="0.000413"/>
</kw>
<kw name="Log" owner="BuiltIn">
<msg time="2024-06-07T15:16:52.891359" level="INFO">username</msg>
<arg>${keyTwo}</arg>
<doc>Logs the given message with the given level.</doc>
<status status="PASS" start="2024-06-07T15:16:52.891234" elapsed="0.000161"/>
</kw>
<var name="${keyTwo}">username</var>
<status status="PASS" start="2024-06-07T15:16:52.889669" elapsed="0.001939"/>
</iter>
<iter>
<kw name="Dictionary Should Contain Key" owner="Collections">
<msg time="2024-06-07T15:16:52.892265" level="INFO">False</msg>
<arg>${json_data['results'][0]['login']}</arg>
<arg>${keyTwo}</arg>
<doc>Fails if ``key`` is not found from ``dictionary``.</doc>
<status status="PASS" start="2024-06-07T15:16:52.891888" elapsed="0.000414"/>
</kw>
<kw name="Dictionary Should Contain Key" owner="Collections">
<msg time="2024-06-07T15:16:52.892972" level="INFO">False</msg>
<arg>${json_data['results'][0]['login']}</arg>
<arg>${keyTwo}</arg>
<doc>Fails if ``key`` is not found from ``dictionary``.</doc>
<status status="PASS" start="2024-06-07T15:16:52.892590" elapsed="0.000419"/>
</kw>
<kw name="Log" owner="BuiltIn">
<msg time="2024-06-07T15:16:52.893421" level="INFO">password</msg>
<arg>${keyTwo}</arg>
<doc>Logs the given message with the given level.</doc>
<status status="PASS" start="2024-06-07T15:16:52.893297" elapsed="0.000160"/>
</kw>
<var name="${keyTwo}">password</var>
<status status="PASS" start="2024-06-07T15:16:52.891779" elapsed="0.001890"/>
</iter>
<var>${keyTwo}</var>
<value>@{expected_keysTwo}</value>
<status status="PASS" start="2024-06-07T15:16:52.889514" elapsed="0.004276"/>
</for>
<status status="PASS" start="2024-06-07T15:16:52.579630" elapsed="0.314362"/>
</kw>
<doc>Testa a estrutura da resposta da API.</doc>
<tag>testeEstruturaResposta</tag>
<status status="PASS" start="2024-06-07T15:16:52.579124" elapsed="0.315029"/>
</test>
<test id="s1-s1-t4" name="Validar tipos de dados" line="28">
<kw name="Teste de Tipos de Dados" owner="random-user-service">
<kw name="GET On Session" owner="RequestsLibrary">
<msg time="2024-06-07T15:16:53.018163" level="INFO">GET Request : url=https://randomuser.me/api 
 path_url=/api 
 headers={'User-Agent': 'python-requests/2.32.3', 'Accept-Encoding': 'gzip, deflate', 'Accept': '*/*', 'Connection': 'keep-alive'} 
 body=None 
 </msg>
<msg time="2024-06-07T15:16:53.018266" level="INFO">GET Response : url=https://randomuser.me/api 
 status=200, reason=OK 
 headers={'Date': 'Fri, 07 Jun 2024 15:16:53 GMT', 'Content-Type': 'application/json; charset=utf-8', 'Transfer-Encoding': 'chunked', 'Connection': 'keep-alive', 'X-Powered-By': 'Express', 'Access-Control-Allow-Origin': '*', 'Cache-Control': 'no-cache', 'ETag': 'W/"487-lkMY/WM8naXzbTTLjnqF4bSaglc"', 'Vary': 'Accept-Encoding', 'Content-Encoding': 'gzip', 'CF-Cache-Status': 'DYNAMIC', 'Report-To': '{"endpoints":[{"url":"https:\\/\\/a.nel.cloudflare.com\\/report\\/v4?s=rgvf6zl58OiDm1aczFxVlYoXqJ%2Fq6%2FVdaeQ%2B%2FVF3WoRJnmRugFDdwlQqGfyVIHFNfsb2%2BJZOc4bE0AbAxO4Ss%2FMPvnWiAfWuNTHWoJKtDxRxp%2BmrAwguNJM1zc0VQffI"}],"group":"cf-nel","max_age":604800}', 'NEL': '{"success_fraction":0,"report_to":"cf-nel","max_age":604800}', 'Server': 'cloudflare', 'CF-RAY': '89019b16ab9128fa-LAX', 'alt-svc': 'h3=":443"; ma=86400'} 
 body={"results":[{"gender":"female","name":{"title":"Ms","first":"Ceylan","last":"Ayverdi"},"location":{"street":{"number":837,"name":"Vatan Cd"},"city":"Karabük","state":"Sivas","country":"Turkey","postcode":32111,"coordinates":{"latitude":"68.7680","longitude":"165.1715"},"timezone":{"offset":"+5:30","description":"Bombay, Calcutta, Madras, New Delhi"}},"email":"ceylan.ayverdi@example.com","login":{"uuid":"32eb1ffb-3f1a-4aa9-be99-5a05c8aa66fa","username":"organicgoose678","password":"memorex","salt":"8gNPPK96","md5":"f53386044cb31ae7a2d8d7aed639b864","sha1":"c86a267cc75849d5639ba35ac47e35efde6350de","sha256":"c9f43bc03deab05c4103f514b5532d700302532f20a4c8991444c2a013cff7d5"},"dob":{"date":"1946-02-15T14:01:51.046Z","age":78},"registered":{"date":"2009-05-14T08:36:01.218Z","age":15},"phone":"(566)-439-6737","cell":"(126)-540-5798","id":{"name":"","value":null},"picture":{"large":"https://randomuser.me/api/portraits/women/75.jpg","medium":"https://randomuser.me/api/portraits/med/women/75.jpg","thumbnail":"https://randomuser.me/api/portraits/thumb/women/75.jpg"},"nat":"TR"}],"info":{"seed":"2fe4bbf930d044ad","results":1,"page":1,"version":"1.4"}} 
 </msg>
<msg time="2024-06-07T15:16:53.018336" level="INFO">/opt/hostedtoolcache/Python/3.12.3/x64/lib/python3.12/site-packages/urllib3/connectionpool.py:1103: InsecureRequestWarning: Unverified HTTPS request is being made to host 'randomuser.me'. Adding certificate verification is strongly advised. See: https://urllib3.readthedocs.io/en/latest/advanced-usage.html#tls-warnings
  warnings.warn(</msg>
<msg time="2024-06-07T15:16:53.018457" level="INFO">${response} = &lt;Response [200]&gt;</msg>
<var>${response}</var>
<arg>consultarAPI</arg>
<arg>/api</arg>
<doc>Sends a GET request on a previously created HTTP Session.</doc>
<status status="PASS" start="2024-06-07T15:16:52.896709" elapsed="0.121789"/>
</kw>
<kw name="Set Variable" owner="BuiltIn">
<msg time="2024-06-07T15:16:53.019687" level="INFO">${json_data} = {'results': [{'gender': 'female', 'name': {'title': 'Ms', 'first': 'Ceylan', 'last': 'Ayverdi'}, 'location': {'street': {'number': 837, 'name': 'Vatan Cd'}, 'city': 'Karabük', 'state': 'Sivas', 'count...</msg>
<var>${json_data}</var>
<arg>${response.json()}</arg>
<doc>Returns the given values which can then be assigned to a variables.</doc>
<status status="PASS" start="2024-06-07T15:16:53.019127" elapsed="0.000589"/>
</kw>
<kw name="Log" owner="BuiltIn">
<msg time="2024-06-07T15:16:53.020185" level="INFO">{'results': [{'gender': 'female', 'name': {'title': 'Ms', 'first': 'Ceylan', 'last': 'Ayverdi'}, 'location': {'street': {'number': 837, 'name': 'Vatan Cd'}, 'city': 'Karabük', 'state': 'Sivas', 'country': 'Turkey', 'postcode': 32111, 'coordinates': {'latitude': '68.7680', 'longitude': '165.1715'}, 'timezone': {'offset': '+5:30', 'description': 'Bombay, Calcutta, Madras, New Delhi'}}, 'email': 'ceylan.ayverdi@example.com', 'login': {'uuid': '32eb1ffb-3f1a-4aa9-be99-5a05c8aa66fa', 'username': 'organicgoose678', 'password': 'memorex', 'salt': '8gNPPK96', 'md5': 'f53386044cb31ae7a2d8d7aed639b864', 'sha1': 'c86a267cc75849d5639ba35ac47e35efde6350de', 'sha256': 'c9f43bc03deab05c4103f514b5532d700302532f20a4c8991444c2a013cff7d5'}, 'dob': {'date': '1946-02-15T14:01:51.046Z', 'age': 78}, 'registered': {'date': '2009-05-14T08:36:01.218Z', 'age': 15}, 'phone': '(566)-439-6737', 'cell': '(126)-540-5798', 'id': {'name': '', 'value': None}, 'picture': {'large': 'https://randomuser.me/api/portraits/women/75.jpg', 'medium': 'https://randomuser.me/api/portraits/med/women/75.jpg', 'thumbnail': 'https://randomuser.me/api/portraits/thumb/women/75.jpg'}, 'nat': 'TR'}], 'info': {'seed': '2fe4bbf930d044ad', 'results': 1, 'page': 1, 'version': '1.4'}}</msg>
<arg>${json_data}</arg>
<doc>Logs the given message with the given level.</doc>
<status status="PASS" start="2024-06-07T15:16:53.020025" elapsed="0.000208"/>
</kw>
<kw name="Should Be String" owner="String">
<arg>${json_data['results'][0]['gender']}</arg>
<doc>Fails if the given ``item`` is not a string.</doc>
<status status="PASS" start="2024-06-07T15:16:53.020558" elapsed="0.000367"/>
</kw>
<kw name="Should Match Regexp" owner="BuiltIn">
<arg>${json_data['results'][0]['email']}</arg>
<arg>^[a-zA-Z0-9._%+-]+@[a-zA-Z0-9.-]+\.[a-zA-Z]{2,}$</arg>
<doc>Fails if ``string`` does not match ``pattern`` as a regular expression.</doc>
<status status="PASS" start="2024-06-07T15:16:53.021124" elapsed="0.000660"/>
</kw>
<kw name="Should Match Regexp" owner="BuiltIn">
<arg>${json_data['results'][0]['dob']['date']}</arg>
<arg>\\d{4}-\\d{2}-\\d{2}T\\d{2}:\\d{2}:\\d{2}\\.\\d{3}Z</arg>
<doc>Fails if ``string`` does not match ``pattern`` as a regular expression.</doc>
<status status="PASS" start="2024-06-07T15:16:53.022020" elapsed="0.000481"/>
</kw>
<kw name="Should Match Regexp" owner="BuiltIn">
<arg>${json_data['results'][0]['registered']['date']}</arg>
<arg>\\d{4}-\\d{2}-\\d{2}T\\d{2}:\\d{2}:\\d{2}\\.\\d{3}Z</arg>
<doc>Fails if ``string`` does not match ``pattern`` as a regular expression.</doc>
<status status="PASS" start="2024-06-07T15:16:53.022702" elapsed="0.000362"/>
</kw>
<kw name="Should Match Regexp" owner="BuiltIn">
<arg>${json_data['results'][0]['picture']['large']}</arg>
<arg>^https?://.*\.(?:png|jpe?g|gif|bmp)$</arg>
<doc>Fails if ``string`` does not match ``pattern`` as a regular expression.</doc>
<status status="PASS" start="2024-06-07T15:16:53.023249" elapsed="0.000456"/>
</kw>
<kw name="Should Match Regexp" owner="BuiltIn">
<arg>${json_data['results'][0]['picture']['medium']}</arg>
<arg>^https?://.*\.(?:png|jpe?g|gif|bmp)$</arg>
<doc>Fails if ``string`` does not match ``pattern`` as a regular expression.</doc>
<status status="PASS" start="2024-06-07T15:16:53.023896" elapsed="0.000348"/>
</kw>
<kw name="Should Match Regexp" owner="BuiltIn">
<arg>${json_data['results'][0]['picture']['thumbnail']}</arg>
<arg>^https?://.*\.(?:png|jpe?g|gif|bmp)$</arg>
<doc>Fails if ``string`` does not match ``pattern`` as a regular expression.</doc>
<status status="PASS" start="2024-06-07T15:16:53.024430" elapsed="0.000344"/>
</kw>
<kw name="Log" owner="BuiltIn">
<msg time="2024-06-07T15:16:53.025282" level="INFO">{'large': 'https://randomuser.me/api/portraits/women/75.jpg', 'medium': 'https://randomuser.me/api/portraits/med/women/75.jpg', 'thumbnail': 'https://randomuser.me/api/portraits/thumb/women/75.jpg'}</msg>
<arg>${json_data['results'][0]['picture']}</arg>
<doc>Logs the given message with the given level.</doc>
<status status="PASS" start="2024-06-07T15:16:53.024956" elapsed="0.000367"/>
</kw>
<status status="PASS" start="2024-06-07T15:16:52.896478" elapsed="0.129098"/>
</kw>
<kw name="Teste de Tipos de Dados - Postcode" owner="random-user-service">
<kw name="GET On Session" owner="RequestsLibrary">
<msg time="2024-06-07T15:16:53.126326" level="INFO">GET Request : url=https://randomuser.me/api 
 path_url=/api 
 headers={'User-Agent': 'python-requests/2.32.3', 'Accept-Encoding': 'gzip, deflate', 'Accept': '*/*', 'Connection': 'keep-alive'} 
 body=None 
 </msg>
<msg time="2024-06-07T15:16:53.126428" level="INFO">GET Response : url=https://randomuser.me/api 
 status=200, reason=OK 
 headers={'Date': 'Fri, 07 Jun 2024 15:16:53 GMT', 'Content-Type': 'application/json; charset=utf-8', 'Transfer-Encoding': 'chunked', 'Connection': 'keep-alive', 'X-Powered-By': 'Express', 'Access-Control-Allow-Origin': '*', 'Cache-Control': 'no-cache', 'ETag': 'W/"4a0-eqzWTQY9u+u+rnffZqEsHuYN+TM"', 'Vary': 'Accept-Encoding', 'Content-Encoding': 'gzip', 'CF-Cache-Status': 'DYNAMIC', 'Report-To': '{"endpoints":[{"url":"https:\\/\\/a.nel.cloudflare.com\\/report\\/v4?s=%2BkajFGNAvIm80aRKIV3RIyqycE%2BHd3%2FWOjoYWxROGaYraBVwk6wSUxT1rKfs8TUwBPSxFrMJV0G4J1QbcQGxWrdbkXdm6bkc6wEzlF9V7aGKPcBG%2FgIau9eZ%2FgXNiEmc"}],"group":"cf-nel","max_age":604800}', 'NEL': '{"success_fraction":0,"report_to":"cf-nel","max_age":604800}', 'Server': 'cloudflare', 'CF-RAY': '89019b176cbe28fa-LAX', 'alt-svc': 'h3=":443"; ma=86400'} 
 body={"results":[{"gender":"female","name":{"title":"Miss","first":"Olivia","last":"Salminen"},"location":{"street":{"number":8056,"name":"Pyynikintie"},"city":"Siilinjärvi","state":"Kymenlaakso","country":"Finland","postcode":27426,"coordinates":{"latitude":"-27.6575","longitude":"97.5321"},"timezone":{"offset":"+2:00","description":"Kaliningrad, South Africa"}},"email":"olivia.salminen@example.com","login":{"uuid":"bd28c9c3-3f7f-41a9-8c5d-9cb94282eda5","username":"ticklishmeercat820","password":"dshade","salt":"8B8eQKsW","md5":"9258bfdbe70ada7ba3eaceccd0b79cf2","sha1":"d287e913bd51ca7fac9d0ccae4c00c5404602ede","sha256":"da11b93adb4604d77deb03106171623eb8ee5119c4342033cf231a45b7b72775"},"dob":{"date":"1986-04-25T23:18:52.542Z","age":38},"registered":{"date":"2014-03-13T02:56:56.195Z","age":10},"phone":"03-519-863","cell":"041-967-74-98","id":{"name":"HETU","value":"NaNNA056undefined"},"picture":{"large":"https://randomuser.me/api/portraits/women/24.jpg","medium":"https://randomuser.me/api/portraits/med/women/24.jpg","thumbnail":"https://randomuser.me/api/portraits/thumb/women/24.jpg"},"nat":"FI"}],"info":{"seed":"b7432153ebb072cd","results":1,"page":1,"version":"1.4"}} 
 </msg>
<msg time="2024-06-07T15:16:53.126498" level="INFO">/opt/hostedtoolcache/Python/3.12.3/x64/lib/python3.12/site-packages/urllib3/connectionpool.py:1103: InsecureRequestWarning: Unverified HTTPS request is being made to host 'randomuser.me'. Adding certificate verification is strongly advised. See: https://urllib3.readthedocs.io/en/latest/advanced-usage.html#tls-warnings
  warnings.warn(</msg>
<msg time="2024-06-07T15:16:53.126614" level="INFO">${response} = &lt;Response [200]&gt;</msg>
<var>${response}</var>
<arg>consultarAPI</arg>
<arg>/api</arg>
<doc>Sends a GET request on a previously created HTTP Session.</doc>
<status status="PASS" start="2024-06-07T15:16:53.026053" elapsed="0.100590"/>
</kw>
<kw name="Set Variable" owner="BuiltIn">
<msg time="2024-06-07T15:16:53.127716" level="INFO">${json_data} = {'results': [{'gender': 'female', 'name': {'title': 'Miss', 'first': 'Olivia', 'last': 'Salminen'}, 'location': {'street': {'number': 8056, 'name': 'Pyynikintie'}, 'city': 'Siilinjärvi', 'state': 'Kym...</msg>
<var>${json_data}</var>
<arg>${response.json()}</arg>
<doc>Returns the given values which can then be assigned to a variables.</doc>
<status status="PASS" start="2024-06-07T15:16:53.127189" elapsed="0.000557"/>
</kw>
<kw name="Log" owner="BuiltIn">
<msg time="2024-06-07T15:16:53.128211" level="INFO">{'results': [{'gender': 'female', 'name': {'title': 'Miss', 'first': 'Olivia', 'last': 'Salminen'}, 'location': {'street': {'number': 8056, 'name': 'Pyynikintie'}, 'city': 'Siilinjärvi', 'state': 'Kymenlaakso', 'country': 'Finland', 'postcode': 27426, 'coordinates': {'latitude': '-27.6575', 'longitude': '97.5321'}, 'timezone': {'offset': '+2:00', 'description': 'Kaliningrad, South Africa'}}, 'email': 'olivia.salminen@example.com', 'login': {'uuid': 'bd28c9c3-3f7f-41a9-8c5d-9cb94282eda5', 'username': 'ticklishmeercat820', 'password': 'dshade', 'salt': '8B8eQKsW', 'md5': '9258bfdbe70ada7ba3eaceccd0b79cf2', 'sha1': 'd287e913bd51ca7fac9d0ccae4c00c5404602ede', 'sha256': 'da11b93adb4604d77deb03106171623eb8ee5119c4342033cf231a45b7b72775'}, 'dob': {'date': '1986-04-25T23:18:52.542Z', 'age': 38}, 'registered': {'date': '2014-03-13T02:56:56.195Z', 'age': 10}, 'phone': '03-519-863', 'cell': '041-967-74-98', 'id': {'name': 'HETU', 'value': 'NaNNA056undefined'}, 'picture': {'large': 'https://randomuser.me/api/portraits/women/24.jpg', 'medium': 'https://randomuser.me/api/portraits/med/women/24.jpg', 'thumbnail': 'https://randomuser.me/api/portraits/thumb/women/24.jpg'}, 'nat': 'FI'}], 'info': {'seed': 'b7432153ebb072cd', 'results': 1, 'page': 1, 'version': '1.4'}}</msg>
<arg>${json_data}</arg>
<doc>Logs the given message with the given level.</doc>
<status status="PASS" start="2024-06-07T15:16:53.128055" elapsed="0.000205"/>
</kw>
<kw name="Should Be Equal As Numbers" owner="BuiltIn">
<arg>${json_data['results'][0]['location']['postcode']}</arg>
<arg>${json_data['results'][0]['location']['postcode']}</arg>
<doc>Fails if objects are unequal after converting them to real numbers.</doc>
<status status="PASS" start="2024-06-07T15:16:53.128555" elapsed="0.000663"/>
</kw>
<kw name="Log" owner="BuiltIn">
<msg time="2024-06-07T15:16:53.129741" level="INFO">27426</msg>
<arg>${json_data['results'][0]['location']['postcode']}</arg>
<doc>Logs the given message with the given level.</doc>
<status status="PASS" start="2024-06-07T15:16:53.129411" elapsed="0.000370"/>
</kw>
<status status="PASS" start="2024-06-07T15:16:53.025803" elapsed="0.104264"/>
</kw>
<doc>Testa se os tipos de dados na resposta da API estão corretos.</doc>
<tag>testeTiposDados</tag>
<status status="PASS" start="2024-06-07T15:16:52.895953" elapsed="0.234285"/>
</test>
<test id="s1-s1-t5" name="Validar conteudo" line="35">
<kw name="Teste de Tipos de Conteudo" owner="random-user-service">
<kw name="GET On Session" owner="RequestsLibrary">
<msg time="2024-06-07T15:16:53.235334" level="INFO">GET Request : url=https://randomuser.me/api 
 path_url=/api 
 headers={'User-Agent': 'python-requests/2.32.3', 'Accept-Encoding': 'gzip, deflate', 'Accept': '*/*', 'Connection': 'keep-alive'} 
 body=None 
 </msg>
<msg time="2024-06-07T15:16:53.235443" level="INFO">GET Response : url=https://randomuser.me/api 
 status=200, reason=OK 
 headers={'Date': 'Fri, 07 Jun 2024 15:16:53 GMT', 'Content-Type': 'application/json; charset=utf-8', 'Transfer-Encoding': 'chunked', 'Connection': 'keep-alive', 'X-Powered-By': 'Express', 'Access-Control-Allow-Origin': '*', 'Cache-Control': 'no-cache', 'ETag': 'W/"4a7-f9fxZl6k6THqrktVx/U4XZ8Iy98"', 'Vary': 'Accept-Encoding', 'Content-Encoding': 'gzip', 'CF-Cache-Status': 'DYNAMIC', 'Report-To': '{"endpoints":[{"url":"https:\\/\\/a.nel.cloudflare.com\\/report\\/v4?s=rlaKor5YkfWWwWLucqhF3GwJpmRibaGED3OllVRi%2Bph77x9UV1qGUEE8toadIfFXO0eZ59wG5f6BQ%2BjB2aUFFqkFaYtWiJ3NcoO5vthif4RRpYGGtUsCV0aaKmJFg7Kd"}],"group":"cf-nel","max_age":604800}', 'NEL': '{"success_fraction":0,"report_to":"cf-nel","max_age":604800}', 'Server': 'cloudflare', 'CF-RAY': '89019b181df128fa-LAX', 'alt-svc': 'h3=":443"; ma=86400'} 
 body={"results":[{"gender":"female","name":{"title":"Miss","first":"Gloria","last":"Rhodes"},"location":{"street":{"number":1948,"name":"E Pecan St"},"city":"Maitland","state":"Australian Capital Territory","country":"Australia","postcode":7265,"coordinates":{"latitude":"-81.5305","longitude":"132.3854"},"timezone":{"offset":"-6:00","description":"Central Time (US &amp; Canada), Mexico City"}},"email":"gloria.rhodes@example.com","login":{"uuid":"5c133380-e03d-4629-990b-a4709a1ad141","username":"sadmouse348","password":"3232","salt":"am1AkK2M","md5":"a20efe0b3a4f90d1c952528e626a341a","sha1":"dd5750a80e9f3af5baa56a771ee9989d38349e02","sha256":"c7021f5276c0585ac88e0040445279a977043c4fd9732e7c9c0993e3839da583"},"dob":{"date":"1969-09-03T20:18:59.783Z","age":54},"registered":{"date":"2002-12-25T06:22:27.287Z","age":21},"phone":"06-0681-2105","cell":"0423-845-459","id":{"name":"TFN","value":"586069366"},"picture":{"large":"https://randomuser.me/api/portraits/women/57.jpg","medium":"https://randomuser.me/api/portraits/med/women/57.jpg","thumbnail":"https://randomuser.me/api/portraits/thumb/women/57.jpg"},"nat":"AU"}],"info":{"seed":"c9b61251325b42f4","results":1,"page":1,"version":"1.4"}} 
 </msg>
<msg time="2024-06-07T15:16:53.235511" level="INFO">/opt/hostedtoolcache/Python/3.12.3/x64/lib/python3.12/site-packages/urllib3/connectionpool.py:1103: InsecureRequestWarning: Unverified HTTPS request is being made to host 'randomuser.me'. Adding certificate verification is strongly advised. See: https://urllib3.readthedocs.io/en/latest/advanced-usage.html#tls-warnings
  warnings.warn(</msg>
<msg time="2024-06-07T15:16:53.235640" level="INFO">${response} = &lt;Response [200]&gt;</msg>
<var>${response}</var>
<arg>consultarAPI</arg>
<arg>/api</arg>
<doc>Sends a GET request on a previously created HTTP Session.</doc>
<status status="PASS" start="2024-06-07T15:16:53.132682" elapsed="0.102998"/>
</kw>
<kw name="Set Variable" owner="BuiltIn">
<msg time="2024-06-07T15:16:53.236889" level="INFO">${json_data} = {'results': [{'gender': 'female', 'name': {'title': 'Miss', 'first': 'Gloria', 'last': 'Rhodes'}, 'location': {'street': {'number': 1948, 'name': 'E Pecan St'}, 'city': 'Maitland', 'state': 'Australia...</msg>
<var>${json_data}</var>
<arg>${response.json()}</arg>
<doc>Returns the given values which can then be assigned to a variables.</doc>
<status status="PASS" start="2024-06-07T15:16:53.236314" elapsed="0.000604"/>
</kw>
<kw name="Set Variable" owner="BuiltIn">
<msg time="2024-06-07T15:16:53.237599" level="INFO">${name_title} = Miss</msg>
<var>${name_title}</var>
<arg>${json_data["results"][0]["name"]["title"]}</arg>
<doc>Returns the given values which can then be assigned to a variables.</doc>
<status status="PASS" start="2024-06-07T15:16:53.237221" elapsed="0.000404"/>
</kw>
<kw name="Create List" owner="BuiltIn">
<msg time="2024-06-07T15:16:53.238129" level="INFO">${allowed_titles} = ['Mr', 'Ms', 'Miss', 'Mrs', 'Madame', 'Monsieur']</msg>
<var>${allowed_titles}</var>
<arg>Mr</arg>
<arg>Ms</arg>
<arg>Miss</arg>
<arg>Mrs</arg>
<arg>Madame</arg>
<arg>Monsieur</arg>
<doc>Returns a list containing given items.</doc>
<status status="PASS" start="2024-06-07T15:16:53.237978" elapsed="0.000175"/>
</kw>
<kw name="List Should Contain Value" owner="Collections">
<msg time="2024-06-07T15:16:53.238631" level="INFO">False</msg>
<arg>${allowed_titles}</arg>
<arg>${name_title}</arg>
<doc>Fails if the ``value`` is not found from ``list``.</doc>
<status status="PASS" start="2024-06-07T15:16:53.238459" elapsed="0.000209"/>
</kw>
<kw name="Set Variable" owner="BuiltIn">
<msg time="2024-06-07T15:16:53.239518" level="INFO">${name_country} = AU</msg>
<var>${name_country}</var>
<arg>${json_data["results"][0]["nat"]}</arg>
<doc>Returns the given values which can then be assigned to a variables.</doc>
<status status="PASS" start="2024-06-07T15:16:53.238959" elapsed="0.000584"/>
</kw>
<kw name="Create List" owner="BuiltIn">
<msg time="2024-06-07T15:16:53.240454" level="INFO">${list_country} = ['AD', 'AE', 'AF', 'AG', 'AI', 'AL', 'AM', 'AO', 'AQ', 'AR', 'AS', 'AT', 'AU', 'AW', 'AX', 'AZ', 'BA', 'BB', 'BD', 'BE', 'BF', 'BG', 'BH', 'BI', 'BJ', 'BL', 'BM', 'BN', 'BO', 'BQ', 'BR', 'BS', 'BT', '...</msg>
<var>${list_country}</var>
<arg>AD</arg>
<arg>AE</arg>
<arg>AF</arg>
<arg>AG</arg>
<arg>AI</arg>
<arg>AL</arg>
<arg>AM</arg>
<arg>AO</arg>
<arg>AQ</arg>
<arg>AR</arg>
<arg>AS</arg>
<arg>AT</arg>
<arg>AU</arg>
<arg>AW</arg>
<arg>AX</arg>
<arg>AZ</arg>
<arg>BA</arg>
<arg>BB</arg>
<arg>BD</arg>
<arg>BE</arg>
<arg>BF</arg>
<arg>BG</arg>
<arg>BH</arg>
<arg>BI</arg>
<arg>BJ</arg>
<arg>BL</arg>
<arg>BM</arg>
<arg>BN</arg>
<arg>BO</arg>
<arg>BQ</arg>
<arg>BR</arg>
<arg>BS</arg>
<arg>BT</arg>
<arg>BV</arg>
<arg>BW</arg>
<arg>BY</arg>
<arg>BZ</arg>
<arg>CA</arg>
<arg>CC</arg>
<arg>CD</arg>
<arg>CF</arg>
<arg>CG</arg>
<arg>CH</arg>
<arg>CI</arg>
<arg>CK</arg>
<arg>CL</arg>
<arg>CM</arg>
<arg>CN</arg>
<arg>CO</arg>
<arg>CR</arg>
<arg>CU</arg>
<arg>CV</arg>
<arg>CW</arg>
<arg>CX</arg>
<arg>CY</arg>
<arg>CZ</arg>
<arg>DE</arg>
<arg>DJ</arg>
<arg>DK</arg>
<arg>DM</arg>
<arg>DO</arg>
<arg>DZ</arg>
<arg>EC</arg>
<arg>EE</arg>
<arg>EG</arg>
<arg>EH</arg>
<arg>ER</arg>
<arg>ES</arg>
<arg>ET</arg>
<arg>FI</arg>
<arg>FJ</arg>
<arg>FK</arg>
<arg>FM</arg>
<arg>FO</arg>
<arg>FR</arg>
<arg>GA</arg>
<arg>GB</arg>
<arg>GD</arg>
<arg>GE</arg>
<arg>GF</arg>
<arg>GG</arg>
<arg>GH</arg>
<arg>GI</arg>
<arg>GL</arg>
<arg>GM</arg>
<arg>GN</arg>
<arg>GP</arg>
<arg>GQ</arg>
<arg>GR</arg>
<arg>GS</arg>
<arg>GT</arg>
<arg>GU</arg>
<arg>GW</arg>
<arg>GY</arg>
<arg>HK</arg>
<arg>HM</arg>
<arg>HN</arg>
<arg>HR</arg>
<arg>HT</arg>
<arg>HU</arg>
<arg>ID</arg>
<arg>IE</arg>
<arg>IL</arg>
<arg>IM</arg>
<arg>IN</arg>
<arg>IO</arg>
<arg>IQ</arg>
<arg>IR</arg>
<arg>IS</arg>
<arg>IT</arg>
<arg>JE</arg>
<arg>JM</arg>
<arg>JO</arg>
<arg>JP</arg>
<arg>KE</arg>
<arg>KG</arg>
<arg>KH</arg>
<arg>KI</arg>
<arg>KM</arg>
<arg>KN</arg>
<arg>KP</arg>
<arg>KR</arg>
<arg>KW</arg>
<arg>KY</arg>
<arg>KZ</arg>
<arg>LA</arg>
<arg>LB</arg>
<arg>LC</arg>
<arg>LI</arg>
<arg>LK</arg>
<arg>LR</arg>
<arg>LS</arg>
<arg>LT</arg>
<arg>LU</arg>
<arg>LV</arg>
<arg>LY</arg>
<arg>MA</arg>
<arg>MC</arg>
<arg>MD</arg>
<arg>ME</arg>
<arg>MF</arg>
<arg>MG</arg>
<arg>MH</arg>
<arg>MK</arg>
<arg>ML</arg>
<arg>MM</arg>
<arg>MN</arg>
<arg>MO</arg>
<arg>MP</arg>
<arg>MQ</arg>
<arg>MR</arg>
<arg>MS</arg>
<arg>MT</arg>
<arg>MU</arg>
<arg>MV</arg>
<arg>MW</arg>
<arg>MX</arg>
<arg>MY</arg>
<arg>MZ</arg>
<arg>NA</arg>
<arg>NC</arg>
<arg>NE</arg>
<arg>NF</arg>
<arg>NG</arg>
<arg>NI</arg>
<arg>NL</arg>
<arg>NO</arg>
<arg>NP</arg>
<arg>NR</arg>
<arg>NU</arg>
<arg>NZ</arg>
<arg>OM</arg>
<arg>PA</arg>
<arg>PE</arg>
<arg>PF</arg>
<arg>PG</arg>
<arg>PH</arg>
<arg>PK</arg>
<arg>PL</arg>
<arg>PM</arg>
<arg>PN</arg>
<arg>PR</arg>
<arg>PS</arg>
<arg>PT</arg>
<arg>PW</arg>
<arg>PY</arg>
<arg>QA</arg>
<arg>RE</arg>
<arg>RO</arg>
<arg>RS</arg>
<arg>RU</arg>
<arg>RW</arg>
<arg>SA</arg>
<arg>SB</arg>
<arg>SC</arg>
<arg>SD</arg>
<arg>SE</arg>
<arg>SG</arg>
<arg>SH</arg>
<arg>SI</arg>
<arg>SJ</arg>
<arg>SK</arg>
<arg>SL</arg>
<arg>SM</arg>
<arg>SN</arg>
<arg>SO</arg>
<arg>SR</arg>
<arg>SS</arg>
<arg>ST</arg>
<arg>SV</arg>
<arg>SX</arg>
<arg>SY</arg>
<arg>SZ</arg>
<arg>TC</arg>
<arg>TD</arg>
<arg>TF</arg>
<arg>TG</arg>
<arg>TH</arg>
<arg>TJ</arg>
<arg>TK</arg>
<arg>TL</arg>
<arg>TM</arg>
<arg>TN</arg>
<arg>TO</arg>
<arg>TR</arg>
<arg>TT</arg>
<arg>TV</arg>
<arg>TW</arg>
<arg>TZ</arg>
<arg>UA</arg>
<arg>UG</arg>
<arg>UM</arg>
<arg>US</arg>
<arg>UY</arg>
<arg>UZ</arg>
<arg>VA</arg>
<arg>VC</arg>
<arg>VE</arg>
<arg>VG</arg>
<arg>VI</arg>
<arg>VN</arg>
<arg>VU</arg>
<arg>WF</arg>
<arg>WS</arg>
<arg>XK</arg>
<arg>YE</arg>
<arg>YT</arg>
<arg>ZA</arg>
<arg>ZM</arg>
<arg>ZW</arg>
<doc>Returns a list containing given items.</doc>
<status status="PASS" start="2024-06-07T15:16:53.239854" elapsed="0.000625"/>
</kw>
<kw name="List Should Contain Value" owner="Collections">
<msg time="2024-06-07T15:16:53.241455" level="INFO">False</msg>
<arg>${list_country}</arg>
<arg>${name_country}</arg>
<doc>Fails if the ``value`` is not found from ``list``.</doc>
<status status="PASS" start="2024-06-07T15:16:53.241257" elapsed="0.000233"/>
</kw>
<kw name="Run Keyword If" owner="BuiltIn">
<kw name="Should Be True" owner="BuiltIn">
<arg>${True}</arg>
<doc>Fails if the given condition is not true.</doc>
<status status="PASS" start="2024-06-07T15:16:53.242576" elapsed="0.000144"/>
</kw>
<arg>${json_data["results"][0]["location"]["coordinates"]["latitude"]} &gt;= -90 and ${json_data["results"][0]["location"]["coordinates"]["latitude"]} &lt;= 90</arg>
<arg>Should Be True</arg>
<arg>${True}</arg>
<doc>Runs the given keyword with the given arguments, if ``condition`` is true.</doc>
<status status="PASS" start="2024-06-07T15:16:53.241798" elapsed="0.001047"/>
</kw>
<kw name="Run Keyword If" owner="BuiltIn">
<kw name="Should Be True" owner="BuiltIn">
<arg>${True}</arg>
<doc>Fails if the given condition is not true.</doc>
<status status="PASS" start="2024-06-07T15:16:53.243716" elapsed="0.000136"/>
</kw>
<arg>${json_data["results"][0]["location"]["coordinates"]["longitude"]} &gt;= -180 and ${json_data["results"][0]["location"]["coordinates"]["longitude"]} &lt;= 180</arg>
<arg>Should Be True</arg>
<arg>${True}</arg>
<doc>Runs the given keyword with the given arguments, if ``condition`` is true.</doc>
<status status="PASS" start="2024-06-07T15:16:53.243027" elapsed="0.000948"/>
</kw>
<status status="PASS" start="2024-06-07T15:16:53.132456" elapsed="0.111652"/>
</kw>
<doc>Testa o conteúdo específico dos campos retornados pela API.</doc>
<tag>testeConteudo</tag>
<status status="PASS" start="2024-06-07T15:16:53.131984" elapsed="0.112276"/>
</test>
<status status="PASS" start="2024-06-07T15:16:52.079238" elapsed="1.166956"/>
</suite>
<status status="PASS" start="2024-06-07T15:16:52.065657" elapsed="1.185779"/>
</suite>
<statistics>
<total>
<stat pass="5" fail="0" skip="0">All Tests</stat>
</total>
<tag>
<stat pass="1" fail="0" skip="0">testeConteudo</stat>
<stat pass="1" fail="0" skip="0">testeEstruturaResposta</stat>
<stat pass="1" fail="0" skip="0">testeRequisicaoBasica</stat>
<stat pass="1" fail="0" skip="0">testeTiposDados</stat>
</tag>
<suite>
<stat pass="5" fail="0" skip="0" id="s1" name="Tests">Tests</stat>
<stat pass="5" fail="0" skip="0" id="s1-s1" name="Random-User-Test">Tests.Random-User-Test</stat>
</suite>
</statistics>
<errors>
</errors>
</robot>
