<?xml version="1.0" encoding="UTF-8"?>
<robot generator="Robot 7.0 (Python 3.12.2 on linux)" generated="2024-04-06T00:57:59.859721" rpa="false" schemaversion="5">
<suite id="s1" name="Tests" source="/home/runner/work/DesafioQAItauRogerioJordao/DesafioQAItauRogerioJordao/RamdonUser/tests">
<suite id="s1-s1" name="Random-User-Test" source="/home/runner/work/DesafioQAItauRogerioJordao/DesafioQAItauRogerioJordao/RamdonUser/tests/random-user-test.robot">
<test id="s1-s1-t1" name="Conectar" line="13">
<kw name="Conectar API" owner="random-user-service">
<kw name="Create Session" owner="RequestsLibrary">
<msg time="2024-04-06T00:58:00.224312" level="INFO">Creating Session using : alias=consultarAPI, url=https://randomuser.me/, headers={},                     cookies={}, auth=None, timeout=None, proxies=None, verify=False,                     debug=0 </msg>
<arg>consultarAPI</arg>
<arg>${URL}</arg>
<doc>Create Session: create a HTTP session to a server</doc>
<status status="PASS" start="2024-04-06T00:58:00.224099" elapsed="0.000395"/>
</kw>
<status status="PASS" start="2024-04-06T00:58:00.223053" elapsed="0.001814"/>
</kw>
<status status="PASS" start="2024-04-06T00:58:00.222514" elapsed="0.002564"/>
</test>
<test id="s1-s1-t2" name="Validar retorno 200 e JSON Válido" line="16">
<kw name="Teste de Requisicao Basica" owner="random-user-service">
<kw name="GET On Session" owner="RequestsLibrary">
<msg time="2024-04-06T00:58:00.292371" level="INFO">GET Request : url=https://randomuser.me/api 
 path_url=/api 
 headers={'User-Agent': 'python-requests/2.31.0', 'Accept-Encoding': 'gzip, deflate', 'Accept': '*/*', 'Connection': 'keep-alive'} 
 body=None 
 </msg>
<msg time="2024-04-06T00:58:00.292478" level="INFO">GET Response : url=https://randomuser.me/api 
 status=200, reason=OK 
 headers={'Date': 'Sat, 06 Apr 2024 00:58:00 GMT', 'Content-Type': 'application/json; charset=utf-8', 'Transfer-Encoding': 'chunked', 'Connection': 'keep-alive', 'X-Powered-By': 'Express', 'Access-Control-Allow-Origin': '*', 'Cache-Control': 'no-cache', 'ETag': 'W/"476-6SlGdITgfJHWABrTG+69FKsmoss"', 'Vary': 'Accept-Encoding', 'Content-Encoding': 'gzip', 'CF-Cache-Status': 'DYNAMIC', 'Report-To': '{"endpoints":[{"url":"https:\\/\\/a.nel.cloudflare.com\\/report\\/v4?s=xyhSX4BUX9v5qoY71B0ZlzSDNosbox45D7fRkwE3wGBlx9gBPJA7L6wdxd9HeiMUM4fiVl2%2BVbu133Rb9XmkXccr2KPrAYMWDas8X89XMrNhLgRHcr9zLrBIJ4koTt8g"}],"group":"cf-nel","max_age":604800}', 'NEL': '{"success_fraction":0,"report_to":"cf-nel","max_age":604800}', 'Server': 'cloudflare', 'CF-RAY': '86fdd3b79fff879a-IAD', 'alt-svc': 'h3=":443"; ma=86400'} 
 body={"results":[{"gender":"female","name":{"title":"Miss","first":"Vårin","last":"Mollestad"},"location":{"street":{"number":1610,"name":"Arnes vei"},"city":"Terråk","state":"Aust-Agder","country":"Norway","postcode":"1617","coordinates":{"latitude":"39.6854","longitude":"169.4659"},"timezone":{"offset":"+3:30","description":"Tehran"}},"email":"varin.mollestad@example.com","login":{"uuid":"f80920d0-2a3a-4444-8750-6446d8dc9709","username":"angrygorilla357","password":"elizabet","salt":"OpOstqVB","md5":"920e27763fce81a2971d7baf6073d01b","sha1":"3826caa561db76fbe7aa8d6db7dfe684facbd183","sha256":"afc0cd6302294b37700e74ff968cc51f361aab6ad4cd3bc47a84928b3fd5f27d"},"dob":{"date":"1962-02-02T07:14:56.670Z","age":62},"registered":{"date":"2009-10-27T15:54:30.891Z","age":14},"phone":"68754058","cell":"45603216","id":{"name":"FN","value":"02026223213"},"picture":{"large":"https://randomuser.me/api/portraits/women/82.jpg","medium":"https://randomuser.me/api/portraits/med/women/82.jpg","thumbnail":"https://randomuser.me/api/portraits/thumb/women/82.jpg"},"nat":"NO"}],"info":{"seed":"20bfadcb0876dabd","results":1,"page":1,"version":"1.4"}} 
 </msg>
<msg time="2024-04-06T00:58:00.292576" level="INFO">/opt/hostedtoolcache/Python/3.12.2/x64/lib/python3.12/site-packages/urllib3/connectionpool.py:1103: InsecureRequestWarning: Unverified HTTPS request is being made to host 'randomuser.me'. Adding certificate verification is strongly advised. See: https://urllib3.readthedocs.io/en/latest/advanced-usage.html#tls-warnings
  warnings.warn(</msg>
<msg time="2024-04-06T00:58:00.292684" level="INFO">${response} = &lt;Response [200]&gt;</msg>
<var>${response}</var>
<arg>consultarAPI</arg>
<arg>/api</arg>
<doc>Sends a GET request on a previously created HTTP Session.</doc>
<status status="PASS" start="2024-04-06T00:58:00.227691" elapsed="0.065039"/>
</kw>
<kw name="Should Be Equal As Numbers" owner="BuiltIn">
<msg time="2024-04-06T00:58:00.293574" level="INFO">Argument types are:
&lt;class 'int'&gt;
&lt;class 'str'&gt;</msg>
<arg>${response.status_code}</arg>
<arg>200</arg>
<doc>Fails if objects are unequal after converting them to real numbers.</doc>
<status status="PASS" start="2024-04-06T00:58:00.293168" elapsed="0.000477"/>
</kw>
<kw name="Log" owner="BuiltIn">
<msg time="2024-04-06T00:58:00.294363" level="INFO">200</msg>
<arg>${response.status_code}</arg>
<doc>Logs the given message with the given level.</doc>
<status status="PASS" start="2024-04-06T00:58:00.293996" elapsed="0.000412"/>
</kw>
<kw name="Set Variable" owner="BuiltIn">
<msg time="2024-04-06T00:58:00.295196" level="INFO">${json_data} = {'results': [{'gender': 'female', 'name': {'title': 'Miss', 'first': 'Vårin', 'last': 'Mollestad'}, 'location': {'street': {'number': 1610, 'name': 'Arnes vei'}, 'city': 'Terråk', 'state': 'Aust-Agder...</msg>
<var>${json_data}</var>
<arg>${response.json()}</arg>
<doc>Returns the given values which can then be assigned to a variables.</doc>
<status status="PASS" start="2024-04-06T00:58:00.294718" elapsed="0.000508"/>
</kw>
<kw name="Dictionary Should Contain Key" owner="Collections">
<msg time="2024-04-06T00:58:00.295701" level="INFO">False</msg>
<arg>${json_data}</arg>
<arg>results</arg>
<doc>Fails if ``key`` is not found from ``dictionary``.</doc>
<status status="PASS" start="2024-04-06T00:58:00.295531" elapsed="0.000210"/>
</kw>
<status status="PASS" start="2024-04-06T00:58:00.227434" elapsed="0.068581"/>
</kw>
<doc>Testa se a API responde corretamente e retorna um objeto JSON válido.</doc>
<tag>testeRequisicaoBasica</tag>
<status status="PASS" start="2024-04-06T00:58:00.226978" elapsed="0.069230"/>
</test>
<test id="s1-s1-t3" name="Validar estrutura de resposta" line="22">
<kw name="Teste de Estrutura de Resposta" owner="random-user-service">
<kw name="GET On Session" owner="RequestsLibrary">
<msg time="2024-04-06T00:58:00.387974" level="INFO">GET Request : url=https://randomuser.me/api 
 path_url=/api 
 headers={'User-Agent': 'python-requests/2.31.0', 'Accept-Encoding': 'gzip, deflate', 'Accept': '*/*', 'Connection': 'keep-alive'} 
 body=None 
 </msg>
<msg time="2024-04-06T00:58:00.388069" level="INFO">GET Response : url=https://randomuser.me/api 
 status=200, reason=OK 
 headers={'Date': 'Sat, 06 Apr 2024 00:58:00 GMT', 'Content-Type': 'application/json; charset=utf-8', 'Transfer-Encoding': 'chunked', 'Connection': 'keep-alive', 'X-Powered-By': 'Express', 'Access-Control-Allow-Origin': '*', 'Cache-Control': 'no-cache', 'ETag': 'W/"483-xgCyGdd/x4s5RCsKWybRFkOpUVk"', 'Vary': 'Accept-Encoding', 'Content-Encoding': 'gzip', 'CF-Cache-Status': 'DYNAMIC', 'Report-To': '{"endpoints":[{"url":"https:\\/\\/a.nel.cloudflare.com\\/report\\/v4?s=cYsb5PzWK76DHONPMWvaFP3Lm0jB8LjVmIAge2xK8vrcSngtMJ1%2FWj%2B%2BJAwXiZFfiM53kszUo7RrPf%2BUrbvup2Wij5Pm7SfbCwVac6VBWQ%2FNyB1oLSCvEA4FkhM%2FDcTJ"}],"group":"cf-nel","max_age":604800}', 'NEL': '{"success_fraction":0,"report_to":"cf-nel","max_age":604800}', 'Server': 'cloudflare', 'CF-RAY': '86fdd3b7d871879a-IAD', 'alt-svc': 'h3=":443"; ma=86400'} 
 body={"results":[{"gender":"male","name":{"title":"Mr","first":"Josef","last":"Morrison"},"location":{"street":{"number":2801,"name":"Victoria Road"},"city":"Skerries","state":"South Dublin","country":"Ireland","postcode":54848,"coordinates":{"latitude":"-1.6619","longitude":"-11.5118"},"timezone":{"offset":"-7:00","description":"Mountain Time (US &amp; Canada)"}},"email":"josef.morrison@example.com","login":{"uuid":"8a24edd7-8e89-4655-89cd-8ec0027daa3a","username":"smallswan588","password":"magneto","salt":"F5FJyuvV","md5":"c6808ca4a4277bede08312d6be006704","sha1":"68609ad464bc61f7978aedfb197e7e0ee6681e2e","sha256":"a94ebc55e00551b13108869d216a30ad1adfb501864dbd39c3950799896d5366"},"dob":{"date":"1996-02-26T22:12:32.326Z","age":28},"registered":{"date":"2018-03-06T23:06:26.237Z","age":6},"phone":"011-148-6616","cell":"081-428-8411","id":{"name":"PPS","value":"3821540T"},"picture":{"large":"https://randomuser.me/api/portraits/men/0.jpg","medium":"https://randomuser.me/api/portraits/med/men/0.jpg","thumbnail":"https://randomuser.me/api/portraits/thumb/men/0.jpg"},"nat":"IE"}],"info":{"seed":"c730ac93c4936130","results":1,"page":1,"version":"1.4"}} 
 </msg>
<msg time="2024-04-06T00:58:00.388208" level="INFO">/opt/hostedtoolcache/Python/3.12.2/x64/lib/python3.12/site-packages/urllib3/connectionpool.py:1103: InsecureRequestWarning: Unverified HTTPS request is being made to host 'randomuser.me'. Adding certificate verification is strongly advised. See: https://urllib3.readthedocs.io/en/latest/advanced-usage.html#tls-warnings
  warnings.warn(</msg>
<msg time="2024-04-06T00:58:00.388344" level="INFO">${response} = &lt;Response [200]&gt;</msg>
<var>${response}</var>
<arg>consultarAPI</arg>
<arg>/api</arg>
<doc>Sends a GET request on a previously created HTTP Session.</doc>
<status status="PASS" start="2024-04-06T00:58:00.298887" elapsed="0.089501"/>
</kw>
<kw name="Set Variable" owner="BuiltIn">
<msg time="2024-04-06T00:58:00.389558" level="INFO">${json_data} = {'results': [{'gender': 'male', 'name': {'title': 'Mr', 'first': 'Josef', 'last': 'Morrison'}, 'location': {'street': {'number': 2801, 'name': 'Victoria Road'}, 'city': 'Skerries', 'state': 'South Dub...</msg>
<var>${json_data}</var>
<arg>${response.json()}</arg>
<doc>Returns the given values which can then be assigned to a variables.</doc>
<status status="PASS" start="2024-04-06T00:58:00.388981" elapsed="0.000608"/>
</kw>
<kw name="Log" owner="BuiltIn">
<msg time="2024-04-06T00:58:00.390162" level="INFO">{'results': [{'gender': 'male', 'name': {'title': 'Mr', 'first': 'Josef', 'last': 'Morrison'}, 'location': {'street': {'number': 2801, 'name': 'Victoria Road'}, 'city': 'Skerries', 'state': 'South Dublin', 'country': 'Ireland', 'postcode': 54848, 'coordinates': {'latitude': '-1.6619', 'longitude': '-11.5118'}, 'timezone': {'offset': '-7:00', 'description': 'Mountain Time (US &amp; Canada)'}}, 'email': 'josef.morrison@example.com', 'login': {'uuid': '8a24edd7-8e89-4655-89cd-8ec0027daa3a', 'username': 'smallswan588', 'password': 'magneto', 'salt': 'F5FJyuvV', 'md5': 'c6808ca4a4277bede08312d6be006704', 'sha1': '68609ad464bc61f7978aedfb197e7e0ee6681e2e', 'sha256': 'a94ebc55e00551b13108869d216a30ad1adfb501864dbd39c3950799896d5366'}, 'dob': {'date': '1996-02-26T22:12:32.326Z', 'age': 28}, 'registered': {'date': '2018-03-06T23:06:26.237Z', 'age': 6}, 'phone': '011-148-6616', 'cell': '081-428-8411', 'id': {'name': 'PPS', 'value': '3821540T'}, 'picture': {'large': 'https://randomuser.me/api/portraits/men/0.jpg', 'medium': 'https://randomuser.me/api/portraits/med/men/0.jpg', 'thumbnail': 'https://randomuser.me/api/portraits/thumb/men/0.jpg'}, 'nat': 'IE'}], 'info': {'seed': 'c730ac93c4936130', 'results': 1, 'page': 1, 'version': '1.4'}}</msg>
<arg>${json_data}</arg>
<doc>Logs the given message with the given level.</doc>
<status status="PASS" start="2024-04-06T00:58:00.389981" elapsed="0.000232"/>
</kw>
<kw name="Dictionary Should Contain Key" owner="Collections">
<msg time="2024-04-06T00:58:00.390697" level="INFO">False</msg>
<arg>${json_data}</arg>
<arg>results</arg>
<doc>Fails if ``key`` is not found from ``dictionary``.</doc>
<status status="PASS" start="2024-04-06T00:58:00.390532" elapsed="0.000205"/>
</kw>
<kw name="Should Not Be Empty" owner="BuiltIn">
<msg time="2024-04-06T00:58:00.391183" level="INFO">Length is 2.</msg>
<arg>${json_data}</arg>
<doc>Verifies that the given item is not empty.</doc>
<status status="PASS" start="2024-04-06T00:58:00.391045" elapsed="0.000179"/>
</kw>
<kw name="Create List" owner="BuiltIn">
<msg time="2024-04-06T00:58:00.391677" level="INFO">${expected_keys} = ['gender', 'name', 'location', 'email', 'login']</msg>
<var>${expected_keys}</var>
<arg>gender</arg>
<arg>name</arg>
<arg>location</arg>
<arg>email</arg>
<arg>login</arg>
<doc>Returns a list containing given items.</doc>
<status status="PASS" start="2024-04-06T00:58:00.391524" elapsed="0.000178"/>
</kw>
<for flavor="IN">
<iter>
<kw name="Dictionary Should Contain Key" owner="Collections">
<msg time="2024-04-06T00:58:00.392734" level="INFO">False</msg>
<arg>${json_data['results'][0]}</arg>
<arg>${key}</arg>
<doc>Fails if ``key`` is not found from ``dictionary``.</doc>
<status status="PASS" start="2024-04-06T00:58:00.392302" elapsed="0.000474"/>
</kw>
<kw name="Log" owner="BuiltIn">
<msg time="2024-04-06T00:58:00.393479" level="INFO">{'gender': 'male', 'name': {'title': 'Mr', 'first': 'Josef', 'last': 'Morrison'}, 'location': {'street': {'number': 2801, 'name': 'Victoria Road'}, 'city': 'Skerries', 'state': 'South Dublin', 'country': 'Ireland', 'postcode': 54848, 'coordinates': {'latitude': '-1.6619', 'longitude': '-11.5118'}, 'timezone': {'offset': '-7:00', 'description': 'Mountain Time (US &amp; Canada)'}}, 'email': 'josef.morrison@example.com', 'login': {'uuid': '8a24edd7-8e89-4655-89cd-8ec0027daa3a', 'username': 'smallswan588', 'password': 'magneto', 'salt': 'F5FJyuvV', 'md5': 'c6808ca4a4277bede08312d6be006704', 'sha1': '68609ad464bc61f7978aedfb197e7e0ee6681e2e', 'sha256': 'a94ebc55e00551b13108869d216a30ad1adfb501864dbd39c3950799896d5366'}, 'dob': {'date': '1996-02-26T22:12:32.326Z', 'age': 28}, 'registered': {'date': '2018-03-06T23:06:26.237Z', 'age': 6}, 'phone': '011-148-6616', 'cell': '081-428-8411', 'id': {'name': 'PPS', 'value': '3821540T'}, 'picture': {'large': 'https://randomuser.me/api/portraits/men/0.jpg', 'medium': 'https://randomuser.me/api/portraits/med/men/0.jpg', 'thumbnail': 'https://randomuser.me/api/portraits/thumb/men/0.jpg'}, 'nat': 'IE'}</msg>
<arg>${json_data['results'][0]}</arg>
<doc>Logs the given message with the given level.</doc>
<status status="PASS" start="2024-04-06T00:58:00.393095" elapsed="0.000436"/>
</kw>
<kw name="Log" owner="BuiltIn">
<msg time="2024-04-06T00:58:00.394012" level="INFO">gender</msg>
<arg>${key}</arg>
<doc>Logs the given message with the given level.</doc>
<status status="PASS" start="2024-04-06T00:58:00.393843" elapsed="0.000210"/>
</kw>
<var name="${key}">gender</var>
<status status="PASS" start="2024-04-06T00:58:00.392167" elapsed="0.002139"/>
</iter>
<iter>
<kw name="Dictionary Should Contain Key" owner="Collections">
<msg time="2024-04-06T00:58:00.395030" level="INFO">False</msg>
<arg>${json_data['results'][0]}</arg>
<arg>${key}</arg>
<doc>Fails if ``key`` is not found from ``dictionary``.</doc>
<status status="PASS" start="2024-04-06T00:58:00.394629" elapsed="0.000441"/>
</kw>
<kw name="Log" owner="BuiltIn">
<msg time="2024-04-06T00:58:00.395768" level="INFO">{'gender': 'male', 'name': {'title': 'Mr', 'first': 'Josef', 'last': 'Morrison'}, 'location': {'street': {'number': 2801, 'name': 'Victoria Road'}, 'city': 'Skerries', 'state': 'South Dublin', 'country': 'Ireland', 'postcode': 54848, 'coordinates': {'latitude': '-1.6619', 'longitude': '-11.5118'}, 'timezone': {'offset': '-7:00', 'description': 'Mountain Time (US &amp; Canada)'}}, 'email': 'josef.morrison@example.com', 'login': {'uuid': '8a24edd7-8e89-4655-89cd-8ec0027daa3a', 'username': 'smallswan588', 'password': 'magneto', 'salt': 'F5FJyuvV', 'md5': 'c6808ca4a4277bede08312d6be006704', 'sha1': '68609ad464bc61f7978aedfb197e7e0ee6681e2e', 'sha256': 'a94ebc55e00551b13108869d216a30ad1adfb501864dbd39c3950799896d5366'}, 'dob': {'date': '1996-02-26T22:12:32.326Z', 'age': 28}, 'registered': {'date': '2018-03-06T23:06:26.237Z', 'age': 6}, 'phone': '011-148-6616', 'cell': '081-428-8411', 'id': {'name': 'PPS', 'value': '3821540T'}, 'picture': {'large': 'https://randomuser.me/api/portraits/men/0.jpg', 'medium': 'https://randomuser.me/api/portraits/med/men/0.jpg', 'thumbnail': 'https://randomuser.me/api/portraits/thumb/men/0.jpg'}, 'nat': 'IE'}</msg>
<arg>${json_data['results'][0]}</arg>
<doc>Logs the given message with the given level.</doc>
<status status="PASS" start="2024-04-06T00:58:00.395403" elapsed="0.000414"/>
</kw>
<kw name="Log" owner="BuiltIn">
<msg time="2024-04-06T00:58:00.396250" level="INFO">name</msg>
<arg>${key}</arg>
<doc>Logs the given message with the given level.</doc>
<status status="PASS" start="2024-04-06T00:58:00.396120" elapsed="0.000170"/>
</kw>
<var name="${key}">name</var>
<status status="PASS" start="2024-04-06T00:58:00.394509" elapsed="0.002002"/>
</iter>
<iter>
<kw name="Dictionary Should Contain Key" owner="Collections">
<msg time="2024-04-06T00:58:00.397191" level="INFO">False</msg>
<arg>${json_data['results'][0]}</arg>
<arg>${key}</arg>
<doc>Fails if ``key`` is not found from ``dictionary``.</doc>
<status status="PASS" start="2024-04-06T00:58:00.396808" elapsed="0.000423"/>
</kw>
<kw name="Log" owner="BuiltIn">
<msg time="2024-04-06T00:58:00.397929" level="INFO">{'gender': 'male', 'name': {'title': 'Mr', 'first': 'Josef', 'last': 'Morrison'}, 'location': {'street': {'number': 2801, 'name': 'Victoria Road'}, 'city': 'Skerries', 'state': 'South Dublin', 'country': 'Ireland', 'postcode': 54848, 'coordinates': {'latitude': '-1.6619', 'longitude': '-11.5118'}, 'timezone': {'offset': '-7:00', 'description': 'Mountain Time (US &amp; Canada)'}}, 'email': 'josef.morrison@example.com', 'login': {'uuid': '8a24edd7-8e89-4655-89cd-8ec0027daa3a', 'username': 'smallswan588', 'password': 'magneto', 'salt': 'F5FJyuvV', 'md5': 'c6808ca4a4277bede08312d6be006704', 'sha1': '68609ad464bc61f7978aedfb197e7e0ee6681e2e', 'sha256': 'a94ebc55e00551b13108869d216a30ad1adfb501864dbd39c3950799896d5366'}, 'dob': {'date': '1996-02-26T22:12:32.326Z', 'age': 28}, 'registered': {'date': '2018-03-06T23:06:26.237Z', 'age': 6}, 'phone': '011-148-6616', 'cell': '081-428-8411', 'id': {'name': 'PPS', 'value': '3821540T'}, 'picture': {'large': 'https://randomuser.me/api/portraits/men/0.jpg', 'medium': 'https://randomuser.me/api/portraits/med/men/0.jpg', 'thumbnail': 'https://randomuser.me/api/portraits/thumb/men/0.jpg'}, 'nat': 'IE'}</msg>
<arg>${json_data['results'][0]}</arg>
<doc>Logs the given message with the given level.</doc>
<status status="PASS" start="2024-04-06T00:58:00.397536" elapsed="0.000453"/>
</kw>
<kw name="Log" owner="BuiltIn">
<msg time="2024-04-06T00:58:00.398422" level="INFO">location</msg>
<arg>${key}</arg>
<doc>Logs the given message with the given level.</doc>
<status status="PASS" start="2024-04-06T00:58:00.398292" elapsed="0.000169"/>
</kw>
<var name="${key}">location</var>
<status status="PASS" start="2024-04-06T00:58:00.396695" elapsed="0.001982"/>
</iter>
<iter>
<kw name="Dictionary Should Contain Key" owner="Collections">
<msg time="2024-04-06T00:58:00.399346" level="INFO">False</msg>
<arg>${json_data['results'][0]}</arg>
<arg>${key}</arg>
<doc>Fails if ``key`` is not found from ``dictionary``.</doc>
<status status="PASS" start="2024-04-06T00:58:00.398966" elapsed="0.000419"/>
</kw>
<kw name="Log" owner="BuiltIn">
<msg time="2024-04-06T00:58:00.400055" level="INFO">{'gender': 'male', 'name': {'title': 'Mr', 'first': 'Josef', 'last': 'Morrison'}, 'location': {'street': {'number': 2801, 'name': 'Victoria Road'}, 'city': 'Skerries', 'state': 'South Dublin', 'country': 'Ireland', 'postcode': 54848, 'coordinates': {'latitude': '-1.6619', 'longitude': '-11.5118'}, 'timezone': {'offset': '-7:00', 'description': 'Mountain Time (US &amp; Canada)'}}, 'email': 'josef.morrison@example.com', 'login': {'uuid': '8a24edd7-8e89-4655-89cd-8ec0027daa3a', 'username': 'smallswan588', 'password': 'magneto', 'salt': 'F5FJyuvV', 'md5': 'c6808ca4a4277bede08312d6be006704', 'sha1': '68609ad464bc61f7978aedfb197e7e0ee6681e2e', 'sha256': 'a94ebc55e00551b13108869d216a30ad1adfb501864dbd39c3950799896d5366'}, 'dob': {'date': '1996-02-26T22:12:32.326Z', 'age': 28}, 'registered': {'date': '2018-03-06T23:06:26.237Z', 'age': 6}, 'phone': '011-148-6616', 'cell': '081-428-8411', 'id': {'name': 'PPS', 'value': '3821540T'}, 'picture': {'large': 'https://randomuser.me/api/portraits/men/0.jpg', 'medium': 'https://randomuser.me/api/portraits/med/men/0.jpg', 'thumbnail': 'https://randomuser.me/api/portraits/thumb/men/0.jpg'}, 'nat': 'IE'}</msg>
<arg>${json_data['results'][0]}</arg>
<doc>Logs the given message with the given level.</doc>
<status status="PASS" start="2024-04-06T00:58:00.399690" elapsed="0.000415"/>
</kw>
<kw name="Log" owner="BuiltIn">
<msg time="2024-04-06T00:58:00.400555" level="INFO">email</msg>
<arg>${key}</arg>
<doc>Logs the given message with the given level.</doc>
<status status="PASS" start="2024-04-06T00:58:00.400425" elapsed="0.000168"/>
</kw>
<var name="${key}">email</var>
<status status="PASS" start="2024-04-06T00:58:00.398853" elapsed="0.001954"/>
</iter>
<iter>
<kw name="Dictionary Should Contain Key" owner="Collections">
<msg time="2024-04-06T00:58:00.401496" level="INFO">False</msg>
<arg>${json_data['results'][0]}</arg>
<arg>${key}</arg>
<doc>Fails if ``key`` is not found from ``dictionary``.</doc>
<status status="PASS" start="2024-04-06T00:58:00.401111" elapsed="0.000423"/>
</kw>
<kw name="Log" owner="BuiltIn">
<msg time="2024-04-06T00:58:00.402222" level="INFO">{'gender': 'male', 'name': {'title': 'Mr', 'first': 'Josef', 'last': 'Morrison'}, 'location': {'street': {'number': 2801, 'name': 'Victoria Road'}, 'city': 'Skerries', 'state': 'South Dublin', 'country': 'Ireland', 'postcode': 54848, 'coordinates': {'latitude': '-1.6619', 'longitude': '-11.5118'}, 'timezone': {'offset': '-7:00', 'description': 'Mountain Time (US &amp; Canada)'}}, 'email': 'josef.morrison@example.com', 'login': {'uuid': '8a24edd7-8e89-4655-89cd-8ec0027daa3a', 'username': 'smallswan588', 'password': 'magneto', 'salt': 'F5FJyuvV', 'md5': 'c6808ca4a4277bede08312d6be006704', 'sha1': '68609ad464bc61f7978aedfb197e7e0ee6681e2e', 'sha256': 'a94ebc55e00551b13108869d216a30ad1adfb501864dbd39c3950799896d5366'}, 'dob': {'date': '1996-02-26T22:12:32.326Z', 'age': 28}, 'registered': {'date': '2018-03-06T23:06:26.237Z', 'age': 6}, 'phone': '011-148-6616', 'cell': '081-428-8411', 'id': {'name': 'PPS', 'value': '3821540T'}, 'picture': {'large': 'https://randomuser.me/api/portraits/men/0.jpg', 'medium': 'https://randomuser.me/api/portraits/med/men/0.jpg', 'thumbnail': 'https://randomuser.me/api/portraits/thumb/men/0.jpg'}, 'nat': 'IE'}</msg>
<arg>${json_data['results'][0]}</arg>
<doc>Logs the given message with the given level.</doc>
<status status="PASS" start="2024-04-06T00:58:00.401830" elapsed="0.000442"/>
</kw>
<kw name="Log" owner="BuiltIn">
<msg time="2024-04-06T00:58:00.402702" level="INFO">login</msg>
<arg>${key}</arg>
<doc>Logs the given message with the given level.</doc>
<status status="PASS" start="2024-04-06T00:58:00.402574" elapsed="0.000278"/>
</kw>
<var name="${key}">login</var>
<status status="PASS" start="2024-04-06T00:58:00.400982" elapsed="0.002125"/>
</iter>
<var>${key}</var>
<value>@{expected_keys}</value>
<status status="PASS" start="2024-04-06T00:58:00.391970" elapsed="0.011270"/>
</for>
<kw name="Create List" owner="BuiltIn">
<msg time="2024-04-06T00:58:00.403583" level="INFO">${expected_keysTwo} = ['username', 'password']</msg>
<var>${expected_keysTwo}</var>
<arg>username</arg>
<arg>password</arg>
<doc>Returns a list containing given items.</doc>
<status status="PASS" start="2024-04-06T00:58:00.403443" elapsed="0.000165"/>
</kw>
<for flavor="IN">
<iter>
<kw name="Dictionary Should Contain Key" owner="Collections">
<msg time="2024-04-06T00:58:00.404523" level="INFO">False</msg>
<arg>${json_data['results'][0]['login']}</arg>
<arg>${keyTwo}</arg>
<doc>Fails if ``key`` is not found from ``dictionary``.</doc>
<status status="PASS" start="2024-04-06T00:58:00.404129" elapsed="0.000432"/>
</kw>
<kw name="Dictionary Should Contain Key" owner="Collections">
<msg time="2024-04-06T00:58:00.405238" level="INFO">False</msg>
<arg>${json_data['results'][0]['login']}</arg>
<arg>${keyTwo}</arg>
<doc>Fails if ``key`` is not found from ``dictionary``.</doc>
<status status="PASS" start="2024-04-06T00:58:00.404859" elapsed="0.000419"/>
</kw>
<kw name="Log" owner="BuiltIn">
<msg time="2024-04-06T00:58:00.405706" level="INFO">username</msg>
<arg>${keyTwo}</arg>
<doc>Logs the given message with the given level.</doc>
<status status="PASS" start="2024-04-06T00:58:00.405577" elapsed="0.000168"/>
</kw>
<var name="${keyTwo}">username</var>
<status status="PASS" start="2024-04-06T00:58:00.404017" elapsed="0.001976"/>
</iter>
<iter>
<kw name="Dictionary Should Contain Key" owner="Collections">
<msg time="2024-04-06T00:58:00.406665" level="INFO">False</msg>
<arg>${json_data['results'][0]['login']}</arg>
<arg>${keyTwo}</arg>
<doc>Fails if ``key`` is not found from ``dictionary``.</doc>
<status status="PASS" start="2024-04-06T00:58:00.406285" elapsed="0.000419"/>
</kw>
<kw name="Dictionary Should Contain Key" owner="Collections">
<msg time="2024-04-06T00:58:00.407393" level="INFO">False</msg>
<arg>${json_data['results'][0]['login']}</arg>
<arg>${keyTwo}</arg>
<doc>Fails if ``key`` is not found from ``dictionary``.</doc>
<status status="PASS" start="2024-04-06T00:58:00.407002" elapsed="0.000430"/>
</kw>
<kw name="Log" owner="BuiltIn">
<msg time="2024-04-06T00:58:00.407857" level="INFO">password</msg>
<arg>${keyTwo}</arg>
<doc>Logs the given message with the given level.</doc>
<status status="PASS" start="2024-04-06T00:58:00.407729" elapsed="0.000168"/>
</kw>
<var name="${keyTwo}">password</var>
<status status="PASS" start="2024-04-06T00:58:00.406172" elapsed="0.001942"/>
</iter>
<var>${keyTwo}</var>
<value>@{expected_keysTwo}</value>
<status status="PASS" start="2024-04-06T00:58:00.403857" elapsed="0.004381"/>
</for>
<status status="PASS" start="2024-04-06T00:58:00.298655" elapsed="0.109732"/>
</kw>
<doc>Testa a estrutura da resposta da API.</doc>
<tag>testeEstruturaResposta</tag>
<status status="PASS" start="2024-04-06T00:58:00.298047" elapsed="0.110507"/>
</test>
<test id="s1-s1-t4" name="Validar tipos de dados" line="28">
<kw name="Teste de Tipos de Dados" owner="random-user-service">
<kw name="GET On Session" owner="RequestsLibrary">
<msg time="2024-04-06T00:58:00.490260" level="INFO">GET Request : url=https://randomuser.me/api 
 path_url=/api 
 headers={'User-Agent': 'python-requests/2.31.0', 'Accept-Encoding': 'gzip, deflate', 'Accept': '*/*', 'Connection': 'keep-alive'} 
 body=None 
 </msg>
<msg time="2024-04-06T00:58:00.490328" level="INFO">GET Response : url=https://randomuser.me/api 
 status=200, reason=OK 
 headers={'Date': 'Sat, 06 Apr 2024 00:58:00 GMT', 'Content-Type': 'application/json; charset=utf-8', 'Transfer-Encoding': 'chunked', 'Connection': 'keep-alive', 'X-Powered-By': 'Express', 'Access-Control-Allow-Origin': '*', 'Cache-Control': 'no-cache', 'ETag': 'W/"48a-Y50+sd9xIP5lKeTmc0JTFui/VYU"', 'Vary': 'Accept-Encoding', 'Content-Encoding': 'gzip', 'CF-Cache-Status': 'DYNAMIC', 'Report-To': '{"endpoints":[{"url":"https:\\/\\/a.nel.cloudflare.com\\/report\\/v4?s=q1MuFOfH0q0cTzJ%2B0t9OVdkiXYxKINsBQaeBgwRG6EdVIUlXa9fgvkiW4zQp%2FrK7WvLZgDcUPZB2%2F%2Bczeg8EIyM778Rap9sVeOYoszkeaw2Eu3C6JZrJAI5WRA5BNCUk"}],"group":"cf-nel","max_age":604800}', 'NEL': '{"success_fraction":0,"report_to":"cf-nel","max_age":604800}', 'Server': 'cloudflare', 'CF-RAY': '86fdd3b88a13879a-IAD', 'alt-svc': 'h3=":443"; ma=86400'} 
 body={"results":[{"gender":"male","name":{"title":"Mr","first":"Raymond","last":"Evans"},"location":{"street":{"number":2619,"name":"West Street"},"city":"Inverness","state":"Hampshire","country":"United Kingdom","postcode":"XS88 2HF","coordinates":{"latitude":"-4.5813","longitude":"-50.1802"},"timezone":{"offset":"-12:00","description":"Eniwetok, Kwajalein"}},"email":"raymond.evans@example.com","login":{"uuid":"c304f678-3037-480a-b2d4-61e0012bb4d7","username":"ticklishfrog488","password":"bigdog","salt":"ndoDIbPB","md5":"2ec7e1d284a81334f4e0a5e1d1a90404","sha1":"81160b48e13d7d89c9ea8aa791aed6b3e31e8559","sha256":"07db18dd58c203ae122cfd2a7066379b85b63cf3d1b15e845d16cdb24aa8f8f4"},"dob":{"date":"1951-06-29T05:43:44.507Z","age":72},"registered":{"date":"2020-10-18T05:22:03.645Z","age":3},"phone":"017687 10608","cell":"07140 682249","id":{"name":"NINO","value":"WB 81 59 87 B"},"picture":{"large":"https://randomuser.me/api/portraits/men/0.jpg","medium":"https://randomuser.me/api/portraits/med/men/0.jpg","thumbnail":"https://randomuser.me/api/portraits/thumb/men/0.jpg"},"nat":"GB"}],"info":{"seed":"54465d670ef256bc","results":1,"page":1,"version":"1.4"}} 
 </msg>
<msg time="2024-04-06T00:58:00.490384" level="INFO">/opt/hostedtoolcache/Python/3.12.2/x64/lib/python3.12/site-packages/urllib3/connectionpool.py:1103: InsecureRequestWarning: Unverified HTTPS request is being made to host 'randomuser.me'. Adding certificate verification is strongly advised. See: https://urllib3.readthedocs.io/en/latest/advanced-usage.html#tls-warnings
  warnings.warn(</msg>
<msg time="2024-04-06T00:58:00.490471" level="INFO">${response} = &lt;Response [200]&gt;</msg>
<var>${response}</var>
<arg>consultarAPI</arg>
<arg>/api</arg>
<doc>Sends a GET request on a previously created HTTP Session.</doc>
<status status="PASS" start="2024-04-06T00:58:00.411082" elapsed="0.079415"/>
</kw>
<kw name="Set Variable" owner="BuiltIn">
<msg time="2024-04-06T00:58:00.491355" level="INFO">${json_data} = {'results': [{'gender': 'male', 'name': {'title': 'Mr', 'first': 'Raymond', 'last': 'Evans'}, 'location': {'street': {'number': 2619, 'name': 'West Street'}, 'city': 'Inverness', 'state': 'Hampshire',...</msg>
<var>${json_data}</var>
<arg>${response.json()}</arg>
<doc>Returns the given values which can then be assigned to a variables.</doc>
<status status="PASS" start="2024-04-06T00:58:00.490901" elapsed="0.000483"/>
</kw>
<kw name="Log" owner="BuiltIn">
<msg time="2024-04-06T00:58:00.491861" level="INFO">{'results': [{'gender': 'male', 'name': {'title': 'Mr', 'first': 'Raymond', 'last': 'Evans'}, 'location': {'street': {'number': 2619, 'name': 'West Street'}, 'city': 'Inverness', 'state': 'Hampshire', 'country': 'United Kingdom', 'postcode': 'XS88 2HF', 'coordinates': {'latitude': '-4.5813', 'longitude': '-50.1802'}, 'timezone': {'offset': '-12:00', 'description': 'Eniwetok, Kwajalein'}}, 'email': 'raymond.evans@example.com', 'login': {'uuid': 'c304f678-3037-480a-b2d4-61e0012bb4d7', 'username': 'ticklishfrog488', 'password': 'bigdog', 'salt': 'ndoDIbPB', 'md5': '2ec7e1d284a81334f4e0a5e1d1a90404', 'sha1': '81160b48e13d7d89c9ea8aa791aed6b3e31e8559', 'sha256': '07db18dd58c203ae122cfd2a7066379b85b63cf3d1b15e845d16cdb24aa8f8f4'}, 'dob': {'date': '1951-06-29T05:43:44.507Z', 'age': 72}, 'registered': {'date': '2020-10-18T05:22:03.645Z', 'age': 3}, 'phone': '017687 10608', 'cell': '07140 682249', 'id': {'name': 'NINO', 'value': 'WB 81 59 87 B'}, 'picture': {'large': 'https://randomuser.me/api/portraits/men/0.jpg', 'medium': 'https://randomuser.me/api/portraits/med/men/0.jpg', 'thumbnail': 'https://randomuser.me/api/portraits/thumb/men/0.jpg'}, 'nat': 'GB'}], 'info': {'seed': '54465d670ef256bc', 'results': 1, 'page': 1, 'version': '1.4'}}</msg>
<arg>${json_data}</arg>
<doc>Logs the given message with the given level.</doc>
<status status="PASS" start="2024-04-06T00:58:00.491701" elapsed="0.000245"/>
</kw>
<kw name="Should Be String" owner="String">
<arg>${json_data['results'][0]['gender']}</arg>
<doc>Fails if the given ``item`` is not a string.</doc>
<status status="PASS" start="2024-04-06T00:58:00.492252" elapsed="0.000370"/>
</kw>
<kw name="Should Match Regexp" owner="BuiltIn">
<arg>${json_data['results'][0]['email']}</arg>
<arg>^[a-zA-Z0-9._%+-]+@[a-zA-Z0-9.-]+\.[a-zA-Z]{2,}$</arg>
<doc>Fails if ``string`` does not match ``pattern`` as a regular expression.</doc>
<status status="PASS" start="2024-04-06T00:58:00.492820" elapsed="0.000522"/>
</kw>
<kw name="Should Match Regexp" owner="BuiltIn">
<arg>${json_data['results'][0]['dob']['date']}</arg>
<arg>\\d{4}-\\d{2}-\\d{2}T\\d{2}:\\d{2}:\\d{2}\\.\\d{3}Z</arg>
<doc>Fails if ``string`` does not match ``pattern`` as a regular expression.</doc>
<status status="PASS" start="2024-04-06T00:58:00.493540" elapsed="0.000537"/>
</kw>
<kw name="Should Match Regexp" owner="BuiltIn">
<arg>${json_data['results'][0]['registered']['date']}</arg>
<arg>\\d{4}-\\d{2}-\\d{2}T\\d{2}:\\d{2}:\\d{2}\\.\\d{3}Z</arg>
<doc>Fails if ``string`` does not match ``pattern`` as a regular expression.</doc>
<status status="PASS" start="2024-04-06T00:58:00.494295" elapsed="0.000376"/>
</kw>
<kw name="Should Match Regexp" owner="BuiltIn">
<arg>${json_data['results'][0]['picture']['large']}</arg>
<arg>^https?://.*\.(?:png|jpe?g|gif|bmp)$</arg>
<doc>Fails if ``string`` does not match ``pattern`` as a regular expression.</doc>
<status status="PASS" start="2024-04-06T00:58:00.494862" elapsed="0.000460"/>
</kw>
<kw name="Should Match Regexp" owner="BuiltIn">
<arg>${json_data['results'][0]['picture']['medium']}</arg>
<arg>^https?://.*\.(?:png|jpe?g|gif|bmp)$</arg>
<doc>Fails if ``string`` does not match ``pattern`` as a regular expression.</doc>
<status status="PASS" start="2024-04-06T00:58:00.495521" elapsed="0.000359"/>
</kw>
<kw name="Should Match Regexp" owner="BuiltIn">
<arg>${json_data['results'][0]['picture']['thumbnail']}</arg>
<arg>^https?://.*\.(?:png|jpe?g|gif|bmp)$</arg>
<doc>Fails if ``string`` does not match ``pattern`` as a regular expression.</doc>
<status status="PASS" start="2024-04-06T00:58:00.496068" elapsed="0.000372"/>
</kw>
<kw name="Log" owner="BuiltIn">
<msg time="2024-04-06T00:58:00.496981" level="INFO">{'large': 'https://randomuser.me/api/portraits/men/0.jpg', 'medium': 'https://randomuser.me/api/portraits/med/men/0.jpg', 'thumbnail': 'https://randomuser.me/api/portraits/thumb/men/0.jpg'}</msg>
<arg>${json_data['results'][0]['picture']}</arg>
<doc>Logs the given message with the given level.</doc>
<status status="PASS" start="2024-04-06T00:58:00.496633" elapsed="0.000392"/>
</kw>
<status status="PASS" start="2024-04-06T00:58:00.410842" elapsed="0.086442"/>
</kw>
<kw name="Teste de Tipos de Dados - Postcode" owner="random-user-service">
<kw name="GET On Session" owner="RequestsLibrary">
<msg time="2024-04-06T00:58:00.587211" level="INFO">GET Request : url=https://randomuser.me/api 
 path_url=/api 
 headers={'User-Agent': 'python-requests/2.31.0', 'Accept-Encoding': 'gzip, deflate', 'Accept': '*/*', 'Connection': 'keep-alive'} 
 body=None 
 </msg>
<msg time="2024-04-06T00:58:00.587283" level="INFO">GET Response : url=https://randomuser.me/api 
 status=200, reason=OK 
 headers={'Date': 'Sat, 06 Apr 2024 00:58:00 GMT', 'Content-Type': 'application/json; charset=utf-8', 'Transfer-Encoding': 'chunked', 'Connection': 'keep-alive', 'X-Powered-By': 'Express', 'Access-Control-Allow-Origin': '*', 'Cache-Control': 'no-cache', 'ETag': 'W/"486-xym5pr72ZTEKljkdiDEbkGVKxK8"', 'Vary': 'Accept-Encoding', 'Content-Encoding': 'gzip', 'CF-Cache-Status': 'DYNAMIC', 'Report-To': '{"endpoints":[{"url":"https:\\/\\/a.nel.cloudflare.com\\/report\\/v4?s=2p7XPbMPQuuoVS%2BKLPiP4a9%2BSs6K2segXUnNTcwwX1qF7wDbeo95PP0soVsdYvty6HDgFpAUx%2BedIT1zgaRI1IbWiQ0i5u9NeGbEEMJieRy3dhltf4KAYRqmna6lfkc9"}],"group":"cf-nel","max_age":604800}', 'NEL': '{"success_fraction":0,"report_to":"cf-nel","max_age":604800}', 'Server': 'cloudflare', 'CF-RAY': '86fdd3b91b76879a-IAD', 'alt-svc': 'h3=":443"; ma=86400'} 
 body={"results":[{"gender":"male","name":{"title":"Mr","first":"Miomir","last":"Cvetković"},"location":{"street":{"number":4716,"name":"Dvadesetdevetog Novembra"},"city":"Aleksandrovac","state":"North Banat","country":"Serbia","postcode":76637,"coordinates":{"latitude":"58.3485","longitude":"-132.3887"},"timezone":{"offset":"+4:30","description":"Kabul"}},"email":"miomir.cvetkovic@example.com","login":{"uuid":"81a7306b-30ab-4118-bd46-e6b0751d65e3","username":"crazygorilla926","password":"sullivan","salt":"pbPTheI8","md5":"89f536eca8dd24b02afcabc1a8b65c3a","sha1":"683e6b0f9364bc3a8adfaf9fd78cc3b11b334c9b","sha256":"bbc3146497ac0f38823de32fee455d819d1e451780a6bd7057e84fd9f70aed83"},"dob":{"date":"1966-06-04T13:01:15.405Z","age":57},"registered":{"date":"2016-08-12T00:59:57.516Z","age":7},"phone":"023-1843-821","cell":"062-5282-931","id":{"name":"SID","value":"178681917"},"picture":{"large":"https://randomuser.me/api/portraits/men/2.jpg","medium":"https://randomuser.me/api/portraits/med/men/2.jpg","thumbnail":"https://randomuser.me/api/portraits/thumb/men/2.jpg"},"nat":"RS"}],"info":{"seed":"cd51e634f4dc98cc","results":1,"page":1,"version":"1.4"}} 
 </msg>
<msg time="2024-04-06T00:58:00.587357" level="INFO">/opt/hostedtoolcache/Python/3.12.2/x64/lib/python3.12/site-packages/urllib3/connectionpool.py:1103: InsecureRequestWarning: Unverified HTTPS request is being made to host 'randomuser.me'. Adding certificate verification is strongly advised. See: https://urllib3.readthedocs.io/en/latest/advanced-usage.html#tls-warnings
  warnings.warn(</msg>
<msg time="2024-04-06T00:58:00.587455" level="INFO">${response} = &lt;Response [200]&gt;</msg>
<var>${response}</var>
<arg>consultarAPI</arg>
<arg>/api</arg>
<doc>Sends a GET request on a previously created HTTP Session.</doc>
<status status="PASS" start="2024-04-06T00:58:00.497864" elapsed="0.089634"/>
</kw>
<kw name="Set Variable" owner="BuiltIn">
<msg time="2024-04-06T00:58:00.588560" level="INFO">${json_data} = {'results': [{'gender': 'male', 'name': {'title': 'Mr', 'first': 'Miomir', 'last': 'Cvetković'}, 'location': {'street': {'number': 4716, 'name': 'Dvadesetdevetog Novembra'}, 'city': 'Aleksandrovac', '...</msg>
<var>${json_data}</var>
<arg>${response.json()}</arg>
<doc>Returns the given values which can then be assigned to a variables.</doc>
<status status="PASS" start="2024-04-06T00:58:00.587994" elapsed="0.000597"/>
</kw>
<kw name="Log" owner="BuiltIn">
<msg time="2024-04-06T00:58:00.589066" level="INFO">{'results': [{'gender': 'male', 'name': {'title': 'Mr', 'first': 'Miomir', 'last': 'Cvetković'}, 'location': {'street': {'number': 4716, 'name': 'Dvadesetdevetog Novembra'}, 'city': 'Aleksandrovac', 'state': 'North Banat', 'country': 'Serbia', 'postcode': 76637, 'coordinates': {'latitude': '58.3485', 'longitude': '-132.3887'}, 'timezone': {'offset': '+4:30', 'description': 'Kabul'}}, 'email': 'miomir.cvetkovic@example.com', 'login': {'uuid': '81a7306b-30ab-4118-bd46-e6b0751d65e3', 'username': 'crazygorilla926', 'password': 'sullivan', 'salt': 'pbPTheI8', 'md5': '89f536eca8dd24b02afcabc1a8b65c3a', 'sha1': '683e6b0f9364bc3a8adfaf9fd78cc3b11b334c9b', 'sha256': 'bbc3146497ac0f38823de32fee455d819d1e451780a6bd7057e84fd9f70aed83'}, 'dob': {'date': '1966-06-04T13:01:15.405Z', 'age': 57}, 'registered': {'date': '2016-08-12T00:59:57.516Z', 'age': 7}, 'phone': '023-1843-821', 'cell': '062-5282-931', 'id': {'name': 'SID', 'value': '178681917'}, 'picture': {'large': 'https://randomuser.me/api/portraits/men/2.jpg', 'medium': 'https://randomuser.me/api/portraits/med/men/2.jpg', 'thumbnail': 'https://randomuser.me/api/portraits/thumb/men/2.jpg'}, 'nat': 'RS'}], 'info': {'seed': 'cd51e634f4dc98cc', 'results': 1, 'page': 1, 'version': '1.4'}}</msg>
<arg>${json_data}</arg>
<doc>Logs the given message with the given level.</doc>
<status status="PASS" start="2024-04-06T00:58:00.588906" elapsed="0.000250"/>
</kw>
<kw name="Should Be Equal As Numbers" owner="BuiltIn">
<arg>${json_data['results'][0]['location']['postcode']}</arg>
<arg>${json_data['results'][0]['location']['postcode']}</arg>
<doc>Fails if objects are unequal after converting them to real numbers.</doc>
<status status="PASS" start="2024-04-06T00:58:00.589468" elapsed="0.000684"/>
</kw>
<kw name="Log" owner="BuiltIn">
<msg time="2024-04-06T00:58:00.590688" level="INFO">76637</msg>
<arg>${json_data['results'][0]['location']['postcode']}</arg>
<doc>Logs the given message with the given level.</doc>
<status status="PASS" start="2024-04-06T00:58:00.590348" elapsed="0.000381"/>
</kw>
<status status="PASS" start="2024-04-06T00:58:00.497509" elapsed="0.093476"/>
</kw>
<doc>Testa se os tipos de dados na resposta da API estão corretos.</doc>
<tag>testeTiposDados</tag>
<status status="PASS" start="2024-04-06T00:58:00.410384" elapsed="0.180768"/>
</test>
<test id="s1-s1-t5" name="Validar conteudo" line="35">
<kw name="Teste de Tipos de Conteudo" owner="random-user-service">
<kw name="GET On Session" owner="RequestsLibrary">
<msg time="2024-04-06T00:58:00.688902" level="INFO">GET Request : url=https://randomuser.me/api 
 path_url=/api 
 headers={'User-Agent': 'python-requests/2.31.0', 'Accept-Encoding': 'gzip, deflate', 'Accept': '*/*', 'Connection': 'keep-alive'} 
 body=None 
 </msg>
<msg time="2024-04-06T00:58:00.688997" level="INFO">GET Response : url=https://randomuser.me/api 
 status=200, reason=OK 
 headers={'Date': 'Sat, 06 Apr 2024 00:58:00 GMT', 'Content-Type': 'application/json; charset=utf-8', 'Transfer-Encoding': 'chunked', 'Connection': 'keep-alive', 'X-Powered-By': 'Express', 'Access-Control-Allow-Origin': '*', 'Cache-Control': 'no-cache', 'ETag': 'W/"49c-pfRy26yC1hgv1FdLKrdxQy9SHkY"', 'Vary': 'Accept-Encoding', 'Content-Encoding': 'gzip', 'CF-Cache-Status': 'DYNAMIC', 'Report-To': '{"endpoints":[{"url":"https:\\/\\/a.nel.cloudflare.com\\/report\\/v4?s=0UM%2BbNKBZ2W0bNoDN7EdNsjDdX8sn9LV%2B8nL7R%2FJ4veZqBnPGdBmaTxxZa67bs%2FYoNL%2BVEAAydV5nZUyRxD9kwfFXbDb8jxMziTuoXrRvDhjySxXAt0XzmYTHWHa3Ncg"}],"group":"cf-nel","max_age":604800}', 'NEL': '{"success_fraction":0,"report_to":"cf-nel","max_age":604800}', 'Server': 'cloudflare', 'CF-RAY': '86fdd3b9bc8a879a-IAD', 'alt-svc': 'h3=":443"; ma=86400'} 
 body={"results":[{"gender":"female","name":{"title":"Ms","first":"Tucha","last":"da Rocha"},"location":{"street":{"number":5001,"name":"Rua Quatro"},"city":"Franco da Rocha","state":"Pernambuco","country":"Brazil","postcode":21230,"coordinates":{"latitude":"-78.6399","longitude":"92.7149"},"timezone":{"offset":"+4:00","description":"Abu Dhabi, Muscat, Baku, Tbilisi"}},"email":"tucha.darocha@example.com","login":{"uuid":"e5d98959-152d-4830-8da8-65bf6b819fe5","username":"lazykoala436","password":"packer","salt":"xkZIocIY","md5":"285390387c7a00caa48db39532b8c187","sha1":"fc1a5d42b646b3f5ddd733e65196a75c999a8f7e","sha256":"83e794ca8429340708349d2922ceb6a9fb69b89639d8b70a1d845b14beace6dc"},"dob":{"date":"1985-01-11T02:48:18.284Z","age":39},"registered":{"date":"2021-11-17T22:36:28.918Z","age":2},"phone":"(75) 0699-3147","cell":"(08) 5918-2320","id":{"name":"CPF","value":"155.812.535-69"},"picture":{"large":"https://randomuser.me/api/portraits/women/37.jpg","medium":"https://randomuser.me/api/portraits/med/women/37.jpg","thumbnail":"https://randomuser.me/api/portraits/thumb/women/37.jpg"},"nat":"BR"}],"info":{"seed":"f4fc81da0041a5ec","results":1,"page":1,"version":"1.4"}} 
 </msg>
<msg time="2024-04-06T00:58:00.689078" level="INFO">/opt/hostedtoolcache/Python/3.12.2/x64/lib/python3.12/site-packages/urllib3/connectionpool.py:1103: InsecureRequestWarning: Unverified HTTPS request is being made to host 'randomuser.me'. Adding certificate verification is strongly advised. See: https://urllib3.readthedocs.io/en/latest/advanced-usage.html#tls-warnings
  warnings.warn(</msg>
<msg time="2024-04-06T00:58:00.689202" level="INFO">${response} = &lt;Response [200]&gt;</msg>
<var>${response}</var>
<arg>consultarAPI</arg>
<arg>/api</arg>
<doc>Sends a GET request on a previously created HTTP Session.</doc>
<status status="PASS" start="2024-04-06T00:58:00.594044" elapsed="0.095204"/>
</kw>
<kw name="Set Variable" owner="BuiltIn">
<msg time="2024-04-06T00:58:00.690294" level="INFO">${json_data} = {'results': [{'gender': 'female', 'name': {'title': 'Ms', 'first': 'Tucha', 'last': 'da Rocha'}, 'location': {'street': {'number': 5001, 'name': 'Rua Quatro'}, 'city': 'Franco da Rocha', 'state': 'Per...</msg>
<var>${json_data}</var>
<arg>${response.json()}</arg>
<doc>Returns the given values which can then be assigned to a variables.</doc>
<status status="PASS" start="2024-04-06T00:58:00.689768" elapsed="0.000555"/>
</kw>
<kw name="Set Variable" owner="BuiltIn">
<msg time="2024-04-06T00:58:00.691033" level="INFO">${name_title} = Ms</msg>
<var>${name_title}</var>
<arg>${json_data["results"][0]["name"]["title"]}</arg>
<doc>Returns the given values which can then be assigned to a variables.</doc>
<status status="PASS" start="2024-04-06T00:58:00.690641" elapsed="0.000418"/>
</kw>
<kw name="Create List" owner="BuiltIn">
<msg time="2024-04-06T00:58:00.691518" level="INFO">${allowed_titles} = ['Mr', 'Ms', 'Miss', 'Mrs', 'Madame', 'Monsieur']</msg>
<var>${allowed_titles}</var>
<arg>Mr</arg>
<arg>Ms</arg>
<arg>Miss</arg>
<arg>Mrs</arg>
<arg>Madame</arg>
<arg>Monsieur</arg>
<doc>Returns a list containing given items.</doc>
<status status="PASS" start="2024-04-06T00:58:00.691365" elapsed="0.000178"/>
</kw>
<kw name="List Should Contain Value" owner="Collections">
<msg time="2024-04-06T00:58:00.692034" level="INFO">False</msg>
<arg>${allowed_titles}</arg>
<arg>${name_title}</arg>
<doc>Fails if the ``value`` is not found from ``list``.</doc>
<status status="PASS" start="2024-04-06T00:58:00.691854" elapsed="0.000218"/>
</kw>
<kw name="Set Variable" owner="BuiltIn">
<msg time="2024-04-06T00:58:00.692757" level="INFO">${name_country} = BR</msg>
<var>${name_country}</var>
<arg>${json_data["results"][0]["nat"]}</arg>
<doc>Returns the given values which can then be assigned to a variables.</doc>
<status status="PASS" start="2024-04-06T00:58:00.692367" elapsed="0.000416"/>
</kw>
<kw name="Create List" owner="BuiltIn">
<msg time="2024-04-06T00:58:00.693703" level="INFO">${list_country} = ['AD', 'AE', 'AF', 'AG', 'AI', 'AL', 'AM', 'AO', 'AQ', 'AR', 'AS', 'AT', 'AU', 'AW', 'AX', 'AZ', 'BA', 'BB', 'BD', 'BE', 'BF', 'BG', 'BH', 'BI', 'BJ', 'BL', 'BM', 'BN', 'BO', 'BQ', 'BR', 'BS', 'BT', '...</msg>
<var>${list_country}</var>
<arg>AD</arg>
<arg>AE</arg>
<arg>AF</arg>
<arg>AG</arg>
<arg>AI</arg>
<arg>AL</arg>
<arg>AM</arg>
<arg>AO</arg>
<arg>AQ</arg>
<arg>AR</arg>
<arg>AS</arg>
<arg>AT</arg>
<arg>AU</arg>
<arg>AW</arg>
<arg>AX</arg>
<arg>AZ</arg>
<arg>BA</arg>
<arg>BB</arg>
<arg>BD</arg>
<arg>BE</arg>
<arg>BF</arg>
<arg>BG</arg>
<arg>BH</arg>
<arg>BI</arg>
<arg>BJ</arg>
<arg>BL</arg>
<arg>BM</arg>
<arg>BN</arg>
<arg>BO</arg>
<arg>BQ</arg>
<arg>BR</arg>
<arg>BS</arg>
<arg>BT</arg>
<arg>BV</arg>
<arg>BW</arg>
<arg>BY</arg>
<arg>BZ</arg>
<arg>CA</arg>
<arg>CC</arg>
<arg>CD</arg>
<arg>CF</arg>
<arg>CG</arg>
<arg>CH</arg>
<arg>CI</arg>
<arg>CK</arg>
<arg>CL</arg>
<arg>CM</arg>
<arg>CN</arg>
<arg>CO</arg>
<arg>CR</arg>
<arg>CU</arg>
<arg>CV</arg>
<arg>CW</arg>
<arg>CX</arg>
<arg>CY</arg>
<arg>CZ</arg>
<arg>DE</arg>
<arg>DJ</arg>
<arg>DK</arg>
<arg>DM</arg>
<arg>DO</arg>
<arg>DZ</arg>
<arg>EC</arg>
<arg>EE</arg>
<arg>EG</arg>
<arg>EH</arg>
<arg>ER</arg>
<arg>ES</arg>
<arg>ET</arg>
<arg>FI</arg>
<arg>FJ</arg>
<arg>FK</arg>
<arg>FM</arg>
<arg>FO</arg>
<arg>FR</arg>
<arg>GA</arg>
<arg>GB</arg>
<arg>GD</arg>
<arg>GE</arg>
<arg>GF</arg>
<arg>GG</arg>
<arg>GH</arg>
<arg>GI</arg>
<arg>GL</arg>
<arg>GM</arg>
<arg>GN</arg>
<arg>GP</arg>
<arg>GQ</arg>
<arg>GR</arg>
<arg>GS</arg>
<arg>GT</arg>
<arg>GU</arg>
<arg>GW</arg>
<arg>GY</arg>
<arg>HK</arg>
<arg>HM</arg>
<arg>HN</arg>
<arg>HR</arg>
<arg>HT</arg>
<arg>HU</arg>
<arg>ID</arg>
<arg>IE</arg>
<arg>IL</arg>
<arg>IM</arg>
<arg>IN</arg>
<arg>IO</arg>
<arg>IQ</arg>
<arg>IR</arg>
<arg>IS</arg>
<arg>IT</arg>
<arg>JE</arg>
<arg>JM</arg>
<arg>JO</arg>
<arg>JP</arg>
<arg>KE</arg>
<arg>KG</arg>
<arg>KH</arg>
<arg>KI</arg>
<arg>KM</arg>
<arg>KN</arg>
<arg>KP</arg>
<arg>KR</arg>
<arg>KW</arg>
<arg>KY</arg>
<arg>KZ</arg>
<arg>LA</arg>
<arg>LB</arg>
<arg>LC</arg>
<arg>LI</arg>
<arg>LK</arg>
<arg>LR</arg>
<arg>LS</arg>
<arg>LT</arg>
<arg>LU</arg>
<arg>LV</arg>
<arg>LY</arg>
<arg>MA</arg>
<arg>MC</arg>
<arg>MD</arg>
<arg>ME</arg>
<arg>MF</arg>
<arg>MG</arg>
<arg>MH</arg>
<arg>MK</arg>
<arg>ML</arg>
<arg>MM</arg>
<arg>MN</arg>
<arg>MO</arg>
<arg>MP</arg>
<arg>MQ</arg>
<arg>MR</arg>
<arg>MS</arg>
<arg>MT</arg>
<arg>MU</arg>
<arg>MV</arg>
<arg>MW</arg>
<arg>MX</arg>
<arg>MY</arg>
<arg>MZ</arg>
<arg>NA</arg>
<arg>NC</arg>
<arg>NE</arg>
<arg>NF</arg>
<arg>NG</arg>
<arg>NI</arg>
<arg>NL</arg>
<arg>NO</arg>
<arg>NP</arg>
<arg>NR</arg>
<arg>NU</arg>
<arg>NZ</arg>
<arg>OM</arg>
<arg>PA</arg>
<arg>PE</arg>
<arg>PF</arg>
<arg>PG</arg>
<arg>PH</arg>
<arg>PK</arg>
<arg>PL</arg>
<arg>PM</arg>
<arg>PN</arg>
<arg>PR</arg>
<arg>PS</arg>
<arg>PT</arg>
<arg>PW</arg>
<arg>PY</arg>
<arg>QA</arg>
<arg>RE</arg>
<arg>RO</arg>
<arg>RS</arg>
<arg>RU</arg>
<arg>RW</arg>
<arg>SA</arg>
<arg>SB</arg>
<arg>SC</arg>
<arg>SD</arg>
<arg>SE</arg>
<arg>SG</arg>
<arg>SH</arg>
<arg>SI</arg>
<arg>SJ</arg>
<arg>SK</arg>
<arg>SL</arg>
<arg>SM</arg>
<arg>SN</arg>
<arg>SO</arg>
<arg>SR</arg>
<arg>SS</arg>
<arg>ST</arg>
<arg>SV</arg>
<arg>SX</arg>
<arg>SY</arg>
<arg>SZ</arg>
<arg>TC</arg>
<arg>TD</arg>
<arg>TF</arg>
<arg>TG</arg>
<arg>TH</arg>
<arg>TJ</arg>
<arg>TK</arg>
<arg>TL</arg>
<arg>TM</arg>
<arg>TN</arg>
<arg>TO</arg>
<arg>TR</arg>
<arg>TT</arg>
<arg>TV</arg>
<arg>TW</arg>
<arg>TZ</arg>
<arg>UA</arg>
<arg>UG</arg>
<arg>UM</arg>
<arg>US</arg>
<arg>UY</arg>
<arg>UZ</arg>
<arg>VA</arg>
<arg>VC</arg>
<arg>VE</arg>
<arg>VG</arg>
<arg>VI</arg>
<arg>VN</arg>
<arg>VU</arg>
<arg>WF</arg>
<arg>WS</arg>
<arg>XK</arg>
<arg>YE</arg>
<arg>YT</arg>
<arg>ZA</arg>
<arg>ZM</arg>
<arg>ZW</arg>
<doc>Returns a list containing given items.</doc>
<status status="PASS" start="2024-04-06T00:58:00.693099" elapsed="0.000630"/>
</kw>
<kw name="List Should Contain Value" owner="Collections">
<msg time="2024-04-06T00:58:00.694876" level="INFO">False</msg>
<arg>${list_country}</arg>
<arg>${name_country}</arg>
<doc>Fails if the ``value`` is not found from ``list``.</doc>
<status status="PASS" start="2024-04-06T00:58:00.694668" elapsed="0.000247"/>
</kw>
<kw name="Run Keyword If" owner="BuiltIn">
<kw name="Should Be True" owner="BuiltIn">
<arg>${True}</arg>
<doc>Fails if the given condition is not true.</doc>
<status status="PASS" start="2024-04-06T00:58:00.696016" elapsed="0.000149"/>
</kw>
<arg>${json_data["results"][0]["location"]["coordinates"]["latitude"]} &gt;= -90 and ${json_data["results"][0]["location"]["coordinates"]["latitude"]} &lt;= 90</arg>
<arg>Should Be True</arg>
<arg>${True}</arg>
<doc>Runs the given keyword with the given arguments, if ``condition`` is true.</doc>
<status status="PASS" start="2024-04-06T00:58:00.695237" elapsed="0.001060"/>
</kw>
<kw name="Run Keyword If" owner="BuiltIn">
<kw name="Should Be True" owner="BuiltIn">
<arg>${True}</arg>
<doc>Fails if the given condition is not true.</doc>
<status status="PASS" start="2024-04-06T00:58:00.697263" elapsed="0.000145"/>
</kw>
<arg>${json_data["results"][0]["location"]["coordinates"]["longitude"]} &gt;= -180 and ${json_data["results"][0]["location"]["coordinates"]["longitude"]} &lt;= 180</arg>
<arg>Should Be True</arg>
<arg>${True}</arg>
<doc>Runs the given keyword with the given arguments, if ``condition`` is true.</doc>
<status status="PASS" start="2024-04-06T00:58:00.696493" elapsed="0.001045"/>
</kw>
<status status="PASS" start="2024-04-06T00:58:00.593629" elapsed="0.104042"/>
</kw>
<doc>Testa o conteúdo específico dos campos retornados pela API.</doc>
<tag>testeConteudo</tag>
<status status="PASS" start="2024-04-06T00:58:00.592924" elapsed="0.104900"/>
</test>
<status status="PASS" start="2024-04-06T00:57:59.914627" elapsed="0.785154"/>
</suite>
<status status="PASS" start="2024-04-06T00:57:59.900099" elapsed="0.805004"/>
</suite>
<statistics>
<total>
<stat pass="5" fail="0" skip="0">All Tests</stat>
</total>
<tag>
<stat pass="1" fail="0" skip="0">testeConteudo</stat>
<stat pass="1" fail="0" skip="0">testeEstruturaResposta</stat>
<stat pass="1" fail="0" skip="0">testeRequisicaoBasica</stat>
<stat pass="1" fail="0" skip="0">testeTiposDados</stat>
</tag>
<suite>
<stat pass="5" fail="0" skip="0" id="s1" name="Tests">Tests</stat>
<stat pass="5" fail="0" skip="0" id="s1-s1" name="Random-User-Test">Tests.Random-User-Test</stat>
</suite>
</statistics>
<errors>
</errors>
</robot>
