<?xml version="1.0" encoding="UTF-8"?>
<robot generator="Robot 7.0.1 (Python 3.12.4 on linux)" generated="2024-07-28T11:11:37.616824" rpa="false" schemaversion="5">
<suite id="s1" name="Tests" source="/home/runner/work/ApiRandomUser/ApiRandomUser/RamdonUser/tests">
<suite id="s1-s1" name="Random-User-Test" source="/home/runner/work/ApiRandomUser/ApiRandomUser/RamdonUser/tests/random-user-test.robot">
<test id="s1-s1-t1" name="Conectar" line="13">
<kw name="Conectar API" owner="random-user-service">
<kw name="Create Session" owner="RequestsLibrary">
<msg time="2024-07-28T11:11:38.027893" level="INFO">Creating Session using : alias=consultarAPI, url=https://randomuser.me/, headers={},                     cookies={}, auth=None, timeout=None, proxies=None, verify=False,                     debug=0 </msg>
<arg>consultarAPI</arg>
<arg>${URL}</arg>
<doc>Create Session: create a HTTP session to a server</doc>
<status status="PASS" start="2024-07-28T11:11:38.027658" elapsed="0.000433"/>
</kw>
<status status="PASS" start="2024-07-28T11:11:38.026547" elapsed="0.001926"/>
</kw>
<status status="PASS" start="2024-07-28T11:11:38.025966" elapsed="0.002720"/>
</test>
<test id="s1-s1-t2" name="Validar retorno 200 e JSON Válido" line="16">
<kw name="Teste de Requisicao Basica" owner="random-user-service">
<kw name="GET On Session" owner="RequestsLibrary">
<msg time="2024-07-28T11:11:38.300485" level="INFO">GET Request : url=https://randomuser.me/api 
 path_url=/api 
 headers={'User-Agent': 'python-requests/2.32.3', 'Accept-Encoding': 'gzip, deflate', 'Accept': '*/*', 'Connection': 'keep-alive'} 
 body=None 
 </msg>
<msg time="2024-07-28T11:11:38.300640" level="INFO">GET Response : url=https://randomuser.me/api 
 status=200, reason=OK 
 headers={'Date': 'Sun, 28 Jul 2024 11:11:38 GMT', 'Content-Type': 'application/json; charset=utf-8', 'Transfer-Encoding': 'chunked', 'Connection': 'keep-alive', 'X-Powered-By': 'Express', 'Access-Control-Allow-Origin': '*', 'Cache-Control': 'no-cache', 'ETag': 'W/"481-cZyAvLt/zYTyoTb/GT4//ansKzQ"', 'Vary': 'Accept-Encoding', 'Content-Encoding': 'gzip', 'CF-Cache-Status': 'DYNAMIC', 'Report-To': '{"endpoints":[{"url":"https:\\/\\/a.nel.cloudflare.com\\/report\\/v4?s=x2C9q6YXVfStBamH%2BZfkR9OMq23EfDgko95G5bZu3O12NjnneKE3HG9eZLdqiWoFfqxdi1dqAfpBzYNsCQzIiHBe5h17XY10iFQ8DK7kFEF98icaLETqiqjouIXPzFrw"}],"group":"cf-nel","max_age":604800}', 'NEL': '{"success_fraction":0,"report_to":"cf-nel","max_age":604800}', 'Server': 'cloudflare', 'CF-RAY': '8aa46df7ff379c2e-IAD', 'alt-svc': 'h3=":443"; ma=86400'} 
 body={"results":[{"gender":"male","name":{"title":"Mr","first":"Miro","last":"Aalto"},"location":{"street":{"number":899,"name":"Hermiankatu"},"city":"Kuhmo","state":"Central Ostrobothnia","country":"Finland","postcode":85501,"coordinates":{"latitude":"-26.6860","longitude":"-60.2049"},"timezone":{"offset":"-11:00","description":"Midway Island, Samoa"}},"email":"miro.aalto@example.com","login":{"uuid":"9001351d-439a-43d6-a13f-6390dd3a82db","username":"brownwolf473","password":"abacab","salt":"roJPm1xj","md5":"7a28298bcf6a67f192501212582467c7","sha1":"aba787e521a4ad157a10cdcbae2083cb4342e405","sha256":"ab2e73f80bb32bf7f1241e83f2086a443e9c49f5393bd6020ffb5ebb4a586f3f"},"dob":{"date":"1957-04-15T21:25:16.003Z","age":67},"registered":{"date":"2013-10-30T13:28:34.980Z","age":10},"phone":"08-826-518","cell":"047-073-20-43","id":{"name":"HETU","value":"NaNNA263undefined"},"picture":{"large":"https://randomuser.me/api/portraits/men/0.jpg","medium":"https://randomuser.me/api/portraits/med/men/0.jpg","thumbnail":"https://randomuser.me/api/portraits/thumb/men/0.jpg"},"nat":"FI"}],"info":{"seed":"0f778f5e1f51f1ea","results":1,"page":1,"version":"1.4"}} 
 </msg>
<msg time="2024-07-28T11:11:38.300723" level="INFO">/opt/hostedtoolcache/Python/3.12.4/x64/lib/python3.12/site-packages/urllib3/connectionpool.py:1099: InsecureRequestWarning: Unverified HTTPS request is being made to host 'randomuser.me'. Adding certificate verification is strongly advised. See: https://urllib3.readthedocs.io/en/latest/advanced-usage.html#tls-warnings
  warnings.warn(</msg>
<msg time="2024-07-28T11:11:38.300866" level="INFO">${response} = &lt;Response [200]&gt;</msg>
<var>${response}</var>
<arg>consultarAPI</arg>
<arg>/api</arg>
<doc>Sends a GET request on a previously created HTTP Session.</doc>
<status status="PASS" start="2024-07-28T11:11:38.031419" elapsed="0.269489"/>
</kw>
<kw name="Should Be Equal As Numbers" owner="BuiltIn">
<msg time="2024-07-28T11:11:38.301923" level="INFO">Argument types are:
&lt;class 'int'&gt;
&lt;class 'str'&gt;</msg>
<arg>${response.status_code}</arg>
<arg>200</arg>
<doc>Fails if objects are unequal after converting them to real numbers.</doc>
<status status="PASS" start="2024-07-28T11:11:38.301442" elapsed="0.000551"/>
</kw>
<kw name="Log" owner="BuiltIn">
<msg time="2024-07-28T11:11:38.302713" level="INFO">200</msg>
<arg>${response.status_code}</arg>
<doc>Logs the given message with the given level.</doc>
<status status="PASS" start="2024-07-28T11:11:38.302345" elapsed="0.000412"/>
</kw>
<kw name="Set Variable" owner="BuiltIn">
<msg time="2024-07-28T11:11:38.303529" level="INFO">${json_data} = {'results': [{'gender': 'male', 'name': {'title': 'Mr', 'first': 'Miro', 'last': 'Aalto'}, 'location': {'street': {'number': 899, 'name': 'Hermiankatu'}, 'city': 'Kuhmo', 'state': 'Central Ostrobothni...</msg>
<var>${json_data}</var>
<arg>${response.json()}</arg>
<doc>Returns the given values which can then be assigned to a variables.</doc>
<status status="PASS" start="2024-07-28T11:11:38.303082" elapsed="0.000477"/>
</kw>
<kw name="Dictionary Should Contain Key" owner="Collections">
<arg>${json_data}</arg>
<arg>results</arg>
<doc>Fails if ``key`` is not found from ``dictionary``.</doc>
<status status="PASS" start="2024-07-28T11:11:38.303914" elapsed="0.000339"/>
</kw>
<status status="PASS" start="2024-07-28T11:11:38.031160" elapsed="0.273253"/>
</kw>
<doc>Testa se a API responde corretamente e retorna um objeto JSON válido.</doc>
<tag>testeRequisicaoBasica</tag>
<status status="PASS" start="2024-07-28T11:11:38.030674" elapsed="0.273920"/>
</test>
<test id="s1-s1-t3" name="Validar estrutura de resposta" line="22">
<kw name="Teste de Estrutura de Resposta" owner="random-user-service">
<kw name="GET On Session" owner="RequestsLibrary">
<msg time="2024-07-28T11:11:38.380208" level="INFO">GET Request : url=https://randomuser.me/api 
 path_url=/api 
 headers={'User-Agent': 'python-requests/2.32.3', 'Accept-Encoding': 'gzip, deflate', 'Accept': '*/*', 'Connection': 'keep-alive'} 
 body=None 
 </msg>
<msg time="2024-07-28T11:11:38.380280" level="INFO">GET Response : url=https://randomuser.me/api 
 status=200, reason=OK 
 headers={'Date': 'Sun, 28 Jul 2024 11:11:38 GMT', 'Content-Type': 'application/json; charset=utf-8', 'Transfer-Encoding': 'chunked', 'Connection': 'keep-alive', 'X-Powered-By': 'Express', 'Access-Control-Allow-Origin': '*', 'Cache-Control': 'no-cache', 'ETag': 'W/"476-G3y6lZzbYF1DsD1P4eFc/j7IhD0"', 'Vary': 'Accept-Encoding', 'Content-Encoding': 'gzip', 'CF-Cache-Status': 'DYNAMIC', 'Report-To': '{"endpoints":[{"url":"https:\\/\\/a.nel.cloudflare.com\\/report\\/v4?s=Gz3umIUsOwxpRulZG87uqeb57B6uO2besMhvgW0vD62%2FMvBy8Qt49AetzMKa5THKITW7gsH5%2BERmjSkwzRTqAmE0L3rcSbwTcNr%2BNPnbYglFb9GUYfmh9LCPDPxOXgZz"}],"group":"cf-nel","max_age":604800}', 'NEL': '{"success_fraction":0,"report_to":"cf-nel","max_age":604800}', 'Server': 'cloudflare', 'CF-RAY': '8aa46df87fa49c2e-IAD', 'alt-svc': 'h3=":443"; ma=86400'} 
 body={"results":[{"gender":"male","name":{"title":"Mr","first":"Corey","last":"Flores"},"location":{"street":{"number":667,"name":"The Crescent"},"city":"Ballina","state":"South Dublin","country":"Ireland","postcode":45084,"coordinates":{"latitude":"-0.3639","longitude":"-101.1484"},"timezone":{"offset":"-3:30","description":"Newfoundland"}},"email":"corey.flores@example.com","login":{"uuid":"3441d1d6-be96-4ccb-9b21-4a3c82b3f8da","username":"blackbutterfly335","password":"planes","salt":"S4JxXWTL","md5":"e545c9ceb8a58c0e8b407f2f474f975c","sha1":"7246af720dcb6d7789fd567b80f4e643efc0bf6a","sha256":"db085934c5cc8370f2736109e2a8e2b8eb6a60bf0a97186310af35d0ca586942"},"dob":{"date":"1982-04-29T17:50:05.841Z","age":42},"registered":{"date":"2007-03-14T22:06:19.382Z","age":17},"phone":"041-172-9586","cell":"081-617-8399","id":{"name":"PPS","value":"3684808T"},"picture":{"large":"https://randomuser.me/api/portraits/men/75.jpg","medium":"https://randomuser.me/api/portraits/med/men/75.jpg","thumbnail":"https://randomuser.me/api/portraits/thumb/men/75.jpg"},"nat":"IE"}],"info":{"seed":"222d745c7a673da9","results":1,"page":1,"version":"1.4"}} 
 </msg>
<msg time="2024-07-28T11:11:38.380385" level="INFO">/opt/hostedtoolcache/Python/3.12.4/x64/lib/python3.12/site-packages/urllib3/connectionpool.py:1099: InsecureRequestWarning: Unverified HTTPS request is being made to host 'randomuser.me'. Adding certificate verification is strongly advised. See: https://urllib3.readthedocs.io/en/latest/advanced-usage.html#tls-warnings
  warnings.warn(</msg>
<msg time="2024-07-28T11:11:38.380483" level="INFO">${response} = &lt;Response [200]&gt;</msg>
<var>${response}</var>
<arg>consultarAPI</arg>
<arg>/api</arg>
<doc>Sends a GET request on a previously created HTTP Session.</doc>
<status status="PASS" start="2024-07-28T11:11:38.307633" elapsed="0.072886"/>
</kw>
<kw name="Set Variable" owner="BuiltIn">
<msg time="2024-07-28T11:11:38.381382" level="INFO">${json_data} = {'results': [{'gender': 'male', 'name': {'title': 'Mr', 'first': 'Corey', 'last': 'Flores'}, 'location': {'street': {'number': 667, 'name': 'The Crescent'}, 'city': 'Ballina', 'state': 'South Dublin',...</msg>
<var>${json_data}</var>
<arg>${response.json()}</arg>
<doc>Returns the given values which can then be assigned to a variables.</doc>
<status status="PASS" start="2024-07-28T11:11:38.380918" elapsed="0.000492"/>
</kw>
<kw name="Log" owner="BuiltIn">
<msg time="2024-07-28T11:11:38.381883" level="INFO">{'results': [{'gender': 'male', 'name': {'title': 'Mr', 'first': 'Corey', 'last': 'Flores'}, 'location': {'street': {'number': 667, 'name': 'The Crescent'}, 'city': 'Ballina', 'state': 'South Dublin', 'country': 'Ireland', 'postcode': 45084, 'coordinates': {'latitude': '-0.3639', 'longitude': '-101.1484'}, 'timezone': {'offset': '-3:30', 'description': 'Newfoundland'}}, 'email': 'corey.flores@example.com', 'login': {'uuid': '3441d1d6-be96-4ccb-9b21-4a3c82b3f8da', 'username': 'blackbutterfly335', 'password': 'planes', 'salt': 'S4JxXWTL', 'md5': 'e545c9ceb8a58c0e8b407f2f474f975c', 'sha1': '7246af720dcb6d7789fd567b80f4e643efc0bf6a', 'sha256': 'db085934c5cc8370f2736109e2a8e2b8eb6a60bf0a97186310af35d0ca586942'}, 'dob': {'date': '1982-04-29T17:50:05.841Z', 'age': 42}, 'registered': {'date': '2007-03-14T22:06:19.382Z', 'age': 17}, 'phone': '041-172-9586', 'cell': '081-617-8399', 'id': {'name': 'PPS', 'value': '3684808T'}, 'picture': {'large': 'https://randomuser.me/api/portraits/men/75.jpg', 'medium': 'https://randomuser.me/api/portraits/med/men/75.jpg', 'thumbnail': 'https://randomuser.me/api/portraits/thumb/men/75.jpg'}, 'nat': 'IE'}], 'info': {'seed': '222d745c7a673da9', 'results': 1, 'page': 1, 'version': '1.4'}}</msg>
<arg>${json_data}</arg>
<doc>Logs the given message with the given level.</doc>
<status status="PASS" start="2024-07-28T11:11:38.381719" elapsed="0.000213"/>
</kw>
<kw name="Dictionary Should Contain Key" owner="Collections">
<arg>${json_data}</arg>
<arg>results</arg>
<doc>Fails if ``key`` is not found from ``dictionary``.</doc>
<status status="PASS" start="2024-07-28T11:11:38.382228" elapsed="0.000163"/>
</kw>
<kw name="Should Not Be Empty" owner="BuiltIn">
<msg time="2024-07-28T11:11:38.382711" level="INFO">Length is 2.</msg>
<arg>${json_data}</arg>
<doc>Verifies that the given item is not empty.</doc>
<status status="PASS" start="2024-07-28T11:11:38.382579" elapsed="0.000172"/>
</kw>
<kw name="Create List" owner="BuiltIn">
<msg time="2024-07-28T11:11:38.383203" level="INFO">${expected_keys} = ['gender', 'name', 'location', 'email', 'login']</msg>
<var>${expected_keys}</var>
<arg>gender</arg>
<arg>name</arg>
<arg>location</arg>
<arg>email</arg>
<arg>login</arg>
<doc>Returns a list containing given items.</doc>
<status status="PASS" start="2024-07-28T11:11:38.383045" elapsed="0.000183"/>
</kw>
<for flavor="IN">
<iter>
<kw name="Dictionary Should Contain Key" owner="Collections">
<arg>${json_data['results'][0]}</arg>
<arg>${key}</arg>
<doc>Fails if ``key`` is not found from ``dictionary``.</doc>
<status status="PASS" start="2024-07-28T11:11:38.383889" elapsed="0.000420"/>
</kw>
<kw name="Log" owner="BuiltIn">
<msg time="2024-07-28T11:11:38.384856" level="INFO">{'gender': 'male', 'name': {'title': 'Mr', 'first': 'Corey', 'last': 'Flores'}, 'location': {'street': {'number': 667, 'name': 'The Crescent'}, 'city': 'Ballina', 'state': 'South Dublin', 'country': 'Ireland', 'postcode': 45084, 'coordinates': {'latitude': '-0.3639', 'longitude': '-101.1484'}, 'timezone': {'offset': '-3:30', 'description': 'Newfoundland'}}, 'email': 'corey.flores@example.com', 'login': {'uuid': '3441d1d6-be96-4ccb-9b21-4a3c82b3f8da', 'username': 'blackbutterfly335', 'password': 'planes', 'salt': 'S4JxXWTL', 'md5': 'e545c9ceb8a58c0e8b407f2f474f975c', 'sha1': '7246af720dcb6d7789fd567b80f4e643efc0bf6a', 'sha256': 'db085934c5cc8370f2736109e2a8e2b8eb6a60bf0a97186310af35d0ca586942'}, 'dob': {'date': '1982-04-29T17:50:05.841Z', 'age': 42}, 'registered': {'date': '2007-03-14T22:06:19.382Z', 'age': 17}, 'phone': '041-172-9586', 'cell': '081-617-8399', 'id': {'name': 'PPS', 'value': '3684808T'}, 'picture': {'large': 'https://randomuser.me/api/portraits/men/75.jpg', 'medium': 'https://randomuser.me/api/portraits/med/men/75.jpg', 'thumbnail': 'https://randomuser.me/api/portraits/thumb/men/75.jpg'}, 'nat': 'IE'}</msg>
<arg>${json_data['results'][0]}</arg>
<doc>Logs the given message with the given level.</doc>
<status status="PASS" start="2024-07-28T11:11:38.384498" elapsed="0.000406"/>
</kw>
<kw name="Log" owner="BuiltIn">
<msg time="2024-07-28T11:11:38.385339" level="INFO">gender</msg>
<arg>${key}</arg>
<doc>Logs the given message with the given level.</doc>
<status status="PASS" start="2024-07-28T11:11:38.385209" elapsed="0.000169"/>
</kw>
<var name="${key}">gender</var>
<status status="PASS" start="2024-07-28T11:11:38.383703" elapsed="0.001901"/>
</iter>
<iter>
<kw name="Dictionary Should Contain Key" owner="Collections">
<arg>${json_data['results'][0]}</arg>
<arg>${key}</arg>
<doc>Fails if ``key`` is not found from ``dictionary``.</doc>
<status status="PASS" start="2024-07-28T11:11:38.385908" elapsed="0.000391"/>
</kw>
<kw name="Log" owner="BuiltIn">
<msg time="2024-07-28T11:11:38.386846" level="INFO">{'gender': 'male', 'name': {'title': 'Mr', 'first': 'Corey', 'last': 'Flores'}, 'location': {'street': {'number': 667, 'name': 'The Crescent'}, 'city': 'Ballina', 'state': 'South Dublin', 'country': 'Ireland', 'postcode': 45084, 'coordinates': {'latitude': '-0.3639', 'longitude': '-101.1484'}, 'timezone': {'offset': '-3:30', 'description': 'Newfoundland'}}, 'email': 'corey.flores@example.com', 'login': {'uuid': '3441d1d6-be96-4ccb-9b21-4a3c82b3f8da', 'username': 'blackbutterfly335', 'password': 'planes', 'salt': 'S4JxXWTL', 'md5': 'e545c9ceb8a58c0e8b407f2f474f975c', 'sha1': '7246af720dcb6d7789fd567b80f4e643efc0bf6a', 'sha256': 'db085934c5cc8370f2736109e2a8e2b8eb6a60bf0a97186310af35d0ca586942'}, 'dob': {'date': '1982-04-29T17:50:05.841Z', 'age': 42}, 'registered': {'date': '2007-03-14T22:06:19.382Z', 'age': 17}, 'phone': '041-172-9586', 'cell': '081-617-8399', 'id': {'name': 'PPS', 'value': '3684808T'}, 'picture': {'large': 'https://randomuser.me/api/portraits/men/75.jpg', 'medium': 'https://randomuser.me/api/portraits/med/men/75.jpg', 'thumbnail': 'https://randomuser.me/api/portraits/thumb/men/75.jpg'}, 'nat': 'IE'}</msg>
<arg>${json_data['results'][0]}</arg>
<doc>Logs the given message with the given level.</doc>
<status status="PASS" start="2024-07-28T11:11:38.386485" elapsed="0.000444"/>
</kw>
<kw name="Log" owner="BuiltIn">
<msg time="2024-07-28T11:11:38.387368" level="INFO">name</msg>
<arg>${key}</arg>
<doc>Logs the given message with the given level.</doc>
<status status="PASS" start="2024-07-28T11:11:38.387239" elapsed="0.000168"/>
</kw>
<var name="${key}">name</var>
<status status="PASS" start="2024-07-28T11:11:38.385796" elapsed="0.001833"/>
</iter>
<iter>
<kw name="Dictionary Should Contain Key" owner="Collections">
<arg>${json_data['results'][0]}</arg>
<arg>${key}</arg>
<doc>Fails if ``key`` is not found from ``dictionary``.</doc>
<status status="PASS" start="2024-07-28T11:11:38.387949" elapsed="0.000387"/>
</kw>
<kw name="Log" owner="BuiltIn">
<msg time="2024-07-28T11:11:38.388877" level="INFO">{'gender': 'male', 'name': {'title': 'Mr', 'first': 'Corey', 'last': 'Flores'}, 'location': {'street': {'number': 667, 'name': 'The Crescent'}, 'city': 'Ballina', 'state': 'South Dublin', 'country': 'Ireland', 'postcode': 45084, 'coordinates': {'latitude': '-0.3639', 'longitude': '-101.1484'}, 'timezone': {'offset': '-3:30', 'description': 'Newfoundland'}}, 'email': 'corey.flores@example.com', 'login': {'uuid': '3441d1d6-be96-4ccb-9b21-4a3c82b3f8da', 'username': 'blackbutterfly335', 'password': 'planes', 'salt': 'S4JxXWTL', 'md5': 'e545c9ceb8a58c0e8b407f2f474f975c', 'sha1': '7246af720dcb6d7789fd567b80f4e643efc0bf6a', 'sha256': 'db085934c5cc8370f2736109e2a8e2b8eb6a60bf0a97186310af35d0ca586942'}, 'dob': {'date': '1982-04-29T17:50:05.841Z', 'age': 42}, 'registered': {'date': '2007-03-14T22:06:19.382Z', 'age': 17}, 'phone': '041-172-9586', 'cell': '081-617-8399', 'id': {'name': 'PPS', 'value': '3684808T'}, 'picture': {'large': 'https://randomuser.me/api/portraits/men/75.jpg', 'medium': 'https://randomuser.me/api/portraits/med/men/75.jpg', 'thumbnail': 'https://randomuser.me/api/portraits/thumb/men/75.jpg'}, 'nat': 'IE'}</msg>
<arg>${json_data['results'][0]}</arg>
<doc>Logs the given message with the given level.</doc>
<status status="PASS" start="2024-07-28T11:11:38.388525" elapsed="0.000400"/>
</kw>
<kw name="Log" owner="BuiltIn">
<msg time="2024-07-28T11:11:38.389352" level="INFO">location</msg>
<arg>${key}</arg>
<doc>Logs the given message with the given level.</doc>
<status status="PASS" start="2024-07-28T11:11:38.389223" elapsed="0.000166"/>
</kw>
<var name="${key}">location</var>
<status status="PASS" start="2024-07-28T11:11:38.387831" elapsed="0.001782"/>
</iter>
<iter>
<kw name="Dictionary Should Contain Key" owner="Collections">
<arg>${json_data['results'][0]}</arg>
<arg>${key}</arg>
<doc>Fails if ``key`` is not found from ``dictionary``.</doc>
<status status="PASS" start="2024-07-28T11:11:38.389899" elapsed="0.000392"/>
</kw>
<kw name="Log" owner="BuiltIn">
<msg time="2024-07-28T11:11:38.390952" level="INFO">{'gender': 'male', 'name': {'title': 'Mr', 'first': 'Corey', 'last': 'Flores'}, 'location': {'street': {'number': 667, 'name': 'The Crescent'}, 'city': 'Ballina', 'state': 'South Dublin', 'country': 'Ireland', 'postcode': 45084, 'coordinates': {'latitude': '-0.3639', 'longitude': '-101.1484'}, 'timezone': {'offset': '-3:30', 'description': 'Newfoundland'}}, 'email': 'corey.flores@example.com', 'login': {'uuid': '3441d1d6-be96-4ccb-9b21-4a3c82b3f8da', 'username': 'blackbutterfly335', 'password': 'planes', 'salt': 'S4JxXWTL', 'md5': 'e545c9ceb8a58c0e8b407f2f474f975c', 'sha1': '7246af720dcb6d7789fd567b80f4e643efc0bf6a', 'sha256': 'db085934c5cc8370f2736109e2a8e2b8eb6a60bf0a97186310af35d0ca586942'}, 'dob': {'date': '1982-04-29T17:50:05.841Z', 'age': 42}, 'registered': {'date': '2007-03-14T22:06:19.382Z', 'age': 17}, 'phone': '041-172-9586', 'cell': '081-617-8399', 'id': {'name': 'PPS', 'value': '3684808T'}, 'picture': {'large': 'https://randomuser.me/api/portraits/men/75.jpg', 'medium': 'https://randomuser.me/api/portraits/med/men/75.jpg', 'thumbnail': 'https://randomuser.me/api/portraits/thumb/men/75.jpg'}, 'nat': 'IE'}</msg>
<arg>${json_data['results'][0]}</arg>
<doc>Logs the given message with the given level.</doc>
<status status="PASS" start="2024-07-28T11:11:38.390595" elapsed="0.000415"/>
</kw>
<kw name="Log" owner="BuiltIn">
<msg time="2024-07-28T11:11:38.391438" level="INFO">email</msg>
<arg>${key}</arg>
<doc>Logs the given message with the given level.</doc>
<status status="PASS" start="2024-07-28T11:11:38.391309" elapsed="0.000168"/>
</kw>
<var name="${key}">email</var>
<status status="PASS" start="2024-07-28T11:11:38.389792" elapsed="0.001906"/>
</iter>
<iter>
<kw name="Dictionary Should Contain Key" owner="Collections">
<arg>${json_data['results'][0]}</arg>
<arg>${key}</arg>
<doc>Fails if ``key`` is not found from ``dictionary``.</doc>
<status status="PASS" start="2024-07-28T11:11:38.392038" elapsed="0.000385"/>
</kw>
<kw name="Log" owner="BuiltIn">
<msg time="2024-07-28T11:11:38.392990" level="INFO">{'gender': 'male', 'name': {'title': 'Mr', 'first': 'Corey', 'last': 'Flores'}, 'location': {'street': {'number': 667, 'name': 'The Crescent'}, 'city': 'Ballina', 'state': 'South Dublin', 'country': 'Ireland', 'postcode': 45084, 'coordinates': {'latitude': '-0.3639', 'longitude': '-101.1484'}, 'timezone': {'offset': '-3:30', 'description': 'Newfoundland'}}, 'email': 'corey.flores@example.com', 'login': {'uuid': '3441d1d6-be96-4ccb-9b21-4a3c82b3f8da', 'username': 'blackbutterfly335', 'password': 'planes', 'salt': 'S4JxXWTL', 'md5': 'e545c9ceb8a58c0e8b407f2f474f975c', 'sha1': '7246af720dcb6d7789fd567b80f4e643efc0bf6a', 'sha256': 'db085934c5cc8370f2736109e2a8e2b8eb6a60bf0a97186310af35d0ca586942'}, 'dob': {'date': '1982-04-29T17:50:05.841Z', 'age': 42}, 'registered': {'date': '2007-03-14T22:06:19.382Z', 'age': 17}, 'phone': '041-172-9586', 'cell': '081-617-8399', 'id': {'name': 'PPS', 'value': '3684808T'}, 'picture': {'large': 'https://randomuser.me/api/portraits/men/75.jpg', 'medium': 'https://randomuser.me/api/portraits/med/men/75.jpg', 'thumbnail': 'https://randomuser.me/api/portraits/thumb/men/75.jpg'}, 'nat': 'IE'}</msg>
<arg>${json_data['results'][0]}</arg>
<doc>Logs the given message with the given level.</doc>
<status status="PASS" start="2024-07-28T11:11:38.392630" elapsed="0.000408"/>
</kw>
<kw name="Log" owner="BuiltIn">
<msg time="2024-07-28T11:11:38.393493" level="INFO">login</msg>
<arg>${key}</arg>
<doc>Logs the given message with the given level.</doc>
<status status="PASS" start="2024-07-28T11:11:38.393347" elapsed="0.000202"/>
</kw>
<var name="${key}">login</var>
<status status="PASS" start="2024-07-28T11:11:38.391919" elapsed="0.001854"/>
</iter>
<var>${key}</var>
<value>@{expected_keys}</value>
<status status="PASS" start="2024-07-28T11:11:38.383506" elapsed="0.010393"/>
</for>
<kw name="Create List" owner="BuiltIn">
<msg time="2024-07-28T11:11:38.394228" level="INFO">${expected_keysTwo} = ['username', 'password']</msg>
<var>${expected_keysTwo}</var>
<arg>username</arg>
<arg>password</arg>
<doc>Returns a list containing given items.</doc>
<status status="PASS" start="2024-07-28T11:11:38.394091" elapsed="0.000161"/>
</kw>
<for flavor="IN">
<iter>
<kw name="Dictionary Should Contain Key" owner="Collections">
<arg>${json_data['results'][0]['login']}</arg>
<arg>${keyTwo}</arg>
<doc>Fails if ``key`` is not found from ``dictionary``.</doc>
<status status="PASS" start="2024-07-28T11:11:38.394786" elapsed="0.000389"/>
</kw>
<kw name="Dictionary Should Contain Key" owner="Collections">
<arg>${json_data['results'][0]['login']}</arg>
<arg>${keyTwo}</arg>
<doc>Fails if ``key`` is not found from ``dictionary``.</doc>
<status status="PASS" start="2024-07-28T11:11:38.395361" elapsed="0.000390"/>
</kw>
<kw name="Log" owner="BuiltIn">
<msg time="2024-07-28T11:11:38.396098" level="INFO">username</msg>
<arg>${keyTwo}</arg>
<doc>Logs the given message with the given level.</doc>
<status status="PASS" start="2024-07-28T11:11:38.395977" elapsed="0.000158"/>
</kw>
<var name="${keyTwo}">username</var>
<status status="PASS" start="2024-07-28T11:11:38.394679" elapsed="0.001684"/>
</iter>
<iter>
<kw name="Dictionary Should Contain Key" owner="Collections">
<arg>${json_data['results'][0]['login']}</arg>
<arg>${keyTwo}</arg>
<doc>Fails if ``key`` is not found from ``dictionary``.</doc>
<status status="PASS" start="2024-07-28T11:11:38.396650" elapsed="0.000386"/>
</kw>
<kw name="Dictionary Should Contain Key" owner="Collections">
<arg>${json_data['results'][0]['login']}</arg>
<arg>${keyTwo}</arg>
<doc>Fails if ``key`` is not found from ``dictionary``.</doc>
<status status="PASS" start="2024-07-28T11:11:38.397218" elapsed="0.000368"/>
</kw>
<kw name="Log" owner="BuiltIn">
<msg time="2024-07-28T11:11:38.397891" level="INFO">password</msg>
<arg>${keyTwo}</arg>
<doc>Logs the given message with the given level.</doc>
<status status="PASS" start="2024-07-28T11:11:38.397763" elapsed="0.000166"/>
</kw>
<var name="${keyTwo}">password</var>
<status status="PASS" start="2024-07-28T11:11:38.396539" elapsed="0.001616"/>
</iter>
<var>${keyTwo}</var>
<value>@{expected_keysTwo}</value>
<status status="PASS" start="2024-07-28T11:11:38.394521" elapsed="0.003767"/>
</for>
<status status="PASS" start="2024-07-28T11:11:38.307288" elapsed="0.091143"/>
</kw>
<doc>Testa a estrutura da resposta da API.</doc>
<tag>testeEstruturaResposta</tag>
<status status="PASS" start="2024-07-28T11:11:38.306477" elapsed="0.092120"/>
</test>
<test id="s1-s1-t4" name="Validar tipos de dados" line="28">
<kw name="Teste de Tipos de Dados" owner="random-user-service">
<kw name="GET On Session" owner="RequestsLibrary">
<msg time="2024-07-28T11:11:38.504086" level="INFO">GET Request : url=https://randomuser.me/api 
 path_url=/api 
 headers={'User-Agent': 'python-requests/2.32.3', 'Accept-Encoding': 'gzip, deflate', 'Accept': '*/*', 'Connection': 'keep-alive'} 
 body=None 
 </msg>
<msg time="2024-07-28T11:11:38.504179" level="INFO">GET Response : url=https://randomuser.me/api 
 status=200, reason=OK 
 headers={'Date': 'Sun, 28 Jul 2024 11:11:38 GMT', 'Content-Type': 'application/json; charset=utf-8', 'Transfer-Encoding': 'chunked', 'Connection': 'keep-alive', 'X-Powered-By': 'Express', 'Access-Control-Allow-Origin': '*', 'Cache-Control': 'no-cache', 'ETag': 'W/"498-+VTPSjclKyZP30DlCarwSykWqx0"', 'Vary': 'Accept-Encoding', 'Content-Encoding': 'gzip', 'CF-Cache-Status': 'DYNAMIC', 'Report-To': '{"endpoints":[{"url":"https:\\/\\/a.nel.cloudflare.com\\/report\\/v4?s=bkPP0KgEteE%2BlO0ldqnyzHp0nEgbNL2I9YGebrFV7M8XaXR7GUSTyCzSzfOY44gyiA3xIza7E76DnvNfLh95piL9GB8FS77qT7xX%2Fy6OJtTORLADSM8e3suCoIj0Nipc"}],"group":"cf-nel","max_age":604800}', 'NEL': '{"success_fraction":0,"report_to":"cf-nel","max_age":604800}', 'Server': 'cloudflare', 'CF-RAY': '8aa46df908209c2e-IAD', 'alt-svc': 'h3=":443"; ma=86400'} 
 body={"results":[{"gender":"male","name":{"title":"Mr","first":"Harri","last":"Schaper"},"location":{"street":{"number":5261,"name":"Goethestraße"},"city":"Nordvorpommern","state":"Bremen","country":"Germany","postcode":17142,"coordinates":{"latitude":"-47.5643","longitude":"-166.8051"},"timezone":{"offset":"+11:00","description":"Magadan, Solomon Islands, New Caledonia"}},"email":"harri.schaper@example.com","login":{"uuid":"6cf86a41-903b-4376-9ea6-6556100e6a53","username":"redgoose450","password":"tiao","salt":"KdmUmEzK","md5":"04c3e450a8fc30550b18f305183c4ced","sha1":"8863abe9a8f12838e0a3bd0d37e5fdc194446ca0","sha256":"4c7607268545940d26f8a4ecac13a986fc9315b5fe5bc8f2d586869870bf9bb9"},"dob":{"date":"1964-06-28T22:15:56.754Z","age":60},"registered":{"date":"2008-11-29T15:26:44.995Z","age":15},"phone":"0100-9463254","cell":"0178-3089776","id":{"name":"SVNR","value":"26 280664 S 326"},"picture":{"large":"https://randomuser.me/api/portraits/men/39.jpg","medium":"https://randomuser.me/api/portraits/med/men/39.jpg","thumbnail":"https://randomuser.me/api/portraits/thumb/men/39.jpg"},"nat":"DE"}],"info":{"seed":"9e90ec3248342529","results":1,"page":1,"version":"1.4"}} 
 </msg>
<msg time="2024-07-28T11:11:38.504256" level="INFO">/opt/hostedtoolcache/Python/3.12.4/x64/lib/python3.12/site-packages/urllib3/connectionpool.py:1099: InsecureRequestWarning: Unverified HTTPS request is being made to host 'randomuser.me'. Adding certificate verification is strongly advised. See: https://urllib3.readthedocs.io/en/latest/advanced-usage.html#tls-warnings
  warnings.warn(</msg>
<msg time="2024-07-28T11:11:38.504367" level="INFO">${response} = &lt;Response [200]&gt;</msg>
<var>${response}</var>
<arg>consultarAPI</arg>
<arg>/api</arg>
<doc>Sends a GET request on a previously created HTTP Session.</doc>
<status status="PASS" start="2024-07-28T11:11:38.401094" elapsed="0.103316"/>
</kw>
<kw name="Set Variable" owner="BuiltIn">
<msg time="2024-07-28T11:11:38.505369" level="INFO">${json_data} = {'results': [{'gender': 'male', 'name': {'title': 'Mr', 'first': 'Harri', 'last': 'Schaper'}, 'location': {'street': {'number': 5261, 'name': 'Goethestraße'}, 'city': 'Nordvorpommern', 'state': 'Breme...</msg>
<var>${json_data}</var>
<arg>${response.json()}</arg>
<doc>Returns the given values which can then be assigned to a variables.</doc>
<status status="PASS" start="2024-07-28T11:11:38.504862" elapsed="0.000544"/>
</kw>
<kw name="Log" owner="BuiltIn">
<msg time="2024-07-28T11:11:38.505886" level="INFO">{'results': [{'gender': 'male', 'name': {'title': 'Mr', 'first': 'Harri', 'last': 'Schaper'}, 'location': {'street': {'number': 5261, 'name': 'Goethestraße'}, 'city': 'Nordvorpommern', 'state': 'Bremen', 'country': 'Germany', 'postcode': 17142, 'coordinates': {'latitude': '-47.5643', 'longitude': '-166.8051'}, 'timezone': {'offset': '+11:00', 'description': 'Magadan, Solomon Islands, New Caledonia'}}, 'email': 'harri.schaper@example.com', 'login': {'uuid': '6cf86a41-903b-4376-9ea6-6556100e6a53', 'username': 'redgoose450', 'password': 'tiao', 'salt': 'KdmUmEzK', 'md5': '04c3e450a8fc30550b18f305183c4ced', 'sha1': '8863abe9a8f12838e0a3bd0d37e5fdc194446ca0', 'sha256': '4c7607268545940d26f8a4ecac13a986fc9315b5fe5bc8f2d586869870bf9bb9'}, 'dob': {'date': '1964-06-28T22:15:56.754Z', 'age': 60}, 'registered': {'date': '2008-11-29T15:26:44.995Z', 'age': 15}, 'phone': '0100-9463254', 'cell': '0178-3089776', 'id': {'name': 'SVNR', 'value': '26 280664 S 326'}, 'picture': {'large': 'https://randomuser.me/api/portraits/men/39.jpg', 'medium': 'https://randomuser.me/api/portraits/med/men/39.jpg', 'thumbnail': 'https://randomuser.me/api/portraits/thumb/men/39.jpg'}, 'nat': 'DE'}], 'info': {'seed': '9e90ec3248342529', 'results': 1, 'page': 1, 'version': '1.4'}}</msg>
<arg>${json_data}</arg>
<doc>Logs the given message with the given level.</doc>
<status status="PASS" start="2024-07-28T11:11:38.505724" elapsed="0.000212"/>
</kw>
<kw name="Should Be String" owner="String">
<arg>${json_data['results'][0]['gender']}</arg>
<doc>Fails if the given ``item`` is not a string.</doc>
<status status="PASS" start="2024-07-28T11:11:38.506233" elapsed="0.000373"/>
</kw>
<kw name="Should Match Regexp" owner="BuiltIn">
<arg>${json_data['results'][0]['email']}</arg>
<arg>^[a-zA-Z0-9._%+-]+@[a-zA-Z0-9.-]+\.[a-zA-Z]{2,}$</arg>
<doc>Fails if ``string`` does not match ``pattern`` as a regular expression.</doc>
<status status="PASS" start="2024-07-28T11:11:38.506798" elapsed="0.000512"/>
</kw>
<kw name="Should Match Regexp" owner="BuiltIn">
<arg>${json_data['results'][0]['dob']['date']}</arg>
<arg>\\d{4}-\\d{2}-\\d{2}T\\d{2}:\\d{2}:\\d{2}\\.\\d{3}Z</arg>
<doc>Fails if ``string`` does not match ``pattern`` as a regular expression.</doc>
<status status="PASS" start="2024-07-28T11:11:38.507546" elapsed="0.000675"/>
</kw>
<kw name="Should Match Regexp" owner="BuiltIn">
<arg>${json_data['results'][0]['registered']['date']}</arg>
<arg>\\d{4}-\\d{2}-\\d{2}T\\d{2}:\\d{2}:\\d{2}\\.\\d{3}Z</arg>
<doc>Fails if ``string`` does not match ``pattern`` as a regular expression.</doc>
<status status="PASS" start="2024-07-28T11:11:38.508415" elapsed="0.000393"/>
</kw>
<kw name="Should Match Regexp" owner="BuiltIn">
<arg>${json_data['results'][0]['picture']['large']}</arg>
<arg>^https?://.*\.(?:png|jpe?g|gif|bmp)$</arg>
<doc>Fails if ``string`` does not match ``pattern`` as a regular expression.</doc>
<status status="PASS" start="2024-07-28T11:11:38.508998" elapsed="0.000465"/>
</kw>
<kw name="Should Match Regexp" owner="BuiltIn">
<arg>${json_data['results'][0]['picture']['medium']}</arg>
<arg>^https?://.*\.(?:png|jpe?g|gif|bmp)$</arg>
<doc>Fails if ``string`` does not match ``pattern`` as a regular expression.</doc>
<status status="PASS" start="2024-07-28T11:11:38.509652" elapsed="0.000359"/>
</kw>
<kw name="Should Match Regexp" owner="BuiltIn">
<arg>${json_data['results'][0]['picture']['thumbnail']}</arg>
<arg>^https?://.*\.(?:png|jpe?g|gif|bmp)$</arg>
<doc>Fails if ``string`` does not match ``pattern`` as a regular expression.</doc>
<status status="PASS" start="2024-07-28T11:11:38.510196" elapsed="0.000363"/>
</kw>
<kw name="Log" owner="BuiltIn">
<msg time="2024-07-28T11:11:38.511068" level="INFO">{'large': 'https://randomuser.me/api/portraits/men/39.jpg', 'medium': 'https://randomuser.me/api/portraits/med/men/39.jpg', 'thumbnail': 'https://randomuser.me/api/portraits/thumb/men/39.jpg'}</msg>
<arg>${json_data['results'][0]['picture']}</arg>
<doc>Logs the given message with the given level.</doc>
<status status="PASS" start="2024-07-28T11:11:38.510742" elapsed="0.000369"/>
</kw>
<status status="PASS" start="2024-07-28T11:11:38.400871" elapsed="0.110501"/>
</kw>
<kw name="Teste de Tipos de Dados - Postcode" owner="random-user-service">
<kw name="GET On Session" owner="RequestsLibrary">
<msg time="2024-07-28T11:11:38.575122" level="INFO">GET Request : url=https://randomuser.me/api 
 path_url=/api 
 headers={'User-Agent': 'python-requests/2.32.3', 'Accept-Encoding': 'gzip, deflate', 'Accept': '*/*', 'Connection': 'keep-alive'} 
 body=None 
 </msg>
<msg time="2024-07-28T11:11:38.575201" level="INFO">GET Response : url=https://randomuser.me/api 
 status=200, reason=OK 
 headers={'Date': 'Sun, 28 Jul 2024 11:11:38 GMT', 'Content-Type': 'application/json; charset=utf-8', 'Transfer-Encoding': 'chunked', 'Connection': 'keep-alive', 'X-Powered-By': 'Express', 'Access-Control-Allow-Origin': '*', 'Cache-Control': 'no-cache', 'ETag': 'W/"499-5Yhy/s8cwzMVGxB5qvIyN7FRPDE"', 'Vary': 'Accept-Encoding', 'Content-Encoding': 'gzip', 'CF-Cache-Status': 'DYNAMIC', 'Report-To': '{"endpoints":[{"url":"https:\\/\\/a.nel.cloudflare.com\\/report\\/v4?s=popGyHs2t%2BMD%2Fzl4SvzgR9aPBzqGgizGYqqNWEojALx3YBtiBwyFv9%2F4RxMkFK%2F6oPEty7mPXwD3jqRnn8wo7RURPMaohVvpRDd%2BrinQXzdhrJ%2BNfe6IrFM9ZYWdIipg"}],"group":"cf-nel","max_age":604800}', 'NEL': '{"success_fraction":0,"report_to":"cf-nel","max_age":604800}', 'Server': 'cloudflare', 'CF-RAY': '8aa46df9b8ac9c2e-IAD', 'alt-svc': 'h3=":443"; ma=86400'} 
 body={"results":[{"gender":"female","name":{"title":"Ms","first":"Judith","last":"Garrett"},"location":{"street":{"number":4213,"name":"Westmoreland Street"},"city":"Monaghan","state":"Fingal","country":"Ireland","postcode":19403,"coordinates":{"latitude":"-2.4321","longitude":"27.4386"},"timezone":{"offset":"+1:00","description":"Brussels, Copenhagen, Madrid, Paris"}},"email":"judith.garrett@example.com","login":{"uuid":"74a76fa4-1086-444d-b94a-fbb0f17c3721","username":"purplezebra751","password":"confused","salt":"bGApr2BJ","md5":"29ab379f514ed21db49a9e4542cc0c7b","sha1":"4f121352abbbdf3e50c2289bf80c83e813b0f0bd","sha256":"8d9c916f54978018ef7436b62377ad6a0fc121bd9e41a00a5fed458cc553937c"},"dob":{"date":"1984-04-10T04:31:53.688Z","age":40},"registered":{"date":"2003-05-22T15:07:59.736Z","age":21},"phone":"011-471-4117","cell":"081-722-1394","id":{"name":"PPS","value":"9848022T"},"picture":{"large":"https://randomuser.me/api/portraits/women/91.jpg","medium":"https://randomuser.me/api/portraits/med/women/91.jpg","thumbnail":"https://randomuser.me/api/portraits/thumb/women/91.jpg"},"nat":"IE"}],"info":{"seed":"fbbb78fd507e157d","results":1,"page":1,"version":"1.4"}} 
 </msg>
<msg time="2024-07-28T11:11:38.575268" level="INFO">/opt/hostedtoolcache/Python/3.12.4/x64/lib/python3.12/site-packages/urllib3/connectionpool.py:1099: InsecureRequestWarning: Unverified HTTPS request is being made to host 'randomuser.me'. Adding certificate verification is strongly advised. See: https://urllib3.readthedocs.io/en/latest/advanced-usage.html#tls-warnings
  warnings.warn(</msg>
<msg time="2024-07-28T11:11:38.575373" level="INFO">${response} = &lt;Response [200]&gt;</msg>
<var>${response}</var>
<arg>consultarAPI</arg>
<arg>/api</arg>
<doc>Sends a GET request on a previously created HTTP Session.</doc>
<status status="PASS" start="2024-07-28T11:11:38.511853" elapsed="0.063558"/>
</kw>
<kw name="Set Variable" owner="BuiltIn">
<msg time="2024-07-28T11:11:38.576303" level="INFO">${json_data} = {'results': [{'gender': 'female', 'name': {'title': 'Ms', 'first': 'Judith', 'last': 'Garrett'}, 'location': {'street': {'number': 4213, 'name': 'Westmoreland Street'}, 'city': 'Monaghan', 'state': 'F...</msg>
<var>${json_data}</var>
<arg>${response.json()}</arg>
<doc>Returns the given values which can then be assigned to a variables.</doc>
<status status="PASS" start="2024-07-28T11:11:38.575847" elapsed="0.000484"/>
</kw>
<kw name="Log" owner="BuiltIn">
<msg time="2024-07-28T11:11:38.576796" level="INFO">{'results': [{'gender': 'female', 'name': {'title': 'Ms', 'first': 'Judith', 'last': 'Garrett'}, 'location': {'street': {'number': 4213, 'name': 'Westmoreland Street'}, 'city': 'Monaghan', 'state': 'Fingal', 'country': 'Ireland', 'postcode': 19403, 'coordinates': {'latitude': '-2.4321', 'longitude': '27.4386'}, 'timezone': {'offset': '+1:00', 'description': 'Brussels, Copenhagen, Madrid, Paris'}}, 'email': 'judith.garrett@example.com', 'login': {'uuid': '74a76fa4-1086-444d-b94a-fbb0f17c3721', 'username': 'purplezebra751', 'password': 'confused', 'salt': 'bGApr2BJ', 'md5': '29ab379f514ed21db49a9e4542cc0c7b', 'sha1': '4f121352abbbdf3e50c2289bf80c83e813b0f0bd', 'sha256': '8d9c916f54978018ef7436b62377ad6a0fc121bd9e41a00a5fed458cc553937c'}, 'dob': {'date': '1984-04-10T04:31:53.688Z', 'age': 40}, 'registered': {'date': '2003-05-22T15:07:59.736Z', 'age': 21}, 'phone': '011-471-4117', 'cell': '081-722-1394', 'id': {'name': 'PPS', 'value': '9848022T'}, 'picture': {'large': 'https://randomuser.me/api/portraits/women/91.jpg', 'medium': 'https://randomuser.me/api/portraits/med/women/91.jpg', 'thumbnail': 'https://randomuser.me/api/portraits/thumb/women/91.jpg'}, 'nat': 'IE'}], 'info': {'seed': 'fbbb78fd507e157d', 'results': 1, 'page': 1, 'version': '1.4'}}</msg>
<arg>${json_data}</arg>
<doc>Logs the given message with the given level.</doc>
<status status="PASS" start="2024-07-28T11:11:38.576643" elapsed="0.000199"/>
</kw>
<kw name="Should Be Equal As Numbers" owner="BuiltIn">
<arg>${json_data['results'][0]['location']['postcode']}</arg>
<arg>${json_data['results'][0]['location']['postcode']}</arg>
<doc>Fails if objects are unequal after converting them to real numbers.</doc>
<status status="PASS" start="2024-07-28T11:11:38.577135" elapsed="0.000628"/>
</kw>
<kw name="Log" owner="BuiltIn">
<msg time="2024-07-28T11:11:38.578310" level="INFO">19403</msg>
<arg>${json_data['results'][0]['location']['postcode']}</arg>
<doc>Logs the given message with the given level.</doc>
<status status="PASS" start="2024-07-28T11:11:38.577968" elapsed="0.000382"/>
</kw>
<status status="PASS" start="2024-07-28T11:11:38.511600" elapsed="0.067031"/>
</kw>
<doc>Testa se os tipos de dados na resposta da API estão corretos.</doc>
<tag>testeTiposDados</tag>
<status status="PASS" start="2024-07-28T11:11:38.400402" elapsed="0.178401"/>
</test>
<test id="s1-s1-t5" name="Validar conteudo" line="35">
<kw name="Teste de Tipos de Conteudo" owner="random-user-service">
<kw name="GET On Session" owner="RequestsLibrary">
<msg time="2024-07-28T11:11:38.682916" level="INFO">GET Request : url=https://randomuser.me/api 
 path_url=/api 
 headers={'User-Agent': 'python-requests/2.32.3', 'Accept-Encoding': 'gzip, deflate', 'Accept': '*/*', 'Connection': 'keep-alive'} 
 body=None 
 </msg>
<msg time="2024-07-28T11:11:38.683005" level="INFO">GET Response : url=https://randomuser.me/api 
 status=200, reason=OK 
 headers={'Date': 'Sun, 28 Jul 2024 11:11:38 GMT', 'Content-Type': 'application/json; charset=utf-8', 'Transfer-Encoding': 'chunked', 'Connection': 'keep-alive', 'X-Powered-By': 'Express', 'Access-Control-Allow-Origin': '*', 'Cache-Control': 'no-cache', 'ETag': 'W/"494-mneh4PN3lDUYFHcFo09CIXoB53U"', 'Vary': 'Accept-Encoding', 'Content-Encoding': 'gzip', 'CF-Cache-Status': 'DYNAMIC', 'Report-To': '{"endpoints":[{"url":"https:\\/\\/a.nel.cloudflare.com\\/report\\/v4?s=8IBDzIybH%2FGo3LVknB4FlvsWho2bilvT5CipBDc4M4YwNC0SREu%2FW2V45pecaDXeHjNwsKf4mHzWke9mOBQMYgICmXj8zT4F0U0ztzsninye6OtkYbCL%2BZKVLSDyBJt2"}],"group":"cf-nel","max_age":604800}', 'NEL': '{"success_fraction":0,"report_to":"cf-nel","max_age":604800}', 'Server': 'cloudflare', 'CF-RAY': '8aa46dfa29089c2e-IAD', 'alt-svc': 'h3=":443"; ma=86400'} 
 body={"results":[{"gender":"male","name":{"title":"Mr","first":"Johan","last":"Sørensen"},"location":{"street":{"number":21,"name":"Præstegårdsvej"},"city":"Randers Nø","state":"Midtjylland","country":"Denmark","postcode":41857,"coordinates":{"latitude":"-45.7409","longitude":"-27.3616"},"timezone":{"offset":"+3:00","description":"Baghdad, Riyadh, Moscow, St. Petersburg"}},"email":"johan.sorensen@example.com","login":{"uuid":"6e80aa55-9d86-4e8f-96ea-5dadba0867d4","username":"tinyostrich427","password":"goodboy","salt":"K1Gz4G8f","md5":"fecb973aa4aabb02d68c641831fcb951","sha1":"52b1b117157b7b726fcc28cd74a4130af0aaf69a","sha256":"87863015b5cbdb1a96d8e0454b2771c9201d458bede8d7f2e3c8aee07932de61"},"dob":{"date":"1993-07-05T11:09:04.676Z","age":31},"registered":{"date":"2015-07-13T22:31:23.988Z","age":9},"phone":"66054482","cell":"81418859","id":{"name":"CPR","value":"050793-5602"},"picture":{"large":"https://randomuser.me/api/portraits/men/87.jpg","medium":"https://randomuser.me/api/portraits/med/men/87.jpg","thumbnail":"https://randomuser.me/api/portraits/thumb/men/87.jpg"},"nat":"DK"}],"info":{"seed":"e0b19af055c5360e","results":1,"page":1,"version":"1.4"}} 
 </msg>
<msg time="2024-07-28T11:11:38.683071" level="INFO">/opt/hostedtoolcache/Python/3.12.4/x64/lib/python3.12/site-packages/urllib3/connectionpool.py:1099: InsecureRequestWarning: Unverified HTTPS request is being made to host 'randomuser.me'. Adding certificate verification is strongly advised. See: https://urllib3.readthedocs.io/en/latest/advanced-usage.html#tls-warnings
  warnings.warn(</msg>
<msg time="2024-07-28T11:11:38.683179" level="INFO">${response} = &lt;Response [200]&gt;</msg>
<var>${response}</var>
<arg>consultarAPI</arg>
<arg>/api</arg>
<doc>Sends a GET request on a previously created HTTP Session.</doc>
<status status="PASS" start="2024-07-28T11:11:38.581343" elapsed="0.101875"/>
</kw>
<kw name="Set Variable" owner="BuiltIn">
<msg time="2024-07-28T11:11:38.684272" level="INFO">${json_data} = {'results': [{'gender': 'male', 'name': {'title': 'Mr', 'first': 'Johan', 'last': 'Sørensen'}, 'location': {'street': {'number': 21, 'name': 'Præstegårdsvej'}, 'city': 'Randers Nø', 'state': 'Midtjyll...</msg>
<var>${json_data}</var>
<arg>${response.json()}</arg>
<doc>Returns the given values which can then be assigned to a variables.</doc>
<status status="PASS" start="2024-07-28T11:11:38.683712" elapsed="0.000589"/>
</kw>
<kw name="Set Variable" owner="BuiltIn">
<msg time="2024-07-28T11:11:38.684989" level="INFO">${name_title} = Mr</msg>
<var>${name_title}</var>
<arg>${json_data["results"][0]["name"]["title"]}</arg>
<doc>Returns the given values which can then be assigned to a variables.</doc>
<status status="PASS" start="2024-07-28T11:11:38.684609" elapsed="0.000406"/>
</kw>
<kw name="Create List" owner="BuiltIn">
<msg time="2024-07-28T11:11:38.685466" level="INFO">${allowed_titles} = ['Mr', 'Ms', 'Miss', 'Mrs', 'Madame', 'Monsieur']</msg>
<var>${allowed_titles}</var>
<arg>Mr</arg>
<arg>Ms</arg>
<arg>Miss</arg>
<arg>Mrs</arg>
<arg>Madame</arg>
<arg>Monsieur</arg>
<doc>Returns a list containing given items.</doc>
<status status="PASS" start="2024-07-28T11:11:38.685318" elapsed="0.000172"/>
</kw>
<kw name="List Should Contain Value" owner="Collections">
<arg>${allowed_titles}</arg>
<arg>${name_title}</arg>
<doc>Fails if the ``value`` is not found from ``list``.</doc>
<status status="PASS" start="2024-07-28T11:11:38.685787" elapsed="0.000181"/>
</kw>
<kw name="Set Variable" owner="BuiltIn">
<msg time="2024-07-28T11:11:38.686516" level="INFO">${name_country} = DK</msg>
<var>${name_country}</var>
<arg>${json_data["results"][0]["nat"]}</arg>
<doc>Returns the given values which can then be assigned to a variables.</doc>
<status status="PASS" start="2024-07-28T11:11:38.686146" elapsed="0.000395"/>
</kw>
<kw name="Create List" owner="BuiltIn">
<msg time="2024-07-28T11:11:38.687433" level="INFO">${list_country} = ['AD', 'AE', 'AF', 'AG', 'AI', 'AL', 'AM', 'AO', 'AQ', 'AR', 'AS', 'AT', 'AU', 'AW', 'AX', 'AZ', 'BA', 'BB', 'BD', 'BE', 'BF', 'BG', 'BH', 'BI', 'BJ', 'BL', 'BM', 'BN', 'BO', 'BQ', 'BR', 'BS', 'BT', '...</msg>
<var>${list_country}</var>
<arg>AD</arg>
<arg>AE</arg>
<arg>AF</arg>
<arg>AG</arg>
<arg>AI</arg>
<arg>AL</arg>
<arg>AM</arg>
<arg>AO</arg>
<arg>AQ</arg>
<arg>AR</arg>
<arg>AS</arg>
<arg>AT</arg>
<arg>AU</arg>
<arg>AW</arg>
<arg>AX</arg>
<arg>AZ</arg>
<arg>BA</arg>
<arg>BB</arg>
<arg>BD</arg>
<arg>BE</arg>
<arg>BF</arg>
<arg>BG</arg>
<arg>BH</arg>
<arg>BI</arg>
<arg>BJ</arg>
<arg>BL</arg>
<arg>BM</arg>
<arg>BN</arg>
<arg>BO</arg>
<arg>BQ</arg>
<arg>BR</arg>
<arg>BS</arg>
<arg>BT</arg>
<arg>BV</arg>
<arg>BW</arg>
<arg>BY</arg>
<arg>BZ</arg>
<arg>CA</arg>
<arg>CC</arg>
<arg>CD</arg>
<arg>CF</arg>
<arg>CG</arg>
<arg>CH</arg>
<arg>CI</arg>
<arg>CK</arg>
<arg>CL</arg>
<arg>CM</arg>
<arg>CN</arg>
<arg>CO</arg>
<arg>CR</arg>
<arg>CU</arg>
<arg>CV</arg>
<arg>CW</arg>
<arg>CX</arg>
<arg>CY</arg>
<arg>CZ</arg>
<arg>DE</arg>
<arg>DJ</arg>
<arg>DK</arg>
<arg>DM</arg>
<arg>DO</arg>
<arg>DZ</arg>
<arg>EC</arg>
<arg>EE</arg>
<arg>EG</arg>
<arg>EH</arg>
<arg>ER</arg>
<arg>ES</arg>
<arg>ET</arg>
<arg>FI</arg>
<arg>FJ</arg>
<arg>FK</arg>
<arg>FM</arg>
<arg>FO</arg>
<arg>FR</arg>
<arg>GA</arg>
<arg>GB</arg>
<arg>GD</arg>
<arg>GE</arg>
<arg>GF</arg>
<arg>GG</arg>
<arg>GH</arg>
<arg>GI</arg>
<arg>GL</arg>
<arg>GM</arg>
<arg>GN</arg>
<arg>GP</arg>
<arg>GQ</arg>
<arg>GR</arg>
<arg>GS</arg>
<arg>GT</arg>
<arg>GU</arg>
<arg>GW</arg>
<arg>GY</arg>
<arg>HK</arg>
<arg>HM</arg>
<arg>HN</arg>
<arg>HR</arg>
<arg>HT</arg>
<arg>HU</arg>
<arg>ID</arg>
<arg>IE</arg>
<arg>IL</arg>
<arg>IM</arg>
<arg>IN</arg>
<arg>IO</arg>
<arg>IQ</arg>
<arg>IR</arg>
<arg>IS</arg>
<arg>IT</arg>
<arg>JE</arg>
<arg>JM</arg>
<arg>JO</arg>
<arg>JP</arg>
<arg>KE</arg>
<arg>KG</arg>
<arg>KH</arg>
<arg>KI</arg>
<arg>KM</arg>
<arg>KN</arg>
<arg>KP</arg>
<arg>KR</arg>
<arg>KW</arg>
<arg>KY</arg>
<arg>KZ</arg>
<arg>LA</arg>
<arg>LB</arg>
<arg>LC</arg>
<arg>LI</arg>
<arg>LK</arg>
<arg>LR</arg>
<arg>LS</arg>
<arg>LT</arg>
<arg>LU</arg>
<arg>LV</arg>
<arg>LY</arg>
<arg>MA</arg>
<arg>MC</arg>
<arg>MD</arg>
<arg>ME</arg>
<arg>MF</arg>
<arg>MG</arg>
<arg>MH</arg>
<arg>MK</arg>
<arg>ML</arg>
<arg>MM</arg>
<arg>MN</arg>
<arg>MO</arg>
<arg>MP</arg>
<arg>MQ</arg>
<arg>MR</arg>
<arg>MS</arg>
<arg>MT</arg>
<arg>MU</arg>
<arg>MV</arg>
<arg>MW</arg>
<arg>MX</arg>
<arg>MY</arg>
<arg>MZ</arg>
<arg>NA</arg>
<arg>NC</arg>
<arg>NE</arg>
<arg>NF</arg>
<arg>NG</arg>
<arg>NI</arg>
<arg>NL</arg>
<arg>NO</arg>
<arg>NP</arg>
<arg>NR</arg>
<arg>NU</arg>
<arg>NZ</arg>
<arg>OM</arg>
<arg>PA</arg>
<arg>PE</arg>
<arg>PF</arg>
<arg>PG</arg>
<arg>PH</arg>
<arg>PK</arg>
<arg>PL</arg>
<arg>PM</arg>
<arg>PN</arg>
<arg>PR</arg>
<arg>PS</arg>
<arg>PT</arg>
<arg>PW</arg>
<arg>PY</arg>
<arg>QA</arg>
<arg>RE</arg>
<arg>RO</arg>
<arg>RS</arg>
<arg>RU</arg>
<arg>RW</arg>
<arg>SA</arg>
<arg>SB</arg>
<arg>SC</arg>
<arg>SD</arg>
<arg>SE</arg>
<arg>SG</arg>
<arg>SH</arg>
<arg>SI</arg>
<arg>SJ</arg>
<arg>SK</arg>
<arg>SL</arg>
<arg>SM</arg>
<arg>SN</arg>
<arg>SO</arg>
<arg>SR</arg>
<arg>SS</arg>
<arg>ST</arg>
<arg>SV</arg>
<arg>SX</arg>
<arg>SY</arg>
<arg>SZ</arg>
<arg>TC</arg>
<arg>TD</arg>
<arg>TF</arg>
<arg>TG</arg>
<arg>TH</arg>
<arg>TJ</arg>
<arg>TK</arg>
<arg>TL</arg>
<arg>TM</arg>
<arg>TN</arg>
<arg>TO</arg>
<arg>TR</arg>
<arg>TT</arg>
<arg>TV</arg>
<arg>TW</arg>
<arg>TZ</arg>
<arg>UA</arg>
<arg>UG</arg>
<arg>UM</arg>
<arg>US</arg>
<arg>UY</arg>
<arg>UZ</arg>
<arg>VA</arg>
<arg>VC</arg>
<arg>VE</arg>
<arg>VG</arg>
<arg>VI</arg>
<arg>VN</arg>
<arg>VU</arg>
<arg>WF</arg>
<arg>WS</arg>
<arg>XK</arg>
<arg>YE</arg>
<arg>YT</arg>
<arg>ZA</arg>
<arg>ZM</arg>
<arg>ZW</arg>
<doc>Returns a list containing given items.</doc>
<status status="PASS" start="2024-07-28T11:11:38.686844" elapsed="0.000614"/>
</kw>
<kw name="List Should Contain Value" owner="Collections">
<arg>${list_country}</arg>
<arg>${name_country}</arg>
<doc>Fails if the ``value`` is not found from ``list``.</doc>
<status status="PASS" start="2024-07-28T11:11:38.688463" elapsed="0.000211"/>
</kw>
<kw name="Run Keyword If" owner="BuiltIn">
<kw name="Should Be True" owner="BuiltIn">
<arg>${True}</arg>
<doc>Fails if the given condition is not true.</doc>
<status status="PASS" start="2024-07-28T11:11:38.689625" elapsed="0.000144"/>
</kw>
<arg>${json_data["results"][0]["location"]["coordinates"]["latitude"]} &gt;= -90 and ${json_data["results"][0]["location"]["coordinates"]["latitude"]} &lt;= 90</arg>
<arg>Should Be True</arg>
<arg>${True}</arg>
<doc>Runs the given keyword with the given arguments, if ``condition`` is true.</doc>
<status status="PASS" start="2024-07-28T11:11:38.688880" elapsed="0.001016"/>
</kw>
<kw name="Run Keyword If" owner="BuiltIn">
<kw name="Should Be True" owner="BuiltIn">
<arg>${True}</arg>
<doc>Fails if the given condition is not true.</doc>
<status status="PASS" start="2024-07-28T11:11:38.690776" elapsed="0.000149"/>
</kw>
<arg>${json_data["results"][0]["location"]["coordinates"]["longitude"]} &gt;= -180 and ${json_data["results"][0]["location"]["coordinates"]["longitude"]} &lt;= 180</arg>
<arg>Should Be True</arg>
<arg>${True}</arg>
<doc>Runs the given keyword with the given arguments, if ``condition`` is true.</doc>
<status status="PASS" start="2024-07-28T11:11:38.690077" elapsed="0.000971"/>
</kw>
<status status="PASS" start="2024-07-28T11:11:38.581118" elapsed="0.110060"/>
</kw>
<doc>Testa o conteúdo específico dos campos retornados pela API.</doc>
<tag>testeConteudo</tag>
<status status="PASS" start="2024-07-28T11:11:38.580657" elapsed="0.110673"/>
</test>
<status status="PASS" start="2024-07-28T11:11:37.680897" elapsed="1.012397"/>
</suite>
<status status="PASS" start="2024-07-28T11:11:37.666396" elapsed="1.031935"/>
</suite>
<statistics>
<total>
<stat pass="5" fail="0" skip="0">All Tests</stat>
</total>
<tag>
<stat pass="1" fail="0" skip="0">testeConteudo</stat>
<stat pass="1" fail="0" skip="0">testeEstruturaResposta</stat>
<stat pass="1" fail="0" skip="0">testeRequisicaoBasica</stat>
<stat pass="1" fail="0" skip="0">testeTiposDados</stat>
</tag>
<suite>
<stat pass="5" fail="0" skip="0" id="s1" name="Tests">Tests</stat>
<stat pass="5" fail="0" skip="0" id="s1-s1" name="Random-User-Test">Tests.Random-User-Test</stat>
</suite>
</statistics>
<errors>
</errors>
</robot>
