<?xml version="1.0" encoding="UTF-8"?>
<robot generator="Robot 7.0 (Python 3.12.3 on linux)" generated="2024-04-21T12:24:45.113512" rpa="false" schemaversion="5">
<suite id="s1" name="Tests" source="/home/runner/work/DesafioQAItauRogerioJordao/DesafioQAItauRogerioJordao/RamdonUser/tests">
<suite id="s1-s1" name="Random-User-Test" source="/home/runner/work/DesafioQAItauRogerioJordao/DesafioQAItauRogerioJordao/RamdonUser/tests/random-user-test.robot">
<test id="s1-s1-t1" name="Conectar" line="13">
<kw name="Conectar API" owner="random-user-service">
<kw name="Create Session" owner="RequestsLibrary">
<msg time="2024-04-21T12:24:45.471776" level="INFO">Creating Session using : alias=consultarAPI, url=https://randomuser.me/, headers={},                     cookies={}, auth=None, timeout=None, proxies=None, verify=False,                     debug=0 </msg>
<arg>consultarAPI</arg>
<arg>${URL}</arg>
<doc>Create Session: create a HTTP session to a server</doc>
<status status="PASS" start="2024-04-21T12:24:45.471583" elapsed="0.000360"/>
</kw>
<status status="PASS" start="2024-04-21T12:24:45.470649" elapsed="0.001686"/>
</kw>
<status status="PASS" start="2024-04-21T12:24:45.470127" elapsed="0.002399"/>
</test>
<test id="s1-s1-t2" name="Validar retorno 200 e JSON Válido" line="16">
<kw name="Teste de Requisicao Basica" owner="random-user-service">
<kw name="GET On Session" owner="RequestsLibrary">
<msg time="2024-04-21T12:24:45.677061" level="INFO">GET Request : url=https://randomuser.me/api 
 path_url=/api 
 headers={'User-Agent': 'python-requests/2.31.0', 'Accept-Encoding': 'gzip, deflate', 'Accept': '*/*', 'Connection': 'keep-alive'} 
 body=None 
 </msg>
<msg time="2024-04-21T12:24:45.677196" level="INFO">GET Response : url=https://randomuser.me/api 
 status=200, reason=OK 
 headers={'Date': 'Sun, 21 Apr 2024 12:24:45 GMT', 'Content-Type': 'application/json; charset=utf-8', 'Transfer-Encoding': 'chunked', 'Connection': 'keep-alive', 'X-Powered-By': 'Express', 'Access-Control-Allow-Origin': '*', 'Cache-Control': 'no-cache', 'ETag': 'W/"4ab-vK1gKRN/lTNOZQout2N/i6KySK0"', 'Vary': 'Accept-Encoding', 'Content-Encoding': 'gzip', 'CF-Cache-Status': 'DYNAMIC', 'Report-To': '{"endpoints":[{"url":"https:\\/\\/a.nel.cloudflare.com\\/report\\/v4?s=cd2rpqauAPoK45%2FfOxNxuqJQzcHCBZzH8JNqyHQUHvwZ25f2%2F1zVsuvgLy0zQvDYZSsv4CwCIrKC%2BCz1lCJjUE1uSZEYZyfaTNpIurPQviAhHtPo%2B4GO1XB8ez88M%2BHu"}],"group":"cf-nel","max_age":604800}', 'NEL': '{"success_fraction":0,"report_to":"cf-nel","max_age":604800}', 'Server': 'cloudflare', 'CF-RAY': '877d5a54782e112c-ORD', 'alt-svc': 'h3=":443"; ma=86400'} 
 body={"results":[{"gender":"female","name":{"title":"Ms","first":"Evianne","last":"Sloos"},"location":{"street":{"number":1129,"name":"Johannes Nagelhoutlaan"},"city":"Amsterdam-Duivendrecht","state":"Zeeland","country":"Netherlands","postcode":"7082 JW","coordinates":{"latitude":"31.9893","longitude":"37.0399"},"timezone":{"offset":"+4:00","description":"Abu Dhabi, Muscat, Baku, Tbilisi"}},"email":"evianne.sloos@example.com","login":{"uuid":"4ac91d0d-ca68-45e0-9ced-9171091a14ca","username":"ticklishlion199","password":"toast","salt":"PyFv6bwY","md5":"4b4d11a7916bedce4f163f527a79d98f","sha1":"f250668cdb5734dc5ae0a0f3bda02d42437b9632","sha256":"49253a9dfc51bdd7fd8e72cb37550e7849e30236a394216d0bc6fa41f4a486a6"},"dob":{"date":"1972-04-08T09:14:50.988Z","age":52},"registered":{"date":"2003-08-19T10:13:14.282Z","age":20},"phone":"(0404) 964869","cell":"(06) 08737987","id":{"name":"BSN","value":"23328914"},"picture":{"large":"https://randomuser.me/api/portraits/women/4.jpg","medium":"https://randomuser.me/api/portraits/med/women/4.jpg","thumbnail":"https://randomuser.me/api/portraits/thumb/women/4.jpg"},"nat":"NL"}],"info":{"seed":"383ddf71d648a0d7","results":1,"page":1,"version":"1.4"}} 
 </msg>
<msg time="2024-04-21T12:24:45.677268" level="INFO">/opt/hostedtoolcache/Python/3.12.3/x64/lib/python3.12/site-packages/urllib3/connectionpool.py:1103: InsecureRequestWarning: Unverified HTTPS request is being made to host 'randomuser.me'. Adding certificate verification is strongly advised. See: https://urllib3.readthedocs.io/en/latest/advanced-usage.html#tls-warnings
  warnings.warn(</msg>
<msg time="2024-04-21T12:24:45.677381" level="INFO">${response} = &lt;Response [200]&gt;</msg>
<var>${response}</var>
<arg>consultarAPI</arg>
<arg>/api</arg>
<doc>Sends a GET request on a previously created HTTP Session.</doc>
<status status="PASS" start="2024-04-21T12:24:45.475128" elapsed="0.202296"/>
</kw>
<kw name="Should Be Equal As Numbers" owner="BuiltIn">
<msg time="2024-04-21T12:24:45.678282" level="INFO">Argument types are:
&lt;class 'int'&gt;
&lt;class 'str'&gt;</msg>
<arg>${response.status_code}</arg>
<arg>200</arg>
<doc>Fails if objects are unequal after converting them to real numbers.</doc>
<status status="PASS" start="2024-04-21T12:24:45.677859" elapsed="0.000486"/>
</kw>
<kw name="Log" owner="BuiltIn">
<msg time="2024-04-21T12:24:45.679033" level="INFO">200</msg>
<arg>${response.status_code}</arg>
<doc>Logs the given message with the given level.</doc>
<status status="PASS" start="2024-04-21T12:24:45.678685" elapsed="0.000390"/>
</kw>
<kw name="Set Variable" owner="BuiltIn">
<msg time="2024-04-21T12:24:45.679825" level="INFO">${json_data} = {'results': [{'gender': 'female', 'name': {'title': 'Ms', 'first': 'Evianne', 'last': 'Sloos'}, 'location': {'street': {'number': 1129, 'name': 'Johannes Nagelhoutlaan'}, 'city': 'Amsterdam-Duivendrec...</msg>
<var>${json_data}</var>
<arg>${response.json()}</arg>
<doc>Returns the given values which can then be assigned to a variables.</doc>
<status status="PASS" start="2024-04-21T12:24:45.679380" elapsed="0.000474"/>
</kw>
<kw name="Dictionary Should Contain Key" owner="Collections">
<msg time="2024-04-21T12:24:45.680377" level="INFO">False</msg>
<arg>${json_data}</arg>
<arg>results</arg>
<doc>Fails if ``key`` is not found from ``dictionary``.</doc>
<status status="PASS" start="2024-04-21T12:24:45.680205" elapsed="0.000212"/>
</kw>
<status status="PASS" start="2024-04-21T12:24:45.474886" elapsed="0.205787"/>
</kw>
<doc>Testa se a API responde corretamente e retorna um objeto JSON válido.</doc>
<tag>testeRequisicaoBasica</tag>
<status status="PASS" start="2024-04-21T12:24:45.474419" elapsed="0.206423"/>
</test>
<test id="s1-s1-t3" name="Validar estrutura de resposta" line="22">
<kw name="Teste de Estrutura de Resposta" owner="random-user-service">
<kw name="GET On Session" owner="RequestsLibrary">
<msg time="2024-04-21T12:24:45.725253" level="INFO">GET Request : url=https://randomuser.me/api 
 path_url=/api 
 headers={'User-Agent': 'python-requests/2.31.0', 'Accept-Encoding': 'gzip, deflate', 'Accept': '*/*', 'Connection': 'keep-alive'} 
 body=None 
 </msg>
<msg time="2024-04-21T12:24:45.725334" level="INFO">GET Response : url=https://randomuser.me/api 
 status=200, reason=OK 
 headers={'Date': 'Sun, 21 Apr 2024 12:24:45 GMT', 'Content-Type': 'application/json; charset=utf-8', 'Transfer-Encoding': 'chunked', 'Connection': 'keep-alive', 'X-Powered-By': 'Express', 'Access-Control-Allow-Origin': '*', 'Cache-Control': 'no-cache', 'ETag': 'W/"4aa-yekGF8bEdVqiJtkgNJDGXSeK1L0"', 'Vary': 'Accept-Encoding', 'Content-Encoding': 'gzip', 'CF-Cache-Status': 'DYNAMIC', 'Report-To': '{"endpoints":[{"url":"https:\\/\\/a.nel.cloudflare.com\\/report\\/v4?s=BUqx4Hq%2BzjQULtRDxtCU9fmVd1E924H%2FAVV5A33FnCdWpY7Kyfahbdwqa7BoB4wbhOXp4%2BW%2BY%2F5myJvM8rSYBu1HwDEs8B6OnSsNip0Q%2FIiMZGZ15c9xjdYTWyNz1Omc"}],"group":"cf-nel","max_age":604800}', 'NEL': '{"success_fraction":0,"report_to":"cf-nel","max_age":604800}', 'Server': 'cloudflare', 'CF-RAY': '877d5a55893e112c-ORD', 'alt-svc': 'h3=":443"; ma=86400'} 
 body={"results":[{"gender":"male","name":{"title":"Mr","first":"Aurélien","last":"Vincent"},"location":{"street":{"number":5704,"name":"Rue de L'Abbaye"},"city":"Lille","state":"Haute-Marne","country":"France","postcode":50783,"coordinates":{"latitude":"-19.6710","longitude":"-172.0782"},"timezone":{"offset":"0:00","description":"Western Europe Time, London, Lisbon, Casablanca"}},"email":"aurelien.vincent@example.com","login":{"uuid":"1f798667-1f74-4a2c-b802-551729e56912","username":"angrydog408","password":"lamont","salt":"f0DsOkVl","md5":"acdc1e1f983b0478f028341bc7a6fa1e","sha1":"e6f10ddeee26f1a97663f99d08516f57e7e15e52","sha256":"d2e4ac528bca9b67a3f119893989d7171eb97c61c4068464024d59d734c9428e"},"dob":{"date":"1963-07-31T08:44:42.050Z","age":60},"registered":{"date":"2003-07-19T14:28:42.249Z","age":20},"phone":"01-68-34-50-19","cell":"06-69-45-96-07","id":{"name":"INSEE","value":"1630654270385 14"},"picture":{"large":"https://randomuser.me/api/portraits/men/47.jpg","medium":"https://randomuser.me/api/portraits/med/men/47.jpg","thumbnail":"https://randomuser.me/api/portraits/thumb/men/47.jpg"},"nat":"FR"}],"info":{"seed":"9fe6fb23648d0b29","results":1,"page":1,"version":"1.4"}} 
 </msg>
<msg time="2024-04-21T12:24:45.725427" level="INFO">/opt/hostedtoolcache/Python/3.12.3/x64/lib/python3.12/site-packages/urllib3/connectionpool.py:1103: InsecureRequestWarning: Unverified HTTPS request is being made to host 'randomuser.me'. Adding certificate verification is strongly advised. See: https://urllib3.readthedocs.io/en/latest/advanced-usage.html#tls-warnings
  warnings.warn(</msg>
<msg time="2024-04-21T12:24:45.725517" level="INFO">${response} = &lt;Response [200]&gt;</msg>
<var>${response}</var>
<arg>consultarAPI</arg>
<arg>/api</arg>
<doc>Sends a GET request on a previously created HTTP Session.</doc>
<status status="PASS" start="2024-04-21T12:24:45.683757" elapsed="0.041785"/>
</kw>
<kw name="Set Variable" owner="BuiltIn">
<msg time="2024-04-21T12:24:45.726400" level="INFO">${json_data} = {'results': [{'gender': 'male', 'name': {'title': 'Mr', 'first': 'Aurélien', 'last': 'Vincent'}, 'location': {'street': {'number': 5704, 'name': "Rue de L'Abbaye"}, 'city': 'Lille', 'state': 'Haute-Ma...</msg>
<var>${json_data}</var>
<arg>${response.json()}</arg>
<doc>Returns the given values which can then be assigned to a variables.</doc>
<status status="PASS" start="2024-04-21T12:24:45.725924" elapsed="0.000505"/>
</kw>
<kw name="Log" owner="BuiltIn">
<msg time="2024-04-21T12:24:45.726892" level="INFO">{'results': [{'gender': 'male', 'name': {'title': 'Mr', 'first': 'Aurélien', 'last': 'Vincent'}, 'location': {'street': {'number': 5704, 'name': "Rue de L'Abbaye"}, 'city': 'Lille', 'state': 'Haute-Marne', 'country': 'France', 'postcode': 50783, 'coordinates': {'latitude': '-19.6710', 'longitude': '-172.0782'}, 'timezone': {'offset': '0:00', 'description': 'Western Europe Time, London, Lisbon, Casablanca'}}, 'email': 'aurelien.vincent@example.com', 'login': {'uuid': '1f798667-1f74-4a2c-b802-551729e56912', 'username': 'angrydog408', 'password': 'lamont', 'salt': 'f0DsOkVl', 'md5': 'acdc1e1f983b0478f028341bc7a6fa1e', 'sha1': 'e6f10ddeee26f1a97663f99d08516f57e7e15e52', 'sha256': 'd2e4ac528bca9b67a3f119893989d7171eb97c61c4068464024d59d734c9428e'}, 'dob': {'date': '1963-07-31T08:44:42.050Z', 'age': 60}, 'registered': {'date': '2003-07-19T14:28:42.249Z', 'age': 20}, 'phone': '01-68-34-50-19', 'cell': '06-69-45-96-07', 'id': {'name': 'INSEE', 'value': '1630654270385 14'}, 'picture': {'large': 'https://randomuser.me/api/portraits/men/47.jpg', 'medium': 'https://randomuser.me/api/portraits/med/men/47.jpg', 'thumbnail': 'https://randomuser.me/api/portraits/thumb/men/47.jpg'}, 'nat': 'FR'}], 'info': {'seed': '9fe6fb23648d0b29', 'results': 1, 'page': 1, 'version': '1.4'}}</msg>
<arg>${json_data}</arg>
<doc>Logs the given message with the given level.</doc>
<status status="PASS" start="2024-04-21T12:24:45.726733" elapsed="0.000208"/>
</kw>
<kw name="Dictionary Should Contain Key" owner="Collections">
<msg time="2024-04-21T12:24:45.727386" level="INFO">False</msg>
<arg>${json_data}</arg>
<arg>results</arg>
<doc>Fails if ``key`` is not found from ``dictionary``.</doc>
<status status="PASS" start="2024-04-21T12:24:45.727234" elapsed="0.000189"/>
</kw>
<kw name="Should Not Be Empty" owner="BuiltIn">
<msg time="2024-04-21T12:24:45.727846" level="INFO">Length is 2.</msg>
<arg>${json_data}</arg>
<doc>Verifies that the given item is not empty.</doc>
<status status="PASS" start="2024-04-21T12:24:45.727715" elapsed="0.000291"/>
</kw>
<kw name="Create List" owner="BuiltIn">
<msg time="2024-04-21T12:24:45.728503" level="INFO">${expected_keys} = ['gender', 'name', 'location', 'email', 'login']</msg>
<var>${expected_keys}</var>
<arg>gender</arg>
<arg>name</arg>
<arg>location</arg>
<arg>email</arg>
<arg>login</arg>
<doc>Returns a list containing given items.</doc>
<status status="PASS" start="2024-04-21T12:24:45.728350" elapsed="0.000179"/>
</kw>
<for flavor="IN">
<iter>
<kw name="Dictionary Should Contain Key" owner="Collections">
<msg time="2024-04-21T12:24:45.729491" level="INFO">False</msg>
<arg>${json_data['results'][0]}</arg>
<arg>${key}</arg>
<doc>Fails if ``key`` is not found from ``dictionary``.</doc>
<status status="PASS" start="2024-04-21T12:24:45.729095" elapsed="0.000434"/>
</kw>
<kw name="Log" owner="BuiltIn">
<msg time="2024-04-21T12:24:45.730203" level="INFO">{'gender': 'male', 'name': {'title': 'Mr', 'first': 'Aurélien', 'last': 'Vincent'}, 'location': {'street': {'number': 5704, 'name': "Rue de L'Abbaye"}, 'city': 'Lille', 'state': 'Haute-Marne', 'country': 'France', 'postcode': 50783, 'coordinates': {'latitude': '-19.6710', 'longitude': '-172.0782'}, 'timezone': {'offset': '0:00', 'description': 'Western Europe Time, London, Lisbon, Casablanca'}}, 'email': 'aurelien.vincent@example.com', 'login': {'uuid': '1f798667-1f74-4a2c-b802-551729e56912', 'username': 'angrydog408', 'password': 'lamont', 'salt': 'f0DsOkVl', 'md5': 'acdc1e1f983b0478f028341bc7a6fa1e', 'sha1': 'e6f10ddeee26f1a97663f99d08516f57e7e15e52', 'sha256': 'd2e4ac528bca9b67a3f119893989d7171eb97c61c4068464024d59d734c9428e'}, 'dob': {'date': '1963-07-31T08:44:42.050Z', 'age': 60}, 'registered': {'date': '2003-07-19T14:28:42.249Z', 'age': 20}, 'phone': '01-68-34-50-19', 'cell': '06-69-45-96-07', 'id': {'name': 'INSEE', 'value': '1630654270385 14'}, 'picture': {'large': 'https://randomuser.me/api/portraits/men/47.jpg', 'medium': 'https://randomuser.me/api/portraits/med/men/47.jpg', 'thumbnail': 'https://randomuser.me/api/portraits/thumb/men/47.jpg'}, 'nat': 'FR'}</msg>
<arg>${json_data['results'][0]}</arg>
<doc>Logs the given message with the given level.</doc>
<status status="PASS" start="2024-04-21T12:24:45.729829" elapsed="0.000424"/>
</kw>
<kw name="Log" owner="BuiltIn">
<msg time="2024-04-21T12:24:45.730673" level="INFO">gender</msg>
<arg>${key}</arg>
<doc>Logs the given message with the given level.</doc>
<status status="PASS" start="2024-04-21T12:24:45.730547" elapsed="0.000163"/>
</kw>
<var name="${key}">gender</var>
<status status="PASS" start="2024-04-21T12:24:45.728968" elapsed="0.001953"/>
</iter>
<iter>
<kw name="Dictionary Should Contain Key" owner="Collections">
<msg time="2024-04-21T12:24:45.731622" level="INFO">False</msg>
<arg>${json_data['results'][0]}</arg>
<arg>${key}</arg>
<doc>Fails if ``key`` is not found from ``dictionary``.</doc>
<status status="PASS" start="2024-04-21T12:24:45.731231" elapsed="0.000462"/>
</kw>
<kw name="Log" owner="BuiltIn">
<msg time="2024-04-21T12:24:45.732382" level="INFO">{'gender': 'male', 'name': {'title': 'Mr', 'first': 'Aurélien', 'last': 'Vincent'}, 'location': {'street': {'number': 5704, 'name': "Rue de L'Abbaye"}, 'city': 'Lille', 'state': 'Haute-Marne', 'country': 'France', 'postcode': 50783, 'coordinates': {'latitude': '-19.6710', 'longitude': '-172.0782'}, 'timezone': {'offset': '0:00', 'description': 'Western Europe Time, London, Lisbon, Casablanca'}}, 'email': 'aurelien.vincent@example.com', 'login': {'uuid': '1f798667-1f74-4a2c-b802-551729e56912', 'username': 'angrydog408', 'password': 'lamont', 'salt': 'f0DsOkVl', 'md5': 'acdc1e1f983b0478f028341bc7a6fa1e', 'sha1': 'e6f10ddeee26f1a97663f99d08516f57e7e15e52', 'sha256': 'd2e4ac528bca9b67a3f119893989d7171eb97c61c4068464024d59d734c9428e'}, 'dob': {'date': '1963-07-31T08:44:42.050Z', 'age': 60}, 'registered': {'date': '2003-07-19T14:28:42.249Z', 'age': 20}, 'phone': '01-68-34-50-19', 'cell': '06-69-45-96-07', 'id': {'name': 'INSEE', 'value': '1630654270385 14'}, 'picture': {'large': 'https://randomuser.me/api/portraits/men/47.jpg', 'medium': 'https://randomuser.me/api/portraits/med/men/47.jpg', 'thumbnail': 'https://randomuser.me/api/portraits/thumb/men/47.jpg'}, 'nat': 'FR'}</msg>
<arg>${json_data['results'][0]}</arg>
<doc>Logs the given message with the given level.</doc>
<status status="PASS" start="2024-04-21T12:24:45.731989" elapsed="0.000442"/>
</kw>
<kw name="Log" owner="BuiltIn">
<msg time="2024-04-21T12:24:45.732853" level="INFO">name</msg>
<arg>${key}</arg>
<doc>Logs the given message with the given level.</doc>
<status status="PASS" start="2024-04-21T12:24:45.732727" elapsed="0.000162"/>
</kw>
<var name="${key}">name</var>
<status status="PASS" start="2024-04-21T12:24:45.731119" elapsed="0.001984"/>
</iter>
<iter>
<kw name="Dictionary Should Contain Key" owner="Collections">
<msg time="2024-04-21T12:24:45.733775" level="INFO">False</msg>
<arg>${json_data['results'][0]}</arg>
<arg>${key}</arg>
<doc>Fails if ``key`` is not found from ``dictionary``.</doc>
<status status="PASS" start="2024-04-21T12:24:45.733392" elapsed="0.000421"/>
</kw>
<kw name="Log" owner="BuiltIn">
<msg time="2024-04-21T12:24:45.734479" level="INFO">{'gender': 'male', 'name': {'title': 'Mr', 'first': 'Aurélien', 'last': 'Vincent'}, 'location': {'street': {'number': 5704, 'name': "Rue de L'Abbaye"}, 'city': 'Lille', 'state': 'Haute-Marne', 'country': 'France', 'postcode': 50783, 'coordinates': {'latitude': '-19.6710', 'longitude': '-172.0782'}, 'timezone': {'offset': '0:00', 'description': 'Western Europe Time, London, Lisbon, Casablanca'}}, 'email': 'aurelien.vincent@example.com', 'login': {'uuid': '1f798667-1f74-4a2c-b802-551729e56912', 'username': 'angrydog408', 'password': 'lamont', 'salt': 'f0DsOkVl', 'md5': 'acdc1e1f983b0478f028341bc7a6fa1e', 'sha1': 'e6f10ddeee26f1a97663f99d08516f57e7e15e52', 'sha256': 'd2e4ac528bca9b67a3f119893989d7171eb97c61c4068464024d59d734c9428e'}, 'dob': {'date': '1963-07-31T08:44:42.050Z', 'age': 60}, 'registered': {'date': '2003-07-19T14:28:42.249Z', 'age': 20}, 'phone': '01-68-34-50-19', 'cell': '06-69-45-96-07', 'id': {'name': 'INSEE', 'value': '1630654270385 14'}, 'picture': {'large': 'https://randomuser.me/api/portraits/men/47.jpg', 'medium': 'https://randomuser.me/api/portraits/med/men/47.jpg', 'thumbnail': 'https://randomuser.me/api/portraits/thumb/men/47.jpg'}, 'nat': 'FR'}</msg>
<arg>${json_data['results'][0]}</arg>
<doc>Logs the given message with the given level.</doc>
<status status="PASS" start="2024-04-21T12:24:45.734113" elapsed="0.000415"/>
</kw>
<kw name="Log" owner="BuiltIn">
<msg time="2024-04-21T12:24:45.734944" level="INFO">location</msg>
<arg>${key}</arg>
<doc>Logs the given message with the given level.</doc>
<status status="PASS" start="2024-04-21T12:24:45.734820" elapsed="0.000161"/>
</kw>
<var name="${key}">location</var>
<status status="PASS" start="2024-04-21T12:24:45.733282" elapsed="0.001912"/>
</iter>
<iter>
<kw name="Dictionary Should Contain Key" owner="Collections">
<msg time="2024-04-21T12:24:45.735865" level="INFO">False</msg>
<arg>${json_data['results'][0]}</arg>
<arg>${key}</arg>
<doc>Fails if ``key`` is not found from ``dictionary``.</doc>
<status status="PASS" start="2024-04-21T12:24:45.735479" elapsed="0.000423"/>
</kw>
<kw name="Log" owner="BuiltIn">
<msg time="2024-04-21T12:24:45.736590" level="INFO">{'gender': 'male', 'name': {'title': 'Mr', 'first': 'Aurélien', 'last': 'Vincent'}, 'location': {'street': {'number': 5704, 'name': "Rue de L'Abbaye"}, 'city': 'Lille', 'state': 'Haute-Marne', 'country': 'France', 'postcode': 50783, 'coordinates': {'latitude': '-19.6710', 'longitude': '-172.0782'}, 'timezone': {'offset': '0:00', 'description': 'Western Europe Time, London, Lisbon, Casablanca'}}, 'email': 'aurelien.vincent@example.com', 'login': {'uuid': '1f798667-1f74-4a2c-b802-551729e56912', 'username': 'angrydog408', 'password': 'lamont', 'salt': 'f0DsOkVl', 'md5': 'acdc1e1f983b0478f028341bc7a6fa1e', 'sha1': 'e6f10ddeee26f1a97663f99d08516f57e7e15e52', 'sha256': 'd2e4ac528bca9b67a3f119893989d7171eb97c61c4068464024d59d734c9428e'}, 'dob': {'date': '1963-07-31T08:44:42.050Z', 'age': 60}, 'registered': {'date': '2003-07-19T14:28:42.249Z', 'age': 20}, 'phone': '01-68-34-50-19', 'cell': '06-69-45-96-07', 'id': {'name': 'INSEE', 'value': '1630654270385 14'}, 'picture': {'large': 'https://randomuser.me/api/portraits/men/47.jpg', 'medium': 'https://randomuser.me/api/portraits/med/men/47.jpg', 'thumbnail': 'https://randomuser.me/api/portraits/thumb/men/47.jpg'}, 'nat': 'FR'}</msg>
<arg>${json_data['results'][0]}</arg>
<doc>Logs the given message with the given level.</doc>
<status status="PASS" start="2024-04-21T12:24:45.736227" elapsed="0.000412"/>
</kw>
<kw name="Log" owner="BuiltIn">
<msg time="2024-04-21T12:24:45.737055" level="INFO">email</msg>
<arg>${key}</arg>
<doc>Logs the given message with the given level.</doc>
<status status="PASS" start="2024-04-21T12:24:45.736932" elapsed="0.000160"/>
</kw>
<var name="${key}">email</var>
<status status="PASS" start="2024-04-21T12:24:45.735368" elapsed="0.001932"/>
</iter>
<iter>
<kw name="Dictionary Should Contain Key" owner="Collections">
<msg time="2024-04-21T12:24:45.737967" level="INFO">False</msg>
<arg>${json_data['results'][0]}</arg>
<arg>${key}</arg>
<doc>Fails if ``key`` is not found from ``dictionary``.</doc>
<status status="PASS" start="2024-04-21T12:24:45.737580" elapsed="0.000424"/>
</kw>
<kw name="Log" owner="BuiltIn">
<msg time="2024-04-21T12:24:45.738663" level="INFO">{'gender': 'male', 'name': {'title': 'Mr', 'first': 'Aurélien', 'last': 'Vincent'}, 'location': {'street': {'number': 5704, 'name': "Rue de L'Abbaye"}, 'city': 'Lille', 'state': 'Haute-Marne', 'country': 'France', 'postcode': 50783, 'coordinates': {'latitude': '-19.6710', 'longitude': '-172.0782'}, 'timezone': {'offset': '0:00', 'description': 'Western Europe Time, London, Lisbon, Casablanca'}}, 'email': 'aurelien.vincent@example.com', 'login': {'uuid': '1f798667-1f74-4a2c-b802-551729e56912', 'username': 'angrydog408', 'password': 'lamont', 'salt': 'f0DsOkVl', 'md5': 'acdc1e1f983b0478f028341bc7a6fa1e', 'sha1': 'e6f10ddeee26f1a97663f99d08516f57e7e15e52', 'sha256': 'd2e4ac528bca9b67a3f119893989d7171eb97c61c4068464024d59d734c9428e'}, 'dob': {'date': '1963-07-31T08:44:42.050Z', 'age': 60}, 'registered': {'date': '2003-07-19T14:28:42.249Z', 'age': 20}, 'phone': '01-68-34-50-19', 'cell': '06-69-45-96-07', 'id': {'name': 'INSEE', 'value': '1630654270385 14'}, 'picture': {'large': 'https://randomuser.me/api/portraits/men/47.jpg', 'medium': 'https://randomuser.me/api/portraits/med/men/47.jpg', 'thumbnail': 'https://randomuser.me/api/portraits/thumb/men/47.jpg'}, 'nat': 'FR'}</msg>
<arg>${json_data['results'][0]}</arg>
<doc>Logs the given message with the given level.</doc>
<status status="PASS" start="2024-04-21T12:24:45.738294" elapsed="0.000417"/>
</kw>
<kw name="Log" owner="BuiltIn">
<msg time="2024-04-21T12:24:45.739127" level="INFO">login</msg>
<arg>${key}</arg>
<doc>Logs the given message with the given level.</doc>
<status status="PASS" start="2024-04-21T12:24:45.739004" elapsed="0.000190"/>
</kw>
<var name="${key}">login</var>
<status status="PASS" start="2024-04-21T12:24:45.737471" elapsed="0.001942"/>
</iter>
<var>${key}</var>
<value>@{expected_keys}</value>
<status status="PASS" start="2024-04-21T12:24:45.728788" elapsed="0.010745"/>
</for>
<kw name="Create List" owner="BuiltIn">
<msg time="2024-04-21T12:24:45.739858" level="INFO">${expected_keysTwo} = ['username', 'password']</msg>
<var>${expected_keysTwo}</var>
<arg>username</arg>
<arg>password</arg>
<doc>Returns a list containing given items.</doc>
<status status="PASS" start="2024-04-21T12:24:45.739723" elapsed="0.000159"/>
</kw>
<for flavor="IN">
<iter>
<kw name="Dictionary Should Contain Key" owner="Collections">
<msg time="2024-04-21T12:24:45.740802" level="INFO">False</msg>
<arg>${json_data['results'][0]['login']}</arg>
<arg>${keyTwo}</arg>
<doc>Fails if ``key`` is not found from ``dictionary``.</doc>
<status status="PASS" start="2024-04-21T12:24:45.740416" elapsed="0.000423"/>
</kw>
<kw name="Dictionary Should Contain Key" owner="Collections">
<msg time="2024-04-21T12:24:45.741504" level="INFO">False</msg>
<arg>${json_data['results'][0]['login']}</arg>
<arg>${keyTwo}</arg>
<doc>Fails if ``key`` is not found from ``dictionary``.</doc>
<status status="PASS" start="2024-04-21T12:24:45.741128" elapsed="0.000412"/>
</kw>
<kw name="Log" owner="BuiltIn">
<msg time="2024-04-21T12:24:45.741952" level="INFO">username</msg>
<arg>${keyTwo}</arg>
<doc>Logs the given message with the given level.</doc>
<status status="PASS" start="2024-04-21T12:24:45.741828" elapsed="0.000165"/>
</kw>
<var name="${keyTwo}">username</var>
<status status="PASS" start="2024-04-21T12:24:45.740308" elapsed="0.001897"/>
</iter>
<iter>
<kw name="Dictionary Should Contain Key" owner="Collections">
<msg time="2024-04-21T12:24:45.742943" level="INFO">False</msg>
<arg>${json_data['results'][0]['login']}</arg>
<arg>${keyTwo}</arg>
<doc>Fails if ``key`` is not found from ``dictionary``.</doc>
<status status="PASS" start="2024-04-21T12:24:45.742481" elapsed="0.000501"/>
</kw>
<kw name="Dictionary Should Contain Key" owner="Collections">
<msg time="2024-04-21T12:24:45.743651" level="INFO">False</msg>
<arg>${json_data['results'][0]['login']}</arg>
<arg>${keyTwo}</arg>
<doc>Fails if ``key`` is not found from ``dictionary``.</doc>
<status status="PASS" start="2024-04-21T12:24:45.743276" elapsed="0.000410"/>
</kw>
<kw name="Log" owner="BuiltIn">
<msg time="2024-04-21T12:24:45.744131" level="INFO">password</msg>
<arg>${keyTwo}</arg>
<doc>Logs the given message with the given level.</doc>
<status status="PASS" start="2024-04-21T12:24:45.743974" elapsed="0.000195"/>
</kw>
<var name="${keyTwo}">password</var>
<status status="PASS" start="2024-04-21T12:24:45.742373" elapsed="0.002008"/>
</iter>
<var>${keyTwo}</var>
<value>@{expected_keysTwo}</value>
<status status="PASS" start="2024-04-21T12:24:45.740154" elapsed="0.004345"/>
</for>
<status status="PASS" start="2024-04-21T12:24:45.683426" elapsed="0.061207"/>
</kw>
<doc>Testa a estrutura da resposta da API.</doc>
<tag>testeEstruturaResposta</tag>
<status status="PASS" start="2024-04-21T12:24:45.682670" elapsed="0.062106"/>
</test>
<test id="s1-s1-t4" name="Validar tipos de dados" line="28">
<kw name="Teste de Tipos de Dados" owner="random-user-service">
<kw name="GET On Session" owner="RequestsLibrary">
<msg time="2024-04-21T12:24:45.826856" level="INFO">GET Request : url=https://randomuser.me/api 
 path_url=/api 
 headers={'User-Agent': 'python-requests/2.31.0', 'Accept-Encoding': 'gzip, deflate', 'Accept': '*/*', 'Connection': 'keep-alive'} 
 body=None 
 </msg>
<msg time="2024-04-21T12:24:45.826938" level="INFO">GET Response : url=https://randomuser.me/api 
 status=200, reason=OK 
 headers={'Date': 'Sun, 21 Apr 2024 12:24:45 GMT', 'Content-Type': 'application/json; charset=utf-8', 'Transfer-Encoding': 'chunked', 'Connection': 'keep-alive', 'X-Powered-By': 'Express', 'Access-Control-Allow-Origin': '*', 'Cache-Control': 'no-cache', 'ETag': 'W/"47d-XeyDG/oRVEUYqjQ/elq+VDjlK2I"', 'Vary': 'Accept-Encoding', 'Content-Encoding': 'gzip', 'CF-Cache-Status': 'DYNAMIC', 'Report-To': '{"endpoints":[{"url":"https:\\/\\/a.nel.cloudflare.com\\/report\\/v4?s=ex%2B%2BjQGeZHTpjAFMTpOGXgShrq7EwYWpP%2FsuxxTUjYqwcPTYOGe7HU6vRkFDA6byQCoj2mTi6EK9cBKZM%2FYTUQ%2B5hl6dkCcGkAavu5Aeqg6PYkBbW4jzrMwbfKkygm2k"}],"group":"cf-nel","max_age":604800}', 'NEL': '{"success_fraction":0,"report_to":"cf-nel","max_age":604800}', 'Server': 'cloudflare', 'CF-RAY': '877d5a55e987112c-ORD', 'alt-svc': 'h3=":443"; ma=86400'} 
 body={"results":[{"gender":"female","name":{"title":"Ms","first":"Kitty","last":"Watts"},"location":{"street":{"number":3775,"name":"Lone Wolf Trail"},"city":"Topeka","state":"Indiana","country":"United States","postcode":94585,"coordinates":{"latitude":"84.4118","longitude":"46.2239"},"timezone":{"offset":"+5:45","description":"Kathmandu"}},"email":"kitty.watts@example.com","login":{"uuid":"8fdb67e4-fa7e-4975-bda7-51080c5fa067","username":"heavygoose174","password":"peterson","salt":"OE4LEuC1","md5":"1b51541d61120cbed3705bf61c37873b","sha1":"3c1ae509190e4df8442c6be33608c053bc943c40","sha256":"d21e825feeccc7b4275b8141844a4a75902680598afe84a5ce302762d34c2640"},"dob":{"date":"1945-02-25T07:00:51.364Z","age":79},"registered":{"date":"2012-05-14T09:40:34.275Z","age":11},"phone":"(839) 703-4671","cell":"(623) 771-6098","id":{"name":"SSN","value":"151-74-1300"},"picture":{"large":"https://randomuser.me/api/portraits/women/0.jpg","medium":"https://randomuser.me/api/portraits/med/women/0.jpg","thumbnail":"https://randomuser.me/api/portraits/thumb/women/0.jpg"},"nat":"US"}],"info":{"seed":"f8669fed20500338","results":1,"page":1,"version":"1.4"}} 
 </msg>
<msg time="2024-04-21T12:24:45.827009" level="INFO">/opt/hostedtoolcache/Python/3.12.3/x64/lib/python3.12/site-packages/urllib3/connectionpool.py:1103: InsecureRequestWarning: Unverified HTTPS request is being made to host 'randomuser.me'. Adding certificate verification is strongly advised. See: https://urllib3.readthedocs.io/en/latest/advanced-usage.html#tls-warnings
  warnings.warn(</msg>
<msg time="2024-04-21T12:24:45.827127" level="INFO">${response} = &lt;Response [200]&gt;</msg>
<var>${response}</var>
<arg>consultarAPI</arg>
<arg>/api</arg>
<doc>Sends a GET request on a previously created HTTP Session.</doc>
<status status="PASS" start="2024-04-21T12:24:45.747168" elapsed="0.080007"/>
</kw>
<kw name="Set Variable" owner="BuiltIn">
<msg time="2024-04-21T12:24:45.828136" level="INFO">${json_data} = {'results': [{'gender': 'female', 'name': {'title': 'Ms', 'first': 'Kitty', 'last': 'Watts'}, 'location': {'street': {'number': 3775, 'name': 'Lone Wolf Trail'}, 'city': 'Topeka', 'state': 'Indiana', ...</msg>
<var>${json_data}</var>
<arg>${response.json()}</arg>
<doc>Returns the given values which can then be assigned to a variables.</doc>
<status status="PASS" start="2024-04-21T12:24:45.827609" elapsed="0.000557"/>
</kw>
<kw name="Log" owner="BuiltIn">
<msg time="2024-04-21T12:24:45.828629" level="INFO">{'results': [{'gender': 'female', 'name': {'title': 'Ms', 'first': 'Kitty', 'last': 'Watts'}, 'location': {'street': {'number': 3775, 'name': 'Lone Wolf Trail'}, 'city': 'Topeka', 'state': 'Indiana', 'country': 'United States', 'postcode': 94585, 'coordinates': {'latitude': '84.4118', 'longitude': '46.2239'}, 'timezone': {'offset': '+5:45', 'description': 'Kathmandu'}}, 'email': 'kitty.watts@example.com', 'login': {'uuid': '8fdb67e4-fa7e-4975-bda7-51080c5fa067', 'username': 'heavygoose174', 'password': 'peterson', 'salt': 'OE4LEuC1', 'md5': '1b51541d61120cbed3705bf61c37873b', 'sha1': '3c1ae509190e4df8442c6be33608c053bc943c40', 'sha256': 'd21e825feeccc7b4275b8141844a4a75902680598afe84a5ce302762d34c2640'}, 'dob': {'date': '1945-02-25T07:00:51.364Z', 'age': 79}, 'registered': {'date': '2012-05-14T09:40:34.275Z', 'age': 11}, 'phone': '(839) 703-4671', 'cell': '(623) 771-6098', 'id': {'name': 'SSN', 'value': '151-74-1300'}, 'picture': {'large': 'https://randomuser.me/api/portraits/women/0.jpg', 'medium': 'https://randomuser.me/api/portraits/med/women/0.jpg', 'thumbnail': 'https://randomuser.me/api/portraits/thumb/women/0.jpg'}, 'nat': 'US'}], 'info': {'seed': 'f8669fed20500338', 'results': 1, 'page': 1, 'version': '1.4'}}</msg>
<arg>${json_data}</arg>
<doc>Logs the given message with the given level.</doc>
<status status="PASS" start="2024-04-21T12:24:45.828478" elapsed="0.000229"/>
</kw>
<kw name="Should Be String" owner="String">
<arg>${json_data['results'][0]['gender']}</arg>
<doc>Fails if the given ``item`` is not a string.</doc>
<status status="PASS" start="2024-04-21T12:24:45.829002" elapsed="0.000362"/>
</kw>
<kw name="Should Match Regexp" owner="BuiltIn">
<arg>${json_data['results'][0]['email']}</arg>
<arg>^[a-zA-Z0-9._%+-]+@[a-zA-Z0-9.-]+\.[a-zA-Z]{2,}$</arg>
<doc>Fails if ``string`` does not match ``pattern`` as a regular expression.</doc>
<status status="PASS" start="2024-04-21T12:24:45.829555" elapsed="0.000511"/>
</kw>
<kw name="Should Match Regexp" owner="BuiltIn">
<arg>${json_data['results'][0]['dob']['date']}</arg>
<arg>\\d{4}-\\d{2}-\\d{2}T\\d{2}:\\d{2}:\\d{2}\\.\\d{3}Z</arg>
<doc>Fails if ``string`` does not match ``pattern`` as a regular expression.</doc>
<status status="PASS" start="2024-04-21T12:24:45.830260" elapsed="0.000477"/>
</kw>
<kw name="Should Match Regexp" owner="BuiltIn">
<arg>${json_data['results'][0]['registered']['date']}</arg>
<arg>\\d{4}-\\d{2}-\\d{2}T\\d{2}:\\d{2}:\\d{2}\\.\\d{3}Z</arg>
<doc>Fails if ``string`` does not match ``pattern`` as a regular expression.</doc>
<status status="PASS" start="2024-04-21T12:24:45.830928" elapsed="0.000367"/>
</kw>
<kw name="Should Match Regexp" owner="BuiltIn">
<arg>${json_data['results'][0]['picture']['large']}</arg>
<arg>^https?://.*\.(?:png|jpe?g|gif|bmp)$</arg>
<doc>Fails if ``string`` does not match ``pattern`` as a regular expression.</doc>
<status status="PASS" start="2024-04-21T12:24:45.831479" elapsed="0.000455"/>
</kw>
<kw name="Should Match Regexp" owner="BuiltIn">
<arg>${json_data['results'][0]['picture']['medium']}</arg>
<arg>^https?://.*\.(?:png|jpe?g|gif|bmp)$</arg>
<doc>Fails if ``string`` does not match ``pattern`` as a regular expression.</doc>
<status status="PASS" start="2024-04-21T12:24:45.832157" elapsed="0.000373"/>
</kw>
<kw name="Should Match Regexp" owner="BuiltIn">
<arg>${json_data['results'][0]['picture']['thumbnail']}</arg>
<arg>^https?://.*\.(?:png|jpe?g|gif|bmp)$</arg>
<doc>Fails if ``string`` does not match ``pattern`` as a regular expression.</doc>
<status status="PASS" start="2024-04-21T12:24:45.832719" elapsed="0.000350"/>
</kw>
<kw name="Log" owner="BuiltIn">
<msg time="2024-04-21T12:24:45.833571" level="INFO">{'large': 'https://randomuser.me/api/portraits/women/0.jpg', 'medium': 'https://randomuser.me/api/portraits/med/women/0.jpg', 'thumbnail': 'https://randomuser.me/api/portraits/thumb/women/0.jpg'}</msg>
<arg>${json_data['results'][0]['picture']}</arg>
<doc>Logs the given message with the given level.</doc>
<status status="PASS" start="2024-04-21T12:24:45.833250" elapsed="0.000361"/>
</kw>
<status status="PASS" start="2024-04-21T12:24:45.746950" elapsed="0.086911"/>
</kw>
<kw name="Teste de Tipos de Dados - Postcode" owner="random-user-service">
<kw name="GET On Session" owner="RequestsLibrary">
<msg time="2024-04-21T12:24:45.927637" level="INFO">GET Request : url=https://randomuser.me/api 
 path_url=/api 
 headers={'User-Agent': 'python-requests/2.31.0', 'Accept-Encoding': 'gzip, deflate', 'Accept': '*/*', 'Connection': 'keep-alive'} 
 body=None 
 </msg>
<msg time="2024-04-21T12:24:45.927717" level="INFO">GET Response : url=https://randomuser.me/api 
 status=200, reason=OK 
 headers={'Date': 'Sun, 21 Apr 2024 12:24:45 GMT', 'Content-Type': 'application/json; charset=utf-8', 'Transfer-Encoding': 'chunked', 'Connection': 'keep-alive', 'X-Powered-By': 'Express', 'Access-Control-Allow-Origin': '*', 'Cache-Control': 'no-cache', 'ETag': 'W/"495-nF3afANYrongcdog7Se8RQwfGvQ"', 'Vary': 'Accept-Encoding', 'Content-Encoding': 'gzip', 'CF-Cache-Status': 'DYNAMIC', 'Report-To': '{"endpoints":[{"url":"https:\\/\\/a.nel.cloudflare.com\\/report\\/v4?s=p2WyogMeBeJWYrJaqJ72GBSkEtEVlAqG%2BUpRz46Cc1Lcc8U%2BnLqYKMnLE1RxWwqwWIF1Gz53znRDP%2BMMTLvVhaPPxZBkz1wWHaR2wOiW3uvq335KOyzgmmF4%2FqMH2MzM"}],"group":"cf-nel","max_age":604800}', 'NEL': '{"success_fraction":0,"report_to":"cf-nel","max_age":604800}', 'Server': 'cloudflare', 'CF-RAY': '877d5a567a07112c-ORD', 'alt-svc': 'h3=":443"; ma=86400'} 
 body={"results":[{"gender":"male","name":{"title":"Mr","first":"بردیا","last":"پارسا"},"location":{"street":{"number":9866,"name":"آیت الله طالقانی"},"city":"خوی","state":"اردبیل","country":"Iran","postcode":62099,"coordinates":{"latitude":"15.1761","longitude":"-114.7306"},"timezone":{"offset":"+8:00","description":"Beijing, Perth, Singapore, Hong Kong"}},"email":"brdy.prs@example.com","login":{"uuid":"4cdf0619-8fa8-4708-99ab-fc88ea29d81b","username":"redpanda986","password":"monster","salt":"I9NHDdFK","md5":"b462a5a2cacf2eb9d38d38e5e86274fa","sha1":"e4bbfcae59764db28a85e1cac9bfed8e4a7fa2d7","sha256":"b6b883fbf266daf902316576795b11a512666b2d3e5719126f8cfae91c9c9387"},"dob":{"date":"1988-08-02T23:36:20.358Z","age":35},"registered":{"date":"2012-06-09T21:38:05.569Z","age":11},"phone":"086-16850786","cell":"0997-927-4223","id":{"name":"","value":null},"picture":{"large":"https://randomuser.me/api/portraits/men/50.jpg","medium":"https://randomuser.me/api/portraits/med/men/50.jpg","thumbnail":"https://randomuser.me/api/portraits/thumb/men/50.jpg"},"nat":"IR"}],"info":{"seed":"bce04dd2917eb99d","results":1,"page":1,"version":"1.4"}} 
 </msg>
<msg time="2024-04-21T12:24:45.927777" level="INFO">/opt/hostedtoolcache/Python/3.12.3/x64/lib/python3.12/site-packages/urllib3/connectionpool.py:1103: InsecureRequestWarning: Unverified HTTPS request is being made to host 'randomuser.me'. Adding certificate verification is strongly advised. See: https://urllib3.readthedocs.io/en/latest/advanced-usage.html#tls-warnings
  warnings.warn(</msg>
<msg time="2024-04-21T12:24:45.927861" level="INFO">${response} = &lt;Response [200]&gt;</msg>
<var>${response}</var>
<arg>consultarAPI</arg>
<arg>/api</arg>
<doc>Sends a GET request on a previously created HTTP Session.</doc>
<status status="PASS" start="2024-04-21T12:24:45.834290" elapsed="0.093600"/>
</kw>
<kw name="Set Variable" owner="BuiltIn">
<msg time="2024-04-21T12:24:45.928778" level="INFO">${json_data} = {'results': [{'gender': 'male', 'name': {'title': 'Mr', 'first': 'بردیا', 'last': 'پارسا'}, 'location': {'street': {'number': 9866, 'name': 'آیت الله طالقانی'}, 'city': 'خوی', 'state': 'اردبیل', 'coun...</msg>
<var>${json_data}</var>
<arg>${response.json()}</arg>
<doc>Returns the given values which can then be assigned to a variables.</doc>
<status status="PASS" start="2024-04-21T12:24:45.928304" elapsed="0.000503"/>
</kw>
<kw name="Log" owner="BuiltIn">
<msg time="2024-04-21T12:24:45.929281" level="INFO">{'results': [{'gender': 'male', 'name': {'title': 'Mr', 'first': 'بردیا', 'last': 'پارسا'}, 'location': {'street': {'number': 9866, 'name': 'آیت الله طالقانی'}, 'city': 'خوی', 'state': 'اردبیل', 'country': 'Iran', 'postcode': 62099, 'coordinates': {'latitude': '15.1761', 'longitude': '-114.7306'}, 'timezone': {'offset': '+8:00', 'description': 'Beijing, Perth, Singapore, Hong Kong'}}, 'email': 'brdy.prs@example.com', 'login': {'uuid': '4cdf0619-8fa8-4708-99ab-fc88ea29d81b', 'username': 'redpanda986', 'password': 'monster', 'salt': 'I9NHDdFK', 'md5': 'b462a5a2cacf2eb9d38d38e5e86274fa', 'sha1': 'e4bbfcae59764db28a85e1cac9bfed8e4a7fa2d7', 'sha256': 'b6b883fbf266daf902316576795b11a512666b2d3e5719126f8cfae91c9c9387'}, 'dob': {'date': '1988-08-02T23:36:20.358Z', 'age': 35}, 'registered': {'date': '2012-06-09T21:38:05.569Z', 'age': 11}, 'phone': '086-16850786', 'cell': '0997-927-4223', 'id': {'name': '', 'value': None}, 'picture': {'large': 'https://randomuser.me/api/portraits/men/50.jpg', 'medium': 'https://randomuser.me/api/portraits/med/men/50.jpg', 'thumbnail': 'https://randomuser.me/api/portraits/thumb/men/50.jpg'}, 'nat': 'IR'}], 'info': {'seed': 'bce04dd2917eb99d', 'results': 1, 'page': 1, 'version': '1.4'}}</msg>
<arg>${json_data}</arg>
<doc>Logs the given message with the given level.</doc>
<status status="PASS" start="2024-04-21T12:24:45.929121" elapsed="0.000241"/>
</kw>
<kw name="Should Be Equal As Numbers" owner="BuiltIn">
<arg>${json_data['results'][0]['location']['postcode']}</arg>
<arg>${json_data['results'][0]['location']['postcode']}</arg>
<doc>Fails if objects are unequal after converting them to real numbers.</doc>
<status status="PASS" start="2024-04-21T12:24:45.929793" elapsed="0.000635"/>
</kw>
<kw name="Log" owner="BuiltIn">
<msg time="2024-04-21T12:24:45.930962" level="INFO">62099</msg>
<arg>${json_data['results'][0]['location']['postcode']}</arg>
<doc>Logs the given message with the given level.</doc>
<status status="PASS" start="2024-04-21T12:24:45.930623" elapsed="0.000379"/>
</kw>
<status status="PASS" start="2024-04-21T12:24:45.834069" elapsed="0.097185"/>
</kw>
<doc>Testa se os tipos de dados na resposta da API estão corretos.</doc>
<tag>testeTiposDados</tag>
<status status="PASS" start="2024-04-21T12:24:45.746501" elapsed="0.184912"/>
</test>
<test id="s1-s1-t5" name="Validar conteudo" line="35">
<kw name="Teste de Tipos de Conteudo" owner="random-user-service">
<kw name="GET On Session" owner="RequestsLibrary">
<msg time="2024-04-21T12:24:46.025385" level="INFO">GET Request : url=https://randomuser.me/api 
 path_url=/api 
 headers={'User-Agent': 'python-requests/2.31.0', 'Accept-Encoding': 'gzip, deflate', 'Accept': '*/*', 'Connection': 'keep-alive'} 
 body=None 
 </msg>
<msg time="2024-04-21T12:24:46.025469" level="INFO">GET Response : url=https://randomuser.me/api 
 status=200, reason=OK 
 headers={'Date': 'Sun, 21 Apr 2024 12:24:46 GMT', 'Content-Type': 'application/json; charset=utf-8', 'Transfer-Encoding': 'chunked', 'Connection': 'keep-alive', 'X-Powered-By': 'Express', 'Access-Control-Allow-Origin': '*', 'Cache-Control': 'no-cache', 'ETag': 'W/"467-f32aX5oBoK3D3xDaTtkgMzeFzyk"', 'Vary': 'Accept-Encoding', 'Content-Encoding': 'gzip', 'CF-Cache-Status': 'DYNAMIC', 'Report-To': '{"endpoints":[{"url":"https:\\/\\/a.nel.cloudflare.com\\/report\\/v4?s=VxTfq5ar3X50I5%2FFv5Z%2FlEQUFjA069Uu7Q8BhLVwc0BexCH5er%2Fz8uDKaEkKKFsdFfHQkPnkM9P%2FDyWl3WPdehQtU0G5%2F78hc8A7DIWIQqOanL3wNtcQF6Kt1vXefMwj"}],"group":"cf-nel","max_age":604800}', 'NEL': '{"success_fraction":0,"report_to":"cf-nel","max_age":604800}', 'Server': 'cloudflare', 'CF-RAY': '877d5a571a92112c-ORD', 'alt-svc': 'h3=":443"; ma=86400'} 
 body={"results":[{"gender":"female","name":{"title":"Ms","first":"Rose","last":"Hicks"},"location":{"street":{"number":4893,"name":"Ormond Quay"},"city":"Longford","state":"Carlow","country":"Ireland","postcode":76568,"coordinates":{"latitude":"4.0695","longitude":"53.5670"},"timezone":{"offset":"+5:45","description":"Kathmandu"}},"email":"rose.hicks@example.com","login":{"uuid":"c6eb7990-bab1-4931-8f0b-283f3cff2a74","username":"sadcat551","password":"123456a","salt":"QUfMofH9","md5":"904642650b0c2b10fbd768926a7f2dc9","sha1":"0230570c3f07fea3bc08482c0f78110827613bd5","sha256":"ea5f2ffc14de713210e3290892a9c5d49571f9aec505af8bf06ebd128e605e50"},"dob":{"date":"1958-01-04T00:44:54.609Z","age":66},"registered":{"date":"2021-09-11T13:27:10.907Z","age":2},"phone":"061-991-6430","cell":"081-678-7168","id":{"name":"PPS","value":"8286949T"},"picture":{"large":"https://randomuser.me/api/portraits/women/24.jpg","medium":"https://randomuser.me/api/portraits/med/women/24.jpg","thumbnail":"https://randomuser.me/api/portraits/thumb/women/24.jpg"},"nat":"IE"}],"info":{"seed":"b67db005e284c83d","results":1,"page":1,"version":"1.4"}} 
 </msg>
<msg time="2024-04-21T12:24:46.025542" level="INFO">/opt/hostedtoolcache/Python/3.12.3/x64/lib/python3.12/site-packages/urllib3/connectionpool.py:1103: InsecureRequestWarning: Unverified HTTPS request is being made to host 'randomuser.me'. Adding certificate verification is strongly advised. See: https://urllib3.readthedocs.io/en/latest/advanced-usage.html#tls-warnings
  warnings.warn(</msg>
<msg time="2024-04-21T12:24:46.025656" level="INFO">${response} = &lt;Response [200]&gt;</msg>
<var>${response}</var>
<arg>consultarAPI</arg>
<arg>/api</arg>
<doc>Sends a GET request on a previously created HTTP Session.</doc>
<status status="PASS" start="2024-04-21T12:24:45.933849" elapsed="0.091849"/>
</kw>
<kw name="Set Variable" owner="BuiltIn">
<msg time="2024-04-21T12:24:46.026562" level="INFO">${json_data} = {'results': [{'gender': 'female', 'name': {'title': 'Ms', 'first': 'Rose', 'last': 'Hicks'}, 'location': {'street': {'number': 4893, 'name': 'Ormond Quay'}, 'city': 'Longford', 'state': 'Carlow', 'cou...</msg>
<var>${json_data}</var>
<arg>${response.json()}</arg>
<doc>Returns the given values which can then be assigned to a variables.</doc>
<status status="PASS" start="2024-04-21T12:24:46.026119" elapsed="0.000471"/>
</kw>
<kw name="Set Variable" owner="BuiltIn">
<msg time="2024-04-21T12:24:46.027288" level="INFO">${name_title} = Ms</msg>
<var>${name_title}</var>
<arg>${json_data["results"][0]["name"]["title"]}</arg>
<doc>Returns the given values which can then be assigned to a variables.</doc>
<status status="PASS" start="2024-04-21T12:24:46.026899" elapsed="0.000414"/>
</kw>
<kw name="Create List" owner="BuiltIn">
<msg time="2024-04-21T12:24:46.027766" level="INFO">${allowed_titles} = ['Mr', 'Ms', 'Miss', 'Mrs', 'Madame', 'Monsieur']</msg>
<var>${allowed_titles}</var>
<arg>Mr</arg>
<arg>Ms</arg>
<arg>Miss</arg>
<arg>Mrs</arg>
<arg>Madame</arg>
<arg>Monsieur</arg>
<doc>Returns a list containing given items.</doc>
<status status="PASS" start="2024-04-21T12:24:46.027616" elapsed="0.000174"/>
</kw>
<kw name="List Should Contain Value" owner="Collections">
<msg time="2024-04-21T12:24:46.028348" level="INFO">False</msg>
<arg>${allowed_titles}</arg>
<arg>${name_title}</arg>
<doc>Fails if the ``value`` is not found from ``list``.</doc>
<status status="PASS" start="2024-04-21T12:24:46.028172" elapsed="0.000214"/>
</kw>
<kw name="Set Variable" owner="BuiltIn">
<msg time="2024-04-21T12:24:46.029076" level="INFO">${name_country} = IE</msg>
<var>${name_country}</var>
<arg>${json_data["results"][0]["nat"]}</arg>
<doc>Returns the given values which can then be assigned to a variables.</doc>
<status status="PASS" start="2024-04-21T12:24:46.028683" elapsed="0.000418"/>
</kw>
<kw name="Create List" owner="BuiltIn">
<msg time="2024-04-21T12:24:46.029989" level="INFO">${list_country} = ['AD', 'AE', 'AF', 'AG', 'AI', 'AL', 'AM', 'AO', 'AQ', 'AR', 'AS', 'AT', 'AU', 'AW', 'AX', 'AZ', 'BA', 'BB', 'BD', 'BE', 'BF', 'BG', 'BH', 'BI', 'BJ', 'BL', 'BM', 'BN', 'BO', 'BQ', 'BR', 'BS', 'BT', '...</msg>
<var>${list_country}</var>
<arg>AD</arg>
<arg>AE</arg>
<arg>AF</arg>
<arg>AG</arg>
<arg>AI</arg>
<arg>AL</arg>
<arg>AM</arg>
<arg>AO</arg>
<arg>AQ</arg>
<arg>AR</arg>
<arg>AS</arg>
<arg>AT</arg>
<arg>AU</arg>
<arg>AW</arg>
<arg>AX</arg>
<arg>AZ</arg>
<arg>BA</arg>
<arg>BB</arg>
<arg>BD</arg>
<arg>BE</arg>
<arg>BF</arg>
<arg>BG</arg>
<arg>BH</arg>
<arg>BI</arg>
<arg>BJ</arg>
<arg>BL</arg>
<arg>BM</arg>
<arg>BN</arg>
<arg>BO</arg>
<arg>BQ</arg>
<arg>BR</arg>
<arg>BS</arg>
<arg>BT</arg>
<arg>BV</arg>
<arg>BW</arg>
<arg>BY</arg>
<arg>BZ</arg>
<arg>CA</arg>
<arg>CC</arg>
<arg>CD</arg>
<arg>CF</arg>
<arg>CG</arg>
<arg>CH</arg>
<arg>CI</arg>
<arg>CK</arg>
<arg>CL</arg>
<arg>CM</arg>
<arg>CN</arg>
<arg>CO</arg>
<arg>CR</arg>
<arg>CU</arg>
<arg>CV</arg>
<arg>CW</arg>
<arg>CX</arg>
<arg>CY</arg>
<arg>CZ</arg>
<arg>DE</arg>
<arg>DJ</arg>
<arg>DK</arg>
<arg>DM</arg>
<arg>DO</arg>
<arg>DZ</arg>
<arg>EC</arg>
<arg>EE</arg>
<arg>EG</arg>
<arg>EH</arg>
<arg>ER</arg>
<arg>ES</arg>
<arg>ET</arg>
<arg>FI</arg>
<arg>FJ</arg>
<arg>FK</arg>
<arg>FM</arg>
<arg>FO</arg>
<arg>FR</arg>
<arg>GA</arg>
<arg>GB</arg>
<arg>GD</arg>
<arg>GE</arg>
<arg>GF</arg>
<arg>GG</arg>
<arg>GH</arg>
<arg>GI</arg>
<arg>GL</arg>
<arg>GM</arg>
<arg>GN</arg>
<arg>GP</arg>
<arg>GQ</arg>
<arg>GR</arg>
<arg>GS</arg>
<arg>GT</arg>
<arg>GU</arg>
<arg>GW</arg>
<arg>GY</arg>
<arg>HK</arg>
<arg>HM</arg>
<arg>HN</arg>
<arg>HR</arg>
<arg>HT</arg>
<arg>HU</arg>
<arg>ID</arg>
<arg>IE</arg>
<arg>IL</arg>
<arg>IM</arg>
<arg>IN</arg>
<arg>IO</arg>
<arg>IQ</arg>
<arg>IR</arg>
<arg>IS</arg>
<arg>IT</arg>
<arg>JE</arg>
<arg>JM</arg>
<arg>JO</arg>
<arg>JP</arg>
<arg>KE</arg>
<arg>KG</arg>
<arg>KH</arg>
<arg>KI</arg>
<arg>KM</arg>
<arg>KN</arg>
<arg>KP</arg>
<arg>KR</arg>
<arg>KW</arg>
<arg>KY</arg>
<arg>KZ</arg>
<arg>LA</arg>
<arg>LB</arg>
<arg>LC</arg>
<arg>LI</arg>
<arg>LK</arg>
<arg>LR</arg>
<arg>LS</arg>
<arg>LT</arg>
<arg>LU</arg>
<arg>LV</arg>
<arg>LY</arg>
<arg>MA</arg>
<arg>MC</arg>
<arg>MD</arg>
<arg>ME</arg>
<arg>MF</arg>
<arg>MG</arg>
<arg>MH</arg>
<arg>MK</arg>
<arg>ML</arg>
<arg>MM</arg>
<arg>MN</arg>
<arg>MO</arg>
<arg>MP</arg>
<arg>MQ</arg>
<arg>MR</arg>
<arg>MS</arg>
<arg>MT</arg>
<arg>MU</arg>
<arg>MV</arg>
<arg>MW</arg>
<arg>MX</arg>
<arg>MY</arg>
<arg>MZ</arg>
<arg>NA</arg>
<arg>NC</arg>
<arg>NE</arg>
<arg>NF</arg>
<arg>NG</arg>
<arg>NI</arg>
<arg>NL</arg>
<arg>NO</arg>
<arg>NP</arg>
<arg>NR</arg>
<arg>NU</arg>
<arg>NZ</arg>
<arg>OM</arg>
<arg>PA</arg>
<arg>PE</arg>
<arg>PF</arg>
<arg>PG</arg>
<arg>PH</arg>
<arg>PK</arg>
<arg>PL</arg>
<arg>PM</arg>
<arg>PN</arg>
<arg>PR</arg>
<arg>PS</arg>
<arg>PT</arg>
<arg>PW</arg>
<arg>PY</arg>
<arg>QA</arg>
<arg>RE</arg>
<arg>RO</arg>
<arg>RS</arg>
<arg>RU</arg>
<arg>RW</arg>
<arg>SA</arg>
<arg>SB</arg>
<arg>SC</arg>
<arg>SD</arg>
<arg>SE</arg>
<arg>SG</arg>
<arg>SH</arg>
<arg>SI</arg>
<arg>SJ</arg>
<arg>SK</arg>
<arg>SL</arg>
<arg>SM</arg>
<arg>SN</arg>
<arg>SO</arg>
<arg>SR</arg>
<arg>SS</arg>
<arg>ST</arg>
<arg>SV</arg>
<arg>SX</arg>
<arg>SY</arg>
<arg>SZ</arg>
<arg>TC</arg>
<arg>TD</arg>
<arg>TF</arg>
<arg>TG</arg>
<arg>TH</arg>
<arg>TJ</arg>
<arg>TK</arg>
<arg>TL</arg>
<arg>TM</arg>
<arg>TN</arg>
<arg>TO</arg>
<arg>TR</arg>
<arg>TT</arg>
<arg>TV</arg>
<arg>TW</arg>
<arg>TZ</arg>
<arg>UA</arg>
<arg>UG</arg>
<arg>UM</arg>
<arg>US</arg>
<arg>UY</arg>
<arg>UZ</arg>
<arg>VA</arg>
<arg>VC</arg>
<arg>VE</arg>
<arg>VG</arg>
<arg>VI</arg>
<arg>VN</arg>
<arg>VU</arg>
<arg>WF</arg>
<arg>WS</arg>
<arg>XK</arg>
<arg>YE</arg>
<arg>YT</arg>
<arg>ZA</arg>
<arg>ZM</arg>
<arg>ZW</arg>
<doc>Returns a list containing given items.</doc>
<status status="PASS" start="2024-04-21T12:24:46.029405" elapsed="0.000610"/>
</kw>
<kw name="List Should Contain Value" owner="Collections">
<msg time="2024-04-21T12:24:46.031011" level="INFO">False</msg>
<arg>${list_country}</arg>
<arg>${name_country}</arg>
<doc>Fails if the ``value`` is not found from ``list``.</doc>
<status status="PASS" start="2024-04-21T12:24:46.030808" elapsed="0.000241"/>
</kw>
<kw name="Run Keyword If" owner="BuiltIn">
<kw name="Should Be True" owner="BuiltIn">
<arg>${True}</arg>
<doc>Fails if the given condition is not true.</doc>
<status status="PASS" start="2024-04-21T12:24:46.032147" elapsed="0.000244"/>
</kw>
<arg>${json_data["results"][0]["location"]["coordinates"]["latitude"]} &gt;= -90 and ${json_data["results"][0]["location"]["coordinates"]["latitude"]} &lt;= 90</arg>
<arg>Should Be True</arg>
<arg>${True}</arg>
<doc>Runs the given keyword with the given arguments, if ``condition`` is true.</doc>
<status status="PASS" start="2024-04-21T12:24:46.031361" elapsed="0.001165"/>
</kw>
<kw name="Run Keyword If" owner="BuiltIn">
<kw name="Should Be True" owner="BuiltIn">
<arg>${True}</arg>
<doc>Fails if the given condition is not true.</doc>
<status status="PASS" start="2024-04-21T12:24:46.033440" elapsed="0.000140"/>
</kw>
<arg>${json_data["results"][0]["location"]["coordinates"]["longitude"]} &gt;= -180 and ${json_data["results"][0]["location"]["coordinates"]["longitude"]} &lt;= 180</arg>
<arg>Should Be True</arg>
<arg>${True}</arg>
<doc>Runs the given keyword with the given arguments, if ``condition`` is true.</doc>
<status status="PASS" start="2024-04-21T12:24:46.032722" elapsed="0.000985"/>
</kw>
<status status="PASS" start="2024-04-21T12:24:45.933629" elapsed="0.100209"/>
</kw>
<doc>Testa o conteúdo específico dos campos retornados pela API.</doc>
<tag>testeConteudo</tag>
<status status="PASS" start="2024-04-21T12:24:45.933205" elapsed="0.100778"/>
</test>
<status status="PASS" start="2024-04-21T12:24:45.170234" elapsed="0.865674"/>
</suite>
<status status="PASS" start="2024-04-21T12:24:45.156753" elapsed="0.884267"/>
</suite>
<statistics>
<total>
<stat pass="5" fail="0" skip="0">All Tests</stat>
</total>
<tag>
<stat pass="1" fail="0" skip="0">testeConteudo</stat>
<stat pass="1" fail="0" skip="0">testeEstruturaResposta</stat>
<stat pass="1" fail="0" skip="0">testeRequisicaoBasica</stat>
<stat pass="1" fail="0" skip="0">testeTiposDados</stat>
</tag>
<suite>
<stat pass="5" fail="0" skip="0" id="s1" name="Tests">Tests</stat>
<stat pass="5" fail="0" skip="0" id="s1-s1" name="Random-User-Test">Tests.Random-User-Test</stat>
</suite>
</statistics>
<errors>
</errors>
</robot>
