<?xml version="1.0" encoding="UTF-8"?>
<robot generator="Robot 7.0 (Python 3.12.3 on linux)" generated="2024-05-10T17:12:00.176358" rpa="false" schemaversion="5">
<suite id="s1" name="Tests" source="/home/runner/work/DesafioQAItauRogerioJordao/DesafioQAItauRogerioJordao/RamdonUser/tests">
<suite id="s1-s1" name="Random-User-Test" source="/home/runner/work/DesafioQAItauRogerioJordao/DesafioQAItauRogerioJordao/RamdonUser/tests/random-user-test.robot">
<test id="s1-s1-t1" name="Conectar" line="13">
<kw name="Conectar API" owner="random-user-service">
<kw name="Create Session" owner="RequestsLibrary">
<msg time="2024-05-10T17:12:00.558717" level="INFO">Creating Session using : alias=consultarAPI, url=https://randomuser.me/, headers={},                     cookies={}, auth=None, timeout=None, proxies=None, verify=False,                     debug=0 </msg>
<arg>consultarAPI</arg>
<arg>${URL}</arg>
<doc>Create Session: create a HTTP session to a server</doc>
<status status="PASS" start="2024-05-10T17:12:00.558498" elapsed="0.000423"/>
</kw>
<status status="PASS" start="2024-05-10T17:12:00.557445" elapsed="0.001879"/>
</kw>
<status status="PASS" start="2024-05-10T17:12:00.556649" elapsed="0.002881"/>
</test>
<test id="s1-s1-t2" name="Validar retorno 200 e JSON Válido" line="16">
<kw name="Teste de Requisicao Basica" owner="random-user-service">
<kw name="GET On Session" owner="RequestsLibrary">
<msg time="2024-05-10T17:12:00.823141" level="INFO">GET Request : url=https://randomuser.me/api 
 path_url=/api 
 headers={'User-Agent': 'python-requests/2.31.0', 'Accept-Encoding': 'gzip, deflate', 'Accept': '*/*', 'Connection': 'keep-alive'} 
 body=None 
 </msg>
<msg time="2024-05-10T17:12:00.823322" level="INFO">GET Response : url=https://randomuser.me/api 
 status=200, reason=OK 
 headers={'Date': 'Fri, 10 May 2024 17:12:00 GMT', 'Content-Type': 'application/json; charset=utf-8', 'Transfer-Encoding': 'chunked', 'Connection': 'keep-alive', 'X-Powered-By': 'Express', 'Access-Control-Allow-Origin': '*', 'Cache-Control': 'no-cache', 'ETag': 'W/"497-CbNIFVahd3v6BfXggs3GaoI44+8"', 'Vary': 'Accept-Encoding', 'Content-Encoding': 'gzip', 'CF-Cache-Status': 'DYNAMIC', 'Report-To': '{"endpoints":[{"url":"https:\\/\\/a.nel.cloudflare.com\\/report\\/v4?s=tWcp2WBjqLbSI2p7IaX0PIvfFNWX1JSWcoBqtumJdJxwS%2BBfJDn3%2FlC0UYJxhr0tv4wzX95VIgLsPRP2s54xSywOWlhpJiUiRC0CsueSNaEYduebkvAc61XgX6romLuV"}],"group":"cf-nel","max_age":604800}', 'NEL': '{"success_fraction":0,"report_to":"cf-nel","max_age":604800}', 'Server': 'cloudflare', 'CF-RAY': '881b8d3c99c32284-SJC', 'alt-svc': 'h3=":443"; ma=86400'} 
 body={"results":[{"gender":"female","name":{"title":"Mrs","first":"Lilja","last":"Paavola"},"location":{"street":{"number":6258,"name":"Fredrikinkatu"},"city":"Kuusamo","state":"Uusimaa","country":"Finland","postcode":96766,"coordinates":{"latitude":"-25.8112","longitude":"110.5053"},"timezone":{"offset":"+9:00","description":"Tokyo, Seoul, Osaka, Sapporo, Yakutsk"}},"email":"lilja.paavola@example.com","login":{"uuid":"7a9ea16e-f8d8-47c7-86ea-e3562e346fd1","username":"redswan306","password":"tank","salt":"I1HCXBsx","md5":"3caea064a887b55d2a402b75096c64fd","sha1":"ed9de8c4c8f8eb047ef52dfb7a8b881f3b06c9da","sha256":"126ae2fc7b3faa1f228e8f6ee9d54bf6750662dd51d88a69a3396bc3b6addc58"},"dob":{"date":"1963-05-15T20:59:45.455Z","age":60},"registered":{"date":"2010-11-03T22:36:16.980Z","age":13},"phone":"09-234-980","cell":"042-673-39-77","id":{"name":"HETU","value":"NaNNA272undefined"},"picture":{"large":"https://randomuser.me/api/portraits/women/17.jpg","medium":"https://randomuser.me/api/portraits/med/women/17.jpg","thumbnail":"https://randomuser.me/api/portraits/thumb/women/17.jpg"},"nat":"FI"}],"info":{"seed":"779e3693c551f6a0","results":1,"page":1,"version":"1.4"}} 
 </msg>
<msg time="2024-05-10T17:12:00.823409" level="INFO">/opt/hostedtoolcache/Python/3.12.3/x64/lib/python3.12/site-packages/urllib3/connectionpool.py:1103: InsecureRequestWarning: Unverified HTTPS request is being made to host 'randomuser.me'. Adding certificate verification is strongly advised. See: https://urllib3.readthedocs.io/en/latest/advanced-usage.html#tls-warnings
  warnings.warn(</msg>
<msg time="2024-05-10T17:12:00.823579" level="INFO">${response} = &lt;Response [200]&gt;</msg>
<var>${response}</var>
<arg>consultarAPI</arg>
<arg>/api</arg>
<doc>Sends a GET request on a previously created HTTP Session.</doc>
<status status="PASS" start="2024-05-10T17:12:00.562271" elapsed="0.261353"/>
</kw>
<kw name="Should Be Equal As Numbers" owner="BuiltIn">
<msg time="2024-05-10T17:12:00.824884" level="INFO">Argument types are:
&lt;class 'int'&gt;
&lt;class 'str'&gt;</msg>
<arg>${response.status_code}</arg>
<arg>200</arg>
<doc>Fails if objects are unequal after converting them to real numbers.</doc>
<status status="PASS" start="2024-05-10T17:12:00.824333" elapsed="0.000623"/>
</kw>
<kw name="Log" owner="BuiltIn">
<msg time="2024-05-10T17:12:00.825754" level="INFO">200</msg>
<arg>${response.status_code}</arg>
<doc>Logs the given message with the given level.</doc>
<status status="PASS" start="2024-05-10T17:12:00.825366" elapsed="0.000448"/>
</kw>
<kw name="Set Variable" owner="BuiltIn">
<msg time="2024-05-10T17:12:00.826602" level="INFO">${json_data} = {'results': [{'gender': 'female', 'name': {'title': 'Mrs', 'first': 'Lilja', 'last': 'Paavola'}, 'location': {'street': {'number': 6258, 'name': 'Fredrikinkatu'}, 'city': 'Kuusamo', 'state': 'Uusimaa'...</msg>
<var>${json_data}</var>
<arg>${response.json()}</arg>
<doc>Returns the given values which can then be assigned to a variables.</doc>
<status status="PASS" start="2024-05-10T17:12:00.826150" elapsed="0.000481"/>
</kw>
<kw name="Dictionary Should Contain Key" owner="Collections">
<msg time="2024-05-10T17:12:00.827128" level="INFO">False</msg>
<arg>${json_data}</arg>
<arg>results</arg>
<doc>Fails if ``key`` is not found from ``dictionary``.</doc>
<status status="PASS" start="2024-05-10T17:12:00.826944" elapsed="0.000225"/>
</kw>
<status status="PASS" start="2024-05-10T17:12:00.562003" elapsed="0.265430"/>
</kw>
<doc>Testa se a API responde corretamente e retorna um objeto JSON válido.</doc>
<tag>testeRequisicaoBasica</tag>
<status status="PASS" start="2024-05-10T17:12:00.561514" elapsed="0.266113"/>
</test>
<test id="s1-s1-t3" name="Validar estrutura de resposta" line="22">
<kw name="Teste de Estrutura de Resposta" owner="random-user-service">
<kw name="GET On Session" owner="RequestsLibrary">
<msg time="2024-05-10T17:12:00.933197" level="INFO">GET Request : url=https://randomuser.me/api 
 path_url=/api 
 headers={'User-Agent': 'python-requests/2.31.0', 'Accept-Encoding': 'gzip, deflate', 'Accept': '*/*', 'Connection': 'keep-alive'} 
 body=None 
 </msg>
<msg time="2024-05-10T17:12:00.933316" level="INFO">GET Response : url=https://randomuser.me/api 
 status=200, reason=OK 
 headers={'Date': 'Fri, 10 May 2024 17:12:00 GMT', 'Content-Type': 'application/json; charset=utf-8', 'Transfer-Encoding': 'chunked', 'Connection': 'keep-alive', 'X-Powered-By': 'Express', 'Access-Control-Allow-Origin': '*', 'Cache-Control': 'no-cache', 'ETag': 'W/"483-/l8XsTIn4ZASytb/bO4pHiBFUeo"', 'Vary': 'Accept-Encoding', 'Content-Encoding': 'gzip', 'CF-Cache-Status': 'DYNAMIC', 'Report-To': '{"endpoints":[{"url":"https:\\/\\/a.nel.cloudflare.com\\/report\\/v4?s=yGXnFc7HgUuy4DU8lwFpiQy9q%2BBCmkbrKUH0A%2B3nYFTEnIIyz0jwyZHZKSOSdfOSwNT8uSXt%2BLRe%2FH9ZgqFADEssTNfmjiTdcwqiVoAnIka1RI5frhGbSCMhYPJUkrIp"}],"group":"cf-nel","max_age":604800}', 'NEL': '{"success_fraction":0,"report_to":"cf-nel","max_age":604800}', 'Server': 'cloudflare', 'CF-RAY': '881b8d3d3a612284-SJC', 'alt-svc': 'h3=":443"; ma=86400'} 
 body={"results":[{"gender":"female","name":{"title":"Miss","first":"Shabari","last":"Bhat"},"location":{"street":{"number":3578,"name":"Tilak Marg"},"city":"Shimla","state":"Maharashtra","country":"India","postcode":32747,"coordinates":{"latitude":"6.4533","longitude":"102.6653"},"timezone":{"offset":"-8:00","description":"Pacific Time (US &amp; Canada)"}},"email":"shabari.bhat@example.com","login":{"uuid":"b2425fd9-4174-475c-9915-1c64ea3a3f28","username":"greencat819","password":"animal","salt":"gEqBuXML","md5":"3369c2231002d09399663b02a53997e5","sha1":"60d5dd015c3302642c6fc537196ca22a3082b8fe","sha256":"dd007acd4417afa86f5b43c43351b1ee9fa0da5323d4386558234318eae92187"},"dob":{"date":"1969-06-06T20:09:27.564Z","age":54},"registered":{"date":"2007-12-01T12:52:25.108Z","age":16},"phone":"8262915571","cell":"9203205835","id":{"name":"UIDAI","value":"497198343435"},"picture":{"large":"https://randomuser.me/api/portraits/women/85.jpg","medium":"https://randomuser.me/api/portraits/med/women/85.jpg","thumbnail":"https://randomuser.me/api/portraits/thumb/women/85.jpg"},"nat":"IN"}],"info":{"seed":"b3b4d500ea4cd395","results":1,"page":1,"version":"1.4"}} 
 </msg>
<msg time="2024-05-10T17:12:00.933468" level="INFO">/opt/hostedtoolcache/Python/3.12.3/x64/lib/python3.12/site-packages/urllib3/connectionpool.py:1103: InsecureRequestWarning: Unverified HTTPS request is being made to host 'randomuser.me'. Adding certificate verification is strongly advised. See: https://urllib3.readthedocs.io/en/latest/advanced-usage.html#tls-warnings
  warnings.warn(</msg>
<msg time="2024-05-10T17:12:00.933608" level="INFO">${response} = &lt;Response [200]&gt;</msg>
<var>${response}</var>
<arg>consultarAPI</arg>
<arg>/api</arg>
<doc>Sends a GET request on a previously created HTTP Session.</doc>
<status status="PASS" start="2024-05-10T17:12:00.830459" elapsed="0.103191"/>
</kw>
<kw name="Set Variable" owner="BuiltIn">
<msg time="2024-05-10T17:12:00.934877" level="INFO">${json_data} = {'results': [{'gender': 'female', 'name': {'title': 'Miss', 'first': 'Shabari', 'last': 'Bhat'}, 'location': {'street': {'number': 3578, 'name': 'Tilak Marg'}, 'city': 'Shimla', 'state': 'Maharashtra'...</msg>
<var>${json_data}</var>
<arg>${response.json()}</arg>
<doc>Returns the given values which can then be assigned to a variables.</doc>
<status status="PASS" start="2024-05-10T17:12:00.934292" elapsed="0.000613"/>
</kw>
<kw name="Log" owner="BuiltIn">
<msg time="2024-05-10T17:12:00.935380" level="INFO">{'results': [{'gender': 'female', 'name': {'title': 'Miss', 'first': 'Shabari', 'last': 'Bhat'}, 'location': {'street': {'number': 3578, 'name': 'Tilak Marg'}, 'city': 'Shimla', 'state': 'Maharashtra', 'country': 'India', 'postcode': 32747, 'coordinates': {'latitude': '6.4533', 'longitude': '102.6653'}, 'timezone': {'offset': '-8:00', 'description': 'Pacific Time (US &amp; Canada)'}}, 'email': 'shabari.bhat@example.com', 'login': {'uuid': 'b2425fd9-4174-475c-9915-1c64ea3a3f28', 'username': 'greencat819', 'password': 'animal', 'salt': 'gEqBuXML', 'md5': '3369c2231002d09399663b02a53997e5', 'sha1': '60d5dd015c3302642c6fc537196ca22a3082b8fe', 'sha256': 'dd007acd4417afa86f5b43c43351b1ee9fa0da5323d4386558234318eae92187'}, 'dob': {'date': '1969-06-06T20:09:27.564Z', 'age': 54}, 'registered': {'date': '2007-12-01T12:52:25.108Z', 'age': 16}, 'phone': '8262915571', 'cell': '9203205835', 'id': {'name': 'UIDAI', 'value': '497198343435'}, 'picture': {'large': 'https://randomuser.me/api/portraits/women/85.jpg', 'medium': 'https://randomuser.me/api/portraits/med/women/85.jpg', 'thumbnail': 'https://randomuser.me/api/portraits/thumb/women/85.jpg'}, 'nat': 'IN'}], 'info': {'seed': 'b3b4d500ea4cd395', 'results': 1, 'page': 1, 'version': '1.4'}}</msg>
<arg>${json_data}</arg>
<doc>Logs the given message with the given level.</doc>
<status status="PASS" start="2024-05-10T17:12:00.935223" elapsed="0.000206"/>
</kw>
<kw name="Dictionary Should Contain Key" owner="Collections">
<msg time="2024-05-10T17:12:00.935879" level="INFO">False</msg>
<arg>${json_data}</arg>
<arg>results</arg>
<doc>Fails if ``key`` is not found from ``dictionary``.</doc>
<status status="PASS" start="2024-05-10T17:12:00.935718" elapsed="0.000198"/>
</kw>
<kw name="Should Not Be Empty" owner="BuiltIn">
<msg time="2024-05-10T17:12:00.936338" level="INFO">Length is 2.</msg>
<arg>${json_data}</arg>
<doc>Verifies that the given item is not empty.</doc>
<status status="PASS" start="2024-05-10T17:12:00.936208" elapsed="0.000373"/>
</kw>
<kw name="Create List" owner="BuiltIn">
<msg time="2024-05-10T17:12:00.937034" level="INFO">${expected_keys} = ['gender', 'name', 'location', 'email', 'login']</msg>
<var>${expected_keys}</var>
<arg>gender</arg>
<arg>name</arg>
<arg>location</arg>
<arg>email</arg>
<arg>login</arg>
<doc>Returns a list containing given items.</doc>
<status status="PASS" start="2024-05-10T17:12:00.936880" elapsed="0.000178"/>
</kw>
<for flavor="IN">
<iter>
<kw name="Dictionary Should Contain Key" owner="Collections">
<msg time="2024-05-10T17:12:00.938058" level="INFO">False</msg>
<arg>${json_data['results'][0]}</arg>
<arg>${key}</arg>
<doc>Fails if ``key`` is not found from ``dictionary``.</doc>
<status status="PASS" start="2024-05-10T17:12:00.937642" elapsed="0.000454"/>
</kw>
<kw name="Log" owner="BuiltIn">
<msg time="2024-05-10T17:12:00.938765" level="INFO">{'gender': 'female', 'name': {'title': 'Miss', 'first': 'Shabari', 'last': 'Bhat'}, 'location': {'street': {'number': 3578, 'name': 'Tilak Marg'}, 'city': 'Shimla', 'state': 'Maharashtra', 'country': 'India', 'postcode': 32747, 'coordinates': {'latitude': '6.4533', 'longitude': '102.6653'}, 'timezone': {'offset': '-8:00', 'description': 'Pacific Time (US &amp; Canada)'}}, 'email': 'shabari.bhat@example.com', 'login': {'uuid': 'b2425fd9-4174-475c-9915-1c64ea3a3f28', 'username': 'greencat819', 'password': 'animal', 'salt': 'gEqBuXML', 'md5': '3369c2231002d09399663b02a53997e5', 'sha1': '60d5dd015c3302642c6fc537196ca22a3082b8fe', 'sha256': 'dd007acd4417afa86f5b43c43351b1ee9fa0da5323d4386558234318eae92187'}, 'dob': {'date': '1969-06-06T20:09:27.564Z', 'age': 54}, 'registered': {'date': '2007-12-01T12:52:25.108Z', 'age': 16}, 'phone': '8262915571', 'cell': '9203205835', 'id': {'name': 'UIDAI', 'value': '497198343435'}, 'picture': {'large': 'https://randomuser.me/api/portraits/women/85.jpg', 'medium': 'https://randomuser.me/api/portraits/med/women/85.jpg', 'thumbnail': 'https://randomuser.me/api/portraits/thumb/women/85.jpg'}, 'nat': 'IN'}</msg>
<arg>${json_data['results'][0]}</arg>
<doc>Logs the given message with the given level.</doc>
<status status="PASS" start="2024-05-10T17:12:00.938396" elapsed="0.000418"/>
</kw>
<kw name="Log" owner="BuiltIn">
<msg time="2024-05-10T17:12:00.939235" level="INFO">gender</msg>
<arg>${key}</arg>
<doc>Logs the given message with the given level.</doc>
<status status="PASS" start="2024-05-10T17:12:00.939109" elapsed="0.000163"/>
</kw>
<var name="${key}">gender</var>
<status status="PASS" start="2024-05-10T17:12:00.937517" elapsed="0.001967"/>
</iter>
<iter>
<kw name="Dictionary Should Contain Key" owner="Collections">
<msg time="2024-05-10T17:12:00.940157" level="INFO">False</msg>
<arg>${json_data['results'][0]}</arg>
<arg>${key}</arg>
<doc>Fails if ``key`` is not found from ``dictionary``.</doc>
<status status="PASS" start="2024-05-10T17:12:00.939781" elapsed="0.000412"/>
</kw>
<kw name="Log" owner="BuiltIn">
<msg time="2024-05-10T17:12:00.940899" level="INFO">{'gender': 'female', 'name': {'title': 'Miss', 'first': 'Shabari', 'last': 'Bhat'}, 'location': {'street': {'number': 3578, 'name': 'Tilak Marg'}, 'city': 'Shimla', 'state': 'Maharashtra', 'country': 'India', 'postcode': 32747, 'coordinates': {'latitude': '6.4533', 'longitude': '102.6653'}, 'timezone': {'offset': '-8:00', 'description': 'Pacific Time (US &amp; Canada)'}}, 'email': 'shabari.bhat@example.com', 'login': {'uuid': 'b2425fd9-4174-475c-9915-1c64ea3a3f28', 'username': 'greencat819', 'password': 'animal', 'salt': 'gEqBuXML', 'md5': '3369c2231002d09399663b02a53997e5', 'sha1': '60d5dd015c3302642c6fc537196ca22a3082b8fe', 'sha256': 'dd007acd4417afa86f5b43c43351b1ee9fa0da5323d4386558234318eae92187'}, 'dob': {'date': '1969-06-06T20:09:27.564Z', 'age': 54}, 'registered': {'date': '2007-12-01T12:52:25.108Z', 'age': 16}, 'phone': '8262915571', 'cell': '9203205835', 'id': {'name': 'UIDAI', 'value': '497198343435'}, 'picture': {'large': 'https://randomuser.me/api/portraits/women/85.jpg', 'medium': 'https://randomuser.me/api/portraits/med/women/85.jpg', 'thumbnail': 'https://randomuser.me/api/portraits/thumb/women/85.jpg'}, 'nat': 'IN'}</msg>
<arg>${json_data['results'][0]}</arg>
<doc>Logs the given message with the given level.</doc>
<status status="PASS" start="2024-05-10T17:12:00.940532" elapsed="0.000416"/>
</kw>
<kw name="Log" owner="BuiltIn">
<msg time="2024-05-10T17:12:00.941363" level="INFO">name</msg>
<arg>${key}</arg>
<doc>Logs the given message with the given level.</doc>
<status status="PASS" start="2024-05-10T17:12:00.941239" elapsed="0.000161"/>
</kw>
<var name="${key}">name</var>
<status status="PASS" start="2024-05-10T17:12:00.939668" elapsed="0.001945"/>
</iter>
<iter>
<kw name="Dictionary Should Contain Key" owner="Collections">
<msg time="2024-05-10T17:12:00.942285" level="INFO">False</msg>
<arg>${json_data['results'][0]}</arg>
<arg>${key}</arg>
<doc>Fails if ``key`` is not found from ``dictionary``.</doc>
<status status="PASS" start="2024-05-10T17:12:00.941900" elapsed="0.000421"/>
</kw>
<kw name="Log" owner="BuiltIn">
<msg time="2024-05-10T17:12:00.942969" level="INFO">{'gender': 'female', 'name': {'title': 'Miss', 'first': 'Shabari', 'last': 'Bhat'}, 'location': {'street': {'number': 3578, 'name': 'Tilak Marg'}, 'city': 'Shimla', 'state': 'Maharashtra', 'country': 'India', 'postcode': 32747, 'coordinates': {'latitude': '6.4533', 'longitude': '102.6653'}, 'timezone': {'offset': '-8:00', 'description': 'Pacific Time (US &amp; Canada)'}}, 'email': 'shabari.bhat@example.com', 'login': {'uuid': 'b2425fd9-4174-475c-9915-1c64ea3a3f28', 'username': 'greencat819', 'password': 'animal', 'salt': 'gEqBuXML', 'md5': '3369c2231002d09399663b02a53997e5', 'sha1': '60d5dd015c3302642c6fc537196ca22a3082b8fe', 'sha256': 'dd007acd4417afa86f5b43c43351b1ee9fa0da5323d4386558234318eae92187'}, 'dob': {'date': '1969-06-06T20:09:27.564Z', 'age': 54}, 'registered': {'date': '2007-12-01T12:52:25.108Z', 'age': 16}, 'phone': '8262915571', 'cell': '9203205835', 'id': {'name': 'UIDAI', 'value': '497198343435'}, 'picture': {'large': 'https://randomuser.me/api/portraits/women/85.jpg', 'medium': 'https://randomuser.me/api/portraits/med/women/85.jpg', 'thumbnail': 'https://randomuser.me/api/portraits/thumb/women/85.jpg'}, 'nat': 'IN'}</msg>
<arg>${json_data['results'][0]}</arg>
<doc>Logs the given message with the given level.</doc>
<status status="PASS" start="2024-05-10T17:12:00.942613" elapsed="0.000406"/>
</kw>
<kw name="Log" owner="BuiltIn">
<msg time="2024-05-10T17:12:00.943441" level="INFO">location</msg>
<arg>${key}</arg>
<doc>Logs the given message with the given level.</doc>
<status status="PASS" start="2024-05-10T17:12:00.943315" elapsed="0.000164"/>
</kw>
<var name="${key}">location</var>
<status status="PASS" start="2024-05-10T17:12:00.941789" elapsed="0.001905"/>
</iter>
<iter>
<kw name="Dictionary Should Contain Key" owner="Collections">
<msg time="2024-05-10T17:12:00.944352" level="INFO">False</msg>
<arg>${json_data['results'][0]}</arg>
<arg>${key}</arg>
<doc>Fails if ``key`` is not found from ``dictionary``.</doc>
<status status="PASS" start="2024-05-10T17:12:00.943974" elapsed="0.000414"/>
</kw>
<kw name="Log" owner="BuiltIn">
<msg time="2024-05-10T17:12:00.945089" level="INFO">{'gender': 'female', 'name': {'title': 'Miss', 'first': 'Shabari', 'last': 'Bhat'}, 'location': {'street': {'number': 3578, 'name': 'Tilak Marg'}, 'city': 'Shimla', 'state': 'Maharashtra', 'country': 'India', 'postcode': 32747, 'coordinates': {'latitude': '6.4533', 'longitude': '102.6653'}, 'timezone': {'offset': '-8:00', 'description': 'Pacific Time (US &amp; Canada)'}}, 'email': 'shabari.bhat@example.com', 'login': {'uuid': 'b2425fd9-4174-475c-9915-1c64ea3a3f28', 'username': 'greencat819', 'password': 'animal', 'salt': 'gEqBuXML', 'md5': '3369c2231002d09399663b02a53997e5', 'sha1': '60d5dd015c3302642c6fc537196ca22a3082b8fe', 'sha256': 'dd007acd4417afa86f5b43c43351b1ee9fa0da5323d4386558234318eae92187'}, 'dob': {'date': '1969-06-06T20:09:27.564Z', 'age': 54}, 'registered': {'date': '2007-12-01T12:52:25.108Z', 'age': 16}, 'phone': '8262915571', 'cell': '9203205835', 'id': {'name': 'UIDAI', 'value': '497198343435'}, 'picture': {'large': 'https://randomuser.me/api/portraits/women/85.jpg', 'medium': 'https://randomuser.me/api/portraits/med/women/85.jpg', 'thumbnail': 'https://randomuser.me/api/portraits/thumb/women/85.jpg'}, 'nat': 'IN'}</msg>
<arg>${json_data['results'][0]}</arg>
<doc>Logs the given message with the given level.</doc>
<status status="PASS" start="2024-05-10T17:12:00.944720" elapsed="0.000418"/>
</kw>
<kw name="Log" owner="BuiltIn">
<msg time="2024-05-10T17:12:00.945557" level="INFO">email</msg>
<arg>${key}</arg>
<doc>Logs the given message with the given level.</doc>
<status status="PASS" start="2024-05-10T17:12:00.945431" elapsed="0.000162"/>
</kw>
<var name="${key}">email</var>
<status status="PASS" start="2024-05-10T17:12:00.943864" elapsed="0.001939"/>
</iter>
<iter>
<kw name="Dictionary Should Contain Key" owner="Collections">
<msg time="2024-05-10T17:12:00.946465" level="INFO">False</msg>
<arg>${json_data['results'][0]}</arg>
<arg>${key}</arg>
<doc>Fails if ``key`` is not found from ``dictionary``.</doc>
<status status="PASS" start="2024-05-10T17:12:00.946084" elapsed="0.000419"/>
</kw>
<kw name="Log" owner="BuiltIn">
<msg time="2024-05-10T17:12:00.947161" level="INFO">{'gender': 'female', 'name': {'title': 'Miss', 'first': 'Shabari', 'last': 'Bhat'}, 'location': {'street': {'number': 3578, 'name': 'Tilak Marg'}, 'city': 'Shimla', 'state': 'Maharashtra', 'country': 'India', 'postcode': 32747, 'coordinates': {'latitude': '6.4533', 'longitude': '102.6653'}, 'timezone': {'offset': '-8:00', 'description': 'Pacific Time (US &amp; Canada)'}}, 'email': 'shabari.bhat@example.com', 'login': {'uuid': 'b2425fd9-4174-475c-9915-1c64ea3a3f28', 'username': 'greencat819', 'password': 'animal', 'salt': 'gEqBuXML', 'md5': '3369c2231002d09399663b02a53997e5', 'sha1': '60d5dd015c3302642c6fc537196ca22a3082b8fe', 'sha256': 'dd007acd4417afa86f5b43c43351b1ee9fa0da5323d4386558234318eae92187'}, 'dob': {'date': '1969-06-06T20:09:27.564Z', 'age': 54}, 'registered': {'date': '2007-12-01T12:52:25.108Z', 'age': 16}, 'phone': '8262915571', 'cell': '9203205835', 'id': {'name': 'UIDAI', 'value': '497198343435'}, 'picture': {'large': 'https://randomuser.me/api/portraits/women/85.jpg', 'medium': 'https://randomuser.me/api/portraits/med/women/85.jpg', 'thumbnail': 'https://randomuser.me/api/portraits/thumb/women/85.jpg'}, 'nat': 'IN'}</msg>
<arg>${json_data['results'][0]}</arg>
<doc>Logs the given message with the given level.</doc>
<status status="PASS" start="2024-05-10T17:12:00.946804" elapsed="0.000405"/>
</kw>
<kw name="Log" owner="BuiltIn">
<msg time="2024-05-10T17:12:00.947629" level="INFO">login</msg>
<arg>${key}</arg>
<doc>Logs the given message with the given level.</doc>
<status status="PASS" start="2024-05-10T17:12:00.947505" elapsed="0.000161"/>
</kw>
<var name="${key}">login</var>
<status status="PASS" start="2024-05-10T17:12:00.945975" elapsed="0.001940"/>
</iter>
<var>${key}</var>
<value>@{expected_keys}</value>
<status status="PASS" start="2024-05-10T17:12:00.937321" elapsed="0.010718"/>
</for>
<kw name="Create List" owner="BuiltIn">
<msg time="2024-05-10T17:12:00.948368" level="INFO">${expected_keysTwo} = ['username', 'password']</msg>
<var>${expected_keysTwo}</var>
<arg>username</arg>
<arg>password</arg>
<doc>Returns a list containing given items.</doc>
<status status="PASS" start="2024-05-10T17:12:00.948233" elapsed="0.000158"/>
</kw>
<for flavor="IN">
<iter>
<kw name="Dictionary Should Contain Key" owner="Collections">
<msg time="2024-05-10T17:12:00.949331" level="INFO">False</msg>
<arg>${json_data['results'][0]['login']}</arg>
<arg>${keyTwo}</arg>
<doc>Fails if ``key`` is not found from ``dictionary``.</doc>
<status status="PASS" start="2024-05-10T17:12:00.948939" elapsed="0.000428"/>
</kw>
<kw name="Dictionary Should Contain Key" owner="Collections">
<msg time="2024-05-10T17:12:00.950042" level="INFO">False</msg>
<arg>${json_data['results'][0]['login']}</arg>
<arg>${keyTwo}</arg>
<doc>Fails if ``key`` is not found from ``dictionary``.</doc>
<status status="PASS" start="2024-05-10T17:12:00.949663" elapsed="0.000417"/>
</kw>
<kw name="Log" owner="BuiltIn">
<msg time="2024-05-10T17:12:00.950498" level="INFO">username</msg>
<arg>${keyTwo}</arg>
<doc>Logs the given message with the given level.</doc>
<status status="PASS" start="2024-05-10T17:12:00.950372" elapsed="0.000167"/>
</kw>
<var name="${keyTwo}">username</var>
<status status="PASS" start="2024-05-10T17:12:00.948829" elapsed="0.001933"/>
</iter>
<iter>
<kw name="Dictionary Should Contain Key" owner="Collections">
<msg time="2024-05-10T17:12:00.951511" level="INFO">False</msg>
<arg>${json_data['results'][0]['login']}</arg>
<arg>${keyTwo}</arg>
<doc>Fails if ``key`` is not found from ``dictionary``.</doc>
<status status="PASS" start="2024-05-10T17:12:00.951040" elapsed="0.000511"/>
</kw>
<kw name="Dictionary Should Contain Key" owner="Collections">
<msg time="2024-05-10T17:12:00.952223" level="INFO">False</msg>
<arg>${json_data['results'][0]['login']}</arg>
<arg>${keyTwo}</arg>
<doc>Fails if ``key`` is not found from ``dictionary``.</doc>
<status status="PASS" start="2024-05-10T17:12:00.951847" elapsed="0.000413"/>
</kw>
<kw name="Log" owner="BuiltIn">
<msg time="2024-05-10T17:12:00.952733" level="INFO">password</msg>
<arg>${keyTwo}</arg>
<doc>Logs the given message with the given level.</doc>
<status status="PASS" start="2024-05-10T17:12:00.952592" elapsed="0.000178"/>
</kw>
<var name="${keyTwo}">password</var>
<status status="PASS" start="2024-05-10T17:12:00.950932" elapsed="0.002057"/>
</iter>
<var>${keyTwo}</var>
<value>@{expected_keysTwo}</value>
<status status="PASS" start="2024-05-10T17:12:00.948659" elapsed="0.004450"/>
</for>
<status status="PASS" start="2024-05-10T17:12:00.830208" elapsed="0.123046"/>
</kw>
<doc>Testa a estrutura da resposta da API.</doc>
<tag>testeEstruturaResposta</tag>
<status status="PASS" start="2024-05-10T17:12:00.829562" elapsed="0.123852"/>
</test>
<test id="s1-s1-t4" name="Validar tipos de dados" line="28">
<kw name="Teste de Tipos de Dados" owner="random-user-service">
<kw name="GET On Session" owner="RequestsLibrary">
<msg time="2024-05-10T17:12:01.073087" level="INFO">GET Request : url=https://randomuser.me/api 
 path_url=/api 
 headers={'User-Agent': 'python-requests/2.31.0', 'Accept-Encoding': 'gzip, deflate', 'Accept': '*/*', 'Connection': 'keep-alive'} 
 body=None 
 </msg>
<msg time="2024-05-10T17:12:01.073189" level="INFO">GET Response : url=https://randomuser.me/api 
 status=200, reason=OK 
 headers={'Date': 'Fri, 10 May 2024 17:12:01 GMT', 'Content-Type': 'application/json; charset=utf-8', 'Transfer-Encoding': 'chunked', 'Connection': 'keep-alive', 'X-Powered-By': 'Express', 'Access-Control-Allow-Origin': '*', 'Cache-Control': 'no-cache', 'ETag': 'W/"49c-QC8dVMbor8EECQag95cZFTberLc"', 'Vary': 'Accept-Encoding', 'Content-Encoding': 'gzip', 'CF-Cache-Status': 'DYNAMIC', 'Report-To': '{"endpoints":[{"url":"https:\\/\\/a.nel.cloudflare.com\\/report\\/v4?s=%2FPhvySHq4QKNQJrUtrQjXtvgLw%2FEwfbSaP0PBJPE7aRBMoWpqH0pEf4uL9DAzEbmYYHArmv%2FOmrnekmb54X5ETSAdpC1kLVrvSJgmDLahN1L%2BFo2rMh3NG5mAbu%2BUvLk"}],"group":"cf-nel","max_age":604800}', 'NEL': '{"success_fraction":0,"report_to":"cf-nel","max_age":604800}', 'Server': 'cloudflare', 'CF-RAY': '881b8d3dfb282284-SJC', 'alt-svc': 'h3=":443"; ma=86400'} 
 body={"results":[{"gender":"female","name":{"title":"Miss","first":"Emmie","last":"Roux"},"location":{"street":{"number":1176,"name":"Rue Barrème"},"city":"Orléans","state":"Allier","country":"France","postcode":73846,"coordinates":{"latitude":"-18.9336","longitude":"179.2353"},"timezone":{"offset":"+3:00","description":"Baghdad, Riyadh, Moscow, St. Petersburg"}},"email":"emmie.roux@example.com","login":{"uuid":"5e2816a0-bb9c-462b-8393-5388dc76eea4","username":"browngoose305","password":"mortal","salt":"SMWAkRqm","md5":"df6801916a8f6c287267a4c33edb83b5","sha1":"b6c37e661be93cda5ae0dbe86c83d560af4c097d","sha256":"b8f04830d8a1789792545bc23336e9c884c2045621ec5cff74e09e707d1ce6df"},"dob":{"date":"1975-07-19T05:17:51.458Z","age":48},"registered":{"date":"2012-11-19T12:56:04.331Z","age":11},"phone":"04-44-99-62-35","cell":"06-49-18-25-08","id":{"name":"INSEE","value":"2750632129347 67"},"picture":{"large":"https://randomuser.me/api/portraits/women/79.jpg","medium":"https://randomuser.me/api/portraits/med/women/79.jpg","thumbnail":"https://randomuser.me/api/portraits/thumb/women/79.jpg"},"nat":"FR"}],"info":{"seed":"9c07cd5de5f55956","results":1,"page":1,"version":"1.4"}} 
 </msg>
<msg time="2024-05-10T17:12:01.073265" level="INFO">/opt/hostedtoolcache/Python/3.12.3/x64/lib/python3.12/site-packages/urllib3/connectionpool.py:1103: InsecureRequestWarning: Unverified HTTPS request is being made to host 'randomuser.me'. Adding certificate verification is strongly advised. See: https://urllib3.readthedocs.io/en/latest/advanced-usage.html#tls-warnings
  warnings.warn(</msg>
<msg time="2024-05-10T17:12:01.073390" level="INFO">${response} = &lt;Response [200]&gt;</msg>
<var>${response}</var>
<arg>consultarAPI</arg>
<arg>/api</arg>
<doc>Sends a GET request on a previously created HTTP Session.</doc>
<status status="PASS" start="2024-05-10T17:12:00.956029" elapsed="0.117401"/>
</kw>
<kw name="Set Variable" owner="BuiltIn">
<msg time="2024-05-10T17:12:01.074642" level="INFO">${json_data} = {'results': [{'gender': 'female', 'name': {'title': 'Miss', 'first': 'Emmie', 'last': 'Roux'}, 'location': {'street': {'number': 1176, 'name': 'Rue Barrème'}, 'city': 'Orléans', 'state': 'Allier', 'co...</msg>
<var>${json_data}</var>
<arg>${response.json()}</arg>
<doc>Returns the given values which can then be assigned to a variables.</doc>
<status status="PASS" start="2024-05-10T17:12:01.074066" elapsed="0.000606"/>
</kw>
<kw name="Log" owner="BuiltIn">
<msg time="2024-05-10T17:12:01.075161" level="INFO">{'results': [{'gender': 'female', 'name': {'title': 'Miss', 'first': 'Emmie', 'last': 'Roux'}, 'location': {'street': {'number': 1176, 'name': 'Rue Barrème'}, 'city': 'Orléans', 'state': 'Allier', 'country': 'France', 'postcode': 73846, 'coordinates': {'latitude': '-18.9336', 'longitude': '179.2353'}, 'timezone': {'offset': '+3:00', 'description': 'Baghdad, Riyadh, Moscow, St. Petersburg'}}, 'email': 'emmie.roux@example.com', 'login': {'uuid': '5e2816a0-bb9c-462b-8393-5388dc76eea4', 'username': 'browngoose305', 'password': 'mortal', 'salt': 'SMWAkRqm', 'md5': 'df6801916a8f6c287267a4c33edb83b5', 'sha1': 'b6c37e661be93cda5ae0dbe86c83d560af4c097d', 'sha256': 'b8f04830d8a1789792545bc23336e9c884c2045621ec5cff74e09e707d1ce6df'}, 'dob': {'date': '1975-07-19T05:17:51.458Z', 'age': 48}, 'registered': {'date': '2012-11-19T12:56:04.331Z', 'age': 11}, 'phone': '04-44-99-62-35', 'cell': '06-49-18-25-08', 'id': {'name': 'INSEE', 'value': '2750632129347 67'}, 'picture': {'large': 'https://randomuser.me/api/portraits/women/79.jpg', 'medium': 'https://randomuser.me/api/portraits/med/women/79.jpg', 'thumbnail': 'https://randomuser.me/api/portraits/thumb/women/79.jpg'}, 'nat': 'FR'}], 'info': {'seed': '9c07cd5de5f55956', 'results': 1, 'page': 1, 'version': '1.4'}}</msg>
<arg>${json_data}</arg>
<doc>Logs the given message with the given level.</doc>
<status status="PASS" start="2024-05-10T17:12:01.074998" elapsed="0.000251"/>
</kw>
<kw name="Should Be String" owner="String">
<arg>${json_data['results'][0]['gender']}</arg>
<doc>Fails if the given ``item`` is not a string.</doc>
<status status="PASS" start="2024-05-10T17:12:01.075556" elapsed="0.000371"/>
</kw>
<kw name="Should Match Regexp" owner="BuiltIn">
<arg>${json_data['results'][0]['email']}</arg>
<arg>^[a-zA-Z0-9._%+-]+@[a-zA-Z0-9.-]+\.[a-zA-Z]{2,}$</arg>
<doc>Fails if ``string`` does not match ``pattern`` as a regular expression.</doc>
<status status="PASS" start="2024-05-10T17:12:01.076117" elapsed="0.000566"/>
</kw>
<kw name="Should Match Regexp" owner="BuiltIn">
<arg>${json_data['results'][0]['dob']['date']}</arg>
<arg>\\d{4}-\\d{2}-\\d{2}T\\d{2}:\\d{2}:\\d{2}\\.\\d{3}Z</arg>
<doc>Fails if ``string`` does not match ``pattern`` as a regular expression.</doc>
<status status="PASS" start="2024-05-10T17:12:01.076881" elapsed="0.000497"/>
</kw>
<kw name="Should Match Regexp" owner="BuiltIn">
<arg>${json_data['results'][0]['registered']['date']}</arg>
<arg>\\d{4}-\\d{2}-\\d{2}T\\d{2}:\\d{2}:\\d{2}\\.\\d{3}Z</arg>
<doc>Fails if ``string`` does not match ``pattern`` as a regular expression.</doc>
<status status="PASS" start="2024-05-10T17:12:01.077567" elapsed="0.000367"/>
</kw>
<kw name="Should Match Regexp" owner="BuiltIn">
<arg>${json_data['results'][0]['picture']['large']}</arg>
<arg>^https?://.*\.(?:png|jpe?g|gif|bmp)$</arg>
<doc>Fails if ``string`` does not match ``pattern`` as a regular expression.</doc>
<status status="PASS" start="2024-05-10T17:12:01.078122" elapsed="0.000462"/>
</kw>
<kw name="Should Match Regexp" owner="BuiltIn">
<arg>${json_data['results'][0]['picture']['medium']}</arg>
<arg>^https?://.*\.(?:png|jpe?g|gif|bmp)$</arg>
<doc>Fails if ``string`` does not match ``pattern`` as a regular expression.</doc>
<status status="PASS" start="2024-05-10T17:12:01.078771" elapsed="0.000361"/>
</kw>
<kw name="Should Match Regexp" owner="BuiltIn">
<arg>${json_data['results'][0]['picture']['thumbnail']}</arg>
<arg>^https?://.*\.(?:png|jpe?g|gif|bmp)$</arg>
<doc>Fails if ``string`` does not match ``pattern`` as a regular expression.</doc>
<status status="PASS" start="2024-05-10T17:12:01.079319" elapsed="0.000349"/>
</kw>
<kw name="Log" owner="BuiltIn">
<msg time="2024-05-10T17:12:01.080172" level="INFO">{'large': 'https://randomuser.me/api/portraits/women/79.jpg', 'medium': 'https://randomuser.me/api/portraits/med/women/79.jpg', 'thumbnail': 'https://randomuser.me/api/portraits/thumb/women/79.jpg'}</msg>
<arg>${json_data['results'][0]['picture']}</arg>
<doc>Logs the given message with the given level.</doc>
<status status="PASS" start="2024-05-10T17:12:01.079846" elapsed="0.000368"/>
</kw>
<status status="PASS" start="2024-05-10T17:12:00.955789" elapsed="0.124723"/>
</kw>
<kw name="Teste de Tipos de Dados - Postcode" owner="random-user-service">
<kw name="GET On Session" owner="RequestsLibrary">
<msg time="2024-05-10T17:12:01.199735" level="INFO">GET Request : url=https://randomuser.me/api 
 path_url=/api 
 headers={'User-Agent': 'python-requests/2.31.0', 'Accept-Encoding': 'gzip, deflate', 'Accept': '*/*', 'Connection': 'keep-alive'} 
 body=None 
 </msg>
<msg time="2024-05-10T17:12:01.199849" level="INFO">GET Response : url=https://randomuser.me/api 
 status=200, reason=OK 
 headers={'Date': 'Fri, 10 May 2024 17:12:01 GMT', 'Content-Type': 'application/json; charset=utf-8', 'Transfer-Encoding': 'chunked', 'Connection': 'keep-alive', 'X-Powered-By': 'Express', 'Access-Control-Allow-Origin': '*', 'Cache-Control': 'no-cache', 'ETag': 'W/"4a2-bF5zxMoeOo+0F35XmKwj1Kg6CgA"', 'Vary': 'Accept-Encoding', 'Content-Encoding': 'gzip', 'CF-Cache-Status': 'DYNAMIC', 'Report-To': '{"endpoints":[{"url":"https:\\/\\/a.nel.cloudflare.com\\/report\\/v4?s=b0Wn2FWW%2FtdDvgwYthPxv0%2FvQ4jPKHuZ28obhyxJS0slLBLt165JT%2B9HLibtWRSWx8CbxqZimU0npupaVp5c7l2bRIyyZy9mc12u2f29HvYfjQVAYu8TRCs2EAyP11V%2F"}],"group":"cf-nel","max_age":604800}', 'NEL': '{"success_fraction":0,"report_to":"cf-nel","max_age":604800}', 'Server': 'cloudflare', 'CF-RAY': '881b8d3ecbd92284-SJC', 'alt-svc': 'h3=":443"; ma=86400'} 
 body={"results":[{"gender":"female","name":{"title":"Ms","first":"Adrijana","last":"StanićStanković"},"location":{"street":{"number":2495,"name":"Vogovska"},"city":"Kuršumlija","state":"Zaječar","country":"Serbia","postcode":49765,"coordinates":{"latitude":"61.2422","longitude":"144.3046"},"timezone":{"offset":"+5:30","description":"Bombay, Calcutta, Madras, New Delhi"}},"email":"adrijana.stanicstankovic@example.com","login":{"uuid":"0cfb3e6f-7620-40c7-b784-263c0dac21b4","username":"crazycat439","password":"leather","salt":"AkabWDmE","md5":"75550bfad4a43733803e734bc4e76fe7","sha1":"efc9c4540a719987a10518d98015ff16b80064ab","sha256":"8d903689a7c1bc08bce0eff5160a3f147e10366cac1f32aa412989bfd2effe5c"},"dob":{"date":"1956-06-11T02:04:22.258Z","age":67},"registered":{"date":"2017-05-09T14:24:28.177Z","age":7},"phone":"036-8117-282","cell":"067-6234-285","id":{"name":"SID","value":"564449700"},"picture":{"large":"https://randomuser.me/api/portraits/women/2.jpg","medium":"https://randomuser.me/api/portraits/med/women/2.jpg","thumbnail":"https://randomuser.me/api/portraits/thumb/women/2.jpg"},"nat":"RS"}],"info":{"seed":"7f774d5214da6c01","results":1,"page":1,"version":"1.4"}} 
 </msg>
<msg time="2024-05-10T17:12:01.199938" level="INFO">/opt/hostedtoolcache/Python/3.12.3/x64/lib/python3.12/site-packages/urllib3/connectionpool.py:1103: InsecureRequestWarning: Unverified HTTPS request is being made to host 'randomuser.me'. Adding certificate verification is strongly advised. See: https://urllib3.readthedocs.io/en/latest/advanced-usage.html#tls-warnings
  warnings.warn(</msg>
<msg time="2024-05-10T17:12:01.200064" level="INFO">${response} = &lt;Response [200]&gt;</msg>
<var>${response}</var>
<arg>consultarAPI</arg>
<arg>/api</arg>
<doc>Sends a GET request on a previously created HTTP Session.</doc>
<status status="PASS" start="2024-05-10T17:12:01.080990" elapsed="0.119113"/>
</kw>
<kw name="Set Variable" owner="BuiltIn">
<msg time="2024-05-10T17:12:01.201394" level="INFO">${json_data} = {'results': [{'gender': 'female', 'name': {'title': 'Ms', 'first': 'Adrijana', 'last': 'StanićStanković'}, 'location': {'street': {'number': 2495, 'name': 'Vogovska'}, 'city': 'Kuršumlija', 'state': '...</msg>
<var>${json_data}</var>
<arg>${response.json()}</arg>
<doc>Returns the given values which can then be assigned to a variables.</doc>
<status status="PASS" start="2024-05-10T17:12:01.200793" elapsed="0.000632"/>
</kw>
<kw name="Log" owner="BuiltIn">
<msg time="2024-05-10T17:12:01.201912" level="INFO">{'results': [{'gender': 'female', 'name': {'title': 'Ms', 'first': 'Adrijana', 'last': 'StanićStanković'}, 'location': {'street': {'number': 2495, 'name': 'Vogovska'}, 'city': 'Kuršumlija', 'state': 'Zaječar', 'country': 'Serbia', 'postcode': 49765, 'coordinates': {'latitude': '61.2422', 'longitude': '144.3046'}, 'timezone': {'offset': '+5:30', 'description': 'Bombay, Calcutta, Madras, New Delhi'}}, 'email': 'adrijana.stanicstankovic@example.com', 'login': {'uuid': '0cfb3e6f-7620-40c7-b784-263c0dac21b4', 'username': 'crazycat439', 'password': 'leather', 'salt': 'AkabWDmE', 'md5': '75550bfad4a43733803e734bc4e76fe7', 'sha1': 'efc9c4540a719987a10518d98015ff16b80064ab', 'sha256': '8d903689a7c1bc08bce0eff5160a3f147e10366cac1f32aa412989bfd2effe5c'}, 'dob': {'date': '1956-06-11T02:04:22.258Z', 'age': 67}, 'registered': {'date': '2017-05-09T14:24:28.177Z', 'age': 7}, 'phone': '036-8117-282', 'cell': '067-6234-285', 'id': {'name': 'SID', 'value': '564449700'}, 'picture': {'large': 'https://randomuser.me/api/portraits/women/2.jpg', 'medium': 'https://randomuser.me/api/portraits/med/women/2.jpg', 'thumbnail': 'https://randomuser.me/api/portraits/thumb/women/2.jpg'}, 'nat': 'RS'}], 'info': {'seed': '7f774d5214da6c01', 'results': 1, 'page': 1, 'version': '1.4'}}</msg>
<arg>${json_data}</arg>
<doc>Logs the given message with the given level.</doc>
<status status="PASS" start="2024-05-10T17:12:01.201743" elapsed="0.000253"/>
</kw>
<kw name="Should Be Equal As Numbers" owner="BuiltIn">
<arg>${json_data['results'][0]['location']['postcode']}</arg>
<arg>${json_data['results'][0]['location']['postcode']}</arg>
<doc>Fails if objects are unequal after converting them to real numbers.</doc>
<status status="PASS" start="2024-05-10T17:12:01.202482" elapsed="0.000628"/>
</kw>
<kw name="Log" owner="BuiltIn">
<msg time="2024-05-10T17:12:01.203643" level="INFO">49765</msg>
<arg>${json_data['results'][0]['location']['postcode']}</arg>
<doc>Logs the given message with the given level.</doc>
<status status="PASS" start="2024-05-10T17:12:01.203304" elapsed="0.000379"/>
</kw>
<status status="PASS" start="2024-05-10T17:12:01.080755" elapsed="0.123186"/>
</kw>
<doc>Testa se os tipos de dados na resposta da API estão corretos.</doc>
<tag>testeTiposDados</tag>
<status status="PASS" start="2024-05-10T17:12:00.955197" elapsed="0.248913"/>
</test>
<test id="s1-s1-t5" name="Validar conteudo" line="35">
<kw name="Teste de Tipos de Conteudo" owner="random-user-service">
<kw name="GET On Session" owner="RequestsLibrary">
<msg time="2024-05-10T17:12:01.313079" level="INFO">GET Request : url=https://randomuser.me/api 
 path_url=/api 
 headers={'User-Agent': 'python-requests/2.31.0', 'Accept-Encoding': 'gzip, deflate', 'Accept': '*/*', 'Connection': 'keep-alive'} 
 body=None 
 </msg>
<msg time="2024-05-10T17:12:01.313188" level="INFO">GET Response : url=https://randomuser.me/api 
 status=200, reason=OK 
 headers={'Date': 'Fri, 10 May 2024 17:12:01 GMT', 'Content-Type': 'application/json; charset=utf-8', 'Transfer-Encoding': 'chunked', 'Connection': 'keep-alive', 'X-Powered-By': 'Express', 'Access-Control-Allow-Origin': '*', 'Cache-Control': 'no-cache', 'ETag': 'W/"476-uqkIOjJDNDWFro9dMRNEsaKH308"', 'Vary': 'Accept-Encoding', 'Content-Encoding': 'gzip', 'CF-Cache-Status': 'DYNAMIC', 'Report-To': '{"endpoints":[{"url":"https:\\/\\/a.nel.cloudflare.com\\/report\\/v4?s=UkzGMqQLxmcZhKtvkttwypHLY9cSO0zugbcsgI%2BSfmVnCZs6NdCI3uAPaJydSNTJkzx3KG1SoJymanTWAnsEv3NZLcmo6BhoOshR%2BGqdGxJgcgJrZ7xLlP4jvDFkcBDX"}],"group":"cf-nel","max_age":604800}', 'NEL': '{"success_fraction":0,"report_to":"cf-nel","max_age":604800}', 'Server': 'cloudflare', 'CF-RAY': '881b8d3f8cd82284-SJC', 'alt-svc': 'h3=":443"; ma=86400'} 
 body={"results":[{"gender":"male","name":{"title":"Mr","first":"Viggo","last":"Midtskogen"},"location":{"street":{"number":8234,"name":"Hertzbergs gate"},"city":"Tjøme","state":"Telemark","country":"Norway","postcode":"0690","coordinates":{"latitude":"42.0213","longitude":"-31.7868"},"timezone":{"offset":"+9:30","description":"Adelaide, Darwin"}},"email":"viggo.midtskogen@example.com","login":{"uuid":"f8ed5dc1-1487-4426-9226-1fb91cf4b305","username":"bluegoose191","password":"bergkamp","salt":"esFCskAu","md5":"820f01c4f18066785d97f622a2f499a9","sha1":"4828c897835a18bd0652706237c562c707dbe5f2","sha256":"23c853fd295b421d90024a4d4c010f0e6f9f0f6660fbb239d9210b6ccc1887b2"},"dob":{"date":"1998-10-10T01:08:19.339Z","age":25},"registered":{"date":"2016-11-18T05:41:19.725Z","age":7},"phone":"27926103","cell":"44790708","id":{"name":"FN","value":"10109811705"},"picture":{"large":"https://randomuser.me/api/portraits/men/58.jpg","medium":"https://randomuser.me/api/portraits/med/men/58.jpg","thumbnail":"https://randomuser.me/api/portraits/thumb/men/58.jpg"},"nat":"NO"}],"info":{"seed":"f6400c4cdebd36ab","results":1,"page":1,"version":"1.4"}} 
 </msg>
<msg time="2024-05-10T17:12:01.313261" level="INFO">/opt/hostedtoolcache/Python/3.12.3/x64/lib/python3.12/site-packages/urllib3/connectionpool.py:1103: InsecureRequestWarning: Unverified HTTPS request is being made to host 'randomuser.me'. Adding certificate verification is strongly advised. See: https://urllib3.readthedocs.io/en/latest/advanced-usage.html#tls-warnings
  warnings.warn(</msg>
<msg time="2024-05-10T17:12:01.313385" level="INFO">${response} = &lt;Response [200]&gt;</msg>
<var>${response}</var>
<arg>consultarAPI</arg>
<arg>/api</arg>
<doc>Sends a GET request on a previously created HTTP Session.</doc>
<status status="PASS" start="2024-05-10T17:12:01.206700" elapsed="0.106725"/>
</kw>
<kw name="Set Variable" owner="BuiltIn">
<msg time="2024-05-10T17:12:01.314633" level="INFO">${json_data} = {'results': [{'gender': 'male', 'name': {'title': 'Mr', 'first': 'Viggo', 'last': 'Midtskogen'}, 'location': {'street': {'number': 8234, 'name': 'Hertzbergs gate'}, 'city': 'Tjøme', 'state': 'Telemark...</msg>
<var>${json_data}</var>
<arg>${response.json()}</arg>
<doc>Returns the given values which can then be assigned to a variables.</doc>
<status status="PASS" start="2024-05-10T17:12:01.314067" elapsed="0.000595"/>
</kw>
<kw name="Set Variable" owner="BuiltIn">
<msg time="2024-05-10T17:12:01.315388" level="INFO">${name_title} = Mr</msg>
<var>${name_title}</var>
<arg>${json_data["results"][0]["name"]["title"]}</arg>
<doc>Returns the given values which can then be assigned to a variables.</doc>
<status status="PASS" start="2024-05-10T17:12:01.314991" elapsed="0.000422"/>
</kw>
<kw name="Create List" owner="BuiltIn">
<msg time="2024-05-10T17:12:01.315875" level="INFO">${allowed_titles} = ['Mr', 'Ms', 'Miss', 'Mrs', 'Madame', 'Monsieur']</msg>
<var>${allowed_titles}</var>
<arg>Mr</arg>
<arg>Ms</arg>
<arg>Miss</arg>
<arg>Mrs</arg>
<arg>Madame</arg>
<arg>Monsieur</arg>
<doc>Returns a list containing given items.</doc>
<status status="PASS" start="2024-05-10T17:12:01.315725" elapsed="0.000173"/>
</kw>
<kw name="List Should Contain Value" owner="Collections">
<msg time="2024-05-10T17:12:01.316373" level="INFO">False</msg>
<arg>${allowed_titles}</arg>
<arg>${name_title}</arg>
<doc>Fails if the ``value`` is not found from ``list``.</doc>
<status status="PASS" start="2024-05-10T17:12:01.316197" elapsed="0.000213"/>
</kw>
<kw name="Set Variable" owner="BuiltIn">
<msg time="2024-05-10T17:12:01.317136" level="INFO">${name_country} = NO</msg>
<var>${name_country}</var>
<arg>${json_data["results"][0]["nat"]}</arg>
<doc>Returns the given values which can then be assigned to a variables.</doc>
<status status="PASS" start="2024-05-10T17:12:01.316757" elapsed="0.000404"/>
</kw>
<kw name="Create List" owner="BuiltIn">
<msg time="2024-05-10T17:12:01.318049" level="INFO">${list_country} = ['AD', 'AE', 'AF', 'AG', 'AI', 'AL', 'AM', 'AO', 'AQ', 'AR', 'AS', 'AT', 'AU', 'AW', 'AX', 'AZ', 'BA', 'BB', 'BD', 'BE', 'BF', 'BG', 'BH', 'BI', 'BJ', 'BL', 'BM', 'BN', 'BO', 'BQ', 'BR', 'BS', 'BT', '...</msg>
<var>${list_country}</var>
<arg>AD</arg>
<arg>AE</arg>
<arg>AF</arg>
<arg>AG</arg>
<arg>AI</arg>
<arg>AL</arg>
<arg>AM</arg>
<arg>AO</arg>
<arg>AQ</arg>
<arg>AR</arg>
<arg>AS</arg>
<arg>AT</arg>
<arg>AU</arg>
<arg>AW</arg>
<arg>AX</arg>
<arg>AZ</arg>
<arg>BA</arg>
<arg>BB</arg>
<arg>BD</arg>
<arg>BE</arg>
<arg>BF</arg>
<arg>BG</arg>
<arg>BH</arg>
<arg>BI</arg>
<arg>BJ</arg>
<arg>BL</arg>
<arg>BM</arg>
<arg>BN</arg>
<arg>BO</arg>
<arg>BQ</arg>
<arg>BR</arg>
<arg>BS</arg>
<arg>BT</arg>
<arg>BV</arg>
<arg>BW</arg>
<arg>BY</arg>
<arg>BZ</arg>
<arg>CA</arg>
<arg>CC</arg>
<arg>CD</arg>
<arg>CF</arg>
<arg>CG</arg>
<arg>CH</arg>
<arg>CI</arg>
<arg>CK</arg>
<arg>CL</arg>
<arg>CM</arg>
<arg>CN</arg>
<arg>CO</arg>
<arg>CR</arg>
<arg>CU</arg>
<arg>CV</arg>
<arg>CW</arg>
<arg>CX</arg>
<arg>CY</arg>
<arg>CZ</arg>
<arg>DE</arg>
<arg>DJ</arg>
<arg>DK</arg>
<arg>DM</arg>
<arg>DO</arg>
<arg>DZ</arg>
<arg>EC</arg>
<arg>EE</arg>
<arg>EG</arg>
<arg>EH</arg>
<arg>ER</arg>
<arg>ES</arg>
<arg>ET</arg>
<arg>FI</arg>
<arg>FJ</arg>
<arg>FK</arg>
<arg>FM</arg>
<arg>FO</arg>
<arg>FR</arg>
<arg>GA</arg>
<arg>GB</arg>
<arg>GD</arg>
<arg>GE</arg>
<arg>GF</arg>
<arg>GG</arg>
<arg>GH</arg>
<arg>GI</arg>
<arg>GL</arg>
<arg>GM</arg>
<arg>GN</arg>
<arg>GP</arg>
<arg>GQ</arg>
<arg>GR</arg>
<arg>GS</arg>
<arg>GT</arg>
<arg>GU</arg>
<arg>GW</arg>
<arg>GY</arg>
<arg>HK</arg>
<arg>HM</arg>
<arg>HN</arg>
<arg>HR</arg>
<arg>HT</arg>
<arg>HU</arg>
<arg>ID</arg>
<arg>IE</arg>
<arg>IL</arg>
<arg>IM</arg>
<arg>IN</arg>
<arg>IO</arg>
<arg>IQ</arg>
<arg>IR</arg>
<arg>IS</arg>
<arg>IT</arg>
<arg>JE</arg>
<arg>JM</arg>
<arg>JO</arg>
<arg>JP</arg>
<arg>KE</arg>
<arg>KG</arg>
<arg>KH</arg>
<arg>KI</arg>
<arg>KM</arg>
<arg>KN</arg>
<arg>KP</arg>
<arg>KR</arg>
<arg>KW</arg>
<arg>KY</arg>
<arg>KZ</arg>
<arg>LA</arg>
<arg>LB</arg>
<arg>LC</arg>
<arg>LI</arg>
<arg>LK</arg>
<arg>LR</arg>
<arg>LS</arg>
<arg>LT</arg>
<arg>LU</arg>
<arg>LV</arg>
<arg>LY</arg>
<arg>MA</arg>
<arg>MC</arg>
<arg>MD</arg>
<arg>ME</arg>
<arg>MF</arg>
<arg>MG</arg>
<arg>MH</arg>
<arg>MK</arg>
<arg>ML</arg>
<arg>MM</arg>
<arg>MN</arg>
<arg>MO</arg>
<arg>MP</arg>
<arg>MQ</arg>
<arg>MR</arg>
<arg>MS</arg>
<arg>MT</arg>
<arg>MU</arg>
<arg>MV</arg>
<arg>MW</arg>
<arg>MX</arg>
<arg>MY</arg>
<arg>MZ</arg>
<arg>NA</arg>
<arg>NC</arg>
<arg>NE</arg>
<arg>NF</arg>
<arg>NG</arg>
<arg>NI</arg>
<arg>NL</arg>
<arg>NO</arg>
<arg>NP</arg>
<arg>NR</arg>
<arg>NU</arg>
<arg>NZ</arg>
<arg>OM</arg>
<arg>PA</arg>
<arg>PE</arg>
<arg>PF</arg>
<arg>PG</arg>
<arg>PH</arg>
<arg>PK</arg>
<arg>PL</arg>
<arg>PM</arg>
<arg>PN</arg>
<arg>PR</arg>
<arg>PS</arg>
<arg>PT</arg>
<arg>PW</arg>
<arg>PY</arg>
<arg>QA</arg>
<arg>RE</arg>
<arg>RO</arg>
<arg>RS</arg>
<arg>RU</arg>
<arg>RW</arg>
<arg>SA</arg>
<arg>SB</arg>
<arg>SC</arg>
<arg>SD</arg>
<arg>SE</arg>
<arg>SG</arg>
<arg>SH</arg>
<arg>SI</arg>
<arg>SJ</arg>
<arg>SK</arg>
<arg>SL</arg>
<arg>SM</arg>
<arg>SN</arg>
<arg>SO</arg>
<arg>SR</arg>
<arg>SS</arg>
<arg>ST</arg>
<arg>SV</arg>
<arg>SX</arg>
<arg>SY</arg>
<arg>SZ</arg>
<arg>TC</arg>
<arg>TD</arg>
<arg>TF</arg>
<arg>TG</arg>
<arg>TH</arg>
<arg>TJ</arg>
<arg>TK</arg>
<arg>TL</arg>
<arg>TM</arg>
<arg>TN</arg>
<arg>TO</arg>
<arg>TR</arg>
<arg>TT</arg>
<arg>TV</arg>
<arg>TW</arg>
<arg>TZ</arg>
<arg>UA</arg>
<arg>UG</arg>
<arg>UM</arg>
<arg>US</arg>
<arg>UY</arg>
<arg>UZ</arg>
<arg>VA</arg>
<arg>VC</arg>
<arg>VE</arg>
<arg>VG</arg>
<arg>VI</arg>
<arg>VN</arg>
<arg>VU</arg>
<arg>WF</arg>
<arg>WS</arg>
<arg>XK</arg>
<arg>YE</arg>
<arg>YT</arg>
<arg>ZA</arg>
<arg>ZM</arg>
<arg>ZW</arg>
<doc>Returns a list containing given items.</doc>
<status status="PASS" start="2024-05-10T17:12:01.317463" elapsed="0.000612"/>
</kw>
<kw name="List Should Contain Value" owner="Collections">
<msg time="2024-05-10T17:12:01.319069" level="INFO">False</msg>
<arg>${list_country}</arg>
<arg>${name_country}</arg>
<doc>Fails if the ``value`` is not found from ``list``.</doc>
<status status="PASS" start="2024-05-10T17:12:01.318869" elapsed="0.000237"/>
</kw>
<kw name="Run Keyword If" owner="BuiltIn">
<kw name="Should Be True" owner="BuiltIn">
<arg>${True}</arg>
<doc>Fails if the given condition is not true.</doc>
<status status="PASS" start="2024-05-10T17:12:01.320179" elapsed="0.000263"/>
</kw>
<arg>${json_data["results"][0]["location"]["coordinates"]["latitude"]} &gt;= -90 and ${json_data["results"][0]["location"]["coordinates"]["latitude"]} &lt;= 90</arg>
<arg>Should Be True</arg>
<arg>${True}</arg>
<doc>Runs the given keyword with the given arguments, if ``condition`` is true.</doc>
<status status="PASS" start="2024-05-10T17:12:01.319417" elapsed="0.001190"/>
</kw>
<kw name="Run Keyword If" owner="BuiltIn">
<kw name="Should Be True" owner="BuiltIn">
<arg>${True}</arg>
<doc>Fails if the given condition is not true.</doc>
<status status="PASS" start="2024-05-10T17:12:01.321498" elapsed="0.000137"/>
</kw>
<arg>${json_data["results"][0]["location"]["coordinates"]["longitude"]} &gt;= -180 and ${json_data["results"][0]["location"]["coordinates"]["longitude"]} &lt;= 180</arg>
<arg>Should Be True</arg>
<arg>${True}</arg>
<doc>Runs the given keyword with the given arguments, if ``condition`` is true.</doc>
<status status="PASS" start="2024-05-10T17:12:01.320794" elapsed="0.000963"/>
</kw>
<status status="PASS" start="2024-05-10T17:12:01.206466" elapsed="0.115421"/>
</kw>
<doc>Testa o conteúdo específico dos campos retornados pela API.</doc>
<tag>testeConteudo</tag>
<status status="PASS" start="2024-05-10T17:12:01.205921" elapsed="0.116117"/>
</test>
<status status="PASS" start="2024-05-10T17:12:00.235013" elapsed="1.089026"/>
</suite>
<status status="PASS" start="2024-05-10T17:12:00.221298" elapsed="1.108059"/>
</suite>
<statistics>
<total>
<stat pass="5" fail="0" skip="0">All Tests</stat>
</total>
<tag>
<stat pass="1" fail="0" skip="0">testeConteudo</stat>
<stat pass="1" fail="0" skip="0">testeEstruturaResposta</stat>
<stat pass="1" fail="0" skip="0">testeRequisicaoBasica</stat>
<stat pass="1" fail="0" skip="0">testeTiposDados</stat>
</tag>
<suite>
<stat pass="5" fail="0" skip="0" id="s1" name="Tests">Tests</stat>
<stat pass="5" fail="0" skip="0" id="s1-s1" name="Random-User-Test">Tests.Random-User-Test</stat>
</suite>
</statistics>
<errors>
</errors>
</robot>
