<?xml version="1.0" encoding="UTF-8"?>
<robot generator="Robot 7.0 (Python 3.12.3 on linux)" generated="2024-06-08T04:18:18.162186" rpa="false" schemaversion="5">
<suite id="s1" name="Tests" source="/home/runner/work/ApiRandomUser/ApiRandomUser/RamdonUser/tests">
<suite id="s1-s1" name="Random-User-Test" source="/home/runner/work/ApiRandomUser/ApiRandomUser/RamdonUser/tests/random-user-test.robot">
<test id="s1-s1-t1" name="Conectar" line="13">
<kw name="Conectar API" owner="random-user-service">
<kw name="Create Session" owner="RequestsLibrary">
<msg time="2024-06-08T04:18:18.582016" level="INFO">Creating Session using : alias=consultarAPI, url=https://randomuser.me/, headers={},                     cookies={}, auth=None, timeout=None, proxies=None, verify=False,                     debug=0 </msg>
<arg>consultarAPI</arg>
<arg>${URL}</arg>
<doc>Create Session: create a HTTP session to a server</doc>
<status status="PASS" start="2024-06-08T04:18:18.581814" elapsed="0.000385"/>
</kw>
<status status="PASS" start="2024-06-08T04:18:18.580830" elapsed="0.001736"/>
</kw>
<status status="PASS" start="2024-06-08T04:18:18.580199" elapsed="0.002565"/>
</test>
<test id="s1-s1-t2" name="Validar retorno 200 e JSON Válido" line="16">
<kw name="Teste de Requisicao Basica" owner="random-user-service">
<kw name="GET On Session" owner="RequestsLibrary">
<msg time="2024-06-08T04:18:18.773081" level="INFO">GET Request : url=https://randomuser.me/api 
 path_url=/api 
 headers={'User-Agent': 'python-requests/2.32.3', 'Accept-Encoding': 'gzip, deflate', 'Accept': '*/*', 'Connection': 'keep-alive'} 
 body=None 
 </msg>
<msg time="2024-06-08T04:18:18.773237" level="INFO">GET Response : url=https://randomuser.me/api 
 status=200, reason=OK 
 headers={'Date': 'Sat, 08 Jun 2024 04:18:18 GMT', 'Content-Type': 'application/json; charset=utf-8', 'Transfer-Encoding': 'chunked', 'Connection': 'keep-alive', 'X-Powered-By': 'Express', 'Access-Control-Allow-Origin': '*', 'Cache-Control': 'no-cache', 'ETag': 'W/"477-180kzWeuiqVSXmoEfWgBf3F+J3o"', 'Vary': 'Accept-Encoding', 'Content-Encoding': 'gzip', 'CF-Cache-Status': 'DYNAMIC', 'Report-To': '{"endpoints":[{"url":"https:\\/\\/a.nel.cloudflare.com\\/report\\/v4?s=gSy6Rz01i9%2BMnSEptAuTPXfFzRlxE6fQ5pAH0fncudXRaoXkTj%2FUPx7uqNx28c1WfXWxJE%2BXGN9J63MdW3gY6Ljb42mgujsY%2BHNMwZqLGTGJXntUbHuK7XG4wf1otNbN"}],"group":"cf-nel","max_age":604800}', 'NEL': '{"success_fraction":0,"report_to":"cf-nel","max_age":604800}', 'Server': 'cloudflare', 'CF-RAY': '890613c30a4f61c5-ORD', 'alt-svc': 'h3=":443"; ma=86400'} 
 body={"results":[{"gender":"male","name":{"title":"Mr","first":"Lucas","last":"Nielsen"},"location":{"street":{"number":6707,"name":"Rosengade"},"city":"Viby J.","state":"Midtjylland","country":"Denmark","postcode":69525,"coordinates":{"latitude":"-39.2778","longitude":"-53.4739"},"timezone":{"offset":"+6:00","description":"Almaty, Dhaka, Colombo"}},"email":"lucas.nielsen@example.com","login":{"uuid":"79caaf7a-cd04-4456-b1f8-8531542d619f","username":"yellowleopard596","password":"andrews","salt":"X2bpsvx9","md5":"3adcf0d4d287ab2f500251906f8daad5","sha1":"163c7dca15c77c0c0fd65937ac266da4bc30a5b8","sha256":"7bdc68379af02643ef5e9d90ab6470428c6b78f9c40a3f091f5999082040c383"},"dob":{"date":"1965-05-27T13:26:32.428Z","age":59},"registered":{"date":"2006-06-02T11:14:08.268Z","age":18},"phone":"33183169","cell":"18828868","id":{"name":"CPR","value":"270565-9690"},"picture":{"large":"https://randomuser.me/api/portraits/men/6.jpg","medium":"https://randomuser.me/api/portraits/med/men/6.jpg","thumbnail":"https://randomuser.me/api/portraits/thumb/men/6.jpg"},"nat":"DK"}],"info":{"seed":"dede70fd6e01b1e4","results":1,"page":1,"version":"1.4"}} 
 </msg>
<msg time="2024-06-08T04:18:18.773322" level="INFO">/opt/hostedtoolcache/Python/3.12.3/x64/lib/python3.12/site-packages/urllib3/connectionpool.py:1103: InsecureRequestWarning: Unverified HTTPS request is being made to host 'randomuser.me'. Adding certificate verification is strongly advised. See: https://urllib3.readthedocs.io/en/latest/advanced-usage.html#tls-warnings
  warnings.warn(</msg>
<msg time="2024-06-08T04:18:18.773468" level="INFO">${response} = &lt;Response [200]&gt;</msg>
<var>${response}</var>
<arg>consultarAPI</arg>
<arg>/api</arg>
<doc>Sends a GET request on a previously created HTTP Session.</doc>
<status status="PASS" start="2024-06-08T04:18:18.585501" elapsed="0.188008"/>
</kw>
<kw name="Should Be Equal As Numbers" owner="BuiltIn">
<msg time="2024-06-08T04:18:18.774621" level="INFO">Argument types are:
&lt;class 'int'&gt;
&lt;class 'str'&gt;</msg>
<arg>${response.status_code}</arg>
<arg>200</arg>
<doc>Fails if objects are unequal after converting them to real numbers.</doc>
<status status="PASS" start="2024-06-08T04:18:18.774144" elapsed="0.000543"/>
</kw>
<kw name="Log" owner="BuiltIn">
<msg time="2024-06-08T04:18:18.775393" level="INFO">200</msg>
<arg>${response.status_code}</arg>
<doc>Logs the given message with the given level.</doc>
<status status="PASS" start="2024-06-08T04:18:18.775037" elapsed="0.000403"/>
</kw>
<kw name="Set Variable" owner="BuiltIn">
<msg time="2024-06-08T04:18:18.776225" level="INFO">${json_data} = {'results': [{'gender': 'male', 'name': {'title': 'Mr', 'first': 'Lucas', 'last': 'Nielsen'}, 'location': {'street': {'number': 6707, 'name': 'Rosengade'}, 'city': 'Viby J.', 'state': 'Midtjylland', '...</msg>
<var>${json_data}</var>
<arg>${response.json()}</arg>
<doc>Returns the given values which can then be assigned to a variables.</doc>
<status status="PASS" start="2024-06-08T04:18:18.775788" elapsed="0.000466"/>
</kw>
<kw name="Dictionary Should Contain Key" owner="Collections">
<msg time="2024-06-08T04:18:18.776725" level="INFO">False</msg>
<arg>${json_data}</arg>
<arg>results</arg>
<doc>Fails if ``key`` is not found from ``dictionary``.</doc>
<status status="PASS" start="2024-06-08T04:18:18.776557" elapsed="0.000208"/>
</kw>
<status status="PASS" start="2024-06-08T04:18:18.585251" elapsed="0.191776"/>
</kw>
<doc>Testa se a API responde corretamente e retorna um objeto JSON válido.</doc>
<tag>testeRequisicaoBasica</tag>
<status status="PASS" start="2024-06-08T04:18:18.584697" elapsed="0.192516"/>
</test>
<test id="s1-s1-t3" name="Validar estrutura de resposta" line="22">
<kw name="Teste de Estrutura de Resposta" owner="random-user-service">
<kw name="GET On Session" owner="RequestsLibrary">
<msg time="2024-06-08T04:18:18.877597" level="INFO">GET Request : url=https://randomuser.me/api 
 path_url=/api 
 headers={'User-Agent': 'python-requests/2.32.3', 'Accept-Encoding': 'gzip, deflate', 'Accept': '*/*', 'Connection': 'keep-alive'} 
 body=None 
 </msg>
<msg time="2024-06-08T04:18:18.877703" level="INFO">GET Response : url=https://randomuser.me/api 
 status=200, reason=OK 
 headers={'Date': 'Sat, 08 Jun 2024 04:18:18 GMT', 'Content-Type': 'application/json; charset=utf-8', 'Transfer-Encoding': 'chunked', 'Connection': 'keep-alive', 'X-Powered-By': 'Express', 'Access-Control-Allow-Origin': '*', 'Cache-Control': 'no-cache', 'ETag': 'W/"48e-uphYuwYcdJ8yP3HDEgN8d3iAMdw"', 'Vary': 'Accept-Encoding', 'Content-Encoding': 'gzip', 'CF-Cache-Status': 'DYNAMIC', 'Report-To': '{"endpoints":[{"url":"https:\\/\\/a.nel.cloudflare.com\\/report\\/v4?s=9wE049gjZ70ph0tAce1ud3tDmcE7yJTCV8U34zgQZftRfDzvHDbv5IXOh5mQMBuQJfX1rLuwS0Cu61CgOkHf0xJy%2B5wGW%2Fz19xof8pEJSiGBKe%2BpyKuhQ4WGTVRMLkSj"}],"group":"cf-nel","max_age":604800}', 'NEL': '{"success_fraction":0,"report_to":"cf-nel","max_age":604800}', 'Server': 'cloudflare', 'CF-RAY': '890613c36a9a61c5-ORD', 'alt-svc': 'h3=":443"; ma=86400'} 
 body={"results":[{"gender":"male","name":{"title":"Mr","first":"Dobroslav","last":"Damjanović"},"location":{"street":{"number":4013,"name":"Porodice Vasić"},"city":"Bogatić","state":"Pirot","country":"Serbia","postcode":34636,"coordinates":{"latitude":"62.9959","longitude":"-18.1956"},"timezone":{"offset":"-8:00","description":"Pacific Time (US &amp; Canada)"}},"email":"dobroslav.damjanovic@example.com","login":{"uuid":"3126b284-0593-49f9-b9f2-88139b5e11ca","username":"yellowdog573","password":"magneto","salt":"ctJnI0Mp","md5":"3b75e929d9773b449ea00977588652bb","sha1":"c776e1e77726585a1d972b0e7147019f2d9d93bf","sha256":"e4a91e20f7903bf14888692cd656026ec734ad45b4a7a8a94554521c7bdba36a"},"dob":{"date":"1976-06-13T18:26:26.510Z","age":47},"registered":{"date":"2003-12-17T15:58:01.808Z","age":20},"phone":"026-3900-760","cell":"068-7266-174","id":{"name":"SID","value":"205149414"},"picture":{"large":"https://randomuser.me/api/portraits/men/21.jpg","medium":"https://randomuser.me/api/portraits/med/men/21.jpg","thumbnail":"https://randomuser.me/api/portraits/thumb/men/21.jpg"},"nat":"RS"}],"info":{"seed":"0709f0dea415f46f","results":1,"page":1,"version":"1.4"}} 
 </msg>
<msg time="2024-06-08T04:18:18.877855" level="INFO">/opt/hostedtoolcache/Python/3.12.3/x64/lib/python3.12/site-packages/urllib3/connectionpool.py:1103: InsecureRequestWarning: Unverified HTTPS request is being made to host 'randomuser.me'. Adding certificate verification is strongly advised. See: https://urllib3.readthedocs.io/en/latest/advanced-usage.html#tls-warnings
  warnings.warn(</msg>
<msg time="2024-06-08T04:18:18.877990" level="INFO">${response} = &lt;Response [200]&gt;</msg>
<var>${response}</var>
<arg>consultarAPI</arg>
<arg>/api</arg>
<doc>Sends a GET request on a previously created HTTP Session.</doc>
<status status="PASS" start="2024-06-08T04:18:18.779933" elapsed="0.098097"/>
</kw>
<kw name="Set Variable" owner="BuiltIn">
<msg time="2024-06-08T04:18:18.879154" level="INFO">${json_data} = {'results': [{'gender': 'male', 'name': {'title': 'Mr', 'first': 'Dobroslav', 'last': 'Damjanović'}, 'location': {'street': {'number': 4013, 'name': 'Porodice Vasić'}, 'city': 'Bogatić', 'state': 'Pir...</msg>
<var>${json_data}</var>
<arg>${response.json()}</arg>
<doc>Returns the given values which can then be assigned to a variables.</doc>
<status status="PASS" start="2024-06-08T04:18:18.878564" elapsed="0.000621"/>
</kw>
<kw name="Log" owner="BuiltIn">
<msg time="2024-06-08T04:18:18.879668" level="INFO">{'results': [{'gender': 'male', 'name': {'title': 'Mr', 'first': 'Dobroslav', 'last': 'Damjanović'}, 'location': {'street': {'number': 4013, 'name': 'Porodice Vasić'}, 'city': 'Bogatić', 'state': 'Pirot', 'country': 'Serbia', 'postcode': 34636, 'coordinates': {'latitude': '62.9959', 'longitude': '-18.1956'}, 'timezone': {'offset': '-8:00', 'description': 'Pacific Time (US &amp; Canada)'}}, 'email': 'dobroslav.damjanovic@example.com', 'login': {'uuid': '3126b284-0593-49f9-b9f2-88139b5e11ca', 'username': 'yellowdog573', 'password': 'magneto', 'salt': 'ctJnI0Mp', 'md5': '3b75e929d9773b449ea00977588652bb', 'sha1': 'c776e1e77726585a1d972b0e7147019f2d9d93bf', 'sha256': 'e4a91e20f7903bf14888692cd656026ec734ad45b4a7a8a94554521c7bdba36a'}, 'dob': {'date': '1976-06-13T18:26:26.510Z', 'age': 47}, 'registered': {'date': '2003-12-17T15:58:01.808Z', 'age': 20}, 'phone': '026-3900-760', 'cell': '068-7266-174', 'id': {'name': 'SID', 'value': '205149414'}, 'picture': {'large': 'https://randomuser.me/api/portraits/men/21.jpg', 'medium': 'https://randomuser.me/api/portraits/med/men/21.jpg', 'thumbnail': 'https://randomuser.me/api/portraits/thumb/men/21.jpg'}, 'nat': 'RS'}], 'info': {'seed': '0709f0dea415f46f', 'results': 1, 'page': 1, 'version': '1.4'}}</msg>
<arg>${json_data}</arg>
<doc>Logs the given message with the given level.</doc>
<status status="PASS" start="2024-06-08T04:18:18.879506" elapsed="0.000257"/>
</kw>
<kw name="Dictionary Should Contain Key" owner="Collections">
<msg time="2024-06-08T04:18:18.880252" level="INFO">False</msg>
<arg>${json_data}</arg>
<arg>results</arg>
<doc>Fails if ``key`` is not found from ``dictionary``.</doc>
<status status="PASS" start="2024-06-08T04:18:18.880083" elapsed="0.000206"/>
</kw>
<kw name="Should Not Be Empty" owner="BuiltIn">
<msg time="2024-06-08T04:18:18.880719" level="INFO">Length is 2.</msg>
<arg>${json_data}</arg>
<doc>Verifies that the given item is not empty.</doc>
<status status="PASS" start="2024-06-08T04:18:18.880583" elapsed="0.000175"/>
</kw>
<kw name="Create List" owner="BuiltIn">
<msg time="2024-06-08T04:18:18.881353" level="INFO">${expected_keys} = ['gender', 'name', 'location', 'email', 'login']</msg>
<var>${expected_keys}</var>
<arg>gender</arg>
<arg>name</arg>
<arg>location</arg>
<arg>email</arg>
<arg>login</arg>
<doc>Returns a list containing given items.</doc>
<status status="PASS" start="2024-06-08T04:18:18.881053" elapsed="0.000326"/>
</kw>
<for flavor="IN">
<iter>
<kw name="Dictionary Should Contain Key" owner="Collections">
<msg time="2024-06-08T04:18:18.882377" level="INFO">False</msg>
<arg>${json_data['results'][0]}</arg>
<arg>${key}</arg>
<doc>Fails if ``key`` is not found from ``dictionary``.</doc>
<status status="PASS" start="2024-06-08T04:18:18.881973" elapsed="0.000443"/>
</kw>
<kw name="Log" owner="BuiltIn">
<msg time="2024-06-08T04:18:18.883086" level="INFO">{'gender': 'male', 'name': {'title': 'Mr', 'first': 'Dobroslav', 'last': 'Damjanović'}, 'location': {'street': {'number': 4013, 'name': 'Porodice Vasić'}, 'city': 'Bogatić', 'state': 'Pirot', 'country': 'Serbia', 'postcode': 34636, 'coordinates': {'latitude': '62.9959', 'longitude': '-18.1956'}, 'timezone': {'offset': '-8:00', 'description': 'Pacific Time (US &amp; Canada)'}}, 'email': 'dobroslav.damjanovic@example.com', 'login': {'uuid': '3126b284-0593-49f9-b9f2-88139b5e11ca', 'username': 'yellowdog573', 'password': 'magneto', 'salt': 'ctJnI0Mp', 'md5': '3b75e929d9773b449ea00977588652bb', 'sha1': 'c776e1e77726585a1d972b0e7147019f2d9d93bf', 'sha256': 'e4a91e20f7903bf14888692cd656026ec734ad45b4a7a8a94554521c7bdba36a'}, 'dob': {'date': '1976-06-13T18:26:26.510Z', 'age': 47}, 'registered': {'date': '2003-12-17T15:58:01.808Z', 'age': 20}, 'phone': '026-3900-760', 'cell': '068-7266-174', 'id': {'name': 'SID', 'value': '205149414'}, 'picture': {'large': 'https://randomuser.me/api/portraits/men/21.jpg', 'medium': 'https://randomuser.me/api/portraits/med/men/21.jpg', 'thumbnail': 'https://randomuser.me/api/portraits/thumb/men/21.jpg'}, 'nat': 'RS'}</msg>
<arg>${json_data['results'][0]}</arg>
<doc>Logs the given message with the given level.</doc>
<status status="PASS" start="2024-06-08T04:18:18.882719" elapsed="0.000421"/>
</kw>
<kw name="Log" owner="BuiltIn">
<msg time="2024-06-08T04:18:18.883571" level="INFO">gender</msg>
<arg>${key}</arg>
<doc>Logs the given message with the given level.</doc>
<status status="PASS" start="2024-06-08T04:18:18.883440" elapsed="0.000169"/>
</kw>
<var name="${key}">gender</var>
<status status="PASS" start="2024-06-08T04:18:18.881844" elapsed="0.002015"/>
</iter>
<iter>
<kw name="Dictionary Should Contain Key" owner="Collections">
<msg time="2024-06-08T04:18:18.884557" level="INFO">False</msg>
<arg>${json_data['results'][0]}</arg>
<arg>${key}</arg>
<doc>Fails if ``key`` is not found from ``dictionary``.</doc>
<status status="PASS" start="2024-06-08T04:18:18.884166" elapsed="0.000429"/>
</kw>
<kw name="Log" owner="BuiltIn">
<msg time="2024-06-08T04:18:18.885294" level="INFO">{'gender': 'male', 'name': {'title': 'Mr', 'first': 'Dobroslav', 'last': 'Damjanović'}, 'location': {'street': {'number': 4013, 'name': 'Porodice Vasić'}, 'city': 'Bogatić', 'state': 'Pirot', 'country': 'Serbia', 'postcode': 34636, 'coordinates': {'latitude': '62.9959', 'longitude': '-18.1956'}, 'timezone': {'offset': '-8:00', 'description': 'Pacific Time (US &amp; Canada)'}}, 'email': 'dobroslav.damjanovic@example.com', 'login': {'uuid': '3126b284-0593-49f9-b9f2-88139b5e11ca', 'username': 'yellowdog573', 'password': 'magneto', 'salt': 'ctJnI0Mp', 'md5': '3b75e929d9773b449ea00977588652bb', 'sha1': 'c776e1e77726585a1d972b0e7147019f2d9d93bf', 'sha256': 'e4a91e20f7903bf14888692cd656026ec734ad45b4a7a8a94554521c7bdba36a'}, 'dob': {'date': '1976-06-13T18:26:26.510Z', 'age': 47}, 'registered': {'date': '2003-12-17T15:58:01.808Z', 'age': 20}, 'phone': '026-3900-760', 'cell': '068-7266-174', 'id': {'name': 'SID', 'value': '205149414'}, 'picture': {'large': 'https://randomuser.me/api/portraits/men/21.jpg', 'medium': 'https://randomuser.me/api/portraits/med/men/21.jpg', 'thumbnail': 'https://randomuser.me/api/portraits/thumb/men/21.jpg'}, 'nat': 'RS'}</msg>
<arg>${json_data['results'][0]}</arg>
<doc>Logs the given message with the given level.</doc>
<status status="PASS" start="2024-06-08T04:18:18.884924" elapsed="0.000432"/>
</kw>
<kw name="Log" owner="BuiltIn">
<msg time="2024-06-08T04:18:18.885787" level="INFO">name</msg>
<arg>${key}</arg>
<doc>Logs the given message with the given level.</doc>
<status status="PASS" start="2024-06-08T04:18:18.885658" elapsed="0.000166"/>
</kw>
<var name="${key}">name</var>
<status status="PASS" start="2024-06-08T04:18:18.884048" elapsed="0.001992"/>
</iter>
<iter>
<kw name="Dictionary Should Contain Key" owner="Collections">
<msg time="2024-06-08T04:18:18.886704" level="INFO">False</msg>
<arg>${json_data['results'][0]}</arg>
<arg>${key}</arg>
<doc>Fails if ``key`` is not found from ``dictionary``.</doc>
<status status="PASS" start="2024-06-08T04:18:18.886328" elapsed="0.000413"/>
</kw>
<kw name="Log" owner="BuiltIn">
<msg time="2024-06-08T04:18:18.887394" level="INFO">{'gender': 'male', 'name': {'title': 'Mr', 'first': 'Dobroslav', 'last': 'Damjanović'}, 'location': {'street': {'number': 4013, 'name': 'Porodice Vasić'}, 'city': 'Bogatić', 'state': 'Pirot', 'country': 'Serbia', 'postcode': 34636, 'coordinates': {'latitude': '62.9959', 'longitude': '-18.1956'}, 'timezone': {'offset': '-8:00', 'description': 'Pacific Time (US &amp; Canada)'}}, 'email': 'dobroslav.damjanovic@example.com', 'login': {'uuid': '3126b284-0593-49f9-b9f2-88139b5e11ca', 'username': 'yellowdog573', 'password': 'magneto', 'salt': 'ctJnI0Mp', 'md5': '3b75e929d9773b449ea00977588652bb', 'sha1': 'c776e1e77726585a1d972b0e7147019f2d9d93bf', 'sha256': 'e4a91e20f7903bf14888692cd656026ec734ad45b4a7a8a94554521c7bdba36a'}, 'dob': {'date': '1976-06-13T18:26:26.510Z', 'age': 47}, 'registered': {'date': '2003-12-17T15:58:01.808Z', 'age': 20}, 'phone': '026-3900-760', 'cell': '068-7266-174', 'id': {'name': 'SID', 'value': '205149414'}, 'picture': {'large': 'https://randomuser.me/api/portraits/men/21.jpg', 'medium': 'https://randomuser.me/api/portraits/med/men/21.jpg', 'thumbnail': 'https://randomuser.me/api/portraits/thumb/men/21.jpg'}, 'nat': 'RS'}</msg>
<arg>${json_data['results'][0]}</arg>
<doc>Logs the given message with the given level.</doc>
<status status="PASS" start="2024-06-08T04:18:18.887035" elapsed="0.000411"/>
</kw>
<kw name="Log" owner="BuiltIn">
<msg time="2024-06-08T04:18:18.887925" level="INFO">location</msg>
<arg>${key}</arg>
<doc>Logs the given message with the given level.</doc>
<status status="PASS" start="2024-06-08T04:18:18.887783" elapsed="0.000180"/>
</kw>
<var name="${key}">location</var>
<status status="PASS" start="2024-06-08T04:18:18.886216" elapsed="0.001963"/>
</iter>
<iter>
<kw name="Dictionary Should Contain Key" owner="Collections">
<msg time="2024-06-08T04:18:18.888855" level="INFO">False</msg>
<arg>${json_data['results'][0]}</arg>
<arg>${key}</arg>
<doc>Fails if ``key`` is not found from ``dictionary``.</doc>
<status status="PASS" start="2024-06-08T04:18:18.888470" elapsed="0.000423"/>
</kw>
<kw name="Log" owner="BuiltIn">
<msg time="2024-06-08T04:18:18.889553" level="INFO">{'gender': 'male', 'name': {'title': 'Mr', 'first': 'Dobroslav', 'last': 'Damjanović'}, 'location': {'street': {'number': 4013, 'name': 'Porodice Vasić'}, 'city': 'Bogatić', 'state': 'Pirot', 'country': 'Serbia', 'postcode': 34636, 'coordinates': {'latitude': '62.9959', 'longitude': '-18.1956'}, 'timezone': {'offset': '-8:00', 'description': 'Pacific Time (US &amp; Canada)'}}, 'email': 'dobroslav.damjanovic@example.com', 'login': {'uuid': '3126b284-0593-49f9-b9f2-88139b5e11ca', 'username': 'yellowdog573', 'password': 'magneto', 'salt': 'ctJnI0Mp', 'md5': '3b75e929d9773b449ea00977588652bb', 'sha1': 'c776e1e77726585a1d972b0e7147019f2d9d93bf', 'sha256': 'e4a91e20f7903bf14888692cd656026ec734ad45b4a7a8a94554521c7bdba36a'}, 'dob': {'date': '1976-06-13T18:26:26.510Z', 'age': 47}, 'registered': {'date': '2003-12-17T15:58:01.808Z', 'age': 20}, 'phone': '026-3900-760', 'cell': '068-7266-174', 'id': {'name': 'SID', 'value': '205149414'}, 'picture': {'large': 'https://randomuser.me/api/portraits/men/21.jpg', 'medium': 'https://randomuser.me/api/portraits/med/men/21.jpg', 'thumbnail': 'https://randomuser.me/api/portraits/thumb/men/21.jpg'}, 'nat': 'RS'}</msg>
<arg>${json_data['results'][0]}</arg>
<doc>Logs the given message with the given level.</doc>
<status status="PASS" start="2024-06-08T04:18:18.889185" elapsed="0.000422"/>
</kw>
<kw name="Log" owner="BuiltIn">
<msg time="2024-06-08T04:18:18.890038" level="INFO">email</msg>
<arg>${key}</arg>
<doc>Logs the given message with the given level.</doc>
<status status="PASS" start="2024-06-08T04:18:18.889907" elapsed="0.000169"/>
</kw>
<var name="${key}">email</var>
<status status="PASS" start="2024-06-08T04:18:18.888350" elapsed="0.001948"/>
</iter>
<iter>
<kw name="Dictionary Should Contain Key" owner="Collections">
<msg time="2024-06-08T04:18:18.890969" level="INFO">False</msg>
<arg>${json_data['results'][0]}</arg>
<arg>${key}</arg>
<doc>Fails if ``key`` is not found from ``dictionary``.</doc>
<status status="PASS" start="2024-06-08T04:18:18.890582" elapsed="0.000426"/>
</kw>
<kw name="Log" owner="BuiltIn">
<msg time="2024-06-08T04:18:18.891676" level="INFO">{'gender': 'male', 'name': {'title': 'Mr', 'first': 'Dobroslav', 'last': 'Damjanović'}, 'location': {'street': {'number': 4013, 'name': 'Porodice Vasić'}, 'city': 'Bogatić', 'state': 'Pirot', 'country': 'Serbia', 'postcode': 34636, 'coordinates': {'latitude': '62.9959', 'longitude': '-18.1956'}, 'timezone': {'offset': '-8:00', 'description': 'Pacific Time (US &amp; Canada)'}}, 'email': 'dobroslav.damjanovic@example.com', 'login': {'uuid': '3126b284-0593-49f9-b9f2-88139b5e11ca', 'username': 'yellowdog573', 'password': 'magneto', 'salt': 'ctJnI0Mp', 'md5': '3b75e929d9773b449ea00977588652bb', 'sha1': 'c776e1e77726585a1d972b0e7147019f2d9d93bf', 'sha256': 'e4a91e20f7903bf14888692cd656026ec734ad45b4a7a8a94554521c7bdba36a'}, 'dob': {'date': '1976-06-13T18:26:26.510Z', 'age': 47}, 'registered': {'date': '2003-12-17T15:58:01.808Z', 'age': 20}, 'phone': '026-3900-760', 'cell': '068-7266-174', 'id': {'name': 'SID', 'value': '205149414'}, 'picture': {'large': 'https://randomuser.me/api/portraits/men/21.jpg', 'medium': 'https://randomuser.me/api/portraits/med/men/21.jpg', 'thumbnail': 'https://randomuser.me/api/portraits/thumb/men/21.jpg'}, 'nat': 'RS'}</msg>
<arg>${json_data['results'][0]}</arg>
<doc>Logs the given message with the given level.</doc>
<status status="PASS" start="2024-06-08T04:18:18.891300" elapsed="0.000464"/>
</kw>
<kw name="Log" owner="BuiltIn">
<msg time="2024-06-08T04:18:18.892198" level="INFO">login</msg>
<arg>${key}</arg>
<doc>Logs the given message with the given level.</doc>
<status status="PASS" start="2024-06-08T04:18:18.892069" elapsed="0.000168"/>
</kw>
<var name="${key}">login</var>
<status status="PASS" start="2024-06-08T04:18:18.890470" elapsed="0.002008"/>
</iter>
<var>${key}</var>
<value>@{expected_keys}</value>
<status status="PASS" start="2024-06-08T04:18:18.881644" elapsed="0.010959"/>
</for>
<kw name="Create List" owner="BuiltIn">
<msg time="2024-06-08T04:18:18.892944" level="INFO">${expected_keysTwo} = ['username', 'password']</msg>
<var>${expected_keysTwo}</var>
<arg>username</arg>
<arg>password</arg>
<doc>Returns a list containing given items.</doc>
<status status="PASS" start="2024-06-08T04:18:18.892804" elapsed="0.000164"/>
</kw>
<for flavor="IN">
<iter>
<kw name="Dictionary Should Contain Key" owner="Collections">
<msg time="2024-06-08T04:18:18.893848" level="INFO">False</msg>
<arg>${json_data['results'][0]['login']}</arg>
<arg>${keyTwo}</arg>
<doc>Fails if ``key`` is not found from ``dictionary``.</doc>
<status status="PASS" start="2024-06-08T04:18:18.893471" elapsed="0.000414"/>
</kw>
<kw name="Dictionary Should Contain Key" owner="Collections">
<msg time="2024-06-08T04:18:18.894559" level="INFO">False</msg>
<arg>${json_data['results'][0]['login']}</arg>
<arg>${keyTwo}</arg>
<doc>Fails if ``key`` is not found from ``dictionary``.</doc>
<status status="PASS" start="2024-06-08T04:18:18.894179" elapsed="0.000417"/>
</kw>
<kw name="Log" owner="BuiltIn">
<msg time="2024-06-08T04:18:18.895017" level="INFO">username</msg>
<arg>${keyTwo}</arg>
<doc>Logs the given message with the given level.</doc>
<status status="PASS" start="2024-06-08T04:18:18.894889" elapsed="0.000165"/>
</kw>
<var name="${keyTwo}">username</var>
<status status="PASS" start="2024-06-08T04:18:18.893360" elapsed="0.001907"/>
</iter>
<iter>
<kw name="Dictionary Should Contain Key" owner="Collections">
<msg time="2024-06-08T04:18:18.895962" level="INFO">False</msg>
<arg>${json_data['results'][0]['login']}</arg>
<arg>${keyTwo}</arg>
<doc>Fails if ``key`` is not found from ``dictionary``.</doc>
<status status="PASS" start="2024-06-08T04:18:18.895551" elapsed="0.000450"/>
</kw>
<kw name="Dictionary Should Contain Key" owner="Collections">
<msg time="2024-06-08T04:18:18.896753" level="INFO">False</msg>
<arg>${json_data['results'][0]['login']}</arg>
<arg>${keyTwo}</arg>
<doc>Fails if ``key`` is not found from ``dictionary``.</doc>
<status status="PASS" start="2024-06-08T04:18:18.896294" elapsed="0.000499"/>
</kw>
<kw name="Log" owner="BuiltIn">
<msg time="2024-06-08T04:18:18.897218" level="INFO">password</msg>
<arg>${keyTwo}</arg>
<doc>Logs the given message with the given level.</doc>
<status status="PASS" start="2024-06-08T04:18:18.897090" elapsed="0.000167"/>
</kw>
<var name="${keyTwo}">password</var>
<status status="PASS" start="2024-06-08T04:18:18.895434" elapsed="0.002038"/>
</iter>
<var>${keyTwo}</var>
<value>@{expected_keysTwo}</value>
<status status="PASS" start="2024-06-08T04:18:18.893207" elapsed="0.004385"/>
</for>
<status status="PASS" start="2024-06-08T04:18:18.779658" elapsed="0.118073"/>
</kw>
<doc>Testa a estrutura da resposta da API.</doc>
<tag>testeEstruturaResposta</tag>
<status status="PASS" start="2024-06-08T04:18:18.779045" elapsed="0.118840"/>
</test>
<test id="s1-s1-t4" name="Validar tipos de dados" line="28">
<kw name="Teste de Tipos de Dados" owner="random-user-service">
<kw name="GET On Session" owner="RequestsLibrary">
<msg time="2024-06-08T04:18:18.975479" level="INFO">GET Request : url=https://randomuser.me/api 
 path_url=/api 
 headers={'User-Agent': 'python-requests/2.32.3', 'Accept-Encoding': 'gzip, deflate', 'Accept': '*/*', 'Connection': 'keep-alive'} 
 body=None 
 </msg>
<msg time="2024-06-08T04:18:18.975549" level="INFO">GET Response : url=https://randomuser.me/api 
 status=200, reason=OK 
 headers={'Date': 'Sat, 08 Jun 2024 04:18:18 GMT', 'Content-Type': 'application/json; charset=utf-8', 'Transfer-Encoding': 'chunked', 'Connection': 'keep-alive', 'X-Powered-By': 'Express', 'Access-Control-Allow-Origin': '*', 'Cache-Control': 'no-cache', 'ETag': 'W/"486-a/llb70odqoMplgwc4OKgIZpSbk"', 'Vary': 'Accept-Encoding', 'Content-Encoding': 'gzip', 'CF-Cache-Status': 'DYNAMIC', 'Report-To': '{"endpoints":[{"url":"https:\\/\\/a.nel.cloudflare.com\\/report\\/v4?s=k9cx6UY7YYY6Fr%2FsUeXP2fhv0qNvvFe7jyYPgk1j4UzZkGRggLjoPQjIwVRYooZvUAP6ASi264urzcrm0clUNZlRHsLtJcPJNP6FrRibs6vuSfAREWi134U7Ns%2BnfPBc"}],"group":"cf-nel","max_age":604800}', 'NEL': '{"success_fraction":0,"report_to":"cf-nel","max_age":604800}', 'Server': 'cloudflare', 'CF-RAY': '890613c42b5a61c5-ORD', 'alt-svc': 'h3=":443"; ma=86400'} 
 body={"results":[{"gender":"female","name":{"title":"Mrs","first":"Molly","last":"Li"},"location":{"street":{"number":1969,"name":"Kahikatea Drive"},"city":"Wellington","state":"Marlborough","country":"New Zealand","postcode":91226,"coordinates":{"latitude":"53.5754","longitude":"143.8407"},"timezone":{"offset":"+2:00","description":"Kaliningrad, South Africa"}},"email":"molly.li@example.com","login":{"uuid":"b75836e6-e09e-4694-a00b-9201c82905f3","username":"sadmeercat247","password":"10101010","salt":"cM4zLrNa","md5":"387a836d94887580f5013af30dc5f208","sha1":"f4f91e3fa4692246ba886b8d1ea45eb4fa915752","sha256":"bb9da27435ccc07abb2dde75472be8334b72acfe370bf60c8700d4ebcc12abd6"},"dob":{"date":"1945-03-03T18:42:37.394Z","age":79},"registered":{"date":"2003-12-21T00:32:50.307Z","age":20},"phone":"(516)-039-2821","cell":"(001)-420-8078","id":{"name":"","value":null},"picture":{"large":"https://randomuser.me/api/portraits/women/73.jpg","medium":"https://randomuser.me/api/portraits/med/women/73.jpg","thumbnail":"https://randomuser.me/api/portraits/thumb/women/73.jpg"},"nat":"NZ"}],"info":{"seed":"32ce45298fee8957","results":1,"page":1,"version":"1.4"}} 
 </msg>
<msg time="2024-06-08T04:18:18.975606" level="INFO">/opt/hostedtoolcache/Python/3.12.3/x64/lib/python3.12/site-packages/urllib3/connectionpool.py:1103: InsecureRequestWarning: Unverified HTTPS request is being made to host 'randomuser.me'. Adding certificate verification is strongly advised. See: https://urllib3.readthedocs.io/en/latest/advanced-usage.html#tls-warnings
  warnings.warn(</msg>
<msg time="2024-06-08T04:18:18.975703" level="INFO">${response} = &lt;Response [200]&gt;</msg>
<var>${response}</var>
<arg>consultarAPI</arg>
<arg>/api</arg>
<doc>Sends a GET request on a previously created HTTP Session.</doc>
<status status="PASS" start="2024-06-08T04:18:18.900479" elapsed="0.075283"/>
</kw>
<kw name="Set Variable" owner="BuiltIn">
<msg time="2024-06-08T04:18:18.976784" level="INFO">${json_data} = {'results': [{'gender': 'female', 'name': {'title': 'Mrs', 'first': 'Molly', 'last': 'Li'}, 'location': {'street': {'number': 1969, 'name': 'Kahikatea Drive'}, 'city': 'Wellington', 'state': 'Marlboro...</msg>
<var>${json_data}</var>
<arg>${response.json()}</arg>
<doc>Returns the given values which can then be assigned to a variables.</doc>
<status status="PASS" start="2024-06-08T04:18:18.976227" elapsed="0.000587"/>
</kw>
<kw name="Log" owner="BuiltIn">
<msg time="2024-06-08T04:18:18.977301" level="INFO">{'results': [{'gender': 'female', 'name': {'title': 'Mrs', 'first': 'Molly', 'last': 'Li'}, 'location': {'street': {'number': 1969, 'name': 'Kahikatea Drive'}, 'city': 'Wellington', 'state': 'Marlborough', 'country': 'New Zealand', 'postcode': 91226, 'coordinates': {'latitude': '53.5754', 'longitude': '143.8407'}, 'timezone': {'offset': '+2:00', 'description': 'Kaliningrad, South Africa'}}, 'email': 'molly.li@example.com', 'login': {'uuid': 'b75836e6-e09e-4694-a00b-9201c82905f3', 'username': 'sadmeercat247', 'password': '10101010', 'salt': 'cM4zLrNa', 'md5': '387a836d94887580f5013af30dc5f208', 'sha1': 'f4f91e3fa4692246ba886b8d1ea45eb4fa915752', 'sha256': 'bb9da27435ccc07abb2dde75472be8334b72acfe370bf60c8700d4ebcc12abd6'}, 'dob': {'date': '1945-03-03T18:42:37.394Z', 'age': 79}, 'registered': {'date': '2003-12-21T00:32:50.307Z', 'age': 20}, 'phone': '(516)-039-2821', 'cell': '(001)-420-8078', 'id': {'name': '', 'value': None}, 'picture': {'large': 'https://randomuser.me/api/portraits/women/73.jpg', 'medium': 'https://randomuser.me/api/portraits/med/women/73.jpg', 'thumbnail': 'https://randomuser.me/api/portraits/thumb/women/73.jpg'}, 'nat': 'NZ'}], 'info': {'seed': '32ce45298fee8957', 'results': 1, 'page': 1, 'version': '1.4'}}</msg>
<arg>${json_data}</arg>
<doc>Logs the given message with the given level.</doc>
<status status="PASS" start="2024-06-08T04:18:18.977143" elapsed="0.000239"/>
</kw>
<kw name="Should Be String" owner="String">
<arg>${json_data['results'][0]['gender']}</arg>
<doc>Fails if the given ``item`` is not a string.</doc>
<status status="PASS" start="2024-06-08T04:18:18.977684" elapsed="0.000360"/>
</kw>
<kw name="Should Match Regexp" owner="BuiltIn">
<arg>${json_data['results'][0]['email']}</arg>
<arg>^[a-zA-Z0-9._%+-]+@[a-zA-Z0-9.-]+\.[a-zA-Z]{2,}$</arg>
<doc>Fails if ``string`` does not match ``pattern`` as a regular expression.</doc>
<status status="PASS" start="2024-06-08T04:18:18.978241" elapsed="0.000524"/>
</kw>
<kw name="Should Match Regexp" owner="BuiltIn">
<arg>${json_data['results'][0]['dob']['date']}</arg>
<arg>\\d{4}-\\d{2}-\\d{2}T\\d{2}:\\d{2}:\\d{2}\\.\\d{3}Z</arg>
<doc>Fails if ``string`` does not match ``pattern`` as a regular expression.</doc>
<status status="PASS" start="2024-06-08T04:18:18.978965" elapsed="0.000487"/>
</kw>
<kw name="Should Match Regexp" owner="BuiltIn">
<arg>${json_data['results'][0]['registered']['date']}</arg>
<arg>\\d{4}-\\d{2}-\\d{2}T\\d{2}:\\d{2}:\\d{2}\\.\\d{3}Z</arg>
<doc>Fails if ``string`` does not match ``pattern`` as a regular expression.</doc>
<status status="PASS" start="2024-06-08T04:18:18.979645" elapsed="0.000411"/>
</kw>
<kw name="Should Match Regexp" owner="BuiltIn">
<arg>${json_data['results'][0]['picture']['large']}</arg>
<arg>^https?://.*\.(?:png|jpe?g|gif|bmp)$</arg>
<doc>Fails if ``string`` does not match ``pattern`` as a regular expression.</doc>
<status status="PASS" start="2024-06-08T04:18:18.980250" elapsed="0.000458"/>
</kw>
<kw name="Should Match Regexp" owner="BuiltIn">
<arg>${json_data['results'][0]['picture']['medium']}</arg>
<arg>^https?://.*\.(?:png|jpe?g|gif|bmp)$</arg>
<doc>Fails if ``string`` does not match ``pattern`` as a regular expression.</doc>
<status status="PASS" start="2024-06-08T04:18:18.980898" elapsed="0.000359"/>
</kw>
<kw name="Should Match Regexp" owner="BuiltIn">
<arg>${json_data['results'][0]['picture']['thumbnail']}</arg>
<arg>^https?://.*\.(?:png|jpe?g|gif|bmp)$</arg>
<doc>Fails if ``string`` does not match ``pattern`` as a regular expression.</doc>
<status status="PASS" start="2024-06-08T04:18:18.981442" elapsed="0.000353"/>
</kw>
<kw name="Log" owner="BuiltIn">
<msg time="2024-06-08T04:18:18.982304" level="INFO">{'large': 'https://randomuser.me/api/portraits/women/73.jpg', 'medium': 'https://randomuser.me/api/portraits/med/women/73.jpg', 'thumbnail': 'https://randomuser.me/api/portraits/thumb/women/73.jpg'}</msg>
<arg>${json_data['results'][0]['picture']}</arg>
<doc>Logs the given message with the given level.</doc>
<status status="PASS" start="2024-06-08T04:18:18.981985" elapsed="0.000363"/>
</kw>
<status status="PASS" start="2024-06-08T04:18:18.900243" elapsed="0.082369"/>
</kw>
<kw name="Teste de Tipos de Dados - Postcode" owner="random-user-service">
<kw name="GET On Session" owner="RequestsLibrary">
<msg time="2024-06-08T04:18:19.071822" level="INFO">GET Request : url=https://randomuser.me/api 
 path_url=/api 
 headers={'User-Agent': 'python-requests/2.32.3', 'Accept-Encoding': 'gzip, deflate', 'Accept': '*/*', 'Connection': 'keep-alive'} 
 body=None 
 </msg>
<msg time="2024-06-08T04:18:19.071908" level="INFO">GET Response : url=https://randomuser.me/api 
 status=200, reason=OK 
 headers={'Date': 'Sat, 08 Jun 2024 04:18:19 GMT', 'Content-Type': 'application/json; charset=utf-8', 'Transfer-Encoding': 'chunked', 'Connection': 'keep-alive', 'X-Powered-By': 'Express', 'Access-Control-Allow-Origin': '*', 'Cache-Control': 'no-cache', 'ETag': 'W/"480-vGTQQ1SJ9SQp3B5VBLdQEhn8Anc"', 'Vary': 'Accept-Encoding', 'Content-Encoding': 'gzip', 'CF-Cache-Status': 'DYNAMIC', 'Report-To': '{"endpoints":[{"url":"https:\\/\\/a.nel.cloudflare.com\\/report\\/v4?s=5UG%2BU83ecRrzrmY8OZcfOsJnVGlA5sAsi%2FQ9mdAEM1C8wO6yPs%2BF32r3VRmWLWEiw6zUpHXVO%2BSv7rlLsIVPCCsoVRQCX%2BhxB5ruvBXoZX25DnKMFmWjjZt7CUb3USdv"}],"group":"cf-nel","max_age":604800}', 'NEL': '{"success_fraction":0,"report_to":"cf-nel","max_age":604800}', 'Server': 'cloudflare', 'CF-RAY': '890613c4abea61c5-ORD', 'alt-svc': 'h3=":443"; ma=86400'} 
 body={"results":[{"gender":"male","name":{"title":"Mr","first":"Sokil","last":"Gayday"},"location":{"street":{"number":7081,"name":"Kazimira Malevicha"},"city":"Malin","state":"Kirovogradska","country":"Ukraine","postcode":50528,"coordinates":{"latitude":"79.6812","longitude":"-178.2620"},"timezone":{"offset":"-7:00","description":"Mountain Time (US &amp; Canada)"}},"email":"sokil.gayday@example.com","login":{"uuid":"d23b8877-6eef-4e9d-a9f0-5c33514d6811","username":"yellowbird415","password":"ming","salt":"z6675LZj","md5":"385c94c0edcb5e56a42bbe021158ae4a","sha1":"6e35f5be2a2fff2278f817fb78a14a2e85e1202a","sha256":"83d038c150c87e4334beb5fbe5836a32d1881383e16f6df9c7ed36da5a9ff0d3"},"dob":{"date":"1989-12-14T23:45:09.963Z","age":34},"registered":{"date":"2006-01-06T18:17:46.729Z","age":18},"phone":"(068) D28-4500","cell":"(099) A78-3785","id":{"name":"","value":null},"picture":{"large":"https://randomuser.me/api/portraits/men/23.jpg","medium":"https://randomuser.me/api/portraits/med/men/23.jpg","thumbnail":"https://randomuser.me/api/portraits/thumb/men/23.jpg"},"nat":"UA"}],"info":{"seed":"22746c64bda59076","results":1,"page":1,"version":"1.4"}} 
 </msg>
<msg time="2024-06-08T04:18:19.071983" level="INFO">/opt/hostedtoolcache/Python/3.12.3/x64/lib/python3.12/site-packages/urllib3/connectionpool.py:1103: InsecureRequestWarning: Unverified HTTPS request is being made to host 'randomuser.me'. Adding certificate verification is strongly advised. See: https://urllib3.readthedocs.io/en/latest/advanced-usage.html#tls-warnings
  warnings.warn(</msg>
<msg time="2024-06-08T04:18:19.072101" level="INFO">${response} = &lt;Response [200]&gt;</msg>
<var>${response}</var>
<arg>consultarAPI</arg>
<arg>/api</arg>
<doc>Sends a GET request on a previously created HTTP Session.</doc>
<status status="PASS" start="2024-06-08T04:18:18.983054" elapsed="0.089100"/>
</kw>
<kw name="Set Variable" owner="BuiltIn">
<msg time="2024-06-08T04:18:19.073211" level="INFO">${json_data} = {'results': [{'gender': 'male', 'name': {'title': 'Mr', 'first': 'Sokil', 'last': 'Gayday'}, 'location': {'street': {'number': 7081, 'name': 'Kazimira Malevicha'}, 'city': 'Malin', 'state': 'Kirovogra...</msg>
<var>${json_data}</var>
<arg>${response.json()}</arg>
<doc>Returns the given values which can then be assigned to a variables.</doc>
<status status="PASS" start="2024-06-08T04:18:19.072649" elapsed="0.000591"/>
</kw>
<kw name="Log" owner="BuiltIn">
<msg time="2024-06-08T04:18:19.073704" level="INFO">{'results': [{'gender': 'male', 'name': {'title': 'Mr', 'first': 'Sokil', 'last': 'Gayday'}, 'location': {'street': {'number': 7081, 'name': 'Kazimira Malevicha'}, 'city': 'Malin', 'state': 'Kirovogradska', 'country': 'Ukraine', 'postcode': 50528, 'coordinates': {'latitude': '79.6812', 'longitude': '-178.2620'}, 'timezone': {'offset': '-7:00', 'description': 'Mountain Time (US &amp; Canada)'}}, 'email': 'sokil.gayday@example.com', 'login': {'uuid': 'd23b8877-6eef-4e9d-a9f0-5c33514d6811', 'username': 'yellowbird415', 'password': 'ming', 'salt': 'z6675LZj', 'md5': '385c94c0edcb5e56a42bbe021158ae4a', 'sha1': '6e35f5be2a2fff2278f817fb78a14a2e85e1202a', 'sha256': '83d038c150c87e4334beb5fbe5836a32d1881383e16f6df9c7ed36da5a9ff0d3'}, 'dob': {'date': '1989-12-14T23:45:09.963Z', 'age': 34}, 'registered': {'date': '2006-01-06T18:17:46.729Z', 'age': 18}, 'phone': '(068) D28-4500', 'cell': '(099) A78-3785', 'id': {'name': '', 'value': None}, 'picture': {'large': 'https://randomuser.me/api/portraits/men/23.jpg', 'medium': 'https://randomuser.me/api/portraits/med/men/23.jpg', 'thumbnail': 'https://randomuser.me/api/portraits/thumb/men/23.jpg'}, 'nat': 'UA'}], 'info': {'seed': '22746c64bda59076', 'results': 1, 'page': 1, 'version': '1.4'}}</msg>
<arg>${json_data}</arg>
<doc>Logs the given message with the given level.</doc>
<status status="PASS" start="2024-06-08T04:18:19.073553" elapsed="0.000229"/>
</kw>
<kw name="Should Be Equal As Numbers" owner="BuiltIn">
<arg>${json_data['results'][0]['location']['postcode']}</arg>
<arg>${json_data['results'][0]['location']['postcode']}</arg>
<doc>Fails if objects are unequal after converting them to real numbers.</doc>
<status status="PASS" start="2024-06-08T04:18:19.074085" elapsed="0.000747"/>
</kw>
<kw name="Log" owner="BuiltIn">
<msg time="2024-06-08T04:18:19.075364" level="INFO">50528</msg>
<arg>${json_data['results'][0]['location']['postcode']}</arg>
<doc>Logs the given message with the given level.</doc>
<status status="PASS" start="2024-06-08T04:18:19.075027" elapsed="0.000379"/>
</kw>
<status status="PASS" start="2024-06-08T04:18:18.982828" elapsed="0.092831"/>
</kw>
<doc>Testa se os tipos de dados na resposta da API estão corretos.</doc>
<tag>testeTiposDados</tag>
<status status="PASS" start="2024-06-08T04:18:18.899640" elapsed="0.176223"/>
</test>
<test id="s1-s1-t5" name="Validar conteudo" line="35">
<kw name="Teste de Tipos de Conteudo" owner="random-user-service">
<kw name="GET On Session" owner="RequestsLibrary">
<msg time="2024-06-08T04:18:19.171214" level="INFO">GET Request : url=https://randomuser.me/api 
 path_url=/api 
 headers={'User-Agent': 'python-requests/2.32.3', 'Accept-Encoding': 'gzip, deflate', 'Accept': '*/*', 'Connection': 'keep-alive'} 
 body=None 
 </msg>
<msg time="2024-06-08T04:18:19.171305" level="INFO">GET Response : url=https://randomuser.me/api 
 status=200, reason=OK 
 headers={'Date': 'Sat, 08 Jun 2024 04:18:19 GMT', 'Content-Type': 'application/json; charset=utf-8', 'Transfer-Encoding': 'chunked', 'Connection': 'keep-alive', 'X-Powered-By': 'Express', 'Access-Control-Allow-Origin': '*', 'Cache-Control': 'no-cache', 'ETag': 'W/"485-5f/hzq0PhF5xwrDEu/ObU5/grzA"', 'Vary': 'Accept-Encoding', 'Content-Encoding': 'gzip', 'CF-Cache-Status': 'DYNAMIC', 'Report-To': '{"endpoints":[{"url":"https:\\/\\/a.nel.cloudflare.com\\/report\\/v4?s=WAINd6i5oAAGmIJUYLCcxLOgvnUowllDh4XjP71HsH12bw6mKzeH%2F%2BPzIGpgmeQqWnkRrDGc92SSv8latVQ1T40XV5hv07nYRcdvQay%2FAIi%2BVH6x6v1MkGB53LNV4WRt"}],"group":"cf-nel","max_age":604800}', 'NEL': '{"success_fraction":0,"report_to":"cf-nel","max_age":604800}', 'Server': 'cloudflare', 'CF-RAY': '890613c53c7061c5-ORD', 'alt-svc': 'h3=":443"; ma=86400'} 
 body={"results":[{"gender":"female","name":{"title":"Mrs","first":"Daniela","last":"Pérez"},"location":{"street":{"number":9652,"name":"Calle de Atocha"},"city":"Torrente","state":"Navarra","country":"Spain","postcode":55554,"coordinates":{"latitude":"-35.8369","longitude":"112.9349"},"timezone":{"offset":"-8:00","description":"Pacific Time (US &amp; Canada)"}},"email":"daniela.perez@example.com","login":{"uuid":"4b62f6ed-8f53-433a-8d5b-eb6be4777375","username":"sadtiger747","password":"frog","salt":"9vlpoMpZ","md5":"1765a54c29f9d35a31a33f91b82e807a","sha1":"3d5ce53a0197f913da2d127613a61cde771017a5","sha256":"392b470bd5b84d6ebbe815eef9a88b8932e1a8b93c96003378229228cf569aa3"},"dob":{"date":"1966-11-20T19:55:19.436Z","age":57},"registered":{"date":"2017-04-17T09:04:14.784Z","age":7},"phone":"924-442-438","cell":"697-286-133","id":{"name":"DNI","value":"52723729-M"},"picture":{"large":"https://randomuser.me/api/portraits/women/90.jpg","medium":"https://randomuser.me/api/portraits/med/women/90.jpg","thumbnail":"https://randomuser.me/api/portraits/thumb/women/90.jpg"},"nat":"ES"}],"info":{"seed":"84b8f48b1def8590","results":1,"page":1,"version":"1.4"}} 
 </msg>
<msg time="2024-06-08T04:18:19.171378" level="INFO">/opt/hostedtoolcache/Python/3.12.3/x64/lib/python3.12/site-packages/urllib3/connectionpool.py:1103: InsecureRequestWarning: Unverified HTTPS request is being made to host 'randomuser.me'. Adding certificate verification is strongly advised. See: https://urllib3.readthedocs.io/en/latest/advanced-usage.html#tls-warnings
  warnings.warn(</msg>
<msg time="2024-06-08T04:18:19.171483" level="INFO">${response} = &lt;Response [200]&gt;</msg>
<var>${response}</var>
<arg>consultarAPI</arg>
<arg>/api</arg>
<doc>Sends a GET request on a previously created HTTP Session.</doc>
<status status="PASS" start="2024-06-08T04:18:19.078329" elapsed="0.093193"/>
</kw>
<kw name="Set Variable" owner="BuiltIn">
<msg time="2024-06-08T04:18:19.172493" level="INFO">${json_data} = {'results': [{'gender': 'female', 'name': {'title': 'Mrs', 'first': 'Daniela', 'last': 'Pérez'}, 'location': {'street': {'number': 9652, 'name': 'Calle de Atocha'}, 'city': 'Torrente', 'state': 'Navar...</msg>
<var>${json_data}</var>
<arg>${response.json()}</arg>
<doc>Returns the given values which can then be assigned to a variables.</doc>
<status status="PASS" start="2024-06-08T04:18:19.172026" elapsed="0.000499"/>
</kw>
<kw name="Set Variable" owner="BuiltIn">
<msg time="2024-06-08T04:18:19.173227" level="INFO">${name_title} = Mrs</msg>
<var>${name_title}</var>
<arg>${json_data["results"][0]["name"]["title"]}</arg>
<doc>Returns the given values which can then be assigned to a variables.</doc>
<status status="PASS" start="2024-06-08T04:18:19.172832" elapsed="0.000421"/>
</kw>
<kw name="Create List" owner="BuiltIn">
<msg time="2024-06-08T04:18:19.173703" level="INFO">${allowed_titles} = ['Mr', 'Ms', 'Miss', 'Mrs', 'Madame', 'Monsieur']</msg>
<var>${allowed_titles}</var>
<arg>Mr</arg>
<arg>Ms</arg>
<arg>Miss</arg>
<arg>Mrs</arg>
<arg>Madame</arg>
<arg>Monsieur</arg>
<doc>Returns a list containing given items.</doc>
<status status="PASS" start="2024-06-08T04:18:19.173554" elapsed="0.000173"/>
</kw>
<kw name="List Should Contain Value" owner="Collections">
<msg time="2024-06-08T04:18:19.174212" level="INFO">False</msg>
<arg>${allowed_titles}</arg>
<arg>${name_title}</arg>
<doc>Fails if the ``value`` is not found from ``list``.</doc>
<status status="PASS" start="2024-06-08T04:18:19.174030" elapsed="0.000219"/>
</kw>
<kw name="Set Variable" owner="BuiltIn">
<msg time="2024-06-08T04:18:19.174918" level="INFO">${name_country} = ES</msg>
<var>${name_country}</var>
<arg>${json_data["results"][0]["nat"]}</arg>
<doc>Returns the given values which can then be assigned to a variables.</doc>
<status status="PASS" start="2024-06-08T04:18:19.174547" elapsed="0.000396"/>
</kw>
<kw name="Create List" owner="BuiltIn">
<msg time="2024-06-08T04:18:19.175891" level="INFO">${list_country} = ['AD', 'AE', 'AF', 'AG', 'AI', 'AL', 'AM', 'AO', 'AQ', 'AR', 'AS', 'AT', 'AU', 'AW', 'AX', 'AZ', 'BA', 'BB', 'BD', 'BE', 'BF', 'BG', 'BH', 'BI', 'BJ', 'BL', 'BM', 'BN', 'BO', 'BQ', 'BR', 'BS', 'BT', '...</msg>
<var>${list_country}</var>
<arg>AD</arg>
<arg>AE</arg>
<arg>AF</arg>
<arg>AG</arg>
<arg>AI</arg>
<arg>AL</arg>
<arg>AM</arg>
<arg>AO</arg>
<arg>AQ</arg>
<arg>AR</arg>
<arg>AS</arg>
<arg>AT</arg>
<arg>AU</arg>
<arg>AW</arg>
<arg>AX</arg>
<arg>AZ</arg>
<arg>BA</arg>
<arg>BB</arg>
<arg>BD</arg>
<arg>BE</arg>
<arg>BF</arg>
<arg>BG</arg>
<arg>BH</arg>
<arg>BI</arg>
<arg>BJ</arg>
<arg>BL</arg>
<arg>BM</arg>
<arg>BN</arg>
<arg>BO</arg>
<arg>BQ</arg>
<arg>BR</arg>
<arg>BS</arg>
<arg>BT</arg>
<arg>BV</arg>
<arg>BW</arg>
<arg>BY</arg>
<arg>BZ</arg>
<arg>CA</arg>
<arg>CC</arg>
<arg>CD</arg>
<arg>CF</arg>
<arg>CG</arg>
<arg>CH</arg>
<arg>CI</arg>
<arg>CK</arg>
<arg>CL</arg>
<arg>CM</arg>
<arg>CN</arg>
<arg>CO</arg>
<arg>CR</arg>
<arg>CU</arg>
<arg>CV</arg>
<arg>CW</arg>
<arg>CX</arg>
<arg>CY</arg>
<arg>CZ</arg>
<arg>DE</arg>
<arg>DJ</arg>
<arg>DK</arg>
<arg>DM</arg>
<arg>DO</arg>
<arg>DZ</arg>
<arg>EC</arg>
<arg>EE</arg>
<arg>EG</arg>
<arg>EH</arg>
<arg>ER</arg>
<arg>ES</arg>
<arg>ET</arg>
<arg>FI</arg>
<arg>FJ</arg>
<arg>FK</arg>
<arg>FM</arg>
<arg>FO</arg>
<arg>FR</arg>
<arg>GA</arg>
<arg>GB</arg>
<arg>GD</arg>
<arg>GE</arg>
<arg>GF</arg>
<arg>GG</arg>
<arg>GH</arg>
<arg>GI</arg>
<arg>GL</arg>
<arg>GM</arg>
<arg>GN</arg>
<arg>GP</arg>
<arg>GQ</arg>
<arg>GR</arg>
<arg>GS</arg>
<arg>GT</arg>
<arg>GU</arg>
<arg>GW</arg>
<arg>GY</arg>
<arg>HK</arg>
<arg>HM</arg>
<arg>HN</arg>
<arg>HR</arg>
<arg>HT</arg>
<arg>HU</arg>
<arg>ID</arg>
<arg>IE</arg>
<arg>IL</arg>
<arg>IM</arg>
<arg>IN</arg>
<arg>IO</arg>
<arg>IQ</arg>
<arg>IR</arg>
<arg>IS</arg>
<arg>IT</arg>
<arg>JE</arg>
<arg>JM</arg>
<arg>JO</arg>
<arg>JP</arg>
<arg>KE</arg>
<arg>KG</arg>
<arg>KH</arg>
<arg>KI</arg>
<arg>KM</arg>
<arg>KN</arg>
<arg>KP</arg>
<arg>KR</arg>
<arg>KW</arg>
<arg>KY</arg>
<arg>KZ</arg>
<arg>LA</arg>
<arg>LB</arg>
<arg>LC</arg>
<arg>LI</arg>
<arg>LK</arg>
<arg>LR</arg>
<arg>LS</arg>
<arg>LT</arg>
<arg>LU</arg>
<arg>LV</arg>
<arg>LY</arg>
<arg>MA</arg>
<arg>MC</arg>
<arg>MD</arg>
<arg>ME</arg>
<arg>MF</arg>
<arg>MG</arg>
<arg>MH</arg>
<arg>MK</arg>
<arg>ML</arg>
<arg>MM</arg>
<arg>MN</arg>
<arg>MO</arg>
<arg>MP</arg>
<arg>MQ</arg>
<arg>MR</arg>
<arg>MS</arg>
<arg>MT</arg>
<arg>MU</arg>
<arg>MV</arg>
<arg>MW</arg>
<arg>MX</arg>
<arg>MY</arg>
<arg>MZ</arg>
<arg>NA</arg>
<arg>NC</arg>
<arg>NE</arg>
<arg>NF</arg>
<arg>NG</arg>
<arg>NI</arg>
<arg>NL</arg>
<arg>NO</arg>
<arg>NP</arg>
<arg>NR</arg>
<arg>NU</arg>
<arg>NZ</arg>
<arg>OM</arg>
<arg>PA</arg>
<arg>PE</arg>
<arg>PF</arg>
<arg>PG</arg>
<arg>PH</arg>
<arg>PK</arg>
<arg>PL</arg>
<arg>PM</arg>
<arg>PN</arg>
<arg>PR</arg>
<arg>PS</arg>
<arg>PT</arg>
<arg>PW</arg>
<arg>PY</arg>
<arg>QA</arg>
<arg>RE</arg>
<arg>RO</arg>
<arg>RS</arg>
<arg>RU</arg>
<arg>RW</arg>
<arg>SA</arg>
<arg>SB</arg>
<arg>SC</arg>
<arg>SD</arg>
<arg>SE</arg>
<arg>SG</arg>
<arg>SH</arg>
<arg>SI</arg>
<arg>SJ</arg>
<arg>SK</arg>
<arg>SL</arg>
<arg>SM</arg>
<arg>SN</arg>
<arg>SO</arg>
<arg>SR</arg>
<arg>SS</arg>
<arg>ST</arg>
<arg>SV</arg>
<arg>SX</arg>
<arg>SY</arg>
<arg>SZ</arg>
<arg>TC</arg>
<arg>TD</arg>
<arg>TF</arg>
<arg>TG</arg>
<arg>TH</arg>
<arg>TJ</arg>
<arg>TK</arg>
<arg>TL</arg>
<arg>TM</arg>
<arg>TN</arg>
<arg>TO</arg>
<arg>TR</arg>
<arg>TT</arg>
<arg>TV</arg>
<arg>TW</arg>
<arg>TZ</arg>
<arg>UA</arg>
<arg>UG</arg>
<arg>UM</arg>
<arg>US</arg>
<arg>UY</arg>
<arg>UZ</arg>
<arg>VA</arg>
<arg>VC</arg>
<arg>VE</arg>
<arg>VG</arg>
<arg>VI</arg>
<arg>VN</arg>
<arg>VU</arg>
<arg>WF</arg>
<arg>WS</arg>
<arg>XK</arg>
<arg>YE</arg>
<arg>YT</arg>
<arg>ZA</arg>
<arg>ZM</arg>
<arg>ZW</arg>
<doc>Returns a list containing given items.</doc>
<status status="PASS" start="2024-06-08T04:18:19.175252" elapsed="0.000666"/>
</kw>
<kw name="List Should Contain Value" owner="Collections">
<msg time="2024-06-08T04:18:19.176983" level="INFO">False</msg>
<arg>${list_country}</arg>
<arg>${name_country}</arg>
<doc>Fails if the ``value`` is not found from ``list``.</doc>
<status status="PASS" start="2024-06-08T04:18:19.176754" elapsed="0.000267"/>
</kw>
<kw name="Run Keyword If" owner="BuiltIn">
<kw name="Should Be True" owner="BuiltIn">
<arg>${True}</arg>
<doc>Fails if the given condition is not true.</doc>
<status status="PASS" start="2024-06-08T04:18:19.178084" elapsed="0.000151"/>
</kw>
<arg>${json_data["results"][0]["location"]["coordinates"]["latitude"]} &gt;= -90 and ${json_data["results"][0]["location"]["coordinates"]["latitude"]} &lt;= 90</arg>
<arg>Should Be True</arg>
<arg>${True}</arg>
<doc>Runs the given keyword with the given arguments, if ``condition`` is true.</doc>
<status status="PASS" start="2024-06-08T04:18:19.177333" elapsed="0.001030"/>
</kw>
<kw name="Run Keyword If" owner="BuiltIn">
<kw name="Should Be True" owner="BuiltIn">
<arg>${True}</arg>
<doc>Fails if the given condition is not true.</doc>
<status status="PASS" start="2024-06-08T04:18:19.179257" elapsed="0.000250"/>
</kw>
<arg>${json_data["results"][0]["location"]["coordinates"]["longitude"]} &gt;= -180 and ${json_data["results"][0]["location"]["coordinates"]["longitude"]} &lt;= 180</arg>
<arg>Should Be True</arg>
<arg>${True}</arg>
<doc>Runs the given keyword with the given arguments, if ``condition`` is true.</doc>
<status status="PASS" start="2024-06-08T04:18:19.178552" elapsed="0.001083"/>
</kw>
<status status="PASS" start="2024-06-08T04:18:19.078101" elapsed="0.101692"/>
</kw>
<doc>Testa o conteúdo específico dos campos retornados pela API.</doc>
<tag>testeConteudo</tag>
<status status="PASS" start="2024-06-08T04:18:19.077576" elapsed="0.102375"/>
</test>
<status status="PASS" start="2024-06-08T04:18:18.221081" elapsed="0.960821"/>
</suite>
<status status="PASS" start="2024-06-08T04:18:18.206658" elapsed="0.980450"/>
</suite>
<statistics>
<total>
<stat pass="5" fail="0" skip="0">All Tests</stat>
</total>
<tag>
<stat pass="1" fail="0" skip="0">testeConteudo</stat>
<stat pass="1" fail="0" skip="0">testeEstruturaResposta</stat>
<stat pass="1" fail="0" skip="0">testeRequisicaoBasica</stat>
<stat pass="1" fail="0" skip="0">testeTiposDados</stat>
</tag>
<suite>
<stat pass="5" fail="0" skip="0" id="s1" name="Tests">Tests</stat>
<stat pass="5" fail="0" skip="0" id="s1-s1" name="Random-User-Test">Tests.Random-User-Test</stat>
</suite>
</statistics>
<errors>
</errors>
</robot>
