<?xml version="1.0" encoding="UTF-8"?>
<robot generator="Robot 7.0 (Python 3.12.3 on linux)" generated="2024-06-08T16:18:55.862107" rpa="false" schemaversion="5">
<suite id="s1" name="Tests" source="/home/runner/work/ApiRandomUser/ApiRandomUser/RamdonUser/tests">
<suite id="s1-s1" name="Random-User-Test" source="/home/runner/work/ApiRandomUser/ApiRandomUser/RamdonUser/tests/random-user-test.robot">
<test id="s1-s1-t1" name="Conectar" line="13">
<kw name="Conectar API" owner="random-user-service">
<kw name="Create Session" owner="RequestsLibrary">
<msg time="2024-06-08T16:18:56.257601" level="INFO">Creating Session using : alias=consultarAPI, url=https://randomuser.me/, headers={},                     cookies={}, auth=None, timeout=None, proxies=None, verify=False,                     debug=0 </msg>
<arg>consultarAPI</arg>
<arg>${URL}</arg>
<doc>Create Session: create a HTTP session to a server</doc>
<status status="PASS" start="2024-06-08T16:18:56.257387" elapsed="0.000402"/>
</kw>
<status status="PASS" start="2024-06-08T16:18:56.256287" elapsed="0.001876"/>
</kw>
<status status="PASS" start="2024-06-08T16:18:56.255702" elapsed="0.002659"/>
</test>
<test id="s1-s1-t2" name="Validar retorno 200 e JSON Válido" line="16">
<kw name="Teste de Requisicao Basica" owner="random-user-service">
<kw name="GET On Session" owner="RequestsLibrary">
<msg time="2024-06-08T16:18:56.535021" level="INFO">GET Request : url=https://randomuser.me/api 
 path_url=/api 
 headers={'User-Agent': 'python-requests/2.32.3', 'Accept-Encoding': 'gzip, deflate', 'Accept': '*/*', 'Connection': 'keep-alive'} 
 body=None 
 </msg>
<msg time="2024-06-08T16:18:56.535214" level="INFO">GET Response : url=https://randomuser.me/api 
 status=200, reason=OK 
 headers={'Date': 'Sat, 08 Jun 2024 16:18:56 GMT', 'Content-Type': 'application/json; charset=utf-8', 'Transfer-Encoding': 'chunked', 'Connection': 'keep-alive', 'X-Powered-By': 'Express', 'Access-Control-Allow-Origin': '*', 'Cache-Control': 'no-cache', 'ETag': 'W/"4a2-RswZsUjIrFvpbtZ5E+qZOLEr13w"', 'Vary': 'Accept-Encoding', 'Content-Encoding': 'gzip', 'CF-Cache-Status': 'DYNAMIC', 'Report-To': '{"endpoints":[{"url":"https:\\/\\/a.nel.cloudflare.com\\/report\\/v4?s=DOWMyZUaI%2F1SfPLx86jV0TtnvuFhcBtHCqC93IdtvgDdkpJDvSibiKW1nL8yXdEH5OzhD3RA4tTeCS8UhyD4Qtn4K9Z6XD%2B1Ha%2FA4MgFPbCrOdNlwzwQ9yLwrGkzv71P"}],"group":"cf-nel","max_age":604800}', 'NEL': '{"success_fraction":0,"report_to":"cf-nel","max_age":604800}', 'Server': 'cloudflare', 'CF-RAY': '890a335ed824398b-IAD', 'alt-svc': 'h3=":443"; ma=86400'} 
 body={"results":[{"gender":"male","name":{"title":"Mr","first":"Diego","last":"Bahena"},"location":{"street":{"number":4649,"name":"Continuación Jamaica"},"city":"José Cardel","state":"Jalisco","country":"Mexico","postcode":58988,"coordinates":{"latitude":"21.7296","longitude":"-118.7805"},"timezone":{"offset":"+10:00","description":"Eastern Australia, Guam, Vladivostok"}},"email":"diego.bahena@example.com","login":{"uuid":"31f77678-fe47-4ccf-8f9a-d30b57810bbe","username":"purpleostrich850","password":"wordup","salt":"04qBWV7F","md5":"2e95a7aac23f6cdc5d2d84c2dd214c4f","sha1":"30326f8f1bfa4515a5c232f41443024aa193de18","sha256":"fe99091634a44b9d0b7b76b63f8fb54653352251680fceee021f2ffe10e865c7"},"dob":{"date":"1956-08-26T08:33:29.037Z","age":67},"registered":{"date":"2003-04-13T03:00:27.805Z","age":21},"phone":"(634) 500 7692","cell":"(677) 074 0445","id":{"name":"NSS","value":"60 88 90 2255 0"},"picture":{"large":"https://randomuser.me/api/portraits/men/72.jpg","medium":"https://randomuser.me/api/portraits/med/men/72.jpg","thumbnail":"https://randomuser.me/api/portraits/thumb/men/72.jpg"},"nat":"MX"}],"info":{"seed":"12133de9ae0d8a04","results":1,"page":1,"version":"1.4"}} 
 </msg>
<msg time="2024-06-08T16:18:56.535304" level="INFO">/opt/hostedtoolcache/Python/3.12.3/x64/lib/python3.12/site-packages/urllib3/connectionpool.py:1103: InsecureRequestWarning: Unverified HTTPS request is being made to host 'randomuser.me'. Adding certificate verification is strongly advised. See: https://urllib3.readthedocs.io/en/latest/advanced-usage.html#tls-warnings
  warnings.warn(</msg>
<msg time="2024-06-08T16:18:56.535455" level="INFO">${response} = &lt;Response [200]&gt;</msg>
<var>${response}</var>
<arg>consultarAPI</arg>
<arg>/api</arg>
<doc>Sends a GET request on a previously created HTTP Session.</doc>
<status status="PASS" start="2024-06-08T16:18:56.261022" elapsed="0.274476"/>
</kw>
<kw name="Should Be Equal As Numbers" owner="BuiltIn">
<msg time="2024-06-08T16:18:56.536509" level="INFO">Argument types are:
&lt;class 'int'&gt;
&lt;class 'str'&gt;</msg>
<arg>${response.status_code}</arg>
<arg>200</arg>
<doc>Fails if objects are unequal after converting them to real numbers.</doc>
<status status="PASS" start="2024-06-08T16:18:56.536045" elapsed="0.000533"/>
</kw>
<kw name="Log" owner="BuiltIn">
<msg time="2024-06-08T16:18:56.537292" level="INFO">200</msg>
<arg>${response.status_code}</arg>
<doc>Logs the given message with the given level.</doc>
<status status="PASS" start="2024-06-08T16:18:56.536943" elapsed="0.000397"/>
</kw>
<kw name="Set Variable" owner="BuiltIn">
<msg time="2024-06-08T16:18:56.538105" level="INFO">${json_data} = {'results': [{'gender': 'male', 'name': {'title': 'Mr', 'first': 'Diego', 'last': 'Bahena'}, 'location': {'street': {'number': 4649, 'name': 'Continuación Jamaica'}, 'city': 'José Cardel', 'state': 'J...</msg>
<var>${json_data}</var>
<arg>${response.json()}</arg>
<doc>Returns the given values which can then be assigned to a variables.</doc>
<status status="PASS" start="2024-06-08T16:18:56.537653" elapsed="0.000482"/>
</kw>
<kw name="Dictionary Should Contain Key" owner="Collections">
<msg time="2024-06-08T16:18:56.538610" level="INFO">False</msg>
<arg>${json_data}</arg>
<arg>results</arg>
<doc>Fails if ``key`` is not found from ``dictionary``.</doc>
<status status="PASS" start="2024-06-08T16:18:56.538441" elapsed="0.000374"/>
</kw>
<status status="PASS" start="2024-06-08T16:18:56.260777" elapsed="0.278313"/>
</kw>
<doc>Testa se a API responde corretamente e retorna um objeto JSON válido.</doc>
<tag>testeRequisicaoBasica</tag>
<status status="PASS" start="2024-06-08T16:18:56.260317" elapsed="0.278991"/>
</test>
<test id="s1-s1-t3" name="Validar estrutura de resposta" line="22">
<kw name="Teste de Estrutura de Resposta" owner="random-user-service">
<kw name="GET On Session" owner="RequestsLibrary">
<msg time="2024-06-08T16:18:56.605470" level="INFO">GET Request : url=https://randomuser.me/api 
 path_url=/api 
 headers={'User-Agent': 'python-requests/2.32.3', 'Accept-Encoding': 'gzip, deflate', 'Accept': '*/*', 'Connection': 'keep-alive'} 
 body=None 
 </msg>
<msg time="2024-06-08T16:18:56.605562" level="INFO">GET Response : url=https://randomuser.me/api 
 status=200, reason=OK 
 headers={'Date': 'Sat, 08 Jun 2024 16:18:56 GMT', 'Content-Type': 'application/json; charset=utf-8', 'Transfer-Encoding': 'chunked', 'Connection': 'keep-alive', 'X-Powered-By': 'Express', 'Access-Control-Allow-Origin': '*', 'Cache-Control': 'no-cache', 'ETag': 'W/"48d-hq+i/NgsFYInt0W9FAlkMx1View"', 'Vary': 'Accept-Encoding', 'Content-Encoding': 'gzip', 'CF-Cache-Status': 'DYNAMIC', 'Report-To': '{"endpoints":[{"url":"https:\\/\\/a.nel.cloudflare.com\\/report\\/v4?s=B3rp3PHf3QqSGAOgmLSS7DJ5sA%2FHKnDgpBVWnUAUXl2yovgkXkg6hwJLmp%2BBeOtKSnXyrWnyvRCwvRTWA1nUs7mxaPlqHOL%2FzLXEDDz%2FYmSNB71GzVRCKZgfcl%2BBSAOY"}],"group":"cf-nel","max_age":604800}', 'NEL': '{"success_fraction":0,"report_to":"cf-nel","max_age":604800}', 'Server': 'cloudflare', 'CF-RAY': '890a335f68f8398b-IAD', 'alt-svc': 'h3=":443"; ma=86400'} 
 body={"results":[{"gender":"female","name":{"title":"Mrs","first":"Kiara","last":"Francois"},"location":{"street":{"number":7063,"name":"Rue Abel-Hovelacque"},"city":"Rueil-Malmaison","state":"Doubs","country":"France","postcode":11813,"coordinates":{"latitude":"-14.4953","longitude":"163.1243"},"timezone":{"offset":"+3:30","description":"Tehran"}},"email":"kiara.francois@example.com","login":{"uuid":"7569b5c3-07fe-4bf6-a0b6-615d3b9b4fa1","username":"happygoose205","password":"recon","salt":"E94R7zAc","md5":"34193b6fc4216cb9926e8697526d9bfb","sha1":"1e1d319bd81e1faa7fc08b79e50e7829afaba632","sha256":"c9676dfcd450a852940bae5d0622c8ebec1d5822d27d8c9a705f34c2da544e67"},"dob":{"date":"1964-04-26T03:18:22.066Z","age":60},"registered":{"date":"2019-06-21T12:23:20.765Z","age":4},"phone":"04-67-39-60-23","cell":"06-99-98-38-27","id":{"name":"INSEE","value":"2640345545429 61"},"picture":{"large":"https://randomuser.me/api/portraits/women/22.jpg","medium":"https://randomuser.me/api/portraits/med/women/22.jpg","thumbnail":"https://randomuser.me/api/portraits/thumb/women/22.jpg"},"nat":"FR"}],"info":{"seed":"c9ec44f385fb820e","results":1,"page":1,"version":"1.4"}} 
 </msg>
<msg time="2024-06-08T16:18:56.605687" level="INFO">/opt/hostedtoolcache/Python/3.12.3/x64/lib/python3.12/site-packages/urllib3/connectionpool.py:1103: InsecureRequestWarning: Unverified HTTPS request is being made to host 'randomuser.me'. Adding certificate verification is strongly advised. See: https://urllib3.readthedocs.io/en/latest/advanced-usage.html#tls-warnings
  warnings.warn(</msg>
<msg time="2024-06-08T16:18:56.605815" level="INFO">${response} = &lt;Response [200]&gt;</msg>
<var>${response}</var>
<arg>consultarAPI</arg>
<arg>/api</arg>
<doc>Sends a GET request on a previously created HTTP Session.</doc>
<status status="PASS" start="2024-06-08T16:18:56.541931" elapsed="0.063925"/>
</kw>
<kw name="Set Variable" owner="BuiltIn">
<msg time="2024-06-08T16:18:56.606890" level="INFO">${json_data} = {'results': [{'gender': 'female', 'name': {'title': 'Mrs', 'first': 'Kiara', 'last': 'Francois'}, 'location': {'street': {'number': 7063, 'name': 'Rue Abel-Hovelacque'}, 'city': 'Rueil-Malmaison', 'st...</msg>
<var>${json_data}</var>
<arg>${response.json()}</arg>
<doc>Returns the given values which can then be assigned to a variables.</doc>
<status status="PASS" start="2024-06-08T16:18:56.606360" elapsed="0.000559"/>
</kw>
<kw name="Log" owner="BuiltIn">
<msg time="2024-06-08T16:18:56.607430" level="INFO">{'results': [{'gender': 'female', 'name': {'title': 'Mrs', 'first': 'Kiara', 'last': 'Francois'}, 'location': {'street': {'number': 7063, 'name': 'Rue Abel-Hovelacque'}, 'city': 'Rueil-Malmaison', 'state': 'Doubs', 'country': 'France', 'postcode': 11813, 'coordinates': {'latitude': '-14.4953', 'longitude': '163.1243'}, 'timezone': {'offset': '+3:30', 'description': 'Tehran'}}, 'email': 'kiara.francois@example.com', 'login': {'uuid': '7569b5c3-07fe-4bf6-a0b6-615d3b9b4fa1', 'username': 'happygoose205', 'password': 'recon', 'salt': 'E94R7zAc', 'md5': '34193b6fc4216cb9926e8697526d9bfb', 'sha1': '1e1d319bd81e1faa7fc08b79e50e7829afaba632', 'sha256': 'c9676dfcd450a852940bae5d0622c8ebec1d5822d27d8c9a705f34c2da544e67'}, 'dob': {'date': '1964-04-26T03:18:22.066Z', 'age': 60}, 'registered': {'date': '2019-06-21T12:23:20.765Z', 'age': 4}, 'phone': '04-67-39-60-23', 'cell': '06-99-98-38-27', 'id': {'name': 'INSEE', 'value': '2640345545429 61'}, 'picture': {'large': 'https://randomuser.me/api/portraits/women/22.jpg', 'medium': 'https://randomuser.me/api/portraits/med/women/22.jpg', 'thumbnail': 'https://randomuser.me/api/portraits/thumb/women/22.jpg'}, 'nat': 'FR'}], 'info': {'seed': 'c9ec44f385fb820e', 'results': 1, 'page': 1, 'version': '1.4'}}</msg>
<arg>${json_data}</arg>
<doc>Logs the given message with the given level.</doc>
<status status="PASS" start="2024-06-08T16:18:56.607263" elapsed="0.000215"/>
</kw>
<kw name="Dictionary Should Contain Key" owner="Collections">
<msg time="2024-06-08T16:18:56.607952" level="INFO">False</msg>
<arg>${json_data}</arg>
<arg>results</arg>
<doc>Fails if ``key`` is not found from ``dictionary``.</doc>
<status status="PASS" start="2024-06-08T16:18:56.607778" elapsed="0.000213"/>
</kw>
<kw name="Should Not Be Empty" owner="BuiltIn">
<msg time="2024-06-08T16:18:56.608426" level="INFO">Length is 2.</msg>
<arg>${json_data}</arg>
<doc>Verifies that the given item is not empty.</doc>
<status status="PASS" start="2024-06-08T16:18:56.608291" elapsed="0.000177"/>
</kw>
<kw name="Create List" owner="BuiltIn">
<msg time="2024-06-08T16:18:56.608918" level="INFO">${expected_keys} = ['gender', 'name', 'location', 'email', 'login']</msg>
<var>${expected_keys}</var>
<arg>gender</arg>
<arg>name</arg>
<arg>location</arg>
<arg>email</arg>
<arg>login</arg>
<doc>Returns a list containing given items.</doc>
<status status="PASS" start="2024-06-08T16:18:56.608768" elapsed="0.000174"/>
</kw>
<for flavor="IN">
<iter>
<kw name="Dictionary Should Contain Key" owner="Collections">
<msg time="2024-06-08T16:18:56.609968" level="INFO">False</msg>
<arg>${json_data['results'][0]}</arg>
<arg>${key}</arg>
<doc>Fails if ``key`` is not found from ``dictionary``.</doc>
<status status="PASS" start="2024-06-08T16:18:56.609542" elapsed="0.000470"/>
</kw>
<kw name="Log" owner="BuiltIn">
<msg time="2024-06-08T16:18:56.610682" level="INFO">{'gender': 'female', 'name': {'title': 'Mrs', 'first': 'Kiara', 'last': 'Francois'}, 'location': {'street': {'number': 7063, 'name': 'Rue Abel-Hovelacque'}, 'city': 'Rueil-Malmaison', 'state': 'Doubs', 'country': 'France', 'postcode': 11813, 'coordinates': {'latitude': '-14.4953', 'longitude': '163.1243'}, 'timezone': {'offset': '+3:30', 'description': 'Tehran'}}, 'email': 'kiara.francois@example.com', 'login': {'uuid': '7569b5c3-07fe-4bf6-a0b6-615d3b9b4fa1', 'username': 'happygoose205', 'password': 'recon', 'salt': 'E94R7zAc', 'md5': '34193b6fc4216cb9926e8697526d9bfb', 'sha1': '1e1d319bd81e1faa7fc08b79e50e7829afaba632', 'sha256': 'c9676dfcd450a852940bae5d0622c8ebec1d5822d27d8c9a705f34c2da544e67'}, 'dob': {'date': '1964-04-26T03:18:22.066Z', 'age': 60}, 'registered': {'date': '2019-06-21T12:23:20.765Z', 'age': 4}, 'phone': '04-67-39-60-23', 'cell': '06-99-98-38-27', 'id': {'name': 'INSEE', 'value': '2640345545429 61'}, 'picture': {'large': 'https://randomuser.me/api/portraits/women/22.jpg', 'medium': 'https://randomuser.me/api/portraits/med/women/22.jpg', 'thumbnail': 'https://randomuser.me/api/portraits/thumb/women/22.jpg'}, 'nat': 'FR'}</msg>
<arg>${json_data['results'][0]}</arg>
<doc>Logs the given message with the given level.</doc>
<status status="PASS" start="2024-06-08T16:18:56.610314" elapsed="0.000419"/>
</kw>
<kw name="Log" owner="BuiltIn">
<msg time="2024-06-08T16:18:56.611189" level="INFO">gender</msg>
<arg>${key}</arg>
<doc>Logs the given message with the given level.</doc>
<status status="PASS" start="2024-06-08T16:18:56.611038" elapsed="0.000195"/>
</kw>
<var name="${key}">gender</var>
<status status="PASS" start="2024-06-08T16:18:56.609407" elapsed="0.002064"/>
</iter>
<iter>
<kw name="Dictionary Should Contain Key" owner="Collections">
<msg time="2024-06-08T16:18:56.612173" level="INFO">False</msg>
<arg>${json_data['results'][0]}</arg>
<arg>${key}</arg>
<doc>Fails if ``key`` is not found from ``dictionary``.</doc>
<status status="PASS" start="2024-06-08T16:18:56.611782" elapsed="0.000429"/>
</kw>
<kw name="Log" owner="BuiltIn">
<msg time="2024-06-08T16:18:56.612906" level="INFO">{'gender': 'female', 'name': {'title': 'Mrs', 'first': 'Kiara', 'last': 'Francois'}, 'location': {'street': {'number': 7063, 'name': 'Rue Abel-Hovelacque'}, 'city': 'Rueil-Malmaison', 'state': 'Doubs', 'country': 'France', 'postcode': 11813, 'coordinates': {'latitude': '-14.4953', 'longitude': '163.1243'}, 'timezone': {'offset': '+3:30', 'description': 'Tehran'}}, 'email': 'kiara.francois@example.com', 'login': {'uuid': '7569b5c3-07fe-4bf6-a0b6-615d3b9b4fa1', 'username': 'happygoose205', 'password': 'recon', 'salt': 'E94R7zAc', 'md5': '34193b6fc4216cb9926e8697526d9bfb', 'sha1': '1e1d319bd81e1faa7fc08b79e50e7829afaba632', 'sha256': 'c9676dfcd450a852940bae5d0622c8ebec1d5822d27d8c9a705f34c2da544e67'}, 'dob': {'date': '1964-04-26T03:18:22.066Z', 'age': 60}, 'registered': {'date': '2019-06-21T12:23:20.765Z', 'age': 4}, 'phone': '04-67-39-60-23', 'cell': '06-99-98-38-27', 'id': {'name': 'INSEE', 'value': '2640345545429 61'}, 'picture': {'large': 'https://randomuser.me/api/portraits/women/22.jpg', 'medium': 'https://randomuser.me/api/portraits/med/women/22.jpg', 'thumbnail': 'https://randomuser.me/api/portraits/thumb/women/22.jpg'}, 'nat': 'FR'}</msg>
<arg>${json_data['results'][0]}</arg>
<doc>Logs the given message with the given level.</doc>
<status status="PASS" start="2024-06-08T16:18:56.612541" elapsed="0.000424"/>
</kw>
<kw name="Log" owner="BuiltIn">
<msg time="2024-06-08T16:18:56.613396" level="INFO">name</msg>
<arg>${key}</arg>
<doc>Logs the given message with the given level.</doc>
<status status="PASS" start="2024-06-08T16:18:56.613266" elapsed="0.000169"/>
</kw>
<var name="${key}">name</var>
<status status="PASS" start="2024-06-08T16:18:56.611664" elapsed="0.001994"/>
</iter>
<iter>
<kw name="Dictionary Should Contain Key" owner="Collections">
<msg time="2024-06-08T16:18:56.614341" level="INFO">False</msg>
<arg>${json_data['results'][0]}</arg>
<arg>${key}</arg>
<doc>Fails if ``key`` is not found from ``dictionary``.</doc>
<status status="PASS" start="2024-06-08T16:18:56.613959" elapsed="0.000421"/>
</kw>
<kw name="Log" owner="BuiltIn">
<msg time="2024-06-08T16:18:56.615068" level="INFO">{'gender': 'female', 'name': {'title': 'Mrs', 'first': 'Kiara', 'last': 'Francois'}, 'location': {'street': {'number': 7063, 'name': 'Rue Abel-Hovelacque'}, 'city': 'Rueil-Malmaison', 'state': 'Doubs', 'country': 'France', 'postcode': 11813, 'coordinates': {'latitude': '-14.4953', 'longitude': '163.1243'}, 'timezone': {'offset': '+3:30', 'description': 'Tehran'}}, 'email': 'kiara.francois@example.com', 'login': {'uuid': '7569b5c3-07fe-4bf6-a0b6-615d3b9b4fa1', 'username': 'happygoose205', 'password': 'recon', 'salt': 'E94R7zAc', 'md5': '34193b6fc4216cb9926e8697526d9bfb', 'sha1': '1e1d319bd81e1faa7fc08b79e50e7829afaba632', 'sha256': 'c9676dfcd450a852940bae5d0622c8ebec1d5822d27d8c9a705f34c2da544e67'}, 'dob': {'date': '1964-04-26T03:18:22.066Z', 'age': 60}, 'registered': {'date': '2019-06-21T12:23:20.765Z', 'age': 4}, 'phone': '04-67-39-60-23', 'cell': '06-99-98-38-27', 'id': {'name': 'INSEE', 'value': '2640345545429 61'}, 'picture': {'large': 'https://randomuser.me/api/portraits/women/22.jpg', 'medium': 'https://randomuser.me/api/portraits/med/women/22.jpg', 'thumbnail': 'https://randomuser.me/api/portraits/thumb/women/22.jpg'}, 'nat': 'FR'}</msg>
<arg>${json_data['results'][0]}</arg>
<doc>Logs the given message with the given level.</doc>
<status status="PASS" start="2024-06-08T16:18:56.614699" elapsed="0.000428"/>
</kw>
<kw name="Log" owner="BuiltIn">
<msg time="2024-06-08T16:18:56.615581" level="INFO">location</msg>
<arg>${key}</arg>
<doc>Logs the given message with the given level.</doc>
<status status="PASS" start="2024-06-08T16:18:56.615451" elapsed="0.000169"/>
</kw>
<var name="${key}">location</var>
<status status="PASS" start="2024-06-08T16:18:56.613843" elapsed="0.001995"/>
</iter>
<iter>
<kw name="Dictionary Should Contain Key" owner="Collections">
<msg time="2024-06-08T16:18:56.616642" level="INFO">False</msg>
<arg>${json_data['results'][0]}</arg>
<arg>${key}</arg>
<doc>Fails if ``key`` is not found from ``dictionary``.</doc>
<status status="PASS" start="2024-06-08T16:18:56.616136" elapsed="0.000545"/>
</kw>
<kw name="Log" owner="BuiltIn">
<msg time="2024-06-08T16:18:56.617356" level="INFO">{'gender': 'female', 'name': {'title': 'Mrs', 'first': 'Kiara', 'last': 'Francois'}, 'location': {'street': {'number': 7063, 'name': 'Rue Abel-Hovelacque'}, 'city': 'Rueil-Malmaison', 'state': 'Doubs', 'country': 'France', 'postcode': 11813, 'coordinates': {'latitude': '-14.4953', 'longitude': '163.1243'}, 'timezone': {'offset': '+3:30', 'description': 'Tehran'}}, 'email': 'kiara.francois@example.com', 'login': {'uuid': '7569b5c3-07fe-4bf6-a0b6-615d3b9b4fa1', 'username': 'happygoose205', 'password': 'recon', 'salt': 'E94R7zAc', 'md5': '34193b6fc4216cb9926e8697526d9bfb', 'sha1': '1e1d319bd81e1faa7fc08b79e50e7829afaba632', 'sha256': 'c9676dfcd450a852940bae5d0622c8ebec1d5822d27d8c9a705f34c2da544e67'}, 'dob': {'date': '1964-04-26T03:18:22.066Z', 'age': 60}, 'registered': {'date': '2019-06-21T12:23:20.765Z', 'age': 4}, 'phone': '04-67-39-60-23', 'cell': '06-99-98-38-27', 'id': {'name': 'INSEE', 'value': '2640345545429 61'}, 'picture': {'large': 'https://randomuser.me/api/portraits/women/22.jpg', 'medium': 'https://randomuser.me/api/portraits/med/women/22.jpg', 'thumbnail': 'https://randomuser.me/api/portraits/thumb/women/22.jpg'}, 'nat': 'FR'}</msg>
<arg>${json_data['results'][0]}</arg>
<doc>Logs the given message with the given level.</doc>
<status status="PASS" start="2024-06-08T16:18:56.616981" elapsed="0.000424"/>
</kw>
<kw name="Log" owner="BuiltIn">
<msg time="2024-06-08T16:18:56.617844" level="INFO">email</msg>
<arg>${key}</arg>
<doc>Logs the given message with the given level.</doc>
<status status="PASS" start="2024-06-08T16:18:56.617712" elapsed="0.000170"/>
</kw>
<var name="${key}">email</var>
<status status="PASS" start="2024-06-08T16:18:56.616024" elapsed="0.002076"/>
</iter>
<iter>
<kw name="Dictionary Should Contain Key" owner="Collections">
<msg time="2024-06-08T16:18:56.618779" level="INFO">False</msg>
<arg>${json_data['results'][0]}</arg>
<arg>${key}</arg>
<doc>Fails if ``key`` is not found from ``dictionary``.</doc>
<status status="PASS" start="2024-06-08T16:18:56.618390" elapsed="0.000426"/>
</kw>
<kw name="Log" owner="BuiltIn">
<msg time="2024-06-08T16:18:56.619502" level="INFO">{'gender': 'female', 'name': {'title': 'Mrs', 'first': 'Kiara', 'last': 'Francois'}, 'location': {'street': {'number': 7063, 'name': 'Rue Abel-Hovelacque'}, 'city': 'Rueil-Malmaison', 'state': 'Doubs', 'country': 'France', 'postcode': 11813, 'coordinates': {'latitude': '-14.4953', 'longitude': '163.1243'}, 'timezone': {'offset': '+3:30', 'description': 'Tehran'}}, 'email': 'kiara.francois@example.com', 'login': {'uuid': '7569b5c3-07fe-4bf6-a0b6-615d3b9b4fa1', 'username': 'happygoose205', 'password': 'recon', 'salt': 'E94R7zAc', 'md5': '34193b6fc4216cb9926e8697526d9bfb', 'sha1': '1e1d319bd81e1faa7fc08b79e50e7829afaba632', 'sha256': 'c9676dfcd450a852940bae5d0622c8ebec1d5822d27d8c9a705f34c2da544e67'}, 'dob': {'date': '1964-04-26T03:18:22.066Z', 'age': 60}, 'registered': {'date': '2019-06-21T12:23:20.765Z', 'age': 4}, 'phone': '04-67-39-60-23', 'cell': '06-99-98-38-27', 'id': {'name': 'INSEE', 'value': '2640345545429 61'}, 'picture': {'large': 'https://randomuser.me/api/portraits/women/22.jpg', 'medium': 'https://randomuser.me/api/portraits/med/women/22.jpg', 'thumbnail': 'https://randomuser.me/api/portraits/thumb/women/22.jpg'}, 'nat': 'FR'}</msg>
<arg>${json_data['results'][0]}</arg>
<doc>Logs the given message with the given level.</doc>
<status status="PASS" start="2024-06-08T16:18:56.619115" elapsed="0.000436"/>
</kw>
<kw name="Log" owner="BuiltIn">
<msg time="2024-06-08T16:18:56.619984" level="INFO">login</msg>
<arg>${key}</arg>
<doc>Logs the given message with the given level.</doc>
<status status="PASS" start="2024-06-08T16:18:56.619852" elapsed="0.000171"/>
</kw>
<var name="${key}">login</var>
<status status="PASS" start="2024-06-08T16:18:56.618277" elapsed="0.002036"/>
</iter>
<var>${key}</var>
<value>@{expected_keys}</value>
<status status="PASS" start="2024-06-08T16:18:56.609210" elapsed="0.011241"/>
</for>
<kw name="Create List" owner="BuiltIn">
<msg time="2024-06-08T16:18:56.620796" level="INFO">${expected_keysTwo} = ['username', 'password']</msg>
<var>${expected_keysTwo}</var>
<arg>username</arg>
<arg>password</arg>
<doc>Returns a list containing given items.</doc>
<status status="PASS" start="2024-06-08T16:18:56.620653" elapsed="0.000168"/>
</kw>
<for flavor="IN">
<iter>
<kw name="Dictionary Should Contain Key" owner="Collections">
<msg time="2024-06-08T16:18:56.621776" level="INFO">False</msg>
<arg>${json_data['results'][0]['login']}</arg>
<arg>${keyTwo}</arg>
<doc>Fails if ``key`` is not found from ``dictionary``.</doc>
<status status="PASS" start="2024-06-08T16:18:56.621340" elapsed="0.000475"/>
</kw>
<kw name="Dictionary Should Contain Key" owner="Collections">
<msg time="2024-06-08T16:18:56.622510" level="INFO">False</msg>
<arg>${json_data['results'][0]['login']}</arg>
<arg>${keyTwo}</arg>
<doc>Fails if ``key`` is not found from ``dictionary``.</doc>
<status status="PASS" start="2024-06-08T16:18:56.622117" elapsed="0.000431"/>
</kw>
<kw name="Log" owner="BuiltIn">
<msg time="2024-06-08T16:18:56.622986" level="INFO">username</msg>
<arg>${keyTwo}</arg>
<doc>Logs the given message with the given level.</doc>
<status status="PASS" start="2024-06-08T16:18:56.622856" elapsed="0.000169"/>
</kw>
<var name="${keyTwo}">username</var>
<status status="PASS" start="2024-06-08T16:18:56.621218" elapsed="0.002047"/>
</iter>
<iter>
<kw name="Dictionary Should Contain Key" owner="Collections">
<msg time="2024-06-08T16:18:56.623947" level="INFO">False</msg>
<arg>${json_data['results'][0]['login']}</arg>
<arg>${keyTwo}</arg>
<doc>Fails if ``key`` is not found from ``dictionary``.</doc>
<status status="PASS" start="2024-06-08T16:18:56.623562" elapsed="0.000423"/>
</kw>
<kw name="Dictionary Should Contain Key" owner="Collections">
<msg time="2024-06-08T16:18:56.624703" level="INFO">False</msg>
<arg>${json_data['results'][0]['login']}</arg>
<arg>${keyTwo}</arg>
<doc>Fails if ``key`` is not found from ``dictionary``.</doc>
<status status="PASS" start="2024-06-08T16:18:56.624296" elapsed="0.000444"/>
</kw>
<kw name="Log" owner="BuiltIn">
<msg time="2024-06-08T16:18:56.625173" level="INFO">password</msg>
<arg>${keyTwo}</arg>
<doc>Logs the given message with the given level.</doc>
<status status="PASS" start="2024-06-08T16:18:56.625042" elapsed="0.000169"/>
</kw>
<var name="${keyTwo}">password</var>
<status status="PASS" start="2024-06-08T16:18:56.623442" elapsed="0.001988"/>
</iter>
<var>${keyTwo}</var>
<value>@{expected_keysTwo}</value>
<status status="PASS" start="2024-06-08T16:18:56.621062" elapsed="0.004489"/>
</for>
<status status="PASS" start="2024-06-08T16:18:56.541688" elapsed="0.084007"/>
</kw>
<doc>Testa a estrutura da resposta da API.</doc>
<tag>testeEstruturaResposta</tag>
<status status="PASS" start="2024-06-08T16:18:56.541145" elapsed="0.084721"/>
</test>
<test id="s1-s1-t4" name="Validar tipos de dados" line="28">
<kw name="Teste de Tipos de Dados" owner="random-user-service">
<kw name="GET On Session" owner="RequestsLibrary">
<msg time="2024-06-08T16:18:56.700255" level="INFO">GET Request : url=https://randomuser.me/api 
 path_url=/api 
 headers={'User-Agent': 'python-requests/2.32.3', 'Accept-Encoding': 'gzip, deflate', 'Accept': '*/*', 'Connection': 'keep-alive'} 
 body=None 
 </msg>
<msg time="2024-06-08T16:18:56.700367" level="INFO">GET Response : url=https://randomuser.me/api 
 status=200, reason=OK 
 headers={'Date': 'Sat, 08 Jun 2024 16:18:56 GMT', 'Content-Type': 'application/json; charset=utf-8', 'Transfer-Encoding': 'chunked', 'Connection': 'keep-alive', 'X-Powered-By': 'Express', 'Access-Control-Allow-Origin': '*', 'Cache-Control': 'no-cache', 'ETag': 'W/"47e-MLljeyBDdHGRHXQJTGp4WQJYkjo"', 'Vary': 'Accept-Encoding', 'Content-Encoding': 'gzip', 'CF-Cache-Status': 'DYNAMIC', 'Report-To': '{"endpoints":[{"url":"https:\\/\\/a.nel.cloudflare.com\\/report\\/v4?s=q5X98d6v18KgHUw6gyueZciIWzFadxa%2BQ%2B7vK9Ah70nX7G675VjWkOCap%2B9A1k84od7znNY7bdlWcTUP7KULIvgGxlUlOehPTM41pquIIDfQs7KGzRzzCM5XEhRtFbyb"}],"group":"cf-nel","max_age":604800}', 'NEL': '{"success_fraction":0,"report_to":"cf-nel","max_age":604800}', 'Server': 'cloudflare', 'CF-RAY': '890a335ff994398b-IAD', 'alt-svc': 'h3=":443"; ma=86400'} 
 body={"results":[{"gender":"female","name":{"title":"Ms","first":"رونیکا","last":"صدر"},"location":{"street":{"number":1627,"name":"شهید شواخ"},"city":"بیرجند","state":"هرمزگان","country":"Iran","postcode":66951,"coordinates":{"latitude":"17.0694","longitude":"112.7076"},"timezone":{"offset":"-2:00","description":"Mid-Atlantic"}},"email":"rwnykh.sdr@example.com","login":{"uuid":"66b6274a-a8fb-45f6-8e89-f2dd02564a72","username":"purplezebra234","password":"kaitlyn","salt":"F9Qv9AU6","md5":"3112b4fe2f25f06a168c634651309aab","sha1":"d94f80f11400ac784ff4837cef63939efd740211","sha256":"132862605233e1e463de68d3259e9514fa145d7dab12b943548d1894b1ca383b"},"dob":{"date":"1992-04-24T17:53:43.424Z","age":32},"registered":{"date":"2018-10-22T04:53:20.992Z","age":5},"phone":"013-32641491","cell":"0947-600-2254","id":{"name":"","value":null},"picture":{"large":"https://randomuser.me/api/portraits/women/1.jpg","medium":"https://randomuser.me/api/portraits/med/women/1.jpg","thumbnail":"https://randomuser.me/api/portraits/thumb/women/1.jpg"},"nat":"IR"}],"info":{"seed":"a7f1dfa364aece91","results":1,"page":1,"version":"1.4"}} 
 </msg>
<msg time="2024-06-08T16:18:56.700444" level="INFO">/opt/hostedtoolcache/Python/3.12.3/x64/lib/python3.12/site-packages/urllib3/connectionpool.py:1103: InsecureRequestWarning: Unverified HTTPS request is being made to host 'randomuser.me'. Adding certificate verification is strongly advised. See: https://urllib3.readthedocs.io/en/latest/advanced-usage.html#tls-warnings
  warnings.warn(</msg>
<msg time="2024-06-08T16:18:56.700560" level="INFO">${response} = &lt;Response [200]&gt;</msg>
<var>${response}</var>
<arg>consultarAPI</arg>
<arg>/api</arg>
<doc>Sends a GET request on a previously created HTTP Session.</doc>
<status status="PASS" start="2024-06-08T16:18:56.628400" elapsed="0.072190"/>
</kw>
<kw name="Set Variable" owner="BuiltIn">
<msg time="2024-06-08T16:18:56.701663" level="INFO">${json_data} = {'results': [{'gender': 'female', 'name': {'title': 'Ms', 'first': 'رونیکا', 'last': 'صدر'}, 'location': {'street': {'number': 1627, 'name': 'شهید شواخ'}, 'city': 'بیرجند', 'state': 'هرمزگان', 'countr...</msg>
<var>${json_data}</var>
<arg>${response.json()}</arg>
<doc>Returns the given values which can then be assigned to a variables.</doc>
<status status="PASS" start="2024-06-08T16:18:56.701137" elapsed="0.000558"/>
</kw>
<kw name="Log" owner="BuiltIn">
<msg time="2024-06-08T16:18:56.702171" level="INFO">{'results': [{'gender': 'female', 'name': {'title': 'Ms', 'first': 'رونیکا', 'last': 'صدر'}, 'location': {'street': {'number': 1627, 'name': 'شهید شواخ'}, 'city': 'بیرجند', 'state': 'هرمزگان', 'country': 'Iran', 'postcode': 66951, 'coordinates': {'latitude': '17.0694', 'longitude': '112.7076'}, 'timezone': {'offset': '-2:00', 'description': 'Mid-Atlantic'}}, 'email': 'rwnykh.sdr@example.com', 'login': {'uuid': '66b6274a-a8fb-45f6-8e89-f2dd02564a72', 'username': 'purplezebra234', 'password': 'kaitlyn', 'salt': 'F9Qv9AU6', 'md5': '3112b4fe2f25f06a168c634651309aab', 'sha1': 'd94f80f11400ac784ff4837cef63939efd740211', 'sha256': '132862605233e1e463de68d3259e9514fa145d7dab12b943548d1894b1ca383b'}, 'dob': {'date': '1992-04-24T17:53:43.424Z', 'age': 32}, 'registered': {'date': '2018-10-22T04:53:20.992Z', 'age': 5}, 'phone': '013-32641491', 'cell': '0947-600-2254', 'id': {'name': '', 'value': None}, 'picture': {'large': 'https://randomuser.me/api/portraits/women/1.jpg', 'medium': 'https://randomuser.me/api/portraits/med/women/1.jpg', 'thumbnail': 'https://randomuser.me/api/portraits/thumb/women/1.jpg'}, 'nat': 'IR'}], 'info': {'seed': 'a7f1dfa364aece91', 'results': 1, 'page': 1, 'version': '1.4'}}</msg>
<arg>${json_data}</arg>
<doc>Logs the given message with the given level.</doc>
<status status="PASS" start="2024-06-08T16:18:56.702010" elapsed="0.000255"/>
</kw>
<kw name="Should Be String" owner="String">
<arg>${json_data['results'][0]['gender']}</arg>
<doc>Fails if the given ``item`` is not a string.</doc>
<status status="PASS" start="2024-06-08T16:18:56.702569" elapsed="0.000381"/>
</kw>
<kw name="Should Match Regexp" owner="BuiltIn">
<arg>${json_data['results'][0]['email']}</arg>
<arg>^[a-zA-Z0-9._%+-]+@[a-zA-Z0-9.-]+\.[a-zA-Z]{2,}$</arg>
<doc>Fails if ``string`` does not match ``pattern`` as a regular expression.</doc>
<status status="PASS" start="2024-06-08T16:18:56.703145" elapsed="0.000727"/>
</kw>
<kw name="Should Match Regexp" owner="BuiltIn">
<arg>${json_data['results'][0]['dob']['date']}</arg>
<arg>\\d{4}-\\d{2}-\\d{2}T\\d{2}:\\d{2}:\\d{2}\\.\\d{3}Z</arg>
<doc>Fails if ``string`` does not match ``pattern`` as a regular expression.</doc>
<status status="PASS" start="2024-06-08T16:18:56.704075" elapsed="0.000488"/>
</kw>
<kw name="Should Match Regexp" owner="BuiltIn">
<arg>${json_data['results'][0]['registered']['date']}</arg>
<arg>\\d{4}-\\d{2}-\\d{2}T\\d{2}:\\d{2}:\\d{2}\\.\\d{3}Z</arg>
<doc>Fails if ``string`` does not match ``pattern`` as a regular expression.</doc>
<status status="PASS" start="2024-06-08T16:18:56.704759" elapsed="0.000376"/>
</kw>
<kw name="Should Match Regexp" owner="BuiltIn">
<arg>${json_data['results'][0]['picture']['large']}</arg>
<arg>^https?://.*\.(?:png|jpe?g|gif|bmp)$</arg>
<doc>Fails if ``string`` does not match ``pattern`` as a regular expression.</doc>
<status status="PASS" start="2024-06-08T16:18:56.705326" elapsed="0.000462"/>
</kw>
<kw name="Should Match Regexp" owner="BuiltIn">
<arg>${json_data['results'][0]['picture']['medium']}</arg>
<arg>^https?://.*\.(?:png|jpe?g|gif|bmp)$</arg>
<doc>Fails if ``string`` does not match ``pattern`` as a regular expression.</doc>
<status status="PASS" start="2024-06-08T16:18:56.705979" elapsed="0.000351"/>
</kw>
<kw name="Should Match Regexp" owner="BuiltIn">
<arg>${json_data['results'][0]['picture']['thumbnail']}</arg>
<arg>^https?://.*\.(?:png|jpe?g|gif|bmp)$</arg>
<doc>Fails if ``string`` does not match ``pattern`` as a regular expression.</doc>
<status status="PASS" start="2024-06-08T16:18:56.706523" elapsed="0.000348"/>
</kw>
<kw name="Log" owner="BuiltIn">
<msg time="2024-06-08T16:18:56.707425" level="INFO">{'large': 'https://randomuser.me/api/portraits/women/1.jpg', 'medium': 'https://randomuser.me/api/portraits/med/women/1.jpg', 'thumbnail': 'https://randomuser.me/api/portraits/thumb/women/1.jpg'}</msg>
<arg>${json_data['results'][0]['picture']}</arg>
<doc>Logs the given message with the given level.</doc>
<status status="PASS" start="2024-06-08T16:18:56.707056" elapsed="0.000413"/>
</kw>
<status status="PASS" start="2024-06-08T16:18:56.628161" elapsed="0.079570"/>
</kw>
<kw name="Teste de Tipos de Dados - Postcode" owner="random-user-service">
<kw name="GET On Session" owner="RequestsLibrary">
<msg time="2024-06-08T16:18:56.805721" level="INFO">GET Request : url=https://randomuser.me/api 
 path_url=/api 
 headers={'User-Agent': 'python-requests/2.32.3', 'Accept-Encoding': 'gzip, deflate', 'Accept': '*/*', 'Connection': 'keep-alive'} 
 body=None 
 </msg>
<msg time="2024-06-08T16:18:56.805820" level="INFO">GET Response : url=https://randomuser.me/api 
 status=200, reason=OK 
 headers={'Date': 'Sat, 08 Jun 2024 16:18:56 GMT', 'Content-Type': 'application/json; charset=utf-8', 'Transfer-Encoding': 'chunked', 'Connection': 'keep-alive', 'X-Powered-By': 'Express', 'Access-Control-Allow-Origin': '*', 'Cache-Control': 'no-cache', 'ETag': 'W/"463-SalSnvWSH7W1ch+IFNhp7CFEGcU"', 'Vary': 'Accept-Encoding', 'Content-Encoding': 'gzip', 'CF-Cache-Status': 'DYNAMIC', 'Report-To': '{"endpoints":[{"url":"https:\\/\\/a.nel.cloudflare.com\\/report\\/v4?s=QH0i93Xx7Ct%2BgOy88HAKJ2n50SIRFjLV60Gx8cnV60RwOqMZiTm1sbHSvQ1Ahy3lnu1XEukUOqkgL6zH6FqPmrMB%2FbKZR2qQTs%2FdWxt5rzoUizjD9GLisfpOLBvGvpH7"}],"group":"cf-nel","max_age":604800}', 'NEL': '{"success_fraction":0,"report_to":"cf-nel","max_age":604800}', 'Server': 'cloudflare', 'CF-RAY': '890a33606a45398b-IAD', 'alt-svc': 'h3=":443"; ma=86400'} 
 body={"results":[{"gender":"male","name":{"title":"Mr","first":"Simon","last":"Thomsen"},"location":{"street":{"number":2181,"name":"Hyacintvej"},"city":"Vesterborg","state":"Danmark","country":"Denmark","postcode":19281,"coordinates":{"latitude":"-46.9555","longitude":"-84.2179"},"timezone":{"offset":"+4:30","description":"Kabul"}},"email":"simon.thomsen@example.com","login":{"uuid":"dfa35e01-69e6-42ae-8c84-7397226d9fbf","username":"lazyfish493","password":"simba1","salt":"yJ5AhN6Y","md5":"dde00302c6f7a5af11704ab89315ce70","sha1":"c55f80cf433785cd224587c12793fd05c1c26c8f","sha256":"a680dba563beb5fe89678a81a140fddb5d1874f3a8055430b74ebb50c64186eb"},"dob":{"date":"1957-03-16T19:52:16.695Z","age":67},"registered":{"date":"2014-04-16T22:28:47.164Z","age":10},"phone":"11385979","cell":"78319642","id":{"name":"CPR","value":"160357-6544"},"picture":{"large":"https://randomuser.me/api/portraits/men/46.jpg","medium":"https://randomuser.me/api/portraits/med/men/46.jpg","thumbnail":"https://randomuser.me/api/portraits/thumb/men/46.jpg"},"nat":"DK"}],"info":{"seed":"dade51668c2dbe2e","results":1,"page":1,"version":"1.4"}} 
 </msg>
<msg time="2024-06-08T16:18:56.805890" level="INFO">/opt/hostedtoolcache/Python/3.12.3/x64/lib/python3.12/site-packages/urllib3/connectionpool.py:1103: InsecureRequestWarning: Unverified HTTPS request is being made to host 'randomuser.me'. Adding certificate verification is strongly advised. See: https://urllib3.readthedocs.io/en/latest/advanced-usage.html#tls-warnings
  warnings.warn(</msg>
<msg time="2024-06-08T16:18:56.806007" level="INFO">${response} = &lt;Response [200]&gt;</msg>
<var>${response}</var>
<arg>consultarAPI</arg>
<arg>/api</arg>
<doc>Sends a GET request on a previously created HTTP Session.</doc>
<status status="PASS" start="2024-06-08T16:18:56.708188" elapsed="0.097866"/>
</kw>
<kw name="Set Variable" owner="BuiltIn">
<msg time="2024-06-08T16:18:56.807133" level="INFO">${json_data} = {'results': [{'gender': 'male', 'name': {'title': 'Mr', 'first': 'Simon', 'last': 'Thomsen'}, 'location': {'street': {'number': 2181, 'name': 'Hyacintvej'}, 'city': 'Vesterborg', 'state': 'Danmark', '...</msg>
<var>${json_data}</var>
<arg>${response.json()}</arg>
<doc>Returns the given values which can then be assigned to a variables.</doc>
<status status="PASS" start="2024-06-08T16:18:56.806616" elapsed="0.000546"/>
</kw>
<kw name="Log" owner="BuiltIn">
<msg time="2024-06-08T16:18:56.807672" level="INFO">{'results': [{'gender': 'male', 'name': {'title': 'Mr', 'first': 'Simon', 'last': 'Thomsen'}, 'location': {'street': {'number': 2181, 'name': 'Hyacintvej'}, 'city': 'Vesterborg', 'state': 'Danmark', 'country': 'Denmark', 'postcode': 19281, 'coordinates': {'latitude': '-46.9555', 'longitude': '-84.2179'}, 'timezone': {'offset': '+4:30', 'description': 'Kabul'}}, 'email': 'simon.thomsen@example.com', 'login': {'uuid': 'dfa35e01-69e6-42ae-8c84-7397226d9fbf', 'username': 'lazyfish493', 'password': 'simba1', 'salt': 'yJ5AhN6Y', 'md5': 'dde00302c6f7a5af11704ab89315ce70', 'sha1': 'c55f80cf433785cd224587c12793fd05c1c26c8f', 'sha256': 'a680dba563beb5fe89678a81a140fddb5d1874f3a8055430b74ebb50c64186eb'}, 'dob': {'date': '1957-03-16T19:52:16.695Z', 'age': 67}, 'registered': {'date': '2014-04-16T22:28:47.164Z', 'age': 10}, 'phone': '11385979', 'cell': '78319642', 'id': {'name': 'CPR', 'value': '160357-6544'}, 'picture': {'large': 'https://randomuser.me/api/portraits/men/46.jpg', 'medium': 'https://randomuser.me/api/portraits/med/men/46.jpg', 'thumbnail': 'https://randomuser.me/api/portraits/thumb/men/46.jpg'}, 'nat': 'DK'}], 'info': {'seed': 'dade51668c2dbe2e', 'results': 1, 'page': 1, 'version': '1.4'}}</msg>
<arg>${json_data}</arg>
<doc>Logs the given message with the given level.</doc>
<status status="PASS" start="2024-06-08T16:18:56.807515" elapsed="0.000240"/>
</kw>
<kw name="Should Be Equal As Numbers" owner="BuiltIn">
<arg>${json_data['results'][0]['location']['postcode']}</arg>
<arg>${json_data['results'][0]['location']['postcode']}</arg>
<doc>Fails if objects are unequal after converting them to real numbers.</doc>
<status status="PASS" start="2024-06-08T16:18:56.808058" elapsed="0.000630"/>
</kw>
<kw name="Log" owner="BuiltIn">
<msg time="2024-06-08T16:18:56.809215" level="INFO">19281</msg>
<arg>${json_data['results'][0]['location']['postcode']}</arg>
<doc>Logs the given message with the given level.</doc>
<status status="PASS" start="2024-06-08T16:18:56.808880" elapsed="0.000376"/>
</kw>
<status status="PASS" start="2024-06-08T16:18:56.707960" elapsed="0.101556"/>
</kw>
<doc>Testa se os tipos de dados na resposta da API estão corretos.</doc>
<tag>testeTiposDados</tag>
<status status="PASS" start="2024-06-08T16:18:56.627682" elapsed="0.182007"/>
</test>
<test id="s1-s1-t5" name="Validar conteudo" line="35">
<kw name="Teste de Tipos de Conteudo" owner="random-user-service">
<kw name="GET On Session" owner="RequestsLibrary">
<msg time="2024-06-08T16:18:56.909171" level="INFO">GET Request : url=https://randomuser.me/api 
 path_url=/api 
 headers={'User-Agent': 'python-requests/2.32.3', 'Accept-Encoding': 'gzip, deflate', 'Accept': '*/*', 'Connection': 'keep-alive'} 
 body=None 
 </msg>
<msg time="2024-06-08T16:18:56.909285" level="INFO">GET Response : url=https://randomuser.me/api 
 status=200, reason=OK 
 headers={'Date': 'Sat, 08 Jun 2024 16:18:56 GMT', 'Content-Type': 'application/json; charset=utf-8', 'Transfer-Encoding': 'chunked', 'Connection': 'keep-alive', 'X-Powered-By': 'Express', 'Access-Control-Allow-Origin': '*', 'Cache-Control': 'no-cache', 'ETag': 'W/"4a4-CtmcMewCTc20mhkggHhABIcChp4"', 'Vary': 'Accept-Encoding', 'Content-Encoding': 'gzip', 'CF-Cache-Status': 'DYNAMIC', 'Report-To': '{"endpoints":[{"url":"https:\\/\\/a.nel.cloudflare.com\\/report\\/v4?s=Jtlwte7x1%2F8fy2YAVetuF4nNzUzTMPu2jIyQDbqfAeSBXhiAqMMG1IHLepNkUo3ixQQfbQCG%2FuUjBGDsYCAsP0Hfd145QPcgtvuW8Yp8tVxlO9c3OersbkNNVHkV7Ens"}],"group":"cf-nel","max_age":604800}', 'NEL': '{"success_fraction":0,"report_to":"cf-nel","max_age":604800}', 'Server': 'cloudflare', 'CF-RAY': '890a33611af0398b-IAD', 'alt-svc': 'h3=":443"; ma=86400'} 
 body={"results":[{"gender":"female","name":{"title":"Ms","first":"Toos","last":"Van Haastrecht"},"location":{"street":{"number":2159,"name":"Aamsveenweg"},"city":"Voorst gem Voorst","state":"Flevoland","country":"Netherlands","postcode":"8557 DJ","coordinates":{"latitude":"34.4244","longitude":"112.4284"},"timezone":{"offset":"-8:00","description":"Pacific Time (US &amp; Canada)"}},"email":"toos.vanhaastrecht@example.com","login":{"uuid":"edb230e1-a47c-47e4-a584-a02a6014c9d5","username":"crazyostrich122","password":"loki","salt":"sEXE5s3t","md5":"db9367b522e4150794f4a22444b4459c","sha1":"f1310ceec1412458084c50d73cc3a76e34cb3835","sha256":"fa899717d46d3ac4063f142c1a114cc90e2ca67f3786ae930865629e6d45cffb"},"dob":{"date":"1952-11-24T04:05:17.819Z","age":71},"registered":{"date":"2015-11-09T01:36:53.100Z","age":8},"phone":"(0302) 106773","cell":"(06) 18130492","id":{"name":"BSN","value":"35954708"},"picture":{"large":"https://randomuser.me/api/portraits/women/39.jpg","medium":"https://randomuser.me/api/portraits/med/women/39.jpg","thumbnail":"https://randomuser.me/api/portraits/thumb/women/39.jpg"},"nat":"NL"}],"info":{"seed":"363976d165004f59","results":1,"page":1,"version":"1.4"}} 
 </msg>
<msg time="2024-06-08T16:18:56.909370" level="INFO">/opt/hostedtoolcache/Python/3.12.3/x64/lib/python3.12/site-packages/urllib3/connectionpool.py:1103: InsecureRequestWarning: Unverified HTTPS request is being made to host 'randomuser.me'. Adding certificate verification is strongly advised. See: https://urllib3.readthedocs.io/en/latest/advanced-usage.html#tls-warnings
  warnings.warn(</msg>
<msg time="2024-06-08T16:18:56.909515" level="INFO">${response} = &lt;Response [200]&gt;</msg>
<var>${response}</var>
<arg>consultarAPI</arg>
<arg>/api</arg>
<doc>Sends a GET request on a previously created HTTP Session.</doc>
<status status="PASS" start="2024-06-08T16:18:56.812190" elapsed="0.097370"/>
</kw>
<kw name="Set Variable" owner="BuiltIn">
<msg time="2024-06-08T16:18:56.910651" level="INFO">${json_data} = {'results': [{'gender': 'female', 'name': {'title': 'Ms', 'first': 'Toos', 'last': 'Van Haastrecht'}, 'location': {'street': {'number': 2159, 'name': 'Aamsveenweg'}, 'city': 'Voorst gem Voorst', 'stat...</msg>
<var>${json_data}</var>
<arg>${response.json()}</arg>
<doc>Returns the given values which can then be assigned to a variables.</doc>
<status status="PASS" start="2024-06-08T16:18:56.910138" elapsed="0.000543"/>
</kw>
<kw name="Set Variable" owner="BuiltIn">
<msg time="2024-06-08T16:18:56.911414" level="INFO">${name_title} = Ms</msg>
<var>${name_title}</var>
<arg>${json_data["results"][0]["name"]["title"]}</arg>
<doc>Returns the given values which can then be assigned to a variables.</doc>
<status status="PASS" start="2024-06-08T16:18:56.910990" elapsed="0.000450"/>
</kw>
<kw name="Create List" owner="BuiltIn">
<msg time="2024-06-08T16:18:56.911891" level="INFO">${allowed_titles} = ['Mr', 'Ms', 'Miss', 'Mrs', 'Madame', 'Monsieur']</msg>
<var>${allowed_titles}</var>
<arg>Mr</arg>
<arg>Ms</arg>
<arg>Miss</arg>
<arg>Mrs</arg>
<arg>Madame</arg>
<arg>Monsieur</arg>
<doc>Returns a list containing given items.</doc>
<status status="PASS" start="2024-06-08T16:18:56.911739" elapsed="0.000176"/>
</kw>
<kw name="List Should Contain Value" owner="Collections">
<msg time="2024-06-08T16:18:56.912399" level="INFO">False</msg>
<arg>${allowed_titles}</arg>
<arg>${name_title}</arg>
<doc>Fails if the ``value`` is not found from ``list``.</doc>
<status status="PASS" start="2024-06-08T16:18:56.912221" elapsed="0.000215"/>
</kw>
<kw name="Set Variable" owner="BuiltIn">
<msg time="2024-06-08T16:18:56.913297" level="INFO">${name_country} = NL</msg>
<var>${name_country}</var>
<arg>${json_data["results"][0]["nat"]}</arg>
<doc>Returns the given values which can then be assigned to a variables.</doc>
<status status="PASS" start="2024-06-08T16:18:56.912734" elapsed="0.000589"/>
</kw>
<kw name="Create List" owner="BuiltIn">
<msg time="2024-06-08T16:18:56.914237" level="INFO">${list_country} = ['AD', 'AE', 'AF', 'AG', 'AI', 'AL', 'AM', 'AO', 'AQ', 'AR', 'AS', 'AT', 'AU', 'AW', 'AX', 'AZ', 'BA', 'BB', 'BD', 'BE', 'BF', 'BG', 'BH', 'BI', 'BJ', 'BL', 'BM', 'BN', 'BO', 'BQ', 'BR', 'BS', 'BT', '...</msg>
<var>${list_country}</var>
<arg>AD</arg>
<arg>AE</arg>
<arg>AF</arg>
<arg>AG</arg>
<arg>AI</arg>
<arg>AL</arg>
<arg>AM</arg>
<arg>AO</arg>
<arg>AQ</arg>
<arg>AR</arg>
<arg>AS</arg>
<arg>AT</arg>
<arg>AU</arg>
<arg>AW</arg>
<arg>AX</arg>
<arg>AZ</arg>
<arg>BA</arg>
<arg>BB</arg>
<arg>BD</arg>
<arg>BE</arg>
<arg>BF</arg>
<arg>BG</arg>
<arg>BH</arg>
<arg>BI</arg>
<arg>BJ</arg>
<arg>BL</arg>
<arg>BM</arg>
<arg>BN</arg>
<arg>BO</arg>
<arg>BQ</arg>
<arg>BR</arg>
<arg>BS</arg>
<arg>BT</arg>
<arg>BV</arg>
<arg>BW</arg>
<arg>BY</arg>
<arg>BZ</arg>
<arg>CA</arg>
<arg>CC</arg>
<arg>CD</arg>
<arg>CF</arg>
<arg>CG</arg>
<arg>CH</arg>
<arg>CI</arg>
<arg>CK</arg>
<arg>CL</arg>
<arg>CM</arg>
<arg>CN</arg>
<arg>CO</arg>
<arg>CR</arg>
<arg>CU</arg>
<arg>CV</arg>
<arg>CW</arg>
<arg>CX</arg>
<arg>CY</arg>
<arg>CZ</arg>
<arg>DE</arg>
<arg>DJ</arg>
<arg>DK</arg>
<arg>DM</arg>
<arg>DO</arg>
<arg>DZ</arg>
<arg>EC</arg>
<arg>EE</arg>
<arg>EG</arg>
<arg>EH</arg>
<arg>ER</arg>
<arg>ES</arg>
<arg>ET</arg>
<arg>FI</arg>
<arg>FJ</arg>
<arg>FK</arg>
<arg>FM</arg>
<arg>FO</arg>
<arg>FR</arg>
<arg>GA</arg>
<arg>GB</arg>
<arg>GD</arg>
<arg>GE</arg>
<arg>GF</arg>
<arg>GG</arg>
<arg>GH</arg>
<arg>GI</arg>
<arg>GL</arg>
<arg>GM</arg>
<arg>GN</arg>
<arg>GP</arg>
<arg>GQ</arg>
<arg>GR</arg>
<arg>GS</arg>
<arg>GT</arg>
<arg>GU</arg>
<arg>GW</arg>
<arg>GY</arg>
<arg>HK</arg>
<arg>HM</arg>
<arg>HN</arg>
<arg>HR</arg>
<arg>HT</arg>
<arg>HU</arg>
<arg>ID</arg>
<arg>IE</arg>
<arg>IL</arg>
<arg>IM</arg>
<arg>IN</arg>
<arg>IO</arg>
<arg>IQ</arg>
<arg>IR</arg>
<arg>IS</arg>
<arg>IT</arg>
<arg>JE</arg>
<arg>JM</arg>
<arg>JO</arg>
<arg>JP</arg>
<arg>KE</arg>
<arg>KG</arg>
<arg>KH</arg>
<arg>KI</arg>
<arg>KM</arg>
<arg>KN</arg>
<arg>KP</arg>
<arg>KR</arg>
<arg>KW</arg>
<arg>KY</arg>
<arg>KZ</arg>
<arg>LA</arg>
<arg>LB</arg>
<arg>LC</arg>
<arg>LI</arg>
<arg>LK</arg>
<arg>LR</arg>
<arg>LS</arg>
<arg>LT</arg>
<arg>LU</arg>
<arg>LV</arg>
<arg>LY</arg>
<arg>MA</arg>
<arg>MC</arg>
<arg>MD</arg>
<arg>ME</arg>
<arg>MF</arg>
<arg>MG</arg>
<arg>MH</arg>
<arg>MK</arg>
<arg>ML</arg>
<arg>MM</arg>
<arg>MN</arg>
<arg>MO</arg>
<arg>MP</arg>
<arg>MQ</arg>
<arg>MR</arg>
<arg>MS</arg>
<arg>MT</arg>
<arg>MU</arg>
<arg>MV</arg>
<arg>MW</arg>
<arg>MX</arg>
<arg>MY</arg>
<arg>MZ</arg>
<arg>NA</arg>
<arg>NC</arg>
<arg>NE</arg>
<arg>NF</arg>
<arg>NG</arg>
<arg>NI</arg>
<arg>NL</arg>
<arg>NO</arg>
<arg>NP</arg>
<arg>NR</arg>
<arg>NU</arg>
<arg>NZ</arg>
<arg>OM</arg>
<arg>PA</arg>
<arg>PE</arg>
<arg>PF</arg>
<arg>PG</arg>
<arg>PH</arg>
<arg>PK</arg>
<arg>PL</arg>
<arg>PM</arg>
<arg>PN</arg>
<arg>PR</arg>
<arg>PS</arg>
<arg>PT</arg>
<arg>PW</arg>
<arg>PY</arg>
<arg>QA</arg>
<arg>RE</arg>
<arg>RO</arg>
<arg>RS</arg>
<arg>RU</arg>
<arg>RW</arg>
<arg>SA</arg>
<arg>SB</arg>
<arg>SC</arg>
<arg>SD</arg>
<arg>SE</arg>
<arg>SG</arg>
<arg>SH</arg>
<arg>SI</arg>
<arg>SJ</arg>
<arg>SK</arg>
<arg>SL</arg>
<arg>SM</arg>
<arg>SN</arg>
<arg>SO</arg>
<arg>SR</arg>
<arg>SS</arg>
<arg>ST</arg>
<arg>SV</arg>
<arg>SX</arg>
<arg>SY</arg>
<arg>SZ</arg>
<arg>TC</arg>
<arg>TD</arg>
<arg>TF</arg>
<arg>TG</arg>
<arg>TH</arg>
<arg>TJ</arg>
<arg>TK</arg>
<arg>TL</arg>
<arg>TM</arg>
<arg>TN</arg>
<arg>TO</arg>
<arg>TR</arg>
<arg>TT</arg>
<arg>TV</arg>
<arg>TW</arg>
<arg>TZ</arg>
<arg>UA</arg>
<arg>UG</arg>
<arg>UM</arg>
<arg>US</arg>
<arg>UY</arg>
<arg>UZ</arg>
<arg>VA</arg>
<arg>VC</arg>
<arg>VE</arg>
<arg>VG</arg>
<arg>VI</arg>
<arg>VN</arg>
<arg>VU</arg>
<arg>WF</arg>
<arg>WS</arg>
<arg>XK</arg>
<arg>YE</arg>
<arg>YT</arg>
<arg>ZA</arg>
<arg>ZM</arg>
<arg>ZW</arg>
<doc>Returns a list containing given items.</doc>
<status status="PASS" start="2024-06-08T16:18:56.913634" elapsed="0.000629"/>
</kw>
<kw name="List Should Contain Value" owner="Collections">
<msg time="2024-06-08T16:18:56.915287" level="INFO">False</msg>
<arg>${list_country}</arg>
<arg>${name_country}</arg>
<doc>Fails if the ``value`` is not found from ``list``.</doc>
<status status="PASS" start="2024-06-08T16:18:56.915054" elapsed="0.000271"/>
</kw>
<kw name="Run Keyword If" owner="BuiltIn">
<kw name="Should Be True" owner="BuiltIn">
<arg>${True}</arg>
<doc>Fails if the given condition is not true.</doc>
<status status="PASS" start="2024-06-08T16:18:56.916425" elapsed="0.000148"/>
</kw>
<arg>${json_data["results"][0]["location"]["coordinates"]["latitude"]} &gt;= -90 and ${json_data["results"][0]["location"]["coordinates"]["latitude"]} &lt;= 90</arg>
<arg>Should Be True</arg>
<arg>${True}</arg>
<doc>Runs the given keyword with the given arguments, if ``condition`` is true.</doc>
<status status="PASS" start="2024-06-08T16:18:56.915647" elapsed="0.001057"/>
</kw>
<kw name="Run Keyword If" owner="BuiltIn">
<kw name="Should Be True" owner="BuiltIn">
<arg>${True}</arg>
<doc>Fails if the given condition is not true.</doc>
<status status="PASS" start="2024-06-08T16:18:56.917591" elapsed="0.000139"/>
</kw>
<arg>${json_data["results"][0]["location"]["coordinates"]["longitude"]} &gt;= -180 and ${json_data["results"][0]["location"]["coordinates"]["longitude"]} &lt;= 180</arg>
<arg>Should Be True</arg>
<arg>${True}</arg>
<doc>Runs the given keyword with the given arguments, if ``condition`` is true.</doc>
<status status="PASS" start="2024-06-08T16:18:56.916896" elapsed="0.000960"/>
</kw>
<status status="PASS" start="2024-06-08T16:18:56.811953" elapsed="0.106036"/>
</kw>
<doc>Testa o conteúdo específico dos campos retornados pela API.</doc>
<tag>testeConteudo</tag>
<status status="PASS" start="2024-06-08T16:18:56.811477" elapsed="0.106668"/>
</test>
<status status="PASS" start="2024-06-08T16:18:55.920600" elapsed="0.999560"/>
</suite>
<status status="PASS" start="2024-06-08T16:18:55.906880" elapsed="1.018406"/>
</suite>
<statistics>
<total>
<stat pass="5" fail="0" skip="0">All Tests</stat>
</total>
<tag>
<stat pass="1" fail="0" skip="0">testeConteudo</stat>
<stat pass="1" fail="0" skip="0">testeEstruturaResposta</stat>
<stat pass="1" fail="0" skip="0">testeRequisicaoBasica</stat>
<stat pass="1" fail="0" skip="0">testeTiposDados</stat>
</tag>
<suite>
<stat pass="5" fail="0" skip="0" id="s1" name="Tests">Tests</stat>
<stat pass="5" fail="0" skip="0" id="s1-s1" name="Random-User-Test">Tests.Random-User-Test</stat>
</suite>
</statistics>
<errors>
</errors>
</robot>
