<?xml version="1.0" encoding="UTF-8"?>
<robot generator="Robot 7.0.1 (Python 3.12.4 on linux)" generated="2024-08-03T08:19:10.332438" rpa="false" schemaversion="5">
<suite id="s1" name="Tests" source="/home/runner/work/ApiRandomUser/ApiRandomUser/RamdonUser/tests">
<suite id="s1-s1" name="Random-User-Test" source="/home/runner/work/ApiRandomUser/ApiRandomUser/RamdonUser/tests/random-user-test.robot">
<test id="s1-s1-t1" name="Conectar" line="13">
<kw name="Conectar API" owner="random-user-service">
<kw name="Create Session" owner="RequestsLibrary">
<msg time="2024-08-03T08:19:10.752299" level="INFO">Creating Session using : alias=consultarAPI, url=https://randomuser.me/, headers={},                     cookies={}, auth=None, timeout=None, proxies=None, verify=False,                     debug=0 </msg>
<arg>consultarAPI</arg>
<arg>${URL}</arg>
<doc>Create Session: create a HTTP session to a server</doc>
<status status="PASS" start="2024-08-03T08:19:10.752091" elapsed="0.000405"/>
</kw>
<status status="PASS" start="2024-08-03T08:19:10.751032" elapsed="0.001836"/>
</kw>
<status status="PASS" start="2024-08-03T08:19:10.750344" elapsed="0.002717"/>
</test>
<test id="s1-s1-t2" name="Validar retorno 200 e JSON Válido" line="16">
<kw name="Teste de Requisicao Basica" owner="random-user-service">
<kw name="GET On Session" owner="RequestsLibrary">
<msg time="2024-08-03T08:19:10.884475" level="INFO">GET Request : url=https://randomuser.me/api 
 path_url=/api 
 headers={'User-Agent': 'python-requests/2.32.3', 'Accept-Encoding': 'gzip, deflate', 'Accept': '*/*', 'Connection': 'keep-alive'} 
 body=None 
 </msg>
<msg time="2024-08-03T08:19:10.884636" level="INFO">GET Response : url=https://randomuser.me/api 
 status=200, reason=OK 
 headers={'Date': 'Sat, 03 Aug 2024 08:19:10 GMT', 'Content-Type': 'application/json; charset=utf-8', 'Transfer-Encoding': 'chunked', 'Connection': 'keep-alive', 'X-Powered-By': 'Express', 'Access-Control-Allow-Origin': '*', 'Cache-Control': 'no-cache', 'ETag': 'W/"47e-299pzcomr+eS3ELpPPBzmT1udJY"', 'Vary': 'Accept-Encoding', 'Content-Encoding': 'gzip', 'CF-Cache-Status': 'DYNAMIC', 'Report-To': '{"endpoints":[{"url":"https:\\/\\/a.nel.cloudflare.com\\/report\\/v4?s=2aBDJ2Dwpb%2F7GwzuhGYljhcgxBGQtSI1T%2FAH4C%2F7AWFYoFDHc23M8qZkirwOlXB%2BfgXyrCkKgD0fU7Qci8wHFqxc%2BHOzNB3pJIfCSFsDeNpqNddh4DT4VGMHkfm9YGm8"}],"group":"cf-nel","max_age":604800}', 'NEL': '{"success_fraction":0,"report_to":"cf-nel","max_age":604800}', 'Server': 'cloudflare', 'CF-RAY': '8ad4e1986e155c1d-SJC', 'alt-svc': 'h3=":443"; ma=86400'} 
 body={"results":[{"gender":"male","name":{"title":"Mr","first":"Panas","last":"Oleshchuk"},"location":{"street":{"number":2070,"name":"Kuharska"},"city":"Yaremche","state":"Hmelnicka","country":"Ukraine","postcode":71942,"coordinates":{"latitude":"80.3033","longitude":"-123.2249"},"timezone":{"offset":"-7:00","description":"Mountain Time (US &amp; Canada)"}},"email":"panas.oleshchuk@example.com","login":{"uuid":"aa337feb-c1e1-492d-a46d-828e922bb843","username":"greensnake593","password":"cyclone","salt":"Wg3eKk2i","md5":"d83f3bcca7bbc2ca0c8af9fabe6bc88a","sha1":"daec8a8b76af970e28fb6ff194a4621c2602766c","sha256":"153d3e0539d8d09be1b576f8bc5bd9f0240edf8de131789f7283a3193d90be4f"},"dob":{"date":"1953-01-09T21:00:15.189Z","age":71},"registered":{"date":"2012-12-10T05:01:13.882Z","age":11},"phone":"(097) E17-7521","cell":"(097) D75-4619","id":{"name":"","value":null},"picture":{"large":"https://randomuser.me/api/portraits/men/88.jpg","medium":"https://randomuser.me/api/portraits/med/men/88.jpg","thumbnail":"https://randomuser.me/api/portraits/thumb/men/88.jpg"},"nat":"UA"}],"info":{"seed":"18eaffe0dad8a879","results":1,"page":1,"version":"1.4"}} 
 </msg>
<msg time="2024-08-03T08:19:10.884723" level="INFO">/opt/hostedtoolcache/Python/3.12.4/x64/lib/python3.12/site-packages/urllib3/connectionpool.py:1099: InsecureRequestWarning: Unverified HTTPS request is being made to host 'randomuser.me'. Adding certificate verification is strongly advised. See: https://urllib3.readthedocs.io/en/latest/advanced-usage.html#tls-warnings
  warnings.warn(</msg>
<msg time="2024-08-03T08:19:10.884894" level="INFO">${response} = &lt;Response [200]&gt;</msg>
<var>${response}</var>
<arg>consultarAPI</arg>
<arg>/api</arg>
<doc>Sends a GET request on a previously created HTTP Session.</doc>
<status status="PASS" start="2024-08-03T08:19:10.755788" elapsed="0.129149"/>
</kw>
<kw name="Should Be Equal As Numbers" owner="BuiltIn">
<msg time="2024-08-03T08:19:10.885969" level="INFO">Argument types are:
&lt;class 'int'&gt;
&lt;class 'str'&gt;</msg>
<arg>${response.status_code}</arg>
<arg>200</arg>
<doc>Fails if objects are unequal after converting them to real numbers.</doc>
<status status="PASS" start="2024-08-03T08:19:10.885484" elapsed="0.000552"/>
</kw>
<kw name="Log" owner="BuiltIn">
<msg time="2024-08-03T08:19:10.886774" level="INFO">200</msg>
<arg>${response.status_code}</arg>
<doc>Logs the given message with the given level.</doc>
<status status="PASS" start="2024-08-03T08:19:10.886394" elapsed="0.000423"/>
</kw>
<kw name="Set Variable" owner="BuiltIn">
<msg time="2024-08-03T08:19:10.887571" level="INFO">${json_data} = {'results': [{'gender': 'male', 'name': {'title': 'Mr', 'first': 'Panas', 'last': 'Oleshchuk'}, 'location': {'street': {'number': 2070, 'name': 'Kuharska'}, 'city': 'Yaremche', 'state': 'Hmelnicka', '...</msg>
<var>${json_data}</var>
<arg>${response.json()}</arg>
<doc>Returns the given values which can then be assigned to a variables.</doc>
<status status="PASS" start="2024-08-03T08:19:10.887131" elapsed="0.000468"/>
</kw>
<kw name="Dictionary Should Contain Key" owner="Collections">
<arg>${json_data}</arg>
<arg>results</arg>
<doc>Fails if ``key`` is not found from ``dictionary``.</doc>
<status status="PASS" start="2024-08-03T08:19:10.887911" elapsed="0.000340"/>
</kw>
<status status="PASS" start="2024-08-03T08:19:10.755537" elapsed="0.132873"/>
</kw>
<doc>Testa se a API responde corretamente e retorna um objeto JSON válido.</doc>
<tag>testeRequisicaoBasica</tag>
<status status="PASS" start="2024-08-03T08:19:10.754984" elapsed="0.133610"/>
</test>
<test id="s1-s1-t3" name="Validar estrutura de resposta" line="22">
<kw name="Teste de Estrutura de Resposta" owner="random-user-service">
<kw name="GET On Session" owner="RequestsLibrary">
<msg time="2024-08-03T08:19:10.984863" level="INFO">GET Request : url=https://randomuser.me/api 
 path_url=/api 
 headers={'User-Agent': 'python-requests/2.32.3', 'Accept-Encoding': 'gzip, deflate', 'Accept': '*/*', 'Connection': 'keep-alive'} 
 body=None 
 </msg>
<msg time="2024-08-03T08:19:10.984984" level="INFO">GET Response : url=https://randomuser.me/api 
 status=200, reason=OK 
 headers={'Date': 'Sat, 03 Aug 2024 08:19:10 GMT', 'Content-Type': 'application/json; charset=utf-8', 'Transfer-Encoding': 'chunked', 'Connection': 'keep-alive', 'X-Powered-By': 'Express', 'Access-Control-Allow-Origin': '*', 'Cache-Control': 'no-cache', 'ETag': 'W/"495-w7ETwyMtoSmtSt9BiRsSuwCtRSQ"', 'Vary': 'Accept-Encoding', 'Content-Encoding': 'gzip', 'CF-Cache-Status': 'DYNAMIC', 'Report-To': '{"endpoints":[{"url":"https:\\/\\/a.nel.cloudflare.com\\/report\\/v4?s=2Q4S4CmHc%2Bx4UfZ%2BQZbkwZxqYEN6o0k%2FcpkEq1rePxgpWNDqCEwjz1ndiqgQaKYLVzYXB7iyfcZr61RlHBAJZGLW3eZlR8EEGoU2luFgyNpzlwHlKV%2BZ2rShcGTM1yXC"}],"group":"cf-nel","max_age":604800}', 'NEL': '{"success_fraction":0,"report_to":"cf-nel","max_age":604800}', 'Server': 'cloudflare', 'CF-RAY': '8ad4e1991e585c1d-SJC', 'alt-svc': 'h3=":443"; ma=86400'} 
 body={"results":[{"gender":"female","name":{"title":"Mrs","first":"Mirza","last":"Melo"},"location":{"street":{"number":7664,"name":"Rua Santo Antônio "},"city":"Rio Claro","state":"Maranhão","country":"Brazil","postcode":61004,"coordinates":{"latitude":"-78.8177","longitude":"72.4892"},"timezone":{"offset":"-8:00","description":"Pacific Time (US &amp; Canada)"}},"email":"mirza.melo@example.com","login":{"uuid":"b972cab5-9259-4842-9774-c395cc7b93cf","username":"crazyrabbit320","password":"jones1","salt":"jwJFskfE","md5":"0da2415944d3b173784ff7f30ce3b854","sha1":"9021ed2720720cf0d296d240094ef9d78ebdea66","sha256":"051ab493d50bfedaa0edb36407129bf39990b05153ae2bac777444b2c2f9b1bf"},"dob":{"date":"1976-11-23T09:55:11.056Z","age":47},"registered":{"date":"2009-05-05T20:04:27.486Z","age":15},"phone":"(74) 7627-9524","cell":"(59) 0950-9800","id":{"name":"CPF","value":"380.038.920-54"},"picture":{"large":"https://randomuser.me/api/portraits/women/74.jpg","medium":"https://randomuser.me/api/portraits/med/women/74.jpg","thumbnail":"https://randomuser.me/api/portraits/thumb/women/74.jpg"},"nat":"BR"}],"info":{"seed":"9f4960074e74c0a3","results":1,"page":1,"version":"1.4"}} 
 </msg>
<msg time="2024-08-03T08:19:10.985140" level="INFO">/opt/hostedtoolcache/Python/3.12.4/x64/lib/python3.12/site-packages/urllib3/connectionpool.py:1099: InsecureRequestWarning: Unverified HTTPS request is being made to host 'randomuser.me'. Adding certificate verification is strongly advised. See: https://urllib3.readthedocs.io/en/latest/advanced-usage.html#tls-warnings
  warnings.warn(</msg>
<msg time="2024-08-03T08:19:10.985321" level="INFO">${response} = &lt;Response [200]&gt;</msg>
<var>${response}</var>
<arg>consultarAPI</arg>
<arg>/api</arg>
<doc>Sends a GET request on a previously created HTTP Session.</doc>
<status status="PASS" start="2024-08-03T08:19:10.891361" elapsed="0.094012"/>
</kw>
<kw name="Set Variable" owner="BuiltIn">
<msg time="2024-08-03T08:19:10.986501" level="INFO">${json_data} = {'results': [{'gender': 'female', 'name': {'title': 'Mrs', 'first': 'Mirza', 'last': 'Melo'}, 'location': {'street': {'number': 7664, 'name': 'Rua Santo Antônio '}, 'city': 'Rio Claro', 'state': 'Mara...</msg>
<var>${json_data}</var>
<arg>${response.json()}</arg>
<doc>Returns the given values which can then be assigned to a variables.</doc>
<status status="PASS" start="2024-08-03T08:19:10.985897" elapsed="0.000636"/>
</kw>
<kw name="Log" owner="BuiltIn">
<msg time="2024-08-03T08:19:10.987152" level="INFO">{'results': [{'gender': 'female', 'name': {'title': 'Mrs', 'first': 'Mirza', 'last': 'Melo'}, 'location': {'street': {'number': 7664, 'name': 'Rua Santo Antônio '}, 'city': 'Rio Claro', 'state': 'Maranhão', 'country': 'Brazil', 'postcode': 61004, 'coordinates': {'latitude': '-78.8177', 'longitude': '72.4892'}, 'timezone': {'offset': '-8:00', 'description': 'Pacific Time (US &amp; Canada)'}}, 'email': 'mirza.melo@example.com', 'login': {'uuid': 'b972cab5-9259-4842-9774-c395cc7b93cf', 'username': 'crazyrabbit320', 'password': 'jones1', 'salt': 'jwJFskfE', 'md5': '0da2415944d3b173784ff7f30ce3b854', 'sha1': '9021ed2720720cf0d296d240094ef9d78ebdea66', 'sha256': '051ab493d50bfedaa0edb36407129bf39990b05153ae2bac777444b2c2f9b1bf'}, 'dob': {'date': '1976-11-23T09:55:11.056Z', 'age': 47}, 'registered': {'date': '2009-05-05T20:04:27.486Z', 'age': 15}, 'phone': '(74) 7627-9524', 'cell': '(59) 0950-9800', 'id': {'name': 'CPF', 'value': '380.038.920-54'}, 'picture': {'large': 'https://randomuser.me/api/portraits/women/74.jpg', 'medium': 'https://randomuser.me/api/portraits/med/women/74.jpg', 'thumbnail': 'https://randomuser.me/api/portraits/thumb/women/74.jpg'}, 'nat': 'BR'}], 'info': {'seed': '9f4960074e74c0a3', 'results': 1, 'page': 1, 'version': '1.4'}}</msg>
<arg>${json_data}</arg>
<doc>Logs the given message with the given level.</doc>
<status status="PASS" start="2024-08-03T08:19:10.986913" elapsed="0.000319"/>
</kw>
<kw name="Dictionary Should Contain Key" owner="Collections">
<arg>${json_data}</arg>
<arg>results</arg>
<doc>Fails if ``key`` is not found from ``dictionary``.</doc>
<status status="PASS" start="2024-08-03T08:19:10.987657" elapsed="0.000179"/>
</kw>
<kw name="Should Not Be Empty" owner="BuiltIn">
<msg time="2024-08-03T08:19:10.988162" level="INFO">Length is 2.</msg>
<arg>${json_data}</arg>
<doc>Verifies that the given item is not empty.</doc>
<status status="PASS" start="2024-08-03T08:19:10.988027" elapsed="0.000175"/>
</kw>
<kw name="Create List" owner="BuiltIn">
<msg time="2024-08-03T08:19:10.988659" level="INFO">${expected_keys} = ['gender', 'name', 'location', 'email', 'login']</msg>
<var>${expected_keys}</var>
<arg>gender</arg>
<arg>name</arg>
<arg>location</arg>
<arg>email</arg>
<arg>login</arg>
<doc>Returns a list containing given items.</doc>
<status status="PASS" start="2024-08-03T08:19:10.988502" elapsed="0.000181"/>
</kw>
<for flavor="IN">
<iter>
<kw name="Dictionary Should Contain Key" owner="Collections">
<arg>${json_data['results'][0]}</arg>
<arg>${key}</arg>
<doc>Fails if ``key`` is not found from ``dictionary``.</doc>
<status status="PASS" start="2024-08-03T08:19:10.989289" elapsed="0.000431"/>
</kw>
<kw name="Log" owner="BuiltIn">
<msg time="2024-08-03T08:19:10.990279" level="INFO">{'gender': 'female', 'name': {'title': 'Mrs', 'first': 'Mirza', 'last': 'Melo'}, 'location': {'street': {'number': 7664, 'name': 'Rua Santo Antônio '}, 'city': 'Rio Claro', 'state': 'Maranhão', 'country': 'Brazil', 'postcode': 61004, 'coordinates': {'latitude': '-78.8177', 'longitude': '72.4892'}, 'timezone': {'offset': '-8:00', 'description': 'Pacific Time (US &amp; Canada)'}}, 'email': 'mirza.melo@example.com', 'login': {'uuid': 'b972cab5-9259-4842-9774-c395cc7b93cf', 'username': 'crazyrabbit320', 'password': 'jones1', 'salt': 'jwJFskfE', 'md5': '0da2415944d3b173784ff7f30ce3b854', 'sha1': '9021ed2720720cf0d296d240094ef9d78ebdea66', 'sha256': '051ab493d50bfedaa0edb36407129bf39990b05153ae2bac777444b2c2f9b1bf'}, 'dob': {'date': '1976-11-23T09:55:11.056Z', 'age': 47}, 'registered': {'date': '2009-05-05T20:04:27.486Z', 'age': 15}, 'phone': '(74) 7627-9524', 'cell': '(59) 0950-9800', 'id': {'name': 'CPF', 'value': '380.038.920-54'}, 'picture': {'large': 'https://randomuser.me/api/portraits/women/74.jpg', 'medium': 'https://randomuser.me/api/portraits/med/women/74.jpg', 'thumbnail': 'https://randomuser.me/api/portraits/thumb/women/74.jpg'}, 'nat': 'BR'}</msg>
<arg>${json_data['results'][0]}</arg>
<doc>Logs the given message with the given level.</doc>
<status status="PASS" start="2024-08-03T08:19:10.989909" elapsed="0.000423"/>
</kw>
<kw name="Log" owner="BuiltIn">
<msg time="2024-08-03T08:19:10.990808" level="INFO">gender</msg>
<arg>${key}</arg>
<doc>Logs the given message with the given level.</doc>
<status status="PASS" start="2024-08-03T08:19:10.990676" elapsed="0.000171"/>
</kw>
<var name="${key}">gender</var>
<status status="PASS" start="2024-08-03T08:19:10.989158" elapsed="0.001909"/>
</iter>
<iter>
<kw name="Dictionary Should Contain Key" owner="Collections">
<arg>${json_data['results'][0]}</arg>
<arg>${key}</arg>
<doc>Fails if ``key`` is not found from ``dictionary``.</doc>
<status status="PASS" start="2024-08-03T08:19:10.991371" elapsed="0.000393"/>
</kw>
<kw name="Log" owner="BuiltIn">
<msg time="2024-08-03T08:19:10.992318" level="INFO">{'gender': 'female', 'name': {'title': 'Mrs', 'first': 'Mirza', 'last': 'Melo'}, 'location': {'street': {'number': 7664, 'name': 'Rua Santo Antônio '}, 'city': 'Rio Claro', 'state': 'Maranhão', 'country': 'Brazil', 'postcode': 61004, 'coordinates': {'latitude': '-78.8177', 'longitude': '72.4892'}, 'timezone': {'offset': '-8:00', 'description': 'Pacific Time (US &amp; Canada)'}}, 'email': 'mirza.melo@example.com', 'login': {'uuid': 'b972cab5-9259-4842-9774-c395cc7b93cf', 'username': 'crazyrabbit320', 'password': 'jones1', 'salt': 'jwJFskfE', 'md5': '0da2415944d3b173784ff7f30ce3b854', 'sha1': '9021ed2720720cf0d296d240094ef9d78ebdea66', 'sha256': '051ab493d50bfedaa0edb36407129bf39990b05153ae2bac777444b2c2f9b1bf'}, 'dob': {'date': '1976-11-23T09:55:11.056Z', 'age': 47}, 'registered': {'date': '2009-05-05T20:04:27.486Z', 'age': 15}, 'phone': '(74) 7627-9524', 'cell': '(59) 0950-9800', 'id': {'name': 'CPF', 'value': '380.038.920-54'}, 'picture': {'large': 'https://randomuser.me/api/portraits/women/74.jpg', 'medium': 'https://randomuser.me/api/portraits/med/women/74.jpg', 'thumbnail': 'https://randomuser.me/api/portraits/thumb/women/74.jpg'}, 'nat': 'BR'}</msg>
<arg>${json_data['results'][0]}</arg>
<doc>Logs the given message with the given level.</doc>
<status status="PASS" start="2024-08-03T08:19:10.991951" elapsed="0.000458"/>
</kw>
<kw name="Log" owner="BuiltIn">
<msg time="2024-08-03T08:19:10.992857" level="INFO">name</msg>
<arg>${key}</arg>
<doc>Logs the given message with the given level.</doc>
<status status="PASS" start="2024-08-03T08:19:10.992727" elapsed="0.000169"/>
</kw>
<var name="${key}">name</var>
<status status="PASS" start="2024-08-03T08:19:10.991258" elapsed="0.001860"/>
</iter>
<iter>
<kw name="Dictionary Should Contain Key" owner="Collections">
<arg>${json_data['results'][0]}</arg>
<arg>${key}</arg>
<doc>Fails if ``key`` is not found from ``dictionary``.</doc>
<status status="PASS" start="2024-08-03T08:19:10.993403" elapsed="0.000404"/>
</kw>
<kw name="Log" owner="BuiltIn">
<msg time="2024-08-03T08:19:10.994347" level="INFO">{'gender': 'female', 'name': {'title': 'Mrs', 'first': 'Mirza', 'last': 'Melo'}, 'location': {'street': {'number': 7664, 'name': 'Rua Santo Antônio '}, 'city': 'Rio Claro', 'state': 'Maranhão', 'country': 'Brazil', 'postcode': 61004, 'coordinates': {'latitude': '-78.8177', 'longitude': '72.4892'}, 'timezone': {'offset': '-8:00', 'description': 'Pacific Time (US &amp; Canada)'}}, 'email': 'mirza.melo@example.com', 'login': {'uuid': 'b972cab5-9259-4842-9774-c395cc7b93cf', 'username': 'crazyrabbit320', 'password': 'jones1', 'salt': 'jwJFskfE', 'md5': '0da2415944d3b173784ff7f30ce3b854', 'sha1': '9021ed2720720cf0d296d240094ef9d78ebdea66', 'sha256': '051ab493d50bfedaa0edb36407129bf39990b05153ae2bac777444b2c2f9b1bf'}, 'dob': {'date': '1976-11-23T09:55:11.056Z', 'age': 47}, 'registered': {'date': '2009-05-05T20:04:27.486Z', 'age': 15}, 'phone': '(74) 7627-9524', 'cell': '(59) 0950-9800', 'id': {'name': 'CPF', 'value': '380.038.920-54'}, 'picture': {'large': 'https://randomuser.me/api/portraits/women/74.jpg', 'medium': 'https://randomuser.me/api/portraits/med/women/74.jpg', 'thumbnail': 'https://randomuser.me/api/portraits/thumb/women/74.jpg'}, 'nat': 'BR'}</msg>
<arg>${json_data['results'][0]}</arg>
<doc>Logs the given message with the given level.</doc>
<status status="PASS" start="2024-08-03T08:19:10.993995" elapsed="0.000441"/>
</kw>
<kw name="Log" owner="BuiltIn">
<msg time="2024-08-03T08:19:10.994884" level="INFO">location</msg>
<arg>${key}</arg>
<doc>Logs the given message with the given level.</doc>
<status status="PASS" start="2024-08-03T08:19:10.994751" elapsed="0.000172"/>
</kw>
<var name="${key}">location</var>
<status status="PASS" start="2024-08-03T08:19:10.993295" elapsed="0.001847"/>
</iter>
<iter>
<kw name="Dictionary Should Contain Key" owner="Collections">
<arg>${json_data['results'][0]}</arg>
<arg>${key}</arg>
<doc>Fails if ``key`` is not found from ``dictionary``.</doc>
<status status="PASS" start="2024-08-03T08:19:10.995423" elapsed="0.000382"/>
</kw>
<kw name="Log" owner="BuiltIn">
<msg time="2024-08-03T08:19:10.996490" level="INFO">{'gender': 'female', 'name': {'title': 'Mrs', 'first': 'Mirza', 'last': 'Melo'}, 'location': {'street': {'number': 7664, 'name': 'Rua Santo Antônio '}, 'city': 'Rio Claro', 'state': 'Maranhão', 'country': 'Brazil', 'postcode': 61004, 'coordinates': {'latitude': '-78.8177', 'longitude': '72.4892'}, 'timezone': {'offset': '-8:00', 'description': 'Pacific Time (US &amp; Canada)'}}, 'email': 'mirza.melo@example.com', 'login': {'uuid': 'b972cab5-9259-4842-9774-c395cc7b93cf', 'username': 'crazyrabbit320', 'password': 'jones1', 'salt': 'jwJFskfE', 'md5': '0da2415944d3b173784ff7f30ce3b854', 'sha1': '9021ed2720720cf0d296d240094ef9d78ebdea66', 'sha256': '051ab493d50bfedaa0edb36407129bf39990b05153ae2bac777444b2c2f9b1bf'}, 'dob': {'date': '1976-11-23T09:55:11.056Z', 'age': 47}, 'registered': {'date': '2009-05-05T20:04:27.486Z', 'age': 15}, 'phone': '(74) 7627-9524', 'cell': '(59) 0950-9800', 'id': {'name': 'CPF', 'value': '380.038.920-54'}, 'picture': {'large': 'https://randomuser.me/api/portraits/women/74.jpg', 'medium': 'https://randomuser.me/api/portraits/med/women/74.jpg', 'thumbnail': 'https://randomuser.me/api/portraits/thumb/women/74.jpg'}, 'nat': 'BR'}</msg>
<arg>${json_data['results'][0]}</arg>
<doc>Logs the given message with the given level.</doc>
<status status="PASS" start="2024-08-03T08:19:10.996130" elapsed="0.000412"/>
</kw>
<kw name="Log" owner="BuiltIn">
<msg time="2024-08-03T08:19:10.996978" level="INFO">email</msg>
<arg>${key}</arg>
<doc>Logs the given message with the given level.</doc>
<status status="PASS" start="2024-08-03T08:19:10.996846" elapsed="0.000171"/>
</kw>
<var name="${key}">email</var>
<status status="PASS" start="2024-08-03T08:19:10.995315" elapsed="0.001917"/>
</iter>
<iter>
<kw name="Dictionary Should Contain Key" owner="Collections">
<arg>${json_data['results'][0]}</arg>
<arg>${key}</arg>
<doc>Fails if ``key`` is not found from ``dictionary``.</doc>
<status status="PASS" start="2024-08-03T08:19:10.997514" elapsed="0.000379"/>
</kw>
<kw name="Log" owner="BuiltIn">
<msg time="2024-08-03T08:19:10.998478" level="INFO">{'gender': 'female', 'name': {'title': 'Mrs', 'first': 'Mirza', 'last': 'Melo'}, 'location': {'street': {'number': 7664, 'name': 'Rua Santo Antônio '}, 'city': 'Rio Claro', 'state': 'Maranhão', 'country': 'Brazil', 'postcode': 61004, 'coordinates': {'latitude': '-78.8177', 'longitude': '72.4892'}, 'timezone': {'offset': '-8:00', 'description': 'Pacific Time (US &amp; Canada)'}}, 'email': 'mirza.melo@example.com', 'login': {'uuid': 'b972cab5-9259-4842-9774-c395cc7b93cf', 'username': 'crazyrabbit320', 'password': 'jones1', 'salt': 'jwJFskfE', 'md5': '0da2415944d3b173784ff7f30ce3b854', 'sha1': '9021ed2720720cf0d296d240094ef9d78ebdea66', 'sha256': '051ab493d50bfedaa0edb36407129bf39990b05153ae2bac777444b2c2f9b1bf'}, 'dob': {'date': '1976-11-23T09:55:11.056Z', 'age': 47}, 'registered': {'date': '2009-05-05T20:04:27.486Z', 'age': 15}, 'phone': '(74) 7627-9524', 'cell': '(59) 0950-9800', 'id': {'name': 'CPF', 'value': '380.038.920-54'}, 'picture': {'large': 'https://randomuser.me/api/portraits/women/74.jpg', 'medium': 'https://randomuser.me/api/portraits/med/women/74.jpg', 'thumbnail': 'https://randomuser.me/api/portraits/thumb/women/74.jpg'}, 'nat': 'BR'}</msg>
<arg>${json_data['results'][0]}</arg>
<doc>Logs the given message with the given level.</doc>
<status status="PASS" start="2024-08-03T08:19:10.998076" elapsed="0.000470"/>
</kw>
<kw name="Log" owner="BuiltIn">
<msg time="2024-08-03T08:19:10.998984" level="INFO">login</msg>
<arg>${key}</arg>
<doc>Logs the given message with the given level.</doc>
<status status="PASS" start="2024-08-03T08:19:10.998855" elapsed="0.000167"/>
</kw>
<var name="${key}">login</var>
<status status="PASS" start="2024-08-03T08:19:10.997405" elapsed="0.001837"/>
</iter>
<var>${key}</var>
<value>@{expected_keys}</value>
<status status="PASS" start="2024-08-03T08:19:10.988952" elapsed="0.010412"/>
</for>
<kw name="Create List" owner="BuiltIn">
<msg time="2024-08-03T08:19:10.999728" level="INFO">${expected_keysTwo} = ['username', 'password']</msg>
<var>${expected_keysTwo}</var>
<arg>username</arg>
<arg>password</arg>
<doc>Returns a list containing given items.</doc>
<status status="PASS" start="2024-08-03T08:19:10.999556" elapsed="0.000198"/>
</kw>
<for flavor="IN">
<iter>
<kw name="Dictionary Should Contain Key" owner="Collections">
<arg>${json_data['results'][0]['login']}</arg>
<arg>${keyTwo}</arg>
<doc>Fails if ``key`` is not found from ``dictionary``.</doc>
<status status="PASS" start="2024-08-03T08:19:11.000265" elapsed="0.000393"/>
</kw>
<kw name="Dictionary Should Contain Key" owner="Collections">
<arg>${json_data['results'][0]['login']}</arg>
<arg>${keyTwo}</arg>
<doc>Fails if ``key`` is not found from ``dictionary``.</doc>
<status status="PASS" start="2024-08-03T08:19:11.000842" elapsed="0.000389"/>
</kw>
<kw name="Log" owner="BuiltIn">
<msg time="2024-08-03T08:19:11.001537" level="INFO">username</msg>
<arg>${keyTwo}</arg>
<doc>Logs the given message with the given level.</doc>
<status status="PASS" start="2024-08-03T08:19:11.001413" elapsed="0.000163"/>
</kw>
<var name="${keyTwo}">username</var>
<status status="PASS" start="2024-08-03T08:19:11.000156" elapsed="0.001640"/>
</iter>
<iter>
<kw name="Dictionary Should Contain Key" owner="Collections">
<arg>${json_data['results'][0]['login']}</arg>
<arg>${keyTwo}</arg>
<doc>Fails if ``key`` is not found from ``dictionary``.</doc>
<status status="PASS" start="2024-08-03T08:19:11.002084" elapsed="0.000438"/>
</kw>
<kw name="Dictionary Should Contain Key" owner="Collections">
<arg>${json_data['results'][0]['login']}</arg>
<arg>${keyTwo}</arg>
<doc>Fails if ``key`` is not found from ``dictionary``.</doc>
<status status="PASS" start="2024-08-03T08:19:11.002710" elapsed="0.000382"/>
</kw>
<kw name="Log" owner="BuiltIn">
<msg time="2024-08-03T08:19:11.003398" level="INFO">password</msg>
<arg>${keyTwo}</arg>
<doc>Logs the given message with the given level.</doc>
<status status="PASS" start="2024-08-03T08:19:11.003271" elapsed="0.000165"/>
</kw>
<var name="${keyTwo}">password</var>
<status status="PASS" start="2024-08-03T08:19:11.001971" elapsed="0.001688"/>
</iter>
<var>${keyTwo}</var>
<value>@{expected_keysTwo}</value>
<status status="PASS" start="2024-08-03T08:19:10.999999" elapsed="0.003782"/>
</for>
<status status="PASS" start="2024-08-03T08:19:10.891119" elapsed="0.112805"/>
</kw>
<doc>Testa a estrutura da resposta da API.</doc>
<tag>testeEstruturaResposta</tag>
<status status="PASS" start="2024-08-03T08:19:10.890482" elapsed="0.113602"/>
</test>
<test id="s1-s1-t4" name="Validar tipos de dados" line="28">
<kw name="Teste de Tipos de Dados" owner="random-user-service">
<kw name="GET On Session" owner="RequestsLibrary">
<msg time="2024-08-03T08:19:11.486174" level="INFO">GET Request : url=https://randomuser.me/api 
 path_url=/api 
 headers={'User-Agent': 'python-requests/2.32.3', 'Accept-Encoding': 'gzip, deflate', 'Accept': '*/*', 'Connection': 'keep-alive'} 
 body=None 
 </msg>
<msg time="2024-08-03T08:19:11.486290" level="INFO">GET Response : url=https://randomuser.me/api 
 status=200, reason=OK 
 headers={'Date': 'Sat, 03 Aug 2024 08:19:11 GMT', 'Content-Type': 'application/json; charset=utf-8', 'Transfer-Encoding': 'chunked', 'Connection': 'keep-alive', 'X-Powered-By': 'Express', 'Access-Control-Allow-Origin': '*', 'Cache-Control': 'no-cache', 'ETag': 'W/"49f-cUL4TMk8tURC84FjvYqmsHpOfVg"', 'Vary': 'Accept-Encoding', 'Content-Encoding': 'gzip', 'CF-Cache-Status': 'DYNAMIC', 'Report-To': '{"endpoints":[{"url":"https:\\/\\/a.nel.cloudflare.com\\/report\\/v4?s=VgF5%2FxAeQhG2fVqxMX%2FZe0UKcRkV%2FIBs3C%2Bxock40lNl%2FtpqyoJpck%2FsXrvACVXVkEkQOK9wx2ZJiE4Oby9yBgN6Npt3XBFaorN5Rtjwlbfj0bFLPP7%2F8MPrJVidYAKI"}],"group":"cf-nel","max_age":604800}', 'NEL': '{"success_fraction":0,"report_to":"cf-nel","max_age":604800}', 'Server': 'cloudflare', 'CF-RAY': '8ad4e199ceca5c1d-SJC', 'alt-svc': 'h3=":443"; ma=86400'} 
 body={"results":[{"gender":"male","name":{"title":"Mr","first":"Christian","last":"Garrido"},"location":{"street":{"number":9745,"name":"Calle de Pedro Bosch"},"city":"Alcalá de Henares","state":"Navarra","country":"Spain","postcode":18773,"coordinates":{"latitude":"-32.9708","longitude":"-52.1768"},"timezone":{"offset":"+8:00","description":"Beijing, Perth, Singapore, Hong Kong"}},"email":"christian.garrido@example.com","login":{"uuid":"35df90d1-049c-45e7-aefe-2c5f323d536c","username":"yellowwolf239","password":"taco","salt":"dqKUw6D6","md5":"c48b9b542cd74bc02dfaf18467d66438","sha1":"fbd02059d1d0e4c6f6c885a5f35abfd51d41d842","sha256":"380e6f0b82260e6dfe2d50277988704b46cffcb29c0a1101f2ad3369766874c3"},"dob":{"date":"1987-06-07T06:19:19.520Z","age":37},"registered":{"date":"2009-04-02T06:49:57.871Z","age":15},"phone":"921-283-237","cell":"674-907-308","id":{"name":"DNI","value":"35824785-A"},"picture":{"large":"https://randomuser.me/api/portraits/men/96.jpg","medium":"https://randomuser.me/api/portraits/med/men/96.jpg","thumbnail":"https://randomuser.me/api/portraits/thumb/men/96.jpg"},"nat":"ES"}],"info":{"seed":"fdf708def348fe0c","results":1,"page":1,"version":"1.4"}} 
 </msg>
<msg time="2024-08-03T08:19:11.486427" level="INFO">/opt/hostedtoolcache/Python/3.12.4/x64/lib/python3.12/site-packages/urllib3/connectionpool.py:1099: InsecureRequestWarning: Unverified HTTPS request is being made to host 'randomuser.me'. Adding certificate verification is strongly advised. See: https://urllib3.readthedocs.io/en/latest/advanced-usage.html#tls-warnings
  warnings.warn(</msg>
<msg time="2024-08-03T08:19:11.486578" level="INFO">${response} = &lt;Response [200]&gt;</msg>
<var>${response}</var>
<arg>consultarAPI</arg>
<arg>/api</arg>
<doc>Sends a GET request on a previously created HTTP Session.</doc>
<status status="PASS" start="2024-08-03T08:19:11.006736" elapsed="0.479887"/>
</kw>
<kw name="Set Variable" owner="BuiltIn">
<msg time="2024-08-03T08:19:11.487678" level="INFO">${json_data} = {'results': [{'gender': 'male', 'name': {'title': 'Mr', 'first': 'Christian', 'last': 'Garrido'}, 'location': {'street': {'number': 9745, 'name': 'Calle de Pedro Bosch'}, 'city': 'Alcalá de Henares', ...</msg>
<var>${json_data}</var>
<arg>${response.json()}</arg>
<doc>Returns the given values which can then be assigned to a variables.</doc>
<status status="PASS" start="2024-08-03T08:19:11.487138" elapsed="0.000569"/>
</kw>
<kw name="Log" owner="BuiltIn">
<msg time="2024-08-03T08:19:11.488176" level="INFO">{'results': [{'gender': 'male', 'name': {'title': 'Mr', 'first': 'Christian', 'last': 'Garrido'}, 'location': {'street': {'number': 9745, 'name': 'Calle de Pedro Bosch'}, 'city': 'Alcalá de Henares', 'state': 'Navarra', 'country': 'Spain', 'postcode': 18773, 'coordinates': {'latitude': '-32.9708', 'longitude': '-52.1768'}, 'timezone': {'offset': '+8:00', 'description': 'Beijing, Perth, Singapore, Hong Kong'}}, 'email': 'christian.garrido@example.com', 'login': {'uuid': '35df90d1-049c-45e7-aefe-2c5f323d536c', 'username': 'yellowwolf239', 'password': 'taco', 'salt': 'dqKUw6D6', 'md5': 'c48b9b542cd74bc02dfaf18467d66438', 'sha1': 'fbd02059d1d0e4c6f6c885a5f35abfd51d41d842', 'sha256': '380e6f0b82260e6dfe2d50277988704b46cffcb29c0a1101f2ad3369766874c3'}, 'dob': {'date': '1987-06-07T06:19:19.520Z', 'age': 37}, 'registered': {'date': '2009-04-02T06:49:57.871Z', 'age': 15}, 'phone': '921-283-237', 'cell': '674-907-308', 'id': {'name': 'DNI', 'value': '35824785-A'}, 'picture': {'large': 'https://randomuser.me/api/portraits/men/96.jpg', 'medium': 'https://randomuser.me/api/portraits/med/men/96.jpg', 'thumbnail': 'https://randomuser.me/api/portraits/thumb/men/96.jpg'}, 'nat': 'ES'}], 'info': {'seed': 'fdf708def348fe0c', 'results': 1, 'page': 1, 'version': '1.4'}}</msg>
<arg>${json_data}</arg>
<doc>Logs the given message with the given level.</doc>
<status status="PASS" start="2024-08-03T08:19:11.488016" elapsed="0.000209"/>
</kw>
<kw name="Should Be String" owner="String">
<arg>${json_data['results'][0]['gender']}</arg>
<doc>Fails if the given ``item`` is not a string.</doc>
<status status="PASS" start="2024-08-03T08:19:11.488515" elapsed="0.000369"/>
</kw>
<kw name="Should Match Regexp" owner="BuiltIn">
<arg>${json_data['results'][0]['email']}</arg>
<arg>^[a-zA-Z0-9._%+-]+@[a-zA-Z0-9.-]+\.[a-zA-Z]{2,}$</arg>
<doc>Fails if ``string`` does not match ``pattern`` as a regular expression.</doc>
<status status="PASS" start="2024-08-03T08:19:11.489072" elapsed="0.000559"/>
</kw>
<kw name="Should Match Regexp" owner="BuiltIn">
<arg>${json_data['results'][0]['dob']['date']}</arg>
<arg>\\d{4}-\\d{2}-\\d{2}T\\d{2}:\\d{2}:\\d{2}\\.\\d{3}Z</arg>
<doc>Fails if ``string`` does not match ``pattern`` as a regular expression.</doc>
<status status="PASS" start="2024-08-03T08:19:11.489825" elapsed="0.000676"/>
</kw>
<kw name="Should Match Regexp" owner="BuiltIn">
<arg>${json_data['results'][0]['registered']['date']}</arg>
<arg>\\d{4}-\\d{2}-\\d{2}T\\d{2}:\\d{2}:\\d{2}\\.\\d{3}Z</arg>
<doc>Fails if ``string`` does not match ``pattern`` as a regular expression.</doc>
<status status="PASS" start="2024-08-03T08:19:11.490704" elapsed="0.000372"/>
</kw>
<kw name="Should Match Regexp" owner="BuiltIn">
<arg>${json_data['results'][0]['picture']['large']}</arg>
<arg>^https?://.*\.(?:png|jpe?g|gif|bmp)$</arg>
<doc>Fails if ``string`` does not match ``pattern`` as a regular expression.</doc>
<status status="PASS" start="2024-08-03T08:19:11.491268" elapsed="0.000455"/>
</kw>
<kw name="Should Match Regexp" owner="BuiltIn">
<arg>${json_data['results'][0]['picture']['medium']}</arg>
<arg>^https?://.*\.(?:png|jpe?g|gif|bmp)$</arg>
<doc>Fails if ``string`` does not match ``pattern`` as a regular expression.</doc>
<status status="PASS" start="2024-08-03T08:19:11.491911" elapsed="0.000355"/>
</kw>
<kw name="Should Match Regexp" owner="BuiltIn">
<arg>${json_data['results'][0]['picture']['thumbnail']}</arg>
<arg>^https?://.*\.(?:png|jpe?g|gif|bmp)$</arg>
<doc>Fails if ``string`` does not match ``pattern`` as a regular expression.</doc>
<status status="PASS" start="2024-08-03T08:19:11.492461" elapsed="0.000354"/>
</kw>
<kw name="Log" owner="BuiltIn">
<msg time="2024-08-03T08:19:11.493320" level="INFO">{'large': 'https://randomuser.me/api/portraits/men/96.jpg', 'medium': 'https://randomuser.me/api/portraits/med/men/96.jpg', 'thumbnail': 'https://randomuser.me/api/portraits/thumb/men/96.jpg'}</msg>
<arg>${json_data['results'][0]['picture']}</arg>
<doc>Logs the given message with the given level.</doc>
<status status="PASS" start="2024-08-03T08:19:11.492997" elapsed="0.000366"/>
</kw>
<status status="PASS" start="2024-08-03T08:19:11.006492" elapsed="0.487140"/>
</kw>
<kw name="Teste de Tipos de Dados - Postcode" owner="random-user-service">
<kw name="GET On Session" owner="RequestsLibrary">
<msg time="2024-08-03T08:19:11.621435" level="INFO">GET Request : url=https://randomuser.me/api 
 path_url=/api 
 headers={'User-Agent': 'python-requests/2.32.3', 'Accept-Encoding': 'gzip, deflate', 'Accept': '*/*', 'Connection': 'keep-alive'} 
 body=None 
 </msg>
<msg time="2024-08-03T08:19:11.621551" level="INFO">GET Response : url=https://randomuser.me/api 
 status=200, reason=OK 
 headers={'Date': 'Sat, 03 Aug 2024 08:19:11 GMT', 'Content-Type': 'application/json; charset=utf-8', 'Transfer-Encoding': 'chunked', 'Connection': 'keep-alive', 'X-Powered-By': 'Express', 'Access-Control-Allow-Origin': '*', 'Cache-Control': 'no-cache', 'ETag': 'W/"48b-9ssRpxGEA7j5cWybYGd1eqPplf0"', 'Vary': 'Accept-Encoding', 'Content-Encoding': 'gzip', 'CF-Cache-Status': 'DYNAMIC', 'Report-To': '{"endpoints":[{"url":"https:\\/\\/a.nel.cloudflare.com\\/report\\/v4?s=ZPYNK3gS2Wuy4VX3Y61x63s60Q78fIncIEoAjuDhSv0xzlIK17RJFEqZSsC9sxBj5%2FMsQF9yRQTCkioBKU%2FAsdpENMRbwZtQldD5J2Yx7H9jfXb8RDFAy5UKTJmssePL"}],"group":"cf-nel","max_age":604800}', 'NEL': '{"success_fraction":0,"report_to":"cf-nel","max_age":604800}', 'Server': 'cloudflare', 'CF-RAY': '8ad4e19cd8725c1d-SJC', 'alt-svc': 'h3=":443"; ma=86400'} 
 body={"results":[{"gender":"male","name":{"title":"Mr","first":"Miladin","last":"Daničić"},"location":{"street":{"number":6258,"name":"Stalaćka"},"city":"Temerin","state":"Peć","country":"Serbia","postcode":65632,"coordinates":{"latitude":"56.7175","longitude":"-145.0445"},"timezone":{"offset":"+9:00","description":"Tokyo, Seoul, Osaka, Sapporo, Yakutsk"}},"email":"miladin.danicic@example.com","login":{"uuid":"71eacd79-d4d4-4a0c-9882-2595819df2a0","username":"orangecat237","password":"liverpool","salt":"2rYrQcVf","md5":"b7750cd7505e3950815c3254bd66a050","sha1":"c402cdfde554016b58492e7961caaee4d372eef3","sha256":"a9f2c4bd655e1f46e6a1939981594a7cda67fd72f9f5b87b505534d9051465ec"},"dob":{"date":"1965-09-13T08:23:07.474Z","age":58},"registered":{"date":"2014-01-15T00:51:11.377Z","age":10},"phone":"021-5891-607","cell":"066-2649-977","id":{"name":"SID","value":"794589626"},"picture":{"large":"https://randomuser.me/api/portraits/men/33.jpg","medium":"https://randomuser.me/api/portraits/med/men/33.jpg","thumbnail":"https://randomuser.me/api/portraits/thumb/men/33.jpg"},"nat":"RS"}],"info":{"seed":"a5075dea0c0af6dc","results":1,"page":1,"version":"1.4"}} 
 </msg>
<msg time="2024-08-03T08:19:11.621636" level="INFO">/opt/hostedtoolcache/Python/3.12.4/x64/lib/python3.12/site-packages/urllib3/connectionpool.py:1099: InsecureRequestWarning: Unverified HTTPS request is being made to host 'randomuser.me'. Adding certificate verification is strongly advised. See: https://urllib3.readthedocs.io/en/latest/advanced-usage.html#tls-warnings
  warnings.warn(</msg>
<msg time="2024-08-03T08:19:11.621775" level="INFO">${response} = &lt;Response [200]&gt;</msg>
<var>${response}</var>
<arg>consultarAPI</arg>
<arg>/api</arg>
<doc>Sends a GET request on a previously created HTTP Session.</doc>
<status status="PASS" start="2024-08-03T08:19:11.494097" elapsed="0.127724"/>
</kw>
<kw name="Set Variable" owner="BuiltIn">
<msg time="2024-08-03T08:19:11.622908" level="INFO">${json_data} = {'results': [{'gender': 'male', 'name': {'title': 'Mr', 'first': 'Miladin', 'last': 'Daničić'}, 'location': {'street': {'number': 6258, 'name': 'Stalaćka'}, 'city': 'Temerin', 'state': 'Peć', 'country...</msg>
<var>${json_data}</var>
<arg>${response.json()}</arg>
<doc>Returns the given values which can then be assigned to a variables.</doc>
<status status="PASS" start="2024-08-03T08:19:11.622337" elapsed="0.000602"/>
</kw>
<kw name="Log" owner="BuiltIn">
<msg time="2024-08-03T08:19:11.623413" level="INFO">{'results': [{'gender': 'male', 'name': {'title': 'Mr', 'first': 'Miladin', 'last': 'Daničić'}, 'location': {'street': {'number': 6258, 'name': 'Stalaćka'}, 'city': 'Temerin', 'state': 'Peć', 'country': 'Serbia', 'postcode': 65632, 'coordinates': {'latitude': '56.7175', 'longitude': '-145.0445'}, 'timezone': {'offset': '+9:00', 'description': 'Tokyo, Seoul, Osaka, Sapporo, Yakutsk'}}, 'email': 'miladin.danicic@example.com', 'login': {'uuid': '71eacd79-d4d4-4a0c-9882-2595819df2a0', 'username': 'orangecat237', 'password': 'liverpool', 'salt': '2rYrQcVf', 'md5': 'b7750cd7505e3950815c3254bd66a050', 'sha1': 'c402cdfde554016b58492e7961caaee4d372eef3', 'sha256': 'a9f2c4bd655e1f46e6a1939981594a7cda67fd72f9f5b87b505534d9051465ec'}, 'dob': {'date': '1965-09-13T08:23:07.474Z', 'age': 58}, 'registered': {'date': '2014-01-15T00:51:11.377Z', 'age': 10}, 'phone': '021-5891-607', 'cell': '066-2649-977', 'id': {'name': 'SID', 'value': '794589626'}, 'picture': {'large': 'https://randomuser.me/api/portraits/men/33.jpg', 'medium': 'https://randomuser.me/api/portraits/med/men/33.jpg', 'thumbnail': 'https://randomuser.me/api/portraits/thumb/men/33.jpg'}, 'nat': 'RS'}], 'info': {'seed': 'a5075dea0c0af6dc', 'results': 1, 'page': 1, 'version': '1.4'}}</msg>
<arg>${json_data}</arg>
<doc>Logs the given message with the given level.</doc>
<status status="PASS" start="2024-08-03T08:19:11.623250" elapsed="0.000215"/>
</kw>
<kw name="Should Be Equal As Numbers" owner="BuiltIn">
<arg>${json_data['results'][0]['location']['postcode']}</arg>
<arg>${json_data['results'][0]['location']['postcode']}</arg>
<doc>Fails if objects are unequal after converting them to real numbers.</doc>
<status status="PASS" start="2024-08-03T08:19:11.623764" elapsed="0.000633"/>
</kw>
<kw name="Log" owner="BuiltIn">
<msg time="2024-08-03T08:19:11.624925" level="INFO">65632</msg>
<arg>${json_data['results'][0]['location']['postcode']}</arg>
<doc>Logs the given message with the given level.</doc>
<status status="PASS" start="2024-08-03T08:19:11.624590" elapsed="0.000416"/>
</kw>
<status status="PASS" start="2024-08-03T08:19:11.493865" elapsed="0.131403"/>
</kw>
<doc>Testa se os tipos de dados na resposta da API estão corretos.</doc>
<tag>testeTiposDados</tag>
<status status="PASS" start="2024-08-03T08:19:11.005859" elapsed="0.619582"/>
</test>
<test id="s1-s1-t5" name="Validar conteudo" line="35">
<kw name="Teste de Tipos de Conteudo" owner="random-user-service">
<kw name="GET On Session" owner="RequestsLibrary">
<msg time="2024-08-03T08:19:11.725188" level="INFO">GET Request : url=https://randomuser.me/api 
 path_url=/api 
 headers={'User-Agent': 'python-requests/2.32.3', 'Accept-Encoding': 'gzip, deflate', 'Accept': '*/*', 'Connection': 'keep-alive'} 
 body=None 
 </msg>
<msg time="2024-08-03T08:19:11.725301" level="INFO">GET Response : url=https://randomuser.me/api 
 status=200, reason=OK 
 headers={'Date': 'Sat, 03 Aug 2024 08:19:11 GMT', 'Content-Type': 'application/json; charset=utf-8', 'Transfer-Encoding': 'chunked', 'Connection': 'keep-alive', 'X-Powered-By': 'Express', 'Access-Control-Allow-Origin': '*', 'Cache-Control': 'no-cache', 'ETag': 'W/"485-rtKkEl9wioK1CkBezoYJAhjVIGY"', 'Vary': 'Accept-Encoding', 'Content-Encoding': 'gzip', 'CF-Cache-Status': 'DYNAMIC', 'Report-To': '{"endpoints":[{"url":"https:\\/\\/a.nel.cloudflare.com\\/report\\/v4?s=zwZjEBVCG7OuCoqG1q9XhfA9C9%2Bqc8AbtFR2RrQ1CzJJPem2MYTDOBW8T6yxdS6plUfVNfFztpXkdbupVzCBC708aXqE1GbIP6JyyEGFSVcd00wbli2RwrThU3UXor5N"}],"group":"cf-nel","max_age":604800}', 'NEL': '{"success_fraction":0,"report_to":"cf-nel","max_age":604800}', 'Server': 'cloudflare', 'CF-RAY': '8ad4e19db8e95c1d-SJC', 'alt-svc': 'h3=":443"; ma=86400'} 
 body={"results":[{"gender":"male","name":{"title":"Mr","first":"Claus","last":"Guhl"},"location":{"street":{"number":5297,"name":"Mühlenstraße"},"city":"Elmshorn","state":"Brandenburg","country":"Germany","postcode":82871,"coordinates":{"latitude":"-49.5272","longitude":"-122.6993"},"timezone":{"offset":"+7:00","description":"Bangkok, Hanoi, Jakarta"}},"email":"claus.guhl@example.com","login":{"uuid":"24d8b33c-0319-4a27-9106-f4c7276faaaa","username":"angrykoala946","password":"airport","salt":"dmgMNjDt","md5":"7db7323c0b11adf15df224c767a44a51","sha1":"e4df53993e87258c72dccf3bcca05e0fa0954905","sha256":"3bbcd7a9a4c26240fe437dfca1496bb22427ea5b546c3975bf9dcfaa7457e726"},"dob":{"date":"1960-07-20T18:56:21.371Z","age":64},"registered":{"date":"2017-12-11T22:12:22.644Z","age":6},"phone":"0143-9666612","cell":"0175-6956343","id":{"name":"SVNR","value":"21 200760 G 063"},"picture":{"large":"https://randomuser.me/api/portraits/men/49.jpg","medium":"https://randomuser.me/api/portraits/med/men/49.jpg","thumbnail":"https://randomuser.me/api/portraits/thumb/men/49.jpg"},"nat":"DE"}],"info":{"seed":"b5b1ec4669b330e2","results":1,"page":1,"version":"1.4"}} 
 </msg>
<msg time="2024-08-03T08:19:11.725385" level="INFO">/opt/hostedtoolcache/Python/3.12.4/x64/lib/python3.12/site-packages/urllib3/connectionpool.py:1099: InsecureRequestWarning: Unverified HTTPS request is being made to host 'randomuser.me'. Adding certificate verification is strongly advised. See: https://urllib3.readthedocs.io/en/latest/advanced-usage.html#tls-warnings
  warnings.warn(</msg>
<msg time="2024-08-03T08:19:11.725555" level="INFO">${response} = &lt;Response [200]&gt;</msg>
<var>${response}</var>
<arg>consultarAPI</arg>
<arg>/api</arg>
<doc>Sends a GET request on a previously created HTTP Session.</doc>
<status status="PASS" start="2024-08-03T08:19:11.628025" elapsed="0.097584"/>
</kw>
<kw name="Set Variable" owner="BuiltIn">
<msg time="2024-08-03T08:19:11.726706" level="INFO">${json_data} = {'results': [{'gender': 'male', 'name': {'title': 'Mr', 'first': 'Claus', 'last': 'Guhl'}, 'location': {'street': {'number': 5297, 'name': 'Mühlenstraße'}, 'city': 'Elmshorn', 'state': 'Brandenburg', ...</msg>
<var>${json_data}</var>
<arg>${response.json()}</arg>
<doc>Returns the given values which can then be assigned to a variables.</doc>
<status status="PASS" start="2024-08-03T08:19:11.726133" elapsed="0.000603"/>
</kw>
<kw name="Set Variable" owner="BuiltIn">
<msg time="2024-08-03T08:19:11.727449" level="INFO">${name_title} = Mr</msg>
<var>${name_title}</var>
<arg>${json_data["results"][0]["name"]["title"]}</arg>
<doc>Returns the given values which can then be assigned to a variables.</doc>
<status status="PASS" start="2024-08-03T08:19:11.727061" elapsed="0.000413"/>
</kw>
<kw name="Create List" owner="BuiltIn">
<msg time="2024-08-03T08:19:11.727922" level="INFO">${allowed_titles} = ['Mr', 'Ms', 'Miss', 'Mrs', 'Madame', 'Monsieur']</msg>
<var>${allowed_titles}</var>
<arg>Mr</arg>
<arg>Ms</arg>
<arg>Miss</arg>
<arg>Mrs</arg>
<arg>Madame</arg>
<arg>Monsieur</arg>
<doc>Returns a list containing given items.</doc>
<status status="PASS" start="2024-08-03T08:19:11.727772" elapsed="0.000175"/>
</kw>
<kw name="List Should Contain Value" owner="Collections">
<arg>${allowed_titles}</arg>
<arg>${name_title}</arg>
<doc>Fails if the ``value`` is not found from ``list``.</doc>
<status status="PASS" start="2024-08-03T08:19:11.728245" elapsed="0.000178"/>
</kw>
<kw name="Set Variable" owner="BuiltIn">
<msg time="2024-08-03T08:19:11.728982" level="INFO">${name_country} = DE</msg>
<var>${name_country}</var>
<arg>${json_data["results"][0]["nat"]}</arg>
<doc>Returns the given values which can then be assigned to a variables.</doc>
<status status="PASS" start="2024-08-03T08:19:11.728606" elapsed="0.000401"/>
</kw>
<kw name="Create List" owner="BuiltIn">
<msg time="2024-08-03T08:19:11.729893" level="INFO">${list_country} = ['AD', 'AE', 'AF', 'AG', 'AI', 'AL', 'AM', 'AO', 'AQ', 'AR', 'AS', 'AT', 'AU', 'AW', 'AX', 'AZ', 'BA', 'BB', 'BD', 'BE', 'BF', 'BG', 'BH', 'BI', 'BJ', 'BL', 'BM', 'BN', 'BO', 'BQ', 'BR', 'BS', 'BT', '...</msg>
<var>${list_country}</var>
<arg>AD</arg>
<arg>AE</arg>
<arg>AF</arg>
<arg>AG</arg>
<arg>AI</arg>
<arg>AL</arg>
<arg>AM</arg>
<arg>AO</arg>
<arg>AQ</arg>
<arg>AR</arg>
<arg>AS</arg>
<arg>AT</arg>
<arg>AU</arg>
<arg>AW</arg>
<arg>AX</arg>
<arg>AZ</arg>
<arg>BA</arg>
<arg>BB</arg>
<arg>BD</arg>
<arg>BE</arg>
<arg>BF</arg>
<arg>BG</arg>
<arg>BH</arg>
<arg>BI</arg>
<arg>BJ</arg>
<arg>BL</arg>
<arg>BM</arg>
<arg>BN</arg>
<arg>BO</arg>
<arg>BQ</arg>
<arg>BR</arg>
<arg>BS</arg>
<arg>BT</arg>
<arg>BV</arg>
<arg>BW</arg>
<arg>BY</arg>
<arg>BZ</arg>
<arg>CA</arg>
<arg>CC</arg>
<arg>CD</arg>
<arg>CF</arg>
<arg>CG</arg>
<arg>CH</arg>
<arg>CI</arg>
<arg>CK</arg>
<arg>CL</arg>
<arg>CM</arg>
<arg>CN</arg>
<arg>CO</arg>
<arg>CR</arg>
<arg>CU</arg>
<arg>CV</arg>
<arg>CW</arg>
<arg>CX</arg>
<arg>CY</arg>
<arg>CZ</arg>
<arg>DE</arg>
<arg>DJ</arg>
<arg>DK</arg>
<arg>DM</arg>
<arg>DO</arg>
<arg>DZ</arg>
<arg>EC</arg>
<arg>EE</arg>
<arg>EG</arg>
<arg>EH</arg>
<arg>ER</arg>
<arg>ES</arg>
<arg>ET</arg>
<arg>FI</arg>
<arg>FJ</arg>
<arg>FK</arg>
<arg>FM</arg>
<arg>FO</arg>
<arg>FR</arg>
<arg>GA</arg>
<arg>GB</arg>
<arg>GD</arg>
<arg>GE</arg>
<arg>GF</arg>
<arg>GG</arg>
<arg>GH</arg>
<arg>GI</arg>
<arg>GL</arg>
<arg>GM</arg>
<arg>GN</arg>
<arg>GP</arg>
<arg>GQ</arg>
<arg>GR</arg>
<arg>GS</arg>
<arg>GT</arg>
<arg>GU</arg>
<arg>GW</arg>
<arg>GY</arg>
<arg>HK</arg>
<arg>HM</arg>
<arg>HN</arg>
<arg>HR</arg>
<arg>HT</arg>
<arg>HU</arg>
<arg>ID</arg>
<arg>IE</arg>
<arg>IL</arg>
<arg>IM</arg>
<arg>IN</arg>
<arg>IO</arg>
<arg>IQ</arg>
<arg>IR</arg>
<arg>IS</arg>
<arg>IT</arg>
<arg>JE</arg>
<arg>JM</arg>
<arg>JO</arg>
<arg>JP</arg>
<arg>KE</arg>
<arg>KG</arg>
<arg>KH</arg>
<arg>KI</arg>
<arg>KM</arg>
<arg>KN</arg>
<arg>KP</arg>
<arg>KR</arg>
<arg>KW</arg>
<arg>KY</arg>
<arg>KZ</arg>
<arg>LA</arg>
<arg>LB</arg>
<arg>LC</arg>
<arg>LI</arg>
<arg>LK</arg>
<arg>LR</arg>
<arg>LS</arg>
<arg>LT</arg>
<arg>LU</arg>
<arg>LV</arg>
<arg>LY</arg>
<arg>MA</arg>
<arg>MC</arg>
<arg>MD</arg>
<arg>ME</arg>
<arg>MF</arg>
<arg>MG</arg>
<arg>MH</arg>
<arg>MK</arg>
<arg>ML</arg>
<arg>MM</arg>
<arg>MN</arg>
<arg>MO</arg>
<arg>MP</arg>
<arg>MQ</arg>
<arg>MR</arg>
<arg>MS</arg>
<arg>MT</arg>
<arg>MU</arg>
<arg>MV</arg>
<arg>MW</arg>
<arg>MX</arg>
<arg>MY</arg>
<arg>MZ</arg>
<arg>NA</arg>
<arg>NC</arg>
<arg>NE</arg>
<arg>NF</arg>
<arg>NG</arg>
<arg>NI</arg>
<arg>NL</arg>
<arg>NO</arg>
<arg>NP</arg>
<arg>NR</arg>
<arg>NU</arg>
<arg>NZ</arg>
<arg>OM</arg>
<arg>PA</arg>
<arg>PE</arg>
<arg>PF</arg>
<arg>PG</arg>
<arg>PH</arg>
<arg>PK</arg>
<arg>PL</arg>
<arg>PM</arg>
<arg>PN</arg>
<arg>PR</arg>
<arg>PS</arg>
<arg>PT</arg>
<arg>PW</arg>
<arg>PY</arg>
<arg>QA</arg>
<arg>RE</arg>
<arg>RO</arg>
<arg>RS</arg>
<arg>RU</arg>
<arg>RW</arg>
<arg>SA</arg>
<arg>SB</arg>
<arg>SC</arg>
<arg>SD</arg>
<arg>SE</arg>
<arg>SG</arg>
<arg>SH</arg>
<arg>SI</arg>
<arg>SJ</arg>
<arg>SK</arg>
<arg>SL</arg>
<arg>SM</arg>
<arg>SN</arg>
<arg>SO</arg>
<arg>SR</arg>
<arg>SS</arg>
<arg>ST</arg>
<arg>SV</arg>
<arg>SX</arg>
<arg>SY</arg>
<arg>SZ</arg>
<arg>TC</arg>
<arg>TD</arg>
<arg>TF</arg>
<arg>TG</arg>
<arg>TH</arg>
<arg>TJ</arg>
<arg>TK</arg>
<arg>TL</arg>
<arg>TM</arg>
<arg>TN</arg>
<arg>TO</arg>
<arg>TR</arg>
<arg>TT</arg>
<arg>TV</arg>
<arg>TW</arg>
<arg>TZ</arg>
<arg>UA</arg>
<arg>UG</arg>
<arg>UM</arg>
<arg>US</arg>
<arg>UY</arg>
<arg>UZ</arg>
<arg>VA</arg>
<arg>VC</arg>
<arg>VE</arg>
<arg>VG</arg>
<arg>VI</arg>
<arg>VN</arg>
<arg>VU</arg>
<arg>WF</arg>
<arg>WS</arg>
<arg>XK</arg>
<arg>YE</arg>
<arg>YT</arg>
<arg>ZA</arg>
<arg>ZM</arg>
<arg>ZW</arg>
<doc>Returns a list containing given items.</doc>
<status status="PASS" start="2024-08-03T08:19:11.729295" elapsed="0.000624"/>
</kw>
<kw name="List Should Contain Value" owner="Collections">
<arg>${list_country}</arg>
<arg>${name_country}</arg>
<doc>Fails if the ``value`` is not found from ``list``.</doc>
<status status="PASS" start="2024-08-03T08:19:11.730927" elapsed="0.000211"/>
</kw>
<kw name="Run Keyword If" owner="BuiltIn">
<kw name="Should Be True" owner="BuiltIn">
<arg>${True}</arg>
<doc>Fails if the given condition is not true.</doc>
<status status="PASS" start="2024-08-03T08:19:11.732085" elapsed="0.000143"/>
</kw>
<arg>${json_data["results"][0]["location"]["coordinates"]["latitude"]} &gt;= -90 and ${json_data["results"][0]["location"]["coordinates"]["latitude"]} &lt;= 90</arg>
<arg>Should Be True</arg>
<arg>${True}</arg>
<doc>Runs the given keyword with the given arguments, if ``condition`` is true.</doc>
<status status="PASS" start="2024-08-03T08:19:11.731338" elapsed="0.001017"/>
</kw>
<kw name="Run Keyword If" owner="BuiltIn">
<kw name="Should Be True" owner="BuiltIn">
<arg>${True}</arg>
<doc>Fails if the given condition is not true.</doc>
<status status="PASS" start="2024-08-03T08:19:11.733225" elapsed="0.000136"/>
</kw>
<arg>${json_data["results"][0]["location"]["coordinates"]["longitude"]} &gt;= -180 and ${json_data["results"][0]["location"]["coordinates"]["longitude"]} &lt;= 180</arg>
<arg>Should Be True</arg>
<arg>${True}</arg>
<doc>Runs the given keyword with the given arguments, if ``condition`` is true.</doc>
<status status="PASS" start="2024-08-03T08:19:11.732536" elapsed="0.000946"/>
</kw>
<status status="PASS" start="2024-08-03T08:19:11.627800" elapsed="0.105813"/>
</kw>
<doc>Testa o conteúdo específico dos campos retornados pela API.</doc>
<tag>testeConteudo</tag>
<status status="PASS" start="2024-08-03T08:19:11.627246" elapsed="0.106517"/>
</test>
<status status="PASS" start="2024-08-03T08:19:10.391652" elapsed="1.344054"/>
</suite>
<status status="PASS" start="2024-08-03T08:19:10.377068" elapsed="1.363682"/>
</suite>
<statistics>
<total>
<stat pass="5" fail="0" skip="0">All Tests</stat>
</total>
<tag>
<stat pass="1" fail="0" skip="0">testeConteudo</stat>
<stat pass="1" fail="0" skip="0">testeEstruturaResposta</stat>
<stat pass="1" fail="0" skip="0">testeRequisicaoBasica</stat>
<stat pass="1" fail="0" skip="0">testeTiposDados</stat>
</tag>
<suite>
<stat pass="5" fail="0" skip="0" id="s1" name="Tests">Tests</stat>
<stat pass="5" fail="0" skip="0" id="s1-s1" name="Random-User-Test">Tests.Random-User-Test</stat>
</suite>
</statistics>
<errors>
</errors>
</robot>
