<?xml version="1.0" encoding="UTF-8"?>
<robot generator="Robot 7.0.1 (Python 3.12.4 on linux)" generated="2024-07-23T23:17:08.560279" rpa="false" schemaversion="5">
<suite id="s1" name="Tests" source="/home/runner/work/ApiRandomUser/ApiRandomUser/RamdonUser/tests">
<suite id="s1-s1" name="Random-User-Test" source="/home/runner/work/ApiRandomUser/ApiRandomUser/RamdonUser/tests/random-user-test.robot">
<test id="s1-s1-t1" name="Conectar" line="13">
<kw name="Conectar API" owner="random-user-service">
<kw name="Create Session" owner="RequestsLibrary">
<msg time="2024-07-23T23:17:08.974355" level="INFO">Creating Session using : alias=consultarAPI, url=https://randomuser.me/, headers={},                     cookies={}, auth=None, timeout=None, proxies=None, verify=False,                     debug=0 </msg>
<arg>consultarAPI</arg>
<arg>${URL}</arg>
<doc>Create Session: create a HTTP session to a server</doc>
<status status="PASS" start="2024-07-23T23:17:08.974146" elapsed="0.000410"/>
</kw>
<status status="PASS" start="2024-07-23T23:17:08.973131" elapsed="0.001808"/>
</kw>
<status status="PASS" start="2024-07-23T23:17:08.972546" elapsed="0.002588"/>
</test>
<test id="s1-s1-t2" name="Validar retorno 200 e JSON Válido" line="16">
<kw name="Teste de Requisicao Basica" owner="random-user-service">
<kw name="GET On Session" owner="RequestsLibrary">
<msg time="2024-07-23T23:17:09.232959" level="INFO">GET Request : url=https://randomuser.me/api 
 path_url=/api 
 headers={'User-Agent': 'python-requests/2.32.3', 'Accept-Encoding': 'gzip, deflate', 'Accept': '*/*', 'Connection': 'keep-alive'} 
 body=None 
 </msg>
<msg time="2024-07-23T23:17:09.233127" level="INFO">GET Response : url=https://randomuser.me/api 
 status=200, reason=OK 
 headers={'Date': 'Tue, 23 Jul 2024 23:17:09 GMT', 'Content-Type': 'application/json; charset=utf-8', 'Transfer-Encoding': 'chunked', 'Connection': 'keep-alive', 'X-Powered-By': 'Express', 'Access-Control-Allow-Origin': '*', 'Cache-Control': 'no-cache', 'ETag': 'W/"488-+OgfJjo+5V76mgR23ZY4++jGVXQ"', 'Vary': 'Accept-Encoding', 'Content-Encoding': 'gzip', 'CF-Cache-Status': 'DYNAMIC', 'Report-To': '{"endpoints":[{"url":"https:\\/\\/a.nel.cloudflare.com\\/report\\/v4?s=lpoowa1n4a6CR0AxudOqJBTWfbuvrBvzhbjxhLCfm8d5ugqoSkDFeAYYSERokeqjX9kkOe5KOuVAq1id7WZpJ3bq5hcItlqE%2B%2FWhwlZVxFvTjWVn9WmKXBer6E6hQ0yJ"}],"group":"cf-nel","max_age":604800}', 'NEL': '{"success_fraction":0,"report_to":"cf-nel","max_age":604800}', 'Server': 'cloudflare', 'CF-RAY': '8a7f61dbfbe5c5ae-IAD', 'alt-svc': 'h3=":443"; ma=86400'} 
 body={"results":[{"gender":"male","name":{"title":"Mr","first":"Marcus","last":"Hughes"},"location":{"street":{"number":5283,"name":"Henderson Road"},"city":"Dunedin","state":"Manawatu-Wanganui","country":"New Zealand","postcode":38226,"coordinates":{"latitude":"49.3265","longitude":"-9.8376"},"timezone":{"offset":"-1:00","description":"Azores, Cape Verde Islands"}},"email":"marcus.hughes@example.com","login":{"uuid":"b4685255-0a3a-4326-b927-e5be42763611","username":"blackladybug906","password":"merlot","salt":"dQnOmky0","md5":"db913ac45efbdaea04e65cda59ad076d","sha1":"7e70115f905a210d1dc7cf425b0338a082729a27","sha256":"c8a57aeaeaf2a3aa64a13f5605cffb3f5fe44fb1882790cbeaf89cee38a865cd"},"dob":{"date":"1965-12-04T10:33:31.425Z","age":58},"registered":{"date":"2016-11-12T00:44:57.677Z","age":7},"phone":"(214)-313-1068","cell":"(476)-807-5561","id":{"name":"","value":null},"picture":{"large":"https://randomuser.me/api/portraits/men/92.jpg","medium":"https://randomuser.me/api/portraits/med/men/92.jpg","thumbnail":"https://randomuser.me/api/portraits/thumb/men/92.jpg"},"nat":"NZ"}],"info":{"seed":"ab1706a22edc8460","results":1,"page":1,"version":"1.4"}} 
 </msg>
<msg time="2024-07-23T23:17:09.233216" level="INFO">/opt/hostedtoolcache/Python/3.12.4/x64/lib/python3.12/site-packages/urllib3/connectionpool.py:1099: InsecureRequestWarning: Unverified HTTPS request is being made to host 'randomuser.me'. Adding certificate verification is strongly advised. See: https://urllib3.readthedocs.io/en/latest/advanced-usage.html#tls-warnings
  warnings.warn(</msg>
<msg time="2024-07-23T23:17:09.233390" level="INFO">${response} = &lt;Response [200]&gt;</msg>
<var>${response}</var>
<arg>consultarAPI</arg>
<arg>/api</arg>
<doc>Sends a GET request on a previously created HTTP Session.</doc>
<status status="PASS" start="2024-07-23T23:17:08.977832" elapsed="0.255604"/>
</kw>
<kw name="Should Be Equal As Numbers" owner="BuiltIn">
<msg time="2024-07-23T23:17:09.234519" level="INFO">Argument types are:
&lt;class 'int'&gt;
&lt;class 'str'&gt;</msg>
<arg>${response.status_code}</arg>
<arg>200</arg>
<doc>Fails if objects are unequal after converting them to real numbers.</doc>
<status status="PASS" start="2024-07-23T23:17:09.234021" elapsed="0.000563"/>
</kw>
<kw name="Log" owner="BuiltIn">
<msg time="2024-07-23T23:17:09.235335" level="INFO">200</msg>
<arg>${response.status_code}</arg>
<doc>Logs the given message with the given level.</doc>
<status status="PASS" start="2024-07-23T23:17:09.234912" elapsed="0.000477"/>
</kw>
<kw name="Set Variable" owner="BuiltIn">
<msg time="2024-07-23T23:17:09.236162" level="INFO">${json_data} = {'results': [{'gender': 'male', 'name': {'title': 'Mr', 'first': 'Marcus', 'last': 'Hughes'}, 'location': {'street': {'number': 5283, 'name': 'Henderson Road'}, 'city': 'Dunedin', 'state': 'Manawatu-W...</msg>
<var>${json_data}</var>
<arg>${response.json()}</arg>
<doc>Returns the given values which can then be assigned to a variables.</doc>
<status status="PASS" start="2024-07-23T23:17:09.235707" elapsed="0.000484"/>
</kw>
<kw name="Dictionary Should Contain Key" owner="Collections">
<arg>${json_data}</arg>
<arg>results</arg>
<doc>Fails if ``key`` is not found from ``dictionary``.</doc>
<status status="PASS" start="2024-07-23T23:17:09.236488" elapsed="0.000167"/>
</kw>
<status status="PASS" start="2024-07-23T23:17:08.977583" elapsed="0.259225"/>
</kw>
<doc>Testa se a API responde corretamente e retorna um objeto JSON válido.</doc>
<tag>testeRequisicaoBasica</tag>
<status status="PASS" start="2024-07-23T23:17:08.977108" elapsed="0.259874"/>
</test>
<test id="s1-s1-t3" name="Validar estrutura de resposta" line="22">
<kw name="Teste de Estrutura de Resposta" owner="random-user-service">
<kw name="GET On Session" owner="RequestsLibrary">
<msg time="2024-07-23T23:17:09.292718" level="INFO">GET Request : url=https://randomuser.me/api 
 path_url=/api 
 headers={'User-Agent': 'python-requests/2.32.3', 'Accept-Encoding': 'gzip, deflate', 'Accept': '*/*', 'Connection': 'keep-alive'} 
 body=None 
 </msg>
<msg time="2024-07-23T23:17:09.292838" level="INFO">GET Response : url=https://randomuser.me/api 
 status=200, reason=OK 
 headers={'Date': 'Tue, 23 Jul 2024 23:17:09 GMT', 'Content-Type': 'application/json; charset=utf-8', 'Transfer-Encoding': 'chunked', 'Connection': 'keep-alive', 'X-Powered-By': 'Express', 'Access-Control-Allow-Origin': '*', 'Cache-Control': 'no-cache', 'ETag': 'W/"490-fYJwjwIH0wkXJCP4eOAtCcjZ5N4"', 'Vary': 'Accept-Encoding', 'Content-Encoding': 'gzip', 'CF-Cache-Status': 'DYNAMIC', 'Report-To': '{"endpoints":[{"url":"https:\\/\\/a.nel.cloudflare.com\\/report\\/v4?s=4%2FU7ts4uVlt4dB%2BN4T9ckFwGv8IuJveyIQR3sLvzXMBAT%2BQVspYmXaU5DKCO0rVbg9DUTfNjImE6t4aR3%2FwfbIB4toMecLGG2zIkdyqDzKc93MJfgTZP%2BqzdqJ0xfhq2"}],"group":"cf-nel","max_age":604800}', 'NEL': '{"success_fraction":0,"report_to":"cf-nel","max_age":604800}', 'Server': 'cloudflare', 'CF-RAY': '8a7f61dccce6c5ae-IAD', 'alt-svc': 'h3=":443"; ma=86400'} 
 body={"results":[{"gender":"female","name":{"title":"Mrs","first":"Adriana","last":"Bahena"},"location":{"street":{"number":8488,"name":"Privada Sur Madrigal"},"city":"Cualac","state":"Quintana Roo","country":"Mexico","postcode":10798,"coordinates":{"latitude":"24.3555","longitude":"47.5006"},"timezone":{"offset":"+5:45","description":"Kathmandu"}},"email":"adriana.bahena@example.com","login":{"uuid":"017cdd3b-0b45-48ff-916e-1b3f4c44fc06","username":"whitebutterfly772","password":"gabriel","salt":"TsuI80eh","md5":"1e20bca721f8f733de062a89800a8fcb","sha1":"efc56d1c717e14ea57861912f5841693d6468538","sha256":"6907eadd79f2e12a4542c275dffeeb76fe9e3d03853709db77f1b289ba2c7cef"},"dob":{"date":"1957-01-16T21:02:11.012Z","age":67},"registered":{"date":"2021-12-18T19:49:35.695Z","age":2},"phone":"(673) 297 0458","cell":"(689) 382 5060","id":{"name":"NSS","value":"63 12 02 9488 8"},"picture":{"large":"https://randomuser.me/api/portraits/women/28.jpg","medium":"https://randomuser.me/api/portraits/med/women/28.jpg","thumbnail":"https://randomuser.me/api/portraits/thumb/women/28.jpg"},"nat":"MX"}],"info":{"seed":"7b402146e82e4316","results":1,"page":1,"version":"1.4"}} 
 </msg>
<msg time="2024-07-23T23:17:09.293004" level="INFO">/opt/hostedtoolcache/Python/3.12.4/x64/lib/python3.12/site-packages/urllib3/connectionpool.py:1099: InsecureRequestWarning: Unverified HTTPS request is being made to host 'randomuser.me'. Adding certificate verification is strongly advised. See: https://urllib3.readthedocs.io/en/latest/advanced-usage.html#tls-warnings
  warnings.warn(</msg>
<msg time="2024-07-23T23:17:09.293164" level="INFO">${response} = &lt;Response [200]&gt;</msg>
<var>${response}</var>
<arg>consultarAPI</arg>
<arg>/api</arg>
<doc>Sends a GET request on a previously created HTTP Session.</doc>
<status status="PASS" start="2024-07-23T23:17:09.240614" elapsed="0.052602"/>
</kw>
<kw name="Set Variable" owner="BuiltIn">
<msg time="2024-07-23T23:17:09.294404" level="INFO">${json_data} = {'results': [{'gender': 'female', 'name': {'title': 'Mrs', 'first': 'Adriana', 'last': 'Bahena'}, 'location': {'street': {'number': 8488, 'name': 'Privada Sur Madrigal'}, 'city': 'Cualac', 'state': 'Q...</msg>
<var>${json_data}</var>
<arg>${response.json()}</arg>
<doc>Returns the given values which can then be assigned to a variables.</doc>
<status status="PASS" start="2024-07-23T23:17:09.293799" elapsed="0.000635"/>
</kw>
<kw name="Log" owner="BuiltIn">
<msg time="2024-07-23T23:17:09.294929" level="INFO">{'results': [{'gender': 'female', 'name': {'title': 'Mrs', 'first': 'Adriana', 'last': 'Bahena'}, 'location': {'street': {'number': 8488, 'name': 'Privada Sur Madrigal'}, 'city': 'Cualac', 'state': 'Quintana Roo', 'country': 'Mexico', 'postcode': 10798, 'coordinates': {'latitude': '24.3555', 'longitude': '47.5006'}, 'timezone': {'offset': '+5:45', 'description': 'Kathmandu'}}, 'email': 'adriana.bahena@example.com', 'login': {'uuid': '017cdd3b-0b45-48ff-916e-1b3f4c44fc06', 'username': 'whitebutterfly772', 'password': 'gabriel', 'salt': 'TsuI80eh', 'md5': '1e20bca721f8f733de062a89800a8fcb', 'sha1': 'efc56d1c717e14ea57861912f5841693d6468538', 'sha256': '6907eadd79f2e12a4542c275dffeeb76fe9e3d03853709db77f1b289ba2c7cef'}, 'dob': {'date': '1957-01-16T21:02:11.012Z', 'age': 67}, 'registered': {'date': '2021-12-18T19:49:35.695Z', 'age': 2}, 'phone': '(673) 297 0458', 'cell': '(689) 382 5060', 'id': {'name': 'NSS', 'value': '63 12 02 9488 8'}, 'picture': {'large': 'https://randomuser.me/api/portraits/women/28.jpg', 'medium': 'https://randomuser.me/api/portraits/med/women/28.jpg', 'thumbnail': 'https://randomuser.me/api/portraits/thumb/women/28.jpg'}, 'nat': 'MX'}], 'info': {'seed': '7b402146e82e4316', 'results': 1, 'page': 1, 'version': '1.4'}}</msg>
<arg>${json_data}</arg>
<doc>Logs the given message with the given level.</doc>
<status status="PASS" start="2024-07-23T23:17:09.294758" elapsed="0.000225"/>
</kw>
<kw name="Dictionary Should Contain Key" owner="Collections">
<arg>${json_data}</arg>
<arg>results</arg>
<doc>Fails if ``key`` is not found from ``dictionary``.</doc>
<status status="PASS" start="2024-07-23T23:17:09.295313" elapsed="0.000169"/>
</kw>
<kw name="Should Not Be Empty" owner="BuiltIn">
<msg time="2024-07-23T23:17:09.295792" level="INFO">Length is 2.</msg>
<arg>${json_data}</arg>
<doc>Verifies that the given item is not empty.</doc>
<status status="PASS" start="2024-07-23T23:17:09.295665" elapsed="0.000166"/>
</kw>
<kw name="Create List" owner="BuiltIn">
<msg time="2024-07-23T23:17:09.296440" level="INFO">${expected_keys} = ['gender', 'name', 'location', 'email', 'login']</msg>
<var>${expected_keys}</var>
<arg>gender</arg>
<arg>name</arg>
<arg>location</arg>
<arg>email</arg>
<arg>login</arg>
<doc>Returns a list containing given items.</doc>
<status status="PASS" start="2024-07-23T23:17:09.296120" elapsed="0.000345"/>
</kw>
<for flavor="IN">
<iter>
<kw name="Dictionary Should Contain Key" owner="Collections">
<arg>${json_data['results'][0]}</arg>
<arg>${key}</arg>
<doc>Fails if ``key`` is not found from ``dictionary``.</doc>
<status status="PASS" start="2024-07-23T23:17:09.297058" elapsed="0.000407"/>
</kw>
<kw name="Log" owner="BuiltIn">
<msg time="2024-07-23T23:17:09.298014" level="INFO">{'gender': 'female', 'name': {'title': 'Mrs', 'first': 'Adriana', 'last': 'Bahena'}, 'location': {'street': {'number': 8488, 'name': 'Privada Sur Madrigal'}, 'city': 'Cualac', 'state': 'Quintana Roo', 'country': 'Mexico', 'postcode': 10798, 'coordinates': {'latitude': '24.3555', 'longitude': '47.5006'}, 'timezone': {'offset': '+5:45', 'description': 'Kathmandu'}}, 'email': 'adriana.bahena@example.com', 'login': {'uuid': '017cdd3b-0b45-48ff-916e-1b3f4c44fc06', 'username': 'whitebutterfly772', 'password': 'gabriel', 'salt': 'TsuI80eh', 'md5': '1e20bca721f8f733de062a89800a8fcb', 'sha1': 'efc56d1c717e14ea57861912f5841693d6468538', 'sha256': '6907eadd79f2e12a4542c275dffeeb76fe9e3d03853709db77f1b289ba2c7cef'}, 'dob': {'date': '1957-01-16T21:02:11.012Z', 'age': 67}, 'registered': {'date': '2021-12-18T19:49:35.695Z', 'age': 2}, 'phone': '(673) 297 0458', 'cell': '(689) 382 5060', 'id': {'name': 'NSS', 'value': '63 12 02 9488 8'}, 'picture': {'large': 'https://randomuser.me/api/portraits/women/28.jpg', 'medium': 'https://randomuser.me/api/portraits/med/women/28.jpg', 'thumbnail': 'https://randomuser.me/api/portraits/thumb/women/28.jpg'}, 'nat': 'MX'}</msg>
<arg>${json_data['results'][0]}</arg>
<doc>Logs the given message with the given level.</doc>
<status status="PASS" start="2024-07-23T23:17:09.297651" elapsed="0.000413"/>
</kw>
<kw name="Log" owner="BuiltIn">
<msg time="2024-07-23T23:17:09.298485" level="INFO">gender</msg>
<arg>${key}</arg>
<doc>Logs the given message with the given level.</doc>
<status status="PASS" start="2024-07-23T23:17:09.298358" elapsed="0.000164"/>
</kw>
<var name="${key}">gender</var>
<status status="PASS" start="2024-07-23T23:17:09.296934" elapsed="0.001804"/>
</iter>
<iter>
<kw name="Dictionary Should Contain Key" owner="Collections">
<arg>${json_data['results'][0]}</arg>
<arg>${key}</arg>
<doc>Fails if ``key`` is not found from ``dictionary``.</doc>
<status status="PASS" start="2024-07-23T23:17:09.299040" elapsed="0.000412"/>
</kw>
<kw name="Log" owner="BuiltIn">
<msg time="2024-07-23T23:17:09.299982" level="INFO">{'gender': 'female', 'name': {'title': 'Mrs', 'first': 'Adriana', 'last': 'Bahena'}, 'location': {'street': {'number': 8488, 'name': 'Privada Sur Madrigal'}, 'city': 'Cualac', 'state': 'Quintana Roo', 'country': 'Mexico', 'postcode': 10798, 'coordinates': {'latitude': '24.3555', 'longitude': '47.5006'}, 'timezone': {'offset': '+5:45', 'description': 'Kathmandu'}}, 'email': 'adriana.bahena@example.com', 'login': {'uuid': '017cdd3b-0b45-48ff-916e-1b3f4c44fc06', 'username': 'whitebutterfly772', 'password': 'gabriel', 'salt': 'TsuI80eh', 'md5': '1e20bca721f8f733de062a89800a8fcb', 'sha1': 'efc56d1c717e14ea57861912f5841693d6468538', 'sha256': '6907eadd79f2e12a4542c275dffeeb76fe9e3d03853709db77f1b289ba2c7cef'}, 'dob': {'date': '1957-01-16T21:02:11.012Z', 'age': 67}, 'registered': {'date': '2021-12-18T19:49:35.695Z', 'age': 2}, 'phone': '(673) 297 0458', 'cell': '(689) 382 5060', 'id': {'name': 'NSS', 'value': '63 12 02 9488 8'}, 'picture': {'large': 'https://randomuser.me/api/portraits/women/28.jpg', 'medium': 'https://randomuser.me/api/portraits/med/women/28.jpg', 'thumbnail': 'https://randomuser.me/api/portraits/thumb/women/28.jpg'}, 'nat': 'MX'}</msg>
<arg>${json_data['results'][0]}</arg>
<doc>Logs the given message with the given level.</doc>
<status status="PASS" start="2024-07-23T23:17:09.299633" elapsed="0.000434"/>
</kw>
<kw name="Log" owner="BuiltIn">
<msg time="2024-07-23T23:17:09.300493" level="INFO">name</msg>
<arg>${key}</arg>
<doc>Logs the given message with the given level.</doc>
<status status="PASS" start="2024-07-23T23:17:09.300365" elapsed="0.000165"/>
</kw>
<var name="${key}">name</var>
<status status="PASS" start="2024-07-23T23:17:09.298924" elapsed="0.001823"/>
</iter>
<iter>
<kw name="Dictionary Should Contain Key" owner="Collections">
<arg>${json_data['results'][0]}</arg>
<arg>${key}</arg>
<doc>Fails if ``key`` is not found from ``dictionary``.</doc>
<status status="PASS" start="2024-07-23T23:17:09.301028" elapsed="0.000382"/>
</kw>
<kw name="Log" owner="BuiltIn">
<msg time="2024-07-23T23:17:09.301932" level="INFO">{'gender': 'female', 'name': {'title': 'Mrs', 'first': 'Adriana', 'last': 'Bahena'}, 'location': {'street': {'number': 8488, 'name': 'Privada Sur Madrigal'}, 'city': 'Cualac', 'state': 'Quintana Roo', 'country': 'Mexico', 'postcode': 10798, 'coordinates': {'latitude': '24.3555', 'longitude': '47.5006'}, 'timezone': {'offset': '+5:45', 'description': 'Kathmandu'}}, 'email': 'adriana.bahena@example.com', 'login': {'uuid': '017cdd3b-0b45-48ff-916e-1b3f4c44fc06', 'username': 'whitebutterfly772', 'password': 'gabriel', 'salt': 'TsuI80eh', 'md5': '1e20bca721f8f733de062a89800a8fcb', 'sha1': 'efc56d1c717e14ea57861912f5841693d6468538', 'sha256': '6907eadd79f2e12a4542c275dffeeb76fe9e3d03853709db77f1b289ba2c7cef'}, 'dob': {'date': '1957-01-16T21:02:11.012Z', 'age': 67}, 'registered': {'date': '2021-12-18T19:49:35.695Z', 'age': 2}, 'phone': '(673) 297 0458', 'cell': '(689) 382 5060', 'id': {'name': 'NSS', 'value': '63 12 02 9488 8'}, 'picture': {'large': 'https://randomuser.me/api/portraits/women/28.jpg', 'medium': 'https://randomuser.me/api/portraits/med/women/28.jpg', 'thumbnail': 'https://randomuser.me/api/portraits/thumb/women/28.jpg'}, 'nat': 'MX'}</msg>
<arg>${json_data['results'][0]}</arg>
<doc>Logs the given message with the given level.</doc>
<status status="PASS" start="2024-07-23T23:17:09.301589" elapsed="0.000392"/>
</kw>
<kw name="Log" owner="BuiltIn">
<msg time="2024-07-23T23:17:09.302395" level="INFO">location</msg>
<arg>${key}</arg>
<doc>Logs the given message with the given level.</doc>
<status status="PASS" start="2024-07-23T23:17:09.302269" elapsed="0.000163"/>
</kw>
<var name="${key}">location</var>
<status status="PASS" start="2024-07-23T23:17:09.300921" elapsed="0.001725"/>
</iter>
<iter>
<kw name="Dictionary Should Contain Key" owner="Collections">
<arg>${json_data['results'][0]}</arg>
<arg>${key}</arg>
<doc>Fails if ``key`` is not found from ``dictionary``.</doc>
<status status="PASS" start="2024-07-23T23:17:09.302924" elapsed="0.000428"/>
</kw>
<kw name="Log" owner="BuiltIn">
<msg time="2024-07-23T23:17:09.303902" level="INFO">{'gender': 'female', 'name': {'title': 'Mrs', 'first': 'Adriana', 'last': 'Bahena'}, 'location': {'street': {'number': 8488, 'name': 'Privada Sur Madrigal'}, 'city': 'Cualac', 'state': 'Quintana Roo', 'country': 'Mexico', 'postcode': 10798, 'coordinates': {'latitude': '24.3555', 'longitude': '47.5006'}, 'timezone': {'offset': '+5:45', 'description': 'Kathmandu'}}, 'email': 'adriana.bahena@example.com', 'login': {'uuid': '017cdd3b-0b45-48ff-916e-1b3f4c44fc06', 'username': 'whitebutterfly772', 'password': 'gabriel', 'salt': 'TsuI80eh', 'md5': '1e20bca721f8f733de062a89800a8fcb', 'sha1': 'efc56d1c717e14ea57861912f5841693d6468538', 'sha256': '6907eadd79f2e12a4542c275dffeeb76fe9e3d03853709db77f1b289ba2c7cef'}, 'dob': {'date': '1957-01-16T21:02:11.012Z', 'age': 67}, 'registered': {'date': '2021-12-18T19:49:35.695Z', 'age': 2}, 'phone': '(673) 297 0458', 'cell': '(689) 382 5060', 'id': {'name': 'NSS', 'value': '63 12 02 9488 8'}, 'picture': {'large': 'https://randomuser.me/api/portraits/women/28.jpg', 'medium': 'https://randomuser.me/api/portraits/med/women/28.jpg', 'thumbnail': 'https://randomuser.me/api/portraits/thumb/women/28.jpg'}, 'nat': 'MX'}</msg>
<arg>${json_data['results'][0]}</arg>
<doc>Logs the given message with the given level.</doc>
<status status="PASS" start="2024-07-23T23:17:09.303543" elapsed="0.000408"/>
</kw>
<kw name="Log" owner="BuiltIn">
<msg time="2024-07-23T23:17:09.304368" level="INFO">email</msg>
<arg>${key}</arg>
<doc>Logs the given message with the given level.</doc>
<status status="PASS" start="2024-07-23T23:17:09.304243" elapsed="0.000162"/>
</kw>
<var name="${key}">email</var>
<status status="PASS" start="2024-07-23T23:17:09.302814" elapsed="0.001806"/>
</iter>
<iter>
<kw name="Dictionary Should Contain Key" owner="Collections">
<arg>${json_data['results'][0]}</arg>
<arg>${key}</arg>
<doc>Fails if ``key`` is not found from ``dictionary``.</doc>
<status status="PASS" start="2024-07-23T23:17:09.304896" elapsed="0.000382"/>
</kw>
<kw name="Log" owner="BuiltIn">
<msg time="2024-07-23T23:17:09.305804" level="INFO">{'gender': 'female', 'name': {'title': 'Mrs', 'first': 'Adriana', 'last': 'Bahena'}, 'location': {'street': {'number': 8488, 'name': 'Privada Sur Madrigal'}, 'city': 'Cualac', 'state': 'Quintana Roo', 'country': 'Mexico', 'postcode': 10798, 'coordinates': {'latitude': '24.3555', 'longitude': '47.5006'}, 'timezone': {'offset': '+5:45', 'description': 'Kathmandu'}}, 'email': 'adriana.bahena@example.com', 'login': {'uuid': '017cdd3b-0b45-48ff-916e-1b3f4c44fc06', 'username': 'whitebutterfly772', 'password': 'gabriel', 'salt': 'TsuI80eh', 'md5': '1e20bca721f8f733de062a89800a8fcb', 'sha1': 'efc56d1c717e14ea57861912f5841693d6468538', 'sha256': '6907eadd79f2e12a4542c275dffeeb76fe9e3d03853709db77f1b289ba2c7cef'}, 'dob': {'date': '1957-01-16T21:02:11.012Z', 'age': 67}, 'registered': {'date': '2021-12-18T19:49:35.695Z', 'age': 2}, 'phone': '(673) 297 0458', 'cell': '(689) 382 5060', 'id': {'name': 'NSS', 'value': '63 12 02 9488 8'}, 'picture': {'large': 'https://randomuser.me/api/portraits/women/28.jpg', 'medium': 'https://randomuser.me/api/portraits/med/women/28.jpg', 'thumbnail': 'https://randomuser.me/api/portraits/thumb/women/28.jpg'}, 'nat': 'MX'}</msg>
<arg>${json_data['results'][0]}</arg>
<doc>Logs the given message with the given level.</doc>
<status status="PASS" start="2024-07-23T23:17:09.305458" elapsed="0.000395"/>
</kw>
<kw name="Log" owner="BuiltIn">
<msg time="2024-07-23T23:17:09.306267" level="INFO">login</msg>
<arg>${key}</arg>
<doc>Logs the given message with the given level.</doc>
<status status="PASS" start="2024-07-23T23:17:09.306144" elapsed="0.000165"/>
</kw>
<var name="${key}">login</var>
<status status="PASS" start="2024-07-23T23:17:09.304790" elapsed="0.001733"/>
</iter>
<var>${key}</var>
<value>@{expected_keys}</value>
<status status="PASS" start="2024-07-23T23:17:09.296729" elapsed="0.009912"/>
</for>
<kw name="Create List" owner="BuiltIn">
<msg time="2024-07-23T23:17:09.306967" level="INFO">${expected_keysTwo} = ['username', 'password']</msg>
<var>${expected_keysTwo}</var>
<arg>username</arg>
<arg>password</arg>
<doc>Returns a list containing given items.</doc>
<status status="PASS" start="2024-07-23T23:17:09.306832" elapsed="0.000190"/>
</kw>
<for flavor="IN">
<iter>
<kw name="Dictionary Should Contain Key" owner="Collections">
<arg>${json_data['results'][0]['login']}</arg>
<arg>${keyTwo}</arg>
<doc>Fails if ``key`` is not found from ``dictionary``.</doc>
<status status="PASS" start="2024-07-23T23:17:09.307568" elapsed="0.000394"/>
</kw>
<kw name="Dictionary Should Contain Key" owner="Collections">
<arg>${json_data['results'][0]['login']}</arg>
<arg>${keyTwo}</arg>
<doc>Fails if ``key`` is not found from ``dictionary``.</doc>
<status status="PASS" start="2024-07-23T23:17:09.308145" elapsed="0.000376"/>
</kw>
<kw name="Log" owner="BuiltIn">
<msg time="2024-07-23T23:17:09.308817" level="INFO">username</msg>
<arg>${keyTwo}</arg>
<doc>Logs the given message with the given level.</doc>
<status status="PASS" start="2024-07-23T23:17:09.308699" elapsed="0.000156"/>
</kw>
<var name="${keyTwo}">username</var>
<status status="PASS" start="2024-07-23T23:17:09.307459" elapsed="0.001618"/>
</iter>
<iter>
<kw name="Dictionary Should Contain Key" owner="Collections">
<arg>${json_data['results'][0]['login']}</arg>
<arg>${keyTwo}</arg>
<doc>Fails if ``key`` is not found from ``dictionary``.</doc>
<status status="PASS" start="2024-07-23T23:17:09.309356" elapsed="0.000385"/>
</kw>
<kw name="Dictionary Should Contain Key" owner="Collections">
<arg>${json_data['results'][0]['login']}</arg>
<arg>${keyTwo}</arg>
<doc>Fails if ``key`` is not found from ``dictionary``.</doc>
<status status="PASS" start="2024-07-23T23:17:09.309916" elapsed="0.000378"/>
</kw>
<kw name="Log" owner="BuiltIn">
<msg time="2024-07-23T23:17:09.310592" level="INFO">password</msg>
<arg>${keyTwo}</arg>
<doc>Logs the given message with the given level.</doc>
<status status="PASS" start="2024-07-23T23:17:09.310470" elapsed="0.000159"/>
</kw>
<var name="${keyTwo}">password</var>
<status status="PASS" start="2024-07-23T23:17:09.309244" elapsed="0.001715"/>
</iter>
<var>${keyTwo}</var>
<value>@{expected_keysTwo}</value>
<status status="PASS" start="2024-07-23T23:17:09.307296" elapsed="0.003782"/>
</for>
<status status="PASS" start="2024-07-23T23:17:09.240367" elapsed="0.070851"/>
</kw>
<doc>Testa a estrutura da resposta da API.</doc>
<tag>testeEstruturaResposta</tag>
<status status="PASS" start="2024-07-23T23:17:09.239717" elapsed="0.071714"/>
</test>
<test id="s1-s1-t4" name="Validar tipos de dados" line="28">
<kw name="Teste de Tipos de Dados" owner="random-user-service">
<kw name="GET On Session" owner="RequestsLibrary">
<msg time="2024-07-23T23:17:09.381989" level="INFO">GET Request : url=https://randomuser.me/api 
 path_url=/api 
 headers={'User-Agent': 'python-requests/2.32.3', 'Accept-Encoding': 'gzip, deflate', 'Accept': '*/*', 'Connection': 'keep-alive'} 
 body=None 
 </msg>
<msg time="2024-07-23T23:17:09.382108" level="INFO">GET Response : url=https://randomuser.me/api 
 status=200, reason=OK 
 headers={'Date': 'Tue, 23 Jul 2024 23:17:09 GMT', 'Content-Type': 'application/json; charset=utf-8', 'Transfer-Encoding': 'chunked', 'Connection': 'keep-alive', 'X-Powered-By': 'Express', 'Access-Control-Allow-Origin': '*', 'Cache-Control': 'no-cache', 'ETag': 'W/"496-SANV/dMkC9JjyiX4C9GNe/eLpww"', 'Vary': 'Accept-Encoding', 'Content-Encoding': 'gzip', 'CF-Cache-Status': 'DYNAMIC', 'Report-To': '{"endpoints":[{"url":"https:\\/\\/a.nel.cloudflare.com\\/report\\/v4?s=hgqyao%2FjNNuMB6ftZ82W53hzrmjh22himN8L6SxAgCkhnxg9iZBhSc1XYlM54NlsHmCBhfZAw8aaZgGaCqZZSJeLYGTCV0tR9IgeywTvNuTEFxLovfHAUfpLGOGZkvpv"}],"group":"cf-nel","max_age":604800}', 'NEL': '{"success_fraction":0,"report_to":"cf-nel","max_age":604800}', 'Server': 'cloudflare', 'CF-RAY': '8a7f61dd3d83c5ae-IAD', 'alt-svc': 'h3=":443"; ma=86400'} 
 body={"results":[{"gender":"female","name":{"title":"Miss","first":"Ashley","last":"Little"},"location":{"street":{"number":5457,"name":"South Street"},"city":"Gloucester","state":"Greater Manchester","country":"United Kingdom","postcode":"G4 9TS","coordinates":{"latitude":"-11.4956","longitude":"83.9707"},"timezone":{"offset":"-2:00","description":"Mid-Atlantic"}},"email":"ashley.little@example.com","login":{"uuid":"18268b56-ac91-426c-9354-ec2dd27173e7","username":"goldentiger830","password":"fishy","salt":"VJgkAVvo","md5":"b9986b16dd42a0626709acc2c94880b4","sha1":"501f60e37b05f28f9b26428b4a5e6e5a7a3451d5","sha256":"b76f48732dd15d01ce8a0055274d5dd5bc42770fd439efcad2b43d4cfa2b61e9"},"dob":{"date":"1953-07-18T13:18:04.560Z","age":71},"registered":{"date":"2019-07-18T05:59:47.249Z","age":5},"phone":"01635 025604","cell":"07680 345717","id":{"name":"NINO","value":"GY 43 75 73 R"},"picture":{"large":"https://randomuser.me/api/portraits/women/79.jpg","medium":"https://randomuser.me/api/portraits/med/women/79.jpg","thumbnail":"https://randomuser.me/api/portraits/thumb/women/79.jpg"},"nat":"GB"}],"info":{"seed":"16f72d9b7acf17cf","results":1,"page":1,"version":"1.4"}} 
 </msg>
<msg time="2024-07-23T23:17:09.382203" level="INFO">/opt/hostedtoolcache/Python/3.12.4/x64/lib/python3.12/site-packages/urllib3/connectionpool.py:1099: InsecureRequestWarning: Unverified HTTPS request is being made to host 'randomuser.me'. Adding certificate verification is strongly advised. See: https://urllib3.readthedocs.io/en/latest/advanced-usage.html#tls-warnings
  warnings.warn(</msg>
<msg time="2024-07-23T23:17:09.382352" level="INFO">${response} = &lt;Response [200]&gt;</msg>
<var>${response}</var>
<arg>consultarAPI</arg>
<arg>/api</arg>
<doc>Sends a GET request on a previously created HTTP Session.</doc>
<status status="PASS" start="2024-07-23T23:17:09.313953" elapsed="0.068446"/>
</kw>
<kw name="Set Variable" owner="BuiltIn">
<msg time="2024-07-23T23:17:09.384040" level="INFO">${json_data} = {'results': [{'gender': 'female', 'name': {'title': 'Miss', 'first': 'Ashley', 'last': 'Little'}, 'location': {'street': {'number': 5457, 'name': 'South Street'}, 'city': 'Gloucester', 'state': 'Great...</msg>
<var>${json_data}</var>
<arg>${response.json()}</arg>
<doc>Returns the given values which can then be assigned to a variables.</doc>
<status status="PASS" start="2024-07-23T23:17:09.383233" elapsed="0.000838"/>
</kw>
<kw name="Log" owner="BuiltIn">
<msg time="2024-07-23T23:17:09.384596" level="INFO">{'results': [{'gender': 'female', 'name': {'title': 'Miss', 'first': 'Ashley', 'last': 'Little'}, 'location': {'street': {'number': 5457, 'name': 'South Street'}, 'city': 'Gloucester', 'state': 'Greater Manchester', 'country': 'United Kingdom', 'postcode': 'G4 9TS', 'coordinates': {'latitude': '-11.4956', 'longitude': '83.9707'}, 'timezone': {'offset': '-2:00', 'description': 'Mid-Atlantic'}}, 'email': 'ashley.little@example.com', 'login': {'uuid': '18268b56-ac91-426c-9354-ec2dd27173e7', 'username': 'goldentiger830', 'password': 'fishy', 'salt': 'VJgkAVvo', 'md5': 'b9986b16dd42a0626709acc2c94880b4', 'sha1': '501f60e37b05f28f9b26428b4a5e6e5a7a3451d5', 'sha256': 'b76f48732dd15d01ce8a0055274d5dd5bc42770fd439efcad2b43d4cfa2b61e9'}, 'dob': {'date': '1953-07-18T13:18:04.560Z', 'age': 71}, 'registered': {'date': '2019-07-18T05:59:47.249Z', 'age': 5}, 'phone': '01635 025604', 'cell': '07680 345717', 'id': {'name': 'NINO', 'value': 'GY 43 75 73 R'}, 'picture': {'large': 'https://randomuser.me/api/portraits/women/79.jpg', 'medium': 'https://randomuser.me/api/portraits/med/women/79.jpg', 'thumbnail': 'https://randomuser.me/api/portraits/thumb/women/79.jpg'}, 'nat': 'GB'}], 'info': {'seed': '16f72d9b7acf17cf', 'results': 1, 'page': 1, 'version': '1.4'}}</msg>
<arg>${json_data}</arg>
<doc>Logs the given message with the given level.</doc>
<status status="PASS" start="2024-07-23T23:17:09.384427" elapsed="0.000221"/>
</kw>
<kw name="Should Be String" owner="String">
<arg>${json_data['results'][0]['gender']}</arg>
<doc>Fails if the given ``item`` is not a string.</doc>
<status status="PASS" start="2024-07-23T23:17:09.384956" elapsed="0.000389"/>
</kw>
<kw name="Should Match Regexp" owner="BuiltIn">
<arg>${json_data['results'][0]['email']}</arg>
<arg>^[a-zA-Z0-9._%+-]+@[a-zA-Z0-9.-]+\.[a-zA-Z]{2,}$</arg>
<doc>Fails if ``string`` does not match ``pattern`` as a regular expression.</doc>
<status status="PASS" start="2024-07-23T23:17:09.385541" elapsed="0.000579"/>
</kw>
<kw name="Should Match Regexp" owner="BuiltIn">
<arg>${json_data['results'][0]['dob']['date']}</arg>
<arg>\\d{4}-\\d{2}-\\d{2}T\\d{2}:\\d{2}:\\d{2}\\.\\d{3}Z</arg>
<doc>Fails if ``string`` does not match ``pattern`` as a regular expression.</doc>
<status status="PASS" start="2024-07-23T23:17:09.386320" elapsed="0.000488"/>
</kw>
<kw name="Should Match Regexp" owner="BuiltIn">
<arg>${json_data['results'][0]['registered']['date']}</arg>
<arg>\\d{4}-\\d{2}-\\d{2}T\\d{2}:\\d{2}:\\d{2}\\.\\d{3}Z</arg>
<doc>Fails if ``string`` does not match ``pattern`` as a regular expression.</doc>
<status status="PASS" start="2024-07-23T23:17:09.386999" elapsed="0.000422"/>
</kw>
<kw name="Should Match Regexp" owner="BuiltIn">
<arg>${json_data['results'][0]['picture']['large']}</arg>
<arg>^https?://.*\.(?:png|jpe?g|gif|bmp)$</arg>
<doc>Fails if ``string`` does not match ``pattern`` as a regular expression.</doc>
<status status="PASS" start="2024-07-23T23:17:09.387614" elapsed="0.000481"/>
</kw>
<kw name="Should Match Regexp" owner="BuiltIn">
<arg>${json_data['results'][0]['picture']['medium']}</arg>
<arg>^https?://.*\.(?:png|jpe?g|gif|bmp)$</arg>
<doc>Fails if ``string`` does not match ``pattern`` as a regular expression.</doc>
<status status="PASS" start="2024-07-23T23:17:09.388285" elapsed="0.000355"/>
</kw>
<kw name="Should Match Regexp" owner="BuiltIn">
<arg>${json_data['results'][0]['picture']['thumbnail']}</arg>
<arg>^https?://.*\.(?:png|jpe?g|gif|bmp)$</arg>
<doc>Fails if ``string`` does not match ``pattern`` as a regular expression.</doc>
<status status="PASS" start="2024-07-23T23:17:09.388825" elapsed="0.000379"/>
</kw>
<kw name="Log" owner="BuiltIn">
<msg time="2024-07-23T23:17:09.389739" level="INFO">{'large': 'https://randomuser.me/api/portraits/women/79.jpg', 'medium': 'https://randomuser.me/api/portraits/med/women/79.jpg', 'thumbnail': 'https://randomuser.me/api/portraits/thumb/women/79.jpg'}</msg>
<arg>${json_data['results'][0]['picture']}</arg>
<doc>Logs the given message with the given level.</doc>
<status status="PASS" start="2024-07-23T23:17:09.389389" elapsed="0.000394"/>
</kw>
<status status="PASS" start="2024-07-23T23:17:09.313728" elapsed="0.076334"/>
</kw>
<kw name="Teste de Tipos de Dados - Postcode" owner="random-user-service">
<kw name="GET On Session" owner="RequestsLibrary">
<msg time="2024-07-23T23:17:09.483860" level="INFO">GET Request : url=https://randomuser.me/api 
 path_url=/api 
 headers={'User-Agent': 'python-requests/2.32.3', 'Accept-Encoding': 'gzip, deflate', 'Accept': '*/*', 'Connection': 'keep-alive'} 
 body=None 
 </msg>
<msg time="2024-07-23T23:17:09.483982" level="INFO">GET Response : url=https://randomuser.me/api 
 status=200, reason=OK 
 headers={'Date': 'Tue, 23 Jul 2024 23:17:09 GMT', 'Content-Type': 'application/json; charset=utf-8', 'Transfer-Encoding': 'chunked', 'Connection': 'keep-alive', 'X-Powered-By': 'Express', 'Access-Control-Allow-Origin': '*', 'Cache-Control': 'no-cache', 'ETag': 'W/"475-x1Mc9Pt/YqE+yX1s5ctt59cttKk"', 'Vary': 'Accept-Encoding', 'Content-Encoding': 'gzip', 'CF-Cache-Status': 'DYNAMIC', 'Report-To': '{"endpoints":[{"url":"https:\\/\\/a.nel.cloudflare.com\\/report\\/v4?s=el6QfzBA1C7WXN%2F7dWKxjB0WNuxT65uQ6Xi6W%2Fmomi%2BXoo6%2BcYRvIFCec54ljof2TEqsaGDVhHD76X9YH2ClzGHPYpOKrvJrNl7lTkCCKotkF52bT6t82D24T6qR7AqK"}],"group":"cf-nel","max_age":604800}', 'NEL': '{"success_fraction":0,"report_to":"cf-nel","max_age":604800}', 'Server': 'cloudflare', 'CF-RAY': '8a7f61ddbe17c5ae-IAD', 'alt-svc': 'h3=":443"; ma=86400'} 
 body={"results":[{"gender":"female","name":{"title":"Mrs","first":"Rosa","last":"Alonso"},"location":{"street":{"number":7966,"name":"Calle de Téllez"},"city":"Toledo","state":"Navarra","country":"Spain","postcode":48577,"coordinates":{"latitude":"-31.9910","longitude":"159.3631"},"timezone":{"offset":"-2:00","description":"Mid-Atlantic"}},"email":"rosa.alonso@example.com","login":{"uuid":"d066cbde-6af6-4711-9812-8e77ba965d27","username":"blueleopard913","password":"asia","salt":"Q0zEffeF","md5":"1e23a1bf8da3f6bfa51da14c8bb7d459","sha1":"1c60c2ac1a8b83eaed908bf9e0ec133efedf6b57","sha256":"3116c0a91c7366d11170ae50c58972f7d04ff2c27e080e22889922f094c906a7"},"dob":{"date":"1972-06-25T12:48:58.699Z","age":52},"registered":{"date":"2011-08-25T21:01:53.859Z","age":12},"phone":"965-438-146","cell":"670-899-696","id":{"name":"DNI","value":"12963638-W"},"picture":{"large":"https://randomuser.me/api/portraits/women/71.jpg","medium":"https://randomuser.me/api/portraits/med/women/71.jpg","thumbnail":"https://randomuser.me/api/portraits/thumb/women/71.jpg"},"nat":"ES"}],"info":{"seed":"ca338ac8aee8b812","results":1,"page":1,"version":"1.4"}} 
 </msg>
<msg time="2024-07-23T23:17:09.484081" level="INFO">/opt/hostedtoolcache/Python/3.12.4/x64/lib/python3.12/site-packages/urllib3/connectionpool.py:1099: InsecureRequestWarning: Unverified HTTPS request is being made to host 'randomuser.me'. Adding certificate verification is strongly advised. See: https://urllib3.readthedocs.io/en/latest/advanced-usage.html#tls-warnings
  warnings.warn(</msg>
<msg time="2024-07-23T23:17:09.484259" level="INFO">${response} = &lt;Response [200]&gt;</msg>
<var>${response}</var>
<arg>consultarAPI</arg>
<arg>/api</arg>
<doc>Sends a GET request on a previously created HTTP Session.</doc>
<status status="PASS" start="2024-07-23T23:17:09.390555" elapsed="0.093758"/>
</kw>
<kw name="Set Variable" owner="BuiltIn">
<msg time="2024-07-23T23:17:09.485597" level="INFO">${json_data} = {'results': [{'gender': 'female', 'name': {'title': 'Mrs', 'first': 'Rosa', 'last': 'Alonso'}, 'location': {'street': {'number': 7966, 'name': 'Calle de Téllez'}, 'city': 'Toledo', 'state': 'Navarra',...</msg>
<var>${json_data}</var>
<arg>${response.json()}</arg>
<doc>Returns the given values which can then be assigned to a variables.</doc>
<status status="PASS" start="2024-07-23T23:17:09.484946" elapsed="0.000684"/>
</kw>
<kw name="Log" owner="BuiltIn">
<msg time="2024-07-23T23:17:09.486188" level="INFO">{'results': [{'gender': 'female', 'name': {'title': 'Mrs', 'first': 'Rosa', 'last': 'Alonso'}, 'location': {'street': {'number': 7966, 'name': 'Calle de Téllez'}, 'city': 'Toledo', 'state': 'Navarra', 'country': 'Spain', 'postcode': 48577, 'coordinates': {'latitude': '-31.9910', 'longitude': '159.3631'}, 'timezone': {'offset': '-2:00', 'description': 'Mid-Atlantic'}}, 'email': 'rosa.alonso@example.com', 'login': {'uuid': 'd066cbde-6af6-4711-9812-8e77ba965d27', 'username': 'blueleopard913', 'password': 'asia', 'salt': 'Q0zEffeF', 'md5': '1e23a1bf8da3f6bfa51da14c8bb7d459', 'sha1': '1c60c2ac1a8b83eaed908bf9e0ec133efedf6b57', 'sha256': '3116c0a91c7366d11170ae50c58972f7d04ff2c27e080e22889922f094c906a7'}, 'dob': {'date': '1972-06-25T12:48:58.699Z', 'age': 52}, 'registered': {'date': '2011-08-25T21:01:53.859Z', 'age': 12}, 'phone': '965-438-146', 'cell': '670-899-696', 'id': {'name': 'DNI', 'value': '12963638-W'}, 'picture': {'large': 'https://randomuser.me/api/portraits/women/71.jpg', 'medium': 'https://randomuser.me/api/portraits/med/women/71.jpg', 'thumbnail': 'https://randomuser.me/api/portraits/thumb/women/71.jpg'}, 'nat': 'ES'}], 'info': {'seed': 'ca338ac8aee8b812', 'results': 1, 'page': 1, 'version': '1.4'}}</msg>
<arg>${json_data}</arg>
<doc>Logs the given message with the given level.</doc>
<status status="PASS" start="2024-07-23T23:17:09.485996" elapsed="0.000251"/>
</kw>
<kw name="Should Be Equal As Numbers" owner="BuiltIn">
<arg>${json_data['results'][0]['location']['postcode']}</arg>
<arg>${json_data['results'][0]['location']['postcode']}</arg>
<doc>Fails if objects are unequal after converting them to real numbers.</doc>
<status status="PASS" start="2024-07-23T23:17:09.486570" elapsed="0.000666"/>
</kw>
<kw name="Log" owner="BuiltIn">
<msg time="2024-07-23T23:17:09.488015" level="INFO">48577</msg>
<arg>${json_data['results'][0]['location']['postcode']}</arg>
<doc>Logs the given message with the given level.</doc>
<status status="PASS" start="2024-07-23T23:17:09.487473" elapsed="0.000587"/>
</kw>
<status status="PASS" start="2024-07-23T23:17:09.390304" elapsed="0.098056"/>
</kw>
<doc>Testa se os tipos de dados na resposta da API estão corretos.</doc>
<tag>testeTiposDados</tag>
<status status="PASS" start="2024-07-23T23:17:09.313256" elapsed="0.175280"/>
</test>
<test id="s1-s1-t5" name="Validar conteudo" line="35">
<kw name="Teste de Tipos de Conteudo" owner="random-user-service">
<kw name="GET On Session" owner="RequestsLibrary">
<msg time="2024-07-23T23:17:09.587055" level="INFO">GET Request : url=https://randomuser.me/api 
 path_url=/api 
 headers={'User-Agent': 'python-requests/2.32.3', 'Accept-Encoding': 'gzip, deflate', 'Accept': '*/*', 'Connection': 'keep-alive'} 
 body=None 
 </msg>
<msg time="2024-07-23T23:17:09.587161" level="INFO">GET Response : url=https://randomuser.me/api 
 status=200, reason=OK 
 headers={'Date': 'Tue, 23 Jul 2024 23:17:09 GMT', 'Content-Type': 'application/json; charset=utf-8', 'Transfer-Encoding': 'chunked', 'Connection': 'keep-alive', 'X-Powered-By': 'Express', 'Access-Control-Allow-Origin': '*', 'Cache-Control': 'no-cache', 'ETag': 'W/"498-unWukjwk9I4fjrRazBK4Efi9Iu4"', 'Vary': 'Accept-Encoding', 'Content-Encoding': 'gzip', 'CF-Cache-Status': 'DYNAMIC', 'Report-To': '{"endpoints":[{"url":"https:\\/\\/a.nel.cloudflare.com\\/report\\/v4?s=HzXBfTV5B1jSwvJdte6CVvl4bxPQmGbBeUsnJN0MHU9nlv6etot29edGyXf9hlPgxaNBumKj6F9b96C1VarCm8mT3ZG6cu7RTgJc3yUTSMcZVI%2B8uIYHkZ%2FEn293irip"}],"group":"cf-nel","max_age":604800}', 'NEL': '{"success_fraction":0,"report_to":"cf-nel","max_age":604800}', 'Server': 'cloudflare', 'CF-RAY': '8a7f61de5eeac5ae-IAD', 'alt-svc': 'h3=":443"; ma=86400'} 
 body={"results":[{"gender":"female","name":{"title":"Miss","first":"Iina","last":"Laine"},"location":{"street":{"number":3431,"name":"Suvantokatu"},"city":"Leppävirta","state":"Tavastia Proper","country":"Finland","postcode":53542,"coordinates":{"latitude":"-26.7465","longitude":"177.9059"},"timezone":{"offset":"-8:00","description":"Pacific Time (US &amp; Canada)"}},"email":"iina.laine@example.com","login":{"uuid":"56125d7e-784e-47af-941c-bd1cd22e0174","username":"silverpanda856","password":"a1234567","salt":"Hr4DQ71p","md5":"383f4b5631b613d6f8cf57e75c536bc5","sha1":"ca1dc3a6e894a2b85af74cced5b904019812ffe8","sha256":"7dfdef905bfbe1927a931e696d11ceb3e239399bb83fc24cd339ce0bd02f7946"},"dob":{"date":"1948-07-19T10:59:21.597Z","age":76},"registered":{"date":"2018-02-26T06:40:42.985Z","age":6},"phone":"03-190-042","cell":"041-433-66-07","id":{"name":"HETU","value":"NaNNA724undefined"},"picture":{"large":"https://randomuser.me/api/portraits/women/83.jpg","medium":"https://randomuser.me/api/portraits/med/women/83.jpg","thumbnail":"https://randomuser.me/api/portraits/thumb/women/83.jpg"},"nat":"FI"}],"info":{"seed":"d3186bfe1c9ed54c","results":1,"page":1,"version":"1.4"}} 
 </msg>
<msg time="2024-07-23T23:17:09.587245" level="INFO">/opt/hostedtoolcache/Python/3.12.4/x64/lib/python3.12/site-packages/urllib3/connectionpool.py:1099: InsecureRequestWarning: Unverified HTTPS request is being made to host 'randomuser.me'. Adding certificate verification is strongly advised. See: https://urllib3.readthedocs.io/en/latest/advanced-usage.html#tls-warnings
  warnings.warn(</msg>
<msg time="2024-07-23T23:17:09.587421" level="INFO">${response} = &lt;Response [200]&gt;</msg>
<var>${response}</var>
<arg>consultarAPI</arg>
<arg>/api</arg>
<doc>Sends a GET request on a previously created HTTP Session.</doc>
<status status="PASS" start="2024-07-23T23:17:09.491250" elapsed="0.096216"/>
</kw>
<kw name="Set Variable" owner="BuiltIn">
<msg time="2024-07-23T23:17:09.588597" level="INFO">${json_data} = {'results': [{'gender': 'female', 'name': {'title': 'Miss', 'first': 'Iina', 'last': 'Laine'}, 'location': {'street': {'number': 3431, 'name': 'Suvantokatu'}, 'city': 'Leppävirta', 'state': 'Tavastia ...</msg>
<var>${json_data}</var>
<arg>${response.json()}</arg>
<doc>Returns the given values which can then be assigned to a variables.</doc>
<status status="PASS" start="2024-07-23T23:17:09.587980" elapsed="0.000648"/>
</kw>
<kw name="Set Variable" owner="BuiltIn">
<msg time="2024-07-23T23:17:09.589410" level="INFO">${name_title} = Miss</msg>
<var>${name_title}</var>
<arg>${json_data["results"][0]["name"]["title"]}</arg>
<doc>Returns the given values which can then be assigned to a variables.</doc>
<status status="PASS" start="2024-07-23T23:17:09.588946" elapsed="0.000491"/>
</kw>
<kw name="Create List" owner="BuiltIn">
<msg time="2024-07-23T23:17:09.589951" level="INFO">${allowed_titles} = ['Mr', 'Ms', 'Miss', 'Mrs', 'Madame', 'Monsieur']</msg>
<var>${allowed_titles}</var>
<arg>Mr</arg>
<arg>Ms</arg>
<arg>Miss</arg>
<arg>Mrs</arg>
<arg>Madame</arg>
<arg>Monsieur</arg>
<doc>Returns a list containing given items.</doc>
<status status="PASS" start="2024-07-23T23:17:09.589801" elapsed="0.000176"/>
</kw>
<kw name="List Should Contain Value" owner="Collections">
<arg>${allowed_titles}</arg>
<arg>${name_title}</arg>
<doc>Fails if the ``value`` is not found from ``list``.</doc>
<status status="PASS" start="2024-07-23T23:17:09.590315" elapsed="0.000188"/>
</kw>
<kw name="Set Variable" owner="BuiltIn">
<msg time="2024-07-23T23:17:09.591071" level="INFO">${name_country} = FI</msg>
<var>${name_country}</var>
<arg>${json_data["results"][0]["nat"]}</arg>
<doc>Returns the given values which can then be assigned to a variables.</doc>
<status status="PASS" start="2024-07-23T23:17:09.590686" elapsed="0.000411"/>
</kw>
<kw name="Create List" owner="BuiltIn">
<msg time="2024-07-23T23:17:09.592205" level="INFO">${list_country} = ['AD', 'AE', 'AF', 'AG', 'AI', 'AL', 'AM', 'AO', 'AQ', 'AR', 'AS', 'AT', 'AU', 'AW', 'AX', 'AZ', 'BA', 'BB', 'BD', 'BE', 'BF', 'BG', 'BH', 'BI', 'BJ', 'BL', 'BM', 'BN', 'BO', 'BQ', 'BR', 'BS', 'BT', '...</msg>
<var>${list_country}</var>
<arg>AD</arg>
<arg>AE</arg>
<arg>AF</arg>
<arg>AG</arg>
<arg>AI</arg>
<arg>AL</arg>
<arg>AM</arg>
<arg>AO</arg>
<arg>AQ</arg>
<arg>AR</arg>
<arg>AS</arg>
<arg>AT</arg>
<arg>AU</arg>
<arg>AW</arg>
<arg>AX</arg>
<arg>AZ</arg>
<arg>BA</arg>
<arg>BB</arg>
<arg>BD</arg>
<arg>BE</arg>
<arg>BF</arg>
<arg>BG</arg>
<arg>BH</arg>
<arg>BI</arg>
<arg>BJ</arg>
<arg>BL</arg>
<arg>BM</arg>
<arg>BN</arg>
<arg>BO</arg>
<arg>BQ</arg>
<arg>BR</arg>
<arg>BS</arg>
<arg>BT</arg>
<arg>BV</arg>
<arg>BW</arg>
<arg>BY</arg>
<arg>BZ</arg>
<arg>CA</arg>
<arg>CC</arg>
<arg>CD</arg>
<arg>CF</arg>
<arg>CG</arg>
<arg>CH</arg>
<arg>CI</arg>
<arg>CK</arg>
<arg>CL</arg>
<arg>CM</arg>
<arg>CN</arg>
<arg>CO</arg>
<arg>CR</arg>
<arg>CU</arg>
<arg>CV</arg>
<arg>CW</arg>
<arg>CX</arg>
<arg>CY</arg>
<arg>CZ</arg>
<arg>DE</arg>
<arg>DJ</arg>
<arg>DK</arg>
<arg>DM</arg>
<arg>DO</arg>
<arg>DZ</arg>
<arg>EC</arg>
<arg>EE</arg>
<arg>EG</arg>
<arg>EH</arg>
<arg>ER</arg>
<arg>ES</arg>
<arg>ET</arg>
<arg>FI</arg>
<arg>FJ</arg>
<arg>FK</arg>
<arg>FM</arg>
<arg>FO</arg>
<arg>FR</arg>
<arg>GA</arg>
<arg>GB</arg>
<arg>GD</arg>
<arg>GE</arg>
<arg>GF</arg>
<arg>GG</arg>
<arg>GH</arg>
<arg>GI</arg>
<arg>GL</arg>
<arg>GM</arg>
<arg>GN</arg>
<arg>GP</arg>
<arg>GQ</arg>
<arg>GR</arg>
<arg>GS</arg>
<arg>GT</arg>
<arg>GU</arg>
<arg>GW</arg>
<arg>GY</arg>
<arg>HK</arg>
<arg>HM</arg>
<arg>HN</arg>
<arg>HR</arg>
<arg>HT</arg>
<arg>HU</arg>
<arg>ID</arg>
<arg>IE</arg>
<arg>IL</arg>
<arg>IM</arg>
<arg>IN</arg>
<arg>IO</arg>
<arg>IQ</arg>
<arg>IR</arg>
<arg>IS</arg>
<arg>IT</arg>
<arg>JE</arg>
<arg>JM</arg>
<arg>JO</arg>
<arg>JP</arg>
<arg>KE</arg>
<arg>KG</arg>
<arg>KH</arg>
<arg>KI</arg>
<arg>KM</arg>
<arg>KN</arg>
<arg>KP</arg>
<arg>KR</arg>
<arg>KW</arg>
<arg>KY</arg>
<arg>KZ</arg>
<arg>LA</arg>
<arg>LB</arg>
<arg>LC</arg>
<arg>LI</arg>
<arg>LK</arg>
<arg>LR</arg>
<arg>LS</arg>
<arg>LT</arg>
<arg>LU</arg>
<arg>LV</arg>
<arg>LY</arg>
<arg>MA</arg>
<arg>MC</arg>
<arg>MD</arg>
<arg>ME</arg>
<arg>MF</arg>
<arg>MG</arg>
<arg>MH</arg>
<arg>MK</arg>
<arg>ML</arg>
<arg>MM</arg>
<arg>MN</arg>
<arg>MO</arg>
<arg>MP</arg>
<arg>MQ</arg>
<arg>MR</arg>
<arg>MS</arg>
<arg>MT</arg>
<arg>MU</arg>
<arg>MV</arg>
<arg>MW</arg>
<arg>MX</arg>
<arg>MY</arg>
<arg>MZ</arg>
<arg>NA</arg>
<arg>NC</arg>
<arg>NE</arg>
<arg>NF</arg>
<arg>NG</arg>
<arg>NI</arg>
<arg>NL</arg>
<arg>NO</arg>
<arg>NP</arg>
<arg>NR</arg>
<arg>NU</arg>
<arg>NZ</arg>
<arg>OM</arg>
<arg>PA</arg>
<arg>PE</arg>
<arg>PF</arg>
<arg>PG</arg>
<arg>PH</arg>
<arg>PK</arg>
<arg>PL</arg>
<arg>PM</arg>
<arg>PN</arg>
<arg>PR</arg>
<arg>PS</arg>
<arg>PT</arg>
<arg>PW</arg>
<arg>PY</arg>
<arg>QA</arg>
<arg>RE</arg>
<arg>RO</arg>
<arg>RS</arg>
<arg>RU</arg>
<arg>RW</arg>
<arg>SA</arg>
<arg>SB</arg>
<arg>SC</arg>
<arg>SD</arg>
<arg>SE</arg>
<arg>SG</arg>
<arg>SH</arg>
<arg>SI</arg>
<arg>SJ</arg>
<arg>SK</arg>
<arg>SL</arg>
<arg>SM</arg>
<arg>SN</arg>
<arg>SO</arg>
<arg>SR</arg>
<arg>SS</arg>
<arg>ST</arg>
<arg>SV</arg>
<arg>SX</arg>
<arg>SY</arg>
<arg>SZ</arg>
<arg>TC</arg>
<arg>TD</arg>
<arg>TF</arg>
<arg>TG</arg>
<arg>TH</arg>
<arg>TJ</arg>
<arg>TK</arg>
<arg>TL</arg>
<arg>TM</arg>
<arg>TN</arg>
<arg>TO</arg>
<arg>TR</arg>
<arg>TT</arg>
<arg>TV</arg>
<arg>TW</arg>
<arg>TZ</arg>
<arg>UA</arg>
<arg>UG</arg>
<arg>UM</arg>
<arg>US</arg>
<arg>UY</arg>
<arg>UZ</arg>
<arg>VA</arg>
<arg>VC</arg>
<arg>VE</arg>
<arg>VG</arg>
<arg>VI</arg>
<arg>VN</arg>
<arg>VU</arg>
<arg>WF</arg>
<arg>WS</arg>
<arg>XK</arg>
<arg>YE</arg>
<arg>YT</arg>
<arg>ZA</arg>
<arg>ZM</arg>
<arg>ZW</arg>
<doc>Returns a list containing given items.</doc>
<status status="PASS" start="2024-07-23T23:17:09.591538" elapsed="0.000695"/>
</kw>
<kw name="List Should Contain Value" owner="Collections">
<arg>${list_country}</arg>
<arg>${name_country}</arg>
<doc>Fails if the ``value`` is not found from ``list``.</doc>
<status status="PASS" start="2024-07-23T23:17:09.593091" elapsed="0.000253"/>
</kw>
<kw name="Run Keyword If" owner="BuiltIn">
<kw name="Should Be True" owner="BuiltIn">
<arg>${True}</arg>
<doc>Fails if the given condition is not true.</doc>
<status status="PASS" start="2024-07-23T23:17:09.594339" elapsed="0.000252"/>
</kw>
<arg>${json_data["results"][0]["location"]["coordinates"]["latitude"]} &gt;= -90 and ${json_data["results"][0]["location"]["coordinates"]["latitude"]} &lt;= 90</arg>
<arg>Should Be True</arg>
<arg>${True}</arg>
<doc>Runs the given keyword with the given arguments, if ``condition`` is true.</doc>
<status status="PASS" start="2024-07-23T23:17:09.593546" elapsed="0.001237"/>
</kw>
<kw name="Run Keyword If" owner="BuiltIn">
<kw name="Should Be True" owner="BuiltIn">
<arg>${True}</arg>
<doc>Fails if the given condition is not true.</doc>
<status status="PASS" start="2024-07-23T23:17:09.596391" elapsed="0.000360"/>
</kw>
<arg>${json_data["results"][0]["location"]["coordinates"]["longitude"]} &gt;= -180 and ${json_data["results"][0]["location"]["coordinates"]["longitude"]} &lt;= 180</arg>
<arg>Should Be True</arg>
<arg>${True}</arg>
<doc>Runs the given keyword with the given arguments, if ``condition`` is true.</doc>
<status status="PASS" start="2024-07-23T23:17:09.595073" elapsed="0.001909"/>
</kw>
<status status="PASS" start="2024-07-23T23:17:09.491011" elapsed="0.106186"/>
</kw>
<doc>Testa o conteúdo específico dos campos retornados pela API.</doc>
<tag>testeConteudo</tag>
<status status="PASS" start="2024-07-23T23:17:09.490414" elapsed="0.107087"/>
</test>
<status status="PASS" start="2024-07-23T23:17:08.621711" elapsed="0.978556"/>
</suite>
<status status="PASS" start="2024-07-23T23:17:08.606707" elapsed="0.999554"/>
</suite>
<statistics>
<total>
<stat pass="5" fail="0" skip="0">All Tests</stat>
</total>
<tag>
<stat pass="1" fail="0" skip="0">testeConteudo</stat>
<stat pass="1" fail="0" skip="0">testeEstruturaResposta</stat>
<stat pass="1" fail="0" skip="0">testeRequisicaoBasica</stat>
<stat pass="1" fail="0" skip="0">testeTiposDados</stat>
</tag>
<suite>
<stat pass="5" fail="0" skip="0" id="s1" name="Tests">Tests</stat>
<stat pass="5" fail="0" skip="0" id="s1-s1" name="Random-User-Test">Tests.Random-User-Test</stat>
</suite>
</statistics>
<errors>
</errors>
</robot>
