<?xml version="1.0" encoding="UTF-8"?>
<robot generator="Robot 7.0.1 (Python 3.12.4 on linux)" generated="2024-07-20T10:15:13.506022" rpa="false" schemaversion="5">
<suite id="s1" name="Tests" source="/home/runner/work/ApiRandomUser/ApiRandomUser/RamdonUser/tests">
<suite id="s1-s1" name="Random-User-Test" source="/home/runner/work/ApiRandomUser/ApiRandomUser/RamdonUser/tests/random-user-test.robot">
<test id="s1-s1-t1" name="Conectar" line="13">
<kw name="Conectar API" owner="random-user-service">
<kw name="Create Session" owner="RequestsLibrary">
<msg time="2024-07-20T10:15:13.897108" level="INFO">Creating Session using : alias=consultarAPI, url=https://randomuser.me/, headers={},                     cookies={}, auth=None, timeout=None, proxies=None, verify=False,                     debug=0 </msg>
<arg>consultarAPI</arg>
<arg>${URL}</arg>
<doc>Create Session: create a HTTP session to a server</doc>
<status status="PASS" start="2024-07-20T10:15:13.896915" elapsed="0.000413"/>
</kw>
<status status="PASS" start="2024-07-20T10:15:13.895881" elapsed="0.001805"/>
</kw>
<status status="PASS" start="2024-07-20T10:15:13.895275" elapsed="0.002603"/>
</test>
<test id="s1-s1-t2" name="Validar retorno 200 e JSON Válido" line="16">
<kw name="Teste de Requisicao Basica" owner="random-user-service">
<kw name="GET On Session" owner="RequestsLibrary">
<msg time="2024-07-20T10:15:14.502534" level="INFO">GET Request : url=https://randomuser.me/api 
 path_url=/api 
 headers={'User-Agent': 'python-requests/2.32.3', 'Accept-Encoding': 'gzip, deflate', 'Accept': '*/*', 'Connection': 'keep-alive'} 
 body=None 
 </msg>
<msg time="2024-07-20T10:15:14.502696" level="INFO">GET Response : url=https://randomuser.me/api 
 status=200, reason=OK 
 headers={'Date': 'Sat, 20 Jul 2024 10:15:14 GMT', 'Content-Type': 'application/json; charset=utf-8', 'Transfer-Encoding': 'chunked', 'Connection': 'keep-alive', 'X-Powered-By': 'Express', 'Access-Control-Allow-Origin': '*', 'Cache-Control': 'no-cache', 'ETag': 'W/"498-TRCSjM8lBDISP2qAIkgmEQEajC4"', 'Vary': 'Accept-Encoding', 'Content-Encoding': 'gzip', 'CF-Cache-Status': 'DYNAMIC', 'Report-To': '{"endpoints":[{"url":"https:\\/\\/a.nel.cloudflare.com\\/report\\/v4?s=tJFLbtGaZy9nZR36T7vG2Sw7htzvpQG0Uji%2BvfA4lwqs4IoznHuM4koXrXnFQlDHifW6NzgZL1bACjQcrCU6fymQN8Q3Cm4nNvGlE%2B9cGps6h8XUoNaz4FbEFyEBsLXC"}],"group":"cf-nel","max_age":604800}', 'NEL': '{"success_fraction":0,"report_to":"cf-nel","max_age":604800}', 'Server': 'cloudflare', 'CF-RAY': '8a6230591aa63950-IAD', 'alt-svc': 'h3=":443"; ma=86400'} 
 body={"results":[{"gender":"female","name":{"title":"Mrs","first":"Mae","last":"Mckinney"},"location":{"street":{"number":1121,"name":"White Oak Dr"},"city":"Shepparton","state":"New South Wales","country":"Australia","postcode":7471,"coordinates":{"latitude":"-88.9608","longitude":"174.8512"},"timezone":{"offset":"+5:30","description":"Bombay, Calcutta, Madras, New Delhi"}},"email":"mae.mckinney@example.com","login":{"uuid":"a97b1fc3-8efd-4387-bb56-57e81bae3804","username":"greenfrog530","password":"easy","salt":"69YoGBnS","md5":"dc5610ff582170df421351c1af0a7e4e","sha1":"a600fd2693b959b4b9b29ce61b411c33fdfa88bd","sha256":"23bec9674eca40e2f2bd2ac551577d3e0a359bff3e76c059d663af817c9ac82a"},"dob":{"date":"1995-07-02T16:51:50.141Z","age":29},"registered":{"date":"2012-10-17T21:55:41.849Z","age":11},"phone":"07-6825-0387","cell":"0462-169-657","id":{"name":"TFN","value":"230983297"},"picture":{"large":"https://randomuser.me/api/portraits/women/10.jpg","medium":"https://randomuser.me/api/portraits/med/women/10.jpg","thumbnail":"https://randomuser.me/api/portraits/thumb/women/10.jpg"},"nat":"AU"}],"info":{"seed":"ed2285c1be172b59","results":1,"page":1,"version":"1.4"}} 
 </msg>
<msg time="2024-07-20T10:15:14.502773" level="INFO">/opt/hostedtoolcache/Python/3.12.4/x64/lib/python3.12/site-packages/urllib3/connectionpool.py:1099: InsecureRequestWarning: Unverified HTTPS request is being made to host 'randomuser.me'. Adding certificate verification is strongly advised. See: https://urllib3.readthedocs.io/en/latest/advanced-usage.html#tls-warnings
  warnings.warn(</msg>
<msg time="2024-07-20T10:15:14.502903" level="INFO">${response} = &lt;Response [200]&gt;</msg>
<var>${response}</var>
<arg>consultarAPI</arg>
<arg>/api</arg>
<doc>Sends a GET request on a previously created HTTP Session.</doc>
<status status="PASS" start="2024-07-20T10:15:13.900490" elapsed="0.602455"/>
</kw>
<kw name="Should Be Equal As Numbers" owner="BuiltIn">
<msg time="2024-07-20T10:15:14.503928" level="INFO">Argument types are:
&lt;class 'int'&gt;
&lt;class 'str'&gt;</msg>
<arg>${response.status_code}</arg>
<arg>200</arg>
<doc>Fails if objects are unequal after converting them to real numbers.</doc>
<status status="PASS" start="2024-07-20T10:15:14.503473" elapsed="0.000520"/>
</kw>
<kw name="Log" owner="BuiltIn">
<msg time="2024-07-20T10:15:14.504644" level="INFO">200</msg>
<arg>${response.status_code}</arg>
<doc>Logs the given message with the given level.</doc>
<status status="PASS" start="2024-07-20T10:15:14.504306" elapsed="0.000380"/>
</kw>
<kw name="Set Variable" owner="BuiltIn">
<msg time="2024-07-20T10:15:14.505466" level="INFO">${json_data} = {'results': [{'gender': 'female', 'name': {'title': 'Mrs', 'first': 'Mae', 'last': 'Mckinney'}, 'location': {'street': {'number': 1121, 'name': 'White Oak Dr'}, 'city': 'Shepparton', 'state': 'New Sou...</msg>
<var>${json_data}</var>
<arg>${response.json()}</arg>
<doc>Returns the given values which can then be assigned to a variables.</doc>
<status status="PASS" start="2024-07-20T10:15:14.504983" elapsed="0.000511"/>
</kw>
<kw name="Dictionary Should Contain Key" owner="Collections">
<arg>${json_data}</arg>
<arg>results</arg>
<doc>Fails if ``key`` is not found from ``dictionary``.</doc>
<status status="PASS" start="2024-07-20T10:15:14.505788" elapsed="0.000313"/>
</kw>
<status status="PASS" start="2024-07-20T10:15:13.900253" elapsed="0.606000"/>
</kw>
<doc>Testa se a API responde corretamente e retorna um objeto JSON válido.</doc>
<tag>testeRequisicaoBasica</tag>
<status status="PASS" start="2024-07-20T10:15:13.899731" elapsed="0.606691"/>
</test>
<test id="s1-s1-t3" name="Validar estrutura de resposta" line="22">
<kw name="Teste de Estrutura de Resposta" owner="random-user-service">
<kw name="GET On Session" owner="RequestsLibrary">
<msg time="2024-07-20T10:15:14.608673" level="INFO">GET Request : url=https://randomuser.me/api 
 path_url=/api 
 headers={'User-Agent': 'python-requests/2.32.3', 'Accept-Encoding': 'gzip, deflate', 'Accept': '*/*', 'Connection': 'keep-alive'} 
 body=None 
 </msg>
<msg time="2024-07-20T10:15:14.608741" level="INFO">GET Response : url=https://randomuser.me/api 
 status=200, reason=OK 
 headers={'Date': 'Sat, 20 Jul 2024 10:15:14 GMT', 'Content-Type': 'application/json; charset=utf-8', 'Transfer-Encoding': 'chunked', 'Connection': 'keep-alive', 'X-Powered-By': 'Express', 'Access-Control-Allow-Origin': '*', 'Cache-Control': 'no-cache', 'ETag': 'W/"475-PxMcVl7iO5DeZDbsaFhmXGIx6NU"', 'Vary': 'Accept-Encoding', 'Content-Encoding': 'gzip', 'CF-Cache-Status': 'DYNAMIC', 'Report-To': '{"endpoints":[{"url":"https:\\/\\/a.nel.cloudflare.com\\/report\\/v4?s=w2LxuADBLw34x9FflGHSIjNvYs9tEvB2ETNSRJ3ePphuisR0QjxZ1YcIJZ7UMyC1Np8qlT7X6AAkNSOLfcBl5sGhMUPiNd0Jv0yuvbpp8eP2id%2BpGNOrxUFogxHCk17z"}],"group":"cf-nel","max_age":604800}', 'NEL': '{"success_fraction":0,"report_to":"cf-nel","max_age":604800}', 'Server': 'cloudflare', 'CF-RAY': '8a62305bbcfb3950-IAD', 'alt-svc': 'h3=":443"; ma=86400'} 
 body={"results":[{"gender":"female","name":{"title":"Mrs","first":"Borka","last":"Ćirić"},"location":{"street":{"number":5103,"name":"Žabeljska"},"city":"Bor","state":"Pirot","country":"Serbia","postcode":41794,"coordinates":{"latitude":"57.2286","longitude":"44.0914"},"timezone":{"offset":"+6:00","description":"Almaty, Dhaka, Colombo"}},"email":"borka.ciric@example.com","login":{"uuid":"116c8f28-55bf-4f7f-ba83-6a6002fb2f7e","username":"bluegorilla708","password":"kipper","salt":"uS89E8SP","md5":"2b873e72c42bcbbbde3e4b4ef5ebac59","sha1":"b887dbb055bac09264a680edb5c94b5f33931afd","sha256":"a58338f7398752887eea3505450a0ade6f82565622b29c127860e19fce54bb69"},"dob":{"date":"1967-01-24T15:04:04.192Z","age":57},"registered":{"date":"2003-05-29T00:48:52.588Z","age":21},"phone":"019-6194-913","cell":"066-5210-799","id":{"name":"SID","value":"140044565"},"picture":{"large":"https://randomuser.me/api/portraits/women/1.jpg","medium":"https://randomuser.me/api/portraits/med/women/1.jpg","thumbnail":"https://randomuser.me/api/portraits/thumb/women/1.jpg"},"nat":"RS"}],"info":{"seed":"c4790f0449a658e9","results":1,"page":1,"version":"1.4"}} 
 </msg>
<msg time="2024-07-20T10:15:14.608839" level="INFO">/opt/hostedtoolcache/Python/3.12.4/x64/lib/python3.12/site-packages/urllib3/connectionpool.py:1099: InsecureRequestWarning: Unverified HTTPS request is being made to host 'randomuser.me'. Adding certificate verification is strongly advised. See: https://urllib3.readthedocs.io/en/latest/advanced-usage.html#tls-warnings
  warnings.warn(</msg>
<msg time="2024-07-20T10:15:14.608930" level="INFO">${response} = &lt;Response [200]&gt;</msg>
<var>${response}</var>
<arg>consultarAPI</arg>
<arg>/api</arg>
<doc>Sends a GET request on a previously created HTTP Session.</doc>
<status status="PASS" start="2024-07-20T10:15:14.508925" elapsed="0.100041"/>
</kw>
<kw name="Set Variable" owner="BuiltIn">
<msg time="2024-07-20T10:15:14.609835" level="INFO">${json_data} = {'results': [{'gender': 'female', 'name': {'title': 'Mrs', 'first': 'Borka', 'last': 'Ćirić'}, 'location': {'street': {'number': 5103, 'name': 'Žabeljska'}, 'city': 'Bor', 'state': 'Pirot', 'country':...</msg>
<var>${json_data}</var>
<arg>${response.json()}</arg>
<doc>Returns the given values which can then be assigned to a variables.</doc>
<status status="PASS" start="2024-07-20T10:15:14.609376" elapsed="0.000489"/>
</kw>
<kw name="Log" owner="BuiltIn">
<msg time="2024-07-20T10:15:14.610330" level="INFO">{'results': [{'gender': 'female', 'name': {'title': 'Mrs', 'first': 'Borka', 'last': 'Ćirić'}, 'location': {'street': {'number': 5103, 'name': 'Žabeljska'}, 'city': 'Bor', 'state': 'Pirot', 'country': 'Serbia', 'postcode': 41794, 'coordinates': {'latitude': '57.2286', 'longitude': '44.0914'}, 'timezone': {'offset': '+6:00', 'description': 'Almaty, Dhaka, Colombo'}}, 'email': 'borka.ciric@example.com', 'login': {'uuid': '116c8f28-55bf-4f7f-ba83-6a6002fb2f7e', 'username': 'bluegorilla708', 'password': 'kipper', 'salt': 'uS89E8SP', 'md5': '2b873e72c42bcbbbde3e4b4ef5ebac59', 'sha1': 'b887dbb055bac09264a680edb5c94b5f33931afd', 'sha256': 'a58338f7398752887eea3505450a0ade6f82565622b29c127860e19fce54bb69'}, 'dob': {'date': '1967-01-24T15:04:04.192Z', 'age': 57}, 'registered': {'date': '2003-05-29T00:48:52.588Z', 'age': 21}, 'phone': '019-6194-913', 'cell': '066-5210-799', 'id': {'name': 'SID', 'value': '140044565'}, 'picture': {'large': 'https://randomuser.me/api/portraits/women/1.jpg', 'medium': 'https://randomuser.me/api/portraits/med/women/1.jpg', 'thumbnail': 'https://randomuser.me/api/portraits/thumb/women/1.jpg'}, 'nat': 'RS'}], 'info': {'seed': 'c4790f0449a658e9', 'results': 1, 'page': 1, 'version': '1.4'}}</msg>
<arg>${json_data}</arg>
<doc>Logs the given message with the given level.</doc>
<status status="PASS" start="2024-07-20T10:15:14.610167" elapsed="0.000213"/>
</kw>
<kw name="Dictionary Should Contain Key" owner="Collections">
<arg>${json_data}</arg>
<arg>results</arg>
<doc>Fails if ``key`` is not found from ``dictionary``.</doc>
<status status="PASS" start="2024-07-20T10:15:14.610662" elapsed="0.000160"/>
</kw>
<kw name="Should Not Be Empty" owner="BuiltIn">
<msg time="2024-07-20T10:15:14.611121" level="INFO">Length is 2.</msg>
<arg>${json_data}</arg>
<doc>Verifies that the given item is not empty.</doc>
<status status="PASS" start="2024-07-20T10:15:14.611000" elapsed="0.000158"/>
</kw>
<kw name="Create List" owner="BuiltIn">
<msg time="2024-07-20T10:15:14.611586" level="INFO">${expected_keys} = ['gender', 'name', 'location', 'email', 'login']</msg>
<var>${expected_keys}</var>
<arg>gender</arg>
<arg>name</arg>
<arg>location</arg>
<arg>email</arg>
<arg>login</arg>
<doc>Returns a list containing given items.</doc>
<status status="PASS" start="2024-07-20T10:15:14.611438" elapsed="0.000172"/>
</kw>
<for flavor="IN">
<iter>
<kw name="Dictionary Should Contain Key" owner="Collections">
<arg>${json_data['results'][0]}</arg>
<arg>${key}</arg>
<doc>Fails if ``key`` is not found from ``dictionary``.</doc>
<status status="PASS" start="2024-07-20T10:15:14.612178" elapsed="0.000410"/>
</kw>
<kw name="Log" owner="BuiltIn">
<msg time="2024-07-20T10:15:14.613126" level="INFO">{'gender': 'female', 'name': {'title': 'Mrs', 'first': 'Borka', 'last': 'Ćirić'}, 'location': {'street': {'number': 5103, 'name': 'Žabeljska'}, 'city': 'Bor', 'state': 'Pirot', 'country': 'Serbia', 'postcode': 41794, 'coordinates': {'latitude': '57.2286', 'longitude': '44.0914'}, 'timezone': {'offset': '+6:00', 'description': 'Almaty, Dhaka, Colombo'}}, 'email': 'borka.ciric@example.com', 'login': {'uuid': '116c8f28-55bf-4f7f-ba83-6a6002fb2f7e', 'username': 'bluegorilla708', 'password': 'kipper', 'salt': 'uS89E8SP', 'md5': '2b873e72c42bcbbbde3e4b4ef5ebac59', 'sha1': 'b887dbb055bac09264a680edb5c94b5f33931afd', 'sha256': 'a58338f7398752887eea3505450a0ade6f82565622b29c127860e19fce54bb69'}, 'dob': {'date': '1967-01-24T15:04:04.192Z', 'age': 57}, 'registered': {'date': '2003-05-29T00:48:52.588Z', 'age': 21}, 'phone': '019-6194-913', 'cell': '066-5210-799', 'id': {'name': 'SID', 'value': '140044565'}, 'picture': {'large': 'https://randomuser.me/api/portraits/women/1.jpg', 'medium': 'https://randomuser.me/api/portraits/med/women/1.jpg', 'thumbnail': 'https://randomuser.me/api/portraits/thumb/women/1.jpg'}, 'nat': 'RS'}</msg>
<arg>${json_data['results'][0]}</arg>
<doc>Logs the given message with the given level.</doc>
<status status="PASS" start="2024-07-20T10:15:14.612771" elapsed="0.000451"/>
</kw>
<kw name="Log" owner="BuiltIn">
<msg time="2024-07-20T10:15:14.613653" level="INFO">gender</msg>
<arg>${key}</arg>
<doc>Logs the given message with the given level.</doc>
<status status="PASS" start="2024-07-20T10:15:14.613524" elapsed="0.000166"/>
</kw>
<var name="${key}">gender</var>
<status status="PASS" start="2024-07-20T10:15:14.612057" elapsed="0.001847"/>
</iter>
<iter>
<kw name="Dictionary Should Contain Key" owner="Collections">
<arg>${json_data['results'][0]}</arg>
<arg>${key}</arg>
<doc>Fails if ``key`` is not found from ``dictionary``.</doc>
<status status="PASS" start="2024-07-20T10:15:14.614192" elapsed="0.000383"/>
</kw>
<kw name="Log" owner="BuiltIn">
<msg time="2024-07-20T10:15:14.615102" level="INFO">{'gender': 'female', 'name': {'title': 'Mrs', 'first': 'Borka', 'last': 'Ćirić'}, 'location': {'street': {'number': 5103, 'name': 'Žabeljska'}, 'city': 'Bor', 'state': 'Pirot', 'country': 'Serbia', 'postcode': 41794, 'coordinates': {'latitude': '57.2286', 'longitude': '44.0914'}, 'timezone': {'offset': '+6:00', 'description': 'Almaty, Dhaka, Colombo'}}, 'email': 'borka.ciric@example.com', 'login': {'uuid': '116c8f28-55bf-4f7f-ba83-6a6002fb2f7e', 'username': 'bluegorilla708', 'password': 'kipper', 'salt': 'uS89E8SP', 'md5': '2b873e72c42bcbbbde3e4b4ef5ebac59', 'sha1': 'b887dbb055bac09264a680edb5c94b5f33931afd', 'sha256': 'a58338f7398752887eea3505450a0ade6f82565622b29c127860e19fce54bb69'}, 'dob': {'date': '1967-01-24T15:04:04.192Z', 'age': 57}, 'registered': {'date': '2003-05-29T00:48:52.588Z', 'age': 21}, 'phone': '019-6194-913', 'cell': '066-5210-799', 'id': {'name': 'SID', 'value': '140044565'}, 'picture': {'large': 'https://randomuser.me/api/portraits/women/1.jpg', 'medium': 'https://randomuser.me/api/portraits/med/women/1.jpg', 'thumbnail': 'https://randomuser.me/api/portraits/thumb/women/1.jpg'}, 'nat': 'RS'}</msg>
<arg>${json_data['results'][0]}</arg>
<doc>Logs the given message with the given level.</doc>
<status status="PASS" start="2024-07-20T10:15:14.614753" elapsed="0.000432"/>
</kw>
<kw name="Log" owner="BuiltIn">
<msg time="2024-07-20T10:15:14.615603" level="INFO">name</msg>
<arg>${key}</arg>
<doc>Logs the given message with the given level.</doc>
<status status="PASS" start="2024-07-20T10:15:14.615478" elapsed="0.000161"/>
</kw>
<var name="${key}">name</var>
<status status="PASS" start="2024-07-20T10:15:14.614083" elapsed="0.001764"/>
</iter>
<iter>
<kw name="Dictionary Should Contain Key" owner="Collections">
<arg>${json_data['results'][0]}</arg>
<arg>${key}</arg>
<doc>Fails if ``key`` is not found from ``dictionary``.</doc>
<status status="PASS" start="2024-07-20T10:15:14.616123" elapsed="0.000378"/>
</kw>
<kw name="Log" owner="BuiltIn">
<msg time="2024-07-20T10:15:14.617034" level="INFO">{'gender': 'female', 'name': {'title': 'Mrs', 'first': 'Borka', 'last': 'Ćirić'}, 'location': {'street': {'number': 5103, 'name': 'Žabeljska'}, 'city': 'Bor', 'state': 'Pirot', 'country': 'Serbia', 'postcode': 41794, 'coordinates': {'latitude': '57.2286', 'longitude': '44.0914'}, 'timezone': {'offset': '+6:00', 'description': 'Almaty, Dhaka, Colombo'}}, 'email': 'borka.ciric@example.com', 'login': {'uuid': '116c8f28-55bf-4f7f-ba83-6a6002fb2f7e', 'username': 'bluegorilla708', 'password': 'kipper', 'salt': 'uS89E8SP', 'md5': '2b873e72c42bcbbbde3e4b4ef5ebac59', 'sha1': 'b887dbb055bac09264a680edb5c94b5f33931afd', 'sha256': 'a58338f7398752887eea3505450a0ade6f82565622b29c127860e19fce54bb69'}, 'dob': {'date': '1967-01-24T15:04:04.192Z', 'age': 57}, 'registered': {'date': '2003-05-29T00:48:52.588Z', 'age': 21}, 'phone': '019-6194-913', 'cell': '066-5210-799', 'id': {'name': 'SID', 'value': '140044565'}, 'picture': {'large': 'https://randomuser.me/api/portraits/women/1.jpg', 'medium': 'https://randomuser.me/api/portraits/med/women/1.jpg', 'thumbnail': 'https://randomuser.me/api/portraits/thumb/women/1.jpg'}, 'nat': 'RS'}</msg>
<arg>${json_data['results'][0]}</arg>
<doc>Logs the given message with the given level.</doc>
<status status="PASS" start="2024-07-20T10:15:14.616686" elapsed="0.000399"/>
</kw>
<kw name="Log" owner="BuiltIn">
<msg time="2024-07-20T10:15:14.617547" level="INFO">location</msg>
<arg>${key}</arg>
<doc>Logs the given message with the given level.</doc>
<status status="PASS" start="2024-07-20T10:15:14.617423" elapsed="0.000162"/>
</kw>
<var name="${key}">location</var>
<status status="PASS" start="2024-07-20T10:15:14.616018" elapsed="0.001789"/>
</iter>
<iter>
<kw name="Dictionary Should Contain Key" owner="Collections">
<arg>${json_data['results'][0]}</arg>
<arg>${key}</arg>
<doc>Fails if ``key`` is not found from ``dictionary``.</doc>
<status status="PASS" start="2024-07-20T10:15:14.618078" elapsed="0.000378"/>
</kw>
<kw name="Log" owner="BuiltIn">
<msg time="2024-07-20T10:15:14.619103" level="INFO">{'gender': 'female', 'name': {'title': 'Mrs', 'first': 'Borka', 'last': 'Ćirić'}, 'location': {'street': {'number': 5103, 'name': 'Žabeljska'}, 'city': 'Bor', 'state': 'Pirot', 'country': 'Serbia', 'postcode': 41794, 'coordinates': {'latitude': '57.2286', 'longitude': '44.0914'}, 'timezone': {'offset': '+6:00', 'description': 'Almaty, Dhaka, Colombo'}}, 'email': 'borka.ciric@example.com', 'login': {'uuid': '116c8f28-55bf-4f7f-ba83-6a6002fb2f7e', 'username': 'bluegorilla708', 'password': 'kipper', 'salt': 'uS89E8SP', 'md5': '2b873e72c42bcbbbde3e4b4ef5ebac59', 'sha1': 'b887dbb055bac09264a680edb5c94b5f33931afd', 'sha256': 'a58338f7398752887eea3505450a0ade6f82565622b29c127860e19fce54bb69'}, 'dob': {'date': '1967-01-24T15:04:04.192Z', 'age': 57}, 'registered': {'date': '2003-05-29T00:48:52.588Z', 'age': 21}, 'phone': '019-6194-913', 'cell': '066-5210-799', 'id': {'name': 'SID', 'value': '140044565'}, 'picture': {'large': 'https://randomuser.me/api/portraits/women/1.jpg', 'medium': 'https://randomuser.me/api/portraits/med/women/1.jpg', 'thumbnail': 'https://randomuser.me/api/portraits/thumb/women/1.jpg'}, 'nat': 'RS'}</msg>
<arg>${json_data['results'][0]}</arg>
<doc>Logs the given message with the given level.</doc>
<status status="PASS" start="2024-07-20T10:15:14.618746" elapsed="0.000409"/>
</kw>
<kw name="Log" owner="BuiltIn">
<msg time="2024-07-20T10:15:14.619573" level="INFO">email</msg>
<arg>${key}</arg>
<doc>Logs the given message with the given level.</doc>
<status status="PASS" start="2024-07-20T10:15:14.619448" elapsed="0.000163"/>
</kw>
<var name="${key}">email</var>
<status status="PASS" start="2024-07-20T10:15:14.617974" elapsed="0.001848"/>
</iter>
<iter>
<kw name="Dictionary Should Contain Key" owner="Collections">
<arg>${json_data['results'][0]}</arg>
<arg>${key}</arg>
<doc>Fails if ``key`` is not found from ``dictionary``.</doc>
<status status="PASS" start="2024-07-20T10:15:14.620094" elapsed="0.000374"/>
</kw>
<kw name="Log" owner="BuiltIn">
<msg time="2024-07-20T10:15:14.620995" level="INFO">{'gender': 'female', 'name': {'title': 'Mrs', 'first': 'Borka', 'last': 'Ćirić'}, 'location': {'street': {'number': 5103, 'name': 'Žabeljska'}, 'city': 'Bor', 'state': 'Pirot', 'country': 'Serbia', 'postcode': 41794, 'coordinates': {'latitude': '57.2286', 'longitude': '44.0914'}, 'timezone': {'offset': '+6:00', 'description': 'Almaty, Dhaka, Colombo'}}, 'email': 'borka.ciric@example.com', 'login': {'uuid': '116c8f28-55bf-4f7f-ba83-6a6002fb2f7e', 'username': 'bluegorilla708', 'password': 'kipper', 'salt': 'uS89E8SP', 'md5': '2b873e72c42bcbbbde3e4b4ef5ebac59', 'sha1': 'b887dbb055bac09264a680edb5c94b5f33931afd', 'sha256': 'a58338f7398752887eea3505450a0ade6f82565622b29c127860e19fce54bb69'}, 'dob': {'date': '1967-01-24T15:04:04.192Z', 'age': 57}, 'registered': {'date': '2003-05-29T00:48:52.588Z', 'age': 21}, 'phone': '019-6194-913', 'cell': '066-5210-799', 'id': {'name': 'SID', 'value': '140044565'}, 'picture': {'large': 'https://randomuser.me/api/portraits/women/1.jpg', 'medium': 'https://randomuser.me/api/portraits/med/women/1.jpg', 'thumbnail': 'https://randomuser.me/api/portraits/thumb/women/1.jpg'}, 'nat': 'RS'}</msg>
<arg>${json_data['results'][0]}</arg>
<doc>Logs the given message with the given level.</doc>
<status status="PASS" start="2024-07-20T10:15:14.620645" elapsed="0.000399"/>
</kw>
<kw name="Log" owner="BuiltIn">
<msg time="2024-07-20T10:15:14.621496" level="INFO">login</msg>
<arg>${key}</arg>
<doc>Logs the given message with the given level.</doc>
<status status="PASS" start="2024-07-20T10:15:14.621370" elapsed="0.000161"/>
</kw>
<var name="${key}">login</var>
<status status="PASS" start="2024-07-20T10:15:14.619989" elapsed="0.001766"/>
</iter>
<var>${key}</var>
<value>@{expected_keys}</value>
<status status="PASS" start="2024-07-20T10:15:14.611869" elapsed="0.010001"/>
</for>
<kw name="Create List" owner="BuiltIn">
<msg time="2024-07-20T10:15:14.622181" level="INFO">${expected_keysTwo} = ['username', 'password']</msg>
<var>${expected_keysTwo}</var>
<arg>username</arg>
<arg>password</arg>
<doc>Returns a list containing given items.</doc>
<status status="PASS" start="2024-07-20T10:15:14.622051" elapsed="0.000153"/>
</kw>
<for flavor="IN">
<iter>
<kw name="Dictionary Should Contain Key" owner="Collections">
<arg>${json_data['results'][0]['login']}</arg>
<arg>${keyTwo}</arg>
<doc>Fails if ``key`` is not found from ``dictionary``.</doc>
<status status="PASS" start="2024-07-20T10:15:14.622707" elapsed="0.000371"/>
</kw>
<kw name="Dictionary Should Contain Key" owner="Collections">
<arg>${json_data['results'][0]['login']}</arg>
<arg>${keyTwo}</arg>
<doc>Fails if ``key`` is not found from ``dictionary``.</doc>
<status status="PASS" start="2024-07-20T10:15:14.623257" elapsed="0.000368"/>
</kw>
<kw name="Log" owner="BuiltIn">
<msg time="2024-07-20T10:15:14.623917" level="INFO">username</msg>
<arg>${keyTwo}</arg>
<doc>Logs the given message with the given level.</doc>
<status status="PASS" start="2024-07-20T10:15:14.623800" elapsed="0.000155"/>
</kw>
<var name="${keyTwo}">username</var>
<status status="PASS" start="2024-07-20T10:15:14.622602" elapsed="0.001568"/>
</iter>
<iter>
<kw name="Dictionary Should Contain Key" owner="Collections">
<arg>${json_data['results'][0]['login']}</arg>
<arg>${keyTwo}</arg>
<doc>Fails if ``key`` is not found from ``dictionary``.</doc>
<status status="PASS" start="2024-07-20T10:15:14.624444" elapsed="0.000372"/>
</kw>
<kw name="Dictionary Should Contain Key" owner="Collections">
<arg>${json_data['results'][0]['login']}</arg>
<arg>${keyTwo}</arg>
<doc>Fails if ``key`` is not found from ``dictionary``.</doc>
<status status="PASS" start="2024-07-20T10:15:14.624988" elapsed="0.000409"/>
</kw>
<kw name="Log" owner="BuiltIn">
<msg time="2024-07-20T10:15:14.625695" level="INFO">password</msg>
<arg>${keyTwo}</arg>
<doc>Logs the given message with the given level.</doc>
<status status="PASS" start="2024-07-20T10:15:14.625571" elapsed="0.000161"/>
</kw>
<var name="${keyTwo}">password</var>
<status status="PASS" start="2024-07-20T10:15:14.624336" elapsed="0.001612"/>
</iter>
<var>${keyTwo}</var>
<value>@{expected_keysTwo}</value>
<status status="PASS" start="2024-07-20T10:15:14.622454" elapsed="0.003612"/>
</for>
<status status="PASS" start="2024-07-20T10:15:14.508697" elapsed="0.117502"/>
</kw>
<doc>Testa a estrutura da resposta da API.</doc>
<tag>testeEstruturaResposta</tag>
<status status="PASS" start="2024-07-20T10:15:14.508196" elapsed="0.118145"/>
</test>
<test id="s1-s1-t4" name="Validar tipos de dados" line="28">
<kw name="Teste de Tipos de Dados" owner="random-user-service">
<kw name="GET On Session" owner="RequestsLibrary">
<msg time="2024-07-20T10:15:14.666574" level="INFO">GET Request : url=https://randomuser.me/api 
 path_url=/api 
 headers={'User-Agent': 'python-requests/2.32.3', 'Accept-Encoding': 'gzip, deflate', 'Accept': '*/*', 'Connection': 'keep-alive'} 
 body=None 
 </msg>
<msg time="2024-07-20T10:15:14.666649" level="INFO">GET Response : url=https://randomuser.me/api 
 status=200, reason=OK 
 headers={'Date': 'Sat, 20 Jul 2024 10:15:14 GMT', 'Content-Type': 'application/json; charset=utf-8', 'Transfer-Encoding': 'chunked', 'Connection': 'keep-alive', 'X-Powered-By': 'Express', 'Access-Control-Allow-Origin': '*', 'Cache-Control': 'no-cache', 'ETag': 'W/"481-FKsGv4vrZiYIxLWk53rslw6yFVk"', 'Vary': 'Accept-Encoding', 'Content-Encoding': 'gzip', 'CF-Cache-Status': 'DYNAMIC', 'Report-To': '{"endpoints":[{"url":"https:\\/\\/a.nel.cloudflare.com\\/report\\/v4?s=X6q5YJHH8xY4bnnHrI1D5incUrCCb9%2BWxHKJwkokEncN%2B54oxsgtLNuJVdGasW%2BLPVJrXCt8l9EXATVi2FISAFHL3uJPJ%2ByQwVS3I68Ro8DJlxpiWNFwjDNL0lqEn%2Fzk"}],"group":"cf-nel","max_age":604800}', 'NEL': '{"success_fraction":0,"report_to":"cf-nel","max_age":604800}', 'Server': 'cloudflare', 'CF-RAY': '8a62305c7db63950-IAD', 'alt-svc': 'h3=":443"; ma=86400'} 
 body={"results":[{"gender":"male","name":{"title":"Mr","first":"Cory","last":"Day"},"location":{"street":{"number":4358,"name":"Spring Hill Rd"},"city":"Townsville","state":"South Australia","country":"Australia","postcode":8529,"coordinates":{"latitude":"-85.2324","longitude":"-98.2820"},"timezone":{"offset":"+2:00","description":"Kaliningrad, South Africa"}},"email":"cory.day@example.com","login":{"uuid":"3386cd8f-cc2f-4531-96f0-3821d3ae8d0c","username":"yellowbear271","password":"goldfish","salt":"XXk7woee","md5":"8797af6d52a65790db6f21e0c2ba9cb9","sha1":"e17a574778e458fa8bc8da523bd2cb2188d5457f","sha256":"c5ac4370c77816c3b4ce6ee25581efd617dbff53c7e0a148b130182a22803aff"},"dob":{"date":"1974-12-21T20:48:25.083Z","age":49},"registered":{"date":"2004-11-17T17:42:23.484Z","age":19},"phone":"08-2685-8070","cell":"0440-149-484","id":{"name":"TFN","value":"163184121"},"picture":{"large":"https://randomuser.me/api/portraits/men/9.jpg","medium":"https://randomuser.me/api/portraits/med/men/9.jpg","thumbnail":"https://randomuser.me/api/portraits/thumb/men/9.jpg"},"nat":"AU"}],"info":{"seed":"aade8464dbb56dd4","results":1,"page":1,"version":"1.4"}} 
 </msg>
<msg time="2024-07-20T10:15:14.666705" level="INFO">/opt/hostedtoolcache/Python/3.12.4/x64/lib/python3.12/site-packages/urllib3/connectionpool.py:1099: InsecureRequestWarning: Unverified HTTPS request is being made to host 'randomuser.me'. Adding certificate verification is strongly advised. See: https://urllib3.readthedocs.io/en/latest/advanced-usage.html#tls-warnings
  warnings.warn(</msg>
<msg time="2024-07-20T10:15:14.666788" level="INFO">${response} = &lt;Response [200]&gt;</msg>
<var>${response}</var>
<arg>consultarAPI</arg>
<arg>/api</arg>
<doc>Sends a GET request on a previously created HTTP Session.</doc>
<status status="PASS" start="2024-07-20T10:15:14.628662" elapsed="0.038175"/>
</kw>
<kw name="Set Variable" owner="BuiltIn">
<msg time="2024-07-20T10:15:14.667818" level="INFO">${json_data} = {'results': [{'gender': 'male', 'name': {'title': 'Mr', 'first': 'Cory', 'last': 'Day'}, 'location': {'street': {'number': 4358, 'name': 'Spring Hill Rd'}, 'city': 'Townsville', 'state': 'South Austra...</msg>
<var>${json_data}</var>
<arg>${response.json()}</arg>
<doc>Returns the given values which can then be assigned to a variables.</doc>
<status status="PASS" start="2024-07-20T10:15:14.667265" elapsed="0.000581"/>
</kw>
<kw name="Log" owner="BuiltIn">
<msg time="2024-07-20T10:15:14.668294" level="INFO">{'results': [{'gender': 'male', 'name': {'title': 'Mr', 'first': 'Cory', 'last': 'Day'}, 'location': {'street': {'number': 4358, 'name': 'Spring Hill Rd'}, 'city': 'Townsville', 'state': 'South Australia', 'country': 'Australia', 'postcode': 8529, 'coordinates': {'latitude': '-85.2324', 'longitude': '-98.2820'}, 'timezone': {'offset': '+2:00', 'description': 'Kaliningrad, South Africa'}}, 'email': 'cory.day@example.com', 'login': {'uuid': '3386cd8f-cc2f-4531-96f0-3821d3ae8d0c', 'username': 'yellowbear271', 'password': 'goldfish', 'salt': 'XXk7woee', 'md5': '8797af6d52a65790db6f21e0c2ba9cb9', 'sha1': 'e17a574778e458fa8bc8da523bd2cb2188d5457f', 'sha256': 'c5ac4370c77816c3b4ce6ee25581efd617dbff53c7e0a148b130182a22803aff'}, 'dob': {'date': '1974-12-21T20:48:25.083Z', 'age': 49}, 'registered': {'date': '2004-11-17T17:42:23.484Z', 'age': 19}, 'phone': '08-2685-8070', 'cell': '0440-149-484', 'id': {'name': 'TFN', 'value': '163184121'}, 'picture': {'large': 'https://randomuser.me/api/portraits/men/9.jpg', 'medium': 'https://randomuser.me/api/portraits/med/men/9.jpg', 'thumbnail': 'https://randomuser.me/api/portraits/thumb/men/9.jpg'}, 'nat': 'AU'}], 'info': {'seed': 'aade8464dbb56dd4', 'results': 1, 'page': 1, 'version': '1.4'}}</msg>
<arg>${json_data}</arg>
<doc>Logs the given message with the given level.</doc>
<status status="PASS" start="2024-07-20T10:15:14.668145" elapsed="0.000196"/>
</kw>
<kw name="Should Be String" owner="String">
<arg>${json_data['results'][0]['gender']}</arg>
<doc>Fails if the given ``item`` is not a string.</doc>
<status status="PASS" start="2024-07-20T10:15:14.668625" elapsed="0.000359"/>
</kw>
<kw name="Should Match Regexp" owner="BuiltIn">
<arg>${json_data['results'][0]['email']}</arg>
<arg>^[a-zA-Z0-9._%+-]+@[a-zA-Z0-9.-]+\.[a-zA-Z]{2,}$</arg>
<doc>Fails if ``string`` does not match ``pattern`` as a regular expression.</doc>
<status status="PASS" start="2024-07-20T10:15:14.669204" elapsed="0.000521"/>
</kw>
<kw name="Should Match Regexp" owner="BuiltIn">
<arg>${json_data['results'][0]['dob']['date']}</arg>
<arg>\\d{4}-\\d{2}-\\d{2}T\\d{2}:\\d{2}:\\d{2}\\.\\d{3}Z</arg>
<doc>Fails if ``string`` does not match ``pattern`` as a regular expression.</doc>
<status status="PASS" start="2024-07-20T10:15:14.669964" elapsed="0.000651"/>
</kw>
<kw name="Should Match Regexp" owner="BuiltIn">
<arg>${json_data['results'][0]['registered']['date']}</arg>
<arg>\\d{4}-\\d{2}-\\d{2}T\\d{2}:\\d{2}:\\d{2}\\.\\d{3}Z</arg>
<doc>Fails if ``string`` does not match ``pattern`` as a regular expression.</doc>
<status status="PASS" start="2024-07-20T10:15:14.670807" elapsed="0.000367"/>
</kw>
<kw name="Should Match Regexp" owner="BuiltIn">
<arg>${json_data['results'][0]['picture']['large']}</arg>
<arg>^https?://.*\.(?:png|jpe?g|gif|bmp)$</arg>
<doc>Fails if ``string`` does not match ``pattern`` as a regular expression.</doc>
<status status="PASS" start="2024-07-20T10:15:14.671356" elapsed="0.000469"/>
</kw>
<kw name="Should Match Regexp" owner="BuiltIn">
<arg>${json_data['results'][0]['picture']['medium']}</arg>
<arg>^https?://.*\.(?:png|jpe?g|gif|bmp)$</arg>
<doc>Fails if ``string`` does not match ``pattern`` as a regular expression.</doc>
<status status="PASS" start="2024-07-20T10:15:14.672010" elapsed="0.000350"/>
</kw>
<kw name="Should Match Regexp" owner="BuiltIn">
<arg>${json_data['results'][0]['picture']['thumbnail']}</arg>
<arg>^https?://.*\.(?:png|jpe?g|gif|bmp)$</arg>
<doc>Fails if ``string`` does not match ``pattern`` as a regular expression.</doc>
<status status="PASS" start="2024-07-20T10:15:14.672539" elapsed="0.000348"/>
</kw>
<kw name="Log" owner="BuiltIn">
<msg time="2024-07-20T10:15:14.673410" level="INFO">{'large': 'https://randomuser.me/api/portraits/men/9.jpg', 'medium': 'https://randomuser.me/api/portraits/med/men/9.jpg', 'thumbnail': 'https://randomuser.me/api/portraits/thumb/men/9.jpg'}</msg>
<arg>${json_data['results'][0]['picture']}</arg>
<doc>Logs the given message with the given level.</doc>
<status status="PASS" start="2024-07-20T10:15:14.673066" elapsed="0.000385"/>
</kw>
<status status="PASS" start="2024-07-20T10:15:14.628451" elapsed="0.045251"/>
</kw>
<kw name="Teste de Tipos de Dados - Postcode" owner="random-user-service">
<kw name="GET On Session" owner="RequestsLibrary">
<msg time="2024-07-20T10:15:14.766121" level="INFO">GET Request : url=https://randomuser.me/api 
 path_url=/api 
 headers={'User-Agent': 'python-requests/2.32.3', 'Accept-Encoding': 'gzip, deflate', 'Accept': '*/*', 'Connection': 'keep-alive'} 
 body=None 
 </msg>
<msg time="2024-07-20T10:15:14.766216" level="INFO">GET Response : url=https://randomuser.me/api 
 status=200, reason=OK 
 headers={'Date': 'Sat, 20 Jul 2024 10:15:14 GMT', 'Content-Type': 'application/json; charset=utf-8', 'Transfer-Encoding': 'chunked', 'Connection': 'keep-alive', 'X-Powered-By': 'Express', 'Access-Control-Allow-Origin': '*', 'Cache-Control': 'no-cache', 'ETag': 'W/"490-uFOiYn6GVCAsanB3lAcIpgTTcYE"', 'Vary': 'Accept-Encoding', 'Content-Encoding': 'gzip', 'CF-Cache-Status': 'DYNAMIC', 'Report-To': '{"endpoints":[{"url":"https:\\/\\/a.nel.cloudflare.com\\/report\\/v4?s=X1YO7y5%2FdWgFT1ACDa9nnPZ04moO95DCwiElTmjcCaUngRYhbn%2FawmzqBnbojjbV8vRH0qQo%2BkH3WS0ZDA3T4hIRIu6AKF8O%2F6BDViDe2t4knpgOb8AB9pDAUbBAAM5X"}],"group":"cf-nel","max_age":604800}', 'NEL': '{"success_fraction":0,"report_to":"cf-nel","max_age":604800}', 'Server': 'cloudflare', 'CF-RAY': '8a62305cbdeb3950-IAD', 'alt-svc': 'h3=":443"; ma=86400'} 
 body={"results":[{"gender":"male","name":{"title":"Mr","first":"Ratimir","last":"Novaković"},"location":{"street":{"number":3914,"name":"Bardosanska"},"city":"Opovo","state":"Kolubara","country":"Serbia","postcode":29734,"coordinates":{"latitude":"63.6214","longitude":"-158.6800"},"timezone":{"offset":"+1:00","description":"Brussels, Copenhagen, Madrid, Paris"}},"email":"ratimir.novakovic@example.com","login":{"uuid":"a7760923-1a5a-4f57-b795-91ad5af6330a","username":"organicgoose611","password":"impreza","salt":"gQvO9xDm","md5":"1a933313d874b7fe03487b97028aeaad","sha1":"68a5a9198937a21a7f72d71bbfde06d83c7a556b","sha256":"d7abec4a0e446e9502899b918c29a82ebe3612ada9a5a4961e0de3a4dfb2a614"},"dob":{"date":"1950-10-03T10:10:50.144Z","age":73},"registered":{"date":"2015-04-16T23:28:16.193Z","age":9},"phone":"016-9422-066","cell":"069-6421-765","id":{"name":"SID","value":"596193691"},"picture":{"large":"https://randomuser.me/api/portraits/men/85.jpg","medium":"https://randomuser.me/api/portraits/med/men/85.jpg","thumbnail":"https://randomuser.me/api/portraits/thumb/men/85.jpg"},"nat":"RS"}],"info":{"seed":"089e43cd2c1ccc5f","results":1,"page":1,"version":"1.4"}} 
 </msg>
<msg time="2024-07-20T10:15:14.766294" level="INFO">/opt/hostedtoolcache/Python/3.12.4/x64/lib/python3.12/site-packages/urllib3/connectionpool.py:1099: InsecureRequestWarning: Unverified HTTPS request is being made to host 'randomuser.me'. Adding certificate verification is strongly advised. See: https://urllib3.readthedocs.io/en/latest/advanced-usage.html#tls-warnings
  warnings.warn(</msg>
<msg time="2024-07-20T10:15:14.766421" level="INFO">${response} = &lt;Response [200]&gt;</msg>
<var>${response}</var>
<arg>consultarAPI</arg>
<arg>/api</arg>
<doc>Sends a GET request on a previously created HTTP Session.</doc>
<status status="PASS" start="2024-07-20T10:15:14.674127" elapsed="0.092342"/>
</kw>
<kw name="Set Variable" owner="BuiltIn">
<msg time="2024-07-20T10:15:14.767626" level="INFO">${json_data} = {'results': [{'gender': 'male', 'name': {'title': 'Mr', 'first': 'Ratimir', 'last': 'Novaković'}, 'location': {'street': {'number': 3914, 'name': 'Bardosanska'}, 'city': 'Opovo', 'state': 'Kolubara', ...</msg>
<var>${json_data}</var>
<arg>${response.json()}</arg>
<doc>Returns the given values which can then be assigned to a variables.</doc>
<status status="PASS" start="2024-07-20T10:15:14.767060" elapsed="0.000597"/>
</kw>
<kw name="Log" owner="BuiltIn">
<msg time="2024-07-20T10:15:14.768124" level="INFO">{'results': [{'gender': 'male', 'name': {'title': 'Mr', 'first': 'Ratimir', 'last': 'Novaković'}, 'location': {'street': {'number': 3914, 'name': 'Bardosanska'}, 'city': 'Opovo', 'state': 'Kolubara', 'country': 'Serbia', 'postcode': 29734, 'coordinates': {'latitude': '63.6214', 'longitude': '-158.6800'}, 'timezone': {'offset': '+1:00', 'description': 'Brussels, Copenhagen, Madrid, Paris'}}, 'email': 'ratimir.novakovic@example.com', 'login': {'uuid': 'a7760923-1a5a-4f57-b795-91ad5af6330a', 'username': 'organicgoose611', 'password': 'impreza', 'salt': 'gQvO9xDm', 'md5': '1a933313d874b7fe03487b97028aeaad', 'sha1': '68a5a9198937a21a7f72d71bbfde06d83c7a556b', 'sha256': 'd7abec4a0e446e9502899b918c29a82ebe3612ada9a5a4961e0de3a4dfb2a614'}, 'dob': {'date': '1950-10-03T10:10:50.144Z', 'age': 73}, 'registered': {'date': '2015-04-16T23:28:16.193Z', 'age': 9}, 'phone': '016-9422-066', 'cell': '069-6421-765', 'id': {'name': 'SID', 'value': '596193691'}, 'picture': {'large': 'https://randomuser.me/api/portraits/men/85.jpg', 'medium': 'https://randomuser.me/api/portraits/med/men/85.jpg', 'thumbnail': 'https://randomuser.me/api/portraits/thumb/men/85.jpg'}, 'nat': 'RS'}], 'info': {'seed': '089e43cd2c1ccc5f', 'results': 1, 'page': 1, 'version': '1.4'}}</msg>
<arg>${json_data}</arg>
<doc>Logs the given message with the given level.</doc>
<status status="PASS" start="2024-07-20T10:15:14.767964" elapsed="0.000208"/>
</kw>
<kw name="Should Be Equal As Numbers" owner="BuiltIn">
<arg>${json_data['results'][0]['location']['postcode']}</arg>
<arg>${json_data['results'][0]['location']['postcode']}</arg>
<doc>Fails if objects are unequal after converting them to real numbers.</doc>
<status status="PASS" start="2024-07-20T10:15:14.768462" elapsed="0.000614"/>
</kw>
<kw name="Log" owner="BuiltIn">
<msg time="2024-07-20T10:15:14.769658" level="INFO">29734</msg>
<arg>${json_data['results'][0]['location']['postcode']}</arg>
<doc>Logs the given message with the given level.</doc>
<status status="PASS" start="2024-07-20T10:15:14.769322" elapsed="0.000377"/>
</kw>
<status status="PASS" start="2024-07-20T10:15:14.673909" elapsed="0.096043"/>
</kw>
<doc>Testa se os tipos de dados na resposta da API estão corretos.</doc>
<tag>testeTiposDados</tag>
<status status="PASS" start="2024-07-20T10:15:14.628019" elapsed="0.142130"/>
</test>
<test id="s1-s1-t5" name="Validar conteudo" line="35">
<kw name="Teste de Tipos de Conteudo" owner="random-user-service">
<kw name="GET On Session" owner="RequestsLibrary">
<msg time="2024-07-20T10:15:14.869461" level="INFO">GET Request : url=https://randomuser.me/api 
 path_url=/api 
 headers={'User-Agent': 'python-requests/2.32.3', 'Accept-Encoding': 'gzip, deflate', 'Accept': '*/*', 'Connection': 'keep-alive'} 
 body=None 
 </msg>
<msg time="2024-07-20T10:15:14.869546" level="INFO">GET Response : url=https://randomuser.me/api 
 status=200, reason=OK 
 headers={'Date': 'Sat, 20 Jul 2024 10:15:14 GMT', 'Content-Type': 'application/json; charset=utf-8', 'Transfer-Encoding': 'chunked', 'Connection': 'keep-alive', 'X-Powered-By': 'Express', 'Access-Control-Allow-Origin': '*', 'Cache-Control': 'no-cache', 'ETag': 'W/"48d-6O4947gaOldEPcth98aSDVANVQw"', 'Vary': 'Accept-Encoding', 'Content-Encoding': 'gzip', 'CF-Cache-Status': 'DYNAMIC', 'Report-To': '{"endpoints":[{"url":"https:\\/\\/a.nel.cloudflare.com\\/report\\/v4?s=mal4O04zRDcSVN3HuApIpl6jNYl%2FCmwsOIUTFSGGtBFnjCl0WEDtNKejzQdTp0FjCH6aCqazCZorJDr7SmQrI0f7auKdGGznKtj7ddtzxBRfMoTvNroF8VIhgSACes4s"}],"group":"cf-nel","max_age":604800}', 'NEL': '{"success_fraction":0,"report_to":"cf-nel","max_age":604800}', 'Server': 'cloudflare', 'CF-RAY': '8a62305d5e793950-IAD', 'alt-svc': 'h3=":443"; ma=86400'} 
 body={"results":[{"gender":"male","name":{"title":"Mr","first":"Cristian","last":"Ruiz"},"location":{"street":{"number":4548,"name":"Calle de Argumosa"},"city":"Ciudad Real","state":"Asturias","country":"Spain","postcode":70149,"coordinates":{"latitude":"-36.9466","longitude":"-41.1595"},"timezone":{"offset":"+5:30","description":"Bombay, Calcutta, Madras, New Delhi"}},"email":"cristian.ruiz@example.com","login":{"uuid":"3db7532a-643d-4a34-8958-707a9e0ec0bd","username":"goldenlion518","password":"milk","salt":"xpoYOmpG","md5":"52d1a6916afd33593d643b9d617f7263","sha1":"ed82d0a1cb36aae2b09c287d1cfd952cd369c680","sha256":"55abc5d668b37053141aab13b80687aed8c661db95b7df963431829fabc19104"},"dob":{"date":"1945-04-30T14:22:46.832Z","age":79},"registered":{"date":"2011-11-21T07:47:37.375Z","age":12},"phone":"958-097-078","cell":"637-194-834","id":{"name":"DNI","value":"89987357-F"},"picture":{"large":"https://randomuser.me/api/portraits/men/65.jpg","medium":"https://randomuser.me/api/portraits/med/men/65.jpg","thumbnail":"https://randomuser.me/api/portraits/thumb/men/65.jpg"},"nat":"ES"}],"info":{"seed":"1fe707b6283359fc","results":1,"page":1,"version":"1.4"}} 
 </msg>
<msg time="2024-07-20T10:15:14.869616" level="INFO">/opt/hostedtoolcache/Python/3.12.4/x64/lib/python3.12/site-packages/urllib3/connectionpool.py:1099: InsecureRequestWarning: Unverified HTTPS request is being made to host 'randomuser.me'. Adding certificate verification is strongly advised. See: https://urllib3.readthedocs.io/en/latest/advanced-usage.html#tls-warnings
  warnings.warn(</msg>
<msg time="2024-07-20T10:15:14.869733" level="INFO">${response} = &lt;Response [200]&gt;</msg>
<var>${response}</var>
<arg>consultarAPI</arg>
<arg>/api</arg>
<doc>Sends a GET request on a previously created HTTP Session.</doc>
<status status="PASS" start="2024-07-20T10:15:14.772657" elapsed="0.097126"/>
</kw>
<kw name="Set Variable" owner="BuiltIn">
<msg time="2024-07-20T10:15:14.870854" level="INFO">${json_data} = {'results': [{'gender': 'male', 'name': {'title': 'Mr', 'first': 'Cristian', 'last': 'Ruiz'}, 'location': {'street': {'number': 4548, 'name': 'Calle de Argumosa'}, 'city': 'Ciudad Real', 'state': 'Ast...</msg>
<var>${json_data}</var>
<arg>${response.json()}</arg>
<doc>Returns the given values which can then be assigned to a variables.</doc>
<status status="PASS" start="2024-07-20T10:15:14.870309" elapsed="0.000574"/>
</kw>
<kw name="Set Variable" owner="BuiltIn">
<msg time="2024-07-20T10:15:14.871571" level="INFO">${name_title} = Mr</msg>
<var>${name_title}</var>
<arg>${json_data["results"][0]["name"]["title"]}</arg>
<doc>Returns the given values which can then be assigned to a variables.</doc>
<status status="PASS" start="2024-07-20T10:15:14.871193" elapsed="0.000403"/>
</kw>
<kw name="Create List" owner="BuiltIn">
<msg time="2024-07-20T10:15:14.872046" level="INFO">${allowed_titles} = ['Mr', 'Ms', 'Miss', 'Mrs', 'Madame', 'Monsieur']</msg>
<var>${allowed_titles}</var>
<arg>Mr</arg>
<arg>Ms</arg>
<arg>Miss</arg>
<arg>Mrs</arg>
<arg>Madame</arg>
<arg>Monsieur</arg>
<doc>Returns a list containing given items.</doc>
<status status="PASS" start="2024-07-20T10:15:14.871899" elapsed="0.000171"/>
</kw>
<kw name="List Should Contain Value" owner="Collections">
<arg>${allowed_titles}</arg>
<arg>${name_title}</arg>
<doc>Fails if the ``value`` is not found from ``list``.</doc>
<status status="PASS" start="2024-07-20T10:15:14.872359" elapsed="0.000179"/>
</kw>
<kw name="Set Variable" owner="BuiltIn">
<msg time="2024-07-20T10:15:14.873084" level="INFO">${name_country} = ES</msg>
<var>${name_country}</var>
<arg>${json_data["results"][0]["nat"]}</arg>
<doc>Returns the given values which can then be assigned to a variables.</doc>
<status status="PASS" start="2024-07-20T10:15:14.872716" elapsed="0.000392"/>
</kw>
<kw name="Create List" owner="BuiltIn">
<msg time="2024-07-20T10:15:14.874038" level="INFO">${list_country} = ['AD', 'AE', 'AF', 'AG', 'AI', 'AL', 'AM', 'AO', 'AQ', 'AR', 'AS', 'AT', 'AU', 'AW', 'AX', 'AZ', 'BA', 'BB', 'BD', 'BE', 'BF', 'BG', 'BH', 'BI', 'BJ', 'BL', 'BM', 'BN', 'BO', 'BQ', 'BR', 'BS', 'BT', '...</msg>
<var>${list_country}</var>
<arg>AD</arg>
<arg>AE</arg>
<arg>AF</arg>
<arg>AG</arg>
<arg>AI</arg>
<arg>AL</arg>
<arg>AM</arg>
<arg>AO</arg>
<arg>AQ</arg>
<arg>AR</arg>
<arg>AS</arg>
<arg>AT</arg>
<arg>AU</arg>
<arg>AW</arg>
<arg>AX</arg>
<arg>AZ</arg>
<arg>BA</arg>
<arg>BB</arg>
<arg>BD</arg>
<arg>BE</arg>
<arg>BF</arg>
<arg>BG</arg>
<arg>BH</arg>
<arg>BI</arg>
<arg>BJ</arg>
<arg>BL</arg>
<arg>BM</arg>
<arg>BN</arg>
<arg>BO</arg>
<arg>BQ</arg>
<arg>BR</arg>
<arg>BS</arg>
<arg>BT</arg>
<arg>BV</arg>
<arg>BW</arg>
<arg>BY</arg>
<arg>BZ</arg>
<arg>CA</arg>
<arg>CC</arg>
<arg>CD</arg>
<arg>CF</arg>
<arg>CG</arg>
<arg>CH</arg>
<arg>CI</arg>
<arg>CK</arg>
<arg>CL</arg>
<arg>CM</arg>
<arg>CN</arg>
<arg>CO</arg>
<arg>CR</arg>
<arg>CU</arg>
<arg>CV</arg>
<arg>CW</arg>
<arg>CX</arg>
<arg>CY</arg>
<arg>CZ</arg>
<arg>DE</arg>
<arg>DJ</arg>
<arg>DK</arg>
<arg>DM</arg>
<arg>DO</arg>
<arg>DZ</arg>
<arg>EC</arg>
<arg>EE</arg>
<arg>EG</arg>
<arg>EH</arg>
<arg>ER</arg>
<arg>ES</arg>
<arg>ET</arg>
<arg>FI</arg>
<arg>FJ</arg>
<arg>FK</arg>
<arg>FM</arg>
<arg>FO</arg>
<arg>FR</arg>
<arg>GA</arg>
<arg>GB</arg>
<arg>GD</arg>
<arg>GE</arg>
<arg>GF</arg>
<arg>GG</arg>
<arg>GH</arg>
<arg>GI</arg>
<arg>GL</arg>
<arg>GM</arg>
<arg>GN</arg>
<arg>GP</arg>
<arg>GQ</arg>
<arg>GR</arg>
<arg>GS</arg>
<arg>GT</arg>
<arg>GU</arg>
<arg>GW</arg>
<arg>GY</arg>
<arg>HK</arg>
<arg>HM</arg>
<arg>HN</arg>
<arg>HR</arg>
<arg>HT</arg>
<arg>HU</arg>
<arg>ID</arg>
<arg>IE</arg>
<arg>IL</arg>
<arg>IM</arg>
<arg>IN</arg>
<arg>IO</arg>
<arg>IQ</arg>
<arg>IR</arg>
<arg>IS</arg>
<arg>IT</arg>
<arg>JE</arg>
<arg>JM</arg>
<arg>JO</arg>
<arg>JP</arg>
<arg>KE</arg>
<arg>KG</arg>
<arg>KH</arg>
<arg>KI</arg>
<arg>KM</arg>
<arg>KN</arg>
<arg>KP</arg>
<arg>KR</arg>
<arg>KW</arg>
<arg>KY</arg>
<arg>KZ</arg>
<arg>LA</arg>
<arg>LB</arg>
<arg>LC</arg>
<arg>LI</arg>
<arg>LK</arg>
<arg>LR</arg>
<arg>LS</arg>
<arg>LT</arg>
<arg>LU</arg>
<arg>LV</arg>
<arg>LY</arg>
<arg>MA</arg>
<arg>MC</arg>
<arg>MD</arg>
<arg>ME</arg>
<arg>MF</arg>
<arg>MG</arg>
<arg>MH</arg>
<arg>MK</arg>
<arg>ML</arg>
<arg>MM</arg>
<arg>MN</arg>
<arg>MO</arg>
<arg>MP</arg>
<arg>MQ</arg>
<arg>MR</arg>
<arg>MS</arg>
<arg>MT</arg>
<arg>MU</arg>
<arg>MV</arg>
<arg>MW</arg>
<arg>MX</arg>
<arg>MY</arg>
<arg>MZ</arg>
<arg>NA</arg>
<arg>NC</arg>
<arg>NE</arg>
<arg>NF</arg>
<arg>NG</arg>
<arg>NI</arg>
<arg>NL</arg>
<arg>NO</arg>
<arg>NP</arg>
<arg>NR</arg>
<arg>NU</arg>
<arg>NZ</arg>
<arg>OM</arg>
<arg>PA</arg>
<arg>PE</arg>
<arg>PF</arg>
<arg>PG</arg>
<arg>PH</arg>
<arg>PK</arg>
<arg>PL</arg>
<arg>PM</arg>
<arg>PN</arg>
<arg>PR</arg>
<arg>PS</arg>
<arg>PT</arg>
<arg>PW</arg>
<arg>PY</arg>
<arg>QA</arg>
<arg>RE</arg>
<arg>RO</arg>
<arg>RS</arg>
<arg>RU</arg>
<arg>RW</arg>
<arg>SA</arg>
<arg>SB</arg>
<arg>SC</arg>
<arg>SD</arg>
<arg>SE</arg>
<arg>SG</arg>
<arg>SH</arg>
<arg>SI</arg>
<arg>SJ</arg>
<arg>SK</arg>
<arg>SL</arg>
<arg>SM</arg>
<arg>SN</arg>
<arg>SO</arg>
<arg>SR</arg>
<arg>SS</arg>
<arg>ST</arg>
<arg>SV</arg>
<arg>SX</arg>
<arg>SY</arg>
<arg>SZ</arg>
<arg>TC</arg>
<arg>TD</arg>
<arg>TF</arg>
<arg>TG</arg>
<arg>TH</arg>
<arg>TJ</arg>
<arg>TK</arg>
<arg>TL</arg>
<arg>TM</arg>
<arg>TN</arg>
<arg>TO</arg>
<arg>TR</arg>
<arg>TT</arg>
<arg>TV</arg>
<arg>TW</arg>
<arg>TZ</arg>
<arg>UA</arg>
<arg>UG</arg>
<arg>UM</arg>
<arg>US</arg>
<arg>UY</arg>
<arg>UZ</arg>
<arg>VA</arg>
<arg>VC</arg>
<arg>VE</arg>
<arg>VG</arg>
<arg>VI</arg>
<arg>VN</arg>
<arg>VU</arg>
<arg>WF</arg>
<arg>WS</arg>
<arg>XK</arg>
<arg>YE</arg>
<arg>YT</arg>
<arg>ZA</arg>
<arg>ZM</arg>
<arg>ZW</arg>
<doc>Returns a list containing given items.</doc>
<status status="PASS" start="2024-07-20T10:15:14.873447" elapsed="0.000618"/>
</kw>
<kw name="List Should Contain Value" owner="Collections">
<arg>${list_country}</arg>
<arg>${name_country}</arg>
<doc>Fails if the ``value`` is not found from ``list``.</doc>
<status status="PASS" start="2024-07-20T10:15:14.875015" elapsed="0.000205"/>
</kw>
<kw name="Run Keyword If" owner="BuiltIn">
<kw name="Should Be True" owner="BuiltIn">
<arg>${True}</arg>
<doc>Fails if the given condition is not true.</doc>
<status status="PASS" start="2024-07-20T10:15:14.876153" elapsed="0.000141"/>
</kw>
<arg>${json_data["results"][0]["location"]["coordinates"]["latitude"]} &gt;= -90 and ${json_data["results"][0]["location"]["coordinates"]["latitude"]} &lt;= 90</arg>
<arg>Should Be True</arg>
<arg>${True}</arg>
<doc>Runs the given keyword with the given arguments, if ``condition`` is true.</doc>
<status status="PASS" start="2024-07-20T10:15:14.875417" elapsed="0.001001"/>
</kw>
<kw name="Run Keyword If" owner="BuiltIn">
<kw name="Should Be True" owner="BuiltIn">
<arg>${True}</arg>
<doc>Fails if the given condition is not true.</doc>
<status status="PASS" start="2024-07-20T10:15:14.877329" elapsed="0.000140"/>
</kw>
<arg>${json_data["results"][0]["location"]["coordinates"]["longitude"]} &gt;= -180 and ${json_data["results"][0]["location"]["coordinates"]["longitude"]} &lt;= 180</arg>
<arg>Should Be True</arg>
<arg>${True}</arg>
<doc>Runs the given keyword with the given arguments, if ``condition`` is true.</doc>
<status status="PASS" start="2024-07-20T10:15:14.876600" elapsed="0.000992"/>
</kw>
<status status="PASS" start="2024-07-20T10:15:14.772440" elapsed="0.105281"/>
</kw>
<doc>Testa o conteúdo específico dos campos retornados pela API.</doc>
<tag>testeConteudo</tag>
<status status="PASS" start="2024-07-20T10:15:14.771919" elapsed="0.105946"/>
</test>
<status status="PASS" start="2024-07-20T10:15:13.564388" elapsed="1.315422"/>
</suite>
<status status="PASS" start="2024-07-20T10:15:13.550121" elapsed="1.334685"/>
</suite>
<statistics>
<total>
<stat pass="5" fail="0" skip="0">All Tests</stat>
</total>
<tag>
<stat pass="1" fail="0" skip="0">testeConteudo</stat>
<stat pass="1" fail="0" skip="0">testeEstruturaResposta</stat>
<stat pass="1" fail="0" skip="0">testeRequisicaoBasica</stat>
<stat pass="1" fail="0" skip="0">testeTiposDados</stat>
</tag>
<suite>
<stat pass="5" fail="0" skip="0" id="s1" name="Tests">Tests</stat>
<stat pass="5" fail="0" skip="0" id="s1-s1" name="Random-User-Test">Tests.Random-User-Test</stat>
</suite>
</statistics>
<errors>
</errors>
</robot>
