<?xml version="1.0" encoding="UTF-8"?>
<robot generator="Robot 7.0.1 (Python 3.12.3 on linux)" generated="2024-06-17T05:18:05.360163" rpa="false" schemaversion="5">
<suite id="s1" name="Tests" source="/home/runner/work/ApiRandomUser/ApiRandomUser/RamdonUser/tests">
<suite id="s1-s1" name="Random-User-Test" source="/home/runner/work/ApiRandomUser/ApiRandomUser/RamdonUser/tests/random-user-test.robot">
<test id="s1-s1-t1" name="Conectar" line="13">
<kw name="Conectar API" owner="random-user-service">
<kw name="Create Session" owner="RequestsLibrary">
<msg time="2024-06-17T05:18:05.767622" level="INFO">Creating Session using : alias=consultarAPI, url=https://randomuser.me/, headers={},                     cookies={}, auth=None, timeout=None, proxies=None, verify=False,                     debug=0 </msg>
<arg>consultarAPI</arg>
<arg>${URL}</arg>
<doc>Create Session: create a HTTP session to a server</doc>
<status status="PASS" start="2024-06-17T05:18:05.767418" elapsed="0.000387"/>
</kw>
<status status="PASS" start="2024-06-17T05:18:05.766353" elapsed="0.001825"/>
</kw>
<status status="PASS" start="2024-06-17T05:18:05.765786" elapsed="0.002592"/>
</test>
<test id="s1-s1-t2" name="Validar retorno 200 e JSON Válido" line="16">
<kw name="Teste de Requisicao Basica" owner="random-user-service">
<kw name="GET On Session" owner="RequestsLibrary">
<msg time="2024-06-17T05:18:06.001449" level="INFO">GET Request : url=https://randomuser.me/api 
 path_url=/api 
 headers={'User-Agent': 'python-requests/2.32.3', 'Accept-Encoding': 'gzip, deflate', 'Accept': '*/*', 'Connection': 'keep-alive'} 
 body=None 
 </msg>
<msg time="2024-06-17T05:18:06.001636" level="INFO">GET Response : url=https://randomuser.me/api 
 status=200, reason=OK 
 headers={'Date': 'Mon, 17 Jun 2024 05:18:05 GMT', 'Content-Type': 'application/json; charset=utf-8', 'Transfer-Encoding': 'chunked', 'Connection': 'keep-alive', 'X-Powered-By': 'Express', 'Access-Control-Allow-Origin': '*', 'Cache-Control': 'no-cache', 'ETag': 'W/"495-yoVD+M4faMWy3OHRZzmbvbB02KY"', 'Vary': 'Accept-Encoding', 'Content-Encoding': 'gzip', 'CF-Cache-Status': 'DYNAMIC', 'Report-To': '{"endpoints":[{"url":"https:\\/\\/a.nel.cloudflare.com\\/report\\/v4?s=qaxoKSNYSgyhoD1AfWC9qjHkcOJdujkPMULlvV8qo9Px1ZzUYHnLlD4kbgMH94%2FfccddKz2PgZ0rqHchxZF64BtEy7wjXMszcCtuhcITn86wWZWCLkJDTnzkO2uifFoq"}],"group":"cf-nel","max_age":604800}', 'NEL': '{"success_fraction":0,"report_to":"cf-nel","max_age":604800}', 'Server': 'cloudflare', 'CF-RAY': '895093b649d1222c-ORD', 'alt-svc': 'h3=":443"; ma=86400'} 
 body={"results":[{"gender":"male","name":{"title":"Mr","first":"Douglas","last":"Snyder"},"location":{"street":{"number":3704,"name":"Timber Wolf Trail"},"city":"Tempe","state":"Tennessee","country":"United States","postcode":21557,"coordinates":{"latitude":"85.5256","longitude":"-71.3171"},"timezone":{"offset":"+4:00","description":"Abu Dhabi, Muscat, Baku, Tbilisi"}},"email":"douglas.snyder@example.com","login":{"uuid":"4da5ded2-10a0-493d-a1b5-5fc91c1ec194","username":"sadgoose402","password":"beardog","salt":"hdQbLo1A","md5":"5dd4c54b355bdf9c0ea5572c688b5505","sha1":"bb4853c06417f8aa14da33823193efc8f2876594","sha256":"751df6b5e57e62d267d5496fe34c397a716f88ab8dcb64f5603deb8b8a5e4e72"},"dob":{"date":"1998-05-11T16:50:05.356Z","age":26},"registered":{"date":"2017-05-22T03:51:23.033Z","age":7},"phone":"(270) 971-6306","cell":"(860) 644-4209","id":{"name":"SSN","value":"417-95-1407"},"picture":{"large":"https://randomuser.me/api/portraits/men/61.jpg","medium":"https://randomuser.me/api/portraits/med/men/61.jpg","thumbnail":"https://randomuser.me/api/portraits/thumb/men/61.jpg"},"nat":"US"}],"info":{"seed":"e41870ac3b9e6fde","results":1,"page":1,"version":"1.4"}} 
 </msg>
<msg time="2024-06-17T05:18:06.001734" level="INFO">/opt/hostedtoolcache/Python/3.12.3/x64/lib/python3.12/site-packages/urllib3/connectionpool.py:1103: InsecureRequestWarning: Unverified HTTPS request is being made to host 'randomuser.me'. Adding certificate verification is strongly advised. See: https://urllib3.readthedocs.io/en/latest/advanced-usage.html#tls-warnings
  warnings.warn(</msg>
<msg time="2024-06-17T05:18:06.001880" level="INFO">${response} = &lt;Response [200]&gt;</msg>
<var>${response}</var>
<arg>consultarAPI</arg>
<arg>/api</arg>
<doc>Sends a GET request on a previously created HTTP Session.</doc>
<status status="PASS" start="2024-06-17T05:18:05.771018" elapsed="0.230920"/>
</kw>
<kw name="Should Be Equal As Numbers" owner="BuiltIn">
<msg time="2024-06-17T05:18:06.003011" level="INFO">Argument types are:
&lt;class 'int'&gt;
&lt;class 'str'&gt;</msg>
<arg>${response.status_code}</arg>
<arg>200</arg>
<doc>Fails if objects are unequal after converting them to real numbers.</doc>
<status status="PASS" start="2024-06-17T05:18:06.002522" elapsed="0.000561"/>
</kw>
<kw name="Log" owner="BuiltIn">
<msg time="2024-06-17T05:18:06.003860" level="INFO">200</msg>
<arg>${response.status_code}</arg>
<doc>Logs the given message with the given level.</doc>
<status status="PASS" start="2024-06-17T05:18:06.003480" elapsed="0.000431"/>
</kw>
<kw name="Set Variable" owner="BuiltIn">
<msg time="2024-06-17T05:18:06.004692" level="INFO">${json_data} = {'results': [{'gender': 'male', 'name': {'title': 'Mr', 'first': 'Douglas', 'last': 'Snyder'}, 'location': {'street': {'number': 3704, 'name': 'Timber Wolf Trail'}, 'city': 'Tempe', 'state': 'Tennesse...</msg>
<var>${json_data}</var>
<arg>${response.json()}</arg>
<doc>Returns the given values which can then be assigned to a variables.</doc>
<status status="PASS" start="2024-06-17T05:18:06.004240" elapsed="0.000481"/>
</kw>
<kw name="Dictionary Should Contain Key" owner="Collections">
<arg>${json_data}</arg>
<arg>results</arg>
<doc>Fails if ``key`` is not found from ``dictionary``.</doc>
<status status="PASS" start="2024-06-17T05:18:06.005035" elapsed="0.000172"/>
</kw>
<status status="PASS" start="2024-06-17T05:18:05.770774" elapsed="0.234646"/>
</kw>
<doc>Testa se a API responde corretamente e retorna um objeto JSON válido.</doc>
<tag>testeRequisicaoBasica</tag>
<status status="PASS" start="2024-06-17T05:18:05.770295" elapsed="0.235308"/>
</test>
<test id="s1-s1-t3" name="Validar estrutura de resposta" line="22">
<kw name="Teste de Estrutura de Resposta" owner="random-user-service">
<kw name="GET On Session" owner="RequestsLibrary">
<msg time="2024-06-17T05:18:06.053890" level="INFO">GET Request : url=https://randomuser.me/api 
 path_url=/api 
 headers={'User-Agent': 'python-requests/2.32.3', 'Accept-Encoding': 'gzip, deflate', 'Accept': '*/*', 'Connection': 'keep-alive'} 
 body=None 
 </msg>
<msg time="2024-06-17T05:18:06.053960" level="INFO">GET Response : url=https://randomuser.me/api 
 status=200, reason=OK 
 headers={'Date': 'Mon, 17 Jun 2024 05:18:06 GMT', 'Content-Type': 'application/json; charset=utf-8', 'Transfer-Encoding': 'chunked', 'Connection': 'keep-alive', 'X-Powered-By': 'Express', 'Access-Control-Allow-Origin': '*', 'Cache-Control': 'no-cache', 'ETag': 'W/"49f-JXAp2JjVXELtXFDzJUxuq9oleWo"', 'Vary': 'Accept-Encoding', 'Content-Encoding': 'gzip', 'CF-Cache-Status': 'DYNAMIC', 'Report-To': '{"endpoints":[{"url":"https:\\/\\/a.nel.cloudflare.com\\/report\\/v4?s=RFMUSFpj4XMDxwpCXXG8xNNB6iWO95XF5cVQZhRzcSE%2BX3yuclk4JaKRrQPzgJQxbjDt%2FQ2WRxUiGUPZka7zcfML7Fr%2BU2YWq%2FHlSG7FsBvOzuTup82YzeCT%2FMWN%2BkcX"}],"group":"cf-nel","max_age":604800}', 'NEL': '{"success_fraction":0,"report_to":"cf-nel","max_age":604800}', 'Server': 'cloudflare', 'CF-RAY': '895093b78b15222c-ORD', 'alt-svc': 'h3=":443"; ma=86400'} 
 body={"results":[{"gender":"female","name":{"title":"Ms","first":"Namratha","last":"Belligatti"},"location":{"street":{"number":9979,"name":"China Bazaar Rd"},"city":"Kolkata","state":"Nagaland","country":"India","postcode":62780,"coordinates":{"latitude":"8.7169","longitude":"42.0367"},"timezone":{"offset":"+3:00","description":"Baghdad, Riyadh, Moscow, St. Petersburg"}},"email":"namratha.belligatti@example.com","login":{"uuid":"72b8f28b-95f6-4239-b848-0ab90343d759","username":"orangebear697","password":"darkness","salt":"t7zhoLoI","md5":"509eae44289b43c710cf180e45898741","sha1":"e6039b0e959ac25104e695949c442e0aca0978d4","sha256":"8da2497d0be9a0cf8d0891524fb3f753d2e83fa82eaccf1833614d515421bc48"},"dob":{"date":"1984-06-04T01:19:53.077Z","age":40},"registered":{"date":"2013-11-09T21:46:17.089Z","age":10},"phone":"7228435240","cell":"8248271757","id":{"name":"UIDAI","value":"229441393668"},"picture":{"large":"https://randomuser.me/api/portraits/women/1.jpg","medium":"https://randomuser.me/api/portraits/med/women/1.jpg","thumbnail":"https://randomuser.me/api/portraits/thumb/women/1.jpg"},"nat":"IN"}],"info":{"seed":"0b8ed65bdb7128a4","results":1,"page":1,"version":"1.4"}} 
 </msg>
<msg time="2024-06-17T05:18:06.054079" level="INFO">/opt/hostedtoolcache/Python/3.12.3/x64/lib/python3.12/site-packages/urllib3/connectionpool.py:1103: InsecureRequestWarning: Unverified HTTPS request is being made to host 'randomuser.me'. Adding certificate verification is strongly advised. See: https://urllib3.readthedocs.io/en/latest/advanced-usage.html#tls-warnings
  warnings.warn(</msg>
<msg time="2024-06-17T05:18:06.054177" level="INFO">${response} = &lt;Response [200]&gt;</msg>
<var>${response}</var>
<arg>consultarAPI</arg>
<arg>/api</arg>
<doc>Sends a GET request on a previously created HTTP Session.</doc>
<status status="PASS" start="2024-06-17T05:18:06.008425" elapsed="0.045785"/>
</kw>
<kw name="Set Variable" owner="BuiltIn">
<msg time="2024-06-17T05:18:06.055064" level="INFO">${json_data} = {'results': [{'gender': 'female', 'name': {'title': 'Ms', 'first': 'Namratha', 'last': 'Belligatti'}, 'location': {'street': {'number': 9979, 'name': 'China Bazaar Rd'}, 'city': 'Kolkata', 'state': 'N...</msg>
<var>${json_data}</var>
<arg>${response.json()}</arg>
<doc>Returns the given values which can then be assigned to a variables.</doc>
<status status="PASS" start="2024-06-17T05:18:06.054612" elapsed="0.000481"/>
</kw>
<kw name="Log" owner="BuiltIn">
<msg time="2024-06-17T05:18:06.055557" level="INFO">{'results': [{'gender': 'female', 'name': {'title': 'Ms', 'first': 'Namratha', 'last': 'Belligatti'}, 'location': {'street': {'number': 9979, 'name': 'China Bazaar Rd'}, 'city': 'Kolkata', 'state': 'Nagaland', 'country': 'India', 'postcode': 62780, 'coordinates': {'latitude': '8.7169', 'longitude': '42.0367'}, 'timezone': {'offset': '+3:00', 'description': 'Baghdad, Riyadh, Moscow, St. Petersburg'}}, 'email': 'namratha.belligatti@example.com', 'login': {'uuid': '72b8f28b-95f6-4239-b848-0ab90343d759', 'username': 'orangebear697', 'password': 'darkness', 'salt': 't7zhoLoI', 'md5': '509eae44289b43c710cf180e45898741', 'sha1': 'e6039b0e959ac25104e695949c442e0aca0978d4', 'sha256': '8da2497d0be9a0cf8d0891524fb3f753d2e83fa82eaccf1833614d515421bc48'}, 'dob': {'date': '1984-06-04T01:19:53.077Z', 'age': 40}, 'registered': {'date': '2013-11-09T21:46:17.089Z', 'age': 10}, 'phone': '7228435240', 'cell': '8248271757', 'id': {'name': 'UIDAI', 'value': '229441393668'}, 'picture': {'large': 'https://randomuser.me/api/portraits/women/1.jpg', 'medium': 'https://randomuser.me/api/portraits/med/women/1.jpg', 'thumbnail': 'https://randomuser.me/api/portraits/thumb/women/1.jpg'}, 'nat': 'IN'}], 'info': {'seed': '0b8ed65bdb7128a4', 'results': 1, 'page': 1, 'version': '1.4'}}</msg>
<arg>${json_data}</arg>
<doc>Logs the given message with the given level.</doc>
<status status="PASS" start="2024-06-17T05:18:06.055402" elapsed="0.000202"/>
</kw>
<kw name="Dictionary Should Contain Key" owner="Collections">
<arg>${json_data}</arg>
<arg>results</arg>
<doc>Fails if ``key`` is not found from ``dictionary``.</doc>
<status status="PASS" start="2024-06-17T05:18:06.055896" elapsed="0.000159"/>
</kw>
<kw name="Should Not Be Empty" owner="BuiltIn">
<msg time="2024-06-17T05:18:06.056365" level="INFO">Length is 2.</msg>
<arg>${json_data}</arg>
<doc>Verifies that the given item is not empty.</doc>
<status status="PASS" start="2024-06-17T05:18:06.056241" elapsed="0.000161"/>
</kw>
<kw name="Create List" owner="BuiltIn">
<msg time="2024-06-17T05:18:06.056835" level="INFO">${expected_keys} = ['gender', 'name', 'location', 'email', 'login']</msg>
<var>${expected_keys}</var>
<arg>gender</arg>
<arg>name</arg>
<arg>location</arg>
<arg>email</arg>
<arg>login</arg>
<doc>Returns a list containing given items.</doc>
<status status="PASS" start="2024-06-17T05:18:06.056687" elapsed="0.000172"/>
</kw>
<for flavor="IN">
<iter>
<kw name="Dictionary Should Contain Key" owner="Collections">
<arg>${json_data['results'][0]}</arg>
<arg>${key}</arg>
<doc>Fails if ``key`` is not found from ``dictionary``.</doc>
<status status="PASS" start="2024-06-17T05:18:06.057481" elapsed="0.000407"/>
</kw>
<kw name="Log" owner="BuiltIn">
<msg time="2024-06-17T05:18:06.058446" level="INFO">{'gender': 'female', 'name': {'title': 'Ms', 'first': 'Namratha', 'last': 'Belligatti'}, 'location': {'street': {'number': 9979, 'name': 'China Bazaar Rd'}, 'city': 'Kolkata', 'state': 'Nagaland', 'country': 'India', 'postcode': 62780, 'coordinates': {'latitude': '8.7169', 'longitude': '42.0367'}, 'timezone': {'offset': '+3:00', 'description': 'Baghdad, Riyadh, Moscow, St. Petersburg'}}, 'email': 'namratha.belligatti@example.com', 'login': {'uuid': '72b8f28b-95f6-4239-b848-0ab90343d759', 'username': 'orangebear697', 'password': 'darkness', 'salt': 't7zhoLoI', 'md5': '509eae44289b43c710cf180e45898741', 'sha1': 'e6039b0e959ac25104e695949c442e0aca0978d4', 'sha256': '8da2497d0be9a0cf8d0891524fb3f753d2e83fa82eaccf1833614d515421bc48'}, 'dob': {'date': '1984-06-04T01:19:53.077Z', 'age': 40}, 'registered': {'date': '2013-11-09T21:46:17.089Z', 'age': 10}, 'phone': '7228435240', 'cell': '8248271757', 'id': {'name': 'UIDAI', 'value': '229441393668'}, 'picture': {'large': 'https://randomuser.me/api/portraits/women/1.jpg', 'medium': 'https://randomuser.me/api/portraits/med/women/1.jpg', 'thumbnail': 'https://randomuser.me/api/portraits/thumb/women/1.jpg'}, 'nat': 'IN'}</msg>
<arg>${json_data['results'][0]}</arg>
<doc>Logs the given message with the given level.</doc>
<status status="PASS" start="2024-06-17T05:18:06.058083" elapsed="0.000412"/>
</kw>
<kw name="Log" owner="BuiltIn">
<msg time="2024-06-17T05:18:06.058925" level="INFO">gender</msg>
<arg>${key}</arg>
<doc>Logs the given message with the given level.</doc>
<status status="PASS" start="2024-06-17T05:18:06.058795" elapsed="0.000169"/>
</kw>
<var name="${key}">gender</var>
<status status="PASS" start="2024-06-17T05:18:06.057350" elapsed="0.001842"/>
</iter>
<iter>
<kw name="Dictionary Should Contain Key" owner="Collections">
<arg>${json_data['results'][0]}</arg>
<arg>${key}</arg>
<doc>Fails if ``key`` is not found from ``dictionary``.</doc>
<status status="PASS" start="2024-06-17T05:18:06.059496" elapsed="0.000389"/>
</kw>
<kw name="Log" owner="BuiltIn">
<msg time="2024-06-17T05:18:06.060463" level="INFO">{'gender': 'female', 'name': {'title': 'Ms', 'first': 'Namratha', 'last': 'Belligatti'}, 'location': {'street': {'number': 9979, 'name': 'China Bazaar Rd'}, 'city': 'Kolkata', 'state': 'Nagaland', 'country': 'India', 'postcode': 62780, 'coordinates': {'latitude': '8.7169', 'longitude': '42.0367'}, 'timezone': {'offset': '+3:00', 'description': 'Baghdad, Riyadh, Moscow, St. Petersburg'}}, 'email': 'namratha.belligatti@example.com', 'login': {'uuid': '72b8f28b-95f6-4239-b848-0ab90343d759', 'username': 'orangebear697', 'password': 'darkness', 'salt': 't7zhoLoI', 'md5': '509eae44289b43c710cf180e45898741', 'sha1': 'e6039b0e959ac25104e695949c442e0aca0978d4', 'sha256': '8da2497d0be9a0cf8d0891524fb3f753d2e83fa82eaccf1833614d515421bc48'}, 'dob': {'date': '1984-06-04T01:19:53.077Z', 'age': 40}, 'registered': {'date': '2013-11-09T21:46:17.089Z', 'age': 10}, 'phone': '7228435240', 'cell': '8248271757', 'id': {'name': 'UIDAI', 'value': '229441393668'}, 'picture': {'large': 'https://randomuser.me/api/portraits/women/1.jpg', 'medium': 'https://randomuser.me/api/portraits/med/women/1.jpg', 'thumbnail': 'https://randomuser.me/api/portraits/thumb/women/1.jpg'}, 'nat': 'IN'}</msg>
<arg>${json_data['results'][0]}</arg>
<doc>Logs the given message with the given level.</doc>
<status status="PASS" start="2024-06-17T05:18:06.060069" elapsed="0.000444"/>
</kw>
<kw name="Log" owner="BuiltIn">
<msg time="2024-06-17T05:18:06.060945" level="INFO">name</msg>
<arg>${key}</arg>
<doc>Logs the given message with the given level.</doc>
<status status="PASS" start="2024-06-17T05:18:06.060813" elapsed="0.000172"/>
</kw>
<var name="${key}">name</var>
<status status="PASS" start="2024-06-17T05:18:06.059383" elapsed="0.001821"/>
</iter>
<iter>
<kw name="Dictionary Should Contain Key" owner="Collections">
<arg>${json_data['results'][0]}</arg>
<arg>${key}</arg>
<doc>Fails if ``key`` is not found from ``dictionary``.</doc>
<status status="PASS" start="2024-06-17T05:18:06.061527" elapsed="0.000375"/>
</kw>
<kw name="Log" owner="BuiltIn">
<msg time="2024-06-17T05:18:06.062435" level="INFO">{'gender': 'female', 'name': {'title': 'Ms', 'first': 'Namratha', 'last': 'Belligatti'}, 'location': {'street': {'number': 9979, 'name': 'China Bazaar Rd'}, 'city': 'Kolkata', 'state': 'Nagaland', 'country': 'India', 'postcode': 62780, 'coordinates': {'latitude': '8.7169', 'longitude': '42.0367'}, 'timezone': {'offset': '+3:00', 'description': 'Baghdad, Riyadh, Moscow, St. Petersburg'}}, 'email': 'namratha.belligatti@example.com', 'login': {'uuid': '72b8f28b-95f6-4239-b848-0ab90343d759', 'username': 'orangebear697', 'password': 'darkness', 'salt': 't7zhoLoI', 'md5': '509eae44289b43c710cf180e45898741', 'sha1': 'e6039b0e959ac25104e695949c442e0aca0978d4', 'sha256': '8da2497d0be9a0cf8d0891524fb3f753d2e83fa82eaccf1833614d515421bc48'}, 'dob': {'date': '1984-06-04T01:19:53.077Z', 'age': 40}, 'registered': {'date': '2013-11-09T21:46:17.089Z', 'age': 10}, 'phone': '7228435240', 'cell': '8248271757', 'id': {'name': 'UIDAI', 'value': '229441393668'}, 'picture': {'large': 'https://randomuser.me/api/portraits/women/1.jpg', 'medium': 'https://randomuser.me/api/portraits/med/women/1.jpg', 'thumbnail': 'https://randomuser.me/api/portraits/thumb/women/1.jpg'}, 'nat': 'IN'}</msg>
<arg>${json_data['results'][0]}</arg>
<doc>Logs the given message with the given level.</doc>
<status status="PASS" start="2024-06-17T05:18:06.062089" elapsed="0.000393"/>
</kw>
<kw name="Log" owner="BuiltIn">
<msg time="2024-06-17T05:18:06.062900" level="INFO">location</msg>
<arg>${key}</arg>
<doc>Logs the given message with the given level.</doc>
<status status="PASS" start="2024-06-17T05:18:06.062774" elapsed="0.000162"/>
</kw>
<var name="${key}">location</var>
<status status="PASS" start="2024-06-17T05:18:06.061417" elapsed="0.001741"/>
</iter>
<iter>
<kw name="Dictionary Should Contain Key" owner="Collections">
<arg>${json_data['results'][0]}</arg>
<arg>${key}</arg>
<doc>Fails if ``key`` is not found from ``dictionary``.</doc>
<status status="PASS" start="2024-06-17T05:18:06.063443" elapsed="0.000381"/>
</kw>
<kw name="Log" owner="BuiltIn">
<msg time="2024-06-17T05:18:06.064361" level="INFO">{'gender': 'female', 'name': {'title': 'Ms', 'first': 'Namratha', 'last': 'Belligatti'}, 'location': {'street': {'number': 9979, 'name': 'China Bazaar Rd'}, 'city': 'Kolkata', 'state': 'Nagaland', 'country': 'India', 'postcode': 62780, 'coordinates': {'latitude': '8.7169', 'longitude': '42.0367'}, 'timezone': {'offset': '+3:00', 'description': 'Baghdad, Riyadh, Moscow, St. Petersburg'}}, 'email': 'namratha.belligatti@example.com', 'login': {'uuid': '72b8f28b-95f6-4239-b848-0ab90343d759', 'username': 'orangebear697', 'password': 'darkness', 'salt': 't7zhoLoI', 'md5': '509eae44289b43c710cf180e45898741', 'sha1': 'e6039b0e959ac25104e695949c442e0aca0978d4', 'sha256': '8da2497d0be9a0cf8d0891524fb3f753d2e83fa82eaccf1833614d515421bc48'}, 'dob': {'date': '1984-06-04T01:19:53.077Z', 'age': 40}, 'registered': {'date': '2013-11-09T21:46:17.089Z', 'age': 10}, 'phone': '7228435240', 'cell': '8248271757', 'id': {'name': 'UIDAI', 'value': '229441393668'}, 'picture': {'large': 'https://randomuser.me/api/portraits/women/1.jpg', 'medium': 'https://randomuser.me/api/portraits/med/women/1.jpg', 'thumbnail': 'https://randomuser.me/api/portraits/thumb/women/1.jpg'}, 'nat': 'IN'}</msg>
<arg>${json_data['results'][0]}</arg>
<doc>Logs the given message with the given level.</doc>
<status status="PASS" start="2024-06-17T05:18:06.064009" elapsed="0.000409"/>
</kw>
<kw name="Log" owner="BuiltIn">
<msg time="2024-06-17T05:18:06.064845" level="INFO">email</msg>
<arg>${key}</arg>
<doc>Logs the given message with the given level.</doc>
<status status="PASS" start="2024-06-17T05:18:06.064718" elapsed="0.000165"/>
</kw>
<var name="${key}">email</var>
<status status="PASS" start="2024-06-17T05:18:06.063335" elapsed="0.001764"/>
</iter>
<iter>
<kw name="Dictionary Should Contain Key" owner="Collections">
<arg>${json_data['results'][0]}</arg>
<arg>${key}</arg>
<doc>Fails if ``key`` is not found from ``dictionary``.</doc>
<status status="PASS" start="2024-06-17T05:18:06.065421" elapsed="0.000385"/>
</kw>
<kw name="Log" owner="BuiltIn">
<msg time="2024-06-17T05:18:06.066339" level="INFO">{'gender': 'female', 'name': {'title': 'Ms', 'first': 'Namratha', 'last': 'Belligatti'}, 'location': {'street': {'number': 9979, 'name': 'China Bazaar Rd'}, 'city': 'Kolkata', 'state': 'Nagaland', 'country': 'India', 'postcode': 62780, 'coordinates': {'latitude': '8.7169', 'longitude': '42.0367'}, 'timezone': {'offset': '+3:00', 'description': 'Baghdad, Riyadh, Moscow, St. Petersburg'}}, 'email': 'namratha.belligatti@example.com', 'login': {'uuid': '72b8f28b-95f6-4239-b848-0ab90343d759', 'username': 'orangebear697', 'password': 'darkness', 'salt': 't7zhoLoI', 'md5': '509eae44289b43c710cf180e45898741', 'sha1': 'e6039b0e959ac25104e695949c442e0aca0978d4', 'sha256': '8da2497d0be9a0cf8d0891524fb3f753d2e83fa82eaccf1833614d515421bc48'}, 'dob': {'date': '1984-06-04T01:19:53.077Z', 'age': 40}, 'registered': {'date': '2013-11-09T21:46:17.089Z', 'age': 10}, 'phone': '7228435240', 'cell': '8248271757', 'id': {'name': 'UIDAI', 'value': '229441393668'}, 'picture': {'large': 'https://randomuser.me/api/portraits/women/1.jpg', 'medium': 'https://randomuser.me/api/portraits/med/women/1.jpg', 'thumbnail': 'https://randomuser.me/api/portraits/thumb/women/1.jpg'}, 'nat': 'IN'}</msg>
<arg>${json_data['results'][0]}</arg>
<doc>Logs the given message with the given level.</doc>
<status status="PASS" start="2024-06-17T05:18:06.065995" elapsed="0.000391"/>
</kw>
<kw name="Log" owner="BuiltIn">
<msg time="2024-06-17T05:18:06.066912" level="INFO">login</msg>
<arg>${key}</arg>
<doc>Logs the given message with the given level.</doc>
<status status="PASS" start="2024-06-17T05:18:06.066680" elapsed="0.000271"/>
</kw>
<var name="${key}">login</var>
<status status="PASS" start="2024-06-17T05:18:06.065299" elapsed="0.001871"/>
</iter>
<var>${key}</var>
<value>@{expected_keys}</value>
<status status="PASS" start="2024-06-17T05:18:06.057127" elapsed="0.010166"/>
</for>
<kw name="Create List" owner="BuiltIn">
<msg time="2024-06-17T05:18:06.067652" level="INFO">${expected_keysTwo} = ['username', 'password']</msg>
<var>${expected_keysTwo}</var>
<arg>username</arg>
<arg>password</arg>
<doc>Returns a list containing given items.</doc>
<status status="PASS" start="2024-06-17T05:18:06.067514" elapsed="0.000163"/>
</kw>
<for flavor="IN">
<iter>
<kw name="Dictionary Should Contain Key" owner="Collections">
<arg>${json_data['results'][0]['login']}</arg>
<arg>${keyTwo}</arg>
<doc>Fails if ``key`` is not found from ``dictionary``.</doc>
<status status="PASS" start="2024-06-17T05:18:06.068181" elapsed="0.000380"/>
</kw>
<kw name="Dictionary Should Contain Key" owner="Collections">
<arg>${json_data['results'][0]['login']}</arg>
<arg>${keyTwo}</arg>
<doc>Fails if ``key`` is not found from ``dictionary``.</doc>
<status status="PASS" start="2024-06-17T05:18:06.068743" elapsed="0.000380"/>
</kw>
<kw name="Log" owner="BuiltIn">
<msg time="2024-06-17T05:18:06.069459" level="INFO">username</msg>
<arg>${keyTwo}</arg>
<doc>Logs the given message with the given level.</doc>
<status status="PASS" start="2024-06-17T05:18:06.069335" elapsed="0.000162"/>
</kw>
<var name="${keyTwo}">username</var>
<status status="PASS" start="2024-06-17T05:18:06.068072" elapsed="0.001647"/>
</iter>
<iter>
<kw name="Dictionary Should Contain Key" owner="Collections">
<arg>${json_data['results'][0]['login']}</arg>
<arg>${keyTwo}</arg>
<doc>Fails if ``key`` is not found from ``dictionary``.</doc>
<status status="PASS" start="2024-06-17T05:18:06.070010" elapsed="0.000370"/>
</kw>
<kw name="Dictionary Should Contain Key" owner="Collections">
<arg>${json_data['results'][0]['login']}</arg>
<arg>${keyTwo}</arg>
<doc>Fails if ``key`` is not found from ``dictionary``.</doc>
<status status="PASS" start="2024-06-17T05:18:06.070565" elapsed="0.000362"/>
</kw>
<kw name="Log" owner="BuiltIn">
<msg time="2024-06-17T05:18:06.071224" level="INFO">password</msg>
<arg>${keyTwo}</arg>
<doc>Logs the given message with the given level.</doc>
<status status="PASS" start="2024-06-17T05:18:06.071105" elapsed="0.000155"/>
</kw>
<var name="${keyTwo}">password</var>
<status status="PASS" start="2024-06-17T05:18:06.069901" elapsed="0.001579"/>
</iter>
<var>${keyTwo}</var>
<value>@{expected_keysTwo}</value>
<status status="PASS" start="2024-06-17T05:18:06.067916" elapsed="0.003688"/>
</for>
<status status="PASS" start="2024-06-17T05:18:06.008183" elapsed="0.063561"/>
</kw>
<doc>Testa a estrutura da resposta da API.</doc>
<tag>testeEstruturaResposta</tag>
<status status="PASS" start="2024-06-17T05:18:06.007481" elapsed="0.064414"/>
</test>
<test id="s1-s1-t4" name="Validar tipos de dados" line="28">
<kw name="Teste de Tipos de Dados" owner="random-user-service">
<kw name="GET On Session" owner="RequestsLibrary">
<msg time="2024-06-17T05:18:06.158201" level="INFO">GET Request : url=https://randomuser.me/api 
 path_url=/api 
 headers={'User-Agent': 'python-requests/2.32.3', 'Accept-Encoding': 'gzip, deflate', 'Accept': '*/*', 'Connection': 'keep-alive'} 
 body=None 
 </msg>
<msg time="2024-06-17T05:18:06.158290" level="INFO">GET Response : url=https://randomuser.me/api 
 status=200, reason=OK 
 headers={'Date': 'Mon, 17 Jun 2024 05:18:06 GMT', 'Content-Type': 'application/json; charset=utf-8', 'Transfer-Encoding': 'chunked', 'Connection': 'keep-alive', 'X-Powered-By': 'Express', 'Access-Control-Allow-Origin': '*', 'Cache-Control': 'no-cache', 'ETag': 'W/"498-U8rXiKHieepccRYrISqBKVERx7k"', 'Vary': 'Accept-Encoding', 'Content-Encoding': 'gzip', 'CF-Cache-Status': 'DYNAMIC', 'Report-To': '{"endpoints":[{"url":"https:\\/\\/a.nel.cloudflare.com\\/report\\/v4?s=kgOZfkJTLG1gpwojyORZQYlR5YKEbWk23mw7BzvZv2DHkKyN6rGzHbGfD0LiRIJdIVyhWJZ3Z9wPtCXFoGnUWKfn%2FQsBPAcijc3KdNKF%2Bs%2FzMOzX5n9BpDkEVV35cT9G"}],"group":"cf-nel","max_age":604800}', 'NEL': '{"success_fraction":0,"report_to":"cf-nel","max_age":604800}', 'Server': 'cloudflare', 'CF-RAY': '895093b7fb7e222c-ORD', 'alt-svc': 'h3=":443"; ma=86400'} 
 body={"results":[{"gender":"female","name":{"title":"Miss","first":"Amanda","last":"Hakola"},"location":{"street":{"number":3518,"name":"Hermiankatu"},"city":"Kemijärvi","state":"Kymenlaakso","country":"Finland","postcode":11257,"coordinates":{"latitude":"-23.9022","longitude":"144.2799"},"timezone":{"offset":"-7:00","description":"Mountain Time (US &amp; Canada)"}},"email":"amanda.hakola@example.com","login":{"uuid":"01025343-0a5f-40be-b30a-e57550159b58","username":"purplewolf428","password":"121212","salt":"Nu0cQ6Tm","md5":"e0a85c27eff779e98f464e4e9b99280d","sha1":"83ecf38273c3d8fa7439d761ebef6d1f0e0d88b0","sha256":"dfe939983d0e3494efdb7a7919e4f7960e559b823dd937c488fec9bb0a0c518a"},"dob":{"date":"1972-09-19T21:06:49.757Z","age":51},"registered":{"date":"2009-05-17T17:20:35.237Z","age":15},"phone":"02-136-735","cell":"046-765-69-98","id":{"name":"HETU","value":"NaNNA898undefined"},"picture":{"large":"https://randomuser.me/api/portraits/women/33.jpg","medium":"https://randomuser.me/api/portraits/med/women/33.jpg","thumbnail":"https://randomuser.me/api/portraits/thumb/women/33.jpg"},"nat":"FI"}],"info":{"seed":"15b0e58c22d56650","results":1,"page":1,"version":"1.4"}} 
 </msg>
<msg time="2024-06-17T05:18:06.158365" level="INFO">/opt/hostedtoolcache/Python/3.12.3/x64/lib/python3.12/site-packages/urllib3/connectionpool.py:1103: InsecureRequestWarning: Unverified HTTPS request is being made to host 'randomuser.me'. Adding certificate verification is strongly advised. See: https://urllib3.readthedocs.io/en/latest/advanced-usage.html#tls-warnings
  warnings.warn(</msg>
<msg time="2024-06-17T05:18:06.158480" level="INFO">${response} = &lt;Response [200]&gt;</msg>
<var>${response}</var>
<arg>consultarAPI</arg>
<arg>/api</arg>
<doc>Sends a GET request on a previously created HTTP Session.</doc>
<status status="PASS" start="2024-06-17T05:18:06.074445" elapsed="0.084076"/>
</kw>
<kw name="Set Variable" owner="BuiltIn">
<msg time="2024-06-17T05:18:06.159724" level="INFO">${json_data} = {'results': [{'gender': 'female', 'name': {'title': 'Miss', 'first': 'Amanda', 'last': 'Hakola'}, 'location': {'street': {'number': 3518, 'name': 'Hermiankatu'}, 'city': 'Kemijärvi', 'state': 'Kymenla...</msg>
<var>${json_data}</var>
<arg>${response.json()}</arg>
<doc>Returns the given values which can then be assigned to a variables.</doc>
<status status="PASS" start="2024-06-17T05:18:06.159115" elapsed="0.000641"/>
</kw>
<kw name="Log" owner="BuiltIn">
<msg time="2024-06-17T05:18:06.160300" level="INFO">{'results': [{'gender': 'female', 'name': {'title': 'Miss', 'first': 'Amanda', 'last': 'Hakola'}, 'location': {'street': {'number': 3518, 'name': 'Hermiankatu'}, 'city': 'Kemijärvi', 'state': 'Kymenlaakso', 'country': 'Finland', 'postcode': 11257, 'coordinates': {'latitude': '-23.9022', 'longitude': '144.2799'}, 'timezone': {'offset': '-7:00', 'description': 'Mountain Time (US &amp; Canada)'}}, 'email': 'amanda.hakola@example.com', 'login': {'uuid': '01025343-0a5f-40be-b30a-e57550159b58', 'username': 'purplewolf428', 'password': '121212', 'salt': 'Nu0cQ6Tm', 'md5': 'e0a85c27eff779e98f464e4e9b99280d', 'sha1': '83ecf38273c3d8fa7439d761ebef6d1f0e0d88b0', 'sha256': 'dfe939983d0e3494efdb7a7919e4f7960e559b823dd937c488fec9bb0a0c518a'}, 'dob': {'date': '1972-09-19T21:06:49.757Z', 'age': 51}, 'registered': {'date': '2009-05-17T17:20:35.237Z', 'age': 15}, 'phone': '02-136-735', 'cell': '046-765-69-98', 'id': {'name': 'HETU', 'value': 'NaNNA898undefined'}, 'picture': {'large': 'https://randomuser.me/api/portraits/women/33.jpg', 'medium': 'https://randomuser.me/api/portraits/med/women/33.jpg', 'thumbnail': 'https://randomuser.me/api/portraits/thumb/women/33.jpg'}, 'nat': 'FI'}], 'info': {'seed': '15b0e58c22d56650', 'results': 1, 'page': 1, 'version': '1.4'}}</msg>
<arg>${json_data}</arg>
<doc>Logs the given message with the given level.</doc>
<status status="PASS" start="2024-06-17T05:18:06.160124" elapsed="0.000230"/>
</kw>
<kw name="Should Be String" owner="String">
<arg>${json_data['results'][0]['gender']}</arg>
<doc>Fails if the given ``item`` is not a string.</doc>
<status status="PASS" start="2024-06-17T05:18:06.160676" elapsed="0.000380"/>
</kw>
<kw name="Should Match Regexp" owner="BuiltIn">
<arg>${json_data['results'][0]['email']}</arg>
<arg>^[a-zA-Z0-9._%+-]+@[a-zA-Z0-9.-]+\.[a-zA-Z]{2,}$</arg>
<doc>Fails if ``string`` does not match ``pattern`` as a regular expression.</doc>
<status status="PASS" start="2024-06-17T05:18:06.161325" elapsed="0.000536"/>
</kw>
<kw name="Should Match Regexp" owner="BuiltIn">
<arg>${json_data['results'][0]['dob']['date']}</arg>
<arg>\\d{4}-\\d{2}-\\d{2}T\\d{2}:\\d{2}:\\d{2}\\.\\d{3}Z</arg>
<doc>Fails if ``string`` does not match ``pattern`` as a regular expression.</doc>
<status status="PASS" start="2024-06-17T05:18:06.162059" elapsed="0.000496"/>
</kw>
<kw name="Should Match Regexp" owner="BuiltIn">
<arg>${json_data['results'][0]['registered']['date']}</arg>
<arg>\\d{4}-\\d{2}-\\d{2}T\\d{2}:\\d{2}:\\d{2}\\.\\d{3}Z</arg>
<doc>Fails if ``string`` does not match ``pattern`` as a regular expression.</doc>
<status status="PASS" start="2024-06-17T05:18:06.162763" elapsed="0.000374"/>
</kw>
<kw name="Should Match Regexp" owner="BuiltIn">
<arg>${json_data['results'][0]['picture']['large']}</arg>
<arg>^https?://.*\.(?:png|jpe?g|gif|bmp)$</arg>
<doc>Fails if ``string`` does not match ``pattern`` as a regular expression.</doc>
<status status="PASS" start="2024-06-17T05:18:06.163325" elapsed="0.000466"/>
</kw>
<kw name="Should Match Regexp" owner="BuiltIn">
<arg>${json_data['results'][0]['picture']['medium']}</arg>
<arg>^https?://.*\.(?:png|jpe?g|gif|bmp)$</arg>
<doc>Fails if ``string`` does not match ``pattern`` as a regular expression.</doc>
<status status="PASS" start="2024-06-17T05:18:06.163987" elapsed="0.000352"/>
</kw>
<kw name="Should Match Regexp" owner="BuiltIn">
<arg>${json_data['results'][0]['picture']['thumbnail']}</arg>
<arg>^https?://.*\.(?:png|jpe?g|gif|bmp)$</arg>
<doc>Fails if ``string`` does not match ``pattern`` as a regular expression.</doc>
<status status="PASS" start="2024-06-17T05:18:06.164529" elapsed="0.000351"/>
</kw>
<kw name="Log" owner="BuiltIn">
<msg time="2024-06-17T05:18:06.165430" level="INFO">{'large': 'https://randomuser.me/api/portraits/women/33.jpg', 'medium': 'https://randomuser.me/api/portraits/med/women/33.jpg', 'thumbnail': 'https://randomuser.me/api/portraits/thumb/women/33.jpg'}</msg>
<arg>${json_data['results'][0]['picture']}</arg>
<doc>Logs the given message with the given level.</doc>
<status status="PASS" start="2024-06-17T05:18:06.165063" elapsed="0.000411"/>
</kw>
<status status="PASS" start="2024-06-17T05:18:06.074214" elapsed="0.091525"/>
</kw>
<kw name="Teste de Tipos de Dados - Postcode" owner="random-user-service">
<kw name="GET On Session" owner="RequestsLibrary">
<msg time="2024-06-17T05:18:06.256285" level="INFO">GET Request : url=https://randomuser.me/api 
 path_url=/api 
 headers={'User-Agent': 'python-requests/2.32.3', 'Accept-Encoding': 'gzip, deflate', 'Accept': '*/*', 'Connection': 'keep-alive'} 
 body=None 
 </msg>
<msg time="2024-06-17T05:18:06.256385" level="INFO">GET Response : url=https://randomuser.me/api 
 status=200, reason=OK 
 headers={'Date': 'Mon, 17 Jun 2024 05:18:06 GMT', 'Content-Type': 'application/json; charset=utf-8', 'Transfer-Encoding': 'chunked', 'Connection': 'keep-alive', 'X-Powered-By': 'Express', 'Access-Control-Allow-Origin': '*', 'Cache-Control': 'no-cache', 'ETag': 'W/"48d-vdNkiEgsaAwTrj665hoP6g7SXz8"', 'Vary': 'Accept-Encoding', 'Content-Encoding': 'gzip', 'CF-Cache-Status': 'DYNAMIC', 'Report-To': '{"endpoints":[{"url":"https:\\/\\/a.nel.cloudflare.com\\/report\\/v4?s=LvLxW1WpT3h%2BND8wgXmpAPyzvYZwIZpKXEvFfmBD%2FDCwBqCvy6%2FFxzhWfcGUmUQl2sTlWyl%2F8PwwmKohiK9Q1PiYs4%2F%2BEtyjaMGnXuTgwgcWNRbeEEVhqKl%2F3%2BNgoaOs"}],"group":"cf-nel","max_age":604800}', 'NEL': '{"success_fraction":0,"report_to":"cf-nel","max_age":604800}', 'Server': 'cloudflare', 'CF-RAY': '895093b88c0b222c-ORD', 'alt-svc': 'h3=":443"; ma=86400'} 
 body={"results":[{"gender":"male","name":{"title":"Monsieur","first":"Konrad","last":"Robin"},"location":{"street":{"number":8621,"name":"Rue Dubois"},"city":"Heiden","state":"Luzern","country":"Switzerland","postcode":9994,"coordinates":{"latitude":"-57.2827","longitude":"-120.0264"},"timezone":{"offset":"+7:00","description":"Bangkok, Hanoi, Jakarta"}},"email":"konrad.robin@example.com","login":{"uuid":"8ecdd661-24d1-452d-8bd6-f23af545f41d","username":"ticklishkoala944","password":"quentin","salt":"hsYevjYY","md5":"1f52374f3e49b506a5c1ec76259b0bc9","sha1":"da9869197dfefba1540944faa30c01e019901cfd","sha256":"4c6e1c23d4904ad5437dae6795e8e35557954a6a66b7f23661ecdb4cc91662ab"},"dob":{"date":"1953-02-25T20:12:27.166Z","age":71},"registered":{"date":"2006-02-06T17:43:45.030Z","age":18},"phone":"076 239 20 83","cell":"076 840 27 73","id":{"name":"AVS","value":"756.6625.8111.25"},"picture":{"large":"https://randomuser.me/api/portraits/men/64.jpg","medium":"https://randomuser.me/api/portraits/med/men/64.jpg","thumbnail":"https://randomuser.me/api/portraits/thumb/men/64.jpg"},"nat":"CH"}],"info":{"seed":"8af20b0913e5f55c","results":1,"page":1,"version":"1.4"}} 
 </msg>
<msg time="2024-06-17T05:18:06.256477" level="INFO">/opt/hostedtoolcache/Python/3.12.3/x64/lib/python3.12/site-packages/urllib3/connectionpool.py:1103: InsecureRequestWarning: Unverified HTTPS request is being made to host 'randomuser.me'. Adding certificate verification is strongly advised. See: https://urllib3.readthedocs.io/en/latest/advanced-usage.html#tls-warnings
  warnings.warn(</msg>
<msg time="2024-06-17T05:18:06.256595" level="INFO">${response} = &lt;Response [200]&gt;</msg>
<var>${response}</var>
<arg>consultarAPI</arg>
<arg>/api</arg>
<doc>Sends a GET request on a previously created HTTP Session.</doc>
<status status="PASS" start="2024-06-17T05:18:06.166211" elapsed="0.090426"/>
</kw>
<kw name="Set Variable" owner="BuiltIn">
<msg time="2024-06-17T05:18:06.257699" level="INFO">${json_data} = {'results': [{'gender': 'male', 'name': {'title': 'Monsieur', 'first': 'Konrad', 'last': 'Robin'}, 'location': {'street': {'number': 8621, 'name': 'Rue Dubois'}, 'city': 'Heiden', 'state': 'Luzern', '...</msg>
<var>${json_data}</var>
<arg>${response.json()}</arg>
<doc>Returns the given values which can then be assigned to a variables.</doc>
<status status="PASS" start="2024-06-17T05:18:06.257165" elapsed="0.000563"/>
</kw>
<kw name="Log" owner="BuiltIn">
<msg time="2024-06-17T05:18:06.258188" level="INFO">{'results': [{'gender': 'male', 'name': {'title': 'Monsieur', 'first': 'Konrad', 'last': 'Robin'}, 'location': {'street': {'number': 8621, 'name': 'Rue Dubois'}, 'city': 'Heiden', 'state': 'Luzern', 'country': 'Switzerland', 'postcode': 9994, 'coordinates': {'latitude': '-57.2827', 'longitude': '-120.0264'}, 'timezone': {'offset': '+7:00', 'description': 'Bangkok, Hanoi, Jakarta'}}, 'email': 'konrad.robin@example.com', 'login': {'uuid': '8ecdd661-24d1-452d-8bd6-f23af545f41d', 'username': 'ticklishkoala944', 'password': 'quentin', 'salt': 'hsYevjYY', 'md5': '1f52374f3e49b506a5c1ec76259b0bc9', 'sha1': 'da9869197dfefba1540944faa30c01e019901cfd', 'sha256': '4c6e1c23d4904ad5437dae6795e8e35557954a6a66b7f23661ecdb4cc91662ab'}, 'dob': {'date': '1953-02-25T20:12:27.166Z', 'age': 71}, 'registered': {'date': '2006-02-06T17:43:45.030Z', 'age': 18}, 'phone': '076 239 20 83', 'cell': '076 840 27 73', 'id': {'name': 'AVS', 'value': '756.6625.8111.25'}, 'picture': {'large': 'https://randomuser.me/api/portraits/men/64.jpg', 'medium': 'https://randomuser.me/api/portraits/med/men/64.jpg', 'thumbnail': 'https://randomuser.me/api/portraits/thumb/men/64.jpg'}, 'nat': 'CH'}], 'info': {'seed': '8af20b0913e5f55c', 'results': 1, 'page': 1, 'version': '1.4'}}</msg>
<arg>${json_data}</arg>
<doc>Logs the given message with the given level.</doc>
<status status="PASS" start="2024-06-17T05:18:06.258032" elapsed="0.000203"/>
</kw>
<kw name="Should Be Equal As Numbers" owner="BuiltIn">
<arg>${json_data['results'][0]['location']['postcode']}</arg>
<arg>${json_data['results'][0]['location']['postcode']}</arg>
<doc>Fails if objects are unequal after converting them to real numbers.</doc>
<status status="PASS" start="2024-06-17T05:18:06.258526" elapsed="0.000616"/>
</kw>
<kw name="Log" owner="BuiltIn">
<msg time="2024-06-17T05:18:06.259702" level="INFO">9994</msg>
<arg>${json_data['results'][0]['location']['postcode']}</arg>
<doc>Logs the given message with the given level.</doc>
<status status="PASS" start="2024-06-17T05:18:06.259367" elapsed="0.000374"/>
</kw>
<status status="PASS" start="2024-06-17T05:18:06.165969" elapsed="0.094028"/>
</kw>
<doc>Testa se os tipos de dados na resposta da API estão corretos.</doc>
<tag>testeTiposDados</tag>
<status status="PASS" start="2024-06-17T05:18:06.073680" elapsed="0.186489"/>
</test>
<test id="s1-s1-t5" name="Validar conteudo" line="35">
<kw name="Teste de Tipos de Conteudo" owner="random-user-service">
<kw name="GET On Session" owner="RequestsLibrary">
<msg time="2024-06-17T05:18:06.353409" level="INFO">GET Request : url=https://randomuser.me/api 
 path_url=/api 
 headers={'User-Agent': 'python-requests/2.32.3', 'Accept-Encoding': 'gzip, deflate', 'Accept': '*/*', 'Connection': 'keep-alive'} 
 body=None 
 </msg>
<msg time="2024-06-17T05:18:06.353480" level="INFO">GET Response : url=https://randomuser.me/api 
 status=200, reason=OK 
 headers={'Date': 'Mon, 17 Jun 2024 05:18:06 GMT', 'Content-Type': 'application/json; charset=utf-8', 'Transfer-Encoding': 'chunked', 'Connection': 'keep-alive', 'X-Powered-By': 'Express', 'Access-Control-Allow-Origin': '*', 'Cache-Control': 'no-cache', 'ETag': 'W/"472-P6M8xaHCQq/vlU1WDFlAJ/g2q+8"', 'Vary': 'Accept-Encoding', 'Content-Encoding': 'gzip', 'CF-Cache-Status': 'DYNAMIC', 'Report-To': '{"endpoints":[{"url":"https:\\/\\/a.nel.cloudflare.com\\/report\\/v4?s=cAHzSCJ3wPOeBNFyTN8BkWmlwWPnuTwwM3zrrTxPjCRhSw63ySiGK5kQriTQwmwyedUITdu0YX%2B4bg23JCyIU%2BLLYfl8bjXEP7fC02ncSsSrib0qq5qJz2%2BUhc97R%2BA0"}],"group":"cf-nel","max_age":604800}', 'NEL': '{"success_fraction":0,"report_to":"cf-nel","max_age":604800}', 'Server': 'cloudflare', 'CF-RAY': '895093b92c73222c-ORD', 'alt-svc': 'h3=":443"; ma=86400'} 
 body={"results":[{"gender":"male","name":{"title":"Mr","first":"Kaya","last":"Elçiboğa"},"location":{"street":{"number":162,"name":"Filistin Cd"},"city":"Mardin","state":"Sakarya","country":"Turkey","postcode":93281,"coordinates":{"latitude":"70.9201","longitude":"-102.0375"},"timezone":{"offset":"-11:00","description":"Midway Island, Samoa"}},"email":"kaya.elciboga@example.com","login":{"uuid":"951099ae-bfe2-473a-83eb-e1635050d9c2","username":"tinypanda910","password":"captain","salt":"R83kDnNa","md5":"3af85e0a72b76fedc0ff0aec2021557b","sha1":"6764d0dc495e6aa70e85caa80da7763d6a8df896","sha256":"fbdd89a89bf695fb8c98d0f8fcf30768a64f08b6312951dce495cb88f82ceda9"},"dob":{"date":"1950-04-13T11:43:55.995Z","age":74},"registered":{"date":"2010-04-26T03:51:36.747Z","age":14},"phone":"(303)-086-7100","cell":"(503)-070-0438","id":{"name":"","value":null},"picture":{"large":"https://randomuser.me/api/portraits/men/22.jpg","medium":"https://randomuser.me/api/portraits/med/men/22.jpg","thumbnail":"https://randomuser.me/api/portraits/thumb/men/22.jpg"},"nat":"TR"}],"info":{"seed":"27b6ea8a9f507fb1","results":1,"page":1,"version":"1.4"}} 
 </msg>
<msg time="2024-06-17T05:18:06.353544" level="INFO">/opt/hostedtoolcache/Python/3.12.3/x64/lib/python3.12/site-packages/urllib3/connectionpool.py:1103: InsecureRequestWarning: Unverified HTTPS request is being made to host 'randomuser.me'. Adding certificate verification is strongly advised. See: https://urllib3.readthedocs.io/en/latest/advanced-usage.html#tls-warnings
  warnings.warn(</msg>
<msg time="2024-06-17T05:18:06.353634" level="INFO">${response} = &lt;Response [200]&gt;</msg>
<var>${response}</var>
<arg>consultarAPI</arg>
<arg>/api</arg>
<doc>Sends a GET request on a previously created HTTP Session.</doc>
<status status="PASS" start="2024-06-17T05:18:06.262712" elapsed="0.090962"/>
</kw>
<kw name="Set Variable" owner="BuiltIn">
<msg time="2024-06-17T05:18:06.354803" level="INFO">${json_data} = {'results': [{'gender': 'male', 'name': {'title': 'Mr', 'first': 'Kaya', 'last': 'Elçiboğa'}, 'location': {'street': {'number': 162, 'name': 'Filistin Cd'}, 'city': 'Mardin', 'state': 'Sakarya', 'coun...</msg>
<var>${json_data}</var>
<arg>${response.json()}</arg>
<doc>Returns the given values which can then be assigned to a variables.</doc>
<status status="PASS" start="2024-06-17T05:18:06.354168" elapsed="0.000665"/>
</kw>
<kw name="Set Variable" owner="BuiltIn">
<msg time="2024-06-17T05:18:06.355525" level="INFO">${name_title} = Mr</msg>
<var>${name_title}</var>
<arg>${json_data["results"][0]["name"]["title"]}</arg>
<doc>Returns the given values which can then be assigned to a variables.</doc>
<status status="PASS" start="2024-06-17T05:18:06.355143" elapsed="0.000407"/>
</kw>
<kw name="Create List" owner="BuiltIn">
<msg time="2024-06-17T05:18:06.355992" level="INFO">${allowed_titles} = ['Mr', 'Ms', 'Miss', 'Mrs', 'Madame', 'Monsieur']</msg>
<var>${allowed_titles}</var>
<arg>Mr</arg>
<arg>Ms</arg>
<arg>Miss</arg>
<arg>Mrs</arg>
<arg>Madame</arg>
<arg>Monsieur</arg>
<doc>Returns a list containing given items.</doc>
<status status="PASS" start="2024-06-17T05:18:06.355844" elapsed="0.000172"/>
</kw>
<kw name="List Should Contain Value" owner="Collections">
<arg>${allowed_titles}</arg>
<arg>${name_title}</arg>
<doc>Fails if the ``value`` is not found from ``list``.</doc>
<status status="PASS" start="2024-06-17T05:18:06.356307" elapsed="0.000178"/>
</kw>
<kw name="Set Variable" owner="BuiltIn">
<msg time="2024-06-17T05:18:06.357015" level="INFO">${name_country} = TR</msg>
<var>${name_country}</var>
<arg>${json_data["results"][0]["nat"]}</arg>
<doc>Returns the given values which can then be assigned to a variables.</doc>
<status status="PASS" start="2024-06-17T05:18:06.356660" elapsed="0.000379"/>
</kw>
<kw name="Create List" owner="BuiltIn">
<msg time="2024-06-17T05:18:06.357976" level="INFO">${list_country} = ['AD', 'AE', 'AF', 'AG', 'AI', 'AL', 'AM', 'AO', 'AQ', 'AR', 'AS', 'AT', 'AU', 'AW', 'AX', 'AZ', 'BA', 'BB', 'BD', 'BE', 'BF', 'BG', 'BH', 'BI', 'BJ', 'BL', 'BM', 'BN', 'BO', 'BQ', 'BR', 'BS', 'BT', '...</msg>
<var>${list_country}</var>
<arg>AD</arg>
<arg>AE</arg>
<arg>AF</arg>
<arg>AG</arg>
<arg>AI</arg>
<arg>AL</arg>
<arg>AM</arg>
<arg>AO</arg>
<arg>AQ</arg>
<arg>AR</arg>
<arg>AS</arg>
<arg>AT</arg>
<arg>AU</arg>
<arg>AW</arg>
<arg>AX</arg>
<arg>AZ</arg>
<arg>BA</arg>
<arg>BB</arg>
<arg>BD</arg>
<arg>BE</arg>
<arg>BF</arg>
<arg>BG</arg>
<arg>BH</arg>
<arg>BI</arg>
<arg>BJ</arg>
<arg>BL</arg>
<arg>BM</arg>
<arg>BN</arg>
<arg>BO</arg>
<arg>BQ</arg>
<arg>BR</arg>
<arg>BS</arg>
<arg>BT</arg>
<arg>BV</arg>
<arg>BW</arg>
<arg>BY</arg>
<arg>BZ</arg>
<arg>CA</arg>
<arg>CC</arg>
<arg>CD</arg>
<arg>CF</arg>
<arg>CG</arg>
<arg>CH</arg>
<arg>CI</arg>
<arg>CK</arg>
<arg>CL</arg>
<arg>CM</arg>
<arg>CN</arg>
<arg>CO</arg>
<arg>CR</arg>
<arg>CU</arg>
<arg>CV</arg>
<arg>CW</arg>
<arg>CX</arg>
<arg>CY</arg>
<arg>CZ</arg>
<arg>DE</arg>
<arg>DJ</arg>
<arg>DK</arg>
<arg>DM</arg>
<arg>DO</arg>
<arg>DZ</arg>
<arg>EC</arg>
<arg>EE</arg>
<arg>EG</arg>
<arg>EH</arg>
<arg>ER</arg>
<arg>ES</arg>
<arg>ET</arg>
<arg>FI</arg>
<arg>FJ</arg>
<arg>FK</arg>
<arg>FM</arg>
<arg>FO</arg>
<arg>FR</arg>
<arg>GA</arg>
<arg>GB</arg>
<arg>GD</arg>
<arg>GE</arg>
<arg>GF</arg>
<arg>GG</arg>
<arg>GH</arg>
<arg>GI</arg>
<arg>GL</arg>
<arg>GM</arg>
<arg>GN</arg>
<arg>GP</arg>
<arg>GQ</arg>
<arg>GR</arg>
<arg>GS</arg>
<arg>GT</arg>
<arg>GU</arg>
<arg>GW</arg>
<arg>GY</arg>
<arg>HK</arg>
<arg>HM</arg>
<arg>HN</arg>
<arg>HR</arg>
<arg>HT</arg>
<arg>HU</arg>
<arg>ID</arg>
<arg>IE</arg>
<arg>IL</arg>
<arg>IM</arg>
<arg>IN</arg>
<arg>IO</arg>
<arg>IQ</arg>
<arg>IR</arg>
<arg>IS</arg>
<arg>IT</arg>
<arg>JE</arg>
<arg>JM</arg>
<arg>JO</arg>
<arg>JP</arg>
<arg>KE</arg>
<arg>KG</arg>
<arg>KH</arg>
<arg>KI</arg>
<arg>KM</arg>
<arg>KN</arg>
<arg>KP</arg>
<arg>KR</arg>
<arg>KW</arg>
<arg>KY</arg>
<arg>KZ</arg>
<arg>LA</arg>
<arg>LB</arg>
<arg>LC</arg>
<arg>LI</arg>
<arg>LK</arg>
<arg>LR</arg>
<arg>LS</arg>
<arg>LT</arg>
<arg>LU</arg>
<arg>LV</arg>
<arg>LY</arg>
<arg>MA</arg>
<arg>MC</arg>
<arg>MD</arg>
<arg>ME</arg>
<arg>MF</arg>
<arg>MG</arg>
<arg>MH</arg>
<arg>MK</arg>
<arg>ML</arg>
<arg>MM</arg>
<arg>MN</arg>
<arg>MO</arg>
<arg>MP</arg>
<arg>MQ</arg>
<arg>MR</arg>
<arg>MS</arg>
<arg>MT</arg>
<arg>MU</arg>
<arg>MV</arg>
<arg>MW</arg>
<arg>MX</arg>
<arg>MY</arg>
<arg>MZ</arg>
<arg>NA</arg>
<arg>NC</arg>
<arg>NE</arg>
<arg>NF</arg>
<arg>NG</arg>
<arg>NI</arg>
<arg>NL</arg>
<arg>NO</arg>
<arg>NP</arg>
<arg>NR</arg>
<arg>NU</arg>
<arg>NZ</arg>
<arg>OM</arg>
<arg>PA</arg>
<arg>PE</arg>
<arg>PF</arg>
<arg>PG</arg>
<arg>PH</arg>
<arg>PK</arg>
<arg>PL</arg>
<arg>PM</arg>
<arg>PN</arg>
<arg>PR</arg>
<arg>PS</arg>
<arg>PT</arg>
<arg>PW</arg>
<arg>PY</arg>
<arg>QA</arg>
<arg>RE</arg>
<arg>RO</arg>
<arg>RS</arg>
<arg>RU</arg>
<arg>RW</arg>
<arg>SA</arg>
<arg>SB</arg>
<arg>SC</arg>
<arg>SD</arg>
<arg>SE</arg>
<arg>SG</arg>
<arg>SH</arg>
<arg>SI</arg>
<arg>SJ</arg>
<arg>SK</arg>
<arg>SL</arg>
<arg>SM</arg>
<arg>SN</arg>
<arg>SO</arg>
<arg>SR</arg>
<arg>SS</arg>
<arg>ST</arg>
<arg>SV</arg>
<arg>SX</arg>
<arg>SY</arg>
<arg>SZ</arg>
<arg>TC</arg>
<arg>TD</arg>
<arg>TF</arg>
<arg>TG</arg>
<arg>TH</arg>
<arg>TJ</arg>
<arg>TK</arg>
<arg>TL</arg>
<arg>TM</arg>
<arg>TN</arg>
<arg>TO</arg>
<arg>TR</arg>
<arg>TT</arg>
<arg>TV</arg>
<arg>TW</arg>
<arg>TZ</arg>
<arg>UA</arg>
<arg>UG</arg>
<arg>UM</arg>
<arg>US</arg>
<arg>UY</arg>
<arg>UZ</arg>
<arg>VA</arg>
<arg>VC</arg>
<arg>VE</arg>
<arg>VG</arg>
<arg>VI</arg>
<arg>VN</arg>
<arg>VU</arg>
<arg>WF</arg>
<arg>WS</arg>
<arg>XK</arg>
<arg>YE</arg>
<arg>YT</arg>
<arg>ZA</arg>
<arg>ZM</arg>
<arg>ZW</arg>
<doc>Returns a list containing given items.</doc>
<status status="PASS" start="2024-06-17T05:18:06.357370" elapsed="0.000630"/>
</kw>
<kw name="List Should Contain Value" owner="Collections">
<arg>${list_country}</arg>
<arg>${name_country}</arg>
<doc>Fails if the ``value`` is not found from ``list``.</doc>
<status status="PASS" start="2024-06-17T05:18:06.358794" elapsed="0.000203"/>
</kw>
<kw name="Run Keyword If" owner="BuiltIn">
<kw name="Should Be True" owner="BuiltIn">
<arg>${True}</arg>
<doc>Fails if the given condition is not true.</doc>
<status status="PASS" start="2024-06-17T05:18:06.360040" elapsed="0.000143"/>
</kw>
<arg>${json_data["results"][0]["location"]["coordinates"]["latitude"]} &gt;= -90 and ${json_data["results"][0]["location"]["coordinates"]["latitude"]} &lt;= 90</arg>
<arg>Should Be True</arg>
<arg>${True}</arg>
<doc>Runs the given keyword with the given arguments, if ``condition`` is true.</doc>
<status status="PASS" start="2024-06-17T05:18:06.359191" elapsed="0.001118"/>
</kw>
<kw name="Run Keyword If" owner="BuiltIn">
<kw name="Should Be True" owner="BuiltIn">
<arg>${True}</arg>
<doc>Fails if the given condition is not true.</doc>
<status status="PASS" start="2024-06-17T05:18:06.361178" elapsed="0.000167"/>
</kw>
<arg>${json_data["results"][0]["location"]["coordinates"]["longitude"]} &gt;= -180 and ${json_data["results"][0]["location"]["coordinates"]["longitude"]} &lt;= 180</arg>
<arg>Should Be True</arg>
<arg>${True}</arg>
<doc>Runs the given keyword with the given arguments, if ``condition`` is true.</doc>
<status status="PASS" start="2024-06-17T05:18:06.360499" elapsed="0.000972"/>
</kw>
<status status="PASS" start="2024-06-17T05:18:06.262485" elapsed="0.099115"/>
</kw>
<doc>Testa o conteúdo específico dos campos retornados pela API.</doc>
<tag>testeConteudo</tag>
<status status="PASS" start="2024-06-17T05:18:06.261946" elapsed="0.099797"/>
</test>
<status status="PASS" start="2024-06-17T05:18:05.418105" elapsed="0.945613"/>
</suite>
<status status="PASS" start="2024-06-17T05:18:05.404462" elapsed="0.964292"/>
</suite>
<statistics>
<total>
<stat pass="5" fail="0" skip="0">All Tests</stat>
</total>
<tag>
<stat pass="1" fail="0" skip="0">testeConteudo</stat>
<stat pass="1" fail="0" skip="0">testeEstruturaResposta</stat>
<stat pass="1" fail="0" skip="0">testeRequisicaoBasica</stat>
<stat pass="1" fail="0" skip="0">testeTiposDados</stat>
</tag>
<suite>
<stat pass="5" fail="0" skip="0" id="s1" name="Tests">Tests</stat>
<stat pass="5" fail="0" skip="0" id="s1-s1" name="Random-User-Test">Tests.Random-User-Test</stat>
</suite>
</statistics>
<errors>
</errors>
</robot>
