<?xml version="1.0" encoding="UTF-8"?>
<robot generator="Robot 7.0.1 (Python 3.12.4 on linux)" generated="2024-07-20T07:14:02.798904" rpa="false" schemaversion="5">
<suite id="s1" name="Tests" source="/home/runner/work/ApiRandomUser/ApiRandomUser/RamdonUser/tests">
<suite id="s1-s1" name="Random-User-Test" source="/home/runner/work/ApiRandomUser/ApiRandomUser/RamdonUser/tests/random-user-test.robot">
<test id="s1-s1-t1" name="Conectar" line="13">
<kw name="Conectar API" owner="random-user-service">
<kw name="Create Session" owner="RequestsLibrary">
<msg time="2024-07-20T07:14:03.205129" level="INFO">Creating Session using : alias=consultarAPI, url=https://randomuser.me/, headers={},                     cookies={}, auth=None, timeout=None, proxies=None, verify=False,                     debug=0 </msg>
<arg>consultarAPI</arg>
<arg>${URL}</arg>
<doc>Create Session: create a HTTP session to a server</doc>
<status status="PASS" start="2024-07-20T07:14:03.204939" elapsed="0.000356"/>
</kw>
<status status="PASS" start="2024-07-20T07:14:03.203935" elapsed="0.001705"/>
</kw>
<status status="PASS" start="2024-07-20T07:14:03.203341" elapsed="0.002487"/>
</test>
<test id="s1-s1-t2" name="Validar retorno 200 e JSON Válido" line="16">
<kw name="Teste de Requisicao Basica" owner="random-user-service">
<kw name="GET On Session" owner="RequestsLibrary">
<msg time="2024-07-20T07:14:03.419470" level="INFO">GET Request : url=https://randomuser.me/api 
 path_url=/api 
 headers={'User-Agent': 'python-requests/2.32.3', 'Accept-Encoding': 'gzip, deflate', 'Accept': '*/*', 'Connection': 'keep-alive'} 
 body=None 
 </msg>
<msg time="2024-07-20T07:14:03.419585" level="INFO">GET Response : url=https://randomuser.me/api 
 status=200, reason=OK 
 headers={'Date': 'Sat, 20 Jul 2024 07:14:03 GMT', 'Content-Type': 'application/json; charset=utf-8', 'Transfer-Encoding': 'chunked', 'Connection': 'keep-alive', 'X-Powered-By': 'Express', 'Access-Control-Allow-Origin': '*', 'Cache-Control': 'no-cache', 'ETag': 'W/"48a-7wpf3qZNKE5jFegI7Cscr6L/q8o"', 'Vary': 'Accept-Encoding', 'Content-Encoding': 'gzip', 'CF-Cache-Status': 'DYNAMIC', 'Report-To': '{"endpoints":[{"url":"https:\\/\\/a.nel.cloudflare.com\\/report\\/v4?s=2yaCFpHbbiv0Bk%2BigyedXCzlbEcVf28gZoMsyAf0SBsFtnqRa9HKe083T7zUEVd6eAdTT4W2BYIV2AOa1tjR2nLowAzezqpma%2Bu8QZT4TG%2B9cJ80ctuCHCfvNo47%2F51T"}],"group":"cf-nel","max_age":604800}', 'NEL': '{"success_fraction":0,"report_to":"cf-nel","max_age":604800}', 'Server': 'cloudflare', 'CF-RAY': '8a6126f33d8e3b06-IAD', 'alt-svc': 'h3=":443"; ma=86400'} 
 body={"results":[{"gender":"male","name":{"title":"Mr","first":"Fernando","last":"Williams"},"location":{"street":{"number":8321,"name":"West Street"},"city":"Stirling","state":"Oxfordshire","country":"United Kingdom","postcode":"EF8 1TT","coordinates":{"latitude":"-6.3765","longitude":"-79.4425"},"timezone":{"offset":"-3:30","description":"Newfoundland"}},"email":"fernando.williams@example.com","login":{"uuid":"5f4dfdb5-899f-4b12-be70-480ffe247ac1","username":"heavybear337","password":"thick","salt":"GKK8SdiS","md5":"b4997de3d6c96dba5dac71b50f0a02e6","sha1":"faed0ee43fa2de1b726b74e36d34b20c47a9ddd0","sha256":"5bdc2ac6f0f20422779be3ef8704d3037fe9ff0ffd0926b72bd14327d337c10b"},"dob":{"date":"1976-02-01T17:21:34.735Z","age":48},"registered":{"date":"2002-10-14T20:48:29.501Z","age":21},"phone":"016974 83834","cell":"07089 014619","id":{"name":"NINO","value":"CM 49 20 74 I"},"picture":{"large":"https://randomuser.me/api/portraits/men/95.jpg","medium":"https://randomuser.me/api/portraits/med/men/95.jpg","thumbnail":"https://randomuser.me/api/portraits/thumb/men/95.jpg"},"nat":"GB"}],"info":{"seed":"b30a1437fd008b01","results":1,"page":1,"version":"1.4"}} 
 </msg>
<msg time="2024-07-20T07:14:03.419658" level="INFO">/opt/hostedtoolcache/Python/3.12.4/x64/lib/python3.12/site-packages/urllib3/connectionpool.py:1099: InsecureRequestWarning: Unverified HTTPS request is being made to host 'randomuser.me'. Adding certificate verification is strongly advised. See: https://urllib3.readthedocs.io/en/latest/advanced-usage.html#tls-warnings
  warnings.warn(</msg>
<msg time="2024-07-20T07:14:03.419791" level="INFO">${response} = &lt;Response [200]&gt;</msg>
<var>${response}</var>
<arg>consultarAPI</arg>
<arg>/api</arg>
<doc>Sends a GET request on a previously created HTTP Session.</doc>
<status status="PASS" start="2024-07-20T07:14:03.208582" elapsed="0.211252"/>
</kw>
<kw name="Should Be Equal As Numbers" owner="BuiltIn">
<msg time="2024-07-20T07:14:03.420679" level="INFO">Argument types are:
&lt;class 'int'&gt;
&lt;class 'str'&gt;</msg>
<arg>${response.status_code}</arg>
<arg>200</arg>
<doc>Fails if objects are unequal after converting them to real numbers.</doc>
<status status="PASS" start="2024-07-20T07:14:03.420260" elapsed="0.000482"/>
</kw>
<kw name="Log" owner="BuiltIn">
<msg time="2024-07-20T07:14:03.421416" level="INFO">200</msg>
<arg>${response.status_code}</arg>
<doc>Logs the given message with the given level.</doc>
<status status="PASS" start="2024-07-20T07:14:03.421060" elapsed="0.000399"/>
</kw>
<kw name="Set Variable" owner="BuiltIn">
<msg time="2024-07-20T07:14:03.422190" level="INFO">${json_data} = {'results': [{'gender': 'male', 'name': {'title': 'Mr', 'first': 'Fernando', 'last': 'Williams'}, 'location': {'street': {'number': 8321, 'name': 'West Street'}, 'city': 'Stirling', 'state': 'Oxfordsh...</msg>
<var>${json_data}</var>
<arg>${response.json()}</arg>
<doc>Returns the given values which can then be assigned to a variables.</doc>
<status status="PASS" start="2024-07-20T07:14:03.421764" elapsed="0.000454"/>
</kw>
<kw name="Dictionary Should Contain Key" owner="Collections">
<arg>${json_data}</arg>
<arg>results</arg>
<doc>Fails if ``key`` is not found from ``dictionary``.</doc>
<status status="PASS" start="2024-07-20T07:14:03.422513" elapsed="0.000298"/>
</kw>
<status status="PASS" start="2024-07-20T07:14:03.208335" elapsed="0.214626"/>
</kw>
<doc>Testa se a API responde corretamente e retorna um objeto JSON válido.</doc>
<tag>testeRequisicaoBasica</tag>
<status status="PASS" start="2024-07-20T07:14:03.207759" elapsed="0.215363"/>
</test>
<test id="s1-s1-t3" name="Validar estrutura de resposta" line="22">
<kw name="Teste de Estrutura de Resposta" owner="random-user-service">
<kw name="GET On Session" owner="RequestsLibrary">
<msg time="2024-07-20T07:14:03.524229" level="INFO">GET Request : url=https://randomuser.me/api 
 path_url=/api 
 headers={'User-Agent': 'python-requests/2.32.3', 'Accept-Encoding': 'gzip, deflate', 'Accept': '*/*', 'Connection': 'keep-alive'} 
 body=None 
 </msg>
<msg time="2024-07-20T07:14:03.524318" level="INFO">GET Response : url=https://randomuser.me/api 
 status=200, reason=OK 
 headers={'Date': 'Sat, 20 Jul 2024 07:14:03 GMT', 'Content-Type': 'application/json; charset=utf-8', 'Transfer-Encoding': 'chunked', 'Connection': 'keep-alive', 'X-Powered-By': 'Express', 'Access-Control-Allow-Origin': '*', 'Cache-Control': 'no-cache', 'ETag': 'W/"49a-p61zjldomidyYIOKE+g6XxkekgM"', 'Vary': 'Accept-Encoding', 'Content-Encoding': 'gzip', 'CF-Cache-Status': 'DYNAMIC', 'Report-To': '{"endpoints":[{"url":"https:\\/\\/a.nel.cloudflare.com\\/report\\/v4?s=rQegGEKwHHZK985aFA9lug0KQWjLK7fpIpAlvyTHLOqZfQ5vpfqxmmR%2Fxmg2nDIhj7ZFyOjBbwbnzMzxp9fZ0VaRYar3ouP8k1ire2d8mKXGBB2DU%2BIqRMkyF6rarTvz"}],"group":"cf-nel","max_age":604800}', 'NEL': '{"success_fraction":0,"report_to":"cf-nel","max_age":604800}', 'Server': 'cloudflare', 'CF-RAY': '8a6126f37db93b06-IAD', 'alt-svc': 'h3=":443"; ma=86400'} 
 body={"results":[{"gender":"female","name":{"title":"Ms","first":"Lena","last":"Garnier"},"location":{"street":{"number":797,"name":"Rue Chazière"},"city":"Saint-Denis","state":"Haute-Vienne","country":"France","postcode":26264,"coordinates":{"latitude":"-17.7476","longitude":"88.6869"},"timezone":{"offset":"-7:00","description":"Mountain Time (US &amp; Canada)"}},"email":"lena.garnier@example.com","login":{"uuid":"85d217d6-242b-4935-8067-e183b720dcf4","username":"lazytiger165","password":"gotmilk","salt":"sjSKmwqb","md5":"af90adfb14e118f59ee8e7f05ec5f992","sha1":"0a6ef99d0a16c02b76a8659d1a4d5f20da252071","sha256":"4bfe255181d7fb35200b647b8a1b5b35568650aeab801ed836b2ad130b94bdcb"},"dob":{"date":"1975-02-13T09:20:10.146Z","age":49},"registered":{"date":"2007-01-20T21:39:59.869Z","age":17},"phone":"03-10-87-93-22","cell":"06-23-67-77-65","id":{"name":"INSEE","value":"2750144106088 30"},"picture":{"large":"https://randomuser.me/api/portraits/women/67.jpg","medium":"https://randomuser.me/api/portraits/med/women/67.jpg","thumbnail":"https://randomuser.me/api/portraits/thumb/women/67.jpg"},"nat":"FR"}],"info":{"seed":"9e820811c0bab2b6","results":1,"page":1,"version":"1.4"}} 
 </msg>
<msg time="2024-07-20T07:14:03.524450" level="INFO">/opt/hostedtoolcache/Python/3.12.4/x64/lib/python3.12/site-packages/urllib3/connectionpool.py:1099: InsecureRequestWarning: Unverified HTTPS request is being made to host 'randomuser.me'. Adding certificate verification is strongly advised. See: https://urllib3.readthedocs.io/en/latest/advanced-usage.html#tls-warnings
  warnings.warn(</msg>
<msg time="2024-07-20T07:14:03.524603" level="INFO">${response} = &lt;Response [200]&gt;</msg>
<var>${response}</var>
<arg>consultarAPI</arg>
<arg>/api</arg>
<doc>Sends a GET request on a previously created HTTP Session.</doc>
<status status="PASS" start="2024-07-20T07:14:03.426092" elapsed="0.098569"/>
</kw>
<kw name="Set Variable" owner="BuiltIn">
<msg time="2024-07-20T07:14:03.525449" level="INFO">${json_data} = {'results': [{'gender': 'female', 'name': {'title': 'Ms', 'first': 'Lena', 'last': 'Garnier'}, 'location': {'street': {'number': 797, 'name': 'Rue Chazière'}, 'city': 'Saint-Denis', 'state': 'Haute-Vi...</msg>
<var>${json_data}</var>
<arg>${response.json()}</arg>
<doc>Returns the given values which can then be assigned to a variables.</doc>
<status status="PASS" start="2024-07-20T07:14:03.525003" elapsed="0.000486"/>
</kw>
<kw name="Log" owner="BuiltIn">
<msg time="2024-07-20T07:14:03.525944" level="INFO">{'results': [{'gender': 'female', 'name': {'title': 'Ms', 'first': 'Lena', 'last': 'Garnier'}, 'location': {'street': {'number': 797, 'name': 'Rue Chazière'}, 'city': 'Saint-Denis', 'state': 'Haute-Vienne', 'country': 'France', 'postcode': 26264, 'coordinates': {'latitude': '-17.7476', 'longitude': '88.6869'}, 'timezone': {'offset': '-7:00', 'description': 'Mountain Time (US &amp; Canada)'}}, 'email': 'lena.garnier@example.com', 'login': {'uuid': '85d217d6-242b-4935-8067-e183b720dcf4', 'username': 'lazytiger165', 'password': 'gotmilk', 'salt': 'sjSKmwqb', 'md5': 'af90adfb14e118f59ee8e7f05ec5f992', 'sha1': '0a6ef99d0a16c02b76a8659d1a4d5f20da252071', 'sha256': '4bfe255181d7fb35200b647b8a1b5b35568650aeab801ed836b2ad130b94bdcb'}, 'dob': {'date': '1975-02-13T09:20:10.146Z', 'age': 49}, 'registered': {'date': '2007-01-20T21:39:59.869Z', 'age': 17}, 'phone': '03-10-87-93-22', 'cell': '06-23-67-77-65', 'id': {'name': 'INSEE', 'value': '2750144106088 30'}, 'picture': {'large': 'https://randomuser.me/api/portraits/women/67.jpg', 'medium': 'https://randomuser.me/api/portraits/med/women/67.jpg', 'thumbnail': 'https://randomuser.me/api/portraits/thumb/women/67.jpg'}, 'nat': 'FR'}], 'info': {'seed': '9e820811c0bab2b6', 'results': 1, 'page': 1, 'version': '1.4'}}</msg>
<arg>${json_data}</arg>
<doc>Logs the given message with the given level.</doc>
<status status="PASS" start="2024-07-20T07:14:03.525786" elapsed="0.000208"/>
</kw>
<kw name="Dictionary Should Contain Key" owner="Collections">
<arg>${json_data}</arg>
<arg>results</arg>
<doc>Fails if ``key`` is not found from ``dictionary``.</doc>
<status status="PASS" start="2024-07-20T07:14:03.526278" elapsed="0.000159"/>
</kw>
<kw name="Should Not Be Empty" owner="BuiltIn">
<msg time="2024-07-20T07:14:03.526736" level="INFO">Length is 2.</msg>
<arg>${json_data}</arg>
<doc>Verifies that the given item is not empty.</doc>
<status status="PASS" start="2024-07-20T07:14:03.526616" elapsed="0.000168"/>
</kw>
<kw name="Create List" owner="BuiltIn">
<msg time="2024-07-20T07:14:03.527265" level="INFO">${expected_keys} = ['gender', 'name', 'location', 'email', 'login']</msg>
<var>${expected_keys}</var>
<arg>gender</arg>
<arg>name</arg>
<arg>location</arg>
<arg>email</arg>
<arg>login</arg>
<doc>Returns a list containing given items.</doc>
<status status="PASS" start="2024-07-20T07:14:03.527062" elapsed="0.000228"/>
</kw>
<for flavor="IN">
<iter>
<kw name="Dictionary Should Contain Key" owner="Collections">
<arg>${json_data['results'][0]}</arg>
<arg>${key}</arg>
<doc>Fails if ``key`` is not found from ``dictionary``.</doc>
<status status="PASS" start="2024-07-20T07:14:03.527855" elapsed="0.000399"/>
</kw>
<kw name="Log" owner="BuiltIn">
<msg time="2024-07-20T07:14:03.528793" level="INFO">{'gender': 'female', 'name': {'title': 'Ms', 'first': 'Lena', 'last': 'Garnier'}, 'location': {'street': {'number': 797, 'name': 'Rue Chazière'}, 'city': 'Saint-Denis', 'state': 'Haute-Vienne', 'country': 'France', 'postcode': 26264, 'coordinates': {'latitude': '-17.7476', 'longitude': '88.6869'}, 'timezone': {'offset': '-7:00', 'description': 'Mountain Time (US &amp; Canada)'}}, 'email': 'lena.garnier@example.com', 'login': {'uuid': '85d217d6-242b-4935-8067-e183b720dcf4', 'username': 'lazytiger165', 'password': 'gotmilk', 'salt': 'sjSKmwqb', 'md5': 'af90adfb14e118f59ee8e7f05ec5f992', 'sha1': '0a6ef99d0a16c02b76a8659d1a4d5f20da252071', 'sha256': '4bfe255181d7fb35200b647b8a1b5b35568650aeab801ed836b2ad130b94bdcb'}, 'dob': {'date': '1975-02-13T09:20:10.146Z', 'age': 49}, 'registered': {'date': '2007-01-20T21:39:59.869Z', 'age': 17}, 'phone': '03-10-87-93-22', 'cell': '06-23-67-77-65', 'id': {'name': 'INSEE', 'value': '2750144106088 30'}, 'picture': {'large': 'https://randomuser.me/api/portraits/women/67.jpg', 'medium': 'https://randomuser.me/api/portraits/med/women/67.jpg', 'thumbnail': 'https://randomuser.me/api/portraits/thumb/women/67.jpg'}, 'nat': 'FR'}</msg>
<arg>${json_data['results'][0]}</arg>
<doc>Logs the given message with the given level.</doc>
<status status="PASS" start="2024-07-20T07:14:03.528435" elapsed="0.000407"/>
</kw>
<kw name="Log" owner="BuiltIn">
<msg time="2024-07-20T07:14:03.529271" level="INFO">gender</msg>
<arg>${key}</arg>
<doc>Logs the given message with the given level.</doc>
<status status="PASS" start="2024-07-20T07:14:03.529146" elapsed="0.000163"/>
</kw>
<var name="${key}">gender</var>
<status status="PASS" start="2024-07-20T07:14:03.527729" elapsed="0.001790"/>
</iter>
<iter>
<kw name="Dictionary Should Contain Key" owner="Collections">
<arg>${json_data['results'][0]}</arg>
<arg>${key}</arg>
<doc>Fails if ``key`` is not found from ``dictionary``.</doc>
<status status="PASS" start="2024-07-20T07:14:03.529809" elapsed="0.000386"/>
</kw>
<kw name="Log" owner="BuiltIn">
<msg time="2024-07-20T07:14:03.530768" level="INFO">{'gender': 'female', 'name': {'title': 'Ms', 'first': 'Lena', 'last': 'Garnier'}, 'location': {'street': {'number': 797, 'name': 'Rue Chazière'}, 'city': 'Saint-Denis', 'state': 'Haute-Vienne', 'country': 'France', 'postcode': 26264, 'coordinates': {'latitude': '-17.7476', 'longitude': '88.6869'}, 'timezone': {'offset': '-7:00', 'description': 'Mountain Time (US &amp; Canada)'}}, 'email': 'lena.garnier@example.com', 'login': {'uuid': '85d217d6-242b-4935-8067-e183b720dcf4', 'username': 'lazytiger165', 'password': 'gotmilk', 'salt': 'sjSKmwqb', 'md5': 'af90adfb14e118f59ee8e7f05ec5f992', 'sha1': '0a6ef99d0a16c02b76a8659d1a4d5f20da252071', 'sha256': '4bfe255181d7fb35200b647b8a1b5b35568650aeab801ed836b2ad130b94bdcb'}, 'dob': {'date': '1975-02-13T09:20:10.146Z', 'age': 49}, 'registered': {'date': '2007-01-20T21:39:59.869Z', 'age': 17}, 'phone': '03-10-87-93-22', 'cell': '06-23-67-77-65', 'id': {'name': 'INSEE', 'value': '2750144106088 30'}, 'picture': {'large': 'https://randomuser.me/api/portraits/women/67.jpg', 'medium': 'https://randomuser.me/api/portraits/med/women/67.jpg', 'thumbnail': 'https://randomuser.me/api/portraits/thumb/women/67.jpg'}, 'nat': 'FR'}</msg>
<arg>${json_data['results'][0]}</arg>
<doc>Logs the given message with the given level.</doc>
<status status="PASS" start="2024-07-20T07:14:03.530375" elapsed="0.000445"/>
</kw>
<kw name="Log" owner="BuiltIn">
<msg time="2024-07-20T07:14:03.531264" level="INFO">name</msg>
<arg>${key}</arg>
<doc>Logs the given message with the given level.</doc>
<status status="PASS" start="2024-07-20T07:14:03.531108" elapsed="0.000193"/>
</kw>
<var name="${key}">name</var>
<status status="PASS" start="2024-07-20T07:14:03.529699" elapsed="0.001815"/>
</iter>
<iter>
<kw name="Dictionary Should Contain Key" owner="Collections">
<arg>${json_data['results'][0]}</arg>
<arg>${key}</arg>
<doc>Fails if ``key`` is not found from ``dictionary``.</doc>
<status status="PASS" start="2024-07-20T07:14:03.531793" elapsed="0.000382"/>
</kw>
<kw name="Log" owner="BuiltIn">
<msg time="2024-07-20T07:14:03.532708" level="INFO">{'gender': 'female', 'name': {'title': 'Ms', 'first': 'Lena', 'last': 'Garnier'}, 'location': {'street': {'number': 797, 'name': 'Rue Chazière'}, 'city': 'Saint-Denis', 'state': 'Haute-Vienne', 'country': 'France', 'postcode': 26264, 'coordinates': {'latitude': '-17.7476', 'longitude': '88.6869'}, 'timezone': {'offset': '-7:00', 'description': 'Mountain Time (US &amp; Canada)'}}, 'email': 'lena.garnier@example.com', 'login': {'uuid': '85d217d6-242b-4935-8067-e183b720dcf4', 'username': 'lazytiger165', 'password': 'gotmilk', 'salt': 'sjSKmwqb', 'md5': 'af90adfb14e118f59ee8e7f05ec5f992', 'sha1': '0a6ef99d0a16c02b76a8659d1a4d5f20da252071', 'sha256': '4bfe255181d7fb35200b647b8a1b5b35568650aeab801ed836b2ad130b94bdcb'}, 'dob': {'date': '1975-02-13T09:20:10.146Z', 'age': 49}, 'registered': {'date': '2007-01-20T21:39:59.869Z', 'age': 17}, 'phone': '03-10-87-93-22', 'cell': '06-23-67-77-65', 'id': {'name': 'INSEE', 'value': '2750144106088 30'}, 'picture': {'large': 'https://randomuser.me/api/portraits/women/67.jpg', 'medium': 'https://randomuser.me/api/portraits/med/women/67.jpg', 'thumbnail': 'https://randomuser.me/api/portraits/thumb/women/67.jpg'}, 'nat': 'FR'}</msg>
<arg>${json_data['results'][0]}</arg>
<doc>Logs the given message with the given level.</doc>
<status status="PASS" start="2024-07-20T07:14:03.532358" elapsed="0.000400"/>
</kw>
<kw name="Log" owner="BuiltIn">
<msg time="2024-07-20T07:14:03.533172" level="INFO">location</msg>
<arg>${key}</arg>
<doc>Logs the given message with the given level.</doc>
<status status="PASS" start="2024-07-20T07:14:03.533047" elapsed="0.000162"/>
</kw>
<var name="${key}">location</var>
<status status="PASS" start="2024-07-20T07:14:03.531688" elapsed="0.001731"/>
</iter>
<iter>
<kw name="Dictionary Should Contain Key" owner="Collections">
<arg>${json_data['results'][0]}</arg>
<arg>${key}</arg>
<doc>Fails if ``key`` is not found from ``dictionary``.</doc>
<status status="PASS" start="2024-07-20T07:14:03.533692" elapsed="0.000380"/>
</kw>
<kw name="Log" owner="BuiltIn">
<msg time="2024-07-20T07:14:03.534717" level="INFO">{'gender': 'female', 'name': {'title': 'Ms', 'first': 'Lena', 'last': 'Garnier'}, 'location': {'street': {'number': 797, 'name': 'Rue Chazière'}, 'city': 'Saint-Denis', 'state': 'Haute-Vienne', 'country': 'France', 'postcode': 26264, 'coordinates': {'latitude': '-17.7476', 'longitude': '88.6869'}, 'timezone': {'offset': '-7:00', 'description': 'Mountain Time (US &amp; Canada)'}}, 'email': 'lena.garnier@example.com', 'login': {'uuid': '85d217d6-242b-4935-8067-e183b720dcf4', 'username': 'lazytiger165', 'password': 'gotmilk', 'salt': 'sjSKmwqb', 'md5': 'af90adfb14e118f59ee8e7f05ec5f992', 'sha1': '0a6ef99d0a16c02b76a8659d1a4d5f20da252071', 'sha256': '4bfe255181d7fb35200b647b8a1b5b35568650aeab801ed836b2ad130b94bdcb'}, 'dob': {'date': '1975-02-13T09:20:10.146Z', 'age': 49}, 'registered': {'date': '2007-01-20T21:39:59.869Z', 'age': 17}, 'phone': '03-10-87-93-22', 'cell': '06-23-67-77-65', 'id': {'name': 'INSEE', 'value': '2750144106088 30'}, 'picture': {'large': 'https://randomuser.me/api/portraits/women/67.jpg', 'medium': 'https://randomuser.me/api/portraits/med/women/67.jpg', 'thumbnail': 'https://randomuser.me/api/portraits/thumb/women/67.jpg'}, 'nat': 'FR'}</msg>
<arg>${json_data['results'][0]}</arg>
<doc>Logs the given message with the given level.</doc>
<status status="PASS" start="2024-07-20T07:14:03.534362" elapsed="0.000415"/>
</kw>
<kw name="Log" owner="BuiltIn">
<msg time="2024-07-20T07:14:03.535245" level="INFO">email</msg>
<arg>${key}</arg>
<doc>Logs the given message with the given level.</doc>
<status status="PASS" start="2024-07-20T07:14:03.535070" elapsed="0.000220"/>
</kw>
<var name="${key}">email</var>
<status status="PASS" start="2024-07-20T07:14:03.533586" elapsed="0.001923"/>
</iter>
<iter>
<kw name="Dictionary Should Contain Key" owner="Collections">
<arg>${json_data['results'][0]}</arg>
<arg>${key}</arg>
<doc>Fails if ``key`` is not found from ``dictionary``.</doc>
<status status="PASS" start="2024-07-20T07:14:03.535789" elapsed="0.000373"/>
</kw>
<kw name="Log" owner="BuiltIn">
<msg time="2024-07-20T07:14:03.536696" level="INFO">{'gender': 'female', 'name': {'title': 'Ms', 'first': 'Lena', 'last': 'Garnier'}, 'location': {'street': {'number': 797, 'name': 'Rue Chazière'}, 'city': 'Saint-Denis', 'state': 'Haute-Vienne', 'country': 'France', 'postcode': 26264, 'coordinates': {'latitude': '-17.7476', 'longitude': '88.6869'}, 'timezone': {'offset': '-7:00', 'description': 'Mountain Time (US &amp; Canada)'}}, 'email': 'lena.garnier@example.com', 'login': {'uuid': '85d217d6-242b-4935-8067-e183b720dcf4', 'username': 'lazytiger165', 'password': 'gotmilk', 'salt': 'sjSKmwqb', 'md5': 'af90adfb14e118f59ee8e7f05ec5f992', 'sha1': '0a6ef99d0a16c02b76a8659d1a4d5f20da252071', 'sha256': '4bfe255181d7fb35200b647b8a1b5b35568650aeab801ed836b2ad130b94bdcb'}, 'dob': {'date': '1975-02-13T09:20:10.146Z', 'age': 49}, 'registered': {'date': '2007-01-20T21:39:59.869Z', 'age': 17}, 'phone': '03-10-87-93-22', 'cell': '06-23-67-77-65', 'id': {'name': 'INSEE', 'value': '2750144106088 30'}, 'picture': {'large': 'https://randomuser.me/api/portraits/women/67.jpg', 'medium': 'https://randomuser.me/api/portraits/med/women/67.jpg', 'thumbnail': 'https://randomuser.me/api/portraits/thumb/women/67.jpg'}, 'nat': 'FR'}</msg>
<arg>${json_data['results'][0]}</arg>
<doc>Logs the given message with the given level.</doc>
<status status="PASS" start="2024-07-20T07:14:03.536341" elapsed="0.000405"/>
</kw>
<kw name="Log" owner="BuiltIn">
<msg time="2024-07-20T07:14:03.537171" level="INFO">login</msg>
<arg>${key}</arg>
<doc>Logs the given message with the given level.</doc>
<status status="PASS" start="2024-07-20T07:14:03.537045" elapsed="0.000161"/>
</kw>
<var name="${key}">login</var>
<status status="PASS" start="2024-07-20T07:14:03.535682" elapsed="0.001737"/>
</iter>
<var>${key}</var>
<value>@{expected_keys}</value>
<status status="PASS" start="2024-07-20T07:14:03.527549" elapsed="0.009989"/>
</for>
<kw name="Create List" owner="BuiltIn">
<msg time="2024-07-20T07:14:03.537888" level="INFO">${expected_keysTwo} = ['username', 'password']</msg>
<var>${expected_keysTwo}</var>
<arg>username</arg>
<arg>password</arg>
<doc>Returns a list containing given items.</doc>
<status status="PASS" start="2024-07-20T07:14:03.537753" elapsed="0.000158"/>
</kw>
<for flavor="IN">
<iter>
<kw name="Dictionary Should Contain Key" owner="Collections">
<arg>${json_data['results'][0]['login']}</arg>
<arg>${keyTwo}</arg>
<doc>Fails if ``key`` is not found from ``dictionary``.</doc>
<status status="PASS" start="2024-07-20T07:14:03.538400" elapsed="0.000380"/>
</kw>
<kw name="Dictionary Should Contain Key" owner="Collections">
<arg>${json_data['results'][0]['login']}</arg>
<arg>${keyTwo}</arg>
<doc>Fails if ``key`` is not found from ``dictionary``.</doc>
<status status="PASS" start="2024-07-20T07:14:03.538960" elapsed="0.000411"/>
</kw>
<kw name="Log" owner="BuiltIn">
<msg time="2024-07-20T07:14:03.539668" level="INFO">username</msg>
<arg>${keyTwo}</arg>
<doc>Logs the given message with the given level.</doc>
<status status="PASS" start="2024-07-20T07:14:03.539549" elapsed="0.000156"/>
</kw>
<var name="${keyTwo}">username</var>
<status status="PASS" start="2024-07-20T07:14:03.538292" elapsed="0.001629"/>
</iter>
<iter>
<kw name="Dictionary Should Contain Key" owner="Collections">
<arg>${json_data['results'][0]['login']}</arg>
<arg>${keyTwo}</arg>
<doc>Fails if ``key`` is not found from ``dictionary``.</doc>
<status status="PASS" start="2024-07-20T07:14:03.540209" elapsed="0.000379"/>
</kw>
<kw name="Dictionary Should Contain Key" owner="Collections">
<arg>${json_data['results'][0]['login']}</arg>
<arg>${keyTwo}</arg>
<doc>Fails if ``key`` is not found from ``dictionary``.</doc>
<status status="PASS" start="2024-07-20T07:14:03.540762" elapsed="0.000364"/>
</kw>
<kw name="Log" owner="BuiltIn">
<msg time="2024-07-20T07:14:03.541425" level="INFO">password</msg>
<arg>${keyTwo}</arg>
<doc>Logs the given message with the given level.</doc>
<status status="PASS" start="2024-07-20T07:14:03.541299" elapsed="0.000163"/>
</kw>
<var name="${keyTwo}">password</var>
<status status="PASS" start="2024-07-20T07:14:03.540098" elapsed="0.001581"/>
</iter>
<var>${keyTwo}</var>
<value>@{expected_keysTwo}</value>
<status status="PASS" start="2024-07-20T07:14:03.538143" elapsed="0.003656"/>
</for>
<status status="PASS" start="2024-07-20T07:14:03.425758" elapsed="0.116177"/>
</kw>
<doc>Testa a estrutura da resposta da API.</doc>
<tag>testeEstruturaResposta</tag>
<status status="PASS" start="2024-07-20T07:14:03.424985" elapsed="0.117095"/>
</test>
<test id="s1-s1-t4" name="Validar tipos de dados" line="28">
<kw name="Teste de Tipos de Dados" owner="random-user-service">
<kw name="GET On Session" owner="RequestsLibrary">
<msg time="2024-07-20T07:14:03.620539" level="INFO">GET Request : url=https://randomuser.me/api 
 path_url=/api 
 headers={'User-Agent': 'python-requests/2.32.3', 'Accept-Encoding': 'gzip, deflate', 'Accept': '*/*', 'Connection': 'keep-alive'} 
 body=None 
 </msg>
<msg time="2024-07-20T07:14:03.620619" level="INFO">GET Response : url=https://randomuser.me/api 
 status=200, reason=OK 
 headers={'Date': 'Sat, 20 Jul 2024 07:14:03 GMT', 'Content-Type': 'application/json; charset=utf-8', 'Transfer-Encoding': 'chunked', 'Connection': 'keep-alive', 'X-Powered-By': 'Express', 'Access-Control-Allow-Origin': '*', 'Cache-Control': 'no-cache', 'ETag': 'W/"4b6-9673GS2s/f7Q6A9DvUIKSGAAu3M"', 'Vary': 'Accept-Encoding', 'Content-Encoding': 'gzip', 'CF-Cache-Status': 'DYNAMIC', 'Report-To': '{"endpoints":[{"url":"https:\\/\\/a.nel.cloudflare.com\\/report\\/v4?s=bPkr8XdJXdDAIDQwisAfwypR1GVtpqxNM92M6gZp%2FiAj9Me07DN4EBNB7PI55yCgofLiRveXamBCos%2B3x7bUA2nUDfvFXokWAOi1s640xR4GWLwRrKwc5XWKZITD8xE%2F"}],"group":"cf-nel","max_age":604800}', 'NEL': '{"success_fraction":0,"report_to":"cf-nel","max_age":604800}', 'Server': 'cloudflare', 'CF-RAY': '8a6126f42e5a3b06-IAD', 'alt-svc': 'h3=":443"; ma=86400'} 
 body={"results":[{"gender":"female","name":{"title":"Madame","first":"Selin","last":"Olivier"},"location":{"street":{"number":7786,"name":"Rue de L'Abbé-Grégoire"},"city":"La Chaux (Cossonay)","state":"Fribourg","country":"Switzerland","postcode":8908,"coordinates":{"latitude":"-56.6404","longitude":"29.1810"},"timezone":{"offset":"+9:00","description":"Tokyo, Seoul, Osaka, Sapporo, Yakutsk"}},"email":"selin.olivier@example.com","login":{"uuid":"dc1ec873-44f4-4456-a9ac-23ca49e4bc83","username":"smallcat303","password":"pants","salt":"p8rrvx6M","md5":"eb0bcf774bfb1c32dc19e776f4e7e122","sha1":"4bce42b1017c4d94ce36f22a10e8ce49f797b8fe","sha256":"5c2be359a6538bcca621ed54f55067928a2373e03a951800a730141e8a38619f"},"dob":{"date":"1989-03-24T19:45:21.148Z","age":35},"registered":{"date":"2015-11-30T11:20:04.752Z","age":8},"phone":"076 775 23 78","cell":"079 734 45 03","id":{"name":"AVS","value":"756.5969.2462.04"},"picture":{"large":"https://randomuser.me/api/portraits/women/28.jpg","medium":"https://randomuser.me/api/portraits/med/women/28.jpg","thumbnail":"https://randomuser.me/api/portraits/thumb/women/28.jpg"},"nat":"CH"}],"info":{"seed":"45b76e802656e957","results":1,"page":1,"version":"1.4"}} 
 </msg>
<msg time="2024-07-20T07:14:03.620698" level="INFO">/opt/hostedtoolcache/Python/3.12.4/x64/lib/python3.12/site-packages/urllib3/connectionpool.py:1099: InsecureRequestWarning: Unverified HTTPS request is being made to host 'randomuser.me'. Adding certificate verification is strongly advised. See: https://urllib3.readthedocs.io/en/latest/advanced-usage.html#tls-warnings
  warnings.warn(</msg>
<msg time="2024-07-20T07:14:03.620837" level="INFO">${response} = &lt;Response [200]&gt;</msg>
<var>${response}</var>
<arg>consultarAPI</arg>
<arg>/api</arg>
<doc>Sends a GET request on a previously created HTTP Session.</doc>
<status status="PASS" start="2024-07-20T07:14:03.544584" elapsed="0.076302"/>
</kw>
<kw name="Set Variable" owner="BuiltIn">
<msg time="2024-07-20T07:14:03.621685" level="INFO">${json_data} = {'results': [{'gender': 'female', 'name': {'title': 'Madame', 'first': 'Selin', 'last': 'Olivier'}, 'location': {'street': {'number': 7786, 'name': "Rue de L'Abbé-Grégoire"}, 'city': 'La Chaux (Cosson...</msg>
<var>${json_data}</var>
<arg>${response.json()}</arg>
<doc>Returns the given values which can then be assigned to a variables.</doc>
<status status="PASS" start="2024-07-20T07:14:03.621229" elapsed="0.000485"/>
</kw>
<kw name="Log" owner="BuiltIn">
<msg time="2024-07-20T07:14:03.622161" level="INFO">{'results': [{'gender': 'female', 'name': {'title': 'Madame', 'first': 'Selin', 'last': 'Olivier'}, 'location': {'street': {'number': 7786, 'name': "Rue de L'Abbé-Grégoire"}, 'city': 'La Chaux (Cossonay)', 'state': 'Fribourg', 'country': 'Switzerland', 'postcode': 8908, 'coordinates': {'latitude': '-56.6404', 'longitude': '29.1810'}, 'timezone': {'offset': '+9:00', 'description': 'Tokyo, Seoul, Osaka, Sapporo, Yakutsk'}}, 'email': 'selin.olivier@example.com', 'login': {'uuid': 'dc1ec873-44f4-4456-a9ac-23ca49e4bc83', 'username': 'smallcat303', 'password': 'pants', 'salt': 'p8rrvx6M', 'md5': 'eb0bcf774bfb1c32dc19e776f4e7e122', 'sha1': '4bce42b1017c4d94ce36f22a10e8ce49f797b8fe', 'sha256': '5c2be359a6538bcca621ed54f55067928a2373e03a951800a730141e8a38619f'}, 'dob': {'date': '1989-03-24T19:45:21.148Z', 'age': 35}, 'registered': {'date': '2015-11-30T11:20:04.752Z', 'age': 8}, 'phone': '076 775 23 78', 'cell': '079 734 45 03', 'id': {'name': 'AVS', 'value': '756.5969.2462.04'}, 'picture': {'large': 'https://randomuser.me/api/portraits/women/28.jpg', 'medium': 'https://randomuser.me/api/portraits/med/women/28.jpg', 'thumbnail': 'https://randomuser.me/api/portraits/thumb/women/28.jpg'}, 'nat': 'CH'}], 'info': {'seed': '45b76e802656e957', 'results': 1, 'page': 1, 'version': '1.4'}}</msg>
<arg>${json_data}</arg>
<doc>Logs the given message with the given level.</doc>
<status status="PASS" start="2024-07-20T07:14:03.622009" elapsed="0.000202"/>
</kw>
<kw name="Should Be String" owner="String">
<arg>${json_data['results'][0]['gender']}</arg>
<doc>Fails if the given ``item`` is not a string.</doc>
<status status="PASS" start="2024-07-20T07:14:03.622496" elapsed="0.000363"/>
</kw>
<kw name="Should Match Regexp" owner="BuiltIn">
<arg>${json_data['results'][0]['email']}</arg>
<arg>^[a-zA-Z0-9._%+-]+@[a-zA-Z0-9.-]+\.[a-zA-Z]{2,}$</arg>
<doc>Fails if ``string`` does not match ``pattern`` as a regular expression.</doc>
<status status="PASS" start="2024-07-20T07:14:03.623077" elapsed="0.000556"/>
</kw>
<kw name="Should Match Regexp" owner="BuiltIn">
<arg>${json_data['results'][0]['dob']['date']}</arg>
<arg>\\d{4}-\\d{2}-\\d{2}T\\d{2}:\\d{2}:\\d{2}\\.\\d{3}Z</arg>
<doc>Fails if ``string`` does not match ``pattern`` as a regular expression.</doc>
<status status="PASS" start="2024-07-20T07:14:03.623829" elapsed="0.000593"/>
</kw>
<kw name="Should Match Regexp" owner="BuiltIn">
<arg>${json_data['results'][0]['registered']['date']}</arg>
<arg>\\d{4}-\\d{2}-\\d{2}T\\d{2}:\\d{2}:\\d{2}\\.\\d{3}Z</arg>
<doc>Fails if ``string`` does not match ``pattern`` as a regular expression.</doc>
<status status="PASS" start="2024-07-20T07:14:03.624614" elapsed="0.000381"/>
</kw>
<kw name="Should Match Regexp" owner="BuiltIn">
<arg>${json_data['results'][0]['picture']['large']}</arg>
<arg>^https?://.*\.(?:png|jpe?g|gif|bmp)$</arg>
<doc>Fails if ``string`` does not match ``pattern`` as a regular expression.</doc>
<status status="PASS" start="2024-07-20T07:14:03.625183" elapsed="0.000457"/>
</kw>
<kw name="Should Match Regexp" owner="BuiltIn">
<arg>${json_data['results'][0]['picture']['medium']}</arg>
<arg>^https?://.*\.(?:png|jpe?g|gif|bmp)$</arg>
<doc>Fails if ``string`` does not match ``pattern`` as a regular expression.</doc>
<status status="PASS" start="2024-07-20T07:14:03.625827" elapsed="0.000351"/>
</kw>
<kw name="Should Match Regexp" owner="BuiltIn">
<arg>${json_data['results'][0]['picture']['thumbnail']}</arg>
<arg>^https?://.*\.(?:png|jpe?g|gif|bmp)$</arg>
<doc>Fails if ``string`` does not match ``pattern`` as a regular expression.</doc>
<status status="PASS" start="2024-07-20T07:14:03.626360" elapsed="0.000348"/>
</kw>
<kw name="Log" owner="BuiltIn">
<msg time="2024-07-20T07:14:03.627244" level="INFO">{'large': 'https://randomuser.me/api/portraits/women/28.jpg', 'medium': 'https://randomuser.me/api/portraits/med/women/28.jpg', 'thumbnail': 'https://randomuser.me/api/portraits/thumb/women/28.jpg'}</msg>
<arg>${json_data['results'][0]['picture']}</arg>
<doc>Logs the given message with the given level.</doc>
<status status="PASS" start="2024-07-20T07:14:03.626886" elapsed="0.000402"/>
</kw>
<status status="PASS" start="2024-07-20T07:14:03.544367" elapsed="0.083179"/>
</kw>
<kw name="Teste de Tipos de Dados - Postcode" owner="random-user-service">
<kw name="GET On Session" owner="RequestsLibrary">
<msg time="2024-07-20T07:14:03.733574" level="INFO">GET Request : url=https://randomuser.me/api 
 path_url=/api 
 headers={'User-Agent': 'python-requests/2.32.3', 'Accept-Encoding': 'gzip, deflate', 'Accept': '*/*', 'Connection': 'keep-alive'} 
 body=None 
 </msg>
<msg time="2024-07-20T07:14:03.733660" level="INFO">GET Response : url=https://randomuser.me/api 
 status=200, reason=OK 
 headers={'Date': 'Sat, 20 Jul 2024 07:14:03 GMT', 'Content-Type': 'application/json; charset=utf-8', 'Transfer-Encoding': 'chunked', 'Connection': 'keep-alive', 'X-Powered-By': 'Express', 'Access-Control-Allow-Origin': '*', 'Cache-Control': 'no-cache', 'ETag': 'W/"480-JmkBItT6QfqeXmOt5Oh1tZVcDrM"', 'Vary': 'Accept-Encoding', 'Content-Encoding': 'gzip', 'CF-Cache-Status': 'DYNAMIC', 'Report-To': '{"endpoints":[{"url":"https:\\/\\/a.nel.cloudflare.com\\/report\\/v4?s=TqQQHTEMTc1Jj8JVTTbd40xxE0aBj2tI2BcycxfUOLdFmdiZdCwmMZ7cc7ffqI40hW%2F17krcT8FTRBOb2JhoJPdXLflchrJVPxP3CyESR%2FeHMTmXS%2FCq9d8suyzEVAOT"}],"group":"cf-nel","max_age":604800}', 'NEL': '{"success_fraction":0,"report_to":"cf-nel","max_age":604800}', 'Server': 'cloudflare', 'CF-RAY': '8a6126f4beda3b06-IAD', 'alt-svc': 'h3=":443"; ma=86400'} 
 body={"results":[{"gender":"female","name":{"title":"Mrs","first":"Anka","last":"Dinčić"},"location":{"street":{"number":2150,"name":"Kestenova"},"city":"Paraćin","state":"Srem","country":"Serbia","postcode":99741,"coordinates":{"latitude":"63.3924","longitude":"137.0417"},"timezone":{"offset":"+2:00","description":"Kaliningrad, South Africa"}},"email":"anka.dincic@example.com","login":{"uuid":"1168359d-f574-4fbf-beca-53853aacc344","username":"purplefrog271","password":"rockstar","salt":"wCq9T9C5","md5":"0ade10eddd9362fc676cd8b6f8f4d626","sha1":"f6a4032656948390127be82413b9d49c8235a8fb","sha256":"97775464e79a5a3953068a306135f786d8a20facf6e4652dcdb8f0a696a279e4"},"dob":{"date":"1973-10-10T00:02:34.458Z","age":50},"registered":{"date":"2008-10-10T02:37:19.092Z","age":15},"phone":"036-7722-211","cell":"068-3896-396","id":{"name":"SID","value":"058649415"},"picture":{"large":"https://randomuser.me/api/portraits/women/19.jpg","medium":"https://randomuser.me/api/portraits/med/women/19.jpg","thumbnail":"https://randomuser.me/api/portraits/thumb/women/19.jpg"},"nat":"RS"}],"info":{"seed":"67de76ff63de0477","results":1,"page":1,"version":"1.4"}} 
 </msg>
<msg time="2024-07-20T07:14:03.733737" level="INFO">/opt/hostedtoolcache/Python/3.12.4/x64/lib/python3.12/site-packages/urllib3/connectionpool.py:1099: InsecureRequestWarning: Unverified HTTPS request is being made to host 'randomuser.me'. Adding certificate verification is strongly advised. See: https://urllib3.readthedocs.io/en/latest/advanced-usage.html#tls-warnings
  warnings.warn(</msg>
<msg time="2024-07-20T07:14:03.733879" level="INFO">${response} = &lt;Response [200]&gt;</msg>
<var>${response}</var>
<arg>consultarAPI</arg>
<arg>/api</arg>
<doc>Sends a GET request on a previously created HTTP Session.</doc>
<status status="PASS" start="2024-07-20T07:14:03.627963" elapsed="0.105969"/>
</kw>
<kw name="Set Variable" owner="BuiltIn">
<msg time="2024-07-20T07:14:03.734775" level="INFO">${json_data} = {'results': [{'gender': 'female', 'name': {'title': 'Mrs', 'first': 'Anka', 'last': 'Dinčić'}, 'location': {'street': {'number': 2150, 'name': 'Kestenova'}, 'city': 'Paraćin', 'state': 'Srem', 'countr...</msg>
<var>${json_data}</var>
<arg>${response.json()}</arg>
<doc>Returns the given values which can then be assigned to a variables.</doc>
<status status="PASS" start="2024-07-20T07:14:03.734327" elapsed="0.000479"/>
</kw>
<kw name="Log" owner="BuiltIn">
<msg time="2024-07-20T07:14:03.735298" level="INFO">{'results': [{'gender': 'female', 'name': {'title': 'Mrs', 'first': 'Anka', 'last': 'Dinčić'}, 'location': {'street': {'number': 2150, 'name': 'Kestenova'}, 'city': 'Paraćin', 'state': 'Srem', 'country': 'Serbia', 'postcode': 99741, 'coordinates': {'latitude': '63.3924', 'longitude': '137.0417'}, 'timezone': {'offset': '+2:00', 'description': 'Kaliningrad, South Africa'}}, 'email': 'anka.dincic@example.com', 'login': {'uuid': '1168359d-f574-4fbf-beca-53853aacc344', 'username': 'purplefrog271', 'password': 'rockstar', 'salt': 'wCq9T9C5', 'md5': '0ade10eddd9362fc676cd8b6f8f4d626', 'sha1': 'f6a4032656948390127be82413b9d49c8235a8fb', 'sha256': '97775464e79a5a3953068a306135f786d8a20facf6e4652dcdb8f0a696a279e4'}, 'dob': {'date': '1973-10-10T00:02:34.458Z', 'age': 50}, 'registered': {'date': '2008-10-10T02:37:19.092Z', 'age': 15}, 'phone': '036-7722-211', 'cell': '068-3896-396', 'id': {'name': 'SID', 'value': '058649415'}, 'picture': {'large': 'https://randomuser.me/api/portraits/women/19.jpg', 'medium': 'https://randomuser.me/api/portraits/med/women/19.jpg', 'thumbnail': 'https://randomuser.me/api/portraits/thumb/women/19.jpg'}, 'nat': 'RS'}], 'info': {'seed': '67de76ff63de0477', 'results': 1, 'page': 1, 'version': '1.4'}}</msg>
<arg>${json_data}</arg>
<doc>Logs the given message with the given level.</doc>
<status status="PASS" start="2024-07-20T07:14:03.735108" elapsed="0.000241"/>
</kw>
<kw name="Should Be Equal As Numbers" owner="BuiltIn">
<arg>${json_data['results'][0]['location']['postcode']}</arg>
<arg>${json_data['results'][0]['location']['postcode']}</arg>
<doc>Fails if objects are unequal after converting them to real numbers.</doc>
<status status="PASS" start="2024-07-20T07:14:03.735641" elapsed="0.000620"/>
</kw>
<kw name="Log" owner="BuiltIn">
<msg time="2024-07-20T07:14:03.736829" level="INFO">99741</msg>
<arg>${json_data['results'][0]['location']['postcode']}</arg>
<doc>Logs the given message with the given level.</doc>
<status status="PASS" start="2024-07-20T07:14:03.736488" elapsed="0.000382"/>
</kw>
<status status="PASS" start="2024-07-20T07:14:03.627750" elapsed="0.109370"/>
</kw>
<doc>Testa se os tipos de dados na resposta da API estão corretos.</doc>
<tag>testeTiposDados</tag>
<status status="PASS" start="2024-07-20T07:14:03.543850" elapsed="0.193426"/>
</test>
<test id="s1-s1-t5" name="Validar conteudo" line="35">
<kw name="Teste de Tipos de Conteudo" owner="random-user-service">
<kw name="GET On Session" owner="RequestsLibrary">
<msg time="2024-07-20T07:14:03.848753" level="INFO">GET Request : url=https://randomuser.me/api 
 path_url=/api 
 headers={'User-Agent': 'python-requests/2.32.3', 'Accept-Encoding': 'gzip, deflate', 'Accept': '*/*', 'Connection': 'keep-alive'} 
 body=None 
 </msg>
<msg time="2024-07-20T07:14:03.848838" level="INFO">GET Response : url=https://randomuser.me/api 
 status=200, reason=OK 
 headers={'Date': 'Sat, 20 Jul 2024 07:14:03 GMT', 'Content-Type': 'application/json; charset=utf-8', 'Transfer-Encoding': 'chunked', 'Connection': 'keep-alive', 'X-Powered-By': 'Express', 'Access-Control-Allow-Origin': '*', 'Cache-Control': 'no-cache', 'ETag': 'W/"4ae-28xZ0JXi0B210/UGwQX6fyioZRY"', 'Vary': 'Accept-Encoding', 'Content-Encoding': 'gzip', 'CF-Cache-Status': 'DYNAMIC', 'Report-To': '{"endpoints":[{"url":"https:\\/\\/a.nel.cloudflare.com\\/report\\/v4?s=bQnkA7RZnoanUiLw5dqpA9GfRcA6pFDu0CDvTBK5o%2B8r7yUCNEjuu1x%2B1iBn0ZdqSgdhs87SLLfgvm2oJrH%2FhTsg%2FtvC6QHHFbIs4vqJwFHp14rKM9Qx08vOPFUChBfE"}],"group":"cf-nel","max_age":604800}', 'NEL': '{"success_fraction":0,"report_to":"cf-nel","max_age":604800}', 'Server': 'cloudflare', 'CF-RAY': '8a6126f56f4c3b06-IAD', 'alt-svc': 'h3=":443"; ma=86400'} 
 body={"results":[{"gender":"male","name":{"title":"Mr","first":"Sidraque","last":"Gonçalves"},"location":{"street":{"number":2518,"name":"Rua São Jorge "},"city":"Garanhuns","state":"Amazonas","country":"Brazil","postcode":65066,"coordinates":{"latitude":"-76.0651","longitude":"-18.4412"},"timezone":{"offset":"0:00","description":"Western Europe Time, London, Lisbon, Casablanca"}},"email":"sidraque.goncalves@example.com","login":{"uuid":"e874b529-4c95-4d90-abdd-4b543347ae29","username":"ticklishswan369","password":"police","salt":"sXLuYIb3","md5":"89f957c17c2fe5722dab2ca92654808e","sha1":"912c4275d5e2bc17ee3e8333e03f8f4dc2ab44ac","sha256":"6696159d83203b53f144659d1c1c700afb909dc8f7f4439bcdb9fd1286780aec"},"dob":{"date":"1985-06-26T18:14:48.632Z","age":39},"registered":{"date":"2008-11-08T01:00:12.208Z","age":15},"phone":"(12) 2469-1526","cell":"(52) 4412-6361","id":{"name":"CPF","value":"883.380.921-29"},"picture":{"large":"https://randomuser.me/api/portraits/men/25.jpg","medium":"https://randomuser.me/api/portraits/med/men/25.jpg","thumbnail":"https://randomuser.me/api/portraits/thumb/men/25.jpg"},"nat":"BR"}],"info":{"seed":"80f5526829035ba8","results":1,"page":1,"version":"1.4"}} 
 </msg>
<msg time="2024-07-20T07:14:03.848916" level="INFO">/opt/hostedtoolcache/Python/3.12.4/x64/lib/python3.12/site-packages/urllib3/connectionpool.py:1099: InsecureRequestWarning: Unverified HTTPS request is being made to host 'randomuser.me'. Adding certificate verification is strongly advised. See: https://urllib3.readthedocs.io/en/latest/advanced-usage.html#tls-warnings
  warnings.warn(</msg>
<msg time="2024-07-20T07:14:03.849055" level="INFO">${response} = &lt;Response [200]&gt;</msg>
<var>${response}</var>
<arg>consultarAPI</arg>
<arg>/api</arg>
<doc>Sends a GET request on a previously created HTTP Session.</doc>
<status status="PASS" start="2024-07-20T07:14:03.740063" elapsed="0.109046"/>
</kw>
<kw name="Set Variable" owner="BuiltIn">
<msg time="2024-07-20T07:14:03.849975" level="INFO">${json_data} = {'results': [{'gender': 'male', 'name': {'title': 'Mr', 'first': 'Sidraque', 'last': 'Gonçalves'}, 'location': {'street': {'number': 2518, 'name': 'Rua São Jorge '}, 'city': 'Garanhuns', 'state': 'Ama...</msg>
<var>${json_data}</var>
<arg>${response.json()}</arg>
<doc>Returns the given values which can then be assigned to a variables.</doc>
<status status="PASS" start="2024-07-20T07:14:03.849522" elapsed="0.000481"/>
</kw>
<kw name="Set Variable" owner="BuiltIn">
<msg time="2024-07-20T07:14:03.850690" level="INFO">${name_title} = Mr</msg>
<var>${name_title}</var>
<arg>${json_data["results"][0]["name"]["title"]}</arg>
<doc>Returns the given values which can then be assigned to a variables.</doc>
<status status="PASS" start="2024-07-20T07:14:03.850311" elapsed="0.000404"/>
</kw>
<kw name="Create List" owner="BuiltIn">
<msg time="2024-07-20T07:14:03.851185" level="INFO">${allowed_titles} = ['Mr', 'Ms', 'Miss', 'Mrs', 'Madame', 'Monsieur']</msg>
<var>${allowed_titles}</var>
<arg>Mr</arg>
<arg>Ms</arg>
<arg>Miss</arg>
<arg>Mrs</arg>
<arg>Madame</arg>
<arg>Monsieur</arg>
<doc>Returns a list containing given items.</doc>
<status status="PASS" start="2024-07-20T07:14:03.851010" elapsed="0.000207"/>
</kw>
<kw name="List Should Contain Value" owner="Collections">
<arg>${allowed_titles}</arg>
<arg>${name_title}</arg>
<doc>Fails if the ``value`` is not found from ``list``.</doc>
<status status="PASS" start="2024-07-20T07:14:03.851527" elapsed="0.000176"/>
</kw>
<kw name="Set Variable" owner="BuiltIn">
<msg time="2024-07-20T07:14:03.852263" level="INFO">${name_country} = BR</msg>
<var>${name_country}</var>
<arg>${json_data["results"][0]["nat"]}</arg>
<doc>Returns the given values which can then be assigned to a variables.</doc>
<status status="PASS" start="2024-07-20T07:14:03.851882" elapsed="0.000405"/>
</kw>
<kw name="Create List" owner="BuiltIn">
<msg time="2024-07-20T07:14:03.853178" level="INFO">${list_country} = ['AD', 'AE', 'AF', 'AG', 'AI', 'AL', 'AM', 'AO', 'AQ', 'AR', 'AS', 'AT', 'AU', 'AW', 'AX', 'AZ', 'BA', 'BB', 'BD', 'BE', 'BF', 'BG', 'BH', 'BI', 'BJ', 'BL', 'BM', 'BN', 'BO', 'BQ', 'BR', 'BS', 'BT', '...</msg>
<var>${list_country}</var>
<arg>AD</arg>
<arg>AE</arg>
<arg>AF</arg>
<arg>AG</arg>
<arg>AI</arg>
<arg>AL</arg>
<arg>AM</arg>
<arg>AO</arg>
<arg>AQ</arg>
<arg>AR</arg>
<arg>AS</arg>
<arg>AT</arg>
<arg>AU</arg>
<arg>AW</arg>
<arg>AX</arg>
<arg>AZ</arg>
<arg>BA</arg>
<arg>BB</arg>
<arg>BD</arg>
<arg>BE</arg>
<arg>BF</arg>
<arg>BG</arg>
<arg>BH</arg>
<arg>BI</arg>
<arg>BJ</arg>
<arg>BL</arg>
<arg>BM</arg>
<arg>BN</arg>
<arg>BO</arg>
<arg>BQ</arg>
<arg>BR</arg>
<arg>BS</arg>
<arg>BT</arg>
<arg>BV</arg>
<arg>BW</arg>
<arg>BY</arg>
<arg>BZ</arg>
<arg>CA</arg>
<arg>CC</arg>
<arg>CD</arg>
<arg>CF</arg>
<arg>CG</arg>
<arg>CH</arg>
<arg>CI</arg>
<arg>CK</arg>
<arg>CL</arg>
<arg>CM</arg>
<arg>CN</arg>
<arg>CO</arg>
<arg>CR</arg>
<arg>CU</arg>
<arg>CV</arg>
<arg>CW</arg>
<arg>CX</arg>
<arg>CY</arg>
<arg>CZ</arg>
<arg>DE</arg>
<arg>DJ</arg>
<arg>DK</arg>
<arg>DM</arg>
<arg>DO</arg>
<arg>DZ</arg>
<arg>EC</arg>
<arg>EE</arg>
<arg>EG</arg>
<arg>EH</arg>
<arg>ER</arg>
<arg>ES</arg>
<arg>ET</arg>
<arg>FI</arg>
<arg>FJ</arg>
<arg>FK</arg>
<arg>FM</arg>
<arg>FO</arg>
<arg>FR</arg>
<arg>GA</arg>
<arg>GB</arg>
<arg>GD</arg>
<arg>GE</arg>
<arg>GF</arg>
<arg>GG</arg>
<arg>GH</arg>
<arg>GI</arg>
<arg>GL</arg>
<arg>GM</arg>
<arg>GN</arg>
<arg>GP</arg>
<arg>GQ</arg>
<arg>GR</arg>
<arg>GS</arg>
<arg>GT</arg>
<arg>GU</arg>
<arg>GW</arg>
<arg>GY</arg>
<arg>HK</arg>
<arg>HM</arg>
<arg>HN</arg>
<arg>HR</arg>
<arg>HT</arg>
<arg>HU</arg>
<arg>ID</arg>
<arg>IE</arg>
<arg>IL</arg>
<arg>IM</arg>
<arg>IN</arg>
<arg>IO</arg>
<arg>IQ</arg>
<arg>IR</arg>
<arg>IS</arg>
<arg>IT</arg>
<arg>JE</arg>
<arg>JM</arg>
<arg>JO</arg>
<arg>JP</arg>
<arg>KE</arg>
<arg>KG</arg>
<arg>KH</arg>
<arg>KI</arg>
<arg>KM</arg>
<arg>KN</arg>
<arg>KP</arg>
<arg>KR</arg>
<arg>KW</arg>
<arg>KY</arg>
<arg>KZ</arg>
<arg>LA</arg>
<arg>LB</arg>
<arg>LC</arg>
<arg>LI</arg>
<arg>LK</arg>
<arg>LR</arg>
<arg>LS</arg>
<arg>LT</arg>
<arg>LU</arg>
<arg>LV</arg>
<arg>LY</arg>
<arg>MA</arg>
<arg>MC</arg>
<arg>MD</arg>
<arg>ME</arg>
<arg>MF</arg>
<arg>MG</arg>
<arg>MH</arg>
<arg>MK</arg>
<arg>ML</arg>
<arg>MM</arg>
<arg>MN</arg>
<arg>MO</arg>
<arg>MP</arg>
<arg>MQ</arg>
<arg>MR</arg>
<arg>MS</arg>
<arg>MT</arg>
<arg>MU</arg>
<arg>MV</arg>
<arg>MW</arg>
<arg>MX</arg>
<arg>MY</arg>
<arg>MZ</arg>
<arg>NA</arg>
<arg>NC</arg>
<arg>NE</arg>
<arg>NF</arg>
<arg>NG</arg>
<arg>NI</arg>
<arg>NL</arg>
<arg>NO</arg>
<arg>NP</arg>
<arg>NR</arg>
<arg>NU</arg>
<arg>NZ</arg>
<arg>OM</arg>
<arg>PA</arg>
<arg>PE</arg>
<arg>PF</arg>
<arg>PG</arg>
<arg>PH</arg>
<arg>PK</arg>
<arg>PL</arg>
<arg>PM</arg>
<arg>PN</arg>
<arg>PR</arg>
<arg>PS</arg>
<arg>PT</arg>
<arg>PW</arg>
<arg>PY</arg>
<arg>QA</arg>
<arg>RE</arg>
<arg>RO</arg>
<arg>RS</arg>
<arg>RU</arg>
<arg>RW</arg>
<arg>SA</arg>
<arg>SB</arg>
<arg>SC</arg>
<arg>SD</arg>
<arg>SE</arg>
<arg>SG</arg>
<arg>SH</arg>
<arg>SI</arg>
<arg>SJ</arg>
<arg>SK</arg>
<arg>SL</arg>
<arg>SM</arg>
<arg>SN</arg>
<arg>SO</arg>
<arg>SR</arg>
<arg>SS</arg>
<arg>ST</arg>
<arg>SV</arg>
<arg>SX</arg>
<arg>SY</arg>
<arg>SZ</arg>
<arg>TC</arg>
<arg>TD</arg>
<arg>TF</arg>
<arg>TG</arg>
<arg>TH</arg>
<arg>TJ</arg>
<arg>TK</arg>
<arg>TL</arg>
<arg>TM</arg>
<arg>TN</arg>
<arg>TO</arg>
<arg>TR</arg>
<arg>TT</arg>
<arg>TV</arg>
<arg>TW</arg>
<arg>TZ</arg>
<arg>UA</arg>
<arg>UG</arg>
<arg>UM</arg>
<arg>US</arg>
<arg>UY</arg>
<arg>UZ</arg>
<arg>VA</arg>
<arg>VC</arg>
<arg>VE</arg>
<arg>VG</arg>
<arg>VI</arg>
<arg>VN</arg>
<arg>VU</arg>
<arg>WF</arg>
<arg>WS</arg>
<arg>XK</arg>
<arg>YE</arg>
<arg>YT</arg>
<arg>ZA</arg>
<arg>ZM</arg>
<arg>ZW</arg>
<doc>Returns a list containing given items.</doc>
<status status="PASS" start="2024-07-20T07:14:03.852578" elapsed="0.000626"/>
</kw>
<kw name="List Should Contain Value" owner="Collections">
<arg>${list_country}</arg>
<arg>${name_country}</arg>
<doc>Fails if the ``value`` is not found from ``list``.</doc>
<status status="PASS" start="2024-07-20T07:14:03.854145" elapsed="0.000205"/>
</kw>
<kw name="Run Keyword If" owner="BuiltIn">
<kw name="Should Be True" owner="BuiltIn">
<arg>${True}</arg>
<doc>Fails if the given condition is not true.</doc>
<status status="PASS" start="2024-07-20T07:14:03.855318" elapsed="0.000142"/>
</kw>
<arg>${json_data["results"][0]["location"]["coordinates"]["latitude"]} &gt;= -90 and ${json_data["results"][0]["location"]["coordinates"]["latitude"]} &lt;= 90</arg>
<arg>Should Be True</arg>
<arg>${True}</arg>
<doc>Runs the given keyword with the given arguments, if ``condition`` is true.</doc>
<status status="PASS" start="2024-07-20T07:14:03.854546" elapsed="0.001038"/>
</kw>
<kw name="Run Keyword If" owner="BuiltIn">
<kw name="Should Be True" owner="BuiltIn">
<arg>${True}</arg>
<doc>Fails if the given condition is not true.</doc>
<status status="PASS" start="2024-07-20T07:14:03.856479" elapsed="0.000136"/>
</kw>
<arg>${json_data["results"][0]["location"]["coordinates"]["longitude"]} &gt;= -180 and ${json_data["results"][0]["location"]["coordinates"]["longitude"]} &lt;= 180</arg>
<arg>Should Be True</arg>
<arg>${True}</arg>
<doc>Runs the given keyword with the given arguments, if ``condition`` is true.</doc>
<status status="PASS" start="2024-07-20T07:14:03.855777" elapsed="0.000959"/>
</kw>
<status status="PASS" start="2024-07-20T07:14:03.739702" elapsed="0.117160"/>
</kw>
<doc>Testa o conteúdo específico dos campos retornados pela API.</doc>
<tag>testeConteudo</tag>
<status status="PASS" start="2024-07-20T07:14:03.739022" elapsed="0.117980"/>
</test>
<status status="PASS" start="2024-07-20T07:14:02.857230" elapsed="1.001664"/>
</suite>
<status status="PASS" start="2024-07-20T07:14:02.842754" elapsed="1.021096"/>
</suite>
<statistics>
<total>
<stat pass="5" fail="0" skip="0">All Tests</stat>
</total>
<tag>
<stat pass="1" fail="0" skip="0">testeConteudo</stat>
<stat pass="1" fail="0" skip="0">testeEstruturaResposta</stat>
<stat pass="1" fail="0" skip="0">testeRequisicaoBasica</stat>
<stat pass="1" fail="0" skip="0">testeTiposDados</stat>
</tag>
<suite>
<stat pass="5" fail="0" skip="0" id="s1" name="Tests">Tests</stat>
<stat pass="5" fail="0" skip="0" id="s1-s1" name="Random-User-Test">Tests.Random-User-Test</stat>
</suite>
</statistics>
<errors>
</errors>
</robot>
