<?xml version="1.0" encoding="UTF-8"?>
<robot generator="Robot 7.0 (Python 3.12.3 on linux)" generated="2024-05-24T15:16:11.293485" rpa="false" schemaversion="5">
<suite id="s1" name="Tests" source="/home/runner/work/DesafioQAItauRogerioJordao/DesafioQAItauRogerioJordao/RamdonUser/tests">
<suite id="s1-s1" name="Random-User-Test" source="/home/runner/work/DesafioQAItauRogerioJordao/DesafioQAItauRogerioJordao/RamdonUser/tests/random-user-test.robot">
<test id="s1-s1-t1" name="Conectar" line="13">
<kw name="Conectar API" owner="random-user-service">
<kw name="Create Session" owner="RequestsLibrary">
<msg time="2024-05-24T15:16:11.688683" level="INFO">Creating Session using : alias=consultarAPI, url=https://randomuser.me/, headers={},                     cookies={}, auth=None, timeout=None, proxies=None, verify=False,                     debug=0 </msg>
<arg>consultarAPI</arg>
<arg>${URL}</arg>
<doc>Create Session: create a HTTP session to a server</doc>
<status status="PASS" start="2024-05-24T15:16:11.688450" elapsed="0.000416"/>
</kw>
<status status="PASS" start="2024-05-24T15:16:11.687412" elapsed="0.001814"/>
</kw>
<status status="PASS" start="2024-05-24T15:16:11.686784" elapsed="0.002638"/>
</test>
<test id="s1-s1-t2" name="Validar retorno 200 e JSON Válido" line="16">
<kw name="Teste de Requisicao Basica" owner="random-user-service">
<kw name="GET On Session" owner="RequestsLibrary">
<msg time="2024-05-24T15:16:11.797961" level="INFO">GET Request : url=https://randomuser.me/api 
 path_url=/api 
 headers={'User-Agent': 'python-requests/2.32.2', 'Accept-Encoding': 'gzip, deflate', 'Accept': '*/*', 'Connection': 'keep-alive'} 
 body=None 
 </msg>
<msg time="2024-05-24T15:16:11.798070" level="INFO">GET Response : url=https://randomuser.me/api 
 status=200, reason=OK 
 headers={'Date': 'Fri, 24 May 2024 15:16:11 GMT', 'Content-Type': 'application/json; charset=utf-8', 'Transfer-Encoding': 'chunked', 'Connection': 'keep-alive', 'X-Powered-By': 'Express', 'Access-Control-Allow-Origin': '*', 'Cache-Control': 'no-cache', 'ETag': 'W/"498-VFizwVela+iAokcAfQf34LRxO7I"', 'Vary': 'Accept-Encoding', 'Content-Encoding': 'gzip', 'CF-Cache-Status': 'DYNAMIC', 'Report-To': '{"endpoints":[{"url":"https:\\/\\/a.nel.cloudflare.com\\/report\\/v4?s=xB41bJTPpQsm%2F1sI7KnFUDENNoOoHdTEQ3bMhsLhdO4lcVARo68qv7lsWn8R1uX%2FMQOfqvZ1qfJoipH6xonenRZ7LXqdr4caxHaARBUYbFQviUOiIBsy83jIzD7JbIDu"}],"group":"cf-nel","max_age":604800}', 'NEL': '{"success_fraction":0,"report_to":"cf-nel","max_age":604800}', 'Server': 'cloudflare', 'CF-RAY': '888e3ed54e1d10bc-ORD', 'alt-svc': 'h3=":443"; ma=86400'} 
 body={"results":[{"gender":"female","name":{"title":"Ms","first":"Senna","last":"Fleming"},"location":{"street":{"number":2572,"name":"Aymaradreef"},"city":"Janum","state":"Limburg","country":"Netherlands","postcode":"3832 DD","coordinates":{"latitude":"37.5474","longitude":"78.9344"},"timezone":{"offset":"+1:00","description":"Brussels, Copenhagen, Madrid, Paris"}},"email":"senna.fleming@example.com","login":{"uuid":"d3d74167-cb06-4f73-b271-5000ea651368","username":"beautifulgoose138","password":"jaeger","salt":"RdA8DpDl","md5":"a886f24f755eb4122a4486c23b556745","sha1":"905064c665c0779793a1dda691d3f5805ad07a1b","sha256":"f9925cbb101c6a5d3562ea38ad45b56203647b0fdce368f6a8346f8799a3d300"},"dob":{"date":"1945-02-03T21:59:58.938Z","age":79},"registered":{"date":"2002-04-13T21:52:33.313Z","age":22},"phone":"(0915) 714894","cell":"(06) 03570821","id":{"name":"BSN","value":"70373276"},"picture":{"large":"https://randomuser.me/api/portraits/women/90.jpg","medium":"https://randomuser.me/api/portraits/med/women/90.jpg","thumbnail":"https://randomuser.me/api/portraits/thumb/women/90.jpg"},"nat":"NL"}],"info":{"seed":"bdbced3b109330b8","results":1,"page":1,"version":"1.4"}} 
 </msg>
<msg time="2024-05-24T15:16:11.798138" level="INFO">/opt/hostedtoolcache/Python/3.12.3/x64/lib/python3.12/site-packages/urllib3/connectionpool.py:1103: InsecureRequestWarning: Unverified HTTPS request is being made to host 'randomuser.me'. Adding certificate verification is strongly advised. See: https://urllib3.readthedocs.io/en/latest/advanced-usage.html#tls-warnings
  warnings.warn(</msg>
<msg time="2024-05-24T15:16:11.798257" level="INFO">${response} = &lt;Response [200]&gt;</msg>
<var>${response}</var>
<arg>consultarAPI</arg>
<arg>/api</arg>
<doc>Sends a GET request on a previously created HTTP Session.</doc>
<status status="PASS" start="2024-05-24T15:16:11.691990" elapsed="0.106306"/>
</kw>
<kw name="Should Be Equal As Numbers" owner="BuiltIn">
<msg time="2024-05-24T15:16:11.799270" level="INFO">Argument types are:
&lt;class 'int'&gt;
&lt;class 'str'&gt;</msg>
<arg>${response.status_code}</arg>
<arg>200</arg>
<doc>Fails if objects are unequal after converting them to real numbers.</doc>
<status status="PASS" start="2024-05-24T15:16:11.798780" elapsed="0.000554"/>
</kw>
<kw name="Log" owner="BuiltIn">
<msg time="2024-05-24T15:16:11.800021" level="INFO">200</msg>
<arg>${response.status_code}</arg>
<doc>Logs the given message with the given level.</doc>
<status status="PASS" start="2024-05-24T15:16:11.799675" elapsed="0.000394"/>
</kw>
<kw name="Set Variable" owner="BuiltIn">
<msg time="2024-05-24T15:16:11.800839" level="INFO">${json_data} = {'results': [{'gender': 'female', 'name': {'title': 'Ms', 'first': 'Senna', 'last': 'Fleming'}, 'location': {'street': {'number': 2572, 'name': 'Aymaradreef'}, 'city': 'Janum', 'state': 'Limburg', 'co...</msg>
<var>${json_data}</var>
<arg>${response.json()}</arg>
<doc>Returns the given values which can then be assigned to a variables.</doc>
<status status="PASS" start="2024-05-24T15:16:11.800371" elapsed="0.000498"/>
</kw>
<kw name="Dictionary Should Contain Key" owner="Collections">
<msg time="2024-05-24T15:16:11.801335" level="INFO">False</msg>
<arg>${json_data}</arg>
<arg>results</arg>
<doc>Fails if ``key`` is not found from ``dictionary``.</doc>
<status status="PASS" start="2024-05-24T15:16:11.801171" elapsed="0.000202"/>
</kw>
<status status="PASS" start="2024-05-24T15:16:11.691745" elapsed="0.109879"/>
</kw>
<doc>Testa se a API responde corretamente e retorna um objeto JSON válido.</doc>
<tag>testeRequisicaoBasica</tag>
<status status="PASS" start="2024-05-24T15:16:11.691286" elapsed="0.110508"/>
</test>
<test id="s1-s1-t3" name="Validar estrutura de resposta" line="22">
<kw name="Teste de Estrutura de Resposta" owner="random-user-service">
<kw name="GET On Session" owner="RequestsLibrary">
<msg time="2024-05-24T15:16:11.964196" level="INFO">GET Request : url=https://randomuser.me/api 
 path_url=/api 
 headers={'User-Agent': 'python-requests/2.32.2', 'Accept-Encoding': 'gzip, deflate', 'Accept': '*/*', 'Connection': 'keep-alive'} 
 body=None 
 </msg>
<msg time="2024-05-24T15:16:11.964266" level="INFO">GET Response : url=https://randomuser.me/api 
 status=200, reason=OK 
 headers={'Date': 'Fri, 24 May 2024 15:16:11 GMT', 'Content-Type': 'application/json; charset=utf-8', 'Transfer-Encoding': 'chunked', 'Connection': 'keep-alive', 'X-Powered-By': 'Express', 'Access-Control-Allow-Origin': '*', 'Cache-Control': 'no-cache', 'ETag': 'W/"47f-3EvCZ7qaSpn5XwtWvlYFQ/IVrA0"', 'Vary': 'Accept-Encoding', 'Content-Encoding': 'gzip', 'CF-Cache-Status': 'DYNAMIC', 'Report-To': '{"endpoints":[{"url":"https:\\/\\/a.nel.cloudflare.com\\/report\\/v4?s=rNnSuJpCucE6qjwlfhRved7dtxDCF3wrrX0T%2FrkrQETGBSXYLrs7qAiyRzOXW2jk%2BSQA%2FLKGEAsO9nhh9VmATpCq6Jp9UlNgfiWHlkKaKZj9macG%2FUjmAPYuHpt9vVEF"}],"group":"cf-nel","max_age":604800}', 'NEL': '{"success_fraction":0,"report_to":"cf-nel","max_age":604800}', 'Server': 'cloudflare', 'CF-RAY': '888e3ed5cecf10bc-ORD', 'alt-svc': 'h3=":443"; ma=86400'} 
 body={"results":[{"gender":"male","name":{"title":"Mr","first":"Kian","last":"Lundberg"},"location":{"street":{"number":3522,"name":"Lilleakerveien"},"city":"Ramsund","state":"Oslo","country":"Norway","postcode":"4023","coordinates":{"latitude":"43.5760","longitude":"-159.3541"},"timezone":{"offset":"+5:30","description":"Bombay, Calcutta, Madras, New Delhi"}},"email":"kian.lundberg@example.com","login":{"uuid":"78b58992-33c5-492c-b124-f5647b99c38f","username":"blackfish998","password":"ashley","salt":"mnVvJjVn","md5":"0243cd861324b4cdf9ee560ec5f065e5","sha1":"16546af1b3356adc30b4856f935da0306e550deb","sha256":"0dde2c4a05c73502a51e97650fee687d87aa710cb037cdee559f24d50d24fa8d"},"dob":{"date":"1963-12-12T13:49:57.219Z","age":60},"registered":{"date":"2010-07-15T02:16:24.333Z","age":13},"phone":"57667159","cell":"43018278","id":{"name":"FN","value":"12126334352"},"picture":{"large":"https://randomuser.me/api/portraits/men/29.jpg","medium":"https://randomuser.me/api/portraits/med/men/29.jpg","thumbnail":"https://randomuser.me/api/portraits/thumb/men/29.jpg"},"nat":"NO"}],"info":{"seed":"cb54ac510f9cdfc1","results":1,"page":1,"version":"1.4"}} 
 </msg>
<msg time="2024-05-24T15:16:11.964361" level="INFO">/opt/hostedtoolcache/Python/3.12.3/x64/lib/python3.12/site-packages/urllib3/connectionpool.py:1103: InsecureRequestWarning: Unverified HTTPS request is being made to host 'randomuser.me'. Adding certificate verification is strongly advised. See: https://urllib3.readthedocs.io/en/latest/advanced-usage.html#tls-warnings
  warnings.warn(</msg>
<msg time="2024-05-24T15:16:11.964568" level="INFO">${response} = &lt;Response [200]&gt;</msg>
<var>${response}</var>
<arg>consultarAPI</arg>
<arg>/api</arg>
<doc>Sends a GET request on a previously created HTTP Session.</doc>
<status status="PASS" start="2024-05-24T15:16:11.804515" elapsed="0.160091"/>
</kw>
<kw name="Set Variable" owner="BuiltIn">
<msg time="2024-05-24T15:16:11.965458" level="INFO">${json_data} = {'results': [{'gender': 'male', 'name': {'title': 'Mr', 'first': 'Kian', 'last': 'Lundberg'}, 'location': {'street': {'number': 3522, 'name': 'Lilleakerveien'}, 'city': 'Ramsund', 'state': 'Oslo', 'co...</msg>
<var>${json_data}</var>
<arg>${response.json()}</arg>
<doc>Returns the given values which can then be assigned to a variables.</doc>
<status status="PASS" start="2024-05-24T15:16:11.965003" elapsed="0.000484"/>
</kw>
<kw name="Log" owner="BuiltIn">
<msg time="2024-05-24T15:16:11.965947" level="INFO">{'results': [{'gender': 'male', 'name': {'title': 'Mr', 'first': 'Kian', 'last': 'Lundberg'}, 'location': {'street': {'number': 3522, 'name': 'Lilleakerveien'}, 'city': 'Ramsund', 'state': 'Oslo', 'country': 'Norway', 'postcode': '4023', 'coordinates': {'latitude': '43.5760', 'longitude': '-159.3541'}, 'timezone': {'offset': '+5:30', 'description': 'Bombay, Calcutta, Madras, New Delhi'}}, 'email': 'kian.lundberg@example.com', 'login': {'uuid': '78b58992-33c5-492c-b124-f5647b99c38f', 'username': 'blackfish998', 'password': 'ashley', 'salt': 'mnVvJjVn', 'md5': '0243cd861324b4cdf9ee560ec5f065e5', 'sha1': '16546af1b3356adc30b4856f935da0306e550deb', 'sha256': '0dde2c4a05c73502a51e97650fee687d87aa710cb037cdee559f24d50d24fa8d'}, 'dob': {'date': '1963-12-12T13:49:57.219Z', 'age': 60}, 'registered': {'date': '2010-07-15T02:16:24.333Z', 'age': 13}, 'phone': '57667159', 'cell': '43018278', 'id': {'name': 'FN', 'value': '12126334352'}, 'picture': {'large': 'https://randomuser.me/api/portraits/men/29.jpg', 'medium': 'https://randomuser.me/api/portraits/med/men/29.jpg', 'thumbnail': 'https://randomuser.me/api/portraits/thumb/men/29.jpg'}, 'nat': 'NO'}], 'info': {'seed': 'cb54ac510f9cdfc1', 'results': 1, 'page': 1, 'version': '1.4'}}</msg>
<arg>${json_data}</arg>
<doc>Logs the given message with the given level.</doc>
<status status="PASS" start="2024-05-24T15:16:11.965792" elapsed="0.000209"/>
</kw>
<kw name="Dictionary Should Contain Key" owner="Collections">
<msg time="2024-05-24T15:16:11.966448" level="INFO">False</msg>
<arg>${json_data}</arg>
<arg>results</arg>
<doc>Fails if ``key`` is not found from ``dictionary``.</doc>
<status status="PASS" start="2024-05-24T15:16:11.966296" elapsed="0.000189"/>
</kw>
<kw name="Should Not Be Empty" owner="BuiltIn">
<msg time="2024-05-24T15:16:11.966912" level="INFO">Length is 2.</msg>
<arg>${json_data}</arg>
<doc>Verifies that the given item is not empty.</doc>
<status status="PASS" start="2024-05-24T15:16:11.966780" elapsed="0.000170"/>
</kw>
<kw name="Create List" owner="BuiltIn">
<msg time="2024-05-24T15:16:11.967524" level="INFO">${expected_keys} = ['gender', 'name', 'location', 'email', 'login']</msg>
<var>${expected_keys}</var>
<arg>gender</arg>
<arg>name</arg>
<arg>location</arg>
<arg>email</arg>
<arg>login</arg>
<doc>Returns a list containing given items.</doc>
<status status="PASS" start="2024-05-24T15:16:11.967241" elapsed="0.000307"/>
</kw>
<for flavor="IN">
<iter>
<kw name="Dictionary Should Contain Key" owner="Collections">
<msg time="2024-05-24T15:16:11.968523" level="INFO">False</msg>
<arg>${json_data['results'][0]}</arg>
<arg>${key}</arg>
<doc>Fails if ``key`` is not found from ``dictionary``.</doc>
<status status="PASS" start="2024-05-24T15:16:11.968121" elapsed="0.000440"/>
</kw>
<kw name="Log" owner="BuiltIn">
<msg time="2024-05-24T15:16:11.969246" level="INFO">{'gender': 'male', 'name': {'title': 'Mr', 'first': 'Kian', 'last': 'Lundberg'}, 'location': {'street': {'number': 3522, 'name': 'Lilleakerveien'}, 'city': 'Ramsund', 'state': 'Oslo', 'country': 'Norway', 'postcode': '4023', 'coordinates': {'latitude': '43.5760', 'longitude': '-159.3541'}, 'timezone': {'offset': '+5:30', 'description': 'Bombay, Calcutta, Madras, New Delhi'}}, 'email': 'kian.lundberg@example.com', 'login': {'uuid': '78b58992-33c5-492c-b124-f5647b99c38f', 'username': 'blackfish998', 'password': 'ashley', 'salt': 'mnVvJjVn', 'md5': '0243cd861324b4cdf9ee560ec5f065e5', 'sha1': '16546af1b3356adc30b4856f935da0306e550deb', 'sha256': '0dde2c4a05c73502a51e97650fee687d87aa710cb037cdee559f24d50d24fa8d'}, 'dob': {'date': '1963-12-12T13:49:57.219Z', 'age': 60}, 'registered': {'date': '2010-07-15T02:16:24.333Z', 'age': 13}, 'phone': '57667159', 'cell': '43018278', 'id': {'name': 'FN', 'value': '12126334352'}, 'picture': {'large': 'https://randomuser.me/api/portraits/men/29.jpg', 'medium': 'https://randomuser.me/api/portraits/med/men/29.jpg', 'thumbnail': 'https://randomuser.me/api/portraits/thumb/men/29.jpg'}, 'nat': 'NO'}</msg>
<arg>${json_data['results'][0]}</arg>
<doc>Logs the given message with the given level.</doc>
<status status="PASS" start="2024-05-24T15:16:11.968883" elapsed="0.000421"/>
</kw>
<kw name="Log" owner="BuiltIn">
<msg time="2024-05-24T15:16:11.969723" level="INFO">gender</msg>
<arg>${key}</arg>
<doc>Logs the given message with the given level.</doc>
<status status="PASS" start="2024-05-24T15:16:11.969596" elapsed="0.000164"/>
</kw>
<var name="${key}">gender</var>
<status status="PASS" start="2024-05-24T15:16:11.967994" elapsed="0.001977"/>
</iter>
<iter>
<kw name="Dictionary Should Contain Key" owner="Collections">
<msg time="2024-05-24T15:16:11.970650" level="INFO">False</msg>
<arg>${json_data['results'][0]}</arg>
<arg>${key}</arg>
<doc>Fails if ``key`` is not found from ``dictionary``.</doc>
<status status="PASS" start="2024-05-24T15:16:11.970268" elapsed="0.000417"/>
</kw>
<kw name="Log" owner="BuiltIn">
<msg time="2024-05-24T15:16:11.971364" level="INFO">{'gender': 'male', 'name': {'title': 'Mr', 'first': 'Kian', 'last': 'Lundberg'}, 'location': {'street': {'number': 3522, 'name': 'Lilleakerveien'}, 'city': 'Ramsund', 'state': 'Oslo', 'country': 'Norway', 'postcode': '4023', 'coordinates': {'latitude': '43.5760', 'longitude': '-159.3541'}, 'timezone': {'offset': '+5:30', 'description': 'Bombay, Calcutta, Madras, New Delhi'}}, 'email': 'kian.lundberg@example.com', 'login': {'uuid': '78b58992-33c5-492c-b124-f5647b99c38f', 'username': 'blackfish998', 'password': 'ashley', 'salt': 'mnVvJjVn', 'md5': '0243cd861324b4cdf9ee560ec5f065e5', 'sha1': '16546af1b3356adc30b4856f935da0306e550deb', 'sha256': '0dde2c4a05c73502a51e97650fee687d87aa710cb037cdee559f24d50d24fa8d'}, 'dob': {'date': '1963-12-12T13:49:57.219Z', 'age': 60}, 'registered': {'date': '2010-07-15T02:16:24.333Z', 'age': 13}, 'phone': '57667159', 'cell': '43018278', 'id': {'name': 'FN', 'value': '12126334352'}, 'picture': {'large': 'https://randomuser.me/api/portraits/men/29.jpg', 'medium': 'https://randomuser.me/api/portraits/med/men/29.jpg', 'thumbnail': 'https://randomuser.me/api/portraits/thumb/men/29.jpg'}, 'nat': 'NO'}</msg>
<arg>${json_data['results'][0]}</arg>
<doc>Logs the given message with the given level.</doc>
<status status="PASS" start="2024-05-24T15:16:11.971003" elapsed="0.000409"/>
</kw>
<kw name="Log" owner="BuiltIn">
<msg time="2024-05-24T15:16:11.971829" level="INFO">name</msg>
<arg>${key}</arg>
<doc>Logs the given message with the given level.</doc>
<status status="PASS" start="2024-05-24T15:16:11.971702" elapsed="0.000163"/>
</kw>
<var name="${key}">name</var>
<status status="PASS" start="2024-05-24T15:16:11.970154" elapsed="0.001921"/>
</iter>
<iter>
<kw name="Dictionary Should Contain Key" owner="Collections">
<msg time="2024-05-24T15:16:11.972763" level="INFO">False</msg>
<arg>${json_data['results'][0]}</arg>
<arg>${key}</arg>
<doc>Fails if ``key`` is not found from ``dictionary``.</doc>
<status status="PASS" start="2024-05-24T15:16:11.972366" elapsed="0.000435"/>
</kw>
<kw name="Log" owner="BuiltIn">
<msg time="2024-05-24T15:16:11.973445" level="INFO">{'gender': 'male', 'name': {'title': 'Mr', 'first': 'Kian', 'last': 'Lundberg'}, 'location': {'street': {'number': 3522, 'name': 'Lilleakerveien'}, 'city': 'Ramsund', 'state': 'Oslo', 'country': 'Norway', 'postcode': '4023', 'coordinates': {'latitude': '43.5760', 'longitude': '-159.3541'}, 'timezone': {'offset': '+5:30', 'description': 'Bombay, Calcutta, Madras, New Delhi'}}, 'email': 'kian.lundberg@example.com', 'login': {'uuid': '78b58992-33c5-492c-b124-f5647b99c38f', 'username': 'blackfish998', 'password': 'ashley', 'salt': 'mnVvJjVn', 'md5': '0243cd861324b4cdf9ee560ec5f065e5', 'sha1': '16546af1b3356adc30b4856f935da0306e550deb', 'sha256': '0dde2c4a05c73502a51e97650fee687d87aa710cb037cdee559f24d50d24fa8d'}, 'dob': {'date': '1963-12-12T13:49:57.219Z', 'age': 60}, 'registered': {'date': '2010-07-15T02:16:24.333Z', 'age': 13}, 'phone': '57667159', 'cell': '43018278', 'id': {'name': 'FN', 'value': '12126334352'}, 'picture': {'large': 'https://randomuser.me/api/portraits/men/29.jpg', 'medium': 'https://randomuser.me/api/portraits/med/men/29.jpg', 'thumbnail': 'https://randomuser.me/api/portraits/thumb/men/29.jpg'}, 'nat': 'NO'}</msg>
<arg>${json_data['results'][0]}</arg>
<doc>Logs the given message with the given level.</doc>
<status status="PASS" start="2024-05-24T15:16:11.973091" elapsed="0.000410"/>
</kw>
<kw name="Log" owner="BuiltIn">
<msg time="2024-05-24T15:16:11.973916" level="INFO">location</msg>
<arg>${key}</arg>
<doc>Logs the given message with the given level.</doc>
<status status="PASS" start="2024-05-24T15:16:11.973792" elapsed="0.000161"/>
</kw>
<var name="${key}">location</var>
<status status="PASS" start="2024-05-24T15:16:11.972251" elapsed="0.001914"/>
</iter>
<iter>
<kw name="Dictionary Should Contain Key" owner="Collections">
<msg time="2024-05-24T15:16:11.974822" level="INFO">False</msg>
<arg>${json_data['results'][0]}</arg>
<arg>${key}</arg>
<doc>Fails if ``key`` is not found from ``dictionary``.</doc>
<status status="PASS" start="2024-05-24T15:16:11.974446" elapsed="0.000412"/>
</kw>
<kw name="Log" owner="BuiltIn">
<msg time="2024-05-24T15:16:11.975504" level="INFO">{'gender': 'male', 'name': {'title': 'Mr', 'first': 'Kian', 'last': 'Lundberg'}, 'location': {'street': {'number': 3522, 'name': 'Lilleakerveien'}, 'city': 'Ramsund', 'state': 'Oslo', 'country': 'Norway', 'postcode': '4023', 'coordinates': {'latitude': '43.5760', 'longitude': '-159.3541'}, 'timezone': {'offset': '+5:30', 'description': 'Bombay, Calcutta, Madras, New Delhi'}}, 'email': 'kian.lundberg@example.com', 'login': {'uuid': '78b58992-33c5-492c-b124-f5647b99c38f', 'username': 'blackfish998', 'password': 'ashley', 'salt': 'mnVvJjVn', 'md5': '0243cd861324b4cdf9ee560ec5f065e5', 'sha1': '16546af1b3356adc30b4856f935da0306e550deb', 'sha256': '0dde2c4a05c73502a51e97650fee687d87aa710cb037cdee559f24d50d24fa8d'}, 'dob': {'date': '1963-12-12T13:49:57.219Z', 'age': 60}, 'registered': {'date': '2010-07-15T02:16:24.333Z', 'age': 13}, 'phone': '57667159', 'cell': '43018278', 'id': {'name': 'FN', 'value': '12126334352'}, 'picture': {'large': 'https://randomuser.me/api/portraits/men/29.jpg', 'medium': 'https://randomuser.me/api/portraits/med/men/29.jpg', 'thumbnail': 'https://randomuser.me/api/portraits/thumb/men/29.jpg'}, 'nat': 'NO'}</msg>
<arg>${json_data['results'][0]}</arg>
<doc>Logs the given message with the given level.</doc>
<status status="PASS" start="2024-05-24T15:16:11.975154" elapsed="0.000397"/>
</kw>
<kw name="Log" owner="BuiltIn">
<msg time="2024-05-24T15:16:11.975964" level="INFO">email</msg>
<arg>${key}</arg>
<doc>Logs the given message with the given level.</doc>
<status status="PASS" start="2024-05-24T15:16:11.975839" elapsed="0.000167"/>
</kw>
<var name="${key}">email</var>
<status status="PASS" start="2024-05-24T15:16:11.974337" elapsed="0.001884"/>
</iter>
<iter>
<kw name="Dictionary Should Contain Key" owner="Collections">
<msg time="2024-05-24T15:16:11.976899" level="INFO">False</msg>
<arg>${json_data['results'][0]}</arg>
<arg>${key}</arg>
<doc>Fails if ``key`` is not found from ``dictionary``.</doc>
<status status="PASS" start="2024-05-24T15:16:11.976498" elapsed="0.000437"/>
</kw>
<kw name="Log" owner="BuiltIn">
<msg time="2024-05-24T15:16:11.977576" level="INFO">{'gender': 'male', 'name': {'title': 'Mr', 'first': 'Kian', 'last': 'Lundberg'}, 'location': {'street': {'number': 3522, 'name': 'Lilleakerveien'}, 'city': 'Ramsund', 'state': 'Oslo', 'country': 'Norway', 'postcode': '4023', 'coordinates': {'latitude': '43.5760', 'longitude': '-159.3541'}, 'timezone': {'offset': '+5:30', 'description': 'Bombay, Calcutta, Madras, New Delhi'}}, 'email': 'kian.lundberg@example.com', 'login': {'uuid': '78b58992-33c5-492c-b124-f5647b99c38f', 'username': 'blackfish998', 'password': 'ashley', 'salt': 'mnVvJjVn', 'md5': '0243cd861324b4cdf9ee560ec5f065e5', 'sha1': '16546af1b3356adc30b4856f935da0306e550deb', 'sha256': '0dde2c4a05c73502a51e97650fee687d87aa710cb037cdee559f24d50d24fa8d'}, 'dob': {'date': '1963-12-12T13:49:57.219Z', 'age': 60}, 'registered': {'date': '2010-07-15T02:16:24.333Z', 'age': 13}, 'phone': '57667159', 'cell': '43018278', 'id': {'name': 'FN', 'value': '12126334352'}, 'picture': {'large': 'https://randomuser.me/api/portraits/men/29.jpg', 'medium': 'https://randomuser.me/api/portraits/med/men/29.jpg', 'thumbnail': 'https://randomuser.me/api/portraits/thumb/men/29.jpg'}, 'nat': 'NO'}</msg>
<arg>${json_data['results'][0]}</arg>
<doc>Logs the given message with the given level.</doc>
<status status="PASS" start="2024-05-24T15:16:11.977225" elapsed="0.000420"/>
</kw>
<kw name="Log" owner="BuiltIn">
<msg time="2024-05-24T15:16:11.978103" level="INFO">login</msg>
<arg>${key}</arg>
<doc>Logs the given message with the given level.</doc>
<status status="PASS" start="2024-05-24T15:16:11.977978" elapsed="0.000162"/>
</kw>
<var name="${key}">login</var>
<status status="PASS" start="2024-05-24T15:16:11.976389" elapsed="0.001975"/>
</iter>
<var>${key}</var>
<value>@{expected_keys}</value>
<status status="PASS" start="2024-05-24T15:16:11.967812" elapsed="0.010699"/>
</for>
<kw name="Create List" owner="BuiltIn">
<msg time="2024-05-24T15:16:11.978869" level="INFO">${expected_keysTwo} = ['username', 'password']</msg>
<var>${expected_keysTwo}</var>
<arg>username</arg>
<arg>password</arg>
<doc>Returns a list containing given items.</doc>
<status status="PASS" start="2024-05-24T15:16:11.978733" elapsed="0.000159"/>
</kw>
<for flavor="IN">
<iter>
<kw name="Dictionary Should Contain Key" owner="Collections">
<msg time="2024-05-24T15:16:11.979749" level="INFO">False</msg>
<arg>${json_data['results'][0]['login']}</arg>
<arg>${keyTwo}</arg>
<doc>Fails if ``key`` is not found from ``dictionary``.</doc>
<status status="PASS" start="2024-05-24T15:16:11.979375" elapsed="0.000409"/>
</kw>
<kw name="Dictionary Should Contain Key" owner="Collections">
<msg time="2024-05-24T15:16:11.980470" level="INFO">False</msg>
<arg>${json_data['results'][0]['login']}</arg>
<arg>${keyTwo}</arg>
<doc>Fails if ``key`` is not found from ``dictionary``.</doc>
<status status="PASS" start="2024-05-24T15:16:11.980083" elapsed="0.000423"/>
</kw>
<kw name="Log" owner="BuiltIn">
<msg time="2024-05-24T15:16:11.980957" level="INFO">username</msg>
<arg>${keyTwo}</arg>
<doc>Logs the given message with the given level.</doc>
<status status="PASS" start="2024-05-24T15:16:11.980829" elapsed="0.000165"/>
</kw>
<var name="${keyTwo}">username</var>
<status status="PASS" start="2024-05-24T15:16:11.979268" elapsed="0.001934"/>
</iter>
<iter>
<kw name="Dictionary Should Contain Key" owner="Collections">
<msg time="2024-05-24T15:16:11.981851" level="INFO">False</msg>
<arg>${json_data['results'][0]['login']}</arg>
<arg>${keyTwo}</arg>
<doc>Fails if ``key`` is not found from ``dictionary``.</doc>
<status status="PASS" start="2024-05-24T15:16:11.981479" elapsed="0.000409"/>
</kw>
<kw name="Dictionary Should Contain Key" owner="Collections">
<msg time="2024-05-24T15:16:11.982629" level="INFO">False</msg>
<arg>${json_data['results'][0]['login']}</arg>
<arg>${keyTwo}</arg>
<doc>Fails if ``key`` is not found from ``dictionary``.</doc>
<status status="PASS" start="2024-05-24T15:16:11.982177" elapsed="0.000491"/>
</kw>
<kw name="Log" owner="BuiltIn">
<msg time="2024-05-24T15:16:11.983087" level="INFO">password</msg>
<arg>${keyTwo}</arg>
<doc>Logs the given message with the given level.</doc>
<status status="PASS" start="2024-05-24T15:16:11.982960" elapsed="0.000169"/>
</kw>
<var name="${keyTwo}">password</var>
<status status="PASS" start="2024-05-24T15:16:11.981370" elapsed="0.001974"/>
</iter>
<var>${keyTwo}</var>
<value>@{expected_keysTwo}</value>
<status status="PASS" start="2024-05-24T15:16:11.979124" elapsed="0.004340"/>
</for>
<status status="PASS" start="2024-05-24T15:16:11.804166" elapsed="0.179434"/>
</kw>
<doc>Testa a estrutura da resposta da API.</doc>
<tag>testeEstruturaResposta</tag>
<status status="PASS" start="2024-05-24T15:16:11.803590" elapsed="0.180161"/>
</test>
<test id="s1-s1-t4" name="Validar tipos de dados" line="28">
<kw name="Teste de Tipos de Dados" owner="random-user-service">
<kw name="GET On Session" owner="RequestsLibrary">
<msg time="2024-05-24T15:16:12.444008" level="INFO">GET Request : url=https://randomuser.me/api 
 path_url=/api 
 headers={'User-Agent': 'python-requests/2.32.2', 'Accept-Encoding': 'gzip, deflate', 'Accept': '*/*', 'Connection': 'keep-alive'} 
 body=None 
 </msg>
<msg time="2024-05-24T15:16:12.444100" level="INFO">GET Response : url=https://randomuser.me/api 
 status=200, reason=OK 
 headers={'Date': 'Fri, 24 May 2024 15:16:12 GMT', 'Content-Type': 'application/json; charset=utf-8', 'Transfer-Encoding': 'chunked', 'Connection': 'keep-alive', 'X-Powered-By': 'Express', 'Access-Control-Allow-Origin': '*', 'Cache-Control': 'no-cache', 'ETag': 'W/"49a-6n04H+Jg44lVTke9oc+1JThV4q0"', 'Vary': 'Accept-Encoding', 'Content-Encoding': 'gzip', 'CF-Cache-Status': 'DYNAMIC', 'Report-To': '{"endpoints":[{"url":"https:\\/\\/a.nel.cloudflare.com\\/report\\/v4?s=f%2F3TLbxveqEI8KW66Sk0tZWc2JmOfu%2BNsmqSU0tDfRWLJZ6YvE%2B556WbiVQ3OwgrDo8q7xCUo12Vejme4Jy6yQdXelVakJ%2B6M3H0MVyJVhKhBZDEPylldY3xXzF87T1k"}],"group":"cf-nel","max_age":604800}', 'NEL': '{"success_fraction":0,"report_to":"cf-nel","max_age":604800}', 'Server': 'cloudflare', 'CF-RAY': '888e3ed6e85a10bc-ORD', 'alt-svc': 'h3=":443"; ma=86400'} 
 body={"results":[{"gender":"male","name":{"title":"Mr","first":"Božidar","last":"Novak"},"location":{"street":{"number":7589,"name":"Čedomira Popova "},"city":"Negotin","state":"Srem","country":"Serbia","postcode":83405,"coordinates":{"latitude":"63.3733","longitude":"-87.6582"},"timezone":{"offset":"0:00","description":"Western Europe Time, London, Lisbon, Casablanca"}},"email":"bozidar.novak@example.com","login":{"uuid":"177c28dd-87c6-4f28-86a1-5335eb1d4be6","username":"purplebutterfly430","password":"gotribe","salt":"ICUA7jGH","md5":"66e12d08d772380094ed8889dba4128f","sha1":"bac0d4c16a1e4ae051b802674b05580536744b78","sha256":"69e52c5b9d5b2eb2428885e54f7850b4fb49fed7aeb95ff36f78b300ad56e752"},"dob":{"date":"1957-06-03T22:38:44.398Z","age":66},"registered":{"date":"2006-09-30T08:45:09.064Z","age":17},"phone":"036-1827-840","cell":"064-6295-546","id":{"name":"SID","value":"668772980"},"picture":{"large":"https://randomuser.me/api/portraits/men/34.jpg","medium":"https://randomuser.me/api/portraits/med/men/34.jpg","thumbnail":"https://randomuser.me/api/portraits/thumb/men/34.jpg"},"nat":"RS"}],"info":{"seed":"75e2b12a41c92a77","results":1,"page":1,"version":"1.4"}} 
 </msg>
<msg time="2024-05-24T15:16:12.444172" level="INFO">/opt/hostedtoolcache/Python/3.12.3/x64/lib/python3.12/site-packages/urllib3/connectionpool.py:1103: InsecureRequestWarning: Unverified HTTPS request is being made to host 'randomuser.me'. Adding certificate verification is strongly advised. See: https://urllib3.readthedocs.io/en/latest/advanced-usage.html#tls-warnings
  warnings.warn(</msg>
<msg time="2024-05-24T15:16:12.444283" level="INFO">${response} = &lt;Response [200]&gt;</msg>
<var>${response}</var>
<arg>consultarAPI</arg>
<arg>/api</arg>
<doc>Sends a GET request on a previously created HTTP Session.</doc>
<status status="PASS" start="2024-05-24T15:16:11.986140" elapsed="0.458177"/>
</kw>
<kw name="Set Variable" owner="BuiltIn">
<msg time="2024-05-24T15:16:12.445355" level="INFO">${json_data} = {'results': [{'gender': 'male', 'name': {'title': 'Mr', 'first': 'Božidar', 'last': 'Novak'}, 'location': {'street': {'number': 7589, 'name': 'Čedomira Popova '}, 'city': 'Negotin', 'state': 'Srem', '...</msg>
<var>${json_data}</var>
<arg>${response.json()}</arg>
<doc>Returns the given values which can then be assigned to a variables.</doc>
<status status="PASS" start="2024-05-24T15:16:12.444838" elapsed="0.000548"/>
</kw>
<kw name="Log" owner="BuiltIn">
<msg time="2024-05-24T15:16:12.445854" level="INFO">{'results': [{'gender': 'male', 'name': {'title': 'Mr', 'first': 'Božidar', 'last': 'Novak'}, 'location': {'street': {'number': 7589, 'name': 'Čedomira Popova '}, 'city': 'Negotin', 'state': 'Srem', 'country': 'Serbia', 'postcode': 83405, 'coordinates': {'latitude': '63.3733', 'longitude': '-87.6582'}, 'timezone': {'offset': '0:00', 'description': 'Western Europe Time, London, Lisbon, Casablanca'}}, 'email': 'bozidar.novak@example.com', 'login': {'uuid': '177c28dd-87c6-4f28-86a1-5335eb1d4be6', 'username': 'purplebutterfly430', 'password': 'gotribe', 'salt': 'ICUA7jGH', 'md5': '66e12d08d772380094ed8889dba4128f', 'sha1': 'bac0d4c16a1e4ae051b802674b05580536744b78', 'sha256': '69e52c5b9d5b2eb2428885e54f7850b4fb49fed7aeb95ff36f78b300ad56e752'}, 'dob': {'date': '1957-06-03T22:38:44.398Z', 'age': 66}, 'registered': {'date': '2006-09-30T08:45:09.064Z', 'age': 17}, 'phone': '036-1827-840', 'cell': '064-6295-546', 'id': {'name': 'SID', 'value': '668772980'}, 'picture': {'large': 'https://randomuser.me/api/portraits/men/34.jpg', 'medium': 'https://randomuser.me/api/portraits/med/men/34.jpg', 'thumbnail': 'https://randomuser.me/api/portraits/thumb/men/34.jpg'}, 'nat': 'RS'}], 'info': {'seed': '75e2b12a41c92a77', 'results': 1, 'page': 1, 'version': '1.4'}}</msg>
<arg>${json_data}</arg>
<doc>Logs the given message with the given level.</doc>
<status status="PASS" start="2024-05-24T15:16:12.445693" elapsed="0.000263"/>
</kw>
<kw name="Should Be String" owner="String">
<arg>${json_data['results'][0]['gender']}</arg>
<doc>Fails if the given ``item`` is not a string.</doc>
<status status="PASS" start="2024-05-24T15:16:12.446258" elapsed="0.000360"/>
</kw>
<kw name="Should Match Regexp" owner="BuiltIn">
<arg>${json_data['results'][0]['email']}</arg>
<arg>^[a-zA-Z0-9._%+-]+@[a-zA-Z0-9.-]+\.[a-zA-Z]{2,}$</arg>
<doc>Fails if ``string`` does not match ``pattern`` as a regular expression.</doc>
<status status="PASS" start="2024-05-24T15:16:12.446809" elapsed="0.000509"/>
</kw>
<kw name="Should Match Regexp" owner="BuiltIn">
<arg>${json_data['results'][0]['dob']['date']}</arg>
<arg>\\d{4}-\\d{2}-\\d{2}T\\d{2}:\\d{2}:\\d{2}\\.\\d{3}Z</arg>
<doc>Fails if ``string`` does not match ``pattern`` as a regular expression.</doc>
<status status="PASS" start="2024-05-24T15:16:12.447513" elapsed="0.000471"/>
</kw>
<kw name="Should Match Regexp" owner="BuiltIn">
<arg>${json_data['results'][0]['registered']['date']}</arg>
<arg>\\d{4}-\\d{2}-\\d{2}T\\d{2}:\\d{2}:\\d{2}\\.\\d{3}Z</arg>
<doc>Fails if ``string`` does not match ``pattern`` as a regular expression.</doc>
<status status="PASS" start="2024-05-24T15:16:12.448176" elapsed="0.000357"/>
</kw>
<kw name="Should Match Regexp" owner="BuiltIn">
<arg>${json_data['results'][0]['picture']['large']}</arg>
<arg>^https?://.*\.(?:png|jpe?g|gif|bmp)$</arg>
<doc>Fails if ``string`` does not match ``pattern`` as a regular expression.</doc>
<status status="PASS" start="2024-05-24T15:16:12.448740" elapsed="0.000462"/>
</kw>
<kw name="Should Match Regexp" owner="BuiltIn">
<arg>${json_data['results'][0]['picture']['medium']}</arg>
<arg>^https?://.*\.(?:png|jpe?g|gif|bmp)$</arg>
<doc>Fails if ``string`` does not match ``pattern`` as a regular expression.</doc>
<status status="PASS" start="2024-05-24T15:16:12.449388" elapsed="0.000352"/>
</kw>
<kw name="Should Match Regexp" owner="BuiltIn">
<arg>${json_data['results'][0]['picture']['thumbnail']}</arg>
<arg>^https?://.*\.(?:png|jpe?g|gif|bmp)$</arg>
<doc>Fails if ``string`` does not match ``pattern`` as a regular expression.</doc>
<status status="PASS" start="2024-05-24T15:16:12.449925" elapsed="0.000342"/>
</kw>
<kw name="Log" owner="BuiltIn">
<msg time="2024-05-24T15:16:12.450768" level="INFO">{'large': 'https://randomuser.me/api/portraits/men/34.jpg', 'medium': 'https://randomuser.me/api/portraits/med/men/34.jpg', 'thumbnail': 'https://randomuser.me/api/portraits/thumb/men/34.jpg'}</msg>
<arg>${json_data['results'][0]['picture']}</arg>
<doc>Logs the given message with the given level.</doc>
<status status="PASS" start="2024-05-24T15:16:12.450450" elapsed="0.000360"/>
</kw>
<status status="PASS" start="2024-05-24T15:16:11.985912" elapsed="0.465151"/>
</kw>
<kw name="Teste de Tipos de Dados - Postcode" owner="random-user-service">
<kw name="GET On Session" owner="RequestsLibrary">
<msg time="2024-05-24T15:16:12.667581" level="INFO">GET Request : url=https://randomuser.me/api 
 path_url=/api 
 headers={'User-Agent': 'python-requests/2.32.2', 'Accept-Encoding': 'gzip, deflate', 'Accept': '*/*', 'Connection': 'keep-alive'} 
 body=None 
 </msg>
<msg time="2024-05-24T15:16:12.667649" level="INFO">GET Response : url=https://randomuser.me/api 
 status=200, reason=OK 
 headers={'Date': 'Fri, 24 May 2024 15:16:12 GMT', 'Content-Type': 'application/json; charset=utf-8', 'Transfer-Encoding': 'chunked', 'Connection': 'keep-alive', 'X-Powered-By': 'Express', 'Access-Control-Allow-Origin': '*', 'Cache-Control': 'no-cache', 'ETag': 'W/"4a1-JP36Pseafvvfq+8JfV1wrCPXP6k"', 'Vary': 'Accept-Encoding', 'Content-Encoding': 'gzip', 'CF-Cache-Status': 'DYNAMIC', 'Report-To': '{"endpoints":[{"url":"https:\\/\\/a.nel.cloudflare.com\\/report\\/v4?s=VIs7Ib%2BHUQbblpUaDsG%2BKlExoNdijcXwsHQvEE75x485j4BF90RhLSAanIrqCi%2BBVGzF8pWzcidaY%2FNpIooBJPOFc6EInWtxZfclTMoZBTHPdyaZzCTKQ%2BydbROeMNHX"}],"group":"cf-nel","max_age":604800}', 'NEL': '{"success_fraction":0,"report_to":"cf-nel","max_age":604800}', 'Server': 'cloudflare', 'CF-RAY': '888e3ed9dd0710bc-ORD', 'alt-svc': 'h3=":443"; ma=86400'} 
 body={"results":[{"gender":"female","name":{"title":"Madame","first":"Marie-Christine","last":"Martinez"},"location":{"street":{"number":3400,"name":"Rue Laure-Diebold"},"city":"Subingen","state":"Luzern","country":"Switzerland","postcode":6982,"coordinates":{"latitude":"-56.3119","longitude":"20.0368"},"timezone":{"offset":"+3:30","description":"Tehran"}},"email":"marie-christine.martinez@example.com","login":{"uuid":"aac95ed6-2fba-4980-bd89-c08d79a330d3","username":"purplepeacock139","password":"lkjhgfds","salt":"7RQIFb81","md5":"1f64ec32f095db0104ec0fe3b7b1f1ec","sha1":"74c6edd6792f8aaacd8f88e117c37fb874bab402","sha256":"e5e8c8165976478260be71d758bbc613665a56fe66b1a5919ac43f613bf7032e"},"dob":{"date":"1975-01-15T07:41:57.990Z","age":49},"registered":{"date":"2019-02-15T21:27:53.822Z","age":5},"phone":"076 208 20 08","cell":"077 839 08 61","id":{"name":"AVS","value":"756.4859.1527.36"},"picture":{"large":"https://randomuser.me/api/portraits/women/46.jpg","medium":"https://randomuser.me/api/portraits/med/women/46.jpg","thumbnail":"https://randomuser.me/api/portraits/thumb/women/46.jpg"},"nat":"CH"}],"info":{"seed":"beb4fd9d0a3fad1c","results":1,"page":1,"version":"1.4"}} 
 </msg>
<msg time="2024-05-24T15:16:12.667709" level="INFO">/opt/hostedtoolcache/Python/3.12.3/x64/lib/python3.12/site-packages/urllib3/connectionpool.py:1103: InsecureRequestWarning: Unverified HTTPS request is being made to host 'randomuser.me'. Adding certificate verification is strongly advised. See: https://urllib3.readthedocs.io/en/latest/advanced-usage.html#tls-warnings
  warnings.warn(</msg>
<msg time="2024-05-24T15:16:12.667799" level="INFO">${response} = &lt;Response [200]&gt;</msg>
<var>${response}</var>
<arg>consultarAPI</arg>
<arg>/api</arg>
<doc>Sends a GET request on a previously created HTTP Session.</doc>
<status status="PASS" start="2024-05-24T15:16:12.451526" elapsed="0.216306"/>
</kw>
<kw name="Set Variable" owner="BuiltIn">
<msg time="2024-05-24T15:16:12.668708" level="INFO">${json_data} = {'results': [{'gender': 'female', 'name': {'title': 'Madame', 'first': 'Marie-Christine', 'last': 'Martinez'}, 'location': {'street': {'number': 3400, 'name': 'Rue Laure-Diebold'}, 'city': 'Subingen',...</msg>
<var>${json_data}</var>
<arg>${response.json()}</arg>
<doc>Returns the given values which can then be assigned to a variables.</doc>
<status status="PASS" start="2024-05-24T15:16:12.668223" elapsed="0.000522"/>
</kw>
<kw name="Log" owner="BuiltIn">
<msg time="2024-05-24T15:16:12.669219" level="INFO">{'results': [{'gender': 'female', 'name': {'title': 'Madame', 'first': 'Marie-Christine', 'last': 'Martinez'}, 'location': {'street': {'number': 3400, 'name': 'Rue Laure-Diebold'}, 'city': 'Subingen', 'state': 'Luzern', 'country': 'Switzerland', 'postcode': 6982, 'coordinates': {'latitude': '-56.3119', 'longitude': '20.0368'}, 'timezone': {'offset': '+3:30', 'description': 'Tehran'}}, 'email': 'marie-christine.martinez@example.com', 'login': {'uuid': 'aac95ed6-2fba-4980-bd89-c08d79a330d3', 'username': 'purplepeacock139', 'password': 'lkjhgfds', 'salt': '7RQIFb81', 'md5': '1f64ec32f095db0104ec0fe3b7b1f1ec', 'sha1': '74c6edd6792f8aaacd8f88e117c37fb874bab402', 'sha256': 'e5e8c8165976478260be71d758bbc613665a56fe66b1a5919ac43f613bf7032e'}, 'dob': {'date': '1975-01-15T07:41:57.990Z', 'age': 49}, 'registered': {'date': '2019-02-15T21:27:53.822Z', 'age': 5}, 'phone': '076 208 20 08', 'cell': '077 839 08 61', 'id': {'name': 'AVS', 'value': '756.4859.1527.36'}, 'picture': {'large': 'https://randomuser.me/api/portraits/women/46.jpg', 'medium': 'https://randomuser.me/api/portraits/med/women/46.jpg', 'thumbnail': 'https://randomuser.me/api/portraits/thumb/women/46.jpg'}, 'nat': 'CH'}], 'info': {'seed': 'beb4fd9d0a3fad1c', 'results': 1, 'page': 1, 'version': '1.4'}}</msg>
<arg>${json_data}</arg>
<doc>Logs the given message with the given level.</doc>
<status status="PASS" start="2024-05-24T15:16:12.669066" elapsed="0.000235"/>
</kw>
<kw name="Should Be Equal As Numbers" owner="BuiltIn">
<arg>${json_data['results'][0]['location']['postcode']}</arg>
<arg>${json_data['results'][0]['location']['postcode']}</arg>
<doc>Fails if objects are unequal after converting them to real numbers.</doc>
<status status="PASS" start="2024-05-24T15:16:12.669601" elapsed="0.000751"/>
</kw>
<kw name="Log" owner="BuiltIn">
<msg time="2024-05-24T15:16:12.670876" level="INFO">6982</msg>
<arg>${json_data['results'][0]['location']['postcode']}</arg>
<doc>Logs the given message with the given level.</doc>
<status status="PASS" start="2024-05-24T15:16:12.670544" elapsed="0.000371"/>
</kw>
<status status="PASS" start="2024-05-24T15:16:12.451291" elapsed="0.219873"/>
</kw>
<doc>Testa se os tipos de dados na resposta da API estão corretos.</doc>
<tag>testeTiposDados</tag>
<status status="PASS" start="2024-05-24T15:16:11.985506" elapsed="0.685857"/>
</test>
<test id="s1-s1-t5" name="Validar conteudo" line="35">
<kw name="Teste de Tipos de Conteudo" owner="random-user-service">
<kw name="GET On Session" owner="RequestsLibrary">
<msg time="2024-05-24T15:16:12.729353" level="INFO">GET Request : url=https://randomuser.me/api 
 path_url=/api 
 headers={'User-Agent': 'python-requests/2.32.2', 'Accept-Encoding': 'gzip, deflate', 'Accept': '*/*', 'Connection': 'keep-alive'} 
 body=None 
 </msg>
<msg time="2024-05-24T15:16:12.729436" level="INFO">GET Response : url=https://randomuser.me/api 
 status=200, reason=OK 
 headers={'Date': 'Fri, 24 May 2024 15:16:12 GMT', 'Content-Type': 'application/json; charset=utf-8', 'Transfer-Encoding': 'chunked', 'Connection': 'keep-alive', 'X-Powered-By': 'Express', 'Access-Control-Allow-Origin': '*', 'Cache-Control': 'no-cache', 'ETag': 'W/"47e-s5/O84X4mQeqI2Wvs7qw5XMPcsY"', 'Vary': 'Accept-Encoding', 'Content-Encoding': 'gzip', 'CF-Cache-Status': 'DYNAMIC', 'Report-To': '{"endpoints":[{"url":"https:\\/\\/a.nel.cloudflare.com\\/report\\/v4?s=E4cB620b6gNmZXHLagZMWoN0v2OCR2swjHTlQGyXcdcmlHUm5tUEUlr02P%2BjagSJ001b23rP3t9s%2BsUWNRH91p6qh%2FPl8VNj8yClvL95Ilf7gRIQKRm0LYaKOtUqjbOu"}],"group":"cf-nel","max_age":604800}', 'NEL': '{"success_fraction":0,"report_to":"cf-nel","max_age":604800}', 'Server': 'cloudflare', 'CF-RAY': '888e3edb3ed010bc-ORD', 'alt-svc': 'h3=":443"; ma=86400'} 
 body={"results":[{"gender":"female","name":{"title":"Mrs","first":"Diana","last":"Ray"},"location":{"street":{"number":6568,"name":"George Street"},"city":"Newry","state":"Gwent","country":"United Kingdom","postcode":"J99 9ZB","coordinates":{"latitude":"-6.3089","longitude":"54.3623"},"timezone":{"offset":"-2:00","description":"Mid-Atlantic"}},"email":"diana.ray@example.com","login":{"uuid":"4b66a396-d534-470f-b2ed-7184a2838ccf","username":"tinyladybug188","password":"sweden","salt":"vmrDc07h","md5":"e9a3d7dfead2df80c5cdb26c05f35f8c","sha1":"054edb7f3770e26c0cb1d9daa6625d8b2f35a969","sha256":"112ae9456e4e1a43ff6832997c0af8d735c6166d81a8949df3677d6994dce24d"},"dob":{"date":"1975-09-16T04:19:14.799Z","age":48},"registered":{"date":"2008-01-09T21:34:30.134Z","age":16},"phone":"017684 35502","cell":"07759 590991","id":{"name":"NINO","value":"YJ 17 13 87 A"},"picture":{"large":"https://randomuser.me/api/portraits/women/65.jpg","medium":"https://randomuser.me/api/portraits/med/women/65.jpg","thumbnail":"https://randomuser.me/api/portraits/thumb/women/65.jpg"},"nat":"GB"}],"info":{"seed":"926c29e389eba0f0","results":1,"page":1,"version":"1.4"}} 
 </msg>
<msg time="2024-05-24T15:16:12.729509" level="INFO">/opt/hostedtoolcache/Python/3.12.3/x64/lib/python3.12/site-packages/urllib3/connectionpool.py:1103: InsecureRequestWarning: Unverified HTTPS request is being made to host 'randomuser.me'. Adding certificate verification is strongly advised. See: https://urllib3.readthedocs.io/en/latest/advanced-usage.html#tls-warnings
  warnings.warn(</msg>
<msg time="2024-05-24T15:16:12.729603" level="INFO">${response} = &lt;Response [200]&gt;</msg>
<var>${response}</var>
<arg>consultarAPI</arg>
<arg>/api</arg>
<doc>Sends a GET request on a previously created HTTP Session.</doc>
<status status="PASS" start="2024-05-24T15:16:12.674337" elapsed="0.055294"/>
</kw>
<kw name="Set Variable" owner="BuiltIn">
<msg time="2024-05-24T15:16:12.730442" level="INFO">${json_data} = {'results': [{'gender': 'female', 'name': {'title': 'Mrs', 'first': 'Diana', 'last': 'Ray'}, 'location': {'street': {'number': 6568, 'name': 'George Street'}, 'city': 'Newry', 'state': 'Gwent', 'count...</msg>
<var>${json_data}</var>
<arg>${response.json()}</arg>
<doc>Returns the given values which can then be assigned to a variables.</doc>
<status status="PASS" start="2024-05-24T15:16:12.730002" elapsed="0.000468"/>
</kw>
<kw name="Set Variable" owner="BuiltIn">
<msg time="2024-05-24T15:16:12.731144" level="INFO">${name_title} = Mrs</msg>
<var>${name_title}</var>
<arg>${json_data["results"][0]["name"]["title"]}</arg>
<doc>Returns the given values which can then be assigned to a variables.</doc>
<status status="PASS" start="2024-05-24T15:16:12.730769" elapsed="0.000400"/>
</kw>
<kw name="Create List" owner="BuiltIn">
<msg time="2024-05-24T15:16:12.731608" level="INFO">${allowed_titles} = ['Mr', 'Ms', 'Miss', 'Mrs', 'Madame', 'Monsieur']</msg>
<var>${allowed_titles}</var>
<arg>Mr</arg>
<arg>Ms</arg>
<arg>Miss</arg>
<arg>Mrs</arg>
<arg>Madame</arg>
<arg>Monsieur</arg>
<doc>Returns a list containing given items.</doc>
<status status="PASS" start="2024-05-24T15:16:12.731462" elapsed="0.000170"/>
</kw>
<kw name="List Should Contain Value" owner="Collections">
<msg time="2024-05-24T15:16:12.732094" level="INFO">False</msg>
<arg>${allowed_titles}</arg>
<arg>${name_title}</arg>
<doc>Fails if the ``value`` is not found from ``list``.</doc>
<status status="PASS" start="2024-05-24T15:16:12.731924" elapsed="0.000213"/>
</kw>
<kw name="Set Variable" owner="BuiltIn">
<msg time="2024-05-24T15:16:12.732840" level="INFO">${name_country} = GB</msg>
<var>${name_country}</var>
<arg>${json_data["results"][0]["nat"]}</arg>
<doc>Returns the given values which can then be assigned to a variables.</doc>
<status status="PASS" start="2024-05-24T15:16:12.732423" elapsed="0.000442"/>
</kw>
<kw name="Create List" owner="BuiltIn">
<msg time="2024-05-24T15:16:12.733758" level="INFO">${list_country} = ['AD', 'AE', 'AF', 'AG', 'AI', 'AL', 'AM', 'AO', 'AQ', 'AR', 'AS', 'AT', 'AU', 'AW', 'AX', 'AZ', 'BA', 'BB', 'BD', 'BE', 'BF', 'BG', 'BH', 'BI', 'BJ', 'BL', 'BM', 'BN', 'BO', 'BQ', 'BR', 'BS', 'BT', '...</msg>
<var>${list_country}</var>
<arg>AD</arg>
<arg>AE</arg>
<arg>AF</arg>
<arg>AG</arg>
<arg>AI</arg>
<arg>AL</arg>
<arg>AM</arg>
<arg>AO</arg>
<arg>AQ</arg>
<arg>AR</arg>
<arg>AS</arg>
<arg>AT</arg>
<arg>AU</arg>
<arg>AW</arg>
<arg>AX</arg>
<arg>AZ</arg>
<arg>BA</arg>
<arg>BB</arg>
<arg>BD</arg>
<arg>BE</arg>
<arg>BF</arg>
<arg>BG</arg>
<arg>BH</arg>
<arg>BI</arg>
<arg>BJ</arg>
<arg>BL</arg>
<arg>BM</arg>
<arg>BN</arg>
<arg>BO</arg>
<arg>BQ</arg>
<arg>BR</arg>
<arg>BS</arg>
<arg>BT</arg>
<arg>BV</arg>
<arg>BW</arg>
<arg>BY</arg>
<arg>BZ</arg>
<arg>CA</arg>
<arg>CC</arg>
<arg>CD</arg>
<arg>CF</arg>
<arg>CG</arg>
<arg>CH</arg>
<arg>CI</arg>
<arg>CK</arg>
<arg>CL</arg>
<arg>CM</arg>
<arg>CN</arg>
<arg>CO</arg>
<arg>CR</arg>
<arg>CU</arg>
<arg>CV</arg>
<arg>CW</arg>
<arg>CX</arg>
<arg>CY</arg>
<arg>CZ</arg>
<arg>DE</arg>
<arg>DJ</arg>
<arg>DK</arg>
<arg>DM</arg>
<arg>DO</arg>
<arg>DZ</arg>
<arg>EC</arg>
<arg>EE</arg>
<arg>EG</arg>
<arg>EH</arg>
<arg>ER</arg>
<arg>ES</arg>
<arg>ET</arg>
<arg>FI</arg>
<arg>FJ</arg>
<arg>FK</arg>
<arg>FM</arg>
<arg>FO</arg>
<arg>FR</arg>
<arg>GA</arg>
<arg>GB</arg>
<arg>GD</arg>
<arg>GE</arg>
<arg>GF</arg>
<arg>GG</arg>
<arg>GH</arg>
<arg>GI</arg>
<arg>GL</arg>
<arg>GM</arg>
<arg>GN</arg>
<arg>GP</arg>
<arg>GQ</arg>
<arg>GR</arg>
<arg>GS</arg>
<arg>GT</arg>
<arg>GU</arg>
<arg>GW</arg>
<arg>GY</arg>
<arg>HK</arg>
<arg>HM</arg>
<arg>HN</arg>
<arg>HR</arg>
<arg>HT</arg>
<arg>HU</arg>
<arg>ID</arg>
<arg>IE</arg>
<arg>IL</arg>
<arg>IM</arg>
<arg>IN</arg>
<arg>IO</arg>
<arg>IQ</arg>
<arg>IR</arg>
<arg>IS</arg>
<arg>IT</arg>
<arg>JE</arg>
<arg>JM</arg>
<arg>JO</arg>
<arg>JP</arg>
<arg>KE</arg>
<arg>KG</arg>
<arg>KH</arg>
<arg>KI</arg>
<arg>KM</arg>
<arg>KN</arg>
<arg>KP</arg>
<arg>KR</arg>
<arg>KW</arg>
<arg>KY</arg>
<arg>KZ</arg>
<arg>LA</arg>
<arg>LB</arg>
<arg>LC</arg>
<arg>LI</arg>
<arg>LK</arg>
<arg>LR</arg>
<arg>LS</arg>
<arg>LT</arg>
<arg>LU</arg>
<arg>LV</arg>
<arg>LY</arg>
<arg>MA</arg>
<arg>MC</arg>
<arg>MD</arg>
<arg>ME</arg>
<arg>MF</arg>
<arg>MG</arg>
<arg>MH</arg>
<arg>MK</arg>
<arg>ML</arg>
<arg>MM</arg>
<arg>MN</arg>
<arg>MO</arg>
<arg>MP</arg>
<arg>MQ</arg>
<arg>MR</arg>
<arg>MS</arg>
<arg>MT</arg>
<arg>MU</arg>
<arg>MV</arg>
<arg>MW</arg>
<arg>MX</arg>
<arg>MY</arg>
<arg>MZ</arg>
<arg>NA</arg>
<arg>NC</arg>
<arg>NE</arg>
<arg>NF</arg>
<arg>NG</arg>
<arg>NI</arg>
<arg>NL</arg>
<arg>NO</arg>
<arg>NP</arg>
<arg>NR</arg>
<arg>NU</arg>
<arg>NZ</arg>
<arg>OM</arg>
<arg>PA</arg>
<arg>PE</arg>
<arg>PF</arg>
<arg>PG</arg>
<arg>PH</arg>
<arg>PK</arg>
<arg>PL</arg>
<arg>PM</arg>
<arg>PN</arg>
<arg>PR</arg>
<arg>PS</arg>
<arg>PT</arg>
<arg>PW</arg>
<arg>PY</arg>
<arg>QA</arg>
<arg>RE</arg>
<arg>RO</arg>
<arg>RS</arg>
<arg>RU</arg>
<arg>RW</arg>
<arg>SA</arg>
<arg>SB</arg>
<arg>SC</arg>
<arg>SD</arg>
<arg>SE</arg>
<arg>SG</arg>
<arg>SH</arg>
<arg>SI</arg>
<arg>SJ</arg>
<arg>SK</arg>
<arg>SL</arg>
<arg>SM</arg>
<arg>SN</arg>
<arg>SO</arg>
<arg>SR</arg>
<arg>SS</arg>
<arg>ST</arg>
<arg>SV</arg>
<arg>SX</arg>
<arg>SY</arg>
<arg>SZ</arg>
<arg>TC</arg>
<arg>TD</arg>
<arg>TF</arg>
<arg>TG</arg>
<arg>TH</arg>
<arg>TJ</arg>
<arg>TK</arg>
<arg>TL</arg>
<arg>TM</arg>
<arg>TN</arg>
<arg>TO</arg>
<arg>TR</arg>
<arg>TT</arg>
<arg>TV</arg>
<arg>TW</arg>
<arg>TZ</arg>
<arg>UA</arg>
<arg>UG</arg>
<arg>UM</arg>
<arg>US</arg>
<arg>UY</arg>
<arg>UZ</arg>
<arg>VA</arg>
<arg>VC</arg>
<arg>VE</arg>
<arg>VG</arg>
<arg>VI</arg>
<arg>VN</arg>
<arg>VU</arg>
<arg>WF</arg>
<arg>WS</arg>
<arg>XK</arg>
<arg>YE</arg>
<arg>YT</arg>
<arg>ZA</arg>
<arg>ZM</arg>
<arg>ZW</arg>
<doc>Returns a list containing given items.</doc>
<status status="PASS" start="2024-05-24T15:16:12.733165" elapsed="0.000618"/>
</kw>
<kw name="List Should Contain Value" owner="Collections">
<msg time="2024-05-24T15:16:12.734762" level="INFO">False</msg>
<arg>${list_country}</arg>
<arg>${name_country}</arg>
<doc>Fails if the ``value`` is not found from ``list``.</doc>
<status status="PASS" start="2024-05-24T15:16:12.734559" elapsed="0.000239"/>
</kw>
<kw name="Run Keyword If" owner="BuiltIn">
<kw name="Should Be True" owner="BuiltIn">
<arg>${True}</arg>
<doc>Fails if the given condition is not true.</doc>
<status status="PASS" start="2024-05-24T15:16:12.735840" elapsed="0.000142"/>
</kw>
<arg>${json_data["results"][0]["location"]["coordinates"]["latitude"]} &gt;= -90 and ${json_data["results"][0]["location"]["coordinates"]["latitude"]} &lt;= 90</arg>
<arg>Should Be True</arg>
<arg>${True}</arg>
<doc>Runs the given keyword with the given arguments, if ``condition`` is true.</doc>
<status status="PASS" start="2024-05-24T15:16:12.735101" elapsed="0.001005"/>
</kw>
<kw name="Run Keyword If" owner="BuiltIn">
<kw name="Should Be True" owner="BuiltIn">
<arg>${True}</arg>
<doc>Fails if the given condition is not true.</doc>
<status status="PASS" start="2024-05-24T15:16:12.737004" elapsed="0.000242"/>
</kw>
<arg>${json_data["results"][0]["location"]["coordinates"]["longitude"]} &gt;= -180 and ${json_data["results"][0]["location"]["coordinates"]["longitude"]} &lt;= 180</arg>
<arg>Should Be True</arg>
<arg>${True}</arg>
<doc>Runs the given keyword with the given arguments, if ``condition`` is true.</doc>
<status status="PASS" start="2024-05-24T15:16:12.736288" elapsed="0.001084"/>
</kw>
<status status="PASS" start="2024-05-24T15:16:12.673970" elapsed="0.063534"/>
</kw>
<doc>Testa o conteúdo específico dos campos retornados pela API.</doc>
<tag>testeConteudo</tag>
<status status="PASS" start="2024-05-24T15:16:12.673302" elapsed="0.064344"/>
</test>
<status status="PASS" start="2024-05-24T15:16:11.350662" elapsed="1.388846"/>
</suite>
<status status="PASS" start="2024-05-24T15:16:11.337201" elapsed="1.407380"/>
</suite>
<statistics>
<total>
<stat pass="5" fail="0" skip="0">All Tests</stat>
</total>
<tag>
<stat pass="1" fail="0" skip="0">testeConteudo</stat>
<stat pass="1" fail="0" skip="0">testeEstruturaResposta</stat>
<stat pass="1" fail="0" skip="0">testeRequisicaoBasica</stat>
<stat pass="1" fail="0" skip="0">testeTiposDados</stat>
</tag>
<suite>
<stat pass="5" fail="0" skip="0" id="s1" name="Tests">Tests</stat>
<stat pass="5" fail="0" skip="0" id="s1-s1" name="Random-User-Test">Tests.Random-User-Test</stat>
</suite>
</statistics>
<errors>
</errors>
</robot>
