<?xml version="1.0" encoding="UTF-8"?>
<robot generator="Robot 7.0.1 (Python 3.12.4 on linux)" generated="2024-06-22T09:15:32.092838" rpa="false" schemaversion="5">
<suite id="s1" name="Tests" source="/home/runner/work/ApiRandomUser/ApiRandomUser/RamdonUser/tests">
<suite id="s1-s1" name="Random-User-Test" source="/home/runner/work/ApiRandomUser/ApiRandomUser/RamdonUser/tests/random-user-test.robot">
<test id="s1-s1-t1" name="Conectar" line="13">
<kw name="Conectar API" owner="random-user-service">
<kw name="Create Session" owner="RequestsLibrary">
<msg time="2024-06-22T09:15:32.547655" level="INFO">Creating Session using : alias=consultarAPI, url=https://randomuser.me/, headers={},                     cookies={}, auth=None, timeout=None, proxies=None, verify=False,                     debug=0 </msg>
<arg>consultarAPI</arg>
<arg>${URL}</arg>
<doc>Create Session: create a HTTP session to a server</doc>
<status status="PASS" start="2024-06-22T09:15:32.547435" elapsed="0.000420"/>
</kw>
<status status="PASS" start="2024-06-22T09:15:32.546324" elapsed="0.001908"/>
</kw>
<status status="PASS" start="2024-06-22T09:15:32.545664" elapsed="0.002763"/>
</test>
<test id="s1-s1-t2" name="Validar retorno 200 e JSON Válido" line="16">
<kw name="Teste de Requisicao Basica" owner="random-user-service">
<kw name="GET On Session" owner="RequestsLibrary">
<msg time="2024-06-22T09:15:32.649901" level="INFO">GET Request : url=https://randomuser.me/api 
 path_url=/api 
 headers={'User-Agent': 'python-requests/2.32.3', 'Accept-Encoding': 'gzip, deflate', 'Accept': '*/*', 'Connection': 'keep-alive'} 
 body=None 
 </msg>
<msg time="2024-06-22T09:15:32.650063" level="INFO">GET Response : url=https://randomuser.me/api 
 status=200, reason=OK 
 headers={'Date': 'Sat, 22 Jun 2024 09:15:32 GMT', 'Content-Type': 'application/json; charset=utf-8', 'Transfer-Encoding': 'chunked', 'Connection': 'keep-alive', 'X-Powered-By': 'Express', 'Access-Control-Allow-Origin': '*', 'Cache-Control': 'no-cache', 'ETag': 'W/"4a9-F2xmS8/lHuCYklkgC4eQJiqE284"', 'Vary': 'Accept-Encoding', 'Content-Encoding': 'gzip', 'CF-Cache-Status': 'DYNAMIC', 'Report-To': '{"endpoints":[{"url":"https:\\/\\/a.nel.cloudflare.com\\/report\\/v4?s=Yn4BbCqlK1iUQ%2BA4Ec0EajLuwyV8K5sDCbdBsV4yREHMIv5cyWGCkOfamA%2BiEY%2FNZY1XqAgrM9ThdYLsmU9tM6Fau3C1luEuaG8h6MdoKs8xb60q5H4jNcOQX08LwwK3"}],"group":"cf-nel","max_age":604800}', 'NEL': '{"success_fraction":0,"report_to":"cf-nel","max_age":604800}', 'Server': 'cloudflare', 'CF-RAY': '897b2268a9716076-ORD', 'alt-svc': 'h3=":443"; ma=86400'} 
 body={"results":[{"gender":"female","name":{"title":"Miss","first":"Natalia","last":"Hidalgo"},"location":{"street":{"number":5197,"name":"Calle de Pedro Bosch"},"city":"Santander","state":"Islas Baleares","country":"Spain","postcode":50150,"coordinates":{"latitude":"-33.2489","longitude":"142.0126"},"timezone":{"offset":"+9:00","description":"Tokyo, Seoul, Osaka, Sapporo, Yakutsk"}},"email":"natalia.hidalgo@example.com","login":{"uuid":"b64e89cb-7d71-4355-a8dd-46f48dbb8571","username":"smallelephant491","password":"slappy","salt":"2CflvwxH","md5":"57e88ac76a9a1b4e2ab2c8f8df598000","sha1":"a1d6b7bfe8f7a7d1420023c51a2315784ea92811","sha256":"4c3b3ce7eb2d8de80285db1f2b1dbff4fb4972597e24dc76645a9458df5a47eb"},"dob":{"date":"1999-11-14T15:43:48.798Z","age":24},"registered":{"date":"2007-06-17T22:50:42.481Z","age":17},"phone":"986-753-416","cell":"673-005-326","id":{"name":"DNI","value":"59246661-X"},"picture":{"large":"https://randomuser.me/api/portraits/women/52.jpg","medium":"https://randomuser.me/api/portraits/med/women/52.jpg","thumbnail":"https://randomuser.me/api/portraits/thumb/women/52.jpg"},"nat":"ES"}],"info":{"seed":"09968651f5bff06e","results":1,"page":1,"version":"1.4"}} 
 </msg>
<msg time="2024-06-22T09:15:32.650152" level="INFO">/opt/hostedtoolcache/Python/3.12.4/x64/lib/python3.12/site-packages/urllib3/connectionpool.py:1099: InsecureRequestWarning: Unverified HTTPS request is being made to host 'randomuser.me'. Adding certificate verification is strongly advised. See: https://urllib3.readthedocs.io/en/latest/advanced-usage.html#tls-warnings
  warnings.warn(</msg>
<msg time="2024-06-22T09:15:32.650312" level="INFO">${response} = &lt;Response [200]&gt;</msg>
<var>${response}</var>
<arg>consultarAPI</arg>
<arg>/api</arg>
<doc>Sends a GET request on a previously created HTTP Session.</doc>
<status status="PASS" start="2024-06-22T09:15:32.551145" elapsed="0.099212"/>
</kw>
<kw name="Should Be Equal As Numbers" owner="BuiltIn">
<msg time="2024-06-22T09:15:32.651630" level="INFO">Argument types are:
&lt;class 'int'&gt;
&lt;class 'str'&gt;</msg>
<arg>${response.status_code}</arg>
<arg>200</arg>
<doc>Fails if objects are unequal after converting them to real numbers.</doc>
<status status="PASS" start="2024-06-22T09:15:32.651113" elapsed="0.000590"/>
</kw>
<kw name="Log" owner="BuiltIn">
<msg time="2024-06-22T09:15:32.652377" level="INFO">200</msg>
<arg>${response.status_code}</arg>
<doc>Logs the given message with the given level.</doc>
<status status="PASS" start="2024-06-22T09:15:32.652030" elapsed="0.000389"/>
</kw>
<kw name="Set Variable" owner="BuiltIn">
<msg time="2024-06-22T09:15:32.653161" level="INFO">${json_data} = {'results': [{'gender': 'female', 'name': {'title': 'Miss', 'first': 'Natalia', 'last': 'Hidalgo'}, 'location': {'street': {'number': 5197, 'name': 'Calle de Pedro Bosch'}, 'city': 'Santander', 'state...</msg>
<var>${json_data}</var>
<arg>${response.json()}</arg>
<doc>Returns the given values which can then be assigned to a variables.</doc>
<status status="PASS" start="2024-06-22T09:15:32.652723" elapsed="0.000466"/>
</kw>
<kw name="Dictionary Should Contain Key" owner="Collections">
<arg>${json_data}</arg>
<arg>results</arg>
<doc>Fails if ``key`` is not found from ``dictionary``.</doc>
<status status="PASS" start="2024-06-22T09:15:32.653488" elapsed="0.000178"/>
</kw>
<status status="PASS" start="2024-06-22T09:15:32.550890" elapsed="0.102932"/>
</kw>
<doc>Testa se a API responde corretamente e retorna um objeto JSON válido.</doc>
<tag>testeRequisicaoBasica</tag>
<status status="PASS" start="2024-06-22T09:15:32.550309" elapsed="0.103693"/>
</test>
<test id="s1-s1-t3" name="Validar estrutura de resposta" line="22">
<kw name="Teste de Estrutura de Resposta" owner="random-user-service">
<kw name="GET On Session" owner="RequestsLibrary">
<msg time="2024-06-22T09:15:32.732371" level="INFO">GET Request : url=https://randomuser.me/api 
 path_url=/api 
 headers={'User-Agent': 'python-requests/2.32.3', 'Accept-Encoding': 'gzip, deflate', 'Accept': '*/*', 'Connection': 'keep-alive'} 
 body=None 
 </msg>
<msg time="2024-06-22T09:15:32.732478" level="INFO">GET Response : url=https://randomuser.me/api 
 status=200, reason=OK 
 headers={'Date': 'Sat, 22 Jun 2024 09:15:32 GMT', 'Content-Type': 'application/json; charset=utf-8', 'Transfer-Encoding': 'chunked', 'Connection': 'keep-alive', 'X-Powered-By': 'Express', 'Access-Control-Allow-Origin': '*', 'Cache-Control': 'no-cache', 'ETag': 'W/"4a5-k4DVJbGi9lc5JceVFSGIRFR++SI"', 'Vary': 'Accept-Encoding', 'Content-Encoding': 'gzip', 'CF-Cache-Status': 'DYNAMIC', 'Report-To': '{"endpoints":[{"url":"https:\\/\\/a.nel.cloudflare.com\\/report\\/v4?s=TT64q%2Bzk50EsXIZUrKssJMOcKracXBKoLih%2FlcG1s7xph6ApaoBQf%2FSab3cikX8Fg%2B65Gk6oGSP3YzYHbUMHgaJePLWvIqkzgjRd8xpD0Bcpsg%2BDqCPKSSqrjxfJpAfY"}],"group":"cf-nel","max_age":604800}', 'NEL': '{"success_fraction":0,"report_to":"cf-nel","max_age":604800}', 'Server': 'cloudflare', 'CF-RAY': '897b226919a56076-ORD', 'alt-svc': 'h3=":443"; ma=86400'} 
 body={"results":[{"gender":"male","name":{"title":"Mr","first":"Jorge","last":"Carvajal"},"location":{"street":{"number":4225,"name":"Callejón Lozada"},"city":"Pabellón de Arteaga","state":"Tabasco","country":"Mexico","postcode":62063,"coordinates":{"latitude":"23.6954","longitude":"-93.7989"},"timezone":{"offset":"+5:30","description":"Bombay, Calcutta, Madras, New Delhi"}},"email":"jorge.carvajal@example.com","login":{"uuid":"83b638d9-b6e5-4861-b92d-7c07027e9f76","username":"blacksnake521","password":"mitchell","salt":"Rz5tIxfD","md5":"70eaefb64191df0b4e8e0b7808585d34","sha1":"5fa308a8fedc3e769a5137f96f1fa776745409a4","sha256":"88749f678d73e7390620cd5704641e9c428fbeaac9903221eb5272f2317d0443"},"dob":{"date":"1987-04-04T21:53:52.821Z","age":37},"registered":{"date":"2002-08-24T15:24:42.499Z","age":21},"phone":"(601) 496 9445","cell":"(667) 868 6268","id":{"name":"NSS","value":"43 96 44 7517 2"},"picture":{"large":"https://randomuser.me/api/portraits/men/49.jpg","medium":"https://randomuser.me/api/portraits/med/men/49.jpg","thumbnail":"https://randomuser.me/api/portraits/thumb/men/49.jpg"},"nat":"MX"}],"info":{"seed":"908face9f3ba0179","results":1,"page":1,"version":"1.4"}} 
 </msg>
<msg time="2024-06-22T09:15:32.732623" level="INFO">/opt/hostedtoolcache/Python/3.12.4/x64/lib/python3.12/site-packages/urllib3/connectionpool.py:1099: InsecureRequestWarning: Unverified HTTPS request is being made to host 'randomuser.me'. Adding certificate verification is strongly advised. See: https://urllib3.readthedocs.io/en/latest/advanced-usage.html#tls-warnings
  warnings.warn(</msg>
<msg time="2024-06-22T09:15:32.732769" level="INFO">${response} = &lt;Response [200]&gt;</msg>
<var>${response}</var>
<arg>consultarAPI</arg>
<arg>/api</arg>
<doc>Sends a GET request on a previously created HTTP Session.</doc>
<status status="PASS" start="2024-06-22T09:15:32.656774" elapsed="0.076036"/>
</kw>
<kw name="Set Variable" owner="BuiltIn">
<msg time="2024-06-22T09:15:32.734139" level="INFO">${json_data} = {'results': [{'gender': 'male', 'name': {'title': 'Mr', 'first': 'Jorge', 'last': 'Carvajal'}, 'location': {'street': {'number': 4225, 'name': 'Callejón Lozada'}, 'city': 'Pabellón de Arteaga', 'state...</msg>
<var>${json_data}</var>
<arg>${response.json()}</arg>
<doc>Returns the given values which can then be assigned to a variables.</doc>
<status status="PASS" start="2024-06-22T09:15:32.733511" elapsed="0.000659"/>
</kw>
<kw name="Log" owner="BuiltIn">
<msg time="2024-06-22T09:15:32.734659" level="INFO">{'results': [{'gender': 'male', 'name': {'title': 'Mr', 'first': 'Jorge', 'last': 'Carvajal'}, 'location': {'street': {'number': 4225, 'name': 'Callejón Lozada'}, 'city': 'Pabellón de Arteaga', 'state': 'Tabasco', 'country': 'Mexico', 'postcode': 62063, 'coordinates': {'latitude': '23.6954', 'longitude': '-93.7989'}, 'timezone': {'offset': '+5:30', 'description': 'Bombay, Calcutta, Madras, New Delhi'}}, 'email': 'jorge.carvajal@example.com', 'login': {'uuid': '83b638d9-b6e5-4861-b92d-7c07027e9f76', 'username': 'blacksnake521', 'password': 'mitchell', 'salt': 'Rz5tIxfD', 'md5': '70eaefb64191df0b4e8e0b7808585d34', 'sha1': '5fa308a8fedc3e769a5137f96f1fa776745409a4', 'sha256': '88749f678d73e7390620cd5704641e9c428fbeaac9903221eb5272f2317d0443'}, 'dob': {'date': '1987-04-04T21:53:52.821Z', 'age': 37}, 'registered': {'date': '2002-08-24T15:24:42.499Z', 'age': 21}, 'phone': '(601) 496 9445', 'cell': '(667) 868 6268', 'id': {'name': 'NSS', 'value': '43 96 44 7517 2'}, 'picture': {'large': 'https://randomuser.me/api/portraits/men/49.jpg', 'medium': 'https://randomuser.me/api/portraits/med/men/49.jpg', 'thumbnail': 'https://randomuser.me/api/portraits/thumb/men/49.jpg'}, 'nat': 'MX'}], 'info': {'seed': '908face9f3ba0179', 'results': 1, 'page': 1, 'version': '1.4'}}</msg>
<arg>${json_data}</arg>
<doc>Logs the given message with the given level.</doc>
<status status="PASS" start="2024-06-22T09:15:32.734491" elapsed="0.000248"/>
</kw>
<kw name="Dictionary Should Contain Key" owner="Collections">
<arg>${json_data}</arg>
<arg>results</arg>
<doc>Fails if ``key`` is not found from ``dictionary``.</doc>
<status status="PASS" start="2024-06-22T09:15:32.735062" elapsed="0.000165"/>
</kw>
<kw name="Should Not Be Empty" owner="BuiltIn">
<msg time="2024-06-22T09:15:32.735539" level="INFO">Length is 2.</msg>
<arg>${json_data}</arg>
<doc>Verifies that the given item is not empty.</doc>
<status status="PASS" start="2024-06-22T09:15:32.735414" elapsed="0.000164"/>
</kw>
<kw name="Create List" owner="BuiltIn">
<msg time="2024-06-22T09:15:32.736189" level="INFO">${expected_keys} = ['gender', 'name', 'location', 'email', 'login']</msg>
<var>${expected_keys}</var>
<arg>gender</arg>
<arg>name</arg>
<arg>location</arg>
<arg>email</arg>
<arg>login</arg>
<doc>Returns a list containing given items.</doc>
<status status="PASS" start="2024-06-22T09:15:32.735873" elapsed="0.000341"/>
</kw>
<for flavor="IN">
<iter>
<kw name="Dictionary Should Contain Key" owner="Collections">
<arg>${json_data['results'][0]}</arg>
<arg>${key}</arg>
<doc>Fails if ``key`` is not found from ``dictionary``.</doc>
<status status="PASS" start="2024-06-22T09:15:32.736829" elapsed="0.000407"/>
</kw>
<kw name="Log" owner="BuiltIn">
<msg time="2024-06-22T09:15:32.737795" level="INFO">{'gender': 'male', 'name': {'title': 'Mr', 'first': 'Jorge', 'last': 'Carvajal'}, 'location': {'street': {'number': 4225, 'name': 'Callejón Lozada'}, 'city': 'Pabellón de Arteaga', 'state': 'Tabasco', 'country': 'Mexico', 'postcode': 62063, 'coordinates': {'latitude': '23.6954', 'longitude': '-93.7989'}, 'timezone': {'offset': '+5:30', 'description': 'Bombay, Calcutta, Madras, New Delhi'}}, 'email': 'jorge.carvajal@example.com', 'login': {'uuid': '83b638d9-b6e5-4861-b92d-7c07027e9f76', 'username': 'blacksnake521', 'password': 'mitchell', 'salt': 'Rz5tIxfD', 'md5': '70eaefb64191df0b4e8e0b7808585d34', 'sha1': '5fa308a8fedc3e769a5137f96f1fa776745409a4', 'sha256': '88749f678d73e7390620cd5704641e9c428fbeaac9903221eb5272f2317d0443'}, 'dob': {'date': '1987-04-04T21:53:52.821Z', 'age': 37}, 'registered': {'date': '2002-08-24T15:24:42.499Z', 'age': 21}, 'phone': '(601) 496 9445', 'cell': '(667) 868 6268', 'id': {'name': 'NSS', 'value': '43 96 44 7517 2'}, 'picture': {'large': 'https://randomuser.me/api/portraits/men/49.jpg', 'medium': 'https://randomuser.me/api/portraits/med/men/49.jpg', 'thumbnail': 'https://randomuser.me/api/portraits/thumb/men/49.jpg'}, 'nat': 'MX'}</msg>
<arg>${json_data['results'][0]}</arg>
<doc>Logs the given message with the given level.</doc>
<status status="PASS" start="2024-06-22T09:15:32.737437" elapsed="0.000408"/>
</kw>
<kw name="Log" owner="BuiltIn">
<msg time="2024-06-22T09:15:32.738276" level="INFO">gender</msg>
<arg>${key}</arg>
<doc>Logs the given message with the given level.</doc>
<status status="PASS" start="2024-06-22T09:15:32.738147" elapsed="0.000167"/>
</kw>
<var name="${key}">gender</var>
<status status="PASS" start="2024-06-22T09:15:32.736700" elapsed="0.001832"/>
</iter>
<iter>
<kw name="Dictionary Should Contain Key" owner="Collections">
<arg>${json_data['results'][0]}</arg>
<arg>${key}</arg>
<doc>Fails if ``key`` is not found from ``dictionary``.</doc>
<status status="PASS" start="2024-06-22T09:15:32.738877" elapsed="0.000400"/>
</kw>
<kw name="Log" owner="BuiltIn">
<msg time="2024-06-22T09:15:32.739860" level="INFO">{'gender': 'male', 'name': {'title': 'Mr', 'first': 'Jorge', 'last': 'Carvajal'}, 'location': {'street': {'number': 4225, 'name': 'Callejón Lozada'}, 'city': 'Pabellón de Arteaga', 'state': 'Tabasco', 'country': 'Mexico', 'postcode': 62063, 'coordinates': {'latitude': '23.6954', 'longitude': '-93.7989'}, 'timezone': {'offset': '+5:30', 'description': 'Bombay, Calcutta, Madras, New Delhi'}}, 'email': 'jorge.carvajal@example.com', 'login': {'uuid': '83b638d9-b6e5-4861-b92d-7c07027e9f76', 'username': 'blacksnake521', 'password': 'mitchell', 'salt': 'Rz5tIxfD', 'md5': '70eaefb64191df0b4e8e0b7808585d34', 'sha1': '5fa308a8fedc3e769a5137f96f1fa776745409a4', 'sha256': '88749f678d73e7390620cd5704641e9c428fbeaac9903221eb5272f2317d0443'}, 'dob': {'date': '1987-04-04T21:53:52.821Z', 'age': 37}, 'registered': {'date': '2002-08-24T15:24:42.499Z', 'age': 21}, 'phone': '(601) 496 9445', 'cell': '(667) 868 6268', 'id': {'name': 'NSS', 'value': '43 96 44 7517 2'}, 'picture': {'large': 'https://randomuser.me/api/portraits/men/49.jpg', 'medium': 'https://randomuser.me/api/portraits/med/men/49.jpg', 'thumbnail': 'https://randomuser.me/api/portraits/thumb/men/49.jpg'}, 'nat': 'MX'}</msg>
<arg>${json_data['results'][0]}</arg>
<doc>Logs the given message with the given level.</doc>
<status status="PASS" start="2024-06-22T09:15:32.739495" elapsed="0.000430"/>
</kw>
<kw name="Log" owner="BuiltIn">
<msg time="2024-06-22T09:15:32.740390" level="INFO">name</msg>
<arg>${key}</arg>
<doc>Logs the given message with the given level.</doc>
<status status="PASS" start="2024-06-22T09:15:32.740260" elapsed="0.000178"/>
</kw>
<var name="${key}">name</var>
<status status="PASS" start="2024-06-22T09:15:32.738751" elapsed="0.001908"/>
</iter>
<iter>
<kw name="Dictionary Should Contain Key" owner="Collections">
<arg>${json_data['results'][0]}</arg>
<arg>${key}</arg>
<doc>Fails if ``key`` is not found from ``dictionary``.</doc>
<status status="PASS" start="2024-06-22T09:15:32.740944" elapsed="0.000412"/>
</kw>
<kw name="Log" owner="BuiltIn">
<msg time="2024-06-22T09:15:32.741914" level="INFO">{'gender': 'male', 'name': {'title': 'Mr', 'first': 'Jorge', 'last': 'Carvajal'}, 'location': {'street': {'number': 4225, 'name': 'Callejón Lozada'}, 'city': 'Pabellón de Arteaga', 'state': 'Tabasco', 'country': 'Mexico', 'postcode': 62063, 'coordinates': {'latitude': '23.6954', 'longitude': '-93.7989'}, 'timezone': {'offset': '+5:30', 'description': 'Bombay, Calcutta, Madras, New Delhi'}}, 'email': 'jorge.carvajal@example.com', 'login': {'uuid': '83b638d9-b6e5-4861-b92d-7c07027e9f76', 'username': 'blacksnake521', 'password': 'mitchell', 'salt': 'Rz5tIxfD', 'md5': '70eaefb64191df0b4e8e0b7808585d34', 'sha1': '5fa308a8fedc3e769a5137f96f1fa776745409a4', 'sha256': '88749f678d73e7390620cd5704641e9c428fbeaac9903221eb5272f2317d0443'}, 'dob': {'date': '1987-04-04T21:53:52.821Z', 'age': 37}, 'registered': {'date': '2002-08-24T15:24:42.499Z', 'age': 21}, 'phone': '(601) 496 9445', 'cell': '(667) 868 6268', 'id': {'name': 'NSS', 'value': '43 96 44 7517 2'}, 'picture': {'large': 'https://randomuser.me/api/portraits/men/49.jpg', 'medium': 'https://randomuser.me/api/portraits/med/men/49.jpg', 'thumbnail': 'https://randomuser.me/api/portraits/thumb/men/49.jpg'}, 'nat': 'MX'}</msg>
<arg>${json_data['results'][0]}</arg>
<doc>Logs the given message with the given level.</doc>
<status status="PASS" start="2024-06-22T09:15:32.741549" elapsed="0.000416"/>
</kw>
<kw name="Log" owner="BuiltIn">
<msg time="2024-06-22T09:15:32.742388" level="INFO">location</msg>
<arg>${key}</arg>
<doc>Logs the given message with the given level.</doc>
<status status="PASS" start="2024-06-22T09:15:32.742262" elapsed="0.000164"/>
</kw>
<var name="${key}">location</var>
<status status="PASS" start="2024-06-22T09:15:32.740836" elapsed="0.001806"/>
</iter>
<iter>
<kw name="Dictionary Should Contain Key" owner="Collections">
<arg>${json_data['results'][0]}</arg>
<arg>${key}</arg>
<doc>Fails if ``key`` is not found from ``dictionary``.</doc>
<status status="PASS" start="2024-06-22T09:15:32.742968" elapsed="0.000387"/>
</kw>
<kw name="Log" owner="BuiltIn">
<msg time="2024-06-22T09:15:32.743913" level="INFO">{'gender': 'male', 'name': {'title': 'Mr', 'first': 'Jorge', 'last': 'Carvajal'}, 'location': {'street': {'number': 4225, 'name': 'Callejón Lozada'}, 'city': 'Pabellón de Arteaga', 'state': 'Tabasco', 'country': 'Mexico', 'postcode': 62063, 'coordinates': {'latitude': '23.6954', 'longitude': '-93.7989'}, 'timezone': {'offset': '+5:30', 'description': 'Bombay, Calcutta, Madras, New Delhi'}}, 'email': 'jorge.carvajal@example.com', 'login': {'uuid': '83b638d9-b6e5-4861-b92d-7c07027e9f76', 'username': 'blacksnake521', 'password': 'mitchell', 'salt': 'Rz5tIxfD', 'md5': '70eaefb64191df0b4e8e0b7808585d34', 'sha1': '5fa308a8fedc3e769a5137f96f1fa776745409a4', 'sha256': '88749f678d73e7390620cd5704641e9c428fbeaac9903221eb5272f2317d0443'}, 'dob': {'date': '1987-04-04T21:53:52.821Z', 'age': 37}, 'registered': {'date': '2002-08-24T15:24:42.499Z', 'age': 21}, 'phone': '(601) 496 9445', 'cell': '(667) 868 6268', 'id': {'name': 'NSS', 'value': '43 96 44 7517 2'}, 'picture': {'large': 'https://randomuser.me/api/portraits/men/49.jpg', 'medium': 'https://randomuser.me/api/portraits/med/men/49.jpg', 'thumbnail': 'https://randomuser.me/api/portraits/thumb/men/49.jpg'}, 'nat': 'MX'}</msg>
<arg>${json_data['results'][0]}</arg>
<doc>Logs the given message with the given level.</doc>
<status status="PASS" start="2024-06-22T09:15:32.743553" elapsed="0.000413"/>
</kw>
<kw name="Log" owner="BuiltIn">
<msg time="2024-06-22T09:15:32.744393" level="INFO">email</msg>
<arg>${key}</arg>
<doc>Logs the given message with the given level.</doc>
<status status="PASS" start="2024-06-22T09:15:32.744265" elapsed="0.000164"/>
</kw>
<var name="${key}">email</var>
<status status="PASS" start="2024-06-22T09:15:32.742859" elapsed="0.001782"/>
</iter>
<iter>
<kw name="Dictionary Should Contain Key" owner="Collections">
<arg>${json_data['results'][0]}</arg>
<arg>${key}</arg>
<doc>Fails if ``key`` is not found from ``dictionary``.</doc>
<status status="PASS" start="2024-06-22T09:15:32.744916" elapsed="0.000387"/>
</kw>
<kw name="Log" owner="BuiltIn">
<msg time="2024-06-22T09:15:32.745850" level="INFO">{'gender': 'male', 'name': {'title': 'Mr', 'first': 'Jorge', 'last': 'Carvajal'}, 'location': {'street': {'number': 4225, 'name': 'Callejón Lozada'}, 'city': 'Pabellón de Arteaga', 'state': 'Tabasco', 'country': 'Mexico', 'postcode': 62063, 'coordinates': {'latitude': '23.6954', 'longitude': '-93.7989'}, 'timezone': {'offset': '+5:30', 'description': 'Bombay, Calcutta, Madras, New Delhi'}}, 'email': 'jorge.carvajal@example.com', 'login': {'uuid': '83b638d9-b6e5-4861-b92d-7c07027e9f76', 'username': 'blacksnake521', 'password': 'mitchell', 'salt': 'Rz5tIxfD', 'md5': '70eaefb64191df0b4e8e0b7808585d34', 'sha1': '5fa308a8fedc3e769a5137f96f1fa776745409a4', 'sha256': '88749f678d73e7390620cd5704641e9c428fbeaac9903221eb5272f2317d0443'}, 'dob': {'date': '1987-04-04T21:53:52.821Z', 'age': 37}, 'registered': {'date': '2002-08-24T15:24:42.499Z', 'age': 21}, 'phone': '(601) 496 9445', 'cell': '(667) 868 6268', 'id': {'name': 'NSS', 'value': '43 96 44 7517 2'}, 'picture': {'large': 'https://randomuser.me/api/portraits/men/49.jpg', 'medium': 'https://randomuser.me/api/portraits/med/men/49.jpg', 'thumbnail': 'https://randomuser.me/api/portraits/thumb/men/49.jpg'}, 'nat': 'MX'}</msg>
<arg>${json_data['results'][0]}</arg>
<doc>Logs the given message with the given level.</doc>
<status status="PASS" start="2024-06-22T09:15:32.745486" elapsed="0.000424"/>
</kw>
<kw name="Log" owner="BuiltIn">
<msg time="2024-06-22T09:15:32.746338" level="INFO">login</msg>
<arg>${key}</arg>
<doc>Logs the given message with the given level.</doc>
<status status="PASS" start="2024-06-22T09:15:32.746208" elapsed="0.000168"/>
</kw>
<var name="${key}">login</var>
<status status="PASS" start="2024-06-22T09:15:32.744811" elapsed="0.001784"/>
</iter>
<var>${key}</var>
<value>@{expected_keys}</value>
<status status="PASS" start="2024-06-22T09:15:32.736482" elapsed="0.010261"/>
</for>
<kw name="Create List" owner="BuiltIn">
<msg time="2024-06-22T09:15:32.747122" level="INFO">${expected_keysTwo} = ['username', 'password']</msg>
<var>${expected_keysTwo}</var>
<arg>username</arg>
<arg>password</arg>
<doc>Returns a list containing given items.</doc>
<status status="PASS" start="2024-06-22T09:15:32.746981" elapsed="0.000166"/>
</kw>
<for flavor="IN">
<iter>
<kw name="Dictionary Should Contain Key" owner="Collections">
<arg>${json_data['results'][0]['login']}</arg>
<arg>${keyTwo}</arg>
<doc>Fails if ``key`` is not found from ``dictionary``.</doc>
<status status="PASS" start="2024-06-22T09:15:32.747644" elapsed="0.000376"/>
</kw>
<kw name="Dictionary Should Contain Key" owner="Collections">
<arg>${json_data['results'][0]['login']}</arg>
<arg>${keyTwo}</arg>
<doc>Fails if ``key`` is not found from ``dictionary``.</doc>
<status status="PASS" start="2024-06-22T09:15:32.748205" elapsed="0.000376"/>
</kw>
<kw name="Log" owner="BuiltIn">
<msg time="2024-06-22T09:15:32.748879" level="INFO">username</msg>
<arg>${keyTwo}</arg>
<doc>Logs the given message with the given level.</doc>
<status status="PASS" start="2024-06-22T09:15:32.748758" elapsed="0.000158"/>
</kw>
<var name="${keyTwo}">username</var>
<status status="PASS" start="2024-06-22T09:15:32.747538" elapsed="0.001599"/>
</iter>
<iter>
<kw name="Dictionary Should Contain Key" owner="Collections">
<arg>${json_data['results'][0]['login']}</arg>
<arg>${keyTwo}</arg>
<doc>Fails if ``key`` is not found from ``dictionary``.</doc>
<status status="PASS" start="2024-06-22T09:15:32.749425" elapsed="0.000377"/>
</kw>
<kw name="Dictionary Should Contain Key" owner="Collections">
<arg>${json_data['results'][0]['login']}</arg>
<arg>${keyTwo}</arg>
<doc>Fails if ``key`` is not found from ``dictionary``.</doc>
<status status="PASS" start="2024-06-22T09:15:32.749975" elapsed="0.000378"/>
</kw>
<kw name="Log" owner="BuiltIn">
<msg time="2024-06-22T09:15:32.750649" level="INFO">password</msg>
<arg>${keyTwo}</arg>
<doc>Logs the given message with the given level.</doc>
<status status="PASS" start="2024-06-22T09:15:32.750529" elapsed="0.000156"/>
</kw>
<var name="${keyTwo}">password</var>
<status status="PASS" start="2024-06-22T09:15:32.749321" elapsed="0.001727"/>
</iter>
<var>${keyTwo}</var>
<value>@{expected_keysTwo}</value>
<status status="PASS" start="2024-06-22T09:15:32.747385" elapsed="0.003783"/>
</for>
<status status="PASS" start="2024-06-22T09:15:32.656534" elapsed="0.094777"/>
</kw>
<doc>Testa a estrutura da resposta da API.</doc>
<tag>testeEstruturaResposta</tag>
<status status="PASS" start="2024-06-22T09:15:32.655913" elapsed="0.095559"/>
</test>
<test id="s1-s1-t4" name="Validar tipos de dados" line="28">
<kw name="Teste de Tipos de Dados" owner="random-user-service">
<kw name="GET On Session" owner="RequestsLibrary">
<msg time="2024-06-22T09:15:32.834051" level="INFO">GET Request : url=https://randomuser.me/api 
 path_url=/api 
 headers={'User-Agent': 'python-requests/2.32.3', 'Accept-Encoding': 'gzip, deflate', 'Accept': '*/*', 'Connection': 'keep-alive'} 
 body=None 
 </msg>
<msg time="2024-06-22T09:15:32.834169" level="INFO">GET Response : url=https://randomuser.me/api 
 status=200, reason=OK 
 headers={'Date': 'Sat, 22 Jun 2024 09:15:32 GMT', 'Content-Type': 'application/json; charset=utf-8', 'Transfer-Encoding': 'chunked', 'Connection': 'keep-alive', 'X-Powered-By': 'Express', 'Access-Control-Allow-Origin': '*', 'Cache-Control': 'no-cache', 'ETag': 'W/"485-DGjRDktX89IaYyVHb9etcktrrXA"', 'Vary': 'Accept-Encoding', 'Content-Encoding': 'gzip', 'CF-Cache-Status': 'DYNAMIC', 'Report-To': '{"endpoints":[{"url":"https:\\/\\/a.nel.cloudflare.com\\/report\\/v4?s=xIypLxv1aSEz%2Bo9nmVIVkfpDX5UrLoLSBrv%2Feo%2F9xv6m8YdRRxWW7Hr8RDS81%2BOQBdfnPooOzggISzXF6spUwXpYzLRTa9Xti9KtYEBBIvttpFpgi6IcgUZjBMN2rF2I"}],"group":"cf-nel","max_age":604800}', 'NEL': '{"success_fraction":0,"report_to":"cf-nel","max_age":604800}', 'Server': 'cloudflare', 'CF-RAY': '897b2269ba086076-ORD', 'alt-svc': 'h3=":443"; ma=86400'} 
 body={"results":[{"gender":"female","name":{"title":"Ms","first":"Özsu","last":"Sandalcı"},"location":{"street":{"number":6527,"name":"Abanoz Sk"},"city":"Elazığ","state":"Yalova","country":"Turkey","postcode":71864,"coordinates":{"latitude":"67.2695","longitude":"100.6398"},"timezone":{"offset":"-3:00","description":"Brazil, Buenos Aires, Georgetown"}},"email":"ozsu.sandalci@example.com","login":{"uuid":"dbb5a64f-a002-4d3b-a128-00e171e39b94","username":"orangebird132","password":"boating","salt":"adkZmUAf","md5":"b0c2454131ceb24813b0a650b9fafc24","sha1":"b9000a1842f0997c46c9a3cafe163cfa833d7625","sha256":"4c054338c5ca7451c13a692e1b6bc4816714c216f6b7271f09948661c6a7e5b3"},"dob":{"date":"1996-12-07T11:47:19.636Z","age":27},"registered":{"date":"2003-08-19T17:16:32.962Z","age":20},"phone":"(181)-666-2991","cell":"(877)-353-2503","id":{"name":"","value":null},"picture":{"large":"https://randomuser.me/api/portraits/women/45.jpg","medium":"https://randomuser.me/api/portraits/med/women/45.jpg","thumbnail":"https://randomuser.me/api/portraits/thumb/women/45.jpg"},"nat":"TR"}],"info":{"seed":"e6b3efe2dfbcc100","results":1,"page":1,"version":"1.4"}} 
 </msg>
<msg time="2024-06-22T09:15:32.834258" level="INFO">/opt/hostedtoolcache/Python/3.12.4/x64/lib/python3.12/site-packages/urllib3/connectionpool.py:1099: InsecureRequestWarning: Unverified HTTPS request is being made to host 'randomuser.me'. Adding certificate verification is strongly advised. See: https://urllib3.readthedocs.io/en/latest/advanced-usage.html#tls-warnings
  warnings.warn(</msg>
<msg time="2024-06-22T09:15:32.834377" level="INFO">${response} = &lt;Response [200]&gt;</msg>
<var>${response}</var>
<arg>consultarAPI</arg>
<arg>/api</arg>
<doc>Sends a GET request on a previously created HTTP Session.</doc>
<status status="PASS" start="2024-06-22T09:15:32.754048" elapsed="0.080470"/>
</kw>
<kw name="Set Variable" owner="BuiltIn">
<msg time="2024-06-22T09:15:32.835596" level="INFO">${json_data} = {'results': [{'gender': 'female', 'name': {'title': 'Ms', 'first': 'Özsu', 'last': 'Sandalcı'}, 'location': {'street': {'number': 6527, 'name': 'Abanoz Sk'}, 'city': 'Elazığ', 'state': 'Yalova', 'coun...</msg>
<var>${json_data}</var>
<arg>${response.json()}</arg>
<doc>Returns the given values which can then be assigned to a variables.</doc>
<status status="PASS" start="2024-06-22T09:15:32.835054" elapsed="0.000573"/>
</kw>
<kw name="Log" owner="BuiltIn">
<msg time="2024-06-22T09:15:32.836115" level="INFO">{'results': [{'gender': 'female', 'name': {'title': 'Ms', 'first': 'Özsu', 'last': 'Sandalcı'}, 'location': {'street': {'number': 6527, 'name': 'Abanoz Sk'}, 'city': 'Elazığ', 'state': 'Yalova', 'country': 'Turkey', 'postcode': 71864, 'coordinates': {'latitude': '67.2695', 'longitude': '100.6398'}, 'timezone': {'offset': '-3:00', 'description': 'Brazil, Buenos Aires, Georgetown'}}, 'email': 'ozsu.sandalci@example.com', 'login': {'uuid': 'dbb5a64f-a002-4d3b-a128-00e171e39b94', 'username': 'orangebird132', 'password': 'boating', 'salt': 'adkZmUAf', 'md5': 'b0c2454131ceb24813b0a650b9fafc24', 'sha1': 'b9000a1842f0997c46c9a3cafe163cfa833d7625', 'sha256': '4c054338c5ca7451c13a692e1b6bc4816714c216f6b7271f09948661c6a7e5b3'}, 'dob': {'date': '1996-12-07T11:47:19.636Z', 'age': 27}, 'registered': {'date': '2003-08-19T17:16:32.962Z', 'age': 20}, 'phone': '(181)-666-2991', 'cell': '(877)-353-2503', 'id': {'name': '', 'value': None}, 'picture': {'large': 'https://randomuser.me/api/portraits/women/45.jpg', 'medium': 'https://randomuser.me/api/portraits/med/women/45.jpg', 'thumbnail': 'https://randomuser.me/api/portraits/thumb/women/45.jpg'}, 'nat': 'TR'}], 'info': {'seed': 'e6b3efe2dfbcc100', 'results': 1, 'page': 1, 'version': '1.4'}}</msg>
<arg>${json_data}</arg>
<doc>Logs the given message with the given level.</doc>
<status status="PASS" start="2024-06-22T09:15:32.835950" elapsed="0.000217"/>
</kw>
<kw name="Should Be String" owner="String">
<arg>${json_data['results'][0]['gender']}</arg>
<doc>Fails if the given ``item`` is not a string.</doc>
<status status="PASS" start="2024-06-22T09:15:32.836466" elapsed="0.000385"/>
</kw>
<kw name="Should Match Regexp" owner="BuiltIn">
<arg>${json_data['results'][0]['email']}</arg>
<arg>^[a-zA-Z0-9._%+-]+@[a-zA-Z0-9.-]+\.[a-zA-Z]{2,}$</arg>
<doc>Fails if ``string`` does not match ``pattern`` as a regular expression.</doc>
<status status="PASS" start="2024-06-22T09:15:32.837080" elapsed="0.000536"/>
</kw>
<kw name="Should Match Regexp" owner="BuiltIn">
<arg>${json_data['results'][0]['dob']['date']}</arg>
<arg>\\d{4}-\\d{2}-\\d{2}T\\d{2}:\\d{2}:\\d{2}\\.\\d{3}Z</arg>
<doc>Fails if ``string`` does not match ``pattern`` as a regular expression.</doc>
<status status="PASS" start="2024-06-22T09:15:32.837812" elapsed="0.000497"/>
</kw>
<kw name="Should Match Regexp" owner="BuiltIn">
<arg>${json_data['results'][0]['registered']['date']}</arg>
<arg>\\d{4}-\\d{2}-\\d{2}T\\d{2}:\\d{2}:\\d{2}\\.\\d{3}Z</arg>
<doc>Fails if ``string`` does not match ``pattern`` as a regular expression.</doc>
<status status="PASS" start="2024-06-22T09:15:32.838501" elapsed="0.000413"/>
</kw>
<kw name="Should Match Regexp" owner="BuiltIn">
<arg>${json_data['results'][0]['picture']['large']}</arg>
<arg>^https?://.*\.(?:png|jpe?g|gif|bmp)$</arg>
<doc>Fails if ``string`` does not match ``pattern`` as a regular expression.</doc>
<status status="PASS" start="2024-06-22T09:15:32.839108" elapsed="0.000465"/>
</kw>
<kw name="Should Match Regexp" owner="BuiltIn">
<arg>${json_data['results'][0]['picture']['medium']}</arg>
<arg>^https?://.*\.(?:png|jpe?g|gif|bmp)$</arg>
<doc>Fails if ``string`` does not match ``pattern`` as a regular expression.</doc>
<status status="PASS" start="2024-06-22T09:15:32.839766" elapsed="0.000357"/>
</kw>
<kw name="Should Match Regexp" owner="BuiltIn">
<arg>${json_data['results'][0]['picture']['thumbnail']}</arg>
<arg>^https?://.*\.(?:png|jpe?g|gif|bmp)$</arg>
<doc>Fails if ``string`` does not match ``pattern`` as a regular expression.</doc>
<status status="PASS" start="2024-06-22T09:15:32.840306" elapsed="0.000359"/>
</kw>
<kw name="Log" owner="BuiltIn">
<msg time="2024-06-22T09:15:32.841171" level="INFO">{'large': 'https://randomuser.me/api/portraits/women/45.jpg', 'medium': 'https://randomuser.me/api/portraits/med/women/45.jpg', 'thumbnail': 'https://randomuser.me/api/portraits/thumb/women/45.jpg'}</msg>
<arg>${json_data['results'][0]['picture']}</arg>
<doc>Logs the given message with the given level.</doc>
<status status="PASS" start="2024-06-22T09:15:32.840846" elapsed="0.000369"/>
</kw>
<status status="PASS" start="2024-06-22T09:15:32.753821" elapsed="0.087658"/>
</kw>
<kw name="Teste de Tipos de Dados - Postcode" owner="random-user-service">
<kw name="GET On Session" owner="RequestsLibrary">
<msg time="2024-06-22T09:15:32.944500" level="INFO">GET Request : url=https://randomuser.me/api 
 path_url=/api 
 headers={'User-Agent': 'python-requests/2.32.3', 'Accept-Encoding': 'gzip, deflate', 'Accept': '*/*', 'Connection': 'keep-alive'} 
 body=None 
 </msg>
<msg time="2024-06-22T09:15:32.944602" level="INFO">GET Response : url=https://randomuser.me/api 
 status=200, reason=OK 
 headers={'Date': 'Sat, 22 Jun 2024 09:15:32 GMT', 'Content-Type': 'application/json; charset=utf-8', 'Transfer-Encoding': 'chunked', 'Connection': 'keep-alive', 'X-Powered-By': 'Express', 'Access-Control-Allow-Origin': '*', 'Cache-Control': 'no-cache', 'ETag': 'W/"48a-E2ZuKASvu//afojirhmENBF4YOw"', 'Vary': 'Accept-Encoding', 'Content-Encoding': 'gzip', 'CF-Cache-Status': 'DYNAMIC', 'Report-To': '{"endpoints":[{"url":"https:\\/\\/a.nel.cloudflare.com\\/report\\/v4?s=4U4YkPFPuZXjkWRpMJb6GS0QVvAPqbs1BkI1swfqgqtuX4EkcUUqZTuvLAvNcw%2BQ10ddsmQwdWrY58FjdNp91%2Bx4prQcO%2F7Ot5uygP95Wcb2sj%2BrBed9cB43xYshlkFg"}],"group":"cf-nel","max_age":604800}', 'NEL': '{"success_fraction":0,"report_to":"cf-nel","max_age":604800}', 'Server': 'cloudflare', 'CF-RAY': '897b226a4a3b6076-ORD', 'alt-svc': 'h3=":443"; ma=86400'} 
 body={"results":[{"gender":"male","name":{"title":"Mr","first":"Leo","last":"Fuller"},"location":{"street":{"number":5175,"name":"Northaven Rd"},"city":"Waterbury","state":"Utah","country":"United States","postcode":13903,"coordinates":{"latitude":"82.9578","longitude":"-88.1303"},"timezone":{"offset":"+5:30","description":"Bombay, Calcutta, Madras, New Delhi"}},"email":"leo.fuller@example.com","login":{"uuid":"94b88fd0-95fd-4b66-8be5-66e6f0ff33b7","username":"whitefrog454","password":"profit","salt":"Lw0YSxxq","md5":"ecceb6a1ef242d625dff7e48805ef5de","sha1":"a0c3bb5d5a6d0677f02924291e37f42bb0ea82da","sha256":"5ac0d736bf43d695a76257c7dd333abe2f4bff7a6130fe5e64a4266f93bc82b1"},"dob":{"date":"1968-07-02T15:12:37.445Z","age":55},"registered":{"date":"2021-01-12T06:58:27.312Z","age":3},"phone":"(909) 922-6483","cell":"(299) 832-7701","id":{"name":"SSN","value":"817-83-8964"},"picture":{"large":"https://randomuser.me/api/portraits/men/42.jpg","medium":"https://randomuser.me/api/portraits/med/men/42.jpg","thumbnail":"https://randomuser.me/api/portraits/thumb/men/42.jpg"},"nat":"US"}],"info":{"seed":"c4f11cc245232557","results":1,"page":1,"version":"1.4"}} 
 </msg>
<msg time="2024-06-22T09:15:32.944680" level="INFO">/opt/hostedtoolcache/Python/3.12.4/x64/lib/python3.12/site-packages/urllib3/connectionpool.py:1099: InsecureRequestWarning: Unverified HTTPS request is being made to host 'randomuser.me'. Adding certificate verification is strongly advised. See: https://urllib3.readthedocs.io/en/latest/advanced-usage.html#tls-warnings
  warnings.warn(</msg>
<msg time="2024-06-22T09:15:32.944803" level="INFO">${response} = &lt;Response [200]&gt;</msg>
<var>${response}</var>
<arg>consultarAPI</arg>
<arg>/api</arg>
<doc>Sends a GET request on a previously created HTTP Session.</doc>
<status status="PASS" start="2024-06-22T09:15:32.841940" elapsed="0.102903"/>
</kw>
<kw name="Set Variable" owner="BuiltIn">
<msg time="2024-06-22T09:15:32.945935" level="INFO">${json_data} = {'results': [{'gender': 'male', 'name': {'title': 'Mr', 'first': 'Leo', 'last': 'Fuller'}, 'location': {'street': {'number': 5175, 'name': 'Northaven Rd'}, 'city': 'Waterbury', 'state': 'Utah', 'count...</msg>
<var>${json_data}</var>
<arg>${response.json()}</arg>
<doc>Returns the given values which can then be assigned to a variables.</doc>
<status status="PASS" start="2024-06-22T09:15:32.945404" elapsed="0.000566"/>
</kw>
<kw name="Log" owner="BuiltIn">
<msg time="2024-06-22T09:15:32.946432" level="INFO">{'results': [{'gender': 'male', 'name': {'title': 'Mr', 'first': 'Leo', 'last': 'Fuller'}, 'location': {'street': {'number': 5175, 'name': 'Northaven Rd'}, 'city': 'Waterbury', 'state': 'Utah', 'country': 'United States', 'postcode': 13903, 'coordinates': {'latitude': '82.9578', 'longitude': '-88.1303'}, 'timezone': {'offset': '+5:30', 'description': 'Bombay, Calcutta, Madras, New Delhi'}}, 'email': 'leo.fuller@example.com', 'login': {'uuid': '94b88fd0-95fd-4b66-8be5-66e6f0ff33b7', 'username': 'whitefrog454', 'password': 'profit', 'salt': 'Lw0YSxxq', 'md5': 'ecceb6a1ef242d625dff7e48805ef5de', 'sha1': 'a0c3bb5d5a6d0677f02924291e37f42bb0ea82da', 'sha256': '5ac0d736bf43d695a76257c7dd333abe2f4bff7a6130fe5e64a4266f93bc82b1'}, 'dob': {'date': '1968-07-02T15:12:37.445Z', 'age': 55}, 'registered': {'date': '2021-01-12T06:58:27.312Z', 'age': 3}, 'phone': '(909) 922-6483', 'cell': '(299) 832-7701', 'id': {'name': 'SSN', 'value': '817-83-8964'}, 'picture': {'large': 'https://randomuser.me/api/portraits/men/42.jpg', 'medium': 'https://randomuser.me/api/portraits/med/men/42.jpg', 'thumbnail': 'https://randomuser.me/api/portraits/thumb/men/42.jpg'}, 'nat': 'US'}], 'info': {'seed': 'c4f11cc245232557', 'results': 1, 'page': 1, 'version': '1.4'}}</msg>
<arg>${json_data}</arg>
<doc>Logs the given message with the given level.</doc>
<status status="PASS" start="2024-06-22T09:15:32.946277" elapsed="0.000204"/>
</kw>
<kw name="Should Be Equal As Numbers" owner="BuiltIn">
<arg>${json_data['results'][0]['location']['postcode']}</arg>
<arg>${json_data['results'][0]['location']['postcode']}</arg>
<doc>Fails if objects are unequal after converting them to real numbers.</doc>
<status status="PASS" start="2024-06-22T09:15:32.946835" elapsed="0.000643"/>
</kw>
<kw name="Log" owner="BuiltIn">
<msg time="2024-06-22T09:15:32.948223" level="INFO">13903</msg>
<arg>${json_data['results'][0]['location']['postcode']}</arg>
<doc>Logs the given message with the given level.</doc>
<status status="PASS" start="2024-06-22T09:15:32.947705" elapsed="0.000560"/>
</kw>
<status status="PASS" start="2024-06-22T09:15:32.841713" elapsed="0.106813"/>
</kw>
<doc>Testa se os tipos de dados na resposta da API estão corretos.</doc>
<tag>testeTiposDados</tag>
<status status="PASS" start="2024-06-22T09:15:32.753248" elapsed="0.195455"/>
</test>
<test id="s1-s1-t5" name="Validar conteudo" line="35">
<kw name="Teste de Tipos de Conteudo" owner="random-user-service">
<kw name="GET On Session" owner="RequestsLibrary">
<msg time="2024-06-22T09:15:33.024482" level="INFO">GET Request : url=https://randomuser.me/api 
 path_url=/api 
 headers={'User-Agent': 'python-requests/2.32.3', 'Accept-Encoding': 'gzip, deflate', 'Accept': '*/*', 'Connection': 'keep-alive'} 
 body=None 
 </msg>
<msg time="2024-06-22T09:15:33.024594" level="INFO">GET Response : url=https://randomuser.me/api 
 status=200, reason=OK 
 headers={'Date': 'Sat, 22 Jun 2024 09:15:33 GMT', 'Content-Type': 'application/json; charset=utf-8', 'Transfer-Encoding': 'chunked', 'Connection': 'keep-alive', 'X-Powered-By': 'Express', 'Access-Control-Allow-Origin': '*', 'Cache-Control': 'no-cache', 'ETag': 'W/"476-/w9ys8m3xtajB4baRIorkKzjWBk"', 'Vary': 'Accept-Encoding', 'Content-Encoding': 'gzip', 'CF-Cache-Status': 'DYNAMIC', 'Report-To': '{"endpoints":[{"url":"https:\\/\\/a.nel.cloudflare.com\\/report\\/v4?s=vPbGRBNCawMZvdRR8NAtH4JfpPoLmmPxBpOh9brY4fpmVhWx7oRAxfnsyE3kfQqiGBbP4EK61C%2FQtHDqyqyT20cVuBM%2B95BF2q83jYYbo7%2BhnZIuus09v01J5huiinWi"}],"group":"cf-nel","max_age":604800}', 'NEL': '{"success_fraction":0,"report_to":"cf-nel","max_age":604800}', 'Server': 'cloudflare', 'CF-RAY': '897b226afa946076-ORD', 'alt-svc': 'h3=":443"; ma=86400'} 
 body={"results":[{"gender":"male","name":{"title":"Mr","first":"Ken","last":"Neal"},"location":{"street":{"number":3892,"name":"Lone Wolf Trail"},"city":"Perth","state":"Queensland","country":"Australia","postcode":3458,"coordinates":{"latitude":"-85.2090","longitude":"-8.6627"},"timezone":{"offset":"-11:00","description":"Midway Island, Samoa"}},"email":"ken.neal@example.com","login":{"uuid":"9a067a72-ab31-4796-ae9c-9feec9fdf863","username":"organicrabbit648","password":"swords","salt":"PRmfEJxz","md5":"4dab7985468738c0e174f7e7ffbeb72f","sha1":"9f993185267f0331616ccae13904f3fd2f819ee3","sha256":"b4103d9b3a1104ec2579f686d209d5bc4c17932dfd2a47adb37b08e15df38226"},"dob":{"date":"2000-12-26T23:00:58.209Z","age":23},"registered":{"date":"2019-11-30T15:40:45.752Z","age":4},"phone":"07-5989-5327","cell":"0488-643-775","id":{"name":"TFN","value":"150742471"},"picture":{"large":"https://randomuser.me/api/portraits/men/90.jpg","medium":"https://randomuser.me/api/portraits/med/men/90.jpg","thumbnail":"https://randomuser.me/api/portraits/thumb/men/90.jpg"},"nat":"AU"}],"info":{"seed":"de366f85c556bb6b","results":1,"page":1,"version":"1.4"}} 
 </msg>
<msg time="2024-06-22T09:15:33.024676" level="INFO">/opt/hostedtoolcache/Python/3.12.4/x64/lib/python3.12/site-packages/urllib3/connectionpool.py:1099: InsecureRequestWarning: Unverified HTTPS request is being made to host 'randomuser.me'. Adding certificate verification is strongly advised. See: https://urllib3.readthedocs.io/en/latest/advanced-usage.html#tls-warnings
  warnings.warn(</msg>
<msg time="2024-06-22T09:15:33.024803" level="INFO">${response} = &lt;Response [200]&gt;</msg>
<var>${response}</var>
<arg>consultarAPI</arg>
<arg>/api</arg>
<doc>Sends a GET request on a previously created HTTP Session.</doc>
<status status="PASS" start="2024-06-22T09:15:32.951561" elapsed="0.073284"/>
</kw>
<kw name="Set Variable" owner="BuiltIn">
<msg time="2024-06-22T09:15:33.025923" level="INFO">${json_data} = {'results': [{'gender': 'male', 'name': {'title': 'Mr', 'first': 'Ken', 'last': 'Neal'}, 'location': {'street': {'number': 3892, 'name': 'Lone Wolf Trail'}, 'city': 'Perth', 'state': 'Queensland', 'co...</msg>
<var>${json_data}</var>
<arg>${response.json()}</arg>
<doc>Returns the given values which can then be assigned to a variables.</doc>
<status status="PASS" start="2024-06-22T09:15:33.025381" elapsed="0.000572"/>
</kw>
<kw name="Set Variable" owner="BuiltIn">
<msg time="2024-06-22T09:15:33.026666" level="INFO">${name_title} = Mr</msg>
<var>${name_title}</var>
<arg>${json_data["results"][0]["name"]["title"]}</arg>
<doc>Returns the given values which can then be assigned to a variables.</doc>
<status status="PASS" start="2024-06-22T09:15:33.026265" elapsed="0.000427"/>
</kw>
<kw name="Create List" owner="BuiltIn">
<msg time="2024-06-22T09:15:33.027224" level="INFO">${allowed_titles} = ['Mr', 'Ms', 'Miss', 'Mrs', 'Madame', 'Monsieur']</msg>
<var>${allowed_titles}</var>
<arg>Mr</arg>
<arg>Ms</arg>
<arg>Miss</arg>
<arg>Mrs</arg>
<arg>Madame</arg>
<arg>Monsieur</arg>
<doc>Returns a list containing given items.</doc>
<status status="PASS" start="2024-06-22T09:15:33.027054" elapsed="0.000195"/>
</kw>
<kw name="List Should Contain Value" owner="Collections">
<arg>${allowed_titles}</arg>
<arg>${name_title}</arg>
<doc>Fails if the ``value`` is not found from ``list``.</doc>
<status status="PASS" start="2024-06-22T09:15:33.027557" elapsed="0.000184"/>
</kw>
<kw name="Set Variable" owner="BuiltIn">
<msg time="2024-06-22T09:15:33.028301" level="INFO">${name_country} = AU</msg>
<var>${name_country}</var>
<arg>${json_data["results"][0]["nat"]}</arg>
<doc>Returns the given values which can then be assigned to a variables.</doc>
<status status="PASS" start="2024-06-22T09:15:33.027922" elapsed="0.000405"/>
</kw>
<kw name="Create List" owner="BuiltIn">
<msg time="2024-06-22T09:15:33.029230" level="INFO">${list_country} = ['AD', 'AE', 'AF', 'AG', 'AI', 'AL', 'AM', 'AO', 'AQ', 'AR', 'AS', 'AT', 'AU', 'AW', 'AX', 'AZ', 'BA', 'BB', 'BD', 'BE', 'BF', 'BG', 'BH', 'BI', 'BJ', 'BL', 'BM', 'BN', 'BO', 'BQ', 'BR', 'BS', 'BT', '...</msg>
<var>${list_country}</var>
<arg>AD</arg>
<arg>AE</arg>
<arg>AF</arg>
<arg>AG</arg>
<arg>AI</arg>
<arg>AL</arg>
<arg>AM</arg>
<arg>AO</arg>
<arg>AQ</arg>
<arg>AR</arg>
<arg>AS</arg>
<arg>AT</arg>
<arg>AU</arg>
<arg>AW</arg>
<arg>AX</arg>
<arg>AZ</arg>
<arg>BA</arg>
<arg>BB</arg>
<arg>BD</arg>
<arg>BE</arg>
<arg>BF</arg>
<arg>BG</arg>
<arg>BH</arg>
<arg>BI</arg>
<arg>BJ</arg>
<arg>BL</arg>
<arg>BM</arg>
<arg>BN</arg>
<arg>BO</arg>
<arg>BQ</arg>
<arg>BR</arg>
<arg>BS</arg>
<arg>BT</arg>
<arg>BV</arg>
<arg>BW</arg>
<arg>BY</arg>
<arg>BZ</arg>
<arg>CA</arg>
<arg>CC</arg>
<arg>CD</arg>
<arg>CF</arg>
<arg>CG</arg>
<arg>CH</arg>
<arg>CI</arg>
<arg>CK</arg>
<arg>CL</arg>
<arg>CM</arg>
<arg>CN</arg>
<arg>CO</arg>
<arg>CR</arg>
<arg>CU</arg>
<arg>CV</arg>
<arg>CW</arg>
<arg>CX</arg>
<arg>CY</arg>
<arg>CZ</arg>
<arg>DE</arg>
<arg>DJ</arg>
<arg>DK</arg>
<arg>DM</arg>
<arg>DO</arg>
<arg>DZ</arg>
<arg>EC</arg>
<arg>EE</arg>
<arg>EG</arg>
<arg>EH</arg>
<arg>ER</arg>
<arg>ES</arg>
<arg>ET</arg>
<arg>FI</arg>
<arg>FJ</arg>
<arg>FK</arg>
<arg>FM</arg>
<arg>FO</arg>
<arg>FR</arg>
<arg>GA</arg>
<arg>GB</arg>
<arg>GD</arg>
<arg>GE</arg>
<arg>GF</arg>
<arg>GG</arg>
<arg>GH</arg>
<arg>GI</arg>
<arg>GL</arg>
<arg>GM</arg>
<arg>GN</arg>
<arg>GP</arg>
<arg>GQ</arg>
<arg>GR</arg>
<arg>GS</arg>
<arg>GT</arg>
<arg>GU</arg>
<arg>GW</arg>
<arg>GY</arg>
<arg>HK</arg>
<arg>HM</arg>
<arg>HN</arg>
<arg>HR</arg>
<arg>HT</arg>
<arg>HU</arg>
<arg>ID</arg>
<arg>IE</arg>
<arg>IL</arg>
<arg>IM</arg>
<arg>IN</arg>
<arg>IO</arg>
<arg>IQ</arg>
<arg>IR</arg>
<arg>IS</arg>
<arg>IT</arg>
<arg>JE</arg>
<arg>JM</arg>
<arg>JO</arg>
<arg>JP</arg>
<arg>KE</arg>
<arg>KG</arg>
<arg>KH</arg>
<arg>KI</arg>
<arg>KM</arg>
<arg>KN</arg>
<arg>KP</arg>
<arg>KR</arg>
<arg>KW</arg>
<arg>KY</arg>
<arg>KZ</arg>
<arg>LA</arg>
<arg>LB</arg>
<arg>LC</arg>
<arg>LI</arg>
<arg>LK</arg>
<arg>LR</arg>
<arg>LS</arg>
<arg>LT</arg>
<arg>LU</arg>
<arg>LV</arg>
<arg>LY</arg>
<arg>MA</arg>
<arg>MC</arg>
<arg>MD</arg>
<arg>ME</arg>
<arg>MF</arg>
<arg>MG</arg>
<arg>MH</arg>
<arg>MK</arg>
<arg>ML</arg>
<arg>MM</arg>
<arg>MN</arg>
<arg>MO</arg>
<arg>MP</arg>
<arg>MQ</arg>
<arg>MR</arg>
<arg>MS</arg>
<arg>MT</arg>
<arg>MU</arg>
<arg>MV</arg>
<arg>MW</arg>
<arg>MX</arg>
<arg>MY</arg>
<arg>MZ</arg>
<arg>NA</arg>
<arg>NC</arg>
<arg>NE</arg>
<arg>NF</arg>
<arg>NG</arg>
<arg>NI</arg>
<arg>NL</arg>
<arg>NO</arg>
<arg>NP</arg>
<arg>NR</arg>
<arg>NU</arg>
<arg>NZ</arg>
<arg>OM</arg>
<arg>PA</arg>
<arg>PE</arg>
<arg>PF</arg>
<arg>PG</arg>
<arg>PH</arg>
<arg>PK</arg>
<arg>PL</arg>
<arg>PM</arg>
<arg>PN</arg>
<arg>PR</arg>
<arg>PS</arg>
<arg>PT</arg>
<arg>PW</arg>
<arg>PY</arg>
<arg>QA</arg>
<arg>RE</arg>
<arg>RO</arg>
<arg>RS</arg>
<arg>RU</arg>
<arg>RW</arg>
<arg>SA</arg>
<arg>SB</arg>
<arg>SC</arg>
<arg>SD</arg>
<arg>SE</arg>
<arg>SG</arg>
<arg>SH</arg>
<arg>SI</arg>
<arg>SJ</arg>
<arg>SK</arg>
<arg>SL</arg>
<arg>SM</arg>
<arg>SN</arg>
<arg>SO</arg>
<arg>SR</arg>
<arg>SS</arg>
<arg>ST</arg>
<arg>SV</arg>
<arg>SX</arg>
<arg>SY</arg>
<arg>SZ</arg>
<arg>TC</arg>
<arg>TD</arg>
<arg>TF</arg>
<arg>TG</arg>
<arg>TH</arg>
<arg>TJ</arg>
<arg>TK</arg>
<arg>TL</arg>
<arg>TM</arg>
<arg>TN</arg>
<arg>TO</arg>
<arg>TR</arg>
<arg>TT</arg>
<arg>TV</arg>
<arg>TW</arg>
<arg>TZ</arg>
<arg>UA</arg>
<arg>UG</arg>
<arg>UM</arg>
<arg>US</arg>
<arg>UY</arg>
<arg>UZ</arg>
<arg>VA</arg>
<arg>VC</arg>
<arg>VE</arg>
<arg>VG</arg>
<arg>VI</arg>
<arg>VN</arg>
<arg>VU</arg>
<arg>WF</arg>
<arg>WS</arg>
<arg>XK</arg>
<arg>YE</arg>
<arg>YT</arg>
<arg>ZA</arg>
<arg>ZM</arg>
<arg>ZW</arg>
<doc>Returns a list containing given items.</doc>
<status status="PASS" start="2024-06-22T09:15:33.028620" elapsed="0.000636"/>
</kw>
<kw name="List Should Contain Value" owner="Collections">
<arg>${list_country}</arg>
<arg>${name_country}</arg>
<doc>Fails if the ``value`` is not found from ``list``.</doc>
<status status="PASS" start="2024-06-22T09:15:33.030062" elapsed="0.000206"/>
</kw>
<kw name="Run Keyword If" owner="BuiltIn">
<kw name="Should Be True" owner="BuiltIn">
<arg>${True}</arg>
<doc>Fails if the given condition is not true.</doc>
<status status="PASS" start="2024-06-22T09:15:33.031255" elapsed="0.000144"/>
</kw>
<arg>${json_data["results"][0]["location"]["coordinates"]["latitude"]} &gt;= -90 and ${json_data["results"][0]["location"]["coordinates"]["latitude"]} &lt;= 90</arg>
<arg>Should Be True</arg>
<arg>${True}</arg>
<doc>Runs the given keyword with the given arguments, if ``condition`` is true.</doc>
<status status="PASS" start="2024-06-22T09:15:33.030474" elapsed="0.001055"/>
</kw>
<kw name="Run Keyword If" owner="BuiltIn">
<kw name="Should Be True" owner="BuiltIn">
<arg>${True}</arg>
<doc>Fails if the given condition is not true.</doc>
<status status="PASS" start="2024-06-22T09:15:33.032420" elapsed="0.000256"/>
</kw>
<arg>${json_data["results"][0]["location"]["coordinates"]["longitude"]} &gt;= -180 and ${json_data["results"][0]["location"]["coordinates"]["longitude"]} &lt;= 180</arg>
<arg>Should Be True</arg>
<arg>${True}</arg>
<doc>Runs the given keyword with the given arguments, if ``condition`` is true.</doc>
<status status="PASS" start="2024-06-22T09:15:33.031714" elapsed="0.001093"/>
</kw>
<status status="PASS" start="2024-06-22T09:15:32.951181" elapsed="0.081763"/>
</kw>
<doc>Testa o conteúdo específico dos campos retornados pela API.</doc>
<tag>testeConteudo</tag>
<status status="PASS" start="2024-06-22T09:15:32.950474" elapsed="0.082627"/>
</test>
<status status="PASS" start="2024-06-22T09:15:32.168151" elapsed="0.866938"/>
</suite>
<status status="PASS" start="2024-06-22T09:15:32.141313" elapsed="0.898994"/>
</suite>
<statistics>
<total>
<stat pass="5" fail="0" skip="0">All Tests</stat>
</total>
<tag>
<stat pass="1" fail="0" skip="0">testeConteudo</stat>
<stat pass="1" fail="0" skip="0">testeEstruturaResposta</stat>
<stat pass="1" fail="0" skip="0">testeRequisicaoBasica</stat>
<stat pass="1" fail="0" skip="0">testeTiposDados</stat>
</tag>
<suite>
<stat pass="5" fail="0" skip="0" id="s1" name="Tests">Tests</stat>
<stat pass="5" fail="0" skip="0" id="s1-s1" name="Random-User-Test">Tests.Random-User-Test</stat>
</suite>
</statistics>
<errors>
</errors>
</robot>
