<?xml version="1.0" encoding="UTF-8"?>
<robot generator="Robot 7.0 (Python 3.12.3 on linux)" generated="2024-05-07T20:12:31.533132" rpa="false" schemaversion="5">
<suite id="s1" name="Tests" source="/home/runner/work/DesafioQAItauRogerioJordao/DesafioQAItauRogerioJordao/RamdonUser/tests">
<suite id="s1-s1" name="Random-User-Test" source="/home/runner/work/DesafioQAItauRogerioJordao/DesafioQAItauRogerioJordao/RamdonUser/tests/random-user-test.robot">
<test id="s1-s1-t1" name="Conectar" line="13">
<kw name="Conectar API" owner="random-user-service">
<kw name="Create Session" owner="RequestsLibrary">
<msg time="2024-05-07T20:12:31.925091" level="INFO">Creating Session using : alias=consultarAPI, url=https://randomuser.me/, headers={},                     cookies={}, auth=None, timeout=None, proxies=None, verify=False,                     debug=0 </msg>
<arg>consultarAPI</arg>
<arg>${URL}</arg>
<doc>Create Session: create a HTTP session to a server</doc>
<status status="PASS" start="2024-05-07T20:12:31.924893" elapsed="0.000373"/>
</kw>
<status status="PASS" start="2024-05-07T20:12:31.923957" elapsed="0.001649"/>
</kw>
<status status="PASS" start="2024-05-07T20:12:31.923455" elapsed="0.002345"/>
</test>
<test id="s1-s1-t2" name="Validar retorno 200 e JSON Válido" line="16">
<kw name="Teste de Requisicao Basica" owner="random-user-service">
<kw name="GET On Session" owner="RequestsLibrary">
<msg time="2024-05-07T20:12:32.051322" level="INFO">GET Request : url=https://randomuser.me/api 
 path_url=/api 
 headers={'User-Agent': 'python-requests/2.31.0', 'Accept-Encoding': 'gzip, deflate', 'Accept': '*/*', 'Connection': 'keep-alive'} 
 body=None 
 </msg>
<msg time="2024-05-07T20:12:32.051436" level="INFO">GET Response : url=https://randomuser.me/api 
 status=200, reason=OK 
 headers={'Date': 'Tue, 07 May 2024 20:12:32 GMT', 'Content-Type': 'application/json; charset=utf-8', 'Transfer-Encoding': 'chunked', 'Connection': 'keep-alive', 'X-Powered-By': 'Express', 'Access-Control-Allow-Origin': '*', 'Cache-Control': 'no-cache', 'ETag': 'W/"496-G5MhJmPu5Qy2rpY2rbyTXh8ATeA"', 'Vary': 'Accept-Encoding', 'Content-Encoding': 'gzip', 'CF-Cache-Status': 'DYNAMIC', 'Report-To': '{"endpoints":[{"url":"https:\\/\\/a.nel.cloudflare.com\\/report\\/v4?s=mAocvdCevo9ICTBjSsEVpSXNtkiO2Cbk14QmgYJJ2Rfbq%2FMR3pLVeCQLwvYFKG%2FHWStrNJJkg4cGF0ENobvDbAScMA3X10xikvk%2F0%2BLUym63tCXeZ37KvWaDxkXUh%2BsA"}],"group":"cf-nel","max_age":604800}', 'NEL': '{"success_fraction":0,"report_to":"cf-nel","max_age":604800}', 'Server': 'cloudflare', 'CF-RAY': '8803dd8bb8f56447-SJC', 'alt-svc': 'h3=":443"; ma=86400'} 
 body={"results":[{"gender":"male","name":{"title":"Mr","first":"Rafael","last":"Nguyen"},"location":{"street":{"number":3863,"name":"Place des 44 Enfants D'Izieu"},"city":"Dunkerque","state":"Seine-Maritime","country":"France","postcode":85707,"coordinates":{"latitude":"-17.1184","longitude":"-100.2041"},"timezone":{"offset":"+3:30","description":"Tehran"}},"email":"rafael.nguyen@example.com","login":{"uuid":"cb9645dd-2877-42f7-8a0c-18cebe081c11","username":"beautifulrabbit178","password":"perfect","salt":"iFCBl7Eb","md5":"460e9ee7971ade126fe9825a60f39b6d","sha1":"c7f8568e6c349c4d68059f6b7162ed6b4e023276","sha256":"3f76f65092e7167c055cce294534feb00156e198567e4f90779f38d00a2dc10d"},"dob":{"date":"1975-03-10T18:17:15.796Z","age":49},"registered":{"date":"2017-09-28T00:15:48.242Z","age":6},"phone":"04-90-51-70-02","cell":"06-50-62-25-73","id":{"name":"INSEE","value":"1750235963902 05"},"picture":{"large":"https://randomuser.me/api/portraits/men/92.jpg","medium":"https://randomuser.me/api/portraits/med/men/92.jpg","thumbnail":"https://randomuser.me/api/portraits/thumb/men/92.jpg"},"nat":"FR"}],"info":{"seed":"a279ee36813d63db","results":1,"page":1,"version":"1.4"}} 
 </msg>
<msg time="2024-05-07T20:12:32.051504" level="INFO">/opt/hostedtoolcache/Python/3.12.3/x64/lib/python3.12/site-packages/urllib3/connectionpool.py:1103: InsecureRequestWarning: Unverified HTTPS request is being made to host 'randomuser.me'. Adding certificate verification is strongly advised. See: https://urllib3.readthedocs.io/en/latest/advanced-usage.html#tls-warnings
  warnings.warn(</msg>
<msg time="2024-05-07T20:12:32.051615" level="INFO">${response} = &lt;Response [200]&gt;</msg>
<var>${response}</var>
<arg>consultarAPI</arg>
<arg>/api</arg>
<doc>Sends a GET request on a previously created HTTP Session.</doc>
<status status="PASS" start="2024-05-07T20:12:31.928432" elapsed="0.123227"/>
</kw>
<kw name="Should Be Equal As Numbers" owner="BuiltIn">
<msg time="2024-05-07T20:12:32.052649" level="INFO">Argument types are:
&lt;class 'int'&gt;
&lt;class 'str'&gt;</msg>
<arg>${response.status_code}</arg>
<arg>200</arg>
<doc>Fails if objects are unequal after converting them to real numbers.</doc>
<status status="PASS" start="2024-05-07T20:12:32.052145" elapsed="0.000567"/>
</kw>
<kw name="Log" owner="BuiltIn">
<msg time="2024-05-07T20:12:32.053410" level="INFO">200</msg>
<arg>${response.status_code}</arg>
<doc>Logs the given message with the given level.</doc>
<status status="PASS" start="2024-05-07T20:12:32.053057" elapsed="0.000394"/>
</kw>
<kw name="Set Variable" owner="BuiltIn">
<msg time="2024-05-07T20:12:32.054198" level="INFO">${json_data} = {'results': [{'gender': 'male', 'name': {'title': 'Mr', 'first': 'Rafael', 'last': 'Nguyen'}, 'location': {'street': {'number': 3863, 'name': "Place des 44 Enfants D'Izieu"}, 'city': 'Dunkerque', 'sta...</msg>
<var>${json_data}</var>
<arg>${response.json()}</arg>
<doc>Returns the given values which can then be assigned to a variables.</doc>
<status status="PASS" start="2024-05-07T20:12:32.053756" elapsed="0.000471"/>
</kw>
<kw name="Dictionary Should Contain Key" owner="Collections">
<msg time="2024-05-07T20:12:32.054690" level="INFO">False</msg>
<arg>${json_data}</arg>
<arg>results</arg>
<doc>Fails if ``key`` is not found from ``dictionary``.</doc>
<status status="PASS" start="2024-05-07T20:12:32.054525" elapsed="0.000205"/>
</kw>
<status status="PASS" start="2024-05-07T20:12:31.928190" elapsed="0.126833"/>
</kw>
<doc>Testa se a API responde corretamente e retorna um objeto JSON válido.</doc>
<tag>testeRequisicaoBasica</tag>
<status status="PASS" start="2024-05-07T20:12:31.927743" elapsed="0.127456"/>
</test>
<test id="s1-s1-t3" name="Validar estrutura de resposta" line="22">
<kw name="Teste de Estrutura de Resposta" owner="random-user-service">
<kw name="GET On Session" owner="RequestsLibrary">
<msg time="2024-05-07T20:12:32.162406" level="INFO">GET Request : url=https://randomuser.me/api 
 path_url=/api 
 headers={'User-Agent': 'python-requests/2.31.0', 'Accept-Encoding': 'gzip, deflate', 'Accept': '*/*', 'Connection': 'keep-alive'} 
 body=None 
 </msg>
<msg time="2024-05-07T20:12:32.162497" level="INFO">GET Response : url=https://randomuser.me/api 
 status=200, reason=OK 
 headers={'Date': 'Tue, 07 May 2024 20:12:32 GMT', 'Content-Type': 'application/json; charset=utf-8', 'Transfer-Encoding': 'chunked', 'Connection': 'keep-alive', 'X-Powered-By': 'Express', 'Access-Control-Allow-Origin': '*', 'Cache-Control': 'no-cache', 'ETag': 'W/"4af-Qi27FIIxiLrBFv5wgPBB4AERcFE"', 'Vary': 'Accept-Encoding', 'Content-Encoding': 'gzip', 'CF-Cache-Status': 'DYNAMIC', 'Report-To': '{"endpoints":[{"url":"https:\\/\\/a.nel.cloudflare.com\\/report\\/v4?s=GLLxQrx%2FVzm6iLMoblaCF74Hf37R%2B98iNVvhxxRu7wqxRjvS2V3JaOj7P8jMQ2sJtKiXSeXTwG8dUY4hbeUgZIcBrd0f4pcjbeQu%2BjGsJ1IwAYUA%2F9ya7B9XxtN59c2A"}],"group":"cf-nel","max_age":604800}', 'NEL': '{"success_fraction":0,"report_to":"cf-nel","max_age":604800}', 'Server': 'cloudflare', 'CF-RAY': '8803dd8c69626447-SJC', 'alt-svc': 'h3=":443"; ma=86400'} 
 body={"results":[{"gender":"male","name":{"title":"Mr","first":"José Eduardo","last":"Cabán"},"location":{"street":{"number":4660,"name":"Continuación Jamaica"},"city":"Col. Agricola Independencia","state":"Durango","country":"Mexico","postcode":19551,"coordinates":{"latitude":"28.6997","longitude":"-6.1942"},"timezone":{"offset":"+2:00","description":"Kaliningrad, South Africa"}},"email":"joseeduardo.caban@example.com","login":{"uuid":"82877241-23b8-40d5-8a97-09cb23db09f7","username":"orangeladybug121","password":"onetwo","salt":"jnRHc2vG","md5":"89285ece6f306ef82059cf4541feaaa7","sha1":"ef7a0ed7941771806cf9465068d6966f7e9b993e","sha256":"643661aa709bb62216adbe6a1eb6d031f9aab1ada3a1126e2484e1808ce9c77f"},"dob":{"date":"1978-08-16T21:38:16.202Z","age":45},"registered":{"date":"2017-09-15T07:00:40.070Z","age":6},"phone":"(612) 860 6940","cell":"(684) 220 8864","id":{"name":"NSS","value":"45 76 98 5818 3"},"picture":{"large":"https://randomuser.me/api/portraits/men/73.jpg","medium":"https://randomuser.me/api/portraits/med/men/73.jpg","thumbnail":"https://randomuser.me/api/portraits/thumb/men/73.jpg"},"nat":"MX"}],"info":{"seed":"095ca24587388aa5","results":1,"page":1,"version":"1.4"}} 
 </msg>
<msg time="2024-05-07T20:12:32.162616" level="INFO">/opt/hostedtoolcache/Python/3.12.3/x64/lib/python3.12/site-packages/urllib3/connectionpool.py:1103: InsecureRequestWarning: Unverified HTTPS request is being made to host 'randomuser.me'. Adding certificate verification is strongly advised. See: https://urllib3.readthedocs.io/en/latest/advanced-usage.html#tls-warnings
  warnings.warn(</msg>
<msg time="2024-05-07T20:12:32.162715" level="INFO">${response} = &lt;Response [200]&gt;</msg>
<var>${response}</var>
<arg>consultarAPI</arg>
<arg>/api</arg>
<doc>Sends a GET request on a previously created HTTP Session.</doc>
<status status="PASS" start="2024-05-07T20:12:32.057835" elapsed="0.104924"/>
</kw>
<kw name="Set Variable" owner="BuiltIn">
<msg time="2024-05-07T20:12:32.163803" level="INFO">${json_data} = {'results': [{'gender': 'male', 'name': {'title': 'Mr', 'first': 'José Eduardo', 'last': 'Cabán'}, 'location': {'street': {'number': 4660, 'name': 'Continuación Jamaica'}, 'city': 'Col. Agricola Indep...</msg>
<var>${json_data}</var>
<arg>${response.json()}</arg>
<doc>Returns the given values which can then be assigned to a variables.</doc>
<status status="PASS" start="2024-05-07T20:12:32.163241" elapsed="0.000592"/>
</kw>
<kw name="Log" owner="BuiltIn">
<msg time="2024-05-07T20:12:32.164310" level="INFO">{'results': [{'gender': 'male', 'name': {'title': 'Mr', 'first': 'José Eduardo', 'last': 'Cabán'}, 'location': {'street': {'number': 4660, 'name': 'Continuación Jamaica'}, 'city': 'Col. Agricola Independencia', 'state': 'Durango', 'country': 'Mexico', 'postcode': 19551, 'coordinates': {'latitude': '28.6997', 'longitude': '-6.1942'}, 'timezone': {'offset': '+2:00', 'description': 'Kaliningrad, South Africa'}}, 'email': 'joseeduardo.caban@example.com', 'login': {'uuid': '82877241-23b8-40d5-8a97-09cb23db09f7', 'username': 'orangeladybug121', 'password': 'onetwo', 'salt': 'jnRHc2vG', 'md5': '89285ece6f306ef82059cf4541feaaa7', 'sha1': 'ef7a0ed7941771806cf9465068d6966f7e9b993e', 'sha256': '643661aa709bb62216adbe6a1eb6d031f9aab1ada3a1126e2484e1808ce9c77f'}, 'dob': {'date': '1978-08-16T21:38:16.202Z', 'age': 45}, 'registered': {'date': '2017-09-15T07:00:40.070Z', 'age': 6}, 'phone': '(612) 860 6940', 'cell': '(684) 220 8864', 'id': {'name': 'NSS', 'value': '45 76 98 5818 3'}, 'picture': {'large': 'https://randomuser.me/api/portraits/men/73.jpg', 'medium': 'https://randomuser.me/api/portraits/med/men/73.jpg', 'thumbnail': 'https://randomuser.me/api/portraits/thumb/men/73.jpg'}, 'nat': 'MX'}], 'info': {'seed': '095ca24587388aa5', 'results': 1, 'page': 1, 'version': '1.4'}}</msg>
<arg>${json_data}</arg>
<doc>Logs the given message with the given level.</doc>
<status status="PASS" start="2024-05-07T20:12:32.164144" elapsed="0.000219"/>
</kw>
<kw name="Dictionary Should Contain Key" owner="Collections">
<msg time="2024-05-07T20:12:32.164816" level="INFO">False</msg>
<arg>${json_data}</arg>
<arg>results</arg>
<doc>Fails if ``key`` is not found from ``dictionary``.</doc>
<status status="PASS" start="2024-05-07T20:12:32.164664" elapsed="0.000190"/>
</kw>
<kw name="Should Not Be Empty" owner="BuiltIn">
<msg time="2024-05-07T20:12:32.165279" level="INFO">Length is 2.</msg>
<arg>${json_data}</arg>
<doc>Verifies that the given item is not empty.</doc>
<status status="PASS" start="2024-05-07T20:12:32.165147" elapsed="0.000176"/>
</kw>
<kw name="Create List" owner="BuiltIn">
<msg time="2024-05-07T20:12:32.165909" level="INFO">${expected_keys} = ['gender', 'name', 'location', 'email', 'login']</msg>
<var>${expected_keys}</var>
<arg>gender</arg>
<arg>name</arg>
<arg>location</arg>
<arg>email</arg>
<arg>login</arg>
<doc>Returns a list containing given items.</doc>
<status status="PASS" start="2024-05-07T20:12:32.165617" elapsed="0.000317"/>
</kw>
<for flavor="IN">
<iter>
<kw name="Dictionary Should Contain Key" owner="Collections">
<msg time="2024-05-07T20:12:32.166943" level="INFO">False</msg>
<arg>${json_data['results'][0]}</arg>
<arg>${key}</arg>
<doc>Fails if ``key`` is not found from ``dictionary``.</doc>
<status status="PASS" start="2024-05-07T20:12:32.166520" elapsed="0.000470"/>
</kw>
<kw name="Log" owner="BuiltIn">
<msg time="2024-05-07T20:12:32.167660" level="INFO">{'gender': 'male', 'name': {'title': 'Mr', 'first': 'José Eduardo', 'last': 'Cabán'}, 'location': {'street': {'number': 4660, 'name': 'Continuación Jamaica'}, 'city': 'Col. Agricola Independencia', 'state': 'Durango', 'country': 'Mexico', 'postcode': 19551, 'coordinates': {'latitude': '28.6997', 'longitude': '-6.1942'}, 'timezone': {'offset': '+2:00', 'description': 'Kaliningrad, South Africa'}}, 'email': 'joseeduardo.caban@example.com', 'login': {'uuid': '82877241-23b8-40d5-8a97-09cb23db09f7', 'username': 'orangeladybug121', 'password': 'onetwo', 'salt': 'jnRHc2vG', 'md5': '89285ece6f306ef82059cf4541feaaa7', 'sha1': 'ef7a0ed7941771806cf9465068d6966f7e9b993e', 'sha256': '643661aa709bb62216adbe6a1eb6d031f9aab1ada3a1126e2484e1808ce9c77f'}, 'dob': {'date': '1978-08-16T21:38:16.202Z', 'age': 45}, 'registered': {'date': '2017-09-15T07:00:40.070Z', 'age': 6}, 'phone': '(612) 860 6940', 'cell': '(684) 220 8864', 'id': {'name': 'NSS', 'value': '45 76 98 5818 3'}, 'picture': {'large': 'https://randomuser.me/api/portraits/men/73.jpg', 'medium': 'https://randomuser.me/api/portraits/med/men/73.jpg', 'thumbnail': 'https://randomuser.me/api/portraits/thumb/men/73.jpg'}, 'nat': 'MX'}</msg>
<arg>${json_data['results'][0]}</arg>
<doc>Logs the given message with the given level.</doc>
<status status="PASS" start="2024-05-07T20:12:32.167292" elapsed="0.000418"/>
</kw>
<kw name="Log" owner="BuiltIn">
<msg time="2024-05-07T20:12:32.168142" level="INFO">gender</msg>
<arg>${key}</arg>
<doc>Logs the given message with the given level.</doc>
<status status="PASS" start="2024-05-07T20:12:32.168012" elapsed="0.000168"/>
</kw>
<var name="${key}">gender</var>
<status status="PASS" start="2024-05-07T20:12:32.166395" elapsed="0.002000"/>
</iter>
<iter>
<kw name="Dictionary Should Contain Key" owner="Collections">
<msg time="2024-05-07T20:12:32.169083" level="INFO">False</msg>
<arg>${json_data['results'][0]}</arg>
<arg>${key}</arg>
<doc>Fails if ``key`` is not found from ``dictionary``.</doc>
<status status="PASS" start="2024-05-07T20:12:32.168696" elapsed="0.000455"/>
</kw>
<kw name="Log" owner="BuiltIn">
<msg time="2024-05-07T20:12:32.169814" level="INFO">{'gender': 'male', 'name': {'title': 'Mr', 'first': 'José Eduardo', 'last': 'Cabán'}, 'location': {'street': {'number': 4660, 'name': 'Continuación Jamaica'}, 'city': 'Col. Agricola Independencia', 'state': 'Durango', 'country': 'Mexico', 'postcode': 19551, 'coordinates': {'latitude': '28.6997', 'longitude': '-6.1942'}, 'timezone': {'offset': '+2:00', 'description': 'Kaliningrad, South Africa'}}, 'email': 'joseeduardo.caban@example.com', 'login': {'uuid': '82877241-23b8-40d5-8a97-09cb23db09f7', 'username': 'orangeladybug121', 'password': 'onetwo', 'salt': 'jnRHc2vG', 'md5': '89285ece6f306ef82059cf4541feaaa7', 'sha1': 'ef7a0ed7941771806cf9465068d6966f7e9b993e', 'sha256': '643661aa709bb62216adbe6a1eb6d031f9aab1ada3a1126e2484e1808ce9c77f'}, 'dob': {'date': '1978-08-16T21:38:16.202Z', 'age': 45}, 'registered': {'date': '2017-09-15T07:00:40.070Z', 'age': 6}, 'phone': '(612) 860 6940', 'cell': '(684) 220 8864', 'id': {'name': 'NSS', 'value': '45 76 98 5818 3'}, 'picture': {'large': 'https://randomuser.me/api/portraits/men/73.jpg', 'medium': 'https://randomuser.me/api/portraits/med/men/73.jpg', 'thumbnail': 'https://randomuser.me/api/portraits/thumb/men/73.jpg'}, 'nat': 'MX'}</msg>
<arg>${json_data['results'][0]}</arg>
<doc>Logs the given message with the given level.</doc>
<status status="PASS" start="2024-05-07T20:12:32.169453" elapsed="0.000411"/>
</kw>
<kw name="Log" owner="BuiltIn">
<msg time="2024-05-07T20:12:32.170286" level="INFO">name</msg>
<arg>${key}</arg>
<doc>Logs the given message with the given level.</doc>
<status status="PASS" start="2024-05-07T20:12:32.170160" elapsed="0.000164"/>
</kw>
<var name="${key}">name</var>
<status status="PASS" start="2024-05-07T20:12:32.168582" elapsed="0.001957"/>
</iter>
<iter>
<kw name="Dictionary Should Contain Key" owner="Collections">
<msg time="2024-05-07T20:12:32.171259" level="INFO">False</msg>
<arg>${json_data['results'][0]}</arg>
<arg>${key}</arg>
<doc>Fails if ``key`` is not found from ``dictionary``.</doc>
<status status="PASS" start="2024-05-07T20:12:32.170829" elapsed="0.000467"/>
</kw>
<kw name="Log" owner="BuiltIn">
<msg time="2024-05-07T20:12:32.171981" level="INFO">{'gender': 'male', 'name': {'title': 'Mr', 'first': 'José Eduardo', 'last': 'Cabán'}, 'location': {'street': {'number': 4660, 'name': 'Continuación Jamaica'}, 'city': 'Col. Agricola Independencia', 'state': 'Durango', 'country': 'Mexico', 'postcode': 19551, 'coordinates': {'latitude': '28.6997', 'longitude': '-6.1942'}, 'timezone': {'offset': '+2:00', 'description': 'Kaliningrad, South Africa'}}, 'email': 'joseeduardo.caban@example.com', 'login': {'uuid': '82877241-23b8-40d5-8a97-09cb23db09f7', 'username': 'orangeladybug121', 'password': 'onetwo', 'salt': 'jnRHc2vG', 'md5': '89285ece6f306ef82059cf4541feaaa7', 'sha1': 'ef7a0ed7941771806cf9465068d6966f7e9b993e', 'sha256': '643661aa709bb62216adbe6a1eb6d031f9aab1ada3a1126e2484e1808ce9c77f'}, 'dob': {'date': '1978-08-16T21:38:16.202Z', 'age': 45}, 'registered': {'date': '2017-09-15T07:00:40.070Z', 'age': 6}, 'phone': '(612) 860 6940', 'cell': '(684) 220 8864', 'id': {'name': 'NSS', 'value': '45 76 98 5818 3'}, 'picture': {'large': 'https://randomuser.me/api/portraits/men/73.jpg', 'medium': 'https://randomuser.me/api/portraits/med/men/73.jpg', 'thumbnail': 'https://randomuser.me/api/portraits/thumb/men/73.jpg'}, 'nat': 'MX'}</msg>
<arg>${json_data['results'][0]}</arg>
<doc>Logs the given message with the given level.</doc>
<status status="PASS" start="2024-05-07T20:12:32.171611" elapsed="0.000419"/>
</kw>
<kw name="Log" owner="BuiltIn">
<msg time="2024-05-07T20:12:32.172451" level="INFO">location</msg>
<arg>${key}</arg>
<doc>Logs the given message with the given level.</doc>
<status status="PASS" start="2024-05-07T20:12:32.172325" elapsed="0.000165"/>
</kw>
<var name="${key}">location</var>
<status status="PASS" start="2024-05-07T20:12:32.170718" elapsed="0.001987"/>
</iter>
<iter>
<kw name="Dictionary Should Contain Key" owner="Collections">
<msg time="2024-05-07T20:12:32.173372" level="INFO">False</msg>
<arg>${json_data['results'][0]}</arg>
<arg>${key}</arg>
<doc>Fails if ``key`` is not found from ``dictionary``.</doc>
<status status="PASS" start="2024-05-07T20:12:32.172991" elapsed="0.000418"/>
</kw>
<kw name="Log" owner="BuiltIn">
<msg time="2024-05-07T20:12:32.174071" level="INFO">{'gender': 'male', 'name': {'title': 'Mr', 'first': 'José Eduardo', 'last': 'Cabán'}, 'location': {'street': {'number': 4660, 'name': 'Continuación Jamaica'}, 'city': 'Col. Agricola Independencia', 'state': 'Durango', 'country': 'Mexico', 'postcode': 19551, 'coordinates': {'latitude': '28.6997', 'longitude': '-6.1942'}, 'timezone': {'offset': '+2:00', 'description': 'Kaliningrad, South Africa'}}, 'email': 'joseeduardo.caban@example.com', 'login': {'uuid': '82877241-23b8-40d5-8a97-09cb23db09f7', 'username': 'orangeladybug121', 'password': 'onetwo', 'salt': 'jnRHc2vG', 'md5': '89285ece6f306ef82059cf4541feaaa7', 'sha1': 'ef7a0ed7941771806cf9465068d6966f7e9b993e', 'sha256': '643661aa709bb62216adbe6a1eb6d031f9aab1ada3a1126e2484e1808ce9c77f'}, 'dob': {'date': '1978-08-16T21:38:16.202Z', 'age': 45}, 'registered': {'date': '2017-09-15T07:00:40.070Z', 'age': 6}, 'phone': '(612) 860 6940', 'cell': '(684) 220 8864', 'id': {'name': 'NSS', 'value': '45 76 98 5818 3'}, 'picture': {'large': 'https://randomuser.me/api/portraits/men/73.jpg', 'medium': 'https://randomuser.me/api/portraits/med/men/73.jpg', 'thumbnail': 'https://randomuser.me/api/portraits/thumb/men/73.jpg'}, 'nat': 'MX'}</msg>
<arg>${json_data['results'][0]}</arg>
<doc>Logs the given message with the given level.</doc>
<status status="PASS" start="2024-05-07T20:12:32.173705" elapsed="0.000416"/>
</kw>
<kw name="Log" owner="BuiltIn">
<msg time="2024-05-07T20:12:32.174538" level="INFO">email</msg>
<arg>${key}</arg>
<doc>Logs the given message with the given level.</doc>
<status status="PASS" start="2024-05-07T20:12:32.174413" elapsed="0.000163"/>
</kw>
<var name="${key}">email</var>
<status status="PASS" start="2024-05-07T20:12:32.172880" elapsed="0.001917"/>
</iter>
<iter>
<kw name="Dictionary Should Contain Key" owner="Collections">
<msg time="2024-05-07T20:12:32.175497" level="INFO">False</msg>
<arg>${json_data['results'][0]}</arg>
<arg>${key}</arg>
<doc>Fails if ``key`` is not found from ``dictionary``.</doc>
<status status="PASS" start="2024-05-07T20:12:32.175113" elapsed="0.000421"/>
</kw>
<kw name="Log" owner="BuiltIn">
<msg time="2024-05-07T20:12:32.176361" level="INFO">{'gender': 'male', 'name': {'title': 'Mr', 'first': 'José Eduardo', 'last': 'Cabán'}, 'location': {'street': {'number': 4660, 'name': 'Continuación Jamaica'}, 'city': 'Col. Agricola Independencia', 'state': 'Durango', 'country': 'Mexico', 'postcode': 19551, 'coordinates': {'latitude': '28.6997', 'longitude': '-6.1942'}, 'timezone': {'offset': '+2:00', 'description': 'Kaliningrad, South Africa'}}, 'email': 'joseeduardo.caban@example.com', 'login': {'uuid': '82877241-23b8-40d5-8a97-09cb23db09f7', 'username': 'orangeladybug121', 'password': 'onetwo', 'salt': 'jnRHc2vG', 'md5': '89285ece6f306ef82059cf4541feaaa7', 'sha1': 'ef7a0ed7941771806cf9465068d6966f7e9b993e', 'sha256': '643661aa709bb62216adbe6a1eb6d031f9aab1ada3a1126e2484e1808ce9c77f'}, 'dob': {'date': '1978-08-16T21:38:16.202Z', 'age': 45}, 'registered': {'date': '2017-09-15T07:00:40.070Z', 'age': 6}, 'phone': '(612) 860 6940', 'cell': '(684) 220 8864', 'id': {'name': 'NSS', 'value': '45 76 98 5818 3'}, 'picture': {'large': 'https://randomuser.me/api/portraits/men/73.jpg', 'medium': 'https://randomuser.me/api/portraits/med/men/73.jpg', 'thumbnail': 'https://randomuser.me/api/portraits/thumb/men/73.jpg'}, 'nat': 'MX'}</msg>
<arg>${json_data['results'][0]}</arg>
<doc>Logs the given message with the given level.</doc>
<status status="PASS" start="2024-05-07T20:12:32.175829" elapsed="0.000592"/>
</kw>
<kw name="Log" owner="BuiltIn">
<msg time="2024-05-07T20:12:32.176911" level="INFO">login</msg>
<arg>${key}</arg>
<doc>Logs the given message with the given level.</doc>
<status status="PASS" start="2024-05-07T20:12:32.176779" elapsed="0.000171"/>
</kw>
<var name="${key}">login</var>
<status status="PASS" start="2024-05-07T20:12:32.175002" elapsed="0.002180"/>
</iter>
<var>${key}</var>
<value>@{expected_keys}</value>
<status status="PASS" start="2024-05-07T20:12:32.166204" elapsed="0.011102"/>
</for>
<kw name="Create List" owner="BuiltIn">
<msg time="2024-05-07T20:12:32.177638" level="INFO">${expected_keysTwo} = ['username', 'password']</msg>
<var>${expected_keysTwo}</var>
<arg>username</arg>
<arg>password</arg>
<doc>Returns a list containing given items.</doc>
<status status="PASS" start="2024-05-07T20:12:32.177500" elapsed="0.000162"/>
</kw>
<for flavor="IN">
<iter>
<kw name="Dictionary Should Contain Key" owner="Collections">
<msg time="2024-05-07T20:12:32.178554" level="INFO">False</msg>
<arg>${json_data['results'][0]['login']}</arg>
<arg>${keyTwo}</arg>
<doc>Fails if ``key`` is not found from ``dictionary``.</doc>
<status status="PASS" start="2024-05-07T20:12:32.178157" elapsed="0.000435"/>
</kw>
<kw name="Dictionary Should Contain Key" owner="Collections">
<msg time="2024-05-07T20:12:32.179302" level="INFO">False</msg>
<arg>${json_data['results'][0]['login']}</arg>
<arg>${keyTwo}</arg>
<doc>Fails if ``key`` is not found from ``dictionary``.</doc>
<status status="PASS" start="2024-05-07T20:12:32.178914" elapsed="0.000426"/>
</kw>
<kw name="Log" owner="BuiltIn">
<msg time="2024-05-07T20:12:32.179761" level="INFO">username</msg>
<arg>${keyTwo}</arg>
<doc>Logs the given message with the given level.</doc>
<status status="PASS" start="2024-05-07T20:12:32.179634" elapsed="0.000171"/>
</kw>
<var name="${keyTwo}">username</var>
<status status="PASS" start="2024-05-07T20:12:32.178048" elapsed="0.001973"/>
</iter>
<iter>
<kw name="Dictionary Should Contain Key" owner="Collections">
<msg time="2024-05-07T20:12:32.180753" level="INFO">False</msg>
<arg>${json_data['results'][0]['login']}</arg>
<arg>${keyTwo}</arg>
<doc>Fails if ``key`` is not found from ``dictionary``.</doc>
<status status="PASS" start="2024-05-07T20:12:32.180304" elapsed="0.000487"/>
</kw>
<kw name="Dictionary Should Contain Key" owner="Collections">
<msg time="2024-05-07T20:12:32.181554" level="INFO">False</msg>
<arg>${json_data['results'][0]['login']}</arg>
<arg>${keyTwo}</arg>
<doc>Fails if ``key`` is not found from ``dictionary``.</doc>
<status status="PASS" start="2024-05-07T20:12:32.181090" elapsed="0.000504"/>
</kw>
<kw name="Log" owner="BuiltIn">
<msg time="2024-05-07T20:12:32.182019" level="INFO">password</msg>
<arg>${keyTwo}</arg>
<doc>Logs the given message with the given level.</doc>
<status status="PASS" start="2024-05-07T20:12:32.181889" elapsed="0.000168"/>
</kw>
<var name="${keyTwo}">password</var>
<status status="PASS" start="2024-05-07T20:12:32.180194" elapsed="0.002079"/>
</iter>
<var>${keyTwo}</var>
<value>@{expected_keysTwo}</value>
<status status="PASS" start="2024-05-07T20:12:32.177896" elapsed="0.004506"/>
</for>
<status status="PASS" start="2024-05-07T20:12:32.057609" elapsed="0.124933"/>
</kw>
<doc>Testa a estrutura da resposta da API.</doc>
<tag>testeEstruturaResposta</tag>
<status status="PASS" start="2024-05-07T20:12:32.057020" elapsed="0.125678"/>
</test>
<test id="s1-s1-t4" name="Validar tipos de dados" line="28">
<kw name="Teste de Tipos de Dados" owner="random-user-service">
<kw name="GET On Session" owner="RequestsLibrary">
<msg time="2024-05-07T20:12:32.283466" level="INFO">GET Request : url=https://randomuser.me/api 
 path_url=/api 
 headers={'User-Agent': 'python-requests/2.31.0', 'Accept-Encoding': 'gzip, deflate', 'Accept': '*/*', 'Connection': 'keep-alive'} 
 body=None 
 </msg>
<msg time="2024-05-07T20:12:32.283542" level="INFO">GET Response : url=https://randomuser.me/api 
 status=200, reason=OK 
 headers={'Date': 'Tue, 07 May 2024 20:12:32 GMT', 'Content-Type': 'application/json; charset=utf-8', 'Transfer-Encoding': 'chunked', 'Connection': 'keep-alive', 'X-Powered-By': 'Express', 'Access-Control-Allow-Origin': '*', 'Cache-Control': 'no-cache', 'ETag': 'W/"48b-Ec8ASXVPrCSKO45zJY8ufGWj7qE"', 'Vary': 'Accept-Encoding', 'Content-Encoding': 'gzip', 'CF-Cache-Status': 'DYNAMIC', 'Report-To': '{"endpoints":[{"url":"https:\\/\\/a.nel.cloudflare.com\\/report\\/v4?s=qXLHyoB%2FLv15bu55skXtMUQbW3GEI1rvIlq73O4OJ%2BdfR4R2Gw0HVGB8Gex4%2BC7dJNalcpsv7muNSka3xiFqqDtJ9tA%2BomqsL%2FT8jDpqnFqmt4llA8Uf2Yi%2BlNgmSZ6f"}],"group":"cf-nel","max_age":604800}', 'NEL': '{"success_fraction":0,"report_to":"cf-nel","max_age":604800}', 'Server': 'cloudflare', 'CF-RAY': '8803dd8d29ff6447-SJC', 'alt-svc': 'h3=":443"; ma=86400'} 
 body={"results":[{"gender":"male","name":{"title":"Mr","first":"Arjun","last":"Jain"},"location":{"street":{"number":3880,"name":"Pali Hill"},"city":"Thiruvananthapuram","state":"Telangana","country":"India","postcode":37277,"coordinates":{"latitude":"11.9212","longitude":"-172.2663"},"timezone":{"offset":"+4:00","description":"Abu Dhabi, Muscat, Baku, Tbilisi"}},"email":"arjun.jain@example.com","login":{"uuid":"2596aee4-2006-4904-899d-280d970a02ca","username":"organicswan225","password":"military","salt":"lccyJbrd","md5":"29dfd6bf7049dd2ee59629c6f54111c4","sha1":"5ea1d4e8fe2759f65deb957e873c4e4523143ba2","sha256":"14b6351ab687aa9af99d11a92f51dc968be110bab21bdf82676928cc62ff861a"},"dob":{"date":"1973-09-26T23:02:21.648Z","age":50},"registered":{"date":"2002-12-11T06:57:50.328Z","age":21},"phone":"8406017623","cell":"8448825393","id":{"name":"UIDAI","value":"544596967286"},"picture":{"large":"https://randomuser.me/api/portraits/men/82.jpg","medium":"https://randomuser.me/api/portraits/med/men/82.jpg","thumbnail":"https://randomuser.me/api/portraits/thumb/men/82.jpg"},"nat":"IN"}],"info":{"seed":"d96f0e5df893f513","results":1,"page":1,"version":"1.4"}} 
 </msg>
<msg time="2024-05-07T20:12:32.283609" level="INFO">/opt/hostedtoolcache/Python/3.12.3/x64/lib/python3.12/site-packages/urllib3/connectionpool.py:1103: InsecureRequestWarning: Unverified HTTPS request is being made to host 'randomuser.me'. Adding certificate verification is strongly advised. See: https://urllib3.readthedocs.io/en/latest/advanced-usage.html#tls-warnings
  warnings.warn(</msg>
<msg time="2024-05-07T20:12:32.283718" level="INFO">${response} = &lt;Response [200]&gt;</msg>
<var>${response}</var>
<arg>consultarAPI</arg>
<arg>/api</arg>
<doc>Sends a GET request on a previously created HTTP Session.</doc>
<status status="PASS" start="2024-05-07T20:12:32.185189" elapsed="0.098580"/>
</kw>
<kw name="Set Variable" owner="BuiltIn">
<msg time="2024-05-07T20:12:32.284781" level="INFO">${json_data} = {'results': [{'gender': 'male', 'name': {'title': 'Mr', 'first': 'Arjun', 'last': 'Jain'}, 'location': {'street': {'number': 3880, 'name': 'Pali Hill'}, 'city': 'Thiruvananthapuram', 'state': 'Telanga...</msg>
<var>${json_data}</var>
<arg>${response.json()}</arg>
<doc>Returns the given values which can then be assigned to a variables.</doc>
<status status="PASS" start="2024-05-07T20:12:32.284215" elapsed="0.000595"/>
</kw>
<kw name="Log" owner="BuiltIn">
<msg time="2024-05-07T20:12:32.285267" level="INFO">{'results': [{'gender': 'male', 'name': {'title': 'Mr', 'first': 'Arjun', 'last': 'Jain'}, 'location': {'street': {'number': 3880, 'name': 'Pali Hill'}, 'city': 'Thiruvananthapuram', 'state': 'Telangana', 'country': 'India', 'postcode': 37277, 'coordinates': {'latitude': '11.9212', 'longitude': '-172.2663'}, 'timezone': {'offset': '+4:00', 'description': 'Abu Dhabi, Muscat, Baku, Tbilisi'}}, 'email': 'arjun.jain@example.com', 'login': {'uuid': '2596aee4-2006-4904-899d-280d970a02ca', 'username': 'organicswan225', 'password': 'military', 'salt': 'lccyJbrd', 'md5': '29dfd6bf7049dd2ee59629c6f54111c4', 'sha1': '5ea1d4e8fe2759f65deb957e873c4e4523143ba2', 'sha256': '14b6351ab687aa9af99d11a92f51dc968be110bab21bdf82676928cc62ff861a'}, 'dob': {'date': '1973-09-26T23:02:21.648Z', 'age': 50}, 'registered': {'date': '2002-12-11T06:57:50.328Z', 'age': 21}, 'phone': '8406017623', 'cell': '8448825393', 'id': {'name': 'UIDAI', 'value': '544596967286'}, 'picture': {'large': 'https://randomuser.me/api/portraits/men/82.jpg', 'medium': 'https://randomuser.me/api/portraits/med/men/82.jpg', 'thumbnail': 'https://randomuser.me/api/portraits/thumb/men/82.jpg'}, 'nat': 'IN'}], 'info': {'seed': 'd96f0e5df893f513', 'results': 1, 'page': 1, 'version': '1.4'}}</msg>
<arg>${json_data}</arg>
<doc>Logs the given message with the given level.</doc>
<status status="PASS" start="2024-05-07T20:12:32.285117" elapsed="0.000232"/>
</kw>
<kw name="Should Be String" owner="String">
<arg>${json_data['results'][0]['gender']}</arg>
<doc>Fails if the given ``item`` is not a string.</doc>
<status status="PASS" start="2024-05-07T20:12:32.285645" elapsed="0.000361"/>
</kw>
<kw name="Should Match Regexp" owner="BuiltIn">
<arg>${json_data['results'][0]['email']}</arg>
<arg>^[a-zA-Z0-9._%+-]+@[a-zA-Z0-9.-]+\.[a-zA-Z]{2,}$</arg>
<doc>Fails if ``string`` does not match ``pattern`` as a regular expression.</doc>
<status status="PASS" start="2024-05-07T20:12:32.286197" elapsed="0.000500"/>
</kw>
<kw name="Should Match Regexp" owner="BuiltIn">
<arg>${json_data['results'][0]['dob']['date']}</arg>
<arg>\\d{4}-\\d{2}-\\d{2}T\\d{2}:\\d{2}:\\d{2}\\.\\d{3}Z</arg>
<doc>Fails if ``string`` does not match ``pattern`` as a regular expression.</doc>
<status status="PASS" start="2024-05-07T20:12:32.286923" elapsed="0.000513"/>
</kw>
<kw name="Should Match Regexp" owner="BuiltIn">
<arg>${json_data['results'][0]['registered']['date']}</arg>
<arg>\\d{4}-\\d{2}-\\d{2}T\\d{2}:\\d{2}:\\d{2}\\.\\d{3}Z</arg>
<doc>Fails if ``string`` does not match ``pattern`` as a regular expression.</doc>
<status status="PASS" start="2024-05-07T20:12:32.287631" elapsed="0.000375"/>
</kw>
<kw name="Should Match Regexp" owner="BuiltIn">
<arg>${json_data['results'][0]['picture']['large']}</arg>
<arg>^https?://.*\.(?:png|jpe?g|gif|bmp)$</arg>
<doc>Fails if ``string`` does not match ``pattern`` as a regular expression.</doc>
<status status="PASS" start="2024-05-07T20:12:32.288191" elapsed="0.000452"/>
</kw>
<kw name="Should Match Regexp" owner="BuiltIn">
<arg>${json_data['results'][0]['picture']['medium']}</arg>
<arg>^https?://.*\.(?:png|jpe?g|gif|bmp)$</arg>
<doc>Fails if ``string`` does not match ``pattern`` as a regular expression.</doc>
<status status="PASS" start="2024-05-07T20:12:32.288831" elapsed="0.000364"/>
</kw>
<kw name="Should Match Regexp" owner="BuiltIn">
<arg>${json_data['results'][0]['picture']['thumbnail']}</arg>
<arg>^https?://.*\.(?:png|jpe?g|gif|bmp)$</arg>
<doc>Fails if ``string`` does not match ``pattern`` as a regular expression.</doc>
<status status="PASS" start="2024-05-07T20:12:32.289380" elapsed="0.000344"/>
</kw>
<kw name="Log" owner="BuiltIn">
<msg time="2024-05-07T20:12:32.290218" level="INFO">{'large': 'https://randomuser.me/api/portraits/men/82.jpg', 'medium': 'https://randomuser.me/api/portraits/med/men/82.jpg', 'thumbnail': 'https://randomuser.me/api/portraits/thumb/men/82.jpg'}</msg>
<arg>${json_data['results'][0]['picture']}</arg>
<doc>Logs the given message with the given level.</doc>
<status status="PASS" start="2024-05-07T20:12:32.289902" elapsed="0.000357"/>
</kw>
<status status="PASS" start="2024-05-07T20:12:32.184968" elapsed="0.105542"/>
</kw>
<kw name="Teste de Tipos de Dados - Postcode" owner="random-user-service">
<kw name="GET On Session" owner="RequestsLibrary">
<msg time="2024-05-07T20:12:32.382260" level="INFO">GET Request : url=https://randomuser.me/api 
 path_url=/api 
 headers={'User-Agent': 'python-requests/2.31.0', 'Accept-Encoding': 'gzip, deflate', 'Accept': '*/*', 'Connection': 'keep-alive'} 
 body=None 
 </msg>
<msg time="2024-05-07T20:12:32.382344" level="INFO">GET Response : url=https://randomuser.me/api 
 status=200, reason=OK 
 headers={'Date': 'Tue, 07 May 2024 20:12:32 GMT', 'Content-Type': 'application/json; charset=utf-8', 'Transfer-Encoding': 'chunked', 'Connection': 'keep-alive', 'X-Powered-By': 'Express', 'Access-Control-Allow-Origin': '*', 'Cache-Control': 'no-cache', 'ETag': 'W/"48d-OMLuIXd4XfOKG16/NGTikQxXSlI"', 'Vary': 'Accept-Encoding', 'Content-Encoding': 'gzip', 'CF-Cache-Status': 'DYNAMIC', 'Report-To': '{"endpoints":[{"url":"https:\\/\\/a.nel.cloudflare.com\\/report\\/v4?s=Ocs%2FB6jpgrmBBu6nvn2qDKhfjS0S%2FuwrEgmEP9q7lJxHlxm6QTuWx%2Bav%2By6vaKOAVQPzMKvI2Q9ErG5LwbV1VLBQU7xktQYhG3Xpi7ZKeAEnFrp9DW9HinRtp0JRfKo1"}],"group":"cf-nel","max_age":604800}', 'NEL': '{"success_fraction":0,"report_to":"cf-nel","max_age":604800}', 'Server': 'cloudflare', 'CF-RAY': '8803dd8dda706447-SJC', 'alt-svc': 'h3=":443"; ma=86400'} 
 body={"results":[{"gender":"male","name":{"title":"Mr","first":"Warinder","last":"Hiremath"},"location":{"street":{"number":1951,"name":"Ratha Bheedi"},"city":"Shimoga","state":"Delhi","country":"India","postcode":25794,"coordinates":{"latitude":"12.6345","longitude":"-81.0113"},"timezone":{"offset":"-4:00","description":"Atlantic Time (Canada), Caracas, La Paz"}},"email":"warinder.hiremath@example.com","login":{"uuid":"f543cd42-b6d0-4ae0-8f28-067d1053ffb0","username":"blacklion148","password":"zone","salt":"SzYcN3bU","md5":"f072c0b17a655a7f27a1e553a2d8106f","sha1":"7813eabcc7d9be6a7088f1ef368cfaecb6d18278","sha256":"69ce605d8b35b2d954509bcb9c3d35e7c34edc84d03929ab3cdf4e63d9b3ae1e"},"dob":{"date":"1968-10-14T14:02:43.537Z","age":55},"registered":{"date":"2011-07-13T15:43:50.539Z","age":12},"phone":"7032997079","cell":"8704553636","id":{"name":"UIDAI","value":"627472513673"},"picture":{"large":"https://randomuser.me/api/portraits/men/86.jpg","medium":"https://randomuser.me/api/portraits/med/men/86.jpg","thumbnail":"https://randomuser.me/api/portraits/thumb/men/86.jpg"},"nat":"IN"}],"info":{"seed":"c36bb29914f51012","results":1,"page":1,"version":"1.4"}} 
 </msg>
<msg time="2024-05-07T20:12:32.382419" level="INFO">/opt/hostedtoolcache/Python/3.12.3/x64/lib/python3.12/site-packages/urllib3/connectionpool.py:1103: InsecureRequestWarning: Unverified HTTPS request is being made to host 'randomuser.me'. Adding certificate verification is strongly advised. See: https://urllib3.readthedocs.io/en/latest/advanced-usage.html#tls-warnings
  warnings.warn(</msg>
<msg time="2024-05-07T20:12:32.382551" level="INFO">${response} = &lt;Response [200]&gt;</msg>
<var>${response}</var>
<arg>consultarAPI</arg>
<arg>/api</arg>
<doc>Sends a GET request on a previously created HTTP Session.</doc>
<status status="PASS" start="2024-05-07T20:12:32.290969" elapsed="0.091633"/>
</kw>
<kw name="Set Variable" owner="BuiltIn">
<msg time="2024-05-07T20:12:32.383740" level="INFO">${json_data} = {'results': [{'gender': 'male', 'name': {'title': 'Mr', 'first': 'Warinder', 'last': 'Hiremath'}, 'location': {'street': {'number': 1951, 'name': 'Ratha Bheedi'}, 'city': 'Shimoga', 'state': 'Delhi', ...</msg>
<var>${json_data}</var>
<arg>${response.json()}</arg>
<doc>Returns the given values which can then be assigned to a variables.</doc>
<status status="PASS" start="2024-05-07T20:12:32.383168" elapsed="0.000601"/>
</kw>
<kw name="Log" owner="BuiltIn">
<msg time="2024-05-07T20:12:32.384234" level="INFO">{'results': [{'gender': 'male', 'name': {'title': 'Mr', 'first': 'Warinder', 'last': 'Hiremath'}, 'location': {'street': {'number': 1951, 'name': 'Ratha Bheedi'}, 'city': 'Shimoga', 'state': 'Delhi', 'country': 'India', 'postcode': 25794, 'coordinates': {'latitude': '12.6345', 'longitude': '-81.0113'}, 'timezone': {'offset': '-4:00', 'description': 'Atlantic Time (Canada), Caracas, La Paz'}}, 'email': 'warinder.hiremath@example.com', 'login': {'uuid': 'f543cd42-b6d0-4ae0-8f28-067d1053ffb0', 'username': 'blacklion148', 'password': 'zone', 'salt': 'SzYcN3bU', 'md5': 'f072c0b17a655a7f27a1e553a2d8106f', 'sha1': '7813eabcc7d9be6a7088f1ef368cfaecb6d18278', 'sha256': '69ce605d8b35b2d954509bcb9c3d35e7c34edc84d03929ab3cdf4e63d9b3ae1e'}, 'dob': {'date': '1968-10-14T14:02:43.537Z', 'age': 55}, 'registered': {'date': '2011-07-13T15:43:50.539Z', 'age': 12}, 'phone': '7032997079', 'cell': '8704553636', 'id': {'name': 'UIDAI', 'value': '627472513673'}, 'picture': {'large': 'https://randomuser.me/api/portraits/men/86.jpg', 'medium': 'https://randomuser.me/api/portraits/med/men/86.jpg', 'thumbnail': 'https://randomuser.me/api/portraits/thumb/men/86.jpg'}, 'nat': 'IN'}], 'info': {'seed': 'c36bb29914f51012', 'results': 1, 'page': 1, 'version': '1.4'}}</msg>
<arg>${json_data}</arg>
<doc>Logs the given message with the given level.</doc>
<status status="PASS" start="2024-05-07T20:12:32.384079" elapsed="0.000232"/>
</kw>
<kw name="Should Be Equal As Numbers" owner="BuiltIn">
<arg>${json_data['results'][0]['location']['postcode']}</arg>
<arg>${json_data['results'][0]['location']['postcode']}</arg>
<doc>Fails if objects are unequal after converting them to real numbers.</doc>
<status status="PASS" start="2024-05-07T20:12:32.384614" elapsed="0.000756"/>
</kw>
<kw name="Log" owner="BuiltIn">
<msg time="2024-05-07T20:12:32.385911" level="INFO">25794</msg>
<arg>${json_data['results'][0]['location']['postcode']}</arg>
<doc>Logs the given message with the given level.</doc>
<status status="PASS" start="2024-05-07T20:12:32.385568" elapsed="0.000384"/>
</kw>
<status status="PASS" start="2024-05-07T20:12:32.290717" elapsed="0.095488"/>
</kw>
<doc>Testa se os tipos de dados na resposta da API estão corretos.</doc>
<tag>testeTiposDados</tag>
<status status="PASS" start="2024-05-07T20:12:32.184469" elapsed="0.201901"/>
</test>
<test id="s1-s1-t5" name="Validar conteudo" line="35">
<kw name="Teste de Tipos de Conteudo" owner="random-user-service">
<kw name="GET On Session" owner="RequestsLibrary">
<msg time="2024-05-07T20:12:32.491688" level="INFO">GET Request : url=https://randomuser.me/api 
 path_url=/api 
 headers={'User-Agent': 'python-requests/2.31.0', 'Accept-Encoding': 'gzip, deflate', 'Accept': '*/*', 'Connection': 'keep-alive'} 
 body=None 
 </msg>
<msg time="2024-05-07T20:12:32.491765" level="INFO">GET Response : url=https://randomuser.me/api 
 status=200, reason=OK 
 headers={'Date': 'Tue, 07 May 2024 20:12:32 GMT', 'Content-Type': 'application/json; charset=utf-8', 'Transfer-Encoding': 'chunked', 'Connection': 'keep-alive', 'X-Powered-By': 'Express', 'Access-Control-Allow-Origin': '*', 'Cache-Control': 'no-cache', 'ETag': 'W/"4a3-HI+EsvE7zmHjqPP83h/TKpNvqto"', 'Vary': 'Accept-Encoding', 'Content-Encoding': 'gzip', 'CF-Cache-Status': 'DYNAMIC', 'Report-To': '{"endpoints":[{"url":"https:\\/\\/a.nel.cloudflare.com\\/report\\/v4?s=FDQZCiowHKu7GUaEu9CxhAVPC1y1Yz26oWub3wFZn7u1FJrtlq%2BhUkgFZ05vkMA7%2Fw1aCTo4QcjBMFhQaDIqMsyT4m%2BTFVmGwD20PNkeKNuh06j74mTUeldXxoXddZwR"}],"group":"cf-nel","max_age":604800}', 'NEL': '{"success_fraction":0,"report_to":"cf-nel","max_age":604800}', 'Server': 'cloudflare', 'CF-RAY': '8803dd8e7afc6447-SJC', 'alt-svc': 'h3=":443"; ma=86400'} 
 body={"results":[{"gender":"male","name":{"title":"Mr","first":"Mathis","last":"Tremblay"},"location":{"street":{"number":2445,"name":"Wellington St"},"city":"St. Antoine","state":"Nova Scotia","country":"Canada","postcode":"P5L 5D5","coordinates":{"latitude":"-72.3723","longitude":"-64.3280"},"timezone":{"offset":"0:00","description":"Western Europe Time, London, Lisbon, Casablanca"}},"email":"mathis.tremblay@example.com","login":{"uuid":"ae73fc70-d9b8-4e96-b1b7-bd9ed3c5ef78","username":"redladybug772","password":"babylon","salt":"2JQH5LzC","md5":"a22780f7472bb1715588f4a81d06cd28","sha1":"8b68729b1d191d6cafa481ac252fd02b501e257c","sha256":"00c27aad35d3d614fafae0fbddaa77eae5aaa7c3aca0ddec6a45cdedf54810bb"},"dob":{"date":"1993-12-31T10:30:38.604Z","age":30},"registered":{"date":"2014-10-04T02:28:33.536Z","age":9},"phone":"W27 J99-4586","cell":"Y72 B88-1345","id":{"name":"SIN","value":"997916168"},"picture":{"large":"https://randomuser.me/api/portraits/men/89.jpg","medium":"https://randomuser.me/api/portraits/med/men/89.jpg","thumbnail":"https://randomuser.me/api/portraits/thumb/men/89.jpg"},"nat":"CA"}],"info":{"seed":"b6b729a99ccfdce5","results":1,"page":1,"version":"1.4"}} 
 </msg>
<msg time="2024-05-07T20:12:32.491834" level="INFO">/opt/hostedtoolcache/Python/3.12.3/x64/lib/python3.12/site-packages/urllib3/connectionpool.py:1103: InsecureRequestWarning: Unverified HTTPS request is being made to host 'randomuser.me'. Adding certificate verification is strongly advised. See: https://urllib3.readthedocs.io/en/latest/advanced-usage.html#tls-warnings
  warnings.warn(</msg>
<msg time="2024-05-07T20:12:32.491939" level="INFO">${response} = &lt;Response [200]&gt;</msg>
<var>${response}</var>
<arg>consultarAPI</arg>
<arg>/api</arg>
<doc>Sends a GET request on a previously created HTTP Session.</doc>
<status status="PASS" start="2024-05-07T20:12:32.389190" elapsed="0.102801"/>
</kw>
<kw name="Set Variable" owner="BuiltIn">
<msg time="2024-05-07T20:12:32.492823" level="INFO">${json_data} = {'results': [{'gender': 'male', 'name': {'title': 'Mr', 'first': 'Mathis', 'last': 'Tremblay'}, 'location': {'street': {'number': 2445, 'name': 'Wellington St'}, 'city': 'St. Antoine', 'state': 'Nova ...</msg>
<var>${json_data}</var>
<arg>${response.json()}</arg>
<doc>Returns the given values which can then be assigned to a variables.</doc>
<status status="PASS" start="2024-05-07T20:12:32.492373" elapsed="0.000480"/>
</kw>
<kw name="Set Variable" owner="BuiltIn">
<msg time="2024-05-07T20:12:32.493562" level="INFO">${name_title} = Mr</msg>
<var>${name_title}</var>
<arg>${json_data["results"][0]["name"]["title"]}</arg>
<doc>Returns the given values which can then be assigned to a variables.</doc>
<status status="PASS" start="2024-05-07T20:12:32.493170" elapsed="0.000419"/>
</kw>
<kw name="Create List" owner="BuiltIn">
<msg time="2024-05-07T20:12:32.494042" level="INFO">${allowed_titles} = ['Mr', 'Ms', 'Miss', 'Mrs', 'Madame', 'Monsieur']</msg>
<var>${allowed_titles}</var>
<arg>Mr</arg>
<arg>Ms</arg>
<arg>Miss</arg>
<arg>Mrs</arg>
<arg>Madame</arg>
<arg>Monsieur</arg>
<doc>Returns a list containing given items.</doc>
<status status="PASS" start="2024-05-07T20:12:32.493892" elapsed="0.000175"/>
</kw>
<kw name="List Should Contain Value" owner="Collections">
<msg time="2024-05-07T20:12:32.494553" level="INFO">False</msg>
<arg>${allowed_titles}</arg>
<arg>${name_title}</arg>
<doc>Fails if the ``value`` is not found from ``list``.</doc>
<status status="PASS" start="2024-05-07T20:12:32.494379" elapsed="0.000211"/>
</kw>
<kw name="Set Variable" owner="BuiltIn">
<msg time="2024-05-07T20:12:32.495316" level="INFO">${name_country} = CA</msg>
<var>${name_country}</var>
<arg>${json_data["results"][0]["nat"]}</arg>
<doc>Returns the given values which can then be assigned to a variables.</doc>
<status status="PASS" start="2024-05-07T20:12:32.494915" elapsed="0.000427"/>
</kw>
<kw name="Create List" owner="BuiltIn">
<msg time="2024-05-07T20:12:32.496261" level="INFO">${list_country} = ['AD', 'AE', 'AF', 'AG', 'AI', 'AL', 'AM', 'AO', 'AQ', 'AR', 'AS', 'AT', 'AU', 'AW', 'AX', 'AZ', 'BA', 'BB', 'BD', 'BE', 'BF', 'BG', 'BH', 'BI', 'BJ', 'BL', 'BM', 'BN', 'BO', 'BQ', 'BR', 'BS', 'BT', '...</msg>
<var>${list_country}</var>
<arg>AD</arg>
<arg>AE</arg>
<arg>AF</arg>
<arg>AG</arg>
<arg>AI</arg>
<arg>AL</arg>
<arg>AM</arg>
<arg>AO</arg>
<arg>AQ</arg>
<arg>AR</arg>
<arg>AS</arg>
<arg>AT</arg>
<arg>AU</arg>
<arg>AW</arg>
<arg>AX</arg>
<arg>AZ</arg>
<arg>BA</arg>
<arg>BB</arg>
<arg>BD</arg>
<arg>BE</arg>
<arg>BF</arg>
<arg>BG</arg>
<arg>BH</arg>
<arg>BI</arg>
<arg>BJ</arg>
<arg>BL</arg>
<arg>BM</arg>
<arg>BN</arg>
<arg>BO</arg>
<arg>BQ</arg>
<arg>BR</arg>
<arg>BS</arg>
<arg>BT</arg>
<arg>BV</arg>
<arg>BW</arg>
<arg>BY</arg>
<arg>BZ</arg>
<arg>CA</arg>
<arg>CC</arg>
<arg>CD</arg>
<arg>CF</arg>
<arg>CG</arg>
<arg>CH</arg>
<arg>CI</arg>
<arg>CK</arg>
<arg>CL</arg>
<arg>CM</arg>
<arg>CN</arg>
<arg>CO</arg>
<arg>CR</arg>
<arg>CU</arg>
<arg>CV</arg>
<arg>CW</arg>
<arg>CX</arg>
<arg>CY</arg>
<arg>CZ</arg>
<arg>DE</arg>
<arg>DJ</arg>
<arg>DK</arg>
<arg>DM</arg>
<arg>DO</arg>
<arg>DZ</arg>
<arg>EC</arg>
<arg>EE</arg>
<arg>EG</arg>
<arg>EH</arg>
<arg>ER</arg>
<arg>ES</arg>
<arg>ET</arg>
<arg>FI</arg>
<arg>FJ</arg>
<arg>FK</arg>
<arg>FM</arg>
<arg>FO</arg>
<arg>FR</arg>
<arg>GA</arg>
<arg>GB</arg>
<arg>GD</arg>
<arg>GE</arg>
<arg>GF</arg>
<arg>GG</arg>
<arg>GH</arg>
<arg>GI</arg>
<arg>GL</arg>
<arg>GM</arg>
<arg>GN</arg>
<arg>GP</arg>
<arg>GQ</arg>
<arg>GR</arg>
<arg>GS</arg>
<arg>GT</arg>
<arg>GU</arg>
<arg>GW</arg>
<arg>GY</arg>
<arg>HK</arg>
<arg>HM</arg>
<arg>HN</arg>
<arg>HR</arg>
<arg>HT</arg>
<arg>HU</arg>
<arg>ID</arg>
<arg>IE</arg>
<arg>IL</arg>
<arg>IM</arg>
<arg>IN</arg>
<arg>IO</arg>
<arg>IQ</arg>
<arg>IR</arg>
<arg>IS</arg>
<arg>IT</arg>
<arg>JE</arg>
<arg>JM</arg>
<arg>JO</arg>
<arg>JP</arg>
<arg>KE</arg>
<arg>KG</arg>
<arg>KH</arg>
<arg>KI</arg>
<arg>KM</arg>
<arg>KN</arg>
<arg>KP</arg>
<arg>KR</arg>
<arg>KW</arg>
<arg>KY</arg>
<arg>KZ</arg>
<arg>LA</arg>
<arg>LB</arg>
<arg>LC</arg>
<arg>LI</arg>
<arg>LK</arg>
<arg>LR</arg>
<arg>LS</arg>
<arg>LT</arg>
<arg>LU</arg>
<arg>LV</arg>
<arg>LY</arg>
<arg>MA</arg>
<arg>MC</arg>
<arg>MD</arg>
<arg>ME</arg>
<arg>MF</arg>
<arg>MG</arg>
<arg>MH</arg>
<arg>MK</arg>
<arg>ML</arg>
<arg>MM</arg>
<arg>MN</arg>
<arg>MO</arg>
<arg>MP</arg>
<arg>MQ</arg>
<arg>MR</arg>
<arg>MS</arg>
<arg>MT</arg>
<arg>MU</arg>
<arg>MV</arg>
<arg>MW</arg>
<arg>MX</arg>
<arg>MY</arg>
<arg>MZ</arg>
<arg>NA</arg>
<arg>NC</arg>
<arg>NE</arg>
<arg>NF</arg>
<arg>NG</arg>
<arg>NI</arg>
<arg>NL</arg>
<arg>NO</arg>
<arg>NP</arg>
<arg>NR</arg>
<arg>NU</arg>
<arg>NZ</arg>
<arg>OM</arg>
<arg>PA</arg>
<arg>PE</arg>
<arg>PF</arg>
<arg>PG</arg>
<arg>PH</arg>
<arg>PK</arg>
<arg>PL</arg>
<arg>PM</arg>
<arg>PN</arg>
<arg>PR</arg>
<arg>PS</arg>
<arg>PT</arg>
<arg>PW</arg>
<arg>PY</arg>
<arg>QA</arg>
<arg>RE</arg>
<arg>RO</arg>
<arg>RS</arg>
<arg>RU</arg>
<arg>RW</arg>
<arg>SA</arg>
<arg>SB</arg>
<arg>SC</arg>
<arg>SD</arg>
<arg>SE</arg>
<arg>SG</arg>
<arg>SH</arg>
<arg>SI</arg>
<arg>SJ</arg>
<arg>SK</arg>
<arg>SL</arg>
<arg>SM</arg>
<arg>SN</arg>
<arg>SO</arg>
<arg>SR</arg>
<arg>SS</arg>
<arg>ST</arg>
<arg>SV</arg>
<arg>SX</arg>
<arg>SY</arg>
<arg>SZ</arg>
<arg>TC</arg>
<arg>TD</arg>
<arg>TF</arg>
<arg>TG</arg>
<arg>TH</arg>
<arg>TJ</arg>
<arg>TK</arg>
<arg>TL</arg>
<arg>TM</arg>
<arg>TN</arg>
<arg>TO</arg>
<arg>TR</arg>
<arg>TT</arg>
<arg>TV</arg>
<arg>TW</arg>
<arg>TZ</arg>
<arg>UA</arg>
<arg>UG</arg>
<arg>UM</arg>
<arg>US</arg>
<arg>UY</arg>
<arg>UZ</arg>
<arg>VA</arg>
<arg>VC</arg>
<arg>VE</arg>
<arg>VG</arg>
<arg>VI</arg>
<arg>VN</arg>
<arg>VU</arg>
<arg>WF</arg>
<arg>WS</arg>
<arg>XK</arg>
<arg>YE</arg>
<arg>YT</arg>
<arg>ZA</arg>
<arg>ZM</arg>
<arg>ZW</arg>
<doc>Returns a list containing given items.</doc>
<status status="PASS" start="2024-05-07T20:12:32.495652" elapsed="0.000635"/>
</kw>
<kw name="List Should Contain Value" owner="Collections">
<msg time="2024-05-07T20:12:32.497280" level="INFO">False</msg>
<arg>${list_country}</arg>
<arg>${name_country}</arg>
<doc>Fails if the ``value`` is not found from ``list``.</doc>
<status status="PASS" start="2024-05-07T20:12:32.497080" elapsed="0.000238"/>
</kw>
<kw name="Run Keyword If" owner="BuiltIn">
<kw name="Should Be True" owner="BuiltIn">
<arg>${True}</arg>
<doc>Fails if the given condition is not true.</doc>
<status status="PASS" start="2024-05-07T20:12:32.498386" elapsed="0.000145"/>
</kw>
<arg>${json_data["results"][0]["location"]["coordinates"]["latitude"]} &gt;= -90 and ${json_data["results"][0]["location"]["coordinates"]["latitude"]} &lt;= 90</arg>
<arg>Should Be True</arg>
<arg>${True}</arg>
<doc>Runs the given keyword with the given arguments, if ``condition`` is true.</doc>
<status status="PASS" start="2024-05-07T20:12:32.497629" elapsed="0.001031"/>
</kw>
<kw name="Run Keyword If" owner="BuiltIn">
<kw name="Should Be True" owner="BuiltIn">
<arg>${True}</arg>
<doc>Fails if the given condition is not true.</doc>
<status status="PASS" start="2024-05-07T20:12:32.499582" elapsed="0.000245"/>
</kw>
<arg>${json_data["results"][0]["location"]["coordinates"]["longitude"]} &gt;= -180 and ${json_data["results"][0]["location"]["coordinates"]["longitude"]} &lt;= 180</arg>
<arg>Should Be True</arg>
<arg>${True}</arg>
<doc>Runs the given keyword with the given arguments, if ``condition`` is true.</doc>
<status status="PASS" start="2024-05-07T20:12:32.498855" elapsed="0.001100"/>
</kw>
<status status="PASS" start="2024-05-07T20:12:32.388816" elapsed="0.111271"/>
</kw>
<doc>Testa o conteúdo específico dos campos retornados pela API.</doc>
<tag>testeConteudo</tag>
<status status="PASS" start="2024-05-07T20:12:32.388172" elapsed="0.112062"/>
</test>
<status status="PASS" start="2024-05-07T20:12:31.590498" elapsed="0.911623"/>
</suite>
<status status="PASS" start="2024-05-07T20:12:31.577015" elapsed="0.930166"/>
</suite>
<statistics>
<total>
<stat pass="5" fail="0" skip="0">All Tests</stat>
</total>
<tag>
<stat pass="1" fail="0" skip="0">testeConteudo</stat>
<stat pass="1" fail="0" skip="0">testeEstruturaResposta</stat>
<stat pass="1" fail="0" skip="0">testeRequisicaoBasica</stat>
<stat pass="1" fail="0" skip="0">testeTiposDados</stat>
</tag>
<suite>
<stat pass="5" fail="0" skip="0" id="s1" name="Tests">Tests</stat>
<stat pass="5" fail="0" skip="0" id="s1-s1" name="Random-User-Test">Tests.Random-User-Test</stat>
</suite>
</statistics>
<errors>
</errors>
</robot>
