<?xml version="1.0" encoding="UTF-8"?>
<robot generator="Robot 7.0.1 (Python 3.12.4 on linux)" generated="2024-06-30T06:19:41.835876" rpa="false" schemaversion="5">
<suite id="s1" name="Tests" source="/home/runner/work/ApiRandomUser/ApiRandomUser/RamdonUser/tests">
<suite id="s1-s1" name="Random-User-Test" source="/home/runner/work/ApiRandomUser/ApiRandomUser/RamdonUser/tests/random-user-test.robot">
<test id="s1-s1-t1" name="Conectar" line="13">
<kw name="Conectar API" owner="random-user-service">
<kw name="Create Session" owner="RequestsLibrary">
<msg time="2024-06-30T06:19:42.241675" level="INFO">Creating Session using : alias=consultarAPI, url=https://randomuser.me/, headers={},                     cookies={}, auth=None, timeout=None, proxies=None, verify=False,                     debug=0 </msg>
<arg>consultarAPI</arg>
<arg>${URL}</arg>
<doc>Create Session: create a HTTP session to a server</doc>
<status status="PASS" start="2024-06-30T06:19:42.241477" elapsed="0.000370"/>
</kw>
<status status="PASS" start="2024-06-30T06:19:42.240530" elapsed="0.001658"/>
</kw>
<status status="PASS" start="2024-06-30T06:19:42.240001" elapsed="0.002375"/>
</test>
<test id="s1-s1-t2" name="Validar retorno 200 e JSON Válido" line="16">
<kw name="Teste de Requisicao Basica" owner="random-user-service">
<kw name="GET On Session" owner="RequestsLibrary">
<msg time="2024-06-30T06:19:42.507532" level="INFO">GET Request : url=https://randomuser.me/api 
 path_url=/api 
 headers={'User-Agent': 'python-requests/2.32.3', 'Accept-Encoding': 'gzip, deflate', 'Accept': '*/*', 'Connection': 'keep-alive'} 
 body=None 
 </msg>
<msg time="2024-06-30T06:19:42.507662" level="INFO">GET Response : url=https://randomuser.me/api 
 status=200, reason=OK 
 headers={'Date': 'Sun, 30 Jun 2024 06:19:42 GMT', 'Content-Type': 'application/json; charset=utf-8', 'Transfer-Encoding': 'chunked', 'Connection': 'keep-alive', 'X-Powered-By': 'Express', 'Access-Control-Allow-Origin': '*', 'Cache-Control': 'no-cache', 'ETag': 'W/"4a9-vgRisJmoD/o+lwF51ghFjD/EYY0"', 'Vary': 'Accept-Encoding', 'Content-Encoding': 'gzip', 'CF-Cache-Status': 'DYNAMIC', 'Report-To': '{"endpoints":[{"url":"https:\\/\\/a.nel.cloudflare.com\\/report\\/v4?s=O7xJJABTpPQo%2FhwziX0OTb8UHnhjx1Y3oaJYIeowkSDt1lpUkuB8jc0HXd95p6fLyM65%2FVSaEzKZu%2BHuxJ1HWPtEOGzGtnf19bRd0HiHIAVIxSUsT%2BvaokPSfP%2FLCiz%2F"}],"group":"cf-nel","max_age":604800}', 'NEL': '{"success_fraction":0,"report_to":"cf-nel","max_age":604800}', 'Server': 'cloudflare', 'CF-RAY': '89bc0bd64aea60b4-ORD', 'alt-svc': 'h3=":443"; ma=86400'} 
 body={"results":[{"gender":"female","name":{"title":"Ms","first":"Lyanne","last":"Wielders"},"location":{"street":{"number":4454,"name":"Bredasebaan"},"city":"Gasselternijveen","state":"Friesland","country":"Netherlands","postcode":"1959 PD","coordinates":{"latitude":"33.7880","longitude":"2.7366"},"timezone":{"offset":"-5:00","description":"Eastern Time (US &amp; Canada), Bogota, Lima"}},"email":"lyanne.wielders@example.com","login":{"uuid":"9ff37342-ec14-445d-8272-f3305005ddb5","username":"blackzebra321","password":"jenny1","salt":"Wfsqx3bj","md5":"727ca76c09248b3c37bd267fd0845333","sha1":"5ee4db0af97eb0d1f50a59e315dcc407dd374cf9","sha256":"49dd15736efb3d44b7f2226acdcc6847d7796b38d88551238145a7a1bb9cafc1"},"dob":{"date":"1956-10-13T18:59:21.449Z","age":67},"registered":{"date":"2003-06-12T08:52:11.651Z","age":21},"phone":"(000) 3886326","cell":"(06) 59629558","id":{"name":"BSN","value":"99551570"},"picture":{"large":"https://randomuser.me/api/portraits/women/35.jpg","medium":"https://randomuser.me/api/portraits/med/women/35.jpg","thumbnail":"https://randomuser.me/api/portraits/thumb/women/35.jpg"},"nat":"NL"}],"info":{"seed":"cd4bd04df63d87dc","results":1,"page":1,"version":"1.4"}} 
 </msg>
<msg time="2024-06-30T06:19:42.507739" level="INFO">/opt/hostedtoolcache/Python/3.12.4/x64/lib/python3.12/site-packages/urllib3/connectionpool.py:1099: InsecureRequestWarning: Unverified HTTPS request is being made to host 'randomuser.me'. Adding certificate verification is strongly advised. See: https://urllib3.readthedocs.io/en/latest/advanced-usage.html#tls-warnings
  warnings.warn(</msg>
<msg time="2024-06-30T06:19:42.507889" level="INFO">${response} = &lt;Response [200]&gt;</msg>
<var>${response}</var>
<arg>consultarAPI</arg>
<arg>/api</arg>
<doc>Sends a GET request on a previously created HTTP Session.</doc>
<status status="PASS" start="2024-06-30T06:19:42.244971" elapsed="0.262959"/>
</kw>
<kw name="Should Be Equal As Numbers" owner="BuiltIn">
<msg time="2024-06-30T06:19:42.508828" level="INFO">Argument types are:
&lt;class 'int'&gt;
&lt;class 'str'&gt;</msg>
<arg>${response.status_code}</arg>
<arg>200</arg>
<doc>Fails if objects are unequal after converting them to real numbers.</doc>
<status status="PASS" start="2024-06-30T06:19:42.508380" elapsed="0.000510"/>
</kw>
<kw name="Log" owner="BuiltIn">
<msg time="2024-06-30T06:19:42.509626" level="INFO">200</msg>
<arg>${response.status_code}</arg>
<doc>Logs the given message with the given level.</doc>
<status status="PASS" start="2024-06-30T06:19:42.509275" elapsed="0.000392"/>
</kw>
<kw name="Set Variable" owner="BuiltIn">
<msg time="2024-06-30T06:19:42.510390" level="INFO">${json_data} = {'results': [{'gender': 'female', 'name': {'title': 'Ms', 'first': 'Lyanne', 'last': 'Wielders'}, 'location': {'street': {'number': 4454, 'name': 'Bredasebaan'}, 'city': 'Gasselternijveen', 'state': '...</msg>
<var>${json_data}</var>
<arg>${response.json()}</arg>
<doc>Returns the given values which can then be assigned to a variables.</doc>
<status status="PASS" start="2024-06-30T06:19:42.509964" elapsed="0.000454"/>
</kw>
<kw name="Dictionary Should Contain Key" owner="Collections">
<arg>${json_data}</arg>
<arg>results</arg>
<doc>Fails if ``key`` is not found from ``dictionary``.</doc>
<status status="PASS" start="2024-06-30T06:19:42.510714" elapsed="0.000158"/>
</kw>
<status status="PASS" start="2024-06-30T06:19:42.244711" elapsed="0.266301"/>
</kw>
<doc>Testa se a API responde corretamente e retorna um objeto JSON válido.</doc>
<tag>testeRequisicaoBasica</tag>
<status status="PASS" start="2024-06-30T06:19:42.244241" elapsed="0.266936"/>
</test>
<test id="s1-s1-t3" name="Validar estrutura de resposta" line="22">
<kw name="Teste de Estrutura de Resposta" owner="random-user-service">
<kw name="GET On Session" owner="RequestsLibrary">
<msg time="2024-06-30T06:19:42.587132" level="INFO">GET Request : url=https://randomuser.me/api 
 path_url=/api 
 headers={'User-Agent': 'python-requests/2.32.3', 'Accept-Encoding': 'gzip, deflate', 'Accept': '*/*', 'Connection': 'keep-alive'} 
 body=None 
 </msg>
<msg time="2024-06-30T06:19:42.587213" level="INFO">GET Response : url=https://randomuser.me/api 
 status=200, reason=OK 
 headers={'Date': 'Sun, 30 Jun 2024 06:19:42 GMT', 'Content-Type': 'application/json; charset=utf-8', 'Transfer-Encoding': 'chunked', 'Connection': 'keep-alive', 'X-Powered-By': 'Express', 'Access-Control-Allow-Origin': '*', 'Cache-Control': 'no-cache', 'ETag': 'W/"486-eVELmbR32TUYHJeTA7hA5kIYG44"', 'Vary': 'Accept-Encoding', 'Content-Encoding': 'gzip', 'CF-Cache-Status': 'DYNAMIC', 'Report-To': '{"endpoints":[{"url":"https:\\/\\/a.nel.cloudflare.com\\/report\\/v4?s=vgBh%2BAEsmbKkKgteoW%2BNFXxrhbvxGOF%2FfMS1uFGlEyIvtvudJNVSMx79sU3ZNfebRGGyKq7QGsc4VUUX3vQE4XH92ORpCfbzBU2SPilffPyAqfw%2FHihewngRYH0IUSgw"}],"group":"cf-nel","max_age":604800}', 'NEL': '{"success_fraction":0,"report_to":"cf-nel","max_age":604800}', 'Server': 'cloudflare', 'CF-RAY': '89bc0bd6bb2a60b4-ORD', 'alt-svc': 'h3=":443"; ma=86400'} 
 body={"results":[{"gender":"male","name":{"title":"Mr","first":"Fatih","last":"Alnıaçık"},"location":{"street":{"number":1735,"name":"Atatürk Sk"},"city":"Kayseri","state":"Trabzon","country":"Turkey","postcode":16487,"coordinates":{"latitude":"65.5514","longitude":"-58.9001"},"timezone":{"offset":"-4:00","description":"Atlantic Time (Canada), Caracas, La Paz"}},"email":"fatih.alniacik@example.com","login":{"uuid":"614207c1-2ed1-4366-8225-c9f5426b6921","username":"bluegoose809","password":"bootsy","salt":"j42glAxt","md5":"dba228263114ee45b7447892855cb7f0","sha1":"2feefc75c24ed149afb2f44d3ce5c060462c538e","sha256":"b234c84630501bbb7b5aa719794d722a81af32c86b2e512e96f08e9b36468963"},"dob":{"date":"1979-11-05T17:48:46.444Z","age":44},"registered":{"date":"2021-10-29T13:01:04.405Z","age":2},"phone":"(314)-735-1116","cell":"(257)-859-8646","id":{"name":"","value":null},"picture":{"large":"https://randomuser.me/api/portraits/men/33.jpg","medium":"https://randomuser.me/api/portraits/med/men/33.jpg","thumbnail":"https://randomuser.me/api/portraits/thumb/men/33.jpg"},"nat":"TR"}],"info":{"seed":"248558844959f7d9","results":1,"page":1,"version":"1.4"}} 
 </msg>
<msg time="2024-06-30T06:19:42.587330" level="INFO">/opt/hostedtoolcache/Python/3.12.4/x64/lib/python3.12/site-packages/urllib3/connectionpool.py:1099: InsecureRequestWarning: Unverified HTTPS request is being made to host 'randomuser.me'. Adding certificate verification is strongly advised. See: https://urllib3.readthedocs.io/en/latest/advanced-usage.html#tls-warnings
  warnings.warn(</msg>
<msg time="2024-06-30T06:19:42.587466" level="INFO">${response} = &lt;Response [200]&gt;</msg>
<var>${response}</var>
<arg>consultarAPI</arg>
<arg>/api</arg>
<doc>Sends a GET request on a previously created HTTP Session.</doc>
<status status="PASS" start="2024-06-30T06:19:42.513854" elapsed="0.073653"/>
</kw>
<kw name="Set Variable" owner="BuiltIn">
<msg time="2024-06-30T06:19:42.588405" level="INFO">${json_data} = {'results': [{'gender': 'male', 'name': {'title': 'Mr', 'first': 'Fatih', 'last': 'Alnıaçık'}, 'location': {'street': {'number': 1735, 'name': 'Atatürk Sk'}, 'city': 'Kayseri', 'state': 'Trabzon', 'co...</msg>
<var>${json_data}</var>
<arg>${response.json()}</arg>
<doc>Returns the given values which can then be assigned to a variables.</doc>
<status status="PASS" start="2024-06-30T06:19:42.587940" elapsed="0.000495"/>
</kw>
<kw name="Log" owner="BuiltIn">
<msg time="2024-06-30T06:19:42.588895" level="INFO">{'results': [{'gender': 'male', 'name': {'title': 'Mr', 'first': 'Fatih', 'last': 'Alnıaçık'}, 'location': {'street': {'number': 1735, 'name': 'Atatürk Sk'}, 'city': 'Kayseri', 'state': 'Trabzon', 'country': 'Turkey', 'postcode': 16487, 'coordinates': {'latitude': '65.5514', 'longitude': '-58.9001'}, 'timezone': {'offset': '-4:00', 'description': 'Atlantic Time (Canada), Caracas, La Paz'}}, 'email': 'fatih.alniacik@example.com', 'login': {'uuid': '614207c1-2ed1-4366-8225-c9f5426b6921', 'username': 'bluegoose809', 'password': 'bootsy', 'salt': 'j42glAxt', 'md5': 'dba228263114ee45b7447892855cb7f0', 'sha1': '2feefc75c24ed149afb2f44d3ce5c060462c538e', 'sha256': 'b234c84630501bbb7b5aa719794d722a81af32c86b2e512e96f08e9b36468963'}, 'dob': {'date': '1979-11-05T17:48:46.444Z', 'age': 44}, 'registered': {'date': '2021-10-29T13:01:04.405Z', 'age': 2}, 'phone': '(314)-735-1116', 'cell': '(257)-859-8646', 'id': {'name': '', 'value': None}, 'picture': {'large': 'https://randomuser.me/api/portraits/men/33.jpg', 'medium': 'https://randomuser.me/api/portraits/med/men/33.jpg', 'thumbnail': 'https://randomuser.me/api/portraits/thumb/men/33.jpg'}, 'nat': 'TR'}], 'info': {'seed': '248558844959f7d9', 'results': 1, 'page': 1, 'version': '1.4'}}</msg>
<arg>${json_data}</arg>
<doc>Logs the given message with the given level.</doc>
<status status="PASS" start="2024-06-30T06:19:42.588735" elapsed="0.000248"/>
</kw>
<kw name="Dictionary Should Contain Key" owner="Collections">
<arg>${json_data}</arg>
<arg>results</arg>
<doc>Fails if ``key`` is not found from ``dictionary``.</doc>
<status status="PASS" start="2024-06-30T06:19:42.589284" elapsed="0.000154"/>
</kw>
<kw name="Should Not Be Empty" owner="BuiltIn">
<msg time="2024-06-30T06:19:42.589746" level="INFO">Length is 2.</msg>
<arg>${json_data}</arg>
<doc>Verifies that the given item is not empty.</doc>
<status status="PASS" start="2024-06-30T06:19:42.589620" elapsed="0.000164"/>
</kw>
<kw name="Create List" owner="BuiltIn">
<msg time="2024-06-30T06:19:42.590217" level="INFO">${expected_keys} = ['gender', 'name', 'location', 'email', 'login']</msg>
<var>${expected_keys}</var>
<arg>gender</arg>
<arg>name</arg>
<arg>location</arg>
<arg>email</arg>
<arg>login</arg>
<doc>Returns a list containing given items.</doc>
<status status="PASS" start="2024-06-30T06:19:42.590070" elapsed="0.000169"/>
</kw>
<for flavor="IN">
<iter>
<kw name="Dictionary Should Contain Key" owner="Collections">
<arg>${json_data['results'][0]}</arg>
<arg>${key}</arg>
<doc>Fails if ``key`` is not found from ``dictionary``.</doc>
<status status="PASS" start="2024-06-30T06:19:42.590916" elapsed="0.000408"/>
</kw>
<kw name="Log" owner="BuiltIn">
<msg time="2024-06-30T06:19:42.591872" level="INFO">{'gender': 'male', 'name': {'title': 'Mr', 'first': 'Fatih', 'last': 'Alnıaçık'}, 'location': {'street': {'number': 1735, 'name': 'Atatürk Sk'}, 'city': 'Kayseri', 'state': 'Trabzon', 'country': 'Turkey', 'postcode': 16487, 'coordinates': {'latitude': '65.5514', 'longitude': '-58.9001'}, 'timezone': {'offset': '-4:00', 'description': 'Atlantic Time (Canada), Caracas, La Paz'}}, 'email': 'fatih.alniacik@example.com', 'login': {'uuid': '614207c1-2ed1-4366-8225-c9f5426b6921', 'username': 'bluegoose809', 'password': 'bootsy', 'salt': 'j42glAxt', 'md5': 'dba228263114ee45b7447892855cb7f0', 'sha1': '2feefc75c24ed149afb2f44d3ce5c060462c538e', 'sha256': 'b234c84630501bbb7b5aa719794d722a81af32c86b2e512e96f08e9b36468963'}, 'dob': {'date': '1979-11-05T17:48:46.444Z', 'age': 44}, 'registered': {'date': '2021-10-29T13:01:04.405Z', 'age': 2}, 'phone': '(314)-735-1116', 'cell': '(257)-859-8646', 'id': {'name': '', 'value': None}, 'picture': {'large': 'https://randomuser.me/api/portraits/men/33.jpg', 'medium': 'https://randomuser.me/api/portraits/med/men/33.jpg', 'thumbnail': 'https://randomuser.me/api/portraits/thumb/men/33.jpg'}, 'nat': 'TR'}</msg>
<arg>${json_data['results'][0]}</arg>
<doc>Logs the given message with the given level.</doc>
<status status="PASS" start="2024-06-30T06:19:42.591510" elapsed="0.000411"/>
</kw>
<kw name="Log" owner="BuiltIn">
<msg time="2024-06-30T06:19:42.592352" level="INFO">gender</msg>
<arg>${key}</arg>
<doc>Logs the given message with the given level.</doc>
<status status="PASS" start="2024-06-30T06:19:42.592224" elapsed="0.000165"/>
</kw>
<var name="${key}">gender</var>
<status status="PASS" start="2024-06-30T06:19:42.590796" elapsed="0.001806"/>
</iter>
<iter>
<kw name="Dictionary Should Contain Key" owner="Collections">
<arg>${json_data['results'][0]}</arg>
<arg>${key}</arg>
<doc>Fails if ``key`` is not found from ``dictionary``.</doc>
<status status="PASS" start="2024-06-30T06:19:42.592894" elapsed="0.000411"/>
</kw>
<kw name="Log" owner="BuiltIn">
<msg time="2024-06-30T06:19:42.593832" level="INFO">{'gender': 'male', 'name': {'title': 'Mr', 'first': 'Fatih', 'last': 'Alnıaçık'}, 'location': {'street': {'number': 1735, 'name': 'Atatürk Sk'}, 'city': 'Kayseri', 'state': 'Trabzon', 'country': 'Turkey', 'postcode': 16487, 'coordinates': {'latitude': '65.5514', 'longitude': '-58.9001'}, 'timezone': {'offset': '-4:00', 'description': 'Atlantic Time (Canada), Caracas, La Paz'}}, 'email': 'fatih.alniacik@example.com', 'login': {'uuid': '614207c1-2ed1-4366-8225-c9f5426b6921', 'username': 'bluegoose809', 'password': 'bootsy', 'salt': 'j42glAxt', 'md5': 'dba228263114ee45b7447892855cb7f0', 'sha1': '2feefc75c24ed149afb2f44d3ce5c060462c538e', 'sha256': 'b234c84630501bbb7b5aa719794d722a81af32c86b2e512e96f08e9b36468963'}, 'dob': {'date': '1979-11-05T17:48:46.444Z', 'age': 44}, 'registered': {'date': '2021-10-29T13:01:04.405Z', 'age': 2}, 'phone': '(314)-735-1116', 'cell': '(257)-859-8646', 'id': {'name': '', 'value': None}, 'picture': {'large': 'https://randomuser.me/api/portraits/men/33.jpg', 'medium': 'https://randomuser.me/api/portraits/med/men/33.jpg', 'thumbnail': 'https://randomuser.me/api/portraits/thumb/men/33.jpg'}, 'nat': 'TR'}</msg>
<arg>${json_data['results'][0]}</arg>
<doc>Logs the given message with the given level.</doc>
<status status="PASS" start="2024-06-30T06:19:42.593484" elapsed="0.000427"/>
</kw>
<kw name="Log" owner="BuiltIn">
<msg time="2024-06-30T06:19:42.594334" level="INFO">name</msg>
<arg>${key}</arg>
<doc>Logs the given message with the given level.</doc>
<status status="PASS" start="2024-06-30T06:19:42.594207" elapsed="0.000163"/>
</kw>
<var name="${key}">name</var>
<status status="PASS" start="2024-06-30T06:19:42.592784" elapsed="0.001798"/>
</iter>
<iter>
<kw name="Dictionary Should Contain Key" owner="Collections">
<arg>${json_data['results'][0]}</arg>
<arg>${key}</arg>
<doc>Fails if ``key`` is not found from ``dictionary``.</doc>
<status status="PASS" start="2024-06-30T06:19:42.594863" elapsed="0.000379"/>
</kw>
<kw name="Log" owner="BuiltIn">
<msg time="2024-06-30T06:19:42.595768" level="INFO">{'gender': 'male', 'name': {'title': 'Mr', 'first': 'Fatih', 'last': 'Alnıaçık'}, 'location': {'street': {'number': 1735, 'name': 'Atatürk Sk'}, 'city': 'Kayseri', 'state': 'Trabzon', 'country': 'Turkey', 'postcode': 16487, 'coordinates': {'latitude': '65.5514', 'longitude': '-58.9001'}, 'timezone': {'offset': '-4:00', 'description': 'Atlantic Time (Canada), Caracas, La Paz'}}, 'email': 'fatih.alniacik@example.com', 'login': {'uuid': '614207c1-2ed1-4366-8225-c9f5426b6921', 'username': 'bluegoose809', 'password': 'bootsy', 'salt': 'j42glAxt', 'md5': 'dba228263114ee45b7447892855cb7f0', 'sha1': '2feefc75c24ed149afb2f44d3ce5c060462c538e', 'sha256': 'b234c84630501bbb7b5aa719794d722a81af32c86b2e512e96f08e9b36468963'}, 'dob': {'date': '1979-11-05T17:48:46.444Z', 'age': 44}, 'registered': {'date': '2021-10-29T13:01:04.405Z', 'age': 2}, 'phone': '(314)-735-1116', 'cell': '(257)-859-8646', 'id': {'name': '', 'value': None}, 'picture': {'large': 'https://randomuser.me/api/portraits/men/33.jpg', 'medium': 'https://randomuser.me/api/portraits/med/men/33.jpg', 'thumbnail': 'https://randomuser.me/api/portraits/thumb/men/33.jpg'}, 'nat': 'TR'}</msg>
<arg>${json_data['results'][0]}</arg>
<doc>Logs the given message with the given level.</doc>
<status status="PASS" start="2024-06-30T06:19:42.595421" elapsed="0.000395"/>
</kw>
<kw name="Log" owner="BuiltIn">
<msg time="2024-06-30T06:19:42.596237" level="INFO">location</msg>
<arg>${key}</arg>
<doc>Logs the given message with the given level.</doc>
<status status="PASS" start="2024-06-30T06:19:42.596112" elapsed="0.000161"/>
</kw>
<var name="${key}">location</var>
<status status="PASS" start="2024-06-30T06:19:42.594756" elapsed="0.001725"/>
</iter>
<iter>
<kw name="Dictionary Should Contain Key" owner="Collections">
<arg>${json_data['results'][0]}</arg>
<arg>${key}</arg>
<doc>Fails if ``key`` is not found from ``dictionary``.</doc>
<status status="PASS" start="2024-06-30T06:19:42.596752" elapsed="0.000415"/>
</kw>
<kw name="Log" owner="BuiltIn">
<msg time="2024-06-30T06:19:42.597696" level="INFO">{'gender': 'male', 'name': {'title': 'Mr', 'first': 'Fatih', 'last': 'Alnıaçık'}, 'location': {'street': {'number': 1735, 'name': 'Atatürk Sk'}, 'city': 'Kayseri', 'state': 'Trabzon', 'country': 'Turkey', 'postcode': 16487, 'coordinates': {'latitude': '65.5514', 'longitude': '-58.9001'}, 'timezone': {'offset': '-4:00', 'description': 'Atlantic Time (Canada), Caracas, La Paz'}}, 'email': 'fatih.alniacik@example.com', 'login': {'uuid': '614207c1-2ed1-4366-8225-c9f5426b6921', 'username': 'bluegoose809', 'password': 'bootsy', 'salt': 'j42glAxt', 'md5': 'dba228263114ee45b7447892855cb7f0', 'sha1': '2feefc75c24ed149afb2f44d3ce5c060462c538e', 'sha256': 'b234c84630501bbb7b5aa719794d722a81af32c86b2e512e96f08e9b36468963'}, 'dob': {'date': '1979-11-05T17:48:46.444Z', 'age': 44}, 'registered': {'date': '2021-10-29T13:01:04.405Z', 'age': 2}, 'phone': '(314)-735-1116', 'cell': '(257)-859-8646', 'id': {'name': '', 'value': None}, 'picture': {'large': 'https://randomuser.me/api/portraits/men/33.jpg', 'medium': 'https://randomuser.me/api/portraits/med/men/33.jpg', 'thumbnail': 'https://randomuser.me/api/portraits/thumb/men/33.jpg'}, 'nat': 'TR'}</msg>
<arg>${json_data['results'][0]}</arg>
<doc>Logs the given message with the given level.</doc>
<status status="PASS" start="2024-06-30T06:19:42.597345" elapsed="0.000400"/>
</kw>
<kw name="Log" owner="BuiltIn">
<msg time="2024-06-30T06:19:42.598162" level="INFO">email</msg>
<arg>${key}</arg>
<doc>Logs the given message with the given level.</doc>
<status status="PASS" start="2024-06-30T06:19:42.598038" elapsed="0.000161"/>
</kw>
<var name="${key}">email</var>
<status status="PASS" start="2024-06-30T06:19:42.596648" elapsed="0.001769"/>
</iter>
<iter>
<kw name="Dictionary Should Contain Key" owner="Collections">
<arg>${json_data['results'][0]}</arg>
<arg>${key}</arg>
<doc>Fails if ``key`` is not found from ``dictionary``.</doc>
<status status="PASS" start="2024-06-30T06:19:42.598694" elapsed="0.000376"/>
</kw>
<kw name="Log" owner="BuiltIn">
<msg time="2024-06-30T06:19:42.599608" level="INFO">{'gender': 'male', 'name': {'title': 'Mr', 'first': 'Fatih', 'last': 'Alnıaçık'}, 'location': {'street': {'number': 1735, 'name': 'Atatürk Sk'}, 'city': 'Kayseri', 'state': 'Trabzon', 'country': 'Turkey', 'postcode': 16487, 'coordinates': {'latitude': '65.5514', 'longitude': '-58.9001'}, 'timezone': {'offset': '-4:00', 'description': 'Atlantic Time (Canada), Caracas, La Paz'}}, 'email': 'fatih.alniacik@example.com', 'login': {'uuid': '614207c1-2ed1-4366-8225-c9f5426b6921', 'username': 'bluegoose809', 'password': 'bootsy', 'salt': 'j42glAxt', 'md5': 'dba228263114ee45b7447892855cb7f0', 'sha1': '2feefc75c24ed149afb2f44d3ce5c060462c538e', 'sha256': 'b234c84630501bbb7b5aa719794d722a81af32c86b2e512e96f08e9b36468963'}, 'dob': {'date': '1979-11-05T17:48:46.444Z', 'age': 44}, 'registered': {'date': '2021-10-29T13:01:04.405Z', 'age': 2}, 'phone': '(314)-735-1116', 'cell': '(257)-859-8646', 'id': {'name': '', 'value': None}, 'picture': {'large': 'https://randomuser.me/api/portraits/men/33.jpg', 'medium': 'https://randomuser.me/api/portraits/med/men/33.jpg', 'thumbnail': 'https://randomuser.me/api/portraits/thumb/men/33.jpg'}, 'nat': 'TR'}</msg>
<arg>${json_data['results'][0]}</arg>
<doc>Logs the given message with the given level.</doc>
<status status="PASS" start="2024-06-30T06:19:42.599247" elapsed="0.000410"/>
</kw>
<kw name="Log" owner="BuiltIn">
<msg time="2024-06-30T06:19:42.600070" level="INFO">login</msg>
<arg>${key}</arg>
<doc>Logs the given message with the given level.</doc>
<status status="PASS" start="2024-06-30T06:19:42.599946" elapsed="0.000160"/>
</kw>
<var name="${key}">login</var>
<status status="PASS" start="2024-06-30T06:19:42.598584" elapsed="0.001739"/>
</iter>
<var>${key}</var>
<value>@{expected_keys}</value>
<status status="PASS" start="2024-06-30T06:19:42.590617" elapsed="0.009823"/>
</for>
<kw name="Create List" owner="BuiltIn">
<msg time="2024-06-30T06:19:42.600761" level="INFO">${expected_keysTwo} = ['username', 'password']</msg>
<var>${expected_keysTwo}</var>
<arg>username</arg>
<arg>password</arg>
<doc>Returns a list containing given items.</doc>
<status status="PASS" start="2024-06-30T06:19:42.600630" elapsed="0.000155"/>
</kw>
<for flavor="IN">
<iter>
<kw name="Dictionary Should Contain Key" owner="Collections">
<arg>${json_data['results'][0]['login']}</arg>
<arg>${keyTwo}</arg>
<doc>Fails if ``key`` is not found from ``dictionary``.</doc>
<status status="PASS" start="2024-06-30T06:19:42.601328" elapsed="0.000379"/>
</kw>
<kw name="Dictionary Should Contain Key" owner="Collections">
<arg>${json_data['results'][0]['login']}</arg>
<arg>${keyTwo}</arg>
<doc>Fails if ``key`` is not found from ``dictionary``.</doc>
<status status="PASS" start="2024-06-30T06:19:42.601884" elapsed="0.000387"/>
</kw>
<kw name="Log" owner="BuiltIn">
<msg time="2024-06-30T06:19:42.602574" level="INFO">username</msg>
<arg>${keyTwo}</arg>
<doc>Logs the given message with the given level.</doc>
<status status="PASS" start="2024-06-30T06:19:42.602449" elapsed="0.000162"/>
</kw>
<var name="${keyTwo}">username</var>
<status status="PASS" start="2024-06-30T06:19:42.601222" elapsed="0.001605"/>
</iter>
<iter>
<kw name="Dictionary Should Contain Key" owner="Collections">
<arg>${json_data['results'][0]['login']}</arg>
<arg>${keyTwo}</arg>
<doc>Fails if ``key`` is not found from ``dictionary``.</doc>
<status status="PASS" start="2024-06-30T06:19:42.603103" elapsed="0.000379"/>
</kw>
<kw name="Dictionary Should Contain Key" owner="Collections">
<arg>${json_data['results'][0]['login']}</arg>
<arg>${keyTwo}</arg>
<doc>Fails if ``key`` is not found from ``dictionary``.</doc>
<status status="PASS" start="2024-06-30T06:19:42.603657" elapsed="0.000360"/>
</kw>
<kw name="Log" owner="BuiltIn">
<msg time="2024-06-30T06:19:42.604303" level="INFO">password</msg>
<arg>${keyTwo}</arg>
<doc>Logs the given message with the given level.</doc>
<status status="PASS" start="2024-06-30T06:19:42.604188" elapsed="0.000156"/>
</kw>
<var name="${keyTwo}">password</var>
<status status="PASS" start="2024-06-30T06:19:42.602997" elapsed="0.001562"/>
</iter>
<var>${keyTwo}</var>
<value>@{expected_keysTwo}</value>
<status status="PASS" start="2024-06-30T06:19:42.601060" elapsed="0.003616"/>
</for>
<status status="PASS" start="2024-06-30T06:19:42.513593" elapsed="0.091217"/>
</kw>
<doc>Testa a estrutura da resposta da API.</doc>
<tag>testeEstruturaResposta</tag>
<status status="PASS" start="2024-06-30T06:19:42.513112" elapsed="0.091884"/>
</test>
<test id="s1-s1-t4" name="Validar tipos de dados" line="28">
<kw name="Teste de Tipos de Dados" owner="random-user-service">
<kw name="GET On Session" owner="RequestsLibrary">
<msg time="2024-06-30T06:19:42.683984" level="INFO">GET Request : url=https://randomuser.me/api 
 path_url=/api 
 headers={'User-Agent': 'python-requests/2.32.3', 'Accept-Encoding': 'gzip, deflate', 'Accept': '*/*', 'Connection': 'keep-alive'} 
 body=None 
 </msg>
<msg time="2024-06-30T06:19:42.684057" level="INFO">GET Response : url=https://randomuser.me/api 
 status=200, reason=OK 
 headers={'Date': 'Sun, 30 Jun 2024 06:19:42 GMT', 'Content-Type': 'application/json; charset=utf-8', 'Transfer-Encoding': 'chunked', 'Connection': 'keep-alive', 'X-Powered-By': 'Express', 'Access-Control-Allow-Origin': '*', 'Cache-Control': 'no-cache', 'ETag': 'W/"497-yyd8cavisE+nvUZbuc408okpvRs"', 'Vary': 'Accept-Encoding', 'Content-Encoding': 'gzip', 'CF-Cache-Status': 'DYNAMIC', 'Report-To': '{"endpoints":[{"url":"https:\\/\\/a.nel.cloudflare.com\\/report\\/v4?s=HM4iJx0GsaNJixJboeooY1ENzcJuIJhBG%2FH3Mf5xDcKI1SJ7eS9yi7zFDvsS4%2BD6NZM9OEjRTFt6kGHK5SRDLTtN2860H2m111fDVYcFQq5vzi71MJSCBM26sZGZ5hdk"}],"group":"cf-nel","max_age":604800}', 'NEL': '{"success_fraction":0,"report_to":"cf-nel","max_age":604800}', 'Server': 'cloudflare', 'CF-RAY': '89bc0bd74b7660b4-ORD', 'alt-svc': 'h3=":443"; ma=86400'} 
 body={"results":[{"gender":"male","name":{"title":"Mr","first":"Emil","last":"Suomi"},"location":{"street":{"number":4327,"name":"Pyynikintie"},"city":"Punkaharju","state":"Southern Savonia","country":"Finland","postcode":88417,"coordinates":{"latitude":"-28.6295","longitude":"-66.2863"},"timezone":{"offset":"+5:00","description":"Ekaterinburg, Islamabad, Karachi, Tashkent"}},"email":"emil.suomi@example.com","login":{"uuid":"4ea69acd-69b4-49bf-98b2-8e73b2a6c1d7","username":"saddog567","password":"lenny","salt":"zLSqKU7I","md5":"551e9da027e4dca25d14b632d63fbe30","sha1":"76b9d6af20b691ac068907f8be50b280756eae3a","sha256":"de48d5ee542c0fc5574ee13e2b63e5ce30667b97cf35a05f5506868cb23afc7d"},"dob":{"date":"1994-12-29T03:44:14.279Z","age":29},"registered":{"date":"2011-10-01T08:38:17.747Z","age":12},"phone":"07-164-708","cell":"044-100-07-98","id":{"name":"HETU","value":"NaNNA893undefined"},"picture":{"large":"https://randomuser.me/api/portraits/men/24.jpg","medium":"https://randomuser.me/api/portraits/med/men/24.jpg","thumbnail":"https://randomuser.me/api/portraits/thumb/men/24.jpg"},"nat":"FI"}],"info":{"seed":"5e9b2450c8746274","results":1,"page":1,"version":"1.4"}} 
 </msg>
<msg time="2024-06-30T06:19:42.684120" level="INFO">/opt/hostedtoolcache/Python/3.12.4/x64/lib/python3.12/site-packages/urllib3/connectionpool.py:1099: InsecureRequestWarning: Unverified HTTPS request is being made to host 'randomuser.me'. Adding certificate verification is strongly advised. See: https://urllib3.readthedocs.io/en/latest/advanced-usage.html#tls-warnings
  warnings.warn(</msg>
<msg time="2024-06-30T06:19:42.684218" level="INFO">${response} = &lt;Response [200]&gt;</msg>
<var>${response}</var>
<arg>consultarAPI</arg>
<arg>/api</arg>
<doc>Sends a GET request on a previously created HTTP Session.</doc>
<status status="PASS" start="2024-06-30T06:19:42.607442" elapsed="0.076812"/>
</kw>
<kw name="Set Variable" owner="BuiltIn">
<msg time="2024-06-30T06:19:42.685243" level="INFO">${json_data} = {'results': [{'gender': 'male', 'name': {'title': 'Mr', 'first': 'Emil', 'last': 'Suomi'}, 'location': {'street': {'number': 4327, 'name': 'Pyynikintie'}, 'city': 'Punkaharju', 'state': 'Southern Savo...</msg>
<var>${json_data}</var>
<arg>${response.json()}</arg>
<doc>Returns the given values which can then be assigned to a variables.</doc>
<status status="PASS" start="2024-06-30T06:19:42.684761" elapsed="0.000510"/>
</kw>
<kw name="Log" owner="BuiltIn">
<msg time="2024-06-30T06:19:42.685721" level="INFO">{'results': [{'gender': 'male', 'name': {'title': 'Mr', 'first': 'Emil', 'last': 'Suomi'}, 'location': {'street': {'number': 4327, 'name': 'Pyynikintie'}, 'city': 'Punkaharju', 'state': 'Southern Savonia', 'country': 'Finland', 'postcode': 88417, 'coordinates': {'latitude': '-28.6295', 'longitude': '-66.2863'}, 'timezone': {'offset': '+5:00', 'description': 'Ekaterinburg, Islamabad, Karachi, Tashkent'}}, 'email': 'emil.suomi@example.com', 'login': {'uuid': '4ea69acd-69b4-49bf-98b2-8e73b2a6c1d7', 'username': 'saddog567', 'password': 'lenny', 'salt': 'zLSqKU7I', 'md5': '551e9da027e4dca25d14b632d63fbe30', 'sha1': '76b9d6af20b691ac068907f8be50b280756eae3a', 'sha256': 'de48d5ee542c0fc5574ee13e2b63e5ce30667b97cf35a05f5506868cb23afc7d'}, 'dob': {'date': '1994-12-29T03:44:14.279Z', 'age': 29}, 'registered': {'date': '2011-10-01T08:38:17.747Z', 'age': 12}, 'phone': '07-164-708', 'cell': '044-100-07-98', 'id': {'name': 'HETU', 'value': 'NaNNA893undefined'}, 'picture': {'large': 'https://randomuser.me/api/portraits/men/24.jpg', 'medium': 'https://randomuser.me/api/portraits/med/men/24.jpg', 'thumbnail': 'https://randomuser.me/api/portraits/thumb/men/24.jpg'}, 'nat': 'FI'}], 'info': {'seed': '5e9b2450c8746274', 'results': 1, 'page': 1, 'version': '1.4'}}</msg>
<arg>${json_data}</arg>
<doc>Logs the given message with the given level.</doc>
<status status="PASS" start="2024-06-30T06:19:42.685571" elapsed="0.000195"/>
</kw>
<kw name="Should Be String" owner="String">
<arg>${json_data['results'][0]['gender']}</arg>
<doc>Fails if the given ``item`` is not a string.</doc>
<status status="PASS" start="2024-06-30T06:19:42.686058" elapsed="0.000356"/>
</kw>
<kw name="Should Match Regexp" owner="BuiltIn">
<arg>${json_data['results'][0]['email']}</arg>
<arg>^[a-zA-Z0-9._%+-]+@[a-zA-Z0-9.-]+\.[a-zA-Z]{2,}$</arg>
<doc>Fails if ``string`` does not match ``pattern`` as a regular expression.</doc>
<status status="PASS" start="2024-06-30T06:19:42.686597" elapsed="0.000504"/>
</kw>
<kw name="Should Match Regexp" owner="BuiltIn">
<arg>${json_data['results'][0]['dob']['date']}</arg>
<arg>\\d{4}-\\d{2}-\\d{2}T\\d{2}:\\d{2}:\\d{2}\\.\\d{3}Z</arg>
<doc>Fails if ``string`` does not match ``pattern`` as a regular expression.</doc>
<status status="PASS" start="2024-06-30T06:19:42.687319" elapsed="0.000489"/>
</kw>
<kw name="Should Match Regexp" owner="BuiltIn">
<arg>${json_data['results'][0]['registered']['date']}</arg>
<arg>\\d{4}-\\d{2}-\\d{2}T\\d{2}:\\d{2}:\\d{2}\\.\\d{3}Z</arg>
<doc>Fails if ``string`` does not match ``pattern`` as a regular expression.</doc>
<status status="PASS" start="2024-06-30T06:19:42.687994" elapsed="0.000361"/>
</kw>
<kw name="Should Match Regexp" owner="BuiltIn">
<arg>${json_data['results'][0]['picture']['large']}</arg>
<arg>^https?://.*\.(?:png|jpe?g|gif|bmp)$</arg>
<doc>Fails if ``string`` does not match ``pattern`` as a regular expression.</doc>
<status status="PASS" start="2024-06-30T06:19:42.688536" elapsed="0.000491"/>
</kw>
<kw name="Should Match Regexp" owner="BuiltIn">
<arg>${json_data['results'][0]['picture']['medium']}</arg>
<arg>^https?://.*\.(?:png|jpe?g|gif|bmp)$</arg>
<doc>Fails if ``string`` does not match ``pattern`` as a regular expression.</doc>
<status status="PASS" start="2024-06-30T06:19:42.689211" elapsed="0.000352"/>
</kw>
<kw name="Should Match Regexp" owner="BuiltIn">
<arg>${json_data['results'][0]['picture']['thumbnail']}</arg>
<arg>^https?://.*\.(?:png|jpe?g|gif|bmp)$</arg>
<doc>Fails if ``string`` does not match ``pattern`` as a regular expression.</doc>
<status status="PASS" start="2024-06-30T06:19:42.689741" elapsed="0.000343"/>
</kw>
<kw name="Log" owner="BuiltIn">
<msg time="2024-06-30T06:19:42.690588" level="INFO">{'large': 'https://randomuser.me/api/portraits/men/24.jpg', 'medium': 'https://randomuser.me/api/portraits/med/men/24.jpg', 'thumbnail': 'https://randomuser.me/api/portraits/thumb/men/24.jpg'}</msg>
<arg>${json_data['results'][0]['picture']}</arg>
<doc>Logs the given message with the given level.</doc>
<status status="PASS" start="2024-06-30T06:19:42.690262" elapsed="0.000367"/>
</kw>
<status status="PASS" start="2024-06-30T06:19:42.607229" elapsed="0.083647"/>
</kw>
<kw name="Teste de Tipos de Dados - Postcode" owner="random-user-service">
<kw name="GET On Session" owner="RequestsLibrary">
<msg time="2024-06-30T06:19:42.789433" level="INFO">GET Request : url=https://randomuser.me/api 
 path_url=/api 
 headers={'User-Agent': 'python-requests/2.32.3', 'Accept-Encoding': 'gzip, deflate', 'Accept': '*/*', 'Connection': 'keep-alive'} 
 body=None 
 </msg>
<msg time="2024-06-30T06:19:42.789517" level="INFO">GET Response : url=https://randomuser.me/api 
 status=200, reason=OK 
 headers={'Date': 'Sun, 30 Jun 2024 06:19:42 GMT', 'Content-Type': 'application/json; charset=utf-8', 'Transfer-Encoding': 'chunked', 'Connection': 'keep-alive', 'X-Powered-By': 'Express', 'Access-Control-Allow-Origin': '*', 'Cache-Control': 'no-cache', 'ETag': 'W/"491-maTWW4tWU/Mk1wFaSiI0YPEpVB8"', 'Vary': 'Accept-Encoding', 'Content-Encoding': 'gzip', 'CF-Cache-Status': 'DYNAMIC', 'Report-To': '{"endpoints":[{"url":"https:\\/\\/a.nel.cloudflare.com\\/report\\/v4?s=KBwD8oP4afoiSz2%2FV14ocTxwwvbC%2B6fRZ3dBw6Rq6BrQWac%2ByBL5k5Wbw7ROrbO2uqqKR9VzyJBS%2FyVaEjT9QmGXXdXPEZ871um9lEaZiDtJpBvfIlG5CxtIYzy8ob6J"}],"group":"cf-nel","max_age":604800}', 'NEL': '{"success_fraction":0,"report_to":"cf-nel","max_age":604800}', 'Server': 'cloudflare', 'CF-RAY': '89bc0bd7dbb160b4-ORD', 'alt-svc': 'h3=":443"; ma=86400'} 
 body={"results":[{"gender":"male","name":{"title":"Mr","first":"Granislav","last":"Lopata"},"location":{"street":{"number":3077,"name":"Mikoli Lebedieva"},"city":"Polonne","state":"Hmelnicka","country":"Ukraine","postcode":33938,"coordinates":{"latitude":"74.6359","longitude":"-49.3677"},"timezone":{"offset":"+1:00","description":"Brussels, Copenhagen, Madrid, Paris"}},"email":"granislav.lopata@example.com","login":{"uuid":"48747be4-a483-4708-a89a-2ca350624fc0","username":"purpleostrich243","password":"kentucky","salt":"NsHnCbFO","md5":"439704b34bbce177b511632564a27053","sha1":"5580bf0b967d1b772abcdc7379116a3d8d3ac2ee","sha256":"aa1d210a47da9b39d11b5a6ad8cc26821761152808ce304f1b61acd2521e850b"},"dob":{"date":"1987-07-21T17:30:28.318Z","age":36},"registered":{"date":"2014-12-13T19:16:09.514Z","age":9},"phone":"(068) B41-2970","cell":"(097) T38-8361","id":{"name":"","value":null},"picture":{"large":"https://randomuser.me/api/portraits/men/22.jpg","medium":"https://randomuser.me/api/portraits/med/men/22.jpg","thumbnail":"https://randomuser.me/api/portraits/thumb/men/22.jpg"},"nat":"UA"}],"info":{"seed":"1575f72e42ca975a","results":1,"page":1,"version":"1.4"}} 
 </msg>
<msg time="2024-06-30T06:19:42.789589" level="INFO">/opt/hostedtoolcache/Python/3.12.4/x64/lib/python3.12/site-packages/urllib3/connectionpool.py:1099: InsecureRequestWarning: Unverified HTTPS request is being made to host 'randomuser.me'. Adding certificate verification is strongly advised. See: https://urllib3.readthedocs.io/en/latest/advanced-usage.html#tls-warnings
  warnings.warn(</msg>
<msg time="2024-06-30T06:19:42.789698" level="INFO">${response} = &lt;Response [200]&gt;</msg>
<var>${response}</var>
<arg>consultarAPI</arg>
<arg>/api</arg>
<doc>Sends a GET request on a previously created HTTP Session.</doc>
<status status="PASS" start="2024-06-30T06:19:42.691288" elapsed="0.098453"/>
</kw>
<kw name="Set Variable" owner="BuiltIn">
<msg time="2024-06-30T06:19:42.790590" level="INFO">${json_data} = {'results': [{'gender': 'male', 'name': {'title': 'Mr', 'first': 'Granislav', 'last': 'Lopata'}, 'location': {'street': {'number': 3077, 'name': 'Mikoli Lebedieva'}, 'city': 'Polonne', 'state': 'Hmeln...</msg>
<var>${json_data}</var>
<arg>${response.json()}</arg>
<doc>Returns the given values which can then be assigned to a variables.</doc>
<status status="PASS" start="2024-06-30T06:19:42.790156" elapsed="0.000462"/>
</kw>
<kw name="Log" owner="BuiltIn">
<msg time="2024-06-30T06:19:42.791100" level="INFO">{'results': [{'gender': 'male', 'name': {'title': 'Mr', 'first': 'Granislav', 'last': 'Lopata'}, 'location': {'street': {'number': 3077, 'name': 'Mikoli Lebedieva'}, 'city': 'Polonne', 'state': 'Hmelnicka', 'country': 'Ukraine', 'postcode': 33938, 'coordinates': {'latitude': '74.6359', 'longitude': '-49.3677'}, 'timezone': {'offset': '+1:00', 'description': 'Brussels, Copenhagen, Madrid, Paris'}}, 'email': 'granislav.lopata@example.com', 'login': {'uuid': '48747be4-a483-4708-a89a-2ca350624fc0', 'username': 'purpleostrich243', 'password': 'kentucky', 'salt': 'NsHnCbFO', 'md5': '439704b34bbce177b511632564a27053', 'sha1': '5580bf0b967d1b772abcdc7379116a3d8d3ac2ee', 'sha256': 'aa1d210a47da9b39d11b5a6ad8cc26821761152808ce304f1b61acd2521e850b'}, 'dob': {'date': '1987-07-21T17:30:28.318Z', 'age': 36}, 'registered': {'date': '2014-12-13T19:16:09.514Z', 'age': 9}, 'phone': '(068) B41-2970', 'cell': '(097) T38-8361', 'id': {'name': '', 'value': None}, 'picture': {'large': 'https://randomuser.me/api/portraits/men/22.jpg', 'medium': 'https://randomuser.me/api/portraits/med/men/22.jpg', 'thumbnail': 'https://randomuser.me/api/portraits/thumb/men/22.jpg'}, 'nat': 'UA'}], 'info': {'seed': '1575f72e42ca975a', 'results': 1, 'page': 1, 'version': '1.4'}}</msg>
<arg>${json_data}</arg>
<doc>Logs the given message with the given level.</doc>
<status status="PASS" start="2024-06-30T06:19:42.790917" elapsed="0.000233"/>
</kw>
<kw name="Should Be Equal As Numbers" owner="BuiltIn">
<arg>${json_data['results'][0]['location']['postcode']}</arg>
<arg>${json_data['results'][0]['location']['postcode']}</arg>
<doc>Fails if objects are unequal after converting them to real numbers.</doc>
<status status="PASS" start="2024-06-30T06:19:42.791446" elapsed="0.000631"/>
</kw>
<kw name="Log" owner="BuiltIn">
<msg time="2024-06-30T06:19:42.792591" level="INFO">33938</msg>
<arg>${json_data['results'][0]['location']['postcode']}</arg>
<doc>Logs the given message with the given level.</doc>
<status status="PASS" start="2024-06-30T06:19:42.792261" elapsed="0.000369"/>
</kw>
<status status="PASS" start="2024-06-30T06:19:42.691077" elapsed="0.101820"/>
</kw>
<doc>Testa se os tipos de dados na resposta da API estão corretos.</doc>
<tag>testeTiposDados</tag>
<status status="PASS" start="2024-06-30T06:19:42.606717" elapsed="0.186377"/>
</test>
<test id="s1-s1-t5" name="Validar conteudo" line="35">
<kw name="Teste de Tipos de Conteudo" owner="random-user-service">
<kw name="GET On Session" owner="RequestsLibrary">
<msg time="2024-06-30T06:19:42.884536" level="INFO">GET Request : url=https://randomuser.me/api 
 path_url=/api 
 headers={'User-Agent': 'python-requests/2.32.3', 'Accept-Encoding': 'gzip, deflate', 'Accept': '*/*', 'Connection': 'keep-alive'} 
 body=None 
 </msg>
<msg time="2024-06-30T06:19:42.884613" level="INFO">GET Response : url=https://randomuser.me/api 
 status=200, reason=OK 
 headers={'Date': 'Sun, 30 Jun 2024 06:19:42 GMT', 'Content-Type': 'application/json; charset=utf-8', 'Transfer-Encoding': 'chunked', 'Connection': 'keep-alive', 'X-Powered-By': 'Express', 'Access-Control-Allow-Origin': '*', 'Cache-Control': 'no-cache', 'ETag': 'W/"48e-aM1s3Z8AhggxJdCMZ4CyrbsDwSs"', 'Vary': 'Accept-Encoding', 'Content-Encoding': 'gzip', 'CF-Cache-Status': 'DYNAMIC', 'Report-To': '{"endpoints":[{"url":"https:\\/\\/a.nel.cloudflare.com\\/report\\/v4?s=4XyI%2Bnh0XV7YXJdpaxui7AnAOGmkq6T7QIkTxsSH7NPcynazW9RbIYb2Vjb6W9yj%2B%2FDmm9VnNCyvUCj5BUV9JmSatwtNKMT%2BOCGqgaW9A%2Bv%2Fsl%2FVkZAV5Sz6rxIALVQJ"}],"group":"cf-nel","max_age":604800}', 'NEL': '{"success_fraction":0,"report_to":"cf-nel","max_age":604800}', 'Server': 'cloudflare', 'CF-RAY': '89bc0bd87c0360b4-ORD', 'alt-svc': 'h3=":443"; ma=86400'} 
 body={"results":[{"gender":"male","name":{"title":"Mr","first":"Marco","last":"Bruaset"},"location":{"street":{"number":7503,"name":"Torshovgata"},"city":"Valle","state":"Nord-Trøndelag","country":"Norway","postcode":"6141","coordinates":{"latitude":"40.2489","longitude":"-145.2794"},"timezone":{"offset":"-5:00","description":"Eastern Time (US &amp; Canada), Bogota, Lima"}},"email":"marco.bruaset@example.com","login":{"uuid":"913cee7b-79e1-48dc-baf7-c202156ab96e","username":"yellowladybug791","password":"openup","salt":"BJ6gHYUS","md5":"a88749cb0b3d84e2189d17d13564f10c","sha1":"de22272064d4c3e98709382a4833478151ef320b","sha256":"959ab45a630413d2c36abb981bc49b0b6d1ba375c90696d0b68c921a45223619"},"dob":{"date":"1953-07-07T15:35:50.404Z","age":70},"registered":{"date":"2002-05-22T11:51:52.386Z","age":22},"phone":"23467549","cell":"42482624","id":{"name":"FN","value":"07075343196"},"picture":{"large":"https://randomuser.me/api/portraits/men/15.jpg","medium":"https://randomuser.me/api/portraits/med/men/15.jpg","thumbnail":"https://randomuser.me/api/portraits/thumb/men/15.jpg"},"nat":"NO"}],"info":{"seed":"e1be9d96c9b65f62","results":1,"page":1,"version":"1.4"}} 
 </msg>
<msg time="2024-06-30T06:19:42.884699" level="INFO">/opt/hostedtoolcache/Python/3.12.4/x64/lib/python3.12/site-packages/urllib3/connectionpool.py:1099: InsecureRequestWarning: Unverified HTTPS request is being made to host 'randomuser.me'. Adding certificate verification is strongly advised. See: https://urllib3.readthedocs.io/en/latest/advanced-usage.html#tls-warnings
  warnings.warn(</msg>
<msg time="2024-06-30T06:19:42.884809" level="INFO">${response} = &lt;Response [200]&gt;</msg>
<var>${response}</var>
<arg>consultarAPI</arg>
<arg>/api</arg>
<doc>Sends a GET request on a previously created HTTP Session.</doc>
<status status="PASS" start="2024-06-30T06:19:42.795641" elapsed="0.089218"/>
</kw>
<kw name="Set Variable" owner="BuiltIn">
<msg time="2024-06-30T06:19:42.885917" level="INFO">${json_data} = {'results': [{'gender': 'male', 'name': {'title': 'Mr', 'first': 'Marco', 'last': 'Bruaset'}, 'location': {'street': {'number': 7503, 'name': 'Torshovgata'}, 'city': 'Valle', 'state': 'Nord-Trøndelag'...</msg>
<var>${json_data}</var>
<arg>${response.json()}</arg>
<doc>Returns the given values which can then be assigned to a variables.</doc>
<status status="PASS" start="2024-06-30T06:19:42.885362" elapsed="0.000584"/>
</kw>
<kw name="Set Variable" owner="BuiltIn">
<msg time="2024-06-30T06:19:42.886615" level="INFO">${name_title} = Mr</msg>
<var>${name_title}</var>
<arg>${json_data["results"][0]["name"]["title"]}</arg>
<doc>Returns the given values which can then be assigned to a variables.</doc>
<status status="PASS" start="2024-06-30T06:19:42.886246" elapsed="0.000394"/>
</kw>
<kw name="Create List" owner="BuiltIn">
<msg time="2024-06-30T06:19:42.887074" level="INFO">${allowed_titles} = ['Mr', 'Ms', 'Miss', 'Mrs', 'Madame', 'Monsieur']</msg>
<var>${allowed_titles}</var>
<arg>Mr</arg>
<arg>Ms</arg>
<arg>Miss</arg>
<arg>Mrs</arg>
<arg>Madame</arg>
<arg>Monsieur</arg>
<doc>Returns a list containing given items.</doc>
<status status="PASS" start="2024-06-30T06:19:42.886929" elapsed="0.000169"/>
</kw>
<kw name="List Should Contain Value" owner="Collections">
<arg>${allowed_titles}</arg>
<arg>${name_title}</arg>
<doc>Fails if the ``value`` is not found from ``list``.</doc>
<status status="PASS" start="2024-06-30T06:19:42.887387" elapsed="0.000167"/>
</kw>
<kw name="Set Variable" owner="BuiltIn">
<msg time="2024-06-30T06:19:42.888082" level="INFO">${name_country} = NO</msg>
<var>${name_country}</var>
<arg>${json_data["results"][0]["nat"]}</arg>
<doc>Returns the given values which can then be assigned to a variables.</doc>
<status status="PASS" start="2024-06-30T06:19:42.887726" elapsed="0.000380"/>
</kw>
<kw name="Create List" owner="BuiltIn">
<msg time="2024-06-30T06:19:42.889026" level="INFO">${list_country} = ['AD', 'AE', 'AF', 'AG', 'AI', 'AL', 'AM', 'AO', 'AQ', 'AR', 'AS', 'AT', 'AU', 'AW', 'AX', 'AZ', 'BA', 'BB', 'BD', 'BE', 'BF', 'BG', 'BH', 'BI', 'BJ', 'BL', 'BM', 'BN', 'BO', 'BQ', 'BR', 'BS', 'BT', '...</msg>
<var>${list_country}</var>
<arg>AD</arg>
<arg>AE</arg>
<arg>AF</arg>
<arg>AG</arg>
<arg>AI</arg>
<arg>AL</arg>
<arg>AM</arg>
<arg>AO</arg>
<arg>AQ</arg>
<arg>AR</arg>
<arg>AS</arg>
<arg>AT</arg>
<arg>AU</arg>
<arg>AW</arg>
<arg>AX</arg>
<arg>AZ</arg>
<arg>BA</arg>
<arg>BB</arg>
<arg>BD</arg>
<arg>BE</arg>
<arg>BF</arg>
<arg>BG</arg>
<arg>BH</arg>
<arg>BI</arg>
<arg>BJ</arg>
<arg>BL</arg>
<arg>BM</arg>
<arg>BN</arg>
<arg>BO</arg>
<arg>BQ</arg>
<arg>BR</arg>
<arg>BS</arg>
<arg>BT</arg>
<arg>BV</arg>
<arg>BW</arg>
<arg>BY</arg>
<arg>BZ</arg>
<arg>CA</arg>
<arg>CC</arg>
<arg>CD</arg>
<arg>CF</arg>
<arg>CG</arg>
<arg>CH</arg>
<arg>CI</arg>
<arg>CK</arg>
<arg>CL</arg>
<arg>CM</arg>
<arg>CN</arg>
<arg>CO</arg>
<arg>CR</arg>
<arg>CU</arg>
<arg>CV</arg>
<arg>CW</arg>
<arg>CX</arg>
<arg>CY</arg>
<arg>CZ</arg>
<arg>DE</arg>
<arg>DJ</arg>
<arg>DK</arg>
<arg>DM</arg>
<arg>DO</arg>
<arg>DZ</arg>
<arg>EC</arg>
<arg>EE</arg>
<arg>EG</arg>
<arg>EH</arg>
<arg>ER</arg>
<arg>ES</arg>
<arg>ET</arg>
<arg>FI</arg>
<arg>FJ</arg>
<arg>FK</arg>
<arg>FM</arg>
<arg>FO</arg>
<arg>FR</arg>
<arg>GA</arg>
<arg>GB</arg>
<arg>GD</arg>
<arg>GE</arg>
<arg>GF</arg>
<arg>GG</arg>
<arg>GH</arg>
<arg>GI</arg>
<arg>GL</arg>
<arg>GM</arg>
<arg>GN</arg>
<arg>GP</arg>
<arg>GQ</arg>
<arg>GR</arg>
<arg>GS</arg>
<arg>GT</arg>
<arg>GU</arg>
<arg>GW</arg>
<arg>GY</arg>
<arg>HK</arg>
<arg>HM</arg>
<arg>HN</arg>
<arg>HR</arg>
<arg>HT</arg>
<arg>HU</arg>
<arg>ID</arg>
<arg>IE</arg>
<arg>IL</arg>
<arg>IM</arg>
<arg>IN</arg>
<arg>IO</arg>
<arg>IQ</arg>
<arg>IR</arg>
<arg>IS</arg>
<arg>IT</arg>
<arg>JE</arg>
<arg>JM</arg>
<arg>JO</arg>
<arg>JP</arg>
<arg>KE</arg>
<arg>KG</arg>
<arg>KH</arg>
<arg>KI</arg>
<arg>KM</arg>
<arg>KN</arg>
<arg>KP</arg>
<arg>KR</arg>
<arg>KW</arg>
<arg>KY</arg>
<arg>KZ</arg>
<arg>LA</arg>
<arg>LB</arg>
<arg>LC</arg>
<arg>LI</arg>
<arg>LK</arg>
<arg>LR</arg>
<arg>LS</arg>
<arg>LT</arg>
<arg>LU</arg>
<arg>LV</arg>
<arg>LY</arg>
<arg>MA</arg>
<arg>MC</arg>
<arg>MD</arg>
<arg>ME</arg>
<arg>MF</arg>
<arg>MG</arg>
<arg>MH</arg>
<arg>MK</arg>
<arg>ML</arg>
<arg>MM</arg>
<arg>MN</arg>
<arg>MO</arg>
<arg>MP</arg>
<arg>MQ</arg>
<arg>MR</arg>
<arg>MS</arg>
<arg>MT</arg>
<arg>MU</arg>
<arg>MV</arg>
<arg>MW</arg>
<arg>MX</arg>
<arg>MY</arg>
<arg>MZ</arg>
<arg>NA</arg>
<arg>NC</arg>
<arg>NE</arg>
<arg>NF</arg>
<arg>NG</arg>
<arg>NI</arg>
<arg>NL</arg>
<arg>NO</arg>
<arg>NP</arg>
<arg>NR</arg>
<arg>NU</arg>
<arg>NZ</arg>
<arg>OM</arg>
<arg>PA</arg>
<arg>PE</arg>
<arg>PF</arg>
<arg>PG</arg>
<arg>PH</arg>
<arg>PK</arg>
<arg>PL</arg>
<arg>PM</arg>
<arg>PN</arg>
<arg>PR</arg>
<arg>PS</arg>
<arg>PT</arg>
<arg>PW</arg>
<arg>PY</arg>
<arg>QA</arg>
<arg>RE</arg>
<arg>RO</arg>
<arg>RS</arg>
<arg>RU</arg>
<arg>RW</arg>
<arg>SA</arg>
<arg>SB</arg>
<arg>SC</arg>
<arg>SD</arg>
<arg>SE</arg>
<arg>SG</arg>
<arg>SH</arg>
<arg>SI</arg>
<arg>SJ</arg>
<arg>SK</arg>
<arg>SL</arg>
<arg>SM</arg>
<arg>SN</arg>
<arg>SO</arg>
<arg>SR</arg>
<arg>SS</arg>
<arg>ST</arg>
<arg>SV</arg>
<arg>SX</arg>
<arg>SY</arg>
<arg>SZ</arg>
<arg>TC</arg>
<arg>TD</arg>
<arg>TF</arg>
<arg>TG</arg>
<arg>TH</arg>
<arg>TJ</arg>
<arg>TK</arg>
<arg>TL</arg>
<arg>TM</arg>
<arg>TN</arg>
<arg>TO</arg>
<arg>TR</arg>
<arg>TT</arg>
<arg>TV</arg>
<arg>TW</arg>
<arg>TZ</arg>
<arg>UA</arg>
<arg>UG</arg>
<arg>UM</arg>
<arg>US</arg>
<arg>UY</arg>
<arg>UZ</arg>
<arg>VA</arg>
<arg>VC</arg>
<arg>VE</arg>
<arg>VG</arg>
<arg>VI</arg>
<arg>VN</arg>
<arg>VU</arg>
<arg>WF</arg>
<arg>WS</arg>
<arg>XK</arg>
<arg>YE</arg>
<arg>YT</arg>
<arg>ZA</arg>
<arg>ZM</arg>
<arg>ZW</arg>
<doc>Returns a list containing given items.</doc>
<status status="PASS" start="2024-06-30T06:19:42.888389" elapsed="0.000663"/>
</kw>
<kw name="List Should Contain Value" owner="Collections">
<arg>${list_country}</arg>
<arg>${name_country}</arg>
<doc>Fails if the ``value`` is not found from ``list``.</doc>
<status status="PASS" start="2024-06-30T06:19:42.889859" elapsed="0.000201"/>
</kw>
<kw name="Run Keyword If" owner="BuiltIn">
<kw name="Should Be True" owner="BuiltIn">
<arg>${True}</arg>
<doc>Fails if the given condition is not true.</doc>
<status status="PASS" start="2024-06-30T06:19:42.890987" elapsed="0.000145"/>
</kw>
<arg>${json_data["results"][0]["location"]["coordinates"]["latitude"]} &gt;= -90 and ${json_data["results"][0]["location"]["coordinates"]["latitude"]} &lt;= 90</arg>
<arg>Should Be True</arg>
<arg>${True}</arg>
<doc>Runs the given keyword with the given arguments, if ``condition`` is true.</doc>
<status status="PASS" start="2024-06-30T06:19:42.890252" elapsed="0.001004"/>
</kw>
<kw name="Run Keyword If" owner="BuiltIn">
<kw name="Should Be True" owner="BuiltIn">
<arg>${True}</arg>
<doc>Fails if the given condition is not true.</doc>
<status status="PASS" start="2024-06-30T06:19:42.892129" elapsed="0.000134"/>
</kw>
<arg>${json_data["results"][0]["location"]["coordinates"]["longitude"]} &gt;= -180 and ${json_data["results"][0]["location"]["coordinates"]["longitude"]} &lt;= 180</arg>
<arg>Should Be True</arg>
<arg>${True}</arg>
<doc>Runs the given keyword with the given arguments, if ``condition`` is true.</doc>
<status status="PASS" start="2024-06-30T06:19:42.891431" elapsed="0.000952"/>
</kw>
<status status="PASS" start="2024-06-30T06:19:42.795303" elapsed="0.097206"/>
</kw>
<doc>Testa o conteúdo específico dos campos retornados pela API.</doc>
<tag>testeConteudo</tag>
<status status="PASS" start="2024-06-30T06:19:42.794814" elapsed="0.097834"/>
</test>
<status status="PASS" start="2024-06-30T06:19:41.893864" elapsed="1.000750"/>
</suite>
<status status="PASS" start="2024-06-30T06:19:41.879529" elapsed="1.020146"/>
</suite>
<statistics>
<total>
<stat pass="5" fail="0" skip="0">All Tests</stat>
</total>
<tag>
<stat pass="1" fail="0" skip="0">testeConteudo</stat>
<stat pass="1" fail="0" skip="0">testeEstruturaResposta</stat>
<stat pass="1" fail="0" skip="0">testeRequisicaoBasica</stat>
<stat pass="1" fail="0" skip="0">testeTiposDados</stat>
</tag>
<suite>
<stat pass="5" fail="0" skip="0" id="s1" name="Tests">Tests</stat>
<stat pass="5" fail="0" skip="0" id="s1-s1" name="Random-User-Test">Tests.Random-User-Test</stat>
</suite>
</statistics>
<errors>
</errors>
</robot>
