<?xml version="1.0" encoding="UTF-8"?>
<robot generator="Robot 7.0 (Python 3.12.3 on linux)" generated="2024-06-07T07:13:46.488591" rpa="false" schemaversion="5">
<suite id="s1" name="Tests" source="/home/runner/work/ApiRandomUser/ApiRandomUser/RamdonUser/tests">
<suite id="s1-s1" name="Random-User-Test" source="/home/runner/work/ApiRandomUser/ApiRandomUser/RamdonUser/tests/random-user-test.robot">
<test id="s1-s1-t1" name="Conectar" line="13">
<kw name="Conectar API" owner="random-user-service">
<kw name="Create Session" owner="RequestsLibrary">
<msg time="2024-06-07T07:13:46.886231" level="INFO">Creating Session using : alias=consultarAPI, url=https://randomuser.me/, headers={},                     cookies={}, auth=None, timeout=None, proxies=None, verify=False,                     debug=0 </msg>
<arg>consultarAPI</arg>
<arg>${URL}</arg>
<doc>Create Session: create a HTTP session to a server</doc>
<status status="PASS" start="2024-06-07T07:13:46.886018" elapsed="0.000399"/>
</kw>
<status status="PASS" start="2024-06-07T07:13:46.884920" elapsed="0.001890"/>
</kw>
<status status="PASS" start="2024-06-07T07:13:46.884379" elapsed="0.002630"/>
</test>
<test id="s1-s1-t2" name="Validar retorno 200 e JSON Válido" line="16">
<kw name="Teste de Requisicao Basica" owner="random-user-service">
<kw name="GET On Session" owner="RequestsLibrary">
<msg time="2024-06-07T07:13:46.982237" level="INFO">GET Request : url=https://randomuser.me/api 
 path_url=/api 
 headers={'User-Agent': 'python-requests/2.32.3', 'Accept-Encoding': 'gzip, deflate', 'Accept': '*/*', 'Connection': 'keep-alive'} 
 body=None 
 </msg>
<msg time="2024-06-07T07:13:46.982389" level="INFO">GET Response : url=https://randomuser.me/api 
 status=200, reason=OK 
 headers={'Date': 'Fri, 07 Jun 2024 07:13:46 GMT', 'Content-Type': 'application/json; charset=utf-8', 'Transfer-Encoding': 'chunked', 'Connection': 'keep-alive', 'X-Powered-By': 'Express', 'Access-Control-Allow-Origin': '*', 'Cache-Control': 'no-cache', 'ETag': 'W/"489-QsBJR0JGSu05Qmd/G3QYYfnreiE"', 'Vary': 'Accept-Encoding', 'Content-Encoding': 'gzip', 'CF-Cache-Status': 'DYNAMIC', 'Report-To': '{"endpoints":[{"url":"https:\\/\\/a.nel.cloudflare.com\\/report\\/v4?s=LJYQHKwFCo%2B3CnFZxNjTG8Bg8v6tJ9%2B8fZECFFQwMr5YAA1CBrwi8BjiW9sCOnoM4fDvs0wRjGQ2jHXO382cCN6BSrI8mhj63XIab9pil4B31dHqTHO2oZx3030vByCx"}],"group":"cf-nel","max_age":604800}', 'NEL': '{"success_fraction":0,"report_to":"cf-nel","max_age":604800}', 'Server': 'cloudflare', 'CF-RAY': '88fed76c4cc520d1-IAD', 'alt-svc': 'h3=":443"; ma=86400'} 
 body={"results":[{"gender":"female","name":{"title":"Miss","first":"Evelyn","last":"Clarke"},"location":{"street":{"number":7705,"name":"Ellerslie-Panmure Highway"},"city":"Gisborne","state":"Otago","country":"New Zealand","postcode":82824,"coordinates":{"latitude":"54.8214","longitude":"7.4042"},"timezone":{"offset":"-11:00","description":"Midway Island, Samoa"}},"email":"evelyn.clarke@example.com","login":{"uuid":"4140c339-c227-41c8-b016-ff1413124685","username":"greenzebra980","password":"antonio","salt":"jlEfXHBd","md5":"547b21edeb5cdb6770ee727e57be9d9a","sha1":"6f882108e725dc7f38d4746453b530dacad9289c","sha256":"056e059a3dd0b649a6addc0db0d857a88924a0c3f6dc709dae8735727e073675"},"dob":{"date":"1948-10-05T20:58:49.743Z","age":75},"registered":{"date":"2008-03-26T07:48:16.465Z","age":16},"phone":"(211)-245-3899","cell":"(277)-356-7641","id":{"name":"","value":null},"picture":{"large":"https://randomuser.me/api/portraits/women/6.jpg","medium":"https://randomuser.me/api/portraits/med/women/6.jpg","thumbnail":"https://randomuser.me/api/portraits/thumb/women/6.jpg"},"nat":"NZ"}],"info":{"seed":"857567a077531204","results":1,"page":1,"version":"1.4"}} 
 </msg>
<msg time="2024-06-07T07:13:46.982484" level="INFO">/opt/hostedtoolcache/Python/3.12.3/x64/lib/python3.12/site-packages/urllib3/connectionpool.py:1103: InsecureRequestWarning: Unverified HTTPS request is being made to host 'randomuser.me'. Adding certificate verification is strongly advised. See: https://urllib3.readthedocs.io/en/latest/advanced-usage.html#tls-warnings
  warnings.warn(</msg>
<msg time="2024-06-07T07:13:46.982657" level="INFO">${response} = &lt;Response [200]&gt;</msg>
<var>${response}</var>
<arg>consultarAPI</arg>
<arg>/api</arg>
<doc>Sends a GET request on a previously created HTTP Session.</doc>
<status status="PASS" start="2024-06-07T07:13:46.889632" elapsed="0.093076"/>
</kw>
<kw name="Should Be Equal As Numbers" owner="BuiltIn">
<msg time="2024-06-07T07:13:46.983669" level="INFO">Argument types are:
&lt;class 'int'&gt;
&lt;class 'str'&gt;</msg>
<arg>${response.status_code}</arg>
<arg>200</arg>
<doc>Fails if objects are unequal after converting them to real numbers.</doc>
<status status="PASS" start="2024-06-07T07:13:46.983192" elapsed="0.000543"/>
</kw>
<kw name="Log" owner="BuiltIn">
<msg time="2024-06-07T07:13:46.984447" level="INFO">200</msg>
<arg>${response.status_code}</arg>
<doc>Logs the given message with the given level.</doc>
<status status="PASS" start="2024-06-07T07:13:46.984079" elapsed="0.000417"/>
</kw>
<kw name="Set Variable" owner="BuiltIn">
<msg time="2024-06-07T07:13:46.985259" level="INFO">${json_data} = {'results': [{'gender': 'female', 'name': {'title': 'Miss', 'first': 'Evelyn', 'last': 'Clarke'}, 'location': {'street': {'number': 7705, 'name': 'Ellerslie-Panmure Highway'}, 'city': 'Gisborne', 'sta...</msg>
<var>${json_data}</var>
<arg>${response.json()}</arg>
<doc>Returns the given values which can then be assigned to a variables.</doc>
<status status="PASS" start="2024-06-07T07:13:46.984816" elapsed="0.000474"/>
</kw>
<kw name="Dictionary Should Contain Key" owner="Collections">
<msg time="2024-06-07T07:13:46.985769" level="INFO">False</msg>
<arg>${json_data}</arg>
<arg>results</arg>
<doc>Fails if ``key`` is not found from ``dictionary``.</doc>
<status status="PASS" start="2024-06-07T07:13:46.985600" elapsed="0.000210"/>
</kw>
<status status="PASS" start="2024-06-07T07:13:46.889387" elapsed="0.096685"/>
</kw>
<doc>Testa se a API responde corretamente e retorna um objeto JSON válido.</doc>
<tag>testeRequisicaoBasica</tag>
<status status="PASS" start="2024-06-07T07:13:46.888926" elapsed="0.097329"/>
</test>
<test id="s1-s1-t3" name="Validar estrutura de resposta" line="22">
<kw name="Teste de Estrutura de Resposta" owner="random-user-service">
<kw name="GET On Session" owner="RequestsLibrary">
<msg time="2024-06-07T07:13:47.083806" level="INFO">GET Request : url=https://randomuser.me/api 
 path_url=/api 
 headers={'User-Agent': 'python-requests/2.32.3', 'Accept-Encoding': 'gzip, deflate', 'Accept': '*/*', 'Connection': 'keep-alive'} 
 body=None 
 </msg>
<msg time="2024-06-07T07:13:47.083880" level="INFO">GET Response : url=https://randomuser.me/api 
 status=200, reason=OK 
 headers={'Date': 'Fri, 07 Jun 2024 07:13:47 GMT', 'Content-Type': 'application/json; charset=utf-8', 'Transfer-Encoding': 'chunked', 'Connection': 'keep-alive', 'X-Powered-By': 'Express', 'Access-Control-Allow-Origin': '*', 'Cache-Control': 'no-cache', 'ETag': 'W/"492-bsTxrLXUrLXqbshDwfS57LonV/I"', 'Vary': 'Accept-Encoding', 'Content-Encoding': 'gzip', 'CF-Cache-Status': 'DYNAMIC', 'Report-To': '{"endpoints":[{"url":"https:\\/\\/a.nel.cloudflare.com\\/report\\/v4?s=zbrnhYsmAv9uo78%2FnTJgLgRQYWyuM52Q2lOyF3dHAcYpl1yA%2FQ6DCPt8NKOBz0tQB%2FdhaE3EYUoidvpvARfsIvFFWMP4dLORWe2CXjAtNkDAAlkL%2BJavXJrichJ6nGRG"}],"group":"cf-nel","max_age":604800}', 'NEL': '{"success_fraction":0,"report_to":"cf-nel","max_age":604800}', 'Server': 'cloudflare', 'CF-RAY': '88fed76cbd2e20d1-IAD', 'alt-svc': 'h3=":443"; ma=86400'} 
 body={"results":[{"gender":"male","name":{"title":"Mr","first":"Tarak","last":"Hiremath"},"location":{"street":{"number":8729,"name":"Bhavani Peth"},"city":"Mangalore","state":"Rajasthan","country":"India","postcode":16802,"coordinates":{"latitude":"7.4076","longitude":"-163.1446"},"timezone":{"offset":"-6:00","description":"Central Time (US &amp; Canada), Mexico City"}},"email":"tarak.hiremath@example.com","login":{"uuid":"e53d19c1-6ee8-4874-9f98-a08094f00eab","username":"purpleleopard714","password":"zachary1","salt":"z64IGEqe","md5":"1d33cbedee905f6ddee9fb537e0813cb","sha1":"cbd9bee01ea5e159439fc90e9d2f0bbe2dae0e25","sha256":"7118400b482ba8ac8923119185fdf28225718a653861d6ad008887f55f099ef2"},"dob":{"date":"1945-02-09T19:54:08.703Z","age":79},"registered":{"date":"2013-02-19T19:21:01.184Z","age":11},"phone":"8390096638","cell":"9070766292","id":{"name":"UIDAI","value":"925349888723"},"picture":{"large":"https://randomuser.me/api/portraits/men/3.jpg","medium":"https://randomuser.me/api/portraits/med/men/3.jpg","thumbnail":"https://randomuser.me/api/portraits/thumb/men/3.jpg"},"nat":"IN"}],"info":{"seed":"f60ff4531b03e029","results":1,"page":1,"version":"1.4"}} 
 </msg>
<msg time="2024-06-07T07:13:47.083981" level="INFO">/opt/hostedtoolcache/Python/3.12.3/x64/lib/python3.12/site-packages/urllib3/connectionpool.py:1103: InsecureRequestWarning: Unverified HTTPS request is being made to host 'randomuser.me'. Adding certificate verification is strongly advised. See: https://urllib3.readthedocs.io/en/latest/advanced-usage.html#tls-warnings
  warnings.warn(</msg>
<msg time="2024-06-07T07:13:47.084082" level="INFO">${response} = &lt;Response [200]&gt;</msg>
<var>${response}</var>
<arg>consultarAPI</arg>
<arg>/api</arg>
<doc>Sends a GET request on a previously created HTTP Session.</doc>
<status status="PASS" start="2024-06-07T07:13:46.988853" elapsed="0.095266"/>
</kw>
<kw name="Set Variable" owner="BuiltIn">
<msg time="2024-06-07T07:13:47.085015" level="INFO">${json_data} = {'results': [{'gender': 'male', 'name': {'title': 'Mr', 'first': 'Tarak', 'last': 'Hiremath'}, 'location': {'street': {'number': 8729, 'name': 'Bhavani Peth'}, 'city': 'Mangalore', 'state': 'Rajasthan...</msg>
<var>${json_data}</var>
<arg>${response.json()}</arg>
<doc>Returns the given values which can then be assigned to a variables.</doc>
<status status="PASS" start="2024-06-07T07:13:47.084530" elapsed="0.000515"/>
</kw>
<kw name="Log" owner="BuiltIn">
<msg time="2024-06-07T07:13:47.085535" level="INFO">{'results': [{'gender': 'male', 'name': {'title': 'Mr', 'first': 'Tarak', 'last': 'Hiremath'}, 'location': {'street': {'number': 8729, 'name': 'Bhavani Peth'}, 'city': 'Mangalore', 'state': 'Rajasthan', 'country': 'India', 'postcode': 16802, 'coordinates': {'latitude': '7.4076', 'longitude': '-163.1446'}, 'timezone': {'offset': '-6:00', 'description': 'Central Time (US &amp; Canada), Mexico City'}}, 'email': 'tarak.hiremath@example.com', 'login': {'uuid': 'e53d19c1-6ee8-4874-9f98-a08094f00eab', 'username': 'purpleleopard714', 'password': 'zachary1', 'salt': 'z64IGEqe', 'md5': '1d33cbedee905f6ddee9fb537e0813cb', 'sha1': 'cbd9bee01ea5e159439fc90e9d2f0bbe2dae0e25', 'sha256': '7118400b482ba8ac8923119185fdf28225718a653861d6ad008887f55f099ef2'}, 'dob': {'date': '1945-02-09T19:54:08.703Z', 'age': 79}, 'registered': {'date': '2013-02-19T19:21:01.184Z', 'age': 11}, 'phone': '8390096638', 'cell': '9070766292', 'id': {'name': 'UIDAI', 'value': '925349888723'}, 'picture': {'large': 'https://randomuser.me/api/portraits/men/3.jpg', 'medium': 'https://randomuser.me/api/portraits/med/men/3.jpg', 'thumbnail': 'https://randomuser.me/api/portraits/thumb/men/3.jpg'}, 'nat': 'IN'}], 'info': {'seed': 'f60ff4531b03e029', 'results': 1, 'page': 1, 'version': '1.4'}}</msg>
<arg>${json_data}</arg>
<doc>Logs the given message with the given level.</doc>
<status status="PASS" start="2024-06-07T07:13:47.085374" elapsed="0.000217"/>
</kw>
<kw name="Dictionary Should Contain Key" owner="Collections">
<msg time="2024-06-07T07:13:47.086055" level="INFO">False</msg>
<arg>${json_data}</arg>
<arg>results</arg>
<doc>Fails if ``key`` is not found from ``dictionary``.</doc>
<status status="PASS" start="2024-06-07T07:13:47.085896" elapsed="0.000197"/>
</kw>
<kw name="Should Not Be Empty" owner="BuiltIn">
<msg time="2024-06-07T07:13:47.086547" level="INFO">Length is 2.</msg>
<arg>${json_data}</arg>
<doc>Verifies that the given item is not empty.</doc>
<status status="PASS" start="2024-06-07T07:13:47.086394" elapsed="0.000193"/>
</kw>
<kw name="Create List" owner="BuiltIn">
<msg time="2024-06-07T07:13:47.087178" level="INFO">${expected_keys} = ['gender', 'name', 'location', 'email', 'login']</msg>
<var>${expected_keys}</var>
<arg>gender</arg>
<arg>name</arg>
<arg>location</arg>
<arg>email</arg>
<arg>login</arg>
<doc>Returns a list containing given items.</doc>
<status status="PASS" start="2024-06-07T07:13:47.086882" elapsed="0.000322"/>
</kw>
<for flavor="IN">
<iter>
<kw name="Dictionary Should Contain Key" owner="Collections">
<msg time="2024-06-07T07:13:47.088273" level="INFO">False</msg>
<arg>${json_data['results'][0]}</arg>
<arg>${key}</arg>
<doc>Fails if ``key`` is not found from ``dictionary``.</doc>
<status status="PASS" start="2024-06-07T07:13:47.087857" elapsed="0.000455"/>
</kw>
<kw name="Log" owner="BuiltIn">
<msg time="2024-06-07T07:13:47.088992" level="INFO">{'gender': 'male', 'name': {'title': 'Mr', 'first': 'Tarak', 'last': 'Hiremath'}, 'location': {'street': {'number': 8729, 'name': 'Bhavani Peth'}, 'city': 'Mangalore', 'state': 'Rajasthan', 'country': 'India', 'postcode': 16802, 'coordinates': {'latitude': '7.4076', 'longitude': '-163.1446'}, 'timezone': {'offset': '-6:00', 'description': 'Central Time (US &amp; Canada), Mexico City'}}, 'email': 'tarak.hiremath@example.com', 'login': {'uuid': 'e53d19c1-6ee8-4874-9f98-a08094f00eab', 'username': 'purpleleopard714', 'password': 'zachary1', 'salt': 'z64IGEqe', 'md5': '1d33cbedee905f6ddee9fb537e0813cb', 'sha1': 'cbd9bee01ea5e159439fc90e9d2f0bbe2dae0e25', 'sha256': '7118400b482ba8ac8923119185fdf28225718a653861d6ad008887f55f099ef2'}, 'dob': {'date': '1945-02-09T19:54:08.703Z', 'age': 79}, 'registered': {'date': '2013-02-19T19:21:01.184Z', 'age': 11}, 'phone': '8390096638', 'cell': '9070766292', 'id': {'name': 'UIDAI', 'value': '925349888723'}, 'picture': {'large': 'https://randomuser.me/api/portraits/men/3.jpg', 'medium': 'https://randomuser.me/api/portraits/med/men/3.jpg', 'thumbnail': 'https://randomuser.me/api/portraits/thumb/men/3.jpg'}, 'nat': 'IN'}</msg>
<arg>${json_data['results'][0]}</arg>
<doc>Logs the given message with the given level.</doc>
<status status="PASS" start="2024-06-07T07:13:47.088618" elapsed="0.000425"/>
</kw>
<kw name="Log" owner="BuiltIn">
<msg time="2024-06-07T07:13:47.089483" level="INFO">gender</msg>
<arg>${key}</arg>
<doc>Logs the given message with the given level.</doc>
<status status="PASS" start="2024-06-07T07:13:47.089344" elapsed="0.000177"/>
</kw>
<var name="${key}">gender</var>
<status status="PASS" start="2024-06-07T07:13:47.087724" elapsed="0.002016"/>
</iter>
<iter>
<kw name="Dictionary Should Contain Key" owner="Collections">
<msg time="2024-06-07T07:13:47.090438" level="INFO">False</msg>
<arg>${json_data['results'][0]}</arg>
<arg>${key}</arg>
<doc>Fails if ``key`` is not found from ``dictionary``.</doc>
<status status="PASS" start="2024-06-07T07:13:47.090050" elapsed="0.000426"/>
</kw>
<kw name="Log" owner="BuiltIn">
<msg time="2024-06-07T07:13:47.091171" level="INFO">{'gender': 'male', 'name': {'title': 'Mr', 'first': 'Tarak', 'last': 'Hiremath'}, 'location': {'street': {'number': 8729, 'name': 'Bhavani Peth'}, 'city': 'Mangalore', 'state': 'Rajasthan', 'country': 'India', 'postcode': 16802, 'coordinates': {'latitude': '7.4076', 'longitude': '-163.1446'}, 'timezone': {'offset': '-6:00', 'description': 'Central Time (US &amp; Canada), Mexico City'}}, 'email': 'tarak.hiremath@example.com', 'login': {'uuid': 'e53d19c1-6ee8-4874-9f98-a08094f00eab', 'username': 'purpleleopard714', 'password': 'zachary1', 'salt': 'z64IGEqe', 'md5': '1d33cbedee905f6ddee9fb537e0813cb', 'sha1': 'cbd9bee01ea5e159439fc90e9d2f0bbe2dae0e25', 'sha256': '7118400b482ba8ac8923119185fdf28225718a653861d6ad008887f55f099ef2'}, 'dob': {'date': '1945-02-09T19:54:08.703Z', 'age': 79}, 'registered': {'date': '2013-02-19T19:21:01.184Z', 'age': 11}, 'phone': '8390096638', 'cell': '9070766292', 'id': {'name': 'UIDAI', 'value': '925349888723'}, 'picture': {'large': 'https://randomuser.me/api/portraits/men/3.jpg', 'medium': 'https://randomuser.me/api/portraits/med/men/3.jpg', 'thumbnail': 'https://randomuser.me/api/portraits/thumb/men/3.jpg'}, 'nat': 'IN'}</msg>
<arg>${json_data['results'][0]}</arg>
<doc>Logs the given message with the given level.</doc>
<status status="PASS" start="2024-06-07T07:13:47.090804" elapsed="0.000428"/>
</kw>
<kw name="Log" owner="BuiltIn">
<msg time="2024-06-07T07:13:47.091723" level="INFO">name</msg>
<arg>${key}</arg>
<doc>Logs the given message with the given level.</doc>
<status status="PASS" start="2024-06-07T07:13:47.091591" elapsed="0.000170"/>
</kw>
<var name="${key}">name</var>
<status status="PASS" start="2024-06-07T07:13:47.089930" elapsed="0.002048"/>
</iter>
<iter>
<kw name="Dictionary Should Contain Key" owner="Collections">
<msg time="2024-06-07T07:13:47.092650" level="INFO">False</msg>
<arg>${json_data['results'][0]}</arg>
<arg>${key}</arg>
<doc>Fails if ``key`` is not found from ``dictionary``.</doc>
<status status="PASS" start="2024-06-07T07:13:47.092271" elapsed="0.000417"/>
</kw>
<kw name="Log" owner="BuiltIn">
<msg time="2024-06-07T07:13:47.093344" level="INFO">{'gender': 'male', 'name': {'title': 'Mr', 'first': 'Tarak', 'last': 'Hiremath'}, 'location': {'street': {'number': 8729, 'name': 'Bhavani Peth'}, 'city': 'Mangalore', 'state': 'Rajasthan', 'country': 'India', 'postcode': 16802, 'coordinates': {'latitude': '7.4076', 'longitude': '-163.1446'}, 'timezone': {'offset': '-6:00', 'description': 'Central Time (US &amp; Canada), Mexico City'}}, 'email': 'tarak.hiremath@example.com', 'login': {'uuid': 'e53d19c1-6ee8-4874-9f98-a08094f00eab', 'username': 'purpleleopard714', 'password': 'zachary1', 'salt': 'z64IGEqe', 'md5': '1d33cbedee905f6ddee9fb537e0813cb', 'sha1': 'cbd9bee01ea5e159439fc90e9d2f0bbe2dae0e25', 'sha256': '7118400b482ba8ac8923119185fdf28225718a653861d6ad008887f55f099ef2'}, 'dob': {'date': '1945-02-09T19:54:08.703Z', 'age': 79}, 'registered': {'date': '2013-02-19T19:21:01.184Z', 'age': 11}, 'phone': '8390096638', 'cell': '9070766292', 'id': {'name': 'UIDAI', 'value': '925349888723'}, 'picture': {'large': 'https://randomuser.me/api/portraits/men/3.jpg', 'medium': 'https://randomuser.me/api/portraits/med/men/3.jpg', 'thumbnail': 'https://randomuser.me/api/portraits/thumb/men/3.jpg'}, 'nat': 'IN'}</msg>
<arg>${json_data['results'][0]}</arg>
<doc>Logs the given message with the given level.</doc>
<status status="PASS" start="2024-06-07T07:13:47.092987" elapsed="0.000406"/>
</kw>
<kw name="Log" owner="BuiltIn">
<msg time="2024-06-07T07:13:47.093827" level="INFO">location</msg>
<arg>${key}</arg>
<doc>Logs the given message with the given level.</doc>
<status status="PASS" start="2024-06-07T07:13:47.093698" elapsed="0.000167"/>
</kw>
<var name="${key}">location</var>
<status status="PASS" start="2024-06-07T07:13:47.092158" elapsed="0.001923"/>
</iter>
<iter>
<kw name="Dictionary Should Contain Key" owner="Collections">
<msg time="2024-06-07T07:13:47.094753" level="INFO">False</msg>
<arg>${json_data['results'][0]}</arg>
<arg>${key}</arg>
<doc>Fails if ``key`` is not found from ``dictionary``.</doc>
<status status="PASS" start="2024-06-07T07:13:47.094371" elapsed="0.000420"/>
</kw>
<kw name="Log" owner="BuiltIn">
<msg time="2024-06-07T07:13:47.095489" level="INFO">{'gender': 'male', 'name': {'title': 'Mr', 'first': 'Tarak', 'last': 'Hiremath'}, 'location': {'street': {'number': 8729, 'name': 'Bhavani Peth'}, 'city': 'Mangalore', 'state': 'Rajasthan', 'country': 'India', 'postcode': 16802, 'coordinates': {'latitude': '7.4076', 'longitude': '-163.1446'}, 'timezone': {'offset': '-6:00', 'description': 'Central Time (US &amp; Canada), Mexico City'}}, 'email': 'tarak.hiremath@example.com', 'login': {'uuid': 'e53d19c1-6ee8-4874-9f98-a08094f00eab', 'username': 'purpleleopard714', 'password': 'zachary1', 'salt': 'z64IGEqe', 'md5': '1d33cbedee905f6ddee9fb537e0813cb', 'sha1': 'cbd9bee01ea5e159439fc90e9d2f0bbe2dae0e25', 'sha256': '7118400b482ba8ac8923119185fdf28225718a653861d6ad008887f55f099ef2'}, 'dob': {'date': '1945-02-09T19:54:08.703Z', 'age': 79}, 'registered': {'date': '2013-02-19T19:21:01.184Z', 'age': 11}, 'phone': '8390096638', 'cell': '9070766292', 'id': {'name': 'UIDAI', 'value': '925349888723'}, 'picture': {'large': 'https://randomuser.me/api/portraits/men/3.jpg', 'medium': 'https://randomuser.me/api/portraits/med/men/3.jpg', 'thumbnail': 'https://randomuser.me/api/portraits/thumb/men/3.jpg'}, 'nat': 'IN'}</msg>
<arg>${json_data['results'][0]}</arg>
<doc>Logs the given message with the given level.</doc>
<status status="PASS" start="2024-06-07T07:13:47.095087" elapsed="0.000453"/>
</kw>
<kw name="Log" owner="BuiltIn">
<msg time="2024-06-07T07:13:47.095968" level="INFO">email</msg>
<arg>${key}</arg>
<doc>Logs the given message with the given level.</doc>
<status status="PASS" start="2024-06-07T07:13:47.095838" elapsed="0.000173"/>
</kw>
<var name="${key}">email</var>
<status status="PASS" start="2024-06-07T07:13:47.094255" elapsed="0.001986"/>
</iter>
<iter>
<kw name="Dictionary Should Contain Key" owner="Collections">
<msg time="2024-06-07T07:13:47.096916" level="INFO">False</msg>
<arg>${json_data['results'][0]}</arg>
<arg>${key}</arg>
<doc>Fails if ``key`` is not found from ``dictionary``.</doc>
<status status="PASS" start="2024-06-07T07:13:47.096528" elapsed="0.000426"/>
</kw>
<kw name="Log" owner="BuiltIn">
<msg time="2024-06-07T07:13:47.097625" level="INFO">{'gender': 'male', 'name': {'title': 'Mr', 'first': 'Tarak', 'last': 'Hiremath'}, 'location': {'street': {'number': 8729, 'name': 'Bhavani Peth'}, 'city': 'Mangalore', 'state': 'Rajasthan', 'country': 'India', 'postcode': 16802, 'coordinates': {'latitude': '7.4076', 'longitude': '-163.1446'}, 'timezone': {'offset': '-6:00', 'description': 'Central Time (US &amp; Canada), Mexico City'}}, 'email': 'tarak.hiremath@example.com', 'login': {'uuid': 'e53d19c1-6ee8-4874-9f98-a08094f00eab', 'username': 'purpleleopard714', 'password': 'zachary1', 'salt': 'z64IGEqe', 'md5': '1d33cbedee905f6ddee9fb537e0813cb', 'sha1': 'cbd9bee01ea5e159439fc90e9d2f0bbe2dae0e25', 'sha256': '7118400b482ba8ac8923119185fdf28225718a653861d6ad008887f55f099ef2'}, 'dob': {'date': '1945-02-09T19:54:08.703Z', 'age': 79}, 'registered': {'date': '2013-02-19T19:21:01.184Z', 'age': 11}, 'phone': '8390096638', 'cell': '9070766292', 'id': {'name': 'UIDAI', 'value': '925349888723'}, 'picture': {'large': 'https://randomuser.me/api/portraits/men/3.jpg', 'medium': 'https://randomuser.me/api/portraits/med/men/3.jpg', 'thumbnail': 'https://randomuser.me/api/portraits/thumb/men/3.jpg'}, 'nat': 'IN'}</msg>
<arg>${json_data['results'][0]}</arg>
<doc>Logs the given message with the given level.</doc>
<status status="PASS" start="2024-06-07T07:13:47.097251" elapsed="0.000434"/>
</kw>
<kw name="Log" owner="BuiltIn">
<msg time="2024-06-07T07:13:47.098113" level="INFO">login</msg>
<arg>${key}</arg>
<doc>Logs the given message with the given level.</doc>
<status status="PASS" start="2024-06-07T07:13:47.097982" elapsed="0.000169"/>
</kw>
<var name="${key}">login</var>
<status status="PASS" start="2024-06-07T07:13:47.096415" elapsed="0.001974"/>
</iter>
<var>${key}</var>
<value>@{expected_keys}</value>
<status status="PASS" start="2024-06-07T07:13:47.087522" elapsed="0.010994"/>
</for>
<kw name="Create List" owner="BuiltIn">
<msg time="2024-06-07T07:13:47.098853" level="INFO">${expected_keysTwo} = ['username', 'password']</msg>
<var>${expected_keysTwo}</var>
<arg>username</arg>
<arg>password</arg>
<doc>Returns a list containing given items.</doc>
<status status="PASS" start="2024-06-07T07:13:47.098715" elapsed="0.000161"/>
</kw>
<for flavor="IN">
<iter>
<kw name="Dictionary Should Contain Key" owner="Collections">
<msg time="2024-06-07T07:13:47.099806" level="INFO">False</msg>
<arg>${json_data['results'][0]['login']}</arg>
<arg>${keyTwo}</arg>
<doc>Fails if ``key`` is not found from ``dictionary``.</doc>
<status status="PASS" start="2024-06-07T07:13:47.099409" elapsed="0.000433"/>
</kw>
<kw name="Dictionary Should Contain Key" owner="Collections">
<msg time="2024-06-07T07:13:47.100528" level="INFO">False</msg>
<arg>${json_data['results'][0]['login']}</arg>
<arg>${keyTwo}</arg>
<doc>Fails if ``key`` is not found from ``dictionary``.</doc>
<status status="PASS" start="2024-06-07T07:13:47.100140" elapsed="0.000425"/>
</kw>
<kw name="Log" owner="BuiltIn">
<msg time="2024-06-07T07:13:47.100982" level="INFO">username</msg>
<arg>${keyTwo}</arg>
<doc>Logs the given message with the given level.</doc>
<status status="PASS" start="2024-06-07T07:13:47.100856" elapsed="0.000163"/>
</kw>
<var name="${keyTwo}">username</var>
<status status="PASS" start="2024-06-07T07:13:47.099269" elapsed="0.001961"/>
</iter>
<iter>
<kw name="Dictionary Should Contain Key" owner="Collections">
<msg time="2024-06-07T07:13:47.101894" level="INFO">False</msg>
<arg>${json_data['results'][0]['login']}</arg>
<arg>${keyTwo}</arg>
<doc>Fails if ``key`` is not found from ``dictionary``.</doc>
<status status="PASS" start="2024-06-07T07:13:47.101518" elapsed="0.000413"/>
</kw>
<kw name="Dictionary Should Contain Key" owner="Collections">
<msg time="2024-06-07T07:13:47.102680" level="INFO">False</msg>
<arg>${json_data['results'][0]['login']}</arg>
<arg>${keyTwo}</arg>
<doc>Fails if ``key`` is not found from ``dictionary``.</doc>
<status status="PASS" start="2024-06-07T07:13:47.102222" elapsed="0.000497"/>
</kw>
<kw name="Log" owner="BuiltIn">
<msg time="2024-06-07T07:13:47.103142" level="INFO">password</msg>
<arg>${keyTwo}</arg>
<doc>Logs the given message with the given level.</doc>
<status status="PASS" start="2024-06-07T07:13:47.103014" elapsed="0.000166"/>
</kw>
<var name="${keyTwo}">password</var>
<status status="PASS" start="2024-06-07T07:13:47.101400" elapsed="0.002026"/>
</iter>
<var>${keyTwo}</var>
<value>@{expected_keysTwo}</value>
<status status="PASS" start="2024-06-07T07:13:47.099115" elapsed="0.004450"/>
</for>
<status status="PASS" start="2024-06-07T07:13:46.988615" elapsed="0.115089"/>
</kw>
<doc>Testa a estrutura da resposta da API.</doc>
<tag>testeEstruturaResposta</tag>
<status status="PASS" start="2024-06-07T07:13:46.988115" elapsed="0.115745"/>
</test>
<test id="s1-s1-t4" name="Validar tipos de dados" line="28">
<kw name="Teste de Tipos de Dados" owner="random-user-service">
<kw name="GET On Session" owner="RequestsLibrary">
<msg time="2024-06-07T07:13:47.205666" level="INFO">GET Request : url=https://randomuser.me/api 
 path_url=/api 
 headers={'User-Agent': 'python-requests/2.32.3', 'Accept-Encoding': 'gzip, deflate', 'Accept': '*/*', 'Connection': 'keep-alive'} 
 body=None 
 </msg>
<msg time="2024-06-07T07:13:47.205746" level="INFO">GET Response : url=https://randomuser.me/api 
 status=200, reason=OK 
 headers={'Date': 'Fri, 07 Jun 2024 07:13:47 GMT', 'Content-Type': 'application/json; charset=utf-8', 'Transfer-Encoding': 'chunked', 'Connection': 'keep-alive', 'X-Powered-By': 'Express', 'Access-Control-Allow-Origin': '*', 'Cache-Control': 'no-cache', 'ETag': 'W/"4a2-sl8i0MTQ7pArPP/0dO8aOaQZ7hg"', 'Vary': 'Accept-Encoding', 'Content-Encoding': 'gzip', 'CF-Cache-Status': 'DYNAMIC', 'Report-To': '{"endpoints":[{"url":"https:\\/\\/a.nel.cloudflare.com\\/report\\/v4?s=yazdYf4ZNVzmI%2FbQF0G2bBA6nm%2F6p9xV5KPDqoSPvO%2FhRKO%2BgL7wv8h617M50z%2F3yT%2BRs%2Bxf5JDCriHEvcV3XrjxoIHacBg5NTJpLd1A1VGFX5kO0C0xCulQ2axbQUAN"}],"group":"cf-nel","max_age":604800}', 'NEL': '{"success_fraction":0,"report_to":"cf-nel","max_age":604800}', 'Server': 'cloudflare', 'CF-RAY': '88fed76d6dde20d1-IAD', 'alt-svc': 'h3=":443"; ma=86400'} 
 body={"results":[{"gender":"male","name":{"title":"Mr","first":"Reinhart","last":"Trapp"},"location":{"street":{"number":9609,"name":"Meisenweg"},"city":"Donauwörth","state":"Baden-Württemberg","country":"Germany","postcode":62920,"coordinates":{"latitude":"-52.7852","longitude":"-10.6880"},"timezone":{"offset":"+5:00","description":"Ekaterinburg, Islamabad, Karachi, Tashkent"}},"email":"reinhart.trapp@example.com","login":{"uuid":"ceafa309-764b-4bb4-8750-bb5c6b7a673d","username":"greenbear735","password":"indon","salt":"DzqSRUsc","md5":"dda309b90e8ecd5a2852195c6c889bec","sha1":"63932ce9e4b080ea574eb99864c4ecb5b3a2acd5","sha256":"b7370707eff35a91f0bdfb2d17d5020a2b970d3d248fa1a2f8cbd58dd8701097"},"dob":{"date":"1986-02-18T04:27:02.147Z","age":38},"registered":{"date":"2009-04-08T23:00:55.522Z","age":15},"phone":"0374-6342883","cell":"0170-0780992","id":{"name":"SVNR","value":"63 170286 T 345"},"picture":{"large":"https://randomuser.me/api/portraits/men/77.jpg","medium":"https://randomuser.me/api/portraits/med/men/77.jpg","thumbnail":"https://randomuser.me/api/portraits/thumb/men/77.jpg"},"nat":"DE"}],"info":{"seed":"fe8606dc0c48308c","results":1,"page":1,"version":"1.4"}} 
 </msg>
<msg time="2024-06-07T07:13:47.205822" level="INFO">/opt/hostedtoolcache/Python/3.12.3/x64/lib/python3.12/site-packages/urllib3/connectionpool.py:1103: InsecureRequestWarning: Unverified HTTPS request is being made to host 'randomuser.me'. Adding certificate verification is strongly advised. See: https://urllib3.readthedocs.io/en/latest/advanced-usage.html#tls-warnings
  warnings.warn(</msg>
<msg time="2024-06-07T07:13:47.205926" level="INFO">${response} = &lt;Response [200]&gt;</msg>
<var>${response}</var>
<arg>consultarAPI</arg>
<arg>/api</arg>
<doc>Sends a GET request on a previously created HTTP Session.</doc>
<status status="PASS" start="2024-06-07T07:13:47.106311" elapsed="0.099653"/>
</kw>
<kw name="Set Variable" owner="BuiltIn">
<msg time="2024-06-07T07:13:47.206869" level="INFO">${json_data} = {'results': [{'gender': 'male', 'name': {'title': 'Mr', 'first': 'Reinhart', 'last': 'Trapp'}, 'location': {'street': {'number': 9609, 'name': 'Meisenweg'}, 'city': 'Donauwörth', 'state': 'Baden-Württ...</msg>
<var>${json_data}</var>
<arg>${response.json()}</arg>
<doc>Returns the given values which can then be assigned to a variables.</doc>
<status status="PASS" start="2024-06-07T07:13:47.206386" elapsed="0.000513"/>
</kw>
<kw name="Log" owner="BuiltIn">
<msg time="2024-06-07T07:13:47.207392" level="INFO">{'results': [{'gender': 'male', 'name': {'title': 'Mr', 'first': 'Reinhart', 'last': 'Trapp'}, 'location': {'street': {'number': 9609, 'name': 'Meisenweg'}, 'city': 'Donauwörth', 'state': 'Baden-Württemberg', 'country': 'Germany', 'postcode': 62920, 'coordinates': {'latitude': '-52.7852', 'longitude': '-10.6880'}, 'timezone': {'offset': '+5:00', 'description': 'Ekaterinburg, Islamabad, Karachi, Tashkent'}}, 'email': 'reinhart.trapp@example.com', 'login': {'uuid': 'ceafa309-764b-4bb4-8750-bb5c6b7a673d', 'username': 'greenbear735', 'password': 'indon', 'salt': 'DzqSRUsc', 'md5': 'dda309b90e8ecd5a2852195c6c889bec', 'sha1': '63932ce9e4b080ea574eb99864c4ecb5b3a2acd5', 'sha256': 'b7370707eff35a91f0bdfb2d17d5020a2b970d3d248fa1a2f8cbd58dd8701097'}, 'dob': {'date': '1986-02-18T04:27:02.147Z', 'age': 38}, 'registered': {'date': '2009-04-08T23:00:55.522Z', 'age': 15}, 'phone': '0374-6342883', 'cell': '0170-0780992', 'id': {'name': 'SVNR', 'value': '63 170286 T 345'}, 'picture': {'large': 'https://randomuser.me/api/portraits/men/77.jpg', 'medium': 'https://randomuser.me/api/portraits/med/men/77.jpg', 'thumbnail': 'https://randomuser.me/api/portraits/thumb/men/77.jpg'}, 'nat': 'DE'}], 'info': {'seed': 'fe8606dc0c48308c', 'results': 1, 'page': 1, 'version': '1.4'}}</msg>
<arg>${json_data}</arg>
<doc>Logs the given message with the given level.</doc>
<status status="PASS" start="2024-06-07T07:13:47.207211" elapsed="0.000273"/>
</kw>
<kw name="Should Be String" owner="String">
<arg>${json_data['results'][0]['gender']}</arg>
<doc>Fails if the given ``item`` is not a string.</doc>
<status status="PASS" start="2024-06-07T07:13:47.207793" elapsed="0.000357"/>
</kw>
<kw name="Should Match Regexp" owner="BuiltIn">
<arg>${json_data['results'][0]['email']}</arg>
<arg>^[a-zA-Z0-9._%+-]+@[a-zA-Z0-9.-]+\.[a-zA-Z]{2,}$</arg>
<doc>Fails if ``string`` does not match ``pattern`` as a regular expression.</doc>
<status status="PASS" start="2024-06-07T07:13:47.208343" elapsed="0.000520"/>
</kw>
<kw name="Should Match Regexp" owner="BuiltIn">
<arg>${json_data['results'][0]['dob']['date']}</arg>
<arg>\\d{4}-\\d{2}-\\d{2}T\\d{2}:\\d{2}:\\d{2}\\.\\d{3}Z</arg>
<doc>Fails if ``string`` does not match ``pattern`` as a regular expression.</doc>
<status status="PASS" start="2024-06-07T07:13:47.209060" elapsed="0.000483"/>
</kw>
<kw name="Should Match Regexp" owner="BuiltIn">
<arg>${json_data['results'][0]['registered']['date']}</arg>
<arg>\\d{4}-\\d{2}-\\d{2}T\\d{2}:\\d{2}:\\d{2}\\.\\d{3}Z</arg>
<doc>Fails if ``string`` does not match ``pattern`` as a regular expression.</doc>
<status status="PASS" start="2024-06-07T07:13:47.209736" elapsed="0.000365"/>
</kw>
<kw name="Should Match Regexp" owner="BuiltIn">
<arg>${json_data['results'][0]['picture']['large']}</arg>
<arg>^https?://.*\.(?:png|jpe?g|gif|bmp)$</arg>
<doc>Fails if ``string`` does not match ``pattern`` as a regular expression.</doc>
<status status="PASS" start="2024-06-07T07:13:47.210304" elapsed="0.000465"/>
</kw>
<kw name="Should Match Regexp" owner="BuiltIn">
<arg>${json_data['results'][0]['picture']['medium']}</arg>
<arg>^https?://.*\.(?:png|jpe?g|gif|bmp)$</arg>
<doc>Fails if ``string`` does not match ``pattern`` as a regular expression.</doc>
<status status="PASS" start="2024-06-07T07:13:47.210962" elapsed="0.000362"/>
</kw>
<kw name="Should Match Regexp" owner="BuiltIn">
<arg>${json_data['results'][0]['picture']['thumbnail']}</arg>
<arg>^https?://.*\.(?:png|jpe?g|gif|bmp)$</arg>
<doc>Fails if ``string`` does not match ``pattern`` as a regular expression.</doc>
<status status="PASS" start="2024-06-07T07:13:47.211559" elapsed="0.000352"/>
</kw>
<kw name="Log" owner="BuiltIn">
<msg time="2024-06-07T07:13:47.212435" level="INFO">{'large': 'https://randomuser.me/api/portraits/men/77.jpg', 'medium': 'https://randomuser.me/api/portraits/med/men/77.jpg', 'thumbnail': 'https://randomuser.me/api/portraits/thumb/men/77.jpg'}</msg>
<arg>${json_data['results'][0]['picture']}</arg>
<doc>Logs the given message with the given level.</doc>
<status status="PASS" start="2024-06-07T07:13:47.212108" elapsed="0.000371"/>
</kw>
<status status="PASS" start="2024-06-07T07:13:47.106082" elapsed="0.106650"/>
</kw>
<kw name="Teste de Tipos de Dados - Postcode" owner="random-user-service">
<kw name="GET On Session" owner="RequestsLibrary">
<msg time="2024-06-07T07:13:47.293943" level="INFO">GET Request : url=https://randomuser.me/api 
 path_url=/api 
 headers={'User-Agent': 'python-requests/2.32.3', 'Accept-Encoding': 'gzip, deflate', 'Accept': '*/*', 'Connection': 'keep-alive'} 
 body=None 
 </msg>
<msg time="2024-06-07T07:13:47.294035" level="INFO">GET Response : url=https://randomuser.me/api 
 status=200, reason=OK 
 headers={'Date': 'Fri, 07 Jun 2024 07:13:47 GMT', 'Content-Type': 'application/json; charset=utf-8', 'Transfer-Encoding': 'chunked', 'Connection': 'keep-alive', 'X-Powered-By': 'Express', 'Access-Control-Allow-Origin': '*', 'Cache-Control': 'no-cache', 'ETag': 'W/"488-GXXHEKeMNW+UssNS0wj2Fz1lyEs"', 'Vary': 'Accept-Encoding', 'Content-Encoding': 'gzip', 'CF-Cache-Status': 'DYNAMIC', 'Report-To': '{"endpoints":[{"url":"https:\\/\\/a.nel.cloudflare.com\\/report\\/v4?s=2lSjRhC8smNZ6gO1oFtuM3%2FOC%2BJKlSQUUDZsh5EFBGWi1vVMNGnRyaFvT%2BmGc42BnII30qTNe22QW2ZXgF7RVAlj%2Fc75fM7JW8tDw0dj9jewjmWD1wLYlG5HpGlI3a7P"}],"group":"cf-nel","max_age":604800}', 'NEL': '{"success_fraction":0,"report_to":"cf-nel","max_age":604800}', 'Server': 'cloudflare', 'CF-RAY': '88fed76e1e7720d1-IAD', 'alt-svc': 'h3=":443"; ma=86400'} 
 body={"results":[{"gender":"male","name":{"title":"Mr","first":"Anton","last":"Mortensen"},"location":{"street":{"number":5574,"name":"Klintevej"},"city":"Askeby","state":"Syddanmark","country":"Denmark","postcode":50269,"coordinates":{"latitude":"-41.7296","longitude":"-95.8661"},"timezone":{"offset":"-4:00","description":"Atlantic Time (Canada), Caracas, La Paz"}},"email":"anton.mortensen@example.com","login":{"uuid":"184861e7-e606-4b2e-b117-be8d11bcb4c5","username":"bigladybug721","password":"bbbbb","salt":"4zazRl7D","md5":"f90864b6f673b2d1a47fb67578cdfecd","sha1":"e1bb3c188f1fdd284d2b2e8c9bee4c910d940f2d","sha256":"9a953a8bea64ea878016ff53b2f429efbc28557f1cd2a6e1e04b9e76c99e3229"},"dob":{"date":"1997-03-14T19:47:30.961Z","age":27},"registered":{"date":"2012-05-15T23:14:36.991Z","age":12},"phone":"01677273","cell":"21074492","id":{"name":"CPR","value":"140397-0425"},"picture":{"large":"https://randomuser.me/api/portraits/men/83.jpg","medium":"https://randomuser.me/api/portraits/med/men/83.jpg","thumbnail":"https://randomuser.me/api/portraits/thumb/men/83.jpg"},"nat":"DK"}],"info":{"seed":"6d310d868ac66fc6","results":1,"page":1,"version":"1.4"}} 
 </msg>
<msg time="2024-06-07T07:13:47.294130" level="INFO">/opt/hostedtoolcache/Python/3.12.3/x64/lib/python3.12/site-packages/urllib3/connectionpool.py:1103: InsecureRequestWarning: Unverified HTTPS request is being made to host 'randomuser.me'. Adding certificate verification is strongly advised. See: https://urllib3.readthedocs.io/en/latest/advanced-usage.html#tls-warnings
  warnings.warn(</msg>
<msg time="2024-06-07T07:13:47.294248" level="INFO">${response} = &lt;Response [200]&gt;</msg>
<var>${response}</var>
<arg>consultarAPI</arg>
<arg>/api</arg>
<doc>Sends a GET request on a previously created HTTP Session.</doc>
<status status="PASS" start="2024-06-07T07:13:47.213185" elapsed="0.081099"/>
</kw>
<kw name="Set Variable" owner="BuiltIn">
<msg time="2024-06-07T07:13:47.295212" level="INFO">${json_data} = {'results': [{'gender': 'male', 'name': {'title': 'Mr', 'first': 'Anton', 'last': 'Mortensen'}, 'location': {'street': {'number': 5574, 'name': 'Klintevej'}, 'city': 'Askeby', 'state': 'Syddanmark', '...</msg>
<var>${json_data}</var>
<arg>${response.json()}</arg>
<doc>Returns the given values which can then be assigned to a variables.</doc>
<status status="PASS" start="2024-06-07T07:13:47.294726" elapsed="0.000515"/>
</kw>
<kw name="Log" owner="BuiltIn">
<msg time="2024-06-07T07:13:47.295750" level="INFO">{'results': [{'gender': 'male', 'name': {'title': 'Mr', 'first': 'Anton', 'last': 'Mortensen'}, 'location': {'street': {'number': 5574, 'name': 'Klintevej'}, 'city': 'Askeby', 'state': 'Syddanmark', 'country': 'Denmark', 'postcode': 50269, 'coordinates': {'latitude': '-41.7296', 'longitude': '-95.8661'}, 'timezone': {'offset': '-4:00', 'description': 'Atlantic Time (Canada), Caracas, La Paz'}}, 'email': 'anton.mortensen@example.com', 'login': {'uuid': '184861e7-e606-4b2e-b117-be8d11bcb4c5', 'username': 'bigladybug721', 'password': 'bbbbb', 'salt': '4zazRl7D', 'md5': 'f90864b6f673b2d1a47fb67578cdfecd', 'sha1': 'e1bb3c188f1fdd284d2b2e8c9bee4c910d940f2d', 'sha256': '9a953a8bea64ea878016ff53b2f429efbc28557f1cd2a6e1e04b9e76c99e3229'}, 'dob': {'date': '1997-03-14T19:47:30.961Z', 'age': 27}, 'registered': {'date': '2012-05-15T23:14:36.991Z', 'age': 12}, 'phone': '01677273', 'cell': '21074492', 'id': {'name': 'CPR', 'value': '140397-0425'}, 'picture': {'large': 'https://randomuser.me/api/portraits/men/83.jpg', 'medium': 'https://randomuser.me/api/portraits/med/men/83.jpg', 'thumbnail': 'https://randomuser.me/api/portraits/thumb/men/83.jpg'}, 'nat': 'DK'}], 'info': {'seed': '6d310d868ac66fc6', 'results': 1, 'page': 1, 'version': '1.4'}}</msg>
<arg>${json_data}</arg>
<doc>Logs the given message with the given level.</doc>
<status status="PASS" start="2024-06-07T07:13:47.295595" elapsed="0.000236"/>
</kw>
<kw name="Should Be Equal As Numbers" owner="BuiltIn">
<arg>${json_data['results'][0]['location']['postcode']}</arg>
<arg>${json_data['results'][0]['location']['postcode']}</arg>
<doc>Fails if objects are unequal after converting them to real numbers.</doc>
<status status="PASS" start="2024-06-07T07:13:47.296143" elapsed="0.000780"/>
</kw>
<kw name="Log" owner="BuiltIn">
<msg time="2024-06-07T07:13:47.297459" level="INFO">50269</msg>
<arg>${json_data['results'][0]['location']['postcode']}</arg>
<doc>Logs the given message with the given level.</doc>
<status status="PASS" start="2024-06-07T07:13:47.297122" elapsed="0.000378"/>
</kw>
<status status="PASS" start="2024-06-07T07:13:47.212956" elapsed="0.084800"/>
</kw>
<doc>Testa se os tipos de dados na resposta da API estão corretos.</doc>
<tag>testeTiposDados</tag>
<status status="PASS" start="2024-06-07T07:13:47.105626" elapsed="0.192298"/>
</test>
<test id="s1-s1-t5" name="Validar conteudo" line="35">
<kw name="Teste de Tipos de Conteudo" owner="random-user-service">
<kw name="GET On Session" owner="RequestsLibrary">
<msg time="2024-06-07T07:13:47.382237" level="INFO">GET Request : url=https://randomuser.me/api 
 path_url=/api 
 headers={'User-Agent': 'python-requests/2.32.3', 'Accept-Encoding': 'gzip, deflate', 'Accept': '*/*', 'Connection': 'keep-alive'} 
 body=None 
 </msg>
<msg time="2024-06-07T07:13:47.382330" level="INFO">GET Response : url=https://randomuser.me/api 
 status=200, reason=OK 
 headers={'Date': 'Fri, 07 Jun 2024 07:13:47 GMT', 'Content-Type': 'application/json; charset=utf-8', 'Transfer-Encoding': 'chunked', 'Connection': 'keep-alive', 'X-Powered-By': 'Express', 'Access-Control-Allow-Origin': '*', 'Cache-Control': 'no-cache', 'ETag': 'W/"490-e8/P+RlM8i/A2m0UxZRPMxK+Zq8"', 'Vary': 'Accept-Encoding', 'Content-Encoding': 'gzip', 'CF-Cache-Status': 'DYNAMIC', 'Report-To': '{"endpoints":[{"url":"https:\\/\\/a.nel.cloudflare.com\\/report\\/v4?s=oZKscXtB250RIPg4j%2BRTHuy7H2QDBJ%2BxW1RKDqWMcsH4CZOWDpql9LqnTw%2FkXQdWG5KbEtxtsUqT8ZdGT3KpbXbV6y%2FRuMY3FrG6rkI0tfLZ0qhlVd2O9Fas6bjZxKZH"}],"group":"cf-nel","max_age":604800}', 'NEL': '{"success_fraction":0,"report_to":"cf-nel","max_age":604800}', 'Server': 'cloudflare', 'CF-RAY': '88fed76eaeea20d1-IAD', 'alt-svc': 'h3=":443"; ma=86400'} 
 body={"results":[{"gender":"female","name":{"title":"Mrs","first":"Eline","last":"Ramsland"},"location":{"street":{"number":4676,"name":"Holmenveien"},"city":"Rosendal","state":"Trøndelag","country":"Norway","postcode":"2133","coordinates":{"latitude":"40.8692","longitude":"70.7736"},"timezone":{"offset":"+9:00","description":"Tokyo, Seoul, Osaka, Sapporo, Yakutsk"}},"email":"eline.ramsland@example.com","login":{"uuid":"3aae75ad-d6d4-412e-85bf-45338a5a962e","username":"yellowfrog405","password":"readers","salt":"BZqfl6Vu","md5":"807b10943044b35a0ac1ea2ad33a76bd","sha1":"99a084e141d43b2e8f8e5c06ba3f83172174d52f","sha256":"33eb7d955bde9d66491570e2c962bfe96bf158d2a50dfed941b68962660b1ea0"},"dob":{"date":"1956-01-10T14:25:37.326Z","age":68},"registered":{"date":"2007-02-08T11:47:33.030Z","age":17},"phone":"73654194","cell":"90232445","id":{"name":"FN","value":"10015607268"},"picture":{"large":"https://randomuser.me/api/portraits/women/51.jpg","medium":"https://randomuser.me/api/portraits/med/women/51.jpg","thumbnail":"https://randomuser.me/api/portraits/thumb/women/51.jpg"},"nat":"NO"}],"info":{"seed":"2f46981eb11726d8","results":1,"page":1,"version":"1.4"}} 
 </msg>
<msg time="2024-06-07T07:13:47.382408" level="INFO">/opt/hostedtoolcache/Python/3.12.3/x64/lib/python3.12/site-packages/urllib3/connectionpool.py:1103: InsecureRequestWarning: Unverified HTTPS request is being made to host 'randomuser.me'. Adding certificate verification is strongly advised. See: https://urllib3.readthedocs.io/en/latest/advanced-usage.html#tls-warnings
  warnings.warn(</msg>
<msg time="2024-06-07T07:13:47.382516" level="INFO">${response} = &lt;Response [200]&gt;</msg>
<var>${response}</var>
<arg>consultarAPI</arg>
<arg>/api</arg>
<doc>Sends a GET request on a previously created HTTP Session.</doc>
<status status="PASS" start="2024-06-07T07:13:47.300728" elapsed="0.081828"/>
</kw>
<kw name="Set Variable" owner="BuiltIn">
<msg time="2024-06-07T07:13:47.383508" level="INFO">${json_data} = {'results': [{'gender': 'female', 'name': {'title': 'Mrs', 'first': 'Eline', 'last': 'Ramsland'}, 'location': {'street': {'number': 4676, 'name': 'Holmenveien'}, 'city': 'Rosendal', 'state': 'Trøndela...</msg>
<var>${json_data}</var>
<arg>${response.json()}</arg>
<doc>Returns the given values which can then be assigned to a variables.</doc>
<status status="PASS" start="2024-06-07T07:13:47.382989" elapsed="0.000551"/>
</kw>
<kw name="Set Variable" owner="BuiltIn">
<msg time="2024-06-07T07:13:47.384264" level="INFO">${name_title} = Mrs</msg>
<var>${name_title}</var>
<arg>${json_data["results"][0]["name"]["title"]}</arg>
<doc>Returns the given values which can then be assigned to a variables.</doc>
<status status="PASS" start="2024-06-07T07:13:47.383866" elapsed="0.000425"/>
</kw>
<kw name="Create List" owner="BuiltIn">
<msg time="2024-06-07T07:13:47.384757" level="INFO">${allowed_titles} = ['Mr', 'Ms', 'Miss', 'Mrs', 'Madame', 'Monsieur']</msg>
<var>${allowed_titles}</var>
<arg>Mr</arg>
<arg>Ms</arg>
<arg>Miss</arg>
<arg>Mrs</arg>
<arg>Madame</arg>
<arg>Monsieur</arg>
<doc>Returns a list containing given items.</doc>
<status status="PASS" start="2024-06-07T07:13:47.384604" elapsed="0.000187"/>
</kw>
<kw name="List Should Contain Value" owner="Collections">
<msg time="2024-06-07T07:13:47.385279" level="INFO">False</msg>
<arg>${allowed_titles}</arg>
<arg>${name_title}</arg>
<doc>Fails if the ``value`` is not found from ``list``.</doc>
<status status="PASS" start="2024-06-07T07:13:47.385101" elapsed="0.000215"/>
</kw>
<kw name="Set Variable" owner="BuiltIn">
<msg time="2024-06-07T07:13:47.386004" level="INFO">${name_country} = NO</msg>
<var>${name_country}</var>
<arg>${json_data["results"][0]["nat"]}</arg>
<doc>Returns the given values which can then be assigned to a variables.</doc>
<status status="PASS" start="2024-06-07T07:13:47.385624" elapsed="0.000406"/>
</kw>
<kw name="Create List" owner="BuiltIn">
<msg time="2024-06-07T07:13:47.386936" level="INFO">${list_country} = ['AD', 'AE', 'AF', 'AG', 'AI', 'AL', 'AM', 'AO', 'AQ', 'AR', 'AS', 'AT', 'AU', 'AW', 'AX', 'AZ', 'BA', 'BB', 'BD', 'BE', 'BF', 'BG', 'BH', 'BI', 'BJ', 'BL', 'BM', 'BN', 'BO', 'BQ', 'BR', 'BS', 'BT', '...</msg>
<var>${list_country}</var>
<arg>AD</arg>
<arg>AE</arg>
<arg>AF</arg>
<arg>AG</arg>
<arg>AI</arg>
<arg>AL</arg>
<arg>AM</arg>
<arg>AO</arg>
<arg>AQ</arg>
<arg>AR</arg>
<arg>AS</arg>
<arg>AT</arg>
<arg>AU</arg>
<arg>AW</arg>
<arg>AX</arg>
<arg>AZ</arg>
<arg>BA</arg>
<arg>BB</arg>
<arg>BD</arg>
<arg>BE</arg>
<arg>BF</arg>
<arg>BG</arg>
<arg>BH</arg>
<arg>BI</arg>
<arg>BJ</arg>
<arg>BL</arg>
<arg>BM</arg>
<arg>BN</arg>
<arg>BO</arg>
<arg>BQ</arg>
<arg>BR</arg>
<arg>BS</arg>
<arg>BT</arg>
<arg>BV</arg>
<arg>BW</arg>
<arg>BY</arg>
<arg>BZ</arg>
<arg>CA</arg>
<arg>CC</arg>
<arg>CD</arg>
<arg>CF</arg>
<arg>CG</arg>
<arg>CH</arg>
<arg>CI</arg>
<arg>CK</arg>
<arg>CL</arg>
<arg>CM</arg>
<arg>CN</arg>
<arg>CO</arg>
<arg>CR</arg>
<arg>CU</arg>
<arg>CV</arg>
<arg>CW</arg>
<arg>CX</arg>
<arg>CY</arg>
<arg>CZ</arg>
<arg>DE</arg>
<arg>DJ</arg>
<arg>DK</arg>
<arg>DM</arg>
<arg>DO</arg>
<arg>DZ</arg>
<arg>EC</arg>
<arg>EE</arg>
<arg>EG</arg>
<arg>EH</arg>
<arg>ER</arg>
<arg>ES</arg>
<arg>ET</arg>
<arg>FI</arg>
<arg>FJ</arg>
<arg>FK</arg>
<arg>FM</arg>
<arg>FO</arg>
<arg>FR</arg>
<arg>GA</arg>
<arg>GB</arg>
<arg>GD</arg>
<arg>GE</arg>
<arg>GF</arg>
<arg>GG</arg>
<arg>GH</arg>
<arg>GI</arg>
<arg>GL</arg>
<arg>GM</arg>
<arg>GN</arg>
<arg>GP</arg>
<arg>GQ</arg>
<arg>GR</arg>
<arg>GS</arg>
<arg>GT</arg>
<arg>GU</arg>
<arg>GW</arg>
<arg>GY</arg>
<arg>HK</arg>
<arg>HM</arg>
<arg>HN</arg>
<arg>HR</arg>
<arg>HT</arg>
<arg>HU</arg>
<arg>ID</arg>
<arg>IE</arg>
<arg>IL</arg>
<arg>IM</arg>
<arg>IN</arg>
<arg>IO</arg>
<arg>IQ</arg>
<arg>IR</arg>
<arg>IS</arg>
<arg>IT</arg>
<arg>JE</arg>
<arg>JM</arg>
<arg>JO</arg>
<arg>JP</arg>
<arg>KE</arg>
<arg>KG</arg>
<arg>KH</arg>
<arg>KI</arg>
<arg>KM</arg>
<arg>KN</arg>
<arg>KP</arg>
<arg>KR</arg>
<arg>KW</arg>
<arg>KY</arg>
<arg>KZ</arg>
<arg>LA</arg>
<arg>LB</arg>
<arg>LC</arg>
<arg>LI</arg>
<arg>LK</arg>
<arg>LR</arg>
<arg>LS</arg>
<arg>LT</arg>
<arg>LU</arg>
<arg>LV</arg>
<arg>LY</arg>
<arg>MA</arg>
<arg>MC</arg>
<arg>MD</arg>
<arg>ME</arg>
<arg>MF</arg>
<arg>MG</arg>
<arg>MH</arg>
<arg>MK</arg>
<arg>ML</arg>
<arg>MM</arg>
<arg>MN</arg>
<arg>MO</arg>
<arg>MP</arg>
<arg>MQ</arg>
<arg>MR</arg>
<arg>MS</arg>
<arg>MT</arg>
<arg>MU</arg>
<arg>MV</arg>
<arg>MW</arg>
<arg>MX</arg>
<arg>MY</arg>
<arg>MZ</arg>
<arg>NA</arg>
<arg>NC</arg>
<arg>NE</arg>
<arg>NF</arg>
<arg>NG</arg>
<arg>NI</arg>
<arg>NL</arg>
<arg>NO</arg>
<arg>NP</arg>
<arg>NR</arg>
<arg>NU</arg>
<arg>NZ</arg>
<arg>OM</arg>
<arg>PA</arg>
<arg>PE</arg>
<arg>PF</arg>
<arg>PG</arg>
<arg>PH</arg>
<arg>PK</arg>
<arg>PL</arg>
<arg>PM</arg>
<arg>PN</arg>
<arg>PR</arg>
<arg>PS</arg>
<arg>PT</arg>
<arg>PW</arg>
<arg>PY</arg>
<arg>QA</arg>
<arg>RE</arg>
<arg>RO</arg>
<arg>RS</arg>
<arg>RU</arg>
<arg>RW</arg>
<arg>SA</arg>
<arg>SB</arg>
<arg>SC</arg>
<arg>SD</arg>
<arg>SE</arg>
<arg>SG</arg>
<arg>SH</arg>
<arg>SI</arg>
<arg>SJ</arg>
<arg>SK</arg>
<arg>SL</arg>
<arg>SM</arg>
<arg>SN</arg>
<arg>SO</arg>
<arg>SR</arg>
<arg>SS</arg>
<arg>ST</arg>
<arg>SV</arg>
<arg>SX</arg>
<arg>SY</arg>
<arg>SZ</arg>
<arg>TC</arg>
<arg>TD</arg>
<arg>TF</arg>
<arg>TG</arg>
<arg>TH</arg>
<arg>TJ</arg>
<arg>TK</arg>
<arg>TL</arg>
<arg>TM</arg>
<arg>TN</arg>
<arg>TO</arg>
<arg>TR</arg>
<arg>TT</arg>
<arg>TV</arg>
<arg>TW</arg>
<arg>TZ</arg>
<arg>UA</arg>
<arg>UG</arg>
<arg>UM</arg>
<arg>US</arg>
<arg>UY</arg>
<arg>UZ</arg>
<arg>VA</arg>
<arg>VC</arg>
<arg>VE</arg>
<arg>VG</arg>
<arg>VI</arg>
<arg>VN</arg>
<arg>VU</arg>
<arg>WF</arg>
<arg>WS</arg>
<arg>XK</arg>
<arg>YE</arg>
<arg>YT</arg>
<arg>ZA</arg>
<arg>ZM</arg>
<arg>ZW</arg>
<doc>Returns a list containing given items.</doc>
<status status="PASS" start="2024-06-07T07:13:47.386338" elapsed="0.000625"/>
</kw>
<kw name="List Should Contain Value" owner="Collections">
<msg time="2024-06-07T07:13:47.388003" level="INFO">False</msg>
<arg>${list_country}</arg>
<arg>${name_country}</arg>
<doc>Fails if the ``value`` is not found from ``list``.</doc>
<status status="PASS" start="2024-06-07T07:13:47.387788" elapsed="0.000260"/>
</kw>
<kw name="Run Keyword If" owner="BuiltIn">
<kw name="Should Be True" owner="BuiltIn">
<arg>${True}</arg>
<doc>Fails if the given condition is not true.</doc>
<status status="PASS" start="2024-06-07T07:13:47.389114" elapsed="0.000144"/>
</kw>
<arg>${json_data["results"][0]["location"]["coordinates"]["latitude"]} &gt;= -90 and ${json_data["results"][0]["location"]["coordinates"]["latitude"]} &lt;= 90</arg>
<arg>Should Be True</arg>
<arg>${True}</arg>
<doc>Runs the given keyword with the given arguments, if ``condition`` is true.</doc>
<status status="PASS" start="2024-06-07T07:13:47.388371" elapsed="0.001016"/>
</kw>
<kw name="Run Keyword If" owner="BuiltIn">
<kw name="Should Be True" owner="BuiltIn">
<arg>${True}</arg>
<doc>Fails if the given condition is not true.</doc>
<status status="PASS" start="2024-06-07T07:13:47.390280" elapsed="0.000259"/>
</kw>
<arg>${json_data["results"][0]["location"]["coordinates"]["longitude"]} &gt;= -180 and ${json_data["results"][0]["location"]["coordinates"]["longitude"]} &lt;= 180</arg>
<arg>Should Be True</arg>
<arg>${True}</arg>
<doc>Runs the given keyword with the given arguments, if ``condition`` is true.</doc>
<status status="PASS" start="2024-06-07T07:13:47.389581" elapsed="0.001088"/>
</kw>
<status status="PASS" start="2024-06-07T07:13:47.300346" elapsed="0.090457"/>
</kw>
<doc>Testa o conteúdo específico dos campos retornados pela API.</doc>
<tag>testeConteudo</tag>
<status status="PASS" start="2024-06-07T07:13:47.299703" elapsed="0.091253"/>
</test>
<status status="PASS" start="2024-06-07T07:13:46.546032" elapsed="0.846887"/>
</suite>
<status status="PASS" start="2024-06-07T07:13:46.532477" elapsed="0.865625"/>
</suite>
<statistics>
<total>
<stat pass="5" fail="0" skip="0">All Tests</stat>
</total>
<tag>
<stat pass="1" fail="0" skip="0">testeConteudo</stat>
<stat pass="1" fail="0" skip="0">testeEstruturaResposta</stat>
<stat pass="1" fail="0" skip="0">testeRequisicaoBasica</stat>
<stat pass="1" fail="0" skip="0">testeTiposDados</stat>
</tag>
<suite>
<stat pass="5" fail="0" skip="0" id="s1" name="Tests">Tests</stat>
<stat pass="5" fail="0" skip="0" id="s1-s1" name="Random-User-Test">Tests.Random-User-Test</stat>
</suite>
</statistics>
<errors>
</errors>
</robot>
