<?xml version="1.0" encoding="UTF-8"?>
<robot generator="Robot 7.0.1 (Python 3.12.4 on linux)" generated="2024-07-05T01:06:20.082761" rpa="false" schemaversion="5">
<suite id="s1" name="Tests" source="/home/runner/work/ApiRandomUser/ApiRandomUser/RamdonUser/tests">
<suite id="s1-s1" name="Random-User-Test" source="/home/runner/work/ApiRandomUser/ApiRandomUser/RamdonUser/tests/random-user-test.robot">
<test id="s1-s1-t1" name="Conectar" line="13">
<kw name="Conectar API" owner="random-user-service">
<kw name="Create Session" owner="RequestsLibrary">
<msg time="2024-07-05T01:06:20.497300" level="INFO">Creating Session using : alias=consultarAPI, url=https://randomuser.me/, headers={},                     cookies={}, auth=None, timeout=None, proxies=None, verify=False,                     debug=0 </msg>
<arg>consultarAPI</arg>
<arg>${URL}</arg>
<doc>Create Session: create a HTTP session to a server</doc>
<status status="PASS" start="2024-07-05T01:06:20.497092" elapsed="0.000394"/>
</kw>
<status status="PASS" start="2024-07-05T01:06:20.496104" elapsed="0.001750"/>
</kw>
<status status="PASS" start="2024-07-05T01:06:20.495499" elapsed="0.002561"/>
</test>
<test id="s1-s1-t2" name="Validar retorno 200 e JSON Válido" line="16">
<kw name="Teste de Requisicao Basica" owner="random-user-service">
<kw name="GET On Session" owner="RequestsLibrary">
<msg time="2024-07-05T01:06:20.726881" level="INFO">GET Request : url=https://randomuser.me/api 
 path_url=/api 
 headers={'User-Agent': 'python-requests/2.32.3', 'Accept-Encoding': 'gzip, deflate', 'Accept': '*/*', 'Connection': 'keep-alive'} 
 body=None 
 </msg>
<msg time="2024-07-05T01:06:20.727020" level="INFO">GET Response : url=https://randomuser.me/api 
 status=200, reason=OK 
 headers={'Date': 'Fri, 05 Jul 2024 01:06:20 GMT', 'Content-Type': 'application/json; charset=utf-8', 'Transfer-Encoding': 'chunked', 'Connection': 'keep-alive', 'X-Powered-By': 'Express', 'Access-Control-Allow-Origin': '*', 'Cache-Control': 'no-cache', 'ETag': 'W/"472-bI2t+pphIfSHdoD/5/yEvp10NHo"', 'Vary': 'Accept-Encoding', 'Content-Encoding': 'gzip', 'CF-Cache-Status': 'DYNAMIC', 'Report-To': '{"endpoints":[{"url":"https:\\/\\/a.nel.cloudflare.com\\/report\\/v4?s=JezvmQxy1hh3tI0OMngc7tqy3EEU6o1apN7MXKvUTibgSh1T5cp3NFYYpaPzzz3JA47N6j8LiZ7Ucql35nvQWqIYB7ma%2FPZ3gx9Z%2FPkV0HPydAQY6hkmr1WggvaWuQi7"}],"group":"cf-nel","max_age":604800}', 'NEL': '{"success_fraction":0,"report_to":"cf-nel","max_age":604800}', 'Server': 'cloudflare', 'CF-RAY': '89e373af4d0113bc-IAD', 'alt-svc': 'h3=":443"; ma=86400'} 
 body={"results":[{"gender":"female","name":{"title":"Ms","first":"Angie","last":"Mills"},"location":{"street":{"number":996,"name":"Boghall Road"},"city":"Arklow","state":"Wicklow","country":"Ireland","postcode":71239,"coordinates":{"latitude":"1.5577","longitude":"45.1902"},"timezone":{"offset":"+9:30","description":"Adelaide, Darwin"}},"email":"angie.mills@example.com","login":{"uuid":"19ee100f-ac1e-49f3-b328-6ea70ee0c25e","username":"orangegorilla917","password":"bucks","salt":"Xh5J8onp","md5":"e4ba7440cfa76cf46b088fe59389130f","sha1":"9b5cf2a91126a85a6226372294f6f347b7d3aa67","sha256":"a9330eed4c93d1952f6f47b3551063cf3465d5f381a9d499bb502df5b7fd15c4"},"dob":{"date":"1981-03-03T17:48:35.177Z","age":43},"registered":{"date":"2012-01-16T13:26:44.823Z","age":12},"phone":"071-907-1381","cell":"081-998-5820","id":{"name":"PPS","value":"5553011T"},"picture":{"large":"https://randomuser.me/api/portraits/women/3.jpg","medium":"https://randomuser.me/api/portraits/med/women/3.jpg","thumbnail":"https://randomuser.me/api/portraits/thumb/women/3.jpg"},"nat":"IE"}],"info":{"seed":"459f3f5448b37fd7","results":1,"page":1,"version":"1.4"}} 
 </msg>
<msg time="2024-07-05T01:06:20.727117" level="INFO">/opt/hostedtoolcache/Python/3.12.4/x64/lib/python3.12/site-packages/urllib3/connectionpool.py:1099: InsecureRequestWarning: Unverified HTTPS request is being made to host 'randomuser.me'. Adding certificate verification is strongly advised. See: https://urllib3.readthedocs.io/en/latest/advanced-usage.html#tls-warnings
  warnings.warn(</msg>
<msg time="2024-07-05T01:06:20.727359" level="INFO">${response} = &lt;Response [200]&gt;</msg>
<var>${response}</var>
<arg>consultarAPI</arg>
<arg>/api</arg>
<doc>Sends a GET request on a previously created HTTP Session.</doc>
<status status="PASS" start="2024-07-05T01:06:20.500697" elapsed="0.226697"/>
</kw>
<kw name="Should Be Equal As Numbers" owner="BuiltIn">
<msg time="2024-07-05T01:06:20.728382" level="INFO">Argument types are:
&lt;class 'int'&gt;
&lt;class 'str'&gt;</msg>
<arg>${response.status_code}</arg>
<arg>200</arg>
<doc>Fails if objects are unequal after converting them to real numbers.</doc>
<status status="PASS" start="2024-07-05T01:06:20.727892" elapsed="0.000557"/>
</kw>
<kw name="Log" owner="BuiltIn">
<msg time="2024-07-05T01:06:20.729127" level="INFO">200</msg>
<arg>${response.status_code}</arg>
<doc>Logs the given message with the given level.</doc>
<status status="PASS" start="2024-07-05T01:06:20.728770" elapsed="0.000401"/>
</kw>
<kw name="Set Variable" owner="BuiltIn">
<msg time="2024-07-05T01:06:20.729909" level="INFO">${json_data} = {'results': [{'gender': 'female', 'name': {'title': 'Ms', 'first': 'Angie', 'last': 'Mills'}, 'location': {'street': {'number': 996, 'name': 'Boghall Road'}, 'city': 'Arklow', 'state': 'Wicklow', 'cou...</msg>
<var>${json_data}</var>
<arg>${response.json()}</arg>
<doc>Returns the given values which can then be assigned to a variables.</doc>
<status status="PASS" start="2024-07-05T01:06:20.729477" elapsed="0.000461"/>
</kw>
<kw name="Dictionary Should Contain Key" owner="Collections">
<arg>${json_data}</arg>
<arg>results</arg>
<doc>Fails if ``key`` is not found from ``dictionary``.</doc>
<status status="PASS" start="2024-07-05T01:06:20.730238" elapsed="0.000171"/>
</kw>
<status status="PASS" start="2024-07-05T01:06:20.500449" elapsed="0.230110"/>
</kw>
<doc>Testa se a API responde corretamente e retorna um objeto JSON válido.</doc>
<tag>testeRequisicaoBasica</tag>
<status status="PASS" start="2024-07-05T01:06:20.499947" elapsed="0.230789"/>
</test>
<test id="s1-s1-t3" name="Validar estrutura de resposta" line="22">
<kw name="Teste de Estrutura de Resposta" owner="random-user-service">
<kw name="GET On Session" owner="RequestsLibrary">
<msg time="2024-07-05T01:06:20.820967" level="INFO">GET Request : url=https://randomuser.me/api 
 path_url=/api 
 headers={'User-Agent': 'python-requests/2.32.3', 'Accept-Encoding': 'gzip, deflate', 'Accept': '*/*', 'Connection': 'keep-alive'} 
 body=None 
 </msg>
<msg time="2024-07-05T01:06:20.821044" level="INFO">GET Response : url=https://randomuser.me/api 
 status=200, reason=OK 
 headers={'Date': 'Fri, 05 Jul 2024 01:06:20 GMT', 'Content-Type': 'application/json; charset=utf-8', 'Transfer-Encoding': 'chunked', 'Connection': 'keep-alive', 'X-Powered-By': 'Express', 'Access-Control-Allow-Origin': '*', 'Cache-Control': 'no-cache', 'ETag': 'W/"48e-QdLNaGhDFHpFmg7RE/BNGWzzTOs"', 'Vary': 'Accept-Encoding', 'Content-Encoding': 'gzip', 'CF-Cache-Status': 'DYNAMIC', 'Report-To': '{"endpoints":[{"url":"https:\\/\\/a.nel.cloudflare.com\\/report\\/v4?s=nhYIZH7Ya3CL14icLFmK7iYpuazgSHGksuCU0RJxFBZb%2Fzhl4KBz1uxpGZNodUReboeoa%2F5RgFxAdTUvqZuf2k%2FO06cC7xo1EizHPvxDPqyvosxJcneYg%2FKoiunyTq%2F4"}],"group":"cf-nel","max_age":604800}', 'NEL': '{"success_fraction":0,"report_to":"cf-nel","max_age":604800}', 'Server': 'cloudflare', 'CF-RAY': '89e373af9d4613bc-IAD', 'alt-svc': 'h3=":443"; ma=86400'} 
 body={"results":[{"gender":"male","name":{"title":"Mr","first":"Leif","last":"Oppegård"},"location":{"street":{"number":1687,"name":"Krafts gate"},"city":"Sundvollen","state":"Bergen","country":"Norway","postcode":"1251","coordinates":{"latitude":"39.3110","longitude":"-161.0983"},"timezone":{"offset":"0:00","description":"Western Europe Time, London, Lisbon, Casablanca"}},"email":"leif.oppegard@example.com","login":{"uuid":"8a727c19-87fc-49ac-95bf-2c6608501591","username":"sadzebra230","password":"flounder","salt":"HE9XKPUf","md5":"982a2970f5d21ff64c4f5cac691a6ba9","sha1":"1a91e7f71f9383f57a4cfa9f75ca700692d575cb","sha256":"01854462887d6c5baa8b73715db284db9d878ddb30951df7463cc43d30cb341c"},"dob":{"date":"1988-09-12T10:09:07.122Z","age":35},"registered":{"date":"2010-04-22T04:26:41.097Z","age":14},"phone":"25300351","cell":"48861615","id":{"name":"FN","value":"12098812944"},"picture":{"large":"https://randomuser.me/api/portraits/men/39.jpg","medium":"https://randomuser.me/api/portraits/med/men/39.jpg","thumbnail":"https://randomuser.me/api/portraits/thumb/men/39.jpg"},"nat":"NO"}],"info":{"seed":"c750fb5536d3fd8b","results":1,"page":1,"version":"1.4"}} 
 </msg>
<msg time="2024-07-05T01:06:20.821147" level="INFO">/opt/hostedtoolcache/Python/3.12.4/x64/lib/python3.12/site-packages/urllib3/connectionpool.py:1099: InsecureRequestWarning: Unverified HTTPS request is being made to host 'randomuser.me'. Adding certificate verification is strongly advised. See: https://urllib3.readthedocs.io/en/latest/advanced-usage.html#tls-warnings
  warnings.warn(</msg>
<msg time="2024-07-05T01:06:20.821259" level="INFO">${response} = &lt;Response [200]&gt;</msg>
<var>${response}</var>
<arg>consultarAPI</arg>
<arg>/api</arg>
<doc>Sends a GET request on a previously created HTTP Session.</doc>
<status status="PASS" start="2024-07-05T01:06:20.733416" elapsed="0.087885"/>
</kw>
<kw name="Set Variable" owner="BuiltIn">
<msg time="2024-07-05T01:06:20.822349" level="INFO">${json_data} = {'results': [{'gender': 'male', 'name': {'title': 'Mr', 'first': 'Leif', 'last': 'Oppegård'}, 'location': {'street': {'number': 1687, 'name': 'Krafts gate'}, 'city': 'Sundvollen', 'state': 'Bergen', '...</msg>
<var>${json_data}</var>
<arg>${response.json()}</arg>
<doc>Returns the given values which can then be assigned to a variables.</doc>
<status status="PASS" start="2024-07-05T01:06:20.821787" elapsed="0.000592"/>
</kw>
<kw name="Log" owner="BuiltIn">
<msg time="2024-07-05T01:06:20.822853" level="INFO">{'results': [{'gender': 'male', 'name': {'title': 'Mr', 'first': 'Leif', 'last': 'Oppegård'}, 'location': {'street': {'number': 1687, 'name': 'Krafts gate'}, 'city': 'Sundvollen', 'state': 'Bergen', 'country': 'Norway', 'postcode': '1251', 'coordinates': {'latitude': '39.3110', 'longitude': '-161.0983'}, 'timezone': {'offset': '0:00', 'description': 'Western Europe Time, London, Lisbon, Casablanca'}}, 'email': 'leif.oppegard@example.com', 'login': {'uuid': '8a727c19-87fc-49ac-95bf-2c6608501591', 'username': 'sadzebra230', 'password': 'flounder', 'salt': 'HE9XKPUf', 'md5': '982a2970f5d21ff64c4f5cac691a6ba9', 'sha1': '1a91e7f71f9383f57a4cfa9f75ca700692d575cb', 'sha256': '01854462887d6c5baa8b73715db284db9d878ddb30951df7463cc43d30cb341c'}, 'dob': {'date': '1988-09-12T10:09:07.122Z', 'age': 35}, 'registered': {'date': '2010-04-22T04:26:41.097Z', 'age': 14}, 'phone': '25300351', 'cell': '48861615', 'id': {'name': 'FN', 'value': '12098812944'}, 'picture': {'large': 'https://randomuser.me/api/portraits/men/39.jpg', 'medium': 'https://randomuser.me/api/portraits/med/men/39.jpg', 'thumbnail': 'https://randomuser.me/api/portraits/thumb/men/39.jpg'}, 'nat': 'NO'}], 'info': {'seed': 'c750fb5536d3fd8b', 'results': 1, 'page': 1, 'version': '1.4'}}</msg>
<arg>${json_data}</arg>
<doc>Logs the given message with the given level.</doc>
<status status="PASS" start="2024-07-05T01:06:20.822692" elapsed="0.000210"/>
</kw>
<kw name="Dictionary Should Contain Key" owner="Collections">
<arg>${json_data}</arg>
<arg>results</arg>
<doc>Fails if ``key`` is not found from ``dictionary``.</doc>
<status status="PASS" start="2024-07-05T01:06:20.823194" elapsed="0.000163"/>
</kw>
<kw name="Should Not Be Empty" owner="BuiltIn">
<msg time="2024-07-05T01:06:20.823669" level="INFO">Length is 2.</msg>
<arg>${json_data}</arg>
<doc>Verifies that the given item is not empty.</doc>
<status status="PASS" start="2024-07-05T01:06:20.823541" elapsed="0.000166"/>
</kw>
<kw name="Create List" owner="BuiltIn">
<msg time="2024-07-05T01:06:20.824360" level="INFO">${expected_keys} = ['gender', 'name', 'location', 'email', 'login']</msg>
<var>${expected_keys}</var>
<arg>gender</arg>
<arg>name</arg>
<arg>location</arg>
<arg>email</arg>
<arg>login</arg>
<doc>Returns a list containing given items.</doc>
<status status="PASS" start="2024-07-05T01:06:20.824045" elapsed="0.000341"/>
</kw>
<for flavor="IN">
<iter>
<kw name="Dictionary Should Contain Key" owner="Collections">
<arg>${json_data['results'][0]}</arg>
<arg>${key}</arg>
<doc>Fails if ``key`` is not found from ``dictionary``.</doc>
<status status="PASS" start="2024-07-05T01:06:20.824974" elapsed="0.000403"/>
</kw>
<kw name="Log" owner="BuiltIn">
<msg time="2024-07-05T01:06:20.825934" level="INFO">{'gender': 'male', 'name': {'title': 'Mr', 'first': 'Leif', 'last': 'Oppegård'}, 'location': {'street': {'number': 1687, 'name': 'Krafts gate'}, 'city': 'Sundvollen', 'state': 'Bergen', 'country': 'Norway', 'postcode': '1251', 'coordinates': {'latitude': '39.3110', 'longitude': '-161.0983'}, 'timezone': {'offset': '0:00', 'description': 'Western Europe Time, London, Lisbon, Casablanca'}}, 'email': 'leif.oppegard@example.com', 'login': {'uuid': '8a727c19-87fc-49ac-95bf-2c6608501591', 'username': 'sadzebra230', 'password': 'flounder', 'salt': 'HE9XKPUf', 'md5': '982a2970f5d21ff64c4f5cac691a6ba9', 'sha1': '1a91e7f71f9383f57a4cfa9f75ca700692d575cb', 'sha256': '01854462887d6c5baa8b73715db284db9d878ddb30951df7463cc43d30cb341c'}, 'dob': {'date': '1988-09-12T10:09:07.122Z', 'age': 35}, 'registered': {'date': '2010-04-22T04:26:41.097Z', 'age': 14}, 'phone': '25300351', 'cell': '48861615', 'id': {'name': 'FN', 'value': '12098812944'}, 'picture': {'large': 'https://randomuser.me/api/portraits/men/39.jpg', 'medium': 'https://randomuser.me/api/portraits/med/men/39.jpg', 'thumbnail': 'https://randomuser.me/api/portraits/thumb/men/39.jpg'}, 'nat': 'NO'}</msg>
<arg>${json_data['results'][0]}</arg>
<doc>Logs the given message with the given level.</doc>
<status status="PASS" start="2024-07-05T01:06:20.825564" elapsed="0.000423"/>
</kw>
<kw name="Log" owner="BuiltIn">
<msg time="2024-07-05T01:06:20.826414" level="INFO">gender</msg>
<arg>${key}</arg>
<doc>Logs the given message with the given level.</doc>
<status status="PASS" start="2024-07-05T01:06:20.826285" elapsed="0.000167"/>
</kw>
<var name="${key}">gender</var>
<status status="PASS" start="2024-07-05T01:06:20.824848" elapsed="0.001819"/>
</iter>
<iter>
<kw name="Dictionary Should Contain Key" owner="Collections">
<arg>${json_data['results'][0]}</arg>
<arg>${key}</arg>
<doc>Fails if ``key`` is not found from ``dictionary``.</doc>
<status status="PASS" start="2024-07-05T01:06:20.826970" elapsed="0.000390"/>
</kw>
<kw name="Log" owner="BuiltIn">
<msg time="2024-07-05T01:06:20.827903" level="INFO">{'gender': 'male', 'name': {'title': 'Mr', 'first': 'Leif', 'last': 'Oppegård'}, 'location': {'street': {'number': 1687, 'name': 'Krafts gate'}, 'city': 'Sundvollen', 'state': 'Bergen', 'country': 'Norway', 'postcode': '1251', 'coordinates': {'latitude': '39.3110', 'longitude': '-161.0983'}, 'timezone': {'offset': '0:00', 'description': 'Western Europe Time, London, Lisbon, Casablanca'}}, 'email': 'leif.oppegard@example.com', 'login': {'uuid': '8a727c19-87fc-49ac-95bf-2c6608501591', 'username': 'sadzebra230', 'password': 'flounder', 'salt': 'HE9XKPUf', 'md5': '982a2970f5d21ff64c4f5cac691a6ba9', 'sha1': '1a91e7f71f9383f57a4cfa9f75ca700692d575cb', 'sha256': '01854462887d6c5baa8b73715db284db9d878ddb30951df7463cc43d30cb341c'}, 'dob': {'date': '1988-09-12T10:09:07.122Z', 'age': 35}, 'registered': {'date': '2010-04-22T04:26:41.097Z', 'age': 14}, 'phone': '25300351', 'cell': '48861615', 'id': {'name': 'FN', 'value': '12098812944'}, 'picture': {'large': 'https://randomuser.me/api/portraits/men/39.jpg', 'medium': 'https://randomuser.me/api/portraits/med/men/39.jpg', 'thumbnail': 'https://randomuser.me/api/portraits/thumb/men/39.jpg'}, 'nat': 'NO'}</msg>
<arg>${json_data['results'][0]}</arg>
<doc>Logs the given message with the given level.</doc>
<status status="PASS" start="2024-07-05T01:06:20.827544" elapsed="0.000443"/>
</kw>
<kw name="Log" owner="BuiltIn">
<msg time="2024-07-05T01:06:20.828445" level="INFO">name</msg>
<arg>${key}</arg>
<doc>Logs the given message with the given level.</doc>
<status status="PASS" start="2024-07-05T01:06:20.828318" elapsed="0.000165"/>
</kw>
<var name="${key}">name</var>
<status status="PASS" start="2024-07-05T01:06:20.826853" elapsed="0.001847"/>
</iter>
<iter>
<kw name="Dictionary Should Contain Key" owner="Collections">
<arg>${json_data['results'][0]}</arg>
<arg>${key}</arg>
<doc>Fails if ``key`` is not found from ``dictionary``.</doc>
<status status="PASS" start="2024-07-05T01:06:20.828984" elapsed="0.000377"/>
</kw>
<kw name="Log" owner="BuiltIn">
<msg time="2024-07-05T01:06:20.829890" level="INFO">{'gender': 'male', 'name': {'title': 'Mr', 'first': 'Leif', 'last': 'Oppegård'}, 'location': {'street': {'number': 1687, 'name': 'Krafts gate'}, 'city': 'Sundvollen', 'state': 'Bergen', 'country': 'Norway', 'postcode': '1251', 'coordinates': {'latitude': '39.3110', 'longitude': '-161.0983'}, 'timezone': {'offset': '0:00', 'description': 'Western Europe Time, London, Lisbon, Casablanca'}}, 'email': 'leif.oppegard@example.com', 'login': {'uuid': '8a727c19-87fc-49ac-95bf-2c6608501591', 'username': 'sadzebra230', 'password': 'flounder', 'salt': 'HE9XKPUf', 'md5': '982a2970f5d21ff64c4f5cac691a6ba9', 'sha1': '1a91e7f71f9383f57a4cfa9f75ca700692d575cb', 'sha256': '01854462887d6c5baa8b73715db284db9d878ddb30951df7463cc43d30cb341c'}, 'dob': {'date': '1988-09-12T10:09:07.122Z', 'age': 35}, 'registered': {'date': '2010-04-22T04:26:41.097Z', 'age': 14}, 'phone': '25300351', 'cell': '48861615', 'id': {'name': 'FN', 'value': '12098812944'}, 'picture': {'large': 'https://randomuser.me/api/portraits/men/39.jpg', 'medium': 'https://randomuser.me/api/portraits/med/men/39.jpg', 'thumbnail': 'https://randomuser.me/api/portraits/thumb/men/39.jpg'}, 'nat': 'NO'}</msg>
<arg>${json_data['results'][0]}</arg>
<doc>Logs the given message with the given level.</doc>
<status status="PASS" start="2024-07-05T01:06:20.829541" elapsed="0.000399"/>
</kw>
<kw name="Log" owner="BuiltIn">
<msg time="2024-07-05T01:06:20.830367" level="INFO">location</msg>
<arg>${key}</arg>
<doc>Logs the given message with the given level.</doc>
<status status="PASS" start="2024-07-05T01:06:20.830239" elapsed="0.000167"/>
</kw>
<var name="${key}">location</var>
<status status="PASS" start="2024-07-05T01:06:20.828875" elapsed="0.001745"/>
</iter>
<iter>
<kw name="Dictionary Should Contain Key" owner="Collections">
<arg>${json_data['results'][0]}</arg>
<arg>${key}</arg>
<doc>Fails if ``key`` is not found from ``dictionary``.</doc>
<status status="PASS" start="2024-07-05T01:06:20.830895" elapsed="0.000386"/>
</kw>
<kw name="Log" owner="BuiltIn">
<msg time="2024-07-05T01:06:20.831810" level="INFO">{'gender': 'male', 'name': {'title': 'Mr', 'first': 'Leif', 'last': 'Oppegård'}, 'location': {'street': {'number': 1687, 'name': 'Krafts gate'}, 'city': 'Sundvollen', 'state': 'Bergen', 'country': 'Norway', 'postcode': '1251', 'coordinates': {'latitude': '39.3110', 'longitude': '-161.0983'}, 'timezone': {'offset': '0:00', 'description': 'Western Europe Time, London, Lisbon, Casablanca'}}, 'email': 'leif.oppegard@example.com', 'login': {'uuid': '8a727c19-87fc-49ac-95bf-2c6608501591', 'username': 'sadzebra230', 'password': 'flounder', 'salt': 'HE9XKPUf', 'md5': '982a2970f5d21ff64c4f5cac691a6ba9', 'sha1': '1a91e7f71f9383f57a4cfa9f75ca700692d575cb', 'sha256': '01854462887d6c5baa8b73715db284db9d878ddb30951df7463cc43d30cb341c'}, 'dob': {'date': '1988-09-12T10:09:07.122Z', 'age': 35}, 'registered': {'date': '2010-04-22T04:26:41.097Z', 'age': 14}, 'phone': '25300351', 'cell': '48861615', 'id': {'name': 'FN', 'value': '12098812944'}, 'picture': {'large': 'https://randomuser.me/api/portraits/men/39.jpg', 'medium': 'https://randomuser.me/api/portraits/med/men/39.jpg', 'thumbnail': 'https://randomuser.me/api/portraits/thumb/men/39.jpg'}, 'nat': 'NO'}</msg>
<arg>${json_data['results'][0]}</arg>
<doc>Logs the given message with the given level.</doc>
<status status="PASS" start="2024-07-05T01:06:20.831462" elapsed="0.000399"/>
</kw>
<kw name="Log" owner="BuiltIn">
<msg time="2024-07-05T01:06:20.832314" level="INFO">email</msg>
<arg>${key}</arg>
<doc>Logs the given message with the given level.</doc>
<status status="PASS" start="2024-07-05T01:06:20.832188" elapsed="0.000165"/>
</kw>
<var name="${key}">email</var>
<status status="PASS" start="2024-07-05T01:06:20.830787" elapsed="0.001790"/>
</iter>
<iter>
<kw name="Dictionary Should Contain Key" owner="Collections">
<arg>${json_data['results'][0]}</arg>
<arg>${key}</arg>
<doc>Fails if ``key`` is not found from ``dictionary``.</doc>
<status status="PASS" start="2024-07-05T01:06:20.832861" elapsed="0.000386"/>
</kw>
<kw name="Log" owner="BuiltIn">
<msg time="2024-07-05T01:06:20.833781" level="INFO">{'gender': 'male', 'name': {'title': 'Mr', 'first': 'Leif', 'last': 'Oppegård'}, 'location': {'street': {'number': 1687, 'name': 'Krafts gate'}, 'city': 'Sundvollen', 'state': 'Bergen', 'country': 'Norway', 'postcode': '1251', 'coordinates': {'latitude': '39.3110', 'longitude': '-161.0983'}, 'timezone': {'offset': '0:00', 'description': 'Western Europe Time, London, Lisbon, Casablanca'}}, 'email': 'leif.oppegard@example.com', 'login': {'uuid': '8a727c19-87fc-49ac-95bf-2c6608501591', 'username': 'sadzebra230', 'password': 'flounder', 'salt': 'HE9XKPUf', 'md5': '982a2970f5d21ff64c4f5cac691a6ba9', 'sha1': '1a91e7f71f9383f57a4cfa9f75ca700692d575cb', 'sha256': '01854462887d6c5baa8b73715db284db9d878ddb30951df7463cc43d30cb341c'}, 'dob': {'date': '1988-09-12T10:09:07.122Z', 'age': 35}, 'registered': {'date': '2010-04-22T04:26:41.097Z', 'age': 14}, 'phone': '25300351', 'cell': '48861615', 'id': {'name': 'FN', 'value': '12098812944'}, 'picture': {'large': 'https://randomuser.me/api/portraits/men/39.jpg', 'medium': 'https://randomuser.me/api/portraits/med/men/39.jpg', 'thumbnail': 'https://randomuser.me/api/portraits/thumb/men/39.jpg'}, 'nat': 'NO'}</msg>
<arg>${json_data['results'][0]}</arg>
<doc>Logs the given message with the given level.</doc>
<status status="PASS" start="2024-07-05T01:06:20.833426" elapsed="0.000406"/>
</kw>
<kw name="Log" owner="BuiltIn">
<msg time="2024-07-05T01:06:20.834260" level="INFO">login</msg>
<arg>${key}</arg>
<doc>Logs the given message with the given level.</doc>
<status status="PASS" start="2024-07-05T01:06:20.834133" elapsed="0.000165"/>
</kw>
<var name="${key}">login</var>
<status status="PASS" start="2024-07-05T01:06:20.832745" elapsed="0.001769"/>
</iter>
<var>${key}</var>
<value>@{expected_keys}</value>
<status status="PASS" start="2024-07-05T01:06:20.824654" elapsed="0.009977"/>
</for>
<kw name="Create List" owner="BuiltIn">
<msg time="2024-07-05T01:06:20.834961" level="INFO">${expected_keysTwo} = ['username', 'password']</msg>
<var>${expected_keysTwo}</var>
<arg>username</arg>
<arg>password</arg>
<doc>Returns a list containing given items.</doc>
<status status="PASS" start="2024-07-05T01:06:20.834820" elapsed="0.000194"/>
</kw>
<for flavor="IN">
<iter>
<kw name="Dictionary Should Contain Key" owner="Collections">
<arg>${json_data['results'][0]['login']}</arg>
<arg>${keyTwo}</arg>
<doc>Fails if ``key`` is not found from ``dictionary``.</doc>
<status status="PASS" start="2024-07-05T01:06:20.835516" elapsed="0.000412"/>
</kw>
<kw name="Dictionary Should Contain Key" owner="Collections">
<arg>${json_data['results'][0]['login']}</arg>
<arg>${keyTwo}</arg>
<doc>Fails if ``key`` is not found from ``dictionary``.</doc>
<status status="PASS" start="2024-07-05T01:06:20.836150" elapsed="0.000385"/>
</kw>
<kw name="Log" owner="BuiltIn">
<msg time="2024-07-05T01:06:20.836842" level="INFO">username</msg>
<arg>${keyTwo}</arg>
<doc>Logs the given message with the given level.</doc>
<status status="PASS" start="2024-07-05T01:06:20.836721" elapsed="0.000159"/>
</kw>
<var name="${keyTwo}">username</var>
<status status="PASS" start="2024-07-05T01:06:20.835410" elapsed="0.001696"/>
</iter>
<iter>
<kw name="Dictionary Should Contain Key" owner="Collections">
<arg>${json_data['results'][0]['login']}</arg>
<arg>${keyTwo}</arg>
<doc>Fails if ``key`` is not found from ``dictionary``.</doc>
<status status="PASS" start="2024-07-05T01:06:20.837383" elapsed="0.000385"/>
</kw>
<kw name="Dictionary Should Contain Key" owner="Collections">
<arg>${json_data['results'][0]['login']}</arg>
<arg>${keyTwo}</arg>
<doc>Fails if ``key`` is not found from ``dictionary``.</doc>
<status status="PASS" start="2024-07-05T01:06:20.837946" elapsed="0.000365"/>
</kw>
<kw name="Log" owner="BuiltIn">
<msg time="2024-07-05T01:06:20.838603" level="INFO">password</msg>
<arg>${keyTwo}</arg>
<doc>Logs the given message with the given level.</doc>
<status status="PASS" start="2024-07-05T01:06:20.838484" elapsed="0.000160"/>
</kw>
<var name="${keyTwo}">password</var>
<status status="PASS" start="2024-07-05T01:06:20.837275" elapsed="0.001682"/>
</iter>
<var>${keyTwo}</var>
<value>@{expected_keysTwo}</value>
<status status="PASS" start="2024-07-05T01:06:20.835259" elapsed="0.003820"/>
</for>
<status status="PASS" start="2024-07-05T01:06:20.733180" elapsed="0.106035"/>
</kw>
<doc>Testa a estrutura da resposta da API.</doc>
<tag>testeEstruturaResposta</tag>
<status status="PASS" start="2024-07-05T01:06:20.732598" elapsed="0.106769"/>
</test>
<test id="s1-s1-t4" name="Validar tipos de dados" line="28">
<kw name="Teste de Tipos de Dados" owner="random-user-service">
<kw name="GET On Session" owner="RequestsLibrary">
<msg time="2024-07-05T01:06:20.919058" level="INFO">GET Request : url=https://randomuser.me/api 
 path_url=/api 
 headers={'User-Agent': 'python-requests/2.32.3', 'Accept-Encoding': 'gzip, deflate', 'Accept': '*/*', 'Connection': 'keep-alive'} 
 body=None 
 </msg>
<msg time="2024-07-05T01:06:20.919139" level="INFO">GET Response : url=https://randomuser.me/api 
 status=200, reason=OK 
 headers={'Date': 'Fri, 05 Jul 2024 01:06:20 GMT', 'Content-Type': 'application/json; charset=utf-8', 'Transfer-Encoding': 'chunked', 'Connection': 'keep-alive', 'X-Powered-By': 'Express', 'Access-Control-Allow-Origin': '*', 'Cache-Control': 'no-cache', 'ETag': 'W/"49a-TH1w0qYWNxy6MF+2hnylkGwk2Js"', 'Vary': 'Accept-Encoding', 'Content-Encoding': 'gzip', 'CF-Cache-Status': 'DYNAMIC', 'Report-To': '{"endpoints":[{"url":"https:\\/\\/a.nel.cloudflare.com\\/report\\/v4?s=wXlDzLji8yIwUpRjedzBE%2FNx9SBIdHq6VwYgWzyozKPyTSKdgtvy%2Foujs53%2FRgIewlhVV6jmZ1w25g17P2Q5oJyDdp%2BqTz2WIrrs4RcEUoPyQ32Ef8YTKKUPir8ETrPj"}],"group":"cf-nel","max_age":604800}', 'NEL': '{"success_fraction":0,"report_to":"cf-nel","max_age":604800}', 'Server': 'cloudflare', 'CF-RAY': '89e373b04dde13bc-IAD', 'alt-svc': 'h3=":443"; ma=86400'} 
 body={"results":[{"gender":"female","name":{"title":"Miss","first":"Nayeli","last":"Gamboa"},"location":{"street":{"number":8502,"name":"Pasaje Batista"},"city":"San Sebastián","state":"Tabasco","country":"Mexico","postcode":88660,"coordinates":{"latitude":"25.3613","longitude":"127.0014"},"timezone":{"offset":"-1:00","description":"Azores, Cape Verde Islands"}},"email":"nayeli.gamboa@example.com","login":{"uuid":"c506dacd-d976-44f7-86f6-bc94fd73d96d","username":"greenpeacock828","password":"wind","salt":"KDyp0Ebx","md5":"664120ee3b17f6068de2c5ac8b2e1610","sha1":"19bc1535a21397d7b1040a7fb8dcf7b6d6c865f0","sha256":"cadf008d3e833fa7b9103c065a12f6b3adc52d58efe15a0cebc6cd78c6bd7b7c"},"dob":{"date":"1977-05-02T06:41:06.987Z","age":47},"registered":{"date":"2007-06-07T13:56:43.570Z","age":17},"phone":"(684) 186 4871","cell":"(672) 159 1976","id":{"name":"NSS","value":"69 07 82 5733 1"},"picture":{"large":"https://randomuser.me/api/portraits/women/94.jpg","medium":"https://randomuser.me/api/portraits/med/women/94.jpg","thumbnail":"https://randomuser.me/api/portraits/thumb/women/94.jpg"},"nat":"MX"}],"info":{"seed":"68efb45e0d5c4adc","results":1,"page":1,"version":"1.4"}} 
 </msg>
<msg time="2024-07-05T01:06:20.919201" level="INFO">/opt/hostedtoolcache/Python/3.12.4/x64/lib/python3.12/site-packages/urllib3/connectionpool.py:1099: InsecureRequestWarning: Unverified HTTPS request is being made to host 'randomuser.me'. Adding certificate verification is strongly advised. See: https://urllib3.readthedocs.io/en/latest/advanced-usage.html#tls-warnings
  warnings.warn(</msg>
<msg time="2024-07-05T01:06:20.919296" level="INFO">${response} = &lt;Response [200]&gt;</msg>
<var>${response}</var>
<arg>consultarAPI</arg>
<arg>/api</arg>
<doc>Sends a GET request on a previously created HTTP Session.</doc>
<status status="PASS" start="2024-07-05T01:06:20.841961" elapsed="0.077377"/>
</kw>
<kw name="Set Variable" owner="BuiltIn">
<msg time="2024-07-05T01:06:20.920250" level="INFO">${json_data} = {'results': [{'gender': 'female', 'name': {'title': 'Miss', 'first': 'Nayeli', 'last': 'Gamboa'}, 'location': {'street': {'number': 8502, 'name': 'Pasaje Batista'}, 'city': 'San Sebastián', 'state': '...</msg>
<var>${json_data}</var>
<arg>${response.json()}</arg>
<doc>Returns the given values which can then be assigned to a variables.</doc>
<status status="PASS" start="2024-07-05T01:06:20.919737" elapsed="0.000547"/>
</kw>
<kw name="Log" owner="BuiltIn">
<msg time="2024-07-05T01:06:20.920756" level="INFO">{'results': [{'gender': 'female', 'name': {'title': 'Miss', 'first': 'Nayeli', 'last': 'Gamboa'}, 'location': {'street': {'number': 8502, 'name': 'Pasaje Batista'}, 'city': 'San Sebastián', 'state': 'Tabasco', 'country': 'Mexico', 'postcode': 88660, 'coordinates': {'latitude': '25.3613', 'longitude': '127.0014'}, 'timezone': {'offset': '-1:00', 'description': 'Azores, Cape Verde Islands'}}, 'email': 'nayeli.gamboa@example.com', 'login': {'uuid': 'c506dacd-d976-44f7-86f6-bc94fd73d96d', 'username': 'greenpeacock828', 'password': 'wind', 'salt': 'KDyp0Ebx', 'md5': '664120ee3b17f6068de2c5ac8b2e1610', 'sha1': '19bc1535a21397d7b1040a7fb8dcf7b6d6c865f0', 'sha256': 'cadf008d3e833fa7b9103c065a12f6b3adc52d58efe15a0cebc6cd78c6bd7b7c'}, 'dob': {'date': '1977-05-02T06:41:06.987Z', 'age': 47}, 'registered': {'date': '2007-06-07T13:56:43.570Z', 'age': 17}, 'phone': '(684) 186 4871', 'cell': '(672) 159 1976', 'id': {'name': 'NSS', 'value': '69 07 82 5733 1'}, 'picture': {'large': 'https://randomuser.me/api/portraits/women/94.jpg', 'medium': 'https://randomuser.me/api/portraits/med/women/94.jpg', 'thumbnail': 'https://randomuser.me/api/portraits/thumb/women/94.jpg'}, 'nat': 'MX'}], 'info': {'seed': '68efb45e0d5c4adc', 'results': 1, 'page': 1, 'version': '1.4'}}</msg>
<arg>${json_data}</arg>
<doc>Logs the given message with the given level.</doc>
<status status="PASS" start="2024-07-05T01:06:20.920595" elapsed="0.000211"/>
</kw>
<kw name="Should Be String" owner="String">
<arg>${json_data['results'][0]['gender']}</arg>
<doc>Fails if the given ``item`` is not a string.</doc>
<status status="PASS" start="2024-07-05T01:06:20.921101" elapsed="0.000361"/>
</kw>
<kw name="Should Match Regexp" owner="BuiltIn">
<arg>${json_data['results'][0]['email']}</arg>
<arg>^[a-zA-Z0-9._%+-]+@[a-zA-Z0-9.-]+\.[a-zA-Z]{2,}$</arg>
<doc>Fails if ``string`` does not match ``pattern`` as a regular expression.</doc>
<status status="PASS" start="2024-07-05T01:06:20.921651" elapsed="0.000556"/>
</kw>
<kw name="Should Match Regexp" owner="BuiltIn">
<arg>${json_data['results'][0]['dob']['date']}</arg>
<arg>\\d{4}-\\d{2}-\\d{2}T\\d{2}:\\d{2}:\\d{2}\\.\\d{3}Z</arg>
<doc>Fails if ``string`` does not match ``pattern`` as a regular expression.</doc>
<status status="PASS" start="2024-07-05T01:06:20.922403" elapsed="0.000485"/>
</kw>
<kw name="Should Match Regexp" owner="BuiltIn">
<arg>${json_data['results'][0]['registered']['date']}</arg>
<arg>\\d{4}-\\d{2}-\\d{2}T\\d{2}:\\d{2}:\\d{2}\\.\\d{3}Z</arg>
<doc>Fails if ``string`` does not match ``pattern`` as a regular expression.</doc>
<status status="PASS" start="2024-07-05T01:06:20.923077" elapsed="0.000363"/>
</kw>
<kw name="Should Match Regexp" owner="BuiltIn">
<arg>${json_data['results'][0]['picture']['large']}</arg>
<arg>^https?://.*\.(?:png|jpe?g|gif|bmp)$</arg>
<doc>Fails if ``string`` does not match ``pattern`` as a regular expression.</doc>
<status status="PASS" start="2024-07-05T01:06:20.923623" elapsed="0.000477"/>
</kw>
<kw name="Should Match Regexp" owner="BuiltIn">
<arg>${json_data['results'][0]['picture']['medium']}</arg>
<arg>^https?://.*\.(?:png|jpe?g|gif|bmp)$</arg>
<doc>Fails if ``string`` does not match ``pattern`` as a regular expression.</doc>
<status status="PASS" start="2024-07-05T01:06:20.924290" elapsed="0.000356"/>
</kw>
<kw name="Should Match Regexp" owner="BuiltIn">
<arg>${json_data['results'][0]['picture']['thumbnail']}</arg>
<arg>^https?://.*\.(?:png|jpe?g|gif|bmp)$</arg>
<doc>Fails if ``string`` does not match ``pattern`` as a regular expression.</doc>
<status status="PASS" start="2024-07-05T01:06:20.924828" elapsed="0.000347"/>
</kw>
<kw name="Log" owner="BuiltIn">
<msg time="2024-07-05T01:06:20.925678" level="INFO">{'large': 'https://randomuser.me/api/portraits/women/94.jpg', 'medium': 'https://randomuser.me/api/portraits/med/women/94.jpg', 'thumbnail': 'https://randomuser.me/api/portraits/thumb/women/94.jpg'}</msg>
<arg>${json_data['results'][0]['picture']}</arg>
<doc>Logs the given message with the given level.</doc>
<status status="PASS" start="2024-07-05T01:06:20.925350" elapsed="0.000371"/>
</kw>
<status status="PASS" start="2024-07-05T01:06:20.841732" elapsed="0.084243"/>
</kw>
<kw name="Teste de Tipos de Dados - Postcode" owner="random-user-service">
<kw name="GET On Session" owner="RequestsLibrary">
<msg time="2024-07-05T01:06:21.017891" level="INFO">GET Request : url=https://randomuser.me/api 
 path_url=/api 
 headers={'User-Agent': 'python-requests/2.32.3', 'Accept-Encoding': 'gzip, deflate', 'Accept': '*/*', 'Connection': 'keep-alive'} 
 body=None 
 </msg>
<msg time="2024-07-05T01:06:21.017971" level="INFO">GET Response : url=https://randomuser.me/api 
 status=200, reason=OK 
 headers={'Date': 'Fri, 05 Jul 2024 01:06:21 GMT', 'Content-Type': 'application/json; charset=utf-8', 'Transfer-Encoding': 'chunked', 'Connection': 'keep-alive', 'X-Powered-By': 'Express', 'Access-Control-Allow-Origin': '*', 'Cache-Control': 'no-cache', 'ETag': 'W/"4af-cY1UUtbypiSWZ4CuWMmsdRikr0A"', 'Vary': 'Accept-Encoding', 'Content-Encoding': 'gzip', 'CF-Cache-Status': 'DYNAMIC', 'Report-To': '{"endpoints":[{"url":"https:\\/\\/a.nel.cloudflare.com\\/report\\/v4?s=N4Apb8qlMNmbZfXd060a4b5BA4xfxqw6pJNNNbV6CEX2s%2FHDDlhdIxEELewlTPrASWg9NSZJDI9pQdDTEumxxuRHCcYFm%2FHt5CNahaoveco%2BqcRvg2P5EvBRtYTg93hO"}],"group":"cf-nel","max_age":604800}', 'NEL': '{"success_fraction":0,"report_to":"cf-nel","max_age":604800}', 'Server': 'cloudflare', 'CF-RAY': '89e373b0de8413bc-IAD', 'alt-svc': 'h3=":443"; ma=86400'} 
 body={"results":[{"gender":"female","name":{"title":"Miss","first":"Sessa","last":"Mota"},"location":{"street":{"number":8228,"name":"Prolongación Tlaxcala"},"city":"San Marcos Carmona","state":"Quintana Roo","country":"Mexico","postcode":59347,"coordinates":{"latitude":"27.1685","longitude":"112.8378"},"timezone":{"offset":"-3:00","description":"Brazil, Buenos Aires, Georgetown"}},"email":"sessa.mota@example.com","login":{"uuid":"e925debb-8a02-4b84-8e50-c5cb3994c597","username":"beautifulrabbit412","password":"fiddle","salt":"PclTFrt4","md5":"22ab7251ec15ae3558347b902a64db94","sha1":"39ad25e6c3e138a08f5d8407ef3c3ae758b2973b","sha256":"3c07f3550fab52d9bcb88094076d5ec12805bf06e4eeb541eddcc3957cee7f2f"},"dob":{"date":"1987-06-28T11:04:28.104Z","age":37},"registered":{"date":"2016-10-05T02:54:24.602Z","age":7},"phone":"(655) 273 5448","cell":"(678) 217 3000","id":{"name":"NSS","value":"37 40 71 3675 5"},"picture":{"large":"https://randomuser.me/api/portraits/women/22.jpg","medium":"https://randomuser.me/api/portraits/med/women/22.jpg","thumbnail":"https://randomuser.me/api/portraits/thumb/women/22.jpg"},"nat":"MX"}],"info":{"seed":"2c2cb919bd49377c","results":1,"page":1,"version":"1.4"}} 
 </msg>
<msg time="2024-07-05T01:06:21.018041" level="INFO">/opt/hostedtoolcache/Python/3.12.4/x64/lib/python3.12/site-packages/urllib3/connectionpool.py:1099: InsecureRequestWarning: Unverified HTTPS request is being made to host 'randomuser.me'. Adding certificate verification is strongly advised. See: https://urllib3.readthedocs.io/en/latest/advanced-usage.html#tls-warnings
  warnings.warn(</msg>
<msg time="2024-07-05T01:06:21.018165" level="INFO">${response} = &lt;Response [200]&gt;</msg>
<var>${response}</var>
<arg>consultarAPI</arg>
<arg>/api</arg>
<doc>Sends a GET request on a previously created HTTP Session.</doc>
<status status="PASS" start="2024-07-05T01:06:20.926417" elapsed="0.091800"/>
</kw>
<kw name="Set Variable" owner="BuiltIn">
<msg time="2024-07-05T01:06:21.019091" level="INFO">${json_data} = {'results': [{'gender': 'female', 'name': {'title': 'Miss', 'first': 'Sessa', 'last': 'Mota'}, 'location': {'street': {'number': 8228, 'name': 'Prolongación Tlaxcala'}, 'city': 'San Marcos Carmona', '...</msg>
<var>${json_data}</var>
<arg>${response.json()}</arg>
<doc>Returns the given values which can then be assigned to a variables.</doc>
<status status="PASS" start="2024-07-05T01:06:21.018633" elapsed="0.000489"/>
</kw>
<kw name="Log" owner="BuiltIn">
<msg time="2024-07-05T01:06:21.019583" level="INFO">{'results': [{'gender': 'female', 'name': {'title': 'Miss', 'first': 'Sessa', 'last': 'Mota'}, 'location': {'street': {'number': 8228, 'name': 'Prolongación Tlaxcala'}, 'city': 'San Marcos Carmona', 'state': 'Quintana Roo', 'country': 'Mexico', 'postcode': 59347, 'coordinates': {'latitude': '27.1685', 'longitude': '112.8378'}, 'timezone': {'offset': '-3:00', 'description': 'Brazil, Buenos Aires, Georgetown'}}, 'email': 'sessa.mota@example.com', 'login': {'uuid': 'e925debb-8a02-4b84-8e50-c5cb3994c597', 'username': 'beautifulrabbit412', 'password': 'fiddle', 'salt': 'PclTFrt4', 'md5': '22ab7251ec15ae3558347b902a64db94', 'sha1': '39ad25e6c3e138a08f5d8407ef3c3ae758b2973b', 'sha256': '3c07f3550fab52d9bcb88094076d5ec12805bf06e4eeb541eddcc3957cee7f2f'}, 'dob': {'date': '1987-06-28T11:04:28.104Z', 'age': 37}, 'registered': {'date': '2016-10-05T02:54:24.602Z', 'age': 7}, 'phone': '(655) 273 5448', 'cell': '(678) 217 3000', 'id': {'name': 'NSS', 'value': '37 40 71 3675 5'}, 'picture': {'large': 'https://randomuser.me/api/portraits/women/22.jpg', 'medium': 'https://randomuser.me/api/portraits/med/women/22.jpg', 'thumbnail': 'https://randomuser.me/api/portraits/thumb/women/22.jpg'}, 'nat': 'MX'}], 'info': {'seed': '2c2cb919bd49377c', 'results': 1, 'page': 1, 'version': '1.4'}}</msg>
<arg>${json_data}</arg>
<doc>Logs the given message with the given level.</doc>
<status status="PASS" start="2024-07-05T01:06:21.019425" elapsed="0.000208"/>
</kw>
<kw name="Should Be Equal As Numbers" owner="BuiltIn">
<arg>${json_data['results'][0]['location']['postcode']}</arg>
<arg>${json_data['results'][0]['location']['postcode']}</arg>
<doc>Fails if objects are unequal after converting them to real numbers.</doc>
<status status="PASS" start="2024-07-05T01:06:21.019929" elapsed="0.000660"/>
</kw>
<kw name="Log" owner="BuiltIn">
<msg time="2024-07-05T01:06:21.021286" level="INFO">59347</msg>
<arg>${json_data['results'][0]['location']['postcode']}</arg>
<doc>Logs the given message with the given level.</doc>
<status status="PASS" start="2024-07-05T01:06:21.020782" elapsed="0.000546"/>
</kw>
<status status="PASS" start="2024-07-05T01:06:20.926196" elapsed="0.095389"/>
</kw>
<doc>Testa se os tipos de dados na resposta da API estão corretos.</doc>
<tag>testeTiposDados</tag>
<status status="PASS" start="2024-07-05T01:06:20.841183" elapsed="0.180563"/>
</test>
<test id="s1-s1-t5" name="Validar conteudo" line="35">
<kw name="Teste de Tipos de Conteudo" owner="random-user-service">
<kw name="GET On Session" owner="RequestsLibrary">
<msg time="2024-07-05T01:06:21.120367" level="INFO">GET Request : url=https://randomuser.me/api 
 path_url=/api 
 headers={'User-Agent': 'python-requests/2.32.3', 'Accept-Encoding': 'gzip, deflate', 'Accept': '*/*', 'Connection': 'keep-alive'} 
 body=None 
 </msg>
<msg time="2024-07-05T01:06:21.120475" level="INFO">GET Response : url=https://randomuser.me/api 
 status=200, reason=OK 
 headers={'Date': 'Fri, 05 Jul 2024 01:06:21 GMT', 'Content-Type': 'application/json; charset=utf-8', 'Transfer-Encoding': 'chunked', 'Connection': 'keep-alive', 'X-Powered-By': 'Express', 'Access-Control-Allow-Origin': '*', 'Cache-Control': 'no-cache', 'ETag': 'W/"492-M7JbATFToQYsf270aHkYdL+0LOg"', 'Vary': 'Accept-Encoding', 'Content-Encoding': 'gzip', 'CF-Cache-Status': 'DYNAMIC', 'Report-To': '{"endpoints":[{"url":"https:\\/\\/a.nel.cloudflare.com\\/report\\/v4?s=IcS68EqrHwj7818wgC8Op9TK4fq33oYGDKWkzABD%2BcBfeUeMCzLEVsBxkJXE1z1Ea8OVYMzNr%2BkrWmr91tZPYb6W15U6GIpBdofEBajYTAq5k4BDAGQqmoiZrn5V1FBK"}],"group":"cf-nel","max_age":604800}', 'NEL': '{"success_fraction":0,"report_to":"cf-nel","max_age":604800}', 'Server': 'cloudflare', 'CF-RAY': '89e373b16f5e13bc-IAD', 'alt-svc': 'h3=":443"; ma=86400'} 
 body={"results":[{"gender":"female","name":{"title":"Mrs","first":"Lilja","last":"Palo"},"location":{"street":{"number":546,"name":"Fredrikinkatu"},"city":"Marttila","state":"Northern Ostrobothnia","country":"Finland","postcode":89457,"coordinates":{"latitude":"-24.8927","longitude":"75.9956"},"timezone":{"offset":"+9:30","description":"Adelaide, Darwin"}},"email":"lilja.palo@example.com","login":{"uuid":"7a8e0276-ec27-4fec-b920-b3839b0716e4","username":"beautifulpanda301","password":"better","salt":"XjE96UnL","md5":"a476787ac79a5f0fdccadc16cb70cd2f","sha1":"5e2497dcd2058b1d227839eb1c3d9fae24bf5b3e","sha256":"9e067009707644df36776da07a060b6c80c7ffbe0e9332ed6699bd7b63f8cc8c"},"dob":{"date":"1974-09-12T18:47:38.124Z","age":49},"registered":{"date":"2007-02-25T13:26:03.041Z","age":17},"phone":"07-040-382","cell":"042-963-42-63","id":{"name":"HETU","value":"NaNNA330undefined"},"picture":{"large":"https://randomuser.me/api/portraits/women/57.jpg","medium":"https://randomuser.me/api/portraits/med/women/57.jpg","thumbnail":"https://randomuser.me/api/portraits/thumb/women/57.jpg"},"nat":"FI"}],"info":{"seed":"75ea92ad5ba2d2fd","results":1,"page":1,"version":"1.4"}} 
 </msg>
<msg time="2024-07-05T01:06:21.120543" level="INFO">/opt/hostedtoolcache/Python/3.12.4/x64/lib/python3.12/site-packages/urllib3/connectionpool.py:1099: InsecureRequestWarning: Unverified HTTPS request is being made to host 'randomuser.me'. Adding certificate verification is strongly advised. See: https://urllib3.readthedocs.io/en/latest/advanced-usage.html#tls-warnings
  warnings.warn(</msg>
<msg time="2024-07-05T01:06:21.120654" level="INFO">${response} = &lt;Response [200]&gt;</msg>
<var>${response}</var>
<arg>consultarAPI</arg>
<arg>/api</arg>
<doc>Sends a GET request on a previously created HTTP Session.</doc>
<status status="PASS" start="2024-07-05T01:06:21.024177" elapsed="0.096507"/>
</kw>
<kw name="Set Variable" owner="BuiltIn">
<msg time="2024-07-05T01:06:21.121726" level="INFO">${json_data} = {'results': [{'gender': 'female', 'name': {'title': 'Mrs', 'first': 'Lilja', 'last': 'Palo'}, 'location': {'street': {'number': 546, 'name': 'Fredrikinkatu'}, 'city': 'Marttila', 'state': 'Northern Os...</msg>
<var>${json_data}</var>
<arg>${response.json()}</arg>
<doc>Returns the given values which can then be assigned to a variables.</doc>
<status status="PASS" start="2024-07-05T01:06:21.121214" elapsed="0.000541"/>
</kw>
<kw name="Set Variable" owner="BuiltIn">
<msg time="2024-07-05T01:06:21.122436" level="INFO">${name_title} = Mrs</msg>
<var>${name_title}</var>
<arg>${json_data["results"][0]["name"]["title"]}</arg>
<doc>Returns the given values which can then be assigned to a variables.</doc>
<status status="PASS" start="2024-07-05T01:06:21.122058" elapsed="0.000404"/>
</kw>
<kw name="Create List" owner="BuiltIn">
<msg time="2024-07-05T01:06:21.122904" level="INFO">${allowed_titles} = ['Mr', 'Ms', 'Miss', 'Mrs', 'Madame', 'Monsieur']</msg>
<var>${allowed_titles}</var>
<arg>Mr</arg>
<arg>Ms</arg>
<arg>Miss</arg>
<arg>Mrs</arg>
<arg>Madame</arg>
<arg>Monsieur</arg>
<doc>Returns a list containing given items.</doc>
<status status="PASS" start="2024-07-05T01:06:21.122757" elapsed="0.000171"/>
</kw>
<kw name="List Should Contain Value" owner="Collections">
<arg>${allowed_titles}</arg>
<arg>${name_title}</arg>
<doc>Fails if the ``value`` is not found from ``list``.</doc>
<status status="PASS" start="2024-07-05T01:06:21.123224" elapsed="0.000181"/>
</kw>
<kw name="Set Variable" owner="BuiltIn">
<msg time="2024-07-05T01:06:21.123952" level="INFO">${name_country} = FI</msg>
<var>${name_country}</var>
<arg>${json_data["results"][0]["nat"]}</arg>
<doc>Returns the given values which can then be assigned to a variables.</doc>
<status status="PASS" start="2024-07-05T01:06:21.123589" elapsed="0.000388"/>
</kw>
<kw name="Create List" owner="BuiltIn">
<msg time="2024-07-05T01:06:21.124903" level="INFO">${list_country} = ['AD', 'AE', 'AF', 'AG', 'AI', 'AL', 'AM', 'AO', 'AQ', 'AR', 'AS', 'AT', 'AU', 'AW', 'AX', 'AZ', 'BA', 'BB', 'BD', 'BE', 'BF', 'BG', 'BH', 'BI', 'BJ', 'BL', 'BM', 'BN', 'BO', 'BQ', 'BR', 'BS', 'BT', '...</msg>
<var>${list_country}</var>
<arg>AD</arg>
<arg>AE</arg>
<arg>AF</arg>
<arg>AG</arg>
<arg>AI</arg>
<arg>AL</arg>
<arg>AM</arg>
<arg>AO</arg>
<arg>AQ</arg>
<arg>AR</arg>
<arg>AS</arg>
<arg>AT</arg>
<arg>AU</arg>
<arg>AW</arg>
<arg>AX</arg>
<arg>AZ</arg>
<arg>BA</arg>
<arg>BB</arg>
<arg>BD</arg>
<arg>BE</arg>
<arg>BF</arg>
<arg>BG</arg>
<arg>BH</arg>
<arg>BI</arg>
<arg>BJ</arg>
<arg>BL</arg>
<arg>BM</arg>
<arg>BN</arg>
<arg>BO</arg>
<arg>BQ</arg>
<arg>BR</arg>
<arg>BS</arg>
<arg>BT</arg>
<arg>BV</arg>
<arg>BW</arg>
<arg>BY</arg>
<arg>BZ</arg>
<arg>CA</arg>
<arg>CC</arg>
<arg>CD</arg>
<arg>CF</arg>
<arg>CG</arg>
<arg>CH</arg>
<arg>CI</arg>
<arg>CK</arg>
<arg>CL</arg>
<arg>CM</arg>
<arg>CN</arg>
<arg>CO</arg>
<arg>CR</arg>
<arg>CU</arg>
<arg>CV</arg>
<arg>CW</arg>
<arg>CX</arg>
<arg>CY</arg>
<arg>CZ</arg>
<arg>DE</arg>
<arg>DJ</arg>
<arg>DK</arg>
<arg>DM</arg>
<arg>DO</arg>
<arg>DZ</arg>
<arg>EC</arg>
<arg>EE</arg>
<arg>EG</arg>
<arg>EH</arg>
<arg>ER</arg>
<arg>ES</arg>
<arg>ET</arg>
<arg>FI</arg>
<arg>FJ</arg>
<arg>FK</arg>
<arg>FM</arg>
<arg>FO</arg>
<arg>FR</arg>
<arg>GA</arg>
<arg>GB</arg>
<arg>GD</arg>
<arg>GE</arg>
<arg>GF</arg>
<arg>GG</arg>
<arg>GH</arg>
<arg>GI</arg>
<arg>GL</arg>
<arg>GM</arg>
<arg>GN</arg>
<arg>GP</arg>
<arg>GQ</arg>
<arg>GR</arg>
<arg>GS</arg>
<arg>GT</arg>
<arg>GU</arg>
<arg>GW</arg>
<arg>GY</arg>
<arg>HK</arg>
<arg>HM</arg>
<arg>HN</arg>
<arg>HR</arg>
<arg>HT</arg>
<arg>HU</arg>
<arg>ID</arg>
<arg>IE</arg>
<arg>IL</arg>
<arg>IM</arg>
<arg>IN</arg>
<arg>IO</arg>
<arg>IQ</arg>
<arg>IR</arg>
<arg>IS</arg>
<arg>IT</arg>
<arg>JE</arg>
<arg>JM</arg>
<arg>JO</arg>
<arg>JP</arg>
<arg>KE</arg>
<arg>KG</arg>
<arg>KH</arg>
<arg>KI</arg>
<arg>KM</arg>
<arg>KN</arg>
<arg>KP</arg>
<arg>KR</arg>
<arg>KW</arg>
<arg>KY</arg>
<arg>KZ</arg>
<arg>LA</arg>
<arg>LB</arg>
<arg>LC</arg>
<arg>LI</arg>
<arg>LK</arg>
<arg>LR</arg>
<arg>LS</arg>
<arg>LT</arg>
<arg>LU</arg>
<arg>LV</arg>
<arg>LY</arg>
<arg>MA</arg>
<arg>MC</arg>
<arg>MD</arg>
<arg>ME</arg>
<arg>MF</arg>
<arg>MG</arg>
<arg>MH</arg>
<arg>MK</arg>
<arg>ML</arg>
<arg>MM</arg>
<arg>MN</arg>
<arg>MO</arg>
<arg>MP</arg>
<arg>MQ</arg>
<arg>MR</arg>
<arg>MS</arg>
<arg>MT</arg>
<arg>MU</arg>
<arg>MV</arg>
<arg>MW</arg>
<arg>MX</arg>
<arg>MY</arg>
<arg>MZ</arg>
<arg>NA</arg>
<arg>NC</arg>
<arg>NE</arg>
<arg>NF</arg>
<arg>NG</arg>
<arg>NI</arg>
<arg>NL</arg>
<arg>NO</arg>
<arg>NP</arg>
<arg>NR</arg>
<arg>NU</arg>
<arg>NZ</arg>
<arg>OM</arg>
<arg>PA</arg>
<arg>PE</arg>
<arg>PF</arg>
<arg>PG</arg>
<arg>PH</arg>
<arg>PK</arg>
<arg>PL</arg>
<arg>PM</arg>
<arg>PN</arg>
<arg>PR</arg>
<arg>PS</arg>
<arg>PT</arg>
<arg>PW</arg>
<arg>PY</arg>
<arg>QA</arg>
<arg>RE</arg>
<arg>RO</arg>
<arg>RS</arg>
<arg>RU</arg>
<arg>RW</arg>
<arg>SA</arg>
<arg>SB</arg>
<arg>SC</arg>
<arg>SD</arg>
<arg>SE</arg>
<arg>SG</arg>
<arg>SH</arg>
<arg>SI</arg>
<arg>SJ</arg>
<arg>SK</arg>
<arg>SL</arg>
<arg>SM</arg>
<arg>SN</arg>
<arg>SO</arg>
<arg>SR</arg>
<arg>SS</arg>
<arg>ST</arg>
<arg>SV</arg>
<arg>SX</arg>
<arg>SY</arg>
<arg>SZ</arg>
<arg>TC</arg>
<arg>TD</arg>
<arg>TF</arg>
<arg>TG</arg>
<arg>TH</arg>
<arg>TJ</arg>
<arg>TK</arg>
<arg>TL</arg>
<arg>TM</arg>
<arg>TN</arg>
<arg>TO</arg>
<arg>TR</arg>
<arg>TT</arg>
<arg>TV</arg>
<arg>TW</arg>
<arg>TZ</arg>
<arg>UA</arg>
<arg>UG</arg>
<arg>UM</arg>
<arg>US</arg>
<arg>UY</arg>
<arg>UZ</arg>
<arg>VA</arg>
<arg>VC</arg>
<arg>VE</arg>
<arg>VG</arg>
<arg>VI</arg>
<arg>VN</arg>
<arg>VU</arg>
<arg>WF</arg>
<arg>WS</arg>
<arg>XK</arg>
<arg>YE</arg>
<arg>YT</arg>
<arg>ZA</arg>
<arg>ZM</arg>
<arg>ZW</arg>
<doc>Returns a list containing given items.</doc>
<status status="PASS" start="2024-07-05T01:06:21.124304" elapsed="0.000625"/>
</kw>
<kw name="List Should Contain Value" owner="Collections">
<arg>${list_country}</arg>
<arg>${name_country}</arg>
<doc>Fails if the ``value`` is not found from ``list``.</doc>
<status status="PASS" start="2024-07-05T01:06:21.125719" elapsed="0.000198"/>
</kw>
<kw name="Run Keyword If" owner="BuiltIn">
<kw name="Should Be True" owner="BuiltIn">
<arg>${True}</arg>
<doc>Fails if the given condition is not true.</doc>
<status status="PASS" start="2024-07-05T01:06:21.126851" elapsed="0.000139"/>
</kw>
<arg>${json_data["results"][0]["location"]["coordinates"]["latitude"]} &gt;= -90 and ${json_data["results"][0]["location"]["coordinates"]["latitude"]} &lt;= 90</arg>
<arg>Should Be True</arg>
<arg>${True}</arg>
<doc>Runs the given keyword with the given arguments, if ``condition`` is true.</doc>
<status status="PASS" start="2024-07-05T01:06:21.126110" elapsed="0.001004"/>
</kw>
<kw name="Run Keyword If" owner="BuiltIn">
<kw name="Should Be True" owner="BuiltIn">
<arg>${True}</arg>
<doc>Fails if the given condition is not true.</doc>
<status status="PASS" start="2024-07-05T01:06:21.127969" elapsed="0.000273"/>
</kw>
<arg>${json_data["results"][0]["location"]["coordinates"]["longitude"]} &gt;= -180 and ${json_data["results"][0]["location"]["coordinates"]["longitude"]} &lt;= 180</arg>
<arg>Should Be True</arg>
<arg>${True}</arg>
<doc>Runs the given keyword with the given arguments, if ``condition`` is true.</doc>
<status status="PASS" start="2024-07-05T01:06:21.127290" elapsed="0.001081"/>
</kw>
<status status="PASS" start="2024-07-05T01:06:21.023929" elapsed="0.104575"/>
</kw>
<doc>Testa o conteúdo específico dos campos retornados pela API.</doc>
<tag>testeConteudo</tag>
<status status="PASS" start="2024-07-05T01:06:21.023498" elapsed="0.105159"/>
</test>
<status status="PASS" start="2024-07-05T01:06:20.141276" elapsed="0.989318"/>
</suite>
<status status="PASS" start="2024-07-05T01:06:20.126933" elapsed="1.008697"/>
</suite>
<statistics>
<total>
<stat pass="5" fail="0" skip="0">All Tests</stat>
</total>
<tag>
<stat pass="1" fail="0" skip="0">testeConteudo</stat>
<stat pass="1" fail="0" skip="0">testeEstruturaResposta</stat>
<stat pass="1" fail="0" skip="0">testeRequisicaoBasica</stat>
<stat pass="1" fail="0" skip="0">testeTiposDados</stat>
</tag>
<suite>
<stat pass="5" fail="0" skip="0" id="s1" name="Tests">Tests</stat>
<stat pass="5" fail="0" skip="0" id="s1-s1" name="Random-User-Test">Tests.Random-User-Test</stat>
</suite>
</statistics>
<errors>
</errors>
</robot>
