<?xml version="1.0" encoding="UTF-8"?>
<robot generator="Robot 7.0 (Python 3.12.2 on linux)" generated="2024-04-12T22:11:21.865439" rpa="false" schemaversion="5">
<suite id="s1" name="Tests" source="/home/runner/work/DesafioQAItauRogerioJordao/DesafioQAItauRogerioJordao/RamdonUser/tests">
<suite id="s1-s1" name="Random-User-Test" source="/home/runner/work/DesafioQAItauRogerioJordao/DesafioQAItauRogerioJordao/RamdonUser/tests/random-user-test.robot">
<test id="s1-s1-t1" name="Conectar" line="13">
<kw name="Conectar API" owner="random-user-service">
<kw name="Create Session" owner="RequestsLibrary">
<msg time="2024-04-12T22:11:22.221793" level="INFO">Creating Session using : alias=consultarAPI, url=https://randomuser.me/, headers={},                     cookies={}, auth=None, timeout=None, proxies=None, verify=False,                     debug=0 </msg>
<arg>consultarAPI</arg>
<arg>${URL}</arg>
<doc>Create Session: create a HTTP session to a server</doc>
<status status="PASS" start="2024-04-12T22:11:22.221578" elapsed="0.000397"/>
</kw>
<status status="PASS" start="2024-04-12T22:11:22.220480" elapsed="0.001855"/>
</kw>
<status status="PASS" start="2024-04-12T22:11:22.219876" elapsed="0.002670"/>
</test>
<test id="s1-s1-t2" name="Validar retorno 200 e JSON Válido" line="16">
<kw name="Teste de Requisicao Basica" owner="random-user-service">
<kw name="GET On Session" owner="RequestsLibrary">
<msg time="2024-04-12T22:11:22.453121" level="INFO">GET Request : url=https://randomuser.me/api 
 path_url=/api 
 headers={'User-Agent': 'python-requests/2.31.0', 'Accept-Encoding': 'gzip, deflate', 'Accept': '*/*', 'Connection': 'keep-alive'} 
 body=None 
 </msg>
<msg time="2024-04-12T22:11:22.453291" level="INFO">GET Response : url=https://randomuser.me/api 
 status=200, reason=OK 
 headers={'Date': 'Fri, 12 Apr 2024 22:11:22 GMT', 'Content-Type': 'application/json; charset=utf-8', 'Transfer-Encoding': 'chunked', 'Connection': 'keep-alive', 'X-Powered-By': 'Express', 'Access-Control-Allow-Origin': '*', 'Cache-Control': 'no-cache', 'ETag': 'W/"47a-fiCeBUtlYtEuGi/HBxcTs2mo4Zo"', 'Vary': 'Accept-Encoding', 'Content-Encoding': 'gzip', 'CF-Cache-Status': 'DYNAMIC', 'Report-To': '{"endpoints":[{"url":"https:\\/\\/a.nel.cloudflare.com\\/report\\/v4?s=nCQsrIzQSeJx5Bf%2BKb2boqT%2BEA7thw7il8PhoZlE2qODJCRN3yjnokahvJfCGeasgw%2B2lXdxoHb2cwPmmqreD8Ah%2BOkwOtoBWibwqekK9%2F%2BA2XCO0orqFx0CLJZ8ibne"}],"group":"cf-nel","max_age":604800}', 'NEL': '{"success_fraction":0,"report_to":"cf-nel","max_age":604800}', 'Server': 'cloudflare', 'CF-RAY': '87368d412d9420c3-IAD', 'alt-svc': 'h3=":443"; ma=86400'} 
 body={"results":[{"gender":"female","name":{"title":"Mrs","first":"Lea","last":"Pedersen"},"location":{"street":{"number":6069,"name":"Nørrebro"},"city":"Stoevring","state":"Danmark","country":"Denmark","postcode":41944,"coordinates":{"latitude":"-44.9292","longitude":"127.4035"},"timezone":{"offset":"-11:00","description":"Midway Island, Samoa"}},"email":"lea.pedersen@example.com","login":{"uuid":"8b7199d2-55a6-459c-b8f7-ef688a9ca7ff","username":"lazytiger956","password":"wolfpac","salt":"vOAvMY0G","md5":"0fa12e928ed58737b2099fbf01189943","sha1":"b14c882d80d43a474ce4355fbbd22a151d90e43a","sha256":"fa89d3e1fe3dbad707db537a4ad8dd62a76977874439ecf744317a756cb6b8ad"},"dob":{"date":"1967-12-23T16:58:48.049Z","age":56},"registered":{"date":"2012-10-28T17:11:47.302Z","age":11},"phone":"66764996","cell":"41149609","id":{"name":"CPR","value":"231267-3026"},"picture":{"large":"https://randomuser.me/api/portraits/women/49.jpg","medium":"https://randomuser.me/api/portraits/med/women/49.jpg","thumbnail":"https://randomuser.me/api/portraits/thumb/women/49.jpg"},"nat":"DK"}],"info":{"seed":"eabfbfe71c3cdeae","results":1,"page":1,"version":"1.4"}} 
 </msg>
<msg time="2024-04-12T22:11:22.453407" level="INFO">/opt/hostedtoolcache/Python/3.12.2/x64/lib/python3.12/site-packages/urllib3/connectionpool.py:1103: InsecureRequestWarning: Unverified HTTPS request is being made to host 'randomuser.me'. Adding certificate verification is strongly advised. See: https://urllib3.readthedocs.io/en/latest/advanced-usage.html#tls-warnings
  warnings.warn(</msg>
<msg time="2024-04-12T22:11:22.453562" level="INFO">${response} = &lt;Response [200]&gt;</msg>
<var>${response}</var>
<arg>consultarAPI</arg>
<arg>/api</arg>
<doc>Sends a GET request on a previously created HTTP Session.</doc>
<status status="PASS" start="2024-04-12T22:11:22.225150" elapsed="0.228453"/>
</kw>
<kw name="Should Be Equal As Numbers" owner="BuiltIn">
<msg time="2024-04-12T22:11:22.454703" level="INFO">Argument types are:
&lt;class 'int'&gt;
&lt;class 'str'&gt;</msg>
<arg>${response.status_code}</arg>
<arg>200</arg>
<doc>Fails if objects are unequal after converting them to real numbers.</doc>
<status status="PASS" start="2024-04-12T22:11:22.454231" elapsed="0.000539"/>
</kw>
<kw name="Log" owner="BuiltIn">
<msg time="2024-04-12T22:11:22.455490" level="INFO">200</msg>
<arg>${response.status_code}</arg>
<doc>Logs the given message with the given level.</doc>
<status status="PASS" start="2024-04-12T22:11:22.455117" elapsed="0.000417"/>
</kw>
<kw name="Set Variable" owner="BuiltIn">
<msg time="2024-04-12T22:11:22.456326" level="INFO">${json_data} = {'results': [{'gender': 'female', 'name': {'title': 'Mrs', 'first': 'Lea', 'last': 'Pedersen'}, 'location': {'street': {'number': 6069, 'name': 'Nørrebro'}, 'city': 'Stoevring', 'state': 'Danmark', 'c...</msg>
<var>${json_data}</var>
<arg>${response.json()}</arg>
<doc>Returns the given values which can then be assigned to a variables.</doc>
<status status="PASS" start="2024-04-12T22:11:22.455877" elapsed="0.000477"/>
</kw>
<kw name="Dictionary Should Contain Key" owner="Collections">
<msg time="2024-04-12T22:11:22.456873" level="INFO">False</msg>
<arg>${json_data}</arg>
<arg>results</arg>
<doc>Fails if ``key`` is not found from ``dictionary``.</doc>
<status status="PASS" start="2024-04-12T22:11:22.456664" elapsed="0.000250"/>
</kw>
<status status="PASS" start="2024-04-12T22:11:22.224886" elapsed="0.232296"/>
</kw>
<doc>Testa se a API responde corretamente e retorna um objeto JSON válido.</doc>
<tag>testeRequisicaoBasica</tag>
<status status="PASS" start="2024-04-12T22:11:22.224368" elapsed="0.233004"/>
</test>
<test id="s1-s1-t3" name="Validar estrutura de resposta" line="22">
<kw name="Teste de Estrutura de Resposta" owner="random-user-service">
<kw name="GET On Session" owner="RequestsLibrary">
<msg time="2024-04-12T22:11:22.555175" level="INFO">GET Request : url=https://randomuser.me/api 
 path_url=/api 
 headers={'User-Agent': 'python-requests/2.31.0', 'Accept-Encoding': 'gzip, deflate', 'Accept': '*/*', 'Connection': 'keep-alive'} 
 body=None 
 </msg>
<msg time="2024-04-12T22:11:22.555288" level="INFO">GET Response : url=https://randomuser.me/api 
 status=200, reason=OK 
 headers={'Date': 'Fri, 12 Apr 2024 22:11:22 GMT', 'Content-Type': 'application/json; charset=utf-8', 'Transfer-Encoding': 'chunked', 'Connection': 'keep-alive', 'X-Powered-By': 'Express', 'Access-Control-Allow-Origin': '*', 'Cache-Control': 'no-cache', 'ETag': 'W/"4a3-4GQ6M0jmGCndVgU9IlO9g+hyg+k"', 'Vary': 'Accept-Encoding', 'Content-Encoding': 'gzip', 'CF-Cache-Status': 'DYNAMIC', 'Report-To': '{"endpoints":[{"url":"https:\\/\\/a.nel.cloudflare.com\\/report\\/v4?s=5CQGiPyNgTGaIzth3K3jH6TOF4BrUeQrONQeRGciqg5EvlXEN5UaSBUIqMpjYQQ0xeXN0C1Bd0wqh6Ve8S5wdm69raGLC4WvjZfwOYw%2Bwe2YuZ3pUjBm59lHc%2BlPmtgu"}],"group":"cf-nel","max_age":604800}', 'NEL': '{"success_fraction":0,"report_to":"cf-nel","max_age":604800}', 'Server': 'cloudflare', 'CF-RAY': '87368d416dfe20c3-IAD', 'alt-svc': 'h3=":443"; ma=86400'} 
 body={"results":[{"gender":"male","name":{"title":"Mr","first":"Morris","last":"Alvarez"},"location":{"street":{"number":2719,"name":"Oak Ridge Ln"},"city":"New Orleans","state":"Minnesota","country":"United States","postcode":73692,"coordinates":{"latitude":"85.7987","longitude":"-35.1186"},"timezone":{"offset":"+11:00","description":"Magadan, Solomon Islands, New Caledonia"}},"email":"morris.alvarez@example.com","login":{"uuid":"b0f4997b-e4e3-4170-a064-4f6ef1a06f31","username":"happyelephant367","password":"321321","salt":"3r4ogDcz","md5":"80f82666f65900906e4f10fe9c315021","sha1":"c699f2aec28630eda36b1f974268099bf4366954","sha256":"0cc5a82dca5ac0bbc3bf5b76ab0c44c24c980f40dea3b1ce57b4b70228aa6c97"},"dob":{"date":"1998-07-03T13:38:19.508Z","age":25},"registered":{"date":"2009-12-29T15:22:58.478Z","age":14},"phone":"(916) 249-2183","cell":"(899) 942-3394","id":{"name":"SSN","value":"699-32-7575"},"picture":{"large":"https://randomuser.me/api/portraits/men/92.jpg","medium":"https://randomuser.me/api/portraits/med/men/92.jpg","thumbnail":"https://randomuser.me/api/portraits/thumb/men/92.jpg"},"nat":"US"}],"info":{"seed":"7dbb8775bf2e2051","results":1,"page":1,"version":"1.4"}} 
 </msg>
<msg time="2024-04-12T22:11:22.555447" level="INFO">/opt/hostedtoolcache/Python/3.12.2/x64/lib/python3.12/site-packages/urllib3/connectionpool.py:1103: InsecureRequestWarning: Unverified HTTPS request is being made to host 'randomuser.me'. Adding certificate verification is strongly advised. See: https://urllib3.readthedocs.io/en/latest/advanced-usage.html#tls-warnings
  warnings.warn(</msg>
<msg time="2024-04-12T22:11:22.555599" level="INFO">${response} = &lt;Response [200]&gt;</msg>
<var>${response}</var>
<arg>consultarAPI</arg>
<arg>/api</arg>
<doc>Sends a GET request on a previously created HTTP Session.</doc>
<status status="PASS" start="2024-04-12T22:11:22.460276" elapsed="0.095364"/>
</kw>
<kw name="Set Variable" owner="BuiltIn">
<msg time="2024-04-12T22:11:22.556856" level="INFO">${json_data} = {'results': [{'gender': 'male', 'name': {'title': 'Mr', 'first': 'Morris', 'last': 'Alvarez'}, 'location': {'street': {'number': 2719, 'name': 'Oak Ridge Ln'}, 'city': 'New Orleans', 'state': 'Minneso...</msg>
<var>${json_data}</var>
<arg>${response.json()}</arg>
<doc>Returns the given values which can then be assigned to a variables.</doc>
<status status="PASS" start="2024-04-12T22:11:22.556245" elapsed="0.000641"/>
</kw>
<kw name="Log" owner="BuiltIn">
<msg time="2024-04-12T22:11:22.557407" level="INFO">{'results': [{'gender': 'male', 'name': {'title': 'Mr', 'first': 'Morris', 'last': 'Alvarez'}, 'location': {'street': {'number': 2719, 'name': 'Oak Ridge Ln'}, 'city': 'New Orleans', 'state': 'Minnesota', 'country': 'United States', 'postcode': 73692, 'coordinates': {'latitude': '85.7987', 'longitude': '-35.1186'}, 'timezone': {'offset': '+11:00', 'description': 'Magadan, Solomon Islands, New Caledonia'}}, 'email': 'morris.alvarez@example.com', 'login': {'uuid': 'b0f4997b-e4e3-4170-a064-4f6ef1a06f31', 'username': 'happyelephant367', 'password': '321321', 'salt': '3r4ogDcz', 'md5': '80f82666f65900906e4f10fe9c315021', 'sha1': 'c699f2aec28630eda36b1f974268099bf4366954', 'sha256': '0cc5a82dca5ac0bbc3bf5b76ab0c44c24c980f40dea3b1ce57b4b70228aa6c97'}, 'dob': {'date': '1998-07-03T13:38:19.508Z', 'age': 25}, 'registered': {'date': '2009-12-29T15:22:58.478Z', 'age': 14}, 'phone': '(916) 249-2183', 'cell': '(899) 942-3394', 'id': {'name': 'SSN', 'value': '699-32-7575'}, 'picture': {'large': 'https://randomuser.me/api/portraits/men/92.jpg', 'medium': 'https://randomuser.me/api/portraits/med/men/92.jpg', 'thumbnail': 'https://randomuser.me/api/portraits/thumb/men/92.jpg'}, 'nat': 'US'}], 'info': {'seed': '7dbb8775bf2e2051', 'results': 1, 'page': 1, 'version': '1.4'}}</msg>
<arg>${json_data}</arg>
<doc>Logs the given message with the given level.</doc>
<status status="PASS" start="2024-04-12T22:11:22.557237" elapsed="0.000220"/>
</kw>
<kw name="Dictionary Should Contain Key" owner="Collections">
<msg time="2024-04-12T22:11:22.557929" level="INFO">False</msg>
<arg>${json_data}</arg>
<arg>results</arg>
<doc>Fails if ``key`` is not found from ``dictionary``.</doc>
<status status="PASS" start="2024-04-12T22:11:22.557767" elapsed="0.000199"/>
</kw>
<kw name="Should Not Be Empty" owner="BuiltIn">
<msg time="2024-04-12T22:11:22.558403" level="INFO">Length is 2.</msg>
<arg>${json_data}</arg>
<doc>Verifies that the given item is not empty.</doc>
<status status="PASS" start="2024-04-12T22:11:22.558269" elapsed="0.000172"/>
</kw>
<kw name="Create List" owner="BuiltIn">
<msg time="2024-04-12T22:11:22.558891" level="INFO">${expected_keys} = ['gender', 'name', 'location', 'email', 'login']</msg>
<var>${expected_keys}</var>
<arg>gender</arg>
<arg>name</arg>
<arg>location</arg>
<arg>email</arg>
<arg>login</arg>
<doc>Returns a list containing given items.</doc>
<status status="PASS" start="2024-04-12T22:11:22.558740" elapsed="0.000175"/>
</kw>
<for flavor="IN">
<iter>
<kw name="Dictionary Should Contain Key" owner="Collections">
<msg time="2024-04-12T22:11:22.559908" level="INFO">False</msg>
<arg>${json_data['results'][0]}</arg>
<arg>${key}</arg>
<doc>Fails if ``key`` is not found from ``dictionary``.</doc>
<status status="PASS" start="2024-04-12T22:11:22.559501" elapsed="0.000446"/>
</kw>
<kw name="Log" owner="BuiltIn">
<msg time="2024-04-12T22:11:22.560624" level="INFO">{'gender': 'male', 'name': {'title': 'Mr', 'first': 'Morris', 'last': 'Alvarez'}, 'location': {'street': {'number': 2719, 'name': 'Oak Ridge Ln'}, 'city': 'New Orleans', 'state': 'Minnesota', 'country': 'United States', 'postcode': 73692, 'coordinates': {'latitude': '85.7987', 'longitude': '-35.1186'}, 'timezone': {'offset': '+11:00', 'description': 'Magadan, Solomon Islands, New Caledonia'}}, 'email': 'morris.alvarez@example.com', 'login': {'uuid': 'b0f4997b-e4e3-4170-a064-4f6ef1a06f31', 'username': 'happyelephant367', 'password': '321321', 'salt': '3r4ogDcz', 'md5': '80f82666f65900906e4f10fe9c315021', 'sha1': 'c699f2aec28630eda36b1f974268099bf4366954', 'sha256': '0cc5a82dca5ac0bbc3bf5b76ab0c44c24c980f40dea3b1ce57b4b70228aa6c97'}, 'dob': {'date': '1998-07-03T13:38:19.508Z', 'age': 25}, 'registered': {'date': '2009-12-29T15:22:58.478Z', 'age': 14}, 'phone': '(916) 249-2183', 'cell': '(899) 942-3394', 'id': {'name': 'SSN', 'value': '699-32-7575'}, 'picture': {'large': 'https://randomuser.me/api/portraits/men/92.jpg', 'medium': 'https://randomuser.me/api/portraits/med/men/92.jpg', 'thumbnail': 'https://randomuser.me/api/portraits/thumb/men/92.jpg'}, 'nat': 'US'}</msg>
<arg>${json_data['results'][0]}</arg>
<doc>Logs the given message with the given level.</doc>
<status status="PASS" start="2024-04-12T22:11:22.560257" elapsed="0.000422"/>
</kw>
<kw name="Log" owner="BuiltIn">
<msg time="2024-04-12T22:11:22.561149" level="INFO">gender</msg>
<arg>${key}</arg>
<doc>Logs the given message with the given level.</doc>
<status status="PASS" start="2024-04-12T22:11:22.561018" elapsed="0.000168"/>
</kw>
<var name="${key}">gender</var>
<status status="PASS" start="2024-04-12T22:11:22.559374" elapsed="0.002032"/>
</iter>
<iter>
<kw name="Dictionary Should Contain Key" owner="Collections">
<msg time="2024-04-12T22:11:22.562100" level="INFO">False</msg>
<arg>${json_data['results'][0]}</arg>
<arg>${key}</arg>
<doc>Fails if ``key`` is not found from ``dictionary``.</doc>
<status status="PASS" start="2024-04-12T22:11:22.561712" elapsed="0.000424"/>
</kw>
<kw name="Log" owner="BuiltIn">
<msg time="2024-04-12T22:11:22.562843" level="INFO">{'gender': 'male', 'name': {'title': 'Mr', 'first': 'Morris', 'last': 'Alvarez'}, 'location': {'street': {'number': 2719, 'name': 'Oak Ridge Ln'}, 'city': 'New Orleans', 'state': 'Minnesota', 'country': 'United States', 'postcode': 73692, 'coordinates': {'latitude': '85.7987', 'longitude': '-35.1186'}, 'timezone': {'offset': '+11:00', 'description': 'Magadan, Solomon Islands, New Caledonia'}}, 'email': 'morris.alvarez@example.com', 'login': {'uuid': 'b0f4997b-e4e3-4170-a064-4f6ef1a06f31', 'username': 'happyelephant367', 'password': '321321', 'salt': '3r4ogDcz', 'md5': '80f82666f65900906e4f10fe9c315021', 'sha1': 'c699f2aec28630eda36b1f974268099bf4366954', 'sha256': '0cc5a82dca5ac0bbc3bf5b76ab0c44c24c980f40dea3b1ce57b4b70228aa6c97'}, 'dob': {'date': '1998-07-03T13:38:19.508Z', 'age': 25}, 'registered': {'date': '2009-12-29T15:22:58.478Z', 'age': 14}, 'phone': '(916) 249-2183', 'cell': '(899) 942-3394', 'id': {'name': 'SSN', 'value': '699-32-7575'}, 'picture': {'large': 'https://randomuser.me/api/portraits/men/92.jpg', 'medium': 'https://randomuser.me/api/portraits/med/men/92.jpg', 'thumbnail': 'https://randomuser.me/api/portraits/thumb/men/92.jpg'}, 'nat': 'US'}</msg>
<arg>${json_data['results'][0]}</arg>
<doc>Logs the given message with the given level.</doc>
<status status="PASS" start="2024-04-12T22:11:22.562474" elapsed="0.000416"/>
</kw>
<kw name="Log" owner="BuiltIn">
<msg time="2024-04-12T22:11:22.563317" level="INFO">name</msg>
<arg>${key}</arg>
<doc>Logs the given message with the given level.</doc>
<status status="PASS" start="2024-04-12T22:11:22.563188" elapsed="0.000166"/>
</kw>
<var name="${key}">name</var>
<status status="PASS" start="2024-04-12T22:11:22.561596" elapsed="0.001975"/>
</iter>
<iter>
<kw name="Dictionary Should Contain Key" owner="Collections">
<msg time="2024-04-12T22:11:22.564235" level="INFO">False</msg>
<arg>${json_data['results'][0]}</arg>
<arg>${key}</arg>
<doc>Fails if ``key`` is not found from ``dictionary``.</doc>
<status status="PASS" start="2024-04-12T22:11:22.563862" elapsed="0.000411"/>
</kw>
<kw name="Log" owner="BuiltIn">
<msg time="2024-04-12T22:11:22.564966" level="INFO">{'gender': 'male', 'name': {'title': 'Mr', 'first': 'Morris', 'last': 'Alvarez'}, 'location': {'street': {'number': 2719, 'name': 'Oak Ridge Ln'}, 'city': 'New Orleans', 'state': 'Minnesota', 'country': 'United States', 'postcode': 73692, 'coordinates': {'latitude': '85.7987', 'longitude': '-35.1186'}, 'timezone': {'offset': '+11:00', 'description': 'Magadan, Solomon Islands, New Caledonia'}}, 'email': 'morris.alvarez@example.com', 'login': {'uuid': 'b0f4997b-e4e3-4170-a064-4f6ef1a06f31', 'username': 'happyelephant367', 'password': '321321', 'salt': '3r4ogDcz', 'md5': '80f82666f65900906e4f10fe9c315021', 'sha1': 'c699f2aec28630eda36b1f974268099bf4366954', 'sha256': '0cc5a82dca5ac0bbc3bf5b76ab0c44c24c980f40dea3b1ce57b4b70228aa6c97'}, 'dob': {'date': '1998-07-03T13:38:19.508Z', 'age': 25}, 'registered': {'date': '2009-12-29T15:22:58.478Z', 'age': 14}, 'phone': '(916) 249-2183', 'cell': '(899) 942-3394', 'id': {'name': 'SSN', 'value': '699-32-7575'}, 'picture': {'large': 'https://randomuser.me/api/portraits/men/92.jpg', 'medium': 'https://randomuser.me/api/portraits/med/men/92.jpg', 'thumbnail': 'https://randomuser.me/api/portraits/thumb/men/92.jpg'}, 'nat': 'US'}</msg>
<arg>${json_data['results'][0]}</arg>
<doc>Logs the given message with the given level.</doc>
<status status="PASS" start="2024-04-12T22:11:22.564572" elapsed="0.000447"/>
</kw>
<kw name="Log" owner="BuiltIn">
<msg time="2024-04-12T22:11:22.565442" level="INFO">location</msg>
<arg>${key}</arg>
<doc>Logs the given message with the given level.</doc>
<status status="PASS" start="2024-04-12T22:11:22.565317" elapsed="0.000163"/>
</kw>
<var name="${key}">location</var>
<status status="PASS" start="2024-04-12T22:11:22.563749" elapsed="0.001948"/>
</iter>
<iter>
<kw name="Dictionary Should Contain Key" owner="Collections">
<msg time="2024-04-12T22:11:22.566359" level="INFO">False</msg>
<arg>${json_data['results'][0]}</arg>
<arg>${key}</arg>
<doc>Fails if ``key`` is not found from ``dictionary``.</doc>
<status status="PASS" start="2024-04-12T22:11:22.565981" elapsed="0.000415"/>
</kw>
<kw name="Log" owner="BuiltIn">
<msg time="2024-04-12T22:11:22.567050" level="INFO">{'gender': 'male', 'name': {'title': 'Mr', 'first': 'Morris', 'last': 'Alvarez'}, 'location': {'street': {'number': 2719, 'name': 'Oak Ridge Ln'}, 'city': 'New Orleans', 'state': 'Minnesota', 'country': 'United States', 'postcode': 73692, 'coordinates': {'latitude': '85.7987', 'longitude': '-35.1186'}, 'timezone': {'offset': '+11:00', 'description': 'Magadan, Solomon Islands, New Caledonia'}}, 'email': 'morris.alvarez@example.com', 'login': {'uuid': 'b0f4997b-e4e3-4170-a064-4f6ef1a06f31', 'username': 'happyelephant367', 'password': '321321', 'salt': '3r4ogDcz', 'md5': '80f82666f65900906e4f10fe9c315021', 'sha1': 'c699f2aec28630eda36b1f974268099bf4366954', 'sha256': '0cc5a82dca5ac0bbc3bf5b76ab0c44c24c980f40dea3b1ce57b4b70228aa6c97'}, 'dob': {'date': '1998-07-03T13:38:19.508Z', 'age': 25}, 'registered': {'date': '2009-12-29T15:22:58.478Z', 'age': 14}, 'phone': '(916) 249-2183', 'cell': '(899) 942-3394', 'id': {'name': 'SSN', 'value': '699-32-7575'}, 'picture': {'large': 'https://randomuser.me/api/portraits/men/92.jpg', 'medium': 'https://randomuser.me/api/portraits/med/men/92.jpg', 'thumbnail': 'https://randomuser.me/api/portraits/thumb/men/92.jpg'}, 'nat': 'US'}</msg>
<arg>${json_data['results'][0]}</arg>
<doc>Logs the given message with the given level.</doc>
<status status="PASS" start="2024-04-12T22:11:22.566693" elapsed="0.000404"/>
</kw>
<kw name="Log" owner="BuiltIn">
<msg time="2024-04-12T22:11:22.567520" level="INFO">email</msg>
<arg>${key}</arg>
<doc>Logs the given message with the given level.</doc>
<status status="PASS" start="2024-04-12T22:11:22.567394" elapsed="0.000164"/>
</kw>
<var name="${key}">email</var>
<status status="PASS" start="2024-04-12T22:11:22.565870" elapsed="0.001904"/>
</iter>
<iter>
<kw name="Dictionary Should Contain Key" owner="Collections">
<msg time="2024-04-12T22:11:22.568427" level="INFO">False</msg>
<arg>${json_data['results'][0]}</arg>
<arg>${key}</arg>
<doc>Fails if ``key`` is not found from ``dictionary``.</doc>
<status status="PASS" start="2024-04-12T22:11:22.568056" elapsed="0.000408"/>
</kw>
<kw name="Log" owner="BuiltIn">
<msg time="2024-04-12T22:11:22.569163" level="INFO">{'gender': 'male', 'name': {'title': 'Mr', 'first': 'Morris', 'last': 'Alvarez'}, 'location': {'street': {'number': 2719, 'name': 'Oak Ridge Ln'}, 'city': 'New Orleans', 'state': 'Minnesota', 'country': 'United States', 'postcode': 73692, 'coordinates': {'latitude': '85.7987', 'longitude': '-35.1186'}, 'timezone': {'offset': '+11:00', 'description': 'Magadan, Solomon Islands, New Caledonia'}}, 'email': 'morris.alvarez@example.com', 'login': {'uuid': 'b0f4997b-e4e3-4170-a064-4f6ef1a06f31', 'username': 'happyelephant367', 'password': '321321', 'salt': '3r4ogDcz', 'md5': '80f82666f65900906e4f10fe9c315021', 'sha1': 'c699f2aec28630eda36b1f974268099bf4366954', 'sha256': '0cc5a82dca5ac0bbc3bf5b76ab0c44c24c980f40dea3b1ce57b4b70228aa6c97'}, 'dob': {'date': '1998-07-03T13:38:19.508Z', 'age': 25}, 'registered': {'date': '2009-12-29T15:22:58.478Z', 'age': 14}, 'phone': '(916) 249-2183', 'cell': '(899) 942-3394', 'id': {'name': 'SSN', 'value': '699-32-7575'}, 'picture': {'large': 'https://randomuser.me/api/portraits/men/92.jpg', 'medium': 'https://randomuser.me/api/portraits/med/men/92.jpg', 'thumbnail': 'https://randomuser.me/api/portraits/thumb/men/92.jpg'}, 'nat': 'US'}</msg>
<arg>${json_data['results'][0]}</arg>
<doc>Logs the given message with the given level.</doc>
<status status="PASS" start="2024-04-12T22:11:22.568779" elapsed="0.000430"/>
</kw>
<kw name="Log" owner="BuiltIn">
<msg time="2024-04-12T22:11:22.569633" level="INFO">login</msg>
<arg>${key}</arg>
<doc>Logs the given message with the given level.</doc>
<status status="PASS" start="2024-04-12T22:11:22.569507" elapsed="0.000195"/>
</kw>
<var name="${key}">login</var>
<status status="PASS" start="2024-04-12T22:11:22.567946" elapsed="0.001982"/>
</iter>
<var>${key}</var>
<value>@{expected_keys}</value>
<status status="PASS" start="2024-04-12T22:11:22.559183" elapsed="0.010866"/>
</for>
<kw name="Create List" owner="BuiltIn">
<msg time="2024-04-12T22:11:22.570385" level="INFO">${expected_keysTwo} = ['username', 'password']</msg>
<var>${expected_keysTwo}</var>
<arg>username</arg>
<arg>password</arg>
<doc>Returns a list containing given items.</doc>
<status status="PASS" start="2024-04-12T22:11:22.570248" elapsed="0.000160"/>
</kw>
<for flavor="IN">
<iter>
<kw name="Dictionary Should Contain Key" owner="Collections">
<msg time="2024-04-12T22:11:22.571562" level="INFO">False</msg>
<arg>${json_data['results'][0]['login']}</arg>
<arg>${keyTwo}</arg>
<doc>Fails if ``key`` is not found from ``dictionary``.</doc>
<status status="PASS" start="2024-04-12T22:11:22.571163" elapsed="0.000437"/>
</kw>
<kw name="Dictionary Should Contain Key" owner="Collections">
<msg time="2024-04-12T22:11:22.572313" level="INFO">False</msg>
<arg>${json_data['results'][0]['login']}</arg>
<arg>${keyTwo}</arg>
<doc>Fails if ``key`` is not found from ``dictionary``.</doc>
<status status="PASS" start="2024-04-12T22:11:22.571903" elapsed="0.000447"/>
</kw>
<kw name="Log" owner="BuiltIn">
<msg time="2024-04-12T22:11:22.572807" level="INFO">username</msg>
<arg>${keyTwo}</arg>
<doc>Logs the given message with the given level.</doc>
<status status="PASS" start="2024-04-12T22:11:22.572649" elapsed="0.000200"/>
</kw>
<var name="${keyTwo}">username</var>
<status status="PASS" start="2024-04-12T22:11:22.571043" elapsed="0.002026"/>
</iter>
<iter>
<kw name="Dictionary Should Contain Key" owner="Collections">
<msg time="2024-04-12T22:11:22.573725" level="INFO">False</msg>
<arg>${json_data['results'][0]['login']}</arg>
<arg>${keyTwo}</arg>
<doc>Fails if ``key`` is not found from ``dictionary``.</doc>
<status status="PASS" start="2024-04-12T22:11:22.573350" elapsed="0.000413"/>
</kw>
<kw name="Dictionary Should Contain Key" owner="Collections">
<msg time="2024-04-12T22:11:22.574430" level="INFO">False</msg>
<arg>${json_data['results'][0]['login']}</arg>
<arg>${keyTwo}</arg>
<doc>Fails if ``key`` is not found from ``dictionary``.</doc>
<status status="PASS" start="2024-04-12T22:11:22.574055" elapsed="0.000411"/>
</kw>
<kw name="Log" owner="BuiltIn">
<msg time="2024-04-12T22:11:22.574887" level="INFO">password</msg>
<arg>${keyTwo}</arg>
<doc>Logs the given message with the given level.</doc>
<status status="PASS" start="2024-04-12T22:11:22.574761" elapsed="0.000164"/>
</kw>
<var name="${keyTwo}">password</var>
<status status="PASS" start="2024-04-12T22:11:22.573242" elapsed="0.001904"/>
</iter>
<var>${keyTwo}</var>
<value>@{expected_keysTwo}</value>
<status status="PASS" start="2024-04-12T22:11:22.570718" elapsed="0.004550"/>
</for>
<status status="PASS" start="2024-04-12T22:11:22.460031" elapsed="0.115378"/>
</kw>
<doc>Testa a estrutura da resposta da API.</doc>
<tag>testeEstruturaResposta</tag>
<status status="PASS" start="2024-04-12T22:11:22.459235" elapsed="0.116341"/>
</test>
<test id="s1-s1-t4" name="Validar tipos de dados" line="28">
<kw name="Teste de Tipos de Dados" owner="random-user-service">
<kw name="GET On Session" owner="RequestsLibrary">
<msg time="2024-04-12T22:11:22.668459" level="INFO">GET Request : url=https://randomuser.me/api 
 path_url=/api 
 headers={'User-Agent': 'python-requests/2.31.0', 'Accept-Encoding': 'gzip, deflate', 'Accept': '*/*', 'Connection': 'keep-alive'} 
 body=None 
 </msg>
<msg time="2024-04-12T22:11:22.668544" level="INFO">GET Response : url=https://randomuser.me/api 
 status=200, reason=OK 
 headers={'Date': 'Fri, 12 Apr 2024 22:11:22 GMT', 'Content-Type': 'application/json; charset=utf-8', 'Transfer-Encoding': 'chunked', 'Connection': 'keep-alive', 'X-Powered-By': 'Express', 'Access-Control-Allow-Origin': '*', 'Cache-Control': 'no-cache', 'ETag': 'W/"495-wtll5S6zFvm9P8A3u74rjK1tgns"', 'Vary': 'Accept-Encoding', 'Content-Encoding': 'gzip', 'CF-Cache-Status': 'DYNAMIC', 'Report-To': '{"endpoints":[{"url":"https:\\/\\/a.nel.cloudflare.com\\/report\\/v4?s=TleFM313OT4MM%2BhBXYurxmbCVj8AoR9Z%2BPJv2XP%2B8Ymdtr2xiJqTtneJk8BuDID2cLaVISwGIUJDGRtqXNbZinDKNi24xTSVQODEoSWrYvdkkcLl4TGhhu9vvbW2yrC9"}],"group":"cf-nel","max_age":604800}', 'NEL': '{"success_fraction":0,"report_to":"cf-nel","max_age":604800}', 'Server': 'cloudflare', 'CF-RAY': '87368d422ede20c3-IAD', 'alt-svc': 'h3=":443"; ma=86400'} 
 body={"results":[{"gender":"female","name":{"title":"Ms","first":"Alexandra","last":"Smythe"},"location":{"street":{"number":8361,"name":"Herbert Road"},"city":"Monaghan","state":"Sligo","country":"Ireland","postcode":49168,"coordinates":{"latitude":"3.6334","longitude":"121.6681"},"timezone":{"offset":"+5:00","description":"Ekaterinburg, Islamabad, Karachi, Tashkent"}},"email":"alexandra.smythe@example.com","login":{"uuid":"0dfad4ac-68cb-4f95-b9ea-3eccfb8f2ddf","username":"reddog902","password":"trigger","salt":"GYT7LwQM","md5":"cdb7462cd9f98fbb46de18e321798068","sha1":"7c73698d864c755ea211613868db7c51da1d8333","sha256":"35cb93ee27ae25e56e5dabf4cbb709b9f10eaa6903f6435c2f5a4877a68a6d63"},"dob":{"date":"1989-02-20T11:04:21.902Z","age":35},"registered":{"date":"2017-11-10T19:25:50.495Z","age":6},"phone":"051-591-8896","cell":"081-545-6830","id":{"name":"PPS","value":"5198479T"},"picture":{"large":"https://randomuser.me/api/portraits/women/96.jpg","medium":"https://randomuser.me/api/portraits/med/women/96.jpg","thumbnail":"https://randomuser.me/api/portraits/thumb/women/96.jpg"},"nat":"IE"}],"info":{"seed":"cc72d05239f5548e","results":1,"page":1,"version":"1.4"}} 
 </msg>
<msg time="2024-04-12T22:11:22.668617" level="INFO">/opt/hostedtoolcache/Python/3.12.2/x64/lib/python3.12/site-packages/urllib3/connectionpool.py:1103: InsecureRequestWarning: Unverified HTTPS request is being made to host 'randomuser.me'. Adding certificate verification is strongly advised. See: https://urllib3.readthedocs.io/en/latest/advanced-usage.html#tls-warnings
  warnings.warn(</msg>
<msg time="2024-04-12T22:11:22.668735" level="INFO">${response} = &lt;Response [200]&gt;</msg>
<var>${response}</var>
<arg>consultarAPI</arg>
<arg>/api</arg>
<doc>Sends a GET request on a previously created HTTP Session.</doc>
<status status="PASS" start="2024-04-12T22:11:22.578192" elapsed="0.090624"/>
</kw>
<kw name="Set Variable" owner="BuiltIn">
<msg time="2024-04-12T22:11:22.669832" level="INFO">${json_data} = {'results': [{'gender': 'female', 'name': {'title': 'Ms', 'first': 'Alexandra', 'last': 'Smythe'}, 'location': {'street': {'number': 8361, 'name': 'Herbert Road'}, 'city': 'Monaghan', 'state': 'Sligo'...</msg>
<var>${json_data}</var>
<arg>${response.json()}</arg>
<doc>Returns the given values which can then be assigned to a variables.</doc>
<status status="PASS" start="2024-04-12T22:11:22.669281" elapsed="0.000578"/>
</kw>
<kw name="Log" owner="BuiltIn">
<msg time="2024-04-12T22:11:22.670333" level="INFO">{'results': [{'gender': 'female', 'name': {'title': 'Ms', 'first': 'Alexandra', 'last': 'Smythe'}, 'location': {'street': {'number': 8361, 'name': 'Herbert Road'}, 'city': 'Monaghan', 'state': 'Sligo', 'country': 'Ireland', 'postcode': 49168, 'coordinates': {'latitude': '3.6334', 'longitude': '121.6681'}, 'timezone': {'offset': '+5:00', 'description': 'Ekaterinburg, Islamabad, Karachi, Tashkent'}}, 'email': 'alexandra.smythe@example.com', 'login': {'uuid': '0dfad4ac-68cb-4f95-b9ea-3eccfb8f2ddf', 'username': 'reddog902', 'password': 'trigger', 'salt': 'GYT7LwQM', 'md5': 'cdb7462cd9f98fbb46de18e321798068', 'sha1': '7c73698d864c755ea211613868db7c51da1d8333', 'sha256': '35cb93ee27ae25e56e5dabf4cbb709b9f10eaa6903f6435c2f5a4877a68a6d63'}, 'dob': {'date': '1989-02-20T11:04:21.902Z', 'age': 35}, 'registered': {'date': '2017-11-10T19:25:50.495Z', 'age': 6}, 'phone': '051-591-8896', 'cell': '081-545-6830', 'id': {'name': 'PPS', 'value': '5198479T'}, 'picture': {'large': 'https://randomuser.me/api/portraits/women/96.jpg', 'medium': 'https://randomuser.me/api/portraits/med/women/96.jpg', 'thumbnail': 'https://randomuser.me/api/portraits/thumb/women/96.jpg'}, 'nat': 'IE'}], 'info': {'seed': 'cc72d05239f5548e', 'results': 1, 'page': 1, 'version': '1.4'}}</msg>
<arg>${json_data}</arg>
<doc>Logs the given message with the given level.</doc>
<status status="PASS" start="2024-04-12T22:11:22.670170" elapsed="0.000242"/>
</kw>
<kw name="Should Be String" owner="String">
<arg>${json_data['results'][0]['gender']}</arg>
<doc>Fails if the given ``item`` is not a string.</doc>
<status status="PASS" start="2024-04-12T22:11:22.670715" elapsed="0.000359"/>
</kw>
<kw name="Should Match Regexp" owner="BuiltIn">
<arg>${json_data['results'][0]['email']}</arg>
<arg>^[a-zA-Z0-9._%+-]+@[a-zA-Z0-9.-]+\.[a-zA-Z]{2,}$</arg>
<doc>Fails if ``string`` does not match ``pattern`` as a regular expression.</doc>
<status status="PASS" start="2024-04-12T22:11:22.671266" elapsed="0.000505"/>
</kw>
<kw name="Should Match Regexp" owner="BuiltIn">
<arg>${json_data['results'][0]['dob']['date']}</arg>
<arg>\\d{4}-\\d{2}-\\d{2}T\\d{2}:\\d{2}:\\d{2}\\.\\d{3}Z</arg>
<doc>Fails if ``string`` does not match ``pattern`` as a regular expression.</doc>
<status status="PASS" start="2024-04-12T22:11:22.671966" elapsed="0.000493"/>
</kw>
<kw name="Should Match Regexp" owner="BuiltIn">
<arg>${json_data['results'][0]['registered']['date']}</arg>
<arg>\\d{4}-\\d{2}-\\d{2}T\\d{2}:\\d{2}:\\d{2}\\.\\d{3}Z</arg>
<doc>Fails if ``string`` does not match ``pattern`` as a regular expression.</doc>
<status status="PASS" start="2024-04-12T22:11:22.672649" elapsed="0.000408"/>
</kw>
<kw name="Should Match Regexp" owner="BuiltIn">
<arg>${json_data['results'][0]['picture']['large']}</arg>
<arg>^https?://.*\.(?:png|jpe?g|gif|bmp)$</arg>
<doc>Fails if ``string`` does not match ``pattern`` as a regular expression.</doc>
<status status="PASS" start="2024-04-12T22:11:22.673247" elapsed="0.000452"/>
</kw>
<kw name="Should Match Regexp" owner="BuiltIn">
<arg>${json_data['results'][0]['picture']['medium']}</arg>
<arg>^https?://.*\.(?:png|jpe?g|gif|bmp)$</arg>
<doc>Fails if ``string`` does not match ``pattern`` as a regular expression.</doc>
<status status="PASS" start="2024-04-12T22:11:22.673885" elapsed="0.000362"/>
</kw>
<kw name="Should Match Regexp" owner="BuiltIn">
<arg>${json_data['results'][0]['picture']['thumbnail']}</arg>
<arg>^https?://.*\.(?:png|jpe?g|gif|bmp)$</arg>
<doc>Fails if ``string`` does not match ``pattern`` as a regular expression.</doc>
<status status="PASS" start="2024-04-12T22:11:22.674429" elapsed="0.000341"/>
</kw>
<kw name="Log" owner="BuiltIn">
<msg time="2024-04-12T22:11:22.675273" level="INFO">{'large': 'https://randomuser.me/api/portraits/women/96.jpg', 'medium': 'https://randomuser.me/api/portraits/med/women/96.jpg', 'thumbnail': 'https://randomuser.me/api/portraits/thumb/women/96.jpg'}</msg>
<arg>${json_data['results'][0]['picture']}</arg>
<doc>Logs the given message with the given level.</doc>
<status status="PASS" start="2024-04-12T22:11:22.674948" elapsed="0.000366"/>
</kw>
<status status="PASS" start="2024-04-12T22:11:22.577957" elapsed="0.097608"/>
</kw>
<kw name="Teste de Tipos de Dados - Postcode" owner="random-user-service">
<kw name="GET On Session" owner="RequestsLibrary">
<msg time="2024-04-12T22:11:22.759682" level="INFO">GET Request : url=https://randomuser.me/api 
 path_url=/api 
 headers={'User-Agent': 'python-requests/2.31.0', 'Accept-Encoding': 'gzip, deflate', 'Accept': '*/*', 'Connection': 'keep-alive'} 
 body=None 
 </msg>
<msg time="2024-04-12T22:11:22.759766" level="INFO">GET Response : url=https://randomuser.me/api 
 status=200, reason=OK 
 headers={'Date': 'Fri, 12 Apr 2024 22:11:22 GMT', 'Content-Type': 'application/json; charset=utf-8', 'Transfer-Encoding': 'chunked', 'Connection': 'keep-alive', 'X-Powered-By': 'Express', 'Access-Control-Allow-Origin': '*', 'Cache-Control': 'no-cache', 'ETag': 'W/"488-QVXTt1SEluOPN77y06EdTUmsEnM"', 'Vary': 'Accept-Encoding', 'Content-Encoding': 'gzip', 'CF-Cache-Status': 'DYNAMIC', 'Report-To': '{"endpoints":[{"url":"https:\\/\\/a.nel.cloudflare.com\\/report\\/v4?s=d4gz%2FNrQ%2Ffwn0gJHqvruvRZObwZCVEhAbXLohbSY3pB1av6DEu7u4iYDp6FIr0%2BH%2FyyMTtlQn%2FbyJGpKyaVo8aZbW1yiXltVKYwsobk43PjkAEuXI4FzmMEjjRW3mIDQ"}],"group":"cf-nel","max_age":604800}', 'NEL': '{"success_fraction":0,"report_to":"cf-nel","max_age":604800}', 'Server': 'cloudflare', 'CF-RAY': '87368d42bfd020c3-IAD', 'alt-svc': 'h3=":443"; ma=86400'} 
 body={"results":[{"gender":"female","name":{"title":"Mrs","first":"Isobel","last":"Bryant"},"location":{"street":{"number":1799,"name":"W Campbell Ave"},"city":"Naperville","state":"Maine","country":"United States","postcode":75800,"coordinates":{"latitude":"86.3311","longitude":"92.3408"},"timezone":{"offset":"-2:00","description":"Mid-Atlantic"}},"email":"isobel.bryant@example.com","login":{"uuid":"61762e95-b2f9-4e89-8b16-84cb76794320","username":"greenleopard345","password":"annie1","salt":"h0M5HLIU","md5":"5de1be51479ab837b780a8ec2aa2dd59","sha1":"22f96b5a659c50b515125bf95414d561fe35ce84","sha256":"822459cb6ba93bec4b818b98b265d38716f77f374cdb070a7bbbb2f376feb7e9"},"dob":{"date":"1990-05-28T12:56:25.682Z","age":33},"registered":{"date":"2016-12-07T05:48:04.716Z","age":7},"phone":"(545) 421-0070","cell":"(891) 740-4920","id":{"name":"SSN","value":"001-80-2858"},"picture":{"large":"https://randomuser.me/api/portraits/women/45.jpg","medium":"https://randomuser.me/api/portraits/med/women/45.jpg","thumbnail":"https://randomuser.me/api/portraits/thumb/women/45.jpg"},"nat":"US"}],"info":{"seed":"89c2ccf14f52ed72","results":1,"page":1,"version":"1.4"}} 
 </msg>
<msg time="2024-04-12T22:11:22.759853" level="INFO">/opt/hostedtoolcache/Python/3.12.2/x64/lib/python3.12/site-packages/urllib3/connectionpool.py:1103: InsecureRequestWarning: Unverified HTTPS request is being made to host 'randomuser.me'. Adding certificate verification is strongly advised. See: https://urllib3.readthedocs.io/en/latest/advanced-usage.html#tls-warnings
  warnings.warn(</msg>
<msg time="2024-04-12T22:11:22.759973" level="INFO">${response} = &lt;Response [200]&gt;</msg>
<var>${response}</var>
<arg>consultarAPI</arg>
<arg>/api</arg>
<doc>Sends a GET request on a previously created HTTP Session.</doc>
<status status="PASS" start="2024-04-12T22:11:22.676013" elapsed="0.084014"/>
</kw>
<kw name="Set Variable" owner="BuiltIn">
<msg time="2024-04-12T22:11:22.761207" level="INFO">${json_data} = {'results': [{'gender': 'female', 'name': {'title': 'Mrs', 'first': 'Isobel', 'last': 'Bryant'}, 'location': {'street': {'number': 1799, 'name': 'W Campbell Ave'}, 'city': 'Naperville', 'state': 'Main...</msg>
<var>${json_data}</var>
<arg>${response.json()}</arg>
<doc>Returns the given values which can then be assigned to a variables.</doc>
<status status="PASS" start="2024-04-12T22:11:22.760610" elapsed="0.000625"/>
</kw>
<kw name="Log" owner="BuiltIn">
<msg time="2024-04-12T22:11:22.761701" level="INFO">{'results': [{'gender': 'female', 'name': {'title': 'Mrs', 'first': 'Isobel', 'last': 'Bryant'}, 'location': {'street': {'number': 1799, 'name': 'W Campbell Ave'}, 'city': 'Naperville', 'state': 'Maine', 'country': 'United States', 'postcode': 75800, 'coordinates': {'latitude': '86.3311', 'longitude': '92.3408'}, 'timezone': {'offset': '-2:00', 'description': 'Mid-Atlantic'}}, 'email': 'isobel.bryant@example.com', 'login': {'uuid': '61762e95-b2f9-4e89-8b16-84cb76794320', 'username': 'greenleopard345', 'password': 'annie1', 'salt': 'h0M5HLIU', 'md5': '5de1be51479ab837b780a8ec2aa2dd59', 'sha1': '22f96b5a659c50b515125bf95414d561fe35ce84', 'sha256': '822459cb6ba93bec4b818b98b265d38716f77f374cdb070a7bbbb2f376feb7e9'}, 'dob': {'date': '1990-05-28T12:56:25.682Z', 'age': 33}, 'registered': {'date': '2016-12-07T05:48:04.716Z', 'age': 7}, 'phone': '(545) 421-0070', 'cell': '(891) 740-4920', 'id': {'name': 'SSN', 'value': '001-80-2858'}, 'picture': {'large': 'https://randomuser.me/api/portraits/women/45.jpg', 'medium': 'https://randomuser.me/api/portraits/med/women/45.jpg', 'thumbnail': 'https://randomuser.me/api/portraits/thumb/women/45.jpg'}, 'nat': 'US'}], 'info': {'seed': '89c2ccf14f52ed72', 'results': 1, 'page': 1, 'version': '1.4'}}</msg>
<arg>${json_data}</arg>
<doc>Logs the given message with the given level.</doc>
<status status="PASS" start="2024-04-12T22:11:22.761549" elapsed="0.000228"/>
</kw>
<kw name="Should Be Equal As Numbers" owner="BuiltIn">
<arg>${json_data['results'][0]['location']['postcode']}</arg>
<arg>${json_data['results'][0]['location']['postcode']}</arg>
<doc>Fails if objects are unequal after converting them to real numbers.</doc>
<status status="PASS" start="2024-04-12T22:11:22.762078" elapsed="0.000608"/>
</kw>
<kw name="Log" owner="BuiltIn">
<msg time="2024-04-12T22:11:22.763207" level="INFO">75800</msg>
<arg>${json_data['results'][0]['location']['postcode']}</arg>
<doc>Logs the given message with the given level.</doc>
<status status="PASS" start="2024-04-12T22:11:22.762877" elapsed="0.000369"/>
</kw>
<status status="PASS" start="2024-04-12T22:11:22.675784" elapsed="0.087713"/>
</kw>
<doc>Testa se os tipos de dados na resposta da API estão corretos.</doc>
<tag>testeTiposDados</tag>
<status status="PASS" start="2024-04-12T22:11:22.577390" elapsed="0.186267"/>
</test>
<test id="s1-s1-t5" name="Validar conteudo" line="35">
<kw name="Teste de Tipos de Conteudo" owner="random-user-service">
<kw name="GET On Session" owner="RequestsLibrary">
<msg time="2024-04-12T22:11:22.858565" level="INFO">GET Request : url=https://randomuser.me/api 
 path_url=/api 
 headers={'User-Agent': 'python-requests/2.31.0', 'Accept-Encoding': 'gzip, deflate', 'Accept': '*/*', 'Connection': 'keep-alive'} 
 body=None 
 </msg>
<msg time="2024-04-12T22:11:22.858644" level="INFO">GET Response : url=https://randomuser.me/api 
 status=200, reason=OK 
 headers={'Date': 'Fri, 12 Apr 2024 22:11:22 GMT', 'Content-Type': 'application/json; charset=utf-8', 'Transfer-Encoding': 'chunked', 'Connection': 'keep-alive', 'X-Powered-By': 'Express', 'Access-Control-Allow-Origin': '*', 'Cache-Control': 'no-cache', 'ETag': 'W/"47b-7L+2LCWl0/oVoXMfiNZ1a2Yfxw8"', 'Vary': 'Accept-Encoding', 'Content-Encoding': 'gzip', 'CF-Cache-Status': 'DYNAMIC', 'Report-To': '{"endpoints":[{"url":"https:\\/\\/a.nel.cloudflare.com\\/report\\/v4?s=MWwXeggqVpy6dzCjV2TfEkhLsR9VPPu85NFE4gl9W1gIboCA%2F7vKM2YqXEb6Q6OvK2hnEq6UxM0KZudhe8UmHguE%2BKf5yBkMrL8xocFWLxwihpkyqWTgj604MSE8TY2a"}],"group":"cf-nel","max_age":604800}', 'NEL': '{"success_fraction":0,"report_to":"cf-nel","max_age":604800}', 'Server': 'cloudflare', 'CF-RAY': '87368d43486c20c3-IAD', 'alt-svc': 'h3=":443"; ma=86400'} 
 body={"results":[{"gender":"female","name":{"title":"Ms","first":"Katherine","last":"Myers"},"location":{"street":{"number":9405,"name":"Preston Rd"},"city":"Burkburnett","state":"Iowa","country":"United States","postcode":58317,"coordinates":{"latitude":"85.2426","longitude":"152.9530"},"timezone":{"offset":"+4:30","description":"Kabul"}},"email":"katherine.myers@example.com","login":{"uuid":"8abafa14-8cef-4d64-9e8b-55a09756513f","username":"sadfrog436","password":"lolo","salt":"W672xtK3","md5":"ae85996b1b44b8808e5cf4d056c4b4a1","sha1":"7ba59804c1733b6d999539c8b677425f2bb47461","sha256":"c075503ccd5f336f061a805c19916b5ca666c38e0ab4923bf5a376c4cca8f0e4"},"dob":{"date":"1982-08-16T14:04:25.675Z","age":41},"registered":{"date":"2003-03-09T12:32:29.046Z","age":21},"phone":"(534) 401-9330","cell":"(282) 955-1170","id":{"name":"SSN","value":"593-15-6635"},"picture":{"large":"https://randomuser.me/api/portraits/women/55.jpg","medium":"https://randomuser.me/api/portraits/med/women/55.jpg","thumbnail":"https://randomuser.me/api/portraits/thumb/women/55.jpg"},"nat":"US"}],"info":{"seed":"09f08f901bfe3238","results":1,"page":1,"version":"1.4"}} 
 </msg>
<msg time="2024-04-12T22:11:22.858713" level="INFO">/opt/hostedtoolcache/Python/3.12.2/x64/lib/python3.12/site-packages/urllib3/connectionpool.py:1103: InsecureRequestWarning: Unverified HTTPS request is being made to host 'randomuser.me'. Adding certificate verification is strongly advised. See: https://urllib3.readthedocs.io/en/latest/advanced-usage.html#tls-warnings
  warnings.warn(</msg>
<msg time="2024-04-12T22:11:22.858848" level="INFO">${response} = &lt;Response [200]&gt;</msg>
<var>${response}</var>
<arg>consultarAPI</arg>
<arg>/api</arg>
<doc>Sends a GET request on a previously created HTTP Session.</doc>
<status status="PASS" start="2024-04-12T22:11:22.766167" elapsed="0.092727"/>
</kw>
<kw name="Set Variable" owner="BuiltIn">
<msg time="2024-04-12T22:11:22.859937" level="INFO">${json_data} = {'results': [{'gender': 'female', 'name': {'title': 'Ms', 'first': 'Katherine', 'last': 'Myers'}, 'location': {'street': {'number': 9405, 'name': 'Preston Rd'}, 'city': 'Burkburnett', 'state': 'Iowa',...</msg>
<var>${json_data}</var>
<arg>${response.json()}</arg>
<doc>Returns the given values which can then be assigned to a variables.</doc>
<status status="PASS" start="2024-04-12T22:11:22.859393" elapsed="0.000571"/>
</kw>
<kw name="Set Variable" owner="BuiltIn">
<msg time="2024-04-12T22:11:22.860647" level="INFO">${name_title} = Ms</msg>
<var>${name_title}</var>
<arg>${json_data["results"][0]["name"]["title"]}</arg>
<doc>Returns the given values which can then be assigned to a variables.</doc>
<status status="PASS" start="2024-04-12T22:11:22.860268" elapsed="0.000404"/>
</kw>
<kw name="Create List" owner="BuiltIn">
<msg time="2024-04-12T22:11:22.861160" level="INFO">${allowed_titles} = ['Mr', 'Ms', 'Miss', 'Mrs', 'Madame', 'Monsieur']</msg>
<var>${allowed_titles}</var>
<arg>Mr</arg>
<arg>Ms</arg>
<arg>Miss</arg>
<arg>Mrs</arg>
<arg>Madame</arg>
<arg>Monsieur</arg>
<doc>Returns a list containing given items.</doc>
<status status="PASS" start="2024-04-12T22:11:22.861010" elapsed="0.000174"/>
</kw>
<kw name="List Should Contain Value" owner="Collections">
<msg time="2024-04-12T22:11:22.861665" level="INFO">False</msg>
<arg>${allowed_titles}</arg>
<arg>${name_title}</arg>
<doc>Fails if the ``value`` is not found from ``list``.</doc>
<status status="PASS" start="2024-04-12T22:11:22.861497" elapsed="0.000205"/>
</kw>
<kw name="Set Variable" owner="BuiltIn">
<msg time="2024-04-12T22:11:22.862371" level="INFO">${name_country} = US</msg>
<var>${name_country}</var>
<arg>${json_data["results"][0]["nat"]}</arg>
<doc>Returns the given values which can then be assigned to a variables.</doc>
<status status="PASS" start="2024-04-12T22:11:22.861993" elapsed="0.000403"/>
</kw>
<kw name="Create List" owner="BuiltIn">
<msg time="2024-04-12T22:11:22.863301" level="INFO">${list_country} = ['AD', 'AE', 'AF', 'AG', 'AI', 'AL', 'AM', 'AO', 'AQ', 'AR', 'AS', 'AT', 'AU', 'AW', 'AX', 'AZ', 'BA', 'BB', 'BD', 'BE', 'BF', 'BG', 'BH', 'BI', 'BJ', 'BL', 'BM', 'BN', 'BO', 'BQ', 'BR', 'BS', 'BT', '...</msg>
<var>${list_country}</var>
<arg>AD</arg>
<arg>AE</arg>
<arg>AF</arg>
<arg>AG</arg>
<arg>AI</arg>
<arg>AL</arg>
<arg>AM</arg>
<arg>AO</arg>
<arg>AQ</arg>
<arg>AR</arg>
<arg>AS</arg>
<arg>AT</arg>
<arg>AU</arg>
<arg>AW</arg>
<arg>AX</arg>
<arg>AZ</arg>
<arg>BA</arg>
<arg>BB</arg>
<arg>BD</arg>
<arg>BE</arg>
<arg>BF</arg>
<arg>BG</arg>
<arg>BH</arg>
<arg>BI</arg>
<arg>BJ</arg>
<arg>BL</arg>
<arg>BM</arg>
<arg>BN</arg>
<arg>BO</arg>
<arg>BQ</arg>
<arg>BR</arg>
<arg>BS</arg>
<arg>BT</arg>
<arg>BV</arg>
<arg>BW</arg>
<arg>BY</arg>
<arg>BZ</arg>
<arg>CA</arg>
<arg>CC</arg>
<arg>CD</arg>
<arg>CF</arg>
<arg>CG</arg>
<arg>CH</arg>
<arg>CI</arg>
<arg>CK</arg>
<arg>CL</arg>
<arg>CM</arg>
<arg>CN</arg>
<arg>CO</arg>
<arg>CR</arg>
<arg>CU</arg>
<arg>CV</arg>
<arg>CW</arg>
<arg>CX</arg>
<arg>CY</arg>
<arg>CZ</arg>
<arg>DE</arg>
<arg>DJ</arg>
<arg>DK</arg>
<arg>DM</arg>
<arg>DO</arg>
<arg>DZ</arg>
<arg>EC</arg>
<arg>EE</arg>
<arg>EG</arg>
<arg>EH</arg>
<arg>ER</arg>
<arg>ES</arg>
<arg>ET</arg>
<arg>FI</arg>
<arg>FJ</arg>
<arg>FK</arg>
<arg>FM</arg>
<arg>FO</arg>
<arg>FR</arg>
<arg>GA</arg>
<arg>GB</arg>
<arg>GD</arg>
<arg>GE</arg>
<arg>GF</arg>
<arg>GG</arg>
<arg>GH</arg>
<arg>GI</arg>
<arg>GL</arg>
<arg>GM</arg>
<arg>GN</arg>
<arg>GP</arg>
<arg>GQ</arg>
<arg>GR</arg>
<arg>GS</arg>
<arg>GT</arg>
<arg>GU</arg>
<arg>GW</arg>
<arg>GY</arg>
<arg>HK</arg>
<arg>HM</arg>
<arg>HN</arg>
<arg>HR</arg>
<arg>HT</arg>
<arg>HU</arg>
<arg>ID</arg>
<arg>IE</arg>
<arg>IL</arg>
<arg>IM</arg>
<arg>IN</arg>
<arg>IO</arg>
<arg>IQ</arg>
<arg>IR</arg>
<arg>IS</arg>
<arg>IT</arg>
<arg>JE</arg>
<arg>JM</arg>
<arg>JO</arg>
<arg>JP</arg>
<arg>KE</arg>
<arg>KG</arg>
<arg>KH</arg>
<arg>KI</arg>
<arg>KM</arg>
<arg>KN</arg>
<arg>KP</arg>
<arg>KR</arg>
<arg>KW</arg>
<arg>KY</arg>
<arg>KZ</arg>
<arg>LA</arg>
<arg>LB</arg>
<arg>LC</arg>
<arg>LI</arg>
<arg>LK</arg>
<arg>LR</arg>
<arg>LS</arg>
<arg>LT</arg>
<arg>LU</arg>
<arg>LV</arg>
<arg>LY</arg>
<arg>MA</arg>
<arg>MC</arg>
<arg>MD</arg>
<arg>ME</arg>
<arg>MF</arg>
<arg>MG</arg>
<arg>MH</arg>
<arg>MK</arg>
<arg>ML</arg>
<arg>MM</arg>
<arg>MN</arg>
<arg>MO</arg>
<arg>MP</arg>
<arg>MQ</arg>
<arg>MR</arg>
<arg>MS</arg>
<arg>MT</arg>
<arg>MU</arg>
<arg>MV</arg>
<arg>MW</arg>
<arg>MX</arg>
<arg>MY</arg>
<arg>MZ</arg>
<arg>NA</arg>
<arg>NC</arg>
<arg>NE</arg>
<arg>NF</arg>
<arg>NG</arg>
<arg>NI</arg>
<arg>NL</arg>
<arg>NO</arg>
<arg>NP</arg>
<arg>NR</arg>
<arg>NU</arg>
<arg>NZ</arg>
<arg>OM</arg>
<arg>PA</arg>
<arg>PE</arg>
<arg>PF</arg>
<arg>PG</arg>
<arg>PH</arg>
<arg>PK</arg>
<arg>PL</arg>
<arg>PM</arg>
<arg>PN</arg>
<arg>PR</arg>
<arg>PS</arg>
<arg>PT</arg>
<arg>PW</arg>
<arg>PY</arg>
<arg>QA</arg>
<arg>RE</arg>
<arg>RO</arg>
<arg>RS</arg>
<arg>RU</arg>
<arg>RW</arg>
<arg>SA</arg>
<arg>SB</arg>
<arg>SC</arg>
<arg>SD</arg>
<arg>SE</arg>
<arg>SG</arg>
<arg>SH</arg>
<arg>SI</arg>
<arg>SJ</arg>
<arg>SK</arg>
<arg>SL</arg>
<arg>SM</arg>
<arg>SN</arg>
<arg>SO</arg>
<arg>SR</arg>
<arg>SS</arg>
<arg>ST</arg>
<arg>SV</arg>
<arg>SX</arg>
<arg>SY</arg>
<arg>SZ</arg>
<arg>TC</arg>
<arg>TD</arg>
<arg>TF</arg>
<arg>TG</arg>
<arg>TH</arg>
<arg>TJ</arg>
<arg>TK</arg>
<arg>TL</arg>
<arg>TM</arg>
<arg>TN</arg>
<arg>TO</arg>
<arg>TR</arg>
<arg>TT</arg>
<arg>TV</arg>
<arg>TW</arg>
<arg>TZ</arg>
<arg>UA</arg>
<arg>UG</arg>
<arg>UM</arg>
<arg>US</arg>
<arg>UY</arg>
<arg>UZ</arg>
<arg>VA</arg>
<arg>VC</arg>
<arg>VE</arg>
<arg>VG</arg>
<arg>VI</arg>
<arg>VN</arg>
<arg>VU</arg>
<arg>WF</arg>
<arg>WS</arg>
<arg>XK</arg>
<arg>YE</arg>
<arg>YT</arg>
<arg>ZA</arg>
<arg>ZM</arg>
<arg>ZW</arg>
<doc>Returns a list containing given items.</doc>
<status status="PASS" start="2024-04-12T22:11:22.862702" elapsed="0.000624"/>
</kw>
<kw name="List Should Contain Value" owner="Collections">
<msg time="2024-04-12T22:11:22.864321" level="INFO">False</msg>
<arg>${list_country}</arg>
<arg>${name_country}</arg>
<doc>Fails if the ``value`` is not found from ``list``.</doc>
<status status="PASS" start="2024-04-12T22:11:22.864117" elapsed="0.000239"/>
</kw>
<kw name="Run Keyword If" owner="BuiltIn">
<kw name="Should Be True" owner="BuiltIn">
<arg>${True}</arg>
<doc>Fails if the given condition is not true.</doc>
<status status="PASS" start="2024-04-12T22:11:22.865600" elapsed="0.000152"/>
</kw>
<arg>${json_data["results"][0]["location"]["coordinates"]["latitude"]} &gt;= -90 and ${json_data["results"][0]["location"]["coordinates"]["latitude"]} &lt;= 90</arg>
<arg>Should Be True</arg>
<arg>${True}</arg>
<doc>Runs the given keyword with the given arguments, if ``condition`` is true.</doc>
<status status="PASS" start="2024-04-12T22:11:22.864675" elapsed="0.001206"/>
</kw>
<kw name="Run Keyword If" owner="BuiltIn">
<kw name="Should Be True" owner="BuiltIn">
<arg>${True}</arg>
<doc>Fails if the given condition is not true.</doc>
<status status="PASS" start="2024-04-12T22:11:22.866769" elapsed="0.000136"/>
</kw>
<arg>${json_data["results"][0]["location"]["coordinates"]["longitude"]} &gt;= -180 and ${json_data["results"][0]["location"]["coordinates"]["longitude"]} &lt;= 180</arg>
<arg>Should Be True</arg>
<arg>${True}</arg>
<doc>Runs the given keyword with the given arguments, if ``condition`` is true.</doc>
<status status="PASS" start="2024-04-12T22:11:22.866067" elapsed="0.000962"/>
</kw>
<status status="PASS" start="2024-04-12T22:11:22.765944" elapsed="0.101213"/>
</kw>
<doc>Testa o conteúdo específico dos campos retornados pela API.</doc>
<tag>testeConteudo</tag>
<status status="PASS" start="2024-04-12T22:11:22.765428" elapsed="0.101873"/>
</test>
<status status="PASS" start="2024-04-12T22:11:21.918111" elapsed="0.951165"/>
</suite>
<status status="PASS" start="2024-04-12T22:11:21.904092" elapsed="0.970468"/>
</suite>
<statistics>
<total>
<stat pass="5" fail="0" skip="0">All Tests</stat>
</total>
<tag>
<stat pass="1" fail="0" skip="0">testeConteudo</stat>
<stat pass="1" fail="0" skip="0">testeEstruturaResposta</stat>
<stat pass="1" fail="0" skip="0">testeRequisicaoBasica</stat>
<stat pass="1" fail="0" skip="0">testeTiposDados</stat>
</tag>
<suite>
<stat pass="5" fail="0" skip="0" id="s1" name="Tests">Tests</stat>
<stat pass="5" fail="0" skip="0" id="s1-s1" name="Random-User-Test">Tests.Random-User-Test</stat>
</suite>
</statistics>
<errors>
</errors>
</robot>
